core   0: 0x00001000 (0x00000297) auipc   t0, 0x0
core   0: 3 0x00001000 (0x00000297) x 5 0x00001000
core   0: 0x00001004 (0x02028593) addi    a1, t0, 32
core   0: 3 0x00001004 (0x02028593) x11 0x00001020
core   0: 0x00001008 (0xf1402573) csrr    a0, mhartid
core   0: 3 0x00001008 (0xf1402573) x10 0x00000000
core   0: 0x0000100c (0x0182a283) lw      t0, 24(t0)
core   0: 3 0x0000100c (0x0182a283) x 5 0x80000000 mem 0x00001018
core   0: 0x00001010 (0x00028067) jr      t0
core   0: 3 0x00001010 (0x00028067)
core   0: 0x80000000 (0xf14022f3) csrr    t0, mhartid
core   0: 3 0x80000000 (0xf14022f3) x 5 0x00000000
core   0: 0x80000004 (0x00004301) c.li    t1, 0
core   0: 3 0x80000004 (0x4301) x 6 0x00000000
core   0: 0x80000006 (0x00628263) beq     t0, t1, pc + 4
core   0: 3 0x80000006 (0x00628263)
core   0: 0x8000000a (0x00000a17) auipc   s4, 0x0
core   0: 3 0x8000000a (0x00000a17) x20 0x8000000a
core   0: 0x8000000e (0x00ca0a13) addi    s4, s4, 12
core   0: 3 0x8000000e (0x00ca0a13) x20 0x80000016
core   0: 0x80000012 (0x000a0067) jr      s4
core   0: 3 0x80000012 (0x000a0067)
core   0: 0x80000016 (0x40001c37) lui     s8, 0x40001
core   0: 3 0x80000016 (0x40001c37) x24 0x40001000
core   0: 0x8000001a (0x104c0c13) addi    s8, s8, 260
core   0: 3 0x8000001a (0x104c0c13) x24 0x40001104
core   0: 0x8000001e (0x301c1073) csrw    misa, s8
core   0: 3 0x8000001e (0x301c1073) c769_misa 0x40141104
core   0: 0x80000022 (0x0002a497) auipc   s1, 0x2a
core   0: 3 0x80000022 (0x0002a497) x 9 0x8002a022
core   0: 0x80000026 (0xcc248493) addi    s1, s1, -830
core   0: 3 0x80000026 (0xcc248493) x 9 0x80029ce4
core   0: 0x8000002a (0x0000fc17) auipc   s8, 0xf
core   0: 3 0x8000002a (0x0000fc17) x24 0x8000f02a
core   0: 0x8000002e (0x526c0c13) addi    s8, s8, 1318
core   0: 3 0x8000002e (0x526c0c13) x24 0x8000f550
core   0: 0x80000032 (0x001c6c13) ori     s8, s8, 1
core   0: 3 0x80000032 (0x001c6c13) x24 0x8000f551
core   0: 0x80000036 (0x305c1073) csrw    mtvec, s8
core   0: 3 0x80000036 (0x305c1073) c773_mtvec 0x8000f551
core   0: 0x8000003a (0x00000c17) auipc   s8, 0x0
core   0: 3 0x8000003a (0x00000c17) x24 0x8000003a
core   0: 0x8000003e (0x024c0c13) addi    s8, s8, 36
core   0: 3 0x8000003e (0x024c0c13) x24 0x8000005e
core   0: 0x80000042 (0x341c1073) csrw    mepc, s8
core   0: 3 0x80000042 (0x341c1073) c833_mepc 0x8000005e
core   0: 0x80000046 (0x00000001) c.nop
core   0: 3 0x80000046 (0x0001)
core   0: 0x80000048 (0x00002c37) lui     s8, 0x2
core   0: 3 0x80000048 (0x00002c37) x24 0x00002000
core   0: 0x8000004c (0x800c0c13) addi    s8, s8, -2048
core   0: 3 0x8000004c (0x800c0c13) x24 0x00001800
core   0: 0x80000050 (0x300c1073) csrw    mstatus, s8
core   0: 3 0x80000050 (0x300c1073) c768_mstatus 0x00001800
core   0: 0x80000054 (0x00004c01) c.li    s8, 0
core   0: 3 0x80000054 (0x4c01) x24 0x00000000
core   0: 0x80000056 (0x304c1073) csrw    mie, s8
core   0: 3 0x80000056 (0x304c1073) c772_mie 0x00000000
core   0: 0x8000005a (0x30200073) mret
core   0: 3 0x8000005a (0x30200073) c768_mstatus 0x00000080
core   0: >>>>  init
core   0: 0x8000005e (0x00500013) li      zero, 5
core   0: 3 0x8000005e (0x00500013)
core   0: 0x80000062 (0x000040a1) c.li    ra, 8
core   0: 3 0x80000062 (0x40a1) x 1 0x00000008
core   0: 0x80000064 (0x80000137) lui     sp, 0x80000
core   0: 3 0x80000064 (0x80000137) x 2 0x80000000
core   0: 0x80000068 (0x000041b5) c.li    gp, 13
core   0: 3 0x80000068 (0x41b5) x 3 0x0000000d
core   0: 0x8000006a (0x80000237) lui     tp, 0x80000
core   0: 3 0x8000006a (0x80000237) x 4 0x80000000
core   0: 0x8000006e (0xfdc732b7) lui     t0, 0xfdc73
core   0: 3 0x8000006e (0xfdc732b7) x 5 0xfdc73000
core   0: 0x80000072 (0xd1b28293) addi    t0, t0, -741
core   0: 3 0x80000072 (0xd1b28293) x 5 0xfdc72d1b
core   0: 0x80000076 (0x00004315) c.li    t1, 5
core   0: 3 0x80000076 (0x4315) x 6 0x00000005
core   0: 0x80000078 (0xfa3e23b7) lui     t2, 0xfa3e2
core   0: 3 0x80000078 (0xfa3e23b7) x 7 0xfa3e2000
core   0: 0x8000007c (0xf7438393) addi    t2, t2, -140
core   0: 3 0x8000007c (0xf7438393) x 7 0xfa3e1f74
core   0: 0x80000080 (0x00004401) c.li    s0, 0
core   0: 3 0x80000080 (0x4401) x 8 0x00000000
core   0: 0x80000082 (0xfc15d537) lui     a0, 0xfc15d
core   0: 3 0x80000082 (0xfc15d537) x10 0xfc15d000
core   0: 0x80000086 (0x3f850513) addi    a0, a0, 1016
core   0: 3 0x80000086 (0x3f850513) x10 0xfc15d3f8
core   0: 0x8000008a (0x7377b5b7) lui     a1, 0x7377b
core   0: 3 0x8000008a (0x7377b5b7) x11 0x7377b000
core   0: 0x8000008e (0x1f658593) addi    a1, a1, 502
core   0: 3 0x8000008e (0x1f658593) x11 0x7377b1f6
core   0: 0x80000092 (0x00004601) c.li    a2, 0
core   0: 3 0x80000092 (0x4601) x12 0x00000000
core   0: 0x80000094 (0x000046a5) c.li    a3, 9
core   0: 3 0x80000094 (0x46a5) x13 0x00000009
core   0: 0x80000096 (0x00004729) c.li    a4, 10
core   0: 3 0x80000096 (0x4729) x14 0x0000000a
core   0: 0x80000098 (0x00004781) c.li    a5, 0
core   0: 3 0x80000098 (0x4781) x15 0x00000000
core   0: 0x8000009a (0x00004881) c.li    a7, 0
core   0: 3 0x8000009a (0x4881) x17 0x00000000
core   0: 0x8000009c (0xfa328937) lui     s2, 0xfa328
core   0: 3 0x8000009c (0xfa328937) x18 0xfa328000
core   0: 0x800000a0 (0x8f490913) addi    s2, s2, -1804
core   0: 3 0x800000a0 (0x8f490913) x18 0xfa3278f4
core   0: 0x800000a4 (0xfa49d9b7) lui     s3, 0xfa49d
core   0: 3 0x800000a4 (0xfa49d9b7) x19 0xfa49d000
core   0: 0x800000a8 (0xf9498993) addi    s3, s3, -108
core   0: 3 0x800000a8 (0xf9498993) x19 0xfa49cf94
core   0: 0x800000ac (0x80000a37) lui     s4, 0x80000
core   0: 3 0x800000ac (0x80000a37) x20 0x80000000
core   0: 0x800000b0 (0x00004a89) c.li    s5, 2
core   0: 3 0x800000b0 (0x4a89) x21 0x00000002
core   0: 0x800000b2 (0xf15d6b37) lui     s6, 0xf15d6
core   0: 3 0x800000b2 (0xf15d6b37) x22 0xf15d6000
core   0: 0x800000b6 (0xee2b0b13) addi    s6, s6, -286
core   0: 3 0x800000b6 (0xee2b0b13) x22 0xf15d5ee2
core   0: 0x800000ba (0x00004bad) c.li    s7, 11
core   0: 3 0x800000ba (0x4bad) x23 0x0000000b
core   0: 0x800000bc (0x80000c37) lui     s8, 0x80000
core   0: 3 0x800000bc (0x80000c37) x24 0x80000000
core   0: 0x800000c0 (0x00004c81) c.li    s9, 0
core   0: 3 0x800000c0 (0x4c81) x25 0x00000000
core   0: 0x800000c2 (0xe5723d37) lui     s10, 0xe5723
core   0: 3 0x800000c2 (0xe5723d37) x26 0xe5723000
core   0: 0x800000c6 (0x2dad0d13) addi    s10, s10, 730
core   0: 3 0x800000c6 (0x2dad0d13) x26 0xe57232da
core   0: 0x800000ca (0x0c9f6db7) lui     s11, 0xc9f6
core   0: 3 0x800000ca (0x0c9f6db7) x27 0x0c9f6000
core   0: 0x800000ce (0x129d8d93) addi    s11, s11, 297
core   0: 3 0x800000ce (0x129d8d93) x27 0x0c9f6129
core   0: 0x800000d2 (0xfd9ede37) lui     t3, 0xfd9ed
core   0: 3 0x800000d2 (0xfd9ede37) x28 0xfd9ed000
core   0: 0x800000d6 (0xe5be0e13) addi    t3, t3, -421
core   0: 3 0x800000d6 (0xe5be0e13) x28 0xfd9ece5b
core   0: 0x800000da (0x00004e95) c.li    t4, 5
core   0: 3 0x800000da (0x4e95) x29 0x00000005
core   0: 0x800000dc (0xff6d7f37) lui     t5, 0xff6d7
core   0: 3 0x800000dc (0xff6d7f37) x30 0xff6d7000
core   0: 0x800000e0 (0xe5ef0f13) addi    t5, t5, -418
core   0: 3 0x800000e0 (0xe5ef0f13) x30 0xff6d6e5e
core   0: 0x800000e4 (0x80000fb7) lui     t6, 0x80000
core   0: 3 0x800000e4 (0x80000fb7) x31 0x80000000
core   0: 0x800000e8 (0x00026817) auipc   a6, 0x26
core   0: 3 0x800000e8 (0x00026817) x16 0x800260e8
core   0: 0x800000ec (0xd7c80813) addi    a6, a6, -644
core   0: 3 0x800000ec (0xd7c80813) x16 0x80025e64
core   0: 0x800000f0 (0x00011397) auipc   t2, 0x11
core   0: 3 0x800000f0 (0x00011397) x 7 0x800110f0
core   0: 0x800000f4 (0xe9438393) addi    t2, t2, -364
core   0: 3 0x800000f4 (0xe9438393) x 7 0x80010f84
core   0: 0x800000f8 (0x00010597) auipc   a1, 0x10
core   0: 3 0x800000f8 (0x00010597) x11 0x800100f8
core   0: 0x800000fc (0x6dc58593) addi    a1, a1, 1756
core   0: 3 0x800000fc (0x6dc58593) x11 0x800107d4
core   0: 0x80000100 (0x00010997) auipc   s3, 0x10
core   0: 3 0x80000100 (0x00010997) x19 0x80010100
core   0: 0x80000104 (0x7ae98993) addi    s3, s3, 1966
core   0: 3 0x80000104 (0x7ae98993) x19 0x800108ae
core   0: 0x80000108 (0x00010e17) auipc   t3, 0x10
core   0: 3 0x80000108 (0x00010e17) x28 0x80010108
core   0: 0x8000010c (0x77ee0e13) addi    t3, t3, 1918
core   0: 3 0x8000010c (0x77ee0e13) x28 0x80010886
core   0: 0x80000110 (0x00010e97) auipc   t4, 0x10
core   0: 3 0x80000110 (0x00010e97) x29 0x80010110
core   0: 0x80000114 (0x4c0e8e93) addi    t4, t4, 1216
core   0: 3 0x80000114 (0x4c0e8e93) x29 0x800105d0
core   0: 0x80000118 (0xf2a59b23) sh      a0, -202(a1)
core   0: 3 0x80000118 (0xf2a59b23) mem 0x8001070a 0xd3f8
core   0: 0x8000011c (0x00a39883) lh      a7, 10(t2)
core   0: 3 0x8000011c (0x00a39883) x17 0x00004e16 mem 0x80010f8e
core   0: 0x80000120 (0x0079c283) lbu     t0, 7(s3)
core   0: 3 0x80000120 (0x0079c283) x 5 0x0000000a mem 0x800108b5
core   0: 0x80000124 (0x015e1223) sh      s5, 4(t3)
core   0: 3 0x80000124 (0x015e1223) mem 0x8001088a 0x0002
core   0: 0x80000128 (0xc8459183) lh      gp, -892(a1)
core   0: 3 0x80000128 (0xc8459183) x 3 0xffffd095 mem 0x80010458
core   0: 0x8000012c (0x00f9c683) lbu     a3, 15(s3)
core   0: 3 0x8000012c (0x00f9c683) x13 0x000000c1 mem 0x800108bd
core   0: 0x80000130 (0xfc5381a3) sb      t0, -61(t2)
core   0: 3 0x80000130 (0xfc5381a3) mem 0x80010f47 0xa
core   0: 0x80000134 (0xfd3ec183) lbu     gp, -45(t4)
core   0: 3 0x80000134 (0xfd3ec183) x 3 0x00000066 mem 0x800105a3
core   0: 0x80000138 (0xfef3c403) lbu     s0, -17(t2)
core   0: 3 0x80000138 (0xfef3c403) x 8 0x0000004f mem 0x80010f73
core   0: 0x8000013c (0xff93a423) sw      s9, -24(t2)
core   0: 3 0x8000013c (0xff93a423) mem 0x80010f6c 0x00000000
core   0: 0x80000140 (0x4c55a823) sw      t0, 1232(a1)
core   0: 3 0x80000140 (0x4c55a823) mem 0x80010ca4 0x0000000a
core   0: 0x80000144 (0x01f99323) sh      t6, 6(s3)
core   0: 3 0x80000144 (0x01f99323) mem 0x800108b4 0x0000
core   0: 0x80000148 (0xfed98da3) sb      a3, -5(s3)
core   0: 3 0x80000148 (0xfed98da3) mem 0x800108a9 0xc1
core   0: 0x8000014c (0x22b5ca83) lbu     s5, 555(a1)
core   0: 3 0x8000014c (0x22b5ca83) x21 0x000000cc mem 0x800109ff
core   0: 0x80000150 (0x021e83a3) sb      ra, 39(t4)
core   0: 3 0x80000150 (0x021e83a3) mem 0x800105f7 0x8
core   0: 0x80000154 (0x00b98d83) lb      s11, 11(s3)
core   0: 3 0x80000154 (0x00b98d83) x27 0x0000004a mem 0x800108b9
core   0: 0x80000158 (0x004e02a3) sb      tp, 5(t3)
core   0: 3 0x80000158 (0x004e02a3) mem 0x8001088b 0x0
core   0: 0x8000015c (0x013e8603) lb      a2, 19(t4)
core   0: 3 0x8000015c (0x013e8603) x12 0x00000041 mem 0x800105e3
core   0: 0x80000160 (0x03038603) lb      a2, 48(t2)
core   0: 3 0x80000160 (0x03038603) x12 0x00000050 mem 0x80010fb4
core   0: 0x80000164 (0x001e4d83) lbu     s11, 1(t3)
core   0: 3 0x80000164 (0x001e4d83) x27 0x000000e5 mem 0x80010887
core   0: 0x80000168 (0x014e05a3) sb      s4, 11(t3)
core   0: 3 0x80000168 (0x014e05a3) mem 0x80010891 0x0
core   0: 0x8000016c (0x5c258403) lb      s0, 1474(a1)
core   0: 3 0x8000016c (0x5c258403) x 8 0x00000072 mem 0x80010d96
core   0: 0x80000170 (0xff89c783) lbu     a5, -8(s3)
core   0: 3 0x80000170 (0xff89c783) x15 0x0000000d mem 0x800108a6
core   0: 0x80000174 (0x00fe0c03) lb      s8, 15(t3)
core   0: 3 0x80000174 (0x00fe0c03) x24 0xffffffd7 mem 0x80010895
core   0: 0x80000178 (0x44558ba3) sb      t0, 1111(a1)
core   0: 3 0x80000178 (0x44558ba3) mem 0x80010c2b 0xa
core   0: 0x8000017c (0xfd9e8323) sb      s9, -58(t4)
core   0: 3 0x8000017c (0xfd9e8323) mem 0x80010596 0x0
core   0: 0x80000180 (0xfe4386a3) sb      tp, -19(t2)
core   0: 3 0x80000180 (0xfe4386a3) mem 0x80010f71 0x0
core   0: 0x80000184 (0x78259603) lh      a2, 1922(a1)
core   0: 3 0x80000184 (0x78259603) x12 0x00006743 mem 0x80010f56
core   0: 0x80000188 (0xff5e8b03) lb      s6, -11(t4)
core   0: 3 0x80000188 (0xff5e8b03) x22 0xffffffc8 mem 0x800105c5
core   0: 0x8000018c (0x015385a3) sb      s5, 11(t2)
core   0: 3 0x8000018c (0x015385a3) mem 0x80010f8f 0xcc
core   0: 0x80000190 (0xfdf380a3) sb      t6, -63(t2)
core   0: 3 0x80000190 (0xfdf380a3) mem 0x80010f45 0x0
core   0: 0x80000194 (0x0109c783) lbu     a5, 16(s3)
core   0: 3 0x80000194 (0x0109c783) x15 0x0000003e mem 0x800108be
core   0: 0x80000198 (0xfe1e2d23) sw      ra, -6(t3)
core   0: 3 0x80000198 (0xfe1e2d23) mem 0x80010880 0x00000008
core   0: 0x8000019c (0x47658f83) lb      t6, 1142(a1)
core   0: 3 0x8000019c (0x47658f83) x31 0xfffffff7 mem 0x80010c4a
core   0: 0x800001a0 (0xff0e5f83) lhu     t6, -16(t3)
core   0: 3 0x800001a0 (0xff0e5f83) x31 0x0000d4e9 mem 0x80010876
core   0: 0x800001a4 (0xbfb588a3) sb      s11, -1039(a1)
core   0: 3 0x800001a4 (0xbfb588a3) mem 0x800103c5 0xe5
core   0: 0x800001a8 (0x00e98903) lb      s2, 14(s3)
core   0: 3 0x800001a8 (0x00e98903) x18 0x00000052 mem 0x800108bc
core   0: 0x800001ac (0x00de4183) lbu     gp, 13(t3)
core   0: 3 0x800001ac (0x00de4183) x 3 0x00000034 mem 0x80010893
core   0: 0x800001b0 (0x017e06a3) sb      s7, 13(t3)
core   0: 3 0x800001b0 (0x017e06a3) mem 0x80010893 0xb
core   0: 0x800001b4 (0x00010117) auipc   sp, 0x10
core   0: 3 0x800001b4 (0x00010117) x 2 0x800101b4
core   0: 0x800001b8 (0x63e10113) addi    sp, sp, 1598
core   0: 3 0x800001b8 (0x63e10113) x 2 0x800107f2
core   0: 0x800001bc (0x00000001) c.nop
core   0: 3 0x800001bc (0x0001)
core   0: 0x800001be (0x00008f31) c.xor   a4, a2
core   0: 3 0x800001be (0x8f31) x14 0x00006749
core   0: 0x800001c0 (0xdaf66e13) ori     t3, a2, -593
core   0: 3 0x800001c0 (0xdaf66e13) x28 0xffffffef
core   0: 0x800001c4 (0x03c66d33) rem     s10, a2, t3
core   0: 3 0x800001c4 (0x03c66d33) x26 0x00000000
core   0: 0x800001c8 (0x2fcaaa93) slti    s5, s5, 764
core   0: 3 0x800001c8 (0x2fcaaa93) x21 0x00000001
core   0: 0x800001cc (0xe0310303) lb      t1, -509(sp)
core   0: 3 0x800001cc (0xe0310303) x 6 0x00000074 mem 0x800105f5
core   0: 0x800001d0 (0x0ac15603) lhu     a2, 172(sp)
core   0: 3 0x800001d0 (0x0ac15603) x12 0x00002e87 mem 0x8001089e
core   0: 0x800001d4 (0x00008d6a) c.mv    s10, s10
core   0: 3 0x800001d4 (0x8d6a) x26 0x00000000
core   0: 0x800001d6 (0x00009ab2) c.add   s5, a2
core   0: 3 0x800001d6 (0x9ab2) x21 0x00002e88
core   0: 0x800001d8 (0x01cae333) or      t1, s5, t3
core   0: 3 0x800001d8 (0x01cae333) x 6 0xffffffef
core   0: 0x800001dc (0xfc610ca3) sb      t1, -39(sp)
core   0: 3 0x800001dc (0xfc610ca3) mem 0x800107cb 0xef
core   0: 0x800001e0 (0x19a10603) lb      a2, 410(sp)
core   0: 3 0x800001e0 (0x19a10603) x12 0x00000004 mem 0x8001098c
core   0: 0x800001e4 (0x00e61333) sll     t1, a2, a4
core   0: 3 0x800001e4 (0x00e61333) x 6 0x00000800
core   0: 0x800001e8 (0x6b510223) sb      s5, 1700(sp)
core   0: 3 0x800001e8 (0x6b510223) mem 0x80010e96 0x88
core   0: 0x800001ec (0x13a104a3) sb      s10, 297(sp)
core   0: 3 0x800001ec (0x13a104a3) mem 0x8001091b 0x0
core   0: 0x800001f0 (0x2b914a83) lbu     s5, 697(sp)
core   0: 3 0x800001f0 (0x2b914a83) x21 0x00000020 mem 0x80010aab
core   0: 0x800001f4 (0x03aaad33) mulhsu  s10, s5, s10
core   0: 3 0x800001f4 (0x03aaad33) x26 0x00000000
core   0: 0x800001f8 (0x17011e03) lh      t3, 368(sp)
core   0: 3 0x800001f8 (0x17011e03) x28 0xffffc0e8 mem 0x80010962
core   0: 0x800001fc (0x00006625) c.lui   a2, 0x9
core   0: 3 0x800001fc (0x6625) x12 0x00009000
core   0: 0x800001fe (0xaf8a8d13) addi    s10, s5, -1288
core   0: 3 0x800001fe (0xaf8a8d13) x26 0xfffffb18
core   0: 0x80000202 (0xbfa10603) lb      a2, -1030(sp)
core   0: 3 0x80000202 (0xbfa10603) x12 0x00000046 mem 0x800103ec
core   0: 0x80000206 (0xc3c15d03) lhu     s10, -964(sp)
core   0: 3 0x80000206 (0xc3c15d03) x26 0x000020fd mem 0x8001042e
core   0: 0x8000020a (0x00000001) c.nop
core   0: 3 0x8000020a (0x0001)
core   0: 0x8000020c (0x00c34ab3) xor     s5, t1, a2
core   0: 3 0x8000020c (0x00c34ab3) x21 0x00000846
core   0: 0x80000210 (0xfb914d03) lbu     s10, -71(sp)
core   0: 3 0x80000210 (0xfb914d03) x26 0x00000057 mem 0x800107ab
core   0: 0x80000214 (0x00000001) c.nop
core   0: 3 0x80000214 (0x0001)
core   0: 0x80000216 (0xd4611223) sh      t1, -700(sp)
core   0: 3 0x80000216 (0xd4611223) mem 0x80010536 0x0800
core   0: 0x8000021a (0x85d10d03) lb      s10, -1955(sp)
core   0: 3 0x8000021a (0x85d10d03) x26 0xffffffe2 mem 0x8001004f
core   0: 0x8000021e (0x924a8313) addi    t1, s5, -1756
core   0: 3 0x8000021e (0x924a8313) x 6 0x0000016a
core   0: 0x80000222 (0x926108a3) sb      t1, -1743(sp)
core   0: 3 0x80000222 (0x926108a3) mem 0x80010123 0x6a
core   0: 0x80000226 (0x40ca8ab3) sub     s5, s5, a2
core   0: 3 0x80000226 (0x40ca8ab3) x21 0x00000800
core   0: 0x8000022a (0x64e10223) sb      a4, 1604(sp)
core   0: 3 0x8000022a (0x64e10223) mem 0x80010e36 0x49
core   0: 0x8000022e (0xda710d03) lb      s10, -601(sp)
core   0: 3 0x8000022e (0xda710d03) x26 0xffffffa2 mem 0x80010599
core   0: 0x80000232 (0xeb5101a3) sb      s5, -349(sp)
core   0: 3 0x80000232 (0xeb5101a3) mem 0x80010695 0x0
core   0: 0x80000236 (0x400d5e13) srai    t3, s10, 0
core   0: 3 0x80000236 (0x400d5e13) x28 0xffffffa2
core   0: 0x8000023a (0x46e109a3) sb      a4, 1139(sp)
core   0: 3 0x8000023a (0x46e109a3) mem 0x80010c65 0x49
core   0: 0x8000023e (0x156aba93) sltiu   s5, s5, 342
core   0: 3 0x8000023e (0x156aba93) x21 0x00000000
core   0: 0x80000242 (0xfd510523) sb      s5, -54(sp)
core   0: 3 0x80000242 (0xfd510523) mem 0x800107bc 0x0
core   0: 0x80000246 (0x18015d03) lhu     s10, 384(sp)
core   0: 3 0x80000246 (0x18015d03) x26 0x00003c72 mem 0x80010972
core   0: 0x8000024a (0x0fc10923) sb      t3, 242(sp)
core   0: 3 0x8000024a (0x0fc10923) mem 0x800108e4 0xa2
core   0: 0x8000024e (0x36d14a83) lbu     s5, 877(sp)
core   0: 3 0x8000024e (0x36d14a83) x21 0x000000a6 mem 0x80010b5f
core   0: 0x80000252 (0x58410d03) lb      s10, 1412(sp)
core   0: 3 0x80000252 (0x58410d03) x26 0x00000051 mem 0x80010d76
core   0: 0x80000256 (0x00001afd) c.addi  s5, -1
core   0: 3 0x80000256 (0x1afd) x21 0x000000a5
core   0: 0x80000258 (0xa6c102a3) sb      a2, -1435(sp)
core   0: 3 0x80000258 (0xa6c102a3) mem 0x80010257 0x46
core   0: 0x8000025c (0x03ad2633) mulhsu  a2, s10, s10
core   0: 3 0x8000025c (0x03ad2633) x12 0x00000000
core   0: 0x80000260 (0x02635d33) divu    s10, t1, t1
core   0: 3 0x80000260 (0x02635d33) x26 0x00000001
core   0: 0x80000264 (0x78c14603) lbu     a2, 1932(sp)
core   0: 3 0x80000264 (0x78c14603) x12 0x00000089 mem 0x80010f7e
core   0: 0x80000268 (0x04800c6f) jal     s8, pc + 0x48
core   0: 3 0x80000268 (0x04800c6f) x24 0x8000026c
core   0: 0x800002b0 (0x0000bfdd) c.j     pc - 10
core   0: 3 0x800002b0 (0xbfdd)
core   0: 0x800002a6 (0x00003fe5) c.jal   pc - 8
core   0: 3 0x800002a6 (0x3fe5) x 1 0x800002a8
core   0: 0x8000029e (0xfdbff0ef) jal     pc - 0x26
core   0: 3 0x8000029e (0xfdbff0ef) x 1 0x800002a2
core   0: 0x80000278 (0x0000a831) c.j     pc + 28
core   0: 3 0x80000278 (0xa831)
core   0: 0x80000294 (0xfdbff0ef) jal     pc - 0x26
core   0: 3 0x80000294 (0xfdbff0ef) x 1 0x80000298
core   0: 0x8000026e (0x014000ef) jal     pc + 0x14
core   0: 3 0x8000026e (0x014000ef) x 1 0x80000272
core   0: 0x80000282 (0x0000bfc5) c.j     pc - 16
core   0: 3 0x80000282 (0xbfc5)
core   0: 0x80000272 (0x0000a039) c.j     pc + 14
core   0: 3 0x80000272 (0xa039)
core   0: 0x80000280 (0x00002031) c.jal   pc + 12
core   0: 3 0x80000280 (0x2031) x 1 0x80000282
core   0: 0x8000028c (0x00002009) c.jal   pc + 2
core   0: 3 0x8000028c (0x2009) x 1 0x8000028e
core   0: 0x8000028e (0x00a000ef) jal     pc + 0xa
core   0: 3 0x8000028e (0x00a000ef) x 1 0x80000292
core   0: 0x80000298 (0x0000b7cd) c.j     pc - 30
core   0: 3 0x80000298 (0xb7cd)
core   0: 0x8000027a (0x0000a825) c.j     pc + 56
core   0: 3 0x8000027a (0xa825)
core   0: 0x800002b2 (0x0000bfc5) c.j     pc - 16
core   0: 3 0x800002b2 (0xbfc5)
core   0: 0x800002a2 (0xff9ff0ef) jal     pc - 0x8
core   0: 3 0x800002a2 (0xff9ff0ef) x 1 0x800002a6
core   0: 0x8000029a (0x000037f5) c.jal   pc - 20
core   0: 3 0x8000029a (0x37f5) x 1 0x8000029c
core   0: 0x80000286 (0x022000ef) jal     pc + 0x22
core   0: 3 0x80000286 (0x022000ef) x 1 0x8000028a
core   0: 0x800002a8 (0x004000ef) jal     pc + 0x4
core   0: 3 0x800002a8 (0x004000ef) x 1 0x800002ac
core   0: 0x800002ac (0xfdfff36f) jal     t1, pc - 0x22
core   0: 3 0x800002ac (0xfdfff36f) x 6 0x800002b0
core   0: 0x8000028a (0x0000bfed) c.j     pc - 6
core   0: 3 0x8000028a (0xbfed)
core   0: 0x80000284 (0x0000bfe5) c.j     pc - 8
core   0: 3 0x80000284 (0xbfe5)
core   0: 0x8000027c (0x016000ef) jal     pc + 0x16
core   0: 3 0x8000027c (0x016000ef) x 1 0x80000280
core   0: 0x80000292 (0x0000b7cd) c.j     pc - 30
core   0: 3 0x80000292 (0xb7cd)
core   0: 0x80000274 (0xff9ff0ef) jal     pc - 0x8
core   0: 3 0x80000274 (0xff9ff0ef) x 1 0x80000278
core   0: 0x8000026c (0x00002805) c.jal   pc + 48
core   0: 3 0x8000026c (0x2805) x 1 0x8000026e
core   0: 0x8000029c (0x00002821) c.jal   pc + 24
core   0: 3 0x8000029c (0x2821) x 1 0x8000029e
core   0: 0x800002b4 (0x00006e3d) c.lui   t3, 0xf
core   0: 3 0x800002b4 (0x6e3d) x28 0x0000f000
core   0: 0x800002b6 (0x00010397) auipc   t2, 0x10
core   0: 3 0x800002b6 (0x00010397) x 7 0x800102b6
core   0: 0x800002ba (0x5f638393) addi    t2, t2, 1526
core   0: 3 0x800002ba (0x5f638393) x 7 0x800108ac
core   0: 0x800002be (0xdefd1e37) lui     t3, 0xdefd1
core   0: 3 0x800002be (0xdefd1e37) x28 0xdefd1000
core   0: 0x800002c2 (0x00a54fb3) xor     t6, a0, a0
core   0: 3 0x800002c2 (0x00a54fb3) x31 0x00000000
core   0: 0x800002c6 (0xc22b2513) slti    a0, s6, -990
core   0: 3 0x800002c6 (0xc22b2513) x10 0x00000000
core   0: 0x800002ca (0x00a38b23) sb      a0, 22(t2)
core   0: 3 0x800002ca (0x00a38b23) mem 0x800108c2 0x0
core   0: 0x800002ce (0x05c38823) sb      t3, 80(t2)
core   0: 3 0x800002ce (0x05c38823) mem 0x800108fc 0x0
core   0: 0x800002d2 (0x00006665) c.lui   a2, 0x19
core   0: 3 0x800002d2 (0x6665) x12 0x00019000
core   0: 0x800002d4 (0x05a3d603) lhu     a2, 90(t2)
core   0: 3 0x800002d4 (0x05a3d603) x12 0x0000e769 mem 0x80010906
core   0: 0x800002d8 (0x03fb52b3) divu    t0, s6, t6
core   0: 3 0x800002d8 (0x03fb52b3) x 5 0xffffffff
core   0: 0x800002dc (0x00008549) c.srai  a0, 18
core   0: 3 0x800002dc (0x8549) x10 0x00000000
core   0: 0x800002de (0x01f51e33) sll     t3, a0, t6
core   0: 3 0x800002de (0x01f51e33) x28 0x00000000
core   0: 0x800002e2 (0x00000001) c.nop
core   0: 3 0x800002e2 (0x0001)
core   0: 0x800002e4 (0x00008171) c.srli  a0, 28
core   0: 3 0x800002e4 (0x8171) x10 0x00000000
core   0: 0x800002e6 (0xcb42b613) sltiu   a2, t0, -844
core   0: 3 0x800002e6 (0xcb42b613) x12 0x00000000
core   0: 0x800002ea (0x0cd3c603) lbu     a2, 205(t2)
core   0: 3 0x800002ea (0x0cd3c603) x12 0x00000079 mem 0x80010979
core   0: 0x800002ee (0x02557533) remu    a0, a0, t0
core   0: 3 0x800002ee (0x02557533) x10 0x00000000
core   0: 0x800002f2 (0x00008e71) c.and   a2, a2
core   0: 3 0x800002f2 (0x8e71) x12 0x00000079
core   0: 0x800002f4 (0x00a2c2b3) xor     t0, t0, a0
core   0: 3 0x800002f4 (0x00a2c2b3) x 5 0xffffffff
core   0: 0x800002f8 (0xe062e513) ori     a0, t0, -506
core   0: 3 0x800002f8 (0xe062e513) x10 0xffffffff
core   0: 0x800002fc (0x02538e03) lb      t3, 37(t2)
core   0: 3 0x800002fc (0x02538e03) x28 0x0000004d mem 0x800108d1
core   0: 0x80000300 (0x0dd38e03) lb      t3, 221(t2)
core   0: 3 0x80000300 (0x0dd38e03) x28 0xffffff9a mem 0x80010989
core   0: 0x80000304 (0x0082de13) srli    t3, t0, 8
core   0: 3 0x80000304 (0x0082de13) x28 0x00ffffff
core   0: 0x80000308 (0x00000521) c.addi  a0, 8
core   0: 3 0x80000308 (0x0521) x10 0x00000007
core   0: 0x8000030a (0x00008d11) c.sub   a0, a2
core   0: 3 0x8000030a (0x8d11) x10 0xffffff8e
core   0: 0x8000030c (0x14f63e13) sltiu   t3, a2, 335
core   0: 3 0x8000030c (0x14f63e13) x28 0x00000001
core   0: 0x80000310 (0x000092f2) c.add   t0, t3
core   0: 3 0x80000310 (0x92f2) x 5 0x00000000
core   0: 0x80000312 (0x0ac38ea3) sb      a2, 189(t2)
core   0: 3 0x80000312 (0x0ac38ea3) mem 0x80010969 0x79
core   0: 0x80000316 (0x00008571) c.srai  a0, 28
core   0: 3 0x80000316 (0x8571) x10 0xffffffff
core   0: 0x80000318 (0x0ff38d23) sb      t6, 250(t2)
core   0: 3 0x80000318 (0x0ff38d23) mem 0x800109a6 0x0
core   0: 0x8000031c (0x02e3de03) lhu     t3, 46(t2)
core   0: 3 0x8000031c (0x02e3de03) x28 0x000070af mem 0x800108da
core   0: 0x80000320 (0xf583ab03) lw      s6, -168(t2)
core   0: 3 0x80000320 (0xf583ab03) x22 0x15b27553 mem 0x80010804
core   0: 0x80000324 (0x0000857e) c.mv    a0, t6
core   0: 3 0x80000324 (0x857e) x10 0x00000000
core   0: 0x80000326 (0x07639c23) sh      s6, 120(t2)
core   0: 3 0x80000326 (0x07639c23) mem 0x80010924 0x7553
core   0: 0x8000032a (0x00010217) auipc   tp, 0x10
core   0: 3 0x8000032a (0x00010217) x 4 0x8001032a
core   0: 0x8000032e (0x2b520213) addi    tp, tp, 693
core   0: 3 0x8000032e (0x2b520213) x 4 0x800105df
core   0: 0x80000332 (0x00010d97) auipc   s11, 0x10
core   0: 3 0x80000332 (0x00010d97) x27 0x80010332
core   0: 0x80000336 (0x17fd8d93) addi    s11, s11, 383
core   0: 3 0x80000336 (0x17fd8d93) x27 0x800104b1
core   0: 0x8000033a (0x0af25f83) lhu     t6, 175(tp)
core   0: 3 0x8000033a (0x0af25f83) x31 0x0000eb49 mem 0x8001068e
core   0: 0x8000033e (0xfc224183) lbu     gp, -62(tp)
core   0: 3 0x8000033e (0xfc224183) x 3 0x000000f2 mem 0x800105a1
core   0: 0x80000342 (0xf76dcc03) lbu     s8, -138(s11)
core   0: 3 0x80000342 (0xf76dcc03) x24 0x00000013 mem 0x80010427
core   0: 0x80000346 (0x014d8d03) lb      s10, 20(s11)
core   0: 3 0x80000346 (0x014d8d03) x26 0xffffffdb mem 0x800104c5
core   0: 0x8000034a (0x279d8603) lb      a2, 633(s11)
core   0: 3 0x8000034a (0x279d8603) x12 0xffffffe7 mem 0x8001072a
core   0: 0x8000034e (0xf1725283) lhu     t0, -233(tp)
core   0: 3 0x8000034e (0xf1725283) x 5 0x00003420 mem 0x800104f6
core   0: 0x80000352 (0x2ccd8983) lb      s3, 716(s11)
core   0: 3 0x80000352 (0x2ccd8983) x19 0x0000003f mem 0x8001077d
core   0: 0x80000356 (0xf8e24083) lbu     ra, -114(tp)
core   0: 3 0x80000356 (0xf8e24083) x 1 0x0000000d mem 0x8001056d
core   0: 0x8000035a (0xf6c20303) lb      t1, -148(tp)
core   0: 3 0x8000035a (0xf6c20303) x 6 0x00000002 mem 0x8001054b
core   0: 0x8000035e (0x220d8c03) lb      s8, 544(s11)
core   0: 3 0x8000035e (0x220d8c03) x24 0xffffff93 mem 0x800106d1
core   0: 0x80000362 (0xffbd9683) lh      a3, -5(s11)
core   0: 3 0x80000362 (0xffbd9683) x13 0xffff9f17 mem 0x800104ac
core   0: 0x80000366 (0x542dc603) lbu     a2, 1346(s11)
core   0: 3 0x80000366 (0x542dc603) x12 0x0000000f mem 0x800109f3
core   0: 0x8000036a (0x083d8d23) sb      gp, 154(s11)
core   0: 3 0x8000036a (0x083d8d23) mem 0x8001054b 0xf2
core   0: 0x8000036e (0xfd321ba3) sh      s3, -41(tp)
core   0: 3 0x8000036e (0xfd321ba3) mem 0x800105b6 0x003f
core   0: 0x80000372 (0x02600c6f) jal     s8, pc + 0x26
core   0: 3 0x80000372 (0x02600c6f) x24 0x80000376
core   0: 0x80000398 (0xffbff36f) jal     t1, pc - 0x6
core   0: 3 0x80000398 (0xffbff36f) x 6 0x8000039c
core   0: 0x80000392 (0x0000bffd) c.j     pc - 2
core   0: 3 0x80000392 (0xbffd)
core   0: 0x80000390 (0x00002801) c.jal   pc + 16
core   0: 3 0x80000390 (0x2801) x 1 0x80000392
core   0: 0x800003a0 (0x0000bfd5) c.j     pc - 12
core   0: 3 0x800003a0 (0xbfd5)
core   0: 0x80000394 (0x00003fe5) c.jal   pc - 8
core   0: 3 0x80000394 (0x3fe5) x 1 0x80000396
core   0: 0x8000038c (0x0000b7f5) c.j     pc - 20
core   0: 3 0x8000038c (0xb7f5)
core   0: 0x80000378 (0x00002801) c.jal   pc + 16
core   0: 3 0x80000378 (0x2801) x 1 0x8000037a
core   0: 0x80000388 (0x014000ef) jal     pc + 0x14
core   0: 3 0x80000388 (0x014000ef) x 1 0x8000038c
core   0: 0x8000039c (0xfebff0ef) jal     pc - 0x16
core   0: 3 0x8000039c (0xfebff0ef) x 1 0x800003a0
core   0: 0x80000386 (0x00003fdd) c.jal   pc - 10
core   0: 3 0x80000386 (0x3fdd) x 1 0x80000388
core   0: 0x8000037c (0x0000a01d) c.j     pc + 38
core   0: 3 0x8000037c (0xa01d)
core   0: 0x800003a2 (0x00003fe1) c.jal   pc - 40
core   0: 3 0x800003a2 (0x3fe1) x 1 0x800003a4
core   0: 0x8000037a (0x0000a029) c.j     pc + 10
core   0: 3 0x8000037a (0xa029)
core   0: 0x80000384 (0x00003fed) c.jal   pc - 6
core   0: 3 0x80000384 (0x3fed) x 1 0x80000386
core   0: 0x8000037e (0x0000a801) c.j     pc + 16
core   0: 3 0x8000037e (0xa801)
core   0: 0x8000038e (0x00003fcd) c.jal   pc - 14
core   0: 3 0x8000038e (0x3fcd) x 1 0x80000390
core   0: 0x80000380 (0x016000ef) jal     pc + 0x16
core   0: 3 0x80000380 (0x016000ef) x 1 0x80000384
core   0: 0x80000396 (0x0000b7c5) c.j     pc - 32
core   0: 3 0x80000396 (0xb7c5)
core   0: 0x80000376 (0x0000203d) c.jal   pc + 46
core   0: 3 0x80000376 (0x203d) x 1 0x80000378
core   0: 0x800003a4 (0x00008f31) c.xor   a4, a2
core   0: 3 0x800003a4 (0x8f31) x14 0x00006746
core   0: 0x800003a6 (0x00013997) auipc   s3, 0x13
core   0: 3 0x800003a6 (0x00013997) x19 0x800133a6
core   0: 0x800003aa (0x94a98993) addi    s3, s3, -1718
core   0: 3 0x800003aa (0x94a98993) x19 0x80012cf0
core   0: 0x800003ae (0x02b98723) sb      a1, 46(s3)
core   0: 3 0x800003ae (0x02b98723) mem 0x80012d1e 0xd4
core   0: 0x800003b2 (0x01a9d503) lhu     a0, 26(s3)
core   0: 3 0x800003b2 (0x01a9d503) x10 0x00009ab3 mem 0x80012d0a
core   0: 0x800003b6 (0x01a98023) sb      s10, 0(s3)
core   0: 3 0x800003b6 (0x01a98023) mem 0x80012cf0 0xdb
core   0: 0x800003ba (0xfd598723) sb      s5, -50(s3)
core   0: 3 0x800003ba (0xfd598723) mem 0x80012cbe 0xa5
core   0: 0x800003be (0x00000001) c.nop
core   0: 3 0x800003be (0x0001)
core   0: 0x800003c0 (0xffa98223) sb      s10, -28(s3)
core   0: 3 0x800003c0 (0xffa98223) mem 0x80012cd4 0xdb
core   0: 0x800003c4 (0x03aa8033) mul     zero, s5, s10
core   0: 3 0x800003c4 (0x03aa8033)
core   0: 0x800003c8 (0x02f7f533) remu    a0, a5, a5
core   0: 3 0x800003c8 (0x02f7f533) x10 0x00000000
core   0: 0x800003cc (0x00005d7d) c.li    s10, -1
core   0: 3 0x800003cc (0x5d7d) x26 0xffffffff
core   0: 0x800003ce (0x0ff0000f) fence   iorw,iorw
core   0: 3 0x800003ce (0x0ff0000f)
core   0: 0x800003d2 (0x0357ad33) mulhsu  s10, a5, s5
core   0: 3 0x800003d2 (0x0357ad33) x26 0x00000000
core   0: 0x800003d6 (0xfc899d03) lh      s10, -56(s3)
core   0: 3 0x800003d6 (0xfc899d03) x26 0xffffc111 mem 0x80012cb8
core   0: 0x800003da (0x01a5ad33) slt     s10, a1, s10
core   0: 3 0x800003da (0x01a5ad33) x26 0x00000001
core   0: 0x800003de (0x00000001) c.nop
core   0: 3 0x800003de (0x0001)
core   0: 0x800003e0 (0x02ad25b3) mulhsu  a1, s10, a0
core   0: 3 0x800003e0 (0x02ad25b3) x11 0x00000000
core   0: 0x800003e4 (0x00008abe) c.mv    s5, a5
core   0: 3 0x800003e4 (0x8abe) x21 0x0000003e
core   0: 0x800003e6 (0xfc098ea3) sb      zero, -35(s3)
core   0: 3 0x800003e6 (0xfc098ea3) mem 0x80012ccd 0x0
core   0: 0x800003ea (0xfe898003) lb      zero, -24(s3)
core   0: 3 0x800003ea (0xfe898003) mem 0x80012cd8
core   0: 0x800003ee (0x0399c783) lbu     a5, 57(s3)
core   0: 3 0x800003ee (0x0399c783) x15 0x0000003f mem 0x80012d29
core   0: 0x800003f2 (0xffa9cd03) lbu     s10, -6(s3)
core   0: 3 0x800003f2 (0xffa9cd03) x26 0x000000f1 mem 0x80012cea
core   0: 0x800003f6 (0x00010f97) auipc   t6, 0x10
core   0: 3 0x800003f6 (0x00010f97) x31 0x800103f6
core   0: 0x800003fa (0x727f8f93) addi    t6, t6, 1831
core   0: 3 0x800003fa (0x727f8f93) x31 0x80010b1d
core   0: 0x800003fe (0x00011297) auipc   t0, 0x11
core   0: 3 0x800003fe (0x00011297) x 5 0x800113fe
core   0: 0x80000402 (0xa6228293) addi    t0, t0, -1438
core   0: 3 0x80000402 (0xa6228293) x 5 0x80010e60
core   0: 0x80000406 (0x00010097) auipc   ra, 0x10
core   0: 3 0x80000406 (0x00010097) x 1 0x80010406
core   0: 0x8000040a (0xe9508093) addi    ra, ra, -363
core   0: 3 0x8000040a (0xe9508093) x 1 0x8001029b
core   0: 0x8000040e (0x04428f23) sb      tp, 94(t0)
core   0: 3 0x8000040e (0x04428f23) mem 0x80010ebe 0xdf
core   0: 0x80000412 (0xc592c203) lbu     tp, -935(t0)
core   0: 3 0x80000412 (0xc592c203) x 4 0x00000095 mem 0x80010ab9
core   0: 0x80000416 (0xff808da3) sb      s8, -5(ra)
core   0: 3 0x80000416 (0xff808da3) mem 0x80010296 0x76
core   0: 0x8000041a (0x00b08a83) lb      s5, 11(ra)
core   0: 3 0x8000041a (0x00b08a83) x21 0x0000007a mem 0x800102a6
core   0: 0x8000041e (0xf10f8723) sb      a6, -242(t6)
core   0: 3 0x8000041e (0xf10f8723) mem 0x80010a2b 0x64
core   0: 0x80000422 (0xe5228203) lb      tp, -430(t0)
core   0: 3 0x80000422 (0xe5228203) x 4 0xffffffe8 mem 0x80010cb2
core   0: 0x80000426 (0xfe308c23) sb      gp, -8(ra)
core   0: 3 0x80000426 (0xfe308c23) mem 0x80010293 0xf2
core   0: 0x8000042a (0xeee2cd03) lbu     s10, -274(t0)
core   0: 3 0x8000042a (0xeee2cd03) x26 0x000000ec mem 0x80010d4e
core   0: 0x8000042e (0x055f9e03) lh      t3, 85(t6)
core   0: 3 0x8000042e (0x055f9e03) x28 0xffff9d7a mem 0x80010b72
core   0: 0x80000432 (0xfbefce03) lbu     t3, -66(t6)
core   0: 3 0x80000432 (0xfbefce03) x28 0x0000004b mem 0x80010adb
core   0: 0x80000436 (0x9e62dc83) lhu     s9, -1562(t0)
core   0: 3 0x80000436 (0x9e62dc83) x25 0x0000f711 mem 0x80010846
core   0: 0x8000043a (0xffa08383) lb      t2, -6(ra)
core   0: 3 0x8000043a (0xffa08383) x 7 0x0000003c mem 0x80010295
core   0: 0x8000043e (0x000083a3) sb      zero, 7(ra)
core   0: 3 0x8000043e (0x000083a3) mem 0x800102a2 0x0
core   0: 0x80000442 (0x005f8183) lb      gp, 5(t6)
core   0: 3 0x80000442 (0x005f8183) x 3 0xffffffc3 mem 0x80010b22
core   0: 0x80000446 (0xfff0c683) lbu     a3, -1(ra)
core   0: 3 0x80000446 (0xfff0c683) x13 0x000000dd mem 0x8001029a
core   0: 0x8000044a (0xdfa2c883) lbu     a7, -518(t0)
core   0: 3 0x8000044a (0xdfa2c883) x17 0x0000003d mem 0x80010c5a
core   0: 0x8000044e (0xf7ef8683) lb      a3, -130(t6)
core   0: 3 0x8000044e (0xf7ef8683) x13 0xffffff95 mem 0x80010a9b
core   0: 0x80000452 (0x0070c703) lbu     a4, 7(ra)
core   0: 3 0x80000452 (0x0070c703) x14 0x00000000 mem 0x800102a2
core   0: 0x80000456 (0x00a00f13) li      t5, 10
core   0: 3 0x80000456 (0x00a00f13) x30 0x0000000a
core   0: 0x8000045a (0x00a00c13) li      s8, 10
core   0: 3 0x8000045a (0x00a00c13) x24 0x0000000a
core   0: 0x8000045e (0x000047ed) c.li    a5, 27
core   0: 3 0x8000045e (0x47ed) x15 0x0000001b
core   0: 0x80000460 (0x03c0bab3) mulhu   s5, ra, t3
core   0: 3 0x80000460 (0x03c0bab3) x21 0x00000025
core   0: 0x80000464 (0x00001f5d) c.addi  t5, -9
core   0: 3 0x80000464 (0x1f5d) x30 0x00000001
core   0: 0x80000466 (0x00edda93) srli    s5, s11, 14
core   0: 3 0x80000466 (0x00edda93) x21 0x00020004
core   0: 0x8000046a (0xffd00713) li      a4, -3
core   0: 3 0x8000046a (0xffd00713) x14 0xfffffffd
core   0: 0x8000046e (0x00000001) c.nop
core   0: 3 0x8000046e (0x0001)
core   0: 0x80000470 (0x4126d213) srai    tp, a3, 18
core   0: 3 0x80000470 (0x4126d213) x 4 0xffffffff
core   0: 0x80000474 (0x41f75e13) srai    t3, a4, 31
core   0: 3 0x80000474 (0x41f75e13) x28 0xffffffff
core   0: 0x80000478 (0x0012e533) or      a0, t0, ra
core   0: 3 0x80000478 (0x0012e533) x10 0x80010efb
core   0: 0x8000047c (0x00000705) c.addi  a4, 1
core   0: 3 0x8000047c (0x0705) x14 0xfffffffe
core   0: 0x8000047e (0x00008c0d) c.sub   s0, a1
core   0: 3 0x8000047e (0x8c0d) x 8 0x00000072
core   0: 0x80000480 (0x0000df65) c.beqz  a4, pc - 8
core   0: 3 0x80000480 (0xdf65)
core   0: 0x80000482 (0xfd8f7ee3) bgeu    t5, s8, pc - 36
core   0: 3 0x80000482 (0xfd8f7ee3)
core   0: 0x80000486 (0x0000717d) c.addi16sp sp, -16
core   0: 3 0x80000486 (0x717d) x 2 0x800107e2
core   0: 0x80000488 (0x01c00c6f) jal     s8, pc + 0x1c
core   0: 3 0x80000488 (0x01c00c6f) x24 0x8000048c
core   0: 0x800004a4 (0xff9ff0ef) jal     pc - 0x8
core   0: 3 0x800004a4 (0xff9ff0ef) x 1 0x800004a8
core   0: 0x8000049c (0x0000bfc5) c.j     pc - 16
core   0: 3 0x8000049c (0xbfc5)
core   0: 0x8000048c (0x01c0036f) jal     t1, pc + 0x1c
core   0: 3 0x8000048c (0x01c0036f) x 6 0x80000490
core   0: 0x800004a8 (0x00002009) c.jal   pc + 2
core   0: 3 0x800004a8 (0x2009) x 1 0x800004aa
core   0: 0x800004aa (0x00003fd5) c.jal   pc - 12
core   0: 3 0x800004aa (0x3fd5) x 1 0x800004ac
core   0: 0x8000049e (0x0000a009) c.j     pc + 2
core   0: 3 0x8000049e (0xa009)
core   0: 0x800004a0 (0xff5ff0ef) jal     pc - 0xc
core   0: 3 0x800004a0 (0xff5ff0ef) x 1 0x800004a4
core   0: 0x80000494 (0xffdff0ef) jal     pc - 0x4
core   0: 3 0x80000494 (0xffdff0ef) x 1 0x80000498
core   0: 0x80000490 (0x01e000ef) jal     pc + 0x1e
core   0: 3 0x80000490 (0x01e000ef) x 1 0x80000494
core   0: 0x800004ae (0xfebff0ef) jal     pc - 0x16
core   0: 3 0x800004ae (0xfebff0ef) x 1 0x800004b2
core   0: 0x80000498 (0x0140036f) jal     t1, pc + 0x14
core   0: 3 0x80000498 (0x0140036f) x 6 0x8000049c
core   0: 0x800004ac (0x0000a019) c.j     pc + 6
core   0: 3 0x800004ac (0xa019)
core   0: 0x800004b2 (0x0000423d) c.li    tp, 15
core   0: 3 0x800004b2 (0x423d) x 4 0x0000000f
core   0: 0x800004b4 (0x00010517) auipc   a0, 0x10
core   0: 3 0x800004b4 (0x00010517) x10 0x800104b4
core   0: 0x800004b8 (0x1d650513) addi    a0, a0, 470
core   0: 3 0x800004b8 (0x1d650513) x10 0x8001068a
core   0: 0x800004bc (0xfd3508a3) sb      s3, -47(a0)
core   0: 3 0x800004bc (0xfd3508a3) mem 0x8001065b 0xf0
core   0: 0x800004c0 (0xfd3508a3) sb      s3, -47(a0)
core   0: 3 0x800004c0 (0xfd3508a3) mem 0x8001065b 0xf0
core   0: 0x800004c4 (0x02b3dcb3) divu    s9, t2, a1
core   0: 3 0x800004c4 (0x02b3dcb3) x25 0xffffffff
core   0: 0x800004c8 (0xfd154b83) lbu     s7, -47(a0)
core   0: 3 0x800004c8 (0xfd154b83) x23 0x000000f0 mem 0x8001065b
core   0: 0x800004cc (0x0ff0000f) fence   iorw,iorw
core   0: 3 0x800004cc (0x0ff0000f)
core   0: 0x800004d0 (0xfd6508a3) sb      s6, -47(a0)
core   0: 3 0x800004d0 (0xfd6508a3) mem 0x8001065b 0x53
core   0: 0x800004d4 (0x01055e03) lhu     t3, 16(a0)
core   0: 3 0x800004d4 (0x01055e03) x28 0x000011ac mem 0x8001069a
core   0: 0x800004d8 (0x01055783) lhu     a5, 16(a0)
core   0: 3 0x800004d8 (0x01055783) x15 0x000011ac mem 0x8001069a
core   0: 0x800004dc (0x7e822913) slti    s2, tp, 2024
core   0: 3 0x800004dc (0x7e822913) x18 0x00000001
core   0: 0x800004e0 (0x01050d03) lb      s10, 16(a0)
core   0: 3 0x800004e0 (0x01050d03) x26 0xffffffac mem 0x8001069a
core   0: 0x800004e4 (0x00351823) sh      gp, 16(a0)
core   0: 3 0x800004e4 (0x00351823) mem 0x8001069a 0xffc3
core   0: 0x800004e8 (0x00008c5d) c.or    s0, a5
core   0: 3 0x800004e8 (0x8c5d) x 8 0x000011fe
core   0: 0x800004ea (0x01050a83) lb      s5, 16(a0)
core   0: 3 0x800004ea (0x01050a83) x21 0xffffffc3 mem 0x8001069a
core   0: 0x800004ee (0xfee50c83) lb      s9, -18(a0)
core   0: 3 0x800004ee (0xfee50c83) x25 0xffffffb1 mem 0x80010678
core   0: 0x800004f2 (0xffe50723) sb      t5, -18(a0)
core   0: 3 0x800004f2 (0xffe50723) mem 0x80010678 0x1
core   0: 0x800004f6 (0xffc51723) sh      t3, -18(a0)
core   0: 3 0x800004f6 (0xffc51723) mem 0x80010678 0x11ac
core   0: 0x800004fa (0x04554603) lbu     a2, 69(a0)
core   0: 3 0x800004fa (0x04554603) x12 0x000000fc mem 0x800106cf
core   0: 0x800004fe (0x04550783) lb      a5, 69(a0)
core   0: 3 0x800004fe (0x04550783) x15 0xfffffffc mem 0x800106cf
core   0: 0x80000502 (0x04554f83) lbu     t6, 69(a0)
core   0: 3 0x80000502 (0x04554f83) x31 0x000000fc mem 0x800106cf
core   0: 0x80000506 (0x00000001) c.nop
core   0: 3 0x80000506 (0x0001)
core   0: 0x80000508 (0x052502a3) sb      s2, 69(a0)
core   0: 3 0x80000508 (0x052502a3) mem 0x800106cf 0x1
core   0: 0x8000050c (0x00010197) auipc   gp, 0x10
core   0: 3 0x8000050c (0x00010197) x 3 0x8001050c
core   0: 0x80000510 (0x50018193) addi    gp, gp, 1280
core   0: 3 0x80000510 (0x50018193) x 3 0x80010a0c
core   0: 0x80000514 (0x000009aa) c.slli  s3, 10
core   0: 3 0x80000514 (0x09aa) x19 0x04b3c000
core   0: 0x80000516 (0x0721d403) lhu     s0, 114(gp)
core   0: 3 0x80000516 (0x0721d403) x 8 0x0000efb2 mem 0x80010a7e
core   0: 0x8000051a (0x40b35933) sra     s2, t1, a1
core   0: 3 0x8000051a (0x40b35933) x18 0x8000049c
core   0: 0x8000051e (0xcad18583) lb      a1, -851(gp)
core   0: 3 0x8000051e (0xcad18583) x11 0xffffff8c mem 0x800106b9
core   0: 0x80000522 (0x02bbb433) mulhu   s0, s7, a1
core   0: 3 0x80000522 (0x02bbb433) x 8 0x000000ef
core   0: 0x80000526 (0x58c1ab83) lw      s7, 1420(gp)
core   0: 3 0x80000526 (0x58c1ab83) x23 0x8f81cfc8 mem 0x80010f98
core   0: 0x8000052a (0x07c47313) andi    t1, s0, 124
core   0: 3 0x8000052a (0x07c47313) x 6 0x0000006c
core   0: 0x8000052e (0x02645333) divu    t1, s0, t1
core   0: 3 0x8000052e (0x02645333) x 6 0x00000002
core   0: 0x80000532 (0x00008015) c.srli  s0, 5
core   0: 3 0x80000532 (0x8015) x 8 0x00000007
core   0: 0x80000534 (0xe8b18fa3) sb      a1, -353(gp)
core   0: 3 0x80000534 (0xe8b18fa3) mem 0x800108ab 0x8c
core   0: 0x80000538 (0x06018583) lb      a1, 96(gp)
core   0: 3 0x80000538 (0x06018583) x11 0xffffffd0 mem 0x80010a6c
core   0: 0x8000053c (0xb72180a3) sb      s2, -1183(gp)
core   0: 3 0x8000053c (0xb72180a3) mem 0x8001056d 0x9c
core   0: 0x80000540 (0xab0e6b97) auipc   s7, 0xab0e6
core   0: 3 0x80000540 (0xab0e6b97) x23 0x2b0e6540
core   0: 0x80000544 (0x000069e1) c.lui   s3, 0x18
core   0: 3 0x80000544 (0x69e1) x19 0x00018000
core   0: 0x80000546 (0x00008dc1) c.or    a1, s0
core   0: 3 0x80000546 (0x8dc1) x11 0xffffffd7
core   0: 0x80000548 (0x0f819903) lh      s2, 248(gp)
core   0: 3 0x80000548 (0x0f819903) x18 0x000051e3 mem 0x80010b04
core   0: 0x8000054c (0x000005a6) c.slli  a1, 9
core   0: 3 0x8000054c (0x05a6) x11 0xffffae00
core   0: 0x8000054e (0x06f1c903) lbu     s2, 111(gp)
core   0: 3 0x8000054e (0x06f1c903) x18 0x00000060 mem 0x80010a7b
core   0: 0x80000552 (0x008459b3) srl     s3, s0, s0
core   0: 3 0x80000552 (0x008459b3) x19 0x00000000
core   0: 0x80000556 (0xbd2bb313) sltiu   t1, s7, -1070
core   0: 3 0x80000556 (0xbd2bb313) x 6 0x00000001
core   0: 0x8000055a (0x03759433) mulh    s0, a1, s7
core   0: 3 0x8000055a (0x03759433) x 8 0xfffff235
core   0: 0x8000055e (0x39219b23) sh      s2, 918(gp)
core   0: 3 0x8000055e (0x39219b23) mem 0x80010da2 0x0060
core   0: 0x80000562 (0x00008015) c.srli  s0, 5
core   0: 3 0x80000562 (0x8015) x 8 0x07ffff91
core   0: 0x80000564 (0x00b40933) add     s2, s0, a1
core   0: 3 0x80000564 (0x00b40933) x18 0x07ffad91
core   0: 0x80000568 (0x00008c6d) c.and   s0, a1
core   0: 3 0x80000568 (0x8c6d) x 8 0x07ffae00
core   0: 0x8000056a (0x9991cb83) lbu     s7, -1639(gp)
core   0: 3 0x8000056a (0x9991cb83) x23 0x000000f0 mem 0x800103a5
core   0: 0x8000056e (0x853181a3) sb      s3, -1981(gp)
core   0: 3 0x8000056e (0x853181a3) mem 0x8001024f 0x0
core   0: 0x80000572 (0x4b5a7bb7) lui     s7, 0x4b5a7
core   0: 3 0x80000572 (0x4b5a7bb7) x23 0x4b5a7000
core   0: 0x80000576 (0x01395333) srl     t1, s2, s3
core   0: 3 0x80000576 (0x01395333) x 6 0x07ffad91
core   0: 0x8000057a (0x0000844a) c.mv    s0, s2
core   0: 3 0x8000057a (0x844a) x 8 0x07ffad91
core   0: 0x8000057c (0x00000001) c.nop
core   0: 3 0x8000057c (0x0001)
core   0: 0x8000057e (0xe651cb83) lbu     s7, -411(gp)
core   0: 3 0x8000057e (0xe651cb83) x23 0x00000045 mem 0x80010871
core   0: 0x80000582 (0xbc71c983) lbu     s3, -1081(gp)
core   0: 3 0x80000582 (0xbc71c983) x19 0x0000000d mem 0x800105d3
core   0: 0x80000586 (0x10518903) lb      s2, 261(gp)
core   0: 3 0x80000586 (0x10518903) x18 0xffffffad mem 0x80010b11
core   0: 0x8000058a (0xb1118583) lb      a1, -1263(gp)
core   0: 3 0x8000058a (0xb1118583) x11 0x0000005d mem 0x8001051d
core   0: 0x8000058e (0x000095de) c.add   a1, s7
core   0: 3 0x8000058e (0x95de) x11 0x000000a2
core   0: 0x80000590 (0x028be933) rem     s2, s7, s0
core   0: 3 0x80000590 (0x028be933) x18 0x00000045
core   0: 0x80000594 (0x008305b3) add     a1, t1, s0
core   0: 3 0x80000594 (0x008305b3) x11 0x0fff5b22
core   0: 0x80000598 (0x297185a3) sb      s7, 651(gp)
core   0: 3 0x80000598 (0x297185a3) mem 0x80010c97 0x45
core   0: 0x8000059c (0xae618823) sb      t1, -1296(gp)
core   0: 3 0x8000059c (0xae618823) mem 0x800104fc 0x91
core   0: 0x800005a0 (0x07918b83) lb      s7, 121(gp)
core   0: 3 0x800005a0 (0x07918b83) x23 0xffffffd9 mem 0x80010a85
core   0: 0x800005a4 (0xb5236913) ori     s2, t1, -1198
core   0: 3 0x800005a4 (0xb5236913) x18 0xffffffd3
core   0: 0x800005a8 (0x5d81a303) lw      t1, 1496(gp)
core   0: 3 0x800005a8 (0x5d81a303) x 6 0xd51a0a7b mem 0x80010fe4
core   0: 0x800005ac (0xbe819823) sh      s0, -1040(gp)
core   0: 3 0x800005ac (0xbe819823) mem 0x800105fc 0xad91
core   0: 0x800005b0 (0x88b185a3) sb      a1, -1909(gp)
core   0: 3 0x800005b0 (0x88b185a3) mem 0x80010297 0x22
core   0: 0x800005b4 (0xf261c983) lbu     s3, -218(gp)
core   0: 3 0x800005b4 (0xf261c983) x19 0x0000000f mem 0x80010932
core   0: 0x800005b8 (0x18218583) lb      a1, 386(gp)
core   0: 3 0x800005b8 (0x18218583) x11 0xffffffde mem 0x80010b8e
core   0: 0x800005bc (0x00018117) auipc   sp, 0x18
core   0: 3 0x800005bc (0x00018117) x 2 0x800185bc
core   0: 0x800005c0 (0xdce10113) addi    sp, sp, -562
core   0: 3 0x800005c0 (0xdce10113) x 2 0x8001838a
core   0: 0x800005c4 (0xfcb14203) lbu     tp, -53(sp)
core   0: 3 0x800005c4 (0xfcb14203) x 4 0x000000fe mem 0x80018355
core   0: 0x800005c8 (0x0000100f) fence.i
core   0: 3 0x800005c8 (0x0000100f)
core   0: 0x800005cc (0x0de10da3) sb      t5, 219(sp)
core   0: 3 0x800005cc (0x0de10da3) mem 0x80018465 0x1
core   0: 0x800005d0 (0x09714903) lbu     s2, 151(sp)
core   0: 3 0x800005d0 (0x09714903) x18 0x00000084 mem 0x80018421
core   0: 0x800005d4 (0xf3714983) lbu     s3, -201(sp)
core   0: 3 0x800005d4 (0xf3714983) x19 0x0000000a mem 0x800182c1
core   0: 0x800005d8 (0x05210b23) sb      s2, 86(sp)
core   0: 3 0x800005d8 (0x05210b23) mem 0x800183e0 0x84
core   0: 0x800005dc (0xfb815303) lhu     t1, -72(sp)
core   0: 3 0x800005dc (0xfb815303) x 6 0x00003d6b mem 0x80018342
core   0: 0x800005e0 (0xf0310ba3) sb      gp, -233(sp)
core   0: 3 0x800005e0 (0xf0310ba3) mem 0x800182a1 0xc
core   0: 0x800005e4 (0xd8437693) andi    a3, t1, -636
core   0: 3 0x800005e4 (0xd8437693) x13 0x00003d00
core   0: 0x800005e8 (0xfd914303) lbu     t1, -39(sp)
core   0: 3 0x800005e8 (0xfd914303) x 6 0x00000018 mem 0x80018363
core   0: 0x800005ec (0xfb510783) lb      a5, -75(sp)
core   0: 3 0x800005ec (0xfb510783) x15 0xfffffff6 mem 0x8001833f
core   0: 0x800005f0 (0xf1f14c03) lbu     s8, -225(sp)
core   0: 3 0x800005f0 (0xf1f14c03) x24 0x00000095 mem 0x800182a9
core   0: 0x800005f4 (0x047105a3) sb      t2, 75(sp)
core   0: 3 0x800005f4 (0x047105a3) mem 0x800183d5 0x3c
core   0: 0x800005f8 (0x0000859e) c.mv    a1, t2
core   0: 3 0x800005f8 (0x859e) x11 0x0000003c
core   0: 0x800005fa (0xfba12c83) lw      s9, -70(sp)
core   0: 3 0x800005fa (0xfba12c83) x25 0xd52973c5 mem 0x80018344
core   0: 0x800005fe (0x0fc10083) lb      ra, 252(sp)
core   0: 3 0x800005fe (0x0fc10083) x 1 0x00000052 mem 0x80018486
core   0: 0x80000602 (0xf2414683) lbu     a3, -220(sp)
core   0: 3 0x80000602 (0xf2414683) x13 0x00000075 mem 0x800182ae
core   0: 0x80000606 (0x00008ea9) c.xor   a3, a0
core   0: 3 0x80000606 (0x8ea9) x13 0x800106ff
core   0: 0x80000608 (0xf3110683) lb      a3, -207(sp)
core   0: 3 0x80000608 (0xf3110683) x13 0x0000007b mem 0x800182bb
core   0: 0x8000060c (0xfd1107a3) sb      a7, -49(sp)
core   0: 3 0x8000060c (0xfd1107a3) mem 0x80018359 0x3d
core   0: 0x80000610 (0x04010f83) lb      t6, 64(sp)
core   0: 3 0x80000610 (0x04010f83) x31 0x00000025 mem 0x800183ca
core   0: 0x80000614 (0x01069793) slli    a5, a3, 16
core   0: 3 0x80000614 (0x01069793) x15 0x007b0000
core   0: 0x80000618 (0x02f10e03) lb      t3, 47(sp)
core   0: 3 0x80000618 (0x02f10e03) x28 0x0000007a mem 0x800183b9
core   0: 0x8000061c (0xf8114583) lbu     a1, -127(sp)
core   0: 3 0x8000061c (0xf8114583) x11 0x000000a7 mem 0x8001830b
core   0: 0x80000620 (0x0a210b03) lb      s6, 162(sp)
core   0: 3 0x80000620 (0x0a210b03) x22 0x00000049 mem 0x8001842c
core   0: 0x80000624 (0x00000001) c.nop
core   0: 3 0x80000624 (0x0001)
core   0: 0x80000626 (0xffa105a3) sb      s10, -21(sp)
core   0: 3 0x80000626 (0xffa105a3) mem 0x80018375 0xac
core   0: 0x8000062a (0x00008ef9) c.and   a3, a4
core   0: 3 0x8000062a (0x8ef9) x13 0x0000007a
core   0: 0x8000062c (0x0219b433) mulhu   s0, s3, ra
core   0: 3 0x8000062c (0x0219b433) x 8 0x00000000
core   0: 0x80000630 (0x017ea633) slt     a2, t4, s7
core   0: 3 0x80000630 (0x017ea633) x12 0x00000001
core   0: 0x80000634 (0x00000001) c.nop
core   0: 3 0x80000634 (0x0001)
core   0: 0x80000636 (0x0ef10aa3) sb      a5, 245(sp)
core   0: 3 0x80000636 (0x0ef10aa3) mem 0x8001847f 0x0
core   0: 0x8000063a (0x026b0333) mul     t1, s6, t1
core   0: 3 0x8000063a (0x026b0333) x 6 0x000006d8
core   0: 0x8000063e (0x021104a3) sb      ra, 41(sp)
core   0: 3 0x8000063e (0x021104a3) mem 0x800183b3 0x52
core   0: 0x80000642 (0x7a0df093) andi    ra, s11, 1952
core   0: 3 0x80000642 (0x7a0df093) x 1 0x000004a0
core   0: 0x80000646 (0x0c510283) lb      t0, 197(sp)
core   0: 3 0x80000646 (0x0c510283) x 5 0xffffffb9 mem 0x8001844f
core   0: 0x8000064a (0xf0f14403) lbu     s0, -241(sp)
core   0: 3 0x8000064a (0xf0f14403) x 8 0x00000059 mem 0x80018299
core   0: 0x8000064e (0x0ff0000f) fence   iorw,iorw
core   0: 3 0x8000064e (0x0ff0000f)
core   0: 0x80000652 (0xf40107a3) sb      zero, -177(sp)
core   0: 3 0x80000652 (0xf40107a3) mem 0x800182d9 0x0
core   0: 0x80000656 (0x0250e0b3) rem     ra, ra, t0
core   0: 3 0x80000656 (0x0250e0b3) x 1 0x00000030
core   0: 0x8000065a (0x02446233) rem     tp, s0, tp
core   0: 3 0x8000065a (0x02446233) x 4 0x00000059
core   0: 0x8000065e (0x05514003) lbu     zero, 85(sp)
core   0: 3 0x8000065e (0x05514003) mem 0x800183df
core   0: 0x80000662 (0x06612923) sw      t1, 114(sp)
core   0: 3 0x80000662 (0x06612923) mem 0x800183fc 0x000006d8
core   0: 0x80000666 (0x03dda1b3) mulhsu  gp, s11, t4
core   0: 3 0x80000666 (0x03dda1b3) x 3 0xbfffff71
core   0: 0x8000066a (0x0ca12283) lw      t0, 202(sp)
core   0: 3 0x8000066a (0x0ca12283) x 5 0xdcb59cf1 mem 0x80018454
core   0: 0x8000066e (0x00010397) auipc   t2, 0x10
core   0: 3 0x8000066e (0x00010397) x 7 0x8001066e
core   0: 0x80000672 (0x05e38393) addi    t2, t2, 94
core   0: 3 0x80000672 (0x05e38393) x 7 0x800106cc
core   0: 0x80000676 (0x00019b97) auipc   s7, 0x19
core   0: 3 0x80000676 (0x00019b97) x23 0x80019676
core   0: 0x8000067a (0x8c8b8b93) addi    s7, s7, -1848
core   0: 3 0x8000067a (0x8c8b8b93) x23 0x80018f3e
core   0: 0x8000067e (0xe23b8d23) sb      gp, -454(s7)
core   0: 3 0x8000067e (0xe23b8d23) mem 0x80018d78 0x71
core   0: 0x80000682 (0x0c4380a3) sb      tp, 193(t2)
core   0: 3 0x80000682 (0x0c4380a3) mem 0x8001078d 0x59
core   0: 0x80000686 (0xe263dd83) lhu     s11, -474(t2)
core   0: 3 0x80000686 (0xe263dd83) x27 0x0000c8d8 mem 0x800104f2
core   0: 0x8000068a (0x3fdb8103) lb      sp, 1021(s7)
core   0: 3 0x8000068a (0x3fdb8103) x 2 0x00000072 mem 0x8001933b
core   0: 0x8000068e (0x1c238ea3) sb      sp, 477(t2)
core   0: 3 0x8000068e (0x1c238ea3) mem 0x800108a9 0x72
core   0: 0x80000692 (0x6b438c23) sb      s4, 1720(t2)
core   0: 3 0x80000692 (0x6b438c23) mem 0x80010d84 0x0
core   0: 0x80000696 (0x4df38e83) lb      t4, 1247(t2)
core   0: 3 0x80000696 (0x4df38e83) x29 0x00000052 mem 0x80010bab
core   0: 0x8000069a (0xfae389a3) sb      a4, -77(t2)
core   0: 3 0x8000069a (0xfae389a3) mem 0x8001067f 0xfe
core   0: 0x8000069e (0xf1ebcf83) lbu     t6, -226(s7)
core   0: 3 0x8000069e (0xf1ebcf83) x31 0x00000050 mem 0x80018e5c
core   0: 0x800006a2 (0xc983da83) lhu     s5, -872(t2)
core   0: 3 0x800006a2 (0xc983da83) x21 0x00005f31 mem 0x80010364
core   0: 0x800006a6 (0xb46baa83) lw      s5, -1210(s7)
core   0: 3 0x800006a6 (0xb46baa83) x21 0x10876467 mem 0x80018a84
core   0: 0x800006aa (0x25938703) lb      a4, 601(t2)
core   0: 3 0x800006aa (0x25938703) x14 0x00000075 mem 0x80010925
core   0: 0x800006ae (0x9bcb8883) lb      a7, -1604(s7)
core   0: 3 0x800006ae (0x9bcb8883) x17 0x00000011 mem 0x800188fa
core   0: 0x800006b2 (0x4a639003) lh      zero, 1190(t2)
core   0: 3 0x800006b2 (0x4a639003) mem 0x80010b72
core   0: 0x800006b6 (0x4ea3c883) lbu     a7, 1258(t2)
core   0: 3 0x800006b6 (0x4ea3c883) x17 0x000000c5 mem 0x80010bb6
core   0: 0x800006ba (0x397bce83) lbu     t4, 919(s7)
core   0: 3 0x800006ba (0x397bce83) x29 0x000000e4 mem 0x800192d5
core   0: 0x800006be (0x00011517) auipc   a0, 0x11
core   0: 3 0x800006be (0x00011517) x10 0x800116be
core   0: 0x800006c2 (0x80350513) addi    a0, a0, -2045
core   0: 3 0x800006c2 (0x80350513) x10 0x80010ec1
core   0: 0x800006c6 (0x01d50623) sb      t4, 12(a0)
core   0: 3 0x800006c6 (0x01d50623) mem 0x80010ecd 0xe4
core   0: 0x800006ca (0x00010697) auipc   a3, 0x10
core   0: 3 0x800006ca (0x00010697) x13 0x800106ca
core   0: 0x800006ce (0x01868693) addi    a3, a3, 24
core   0: 3 0x800006ce (0x01868693) x13 0x800106e2
core   0: 0x800006d2 (0x02955b03) lhu     s6, 41(a0)
core   0: 3 0x800006d2 (0x02955b03) x22 0x00002c0a mem 0x80010eea
core   0: 0x800006d6 (0xff46da83) lhu     s5, -12(a3)
core   0: 3 0x800006d6 (0xff46da83) x21 0x000043a5 mem 0x800106d6
core   0: 0x800006da (0xffd515a3) sh      t4, -21(a0)
core   0: 3 0x800006da (0xffd515a3) mem 0x80010eac 0x00e4
core   0: 0x800006de (0x03450983) lb      s3, 52(a0)
core   0: 3 0x800006de (0x03450983) x19 0xffffff97 mem 0x80010ef5
core   0: 0x800006e2 (0x00e50e83) lb      t4, 14(a0)
core   0: 3 0x800006e2 (0x00e50e83) x29 0x00000058 mem 0x80010ecf
core   0: 0x800006e6 (0xff168003) lb      zero, -15(a3)
core   0: 3 0x800006e6 (0xff168003) mem 0x800106d3
core   0: 0x800006ea (0xff554103) lbu     sp, -11(a0)
core   0: 3 0x800006ea (0xff554103) x 2 0x000000e8 mem 0x80010eb6
core   0: 0x800006ee (0x010686a3) sb      a6, 13(a3)
core   0: 3 0x800006ee (0x010686a3) mem 0x800106ef 0x64
core   0: 0x800006f2 (0xfcf50a83) lb      s5, -49(a0)
core   0: 3 0x800006f2 (0xfcf50a83) x21 0x00000018 mem 0x80010e90
core   0: 0x800006f6 (0xffc50003) lb      zero, -4(a0)
core   0: 3 0x800006f6 (0xffc50003) mem 0x80010ebd
core   0: 0x800006fa (0x00968283) lb      t0, 9(a3)
core   0: 3 0x800006fa (0x00968283) x 5 0x00000065 mem 0x800106eb
core   0: 0x800006fe (0xfd450b23) sb      s4, -42(a0)
core   0: 3 0x800006fe (0xfd450b23) mem 0x80010e97 0x0
core   0: 0x80000702 (0xffe69383) lh      t2, -2(a3)
core   0: 3 0x80000702 (0xffe69383) x 7 0xffff8055 mem 0x800106e0
core   0: 0x80000706 (0x0076c783) lbu     a5, 7(a3)
core   0: 3 0x80000706 (0x0076c783) x15 0x00000060 mem 0x800106e9
core   0: 0x8000070a (0x00020117) auipc   sp, 0x20
core   0: 3 0x8000070a (0x00020117) x 2 0x8002070a
core   0: 0x8000070e (0x17410113) addi    sp, sp, 372
core   0: 3 0x8000070e (0x17410113) x 2 0x8002087e
core   0: 0x80000712 (0xf2b10003) lb      zero, -213(sp)
core   0: 3 0x80000712 (0xf2b10003) mem 0x800207a9
core   0: 0x80000716 (0x40db0033) sub     zero, s6, a3
core   0: 3 0x80000716 (0x40db0033)
core   0: 0x8000071a (0x0b514703) lbu     a4, 181(sp)
core   0: 3 0x8000071a (0x0b514703) x14 0x0000007a mem 0x80020933
core   0: 0x8000071e (0x00004b19) c.li    s6, 6
core   0: 3 0x8000071e (0x4b19) x22 0x00000006
core   0: 0x80000720 (0xf4e11823) sh      a4, -176(sp)
core   0: 3 0x80000720 (0xf4e11823) mem 0x800207ce 0x007a
core   0: 0x80000724 (0xf3910083) lb      ra, -199(sp)
core   0: 3 0x80000724 (0xf3910083) x 1 0x0000002f mem 0x800207b7
core   0: 0x80000728 (0x40af5fb3) sra     t6, t5, a0
core   0: 3 0x80000728 (0x40af5fb3) x31 0x00000000
core   0: 0x8000072c (0x02510d03) lb      s10, 37(sp)
core   0: 3 0x8000072c (0x02510d03) x26 0x00000021 mem 0x800208a3
core   0: 0x80000730 (0x00000001) c.nop
core   0: 3 0x80000730 (0x0001)
core   0: 0x80000732 (0xff014403) lbu     s0, -16(sp)
core   0: 3 0x80000732 (0xff014403) x 8 0x0000000d mem 0x8002086e
core   0: 0x80000736 (0xf7910303) lb      t1, -135(sp)
core   0: 3 0x80000736 (0xf7910303) x 6 0xffffffb6 mem 0x800207f7
core   0: 0x8000073a (0x0000987d) c.andi  s0, -1
core   0: 3 0x8000073a (0x987d) x 8 0x0000000d
core   0: 0x8000073c (0xf8e15c03) lhu     s8, -114(sp)
core   0: 3 0x8000073c (0xf8e15c03) x24 0x0000cd9b mem 0x8002080c
core   0: 0x80000740 (0x018b5593) srli    a1, s6, 24
core   0: 3 0x80000740 (0x018b5593) x11 0x00000000
core   0: 0x80000744 (0x2cef7893) andi    a7, t5, 718
core   0: 3 0x80000744 (0x2cef7893) x17 0x00000000
core   0: 0x80000748 (0xf1710423) sb      s7, -248(sp)
core   0: 3 0x80000748 (0xf1710423) mem 0x80020786 0x3e
core   0: 0x8000074c (0x00008fa5) c.xor   a5, s1
core   0: 3 0x8000074c (0x8fa5) x15 0x80029c84
core   0: 0x8000074e (0xf9b10b83) lb      s7, -101(sp)
core   0: 3 0x8000074e (0xf9b10b83) x23 0x00000063 mem 0x80020819
core   0: 0x80000752 (0xf2c14003) lbu     zero, -212(sp)
core   0: 3 0x80000752 (0xf2c14003) mem 0x800207aa
core   0: 0x80000756 (0x7d2b6c13) ori     s8, s6, 2002
core   0: 3 0x80000756 (0x7d2b6c13) x24 0x000007d6
core   0: 0x8000075a (0x00008759) c.srai  a4, 22
core   0: 3 0x8000075a (0x8759) x14 0x00000000
core   0: 0x8000075c (0xf4211283) lh      t0, -190(sp)
core   0: 3 0x8000075c (0xf4211283) x 5 0x000076ea mem 0x800207c0
core   0: 0x80000760 (0x00f16233) or      tp, sp, a5
core   0: 3 0x80000760 (0x00f16233) x 4 0x80029cfe
core   0: 0x80000764 (0xf9c108a3) sb      t3, -111(sp)
core   0: 3 0x80000764 (0xf9c108a3) mem 0x8002080f 0x7a
core   0: 0x80000768 (0x03844d33) div     s10, s0, s8
core   0: 3 0x80000768 (0x03844d33) x26 0x00000000
core   0: 0x8000076c (0x01314383) lbu     t2, 19(sp)
core   0: 3 0x8000076c (0x01314383) x 7 0x000000f1 mem 0x80020891
core   0: 0x80000770 (0xfcf11923) sh      a5, -46(sp)
core   0: 3 0x80000770 (0xfcf11923) mem 0x80020850 0x9c84
core   0: 0x80000774 (0x04b10603) lb      a2, 75(sp)
core   0: 3 0x80000774 (0x04b10603) x12 0xffffff9b mem 0x800208c9
core   0: 0x80000778 (0x00039693) slli    a3, t2, 0
core   0: 3 0x80000778 (0x00039693) x13 0x000000f1
core   0: 0x8000077c (0x05d14603) lbu     a2, 93(sp)
core   0: 3 0x8000077c (0x05d14603) x12 0x000000a2 mem 0x800208db
core   0: 0x80000780 (0x0a914e03) lbu     t3, 169(sp)
core   0: 3 0x80000780 (0x0a914e03) x28 0x00000034 mem 0x80020927
core   0: 0x80000784 (0xf4714f03) lbu     t5, -185(sp)
core   0: 3 0x80000784 (0xf4714f03) x30 0x0000009b mem 0x800207c5
core   0: 0x80000788 (0xfc910d83) lb      s11, -55(sp)
core   0: 3 0x80000788 (0xfc910d83) x27 0x0000007a mem 0x80020847
core   0: 0x8000078c (0x41865db3) sra     s11, a2, s8
core   0: 3 0x8000078c (0x41865db3) x27 0x00000000
core   0: 0x80000790 (0xf4714983) lbu     s3, -185(sp)
core   0: 3 0x80000790 (0xf4714983) x19 0x0000009b mem 0x800207c5
core   0: 0x80000794 (0x41d0d613) srai    a2, ra, 29
core   0: 3 0x80000794 (0x41d0d613) x12 0x00000000
core   0: 0x80000798 (0x00000001) c.nop
core   0: 3 0x80000798 (0x0001)
core   0: 0x8000079a (0x09210ea3) sb      s2, 157(sp)
core   0: 3 0x8000079a (0x09210ea3) mem 0x8002091b 0x84
core   0: 0x8000079e (0xf2514a83) lbu     s5, -219(sp)
core   0: 3 0x8000079e (0xf2514a83) x21 0x00000003 mem 0x800207a3
core   0: 0x800007a2 (0x00008c29) c.xor   s0, a0
core   0: 3 0x800007a2 (0x8c29) x 8 0x80010ecc
core   0: 0x800007a4 (0x0b310b83) lb      s7, 179(sp)
core   0: 3 0x800007a4 (0x0b310b83) x23 0xffffff9f mem 0x80020931
core   0: 0x800007a8 (0x07c11403) lh      s0, 124(sp)
core   0: 3 0x800007a8 (0x07c11403) x 8 0x000011c0 mem 0x800208fa
core   0: 0x800007ac (0x00010117) auipc   sp, 0x10
core   0: 3 0x800007ac (0x00010117) x 2 0x800107ac
core   0: 0x800007b0 (0x54410113) addi    sp, sp, 1348
core   0: 3 0x800007b0 (0x54410113) x 2 0x80010cf0
core   0: 0x800007b4 (0x02be9733) mulh    a4, t4, a1
core   0: 3 0x800007b4 (0x02be9733) x14 0x00000000
core   0: 0x800007b8 (0x1bbee713) ori     a4, t4, 443
core   0: 3 0x800007b8 (0x1bbee713) x14 0x000001fb
core   0: 0x800007bc (0x00004ec2) c.lwsp  t4, 16(sp)
core   0: 3 0x800007bc (0x4ec2) x29 0x48f7c235 mem 0x80010d00
core   0: 0x800007be (0xff710ea3) sb      s7, -3(sp)
core   0: 3 0x800007be (0xff710ea3) mem 0x80010ced 0x9f
core   0: 0x800007c2 (0x03dbf733) remu    a4, s7, t4
core   0: 3 0x800007c2 (0x03dbf733) x14 0x2518b900
core   0: 0x800007c6 (0x1f7ef593) andi    a1, t4, 503
core   0: 3 0x800007c6 (0x1f7ef593) x11 0x00000035
core   0: 0x800007ca (0x0000c43a) c.swsp  a4, 8(sp)
core   0: 3 0x800007ca (0xc43a) mem 0x80010cf8 0x2518b900
core   0: 0x800007cc (0x00210b83) lb      s7, 2(sp)
core   0: 3 0x800007cc (0x00210b83) x23 0xffffffb7 mem 0x80010cf2
core   0: 0x800007d0 (0x0ff0000f) fence   iorw,iorw
core   0: 3 0x800007d0 (0x0ff0000f)
core   0: 0x800007d4 (0x00005bfd) c.li    s7, -1
core   0: 3 0x800007d4 (0x5bfd) x23 0xffffffff
core   0: 0x800007d6 (0x0000972e) c.add   a4, a1
core   0: 3 0x800007d6 (0x972e) x14 0x2518b935
core   0: 0x800007d8 (0x02cb8bb3) mul     s7, s7, a2
core   0: 3 0x800007d8 (0x02cb8bb3) x23 0x00000000
core   0: 0x800007dc (0x01d102a3) sb      t4, 5(sp)
core   0: 3 0x800007dc (0x01d102a3) mem 0x80010cf5 0x35
core   0: 0x800007e0 (0x00004e92) c.lwsp  t4, 4(sp)
core   0: 3 0x800007e0 (0x4e92) x29 0x14ca350f mem 0x80010cf4
core   0: 0x800007e2 (0x00008615) c.srai  a2, 5
core   0: 3 0x800007e2 (0x8615) x12 0x00000000
core   0: 0x800007e4 (0xff7109a3) sb      s7, -13(sp)
core   0: 3 0x800007e4 (0xff7109a3) mem 0x80010ce3 0x0
core   0: 0x800007e8 (0x00215e83) lhu     t4, 2(sp)
core   0: 3 0x800007e8 (0x00215e83) x29 0x000038b7 mem 0x80010cf2
core   0: 0x800007ec (0x00008e79) c.and   a2, a4
core   0: 3 0x800007ec (0x8e79) x12 0x00000000
core   0: 0x800007ee (0x00b107a3) sb      a1, 15(sp)
core   0: 3 0x800007ee (0x00b107a3) mem 0x80010cff 0x35
core   0: 0x800007f2 (0x00000eed) c.addi  t4, 27
core   0: 3 0x800007f2 (0x0eed) x29 0x000038d2
core   0: 0x800007f4 (0xffc10aa3) sb      t3, -11(sp)
core   0: 3 0x800007f4 (0xffc10aa3) mem 0x80010ce5 0x34
core   0: 0x800007f8 (0xd52ee593) ori     a1, t4, -686
core   0: 3 0x800007f8 (0xd52ee593) x11 0xfffffdd2
core   0: 0x800007fc (0x01d665b3) or      a1, a2, t4
core   0: 3 0x800007fc (0x01d665b3) x11 0x000038d2
core   0: 0x80000800 (0xff314703) lbu     a4, -13(sp)
core   0: 3 0x80000800 (0xff314703) x14 0x00000000 mem 0x80010ce3
core   0: 0x80000804 (0x0000c45e) c.swsp  s7, 8(sp)
core   0: 3 0x80000804 (0xc45e) mem 0x80010cf8 0x00000000
core   0: 0x80000806 (0x01710723) sb      s7, 14(sp)
core   0: 3 0x80000806 (0x01710723) mem 0x80010cfe 0x0
core   0: 0x8000080a (0x00b102a3) sb      a1, 5(sp)
core   0: 3 0x8000080a (0x00b102a3) mem 0x80010cf5 0xd2
core   0: 0x8000080e (0xfff14e03) lbu     t3, -1(sp)
core   0: 3 0x8000080e (0xfff14e03) x28 0x000000e8 mem 0x80010cef
core   0: 0x80000812 (0x00a00d13) li      s10, 10
core   0: 3 0x80000812 (0x00a00d13) x26 0x0000000a
core   0: 0x80000816 (0xfcdffe93) andi    t4, t6, -51
core   0: 3 0x80000816 (0xfcdffe93) x29 0x00000000
core   0: 0x8000081a (0x02b04033) div     zero, zero, a1
core   0: 3 0x8000081a (0x02b04033)
core   0: 0x8000081e (0x00000001) c.nop
core   0: 3 0x8000081e (0x0001)
core   0: 0x80000820 (0xffc00693) li      a3, -4
core   0: 3 0x80000820 (0xffc00693) x13 0xfffffffc
core   0: 0x80000824 (0x00008fb5) c.xor   a5, a3
core   0: 3 0x80000824 (0x8fb5) x15 0x7ffd6378
core   0: 0x80000826 (0x05e5b237) lui     tp, 0x5e5b
core   0: 3 0x80000826 (0x05e5b237) x 4 0x05e5b000
core   0: 0x8000082a (0x006d39b3) sltu    s3, s10, t1
core   0: 3 0x8000082a (0x006d39b3) x19 0x00000001
core   0: 0x8000082e (0x03156cb3) rem     s9, a0, a7
core   0: 3 0x8000082e (0x03156cb3) x25 0x80010ec1
core   0: 0x80000832 (0x00006099) c.lui   ra, 0x6
core   0: 3 0x80000832 (0x6099) x 1 0x00006000
core   0: 0x80000834 (0x00001d65) c.addi  s10, -7
core   0: 3 0x80000834 (0x1d65) x26 0x00000003
core   0: 0x80000836 (0x00008f9d) c.sub   a5, a5
core   0: 3 0x80000836 (0x8f9d) x15 0x00000000
core   0: 0x80000838 (0x00008de5) c.and   a1, s1
core   0: 3 0x80000838 (0x8de5) x11 0x000018c0
core   0: 0x8000083a (0xff700613) li      a2, -9
core   0: 3 0x8000083a (0xff700613) x12 0xfffffff7
core   0: 0x8000083e (0x018f09b3) add     s3, t5, s8
core   0: 3 0x8000083e (0x018f09b3) x19 0x00000871
core   0: 0x80000842 (0xdd038f93) addi    t6, t2, -560
core   0: 3 0x80000842 (0xdd038f93) x31 0xfffffec1
core   0: 0x80000846 (0x00400913) li      s2, 4
core   0: 3 0x80000846 (0x00400913) x18 0x00000004
core   0: 0x8000084a (0x02a5af33) mulhsu  t5, a1, a0
core   0: 3 0x8000084a (0x02a5af33) x30 0x00000c60
core   0: 0x8000084e (0x0384c5b3) div     a1, s1, s8
core   0: 3 0x8000084e (0x0384c5b3) x11 0xffefaa94
core   0: 0x80000852 (0x00e1ecb3) or      s9, gp, a4
core   0: 3 0x80000852 (0x00e1ecb3) x25 0xbfffff71
core   0: 0x80000856 (0x01c0a433) slt     s0, ra, t3
core   0: 3 0x80000856 (0x01c0a433) x 8 0x00000000
core   0: 0x8000085a (0x01e42db3) slt     s11, s0, t5
core   0: 3 0x8000085a (0x01e42db3) x27 0x00000001
core   0: 0x8000085e (0x02a11233) mulh    tp, sp, a0
core   0: 3 0x8000085e (0x02a11233) x 4 0x3ffef228
core   0: 0x80000862 (0x00000629) c.addi  a2, 10
core   0: 3 0x80000862 (0x0629) x12 0x00000001
core   0: 0x80000864 (0xff2663e3) bltu    a2, s2, pc - 26
core   0: 3 0x80000864 (0xff2663e3)
core   0: 0x8000084a (0x02a5af33) mulhsu  t5, a1, a0
core   0: 3 0x8000084a (0x02a5af33) x30 0xfff7d538
core   0: 0x8000084e (0x0384c5b3) div     a1, s1, s8
core   0: 3 0x8000084e (0x0384c5b3) x11 0xffefaa94
core   0: 0x80000852 (0x00e1ecb3) or      s9, gp, a4
core   0: 3 0x80000852 (0x00e1ecb3) x25 0xbfffff71
core   0: 0x80000856 (0x01c0a433) slt     s0, ra, t3
core   0: 3 0x80000856 (0x01c0a433) x 8 0x00000000
core   0: 0x8000085a (0x01e42db3) slt     s11, s0, t5
core   0: 3 0x8000085a (0x01e42db3) x27 0x00000000
core   0: 0x8000085e (0x02a11233) mulh    tp, sp, a0
core   0: 3 0x8000085e (0x02a11233) x 4 0x3ffef228
core   0: 0x80000862 (0x00000629) c.addi  a2, 10
core   0: 3 0x80000862 (0x0629) x12 0x0000000b
core   0: 0x80000864 (0xff2663e3) bltu    a2, s2, pc - 26
core   0: 3 0x80000864 (0xff2663e3)
core   0: 0x80000868 (0x0129e0b3) or      ra, s3, s2
core   0: 3 0x80000868 (0x0129e0b3) x 1 0x00000875
core   0: 0x8000086c (0x00521413) slli    s0, tp, 5
core   0: 3 0x8000086c (0x00521413) x 8 0xffde4500
core   0: 0x80000870 (0xa2470537) lui     a0, 0xa2470
core   0: 3 0x80000870 (0xa2470537) x10 0xa2470000
core   0: 0x80000874 (0xfadd0be3) beq     s10, a3, pc - 74
core   0: 3 0x80000874 (0xfadd0be3)
core   0: 0x80000878 (0x00008222) c.mv    tp, s0
core   0: 3 0x80000878 (0x8222) x 4 0xffde4500
core   0: 0x8000087a (0x00010117) auipc   sp, 0x10
core   0: 3 0x8000087a (0x00010117) x 2 0x8001087a
core   0: 0x8000087e (0xc4a10113) addi    sp, sp, -950
core   0: 3 0x8000087e (0xc4a10113) x 2 0x800104c4
core   0: 0x80000882 (0x03d10e33) mul     t3, sp, t4
core   0: 3 0x80000882 (0x03d10e33) x28 0x00000000
core   0: 0x80000886 (0x00000001) c.nop
core   0: 3 0x80000886 (0x0001)
core   0: 0x80000888 (0x57a10c23) sb      s10, 1400(sp)
core   0: 3 0x80000888 (0x57a10c23) mem 0x80010a3c 0x3
core   0: 0x8000088c (0x00b27b33) and     s6, tp, a1
core   0: 3 0x8000088c (0x00b27b33) x22 0xffce0000
core   0: 0x80000890 (0x000083d9) c.srli  a5, 22
core   0: 3 0x80000890 (0x83d9) x15 0x00000000
core   0: 0x80000892 (0x076101a3) sb      s6, 99(sp)
core   0: 3 0x80000892 (0x076101a3) mem 0x80010527 0x0
core   0: 0x80000896 (0x00008dfd) c.and   a1, a5
core   0: 3 0x80000896 (0x8dfd) x11 0x00000000
core   0: 0x80000898 (0x01ba2c33) slt     s8, s4, s11
core   0: 3 0x80000898 (0x01ba2c33) x24 0x00000001
core   0: 0x8000089c (0x00ae08b3) add     a7, t3, a0
core   0: 3 0x8000089c (0x00ae08b3) x17 0xa2470000
core   0: 0x800008a0 (0x01d7c933) xor     s2, a5, t4
core   0: 3 0x800008a0 (0x01d7c933) x18 0x00000000
core   0: 0x800008a4 (0x01347633) and     a2, s0, s3
core   0: 3 0x800008a4 (0x01347633) x12 0x00000000
core   0: 0x800008a8 (0x6a210b23) sb      sp, 1718(sp)
core   0: 3 0x800008a8 (0x6a210b23) mem 0x80010b7a 0xc4
core   0: 0x800008ac (0xdd010983) lb      s3, -560(sp)
core   0: 3 0x800008ac (0xdd010983) x19 0x0000006a mem 0x80010294
core   0: 0x800008b0 (0x7ac12a83) lw      s5, 1964(sp)
core   0: 3 0x800008b0 (0x7ac12a83) x21 0xbb613e1d mem 0x80010c70
core   0: 0x800008b4 (0x24812083) lw      ra, 584(sp)
core   0: 3 0x800008b4 (0x24812083) x 1 0xe85efb2b mem 0x8001070c
core   0: 0x800008b8 (0x00341a93) slli    s5, s0, 3
core   0: 3 0x800008b8 (0x00341a93) x21 0xfef22800
core   0: 0x800008bc (0x46459237) lui     tp, 0x46459
core   0: 3 0x800008bc (0x46459237) x 4 0x46459000
core   0: 0x800008c0 (0x00168eb3) add     t4, a3, ra
core   0: 3 0x800008c0 (0x00168eb3) x29 0xe85efb27
core   0: 0x800008c4 (0x00008e95) c.sub   a3, a3
core   0: 3 0x800008c4 (0x8e95) x13 0x00000000
core   0: 0x800008c6 (0x65810623) sb      s8, 1612(sp)
core   0: 3 0x800008c6 (0x65810623) mem 0x80010b10 0x1
core   0: 0x800008ca (0x052b8513) addi    a0, s7, 82
core   0: 3 0x800008ca (0x052b8513) x10 0x00000052
core   0: 0x800008ce (0xcef14903) lbu     s2, -785(sp)
core   0: 3 0x800008ce (0xcef14903) x18 0x00000037 mem 0x800101b3
core   0: 0x800008d2 (0x003d8533) add     a0, s11, gp
core   0: 3 0x800008d2 (0x003d8533) x10 0xbfffff71
core   0: 0x800008d6 (0x63711923) sh      s7, 1586(sp)
core   0: 3 0x800008d6 (0x63711923) mem 0x80010af6 0x0000
core   0: 0x800008da (0x10710183) lb      gp, 263(sp)
core   0: 3 0x800008da (0x10710183) x 3 0x0000006c mem 0x800105cb
core   0: 0x800008de (0x0f710783) lb      a5, 247(sp)
core   0: 3 0x800008de (0x0f710783) x15 0xffffff83 mem 0x800105bb
core   0: 0x800008e2 (0x41135c93) srai    s9, t1, 17
core   0: 3 0x800008e2 (0x41135c93) x25 0xffffffff
core   0: 0x800008e6 (0x00000001) c.nop
core   0: 3 0x800008e6 (0x0001)
core   0: 0x800008e8 (0x00009e36) c.add   t3, a3
core   0: 3 0x800008e8 (0x9e36) x28 0x00000000
core   0: 0x800008ea (0x71110323) sb      a7, 1798(sp)
core   0: 3 0x800008ea (0x71110323) mem 0x80010bca 0x0
core   0: 0x800008ee (0x036daf33) mulhsu  t5, s11, s6
core   0: 3 0x800008ee (0x036daf33) x30 0x00000000
core   0: 0x800008f2 (0x00000001) c.nop
core   0: 3 0x800008f2 (0x0001)
core   0: 0x800008f4 (0x00cf5e13) srli    t3, t5, 12
core   0: 3 0x800008f4 (0x00cf5e13) x28 0x00000000
core   0: 0x800008f8 (0x62314d83) lbu     s11, 1571(sp)
core   0: 3 0x800008f8 (0x62314d83) x27 0x00000063 mem 0x80010ae7
core   0: 0x800008fc (0x027900b3) mul     ra, s2, t2
core   0: 3 0x800008fc (0x027900b3) x 1 0x000033c7
core   0: 0x80000900 (0x00008005) c.srli  s0, 1
core   0: 3 0x80000900 (0x8005) x 8 0x7fef2280
core   0: 0x80000902 (0x0000cef6) c.swsp  t4, 92(sp)
core   0: 3 0x80000902 (0xcef6) mem 0x80010520 0xe85efb27
core   0: 0x80000904 (0x00004c15) c.li    s8, 5
core   0: 3 0x80000904 (0x4c15) x24 0x00000005
core   0: 0x80000906 (0x01d7c733) xor     a4, a5, t4
core   0: 3 0x80000906 (0x01d7c733) x14 0x17a104a4
core   0: 0x8000090a (0x38310583) lb      a1, 899(sp)
core   0: 3 0x8000090a (0x38310583) x11 0xfffffff7 mem 0x80010847
core   0: 0x8000090e (0x03f6aab3) mulhsu  s5, a3, t6
core   0: 3 0x8000090e (0x03f6aab3) x21 0x00000000
core   0: 0x80000912 (0x64d14903) lbu     s2, 1613(sp)
core   0: 3 0x80000912 (0x64d14903) x18 0x000000ad mem 0x80010b11
core   0: 0x80000916 (0x03a4f2b3) remu    t0, s1, s10
core   0: 3 0x80000916 (0x03a4f2b3) x 5 0x00000001
core   0: 0x8000091a (0x00000001) c.nop
core   0: 3 0x8000091a (0x0001)
core   0: 0x8000091c (0x6e511923) sh      t0, 1778(sp)
core   0: 3 0x8000091c (0x6e511923) mem 0x80010bb6 0x0001
core   0: 0x80000920 (0xf7110aa3) sb      a7, -139(sp)
core   0: 3 0x80000920 (0xf7110aa3) mem 0x80010439 0x0
core   0: 0x80000924 (0x00000196) c.slli  gp, 5
core   0: 3 0x80000924 (0x0196) x 3 0x00000d80
core   0: 0x80000926 (0x44410683) lb      a3, 1092(sp)
core   0: 3 0x80000926 (0x44410683) x13 0x0000002c mem 0x80010908
core   0: 0x8000092a (0xf219a693) slti    a3, s3, -223
core   0: 3 0x8000092a (0xf219a693) x13 0x00000000
core   0: 0x8000092e (0x58b12a23) sw      a1, 1428(sp)
core   0: 3 0x8000092e (0x58b12a23) mem 0x80010a58 0xfffffff7
core   0: 0x80000932 (0x51311d23) sh      s3, 1306(sp)
core   0: 3 0x80000932 (0x51311d23) mem 0x800109de 0x006a
core   0: 0x80000936 (0x07811523) sh      s8, 106(sp)
core   0: 3 0x80000936 (0x07811523) mem 0x8001052e 0x0005
core   0: 0x8000093a (0xf2f14683) lbu     a3, -209(sp)
core   0: 3 0x8000093a (0xf2f14683) x13 0x000000cd mem 0x800103f3
core   0: 0x8000093e (0x00010117) auipc   sp, 0x10
core   0: 3 0x8000093e (0x00010117) x 2 0x8001093e
core   0: 0x80000942 (0x94b10113) addi    sp, sp, -1717
core   0: 3 0x80000942 (0x94b10113) x 2 0x80010289
core   0: 0x80000946 (0x01bda033) slt     zero, s11, s11
core   0: 3 0x80000946 (0x01bda033)
core   0: 0x8000094a (0x41850733) sub     a4, a0, s8
core   0: 3 0x8000094a (0x41850733) x14 0xbfffff6c
core   0: 0x8000094e (0x6c710403) lb      s0, 1735(sp)
core   0: 3 0x8000094e (0x6c710403) x 8 0xffffffba mem 0x80010950
core   0: 0x80000952 (0x69a108a3) sb      s10, 1681(sp)
core   0: 3 0x80000952 (0x69a108a3) mem 0x8001091a 0x3
core   0: 0x80000956 (0x00008c4d) c.or    s0, a1
core   0: 3 0x80000956 (0x8c4d) x 8 0xffffffff
core   0: 0x80000958 (0x02dd0233) mul     tp, s10, a3
core   0: 3 0x80000958 (0x02dd0233) x 4 0x00000267
core   0: 0x8000095c (0xc3fd2db7) lui     s11, 0xc3fd2
core   0: 3 0x8000095c (0xc3fd2db7) x27 0xc3fd2000
core   0: 0x80000960 (0x00008eb1) c.xor   a3, a2
core   0: 3 0x80000960 (0x8eb1) x13 0x000000cd
core   0: 0x80000962 (0x00ab0033) add     zero, s6, a0
core   0: 3 0x80000962 (0x00ab0033)
core   0: 0x80000966 (0x51514883) lbu     a7, 1301(sp)
core   0: 3 0x80000966 (0x51514883) x17 0x00000092 mem 0x8001079e
core   0: 0x8000096a (0x42e10c03) lb      s8, 1070(sp)
core   0: 3 0x8000096a (0x42e10c03) x24 0x00000043 mem 0x800106b7
core   0: 0x8000096e (0xca9c0013) addi    zero, s8, -855
core   0: 3 0x8000096e (0xca9c0013)
core   0: 0x80000972 (0x21910403) lb      s0, 537(sp)
core   0: 3 0x80000972 (0x21910403) x 8 0xffffff8a mem 0x800104a2
core   0: 0x80000976 (0x0ac14303) lbu     t1, 172(sp)
core   0: 3 0x80000976 (0x0ac14303) x 6 0x00000066 mem 0x80010335
core   0: 0x8000097a (0x38b10fa3) sb      a1, 927(sp)
core   0: 3 0x8000097a (0x38b10fa3) mem 0x80010628 0xf7
core   0: 0x8000097e (0x63514603) lbu     a2, 1589(sp)
core   0: 3 0x8000097e (0x63514603) x12 0x0000003e mem 0x800108be
core   0: 0x80000982 (0xaa5ce513) ori     a0, s9, -1371
core   0: 3 0x80000982 (0xaa5ce513) x10 0xffffffff
core   0: 0x80000986 (0x00724ab3) xor     s5, tp, t2
core   0: 3 0x80000986 (0x00724ab3) x21 0x00000296
core   0: 0x8000098a (0x00008d99) c.sub   a1, a4
core   0: 3 0x8000098a (0x8d99) x11 0x4000008b
core   0: 0x8000098c (0x000087e9) c.srai  a5, 26
core   0: 3 0x8000098c (0x87e9) x15 0xffffffff
core   0: 0x8000098e (0x02faa033) mulhsu  zero, s5, a5
core   0: 3 0x8000098e (0x02faa033)
core   0: 0x80000992 (0x16910183) lb      gp, 361(sp)
core   0: 3 0x80000992 (0x16910183) x 3 0x0000002f mem 0x800103f2
core   0: 0x80000996 (0xb4befa97) auipc   s5, 0xb4bef
core   0: 3 0x80000996 (0xb4befa97) x21 0x34bef996
core   0: 0x8000099a (0x00000226) c.slli  tp, 9
core   0: 3 0x8000099a (0x0226) x 4 0x0004ce00
core   0: 0x8000099c (0xd93deb93) ori     s7, s11, -621
core   0: 3 0x8000099c (0xd93deb93) x23 0xfffffd93
core   0: 0x800009a0 (0xfd463a93) sltiu   s5, a2, -44
core   0: 3 0x800009a0 (0xfd463a93) x21 0x00000001
core   0: 0x800009a4 (0x0000878d) c.srai  a5, 3
core   0: 3 0x800009a4 (0x878d) x15 0xffffffff
core   0: 0x800009a6 (0x00008e89) c.sub   a3, a0
core   0: 3 0x800009a6 (0x8e89) x13 0x000000ce
core   0: 0x800009a8 (0x33d95a97) auipc   s5, 0x33d95
core   0: 3 0x800009a8 (0x33d95a97) x21 0xb3d959a8
core   0: 0x800009ac (0x015986b3) add     a3, s3, s5
core   0: 3 0x800009ac (0x015986b3) x13 0xb3d95a12
core   0: 0x800009b0 (0xf1d10fa3) sb      t4, -225(sp)
core   0: 3 0x800009b0 (0xf1d10fa3) mem 0x800101a8 0x27
core   0: 0x800009b4 (0x0cf11e83) lh      t4, 207(sp)
core   0: 3 0x800009b4 (0x0cf11e83) x29 0xffff8050 mem 0x80010358
core   0: 0x800009b8 (0x3d810b23) sb      s8, 982(sp)
core   0: 3 0x800009b8 (0x3d810b23) mem 0x8001065f 0x43
core   0: 0x800009bc (0x03612ba3) sw      s6, 55(sp)
core   0: 3 0x800009bc (0x03612ba3) mem 0x800102c0 0xffce0000
core   0: 0x800009c0 (0x000011fd) c.addi  gp, -1
core   0: 3 0x800009c0 (0x11fd) x 3 0x0000002e
core   0: 0x800009c2 (0x5e712683) lw      a3, 1511(sp)
core   0: 3 0x800009c2 (0x5e712683) x13 0x3a9245e7 mem 0x80010870
core   0: 0x800009c6 (0x2ca9b513) sltiu   a0, s3, 714
core   0: 3 0x800009c6 (0x2ca9b513) x10 0x00000001
core   0: 0x800009ca (0x962ffa97) auipc   s5, 0x962ff
core   0: 3 0x800009ca (0x962ffa97) x21 0x162ff9ca
core   0: 0x800009ce (0x0368ceb3) div     t4, a7, s6
core   0: 3 0x800009ce (0x0368ceb3) x29 0x00000000
core   0: 0x800009d2 (0x05782037) lui     zero, 0x5782
core   0: 3 0x800009d2 (0x05782037)
core   0: 0x800009d6 (0x0d611aa3) sh      s6, 213(sp)
core   0: 3 0x800009d6 (0x0d611aa3) mem 0x8001035e 0x0000
core   0: 0x800009da (0x0001d117) auipc   sp, 0x1d
core   0: 3 0x800009da (0x0001d117) x 2 0x8001d9da
core   0: 0x800009de (0xcaf10113) addi    sp, sp, -849
core   0: 3 0x800009de (0xcaf10113) x 2 0x8001d689
core   0: 0x800009e2 (0x02c6b533) mulhu   a0, a3, a2
core   0: 3 0x800009e2 (0x02c6b533) x10 0x0000000e
core   0: 0x800009e6 (0x00009922) c.add   s2, s0
core   0: 3 0x800009e6 (0x9922) x18 0x00000037
core   0: 0x800009e8 (0x00712c83) lw      s9, 7(sp)
core   0: 3 0x800009e8 (0x00712c83) x25 0x48e1b0c7 mem 0x8001d690
core   0: 0x800009ec (0x008c4ab3) xor     s5, s8, s0
core   0: 3 0x800009ec (0x008c4ab3) x21 0xffffffc9
core   0: 0x800009f0 (0x00000001) c.nop
core   0: 3 0x800009f0 (0x0001)
core   0: 0x800009f2 (0x004e1193) slli    gp, t3, 4
core   0: 3 0x800009f2 (0x004e1193) x 3 0x00000000
core   0: 0x800009f6 (0x0065e433) or      s0, a1, t1
core   0: 3 0x800009f6 (0x0065e433) x 8 0x400000ef
core   0: 0x800009fa (0xfff11f83) lh      t6, -1(sp)
core   0: 3 0x800009fa (0xfff11f83) x31 0x00001259 mem 0x8001d688
core   0: 0x800009fe (0x00008c61) c.and   s0, s0
core   0: 3 0x800009fe (0x8c61) x 8 0x400000ef
core   0: 0x80000a00 (0x000015fd) c.addi  a1, -1
core   0: 3 0x80000a00 (0x15fd) x11 0x4000008a
core   0: 0x80000a02 (0x00f117a3) sh      a5, 15(sp)
core   0: 3 0x80000a02 (0x00f117a3) mem 0x8001d698 0xffff
core   0: 0x80000a06 (0xfe011aa3) sh      zero, -11(sp)
core   0: 3 0x80000a06 (0xfe011aa3) mem 0x8001d67e 0x0000
core   0: 0x80000a0a (0x418f08b3) sub     a7, t5, s8
core   0: 3 0x80000a0a (0x418f08b3) x17 0xffffffbd
core   0: 0x80000a0e (0x01d10323) sb      t4, 6(sp)
core   0: 3 0x80000a0e (0x01d10323) mem 0x8001d68f 0x0
core   0: 0x80000a12 (0x01be16b3) sll     a3, t3, s11
core   0: 3 0x80000a12 (0x01be16b3) x13 0x00000000
core   0: 0x80000a16 (0x0129e8b3) or      a7, s3, s2
core   0: 3 0x80000a16 (0x0129e8b3) x17 0x0000007f
core   0: 0x80000a1a (0xff715903) lhu     s2, -9(sp)
core   0: 3 0x80000a1a (0xff715903) x18 0x0000988e mem 0x8001d680
core   0: 0x80000a1e (0x00c14703) lbu     a4, 12(sp)
core   0: 3 0x80000a1e (0x00c14703) x14 0x00000033 mem 0x8001d695
core   0: 0x80000a22 (0xff711da3) sh      s7, -5(sp)
core   0: 3 0x80000a22 (0xff711da3) mem 0x8001d684 0xfd93
core   0: 0x80000a26 (0x00050fb3) add     t6, a0, zero
core   0: 3 0x80000a26 (0x00050fb3) x31 0x0000000e
core   0: 0x80000a2a (0x00114283) lbu     t0, 1(sp)
core   0: 3 0x80000a2a (0x00114283) x 5 0x00000097 mem 0x8001d68a
core   0: 0x80000a2e (0x00f69033) sll     zero, a3, a5
core   0: 3 0x80000a2e (0x00f69033)
core   0: 0x80000a32 (0x00008ef5) c.and   a3, a3
core   0: 3 0x80000a32 (0x8ef5) x13 0x00000000
core   0: 0x80000a34 (0x00000001) c.nop
core   0: 3 0x80000a34 (0x0001)
core   0: 0x80000a36 (0x02ed75b3) remu    a1, s10, a4
core   0: 3 0x80000a36 (0x02ed75b3) x11 0x00000003
core   0: 0x80000a3a (0xb3cf2893) slti    a7, t5, -1220
core   0: 3 0x80000a3a (0xb3cf2893) x17 0x00000000
core   0: 0x80000a3e (0x01c10423) sb      t3, 8(sp)
core   0: 3 0x80000a3e (0x01c10423) mem 0x8001d691 0x0
core   0: 0x80000a42 (0xffe14303) lbu     t1, -2(sp)
core   0: 3 0x80000a42 (0xffe14303) x 6 0x0000009d mem 0x8001d687
core   0: 0x80000a46 (0x039cf033) remu    zero, s9, s9
core   0: 3 0x80000a46 (0x039cf033)
core   0: 0x80000a4a (0x03e2d8b3) divu    a7, t0, t5
core   0: 3 0x80000a4a (0x03e2d8b3) x17 0xffffffff
core   0: 0x80000a4e (0x00010023) sb      zero, 0(sp)
core   0: 3 0x80000a4e (0x00010023) mem 0x8001d689 0x0
core   0: 0x80000a52 (0xfff12003) lw      zero, -1(sp)
core   0: 3 0x80000a52 (0xfff12003) mem 0x8001d688
core   0: 0x80000a56 (0x0001c117) auipc   sp, 0x1c
core   0: 3 0x80000a56 (0x0001c117) x 2 0x8001ca56
core   0: 0x80000a5a (0xe1110113) addi    sp, sp, -495
core   0: 3 0x80000a5a (0xe1110113) x 2 0x8001c867
core   0: 0x80000a5e (0xefd10e23) sb      t4, -260(sp)
core   0: 3 0x80000a5e (0xefd10e23) mem 0x8001c763 0x0
core   0: 0x80000a62 (0xd1313d93) sltiu   s11, sp, -749
core   0: 3 0x80000a62 (0xd1313d93) x27 0x00000001
core   0: 0x80000a66 (0x33912603) lw      a2, 825(sp)
core   0: 3 0x80000a66 (0x33912603) x12 0x98554f7a mem 0x8001cba0
core   0: 0x80000a6a (0xc5810c23) sb      s8, -936(sp)
core   0: 3 0x80000a6a (0xc5810c23) mem 0x8001c4bf 0x43
core   0: 0x80000a6e (0x07412aa3) sw      s4, 117(sp)
core   0: 3 0x80000a6e (0x07412aa3) mem 0x8001c8dc 0x80000000
core   0: 0x80000a72 (0x4c514003) lbu     zero, 1221(sp)
core   0: 3 0x80000a72 (0x4c514003) mem 0x8001cd2c
core   0: 0x80000a76 (0x317112a3) sh      s7, 773(sp)
core   0: 3 0x80000a76 (0x317112a3) mem 0x8001cb6c 0xfd93
core   0: 0x80000a7a (0x4f017193) andi    gp, sp, 1264
core   0: 3 0x80000a7a (0x4f017193) x 3 0x00000060
core   0: 0x80000a7e (0x487103a3) sb      t2, 1159(sp)
core   0: 3 0x80000a7e (0x487103a3) mem 0x8001ccee 0xf1
core   0: 0x80000a82 (0x0bb115a3) sh      s11, 171(sp)
core   0: 3 0x80000a82 (0x0bb115a3) mem 0x8001c912 0x0001
core   0: 0x80000a86 (0x336109a3) sb      s6, 819(sp)
core   0: 3 0x80000a86 (0x336109a3) mem 0x8001cb9a 0x0
core   0: 0x80000a8a (0xb2a10183) lb      gp, -1238(sp)
core   0: 3 0x80000a8a (0xb2a10183) x 3 0x00000032 mem 0x8001c391
core   0: 0x80000a8e (0x7b414f83) lbu     t6, 1972(sp)
core   0: 3 0x80000a8e (0x7b414f83) x31 0x00000098 mem 0x8001d01b
core   0: 0x80000a92 (0x79310203) lb      tp, 1939(sp)
core   0: 3 0x80000a92 (0x79310203) x 4 0x00000068 mem 0x8001cffa
core   0: 0x80000a96 (0x87e11ea3) sh      t5, -1923(sp)
core   0: 3 0x80000a96 (0x87e11ea3) mem 0x8001c0e4 0x0000
core   0: 0x80000a9a (0x03e10923) sb      t5, 50(sp)
core   0: 3 0x80000a9a (0x03e10923) mem 0x8001c899 0x0
core   0: 0x80000a9e (0x49a114a3) sh      s10, 1161(sp)
core   0: 3 0x80000a9e (0x49a114a3) mem 0x8001ccf0 0x0003
core   0: 0x80000aa2 (0xaea10403) lb      s0, -1302(sp)
core   0: 3 0x80000aa2 (0xaea10403) x 8 0x0000003a mem 0x8001c351
core   0: 0x80000aa6 (0x000087b6) c.mv    a5, a3
core   0: 3 0x80000aa6 (0x87b6) x15 0x00000000
core   0: 0x80000aa8 (0xa2410b83) lb      s7, -1500(sp)
core   0: 3 0x80000aa8 (0xa2410b83) x23 0x0000000f mem 0x8001c28b
core   0: 0x80000aac (0x0000801d) c.srli  s0, 7
core   0: 3 0x80000aac (0x801d) x 8 0x00000000
core   0: 0x80000aae (0xced12703) lw      a4, -787(sp)
core   0: 3 0x80000aae (0xced12703) x14 0x1469097b mem 0x8001c554
core   0: 0x80000ab2 (0xfad11183) lh      gp, -83(sp)
core   0: 3 0x80000ab2 (0xfad11183) x 3 0x00005d65 mem 0x8001c814
core   0: 0x80000ab6 (0x034708b3) mul     a7, a4, s4
core   0: 3 0x80000ab6 (0x034708b3) x17 0x80000000
core   0: 0x80000aba (0x2569e293) ori     t0, s3, 598
core   0: 3 0x80000aba (0x2569e293) x 5 0x0000027e
core   0: 0x80000abe (0x008b51b3) srl     gp, s6, s0
core   0: 3 0x80000abe (0x008b51b3) x 3 0xffce0000
core   0: 0x80000ac2 (0xfcf10d23) sb      a5, -38(sp)
core   0: 3 0x80000ac2 (0xfcf10d23) mem 0x8001c841 0x0
core   0: 0x80000ac6 (0x1a014a83) lbu     s5, 416(sp)
core   0: 3 0x80000ac6 (0x1a014a83) x21 0x0000003d mem 0x8001ca07
core   0: 0x80000aca (0x0000025a) c.slli  tp, 22
core   0: 3 0x80000aca (0x025a) x 4 0x1a000000
core   0: 0x80000acc (0x02aabf33) mulhu   t5, s5, a0
core   0: 3 0x80000acc (0x02aabf33) x30 0x00000000
core   0: 0x80000ad0 (0xbe715f03) lhu     t5, -1049(sp)
core   0: 3 0x80000ad0 (0xbe715f03) x30 0x00002730 mem 0x8001c44e
core   0: 0x80000ad4 (0x1eb10703) lb      a4, 491(sp)
core   0: 3 0x80000ad4 (0x1eb10703) x14 0xffffffb9 mem 0x8001ca52
core   0: 0x80000ad8 (0x2b311283) lh      t0, 691(sp)
core   0: 3 0x80000ad8 (0x2b311283) x 5 0xffffcd97 mem 0x8001cb1a
core   0: 0x80000adc (0x56910c23) sb      s1, 1400(sp)
core   0: 3 0x80000adc (0x56910c23) mem 0x8001cddf 0xe4
core   0: 0x80000ae0 (0xe5a42693) slti    a3, s0, -422
core   0: 3 0x80000ae0 (0xe5a42693) x13 0x00000000
core   0: 0x80000ae4 (0x6cb10d03) lb      s10, 1739(sp)
core   0: 3 0x80000ae4 (0x6cb10d03) x26 0x0000007f mem 0x8001cf32
core   0: 0x80000ae8 (0x00000001) c.nop
core   0: 3 0x80000ae8 (0x0001)
core   0: 0x80000aea (0xaa814703) lbu     a4, -1368(sp)
core   0: 3 0x80000aea (0xaa814703) x14 0x0000002c mem 0x8001c30f
core   0: 0x80000aee (0x3b8126a3) sw      s8, 941(sp)
core   0: 3 0x80000aee (0x3b8126a3) mem 0x8001cc14 0x00000043
core   0: 0x80000af2 (0x2d912f83) lw      t6, 729(sp)
core   0: 3 0x80000af2 (0x2d912f83) x31 0x157f10e6 mem 0x8001cb40
core   0: 0x80000af6 (0x00018117) auipc   sp, 0x18
core   0: 3 0x80000af6 (0x00018117) x 2 0x80018af6
core   0: 0x80000afa (0x1c910113) addi    sp, sp, 457
core   0: 3 0x80000afa (0x1c910113) x 2 0x80018cbf
core   0: 0x80000afe (0x03f02ab3) mulhsu  s5, zero, t6
core   0: 3 0x80000afe (0x03f02ab3) x21 0x00000000
core   0: 0x80000b02 (0x00000001) c.nop
core   0: 3 0x80000b02 (0x0001)
core   0: 0x80000b04 (0x000086c9) c.srai  a3, 18
core   0: 3 0x80000b04 (0x86c9) x13 0x00000000
core   0: 0x80000b06 (0x92110223) sb      ra, -1756(sp)
core   0: 3 0x80000b06 (0x92110223) mem 0x800185e3 0xc7
core   0: 0x80000b0a (0x02ca3eb3) mulhu   t4, s4, a2
core   0: 3 0x80000b0a (0x02ca3eb3) x29 0x4c2aa7bd
core   0: 0x80000b0e (0x82810d03) lb      s10, -2008(sp)
core   0: 3 0x80000b0e (0x82810d03) x26 0xffffffec mem 0x800184e7
core   0: 0x80000b12 (0xff5ebb13) sltiu   s6, t4, -11
core   0: 3 0x80000b12 (0xff5ebb13) x22 0x00000001
core   0: 0x80000b16 (0x00c759b3) srl     s3, a4, a2
core   0: 3 0x80000b16 (0x00c759b3) x19 0x00000000
core   0: 0x80000b1a (0x03edc0b3) div     ra, s11, t5
core   0: 3 0x80000b1a (0x03edc0b3) x 1 0x00000000
core   0: 0x80000b1e (0x32410983) lb      s3, 804(sp)
core   0: 3 0x80000b1e (0x32410983) x19 0x0000002d mem 0x80018fe3
core   0: 0x80000b22 (0x0091db33) srl     s6, gp, s1
core   0: 3 0x80000b22 (0x0091db33) x22 0x0ffce000
core   0: 0x80000b26 (0x93115603) lhu     a2, -1743(sp)
core   0: 3 0x80000b26 (0x93115603) x12 0x00005075 mem 0x800185f0
core   0: 0x80000b2a (0x0182ddb3) srl     s11, t0, s8
core   0: 3 0x80000b2a (0x0182ddb3) x27 0x1ffff9b2
core   0: 0x80000b2e (0x66c10423) sb      a2, 1640(sp)
core   0: 3 0x80000b2e (0x66c10423) mem 0x80019327 0x75
core   0: 0x80000b32 (0x24210183) lb      gp, 578(sp)
core   0: 3 0x80000b32 (0x24210183) x 3 0x0000004e mem 0x80018f01
core   0: 0x80000b36 (0x41235533) sra     a0, t1, s2
core   0: 3 0x80000b36 (0x41235533) x10 0x00000000
core   0: 0x80000b3a (0xc3912503) lw      a0, -967(sp)
core   0: 3 0x80000b3a (0xc3912503) x10 0xd111316d mem 0x800188f8
core   0: 0x80000b3e (0x299128a3) sw      s9, 657(sp)
core   0: 3 0x80000b3e (0x299128a3) mem 0x80018f50 0x48e1b0c7
core   0: 0x80000b42 (0x00d7a1b3) slt     gp, a5, a3
core   0: 3 0x80000b42 (0x00d7a1b3) x 3 0x00000000
core   0: 0x80000b46 (0xfef10a23) sb      a5, -12(sp)
core   0: 3 0x80000b46 (0xfef10a23) mem 0x80018cb3 0x0
core   0: 0x80000b4a (0x50814983) lbu     s3, 1288(sp)
core   0: 3 0x80000b4a (0x50814983) x19 0x000000f4 mem 0x800191c7
core   0: 0x80000b4e (0xb8a124a3) sw      a0, -1143(sp)
core   0: 3 0x80000b4e (0xb8a124a3) mem 0x80018848 0xd111316d
core   0: 0x80000b52 (0x1e510823) sb      t0, 496(sp)
core   0: 3 0x80000b52 (0x1e510823) mem 0x80018eaf 0x97
core   0: 0x80000b56 (0x50915d83) lhu     s11, 1289(sp)
core   0: 3 0x80000b56 (0x50915d83) x27 0x000023eb mem 0x800191c8
core   0: 0x80000b5a (0x00731933) sll     s2, t1, t2
core   0: 3 0x80000b5a (0x00731933) x18 0x013a0000
core   0: 0x80000b5e (0x000065c5) c.lui   a1, 0x11
core   0: 3 0x80000b5e (0x65c5) x11 0x00011000
core   0: 0x80000b60 (0x41a90bb3) sub     s7, s2, s10
core   0: 3 0x80000b60 (0x41a90bb3) x23 0x013a0014
core   0: 0x80000b64 (0x017578b3) and     a7, a0, s7
core   0: 3 0x80000b64 (0x017578b3) x17 0x01100004
core   0: 0x80000b68 (0x44714383) lbu     t2, 1095(sp)
core   0: 3 0x80000b68 (0x44714383) x 7 0x000000d9 mem 0x80019106
core   0: 0x80000b6c (0x00020117) auipc   sp, 0x20
core   0: 3 0x80000b6c (0x00020117) x 2 0x80020b6c
core   0: 0x80000b70 (0x1ac10113) addi    sp, sp, 428
core   0: 3 0x80000b70 (0x1ac10113) x 2 0x80020d18
core   0: 0x80000b74 (0xd2d14f83) lbu     t6, -723(sp)
core   0: 3 0x80000b74 (0xd2d14f83) x31 0x00000028 mem 0x80020a45
core   0: 0x80000b78 (0xd2d14283) lbu     t0, -723(sp)
core   0: 3 0x80000b78 (0xd2d14283) x 5 0x00000028 mem 0x80020a45
core   0: 0x80000b7c (0xd2d10a83) lb      s5, -723(sp)
core   0: 3 0x80000b7c (0xd2d10a83) x21 0x00000028 mem 0x80020a45
core   0: 0x80000b80 (0x23a109a3) sb      s10, 563(sp)
core   0: 3 0x80000b80 (0x23a109a3) mem 0x80020f4b 0xec
core   0: 0x80000b84 (0xace11123) sh      a4, -1342(sp)
core   0: 3 0x80000b84 (0xace11123) mem 0x800207da 0x002c
core   0: 0x80000b88 (0x00008765) c.srai  a4, 25
core   0: 3 0x80000b88 (0x8765) x14 0x00000000
core   0: 0x80000b8a (0xac211503) lh      a0, -1342(sp)
core   0: 3 0x80000b8a (0xac211503) x10 0x0000002c mem 0x800207da
core   0: 0x80000b8e (0xac210e83) lb      t4, -1342(sp)
core   0: 3 0x80000b8e (0xac210e83) x29 0x0000002c mem 0x800207da
core   0: 0x80000b92 (0xad810123) sb      s8, -1342(sp)
core   0: 3 0x80000b92 (0xad810123) mem 0x800207da 0x43
core   0: 0x80000b96 (0xad611123) sh      s6, -1342(sp)
core   0: 3 0x80000b96 (0xad611123) mem 0x800207da 0xe000
core   0: 0x80000b9a (0xada11123) sh      s10, -1342(sp)
core   0: 3 0x80000b9a (0xada11123) mem 0x800207da 0xffec
core   0: 0x80000b9e (0x9ec10c03) lb      s8, -1556(sp)
core   0: 3 0x80000b9e (0x9ec10c03) x24 0xffffffd2 mem 0x80020704
core   0: 0x80000ba2 (0x012f5fb3) srl     t6, t5, s2
core   0: 3 0x80000ba2 (0x012f5fb3) x31 0x00002730
core   0: 0x80000ba6 (0xdfa15b03) lhu     s6, -518(sp)
core   0: 3 0x80000ba6 (0xdfa15b03) x22 0x0000c159 mem 0x80020b12
core   0: 0x80000baa (0xdf410d23) sb      s4, -518(sp)
core   0: 3 0x80000baa (0xdf410d23) mem 0x80020b12 0x0
core   0: 0x80000bae (0xc6514183) lbu     gp, -923(sp)
core   0: 3 0x80000bae (0xc6514183) x 3 0x000000dc mem 0x8002097d
core   0: 0x80000bb2 (0xc6510583) lb      a1, -923(sp)
core   0: 3 0x80000bb2 (0xc6510583) x11 0xffffffdc mem 0x8002097d
core   0: 0x80000bb6 (0xc6c102a3) sb      a2, -923(sp)
core   0: 3 0x80000bb6 (0xc6c102a3) mem 0x8002097d 0x75
core   0: 0x80000bba (0xd09102a3) sb      s1, -763(sp)
core   0: 3 0x80000bba (0xd09102a3) mem 0x80020a1d 0xe4
core   0: 0x80000bbe (0xd0f102a3) sb      a5, -763(sp)
core   0: 3 0x80000bbe (0xd0f102a3) mem 0x80020a1d 0x0
core   0: 0x80000bc2 (0xcbd14f83) lbu     t6, -835(sp)
core   0: 3 0x80000bc2 (0xcbd14f83) x31 0x00000060 mem 0x800209d5
core   0: 0x80000bc6 (0xca910ea3) sb      s1, -835(sp)
core   0: 3 0x80000bc6 (0xca910ea3) mem 0x800209d5 0xe4
core   0: 0x80000bca (0x01200c6f) jal     s8, pc + 0x12
core   0: 3 0x80000bca (0x01200c6f) x24 0x80000bce
core   0: 0x80000bdc (0x00002821) c.jal   pc + 24
core   0: 3 0x80000bdc (0x2821) x 1 0x80000bde
core   0: 0x80000bf4 (0x00003fe9) c.jal   pc - 38
core   0: 3 0x80000bf4 (0x3fe9) x 1 0x80000bf6
core   0: 0x80000bce (0x028000ef) jal     pc + 0x28
core   0: 3 0x80000bce (0x028000ef) x 1 0x80000bd2
core   0: 0x80000bf6 (0x000037c5) c.jal   pc - 32
core   0: 3 0x80000bf6 (0x37c5) x 1 0x80000bf8
core   0: 0x80000bd6 (0xfffff5ef) jal     a1, pc - 0x2
core   0: 3 0x80000bd6 (0xfffff5ef) x11 0x80000bda
core   0: 0x80000bd4 (0x0000a83d) c.j     pc + 62
core   0: 3 0x80000bd4 (0xa83d)
core   0: 0x80000c12 (0x000037f5) c.jal   pc - 20
core   0: 3 0x80000c12 (0x37f5) x 1 0x80000c14
core   0: 0x80000bfe (0xfe7fff6f) jal     t5, pc - 0x1a
core   0: 3 0x80000bfe (0xfe7fff6f) x30 0x80000c02
core   0: 0x80000be4 (0x0000bfdd) c.j     pc - 10
core   0: 3 0x80000be4 (0xbfdd)
core   0: 0x80000bda (0x0000280d) c.jal   pc + 50
core   0: 3 0x80000bda (0x280d) x 1 0x80000bdc
core   0: 0x80000c0c (0x0000b7fd) c.j     pc - 18
core   0: 3 0x80000c0c (0xb7fd)
core   0: 0x80000bfa (0xff9ff8ef) jal     a7, pc - 0x8
core   0: 3 0x80000bfa (0xff9ff8ef) x17 0x80000bfe
core   0: 0x80000bf2 (0x00002019) c.jal   pc + 6
core   0: 3 0x80000bf2 (0x2019) x 1 0x80000bf4
core   0: 0x80000bf8 (0x00002809) c.jal   pc + 18
core   0: 3 0x80000bf8 (0x2809) x 1 0x80000bfa
core   0: 0x80000c0a (0x00003ff5) c.jal   pc - 4
core   0: 3 0x80000c0a (0x3ff5) x 1 0x80000c0c
core   0: 0x80000c06 (0x0000b7c5) c.j     pc - 32
core   0: 3 0x80000c06 (0xb7c5)
core   0: 0x80000be6 (0x01e000ef) jal     pc + 0x1e
core   0: 3 0x80000be6 (0x01e000ef) x 1 0x80000bea
core   0: 0x80000c04 (0x00003ffd) c.jal   pc - 2
core   0: 3 0x80000c04 (0x3ffd) x 1 0x80000c06
core   0: 0x80000c02 (0x0000bff1) c.j     pc - 36
core   0: 3 0x80000c02 (0xbff1)
core   0: 0x80000bde (0x00002805) c.jal   pc + 48
core   0: 3 0x80000bde (0x2805) x 1 0x80000be0
core   0: 0x80000c0e (0xfdfff36f) jal     t1, pc - 0x22
core   0: 3 0x80000c0e (0xfdfff36f) x 6 0x80000c12
core   0: 0x80000bec (0xff7ffaef) jal     s5, pc - 0xa
core   0: 3 0x80000bec (0xff7ffaef) x21 0x80000bf0
core   0: 0x80000be2 (0x0000bffd) c.j     pc - 2
core   0: 3 0x80000be2 (0xbffd)
core   0: 0x80000be0 (0x0000a029) c.j     pc + 10
core   0: 3 0x80000be0 (0xa029)
core   0: 0x80000bea (0x0000b7e5) c.j     pc - 24
core   0: 3 0x80000bea (0xb7e5)
core   0: 0x80000bd2 (0x0000281d) c.jal   pc + 54
core   0: 3 0x80000bd2 (0x281d) x 1 0x80000bd4
core   0: 0x80000c08 (0x0000b7e5) c.j     pc - 24
core   0: 3 0x80000c08 (0xb7e5)
core   0: 0x80000bf0 (0x00002015) c.jal   pc + 36
core   0: 3 0x80000bf0 (0x2015) x 1 0x80000bf2
core   0: 0x80000c14 (0x00000001) c.nop
core   0: 3 0x80000c14 (0x0001)
core   0: 0x80000c16 (0x0001e797) auipc   a5, 0x1e
core   0: 3 0x80000c16 (0x0001e797) x15 0x8001ec16
core   0: 0x80000c1a (0xc5f78793) addi    a5, a5, -929
core   0: 3 0x80000c1a (0xc5f78793) x15 0x8001e875
core   0: 0x80000c1e (0x00004331) c.li    t1, 12
core   0: 3 0x80000c1e (0x4331) x 6 0x0000000c
core   0: 0x80000c20 (0x024ab433) mulhu   s0, s5, tp
core   0: 3 0x80000c20 (0x024ab433) x 8 0x0d000136
core   0: 0x80000c24 (0x0107cc03) lbu     s8, 16(a5)
core   0: 3 0x80000c24 (0x0107cc03) x24 0x0000006f mem 0x8001e885
core   0: 0x80000c28 (0x41da5293) srai    t0, s4, 29
core   0: 3 0x80000c28 (0x41da5293) x 5 0xfffffffc
core   0: 0x80000c2c (0x00008d91) c.sub   a1, a2
core   0: 3 0x80000c2c (0x8d91) x11 0x7fffbb65
core   0: 0x80000c2e (0x00000001) c.nop
core   0: 3 0x80000c2e (0x0001)
core   0: 0x80000c30 (0xc3426293) ori     t0, tp, -972
core   0: 3 0x80000c30 (0xc3426293) x 5 0xfffffc34
core   0: 0x80000c34 (0x02a7cd03) lbu     s10, 42(a5)
core   0: 3 0x80000c34 (0x02a7cd03) x26 0x000000ce mem 0x8001e89f
core   0: 0x80000c38 (0x00004275) c.li    tp, 29
core   0: 3 0x80000c38 (0x4275) x 4 0x0000001d
core   0: 0x80000c3a (0x03b6a733) mulhsu  a4, a3, s11
core   0: 3 0x80000c3a (0x03b6a733) x14 0x00000000
core   0: 0x80000c3e (0xfe179d83) lh      s11, -31(a5)
core   0: 3 0x80000c3e (0xfe179d83) x27 0xfffff184 mem 0x8001e856
core   0: 0x80000c42 (0x00006675) c.lui   a2, 0x1d
core   0: 3 0x80000c42 (0x6675) x12 0x0001d000
core   0: 0x80000c44 (0x011787a3) sb      a7, 15(a5)
core   0: 3 0x80000c44 (0x011787a3) mem 0x8001e884 0xfe
core   0: 0x80000c48 (0xfe27cc83) lbu     s9, -30(a5)
core   0: 3 0x80000c48 (0xfe27cc83) x25 0x000000f1 mem 0x8001e857
core   0: 0x80000c4c (0xfeb7d703) lhu     a4, -21(a5)
core   0: 3 0x80000c4c (0xfeb7d703) x14 0x0000b945 mem 0x8001e860
core   0: 0x80000c50 (0x418382b3) sub     t0, t2, s8
core   0: 3 0x80000c50 (0x418382b3) x 5 0x0000006a
core   0: 0x80000c54 (0xb7a0ad93) slti    s11, ra, -1158
core   0: 3 0x80000c54 (0xb7a0ad93) x27 0x00000001
core   0: 0x80000c58 (0x706c4113) xori    sp, s8, 1798
core   0: 3 0x80000c58 (0x706c4113) x 2 0x00000769
core   0: 0x80000c5c (0x361255b7) lui     a1, 0x36125
core   0: 3 0x80000c5c (0x361255b7) x11 0x36125000
core   0: 0x80000c60 (0x00595993) srli    s3, s2, 5
core   0: 3 0x80000c60 (0x00595993) x19 0x0009d000
core   0: 0x80000c64 (0x0000717d) c.addi16sp sp, -16
core   0: 3 0x80000c64 (0x717d) x 2 0x00000759
core   0: 0x80000c66 (0x0000841d) c.srai  s0, 7
core   0: 3 0x80000c66 (0x841d) x 8 0x001a0002
core   0: 0x80000c68 (0xf8910113) addi    sp, sp, -119
core   0: 3 0x80000c68 (0xf8910113) x 2 0x000006e2
core   0: 0x80000c6c (0x030eef33) rem     t5, t4, a6
core   0: 3 0x80000c6c (0x030eef33) x30 0x0000002c
core   0: 0x80000c70 (0x02279ea3) sh      sp, 61(a5)
core   0: 3 0x80000c70 (0x02279ea3) mem 0x8001e8b2 0x06e2
core   0: 0x80000c74 (0x03c1b3b3) mulhu   t2, gp, t3
core   0: 3 0x80000c74 (0x03c1b3b3) x 7 0x00000000
core   0: 0x80000c78 (0x01b7ae03) lw      t3, 27(a5)
core   0: 3 0x80000c78 (0x01b7ae03) x28 0x0be522d1 mem 0x8001e890
core   0: 0x80000c7c (0x0051ee33) or      t3, gp, t0
core   0: 3 0x80000c7c (0x0051ee33) x28 0x000000fe
core   0: 0x80000c80 (0x00008d95) c.sub   a1, a3
core   0: 3 0x80000c80 (0x8d95) x11 0x36125000
core   0: 0x80000c82 (0x0003dab3) srl     s5, t2, zero
core   0: 3 0x80000c82 (0x0003dab3) x21 0x00000000
core   0: 0x80000c86 (0x00008ec9) c.or    a3, a0
core   0: 3 0x80000c86 (0x8ec9) x13 0x0000002c
core   0: 0x80000c88 (0x00000f94) c.addi4spn a3, sp, 976
core   0: 3 0x80000c88 (0x0f94) x13 0x00000ab2
core   0: 0x80000c8a (0x03a7c603) lbu     a2, 58(a5)
core   0: 3 0x80000c8a (0x03a7c603) x12 0x00000086 mem 0x8001e8af
core   0: 0x80000c8e (0x02606eb3) rem     t4, zero, t1
core   0: 3 0x80000c8e (0x02606eb3) x29 0x00000000
core   0: 0x80000c92 (0xfd278d83) lb      s11, -46(a5)
core   0: 3 0x80000c92 (0xfd278d83) x27 0x0000001a mem 0x8001e847
core   0: 0x80000c96 (0x00010317) auipc   t1, 0x10
core   0: 3 0x80000c96 (0x00010317) x 6 0x80010c96
core   0: 0x80000c9a (0x90330313) addi    t1, t1, -1789
core   0: 3 0x80000c9a (0x90330313) x 6 0x80010599
core   0: 0x80000c9e (0x00008d6d) c.and   a0, a1
core   0: 3 0x80000c9e (0x8d6d) x10 0x00000000
core   0: 0x80000ca0 (0x000089b9) c.andi  a1, 14
core   0: 3 0x80000ca0 (0x89b9) x11 0x00000000
core   0: 0x80000ca2 (0x030977b3) remu    a5, s2, a6
core   0: 3 0x80000ca2 (0x030977b3) x15 0x013a0000
core   0: 0x80000ca6 (0x25234b83) lbu     s7, 594(t1)
core   0: 3 0x80000ca6 (0x25234b83) x23 0x00000051 mem 0x800107eb
core   0: 0x80000caa (0x01cbcc33) xor     s8, s7, t3
core   0: 3 0x80000caa (0x01cbcc33) x24 0x000000af
core   0: 0x80000cae (0x027418b3) mulh    a7, s0, t2
core   0: 3 0x80000cae (0x027418b3) x17 0x00000000
core   0: 0x80000cb2 (0x0000625d) c.lui   tp, 0x17
core   0: 3 0x80000cb2 (0x625d) x 4 0x00017000
core   0: 0x80000cb4 (0x0ff0000f) fence   iorw,iorw
core   0: 3 0x80000cb4 (0x0ff0000f)
core   0: 0x80000cb8 (0x3bd30823) sb      t4, 944(t1)
core   0: 3 0x80000cb8 (0x3bd30823) mem 0x80010949 0x0
core   0: 0x80000cbc (0xe4f30523) sb      a5, -438(t1)
core   0: 3 0x80000cbc (0xe4f30523) mem 0x800103e3 0x0
core   0: 0x80000cc0 (0x036d4633) div     a2, s10, s6
core   0: 3 0x80000cc0 (0x036d4633) x12 0x00000000
core   0: 0x80000cc4 (0x0ff0000f) fence   iorw,iorw
core   0: 3 0x80000cc4 (0x0ff0000f)
core   0: 0x80000cc8 (0xba730ea3) sb      t2, -1091(t1)
core   0: 3 0x80000cc8 (0xba730ea3) mem 0x80010156 0x0
core   0: 0x80000ccc (0xaf430903) lb      s2, -1292(t1)
core   0: 3 0x80000ccc (0xaf430903) x18 0xffffffa1 mem 0x8001008d
core   0: 0x80000cd0 (0xfc2312a3) sh      sp, -59(t1)
core   0: 3 0x80000cd0 (0xfc2312a3) mem 0x8001055e 0x06e2
core   0: 0x80000cd4 (0x0000997d) c.andi  a0, -1
core   0: 3 0x80000cd4 (0x997d) x10 0x00000000
core   0: 0x80000cd6 (0x45c0b213) sltiu   tp, ra, 1116
core   0: 3 0x80000cd6 (0x45c0b213) x 4 0x00000000
core   0: 0x80000cda (0x12d35683) lhu     a3, 301(t1)
core   0: 3 0x80000cda (0x12d35683) x13 0x00002688 mem 0x800106c6
core   0: 0x80000cde (0x020d59b3) divu    s3, s10, zero
core   0: 3 0x80000cde (0x020d59b3) x19 0xffffffff
core   0: 0x80000ce2 (0xc6d30123) sb      a3, -926(t1)
core   0: 3 0x80000ce2 (0xc6d30123) mem 0x800101fb 0x88
core   0: 0x80000ce6 (0x000b60b3) or      ra, s6, zero
core   0: 3 0x80000ce6 (0x000b60b3) x 1 0x0000c159
core   0: 0x80000cea (0xb1530223) sb      s5, -1276(t1)
core   0: 3 0x80000cea (0xb1530223) mem 0x8001009d 0x0
core   0: 0x80000cee (0xd4f32903) lw      s2, -689(t1)
core   0: 3 0x80000cee (0xd4f32903) x18 0x7d03c0f1 mem 0x800102e8
core   0: 0x80000cf2 (0x40670bb3) sub     s7, a4, t1
core   0: 3 0x80000cf2 (0x40670bb3) x23 0x7fffb3ac
core   0: 0x80000cf6 (0x01ea5593) srli    a1, s4, 30
core   0: 3 0x80000cf6 (0x01ea5593) x11 0x00000002
core   0: 0x80000cfa (0x0000100f) fence.i
core   0: 3 0x80000cfa (0x0000100f)
core   0: 0x80000cfe (0xaf730e23) sb      s7, -1284(t1)
core   0: 3 0x80000cfe (0xaf730e23) mem 0x80010095 0xac
core   0: 0x80000d02 (0x0000100f) fence.i
core   0: 3 0x80000d02 (0x0000100f)
core   0: 0x80000d06 (0x03cb5b33) divu    s6, s6, t3
core   0: 3 0x80000d06 (0x03cb5b33) x22 0x000000c2
core   0: 0x80000d0a (0x7c70e213) ori     tp, ra, 1991
core   0: 3 0x80000d0a (0x7c70e213) x 4 0x0000c7df
core   0: 0x80000d0e (0xe2d31e83) lh      t4, -467(t1)
core   0: 3 0x80000d0e (0xe2d31e83) x29 0x000045c1 mem 0x800103c6
core   0: 0x80000d12 (0xd6230aa3) sb      sp, -651(t1)
core   0: 3 0x80000d12 (0xd6230aa3) mem 0x8001030e 0xe2
core   0: 0x80000d16 (0xf9535c83) lhu     s9, -107(t1)
core   0: 3 0x80000d16 (0xf9535c83) x25 0x00000005 mem 0x8001052e
core   0: 0x80000d1a (0x2d334203) lbu     tp, 723(t1)
core   0: 3 0x80000d1a (0x2d334203) x 4 0x00000001 mem 0x8001086c
core   0: 0x80000d1e (0x000086d5) c.srai  a3, 21
core   0: 3 0x80000d1e (0x86d5) x13 0x00000000
core   0: 0x80000d20 (0x74f30f23) sb      a5, 1886(t1)
core   0: 3 0x80000d20 (0x74f30f23) mem 0x80010cf7 0x0
core   0: 0x80000d24 (0x6f2325a3) sw      s2, 1771(t1)
core   0: 3 0x80000d24 (0x6f2325a3) mem 0x80010c84 0x7d03c0f1
core   0: 0x80000d28 (0x70530603) lb      a2, 1797(t1)
core   0: 3 0x80000d28 (0x70530603) x12 0xffffffb9 mem 0x80010c9e
core   0: 0x80000d2c (0xb0d30723) sb      a3, -1266(t1)
core   0: 3 0x80000d2c (0xb0d30723) mem 0x800100a7 0x0
core   0: 0x80000d30 (0x342301a3) sb      sp, 835(t1)
core   0: 3 0x80000d30 (0x342301a3) mem 0x800108dc 0xe2
core   0: 0x80000d34 (0x33434083) lbu     ra, 820(t1)
core   0: 3 0x80000d34 (0x33434083) x 1 0x00000025 mem 0x800108cd
core   0: 0x80000d38 (0x000099fd) c.andi  a1, -1
core   0: 3 0x80000d38 (0x99fd) x11 0x00000002
core   0: 0x80000d3a (0x00008c05) c.sub   s0, s1
core   0: 3 0x80000d3a (0x8c05) x 8 0x8017631e
core   0: 0x80000d3c (0x71f83fb7) lui     t6, 0x71f83
core   0: 3 0x80000d3c (0x71f83fb7) x31 0x71f83000
core   0: 0x80000d40 (0x00006bc1) c.lui   s7, 0x10
core   0: 3 0x80000d40 (0x6bc1) x23 0x00010000
core   0: 0x80000d42 (0x02d31c83) lh      s9, 45(t1)
core   0: 3 0x80000d42 (0x02d31c83) x25 0xffffad78 mem 0x800105c6
core   0: 0x80000d46 (0x0ff0000f) fence   iorw,iorw
core   0: 3 0x80000d46 (0x0ff0000f)
core   0: 0x80000d4a (0x03513733) mulhu   a4, sp, s5
core   0: 3 0x80000d4a (0x03513733) x14 0x00000000
core   0: 0x80000d4e (0x2f232ba3) sw      s2, 759(t1)
core   0: 3 0x80000d4e (0x2f232ba3) mem 0x80010890 0x7d03c0f1
core   0: 0x80000d52 (0x08930b23) sb      s1, 150(t1)
core   0: 3 0x80000d52 (0x08930b23) mem 0x8001062f 0xe4
core   0: 0x80000d56 (0x00008f7d) c.and   a4, a5
core   0: 3 0x80000d56 (0x8f7d) x14 0x00000000
core   0: 0x80000d58 (0x000085b1) c.srai  a1, 12
core   0: 3 0x80000d58 (0x85b1) x11 0x00000000
core   0: 0x80000d5a (0x6a830c23) sb      s0, 1720(t1)
core   0: 3 0x80000d5a (0x6a830c23) mem 0x80010c51 0x1e
core   0: 0x80000d5e (0x25135283) lhu     t0, 593(t1)
core   0: 3 0x80000d5e (0x25135283) x 5 0x00005125 mem 0x800107ea
core   0: 0x80000d62 (0x0319bcb3) mulhu   s9, s3, a7
core   0: 3 0x80000d62 (0x0319bcb3) x25 0x00000000
core   0: 0x80000d66 (0xdae30683) lb      a3, -594(t1)
core   0: 3 0x80000d66 (0xdae30683) x13 0xffffffff mem 0x80010347
core   0: 0x80000d6a (0x00a00b93) li      s7, 10
core   0: 3 0x80000d6a (0x00a00b93) x23 0x0000000a
core   0: 0x80000d6e (0x01ffcab3) xor     s5, t6, t6
core   0: 3 0x80000d6e (0x01ffcab3) x21 0x00000000
core   0: 0x80000d72 (0x00500693) li      a3, 5
core   0: 3 0x80000d72 (0x00500693) x13 0x00000005
core   0: 0x80000d76 (0x00000001) c.nop
core   0: 3 0x80000d76 (0x0001)
core   0: 0x80000d78 (0x00001bf1) c.addi  s7, -4
core   0: 3 0x80000d78 (0x1bf1) x23 0x00000006
core   0: 0x80000d7a (0x00900613) li      a2, 9
core   0: 3 0x80000d7a (0x00900613) x12 0x00000009
core   0: 0x80000d7e (0x00008f35) c.xor   a4, a3
core   0: 3 0x80000d7e (0x8f35) x14 0x00000005
core   0: 0x80000d80 (0x00500e13) li      t3, 5
core   0: 3 0x80000d80 (0x00500e13) x28 0x00000005
core   0: 0x80000d84 (0x00a18ab3) add     s5, gp, a0
core   0: 3 0x80000d84 (0x00a18ab3) x21 0x000000dc
core   0: 0x80000d88 (0x00008dfd) c.and   a1, a5
core   0: 3 0x80000d88 (0x8dfd) x11 0x00000000
core   0: 0x80000d8a (0x3b136f93) ori     t6, t1, 945
core   0: 3 0x80000d8a (0x3b136f93) x31 0x800107b9
core   0: 0x80000d8e (0x00001679) c.addi  a2, -2
core   0: 3 0x80000d8e (0x1679) x12 0x00000007
core   0: 0x80000d90 (0xffc67de3) bgeu    a2, t3, pc - 6
core   0: 3 0x80000d90 (0xffc67de3)
core   0: 0x80000d8a (0x3b136f93) ori     t6, t1, 945
core   0: 3 0x80000d8a (0x3b136f93) x31 0x800107b9
core   0: 0x80000d8e (0x00001679) c.addi  a2, -2
core   0: 3 0x80000d8e (0x1679) x12 0x00000005
core   0: 0x80000d90 (0xffc67de3) bgeu    a2, t3, pc - 6
core   0: 3 0x80000d90 (0xffc67de3)
core   0: 0x80000d8a (0x3b136f93) ori     t6, t1, 945
core   0: 3 0x80000d8a (0x3b136f93) x31 0x800107b9
core   0: 0x80000d8e (0x00001679) c.addi  a2, -2
core   0: 3 0x80000d8e (0x1679) x12 0x00000003
core   0: 0x80000d90 (0xffc67de3) bgeu    a2, t3, pc - 6
core   0: 3 0x80000d90 (0xffc67de3)
core   0: 0x80000d94 (0x2f65c993) xori    s3, a1, 758
core   0: 3 0x80000d94 (0x2f65c993) x19 0x000002f6
core   0: 0x80000d98 (0xfcdbffe3) bgeu    s7, a3, pc - 34
core   0: 3 0x80000d98 (0xfcdbffe3)
core   0: 0x80000d76 (0x00000001) c.nop
core   0: 3 0x80000d76 (0x0001)
core   0: 0x80000d78 (0x00001bf1) c.addi  s7, -4
core   0: 3 0x80000d78 (0x1bf1) x23 0x00000002
core   0: 0x80000d7a (0x00900613) li      a2, 9
core   0: 3 0x80000d7a (0x00900613) x12 0x00000009
core   0: 0x80000d7e (0x00008f35) c.xor   a4, a3
core   0: 3 0x80000d7e (0x8f35) x14 0x00000000
core   0: 0x80000d80 (0x00500e13) li      t3, 5
core   0: 3 0x80000d80 (0x00500e13) x28 0x00000005
core   0: 0x80000d84 (0x00a18ab3) add     s5, gp, a0
core   0: 3 0x80000d84 (0x00a18ab3) x21 0x000000dc
core   0: 0x80000d88 (0x00008dfd) c.and   a1, a5
core   0: 3 0x80000d88 (0x8dfd) x11 0x00000000
core   0: 0x80000d8a (0x3b136f93) ori     t6, t1, 945
core   0: 3 0x80000d8a (0x3b136f93) x31 0x800107b9
core   0: 0x80000d8e (0x00001679) c.addi  a2, -2
core   0: 3 0x80000d8e (0x1679) x12 0x00000007
core   0: 0x80000d90 (0xffc67de3) bgeu    a2, t3, pc - 6
core   0: 3 0x80000d90 (0xffc67de3)
core   0: 0x80000d8a (0x3b136f93) ori     t6, t1, 945
core   0: 3 0x80000d8a (0x3b136f93) x31 0x800107b9
core   0: 0x80000d8e (0x00001679) c.addi  a2, -2
core   0: 3 0x80000d8e (0x1679) x12 0x00000005
core   0: 0x80000d90 (0xffc67de3) bgeu    a2, t3, pc - 6
core   0: 3 0x80000d90 (0xffc67de3)
core   0: 0x80000d8a (0x3b136f93) ori     t6, t1, 945
core   0: 3 0x80000d8a (0x3b136f93) x31 0x800107b9
core   0: 0x80000d8e (0x00001679) c.addi  a2, -2
core   0: 3 0x80000d8e (0x1679) x12 0x00000003
core   0: 0x80000d90 (0xffc67de3) bgeu    a2, t3, pc - 6
core   0: 3 0x80000d90 (0xffc67de3)
core   0: 0x80000d94 (0x2f65c993) xori    s3, a1, 758
core   0: 3 0x80000d94 (0x2f65c993) x19 0x000002f6
core   0: 0x80000d98 (0xfcdbffe3) bgeu    s7, a3, pc - 34
core   0: 3 0x80000d98 (0xfcdbffe3)
core   0: 0x80000d9c (0x02f85cb3) divu    s9, a6, a5
core   0: 3 0x80000d9c (0x02f85cb3) x25 0x00000068
core   0: 0x80000da0 (0x00019217) auipc   tp, 0x19
core   0: 3 0x80000da0 (0x00019217) x 4 0x80019da0
core   0: 0x80000da4 (0x73b20213) addi    tp, tp, 1851
core   0: 3 0x80000da4 (0x73b20213) x 4 0x8001a4db
core   0: 0x80000da8 (0x0001a097) auipc   ra, 0x1a
core   0: 3 0x80000da8 (0x0001a097) x 1 0x8001ada8
core   0: 0x80000dac (0x0c708093) addi    ra, ra, 199
core   0: 3 0x80000dac (0x0c708093) x 1 0x8001ae6f
core   0: 0x80000db0 (0x00016117) auipc   sp, 0x16
core   0: 3 0x80000db0 (0x00016117) x 2 0x80016db0
core   0: 0x80000db4 (0xf7510113) addi    sp, sp, -139
core   0: 3 0x80000db4 (0xf7510113) x 2 0x80016d25
core   0: 0x80000db8 (0x54909603) lh      a2, 1353(ra)
core   0: 3 0x80000db8 (0x54909603) x12 0xffff9d66 mem 0x8001b3b8
core   0: 0x80000dbc (0x02820603) lb      a2, 40(tp)
core   0: 3 0x80000dbc (0x02820603) x12 0x00000029 mem 0x8001a503
core   0: 0x80000dc0 (0x00015d17) auipc   s10, 0x15
core   0: 3 0x80000dc0 (0x00015d17) x26 0x80015dc0
core   0: 0x80000dc4 (0xa90d0d13) addi    s10, s10, -1392
core   0: 3 0x80000dc4 (0xa90d0d13) x26 0x80015850
core   0: 0x80000dc8 (0xd7908c23) sb      s9, -648(ra)
core   0: 3 0x80000dc8 (0xd7908c23) mem 0x8001abe7 0x68
core   0: 0x80000dcc (0xfc810903) lb      s2, -56(sp)
core   0: 3 0x80000dcc (0xfc810903) x18 0x00000003 mem 0x80016ced
core   0: 0x80000dd0 (0x00424b83) lbu     s7, 4(tp)
core   0: 3 0x80000dd0 (0x00424b83) x23 0x000000b6 mem 0x8001a4df
core   0: 0x80000dd4 (0x11d093a3) sh      t4, 263(ra)
core   0: 3 0x80000dd4 (0x11d093a3) mem 0x8001af76 0x45c1
core   0: 0x80000dd8 (0xfb7d4f83) lbu     t6, -73(s10)
core   0: 3 0x80000dd8 (0xfb7d4f83) x31 0x000000af mem 0x80015807
core   0: 0x80000ddc (0xb9808703) lb      a4, -1128(ra)
core   0: 3 0x80000ddc (0xb9808703) x14 0xffffff96 mem 0x8001aa07
core   0: 0x80000de0 (0xfe721703) lh      a4, -25(tp)
core   0: 3 0x80000de0 (0xfe721703) x14 0x0000091a mem 0x8001a4c2
core   0: 0x80000de4 (0xe1c0cc83) lbu     s9, -484(ra)
core   0: 3 0x80000de4 (0xe1c0cc83) x25 0x00000014 mem 0x8001ac8b
core   0: 0x80000de8 (0x00016997) auipc   s3, 0x16
core   0: 3 0x80000de8 (0x00016997) x19 0x80016de8
core   0: 0x80000dec (0x36898993) addi    s3, s3, 872
core   0: 3 0x80000dec (0x36898993) x19 0x80017150
core   0: 0x80000df0 (0xfe320923) sb      gp, -14(tp)
core   0: 3 0x80000df0 (0xfe320923) mem 0x8001a4cd 0xdc
core   0: 0x80000df4 (0x97108783) lb      a5, -1679(ra)
core   0: 3 0x80000df4 (0x97108783) x15 0xffffff86 mem 0x8001a7e0
core   0: 0x80000df8 (0xfd820183) lb      gp, -40(tp)
core   0: 3 0x80000df8 (0xfd820183) x 3 0xffffffa0 mem 0x8001a4b3
core   0: 0x80000dfc (0x0cb11b03) lh      s6, 203(sp)
core   0: 3 0x80000dfc (0x0cb11b03) x22 0xffff83a1 mem 0x80016df0
core   0: 0x80000e00 (0xf18127a3) sw      s8, -241(sp)
core   0: 3 0x80000e00 (0xf18127a3) mem 0x80016c34 0x000000af
core   0: 0x80000e04 (0x00b988a3) sb      a1, 17(s3)
core   0: 3 0x80000e04 (0x00b988a3) mem 0x80017161 0x0
core   0: 0x80000e08 (0x01098583) lb      a1, 16(s3)
core   0: 3 0x80000e08 (0x01098583) x11 0x00000027 mem 0x80017160
core   0: 0x80000e0c (0xf3308b83) lb      s7, -205(ra)
core   0: 3 0x80000e0c (0xf3308b83) x23 0x0000001a mem 0x8001ada2
core   0: 0x80000e10 (0xfd19a623) sw      a7, -52(s3)
core   0: 3 0x80000e10 (0xfd19a623) mem 0x8001711c 0x00000000
core   0: 0x80000e14 (0x09ad0883) lb      a7, 154(s10)
core   0: 3 0x80000e14 (0x09ad0883) x17 0xffffffa9 mem 0x800158ea
core   0: 0x80000e18 (0xfd920323) sb      s9, -58(tp)
core   0: 3 0x80000e18 (0xfd920323) mem 0x8001a4a1 0x14
core   0: 0x80000e1c (0xfc620123) sb      t1, -62(tp)
core   0: 3 0x80000e1c (0xfc620123) mem 0x8001a49d 0x99
core   0: 0x80000e20 (0xa5608023) sb      s6, -1472(ra)
core   0: 3 0x80000e20 (0xa5608023) mem 0x8001a8af 0xa1
core   0: 0x80000e24 (0xff69da83) lhu     s5, -10(s3)
core   0: 3 0x80000e24 (0xff69da83) x21 0x0000ec92 mem 0x80017146
core   0: 0x80000e28 (0x0add4003) lbu     zero, 173(s10)
core   0: 3 0x80000e28 (0x0add4003) mem 0x800158fd
core   0: 0x80000e2c (0xfe3d4c03) lbu     s8, -29(s10)
core   0: 3 0x80000e2c (0xfe3d4c03) x24 0x00000012 mem 0x80015833
core   0: 0x80000e30 (0xf000cd83) lbu     s11, -256(ra)
core   0: 3 0x80000e30 (0xf000cd83) x27 0x0000003f mem 0x8001ad6f
core   0: 0x80000e34 (0x0b610b83) lb      s7, 182(sp)
core   0: 3 0x80000e34 (0x0b610b83) x23 0xffffff8e mem 0x80016ddb
core   0: 0x80000e38 (0xfe1d0c83) lb      s9, -31(s10)
core   0: 3 0x80000e38 (0xfe1d0c83) x25 0xffffffed mem 0x80015831
core   0: 0x80000e3c (0xfe89cf03) lbu     t5, -24(s3)
core   0: 3 0x80000e3c (0xfe89cf03) x30 0x00000070 mem 0x80017138
core   0: 0x80000e40 (0x08a14f03) lbu     t5, 138(sp)
core   0: 3 0x80000e40 (0x08a14f03) x30 0x000000c5 mem 0x80016daf
core   0: 0x80000e44 (0x03424683) lbu     a3, 52(tp)
core   0: 3 0x80000e44 (0x03424683) x13 0x0000008c mem 0x8001a50f
core   0: 0x80000e48 (0xf0ad03a3) sb      a0, -249(s10)
core   0: 3 0x80000e48 (0xf0ad03a3) mem 0x80015757 0x0
core   0: 0x80000e4c (0x19708ba3) sb      s7, 407(ra)
core   0: 3 0x80000e4c (0x19708ba3) mem 0x8001b006 0x8e
core   0: 0x80000e50 (0x00fd0a23) sb      a5, 20(s10)
core   0: 3 0x80000e50 (0x00fd0a23) mem 0x80015864 0x86
core   0: 0x80000e54 (0x0000fc17) auipc   s8, 0xf
core   0: 3 0x80000e54 (0x0000fc17) x24 0x8000fe54
core   0: 0x80000e58 (0x4bbc0c13) addi    s8, s8, 1211
core   0: 3 0x80000e58 (0x4bbc0c13) x24 0x8001030f
core   0: 0x80000e5c (0xfe1c0e23) sb      ra, -4(s8)
core   0: 3 0x80000e5c (0xfe1c0e23) mem 0x8001030b 0x6f
core   0: 0x80000e60 (0xfffc1683) lh      a3, -1(s8)
core   0: 3 0x80000e60 (0xfffc1683) x13 0xfffffbe2 mem 0x8001030e
core   0: 0x80000e64 (0x019c24a3) sw      s9, 9(s8)
core   0: 3 0x80000e64 (0x019c24a3) mem 0x80010318 0xffffffed
core   0: 0x80000e68 (0x00010317) auipc   t1, 0x10
core   0: 3 0x80000e68 (0x00010317) x 6 0x80010e68
core   0: 0x80000e6c (0xa5b30313) addi    t1, t1, -1445
core   0: 3 0x80000e6c (0xa5b30313) x 6 0x800108c3
core   0: 0x80000e70 (0x008c4003) lbu     zero, 8(s8)
core   0: 3 0x80000e70 (0x008c4003) mem 0x80010317
core   0: 0x80000e74 (0xff735703) lhu     a4, -9(t1)
core   0: 3 0x80000e74 (0xff735703) x14 0x000079bb mem 0x800108ba
core   0: 0x80000e78 (0x00bc4903) lbu     s2, 11(s8)
core   0: 3 0x80000e78 (0x00bc4903) x18 0x000000ff mem 0x8001031a
core   0: 0x80000e7c (0xff135283) lhu     t0, -15(t1)
core   0: 3 0x80000e7c (0xff135283) x 5 0x00000000 mem 0x800108b4
core   0: 0x80000e80 (0x00ec0a83) lb      s5, 14(s8)
core   0: 3 0x80000e80 (0x00ec0a83) x21 0xffffffa9 mem 0x8001031d
core   0: 0x80000e84 (0x009c01a3) sb      s1, 3(s8)
core   0: 3 0x80000e84 (0x009c01a3) mem 0x80010312 0xe4
core   0: 0x80000e88 (0xff530fa3) sb      s5, -1(t1)
core   0: 3 0x80000e88 (0xff530fa3) mem 0x800108c2 0xa9
core   0: 0x80000e8c (0xffb34f03) lbu     t5, -5(t1)
core   0: 3 0x80000e8c (0xffb34f03) x30 0x0000003e mem 0x800108be
core   0: 0x80000e90 (0x003c4583) lbu     a1, 3(s8)
core   0: 3 0x80000e90 (0x003c4583) x11 0x000000e4 mem 0x80010312
core   0: 0x80000e94 (0x00830623) sb      s0, 12(t1)
core   0: 3 0x80000e94 (0x00830623) mem 0x800108cf 0x1e
core   0: 0x80000e98 (0xfed30ea3) sb      a3, -3(t1)
core   0: 3 0x80000e98 (0xfed30ea3) mem 0x800108c0 0xe2
core   0: 0x80000e9c (0x000c04a3) sb      zero, 9(s8)
core   0: 3 0x80000e9c (0x000c04a3) mem 0x80010318 0x0
core   0: 0x80000ea0 (0xfed30b23) sb      a3, -10(t1)
core   0: 3 0x80000ea0 (0xfed30b23) mem 0x800108b9 0xe2
core   0: 0x80000ea4 (0xff5c0fa3) sb      s5, -1(s8)
core   0: 3 0x80000ea4 (0xff5c0fa3) mem 0x8001030e 0xa9
core   0: 0x80000ea8 (0x0001aa97) auipc   s5, 0x1a
core   0: 3 0x80000ea8 (0x0001aa97) x21 0x8001aea8
core   0: 0x80000eac (0xe03a8a93) addi    s5, s5, -509
core   0: 3 0x80000eac (0xe03a8a93) x21 0x8001acab
core   0: 0x80000eb0 (0xffbaaea3) sw      s11, -3(s5)
core   0: 3 0x80000eb0 (0xffbaaea3) mem 0x8001aca8 0x0000003f
core   0: 0x80000eb4 (0x004ac203) lbu     tp, 4(s5)
core   0: 3 0x80000eb4 (0x004ac203) x 4 0x00000061 mem 0x8001acaf
core   0: 0x80000eb8 (0x004a8603) lb      a2, 4(s5)
core   0: 3 0x80000eb8 (0x004a8603) x12 0x00000061 mem 0x8001acaf
core   0: 0x80000ebc (0x004ac403) lbu     s0, 4(s5)
core   0: 3 0x80000ebc (0x004ac403) x 8 0x00000061 mem 0x8001acaf
core   0: 0x80000ec0 (0x004ac883) lbu     a7, 4(s5)
core   0: 3 0x80000ec0 (0x004ac883) x17 0x00000061 mem 0x8001acaf
core   0: 0x80000ec4 (0x004a8e83) lb      t4, 4(s5)
core   0: 3 0x80000ec4 (0x004a8e83) x29 0x00000061 mem 0x8001acaf
core   0: 0x80000ec8 (0x03a6f633) remu    a2, a3, s10
core   0: 3 0x80000ec8 (0x03a6f633) x12 0x7ffea392
core   0: 0x80000ecc (0x005acc83) lbu     s9, 5(s5)
core   0: 3 0x80000ecc (0x005acc83) x25 0x00000048 mem 0x8001acb0
core   0: 0x80000ed0 (0x000001ce) c.slli  gp, 19
core   0: 3 0x80000ed0 (0x01ce) x 3 0xfd000000
core   0: 0x80000ed2 (0x003aa2a3) sw      gp, 5(s5)
core   0: 3 0x80000ed2 (0x003aa2a3) mem 0x8001acb0 0xfd000000
core   0: 0x80000ed6 (0x005aaf03) lw      t5, 5(s5)
core   0: 3 0x80000ed6 (0x005aaf03) x30 0xfd000000 mem 0x8001acb0
core   0: 0x80000eda (0x005ad083) lhu     ra, 5(s5)
core   0: 3 0x80000eda (0x005ad083) x 1 0x00000000 mem 0x8001acb0
core   0: 0x80000ede (0x009aa2a3) sw      s1, 5(s5)
core   0: 3 0x80000ede (0x009aa2a3) mem 0x8001acb0 0x80029ce4
core   0: 0x80000ee2 (0xff7aaaa3) sw      s7, -11(s5)
core   0: 3 0x80000ee2 (0xff7aaaa3) mem 0x8001aca0 0xffffff8e
core   0: 0x80000ee6 (0x016a93a3) sh      s6, 7(s5)
core   0: 3 0x80000ee6 (0x016a93a3) mem 0x8001acb2 0x83a1
core   0: 0x80000eea (0x00015b17) auipc   s6, 0x15
core   0: 3 0x80000eea (0x00015b17) x22 0x80015eea
core   0: 0x80000eee (0x417b0b13) addi    s6, s6, 1047
core   0: 3 0x80000eee (0x417b0b13) x22 0x80016301
core   0: 0x80000ef2 (0x019fdd13) srli    s10, t6, 25
core   0: 3 0x80000ef2 (0x019fdd13) x26 0x00000000
core   0: 0x80000ef6 (0x03c57fb3) remu    t6, a0, t3
core   0: 3 0x80000ef6 (0x03c57fb3) x31 0x00000000
core   0: 0x80000efa (0xff9b1ea3) sh      s9, -3(s6)
core   0: 3 0x80000efa (0xff9b1ea3) mem 0x800162fe 0x0048
core   0: 0x80000efe (0x00fff513) andi    a0, t6, 15
core   0: 3 0x80000efe (0x00fff513) x10 0x00000000
core   0: 0x80000f02 (0x03a95cb3) divu    s9, s2, s10
core   0: 3 0x80000f02 (0x03a95cb3) x25 0xffffffff
core   0: 0x80000f06 (0x013fdc93) srli    s9, t6, 19
core   0: 3 0x80000f06 (0x013fdc93) x25 0x00000000
core   0: 0x80000f0a (0x00009faa) c.add   t6, a0
core   0: 3 0x80000f0a (0x9faa) x31 0x00000000
core   0: 0x80000f0c (0xfcdb1503) lh      a0, -51(s6)
core   0: 3 0x80000f0c (0xfcdb1503) x10 0x0000561a mem 0x800162ce
core   0: 0x80000f10 (0x01acce33) xor     t3, s9, s10
core   0: 3 0x80000f10 (0x01acce33) x28 0x00000000
core   0: 0x80000f14 (0xfc5b4e03) lbu     t3, -59(s6)
core   0: 3 0x80000f14 (0xfc5b4e03) x28 0x000000ea mem 0x800162c6
core   0: 0x80000f18 (0x02fb2f83) lw      t6, 47(s6)
core   0: 3 0x80000f18 (0x02fb2f83) x31 0x3cf14dc1 mem 0x80016330
core   0: 0x80000f1c (0xff5b4c83) lbu     s9, -11(s6)
core   0: 3 0x80000f1c (0xff5b4c83) x25 0x0000002c mem 0x800162f6
core   0: 0x80000f20 (0x00008511) c.srai  a0, 4
core   0: 3 0x80000f20 (0x8511) x10 0x00000561
core   0: 0x80000f22 (0x01ab4f83) lbu     t6, 26(s6)
core   0: 3 0x80000f22 (0x01ab4f83) x31 0x0000004a mem 0x8001631b
core   0: 0x80000f26 (0xfe2b4903) lbu     s2, -30(s6)
core   0: 3 0x80000f26 (0xfe2b4903) x18 0x00000057 mem 0x800162e3
core   0: 0x80000f2a (0x03f52fb3) mulhsu  t6, a0, t6
core   0: 3 0x80000f2a (0x03f52fb3) x31 0x00000000
core   0: 0x80000f2e (0x00008d29) c.xor   a0, a0
core   0: 3 0x80000f2e (0x8d29) x10 0x00000000
core   0: 0x80000f30 (0x012cdd33) srl     s10, s9, s2
core   0: 3 0x80000f30 (0x012cdd33) x26 0x00000000
core   0: 0x80000f34 (0xfdab0623) sb      s10, -52(s6)
core   0: 3 0x80000f34 (0xfdab0623) mem 0x800162cd 0x0
core   0: 0x80000f38 (0x003f9e13) slli    t3, t6, 3
core   0: 3 0x80000f38 (0x003f9e13) x28 0x00000000
core   0: 0x80000f3c (0xfcfb4c83) lbu     s9, -49(s6)
core   0: 3 0x80000f3c (0xfcfb4c83) x25 0x000000fc mem 0x800162d0
core   0: 0x80000f40 (0x02bb1c83) lh      s9, 43(s6)
core   0: 3 0x80000f40 (0x02bb1c83) x25 0x00007246 mem 0x8001632c
core   0: 0x80000f44 (0xfeab06a3) sb      a0, -19(s6)
core   0: 3 0x80000f44 (0xfeab06a3) mem 0x800162ee 0x0
core   0: 0x80000f48 (0x00a00793) li      a5, 10
core   0: 3 0x80000f48 (0x00a00793) x15 0x0000000a
core   0: 0x80000f4c (0x0000852d) c.srai  a0, 11
core   0: 3 0x80000f4c (0x852d) x10 0x00000000
core   0: 0x80000f4e (0x00008371) c.srli  a4, 28
core   0: 3 0x80000f4e (0x8371) x14 0x00000000
core   0: 0x80000f50 (0x00a00893) li      a7, 10
core   0: 3 0x80000f50 (0x00a00893) x17 0x0000000a
core   0: 0x80000f54 (0x004dffb3) and     t6, s11, tp
core   0: 3 0x80000f54 (0x004dffb3) x31 0x00000021
core   0: 0x80000f58 (0x00008e09) c.sub   a2, a0
core   0: 3 0x80000f58 (0x8e09) x12 0x7ffea392
core   0: 0x80000f5a (0x000089f1) c.andi  a1, 28
core   0: 3 0x80000f5a (0x89f1) x11 0x00000004
core   0: 0x80000f5c (0x03cb4bb3) div     s7, s6, t3
core   0: 3 0x80000f5c (0x03cb4bb3) x23 0xffffffff
core   0: 0x80000f60 (0x038c8033) mul     zero, s9, s8
core   0: 3 0x80000f60 (0x038c8033)
core   0: 0x80000f64 (0x018c8333) add     t1, s9, s8
core   0: 3 0x80000f64 (0x018c8333) x 6 0x80017555
core   0: 0x80000f68 (0x001bdb93) srli    s7, s7, 1
core   0: 3 0x80000f68 (0x001bdb93) x23 0x7fffffff
core   0: 0x80000f6c (0x000017dd) c.addi  a5, -9
core   0: 3 0x80000f6c (0x17dd) x15 0x00000001
core   0: 0x80000f6e (0x00008659) c.srai  a2, 22
core   0: 3 0x80000f6e (0x8659) x12 0x000001ff
core   0: 0x80000f70 (0x35f5cc93) xori    s9, a1, 863
core   0: 3 0x80000f70 (0x35f5cc93) x25 0x0000035b
core   0: 0x80000f74 (0x001adeb3) srl     t4, s5, ra
core   0: 3 0x80000f74 (0x001adeb3) x29 0x8001acab
core   0: 0x80000f78 (0xff17f6e3) bgeu    a5, a7, pc - 20
core   0: 3 0x80000f78 (0xff17f6e3)
core   0: 0x80000f7c (0x00006c85) c.lui   s9, 0x1
core   0: 3 0x80000f7c (0x6c85) x25 0x00001000
core   0: 0x80000f7e (0x00010d17) auipc   s10, 0x10
core   0: 3 0x80000f7e (0x00010d17) x26 0x80010f7e
core   0: 0x80000f82 (0x8e6d0d13) addi    s10, s10, -1818
core   0: 3 0x80000f82 (0x8e6d0d13) x26 0x80010864
core   0: 0x80000f86 (0x0f2d4f03) lbu     t5, 242(s10)
core   0: 3 0x80000f86 (0x0f2d4f03) x30 0x000000ed mem 0x80010956
core   0: 0x80000f8a (0xf50d05a3) sb      a6, -181(s10)
core   0: 3 0x80000f8a (0xf50d05a3) mem 0x800107af 0x64
core   0: 0x80000f8e (0xf54d05a3) sb      s4, -181(s10)
core   0: 3 0x80000f8e (0xf54d05a3) mem 0x800107af 0x0
core   0: 0x80000f92 (0x4d57b213) sltiu   tp, a5, 1237
core   0: 3 0x80000f92 (0x4d57b213) x 4 0x00000001
core   0: 0x80000f96 (0xf4bd4283) lbu     t0, -181(s10)
core   0: 3 0x80000f96 (0xf4bd4283) x 5 0x00000000 mem 0x800107af
core   0: 0x80000f9a (0xf73d0a83) lb      s5, -141(s10)
core   0: 3 0x80000f9a (0xf73d0a83) x21 0xffffffee mem 0x800107d7
core   0: 0x80000f9e (0x017cab33) slt     s6, s9, s7
core   0: 3 0x80000f9e (0x017cab33) x22 0x00000001
core   0: 0x80000fa2 (0xf73d0b83) lb      s7, -141(s10)
core   0: 3 0x80000fa2 (0xf73d0b83) x23 0xffffffee mem 0x800107d7
core   0: 0x80000fa6 (0xf73d0783) lb      a5, -141(s10)
core   0: 3 0x80000fa6 (0xf73d0783) x15 0xffffffee mem 0x800107d7
core   0: 0x80000faa (0x00008b81) c.andi  a5, 0
core   0: 3 0x80000faa (0x8b81) x15 0x00000000
core   0: 0x80000fac (0x00008afd) c.andi  a3, 31
core   0: 3 0x80000fac (0x8afd) x13 0x00000002
core   0: 0x80000fae (0x024d4383) lbu     t2, 36(s10)
core   0: 3 0x80000fae (0x024d4383) x 7 0x00000056 mem 0x80010888
core   0: 0x80000fb2 (0x02627633) remu    a2, tp, t1
core   0: 3 0x80000fb2 (0x02627633) x12 0x00000001
core   0: 0x80000fb6 (0x024d5983) lhu     s3, 36(s10)
core   0: 3 0x80000fb6 (0x024d5983) x19 0x00004656 mem 0x80010888
core   0: 0x80000fba (0x024d1c03) lh      s8, 36(s10)
core   0: 3 0x80000fba (0x024d1c03) x24 0x00004656 mem 0x80010888
core   0: 0x80000fbe (0x41ec0fb3) sub     t6, s8, t5
core   0: 3 0x80000fbe (0x41ec0fb3) x31 0x00004569
core   0: 0x80000fc2 (0xf15d4283) lbu     t0, -235(s10)
core   0: 3 0x80000fc2 (0xf15d4283) x 5 0x00000018 mem 0x80010779
core   0: 0x80000fc6 (0x0e7d07a3) sb      t2, 239(s10)
core   0: 3 0x80000fc6 (0x0e7d07a3) mem 0x80010953 0x56
core   0: 0x80000fca (0x00000001) c.nop
core   0: 3 0x80000fca (0x0001)
core   0: 0x80000fcc (0x0efd4f03) lbu     t5, 239(s10)
core   0: 3 0x80000fcc (0x0efd4f03) x30 0x00000056 mem 0x80010953
core   0: 0x80000fd0 (0x0fad07a3) sb      s10, 239(s10)
core   0: 3 0x80000fd0 (0x0fad07a3) mem 0x80010953 0x64
core   0: 0x80000fd4 (0x0a4d5e83) lhu     t4, 164(s10)
core   0: 3 0x80000fd4 (0x0a4d5e83) x29 0x0000ab2c mem 0x80010908
core   0: 0x80000fd8 (0x0a8d0223) sb      s0, 164(s10)
core   0: 3 0x80000fd8 (0x0a8d0223) mem 0x80010908 0x61
core   0: 0x80000fdc (0x0a4d1103) lh      sp, 164(s10)
core   0: 3 0x80000fdc (0x0a4d1103) x 2 0xffffab61 mem 0x80010908
core   0: 0x80000fe0 (0x00010b17) auipc   s6, 0x10
core   0: 3 0x80000fe0 (0x00010b17) x22 0x80010fe0
core   0: 0x80000fe4 (0xd32b0b13) addi    s6, s6, -718
core   0: 3 0x80000fe4 (0xd32b0b13) x22 0x80010d12
core   0: 0x80000fe8 (0x0000100f) fence.i
core   0: 3 0x80000fe8 (0x0000100f)
core   0: 0x80000fec (0x000041c9) c.li    gp, 18
core   0: 3 0x80000fec (0x41c9) x 3 0x00000012
core   0: 0x80000fee (0xff3b4503) lbu     a0, -13(s6)
core   0: 3 0x80000fee (0xff3b4503) x10 0x000000cc mem 0x80010d05
core   0: 0x80000ff2 (0xe459b613) sltiu   a2, s3, -443
core   0: 3 0x80000ff2 (0xe459b613) x12 0x00000001
core   0: 0x80000ff6 (0x00cb5d83) lhu     s11, 12(s6)
core   0: 3 0x80000ff6 (0x00cb5d83) x27 0x00001551 mem 0x80010d1e
core   0: 0x80000ffa (0xfecb1b23) sh      a2, -10(s6)
core   0: 3 0x80000ffa (0xfecb1b23) mem 0x80010d08 0x0001
core   0: 0x80000ffe (0x00cb4203) lbu     tp, 12(s6)
core   0: 3 0x80000ffe (0x00cb4203) x 4 0x00000051 mem 0x80010d1e
core   0: 0x80001002 (0xff5b0aa3) sb      s5, -11(s6)
core   0: 3 0x80001002 (0xff5b0aa3) mem 0x80010d07 0xee
core   0: 0x80001006 (0x007b4883) lbu     a7, 7(s6)
core   0: 3 0x80001006 (0x007b4883) x17 0x00000052 mem 0x80010d19
core   0: 0x8000100a (0xff5b4f83) lbu     t6, -11(s6)
core   0: 3 0x8000100a (0xff5b4f83) x31 0x000000ee mem 0x80010d07
core   0: 0x8000100e (0x008b4983) lbu     s3, 8(s6)
core   0: 3 0x8000100e (0x008b4983) x19 0x000000cf mem 0x80010d1a
core   0: 0x80001012 (0x01cb1423) sh      t3, 8(s6)
core   0: 3 0x80001012 (0x01cb1423) mem 0x80010d1a 0x0000
core   0: 0x80001016 (0xff4b5303) lhu     t1, -12(s6)
core   0: 3 0x80001016 (0xff4b5303) x 6 0x0000ee29 mem 0x80010d06
core   0: 0x8000101a (0xff4b5c83) lhu     s9, -12(s6)
core   0: 3 0x8000101a (0xff4b5c83) x25 0x0000ee29 mem 0x80010d06
core   0: 0x8000101e (0x013b0023) sb      s3, 0(s6)
core   0: 3 0x8000101e (0x013b0023) mem 0x80010d12 0xcf
core   0: 0x80001022 (0xfebb1a23) sh      a1, -12(s6)
core   0: 3 0x80001022 (0xfebb1a23) mem 0x80010d06 0x0004
core   0: 0x80001026 (0xff4b4d03) lbu     s10, -12(s6)
core   0: 3 0x80001026 (0xff4b4d03) x26 0x00000004 mem 0x80010d06
core   0: 0x8000102a (0x00db4c03) lbu     s8, 13(s6)
core   0: 3 0x8000102a (0x00db4c03) x24 0x00000015 mem 0x80010d1f
core   0: 0x8000102e (0x00ab06a3) sb      a0, 13(s6)
core   0: 3 0x8000102e (0x00ab06a3) mem 0x80010d1f 0xcc
core   0: 0x80001032 (0x00db4c03) lbu     s8, 13(s6)
core   0: 3 0x80001032 (0x00db4c03) x24 0x000000cc mem 0x80010d1f
core   0: 0x80001036 (0x008b0523) sb      s0, 10(s6)
core   0: 3 0x80001036 (0x008b0523) mem 0x80010d1c 0x61
core   0: 0x8000103a (0x01db0523) sb      t4, 10(s6)
core   0: 3 0x8000103a (0x01db0523) mem 0x80010d1c 0x2c
core   0: 0x8000103e (0x00010797) auipc   a5, 0x10
core   0: 3 0x8000103e (0x00010797) x15 0x8001103e
core   0: 0x80001042 (0xbad78793) addi    a5, a5, -1107
core   0: 3 0x80001042 (0xbad78793) x15 0x80010beb
core   0: 0x80001046 (0xfcd78b23) sb      a3, -42(a5)
core   0: 3 0x80001046 (0xfcd78b23) mem 0x80010bc1 0x2
core   0: 0x8000104a (0x02678903) lb      s2, 38(a5)
core   0: 3 0x8000104a (0x02678903) x18 0x00000054 mem 0x80010c11
core   0: 0x8000104e (0x1cb70c13) addi    s8, a4, 459
core   0: 3 0x8000104e (0x1cb70c13) x24 0x000001cb
core   0: 0x80001052 (0xfcc78d23) sb      a2, -38(a5)
core   0: 3 0x80001052 (0xfcc78d23) mem 0x80010bc5 0x1
core   0: 0x80001056 (0x4158d533) sra     a0, a7, s5
core   0: 3 0x80001056 (0x4158d533) x10 0x00000000
core   0: 0x8000105a (0x0017af83) lw      t6, 1(a5)
core   0: 3 0x8000105a (0x0017af83) x31 0x79c03b4b mem 0x80010bec
core   0: 0x8000105e (0x01803db3) snez    s11, s8
core   0: 3 0x8000105e (0x01803db3) x27 0x00000001
core   0: 0x80001062 (0x02b7ce83) lbu     t4, 43(a5)
core   0: 3 0x80001062 (0x02b7ce83) x29 0x000000da mem 0x80010c16
core   0: 0x80001066 (0x01711d13) slli    s10, sp, 23
core   0: 3 0x80001066 (0x01711d13) x26 0xb0800000
core   0: 0x8000106a (0x03778403) lb      s0, 55(a5)
core   0: 3 0x8000106a (0x03778403) x 8 0x00000030 mem 0x80010c22
core   0: 0x8000106e (0x409a5d93) srai    s11, s4, 9
core   0: 3 0x8000106e (0x409a5d93) x27 0xffc00000
core   0: 0x80001072 (0x03d790a3) sh      t4, 33(a5)
core   0: 3 0x80001072 (0x03d790a3) mem 0x80010c0c 0x00da
core   0: 0x80001076 (0x00849f13) slli    t5, s1, 8
core   0: 3 0x80001076 (0x00849f13) x30 0x029ce400
core   0: 0x8000107a (0xfec7cc83) lbu     s9, -20(a5)
core   0: 3 0x8000107a (0xfec7cc83) x25 0x000000a2 mem 0x80010bd7
core   0: 0x8000107e (0x0057ce83) lbu     t4, 5(a5)
core   0: 3 0x8000107e (0x0057ce83) x29 0x0000008d mem 0x80010bf0
core   0: 0x80001082 (0x00f78a23) sb      a5, 20(a5)
core   0: 3 0x80001082 (0x00f78a23) mem 0x80010bff 0xeb
core   0: 0x80001086 (0x01779083) lh      ra, 23(a5)
core   0: 3 0x80001086 (0x01779083) x 1 0xffffc772 mem 0x80010c02
core   0: 0x8000108a (0x0000717d) c.addi16sp sp, -16
core   0: 3 0x8000108a (0x717d) x 2 0xffffab51
core   0: 0x8000108c (0x02779003) lh      zero, 39(a5)
core   0: 3 0x8000108c (0x02779003) mem 0x80010c12
core   0: 0x80001090 (0x03978323) sb      s9, 38(a5)
core   0: 3 0x80001090 (0x03978323) mem 0x80010c11 0xa2
core   0: 0x80001094 (0xfe47cd83) lbu     s11, -28(a5)
core   0: 3 0x80001094 (0xfe47cd83) x27 0x0000000f mem 0x80010bcf
core   0: 0x80001098 (0x00ab8fb3) add     t6, s7, a0
core   0: 3 0x80001098 (0x00ab8fb3) x31 0xffffffee
core   0: 0x8000109c (0xffc7aaa3) sw      t3, -11(a5)
core   0: 3 0x8000109c (0xffc7aaa3) mem 0x80010be0 0x00000000
core   0: 0x800010a0 (0x00000166) c.slli  sp, 25
core   0: 3 0x800010a0 (0x0166) x 2 0xa2000000
core   0: 0x800010a2 (0x01078383) lb      t2, 16(a5)
core   0: 3 0x800010a2 (0x01078383) x 7 0x00000024 mem 0x80010bfb
core   0: 0x800010a6 (0x00005afd) c.li    s5, -1
core   0: 3 0x800010a6 (0x5afd) x21 0xffffffff
core   0: 0x800010a8 (0x010260b3) or      ra, tp, a6
core   0: 3 0x800010a8 (0x010260b3) x 1 0x80025e75
core   0: 0x800010ac (0xfe1789a3) sb      ra, -13(a5)
core   0: 3 0x800010ac (0xfe1789a3) mem 0x80010bde 0x75
core   0: 0x800010b0 (0xfcd79003) lh      zero, -51(a5)
core   0: 3 0x800010b0 (0xfcd79003) mem 0x80010bb8
core   0: 0x800010b4 (0x0237d683) lhu     a3, 35(a5)
core   0: 3 0x800010b4 (0x0237d683) x13 0x0000d090 mem 0x80010c0e
core   0: 0x800010b8 (0xff878c23) sb      s8, -8(a5)
core   0: 3 0x800010b8 (0xff878c23) mem 0x80010be3 0xcb
core   0: 0x800010bc (0xfd87cf03) lbu     t5, -40(a5)
core   0: 3 0x800010bc (0xfd87cf03) x30 0x00000056 mem 0x80010bc3
core   0: 0x800010c0 (0xfd57d503) lhu     a0, -43(a5)
core   0: 3 0x800010c0 (0xfd57d503) x10 0x000002d6 mem 0x80010bc0
core   0: 0x800010c4 (0x01910533) add     a0, sp, s9
core   0: 3 0x800010c4 (0x01910533) x10 0xa20000a2
core   0: 0x800010c8 (0x04578023) sb      t0, 64(a5)
core   0: 3 0x800010c8 (0x04578023) mem 0x80010c2b 0x18
core   0: 0x800010cc (0xffa78703) lb      a4, -6(a5)
core   0: 3 0x800010cc (0xffa78703) x14 0xffffff80 mem 0x80010be5
core   0: 0x800010d0 (0xfdc78203) lb      tp, -36(a5)
core   0: 3 0x800010d0 (0xfdc78203) x 4 0x0000002d mem 0x80010bc7
core   0: 0x800010d4 (0x00a78c83) lb      s9, 10(a5)
core   0: 3 0x800010d4 (0x00a78c83) x25 0xffffffaf mem 0x80010bf5
core   0: 0x800010d8 (0x01cc9013) slli    zero, s9, 28
core   0: 3 0x800010d8 (0x01cc9013)
core   0: 0x800010dc (0xfe07c403) lbu     s0, -32(a5)
core   0: 3 0x800010dc (0xfe07c403) x 8 0x00000037 mem 0x80010bcb
core   0: 0x800010e0 (0xfc67cc03) lbu     s8, -58(a5)
core   0: 3 0x800010e0 (0xfc67cc03) x24 0x0000006b mem 0x80010bb1
core   0: 0x800010e4 (0x028d22b3) mulhsu  t0, s10, s0
core   0: 3 0x800010e4 (0x028d22b3) x 5 0xffffffee
core   0: 0x800010e8 (0x02ac21b3) mulhsu  gp, s8, a0
core   0: 3 0x800010e8 (0x02ac21b3) x 3 0x00000043
core   0: 0x800010ec (0x03878283) lb      t0, 56(a5)
core   0: 3 0x800010ec (0x03878283) x 5 0x0000000e mem 0x80010c23
core   0: 0x800010f0 (0x01600c6f) jal     s8, pc + 0x16
core   0: 3 0x800010f0 (0x01600c6f) x24 0x800010f4
core   0: 0x80001106 (0x0000a009) c.j     pc + 2
core   0: 3 0x80001106 (0xa009)
core   0: 0x80001108 (0x01e000ef) jal     pc + 0x1e
core   0: 3 0x80001108 (0x01e000ef) x 1 0x8000110c
core   0: 0x80001126 (0x0000bfc9) c.j     pc - 46
core   0: 3 0x80001126 (0xbfc9)
core   0: 0x800010f8 (0x0000200d) c.jal   pc + 34
core   0: 3 0x800010f8 (0x200d) x 1 0x800010fa
core   0: 0x8000111a (0x0000a009) c.j     pc + 2
core   0: 3 0x8000111a (0xa009)
core   0: 0x8000111c (0x012000ef) jal     pc + 0x12
core   0: 3 0x8000111c (0x012000ef) x 1 0x80001120
core   0: 0x8000112e (0x000037cd) c.jal   pc - 30
core   0: 3 0x8000112e (0x37cd) x 1 0x80001130
core   0: 0x80001110 (0x000037ed) c.jal   pc - 22
core   0: 3 0x80001110 (0x37ed) x 1 0x80001112
core   0: 0x800010fa (0x0000a811) c.j     pc + 20
core   0: 3 0x800010fa (0xa811)
core   0: 0x8000110e (0x0000b7fd) c.j     pc - 18
core   0: 3 0x8000110e (0xb7fd)
core   0: 0x800010fc (0x0000bfed) c.j     pc - 6
core   0: 3 0x800010fc (0xbfed)
core   0: 0x800010f6 (0x0000200d) c.jal   pc + 34
core   0: 3 0x800010f6 (0x200d) x 1 0x800010f8
core   0: 0x80001118 (0x00003ff1) c.jal   pc - 36
core   0: 3 0x80001118 (0x3ff1) x 1 0x8000111a
core   0: 0x800010f4 (0x00002005) c.jal   pc + 32
core   0: 3 0x800010f4 (0x2005) x 1 0x800010f6
core   0: 0x80001114 (0x0000b7f5) c.j     pc - 20
core   0: 3 0x80001114 (0xb7f5)
core   0: 0x80001100 (0x00002009) c.jal   pc + 2
core   0: 3 0x80001100 (0x2009) x 1 0x80001102
core   0: 0x80001102 (0x0220036f) jal     t1, pc + 0x22
core   0: 3 0x80001102 (0x0220036f) x 6 0x80001106
core   0: 0x80001124 (0x0000bfe9) c.j     pc - 38
core   0: 3 0x80001124 (0xbfe9)
core   0: 0x800010fe (0x0000200d) c.jal   pc + 34
core   0: 3 0x800010fe (0x200d) x 1 0x80001100
core   0: 0x80001120 (0xff3ff0ef) jal     pc - 0xe
core   0: 3 0x80001120 (0xff3ff0ef) x 1 0x80001124
core   0: 0x80001112 (0x00002819) c.jal   pc + 22
core   0: 3 0x80001112 (0x2819) x 1 0x80001114
core   0: 0x80001128 (0xfe5ffeef) jal     t4, pc - 0x1c
core   0: 3 0x80001128 (0xfe5ffeef) x29 0x8000112c
core   0: 0x8000110c (0x00002005) c.jal   pc + 32
core   0: 3 0x8000110c (0x2005) x 1 0x8000110e
core   0: 0x8000112c (0x000037ed) c.jal   pc - 22
core   0: 3 0x8000112c (0x37ed) x 1 0x8000112e
core   0: 0x80001116 (0x0000a829) c.j     pc + 26
core   0: 3 0x80001116 (0xa829)
core   0: 0x80001130 (0x5ce58013) addi    zero, a1, 1486
core   0: 3 0x80001130 (0x5ce58013)
core   0: 0x80001134 (0x0000f117) auipc   sp, 0xf
core   0: 3 0x80001134 (0x0000f117) x 2 0x80010134
core   0: 0x80001138 (0x08010113) addi    sp, sp, 128
core   0: 3 0x80001138 (0x08010113) x 2 0x800101b4
core   0: 0x8000113c (0xf0f10623) sb      a5, -244(sp)
core   0: 3 0x8000113c (0xf0f10623) mem 0x800100c0 0xeb
core   0: 0x80001140 (0x04510083) lb      ra, 69(sp)
core   0: 3 0x80001140 (0x04510083) x 1 0x00000017 mem 0x800101f9
core   0: 0x80001144 (0x02b320b3) mulhsu  ra, t1, a1
core   0: 3 0x80001144 (0x02b320b3) x 1 0xfffffffe
core   0: 0x80001148 (0x000087c5) c.srai  a5, 17
core   0: 3 0x80001148 (0x87c5) x15 0xffffc000
core   0: 0x8000114a (0x024080b3) mul     ra, ra, tp
core   0: 3 0x8000114a (0x024080b3) x 1 0xffffffa6
core   0: 0x8000114e (0x0000d8ae) c.swsp  a1, 112(sp)
core   0: 3 0x8000114e (0xd8ae) mem 0x80010224 0x00000004
core   0: 0x80001150 (0x02f795b3) mulh    a1, a5, a5
core   0: 3 0x80001150 (0x02f795b3) x11 0x00000000
core   0: 0x80001154 (0xf2b10523) sb      a1, -214(sp)
core   0: 3 0x80001154 (0xf2b10523) mem 0x800100de 0x0
core   0: 0x80001158 (0x000081cd) c.srli  a1, 19
core   0: 3 0x80001158 (0x81cd) x11 0x00000000
core   0: 0x8000115a (0x0ad10203) lb      tp, 173(sp)
core   0: 3 0x8000115a (0x0ad10203) x 4 0xfffffffc mem 0x80010261
core   0: 0x8000115e (0x000005e6) c.slli  a1, 25
core   0: 3 0x8000115e (0x05e6) x11 0x00000000
core   0: 0x80001160 (0x00259193) slli    gp, a1, 2
core   0: 3 0x80001160 (0x00259193) x 3 0x00000000
core   0: 0x80001164 (0x0037f233) and     tp, a5, gp
core   0: 3 0x80001164 (0x0037f233) x 4 0x00000000
core   0: 0x80001168 (0x001301b3) add     gp, t1, ra
core   0: 3 0x80001168 (0x001301b3) x 3 0x800010ac
core   0: 0x8000116c (0x00008989) c.andi  a1, 2
core   0: 3 0x8000116c (0x8989) x11 0x00000000
core   0: 0x8000116e (0x00008dcd) c.or    a1, a1
core   0: 3 0x8000116e (0x8dcd) x11 0x00000000
core   0: 0x80001170 (0x02f10083) lb      ra, 47(sp)
core   0: 3 0x80001170 (0x02f10083) x 1 0xffffffe9 mem 0x800101e3
core   0: 0x80001174 (0xf6c14583) lbu     a1, -148(sp)
core   0: 3 0x80001174 (0xf6c14583) x11 0x000000e4 mem 0x80010120
core   0: 0x80001178 (0x0f514303) lbu     t1, 245(sp)
core   0: 3 0x80001178 (0x0f514303) x 6 0x00000000 mem 0x800102a9
core   0: 0x8000117c (0x00008fdd) c.or    a5, a5
core   0: 3 0x8000117c (0x8fdd) x15 0xffffc000
core   0: 0x8000117e (0xfa612223) sw      t1, -92(sp)
core   0: 3 0x8000117e (0xfa612223) mem 0x80010158 0x00000000
core   0: 0x80001182 (0x00008fbd) c.xor   a5, a5
core   0: 3 0x80001182 (0x8fbd) x15 0x00000000
core   0: 0x80001184 (0x5cb37313) andi    t1, t1, 1483
core   0: 3 0x80001184 (0x5cb37313) x 6 0x00000000
core   0: 0x80001188 (0x0065e233) or      tp, a1, t1
core   0: 3 0x80001188 (0x0065e233) x 4 0x000000e4
core   0: 0x8000118c (0x00008212) c.mv    tp, tp
core   0: 3 0x8000118c (0x8212) x 4 0x000000e4
core   0: 0x8000118e (0x0000c492) c.swsp  tp, 72(sp)
core   0: 3 0x8000118e (0xc492) mem 0x800101fc 0x000000e4
core   0: 0x80001190 (0x404180b3) sub     ra, gp, tp
core   0: 3 0x80001190 (0x404180b3) x 1 0x80000fc8
core   0: 0x80001194 (0x0230b7b3) mulhu   a5, ra, gp
core   0: 3 0x80001194 (0x0230b7b3) x15 0x4000103a
core   0: 0x80001198 (0x3c27f593) andi    a1, a5, 962
core   0: 3 0x80001198 (0x3c27f593) x11 0x00000002
core   0: 0x8000119c (0xd1565237) lui     tp, 0xd1565
core   0: 3 0x8000119c (0xd1565237) x 4 0xd1565000
core   0: 0x800011a0 (0xf6014583) lbu     a1, -160(sp)
core   0: 3 0x800011a0 (0xf6014583) x11 0x00000067 mem 0x80010114
core   0: 0x800011a4 (0x0000ce86) c.swsp  ra, 92(sp)
core   0: 3 0x800011a4 (0xce86) mem 0x80010210 0x80000fc8
core   0: 0x800011a6 (0x0000f117) auipc   sp, 0xf
core   0: 3 0x800011a6 (0x0000f117) x 2 0x800101a6
core   0: 0x800011aa (0x18410113) addi    sp, sp, 388
core   0: 3 0x800011aa (0x18410113) x 2 0x8001032a
core   0: 0x800011ae (0x03542bb3) mulhsu  s7, s0, s5
core   0: 3 0x800011ae (0x03542bb3) x23 0x00000036
core   0: 0x800011b2 (0x412408b3) sub     a7, s0, s2
core   0: 3 0x800011b2 (0x412408b3) x17 0xffffffe3
core   0: 0x800011b6 (0xfd7103a3) sb      s7, -57(sp)
core   0: 3 0x800011b6 (0xfd7103a3) mem 0x800102f1 0x36
core   0: 0x800011ba (0x00614a83) lbu     s5, 6(sp)
core   0: 3 0x800011ba (0x00614a83) x21 0x00000072 mem 0x80010330
core   0: 0x800011be (0x41145bb3) sra     s7, s0, a7
core   0: 3 0x800011be (0x41145bb3) x23 0x00000006
core   0: 0x800011c2 (0xfe114403) lbu     s0, -31(sp)
core   0: 3 0x800011c2 (0xfe114403) x 8 0x0000006f mem 0x8001030b
core   0: 0x800011c6 (0xfe411403) lh      s0, -28(sp)
core   0: 3 0x800011c6 (0xfe411403) x 8 0xfffffba9 mem 0x8001030e
core   0: 0x800011ca (0x01f10183) lb      gp, 31(sp)
core   0: 3 0x800011ca (0x01f10183) x 3 0xffffffcd mem 0x80010349
core   0: 0x800011ce (0x000081c6) c.mv    gp, a7
core   0: 3 0x800011ce (0x81c6) x 3 0xffffffe3
core   0: 0x800011d0 (0x03510b23) sb      s5, 54(sp)
core   0: 3 0x800011d0 (0x03510b23) mem 0x80010360 0x72
core   0: 0x800011d4 (0xfd914b83) lbu     s7, -39(sp)
core   0: 3 0x800011d4 (0xfd914b83) x23 0x00000082 mem 0x80010303
core   0: 0x800011d8 (0x00615403) lhu     s0, 6(sp)
core   0: 3 0x800011d8 (0x00615403) x 8 0x00006872 mem 0x80010330
core   0: 0x800011dc (0x0371a933) mulhsu  s2, gp, s7
core   0: 3 0x800011dc (0x0371a933) x18 0xffffffff
core   0: 0x800011e0 (0xfdd10a83) lb      s5, -35(sp)
core   0: 3 0x800011e0 (0xfdd10a83) x21 0x0000004e mem 0x80010307
core   0: 0x800011e4 (0xa9243a93) sltiu   s5, s0, -1390
core   0: 3 0x800011e4 (0xa9243a93) x21 0x00000001
core   0: 0x800011e8 (0xfe310903) lb      s2, -29(sp)
core   0: 3 0x800011e8 (0xfe310903) x18 0x00000019 mem 0x8001030d
core   0: 0x800011ec (0x00008c41) c.or    s0, s0
core   0: 3 0x800011ec (0x8c41) x 8 0x00006872
core   0: 0x800011ee (0x00008422) c.mv    s0, s0
core   0: 3 0x800011ee (0x8422) x 8 0x00006872
core   0: 0x800011f0 (0xfe714b83) lbu     s7, -25(sp)
core   0: 3 0x800011f0 (0xfe714b83) x23 0x00000080 mem 0x80010311
core   0: 0x800011f4 (0xfc311e23) sh      gp, -36(sp)
core   0: 3 0x800011f4 (0xfc311e23) mem 0x80010306 0xffe3
core   0: 0x800011f8 (0xfe411183) lh      gp, -28(sp)
core   0: 3 0x800011f8 (0xfe411183) x 3 0xfffffba9 mem 0x8001030e
core   0: 0x800011fc (0xfd5107a3) sb      s5, -49(sp)
core   0: 3 0x800011fc (0xfd5107a3) mem 0x800102f9 0x1
core   0: 0x80001200 (0x03514903) lbu     s2, 53(sp)
core   0: 3 0x80001200 (0x03514903) x18 0x00000000 mem 0x8001035f
core   0: 0x80001204 (0xfd1104a3) sb      a7, -55(sp)
core   0: 3 0x80001204 (0xfd1104a3) mem 0x800102f3 0xe3
core   0: 0x80001208 (0x03743433) mulhu   s0, s0, s7
core   0: 3 0x80001208 (0x03743433) x 8 0x00000000
core   0: 0x8000120c (0x01219ab3) sll     s5, gp, s2
core   0: 3 0x8000120c (0x01219ab3) x21 0xfffffba9
core   0: 0x80001210 (0x00008c01) c.sub   s0, s0
core   0: 3 0x80001210 (0x8c01) x 8 0x00000000
core   0: 0x80001212 (0x03112923) sw      a7, 50(sp)
core   0: 3 0x80001212 (0x03112923) mem 0x8001035c 0xffffffe3
core   0: 0x80001216 (0x00009a8e) c.add   s5, gp
core   0: 3 0x80001216 (0x9a8e) x21 0xfffff752
core   0: 0x80001218 (0x02f14a83) lbu     s5, 47(sp)
core   0: 3 0x80001218 (0x02f14a83) x21 0x00000080 mem 0x80010359
core   0: 0x8000121c (0xffd10183) lb      gp, -3(sp)
core   0: 3 0x8000121c (0xffd10183) x 3 0xffffff8b mem 0x80010327
core   0: 0x80001220 (0xfde12b83) lw      s7, -34(sp)
core   0: 3 0x80001220 (0xfde12b83) x23 0x6fe95087 mem 0x80010308
core   0: 0x80001224 (0x032ba8b3) mulhsu  a7, s7, s2
core   0: 3 0x80001224 (0x032ba8b3) x17 0x00000000
core   0: 0x80001228 (0x00810e23) sb      s0, 28(sp)
core   0: 3 0x80001228 (0x00810e23) mem 0x80010346 0x0
core   0: 0x8000122c (0x00710403) lb      s0, 7(sp)
core   0: 3 0x8000122c (0x00710403) x 8 0x00000068 mem 0x80010331
core   0: 0x80001230 (0x00a14183) lbu     gp, 10(sp)
core   0: 3 0x80001230 (0x00a14183) x 3 0x00000001 mem 0x80010334
core   0: 0x80001234 (0xfde12403) lw      s0, -34(sp)
core   0: 3 0x80001234 (0xfde12403) x 8 0x6fe95087 mem 0x80010308
core   0: 0x80001238 (0x0000f217) auipc   tp, 0xf
core   0: 3 0x80001238 (0x0000f217) x 4 0x80010238
core   0: 0x8000123c (0x79f20213) addi    tp, tp, 1951
core   0: 3 0x8000123c (0x79f20213) x 4 0x800109d7
core   0: 0x80001240 (0x00000791) c.addi  a5, 4
core   0: 3 0x80001240 (0x0791) x15 0x4000103e
core   0: 0x80001242 (0x01320523) sb      s3, 10(tp)
core   0: 3 0x80001242 (0x01320523) mem 0x800109e1 0xcf
core   0: 0x80001246 (0x00121c03) lh      s8, 1(tp)
core   0: 3 0x80001246 (0x00121c03) x24 0x00003865 mem 0x800109d8
core   0: 0x8000124a (0x00a200a3) sb      a0, 1(tp)
core   0: 3 0x8000124a (0x00a200a3) mem 0x800109d8 0xa2
core   0: 0x8000124e (0xfff21b03) lh      s6, -1(tp)
core   0: 3 0x8000124e (0xfff21b03) x22 0xffff869d mem 0x800109d6
core   0: 0x80001252 (0x00008fe2) c.mv    t6, s8
core   0: 3 0x80001252 (0x8fe2) x31 0x00003865
core   0: 0x80001254 (0xff320103) lb      sp, -13(tp)
core   0: 3 0x80001254 (0xff320103) x 2 0xffffffb3 mem 0x800109ca
core   0: 0x80001258 (0x00620e83) lb      t4, 6(tp)
core   0: 3 0x80001258 (0x00620e83) x29 0xffffffee mem 0x800109dd
core   0: 0x8000125c (0xffe20b83) lb      s7, -2(tp)
core   0: 3 0x8000125c (0xffe20b83) x23 0xffffff88 mem 0x800109d5
core   0: 0x80001260 (0x00824003) lbu     zero, 8(tp)
core   0: 3 0x80001260 (0x00824003) mem 0x800109df
core   0: 0x80001264 (0xfff25783) lhu     a5, -1(tp)
core   0: 3 0x80001264 (0xfff25783) x15 0x0000869d mem 0x800109d6
core   0: 0x80001268 (0x00008ed1) c.or    a3, a2
core   0: 3 0x80001268 (0x8ed1) x13 0x0000d091
core   0: 0x8000126a (0xff624303) lbu     t1, -10(tp)
core   0: 3 0x8000126a (0xff624303) x 6 0x0000003e mem 0x800109cd
core   0: 0x8000126e (0xad662693) slti    a3, a2, -1322
core   0: 3 0x8000126e (0xad662693) x13 0x00000000
core   0: 0x80001272 (0xff124303) lbu     t1, -15(tp)
core   0: 3 0x80001272 (0xff124303) x 6 0x00000054 mem 0x800109c8
core   0: 0x80001276 (0x01024903) lbu     s2, 16(tp)
core   0: 3 0x80001276 (0x01024903) x18 0x0000007d mem 0x800109e7
core   0: 0x8000127a (0x00008396) c.mv    t2, t0
core   0: 3 0x8000127a (0x8396) x 7 0x0000000e
core   0: 0x8000127c (0x02d58033) mul     zero, a1, a3
core   0: 3 0x8000127c (0x02d58033)
core   0: 0x80001280 (0x00e24603) lbu     a2, 14(tp)
core   0: 3 0x80001280 (0x00e24603) x12 0x000000dd mem 0x800109e5
core   0: 0x80001284 (0x85ed4013) xori    zero, s10, -1954
core   0: 3 0x80001284 (0x85ed4013)
core   0: 0x80001288 (0x00f20423) sb      a5, 8(tp)
core   0: 3 0x80001288 (0x00f20423) mem 0x800109df 0x9d
core   0: 0x8000128c (0x01220323) sb      s2, 6(tp)
core   0: 3 0x8000128c (0x01220323) mem 0x800109dd 0x7d
core   0: 0x80001290 (0x01a20223) sb      s10, 4(tp)
core   0: 3 0x80001290 (0x01a20223) mem 0x800109db 0x0
core   0: 0x80001294 (0xfff21c03) lh      s8, -1(tp)
core   0: 3 0x80001294 (0xfff21c03) x24 0xffff869d mem 0x800109d6
core   0: 0x80001298 (0xffa24503) lbu     a0, -6(tp)
core   0: 3 0x80001298 (0xffa24503) x10 0x00000096 mem 0x800109d1
core   0: 0x8000129c (0x002207a3) sb      sp, 15(tp)
core   0: 3 0x8000129c (0x002207a3) mem 0x800109e6 0xb3
core   0: 0x800012a0 (0x03789133) mulh    sp, a7, s7
core   0: 3 0x800012a0 (0x03789133) x 2 0x00000000
core   0: 0x800012a4 (0x00d207a3) sb      a3, 15(tp)
core   0: 3 0x800012a4 (0x00d207a3) mem 0x800109e6 0x0
core   0: 0x800012a8 (0xff721c83) lh      s9, -9(tp)
core   0: 3 0x800012a8 (0xff721c83) x25 0x00005861 mem 0x800109ce
core   0: 0x800012ac (0x000087e1) c.srai  a5, 24
core   0: 3 0x800012ac (0x87e1) x15 0x00000000
core   0: 0x800012ae (0xff320fa3) sb      s3, -1(tp)
core   0: 3 0x800012ae (0xff320fa3) mem 0x800109d6 0xcf
core   0: 0x800012b2 (0x012645b3) xor     a1, a2, s2
core   0: 3 0x800012b2 (0x012645b3) x11 0x000000a0
core   0: 0x800012b6 (0x00620223) sb      t1, 4(tp)
core   0: 3 0x800012b6 (0x00620223) mem 0x800109db 0x54
core   0: 0x800012ba (0x00f21e83) lh      t4, 15(tp)
core   0: 3 0x800012ba (0x00f21e83) x29 0x00007d00 mem 0x800109e6
core   0: 0x800012be (0x00c20283) lb      t0, 12(tp)
core   0: 3 0x800012be (0x00c20283) x 5 0x00000050 mem 0x800109e3
core   0: 0x800012c2 (0x68324013) xori    zero, tp, 1667
core   0: 3 0x800012c2 (0x68324013)
core   0: 0x800012c6 (0xff121aa3) sh      a7, -11(tp)
core   0: 3 0x800012c6 (0xff121aa3) mem 0x800109cc 0x0000
core   0: 0x800012ca (0xffe20b83) lb      s7, -2(tp)
core   0: 3 0x800012ca (0xffe20b83) x23 0xffffff88 mem 0x800109d5
core   0: 0x800012ce (0x00d22f03) lw      t5, 13(tp)
core   0: 3 0x800012ce (0x00d22f03) x30 0x7d00dd77 mem 0x800109e4
core   0: 0x800012d2 (0x00f20a83) lb      s5, 15(tp)
core   0: 3 0x800012d2 (0x00f20a83) x21 0x00000000 mem 0x800109e6
core   0: 0x800012d6 (0x0001ce17) auipc   t3, 0x1c
core   0: 3 0x800012d6 (0x0001ce17) x28 0x8001d2d6
core   0: 0x800012da (0x02ae0e13) addi    t3, t3, 42
core   0: 3 0x800012da (0x02ae0e13) x28 0x8001d300
core   0: 0x800012de (0xe93e07a3) sb      s3, -369(t3)
core   0: 3 0x800012de (0xe93e07a3) mem 0x8001d18f 0xcf
core   0: 0x800012e2 (0xe8fe0603) lb      a2, -369(t3)
core   0: 3 0x800012e2 (0xe8fe0603) x12 0xffffffcf mem 0x8001d18f
core   0: 0x800012e6 (0x00008cbe) c.mv    s9, a5
core   0: 3 0x800012e6 (0x8cbe) x25 0x00000000
core   0: 0x800012e8 (0x0072c7b3) xor     a5, t0, t2
core   0: 3 0x800012e8 (0x0072c7b3) x15 0x0000005e
core   0: 0x800012ec (0xe81e07a3) sb      ra, -369(t3)
core   0: 3 0x800012ec (0xe81e07a3) mem 0x8001d18f 0xc8
core   0: 0x800012f0 (0x00008aaa) c.mv    s5, a0
core   0: 3 0x800012f0 (0x8aaa) x21 0x00000096
core   0: 0x800012f2 (0xe8fe4b03) lbu     s6, -369(t3)
core   0: 3 0x800012f2 (0xe8fe4b03) x22 0x000000c8 mem 0x8001d18f
core   0: 0x800012f6 (0xe8fe0b83) lb      s7, -369(t3)
core   0: 3 0x800012f6 (0xe8fe0b83) x23 0xffffffc8 mem 0x8001d18f
core   0: 0x800012fa (0x00fbc433) xor     s0, s7, a5
core   0: 3 0x800012fa (0x00fbc433) x 8 0xffffff96
core   0: 0x800012fe (0xe91e07a3) sb      a7, -369(t3)
core   0: 3 0x800012fe (0xe91e07a3) mem 0x8001d18f 0x0
core   0: 0x80001302 (0x01c7abb3) slt     s7, a5, t3
core   0: 3 0x80001302 (0x01c7abb3) x23 0x00000000
core   0: 0x80001306 (0xe9ee07a3) sb      t5, -369(t3)
core   0: 3 0x80001306 (0xe9ee07a3) mem 0x8001d18f 0x77
core   0: 0x8000130a (0x378e2d83) lw      s11, 888(t3)
core   0: 3 0x8000130a (0x378e2d83) x27 0x8149451a mem 0x8001d678
core   0: 0x8000130e (0x378e2203) lw      tp, 888(t3)
core   0: 3 0x8000130e (0x378e2203) x 4 0x8149451a mem 0x8001d678
core   0: 0x80001312 (0x36ae1c23) sh      a0, 888(t3)
core   0: 3 0x80001312 (0x36ae1c23) mem 0x8001d678 0x0096
core   0: 0x80001316 (0x000015fd) c.addi  a1, -1
core   0: 3 0x80001316 (0x15fd) x11 0x0000009f
core   0: 0x80001318 (0x378e5c03) lhu     s8, 888(t3)
core   0: 3 0x80001318 (0x378e5c03) x24 0x00000096 mem 0x8001d678
core   0: 0x8000131c (0x00400793) li      a5, 4
core   0: 3 0x8000131c (0x00400793) x15 0x00000004
core   0: 0x80001320 (0x00e11933) sll     s2, sp, a4
core   0: 3 0x80001320 (0x00e11933) x18 0x00000000
core   0: 0x80001324 (0x00008c51) c.or    s0, a2
core   0: 3 0x80001324 (0x8c51) x 8 0xffffffdf
core   0: 0x80001326 (0x017f1033) sll     zero, t5, s7
core   0: 3 0x80001326 (0x017f1033)
core   0: 0x8000132a (0x3f7038b7) lui     a7, 0x3f703
core   0: 3 0x8000132a (0x3f7038b7) x17 0x3f703000
core   0: 0x8000132e (0x921a2b93) slti    s7, s4, -1759
core   0: 3 0x8000132e (0x921a2b93) x23 0x00000001
core   0: 0x80001332 (0x401c0b33) sub     s6, s8, ra
core   0: 3 0x80001332 (0x401c0b33) x22 0x7ffff0ce
core   0: 0x80001336 (0x00000001) c.nop
core   0: 3 0x80001336 (0x0001)
core   0: 0x80001338 (0x03fdd8b3) divu    a7, s11, t6
core   0: 3 0x80001338 (0x03fdd8b3) x17 0x00024ae3
core   0: 0x8000133c (0x02bceeb3) rem     t4, s9, a1
core   0: 3 0x8000133c (0x02bceeb3) x29 0x00000000
core   0: 0x80001340 (0x00300213) li      tp, 3
core   0: 3 0x80001340 (0x00300213) x 4 0x00000003
core   0: 0x80001344 (0x01082bb3) slt     s7, a6, a6
core   0: 3 0x80001344 (0x01082bb3) x23 0x00000000
core   0: 0x80001348 (0x0ff0000f) fence   iorw,iorw
core   0: 3 0x80001348 (0x0ff0000f)
core   0: 0x8000134c (0x031ce533) rem     a0, s9, a7
core   0: 3 0x8000134c (0x031ce533) x10 0x00000000
core   0: 0x80001350 (0x418d53b3) sra     t2, s10, s8
core   0: 3 0x80001350 (0x418d53b3) x 7 0xfffffec2
core   0: 0x80001354 (0x015759b3) srl     s3, a4, s5
core   0: 3 0x80001354 (0x015759b3) x19 0x000003ff
core   0: 0x80001358 (0x00006e8d) c.lui   t4, 0x3
core   0: 3 0x80001358 (0x6e8d) x29 0x00003000
core   0: 0x8000135a (0xb1c7ad93) slti    s11, a5, -1252
core   0: 3 0x8000135a (0xb1c7ad93) x27 0x00000000
core   0: 0x8000135e (0x000017f9) c.addi  a5, -2
core   0: 3 0x8000135e (0x17f9) x15 0x00000002
core   0: 0x80001360 (0xffe00d13) li      s10, -2
core   0: 3 0x80001360 (0xffe00d13) x26 0xfffffffe
core   0: 0x80001364 (0x00800313) li      t1, 8
core   0: 3 0x80001364 (0x00800313) x 6 0x00000008
core   0: 0x80001368 (0x00ade5b3) or      a1, s11, a0
core   0: 3 0x80001368 (0x00ade5b3) x11 0x00000000
core   0: 0x8000136c (0x00000d29) c.addi  s10, 10
core   0: 3 0x8000136c (0x0d29) x26 0x00000008
core   0: 0x8000136e (0x0179c933) xor     s2, s3, s7
core   0: 3 0x8000136e (0x0179c933) x18 0x000003ff
core   0: 0x80001372 (0xfe6d0be3) beq     s10, t1, pc - 10
core   0: 3 0x80001372 (0xfe6d0be3)
core   0: 0x80001368 (0x00ade5b3) or      a1, s11, a0
core   0: 3 0x80001368 (0x00ade5b3) x11 0x00000000
core   0: 0x8000136c (0x00000d29) c.addi  s10, 10
core   0: 3 0x8000136c (0x0d29) x26 0x00000012
core   0: 0x8000136e (0x0179c933) xor     s2, s3, s7
core   0: 3 0x8000136e (0x0179c933) x18 0x000003ff
core   0: 0x80001372 (0xfe6d0be3) beq     s10, t1, pc - 10
core   0: 3 0x80001372 (0xfe6d0be3)
core   0: 0x80001376 (0x00008275) c.srli  a2, 29
core   0: 3 0x80001376 (0x8275) x12 0x00000007
core   0: 0x80001378 (0xcc806393) ori     t2, zero, -824
core   0: 3 0x80001378 (0xcc806393) x 7 0xfffffcc8
core   0: 0x8000137c (0x000086a1) c.srai  a3, 8
core   0: 3 0x8000137c (0x86a1) x13 0x00000000
core   0: 0x8000137e (0xc21cfb93) andi    s7, s9, -991
core   0: 3 0x8000137e (0xc21cfb93) x23 0x00000000
core   0: 0x80001382 (0xfc47f1e3) bgeu    a5, tp, pc - 62
core   0: 3 0x80001382 (0xfc47f1e3)
core   0: 0x80001386 (0x6cec7413) andi    s0, s8, 1742
core   0: 3 0x80001386 (0x6cec7413) x 8 0x00000086
core   0: 0x8000138a (0x00a00413) li      s0, 10
core   0: 3 0x8000138a (0x00a00413) x 8 0x0000000a
core   0: 0x8000138e (0x00000001) c.nop
core   0: 3 0x8000138e (0x0001)
core   0: 0x80001390 (0x016e2c33) slt     s8, t3, s6
core   0: 3 0x80001390 (0x016e2c33) x24 0x00000001
core   0: 0x80001394 (0x00a00113) li      sp, 10
core   0: 3 0x80001394 (0x00a00113) x 2 0x0000000a
core   0: 0x80001398 (0x000069b5) c.lui   s3, 0xd
core   0: 3 0x80001398 (0x69b5) x19 0x0000d000
core   0: 0x8000139a (0x0000145d) c.addi  s0, -9
core   0: 3 0x8000139a (0x145d) x 8 0x00000001
core   0: 0x8000139c (0x00006c15) c.lui   s8, 0x5
core   0: 3 0x8000139c (0x6c15) x24 0x00005000
core   0: 0x8000139e (0x00008bbd) c.andi  a5, 15
core   0: 3 0x8000139e (0x8bbd) x15 0x00000002
core   0: 0x800013a0 (0x409200b3) sub     ra, tp, s1
core   0: 3 0x800013a0 (0x409200b3) x 1 0x7ffd631f
core   0: 0x800013a4 (0x00000613) li      a2, 0
core   0: 3 0x800013a4 (0x00000613) x12 0x00000000
core   0: 0x800013a8 (0x00005e7d) c.li    t3, -1
core   0: 3 0x800013a8 (0x5e7d) x28 0xffffffff
core   0: 0x800013aa (0x00700193) li      gp, 7
core   0: 3 0x800013aa (0x00700193) x 3 0x00000007
core   0: 0x800013ae (0x00008d11) c.sub   a0, a2
core   0: 3 0x800013ae (0x8d11) x10 0x00000000
core   0: 0x800013b0 (0x00000629) c.addi  a2, 10
core   0: 3 0x800013b0 (0x0629) x12 0x0000000a
core   0: 0x800013b2 (0x016d9233) sll     tp, s11, s6
core   0: 3 0x800013b2 (0x016d9233) x 4 0x00000000
core   0: 0x800013b6 (0x00006e8d) c.lui   t4, 0x3
core   0: 3 0x800013b6 (0x6e8d) x29 0x00003000
core   0: 0x800013b8 (0x99db0a93) addi    s5, s6, -1635
core   0: 3 0x800013b8 (0x99db0a93) x21 0x7fffea6b
core   0: 0x800013bc (0xfe3649e3) blt     a2, gp, pc - 14
core   0: 3 0x800013bc (0xfe3649e3)
core   0: 0x800013c0 (0x026453b3) divu    t2, s0, t1
core   0: 3 0x800013c0 (0x026453b3) x 7 0x00000000
core   0: 0x800013c4 (0x0000597d) c.li    s2, -1
core   0: 3 0x800013c4 (0x597d) x18 0xffffffff
core   0: 0x800013c6 (0xfc2479e3) bgeu    s0, sp, pc - 46
core   0: 3 0x800013c6 (0xfc2479e3)
core   0: 0x800013ca (0x03c996b3) mulh    a3, s3, t3
core   0: 3 0x800013ca (0x03c996b3) x13 0xffffffff
core   0: 0x800013ce (0x00010417) auipc   s0, 0x10
core   0: 3 0x800013ce (0x00010417) x 8 0x800113ce
core   0: 0x800013d2 (0x5dc40413) addi    s0, s0, 1500
core   0: 3 0x800013d2 (0x5dc40413) x 8 0x800119aa
core   0: 0x800013d6 (0xf1840b03) lb      s6, -232(s0)
core   0: 3 0x800013d6 (0xf1840b03) x22 0xffffff95 mem 0x800118c2
core   0: 0x800013da (0xf1841983) lh      s3, -232(s0)
core   0: 3 0x800013da (0xf1841983) x19 0x00005895 mem 0x800118c2
core   0: 0x800013de (0x00008de9) c.and   a1, a0
core   0: 3 0x800013de (0x8de9) x11 0x00000000
core   0: 0x800013e0 (0xf1845003) lhu     zero, -232(s0)
core   0: 3 0x800013e0 (0xf1845003) mem 0x800118c2
core   0: 0x800013e4 (0x02ffd8b3) divu    a7, t6, a5
core   0: 3 0x800013e4 (0x02ffd8b3) x17 0x00001c32
core   0: 0x800013e8 (0x0072d993) srli    s3, t0, 7
core   0: 3 0x800013e8 (0x0072d993) x19 0x00000000
core   0: 0x800013ec (0xf2242a83) lw      s5, -222(s0)
core   0: 3 0x800013ec (0xf2242a83) x21 0xdc7f8524 mem 0x800118cc
core   0: 0x800013f0 (0x09e40d03) lb      s10, 158(s0)
core   0: 3 0x800013f0 (0x09e40d03) x26 0xffffffc2 mem 0x80011a48
core   0: 0x800013f4 (0x00001e14) c.addi4spn a3, sp, 816
core   0: 3 0x800013f4 (0x1e14) x13 0x0000033a
core   0: 0x800013f6 (0x09e42503) lw      a0, 158(s0)
core   0: 3 0x800013f6 (0x09e42503) x10 0x28c719c2 mem 0x80011a48
core   0: 0x800013fa (0x09842f23) sw      s8, 158(s0)
core   0: 3 0x800013fa (0x09842f23) mem 0x80011a48 0x00005000
core   0: 0x800013fe (0x0246bb33) mulhu   s6, a3, tp
core   0: 3 0x800013fe (0x0246bb33) x22 0x00000000
core   0: 0x80001402 (0x09642f23) sw      s6, 158(s0)
core   0: 3 0x80001402 (0x09642f23) mem 0x80011a48 0x00000000
core   0: 0x80001406 (0xf3241283) lh      t0, -206(s0)
core   0: 3 0x80001406 (0xf3241283) x 5 0xffff826a mem 0x800118dc
core   0: 0x8000140a (0x0ff44b03) lbu     s6, 255(s0)
core   0: 3 0x8000140a (0x0ff44b03) x22 0x000000fb mem 0x80011aa9
core   0: 0x8000140e (0xfaf44783) lbu     a5, -81(s0)
core   0: 3 0x8000140e (0xfaf44783) x15 0x000000e2 mem 0x80011959
core   0: 0x80001412 (0x00600c6f) jal     s8, pc + 0x6
core   0: 3 0x80001412 (0x00600c6f) x24 0x80001416
core   0: 0x80001418 (0x00e00b6f) jal     s6, pc + 0xe
core   0: 3 0x80001418 (0x00e00b6f) x22 0x8000141c
core   0: 0x80001426 (0x006000ef) jal     pc + 0x6
core   0: 3 0x80001426 (0x006000ef) x 1 0x8000142a
core   0: 0x8000142c (0x0000a015) c.j     pc + 36
core   0: 3 0x8000142c (0xa015)
core   0: 0x80001450 (0x00003fcd) c.jal   pc - 14
core   0: 3 0x80001450 (0x3fcd) x 1 0x80001452
core   0: 0x80001442 (0x0000bff5) c.j     pc - 4
core   0: 3 0x80001442 (0xbff5)
core   0: 0x8000143e (0x0060036f) jal     t1, pc + 0x6
core   0: 3 0x8000143e (0x0060036f) x 6 0x80001442
core   0: 0x80001444 (0xfddff0ef) jal     pc - 0x24
core   0: 3 0x80001444 (0xfddff0ef) x 1 0x80001448
core   0: 0x80001420 (0x0000a025) c.j     pc + 40
core   0: 3 0x80001420 (0xa025)
core   0: 0x80001448 (0xfcfff0ef) jal     pc - 0x32
core   0: 3 0x80001448 (0xfcfff0ef) x 1 0x8000144c
core   0: 0x80001416 (0x00002821) c.jal   pc + 24
core   0: 3 0x80001416 (0x2821) x 1 0x80001418
core   0: 0x8000142e (0x00003ff5) c.jal   pc - 4
core   0: 3 0x8000142e (0x3ff5) x 1 0x80001430
core   0: 0x8000142a (0x00002025) c.jal   pc + 40
core   0: 3 0x8000142a (0x2025) x 1 0x8000142c
core   0: 0x80001452 (0x000037e9) c.jal   pc - 54
core   0: 3 0x80001452 (0x37e9) x 1 0x80001454
core   0: 0x8000141c (0x0140096f) jal     s2, pc + 0x14
core   0: 3 0x8000141c (0x0140096f) x18 0x80001420
core   0: 0x80001430 (0x028000ef) jal     pc + 0x28
core   0: 3 0x80001430 (0x028000ef) x 1 0x80001434
core   0: 0x80001458 (0xfe5ff0ef) jal     pc - 0x1c
core   0: 3 0x80001458 (0xfe5ff0ef) x 1 0x8000145c
core   0: 0x8000143c (0x00003fe5) c.jal   pc - 8
core   0: 3 0x8000143c (0x3fe5) x 1 0x8000143e
core   0: 0x80001434 (0xfefff0ef) jal     pc - 0x12
core   0: 3 0x80001434 (0xfefff0ef) x 1 0x80001438
core   0: 0x80001422 (0x032002ef) jal     t0, pc + 0x32
core   0: 3 0x80001422 (0x032002ef) x 5 0x80001426
core   0: 0x80001454 (0x00002009) c.jal   pc + 2
core   0: 3 0x80001454 (0x2009) x 1 0x80001456
core   0: 0x80001456 (0x000037cd) c.jal   pc - 30
core   0: 3 0x80001456 (0x37cd) x 1 0x80001458
core   0: 0x80001438 (0x014000ef) jal     pc + 0x14
core   0: 3 0x80001438 (0x014000ef) x 1 0x8000143c
core   0: 0x8000144c (0x010000ef) jal     pc + 0x10
core   0: 3 0x8000144c (0x010000ef) x 1 0x80001450
core   0: 0x8000145c (0x026d77b3) remu    a5, s10, t1
core   0: 3 0x8000145c (0x026d77b3) x15 0x7fffeb80
core   0: 0x80001460 (0x0001a717) auipc   a4, 0x1a
core   0: 3 0x80001460 (0x0001a717) x14 0x8001b460
core   0: 0x80001464 (0x45470713) addi    a4, a4, 1108
core   0: 3 0x80001464 (0x45470713) x14 0x8001b8b4
core   0: 0x80001468 (0xd5270523) sb      s2, -694(a4)
core   0: 3 0x80001468 (0xd5270523) mem 0x8001b5fe 0x20
core   0: 0x8000146c (0x0000fe17) auipc   t3, 0xf
core   0: 3 0x8000146c (0x0000fe17) x28 0x8001046c
core   0: 0x80001470 (0x085e0e13) addi    t3, t3, 133
core   0: 3 0x80001470 (0x085e0e13) x28 0x800104f1
core   0: 0x80001474 (0xfb2e4e83) lbu     t4, -78(t3)
core   0: 3 0x80001474 (0xfb2e4e83) x29 0x000000ab mem 0x800104a3
core   0: 0x80001478 (0xa3470603) lb      a2, -1484(a4)
core   0: 3 0x80001478 (0xa3470603) x12 0x00000020 mem 0x8001b2e8
core   0: 0x8000147c (0xf25e5e83) lhu     t4, -219(t3)
core   0: 3 0x8000147c (0xf25e5e83) x29 0x00002dd5 mem 0x80010416
core   0: 0x80001480 (0x7ac75f03) lhu     t5, 1964(a4)
core   0: 3 0x80001480 (0x7ac75f03) x30 0x0000ad0d mem 0x8001c060
core   0: 0x80001484 (0xf7fe5683) lhu     a3, -129(t3)
core   0: 3 0x80001484 (0xf7fe5683) x13 0x0000903f mem 0x80010470
core   0: 0x80001488 (0xf8ce0e83) lb      t4, -116(t3)
core   0: 3 0x80001488 (0xf8ce0e83) x29 0xffffff94 mem 0x8001047d
core   0: 0x8000148c (0x32a70923) sb      a0, 818(a4)
core   0: 3 0x8000148c (0x32a70923) mem 0x8001bbe6 0xc2
core   0: 0x80001490 (0x0dde0303) lb      t1, 221(t3)
core   0: 3 0x80001490 (0x0dde0303) x 6 0x00000050 mem 0x800105ce
core   0: 0x80001494 (0xfe8e1ba3) sh      s0, -9(t3)
core   0: 3 0x80001494 (0xfe8e1ba3) mem 0x800104e8 0x19aa
core   0: 0x80001498 (0xefe71f83) lh      t6, -258(a4)
core   0: 3 0x80001498 (0xefe71f83) x31 0x000070a7 mem 0x8001b7b2
core   0: 0x8000149c (0xf3770f83) lb      t6, -201(a4)
core   0: 3 0x8000149c (0xf3770f83) x31 0x0000002b mem 0x8001b7eb
core   0: 0x800014a0 (0x0001e297) auipc   t0, 0x1e
core   0: 3 0x800014a0 (0x0001e297) x 5 0x8001f4a0
core   0: 0x800014a4 (0x1f428293) addi    t0, t0, 500
core   0: 3 0x800014a4 (0x1f428293) x 5 0x8001f694
core   0: 0x800014a8 (0x020288a3) sb      zero, 49(t0)
core   0: 3 0x800014a8 (0x020288a3) mem 0x8001f6c5 0x0
core   0: 0x800014ac (0x00000d55) c.addi  s10, 21
core   0: 3 0x800014ac (0x0d55) x26 0xffffffd7
core   0: 0x800014ae (0xfd02d003) lhu     zero, -48(t0)
core   0: 3 0x800014ae (0xfd02d003) mem 0x8001f664
core   0: 0x800014b2 (0x40c05d33) sra     s10, zero, a2
core   0: 3 0x800014b2 (0x40c05d33) x26 0x00000000
core   0: 0x800014b6 (0x00008a01) c.andi  a2, 0
core   0: 3 0x800014b6 (0x8a01) x12 0x00000000
core   0: 0x800014b8 (0xfd32c003) lbu     zero, -45(t0)
core   0: 3 0x800014b8 (0xfd32c003) mem 0x8001f667
core   0: 0x800014bc (0xfec2cd03) lbu     s10, -20(t0)
core   0: 3 0x800014bc (0xfec2cd03) x26 0x00000078 mem 0x8001f680
core   0: 0x800014c0 (0x00009c6a) c.add   s8, s10
core   0: 3 0x800014c0 (0x9c6a) x24 0x8000148e
core   0: 0x800014c2 (0x403d5893) srai    a7, s10, 3
core   0: 3 0x800014c2 (0x403d5893) x17 0x0000000f
core   0: 0x800014c6 (0x01828da3) sb      s8, 27(t0)
core   0: 3 0x800014c6 (0x01828da3) mem 0x8001f6af 0x8e
core   0: 0x800014ca (0x00d28883) lb      a7, 13(t0)
core   0: 3 0x800014ca (0x00d28883) x17 0xffffffb7 mem 0x8001f6a1
core   0: 0x800014ce (0xffa29523) sh      s10, -22(t0)
core   0: 3 0x800014ce (0xffa29523) mem 0x8001f67e 0x0078
core   0: 0x800014d2 (0x03b28883) lb      a7, 59(t0)
core   0: 3 0x800014d2 (0x03b28883) x17 0xffffffe1 mem 0x8001f6cf
core   0: 0x800014d6 (0xfe0288a3) sb      zero, -15(t0)
core   0: 3 0x800014d6 (0xfe0288a3) mem 0x8001f685 0x0
core   0: 0x800014da (0x0312c883) lbu     a7, 49(t0)
core   0: 3 0x800014da (0x0312c883) x17 0x00000000 mem 0x8001f6c5
core   0: 0x800014de (0x02c03d33) mulhu   s10, zero, a2
core   0: 3 0x800014de (0x02c03d33) x26 0x00000000
core   0: 0x800014e2 (0x01128003) lb      zero, 17(t0)
core   0: 3 0x800014e2 (0x01128003) mem 0x8001f6a5
core   0: 0x800014e6 (0xfc128883) lb      a7, -63(t0)
core   0: 3 0x800014e6 (0xfc128883) x17 0x00000039 mem 0x8001f655
core   0: 0x800014ea (0xffc2d883) lhu     a7, -4(t0)
core   0: 3 0x800014ea (0xffc2d883) x17 0x000001a5 mem 0x8001f690
core   0: 0x800014ee (0x0182a883) lw      a7, 24(t0)
core   0: 3 0x800014ee (0x0182a883) x17 0x8e04267f mem 0x8001f6ac
core   0: 0x800014f2 (0x01a28a23) sb      s10, 20(t0)
core   0: 3 0x800014f2 (0x01a28a23) mem 0x8001f6a8 0x0
core   0: 0x800014f6 (0x031287a3) sb      a7, 47(t0)
core   0: 3 0x800014f6 (0x031287a3) mem 0x8001f6c3 0x7f
core   0: 0x800014fa (0xfd62c883) lbu     a7, -42(t0)
core   0: 3 0x800014fa (0xfd62c883) x17 0x00000035 mem 0x8001f66a
core   0: 0x800014fe (0x004d4233) xor     tp, s10, tp
core   0: 3 0x800014fe (0x004d4233) x 4 0x00000000
core   0: 0x80001502 (0x02c288a3) sb      a2, 49(t0)
core   0: 3 0x80001502 (0x02c288a3) mem 0x8001f6c5 0x0
core   0: 0x80001506 (0x000088ea) c.mv    a7, s10
core   0: 3 0x80001506 (0x88ea) x17 0x00000000
core   0: 0x80001508 (0x03528883) lb      a7, 53(t0)
core   0: 3 0x80001508 (0x03528883) x17 0xffffffc8 mem 0x8001f6c9
core   0: 0x8000150c (0x00008e31) c.xor   a2, a2
core   0: 3 0x8000150c (0x8e31) x12 0x00000000
core   0: 0x8000150e (0xfc028b23) sb      zero, -42(t0)
core   0: 3 0x8000150e (0xfc028b23) mem 0x8001f66a 0x0
core   0: 0x80001512 (0x41120d33) sub     s10, tp, a7
core   0: 3 0x80001512 (0x41120d33) x26 0x00000038
core   0: 0x80001516 (0xfec28ea3) sb      a2, -3(t0)
core   0: 3 0x80001516 (0xfec28ea3) mem 0x8001f691 0x0
core   0: 0x8000151a (0x00002233) slt     tp, zero, zero
core   0: 3 0x8000151a (0x00002233) x 4 0x00000000
core   0: 0x8000151e (0x03102d33) mulhsu  s10, zero, a7
core   0: 3 0x8000151e (0x03102d33) x26 0x00000000
core   0: 0x80001522 (0xfe4287a3) sb      tp, -17(t0)
core   0: 3 0x80001522 (0xfe4287a3) mem 0x8001f683 0x0
core   0: 0x80001526 (0x02028b23) sb      zero, 54(t0)
core   0: 3 0x80001526 (0x02028b23) mem 0x8001f6ca 0x0
core   0: 0x8000152a (0x02928d03) lb      s10, 41(t0)
core   0: 3 0x8000152a (0x02928d03) x26 0xffffffac mem 0x8001f6bd
core   0: 0x8000152e (0x00e61c13) slli    s8, a2, 14
core   0: 3 0x8000152e (0x00e61c13) x24 0x00000000
core   0: 0x80001532 (0x02728603) lb      a2, 39(t0)
core   0: 3 0x80001532 (0x02728603) x12 0xffffffc8 mem 0x8001f6bb
core   0: 0x80001536 (0x0c600d17) auipc   s10, 0xc600
core   0: 3 0x80001536 (0x0c600d17) x26 0x8c601536
core   0: 0x8000153a (0x00000d7e) c.slli  s10, 31
core   0: 3 0x8000153a (0x0d7e) x26 0x00000000
core   0: 0x8000153c (0x00429623) sh      tp, 12(t0)
core   0: 3 0x8000153c (0x00429623) mem 0x8001f6a0 0x0000
core   0: 0x80001540 (0x00008c62) c.mv    s8, s8
core   0: 3 0x80001540 (0x8c62) x24 0x00000000
core   0: 0x80001542 (0x411008b3) sub     a7, zero, a7
core   0: 3 0x80001542 (0x411008b3) x17 0x00000038
core   0: 0x80001546 (0x00009246) c.add   tp, a7
core   0: 3 0x80001546 (0x9246) x 4 0x00000038
core   0: 0x80001548 (0xffd28d03) lb      s10, -3(t0)
core   0: 3 0x80001548 (0xffd28d03) x26 0x00000000 mem 0x8001f691
core   0: 0x8000154c (0x000008c6) c.slli  a7, 17
core   0: 3 0x8000154c (0x08c6) x17 0x00700000
core   0: 0x8000154e (0xfcb28883) lb      a7, -53(t0)
core   0: 3 0x8000154e (0xfcb28883) x17 0xffffffbb mem 0x8001f65f
core   0: 0x80001552 (0x00012597) auipc   a1, 0x12
core   0: 3 0x80001552 (0x00012597) x11 0x80013552
core   0: 0x80001556 (0xf3158593) addi    a1, a1, -207
core   0: 3 0x80001556 (0xf3158593) x11 0x80013483
core   0: 0x8000155a (0xe2878513) addi    a0, a5, -472
core   0: 3 0x8000155a (0xe2878513) x10 0x7fffe9a8
core   0: 0x8000155e (0x00009bfd) c.andi  a5, -1
core   0: 3 0x8000155e (0x9bfd) x15 0x7fffeb80
core   0: 0x80001560 (0xffb59783) lh      a5, -5(a1)
core   0: 3 0x80001560 (0xffb59783) x15 0x000059d8 mem 0x8001347e
core   0: 0x80001564 (0x00008e59) c.or    a2, a4
core   0: 3 0x80001564 (0x8e59) x12 0xfffffffc
core   0: 0x80001566 (0x00009632) c.add   a2, a2
core   0: 3 0x80001566 (0x9632) x12 0xfffffff8
core   0: 0x80001568 (0x03762533) mulhsu  a0, a2, s7
core   0: 3 0x80001568 (0x03762533) x10 0x00000000
core   0: 0x8000156c (0x0105c603) lbu     a2, 16(a1)
core   0: 3 0x8000156c (0x0105c603) x12 0x000000e1 mem 0x80013493
core   0: 0x80001570 (0x00008ff1) c.and   a5, a2
core   0: 3 0x80001570 (0x8ff1) x15 0x000000c0
core   0: 0x80001572 (0x00000536) c.slli  a0, 13
core   0: 3 0x80001572 (0x0536) x10 0x00000000
core   0: 0x80001574 (0x0ff0000f) fence   iorw,iorw
core   0: 3 0x80001574 (0x0ff0000f)
core   0: 0x80001578 (0xff65cf03) lbu     t5, -10(a1)
core   0: 3 0x80001578 (0xff65cf03) x30 0x00000092 mem 0x80013479
core   0: 0x8000157c (0x02f51533) mulh    a0, a0, a5
core   0: 3 0x8000157c (0x02f51533) x10 0x00000000
core   0: 0x80001580 (0x00ebe7b3) or      a5, s7, a4
core   0: 3 0x80001580 (0x00ebe7b3) x15 0x8001b8b4
core   0: 0x80001584 (0x40f70533) sub     a0, a4, a5
core   0: 3 0x80001584 (0x40f70533) x10 0x00000000
core   0: 0x80001588 (0x02f71f33) mulh    t5, a4, a5
core   0: 3 0x80001588 (0x02f71f33) x30 0x3ffe474e
core   0: 0x8000158c (0x00000001) c.nop
core   0: 3 0x8000158c (0x0001)
core   0: 0x8000158e (0x00008f89) c.sub   a5, a0
core   0: 3 0x8000158e (0x8f89) x15 0x8001b8b4
core   0: 0x80001590 (0x00008d29) c.xor   a0, a0
core   0: 3 0x80001590 (0x8d29) x10 0x00000000
core   0: 0x80001592 (0x0085cf03) lbu     t5, 8(a1)
core   0: 3 0x80001592 (0x0085cf03) x30 0x00000079 mem 0x8001348b
core   0: 0x80001596 (0x00000001) c.nop
core   0: 3 0x80001596 (0x0001)
core   0: 0x80001598 (0x40a55f33) sra     t5, a0, a0
core   0: 3 0x80001598 (0x40a55f33) x30 0x00000000
core   0: 0x8000159c (0x00008f5d) c.or    a4, a5
core   0: 3 0x8000159c (0x8f5d) x14 0x8001b8b4
core   0: 0x8000159e (0x00a58523) sb      a0, 10(a1)
core   0: 3 0x8000159e (0x00a58523) mem 0x8001348d 0x0
core   0: 0x800015a2 (0x02ff6533) rem     a0, t5, a5
core   0: 3 0x800015a2 (0x02ff6533) x10 0x00000000
core   0: 0x800015a6 (0xff25cb83) lbu     s7, -14(a1)
core   0: 3 0x800015a6 (0xff25cb83) x23 0x000000bb mem 0x80013475
core   0: 0x800015aa (0x00008535) c.srai  a0, 13
core   0: 3 0x800015aa (0x8535) x10 0x00000000
core   0: 0x800015ac (0x02f7d533) divu    a0, a5, a5
core   0: 3 0x800015ac (0x02f7d533) x10 0x00000001
core   0: 0x800015b0 (0x01e62633) slt     a2, a2, t5
core   0: 3 0x800015b0 (0x01e62633) x12 0x00000000
core   0: 0x800015b4 (0x0000853d) c.srai  a0, 15
core   0: 3 0x800015b4 (0x853d) x10 0x00000000
core   0: 0x800015b6 (0xfec58ba3) sb      a2, -9(a1)
core   0: 3 0x800015b6 (0xfec58ba3) mem 0x8001347a 0x0
core   0: 0x800015ba (0x00a5cf03) lbu     t5, 10(a1)
core   0: 3 0x800015ba (0x00a5cf03) x30 0x00000000 mem 0x8001348d
core   0: 0x800015be (0x017587a3) sb      s7, 15(a1)
core   0: 3 0x800015be (0x017587a3) mem 0x80013492 0xbb
core   0: 0x800015c2 (0x00000f0a) c.slli  t5, 2
core   0: 3 0x800015c2 (0x0f0a) x30 0x00000000
core   0: 0x800015c4 (0x00cbff33) and     t5, s7, a2
core   0: 3 0x800015c4 (0x00cbff33) x30 0x00000000
core   0: 0x800015c8 (0xfea58ba3) sb      a0, -9(a1)
core   0: 3 0x800015c8 (0xfea58ba3) mem 0x8001347a 0x0
core   0: 0x800015cc (0x0085c783) lbu     a5, 8(a1)
core   0: 3 0x800015cc (0x0085c783) x15 0x00000079 mem 0x8001348b
core   0: 0x800015d0 (0x0000100f) fence.i
core   0: 3 0x800015d0 (0x0000100f)
core   0: 0x800015d4 (0x40e70bb3) sub     s7, a4, a4
core   0: 3 0x800015d4 (0x40e70bb3) x23 0x00000000
core   0: 0x800015d8 (0x0000100f) fence.i
core   0: 3 0x800015d8 (0x0000100f)
core   0: 0x800015dc (0xffd5d783) lhu     a5, -3(a1)
core   0: 3 0x800015dc (0xffd5d783) x15 0x0000e487 mem 0x80013480
core   0: 0x800015e0 (0xff85c603) lbu     a2, -8(a1)
core   0: 3 0x800015e0 (0xff85c603) x12 0x00000099 mem 0x8001347b
core   0: 0x800015e4 (0x00014117) auipc   sp, 0x14
core   0: 3 0x800015e4 (0x00014117) x 2 0x800155e4
core   0: 0x800015e8 (0x97410113) addi    sp, sp, -1676
core   0: 3 0x800015e8 (0x97410113) x 2 0x80014f58
core   0: 0x800015ec (0x00614b83) lbu     s7, 6(sp)
core   0: 3 0x800015ec (0x00614b83) x23 0x0000001e mem 0x80014f5e
core   0: 0x800015f0 (0xff714503) lbu     a0, -9(sp)
core   0: 3 0x800015f0 (0xff714503) x10 0x0000009a mem 0x80014f4f
core   0: 0x800015f4 (0xfff14b83) lbu     s7, -1(sp)
core   0: 3 0x800015f4 (0xfff14b83) x23 0x000000c2 mem 0x80014f57
core   0: 0x800015f8 (0x0000c80a) c.swsp  sp, 16(sp)
core   0: 3 0x800015f8 (0xc80a) mem 0x80014f68 0x80014f58
core   0: 0x800015fa (0xbfdd2d93) slti    s11, s10, -1027
core   0: 3 0x800015fa (0xbfdd2d93) x27 0x00000000
core   0: 0x800015fe (0xffb10ea3) sb      s11, -3(sp)
core   0: 3 0x800015fe (0xffb10ea3) mem 0x80014f55 0x0
core   0: 0x80001602 (0xffc15703) lhu     a4, -4(sp)
core   0: 3 0x80001602 (0xffc15703) x14 0x00000017 mem 0x80014f54
core   0: 0x80001606 (0x000080aa) c.mv    ra, a0
core   0: 3 0x80001606 (0x80aa) x 1 0x0000009a
core   0: 0x80001608 (0xff7108a3) sb      s7, -15(sp)
core   0: 3 0x80001608 (0xff7108a3) mem 0x80014f49 0xc2
core   0: 0x8000160c (0x01a11723) sh      s10, 14(sp)
core   0: 3 0x8000160c (0x01a11723) mem 0x80014f66 0x0000
core   0: 0x80001610 (0xfe610ca3) sb      t1, -7(sp)
core   0: 3 0x80001610 (0xfe610ca3) mem 0x80014f51 0x50
core   0: 0x80001614 (0x00004382) c.lwsp  t2, 0(sp)
core   0: 3 0x80001614 (0x4382) x 7 0xc71bc43e mem 0x80014f58
core   0: 0x80001616 (0xff914983) lbu     s3, -7(sp)
core   0: 3 0x80001616 (0xff914983) x19 0x00000050 mem 0x80014f51
core   0: 0x8000161a (0x012c69b3) or      s3, s8, s2
core   0: 3 0x8000161a (0x012c69b3) x19 0x80001420
core   0: 0x8000161e (0x00a10583) lb      a1, 10(sp)
core   0: 3 0x8000161e (0x00a10583) x11 0x00000024 mem 0x80014f62
core   0: 0x80001622 (0x000043b2) c.lwsp  t2, 12(sp)
core   0: 3 0x80001622 (0x43b2) x 7 0x000028ac mem 0x80014f64
core   0: 0x80001624 (0x00514b83) lbu     s7, 5(sp)
core   0: 3 0x80001624 (0x00514b83) x23 0x00000091 mem 0x80014f5d
core   0: 0x80001628 (0x00008705) c.srai  a4, 1
core   0: 3 0x80001628 (0x8705) x14 0x0000000b
core   0: 0x8000162a (0x0000100f) fence.i
core   0: 3 0x8000162a (0x0000100f)
core   0: 0x8000162e (0xfe811f23) sh      s0, -2(sp)
core   0: 3 0x8000162e (0xfe811f23) mem 0x80014f56 0x19aa
core   0: 0x80001632 (0xffd10603) lb      a2, -3(sp)
core   0: 3 0x80001632 (0xffd10603) x12 0x00000000 mem 0x80014f55
core   0: 0x80001636 (0x038132b3) mulhu   t0, sp, s8
core   0: 3 0x80001636 (0x038132b3) x 5 0x00000000
core   0: 0x8000163a (0x00ac32b3) sltu    t0, s8, a0
core   0: 3 0x8000163a (0x00ac32b3) x 5 0x00000001
core   0: 0x8000163e (0x007ed5b3) srl     a1, t4, t2
core   0: 3 0x8000163e (0x007ed5b3) x11 0x000fffff
core   0: 0x80001642 (0x00004b32) c.lwsp  s6, 12(sp)
core   0: 3 0x80001642 (0x4b32) x22 0x000028ac mem 0x80014f64
core   0: 0x80001644 (0x01210323) sb      s2, 6(sp)
core   0: 3 0x80001644 (0x01210323) mem 0x80014f5e 0x20
core   0: 0x80001648 (0x010107a3) sb      a6, 15(sp)
core   0: 3 0x80001648 (0x010107a3) mem 0x80014f67 0x64
core   0: 0x8000164c (0xfff11d23) sh      t6, -6(sp)
core   0: 3 0x8000164c (0xfff11d23) mem 0x80014f52 0x002b
core   0: 0x80001650 (0x0ff0000f) fence   iorw,iorw
core   0: 3 0x80001650 (0x0ff0000f)
core   0: 0x80001654 (0x0000c45a) c.swsp  s6, 8(sp)
core   0: 3 0x80001654 (0xc45a) mem 0x80014f60 0x000028ac
core   0: 0x80001656 (0x0000100f) fence.i
core   0: 3 0x80001656 (0x0000100f)
core   0: 0x8000165a (0x00310403) lb      s0, 3(sp)
core   0: 3 0x8000165a (0x00310403) x 8 0xffffffc7 mem 0x80014f5b
core   0: 0x8000165e (0xffd00513) li      a0, -3
core   0: 3 0x8000165e (0xffd00513) x10 0xfffffffd
core   0: 0x80001662 (0xffc00d13) li      s10, -4
core   0: 3 0x80001662 (0xffc00d13) x26 0xfffffffc
core   0: 0x80001666 (0x0000717d) c.addi16sp sp, -16
core   0: 3 0x80001666 (0x717d) x 2 0x80014f48
core   0: 0x80001668 (0x00517733) and     a4, sp, t0
core   0: 3 0x80001668 (0x00517733) x14 0x00000000
core   0: 0x8000166c (0x0000527d) c.li    tp, -1
core   0: 3 0x8000166c (0x527d) x 4 0xffffffff
core   0: 0x8000166e (0x00008e01) c.sub   a2, s0
core   0: 3 0x8000166e (0x8e01) x12 0x00000039
core   0: 0x80001670 (0x0000157d) c.addi  a0, -1
core   0: 3 0x80001670 (0x157d) x10 0xfffffffc
core   0: 0x80001672 (0x00000001) c.nop
core   0: 3 0x80001672 (0x0001)
core   0: 0x80001674 (0x0ff0000f) fence   iorw,iorw
core   0: 3 0x80001674 (0x0ff0000f)
core   0: 0x80001678 (0x403c5413) srai    s0, s8, 3
core   0: 3 0x80001678 (0x403c5413) x 8 0x00000000
core   0: 0x8000167c (0x01ac1ab3) sll     s5, s8, s10
core   0: 3 0x8000167c (0x01ac1ab3) x21 0x00000000
core   0: 0x80001680 (0x026a85b3) mul     a1, s5, t1
core   0: 3 0x80001680 (0x026a85b3) x11 0x00000000
core   0: 0x80001684 (0x03d0c0b3) div     ra, ra, t4
core   0: 3 0x80001684 (0x03d0c0b3) x 1 0xffffffff
core   0: 0x80001688 (0xffa553e3) bge     a0, s10, pc - 26
core   0: 3 0x80001688 (0xffa553e3)
core   0: 0x8000166e (0x00008e01) c.sub   a2, s0
core   0: 3 0x8000166e (0x8e01) x12 0x00000039
core   0: 0x80001670 (0x0000157d) c.addi  a0, -1
core   0: 3 0x80001670 (0x157d) x10 0xfffffffb
core   0: 0x80001672 (0x00000001) c.nop
core   0: 3 0x80001672 (0x0001)
core   0: 0x80001674 (0x0ff0000f) fence   iorw,iorw
core   0: 3 0x80001674 (0x0ff0000f)
core   0: 0x80001678 (0x403c5413) srai    s0, s8, 3
core   0: 3 0x80001678 (0x403c5413) x 8 0x00000000
core   0: 0x8000167c (0x01ac1ab3) sll     s5, s8, s10
core   0: 3 0x8000167c (0x01ac1ab3) x21 0x00000000
core   0: 0x80001680 (0x026a85b3) mul     a1, s5, t1
core   0: 3 0x80001680 (0x026a85b3) x11 0x00000000
core   0: 0x80001684 (0x03d0c0b3) div     ra, ra, t4
core   0: 3 0x80001684 (0x03d0c0b3) x 1 0x00000000
core   0: 0x80001688 (0xffa553e3) bge     a0, s10, pc - 26
core   0: 3 0x80001688 (0xffa553e3)
core   0: 0x8000168c (0x00008d99) c.sub   a1, a4
core   0: 3 0x8000168c (0x8d99) x11 0x00000000
core   0: 0x8000168e (0x00013897) auipc   a7, 0x13
core   0: 3 0x8000168e (0x00013897) x17 0x8001468e
core   0: 0x80001692 (0xf6088893) addi    a7, a7, -160
core   0: 3 0x80001692 (0xf6088893) x17 0x800145ee
core   0: 0x80001696 (0x00012217) auipc   tp, 0x12
core   0: 3 0x80001696 (0x00012217) x 4 0x80013696
core   0: 0x8000169a (0x89820213) addi    tp, tp, -1896
core   0: 3 0x8000169a (0x89820213) x 4 0x80012f2e
core   0: 0x8000169e (0xff088703) lb      a4, -16(a7)
core   0: 3 0x8000169e (0xff088703) x14 0xffffffcf mem 0x800145de
core   0: 0x800016a2 (0x0028dc83) lhu     s9, 2(a7)
core   0: 3 0x800016a2 (0x0028dc83) x25 0x000046cc mem 0x800145f0
core   0: 0x800016a6 (0x00b20e03) lb      t3, 11(tp)
core   0: 3 0x800016a6 (0x00b20e03) x28 0xffffffa8 mem 0x80012f39
core   0: 0x800016aa (0x00988723) sb      s1, 14(a7)
core   0: 3 0x800016aa (0x00988723) mem 0x800145fc 0xe4
core   0: 0x800016ae (0x0138a123) sw      s3, 2(a7)
core   0: 3 0x800016ae (0x0138a123) mem 0x800145f0 0x80001420
core   0: 0x800016b2 (0x00120083) lb      ra, 1(tp)
core   0: 3 0x800016b2 (0x00120083) x 1 0x00000036 mem 0x80012f2f
core   0: 0x800016b6 (0xffa8de83) lhu     t4, -6(a7)
core   0: 3 0x800016b6 (0xffa8de83) x29 0x0000bc65 mem 0x800145e8
core   0: 0x800016ba (0xfe321e23) sh      gp, -4(tp)
core   0: 3 0x800016ba (0xfe321e23) mem 0x80012f2a 0x0007
core   0: 0x800016be (0xff421a23) sh      s4, -12(tp)
core   0: 3 0x800016be (0xff421a23) mem 0x80012f22 0x0000
core   0: 0x800016c2 (0xff38c103) lbu     sp, -13(a7)
core   0: 3 0x800016c2 (0xff38c103) x 2 0x0000004f mem 0x800145e1
core   0: 0x800016c6 (0xff220c03) lb      s8, -14(tp)
core   0: 3 0x800016c6 (0xff220c03) x24 0xffffffaf mem 0x80012f20
core   0: 0x800016ca (0x01a00c6f) jal     s8, pc + 0x1a
core   0: 3 0x800016ca (0x01a00c6f) x24 0x800016ce
core   0: 0x800016e4 (0x008000ef) jal     pc + 0x8
core   0: 3 0x800016e4 (0x008000ef) x 1 0x800016e8
core   0: 0x800016ec (0x0000b7cd) c.j     pc - 30
core   0: 3 0x800016ec (0xb7cd)
core   0: 0x800016ce (0x0000200d) c.jal   pc + 34
core   0: 3 0x800016ce (0x200d) x 1 0x800016d0
core   0: 0x800016f0 (0x0000b7cd) c.j     pc - 30
core   0: 3 0x800016f0 (0xb7cd)
core   0: 0x800016d2 (0x00c0036f) jal     t1, pc + 0xc
core   0: 3 0x800016d2 (0x00c0036f) x 6 0x800016d6
core   0: 0x800016de (0xffdff26f) jal     tp, pc - 0x4
core   0: 3 0x800016de (0xffdff26f) x 4 0x800016e2
core   0: 0x800016da (0xff7ff36f) jal     t1, pc - 0xa
core   0: 3 0x800016da (0xff7ff36f) x 6 0x800016de
core   0: 0x800016d0 (0x0000a00d) c.j     pc + 34
core   0: 3 0x800016d0 (0xa00d)
core   0: 0x800016f2 (0x00003fdd) c.jal   pc - 10
core   0: 3 0x800016f2 (0x3fdd) x 1 0x800016f4
core   0: 0x800016e8 (0x00c006ef) jal     a3, pc + 0xc
core   0: 3 0x800016e8 (0x00c006ef) x13 0x800016ec
core   0: 0x800016f4 (0xffbff0ef) jal     pc - 0x6
core   0: 3 0x800016f4 (0xffbff0ef) x 1 0x800016f8
core   0: 0x800016ee (0x000037e5) c.jal   pc - 24
core   0: 3 0x800016ee (0x37e5) x 1 0x800016f0
core   0: 0x800016d6 (0x00002009) c.jal   pc + 2
core   0: 3 0x800016d6 (0x2009) x 1 0x800016d8
core   0: 0x800016d8 (0x00002029) c.jal   pc + 10
core   0: 3 0x800016d8 (0x2029) x 1 0x800016da
core   0: 0x800016e2 (0x0000a819) c.j     pc + 22
core   0: 3 0x800016e2 (0xa819)
core   0: 0x800016f8 (0x0000101c) c.addi4spn a5, sp, 32
core   0: 3 0x800016f8 (0x101c) x15 0x0000006f
core   0: 0x800016fa (0x00019e17) auipc   t3, 0x19
core   0: 3 0x800016fa (0x00019e17) x28 0x8001a6fa
core   0: 0x800016fe (0xfdde0e13) addi    t3, t3, -35
core   0: 3 0x800016fe (0xfdde0e13) x28 0x8001a6d7
core   0: 0x80001702 (0x362e0d83) lb      s11, 866(t3)
core   0: 3 0x80001702 (0x362e0d83) x27 0xffffffbe mem 0x8001aa39
core   0: 0x80001706 (0x362e0003) lb      zero, 866(t3)
core   0: 3 0x80001706 (0x362e0003) mem 0x8001aa39
core   0: 0x8000170a (0x362e0283) lb      t0, 866(t3)
core   0: 3 0x8000170a (0x362e0283) x 5 0xffffffbe mem 0x8001aa39
core   0: 0x8000170e (0x022afc33) remu    s8, s5, sp
core   0: 3 0x8000170e (0x022afc33) x24 0x00000000
core   0: 0x80001712 (0x374e0123) sb      s4, 866(t3)
core   0: 3 0x80001712 (0x374e0123) mem 0x8001aa39 0x0
core   0: 0x80001716 (0x37ae0123) sb      s10, 866(t3)
core   0: 3 0x80001716 (0x37ae0123) mem 0x8001aa39 0xfc
core   0: 0x8000171a (0x362e0c03) lb      s8, 866(t3)
core   0: 3 0x8000171a (0x362e0c03) x24 0xfffffffc mem 0x8001aa39
core   0: 0x8000171e (0x896e0023) sb      s6, -1920(t3)
core   0: 3 0x8000171e (0x896e0023) mem 0x80019f57 0xac
core   0: 0x80001722 (0x00008829) c.andi  s0, 10
core   0: 3 0x80001722 (0x8829) x 8 0x00000000
core   0: 0x80001724 (0x71be0783) lb      a5, 1819(t3)
core   0: 3 0x80001724 (0x71be0783) x15 0x00000073 mem 0x8001adf2
core   0: 0x80001728 (0x704e0da3) sb      tp, 1819(t3)
core   0: 3 0x80001728 (0x704e0da3) mem 0x8001adf2 0xe2
core   0: 0x8000172c (0x71be1da3) sh      s11, 1819(t3)
core   0: 3 0x8000172c (0x71be1da3) mem 0x8001adf2 0xffbe
core   0: 0x80001730 (0xd088f593) andi    a1, a7, -760
core   0: 3 0x80001730 (0xd088f593) x11 0x80014508
core   0: 0x80001734 (0x71be4603) lbu     a2, 1819(t3)
core   0: 3 0x80001734 (0x71be4603) x12 0x000000be mem 0x8001adf2
core   0: 0x80001738 (0x000087ee) c.mv    a5, s11
core   0: 3 0x80001738 (0x87ee) x15 0xffffffbe
core   0: 0x8000173a (0x712e0da3) sb      s2, 1819(t3)
core   0: 3 0x8000173a (0x712e0da3) mem 0x8001adf2 0x20
core   0: 0x8000173e (0x197e4403) lbu     s0, 407(t3)
core   0: 3 0x8000173e (0x197e4403) x 8 0x0000009a mem 0x8001a86e
core   0: 0x80001742 (0x19de0ba3) sb      t4, 407(t3)
core   0: 3 0x80001742 (0x19de0ba3) mem 0x8001a86e 0x65
core   0: 0x80001746 (0x180e1ba3) sh      zero, 407(t3)
core   0: 3 0x80001746 (0x180e1ba3) mem 0x8001a86e 0x0000
core   0: 0x8000174a (0x197e4103) lbu     sp, 407(t3)
core   0: 3 0x8000174a (0x197e4103) x 2 0x00000000 mem 0x8001a86e
core   0: 0x8000174e (0x4047d5b3) sra     a1, a5, tp
core   0: 3 0x8000174e (0x4047d5b3) x11 0xffffffef
core   0: 0x80001752 (0x197e0f03) lb      t5, 407(t3)
core   0: 3 0x80001752 (0x197e0f03) x30 0x00000000 mem 0x8001a86e
core   0: 0x80001756 (0x197e1a83) lh      s5, 407(t3)
core   0: 3 0x80001756 (0x197e1a83) x21 0x00000000 mem 0x8001a86e
core   0: 0x8000175a (0x18fe0ba3) sb      a5, 407(t3)
core   0: 3 0x8000175a (0x18fe0ba3) mem 0x8001a86e 0xbe
core   0: 0x8000175e (0x0000f717) auipc   a4, 0xf
core   0: 3 0x8000175e (0x0000f717) x14 0x8001075e
core   0: 0x80001762 (0x21e70713) addi    a4, a4, 542
core   0: 3 0x80001762 (0x21e70713) x14 0x8001097c
core   0: 0x80001766 (0x00b74983) lbu     s3, 11(a4)
core   0: 3 0x80001766 (0x00b74983) x19 0x00000019 mem 0x80010987
core   0: 0x8000176a (0x00016d97) auipc   s11, 0x16
core   0: 3 0x8000176a (0x00016d97) x27 0x8001776a
core   0: 0x8000176e (0x9e5d8d93) addi    s11, s11, -1563
core   0: 3 0x8000176e (0x9e5d8d93) x27 0x8001714f
core   0: 0x80001772 (0xb05d8323) sb      t0, -1274(s11)
core   0: 3 0x80001772 (0xb05d8323) mem 0x80016c55 0xbe
core   0: 0x80001776 (0xad0dc383) lbu     t2, -1328(s11)
core   0: 3 0x80001776 (0xad0dc383) x 7 0x00000045 mem 0x80016c1f
core   0: 0x8000177a (0x119d98a3) sh      s9, 273(s11)
core   0: 3 0x8000177a (0x119d98a3) mem 0x80017260 0x46cc
core   0: 0x8000177e (0xff871903) lh      s2, -8(a4)
core   0: 3 0x8000177e (0xff871903) x18 0x00004a5e mem 0x80010974
core   0: 0x80001782 (0x35ad8283) lb      t0, 858(s11)
core   0: 3 0x80001782 (0x35ad8283) x 5 0x0000005d mem 0x800174a9
core   0: 0x80001786 (0xff271883) lh      a7, -14(a4)
core   0: 3 0x80001786 (0xff271883) x17 0x000058d5 mem 0x8001096e
core   0: 0x8000178a (0x00c75d03) lhu     s10, 12(a4)
core   0: 3 0x8000178a (0x00c75d03) x26 0x00009ab8 mem 0x80010988
core   0: 0x8000178e (0xc1dd9303) lh      t1, -995(s11)
core   0: 3 0x8000178e (0xc1dd9303) x 6 0x00000e85 mem 0x80016d6c
core   0: 0x80001792 (0xff170c23) sb      a7, -8(a4)
core   0: 3 0x80001792 (0xff170c23) mem 0x80010974 0xd5
core   0: 0x80001796 (0x00875503) lhu     a0, 8(a4)
core   0: 3 0x80001796 (0x00875503) x10 0x0000fbbe mem 0x80010984
core   0: 0x8000179a (0x0000fb17) auipc   s6, 0xf
core   0: 3 0x8000179a (0x0000fb17) x22 0x8001079a
core   0: 0x8000179e (0xfddb0b13) addi    s6, s6, -35
core   0: 3 0x8000179e (0xfddb0b13) x22 0x80010777
core   0: 0x800017a2 (0x015c98b3) sll     a7, s9, s5
core   0: 3 0x800017a2 (0x015c98b3) x17 0x000046cc
core   0: 0x800017a6 (0x03f1dab3) divu    s5, gp, t6
core   0: 3 0x800017a6 (0x03f1dab3) x21 0x00000000
core   0: 0x800017aa (0x03e4b5b3) mulhu   a1, s1, t5
core   0: 3 0x800017aa (0x03e4b5b3) x11 0x00000000
core   0: 0x800017ae (0xb21b7593) andi    a1, s6, -1247
core   0: 3 0x800017ae (0xb21b7593) x11 0x80010321
core   0: 0x800017b2 (0x00000310) c.addi4spn a2, sp, 384
core   0: 3 0x800017b2 (0x0310) x12 0x00000180
core   0: 0x800017b4 (0x00fb4503) lbu     a0, 15(s6)
core   0: 3 0x800017b4 (0x00fb4503) x10 0x000000f7 mem 0x80010786
core   0: 0x800017b8 (0x005b2983) lw      s3, 5(s6)
core   0: 3 0x800017b8 (0x005b2983) x19 0x6cfa3fce mem 0x8001077c
core   0: 0x800017bc (0xfefb0823) sb      a5, -16(s6)
core   0: 3 0x800017bc (0xfefb0823) mem 0x80010767 0xbe
core   0: 0x800017c0 (0x0391edb3) rem     s11, gp, s9
core   0: 3 0x800017c0 (0x0391edb3) x27 0x00000007
core   0: 0x800017c4 (0x00008c01) c.sub   s0, s0
core   0: 3 0x800017c4 (0x8c01) x 8 0x00000000
core   0: 0x800017c6 (0xa21c8713) addi    a4, s9, -1503
core   0: 3 0x800017c6 (0xa21c8713) x14 0x000040ed
core   0: 0x800017ca (0x00735133) srl     sp, t1, t2
core   0: 3 0x800017ca (0x00735133) x 2 0x00000074
core   0: 0x800017ce (0xfffb4f83) lbu     t6, -1(s6)
core   0: 3 0x800017ce (0xfffb4f83) x31 0x000000ab mem 0x80010776
core   0: 0x800017d2 (0x00fb1203) lh      tp, 15(s6)
core   0: 3 0x800017d2 (0x00fb1203) x 4 0x00007cf7 mem 0x80010786
core   0: 0x800017d6 (0x00000001) c.nop
core   0: 3 0x800017d6 (0x0001)
core   0: 0x800017d8 (0xff8b4c03) lbu     s8, -8(s6)
core   0: 3 0x800017d8 (0xff8b4c03) x24 0x00000073 mem 0x8001076f
core   0: 0x800017dc (0x000081ed) c.srli  a1, 27
core   0: 3 0x800017dc (0x81ed) x11 0x00000010
core   0: 0x800017de (0x00eb0623) sb      a4, 12(s6)
core   0: 3 0x800017de (0x00eb0623) mem 0x80010783 0xed
core   0: 0x800017e2 (0x01fb0423) sb      t6, 8(s6)
core   0: 3 0x800017e2 (0x01fb0423) mem 0x8001077f 0xab
core   0: 0x800017e6 (0xff9b0883) lb      a7, -7(s6)
core   0: 3 0x800017e6 (0xff9b0883) x17 0x00000060 mem 0x80010770
core   0: 0x800017ea (0x000065c9) c.lui   a1, 0x12
core   0: 3 0x800017ea (0x65c9) x11 0x00012000
core   0: 0x800017ec (0x00000d9a) c.slli  s11, 6
core   0: 3 0x800017ec (0x0d9a) x27 0x000001c0
core   0: 0x800017ee (0xffab4583) lbu     a1, -6(s6)
core   0: 3 0x800017ee (0xffab4583) x11 0x000000aa mem 0x80010771
core   0: 0x800017f2 (0x00000cf9) c.addi  s9, 30
core   0: 3 0x800017f2 (0x0cf9) x25 0x000046ea
core   0: 0x800017f4 (0xf7e3ec93) ori     s9, t2, -130
core   0: 3 0x800017f4 (0xf7e3ec93) x25 0xffffff7f
core   0: 0x800017f8 (0x01cb20a3) sw      t3, 1(s6)
core   0: 3 0x800017f8 (0x01cb20a3) mem 0x80010778 0x8001a6d7
core   0: 0x800017fc (0x00eb0383) lb      t2, 14(s6)
core   0: 3 0x800017fc (0x00eb0383) x 7 0x00000074 mem 0x80010785
core   0: 0x80001800 (0x00ab15a3) sh      a0, 11(s6)
core   0: 3 0x80001800 (0x00ab15a3) mem 0x80010782 0x00f7
core   0: 0x80001804 (0x0000842d) c.srai  s0, 11
core   0: 3 0x80001804 (0x842d) x 8 0x00000000
core   0: 0x80001806 (0x5dc205b7) lui     a1, 0x5dc20
core   0: 3 0x80001806 (0x5dc205b7) x11 0x5dc20000
core   0: 0x8000180a (0x00000fe5) c.addi  t6, 25
core   0: 3 0x8000180a (0x0fe5) x31 0x000000c4
core   0: 0x8000180c (0x00008c45) c.or    s0, s1
core   0: 3 0x8000180c (0x8c45) x 8 0x80029ce4
core   0: 0x8000180e (0x00bb96b3) sll     a3, s7, a1
core   0: 3 0x8000180e (0x00bb96b3) x13 0x00000091
core   0: 0x80001812 (0xff8b4903) lbu     s2, -8(s6)
core   0: 3 0x80001812 (0xff8b4903) x18 0x00000073 mem 0x8001076f
core   0: 0x80001816 (0x00bd5593) srli    a1, s10, 11
core   0: 3 0x80001816 (0x00bd5593) x11 0x00000013
core   0: 0x8000181a (0x03ccf2b3) remu    t0, s9, t3
core   0: 3 0x8000181a (0x03ccf2b3) x 5 0x7ffe58a8
core   0: 0x8000181e (0x00ab4283) lbu     t0, 10(s6)
core   0: 3 0x8000181e (0x00ab4283) x 5 0x0000009b mem 0x80010781
core   0: 0x80001822 (0x00008c79) c.and   s0, a4
core   0: 3 0x80001822 (0x8c79) x 8 0x000000e4
core   0: 0x80001824 (0x11dde0b7) lui     ra, 0x11dde
core   0: 3 0x80001824 (0x11dde0b7) x 1 0x11dde000
core   0: 0x80001828 (0x00008df1) c.and   a1, a2
core   0: 3 0x80001828 (0x8df1) x11 0x00000000
core   0: 0x8000182a (0xff3b4683) lbu     a3, -13(s6)
core   0: 3 0x8000182a (0xff3b4683) x13 0x000000bd mem 0x8001076a
core   0: 0x8000182e (0x001b1e03) lh      t3, 1(s6)
core   0: 3 0x8000182e (0x001b1e03) x28 0xffffa6d7 mem 0x80010778
core   0: 0x80001832 (0x40c18c33) sub     s8, gp, a2
core   0: 3 0x80001832 (0x40c18c33) x24 0xfffffe87
core   0: 0x80001836 (0x014b0623) sb      s4, 12(s6)
core   0: 3 0x80001836 (0x014b0623) mem 0x80010783 0x0
core   0: 0x8000183a (0x00008f11) c.sub   a4, a2
core   0: 3 0x8000183a (0x8f11) x14 0x00003f6d
core   0: 0x8000183c (0xffab0e83) lb      t4, -6(s6)
core   0: 3 0x8000183c (0xffab0e83) x29 0xffffffaa mem 0x80010771
core   0: 0x80001840 (0x0393aeb3) mulhsu  t4, t2, s9
core   0: 3 0x80001840 (0x0393aeb3) x29 0x00000073
core   0: 0x80001844 (0x0000100f) fence.i
core   0: 3 0x80001844 (0x0000100f)
core   0: 0x80001848 (0x02955f33) divu    t5, a0, s1
core   0: 3 0x80001848 (0x02955f33) x30 0x00000000
core   0: 0x8000184c (0x00cb0003) lb      zero, 12(s6)
core   0: 3 0x8000184c (0x00cb0003) mem 0x80010783
core   0: 0x80001850 (0x00019697) auipc   a3, 0x19
core   0: 3 0x80001850 (0x00019697) x13 0x8001a850
core   0: 0x80001854 (0x37a68693) addi    a3, a3, 890
core   0: 3 0x80001854 (0x37a68693) x13 0x8001abca
core   0: 0x80001858 (0x00010217) auipc   tp, 0x10
core   0: 3 0x80001858 (0x00010217) x 4 0x80011858
core   0: 0x8000185c (0x8b720213) addi    tp, tp, -1865
core   0: 3 0x8000185c (0x8b720213) x 4 0x8001110f
core   0: 0x80001860 (0x2a8212a3) sh      s0, 677(tp)
core   0: 3 0x80001860 (0x2a8212a3) mem 0x800113b4 0x00e4
core   0: 0x80001864 (0x47920823) sb      s9, 1136(tp)
core   0: 3 0x80001864 (0x47920823) mem 0x8001157f 0x7f
core   0: 0x80001868 (0x6b220003) lb      zero, 1714(tp)
core   0: 3 0x80001868 (0x6b220003) mem 0x800117c1
core   0: 0x8000186c (0xfff68c83) lb      s9, -1(a3)
core   0: 3 0x8000186c (0xfff68c83) x25 0xffffff83 mem 0x8001abc9
core   0: 0x80001870 (0x24320a23) sb      gp, 596(tp)
core   0: 3 0x80001870 (0x24320a23) mem 0x80011363 0x7
core   0: 0x80001874 (0xffc68d83) lb      s11, -4(a3)
core   0: 3 0x80001874 (0xffc68d83) x27 0x00000067 mem 0x8001abc6
core   0: 0x80001878 (0xffa6c903) lbu     s2, -6(a3)
core   0: 3 0x80001878 (0xffa6c903) x18 0x0000001b mem 0x8001abc4
core   0: 0x8000187c (0x3a224d03) lbu     s10, 930(tp)
core   0: 3 0x8000187c (0x3a224d03) x26 0x000000e3 mem 0x800114b1
core   0: 0x80001880 (0x7f7215a3) sh      s7, 2027(tp)
core   0: 3 0x80001880 (0x7f7215a3) mem 0x800118fa 0x0091
core   0: 0x80001884 (0x5d4203a3) sb      s4, 1479(tp)
core   0: 3 0x80001884 (0x5d4203a3) mem 0x800116d6 0x0
core   0: 0x80001888 (0x15f20d83) lb      s11, 351(tp)
core   0: 3 0x80001888 (0x15f20d83) x27 0xffffff80 mem 0x8001126e
core   0: 0x8000188c (0x005685a3) sb      t0, 11(a3)
core   0: 3 0x8000188c (0x005685a3) mem 0x8001abd5 0x9b
core   0: 0x80001890 (0xff36cc83) lbu     s9, -13(a3)
core   0: 3 0x80001890 (0xff36cc83) x25 0x000000bb mem 0x8001abbd
core   0: 0x80001894 (0x22220e03) lb      t3, 546(tp)
core   0: 3 0x80001894 (0x22220e03) x28 0x0000002d mem 0x80011331
core   0: 0x80001898 (0x0000f117) auipc   sp, 0xf
core   0: 3 0x80001898 (0x0000f117) x 2 0x80010898
core   0: 0x8000189c (0x2d610113) addi    sp, sp, 726
core   0: 3 0x8000189c (0x2d610113) x 2 0x80010b6e
core   0: 0x800018a0 (0x00001b7d) c.addi  s6, -1
core   0: 3 0x800018a0 (0x1b7d) x22 0x80010776
core   0: 0x800018a2 (0x03f7c8b3) div     a7, a5, t6
core   0: 3 0x800018a2 (0x03f7c8b3) x17 0x00000000
core   0: 0x800018a6 (0x00710b03) lb      s6, 7(sp)
core   0: 3 0x800018a6 (0x00710b03) x22 0x00000051 mem 0x80010b75
core   0: 0x800018aa (0xffb10883) lb      a7, -5(sp)
core   0: 3 0x800018aa (0xffb10883) x17 0x00000022 mem 0x80010b69
core   0: 0x800018ae (0xffc10c03) lb      s8, -4(sp)
core   0: 3 0x800018ae (0xffc10c03) x24 0xffffff84 mem 0x80010b6a
core   0: 0x800018b2 (0x00008eb5) c.xor   a3, a3
core   0: 3 0x800018b2 (0x8eb5) x13 0x00000000
core   0: 0x800018b4 (0x0ff0000f) fence   iorw,iorw
core   0: 3 0x800018b4 (0x0ff0000f)
core   0: 0x800018b8 (0x00910783) lb      a5, 9(sp)
core   0: 3 0x800018b8 (0x00910783) x15 0xffffffab mem 0x80010b77
core   0: 0x800018bc (0x00008fb5) c.xor   a5, a3
core   0: 3 0x800018bc (0x8fb5) x15 0xffffffab
core   0: 0x800018be (0x00008fdd) c.or    a5, a5
core   0: 3 0x800018be (0x8fdd) x15 0xffffffab
core   0: 0x800018c0 (0x00008695) c.srai  a3, 5
core   0: 3 0x800018c0 (0x8695) x13 0x00000000
core   0: 0x800018c2 (0x03f68c33) mul     s8, a3, t6
core   0: 3 0x800018c2 (0x03f68c33) x24 0x00000000
core   0: 0x800018c6 (0x00415c03) lhu     s8, 4(sp)
core   0: 3 0x800018c6 (0x00415c03) x24 0x00009d7a mem 0x80010b72
core   0: 0x800018ca (0x00314883) lbu     a7, 3(sp)
core   0: 3 0x800018ca (0x00314883) x17 0x00000011 mem 0x80010b71
core   0: 0x800018ce (0x00212c03) lw      s8, 2(sp)
core   0: 3 0x800018ce (0x00212c03) x24 0x9d7a1132 mem 0x80010b70
core   0: 0x800018d2 (0xff114c03) lbu     s8, -15(sp)
core   0: 3 0x800018d2 (0xff114c03) x24 0x000000a6 mem 0x80010b5f
core   0: 0x800018d6 (0x00f14c03) lbu     s8, 15(sp)
core   0: 3 0x800018d6 (0x00f14c03) x24 0x0000004d mem 0x80010b7d
core   0: 0x800018da (0xfef12f23) sw      a5, -2(sp)
core   0: 3 0x800018da (0xfef12f23) mem 0x80010b6c 0xffffffab
core   0: 0x800018de (0x00008b91) c.andi  a5, 4
core   0: 3 0x800018de (0x8b91) x15 0x00000000
core   0: 0x800018e0 (0xfef10d23) sb      a5, -6(sp)
core   0: 3 0x800018e0 (0xfef10d23) mem 0x80010b68 0x0
core   0: 0x800018e4 (0x0000100f) fence.i
core   0: 3 0x800018e4 (0x0000100f)
core   0: 0x800018e8 (0xfef10aa3) sb      a5, -11(sp)
core   0: 3 0x800018e8 (0xfef10aa3) mem 0x80010b63 0x0
core   0: 0x800018ec (0xff314683) lbu     a3, -13(sp)
core   0: 3 0x800018ec (0xff314683) x13 0x000000ee mem 0x80010b61
core   0: 0x800018f0 (0x01f11323) sh      t6, 6(sp)
core   0: 3 0x800018f0 (0x01f11323) mem 0x80010b74 0x00c4
core   0: 0x800018f4 (0x00004b45) c.li    s6, 17
core   0: 3 0x800018f4 (0x4b45) x22 0x00000011
core   0: 0x800018f6 (0x0ff0000f) fence   iorw,iorw
core   0: 3 0x800018f6 (0x0ff0000f)
core   0: 0x800018fa (0x00d107a3) sb      a3, 15(sp)
core   0: 3 0x800018fa (0x00d107a3) mem 0x80010b7d 0xee
core   0: 0x800018fe (0x0387f6b3) remu    a3, a5, s8
core   0: 3 0x800018fe (0x0387f6b3) x13 0x00000000
core   0: 0x80001902 (0x00f6bb33) sltu    s6, a3, a5
core   0: 3 0x80001902 (0x00f6bb33) x22 0x00000000
core   0: 0x80001906 (0xff110b03) lb      s6, -15(sp)
core   0: 3 0x80001906 (0xff110b03) x22 0xffffffa6 mem 0x80010b5f
core   0: 0x8000190a (0x00b10c03) lb      s8, 11(sp)
core   0: 3 0x8000190a (0x00b10c03) x24 0x00000007 mem 0x80010b79
core   0: 0x8000190e (0x0318bb33) mulhu   s6, a7, a7
core   0: 3 0x8000190e (0x0318bb33) x22 0x00000000
core   0: 0x80001912 (0x03f787b3) mul     a5, a5, t6
core   0: 3 0x80001912 (0x03f787b3) x15 0x00000000
core   0: 0x80001916 (0x00411c03) lh      s8, 4(sp)
core   0: 3 0x80001916 (0x00411c03) x24 0xffff9d7a mem 0x80010b72
core   0: 0x8000191a (0x000087cd) c.srai  a5, 19
core   0: 3 0x8000191a (0x87cd) x15 0x00000000
core   0: 0x8000191c (0x01610223) sb      s6, 4(sp)
core   0: 3 0x8000191c (0x01610223) mem 0x80010b72 0x0
core   0: 0x80001920 (0x000047a1) c.li    a5, 8
core   0: 3 0x80001920 (0x47a1) x15 0x00000008
core   0: 0x80001922 (0x006c1893) slli    a7, s8, 6
core   0: 3 0x80001922 (0x006c1893) x17 0xffe75e80
core   0: 0x80001926 (0xffe12883) lw      a7, -2(sp)
core   0: 3 0x80001926 (0xffe12883) x17 0xffffffab mem 0x80010b6c
core   0: 0x8000192a (0x018796b3) sll     a3, a5, s8
core   0: 3 0x8000192a (0x018796b3) x13 0x20000000
core   0: 0x8000192e (0x03179c33) mulh    s8, a5, a7
core   0: 3 0x8000192e (0x03179c33) x24 0xffffffff
core   0: 0x80001932 (0x00015b03) lhu     s6, 0(sp)
core   0: 3 0x80001932 (0x00015b03) x22 0x0000ffff mem 0x80010b6e
core   0: 0x80001936 (0x00c15f83) lhu     t6, 12(sp)
core   0: 3 0x80001936 (0x00c15f83) x31 0x000072c4 mem 0x80010b7a
core   0: 0x8000193a (0x016104a3) sb      s6, 9(sp)
core   0: 3 0x8000193a (0x016104a3) mem 0x80010b77 0xff
core   0: 0x8000193e (0x036fdb33) divu    s6, t6, s6
core   0: 3 0x8000193e (0x036fdb33) x22 0x00000000
core   0: 0x80001942 (0x00a14c03) lbu     s8, 10(sp)
core   0: 3 0x80001942 (0x00a14c03) x24 0x000000fd mem 0x80010b78
core   0: 0x80001946 (0x0000f517) auipc   a0, 0xf
core   0: 3 0x80001946 (0x0000f517) x10 0x80010946
core   0: 0x8000194a (0xbc850513) addi    a0, a0, -1080
core   0: 3 0x8000194a (0xbc850513) x10 0x8001050e
core   0: 0x8000194e (0x42051683) lh      a3, 1056(a0)
core   0: 3 0x8000194e (0x42051683) x13 0x00004ea3 mem 0x8001092e
core   0: 0x80001952 (0x0000547d) c.li    s0, -1
core   0: 3 0x80001952 (0x547d) x 8 0xffffffff
core   0: 0x80001954 (0xb4750e03) lb      t3, -1209(a0)
core   0: 3 0x80001954 (0xb4750e03) x28 0xffffffcf mem 0x80010055
core   0: 0x80001958 (0x00009afd) c.andi  a3, -1
core   0: 3 0x80001958 (0x9afd) x13 0x00004ea3
core   0: 0x8000195a (0x00d5ae33) slt     t3, a1, a3
core   0: 3 0x8000195a (0x00d5ae33) x28 0x00000001
core   0: 0x8000195e (0x611503a3) sb      a7, 1543(a0)
core   0: 3 0x8000195e (0x611503a3) mem 0x80010b15 0xab
core   0: 0x80001962 (0x24050f83) lb      t6, 576(a0)
core   0: 3 0x80001962 (0x24050f83) x31 0xffffffac mem 0x8001074e
core   0: 0x80001966 (0xfdc501a3) sb      t3, -61(a0)
core   0: 3 0x80001966 (0xfdc501a3) mem 0x800104d1 0x1
core   0: 0x8000196a (0x44158893) addi    a7, a1, 1089
core   0: 3 0x8000196a (0x44158893) x17 0x00000441
core   0: 0x8000196e (0x1a0e6e13) ori     t3, t3, 416
core   0: 3 0x8000196e (0x1a0e6e13) x28 0x000001a1
core   0: 0x80001972 (0x0b150123) sb      a7, 162(a0)
core   0: 3 0x80001972 (0x0b150123) mem 0x800105b0 0x41
core   0: 0x80001976 (0x031456b3) divu    a3, s0, a7
core   0: 3 0x80001976 (0x031456b3) x13 0x003c2e13
core   0: 0x8000197a (0xf1f5b693) sltiu   a3, a1, -225
core   0: 3 0x8000197a (0xf1f5b693) x13 0x00000001
core   0: 0x8000197e (0x2b150da3) sb      a7, 699(a0)
core   0: 3 0x8000197e (0x2b150da3) mem 0x800107c9 0x41
core   0: 0x80001982 (0x00000001) c.nop
core   0: 3 0x80001982 (0x0001)
core   0: 0x80001984 (0x02d888b3) mul     a7, a7, a3
core   0: 3 0x80001984 (0x02d888b3) x17 0x00000441
core   0: 0x80001988 (0xc4350683) lb      a3, -957(a0)
core   0: 3 0x80001988 (0xc4350683) x13 0xffffffc4 mem 0x80010151
core   0: 0x8000198c (0x5bf51d23) sh      t6, 1466(a0)
core   0: 3 0x8000198c (0x5bf51d23) mem 0x80010ac8 0xffac
core   0: 0x80001990 (0x00008de1) c.and   a1, s0
core   0: 3 0x80001990 (0x8de1) x11 0x00000000
core   0: 0x80001992 (0x03f5ae33) mulhsu  t3, a1, t6
core   0: 3 0x80001992 (0x03f5ae33) x28 0x00000000
core   0: 0x80001996 (0xd5d54403) lbu     s0, -675(a0)
core   0: 3 0x80001996 (0xd5d54403) x 8 0x0000009c mem 0x8001026b
core   0: 0x8000199a (0x00de16b3) sll     a3, t3, a3
core   0: 3 0x8000199a (0x00de16b3) x13 0x00000000
core   0: 0x8000199e (0x0115dfb3) srl     t6, a1, a7
core   0: 3 0x8000199e (0x0115dfb3) x31 0x00000000
core   0: 0x800019a2 (0x000006fa) c.slli  a3, 30
core   0: 3 0x800019a2 (0x06fa) x13 0x00000000
core   0: 0x800019a4 (0x58b51d23) sh      a1, 1434(a0)
core   0: 3 0x800019a4 (0x58b51d23) mem 0x80010aa8 0x0000
core   0: 0x800019a8 (0x00008dc1) c.or    a1, s0
core   0: 3 0x800019a8 (0x8dc1) x11 0x0000009c
core   0: 0x800019aa (0x75150683) lb      a3, 1873(a0)
core   0: 3 0x800019aa (0x75150683) x13 0x00000057 mem 0x80010c5f
core   0: 0x800019ae (0x01c68fb3) add     t6, a3, t3
core   0: 3 0x800019ae (0x01c68fb3) x31 0x00000057
core   0: 0x800019b2 (0xd8754f83) lbu     t6, -633(a0)
core   0: 3 0x800019b2 (0xd8754f83) x31 0x0000003c mem 0x80010295
core   0: 0x800019b6 (0x44350883) lb      a7, 1091(a0)
core   0: 3 0x800019b6 (0x44350883) x17 0x00000066 mem 0x80010951
core   0: 0x800019ba (0x41d54883) lbu     a7, 1053(a0)
core   0: 3 0x800019ba (0x41d54883) x17 0x00000007 mem 0x8001092b
core   0: 0x800019be (0xb2de7693) andi    a3, t3, -1235
core   0: 3 0x800019be (0xb2de7693) x13 0x00000000
core   0: 0x800019c2 (0x02bf8e33) mul     t3, t6, a1
core   0: 3 0x800019c2 (0x02bf8e33) x28 0x00002490
core   0: 0x800019c6 (0x63250583) lb      a1, 1586(a0)
core   0: 3 0x800019c6 (0x63250583) x11 0x0000004b mem 0x80010b40
core   0: 0x800019ca (0xf5850403) lb      s0, -168(a0)
core   0: 3 0x800019ca (0xf5850403) x 8 0xffffffe3 mem 0x80010466
core   0: 0x800019ce (0xf5f54e03) lbu     t3, -161(a0)
core   0: 3 0x800019ce (0xf5f54e03) x28 0x0000009b mem 0x8001046d
core   0: 0x800019d2 (0x00008c15) c.sub   s0, a3
core   0: 3 0x800019d2 (0x8c15) x 8 0xffffffe3
core   0: 0x800019d4 (0x00008db5) c.xor   a1, a3
core   0: 3 0x800019d4 (0x8db5) x11 0x0000004b
core   0: 0x800019d6 (0x66d508a3) sb      a3, 1649(a0)
core   0: 3 0x800019d6 (0x66d508a3) mem 0x80010b7f 0x0
core   0: 0x800019da (0x00e41693) slli    a3, s0, 14
core   0: 3 0x800019da (0x00e41693) x13 0xfff8c000
core   0: 0x800019de (0x0085a6b3) slt     a3, a1, s0
core   0: 3 0x800019de (0x0085a6b3) x13 0x00000000
core   0: 0x800019e2 (0x23f51223) sh      t6, 548(a0)
core   0: 3 0x800019e2 (0x23f51223) mem 0x80010732 0x003c
core   0: 0x800019e6 (0x00008e36) c.mv    t3, a3
core   0: 3 0x800019e6 (0x8e36) x28 0x00000000
core   0: 0x800019e8 (0x00008af9) c.andi  a3, 30
core   0: 3 0x800019e8 (0x8af9) x13 0x00000000
core   0: 0x800019ea (0x14f50f83) lb      t6, 335(a0)
core   0: 3 0x800019ea (0x14f50f83) x31 0x00000070 mem 0x8001065d
core   0: 0x800019ee (0x00004e7d) c.li    t3, 31
core   0: 3 0x800019ee (0x4e7d) x28 0x0000001f
core   0: 0x800019f0 (0x79d50e03) lb      t3, 1949(a0)
core   0: 3 0x800019f0 (0x79d50e03) x28 0x00000047 mem 0x80010cab
core   0: 0x800019f4 (0x8ba538b7) lui     a7, 0x8ba53
core   0: 3 0x800019f4 (0x8ba538b7) x17 0x8ba53000
core   0: 0x800019f8 (0x000081c9) c.srli  a1, 18
core   0: 3 0x800019f8 (0x81c9) x11 0x00000000
core   0: 0x800019fa (0x38250403) lb      s0, 898(a0)
core   0: 3 0x800019fa (0x38250403) x 8 0xfffffff1 mem 0x80010890
core   0: 0x800019fe (0xffa00b13) li      s6, -6
core   0: 3 0x800019fe (0xffa00b13) x22 0xfffffffa
core   0: 0x80001a02 (0x40ad0033) sub     zero, s10, a0
core   0: 3 0x80001a02 (0x40ad0033)
core   0: 0x80001a06 (0x00000001) c.nop
core   0: 3 0x80001a06 (0x0001)
core   0: 0x80001a08 (0x00a00c13) li      s8, 10
core   0: 3 0x80001a08 (0x00a00c13) x24 0x0000000a
core   0: 0x80001a0c (0x038e8233) mul     tp, t4, s8
core   0: 3 0x80001a0c (0x038e8233) x 4 0x0000047e
core   0: 0x80001a10 (0x00a670b3) and     ra, a2, a0
core   0: 3 0x80001a10 (0x00a670b3) x 1 0x00000100
core   0: 0x80001a14 (0x035dfeb3) remu    t4, s11, s5
core   0: 3 0x80001a14 (0x035dfeb3) x29 0xffffff80
core   0: 0x80001a18 (0x00000b09) c.addi  s6, 2
core   0: 3 0x80001a18 (0x0b09) x22 0xfffffffc
core   0: 0x80001a1a (0x40ce5c93) srai    s9, t3, 12
core   0: 3 0x80001a1a (0x40ce5c93) x25 0x00000000
core   0: 0x80001a1e (0x00006139) c.addi16sp sp, 448
core   0: 3 0x80001a1e (0x6139) x 2 0x80010d2e
core   0: 0x80001a20 (0x02b2c133) div     sp, t0, a1
core   0: 3 0x80001a20 (0x02b2c133) x 2 0xffffffff
core   0: 0x80001a24 (0x00000001) c.nop
core   0: 3 0x80001a24 (0x0001)
core   0: 0x80001a26 (0x009165b3) or      a1, sp, s1
core   0: 3 0x80001a26 (0x009165b3) x11 0xffffffff
core   0: 0x80001a2a (0x0ff0000f) fence   iorw,iorw
core   0: 3 0x80001a2a (0x0ff0000f)
core   0: 0x80001a2e (0x0ff0000f) fence   iorw,iorw
core   0: 3 0x80001a2e (0x0ff0000f)
core   0: 0x80001a32 (0xfd8b4fe3) blt     s6, s8, pc - 34
core   0: 3 0x80001a32 (0xfd8b4fe3)
core   0: 0x80001a10 (0x00a670b3) and     ra, a2, a0
core   0: 3 0x80001a10 (0x00a670b3) x 1 0x00000100
core   0: 0x80001a14 (0x035dfeb3) remu    t4, s11, s5
core   0: 3 0x80001a14 (0x035dfeb3) x29 0xffffff80
core   0: 0x80001a18 (0x00000b09) c.addi  s6, 2
core   0: 3 0x80001a18 (0x0b09) x22 0xfffffffe
core   0: 0x80001a1a (0x40ce5c93) srai    s9, t3, 12
core   0: 3 0x80001a1a (0x40ce5c93) x25 0x00000000
core   0: 0x80001a1e (0x00006139) c.addi16sp sp, 448
core   0: 3 0x80001a1e (0x6139) x 2 0x000001bf
core   0: 0x80001a20 (0x02b2c133) div     sp, t0, a1
core   0: 3 0x80001a20 (0x02b2c133) x 2 0xffffff65
core   0: 0x80001a24 (0x00000001) c.nop
core   0: 3 0x80001a24 (0x0001)
core   0: 0x80001a26 (0x009165b3) or      a1, sp, s1
core   0: 3 0x80001a26 (0x009165b3) x11 0xffffffe5
core   0: 0x80001a2a (0x0ff0000f) fence   iorw,iorw
core   0: 3 0x80001a2a (0x0ff0000f)
core   0: 0x80001a2e (0x0ff0000f) fence   iorw,iorw
core   0: 3 0x80001a2e (0x0ff0000f)
core   0: 0x80001a32 (0xfd8b4fe3) blt     s6, s8, pc - 34
core   0: 3 0x80001a32 (0xfd8b4fe3)
core   0: 0x80001a10 (0x00a670b3) and     ra, a2, a0
core   0: 3 0x80001a10 (0x00a670b3) x 1 0x00000100
core   0: 0x80001a14 (0x035dfeb3) remu    t4, s11, s5
core   0: 3 0x80001a14 (0x035dfeb3) x29 0xffffff80
core   0: 0x80001a18 (0x00000b09) c.addi  s6, 2
core   0: 3 0x80001a18 (0x0b09) x22 0x00000000
core   0: 0x80001a1a (0x40ce5c93) srai    s9, t3, 12
core   0: 3 0x80001a1a (0x40ce5c93) x25 0x00000000
core   0: 0x80001a1e (0x00006139) c.addi16sp sp, 448
core   0: 3 0x80001a1e (0x6139) x 2 0x00000125
core   0: 0x80001a20 (0x02b2c133) div     sp, t0, a1
core   0: 3 0x80001a20 (0x02b2c133) x 2 0xfffffffb
core   0: 0x80001a24 (0x00000001) c.nop
core   0: 3 0x80001a24 (0x0001)
core   0: 0x80001a26 (0x009165b3) or      a1, sp, s1
core   0: 3 0x80001a26 (0x009165b3) x11 0xffffffff
core   0: 0x80001a2a (0x0ff0000f) fence   iorw,iorw
core   0: 3 0x80001a2a (0x0ff0000f)
core   0: 0x80001a2e (0x0ff0000f) fence   iorw,iorw
core   0: 3 0x80001a2e (0x0ff0000f)
core   0: 0x80001a32 (0xfd8b4fe3) blt     s6, s8, pc - 34
core   0: 3 0x80001a32 (0xfd8b4fe3)
core   0: 0x80001a10 (0x00a670b3) and     ra, a2, a0
core   0: 3 0x80001a10 (0x00a670b3) x 1 0x00000100
core   0: 0x80001a14 (0x035dfeb3) remu    t4, s11, s5
core   0: 3 0x80001a14 (0x035dfeb3) x29 0xffffff80
core   0: 0x80001a18 (0x00000b09) c.addi  s6, 2
core   0: 3 0x80001a18 (0x0b09) x22 0x00000002
core   0: 0x80001a1a (0x40ce5c93) srai    s9, t3, 12
core   0: 3 0x80001a1a (0x40ce5c93) x25 0x00000000
core   0: 0x80001a1e (0x00006139) c.addi16sp sp, 448
core   0: 3 0x80001a1e (0x6139) x 2 0x000001bb
core   0: 0x80001a20 (0x02b2c133) div     sp, t0, a1
core   0: 3 0x80001a20 (0x02b2c133) x 2 0xffffff65
core   0: 0x80001a24 (0x00000001) c.nop
core   0: 3 0x80001a24 (0x0001)
core   0: 0x80001a26 (0x009165b3) or      a1, sp, s1
core   0: 3 0x80001a26 (0x009165b3) x11 0xffffffe5
core   0: 0x80001a2a (0x0ff0000f) fence   iorw,iorw
core   0: 3 0x80001a2a (0x0ff0000f)
core   0: 0x80001a2e (0x0ff0000f) fence   iorw,iorw
core   0: 3 0x80001a2e (0x0ff0000f)
core   0: 0x80001a32 (0xfd8b4fe3) blt     s6, s8, pc - 34
core   0: 3 0x80001a32 (0xfd8b4fe3)
core   0: 0x80001a10 (0x00a670b3) and     ra, a2, a0
core   0: 3 0x80001a10 (0x00a670b3) x 1 0x00000100
core   0: 0x80001a14 (0x035dfeb3) remu    t4, s11, s5
core   0: 3 0x80001a14 (0x035dfeb3) x29 0xffffff80
core   0: 0x80001a18 (0x00000b09) c.addi  s6, 2
core   0: 3 0x80001a18 (0x0b09) x22 0x00000004
core   0: 0x80001a1a (0x40ce5c93) srai    s9, t3, 12
core   0: 3 0x80001a1a (0x40ce5c93) x25 0x00000000
core   0: 0x80001a1e (0x00006139) c.addi16sp sp, 448
core   0: 3 0x80001a1e (0x6139) x 2 0x00000125
core   0: 0x80001a20 (0x02b2c133) div     sp, t0, a1
core   0: 3 0x80001a20 (0x02b2c133) x 2 0xfffffffb
core   0: 0x80001a24 (0x00000001) c.nop
core   0: 3 0x80001a24 (0x0001)
core   0: 0x80001a26 (0x009165b3) or      a1, sp, s1
core   0: 3 0x80001a26 (0x009165b3) x11 0xffffffff
core   0: 0x80001a2a (0x0ff0000f) fence   iorw,iorw
core   0: 3 0x80001a2a (0x0ff0000f)
core   0: 0x80001a2e (0x0ff0000f) fence   iorw,iorw
core   0: 3 0x80001a2e (0x0ff0000f)
core   0: 0x80001a32 (0xfd8b4fe3) blt     s6, s8, pc - 34
core   0: 3 0x80001a32 (0xfd8b4fe3)
core   0: 0x80001a10 (0x00a670b3) and     ra, a2, a0
core   0: 3 0x80001a10 (0x00a670b3) x 1 0x00000100
core   0: 0x80001a14 (0x035dfeb3) remu    t4, s11, s5
core   0: 3 0x80001a14 (0x035dfeb3) x29 0xffffff80
core   0: 0x80001a18 (0x00000b09) c.addi  s6, 2
core   0: 3 0x80001a18 (0x0b09) x22 0x00000006
core   0: 0x80001a1a (0x40ce5c93) srai    s9, t3, 12
core   0: 3 0x80001a1a (0x40ce5c93) x25 0x00000000
core   0: 0x80001a1e (0x00006139) c.addi16sp sp, 448
core   0: 3 0x80001a1e (0x6139) x 2 0x000001bb
core   0: 0x80001a20 (0x02b2c133) div     sp, t0, a1
core   0: 3 0x80001a20 (0x02b2c133) x 2 0xffffff65
core   0: 0x80001a24 (0x00000001) c.nop
core   0: 3 0x80001a24 (0x0001)
core   0: 0x80001a26 (0x009165b3) or      a1, sp, s1
core   0: 3 0x80001a26 (0x009165b3) x11 0xffffffe5
core   0: 0x80001a2a (0x0ff0000f) fence   iorw,iorw
core   0: 3 0x80001a2a (0x0ff0000f)
core   0: 0x80001a2e (0x0ff0000f) fence   iorw,iorw
core   0: 3 0x80001a2e (0x0ff0000f)
core   0: 0x80001a32 (0xfd8b4fe3) blt     s6, s8, pc - 34
core   0: 3 0x80001a32 (0xfd8b4fe3)
core   0: 0x80001a10 (0x00a670b3) and     ra, a2, a0
core   0: 3 0x80001a10 (0x00a670b3) x 1 0x00000100
core   0: 0x80001a14 (0x035dfeb3) remu    t4, s11, s5
core   0: 3 0x80001a14 (0x035dfeb3) x29 0xffffff80
core   0: 0x80001a18 (0x00000b09) c.addi  s6, 2
core   0: 3 0x80001a18 (0x0b09) x22 0x00000008
core   0: 0x80001a1a (0x40ce5c93) srai    s9, t3, 12
core   0: 3 0x80001a1a (0x40ce5c93) x25 0x00000000
core   0: 0x80001a1e (0x00006139) c.addi16sp sp, 448
core   0: 3 0x80001a1e (0x6139) x 2 0x00000125
core   0: 0x80001a20 (0x02b2c133) div     sp, t0, a1
core   0: 3 0x80001a20 (0x02b2c133) x 2 0xfffffffb
core   0: 0x80001a24 (0x00000001) c.nop
core   0: 3 0x80001a24 (0x0001)
core   0: 0x80001a26 (0x009165b3) or      a1, sp, s1
core   0: 3 0x80001a26 (0x009165b3) x11 0xffffffff
core   0: 0x80001a2a (0x0ff0000f) fence   iorw,iorw
core   0: 3 0x80001a2a (0x0ff0000f)
core   0: 0x80001a2e (0x0ff0000f) fence   iorw,iorw
core   0: 3 0x80001a2e (0x0ff0000f)
core   0: 0x80001a32 (0xfd8b4fe3) blt     s6, s8, pc - 34
core   0: 3 0x80001a32 (0xfd8b4fe3)
core   0: 0x80001a10 (0x00a670b3) and     ra, a2, a0
core   0: 3 0x80001a10 (0x00a670b3) x 1 0x00000100
core   0: 0x80001a14 (0x035dfeb3) remu    t4, s11, s5
core   0: 3 0x80001a14 (0x035dfeb3) x29 0xffffff80
core   0: 0x80001a18 (0x00000b09) c.addi  s6, 2
core   0: 3 0x80001a18 (0x0b09) x22 0x0000000a
core   0: 0x80001a1a (0x40ce5c93) srai    s9, t3, 12
core   0: 3 0x80001a1a (0x40ce5c93) x25 0x00000000
core   0: 0x80001a1e (0x00006139) c.addi16sp sp, 448
core   0: 3 0x80001a1e (0x6139) x 2 0x000001bb
core   0: 0x80001a20 (0x02b2c133) div     sp, t0, a1
core   0: 3 0x80001a20 (0x02b2c133) x 2 0xffffff65
core   0: 0x80001a24 (0x00000001) c.nop
core   0: 3 0x80001a24 (0x0001)
core   0: 0x80001a26 (0x009165b3) or      a1, sp, s1
core   0: 3 0x80001a26 (0x009165b3) x11 0xffffffe5
core   0: 0x80001a2a (0x0ff0000f) fence   iorw,iorw
core   0: 3 0x80001a2a (0x0ff0000f)
core   0: 0x80001a2e (0x0ff0000f) fence   iorw,iorw
core   0: 3 0x80001a2e (0x0ff0000f)
core   0: 0x80001a32 (0xfd8b4fe3) blt     s6, s8, pc - 34
core   0: 3 0x80001a32 (0xfd8b4fe3)
core   0: 0x80001a36 (0x0ff0000f) fence   iorw,iorw
core   0: 3 0x80001a36 (0x0ff0000f)
core   0: 0x80001a3a (0x0000ff97) auipc   t6, 0xf
core   0: 3 0x80001a3a (0x0000ff97) x31 0x80010a3a
core   0: 0x80001a3e (0xc68f8f93) addi    t6, t6, -920
core   0: 3 0x80001a3e (0xc68f8f93) x31 0x800106a2
core   0: 0x80001a42 (0x0000f197) auipc   gp, 0xf
core   0: 3 0x80001a42 (0x0000f197) x 3 0x80010a42
core   0: 0x80001a46 (0x5a918193) addi    gp, gp, 1449
core   0: 3 0x80001a46 (0x5a918193) x 3 0x80010feb
core   0: 0x80001a4a (0xfddf80a3) sb      t4, -63(t6)
core   0: 3 0x80001a4a (0xfddf80a3) mem 0x80010663 0x80
core   0: 0x80001a4e (0x0000fc17) auipc   s8, 0xf
core   0: 3 0x80001a4e (0x0000fc17) x24 0x80010a4e
core   0: 0x80001a52 (0xc12c0c13) addi    s8, s8, -1006
core   0: 3 0x80001a52 (0xc12c0c13) x24 0x80010660
core   0: 0x80001a56 (0x031f8523) sb      a7, 42(t6)
core   0: 3 0x80001a56 (0x031f8523) mem 0x800106cc 0x0
core   0: 0x80001a5a (0x01cc5383) lhu     t2, 28(s8)
core   0: 3 0x80001a5a (0x01cc5383) x 7 0x000066d6 mem 0x8001067c
core   0: 0x80001a5e (0x00f19203) lh      tp, 15(gp)
core   0: 3 0x80001a5e (0x00f19203) x 4 0x00007fa3 mem 0x80010ffa
core   0: 0x80001a62 (0xfddfc983) lbu     s3, -35(t6)
core   0: 3 0x80001a62 (0xfddfc983) x19 0x000000fe mem 0x8001067f
core   0: 0x80001a66 (0xfe9c4a83) lbu     s5, -23(s8)
core   0: 3 0x80001a66 (0xfe9c4a83) x21 0x00000051 mem 0x80010649
core   0: 0x80001a6a (0x035c0f03) lb      t5, 53(s8)
core   0: 3 0x80001a6a (0x035c0f03) x30 0x00000000 mem 0x80010695
core   0: 0x80001a6e (0xffe1ce03) lbu     t3, -2(gp)
core   0: 3 0x80001a6e (0xffe1ce03) x28 0x000000fc mem 0x80010fe9
core   0: 0x80001a72 (0x001c0e03) lb      t3, 1(s8)
core   0: 3 0x80001a72 (0x001c0e03) x28 0x00000014 mem 0x80010661
core   0: 0x80001a76 (0x022c0da3) sb      sp, 59(s8)
core   0: 3 0x80001a76 (0x022c0da3) mem 0x8001069b 0x65
core   0: 0x80001a7a (0xff819ca3) sh      s8, -7(gp)
core   0: 3 0x80001a7a (0xff819ca3) mem 0x80010fe4 0x0660
core   0: 0x80001a7e (0x00ac03a3) sb      a0, 7(s8)
core   0: 3 0x80001a7e (0x00ac03a3) mem 0x80010667 0xe
core   0: 0x80001a82 (0xfc7f9723) sh      t2, -50(t6)
core   0: 3 0x80001a82 (0xfc7f9723) mem 0x80010670 0x66d6
core   0: 0x80001a86 (0x0081ca83) lbu     s5, 8(gp)
core   0: 3 0x80001a86 (0x0081ca83) x21 0x000000e6 mem 0x80010ff3
core   0: 0x80001a8a (0xfccc0ea3) sb      a2, -35(s8)
core   0: 3 0x80001a8a (0xfccc0ea3) mem 0x8001063d 0x80
core   0: 0x80001a8e (0xff4c0323) sb      s4, -26(s8)
core   0: 3 0x80001a8e (0xff4c0323) mem 0x80010646 0x0
core   0: 0x80001a92 (0xfcdf8f03) lb      t5, -51(t6)
core   0: 3 0x80001a92 (0xfcdf8f03) x30 0x0000001d mem 0x8001066f
core   0: 0x80001a96 (0xff2c0603) lb      a2, -14(s8)
core   0: 3 0x80001a96 (0xff2c0603) x12 0x00000007 mem 0x80010652
core   0: 0x80001a9a (0xfd7c4583) lbu     a1, -41(s8)
core   0: 3 0x80001a9a (0xfd7c4583) x11 0x000000a8 mem 0x80010637
core   0: 0x80001a9e (0x00b1cd83) lbu     s11, 11(gp)
core   0: 3 0x80001a9e (0x00b1cd83) x27 0x00000058 mem 0x80010ff6
core   0: 0x80001aa2 (0xffd00413) li      s0, -3
core   0: 3 0x80001aa2 (0xffd00413) x 8 0xfffffffd
core   0: 0x80001aa6 (0x018a09b3) add     s3, s4, s8
core   0: 3 0x80001aa6 (0x018a09b3) x19 0x00010660
core   0: 0x80001aaa (0xdf7ba193) slti    gp, s7, -521
core   0: 3 0x80001aaa (0xdf7ba193) x 3 0x00000000
core   0: 0x80001aae (0x00000001) c.nop
core   0: 3 0x80001aae (0x0001)
core   0: 0x80001ab0 (0x019a6d33) or      s10, s4, s9
core   0: 3 0x80001ab0 (0x019a6d33) x26 0x80000000
core   0: 0x80001ab4 (0x00004cd1) c.li    s9, 20
core   0: 3 0x80001ab4 (0x4cd1) x25 0x00000014
core   0: 0x80001ab6 (0x0000040d) c.addi  s0, 3
core   0: 3 0x80001ab6 (0x040d) x 8 0x00000000
core   0: 0x80001ab8 (0x032c8c33) mul     s8, s9, s2
core   0: 3 0x80001ab8 (0x032c8c33) x24 0x0000021c
core   0: 0x80001abc (0x0000dc65) c.beqz  s0, pc - 8
core   0: 3 0x80001abc (0xdc65)
core   0: 0x80001ab4 (0x00004cd1) c.li    s9, 20
core   0: 3 0x80001ab4 (0x4cd1) x25 0x00000014
core   0: 0x80001ab6 (0x0000040d) c.addi  s0, 3
core   0: 3 0x80001ab6 (0x040d) x 8 0x00000003
core   0: 0x80001ab8 (0x032c8c33) mul     s8, s9, s2
core   0: 3 0x80001ab8 (0x032c8c33) x24 0x0000021c
core   0: 0x80001abc (0x0000dc65) c.beqz  s0, pc - 8
core   0: 3 0x80001abc (0xdc65)
core   0: 0x80001abe (0x000065e9) c.lui   a1, 0x1a
core   0: 3 0x80001abe (0x65e9) x11 0x0001a000
core   0: 0x80001ac0 (0x0000ea97) auipc   s5, 0xe
core   0: 3 0x80001ac0 (0x0000ea97) x21 0x8000fac0
core   0: 0x80001ac4 (0x7ada8a93) addi    s5, s5, 1965
core   0: 3 0x80001ac4 (0x7ada8a93) x21 0x8001026d
core   0: 0x80001ac8 (0x00019697) auipc   a3, 0x19
core   0: 3 0x80001ac8 (0x00019697) x13 0x8001aac8
core   0: 0x80001acc (0x58168693) addi    a3, a3, 1409
core   0: 3 0x80001acc (0x58168693) x13 0x8001b049
core   0: 0x80001ad0 (0x22faab03) lw      s6, 559(s5)
core   0: 3 0x80001ad0 (0x22faab03) x22 0x6fee69eb mem 0x8001049c
core   0: 0x80001ad4 (0x06568a23) sb      t0, 116(a3)
core   0: 3 0x80001ad4 (0x06568a23) mem 0x8001b0bd 0x9b
core   0: 0x80001ad8 (0x0d268c23) sb      s2, 216(a3)
core   0: 3 0x80001ad8 (0x0d268c23) mem 0x8001b121 0x1b
core   0: 0x80001adc (0x704a90a3) sh      tp, 1793(s5)
core   0: 3 0x80001adc (0x704a90a3) mem 0x8001096e 0x7fa3
core   0: 0x80001ae0 (0xf83ad583) lhu     a1, -125(s5)
core   0: 3 0x80001ae0 (0xf83ad583) x11 0x000062a4 mem 0x800101f0
core   0: 0x80001ae4 (0x69ea8983) lb      s3, 1694(s5)
core   0: 3 0x80001ae4 (0x69ea8983) x19 0xffffffd0 mem 0x8001090b
core   0: 0x80001ae8 (0x13b6c603) lbu     a2, 315(a3)
core   0: 3 0x80001ae8 (0x13b6c603) x12 0x00000078 mem 0x8001b184
core   0: 0x80001aec (0x37168823) sb      a7, 880(a3)
core   0: 3 0x80001aec (0x37168823) mem 0x8001b3b9 0x0
core   0: 0x80001af0 (0x2cba99a3) sh      a1, 723(s5)
core   0: 3 0x80001af0 (0x2cba99a3) mem 0x80010540 0x62a4
core   0: 0x80001af4 (0x694aada3) sw      s4, 1691(s5)
core   0: 3 0x80001af4 (0x694aada3) mem 0x80010908 0x80000000
core   0: 0x80001af8 (0x65c6c583) lbu     a1, 1628(a3)
core   0: 3 0x80001af8 (0x65c6c583) x11 0x00000035 mem 0x8001b6a5
core   0: 0x80001afc (0xe33a99a3) sh      s3, -461(s5)
core   0: 3 0x80001afc (0xe33a99a3) mem 0x800100a0 0xffd0
core   0: 0x80001b00 (0xe9768ca3) sb      s7, -359(a3)
core   0: 3 0x80001b00 (0xe9768ca3) mem 0x8001aee2 0x91
core   0: 0x80001b04 (0xfedac303) lbu     t1, -19(s5)
core   0: 3 0x80001b04 (0xfedac303) x 6 0x0000002d mem 0x8001025a
core   0: 0x80001b08 (0x202ac103) lbu     sp, 514(s5)
core   0: 3 0x80001b08 (0x202ac103) x 2 0x0000004c mem 0x8001046f
core   0: 0x80001b0c (0xff900613) li      a2, -7
core   0: 3 0x80001b0c (0xff900613) x12 0xfffffff9
core   0: 0x80001b10 (0x00477733) and     a4, a4, tp
core   0: 3 0x80001b10 (0x00477733) x14 0x00003f21
core   0: 0x80001b14 (0x00009db2) c.add   s11, a2
core   0: 3 0x80001b14 (0x9db2) x27 0x00000051
core   0: 0x80001b16 (0xffc00893) li      a7, -4
core   0: 3 0x80001b16 (0xffc00893) x17 0xfffffffc
core   0: 0x80001b1a (0x0006db93) srli    s7, a3, 0
core   0: 3 0x80001b1a (0x0006db93) x23 0x8001b049
core   0: 0x80001b1e (0x00008ad1) c.andi  a3, 20
core   0: 3 0x80001b1e (0x8ad1) x13 0x00000000
core   0: 0x80001b20 (0x0157adb3) slt     s11, a5, s5
core   0: 3 0x80001b20 (0x0157adb3) x27 0x00000000
core   0: 0x80001b24 (0x0000927a) c.add   tp, t5
core   0: 3 0x80001b24 (0x927a) x 4 0x00007fc0
core   0: 0x80001b26 (0x02e35c33) divu    s8, t1, a4
core   0: 3 0x80001b26 (0x02e35c33) x24 0x00000000
core   0: 0x80001b2a (0xe886ef97) auipc   t6, 0xe886e
core   0: 3 0x80001b2a (0xe886ef97) x31 0x6886fb2a
core   0: 0x80001b2e (0x00008f7d) c.and   a4, a5
core   0: 3 0x80001b2e (0x8f7d) x14 0x00000000
core   0: 0x80001b30 (0x48616a93) ori     s5, sp, 1158
core   0: 3 0x80001b30 (0x48616a93) x21 0x000004ce
core   0: 0x80001b34 (0x016427b3) slt     a5, s0, s6
core   0: 3 0x80001b34 (0x016427b3) x15 0x00000001
core   0: 0x80001b38 (0x0000959e) c.add   a1, t2
core   0: 3 0x80001b38 (0x959e) x11 0x0000670b
core   0: 0x80001b3a (0x03402e33) mulhsu  t3, zero, s4
core   0: 3 0x80001b3a (0x03402e33) x28 0x00000000
core   0: 0x80001b3e (0x00000615) c.addi  a2, 5
core   0: 3 0x80001b3e (0x0615) x12 0xfffffffe
core   0: 0x80001b40 (0x41075e33) sra     t3, a4, a6
core   0: 3 0x80001b40 (0x41075e33) x28 0x00000000
core   0: 0x80001b44 (0xff600413) li      s0, -10
core   0: 3 0x80001b44 (0xff600413) x 8 0xfffffff6
core   0: 0x80001b48 (0xff700b13) li      s6, -9
core   0: 3 0x80001b48 (0xff700b13) x22 0xfffffff7
core   0: 0x80001b4c (0x00af81b3) add     gp, t6, a0
core   0: 3 0x80001b4c (0x00af81b3) x 3 0xe8880038
core   0: 0x80001b50 (0x011696b3) sll     a3, a3, a7
core   0: 3 0x80001b50 (0x011696b3) x13 0x00000000
core   0: 0x80001b54 (0x00ac3db3) sltu    s11, s8, a0
core   0: 3 0x80001b54 (0x00ac3db3) x27 0x00000001
core   0: 0x80001b58 (0x00756ab3) or      s5, a0, t2
core   0: 3 0x80001b58 (0x00756ab3) x21 0x800167de
core   0: 0x80001b5c (0x00000405) c.addi  s0, 1
core   0: 3 0x80001b5c (0x0405) x 8 0xfffffff7
core   0: 0x80001b5e (0x00000001) c.nop
core   0: 3 0x80001b5e (0x0001)
core   0: 0x80001b60 (0xff640ce3) beq     s0, s6, pc - 8
core   0: 3 0x80001b60 (0xff640ce3)
core   0: 0x80001b58 (0x00756ab3) or      s5, a0, t2
core   0: 3 0x80001b58 (0x00756ab3) x21 0x800167de
core   0: 0x80001b5c (0x00000405) c.addi  s0, 1
core   0: 3 0x80001b5c (0x0405) x 8 0xfffffff8
core   0: 0x80001b5e (0x00000001) c.nop
core   0: 3 0x80001b5e (0x0001)
core   0: 0x80001b60 (0xff640ce3) beq     s0, s6, pc - 8
core   0: 3 0x80001b60 (0xff640ce3)
core   0: 0x80001b64 (0x0016a933) slt     s2, a3, ra
core   0: 3 0x80001b64 (0x0016a933) x18 0x00000001
core   0: 0x80001b68 (0xce6b2a93) slti    s5, s6, -794
core   0: 3 0x80001b68 (0xce6b2a93) x21 0x00000000
core   0: 0x80001b6c (0xfd1644e3) blt     a2, a7, pc - 56
core   0: 3 0x80001b6c (0xfd1644e3)
core   0: 0x80001b70 (0x7b5be113) ori     sp, s7, 1973
core   0: 3 0x80001b70 (0x7b5be113) x 2 0x8001b7fd
core   0: 0x80001b74 (0x0000e417) auipc   s0, 0xe
core   0: 3 0x80001b74 (0x0000e417) x 8 0x8000fb74
core   0: 0x80001b78 (0x7f340413) addi    s0, s0, 2035
core   0: 3 0x80001b78 (0x7f340413) x 8 0x80010367
core   0: 0x80001b7c (0x00011f17) auipc   t5, 0x11
core   0: 3 0x80001b7c (0x00011f17) x30 0x80012b7c
core   0: 0x80001b80 (0x25ef0f13) addi    t5, t5, 606
core   0: 3 0x80001b80 (0x25ef0f13) x30 0x80012dda
core   0: 0x80001b84 (0xb54f00a3) sb      s4, -1215(t5)
core   0: 3 0x80001b84 (0xb54f00a3) mem 0x8001291b 0x0
core   0: 0x80001b88 (0xd15f4083) lbu     ra, -747(t5)
core   0: 3 0x80001b88 (0xd15f4083) x 1 0x000000b9 mem 0x80012aef
core   0: 0x80001b8c (0xc8df0623) sb      a3, -884(t5)
core   0: 3 0x80001b8c (0xc8df0623) mem 0x80012a66 0x0
core   0: 0x80001b90 (0xffe40123) sb      t5, -30(s0)
core   0: 3 0x80001b90 (0xffe40123) mem 0x80010349 0xda
core   0: 0x80001b94 (0x625f4703) lbu     a4, 1573(t5)
core   0: 3 0x80001b94 (0x625f4703) x14 0x00000043 mem 0x800133ff
core   0: 0x80001b98 (0x6d9f4603) lbu     a2, 1753(t5)
core   0: 3 0x80001b98 (0x6d9f4603) x12 0x000000fa mem 0x800134b3
core   0: 0x80001b9c (0xb96f2c03) lw      s8, -1130(t5)
core   0: 3 0x80001b9c (0xb96f2c03) x24 0x0371a3ba mem 0x80012970
core   0: 0x80001ba0 (0xb1af09a3) sb      s10, -1261(t5)
core   0: 3 0x80001ba0 (0xb1af09a3) mem 0x800128ed 0x0
core   0: 0x80001ba4 (0xfcb41a83) lh      s5, -53(s0)
core   0: 3 0x80001ba4 (0xfcb41a83) x21 0xffffd966 mem 0x80010332
core   0: 0x80001ba8 (0xfc142683) lw      a3, -63(s0)
core   0: 3 0x80001ba8 (0xfc142683) x13 0x7ab1fd1a mem 0x80010328
core   0: 0x80001bac (0xff040103) lb      sp, -16(s0)
core   0: 3 0x80001bac (0xff040103) x 2 0xffffffbf mem 0x80010357
core   0: 0x80001bb0 (0x781f0e23) sb      ra, 1948(t5)
core   0: 3 0x80001bb0 (0x781f0e23) mem 0x80013576 0xb9
core   0: 0x80001bb4 (0x8c9f4703) lbu     a4, -1847(t5)
core   0: 3 0x80001bb4 (0x8c9f4703) x14 0x000000e6 mem 0x800126a3
core   0: 0x80001bb8 (0xfc040603) lb      a2, -64(s0)
core   0: 3 0x80001bb8 (0xfc040603) x12 0xffffff8b mem 0x80010327
core   0: 0x80001bbc (0x04044783) lbu     a5, 64(s0)
core   0: 3 0x80001bbc (0x04044783) x15 0x00000062 mem 0x800103a7
core   0: 0x80001bc0 (0x00800c6f) jal     s8, pc + 0x8
core   0: 3 0x80001bc0 (0x00800c6f) x24 0x80001bc4
core   0: 0x80001bc8 (0x006000ef) jal     pc + 0x6
core   0: 3 0x80001bc8 (0x006000ef) x 1 0x80001bcc
core   0: 0x80001bce (0x0000bfdd) c.j     pc - 10
core   0: 3 0x80001bce (0xbfdd)
core   0: 0x80001bc4 (0x0120036f) jal     t1, pc + 0x12
core   0: 3 0x80001bc4 (0x0120036f) x 6 0x80001bc8
core   0: 0x80001bd6 (0xff7ff0ef) jal     pc - 0xa
core   0: 3 0x80001bd6 (0xff7ff0ef) x 1 0x80001bda
core   0: 0x80001bcc (0x00002801) c.jal   pc + 16
core   0: 3 0x80001bcc (0x2801) x 1 0x80001bce
core   0: 0x80001bdc (0x006000ef) jal     pc + 0x6
core   0: 3 0x80001bdc (0x006000ef) x 1 0x80001be0
core   0: 0x80001be2 (0x0000b7fd) c.j     pc - 18
core   0: 3 0x80001be2 (0xb7fd)
core   0: 0x80001bd0 (0x0000a811) c.j     pc + 20
core   0: 3 0x80001bd0 (0xa811)
core   0: 0x80001be4 (0x0000b7fd) c.j     pc - 18
core   0: 3 0x80001be4 (0xb7fd)
core   0: 0x80001bd2 (0x0080036f) jal     t1, pc + 0x8
core   0: 3 0x80001bd2 (0x0080036f) x 6 0x80001bd6
core   0: 0x80001bda (0x00002031) c.jal   pc + 12
core   0: 3 0x80001bda (0x2031) x 1 0x80001bdc
core   0: 0x80001be6 (0x0000bfed) c.j     pc - 6
core   0: 3 0x80001be6 (0xbfed)
core   0: 0x80001be0 (0x0000a021) c.j     pc + 8
core   0: 3 0x80001be0 (0xa021)
core   0: 0x80001be8 (0x00000705) c.addi  a4, 1
core   0: 3 0x80001be8 (0x0705) x14 0x000000e7
core   0: 0x80001bea (0x00017517) auipc   a0, 0x17
core   0: 3 0x80001bea (0x00017517) x10 0x80018bea
core   0: 0x80001bee (0xe6c50513) addi    a0, a0, -404
core   0: 3 0x80001bee (0xe6c50513) x10 0x80018a56
core   0: 0x80001bf2 (0x00d6cfb3) xor     t6, a3, a3
core   0: 3 0x80001bf2 (0x00d6cfb3) x31 0x00000000
core   0: 0x80001bf6 (0xfdf504a3) sb      t6, -55(a0)
core   0: 3 0x80001bf6 (0xfdf504a3) mem 0x80018a1f 0x0
core   0: 0x80001bfa (0xbc455003) lhu     zero, -1084(a0)
core   0: 3 0x80001bfa (0xbc455003) mem 0x8001861a
core   0: 0x80001bfe (0x0206b6b3) mulhu   a3, a3, zero
core   0: 3 0x80001bfe (0x0206b6b3) x13 0x00000000
core   0: 0x80001c02 (0xc3954003) lbu     zero, -967(a0)
core   0: 3 0x80001c02 (0xc3954003) mem 0x8001868f
core   0: 0x80001c06 (0x63d50ba3) sb      t4, 1591(a0)
core   0: 3 0x80001c06 (0x63d50ba3) mem 0x8001908d 0x80
core   0: 0x80001c0a (0xff554f83) lbu     t6, -11(a0)
core   0: 3 0x80001c0a (0xff554f83) x31 0x00000093 mem 0x80018a4b
core   0: 0x80001c0e (0x40d00033) sub     zero, zero, a3
core   0: 3 0x80001c0e (0x40d00033)
core   0: 0x80001c12 (0x68f50683) lb      a3, 1679(a0)
core   0: 3 0x80001c12 (0x68f50683) x13 0xfffffff1 mem 0x800190e5
core   0: 0x80001c16 (0x2fd506a3) sb      t4, 749(a0)
core   0: 3 0x80001c16 (0x2fd506a3) mem 0x80018d43 0x80
core   0: 0x80001c1a (0x000ff033) and     zero, t6, zero
core   0: 3 0x80001c1a (0x000ff033)
core   0: 0x80001c1e (0xc2d50423) sb      a3, -984(a0)
core   0: 3 0x80001c1e (0xc2d50423) mem 0x8001867e 0xf1
core   0: 0x80001c22 (0x00dfefb3) or      t6, t6, a3
core   0: 3 0x80001c22 (0x00dfefb3) x31 0xfffffff3
core   0: 0x80001c26 (0xa2254183) lbu     gp, -1502(a0)
core   0: 3 0x80001c26 (0xa2254183) x 3 0x00000000 mem 0x80018478
core   0: 0x80001c2a (0x89454f83) lbu     t6, -1900(a0)
core   0: 3 0x80001c2a (0x89454f83) x31 0x00000001 mem 0x800182ea
core   0: 0x80001c2e (0x0031dfb3) srl     t6, gp, gp
core   0: 3 0x80001c2e (0x0031dfb3) x31 0x00000000
core   0: 0x80001c32 (0xce750e83) lb      t4, -793(a0)
core   0: 3 0x80001c32 (0xce750e83) x29 0x00000049 mem 0x8001873d
core   0: 0x80001c36 (0x71954183) lbu     gp, 1817(a0)
core   0: 3 0x80001c36 (0x71954183) x 3 0x000000c3 mem 0x8001916f
core   0: 0x80001c3a (0xc0050683) lb      a3, -1024(a0)
core   0: 3 0x80001c3a (0xc0050683) x13 0xffffffe8 mem 0x80018656
core   0: 0x80001c3e (0x000096ae) c.add   a3, a1
core   0: 3 0x80001c3e (0x96ae) x13 0x000066f3
core   0: 0x80001c40 (0x01dfd6b3) srl     a3, t6, t4
core   0: 3 0x80001c40 (0x01dfd6b3) x13 0x00000000
core   0: 0x80001c44 (0x55950183) lb      gp, 1369(a0)
core   0: 3 0x80001c44 (0x55950183) x 3 0xffffffd4 mem 0x80018faf
core   0: 0x80001c48 (0x400006b3) sub     a3, zero, zero
core   0: 3 0x80001c48 (0x400006b3) x13 0x00000000
core   0: 0x80001c4c (0x03f6e033) rem     zero, a3, t6
core   0: 3 0x80001c4c (0x03f6e033)
core   0: 0x80001c50 (0xdcb50223) sb      a1, -572(a0)
core   0: 3 0x80001c50 (0xdcb50223) mem 0x8001881a 0xb
core   0: 0x80001c54 (0x4dd50183) lb      gp, 1245(a0)
core   0: 3 0x80001c54 (0x4dd50183) x 3 0x00000075 mem 0x80018f33
core   0: 0x80001c58 (0x0ff0000f) fence   iorw,iorw
core   0: 3 0x80001c58 (0x0ff0000f)
core   0: 0x80001c5c (0x00369eb3) sll     t4, a3, gp
core   0: 3 0x80001c5c (0x00369eb3) x29 0x00000000
core   0: 0x80001c60 (0x03d046b3) div     a3, zero, t4
core   0: 3 0x80001c60 (0x03d046b3) x13 0xffffffff
core   0: 0x80001c64 (0x04d50023) sb      a3, 64(a0)
core   0: 3 0x80001c64 (0x04d50023) mem 0x80018a96 0xff
core   0: 0x80001c68 (0x4db50183) lb      gp, 1243(a0)
core   0: 3 0x80001c68 (0x4db50183) x 3 0x0000002c mem 0x80018f31
core   0: 0x80001c6c (0x52b51e23) sh      a1, 1340(a0)
core   0: 3 0x80001c6c (0x52b51e23) mem 0x80018f92 0x670b
core   0: 0x80001c70 (0x401ed013) srai    zero, t4, 1
core   0: 3 0x80001c70 (0x401ed013)
core   0: 0x80001c74 (0x9c350183) lb      gp, -1597(a0)
core   0: 3 0x80001c74 (0x9c350183) x 3 0x0000004f mem 0x80018419
core   0: 0x80001c78 (0x02d051b3) divu    gp, zero, a3
core   0: 3 0x80001c78 (0x02d051b3) x 3 0x00000000
core   0: 0x80001c7c (0xbe6e5697) auipc   a3, 0xbe6e5
core   0: 3 0x80001c7c (0xbe6e5697) x13 0x3e6e6c7c
core   0: 0x80001c80 (0xcb354583) lbu     a1, -845(a0)
core   0: 3 0x80001c80 (0xcb354583) x11 0x0000001d mem 0x80018709
core   0: 0x80001c84 (0x65d503a3) sb      t4, 1607(a0)
core   0: 3 0x80001c84 (0x65d503a3) mem 0x8001909d 0x0
core   0: 0x80001c88 (0x404fdf93) srai    t6, t6, 4
core   0: 3 0x80001c88 (0x404fdf93) x31 0x00000000
core   0: 0x80001c8c (0x000045b3) xor     a1, zero, zero
core   0: 3 0x80001c8c (0x000045b3) x11 0x00000000
core   0: 0x80001c90 (0x000086b6) c.mv    a3, a3
core   0: 3 0x80001c90 (0x86b6) x13 0x3e6e6c7c
core   0: 0x80001c92 (0xa3f1f013) andi    zero, gp, -1473
core   0: 3 0x80001c92 (0xa3f1f013)
core   0: 0x80001c96 (0x01d59fb3) sll     t6, a1, t4
core   0: 3 0x80001c96 (0x01d59fb3) x31 0x00000000
core   0: 0x80001c9a (0x7e351c23) sh      gp, 2040(a0)
core   0: 3 0x80001c9a (0x7e351c23) mem 0x8001924e 0x0000
core   0: 0x80001c9e (0x5d950003) lb      zero, 1497(a0)
core   0: 3 0x80001c9e (0x5d950003) mem 0x8001902f
core   0: 0x80001ca2 (0x0001e797) auipc   a5, 0x1e
core   0: 3 0x80001ca2 (0x0001e797) x15 0x8001fca2
core   0: 0x80001ca6 (0xeef78793) addi    a5, a5, -273
core   0: 3 0x80001ca6 (0xeef78793) x15 0x8001fb91
core   0: 0x80001caa (0x0000f597) auipc   a1, 0xf
core   0: 3 0x80001caa (0x0000f597) x11 0x80010caa
core   0: 0x80001cae (0xba658593) addi    a1, a1, -1114
core   0: 3 0x80001cae (0xba658593) x11 0x80010850
core   0: 0x80001cb2 (0xfcc7c083) lbu     ra, -52(a5)
core   0: 3 0x80001cb2 (0xfcc7c083) x 1 0x000000d4 mem 0x8001fb5d
core   0: 0x80001cb6 (0x03d78f03) lb      t5, 61(a5)
core   0: 3 0x80001cb6 (0x03d78f03) x30 0xffffffad mem 0x8001fbce
core   0: 0x80001cba (0xf7a585a3) sb      s10, -149(a1)
core   0: 3 0x80001cba (0xf7a585a3) mem 0x800107bb 0x0
core   0: 0x80001cbe (0xfc078303) lb      t1, -64(a5)
core   0: 3 0x80001cbe (0xfc078303) x 6 0xffffff97 mem 0x8001fb51
core   0: 0x80001cc2 (0x00078603) lb      a2, 0(a5)
core   0: 3 0x80001cc2 (0x00078603) x12 0x0000006a mem 0x8001fb91
core   0: 0x80001cc6 (0x03379703) lh      a4, 51(a5)
core   0: 3 0x80001cc6 (0x03379703) x14 0xfffff619 mem 0x8001fbc4
core   0: 0x80001cca (0xfc47a5a3) sw      tp, -53(a5)
core   0: 3 0x80001cca (0xfc47a5a3) mem 0x8001fb5c 0x00007fc0
core   0: 0x80001cce (0xf8759a23) sh      t2, -108(a1)
core   0: 3 0x80001cce (0xf8759a23) mem 0x800107e4 0x66d6
core   0: 0x80001cd2 (0x03b5cd03) lbu     s10, 59(a1)
core   0: 3 0x80001cd2 (0x03b5cd03) x26 0x00000000 mem 0x8001088b
core   0: 0x80001cd6 (0x093587a3) sb      s3, 143(a1)
core   0: 3 0x80001cd6 (0x093587a3) mem 0x800108df 0xd0
core   0: 0x80001cda (0x05d5cf03) lbu     t5, 93(a1)
core   0: 3 0x80001cda (0x05d5cf03) x30 0x00000029 mem 0x800108ad
core   0: 0x80001cde (0x01178e03) lb      t3, 17(a5)
core   0: 3 0x80001cde (0x01178e03) x28 0x00000047 mem 0x8001fba2
core   0: 0x80001ce2 (0x03078c03) lb      s8, 48(a5)
core   0: 3 0x80001ce2 (0x03078c03) x24 0x00000005 mem 0x8001fbc1
core   0: 0x80001ce6 (0xfe078b83) lb      s7, -32(a5)
core   0: 3 0x80001ce6 (0xfe078b83) x23 0xffffffe2 mem 0x8001fb71
core   0: 0x80001cea (0x01358c83) lb      s9, 19(a1)
core   0: 3 0x80001cea (0x01358c83) x25 0xffffffbd mem 0x80010863
core   0: 0x80001cee (0x0000e117) auipc   sp, 0xe
core   0: 3 0x80001cee (0x0000e117) x 2 0x8000fcee
core   0: 0x80001cf2 (0x66710113) addi    sp, sp, 1639
core   0: 3 0x80001cf2 (0x66710113) x 2 0x80010355
core   0: 0x80001cf6 (0x00410403) lb      s0, 4(sp)
core   0: 3 0x80001cf6 (0x00410403) x 8 0xffffff80 mem 0x80010359
core   0: 0x80001cfa (0x02ee0ab3) mul     s5, t3, a4
core   0: 3 0x80001cfa (0x02ee0ab3) x21 0xfffd40ef
core   0: 0x80001cfe (0x875a8993) addi    s3, s5, -1931
core   0: 3 0x80001cfe (0x875a8993) x19 0xfffd3964
core   0: 0x80001d02 (0x0000999a) c.add   s3, t1
core   0: 3 0x80001d02 (0x999a) x19 0xfffd38fb
core   0: 0x80001d04 (0x00c10423) sb      a2, 8(sp)
core   0: 3 0x80001d04 (0x00c10423) mem 0x8001035d 0x6a
core   0: 0x80001d08 (0x00e29793) slli    a5, t0, 14
core   0: 3 0x80001d08 (0x00e29793) x15 0x0026c000
core   0: 0x80001d0c (0xffe10b03) lb      s6, -2(sp)
core   0: 3 0x80001d0c (0xffe10b03) x22 0x0000005a mem 0x80010353
core   0: 0x80001d10 (0x0199dcb3) srl     s9, s3, s9
core   0: 3 0x80001d10 (0x0199dcb3) x25 0x00000007
core   0: 0x80001d14 (0xff010383) lb      t2, -16(sp)
core   0: 3 0x80001d14 (0xff010383) x 7 0xffffffa3 mem 0x80010345
core   0: 0x80001d18 (0x001125a3) sw      ra, 11(sp)
core   0: 3 0x80001d18 (0x001125a3) mem 0x80010360 0x000000d4
core   0: 0x80001d1c (0x00a14203) lbu     tp, 10(sp)
core   0: 3 0x80001d1c (0x00a14203) x 4 0x000000ff mem 0x8001035f
core   0: 0x80001d20 (0x00008e19) c.sub   a2, a4
core   0: 3 0x80001d20 (0x8e19) x12 0x00000a51
core   0: 0x80001d22 (0x00e96d33) or      s10, s2, a4
core   0: 3 0x80001d22 (0x00e96d33) x26 0xfffff619
core   0: 0x80001d26 (0x000089e5) c.andi  a1, 25
core   0: 3 0x80001d26 (0x89e5) x11 0x00000010
core   0: 0x80001d28 (0xff810703) lb      a4, -8(sp)
core   0: 3 0x80001d28 (0xff810703) x14 0xffffffc3 mem 0x8001034d
core   0: 0x80001d2c (0x00008f05) c.sub   a4, s1
core   0: 3 0x80001d2c (0x8f05) x14 0x7ffd62df
core   0: 0x80001d2e (0x00b100a3) sb      a1, 1(sp)
core   0: 3 0x80001d2e (0x00b100a3) mem 0x80010356 0x10
core   0: 0x80001d32 (0x00008e91) c.sub   a3, a2
core   0: 3 0x80001d32 (0x8e91) x13 0x3e6e622b
core   0: 0x80001d34 (0x00210b83) lb      s7, 2(sp)
core   0: 3 0x80001d34 (0x00210b83) x23 0xffffffbf mem 0x80010357
core   0: 0x80001d38 (0x00008fc9) c.or    a5, a0
core   0: 3 0x80001d38 (0x8fc9) x15 0x8027ca56
core   0: 0x80001d3a (0x000081a9) c.srli  a1, 10
core   0: 3 0x80001d3a (0x81a9) x11 0x00000000
core   0: 0x80001d3c (0xffb12b03) lw      s6, -5(sp)
core   0: 3 0x80001d3c (0xffb12b03) x22 0x5abd9cdb mem 0x80010350
core   0: 0x80001d40 (0x00110123) sb      ra, 2(sp)
core   0: 3 0x80001d40 (0x00110123) mem 0x80010357 0xd4
core   0: 0x80001d44 (0x00414383) lbu     t2, 4(sp)
core   0: 3 0x80001d44 (0x00414383) x 7 0x00000080 mem 0x80010359
core   0: 0x80001d48 (0xffa10603) lb      a2, -6(sp)
core   0: 3 0x80001d48 (0xffa10603) x12 0x0000006b mem 0x8001034f
core   0: 0x80001d4c (0xff810a23) sb      s8, -12(sp)
core   0: 3 0x80001d4c (0xff810a23) mem 0x80010349 0x5
core   0: 0x80001d50 (0x00110523) sb      ra, 10(sp)
core   0: 3 0x80001d50 (0x00110523) mem 0x8001035f 0xd4
core   0: 0x80001d54 (0x00011697) auipc   a3, 0x11
core   0: 3 0x80001d54 (0x00011697) x13 0x80012d54
core   0: 0x80001d58 (0x12768693) addi    a3, a3, 295
core   0: 3 0x80001d58 (0x12768693) x13 0x80012e7b
core   0: 0x80001d5c (0xff468503) lb      a0, -12(a3)
core   0: 3 0x80001d5c (0xff468503) x10 0xffffffce mem 0x80012e6f
core   0: 0x80001d60 (0xffe6cc03) lbu     s8, -2(a3)
core   0: 3 0x80001d60 (0xffe6cc03) x24 0x000000c8 mem 0x80012e79
core   0: 0x80001d64 (0x00568e83) lb      t4, 5(a3)
core   0: 3 0x80001d64 (0x00568e83) x29 0x00000023 mem 0x80012e80
core   0: 0x80001d68 (0x035addb3) divu    s11, s5, s5
core   0: 3 0x80001d68 (0x035addb3) x27 0x00000001
core   0: 0x80001d6c (0x0000825d) c.srli  a2, 23
core   0: 3 0x80001d6c (0x825d) x12 0x00000000
core   0: 0x80001d6e (0x000089c9) c.andi  a1, 18
core   0: 3 0x80001d6e (0x89c9) x11 0x00000000
core   0: 0x80001d70 (0xffe68a83) lb      s5, -2(a3)
core   0: 3 0x80001d70 (0xffe68a83) x21 0xffffffc8 mem 0x80012e79
core   0: 0x80001d74 (0xbd815c97) auipc   s9, 0xbd815
core   0: 3 0x80001d74 (0xbd815c97) x25 0x3d816d74
core   0: 0x80001d78 (0x0016dd83) lhu     s11, 1(a3)
core   0: 3 0x80001d78 (0x0016dd83) x27 0x0000f1ce mem 0x80012e7c
core   0: 0x80001d7c (0xfe869fa3) sh      s0, -1(a3)
core   0: 3 0x80001d7c (0xfe869fa3) mem 0x80012e7a 0xff80
core   0: 0x80001d80 (0x00868103) lb      sp, 8(a3)
core   0: 3 0x80001d80 (0x00868103) x 2 0x0000005d mem 0x80012e83
core   0: 0x80001d84 (0x00008ffe) c.mv    t6, t6
core   0: 3 0x80001d84 (0x8ffe) x31 0x00000000
core   0: 0x80001d86 (0x03c09c33) mulh    s8, ra, t3
core   0: 3 0x80001d86 (0x03c09c33) x24 0x00000000
core   0: 0x80001d8a (0x00668823) sb      t1, 16(a3)
core   0: 3 0x80001d8a (0x00668823) mem 0x80012e8b 0x97
core   0: 0x80001d8e (0x00e695a3) sh      a4, 11(a3)
core   0: 3 0x80001d8e (0x00e695a3) mem 0x80012e86 0x62df
core   0: 0x80001d92 (0x03a731b3) mulhu   gp, a4, s10
core   0: 3 0x80001d92 (0x03a731b3) x 3 0x7ffd5deb
core   0: 0x80001d96 (0xd924cb93) xori    s7, s1, -622
core   0: 3 0x80001d96 (0xd924cb93) x23 0x7ffd6176
core   0: 0x80001d9a (0xfff6d883) lhu     a7, -1(a3)
core   0: 3 0x80001d9a (0xfff6d883) x17 0x0000ff80 mem 0x80012e7a
core   0: 0x80001d9e (0x0294eab3) rem     s5, s1, s1
core   0: 3 0x80001d9e (0x0294eab3) x21 0x00000000
core   0: 0x80001da2 (0x00004345) c.li    t1, 17
core   0: 3 0x80001da2 (0x4345) x 6 0x00000011
core   0: 0x80001da4 (0xd0968f13) addi    t5, a3, -759
core   0: 3 0x80001da4 (0xd0968f13) x30 0x80012b84
core   0: 0x80001da8 (0x00769603) lh      a2, 7(a3)
core   0: 3 0x80001da8 (0x00769603) x12 0x00005da4 mem 0x80012e82
core   0: 0x80001dac (0x00569883) lh      a7, 5(a3)
core   0: 3 0x80001dac (0x00569883) x17 0xffffca23 mem 0x80012e80
core   0: 0x80001db0 (0x00c68503) lb      a0, 12(a3)
core   0: 3 0x80001db0 (0x00c68503) x10 0x00000062 mem 0x80012e87
core   0: 0x80001db4 (0xfe368d23) sb      gp, -6(a3)
core   0: 3 0x80001db4 (0xfe368d23) mem 0x80012e75 0xeb
core   0: 0x80001db8 (0x60c6e017) auipc   zero, 0x60c6e
core   0: 3 0x80001db8 (0x60c6e017)
core   0: 0x80001dbc (0x9e748093) addi    ra, s1, -1561
core   0: 3 0x80001dbc (0x9e748093) x 1 0x800296cb
core   0: 0x80001dc0 (0x000088f2) c.mv    a7, t3
core   0: 3 0x80001dc0 (0x88f2) x17 0x00000047
core   0: 0x80001dc2 (0xf743c093) xori    ra, t2, -140
core   0: 3 0x80001dc2 (0xf743c093) x 1 0xfffffff4
core   0: 0x80001dc6 (0x00568323) sb      t0, 6(a3)
core   0: 3 0x80001dc6 (0x00568323) mem 0x80012e81 0x9b
core   0: 0x80001dca (0x00169403) lh      s0, 1(a3)
core   0: 3 0x80001dca (0x00169403) x 8 0xfffff1ce mem 0x80012e7c
core   0: 0x80001dce (0x00369503) lh      a0, 3(a3)
core   0: 3 0x80001dce (0x00369503) x10 0x00004732 mem 0x80012e7e
core   0: 0x80001dd2 (0x0000717d) c.addi16sp sp, -16
core   0: 3 0x80001dd2 (0x717d) x 2 0x0000004d
core   0: 0x80001dd4 (0xf142bb13) sltiu   s6, t0, -236
core   0: 3 0x80001dd4 (0xf142bb13) x22 0x00000001
core   0: 0x80001dd8 (0x00668123) sb      t1, 2(a3)
core   0: 3 0x80001dd8 (0x00668123) mem 0x80012e7d 0x11
core   0: 0x80001ddc (0xff468003) lb      zero, -12(a3)
core   0: 3 0x80001ddc (0xff468003) mem 0x80012e6f
core   0: 0x80001de0 (0x01768623) sb      s7, 12(a3)
core   0: 3 0x80001de0 (0x01768623) mem 0x80012e87 0x76
core   0: 0x80001de4 (0xff269ba3) sh      s2, -9(a3)
core   0: 3 0x80001de4 (0xff269ba3) mem 0x80012e72 0x0001
core   0: 0x80001de8 (0x0026c503) lbu     a0, 2(a3)
core   0: 3 0x80001de8 (0x0026c503) x10 0x00000011 mem 0x80012e7d
core   0: 0x80001dec (0x0000f917) auipc   s2, 0xf
core   0: 3 0x80001dec (0x0000f917) x18 0x80010dec
core   0: 0x80001df0 (0xf4290913) addi    s2, s2, -190
core   0: 3 0x80001df0 (0xf4290913) x18 0x80010d2e
core   0: 0x80001df4 (0x00012e97) auipc   t4, 0x12
core   0: 3 0x80001df4 (0x00012e97) x29 0x80013df4
core   0: 0x80001df8 (0x2dfe8e93) addi    t4, t4, 735
core   0: 3 0x80001df8 (0x2dfe8e93) x29 0x800140d3
core   0: 0x80001dfc (0xfdc90c83) lb      s9, -36(s2)
core   0: 3 0x80001dfc (0xfdc90c83) x25 0x00000025 mem 0x80010d0a
core   0: 0x80001e00 (0xfffe9e03) lh      t3, -1(t4)
core   0: 3 0x80001e00 (0xfffe9e03) x28 0xffffd547 mem 0x800140d2
core   0: 0x80001e04 (0xff0ec983) lbu     s3, -16(t4)
core   0: 3 0x80001e04 (0xff0ec983) x19 0x0000008d mem 0x800140c3
core   0: 0x80001e08 (0xff2ecc83) lbu     s9, -14(t4)
core   0: 3 0x80001e08 (0xff2ecc83) x25 0x000000dc mem 0x800140c5
core   0: 0x80001e0c (0x03890223) sb      s8, 36(s2)
core   0: 3 0x80001e0c (0x03890223) mem 0x80010d52 0x0
core   0: 0x80001e10 (0x019e8323) sb      s9, 6(t4)
core   0: 3 0x80001e10 (0x019e8323) mem 0x800140d9 0xdc
core   0: 0x80001e14 (0xff7e8e23) sb      s7, -4(t4)
core   0: 3 0x80001e14 (0xff7e8e23) mem 0x800140cf 0x76
core   0: 0x80001e18 (0x03a92983) lw      s3, 58(s2)
core   0: 3 0x80001e18 (0x03a92983) x19 0x4fc39019 mem 0x80010d68
core   0: 0x80001e1c (0xffae8783) lb      a5, -6(t4)
core   0: 3 0x80001e1c (0xffae8783) x15 0xffffff99 mem 0x800140cd
core   0: 0x80001e20 (0xff291623) sh      s2, -20(s2)
core   0: 3 0x80001e20 (0xff291623) mem 0x80010d1a 0x0d2e
core   0: 0x80001e24 (0x008ec703) lbu     a4, 8(t4)
core   0: 3 0x80001e24 (0x008ec703) x14 0x00000092 mem 0x800140db
core   0: 0x80001e28 (0x023907a3) sb      gp, 47(s2)
core   0: 3 0x80001e28 (0x023907a3) mem 0x80010d5d 0xeb
core   0: 0x80001e2c (0xff7e9683) lh      a3, -9(t4)
core   0: 3 0x80001e2c (0xff7e9683) x13 0x00003b49 mem 0x800140ca
core   0: 0x80001e30 (0x03390583) lb      a1, 51(s2)
core   0: 3 0x80001e30 (0x03390583) x11 0x0000007e mem 0x80010d61
core   0: 0x80001e34 (0x00011797) auipc   a5, 0x11
core   0: 3 0x80001e34 (0x00011797) x15 0x80012e34
core   0: 0x80001e38 (0x43978793) addi    a5, a5, 1081
core   0: 3 0x80001e38 (0x43978793) x15 0x8001326d
core   0: 0x80001e3c (0x0000eb17) auipc   s6, 0xe
core   0: 3 0x80001e3c (0x0000eb17) x22 0x8000fe3c
core   0: 0x80001e40 (0x459b0b13) addi    s6, s6, 1113
core   0: 3 0x80001e40 (0x459b0b13) x22 0x80010295
core   0: 0x80001e44 (0xf1e7c883) lbu     a7, -226(a5)
core   0: 3 0x80001e44 (0xf1e7c883) x17 0x000000a5 mem 0x8001318b
core   0: 0x80001e48 (0x0767c603) lbu     a2, 118(a5)
core   0: 3 0x80001e48 (0x0767c603) x12 0x0000008a mem 0x800132e3
core   0: 0x80001e4c (0x004b4583) lbu     a1, 4(s6)
core   0: 3 0x80001e4c (0x004b4583) x11 0x00000035 mem 0x80010299
core   0: 0x80001e50 (0xf2b78823) sb      a1, -208(a5)
core   0: 3 0x80001e50 (0xf2b78823) mem 0x8001319d 0x35
core   0: 0x80001e54 (0xf4278e03) lb      t3, -190(a5)
core   0: 3 0x80001e54 (0xf4278e03) x28 0x00000031 mem 0x800131af
core   0: 0x80001e58 (0x02579383) lh      t2, 37(a5)
core   0: 3 0x80001e58 (0x02579383) x 7 0xffff97c7 mem 0x80013292
core   0: 0x80001e5c (0x005b5903) lhu     s2, 5(s6)
core   0: 3 0x80001e5c (0x005b5903) x18 0x0000d4dd mem 0x8001029a
core   0: 0x80001e60 (0xf9278403) lb      s0, -110(a5)
core   0: 3 0x80001e60 (0xf9278403) x 8 0xfffffff1 mem 0x800131ff
core   0: 0x80001e64 (0xff0b0383) lb      t2, -16(s6)
core   0: 3 0x80001e64 (0xff0b0383) x 7 0x00000057 mem 0x80010285
core   0: 0x80001e68 (0xf7f78023) sb      t6, -160(a5)
core   0: 3 0x80001e68 (0xf7f78023) mem 0x800131cd 0x0
core   0: 0x80001e6c (0x0387cc83) lbu     s9, 56(a5)
core   0: 3 0x80001e6c (0x0387cc83) x25 0x00000022 mem 0x800132a5
core   0: 0x80001e70 (0xfefb0fa3) sb      a5, -1(s6)
core   0: 3 0x80001e70 (0xfefb0fa3) mem 0x80010294 0x6d
core   0: 0x80001e74 (0xffdb1ea3) sh      t4, -3(s6)
core   0: 3 0x80001e74 (0xffdb1ea3) mem 0x80010292 0x40d3
core   0: 0x80001e78 (0x00600793) li      a5, 6
core   0: 3 0x80001e78 (0x00600793) x15 0x00000006
core   0: 0x80001e7c (0x00008db9) c.xor   a1, a4
core   0: 3 0x80001e7c (0x8db9) x11 0x000000a7
core   0: 0x80001e7e (0x013d31b3) sltu    gp, s10, s3
core   0: 3 0x80001e7e (0x013d31b3) x 3 0x00000000
core   0: 0x80001e82 (0x00000001) c.nop
core   0: 3 0x80001e82 (0x0001)
core   0: 0x80001e84 (0x00000001) c.nop
core   0: 3 0x80001e84 (0x0001)
core   0: 0x80001e86 (0x03450033) mul     zero, a0, s4
core   0: 3 0x80001e86 (0x03450033)
core   0: 0x80001e8a (0x00800693) li      a3, 8
core   0: 3 0x80001e8a (0x00800693) x13 0x00000008
core   0: 0x80001e8e (0x40b18033) sub     zero, gp, a1
core   0: 3 0x80001e8e (0x40b18033)
core   0: 0x80001e92 (0x02d14fb3) div     t6, sp, a3
core   0: 3 0x80001e92 (0x02d14fb3) x31 0x00000009
core   0: 0x80001e96 (0x003949b3) xor     s3, s2, gp
core   0: 3 0x80001e96 (0x003949b3) x19 0x0000d4dd
core   0: 0x80001e9a (0x00000001) c.nop
core   0: 3 0x80001e9a (0x0001)
core   0: 0x80001e9c (0x0153cb33) xor     s6, t2, s5
core   0: 3 0x80001e9c (0x0153cb33) x22 0x00000057
core   0: 0x80001ea0 (0x00009572) c.add   a0, t3
core   0: 3 0x80001ea0 (0x9572) x10 0x00000042
core   0: 0x80001ea2 (0x0000078d) c.addi  a5, 3
core   0: 3 0x80001ea2 (0x078d) x15 0x00000009
core   0: 0x80001ea4 (0x00009a7d) c.andi  a2, -1
core   0: 3 0x80001ea4 (0x9a7d) x12 0x0000008a
core   0: 0x80001ea6 (0x00009f1a) c.add   t5, t1
core   0: 3 0x80001ea6 (0x9f1a) x30 0x80012b95
core   0: 0x80001ea8 (0xfed7eae3) bltu    a5, a3, pc - 12
core   0: 3 0x80001ea8 (0xfed7eae3)
core   0: 0x80001eac (0x000090c2) c.add   ra, a6
core   0: 3 0x80001eac (0x90c2) x 1 0x80025e58
core   0: 0x80001eae (0x0000f617) auipc   a2, 0xf
core   0: 3 0x80001eae (0x0000f617) x12 0x80010eae
core   0: 0x80001eb2 (0x7d360613) addi    a2, a2, 2003
core   0: 3 0x80001eb2 (0x7d360613) x12 0x80011681
core   0: 0x80001eb6 (0xfe260d83) lb      s11, -30(a2)
core   0: 3 0x80001eb6 (0xfe260d83) x27 0xffffffbf mem 0x80011663
core   0: 0x80001eba (0xfe260403) lb      s0, -30(a2)
core   0: 3 0x80001eba (0xfe260403) x 8 0xffffffbf mem 0x80011663
core   0: 0x80001ebe (0xf1660623) sb      s6, -244(a2)
core   0: 3 0x80001ebe (0xf1660623) mem 0x8001158d 0x57
core   0: 0x80001ec2 (0xf0c60f83) lb      t6, -244(a2)
core   0: 3 0x80001ec2 (0xf0c60f83) x31 0x00000057 mem 0x8001158d
core   0: 0x80001ec6 (0xa28a0713) addi    a4, s4, -1496
core   0: 3 0x80001ec6 (0xa28a0713) x14 0x7ffffa28
core   0: 0x80001eca (0xf0c60283) lb      t0, -244(a2)
core   0: 3 0x80001eca (0xf0c60283) x 5 0x00000057 mem 0x8001158d
core   0: 0x80001ece (0x00565a83) lhu     s5, 5(a2)
core   0: 3 0x80001ece (0x00565a83) x21 0x0000002a mem 0x80011686
core   0: 0x80001ed2 (0xf8f64703) lbu     a4, -113(a2)
core   0: 3 0x80001ed2 (0xf8f64703) x14 0x0000001d mem 0x80011610
core   0: 0x80001ed6 (0x41150233) sub     tp, a0, a7
core   0: 3 0x80001ed6 (0x41150233) x 4 0xffffff9d
core   0: 0x80001eda (0xff060683) lb      a3, -16(a2)
core   0: 3 0x80001eda (0xff060683) x13 0x00000033 mem 0x80011671
core   0: 0x80001ede (0x06864e03) lbu     t3, 104(a2)
core   0: 3 0x80001ede (0x06864e03) x28 0x00000022 mem 0x800116e9
core   0: 0x80001ee2 (0x0b460e23) sb      s4, 188(a2)
core   0: 3 0x80001ee2 (0x0b460e23) mem 0x8001173d 0x0
core   0: 0x80001ee6 (0x0bc60783) lb      a5, 188(a2)
core   0: 3 0x80001ee6 (0x0bc60783) x15 0x00000000 mem 0x8001173d
core   0: 0x80001eea (0x000006de) c.slli  a3, 23
core   0: 3 0x80001eea (0x06de) x13 0x19800000
core   0: 0x80001eec (0x0e464c03) lbu     s8, 228(a2)
core   0: 3 0x80001eec (0x0e464c03) x24 0x0000008b mem 0x80011765
core   0: 0x80001ef0 (0x01d60103) lb      sp, 29(a2)
core   0: 3 0x80001ef0 (0x01d60103) x 2 0x00000018 mem 0x8001169e
core   0: 0x80001ef4 (0x000061e9) c.lui   gp, 0x1a
core   0: 3 0x80001ef4 (0x61e9) x 3 0x0001a000
core   0: 0x80001ef6 (0x00b61b83) lh      s7, 11(a2)
core   0: 3 0x80001ef6 (0x00b61b83) x23 0xffffa3bb mem 0x8001168c
core   0: 0x80001efa (0x011605a3) sb      a7, 11(a2)
core   0: 3 0x80001efa (0x011605a3) mem 0x8001168c 0xa5
core   0: 0x80001efe (0x00b65983) lhu     s3, 11(a2)
core   0: 3 0x80001efe (0x00b65983) x19 0x0000a3a5 mem 0x8001168c
core   0: 0x80001f02 (0x0c460b83) lb      s7, 196(a2)
core   0: 3 0x80001f02 (0x0c460b83) x23 0x0000002b mem 0x80011745
core   0: 0x80001f06 (0x00011117) auipc   sp, 0x11
core   0: 3 0x80001f06 (0x00011117) x 2 0x80012f06
core   0: 0x80001f0a (0x8e910113) addi    sp, sp, -1815
core   0: 3 0x80001f0a (0x8e910113) x 2 0x800127ef
core   0: 0x80001f0e (0x12410683) lb      a3, 292(sp)
core   0: 3 0x80001f0e (0x12410683) x13 0xffffff99 mem 0x80012913
core   0: 0x80001f12 (0x67814883) lbu     a7, 1656(sp)
core   0: 3 0x80001f12 (0x67814883) x17 0x0000005f mem 0x80012e67
core   0: 0x80001f16 (0x70d15e83) lhu     t4, 1805(sp)
core   0: 3 0x80001f16 (0x70d15e83) x29 0x00008935 mem 0x80012efc
core   0: 0x80001f1a (0x0000527d) c.li    tp, -1
core   0: 3 0x80001f1a (0x527d) x 4 0xffffffff
core   0: 0x80001f1c (0x000015fd) c.addi  a1, -1
core   0: 3 0x80001f1c (0x15fd) x11 0x000000a6
core   0: 0x80001f1e (0x0063b333) sltu    t1, t2, t1
core   0: 3 0x80001f1e (0x0063b333) x 6 0x00000000
core   0: 0x80001f22 (0x15c10f23) sb      t3, 350(sp)
core   0: 3 0x80001f22 (0x15c10f23) mem 0x8001294d 0x22
core   0: 0x80001f26 (0x0ff0000f) fence   iorw,iorw
core   0: 3 0x80001f26 (0x0ff0000f)
core   0: 0x80001f2a (0x02cb8333) mul     t1, s7, a2
core   0: 3 0x80001f2a (0x02cb8333) x 6 0x802ec7ab
core   0: 0x80001f2e (0x255119a3) sh      s5, 595(sp)
core   0: 3 0x80001f2e (0x255119a3) mem 0x80012a42 0x002a
core   0: 0x80001f32 (0xe8b11f03) lh      t5, -373(sp)
core   0: 3 0x80001f32 (0xe8b11f03) x30 0x00000aa6 mem 0x8001267a
core   0: 0x80001f36 (0x00000acd) c.addi  s5, 19
core   0: 3 0x80001f36 (0x0acd) x21 0x0000003d
core   0: 0x80001f38 (0x1b111aa3) sh      a7, 437(sp)
core   0: 3 0x80001f38 (0x1b111aa3) mem 0x800129a4 0x005f
core   0: 0x80001f3c (0x00c70c33) add     s8, a4, a2
core   0: 3 0x80001f3c (0x00c70c33) x24 0x8001169e
core   0: 0x80001f40 (0xf9e102a3) sb      t5, -123(sp)
core   0: 3 0x80001f40 (0xf9e102a3) mem 0x80012774 0xa6
core   0: 0x80001f44 (0x03e87733) remu    a4, a6, t5
core   0: 3 0x80001f44 (0x03e87733) x14 0x000002a2
core   0: 0x80001f48 (0x7f014083) lbu     ra, 2032(sp)
core   0: 3 0x80001f48 (0x7f014083) x 1 0x0000006c mem 0x80012fdf
core   0: 0x80001f4c (0x01675a93) srli    s5, a4, 22
core   0: 3 0x80001f4c (0x01675a93) x21 0x00000000
core   0: 0x80001f50 (0x55315203) lhu     tp, 1363(sp)
core   0: 3 0x80001f50 (0x55315203) x 4 0x0000f5d6 mem 0x80012d42
core   0: 0x80001f54 (0x1416bc37) lui     s8, 0x1416b
core   0: 3 0x80001f54 (0x1416bc37) x24 0x1416b000
core   0: 0x80001f58 (0x2550a217) auipc   tp, 0x2550a
core   0: 3 0x80001f58 (0x2550a217) x 4 0xa550bf58
core   0: 0x80001f5c (0x8f112903) lw      s2, -1807(sp)
core   0: 3 0x80001f5c (0x8f112903) x18 0xfaa6de02 mem 0x800120e0
core   0: 0x80001f60 (0x01f91b93) slli    s7, s2, 31
core   0: 3 0x80001f60 (0x01f91b93) x23 0x00000000
core   0: 0x80001f64 (0x03d35333) divu    t1, t1, t4
core   0: 3 0x80001f64 (0x03d35333) x 6 0x0000ef29
core   0: 0x80001f68 (0x442106a3) sb      sp, 1101(sp)
core   0: 3 0x80001f68 (0x442106a3) mem 0x80012c3c 0xef
core   0: 0x80001f6c (0x40618bb3) sub     s7, gp, t1
core   0: 3 0x80001f6c (0x40618bb3) x23 0x0000b0d7
core   0: 0x80001f70 (0x00f722b3) slt     t0, a4, a5
core   0: 3 0x80001f70 (0x00f722b3) x 5 0x00000000
core   0: 0x80001f74 (0x01ceac33) slt     s8, t4, t3
core   0: 3 0x80001f74 (0x01ceac33) x24 0x00000000
core   0: 0x80001f78 (0xf907c013) xori    zero, a5, -112
core   0: 3 0x80001f78 (0xf907c013)
core   0: 0x80001f7c (0x0000847d) c.srai  s0, 31
core   0: 3 0x80001f7c (0x847d) x 8 0xffffffff
core   0: 0x80001f7e (0x000003d2) c.slli  t2, 20
core   0: 3 0x80001f7e (0x03d2) x 7 0x05700000
core   0: 0x80001f80 (0x00004bd9) c.li    s7, 22
core   0: 3 0x80001f80 (0x4bd9) x23 0x00000016
core   0: 0x80001f82 (0xb2014f83) lbu     t6, -1248(sp)
core   0: 3 0x80001f82 (0xb2014f83) x31 0x000000d3 mem 0x8001230f
core   0: 0x80001f86 (0x02630433) mul     s0, t1, t1
core   0: 3 0x80001f86 (0x02630433) x 8 0xdf6d9491
core   0: 0x80001f8a (0x6614fe17) auipc   t3, 0x6614f
core   0: 3 0x80001f8a (0x6614fe17) x28 0xe6150f8a
core   0: 0x80001f8e (0x59210983) lb      s3, 1426(sp)
core   0: 3 0x80001f8e (0x59210983) x19 0x0000004d mem 0x80012d81
core   0: 0x80001f92 (0x00008e65) c.and   a2, s1
core   0: 3 0x80001f92 (0x8e65) x12 0x80001480
core   0: 0x80001f94 (0x4dfbcb13) xori    s6, s7, 1247
core   0: 3 0x80001f94 (0x4dfbcb13) x22 0x000004c9
core   0: 0x80001f98 (0x30410823) sb      tp, 784(sp)
core   0: 3 0x80001f98 (0x30410823) mem 0x80012aff 0x58
core   0: 0x80001f9c (0x00015117) auipc   sp, 0x15
core   0: 3 0x80001f9c (0x00015117) x 2 0x80016f9c
core   0: 0x80001fa0 (0x41110113) addi    sp, sp, 1041
core   0: 3 0x80001fa0 (0x41110113) x 2 0x800173ad
core   0: 0x80001fa4 (0xd5514d03) lbu     s10, -683(sp)
core   0: 3 0x80001fa4 (0xd5514d03) x26 0x00000059 mem 0x80017102
core   0: 0x80001fa8 (0x00dea8b3) slt     a7, t4, a3
core   0: 3 0x80001fa8 (0x00dea8b3) x17 0x00000000
core   0: 0x80001fac (0x49010583) lb      a1, 1168(sp)
core   0: 3 0x80001fac (0x49010583) x11 0x00000079 mem 0x8001783d
core   0: 0x80001fb0 (0x20e10e83) lb      t4, 526(sp)
core   0: 3 0x80001fb0 (0x20e10e83) x29 0x0000003d mem 0x800175bb
core   0: 0x80001fb4 (0x4da14e83) lbu     t4, 1242(sp)
core   0: 3 0x80001fb4 (0x4da14e83) x29 0x000000de mem 0x80017887
core   0: 0x80001fb8 (0x00009ec6) c.add   t4, a7
core   0: 3 0x80001fb8 (0x9ec6) x29 0x000000de
core   0: 0x80001fba (0x71110423) sb      a7, 1800(sp)
core   0: 3 0x80001fba (0x71110423) mem 0x80017ab5 0x0
core   0: 0x80001fbe (0xa8f10923) sb      a5, -1390(sp)
core   0: 3 0x80001fbe (0xa8f10923) mem 0x80016e3f 0x0
core   0: 0x80001fc2 (0x00009d6a) c.add   s10, s10
core   0: 3 0x80001fc2 (0x9d6a) x26 0x000000b2
core   0: 0x80001fc4 (0xd5214e83) lbu     t4, -686(sp)
core   0: 3 0x80001fc4 (0xd5214e83) x29 0x00000073 mem 0x800170ff
core   0: 0x80001fc8 (0x00f5fd33) and     s10, a1, a5
core   0: 3 0x80001fc8 (0x00f5fd33) x26 0x00000000
core   0: 0x80001fcc (0x00008e8d) c.sub   a3, a1
core   0: 3 0x80001fcc (0x8e8d) x13 0xffffff20
core   0: 0x80001fce (0xfdb15683) lhu     a3, -37(sp)
core   0: 3 0x80001fce (0xfdb15683) x13 0x0000fedb mem 0x80017388
core   0: 0x80001fd2 (0x00001d7d) c.addi  s10, -1
core   0: 3 0x80001fd2 (0x1d7d) x26 0xffffffff
core   0: 0x80001fd4 (0x0317aeb3) mulhsu  t4, a5, a7
core   0: 3 0x80001fd4 (0x0317aeb3) x29 0x00000000
core   0: 0x80001fd8 (0x41a5dd33) sra     s10, a1, s10
core   0: 3 0x80001fd8 (0x41a5dd33) x26 0x00000000
core   0: 0x80001fdc (0x000086a1) c.srai  a3, 8
core   0: 3 0x80001fdc (0x86a1) x13 0x000000fe
core   0: 0x80001fde (0x7bd10783) lb      a5, 1981(sp)
core   0: 3 0x80001fde (0x7bd10783) x15 0x00000057 mem 0x80017b6a
core   0: 0x80001fe2 (0x00000001) c.nop
core   0: 3 0x80001fe2 (0x0001)
core   0: 0x80001fe4 (0x03dd48b3) div     a7, s10, t4
core   0: 3 0x80001fe4 (0x03dd48b3) x17 0xffffffff
core   0: 0x80001fe8 (0x01a6ad33) slt     s10, a3, s10
core   0: 3 0x80001fe8 (0x01a6ad33) x26 0x00000000
core   0: 0x80001fec (0x7d315883) lhu     a7, 2003(sp)
core   0: 3 0x80001fec (0x7d315883) x17 0x00006b57 mem 0x80017b80
core   0: 0x80001ff0 (0xb2715883) lhu     a7, -1241(sp)
core   0: 3 0x80001ff0 (0xb2715883) x17 0x00002b7d mem 0x80016ed4
core   0: 0x80001ff4 (0x9b210d03) lb      s10, -1614(sp)
core   0: 3 0x80001ff4 (0x9b210d03) x26 0xffffffa7 mem 0x80016d5f
core   0: 0x80001ff8 (0x000089cd) c.andi  a1, 19
core   0: 3 0x80001ff8 (0x89cd) x11 0x00000011
core   0: 0x80001ffa (0x26d15e83) lhu     t4, 621(sp)
core   0: 3 0x80001ffa (0x26d15e83) x29 0x0000454d mem 0x8001761a
core   0: 0x80001ffe (0x0e410e83) lb      t4, 228(sp)
core   0: 3 0x80001ffe (0x0e410e83) x29 0xffffff89 mem 0x80017491
core   0: 0x80002002 (0x83c36d17) auipc   s10, 0x83c36
core   0: 3 0x80002002 (0x83c36d17) x26 0x03c38002
core   0: 0x80002006 (0x49a10883) lb      a7, 1178(sp)
core   0: 3 0x80002006 (0x49a10883) x17 0x0000004c mem 0x80017847
core   0: 0x8000200a (0x28f10823) sb      a5, 656(sp)
core   0: 3 0x8000200a (0x28f10823) mem 0x8001763d 0x57
core   0: 0x8000200e (0x00008df5) c.and   a1, a3
core   0: 3 0x8000200e (0x8df5) x11 0x00000010
core   0: 0x80002010 (0x6f48ce93) xori    t4, a7, 1780
core   0: 3 0x80002010 (0x6f48ce93) x29 0x000006b8
core   0: 0x80002014 (0x00bd56b3) srl     a3, s10, a1
core   0: 3 0x80002014 (0x00bd56b3) x13 0x000003c3
core   0: 0x80002018 (0x9ad115a3) sh      a3, -1621(sp)
core   0: 3 0x80002018 (0x9ad115a3) mem 0x80016d58 0x03c3
core   0: 0x8000201c (0x0001a317) auipc   t1, 0x1a
core   0: 3 0x8000201c (0x0001a317) x 6 0x8001c01c
core   0: 0x80002020 (0xcd230313) addi    t1, t1, -814
core   0: 3 0x80002020 (0xcd230313) x 6 0x8001bcee
core   0: 0x80002024 (0x0000fb97) auipc   s7, 0xf
core   0: 3 0x80002024 (0x0000fb97) x23 0x80011024
core   0: 0x80002028 (0xdc1b8b93) addi    s7, s7, -575
core   0: 3 0x80002028 (0xdc1b8b93) x23 0x80010de5
core   0: 0x8000202c (0xffb30283) lb      t0, -5(t1)
core   0: 3 0x8000202c (0xffb30283) x 5 0x0000003c mem 0x8001bce9
core   0: 0x80002030 (0xfe6b9ea3) sh      t1, -3(s7)
core   0: 3 0x80002030 (0xfe6b9ea3) mem 0x80010de2 0xbcee
core   0: 0x80002034 (0x01b34d83) lbu     s11, 27(t1)
core   0: 3 0x80002034 (0x01b34d83) x27 0x000000ac mem 0x8001bd09
core   0: 0x80002038 (0x00eb8223) sb      a4, 4(s7)
core   0: 3 0x80002038 (0x00eb8223) mem 0x80010de9 0xa2
core   0: 0x8000203c (0x01b34e03) lbu     t3, 27(t1)
core   0: 3 0x8000203c (0x01b34e03) x28 0x000000ac mem 0x8001bd09
core   0: 0x80002040 (0xfedb8ba3) sb      a3, -9(s7)
core   0: 3 0x80002040 (0xfedb8ba3) mem 0x80010ddc 0xc3
core   0: 0x80002044 (0xfe334c83) lbu     s9, -29(t1)
core   0: 3 0x80002044 (0xfe334c83) x25 0x000000ee mem 0x8001bcd1
core   0: 0x80002048 (0x03b301a3) sb      s11, 35(t1)
core   0: 3 0x80002048 (0x03b301a3) mem 0x8001bd11 0xac
core   0: 0x8000204c (0xffab99a3) sh      s10, -13(s7)
core   0: 3 0x8000204c (0xffab99a3) mem 0x80010dd8 0x8002
core   0: 0x80002050 (0x01031c23) sh      a6, 24(t1)
core   0: 3 0x80002050 (0x01031c23) mem 0x8001bd06 0x5e64
core   0: 0x80002054 (0x00fb9783) lh      a5, 15(s7)
core   0: 3 0x80002054 (0x00fb9783) x15 0x000061b8 mem 0x80010df4
core   0: 0x80002058 (0x03c31223) sh      t3, 36(t1)
core   0: 3 0x80002058 (0x03c31223) mem 0x8001bd12 0x00ac
core   0: 0x8000205c (0xff0b8383) lb      t2, -16(s7)
core   0: 3 0x8000205c (0xff0b8383) x 7 0xffffffba mem 0x80010dd5
core   0: 0x80002060 (0xfcf31323) sh      a5, -58(t1)
core   0: 3 0x80002060 (0xfcf31323) mem 0x8001bcb4 0x61b8
core   0: 0x80002064 (0xff3b99a3) sh      s3, -13(s7)
core   0: 3 0x80002064 (0xff3b99a3) mem 0x80010dd8 0x004d
core   0: 0x80002068 (0x02a00c6f) jal     s8, pc + 0x2a
core   0: 3 0x80002068 (0x02a00c6f) x24 0x8000206c
core   0: 0x80002092 (0x000037ed) c.jal   pc - 22
core   0: 3 0x80002092 (0x37ed) x 1 0x80002094
core   0: 0x8000207c (0x006000ef) jal     pc + 0x6
core   0: 3 0x8000207c (0x006000ef) x 1 0x80002080
core   0: 0x80002082 (0xfffff0ef) jal     pc - 0x2
core   0: 3 0x80002082 (0xfffff0ef) x 1 0x80002086
core   0: 0x80002080 (0x00003fdd) c.jal   pc - 10
core   0: 3 0x80002080 (0x3fdd) x 1 0x80002082
core   0: 0x80002076 (0x00003fdd) c.jal   pc - 10
core   0: 3 0x80002076 (0x3fdd) x 1 0x80002078
core   0: 0x8000206c (0x00002009) c.jal   pc + 2
core   0: 3 0x8000206c (0x2009) x 1 0x8000206e
core   0: 0x8000206e (0x0000a009) c.j     pc + 2
core   0: 3 0x8000206e (0xa009)
core   0: 0x80002070 (0x00002829) c.jal   pc + 26
core   0: 3 0x80002070 (0x2829) x 1 0x80002072
core   0: 0x8000208a (0x0000bff5) c.j     pc - 4
core   0: 3 0x8000208a (0xbff5)
core   0: 0x80002086 (0x0000a029) c.j     pc + 10
core   0: 3 0x80002086 (0xa029)
core   0: 0x80002090 (0x0000b7cd) c.j     pc - 30
core   0: 3 0x80002090 (0xb7cd)
core   0: 0x80002072 (0x016006ef) jal     a3, pc + 0x16
core   0: 3 0x80002072 (0x016006ef) x13 0x80002076
core   0: 0x80002088 (0x0000a019) c.j     pc + 6
core   0: 3 0x80002088 (0xa019)
core   0: 0x8000208e (0x000037ed) c.jal   pc - 22
core   0: 3 0x8000208e (0x37ed) x 1 0x80002090
core   0: 0x80002078 (0x0140036f) jal     t1, pc + 0x14
core   0: 3 0x80002078 (0x0140036f) x 6 0x8000207c
core   0: 0x8000208c (0x0000a021) c.j     pc + 8
core   0: 3 0x8000208c (0xa021)
core   0: 0x80002094 (0x01b0f533) and     a0, ra, s11
core   0: 3 0x80002094 (0x01b0f533) x10 0x00000080
core   0: 0x80002098 (0x00010e97) auipc   t4, 0x10
core   0: 3 0x80002098 (0x00010e97) x29 0x80012098
core   0: 0x8000209c (0x4d4e8e93) addi    t4, t4, 1236
core   0: 3 0x8000209c (0x4d4e8e93) x29 0x8001256c
core   0: 0x800020a0 (0xfc3e8503) lb      a0, -61(t4)
core   0: 3 0x800020a0 (0xfc3e8503) x10 0xffffff93 mem 0x8001252f
core   0: 0x800020a4 (0xfc9e8d03) lb      s10, -55(t4)
core   0: 3 0x800020a4 (0xfc9e8d03) x26 0x00000048 mem 0x80012535
core   0: 0x800020a8 (0x0000fb17) auipc   s6, 0xf
core   0: 3 0x800020a8 (0x0000fb17) x22 0x800110a8
core   0: 0x800020ac (0xde1b0b13) addi    s6, s6, -543
core   0: 3 0x800020ac (0xde1b0b13) x22 0x80010e89
core   0: 0x800020b0 (0x02eb13a3) sh      a4, 39(s6)
core   0: 3 0x800020b0 (0x02eb13a3) mem 0x80010eb0 0x02a2
core   0: 0x800020b4 (0xffee8d83) lb      s11, -2(t4)
core   0: 3 0x800020b4 (0xffee8d83) x27 0xffffff8e mem 0x8001256a
core   0: 0x800020b8 (0x03ce8ba3) sb      t3, 55(t4)
core   0: 3 0x800020b8 (0x03ce8ba3) mem 0x800125a3 0xac
core   0: 0x800020bc (0xfc7b1d83) lh      s11, -57(s6)
core   0: 3 0x800020bc (0xfc7b1d83) x27 0xffffafc1 mem 0x80010e50
core   0: 0x800020c0 (0x003e89a3) sb      gp, 19(t4)
core   0: 3 0x800020c0 (0x003e89a3) mem 0x8001257f 0x0
core   0: 0x800020c4 (0xffbe83a3) sb      s11, -25(t4)
core   0: 3 0x800020c4 (0xffbe83a3) mem 0x80012553 0xc1
core   0: 0x800020c8 (0xfe0b4183) lbu     gp, -32(s6)
core   0: 3 0x800020c8 (0xfe0b4183) x 3 0x00000053 mem 0x80010e69
core   0: 0x800020cc (0xfc8ec303) lbu     t1, -56(t4)
core   0: 3 0x800020cc (0xfc8ec303) x 6 0x00000010 mem 0x80012534
core   0: 0x800020d0 (0x02bb10a3) sh      a1, 33(s6)
core   0: 3 0x800020d0 (0x02bb10a3) mem 0x80010eaa 0x0010
core   0: 0x800020d4 (0x039e8d03) lb      s10, 57(t4)
core   0: 3 0x800020d4 (0x039e8d03) x26 0xffffff88 mem 0x800125a5
core   0: 0x800020d8 (0x052ea023) sw      s2, 64(t4)
core   0: 3 0x800020d8 (0x052ea023) mem 0x800125ac 0xfaa6de02
core   0: 0x800020dc (0x028edc83) lhu     s9, 40(t4)
core   0: 3 0x800020dc (0x028edc83) x25 0x0000cc66 mem 0x80012594
core   0: 0x800020e0 (0x02db1383) lh      t2, 45(s6)
core   0: 3 0x800020e0 (0x02db1383) x 7 0x000070e8 mem 0x80010eb6
core   0: 0x800020e4 (0x0000fd97) auipc   s11, 0xf
core   0: 3 0x800020e4 (0x0000fd97) x27 0x800110e4
core   0: 0x800020e8 (0xdbad8d93) addi    s11, s11, -582
core   0: 3 0x800020e8 (0xdbad8d93) x27 0x80010e9e
core   0: 0x800020ec (0x0000e397) auipc   t2, 0xe
core   0: 3 0x800020ec (0x0000e397) x 7 0x800100ec
core   0: 0x800020f0 (0x24238393) addi    t2, t2, 578
core   0: 3 0x800020f0 (0x24238393) x 7 0x8001032e
core   0: 0x800020f4 (0x0000f597) auipc   a1, 0xf
core   0: 3 0x800020f4 (0x0000f597) x11 0x800110f4
core   0: 0x800020f8 (0xad458593) addi    a1, a1, -1324
core   0: 3 0x800020f8 (0xad458593) x11 0x80010bc8
core   0: 0x800020fc (0x0000fd17) auipc   s10, 0xf
core   0: 3 0x800020fc (0x0000fd17) x26 0x800110fc
core   0: 0x80002100 (0x8a5d0d13) addi    s10, s10, -1883
core   0: 3 0x80002100 (0x8a5d0d13) x26 0x800109a1
core   0: 0x80002104 (0xabc5cc83) lbu     s9, -1348(a1)
core   0: 3 0x80002104 (0xabc5cc83) x25 0x00000080 mem 0x80010684
core   0: 0x80002108 (0xfed38c23) sb      a3, -8(t2)
core   0: 3 0x80002108 (0xfed38c23) mem 0x80010326 0x76
core   0: 0x8000210c (0xfb158ea3) sb      a7, -67(a1)
core   0: 3 0x8000210c (0xfb158ea3) mem 0x80010b85 0x4c
core   0: 0x80002110 (0xbb258903) lb      s2, -1102(a1)
core   0: 3 0x80002110 (0xbb258903) x18 0x00000001 mem 0x8001077a
core   0: 0x80002114 (0xff83c083) lbu     ra, -8(t2)
core   0: 3 0x80002114 (0xff83c083) x 1 0x00000076 mem 0x80010326
core   0: 0x80002118 (0xb19586a3) sb      s9, -1267(a1)
core   0: 3 0x80002118 (0xb19586a3) mem 0x800106d5 0x80
core   0: 0x8000211c (0xfecd0003) lb      zero, -20(s10)
core   0: 3 0x8000211c (0xfecd0003) mem 0x8001098d
core   0: 0x80002120 (0x0000e217) auipc   tp, 0xe
core   0: 3 0x80002120 (0x0000e217) x 4 0x80010120
core   0: 0x80002124 (0x63b20213) addi    tp, tp, 1595
core   0: 3 0x80002124 (0x63b20213) x 4 0x8001075b
core   0: 0x80002128 (0x0053c783) lbu     a5, 5(t2)
core   0: 3 0x80002128 (0x0053c783) x15 0x000000d9 mem 0x80010333
core   0: 0x8000212c (0xff839f03) lh      t5, -8(t2)
core   0: 3 0x8000212c (0xff839f03) x30 0xffff8b76 mem 0x80010326
core   0: 0x80002130 (0xff738103) lb      sp, -9(t2)
core   0: 3 0x80002130 (0xff738103) x 2 0x00000000 mem 0x80010325
core   0: 0x80002134 (0x040d4903) lbu     s2, 64(s10)
core   0: 3 0x80002134 (0x040d4903) x18 0x000000cf mem 0x800109e1
core   0: 0x80002138 (0xfffdcb83) lbu     s7, -1(s11)
core   0: 3 0x80002138 (0xfffdcb83) x23 0x00000025 mem 0x80010e9d
core   0: 0x8000213c (0xe3e58ba3) sb      t5, -457(a1)
core   0: 3 0x8000213c (0xe3e58ba3) mem 0x800109ff 0x76
core   0: 0x80002140 (0x00738723) sb      t2, 14(t2)
core   0: 3 0x80002140 (0x00738723) mem 0x8001033c 0x2e
core   0: 0x80002144 (0x01720d23) sb      s7, 26(tp)
core   0: 3 0x80002144 (0x01720d23) mem 0x80010775 0x25
core   0: 0x80002148 (0xfcad0983) lb      s3, -54(s10)
core   0: 3 0x80002148 (0xfcad0983) x19 0x00000047 mem 0x8001096b
core   0: 0x8000214c (0x00c39083) lh      ra, 12(t2)
core   0: 3 0x8000214c (0x00c39083) x 1 0xffffa1b8 mem 0x8001033a
core   0: 0x80002150 (0xfe839b23) sh      s0, -10(t2)
core   0: 3 0x80002150 (0xfe839b23) mem 0x80010324 0x9491
core   0: 0x80002154 (0x01f204a3) sb      t6, 9(tp)
core   0: 3 0x80002154 (0x01f204a3) mem 0x80010764 0xd3
core   0: 0x80002158 (0xe6f583a3) sb      a5, -409(a1)
core   0: 3 0x80002158 (0xe6f583a3) mem 0x80010a2f 0xd9
core   0: 0x8000215c (0xff124003) lbu     zero, -15(tp)
core   0: 3 0x8000215c (0xff124003) mem 0x8001074c
core   0: 0x80002160 (0xffe3a603) lw      a2, -2(t2)
core   0: 3 0x80002160 (0xffe3a603) x12 0x292d47d1 mem 0x8001032c
core   0: 0x80002164 (0xfe4d0903) lb      s2, -28(s10)
core   0: 3 0x80002164 (0xfe4d0903) x18 0xfffffffb mem 0x80010985
core   0: 0x80002168 (0xffad8a83) lb      s5, -6(s11)
core   0: 3 0x80002168 (0xffad8a83) x21 0x00000023 mem 0x80010e98
core   0: 0x8000216c (0xcdf5c283) lbu     t0, -801(a1)
core   0: 3 0x8000216c (0xcdf5c283) x 5 0x00000000 mem 0x800108a7
core   0: 0x80002170 (0x001d8303) lb      t1, 1(s11)
core   0: 3 0x80002170 (0x001d8303) x 6 0x0000005b mem 0x80010e9f
core   0: 0x80002174 (0xfca20923) sb      a0, -46(tp)
core   0: 3 0x80002174 (0xfca20923) mem 0x8001072d 0x93
core   0: 0x80002178 (0xff839c03) lh      s8, -8(t2)
core   0: 3 0x80002178 (0xff839c03) x24 0xffff8b76 mem 0x80010326
core   0: 0x8000217c (0x00824783) lbu     a5, 8(tp)
core   0: 3 0x8000217c (0x00824783) x15 0x000000a5 mem 0x80010763
core   0: 0x80002180 (0x02c20703) lb      a4, 44(tp)
core   0: 3 0x80002180 (0x02c20703) x14 0x0000007c mem 0x80010787
core   0: 0x80002184 (0xfc224c83) lbu     s9, -62(tp)
core   0: 3 0x80002184 (0xfc224c83) x25 0x000000eb mem 0x8001071d
core   0: 0x80002188 (0x03d207a3) sb      t4, 47(tp)
core   0: 3 0x80002188 (0x03d207a3) mem 0x8001078a 0x6c
core   0: 0x8000218c (0xfebd0923) sb      a1, -14(s10)
core   0: 3 0x8000218c (0xfebd0923) mem 0x80010993 0xc8
core   0: 0x80002190 (0x00ddc403) lbu     s0, 13(s11)
core   0: 3 0x80002190 (0x00ddc403) x 8 0x00000000 mem 0x80010eab
core   0: 0x80002194 (0xff3dc903) lbu     s2, -13(s11)
core   0: 3 0x80002194 (0xff3dc903) x18 0x00000087 mem 0x80010e91
core   0: 0x80002198 (0xfd824403) lbu     s0, -40(tp)
core   0: 3 0x80002198 (0xfd824403) x 8 0x00000000 mem 0x80010733
core   0: 0x8000219c (0xfda20983) lb      s3, -38(tp)
core   0: 3 0x8000219c (0xfda20983) x19 0xffffffc1 mem 0x80010735
core   0: 0x800021a0 (0xfcbd2f83) lw      t6, -53(s10)
core   0: 3 0x800021a0 (0xfcbd2f83) x31 0x7fa3315d mem 0x8001096c
core   0: 0x800021a4 (0x0000ec97) auipc   s9, 0xe
core   0: 3 0x800021a4 (0x0000ec97) x25 0x800101a4
core   0: 0x800021a8 (0x384c8c93) addi    s9, s9, 900
core   0: 3 0x800021a8 (0x384c8c93) x25 0x80010528
core   0: 0x800021ac (0x0000eb97) auipc   s7, 0xe
core   0: 3 0x800021ac (0x0000eb97) x23 0x800101ac
core   0: 0x800021b0 (0x71cb8b93) addi    s7, s7, 1820
core   0: 3 0x800021b0 (0x71cb8b93) x23 0x800108c8
core   0: 0x800021b4 (0x08fc82a3) sb      a5, 133(s9)
core   0: 3 0x800021b4 (0x08fc82a3) mem 0x800105ad 0xa5
core   0: 0x800021b8 (0xf18c8d83) lb      s11, -232(s9)
core   0: 3 0x800021b8 (0xf18c8d83) x27 0xfffffff4 mem 0x80010440
core   0: 0x800021bc (0x0c9c8c03) lb      s8, 201(s9)
core   0: 3 0x800021bc (0x0c9c8c03) x24 0xffffffbc mem 0x800105f1
core   0: 0x800021c0 (0x0000ed17) auipc   s10, 0xe
core   0: 3 0x800021c0 (0x0000ed17) x26 0x800101c0
core   0: 0x800021c4 (0x23cd0d13) addi    s10, s10, 572
core   0: 3 0x800021c4 (0x23cd0d13) x26 0x800103fc
core   0: 0x800021c8 (0x03bb8fa3) sb      s11, 63(s7)
core   0: 3 0x800021c8 (0x03bb8fa3) mem 0x80010907 0xf4
core   0: 0x800021cc (0x0dbccd83) lbu     s11, 219(s9)
core   0: 3 0x800021cc (0x0dbccd83) x27 0x00000030 mem 0x80010603
core   0: 0x800021d0 (0x0bbcc083) lbu     ra, 187(s9)
core   0: 3 0x800021d0 (0x0bbcc083) x 1 0x00000041 mem 0x800105e3
core   0: 0x800021d4 (0x664d4b03) lbu     s6, 1636(s10)
core   0: 3 0x800021d4 (0x664d4b03) x22 0x000000e4 mem 0x80010a60
core   0: 0x800021d8 (0x01fc87a3) sb      t6, 15(s9)
core   0: 3 0x800021d8 (0x01fc87a3) mem 0x80010537 0x5d
core   0: 0x800021dc (0xfe6b8d83) lb      s11, -26(s7)
core   0: 3 0x800021dc (0xfe6b8d83) x27 0xfffffffa mem 0x800108ae
core   0: 0x800021e0 (0x65cd4503) lbu     a0, 1628(s10)
core   0: 3 0x800021e0 (0x65cd4503) x10 0x000000f7 mem 0x80010a58
core   0: 0x800021e4 (0xf21cc183) lbu     gp, -223(s9)
core   0: 3 0x800021e4 (0xf21cc183) x 3 0x00000058 mem 0x80010449
core   0: 0x800021e8 (0x7dbd0ba3) sb      s11, 2007(s10)
core   0: 3 0x800021e8 (0x7dbd0ba3) mem 0x80010bd3 0xfa
core   0: 0x800021ec (0x0d9cc303) lbu     t1, 217(s9)
core   0: 3 0x800021ec (0x0d9cc303) x 6 0x00000094 mem 0x80010601
core   0: 0x800021f0 (0x01bba823) sw      s11, 16(s7)
core   0: 3 0x800021f0 (0x01bba823) mem 0x800108d8 0xfffffffa
core   0: 0x800021f4 (0xf96ccb03) lbu     s6, -106(s9)
core   0: 3 0x800021f4 (0xf96ccb03) x22 0x0000001d mem 0x800104be
core   0: 0x800021f8 (0x6abd4e03) lbu     t3, 1707(s10)
core   0: 3 0x800021f8 (0x6abd4e03) x28 0x0000005d mem 0x80010aa7
core   0: 0x800021fc (0xfcfba623) sw      a5, -52(s7)
core   0: 3 0x800021fc (0xfcfba623) mem 0x80010894 0x000000a5
core   0: 0x80002200 (0x065c8603) lb      a2, 101(s9)
core   0: 3 0x80002200 (0x065c8603) x12 0xffffffc8 mem 0x8001058d
core   0: 0x80002204 (0xff9b8603) lb      a2, -7(s7)
core   0: 3 0x80002204 (0xff9b8603) x12 0x00000076 mem 0x800108c1
core   0: 0x80002208 (0x72ad4103) lbu     sp, 1834(s10)
core   0: 3 0x80002208 (0x72ad4103) x 2 0x0000004b mem 0x80010b26
core   0: 0x8000220c (0x02400c6f) jal     s8, pc + 0x24
core   0: 3 0x8000220c (0x02400c6f) x24 0x80002210
core   0: 0x80002230 (0xfebff0ef) jal     pc - 0x16
core   0: 3 0x80002230 (0xfebff0ef) x 1 0x80002234
core   0: 0x8000221a (0x00003fdd) c.jal   pc - 10
core   0: 3 0x8000221a (0x3fdd) x 1 0x8000221c
core   0: 0x80002210 (0x012000ef) jal     pc + 0x12
core   0: 3 0x80002210 (0x012000ef) x 1 0x80002214
core   0: 0x80002222 (0xffbff0ef) jal     pc - 0x6
core   0: 3 0x80002222 (0xffbff0ef) x 1 0x80002226
core   0: 0x8000221c (0x00002009) c.jal   pc + 2
core   0: 3 0x8000221c (0x2009) x 1 0x8000221e
core   0: 0x8000221e (0x016000ef) jal     pc + 0x16
core   0: 3 0x8000221e (0x016000ef) x 1 0x80002222
core   0: 0x80002234 (0x0000b7cd) c.j     pc - 30
core   0: 3 0x80002234 (0xb7cd)
core   0: 0x80002216 (0x00002819) c.jal   pc + 22
core   0: 3 0x80002216 (0x2819) x 1 0x80002218
core   0: 0x8000222c (0xffbff0ef) jal     pc - 0x6
core   0: 3 0x8000222c (0xffbff0ef) x 1 0x80002230
core   0: 0x80002226 (0x0000b7fd) c.j     pc - 18
core   0: 3 0x80002226 (0xb7fd)
core   0: 0x80002214 (0x0000a811) c.j     pc + 20
core   0: 3 0x80002214 (0xa811)
core   0: 0x80002228 (0xff1ff36f) jal     t1, pc - 0x10
core   0: 3 0x80002228 (0xff1ff36f) x 6 0x8000222c
core   0: 0x80002218 (0x00002839) c.jal   pc + 30
core   0: 3 0x80002218 (0x2839) x 1 0x8000221a
core   0: 0x80002236 (0x16c84213) xori    tp, a6, 364
core   0: 3 0x80002236 (0x16c84213) x 4 0x80025f08
core   0: 0x8000223a (0x0000e217) auipc   tp, 0xe
core   0: 3 0x8000223a (0x0000e217) x 4 0x8001023a
core   0: 0x8000223e (0xf3220213) addi    tp, tp, -206
core   0: 3 0x8000223e (0xf3220213) x 4 0x8001016c
core   0: 0x80002242 (0x00920403) lb      s0, 9(tp)
core   0: 3 0x80002242 (0x00920403) x 8 0xffffffc4 mem 0x80010175
core   0: 0x80002246 (0x019204a3) sb      s9, 9(tp)
core   0: 3 0x80002246 (0x019204a3) mem 0x80010175 0x28
core   0: 0x8000224a (0x004204a3) sb      tp, 9(tp)
core   0: 3 0x8000224a (0x004204a3) mem 0x80010175 0x6c
core   0: 0x8000224e (0x00c204a3) sb      a2, 9(tp)
core   0: 3 0x8000224e (0x00c204a3) mem 0x80010175 0x76
core   0: 0x80002252 (0xff420fa3) sb      s4, -1(tp)
core   0: 3 0x80002252 (0xff420fa3) mem 0x8001016b 0x0
core   0: 0x80002256 (0xfff24c03) lbu     s8, -1(tp)
core   0: 3 0x80002256 (0xfff24c03) x24 0x00000000 mem 0x8001016b
core   0: 0x8000225a (0xfff24103) lbu     sp, -1(tp)
core   0: 3 0x8000225a (0xfff24103) x 2 0x00000000 mem 0x8001016b
core   0: 0x8000225e (0xfff24383) lbu     t2, -1(tp)
core   0: 3 0x8000225e (0xfff24383) x 7 0x00000000 mem 0x8001016b
core   0: 0x80002262 (0xff724883) lbu     a7, -9(tp)
core   0: 3 0x80002262 (0xff724883) x17 0x00000067 mem 0x80010163
core   0: 0x80002266 (0xff724903) lbu     s2, -9(tp)
core   0: 3 0x80002266 (0xff724903) x18 0x00000067 mem 0x80010163
core   0: 0x8000226a (0xff724283) lbu     t0, -9(tp)
core   0: 3 0x8000226a (0xff724283) x 5 0x00000067 mem 0x80010163
core   0: 0x8000226e (0xffc20ba3) sb      t3, -9(tp)
core   0: 3 0x8000226e (0xffc20ba3) mem 0x80010163 0x5d
core   0: 0x80002272 (0xffe20ba3) sb      t5, -9(tp)
core   0: 3 0x80002272 (0xffe20ba3) mem 0x80010163 0x76
core   0: 0x80002276 (0x01522623) sw      s5, 12(tp)
core   0: 3 0x80002276 (0x01522623) mem 0x80010178 0x00000023
core   0: 0x8000227a (0x01422623) sw      s4, 12(tp)
core   0: 3 0x8000227a (0x01422623) mem 0x80010178 0x80000000
core   0: 0x8000227e (0x00c21883) lh      a7, 12(tp)
core   0: 3 0x8000227e (0x00c21883) x17 0x00000000 mem 0x80010178
core   0: 0x80002282 (0x03b266b3) rem     a3, tp, s11
core   0: 3 0x80002282 (0x03b266b3) x13 0x00000000
core   0: 0x80002286 (0x01a21623) sh      s10, 12(tp)
core   0: 3 0x80002286 (0x01a21623) mem 0x80010178 0x03fc
core   0: 0x8000228a (0xffa20da3) sb      s10, -5(tp)
core   0: 3 0x8000228a (0xffa20da3) mem 0x80010167 0xfc
core   0: 0x8000228e (0x04400c6f) jal     s8, pc + 0x44
core   0: 3 0x8000228e (0x04400c6f) x24 0x80002292
core   0: 0x800022d2 (0x000037e1) c.jal   pc - 56
core   0: 3 0x800022d2 (0x37e1) x 1 0x800022d4
core   0: 0x8000229a (0x01e000ef) jal     pc + 0x1e
core   0: 3 0x8000229a (0x01e000ef) x 1 0x8000229e
core   0: 0x800022b8 (0xffdff36f) jal     t1, pc - 0x4
core   0: 3 0x800022b8 (0xffdff36f) x 6 0x800022bc
core   0: 0x800022b4 (0x00003ff9) c.jal   pc - 34
core   0: 3 0x800022b4 (0x3ff9) x 1 0x800022b6
core   0: 0x80002292 (0x00e0036f) jal     t1, pc + 0xe
core   0: 3 0x80002292 (0x00e0036f) x 6 0x80002296
core   0: 0x800022a0 (0x00002011) c.jal   pc + 4
core   0: 3 0x800022a0 (0x2011) x 1 0x800022a2
core   0: 0x800022a4 (0x004000ef) jal     pc + 0x4
core   0: 3 0x800022a4 (0x004000ef) x 1 0x800022a8
core   0: 0x800022a8 (0x00003fdd) c.jal   pc - 10
core   0: 3 0x800022a8 (0x3fdd) x 1 0x800022aa
core   0: 0x8000229e (0x0000a805) c.j     pc + 48
core   0: 3 0x8000229e (0xa805)
core   0: 0x800022ce (0xfefff0ef) jal     pc - 0x12
core   0: 3 0x800022ce (0xfefff0ef) x 1 0x800022d2
core   0: 0x800022bc (0x00002821) c.jal   pc + 24
core   0: 3 0x800022bc (0x2821) x 1 0x800022be
core   0: 0x800022d4 (0x000037ed) c.jal   pc - 22
core   0: 3 0x800022d4 (0x37ed) x 1 0x800022d6
core   0: 0x800022be (0xfdbff0ef) jal     pc - 0x26
core   0: 3 0x800022be (0xfdbff0ef) x 1 0x800022c2
core   0: 0x80002298 (0x0000a839) c.j     pc + 30
core   0: 3 0x80002298 (0xa839)
core   0: 0x800022b6 (0x0000bfed) c.j     pc - 6
core   0: 3 0x800022b6 (0xbfed)
core   0: 0x800022b0 (0xfffff0ef) jal     pc - 0x2
core   0: 3 0x800022b0 (0xfffff0ef) x 1 0x800022b4
core   0: 0x800022ae (0x00002811) c.jal   pc + 20
core   0: 3 0x800022ae (0x2811) x 1 0x800022b0
core   0: 0x800022c2 (0x006000ef) jal     pc + 0x6
core   0: 3 0x800022c2 (0x006000ef) x 1 0x800022c6
core   0: 0x800022c8 (0x004000ef) jal     pc + 0x4
core   0: 3 0x800022c8 (0x004000ef) x 1 0x800022cc
core   0: 0x800022cc (0x00003fd9) c.jal   pc - 42
core   0: 3 0x800022cc (0x3fd9) x 1 0x800022ce
core   0: 0x800022a2 (0x00002021) c.jal   pc + 8
core   0: 3 0x800022a2 (0x2021) x 1 0x800022a4
core   0: 0x800022aa (0x01c000ef) jal     pc + 0x1c
core   0: 3 0x800022aa (0x01c000ef) x 1 0x800022ae
core   0: 0x800022c6 (0x00003fc1) c.jal   pc - 48
core   0: 3 0x800022c6 (0x3fc1) x 1 0x800022c8
core   0: 0x80002296 (0x0000a081) c.j     pc + 64
core   0: 3 0x80002296 (0xa081)
core   0: 0x800022d6 (0x92c2ba93) sltiu   s5, t0, -1748
core   0: 3 0x800022d6 (0x92c2ba93) x21 0x00000001
core   0: 0x800022da (0x01200c6f) jal     s8, pc + 0x12
core   0: 3 0x800022da (0x01200c6f) x24 0x800022de
core   0: 0x800022ec (0x01c0036f) jal     t1, pc + 0x1c
core   0: 3 0x800022ec (0x01c0036f) x 6 0x800022f0
core   0: 0x80002308 (0x0000b7e5) c.j     pc - 24
core   0: 3 0x80002308 (0xb7e5)
core   0: 0x800022f0 (0x0000bfdd) c.j     pc - 10
core   0: 3 0x800022f0 (0xbfdd)
core   0: 0x800022e6 (0xffdff26f) jal     tp, pc - 0x4
core   0: 3 0x800022e6 (0xffdff26f) x 4 0x800022ea
core   0: 0x800022e2 (0x0000a829) c.j     pc + 26
core   0: 3 0x800022e2 (0xa829)
core   0: 0x800022fc (0x00003ffd) c.jal   pc - 2
core   0: 3 0x800022fc (0x3ffd) x 1 0x800022fe
core   0: 0x800022fa (0x0000bfe5) c.j     pc - 8
core   0: 3 0x800022fa (0xbfe5)
core   0: 0x800022f2 (0x0000202d) c.jal   pc + 42
core   0: 3 0x800022f2 (0x202d) x 1 0x800022f4
core   0: 0x8000231c (0x0000bffd) c.j     pc - 2
core   0: 3 0x8000231c (0xbffd)
core   0: 0x8000231a (0x0000bff1) c.j     pc - 36
core   0: 3 0x8000231a (0xbff1)
core   0: 0x800022f6 (0x00c0036f) jal     t1, pc + 0xc
core   0: 3 0x800022f6 (0x00c0036f) x 6 0x800022fa
core   0: 0x80002302 (0xfddff36f) jal     t1, pc - 0x24
core   0: 3 0x80002302 (0xfddff36f) x 6 0x80002306
core   0: 0x800022de (0x00002091) c.jal   pc + 68
core   0: 3 0x800022de (0x2091) x 1 0x800022e0
core   0: 0x80002322 (0x000037c9) c.jal   pc - 62
core   0: 3 0x80002322 (0x37c9) x 1 0x80002324
core   0: 0x800022e4 (0x0000bff5) c.j     pc - 4
core   0: 3 0x800022e4 (0xbff5)
core   0: 0x800022e0 (0x0000283d) c.jal   pc + 62
core   0: 3 0x800022e0 (0x283d) x 1 0x800022e2
core   0: 0x8000231e (0xfedff16f) jal     sp, pc - 0x14
core   0: 3 0x8000231e (0xfedff16f) x 2 0x80002322
core   0: 0x8000230a (0x0000bff5) c.j     pc - 4
core   0: 3 0x8000230a (0xbff5)
core   0: 0x80002306 (0x00002801) c.jal   pc + 16
core   0: 3 0x80002306 (0x2801) x 1 0x80002308
core   0: 0x80002316 (0xffbff0ef) jal     pc - 0x6
core   0: 3 0x80002316 (0xffbff0ef) x 1 0x8000231a
core   0: 0x80002310 (0x0000bfe9) c.j     pc - 38
core   0: 3 0x80002310 (0xbfe9)
core   0: 0x800022ea (0x0000a025) c.j     pc + 40
core   0: 3 0x800022ea (0xa025)
core   0: 0x80002312 (0xffdff0ef) jal     pc - 0x4
core   0: 3 0x80002312 (0xffdff0ef) x 1 0x80002316
core   0: 0x8000230e (0x000037dd) c.jal   pc - 26
core   0: 3 0x8000230e (0x37dd) x 1 0x80002310
core   0: 0x800022f4 (0x00002821) c.jal   pc + 24
core   0: 3 0x800022f4 (0x2821) x 1 0x800022f6
core   0: 0x8000230c (0x00003fcd) c.jal   pc - 14
core   0: 3 0x8000230c (0x3fcd) x 1 0x8000230e
core   0: 0x800022fe (0x02600b6f) jal     s6, pc + 0x26
core   0: 3 0x800022fe (0x02600b6f) x22 0x80002302
core   0: 0x80002324 (0x0049ed33) or      s10, s3, tp
core   0: 3 0x80002324 (0x0049ed33) x26 0xffffffeb
core   0: 0x80002328 (0xffb00613) li      a2, -5
core   0: 3 0x80002328 (0xffb00613) x12 0xfffffffb
core   0: 0x8000232c (0x00edf933) and     s2, s11, a4
core   0: 3 0x8000232c (0x00edf933) x18 0x00000078
core   0: 0x80002330 (0x011a8eb3) add     t4, s5, a7
core   0: 3 0x80002330 (0x011a8eb3) x29 0x00000001
core   0: 0x80002334 (0x00c6e533) or      a0, a3, a2
core   0: 3 0x80002334 (0x00c6e533) x10 0xfffffffb
core   0: 0x80002338 (0x39ad2313) slti    t1, s10, 922
core   0: 3 0x80002338 (0x39ad2313) x 6 0x00000001
core   0: 0x8000233c (0x00000001) c.nop
core   0: 3 0x8000233c (0x0001)
core   0: 0x8000233e (0x00000001) c.nop
core   0: 3 0x8000233e (0x0001)
core   0: 0x80002340 (0x011c5533) srl     a0, s8, a7
core   0: 3 0x80002340 (0x011c5533) x10 0x800022de
core   0: 0x80002344 (0xe4f18693) addi    a3, gp, -433
core   0: 3 0x80002344 (0xe4f18693) x13 0xfffffea7
core   0: 0x80002348 (0x0ff0000f) fence   iorw,iorw
core   0: 3 0x80002348 (0x0ff0000f)
core   0: 0x8000234c (0x00000001) c.nop
core   0: 3 0x8000234c (0x0001)
core   0: 0x8000234e (0x00000001) c.nop
core   0: 3 0x8000234e (0x0001)
core   0: 0x80002350 (0x01e79393) slli    t2, a5, 30
core   0: 3 0x80002350 (0x01e79393) x 7 0x40000000
core   0: 0x80002354 (0x00000605) c.addi  a2, 1
core   0: 3 0x80002354 (0x0605) x12 0xfffffffc
core   0: 0x80002356 (0x00000456) c.slli  s0, 21
core   0: 3 0x80002356 (0x0456) x 8 0xf8800000
core   0: 0x80002358 (0xb417cc13) xori    s8, a5, -1215
core   0: 3 0x80002358 (0xb417cc13) x24 0xfffffbe4
core   0: 0x8000235c (0x01a4fcb3) and     s9, s1, s10
core   0: 3 0x8000235c (0x01a4fcb3) x25 0x80029ce0
core   0: 0x80002360 (0x016fec33) or      s8, t6, s6
core   0: 3 0x80002360 (0x016fec33) x24 0xffa3335f
core   0: 0x80002364 (0x009c2c33) slt     s8, s8, s1
core   0: 3 0x80002364 (0x009c2c33) x24 0x00000000
core   0: 0x80002368 (0x015ee233) or      tp, t4, s5
core   0: 3 0x80002368 (0x015ee233) x 4 0x00000001
core   0: 0x8000236c (0x21044093) xori    ra, s0, 528
core   0: 3 0x8000236c (0x21044093) x 1 0xf8800210
core   0: 0x80002370 (0x007711b3) sll     gp, a4, t2
core   0: 3 0x80002370 (0x007711b3) x 3 0x0000007c
core   0: 0x80002374 (0x0000fe69) c.bnez  a2, pc - 38
core   0: 3 0x80002374 (0xfe69)
core   0: 0x8000234e (0x00000001) c.nop
core   0: 3 0x8000234e (0x0001)
core   0: 0x80002350 (0x01e79393) slli    t2, a5, 30
core   0: 3 0x80002350 (0x01e79393) x 7 0x40000000
core   0: 0x80002354 (0x00000605) c.addi  a2, 1
core   0: 3 0x80002354 (0x0605) x12 0xfffffffd
core   0: 0x80002356 (0x00000456) c.slli  s0, 21
core   0: 3 0x80002356 (0x0456) x 8 0x00000000
core   0: 0x80002358 (0xb417cc13) xori    s8, a5, -1215
core   0: 3 0x80002358 (0xb417cc13) x24 0xfffffbe4
core   0: 0x8000235c (0x01a4fcb3) and     s9, s1, s10
core   0: 3 0x8000235c (0x01a4fcb3) x25 0x80029ce0
core   0: 0x80002360 (0x016fec33) or      s8, t6, s6
core   0: 3 0x80002360 (0x016fec33) x24 0xffa3335f
core   0: 0x80002364 (0x009c2c33) slt     s8, s8, s1
core   0: 3 0x80002364 (0x009c2c33) x24 0x00000000
core   0: 0x80002368 (0x015ee233) or      tp, t4, s5
core   0: 3 0x80002368 (0x015ee233) x 4 0x00000001
core   0: 0x8000236c (0x21044093) xori    ra, s0, 528
core   0: 3 0x8000236c (0x21044093) x 1 0x00000210
core   0: 0x80002370 (0x007711b3) sll     gp, a4, t2
core   0: 3 0x80002370 (0x007711b3) x 3 0x0000007c
core   0: 0x80002374 (0x0000fe69) c.bnez  a2, pc - 38
core   0: 3 0x80002374 (0xfe69)
core   0: 0x8000234e (0x00000001) c.nop
core   0: 3 0x8000234e (0x0001)
core   0: 0x80002350 (0x01e79393) slli    t2, a5, 30
core   0: 3 0x80002350 (0x01e79393) x 7 0x40000000
core   0: 0x80002354 (0x00000605) c.addi  a2, 1
core   0: 3 0x80002354 (0x0605) x12 0xfffffffe
core   0: 0x80002356 (0x00000456) c.slli  s0, 21
core   0: 3 0x80002356 (0x0456) x 8 0x00000000
core   0: 0x80002358 (0xb417cc13) xori    s8, a5, -1215
core   0: 3 0x80002358 (0xb417cc13) x24 0xfffffbe4
core   0: 0x8000235c (0x01a4fcb3) and     s9, s1, s10
core   0: 3 0x8000235c (0x01a4fcb3) x25 0x80029ce0
core   0: 0x80002360 (0x016fec33) or      s8, t6, s6
core   0: 3 0x80002360 (0x016fec33) x24 0xffa3335f
core   0: 0x80002364 (0x009c2c33) slt     s8, s8, s1
core   0: 3 0x80002364 (0x009c2c33) x24 0x00000000
core   0: 0x80002368 (0x015ee233) or      tp, t4, s5
core   0: 3 0x80002368 (0x015ee233) x 4 0x00000001
core   0: 0x8000236c (0x21044093) xori    ra, s0, 528
core   0: 3 0x8000236c (0x21044093) x 1 0x00000210
core   0: 0x80002370 (0x007711b3) sll     gp, a4, t2
core   0: 3 0x80002370 (0x007711b3) x 3 0x0000007c
core   0: 0x80002374 (0x0000fe69) c.bnez  a2, pc - 38
core   0: 3 0x80002374 (0xfe69)
core   0: 0x8000234e (0x00000001) c.nop
core   0: 3 0x8000234e (0x0001)
core   0: 0x80002350 (0x01e79393) slli    t2, a5, 30
core   0: 3 0x80002350 (0x01e79393) x 7 0x40000000
core   0: 0x80002354 (0x00000605) c.addi  a2, 1
core   0: 3 0x80002354 (0x0605) x12 0xffffffff
core   0: 0x80002356 (0x00000456) c.slli  s0, 21
core   0: 3 0x80002356 (0x0456) x 8 0x00000000
core   0: 0x80002358 (0xb417cc13) xori    s8, a5, -1215
core   0: 3 0x80002358 (0xb417cc13) x24 0xfffffbe4
core   0: 0x8000235c (0x01a4fcb3) and     s9, s1, s10
core   0: 3 0x8000235c (0x01a4fcb3) x25 0x80029ce0
core   0: 0x80002360 (0x016fec33) or      s8, t6, s6
core   0: 3 0x80002360 (0x016fec33) x24 0xffa3335f
core   0: 0x80002364 (0x009c2c33) slt     s8, s8, s1
core   0: 3 0x80002364 (0x009c2c33) x24 0x00000000
core   0: 0x80002368 (0x015ee233) or      tp, t4, s5
core   0: 3 0x80002368 (0x015ee233) x 4 0x00000001
core   0: 0x8000236c (0x21044093) xori    ra, s0, 528
core   0: 3 0x8000236c (0x21044093) x 1 0x00000210
core   0: 0x80002370 (0x007711b3) sll     gp, a4, t2
core   0: 3 0x80002370 (0x007711b3) x 3 0x0000007c
core   0: 0x80002374 (0x0000fe69) c.bnez  a2, pc - 38
core   0: 3 0x80002374 (0xfe69)
core   0: 0x8000234e (0x00000001) c.nop
core   0: 3 0x8000234e (0x0001)
core   0: 0x80002350 (0x01e79393) slli    t2, a5, 30
core   0: 3 0x80002350 (0x01e79393) x 7 0x40000000
core   0: 0x80002354 (0x00000605) c.addi  a2, 1
core   0: 3 0x80002354 (0x0605) x12 0x00000000
core   0: 0x80002356 (0x00000456) c.slli  s0, 21
core   0: 3 0x80002356 (0x0456) x 8 0x00000000
core   0: 0x80002358 (0xb417cc13) xori    s8, a5, -1215
core   0: 3 0x80002358 (0xb417cc13) x24 0xfffffbe4
core   0: 0x8000235c (0x01a4fcb3) and     s9, s1, s10
core   0: 3 0x8000235c (0x01a4fcb3) x25 0x80029ce0
core   0: 0x80002360 (0x016fec33) or      s8, t6, s6
core   0: 3 0x80002360 (0x016fec33) x24 0xffa3335f
core   0: 0x80002364 (0x009c2c33) slt     s8, s8, s1
core   0: 3 0x80002364 (0x009c2c33) x24 0x00000000
core   0: 0x80002368 (0x015ee233) or      tp, t4, s5
core   0: 3 0x80002368 (0x015ee233) x 4 0x00000001
core   0: 0x8000236c (0x21044093) xori    ra, s0, 528
core   0: 3 0x8000236c (0x21044093) x 1 0x00000210
core   0: 0x80002370 (0x007711b3) sll     gp, a4, t2
core   0: 3 0x80002370 (0x007711b3) x 3 0x0000007c
core   0: 0x80002374 (0x0000fe69) c.bnez  a2, pc - 38
core   0: 3 0x80002374 (0xfe69)
core   0: 0x80002376 (0x00005f7d) c.li    t5, -1
core   0: 3 0x80002376 (0x5f7d) x30 0xffffffff
core   0: 0x80002378 (0x00c00c6f) jal     s8, pc + 0xc
core   0: 3 0x80002378 (0x00c00c6f) x24 0x8000237c
core   0: 0x80002384 (0x020000ef) jal     pc + 0x20
core   0: 3 0x80002384 (0x020000ef) x 1 0x80002388
core   0: 0x800023a4 (0x00003fed) c.jal   pc - 6
core   0: 3 0x800023a4 (0x3fed) x 1 0x800023a6
core   0: 0x8000239e (0x0000b7c5) c.j     pc - 32
core   0: 3 0x8000239e (0xb7c5)
core   0: 0x8000237e (0x00002809) c.jal   pc + 18
core   0: 3 0x8000237e (0x2809) x 1 0x80002380
core   0: 0x80002390 (0x0000bfc5) c.j     pc - 16
core   0: 3 0x80002390 (0xbfc5)
core   0: 0x80002380 (0x02200aef) jal     s5, pc + 0x22
core   0: 3 0x80002380 (0x02200aef) x21 0x80002384
core   0: 0x800023a2 (0x0000bfc5) c.j     pc - 16
core   0: 3 0x800023a2 (0xbfc5)
core   0: 0x80002392 (0xffbff0ef) jal     pc - 0x6
core   0: 3 0x80002392 (0xffbff0ef) x 1 0x80002396
core   0: 0x8000238c (0xffdff36f) jal     t1, pc - 0x4
core   0: 3 0x8000238c (0xffdff36f) x 6 0x80002390
core   0: 0x80002388 (0x00002821) c.jal   pc + 24
core   0: 3 0x80002388 (0x2821) x 1 0x8000238a
core   0: 0x800023a0 (0x000037ed) c.jal   pc - 22
core   0: 3 0x800023a0 (0x37ed) x 1 0x800023a2
core   0: 0x8000238a (0x0000a801) c.j     pc + 16
core   0: 3 0x8000238a (0xa801)
core   0: 0x8000239a (0xfe3ff0ef) jal     pc - 0x1e
core   0: 3 0x8000239a (0xfe3ff0ef) x 1 0x8000239e
core   0: 0x8000237c (0x00002829) c.jal   pc + 26
core   0: 3 0x8000237c (0x2829) x 1 0x8000237e
core   0: 0x80002396 (0x010000ef) jal     pc + 0x10
core   0: 3 0x80002396 (0x010000ef) x 1 0x8000239a
core   0: 0x800023a6 (0x03162e33) mulhsu  t3, a2, a7
core   0: 3 0x800023a6 (0x03162e33) x28 0x00000000
core   0: 0x800023aa (0x00016f17) auipc   t5, 0x16
core   0: 3 0x800023aa (0x00016f17) x30 0x800183aa
core   0: 0x800023ae (0xfa2f0f13) addi    t5, t5, -94
core   0: 3 0x800023ae (0xfa2f0f13) x30 0x8001834c
core   0: 0x800023b2 (0xa19f4d83) lbu     s11, -1511(t5)
core   0: 3 0x800023b2 (0xa19f4d83) x27 0x0000007a mem 0x80017d65
core   0: 0x800023b6 (0x0000e317) auipc   t1, 0xe
core   0: 3 0x800023b6 (0x0000e317) x 6 0x800103b6
core   0: 0x800023ba (0x10030313) addi    t1, t1, 256
core   0: 3 0x800023ba (0x10030313) x 6 0x800104b6
core   0: 0x800023be (0x6eff0c03) lb      s8, 1775(t5)
core   0: 3 0x800023be (0x6eff0c03) x24 0x00000010 mem 0x80018a3b
core   0: 0x800023c2 (0xfde34e03) lbu     t3, -34(t1)
core   0: 3 0x800023c2 (0xfde34e03) x28 0x00000010 mem 0x80010494
core   0: 0x800023c6 (0x07934783) lbu     a5, 121(t1)
core   0: 3 0x800023c6 (0x07934783) x15 0x00000000 mem 0x8001052f
core   0: 0x800023ca (0x0cb34983) lbu     s3, 203(t1)
core   0: 3 0x800023ca (0x0cb34983) x19 0x00000071 mem 0x80010581
core   0: 0x800023ce (0x00732b23) sw      t2, 22(t1)
core   0: 3 0x800023ce (0x00732b23) mem 0x800104cc 0x40000000
core   0: 0x800023d2 (0x02c34283) lbu     t0, 44(t1)
core   0: 3 0x800023d2 (0x02c34283) x 5 0x00000054 mem 0x800104e2
core   0: 0x800023d6 (0x058f2623) sw      s8, 76(t5)
core   0: 3 0x800023d6 (0x058f2623) mem 0x80018398 0x00000010
core   0: 0x800023da (0xe20f5883) lhu     a7, -480(t5)
core   0: 3 0x800023da (0xe20f5883) x17 0x00000cfa mem 0x8001816c
core   0: 0x800023de (0x6bcf0ca3) sb      t3, 1721(t5)
core   0: 3 0x800023de (0x6bcf0ca3) mem 0x80018a05 0x10
core   0: 0x800023e2 (0x663f0d23) sb      gp, 1658(t5)
core   0: 3 0x800023e2 (0x663f0d23) mem 0x800189c6 0x7c
core   0: 0x800023e6 (0xf4332523) sw      gp, -182(t1)
core   0: 3 0x800023e6 (0xf4332523) mem 0x80010400 0x0000007c
core   0: 0x800023ea (0x08330c03) lb      s8, 131(t1)
core   0: 3 0x800023ea (0x08330c03) x24 0xffffffb4 mem 0x80010539
core   0: 0x800023ee (0xb8cf5603) lhu     a2, -1140(t5)
core   0: 3 0x800023ee (0xb8cf5603) x12 0x000080bb mem 0x80017ed8
core   0: 0x800023f2 (0xf45f4d83) lbu     s11, -187(t5)
core   0: 3 0x800023f2 (0xf45f4d83) x27 0x00000084 mem 0x80018291
core   0: 0x800023f6 (0x07835783) lhu     a5, 120(t1)
core   0: 3 0x800023f6 (0x07835783) x15 0x00000005 mem 0x8001052e
core   0: 0x800023fa (0x54cf4603) lbu     a2, 1356(t5)
core   0: 3 0x800023fa (0x54cf4603) x12 0x000000da mem 0x80018898
core   0: 0x800023fe (0x0a630723) sb      t1, 174(t1)
core   0: 3 0x800023fe (0x0a630723) mem 0x80010564 0xb6
core   0: 0x80002402 (0x0000e117) auipc   sp, 0xe
core   0: 3 0x80002402 (0x0000e117) x 2 0x80010402
core   0: 0x80002406 (0xd2510113) addi    sp, sp, -731
core   0: 3 0x80002406 (0xd2510113) x 2 0x80010127
core   0: 0x8000240a (0xdba78e13) addi    t3, a5, -582
core   0: 3 0x8000240a (0xdba78e13) x28 0xfffffdbf
core   0: 0x8000240e (0x01c10083) lb      ra, 28(sp)
core   0: 3 0x8000240e (0x01c10083) x 1 0xffffffe8 mem 0x80010143
core   0: 0x80002412 (0x02f0b333) mulhu   t1, ra, a5
core   0: 3 0x80002412 (0x02f0b333) x 6 0x00000004
core   0: 0x80002416 (0x02810ea3) sb      s0, 61(sp)
core   0: 3 0x80002416 (0x02810ea3) mem 0x80010164 0x0
core   0: 0x8000241a (0x00d15a83) lhu     s5, 13(sp)
core   0: 3 0x8000241a (0x00d15a83) x21 0x0000fead mem 0x80010134
core   0: 0x8000241e (0x00d10f83) lb      t6, 13(sp)
core   0: 3 0x8000241e (0x00d10f83) x31 0xffffffad mem 0x80010134
core   0: 0x80002422 (0x00f10003) lb      zero, 15(sp)
core   0: 3 0x80002422 (0x00f10003) mem 0x80010136
core   0: 0x80002426 (0x01414d83) lbu     s11, 20(sp)
core   0: 3 0x80002426 (0x01414d83) x27 0x000000f4 mem 0x8001013b
core   0: 0x8000242a (0x00910a23) sb      s1, 20(sp)
core   0: 3 0x8000242a (0x00910a23) mem 0x8001013b 0xe4
core   0: 0x8000242e (0x00610a23) sb      t1, 20(sp)
core   0: 3 0x8000242e (0x00610a23) mem 0x8001013b 0x4
core   0: 0x80002432 (0x01414c03) lbu     s8, 20(sp)
core   0: 3 0x80002432 (0x01414c03) x24 0x00000004 mem 0x8001013b
core   0: 0x80002436 (0x01110a23) sb      a7, 20(sp)
core   0: 3 0x80002436 (0x01110a23) mem 0x8001013b 0xfa
core   0: 0x8000243a (0x0000ef97) auipc   t6, 0xe
core   0: 3 0x8000243a (0x0000ef97) x31 0x8001043a
core   0: 0x8000243e (0x00bf8f93) addi    t6, t6, 11
core   0: 3 0x8000243e (0x00bf8f93) x31 0x80010445
core   0: 0x80002442 (0xffffae03) lw      t3, -1(t6)
core   0: 3 0x80002442 (0xffffae03) x28 0x64e0968e mem 0x80010444
core   0: 0x80002446 (0x0000f617) auipc   a2, 0xf
core   0: 3 0x80002446 (0x0000f617) x12 0x80011446
core   0: 0x8000244a (0x58b60613) addi    a2, a2, 1419
core   0: 3 0x8000244a (0x58b60613) x12 0x800119d1
core   0: 0x8000244e (0xac362da3) sw      gp, -1317(a2)
core   0: 3 0x8000244e (0xac362da3) mem 0x800114ac 0x0000007c
core   0: 0x80002452 (0xfe8f9aa3) sh      s0, -11(t6)
core   0: 3 0x80002452 (0xfe8f9aa3) mem 0x8001043a 0x0000
core   0: 0x80002456 (0x429618a3) sh      s1, 1073(a2)
core   0: 3 0x80002456 (0x429618a3) mem 0x80011e02 0x9ce4
core   0: 0x8000245a (0xff7f9883) lh      a7, -9(t6)
core   0: 3 0x8000245a (0xff7f9883) x17 0x00004ff1 mem 0x8001043c
core   0: 0x8000245e (0x1d960703) lb      a4, 473(a2)
core   0: 3 0x8000245e (0x1d960703) x14 0x00000004 mem 0x80011baa
core   0: 0x80002462 (0x00dfc403) lbu     s0, 13(t6)
core   0: 3 0x80002462 (0x00dfc403) x 8 0x00000055 mem 0x80010452
core   0: 0x80002466 (0x17e60823) sb      t5, 368(a2)
core   0: 3 0x80002466 (0x17e60823) mem 0x80011b41 0x4c
core   0: 0x8000246a (0x66f62683) lw      a3, 1647(a2)
core   0: 3 0x8000246a (0x66f62683) x13 0x1d0646ac mem 0x80012040
core   0: 0x8000246e (0xfebf8ba3) sb      a1, -9(t6)
core   0: 3 0x8000246e (0xfebf8ba3) mem 0x8001043c 0xc8
core   0: 0x80002472 (0x4bb60e03) lb      t3, 1211(a2)
core   0: 3 0x80002472 (0x4bb60e03) x28 0x0000006c mem 0x80011e8c
core   0: 0x80002476 (0xe15603a3) sb      s5, -505(a2)
core   0: 3 0x80002476 (0xe15603a3) mem 0x800117d8 0xad
core   0: 0x8000247a (0x32c64b83) lbu     s7, 812(a2)
core   0: 3 0x8000247a (0x32c64b83) x23 0x00000034 mem 0x80011cfd
core   0: 0x8000247e (0x86864283) lbu     t0, -1944(a2)
core   0: 3 0x8000247e (0x86864283) x 5 0x000000e3 mem 0x80011239
core   0: 0x80002482 (0x009f8283) lb      t0, 9(t6)
core   0: 3 0x80002482 (0x009f8283) x 5 0xffffff99 mem 0x8001044e
core   0: 0x80002486 (0x008fc183) lbu     gp, 8(t6)
core   0: 3 0x80002486 (0x008fc183) x 3 0x00000053 mem 0x8001044d
core   0: 0x8000248a (0x01bf8623) sb      s11, 12(t6)
core   0: 3 0x8000248a (0x01bf8623) mem 0x80010451 0xf4
core   0: 0x8000248e (0x2bb62983) lw      s3, 699(a2)
core   0: 3 0x8000248e (0x2bb62983) x19 0x5f1aefac mem 0x80011c8c
core   0: 0x80002492 (0xffe00513) li      a0, -2
core   0: 3 0x80002492 (0xffe00513) x10 0xfffffffe
core   0: 0x80002496 (0x00000001) c.nop
core   0: 3 0x80002496 (0x0001)
core   0: 0x80002498 (0x00bb3f33) sltu    t5, s6, a1
core   0: 3 0x80002498 (0x00bb3f33) x30 0x00000001
core   0: 0x8000249c (0x0100b7b3) sltu    a5, ra, a6
core   0: 3 0x8000249c (0x0100b7b3) x15 0x00000000
core   0: 0x800024a0 (0x000083d1) c.srli  a5, 20
core   0: 3 0x800024a0 (0x83d1) x15 0x00000000
core   0: 0x800024a2 (0x00000001) c.nop
core   0: 3 0x800024a2 (0x0001)
core   0: 0x800024a4 (0x000097b6) c.add   a5, a3
core   0: 3 0x800024a4 (0x97b6) x15 0x1d0646ac
core   0: 0x800024a6 (0x27f2fc13) andi    s8, t0, 639
core   0: 3 0x800024a6 (0x27f2fc13) x24 0x00000219
core   0: 0x800024aa (0x00008c41) c.or    s0, s0
core   0: 3 0x800024aa (0x8c41) x 8 0x00000055
core   0: 0x800024ac (0x0000803d) c.srli  s0, 15
core   0: 3 0x800024ac (0x803d) x 8 0x00000000
core   0: 0x800024ae (0x9d54f113) andi    sp, s1, -1579
core   0: 3 0x800024ae (0x9d54f113) x 2 0x800298c4
core   0: 0x800024b2 (0x01a58133) add     sp, a1, s10
core   0: 3 0x800024b2 (0x01a58133) x 2 0x80010bb3
core   0: 0x800024b6 (0x00008eb9) c.xor   a3, a4
core   0: 3 0x800024b6 (0x8eb9) x13 0x1d0646a8
core   0: 0x800024b8 (0x00000505) c.addi  a0, 1
core   0: 3 0x800024b8 (0x0505) x10 0xffffffff
core   0: 0x800024ba (0x490fae93) slti    t4, t6, 1168
core   0: 3 0x800024ba (0x490fae93) x29 0x00000001
core   0: 0x800024be (0x000085ea) c.mv    a1, s10
core   0: 3 0x800024be (0x85ea) x11 0xffffffeb
core   0: 0x800024c0 (0x01af0b33) add     s6, t5, s10
core   0: 3 0x800024c0 (0x01af0b33) x22 0xffffffec
core   0: 0x800024c4 (0x03c5b633) mulhu   a2, a1, t3
core   0: 3 0x800024c4 (0x03c5b633) x12 0x0000006b
core   0: 0x800024c8 (0x016afe33) and     t3, s5, s6
core   0: 3 0x800024c8 (0x016afe33) x28 0x0000feac
core   0: 0x800024cc (0x0000d16d) c.beqz  a0, pc - 30
core   0: 3 0x800024cc (0xd16d)
core   0: 0x800024ce (0xae3dde37) lui     t3, 0xae3dd
core   0: 3 0x800024ce (0xae3dde37) x28 0xae3dd000
core   0: 0x800024d2 (0x0001b397) auipc   t2, 0x1b
core   0: 3 0x800024d2 (0x0001b397) x 7 0x8001d4d2
core   0: 0x800024d6 (0x20838393) addi    t2, t2, 520
core   0: 3 0x800024d6 (0x20838393) x 7 0x8001d6da
core   0: 0x800024da (0x0001d197) auipc   gp, 0x1d
core   0: 3 0x800024da (0x0001d197) x 3 0x8001f4da
core   0: 0x800024de (0x98d18193) addi    gp, gp, -1651
core   0: 3 0x800024de (0x98d18193) x 3 0x8001ee67
core   0: 0x800024e2 (0x8eb38f03) lb      t5, -1813(t2)
core   0: 3 0x800024e2 (0x8eb38f03) x30 0xffffffb5 mem 0x8001cfc5
core   0: 0x800024e6 (0xeac39883) lh      a7, -340(t2)
core   0: 3 0x800024e6 (0xeac39883) x17 0x000041e8 mem 0x8001d586
core   0: 0x800024ea (0x11338b83) lb      s7, 275(t2)
core   0: 3 0x800024ea (0x11338b83) x23 0x0000007e mem 0x8001d7ed
core   0: 0x800024ee (0xf8f1c703) lbu     a4, -113(gp)
core   0: 3 0x800024ee (0xf8f1c703) x14 0x000000e3 mem 0x8001edf6
core   0: 0x800024f2 (0xa3539923) sh      s5, -1486(t2)
core   0: 3 0x800024f2 (0xa3539923) mem 0x8001d10c 0xfead
core   0: 0x800024f6 (0x230382a3) sb      a6, 549(t2)
core   0: 3 0x800024f6 (0x230382a3) mem 0x8001d8ff 0x64
core   0: 0x800024fa (0x1223dc83) lhu     s9, 290(t2)
core   0: 3 0x800024fa (0x1223dc83) x25 0x0000916d mem 0x8001d7fc
core   0: 0x800024fe (0x65839203) lh      tp, 1624(t2)
core   0: 3 0x800024fe (0x65839203) x 4 0xfffff551 mem 0x8001dd32
core   0: 0x80002502 (0xfac18c03) lb      s8, -84(gp)
core   0: 3 0x80002502 (0xfac18c03) x24 0x0000005d mem 0x8001ee13
core   0: 0x80002506 (0x41a388a3) sb      s10, 1041(t2)
core   0: 3 0x80002506 (0x41a388a3) mem 0x8001daeb 0xeb
core   0: 0x8000250a (0x0c21c403) lbu     s0, 194(gp)
core   0: 3 0x8000250a (0x0c21c403) x 8 0x000000dc mem 0x8001ef29
core   0: 0x8000250e (0xa2438da3) sb      tp, -1477(t2)
core   0: 3 0x8000250e (0xa2438da3) mem 0x8001d115 0x51
core   0: 0x80002512 (0xf501cd83) lbu     s11, -176(gp)
core   0: 3 0x80002512 (0xf501cd83) x27 0x000000df mem 0x8001edb7
core   0: 0x80002516 (0x06618423) sb      t1, 104(gp)
core   0: 3 0x80002516 (0x06618423) mem 0x8001eecf 0x4
core   0: 0x8000251a (0x00014297) auipc   t0, 0x14
core   0: 3 0x8000251a (0x00014297) x 5 0x8001651a
core   0: 0x8000251e (0xdc728293) addi    t0, t0, -569
core   0: 3 0x8000251e (0xdc728293) x 5 0x800162e1
core   0: 0x80002522 (0x0000ed17) auipc   s10, 0xe
core   0: 3 0x80002522 (0x0000ed17) x26 0x80010522
core   0: 0x80002526 (0x757d0d13) addi    s10, s10, 1879
core   0: 3 0x80002526 (0x757d0d13) x26 0x80010c79
core   0: 0x8000252a (0x01028003) lb      zero, 16(t0)
core   0: 3 0x8000252a (0x01028003) mem 0x800162f1
core   0: 0x8000252e (0x978d4183) lbu     gp, -1672(s10)
core   0: 3 0x8000252e (0x978d4183) x 3 0x000000bc mem 0x800105f1
core   0: 0x80002532 (0xbf9d5203) lhu     tp, -1031(s10)
core   0: 3 0x80002532 (0xbf9d5203) x 4 0x00003a92 mem 0x80010872
core   0: 0x80002536 (0x0142a3a3) sw      s4, 7(t0)
core   0: 3 0x80002536 (0x0142a3a3) mem 0x800162e8 0x80000000
core   0: 0x8000253a (0xff12ada3) sw      a7, -5(t0)
core   0: 3 0x8000253a (0xff12ada3) mem 0x800162dc 0x000041e8
core   0: 0x8000253e (0xffd29e03) lh      t3, -3(t0)
core   0: 3 0x8000253e (0xffd29e03) x28 0x00000000 mem 0x800162de
core   0: 0x80002542 (0xb08d4983) lbu     s3, -1272(s10)
core   0: 3 0x80002542 (0xb08d4983) x19 0x0000009b mem 0x80010781
core   0: 0x80002546 (0xc22d4c83) lbu     s9, -990(s10)
core   0: 3 0x80002546 (0xc22d4c83) x25 0x000000ca mem 0x8001089b
core   0: 0x8000254a (0xffe2c203) lbu     tp, -2(t0)
core   0: 3 0x8000254a (0xffe2c203) x 4 0x00000000 mem 0x800162df
core   0: 0x8000254e (0x968d4c83) lbu     s9, -1688(s10)
core   0: 3 0x8000254e (0x968d4c83) x25 0x000000ba mem 0x800105e1
core   0: 0x80002552 (0x35fd0c23) sb      t6, 856(s10)
core   0: 3 0x80002552 (0x35fd0c23) mem 0x80010fd1 0x45
core   0: 0x80002556 (0x0092d583) lhu     a1, 9(t0)
core   0: 3 0x80002556 (0x0092d583) x11 0x00008000 mem 0x800162ea
core   0: 0x8000255a (0x00000293) li      t0, 0
core   0: 3 0x8000255a (0x00000293) x 5 0x00000000
core   0: 0x8000255e (0x00000322) c.slli  t1, 8
core   0: 3 0x8000255e (0x0322) x 6 0x00000400
core   0: 0x80002560 (0x00a75d93) srli    s11, a4, 10
core   0: 3 0x80002560 (0x00a75d93) x27 0x00000000
core   0: 0x80002564 (0x00008c15) c.sub   s0, a3
core   0: 3 0x80002564 (0x8c15) x 8 0xe2f9ba34
core   0: 0x80002566 (0x3af66997) auipc   s3, 0x3af66
core   0: 3 0x80002566 (0x3af66997) x19 0xbaf68566
core   0: 0x8000256a (0x02503c33) mulhu   s8, zero, t0
core   0: 3 0x8000256a (0x02503c33) x24 0x00000000
core   0: 0x8000256e (0x0305ff33) remu    t5, a1, a6
core   0: 3 0x8000256e (0x0305ff33) x30 0x00008000
core   0: 0x80002572 (0x01d7e033) or      zero, a5, t4
core   0: 3 0x80002572 (0x01d7e033)
core   0: 0x80002576 (0x00d00b13) li      s6, 13
core   0: 3 0x80002576 (0x00d00b13) x22 0x0000000d
core   0: 0x8000257a (0x0000874d) c.srai  a4, 19
core   0: 3 0x8000257a (0x874d) x14 0x00000000
core   0: 0x8000257c (0x0084f533) and     a0, s1, s0
core   0: 3 0x8000257c (0x0084f533) x10 0x80009824
core   0: 0x80002580 (0x00844c33) xor     s8, s0, s0
core   0: 3 0x80002580 (0x00844c33) x24 0x00000000
core   0: 0x80002584 (0x58eb7093) andi    ra, s6, 1422
core   0: 3 0x80002584 (0x58eb7093) x 1 0x0000000c
core   0: 0x80002588 (0x00000295) c.addi  t0, 5
core   0: 3 0x80002588 (0x0295) x 5 0x00000005
core   0: 0x8000258a (0xe66b4697) auipc   a3, 0xe66b4
core   0: 3 0x8000258a (0xe66b4697) x13 0x666b658a
core   0: 0x8000258e (0x00000001) c.nop
core   0: 3 0x8000258e (0x0001)
core   0: 0x80002590 (0x0308fe37) lui     t3, 0x308f
core   0: 3 0x80002590 (0x0308fe37) x28 0x0308f000
core   0: 0x80002594 (0x035e1d33) mulh    s10, t3, s5
core   0: 3 0x80002594 (0x035e1d33) x26 0x00000304
core   0: 0x80002598 (0x0000696d) c.lui   s2, 0x1b
core   0: 3 0x80002598 (0x696d) x18 0x0001b000
core   0: 0x8000259a (0x00300593) li      a1, 3
core   0: 3 0x8000259a (0x00300593) x11 0x00000003
core   0: 0x8000259e (0x2c92d697) auipc   a3, 0x2c92d
core   0: 3 0x8000259e (0x2c92d697) x13 0xac92f59e
core   0: 0x800025a2 (0x01200213) li      tp, 18
core   0: 3 0x800025a2 (0x01200213) x 4 0x00000012
core   0: 0x800025a6 (0x01848933) add     s2, s1, s8
core   0: 3 0x800025a6 (0x01848933) x18 0x80029ce4
core   0: 0x800025aa (0x00008f75) c.and   a4, a3
core   0: 3 0x800025aa (0x8f75) x14 0x00000000
core   0: 0x800025ac (0x00000585) c.addi  a1, 1
core   0: 3 0x800025ac (0x0585) x11 0x00000004
core   0: 0x800025ae (0x00008f95) c.sub   a5, a3
core   0: 3 0x800025ae (0x8f95) x15 0x7073510e
core   0: 0x800025b0 (0xfe459de3) bne     a1, tp, pc - 6
core   0: 3 0x800025b0 (0xfe459de3)
core   0: 0x800025aa (0x00008f75) c.and   a4, a3
core   0: 3 0x800025aa (0x8f75) x14 0x00000000
core   0: 0x800025ac (0x00000585) c.addi  a1, 1
core   0: 3 0x800025ac (0x0585) x11 0x00000005
core   0: 0x800025ae (0x00008f95) c.sub   a5, a3
core   0: 3 0x800025ae (0x8f95) x15 0xc3e05b70
core   0: 0x800025b0 (0xfe459de3) bne     a1, tp, pc - 6
core   0: 3 0x800025b0 (0xfe459de3)
core   0: 0x800025aa (0x00008f75) c.and   a4, a3
core   0: 3 0x800025aa (0x8f75) x14 0x00000000
core   0: 0x800025ac (0x00000585) c.addi  a1, 1
core   0: 3 0x800025ac (0x0585) x11 0x00000006
core   0: 0x800025ae (0x00008f95) c.sub   a5, a3
core   0: 3 0x800025ae (0x8f95) x15 0x174d65d2
core   0: 0x800025b0 (0xfe459de3) bne     a1, tp, pc - 6
core   0: 3 0x800025b0 (0xfe459de3)
core   0: 0x800025aa (0x00008f75) c.and   a4, a3
core   0: 3 0x800025aa (0x8f75) x14 0x00000000
core   0: 0x800025ac (0x00000585) c.addi  a1, 1
core   0: 3 0x800025ac (0x0585) x11 0x00000007
core   0: 0x800025ae (0x00008f95) c.sub   a5, a3
core   0: 3 0x800025ae (0x8f95) x15 0x6aba7034
core   0: 0x800025b0 (0xfe459de3) bne     a1, tp, pc - 6
core   0: 3 0x800025b0 (0xfe459de3)
core   0: 0x800025aa (0x00008f75) c.and   a4, a3
core   0: 3 0x800025aa (0x8f75) x14 0x00000000
core   0: 0x800025ac (0x00000585) c.addi  a1, 1
core   0: 3 0x800025ac (0x0585) x11 0x00000008
core   0: 0x800025ae (0x00008f95) c.sub   a5, a3
core   0: 3 0x800025ae (0x8f95) x15 0xbe277a96
core   0: 0x800025b0 (0xfe459de3) bne     a1, tp, pc - 6
core   0: 3 0x800025b0 (0xfe459de3)
core   0: 0x800025aa (0x00008f75) c.and   a4, a3
core   0: 3 0x800025aa (0x8f75) x14 0x00000000
core   0: 0x800025ac (0x00000585) c.addi  a1, 1
core   0: 3 0x800025ac (0x0585) x11 0x00000009
core   0: 0x800025ae (0x00008f95) c.sub   a5, a3
core   0: 3 0x800025ae (0x8f95) x15 0x119484f8
core   0: 0x800025b0 (0xfe459de3) bne     a1, tp, pc - 6
core   0: 3 0x800025b0 (0xfe459de3)
core   0: 0x800025aa (0x00008f75) c.and   a4, a3
core   0: 3 0x800025aa (0x8f75) x14 0x00000000
core   0: 0x800025ac (0x00000585) c.addi  a1, 1
core   0: 3 0x800025ac (0x0585) x11 0x0000000a
core   0: 0x800025ae (0x00008f95) c.sub   a5, a3
core   0: 3 0x800025ae (0x8f95) x15 0x65018f5a
core   0: 0x800025b0 (0xfe459de3) bne     a1, tp, pc - 6
core   0: 3 0x800025b0 (0xfe459de3)
core   0: 0x800025aa (0x00008f75) c.and   a4, a3
core   0: 3 0x800025aa (0x8f75) x14 0x00000000
core   0: 0x800025ac (0x00000585) c.addi  a1, 1
core   0: 3 0x800025ac (0x0585) x11 0x0000000b
core   0: 0x800025ae (0x00008f95) c.sub   a5, a3
core   0: 3 0x800025ae (0x8f95) x15 0xb86e99bc
core   0: 0x800025b0 (0xfe459de3) bne     a1, tp, pc - 6
core   0: 3 0x800025b0 (0xfe459de3)
core   0: 0x800025aa (0x00008f75) c.and   a4, a3
core   0: 3 0x800025aa (0x8f75) x14 0x00000000
core   0: 0x800025ac (0x00000585) c.addi  a1, 1
core   0: 3 0x800025ac (0x0585) x11 0x0000000c
core   0: 0x800025ae (0x00008f95) c.sub   a5, a3
core   0: 3 0x800025ae (0x8f95) x15 0x0bdba41e
core   0: 0x800025b0 (0xfe459de3) bne     a1, tp, pc - 6
core   0: 3 0x800025b0 (0xfe459de3)
core   0: 0x800025aa (0x00008f75) c.and   a4, a3
core   0: 3 0x800025aa (0x8f75) x14 0x00000000
core   0: 0x800025ac (0x00000585) c.addi  a1, 1
core   0: 3 0x800025ac (0x0585) x11 0x0000000d
core   0: 0x800025ae (0x00008f95) c.sub   a5, a3
core   0: 3 0x800025ae (0x8f95) x15 0x5f48ae80
core   0: 0x800025b0 (0xfe459de3) bne     a1, tp, pc - 6
core   0: 3 0x800025b0 (0xfe459de3)
core   0: 0x800025aa (0x00008f75) c.and   a4, a3
core   0: 3 0x800025aa (0x8f75) x14 0x00000000
core   0: 0x800025ac (0x00000585) c.addi  a1, 1
core   0: 3 0x800025ac (0x0585) x11 0x0000000e
core   0: 0x800025ae (0x00008f95) c.sub   a5, a3
core   0: 3 0x800025ae (0x8f95) x15 0xb2b5b8e2
core   0: 0x800025b0 (0xfe459de3) bne     a1, tp, pc - 6
core   0: 3 0x800025b0 (0xfe459de3)
core   0: 0x800025aa (0x00008f75) c.and   a4, a3
core   0: 3 0x800025aa (0x8f75) x14 0x00000000
core   0: 0x800025ac (0x00000585) c.addi  a1, 1
core   0: 3 0x800025ac (0x0585) x11 0x0000000f
core   0: 0x800025ae (0x00008f95) c.sub   a5, a3
core   0: 3 0x800025ae (0x8f95) x15 0x0622c344
core   0: 0x800025b0 (0xfe459de3) bne     a1, tp, pc - 6
core   0: 3 0x800025b0 (0xfe459de3)
core   0: 0x800025aa (0x00008f75) c.and   a4, a3
core   0: 3 0x800025aa (0x8f75) x14 0x00000000
core   0: 0x800025ac (0x00000585) c.addi  a1, 1
core   0: 3 0x800025ac (0x0585) x11 0x00000010
core   0: 0x800025ae (0x00008f95) c.sub   a5, a3
core   0: 3 0x800025ae (0x8f95) x15 0x598fcda6
core   0: 0x800025b0 (0xfe459de3) bne     a1, tp, pc - 6
core   0: 3 0x800025b0 (0xfe459de3)
core   0: 0x800025aa (0x00008f75) c.and   a4, a3
core   0: 3 0x800025aa (0x8f75) x14 0x00000000
core   0: 0x800025ac (0x00000585) c.addi  a1, 1
core   0: 3 0x800025ac (0x0585) x11 0x00000011
core   0: 0x800025ae (0x00008f95) c.sub   a5, a3
core   0: 3 0x800025ae (0x8f95) x15 0xacfcd808
core   0: 0x800025b0 (0xfe459de3) bne     a1, tp, pc - 6
core   0: 3 0x800025b0 (0xfe459de3)
core   0: 0x800025aa (0x00008f75) c.and   a4, a3
core   0: 3 0x800025aa (0x8f75) x14 0x00000000
core   0: 0x800025ac (0x00000585) c.addi  a1, 1
core   0: 3 0x800025ac (0x0585) x11 0x00000012
core   0: 0x800025ae (0x00008f95) c.sub   a5, a3
core   0: 3 0x800025ae (0x8f95) x15 0x0069e26a
core   0: 0x800025b0 (0xfe459de3) bne     a1, tp, pc - 6
core   0: 3 0x800025b0 (0xfe459de3)
core   0: 0x800025b4 (0x01efed33) or      s10, t6, t5
core   0: 3 0x800025b4 (0x01efed33) x26 0x80018445
core   0: 0x800025b8 (0x00008d79) c.and   a0, a4
core   0: 3 0x800025b8 (0x8d79) x10 0x00000000
core   0: 0x800025ba (0x00009946) c.add   s2, a7
core   0: 3 0x800025ba (0x9946) x18 0x8002decc
core   0: 0x800025bc (0x027463b3) rem     t2, s0, t2
core   0: 3 0x800025bc (0x027463b3) x 7 0xe2f9ba34
core   0: 0x800025c0 (0x7de32c93) slti    s9, t1, 2014
core   0: 3 0x800025c0 (0x7de32c93) x25 0x00000001
core   0: 0x800025c4 (0x00006dd9) c.lui   s11, 0x16
core   0: 3 0x800025c4 (0x6dd9) x27 0x00016000
core   0: 0x800025c6 (0xfb62ebe3) bltu    t0, s6, pc - 74
core   0: 3 0x800025c6 (0xfb62ebe3)
core   0: 0x8000257c (0x0084f533) and     a0, s1, s0
core   0: 3 0x8000257c (0x0084f533) x10 0x80009824
core   0: 0x80002580 (0x00844c33) xor     s8, s0, s0
core   0: 3 0x80002580 (0x00844c33) x24 0x00000000
core   0: 0x80002584 (0x58eb7093) andi    ra, s6, 1422
core   0: 3 0x80002584 (0x58eb7093) x 1 0x0000000c
core   0: 0x80002588 (0x00000295) c.addi  t0, 5
core   0: 3 0x80002588 (0x0295) x 5 0x0000000a
core   0: 0x8000258a (0xe66b4697) auipc   a3, 0xe66b4
core   0: 3 0x8000258a (0xe66b4697) x13 0x666b658a
core   0: 0x8000258e (0x00000001) c.nop
core   0: 3 0x8000258e (0x0001)
core   0: 0x80002590 (0x0308fe37) lui     t3, 0x308f
core   0: 3 0x80002590 (0x0308fe37) x28 0x0308f000
core   0: 0x80002594 (0x035e1d33) mulh    s10, t3, s5
core   0: 3 0x80002594 (0x035e1d33) x26 0x00000304
core   0: 0x80002598 (0x0000696d) c.lui   s2, 0x1b
core   0: 3 0x80002598 (0x696d) x18 0x0001b000
core   0: 0x8000259a (0x00300593) li      a1, 3
core   0: 3 0x8000259a (0x00300593) x11 0x00000003
core   0: 0x8000259e (0x2c92d697) auipc   a3, 0x2c92d
core   0: 3 0x8000259e (0x2c92d697) x13 0xac92f59e
core   0: 0x800025a2 (0x01200213) li      tp, 18
core   0: 3 0x800025a2 (0x01200213) x 4 0x00000012
core   0: 0x800025a6 (0x01848933) add     s2, s1, s8
core   0: 3 0x800025a6 (0x01848933) x18 0x80029ce4
core   0: 0x800025aa (0x00008f75) c.and   a4, a3
core   0: 3 0x800025aa (0x8f75) x14 0x00000000
core   0: 0x800025ac (0x00000585) c.addi  a1, 1
core   0: 3 0x800025ac (0x0585) x11 0x00000004
core   0: 0x800025ae (0x00008f95) c.sub   a5, a3
core   0: 3 0x800025ae (0x8f95) x15 0x53d6eccc
core   0: 0x800025b0 (0xfe459de3) bne     a1, tp, pc - 6
core   0: 3 0x800025b0 (0xfe459de3)
core   0: 0x800025aa (0x00008f75) c.and   a4, a3
core   0: 3 0x800025aa (0x8f75) x14 0x00000000
core   0: 0x800025ac (0x00000585) c.addi  a1, 1
core   0: 3 0x800025ac (0x0585) x11 0x00000005
core   0: 0x800025ae (0x00008f95) c.sub   a5, a3
core   0: 3 0x800025ae (0x8f95) x15 0xa743f72e
core   0: 0x800025b0 (0xfe459de3) bne     a1, tp, pc - 6
core   0: 3 0x800025b0 (0xfe459de3)
core   0: 0x800025aa (0x00008f75) c.and   a4, a3
core   0: 3 0x800025aa (0x8f75) x14 0x00000000
core   0: 0x800025ac (0x00000585) c.addi  a1, 1
core   0: 3 0x800025ac (0x0585) x11 0x00000006
core   0: 0x800025ae (0x00008f95) c.sub   a5, a3
core   0: 3 0x800025ae (0x8f95) x15 0xfab10190
core   0: 0x800025b0 (0xfe459de3) bne     a1, tp, pc - 6
core   0: 3 0x800025b0 (0xfe459de3)
core   0: 0x800025aa (0x00008f75) c.and   a4, a3
core   0: 3 0x800025aa (0x8f75) x14 0x00000000
core   0: 0x800025ac (0x00000585) c.addi  a1, 1
core   0: 3 0x800025ac (0x0585) x11 0x00000007
core   0: 0x800025ae (0x00008f95) c.sub   a5, a3
core   0: 3 0x800025ae (0x8f95) x15 0x4e1e0bf2
core   0: 0x800025b0 (0xfe459de3) bne     a1, tp, pc - 6
core   0: 3 0x800025b0 (0xfe459de3)
core   0: 0x800025aa (0x00008f75) c.and   a4, a3
core   0: 3 0x800025aa (0x8f75) x14 0x00000000
core   0: 0x800025ac (0x00000585) c.addi  a1, 1
core   0: 3 0x800025ac (0x0585) x11 0x00000008
core   0: 0x800025ae (0x00008f95) c.sub   a5, a3
core   0: 3 0x800025ae (0x8f95) x15 0xa18b1654
core   0: 0x800025b0 (0xfe459de3) bne     a1, tp, pc - 6
core   0: 3 0x800025b0 (0xfe459de3)
core   0: 0x800025aa (0x00008f75) c.and   a4, a3
core   0: 3 0x800025aa (0x8f75) x14 0x00000000
core   0: 0x800025ac (0x00000585) c.addi  a1, 1
core   0: 3 0x800025ac (0x0585) x11 0x00000009
core   0: 0x800025ae (0x00008f95) c.sub   a5, a3
core   0: 3 0x800025ae (0x8f95) x15 0xf4f820b6
core   0: 0x800025b0 (0xfe459de3) bne     a1, tp, pc - 6
core   0: 3 0x800025b0 (0xfe459de3)
core   0: 0x800025aa (0x00008f75) c.and   a4, a3
core   0: 3 0x800025aa (0x8f75) x14 0x00000000
core   0: 0x800025ac (0x00000585) c.addi  a1, 1
core   0: 3 0x800025ac (0x0585) x11 0x0000000a
core   0: 0x800025ae (0x00008f95) c.sub   a5, a3
core   0: 3 0x800025ae (0x8f95) x15 0x48652b18
core   0: 0x800025b0 (0xfe459de3) bne     a1, tp, pc - 6
core   0: 3 0x800025b0 (0xfe459de3)
core   0: 0x800025aa (0x00008f75) c.and   a4, a3
core   0: 3 0x800025aa (0x8f75) x14 0x00000000
core   0: 0x800025ac (0x00000585) c.addi  a1, 1
core   0: 3 0x800025ac (0x0585) x11 0x0000000b
core   0: 0x800025ae (0x00008f95) c.sub   a5, a3
core   0: 3 0x800025ae (0x8f95) x15 0x9bd2357a
core   0: 0x800025b0 (0xfe459de3) bne     a1, tp, pc - 6
core   0: 3 0x800025b0 (0xfe459de3)
core   0: 0x800025aa (0x00008f75) c.and   a4, a3
core   0: 3 0x800025aa (0x8f75) x14 0x00000000
core   0: 0x800025ac (0x00000585) c.addi  a1, 1
core   0: 3 0x800025ac (0x0585) x11 0x0000000c
core   0: 0x800025ae (0x00008f95) c.sub   a5, a3
core   0: 3 0x800025ae (0x8f95) x15 0xef3f3fdc
core   0: 0x800025b0 (0xfe459de3) bne     a1, tp, pc - 6
core   0: 3 0x800025b0 (0xfe459de3)
core   0: 0x800025aa (0x00008f75) c.and   a4, a3
core   0: 3 0x800025aa (0x8f75) x14 0x00000000
core   0: 0x800025ac (0x00000585) c.addi  a1, 1
core   0: 3 0x800025ac (0x0585) x11 0x0000000d
core   0: 0x800025ae (0x00008f95) c.sub   a5, a3
core   0: 3 0x800025ae (0x8f95) x15 0x42ac4a3e
core   0: 0x800025b0 (0xfe459de3) bne     a1, tp, pc - 6
core   0: 3 0x800025b0 (0xfe459de3)
core   0: 0x800025aa (0x00008f75) c.and   a4, a3
core   0: 3 0x800025aa (0x8f75) x14 0x00000000
core   0: 0x800025ac (0x00000585) c.addi  a1, 1
core   0: 3 0x800025ac (0x0585) x11 0x0000000e
core   0: 0x800025ae (0x00008f95) c.sub   a5, a3
core   0: 3 0x800025ae (0x8f95) x15 0x961954a0
core   0: 0x800025b0 (0xfe459de3) bne     a1, tp, pc - 6
core   0: 3 0x800025b0 (0xfe459de3)
core   0: 0x800025aa (0x00008f75) c.and   a4, a3
core   0: 3 0x800025aa (0x8f75) x14 0x00000000
core   0: 0x800025ac (0x00000585) c.addi  a1, 1
core   0: 3 0x800025ac (0x0585) x11 0x0000000f
core   0: 0x800025ae (0x00008f95) c.sub   a5, a3
core   0: 3 0x800025ae (0x8f95) x15 0xe9865f02
core   0: 0x800025b0 (0xfe459de3) bne     a1, tp, pc - 6
core   0: 3 0x800025b0 (0xfe459de3)
core   0: 0x800025aa (0x00008f75) c.and   a4, a3
core   0: 3 0x800025aa (0x8f75) x14 0x00000000
core   0: 0x800025ac (0x00000585) c.addi  a1, 1
core   0: 3 0x800025ac (0x0585) x11 0x00000010
core   0: 0x800025ae (0x00008f95) c.sub   a5, a3
core   0: 3 0x800025ae (0x8f95) x15 0x3cf36964
core   0: 0x800025b0 (0xfe459de3) bne     a1, tp, pc - 6
core   0: 3 0x800025b0 (0xfe459de3)
core   0: 0x800025aa (0x00008f75) c.and   a4, a3
core   0: 3 0x800025aa (0x8f75) x14 0x00000000
core   0: 0x800025ac (0x00000585) c.addi  a1, 1
core   0: 3 0x800025ac (0x0585) x11 0x00000011
core   0: 0x800025ae (0x00008f95) c.sub   a5, a3
core   0: 3 0x800025ae (0x8f95) x15 0x906073c6
core   0: 0x800025b0 (0xfe459de3) bne     a1, tp, pc - 6
core   0: 3 0x800025b0 (0xfe459de3)
core   0: 0x800025aa (0x00008f75) c.and   a4, a3
core   0: 3 0x800025aa (0x8f75) x14 0x00000000
core   0: 0x800025ac (0x00000585) c.addi  a1, 1
core   0: 3 0x800025ac (0x0585) x11 0x00000012
core   0: 0x800025ae (0x00008f95) c.sub   a5, a3
core   0: 3 0x800025ae (0x8f95) x15 0xe3cd7e28
core   0: 0x800025b0 (0xfe459de3) bne     a1, tp, pc - 6
core   0: 3 0x800025b0 (0xfe459de3)
core   0: 0x800025b4 (0x01efed33) or      s10, t6, t5
core   0: 3 0x800025b4 (0x01efed33) x26 0x80018445
core   0: 0x800025b8 (0x00008d79) c.and   a0, a4
core   0: 3 0x800025b8 (0x8d79) x10 0x00000000
core   0: 0x800025ba (0x00009946) c.add   s2, a7
core   0: 3 0x800025ba (0x9946) x18 0x8002decc
core   0: 0x800025bc (0x027463b3) rem     t2, s0, t2
core   0: 3 0x800025bc (0x027463b3) x 7 0x00000000
core   0: 0x800025c0 (0x7de32c93) slti    s9, t1, 2014
core   0: 3 0x800025c0 (0x7de32c93) x25 0x00000001
core   0: 0x800025c4 (0x00006dd9) c.lui   s11, 0x16
core   0: 3 0x800025c4 (0x6dd9) x27 0x00016000
core   0: 0x800025c6 (0xfb62ebe3) bltu    t0, s6, pc - 74
core   0: 3 0x800025c6 (0xfb62ebe3)
core   0: 0x8000257c (0x0084f533) and     a0, s1, s0
core   0: 3 0x8000257c (0x0084f533) x10 0x80009824
core   0: 0x80002580 (0x00844c33) xor     s8, s0, s0
core   0: 3 0x80002580 (0x00844c33) x24 0x00000000
core   0: 0x80002584 (0x58eb7093) andi    ra, s6, 1422
core   0: 3 0x80002584 (0x58eb7093) x 1 0x0000000c
core   0: 0x80002588 (0x00000295) c.addi  t0, 5
core   0: 3 0x80002588 (0x0295) x 5 0x0000000f
core   0: 0x8000258a (0xe66b4697) auipc   a3, 0xe66b4
core   0: 3 0x8000258a (0xe66b4697) x13 0x666b658a
core   0: 0x8000258e (0x00000001) c.nop
core   0: 3 0x8000258e (0x0001)
core   0: 0x80002590 (0x0308fe37) lui     t3, 0x308f
core   0: 3 0x80002590 (0x0308fe37) x28 0x0308f000
core   0: 0x80002594 (0x035e1d33) mulh    s10, t3, s5
core   0: 3 0x80002594 (0x035e1d33) x26 0x00000304
core   0: 0x80002598 (0x0000696d) c.lui   s2, 0x1b
core   0: 3 0x80002598 (0x696d) x18 0x0001b000
core   0: 0x8000259a (0x00300593) li      a1, 3
core   0: 3 0x8000259a (0x00300593) x11 0x00000003
core   0: 0x8000259e (0x2c92d697) auipc   a3, 0x2c92d
core   0: 3 0x8000259e (0x2c92d697) x13 0xac92f59e
core   0: 0x800025a2 (0x01200213) li      tp, 18
core   0: 3 0x800025a2 (0x01200213) x 4 0x00000012
core   0: 0x800025a6 (0x01848933) add     s2, s1, s8
core   0: 3 0x800025a6 (0x01848933) x18 0x80029ce4
core   0: 0x800025aa (0x00008f75) c.and   a4, a3
core   0: 3 0x800025aa (0x8f75) x14 0x00000000
core   0: 0x800025ac (0x00000585) c.addi  a1, 1
core   0: 3 0x800025ac (0x0585) x11 0x00000004
core   0: 0x800025ae (0x00008f95) c.sub   a5, a3
core   0: 3 0x800025ae (0x8f95) x15 0x373a888a
core   0: 0x800025b0 (0xfe459de3) bne     a1, tp, pc - 6
core   0: 3 0x800025b0 (0xfe459de3)
core   0: 0x800025aa (0x00008f75) c.and   a4, a3
core   0: 3 0x800025aa (0x8f75) x14 0x00000000
core   0: 0x800025ac (0x00000585) c.addi  a1, 1
core   0: 3 0x800025ac (0x0585) x11 0x00000005
core   0: 0x800025ae (0x00008f95) c.sub   a5, a3
core   0: 3 0x800025ae (0x8f95) x15 0x8aa792ec
core   0: 0x800025b0 (0xfe459de3) bne     a1, tp, pc - 6
core   0: 3 0x800025b0 (0xfe459de3)
core   0: 0x800025aa (0x00008f75) c.and   a4, a3
core   0: 3 0x800025aa (0x8f75) x14 0x00000000
core   0: 0x800025ac (0x00000585) c.addi  a1, 1
core   0: 3 0x800025ac (0x0585) x11 0x00000006
core   0: 0x800025ae (0x00008f95) c.sub   a5, a3
core   0: 3 0x800025ae (0x8f95) x15 0xde149d4e
core   0: 0x800025b0 (0xfe459de3) bne     a1, tp, pc - 6
core   0: 3 0x800025b0 (0xfe459de3)
core   0: 0x800025aa (0x00008f75) c.and   a4, a3
core   0: 3 0x800025aa (0x8f75) x14 0x00000000
core   0: 0x800025ac (0x00000585) c.addi  a1, 1
core   0: 3 0x800025ac (0x0585) x11 0x00000007
core   0: 0x800025ae (0x00008f95) c.sub   a5, a3
core   0: 3 0x800025ae (0x8f95) x15 0x3181a7b0
core   0: 0x800025b0 (0xfe459de3) bne     a1, tp, pc - 6
core   0: 3 0x800025b0 (0xfe459de3)
core   0: 0x800025aa (0x00008f75) c.and   a4, a3
core   0: 3 0x800025aa (0x8f75) x14 0x00000000
core   0: 0x800025ac (0x00000585) c.addi  a1, 1
core   0: 3 0x800025ac (0x0585) x11 0x00000008
core   0: 0x800025ae (0x00008f95) c.sub   a5, a3
core   0: 3 0x800025ae (0x8f95) x15 0x84eeb212
core   0: 0x800025b0 (0xfe459de3) bne     a1, tp, pc - 6
core   0: 3 0x800025b0 (0xfe459de3)
core   0: 0x800025aa (0x00008f75) c.and   a4, a3
core   0: 3 0x800025aa (0x8f75) x14 0x00000000
core   0: 0x800025ac (0x00000585) c.addi  a1, 1
core   0: 3 0x800025ac (0x0585) x11 0x00000009
core   0: 0x800025ae (0x00008f95) c.sub   a5, a3
core   0: 3 0x800025ae (0x8f95) x15 0xd85bbc74
core   0: 0x800025b0 (0xfe459de3) bne     a1, tp, pc - 6
core   0: 3 0x800025b0 (0xfe459de3)
core   0: 0x800025aa (0x00008f75) c.and   a4, a3
core   0: 3 0x800025aa (0x8f75) x14 0x00000000
core   0: 0x800025ac (0x00000585) c.addi  a1, 1
core   0: 3 0x800025ac (0x0585) x11 0x0000000a
core   0: 0x800025ae (0x00008f95) c.sub   a5, a3
core   0: 3 0x800025ae (0x8f95) x15 0x2bc8c6d6
core   0: 0x800025b0 (0xfe459de3) bne     a1, tp, pc - 6
core   0: 3 0x800025b0 (0xfe459de3)
core   0: 0x800025aa (0x00008f75) c.and   a4, a3
core   0: 3 0x800025aa (0x8f75) x14 0x00000000
core   0: 0x800025ac (0x00000585) c.addi  a1, 1
core   0: 3 0x800025ac (0x0585) x11 0x0000000b
core   0: 0x800025ae (0x00008f95) c.sub   a5, a3
core   0: 3 0x800025ae (0x8f95) x15 0x7f35d138
core   0: 0x800025b0 (0xfe459de3) bne     a1, tp, pc - 6
core   0: 3 0x800025b0 (0xfe459de3)
core   0: 0x800025aa (0x00008f75) c.and   a4, a3
core   0: 3 0x800025aa (0x8f75) x14 0x00000000
core   0: 0x800025ac (0x00000585) c.addi  a1, 1
core   0: 3 0x800025ac (0x0585) x11 0x0000000c
core   0: 0x800025ae (0x00008f95) c.sub   a5, a3
core   0: 3 0x800025ae (0x8f95) x15 0xd2a2db9a
core   0: 0x800025b0 (0xfe459de3) bne     a1, tp, pc - 6
core   0: 3 0x800025b0 (0xfe459de3)
core   0: 0x800025aa (0x00008f75) c.and   a4, a3
core   0: 3 0x800025aa (0x8f75) x14 0x00000000
core   0: 0x800025ac (0x00000585) c.addi  a1, 1
core   0: 3 0x800025ac (0x0585) x11 0x0000000d
core   0: 0x800025ae (0x00008f95) c.sub   a5, a3
core   0: 3 0x800025ae (0x8f95) x15 0x260fe5fc
core   0: 0x800025b0 (0xfe459de3) bne     a1, tp, pc - 6
core   0: 3 0x800025b0 (0xfe459de3)
core   0: 0x800025aa (0x00008f75) c.and   a4, a3
core   0: 3 0x800025aa (0x8f75) x14 0x00000000
core   0: 0x800025ac (0x00000585) c.addi  a1, 1
core   0: 3 0x800025ac (0x0585) x11 0x0000000e
core   0: 0x800025ae (0x00008f95) c.sub   a5, a3
core   0: 3 0x800025ae (0x8f95) x15 0x797cf05e
core   0: 0x800025b0 (0xfe459de3) bne     a1, tp, pc - 6
core   0: 3 0x800025b0 (0xfe459de3)
core   0: 0x800025aa (0x00008f75) c.and   a4, a3
core   0: 3 0x800025aa (0x8f75) x14 0x00000000
core   0: 0x800025ac (0x00000585) c.addi  a1, 1
core   0: 3 0x800025ac (0x0585) x11 0x0000000f
core   0: 0x800025ae (0x00008f95) c.sub   a5, a3
core   0: 3 0x800025ae (0x8f95) x15 0xcce9fac0
core   0: 0x800025b0 (0xfe459de3) bne     a1, tp, pc - 6
core   0: 3 0x800025b0 (0xfe459de3)
core   0: 0x800025aa (0x00008f75) c.and   a4, a3
core   0: 3 0x800025aa (0x8f75) x14 0x00000000
core   0: 0x800025ac (0x00000585) c.addi  a1, 1
core   0: 3 0x800025ac (0x0585) x11 0x00000010
core   0: 0x800025ae (0x00008f95) c.sub   a5, a3
core   0: 3 0x800025ae (0x8f95) x15 0x20570522
core   0: 0x800025b0 (0xfe459de3) bne     a1, tp, pc - 6
core   0: 3 0x800025b0 (0xfe459de3)
core   0: 0x800025aa (0x00008f75) c.and   a4, a3
core   0: 3 0x800025aa (0x8f75) x14 0x00000000
core   0: 0x800025ac (0x00000585) c.addi  a1, 1
core   0: 3 0x800025ac (0x0585) x11 0x00000011
core   0: 0x800025ae (0x00008f95) c.sub   a5, a3
core   0: 3 0x800025ae (0x8f95) x15 0x73c40f84
core   0: 0x800025b0 (0xfe459de3) bne     a1, tp, pc - 6
core   0: 3 0x800025b0 (0xfe459de3)
core   0: 0x800025aa (0x00008f75) c.and   a4, a3
core   0: 3 0x800025aa (0x8f75) x14 0x00000000
core   0: 0x800025ac (0x00000585) c.addi  a1, 1
core   0: 3 0x800025ac (0x0585) x11 0x00000012
core   0: 0x800025ae (0x00008f95) c.sub   a5, a3
core   0: 3 0x800025ae (0x8f95) x15 0xc73119e6
core   0: 0x800025b0 (0xfe459de3) bne     a1, tp, pc - 6
core   0: 3 0x800025b0 (0xfe459de3)
core   0: 0x800025b4 (0x01efed33) or      s10, t6, t5
core   0: 3 0x800025b4 (0x01efed33) x26 0x80018445
core   0: 0x800025b8 (0x00008d79) c.and   a0, a4
core   0: 3 0x800025b8 (0x8d79) x10 0x00000000
core   0: 0x800025ba (0x00009946) c.add   s2, a7
core   0: 3 0x800025ba (0x9946) x18 0x8002decc
core   0: 0x800025bc (0x027463b3) rem     t2, s0, t2
core   0: 3 0x800025bc (0x027463b3) x 7 0xe2f9ba34
core   0: 0x800025c0 (0x7de32c93) slti    s9, t1, 2014
core   0: 3 0x800025c0 (0x7de32c93) x25 0x00000001
core   0: 0x800025c4 (0x00006dd9) c.lui   s11, 0x16
core   0: 3 0x800025c4 (0x6dd9) x27 0x00016000
core   0: 0x800025c6 (0xfb62ebe3) bltu    t0, s6, pc - 74
core   0: 3 0x800025c6 (0xfb62ebe3)
core   0: 0x800025ca (0x011abeb3) sltu    t4, s5, a7
core   0: 3 0x800025ca (0x011abeb3) x29 0x00000000
core   0: 0x800025ce (0x00200093) li      ra, 2
core   0: 3 0x800025ce (0x00200093) x 1 0x00000002
core   0: 0x800025d2 (0xe0b6e793) ori     a5, a3, -501
core   0: 3 0x800025d2 (0xe0b6e793) x15 0xffffff9f
core   0: 0x800025d6 (0x00fbcc33) xor     s8, s7, a5
core   0: 3 0x800025d6 (0x00fbcc33) x24 0xffffffe1
core   0: 0x800025da (0x00f212b3) sll     t0, tp, a5
core   0: 3 0x800025da (0x00f212b3) x 5 0x00000000
core   0: 0x800025de (0x00009bfd) c.andi  a5, -1
core   0: 3 0x800025de (0x9bfd) x15 0xffffff9f
core   0: 0x800025e0 (0x03cfddb3) divu    s11, t6, t3
core   0: 3 0x800025e0 (0x03cfddb3) x27 0x0000002a
core   0: 0x800025e4 (0x011c7033) and     zero, s8, a7
core   0: 3 0x800025e4 (0x011c7033)
core   0: 0x800025e8 (0x00008c35) c.xor   s0, a3
core   0: 3 0x800025e8 (0x8c35) x 8 0x4e6b4faa
core   0: 0x800025ea (0x02a81f33) mulh    t5, a6, a0
core   0: 3 0x800025ea (0x02a81f33) x30 0x00000000
core   0: 0x800025ee (0x01400f93) li      t6, 20
core   0: 3 0x800025ee (0x01400f93) x31 0x00000014
core   0: 0x800025f2 (0x41685c33) sra     s8, a6, s6
core   0: 3 0x800025f2 (0x41685c33) x24 0xfffc0012
core   0: 0x800025f6 (0x00009afd) c.andi  a3, -1
core   0: 3 0x800025f6 (0x9afd) x13 0xac92f59e
core   0: 0x800025f8 (0x034d0333) mul     t1, s10, s4
core   0: 3 0x800025f8 (0x034d0333) x 6 0x80000000
core   0: 0x800025fc (0x00000085) c.addi  ra, 1
core   0: 3 0x800025fc (0x0085) x 1 0x00000003
core   0: 0x800025fe (0x00a00893) li      a7, 10
core   0: 3 0x800025fe (0x00a00893) x17 0x0000000a
core   0: 0x80002602 (0x000066e5) c.lui   a3, 0x19
core   0: 3 0x80002602 (0x66e5) x13 0x00019000
core   0: 0x80002604 (0x00800d13) li      s10, 8
core   0: 3 0x80002604 (0x00800d13) x26 0x00000008
core   0: 0x80002608 (0x39c35437) lui     s0, 0x39c35
core   0: 3 0x80002608 (0x39c35437) x 8 0x39c35000
core   0: 0x8000260c (0x03347333) remu    t1, s0, s3
core   0: 3 0x8000260c (0x03347333) x 6 0x39c35000
core   0: 0x80002610 (0x01581b13) slli    s6, a6, 21
core   0: 3 0x80002610 (0x01581b13) x22 0xcc800000
core   0: 0x80002614 (0x00008f69) c.and   a4, a0
core   0: 3 0x80002614 (0x8f69) x14 0x00000000
core   0: 0x80002616 (0x00008e15) c.sub   a2, a3
core   0: 3 0x80002616 (0x8e15) x12 0xfffe706b
core   0: 0x80002618 (0x01a5d633) srl     a2, a1, s10
core   0: 3 0x80002618 (0x01a5d633) x12 0x00000000
core   0: 0x8000261c (0x03f4ebb3) rem     s7, s1, t6
core   0: 3 0x8000261c (0x03f4ebb3) x23 0xfffffff4
core   0: 0x80002620 (0x000018f1) c.addi  a7, -4
core   0: 3 0x80002620 (0x18f1) x17 0x00000006
core   0: 0x80002622 (0x00be9cb3) sll     s9, t4, a1
core   0: 3 0x80002622 (0x00be9cb3) x25 0x00000000
core   0: 0x80002626 (0xb0c42a93) slti    s5, s0, -1268
core   0: 3 0x80002626 (0xb0c42a93) x21 0x00000000
core   0: 0x8000262a (0xffa8d5e3) bge     a7, s10, pc - 22
core   0: 3 0x8000262a (0xffa8d5e3)
core   0: 0x8000262e (0x000067d9) c.lui   a5, 0x16
core   0: 3 0x8000262e (0x67d9) x15 0x00016000
core   0: 0x80002630 (0x00008f75) c.and   a4, a3
core   0: 3 0x80002630 (0x8f75) x14 0x00000000
core   0: 0x80002632 (0xfdf083e3) beq     ra, t6, pc - 58
core   0: 3 0x80002632 (0xfdf083e3)
core   0: 0x80002636 (0x00000612) c.slli  a2, 4
core   0: 3 0x80002636 (0x0612) x12 0x00000000
core   0: 0x80002638 (0xffa00613) li      a2, -6
core   0: 3 0x80002638 (0xffa00613) x12 0xfffffffa
core   0: 0x8000263c (0xd3ac90b7) lui     ra, 0xd3ac9
core   0: 3 0x8000263c (0xd3ac90b7) x 1 0xd3ac9000
core   0: 0x80002640 (0x01b8bdb3) sltu    s11, a7, s11
core   0: 3 0x80002640 (0x01b8bdb3) x27 0x00000001
core   0: 0x80002644 (0x03b9ecb3) rem     s9, s3, s11
core   0: 3 0x80002644 (0x03b9ecb3) x25 0x00000000
core   0: 0x80002648 (0x00000001) c.nop
core   0: 3 0x80002648 (0x0001)
core   0: 0x8000264a (0x00006cc1) c.lui   s9, 0x10
core   0: 3 0x8000264a (0x6cc1) x25 0x00010000
core   0: 0x8000264c (0x00008b0d) c.andi  a4, 3
core   0: 3 0x8000264c (0x8b0d) x14 0x00000000
core   0: 0x8000264e (0x000080aa) c.mv    ra, a0
core   0: 3 0x8000264e (0x80aa) x 1 0x00000000
core   0: 0x80002650 (0x00000619) c.addi  a2, 6
core   0: 3 0x80002650 (0x0619) x12 0x00000000
core   0: 0x80002652 (0xb9928c13) addi    s8, t0, -1127
core   0: 3 0x80002652 (0xb9928c13) x24 0xfffffb99
core   0: 0x80002656 (0x032cb433) mulhu   s0, s9, s2
core   0: 3 0x80002656 (0x032cb433) x 8 0x00008002
core   0: 0x8000265a (0x00bc46b3) xor     a3, s8, a1
core   0: 3 0x8000265a (0x00bc46b3) x13 0xfffffb8b
core   0: 0x8000265e (0xbed98693) addi    a3, s3, -1043
core   0: 3 0x8000265e (0xbed98693) x13 0xbaf68153
core   0: 0x80002662 (0xbfcc3513) sltiu   a0, s8, -1028
core   0: 3 0x80002662 (0xbfcc3513) x10 0x00000001
core   0: 0x80002666 (0x0218bc33) mulhu   s8, a7, ra
core   0: 3 0x80002666 (0x0218bc33) x24 0x00000000
core   0: 0x8000266a (0x002b1513) slli    a0, s6, 2
core   0: 3 0x8000266a (0x002b1513) x10 0x32000000
core   0: 0x8000266e (0x0000d265) c.beqz  a2, pc - 32
core   0: 3 0x8000266e (0xd265)
core   0: 0x8000264e (0x000080aa) c.mv    ra, a0
core   0: 3 0x8000264e (0x80aa) x 1 0x32000000
core   0: 0x80002650 (0x00000619) c.addi  a2, 6
core   0: 3 0x80002650 (0x0619) x12 0x00000006
core   0: 0x80002652 (0xb9928c13) addi    s8, t0, -1127
core   0: 3 0x80002652 (0xb9928c13) x24 0xfffffb99
core   0: 0x80002656 (0x032cb433) mulhu   s0, s9, s2
core   0: 3 0x80002656 (0x032cb433) x 8 0x00008002
core   0: 0x8000265a (0x00bc46b3) xor     a3, s8, a1
core   0: 3 0x8000265a (0x00bc46b3) x13 0xfffffb8b
core   0: 0x8000265e (0xbed98693) addi    a3, s3, -1043
core   0: 3 0x8000265e (0xbed98693) x13 0xbaf68153
core   0: 0x80002662 (0xbfcc3513) sltiu   a0, s8, -1028
core   0: 3 0x80002662 (0xbfcc3513) x10 0x00000001
core   0: 0x80002666 (0x0218bc33) mulhu   s8, a7, ra
core   0: 3 0x80002666 (0x0218bc33) x24 0x00000001
core   0: 0x8000266a (0x002b1513) slli    a0, s6, 2
core   0: 3 0x8000266a (0x002b1513) x10 0x32000000
core   0: 0x8000266e (0x0000d265) c.beqz  a2, pc - 32
core   0: 3 0x8000266e (0xd265)
core   0: 0x80002670 (0x00006c2d) c.lui   s8, 0xb
core   0: 3 0x80002670 (0x6c2d) x24 0x0000b000
core   0: 0x80002672 (0x0000ec97) auipc   s9, 0xe
core   0: 3 0x80002672 (0x0000ec97) x25 0x80010672
core   0: 0x80002676 (0x719c8c93) addi    s9, s9, 1817
core   0: 3 0x80002676 (0x719c8c93) x25 0x80010d8b
core   0: 0x8000267a (0x00014697) auipc   a3, 0x14
core   0: 3 0x8000267a (0x00014697) x13 0x8001667a
core   0: 0x8000267e (0x8f168693) addi    a3, a3, -1807
core   0: 3 0x8000267e (0x8f168693) x13 0x80015f6b
core   0: 0x80002682 (0xfefca6a3) sw      a5, -19(s9)
core   0: 3 0x80002682 (0xfefca6a3) mem 0x80010d78 0x00016000
core   0: 0x80002686 (0x9fe68003) lb      zero, -1538(a3)
core   0: 3 0x80002686 (0x9fe68003) mem 0x80015969
core   0: 0x8000268a (0xfcdc8823) sb      a3, -48(s9)
core   0: 3 0x8000268a (0xfcdc8823) mem 0x80010d5b 0x6b
core   0: 0x8000268e (0xce968a23) sb      s1, -780(a3)
core   0: 3 0x8000268e (0xce968a23) mem 0x80015c5f 0xe4
core   0: 0x80002692 (0x59e68703) lb      a4, 1438(a3)
core   0: 3 0x80002692 (0x59e68703) x14 0xffffffa2 mem 0x80016509
core   0: 0x80002696 (0x02bcd203) lhu     tp, 43(s9)
core   0: 3 0x80002696 (0x02bcd203) x 4 0x0000e934 mem 0x80010db6
core   0: 0x8000269a (0x002cca83) lbu     s5, 2(s9)
core   0: 3 0x8000269a (0x002cca83) x21 0x000000a6 mem 0x80010d8d
core   0: 0x8000269e (0x37369003) lh      zero, 883(a3)
core   0: 3 0x8000269e (0x37369003) mem 0x800162de
core   0: 0x800026a2 (0xfeeccc03) lbu     s8, -18(s9)
core   0: 3 0x800026a2 (0xfeeccc03) x24 0x00000060 mem 0x80010d79
core   0: 0x800026a6 (0xfd0c8a23) sb      a6, -44(s9)
core   0: 3 0x800026a6 (0xfd0c8a23) mem 0x80010d5f 0x64
core   0: 0x800026aa (0xfddc90a3) sh      t4, -63(s9)
core   0: 3 0x800026aa (0xfddc90a3) mem 0x80010d4c 0x0000
core   0: 0x800026ae (0xa9168ca3) sb      a7, -1383(a3)
core   0: 3 0x800026ae (0xa9168ca3) mem 0x80015a04 0x6
core   0: 0x800026b2 (0x007ca8a3) sw      t2, 17(s9)
core   0: 3 0x800026b2 (0x007ca8a3) mem 0x80010d9c 0xe2f9ba34
core   0: 0x800026b6 (0xfc5c9da3) sh      t0, -37(s9)
core   0: 3 0x800026b6 (0xfc5c9da3) mem 0x80010d66 0x0000
core   0: 0x800026ba (0x00b68d23) sb      a1, 26(a3)
core   0: 3 0x800026ba (0x00b68d23) mem 0x80015f85 0x12
core   0: 0x800026be (0x57268603) lb      a2, 1394(a3)
core   0: 3 0x800026be (0x57268603) x12 0xffffffde mem 0x800164dd
core   0: 0x800026c2 (0x030ccd83) lbu     s11, 48(s9)
core   0: 3 0x800026c2 (0x030ccd83) x27 0x00000072 mem 0x80010dbb
core   0: 0x800026c6 (0x88268383) lb      t2, -1918(a3)
core   0: 3 0x800026c6 (0x88268383) x 7 0x00000010 mem 0x800157ed
core   0: 0x800026ca (0x00a00913) li      s2, 10
core   0: 3 0x800026ca (0x00a00913) x18 0x0000000a
core   0: 0x800026ce (0x00000761) c.addi  a4, 24
core   0: 3 0x800026ce (0x0761) x14 0xffffffba
core   0: 0x800026d0 (0x02e6c733) div     a4, a3, a4
core   0: 3 0x800026d0 (0x02e6c733) x14 0x01d4183c
core   0: 0x800026d4 (0x5064ff97) auipc   t6, 0x5064f
core   0: 3 0x800026d4 (0x5064ff97) x31 0xd06516d4
core   0: 0x800026d8 (0x0ff0000f) fence   iorw,iorw
core   0: 3 0x800026d8 (0x0ff0000f)
core   0: 0x800026dc (0x00006111) c.addi16sp sp, 256
core   0: 3 0x800026dc (0x6111) x 2 0x80010cb3
core   0: 0x800026de (0x19bc4d93) xori    s11, s8, 411
core   0: 3 0x800026de (0x19bc4d93) x27 0x000001fb
core   0: 0x800026e2 (0x0ff0000f) fence   iorw,iorw
core   0: 3 0x800026e2 (0x0ff0000f)
core   0: 0x800026e6 (0x00844033) xor     zero, s0, s0
core   0: 3 0x800026e6 (0x00844033)
core   0: 0x800026ea (0x008e0d33) add     s10, t3, s0
core   0: 3 0x800026ea (0x008e0d33) x26 0x03097002
core   0: 0x800026ee (0x00a00613) li      a2, 10
core   0: 3 0x800026ee (0x00a00613) x12 0x0000000a
core   0: 0x800026f2 (0x19d02513) slti    a0, zero, 413
core   0: 3 0x800026f2 (0x19d02513) x10 0x00000001
core   0: 0x800026f6 (0x00accf33) xor     t5, s9, a0
core   0: 3 0x800026f6 (0x00accf33) x30 0x80010d8a
core   0: 0x800026fa (0x03b9d033) divu    zero, s3, s11
core   0: 3 0x800026fa (0x03b9d033)
core   0: 0x800026fe (0x0000717d) c.addi16sp sp, -16
core   0: 3 0x800026fe (0x717d) x 2 0x80010ca3
core   0: 0x80002700 (0x00006e59) c.lui   t3, 0x16
core   0: 3 0x80002700 (0x6e59) x28 0x00016000
core   0: 0x80002702 (0x00000001) c.nop
core   0: 3 0x80002702 (0x0001)
core   0: 0x80002704 (0x01af82b3) add     t0, t6, s10
core   0: 3 0x80002704 (0x01af82b3) x 5 0xd36e86d6
core   0: 0x80002708 (0x00008429) c.srai  s0, 10
core   0: 3 0x80002708 (0x8429) x 8 0x00000020
core   0: 0x8000270a (0x0005dd93) srli    s11, a1, 0
core   0: 3 0x8000270a (0x0005dd93) x27 0x00000012
core   0: 0x8000270e (0xa74bcfb7) lui     t6, 0xa74bc
core   0: 3 0x8000270e (0xa74bcfb7) x31 0xa74bc000
core   0: 0x80002712 (0x0000195d) c.addi  s2, -9
core   0: 3 0x80002712 (0x195d) x18 0x00000001
core   0: 0x80002714 (0xfec978e3) bgeu    s2, a2, pc - 16
core   0: 3 0x80002714 (0xfec978e3)
core   0: 0x80002718 (0xe8f9a093) slti    ra, s3, -369
core   0: 3 0x80002718 (0xe8f9a093) x 1 0x00000001
core   0: 0x8000271c (0x0000e417) auipc   s0, 0xe
core   0: 3 0x8000271c (0x0000e417) x 8 0x8001071c
core   0: 0x80002720 (0x06e40413) addi    s0, s0, 110
core   0: 3 0x80002720 (0x06e40413) x 8 0x8001078a
core   0: 0x80002724 (0x12740983) lb      s3, 295(s0)
core   0: 3 0x80002724 (0x12740983) x19 0x0000005f mem 0x800108b1
core   0: 0x80002728 (0x1a540f83) lb      t6, 421(s0)
core   0: 3 0x80002728 (0x1a540f83) x31 0x0000004e mem 0x8001092f
core   0: 0x8000272c (0x001f5b13) srli    s6, t5, 1
core   0: 3 0x8000272c (0x001f5b13) x22 0x400086c5
core   0: 0x80002730 (0x1a544a83) lbu     s5, 421(s0)
core   0: 3 0x80002730 (0x1a544a83) x21 0x0000004e mem 0x8001092f
core   0: 0x80002734 (0xe2c41503) lh      a0, -468(s0)
core   0: 3 0x80002734 (0xe2c41503) x10 0x0000003f mem 0x800105b6
core   0: 0x80002738 (0xebd44503) lbu     a0, -323(s0)
core   0: 3 0x80002738 (0xebd44503) x10 0x00000007 mem 0x80010647
core   0: 0x8000273c (0x7f341b23) sh      s3, 2038(s0)
core   0: 3 0x8000273c (0x7f341b23) mem 0x80010f80 0x005f
core   0: 0x80002740 (0xe3b44603) lbu     a2, -453(s0)
core   0: 3 0x80002740 (0xe3b44603) x12 0x000000c8 mem 0x800105c5
core   0: 0x80002744 (0x1fb44083) lbu     ra, 507(s0)
core   0: 3 0x80002744 (0x1fb44083) x 1 0x000000fb mem 0x80010985
core   0: 0x80002748 (0x1e940da3) sb      s1, 507(s0)
core   0: 3 0x80002748 (0x1e940da3) mem 0x80010985 0xe4
core   0: 0x8000274c (0xf5c402a3) sb      t3, -187(s0)
core   0: 3 0x8000274c (0xf5c402a3) mem 0x800106cf 0x0
core   0: 0x80002750 (0xe4740903) lb      s2, -441(s0)
core   0: 3 0x80002750 (0xe4740903) x18 0x00000063 mem 0x800105d1
core   0: 0x80002754 (0x024d63b3) rem     t2, s10, tp
core   0: 3 0x80002754 (0x024d63b3) x 7 0x000065be
core   0: 0x80002758 (0xe4740b03) lb      s6, -441(s0)
core   0: 3 0x80002758 (0xe4740b03) x22 0x00000063 mem 0x800105d1
core   0: 0x8000275c (0xe44403a3) sb      tp, -441(s0)
core   0: 3 0x8000275c (0xe44403a3) mem 0x800105d1 0x34
core   0: 0x80002760 (0x0000e317) auipc   t1, 0xe
core   0: 3 0x80002760 (0x0000e317) x 6 0x80010760
core   0: 0x80002764 (0x37d30313) addi    t1, t1, 893
core   0: 3 0x80002764 (0x37d30313) x 6 0x80010add
core   0: 0x80002768 (0x11b32683) lw      a3, 283(t1)
core   0: 3 0x80002768 (0x11b32683) x13 0x24d48ceb mem 0x80010bf8
core   0: 0x8000276c (0x37134383) lbu     t2, 881(t1)
core   0: 3 0x8000276c (0x37134383) x 7 0x0000005a mem 0x80010e4e
core   0: 0x80002770 (0xe2e3f393) andi    t2, t2, -466
core   0: 3 0x80002770 (0xe2e3f393) x 7 0x0000000a
core   0: 0x80002774 (0x4e535f03) lhu     t5, 1253(t1)
core   0: 3 0x80002774 (0x4e535f03) x30 0x00002a24 mem 0x80010fc2
core   0: 0x80002778 (0x85634f03) lbu     t5, -1962(t1)
core   0: 3 0x80002778 (0x85634f03) x30 0x000000d9 mem 0x80010333
core   0: 0x8000277c (0xe0e34903) lbu     s2, -498(t1)
core   0: 3 0x8000277c (0xe0e34903) x18 0x000000f8 mem 0x800108eb
core   0: 0x80002780 (0x1c1308a3) sb      ra, 465(t1)
core   0: 3 0x80002780 (0x1c1308a3) mem 0x80010cae 0xfb
core   0: 0x80002784 (0x30230a23) sb      sp, 788(t1)
core   0: 3 0x80002784 (0x30230a23) mem 0x80010df1 0xa3
core   0: 0x80002788 (0x00000f88) c.addi4spn a0, sp, 976
core   0: 3 0x80002788 (0x0f88) x10 0x80011073
core   0: 0x8000278a (0x00009156) c.add   sp, s5
core   0: 3 0x8000278a (0x9156) x 2 0x80010cf1
core   0: 0x8000278c (0x33c30983) lb      s3, 828(t1)
core   0: 3 0x8000278c (0x33c30983) x19 0xffffff9a mem 0x80010e19
core   0: 0x80002790 (0x14931a83) lh      s5, 329(t1)
core   0: 3 0x80002790 (0x14931a83) x21 0x000013f9 mem 0x80010c26
core   0: 0x80002794 (0x02d5bc33) mulhu   s8, a1, a3
core   0: 3 0x80002794 (0x02d5bc33) x24 0x00000002
core   0: 0x80002798 (0xe3c30083) lb      ra, -452(t1)
core   0: 3 0x80002798 (0xe3c30083) x 1 0x0000001b mem 0x80010919
core   0: 0x8000279c (0xbed30c83) lb      s9, -1043(t1)
core   0: 3 0x8000279c (0xbed30c83) x25 0x00000050 mem 0x800106ca
core   0: 0x800027a0 (0xca834a83) lbu     s5, -856(t1)
core   0: 3 0x800027a0 (0xca834a83) x21 0x00000074 mem 0x80010785
core   0: 0x800027a4 (0x0000829d) c.srli  a3, 7
core   0: 3 0x800027a4 (0x829d) x13 0x0049a919
core   0: 0x800027a6 (0x0f530183) lb      gp, 245(t1)
core   0: 3 0x800027a6 (0x0f530183) x 3 0xffffffc3 mem 0x80010bd2
core   0: 0x800027aa (0x8ae30923) sb      a4, -1870(t1)
core   0: 3 0x800027aa (0x8ae30923) mem 0x8001038f 0x3c
core   0: 0x800027ae (0x01b4e433) or      s0, s1, s11
core   0: 3 0x800027ae (0x01b4e433) x 8 0x80029cf6
core   0: 0x800027b2 (0x0000717d) c.addi16sp sp, -16
core   0: 3 0x800027b2 (0x717d) x 2 0x80010ce1
core   0: 0x800027b4 (0x9fb32b03) lw      s6, -1541(t1)
core   0: 3 0x800027b4 (0x9fb32b03) x22 0x8f87f82d mem 0x800104d8
core   0: 0x800027b8 (0x000050fd) c.li    ra, -1
core   0: 3 0x800027b8 (0x50fd) x 1 0xffffffff
core   0: 0x800027ba (0x01c61c13) slli    s8, a2, 28
core   0: 3 0x800027ba (0x01c61c13) x24 0x80000000
core   0: 0x800027be (0xe2434683) lbu     a3, -476(t1)
core   0: 3 0x800027be (0xe2434683) x13 0x00000056 mem 0x80010901
core   0: 0x800027c2 (0x4f834603) lbu     a2, 1272(t1)
core   0: 3 0x800027c2 (0x4f834603) x12 0x000000e0 mem 0x80010fd5
core   0: 0x800027c6 (0x0a330523) sb      gp, 170(t1)
core   0: 3 0x800027c6 (0x0a330523) mem 0x80010b87 0xc3
core   0: 0x800027ca (0x14d30f23) sb      a3, 350(t1)
core   0: 3 0x800027ca (0x14d30f23) mem 0x80010c3b 0x56
core   0: 0x800027ce (0x00008fda) c.mv    t6, s6
core   0: 3 0x800027ce (0x8fda) x31 0x8f87f82d
core   0: 0x800027d0 (0x36e34383) lbu     t2, 878(t1)
core   0: 3 0x800027d0 (0x36e34383) x 7 0x00000097 mem 0x80010e4b
core   0: 0x800027d4 (0xdf830003) lb      zero, -520(t1)
core   0: 3 0x800027d4 (0xdf830003) mem 0x800108d5
core   0: 0x800027d8 (0xb7630203) lb      tp, -1162(t1)
core   0: 3 0x800027d8 (0xb7630203) x 4 0xffffff94 mem 0x80010653
core   0: 0x800027dc (0x3381e013) ori     zero, gp, 824
core   0: 3 0x800027dc (0x3381e013)
core   0: 0x800027e0 (0x44230503) lb      a0, 1090(t1)
core   0: 3 0x800027e0 (0x44230503) x10 0xffffffd4 mem 0x80010f1f
core   0: 0x800027e4 (0x00013997) auipc   s3, 0x13
core   0: 3 0x800027e4 (0x00013997) x19 0x800157e4
core   0: 0x800027e8 (0x92a98993) addi    s3, s3, -1750
core   0: 3 0x800027e8 (0x92a98993) x19 0x8001510e
core   0: 0x800027ec (0x03c787b3) mul     a5, a5, t3
core   0: 3 0x800027ec (0x03c787b3) x15 0xe4000000
core   0: 0x800027f0 (0x2499c403) lbu     s0, 585(s3)
core   0: 3 0x800027f0 (0x2499c403) x 8 0x000000bb mem 0x80015357
core   0: 0x800027f4 (0x7df9c783) lbu     a5, 2015(s3)
core   0: 3 0x800027f4 (0x7df9c783) x15 0x000000d3 mem 0x800158ed
core   0: 0x800027f8 (0x0157e7b3) or      a5, a5, s5
core   0: 3 0x800027f8 (0x0157e7b3) x15 0x000000f7
core   0: 0x800027fc (0x408887b3) sub     a5, a7, s0
core   0: 3 0x800027fc (0x408887b3) x15 0xffffff4b
core   0: 0x80002800 (0x00008446) c.mv    s0, a7
core   0: 3 0x80002800 (0x8446) x 8 0x00000006
core   0: 0x80002802 (0xed998403) lb      s0, -295(s3)
core   0: 3 0x80002802 (0xed998403) x 8 0xffffffcf mem 0x80014fe7
core   0: 0x80002806 (0x4088de33) sra     t3, a7, s0
core   0: 3 0x80002806 (0x4088de33) x28 0x00000000
core   0: 0x8000280a (0x0ff0000f) fence   iorw,iorw
core   0: 3 0x8000280a (0x0ff0000f)
core   0: 0x8000280e (0x02f798b3) mulh    a7, a5, a5
core   0: 3 0x8000280e (0x02f798b3) x17 0x00000000
core   0: 0x80002812 (0x44e99a83) lh      s5, 1102(s3)
core   0: 3 0x80002812 (0x44e99a83) x21 0xffffc0ae mem 0x8001555c
core   0: 0x80002816 (0x0dd98a83) lb      s5, 221(s3)
core   0: 3 0x80002816 (0x0dd98a83) x21 0x00000043 mem 0x800151eb
core   0: 0x8000281a (0x00008c41) c.or    s0, s0
core   0: 3 0x8000281a (0x8c41) x 8 0xffffffcf
core   0: 0x8000281c (0x02fae7b3) rem     a5, s5, a5
core   0: 3 0x8000281c (0x02fae7b3) x15 0x00000043
core   0: 0x80002820 (0xcdf98e03) lb      t3, -801(s3)
core   0: 3 0x80002820 (0xcdf98e03) x28 0x0000004c mem 0x80014ded
core   0: 0x80002824 (0x4d599423) sh      s5, 1224(s3)
core   0: 3 0x80002824 (0x4d599423) mem 0x800155d6 0x0043
core   0: 0x80002828 (0x40ae5413) srai    s0, t3, 10
core   0: 3 0x80002828 (0x40ae5413) x 8 0x00000000
core   0: 0x8000282c (0x09d98783) lb      a5, 157(s3)
core   0: 3 0x8000282c (0x09d98783) x15 0x00000076 mem 0x800151ab
core   0: 0x80002830 (0x4f598ea3) sb      s5, 1277(s3)
core   0: 3 0x80002830 (0x4f598ea3) mem 0x8001560b 0x43
core   0: 0x80002834 (0xe8d98c03) lb      s8, -371(s3)
core   0: 3 0x80002834 (0xe8d98c03) x24 0x00000066 mem 0x80014f9b
core   0: 0x80002838 (0x356c4793) xori    a5, s8, 854
core   0: 3 0x80002838 (0x356c4793) x15 0x00000330
core   0: 0x8000283c (0x00000001) c.nop
core   0: 3 0x8000283c (0x0001)
core   0: 0x8000283e (0x90899023) sh      s0, -1792(s3)
core   0: 3 0x8000283e (0x90899023) mem 0x80014a0e 0x0000
core   0: 0x80002842 (0x22f980a3) sb      a5, 545(s3)
core   0: 3 0x80002842 (0x22f980a3) mem 0x8001532f 0x30
core   0: 0x80002846 (0xed19af23) sw      a7, -290(s3)
core   0: 3 0x80002846 (0xed19af23) mem 0x80014fec 0x00000000
core   0: 0x8000284a (0xec699a83) lh      s5, -314(s3)
core   0: 3 0x8000284a (0xec699a83) x21 0x00006ad6 mem 0x80014fd4
core   0: 0x8000284e (0x99598723) sb      s5, -1650(s3)
core   0: 3 0x8000284e (0x99598723) mem 0x80014a9c 0xd6
core   0: 0x80002852 (0x89998783) lb      a5, -1895(s3)
core   0: 3 0x80002852 (0x89998783) x15 0xffffffb1 mem 0x800149a7
core   0: 0x80002856 (0xde79c783) lbu     a5, -537(s3)
core   0: 3 0x80002856 (0xde79c783) x15 0x00000060 mem 0x80014ef5
core   0: 0x8000285a (0x41840433) sub     s0, s0, s8
core   0: 3 0x8000285a (0x41840433) x 8 0xffffff9a
core   0: 0x8000285e (0x00f418b3) sll     a7, s0, a5
core   0: 3 0x8000285e (0x00f418b3) x17 0xffffff9a
core   0: 0x80002862 (0x078981a3) sb      s8, 99(s3)
core   0: 3 0x80002862 (0x078981a3) mem 0x80015171 0x66
core   0: 0x80002866 (0xd189a123) sw      s8, -766(s3)
core   0: 3 0x80002866 (0xd189a123) mem 0x80014e10 0x00000066
core   0: 0x8000286a (0x00008456) c.mv    s0, s5
core   0: 3 0x8000286a (0x8456) x 8 0x00006ad6
core   0: 0x8000286c (0x00009aa2) c.add   s5, s0
core   0: 3 0x8000286c (0x9aa2) x21 0x0000d5ac
core   0: 0x8000286e (0x018c68b3) or      a7, s8, s8
core   0: 3 0x8000286e (0x018c68b3) x17 0x00000066
core   0: 0x80002872 (0x0b5983a3) sb      s5, 167(s3)
core   0: 3 0x80002872 (0x0b5983a3) mem 0x800151b5 0xac
core   0: 0x80002876 (0x00012717) auipc   a4, 0x12
core   0: 3 0x80002876 (0x00012717) x14 0x80014876
core   0: 0x8000287a (0xb6470713) addi    a4, a4, -1180
core   0: 3 0x8000287a (0xb6470713) x14 0x800143da
core   0: 0x8000287e (0x00016217) auipc   tp, 0x16
core   0: 3 0x8000287e (0x00016217) x 4 0x8001887e
core   0: 0x80002882 (0x98820213) addi    tp, tp, -1656
core   0: 3 0x80002882 (0x98820213) x 4 0x80018206
core   0: 0x80002886 (0x0001a317) auipc   t1, 0x1a
core   0: 3 0x80002886 (0x0001a317) x 6 0x8001c886
core   0: 0x8000288a (0xe6030313) addi    t1, t1, -416
core   0: 3 0x8000288a (0xe6030313) x 6 0x8001c6e6
core   0: 0x8000288e (0xfbf70a83) lb      s5, -65(a4)
core   0: 3 0x8000288e (0xfbf70a83) x21 0xffffffdd mem 0x80014399
core   0: 0x80002892 (0xfca72283) lw      t0, -54(a4)
core   0: 3 0x80002892 (0xfca72283) x 5 0x446f7105 mem 0x800143a4
core   0: 0x80002896 (0xfdd34f03) lbu     t5, -35(t1)
core   0: 3 0x80002896 (0xfdd34f03) x30 0x000000d8 mem 0x8001c6c3
core   0: 0x8000289a (0x00014d97) auipc   s11, 0x14
core   0: 3 0x8000289a (0x00014d97) x27 0x8001689a
core   0: 0x8000289e (0x2ead8d93) addi    s11, s11, 746
core   0: 3 0x8000289e (0x2ead8d93) x27 0x80016b84
core   0: 0x800028a2 (0xfca32583) lw      a1, -54(t1)
core   0: 3 0x800028a2 (0xfca32583) x11 0x1092b07c mem 0x8001c6b0
core   0: 0x800028a6 (0xffc202a3) sb      t3, -27(tp)
core   0: 3 0x800028a6 (0xffc202a3) mem 0x800181eb 0x4c
core   0: 0x800028aa (0xf5222003) lw      zero, -174(tp)
core   0: 3 0x800028aa (0xf5222003) mem 0x80018158
core   0: 0x800028ae (0x01074503) lbu     a0, 16(a4)
core   0: 3 0x800028ae (0x01074503) x10 0x00000021 mem 0x800143ea
core   0: 0x800028b2 (0x0f9dc883) lbu     a7, 249(s11)
core   0: 3 0x800028b2 (0x0f9dc883) x17 0x0000003b mem 0x80016c7d
core   0: 0x800028b6 (0xfed34103) lbu     sp, -19(t1)
core   0: 3 0x800028b6 (0xfed34103) x 2 0x000000a2 mem 0x8001c6d3
core   0: 0x800028ba (0x0d2202a3) sb      s2, 197(tp)
core   0: 3 0x800028ba (0x0d2202a3) mem 0x800182cb 0xf8
core   0: 0x800028be (0xf5170f03) lb      t5, -175(a4)
core   0: 3 0x800028be (0xf5170f03) x30 0xffffffe8 mem 0x8001432b
core   0: 0x800028c2 (0x085d8aa3) sb      t0, 149(s11)
core   0: 3 0x800028c2 (0x085d8aa3) mem 0x80016c19 0x5
core   0: 0x800028c6 (0xf4c22123) sw      a2, -190(tp)
core   0: 3 0x800028c6 (0xf4c22123) mem 0x80018148 0x000000e0
core   0: 0x800028ca (0x059d8da3) sb      s9, 91(s11)
core   0: 3 0x800028ca (0x059d8da3) mem 0x80016bdf 0x50
core   0: 0x800028ce (0xfe671403) lh      s0, -26(a4)
core   0: 3 0x800028ce (0xfe671403) x 8 0x00000896 mem 0x800143c0
core   0: 0x800028d2 (0xfd334b03) lbu     s6, -45(t1)
core   0: 3 0x800028d2 (0xfd334b03) x22 0x00000027 mem 0x8001c6b9
core   0: 0x800028d6 (0xf1d74f83) lbu     t6, -227(a4)
core   0: 3 0x800028d6 (0xf1d74f83) x31 0x0000006a mem 0x800142f7
core   0: 0x800028da (0xf06d8123) sb      t1, -254(s11)
core   0: 3 0x800028da (0xf06d8123) mem 0x80016a86 0xe6
core   0: 0x800028de (0xffd31c23) sh      t4, -8(t1)
core   0: 3 0x800028de (0xffd31c23) mem 0x8001c6de 0x0000
core   0: 0x800028e2 (0x0ee20223) sb      a4, 228(tp)
core   0: 3 0x800028e2 (0x0ee20223) mem 0x800182ea 0xda
core   0: 0x800028e6 (0xfe230623) sb      sp, -20(t1)
core   0: 3 0x800028e6 (0xfe230623) mem 0x8001c6d2 0xa2
core   0: 0x800028ea (0x0c770923) sb      t2, 210(a4)
core   0: 3 0x800028ea (0x0c770923) mem 0x800144ac 0x97
core   0: 0x800028ee (0xfc930f03) lb      t5, -55(t1)
core   0: 3 0x800028ee (0xfc930f03) x30 0xffffffaa mem 0x8001c6af
core   0: 0x800028f2 (0xf21d8b83) lb      s7, -223(s11)
core   0: 3 0x800028f2 (0xf21d8b83) x23 0x0000007e mem 0x80016aa5
core   0: 0x800028f6 (0x0c271123) sh      sp, 194(a4)
core   0: 3 0x800028f6 (0x0c271123) mem 0x8001449c 0x00a2
core   0: 0x800028fa (0x0bdd81a3) sb      t4, 163(s11)
core   0: 3 0x800028fa (0x0bdd81a3) mem 0x80016c27 0x0
core   0: 0x800028fe (0x0ae20f03) lb      t5, 174(tp)
core   0: 3 0x800028fe (0x0ae20f03) x30 0x00000016 mem 0x800182b4
core   0: 0x80002902 (0x0e8d85a3) sb      s0, 235(s11)
core   0: 3 0x80002902 (0x0e8d85a3) mem 0x80016c6f 0x96
core   0: 0x80002906 (0x0000e117) auipc   sp, 0xe
core   0: 3 0x80002906 (0x0000e117) x 2 0x80010906
core   0: 0x8000290a (0x2ab10113) addi    sp, sp, 683
core   0: 3 0x8000290a (0x2ab10113) x 2 0x80010bb1
core   0: 0x8000290e (0x00610603) lb      a2, 6(sp)
core   0: 3 0x8000290e (0x00610603) x12 0x00000000 mem 0x80010bb7
core   0: 0x80002912 (0x00610b83) lb      s7, 6(sp)
core   0: 3 0x80002912 (0x00610b83) x23 0x00000000 mem 0x80010bb7
core   0: 0x80002916 (0xff810d83) lb      s11, -8(sp)
core   0: 3 0x80002916 (0xff810d83) x27 0x00000056 mem 0x80010ba9
core   0: 0x8000291a (0x00008031) c.srli  s0, 12
core   0: 3 0x8000291a (0x8031) x 8 0x00000000
core   0: 0x8000291c (0x01ebdc33) srl     s8, s7, t5
core   0: 3 0x8000291c (0x01ebdc33) x24 0x00000000
core   0: 0x80002920 (0xa1e228b7) lui     a7, 0xa1e22
core   0: 3 0x80002920 (0xa1e228b7) x17 0xa1e22000
core   0: 0x80002924 (0xff814983) lbu     s3, -8(sp)
core   0: 3 0x80002924 (0xff814983) x19 0x00000056 mem 0x80010ba9
core   0: 0x80002928 (0xffb11983) lh      s3, -5(sp)
core   0: 3 0x80002928 (0xffb11983) x19 0xffffea31 mem 0x80010bac
core   0: 0x8000292c (0xff611da3) sh      s6, -5(sp)
core   0: 3 0x8000292c (0xff611da3) mem 0x80010bac 0x0027
core   0: 0x80002930 (0x00000001) c.nop
core   0: 3 0x80002930 (0x0001)
core   0: 0x80002932 (0xfeb10da3) sb      a1, -5(sp)
core   0: 3 0x80002932 (0xfeb10da3) mem 0x80010bac 0x7c
core   0: 0x80002936 (0x00008fa9) c.xor   a5, a0
core   0: 3 0x80002936 (0x8fa9) x15 0x00000041
core   0: 0x80002938 (0xffb15383) lhu     t2, -5(sp)
core   0: 3 0x80002938 (0xffb15383) x 7 0x0000007c mem 0x80010bac
core   0: 0x8000293c (0xff810c83) lb      s9, -8(sp)
core   0: 3 0x8000293c (0xff810c83) x25 0x00000056 mem 0x80010ba9
core   0: 0x80002940 (0xfe710c23) sb      t2, -8(sp)
core   0: 3 0x80002940 (0xfe710c23) mem 0x80010ba9 0x7c
core   0: 0x80002944 (0xfff10c23) sb      t6, -8(sp)
core   0: 3 0x80002944 (0xfff10c23) mem 0x80010ba9 0x6a
core   0: 0x80002948 (0x00013f17) auipc   t5, 0x13
core   0: 3 0x80002948 (0x00013f17) x30 0x80015948
core   0: 0x8000294c (0x688f0f13) addi    t5, t5, 1672
core   0: 3 0x8000294c (0x688f0f13) x30 0x80015fd0
core   0: 0x80002950 (0x00008fe9) c.and   a5, a0
core   0: 3 0x80002950 (0x8fe9) x15 0x00000001
core   0: 0x80002952 (0x010f1503) lh      a0, 16(t5)
core   0: 3 0x80002952 (0x010f1503) x10 0x00003730 mem 0x80015fe0
core   0: 0x80002956 (0x015f2823) sw      s5, 16(t5)
core   0: 3 0x80002956 (0x015f2823) mem 0x80015fe0 0xffffffdd
core   0: 0x8000295a (0x010f1883) lh      a7, 16(t5)
core   0: 3 0x8000295a (0x010f1883) x17 0xffffffdd mem 0x80015fe0
core   0: 0x8000295e (0x010f5983) lhu     s3, 16(t5)
core   0: 3 0x8000295e (0x010f5983) x19 0x0000ffdd mem 0x80015fe0
core   0: 0x80002962 (0x0379c233) div     tp, s3, s7
core   0: 3 0x80002962 (0x0379c233) x 4 0xffffffff
core   0: 0x80002966 (0x010f1e83) lh      t4, 16(t5)
core   0: 3 0x80002966 (0x010f1e83) x29 0xffffffdd mem 0x80015fe0
core   0: 0x8000296a (0x010f4b83) lbu     s7, 16(t5)
core   0: 3 0x8000296a (0x010f4b83) x23 0x000000dd mem 0x80015fe0
core   0: 0x8000296e (0x010f1b03) lh      s6, 16(t5)
core   0: 3 0x8000296e (0x010f1b03) x22 0xffffffdd mem 0x80015fe0
core   0: 0x80002972 (0x010f4383) lbu     t2, 16(t5)
core   0: 3 0x80002972 (0x010f4383) x 7 0x000000dd mem 0x80015fe0
core   0: 0x80002976 (0x013f0823) sb      s3, 16(t5)
core   0: 3 0x80002976 (0x013f0823) mem 0x80015fe0 0xdd
core   0: 0x8000297a (0x010f1f83) lh      t6, 16(t5)
core   0: 3 0x8000297a (0x010f1f83) x31 0xffffffdd mem 0x80015fe0
core   0: 0x8000297e (0xff1f1823) sh      a7, -16(t5)
core   0: 3 0x8000297e (0xff1f1823) mem 0x80015fc0 0xffdd
core   0: 0x80002982 (0xfecf2823) sw      a2, -16(t5)
core   0: 3 0x80002982 (0xfecf2823) mem 0x80015fc0 0x00000000
core   0: 0x80002986 (0xff0f4c83) lbu     s9, -16(t5)
core   0: 3 0x80002986 (0xff0f4c83) x25 0x00000000 mem 0x80015fc0
core   0: 0x8000298a (0xff2f1823) sh      s2, -16(t5)
core   0: 3 0x8000298a (0xff2f1823) mem 0x80015fc0 0x00f8
core   0: 0x8000298e (0x0001a797) auipc   a5, 0x1a
core   0: 3 0x8000298e (0x0001a797) x15 0x8001c98e
core   0: 0x80002992 (0x37178793) addi    a5, a5, 881
core   0: 3 0x80002992 (0x37178793) x15 0x8001ccff
core   0: 0x80002996 (0x4d2b7613) andi    a2, s6, 1234
core   0: 3 0x80002996 (0x4d2b7613) x12 0x000004d0
core   0: 0x8000299a (0x00409b93) slli    s7, ra, 4
core   0: 3 0x8000299a (0x00409b93) x23 0xfffffff0
core   0: 0x8000299e (0x4f2beb13) ori     s6, s7, 1266
core   0: 3 0x8000299e (0x4f2beb13) x22 0xfffffff2
core   0: 0x800029a2 (0x00008b5e) c.mv    s6, s7
core   0: 3 0x800029a2 (0x8b5e) x22 0xfffffff0
core   0: 0x800029a4 (0x01bd1613) slli    a2, s10, 27
core   0: 3 0x800029a4 (0x01bd1613) x12 0x10000000
core   0: 0x800029a8 (0x017781a3) sb      s7, 3(a5)
core   0: 3 0x800029a8 (0x017781a3) mem 0x8001cd02 0xf0
core   0: 0x800029ac (0x00000001) c.nop
core   0: 3 0x800029ac (0x0001)
core   0: 0x800029ae (0x00ebdd13) srli    s10, s7, 14
core   0: 3 0x800029ae (0x00ebdd13) x26 0x0003ffff
core   0: 0x800029b2 (0x00008e31) c.xor   a2, a2
core   0: 3 0x800029b2 (0x8e31) x12 0x00000000
core   0: 0x800029b4 (0x001610b3) sll     ra, a2, ra
core   0: 3 0x800029b4 (0x001610b3) x 1 0x00000000
core   0: 0x800029b8 (0xff678a23) sb      s6, -12(a5)
core   0: 3 0x800029b8 (0xff678a23) mem 0x8001ccf3 0xf0
core   0: 0x800029bc (0x2b80c613) xori    a2, ra, 696
core   0: 3 0x800029bc (0x2b80c613) x12 0x000002b8
core   0: 0x800029c0 (0x00c61d33) sll     s10, a2, a2
core   0: 3 0x800029c0 (0x00c61d33) x26 0xb8000000
core   0: 0x800029c4 (0x41ad0b33) sub     s6, s10, s10
core   0: 3 0x800029c4 (0x41ad0b33) x22 0x00000000
core   0: 0x800029c8 (0x00c785a3) sb      a2, 11(a5)
core   0: 3 0x800029c8 (0x00c785a3) mem 0x8001cd0a 0xb8
core   0: 0x800029cc (0x00008e11) c.sub   a2, a2
core   0: 3 0x800029cc (0x8e11) x12 0x00000000
core   0: 0x800029ce (0xff678aa3) sb      s6, -11(a5)
core   0: 3 0x800029ce (0xff678aa3) mem 0x8001ccf4 0x0
core   0: 0x800029d2 (0x018d5b93) srli    s7, s10, 24
core   0: 3 0x800029d2 (0x018d5b93) x23 0x000000b8
core   0: 0x800029d6 (0x00cbcbb3) xor     s7, s7, a2
core   0: 3 0x800029d6 (0x00cbcbb3) x23 0x000000b8
core   0: 0x800029da (0x016b4d33) xor     s10, s6, s6
core   0: 3 0x800029da (0x016b4d33) x26 0x00000000
core   0: 0x800029de (0x0027c603) lbu     a2, 2(a5)
core   0: 3 0x800029de (0x0027c603) x12 0x0000000b mem 0x8001cd01
core   0: 0x800029e2 (0x017d7633) and     a2, s10, s7
core   0: 3 0x800029e2 (0x017d7633) x12 0x00000000
core   0: 0x800029e6 (0x9b9b3613) sltiu   a2, s6, -1607
core   0: 3 0x800029e6 (0x9b9b3613) x12 0x00000001
core   0: 0x800029ea (0x00000001) c.nop
core   0: 3 0x800029ea (0x0001)
core   0: 0x800029ec (0xffe7c603) lbu     a2, -2(a5)
core   0: 3 0x800029ec (0xffe7c603) x12 0x00000029 mem 0x8001ccfd
core   0: 0x800029f0 (0x870b0b13) addi    s6, s6, -1936
core   0: 3 0x800029f0 (0x870b0b13) x22 0xfffff870
core   0: 0x800029f4 (0x41ad50b3) sra     ra, s10, s10
core   0: 3 0x800029f4 (0x41ad50b3) x 1 0x00000000
core   0: 0x800029f8 (0x00009a7d) c.andi  a2, -1
core   0: 3 0x800029f8 (0x9a7d) x12 0x00000029
core   0: 0x800029fa (0x0000167d) c.addi  a2, -1
core   0: 3 0x800029fa (0x167d) x12 0x00000028
core   0: 0x800029fc (0x03c0a0b3) mulhsu  ra, ra, t3
core   0: 3 0x800029fc (0x03c0a0b3) x 1 0x00000000
core   0: 0x80002a00 (0x0010bb33) sltu    s6, ra, ra
core   0: 3 0x80002a00 (0x0010bb33) x22 0x00000000
core   0: 0x80002a04 (0x00009d32) c.add   s10, a2
core   0: 3 0x80002a04 (0x9d32) x26 0x00000028
core   0: 0x80002a06 (0xff37cd03) lbu     s10, -13(a5)
core   0: 3 0x80002a06 (0xff37cd03) x26 0x000000ae mem 0x8001ccf2
core   0: 0x80002a0a (0xff179e03) lh      t3, -15(a5)
core   0: 3 0x80002a0a (0xff179e03) x28 0x00000003 mem 0x8001ccf0
core   0: 0x80002a0e (0xff678d23) sb      s6, -6(a5)
core   0: 3 0x80002a0e (0xff678d23) mem 0x8001ccf9 0x0
core   0: 0x80002a12 (0xff779fa3) sh      s7, -1(a5)
core   0: 3 0x80002a12 (0xff779fa3) mem 0x8001ccfe 0x00b8
core   0: 0x80002a16 (0x0000e117) auipc   sp, 0xe
core   0: 3 0x80002a16 (0x0000e117) x 2 0x80010a16
core   0: 0x80002a1a (0x38a10113) addi    sp, sp, 906
core   0: 3 0x80002a1a (0x38a10113) x 2 0x80010da0
core   0: 0x80002a1e (0x00805bb3) srl     s7, zero, s0
core   0: 3 0x80002a1e (0x00805bb3) x23 0x00000000
core   0: 0x80002a22 (0x0ff0000f) fence   iorw,iorw
core   0: 3 0x80002a22 (0x0ff0000f)
core   0: 0x80002a26 (0xfc112c23) sw      ra, -40(sp)
core   0: 3 0x80002a26 (0xfc112c23) mem 0x80010d78 0x00000000
core   0: 0x80002a2a (0x03710923) sb      s7, 50(sp)
core   0: 3 0x80002a2a (0x03710923) mem 0x80010dd2 0x0
core   0: 0x80002a2e (0xd06bca93) xori    s5, s7, -762
core   0: 3 0x80002a2e (0xd06bca93) x21 0xfffffd06
core   0: 0x80002a32 (0x00aaabb3) slt     s7, s5, a0
core   0: 3 0x80002a32 (0x00aaabb3) x23 0x00000001
core   0: 0x80002a36 (0x0000997d) c.andi  a0, -1
core   0: 3 0x80002a36 (0x997d) x10 0x00003730
core   0: 0x80002a38 (0xfc0101a3) sb      zero, -61(sp)
core   0: 3 0x80002a38 (0xfc0101a3) mem 0x80010d63 0x0
core   0: 0x80002a3c (0x015101a3) sb      s5, 3(sp)
core   0: 3 0x80002a3c (0x015101a3) mem 0x80010da3 0x6
core   0: 0x80002a40 (0xfcc10503) lb      a0, -52(sp)
core   0: 3 0x80002a40 (0xfcc10503) x10 0x00000076 mem 0x80010d6c
core   0: 0x80002a44 (0xffa10503) lb      a0, -6(sp)
core   0: 3 0x80002a44 (0xffa10503) x10 0x00000008 mem 0x80010d9a
core   0: 0x80002a48 (0xfd514083) lbu     ra, -43(sp)
core   0: 3 0x80002a48 (0xfd514083) x 1 0x00000067 mem 0x80010d75
core   0: 0x80002a4c (0x03615b83) lhu     s7, 54(sp)
core   0: 3 0x80002a4c (0x03615b83) x23 0x000042be mem 0x80010dd6
core   0: 0x80002a50 (0x00000ab6) c.slli  s5, 13
core   0: 3 0x80002a50 (0x0ab6) x21 0xffa0c000
core   0: 0x80002a52 (0x00008059) c.srli  s0, 22
core   0: 3 0x80002a52 (0x8059) x 8 0x00000000
core   0: 0x80002a54 (0x00d14b83) lbu     s7, 13(sp)
core   0: 3 0x80002a54 (0x00d14b83) x23 0x00000048 mem 0x80010dad
core   0: 0x80002a58 (0x008050b3) srl     ra, zero, s0
core   0: 3 0x80002a58 (0x008050b3) x 1 0x00000000
core   0: 0x80002a5c (0xff710523) sb      s7, -22(sp)
core   0: 3 0x80002a5c (0xff710523) mem 0x80010d8a 0x48
core   0: 0x80002a60 (0x40abd433) sra     s0, s7, a0
core   0: 3 0x80002a60 (0x40abd433) x 8 0x00000000
core   0: 0x80002a64 (0x7c547093) andi    ra, s0, 1989
core   0: 3 0x80002a64 (0x7c547093) x 1 0x00000000
core   0: 0x80002a68 (0x03214503) lbu     a0, 50(sp)
core   0: 3 0x80002a68 (0x03214503) x10 0x00000000 mem 0x80010dd2
core   0: 0x80002a6c (0x00a51533) sll     a0, a0, a0
core   0: 3 0x80002a6c (0x00a51533) x10 0x00000000
core   0: 0x80002a70 (0x02510083) lb      ra, 37(sp)
core   0: 3 0x80002a70 (0x02510083) x 1 0xffffff8e mem 0x80010dc5
core   0: 0x80002a74 (0x0000e417) auipc   s0, 0xe
core   0: 3 0x80002a74 (0x0000e417) x 8 0x80010a74
core   0: 0x80002a78 (0x5a940413) addi    s0, s0, 1449
core   0: 3 0x80002a78 (0x5a940413) x 8 0x8001101d
core   0: 0x80002a7c (0x00011197) auipc   gp, 0x11
core   0: 3 0x80002a7c (0x00011197) x 3 0x80013a7c
core   0: 0x80002a80 (0x7cc18193) addi    gp, gp, 1996
core   0: 3 0x80002a80 (0x7cc18193) x 3 0x80014248
core   0: 0x80002a84 (0xec040103) lb      sp, -320(s0)
core   0: 3 0x80002a84 (0xec040103) x 2 0xffffff9f mem 0x80010edd
core   0: 0x80002a88 (0xfdf1a823) sw      t6, -48(gp)
core   0: 3 0x80002a88 (0xfdf1a823) mem 0x80014218 0xffffffdd
core   0: 0x80002a8c (0x029189a3) sb      s1, 51(gp)
core   0: 3 0x80002a8c (0x029189a3) mem 0x8001427b 0xe4
core   0: 0x80002a90 (0xa0c40903) lb      s2, -1524(s0)
core   0: 3 0x80002a90 (0xa0c40903) x18 0xffffffa4 mem 0x80010a29
core   0: 0x80002a94 (0xd4b41603) lh      a2, -693(s0)
core   0: 3 0x80002a94 (0xd4b41603) x12 0xffff9019 mem 0x80010d68
core   0: 0x80002a98 (0x00c1a303) lw      t1, 12(gp)
core   0: 3 0x80002a98 (0x00c1a303) x 6 0x6a8b0a58 mem 0x80014254
core   0: 0x80002a9c (0xe7341c83) lh      s9, -397(s0)
core   0: 3 0x80002a9c (0xe7341c83) x25 0xffff8718 mem 0x80010e90
core   0: 0x80002aa0 (0xb1d44783) lbu     a5, -1251(s0)
core   0: 3 0x80002aa0 (0xb1d44783) x15 0x0000008a mem 0x80010b3a
core   0: 0x80002aa4 (0xfc419b03) lh      s6, -60(gp)
core   0: 3 0x80002aa4 (0xfc419b03) x22 0x00003f05 mem 0x8001420c
core   0: 0x80002aa8 (0xd1b42703) lw      a4, -741(s0)
core   0: 3 0x80002aa8 (0xd1b42703) x14 0x5c8f3374 mem 0x80010d38
core   0: 0x80002aac (0x0361c003) lbu     zero, 54(gp)
core   0: 3 0x80002aac (0x0361c003) mem 0x8001427e
core   0: 0x80002ab0 (0x9ee44e03) lbu     t3, -1554(s0)
core   0: 3 0x80002ab0 (0x9ee44e03) x28 0x000000ee mem 0x80010a0b
core   0: 0x80002ab4 (0xfc41a503) lw      a0, -60(gp)
core   0: 3 0x80002ab4 (0xfc41a503) x10 0xaba23f05 mem 0x8001420c
core   0: 0x80002ab8 (0x00015517) auipc   a0, 0x15
core   0: 3 0x80002ab8 (0x00015517) x10 0x80017ab8
core   0: 0x80002abc (0xf2b50513) addi    a0, a0, -213
core   0: 3 0x80002abc (0xf2b50513) x10 0x800179e3
core   0: 0x80002ac0 (0x54d50223) sb      a3, 1348(a0)
core   0: 3 0x80002ac0 (0x54d50223) mem 0x80017f27 0x56
core   0: 0x80002ac4 (0x40d68b33) sub     s6, a3, a3
core   0: 3 0x80002ac4 (0x40d68b33) x22 0x00000000
core   0: 0x80002ac8 (0x03d347b3) div     a5, t1, t4
core   0: 3 0x80002ac8 (0x03d347b3) x15 0xfcf4b690
core   0: 0x80002acc (0x01bda6b3) slt     a3, s11, s11
core   0: 3 0x80002acc (0x01bda6b3) x13 0x00000000
core   0: 0x80002ad0 (0x8c150b03) lb      s6, -1855(a0)
core   0: 3 0x80002ad0 (0x8c150b03) x22 0x0000000f mem 0x800172a4
core   0: 0x80002ad4 (0x000087e1) c.srai  a5, 24
core   0: 3 0x80002ad4 (0x87e1) x15 0xfffffffc
core   0: 0x80002ad6 (0x0000979a) c.add   a5, t1
core   0: 3 0x80002ad6 (0x979a) x15 0x6a8b0a54
core   0: 0x80002ad8 (0x0000100f) fence.i
core   0: 3 0x80002ad8 (0x0000100f)
core   0: 0x80002adc (0x02f7c333) div     t1, a5, a5
core   0: 3 0x80002adc (0x02f7c333) x 6 0x00000001
core   0: 0x80002ae0 (0xfe050783) lb      a5, -32(a0)
core   0: 3 0x80002ae0 (0xfe050783) x15 0xffffff81 mem 0x800179c3
core   0: 0x80002ae4 (0xd2d50923) sb      a3, -718(a0)
core   0: 3 0x80002ae4 (0xd2d50923) mem 0x80017715 0x0
core   0: 0x80002ae8 (0x6ba54303) lbu     t1, 1722(a0)
core   0: 3 0x80002ae8 (0x6ba54303) x 6 0x00000000 mem 0x8001809d
core   0: 0x80002aec (0x03ddcdb3) div     s11, s11, t4
core   0: 3 0x80002aec (0x03ddcdb3) x27 0xfffffffe
core   0: 0x80002af0 (0xfc750303) lb      t1, -57(a0)
core   0: 3 0x80002af0 (0xfc750303) x 6 0xffffffe2 mem 0x800179aa
core   0: 0x80002af4 (0x19d51b03) lh      s6, 413(a0)
core   0: 3 0x80002af4 (0x19d51b03) x22 0x00006b57 mem 0x80017b80
core   0: 0x80002af8 (0x566519a3) sh      t1, 1395(a0)
core   0: 3 0x80002af8 (0x566519a3) mem 0x80017f56 0xffe2
core   0: 0x80002afc (0x63b528a3) sw      s11, 1585(a0)
core   0: 3 0x80002afc (0x63b528a3) mem 0x80018014 0xfffffffe
core   0: 0x80002b00 (0x00000001) c.nop
core   0: 3 0x80002b00 (0x0001)
core   0: 0x80002b02 (0x95854d83) lbu     s11, -1704(a0)
core   0: 3 0x80002b02 (0x95854d83) x27 0x00000018 mem 0x8001733b
core   0: 0x80002b06 (0x20650423) sb      t1, 520(a0)
core   0: 3 0x80002b06 (0x20650423) mem 0x80017beb 0xe2
core   0: 0x80002b0a (0x673ead93) slti    s11, t4, 1651
core   0: 3 0x80002b0a (0x673ead93) x27 0x00000001
core   0: 0x80002b0e (0x00008edd) c.or    a3, a5
core   0: 3 0x80002b0e (0x8edd) x13 0xffffff81
core   0: 0x80002b10 (0x59650123) sb      s6, 1410(a0)
core   0: 3 0x80002b10 (0x59650123) mem 0x80017f65 0x57
core   0: 0x80002b14 (0x3f954683) lbu     a3, 1017(a0)
core   0: 3 0x80002b14 (0x3f954683) x13 0x000000f7 mem 0x80017ddc
core   0: 0x80002b18 (0x9f050d83) lb      s11, -1552(a0)
core   0: 3 0x80002b18 (0x9f050d83) x27 0x00000026 mem 0x800173d3
core   0: 0x80002b1c (0xe0152e83) lw      t4, -511(a0)
core   0: 3 0x80002b1c (0xe0152e83) x29 0x6a689199 mem 0x800177e4
core   0: 0x80002b20 (0x0ff0000f) fence   iorw,iorw
core   0: 3 0x80002b20 (0x0ff0000f)
core   0: 0x80002b24 (0x02fb2b33) mulhsu  s6, s6, a5
core   0: 3 0x80002b24 (0x02fb2b33) x22 0x00006b56
core   0: 0x80002b28 (0x50c50b03) lb      s6, 1292(a0)
core   0: 3 0x80002b28 (0x50c50b03) x22 0xffffffc6 mem 0x80017eef
core   0: 0x80002b2c (0x01dde333) or      t1, s11, t4
core   0: 3 0x80002b2c (0x01dde333) x 6 0x6a6891bf
core   0: 0x80002b30 (0x2c254683) lbu     a3, 706(a0)
core   0: 3 0x80002b30 (0x2c254683) x13 0x000000d5 mem 0x80017ca5
core   0: 0x80002b34 (0x00fda333) slt     t1, s11, a5
core   0: 3 0x80002b34 (0x00fda333) x 6 0x00000000
core   0: 0x80002b38 (0xa3a54d83) lbu     s11, -1478(a0)
core   0: 3 0x80002b38 (0xa3a54d83) x27 0x0000009e mem 0x8001741d
core   0: 0x80002b3c (0xba454303) lbu     t1, -1116(a0)
core   0: 3 0x80002b3c (0xba454303) x 6 0x0000001f mem 0x80017587
core   0: 0x80002b40 (0xd9e54b03) lbu     s6, -610(a0)
core   0: 3 0x80002b40 (0xd9e54b03) x22 0x0000001b mem 0x80017781
core   0: 0x80002b44 (0x8ef50823) sb      a5, -1808(a0)
core   0: 3 0x80002b44 (0x8ef50823) mem 0x800172d3 0x81
core   0: 0x80002b48 (0x01200c6f) jal     s8, pc + 0x12
core   0: 3 0x80002b48 (0x01200c6f) x24 0x80002b4c
core   0: 0x80002b5a (0x0000bfed) c.j     pc - 6
core   0: 3 0x80002b5a (0xbfed)
core   0: 0x80002b54 (0x0000bfe5) c.j     pc - 8
core   0: 3 0x80002b54 (0xbfe5)
core   0: 0x80002b4c (0x0000a80d) c.j     pc + 50
core   0: 3 0x80002b4c (0xa80d)
core   0: 0x80002b7e (0x000037e5) c.jal   pc - 24
core   0: 3 0x80002b7e (0x37e5) x 1 0x80002b80
core   0: 0x80002b66 (0xffdff36f) jal     t1, pc - 0x4
core   0: 3 0x80002b66 (0xffdff36f) x 6 0x80002b6a
core   0: 0x80002b62 (0x00002015) c.jal   pc + 36
core   0: 3 0x80002b62 (0x2015) x 1 0x80002b64
core   0: 0x80002b86 (0x00003ff9) c.jal   pc - 34
core   0: 3 0x80002b86 (0x3ff9) x 1 0x80002b88
core   0: 0x80002b64 (0x0000a019) c.j     pc + 6
core   0: 3 0x80002b64 (0xa019)
core   0: 0x80002b6a (0x00002801) c.jal   pc + 16
core   0: 3 0x80002b6a (0x2801) x 1 0x80002b6c
core   0: 0x80002b7a (0xff5ffdef) jal     s11, pc - 0xc
core   0: 3 0x80002b7a (0xff5ffdef) x27 0x80002b7e
core   0: 0x80002b6e (0x0000a009) c.j     pc + 2
core   0: 3 0x80002b6e (0xa009)
core   0: 0x80002b70 (0xff1ff76f) jal     a4, pc - 0x10
core   0: 3 0x80002b70 (0xff1ff76f) x14 0x80002b74
core   0: 0x80002b60 (0x0000bff5) c.j     pc - 4
core   0: 3 0x80002b60 (0xbff5)
core   0: 0x80002b5c (0x00002015) c.jal   pc + 36
core   0: 3 0x80002b5c (0x2015) x 1 0x80002b5e
core   0: 0x80002b80 (0x008000ef) jal     pc + 0x8
core   0: 3 0x80002b80 (0x008000ef) x 1 0x80002b84
core   0: 0x80002b88 (0x00002021) c.jal   pc + 8
core   0: 3 0x80002b88 (0x2021) x 1 0x80002b8a
core   0: 0x80002b90 (0x0000b7e1) c.j     pc - 56
core   0: 3 0x80002b90 (0xb7e1)
core   0: 0x80002b58 (0x00002831) c.jal   pc + 28
core   0: 3 0x80002b58 (0x2831) x 1 0x80002b5a
core   0: 0x80002b74 (0x018000ef) jal     pc + 0x18
core   0: 3 0x80002b74 (0x018000ef) x 1 0x80002b78
core   0: 0x80002b8c (0xfd3ff0ef) jal     pc - 0x2e
core   0: 3 0x80002b8c (0xfd3ff0ef) x 1 0x80002b90
core   0: 0x80002b5e (0x0000bfcd) c.j     pc - 14
core   0: 3 0x80002b5e (0xbfcd)
core   0: 0x80002b50 (0x0000a815) c.j     pc + 52
core   0: 3 0x80002b50 (0xa815)
core   0: 0x80002b84 (0x0000b7f9) c.j     pc - 50
core   0: 3 0x80002b84 (0xb7f9)
core   0: 0x80002b52 (0x0000201d) c.jal   pc + 38
core   0: 3 0x80002b52 (0x201d) x 1 0x80002b54
core   0: 0x80002b78 (0x0000bfd9) c.j     pc - 42
core   0: 3 0x80002b78 (0xbfd9)
core   0: 0x80002b4e (0x00002021) c.jal   pc + 8
core   0: 3 0x80002b4e (0x2021) x 1 0x80002b50
core   0: 0x80002b56 (0x0000a819) c.j     pc + 22
core   0: 3 0x80002b56 (0xa819)
core   0: 0x80002b6c (0x00002839) c.jal   pc + 30
core   0: 3 0x80002b6c (0x2839) x 1 0x80002b6e
core   0: 0x80002b8a (0x0000a021) c.j     pc + 8
core   0: 3 0x80002b8a (0xa021)
core   0: 0x80002b92 (0x00000916) c.slli  s2, 5
core   0: 3 0x80002b92 (0x0916) x18 0xfffff480
core   0: 0x80002b94 (0x00600593) li      a1, 6
core   0: 3 0x80002b94 (0x00600593) x11 0x00000006
core   0: 0x80002b98 (0x00000313) li      t1, 0
core   0: 3 0x80002b98 (0x00000313) x 6 0x00000000
core   0: 0x80002b9c (0x00008f81) c.sub   a5, s0
core   0: 3 0x80002b9c (0x8f81) x15 0x7ffeef64
core   0: 0x80002b9e (0x000015e9) c.addi  a1, -6
core   0: 3 0x80002b9e (0x15e9) x11 0x00000000
core   0: 0x80002ba0 (0x00a00e93) li      t4, 10
core   0: 3 0x80002ba0 (0x00a00e93) x29 0x0000000a
core   0: 0x80002ba4 (0xff200f13) li      t5, -14
core   0: 3 0x80002ba4 (0xff200f13) x30 0xfffffff2
core   0: 0x80002ba8 (0x000092da) c.add   t0, s6
core   0: 3 0x80002ba8 (0x92da) x 5 0x446f7120
core   0: 0x80002baa (0x00001ee9) c.addi  t4, -6
core   0: 3 0x80002baa (0x1ee9) x29 0x00000004
core   0: 0x80002bac (0xffee8ee3) beq     t4, t5, pc - 4
core   0: 3 0x80002bac (0xffee8ee3)
core   0: 0x80002bb0 (0xfe6586e3) beq     a1, t1, pc - 20
core   0: 3 0x80002bb0 (0xfe6586e3)
core   0: 0x80002b9c (0x00008f81) c.sub   a5, s0
core   0: 3 0x80002b9c (0x8f81) x15 0xfffddf47
core   0: 0x80002b9e (0x000015e9) c.addi  a1, -6
core   0: 3 0x80002b9e (0x15e9) x11 0xfffffffa
core   0: 0x80002ba0 (0x00a00e93) li      t4, 10
core   0: 3 0x80002ba0 (0x00a00e93) x29 0x0000000a
core   0: 0x80002ba4 (0xff200f13) li      t5, -14
core   0: 3 0x80002ba4 (0xff200f13) x30 0xfffffff2
core   0: 0x80002ba8 (0x000092da) c.add   t0, s6
core   0: 3 0x80002ba8 (0x92da) x 5 0x446f713b
core   0: 0x80002baa (0x00001ee9) c.addi  t4, -6
core   0: 3 0x80002baa (0x1ee9) x29 0x00000004
core   0: 0x80002bac (0xffee8ee3) beq     t4, t5, pc - 4
core   0: 3 0x80002bac (0xffee8ee3)
core   0: 0x80002bb0 (0xfe6586e3) beq     a1, t1, pc - 20
core   0: 3 0x80002bb0 (0xfe6586e3)
core   0: 0x80002bb4 (0x0168d133) srl     sp, a7, s6
core   0: 3 0x80002bb4 (0x0168d133) x 2 0x0000001f
core   0: 0x80002bb8 (0xff800513) li      a0, -8
core   0: 3 0x80002bb8 (0xff800513) x10 0xfffffff8
core   0: 0x80002bbc (0x02edc5b3) div     a1, s11, a4
core   0: 3 0x80002bbc (0x02edc5b3) x11 0x00000000
core   0: 0x80002bc0 (0x0ff0000f) fence   iorw,iorw
core   0: 3 0x80002bc0 (0x0ff0000f)
core   0: 0x80002bc4 (0x00000001) c.nop
core   0: 3 0x80002bc4 (0x0001)
core   0: 0x80002bc6 (0x076c2893) slti    a7, s8, 118
core   0: 3 0x80002bc6 (0x076c2893) x17 0x00000001
core   0: 0x80002bca (0x40b086b3) sub     a3, ra, a1
core   0: 3 0x80002bca (0x40b086b3) x13 0x80002b6e
core   0: 0x80002bce (0x00008db5) c.xor   a1, a3
core   0: 3 0x80002bce (0x8db5) x11 0x80002b6e
core   0: 0x80002bd0 (0x00000521) c.addi  a0, 8
core   0: 3 0x80002bd0 (0x0521) x10 0x00000000
core   0: 0x80002bd2 (0x0000430d) c.li    t1, 3
core   0: 3 0x80002bd2 (0x430d) x 6 0x00000003
core   0: 0x80002bd4 (0x002a2c33) slt     s8, s4, sp
core   0: 3 0x80002bd4 (0x002a2c33) x24 0x00000001
core   0: 0x80002bd8 (0x4191da93) srai    s5, gp, 25
core   0: 3 0x80002bd8 (0x4191da93) x21 0xffffffc0
core   0: 0x80002bdc (0x0000614d) c.addi16sp sp, 176
core   0: 3 0x80002bdc (0x614d) x 2 0x000000cf
core   0: 0x80002bde (0x00a00b93) li      s7, 10
core   0: 3 0x80002bde (0x00a00b93) x23 0x0000000a
core   0: 0x80002be2 (0x00700f13) li      t5, 7
core   0: 3 0x80002be2 (0x00700f13) x30 0x00000007
core   0: 0x80002be6 (0x010300b3) add     ra, t1, a6
core   0: 3 0x80002be6 (0x010300b3) x 1 0x80025e67
core   0: 0x80002bea (0xb6df6b13) ori     s6, t5, -1171
core   0: 3 0x80002bea (0xb6df6b13) x22 0xfffffb6f
core   0: 0x80002bee (0x025ea0b3) mulhsu  ra, t4, t0
core   0: 3 0x80002bee (0x025ea0b3) x 1 0x00000001
core   0: 0x80002bf2 (0x0000100f) fence.i
core   0: 3 0x80002bf2 (0x0000100f)
core   0: 0x80002bf6 (0x00000001) c.nop
core   0: 3 0x80002bf6 (0x0001)
core   0: 0x80002bf8 (0x02a3d133) divu    sp, t2, a0
core   0: 3 0x80002bf8 (0x02a3d133) x 2 0xffffffff
core   0: 0x80002bfc (0xc355a617) auipc   a2, 0xc355a
core   0: 3 0x80002bfc (0xc355a617) x12 0x4355cbfc
core   0: 0x80002c00 (0x0124d3b3) srl     t2, s1, s2
core   0: 3 0x80002c00 (0x0124d3b3) x 7 0x80029ce4
core   0: 0x80002c04 (0x00871eb3) sll     t4, a4, s0
core   0: 3 0x80002c04 (0x00871eb3) x29 0x80000000
core   0: 0x80002c08 (0x00001bed) c.addi  s7, -5
core   0: 3 0x80002c08 (0x1bed) x23 0x00000005
core   0: 0x80002c0a (0x28a80d37) lui     s10, 0x28a80
core   0: 3 0x80002c0a (0x28a80d37) x26 0x28a80000
core   0: 0x80002c0e (0x00af7e33) and     t3, t5, a0
core   0: 3 0x80002c0e (0x00af7e33) x28 0x00000000
core   0: 0x80002c12 (0xfdebfce3) bgeu    s7, t5, pc - 40
core   0: 3 0x80002c12 (0xfdebfce3)
core   0: 0x80002c16 (0x00008f6d) c.and   a4, a1
core   0: 3 0x80002c16 (0x8f6d) x14 0x80002b64
core   0: 0x80002c18 (0x00009a9e) c.add   s5, t2
core   0: 3 0x80002c18 (0x9a9e) x21 0x80029ca4
core   0: 0x80002c1a (0x000010fd) c.addi  ra, -1
core   0: 3 0x80002c1a (0x10fd) x 1 0x00000000
core   0: 0x80002c1c (0x410dd7b3) sra     a5, s11, a6
core   0: 3 0x80002c1c (0x410dd7b3) x15 0xf80002b7
core   0: 0x80002c20 (0x0000803d) c.srli  s0, 15
core   0: 3 0x80002c20 (0x803d) x 8 0x00010002
core   0: 0x80002c22 (0x0000f545) c.bnez  a0, pc - 88
core   0: 3 0x80002c22 (0xf545)
core   0: 0x80002c24 (0x007bb3b3) sltu    t2, s7, t2
core   0: 3 0x80002c24 (0x007bb3b3) x 7 0x00000001
core   0: 0x80002c28 (0x0001dd97) auipc   s11, 0x1d
core   0: 3 0x80002c28 (0x0001dd97) x27 0x8001fc28
core   0: 0x80002c2c (0x7c4d8d93) addi    s11, s11, 1988
core   0: 3 0x80002c2c (0x7c4d8d93) x27 0x800203ec
core   0: 0x80002c30 (0x00e52033) slt     zero, a0, a4
core   0: 3 0x80002c30 (0x00e52033)
core   0: 0x80002c34 (0x0000987d) c.andi  s0, -1
core   0: 3 0x80002c34 (0x987d) x 8 0x00010002
core   0: 0x80002c36 (0x000083e6) c.mv    t2, s9
core   0: 3 0x80002c36 (0x83e6) x 7 0xffff8718
core   0: 0x80002c38 (0xf41d86a3) sb      ra, -179(s11)
core   0: 3 0x80002c38 (0xf41d86a3) mem 0x80020339 0x0
core   0: 0x80002c3c (0xf4ddc583) lbu     a1, -179(s11)
core   0: 3 0x80002c3c (0xf4ddc583) x11 0x00000000 mem 0x80020339
core   0: 0x80002c40 (0xf45d86a3) sb      t0, -179(s11)
core   0: 3 0x80002c40 (0xf45d86a3) mem 0x80020339 0x3b
core   0: 0x80002c44 (0xf4dd8a83) lb      s5, -179(s11)
core   0: 3 0x80002c44 (0xf4dd8a83) x21 0x0000003b mem 0x80020339
core   0: 0x80002c48 (0xfcbd8fa3) sb      a1, -33(s11)
core   0: 3 0x80002c48 (0xfcbd8fa3) mem 0x800203cb 0x0
core   0: 0x80002c4c (0xff7d8ca3) sb      s7, -7(s11)
core   0: 3 0x80002c4c (0xff7d8ca3) mem 0x800203e5 0x5
core   0: 0x80002c50 (0xffbd8ca3) sb      s11, -7(s11)
core   0: 3 0x80002c50 (0xffbd8ca3) mem 0x800203e5 0xec
core   0: 0x80002c54 (0x023aa933) mulhsu  s2, s5, gp
core   0: 3 0x80002c54 (0x023aa933) x18 0x0000001d
core   0: 0x80002c58 (0x0000828d) c.srli  a3, 3
core   0: 3 0x80002c58 (0x828d) x13 0x1000056d
core   0: 0x80002c5a (0x008055b3) srl     a1, zero, s0
core   0: 3 0x80002c5a (0x008055b3) x11 0x00000000
core   0: 0x80002c5e (0xfe1d8ca3) sb      ra, -7(s11)
core   0: 3 0x80002c5e (0xfe1d8ca3) mem 0x800203e5 0x0
core   0: 0x80002c62 (0x00008e31) c.xor   a2, a2
core   0: 3 0x80002c62 (0x8e31) x12 0x00000000
core   0: 0x80002c64 (0xfecd8ca3) sb      a2, -7(s11)
core   0: 3 0x80002c64 (0xfecd8ca3) mem 0x800203e5 0x0
core   0: 0x80002c68 (0xff5d8ca3) sb      s5, -7(s11)
core   0: 3 0x80002c68 (0xff5d8ca3) mem 0x800203e5 0x3b
core   0: 0x80002c6c (0x045d8e03) lb      t3, 69(s11)
core   0: 3 0x80002c6c (0x045d8e03) x28 0xffffff95 mem 0x80020431
core   0: 0x80002c70 (0x05bdc003) lbu     zero, 91(s11)
core   0: 3 0x80002c70 (0x05bdc003) mem 0x80020447
core   0: 0x80002c74 (0x04ed8da3) sb      a4, 91(s11)
core   0: 3 0x80002c74 (0x04ed8da3) mem 0x80020447 0x64
core   0: 0x80002c78 (0x05bd8783) lb      a5, 91(s11)
core   0: 3 0x80002c78 (0x05bd8783) x15 0x00000064 mem 0x80020447
core   0: 0x80002c7c (0x05bdc983) lbu     s3, 91(s11)
core   0: 3 0x80002c7c (0x05bdc983) x19 0x00000064 mem 0x80020447
core   0: 0x80002c80 (0x00012917) auipc   s2, 0x12
core   0: 3 0x80002c80 (0x00012917) x18 0x80014c80
core   0: 0x80002c84 (0x26e90913) addi    s2, s2, 622
core   0: 3 0x80002c84 (0x26e90913) x18 0x80014eee
core   0: 0x80002c88 (0xfc590403) lb      s0, -59(s2)
core   0: 3 0x80002c88 (0xfc590403) x 8 0xffffffb6 mem 0x80014eb3
core   0: 0x80002c8c (0xfe794403) lbu     s0, -25(s2)
core   0: 3 0x80002c8c (0xfe794403) x 8 0x0000008d mem 0x80014ed5
core   0: 0x80002c90 (0x00000f22) c.slli  t5, 8
core   0: 3 0x80002c90 (0x0f22) x30 0x00000700
core   0: 0x80002c92 (0x415e0e33) sub     t3, t3, s5
core   0: 3 0x80002c92 (0x415e0e33) x28 0xffffff5a
core   0: 0x80002c96 (0xfe591623) sh      t0, -20(s2)
core   0: 3 0x80002c96 (0xfe591623) mem 0x80014eda 0x713b
core   0: 0x80002c9a (0xfdc91203) lh      tp, -36(s2)
core   0: 3 0x80002c9a (0xfdc91203) x 4 0x00000298 mem 0x80014eca
core   0: 0x80002c9e (0x00000001) c.nop
core   0: 3 0x80002c9e (0x0001)
core   0: 0x80002ca0 (0xff494f03) lbu     t5, -12(s2)
core   0: 3 0x80002ca0 (0xff494f03) x30 0x00000080 mem 0x80014ee2
core   0: 0x80002ca4 (0x00008421) c.srai  s0, 8
core   0: 3 0x80002ca4 (0x8421) x 8 0x00000000
core   0: 0x80002ca6 (0xffa95203) lhu     tp, -6(s2)
core   0: 3 0x80002ca6 (0xffa95203) x 4 0x0000e05e mem 0x80014ee8
core   0: 0x80002caa (0xff591923) sh      s5, -14(s2)
core   0: 3 0x80002caa (0xff591923) mem 0x80014ee0 0x003b
core   0: 0x80002cae (0x0ddf4213) xori    tp, t5, 221
core   0: 3 0x80002cae (0x0ddf4213) x 4 0x0000005d
core   0: 0x80002cb2 (0x00008c01) c.sub   s0, s0
core   0: 3 0x80002cb2 (0x8c01) x 8 0x00000000
core   0: 0x80002cb4 (0x03f90a83) lb      s5, 63(s2)
core   0: 3 0x80002cb4 (0x03f90a83) x21 0xffffffc7 mem 0x80014f2d
core   0: 0x80002cb8 (0xff491203) lh      tp, -12(s2)
core   0: 3 0x80002cb8 (0xff491203) x 4 0xfffff680 mem 0x80014ee2
core   0: 0x80002cbc (0x00008f22) c.mv    t5, s0
core   0: 3 0x80002cbc (0x8f22) x30 0x00000000
core   0: 0x80002cbe (0xffa91f03) lh      t5, -6(s2)
core   0: 3 0x80002cbe (0xffa91f03) x30 0xffffe05e mem 0x80014ee8
core   0: 0x80002cc2 (0x03e28ab3) mul     s5, t0, t5
core   0: 3 0x80002cc2 (0x03e28ab3) x21 0x32c433aa
core   0: 0x80002cc6 (0x03390403) lb      s0, 51(s2)
core   0: 3 0x80002cc6 (0x03390403) x 8 0x0000002c mem 0x80014f21
core   0: 0x80002cca (0x03692f03) lw      t5, 54(s2)
core   0: 3 0x80002cca (0x03692f03) x30 0xc80840b3 mem 0x80014f24
core   0: 0x80002cce (0x04094203) lbu     tp, 64(s2)
core   0: 3 0x80002cce (0x04094203) x 4 0x00000072 mem 0x80014f2e
core   0: 0x80002cd2 (0x02b94403) lbu     s0, 43(s2)
core   0: 3 0x80002cd2 (0x02b94403) x 8 0x00000099 mem 0x80014f19
core   0: 0x80002cd6 (0x02e92403) lw      s0, 46(s2)
core   0: 3 0x80002cd6 (0x02e92403) x 8 0x70ba6033 mem 0x80014f1c
core   0: 0x80002cda (0x00008c01) c.sub   s0, s0
core   0: 3 0x80002cda (0x8c01) x 8 0x00000000
core   0: 0x80002cdc (0xfc894403) lbu     s0, -56(s2)
core   0: 3 0x80002cdc (0xfc894403) x 8 0x000000ef mem 0x80014eb6
core   0: 0x80002ce0 (0xeb2b3417) auipc   s0, 0xeb2b3
core   0: 3 0x80002ce0 (0xeb2b3417) x 8 0x6b2b5ce0
core   0: 0x80002ce4 (0x41545e33) sra     t3, s0, s5
core   0: 3 0x80002ce4 (0x41545e33) x28 0x001acad7
core   0: 0x80002ce8 (0x03ef6ab3) rem     s5, t5, t5
core   0: 3 0x80002ce8 (0x03ef6ab3) x21 0x00000000
core   0: 0x80002cec (0x004f7233) and     tp, t5, tp
core   0: 3 0x80002cec (0x004f7233) x 4 0x00000032
core   0: 0x80002cf0 (0x03394e03) lbu     t3, 51(s2)
core   0: 3 0x80002cf0 (0x03394e03) x28 0x0000002c mem 0x80014f21
core   0: 0x80002cf4 (0x01cf7f33) and     t5, t5, t3
core   0: 3 0x80002cf4 (0x01cf7f33) x30 0x00000020
core   0: 0x80002cf8 (0x01544433) xor     s0, s0, s5
core   0: 3 0x80002cf8 (0x01544433) x 8 0x6b2b5ce0
core   0: 0x80002cfc (0x015f2433) slt     s0, t5, s5
core   0: 3 0x80002cfc (0x015f2433) x 8 0x00000000
core   0: 0x80002d00 (0x00842ab3) slt     s5, s0, s0
core   0: 3 0x80002d00 (0x00842ab3) x21 0x00000000
core   0: 0x80002d04 (0x017a9f13) slli    t5, s5, 23
core   0: 3 0x80002d04 (0x017a9f13) x30 0x00000000
core   0: 0x80002d08 (0xfe890da3) sb      s0, -5(s2)
core   0: 3 0x80002d08 (0xfe890da3) mem 0x80014ee9 0x0
core   0: 0x80002d0c (0x01592723) sw      s5, 14(s2)
core   0: 3 0x80002d0c (0x01592723) mem 0x80014efc 0x00000000
core   0: 0x80002d10 (0x00990203) lb      tp, 9(s2)
core   0: 3 0x80002d10 (0x00990203) x 4 0x00000022 mem 0x80014ef7
core   0: 0x80002d14 (0x73de4e13) xori    t3, t3, 1853
core   0: 3 0x80002d14 (0x73de4e13) x28 0x00000711
core   0: 0x80002d18 (0x01e432b3) sltu    t0, s0, t5
core   0: 3 0x80002d18 (0x01e432b3) x 5 0x00000000
core   0: 0x80002d1c (0x03524233) div     tp, tp, s5
core   0: 3 0x80002d1c (0x03524233) x 4 0xffffffff
core   0: 0x80002d20 (0x00994e03) lbu     t3, 9(s2)
core   0: 3 0x80002d20 (0x00994e03) x28 0x00000022 mem 0x80014ef7
core   0: 0x80002d24 (0x01f90a83) lb      s5, 31(s2)
core   0: 3 0x80002d24 (0x01f90a83) x21 0x00000011 mem 0x80014f0d
core   0: 0x80002d28 (0x00009422) c.add   s0, s0
core   0: 3 0x80002d28 (0x9422) x 8 0x00000000
core   0: 0x80002d2a (0x035f6433) rem     s0, t5, s5
core   0: 3 0x80002d2a (0x035f6433) x 8 0x00000000
core   0: 0x80002d2e (0x03c41f33) mulh    t5, s0, t3
core   0: 3 0x80002d2e (0x03c41f33) x30 0x00000000
core   0: 0x80002d32 (0x03c90ba3) sb      t3, 55(s2)
core   0: 3 0x80002d32 (0x03c90ba3) mem 0x80014f25 0x22
core   0: 0x80002d36 (0x03e43433) mulhu   s0, s0, t5
core   0: 3 0x80002d36 (0x03e43433) x 8 0x00000000
core   0: 0x80002d3a (0x00290a83) lb      s5, 2(s2)
core   0: 3 0x80002d3a (0x00290a83) x21 0x0000006f mem 0x80014ef0
core   0: 0x80002d3e (0x00011c17) auipc   s8, 0x11
core   0: 3 0x80002d3e (0x00011c17) x24 0x80013d3e
core   0: 0x80002d42 (0x065c0c13) addi    s8, s8, 101
core   0: 3 0x80002d42 (0x065c0c13) x24 0x80013da3
core   0: 0x80002d46 (0x0000ef17) auipc   t5, 0xe
core   0: 3 0x80002d46 (0x0000ef17) x30 0x80010d46
core   0: 0x80002d4a (0x002f0f13) addi    t5, t5, 2
core   0: 3 0x80002d4a (0x002f0f13) x30 0x80010d48
core   0: 0x80002d4e (0xfd9c4303) lbu     t1, -39(s8)
core   0: 3 0x80002d4e (0xfd9c4303) x 6 0x000000db mem 0x80013d7c
core   0: 0x80002d52 (0x013c1183) lh      gp, 19(s8)
core   0: 3 0x80002d52 (0x013c1183) x 3 0x000022d9 mem 0x80013db6
core   0: 0x80002d56 (0xff5f0ba3) sb      s5, -9(t5)
core   0: 3 0x80002d56 (0xff5f0ba3) mem 0x80010d3f 0x6f
core   0: 0x80002d5a (0xff3f0e83) lb      t4, -13(t5)
core   0: 3 0x80002d5a (0xff3f0e83) x29 0x0000005c mem 0x80010d3b
core   0: 0x80002d5e (0xfefc5c83) lhu     s9, -17(s8)
core   0: 3 0x80002d5e (0xfefc5c83) x25 0x0000d0e4 mem 0x80013d92
core   0: 0x80002d62 (0xfc0c0303) lb      t1, -64(s8)
core   0: 3 0x80002d62 (0xfc0c0303) x 6 0x00000069 mem 0x80013d63
core   0: 0x80002d66 (0x005f0003) lb      zero, 5(t5)
core   0: 3 0x80002d66 (0x005f0003) mem 0x80010d4d
core   0: 0x80002d6a (0xfcec0f83) lb      t6, -50(s8)
core   0: 3 0x80002d6a (0xfcec0f83) x31 0x00000001 mem 0x80013d71
core   0: 0x80002d6e (0xfd4c04a3) sb      s4, -55(s8)
core   0: 3 0x80002d6e (0xfd4c04a3) mem 0x80013d6c 0x0
core   0: 0x80002d72 (0xff4f5903) lhu     s2, -12(t5)
core   0: 3 0x80002d72 (0xff4f5903) x18 0x00000236 mem 0x80010d3c
core   0: 0x80002d76 (0xfe5c1703) lh      a4, -27(s8)
core   0: 3 0x80002d76 (0xfe5c1703) x14 0x0000346c mem 0x80013d88
core   0: 0x80002d7a (0xfe1f08a3) sb      ra, -15(t5)
core   0: 3 0x80002d7a (0xfe1f08a3) mem 0x80010d39 0x0
core   0: 0x80002d7e (0x003c0d23) sb      gp, 26(s8)
core   0: 3 0x80002d7e (0x003c0d23) mem 0x80013dbd 0xd9
core   0: 0x80002d82 (0x010f5983) lhu     s3, 16(t5)
core   0: 3 0x80002d82 (0x010f5983) x19 0x00001027 mem 0x80010d58
core   0: 0x80002d86 (0x022c0023) sb      sp, 32(s8)
core   0: 3 0x80002d86 (0x022c0023) mem 0x80013dc3 0xff
core   0: 0x80002d8a (0xfe9c0b23) sb      s1, -10(s8)
core   0: 3 0x80002d8a (0xfe9c0b23) mem 0x80013d99 0xe4
core   0: 0x80002d8e (0x015f2223) sw      s5, 4(t5)
core   0: 3 0x80002d8e (0x015f2223) mem 0x80010d4c 0x0000006f
core   0: 0x80002d92 (0x00014297) auipc   t0, 0x14
core   0: 3 0x80002d92 (0x00014297) x 5 0x80016d92
core   0: 0x80002d96 (0xaea28293) addi    t0, t0, -1302
core   0: 3 0x80002d96 (0xaea28293) x 5 0x8001687c
core   0: 0x80002d9a (0xfc828aa3) sb      s0, -43(t0)
core   0: 3 0x80002d9a (0xfc828aa3) mem 0x80016851 0x0
core   0: 0x80002d9e (0x0000fc17) auipc   s8, 0xf
core   0: 3 0x80002d9e (0x0000fc17) x24 0x80011d9e
core   0: 0x80002da2 (0x23ec0c13) addi    s8, s8, 574
core   0: 3 0x80002da2 (0x23ec0c13) x24 0x80011fdc
core   0: 0x80002da6 (0x0132c203) lbu     tp, 19(t0)
core   0: 3 0x80002da6 (0x0132c203) x 4 0x00000004 mem 0x8001688f
core   0: 0x80002daa (0xfe728883) lb      a7, -25(t0)
core   0: 3 0x80002daa (0xfe728883) x17 0x00000045 mem 0x80016863
core   0: 0x80002dae (0xa8ac1083) lh      ra, -1398(s8)
core   0: 3 0x80002dae (0xa8ac1083) x 1 0xffff8481 mem 0x80011a66
core   0: 0x80002db2 (0x3adc0883) lb      a7, 941(s8)
core   0: 3 0x80002db2 (0x3adc0883) x17 0xffffff9b mem 0x80012389
core   0: 0x80002db6 (0xff928203) lb      tp, -7(t0)
core   0: 3 0x80002db6 (0xff928203) x 4 0xffffff8a mem 0x80016875
core   0: 0x80002dba (0x0352c103) lbu     sp, 53(t0)
core   0: 3 0x80002dba (0x0352c103) x 2 0x000000f7 mem 0x800168b1
core   0: 0x80002dbe (0x321c4883) lbu     a7, 801(s8)
core   0: 3 0x80002dbe (0x321c4883) x17 0x00000039 mem 0x800122fd
core   0: 0x80002dc2 (0x642c1083) lh      ra, 1602(s8)
core   0: 3 0x80002dc2 (0x642c1083) x 1 0x00007b0f mem 0x8001261e
core   0: 0x80002dc6 (0xfd82c883) lbu     a7, -40(t0)
core   0: 3 0x80002dc6 (0xfd82c883) x17 0x00000052 mem 0x80016854
core   0: 0x80002dca (0xff628423) sb      s6, -24(t0)
core   0: 3 0x80002dca (0xff628423) mem 0x80016864 0x6f
core   0: 0x80002dce (0x9ffc4c83) lbu     s9, -1537(s8)
core   0: 3 0x80002dce (0x9ffc4c83) x25 0x00000006 mem 0x800119db
core   0: 0x80002dd2 (0xfe928683) lb      a3, -23(t0)
core   0: 3 0x80002dd2 (0xfe928683) x13 0xffffffad mem 0x80016865
core   0: 0x80002dd6 (0x00600c6f) jal     s8, pc + 0x6
core   0: 3 0x80002dd6 (0x00600c6f) x24 0x80002dda
core   0: 0x80002ddc (0x0000a019) c.j     pc + 6
core   0: 3 0x80002ddc (0xa019)
core   0: 0x80002de2 (0x006000ef) jal     pc + 0x6
core   0: 3 0x80002de2 (0x006000ef) x 1 0x80002de6
core   0: 0x80002de8 (0x00002029) c.jal   pc + 10
core   0: 3 0x80002de8 (0x2029) x 1 0x80002dea
core   0: 0x80002df2 (0xfedff2ef) jal     t0, pc - 0x14
core   0: 3 0x80002df2 (0xfedff2ef) x 5 0x80002df6
core   0: 0x80002dde (0x00002009) c.jal   pc + 2
core   0: 3 0x80002dde (0x2009) x 1 0x80002de0
core   0: 0x80002de0 (0x00002029) c.jal   pc + 10
core   0: 3 0x80002de0 (0x2029) x 1 0x80002de2
core   0: 0x80002dea (0xffdff16f) jal     sp, pc - 0x4
core   0: 3 0x80002dea (0xffdff16f) x 2 0x80002dee
core   0: 0x80002de6 (0x0000bfd5) c.j     pc - 12
core   0: 3 0x80002de6 (0xbfd5)
core   0: 0x80002dda (0x0000a811) c.j     pc + 20
core   0: 3 0x80002dda (0xa811)
core   0: 0x80002dee (0x00800d6f) jal     s10, pc + 0x8
core   0: 3 0x80002dee (0x00800d6f) x26 0x80002df2
core   0: 0x80002df6 (0x000089b1) c.andi  a1, 12
core   0: 3 0x80002df6 (0x89b1) x11 0x00000000
core   0: 0x80002df8 (0x00016297) auipc   t0, 0x16
core   0: 3 0x80002df8 (0x00016297) x 5 0x80018df8
core   0: 0x80002dfc (0xdeb28293) addi    t0, t0, -533
core   0: 3 0x80002dfc (0xdeb28293) x 5 0x80018be3
core   0: 0x80002e00 (0x0000ef17) auipc   t5, 0xe
core   0: 3 0x80002e00 (0x0000ef17) x30 0x80010e00
core   0: 0x80002e04 (0xd18f0f13) addi    t5, t5, -744
core   0: 3 0x80002e04 (0xd18f0f13) x30 0x80010b18
core   0: 0x80002e08 (0xfe22a8a3) sw      sp, -15(t0)
core   0: 3 0x80002e08 (0xfe22a8a3) mem 0x80018bd4 0x80002dee
core   0: 0x80002e0c (0xff9f2c23) sw      s9, -8(t5)
core   0: 3 0x80002e0c (0xff9f2c23) mem 0x80010b10 0x00000006
core   0: 0x80002e10 (0x00b29e03) lh      t3, 11(t0)
core   0: 3 0x80002e10 (0x00b29e03) x28 0x00003638 mem 0x80018bee
core   0: 0x80002e14 (0xffc28a23) sb      t3, -12(t0)
core   0: 3 0x80002e14 (0xffc28a23) mem 0x80018bd7 0x38
core   0: 0x80002e18 (0xffe28a83) lb      s5, -2(t0)
core   0: 3 0x80002e18 (0xffe28a83) x21 0xffffffdf mem 0x80018be1
core   0: 0x80002e1c (0x006f0c83) lb      s9, 6(t5)
core   0: 3 0x80002e1c (0x006f0c83) x25 0x00000002 mem 0x80010b1e
core   0: 0x80002e20 (0xfe0f09a3) sb      zero, -13(t5)
core   0: 3 0x80002e20 (0xfe0f09a3) mem 0x80010b0b 0x0
core   0: 0x80002e24 (0x00028e03) lb      t3, 0(t0)
core   0: 3 0x80002e24 (0x00028e03) x28 0xffffff9a mem 0x80018be3
core   0: 0x80002e28 (0xffef5b83) lhu     s7, -2(t5)
core   0: 3 0x80002e28 (0xffef5b83) x23 0x0000e6bb mem 0x80010b16
core   0: 0x80002e2c (0x0052a703) lw      a4, 5(t0)
core   0: 3 0x80002e2c (0x0052a703) x14 0xb47af9da mem 0x80018be8
core   0: 0x80002e30 (0x00bf0683) lb      a3, 11(t5)
core   0: 3 0x80002e30 (0x00bf0683) x13 0xffffffd9 mem 0x80010b23
core   0: 0x80002e34 (0xfe0299a3) sh      zero, -13(t0)
core   0: 3 0x80002e34 (0xfe0299a3) mem 0x80018bd6 0x0000
core   0: 0x80002e38 (0xfe628ca3) sb      t1, -7(t0)
core   0: 3 0x80002e38 (0xfe628ca3) mem 0x80018bdc 0x69
core   0: 0x80002e3c (0x00016d97) auipc   s11, 0x16
core   0: 3 0x80002e3c (0x00016d97) x27 0x80018e3c
core   0: 0x80002e40 (0xf10d8d93) addi    s11, s11, -240
core   0: 3 0x80002e40 (0xf10d8d93) x27 0x80018d4c
core   0: 0x80002e44 (0x00016e97) auipc   t4, 0x16
core   0: 3 0x80002e44 (0x00016e97) x29 0x80018e44
core   0: 0x80002e48 (0x909e8e93) addi    t4, t4, -1783
core   0: 3 0x80002e48 (0x909e8e93) x29 0x8001874d
core   0: 0x80002e4c (0x007dc683) lbu     a3, 7(s11)
core   0: 3 0x80002e4c (0x007dc683) x13 0x0000001b mem 0x80018d53
core   0: 0x80002e50 (0x8dbe8203) lb      tp, -1829(t4)
core   0: 3 0x80002e50 (0x8dbe8203) x 4 0x00000003 mem 0x80018028
core   0: 0x80002e54 (0x100e8423) sb      zero, 264(t4)
core   0: 3 0x80002e54 (0x100e8423) mem 0x80018855 0x0
core   0: 0x80002e58 (0x000d9203) lh      tp, 0(s11)
core   0: 3 0x80002e58 (0x000d9203) x 4 0x00006616 mem 0x80018d4c
core   0: 0x80002e5c (0x019da223) sw      s9, 4(s11)
core   0: 3 0x80002e5c (0x019da223) mem 0x80018d50 0x00000002
core   0: 0x80002e60 (0x70aec303) lbu     t1, 1802(t4)
core   0: 3 0x80002e60 (0x70aec303) x 6 0x0000008a mem 0x80018e57
core   0: 0x80002e64 (0xff4d8583) lb      a1, -12(s11)
core   0: 3 0x80002e64 (0xff4d8583) x11 0x00000077 mem 0x80018d40
core   0: 0x80002e68 (0x09eecc83) lbu     s9, 158(t4)
core   0: 3 0x80002e68 (0x09eecc83) x25 0x0000000a mem 0x800187eb
core   0: 0x80002e6c (0xf94ec003) lbu     zero, -108(t4)
core   0: 3 0x80002e6c (0xf94ec003) mem 0x800186e1
core   0: 0x80002e70 (0xb6be99a3) sh      a1, -1165(t4)
core   0: 3 0x80002e70 (0xb6be99a3) mem 0x800182c0 0x0077
core   0: 0x80002e74 (0x003d84a3) sb      gp, 9(s11)
core   0: 3 0x80002e74 (0x003d84a3) mem 0x80018d55 0xd9
core   0: 0x80002e78 (0x000d8023) sb      zero, 0(s11)
core   0: 3 0x80002e78 (0x000d8023) mem 0x80018d4c 0x0
core   0: 0x80002e7c (0x000d86a3) sb      zero, 13(s11)
core   0: 3 0x80002e7c (0x000d86a3) mem 0x80018d59 0x0
core   0: 0x80002e80 (0x01ed87a3) sb      t5, 15(s11)
core   0: 3 0x80002e80 (0x01ed87a3) mem 0x80018d5b 0x18
core   0: 0x80002e84 (0x00014a97) auipc   s5, 0x14
core   0: 3 0x80002e84 (0x00014a97) x21 0x80016e84
core   0: 0x80002e88 (0xc38a8a93) addi    s5, s5, -968
core   0: 3 0x80002e88 (0xc38a8a93) x21 0x80016abc
core   0: 0x80002e8c (0x02f67633) remu    a2, a2, a5
core   0: 3 0x80002e8c (0x02f67633) x12 0x00000000
core   0: 0x80002e90 (0x41930d33) sub     s10, t1, s9
core   0: 3 0x80002e90 (0x41930d33) x26 0x00000080
core   0: 0x80002e94 (0x002a86a3) sb      sp, 13(s5)
core   0: 3 0x80002e94 (0x002a86a3) mem 0x80016ac9 0xee
core   0: 0x80002e98 (0x03dac883) lbu     a7, 61(s5)
core   0: 3 0x80002e98 (0x03dac883) x17 0x000000e4 mem 0x80016af9
core   0: 0x80002e9c (0x0ff0000f) fence   iorw,iorw
core   0: 3 0x80002e9c (0x0ff0000f)
core   0: 0x80002ea0 (0x0000100f) fence.i
core   0: 3 0x80002ea0 (0x0000100f)
core   0: 0x80002ea4 (0xf13ac883) lbu     a7, -237(s5)
core   0: 3 0x80002ea4 (0xf13ac883) x17 0x0000005c mem 0x800169cf
core   0: 0x80002ea8 (0x00006165) c.addi16sp sp, 112
core   0: 3 0x80002ea8 (0x6165) x 2 0x80002e5e
core   0: 0x80002eaa (0x00000e41) c.addi  t3, 16
core   0: 3 0x80002eaa (0x0e41) x28 0xffffffaa
core   0: 0x80002eac (0xf45ace03) lbu     t3, -187(s5)
core   0: 3 0x80002eac (0xf45ace03) x28 0x0000001b mem 0x80016a01
core   0: 0x80002eb0 (0x08fac303) lbu     t1, 143(s5)
core   0: 3 0x80002eb0 (0x08fac303) x 6 0x000000bb mem 0x80016b4b
core   0: 0x80002eb4 (0x87f33d93) sltiu   s11, t1, -1921
core   0: 3 0x80002eb4 (0x87f33d93) x27 0x00000001
core   0: 0x80002eb8 (0x25878293) addi    t0, a5, 600
core   0: 3 0x80002eb8 (0x25878293) x 5 0x000002bc
core   0: 0x80002ebc (0x0158ffb3) and     t6, a7, s5
core   0: 3 0x80002ebc (0x0158ffb3) x31 0x0000001c
core   0: 0x80002ec0 (0x000060a1) c.lui   ra, 0x8
core   0: 3 0x80002ec0 (0x60a1) x 1 0x00008000
core   0: 0x80002ec2 (0x30f42637) lui     a2, 0x30f42
core   0: 3 0x80002ec2 (0x30f42637) x12 0x30f42000
core   0: 0x80002ec6 (0x0ff0000f) fence   iorw,iorw
core   0: 3 0x80002ec6 (0x0ff0000f)
core   0: 0x80002eca (0x0a5a89a3) sb      t0, 179(s5)
core   0: 3 0x80002eca (0x0a5a89a3) mem 0x80016b6f 0xbc
core   0: 0x80002ece (0xfb5a9723) sh      s5, -82(s5)
core   0: 3 0x80002ece (0xfb5a9723) mem 0x80016a6a 0x6abc
core   0: 0x80002ed2 (0xf79ac683) lbu     a3, -135(s5)
core   0: 3 0x80002ed2 (0xf79ac683) x13 0x0000000f mem 0x80016a35
core   0: 0x80002ed6 (0x02426fb3) rem     t6, tp, tp
core   0: 3 0x80002ed6 (0x02426fb3) x31 0x00000000
core   0: 0x80002eda (0x0000642d) c.lui   s0, 0xb
core   0: 3 0x80002eda (0x642d) x 8 0x0000b000
core   0: 0x80002edc (0x00009a7d) c.andi  a2, -1
core   0: 3 0x80002edc (0x9a7d) x12 0x30f42000
core   0: 0x80002ede (0x00006b7d) c.lui   s6, 0x1f
core   0: 3 0x80002ede (0x6b7d) x22 0x0001f000
core   0: 0x80002ee0 (0x00008fc9) c.or    a5, a0
core   0: 3 0x80002ee0 (0x8fc9) x15 0x00000064
core   0: 0x80002ee2 (0x12973613) sltiu   a2, a4, 297
core   0: 3 0x80002ee2 (0x12973613) x12 0x00000000
core   0: 0x80002ee6 (0x00009d96) c.add   s11, t0
core   0: 3 0x80002ee6 (0x9d96) x27 0x000002bd
core   0: 0x80002ee8 (0x00006225) c.lui   tp, 0x9
core   0: 3 0x80002ee8 (0x6225) x 4 0x00009000
core   0: 0x80002eea (0x129fd237) lui     tp, 0x129fd
core   0: 3 0x80002eea (0x129fd237) x 4 0x129fd000
core   0: 0x80002eee (0xf77ac583) lbu     a1, -137(s5)
core   0: 3 0x80002eee (0xf77ac583) x11 0x00000095 mem 0x80016a33
core   0: 0x80002ef2 (0x03d05f33) divu    t5, zero, t4
core   0: 3 0x80002ef2 (0x03d05f33) x30 0x00000000
core   0: 0x80002ef6 (0xf1fa9c23) sh      t6, -232(s5)
core   0: 3 0x80002ef6 (0xf1fa9c23) mem 0x800169d4 0x0000
core   0: 0x80002efa (0xdbcfaf13) slti    t5, t6, -580
core   0: 3 0x80002efa (0xdbcfaf13) x30 0x00000000
core   0: 0x80002efe (0x015a98b3) sll     a7, s5, s5
core   0: 3 0x80002efe (0x015a98b3) x17 0xc0000000
core   0: 0x80002f02 (0x0f3a8903) lb      s2, 243(s5)
core   0: 3 0x80002f02 (0x0f3a8903) x18 0xfffffff9 mem 0x80016baf
core   0: 0x80002f06 (0x0001a697) auipc   a3, 0x1a
core   0: 3 0x80002f06 (0x0001a697) x13 0x8001cf06
core   0: 0x80002f0a (0x3c768693) addi    a3, a3, 967
core   0: 3 0x80002f0a (0x3c768693) x13 0x8001d2cd
core   0: 0x80002f0e (0x00011897) auipc   a7, 0x11
core   0: 3 0x80002f0e (0x00011897) x17 0x80013f0e
core   0: 0x80002f12 (0x98288893) addi    a7, a7, -1662
core   0: 3 0x80002f12 (0x98288893) x17 0x80013890
core   0: 0x80002f16 (0x0001a117) auipc   sp, 0x1a
core   0: 3 0x80002f16 (0x0001a117) x 2 0x8001cf16
core   0: 0x80002f1a (0xd6210113) addi    sp, sp, -670
core   0: 3 0x80002f1a (0xd6210113) x 2 0x8001cc78
core   0: 0x80002f1e (0xfe18cf03) lbu     t5, -31(a7)
core   0: 3 0x80002f1e (0xfe18cf03) x30 0x00000053 mem 0x80013871
core   0: 0x80002f22 (0x01b88283) lb      t0, 27(a7)
core   0: 3 0x80002f22 (0x01b88283) x 5 0xffffffed mem 0x800138ab
core   0: 0x80002f26 (0xaf56d183) lhu     gp, -1291(a3)
core   0: 3 0x80002f26 (0xaf56d183) x 3 0x0000be2c mem 0x8001cdc2
core   0: 0x80002f2a (0x00714a83) lbu     s5, 7(sp)
core   0: 3 0x80002f2a (0x00714a83) x21 0x0000001c mem 0x8001cc7f
core   0: 0x80002f2e (0x00514003) lbu     zero, 5(sp)
core   0: 3 0x80002f2e (0x00514003) mem 0x8001cc7d
core   0: 0x80002f32 (0xfd48ad83) lw      s11, -44(a7)
core   0: 3 0x80002f32 (0xfd48ad83) x27 0x92bca0c0 mem 0x80013864
core   0: 0x80002f36 (0xf4c68c03) lb      s8, -180(a3)
core   0: 3 0x80002f36 (0xf4c68c03) x24 0xffffffc1 mem 0x8001d219
core   0: 0x80002f3a (0x00a889a3) sb      a0, 19(a7)
core   0: 3 0x80002f3a (0x00a889a3) mem 0x800138a3 0x0
core   0: 0x80002f3e (0xc3468903) lb      s2, -972(a3)
core   0: 3 0x80002f3e (0xc3468903) x18 0x00000002 mem 0x8001cf01
core   0: 0x80002f42 (0x5266cc83) lbu     s9, 1318(a3)
core   0: 3 0x80002f42 (0x5266cc83) x25 0x00000058 mem 0x8001d7f3
core   0: 0x80002f46 (0xff988ba3) sb      s9, -9(a7)
core   0: 3 0x80002f46 (0xff988ba3) mem 0x80013887 0x58
core   0: 0x80002f4a (0x16d69c83) lh      s9, 365(a3)
core   0: 3 0x80002f4a (0x16d69c83) x25 0xfffff6f2 mem 0x8001d43a
core   0: 0x80002f4e (0xfed88b83) lb      s7, -19(a7)
core   0: 3 0x80002f4e (0xfed88b83) x23 0xffffffcc mem 0x8001387d
core   0: 0x80002f52 (0xd1a6c983) lbu     s3, -742(a3)
core   0: 3 0x80002f52 (0xd1a6c983) x19 0x00000042 mem 0x8001cfe7
core   0: 0x80002f56 (0xff611183) lh      gp, -10(sp)
core   0: 3 0x80002f56 (0xff611183) x 3 0xfffffa9c mem 0x8001cc6e
core   0: 0x80002f5a (0xa756cf03) lbu     t5, -1419(a3)
core   0: 3 0x80002f5a (0xa756cf03) x30 0x000000b1 mem 0x8001cd42
core   0: 0x80002f5e (0xff214383) lbu     t2, -14(sp)
core   0: 3 0x80002f5e (0xff214383) x 7 0x0000003f mem 0x8001cc6a
core   0: 0x80002f62 (0x01788e03) lb      t3, 23(a7)
core   0: 3 0x80002f62 (0x01788e03) x28 0xffffffbe mem 0x800138a7
core   0: 0x80002f66 (0xfe088223) sb      zero, -28(a7)
core   0: 3 0x80002f66 (0xfe088223) mem 0x80013874 0x0
core   0: 0x80002f6a (0xaa0682a3) sb      zero, -1371(a3)
core   0: 3 0x80002f6a (0xaa0682a3) mem 0x8001cd72 0x0
core   0: 0x80002f6e (0x3906c703) lbu     a4, 912(a3)
core   0: 3 0x80002f6e (0x3906c703) x14 0x0000005d mem 0x8001d65d
core   0: 0x80002f72 (0x017105a3) sb      s7, 11(sp)
core   0: 3 0x80002f72 (0x017105a3) mem 0x8001cc83 0xcc
core   0: 0x80002f76 (0x0058c783) lbu     a5, 5(a7)
core   0: 3 0x80002f76 (0x0058c783) x15 0x0000003c mem 0x80013895
core   0: 0x80002f7a (0x00f107a3) sb      a5, 15(sp)
core   0: 3 0x80002f7a (0x00f107a3) mem 0x8001cc87 0x3c
core   0: 0x80002f7e (0x00600113) li      sp, 6
core   0: 3 0x80002f7e (0x00600113) x 2 0x00000006
core   0: 0x80002f82 (0xff700b13) li      s6, -9
core   0: 3 0x80002f82 (0xff700b13) x22 0xfffffff7
core   0: 0x80002f86 (0x87bdbc13) sltiu   s8, s11, -1925
core   0: 3 0x80002f86 (0x87bdbc13) x24 0x00000001
core   0: 0x80002f8a (0x00000198) c.addi4spn a4, sp, 192
core   0: 3 0x80002f8a (0x0198) x14 0x000000c6
core   0: 0x80002f8c (0xbdb8b713) sltiu   a4, a7, -1061
core   0: 3 0x80002f8c (0xbdb8b713) x14 0x00000001
core   0: 0x80002f90 (0x00001175) c.addi  sp, -3
core   0: 3 0x80002f90 (0x1175) x 2 0x00000003
core   0: 0x80002f92 (0x0ff0000f) fence   iorw,iorw
core   0: 3 0x80002f92 (0x0ff0000f)
core   0: 0x80002f96 (0x00300593) li      a1, 3
core   0: 3 0x80002f96 (0x00300593) x11 0x00000003
core   0: 0x80002f9a (0x017592b3) sll     t0, a1, s7
core   0: 3 0x80002f9a (0x017592b3) x 5 0x00003000
core   0: 0x80002f9e (0xff900793) li      a5, -7
core   0: 3 0x80002f9e (0xff900793) x15 0xfffffff9
core   0: 0x80002fa2 (0x45993b93) sltiu   s7, s2, 1113
core   0: 3 0x80002fa2 (0x45993b93) x23 0x00000001
core   0: 0x80002fa6 (0x02fddf33) divu    t5, s11, a5
core   0: 3 0x80002fa6 (0x02fddf33) x30 0x00000000
core   0: 0x80002faa (0x000015d9) c.addi  a1, -10
core   0: 3 0x80002faa (0x15d9) x11 0xfffffff9
core   0: 0x80002fac (0xfef5dbe3) bge     a1, a5, pc - 10
core   0: 3 0x80002fac (0xfef5dbe3)
core   0: 0x80002fa2 (0x45993b93) sltiu   s7, s2, 1113
core   0: 3 0x80002fa2 (0x45993b93) x23 0x00000001
core   0: 0x80002fa6 (0x02fddf33) divu    t5, s11, a5
core   0: 3 0x80002fa6 (0x02fddf33) x30 0x00000000
core   0: 0x80002faa (0x000015d9) c.addi  a1, -10
core   0: 3 0x80002faa (0x15d9) x11 0xffffffef
core   0: 0x80002fac (0xfef5dbe3) bge     a1, a5, pc - 10
core   0: 3 0x80002fac (0xfef5dbe3)
core   0: 0x80002fb0 (0xfd611de3) bne     sp, s6, pc - 38
core   0: 3 0x80002fb0 (0xfd611de3)
core   0: 0x80002f8a (0x00000198) c.addi4spn a4, sp, 192
core   0: 3 0x80002f8a (0x0198) x14 0x000000c3
core   0: 0x80002f8c (0xbdb8b713) sltiu   a4, a7, -1061
core   0: 3 0x80002f8c (0xbdb8b713) x14 0x00000001
core   0: 0x80002f90 (0x00001175) c.addi  sp, -3
core   0: 3 0x80002f90 (0x1175) x 2 0x00000000
core   0: 0x80002f92 (0x0ff0000f) fence   iorw,iorw
core   0: 3 0x80002f92 (0x0ff0000f)
core   0: 0x80002f96 (0x00300593) li      a1, 3
core   0: 3 0x80002f96 (0x00300593) x11 0x00000003
core   0: 0x80002f9a (0x017592b3) sll     t0, a1, s7
core   0: 3 0x80002f9a (0x017592b3) x 5 0x00000006
core   0: 0x80002f9e (0xff900793) li      a5, -7
core   0: 3 0x80002f9e (0xff900793) x15 0xfffffff9
core   0: 0x80002fa2 (0x45993b93) sltiu   s7, s2, 1113
core   0: 3 0x80002fa2 (0x45993b93) x23 0x00000001
core   0: 0x80002fa6 (0x02fddf33) divu    t5, s11, a5
core   0: 3 0x80002fa6 (0x02fddf33) x30 0x00000000
core   0: 0x80002faa (0x000015d9) c.addi  a1, -10
core   0: 3 0x80002faa (0x15d9) x11 0xfffffff9
core   0: 0x80002fac (0xfef5dbe3) bge     a1, a5, pc - 10
core   0: 3 0x80002fac (0xfef5dbe3)
core   0: 0x80002fa2 (0x45993b93) sltiu   s7, s2, 1113
core   0: 3 0x80002fa2 (0x45993b93) x23 0x00000001
core   0: 0x80002fa6 (0x02fddf33) divu    t5, s11, a5
core   0: 3 0x80002fa6 (0x02fddf33) x30 0x00000000
core   0: 0x80002faa (0x000015d9) c.addi  a1, -10
core   0: 3 0x80002faa (0x15d9) x11 0xffffffef
core   0: 0x80002fac (0xfef5dbe3) bge     a1, a5, pc - 10
core   0: 3 0x80002fac (0xfef5dbe3)
core   0: 0x80002fb0 (0xfd611de3) bne     sp, s6, pc - 38
core   0: 3 0x80002fb0 (0xfd611de3)
core   0: 0x80002f8a (0x00000198) c.addi4spn a4, sp, 192
core   0: 3 0x80002f8a (0x0198) x14 0x000000c0
core   0: 0x80002f8c (0xbdb8b713) sltiu   a4, a7, -1061
core   0: 3 0x80002f8c (0xbdb8b713) x14 0x00000001
core   0: 0x80002f90 (0x00001175) c.addi  sp, -3
core   0: 3 0x80002f90 (0x1175) x 2 0xfffffffd
core   0: 0x80002f92 (0x0ff0000f) fence   iorw,iorw
core   0: 3 0x80002f92 (0x0ff0000f)
core   0: 0x80002f96 (0x00300593) li      a1, 3
core   0: 3 0x80002f96 (0x00300593) x11 0x00000003
core   0: 0x80002f9a (0x017592b3) sll     t0, a1, s7
core   0: 3 0x80002f9a (0x017592b3) x 5 0x00000006
core   0: 0x80002f9e (0xff900793) li      a5, -7
core   0: 3 0x80002f9e (0xff900793) x15 0xfffffff9
core   0: 0x80002fa2 (0x45993b93) sltiu   s7, s2, 1113
core   0: 3 0x80002fa2 (0x45993b93) x23 0x00000001
core   0: 0x80002fa6 (0x02fddf33) divu    t5, s11, a5
core   0: 3 0x80002fa6 (0x02fddf33) x30 0x00000000
core   0: 0x80002faa (0x000015d9) c.addi  a1, -10
core   0: 3 0x80002faa (0x15d9) x11 0xfffffff9
core   0: 0x80002fac (0xfef5dbe3) bge     a1, a5, pc - 10
core   0: 3 0x80002fac (0xfef5dbe3)
core   0: 0x80002fa2 (0x45993b93) sltiu   s7, s2, 1113
core   0: 3 0x80002fa2 (0x45993b93) x23 0x00000001
core   0: 0x80002fa6 (0x02fddf33) divu    t5, s11, a5
core   0: 3 0x80002fa6 (0x02fddf33) x30 0x00000000
core   0: 0x80002faa (0x000015d9) c.addi  a1, -10
core   0: 3 0x80002faa (0x15d9) x11 0xffffffef
core   0: 0x80002fac (0xfef5dbe3) bge     a1, a5, pc - 10
core   0: 3 0x80002fac (0xfef5dbe3)
core   0: 0x80002fb0 (0xfd611de3) bne     sp, s6, pc - 38
core   0: 3 0x80002fb0 (0xfd611de3)
core   0: 0x80002f8a (0x00000198) c.addi4spn a4, sp, 192
core   0: 3 0x80002f8a (0x0198) x14 0x000000bd
core   0: 0x80002f8c (0xbdb8b713) sltiu   a4, a7, -1061
core   0: 3 0x80002f8c (0xbdb8b713) x14 0x00000001
core   0: 0x80002f90 (0x00001175) c.addi  sp, -3
core   0: 3 0x80002f90 (0x1175) x 2 0xfffffffa
core   0: 0x80002f92 (0x0ff0000f) fence   iorw,iorw
core   0: 3 0x80002f92 (0x0ff0000f)
core   0: 0x80002f96 (0x00300593) li      a1, 3
core   0: 3 0x80002f96 (0x00300593) x11 0x00000003
core   0: 0x80002f9a (0x017592b3) sll     t0, a1, s7
core   0: 3 0x80002f9a (0x017592b3) x 5 0x00000006
core   0: 0x80002f9e (0xff900793) li      a5, -7
core   0: 3 0x80002f9e (0xff900793) x15 0xfffffff9
core   0: 0x80002fa2 (0x45993b93) sltiu   s7, s2, 1113
core   0: 3 0x80002fa2 (0x45993b93) x23 0x00000001
core   0: 0x80002fa6 (0x02fddf33) divu    t5, s11, a5
core   0: 3 0x80002fa6 (0x02fddf33) x30 0x00000000
core   0: 0x80002faa (0x000015d9) c.addi  a1, -10
core   0: 3 0x80002faa (0x15d9) x11 0xfffffff9
core   0: 0x80002fac (0xfef5dbe3) bge     a1, a5, pc - 10
core   0: 3 0x80002fac (0xfef5dbe3)
core   0: 0x80002fa2 (0x45993b93) sltiu   s7, s2, 1113
core   0: 3 0x80002fa2 (0x45993b93) x23 0x00000001
core   0: 0x80002fa6 (0x02fddf33) divu    t5, s11, a5
core   0: 3 0x80002fa6 (0x02fddf33) x30 0x00000000
core   0: 0x80002faa (0x000015d9) c.addi  a1, -10
core   0: 3 0x80002faa (0x15d9) x11 0xffffffef
core   0: 0x80002fac (0xfef5dbe3) bge     a1, a5, pc - 10
core   0: 3 0x80002fac (0xfef5dbe3)
core   0: 0x80002fb0 (0xfd611de3) bne     sp, s6, pc - 38
core   0: 3 0x80002fb0 (0xfd611de3)
core   0: 0x80002f8a (0x00000198) c.addi4spn a4, sp, 192
core   0: 3 0x80002f8a (0x0198) x14 0x000000ba
core   0: 0x80002f8c (0xbdb8b713) sltiu   a4, a7, -1061
core   0: 3 0x80002f8c (0xbdb8b713) x14 0x00000001
core   0: 0x80002f90 (0x00001175) c.addi  sp, -3
core   0: 3 0x80002f90 (0x1175) x 2 0xfffffff7
core   0: 0x80002f92 (0x0ff0000f) fence   iorw,iorw
core   0: 3 0x80002f92 (0x0ff0000f)
core   0: 0x80002f96 (0x00300593) li      a1, 3
core   0: 3 0x80002f96 (0x00300593) x11 0x00000003
core   0: 0x80002f9a (0x017592b3) sll     t0, a1, s7
core   0: 3 0x80002f9a (0x017592b3) x 5 0x00000006
core   0: 0x80002f9e (0xff900793) li      a5, -7
core   0: 3 0x80002f9e (0xff900793) x15 0xfffffff9
core   0: 0x80002fa2 (0x45993b93) sltiu   s7, s2, 1113
core   0: 3 0x80002fa2 (0x45993b93) x23 0x00000001
core   0: 0x80002fa6 (0x02fddf33) divu    t5, s11, a5
core   0: 3 0x80002fa6 (0x02fddf33) x30 0x00000000
core   0: 0x80002faa (0x000015d9) c.addi  a1, -10
core   0: 3 0x80002faa (0x15d9) x11 0xfffffff9
core   0: 0x80002fac (0xfef5dbe3) bge     a1, a5, pc - 10
core   0: 3 0x80002fac (0xfef5dbe3)
core   0: 0x80002fa2 (0x45993b93) sltiu   s7, s2, 1113
core   0: 3 0x80002fa2 (0x45993b93) x23 0x00000001
core   0: 0x80002fa6 (0x02fddf33) divu    t5, s11, a5
core   0: 3 0x80002fa6 (0x02fddf33) x30 0x00000000
core   0: 0x80002faa (0x000015d9) c.addi  a1, -10
core   0: 3 0x80002faa (0x15d9) x11 0xffffffef
core   0: 0x80002fac (0xfef5dbe3) bge     a1, a5, pc - 10
core   0: 3 0x80002fac (0xfef5dbe3)
core   0: 0x80002fb0 (0xfd611de3) bne     sp, s6, pc - 38
core   0: 3 0x80002fb0 (0xfd611de3)
core   0: 0x80002fb4 (0x00000001) c.nop
core   0: 3 0x80002fb4 (0x0001)
core   0: 0x80002fb6 (0x0001b217) auipc   tp, 0x1b
core   0: 3 0x80002fb6 (0x0001b217) x 4 0x8001dfb6
core   0: 0x80002fba (0xb3620213) addi    tp, tp, -1226
core   0: 3 0x80002fba (0xb3620213) x 4 0x8001daec
core   0: 0x80002fbe (0xff324703) lbu     a4, -13(tp)
core   0: 3 0x80002fbe (0xff324703) x14 0x0000006c mem 0x8001dadf
core   0: 0x80002fc2 (0x0000d997) auipc   s3, 0xd
core   0: 3 0x80002fc2 (0x0000d997) x19 0x8000ffc2
core   0: 0x80002fc6 (0x58b98993) addi    s3, s3, 1419
core   0: 3 0x80002fc6 (0x58b98993) x19 0x8001054d
core   0: 0x80002fca (0xfeb208a3) sb      a1, -15(tp)
core   0: 3 0x80002fca (0xfeb208a3) mem 0x8001dadd 0xef
core   0: 0x80002fce (0xfe398823) sb      gp, -16(s3)
core   0: 3 0x80002fce (0xfe398823) mem 0x8001053d 0x9c
core   0: 0x80002fd2 (0x00121523) sh      ra, 10(tp)
core   0: 3 0x80002fd2 (0x00121523) mem 0x8001daf6 0x8000
core   0: 0x80002fd6 (0xff098b23) sb      a6, -10(s3)
core   0: 3 0x80002fd6 (0xff098b23) mem 0x80010543 0x64
core   0: 0x80002fda (0xfec20e23) sb      a2, -4(tp)
core   0: 3 0x80002fda (0xfec20e23) mem 0x8001dae8 0x0
core   0: 0x80002fde (0xfeb21b23) sh      a1, -10(tp)
core   0: 3 0x80002fde (0xfeb21b23) mem 0x8001dae2 0xffef
core   0: 0x80002fe2 (0x00e98b03) lb      s6, 14(s3)
core   0: 3 0x80002fe2 (0x00e98b03) x22 0xffffff88 mem 0x8001055b
core   0: 0x80002fe6 (0xfed20ca3) sb      a3, -7(tp)
core   0: 3 0x80002fe6 (0xfed20ca3) mem 0x8001dae5 0xcd
core   0: 0x80002fea (0xfee988a3) sb      a4, -15(s3)
core   0: 3 0x80002fea (0xfee988a3) mem 0x8001053e 0x6c
core   0: 0x80002fee (0x00224c83) lbu     s9, 2(tp)
core   0: 3 0x80002fee (0x00224c83) x25 0x000000f1 mem 0x8001daee
core   0: 0x80002ff2 (0x00c9c903) lbu     s2, 12(s3)
core   0: 3 0x80002ff2 (0x00c9c903) x18 0x000000f0 mem 0x80010559
core   0: 0x80002ff6 (0xffc9ca83) lbu     s5, -4(s3)
core   0: 3 0x80002ff6 (0xffc9ca83) x21 0x000000e4 mem 0x80010549
core   0: 0x80002ffa (0xff724c03) lbu     s8, -9(tp)
core   0: 3 0x80002ffa (0xff724c03) x24 0x000000ff mem 0x8001dae3
core   0: 0x80002ffe (0x00d9a7a3) sw      a3, 15(s3)
core   0: 3 0x80002ffe (0x00d9a7a3) mem 0x8001055c 0x8001d2cd
core   0: 0x80003002 (0x0009c603) lbu     a2, 0(s3)
core   0: 3 0x80003002 (0x0009c603) x12 0x00000085 mem 0x8001054d
core   0: 0x80003006 (0x00e00c6f) jal     s8, pc + 0xe
core   0: 3 0x80003006 (0x00e00c6f) x24 0x8000300a
core   0: 0x80003014 (0x00002039) c.jal   pc + 14
core   0: 3 0x80003014 (0x2039) x 1 0x80003016
core   0: 0x80003022 (0x00003fdd) c.jal   pc - 10
core   0: 3 0x80003022 (0x3fdd) x 1 0x80003024
core   0: 0x80003018 (0x0000bfdd) c.j     pc - 10
core   0: 3 0x80003018 (0xbfdd)
core   0: 0x8000300e (0x008009ef) jal     s3, pc + 0x8
core   0: 3 0x8000300e (0x008009ef) x19 0x80003012
core   0: 0x80003016 (0x00003fd5) c.jal   pc - 12
core   0: 3 0x80003016 (0x3fd5) x 1 0x80003018
core   0: 0x8000300a (0x012000ef) jal     pc + 0x12
core   0: 3 0x8000300a (0x012000ef) x 1 0x8000300e
core   0: 0x8000301c (0x00002009) c.jal   pc + 2
core   0: 3 0x8000301c (0x2009) x 1 0x8000301e
core   0: 0x8000301e (0x00002009) c.jal   pc + 2
core   0: 3 0x8000301e (0x2009) x 1 0x80003020
core   0: 0x80003020 (0x00003fcd) c.jal   pc - 14
core   0: 3 0x80003020 (0x3fcd) x 1 0x80003022
core   0: 0x80003012 (0x0000a809) c.j     pc + 18
core   0: 3 0x80003012 (0xa809)
core   0: 0x80003024 (0x00002009) c.jal   pc + 2
core   0: 3 0x80003024 (0x2009) x 1 0x80003026
core   0: 0x80003026 (0x0000bfd5) c.j     pc - 12
core   0: 3 0x80003026 (0xbfd5)
core   0: 0x8000301a (0x00002039) c.jal   pc + 14
core   0: 3 0x8000301a (0x2039) x 1 0x8000301c
core   0: 0x80003028 (0x40668cb3) sub     s9, a3, t1
core   0: 3 0x80003028 (0x40668cb3) x25 0x8001d212
core   0: 0x8000302c (0x04800c6f) jal     s8, pc + 0x48
core   0: 3 0x8000302c (0x04800c6f) x24 0x80003030
core   0: 0x80003074 (0x000037cd) c.jal   pc - 30
core   0: 3 0x80003074 (0x37cd) x 1 0x80003076
core   0: 0x80003056 (0xff3ff36f) jal     t1, pc - 0xe
core   0: 3 0x80003056 (0xff3ff36f) x 6 0x8000305a
core   0: 0x80003048 (0x02a000ef) jal     pc + 0x2a
core   0: 3 0x80003048 (0x02a000ef) x 1 0x8000304c
core   0: 0x80003072 (0x0000b7fd) c.j     pc - 18
core   0: 3 0x80003072 (0xb7fd)
core   0: 0x80003060 (0x00002011) c.jal   pc + 4
core   0: 3 0x80003060 (0x2011) x 1 0x80003062
core   0: 0x80003064 (0x006000ef) jal     pc + 0x6
core   0: 3 0x80003064 (0x006000ef) x 1 0x80003068
core   0: 0x8000306a (0x000037f9) c.jal   pc - 50
core   0: 3 0x8000306a (0x37f9) x 1 0x8000306c
core   0: 0x80003038 (0x0000bff5) c.j     pc - 4
core   0: 3 0x80003038 (0xbff5)
core   0: 0x80003034 (0xffdff0ef) jal     pc - 0x4
core   0: 3 0x80003034 (0xffdff0ef) x 1 0x80003038
core   0: 0x80003030 (0x02e000ef) jal     pc + 0x2e
core   0: 3 0x80003030 (0x02e000ef) x 1 0x80003034
core   0: 0x8000305e (0x00003ffd) c.jal   pc - 2
core   0: 3 0x8000305e (0x3ffd) x 1 0x80003060
core   0: 0x8000305c (0x00003fd5) c.jal   pc - 12
core   0: 3 0x8000305c (0x3fd5) x 1 0x8000305e
core   0: 0x80003050 (0x00002009) c.jal   pc + 2
core   0: 3 0x80003050 (0x2009) x 1 0x80003052
core   0: 0x80003052 (0x024000ef) jal     pc + 0x24
core   0: 3 0x80003052 (0x024000ef) x 1 0x80003056
core   0: 0x80003076 (0xfe5ff66f) jal     a2, pc - 0x1c
core   0: 3 0x80003076 (0xfe5ff66f) x12 0x8000307a
core   0: 0x8000305a (0x000037c5) c.jal   pc - 32
core   0: 3 0x8000305a (0x37c5) x 1 0x8000305c
core   0: 0x8000303a (0x0000280d) c.jal   pc + 50
core   0: 3 0x8000303a (0x280d) x 1 0x8000303c
core   0: 0x8000306c (0x0000bff5) c.j     pc - 4
core   0: 3 0x8000306c (0xbff5)
core   0: 0x80003068 (0x0000bfe1) c.j     pc - 40
core   0: 3 0x80003068 (0xbfe1)
core   0: 0x80003040 (0x02e000ef) jal     pc + 0x2e
core   0: 3 0x80003040 (0x02e000ef) x 1 0x80003044
core   0: 0x8000306e (0x0000bfd5) c.j     pc - 12
core   0: 3 0x8000306e (0xbfd5)
core   0: 0x80003062 (0x00003fe9) c.jal   pc - 38
core   0: 3 0x80003062 (0x3fe9) x 1 0x80003064
core   0: 0x8000303c (0x010000ef) jal     pc + 0x10
core   0: 3 0x8000303c (0x010000ef) x 1 0x80003040
core   0: 0x8000304c (0x024000ef) jal     pc + 0x24
core   0: 3 0x8000304c (0x024000ef) x 1 0x80003050
core   0: 0x80003070 (0x0000bfd1) c.j     pc - 44
core   0: 3 0x80003070 (0xbfd1)
core   0: 0x80003044 (0x036000ef) jal     pc + 0x36
core   0: 3 0x80003044 (0x036000ef) x 1 0x80003048
core   0: 0x8000307a (0x00008db9) c.xor   a1, a4
core   0: 3 0x8000307a (0x8db9) x11 0xffffff83
core   0: 0x8000307c (0x00010117) auipc   sp, 0x10
core   0: 3 0x8000307c (0x00010117) x 2 0x8001307c
core   0: 0x80003080 (0xe7b10113) addi    sp, sp, -389
core   0: 3 0x80003080 (0xe7b10113) x 2 0x80012ef7
core   0: 0x80003084 (0x000005e6) c.slli  a1, 25
core   0: 3 0x80003084 (0x05e6) x11 0x06000000
core   0: 0x80003086 (0x02714c83) lbu     s9, 39(sp)
core   0: 3 0x80003086 (0x02714c83) x25 0x000000b0 mem 0x80012f1e
core   0: 0x8000308a (0x0ff0000f) fence   iorw,iorw
core   0: 3 0x8000308a (0x0ff0000f)
core   0: 0x8000308e (0xce002b93) slti    s7, zero, -800
core   0: 3 0x8000308e (0xce002b93) x23 0x00000000
core   0: 0x80003092 (0x02f15b83) lhu     s7, 47(sp)
core   0: 3 0x80003092 (0x02f15b83) x23 0x0000e34a mem 0x80012f26
core   0: 0x80003096 (0x00000001) c.nop
core   0: 3 0x80003096 (0x0001)
core   0: 0x80003098 (0x00bd6bb3) or      s7, s10, a1
core   0: 3 0x80003098 (0x00bd6bb3) x23 0x06000080
core   0: 0x8000309c (0xff014583) lbu     a1, -16(sp)
core   0: 3 0x8000309c (0xff014583) x11 0x000000e1 mem 0x80012ee7
core   0: 0x800030a0 (0x00905013) srli    zero, zero, 9
core   0: 3 0x800030a0 (0x00905013)
core   0: 0x800030a4 (0x000085b5) c.srai  a1, 13
core   0: 3 0x800030a4 (0x85b5) x11 0x00000000
core   0: 0x800030a6 (0x000089f9) c.andi  a1, 30
core   0: 3 0x800030a6 (0x89f9) x11 0x00000000
core   0: 0x800030a8 (0x03702d33) mulhsu  s10, zero, s7
core   0: 3 0x800030a8 (0x03702d33) x26 0x00000000
core   0: 0x800030ac (0x01a10323) sb      s10, 6(sp)
core   0: 3 0x800030ac (0x01a10323) mem 0x80012efd 0x0
core   0: 0x800030b0 (0xfeb12ea3) sw      a1, -3(sp)
core   0: 3 0x800030b0 (0xfeb12ea3) mem 0x80012ef4 0x00000000
core   0: 0x800030b4 (0x00009ce6) c.add   s9, s9
core   0: 3 0x800030b4 (0x9ce6) x25 0x00000160
core   0: 0x800030b6 (0x00008cde) c.mv    s9, s7
core   0: 3 0x800030b6 (0x8cde) x25 0x06000080
core   0: 0x800030b8 (0x0005dd33) srl     s10, a1, zero
core   0: 3 0x800030b8 (0x0005dd33) x26 0x00000000
core   0: 0x800030bc (0x00501013) slli    zero, zero, 5
core   0: 3 0x800030bc (0x00501013)
core   0: 0x800030c0 (0x02214003) lbu     zero, 34(sp)
core   0: 3 0x800030c0 (0x02214003) mem 0x80012f19
core   0: 0x800030c4 (0xfc011ca3) sh      zero, -39(sp)
core   0: 3 0x800030c4 (0xfc011ca3) mem 0x80012ed0 0x0000
core   0: 0x800030c8 (0xfde10b83) lb      s7, -34(sp)
core   0: 3 0x800030c8 (0xfde10b83) x23 0xffffffcf mem 0x80012ed5
core   0: 0x800030cc (0x0000100f) fence.i
core   0: 3 0x800030cc (0x0000100f)
core   0: 0x800030d0 (0xede4dd37) lui     s10, 0xede4d
core   0: 3 0x800030d0 (0xede4dd37) x26 0xede4d000
core   0: 0x800030d4 (0x01abcbb3) xor     s7, s7, s10
core   0: 3 0x800030d4 (0x01abcbb3) x23 0x121b2fcf
core   0: 0x800030d8 (0x02814003) lbu     zero, 40(sp)
core   0: 3 0x800030d8 (0x02814003) mem 0x80012f1f
core   0: 0x800030dc (0xfeb10c23) sb      a1, -8(sp)
core   0: 3 0x800030dc (0xfeb10c23) mem 0x80012eef 0x0
core   0: 0x800030e0 (0x00001bfd) c.addi  s7, -1
core   0: 3 0x800030e0 (0x1bfd) x23 0x121b2fce
core   0: 0x800030e2 (0x019cfbb3) and     s7, s9, s9
core   0: 3 0x800030e2 (0x019cfbb3) x23 0x06000080
core   0: 0x800030e6 (0x00311403) lh      s0, 3(sp)
core   0: 3 0x800030e6 (0x00311403) x 8 0xffffae65 mem 0x80012efa
core   0: 0x800030ea (0x0000100f) fence.i
core   0: 3 0x800030ea (0x0000100f)
core   0: 0x800030ee (0xfdb15c83) lhu     s9, -37(sp)
core   0: 3 0x800030ee (0xfdb15c83) x25 0x0000b547 mem 0x80012ed2
core   0: 0x800030f2 (0x40bb8bb3) sub     s7, s7, a1
core   0: 3 0x800030f2 (0x40bb8bb3) x23 0x06000080
core   0: 0x800030f6 (0x02040bb3) mul     s7, s0, zero
core   0: 3 0x800030f6 (0x02040bb3) x23 0x00000000
core   0: 0x800030fa (0xfe810d23) sb      s0, -6(sp)
core   0: 3 0x800030fa (0xfe810d23) mem 0x80012ef1 0x65
core   0: 0x800030fe (0x02d10c83) lb      s9, 45(sp)
core   0: 3 0x800030fe (0x02d10c83) x25 0xffffffb2 mem 0x80012f24
core   0: 0x80003102 (0x00008c61) c.and   s0, s0
core   0: 3 0x80003102 (0x8c61) x 8 0xffffae65
core   0: 0x80003104 (0x01910fa3) sb      s9, 31(sp)
core   0: 3 0x80003104 (0x01910fa3) mem 0x80012f16 0xb2
core   0: 0x80003108 (0x028065b3) rem     a1, zero, s0
core   0: 3 0x80003108 (0x028065b3) x11 0x00000000
core   0: 0x8000310c (0x02710b83) lb      s7, 39(sp)
core   0: 3 0x8000310c (0x02710b83) x23 0xffffffb0 mem 0x80012f1e
core   0: 0x80003110 (0x0000d297) auipc   t0, 0xd
core   0: 3 0x80003110 (0x0000d297) x 5 0x80010110
core   0: 0x80003114 (0x6fd28293) addi    t0, t0, 1789
core   0: 3 0x80003114 (0x6fd28293) x 5 0x8001080d
core   0: 0x80003118 (0x00017e97) auipc   t4, 0x17
core   0: 3 0x80003118 (0x00017e97) x29 0x8001a118
core   0: 0x8000311c (0x922e8e93) addi    t4, t4, -1758
core   0: 3 0x8000311c (0x922e8e93) x29 0x80019a3a
core   0: 0x80003120 (0xacae85a3) sb      a0, -1333(t4)
core   0: 3 0x80003120 (0xacae85a3) mem 0x80019505 0x0
core   0: 0x80003124 (0x088e9b83) lh      s7, 136(t4)
core   0: 3 0x80003124 (0x088e9b83) x23 0x00005f41 mem 0x80019ac2
core   0: 0x80003128 (0x0062c903) lbu     s2, 6(t0)
core   0: 3 0x80003128 (0x0062c903) x18 0x000000fd mem 0x80010813
core   0: 0x8000312c (0x3dcedd83) lhu     s11, 988(t4)
core   0: 3 0x8000312c (0x3dcedd83) x27 0x0000f96b mem 0x80019e16
core   0: 0x80003130 (0xff928703) lb      a4, -7(t0)
core   0: 3 0x80003130 (0xff928703) x14 0xffffffb2 mem 0x80010806
core   0: 0x80003134 (0xff028403) lb      s0, -16(t0)
core   0: 3 0x80003134 (0xff028403) x 8 0x00000029 mem 0x800107fd
core   0: 0x80003138 (0x7a1e8203) lb      tp, 1953(t4)
core   0: 3 0x80003138 (0x7a1e8203) x 4 0x00000033 mem 0x8001a1db
core   0: 0x8000313c (0xff729183) lh      gp, -9(t0)
core   0: 3 0x8000313c (0xff729183) x 3 0x00007553 mem 0x80010804
core   0: 0x80003140 (0xd95ec403) lbu     s0, -619(t4)
core   0: 3 0x80003140 (0xd95ec403) x 8 0x000000cc mem 0x800197cf
core   0: 0x80003144 (0x0032ab83) lw      s7, 3(t0)
core   0: 3 0x80003144 (0x0032ab83) x23 0xfdce7bca mem 0x80010810
core   0: 0x80003148 (0x01a294a3) sh      s10, 9(t0)
core   0: 3 0x80003148 (0x01a294a3) mem 0x80010816 0xd000
core   0: 0x8000314c (0x00d281a3) sb      a3, 3(t0)
core   0: 3 0x8000314c (0x00d281a3) mem 0x80010810 0xcd
core   0: 0x80003150 (0xd52e9823) sh      s2, -688(t4)
core   0: 3 0x80003150 (0xd52e9823) mem 0x8001978a 0x00fd
core   0: 0x80003154 (0x0000db97) auipc   s7, 0xd
core   0: 3 0x80003154 (0x0000db97) x23 0x80010154
core   0: 0x80003158 (0xfccb8b93) addi    s7, s7, -52
core   0: 3 0x80003158 (0xfccb8b93) x23 0x80010120
core   0: 0x8000315c (0x00014c17) auipc   s8, 0x14
core   0: 3 0x8000315c (0x00014c17) x24 0x8001715c
core   0: 0x80003160 (0x76bc0c13) addi    s8, s8, 1899
core   0: 3 0x80003160 (0x76bc0c13) x24 0x800178c7
core   0: 0x80003164 (0xff6bc103) lbu     sp, -10(s7)
core   0: 3 0x80003164 (0xff6bc103) x 2 0x000000d8 mem 0x80010116
core   0: 0x80003168 (0xff0bd603) lhu     a2, -16(s7)
core   0: 3 0x80003168 (0xff0bd603) x12 0x0000f734 mem 0x80010110
core   0: 0x8000316c (0x22ac4003) lbu     zero, 554(s8)
core   0: 3 0x8000316c (0x22ac4003) mem 0x80017af1
core   0: 0x80003170 (0x16ec0a23) sb      a4, 372(s8)
core   0: 3 0x80003170 (0x16ec0a23) mem 0x80017a3b 0xb2
core   0: 0x80003174 (0xffcb8883) lb      a7, -4(s7)
core   0: 3 0x80003174 (0xffcb8883) x17 0x0000000c mem 0x8001011c
core   0: 0x80003178 (0x5c4c0203) lb      tp, 1476(s8)
core   0: 3 0x80003178 (0x5c4c0203) x 4 0x00000023 mem 0x80017e8b
core   0: 0x8000317c (0xffdb8983) lb      s3, -3(s7)
core   0: 3 0x8000317c (0xffdb8983) x19 0xffffffd0 mem 0x8001011d
core   0: 0x80003180 (0xf8ac4903) lbu     s2, -118(s8)
core   0: 3 0x80003180 (0xf8ac4903) x18 0x000000b0 mem 0x80017851
core   0: 0x80003184 (0x00eb8323) sb      a4, 6(s7)
core   0: 3 0x80003184 (0x00eb8323) mem 0x80010126 0xb2
core   0: 0x80003188 (0x973c5503) lhu     a0, -1677(s8)
core   0: 3 0x80003188 (0x973c5503) x10 0x000005b1 mem 0x8001723a
core   0: 0x8000318c (0x00abd183) lhu     gp, 10(s7)
core   0: 3 0x8000318c (0x00abd183) x 3 0x00008ae2 mem 0x8001012a
core   0: 0x80003190 (0xff5bc683) lbu     a3, -11(s7)
core   0: 3 0x80003190 (0xff5bc683) x13 0x00000066 mem 0x80010115
core   0: 0x80003194 (0xfe3c0403) lb      s0, -29(s8)
core   0: 3 0x80003194 (0xfe3c0403) x 8 0x0000001e mem 0x800178aa
core   0: 0x80003198 (0x0001c797) auipc   a5, 0x1c
core   0: 3 0x80003198 (0x0001c797) x15 0x8001f198
core   0: 0x8000319c (0xd6078793) addi    a5, a5, -672
core   0: 3 0x8000319c (0xd6078793) x15 0x8001eef8
core   0: 0x800031a0 (0x00016317) auipc   t1, 0x16
core   0: 3 0x800031a0 (0x00016317) x 6 0x800191a0
core   0: 0x800031a4 (0x61930313) addi    t1, t1, 1561
core   0: 3 0x800031a4 (0x61930313) x 6 0x800197b9
core   0: 0x800031a8 (0x0027c383) lbu     t2, 2(a5)
core   0: 3 0x800031a8 (0x0027c383) x 7 0x00000058 mem 0x8001eefa
core   0: 0x800031ac (0xffc79103) lh      sp, -4(a5)
core   0: 3 0x800031ac (0xffc79103) x 2 0x0000281f mem 0x8001eef4
core   0: 0x800031b0 (0x011302a3) sb      a7, 5(t1)
core   0: 3 0x800031b0 (0x011302a3) mem 0x800197be 0xc
core   0: 0x800031b4 (0xff67ce03) lbu     t3, -10(a5)
core   0: 3 0x800031b4 (0xff67ce03) x28 0x000000f8 mem 0x8001eeee
core   0: 0x800031b8 (0xff230103) lb      sp, -14(t1)
core   0: 3 0x800031b8 (0xff230103) x 2 0xffffffdb mem 0x800197ab
core   0: 0x800031bc (0xff17c683) lbu     a3, -15(a5)
core   0: 3 0x800031bc (0xff17c683) x13 0x0000001f mem 0x8001eee9
core   0: 0x800031c0 (0xff030c83) lb      s9, -16(t1)
core   0: 3 0x800031c0 (0xff030c83) x25 0x00000071 mem 0x800197a9
core   0: 0x800031c4 (0x00004b90) c.lw    a2, 16(a5)
core   0: 3 0x800031c4 (0x4b90) x12 0xb673d252 mem 0x8001ef08
core   0: 0x800031c6 (0x0047c203) lbu     tp, 4(a5)
core   0: 3 0x800031c6 (0x0047c203) x 4 0x00000093 mem 0x8001eefc
core   0: 0x800031ca (0xff030983) lb      s3, -16(t1)
core   0: 3 0x800031ca (0xff030983) x19 0x00000071 mem 0x800197a9
core   0: 0x800031ce (0xff07d083) lhu     ra, -16(a5)
core   0: 3 0x800031ce (0xff07d083) x 1 0x00001f5a mem 0x8001eee8
core   0: 0x800031d2 (0x012782a3) sb      s2, 5(a5)
core   0: 3 0x800031d2 (0x012782a3) mem 0x8001eefd 0xb0
core   0: 0x800031d6 (0x00b78383) lb      t2, 11(a5)
core   0: 3 0x800031d6 (0x00b78383) x 7 0xffffffc7 mem 0x8001ef03
core   0: 0x800031da (0x00f35f83) lhu     t6, 15(t1)
core   0: 3 0x800031da (0x00f35f83) x31 0x00003029 mem 0x800197c8
core   0: 0x800031de (0xfe330823) sb      gp, -16(t1)
core   0: 3 0x800031de (0xfe330823) mem 0x800197a9 0xe2
core   0: 0x800031e2 (0x00600c6f) jal     s8, pc + 0x6
core   0: 3 0x800031e2 (0x00600c6f) x24 0x800031e6
core   0: 0x800031e8 (0x0000a839) c.j     pc + 30
core   0: 3 0x800031e8 (0xa839)
core   0: 0x80003206 (0x00003fd5) c.jal   pc - 12
core   0: 3 0x80003206 (0x3fd5) x 1 0x80003208
core   0: 0x800031fa (0x00002805) c.jal   pc + 48
core   0: 3 0x800031fa (0x2805) x 1 0x800031fc
core   0: 0x8000322a (0x0000b7dd) c.j     pc - 26
core   0: 3 0x8000322a (0xb7dd)
core   0: 0x80003210 (0xffbffc6f) jal     s8, pc - 0x6
core   0: 3 0x80003210 (0xffbffc6f) x24 0x80003214
core   0: 0x8000320a (0x0000b7e5) c.j     pc - 24
core   0: 3 0x8000320a (0xb7e5)
core   0: 0x800031f2 (0x00002829) c.jal   pc + 26
core   0: 3 0x800031f2 (0x2829) x 1 0x800031f4
core   0: 0x8000320c (0xff7ff26f) jal     tp, pc - 0xa
core   0: 3 0x8000320c (0xff7ff26f) x 4 0x80003210
core   0: 0x80003202 (0xffbff0ef) jal     pc - 0x6
core   0: 3 0x80003202 (0xffbff0ef) x 1 0x80003206
core   0: 0x800031fc (0x0000a025) c.j     pc + 40
core   0: 3 0x800031fc (0xa025)
core   0: 0x80003224 (0xfd1ff1ef) jal     gp, pc - 0x30
core   0: 3 0x80003224 (0xfd1ff1ef) x 3 0x80003228
core   0: 0x800031f4 (0x004000ef) jal     pc + 0x4
core   0: 3 0x800031f4 (0x004000ef) x 1 0x800031f8
core   0: 0x800031f8 (0x00002801) c.jal   pc + 16
core   0: 3 0x800031f8 (0x2801) x 1 0x800031fa
core   0: 0x80003208 (0x0000a809) c.j     pc + 18
core   0: 3 0x80003208 (0xa809)
core   0: 0x8000321a (0xfcdff0ef) jal     pc - 0x34
core   0: 3 0x8000321a (0xfcdff0ef) x 1 0x8000321e
core   0: 0x800031e6 (0x0000a03d) c.j     pc + 46
core   0: 3 0x800031e6 (0xa03d)
core   0: 0x80003214 (0x00002821) c.jal   pc + 24
core   0: 3 0x80003214 (0x2821) x 1 0x80003216
core   0: 0x8000322c (0x000037f5) c.jal   pc - 20
core   0: 3 0x8000322c (0x37f5) x 1 0x8000322e
core   0: 0x80003218 (0x0000a019) c.j     pc + 6
core   0: 3 0x80003218 (0xa019)
core   0: 0x8000321e (0x0000b7cd) c.j     pc - 30
core   0: 3 0x8000321e (0xb7cd)
core   0: 0x80003200 (0x0000a819) c.j     pc + 22
core   0: 3 0x80003200 (0xa819)
core   0: 0x80003216 (0x0000b7e5) c.j     pc - 24
core   0: 3 0x80003216 (0xb7e5)
core   0: 0x800031fe (0x0000b7fd) c.j     pc - 18
core   0: 3 0x800031fe (0xb7fd)
core   0: 0x800031ec (0x00003ffd) c.jal   pc - 2
core   0: 3 0x800031ec (0x3ffd) x 1 0x800031ee
core   0: 0x800031ea (0x0000283d) c.jal   pc + 62
core   0: 3 0x800031ea (0x283d) x 1 0x800031ec
core   0: 0x80003228 (0x00003fe5) c.jal   pc - 8
core   0: 3 0x80003228 (0x3fe5) x 1 0x8000322a
core   0: 0x80003220 (0x0000b7f9) c.j     pc - 50
core   0: 3 0x80003220 (0xb7f9)
core   0: 0x800031ee (0x03400f6f) jal     t5, pc + 0x34
core   0: 3 0x800031ee (0x03400f6f) x30 0x800031f2
core   0: 0x80003222 (0x00002031) c.jal   pc + 12
core   0: 3 0x80003222 (0x2031) x 1 0x80003224
core   0: 0x8000322e (0x4174de93) srai    t4, s1, 23
core   0: 3 0x8000322e (0x4174de93) x29 0xffffff00
core   0: 0x80003232 (0x0001ad17) auipc   s10, 0x1a
core   0: 3 0x80003232 (0x0001ad17) x26 0x8001d232
core   0: 0x80003236 (0xdc5d0d13) addi    s10, s10, -571
core   0: 3 0x80003236 (0xdc5d0d13) x26 0x8001cff7
core   0: 0x8000323a (0xb9804113) xori    sp, zero, -1128
core   0: 3 0x8000323a (0xb9804113) x 2 0xfffffb98
core   0: 0x8000323e (0x3377a613) slti    a2, a5, 823
core   0: 3 0x8000323e (0x3377a613) x12 0x00000001
core   0: 0x80003242 (0x00008c19) c.sub   s0, a4
core   0: 3 0x80003242 (0x8c19) x 8 0x0000006c
core   0: 0x80003244 (0xffcd4403) lbu     s0, -4(s10)
core   0: 3 0x80003244 (0xffcd4403) x 8 0x000000d7 mem 0x8001cff3
core   0: 0x80003248 (0x2485b093) sltiu   ra, a1, 584
core   0: 3 0x80003248 (0x2485b093) x 1 0x00000001
core   0: 0x8000324c (0x01ed04a3) sb      t5, 9(s10)
core   0: 3 0x8000324c (0x01ed04a3) mem 0x8001d000 0xf2
core   0: 0x80003250 (0x00904633) xor     a2, zero, s1
core   0: 3 0x80003250 (0x00904633) x12 0x80029ce4
core   0: 0x80003254 (0x000081c1) c.srli  a1, 16
core   0: 3 0x80003254 (0x81c1) x11 0x00000000
core   0: 0x80003256 (0x4195d093) srai    ra, a1, 25
core   0: 3 0x80003256 (0x4195d093) x 1 0x00000000
core   0: 0x8000325a (0x00008b1d) c.andi  a4, 7
core   0: 3 0x8000325a (0x8b1d) x14 0x00000002
core   0: 0x8000325c (0xb2ab6d93) ori     s11, s6, -1238
core   0: 3 0x8000325c (0xb2ab6d93) x27 0xffffffaa
core   0: 0x80003260 (0xff4d0e23) sb      s4, -4(s10)
core   0: 3 0x80003260 (0xff4d0e23) mem 0x8001cff3 0x0
core   0: 0x80003264 (0x00f35793) srli    a5, t1, 15
core   0: 3 0x80003264 (0x00f35793) x15 0x00010003
core   0: 0x80003268 (0xffad4e03) lbu     t3, -6(s10)
core   0: 3 0x80003268 (0xffad4e03) x28 0x00000048 mem 0x8001cff1
core   0: 0x8000326c (0x0ff0000f) fence   iorw,iorw
core   0: 3 0x8000326c (0x0ff0000f)
core   0: 0x80003270 (0x0ff0000f) fence   iorw,iorw
core   0: 3 0x80003270 (0x0ff0000f)
core   0: 0x80003274 (0xbd12e993) ori     s3, t0, -1071
core   0: 3 0x80003274 (0xbd12e993) x19 0xfffffbdd
core   0: 0x80003278 (0x00008c31) c.xor   s0, a2
core   0: 3 0x80003278 (0x8c31) x 8 0x80029c33
core   0: 0x8000327a (0x00008ecd) c.or    a3, a1
core   0: 3 0x8000327a (0x8ecd) x13 0x0000001f
core   0: 0x8000327c (0x27227713) andi    a4, tp, 626
core   0: 3 0x8000327c (0x27227713) x14 0x00000210
core   0: 0x80003280 (0xfedd1ca3) sh      a3, -7(s10)
core   0: 3 0x80003280 (0xfedd1ca3) mem 0x8001cff0 0x001f
core   0: 0x80003284 (0x019d0023) sb      s9, 0(s10)
core   0: 3 0x80003284 (0x019d0023) mem 0x8001cff7 0x71
core   0: 0x80003288 (0x00fd0d83) lb      s11, 15(s10)
core   0: 3 0x80003288 (0x00fd0d83) x27 0x0000005e mem 0x8001d006
core   0: 0x8000328c (0xdcf78b13) addi    s6, a5, -561
core   0: 3 0x8000328c (0xdcf78b13) x22 0x0000fdd2
core   0: 0x80003290 (0x0000717d) c.addi16sp sp, -16
core   0: 3 0x80003290 (0x717d) x 2 0xfffffb88
core   0: 0x80003292 (0x00008c21) c.xor   s0, s0
core   0: 3 0x80003292 (0x8c21) x 8 0x00000000
core   0: 0x80003294 (0x03030433) mul     s0, t1, a6
core   0: 3 0x80003294 (0x03030433) x 8 0x45c73244
core   0: 0x80003298 (0x00ad0d83) lb      s11, 10(s10)
core   0: 3 0x80003298 (0x00ad0d83) x27 0x00000009 mem 0x8001d001
core   0: 0x8000329c (0xff8d4403) lbu     s0, -8(s10)
core   0: 3 0x8000329c (0xff8d4403) x 8 0x0000008b mem 0x8001cfef
core   0: 0x800032a0 (0x00000001) c.nop
core   0: 3 0x800032a0 (0x0001)
core   0: 0x800032a2 (0x0080d413) srli    s0, ra, 8
core   0: 3 0x800032a2 (0x0080d413) x 8 0x00000000
core   0: 0x800032a6 (0x015d0723) sb      s5, 14(s10)
core   0: 3 0x800032a6 (0x015d0723) mem 0x8001d005 0xe4
core   0: 0x800032aa (0x01200c6f) jal     s8, pc + 0x12
core   0: 3 0x800032aa (0x01200c6f) x24 0x800032ae
core   0: 0x800032bc (0x0000203d) c.jal   pc + 46
core   0: 3 0x800032bc (0x203d) x 1 0x800032be
core   0: 0x800032ea (0xfe1ff0ef) jal     pc - 0x20
core   0: 3 0x800032ea (0xfe1ff0ef) x 1 0x800032ee
core   0: 0x800032ca (0x00003fed) c.jal   pc - 6
core   0: 3 0x800032ca (0x3fed) x 1 0x800032cc
core   0: 0x800032c4 (0x0000b7fd) c.j     pc - 18
core   0: 3 0x800032c4 (0xb7fd)
core   0: 0x800032b2 (0x0000a031) c.j     pc + 12
core   0: 3 0x800032b2 (0xa031)
core   0: 0x800032be (0x0000202d) c.jal   pc + 42
core   0: 3 0x800032be (0x202d) x 1 0x800032c0
core   0: 0x800032e8 (0x0000a019) c.j     pc + 6
core   0: 3 0x800032e8 (0xa019)
core   0: 0x800032ee (0x000037e9) c.jal   pc - 54
core   0: 3 0x800032ee (0x37e9) x 1 0x800032f0
core   0: 0x800032b8 (0x01c0026f) jal     tp, pc + 0x1c
core   0: 3 0x800032b8 (0x01c0026f) x 4 0x800032bc
core   0: 0x800032d4 (0x0000a009) c.j     pc + 2
core   0: 3 0x800032d4 (0xa009)
core   0: 0x800032d6 (0x01a0036f) jal     t1, pc + 0x1a
core   0: 3 0x800032d6 (0x01a0036f) x 6 0x800032da
core   0: 0x800032f0 (0xff7ff26f) jal     tp, pc - 0xa
core   0: 3 0x800032f0 (0xff7ff26f) x 4 0x800032f4
core   0: 0x800032e6 (0x000037dd) c.jal   pc - 26
core   0: 3 0x800032e6 (0x37dd) x 1 0x800032e8
core   0: 0x800032cc (0xffbff8ef) jal     a7, pc - 0x6
core   0: 3 0x800032cc (0xffbff8ef) x17 0x800032d0
core   0: 0x800032c6 (0xfebff0ef) jal     pc - 0x16
core   0: 3 0x800032c6 (0xfebff0ef) x 1 0x800032ca
core   0: 0x800032b0 (0x00002035) c.jal   pc + 44
core   0: 3 0x800032b0 (0x2035) x 1 0x800032b2
core   0: 0x800032dc (0x00002821) c.jal   pc + 24
core   0: 3 0x800032dc (0x2821) x 1 0x800032de
core   0: 0x800032f4 (0x0000b7f9) c.j     pc - 50
core   0: 3 0x800032f4 (0xb7f9)
core   0: 0x800032c2 (0x0000a831) c.j     pc + 28
core   0: 3 0x800032c2 (0xa831)
core   0: 0x800032de (0x00002019) c.jal   pc + 6
core   0: 3 0x800032de (0x2019) x 1 0x800032e0
core   0: 0x800032e4 (0x0000bff5) c.j     pc - 4
core   0: 3 0x800032e4 (0xbff5)
core   0: 0x800032e0 (0xfcfff0ef) jal     pc - 0x32
core   0: 3 0x800032e0 (0xfcfff0ef) x 1 0x800032e4
core   0: 0x800032ae (0x00002035) c.jal   pc + 44
core   0: 3 0x800032ae (0x2035) x 1 0x800032b0
core   0: 0x800032da (0x0000bfdd) c.j     pc - 10
core   0: 3 0x800032da (0xbfdd)
core   0: 0x800032d0 (0xff1fffef) jal     t6, pc - 0x10
core   0: 3 0x800032d0 (0xff1fffef) x31 0x800032d4
core   0: 0x800032c0 (0x0000281d) c.jal   pc + 54
core   0: 3 0x800032c0 (0x281d) x 1 0x800032c2
core   0: 0x800032f6 (0xfbfff0ef) jal     pc - 0x42
core   0: 3 0x800032f6 (0xfbfff0ef) x 1 0x800032fa
core   0: 0x800032b4 (0x0460036f) jal     t1, pc + 0x46
core   0: 3 0x800032b4 (0x0460036f) x 6 0x800032b8
core   0: 0x800032fa (0x02465933) divu    s2, a2, tp
core   0: 3 0x800032fa (0x02465933) x18 0x00000001
core   0: 0x800032fe (0x0001d097) auipc   ra, 0x1d
core   0: 3 0x800032fe (0x0001d097) x 1 0x800202fe
core   0: 0x80003302 (0x27108093) addi    ra, ra, 625
core   0: 3 0x80003302 (0x27108093) x 1 0x8002056f
core   0: 0x80003306 (0x0000100f) fence.i
core   0: 3 0x80003306 (0x0000100f)
core   0: 0x8000330a (0x00008d56) c.mv    s10, s5
core   0: 3 0x8000330a (0x8d56) x26 0x000000e4
core   0: 0x8000330c (0xff80c683) lbu     a3, -8(ra)
core   0: 3 0x8000330c (0xff80c683) x13 0x000000a8 mem 0x80020567
core   0: 0x80003310 (0x0180a6a3) sw      s8, 13(ra)
core   0: 3 0x80003310 (0x0180a6a3) mem 0x8002057c 0x800032ae
core   0: 0x80003314 (0x01d0a2a3) sw      t4, 5(ra)
core   0: 3 0x80003314 (0x01d0a2a3) mem 0x80020574 0xffffff00
core   0: 0x80003318 (0xffd09d03) lh      s10, -3(ra)
core   0: 3 0x80003318 (0xffd09d03) x26 0xffff9df7 mem 0x8002056c
core   0: 0x8000331c (0xffe08c03) lb      s8, -2(ra)
core   0: 3 0x8000331c (0xffe08c03) x24 0xffffff9d mem 0x8002056d
core   0: 0x80003320 (0x018d5eb3) srl     t4, s10, s8
core   0: 3 0x80003320 (0x018d5eb3) x29 0x00000007
core   0: 0x80003324 (0x00008f35) c.xor   a4, a3
core   0: 3 0x80003324 (0x8f35) x14 0x000002b8
core   0: 0x80003326 (0x01808123) sb      s8, 2(ra)
core   0: 3 0x80003326 (0x01808123) mem 0x80020571 0x9d
core   0: 0x8000332a (0xff408c03) lb      s8, -12(ra)
core   0: 3 0x8000332a (0xff408c03) x24 0xffffffe6 mem 0x80020563
core   0: 0x8000332e (0x01573eb3) sltu    t4, a4, s5
core   0: 3 0x8000332e (0x01573eb3) x29 0x00000000
core   0: 0x80003332 (0x00000eba) c.slli  t4, 14
core   0: 3 0x80003332 (0x0eba) x29 0x00000000
core   0: 0x80003334 (0x00f0c703) lbu     a4, 15(ra)
core   0: 3 0x80003334 (0x00f0c703) x14 0x00000000 mem 0x8002057e
core   0: 0x80003338 (0x0000100f) fence.i
core   0: 3 0x80003338 (0x0000100f)
core   0: 0x8000333c (0xffa08ea3) sb      s10, -3(ra)
core   0: 3 0x8000333c (0xffa08ea3) mem 0x8002056c 0xf7
core   0: 0x80003340 (0xff20cd03) lbu     s10, -14(ra)
core   0: 3 0x80003340 (0xff20cd03) x26 0x0000000c mem 0x80020561
core   0: 0x80003344 (0x00005afd) c.li    s5, -1
core   0: 3 0x80003344 (0x5afd) x21 0xffffffff
core   0: 0x80003346 (0xff5088a3) sb      s5, -15(ra)
core   0: 3 0x80003346 (0xff5088a3) mem 0x80020560 0xff
core   0: 0x8000334a (0xb8bd6e93) ori     t4, s10, -1141
core   0: 3 0x8000334a (0xb8bd6e93) x29 0xfffffb8f
core   0: 0x8000334e (0x03dab733) mulhu   a4, s5, t4
core   0: 3 0x8000334e (0x03dab733) x14 0xfffffb8e
core   0: 0x80003352 (0x00a0c683) lbu     a3, 10(ra)
core   0: 3 0x80003352 (0x00a0c683) x13 0x000000ad mem 0x80020579
core   0: 0x80003356 (0x00008e83) lb      t4, 0(ra)
core   0: 3 0x80003356 (0x00008e83) x29 0xffffffb4 mem 0x8002056f
core   0: 0x8000335a (0xff308e83) lb      t4, -13(ra)
core   0: 3 0x8000335a (0xff308e83) x29 0xfffffffe mem 0x80020562
core   0: 0x8000335e (0xff509ba3) sh      s5, -9(ra)
core   0: 3 0x8000335e (0xff509ba3) mem 0x80020566 0xffff
core   0: 0x80003362 (0x00005d7d) c.li    s10, -1
core   0: 3 0x80003362 (0x5d7d) x26 0xffffffff
core   0: 0x80003364 (0xffb09a83) lh      s5, -5(ra)
core   0: 3 0x80003364 (0xffb09a83) x21 0x00002c6f mem 0x8002056a
core   0: 0x80003368 (0xca4acd13) xori    s10, s5, -860
core   0: 3 0x80003368 (0xca4acd13) x26 0xffffd0cb
core   0: 0x8000336c (0x00008b11) c.andi  a4, 4
core   0: 3 0x8000336c (0x8b11) x14 0x00000004
core   0: 0x8000336e (0x00009b7d) c.andi  a4, -1
core   0: 3 0x8000336e (0x9b7d) x14 0x00000004
core   0: 0x80003370 (0x00008f79) c.and   a4, a4
core   0: 3 0x80003370 (0x8f79) x14 0x00000004
core   0: 0x80003372 (0x000082ad) c.srli  a3, 11
core   0: 3 0x80003372 (0x82ad) x13 0x00000000
core   0: 0x80003374 (0x00009c6a) c.add   s8, s10
core   0: 3 0x80003374 (0x9c6a) x24 0xffffd0b1
core   0: 0x80003376 (0x96f68c13) addi    s8, a3, -1681
core   0: 3 0x80003376 (0x96f68c13) x24 0xfffff96f
core   0: 0x8000337a (0xff508da3) sb      s5, -5(ra)
core   0: 3 0x8000337a (0xff508da3) mem 0x8002056a 0x6f
core   0: 0x8000337e (0x79eacc13) xori    s8, s5, 1950
core   0: 3 0x8000337e (0x79eacc13) x24 0x00002bf1
core   0: 0x80003382 (0x00001afd) c.addi  s5, -1
core   0: 3 0x80003382 (0x1afd) x21 0x00002c6e
core   0: 0x80003384 (0xc75d0a93) addi    s5, s10, -907
core   0: 3 0x80003384 (0xc75d0a93) x21 0xffffcd40
core   0: 0x80003388 (0x038edc33) divu    s8, t4, s8
core   0: 3 0x80003388 (0x038edc33) x24 0x0005d370
core   0: 0x8000338c (0x01508023) sb      s5, 0(ra)
core   0: 3 0x8000338c (0x01508023) mem 0x8002056f 0x40
core   0: 0x80003390 (0xfee08f23) sb      a4, -2(ra)
core   0: 3 0x80003390 (0xfee08f23) mem 0x8002056d 0x4
core   0: 0x80003394 (0x0000100f) fence.i
core   0: 3 0x80003394 (0x0000100f)
core   0: 0x80003398 (0x03a75733) divu    a4, a4, s10
core   0: 3 0x80003398 (0x03a75733) x14 0x00000000
core   0: 0x8000339c (0x00d08a83) lb      s5, 13(ra)
core   0: 3 0x8000339c (0x00d08a83) x21 0xffffffae mem 0x8002057c
core   0: 0x800033a0 (0xff408c03) lb      s8, -12(ra)
core   0: 3 0x800033a0 (0xff408c03) x24 0xffffffe6 mem 0x80020563
core   0: 0x800033a4 (0x00008ad6) c.mv    s5, s5
core   0: 3 0x800033a4 (0x8ad6) x21 0xffffffae
core   0: 0x800033a6 (0x00006c19) c.lui   s8, 0x6
core   0: 3 0x800033a6 (0x6c19) x24 0x00006000
core   0: 0x800033a8 (0x00009aea) c.add   s5, s10
core   0: 3 0x800033a8 (0x9aea) x21 0xffffd079
core   0: 0x800033aa (0x417edd13) srai    s10, t4, 23
core   0: 3 0x800033aa (0x417edd13) x26 0xffffffff
core   0: 0x800033ae (0x0060c683) lbu     a3, 6(ra)
core   0: 3 0x800033ae (0x0060c683) x13 0x000000ff mem 0x80020575
core   0: 0x800033b2 (0x00008f19) c.sub   a4, a4
core   0: 3 0x800033b2 (0x8f19) x14 0x00000000
core   0: 0x800033b4 (0x01808623) sb      s8, 12(ra)
core   0: 3 0x800033b4 (0x01808623) mem 0x8002057b 0x0
core   0: 0x800033b8 (0x00808703) lb      a4, 8(ra)
core   0: 3 0x800033b8 (0x00808703) x14 0xffffffff mem 0x80020577
core   0: 0x800033bc (0x00e093a3) sh      a4, 7(ra)
core   0: 3 0x800033bc (0x00e093a3) mem 0x80020576 0xffff
core   0: 0x800033c0 (0x00009ed6) c.add   t4, s5
core   0: 3 0x800033c0 (0x9ed6) x29 0xffffd077
core   0: 0x800033c2 (0xff309703) lh      a4, -13(ra)
core   0: 3 0x800033c2 (0xff309703) x14 0xffffe6fe mem 0x80020562
core   0: 0x800033c6 (0x00a00113) li      sp, 10
core   0: 3 0x800033c6 (0x00a00113) x 2 0x0000000a
core   0: 0x800033ca (0x00000001) c.nop
core   0: 3 0x800033ca (0x0001)
core   0: 0x800033cc (0x00900593) li      a1, 9
core   0: 3 0x800033cc (0x00900593) x11 0x00000009
core   0: 0x800033d0 (0x019faeb3) slt     t4, t6, s9
core   0: 3 0x800033d0 (0x019faeb3) x29 0x00000001
core   0: 0x800033d4 (0x02ce8db3) mul     s11, t4, a2
core   0: 3 0x800033d4 (0x02ce8db3) x27 0x80029ce4
core   0: 0x800033d8 (0x00005d7d) c.li    s10, -1
core   0: 3 0x800033d8 (0x5d7d) x26 0xffffffff
core   0: 0x800033da (0x018b1c33) sll     s8, s6, s8
core   0: 3 0x800033da (0x018b1c33) x24 0x0000fdd2
core   0: 0x800033de (0x0ff0000f) fence   iorw,iorw
core   0: 3 0x800033de (0x0ff0000f)
core   0: 0x800033e2 (0x00ded393) srli    t2, t4, 13
core   0: 3 0x800033e2 (0x00ded393) x 7 0x00000000
core   0: 0x800033e6 (0x03e43533) mulhu   a0, s0, t5
core   0: 3 0x800033e6 (0x03e43533) x10 0x00000000
core   0: 0x800033ea (0xa98a6397) auipc   t2, 0xa98a6
core   0: 3 0x800033ea (0xa98a6397) x 7 0x298a93ea
core   0: 0x800033ee (0x00001161) c.addi  sp, -8
core   0: 3 0x800033ee (0x1161) x 2 0x00000002
core   0: 0x800033f0 (0x00005b7d) c.li    s6, -1
core   0: 3 0x800033f0 (0x5b7d) x22 0xffffffff
core   0: 0x800033f2 (0xff900613) li      a2, -7
core   0: 3 0x800033f2 (0xff900613) x12 0xfffffff9
core   0: 0x800033f6 (0x00008ed1) c.or    a3, a2
core   0: 3 0x800033f6 (0x8ed1) x13 0xffffffff
core   0: 0x800033f8 (0x037348b3) div     a7, t1, s7
core   0: 3 0x800033f8 (0x037348b3) x17 0x00000001
core   0: 0x800033fc (0xbf976e13) ori     t3, a4, -1031
core   0: 3 0x800033fc (0xbf976e13) x28 0xffffffff
core   0: 0x80003400 (0x0034cdb3) xor     s11, s1, gp
core   0: 3 0x80003400 (0x0034cdb3) x27 0x0002aecc
core   0: 0x80003404 (0x6acc0693) addi    a3, s8, 1708
core   0: 3 0x80003404 (0x6acc0693) x13 0x0001047e
core   0: 0x80003408 (0x00000001) c.nop
core   0: 3 0x80003408 (0x0001)
core   0: 0x8000340a (0x00000001) c.nop
core   0: 3 0x8000340a (0x0001)
core   0: 0x8000340c (0x40468eb3) sub     t4, a3, tp
core   0: 3 0x8000340c (0x40468eb3) x29 0x8000d18a
core   0: 0x80003410 (0x00008d4d) c.or    a0, a1
core   0: 3 0x80003410 (0x8d4d) x10 0x00000009
core   0: 0x80003412 (0x0000061d) c.addi  a2, 7
core   0: 3 0x80003412 (0x061d) x12 0x00000000
core   0: 0x80003414 (0x03a1ea93) ori     s5, gp, 58
core   0: 3 0x80003414 (0x03a1ea93) x21 0x8000323a
core   0: 0x80003418 (0xdf653913) sltiu   s2, a0, -522
core   0: 3 0x80003418 (0xdf653913) x18 0x00000001
core   0: 0x8000341c (0x0000da65) c.beqz  a2, pc - 16
core   0: 3 0x8000341c (0xda65)
core   0: 0x8000340c (0x40468eb3) sub     t4, a3, tp
core   0: 3 0x8000340c (0x40468eb3) x29 0x8000d18a
core   0: 0x80003410 (0x00008d4d) c.or    a0, a1
core   0: 3 0x80003410 (0x8d4d) x10 0x00000009
core   0: 0x80003412 (0x0000061d) c.addi  a2, 7
core   0: 3 0x80003412 (0x061d) x12 0x00000007
core   0: 0x80003414 (0x03a1ea93) ori     s5, gp, 58
core   0: 3 0x80003414 (0x03a1ea93) x21 0x8000323a
core   0: 0x80003418 (0xdf653913) sltiu   s2, a0, -522
core   0: 3 0x80003418 (0xdf653913) x18 0x00000001
core   0: 0x8000341c (0x0000da65) c.beqz  a2, pc - 16
core   0: 3 0x8000341c (0xda65)
core   0: 0x8000341e (0x031e8433) mul     s0, t4, a7
core   0: 3 0x8000341e (0x031e8433) x 8 0x8000d18a
core   0: 0x80003422 (0x86f38d93) addi    s11, t2, -1937
core   0: 3 0x80003422 (0x86f38d93) x27 0x298a8c59
core   0: 0x80003426 (0x03b62933) mulhsu  s2, a2, s11
core   0: 3 0x80003426 (0x03b62933) x18 0x00000001
core   0: 0x8000342a (0x00008c5d) c.or    s0, a5
core   0: 3 0x8000342a (0x8c5d) x 8 0x8001d18b
core   0: 0x8000342c (0xfab17fe3) bgeu    sp, a1, pc - 66
core   0: 3 0x8000342c (0xfab17fe3)
core   0: 0x80003430 (0x01626cb3) or      s9, tp, s6
core   0: 3 0x80003430 (0x01626cb3) x25 0xffffffff
core   0: 0x80003434 (0x00010117) auipc   sp, 0x10
core   0: 3 0x80003434 (0x00010117) x 2 0x80013434
core   0: 0x80003438 (0x9e410113) addi    sp, sp, -1564
core   0: 3 0x80003438 (0x9e410113) x 2 0x80012e18
core   0: 0x8000343c (0xf8410a23) sb      tp, -108(sp)
core   0: 3 0x8000343c (0xf8410a23) mem 0x80012dac 0xf4
core   0: 0x80003440 (0xfee11f23) sh      a4, -2(sp)
core   0: 3 0x80003440 (0xfee11f23) mem 0x80012e16 0xe6fe
core   0: 0x80003444 (0x0b310983) lb      s3, 179(sp)
core   0: 3 0x80003444 (0x0b310983) x19 0xffffffcc mem 0x80012ecb
core   0: 0x80003448 (0x413259b3) sra     s3, tp, s3
core   0: 3 0x80003448 (0x413259b3) x19 0xfff80003
core   0: 0x8000344c (0x01514203) lbu     tp, 21(sp)
core   0: 3 0x8000344c (0x01514203) x 4 0x00000091 mem 0x80012e2d
core   0: 0x80003450 (0x06d10203) lb      tp, 109(sp)
core   0: 3 0x80003450 (0x06d10203) x 4 0xfffffff2 mem 0x80012e85
core   0: 0x80003454 (0x0407a337) lui     t1, 0x407a
core   0: 3 0x80003454 (0x0407a337) x 6 0x0407a000
core   0: 0x80003458 (0x009b5213) srli    tp, s6, 9
core   0: 3 0x80003458 (0x009b5213) x 4 0x007fffff
core   0: 0x8000345c (0xfa415983) lhu     s3, -92(sp)
core   0: 3 0x8000345c (0xfa415983) x19 0x00004fc9 mem 0x80012dbc
core   0: 0x80003460 (0xf8e11703) lh      a4, -114(sp)
core   0: 3 0x80003460 (0xf8e11703) x14 0x0000432e mem 0x80012da6
core   0: 0x80003464 (0x093106a3) sb      s3, 141(sp)
core   0: 3 0x80003464 (0x093106a3) mem 0x80012ea5 0xc9
core   0: 0x80003468 (0xf0c15303) lhu     t1, -244(sp)
core   0: 3 0x80003468 (0xf0c15303) x 6 0x00003336 mem 0x80012d24
core   0: 0x8000346c (0x0a610ea3) sb      t1, 189(sp)
core   0: 3 0x8000346c (0x0a610ea3) mem 0x80012ed5 0x36
core   0: 0x80003470 (0x02e11323) sh      a4, 38(sp)
core   0: 3 0x80003470 (0x02e11323) mem 0x80012e3e 0x432e
core   0: 0x80003474 (0x43dc4717) auipc   a4, 0x43dc4
core   0: 3 0x80003474 (0x43dc4717) x14 0xc3dc7474
core   0: 0x80003478 (0xf2f14b03) lbu     s6, -209(sp)
core   0: 3 0x80003478 (0xf2f14b03) x22 0x000000a4 mem 0x80012d47
core   0: 0x8000347c (0x00008f19) c.sub   a4, a4
core   0: 3 0x8000347c (0x8f19) x14 0x00000000
core   0: 0x8000347e (0xf8611923) sh      t1, -110(sp)
core   0: 3 0x8000347e (0xf8611923) mem 0x80012daa 0x3336
core   0: 0x80003482 (0x09610983) lb      s3, 150(sp)
core   0: 3 0x80003482 (0x09610983) x19 0xffffff95 mem 0x80012eae
core   0: 0x80003486 (0x09015b03) lhu     s6, 144(sp)
core   0: 3 0x80003486 (0x09015b03) x22 0x0000efa8 mem 0x80012ea8
core   0: 0x8000348a (0xff110da3) sb      a7, -5(sp)
core   0: 3 0x8000348a (0xff110da3) mem 0x80012e13 0x1
core   0: 0x8000348e (0x0ce102a3) sb      a4, 197(sp)
core   0: 3 0x8000348e (0x0ce102a3) mem 0x80012edd 0x0
core   0: 0x80003492 (0x1e43f897) auipc   a7, 0x1e43f
core   0: 3 0x80003492 (0x1e43f897) x17 0x9e442492
core   0: 0x80003496 (0xf7914883) lbu     a7, -135(sp)
core   0: 3 0x80003496 (0xf7914883) x17 0x0000002e mem 0x80012d91
core   0: 0x8000349a (0x004107a3) sb      tp, 15(sp)
core   0: 3 0x8000349a (0x004107a3) mem 0x80012e27 0xff
core   0: 0x8000349e (0xfee11883) lh      a7, -18(sp)
core   0: 3 0x8000349e (0xfee11883) x17 0x00003aa3 mem 0x80012e06
core   0: 0x800034a2 (0xfce15b03) lhu     s6, -50(sp)
core   0: 3 0x800034a2 (0xfce15b03) x22 0x0000e0c6 mem 0x80012de6
core   0: 0x800034a6 (0x09a11983) lh      s3, 154(sp)
core   0: 3 0x800034a6 (0x09a11983) x19 0xfffff9c0 mem 0x80012eb2
core   0: 0x800034aa (0x00000b66) c.slli  s6, 25
core   0: 3 0x800034aa (0x0b66) x22 0x8c000000
core   0: 0x800034ac (0x01a15b03) lhu     s6, 26(sp)
core   0: 3 0x800034ac (0x01a15b03) x22 0x0000dc5a mem 0x80012e32
core   0: 0x800034b0 (0xfad10983) lb      s3, -83(sp)
core   0: 3 0x800034b0 (0xfad10983) x19 0xfffffff3 mem 0x80012dc5
core   0: 0x800034b4 (0xf8514203) lbu     tp, -123(sp)
core   0: 3 0x800034b4 (0xf8514203) x 4 0x000000a8 mem 0x80012d9d
core   0: 0x800034b8 (0x03325733) divu    a4, tp, s3
core   0: 3 0x800034b8 (0x03325733) x14 0x00000000
core   0: 0x800034bc (0x013b7233) and     tp, s6, s3
core   0: 3 0x800034bc (0x013b7233) x 4 0x0000dc52
core   0: 0x800034c0 (0x026219b3) mulh    s3, tp, t1
core   0: 3 0x800034c0 (0x026219b3) x19 0x00000000
core   0: 0x800034c4 (0x0000621d) c.lui   tp, 0x7
core   0: 3 0x800034c4 (0x621d) x 4 0x00007000
core   0: 0x800034c6 (0xf3910703) lb      a4, -199(sp)
core   0: 3 0x800034c6 (0xf3910703) x14 0xffffffad mem 0x80012d51
core   0: 0x800034ca (0x00005b7d) c.li    s6, -1
core   0: 3 0x800034ca (0x5b7d) x22 0xffffffff
core   0: 0x800034cc (0x09611823) sh      s6, 144(sp)
core   0: 3 0x800034cc (0x09611823) mem 0x80012ea8 0xffff
core   0: 0x800034d0 (0x02622733) mulhsu  a4, tp, t1
core   0: 3 0x800034d0 (0x02622733) x14 0x00000000
core   0: 0x800034d4 (0xf8814983) lbu     s3, -120(sp)
core   0: 3 0x800034d4 (0xf8814983) x19 0x000000b1 mem 0x80012da0
core   0: 0x800034d8 (0xf0d14883) lbu     a7, -243(sp)
core   0: 3 0x800034d8 (0xf0d14883) x17 0x00000033 mem 0x80012d25
core   0: 0x800034dc (0x036109a3) sb      s6, 51(sp)
core   0: 3 0x800034dc (0x036109a3) mem 0x80012e4b 0xff
core   0: 0x800034e0 (0x00900893) li      a7, 9
core   0: 3 0x800034e0 (0x00900893) x17 0x00000009
core   0: 0x800034e4 (0x00800193) li      gp, 8
core   0: 3 0x800034e4 (0x00800193) x 3 0x00000008
core   0: 0x800034e8 (0xf8700f37) lui     t5, 0xf8700
core   0: 3 0x800034e8 (0xf8700f37) x30 0xf8700000
core   0: 0x800034ec (0x031c8433) mul     s0, s9, a7
core   0: 3 0x800034ec (0x031c8433) x 8 0xfffffff7
core   0: 0x800034f0 (0x03536b33) rem     s6, t1, s5
core   0: 3 0x800034f0 (0x03536b33) x22 0x00003336
core   0: 0x800034f4 (0x000018f5) c.addi  a7, -3
core   0: 3 0x800034f4 (0x18f5) x17 0x00000006
core   0: 0x800034f6 (0x00008809) c.andi  s0, 2
core   0: 3 0x800034f6 (0x8809) x 8 0x00000002
core   0: 0x800034f8 (0xff600693) li      a3, -10
core   0: 3 0x800034f8 (0xff600693) x13 0xfffffff6
core   0: 0x800034fc (0x00000001) c.nop
core   0: 3 0x800034fc (0x0001)
core   0: 0x800034fe (0x039a12b3) mulh    t0, s4, s9
core   0: 3 0x800034fe (0x039a12b3) x 5 0x00000000
core   0: 0x80003502 (0x011d7633) and     a2, s10, a7
core   0: 3 0x80003502 (0x011d7633) x12 0x00000006
core   0: 0x80003506 (0x00000685) c.addi  a3, 1
core   0: 3 0x80003506 (0x0685) x13 0xfffffff7
core   0: 0x80003508 (0x0000dafd) c.beqz  a3, pc - 10
core   0: 3 0x80003508 (0xdafd)
core   0: 0x8000350a (0x037e2bb3) mulhsu  s7, t3, s7
core   0: 3 0x8000350a (0x037e2bb3) x23 0xffffffff
core   0: 0x8000350e (0xfc38fde3) bgeu    a7, gp, pc - 38
core   0: 3 0x8000350e (0xfc38fde3)
core   0: 0x80003512 (0x0259b933) mulhu   s2, s3, t0
core   0: 3 0x80003512 (0x0259b933) x18 0x00000000
core   0: 0x80003516 (0x00011597) auipc   a1, 0x11
core   0: 3 0x80003516 (0x00011597) x11 0x80014516
core   0: 0x8000351a (0xfe158593) addi    a1, a1, -31
core   0: 3 0x8000351a (0xfe158593) x11 0x800144f7
core   0: 0x8000351e (0x0001c717) auipc   a4, 0x1c
core   0: 3 0x8000351e (0x0001c717) x14 0x8001f51e
core   0: 0x80003522 (0x01470713) addi    a4, a4, 20
core   0: 3 0x80003522 (0x01470713) x14 0x8001f532
core   0: 0x80003526 (0x01e58023) sb      t5, 0(a1)
core   0: 3 0x80003526 (0x01e58023) mem 0x800144f7 0x0
core   0: 0x8000352a (0x0001b397) auipc   t2, 0x1b
core   0: 3 0x8000352a (0x0001b397) x 7 0x8001e52a
core   0: 0x8000352e (0x0f338393) addi    t2, t2, 243
core   0: 3 0x8000352e (0x0f338393) x 7 0x8001e61d
core   0: 0x80003532 (0x0001b997) auipc   s3, 0x1b
core   0: 3 0x80003532 (0x0001b997) x19 0x8001e532
core   0: 0x80003536 (0x21898993) addi    s3, s3, 536
core   0: 3 0x80003536 (0x21898993) x19 0x8001e74a
core   0: 0x8000353a (0x0000f317) auipc   t1, 0xf
core   0: 3 0x8000353a (0x0000f317) x 6 0x8001253a
core   0: 0x8000353e (0xde430313) addi    t1, t1, -540
core   0: 3 0x8000353e (0xde430313) x 6 0x8001231e
core   0: 0x80003542 (0xffe9da83) lhu     s5, -2(s3)
core   0: 3 0x80003542 (0xffe9da83) x21 0x00001b47 mem 0x8001e748
core   0: 0x80003546 (0xff970a23) sb      s9, -12(a4)
core   0: 3 0x80003546 (0xff970a23) mem 0x8001f526 0xff
core   0: 0x8000354a (0x01899a83) lh      s5, 24(s3)
core   0: 3 0x8000354a (0x01899a83) x21 0x0000708a mem 0x8001e762
core   0: 0x8000354e (0xfe059aa3) sh      zero, -11(a1)
core   0: 3 0x8000354e (0xfe059aa3) mem 0x800144ec 0x0000
core   0: 0x80003552 (0x02499683) lh      a3, 36(s3)
core   0: 3 0x80003552 (0x02499683) x13 0x00006e5f mem 0x8001e76e
core   0: 0x80003556 (0x01034403) lbu     s0, 16(t1)
core   0: 3 0x80003556 (0x01034403) x 8 0x0000004d mem 0x8001232e
core   0: 0x8000355a (0xff15d883) lhu     a7, -15(a1)
core   0: 3 0x8000355a (0xff15d883) x17 0x00003096 mem 0x800144e8
core   0: 0x8000355e (0xfec98103) lb      sp, -20(s3)
core   0: 3 0x8000355e (0xfec98103) x 2 0xffffffad mem 0x8001e736
core   0: 0x80003562 (0x03798b83) lb      s7, 55(s3)
core   0: 3 0x80003562 (0x03798b83) x23 0x00000053 mem 0x8001e781
core   0: 0x80003566 (0xff238823) sb      s2, -16(t2)
core   0: 3 0x80003566 (0xff238823) mem 0x8001e60d 0x0
core   0: 0x8000356a (0x00539b03) lh      s6, 5(t2)
core   0: 3 0x8000356a (0x00539b03) x22 0xffffce23 mem 0x8001e622
core   0: 0x8000356e (0xfc998503) lb      a0, -55(s3)
core   0: 3 0x8000356e (0xfc998503) x10 0x0000002e mem 0x8001e713
core   0: 0x80003572 (0xff858e23) sb      s8, -4(a1)
core   0: 3 0x80003572 (0xff858e23) mem 0x800144f3 0xd2
core   0: 0x80003576 (0xff874a83) lbu     s5, -8(a4)
core   0: 3 0x80003576 (0xff874a83) x21 0x0000006b mem 0x8001f52a
core   0: 0x8000357a (0xfda306a3) sb      s10, -51(t1)
core   0: 3 0x8000357a (0xfda306a3) mem 0x800122eb 0xff
core   0: 0x8000357e (0x01730183) lb      gp, 23(t1)
core   0: 3 0x8000357e (0x01730183) x 3 0xffffffc4 mem 0x80012335
core   0: 0x80003582 (0xff539403) lh      s0, -11(t2)
core   0: 3 0x80003582 (0xff539403) x 8 0x000022e6 mem 0x8001e612
core   0: 0x80003586 (0xff930b83) lb      s7, -7(t1)
core   0: 3 0x80003586 (0xff930b83) x23 0x0000003d mem 0x80012317
core   0: 0x8000358a (0x00074283) lbu     t0, 0(a4)
core   0: 3 0x8000358a (0x00074283) x 5 0x000000de mem 0x8001f532
core   0: 0x8000358e (0xfed38a23) sb      a3, -12(t2)
core   0: 3 0x8000358e (0xfed38a23) mem 0x8001e611 0x5f
core   0: 0x80003592 (0x02431b83) lh      s7, 36(t1)
core   0: 3 0x80003592 (0x02431b83) x23 0xffffb86e mem 0x80012342
core   0: 0x80003596 (0xfff39503) lh      a0, -1(t2)
core   0: 3 0x80003596 (0xfff39503) x10 0x00004016 mem 0x8001e61c
core   0: 0x8000359a (0x00d59b03) lh      s6, 13(a1)
core   0: 3 0x8000359a (0x00d59b03) x22 0x00003172 mem 0x80014504
core   0: 0x8000359e (0x0019a123) sw      ra, 2(s3)
core   0: 3 0x8000359e (0x0019a123) mem 0x8001e74c 0x8002056f
core   0: 0x800035a2 (0x02798603) lb      a2, 39(s3)
core   0: 3 0x800035a2 (0x02798603) x12 0x00000065 mem 0x8001e771
core   0: 0x800035a6 (0xfe571823) sh      t0, -16(a4)
core   0: 3 0x800035a6 (0xfe571823) mem 0x8001f522 0x00de
core   0: 0x800035aa (0x03435103) lhu     sp, 52(t1)
core   0: 3 0x800035aa (0x03435103) x 2 0x0000d8ce mem 0x80012352
core   0: 0x800035ae (0xfc89af23) sw      s0, -34(s3)
core   0: 3 0x800035ae (0xfc89af23) mem 0x8001e728 0x000022e6
core   0: 0x800035b2 (0x01b72523) sw      s11, 10(a4)
core   0: 3 0x800035b2 (0x01b72523) mem 0x8001f53c 0x298a8c59
core   0: 0x800035b6 (0x03d98a83) lb      s5, 61(s3)
core   0: 3 0x800035b6 (0x03d98a83) x21 0x0000004d mem 0x8001e787
core   0: 0x800035ba (0x02b30d03) lb      s10, 43(t1)
core   0: 3 0x800035ba (0x02b30d03) x26 0xffffff83 mem 0x80012349
core   0: 0x800035be (0x00013b17) auipc   s6, 0x13
core   0: 3 0x800035be (0x00013b17) x22 0x800165be
core   0: 0x800035c2 (0x890b0b13) addi    s6, s6, -1904
core   0: 3 0x800035c2 (0x890b0b13) x22 0x80015e4e
core   0: 0x800035c6 (0xff5b08a3) sb      s5, -15(s6)
core   0: 3 0x800035c6 (0xff5b08a3) mem 0x80015e3f 0x4d
core   0: 0x800035ca (0xfe4b0a23) sb      tp, -12(s6)
core   0: 3 0x800035ca (0xfe4b0a23) mem 0x80015e42 0x0
core   0: 0x800035ce (0xff4b4303) lbu     t1, -12(s6)
core   0: 3 0x800035ce (0xff4b4303) x 6 0x00000000 mem 0x80015e42
core   0: 0x800035d2 (0xff4b1a83) lh      s5, -12(s6)
core   0: 3 0x800035d2 (0xff4b1a83) x21 0xffffbb00 mem 0x80015e42
core   0: 0x800035d6 (0x00008e95) c.sub   a3, a3
core   0: 3 0x800035d6 (0x8e95) x13 0x00000000
core   0: 0x800035d8 (0xfecb0923) sb      a2, -14(s6)
core   0: 3 0x800035d8 (0xfecb0923) mem 0x80015e40 0x65
core   0: 0x800035dc (0xfe3b2923) sw      gp, -14(s6)
core   0: 3 0x800035dc (0xfe3b2923) mem 0x80015e40 0xffffffc4
core   0: 0x800035e0 (0x00006165) c.addi16sp sp, 112
core   0: 3 0x800035e0 (0x6165) x 2 0x0000d93e
core   0: 0x800035e2 (0x004b5983) lhu     s3, 4(s6)
core   0: 3 0x800035e2 (0x004b5983) x19 0x0000b79c mem 0x80015e52
core   0: 0x800035e6 (0xff1b0a83) lb      s5, -15(s6)
core   0: 3 0x800035e6 (0xff1b0a83) x21 0x0000004d mem 0x80015e3f
core   0: 0x800035ea (0xff1b4183) lbu     gp, -15(s6)
core   0: 3 0x800035ea (0xff1b4183) x 3 0x0000004d mem 0x80015e3f
core   0: 0x800035ee (0xff8b08a3) sb      s8, -15(s6)
core   0: 3 0x800035ee (0xff8b08a3) mem 0x80015e3f 0xd2
core   0: 0x800035f2 (0xff3b08a3) sb      s3, -15(s6)
core   0: 3 0x800035f2 (0xff3b08a3) mem 0x80015e3f 0x9c
core   0: 0x800035f6 (0x00013d17) auipc   s10, 0x13
core   0: 3 0x800035f6 (0x00013d17) x26 0x800165f6
core   0: 0x800035fa (0x0fed0d13) addi    s10, s10, 254
core   0: 3 0x800035fa (0x0fed0d13) x26 0x800166f4
core   0: 0x800035fe (0xffad4c83) lbu     s9, -6(s10)
core   0: 3 0x800035fe (0xffad4c83) x25 0x00000059 mem 0x800166ee
core   0: 0x80003602 (0x0000e197) auipc   gp, 0xe
core   0: 3 0x80003602 (0x0000e197) x 3 0x80011602
core   0: 0x80003606 (0x8be18193) addi    gp, gp, -1858
core   0: 3 0x80003606 (0x8be18193) x 3 0x80010ec0
core   0: 0x8000360a (0xfefd2c23) sw      a5, -8(s10)
core   0: 3 0x8000360a (0xfefd2c23) mem 0x800166ec 0x00010003
core   0: 0x8000360e (0x8e11c983) lbu     s3, -1823(gp)
core   0: 3 0x8000360e (0x8e11c983) x19 0x00000028 mem 0x800107a1
core   0: 0x80003612 (0x007d1623) sh      t2, 12(s10)
core   0: 3 0x80003612 (0x007d1623) mem 0x80016700 0xe61d
core   0: 0x80003616 (0x000d05a3) sb      zero, 11(s10)
core   0: 3 0x80003616 (0x000d05a3) mem 0x800166ff 0x0
core   0: 0x8000361a (0xff4d0703) lb      a4, -12(s10)
core   0: 3 0x8000361a (0xff4d0703) x14 0xffffffb6 mem 0x800166e8
core   0: 0x8000361e (0x93718583) lb      a1, -1737(gp)
core   0: 3 0x8000361e (0x93718583) x11 0xffffffaf mem 0x800107f7
core   0: 0x80003622 (0xda0184a3) sb      zero, -599(gp)
core   0: 3 0x80003622 (0xda0184a3) mem 0x80010c69 0x0
core   0: 0x80003626 (0x009d4883) lbu     a7, 9(s10)
core   0: 3 0x80003626 (0x009d4883) x17 0x0000000b mem 0x800166fd
core   0: 0x8000362a (0x9a01cf03) lbu     t5, -1632(gp)
core   0: 3 0x8000362a (0x9a01cf03) x30 0x00000090 mem 0x80010860
core   0: 0x8000362e (0x018187a3) sb      s8, 15(gp)
core   0: 3 0x8000362e (0x018187a3) mem 0x80010ecf 0xd2
core   0: 0x80003632 (0xff5d4503) lbu     a0, -11(s10)
core   0: 3 0x80003632 (0xff5d4503) x10 0x00000031 mem 0x800166e9
core   0: 0x80003636 (0xffad0b03) lb      s6, -6(s10)
core   0: 3 0x80003636 (0xffad0b03) x22 0x00000001 mem 0x800166ee
core   0: 0x8000363a (0xff1d0f03) lb      t5, -15(s10)
core   0: 3 0x8000363a (0xff1d0f03) x30 0xffffffed mem 0x800166e5
core   0: 0x8000363e (0xa6a1c903) lbu     s2, -1430(gp)
core   0: 3 0x8000363e (0xa6a1c903) x18 0x0000004f mem 0x8001092a
core   0: 0x80003642 (0x00011297) auipc   t0, 0x11
core   0: 3 0x80003642 (0x00011297) x 5 0x80014642
core   0: 0x80003646 (0xf3028293) addi    t0, t0, -208
core   0: 3 0x80003646 (0xf3028293) x 5 0x80014572
core   0: 0x8000364a (0x0000f717) auipc   a4, 0xf
core   0: 3 0x8000364a (0x0000f717) x14 0x8001264a
core   0: 0x8000364e (0xe9370713) addi    a4, a4, -365
core   0: 3 0x8000364e (0xe9370713) x14 0x800124dd
core   0: 0x80003652 (0x74f28183) lb      gp, 1871(t0)
core   0: 3 0x80003652 (0x74f28183) x 3 0xffffffe0 mem 0x80014cc1
core   0: 0x80003656 (0xff970d83) lb      s11, -7(a4)
core   0: 3 0x80003656 (0xff970d83) x27 0xffffffdb mem 0x800124d6
core   0: 0x8000365a (0x00011797) auipc   a5, 0x11
core   0: 3 0x8000365a (0x00011797) x15 0x8001465a
core   0: 0x8000365e (0x3f878793) addi    a5, a5, 1016
core   0: 3 0x8000365e (0x3f878793) x15 0x80014a52
core   0: 0x80003662 (0xb2b28d23) sb      a1, -1222(t0)
core   0: 3 0x80003662 (0xb2b28d23) mem 0x800140ac 0xaf
core   0: 0x80003666 (0x00012e17) auipc   t3, 0x12
core   0: 3 0x80003666 (0x00012e17) x28 0x80015666
core   0: 0x8000366a (0xf43e0e13) addi    t3, t3, -189
core   0: 3 0x8000366a (0xf43e0e13) x28 0x800155a9
core   0: 0x8000366e (0x3ff7c383) lbu     t2, 1023(a5)
core   0: 3 0x8000366e (0x3ff7c383) x 7 0x000000fe mem 0x80014e51
core   0: 0x80003672 (0x00474203) lbu     tp, 4(a4)
core   0: 3 0x80003672 (0x00474203) x 4 0x000000dd mem 0x800124e1
core   0: 0x80003676 (0x4552c203) lbu     tp, 1109(t0)
core   0: 3 0x80003676 (0x4552c203) x 4 0x000000a0 mem 0x800149c7
core   0: 0x8000367a (0xff1e0883) lb      a7, -15(t3)
core   0: 3 0x8000367a (0xff1e0883) x17 0x00000022 mem 0x8001559a
core   0: 0x8000367e (0x00011b97) auipc   s7, 0x11
core   0: 3 0x8000367e (0x00011b97) x23 0x8001467e
core   0: 0x80003682 (0x038b8b93) addi    s7, s7, 56
core   0: 3 0x80003682 (0x038b8b93) x23 0x800146b6
core   0: 0x80003686 (0xfe5e4b03) lbu     s6, -27(t3)
core   0: 3 0x80003686 (0xfe5e4b03) x22 0x00000088 mem 0x8001558e
core   0: 0x8000368a (0xffbb8f03) lb      t5, -5(s7)
core   0: 3 0x8000368a (0xffbb8f03) x30 0x00000008 mem 0x800146b1
core   0: 0x8000368e (0x4fe7a403) lw      s0, 1278(a5)
core   0: 3 0x8000368e (0x4fe7a403) x 8 0x002b50b9 mem 0x80014f50
core   0: 0x80003692 (0xfc7b85a3) sb      t2, -53(s7)
core   0: 3 0x80003692 (0xfc7b85a3) mem 0x80014681 0xfe
core   0: 0x80003696 (0xffc71fa3) sh      t3, -1(a4)
core   0: 3 0x80003696 (0xffc71fa3) mem 0x800124dc 0x55a9
core   0: 0x8000369a (0x03ee0a83) lb      s5, 62(t3)
core   0: 3 0x8000369a (0x03ee0a83) x21 0xfffffff5 mem 0x800155e7
core   0: 0x8000369e (0x00bb80a3) sb      a1, 1(s7)
core   0: 3 0x8000369e (0x00bb80a3) mem 0x800146b7 0xaf
core   0: 0x800036a2 (0xff270583) lb      a1, -14(a4)
core   0: 3 0x800036a2 (0xff270583) x11 0x0000003f mem 0x800124cf
core   0: 0x800036a6 (0x17d2c403) lbu     s0, 381(t0)
core   0: 3 0x800036a6 (0x17d2c403) x 8 0x0000004b mem 0x800146ef
core   0: 0x800036aa (0xff971603) lh      a2, -7(a4)
core   0: 3 0x800036aa (0xff971603) x12 0xffffc9db mem 0x800124d6
core   0: 0x800036ae (0xe782cc83) lbu     s9, -392(t0)
core   0: 3 0x800036ae (0xe782cc83) x25 0x00000021 mem 0x800143ea
core   0: 0x800036b2 (0x010b8c23) sb      a6, 24(s7)
core   0: 3 0x800036b2 (0x010b8c23) mem 0x800146ce 0x64
core   0: 0x800036b6 (0xc5778b23) sb      s7, -938(a5)
core   0: 3 0x800036b6 (0xc5778b23) mem 0x800146a8 0xb6
core   0: 0x800036ba (0xffa74d03) lbu     s10, -6(a4)
core   0: 3 0x800036ba (0xffa74d03) x26 0x000000c9 mem 0x800124d7
core   0: 0x800036be (0xff1e0823) sb      a7, -16(t3)
core   0: 3 0x800036be (0xff1e0823) mem 0x80015599 0x22
core   0: 0x800036c2 (0x02be1c03) lh      s8, 43(t3)
core   0: 3 0x800036c2 (0x02be1c03) x24 0xffffacc6 mem 0x800155d4
core   0: 0x800036c6 (0xffa74f83) lbu     t6, -6(a4)
core   0: 3 0x800036c6 (0xffa74f83) x31 0x000000c9 mem 0x800124d7
core   0: 0x800036ca (0xf5e7d683) lhu     a3, -162(a5)
core   0: 3 0x800036ca (0xf5e7d683) x13 0x0000d5e5 mem 0x800149b0
core   0: 0x800036ce (0x22e783a3) sb      a4, 551(a5)
core   0: 3 0x800036ce (0x22e783a3) mem 0x80014c79 0xdd
core   0: 0x800036d2 (0xff674f03) lbu     t5, -10(a4)
core   0: 3 0x800036d2 (0xff674f03) x30 0x000000cf mem 0x800124d3
core   0: 0x800036d6 (0x02cba523) sw      a2, 42(s7)
core   0: 3 0x800036d6 (0x02cba523) mem 0x800146e0 0xffffc9db
core   0: 0x800036da (0xfdab82a3) sb      s10, -59(s7)
core   0: 3 0x800036da (0xfdab82a3) mem 0x8001467b 0xc9
core   0: 0x800036de (0x017e2f83) lw      t6, 23(t3)
core   0: 3 0x800036de (0x017e2f83) x31 0xc74e446f mem 0x800155c0
core   0: 0x800036e2 (0x0000dd97) auipc   s11, 0xd
core   0: 3 0x800036e2 (0x0000dd97) x27 0x800106e2
core   0: 0x800036e6 (0x1f3d8d93) addi    s11, s11, 499
core   0: 3 0x800036e6 (0x1f3d8d93) x27 0x800108d5
core   0: 0x800036ea (0x03ad8d03) lb      s10, 58(s11)
core   0: 3 0x800036ea (0x03ad8d03) x26 0x0000005a mem 0x8001090f
core   0: 0x800036ee (0x03ad8303) lb      t1, 58(s11)
core   0: 3 0x800036ee (0x03ad8303) x 6 0x0000005a mem 0x8001090f
core   0: 0x800036f2 (0x026d8d23) sb      t1, 58(s11)
core   0: 3 0x800036f2 (0x026d8d23) mem 0x8001090f 0x5a
core   0: 0x800036f6 (0x03adce03) lbu     t3, 58(s11)
core   0: 3 0x800036f6 (0x03adce03) x28 0x0000005a mem 0x8001090f
core   0: 0x800036fa (0x03fd8d23) sb      t6, 58(s11)
core   0: 3 0x800036fa (0x03fd8d23) mem 0x8001090f 0x6f
core   0: 0x800036fe (0x038d8183) lb      gp, 56(s11)
core   0: 3 0x800036fe (0x038d8183) x 3 0xffffffa1 mem 0x8001090d
core   0: 0x80003702 (0x022dc003) lbu     zero, 34(s11)
core   0: 3 0x80003702 (0x022dc003) mem 0x800108f7
core   0: 0x80003706 (0x022dc503) lbu     a0, 34(s11)
core   0: 3 0x80003706 (0x022dc503) x10 0x0000003d mem 0x800108f7
core   0: 0x8000370a (0x01b32eb3) slt     t4, t1, s11
core   0: 3 0x8000370a (0x01b32eb3) x29 0x00000000
core   0: 0x8000370e (0x004d8903) lb      s2, 4(s11)
core   0: 3 0x8000370e (0x004d8903) x18 0xffffffff mem 0x800108d9
core   0: 0x80003712 (0x011d8223) sb      a7, 4(s11)
core   0: 3 0x80003712 (0x011d8223) mem 0x800108d9 0x22
core   0: 0x80003716 (0x004dc903) lbu     s2, 4(s11)
core   0: 3 0x80003716 (0x004dc903) x18 0x00000022 mem 0x800108d9
core   0: 0x8000371a (0x004dc903) lbu     s2, 4(s11)
core   0: 3 0x8000371a (0x004dc903) x18 0x00000022 mem 0x800108d9
core   0: 0x8000371e (0x004dc903) lbu     s2, 4(s11)
core   0: 3 0x8000371e (0x004dc903) x18 0x00000022 mem 0x800108d9
core   0: 0x80003722 (0x040d8b83) lb      s7, 64(s11)
core   0: 3 0x80003722 (0x040d8b83) x23 0xffffffc0 mem 0x80010915
core   0: 0x80003726 (0x015dd183) lhu     gp, 21(s11)
core   0: 3 0x80003726 (0x015dd183) x 3 0x0000f851 mem 0x800108ea
core   0: 0x8000372a (0x00000001) c.nop
core   0: 3 0x8000372a (0x0001)
core   0: 0x8000372c (0x005d8aa3) sb      t0, 21(s11)
core   0: 3 0x8000372c (0x005d8aa3) mem 0x800108ea 0x72
core   0: 0x80003730 (0x012d9aa3) sh      s2, 21(s11)
core   0: 3 0x80003730 (0x012d9aa3) mem 0x800108ea 0x0022
core   0: 0x80003734 (0x004d8aa3) sb      tp, 21(s11)
core   0: 3 0x80003734 (0x004d8aa3) mem 0x800108ea 0xa0
core   0: 0x80003738 (0x04a00c6f) jal     s8, pc + 0x4a
core   0: 3 0x80003738 (0x04a00c6f) x24 0x8000373c
core   0: 0x80003782 (0xfbbff0ef) jal     pc - 0x46
core   0: 3 0x80003782 (0xfbbff0ef) x 1 0x80003786
core   0: 0x8000373c (0x0000a811) c.j     pc + 20
core   0: 3 0x8000373c (0xa811)
core   0: 0x80003750 (0x004001ef) jal     gp, pc + 0x4
core   0: 3 0x80003750 (0x004001ef) x 3 0x80003754
core   0: 0x80003754 (0xff3ff0ef) jal     pc - 0xe
core   0: 3 0x80003754 (0xff3ff0ef) x 1 0x80003758
core   0: 0x80003746 (0xffbff36f) jal     t1, pc - 0x6
core   0: 3 0x80003746 (0xffbff36f) x 6 0x8000374a
core   0: 0x80003740 (0x00003ffd) c.jal   pc - 2
core   0: 3 0x80003740 (0x3ffd) x 1 0x80003742
core   0: 0x8000373e (0x0000201d) c.jal   pc + 38
core   0: 3 0x8000373e (0x201d) x 1 0x80003740
core   0: 0x80003764 (0xffdff0ef) jal     pc - 0x4
core   0: 3 0x80003764 (0xffdff0ef) x 1 0x80003768
core   0: 0x80003760 (0x0000a801) c.j     pc + 16
core   0: 3 0x80003760 (0xa801)
core   0: 0x80003770 (0xfdbff8ef) jal     a7, pc - 0x26
core   0: 3 0x80003770 (0xfdbff8ef) x17 0x80003774
core   0: 0x8000374a (0xff9ff0ef) jal     pc - 0x8
core   0: 3 0x8000374a (0xff9ff0ef) x 1 0x8000374e
core   0: 0x80003742 (0x0000a031) c.j     pc + 12
core   0: 3 0x80003742 (0xa031)
core   0: 0x8000374e (0x0000282d) c.jal   pc + 58
core   0: 3 0x8000374e (0x282d) x 1 0x80003750
core   0: 0x80003788 (0x0000b7d5) c.j     pc - 28
core   0: 3 0x80003788 (0xb7d5)
core   0: 0x8000376c (0x0100066f) jal     a2, pc + 0x10
core   0: 3 0x8000376c (0x0100066f) x12 0x80003770
core   0: 0x8000377c (0x00003fe5) c.jal   pc - 8
core   0: 3 0x8000377c (0x3fe5) x 1 0x8000377e
core   0: 0x80003774 (0xfefff0ef) jal     pc - 0x12
core   0: 3 0x80003774 (0xfefff0ef) x 1 0x80003778
core   0: 0x80003762 (0x00002025) c.jal   pc + 40
core   0: 3 0x80003762 (0x2025) x 1 0x80003764
core   0: 0x8000378a (0xfbbff46f) jal     s0, pc - 0x46
core   0: 3 0x8000378a (0xfbbff46f) x 8 0x8000378e
core   0: 0x80003744 (0x0000a81d) c.j     pc + 54
core   0: 3 0x80003744 (0xa81d)
core   0: 0x8000377a (0x0000a011) c.j     pc + 4
core   0: 3 0x8000377a (0xa011)
core   0: 0x8000377e (0x00002009) c.jal   pc + 2
core   0: 3 0x8000377e (0x2009) x 1 0x80003780
core   0: 0x80003780 (0x00003ff1) c.jal   pc - 36
core   0: 3 0x80003780 (0x3ff1) x 1 0x80003782
core   0: 0x8000375c (0x01c001ef) jal     gp, pc + 0x1c
core   0: 3 0x8000375c (0x01c001ef) x 3 0x80003760
core   0: 0x80003778 (0x0000b7c5) c.j     pc - 32
core   0: 3 0x80003778 (0xb7c5)
core   0: 0x80003758 (0x010000ef) jal     pc + 0x10
core   0: 3 0x80003758 (0x010000ef) x 1 0x8000375c
core   0: 0x80003768 (0x01e000ef) jal     pc + 0x1e
core   0: 3 0x80003768 (0x01e000ef) x 1 0x8000376c
core   0: 0x80003786 (0x0000a021) c.j     pc + 8
core   0: 3 0x80003786 (0xa021)
core   0: 0x8000378e (0x024d41b3) div     gp, s10, tp
core   0: 3 0x8000378e (0x024d41b3) x 3 0x00000000
core   0: 0x80003792 (0x00011e97) auipc   t4, 0x11
core   0: 3 0x80003792 (0x00011e97) x29 0x80014792
core   0: 0x80003796 (0x155e8e93) addi    t4, t4, 341
core   0: 3 0x80003796 (0x155e8e93) x29 0x800148e7
core   0: 0x8000379a (0x3afe8f23) sb      a5, 958(t4)
core   0: 3 0x8000379a (0x3afe8f23) mem 0x80014ca5 0x52
core   0: 0x8000379e (0xf1fed983) lhu     s3, -225(t4)
core   0: 3 0x8000379e (0xf1fed983) x19 0x0000070e mem 0x80014806
core   0: 0x800037a2 (0x0000d097) auipc   ra, 0xd
core   0: 3 0x800037a2 (0x0000d097) x 1 0x800107a2
core   0: 0x800037a6 (0x4c808093) addi    ra, ra, 1224
core   0: 3 0x800037a6 (0x4c808093) x 1 0x80010c6a
core   0: 0x800037aa (0x2b7e8223) sb      s7, 676(t4)
core   0: 3 0x800037aa (0x2b7e8223) mem 0x80014b8b 0xc0
core   0: 0x800037ae (0x01e09883) lh      a7, 30(ra)
core   0: 3 0x800037ae (0x01e09883) x17 0xffffae9a mem 0x80010c88
core   0: 0x800037b2 (0xd86e87a3) sb      t1, -625(t4)
core   0: 3 0x800037b2 (0xd86e87a3) mem 0x80014676 0x4a
core   0: 0x800037b6 (0x0b1e9b83) lh      s7, 177(t4)
core   0: 3 0x800037b6 (0x0b1e9b83) x23 0xffffb82a mem 0x80014998
core   0: 0x800037ba (0xfff08b83) lb      s7, -1(ra)
core   0: 3 0x800037ba (0xfff08b83) x23 0x00000000 mem 0x80010c69
core   0: 0x800037be (0xfda0d003) lhu     zero, -38(ra)
core   0: 3 0x800037be (0xfda0d003) mem 0x80010c44
core   0: 0x800037c2 (0x1c2e8323) sb      sp, 454(t4)
core   0: 3 0x800037c2 (0x1c2e8323) mem 0x80014aad 0x3e
core   0: 0x800037c6 (0x01409623) sh      s4, 12(ra)
core   0: 3 0x800037c6 (0x01409623) mem 0x80010c76 0x0000
core   0: 0x800037ca (0x01609983) lh      s3, 22(ra)
core   0: 3 0x800037ca (0x01609983) x19 0x00001ade mem 0x80010c80
core   0: 0x800037ce (0x645e9303) lh      t1, 1605(t4)
core   0: 3 0x800037ce (0x645e9303) x 6 0xffffc720 mem 0x80014f2c
core   0: 0x800037d2 (0xd8ee8e23) sb      a4, -612(t4)
core   0: 3 0x800037d2 (0xd8ee8e23) mem 0x80014683 0xdd
core   0: 0x800037d6 (0xfee08983) lb      s3, -18(ra)
core   0: 3 0x800037d6 (0xfee08983) x19 0x0000005b mem 0x80010c58
core   0: 0x800037da (0x02a08d83) lb      s11, 42(ra)
core   0: 3 0x800037da (0x02a08d83) x27 0x00000065 mem 0x80010c94
core   0: 0x800037de (0x0360a683) lw      a3, 54(ra)
core   0: 3 0x800037de (0x0360a683) x13 0xe766f0d0 mem 0x80010ca0
core   0: 0x800037e2 (0xc56e8a23) sb      s6, -940(t4)
core   0: 3 0x800037e2 (0xc56e8a23) mem 0x8001453b 0x88
core   0: 0x800037e6 (0x89fecf03) lbu     t5, -1889(t4)
core   0: 3 0x800037e6 (0x89fecf03) x30 0x0000005a mem 0x80014186
core   0: 0x800037ea (0x00800c6f) jal     s8, pc + 0x8
core   0: 3 0x800037ea (0x00800c6f) x24 0x800037ee
core   0: 0x800037f2 (0x00002831) c.jal   pc + 28
core   0: 3 0x800037f2 (0x2831) x 1 0x800037f4
core   0: 0x8000380e (0x00002009) c.jal   pc + 2
core   0: 3 0x8000380e (0x2009) x 1 0x80003810
core   0: 0x80003810 (0x0000b7c5) c.j     pc - 32
core   0: 3 0x80003810 (0xb7c5)
core   0: 0x800037f0 (0x0000a021) c.j     pc + 8
core   0: 3 0x800037f0 (0xa021)
core   0: 0x800037f8 (0x00003ff5) c.jal   pc - 4
core   0: 3 0x800037f8 (0x3ff5) x 1 0x800037fa
core   0: 0x800037f4 (0x0000a801) c.j     pc + 16
core   0: 3 0x800037f4 (0xa801)
core   0: 0x80003804 (0xfffff0ef) jal     pc - 0x2
core   0: 3 0x80003804 (0xfffff0ef) x 1 0x80003808
core   0: 0x80003802 (0x00002021) c.jal   pc + 8
core   0: 3 0x80003802 (0x2021) x 1 0x80003804
core   0: 0x8000380a (0x00a000ef) jal     pc + 0xa
core   0: 3 0x8000380a (0x00a000ef) x 1 0x8000380e
core   0: 0x80003814 (0xfedff9ef) jal     s3, pc - 0x14
core   0: 3 0x80003814 (0xfedff9ef) x19 0x80003818
core   0: 0x80003800 (0x00002809) c.jal   pc + 18
core   0: 3 0x80003800 (0x2809) x 1 0x80003802
core   0: 0x80003812 (0x0000b7e5) c.j     pc - 24
core   0: 3 0x80003812 (0xb7e5)
core   0: 0x800037fa (0x0000bff5) c.j     pc - 4
core   0: 3 0x800037fa (0xbff5)
core   0: 0x800037f6 (0x0000a00d) c.j     pc + 34
core   0: 3 0x800037f6 (0xa00d)
core   0: 0x80003818 (0x00003fd9) c.jal   pc - 42
core   0: 3 0x80003818 (0x3fd9) x 1 0x8000381a
core   0: 0x800037ee (0x00002039) c.jal   pc + 14
core   0: 3 0x800037ee (0x2039) x 1 0x800037f0
core   0: 0x800037fc (0x00c0016f) jal     sp, pc + 0xc
core   0: 3 0x800037fc (0x00c0016f) x 2 0x80003800
core   0: 0x80003808 (0x00002809) c.jal   pc + 18
core   0: 3 0x80003808 (0x2809) x 1 0x8000380a
core   0: 0x8000381a (0x000083ad) c.srli  a5, 11
core   0: 3 0x8000381a (0x83ad) x15 0x00100029
core   0: 0x8000381c (0x0000d897) auipc   a7, 0xd
core   0: 3 0x8000381c (0x0000d897) x17 0x8001081c
core   0: 0x80003820 (0x1b588893) addi    a7, a7, 437
core   0: 3 0x80003820 (0x1b588893) x17 0x800109d1
core   0: 0x80003824 (0x00017397) auipc   t2, 0x17
core   0: 3 0x80003824 (0x00017397) x 7 0x8001a824
core   0: 0x80003828 (0x2fc38393) addi    t2, t2, 764
core   0: 3 0x80003828 (0x2fc38393) x 7 0x8001ab20
core   0: 0x8000382c (0x05f3ac23) sw      t6, 88(t2)
core   0: 3 0x8000382c (0x05f3ac23) mem 0x8001ab78 0xc74e446f
core   0: 0x80003830 (0x0cc385a3) sb      a2, 203(t2)
core   0: 3 0x80003830 (0x0cc385a3) mem 0x8001abeb 0x70
core   0: 0x80003834 (0xfc73c083) lbu     ra, -57(t2)
core   0: 3 0x80003834 (0xfc73c083) x 1 0x0000009d mem 0x8001aae7
core   0: 0x80003838 (0x0fe8a3a3) sw      t5, 231(a7)
core   0: 3 0x80003838 (0x0fe8a3a3) mem 0x80010ab8 0x0000005a
core   0: 0x8000383c (0x0c739e23) sh      t2, 220(t2)
core   0: 3 0x8000383c (0x0c739e23) mem 0x8001abfc 0xab20
core   0: 0x80003840 (0x06888323) sb      s0, 102(a7)
core   0: 3 0x80003840 (0x06888323) mem 0x80010a37 0x8e
core   0: 0x80003844 (0xfa33c003) lbu     zero, -93(t2)
core   0: 3 0x80003844 (0xfa33c003) mem 0x8001aac3
core   0: 0x80003848 (0x0a9381a3) sb      s1, 163(t2)
core   0: 3 0x80003848 (0x0a9381a3) mem 0x8001abc3 0xe4
core   0: 0x8000384c (0xf4e886a3) sb      a4, -179(a7)
core   0: 3 0x8000384c (0xf4e886a3) mem 0x8001091e 0xdd
core   0: 0x80003850 (0x0123c183) lbu     gp, 18(t2)
core   0: 3 0x80003850 (0x0123c183) x 3 0x00000031 mem 0x8001ab32
core   0: 0x80003854 (0xff53ce03) lbu     t3, -11(t2)
core   0: 3 0x80003854 (0xff53ce03) x28 0x000000d2 mem 0x8001ab15
core   0: 0x80003858 (0xf3a39823) sh      s10, -208(t2)
core   0: 3 0x80003858 (0xf3a39823) mem 0x8001aa50 0x005a
core   0: 0x8000385c (0x0cf880a3) sb      a5, 193(a7)
core   0: 3 0x8000385c (0x0cf880a3) mem 0x80010a92 0x29
core   0: 0x80003860 (0xf0f38303) lb      t1, -241(t2)
core   0: 3 0x80003860 (0xf0f38303) x 6 0xffffffbe mem 0x8001aa2f
core   0: 0x80003864 (0xfd18c283) lbu     t0, -47(a7)
core   0: 3 0x80003864 (0xfd18c283) x 5 0x0000006a mem 0x800109a2
core   0: 0x80003868 (0x0000ce97) auipc   t4, 0xc
core   0: 3 0x80003868 (0x0000ce97) x29 0x8000f868
core   0: 0x8000386c (0x7fae8e93) addi    t4, t4, 2042
core   0: 3 0x8000386c (0x7fae8e93) x29 0x80010062
core   0: 0x80003870 (0x005e8c83) lb      s9, 5(t4)
core   0: 3 0x80003870 (0x005e8c83) x25 0xffffff91 mem 0x80010067
core   0: 0x80003874 (0x005e8e03) lb      t3, 5(t4)
core   0: 3 0x80003874 (0x005e8e03) x28 0xffffff91 mem 0x80010067
core   0: 0x80003878 (0x008e82a3) sb      s0, 5(t4)
core   0: 3 0x80003878 (0x008e82a3) mem 0x80010067 0x8e
core   0: 0x8000387c (0x005e8703) lb      a4, 5(t4)
core   0: 3 0x8000387c (0x005e8703) x14 0xffffff8e mem 0x80010067
core   0: 0x80003880 (0x017e82a3) sb      s7, 5(t4)
core   0: 3 0x80003880 (0x017e82a3) mem 0x80010067 0x0
core   0: 0x80003884 (0x019e82a3) sb      s9, 5(t4)
core   0: 3 0x80003884 (0x019e82a3) mem 0x80010067 0x91
core   0: 0x80003888 (0x005ec583) lbu     a1, 5(t4)
core   0: 3 0x80003888 (0x005ec583) x11 0x00000091 mem 0x80010067
core   0: 0x8000388c (0xff1e8403) lb      s0, -15(t4)
core   0: 3 0x8000388c (0xff1e8403) x 8 0x00000039 mem 0x80010053
core   0: 0x80003890 (0xfeae88a3) sb      a0, -15(t4)
core   0: 3 0x80003890 (0xfeae88a3) mem 0x80010053 0x3d
core   0: 0x80003894 (0xff9ec083) lbu     ra, -7(t4)
core   0: 3 0x80003894 (0xff9ec083) x 1 0x00000024 mem 0x8001005b
core   0: 0x80003898 (0xff9e8903) lb      s2, -7(t4)
core   0: 3 0x80003898 (0xff9e8903) x18 0x00000024 mem 0x8001005b
core   0: 0x8000389c (0xff9e8c83) lb      s9, -7(t4)
core   0: 3 0x8000389c (0xff9e8c83) x25 0x00000024 mem 0x8001005b
core   0: 0x800038a0 (0xff9ec583) lbu     a1, -7(t4)
core   0: 3 0x800038a0 (0xff9ec583) x11 0x00000024 mem 0x8001005b
core   0: 0x800038a4 (0xff9e8e03) lb      t3, -7(t4)
core   0: 3 0x800038a4 (0xff9e8e03) x28 0x00000024 mem 0x8001005b
core   0: 0x800038a8 (0xfede8ca3) sb      a3, -7(t4)
core   0: 3 0x800038a8 (0xfede8ca3) mem 0x8001005b 0xd0
core   0: 0x800038ac (0x213a3a93) sltiu   s5, s4, 531
core   0: 3 0x800038ac (0x213a3a93) x21 0x00000000
core   0: 0x800038b0 (0xff0e8ca3) sb      a6, -7(t4)
core   0: 3 0x800038b0 (0xff0e8ca3) mem 0x8001005b 0x64
core   0: 0x800038b4 (0x00800413) li      s0, 8
core   0: 3 0x800038b4 (0x00800413) x 8 0x00000008
core   0: 0x800038b8 (0xff400393) li      t2, -12
core   0: 3 0x800038b8 (0xff400393) x 7 0xfffffff4
core   0: 0x800038bc (0x0155acb3) slt     s9, a1, s5
core   0: 3 0x800038bc (0x0155acb3) x25 0x00000000
core   0: 0x800038c0 (0x02b860b3) rem     ra, a6, a1
core   0: 3 0x800038c0 (0x02b860b3) x 1 0xfffffff0
core   0: 0x800038c4 (0x85202893) slti    a7, zero, -1966
core   0: 3 0x800038c4 (0x85202893) x17 0x00000000
core   0: 0x800038c8 (0x002087b3) add     a5, ra, sp
core   0: 3 0x800038c8 (0x002087b3) x15 0x800037f0
core   0: 0x800038cc (0x00001471) c.addi  s0, -4
core   0: 3 0x800038cc (0x1471) x 8 0x00000004
core   0: 0x800038ce (0x00600d13) li      s10, 6
core   0: 3 0x800038ce (0x00600d13) x26 0x00000006
core   0: 0x800038d2 (0x008dd6b3) srl     a3, s11, s0
core   0: 3 0x800038d2 (0x008dd6b3) x13 0x00000006
core   0: 0x800038d6 (0x00700213) li      tp, 7
core   0: 3 0x800038d6 (0x00700213) x 4 0x00000007
core   0: 0x800038da (0x00000001) c.nop
core   0: 3 0x800038da (0x0001)
core   0: 0x800038dc (0x405b52b3) sra     t0, s6, t0
core   0: 3 0x800038dc (0x405b52b3) x 5 0x00000000
core   0: 0x800038e0 (0x00000d05) c.addi  s10, 1
core   0: 3 0x800038e0 (0x0d05) x26 0x00000007
core   0: 0x800038e2 (0x02412633) mulhsu  a2, sp, tp
core   0: 3 0x800038e2 (0x02412633) x12 0xfffffffc
core   0: 0x800038e6 (0xfe4d0ae3) beq     s10, tp, pc - 12
core   0: 3 0x800038e6 (0xfe4d0ae3)
core   0: 0x800038da (0x00000001) c.nop
core   0: 3 0x800038da (0x0001)
core   0: 0x800038dc (0x405b52b3) sra     t0, s6, t0
core   0: 3 0x800038dc (0x405b52b3) x 5 0x00000088
core   0: 0x800038e0 (0x00000d05) c.addi  s10, 1
core   0: 3 0x800038e0 (0x0d05) x26 0x00000008
core   0: 0x800038e2 (0x02412633) mulhsu  a2, sp, tp
core   0: 3 0x800038e2 (0x02412633) x12 0xfffffffc
core   0: 0x800038e6 (0xfe4d0ae3) beq     s10, tp, pc - 12
core   0: 3 0x800038e6 (0xfe4d0ae3)
core   0: 0x800038ea (0xfc745be3) bge     s0, t2, pc - 42
core   0: 3 0x800038ea (0xfc745be3)
core   0: 0x800038c0 (0x02b860b3) rem     ra, a6, a1
core   0: 3 0x800038c0 (0x02b860b3) x 1 0xfffffff0
core   0: 0x800038c4 (0x85202893) slti    a7, zero, -1966
core   0: 3 0x800038c4 (0x85202893) x17 0x00000000
core   0: 0x800038c8 (0x002087b3) add     a5, ra, sp
core   0: 3 0x800038c8 (0x002087b3) x15 0x800037f0
core   0: 0x800038cc (0x00001471) c.addi  s0, -4
core   0: 3 0x800038cc (0x1471) x 8 0x00000000
core   0: 0x800038ce (0x00600d13) li      s10, 6
core   0: 3 0x800038ce (0x00600d13) x26 0x00000006
core   0: 0x800038d2 (0x008dd6b3) srl     a3, s11, s0
core   0: 3 0x800038d2 (0x008dd6b3) x13 0x00000065
core   0: 0x800038d6 (0x00700213) li      tp, 7
core   0: 3 0x800038d6 (0x00700213) x 4 0x00000007
core   0: 0x800038da (0x00000001) c.nop
core   0: 3 0x800038da (0x0001)
core   0: 0x800038dc (0x405b52b3) sra     t0, s6, t0
core   0: 3 0x800038dc (0x405b52b3) x 5 0x00000000
core   0: 0x800038e0 (0x00000d05) c.addi  s10, 1
core   0: 3 0x800038e0 (0x0d05) x26 0x00000007
core   0: 0x800038e2 (0x02412633) mulhsu  a2, sp, tp
core   0: 3 0x800038e2 (0x02412633) x12 0xfffffffc
core   0: 0x800038e6 (0xfe4d0ae3) beq     s10, tp, pc - 12
core   0: 3 0x800038e6 (0xfe4d0ae3)
core   0: 0x800038da (0x00000001) c.nop
core   0: 3 0x800038da (0x0001)
core   0: 0x800038dc (0x405b52b3) sra     t0, s6, t0
core   0: 3 0x800038dc (0x405b52b3) x 5 0x00000088
core   0: 0x800038e0 (0x00000d05) c.addi  s10, 1
core   0: 3 0x800038e0 (0x0d05) x26 0x00000008
core   0: 0x800038e2 (0x02412633) mulhsu  a2, sp, tp
core   0: 3 0x800038e2 (0x02412633) x12 0xfffffffc
core   0: 0x800038e6 (0xfe4d0ae3) beq     s10, tp, pc - 12
core   0: 3 0x800038e6 (0xfe4d0ae3)
core   0: 0x800038ea (0xfc745be3) bge     s0, t2, pc - 42
core   0: 3 0x800038ea (0xfc745be3)
core   0: 0x800038c0 (0x02b860b3) rem     ra, a6, a1
core   0: 3 0x800038c0 (0x02b860b3) x 1 0xfffffff0
core   0: 0x800038c4 (0x85202893) slti    a7, zero, -1966
core   0: 3 0x800038c4 (0x85202893) x17 0x00000000
core   0: 0x800038c8 (0x002087b3) add     a5, ra, sp
core   0: 3 0x800038c8 (0x002087b3) x15 0x800037f0
core   0: 0x800038cc (0x00001471) c.addi  s0, -4
core   0: 3 0x800038cc (0x1471) x 8 0xfffffffc
core   0: 0x800038ce (0x00600d13) li      s10, 6
core   0: 3 0x800038ce (0x00600d13) x26 0x00000006
core   0: 0x800038d2 (0x008dd6b3) srl     a3, s11, s0
core   0: 3 0x800038d2 (0x008dd6b3) x13 0x00000000
core   0: 0x800038d6 (0x00700213) li      tp, 7
core   0: 3 0x800038d6 (0x00700213) x 4 0x00000007
core   0: 0x800038da (0x00000001) c.nop
core   0: 3 0x800038da (0x0001)
core   0: 0x800038dc (0x405b52b3) sra     t0, s6, t0
core   0: 3 0x800038dc (0x405b52b3) x 5 0x00000000
core   0: 0x800038e0 (0x00000d05) c.addi  s10, 1
core   0: 3 0x800038e0 (0x0d05) x26 0x00000007
core   0: 0x800038e2 (0x02412633) mulhsu  a2, sp, tp
core   0: 3 0x800038e2 (0x02412633) x12 0xfffffffc
core   0: 0x800038e6 (0xfe4d0ae3) beq     s10, tp, pc - 12
core   0: 3 0x800038e6 (0xfe4d0ae3)
core   0: 0x800038da (0x00000001) c.nop
core   0: 3 0x800038da (0x0001)
core   0: 0x800038dc (0x405b52b3) sra     t0, s6, t0
core   0: 3 0x800038dc (0x405b52b3) x 5 0x00000088
core   0: 0x800038e0 (0x00000d05) c.addi  s10, 1
core   0: 3 0x800038e0 (0x0d05) x26 0x00000008
core   0: 0x800038e2 (0x02412633) mulhsu  a2, sp, tp
core   0: 3 0x800038e2 (0x02412633) x12 0xfffffffc
core   0: 0x800038e6 (0xfe4d0ae3) beq     s10, tp, pc - 12
core   0: 3 0x800038e6 (0xfe4d0ae3)
core   0: 0x800038ea (0xfc745be3) bge     s0, t2, pc - 42
core   0: 3 0x800038ea (0xfc745be3)
core   0: 0x800038c0 (0x02b860b3) rem     ra, a6, a1
core   0: 3 0x800038c0 (0x02b860b3) x 1 0xfffffff0
core   0: 0x800038c4 (0x85202893) slti    a7, zero, -1966
core   0: 3 0x800038c4 (0x85202893) x17 0x00000000
core   0: 0x800038c8 (0x002087b3) add     a5, ra, sp
core   0: 3 0x800038c8 (0x002087b3) x15 0x800037f0
core   0: 0x800038cc (0x00001471) c.addi  s0, -4
core   0: 3 0x800038cc (0x1471) x 8 0xfffffff8
core   0: 0x800038ce (0x00600d13) li      s10, 6
core   0: 3 0x800038ce (0x00600d13) x26 0x00000006
core   0: 0x800038d2 (0x008dd6b3) srl     a3, s11, s0
core   0: 3 0x800038d2 (0x008dd6b3) x13 0x00000000
core   0: 0x800038d6 (0x00700213) li      tp, 7
core   0: 3 0x800038d6 (0x00700213) x 4 0x00000007
core   0: 0x800038da (0x00000001) c.nop
core   0: 3 0x800038da (0x0001)
core   0: 0x800038dc (0x405b52b3) sra     t0, s6, t0
core   0: 3 0x800038dc (0x405b52b3) x 5 0x00000000
core   0: 0x800038e0 (0x00000d05) c.addi  s10, 1
core   0: 3 0x800038e0 (0x0d05) x26 0x00000007
core   0: 0x800038e2 (0x02412633) mulhsu  a2, sp, tp
core   0: 3 0x800038e2 (0x02412633) x12 0xfffffffc
core   0: 0x800038e6 (0xfe4d0ae3) beq     s10, tp, pc - 12
core   0: 3 0x800038e6 (0xfe4d0ae3)
core   0: 0x800038da (0x00000001) c.nop
core   0: 3 0x800038da (0x0001)
core   0: 0x800038dc (0x405b52b3) sra     t0, s6, t0
core   0: 3 0x800038dc (0x405b52b3) x 5 0x00000088
core   0: 0x800038e0 (0x00000d05) c.addi  s10, 1
core   0: 3 0x800038e0 (0x0d05) x26 0x00000008
core   0: 0x800038e2 (0x02412633) mulhsu  a2, sp, tp
core   0: 3 0x800038e2 (0x02412633) x12 0xfffffffc
core   0: 0x800038e6 (0xfe4d0ae3) beq     s10, tp, pc - 12
core   0: 3 0x800038e6 (0xfe4d0ae3)
core   0: 0x800038ea (0xfc745be3) bge     s0, t2, pc - 42
core   0: 3 0x800038ea (0xfc745be3)
core   0: 0x800038c0 (0x02b860b3) rem     ra, a6, a1
core   0: 3 0x800038c0 (0x02b860b3) x 1 0xfffffff0
core   0: 0x800038c4 (0x85202893) slti    a7, zero, -1966
core   0: 3 0x800038c4 (0x85202893) x17 0x00000000
core   0: 0x800038c8 (0x002087b3) add     a5, ra, sp
core   0: 3 0x800038c8 (0x002087b3) x15 0x800037f0
core   0: 0x800038cc (0x00001471) c.addi  s0, -4
core   0: 3 0x800038cc (0x1471) x 8 0xfffffff4
core   0: 0x800038ce (0x00600d13) li      s10, 6
core   0: 3 0x800038ce (0x00600d13) x26 0x00000006
core   0: 0x800038d2 (0x008dd6b3) srl     a3, s11, s0
core   0: 3 0x800038d2 (0x008dd6b3) x13 0x00000000
core   0: 0x800038d6 (0x00700213) li      tp, 7
core   0: 3 0x800038d6 (0x00700213) x 4 0x00000007
core   0: 0x800038da (0x00000001) c.nop
core   0: 3 0x800038da (0x0001)
core   0: 0x800038dc (0x405b52b3) sra     t0, s6, t0
core   0: 3 0x800038dc (0x405b52b3) x 5 0x00000000
core   0: 0x800038e0 (0x00000d05) c.addi  s10, 1
core   0: 3 0x800038e0 (0x0d05) x26 0x00000007
core   0: 0x800038e2 (0x02412633) mulhsu  a2, sp, tp
core   0: 3 0x800038e2 (0x02412633) x12 0xfffffffc
core   0: 0x800038e6 (0xfe4d0ae3) beq     s10, tp, pc - 12
core   0: 3 0x800038e6 (0xfe4d0ae3)
core   0: 0x800038da (0x00000001) c.nop
core   0: 3 0x800038da (0x0001)
core   0: 0x800038dc (0x405b52b3) sra     t0, s6, t0
core   0: 3 0x800038dc (0x405b52b3) x 5 0x00000088
core   0: 0x800038e0 (0x00000d05) c.addi  s10, 1
core   0: 3 0x800038e0 (0x0d05) x26 0x00000008
core   0: 0x800038e2 (0x02412633) mulhsu  a2, sp, tp
core   0: 3 0x800038e2 (0x02412633) x12 0xfffffffc
core   0: 0x800038e6 (0xfe4d0ae3) beq     s10, tp, pc - 12
core   0: 3 0x800038e6 (0xfe4d0ae3)
core   0: 0x800038ea (0xfc745be3) bge     s0, t2, pc - 42
core   0: 3 0x800038ea (0xfc745be3)
core   0: 0x800038c0 (0x02b860b3) rem     ra, a6, a1
core   0: 3 0x800038c0 (0x02b860b3) x 1 0xfffffff0
core   0: 0x800038c4 (0x85202893) slti    a7, zero, -1966
core   0: 3 0x800038c4 (0x85202893) x17 0x00000000
core   0: 0x800038c8 (0x002087b3) add     a5, ra, sp
core   0: 3 0x800038c8 (0x002087b3) x15 0x800037f0
core   0: 0x800038cc (0x00001471) c.addi  s0, -4
core   0: 3 0x800038cc (0x1471) x 8 0xfffffff0
core   0: 0x800038ce (0x00600d13) li      s10, 6
core   0: 3 0x800038ce (0x00600d13) x26 0x00000006
core   0: 0x800038d2 (0x008dd6b3) srl     a3, s11, s0
core   0: 3 0x800038d2 (0x008dd6b3) x13 0x00000000
core   0: 0x800038d6 (0x00700213) li      tp, 7
core   0: 3 0x800038d6 (0x00700213) x 4 0x00000007
core   0: 0x800038da (0x00000001) c.nop
core   0: 3 0x800038da (0x0001)
core   0: 0x800038dc (0x405b52b3) sra     t0, s6, t0
core   0: 3 0x800038dc (0x405b52b3) x 5 0x00000000
core   0: 0x800038e0 (0x00000d05) c.addi  s10, 1
core   0: 3 0x800038e0 (0x0d05) x26 0x00000007
core   0: 0x800038e2 (0x02412633) mulhsu  a2, sp, tp
core   0: 3 0x800038e2 (0x02412633) x12 0xfffffffc
core   0: 0x800038e6 (0xfe4d0ae3) beq     s10, tp, pc - 12
core   0: 3 0x800038e6 (0xfe4d0ae3)
core   0: 0x800038da (0x00000001) c.nop
core   0: 3 0x800038da (0x0001)
core   0: 0x800038dc (0x405b52b3) sra     t0, s6, t0
core   0: 3 0x800038dc (0x405b52b3) x 5 0x00000088
core   0: 0x800038e0 (0x00000d05) c.addi  s10, 1
core   0: 3 0x800038e0 (0x0d05) x26 0x00000008
core   0: 0x800038e2 (0x02412633) mulhsu  a2, sp, tp
core   0: 3 0x800038e2 (0x02412633) x12 0xfffffffc
core   0: 0x800038e6 (0xfe4d0ae3) beq     s10, tp, pc - 12
core   0: 3 0x800038e6 (0xfe4d0ae3)
core   0: 0x800038ea (0xfc745be3) bge     s0, t2, pc - 42
core   0: 3 0x800038ea (0xfc745be3)
core   0: 0x800038ee (0x00000001) c.nop
core   0: 3 0x800038ee (0x0001)
core   0: 0x800038f0 (0x00e00c6f) jal     s8, pc + 0xe
core   0: 3 0x800038f0 (0x00e00c6f) x24 0x800038f4
core   0: 0x800038fe (0x0040036f) jal     t1, pc + 0x4
core   0: 3 0x800038fe (0x0040036f) x 6 0x80003902
core   0: 0x80003902 (0x02c000ef) jal     pc + 0x2c
core   0: 3 0x80003902 (0x02c000ef) x 1 0x80003906
core   0: 0x8000392e (0x0000b7f9) c.j     pc - 50
core   0: 3 0x8000392e (0xb7f9)
core   0: 0x800038fc (0x0000282d) c.jal   pc + 58
core   0: 3 0x800038fc (0x282d) x 1 0x800038fe
core   0: 0x80003936 (0x0000b7cd) c.j     pc - 30
core   0: 3 0x80003936 (0xb7cd)
core   0: 0x80003918 (0x0000b7c5) c.j     pc - 32
core   0: 3 0x80003918 (0xb7c5)
core   0: 0x800038f8 (0x00002805) c.jal   pc + 48
core   0: 3 0x800038f8 (0x2805) x 1 0x800038fa
core   0: 0x80003928 (0x00003fcd) c.jal   pc - 14
core   0: 3 0x80003928 (0x3fcd) x 1 0x8000392a
core   0: 0x8000391a (0x020000ef) jal     pc + 0x20
core   0: 3 0x8000391a (0x020000ef) x 1 0x8000391e
core   0: 0x8000393a (0xfc1ff36f) jal     t1, pc - 0x40
core   0: 3 0x8000393a (0xfc1ff36f) x 6 0x8000393e
core   0: 0x800038fa (0x0000a809) c.j     pc + 18
core   0: 3 0x800038fa (0xa809)
core   0: 0x8000390c (0x00002025) c.jal   pc + 40
core   0: 3 0x8000390c (0x2025) x 1 0x8000390e
core   0: 0x80003934 (0x0000bff1) c.j     pc - 36
core   0: 3 0x80003934 (0xbff1)
core   0: 0x80003910 (0x0000200d) c.jal   pc + 34
core   0: 3 0x80003910 (0x200d) x 1 0x80003912
core   0: 0x80003932 (0x00003fe5) c.jal   pc - 8
core   0: 3 0x80003932 (0x3fe5) x 1 0x80003934
core   0: 0x8000392a (0x00003ff1) c.jal   pc - 36
core   0: 3 0x8000392a (0x3ff1) x 1 0x8000392c
core   0: 0x80003906 (0x0000a80d) c.j     pc + 50
core   0: 3 0x80003906 (0xa80d)
core   0: 0x80003938 (0x00003fd5) c.jal   pc - 12
core   0: 3 0x80003938 (0x3fd5) x 1 0x8000393a
core   0: 0x8000392c (0x00002011) c.jal   pc + 4
core   0: 3 0x8000392c (0x2011) x 1 0x8000392e
core   0: 0x80003930 (0x0000b7fd) c.j     pc - 18
core   0: 3 0x80003930 (0xb7fd)
core   0: 0x8000391e (0x0060036f) jal     t1, pc + 0x6
core   0: 3 0x8000391e (0x0060036f) x 6 0x80003922
core   0: 0x80003924 (0xfe7ff0ef) jal     pc - 0x1a
core   0: 3 0x80003924 (0xfe7ff0ef) x 1 0x80003928
core   0: 0x8000390a (0x0000bffd) c.j     pc - 2
core   0: 3 0x8000390a (0xbffd)
core   0: 0x80003908 (0x00002029) c.jal   pc + 10
core   0: 3 0x80003908 (0x2029) x 1 0x8000390a
core   0: 0x80003912 (0x01000eef) jal     t4, pc + 0x10
core   0: 3 0x80003912 (0x01000eef) x29 0x80003916
core   0: 0x80003922 (0x0000bfd1) c.j     pc - 44
core   0: 3 0x80003922 (0xbfd1)
core   0: 0x800038f6 (0x0000a005) c.j     pc + 32
core   0: 3 0x800038f6 (0xa005)
core   0: 0x80003916 (0x0000bff9) c.j     pc - 34
core   0: 3 0x80003916 (0xbff9)
core   0: 0x800038f4 (0x00002829) c.jal   pc + 26
core   0: 3 0x800038f4 (0x2829) x 1 0x800038f6
core   0: 0x8000390e (0x0000a805) c.j     pc + 48
core   0: 3 0x8000390e (0xa805)
core   0: 0x8000393e (0x934b7c17) auipc   s8, 0x934b7
core   0: 3 0x8000393e (0x934b7c17) x24 0x134ba93e
core   0: 0x80003942 (0x00017d17) auipc   s10, 0x17
core   0: 3 0x80003942 (0x00017d17) x26 0x8001a942
core   0: 0x80003946 (0xc28d0d13) addi    s10, s10, -984
core   0: 3 0x80003946 (0xc28d0d13) x26 0x8001a56a
core   0: 0x8000394a (0x003ade93) srli    t4, s5, 3
core   0: 3 0x8000394a (0x003ade93) x29 0x00000000
core   0: 0x8000394e (0xfe7d08a3) sb      t2, -15(s10)
core   0: 3 0x8000394e (0xfe7d08a3) mem 0x8001a55b 0xf4
core   0: 0x80003952 (0x031d09a3) sb      a7, 51(s10)
core   0: 3 0x80003952 (0x031d09a3) mem 0x8001a59d 0x0
core   0: 0x80003956 (0x02ad1383) lh      t2, 42(s10)
core   0: 3 0x80003956 (0x02ad1383) x 7 0xffffd1be mem 0x8001a594
core   0: 0x8000395a (0x01681533) sll     a0, a6, s6
core   0: 3 0x8000395a (0x01681533) x10 0x025e6400
core   0: 0x8000395e (0xfd9d0223) sb      s9, -60(s10)
core   0: 3 0x8000395e (0xfd9d0223) mem 0x8001a52e 0x0
core   0: 0x80003962 (0x03d7a6b3) mulhsu  a3, a5, t4
core   0: 3 0x80003962 (0x03d7a6b3) x13 0x00000000
core   0: 0x80003966 (0x017d4f03) lbu     t5, 23(s10)
core   0: 3 0x80003966 (0x017d4f03) x30 0x00000017 mem 0x8001a581
core   0: 0x8000396a (0xfe7d0423) sb      t2, -24(s10)
core   0: 3 0x8000396a (0xfe7d0423) mem 0x8001a552 0xbe
core   0: 0x8000396e (0xfc3d0ca3) sb      gp, -39(s10)
core   0: 3 0x8000396e (0xfc3d0ca3) mem 0x8001a543 0x31
core   0: 0x80003972 (0xff0d5083) lhu     ra, -16(s10)
core   0: 3 0x80003972 (0xff0d5083) x 1 0x0000f4af mem 0x8001a55a
core   0: 0x80003976 (0x02bf0033) mul     zero, t5, a1
core   0: 3 0x80003976 (0x02bf0033)
core   0: 0x8000397a (0xfffd4c03) lbu     s8, -1(s10)
core   0: 3 0x8000397a (0xfffd4c03) x24 0x00000018 mem 0x8001a569
core   0: 0x8000397e (0x000002d2) c.slli  t0, 20
core   0: 3 0x8000397e (0x02d2) x 5 0x08800000
core   0: 0x80003980 (0xfead1103) lh      sp, -22(s10)
core   0: 3 0x80003980 (0xfead1103) x 2 0x00007688 mem 0x8001a554
core   0: 0x80003984 (0xfc2d0f83) lb      t6, -62(s10)
core   0: 3 0x80003984 (0xfc2d0f83) x31 0x00000062 mem 0x8001a52c
core   0: 0x80003988 (0x01ed0083) lb      ra, 30(s10)
core   0: 3 0x80003988 (0x01ed0083) x 1 0xffffffc0 mem 0x8001a588
core   0: 0x8000398c (0x0000100f) fence.i
core   0: 3 0x8000398c (0x0000100f)
core   0: 0x80003990 (0x410a53b3) sra     t2, s4, a6
core   0: 3 0x80003990 (0x410a53b3) x 7 0xf8000000
core   0: 0x80003994 (0xd52a0f93) addi    t6, s4, -686
core   0: 3 0x80003994 (0xd52a0f93) x31 0x7ffffd52
core   0: 0x80003998 (0xfe0d1303) lh      t1, -32(s10)
core   0: 3 0x80003998 (0xfe0d1303) x 6 0x0000048c mem 0x8001a54a
core   0: 0x8000399c (0x0000861d) c.srai  a2, 7
core   0: 3 0x8000399c (0x861d) x12 0xffffffff
core   0: 0x8000399e (0xfd2d00a3) sb      s2, -63(s10)
core   0: 3 0x8000399e (0xfd2d00a3) mem 0x8001a52b 0x24
core   0: 0x800039a2 (0x036d0503) lb      a0, 54(s10)
core   0: 3 0x800039a2 (0x036d0503) x10 0x00000055 mem 0x8001a5a0
core   0: 0x800039a6 (0x00bd0aa3) sb      a1, 21(s10)
core   0: 3 0x800039a6 (0x00bd0aa3) mem 0x8001a57f 0x24
core   0: 0x800039aa (0x00008f75) c.and   a4, a3
core   0: 3 0x800039aa (0x8f75) x14 0x00000000
core   0: 0x800039ac (0xfd8d0083) lb      ra, -40(s10)
core   0: 3 0x800039ac (0xfd8d0083) x 1 0x00000039 mem 0x8001a542
core   0: 0x800039b0 (0x01000c6f) jal     s8, pc + 0x10
core   0: 3 0x800039b0 (0x01000c6f) x24 0x800039b4
core   0: 0x800039c0 (0x0000201d) c.jal   pc + 38
core   0: 3 0x800039c0 (0x201d) x 1 0x800039c2
core   0: 0x800039e6 (0x0000a031) c.j     pc + 12
core   0: 3 0x800039e6 (0xa031)
core   0: 0x800039f2 (0x0000b7e9) c.j     pc - 54
core   0: 3 0x800039f2 (0xb7e9)
core   0: 0x800039bc (0x0000a03d) c.j     pc + 46
core   0: 3 0x800039bc (0xa03d)
core   0: 0x800039ea (0x0000bfd5) c.j     pc - 12
core   0: 3 0x800039ea (0xbfd5)
core   0: 0x800039de (0xff9ff36f) jal     t1, pc - 0x8
core   0: 3 0x800039de (0xff9ff36f) x 6 0x800039e2
core   0: 0x800039d6 (0x0180036f) jal     t1, pc + 0x18
core   0: 3 0x800039d6 (0x0180036f) x 6 0x800039da
core   0: 0x800039ee (0xfe1ff0ef) jal     pc - 0x20
core   0: 3 0x800039ee (0xfe1ff0ef) x 1 0x800039f2
core   0: 0x800039ce (0x004000ef) jal     pc + 0x4
core   0: 3 0x800039ce (0x004000ef) x 1 0x800039d2
core   0: 0x800039d2 (0x0000bfc5) c.j     pc - 16
core   0: 3 0x800039d2 (0xbfc5)
core   0: 0x800039c2 (0x03400fef) jal     t6, pc + 0x34
core   0: 3 0x800039c2 (0x03400fef) x31 0x800039c6
core   0: 0x800039f6 (0x000037dd) c.jal   pc - 26
core   0: 3 0x800039f6 (0x37dd) x 1 0x800039f8
core   0: 0x800039dc (0x000037cd) c.jal   pc - 30
core   0: 3 0x800039dc (0x37cd) x 1 0x800039de
core   0: 0x800039be (0x0000bfed) c.j     pc - 6
core   0: 3 0x800039be (0xbfed)
core   0: 0x800039b8 (0x010000ef) jal     pc + 0x10
core   0: 3 0x800039b8 (0x010000ef) x 1 0x800039bc
core   0: 0x800039c8 (0x00002805) c.jal   pc + 48
core   0: 3 0x800039c8 (0x2805) x 1 0x800039ca
core   0: 0x800039f8 (0x0000b7ed) c.j     pc - 22
core   0: 3 0x800039f8 (0xb7ed)
core   0: 0x800039e2 (0x0000b7e5) c.j     pc - 24
core   0: 3 0x800039e2 (0xb7e5)
core   0: 0x800039ca (0x0100036f) jal     t1, pc + 0x10
core   0: 3 0x800039ca (0x0100036f) x 6 0x800039ce
core   0: 0x800039da (0x0000bfe9) c.j     pc - 38
core   0: 3 0x800039da (0xbfe9)
core   0: 0x800039b4 (0x0200036f) jal     t1, pc + 0x20
core   0: 3 0x800039b4 (0x0200036f) x 6 0x800039b8
core   0: 0x800039d4 (0x0000a811) c.j     pc + 20
core   0: 3 0x800039d4 (0xa811)
core   0: 0x800039e8 (0x0000bff9) c.j     pc - 34
core   0: 3 0x800039e8 (0xbff9)
core   0: 0x800039c6 (0x00002839) c.jal   pc + 30
core   0: 3 0x800039c6 (0x2839) x 1 0x800039c8
core   0: 0x800039e4 (0x00002021) c.jal   pc + 8
core   0: 3 0x800039e4 (0x2021) x 1 0x800039e6
core   0: 0x800039ec (0x0000a021) c.j     pc + 8
core   0: 3 0x800039ec (0xa021)
core   0: 0x800039f4 (0x0000a019) c.j     pc + 6
core   0: 3 0x800039f4 (0xa019)
core   0: 0x800039fa (0x01d4d033) srl     zero, s1, t4
core   0: 3 0x800039fa (0x01d4d033)
core   0: 0x800039fe (0x0000d117) auipc   sp, 0xd
core   0: 3 0x800039fe (0x0000d117) x 2 0x800109fe
core   0: 0x80003a02 (0xda410113) addi    sp, sp, -604
core   0: 3 0x80003a02 (0xda410113) x 2 0x800107a2
core   0: 0x80003a06 (0xf8310523) sb      gp, -118(sp)
core   0: 3 0x80003a06 (0xf8310523) mem 0x8001072c 0x31
core   0: 0x80003a0a (0xf1a10f03) lb      t5, -230(sp)
core   0: 3 0x80003a0a (0xf1a10f03) x30 0x00000047 mem 0x800106bc
core   0: 0x80003a0e (0xfa114f83) lbu     t6, -95(sp)
core   0: 3 0x80003a0e (0xfa114f83) x31 0x000000cc mem 0x80010743
core   0: 0x80003a12 (0xfbd100a3) sb      t4, -95(sp)
core   0: 3 0x80003a12 (0xfbd100a3) mem 0x80010743 0x0
core   0: 0x80003a16 (0xfa110583) lb      a1, -95(sp)
core   0: 3 0x80003a16 (0xfa110583) x11 0x00000000 mem 0x80010743
core   0: 0x80003a1a (0x6600fc93) andi    s9, ra, 1632
core   0: 3 0x80003a1a (0x6600fc93) x25 0x00000060
core   0: 0x80003a1e (0xfa114d83) lbu     s11, -95(sp)
core   0: 3 0x80003a1e (0xfa114d83) x27 0x00000000 mem 0x80010743
core   0: 0x80003a22 (0xfb7100a3) sb      s7, -95(sp)
core   0: 3 0x80003a22 (0xfb7100a3) mem 0x80010743 0x0
core   0: 0x80003a26 (0x027549b3) div     s3, a0, t2
core   0: 3 0x80003a26 (0x027549b3) x19 0x00000000
core   0: 0x80003a2a (0xfa110b03) lb      s6, -95(sp)
core   0: 3 0x80003a2a (0xfa110b03) x22 0x00000000 mem 0x80010743
core   0: 0x80003a2e (0xf4514c03) lbu     s8, -187(sp)
core   0: 3 0x80003a2e (0xf4514c03) x24 0x00000003 mem 0x800106e7
core   0: 0x80003a32 (0x0379f8b3) remu    a7, s3, s7
core   0: 3 0x80003a32 (0x0379f8b3) x17 0x00000000
core   0: 0x80003a36 (0x02494533) div     a0, s2, tp
core   0: 3 0x80003a36 (0x02494533) x10 0x00000005
core   0: 0x80003a3a (0x09114a83) lbu     s5, 145(sp)
core   0: 3 0x80003a3a (0x09114a83) x21 0x000000a0 mem 0x80010833
core   0: 0x80003a3e (0x8c4c3393) sltiu   t2, s8, -1852
core   0: 3 0x80003a3e (0x8c4c3393) x 7 0x00000001
core   0: 0x80003a42 (0x09114383) lbu     t2, 145(sp)
core   0: 3 0x80003a42 (0x09114383) x 7 0x000000a0 mem 0x80010833
core   0: 0x80003a46 (0x09114d83) lbu     s11, 145(sp)
core   0: 3 0x80003a46 (0x09114d83) x27 0x000000a0 mem 0x80010833
core   0: 0x80003a4a (0x00011117) auipc   sp, 0x11
core   0: 3 0x80003a4a (0x00011117) x 2 0x80014a4a
core   0: 0x80003a4e (0xaf010113) addi    sp, sp, -1296
core   0: 3 0x80003a4e (0xaf010113) x 2 0x8001453a
core   0: 0x80003a52 (0x00008735) c.srai  a4, 13
core   0: 3 0x80003a52 (0x8735) x14 0x00000000
core   0: 0x80003a54 (0x00e10583) lb      a1, 14(sp)
core   0: 3 0x80003a54 (0x00e10583) x11 0x0000006c mem 0x80014548
core   0: 0x80003a58 (0xdc419237) lui     tp, 0xdc419
core   0: 3 0x80003a58 (0xdc419237) x 4 0xdc419000
core   0: 0x80003a5c (0x4054d413) srai    s0, s1, 5
core   0: 3 0x80003a5c (0x4054d413) x 8 0xfc0014e7
core   0: 0x80003a60 (0x00091db3) sll     s11, s2, zero
core   0: 3 0x80003a60 (0x00091db3) x27 0x00000024
core   0: 0x80003a64 (0x028136b3) mulhu   a3, sp, s0
core   0: 3 0x80003a64 (0x028136b3) x13 0x7e014a98
core   0: 0x80003a68 (0x03d189b3) mul     s3, gp, t4
core   0: 3 0x80003a68 (0x03d189b3) x19 0x00000000
core   0: 0x80003a6c (0x410f8c33) sub     s8, t6, a6
core   0: 3 0x80003a6c (0x410f8c33) x24 0x7ffda268
core   0: 0x80003a70 (0xffa14283) lbu     t0, -6(sp)
core   0: 3 0x80003a70 (0xffa14283) x 5 0x00000042 mem 0x80014534
core   0: 0x80003a74 (0x00b104a3) sb      a1, 9(sp)
core   0: 3 0x80003a74 (0x00b104a3) mem 0x80014543 0x6c
core   0: 0x80003a78 (0x034c4ab3) div     s5, s8, s4
core   0: 3 0x80003a78 (0x034c4ab3) x21 0x00000000
core   0: 0x80003a7c (0x3607fc13) andi    s8, a5, 864
core   0: 3 0x80003a7c (0x3607fc13) x24 0x00000360
core   0: 0x80003a80 (0x00c103a3) sb      a2, 7(sp)
core   0: 3 0x80003a80 (0x00c103a3) mem 0x80014541 0xff
core   0: 0x80003a84 (0x000083ca) c.mv    t2, s2
core   0: 3 0x80003a84 (0x83ca) x 7 0x00000024
core   0: 0x80003a86 (0x01511123) sh      s5, 2(sp)
core   0: 3 0x80003a86 (0x01511123) mem 0x8001453c 0x0000
core   0: 0x80003a8a (0x000041f1) c.li    gp, 28
core   0: 3 0x80003a8a (0x41f1) x 3 0x0000001c
core   0: 0x80003a8c (0x00212b03) lw      s6, 2(sp)
core   0: 3 0x80003a8c (0x00212b03) x22 0x1f520000 mem 0x8001453c
core   0: 0x80003a90 (0xffb14403) lbu     s0, -5(sp)
core   0: 3 0x80003a90 (0xffb14403) x 8 0x00000075 mem 0x80014535
core   0: 0x80003a94 (0xff110283) lb      t0, -15(sp)
core   0: 3 0x80003a94 (0xff110283) x 5 0x0000005e mem 0x8001452b
core   0: 0x80003a98 (0x40fe5a93) srai    s5, t3, 15
core   0: 3 0x80003a98 (0x40fe5a93) x21 0x00000000
core   0: 0x80003a9c (0x40edddb3) sra     s11, s11, a4
core   0: 3 0x80003a9c (0x40edddb3) x27 0x00000024
core   0: 0x80003aa0 (0x02156433) rem     s0, a0, ra
core   0: 3 0x80003aa0 (0x02156433) x 8 0x00000005
core   0: 0x80003aa4 (0x3b5dbb93) sltiu   s7, s11, 949
core   0: 3 0x80003aa4 (0x3b5dbb93) x23 0x00000001
core   0: 0x80003aa8 (0x0ff0000f) fence   iorw,iorw
core   0: 3 0x80003aa8 (0x0ff0000f)
core   0: 0x80003aac (0x00114e03) lbu     t3, 1(sp)
core   0: 3 0x80003aac (0x00114e03) x28 0x00000088 mem 0x8001453b
core   0: 0x80003ab0 (0x00008c35) c.xor   s0, a3
core   0: 3 0x80003ab0 (0x8c35) x 8 0x7e014a9d
core   0: 0x80003ab2 (0x01410223) sb      s4, 4(sp)
core   0: 3 0x80003ab2 (0x01410223) mem 0x8001453e 0x0
core   0: 0x80003ab6 (0x2a424b13) xori    s6, tp, 676
core   0: 3 0x80003ab6 (0x2a424b13) x22 0xdc4192a4
core   0: 0x80003aba (0x4102df33) sra     t5, t0, a6
core   0: 3 0x80003aba (0x4102df33) x30 0x00000005
core   0: 0x80003abe (0xfe1d9637) lui     a2, 0xfe1d9
core   0: 3 0x80003abe (0xfe1d9637) x12 0xfe1d9000
core   0: 0x80003ac2 (0x000080e6) c.mv    ra, s9
core   0: 3 0x80003ac2 (0x80e6) x 1 0x00000060
core   0: 0x80003ac4 (0x036ef033) remu    zero, t4, s6
core   0: 3 0x80003ac4 (0x036ef033)
core   0: 0x80003ac8 (0x78384e13) xori    t3, a6, 1923
core   0: 3 0x80003ac8 (0x78384e13) x28 0x800259e7
core   0: 0x80003acc (0x00008e21) c.xor   a2, s0
core   0: 3 0x80003acc (0x8e21) x12 0x801cda9d
core   0: 0x80003ace (0xffd10903) lb      s2, -3(sp)
core   0: 3 0x80003ace (0xffd10903) x18 0xffffffcf mem 0x80014537
core   0: 0x80003ad2 (0x03144e33) div     t3, s0, a7
core   0: 3 0x80003ad2 (0x03144e33) x28 0xffffffff
core   0: 0x80003ad6 (0x0ff0000f) fence   iorw,iorw
core   0: 3 0x80003ad6 (0x0ff0000f)
core   0: 0x80003ada (0xff310203) lb      tp, -13(sp)
core   0: 3 0x80003ada (0xff310203) x 4 0x00000075 mem 0x8001452d
core   0: 0x80003ade (0x04000c6f) jal     s8, pc + 0x40
core   0: 3 0x80003ade (0x04000c6f) x24 0x80003ae2
core   0: 0x80003b1e (0xff7ff0ef) jal     pc - 0xa
core   0: 3 0x80003b1e (0xff7ff0ef) x 1 0x80003b22
core   0: 0x80003b14 (0x0000b7d5) c.j     pc - 28
core   0: 3 0x80003b14 (0xb7d5)
core   0: 0x80003af8 (0x020000ef) jal     pc + 0x20
core   0: 3 0x80003af8 (0x020000ef) x 1 0x80003afc
core   0: 0x80003b18 (0x000037e5) c.jal   pc - 24
core   0: 3 0x80003b18 (0x37e5) x 1 0x80003b1a
core   0: 0x80003b00 (0x0000a029) c.j     pc + 10
core   0: 3 0x80003b00 (0xa029)
core   0: 0x80003b0a (0xfd9ff0ef) jal     pc - 0x28
core   0: 3 0x80003b0a (0xfd9ff0ef) x 1 0x80003b0e
core   0: 0x80003ae2 (0x0200036f) jal     t1, pc + 0x20
core   0: 3 0x80003ae2 (0x0200036f) x 6 0x80003ae6
core   0: 0x80003b02 (0x02e000ef) jal     pc + 0x2e
core   0: 3 0x80003b02 (0x02e000ef) x 1 0x80003b06
core   0: 0x80003b30 (0x00003fcd) c.jal   pc - 14
core   0: 3 0x80003b30 (0x3fcd) x 1 0x80003b32
core   0: 0x80003b22 (0xfedff36f) jal     t1, pc - 0x14
core   0: 3 0x80003b22 (0xfedff36f) x 6 0x80003b26
core   0: 0x80003b0e (0x0000a031) c.j     pc + 12
core   0: 3 0x80003b0e (0xa031)
core   0: 0x80003b1a (0xfd7ff0ef) jal     pc - 0x2a
core   0: 3 0x80003b1a (0xfd7ff0ef) x 1 0x80003b1e
core   0: 0x80003af0 (0x0000201d) c.jal   pc + 38
core   0: 3 0x80003af0 (0x201d) x 1 0x80003af2
core   0: 0x80003b16 (0x00003fc5) c.jal   pc - 16
core   0: 3 0x80003b16 (0x3fc5) x 1 0x80003b18
core   0: 0x80003b06 (0x00a0036f) jal     t1, pc + 0xa
core   0: 3 0x80003b06 (0x00a0036f) x 6 0x80003b0a
core   0: 0x80003b10 (0x01a0036f) jal     t1, pc + 0x1a
core   0: 3 0x80003b10 (0x01a0036f) x 6 0x80003b14
core   0: 0x80003b2a (0xfd3ff66f) jal     a2, pc - 0x2e
core   0: 3 0x80003b2a (0xfd3ff66f) x12 0x80003b2e
core   0: 0x80003afc (0xff1ff0ef) jal     pc - 0x10
core   0: 3 0x80003afc (0xff1ff0ef) x 1 0x80003b00
core   0: 0x80003aec (0xffbff36f) jal     t1, pc - 0x6
core   0: 3 0x80003aec (0xffbff36f) x 6 0x80003af0
core   0: 0x80003ae6 (0x00002081) c.jal   pc + 64
core   0: 3 0x80003ae6 (0x2081) x 1 0x80003ae8
core   0: 0x80003b26 (0xfcdff0ef) jal     pc - 0x34
core   0: 3 0x80003b26 (0xfcdff0ef) x 1 0x80003b2a
core   0: 0x80003af2 (0x0000a835) c.j     pc + 60
core   0: 3 0x80003af2 (0xa835)
core   0: 0x80003b2e (0x0000bf6d) c.j     pc - 70
core   0: 3 0x80003b2e (0xbf6d)
core   0: 0x80003ae8 (0x00c000ef) jal     pc + 0xc
core   0: 3 0x80003ae8 (0x00c000ef) x 1 0x80003aec
core   0: 0x80003af4 (0x03e000ef) jal     pc + 0x3e
core   0: 3 0x80003af4 (0x03e000ef) x 1 0x80003af8
core   0: 0x80003b32 (0x00008ec5) c.or    a3, s1
core   0: 3 0x80003b32 (0x8ec5) x13 0xfe03defc
core   0: 0x80003b34 (0x0000de97) auipc   t4, 0xd
core   0: 3 0x80003b34 (0x0000de97) x29 0x80010b34
core   0: 0x80003b38 (0xa86e8e93) addi    t4, t4, -1402
core   0: 3 0x80003b38 (0xa86e8e93) x29 0x800105ba
core   0: 0x80003b3c (0x004e8b03) lb      s6, 4(t4)
core   0: 3 0x80003b3c (0x004e8b03) x22 0x00000005 mem 0x800105be
core   0: 0x80003b40 (0x00019e17) auipc   t3, 0x19
core   0: 3 0x80003b40 (0x00019e17) x28 0x8001cb40
core   0: 0x80003b44 (0x93fe0e13) addi    t3, t3, -1729
core   0: 3 0x80003b44 (0x93fe0e13) x28 0x8001c47f
core   0: 0x80003b48 (0x00ae8983) lb      s3, 10(t4)
core   0: 3 0x80003b48 (0x00ae8983) x19 0x00000063 mem 0x800105c4
core   0: 0x80003b4c (0x571e1a83) lh      s5, 1393(t3)
core   0: 3 0x80003b4c (0x571e1a83) x21 0x00001fb3 mem 0x8001c9f0
core   0: 0x80003b50 (0x00deca83) lbu     s5, 13(t4)
core   0: 3 0x80003b50 (0x00deca83) x21 0x000000ad mem 0x800105c7
core   0: 0x80003b54 (0x621e0503) lb      a0, 1569(t3)
core   0: 3 0x80003b54 (0x621e0503) x10 0xffffffb7 mem 0x8001caa0
core   0: 0x80003b58 (0x001ec683) lbu     a3, 1(t4)
core   0: 3 0x80003b58 (0x001ec683) x13 0x00000083 mem 0x800105bb
core   0: 0x80003b5c (0x014e8623) sb      s4, 12(t4)
core   0: 3 0x80003b5c (0x014e8623) mem 0x800105c6 0x0
core   0: 0x80003b60 (0xccee4683) lbu     a3, -818(t3)
core   0: 3 0x80003b60 (0xccee4683) x13 0x000000e6 mem 0x8001c14d
core   0: 0x80003b64 (0xff3e8883) lb      a7, -13(t4)
core   0: 3 0x80003b64 (0xff3e8883) x17 0xffffffa5 mem 0x800105ad
core   0: 0x80003b68 (0xd60e0f23) sb      zero, -642(t3)
core   0: 3 0x80003b68 (0xd60e0f23) mem 0x8001c1fd 0x0
core   0: 0x80003b6c (0xe61e05a3) sb      ra, -405(t3)
core   0: 3 0x80003b6c (0xe61e05a3) mem 0x8001c2ea 0xf8
core   0: 0x80003b70 (0x5e9e0b23) sb      s1, 1526(t3)
core   0: 3 0x80003b70 (0x5e9e0b23) mem 0x8001ca75 0xe4
core   0: 0x80003b74 (0x004ed603) lhu     a2, 4(t4)
core   0: 3 0x80003b74 (0x004ed603) x12 0x00002c05 mem 0x800105be
core   0: 0x80003b78 (0xad3e22a3) sw      s3, -1339(t3)
core   0: 3 0x80003b78 (0xad3e22a3) mem 0x8001bf44 0x00000063
core   0: 0x80003b7c (0x00decd83) lbu     s11, 13(t4)
core   0: 3 0x80003b7c (0x00decd83) x27 0x000000ad mem 0x800105c7
core   0: 0x80003b80 (0x20ae0c23) sb      a0, 536(t3)
core   0: 3 0x80003b80 (0x20ae0c23) mem 0x8001c697 0xb7
core   0: 0x80003b84 (0x005e87a3) sb      t0, 15(t4)
core   0: 3 0x80003b84 (0x005e87a3) mem 0x800105c9 0x5e
core   0: 0x80003b88 (0xe7ae0083) lb      ra, -390(t3)
core   0: 3 0x80003b88 (0xe7ae0083) x 1 0xffffffb6 mem 0x8001c2f9
core   0: 0x80003b8c (0x957e0203) lb      tp, -1705(t3)
core   0: 3 0x80003b8c (0x957e0203) x 4 0xffffff81 mem 0x8001bdd6
core   0: 0x80003b90 (0x0000de97) auipc   t4, 0xd
core   0: 3 0x80003b90 (0x0000de97) x29 0x80010b90
core   0: 0x80003b94 (0xa2ce8e93) addi    t4, t4, -1492
core   0: 3 0x80003b94 (0xa2ce8e93) x29 0x800105bc
core   0: 0x80003b98 (0x000e85a3) sb      zero, 11(t4)
core   0: 3 0x80003b98 (0x000e85a3) mem 0x800105c7 0x0
core   0: 0x80003b9c (0x0316a333) mulhsu  t1, a3, a7
core   0: 3 0x80003b9c (0x0316a333) x 6 0x000000e5
core   0: 0x80003ba0 (0x00ce85a3) sb      a2, 11(t4)
core   0: 3 0x80003ba0 (0x00ce85a3) mem 0x800105c7 0x5
core   0: 0x80003ba4 (0x00000001) c.nop
core   0: 3 0x80003ba4 (0x0001)
core   0: 0x80003ba6 (0x00be8403) lb      s0, 11(t4)
core   0: 3 0x80003ba6 (0x00be8403) x 8 0x00000005 mem 0x800105c7
core   0: 0x80003baa (0x003ecf03) lbu     t5, 3(t4)
core   0: 3 0x80003baa (0x003ecf03) x30 0x0000002c mem 0x800105bf
core   0: 0x80003bae (0x014e81a3) sb      s4, 3(t4)
core   0: 3 0x80003bae (0x014e81a3) mem 0x800105bf 0x0
core   0: 0x80003bb2 (0x019e81a3) sb      s9, 3(t4)
core   0: 3 0x80003bb2 (0x019e81a3) mem 0x800105bf 0x60
core   0: 0x80003bb6 (0x003ec203) lbu     tp, 3(t4)
core   0: 3 0x80003bb6 (0x003ec203) x 4 0x00000060 mem 0x800105bf
core   0: 0x80003bba (0x005e81a3) sb      t0, 3(t4)
core   0: 3 0x80003bba (0x005e81a3) mem 0x800105bf 0x5e
core   0: 0x80003bbe (0xff9ecf03) lbu     t5, -7(t4)
core   0: 3 0x80003bbe (0xff9ecf03) x30 0x00000003 mem 0x800105b5
core   0: 0x80003bc2 (0xff9e8e03) lb      t3, -7(t4)
core   0: 3 0x80003bc2 (0xff9e8e03) x28 0x00000003 mem 0x800105b5
core   0: 0x80003bc6 (0xfd1e8da3) sb      a7, -37(t4)
core   0: 3 0x80003bc6 (0xfd1e8da3) mem 0x80010597 0xa5
core   0: 0x80003bca (0xfdbe8da3) sb      s11, -37(t4)
core   0: 3 0x80003bca (0xfdbe8da3) mem 0x80010597 0xad
core   0: 0x80003bce (0x0283f7b3) remu    a5, t2, s0
core   0: 3 0x80003bce (0x0283f7b3) x15 0x00000001
core   0: 0x80003bd2 (0x00008dbd) c.xor   a1, a5
core   0: 3 0x80003bd2 (0x8dbd) x11 0x0000006d
core   0: 0x80003bd4 (0x00aed683) lhu     a3, 10(t4)
core   0: 3 0x80003bd4 (0x00aed683) x13 0x00000500 mem 0x800105c6
core   0: 0x80003bd8 (0xff900b13) li      s6, -7
core   0: 3 0x80003bd8 (0xff900b13) x22 0xfffffff9
core   0: 0x80003bdc (0x00008ed5) c.or    a3, a3
core   0: 3 0x80003bdc (0x8ed5) x13 0x00000500
core   0: 0x80003bde (0x78728317) auipc   t1, 0x78728
core   0: 3 0x80003bde (0x78728317) x 6 0xf872bbde
core   0: 0x80003be2 (0x00400913) li      s2, 4
core   0: 3 0x80003be2 (0x00400913) x18 0x00000004
core   0: 0x80003be6 (0x00008d75) c.and   a0, a3
core   0: 3 0x80003be6 (0x8d75) x10 0x00000500
core   0: 0x80003be8 (0x00000b0d) c.addi  s6, 3
core   0: 3 0x80003be8 (0x0b0d) x22 0xfffffffc
core   0: 0x80003bea (0x00900613) li      a2, 9
core   0: 3 0x80003bea (0x00900613) x12 0x00000009
core   0: 0x80003bee (0x00008d1d) c.sub   a0, a5
core   0: 3 0x80003bee (0x8d1d) x10 0x000004ff
core   0: 0x80003bf0 (0x0000717d) c.addi16sp sp, -16
core   0: 3 0x80003bf0 (0x717d) x 2 0x8001452a
core   0: 0x80003bf2 (0xff800993) li      s3, -8
core   0: 3 0x80003bf2 (0xff800993) x19 0xfffffff8
core   0: 0x80003bf6 (0x00ba4733) xor     a4, s4, a1
core   0: 3 0x80003bf6 (0x00ba4733) x14 0x8000006d
core   0: 0x80003bfa (0x032497b3) mulh    a5, s1, s2
core   0: 3 0x80003bfa (0x032497b3) x15 0xfffffffe
core   0: 0x80003bfe (0x00001671) c.addi  a2, -4
core   0: 3 0x80003bfe (0x1671) x12 0x00000005
core   0: 0x80003c00 (0x96387013) andi    zero, a6, -1693
core   0: 3 0x80003c00 (0x96387013)
core   0: 0x80003c04 (0xff365be3) bge     a2, s3, pc - 10
core   0: 3 0x80003c04 (0xff365be3)
core   0: 0x80003bfa (0x032497b3) mulh    a5, s1, s2
core   0: 3 0x80003bfa (0x032497b3) x15 0xfffffffe
core   0: 0x80003bfe (0x00001671) c.addi  a2, -4
core   0: 3 0x80003bfe (0x1671) x12 0x00000001
core   0: 0x80003c00 (0x96387013) andi    zero, a6, -1693
core   0: 3 0x80003c00 (0x96387013)
core   0: 0x80003c04 (0xff365be3) bge     a2, s3, pc - 10
core   0: 3 0x80003c04 (0xff365be3)
core   0: 0x80003bfa (0x032497b3) mulh    a5, s1, s2
core   0: 3 0x80003bfa (0x032497b3) x15 0xfffffffe
core   0: 0x80003bfe (0x00001671) c.addi  a2, -4
core   0: 3 0x80003bfe (0x1671) x12 0xfffffffd
core   0: 0x80003c00 (0x96387013) andi    zero, a6, -1693
core   0: 3 0x80003c00 (0x96387013)
core   0: 0x80003c04 (0xff365be3) bge     a2, s3, pc - 10
core   0: 3 0x80003c04 (0xff365be3)
core   0: 0x80003bfa (0x032497b3) mulh    a5, s1, s2
core   0: 3 0x80003bfa (0x032497b3) x15 0xfffffffe
core   0: 0x80003bfe (0x00001671) c.addi  a2, -4
core   0: 3 0x80003bfe (0x1671) x12 0xfffffff9
core   0: 0x80003c00 (0x96387013) andi    zero, a6, -1693
core   0: 3 0x80003c00 (0x96387013)
core   0: 0x80003c04 (0xff365be3) bge     a2, s3, pc - 10
core   0: 3 0x80003c04 (0xff365be3)
core   0: 0x80003bfa (0x032497b3) mulh    a5, s1, s2
core   0: 3 0x80003bfa (0x032497b3) x15 0xfffffffe
core   0: 0x80003bfe (0x00001671) c.addi  a2, -4
core   0: 3 0x80003bfe (0x1671) x12 0xfffffff5
core   0: 0x80003c00 (0x96387013) andi    zero, a6, -1693
core   0: 3 0x80003c00 (0x96387013)
core   0: 0x80003c04 (0xff365be3) bge     a2, s3, pc - 10
core   0: 3 0x80003c04 (0xff365be3)
core   0: 0x80003c08 (0xfd2b4fe3) blt     s6, s2, pc - 34
core   0: 3 0x80003c08 (0xfd2b4fe3)
core   0: 0x80003be6 (0x00008d75) c.and   a0, a3
core   0: 3 0x80003be6 (0x8d75) x10 0x00000400
core   0: 0x80003be8 (0x00000b0d) c.addi  s6, 3
core   0: 3 0x80003be8 (0x0b0d) x22 0xffffffff
core   0: 0x80003bea (0x00900613) li      a2, 9
core   0: 3 0x80003bea (0x00900613) x12 0x00000009
core   0: 0x80003bee (0x00008d1d) c.sub   a0, a5
core   0: 3 0x80003bee (0x8d1d) x10 0x00000402
core   0: 0x80003bf0 (0x0000717d) c.addi16sp sp, -16
core   0: 3 0x80003bf0 (0x717d) x 2 0x8001451a
core   0: 0x80003bf2 (0xff800993) li      s3, -8
core   0: 3 0x80003bf2 (0xff800993) x19 0xfffffff8
core   0: 0x80003bf6 (0x00ba4733) xor     a4, s4, a1
core   0: 3 0x80003bf6 (0x00ba4733) x14 0x8000006d
core   0: 0x80003bfa (0x032497b3) mulh    a5, s1, s2
core   0: 3 0x80003bfa (0x032497b3) x15 0xfffffffe
core   0: 0x80003bfe (0x00001671) c.addi  a2, -4
core   0: 3 0x80003bfe (0x1671) x12 0x00000005
core   0: 0x80003c00 (0x96387013) andi    zero, a6, -1693
core   0: 3 0x80003c00 (0x96387013)
core   0: 0x80003c04 (0xff365be3) bge     a2, s3, pc - 10
core   0: 3 0x80003c04 (0xff365be3)
core   0: 0x80003bfa (0x032497b3) mulh    a5, s1, s2
core   0: 3 0x80003bfa (0x032497b3) x15 0xfffffffe
core   0: 0x80003bfe (0x00001671) c.addi  a2, -4
core   0: 3 0x80003bfe (0x1671) x12 0x00000001
core   0: 0x80003c00 (0x96387013) andi    zero, a6, -1693
core   0: 3 0x80003c00 (0x96387013)
core   0: 0x80003c04 (0xff365be3) bge     a2, s3, pc - 10
core   0: 3 0x80003c04 (0xff365be3)
core   0: 0x80003bfa (0x032497b3) mulh    a5, s1, s2
core   0: 3 0x80003bfa (0x032497b3) x15 0xfffffffe
core   0: 0x80003bfe (0x00001671) c.addi  a2, -4
core   0: 3 0x80003bfe (0x1671) x12 0xfffffffd
core   0: 0x80003c00 (0x96387013) andi    zero, a6, -1693
core   0: 3 0x80003c00 (0x96387013)
core   0: 0x80003c04 (0xff365be3) bge     a2, s3, pc - 10
core   0: 3 0x80003c04 (0xff365be3)
core   0: 0x80003bfa (0x032497b3) mulh    a5, s1, s2
core   0: 3 0x80003bfa (0x032497b3) x15 0xfffffffe
core   0: 0x80003bfe (0x00001671) c.addi  a2, -4
core   0: 3 0x80003bfe (0x1671) x12 0xfffffff9
core   0: 0x80003c00 (0x96387013) andi    zero, a6, -1693
core   0: 3 0x80003c00 (0x96387013)
core   0: 0x80003c04 (0xff365be3) bge     a2, s3, pc - 10
core   0: 3 0x80003c04 (0xff365be3)
core   0: 0x80003bfa (0x032497b3) mulh    a5, s1, s2
core   0: 3 0x80003bfa (0x032497b3) x15 0xfffffffe
core   0: 0x80003bfe (0x00001671) c.addi  a2, -4
core   0: 3 0x80003bfe (0x1671) x12 0xfffffff5
core   0: 0x80003c00 (0x96387013) andi    zero, a6, -1693
core   0: 3 0x80003c00 (0x96387013)
core   0: 0x80003c04 (0xff365be3) bge     a2, s3, pc - 10
core   0: 3 0x80003c04 (0xff365be3)
core   0: 0x80003c08 (0xfd2b4fe3) blt     s6, s2, pc - 34
core   0: 3 0x80003c08 (0xfd2b4fe3)
core   0: 0x80003be6 (0x00008d75) c.and   a0, a3
core   0: 3 0x80003be6 (0x8d75) x10 0x00000400
core   0: 0x80003be8 (0x00000b0d) c.addi  s6, 3
core   0: 3 0x80003be8 (0x0b0d) x22 0x00000002
core   0: 0x80003bea (0x00900613) li      a2, 9
core   0: 3 0x80003bea (0x00900613) x12 0x00000009
core   0: 0x80003bee (0x00008d1d) c.sub   a0, a5
core   0: 3 0x80003bee (0x8d1d) x10 0x00000402
core   0: 0x80003bf0 (0x0000717d) c.addi16sp sp, -16
core   0: 3 0x80003bf0 (0x717d) x 2 0x8001450a
core   0: 0x80003bf2 (0xff800993) li      s3, -8
core   0: 3 0x80003bf2 (0xff800993) x19 0xfffffff8
core   0: 0x80003bf6 (0x00ba4733) xor     a4, s4, a1
core   0: 3 0x80003bf6 (0x00ba4733) x14 0x8000006d
core   0: 0x80003bfa (0x032497b3) mulh    a5, s1, s2
core   0: 3 0x80003bfa (0x032497b3) x15 0xfffffffe
core   0: 0x80003bfe (0x00001671) c.addi  a2, -4
core   0: 3 0x80003bfe (0x1671) x12 0x00000005
core   0: 0x80003c00 (0x96387013) andi    zero, a6, -1693
core   0: 3 0x80003c00 (0x96387013)
core   0: 0x80003c04 (0xff365be3) bge     a2, s3, pc - 10
core   0: 3 0x80003c04 (0xff365be3)
core   0: 0x80003bfa (0x032497b3) mulh    a5, s1, s2
core   0: 3 0x80003bfa (0x032497b3) x15 0xfffffffe
core   0: 0x80003bfe (0x00001671) c.addi  a2, -4
core   0: 3 0x80003bfe (0x1671) x12 0x00000001
core   0: 0x80003c00 (0x96387013) andi    zero, a6, -1693
core   0: 3 0x80003c00 (0x96387013)
core   0: 0x80003c04 (0xff365be3) bge     a2, s3, pc - 10
core   0: 3 0x80003c04 (0xff365be3)
core   0: 0x80003bfa (0x032497b3) mulh    a5, s1, s2
core   0: 3 0x80003bfa (0x032497b3) x15 0xfffffffe
core   0: 0x80003bfe (0x00001671) c.addi  a2, -4
core   0: 3 0x80003bfe (0x1671) x12 0xfffffffd
core   0: 0x80003c00 (0x96387013) andi    zero, a6, -1693
core   0: 3 0x80003c00 (0x96387013)
core   0: 0x80003c04 (0xff365be3) bge     a2, s3, pc - 10
core   0: 3 0x80003c04 (0xff365be3)
core   0: 0x80003bfa (0x032497b3) mulh    a5, s1, s2
core   0: 3 0x80003bfa (0x032497b3) x15 0xfffffffe
core   0: 0x80003bfe (0x00001671) c.addi  a2, -4
core   0: 3 0x80003bfe (0x1671) x12 0xfffffff9
core   0: 0x80003c00 (0x96387013) andi    zero, a6, -1693
core   0: 3 0x80003c00 (0x96387013)
core   0: 0x80003c04 (0xff365be3) bge     a2, s3, pc - 10
core   0: 3 0x80003c04 (0xff365be3)
core   0: 0x80003bfa (0x032497b3) mulh    a5, s1, s2
core   0: 3 0x80003bfa (0x032497b3) x15 0xfffffffe
core   0: 0x80003bfe (0x00001671) c.addi  a2, -4
core   0: 3 0x80003bfe (0x1671) x12 0xfffffff5
core   0: 0x80003c00 (0x96387013) andi    zero, a6, -1693
core   0: 3 0x80003c00 (0x96387013)
core   0: 0x80003c04 (0xff365be3) bge     a2, s3, pc - 10
core   0: 3 0x80003c04 (0xff365be3)
core   0: 0x80003c08 (0xfd2b4fe3) blt     s6, s2, pc - 34
core   0: 3 0x80003c08 (0xfd2b4fe3)
core   0: 0x80003be6 (0x00008d75) c.and   a0, a3
core   0: 3 0x80003be6 (0x8d75) x10 0x00000400
core   0: 0x80003be8 (0x00000b0d) c.addi  s6, 3
core   0: 3 0x80003be8 (0x0b0d) x22 0x00000005
core   0: 0x80003bea (0x00900613) li      a2, 9
core   0: 3 0x80003bea (0x00900613) x12 0x00000009
core   0: 0x80003bee (0x00008d1d) c.sub   a0, a5
core   0: 3 0x80003bee (0x8d1d) x10 0x00000402
core   0: 0x80003bf0 (0x0000717d) c.addi16sp sp, -16
core   0: 3 0x80003bf0 (0x717d) x 2 0x800144fa
core   0: 0x80003bf2 (0xff800993) li      s3, -8
core   0: 3 0x80003bf2 (0xff800993) x19 0xfffffff8
core   0: 0x80003bf6 (0x00ba4733) xor     a4, s4, a1
core   0: 3 0x80003bf6 (0x00ba4733) x14 0x8000006d
core   0: 0x80003bfa (0x032497b3) mulh    a5, s1, s2
core   0: 3 0x80003bfa (0x032497b3) x15 0xfffffffe
core   0: 0x80003bfe (0x00001671) c.addi  a2, -4
core   0: 3 0x80003bfe (0x1671) x12 0x00000005
core   0: 0x80003c00 (0x96387013) andi    zero, a6, -1693
core   0: 3 0x80003c00 (0x96387013)
core   0: 0x80003c04 (0xff365be3) bge     a2, s3, pc - 10
core   0: 3 0x80003c04 (0xff365be3)
core   0: 0x80003bfa (0x032497b3) mulh    a5, s1, s2
core   0: 3 0x80003bfa (0x032497b3) x15 0xfffffffe
core   0: 0x80003bfe (0x00001671) c.addi  a2, -4
core   0: 3 0x80003bfe (0x1671) x12 0x00000001
core   0: 0x80003c00 (0x96387013) andi    zero, a6, -1693
core   0: 3 0x80003c00 (0x96387013)
core   0: 0x80003c04 (0xff365be3) bge     a2, s3, pc - 10
core   0: 3 0x80003c04 (0xff365be3)
core   0: 0x80003bfa (0x032497b3) mulh    a5, s1, s2
core   0: 3 0x80003bfa (0x032497b3) x15 0xfffffffe
core   0: 0x80003bfe (0x00001671) c.addi  a2, -4
core   0: 3 0x80003bfe (0x1671) x12 0xfffffffd
core   0: 0x80003c00 (0x96387013) andi    zero, a6, -1693
core   0: 3 0x80003c00 (0x96387013)
core   0: 0x80003c04 (0xff365be3) bge     a2, s3, pc - 10
core   0: 3 0x80003c04 (0xff365be3)
core   0: 0x80003bfa (0x032497b3) mulh    a5, s1, s2
core   0: 3 0x80003bfa (0x032497b3) x15 0xfffffffe
core   0: 0x80003bfe (0x00001671) c.addi  a2, -4
core   0: 3 0x80003bfe (0x1671) x12 0xfffffff9
core   0: 0x80003c00 (0x96387013) andi    zero, a6, -1693
core   0: 3 0x80003c00 (0x96387013)
core   0: 0x80003c04 (0xff365be3) bge     a2, s3, pc - 10
core   0: 3 0x80003c04 (0xff365be3)
core   0: 0x80003bfa (0x032497b3) mulh    a5, s1, s2
core   0: 3 0x80003bfa (0x032497b3) x15 0xfffffffe
core   0: 0x80003bfe (0x00001671) c.addi  a2, -4
core   0: 3 0x80003bfe (0x1671) x12 0xfffffff5
core   0: 0x80003c00 (0x96387013) andi    zero, a6, -1693
core   0: 3 0x80003c00 (0x96387013)
core   0: 0x80003c04 (0xff365be3) bge     a2, s3, pc - 10
core   0: 3 0x80003c04 (0xff365be3)
core   0: 0x80003c08 (0xfd2b4fe3) blt     s6, s2, pc - 34
core   0: 3 0x80003c08 (0xfd2b4fe3)
core   0: 0x80003c0c (0x746af8b7) lui     a7, 0x746af
core   0: 3 0x80003c0c (0x746af8b7) x17 0x746af000
core   0: 0x80003c10 (0x00100613) li      a2, 1
core   0: 3 0x80003c10 (0x00100613) x12 0x00000001
core   0: 0x80003c14 (0x00008d85) c.sub   a1, s1
core   0: 3 0x80003c14 (0x8d85) x11 0x7ffd6389
core   0: 0x80003c16 (0x009115b3) sll     a1, sp, s1
core   0: 3 0x80003c16 (0x009115b3) x11 0x00144fa0
core   0: 0x80003c1a (0xfaeb3d93) sltiu   s11, s6, -82
core   0: 3 0x80003c1a (0xfaeb3d93) x27 0x00000001
core   0: 0x80003c1e (0xffc00e93) li      t4, -4
core   0: 3 0x80003c1e (0xffc00e93) x29 0xfffffffc
core   0: 0x80003c22 (0xcb19f213) andi    tp, s3, -847
core   0: 3 0x80003c22 (0xcb19f213) x 4 0xfffffcb0
core   0: 0x80003c26 (0x00d647b3) xor     a5, a2, a3
core   0: 3 0x80003c26 (0x00d647b3) x15 0x00000501
core   0: 0x80003c2a (0x01e6efb3) or      t6, a3, t5
core   0: 3 0x80003c2a (0x01e6efb3) x31 0x00000503
core   0: 0x80003c2e (0x024fdd33) divu    s10, t6, tp
core   0: 3 0x80003c2e (0x024fdd33) x26 0x00000000
core   0: 0x80003c32 (0x00000d39) c.addi  s10, 14
core   0: 3 0x80003c32 (0x0d39) x26 0x0000000e
core   0: 0x80003c34 (0x0000167d) c.addi  a2, -1
core   0: 3 0x80003c34 (0x167d) x12 0x00000000
core   0: 0x80003c36 (0xb5280593) addi    a1, a6, -1198
core   0: 3 0x80003c36 (0xb5280593) x11 0x800259b6
core   0: 0x80003c3a (0xff800113) li      sp, -8
core   0: 3 0x80003c3a (0xff800113) x 2 0xfffffff8
core   0: 0x80003c3e (0x000062ad) c.lui   t0, 0xb
core   0: 3 0x80003c3e (0x62ad) x 5 0x0000b000
core   0: 0x80003c40 (0x0000869d) c.srai  a3, 7
core   0: 3 0x80003c40 (0x869d) x13 0x0000000a
core   0: 0x80003c42 (0x00000993) li      s3, 0
core   0: 3 0x80003c42 (0x00000993) x19 0x00000000
core   0: 0x80003c46 (0x01960db3) add     s11, a2, s9
core   0: 3 0x80003c46 (0x01960db3) x27 0x00000060
core   0: 0x80003c4a (0xbe564193) xori    gp, a2, -1051
core   0: 3 0x80003c4a (0xbe564193) x 3 0xfffffbe5
core   0: 0x80003c4e (0x02e86d33) rem     s10, a6, a4
core   0: 3 0x80003c4e (0x02e86d33) x26 0x80025e64
core   0: 0x80003c52 (0x00000115) c.addi  sp, 5
core   0: 3 0x80003c52 (0x0115) x 2 0xfffffffd
core   0: 0x80003c54 (0x73897f93) andi    t6, s2, 1848
core   0: 3 0x80003c54 (0x73897f93) x31 0x00000000
core   0: 0x80003c58 (0xff3147e3) blt     sp, s3, pc - 18
core   0: 3 0x80003c58 (0xff3147e3)
core   0: 0x80003c46 (0x01960db3) add     s11, a2, s9
core   0: 3 0x80003c46 (0x01960db3) x27 0x00000060
core   0: 0x80003c4a (0xbe564193) xori    gp, a2, -1051
core   0: 3 0x80003c4a (0xbe564193) x 3 0xfffffbe5
core   0: 0x80003c4e (0x02e86d33) rem     s10, a6, a4
core   0: 3 0x80003c4e (0x02e86d33) x26 0x80025e64
core   0: 0x80003c52 (0x00000115) c.addi  sp, 5
core   0: 3 0x80003c52 (0x0115) x 2 0x00000002
core   0: 0x80003c54 (0x73897f93) andi    t6, s2, 1848
core   0: 3 0x80003c54 (0x73897f93) x31 0x00000000
core   0: 0x80003c58 (0xff3147e3) blt     sp, s3, pc - 18
core   0: 3 0x80003c58 (0xff3147e3)
core   0: 0x80003c5c (0x0000802d) c.srli  s0, 11
core   0: 3 0x80003c5c (0x802d) x 8 0x00000000
core   0: 0x80003c5e (0xfdd654e3) bge     a2, t4, pc - 56
core   0: 3 0x80003c5e (0xfdd654e3)
core   0: 0x80003c26 (0x00d647b3) xor     a5, a2, a3
core   0: 3 0x80003c26 (0x00d647b3) x15 0x0000000a
core   0: 0x80003c2a (0x01e6efb3) or      t6, a3, t5
core   0: 3 0x80003c2a (0x01e6efb3) x31 0x0000000b
core   0: 0x80003c2e (0x024fdd33) divu    s10, t6, tp
core   0: 3 0x80003c2e (0x024fdd33) x26 0x00000000
core   0: 0x80003c32 (0x00000d39) c.addi  s10, 14
core   0: 3 0x80003c32 (0x0d39) x26 0x0000000e
core   0: 0x80003c34 (0x0000167d) c.addi  a2, -1
core   0: 3 0x80003c34 (0x167d) x12 0xffffffff
core   0: 0x80003c36 (0xb5280593) addi    a1, a6, -1198
core   0: 3 0x80003c36 (0xb5280593) x11 0x800259b6
core   0: 0x80003c3a (0xff800113) li      sp, -8
core   0: 3 0x80003c3a (0xff800113) x 2 0xfffffff8
core   0: 0x80003c3e (0x000062ad) c.lui   t0, 0xb
core   0: 3 0x80003c3e (0x62ad) x 5 0x0000b000
core   0: 0x80003c40 (0x0000869d) c.srai  a3, 7
core   0: 3 0x80003c40 (0x869d) x13 0x00000000
core   0: 0x80003c42 (0x00000993) li      s3, 0
core   0: 3 0x80003c42 (0x00000993) x19 0x00000000
core   0: 0x80003c46 (0x01960db3) add     s11, a2, s9
core   0: 3 0x80003c46 (0x01960db3) x27 0x0000005f
core   0: 0x80003c4a (0xbe564193) xori    gp, a2, -1051
core   0: 3 0x80003c4a (0xbe564193) x 3 0x0000041a
core   0: 0x80003c4e (0x02e86d33) rem     s10, a6, a4
core   0: 3 0x80003c4e (0x02e86d33) x26 0x80025e64
core   0: 0x80003c52 (0x00000115) c.addi  sp, 5
core   0: 3 0x80003c52 (0x0115) x 2 0xfffffffd
core   0: 0x80003c54 (0x73897f93) andi    t6, s2, 1848
core   0: 3 0x80003c54 (0x73897f93) x31 0x00000000
core   0: 0x80003c58 (0xff3147e3) blt     sp, s3, pc - 18
core   0: 3 0x80003c58 (0xff3147e3)
core   0: 0x80003c46 (0x01960db3) add     s11, a2, s9
core   0: 3 0x80003c46 (0x01960db3) x27 0x0000005f
core   0: 0x80003c4a (0xbe564193) xori    gp, a2, -1051
core   0: 3 0x80003c4a (0xbe564193) x 3 0x0000041a
core   0: 0x80003c4e (0x02e86d33) rem     s10, a6, a4
core   0: 3 0x80003c4e (0x02e86d33) x26 0x80025e64
core   0: 0x80003c52 (0x00000115) c.addi  sp, 5
core   0: 3 0x80003c52 (0x0115) x 2 0x00000002
core   0: 0x80003c54 (0x73897f93) andi    t6, s2, 1848
core   0: 3 0x80003c54 (0x73897f93) x31 0x00000000
core   0: 0x80003c58 (0xff3147e3) blt     sp, s3, pc - 18
core   0: 3 0x80003c58 (0xff3147e3)
core   0: 0x80003c5c (0x0000802d) c.srli  s0, 11
core   0: 3 0x80003c5c (0x802d) x 8 0x00000000
core   0: 0x80003c5e (0xfdd654e3) bge     a2, t4, pc - 56
core   0: 3 0x80003c5e (0xfdd654e3)
core   0: 0x80003c26 (0x00d647b3) xor     a5, a2, a3
core   0: 3 0x80003c26 (0x00d647b3) x15 0xffffffff
core   0: 0x80003c2a (0x01e6efb3) or      t6, a3, t5
core   0: 3 0x80003c2a (0x01e6efb3) x31 0x00000003
core   0: 0x80003c2e (0x024fdd33) divu    s10, t6, tp
core   0: 3 0x80003c2e (0x024fdd33) x26 0x00000000
core   0: 0x80003c32 (0x00000d39) c.addi  s10, 14
core   0: 3 0x80003c32 (0x0d39) x26 0x0000000e
core   0: 0x80003c34 (0x0000167d) c.addi  a2, -1
core   0: 3 0x80003c34 (0x167d) x12 0xfffffffe
core   0: 0x80003c36 (0xb5280593) addi    a1, a6, -1198
core   0: 3 0x80003c36 (0xb5280593) x11 0x800259b6
core   0: 0x80003c3a (0xff800113) li      sp, -8
core   0: 3 0x80003c3a (0xff800113) x 2 0xfffffff8
core   0: 0x80003c3e (0x000062ad) c.lui   t0, 0xb
core   0: 3 0x80003c3e (0x62ad) x 5 0x0000b000
core   0: 0x80003c40 (0x0000869d) c.srai  a3, 7
core   0: 3 0x80003c40 (0x869d) x13 0x00000000
core   0: 0x80003c42 (0x00000993) li      s3, 0
core   0: 3 0x80003c42 (0x00000993) x19 0x00000000
core   0: 0x80003c46 (0x01960db3) add     s11, a2, s9
core   0: 3 0x80003c46 (0x01960db3) x27 0x0000005e
core   0: 0x80003c4a (0xbe564193) xori    gp, a2, -1051
core   0: 3 0x80003c4a (0xbe564193) x 3 0x0000041b
core   0: 0x80003c4e (0x02e86d33) rem     s10, a6, a4
core   0: 3 0x80003c4e (0x02e86d33) x26 0x80025e64
core   0: 0x80003c52 (0x00000115) c.addi  sp, 5
core   0: 3 0x80003c52 (0x0115) x 2 0xfffffffd
core   0: 0x80003c54 (0x73897f93) andi    t6, s2, 1848
core   0: 3 0x80003c54 (0x73897f93) x31 0x00000000
core   0: 0x80003c58 (0xff3147e3) blt     sp, s3, pc - 18
core   0: 3 0x80003c58 (0xff3147e3)
core   0: 0x80003c46 (0x01960db3) add     s11, a2, s9
core   0: 3 0x80003c46 (0x01960db3) x27 0x0000005e
core   0: 0x80003c4a (0xbe564193) xori    gp, a2, -1051
core   0: 3 0x80003c4a (0xbe564193) x 3 0x0000041b
core   0: 0x80003c4e (0x02e86d33) rem     s10, a6, a4
core   0: 3 0x80003c4e (0x02e86d33) x26 0x80025e64
core   0: 0x80003c52 (0x00000115) c.addi  sp, 5
core   0: 3 0x80003c52 (0x0115) x 2 0x00000002
core   0: 0x80003c54 (0x73897f93) andi    t6, s2, 1848
core   0: 3 0x80003c54 (0x73897f93) x31 0x00000000
core   0: 0x80003c58 (0xff3147e3) blt     sp, s3, pc - 18
core   0: 3 0x80003c58 (0xff3147e3)
core   0: 0x80003c5c (0x0000802d) c.srli  s0, 11
core   0: 3 0x80003c5c (0x802d) x 8 0x00000000
core   0: 0x80003c5e (0xfdd654e3) bge     a2, t4, pc - 56
core   0: 3 0x80003c5e (0xfdd654e3)
core   0: 0x80003c26 (0x00d647b3) xor     a5, a2, a3
core   0: 3 0x80003c26 (0x00d647b3) x15 0xfffffffe
core   0: 0x80003c2a (0x01e6efb3) or      t6, a3, t5
core   0: 3 0x80003c2a (0x01e6efb3) x31 0x00000003
core   0: 0x80003c2e (0x024fdd33) divu    s10, t6, tp
core   0: 3 0x80003c2e (0x024fdd33) x26 0x00000000
core   0: 0x80003c32 (0x00000d39) c.addi  s10, 14
core   0: 3 0x80003c32 (0x0d39) x26 0x0000000e
core   0: 0x80003c34 (0x0000167d) c.addi  a2, -1
core   0: 3 0x80003c34 (0x167d) x12 0xfffffffd
core   0: 0x80003c36 (0xb5280593) addi    a1, a6, -1198
core   0: 3 0x80003c36 (0xb5280593) x11 0x800259b6
core   0: 0x80003c3a (0xff800113) li      sp, -8
core   0: 3 0x80003c3a (0xff800113) x 2 0xfffffff8
core   0: 0x80003c3e (0x000062ad) c.lui   t0, 0xb
core   0: 3 0x80003c3e (0x62ad) x 5 0x0000b000
core   0: 0x80003c40 (0x0000869d) c.srai  a3, 7
core   0: 3 0x80003c40 (0x869d) x13 0x00000000
core   0: 0x80003c42 (0x00000993) li      s3, 0
core   0: 3 0x80003c42 (0x00000993) x19 0x00000000
core   0: 0x80003c46 (0x01960db3) add     s11, a2, s9
core   0: 3 0x80003c46 (0x01960db3) x27 0x0000005d
core   0: 0x80003c4a (0xbe564193) xori    gp, a2, -1051
core   0: 3 0x80003c4a (0xbe564193) x 3 0x00000418
core   0: 0x80003c4e (0x02e86d33) rem     s10, a6, a4
core   0: 3 0x80003c4e (0x02e86d33) x26 0x80025e64
core   0: 0x80003c52 (0x00000115) c.addi  sp, 5
core   0: 3 0x80003c52 (0x0115) x 2 0xfffffffd
core   0: 0x80003c54 (0x73897f93) andi    t6, s2, 1848
core   0: 3 0x80003c54 (0x73897f93) x31 0x00000000
core   0: 0x80003c58 (0xff3147e3) blt     sp, s3, pc - 18
core   0: 3 0x80003c58 (0xff3147e3)
core   0: 0x80003c46 (0x01960db3) add     s11, a2, s9
core   0: 3 0x80003c46 (0x01960db3) x27 0x0000005d
core   0: 0x80003c4a (0xbe564193) xori    gp, a2, -1051
core   0: 3 0x80003c4a (0xbe564193) x 3 0x00000418
core   0: 0x80003c4e (0x02e86d33) rem     s10, a6, a4
core   0: 3 0x80003c4e (0x02e86d33) x26 0x80025e64
core   0: 0x80003c52 (0x00000115) c.addi  sp, 5
core   0: 3 0x80003c52 (0x0115) x 2 0x00000002
core   0: 0x80003c54 (0x73897f93) andi    t6, s2, 1848
core   0: 3 0x80003c54 (0x73897f93) x31 0x00000000
core   0: 0x80003c58 (0xff3147e3) blt     sp, s3, pc - 18
core   0: 3 0x80003c58 (0xff3147e3)
core   0: 0x80003c5c (0x0000802d) c.srli  s0, 11
core   0: 3 0x80003c5c (0x802d) x 8 0x00000000
core   0: 0x80003c5e (0xfdd654e3) bge     a2, t4, pc - 56
core   0: 3 0x80003c5e (0xfdd654e3)
core   0: 0x80003c26 (0x00d647b3) xor     a5, a2, a3
core   0: 3 0x80003c26 (0x00d647b3) x15 0xfffffffd
core   0: 0x80003c2a (0x01e6efb3) or      t6, a3, t5
core   0: 3 0x80003c2a (0x01e6efb3) x31 0x00000003
core   0: 0x80003c2e (0x024fdd33) divu    s10, t6, tp
core   0: 3 0x80003c2e (0x024fdd33) x26 0x00000000
core   0: 0x80003c32 (0x00000d39) c.addi  s10, 14
core   0: 3 0x80003c32 (0x0d39) x26 0x0000000e
core   0: 0x80003c34 (0x0000167d) c.addi  a2, -1
core   0: 3 0x80003c34 (0x167d) x12 0xfffffffc
core   0: 0x80003c36 (0xb5280593) addi    a1, a6, -1198
core   0: 3 0x80003c36 (0xb5280593) x11 0x800259b6
core   0: 0x80003c3a (0xff800113) li      sp, -8
core   0: 3 0x80003c3a (0xff800113) x 2 0xfffffff8
core   0: 0x80003c3e (0x000062ad) c.lui   t0, 0xb
core   0: 3 0x80003c3e (0x62ad) x 5 0x0000b000
core   0: 0x80003c40 (0x0000869d) c.srai  a3, 7
core   0: 3 0x80003c40 (0x869d) x13 0x00000000
core   0: 0x80003c42 (0x00000993) li      s3, 0
core   0: 3 0x80003c42 (0x00000993) x19 0x00000000
core   0: 0x80003c46 (0x01960db3) add     s11, a2, s9
core   0: 3 0x80003c46 (0x01960db3) x27 0x0000005c
core   0: 0x80003c4a (0xbe564193) xori    gp, a2, -1051
core   0: 3 0x80003c4a (0xbe564193) x 3 0x00000419
core   0: 0x80003c4e (0x02e86d33) rem     s10, a6, a4
core   0: 3 0x80003c4e (0x02e86d33) x26 0x80025e64
core   0: 0x80003c52 (0x00000115) c.addi  sp, 5
core   0: 3 0x80003c52 (0x0115) x 2 0xfffffffd
core   0: 0x80003c54 (0x73897f93) andi    t6, s2, 1848
core   0: 3 0x80003c54 (0x73897f93) x31 0x00000000
core   0: 0x80003c58 (0xff3147e3) blt     sp, s3, pc - 18
core   0: 3 0x80003c58 (0xff3147e3)
core   0: 0x80003c46 (0x01960db3) add     s11, a2, s9
core   0: 3 0x80003c46 (0x01960db3) x27 0x0000005c
core   0: 0x80003c4a (0xbe564193) xori    gp, a2, -1051
core   0: 3 0x80003c4a (0xbe564193) x 3 0x00000419
core   0: 0x80003c4e (0x02e86d33) rem     s10, a6, a4
core   0: 3 0x80003c4e (0x02e86d33) x26 0x80025e64
core   0: 0x80003c52 (0x00000115) c.addi  sp, 5
core   0: 3 0x80003c52 (0x0115) x 2 0x00000002
core   0: 0x80003c54 (0x73897f93) andi    t6, s2, 1848
core   0: 3 0x80003c54 (0x73897f93) x31 0x00000000
core   0: 0x80003c58 (0xff3147e3) blt     sp, s3, pc - 18
core   0: 3 0x80003c58 (0xff3147e3)
core   0: 0x80003c5c (0x0000802d) c.srli  s0, 11
core   0: 3 0x80003c5c (0x802d) x 8 0x00000000
core   0: 0x80003c5e (0xfdd654e3) bge     a2, t4, pc - 56
core   0: 3 0x80003c5e (0xfdd654e3)
core   0: 0x80003c26 (0x00d647b3) xor     a5, a2, a3
core   0: 3 0x80003c26 (0x00d647b3) x15 0xfffffffc
core   0: 0x80003c2a (0x01e6efb3) or      t6, a3, t5
core   0: 3 0x80003c2a (0x01e6efb3) x31 0x00000003
core   0: 0x80003c2e (0x024fdd33) divu    s10, t6, tp
core   0: 3 0x80003c2e (0x024fdd33) x26 0x00000000
core   0: 0x80003c32 (0x00000d39) c.addi  s10, 14
core   0: 3 0x80003c32 (0x0d39) x26 0x0000000e
core   0: 0x80003c34 (0x0000167d) c.addi  a2, -1
core   0: 3 0x80003c34 (0x167d) x12 0xfffffffb
core   0: 0x80003c36 (0xb5280593) addi    a1, a6, -1198
core   0: 3 0x80003c36 (0xb5280593) x11 0x800259b6
core   0: 0x80003c3a (0xff800113) li      sp, -8
core   0: 3 0x80003c3a (0xff800113) x 2 0xfffffff8
core   0: 0x80003c3e (0x000062ad) c.lui   t0, 0xb
core   0: 3 0x80003c3e (0x62ad) x 5 0x0000b000
core   0: 0x80003c40 (0x0000869d) c.srai  a3, 7
core   0: 3 0x80003c40 (0x869d) x13 0x00000000
core   0: 0x80003c42 (0x00000993) li      s3, 0
core   0: 3 0x80003c42 (0x00000993) x19 0x00000000
core   0: 0x80003c46 (0x01960db3) add     s11, a2, s9
core   0: 3 0x80003c46 (0x01960db3) x27 0x0000005b
core   0: 0x80003c4a (0xbe564193) xori    gp, a2, -1051
core   0: 3 0x80003c4a (0xbe564193) x 3 0x0000041e
core   0: 0x80003c4e (0x02e86d33) rem     s10, a6, a4
core   0: 3 0x80003c4e (0x02e86d33) x26 0x80025e64
core   0: 0x80003c52 (0x00000115) c.addi  sp, 5
core   0: 3 0x80003c52 (0x0115) x 2 0xfffffffd
core   0: 0x80003c54 (0x73897f93) andi    t6, s2, 1848
core   0: 3 0x80003c54 (0x73897f93) x31 0x00000000
core   0: 0x80003c58 (0xff3147e3) blt     sp, s3, pc - 18
core   0: 3 0x80003c58 (0xff3147e3)
core   0: 0x80003c46 (0x01960db3) add     s11, a2, s9
core   0: 3 0x80003c46 (0x01960db3) x27 0x0000005b
core   0: 0x80003c4a (0xbe564193) xori    gp, a2, -1051
core   0: 3 0x80003c4a (0xbe564193) x 3 0x0000041e
core   0: 0x80003c4e (0x02e86d33) rem     s10, a6, a4
core   0: 3 0x80003c4e (0x02e86d33) x26 0x80025e64
core   0: 0x80003c52 (0x00000115) c.addi  sp, 5
core   0: 3 0x80003c52 (0x0115) x 2 0x00000002
core   0: 0x80003c54 (0x73897f93) andi    t6, s2, 1848
core   0: 3 0x80003c54 (0x73897f93) x31 0x00000000
core   0: 0x80003c58 (0xff3147e3) blt     sp, s3, pc - 18
core   0: 3 0x80003c58 (0xff3147e3)
core   0: 0x80003c5c (0x0000802d) c.srli  s0, 11
core   0: 3 0x80003c5c (0x802d) x 8 0x00000000
core   0: 0x80003c5e (0xfdd654e3) bge     a2, t4, pc - 56
core   0: 3 0x80003c5e (0xfdd654e3)
core   0: 0x80003c62 (0x00008de2) c.mv    s11, s8
core   0: 3 0x80003c62 (0x8de2) x27 0x80003ae2
core   0: 0x80003c64 (0x01000c6f) jal     s8, pc + 0x10
core   0: 3 0x80003c64 (0x01000c6f) x24 0x80003c68
core   0: 0x80003c74 (0xff5ffcef) jal     s9, pc - 0xc
core   0: 3 0x80003c74 (0xff5ffcef) x25 0x80003c78
core   0: 0x80003c68 (0x016000ef) jal     pc + 0x16
core   0: 3 0x80003c68 (0x016000ef) x 1 0x80003c6c
core   0: 0x80003c7e (0x0000bfc5) c.j     pc - 16
core   0: 3 0x80003c7e (0xbfc5)
core   0: 0x80003c6e (0x01400eef) jal     t4, pc + 0x14
core   0: 3 0x80003c6e (0x01400eef) x29 0x80003c72
core   0: 0x80003c82 (0x00003fdd) c.jal   pc - 10
core   0: 3 0x80003c82 (0x3fdd) x 1 0x80003c84
core   0: 0x80003c78 (0x0000a021) c.j     pc + 8
core   0: 3 0x80003c78 (0xa021)
core   0: 0x80003c80 (0x0000b7f5) c.j     pc - 20
core   0: 3 0x80003c80 (0xb7f5)
core   0: 0x80003c6c (0x0000a831) c.j     pc + 28
core   0: 3 0x80003c6c (0xa831)
core   0: 0x80003c88 (0x00003ff5) c.jal   pc - 4
core   0: 3 0x80003c88 (0x3ff5) x 1 0x80003c8a
core   0: 0x80003c84 (0xff7ff0ef) jal     pc - 0xa
core   0: 3 0x80003c84 (0xff7ff0ef) x 1 0x80003c88
core   0: 0x80003c7a (0xff9ff0ef) jal     pc - 0x8
core   0: 3 0x80003c7a (0xff9ff0ef) x 1 0x80003c7e
core   0: 0x80003c72 (0x00002821) c.jal   pc + 24
core   0: 3 0x80003c72 (0x2821) x 1 0x80003c74
core   0: 0x80003c8a (0xd5c43c93) sltiu   s9, s0, -676
core   0: 3 0x80003c8a (0xd5c43c93) x25 0x00000001
core   0: 0x80003c8e (0x00400413) li      s0, 4
core   0: 3 0x80003c8e (0x00400413) x 8 0x00000004
core   0: 0x80003c92 (0x00a92fb3) slt     t6, s2, a0
core   0: 3 0x80003c92 (0x00a92fb3) x31 0x00000001
core   0: 0x80003c96 (0x01ef9eb3) sll     t4, t6, t5
core   0: 3 0x80003c96 (0x01ef9eb3) x29 0x00000008
core   0: 0x80003c9a (0x029f8d33) mul     s10, t6, s1
core   0: 3 0x80003c9a (0x029f8d33) x26 0x80029ce4
core   0: 0x80003c9e (0x02fcd033) divu    zero, s9, a5
core   0: 3 0x80003c9e (0x02fcd033)
core   0: 0x80003ca2 (0x0166e0b3) or      ra, a3, s6
core   0: 3 0x80003ca2 (0x0166e0b3) x 1 0x00000005
core   0: 0x80003ca6 (0x00000001) c.nop
core   0: 3 0x80003ca6 (0x0001)
core   0: 0x80003ca8 (0x00700793) li      a5, 7
core   0: 3 0x80003ca8 (0x00700793) x15 0x00000007
core   0: 0x80003cac (0x000059fd) c.li    s3, -1
core   0: 3 0x80003cac (0x59fd) x19 0xffffffff
core   0: 0x80003cae (0xb247af13) slti    t5, a5, -1244
core   0: 3 0x80003cae (0xb247af13) x30 0x00000000
core   0: 0x80003cb2 (0x00eaaf33) slt     t5, s5, a4
core   0: 3 0x80003cb2 (0x00eaaf33) x30 0x00000000
core   0: 0x80003cb6 (0x00000429) c.addi  s0, 10
core   0: 3 0x80003cb6 (0x0429) x 8 0x0000000e
core   0: 0x80003cb8 (0x00000001) c.nop
core   0: 3 0x80003cb8 (0x0001)
core   0: 0x80003cba (0x00b95d13) srli    s10, s2, 11
core   0: 3 0x80003cba (0x00b95d13) x26 0x00000000
core   0: 0x80003cbe (0x0114d033) srl     zero, s1, a7
core   0: 3 0x80003cbe (0x0114d033)
core   0: 0x80003cc2 (0xfff00d93) li      s11, -1
core   0: 3 0x80003cc2 (0xfff00d93) x27 0xffffffff
core   0: 0x80003cc6 (0x00300893) li      a7, 3
core   0: 3 0x80003cc6 (0x00300893) x17 0x00000003
core   0: 0x80003cca (0x00008619) c.srai  a2, 6
core   0: 3 0x80003cca (0x8619) x12 0xffffffff
core   0: 0x80003ccc (0x000012fd) c.addi  t0, -1
core   0: 3 0x80003ccc (0x12fd) x 5 0x0000afff
core   0: 0x80003cce (0x0000960e) c.add   a2, gp
core   0: 3 0x80003cce (0x960e) x12 0x0000041d
core   0: 0x80003cd0 (0x0ff0000f) fence   iorw,iorw
core   0: 3 0x80003cd0 (0x0ff0000f)
core   0: 0x80003cd4 (0x00000da9) c.addi  s11, 10
core   0: 3 0x80003cd4 (0x0da9) x27 0x00000009
core   0: 0x80003cd6 (0x00008685) c.srai  a3, 1
core   0: 3 0x80003cd6 (0x8685) x13 0x00000000
core   0: 0x80003cd8 (0xff1debe3) bltu    s11, a7, pc - 10
core   0: 3 0x80003cd8 (0xff1debe3)
core   0: 0x80003cdc (0x30e7a517) auipc   a0, 0x30e7a
core   0: 3 0x80003cdc (0x30e7a517) x10 0xb0e7dcdc
core   0: 0x80003ce0 (0xfcf469e3) bltu    s0, a5, pc - 46
core   0: 3 0x80003ce0 (0xfcf469e3)
core   0: 0x80003ce4 (0x00006131) c.addi16sp sp, 320
core   0: 3 0x80003ce4 (0x6131) x 2 0x00000142
core   0: 0x80003ce6 (0x0000ce17) auipc   t3, 0xc
core   0: 3 0x80003ce6 (0x0000ce17) x28 0x8000fce6
core   0: 0x80003cea (0x57ce0e13) addi    t3, t3, 1404
core   0: 3 0x80003cea (0x57ce0e13) x28 0x80010262
core   0: 0x80003cee (0x00016897) auipc   a7, 0x16
core   0: 3 0x80003cee (0x00016897) x17 0x80019cee
core   0: 0x80003cf2 (0x8e088893) addi    a7, a7, -1824
core   0: 3 0x80003cf2 (0x8e088893) x17 0x800195ce
core   0: 0x80003cf6 (0xfdee06a3) sb      t5, -51(t3)
core   0: 3 0x80003cf6 (0xfdee06a3) mem 0x8001022f 0x0
core   0: 0x80003cfa (0x0be89203) lh      tp, 190(a7)
core   0: 3 0x80003cfa (0x0be89203) x 4 0x0000331c mem 0x8001968c
core   0: 0x80003cfe (0x011e4c83) lbu     s9, 17(t3)
core   0: 3 0x80003cfe (0x011e4c83) x25 0x00000095 mem 0x80010273
core   0: 0x80003d02 (0x012e0023) sb      s2, 0(t3)
core   0: 3 0x80003d02 (0x012e0023) mem 0x80010262 0x4
core   0: 0x80003d06 (0x0ce8cf03) lbu     t5, 206(a7)
core   0: 3 0x80003d06 (0x0ce8cf03) x30 0x00000036 mem 0x8001969c
core   0: 0x80003d0a (0xf648d503) lhu     a0, -156(a7)
core   0: 3 0x80003d0a (0xf648d503) x10 0x00001070 mem 0x80019532
core   0: 0x80003d0e (0x01fe1323) sh      t6, 6(t3)
core   0: 3 0x80003d0e (0x01fe1323) mem 0x80010268 0x0001
core   0: 0x80003d12 (0xf198c103) lbu     sp, -231(a7)
core   0: 3 0x80003d12 (0xf198c103) x 2 0x000000ec mem 0x800194e7
core   0: 0x80003d16 (0x028e2323) sw      s0, 38(t3)
core   0: 3 0x80003d16 (0x028e2323) mem 0x80010288 0x0000000e
core   0: 0x80003d1a (0xfece0423) sb      a2, -24(t3)
core   0: 3 0x80003d1a (0xfece0423) mem 0x8001024a 0x1d
core   0: 0x80003d1e (0xfc988783) lb      a5, -55(a7)
core   0: 3 0x80003d1e (0xfc988783) x15 0xffffffd5 mem 0x80019597
core   0: 0x80003d22 (0x08a8d003) lhu     zero, 138(a7)
core   0: 3 0x80003d22 (0x08a8d003) mem 0x80019658
core   0: 0x80003d26 (0x00de0c83) lb      s9, 13(t3)
core   0: 3 0x80003d26 (0x00de0c83) x25 0x00000072 mem 0x8001026f
core   0: 0x80003d2a (0x010e4003) lbu     zero, 16(t3)
core   0: 3 0x80003d2a (0x010e4003) mem 0x80010272
core   0: 0x80003d2e (0x00800c6f) jal     s8, pc + 0x8
core   0: 3 0x80003d2e (0x00800c6f) x24 0x80003d32
core   0: 0x80003d36 (0x0000a839) c.j     pc + 30
core   0: 3 0x80003d36 (0xa839)
core   0: 0x80003d54 (0x0000bfe5) c.j     pc - 8
core   0: 3 0x80003d54 (0xbfe5)
core   0: 0x80003d4c (0xff1ff0ef) jal     pc - 0x10
core   0: 3 0x80003d4c (0xff1ff0ef) x 1 0x80003d50
core   0: 0x80003d3c (0x00002811) c.jal   pc + 20
core   0: 3 0x80003d3c (0x2811) x 1 0x80003d3e
core   0: 0x80003d50 (0xffbff0ef) jal     pc - 0x6
core   0: 3 0x80003d50 (0xffbff0ef) x 1 0x80003d54
core   0: 0x80003d4a (0x00003ff5) c.jal   pc - 4
core   0: 3 0x80003d4a (0x3ff5) x 1 0x80003d4c
core   0: 0x80003d46 (0xff9ff0ef) jal     pc - 0x8
core   0: 3 0x80003d46 (0xff9ff0ef) x 1 0x80003d4a
core   0: 0x80003d3e (0x004000ef) jal     pc + 0x4
core   0: 3 0x80003d3e (0x004000ef) x 1 0x80003d42
core   0: 0x80003d42 (0x0140046f) jal     s0, pc + 0x14
core   0: 3 0x80003d42 (0x0140046f) x 8 0x80003d46
core   0: 0x80003d56 (0x000037cd) c.jal   pc - 30
core   0: 3 0x80003d56 (0x37cd) x 1 0x80003d58
core   0: 0x80003d38 (0x00002009) c.jal   pc + 2
core   0: 3 0x80003d38 (0x2009) x 1 0x80003d3a
core   0: 0x80003d3a (0x00002839) c.jal   pc + 30
core   0: 3 0x80003d3a (0x2839) x 1 0x80003d3c
core   0: 0x80003d58 (0x0000bfe9) c.j     pc - 38
core   0: 3 0x80003d58 (0xbfe9)
core   0: 0x80003d32 (0x02800c6f) jal     s8, pc + 0x28
core   0: 3 0x80003d32 (0x02800c6f) x24 0x80003d36
core   0: 0x80003d5a (0x00000001) c.nop
core   0: 3 0x80003d5a (0x0001)
core   0: 0x80003d5c (0x00015117) auipc   sp, 0x15
core   0: 3 0x80003d5c (0x00015117) x 2 0x80018d5c
core   0: 0x80003d60 (0xa4a10113) addi    sp, sp, -1462
core   0: 3 0x80003d60 (0xa4a10113) x 2 0x800187a6
core   0: 0x80003d64 (0x29014783) lbu     a5, 656(sp)
core   0: 3 0x80003d64 (0x29014783) x15 0x00000087 mem 0x80018a36
core   0: 0x80003d68 (0x06a11083) lh      ra, 106(sp)
core   0: 3 0x80003d68 (0x06a11083) x 1 0x00006961 mem 0x80018810
core   0: 0x80003d6c (0x02a207b3) mul     a5, tp, a0
core   0: 3 0x80003d6c (0x02a207b3) x15 0x03481c40
core   0: 0x80003d70 (0xaea108a3) sb      a0, -1295(sp)
core   0: 3 0x80003d70 (0xaea108a3) mem 0x80018297 0x70
core   0: 0x80003d74 (0xfa611f23) sh      t1, -66(sp)
core   0: 3 0x80003d74 (0xfa611f23) mem 0x80018764 0xbbde
core   0: 0x80003d78 (0x68810ea3) sb      s0, 1693(sp)
core   0: 3 0x80003d78 (0x68810ea3) mem 0x80018e43 0x46
core   0: 0x80003d7c (0x70615503) lhu     a0, 1798(sp)
core   0: 3 0x80003d7c (0x70615503) x10 0x0000c162 mem 0x80018eac
core   0: 0x80003d80 (0x0000127d) c.addi  tp, -1
core   0: 3 0x80003d80 (0x127d) x 4 0x0000331b
core   0: 0x80003d82 (0x52110ca3) sb      ra, 1337(sp)
core   0: 3 0x80003d82 (0x52110ca3) mem 0x80018cdf 0x61
core   0: 0x80003d86 (0x021797b3) mulh    a5, a5, ra
core   0: 3 0x80003d86 (0x021797b3) x15 0x00000159
core   0: 0x80003d8a (0x0217e0b3) rem     ra, a5, ra
core   0: 3 0x80003d8a (0x0217e0b3) x 1 0x00000159
core   0: 0x80003d8e (0x0080c0b3) xor     ra, ra, s0
core   0: 3 0x80003d8e (0x0080c0b3) x 1 0x80003c1f
core   0: 0x80003d92 (0xb1510783) lb      a5, -1259(sp)
core   0: 3 0x80003d92 (0xb1510783) x15 0x0000007b mem 0x800182bb
core   0: 0x80003d96 (0xa5514203) lbu     tp, -1451(sp)
core   0: 3 0x80003d96 (0xa5514203) x 4 0x0000008d mem 0x800181fb
core   0: 0x80003d9a (0x00000001) c.nop
core   0: 3 0x80003d9a (0x0001)
core   0: 0x80003d9c (0x0000147d) c.addi  s0, -1
core   0: 3 0x80003d9c (0x147d) x 8 0x80003d45
core   0: 0x80003d9e (0x000000e5) c.addi  ra, 25
core   0: 3 0x80003d9e (0x00e5) x 1 0x80003c38
core   0: 0x80003da0 (0x00178333) add     t1, a5, ra
core   0: 3 0x80003da0 (0x00178333) x 6 0x80003cb3
core   0: 0x80003da4 (0xb5b10083) lb      ra, -1189(sp)
core   0: 3 0x80003da4 (0xb5b10083) x 1 0x00000070 mem 0x80018301
core   0: 0x80003da8 (0xd2e10203) lb      tp, -722(sp)
core   0: 3 0x80003da8 (0xd2e10203) x 4 0x0000005c mem 0x800184d4
core   0: 0x80003dac (0xe7e11303) lh      t1, -386(sp)
core   0: 3 0x80003dac (0xe7e11303) x 6 0x00003b46 mem 0x80018624
core   0: 0x80003db0 (0xb2314303) lbu     t1, -1245(sp)
core   0: 3 0x80003db0 (0xb2314303) x 6 0x0000004b mem 0x800182c9
core   0: 0x80003db4 (0x00f7a0b3) slt     ra, a5, a5
core   0: 3 0x80003db4 (0x00f7a0b3) x 1 0x00000000
core   0: 0x80003db8 (0x0000831a) c.mv    t1, t1
core   0: 3 0x80003db8 (0x831a) x 6 0x0000004b
core   0: 0x80003dba (0x7a610fa3) sb      t1, 1983(sp)
core   0: 3 0x80003dba (0x7a610fa3) mem 0x80018f65 0x4b
core   0: 0x80003dbe (0x76e11403) lh      s0, 1902(sp)
core   0: 3 0x80003dbe (0x76e11403) x 8 0xffffc66a mem 0x80018f14
core   0: 0x80003dc2 (0x00014417) auipc   s0, 0x14
core   0: 3 0x80003dc2 (0x00014417) x 8 0x80017dc2
core   0: 0x80003dc6 (0x81f40413) addi    s0, s0, -2017
core   0: 3 0x80003dc6 (0x81f40413) x 8 0x800175e1
core   0: 0x80003dca (0x00011717) auipc   a4, 0x11
core   0: 3 0x80003dca (0x00011717) x14 0x80014dca
core   0: 0x80003dce (0xd7970713) addi    a4, a4, -647
core   0: 3 0x80003dce (0xd7970713) x14 0x80014b43
core   0: 0x80003dd2 (0x00017197) auipc   gp, 0x17
core   0: 3 0x80003dd2 (0x00017197) x 3 0x8001add2
core   0: 0x80003dd6 (0x7cf18193) addi    gp, gp, 1999
core   0: 3 0x80003dd6 (0x7cf18193) x 3 0x8001b5a1
core   0: 0x80003dda (0x0000e117) auipc   sp, 0xe
core   0: 3 0x80003dda (0x0000e117) x 2 0x80011dda
core   0: 0x80003dde (0x1ed10113) addi    sp, sp, 493
core   0: 3 0x80003dde (0x1ed10113) x 2 0x80011fc7
core   0: 0x80003de2 (0xeb610ea3) sb      s6, -323(sp)
core   0: 3 0x80003de2 (0xeb610ea3) mem 0x80011e84 0x5
core   0: 0x80003de6 (0x01d40823) sb      t4, 16(s0)
core   0: 3 0x80003de6 (0x01d40823) mem 0x800175f1 0x8
core   0: 0x80003dea (0x0001c597) auipc   a1, 0x1c
core   0: 3 0x80003dea (0x0001c597) x11 0x8001fdea
core   0: 0x80003dee (0x4b558593) addi    a1, a1, 1205
core   0: 3 0x80003dee (0x4b558593) x11 0x8002029f
core   0: 0x80003df2 (0xffd40983) lb      s3, -3(s0)
core   0: 3 0x80003df2 (0xffd40983) x19 0x0000007f mem 0x800175de
core   0: 0x80003df6 (0x00570b83) lb      s7, 5(a4)
core   0: 3 0x80003df6 (0x00570b83) x23 0xffffffe4 mem 0x80014b48
core   0: 0x80003dfa (0xff670c23) sb      s6, -8(a4)
core   0: 3 0x80003dfa (0xff670c23) mem 0x80014b3b 0x5
core   0: 0x80003dfe (0x91418b03) lb      s6, -1772(gp)
core   0: 3 0x80003dfe (0x91418b03) x22 0xfffffff7 mem 0x8001aeb5
core   0: 0x80003e02 (0xff658503) lb      a0, -10(a1)
core   0: 3 0x80003e02 (0xff658503) x10 0x0000001e mem 0x80020295
core   0: 0x80003e06 (0x00775e83) lhu     t4, 7(a4)
core   0: 3 0x80003e06 (0x00775e83) x29 0x00007a0a mem 0x80014b4a
core   0: 0x80003e0a (0x55410d83) lb      s11, 1364(sp)
core   0: 3 0x80003e0a (0x55410d83) x27 0xfffffffa mem 0x8001251b
core   0: 0x80003e0e (0x000580a3) sb      zero, 1(a1)
core   0: 3 0x80003e0e (0x000580a3) mem 0x800202a0 0x0
core   0: 0x80003e12 (0xff874383) lbu     t2, -8(a4)
core   0: 3 0x80003e12 (0xff874383) x 7 0x00000005 mem 0x80014b3b
core   0: 0x80003e16 (0x00e40e03) lb      t3, 14(s0)
core   0: 3 0x80003e16 (0x00e40e03) x28 0xffffffbe mem 0x800175ef
core   0: 0x80003e1a (0x99118b23) sb      a7, -1642(gp)
core   0: 3 0x80003e1a (0x99118b23) mem 0x8001af37 0xce
core   0: 0x80003e1e (0x009581a3) sb      s1, 3(a1)
core   0: 3 0x80003e1e (0x009581a3) mem 0x800202a2 0xe4
core   0: 0x80003e22 (0xfed709a3) sb      a3, -13(a4)
core   0: 3 0x80003e22 (0xfed709a3) mem 0x80014b36 0x0
core   0: 0x80003e26 (0x5dc14e83) lbu     t4, 1500(sp)
core   0: 3 0x80003e26 (0x5dc14e83) x29 0x000000ac mem 0x800125a3
core   0: 0x80003e2a (0x199189a3) sb      s9, 403(gp)
core   0: 3 0x80003e2a (0x199189a3) mem 0x8001b734 0x72
core   0: 0x80003e2e (0x8e3119a3) sh      gp, -1805(sp)
core   0: 3 0x80003e2e (0x8e3119a3) mem 0x800118ba 0xb5a1
core   0: 0x80003e32 (0x1e719fa3) sh      t2, 511(gp)
core   0: 3 0x80003e32 (0x1e719fa3) mem 0x8001b7a0 0x0005
core   0: 0x80003e36 (0xff240083) lb      ra, -14(s0)
core   0: 3 0x80003e36 (0xff240083) x 1 0xfffffff8 mem 0x800175d3
core   0: 0x80003e3a (0x00844f03) lbu     t5, 8(s0)
core   0: 3 0x80003e3a (0x00844f03) x30 0x000000cf mem 0x800175e9
core   0: 0x80003e3e (0xff970683) lb      a3, -7(a4)
core   0: 3 0x80003e3e (0xff970683) x13 0xffffffeb mem 0x80014b3c
core   0: 0x80003e42 (0xff744d83) lbu     s11, -9(s0)
core   0: 3 0x80003e42 (0xff744d83) x27 0x00000009 mem 0x800175d8
core   0: 0x80003e46 (0x01710d23) sb      s7, 26(sp)
core   0: 3 0x80003e46 (0x01710d23) mem 0x80011fe1 0xe4
core   0: 0x80003e4a (0x0065c303) lbu     t1, 6(a1)
core   0: 3 0x80003e4a (0x0065c303) x 6 0x00000074 mem 0x800202a5
core   0: 0x80003e4e (0xdfc1c603) lbu     a2, -516(gp)
core   0: 3 0x80003e4e (0xdfc1c603) x12 0x00000016 mem 0x8001b39d
core   0: 0x80003e52 (0x2d818303) lb      t1, 728(gp)
core   0: 3 0x80003e52 (0x2d818303) x 6 0xffffff9c mem 0x8001b879
core   0: 0x80003e56 (0xff644783) lbu     a5, -10(s0)
core   0: 3 0x80003e56 (0xff644783) x15 0x0000009e mem 0x800175d7
core   0: 0x80003e5a (0xa5314603) lbu     a2, -1453(sp)
core   0: 3 0x80003e5a (0xa5314603) x12 0x000000c9 mem 0x80011a1a
core   0: 0x80003e5e (0xbed14303) lbu     t1, -1043(sp)
core   0: 3 0x80003e5e (0xbed14303) x 6 0x000000ad mem 0x80011bb4
core   0: 0x80003e62 (0x4401cc03) lbu     s8, 1088(gp)
core   0: 3 0x80003e62 (0x4401cc03) x24 0x000000b8 mem 0x8001b9e1
core   0: 0x80003e66 (0x00b593a3) sh      a1, 7(a1)
core   0: 3 0x80003e66 (0x00b593a3) mem 0x800202a6 0x029f
core   0: 0x80003e6a (0x15f10da3) sb      t6, 347(sp)
core   0: 3 0x80003e6a (0x15f10da3) mem 0x80012122 0x1
core   0: 0x80003e6e (0xa80181a3) sb      zero, -1405(gp)
core   0: 3 0x80003e6e (0xa80181a3) mem 0x8001b024 0x0
core   0: 0x80003e72 (0xffd44203) lbu     tp, -3(s0)
core   0: 3 0x80003e72 (0xffd44203) x 4 0x0000007f mem 0x800175de
core   0: 0x80003e76 (0x0000c117) auipc   sp, 0xc
core   0: 3 0x80003e76 (0x0000c117) x 2 0x8000fe76
core   0: 0x80003e7a (0x69910113) addi    sp, sp, 1689
core   0: 3 0x80003e7a (0x69910113) x 2 0x8001050f
core   0: 0x80003e7e (0x68c10823) sb      a2, 1680(sp)
core   0: 3 0x80003e7e (0x68c10823) mem 0x80010b9f 0xc9
core   0: 0x80003e82 (0x1eb11983) lh      s3, 491(sp)
core   0: 3 0x80003e82 (0x1eb11983) x19 0xffffe81b mem 0x800106fa
core   0: 0x80003e86 (0x76710f23) sb      t2, 1918(sp)
core   0: 3 0x80003e86 (0x76710f23) mem 0x80010c8d 0x5
core   0: 0x80003e8a (0x77e10883) lb      a7, 1918(sp)
core   0: 3 0x80003e8a (0x77e10883) x17 0x00000005 mem 0x80010c8d
core   0: 0x80003e8e (0x039437b3) mulhu   a5, s0, s9
core   0: 3 0x80003e8e (0x039437b3) x15 0x00000039
core   0: 0x80003e92 (0xc6e11ea3) sh      a4, -899(sp)
core   0: 3 0x80003e92 (0xc6e11ea3) mem 0x8001018c 0x4b43
core   0: 0x80003e96 (0x508126a3) sw      s0, 1293(sp)
core   0: 3 0x80003e96 (0x508126a3) mem 0x80010a1c 0x800175e1
core   0: 0x80003e9a (0xbd010d23) sb      a6, -1062(sp)
core   0: 3 0x80003e9a (0xbd010d23) mem 0x800100e9 0x64
core   0: 0x80003e9e (0xbca10d23) sb      a0, -1062(sp)
core   0: 3 0x80003e9e (0xbca10d23) mem 0x800100e9 0x1e
core   0: 0x80003ea2 (0xbda10283) lb      t0, -1062(sp)
core   0: 3 0x80003ea2 (0xbda10283) x 5 0x0000001e mem 0x800100e9
core   0: 0x80003ea6 (0x49111b03) lh      s6, 1169(sp)
core   0: 3 0x80003ea6 (0x49111b03) x22 0xffffd78b mem 0x800109a0
core   0: 0x80003eaa (0x52814b83) lbu     s7, 1320(sp)
core   0: 3 0x80003eaa (0x52814b83) x23 0x0000008e mem 0x80010a37
core   0: 0x80003eae (0x5ae10423) sb      a4, 1448(sp)
core   0: 3 0x80003eae (0x5ae10423) mem 0x80010ab7 0x43
core   0: 0x80003eb2 (0x2d710823) sb      s7, 720(sp)
core   0: 3 0x80003eb2 (0x2d710823) mem 0x800107df 0x8e
core   0: 0x80003eb6 (0x27c10303) lb      t1, 636(sp)
core   0: 3 0x80003eb6 (0x27c10303) x 6 0xffffffce mem 0x8001078b
core   0: 0x80003eba (0xd9910623) sb      s9, -628(sp)
core   0: 3 0x80003eba (0xd9910623) mem 0x8001029b 0x72
core   0: 0x80003ebe (0xe8214703) lbu     a4, -382(sp)
core   0: 3 0x80003ebe (0xe8214703) x14 0x000000c9 mem 0x80010391
core   0: 0x80003ec2 (0xe8214f83) lbu     t6, -382(sp)
core   0: 3 0x80003ec2 (0xe8214f83) x31 0x000000c9 mem 0x80010391
core   0: 0x80003ec6 (0xff600b13) li      s6, -10
core   0: 3 0x80003ec6 (0xff600b13) x22 0xfffffff6
core   0: 0x80003eca (0x00700393) li      t2, 7
core   0: 3 0x80003eca (0x00700393) x 7 0x00000007
core   0: 0x80003ece (0x00000001) c.nop
core   0: 3 0x80003ece (0x0001)
core   0: 0x80003ed0 (0x00000b1d) c.addi  s6, 7
core   0: 3 0x80003ed0 (0x0b1d) x22 0xfffffffd
core   0: 0x80003ed2 (0xffb00b93) li      s7, -5
core   0: 3 0x80003ed2 (0xffb00b93) x23 0xfffffffb
core   0: 0x80003ed6 (0x00400f13) li      t5, 4
core   0: 3 0x80003ed6 (0x00400f13) x30 0x00000004
core   0: 0x80003eda (0x00008f59) c.or    a4, a4
core   0: 3 0x80003eda (0x8f59) x14 0x000000c9
core   0: 0x80003edc (0x00000b85) c.addi  s7, 1
core   0: 3 0x80003edc (0x0b85) x23 0xfffffffc
core   0: 0x80003ede (0xffeb8ee3) beq     s7, t5, pc - 4
core   0: 3 0x80003ede (0xffeb8ee3)
core   0: 0x80003ee2 (0xfe7b66e3) bltu    s6, t2, pc - 20
core   0: 3 0x80003ee2 (0xfe7b66e3)
core   0: 0x80003ee6 (0x0000100f) fence.i
core   0: 3 0x80003ee6 (0x0000100f)
core   0: 0x80003eea (0x0001db17) auipc   s6, 0x1d
core   0: 3 0x80003eea (0x0001db17) x22 0x80020eea
core   0: 0x80003eee (0x04db0b13) addi    s6, s6, 77
core   0: 3 0x80003eee (0x04db0b13) x22 0x80020f37
core   0: 0x80003ef2 (0x9eab15a3) sh      a0, -1557(s6)
core   0: 3 0x80003ef2 (0x9eab15a3) mem 0x80020922 0x001e
core   0: 0x80003ef6 (0x00b6df13) srli    t5, a3, 11
core   0: 3 0x80003ef6 (0x00b6df13) x30 0x001fffff
core   0: 0x80003efa (0xfd5b0a23) sb      s5, -44(s6)
core   0: 3 0x80003efa (0xfd5b0a23) mem 0x80020f0b 0xad
core   0: 0x80003efe (0x895b5283) lhu     t0, -1899(s6)
core   0: 3 0x80003efe (0x895b5283) x 5 0x0000235b mem 0x800207cc
core   0: 0x80003f02 (0x01e69533) sll     a0, a3, t5
core   0: 3 0x80003f02 (0x01e69533) x10 0x80000000
core   0: 0x80003f06 (0x02d552b3) divu    t0, a0, a3
core   0: 3 0x80003f06 (0x02d552b3) x 5 0x00000000
core   0: 0x80003f0a (0x00008afa) c.mv    s5, t5
core   0: 3 0x80003f0a (0x8afa) x21 0x001fffff
core   0: 0x80003f0c (0xcc7b5a83) lhu     s5, -825(s6)
core   0: 3 0x80003f0c (0xcc7b5a83) x21 0x0000ab89 mem 0x80020bfe
core   0: 0x80003f10 (0x00a506b3) add     a3, a0, a0
core   0: 3 0x80003f10 (0x00a506b3) x13 0x00000000
core   0: 0x80003f14 (0x405ad533) sra     a0, s5, t0
core   0: 3 0x80003f14 (0x405ad533) x10 0x0000ab89
core   0: 0x80003f18 (0xaceb0a83) lb      s5, -1330(s6)
core   0: 3 0x80003f18 (0xaceb0a83) x21 0xffffffbf mem 0x80020a05
core   0: 0x80003f1c (0x00008eb5) c.xor   a3, a3
core   0: 3 0x80003f1c (0x8eb5) x13 0x00000000
core   0: 0x80003f1e (0x00000686) c.slli  a3, 1
core   0: 3 0x80003f1e (0x0686) x13 0x00000000
core   0: 0x80003f20 (0x8a6b0123) sb      t1, -1886(s6)
core   0: 3 0x80003f20 (0x8a6b0123) mem 0x800207d9 0xce
core   0: 0x80003f24 (0x038b4683) lbu     a3, 56(s6)
core   0: 3 0x80003f24 (0x038b4683) x13 0x00000036 mem 0x80020f6f
core   0: 0x80003f28 (0x02d362b3) rem     t0, t1, a3
core   0: 3 0x80003f28 (0x02d362b3) x 5 0xffffffce
core   0: 0x80003f2c (0x00008d09) c.sub   a0, a0
core   0: 3 0x80003f2c (0x8d09) x10 0x00000000
core   0: 0x80003f2e (0x9c4b4f03) lbu     t5, -1596(s6)
core   0: 3 0x80003f2e (0x9c4b4f03) x30 0x00000011 mem 0x800208fb
core   0: 0x80003f32 (0xa6cb0f03) lb      t5, -1428(s6)
core   0: 3 0x80003f32 (0xa6cb0f03) x30 0xffffffa2 mem 0x800209a3
core   0: 0x80003f36 (0xb55b0b23) sb      s5, -1194(s6)
core   0: 3 0x80003f36 (0xb55b0b23) mem 0x80020a8d 0xbf
core   0: 0x80003f3a (0xbcbb1f03) lh      t5, -1077(s6)
core   0: 3 0x80003f3a (0xbcbb1f03) x30 0x00006f0c mem 0x80020b02
core   0: 0x80003f3e (0xc71b5283) lhu     t0, -911(s6)
core   0: 3 0x80003f3e (0xc71b5283) x 5 0x000079b9 mem 0x80020ba8
core   0: 0x80003f42 (0xf38b0f03) lb      t5, -200(s6)
core   0: 3 0x80003f42 (0xf38b0f03) x30 0x00000078 mem 0x80020e6f
core   0: 0x80003f46 (0xb86b0f23) sb      t1, -1122(s6)
core   0: 3 0x80003f46 (0xb86b0f23) mem 0x80020ad5 0xce
core   0: 0x80003f4a (0x0fcb0f03) lb      t5, 252(s6)
core   0: 3 0x80003f4a (0x0fcb0f03) x30 0xffffffbe mem 0x80021033
core   0: 0x80003f4e (0xcefb4f03) lbu     t5, -785(s6)
core   0: 3 0x80003f4e (0xcefb4f03) x30 0x0000009e mem 0x80020c26
core   0: 0x80003f52 (0x08db00a3) sb      a3, 129(s6)
core   0: 3 0x80003f52 (0x08db00a3) mem 0x80020fb8 0x36
core   0: 0x80003f56 (0xba5b2683) lw      a3, -1115(s6)
core   0: 3 0x80003f56 (0xba5b2683) x13 0x6bf64a0f mem 0x80020adc
core   0: 0x80003f5a (0x0000100f) fence.i
core   0: 3 0x80003f5a (0x0000100f)
core   0: 0x80003f5e (0xc6ab4f03) lbu     t5, -918(s6)
core   0: 3 0x80003f5e (0xc6ab4f03) x30 0x00000014 mem 0x80020ba1
core   0: 0x80003f62 (0xe95b06a3) sb      s5, -371(s6)
core   0: 3 0x80003f62 (0xe95b06a3) mem 0x80020dc4 0xbf
core   0: 0x80003f66 (0xcf2b0303) lb      t1, -782(s6)
core   0: 3 0x80003f66 (0xcf2b0303) x 6 0xffffffe5 mem 0x80020c29
core   0: 0x80003f6a (0xb54b4683) lbu     a3, -1196(s6)
core   0: 3 0x80003f6a (0xb54b4683) x13 0x00000080 mem 0x80020a8b
core   0: 0x80003f6e (0xd2ab0d23) sb      a0, -710(s6)
core   0: 3 0x80003f6e (0xd2ab0d23) mem 0x80020c71 0x0
core   0: 0x80003f72 (0xf29b0a83) lb      s5, -215(s6)
core   0: 3 0x80003f72 (0xf29b0a83) x21 0x0000005d mem 0x80020e60
core   0: 0x80003f76 (0xbc5b2f03) lw      t5, -1083(s6)
core   0: 3 0x80003f76 (0xbc5b2f03) x30 0x135b7056 mem 0x80020afc
core   0: 0x80003f7a (0x00300313) li      t1, 3
core   0: 3 0x80003f7a (0x00300313) x 6 0x00000003
core   0: 0x80003f7e (0x000010fd) c.addi  ra, -1
core   0: 3 0x80003f7e (0x10fd) x 1 0xfffffff7
core   0: 0x80003f80 (0x00008eee) c.mv    t4, s11
core   0: 3 0x80003f80 (0x8eee) x29 0x00000009
core   0: 0x80003f82 (0x37204e93) xori    t4, zero, 882
core   0: 3 0x80003f82 (0x37204e93) x29 0x00000372
core   0: 0x80003f86 (0xfef00193) li      gp, -17
core   0: 3 0x80003f86 (0xfef00193) x 3 0xffffffef
core   0: 0x80003f8a (0x00008159) c.srli  a0, 22
core   0: 3 0x80003f8a (0x8159) x10 0x00000000
core   0: 0x80003f8c (0x3bfac613) xori    a2, s5, 959
core   0: 3 0x80003f8c (0x3bfac613) x12 0x000003e2
core   0: 0x80003f90 (0x0188f733) and     a4, a7, s8
core   0: 3 0x80003f90 (0x0188f733) x14 0x00000000
core   0: 0x80003f94 (0x00008e9d) c.sub   a3, a5
core   0: 3 0x80003f94 (0x8e9d) x13 0x00000047
core   0: 0x80003f96 (0x0d274593) xori    a1, a4, 210
core   0: 3 0x80003f96 (0x0d274593) x11 0x000000d2
core   0: 0x80003f9a (0x00001371) c.addi  t1, -4
core   0: 3 0x80003f9a (0x1371) x 6 0xffffffff
core   0: 0x80003f9c (0x01899013) slli    zero, s3, 24
core   0: 3 0x80003f9c (0x01899013)
core   0: 0x80003fa0 (0xffc00b13) li      s6, -4
core   0: 3 0x80003fa0 (0xffc00b13) x22 0xfffffffc
core   0: 0x80003fa4 (0xff800113) li      sp, -8
core   0: 3 0x80003fa4 (0xff800113) x 2 0xfffffff8
core   0: 0x80003fa8 (0x00008ab1) c.andi  a3, 12
core   0: 3 0x80003fa8 (0x8ab1) x13 0x00000004
core   0: 0x80003faa (0x00008e15) c.sub   a2, a3
core   0: 3 0x80003faa (0x8e15) x12 0x000003de
core   0: 0x80003fac (0x00001b6d) c.addi  s6, -5
core   0: 3 0x80003fac (0x1b6d) x22 0xfffffff7
core   0: 0x80003fae (0x8facef13) ori     t5, s9, -1798
core   0: 3 0x80003fae (0x8facef13) x30 0xfffff8fa
core   0: 0x80003fb2 (0x00e7d093) srli    ra, a5, 14
core   0: 3 0x80003fb2 (0x00e7d093) x 1 0x00000000
core   0: 0x80003fb6 (0x00006df1) c.lui   s11, 0x1c
core   0: 3 0x80003fb6 (0x6df1) x27 0x0001c000
core   0: 0x80003fb8 (0x0000094d) c.addi  s2, 19
core   0: 3 0x80003fb8 (0x094d) x18 0x00000017
core   0: 0x80003fba (0x14284a93) xori    s5, a6, 322
core   0: 3 0x80003fba (0x14284a93) x21 0x80025f26
core   0: 0x80003fbe (0x00008f7d) c.and   a4, a5
core   0: 3 0x80003fbe (0x8f7d) x14 0x00000000
core   0: 0x80003fc0 (0xfe2b54e3) bge     s6, sp, pc - 24
core   0: 3 0x80003fc0 (0xfe2b54e3)
core   0: 0x80003fc4 (0x02a288b3) mul     a7, t0, a0
core   0: 3 0x80003fc4 (0x02a288b3) x17 0x00000000
core   0: 0x80003fc8 (0x79467093) andi    ra, a2, 1940
core   0: 3 0x80003fc8 (0x79467093) x 1 0x00000394
core   0: 0x80003fcc (0xfc3310e3) bne     t1, gp, pc - 64
core   0: 3 0x80003fcc (0xfc3310e3)
core   0: 0x80003f8c (0x3bfac613) xori    a2, s5, 959
core   0: 3 0x80003f8c (0x3bfac613) x12 0x80025c99
core   0: 0x80003f90 (0x0188f733) and     a4, a7, s8
core   0: 3 0x80003f90 (0x0188f733) x14 0x00000000
core   0: 0x80003f94 (0x00008e9d) c.sub   a3, a5
core   0: 3 0x80003f94 (0x8e9d) x13 0xffffffcb
core   0: 0x80003f96 (0x0d274593) xori    a1, a4, 210
core   0: 3 0x80003f96 (0x0d274593) x11 0x000000d2
core   0: 0x80003f9a (0x00001371) c.addi  t1, -4
core   0: 3 0x80003f9a (0x1371) x 6 0xfffffffb
core   0: 0x80003f9c (0x01899013) slli    zero, s3, 24
core   0: 3 0x80003f9c (0x01899013)
core   0: 0x80003fa0 (0xffc00b13) li      s6, -4
core   0: 3 0x80003fa0 (0xffc00b13) x22 0xfffffffc
core   0: 0x80003fa4 (0xff800113) li      sp, -8
core   0: 3 0x80003fa4 (0xff800113) x 2 0xfffffff8
core   0: 0x80003fa8 (0x00008ab1) c.andi  a3, 12
core   0: 3 0x80003fa8 (0x8ab1) x13 0x00000008
core   0: 0x80003faa (0x00008e15) c.sub   a2, a3
core   0: 3 0x80003faa (0x8e15) x12 0x80025c91
core   0: 0x80003fac (0x00001b6d) c.addi  s6, -5
core   0: 3 0x80003fac (0x1b6d) x22 0xfffffff7
core   0: 0x80003fae (0x8facef13) ori     t5, s9, -1798
core   0: 3 0x80003fae (0x8facef13) x30 0xfffff8fa
core   0: 0x80003fb2 (0x00e7d093) srli    ra, a5, 14
core   0: 3 0x80003fb2 (0x00e7d093) x 1 0x00000000
core   0: 0x80003fb6 (0x00006df1) c.lui   s11, 0x1c
core   0: 3 0x80003fb6 (0x6df1) x27 0x0001c000
core   0: 0x80003fb8 (0x0000094d) c.addi  s2, 19
core   0: 3 0x80003fb8 (0x094d) x18 0x0000002a
core   0: 0x80003fba (0x14284a93) xori    s5, a6, 322
core   0: 3 0x80003fba (0x14284a93) x21 0x80025f26
core   0: 0x80003fbe (0x00008f7d) c.and   a4, a5
core   0: 3 0x80003fbe (0x8f7d) x14 0x00000000
core   0: 0x80003fc0 (0xfe2b54e3) bge     s6, sp, pc - 24
core   0: 3 0x80003fc0 (0xfe2b54e3)
core   0: 0x80003fc4 (0x02a288b3) mul     a7, t0, a0
core   0: 3 0x80003fc4 (0x02a288b3) x17 0x00000000
core   0: 0x80003fc8 (0x79467093) andi    ra, a2, 1940
core   0: 3 0x80003fc8 (0x79467093) x 1 0x00000490
core   0: 0x80003fcc (0xfc3310e3) bne     t1, gp, pc - 64
core   0: 3 0x80003fcc (0xfc3310e3)
core   0: 0x80003f8c (0x3bfac613) xori    a2, s5, 959
core   0: 3 0x80003f8c (0x3bfac613) x12 0x80025c99
core   0: 0x80003f90 (0x0188f733) and     a4, a7, s8
core   0: 3 0x80003f90 (0x0188f733) x14 0x00000000
core   0: 0x80003f94 (0x00008e9d) c.sub   a3, a5
core   0: 3 0x80003f94 (0x8e9d) x13 0xffffffcf
core   0: 0x80003f96 (0x0d274593) xori    a1, a4, 210
core   0: 3 0x80003f96 (0x0d274593) x11 0x000000d2
core   0: 0x80003f9a (0x00001371) c.addi  t1, -4
core   0: 3 0x80003f9a (0x1371) x 6 0xfffffff7
core   0: 0x80003f9c (0x01899013) slli    zero, s3, 24
core   0: 3 0x80003f9c (0x01899013)
core   0: 0x80003fa0 (0xffc00b13) li      s6, -4
core   0: 3 0x80003fa0 (0xffc00b13) x22 0xfffffffc
core   0: 0x80003fa4 (0xff800113) li      sp, -8
core   0: 3 0x80003fa4 (0xff800113) x 2 0xfffffff8
core   0: 0x80003fa8 (0x00008ab1) c.andi  a3, 12
core   0: 3 0x80003fa8 (0x8ab1) x13 0x0000000c
core   0: 0x80003faa (0x00008e15) c.sub   a2, a3
core   0: 3 0x80003faa (0x8e15) x12 0x80025c8d
core   0: 0x80003fac (0x00001b6d) c.addi  s6, -5
core   0: 3 0x80003fac (0x1b6d) x22 0xfffffff7
core   0: 0x80003fae (0x8facef13) ori     t5, s9, -1798
core   0: 3 0x80003fae (0x8facef13) x30 0xfffff8fa
core   0: 0x80003fb2 (0x00e7d093) srli    ra, a5, 14
core   0: 3 0x80003fb2 (0x00e7d093) x 1 0x00000000
core   0: 0x80003fb6 (0x00006df1) c.lui   s11, 0x1c
core   0: 3 0x80003fb6 (0x6df1) x27 0x0001c000
core   0: 0x80003fb8 (0x0000094d) c.addi  s2, 19
core   0: 3 0x80003fb8 (0x094d) x18 0x0000003d
core   0: 0x80003fba (0x14284a93) xori    s5, a6, 322
core   0: 3 0x80003fba (0x14284a93) x21 0x80025f26
core   0: 0x80003fbe (0x00008f7d) c.and   a4, a5
core   0: 3 0x80003fbe (0x8f7d) x14 0x00000000
core   0: 0x80003fc0 (0xfe2b54e3) bge     s6, sp, pc - 24
core   0: 3 0x80003fc0 (0xfe2b54e3)
core   0: 0x80003fc4 (0x02a288b3) mul     a7, t0, a0
core   0: 3 0x80003fc4 (0x02a288b3) x17 0x00000000
core   0: 0x80003fc8 (0x79467093) andi    ra, a2, 1940
core   0: 3 0x80003fc8 (0x79467093) x 1 0x00000484
core   0: 0x80003fcc (0xfc3310e3) bne     t1, gp, pc - 64
core   0: 3 0x80003fcc (0xfc3310e3)
core   0: 0x80003f8c (0x3bfac613) xori    a2, s5, 959
core   0: 3 0x80003f8c (0x3bfac613) x12 0x80025c99
core   0: 0x80003f90 (0x0188f733) and     a4, a7, s8
core   0: 3 0x80003f90 (0x0188f733) x14 0x00000000
core   0: 0x80003f94 (0x00008e9d) c.sub   a3, a5
core   0: 3 0x80003f94 (0x8e9d) x13 0xffffffd3
core   0: 0x80003f96 (0x0d274593) xori    a1, a4, 210
core   0: 3 0x80003f96 (0x0d274593) x11 0x000000d2
core   0: 0x80003f9a (0x00001371) c.addi  t1, -4
core   0: 3 0x80003f9a (0x1371) x 6 0xfffffff3
core   0: 0x80003f9c (0x01899013) slli    zero, s3, 24
core   0: 3 0x80003f9c (0x01899013)
core   0: 0x80003fa0 (0xffc00b13) li      s6, -4
core   0: 3 0x80003fa0 (0xffc00b13) x22 0xfffffffc
core   0: 0x80003fa4 (0xff800113) li      sp, -8
core   0: 3 0x80003fa4 (0xff800113) x 2 0xfffffff8
core   0: 0x80003fa8 (0x00008ab1) c.andi  a3, 12
core   0: 3 0x80003fa8 (0x8ab1) x13 0x00000000
core   0: 0x80003faa (0x00008e15) c.sub   a2, a3
core   0: 3 0x80003faa (0x8e15) x12 0x80025c99
core   0: 0x80003fac (0x00001b6d) c.addi  s6, -5
core   0: 3 0x80003fac (0x1b6d) x22 0xfffffff7
core   0: 0x80003fae (0x8facef13) ori     t5, s9, -1798
core   0: 3 0x80003fae (0x8facef13) x30 0xfffff8fa
core   0: 0x80003fb2 (0x00e7d093) srli    ra, a5, 14
core   0: 3 0x80003fb2 (0x00e7d093) x 1 0x00000000
core   0: 0x80003fb6 (0x00006df1) c.lui   s11, 0x1c
core   0: 3 0x80003fb6 (0x6df1) x27 0x0001c000
core   0: 0x80003fb8 (0x0000094d) c.addi  s2, 19
core   0: 3 0x80003fb8 (0x094d) x18 0x00000050
core   0: 0x80003fba (0x14284a93) xori    s5, a6, 322
core   0: 3 0x80003fba (0x14284a93) x21 0x80025f26
core   0: 0x80003fbe (0x00008f7d) c.and   a4, a5
core   0: 3 0x80003fbe (0x8f7d) x14 0x00000000
core   0: 0x80003fc0 (0xfe2b54e3) bge     s6, sp, pc - 24
core   0: 3 0x80003fc0 (0xfe2b54e3)
core   0: 0x80003fc4 (0x02a288b3) mul     a7, t0, a0
core   0: 3 0x80003fc4 (0x02a288b3) x17 0x00000000
core   0: 0x80003fc8 (0x79467093) andi    ra, a2, 1940
core   0: 3 0x80003fc8 (0x79467093) x 1 0x00000490
core   0: 0x80003fcc (0xfc3310e3) bne     t1, gp, pc - 64
core   0: 3 0x80003fcc (0xfc3310e3)
core   0: 0x80003f8c (0x3bfac613) xori    a2, s5, 959
core   0: 3 0x80003f8c (0x3bfac613) x12 0x80025c99
core   0: 0x80003f90 (0x0188f733) and     a4, a7, s8
core   0: 3 0x80003f90 (0x0188f733) x14 0x00000000
core   0: 0x80003f94 (0x00008e9d) c.sub   a3, a5
core   0: 3 0x80003f94 (0x8e9d) x13 0xffffffc7
core   0: 0x80003f96 (0x0d274593) xori    a1, a4, 210
core   0: 3 0x80003f96 (0x0d274593) x11 0x000000d2
core   0: 0x80003f9a (0x00001371) c.addi  t1, -4
core   0: 3 0x80003f9a (0x1371) x 6 0xffffffef
core   0: 0x80003f9c (0x01899013) slli    zero, s3, 24
core   0: 3 0x80003f9c (0x01899013)
core   0: 0x80003fa0 (0xffc00b13) li      s6, -4
core   0: 3 0x80003fa0 (0xffc00b13) x22 0xfffffffc
core   0: 0x80003fa4 (0xff800113) li      sp, -8
core   0: 3 0x80003fa4 (0xff800113) x 2 0xfffffff8
core   0: 0x80003fa8 (0x00008ab1) c.andi  a3, 12
core   0: 3 0x80003fa8 (0x8ab1) x13 0x00000004
core   0: 0x80003faa (0x00008e15) c.sub   a2, a3
core   0: 3 0x80003faa (0x8e15) x12 0x80025c95
core   0: 0x80003fac (0x00001b6d) c.addi  s6, -5
core   0: 3 0x80003fac (0x1b6d) x22 0xfffffff7
core   0: 0x80003fae (0x8facef13) ori     t5, s9, -1798
core   0: 3 0x80003fae (0x8facef13) x30 0xfffff8fa
core   0: 0x80003fb2 (0x00e7d093) srli    ra, a5, 14
core   0: 3 0x80003fb2 (0x00e7d093) x 1 0x00000000
core   0: 0x80003fb6 (0x00006df1) c.lui   s11, 0x1c
core   0: 3 0x80003fb6 (0x6df1) x27 0x0001c000
core   0: 0x80003fb8 (0x0000094d) c.addi  s2, 19
core   0: 3 0x80003fb8 (0x094d) x18 0x00000063
core   0: 0x80003fba (0x14284a93) xori    s5, a6, 322
core   0: 3 0x80003fba (0x14284a93) x21 0x80025f26
core   0: 0x80003fbe (0x00008f7d) c.and   a4, a5
core   0: 3 0x80003fbe (0x8f7d) x14 0x00000000
core   0: 0x80003fc0 (0xfe2b54e3) bge     s6, sp, pc - 24
core   0: 3 0x80003fc0 (0xfe2b54e3)
core   0: 0x80003fc4 (0x02a288b3) mul     a7, t0, a0
core   0: 3 0x80003fc4 (0x02a288b3) x17 0x00000000
core   0: 0x80003fc8 (0x79467093) andi    ra, a2, 1940
core   0: 3 0x80003fc8 (0x79467093) x 1 0x00000494
core   0: 0x80003fcc (0xfc3310e3) bne     t1, gp, pc - 64
core   0: 3 0x80003fcc (0xfc3310e3)
core   0: 0x80003fd0 (0xa47da093) slti    ra, s11, -1465
core   0: 3 0x80003fd0 (0xa47da093) x 1 0x00000000
core   0: 0x80003fd4 (0x0000cf97) auipc   t6, 0xc
core   0: 3 0x80003fd4 (0x0000cf97) x31 0x8000ffd4
core   0: 0x80003fd8 (0x376f8f93) addi    t6, t6, 886
core   0: 3 0x80003fd8 (0x376f8f93) x31 0x8001034a
core   0: 0x80003fdc (0x01ef8e83) lb      t4, 30(t6)
core   0: 3 0x80003fdc (0x01ef8e83) x29 0x00000004 mem 0x80010368
core   0: 0x80003fe0 (0xfe8f9923) sh      s0, -14(t6)
core   0: 3 0x80003fe0 (0xfe8f9923) mem 0x8001033c 0x75e1
core   0: 0x80003fe4 (0x0001d897) auipc   a7, 0x1d
core   0: 3 0x80003fe4 (0x0001d897) x17 0x80020fe4
core   0: 0x80003fe8 (0xf3088893) addi    a7, a7, -208
core   0: 3 0x80003fe8 (0xf3088893) x17 0x80020f14
core   0: 0x80003fec (0xffa89783) lh      a5, -6(a7)
core   0: 3 0x80003fec (0xffa89783) x15 0xffff81d1 mem 0x80020f0e
core   0: 0x80003ff0 (0x00388683) lb      a3, 3(a7)
core   0: 3 0x80003ff0 (0x00388683) x13 0xffffff91 mem 0x80020f17
core   0: 0x80003ff4 (0x00f88983) lb      s3, 15(a7)
core   0: 3 0x80003ff4 (0x00f88983) x19 0xffffffe5 mem 0x80020f23
core   0: 0x80003ff8 (0xfedfcb03) lbu     s6, -19(t6)
core   0: 3 0x80003ff8 (0xfedfcb03) x22 0x00000095 mem 0x80010337
core   0: 0x80003ffc (0x005fc583) lbu     a1, 5(t6)
core   0: 3 0x80003ffc (0x005fc583) x11 0x0000006b mem 0x8001034f
core   0: 0x80004000 (0xff78c303) lbu     t1, -9(a7)
core   0: 3 0x80004000 (0xff78c303) x 6 0x000000ad mem 0x80020f0b
core   0: 0x80004004 (0x00689983) lh      s3, 6(a7)
core   0: 3 0x80004004 (0x00689983) x19 0xffffc2a5 mem 0x80020f1a
core   0: 0x80004008 (0xffbf8b23) sb      s11, -10(t6)
core   0: 3 0x80004008 (0xffbf8b23) mem 0x80010340 0x0
core   0: 0x8000400c (0xfe288ea3) sb      sp, -3(a7)
core   0: 3 0x8000400c (0xfe288ea3) mem 0x80020f11 0xf8
core   0: 0x80004010 (0xfd9f84a3) sb      s9, -55(t6)
core   0: 3 0x80004010 (0xfd9f84a3) mem 0x80010313 0x72
core   0: 0x80004014 (0xff6888a3) sb      s6, -15(a7)
core   0: 3 0x80004014 (0xff6888a3) mem 0x80020f05 0x95
core   0: 0x80004018 (0x0028c303) lbu     t1, 2(a7)
core   0: 3 0x80004018 (0x0028c303) x 6 0x00000015 mem 0x80020f16
core   0: 0x8000401c (0x0000d697) auipc   a3, 0xd
core   0: 3 0x8000401c (0x0000d697) x13 0x8001101c
core   0: 0x80004020 (0xe2468693) addi    a3, a3, -476
core   0: 3 0x80004020 (0xe2468693) x13 0x80010e40
core   0: 0x80004024 (0xfb36c283) lbu     t0, -77(a3)
core   0: 3 0x80004024 (0xfb36c283) x 5 0x00000039 mem 0x80010df3
core   0: 0x80004028 (0xfb368e03) lb      t3, -77(a3)
core   0: 3 0x80004028 (0xfb368e03) x28 0x00000039 mem 0x80010df3
core   0: 0x8000402c (0x415887b3) sub     a5, a7, s5
core   0: 3 0x8000402c (0x415887b3) x15 0xffffafee
core   0: 0x80004030 (0x000002d1) c.addi  t0, 20
core   0: 3 0x80004030 (0x02d1) x 5 0x0000004d
core   0: 0x80004032 (0xfa16cb03) lbu     s6, -95(a3)
core   0: 3 0x80004032 (0xfa16cb03) x22 0x000000db mem 0x80010de1
core   0: 0x80004036 (0x00168003) lb      zero, 1(a3)
core   0: 3 0x80004036 (0x00168003) mem 0x80010e41
core   0: 0x8000403a (0xf7b69723) sh      s11, -146(a3)
core   0: 3 0x8000403a (0xf7b69723) mem 0x80010dae 0xc000
core   0: 0x8000403e (0xf6e69083) lh      ra, -146(a3)
core   0: 3 0x8000403e (0xf6e69083) x 1 0xffffc000 mem 0x80010dae
core   0: 0x80004042 (0x00bc1293) slli    t0, s8, 11
core   0: 3 0x80004042 (0x00bc1293) x 5 0x0005c000
core   0: 0x80004046 (0x00e0d013) srli    zero, ra, 14
core   0: 3 0x80004046 (0x00e0d013)
core   0: 0x8000404a (0xf6e6ce03) lbu     t3, -146(a3)
core   0: 3 0x8000404a (0xf6e6ce03) x28 0x00000000 mem 0x80010dae
core   0: 0x8000404e (0xfcc6c003) lbu     zero, -52(a3)
core   0: 3 0x8000404e (0xfcc6c003) mem 0x80010e0c
core   0: 0x80004052 (0xfcc68603) lb      a2, -52(a3)
core   0: 3 0x80004052 (0xfcc68603) x12 0xffffffab mem 0x80010e0c
core   0: 0x80004056 (0x000001fd) c.addi  gp, 31
core   0: 3 0x80004056 (0x01fd) x 3 0x0000000e
core   0: 0x80004058 (0xfcc6c083) lbu     ra, -52(a3)
core   0: 3 0x80004058 (0xfcc6c083) x 1 0x000000ab mem 0x80010e0c
core   0: 0x8000405c (0xfd46a623) sw      s4, -52(a3)
core   0: 3 0x8000405c (0xfd46a623) mem 0x80010e0c 0x80000000
core   0: 0x80004060 (0xfc569623) sh      t0, -52(a3)
core   0: 3 0x80004060 (0xfc569623) mem 0x80010e0c 0xc000
core   0: 0x80004064 (0x03ff3fb3) mulhu   t6, t5, t6
core   0: 3 0x80004064 (0x03ff3fb3) x31 0x8000ffc6
core   0: 0x80004068 (0xfcc68083) lb      ra, -52(a3)
core   0: 3 0x80004068 (0xfcc68083) x 1 0x00000000 mem 0x80010e0c
core   0: 0x8000406c (0x00015e17) auipc   t3, 0x15
core   0: 3 0x8000406c (0x00015e17) x28 0x8001906c
core   0: 0x80004070 (0x9dbe0e13) addi    t3, t3, -1573
core   0: 3 0x80004070 (0x9dbe0e13) x28 0x80018a47
core   0: 0x80004074 (0x00016a97) auipc   s5, 0x16
core   0: 3 0x80004074 (0x00016a97) x21 0x8001a074
core   0: 0x80004078 (0x78ea8a93) addi    s5, s5, 1934
core   0: 3 0x80004078 (0x78ea8a93) x21 0x8001a802
core   0: 0x8000407c (0x00015717) auipc   a4, 0x15
core   0: 3 0x8000407c (0x00015717) x14 0x8001907c
core   0: 0x80004080 (0x07f70713) addi    a4, a4, 127
core   0: 3 0x80004080 (0x07f70713) x14 0x800190fb
core   0: 0x80004084 (0xf23e1b03) lh      s6, -221(t3)
core   0: 3 0x80004084 (0xf23e1b03) x22 0xffffdaf9 mem 0x8001896a
core   0: 0x80004088 (0x00015417) auipc   s0, 0x15
core   0: 3 0x80004088 (0x00015417) x 8 0x80019088
core   0: 0x8000408c (0x5b240413) addi    s0, s0, 1458
core   0: 3 0x8000408c (0x5b240413) x 8 0x8001963a
core   0: 0x80004090 (0xf2fa8183) lb      gp, -209(s5)
core   0: 3 0x80004090 (0xf2fa8183) x 3 0xffffffc8 mem 0x8001a731
core   0: 0x80004094 (0xf18e0e23) sb      s8, -228(t3)
core   0: 3 0x80004094 (0xf18e0e23) mem 0x80018963 0xb8
core   0: 0x80004098 (0xf54a9c03) lh      s8, -172(s5)
core   0: 3 0x80004098 (0xf54a9c03) x24 0x00002dfe mem 0x8001a756
core   0: 0x8000409c (0xfea74383) lbu     t2, -22(a4)
core   0: 3 0x8000409c (0xfea74383) x 7 0x000000f1 mem 0x800190e5
core   0: 0x800040a0 (0xf81e1103) lh      sp, -127(t3)
core   0: 3 0x800040a0 (0xf81e1103) x 2 0x00002bab mem 0x800189c8
core   0: 0x800040a4 (0x03045f03) lhu     t5, 48(s0)
core   0: 3 0x800040a4 (0x03045f03) x30 0x0000f636 mem 0x8001966a
core   0: 0x800040a8 (0x03575883) lhu     a7, 53(a4)
core   0: 3 0x800040a8 (0x03575883) x17 0x0000371a mem 0x80019130
core   0: 0x800040ac (0xfc071aa3) sh      zero, -43(a4)
core   0: 3 0x800040ac (0xfc071aa3) mem 0x800190d0 0x0000
core   0: 0x800040b0 (0xfd640583) lb      a1, -42(s0)
core   0: 3 0x800040b0 (0xfd640583) x11 0xffffff9c mem 0x80019610
core   0: 0x800040b4 (0xfb7a8683) lb      a3, -73(s5)
core   0: 3 0x800040b4 (0xfb7a8683) x13 0xffffffdd mem 0x8001a7b9
core   0: 0x800040b8 (0xfcf40783) lb      a5, -49(s0)
core   0: 3 0x800040b8 (0xfcf40783) x15 0x0000007c mem 0x80019609
core   0: 0x800040bc (0xf67e1183) lh      gp, -153(t3)
core   0: 3 0x800040bc (0xf67e1183) x 3 0xfffff769 mem 0x800189ae
core   0: 0x800040c0 (0x007acd03) lbu     s10, 7(s5)
core   0: 3 0x800040c0 (0x007acd03) x26 0x0000009a mem 0x8001a809
core   0: 0x800040c4 (0xff972b03) lw      s6, -7(a4)
core   0: 3 0x800040c4 (0xff972b03) x22 0x9b95ea8f mem 0x800190f4
core   0: 0x800040c8 (0x0a9a8e83) lb      t4, 169(s5)
core   0: 3 0x800040c8 (0x0a9a8e83) x29 0xffffffa2 mem 0x8001a8ab
core   0: 0x800040cc (0xfb8e4d03) lbu     s10, -72(t3)
core   0: 3 0x800040cc (0xfb8e4d03) x26 0x000000f9 mem 0x800189ff
core   0: 0x800040d0 (0xf77e0183) lb      gp, -137(t3)
core   0: 3 0x800040d0 (0xf77e0183) x 3 0x0000003e mem 0x800189be
core   0: 0x800040d4 (0x02b74103) lbu     sp, 43(a4)
core   0: 3 0x800040d4 (0x02b74103) x 2 0x000000b7 mem 0x80019126
core   0: 0x800040d8 (0xfece0183) lb      gp, -20(t3)
core   0: 3 0x800040d8 (0xfece0183) x 3 0xffffffbf mem 0x80018a33
core   0: 0x800040dc (0xf26e0523) sb      t1, -214(t3)
core   0: 3 0x800040dc (0xf26e0523) mem 0x80018971 0x15
core   0: 0x800040e0 (0xfdc74203) lbu     tp, -36(a4)
core   0: 3 0x800040e0 (0xfdc74203) x 4 0x000000a9 mem 0x800190d7
core   0: 0x800040e4 (0xfa7a8983) lb      s3, -89(s5)
core   0: 3 0x800040e4 (0xfa7a8983) x19 0xffffffb9 mem 0x8001a7a9
core   0: 0x800040e8 (0x01741a23) sh      s7, 20(s0)
core   0: 3 0x800040e8 (0x01741a23) mem 0x8001964e 0xfffc
core   0: 0x800040ec (0x0f1e17a3) sh      a7, 239(t3)
core   0: 3 0x800040ec (0x0f1e17a3) mem 0x80018b36 0x371a
core   0: 0x800040f0 (0x00f74c03) lbu     s8, 15(a4)
core   0: 3 0x800040f0 (0x00f74c03) x24 0x000000ea mem 0x8001910a
core   0: 0x800040f4 (0xf6fac883) lbu     a7, -145(s5)
core   0: 3 0x800040f4 (0xf6fac883) x17 0x00000086 mem 0x8001a771
core   0: 0x800040f8 (0x00274383) lbu     t2, 2(a4)
core   0: 3 0x800040f8 (0x00274383) x 7 0x00000078 mem 0x800190fd
core   0: 0x800040fc (0xfa8a8603) lb      a2, -88(s5)
core   0: 3 0x800040fc (0xfa8a8603) x12 0x0000003c mem 0x8001a7aa
core   0: 0x80004100 (0xf09a8e83) lb      t4, -247(s5)
core   0: 3 0x80004100 (0xf09a8e83) x29 0xffffffec mem 0x8001a70b
core   0: 0x80004104 (0xfdda8623) sb      t4, -52(s5)
core   0: 3 0x80004104 (0xfdda8623) mem 0x8001a7ce 0xec
core   0: 0x80004108 (0x02940da3) sb      s1, 59(s0)
core   0: 3 0x80004108 (0x02940da3) mem 0x80019675 0xe4
core   0: 0x8000410c (0x03dda3b3) mulhsu  t2, s11, t4
core   0: 3 0x8000410c (0x03dda3b3) x 7 0x0001bfff
core   0: 0x80004110 (0x0312bd33) mulhu   s10, t0, a7
core   0: 3 0x80004110 (0x0312bd33) x26 0x00000000
core   0: 0x80004114 (0x025fb933) mulhu   s2, t6, t0
core   0: 3 0x80004114 (0x025fb933) x18 0x0002e005
core   0: 0x80004118 (0x02d77933) remu    s2, a4, a3
core   0: 3 0x80004118 (0x02d77933) x18 0x800190fb
core   0: 0x8000411c (0x00008ba9) c.andi  a5, 10
core   0: 3 0x8000411c (0x8ba9) x15 0x00000008
core   0: 0x8000411e (0x037a4c33) div     s8, s4, s7
core   0: 3 0x8000411e (0x037a4c33) x24 0x20000000
core   0: 0x80004122 (0xa396bd13) sltiu   s10, a3, -1479
core   0: 3 0x80004122 (0xa396bd13) x26 0x00000000
core   0: 0x80004126 (0xd1da8c13) addi    s8, s5, -739
core   0: 3 0x80004126 (0xd1da8c13) x24 0x8001a51f
core   0: 0x8000412a (0x035f49b3) div     s3, t5, s5
core   0: 3 0x8000412a (0x035f49b3) x19 0x00000000
core   0: 0x8000412e (0x03f76c63) bltu    a4, t6, pc + 56
core   0: 3 0x8000412e (0x03f76c63)
core   0: 0x80004132 (0x00008d29) c.xor   a0, a0
core   0: 3 0x80004132 (0x8d29) x10 0x00000000
core   0: 0x80004134 (0x008d02b3) add     t0, s10, s0
core   0: 3 0x80004134 (0x008d02b3) x 5 0x8001963a
core   0: 0x80004138 (0x0000137d) c.addi  t1, -1
core   0: 3 0x80004138 (0x137d) x 6 0x00000014
core   0: 0x8000413a (0x41c6d933) sra     s2, a3, t3
core   0: 3 0x8000413a (0x41c6d933) x18 0xffffffff
core   0: 0x8000413e (0x01a2c1b3) xor     gp, t0, s10
core   0: 3 0x8000413e (0x01a2c1b3) x 3 0x8001963a
core   0: 0x80004142 (0x01dc7363) bgeu    s8, t4, pc + 6
core   0: 3 0x80004142 (0x01dc7363)
core   0: 0x80004146 (0x00000001) c.nop
core   0: 3 0x80004146 (0x0001)
core   0: 0x80004148 (0x02a36c63) bltu    t1, a0, pc + 56
core   0: 3 0x80004148 (0x02a36c63)
core   0: 0x8000414c (0x00008c25) c.xor   s0, s1
core   0: 3 0x8000414c (0x8c25) x 8 0x00030ade
core   0: 0x8000414e (0x01ed7433) and     s0, s10, t5
core   0: 3 0x8000414e (0x01ed7433) x 8 0x00000000
core   0: 0x80004152 (0x01664933) xor     s2, a2, s6
core   0: 3 0x80004152 (0x01664933) x18 0x9b95eab3
core   0: 0x80004156 (0x017a48b3) xor     a7, s4, s7
core   0: 3 0x80004156 (0x017a48b3) x17 0x7ffffffc
core   0: 0x8000415a (0x0000100f) fence.i
core   0: 3 0x8000415a (0x0000100f)
core   0: 0x8000415e (0xd2a5b593) sltiu   a1, a1, -726
core   0: 3 0x8000415e (0xd2a5b593) x11 0x00000000
core   0: 0x80004162 (0x014f7763) bgeu    t5, s4, pc + 14
core   0: 3 0x80004162 (0x014f7763)
core   0: 0x80004166 (0x01d39693) slli    a3, t2, 29
core   0: 3 0x80004166 (0x01d39693) x13 0xe0000000
core   0: 0x8000416a (0x03730f63) beq     t1, s7, pc + 62
core   0: 3 0x8000416a (0x03730f63)
core   0: 0x8000416e (0x0000e599) c.bnez  a1, pc + 14
core   0: 3 0x8000416e (0xe599)
core   0: 0x80004170 (0x0047c3b3) xor     t2, a5, tp
core   0: 3 0x80004170 (0x0047c3b3) x 7 0x000000a1
core   0: 0x80004174 (0x00342d33) slt     s10, s0, gp
core   0: 3 0x80004174 (0x00342d33) x26 0x00000000
core   0: 0x80004178 (0x01195e13) srli    t3, s2, 17
core   0: 3 0x80004178 (0x01195e13) x28 0x00004dca
core   0: 0x8000417c (0x037ab733) mulhu   a4, s5, s7
core   0: 3 0x8000417c (0x037ab733) x14 0x8001a7ff
core   0: 0x80004180 (0x033d1bb3) mulh    s7, s10, s3
core   0: 3 0x80004180 (0x033d1bb3) x23 0x00000000
core   0: 0x80004184 (0x40b350b3) sra     ra, t1, a1
core   0: 3 0x80004184 (0x40b350b3) x 1 0x00000014
core   0: 0x80004188 (0xf22a2f37) lui     t5, 0xf22a2
core   0: 3 0x80004188 (0xf22a2f37) x30 0xf22a2000
core   0: 0x8000418c (0x02b63033) mulhu   zero, a2, a1
core   0: 3 0x8000418c (0x02b63033)
core   0: 0x80004190 (0x0292f6b3) remu    a3, t0, s1
core   0: 3 0x80004190 (0x0292f6b3) x13 0x8001963a
core   0: 0x80004194 (0x0078afb3) slt     t6, a7, t2
core   0: 3 0x80004194 (0x0078afb3) x31 0x00000000
core   0: 0x80004198 (0x00008ea1) c.xor   a3, s0
core   0: 3 0x80004198 (0x8ea1) x13 0x8001963a
core   0: 0x8000419a (0x0000e289) c.bnez  a3, pc + 2
core   0: 3 0x8000419a (0xe289)
core   0: 0x8000419c (0x00000e62) c.slli  t3, 24
core   0: 3 0x8000419c (0x0e62) x28 0xca000000
core   0: 0x8000419e (0x000095a6) c.add   a1, s1
core   0: 3 0x8000419e (0x95a6) x11 0x80029ce4
core   0: 0x800041a0 (0x02acfc63) bgeu    s9, a0, pc + 56
core   0: 3 0x800041a0 (0x02acfc63)
core   0: 0x800041d8 (0x00008f52) c.mv    t5, s4
core   0: 3 0x800041d8 (0x8f52) x30 0x80000000
core   0: 0x800041da (0x419a52b3) sra     t0, s4, s9
core   0: 3 0x800041da (0x419a52b3) x 5 0xffffe000
core   0: 0x800041de (0x03dba233) mulhsu  tp, s7, t4
core   0: 3 0x800041de (0x03dba233) x 4 0x00000000
core   0: 0x800041e2 (0x00006149) c.addi16sp sp, 144
core   0: 3 0x800041e2 (0x6149) x 2 0x00000147
core   0: 0x800041e4 (0x2887c093) xori    ra, a5, 648
core   0: 3 0x800041e4 (0x2887c093) x 1 0x00000280
core   0: 0x800041e8 (0x02da2133) mulhsu  sp, s4, a3
core   0: 3 0x800041e8 (0x02da2133) x 2 0xbfff34e3
core   0: 0x800041ec (0xec1893b7) lui     t2, 0xec189
core   0: 3 0x800041ec (0xec1893b7) x 7 0xec189000
core   0: 0x800041f0 (0x00006ec5) c.lui   t4, 0x11
core   0: 3 0x800041f0 (0x6ec5) x29 0x00011000
core   0: 0x800041f2 (0x0000e705) c.bnez  a4, pc + 40
core   0: 3 0x800041f2 (0xe705)
core   0: 0x8000421a (0x0000100f) fence.i
core   0: 3 0x8000421a (0x0000100f)
core   0: 0x8000421e (0x00008e15) c.sub   a2, a3
core   0: 3 0x8000421e (0x8e15) x12 0x7ffe6a02
core   0: 0x80004220 (0x02de52b3) divu    t0, t3, a3
core   0: 3 0x80004220 (0x02de52b3) x 5 0x00000001
core   0: 0x80004224 (0x000083b5) c.srli  a5, 13
core   0: 3 0x80004224 (0x83b5) x15 0x00000000
core   0: 0x80004226 (0x00e13c33) sltu    s8, sp, a4
core   0: 3 0x80004226 (0x00e13c33) x24 0x00000000
core   0: 0x8000422a (0x000082e1) c.srli  a3, 24
core   0: 3 0x8000422a (0x82e1) x13 0x00000080
core   0: 0x8000422c (0x00009dfa) c.add   s11, t5
core   0: 3 0x8000422c (0x9dfa) x27 0x8001c000
core   0: 0x8000422e (0x00fce763) bltu    s9, a5, pc + 14
core   0: 3 0x8000422e (0x00fce763)
core   0: 0x80004232 (0x00000001) c.nop
core   0: 3 0x80004232 (0x0001)
core   0: 0x80004234 (0x00725993) srli    s3, tp, 7
core   0: 3 0x80004234 (0x00725993) x19 0x00000000
core   0: 0x80004238 (0x039bf8b3) remu    a7, s7, s9
core   0: 3 0x80004238 (0x039bf8b3) x17 0x00000000
core   0: 0x8000423c (0x0260aab3) mulhsu  s5, ra, t1
core   0: 3 0x8000423c (0x0260aab3) x21 0x00000000
core   0: 0x80004240 (0x036ac063) blt     s5, s6, pc + 32
core   0: 3 0x80004240 (0x036ac063)
core   0: 0x80004244 (0x00008ff1) c.and   a5, a2
core   0: 3 0x80004244 (0x8ff1) x15 0x00000000
core   0: 0x80004246 (0x03ffa633) mulhsu  a2, t6, t6
core   0: 3 0x80004246 (0x03ffa633) x12 0x00000000
core   0: 0x8000424a (0x0186d513) srli    a0, a3, 24
core   0: 3 0x8000424a (0x0186d513) x10 0x00000000
core   0: 0x8000424e (0xb7ccf413) andi    s0, s9, -1156
core   0: 3 0x8000424e (0xb7ccf413) x 8 0x00000070
core   0: 0x80004252 (0xad5a7c37) lui     s8, 0xad5a7
core   0: 3 0x80004252 (0xad5a7c37) x24 0xad5a7000
core   0: 0x80004256 (0x0316ae33) mulhsu  t3, a3, a7
core   0: 3 0x80004256 (0x0316ae33) x28 0x00000000
core   0: 0x8000425a (0x0000717d) c.addi16sp sp, -16
core   0: 3 0x8000425a (0x717d) x 2 0xbfff34d3
core   0: 0x8000425c (0x03cfdbb3) divu    s7, t6, t3
core   0: 3 0x8000425c (0x03cfdbb3) x23 0xffffffff
core   0: 0x80004260 (0x11b93213) sltiu   tp, s2, 283
core   0: 3 0x80004260 (0x11b93213) x 4 0x00000000
core   0: 0x80004264 (0x41bc0b33) sub     s6, s8, s11
core   0: 3 0x80004264 (0x41bc0b33) x22 0x2d58b000
core   0: 0x80004268 (0x00008305) c.srli  a4, 1
core   0: 3 0x80004268 (0x8305) x14 0x4000d3ff
core   0: 0x8000426a (0x02abbd33) mulhu   s10, s7, a0
core   0: 3 0x8000426a (0x02abbd33) x26 0x00000000
core   0: 0x8000426e (0x0000921e) c.add   tp, t2
core   0: 3 0x8000426e (0x921e) x 4 0xec189000
core   0: 0x80004270 (0x0ff0000f) fence   iorw,iorw
core   0: 3 0x80004270 (0x0ff0000f)
core   0: 0x80004274 (0x028349b3) div     s3, t1, s0
core   0: 3 0x80004274 (0x028349b3) x19 0x00000000
core   0: 0x80004278 (0x018cd293) srli    t0, s9, 24
core   0: 3 0x80004278 (0x018cd293) x 5 0x00000000
core   0: 0x8000427c (0x000087ad) c.srai  a5, 11
core   0: 3 0x8000427c (0x87ad) x15 0x00000000
core   0: 0x8000427e (0x673f0213) addi    tp, t5, 1651
core   0: 3 0x8000427e (0x673f0213) x 4 0x80000673
core   0: 0x80004282 (0x0000cd1d) c.beqz  a0, pc + 62
core   0: 3 0x80004282 (0xcd1d)
core   0: 0x800042c0 (0x01ef1013) slli    zero, t5, 30
core   0: 3 0x800042c0 (0x01ef1013)
core   0: 0x800042c4 (0x00008dd5) c.or    a1, a3
core   0: 3 0x800042c4 (0x8dd5) x11 0x80029ce4
core   0: 0x800042c6 (0x03735933) divu    s2, t1, s7
core   0: 3 0x800042c6 (0x03735933) x18 0x00000000
core   0: 0x800042ca (0x00008189) c.srli  a1, 2
core   0: 3 0x800042ca (0x8189) x11 0x2000a739
core   0: 0x800042cc (0x87de7593) andi    a1, t3, -1923
core   0: 3 0x800042cc (0x87de7593) x11 0x00000000
core   0: 0x800042d0 (0x0000626d) c.lui   tp, 0x1b
core   0: 3 0x800042d0 (0x626d) x 4 0x0001b000
core   0: 0x800042d2 (0x027fce63) blt     t6, t2, pc + 60
core   0: 3 0x800042d2 (0x027fce63)
core   0: 0x800042d6 (0xee9d4413) xori    s0, s10, -279
core   0: 3 0x800042d6 (0xee9d4413) x 8 0xfffffee9
core   0: 0x800042da (0x15222d93) slti    s11, tp, 338
core   0: 3 0x800042da (0x15222d93) x27 0x00000000
core   0: 0x800042de (0x2d706f13) ori     t5, zero, 727
core   0: 3 0x800042de (0x2d706f13) x30 0x000002d7
core   0: 0x800042e2 (0x41e6da93) srai    s5, a3, 30
core   0: 3 0x800042e2 (0x41e6da93) x21 0x00000000
core   0: 0x800042e6 (0x00000001) c.nop
core   0: 3 0x800042e6 (0x0001)
core   0: 0x800042e8 (0x00008235) c.srli  a2, 13
core   0: 3 0x800042e8 (0x8235) x12 0x00000000
core   0: 0x800042ea (0x0000100f) fence.i
core   0: 3 0x800042ea (0x0000100f)
core   0: 0x800042ee (0x0000717d) c.addi16sp sp, -16
core   0: 3 0x800042ee (0x717d) x 2 0xbfff34c3
core   0: 0x800042f0 (0x00005ffd) c.li    t6, -1
core   0: 3 0x800042f0 (0x5ffd) x31 0xffffffff
core   0: 0x800042f2 (0x0252e063) bltu    t0, t0, pc + 32
core   0: 3 0x800042f2 (0x0252e063)
core   0: 0x800042f6 (0x001058b3) srl     a7, zero, ra
core   0: 3 0x800042f6 (0x001058b3) x17 0x00000000
core   0: 0x800042fa (0x01b15c33) srl     s8, sp, s11
core   0: 3 0x800042fa (0x01b15c33) x24 0xbfff34c3
core   0: 0x800042fe (0xd2ecec93) ori     s9, s9, -722
core   0: 3 0x800042fe (0xd2ecec93) x25 0xfffffd7e
core   0: 0x80004302 (0x000089ca) c.mv    s3, s2
core   0: 3 0x80004302 (0x89ca) x19 0x00000000
core   0: 0x80004304 (0xdbb4bd37) lui     s10, 0xdbb4b
core   0: 3 0x80004304 (0xdbb4bd37) x26 0xdbb4b000
core   0: 0x80004308 (0x01d61db3) sll     s11, a2, t4
core   0: 3 0x80004308 (0x01d61db3) x27 0x00000000
core   0: 0x8000430c (0x00008ec9) c.or    a3, a0
core   0: 3 0x8000430c (0x8ec9) x13 0x00000080
core   0: 0x8000430e (0x0ff0000f) fence   iorw,iorw
core   0: 3 0x8000430e (0x0ff0000f)
core   0: 0x80004312 (0x00008e0d) c.sub   a2, a1
core   0: 3 0x80004312 (0x8e0d) x12 0x00000000
core   0: 0x80004314 (0x02cbbd33) mulhu   s10, s7, a2
core   0: 3 0x80004314 (0x02cbbd33) x26 0x00000000
core   0: 0x80004318 (0x00008d61) c.and   a0, s0
core   0: 3 0x80004318 (0x8d61) x10 0x00000000
core   0: 0x8000431a (0x00000f06) c.slli  t5, 1
core   0: 3 0x8000431a (0x0f06) x30 0x000005ae
core   0: 0x8000431c (0x0341bf33) mulhu   t5, gp, s4
core   0: 3 0x8000431c (0x0341bf33) x30 0x4000cb1d
core   0: 0x80004320 (0xd2498637) lui     a2, 0xd2498
core   0: 3 0x80004320 (0xd2498637) x12 0xd2498000
core   0: 0x80004324 (0x00854b33) xor     s6, a0, s0
core   0: 3 0x80004324 (0x00854b33) x22 0xfffffee9
core   0: 0x80004328 (0x000081ee) c.mv    gp, s11
core   0: 3 0x80004328 (0x81ee) x 3 0x00000000
core   0: 0x8000432a (0x413d07b3) sub     a5, s10, s3
core   0: 3 0x8000432a (0x413d07b3) x15 0x00000000
core   0: 0x8000432e (0x00008fa9) c.xor   a5, a0
core   0: 3 0x8000432e (0x8fa9) x15 0x00000000
core   0: 0x80004330 (0x02ee6133) rem     sp, t3, a4
core   0: 3 0x80004330 (0x02ee6133) x 2 0x00000000
core   0: 0x80004334 (0xe3bd7293) andi    t0, s10, -453
core   0: 3 0x80004334 (0xe3bd7293) x 5 0x00000000
core   0: 0x80004338 (0x01c61fb3) sll     t6, a2, t3
core   0: 3 0x80004338 (0x01c61fb3) x31 0xd2498000
core   0: 0x8000433c (0xf8de4793) xori    a5, t3, -115
core   0: 3 0x8000433c (0xf8de4793) x15 0xffffff8d
core   0: 0x80004340 (0x011f7863) bgeu    t5, a7, pc + 16
core   0: 3 0x80004340 (0x011f7863)
core   0: 0x80004350 (0xa8cba893) slti    a7, s7, -1396
core   0: 3 0x80004350 (0xa8cba893) x17 0x00000000
core   0: 0x80004354 (0x02724bb3) div     s7, tp, t2
core   0: 3 0x80004354 (0x02724bb3) x23 0x00000000
core   0: 0x80004358 (0x036030b3) mulhu   ra, zero, s6
core   0: 3 0x80004358 (0x036030b3) x 1 0x00000000
core   0: 0x8000435c (0x004c7133) and     sp, s8, tp
core   0: 3 0x8000435c (0x004c7133) x 2 0x00013000
core   0: 0x80004360 (0x035a7eb3) remu    t4, s4, s5
core   0: 3 0x80004360 (0x035a7eb3) x29 0x80000000
core   0: 0x80004364 (0x00009d3a) c.add   s10, a4
core   0: 3 0x80004364 (0x9d3a) x26 0x4000d3ff
core   0: 0x80004366 (0x88309c17) auipc   s8, 0x88309
core   0: 3 0x80004366 (0x88309c17) x24 0x0830d366
core   0: 0x8000436a (0x41d2d193) srai    gp, t0, 29
core   0: 3 0x8000436a (0x41d2d193) x 3 0x00000000
core   0: 0x8000436e (0x02d5f363) bgeu    a1, a3, pc + 38
core   0: 3 0x8000436e (0x02d5f363)
core   0: 0x80004372 (0x0ff0000f) fence   iorw,iorw
core   0: 3 0x80004372 (0x0ff0000f)
core   0: 0x80004376 (0x039649b3) div     s3, a2, s9
core   0: 3 0x80004376 (0x039649b3) x19 0x00123a6a
core   0: 0x8000437a (0x03a613b3) mulh    t2, a2, s10
core   0: 3 0x8000437a (0x03a613b3) x 7 0xf4923a25
core   0: 0x8000437e (0x00008449) c.srai  s0, 18
core   0: 3 0x8000437e (0x8449) x 8 0xffffffff
core   0: 0x80004380 (0x407ed913) srai    s2, t4, 7
core   0: 3 0x80004380 (0x407ed913) x18 0xff000000
core   0: 0x80004384 (0x00005f7d) c.li    t5, -1
core   0: 3 0x80004384 (0x5f7d) x30 0xffffffff
core   0: 0x80004386 (0x4161d793) srai    a5, gp, 22
core   0: 3 0x80004386 (0x4161d793) x15 0x00000000
core   0: 0x8000438a (0x00926263) bltu    tp, s1, pc + 4
core   0: 3 0x8000438a (0x00926263)
core   0: 0x8000438e (0x0000717d) c.addi16sp sp, -16
core   0: 3 0x8000438e (0x717d) x 2 0x00012ff0
core   0: 0x80004390 (0xe0ef8397) auipc   t2, 0xe0ef8
core   0: 3 0x80004390 (0xe0ef8397) x 7 0x60efc390
core   0: 0x80004394 (0x0000100f) fence.i
core   0: 3 0x80004394 (0x0000100f)
core   0: 0x80004398 (0x012f3e33) sltu    t3, t5, s2
core   0: 3 0x80004398 (0x012f3e33) x28 0x00000000
core   0: 0x8000439c (0x00006165) c.addi16sp sp, 112
core   0: 3 0x8000439c (0x6165) x 2 0x00013060
core   0: 0x8000439e (0x0000e019) c.bnez  s0, pc + 6
core   0: 3 0x8000439e (0xe019)
core   0: 0x800043a4 (0x035ccb63) blt     s9, s5, pc + 54
core   0: 3 0x800043a4 (0x035ccb63)
core   0: 0x800043da (0x01dc0963) beq     s8, t4, pc + 18
core   0: 3 0x800043da (0x01dc0963)
core   0: 0x800043de (0x40e00233) sub     tp, zero, a4
core   0: 3 0x800043de (0x40e00233) x 4 0xbfff2c01
core   0: 0x800043e2 (0x00008f3d) c.xor   a4, a5
core   0: 3 0x800043e2 (0x8f3d) x14 0x4000d3ff
core   0: 0x800043e4 (0x03d46bb3) rem     s7, s0, t4
core   0: 3 0x800043e4 (0x03d46bb3) x23 0xffffffff
core   0: 0x800043e8 (0xcac44d37) lui     s10, 0xcac44
core   0: 3 0x800043e8 (0xcac44d37) x26 0xcac44000
core   0: 0x800043ec (0x0000c185) c.beqz  a1, pc + 32
core   0: 3 0x800043ec (0xc185)
core   0: 0x8000440c (0x41fa5b33) sra     s6, s4, t6
core   0: 3 0x8000440c (0x41fa5b33) x22 0x80000000
core   0: 0x80004410 (0x0289f363) bgeu    s3, s0, pc + 38
core   0: 3 0x80004410 (0x0289f363)
core   0: 0x80004414 (0x8fa4c793) xori    a5, s1, -1798
core   0: 3 0x80004414 (0x8fa4c793) x15 0x7ffd641e
core   0: 0x80004418 (0x00afc263) blt     t6, a0, pc + 4
core   0: 3 0x80004418 (0x00afc263)
core   0: 0x8000441c (0x00000b56) c.slli  s6, 21
core   0: 3 0x8000441c (0x0b56) x22 0x00000000
core   0: 0x8000441e (0x00000001) c.nop
core   0: 3 0x8000441e (0x0001)
core   0: 0x80004420 (0x00319ab3) sll     s5, gp, gp
core   0: 3 0x80004420 (0x00319ab3) x21 0x00000000
core   0: 0x80004424 (0x00006e9d) c.lui   t4, 0x7
core   0: 3 0x80004424 (0x6e9d) x29 0x00007000
core   0: 0x80004426 (0x00006131) c.addi16sp sp, 320
core   0: 3 0x80004426 (0x6131) x 2 0x000131a0
core   0: 0x80004428 (0x0150cb63) blt     ra, s5, pc + 22
core   0: 3 0x80004428 (0x0150cb63)
core   0: 0x8000442c (0xbcb2ab13) slti    s6, t0, -1077
core   0: 3 0x8000442c (0xbcb2ab13) x22 0x00000000
core   0: 0x80004430 (0x010d9363) bne     s11, a6, pc + 6
core   0: 3 0x80004430 (0x010d9363)
core   0: 0x80004436 (0x00006175) c.addi16sp sp, 368
core   0: 3 0x80004436 (0x6175) x 2 0x00013310
core   0: 0x80004438 (0x1c182993) slti    s3, a6, 449
core   0: 3 0x80004438 (0x1c182993) x19 0x00000001
core   0: 0x8000443c (0x00000798) c.addi4spn a4, sp, 960
core   0: 3 0x8000443c (0x0798) x14 0x000136d0
core   0: 0x8000443e (0x6a02e613) ori     a2, t0, 1696
core   0: 3 0x8000443e (0x6a02e613) x12 0x000006a0
core   0: 0x80004442 (0x0035b333) sltu    t1, a1, gp
core   0: 3 0x80004442 (0x0035b333) x 6 0x00000000
core   0: 0x80004446 (0x0000100f) fence.i
core   0: 3 0x80004446 (0x0000100f)
core   0: 0x8000444a (0xc07d88b7) lui     a7, 0xc07d8
core   0: 3 0x8000444a (0xc07d88b7) x17 0xc07d8000
core   0: 0x8000444e (0x01e325b3) slt     a1, t1, t5
core   0: 3 0x8000444e (0x01e325b3) x11 0x00000000
core   0: 0x80004452 (0x02649033) mulh    zero, s1, t1
core   0: 3 0x80004452 (0x02649033)
core   0: 0x80004456 (0x013708b3) add     a7, a4, s3
core   0: 3 0x80004456 (0x013708b3) x17 0x000136d1
core   0: 0x8000445a (0x000099fd) c.andi  a1, -1
core   0: 3 0x8000445a (0x99fd) x11 0x00000000
core   0: 0x8000445c (0x0000012e) c.slli  sp, 11
core   0: 3 0x8000445c (0x012e) x 2 0x09988000
core   0: 0x8000445e (0x0000834e) c.mv    t1, s3
core   0: 3 0x8000445e (0x834e) x 6 0x00000001
core   0: 0x80004460 (0x4080deb3) sra     t4, ra, s0
core   0: 3 0x80004460 (0x4080deb3) x29 0x00000000
core   0: 0x80004464 (0x40d70933) sub     s2, a4, a3
core   0: 3 0x80004464 (0x40d70933) x18 0x00013650
core   0: 0x80004468 (0x00000001) c.nop
core   0: 3 0x80004468 (0x0001)
core   0: 0x8000446a (0x0000ee99) c.bnez  a3, pc + 30
core   0: 3 0x8000446a (0xee99)
core   0: 0x80004488 (0x0000e689) c.bnez  a3, pc + 10
core   0: 3 0x80004488 (0xe689)
core   0: 0x80004492 (0x024cfeb3) remu    t4, s9, tp
core   0: 3 0x80004492 (0x024cfeb3) x29 0x4000d17d
core   0: 0x80004496 (0x01b17a63) bgeu    sp, s11, pc + 20
core   0: 3 0x80004496 (0x01b17a63)
core   0: 0x800044aa (0x00008d01) c.sub   a0, s0
core   0: 3 0x800044aa (0x8d01) x10 0x00000001
core   0: 0x800044ac (0xced86613) ori     a2, a6, -787
core   0: 3 0x800044ac (0xced86613) x12 0xfffffeed
core   0: 0x800044b0 (0x5b13e013) ori     zero, t2, 1457
core   0: 3 0x800044b0 (0x5b13e013)
core   0: 0x800044b4 (0x003ddeb3) srl     t4, s11, gp
core   0: 3 0x800044b4 (0x003ddeb3) x29 0x00000000
core   0: 0x800044b8 (0x014c1193) slli    gp, s8, 20
core   0: 3 0x800044b8 (0x014c1193) x 3 0x36600000
core   0: 0x800044bc (0x05fa7063) bgeu    s4, t6, pc + 64
core   0: 3 0x800044bc (0x05fa7063)
core   0: 0x800044c0 (0x0075d5b3) srl     a1, a1, t2
core   0: 3 0x800044c0 (0x0075d5b3) x11 0x00000000
core   0: 0x800044c4 (0x412d8e33) sub     t3, s11, s2
core   0: 3 0x800044c4 (0x412d8e33) x28 0xfffec9b0
core   0: 0x800044c8 (0x00000c9c) c.addi4spn a5, sp, 592
core   0: 3 0x800044c8 (0x0c9c) x15 0x09988250
core   0: 0x800044ca (0x0000100f) fence.i
core   0: 3 0x800044ca (0x0000100f)
core   0: 0x800044ce (0x55b365b7) lui     a1, 0x55b36
core   0: 3 0x800044ce (0x55b365b7) x11 0x55b36000
core   0: 0x800044d2 (0x008cb633) sltu    a2, s9, s0
core   0: 3 0x800044d2 (0x008cb633) x12 0x00000001
core   0: 0x800044d6 (0x01d2d893) srli    a7, t0, 29
core   0: 3 0x800044d6 (0x01d2d893) x17 0x00000000
core   0: 0x800044da (0x00000001) c.nop
core   0: 3 0x800044da (0x0001)
core   0: 0x800044dc (0x020b7333) remu    t1, s6, zero
core   0: 3 0x800044dc (0x020b7333) x 6 0x00000000
core   0: 0x800044e0 (0x03454133) div     sp, a0, s4
core   0: 3 0x800044e0 (0x03454133) x 2 0x00000000
core   0: 0x800044e4 (0x5cda7d93) andi    s11, s4, 1485
core   0: 3 0x800044e4 (0x5cda7d93) x27 0x00000000
core   0: 0x800044e8 (0x03ce6f63) bltu    t3, t3, pc + 62
core   0: 3 0x800044e8 (0x03ce6f63)
core   0: 0x800044ec (0x030b9f63) bne     s7, a6, pc + 62
core   0: 3 0x800044ec (0x030b9f63)
core   0: 0x8000452a (0x000086c9) c.srai  a3, 18
core   0: 3 0x8000452a (0x86c9) x13 0x00000000
core   0: 0x8000452c (0x00008ef5) c.and   a3, a3
core   0: 3 0x8000452c (0x8ef5) x13 0x00000000
core   0: 0x8000452e (0x0106cb33) xor     s6, a3, a6
core   0: 3 0x8000452e (0x0106cb33) x22 0x80025e64
core   0: 0x80004532 (0x016f1713) slli    a4, t5, 22
core   0: 3 0x80004532 (0x016f1713) x14 0xffc00000
core   0: 0x80004536 (0x00006231) c.lui   tp, 0xc
core   0: 3 0x80004536 (0x6231) x 4 0x0000c000
core   0: 0x80004538 (0x0093e263) bltu    t2, s1, pc + 4
core   0: 3 0x80004538 (0x0093e263)
core   0: 0x8000453c (0x01b6a8b3) slt     a7, a3, s11
core   0: 3 0x8000453c (0x01b6a8b3) x17 0x00000000
core   0: 0x80004540 (0x02d50713) addi    a4, a0, 45
core   0: 3 0x80004540 (0x02d50713) x14 0x0000002e
core   0: 0x80004544 (0x9cf1b193) sltiu   gp, gp, -1585
core   0: 3 0x80004544 (0x9cf1b193) x 3 0x00000001
core   0: 0x80004548 (0x011b8433) add     s0, s7, a7
core   0: 3 0x80004548 (0x011b8433) x 8 0xffffffff
core   0: 0x8000454c (0x017a6fb3) or      t6, s4, s7
core   0: 3 0x8000454c (0x017a6fb3) x31 0xffffffff
core   0: 0x80004550 (0x004a0763) beq     s4, tp, pc + 14
core   0: 3 0x80004550 (0x004a0763)
core   0: 0x80004554 (0x00008321) c.srli  a4, 8
core   0: 3 0x80004554 (0x8321) x14 0x00000000
core   0: 0x80004556 (0x031decb3) rem     s9, s11, a7
core   0: 3 0x80004556 (0x031decb3) x25 0x00000000
core   0: 0x8000455a (0x016141b3) xor     gp, sp, s6
core   0: 3 0x8000455a (0x016141b3) x 3 0x80025e64
core   0: 0x8000455e (0x00008471) c.srai  s0, 28
core   0: 3 0x8000455e (0x8471) x 8 0xffffffff
core   0: 0x80004560 (0x03229b63) bne     t0, s2, pc + 54
core   0: 3 0x80004560 (0x03229b63)
core   0: 0x80004596 (0x00004c79) c.li    s8, 30
core   0: 3 0x80004596 (0x4c79) x24 0x0000001e
core   0: 0x80004598 (0x01c71c63) bne     a4, t3, pc + 24
core   0: 3 0x80004598 (0x01c71c63)
core   0: 0x800045b0 (0x00008ead) c.xor   a3, a1
core   0: 3 0x800045b0 (0x8ead) x13 0x55b36000
core   0: 0x800045b2 (0x01bcee33) or      t3, s9, s11
core   0: 3 0x800045b2 (0x01bcee33) x28 0x00000000
core   0: 0x800045b6 (0x0000100f) fence.i
core   0: 3 0x800045b6 (0x0000100f)
core   0: 0x800045ba (0x03fed563) bge     t4, t6, pc + 42
core   0: 3 0x800045ba (0x03fed563)
core   0: 0x800045e4 (0xcf664f97) auipc   t6, 0xcf664
core   0: 3 0x800045e4 (0xcf664f97) x31 0x4f6685e4
core   0: 0x800045e8 (0x00008321) c.srli  a4, 8
core   0: 3 0x800045e8 (0x8321) x14 0x00000000
core   0: 0x800045ea (0x018d52b3) srl     t0, s10, s8
core   0: 3 0x800045ea (0x018d52b3) x 5 0x00000003
core   0: 0x800045ee (0x01206333) or      t1, zero, s2
core   0: 3 0x800045ee (0x01206333) x 6 0x00013650
core   0: 0x800045f2 (0x417d5b93) srai    s7, s10, 23
core   0: 3 0x800045f2 (0x417d5b93) x23 0xffffff95
core   0: 0x800045f6 (0x414c57b3) sra     a5, s8, s4
core   0: 3 0x800045f6 (0x414c57b3) x15 0x0000001e
core   0: 0x800045fa (0x00008949) c.andi  a0, 18
core   0: 3 0x800045fa (0x8949) x10 0x00000000
core   0: 0x800045fc (0x00000d80) c.addi4spn s0, sp, 720
core   0: 3 0x800045fc (0x0d80) x 8 0x000002d0
core   0: 0x800045fe (0xa6f5ac93) slti    s9, a1, -1425
core   0: 3 0x800045fe (0xa6f5ac93) x25 0x00000000
core   0: 0x80004602 (0xd2a8e937) lui     s2, 0xd2a8e
core   0: 3 0x80004602 (0xd2a8e937) x18 0xd2a8e000
core   0: 0x80004606 (0x01326ab3) or      s5, tp, s3
core   0: 3 0x80004606 (0x01326ab3) x21 0x0000c001
core   0: 0x8000460a (0x019b5b93) srli    s7, s6, 25
core   0: 3 0x8000460a (0x019b5b93) x23 0x00000040
core   0: 0x8000460e (0x00008539) c.srai  a0, 14
core   0: 3 0x8000460e (0x8539) x10 0x00000000
core   0: 0x80004610 (0x50223093) sltiu   ra, tp, 1282
core   0: 3 0x80004610 (0x50223093) x 1 0x00000000
core   0: 0x80004614 (0x010c9d93) slli    s11, s9, 16
core   0: 3 0x80004614 (0x010c9d93) x27 0x00000000
core   0: 0x80004618 (0x0975c013) xori    zero, a1, 151
core   0: 3 0x80004618 (0x0975c013)
core   0: 0x8000461c (0x031c6863) bltu    s8, a7, pc + 48
core   0: 3 0x8000461c (0x031c6863)
core   0: 0x80004620 (0x02f9ce33) div     t3, s3, a5
core   0: 3 0x80004620 (0x02f9ce33) x28 0x00000000
core   0: 0x80004624 (0x0000614d) c.addi16sp sp, 176
core   0: 3 0x80004624 (0x614d) x 2 0x000000b0
core   0: 0x80004626 (0x02f8de33) divu    t3, a7, a5
core   0: 3 0x80004626 (0x02f8de33) x28 0x00000000
core   0: 0x8000462a (0x40d40997) auipc   s3, 0x40d40
core   0: 3 0x8000462a (0x40d40997) x19 0xc0d4462a
core   0: 0x8000462e (0x00005dfd) c.li    s11, -1
core   0: 3 0x8000462e (0x5dfd) x27 0xffffffff
core   0: 0x80004630 (0x1a7f6893) ori     a7, t5, 423
core   0: 3 0x80004630 (0x1a7f6893) x17 0xffffffff
core   0: 0x80004634 (0x02f1e263) bltu    gp, a5, pc + 36
core   0: 3 0x80004634 (0x02f1e263)
core   0: 0x80004638 (0x01368e33) add     t3, a3, s3
core   0: 3 0x80004638 (0x01368e33) x28 0x1687a62a
core   0: 0x8000463c (0x00009aa6) c.add   s5, s1
core   0: 3 0x8000463c (0x9aa6) x21 0x80035ce5
core   0: 0x8000463e (0x00001488) c.addi4spn a0, sp, 608
core   0: 3 0x8000463e (0x1488) x10 0x00000310
core   0: 0x80004640 (0x00000b4e) c.slli  s6, 19
core   0: 3 0x80004640 (0x0b4e) x22 0xf3200000
core   0: 0x80004642 (0x000081a9) c.srli  a1, 10
core   0: 3 0x80004642 (0x81a9) x11 0x00156cd8
core   0: 0x80004644 (0x00ffd733) srl     a4, t6, a5
core   0: 3 0x80004644 (0x00ffd733) x14 0x00000001
core   0: 0x80004648 (0x0000e009) c.bnez  s0, pc + 2
core   0: 3 0x80004648 (0xe009)
core   0: 0x8000464a (0x00006139) c.addi16sp sp, 448
core   0: 3 0x8000464a (0x6139) x 2 0x00000270
core   0: 0x8000464c (0x0ff0000f) fence   iorw,iorw
core   0: 3 0x8000464c (0x0ff0000f)
core   0: 0x80004650 (0x0142e2b3) or      t0, t0, s4
core   0: 3 0x80004650 (0x0142e2b3) x 5 0x80000003
core   0: 0x80004654 (0x0000100f) fence.i
core   0: 3 0x80004654 (0x0000100f)
core   0: 0x80004658 (0x00008d11) c.sub   a0, a2
core   0: 3 0x80004658 (0x8d11) x10 0x0000030f
core   0: 0x8000465a (0x00603c33) snez    s8, t1
core   0: 3 0x8000465a (0x00603c33) x24 0x00000001
core   0: 0x8000465e (0x00004ca9) c.li    s9, 10
core   0: 3 0x8000465e (0x4ca9) x25 0x0000000a
core   0: 0x80004660 (0x01dee133) or      sp, t4, t4
core   0: 3 0x80004660 (0x01dee133) x 2 0x00000000
core   0: 0x80004664 (0x02062033) mulhsu  zero, a2, zero
core   0: 3 0x80004664 (0x02062033)
core   0: 0x80004668 (0x00000001) c.nop
core   0: 3 0x80004668 (0x0001)
core   0: 0x8000466a (0x00180b33) add     s6, a6, ra
core   0: 3 0x8000466a (0x00180b33) x22 0x80025e64
core   0: 0x8000466e (0x00008655) c.srai  a2, 21
core   0: 3 0x8000466e (0x8655) x12 0x00000000
core   0: 0x80004670 (0x001403b3) add     t2, s0, ra
core   0: 3 0x80004670 (0x001403b3) x 7 0x000002d0
core   0: 0x80004674 (0x40a55313) srai    t1, a0, 10
core   0: 3 0x80004674 (0x40a55313) x 6 0x00000000
core   0: 0x80004678 (0x5a174197) auipc   gp, 0x5a174
core   0: 3 0x80004678 (0x5a174197) x 3 0xda178678
core   0: 0x8000467c (0x4d769917) auipc   s2, 0x4d769
core   0: 3 0x8000467c (0x4d769917) x18 0xcd76d67c
core   0: 0x80004680 (0x00008151) c.srli  a0, 20
core   0: 3 0x80004680 (0x8151) x10 0x00000000
core   0: 0x80004682 (0x004e5593) srli    a1, t3, 4
core   0: 3 0x80004682 (0x004e5593) x11 0x01687a62
core   0: 0x80004686 (0x73130037) lui     zero, 0x73130
core   0: 3 0x80004686 (0x73130037)
core   0: 0x8000468a (0x001c9733) sll     a4, s9, ra
core   0: 3 0x8000468a (0x001c9733) x14 0x0000000a
core   0: 0x8000468e (0xc0d08d13) addi    s10, ra, -1011
core   0: 3 0x8000468e (0xc0d08d13) x26 0xfffffc0d
core   0: 0x80004692 (0x0000933e) c.add   t1, a5
core   0: 3 0x80004692 (0x933e) x 6 0x0000001e
core   0: 0x80004694 (0x00008e8d) c.sub   a3, a1
core   0: 3 0x80004694 (0x8e8d) x13 0x544ae59e
core   0: 0x80004696 (0x0219cbb3) div     s7, s3, ra
core   0: 3 0x80004696 (0x0219cbb3) x23 0xffffffff
core   0: 0x8000469a (0x001f5633) srl     a2, t5, ra
core   0: 3 0x8000469a (0x001f5633) x12 0xffffffff
core   0: 0x8000469e (0x00008949) c.andi  a0, 18
core   0: 3 0x8000469e (0x8949) x10 0x00000000
core   0: 0x800046a0 (0x0317e433) rem     s0, a5, a7
core   0: 3 0x800046a0 (0x0317e433) x 8 0x00000000
core   0: 0x800046a4 (0x03aacd63) blt     s5, s10, pc + 58
core   0: 3 0x800046a4 (0x03aacd63)
core   0: 0x800046de (0x01f59013) slli    zero, a1, 31
core   0: 3 0x800046de (0x01f59013)
core   0: 0x800046e2 (0x00c3c933) xor     s2, t2, a2
core   0: 3 0x800046e2 (0x00c3c933) x18 0xfffffd2f
core   0: 0x800046e6 (0x026d1633) mulh    a2, s10, t1
core   0: 3 0x800046e6 (0x026d1633) x12 0xffffffff
core   0: 0x800046ea (0x029987b3) mul     a5, s3, s1
core   0: 3 0x800046ea (0x029987b3) x15 0xa4241568
core   0: 0x800046ee (0x00008f79) c.and   a4, a4
core   0: 3 0x800046ee (0x8f79) x14 0x0000000a
core   0: 0x800046f0 (0xeb77e213) ori     tp, a5, -329
core   0: 3 0x800046f0 (0xeb77e213) x 4 0xffffffff
core   0: 0x800046f4 (0xe96d4513) xori    a0, s10, -362
core   0: 3 0x800046f4 (0xe96d4513) x10 0x0000029b
core   0: 0x800046f8 (0x00986e33) or      t3, a6, s1
core   0: 3 0x800046f8 (0x00986e33) x28 0x8002dee4
core   0: 0x800046fc (0x41d60cb3) sub     s9, a2, t4
core   0: 3 0x800046fc (0x41d60cb3) x25 0xffffffff
core   0: 0x80004700 (0x02611863) bne     sp, t1, pc + 48
core   0: 3 0x80004700 (0x02611863)
core   0: 0x80004730 (0x01437d33) and     s10, t1, s4
core   0: 3 0x80004730 (0x01437d33) x26 0x00000000
core   0: 0x80004734 (0x00000001) c.nop
core   0: 3 0x80004734 (0x0001)
core   0: 0x80004736 (0x03014eb3) div     t4, sp, a6
core   0: 3 0x80004736 (0x03014eb3) x29 0x00000000
core   0: 0x8000473a (0x0000597d) c.li    s2, -1
core   0: 3 0x8000473a (0x597d) x18 0xffffffff
core   0: 0x8000473c (0x0000197d) c.addi  s2, -1
core   0: 3 0x8000473c (0x197d) x18 0xfffffffe
core   0: 0x8000473e (0x00008f59) c.or    a4, a4
core   0: 3 0x8000473e (0x8f59) x14 0x0000000a
core   0: 0x80004740 (0x0000100f) fence.i
core   0: 3 0x80004740 (0x0000100f)
core   0: 0x80004744 (0xc97b8e13) addi    t3, s7, -873
core   0: 3 0x80004744 (0xc97b8e13) x28 0xfffffc96
core   0: 0x80004748 (0x09477b63) bgeu    a4, s4, pc + 150
core   0: 3 0x80004748 (0x09477b63)
core   0: 0x8000474c (0x03cf23b3) mulhsu  t2, t5, t3
core   0: 3 0x8000474c (0x03cf23b3) x 7 0xffffffff
core   0: 0x80004750 (0x41570f33) sub     t5, a4, s5
core   0: 3 0x80004750 (0x41570f33) x30 0x7ffca325
core   0: 0x80004754 (0x00000001) c.nop
core   0: 3 0x80004754 (0x0001)
core   0: 0x80004756 (0x0000e5a5) c.bnez  a1, pc + 104
core   0: 3 0x80004756 (0xe5a5)
core   0: 0x800047be (0x01841463) bne     s0, s8, pc + 8
core   0: 3 0x800047be (0x01841463)
core   0: 0x800047c6 (0x00008fc5) c.or    a5, s1
core   0: 3 0x800047c6 (0x8fc5) x15 0xa4269dec
core   0: 0x800047c8 (0xd3536c13) ori     s8, t1, -715
core   0: 3 0x800047c8 (0xd3536c13) x24 0xfffffd3f
core   0: 0x800047cc (0x000082c9) c.srli  a3, 18
core   0: 3 0x800047cc (0x82c9) x13 0x00001512
core   0: 0x800047ce (0x00008f01) c.sub   a4, s0
core   0: 3 0x800047ce (0x8f01) x14 0x0000000a
core   0: 0x800047d0 (0x01a7f9b3) and     s3, a5, s10
core   0: 3 0x800047d0 (0x01a7f9b3) x19 0x00000000
core   0: 0x800047d4 (0x01653933) sltu    s2, a0, s6
core   0: 3 0x800047d4 (0x01653933) x18 0x00000001
core   0: 0x800047d8 (0x00000001) c.nop
core   0: 3 0x800047d8 (0x0001)
core   0: 0x800047da (0x00145733) srl     a4, s0, ra
core   0: 3 0x800047da (0x00145733) x14 0x00000000
core   0: 0x800047de (0x01a54433) xor     s0, a0, s10
core   0: 3 0x800047de (0x01a54433) x 8 0x0000029b
core   0: 0x800047e2 (0x030eeab3) rem     s5, t4, a6
core   0: 3 0x800047e2 (0x030eeab3) x21 0x00000000
core   0: 0x800047e6 (0x008f19b3) sll     s3, t5, s0
core   0: 3 0x800047e6 (0x008f19b3) x19 0x28000000
core   0: 0x800047ea (0x0000091c) c.addi4spn a5, sp, 144
core   0: 3 0x800047ea (0x091c) x15 0x00000090
core   0: 0x800047ec (0x4067d0b3) sra     ra, a5, t1
core   0: 3 0x800047ec (0x4067d0b3) x 1 0x00000000
core   0: 0x800047f0 (0x0274df63) bge     s1, t2, pc + 62
core   0: 3 0x800047f0 (0x0274df63)
core   0: 0x800047f4 (0x02980e33) mul     t3, a6, s1
core   0: 3 0x800047f4 (0x02980e33) x28 0x30690110
core   0: 0x800047f8 (0x0000c389) c.beqz  a5, pc + 2
core   0: 3 0x800047f8 (0xc389)
core   0: 0x800047fa (0x00008225) c.srli  a2, 9
core   0: 3 0x800047fa (0x8225) x12 0x007fffff
core   0: 0x800047fc (0x002ddb93) srli    s7, s11, 2
core   0: 3 0x800047fc (0x002ddb93) x23 0x3fffffff
core   0: 0x80004800 (0x023ce733) rem     a4, s9, gp
core   0: 3 0x80004800 (0x023ce733) x14 0xffffffff
core   0: 0x80004804 (0x13c92b93) slti    s7, s2, 316
core   0: 3 0x80004804 (0x13c92b93) x23 0x00000001
core   0: 0x80004808 (0x02efcc33) div     s8, t6, a4
core   0: 3 0x80004808 (0x02efcc33) x24 0xb0997a1c
core   0: 0x8000480c (0xe937ef37) lui     t5, 0xe937e
core   0: 3 0x8000480c (0xe937ef37) x30 0xe937e000
core   0: 0x80004810 (0x0000100f) fence.i
core   0: 3 0x80004810 (0x0000100f)
core   0: 0x80004814 (0x034152b3) divu    t0, sp, s4
core   0: 3 0x80004814 (0x034152b3) x 5 0x00000000
core   0: 0x80004818 (0x41d607b3) sub     a5, a2, t4
core   0: 3 0x80004818 (0x41d607b3) x15 0x007fffff
core   0: 0x8000481c (0xeff99ab7) lui     s5, 0xeff99
core   0: 3 0x8000481c (0xeff99ab7) x21 0xeff99000
core   0: 0x80004820 (0x00009bf6) c.add   s7, t4
core   0: 3 0x80004820 (0x9bf6) x23 0x00000001
core   0: 0x80004822 (0x0299ffb3) remu    t6, s3, s1
core   0: 3 0x80004822 (0x0299ffb3) x31 0x28000000
core   0: 0x80004826 (0x01b2beb3) sltu    t4, t0, s11
core   0: 3 0x80004826 (0x01b2beb3) x29 0x00000001
core   0: 0x8000482a (0x00d84563) blt     a6, a3, pc + 10
core   0: 3 0x8000482a (0x00d84563)
core   0: 0x80004834 (0x01736fb3) or      t6, t1, s7
core   0: 3 0x80004834 (0x01736fb3) x31 0x0000001f
core   0: 0x80004838 (0x01ff8463) beq     t6, t6, pc + 8
core   0: 3 0x80004838 (0x01ff8463)
core   0: 0x80004840 (0x4a46c9b7) lui     s3, 0x4a46c
core   0: 3 0x80004840 (0x4a46c9b7) x19 0x4a46c000
core   0: 0x80004844 (0xf0247f37) lui     t5, 0xf0247
core   0: 3 0x80004844 (0xf0247f37) x30 0xf0247000
core   0: 0x80004848 (0x00006161) c.addi16sp sp, 80
core   0: 3 0x80004848 (0x6161) x 2 0x00000050
core   0: 0x8000484a (0x01fbdeb3) srl     t4, s7, t6
core   0: 3 0x8000484a (0x01fbdeb3) x29 0x00000000
core   0: 0x8000484e (0x025d0863) beq     s10, t0, pc + 48
core   0: 3 0x8000484e (0x025d0863)
core   0: 0x8000487e (0x020bc1b3) div     gp, s7, zero
core   0: 3 0x8000487e (0x020bc1b3) x 3 0xffffffff
core   0: 0x80004882 (0x0020d1b3) srl     gp, ra, sp
core   0: 3 0x80004882 (0x0020d1b3) x 3 0x00000000
core   0: 0x80004886 (0xb86e2617) auipc   a2, 0xb86e2
core   0: 3 0x80004886 (0xb86e2617) x12 0x386e6886
core   0: 0x8000488a (0x028bc1b3) div     gp, s7, s0
core   0: 3 0x8000488a (0x028bc1b3) x 3 0x00000000
core   0: 0x8000488e (0x035e7db3) remu    s11, t3, s5
core   0: 3 0x8000488e (0x035e7db3) x27 0x30690110
core   0: 0x80004892 (0x00008dc9) c.or    a1, a0
core   0: 3 0x80004892 (0x8dc9) x11 0x01687afb
core   0: 0x80004894 (0x00000001) c.nop
core   0: 3 0x80004894 (0x0001)
core   0: 0x80004896 (0x00412ab3) slt     s5, sp, tp
core   0: 3 0x80004896 (0x00412ab3) x21 0x00000000
core   0: 0x8000489a (0x014f9b33) sll     s6, t6, s4
core   0: 3 0x8000489a (0x014f9b33) x22 0x0000001f
core   0: 0x8000489e (0x404e5f13) srai    t5, t3, 4
core   0: 3 0x8000489e (0x404e5f13) x30 0x03069011
core   0: 0x800048a2 (0xdbef8c93) addi    s9, t6, -578
core   0: 3 0x800048a2 (0xdbef8c93) x25 0xfffffddd
core   0: 0x800048a6 (0x34d2a293) slti    t0, t0, 845
core   0: 3 0x800048a6 (0x34d2a293) x 5 0x00000001
core   0: 0x800048aa (0x00006599) c.lui   a1, 0x6
core   0: 3 0x800048aa (0x6599) x11 0x00006000
core   0: 0x800048ac (0x622dc393) xori    t2, s11, 1570
core   0: 3 0x800048ac (0x622dc393) x 7 0x30690732
core   0: 0x800048b0 (0x00f44233) xor     tp, s0, a5
core   0: 3 0x800048b0 (0x00f44233) x 4 0x007ffd64
core   0: 0x800048b4 (0x9a60b613) sltiu   a2, ra, -1626
core   0: 3 0x800048b4 (0x9a60b613) x12 0x00000001
core   0: 0x800048b8 (0x0000717d) c.addi16sp sp, -16
core   0: 3 0x800048b8 (0x717d) x 2 0x00000040
core   0: 0x800048ba (0x0000e221) c.bnez  a2, pc + 64
core   0: 3 0x800048ba (0xe221)
core   0: 0x800048fa (0x03494433) div     s0, s2, s4
core   0: 3 0x800048fa (0x03494433) x 8 0x00000000
core   0: 0x800048fe (0xdd47bf93) sltiu   t6, a5, -556
core   0: 3 0x800048fe (0xdd47bf93) x31 0x00000001
core   0: 0x80004902 (0x035f6163) bltu    t5, s5, pc + 34
core   0: 3 0x80004902 (0x035f6163)
core   0: 0x80004906 (0x1a96f793) andi    a5, a3, 425
core   0: 3 0x80004906 (0x1a96f793) x15 0x00000100
core   0: 0x8000490a (0x00001c9c) c.addi4spn a5, sp, 624
core   0: 3 0x8000490a (0x1c9c) x15 0x000002b0
core   0: 0x8000490c (0x012d4263) blt     s10, s2, pc + 4
core   0: 3 0x8000490c (0x012d4263)
core   0: 0x80004910 (0xa7d4b913) sltiu   s2, s1, -1411
core   0: 3 0x80004910 (0xa7d4b913) x18 0x00000001
core   0: 0x80004914 (0x0027b8b3) sltu    a7, a5, sp
core   0: 3 0x80004914 (0x0027b8b3) x17 0x00000000
core   0: 0x80004918 (0x008ec633) xor     a2, t4, s0
core   0: 3 0x80004918 (0x008ec633) x12 0x00000000
core   0: 0x8000491c (0x01d3b533) sltu    a0, t2, t4
core   0: 3 0x8000491c (0x01d3b533) x10 0x00000000
core   0: 0x80004920 (0x41925193) srai    gp, tp, 25
core   0: 3 0x80004920 (0x41925193) x 3 0x00000000
core   0: 0x80004924 (0x00008565) c.srai  a0, 25
core   0: 3 0x80004924 (0x8565) x10 0x00000000
core   0: 0x80004926 (0x01684763) blt     a6, s6, pc + 14
core   0: 3 0x80004926 (0x01684763)
core   0: 0x80004934 (0x45931797) auipc   a5, 0x45931
core   0: 3 0x80004934 (0x45931797) x15 0xc5935934
core   0: 0x80004938 (0x019c40b3) xor     ra, s8, s9
core   0: 3 0x80004938 (0x019c40b3) x 1 0x4f6687c1
core   0: 0x8000493c (0x00006c91) c.lui   s9, 0x4
core   0: 3 0x8000493c (0x6c91) x25 0x00004000
core   0: 0x8000493e (0x8d242893) slti    a7, s0, -1838
core   0: 3 0x8000493e (0x8d242893) x17 0x00000000
core   0: 0x80004942 (0x00009fca) c.add   t6, s2
core   0: 3 0x80004942 (0x9fca) x31 0x00000002
core   0: 0x80004944 (0x00000001) c.nop
core   0: 3 0x80004944 (0x0001)
core   0: 0x80004946 (0x0345f8b3) remu    a7, a1, s4
core   0: 3 0x80004946 (0x0345f8b3) x17 0x00006000
core   0: 0x8000494a (0x4115d213) srai    tp, a1, 17
core   0: 3 0x8000494a (0x4115d213) x 4 0x00000000
core   0: 0x8000494e (0x902b8993) addi    s3, s7, -1790
core   0: 3 0x8000494e (0x902b8993) x19 0xfffff903
core   0: 0x80004952 (0x03a34333) div     t1, t1, s10
core   0: 3 0x80004952 (0x03a34333) x 6 0xffffffff
core   0: 0x80004956 (0x0ff0000f) fence   iorw,iorw
core   0: 3 0x80004956 (0x0ff0000f)
core   0: 0x8000495a (0xebad8513) addi    a0, s11, -326
core   0: 3 0x8000495a (0xebad8513) x10 0x3068ffca
core   0: 0x8000495e (0x022ff9b3) remu    s3, t6, sp
core   0: 3 0x8000495e (0x022ff9b3) x19 0x00000002
core   0: 0x80004962 (0x02fcc133) div     sp, s9, a5
core   0: 3 0x80004962 (0x02fcc133) x 2 0x00000000
core   0: 0x80004966 (0x000089d5) c.andi  a1, 21
core   0: 3 0x80004966 (0x89d5) x11 0x00000000
core   0: 0x80004968 (0x00008c9a) c.mv    s9, t1
core   0: 3 0x80004968 (0x8c9a) x25 0xffffffff
core   0: 0x8000496a (0x72f54ab7) lui     s5, 0x72f54
core   0: 3 0x8000496a (0x72f54ab7) x21 0x72f54000
core   0: 0x8000496e (0x00008f69) c.and   a4, a0
core   0: 3 0x8000496e (0x8f69) x14 0x3068ffca
core   0: 0x80004970 (0x0000e009) c.bnez  s0, pc + 2
core   0: 3 0x80004970 (0xe009)
core   0: 0x80004972 (0xb5e47793) andi    a5, s0, -1186
core   0: 3 0x80004972 (0xb5e47793) x15 0x00000000
core   0: 0x80004976 (0x01871f13) slli    t5, a4, 24
core   0: 3 0x80004976 (0x01871f13) x30 0xca000000
core   0: 0x8000497a (0x01be35b3) sltu    a1, t3, s11
core   0: 3 0x8000497a (0x01be35b3) x11 0x00000000
core   0: 0x8000497e (0x78557c97) auipc   s9, 0x78557
core   0: 3 0x8000497e (0x78557c97) x25 0xf855b97e
core   0: 0x80004982 (0x03112333) mulhsu  t1, sp, a7
core   0: 3 0x80004982 (0x03112333) x 6 0x00000000
core   0: 0x80004986 (0x036e56b3) divu    a3, t3, s6
core   0: 3 0x80004986 (0x036e56b3) x13 0x018fc63a
core   0: 0x8000498a (0xbf761b17) auipc   s6, 0xbf761
core   0: 3 0x8000498a (0xbf761b17) x22 0x3f76598a
core   0: 0x8000498e (0x00412733) slt     a4, sp, tp
core   0: 3 0x8000498e (0x00412733) x14 0x00000000
core   0: 0x80004992 (0x00c4d2b3) srl     t0, s1, a2
core   0: 3 0x80004992 (0x00c4d2b3) x 5 0x80029ce4
core   0: 0x80004996 (0x40a48133) sub     sp, s1, a0
core   0: 3 0x80004996 (0x40a48133) x 2 0x4f999d1a
core   0: 0x8000499a (0x00000001) c.nop
core   0: 3 0x8000499a (0x0001)
core   0: 0x8000499c (0x0ff0000f) fence   iorw,iorw
core   0: 3 0x8000499c (0x0ff0000f)
core   0: 0x800049a0 (0x01149413) slli    s0, s1, 17
core   0: 3 0x800049a0 (0x01149413) x 8 0x39c80000
core   0: 0x800049a4 (0x00005c7d) c.li    s8, -1
core   0: 3 0x800049a4 (0x5c7d) x24 0xffffffff
core   0: 0x800049a6 (0x01284a63) blt     a6, s2, pc + 20
core   0: 3 0x800049a6 (0x01284a63)
core   0: 0x800049ba (0x012eb633) sltu    a2, t4, s2
core   0: 3 0x800049ba (0x012eb633) x12 0x00000001
core   0: 0x800049be (0x00006139) c.addi16sp sp, 448
core   0: 3 0x800049be (0x6139) x 2 0x4f999eda
core   0: 0x800049c0 (0x03dcd5b3) divu    a1, s9, t4
core   0: 3 0x800049c0 (0x03dcd5b3) x11 0xffffffff
core   0: 0x800049c4 (0x1ce2a093) slti    ra, t0, 462
core   0: 3 0x800049c4 (0x1ce2a093) x 1 0x00000001
core   0: 0x800049c8 (0x00bb8f33) add     t5, s7, a1
core   0: 3 0x800049c8 (0x00bb8f33) x30 0x00000000
core   0: 0x800049cc (0x00000001) c.nop
core   0: 3 0x800049cc (0x0001)
core   0: 0x800049ce (0x00009afd) c.andi  a3, -1
core   0: 3 0x800049ce (0x9afd) x13 0x018fc63a
core   0: 0x800049d0 (0x03e5c8b3) div     a7, a1, t5
core   0: 3 0x800049d0 (0x03e5c8b3) x17 0xffffffff
core   0: 0x800049d4 (0x0129df33) srl     t5, s3, s2
core   0: 3 0x800049d4 (0x0129df33) x30 0x00000001
core   0: 0x800049d8 (0x007c7c33) and     s8, s8, t2
core   0: 3 0x800049d8 (0x007c7c33) x24 0x30690732
core   0: 0x800049dc (0xef550e97) auipc   t4, 0xef550
core   0: 3 0x800049dc (0xef550e97) x29 0x6f5549dc
core   0: 0x800049e0 (0x41108cb3) sub     s9, ra, a7
core   0: 3 0x800049e0 (0x41108cb3) x25 0x00000002
core   0: 0x800049e4 (0x000088ce) c.mv    a7, s3
core   0: 3 0x800049e4 (0x88ce) x17 0x00000002
core   0: 0x800049e6 (0x5ab78b93) addi    s7, a5, 1451
core   0: 3 0x800049e6 (0x5ab78b93) x23 0x000005ab
core   0: 0x800049ea (0x006b0a63) beq     s6, t1, pc + 20
core   0: 3 0x800049ea (0x006b0a63)
core   0: 0x800049ee (0x00000001) c.nop
core   0: 3 0x800049ee (0x0001)
core   0: 0x800049f0 (0x00000001) c.nop
core   0: 3 0x800049f0 (0x0001)
core   0: 0x800049f2 (0x00008de9) c.and   a1, a0
core   0: 3 0x800049f2 (0x8de9) x11 0x3068ffca
core   0: 0x800049f4 (0x0000117d) c.addi  sp, -1
core   0: 3 0x800049f4 (0x117d) x 2 0x4f999ed9
core   0: 0x800049f6 (0x03eecb33) div     s6, t4, t5
core   0: 3 0x800049f6 (0x03eecb33) x22 0x6f5549dc
core   0: 0x800049fa (0x01af2d33) slt     s10, t5, s10
core   0: 3 0x800049fa (0x01af2d33) x26 0x00000000
core   0: 0x800049fe (0x99514913) xori    s2, sp, -1643
core   0: 3 0x800049fe (0x99514913) x18 0xb066674c
core   0: 0x80004a02 (0x00008bf2) c.mv    s7, t3
core   0: 3 0x80004a02 (0x8bf2) x23 0x30690110
core   0: 0x80004a04 (0x0000815d) c.srli  a0, 23
core   0: 3 0x80004a04 (0x815d) x10 0x00000060
core   0: 0x80004a06 (0x000083e5) c.srli  a5, 25
core   0: 3 0x80004a06 (0x83e5) x15 0x00000000
core   0: 0x80004a08 (0x00009afd) c.andi  a3, -1
core   0: 3 0x80004a08 (0x9afd) x13 0x018fc63a
core   0: 0x80004a0a (0x02a178b3) remu    a7, sp, a0
core   0: 3 0x80004a0a (0x02a178b3) x17 0x00000019
core   0: 0x80004a0e (0x032ed7b3) divu    a5, t4, s2
core   0: 3 0x80004a0e (0x032ed7b3) x15 0x00000000
core   0: 0x80004a12 (0x63dfc913) xori    s2, t6, 1597
core   0: 3 0x80004a12 (0x63dfc913) x18 0x0000063f
core   0: 0x80004a16 (0x00008411) c.srai  s0, 4
core   0: 3 0x80004a16 (0x8411) x 8 0x039c8000
core   0: 0x80004a18 (0x03e17033) remu    zero, sp, t5
core   0: 3 0x80004a18 (0x03e17033)
core   0: 0x80004a1c (0x3b106793) ori     a5, zero, 945
core   0: 3 0x80004a1c (0x3b106793) x15 0x000003b1
core   0: 0x80004a20 (0x0000e185) c.bnez  a1, pc + 32
core   0: 3 0x80004a20 (0xe185)
core   0: 0x80004a40 (0x00008c39) c.xor   s0, a4
core   0: 3 0x80004a40 (0x8c39) x 8 0x039c8000
core   0: 0x80004a42 (0x0175a033) slt     zero, a1, s7
core   0: 3 0x80004a42 (0x0175a033)
core   0: 0x80004a46 (0x0000997d) c.andi  a0, -1
core   0: 3 0x80004a46 (0x997d) x10 0x00000060
core   0: 0x80004a48 (0x417058b3) sra     a7, zero, s7
core   0: 3 0x80004a48 (0x417058b3) x17 0x00000000
core   0: 0x80004a4c (0x02fbbdb3) mulhu   s11, s7, a5
core   0: 3 0x80004a4c (0x02fbbdb3) x27 0x000000b2
core   0: 0x80004a50 (0x0ff0000f) fence   iorw,iorw
core   0: 3 0x80004a50 (0x0ff0000f)
core   0: 0x80004a54 (0x00009f9e) c.add   t6, t2
core   0: 3 0x80004a54 (0x9f9e) x31 0x30690734
core   0: 0x80004a56 (0x0320a7b3) mulhsu  a5, ra, s2
core   0: 3 0x80004a56 (0x0320a7b3) x15 0x00000000
core   0: 0x80004a5a (0x00006be5) c.lui   s7, 0x19
core   0: 3 0x80004a5a (0x6be5) x23 0x00019000
core   0: 0x80004a5c (0x016fd033) srl     zero, t6, s6
core   0: 3 0x80004a5c (0x016fd033)
core   0: 0x80004a60 (0x00e0d263) bge     ra, a4, pc + 4
core   0: 3 0x80004a60 (0x00e0d263)
core   0: 0x80004a64 (0x41250433) sub     s0, a0, s2
core   0: 3 0x80004a64 (0x41250433) x 8 0xfffffa21
core   0: 0x80004a68 (0x00006151) c.addi16sp sp, 272
core   0: 3 0x80004a68 (0x6151) x 2 0x4f999fe9
core   0: 0x80004a6a (0x00004ca9) c.li    s9, 10
core   0: 3 0x80004a6a (0x4ca9) x25 0x0000000a
core   0: 0x80004a6c (0x00008e69) c.and   a2, a0
core   0: 3 0x80004a6c (0x8e69) x12 0x00000000
core   0: 0x80004a6e (0x0563b037) lui     zero, 0x563b
core   0: 3 0x80004a6e (0x0563b037)
core   0: 0x80004a72 (0x00000001) c.nop
core   0: 3 0x80004a72 (0x0001)
core   0: 0x80004a74 (0x00009fae) c.add   t6, a1
core   0: 3 0x80004a74 (0x9fae) x31 0x60d206fe
core   0: 0x80004a76 (0xa3c2a893) slti    a7, t0, -1476
core   0: 3 0x80004a76 (0xa3c2a893) x17 0x00000001
core   0: 0x80004a7a (0xf2141697) auipc   a3, 0xf2141
core   0: 3 0x80004a7a (0xf2141697) x13 0x72145a7a
core   0: 0x80004a7e (0x00190233) add     tp, s2, ra
core   0: 3 0x80004a7e (0x00190233) x 4 0x00000640
core   0: 0x80004a82 (0x0000ca9d) c.beqz  a3, pc + 54
core   0: 3 0x80004a82 (0xca9d)
core   0: 0x80004a84 (0xb8520f93) addi    t6, tp, -1147
core   0: 3 0x80004a84 (0xb8520f93) x31 0x000001c5
core   0: 0x80004a88 (0xdb087913) andi    s2, a6, -592
core   0: 3 0x80004a88 (0xdb087913) x18 0x80025c20
core   0: 0x80004a8c (0x40eedcb3) sra     s9, t4, a4
core   0: 3 0x80004a8c (0x40eedcb3) x25 0x6f5549dc
core   0: 0x80004a90 (0x026ac3b3) div     t2, s5, t1
core   0: 3 0x80004a90 (0x026ac3b3) x 7 0xffffffff
core   0: 0x80004a94 (0x00008546) c.mv    a0, a7
core   0: 3 0x80004a94 (0x8546) x10 0x00000001
core   0: 0x80004a96 (0x05dfa797) auipc   a5, 0x5dfa
core   0: 3 0x80004a96 (0x05dfa797) x15 0x85dfea96
core   0: 0x80004a9a (0x01b24763) blt     tp, s11, pc + 14
core   0: 3 0x80004a9a (0x01b24763)
core   0: 0x80004a9e (0x01bd9c13) slli    s8, s11, 27
core   0: 3 0x80004a9e (0x01bd9c13) x24 0x90000000
core   0: 0x80004aa2 (0x029a55b3) divu    a1, s4, s1
core   0: 3 0x80004aa2 (0x029a55b3) x11 0x00000000
core   0: 0x80004aa6 (0x00008a69) c.andi  a2, 26
core   0: 3 0x80004aa6 (0x8a69) x12 0x00000000
core   0: 0x80004aa8 (0x000099fd) c.andi  a1, -1
core   0: 3 0x80004aa8 (0x99fd) x11 0x00000000
core   0: 0x80004aaa (0x9932ac13) slti    s8, t0, -1645
core   0: 3 0x80004aaa (0x9932ac13) x24 0x00000001
core   0: 0x80004aae (0x021d4063) blt     s10, ra, pc + 32
core   0: 3 0x80004aae (0x021d4063)
core   0: 0x80004ace (0x00008569) c.srai  a0, 26
core   0: 3 0x80004ace (0x8569) x10 0x00000000
core   0: 0x80004ad0 (0x01aac333) xor     t1, s5, s10
core   0: 3 0x80004ad0 (0x01aac333) x 6 0x72f54000
core   0: 0x80004ad4 (0x039a41b3) div     gp, s4, s9
core   0: 3 0x80004ad4 (0x039a41b3) x 3 0xffffffff
core   0: 0x80004ad8 (0x000cd2b3) srl     t0, s9, zero
core   0: 3 0x80004ad8 (0x000cd2b3) x 5 0x6f5549dc
core   0: 0x80004adc (0x7a18a293) slti    t0, a7, 1953
core   0: 3 0x80004adc (0x7a18a293) x 5 0x00000001
core   0: 0x80004ae0 (0x0074a5b3) slt     a1, s1, t2
core   0: 3 0x80004ae0 (0x0074a5b3) x11 0x00000001
core   0: 0x80004ae4 (0x00000306) c.slli  t1, 1
core   0: 3 0x80004ae4 (0x0306) x 6 0xe5ea8000
core   0: 0x80004ae6 (0x0000071a) c.slli  a4, 6
core   0: 3 0x80004ae6 (0x071a) x14 0x00000000
core   0: 0x80004ae8 (0x00006691) c.lui   a3, 0x4
core   0: 3 0x80004ae8 (0x6691) x13 0x00004000
core   0: 0x80004aea (0xdb746893) ori     a7, s0, -585
core   0: 3 0x80004aea (0xdb746893) x17 0xffffffb7
core   0: 0x80004aee (0x029633b3) mulhu   t2, a2, s1
core   0: 3 0x80004aee (0x029633b3) x 7 0x00000000
core   0: 0x80004af2 (0x00008689) c.srai  a3, 2
core   0: 3 0x80004af2 (0x8689) x13 0x00001000
core   0: 0x80004af4 (0x00682c33) slt     s8, a6, t1
core   0: 3 0x80004af4 (0x00682c33) x24 0x00000001
core   0: 0x80004af8 (0x0280c6b3) div     a3, ra, s0
core   0: 3 0x80004af8 (0x0280c6b3) x13 0x00000000
core   0: 0x80004afc (0x00000001) c.nop
core   0: 3 0x80004afc (0x0001)
core   0: 0x80004afe (0x4048de93) srai    t4, a7, 4
core   0: 3 0x80004afe (0x4048de93) x29 0xfffffffb
core   0: 0x80004b02 (0x03f8d333) divu    t1, a7, t6
core   0: 3 0x80004b02 (0x03f8d333) x 6 0x0090abcb
core   0: 0x80004b06 (0x037438b3) mulhu   a7, s0, s7
core   0: 3 0x80004b06 (0x037438b3) x17 0x00018fff
core   0: 0x80004b0a (0xe4b36717) auipc   a4, 0xe4b36
core   0: 3 0x80004b0a (0xe4b36717) x14 0x64b3ab0a
core   0: 0x80004b0e (0x00008ddd) c.or    a1, a5
core   0: 3 0x80004b0e (0x8ddd) x11 0x85dfea97
core   0: 0x80004b10 (0x0000615d) c.addi16sp sp, 432
core   0: 3 0x80004b10 (0x615d) x 2 0x4f99a199
core   0: 0x80004b12 (0x000088de) c.mv    a7, s7
core   0: 3 0x80004b12 (0x88de) x17 0x00019000
core   0: 0x80004b14 (0x00008c5d) c.or    s0, a5
core   0: 3 0x80004b14 (0x8c5d) x 8 0xfffffab7
core   0: 0x80004b16 (0x00008635) c.srai  a2, 13
core   0: 3 0x80004b16 (0x8635) x12 0x00000000
core   0: 0x80004b18 (0x01991e33) sll     t3, s2, s9
core   0: 3 0x80004b18 (0x01991e33) x28 0x00000000
core   0: 0x80004b1c (0x40af8233) sub     tp, t6, a0
core   0: 3 0x80004b1c (0x40af8233) x 4 0x000001c5
core   0: 0x80004b20 (0x00008e91) c.sub   a3, a2
core   0: 3 0x80004b20 (0x8e91) x13 0x00000000
core   0: 0x80004b22 (0x0133ff33) and     t5, t2, s3
core   0: 3 0x80004b22 (0x0133ff33) x30 0x00000000
core   0: 0x80004b26 (0x00001290) c.addi4spn a2, sp, 352
core   0: 3 0x80004b26 (0x1290) x12 0x4f99a2f9
core   0: 0x80004b28 (0x00008c45) c.or    s0, s1
core   0: 3 0x80004b28 (0x8c45) x 8 0xfffffef7
core   0: 0x80004b2a (0x00006f31) c.lui   t5, 0xc
core   0: 3 0x80004b2a (0x6f31) x30 0x0000c000
core   0: 0x80004b2c (0x3e85fc13) andi    s8, a1, 1000
core   0: 3 0x80004b2c (0x3e85fc13) x24 0x00000280
core   0: 0x80004b30 (0x035317b3) mulh    a5, t1, s5
core   0: 3 0x80004b30 (0x035317b3) x15 0x0040f718
core   0: 0x80004b34 (0x001ee5b3) or      a1, t4, ra
core   0: 3 0x80004b34 (0x001ee5b3) x11 0xfffffffb
core   0: 0x80004b38 (0x67c93413) sltiu   s0, s2, 1660
core   0: 3 0x80004b38 (0x67c93413) x 8 0x00000000
core   0: 0x80004b3c (0x8d148eb7) lui     t4, 0x8d148
core   0: 3 0x80004b3c (0x8d148eb7) x29 0x8d148000
core   0: 0x80004b40 (0x03a20e63) beq     tp, s10, pc + 60
core   0: 3 0x80004b40 (0x03a20e63)
core   0: 0x80004b44 (0x0048eab3) or      s5, a7, tp
core   0: 3 0x80004b44 (0x0048eab3) x21 0x000191c5
core   0: 0x80004b48 (0x0374dd63) bge     s1, s7, pc + 58
core   0: 3 0x80004b48 (0x0374dd63)
core   0: 0x80004b4c (0x00009bfd) c.andi  a5, -1
core   0: 3 0x80004b4c (0x9bfd) x15 0x0040f718
core   0: 0x80004b4e (0x00006ce5) c.lui   s9, 0x19
core   0: 3 0x80004b4e (0x6ce5) x25 0x00019000
core   0: 0x80004b50 (0x00a073b3) and     t2, zero, a0
core   0: 3 0x80004b50 (0x00a073b3) x 7 0x00000000
core   0: 0x80004b54 (0x039fc9b3) div     s3, t6, s9
core   0: 3 0x80004b54 (0x039fc9b3) x19 0x00000000
core   0: 0x80004b58 (0x001cb533) sltu    a0, s9, ra
core   0: 3 0x80004b58 (0x001cb533) x10 0x00000000
core   0: 0x80004b5c (0x027dc363) blt     s11, t2, pc + 38
core   0: 3 0x80004b5c (0x027dc363)
core   0: 0x80004b60 (0x00008c1d) c.sub   s0, a5
core   0: 3 0x80004b60 (0x8c1d) x 8 0xffbf08e8
core   0: 0x80004b62 (0x0306ef63) bltu    a3, a6, pc + 62
core   0: 3 0x80004b62 (0x0306ef63)
core   0: 0x80004ba0 (0x00000001) c.nop
core   0: 3 0x80004ba0 (0x0001)
core   0: 0x80004ba2 (0x01e9ac33) slt     s8, s3, t5
core   0: 3 0x80004ba2 (0x01e9ac33) x24 0x00000001
core   0: 0x80004ba6 (0x00618533) add     a0, gp, t1
core   0: 3 0x80004ba6 (0x00618533) x10 0x0090abca
core   0: 0x80004baa (0x031b9663) bne     s7, a7, pc + 44
core   0: 3 0x80004baa (0x031b9663)
core   0: 0x80004bae (0xad33fe13) andi    t3, t2, -1325
core   0: 3 0x80004bae (0xad33fe13) x28 0x00000000
core   0: 0x80004bb2 (0x18efe137) lui     sp, 0x18efe
core   0: 3 0x80004bb2 (0x18efe137) x 2 0x18efe000
core   0: 0x80004bb6 (0x000692b3) sll     t0, a3, zero
core   0: 3 0x80004bb6 (0x000692b3) x 5 0x00000000
core   0: 0x80004bba (0x00e59693) slli    a3, a1, 14
core   0: 3 0x80004bba (0x00e59693) x13 0xfffec000
core   0: 0x80004bbe (0x0ff0000f) fence   iorw,iorw
core   0: 3 0x80004bbe (0x0ff0000f)
core   0: 0x80004bc2 (0x01219f33) sll     t5, gp, s2
core   0: 3 0x80004bc2 (0x01219f33) x30 0xffffffff
core   0: 0x80004bc6 (0x0004e3b3) or      t2, s1, zero
core   0: 3 0x80004bc6 (0x0004e3b3) x 7 0x80029ce4
core   0: 0x80004bca (0x02df9533) mulh    a0, t6, a3
core   0: 3 0x80004bca (0x02df9533) x10 0xffffffff
core   0: 0x80004bce (0x9d9a6f13) ori     t5, s4, -1575
core   0: 3 0x80004bce (0x9d9a6f13) x30 0xfffff9d9
core   0: 0x80004bd2 (0x410dd733) sra     a4, s11, a6
core   0: 3 0x80004bd2 (0x410dd733) x14 0x0000000b
core   0: 0x80004bd6 (0x002b9263) bne     s7, sp, pc + 4
core   0: 3 0x80004bd6 (0x002b9263)
core   0: 0x80004bda (0x00008f15) c.sub   a4, a3
core   0: 3 0x80004bda (0x8f15) x14 0x0001400b
core   0: 0x80004bdc (0x03dd6b33) rem     s6, s10, t4
core   0: 3 0x80004bdc (0x03dd6b33) x22 0x00000000
core   0: 0x80004be0 (0xeeea0193) addi    gp, s4, -274
core   0: 3 0x80004be0 (0xeeea0193) x 3 0x7ffffeee
core   0: 0x80004be4 (0x00bad533) srl     a0, s5, a1
core   0: 3 0x80004be4 (0x00bad533) x10 0x00000000
core   0: 0x80004be8 (0x00000906) c.slli  s2, 1
core   0: 3 0x80004be8 (0x0906) x18 0x0004b840
core   0: 0x80004bea (0x8d547213) andi    tp, s0, -1835
core   0: 3 0x80004bea (0x8d547213) x 4 0xffbf08c0
core   0: 0x80004bee (0x01d6ceb3) xor     t4, a3, t4
core   0: 3 0x80004bee (0x01d6ceb3) x29 0x72ea4000
core   0: 0x80004bf2 (0x00000001) c.nop
core   0: 3 0x80004bf2 (0x0001)
core   0: 0x80004bf4 (0x03921d63) bne     tp, s9, pc + 58
core   0: 3 0x80004bf4 (0x03921d63)
core   0: 0x80004c2e (0x00008d99) c.sub   a1, a4
core   0: 3 0x80004c2e (0x8d99) x11 0xfffebff0
core   0: 0x80004c30 (0x035453b3) divu    t2, s0, s5
core   0: 3 0x80004c30 (0x035453b3) x 7 0x0000a2f4
core   0: 0x80004c34 (0x00007233) and     tp, zero, zero
core   0: 3 0x80004c34 (0x00007233) x 4 0x00000000
core   0: 0x80004c38 (0x01a206b3) add     a3, tp, s10
core   0: 3 0x80004c38 (0x01a206b3) x13 0x00000000
core   0: 0x80004c3c (0x00000001) c.nop
core   0: 3 0x80004c3c (0x0001)
core   0: 0x80004c3e (0x034990b3) mulh    ra, s3, s4
core   0: 3 0x80004c3e (0x034990b3) x 1 0x00000000
core   0: 0x80004c42 (0x03ce4933) div     s2, t3, t3
core   0: 3 0x80004c42 (0x03ce4933) x18 0xffffffff
core   0: 0x80004c46 (0x032725b3) mulhsu  a1, a4, s2
core   0: 3 0x80004c46 (0x032725b3) x11 0x0001400a
core   0: 0x80004c4a (0x00fa6fb3) or      t6, s4, a5
core   0: 3 0x80004c4a (0x00fa6fb3) x31 0x8040f718
core   0: 0x80004c4e (0x0000089d) c.addi  a7, 7
core   0: 3 0x80004c4e (0x089d) x17 0x00019007
core   0: 0x80004c50 (0x475c3937) lui     s2, 0x475c3
core   0: 3 0x80004c50 (0x475c3937) x18 0x475c3000
core   0: 0x80004c54 (0x00000001) c.nop
core   0: 3 0x80004c54 (0x0001)
core   0: 0x80004c56 (0x00008ead) c.xor   a3, a1
core   0: 3 0x80004c56 (0x8ead) x13 0x0001400a
core   0: 0x80004c58 (0x74e4eb93) ori     s7, s1, 1870
core   0: 3 0x80004c58 (0x74e4eb93) x23 0x80029fee
core   0: 0x80004c5c (0x0387ceb3) div     t4, a5, s8
core   0: 3 0x80004c5c (0x0387ceb3) x29 0x0040f718
core   0: 0x80004c60 (0x95be1637) lui     a2, 0x95be1
core   0: 3 0x80004c60 (0x95be1637) x12 0x95be1000
core   0: 0x80004c64 (0x0000805d) c.srli  s0, 23
core   0: 3 0x80004c64 (0x805d) x 8 0x000001ff
core   0: 0x80004c66 (0x03670bb3) mul     s7, a4, s6
core   0: 3 0x80004c66 (0x03670bb3) x23 0x00000000
core   0: 0x80004c6a (0x00008d63) beqz    ra, pc + 26
core   0: 3 0x80004c6a (0x00008d63)
core   0: 0x80004c84 (0x01e67cb3) and     s9, a2, t5
core   0: 3 0x80004c84 (0x01e67cb3) x25 0x95be1000
core   0: 0x80004c88 (0x00005bfd) c.li    s7, -1
core   0: 3 0x80004c88 (0x5bfd) x23 0xffffffff
core   0: 0x80004c8a (0x3af9a513) slti    a0, s3, 943
core   0: 3 0x80004c8a (0x3af9a513) x10 0x00000001
core   0: 0x80004c8e (0x008309b3) add     s3, t1, s0
core   0: 3 0x80004c8e (0x008309b3) x19 0x0090adca
core   0: 0x80004c92 (0x022a4b33) div     s6, s4, sp
core   0: 3 0x80004c92 (0x022a4b33) x22 0xfffffffb
core   0: 0x80004c96 (0x01b1a9b3) slt     s3, gp, s11
core   0: 3 0x80004c96 (0x01b1a9b3) x19 0x00000000
core   0: 0x80004c9a (0x000081ed) c.srli  a1, 27
core   0: 3 0x80004c9a (0x81ed) x11 0x00000000
core   0: 0x80004c9c (0x00008209) c.srli  a2, 2
core   0: 3 0x80004c9c (0x8209) x12 0x256f8400
core   0: 0x80004c9e (0x03a00463) beq     zero, s10, pc + 40
core   0: 3 0x80004c9e (0x03a00463)
core   0: 0x80004cc6 (0x00000001) c.nop
core   0: 3 0x80004cc6 (0x0001)
core   0: 0x80004cc8 (0x00e4ce33) xor     t3, s1, a4
core   0: 3 0x80004cc8 (0x00e4ce33) x28 0x8003dcef
core   0: 0x80004ccc (0x00008f35) c.xor   a4, a3
core   0: 3 0x80004ccc (0x8f35) x14 0x00000001
core   0: 0x80004cce (0x4082d7b3) sra     a5, t0, s0
core   0: 3 0x80004cce (0x4082d7b3) x15 0x00000000
core   0: 0x80004cd2 (0x00cd5363) bge     s10, a2, pc + 6
core   0: 3 0x80004cd2 (0x00cd5363)
core   0: 0x80004cd6 (0x00005b7d) c.li    s6, -1
core   0: 3 0x80004cd6 (0x5b7d) x22 0xffffffff
core   0: 0x80004cd8 (0x000048f5) c.li    a7, 29
core   0: 3 0x80004cd8 (0x48f5) x17 0x0000001d
core   0: 0x80004cda (0x004f7cb3) and     s9, t5, tp
core   0: 3 0x80004cda (0x004f7cb3) x25 0x00000000
core   0: 0x80004cde (0xb52f4893) xori    a7, t5, -1198
core   0: 3 0x80004cde (0xb52f4893) x17 0x0000028b
core   0: 0x80004ce2 (0x0000e58d) c.bnez  a1, pc + 42
core   0: 3 0x80004ce2 (0xe58d)
core   0: 0x80004ce4 (0x03879433) mulh    s0, a5, s8
core   0: 3 0x80004ce4 (0x03879433) x 8 0x00000000
core   0: 0x80004ce8 (0x04b6e063) bltu    a3, a1, pc + 64
core   0: 3 0x80004ce8 (0x04b6e063)
core   0: 0x80004cec (0x41015733) sra     a4, sp, a6
core   0: 3 0x80004cec (0x41015733) x14 0x018efe00
core   0: 0x80004cf0 (0x01e16c33) or      s8, sp, t5
core   0: 3 0x80004cf0 (0x01e16c33) x24 0xfffff9d9
core   0: 0x80004cf4 (0x000833b3) sltu    t2, a6, zero
core   0: 3 0x80004cf4 (0x000833b3) x 7 0x00000000
core   0: 0x80004cf8 (0x01afcf63) blt     t6, s10, pc + 30
core   0: 3 0x80004cf8 (0x01afcf63)
core   0: 0x80004d16 (0x00008ed5) c.or    a3, a3
core   0: 3 0x80004d16 (0x8ed5) x13 0x0001400a
core   0: 0x80004d18 (0xb39cea93) ori     s5, s9, -1223
core   0: 3 0x80004d18 (0xb39cea93) x21 0xfffffb39
core   0: 0x80004d1c (0x0090d413) srli    s0, ra, 9
core   0: 3 0x80004d1c (0x0090d413) x 8 0x00000000
core   0: 0x80004d20 (0x01a28e63) beq     t0, s10, pc + 28
core   0: 3 0x80004d20 (0x01a28e63)
core   0: 0x80004d3c (0x039f9cb3) mulh    s9, t6, s9
core   0: 3 0x80004d3c (0x039f9cb3) x25 0x00000000
core   0: 0x80004d40 (0x00008f3d) c.xor   a4, a5
core   0: 3 0x80004d40 (0x8f3d) x14 0x018efe00
core   0: 0x80004d42 (0x00008ec9) c.or    a3, a0
core   0: 3 0x80004d42 (0x8ec9) x13 0x0001400b
core   0: 0x80004d44 (0x2da4eb93) ori     s7, s1, 730
core   0: 3 0x80004d44 (0x2da4eb93) x23 0x80029efe
core   0: 0x80004d48 (0x034debb3) rem     s7, s11, s4
core   0: 3 0x80004d48 (0x034debb3) x23 0x000000b2
core   0: 0x80004d4c (0x035f4e63) blt     t5, s5, pc + 60
core   0: 3 0x80004d4c (0x035f4e63)
core   0: 0x80004d88 (0x00000001) c.nop
core   0: 3 0x80004d88 (0x0001)
core   0: 0x80004d8a (0x03844f33) div     t5, s0, s8
core   0: 3 0x80004d8a (0x03844f33) x30 0x00000000
core   0: 0x80004d8e (0x029be133) rem     sp, s7, s1
core   0: 3 0x80004d8e (0x029be133) x 2 0x000000b2
core   0: 0x80004d92 (0x00009afd) c.andi  a3, -1
core   0: 3 0x80004d92 (0x9afd) x13 0x0001400b
core   0: 0x80004d94 (0x01565433) srl     s0, a2, s5
core   0: 3 0x80004d94 (0x01565433) x 8 0x00000012
core   0: 0x80004d98 (0x00000c62) c.slli  s8, 24
core   0: 3 0x80004d98 (0x0c62) x24 0xd9000000
core   0: 0x80004d9a (0x0000c419) c.beqz  s0, pc + 14
core   0: 3 0x80004d9a (0xc419)
core   0: 0x80004d9c (0x02f51d33) mulh    s10, a0, a5
core   0: 3 0x80004d9c (0x02f51d33) x26 0x00000000
core   0: 0x80004da0 (0x3a437b93) andi    s7, t1, 932
core   0: 3 0x80004da0 (0x3a437b93) x23 0x00000380
core   0: 0x80004da4 (0x02055c33) divu    s8, a0, zero
core   0: 3 0x80004da4 (0x02055c33) x24 0xffffffff
core   0: 0x80004da8 (0x0129e733) or      a4, s3, s2
core   0: 3 0x80004da8 (0x0129e733) x14 0x475c3000
core   0: 0x80004dac (0xdfb44237) lui     tp, 0xdfb44
core   0: 3 0x80004dac (0xdfb44237) x 4 0xdfb44000
core   0: 0x80004db0 (0xba1c7013) andi    zero, s8, -1119
core   0: 3 0x80004db0 (0xba1c7013)
core   0: 0x80004db4 (0x00001b7d) c.addi  s6, -1
core   0: 3 0x80004db4 (0x1b7d) x22 0xfffffffe
core   0: 0x80004db6 (0x03d0e433) rem     s0, ra, t4
core   0: 3 0x80004db6 (0x03d0e433) x 8 0x00000000
core   0: 0x80004dba (0x410e5cb3) sra     s9, t3, a6
core   0: 3 0x80004dba (0x410e5cb3) x25 0xf8003dce
core   0: 0x80004dbe (0x01980963) beq     a6, s9, pc + 18
core   0: 3 0x80004dbe (0x01980963)
core   0: 0x80004dc2 (0x01ba2e33) slt     t3, s4, s11
core   0: 3 0x80004dc2 (0x01ba2e33) x28 0x00000001
core   0: 0x80004dc6 (0x739e8d93) addi    s11, t4, 1849
core   0: 3 0x80004dc6 (0x739e8d93) x27 0x0040fe51
core   0: 0x80004dca (0x00f7aeb3) slt     t4, a5, a5
core   0: 3 0x80004dca (0x00f7aeb3) x29 0x00000000
core   0: 0x80004dce (0x0000e285) c.bnez  a3, pc + 32
core   0: 3 0x80004dce (0xe285)
core   0: 0x80004dee (0x0398a533) mulhsu  a0, a7, s9
core   0: 3 0x80004dee (0x0398a533) x10 0x00000276
core   0: 0x80004df2 (0x02cce533) rem     a0, s9, a2
core   0: 3 0x80004df2 (0x02cce533) x10 0xf8003dce
core   0: 0x80004df6 (0x006b5263) bge     s6, t1, pc + 4
core   0: 3 0x80004df6 (0x006b5263)
core   0: 0x80004dfa (0x00000108) c.addi4spn a0, sp, 128
core   0: 3 0x80004dfa (0x0108) x10 0x00000132
core   0: 0x80004dfc (0x03c48d63) beq     s1, t3, pc + 58
core   0: 3 0x80004dfc (0x03c48d63)
core   0: 0x80004e00 (0x00008f41) c.or    a4, s0
core   0: 3 0x80004e00 (0x8f41) x14 0x475c3000
core   0: 0x80004e02 (0x02de8bb3) mul     s7, t4, a3
core   0: 3 0x80004e02 (0x02de8bb3) x23 0x00000000
core   0: 0x80004e06 (0x0000100f) fence.i
core   0: 3 0x80004e06 (0x0000100f)
core   0: 0x80004e0a (0x02471b63) bne     a4, tp, pc + 54
core   0: 3 0x80004e0a (0x02471b63)
core   0: 0x80004e40 (0x009aaf33) slt     t5, s5, s1
core   0: 3 0x80004e40 (0x009aaf33) x30 0x00000000
core   0: 0x80004e44 (0x0129b3b3) sltu    t2, s3, s2
core   0: 3 0x80004e44 (0x0129b3b3) x 7 0x00000001
core   0: 0x80004e48 (0x0074fcb3) and     s9, s1, t2
core   0: 3 0x80004e48 (0x0074fcb3) x25 0x00000000
core   0: 0x80004e4c (0x000ad993) srli    s3, s5, 0
core   0: 3 0x80004e4c (0x000ad993) x19 0xfffffb39
core   0: 0x80004e50 (0x030d3e93) sltiu   t4, s10, 48
core   0: 3 0x80004e50 (0x030d3e93) x29 0x00000001
core   0: 0x80004e54 (0x0332df33) divu    t5, t0, s3
core   0: 3 0x80004e54 (0x0332df33) x30 0x00000000
core   0: 0x80004e58 (0x00487763) bgeu    a6, tp, pc + 14
core   0: 3 0x80004e58 (0x00487763)
core   0: 0x80004e5c (0x0361bcb3) mulhu   s9, gp, s6
core   0: 3 0x80004e5c (0x0361bcb3) x25 0x7ffffeed
core   0: 0x80004e60 (0x016f5f93) srli    t6, t5, 22
core   0: 3 0x80004e60 (0x016f5f93) x31 0x00000000
core   0: 0x80004e64 (0x00000180) c.addi4spn s0, sp, 192
core   0: 3 0x80004e64 (0x0180) x 8 0x00000172
core   0: 0x80004e66 (0x01926333) or      t1, tp, s9
core   0: 3 0x80004e66 (0x01926333) x 6 0xfffffeed
core   0: 0x80004e6a (0x000082c9) c.srli  a3, 18
core   0: 3 0x80004e6a (0x82c9) x13 0x00000000
core   0: 0x80004e6c (0x01ff0233) add     tp, t5, t6
core   0: 3 0x80004e6c (0x01ff0233) x 4 0x00000000
core   0: 0x80004e70 (0x00004c71) c.li    s8, 28
core   0: 3 0x80004e70 (0x4c71) x24 0x0000001c
core   0: 0x80004e72 (0x032ffcb3) remu    s9, t6, s2
core   0: 3 0x80004e72 (0x032ffcb3) x25 0x00000000
core   0: 0x80004e76 (0x8c2e7d13) andi    s10, t3, -1854
core   0: 3 0x80004e76 (0x8c2e7d13) x26 0x00000000
core   0: 0x80004e7a (0x02233233) mulhu   tp, t1, sp
core   0: 3 0x80004e7a (0x02233233) x 4 0x000000b1
core   0: 0x80004e7e (0x03fdb6b3) mulhu   a3, s11, t6
core   0: 3 0x80004e7e (0x03fdb6b3) x13 0x00000000
core   0: 0x80004e82 (0x00001d8c) c.addi4spn a1, sp, 752
core   0: 3 0x80004e82 (0x1d8c) x11 0x000003a2
core   0: 0x80004e84 (0x4147d233) sra     tp, a5, s4
core   0: 3 0x80004e84 (0x4147d233) x 4 0x00000000
core   0: 0x80004e88 (0x03a4abb3) mulhsu  s7, s1, s10
core   0: 3 0x80004e88 (0x03a4abb3) x23 0x00000000
core   0: 0x80004e8c (0x020253b3) divu    t2, tp, zero
core   0: 3 0x80004e8c (0x020253b3) x 7 0xffffffff
core   0: 0x80004e90 (0x000006fe) c.slli  a3, 31
core   0: 3 0x80004e90 (0x06fe) x13 0x00000000
core   0: 0x80004e92 (0x00a2c8b3) xor     a7, t0, a0
core   0: 3 0x80004e92 (0x00a2c8b3) x17 0x00000132
core   0: 0x80004e96 (0x000085d9) c.srai  a1, 22
core   0: 3 0x80004e96 (0x85d9) x11 0x00000000
core   0: 0x80004e98 (0x00008d4d) c.or    a0, a1
core   0: 3 0x80004e98 (0x8d4d) x10 0x00000132
core   0: 0x80004e9a (0xad46fc13) andi    s8, a3, -1324
core   0: 3 0x80004e9a (0xad46fc13) x24 0x00000000
core   0: 0x80004e9e (0x019a8733) add     a4, s5, s9
core   0: 3 0x80004e9e (0x019a8733) x14 0xfffffb39
core   0: 0x80004ea2 (0x00dbf633) and     a2, s7, a3
core   0: 3 0x80004ea2 (0x00dbf633) x12 0x00000000
core   0: 0x80004ea6 (0x000001b5) c.addi  gp, 13
core   0: 3 0x80004ea6 (0x01b5) x 3 0x7ffffefb
core   0: 0x80004ea8 (0x00a15b33) srl     s6, sp, a0
core   0: 3 0x80004ea8 (0x00a15b33) x22 0x00000000
core   0: 0x80004eac (0xf6be0e93) addi    t4, t3, -149
core   0: 3 0x80004eac (0xf6be0e93) x29 0xffffff6c
core   0: 0x80004eb0 (0x000005c9) c.addi  a1, 18
core   0: 3 0x80004eb0 (0x05c9) x11 0x00000012
core   0: 0x80004eb2 (0xfd546e93) ori     t4, s0, -43
core   0: 3 0x80004eb2 (0xfd546e93) x29 0xfffffff7
core   0: 0x80004eb6 (0x01be1993) slli    s3, t3, 27
core   0: 3 0x80004eb6 (0x01be1993) x19 0x08000000
core   0: 0x80004eba (0x01e1f733) and     a4, gp, t5
core   0: 3 0x80004eba (0x01e1f733) x14 0x00000000
core   0: 0x80004ebe (0x000b4eb3) xor     t4, s6, zero
core   0: 3 0x80004ebe (0x000b4eb3) x29 0x00000000
core   0: 0x80004ec2 (0x00008bce) c.mv    s7, s3
core   0: 3 0x80004ec2 (0x8bce) x23 0x08000000
core   0: 0x80004ec4 (0x0000e985) c.bnez  a1, pc + 48
core   0: 3 0x80004ec4 (0xe985)
core   0: 0x80004ef4 (0x00008699) c.srai  a3, 6
core   0: 3 0x80004ef4 (0x8699) x13 0x00000000
core   0: 0x80004ef6 (0x00008e75) c.and   a2, a3
core   0: 3 0x80004ef6 (0x8e75) x12 0x00000000
core   0: 0x80004ef8 (0x364ec613) xori    a2, t4, 868
core   0: 3 0x80004ef8 (0x364ec613) x12 0x00000364
core   0: 0x80004efc (0x0255fe33) remu    t3, a1, t0
core   0: 3 0x80004efc (0x0255fe33) x28 0x00000012
core   0: 0x80004f00 (0x0146dc33) srl     s8, a3, s4
core   0: 3 0x80004f00 (0x0146dc33) x24 0x00000000
core   0: 0x80004f04 (0x00009b7d) c.andi  a4, -1
core   0: 3 0x80004f04 (0x9b7d) x14 0x00000000
core   0: 0x80004f06 (0x0000612d) c.addi16sp sp, 224
core   0: 3 0x80004f06 (0x612d) x 2 0x00000192
core   0: 0x80004f08 (0x415fd033) sra     zero, t6, s5
core   0: 3 0x80004f08 (0x415fd033)
core   0: 0x80004f0c (0x0224b0b3) mulhu   ra, s1, sp
core   0: 3 0x80004f0c (0x0224b0b3) x 1 0x000000c9
core   0: 0x80004f10 (0x03d3ef63) bltu    t2, t4, pc + 62
core   0: 3 0x80004f10 (0x03d3ef63)
core   0: 0x80004f14 (0x00000001) c.nop
core   0: 3 0x80004f14 (0x0001)
core   0: 0x80004f16 (0x01cc05b3) add     a1, s8, t3
core   0: 3 0x80004f16 (0x01cc05b3) x11 0x00000012
core   0: 0x80004f1a (0x5cf32913) slti    s2, t1, 1487
core   0: 3 0x80004f1a (0x5cf32913) x18 0x00000001
core   0: 0x80004f1e (0x02a60a63) beq     a2, a0, pc + 52
core   0: 3 0x80004f1e (0x02a60a63)
core   0: 0x80004f22 (0x003aab33) slt     s6, s5, gp
core   0: 3 0x80004f22 (0x003aab33) x22 0x00000001
core   0: 0x80004f26 (0x0191efb3) or      t6, gp, s9
core   0: 3 0x80004f26 (0x0191efb3) x31 0x7ffffefb
core   0: 0x80004f2a (0x036668b3) rem     a7, a2, s6
core   0: 3 0x80004f2a (0x036668b3) x17 0x00000000
core   0: 0x80004f2e (0x0ff0000f) fence   iorw,iorw
core   0: 3 0x80004f2e (0x0ff0000f)
core   0: 0x80004f32 (0x00006179) c.addi16sp sp, 464
core   0: 3 0x80004f32 (0x6179) x 2 0x00000362
core   0: 0x80004f34 (0xa768d197) auipc   gp, 0xa768d
core   0: 3 0x80004f34 (0xa768d197) x 3 0x27691f34
core   0: 0x80004f38 (0x03b69233) mulh    tp, a3, s11
core   0: 3 0x80004f38 (0x03b69233) x 4 0x00000000
core   0: 0x80004f3c (0x00008541) c.srai  a0, 16
core   0: 3 0x80004f3c (0x8541) x10 0x00000000
core   0: 0x80004f3e (0x00000b14) c.addi4spn a3, sp, 400
core   0: 3 0x80004f3e (0x0b14) x13 0x000004f2
core   0: 0x80004f40 (0x01430933) add     s2, t1, s4
core   0: 3 0x80004f40 (0x01430933) x18 0x7ffffeed
core   0: 0x80004f44 (0x03dadab3) divu    s5, s5, t4
core   0: 3 0x80004f44 (0x03dadab3) x21 0xffffffff
core   0: 0x80004f48 (0x00008c65) c.and   s0, s1
core   0: 3 0x80004f48 (0x8c65) x 8 0x00000060
core   0: 0x80004f4a (0x03590933) mul     s2, s2, s5
core   0: 3 0x80004f4a (0x03590933) x18 0x80000113
core   0: 0x80004f4e (0x73333c13) sltiu   s8, t1, 1843
core   0: 3 0x80004f4e (0x73333c13) x24 0x00000000
core   0: 0x80004f52 (0xd72e7b13) andi    s6, t3, -654
core   0: 3 0x80004f52 (0xd72e7b13) x22 0x00000012
core   0: 0x80004f56 (0x00d27263) bgeu    tp, a3, pc + 4
core   0: 3 0x80004f56 (0x00d27263)
core   0: 0x80004f5a (0x00000001) c.nop
core   0: 3 0x80004f5a (0x0001)
core   0: 0x80004f5c (0x00008eed) c.and   a3, a1
core   0: 3 0x80004f5c (0x8eed) x13 0x00000012
core   0: 0x80004f5e (0x0152d8b3) srl     a7, t0, s5
core   0: 3 0x80004f5e (0x0152d8b3) x17 0x00000000
core   0: 0x80004f62 (0x0000987d) c.andi  s0, -1
core   0: 3 0x80004f62 (0x987d) x 8 0x00000060
core   0: 0x80004f64 (0x7a00ec93) ori     s9, ra, 1952
core   0: 3 0x80004f64 (0x7a00ec93) x25 0x000007e9
core   0: 0x80004f68 (0x2ee19eb7) lui     t4, 0x2ee19
core   0: 3 0x80004f68 (0x2ee19eb7) x29 0x2ee19000
core   0: 0x80004f6c (0x004b5e63) bge     s6, tp, pc + 28
core   0: 3 0x80004f6c (0x004b5e63)
core   0: 0x80004f88 (0x00a8ed33) or      s10, a7, a0
core   0: 3 0x80004f88 (0x00a8ed33) x26 0x00000000
core   0: 0x80004f8c (0x000069b5) c.lui   s3, 0xd
core   0: 3 0x80004f8c (0x69b5) x19 0x0000d000
core   0: 0x80004f8e (0x030eb7b3) mulhu   a5, t4, a6
core   0: 3 0x80004f8e (0x030eb7b3) x15 0x1771370c
core   0: 0x80004f92 (0x025c1c33) mulh    s8, s8, t0
core   0: 3 0x80004f92 (0x025c1c33) x24 0x00000000
core   0: 0x80004f96 (0x006168b3) or      a7, sp, t1
core   0: 3 0x80004f96 (0x006168b3) x17 0xffffffef
core   0: 0x80004f9a (0x000090ca) c.add   ra, s2
core   0: 3 0x80004f9a (0x90ca) x 1 0x800001dc
core   0: 0x80004f9c (0x41e65093) srai    ra, a2, 30
core   0: 3 0x80004f9c (0x41e65093) x 1 0x00000000
core   0: 0x80004fa0 (0x01e1e933) or      s2, gp, t5
core   0: 3 0x80004fa0 (0x01e1e933) x18 0x27691f34
core   0: 0x80004fa4 (0x00f7d963) bge     a5, a5, pc + 18
core   0: 3 0x80004fa4 (0x00f7d963)
core   0: 0x80004fb6 (0x40b5de33) sra     t3, a1, a1
core   0: 3 0x80004fb6 (0x40b5de33) x28 0x00000000
core   0: 0x80004fba (0x00006b15) c.lui   s6, 0x5
core   0: 3 0x80004fba (0x6b15) x22 0x00005000
core   0: 0x80004fbc (0x0009d263) bgez    s3, pc + 4
core   0: 3 0x80004fbc (0x0009d263)
core   0: 0x80004fc0 (0x00006109) c.addi16sp sp, 128
core   0: 3 0x80004fc0 (0x6109) x 2 0x000003e2
core   0: 0x80004fc2 (0x00009c8e) c.add   s9, gp
core   0: 3 0x80004fc2 (0x9c8e) x25 0x2769271d
core   0: 0x80004fc4 (0x003ceeb3) or      t4, s9, gp
core   0: 3 0x80004fc4 (0x003ceeb3) x29 0x27693f3d
core   0: 0x80004fc8 (0xde710513) addi    a0, sp, -537
core   0: 3 0x80004fc8 (0xde710513) x10 0x000001c9
core   0: 0x80004fcc (0x00008bc9) c.andi  a5, 18
core   0: 3 0x80004fcc (0x8bc9) x15 0x00000000
core   0: 0x80004fce (0x03238c63) beq     t2, s2, pc + 56
core   0: 3 0x80004fce (0x03238c63)
core   0: 0x80004fd2 (0x40b28cb3) sub     s9, t0, a1
core   0: 3 0x80004fd2 (0x40b28cb3) x25 0xffffffee
core   0: 0x80004fd6 (0x00008e8d) c.sub   a3, a1
core   0: 3 0x80004fd6 (0x8e8d) x13 0x00000000
core   0: 0x80004fd8 (0x00cae863) bltu    s5, a2, pc + 16
core   0: 3 0x80004fd8 (0x00cae863)
core   0: 0x80004fdc (0x7a40fe93) andi    t4, ra, 1956
core   0: 3 0x80004fdc (0x7a40fe93) x29 0x00000000
core   0: 0x80004fe0 (0x0023c333) xor     t1, t2, sp
core   0: 3 0x80004fe0 (0x0023c333) x 6 0xfffffc1d
core   0: 0x80004fe4 (0x03874133) div     sp, a4, s8
core   0: 3 0x80004fe4 (0x03874133) x 2 0xffffffff
core   0: 0x80004fe8 (0x00000001) c.nop
core   0: 3 0x80004fe8 (0x0001)
core   0: 0x80004fea (0x41e18e33) sub     t3, gp, t5
core   0: 3 0x80004fea (0x41e18e33) x28 0x27691f34
core   0: 0x80004fee (0x215f2613) slti    a2, t5, 533
core   0: 3 0x80004fee (0x215f2613) x12 0x00000001
core   0: 0x80004ff2 (0x0000e591) c.bnez  a1, pc + 12
core   0: 3 0x80004ff2 (0xe591)
core   0: 0x80004ffe (0x00000b00) c.addi4spn s0, sp, 400
core   0: 3 0x80004ffe (0x0b00) x 8 0x0000018f
core   0: 0x80005000 (0x00000bfe) c.slli  s7, 31
core   0: 3 0x80005000 (0x0bfe) x23 0x00000000
core   0: 0x80005002 (0x05306063) bltu    zero, s3, pc + 64
core   0: 3 0x80005002 (0x05306063)
core   0: 0x80005042 (0x0157d893) srli    a7, a5, 21
core   0: 3 0x80005042 (0x0157d893) x17 0x00000000
core   0: 0x80005046 (0x0ff0000f) fence   iorw,iorw
core   0: 3 0x80005046 (0x0ff0000f)
core   0: 0x8000504a (0x0007bcb3) sltu    s9, a5, zero
core   0: 3 0x8000504a (0x0007bcb3) x25 0x00000000
core   0: 0x8000504e (0x00e202b3) add     t0, tp, a4
core   0: 3 0x8000504e (0x00e202b3) x 5 0x00000000
core   0: 0x80005052 (0x00009c62) c.add   s8, s8
core   0: 3 0x80005052 (0x9c62) x24 0x00000000
core   0: 0x80005054 (0x0000ef17) auipc   t5, 0xe
core   0: 3 0x80005054 (0x0000ef17) x30 0x80013054
core   0: 0x80005058 (0x649f0f13) addi    t5, t5, 1609
core   0: 3 0x80005058 (0x649f0f13) x30 0x8001369d
core   0: 0x8000505c (0x0ff0000f) fence   iorw,iorw
core   0: 3 0x8000505c (0x0ff0000f)
core   0: 0x80005060 (0x89042d97) auipc   s11, 0x89042
core   0: 3 0x80005060 (0x89042d97) x27 0x09047060
core   0: 0x80005064 (0xf62f0083) lb      ra, -158(t5)
core   0: 3 0x80005064 (0xf62f0083) x 1 0xffffffc5 mem 0x800135ff
core   0: 0x80005068 (0xfa9f5c03) lhu     s8, -87(t5)
core   0: 3 0x80005068 (0xfa9f5c03) x24 0x00003f67 mem 0x80013646
core   0: 0x8000506c (0x076f0f83) lb      t6, 118(t5)
core   0: 3 0x8000506c (0x076f0f83) x31 0x0000003f mem 0x80013713
core   0: 0x80005070 (0xba9ad697) auipc   a3, 0xba9ad
core   0: 3 0x80005070 (0xba9ad697) x13 0x3a9b2070
core   0: 0x80005074 (0x0cdf0523) sb      a3, 202(t5)
core   0: 3 0x80005074 (0x0cdf0523) mem 0x80013767 0x70
core   0: 0x80005078 (0x0b9f5003) lhu     zero, 185(t5)
core   0: 3 0x80005078 (0x0b9f5003) mem 0x80013756
core   0: 0x8000507c (0x04ff2083) lw      ra, 79(t5)
core   0: 3 0x8000507c (0x04ff2083) x 1 0x4da74589 mem 0x800136ec
core   0: 0x80005080 (0xf02f4903) lbu     s2, -254(t5)
core   0: 3 0x80005080 (0xf02f4903) x18 0x0000008a mem 0x8001359f
core   0: 0x80005084 (0x9233d9b7) lui     s3, 0x9233d
core   0: 3 0x80005084 (0x9233d9b7) x19 0x9233d000
core   0: 0x80005088 (0xf1df0123) sb      t4, -254(t5)
core   0: 3 0x80005088 (0xf1df0123) mem 0x8001359f 0x0
core   0: 0x8000508c (0x4179d513) srai    a0, s3, 23
core   0: 3 0x8000508c (0x4179d513) x10 0xffffff24
core   0: 0x80005090 (0x45e88e37) lui     t3, 0x45e88
core   0: 3 0x80005090 (0x45e88e37) x28 0x45e88000
core   0: 0x80005094 (0x00008d05) c.sub   a0, s1
core   0: 3 0x80005094 (0x8d05) x10 0x7ffd6240
core   0: 0x80005096 (0x00001e7d) c.addi  t3, -1
core   0: 3 0x80005096 (0x1e7d) x28 0x45e87fff
core   0: 0x80005098 (0xfb4f0203) lb      tp, -76(t5)
core   0: 3 0x80005098 (0xfb4f0203) x 4 0x00000017 mem 0x80013651
core   0: 0x8000509c (0x58538113) addi    sp, t2, 1413
core   0: 3 0x8000509c (0x58538113) x 2 0x00000584
core   0: 0x800050a0 (0x034f13a3) sh      s4, 39(t5)
core   0: 3 0x800050a0 (0x034f13a3) mem 0x800136c4 0x0000
core   0: 0x800050a4 (0x00006965) c.lui   s2, 0x19
core   0: 3 0x800050a4 (0x6965) x18 0x00019000
core   0: 0x800050a6 (0xf3bf10a3) sh      s11, -223(t5)
core   0: 3 0x800050a6 (0xf3bf10a3) mem 0x800135be 0x7060
core   0: 0x800050aa (0x01313533) sltu    a0, sp, s3
core   0: 3 0x800050aa (0x01313533) x10 0x00000001
core   0: 0x800050ae (0xf9ef1ca3) sh      t5, -103(t5)
core   0: 3 0x800050ae (0xf9ef1ca3) mem 0x80013636 0x369d
core   0: 0x800050b2 (0xfd5f15a3) sh      s5, -53(t5)
core   0: 3 0x800050b2 (0xfd5f15a3) mem 0x80013668 0xffff
core   0: 0x800050b6 (0x03d54bb3) div     s7, a0, t4
core   0: 3 0x800050b6 (0x03d54bb3) x23 0xffffffff
core   0: 0x800050ba (0x0c9f4603) lbu     a2, 201(t5)
core   0: 3 0x800050ba (0x0c9f4603) x12 0x0000008e mem 0x80013766
core   0: 0x800050be (0xeb46be93) sltiu   t4, a3, -332
core   0: 3 0x800050be (0xeb46be93) x29 0x00000001
core   0: 0x800050c2 (0xf99f0383) lb      t2, -103(t5)
core   0: 3 0x800050c2 (0xf99f0383) x 7 0xffffff9d mem 0x80013636
core   0: 0x800050c6 (0xfe5f5383) lhu     t2, -27(t5)
core   0: 3 0x800050c6 (0xfe5f5383) x 7 0x0000a156 mem 0x80013682
core   0: 0x800050ca (0x00008645) c.srai  a2, 17
core   0: 3 0x800050ca (0x8645) x12 0x00000000
core   0: 0x800050cc (0x021ef063) bgeu    t4, ra, pc + 32
core   0: 3 0x800050cc (0x021ef063)
core   0: 0x800050d0 (0x03f95c33) divu    s8, s2, t6
core   0: 3 0x800050d0 (0x03f95c33) x24 0x00000659
core   0: 0x800050d4 (0x01285793) srli    a5, a6, 18
core   0: 3 0x800050d4 (0x01285793) x15 0x00002000
core   0: 0x800050d8 (0x014a7c63) bgeu    s4, s4, pc + 24
core   0: 3 0x800050d8 (0x014a7c63)
core   0: 0x800050f0 (0x41025d93) srai    s11, tp, 16
core   0: 3 0x800050f0 (0x41025d93) x27 0x00000000
core   0: 0x800050f4 (0x003e12b3) sll     t0, t3, gp
core   0: 3 0x800050f4 (0x003e12b3) x 5 0xfff00000
core   0: 0x800050f8 (0x03f6f3b3) remu    t2, a3, t6
core   0: 3 0x800050f8 (0x03f6f3b3) x 7 0x00000006
core   0: 0x800050fc (0x03baebb3) rem     s7, s5, s11
core   0: 3 0x800050fc (0x03baebb3) x23 0xffffffff
core   0: 0x80005100 (0x00008e71) c.and   a2, a2
core   0: 3 0x80005100 (0x8e71) x12 0x00000000
core   0: 0x80005102 (0x0073ed33) or      s10, t2, t2
core   0: 3 0x80005102 (0x0073ed33) x26 0x00000006
core   0: 0x80005106 (0x00006ea9) c.lui   t4, 0xa
core   0: 3 0x80005106 (0x6ea9) x29 0x0000a000
core   0: 0x80005108 (0x0000100f) fence.i
core   0: 3 0x80005108 (0x0000100f)
core   0: 0x8000510c (0xa9674597) auipc   a1, 0xa9674
core   0: 3 0x8000510c (0xa9674597) x11 0x2967910c
core   0: 0x80005110 (0x00000001) c.nop
core   0: 3 0x80005110 (0x0001)
core   0: 0x80005112 (0x020f5d63) bgez    t5, pc + 58
core   0: 3 0x80005112 (0x020f5d63)
core   0: 0x80005116 (0x05544063) blt     s0, s5, pc + 64
core   0: 3 0x80005116 (0x05544063)
core   0: 0x8000511a (0x00008fd9) c.or    a5, a4
core   0: 3 0x8000511a (0x8fd9) x15 0x00002000
core   0: 0x8000511c (0x02876ab3) rem     s5, a4, s0
core   0: 3 0x8000511c (0x02876ab3) x21 0x00000000
core   0: 0x80005120 (0x0351e733) rem     a4, gp, s5
core   0: 3 0x80005120 (0x0351e733) x14 0x27691f34
core   0: 0x80005124 (0x00000001) c.nop
core   0: 3 0x80005124 (0x0001)
core   0: 0x80005126 (0x00008e0d) c.sub   a2, a1
core   0: 3 0x80005126 (0x8e0d) x12 0xd6986ef4
core   0: 0x80005128 (0x00008f25) c.xor   a4, s1
core   0: 3 0x80005128 (0x8f25) x14 0xa76b83d0
core   0: 0x8000512a (0x01a7fcb3) and     s9, a5, s10
core   0: 3 0x8000512a (0x01a7fcb3) x25 0x00000000
core   0: 0x8000512e (0x01dff5b3) and     a1, t6, t4
core   0: 3 0x8000512e (0x01dff5b3) x11 0x00000000
core   0: 0x80005132 (0x031aabb3) mulhsu  s7, s5, a7
core   0: 3 0x80005132 (0x031aabb3) x23 0x00000000
core   0: 0x80005136 (0x41fa5ab3) sra     s5, s4, t6
core   0: 3 0x80005136 (0x41fa5ab3) x21 0xffffffff
core   0: 0x8000513a (0x02f20e63) beq     tp, a5, pc + 60
core   0: 3 0x8000513a (0x02f20e63)
core   0: 0x8000513e (0xdd513897) auipc   a7, 0xdd513
core   0: 3 0x8000513e (0xdd513897) x17 0x5d51813e
core   0: 0x80005142 (0x00009afd) c.andi  a3, -1
core   0: 3 0x80005142 (0x9afd) x13 0x3a9b2070
core   0: 0x80005144 (0x02c83c33) mulhu   s8, a6, a2
core   0: 3 0x80005144 (0x02c83c33) x24 0x6b4e33ca
core   0: 0x80005148 (0x0000100f) fence.i
core   0: 3 0x80005148 (0x0000100f)
core   0: 0x8000514c (0x294a0293) addi    t0, s4, 660
core   0: 3 0x8000514c (0x294a0293) x 5 0x80000294
core   0: 0x80005150 (0x02d67eb3) remu    t4, a2, a3
core   0: 3 0x80005150 (0x02d67eb3) x29 0x26c70da4
core   0: 0x80005154 (0x00000001) c.nop
core   0: 3 0x80005154 (0x0001)
core   0: 0x80005156 (0x00008e15) c.sub   a2, a3
core   0: 3 0x80005156 (0x8e15) x12 0x9bfd4e84
core   0: 0x80005158 (0x01b63133) sltu    sp, a2, s11
core   0: 3 0x80005158 (0x01b63133) x 2 0x00000000
core   0: 0x8000515c (0x00caf133) and     sp, s5, a2
core   0: 3 0x8000515c (0x00caf133) x 2 0x9bfd4e84
core   0: 0x80005160 (0xd3f002b7) lui     t0, 0xd3f00
core   0: 3 0x80005160 (0xd3f002b7) x 5 0xd3f00000
core   0: 0x80005164 (0x90ea8693) addi    a3, s5, -1778
core   0: 3 0x80005164 (0x90ea8693) x13 0xfffff90d
core   0: 0x80005168 (0x00000001) c.nop
core   0: 3 0x80005168 (0x0001)
core   0: 0x8000516a (0x00008f09) c.sub   a4, a0
core   0: 3 0x8000516a (0x8f09) x14 0xa76b83cf
core   0: 0x8000516c (0x021f3c33) mulhu   s8, t5, ra
core   0: 3 0x8000516c (0x021f3c33) x24 0x26d400fc
core   0: 0x80005170 (0x00d32033) slt     zero, t1, a3
core   0: 3 0x80005170 (0x00d32033)
core   0: 0x80005174 (0x000050fd) c.li    ra, -1
core   0: 3 0x80005174 (0x50fd) x 1 0xffffffff
core   0: 0x80005176 (0x0214a0b3) mulhsu  ra, s1, ra
core   0: 3 0x80005176 (0x0214a0b3) x 1 0x80029ce4
core   0: 0x8000517a (0x00000e05) c.addi  t3, 1
core   0: 3 0x8000517a (0x0e05) x28 0x45e88000
core   0: 0x8000517c (0x01fc7863) bgeu    s8, t6, pc + 16
core   0: 3 0x8000517c (0x01fc7863)
core   0: 0x8000518c (0x00008df9) c.and   a1, a4
core   0: 3 0x8000518c (0x8df9) x11 0x00000000
core   0: 0x8000518e (0x00085763) bgez    a6, pc + 14
core   0: 3 0x8000518e (0x00085763)
core   0: 0x80005192 (0x014a0c33) add     s8, s4, s4
core   0: 3 0x80005192 (0x014a0c33) x24 0x00000000
core   0: 0x80005196 (0x00709cb3) sll     s9, ra, t2
core   0: 3 0x80005196 (0x00709cb3) x25 0x00a73900
core   0: 0x8000519a (0x00008e1d) c.sub   a2, a5
core   0: 3 0x8000519a (0x8e1d) x12 0x9bfd2e84
core   0: 0x8000519c (0x019f40b3) xor     ra, t5, s9
core   0: 3 0x8000519c (0x019f40b3) x 1 0x80a60f9d
core   0: 0x800051a0 (0x00000001) c.nop
core   0: 3 0x800051a0 (0x0001)
core   0: 0x800051a2 (0x0ff0000f) fence   iorw,iorw
core   0: 3 0x800051a2 (0x0ff0000f)
core   0: 0x800051a6 (0x01871263) bne     a4, s8, pc + 4
core   0: 3 0x800051a6 (0x01871263)
core   0: 0x800051aa (0x014d76b3) and     a3, s10, s4
core   0: 3 0x800051aa (0x014d76b3) x13 0x00000000
core   0: 0x800051ae (0x0000c79d) c.beqz  a5, pc + 46
core   0: 3 0x800051ae (0xc79d)
core   0: 0x800051b0 (0x00008445) c.srai  s0, 17
core   0: 3 0x800051b0 (0x8445) x 8 0x00000000
core   0: 0x800051b2 (0x00006785) c.lui   a5, 0x1
core   0: 3 0x800051b2 (0x6785) x15 0x00001000
core   0: 0x800051b4 (0x015629b3) slt     s3, a2, s5
core   0: 3 0x800051b4 (0x015629b3) x19 0x00000001
core   0: 0x800051b8 (0x02c7d8b3) divu    a7, a5, a2
core   0: 3 0x800051b8 (0x02c7d8b3) x17 0x00000000
core   0: 0x800051bc (0x02778963) beq     a5, t2, pc + 50
core   0: 3 0x800051bc (0x02778963)
core   0: 0x800051c0 (0x014606b3) add     a3, a2, s4
core   0: 3 0x800051c0 (0x014606b3) x13 0x1bfd2e84
core   0: 0x800051c4 (0x00008651) c.srai  a2, 20
core   0: 3 0x800051c4 (0x8651) x12 0xfffff9bf
core   0: 0x800051c6 (0x000085ee) c.mv    a1, s11
core   0: 3 0x800051c6 (0x85ee) x11 0x00000000
core   0: 0x800051c8 (0x00008c15) c.sub   s0, a3
core   0: 3 0x800051c8 (0x8c15) x 8 0xe402d17c
core   0: 0x800051ca (0x00a29733) sll     a4, t0, a0
core   0: 3 0x800051ca (0x00a29733) x14 0xa7e00000
core   0: 0x800051ce (0x000069a9) c.lui   s3, 0xa
core   0: 3 0x800051ce (0x69a9) x19 0x0000a000
core   0: 0x800051d0 (0x000f1263) bnez    t5, pc + 4
core   0: 3 0x800051d0 (0x000f1263)
core   0: 0x800051d4 (0x01db9fb3) sll     t6, s7, t4
core   0: 3 0x800051d4 (0x01db9fb3) x31 0x00000000
core   0: 0x800051d8 (0x01d60363) beq     a2, t4, pc + 6
core   0: 3 0x800051d8 (0x01d60363)
core   0: 0x800051dc (0x00008d09) c.sub   a0, a0
core   0: 3 0x800051dc (0x8d09) x10 0x00000000
core   0: 0x800051de (0x0000c19d) c.beqz  a1, pc + 38
core   0: 3 0x800051de (0xc19d)
core   0: 0x80005204 (0x0000100f) fence.i
core   0: 3 0x80005204 (0x0000100f)
core   0: 0x80005208 (0x01067c63) bgeu    a2, a6, pc + 24
core   0: 3 0x80005208 (0x01067c63)
core   0: 0x80005220 (0x01764d63) blt     a2, s7, pc + 26
core   0: 3 0x80005220 (0x01764d63)
core   0: 0x8000523a (0x01509333) sll     t1, ra, s5
core   0: 3 0x8000523a (0x01509333) x 6 0x80000000
core   0: 0x8000523e (0xfeb90a93) addi    s5, s2, -21
core   0: 3 0x8000523e (0xfeb90a93) x21 0x00018feb
core   0: 0x80005242 (0x0231bfb3) mulhu   t6, gp, gp
core   0: 3 0x80005242 (0x0231bfb3) x31 0x061132ac
core   0: 0x80005246 (0x013c8d33) add     s10, s9, s3
core   0: 3 0x80005246 (0x013c8d33) x26 0x00a7d900
core   0: 0x8000524a (0x35f41d37) lui     s10, 0x35f41
core   0: 3 0x8000524a (0x35f41d37) x26 0x35f41000
core   0: 0x8000524e (0x008f8233) add     tp, t6, s0
core   0: 3 0x8000524e (0x008f8233) x 4 0xea140428
core   0: 0x80005252 (0x073eea93) ori     s5, t4, 115
core   0: 3 0x80005252 (0x073eea93) x21 0x26c70df7
core   0: 0x80005256 (0x0000058c) c.addi4spn a1, sp, 704
core   0: 3 0x80005256 (0x058c) x11 0x9bfd5144
core   0: 0x80005258 (0x00008256) c.mv    tp, s5
core   0: 3 0x80005258 (0x8256) x 4 0x26c70df7
core   0: 0x8000525a (0x021f9363) bne     t6, ra, pc + 38
core   0: 3 0x8000525a (0x021f9363)
core   0: 0x80005280 (0x019f3ab3) sltu    s5, t5, s9
core   0: 3 0x80005280 (0x019f3ab3) x21 0x00000000
core   0: 0x80005284 (0x03a4c433) div     s0, s1, s10
core   0: 3 0x80005284 (0x03a4c433) x 8 0xfffffffe
core   0: 0x80005288 (0x01eff463) bgeu    t6, t5, pc + 8
core   0: 3 0x80005288 (0x01eff463)
core   0: 0x8000528c (0x58eb1c17) auipc   s8, 0x58eb1
core   0: 3 0x8000528c (0x58eb1c17) x24 0xd8eb628c
core   0: 0x80005290 (0x00006aa9) c.lui   s5, 0xa
core   0: 3 0x80005290 (0x6aa9) x21 0x0000a000
core   0: 0x80005292 (0x97b52213) slti    tp, a0, -1669
core   0: 3 0x80005292 (0x97b52213) x 4 0x00000000
core   0: 0x80005296 (0x1a50b713) sltiu   a4, ra, 421
core   0: 3 0x80005296 (0x1a50b713) x14 0x00000000
core   0: 0x8000529a (0x0000864d) c.srai  a2, 19
core   0: 3 0x8000529a (0x864d) x12 0xffffffff
core   0: 0x8000529c (0x00a11f93) slli    t6, sp, 10
core   0: 3 0x8000529c (0x00a11f93) x31 0xf53a1000
core   0: 0x800052a0 (0x01809fb3) sll     t6, ra, s8
core   0: 3 0x800052a0 (0x01809fb3) x31 0x60f9d000
core   0: 0x800052a4 (0x0399aeb3) mulhsu  t4, s3, s9
core   0: 3 0x800052a4 (0x0399aeb3) x29 0x00000068
core   0: 0x800052a8 (0x5191b513) sltiu   a0, gp, 1305
core   0: 3 0x800052a8 (0x5191b513) x10 0x00000000
core   0: 0x800052ac (0x0387ec63) bltu    a5, s8, pc + 56
core   0: 3 0x800052ac (0x0387ec63)
core   0: 0x800052e4 (0x027cdf63) bge     s9, t2, pc + 62
core   0: 3 0x800052e4 (0x027cdf63)
core   0: 0x80005322 (0x00778333) add     t1, a5, t2
core   0: 3 0x80005322 (0x00778333) x 6 0x00001006
core   0: 0x80005326 (0x0340fa63) bgeu    ra, s4, pc + 52
core   0: 3 0x80005326 (0x0340fa63)
core   0: 0x8000535a (0x01e5cd33) xor     s10, a1, t5
core   0: 3 0x8000535a (0x01e5cd33) x26 0x1bfc67d9
core   0: 0x8000535e (0x9e330093) addi    ra, t1, -1565
core   0: 3 0x8000535e (0x9e330093) x 1 0x000009e9
core   0: 0x80005362 (0x030155b3) divu    a1, sp, a6
core   0: 3 0x80005362 (0x030155b3) x11 0x00000001
core   0: 0x80005366 (0x01725c93) srli    s9, tp, 23
core   0: 3 0x80005366 (0x01725c93) x25 0x00000000
core   0: 0x8000536a (0x010771b3) and     gp, a4, a6
core   0: 3 0x8000536a (0x010771b3) x 3 0x00000000
core   0: 0x8000536e (0x407158b3) sra     a7, sp, t2
core   0: 3 0x8000536e (0x407158b3) x17 0xfe6ff53a
core   0: 0x80005372 (0x01e96263) bltu    s2, t5, pc + 4
core   0: 3 0x80005372 (0x01e96263)
core   0: 0x80005376 (0x00183e33) sltu    t3, a6, ra
core   0: 3 0x80005376 (0x00183e33) x28 0x00000000
core   0: 0x8000537a (0x00008e49) c.or    a2, a0
core   0: 3 0x8000537a (0x8e49) x12 0xffffffff
core   0: 0x8000537c (0x40325113) srai    sp, tp, 3
core   0: 3 0x8000537c (0x40325113) x 2 0x00000000
core   0: 0x80005380 (0x0000c799) c.beqz  a5, pc + 14
core   0: 3 0x80005380 (0xc799)
core   0: 0x80005382 (0x0ff0000f) fence   iorw,iorw
core   0: 3 0x80005382 (0x0ff0000f)
core   0: 0x80005386 (0x00fec233) xor     tp, t4, a5
core   0: 3 0x80005386 (0x00fec233) x 4 0x00001068
core   0: 0x8000538a (0x00301f13) slli    t5, zero, 3
core   0: 3 0x8000538a (0x00301f13) x30 0x00000000
core   0: 0x8000538e (0x0000717d) c.addi16sp sp, -16
core   0: 3 0x8000538e (0x717d) x 2 0xfffffff0
core   0: 0x80005390 (0x012991b3) sll     gp, s3, s2
core   0: 3 0x80005390 (0x012991b3) x 3 0x0000a000
core   0: 0x80005394 (0x0ff0000f) fence   iorw,iorw
core   0: 3 0x80005394 (0x0ff0000f)
core   0: 0x80005398 (0x8a232093) slti    ra, t1, -1886
core   0: 3 0x80005398 (0x8a232093) x 1 0x00000000
core   0: 0x8000539c (0x0000042a) c.slli  s0, 10
core   0: 3 0x8000539c (0x042a) x 8 0xfffff800
core   0: 0x8000539e (0x000081ed) c.srli  a1, 27
core   0: 3 0x8000539e (0x81ed) x11 0x00000000
core   0: 0x800053a0 (0xbf16e193) ori     gp, a3, -1039
core   0: 3 0x800053a0 (0xbf16e193) x 3 0xfffffff5
core   0: 0x800053a4 (0x000017fd) c.addi  a5, -1
core   0: 3 0x800053a4 (0x17fd) x15 0x00000fff
core   0: 0x800053a6 (0x408dd2b3) sra     t0, s11, s0
core   0: 3 0x800053a6 (0x408dd2b3) x 5 0x00000000
core   0: 0x800053aa (0x0eff3a93) sltiu   s5, t5, 239
core   0: 3 0x800053aa (0x0eff3a93) x21 0x00000001
core   0: 0x800053ae (0xdb433513) sltiu   a0, t1, -588
core   0: 3 0x800053ae (0xdb433513) x10 0x00000001
core   0: 0x800053b2 (0xbc8ea593) slti    a1, t4, -1080
core   0: 3 0x800053b2 (0xbc8ea593) x11 0x00000000
core   0: 0x800053b6 (0x03d6c0b3) div     ra, a3, t4
core   0: 3 0x800053b6 (0x03d6c0b3) x 1 0x0044e55e
core   0: 0x800053ba (0x0000990e) c.add   s2, gp
core   0: 3 0x800053ba (0x990e) x18 0x00018ff5
core   0: 0x800053bc (0xb782a513) slti    a0, t0, -1160
core   0: 3 0x800053bc (0xb782a513) x10 0x00000000
core   0: 0x800053c0 (0x000052fd) c.li    t0, -1
core   0: 3 0x800053c0 (0x52fd) x 5 0xffffffff
core   0: 0x800053c2 (0x00008031) c.srli  s0, 12
core   0: 3 0x800053c2 (0x8031) x 8 0x000fffff
core   0: 0x800053c4 (0x00008d2d) c.xor   a0, a1
core   0: 3 0x800053c4 (0x8d2d) x10 0x00000000
core   0: 0x800053c6 (0x00008ad1) c.andi  a3, 20
core   0: 3 0x800053c6 (0x8ad1) x13 0x00000004
core   0: 0x800053c8 (0x98922a93) slti    s5, tp, -1655
core   0: 3 0x800053c8 (0x98922a93) x21 0x00000000
core   0: 0x800053cc (0x3aa08613) addi    a2, ra, 938
core   0: 3 0x800053cc (0x3aa08613) x12 0x0044e908
core   0: 0x800053d0 (0x00008b79) c.andi  a4, 30
core   0: 3 0x800053d0 (0x8b79) x14 0x00000000
core   0: 0x800053d2 (0x0380f733) remu    a4, ra, s8
core   0: 3 0x800053d2 (0x0380f733) x14 0x0044e55e
core   0: 0x800053d6 (0x05d39063) bne     t2, t4, pc + 64
core   0: 3 0x800053d6 (0x05d39063)
core   0: 0x80005416 (0x000085a5) c.srai  a1, 9
core   0: 3 0x80005416 (0x85a5) x11 0x00000000
core   0: 0x80005418 (0x00000001) c.nop
core   0: 3 0x80005418 (0x0001)
core   0: 0x8000541a (0x02499a63) bne     s3, tp, pc + 52
core   0: 3 0x8000541a (0x02499a63)
core   0: 0x8000544e (0x337abe93) sltiu   t4, s5, 823
core   0: 3 0x8000544e (0x337abe93) x29 0x00000001
core   0: 0x80005452 (0x00000001) c.nop
core   0: 3 0x80005452 (0x0001)
core   0: 0x80005454 (0x001bff33) and     t5, s7, ra
core   0: 3 0x80005454 (0x001bff33) x30 0x00000000
core   0: 0x80005458 (0x038067b3) rem     a5, zero, s8
core   0: 3 0x80005458 (0x038067b3) x15 0x00000000
core   0: 0x8000545c (0x02044433) div     s0, s0, zero
core   0: 3 0x8000545c (0x02044433) x 8 0xffffffff
core   0: 0x80005460 (0x0000171c) c.addi4spn a5, sp, 928
core   0: 3 0x80005460 (0x171c) x15 0x00000390
core   0: 0x80005462 (0x02169563) bne     a3, ra, pc + 42
core   0: 3 0x80005462 (0x02169563)
core   0: 0x8000548c (0x01e880b3) add     ra, a7, t5
core   0: 3 0x8000548c (0x01e880b3) x 1 0xfe6ff53a
core   0: 0x80005490 (0x31fb7c17) auipc   s8, 0x31fb7
core   0: 3 0x80005490 (0x31fb7c17) x24 0xb1fbc490
core   0: 0x80005494 (0x0000615d) c.addi16sp sp, 432
core   0: 3 0x80005494 (0x615d) x 2 0x000001a0
core   0: 0x80005496 (0x000096ce) c.add   a3, s3
core   0: 3 0x80005496 (0x96ce) x13 0x0000a004
core   0: 0x80005498 (0x00ff1913) slli    s2, t5, 15
core   0: 3 0x80005498 (0x00ff1913) x18 0x00000000
core   0: 0x8000549c (0x01402033) slt     zero, zero, s4
core   0: 3 0x8000549c (0x01402033)
core   0: 0x800054a0 (0x020285b3) mul     a1, t0, zero
core   0: 3 0x800054a0 (0x020285b3) x11 0x00000000
core   0: 0x800054a4 (0x5c9cc2b7) lui     t0, 0x5c9cc
core   0: 3 0x800054a4 (0x5c9cc2b7) x 5 0x5c9cc000
core   0: 0x800054a8 (0x5f2de513) ori     a0, s11, 1522
core   0: 3 0x800054a8 (0x5f2de513) x10 0x000005f2
core   0: 0x800054ac (0x00000001) c.nop
core   0: 3 0x800054ac (0x0001)
core   0: 0x800054ae (0x00000346) c.slli  t1, 17
core   0: 3 0x800054ae (0x0346) x 6 0x200c0000
core   0: 0x800054b0 (0x41390733) sub     a4, s2, s3
core   0: 3 0x800054b0 (0x41390733) x14 0xffff6000
core   0: 0x800054b4 (0x00008299) c.srli  a3, 6
core   0: 3 0x800054b4 (0x8299) x13 0x00000280
core   0: 0x800054b6 (0x01718fb3) add     t6, gp, s7
core   0: 3 0x800054b6 (0x01718fb3) x31 0xfffffff5
core   0: 0x800054ba (0x00000918) c.addi4spn a4, sp, 144
core   0: 3 0x800054ba (0x0918) x14 0x00000230
core   0: 0x800054bc (0x28eb6d93) ori     s11, s6, 654
core   0: 3 0x800054bc (0x28eb6d93) x27 0x0000528e
core   0: 0x800054c0 (0x000081a1) c.srli  a1, 8
core   0: 3 0x800054c0 (0x81a1) x11 0x00000000
core   0: 0x800054c2 (0x00c976b3) and     a3, s2, a2
core   0: 3 0x800054c2 (0x00c976b3) x13 0x00000000
core   0: 0x800054c6 (0x003da333) slt     t1, s11, gp
core   0: 3 0x800054c6 (0x003da333) x 6 0x00000000
core   0: 0x800054ca (0x0000c129) c.beqz  a0, pc + 66
core   0: 3 0x800054ca (0xc129)
core   0: 0x800054cc (0x0000717d) c.addi16sp sp, -16
core   0: 3 0x800054cc (0x717d) x 2 0x00000190
core   0: 0x800054ce (0x01abffb3) and     t6, s7, s10
core   0: 3 0x800054ce (0x01abffb3) x31 0x00000000
core   0: 0x800054d2 (0x01b663b3) or      t2, a2, s11
core   0: 3 0x800054d2 (0x01b663b3) x 7 0x0044fb8e
core   0: 0x800054d6 (0x00e51d13) slli    s10, a0, 14
core   0: 3 0x800054d6 (0x00e51d13) x26 0x017c8000
core   0: 0x800054da (0x003b5363) bge     s6, gp, pc + 6
core   0: 3 0x800054da (0x003b5363)
core   0: 0x800054e0 (0x7671f413) andi    s0, gp, 1895
core   0: 3 0x800054e0 (0x7671f413) x 8 0x00000765
core   0: 0x800054e4 (0x020569b3) rem     s3, a0, zero
core   0: 3 0x800054e4 (0x020569b3) x19 0x000005f2
core   0: 0x800054e8 (0xb02e4513) xori    a0, t3, -1278
core   0: 3 0x800054e8 (0xb02e4513) x10 0xfffffb02
core   0: 0x800054ec (0x002a00b3) add     ra, s4, sp
core   0: 3 0x800054ec (0x002a00b3) x 1 0x80000190
core   0: 0x800054f0 (0x05aaf263) bgeu    s5, s10, pc + 68
core   0: 3 0x800054f0 (0x05aaf263)
core   0: 0x800054f4 (0x02055433) divu    s0, a0, zero
core   0: 3 0x800054f4 (0x02055433) x 8 0xffffffff
core   0: 0x800054f8 (0x001fe8b3) or      a7, t6, ra
core   0: 3 0x800054f8 (0x001fe8b3) x17 0x80000190
core   0: 0x800054fc (0x02d8d133) divu    sp, a7, a3
core   0: 3 0x800054fc (0x02d8d133) x 2 0xffffffff
core   0: 0x80005500 (0x0ff0000f) fence   iorw,iorw
core   0: 3 0x80005500 (0x0ff0000f)
core   0: 0x80005504 (0x01574b33) xor     s6, a4, s5
core   0: 3 0x80005504 (0x01574b33) x22 0x00000230
core   0: 0x80005508 (0x033c07b3) mul     a5, s8, s3
core   0: 3 0x80005508 (0x033c07b3) x15 0x2ad6a020
core   0: 0x8000550c (0x02445263) bge     s0, tp, pc + 36
core   0: 3 0x8000550c (0x02445263)
core   0: 0x80005510 (0x01b97863) bgeu    s2, s11, pc + 16
core   0: 3 0x80005510 (0x01b97863)
core   0: 0x80005514 (0x00ad3eb3) sltu    t4, s10, a0
core   0: 3 0x80005514 (0x00ad3eb3) x29 0x00000001
core   0: 0x80005518 (0x05300263) beq     zero, s3, pc + 68
core   0: 3 0x80005518 (0x05300263)
core   0: 0x8000551c (0x0ff0000f) fence   iorw,iorw
core   0: 3 0x8000551c (0x0ff0000f)
core   0: 0x80005520 (0x03b5b3b3) mulhu   t2, a1, s11
core   0: 3 0x80005520 (0x03b5b3b3) x 7 0x00000000
core   0: 0x80005524 (0x01715133) srl     sp, sp, s7
core   0: 3 0x80005524 (0x01715133) x 2 0xffffffff
core   0: 0x80005528 (0x812fb913) sltiu   s2, t6, -2030
core   0: 3 0x80005528 (0x812fb913) x18 0x00000001
core   0: 0x8000552c (0x0203ef63) bltu    t2, zero, pc + 62
core   0: 3 0x8000552c (0x0203ef63)
core   0: 0x80005530 (0x026478b3) remu    a7, s0, t1
core   0: 3 0x80005530 (0x026478b3) x17 0xffffffff
core   0: 0x80005534 (0x00000d7e) c.slli  s10, 31
core   0: 3 0x80005534 (0x0d7e) x26 0x00000000
core   0: 0x80005536 (0x41795413) srai    s0, s2, 23
core   0: 3 0x80005536 (0x41795413) x 8 0x00000000
core   0: 0x8000553a (0x011e1c13) slli    s8, t3, 17
core   0: 3 0x8000553a (0x011e1c13) x24 0x00000000
core   0: 0x8000553e (0x00000e29) c.addi  t3, 10
core   0: 3 0x8000553e (0x0e29) x28 0x0000000a
core   0: 0x80005540 (0x026c5563) bge     s8, t1, pc + 42
core   0: 3 0x80005540 (0x026c5563)
core   0: 0x8000556a (0x0000e81d) c.bnez  s0, pc + 54
core   0: 3 0x8000556a (0xe81d)
core   0: 0x8000556c (0x01879d63) bne     a5, s8, pc + 26
core   0: 3 0x8000556c (0x01879d63)
core   0: 0x80005586 (0x6138be97) auipc   t4, 0x6138b
core   0: 3 0x80005586 (0x6138be97) x29 0xe1390586
core   0: 0x8000558a (0x925fcc17) auipc   s8, 0x925fc
core   0: 3 0x8000558a (0x925fcc17) x24 0x1260158a
core   0: 0x8000558e (0x00008e99) c.sub   a3, a4
core   0: 3 0x8000558e (0x8e99) x13 0xfffffdd0
core   0: 0x80005590 (0x02f7f2b3) remu    t0, a5, a5
core   0: 3 0x80005590 (0x02f7f2b3) x 5 0x00000000
core   0: 0x80005594 (0x2d354913) xori    s2, a0, 723
core   0: 3 0x80005594 (0x2d354913) x18 0xfffff9d1
core   0: 0x80005598 (0x0ff0000f) fence   iorw,iorw
core   0: 3 0x80005598 (0x0ff0000f)
core   0: 0x8000559c (0x00006239) c.lui   tp, 0xe
core   0: 3 0x8000559c (0x6239) x 4 0x0000e000
core   0: 0x8000559e (0x00006961) c.lui   s2, 0x18
core   0: 3 0x8000559e (0x6961) x18 0x00018000
core   0: 0x800055a0 (0x01049ab3) sll     s5, s1, a6
core   0: 3 0x800055a0 (0x01049ab3) x21 0x0029ce40
core   0: 0x800055a4 (0x01e13e33) sltu    t3, sp, t5
core   0: 3 0x800055a4 (0x01e13e33) x28 0x00000000
core   0: 0x800055a8 (0x039e6cb3) rem     s9, t3, s9
core   0: 3 0x800055a8 (0x039e6cb3) x25 0x00000000
core   0: 0x800055ac (0x000040ad) c.li    ra, 11
core   0: 3 0x800055ac (0x40ad) x 1 0x0000000b
core   0: 0x800055ae (0x002118b3) sll     a7, sp, sp
core   0: 3 0x800055ae (0x002118b3) x17 0x80000000
core   0: 0x800055b2 (0x00000001) c.nop
core   0: 3 0x800055b2 (0x0001)
core   0: 0x800055b4 (0x00615613) srli    a2, sp, 6
core   0: 3 0x800055b4 (0x00615613) x12 0x03ffffff
core   0: 0x800055b8 (0x0ff0000f) fence   iorw,iorw
core   0: 3 0x800055b8 (0x0ff0000f)
core   0: 0x800055bc (0x00008bed) c.andi  a5, 27
core   0: 3 0x800055bc (0x8bed) x15 0x00000000
core   0: 0x800055be (0x0000c581) c.beqz  a1, pc + 8
core   0: 3 0x800055be (0xc581)
core   0: 0x800055c6 (0x02abc433) div     s0, s7, a0
core   0: 3 0x800055c6 (0x02abc433) x 8 0x00000000
core   0: 0x800055ca (0x0000100f) fence.i
core   0: 3 0x800055ca (0x0000100f)
core   0: 0x800055ce (0x0094e2b3) or      t0, s1, s1
core   0: 3 0x800055ce (0x0094e2b3) x 5 0x80029ce4
core   0: 0x800055d2 (0x01a07863) bgeu    zero, s10, pc + 16
core   0: 3 0x800055d2 (0x01a07863)
core   0: 0x800055e2 (0x4116dab3) sra     s5, a3, a7
core   0: 3 0x800055e2 (0x4116dab3) x21 0xfffffdd0
core   0: 0x800055e6 (0x00cf1f33) sll     t5, t5, a2
core   0: 3 0x800055e6 (0x00cf1f33) x30 0x00000000
core   0: 0x800055ea (0x00008eed) c.and   a3, a1
core   0: 3 0x800055ea (0x8eed) x13 0x00000000
core   0: 0x800055ec (0x9ef76d93) ori     s11, a4, -1553
core   0: 3 0x800055ec (0x9ef76d93) x27 0xfffffbff
core   0: 0x800055f0 (0x02b31fb3) mulh    t6, t1, a1
core   0: 3 0x800055f0 (0x02b31fb3) x31 0x00000000
core   0: 0x800055f4 (0x035ad7b3) divu    a5, s5, s5
core   0: 3 0x800055f4 (0x035ad7b3) x15 0x00000001
core   0: 0x800055f8 (0x0366db33) divu    s6, a3, s6
core   0: 3 0x800055f8 (0x0366db33) x22 0x00000000
core   0: 0x800055fc (0x021be0b3) rem     ra, s7, ra
core   0: 3 0x800055fc (0x021be0b3) x 1 0x00000000
core   0: 0x80005600 (0x0000e989) c.bnez  a1, pc + 18
core   0: 3 0x80005600 (0xe989)
core   0: 0x80005602 (0x0103ee33) or      t3, t2, a6
core   0: 3 0x80005602 (0x0103ee33) x28 0x80025e64
core   0: 0x80005606 (0x0000100f) fence.i
core   0: 3 0x80005606 (0x0000100f)
core   0: 0x8000560a (0x01055e93) srli    t4, a0, 16
core   0: 3 0x8000560a (0x01055e93) x29 0x0000ffff
core   0: 0x8000560e (0x015f38b3) sltu    a7, t5, s5
core   0: 3 0x8000560e (0x015f38b3) x17 0x00000001
core   0: 0x80005612 (0x98a03893) sltiu   a7, zero, -1654
core   0: 3 0x80005612 (0x98a03893) x17 0x00000001
core   0: 0x80005616 (0x000099fd) c.andi  a1, -1
core   0: 3 0x80005616 (0x99fd) x11 0x00000000
core   0: 0x80005618 (0x00000001) c.nop
core   0: 3 0x80005618 (0x0001)
core   0: 0x8000561a (0x003be233) or      tp, s7, gp
core   0: 3 0x8000561a (0x003be233) x 4 0xfffffff5
core   0: 0x8000561e (0x0172fcb3) and     s9, t0, s7
core   0: 3 0x8000561e (0x0172fcb3) x25 0x00000000
core   0: 0x80005622 (0x44152413) slti    s0, a0, 1089
core   0: 3 0x80005622 (0x44152413) x 8 0x00000001
core   0: 0x80005626 (0x00000001) c.nop
core   0: 3 0x80005626 (0x0001)
core   0: 0x80005628 (0x00008f91) c.sub   a5, a2
core   0: 3 0x80005628 (0x8f91) x15 0xfc000002
core   0: 0x8000562a (0x00008c19) c.sub   s0, a4
core   0: 3 0x8000562a (0x8c19) x 8 0xfffffdd1
core   0: 0x8000562c (0x00000001) c.nop
core   0: 3 0x8000562c (0x0001)
core   0: 0x8000562e (0x40a40c33) sub     s8, s0, a0
core   0: 3 0x8000562e (0x40a40c33) x24 0x000002cf
core   0: 0x80005632 (0x00de5613) srli    a2, t3, 13
core   0: 3 0x80005632 (0x00de5613) x12 0x00040012
core   0: 0x80005636 (0x0000100f) fence.i
core   0: 3 0x80005636 (0x0000100f)
core   0: 0x8000563a (0x01f00863) beq     zero, t6, pc + 16
core   0: 3 0x8000563a (0x01f00863)
core   0: 0x8000564a (0x41bf59b3) sra     s3, t5, s11
core   0: 3 0x8000564a (0x41bf59b3) x19 0x00000000
core   0: 0x8000564e (0x0000c69d) c.beqz  a3, pc + 46
core   0: 3 0x8000564e (0xc69d)
core   0: 0x8000567c (0x03a71333) mulh    t1, a4, s10
core   0: 3 0x8000567c (0x03a71333) x 6 0x00000000
core   0: 0x80005680 (0x99cb4013) xori    zero, s6, -1636
core   0: 3 0x80005680 (0x99cb4013)
core   0: 0x80005684 (0x024f2933) mulhsu  s2, t5, tp
core   0: 3 0x80005684 (0x024f2933) x18 0x00000000
core   0: 0x80005688 (0x0122f263) bgeu    t0, s2, pc + 4
core   0: 3 0x80005688 (0x0122f263)
core   0: 0x8000568c (0x00ca6263) bltu    s4, a2, pc + 4
core   0: 3 0x8000568c (0x00ca6263)
core   0: 0x80005690 (0x9138af97) auipc   t6, 0x9138a
core   0: 3 0x80005690 (0x9138af97) x31 0x1138f690
core   0: 0x80005694 (0x03af9c63) bne     t6, s10, pc + 56
core   0: 3 0x80005694 (0x03af9c63)
core   0: 0x800056cc (0x00dfcd63) blt     t6, a3, pc + 26
core   0: 3 0x800056cc (0x00dfcd63)
core   0: 0x800056d0 (0xc5daef93) ori     t6, s5, -931
core   0: 3 0x800056d0 (0xc5daef93) x31 0xfffffddd
core   0: 0x800056d4 (0x00890cb3) add     s9, s2, s0
core   0: 3 0x800056d4 (0x00890cb3) x25 0xfffffdd1
core   0: 0x800056d8 (0x0101acb3) slt     s9, gp, a6
core   0: 3 0x800056d8 (0x0101acb3) x25 0x00000000
core   0: 0x800056dc (0x016018b3) sll     a7, zero, s6
core   0: 3 0x800056dc (0x016018b3) x17 0x00000000
core   0: 0x800056e0 (0x00000cbe) c.slli  s9, 15
core   0: 3 0x800056e0 (0x0cbe) x25 0x00000000
core   0: 0x800056e2 (0x00006139) c.addi16sp sp, 448
core   0: 3 0x800056e2 (0x6139) x 2 0x000001bf
core   0: 0x800056e4 (0x000069f1) c.lui   s3, 0x1c
core   0: 3 0x800056e4 (0x69f1) x19 0x0001c000
core   0: 0x800056e6 (0x0018c033) xor     zero, a7, ra
core   0: 3 0x800056e6 (0x0018c033)
core   0: 0x800056ea (0x0000100f) fence.i
core   0: 3 0x800056ea (0x0000100f)
core   0: 0x800056ee (0x00008d5e) c.mv    s10, s7
core   0: 3 0x800056ee (0x8d5e) x26 0x00000000
core   0: 0x800056f0 (0x02ebb933) mulhu   s2, s7, a4
core   0: 3 0x800056f0 (0x02ebb933) x18 0x00000000
core   0: 0x800056f4 (0x01608263) beq     ra, s6, pc + 4
core   0: 3 0x800056f4 (0x01608263)
core   0: 0x800056f8 (0x00c60bb3) add     s7, a2, a2
core   0: 3 0x800056f8 (0x00c60bb3) x23 0x00080024
core   0: 0x800056fc (0x00000001) c.nop
core   0: 3 0x800056fc (0x0001)
core   0: 0x800056fe (0x01951893) slli    a7, a0, 25
core   0: 3 0x800056fe (0x01951893) x17 0x04000000
core   0: 0x80005702 (0x41745e13) srai    t3, s0, 23
core   0: 3 0x80005702 (0x41745e13) x28 0xffffffff
core   0: 0x80005706 (0x0182c8b3) xor     a7, t0, s8
core   0: 3 0x80005706 (0x0182c8b3) x17 0x80029e2b
core   0: 0x8000570a (0xdd664e13) xori    t3, a2, -554
core   0: 3 0x8000570a (0xdd664e13) x28 0xfffbfdc4
core   0: 0x8000570e (0x00009dae) c.add   s11, a1
core   0: 3 0x8000570e (0x9dae) x27 0xfffffbff
core   0: 0x80005710 (0x631b2713) slti    a4, s6, 1585
core   0: 3 0x80005710 (0x631b2713) x14 0x00000001
core   0: 0x80005714 (0x03fb7e63) bgeu    s6, t6, pc + 60
core   0: 3 0x80005714 (0x03fb7e63)
core   0: 0x80005718 (0x0000c619) c.beqz  a2, pc + 14
core   0: 3 0x80005718 (0xc619)
core   0: 0x8000571a (0x00000001) c.nop
core   0: 3 0x8000571a (0x0001)
core   0: 0x8000571c (0x0000899d) c.andi  a1, 7
core   0: 3 0x8000571c (0x899d) x11 0x00000000
core   0: 0x8000571e (0x037a4533) div     a0, s4, s7
core   0: 3 0x8000571e (0x037a4533) x10 0xfffff001
core   0: 0x80005722 (0x00475893) srli    a7, a4, 4
core   0: 3 0x80005722 (0x00475893) x17 0x00000000
core   0: 0x80005726 (0x00006109) c.addi16sp sp, 128
core   0: 3 0x80005726 (0x6109) x 2 0x0000023f
core   0: 0x80005728 (0x0000717d) c.addi16sp sp, -16
core   0: 3 0x80005728 (0x717d) x 2 0x0000022f
core   0: 0x8000572a (0x02a28bb3) mul     s7, t0, a0
core   0: 3 0x8000572a (0x02a28bb3) x23 0x56345ce4
core   0: 0x8000572e (0x00f34db3) xor     s11, t1, a5
core   0: 3 0x8000572e (0x00f34db3) x27 0xfc000002
core   0: 0x80005732 (0x00008851) c.andi  s0, 20
core   0: 3 0x80005732 (0x8851) x 8 0x00000010
core   0: 0x80005734 (0x020d9033) mulh    zero, s11, zero
core   0: 3 0x80005734 (0x020d9033)
core   0: 0x80005738 (0x02e16433) rem     s0, sp, a4
core   0: 3 0x80005738 (0x02e16433) x 8 0x00000000
core   0: 0x8000573c (0x001ec633) xor     a2, t4, ra
core   0: 3 0x8000573c (0x001ec633) x12 0x0000ffff
core   0: 0x80005740 (0x016f97b3) sll     a5, t6, s6
core   0: 3 0x80005740 (0x016f97b3) x15 0xfffffddd
core   0: 0x80005744 (0x025b5033) divu    zero, s6, t0
core   0: 3 0x80005744 (0x025b5033)
core   0: 0x80005748 (0x00399f13) slli    t5, s3, 3
core   0: 3 0x80005748 (0x00399f13) x30 0x000e0000
core   0: 0x8000574c (0xaffc2737) lui     a4, 0xaffc2
core   0: 3 0x8000574c (0xaffc2737) x14 0xaffc2000
core   0: 0x80005750 (0x00008945) c.andi  a0, 17
core   0: 3 0x80005750 (0x8945) x10 0x00000001
core   0: 0x80005752 (0x03affbb3) remu    s7, t6, s10
core   0: 3 0x80005752 (0x03affbb3) x23 0xfffffddd
core   0: 0x80005756 (0x0000934e) c.add   t1, s3
core   0: 3 0x80005756 (0x934e) x 6 0x0001c000
core   0: 0x80005758 (0x017cfd33) and     s10, s9, s7
core   0: 3 0x80005758 (0x017cfd33) x26 0x00000000
core   0: 0x8000575c (0x010f4c33) xor     s8, t5, a6
core   0: 3 0x8000575c (0x010f4c33) x24 0x800c5e64
core   0: 0x80005760 (0x015323b3) slt     t2, t1, s5
core   0: 3 0x80005760 (0x015323b3) x 7 0x00000000
core   0: 0x80005764 (0x016c8863) beq     s9, s6, pc + 16
core   0: 3 0x80005764 (0x016c8863)
core   0: 0x80005774 (0x032361b3) rem     gp, t1, s2
core   0: 3 0x80005774 (0x032361b3) x 3 0x0001c000
core   0: 0x80005778 (0x01479333) sll     t1, a5, s4
core   0: 3 0x80005778 (0x01479333) x 6 0xfffffddd
core   0: 0x8000577c (0x11bd3213) sltiu   tp, s10, 283
core   0: 3 0x8000577c (0x11bd3213) x 4 0x00000001
core   0: 0x80005780 (0xfd0fb693) sltiu   a3, t6, -48
core   0: 3 0x80005780 (0xfd0fb693) x13 0x00000001
core   0: 0x80005784 (0xbdf76e93) ori     t4, a4, -1057
core   0: 3 0x80005784 (0xbdf76e93) x29 0xfffffbdf
core   0: 0x80005788 (0x000b1bb3) sll     s7, s6, zero
core   0: 3 0x80005788 (0x000b1bb3) x23 0x00000000
core   0: 0x8000578c (0x01c15f13) srli    t5, sp, 28
core   0: 3 0x8000578c (0x01c15f13) x30 0x00000000
core   0: 0x80005790 (0x0112f263) bgeu    t0, a7, pc + 4
core   0: 3 0x80005790 (0x0112f263)
core   0: 0x80005794 (0x0324d1b3) divu    gp, s1, s2
core   0: 3 0x80005794 (0x0324d1b3) x 3 0xffffffff
core   0: 0x80005798 (0x030081b3) mul     gp, ra, a6
core   0: 3 0x80005798 (0x030081b3) x 3 0x00000000
core   0: 0x8000579c (0x129ee913) ori     s2, t4, 297
core   0: 3 0x8000579c (0x129ee913) x18 0xfffffbff
core   0: 0x800057a0 (0x01d52233) slt     tp, a0, t4
core   0: 3 0x800057a0 (0x01d52233) x 4 0x00000000
core   0: 0x800057a4 (0x005c0463) beq     s8, t0, pc + 8
core   0: 3 0x800057a4 (0x005c0463)
core   0: 0x800057a8 (0x02b2ec63) bltu    t0, a1, pc + 56
core   0: 3 0x800057a8 (0x02b2ec63)
core   0: 0x800057ac (0x021a6d33) rem     s10, s4, ra
core   0: 3 0x800057ac (0x021a6d33) x26 0x80000000
core   0: 0x800057b0 (0x0233a3b3) mulhsu  t2, t2, gp
core   0: 3 0x800057b0 (0x0233a3b3) x 7 0x00000000
core   0: 0x800057b4 (0x01238c33) add     s8, t2, s2
core   0: 3 0x800057b4 (0x01238c33) x24 0xfffffbff
core   0: 0x800057b8 (0x01a7a633) slt     a2, a5, s10
core   0: 3 0x800057b8 (0x01a7a633) x12 0x00000000
core   0: 0x800057bc (0x000098f2) c.add   a7, t3
core   0: 3 0x800057bc (0x98f2) x17 0xfffbfdc4
core   0: 0x800057be (0x01e5abb3) slt     s7, a1, t5
core   0: 3 0x800057be (0x01e5abb3) x23 0x00000000
core   0: 0x800057c2 (0x00000001) c.nop
core   0: 3 0x800057c2 (0x0001)
core   0: 0x800057c4 (0x01c10eb3) add     t4, sp, t3
core   0: 3 0x800057c4 (0x01c10eb3) x29 0xfffbfff3
core   0: 0x800057c8 (0x00009afd) c.andi  a3, -1
core   0: 3 0x800057c8 (0x9afd) x13 0x00000001
core   0: 0x800057ca (0x000085ba) c.mv    a1, a4
core   0: 3 0x800057ca (0x85ba) x11 0xaffc2000
core   0: 0x800057cc (0x01b84c63) blt     a6, s11, pc + 24
core   0: 3 0x800057cc (0x01b84c63)
core   0: 0x800057e4 (0x00008e11) c.sub   a2, a2
core   0: 3 0x800057e4 (0x8e11) x12 0x00000000
core   0: 0x800057e6 (0x0ff0000f) fence   iorw,iorw
core   0: 3 0x800057e6 (0x0ff0000f)
core   0: 0x800057ea (0x21dc2a93) slti    s5, s8, 541
core   0: 3 0x800057ea (0x21dc2a93) x21 0x00000001
core   0: 0x800057ee (0x00006961) c.lui   s2, 0x18
core   0: 3 0x800057ee (0x6961) x18 0x00018000
core   0: 0x800057f0 (0x0000069a) c.slli  a3, 6
core   0: 3 0x800057f0 (0x069a) x13 0x00000040
core   0: 0x800057f2 (0x41e95593) srai    a1, s2, 30
core   0: 3 0x800057f2 (0x41e95593) x11 0x00000000
core   0: 0x800057f6 (0x00004111) c.li    sp, 4
core   0: 3 0x800057f6 (0x4111) x 2 0x00000004
core   0: 0x800057f8 (0x822d7393) andi    t2, s10, -2014
core   0: 3 0x800057f8 (0x822d7393) x 7 0x80000000
core   0: 0x800057fc (0x0000717d) c.addi16sp sp, -16
core   0: 3 0x800057fc (0x717d) x 2 0xfffffff4
core   0: 0x800057fe (0x6fec2313) slti    t1, s8, 1790
core   0: 3 0x800057fe (0x6fec2313) x 6 0x00000001
core   0: 0x80005802 (0xf74e4893) xori    a7, t3, -140
core   0: 3 0x80005802 (0xf74e4893) x17 0x000402b0
core   0: 0x80005806 (0x0111e033) or      zero, gp, a7
core   0: 3 0x80005806 (0x0111e033)
core   0: 0x8000580a (0x0261dd33) divu    s10, gp, t1
core   0: 3 0x8000580a (0x0261dd33) x26 0x00000000
core   0: 0x8000580e (0x025fbd33) mulhu   s10, t6, t0
core   0: 3 0x8000580e (0x025fbd33) x26 0x80029bd2
core   0: 0x80005812 (0x0bdfb793) sltiu   a5, t6, 189
core   0: 3 0x80005812 (0x0bdfb793) x15 0x00000000
core   0: 0x80005816 (0x34edb113) sltiu   sp, s11, 846
core   0: 3 0x80005816 (0x34edb113) x 2 0x00000000
core   0: 0x8000581a (0x00cd3ab3) sltu    s5, s10, a2
core   0: 3 0x8000581a (0x00cd3ab3) x21 0x00000000
core   0: 0x8000581e (0x003db133) sltu    sp, s11, gp
core   0: 3 0x8000581e (0x003db133) x 2 0x00000000
core   0: 0x80005822 (0x02b83db3) mulhu   s11, a6, a1
core   0: 3 0x80005822 (0x02b83db3) x27 0x00000000
core   0: 0x80005826 (0x1361ab13) slti    s6, gp, 310
core   0: 3 0x80005826 (0x1361ab13) x22 0x00000001
core   0: 0x8000582a (0x6df7ff13) andi    t5, a5, 1759
core   0: 3 0x8000582a (0x6df7ff13) x30 0x00000000
core   0: 0x8000582e (0x00c14263) blt     sp, a2, pc + 4
core   0: 3 0x8000582e (0x00c14263)
core   0: 0x80005832 (0x03c51eb3) mulh    t4, a0, t3
core   0: 3 0x80005832 (0x03c51eb3) x29 0xffffffff
core   0: 0x80005836 (0x032963b3) rem     t2, s2, s2
core   0: 3 0x80005836 (0x032963b3) x 7 0x00000000
core   0: 0x8000583a (0x41750b33) sub     s6, a0, s7
core   0: 3 0x8000583a (0x41750b33) x22 0x00000001
core   0: 0x8000583e (0x0232bfb3) mulhu   t6, t0, gp
core   0: 3 0x8000583e (0x0232bfb3) x31 0x00000000
core   0: 0x80005842 (0x000049e1) c.li    s3, 24
core   0: 3 0x80005842 (0x49e1) x19 0x00000018
core   0: 0x80005844 (0x3dfa0e13) addi    t3, s4, 991
core   0: 3 0x80005844 (0x3dfa0e13) x28 0x800003df
core   0: 0x80005848 (0x9cdd2f13) slti    t5, s10, -1587
core   0: 3 0x80005848 (0x9cdd2f13) x30 0x00000001
core   0: 0x8000584c (0x00000001) c.nop
core   0: 3 0x8000584c (0x0001)
core   0: 0x8000584e (0x7ebc9e37) lui     t3, 0x7ebc9
core   0: 3 0x8000584e (0x7ebc9e37) x28 0x7ebc9000
core   0: 0x80005852 (0x02160363) beq     a2, ra, pc + 38
core   0: 3 0x80005852 (0x02160363)
core   0: 0x80005878 (0xe9f52917) auipc   s2, 0xe9f52
core   0: 3 0x80005878 (0xe9f52917) x18 0x69f57878
core   0: 0x8000587c (0x02fbc213) xori    tp, s7, 47
core   0: 3 0x8000587c (0x02fbc213) x 4 0x0000002f
core   0: 0x80005880 (0x00008261) c.srli  a2, 24
core   0: 3 0x80005880 (0x8261) x12 0x00000000
core   0: 0x80005882 (0x000086c5) c.srai  a3, 17
core   0: 3 0x80005882 (0x86c5) x13 0x00000000
core   0: 0x80005884 (0x011ba6b3) slt     a3, s7, a7
core   0: 3 0x80005884 (0x011ba6b3) x13 0x00000001
core   0: 0x80005888 (0x0ff0000f) fence   iorw,iorw
core   0: 3 0x80005888 (0x0ff0000f)
core   0: 0x8000588c (0x00006109) c.addi16sp sp, 128
core   0: 3 0x8000588c (0x6109) x 2 0x00000080
core   0: 0x8000588e (0x00008d3d) c.xor   a0, a5
core   0: 3 0x8000588e (0x8d3d) x10 0x00000001
core   0: 0x80005890 (0x01a59763) bne     a1, s10, pc + 14
core   0: 3 0x80005890 (0x01a59763)
core   0: 0x8000589e (0x013672b3) and     t0, a2, s3
core   0: 3 0x8000589e (0x013672b3) x 5 0x00000000
core   0: 0x800058a2 (0x00000880) c.addi4spn s0, sp, 80
core   0: 3 0x800058a2 (0x0880) x 8 0x000000d0
core   0: 0x800058a4 (0x026863b3) rem     t2, a6, t1
core   0: 3 0x800058a4 (0x026863b3) x 7 0x00000000
core   0: 0x800058a8 (0x00918e33) add     t3, gp, s1
core   0: 3 0x800058a8 (0x00918e33) x28 0x80029ce4
core   0: 0x800058ac (0xbf7cd1b7) lui     gp, 0xbf7cd
core   0: 3 0x800058ac (0xbf7cd1b7) x 3 0xbf7cd000
core   0: 0x800058b0 (0x0002dc33) srl     s8, t0, zero
core   0: 3 0x800058b0 (0x0002dc33) x24 0x00000000
core   0: 0x800058b4 (0x0265ef33) rem     t5, a1, t1
core   0: 3 0x800058b4 (0x0265ef33) x30 0x00000000
core   0: 0x800058b8 (0x0ff0000f) fence   iorw,iorw
core   0: 3 0x800058b8 (0x0ff0000f)
core   0: 0x800058bc (0x000087f9) c.srai  a5, 30
core   0: 3 0x800058bc (0x87f9) x15 0x00000000
core   0: 0x800058be (0x00009f2a) c.add   t5, a0
core   0: 3 0x800058be (0x9f2a) x30 0x00000001
core   0: 0x800058c0 (0x00006d2d) c.lui   s10, 0xb
core   0: 3 0x800058c0 (0x6d2d) x26 0x0000b000
core   0: 0x800058c2 (0x01d9a1b3) slt     gp, s3, t4
core   0: 3 0x800058c2 (0x01d9a1b3) x 3 0x00000000
core   0: 0x800058c6 (0x126b6c93) ori     s9, s6, 294
core   0: 3 0x800058c6 (0x126b6c93) x25 0x00000127
core   0: 0x800058ca (0x11520593) addi    a1, tp, 277
core   0: 3 0x800058ca (0x11520593) x11 0x00000144
core   0: 0x800058ce (0x0000100f) fence.i
core   0: 3 0x800058ce (0x0000100f)
core   0: 0x800058d2 (0x01ca0d63) beq     s4, t3, pc + 26
core   0: 3 0x800058d2 (0x01ca0d63)
core   0: 0x800058d6 (0x436fa413) slti    s0, t6, 1078
core   0: 3 0x800058d6 (0x436fa413) x 8 0x00000001
core   0: 0x800058da (0x0041ff97) auipc   t6, 0x41f
core   0: 3 0x800058da (0x0041ff97) x31 0x804248da
core   0: 0x800058de (0x43fdc913) xori    s2, s11, 1087
core   0: 3 0x800058de (0x43fdc913) x18 0x0000043f
core   0: 0x800058e2 (0x0000cd05) c.beqz  a0, pc + 56
core   0: 3 0x800058e2 (0xcd05)
core   0: 0x800058e4 (0x002356b3) srl     a3, t1, sp
core   0: 3 0x800058e4 (0x002356b3) x13 0x00000001
core   0: 0x800058e8 (0x00008d69) c.and   a0, a0
core   0: 3 0x800058e8 (0x8d69) x10 0x00000001
core   0: 0x800058ea (0x0000e599) c.bnez  a1, pc + 14
core   0: 3 0x800058ea (0xe599)
core   0: 0x800058f8 (0x70702f97) auipc   t6, 0x70702
core   0: 3 0x800058f8 (0x70702f97) x31 0xf07078f8
core   0: 0x800058fc (0x000bc263) bltz    s7, pc + 4
core   0: 3 0x800058fc (0x000bc263)
core   0: 0x80005900 (0xd0177593) andi    a1, a4, -767
core   0: 3 0x80005900 (0xd0177593) x11 0xaffc2000
core   0: 0x80005904 (0x00d045b3) xor     a1, zero, a3
core   0: 3 0x80005904 (0x00d045b3) x11 0x00000001
core   0: 0x80005908 (0x00d08233) add     tp, ra, a3
core   0: 3 0x80005908 (0x00d08233) x 4 0x00000001
core   0: 0x8000590c (0x0000147d) c.addi  s0, -1
core   0: 3 0x8000590c (0x147d) x 8 0x00000000
core   0: 0x8000590e (0x018cc3b3) xor     t2, s9, s8
core   0: 3 0x8000590e (0x018cc3b3) x 7 0x00000127
core   0: 0x80005912 (0x0081f133) and     sp, gp, s0
core   0: 3 0x80005912 (0x0081f133) x 2 0x00000000
core   0: 0x80005916 (0x46ad81b7) lui     gp, 0x46ad8
core   0: 3 0x80005916 (0x46ad81b7) x 3 0x46ad8000
core   0: 0x8000591a (0x4083d7b3) sra     a5, t2, s0
core   0: 3 0x8000591a (0x4083d7b3) x15 0x00000127
core   0: 0x8000591e (0x0346dd33) divu    s10, a3, s4
core   0: 3 0x8000591e (0x0346dd33) x26 0x00000000
core   0: 0x80005922 (0x00ccedb3) or      s11, s9, a2
core   0: 3 0x80005922 (0x00ccedb3) x27 0x00000127
core   0: 0x80005926 (0x00008942) c.mv    s2, a6
core   0: 3 0x80005926 (0x8942) x18 0x80025e64
core   0: 0x80005928 (0x021a52b3) divu    t0, s4, ra
core   0: 3 0x80005928 (0x021a52b3) x 5 0xffffffff
core   0: 0x8000592c (0x0000b717) auipc   a4, 0xb
core   0: 3 0x8000592c (0x0000b717) x14 0x8001092c
core   0: 0x80005930 (0xe8870713) addi    a4, a4, -376
core   0: 3 0x80005930 (0xe8870713) x14 0x800107b4
core   0: 0x80005934 (0x01970923) sb      s9, 18(a4)
core   0: 3 0x80005934 (0x01970923) mem 0x800107c6 0x27
core   0: 0x80005938 (0x02770903) lb      s2, 39(a4)
core   0: 3 0x80005938 (0x02770903) x18 0xffffffed mem 0x800107db
core   0: 0x8000593c (0x00011a97) auipc   s5, 0x11
core   0: 3 0x8000593c (0x00011a97) x21 0x8001693c
core   0: 0x80005940 (0x643a8a93) addi    s5, s5, 1603
core   0: 3 0x80005940 (0x643a8a93) x21 0x80016f7f
core   0: 0x80005944 (0x02970883) lb      a7, 41(a4)
core   0: 3 0x80005944 (0x02970883) x17 0x00000005 mem 0x800107dd
core   0: 0x80005948 (0x005a81a3) sb      t0, 3(s5)
core   0: 3 0x80005948 (0x005a81a3) mem 0x80016f82 0xff
core   0: 0x8000594c (0xff8a8283) lb      t0, -8(s5)
core   0: 3 0x8000594c (0xff8a8283) x 5 0x00000060 mem 0x80016f77
core   0: 0x80005950 (0xfcd706a3) sb      a3, -51(a4)
core   0: 3 0x80005950 (0xfcd706a3) mem 0x80010781 0x1
core   0: 0x80005954 (0xff4ac283) lbu     t0, -12(s5)
core   0: 3 0x80005954 (0xff4ac283) x 5 0x00000091 mem 0x80016f73
core   0: 0x80005958 (0x033701a3) sb      s3, 35(a4)
core   0: 3 0x80005958 (0x033701a3) mem 0x800107d7 0x18
core   0: 0x8000595c (0x02e70fa3) sb      a4, 63(a4)
core   0: 3 0x8000595c (0x02e70fa3) mem 0x800107f3 0xb4
core   0: 0x80005960 (0x00dac203) lbu     tp, 13(s5)
core   0: 3 0x80005960 (0x00dac203) x 4 0x00000041 mem 0x80016f8c
core   0: 0x80005964 (0x02c74083) lbu     ra, 44(a4)
core   0: 3 0x80005964 (0x02c74083) x 1 0x0000006d mem 0x800107e0
core   0: 0x80005968 (0xff4aaaa3) sw      s4, -11(s5)
core   0: 3 0x80005968 (0xff4aaaa3) mem 0x80016f74 0x80000000
core   0: 0x8000596c (0xff872783) lw      a5, -8(a4)
core   0: 3 0x8000596c (0xff872783) x15 0x0089288f mem 0x800107ac
core   0: 0x80005970 (0xff2a8903) lb      s2, -14(s5)
core   0: 3 0x80005970 (0xff2a8903) x18 0xffffffe3 mem 0x80016f71
core   0: 0x80005974 (0xfe271083) lh      ra, -30(a4)
core   0: 3 0x80005974 (0xfe271083) x 1 0xffff8f34 mem 0x80010796
core   0: 0x80005978 (0x00fac983) lbu     s3, 15(s5)
core   0: 3 0x80005978 (0x00fac983) x19 0x000000bb mem 0x80016f8e
core   0: 0x8000597c (0x41b35f93) srai    t6, t1, 27
core   0: 3 0x8000597c (0x41b35f93) x31 0x00000000
core   0: 0x80005980 (0x0000b217) auipc   tp, 0xb
core   0: 3 0x80005980 (0x0000b217) x 4 0x80010980
core   0: 0x80005984 (0x59e20213) addi    tp, tp, 1438
core   0: 3 0x80005984 (0x59e20213) x 4 0x80010f1e
core   0: 0x80005988 (0x0000b897) auipc   a7, 0xb
core   0: 3 0x80005988 (0x0000b897) x17 0x80010988
core   0: 0x8000598c (0x0d788893) addi    a7, a7, 215
core   0: 3 0x8000598c (0x0d788893) x17 0x80010a5f
core   0: 0x80005990 (0x0000a997) auipc   s3, 0xa
core   0: 3 0x80005990 (0x0000a997) x19 0x8000f990
core   0: 0x80005994 (0x6cc98993) addi    s3, s3, 1740
core   0: 3 0x80005994 (0x6cc98993) x19 0x8001005c
core   0: 0x80005998 (0x06220f03) lb      t5, 98(tp)
core   0: 3 0x80005998 (0x06220f03) x30 0x0000005f mem 0x80010f80
core   0: 0x8000599c (0xad389c03) lh      s8, -1325(a7)
core   0: 3 0x8000599c (0xad389c03) x24 0xffff811f mem 0x80010532
core   0: 0x800059a0 (0x022206a3) sb      sp, 45(tp)
core   0: 3 0x800059a0 (0x022206a3) mem 0x80010f4b 0x0
core   0: 0x800059a4 (0x47b89003) lh      zero, 1147(a7)
core   0: 3 0x800059a4 (0x47b89003) mem 0x80010eda
core   0: 0x800059a8 (0xff899e83) lh      t4, -8(s3)
core   0: 3 0x800059a8 (0xff899e83) x29 0xffffcfb0 mem 0x80010054
core   0: 0x800059ac (0x0b120503) lb      a0, 177(tp)
core   0: 3 0x800059ac (0x0b120503) x10 0x00000054 mem 0x80010fcf
core   0: 0x800059b0 (0x0de21a23) sh      t5, 212(tp)
core   0: 3 0x800059b0 (0x0de21a23) mem 0x80010ff2 0x005f
core   0: 0x800059b4 (0x0000b917) auipc   s2, 0xb
core   0: 3 0x800059b4 (0x0000b917) x18 0x800109b4
core   0: 0x800059b8 (0x88590913) addi    s2, s2, -1915
core   0: 3 0x800059b8 (0x88590913) x18 0x80010239
core   0: 0x800059bc (0x00899323) sh      s0, 6(s3)
core   0: 3 0x800059bc (0x00899323) mem 0x80010062 0x0000
core   0: 0x800059c0 (0xf3488c83) lb      s9, -204(a7)
core   0: 3 0x800059c0 (0xf3488c83) x25 0xffffffc8 mem 0x80010993
core   0: 0x800059c4 (0xf68209a3) sb      s0, -141(tp)
core   0: 3 0x800059c4 (0xf68209a3) mem 0x80010e91 0x0
core   0: 0x800059c8 (0x02094303) lbu     t1, 32(s2)
core   0: 3 0x800059c8 (0x02094303) x 6 0x0000001f mem 0x80010259
core   0: 0x800059cc (0xfe998ea3) sb      s1, -3(s3)
core   0: 3 0x800059cc (0xfe998ea3) mem 0x80010059 0xe4
core   0: 0x800059d0 (0x8a288123) sb      sp, -1886(a7)
core   0: 3 0x800059d0 (0x8a288123) mem 0x80010301 0x0
core   0: 0x800059d4 (0x00598283) lb      t0, 5(s3)
core   0: 3 0x800059d4 (0x00598283) x 5 0x00000016 mem 0x80010061
core   0: 0x800059d8 (0xf60209a3) sb      zero, -141(tp)
core   0: 3 0x800059d8 (0xf60209a3) mem 0x80010e91 0x0
core   0: 0x800059dc (0xfe198b23) sb      ra, -10(s3)
core   0: 3 0x800059dc (0xfe198b23) mem 0x80010052 0x34
core   0: 0x800059e0 (0xff0202a3) sb      a6, -27(tp)
core   0: 3 0x800059e0 (0xff0202a3) mem 0x80010f03 0x64
core   0: 0x800059e4 (0xffa94d03) lbu     s10, -6(s2)
core   0: 3 0x800059e4 (0xffa94d03) x26 0x0000001f mem 0x80010233
core   0: 0x800059e8 (0x00991b03) lh      s6, 9(s2)
core   0: 3 0x800059e8 (0x00991b03) x22 0x00003734 mem 0x80010242
core   0: 0x800059ec (0x2f388aa3) sb      s3, 757(a7)
core   0: 3 0x800059ec (0x2f388aa3) mem 0x80010d54 0x5c
core   0: 0x800059f0 (0xfff99e23) sh      t6, -4(s3)
core   0: 3 0x800059f0 (0xfff99e23) mem 0x80010058 0x0000
core   0: 0x800059f4 (0x241891a3) sh      ra, 579(a7)
core   0: 3 0x800059f4 (0x241891a3) mem 0x80010ca2 0x8f34
core   0: 0x800059f8 (0x03c90623) sb      t3, 44(s2)
core   0: 3 0x800059f8 (0x03c90623) mem 0x80010265 0xe4
core   0: 0x800059fc (0x00124683) lbu     a3, 1(tp)
core   0: 3 0x800059fc (0x00124683) x13 0x000000d4 mem 0x80010f1f
core   0: 0x80005a00 (0xff798283) lb      t0, -9(s3)
core   0: 3 0x80005a00 (0xff798283) x 5 0x0000003d mem 0x80010053
core   0: 0x80005a04 (0xd7988503) lb      a0, -647(a7)
core   0: 3 0x80005a04 (0xd7988503) x10 0xffffffb4 mem 0x800107d8
core   0: 0x80005a08 (0x1548cb83) lbu     s7, 340(a7)
core   0: 3 0x80005a08 (0x1548cb83) x23 0x0000000c mem 0x80010bb3
core   0: 0x80005a0c (0x09624c03) lbu     s8, 150(tp)
core   0: 3 0x80005a0c (0x09624c03) x24 0x00000050 mem 0x80010fb4
core   0: 0x80005a10 (0xfd392083) lw      ra, -45(s2)
core   0: 3 0x80005a10 (0xfd392083) x 1 0x98b5e638 mem 0x8001020c
core   0: 0x80005a14 (0x0db22523) sw      s11, 202(tp)
core   0: 3 0x80005a14 (0x0db22523) mem 0x80010fe8 0x00000127
core   0: 0x80005a18 (0x001987a3) sb      ra, 15(s3)
core   0: 3 0x80005a18 (0x001987a3) mem 0x8001006b 0x38
core   0: 0x80005a1c (0x41badd93) srai    s11, s5, 27
core   0: 3 0x80005a1c (0x41badd93) x27 0xfffffff0
core   0: 0x80005a20 (0x0000009e) c.slli  ra, 7
core   0: 3 0x80005a20 (0x009e) x 1 0x5af31c00
core   0: 0x80005a22 (0x033a5133) divu    sp, s4, s3
core   0: 3 0x80005a22 (0x033a5133) x 2 0x00000000
core   0: 0x80005a26 (0x00abc5b3) xor     a1, s7, a0
core   0: 3 0x80005a26 (0x00abc5b3) x11 0xffffffb8
core   0: 0x80005a2a (0x000081f1) c.srli  a1, 28
core   0: 3 0x80005a2a (0x81f1) x11 0x0000000f
core   0: 0x80005a2c (0x02c78263) beq     a5, a2, pc + 36
core   0: 3 0x80005a2c (0x02c78263)
core   0: 0x80005a30 (0x00000001) c.nop
core   0: 3 0x80005a30 (0x0001)
core   0: 0x80005a32 (0x0000ea85) c.bnez  a3, pc + 48
core   0: 3 0x80005a32 (0xea85)
core   0: 0x80005a62 (0x00008c15) c.sub   s0, a3
core   0: 3 0x80005a62 (0x8c15) x 8 0xffffff2c
core   0: 0x80005a64 (0x01a65133) srl     sp, a2, s10
core   0: 3 0x80005a64 (0x01a65133) x 2 0x00000000
core   0: 0x80005a68 (0x02087163) bgeu    a6, zero, pc + 34
core   0: 3 0x80005a68 (0x02087163)
core   0: 0x80005a8a (0x00008e39) c.xor   a2, a4
core   0: 3 0x80005a8a (0x8e39) x12 0x800107b4
core   0: 0x80005a8c (0x00004cb5) c.li    s9, 13
core   0: 3 0x80005a8c (0x4cb5) x25 0x0000000d
core   0: 0x80005a8e (0x0ff0000f) fence   iorw,iorw
core   0: 3 0x80005a8e (0x0ff0000f)
core   0: 0x80005a92 (0x0000e295) c.bnez  a3, pc + 36
core   0: 3 0x80005a92 (0xe295)
core   0: 0x80005ab6 (0x403e8bb3) sub     s7, t4, gp
core   0: 3 0x80005ab6 (0x403e8bb3) x23 0xb9524fb0
core   0: 0x80005aba (0x03f36333) rem     t1, t1, t6
core   0: 3 0x80005aba (0x03f36333) x 6 0x0000001f
core   0: 0x80005abe (0x40b85513) srai    a0, a6, 11
core   0: 3 0x80005abe (0x40b85513) x10 0xfff0004b
core   0: 0x80005ac2 (0x0000ef1d) c.bnez  a4, pc + 62
core   0: 3 0x80005ac2 (0xef1d)
core   0: 0x80005b00 (0x009881b3) add     gp, a7, s1
core   0: 3 0x80005b00 (0x009881b3) x 3 0x0003a743
core   0: 0x80005b04 (0x1bf24693) xori    a3, tp, 447
core   0: 3 0x80005b04 (0x1bf24693) x13 0x80010ea1
core   0: 0x80005b08 (0x01c39533) sll     a0, t2, t3
core   0: 3 0x80005b08 (0x01c39533) x10 0x00001270
core   0: 0x80005b0c (0x01748033) add     zero, s1, s7
core   0: 3 0x80005b0c (0x01748033)
core   0: 0x80005b10 (0x0000017a) c.slli  sp, 30
core   0: 3 0x80005b10 (0x017a) x 2 0x00000000
core   0: 0x80005b12 (0x09c3fa93) andi    s5, t2, 156
core   0: 3 0x80005b12 (0x09c3fa93) x21 0x00000004
core   0: 0x80005b16 (0x01c75b13) srli    s6, a4, 28
core   0: 3 0x80005b16 (0x01c75b13) x22 0x00000008
core   0: 0x80005b1a (0xcd372193) slti    gp, a4, -813
core   0: 3 0x80005b1a (0xcd372193) x 3 0x00000001
core   0: 0x80005b1e (0x01d4e263) bltu    s1, t4, pc + 4
core   0: 3 0x80005b1e (0x01d4e263)
core   0: 0x80005b22 (0x02d01fb3) mulh    t6, zero, a3
core   0: 3 0x80005b22 (0x02d01fb3) x31 0x00000000
core   0: 0x80005b26 (0x00000001) c.nop
core   0: 3 0x80005b26 (0x0001)
core   0: 0x80005b28 (0xe4e34013) xori    zero, t1, -434
core   0: 3 0x80005b28 (0xe4e34013)
core   0: 0x80005b2c (0x41d06513) ori     a0, zero, 1053
core   0: 3 0x80005b2c (0x41d06513) x10 0x0000041d
core   0: 0x80005b30 (0x3eafb893) sltiu   a7, t6, 1002
core   0: 3 0x80005b30 (0x3eafb893) x17 0x00000001
core   0: 0x80005b34 (0x334ceb13) ori     s6, s9, 820
core   0: 3 0x80005b34 (0x334ceb13) x22 0x0000033d
core   0: 0x80005b38 (0x01672133) slt     sp, a4, s6
core   0: 3 0x80005b38 (0x01672133) x 2 0x00000001
core   0: 0x80005b3c (0x00006be9) c.lui   s7, 0x1a
core   0: 3 0x80005b3c (0x6be9) x23 0x0001a000
core   0: 0x80005b3e (0x0000c1d9) c.beqz  a1, pc + 134
core   0: 3 0x80005b3e (0xc1d9)
core   0: 0x80005b40 (0x01959893) slli    a7, a1, 25
core   0: 3 0x80005b40 (0x01959893) x17 0x1e000000
core   0: 0x80005b44 (0x00008311) c.srli  a4, 4
core   0: 3 0x80005b44 (0x8311) x14 0x0800107b
core   0: 0x80005b46 (0xb772ca93) xori    s5, t0, -1161
core   0: 3 0x80005b46 (0xb772ca93) x21 0xfffffb4a
core   0: 0x80005b4a (0x85a90293) addi    t0, s2, -1958
core   0: 3 0x80005b4a (0x85a90293) x 5 0x8000fa93
core   0: 0x80005b4e (0x9f0480b7) lui     ra, 0x9f048
core   0: 3 0x80005b4e (0x9f0480b7) x 1 0x9f048000
core   0: 0x80005b52 (0x00008079) c.srli  s0, 30
core   0: 3 0x80005b52 (0x8079) x 8 0x00000003
core   0: 0x80005b54 (0x011a29b3) slt     s3, s4, a7
core   0: 3 0x80005b54 (0x011a29b3) x19 0x00000001
core   0: 0x80005b58 (0x00000001) c.nop
core   0: 3 0x80005b58 (0x0001)
core   0: 0x80005b5a (0x00008f09) c.sub   a4, a0
core   0: 3 0x80005b5a (0x8f09) x14 0x08000c5e
core   0: 0x80005b5c (0x00bc40b3) xor     ra, s8, a1
core   0: 3 0x80005b5c (0x00bc40b3) x 1 0x0000005f
core   0: 0x80005b60 (0x7107ac97) auipc   s9, 0x7107a
core   0: 3 0x80005b60 (0x7107ac97) x25 0xf107fb60
core   0: 0x80005b64 (0x00006131) c.addi16sp sp, 320
core   0: 3 0x80005b64 (0x6131) x 2 0x00000141
core   0: 0x80005b66 (0x0001a397) auipc   t2, 0x1a
core   0: 3 0x80005b66 (0x0001a397) x 7 0x8001fb66
core   0: 0x80005b6a (0x4d938393) addi    t2, t2, 1241
core   0: 3 0x80005b6a (0x4d938393) x 7 0x8002003f
core   0: 0x80005b6e (0x0000be17) auipc   t3, 0xb
core   0: 3 0x80005b6e (0x0000be17) x28 0x80010b6e
core   0: 0x80005b72 (0xa61e0e13) addi    t3, t3, -1439
core   0: 3 0x80005b72 (0xa61e0e13) x28 0x800105cf
core   0: 0x80005b76 (0x0293cb83) lbu     s7, 41(t2)
core   0: 3 0x80005b76 (0x0293cb83) x23 0x000000b1 mem 0x80020068
core   0: 0x80005b7a (0x01238083) lb      ra, 18(t2)
core   0: 3 0x80005b7a (0x01238083) x 1 0x00000078 mem 0x80020051
core   0: 0x80005b7e (0xffb38b23) sb      s11, -10(t2)
core   0: 3 0x80005b7e (0xffb38b23) mem 0x80020035 0xf0
core   0: 0x80005b82 (0xfd3e4883) lbu     a7, -45(t3)
core   0: 3 0x80005b82 (0xfd3e4883) x17 0x000000b8 mem 0x800105a2
core   0: 0x80005b86 (0x02de2a83) lw      s5, 45(t3)
core   0: 3 0x80005b86 (0x02de2a83) x21 0x3378ad91 mem 0x800105fc
core   0: 0x80005b8a (0xfcae0f83) lb      t6, -54(t3)
core   0: 3 0x80005b8a (0xfcae0f83) x31 0xffffffa2 mem 0x80010599
core   0: 0x80005b8e (0xfed38e23) sb      a3, -4(t2)
core   0: 3 0x80005b8e (0xfed38e23) mem 0x8002003b 0xa1
core   0: 0x80005b92 (0x01b3c903) lbu     s2, 27(t2)
core   0: 3 0x80005b92 (0x01b3c903) x18 0x0000009e mem 0x8002005a
core   0: 0x80005b96 (0x028e0203) lb      tp, 40(t3)
core   0: 3 0x80005b96 (0x028e0203) x 4 0x00000008 mem 0x800105f7
core   0: 0x80005b9a (0x03fe0083) lb      ra, 63(t3)
core   0: 3 0x80005b9a (0x03fe0083) x 1 0x00000055 mem 0x8001060e
core   0: 0x80005b9e (0x003e19a3) sh      gp, 19(t3)
core   0: 3 0x80005b9e (0x003e19a3) mem 0x800105e2 0x0001
core   0: 0x80005ba2 (0xffa39ea3) sh      s10, -3(t2)
core   0: 3 0x80005ba2 (0xffa39ea3) mem 0x8002003c 0x001f
core   0: 0x80005ba6 (0xfd7e0523) sb      s7, -54(t3)
core   0: 3 0x80005ba6 (0xfd7e0523) mem 0x80010599 0xb1
core   0: 0x80005baa (0x02fe0c83) lb      s9, 47(t3)
core   0: 3 0x80005baa (0x02fe0c83) x25 0x00000078 mem 0x800105fe
core   0: 0x80005bae (0x02ee4b83) lbu     s7, 46(t3)
core   0: 3 0x80005bae (0x02ee4b83) x23 0x000000ad mem 0x800105fd
core   0: 0x80005bb2 (0xfd8e0983) lb      s3, -40(t3)
core   0: 3 0x80005bb2 (0xfd8e0983) x19 0x00000019 mem 0x800105a7
core   0: 0x80005bb6 (0x00008ed9) c.or    a3, a4
core   0: 3 0x80005bb6 (0x8ed9) x13 0x88010eff
core   0: 0x80005bb8 (0x02734663) blt     t1, t2, pc + 44
core   0: 3 0x80005bb8 (0x02734663)
core   0: 0x80005bbc (0x0000100f) fence.i
core   0: 3 0x80005bbc (0x0000100f)
core   0: 0x80005bc0 (0x0000ef11) c.bnez  a4, pc + 28
core   0: 3 0x80005bc0 (0xef11)
core   0: 0x80005bdc (0xdf99bf13) sltiu   t5, s3, -519
core   0: 3 0x80005bdc (0xdf99bf13) x30 0x00000001
core   0: 0x80005be0 (0xce094d13) xori    s10, s2, -800
core   0: 3 0x80005be0 (0xce094d13) x26 0xfffffc7e
core   0: 0x80005be4 (0x00008dc5) c.or    a1, s1
core   0: 3 0x80005be4 (0x8dc5) x11 0x80029cef
core   0: 0x80005be6 (0x0000100f) fence.i
core   0: 3 0x80005be6 (0x0000100f)
core   0: 0x80005bea (0x00009d3e) c.add   s10, a5
core   0: 3 0x80005bea (0x9d3e) x26 0x0089250d
core   0: 0x80005bec (0x013eddb3) srl     s11, t4, s3
core   0: 3 0x80005bec (0x013eddb3) x27 0x0000007f
core   0: 0x80005bf0 (0x01b67333) and     t1, a2, s11
core   0: 3 0x80005bf0 (0x01b67333) x 6 0x00000034
core   0: 0x80005bf4 (0x00008d61) c.and   a0, s0
core   0: 3 0x80005bf4 (0x8d61) x10 0x00000001
core   0: 0x80005bf6 (0x017f1113) slli    sp, t5, 23
core   0: 3 0x80005bf6 (0x017f1113) x 2 0x00800000
core   0: 0x80005bfa (0x03462233) mulhsu  tp, a2, s4
core   0: 3 0x80005bfa (0x03462233) x 4 0xc00083da
core   0: 0x80005bfe (0x01809e13) slli    t3, ra, 24
core   0: 3 0x80005bfe (0x01809e13) x28 0x55000000
core   0: 0x80005c02 (0x007309b3) add     s3, t1, t2
core   0: 3 0x80005c02 (0x007309b3) x19 0x80020073
core   0: 0x80005c06 (0x00009a7d) c.andi  a2, -1
core   0: 3 0x80005c06 (0x9a7d) x12 0x800107b4
core   0: 0x80005c08 (0x00921ab3) sll     s5, tp, s1
core   0: 3 0x80005c08 (0x00921ab3) x21 0x00083da0
core   0: 0x80005c0c (0x00008c7a) c.mv    s8, t5
core   0: 3 0x80005c0c (0x8c7a) x24 0x00000001
core   0: 0x80005c0e (0x00000001) c.nop
core   0: 3 0x80005c0e (0x0001)
core   0: 0x80005c10 (0x00008fc5) c.or    a5, s1
core   0: 3 0x80005c10 (0x8fc5) x15 0x808bbcef
core   0: 0x80005c12 (0x0000100f) fence.i
core   0: 3 0x80005c12 (0x0000100f)
core   0: 0x80005c16 (0x00006c61) c.lui   s8, 0x18
core   0: 3 0x80005c16 (0x6c61) x24 0x00018000
core   0: 0x80005c18 (0x00006ac9) c.lui   s5, 0x12
core   0: 3 0x80005c18 (0x6ac9) x21 0x00012000
core   0: 0x80005c1a (0x0189f8b3) and     a7, s3, s8
core   0: 3 0x80005c1a (0x0189f8b3) x17 0x00000000
core   0: 0x80005c1e (0x00006259) c.lui   tp, 0x16
core   0: 3 0x80005c1e (0x6259) x 4 0x00016000
core   0: 0x80005c20 (0x00008f55) c.or    a4, a3
core   0: 3 0x80005c20 (0x8f55) x14 0x88010eff
core   0: 0x80005c22 (0x000089a9) c.andi  a1, 10
core   0: 3 0x80005c22 (0x89a9) x11 0x0000000a
core   0: 0x80005c24 (0x00008fa1) c.xor   a5, s0
core   0: 3 0x80005c24 (0x8fa1) x15 0x808bbcec
core   0: 0x80005c26 (0x0291ddb3) divu    s11, gp, s1
core   0: 3 0x80005c26 (0x0291ddb3) x27 0x00000000
core   0: 0x80005c2a (0x50344e97) auipc   t4, 0x50344
core   0: 3 0x80005c2a (0x50344e97) x29 0xd0349c2a
core   0: 0x80005c2e (0x00009bfd) c.andi  a5, -1
core   0: 3 0x80005c2e (0x9bfd) x15 0x808bbcec
core   0: 0x80005c30 (0x93e28437) lui     s0, 0x93e28
core   0: 3 0x80005c30 (0x93e28437) x 8 0x93e28000
core   0: 0x80005c34 (0x00008e51) c.or    a2, a2
core   0: 3 0x80005c34 (0x8e51) x12 0x800107b4
core   0: 0x80005c36 (0x00001980) c.addi4spn s0, sp, 240
core   0: 3 0x80005c36 (0x1980) x 8 0x008000f0
core   0: 0x80005c38 (0x401ad793) srai    a5, s5, 1
core   0: 3 0x80005c38 (0x401ad793) x15 0x00009000
core   0: 0x80005c3c (0x0109aeb3) slt     t4, s3, a6
core   0: 3 0x80005c3c (0x0109aeb3) x29 0x00000001
core   0: 0x80005c40 (0x0184c963) blt     s1, s8, pc + 18
core   0: 3 0x80005c40 (0x0184c963)
core   0: 0x80005c52 (0x04cae063) bltu    s5, a2, pc + 64
core   0: 3 0x80005c52 (0x04cae063)
core   0: 0x80005c92 (0x03221db3) mulh    s11, tp, s2
core   0: 3 0x80005c92 (0x03221db3) x27 0x00000000
core   0: 0x80005c96 (0x400d8c33) sub     s8, s11, zero
core   0: 3 0x80005c96 (0x400d8c33) x24 0x00000000
core   0: 0x80005c9a (0x55b2a993) slti    s3, t0, 1371
core   0: 3 0x80005c9a (0x55b2a993) x19 0x00000001
core   0: 0x80005c9e (0x0000100f) fence.i
core   0: 3 0x80005c9e (0x0000100f)
core   0: 0x80005ca2 (0x00008db1) c.xor   a1, a2
core   0: 3 0x80005ca2 (0x8db1) x11 0x800107be
core   0: 0x80005ca4 (0x018b9893) slli    a7, s7, 24
core   0: 3 0x80005ca4 (0x018b9893) x17 0xad000000
core   0: 0x80005ca8 (0x0000e79d) c.bnez  a5, pc + 46
core   0: 3 0x80005ca8 (0xe79d)
core   0: 0x80005cd6 (0x0000100f) fence.i
core   0: 3 0x80005cd6 (0x0000100f)
core   0: 0x80005cda (0x00438cb3) add     s9, t2, tp
core   0: 3 0x80005cda (0x00438cb3) x25 0x8003603f
core   0: 0x80005cde (0x4618f793) andi    a5, a7, 1121
core   0: 3 0x80005cde (0x4618f793) x15 0x00000000
core   0: 0x80005ce2 (0x03128b63) beq     t0, a7, pc + 54
core   0: 3 0x80005ce2 (0x03128b63)
core   0: 0x80005ce6 (0x000018fd) c.addi  a7, -1
core   0: 3 0x80005ce6 (0x18fd) x17 0xacffffff
core   0: 0x80005ce8 (0x003f4233) xor     tp, t5, gp
core   0: 3 0x80005ce8 (0x003f4233) x 4 0x00000000
core   0: 0x80005cec (0x9f408113) addi    sp, ra, -1548
core   0: 3 0x80005cec (0x9f408113) x 2 0xfffffa49
core   0: 0x80005cf0 (0x01d9cb33) xor     s6, s3, t4
core   0: 3 0x80005cf0 (0x01d9cb33) x22 0x00000000
core   0: 0x80005cf4 (0x00006159) c.addi16sp sp, 400
core   0: 3 0x80005cf4 (0x6159) x 2 0xfffffbd9
core   0: 0x80005cf6 (0x01d3d513) srli    a0, t2, 29
core   0: 3 0x80005cf6 (0x01d3d513) x10 0x00000004
core   0: 0x80005cfa (0x00000001) c.nop
core   0: 3 0x80005cfa (0x0001)
core   0: 0x80005cfc (0x00008d81) c.sub   a1, s0
core   0: 3 0x80005cfc (0x8d81) x11 0x7f8106ce
core   0: 0x80005cfe (0xb8ba5617) auipc   a2, 0xb8ba5
core   0: 3 0x80005cfe (0xb8ba5617) x12 0x38baacfe
core   0: 0x80005d02 (0x00008069) c.srli  s0, 26
core   0: 3 0x80005d02 (0x8069) x 8 0x00000000
core   0: 0x80005d04 (0x0000c109) c.beqz  a0, pc + 2
core   0: 3 0x80005d04 (0xc109)
core   0: 0x80005d06 (0x034b38b3) mulhu   a7, s6, s4
core   0: 3 0x80005d06 (0x034b38b3) x17 0x00000000
core   0: 0x80005d0a (0x03696133) rem     sp, s2, s6
core   0: 3 0x80005d0a (0x03696133) x 2 0x0000009e
core   0: 0x80005d0e (0x00550763) beq     a0, t0, pc + 14
core   0: 3 0x80005d0e (0x00550763)
core   0: 0x80005d12 (0x03e64f33) div     t5, a2, t5
core   0: 3 0x80005d12 (0x03e64f33) x30 0x38baacfe
core   0: 0x80005d16 (0x00009baa) c.add   s7, a0
core   0: 3 0x80005d16 (0x9baa) x23 0x000000b1
core   0: 0x80005d18 (0x2e73a993) slti    s3, t2, 743
core   0: 3 0x80005d18 (0x2e73a993) x19 0x00000001
core   0: 0x80005d1c (0x00000001) c.nop
core   0: 3 0x80005d1c (0x0001)
core   0: 0x80005d1e (0x0000e29d) c.bnez  a3, pc + 38
core   0: 3 0x80005d1e (0xe29d)
core   0: 0x80005d44 (0x0000695d) c.lui   s2, 0x17
core   0: 3 0x80005d44 (0x695d) x18 0x00017000
core   0: 0x80005d46 (0x03a59263) bne     a1, s10, pc + 36
core   0: 3 0x80005d46 (0x03a59263)
core   0: 0x80005d6a (0x017a7433) and     s0, s4, s7
core   0: 3 0x80005d6a (0x017a7433) x 8 0x00000000
core   0: 0x80005d6e (0x03aed5b3) divu    a1, t4, s10
core   0: 3 0x80005d6e (0x03aed5b3) x11 0x00000000
core   0: 0x80005d72 (0x41af0ab3) sub     s5, t5, s10
core   0: 3 0x80005d72 (0x41af0ab3) x21 0x383187f1
core   0: 0x80005d76 (0x000ddf63) bgez    s11, pc + 30
core   0: 3 0x80005d76 (0x000ddf63)
core   0: 0x80005d94 (0x03ff0f63) beq     t5, t6, pc + 62
core   0: 3 0x80005d94 (0x03ff0f63)
core   0: 0x80005d98 (0x001e7f33) and     t5, t3, ra
core   0: 3 0x80005d98 (0x001e7f33) x30 0x00000000
core   0: 0x80005d9c (0x61728593) addi    a1, t0, 1559
core   0: 3 0x80005d9c (0x61728593) x11 0x800100aa
core   0: 0x80005da0 (0x00937e63) bgeu    t1, s1, pc + 28
core   0: 3 0x80005da0 (0x00937e63)
core   0: 0x80005da4 (0x00008ed1) c.or    a3, a2
core   0: 3 0x80005da4 (0x8ed1) x13 0xb8bbaeff
core   0: 0x80005da6 (0x00008e85) c.sub   a3, s1
core   0: 3 0x80005da6 (0x8e85) x13 0x38b9121b
core   0: 0x80005da8 (0x01656263) bltu    a0, s6, pc + 4
core   0: 3 0x80005da8 (0x01656263)
core   0: 0x80005dac (0x031e6d63) bltu    t3, a7, pc + 58
core   0: 3 0x80005dac (0x031e6d63)
core   0: 0x80005db0 (0x41a68fb3) sub     t6, a3, s10
core   0: 3 0x80005db0 (0x41a68fb3) x31 0x382fed0e
core   0: 0x80005db4 (0x032d68b3) rem     a7, s10, s2
core   0: 3 0x80005db4 (0x032d68b3) x17 0x0000950d
core   0: 0x80005db8 (0x418f5593) srai    a1, t5, 24
core   0: 3 0x80005db8 (0x418f5593) x11 0x00000000
core   0: 0x80005dbc (0x0000ea95) c.bnez  a3, pc + 52
core   0: 3 0x80005dbc (0xea95)
core   0: 0x80005df0 (0x862b0d93) addi    s11, s6, -1950
core   0: 3 0x80005df0 (0x862b0d93) x27 0xfffff862
core   0: 0x80005df4 (0x0ff0000f) fence   iorw,iorw
core   0: 3 0x80005df4 (0x0ff0000f)
core   0: 0x80005df8 (0x00008d9a) c.mv    s11, t1
core   0: 3 0x80005df8 (0x8d9a) x27 0x00000034
core   0: 0x80005dfa (0x00009e42) c.add   t3, a6
core   0: 3 0x80005dfa (0x9e42) x28 0xd5025e64
core   0: 0x80005dfc (0x015c5313) srli    t1, s8, 21
core   0: 3 0x80005dfc (0x015c5313) x 6 0x00000000
core   0: 0x80005e00 (0x00008da1) c.xor   a1, s0
core   0: 3 0x80005e00 (0x8da1) x11 0x00000000
core   0: 0x80005e02 (0x02f54b33) div     s6, a0, a5
core   0: 3 0x80005e02 (0x02f54b33) x22 0xffffffff
core   0: 0x80005e06 (0x0000816e) c.mv    sp, s11
core   0: 3 0x80005e06 (0x816e) x 2 0x00000034
core   0: 0x80005e08 (0x412a5d13) srai    s10, s4, 18
core   0: 3 0x80005e08 (0x412a5d13) x26 0xffffe000
core   0: 0x80005e0c (0x02ab6d33) rem     s10, s6, a0
core   0: 3 0x80005e0c (0x02ab6d33) x26 0xffffffff
core   0: 0x80005e10 (0x00008659) c.srai  a2, 22
core   0: 3 0x80005e10 (0x8659) x12 0x000000e2
core   0: 0x80005e12 (0x000001ca) c.slli  gp, 18
core   0: 3 0x80005e12 (0x01ca) x 3 0x00040000
core   0: 0x80005e14 (0x0000c011) c.beqz  s0, pc + 4
core   0: 3 0x80005e14 (0xc011)
core   0: 0x80005e18 (0x007f2033) slt     zero, t5, t2
core   0: 3 0x80005e18 (0x007f2033)
core   0: 0x80005e1c (0x00000629) c.addi  a2, 10
core   0: 3 0x80005e1c (0x0629) x12 0x000000ec
core   0: 0x80005e1e (0x00008d4d) c.or    a0, a1
core   0: 3 0x80005e1e (0x8d4d) x10 0x00000004
core   0: 0x80005e20 (0x0000717d) c.addi16sp sp, -16
core   0: 3 0x80005e20 (0x717d) x 2 0x00000024
core   0: 0x80005e22 (0x00cd28b3) slt     a7, s10, a2
core   0: 3 0x80005e22 (0x00cd28b3) x17 0x00000001
core   0: 0x80005e26 (0x00006c19) c.lui   s8, 0x6
core   0: 3 0x80005e26 (0x6c19) x24 0x00006000
core   0: 0x80005e28 (0x01b11513) slli    a0, sp, 27
core   0: 3 0x80005e28 (0x01b11513) x10 0x20000000
core   0: 0x80005e2c (0x291e8693) addi    a3, t4, 657
core   0: 3 0x80005e2c (0x291e8693) x13 0x00000292
core   0: 0x80005e30 (0x0000100f) fence.i
core   0: 3 0x80005e30 (0x0000100f)
core   0: 0x80005e34 (0x02ad72b3) remu    t0, s10, a0
core   0: 3 0x80005e34 (0x02ad72b3) x 5 0x1fffffff
core   0: 0x80005e38 (0x0000c2a9) c.beqz  a3, pc + 66
core   0: 3 0x80005e38 (0xc2a9)
core   0: 0x80005e3a (0x011ff263) bgeu    t6, a7, pc + 4
core   0: 3 0x80005e3a (0x011ff263)
core   0: 0x80005e3e (0x013bf5b3) and     a1, s7, s3
core   0: 3 0x80005e3e (0x013bf5b3) x11 0x00000001
core   0: 0x80005e42 (0x000086cd) c.srai  a3, 19
core   0: 3 0x80005e42 (0x86cd) x13 0x00000000
core   0: 0x80005e44 (0xcae1a017) auipc   zero, 0xcae1a
core   0: 3 0x80005e44 (0xcae1a017)
core   0: 0x80005e48 (0x00008835) c.andi  s0, 13
core   0: 3 0x80005e48 (0x8835) x 8 0x00000000
core   0: 0x80005e4a (0x038f23b3) mulhsu  t2, t5, s8
core   0: 3 0x80005e4a (0x038f23b3) x 7 0x00000000
core   0: 0x80005e4e (0x0212feb3) remu    t4, t0, ra
core   0: 3 0x80005e4e (0x0212feb3) x29 0x0000001f
core   0: 0x80005e52 (0x034d7fb3) remu    t6, s10, s4
core   0: 3 0x80005e52 (0x034d7fb3) x31 0x7fffffff
core   0: 0x80005e56 (0x01a05433) srl     s0, zero, s10
core   0: 3 0x80005e56 (0x01a05433) x 8 0x00000000
core   0: 0x80005e5a (0x0000cd1d) c.beqz  a0, pc + 62
core   0: 3 0x80005e5a (0xcd1d)
core   0: 0x80005e5c (0x0000993e) c.add   s2, a5
core   0: 3 0x80005e5c (0x993e) x18 0x00017000
core   0: 0x80005e5e (0x0442f263) bgeu    t0, tp, pc + 68
core   0: 3 0x80005e5e (0x0442f263)
core   0: 0x80005ea2 (0x03ce3db3) mulhu   s11, t3, t3
core   0: 3 0x80005ea2 (0x03ce3db3) x27 0xb13cf118
core   0: 0x80005ea6 (0x00b09713) slli    a4, ra, 11
core   0: 3 0x80005ea6 (0x00b09713) x14 0x0002a800
core   0: 0x80005eaa (0x000098d2) c.add   a7, s4
core   0: 3 0x80005eaa (0x98d2) x17 0x80000001
core   0: 0x80005eac (0x022fe663) bltu    t6, sp, pc + 44
core   0: 3 0x80005eac (0x022fe663)
core   0: 0x80005eb0 (0x03655f63) bge     a0, s6, pc + 62
core   0: 3 0x80005eb0 (0x03655f63)
core   0: 0x80005eee (0x02618163) beq     gp, t1, pc + 34
core   0: 3 0x80005eee (0x02618163)
core   0: 0x80005ef2 (0x011f9cb3) sll     s9, t6, a7
core   0: 3 0x80005ef2 (0x011f9cb3) x25 0xfffffffe
core   0: 0x80005ef6 (0x7e106993) ori     s3, zero, 2017
core   0: 3 0x80005ef6 (0x7e106993) x19 0x000007e1
core   0: 0x80005efa (0x412786b3) sub     a3, a5, s2
core   0: 3 0x80005efa (0x412786b3) x13 0xfffe9000
core   0: 0x80005efe (0x01bf9d13) slli    s10, t6, 27
core   0: 3 0x80005efe (0x01bf9d13) x26 0xf8000000
core   0: 0x80005f02 (0x0000100f) fence.i
core   0: 3 0x80005f02 (0x0000100f)
core   0: 0x80005f06 (0x418b82b3) sub     t0, s7, s8
core   0: 3 0x80005f06 (0x418b82b3) x 5 0xffffa0b1
core   0: 0x80005f0a (0x00005cfd) c.li    s9, -1
core   0: 3 0x80005f0a (0x5cfd) x25 0xffffffff
core   0: 0x80005f0c (0x001396b3) sll     a3, t2, ra
core   0: 3 0x80005f0c (0x001396b3) x13 0x00000000
core   0: 0x80005f10 (0x00008199) c.srli  a1, 6
core   0: 3 0x80005f10 (0x8199) x11 0x00000000
core   0: 0x80005f12 (0x66048113) addi    sp, s1, 1632
core   0: 3 0x80005f12 (0x66048113) x 2 0x8002a344
core   0: 0x80005f16 (0x00008d49) c.or    a0, a0
core   0: 3 0x80005f16 (0x8d49) x10 0x20000000
core   0: 0x80005f18 (0x022f1b33) mulh    s6, t5, sp
core   0: 3 0x80005f18 (0x022f1b33) x22 0x00000000
core   0: 0x80005f1c (0x419f8eb3) sub     t4, t6, s9
core   0: 3 0x80005f1c (0x419f8eb3) x29 0x80000000
core   0: 0x80005f20 (0x0000100f) fence.i
core   0: 3 0x80005f20 (0x0000100f)
core   0: 0x80005f24 (0x00008dd5) c.or    a1, a3
core   0: 3 0x80005f24 (0x8dd5) x11 0x00000000
core   0: 0x80005f26 (0x02cd4d33) div     s10, s10, a2
core   0: 3 0x80005f26 (0x02cd4d33) x26 0xfff75271
core   0: 0x80005f2a (0x030f8fb3) mul     t6, t6, a6
core   0: 3 0x80005f2a (0x030f8fb3) x31 0x7ffda19c
core   0: 0x80005f2e (0x002d38b3) sltu    a7, s10, sp
core   0: 3 0x80005f2e (0x002d38b3) x17 0x00000000
core   0: 0x80005f32 (0x00008c35) c.xor   s0, a3
core   0: 3 0x80005f32 (0x8c35) x 8 0x00000000
core   0: 0x80005f34 (0x00cf5f33) srl     t5, t5, a2
core   0: 3 0x80005f34 (0x00cf5f33) x30 0x00000000
core   0: 0x80005f38 (0x02a8e333) rem     t1, a7, a0
core   0: 3 0x80005f38 (0x02a8e333) x 6 0x00000000
core   0: 0x80005f3c (0x01fa1763) bne     s4, t6, pc + 14
core   0: 3 0x80005f3c (0x01fa1763)
core   0: 0x80005f4a (0x03999a63) bne     s3, s9, pc + 52
core   0: 3 0x80005f4a (0x03999a63)
core   0: 0x80005f7e (0x00008f8d) c.sub   a5, a1
core   0: 3 0x80005f7e (0x8f8d) x15 0x00000000
core   0: 0x80005f80 (0x00e1d663) bge     gp, a4, pc + 12
core   0: 3 0x80005f80 (0x00e1d663)
core   0: 0x80005f8c (0x0fa55d17) auipc   s10, 0xfa55
core   0: 3 0x80005f8c (0x0fa55d17) x26 0x8fa5af8c
core   0: 0x80005f90 (0x0044af33) slt     t5, s1, tp
core   0: 3 0x80005f90 (0x0044af33) x30 0x00000001
core   0: 0x80005f94 (0x010ce133) or      sp, s9, a6
core   0: 3 0x80005f94 (0x010ce133) x 2 0xffffffff
core   0: 0x80005f98 (0x00b4acb3) slt     s9, s1, a1
core   0: 3 0x80005f98 (0x00b4acb3) x25 0x00000001
core   0: 0x80005f9c (0x02335f33) divu    t5, t1, gp
core   0: 3 0x80005f9c (0x02335f33) x30 0x00000000
core   0: 0x80005fa0 (0x00ee1f33) sll     t5, t3, a4
core   0: 3 0x80005fa0 (0x00ee1f33) x30 0xd5025e64
core   0: 0x80005fa4 (0x03f1c463) blt     gp, t6, pc + 40
core   0: 3 0x80005fa4 (0x03f1c463)
core   0: 0x80005fcc (0x015bf263) bgeu    s7, s5, pc + 4
core   0: 3 0x80005fcc (0x015bf263)
core   0: 0x80005fd0 (0x41f60f33) sub     t5, a2, t6
core   0: 3 0x80005fd0 (0x41f60f33) x30 0x80025f50
core   0: 0x80005fd4 (0x0000100f) fence.i
core   0: 3 0x80005fd4 (0x0000100f)
core   0: 0x80005fd8 (0x02b94b63) blt     s2, a1, pc + 54
core   0: 3 0x80005fd8 (0x02b94b63)
core   0: 0x80005fdc (0x00008c49) c.or    s0, a0
core   0: 3 0x80005fdc (0x8c49) x 8 0x20000000
core   0: 0x80005fde (0x00000001) c.nop
core   0: 3 0x80005fde (0x0001)
core   0: 0x80005fe0 (0x00000001) c.nop
core   0: 3 0x80005fe0 (0x0001)
core   0: 0x80005fe2 (0x00005e7d) c.li    t3, -1
core   0: 3 0x80005fe2 (0x5e7d) x28 0xffffffff
core   0: 0x80005fe4 (0x039dc433) div     s0, s11, s9
core   0: 3 0x80005fe4 (0x039dc433) x 8 0xb13cf118
core   0: 0x80005fe8 (0x00006d69) c.lui   s10, 0x1a
core   0: 3 0x80005fe8 (0x6d69) x26 0x0001a000
core   0: 0x80005fea (0x03c52fb3) mulhsu  t6, a0, t3
core   0: 3 0x80005fea (0x03c52fb3) x31 0x1fffffff
core   0: 0x80005fee (0x03b77233) remu    tp, a4, s11
core   0: 3 0x80005fee (0x03b77233) x 4 0x0002a800
core   0: 0x80005ff2 (0x003b4263) blt     s6, gp, pc + 4
core   0: 3 0x80005ff2 (0x003b4263)
core   0: 0x80005ff6 (0x03be8933) mul     s2, t4, s11
core   0: 3 0x80005ff6 (0x03be8933) x18 0x00000000
core   0: 0x80005ffa (0xfd4c3393) sltiu   t2, s8, -44
core   0: 3 0x80005ffa (0xfd4c3393) x 7 0x00000001
core   0: 0x80005ffe (0x0168f663) bgeu    a7, s6, pc + 12
core   0: 3 0x80005ffe (0x0168f663)
core   0: 0x8000600a (0x032266b3) rem     a3, tp, s2
core   0: 3 0x8000600a (0x032266b3) x13 0x0002a800
core   0: 0x8000600e (0x0416f063) bgeu    a3, ra, pc + 64
core   0: 3 0x8000600e (0x0416f063)
core   0: 0x8000604e (0xe4d50513) addi    a0, a0, -435
core   0: 3 0x8000604e (0xe4d50513) x10 0x1ffffe4d
core   0: 0x80006052 (0x1b432913) slti    s2, t1, 436
core   0: 3 0x80006052 (0x1b432913) x18 0x00000001
core   0: 0x80006056 (0x00a5d133) srl     sp, a1, a0
core   0: 3 0x80006056 (0x00a5d133) x 2 0x00000000
core   0: 0x8000605a (0x000068d9) c.lui   a7, 0x16
core   0: 3 0x8000605a (0x68d9) x17 0x00016000
core   0: 0x8000605c (0x000001b5) c.addi  gp, 13
core   0: 3 0x8000605c (0x01b5) x 3 0x0004000d
core   0: 0x8000605e (0x021c7cb3) remu    s9, s8, ra
core   0: 3 0x8000605e (0x021c7cb3) x25 0x0000000b
core   0: 0x80006062 (0x0274ee33) rem     t3, s1, t2
core   0: 3 0x80006062 (0x0274ee33) x28 0x00000000
core   0: 0x80006066 (0x00000001) c.nop
core   0: 3 0x80006066 (0x0001)
core   0: 0x80006068 (0xcb14b893) sltiu   a7, s1, -847
core   0: 3 0x80006068 (0xcb14b893) x17 0x00000001
core   0: 0x8000606c (0x0000a197) auipc   gp, 0xa
core   0: 3 0x8000606c (0x0000a197) x 3 0x8001006c
core   0: 0x80006070 (0x38618193) addi    gp, gp, 902
core   0: 3 0x80006070 (0x38618193) x 3 0x800103f2
core   0: 0x80006074 (0x0000a217) auipc   tp, 0xa
core   0: 3 0x80006074 (0x0000a217) x 4 0x80010074
core   0: 0x80006078 (0x58d20213) addi    tp, tp, 1421
core   0: 3 0x80006078 (0x58d20213) x 4 0x80010601
core   0: 0x8000607c (0x08419883) lh      a7, 132(gp)
core   0: 3 0x8000607c (0x08419883) x17 0x0000560e mem 0x80010476
core   0: 0x80006080 (0x0000a997) auipc   s3, 0xa
core   0: 3 0x80006080 (0x0000a997) x19 0x80010080
core   0: 0x80006084 (0x6c798993) addi    s3, s3, 1735
core   0: 3 0x80006084 (0x6c798993) x19 0x80010747
core   0: 0x80006088 (0xfff25083) lhu     ra, -1(tp)
core   0: 3 0x80006088 (0xfff25083) x 1 0x00009431 mem 0x80010600
core   0: 0x8000608c (0xffc20503) lb      a0, -4(tp)
core   0: 3 0x8000608c (0xffc20503) x10 0xffffffad mem 0x800105fd
core   0: 0x80006090 (0x03d18303) lb      t1, 61(gp)
core   0: 3 0x80006090 (0x03d18303) x 6 0x00000020 mem 0x8001042f
core   0: 0x80006094 (0xe0b9db83) lhu     s7, -501(s3)
core   0: 3 0x80006094 (0xe0b9db83) x23 0x00005d4e mem 0x80010552
core   0: 0x80006098 (0xfcc18083) lb      ra, -52(gp)
core   0: 3 0x80006098 (0xfcc18083) x 1 0xffffffab mem 0x800103be
core   0: 0x8000609c (0xbc399e03) lh      t3, -1085(s3)
core   0: 3 0x8000609c (0xbc399e03) x28 0x00006fe9 mem 0x8001030a
core   0: 0x800060a0 (0xff020683) lb      a3, -16(tp)
core   0: 3 0x800060a0 (0xff020683) x13 0xffffffbc mem 0x800105f1
core   0: 0x800060a4 (0x77c980a3) sb      t3, 1889(s3)
core   0: 3 0x800060a4 (0x77c980a3) mem 0x80010ea8 0xe9
core   0: 0x800060a8 (0xf1719123) sh      s7, -254(gp)
core   0: 3 0x800060a8 (0xf1719123) mem 0x800102f4 0x5d4e
core   0: 0x800060ac (0x9699ae03) lw      t3, -1687(s3)
core   0: 3 0x800060ac (0x9699ae03) x28 0x2346d8cc mem 0x800100b0
core   0: 0x800060b0 (0x00420e03) lb      t3, 4(tp)
core   0: 3 0x800060b0 (0x00420e03) x28 0xffffffeb mem 0x80010605
core   0: 0x800060b4 (0x0621cb03) lbu     s6, 98(gp)
core   0: 3 0x800060b4 (0x0621cb03) x22 0x00000090 mem 0x80010454
core   0: 0x800060b8 (0x6c99d683) lhu     a3, 1737(s3)
core   0: 3 0x800060b8 (0x6c99d683) x13 0x0000c230 mem 0x80010e10
core   0: 0x800060bc (0xf80189a3) sb      zero, -109(gp)
core   0: 3 0x800060bc (0xf80189a3) mem 0x80010385 0x0
core   0: 0x800060c0 (0x00925403) lhu     s0, 9(tp)
core   0: 3 0x800060c0 (0x00925403) x 8 0x0000fcb6 mem 0x8001060a
core   0: 0x800060c4 (0xf3f182a3) sb      t6, -219(gp)
core   0: 3 0x800060c4 (0xf3f182a3) mem 0x80010317 0xff
core   0: 0x800060c8 (0xf3618c23) sb      s6, -200(gp)
core   0: 3 0x800060c8 (0xf3618c23) mem 0x8001032a 0x90
core   0: 0x800060cc (0x00320f83) lb      t6, 3(tp)
core   0: 3 0x800060cc (0x00320f83) x31 0xffffff8d mem 0x80010604
core   0: 0x800060d0 (0x26098923) sb      zero, 626(s3)
core   0: 3 0x800060d0 (0x26098923) mem 0x800109b9 0x0
core   0: 0x800060d4 (0x01e20523) sb      t5, 10(tp)
core   0: 3 0x800060d4 (0x01e20523) mem 0x8001060b 0x50
core   0: 0x800060d8 (0xff724a83) lbu     s5, -9(tp)
core   0: 3 0x800060d8 (0xff724a83) x21 0x00000015 mem 0x800105f8
core   0: 0x800060dc (0x4c59c303) lbu     t1, 1221(s3)
core   0: 3 0x800060dc (0x4c59c303) x 6 0x000000da mem 0x80010c0c
core   0: 0x800060e0 (0x01d1c903) lbu     s2, 29(gp)
core   0: 3 0x800060e0 (0x01d1c903) x18 0x00000087 mem 0x8001040f
core   0: 0x800060e4 (0x5ab98d83) lb      s11, 1451(s3)
core   0: 3 0x800060e4 (0x5ab98d83) x27 0xffffffb7 mem 0x80010cf2
core   0: 0x800060e8 (0xfff24583) lbu     a1, -1(tp)
core   0: 3 0x800060e8 (0xfff24583) x11 0x00000031 mem 0x80010600
core   0: 0x800060ec (0x00000588) c.addi4spn a0, sp, 704
core   0: 3 0x800060ec (0x0588) x10 0x000002c0
core   0: 0x800060ee (0x41cadcb3) sra     s9, s5, t3
core   0: 3 0x800060ee (0x41cadcb3) x25 0x00000000
core   0: 0x800060f2 (0x000eb233) sltu    tp, t4, zero
core   0: 3 0x800060f2 (0x000eb233) x 4 0x00000000
core   0: 0x800060f6 (0x41795d13) srai    s10, s2, 23
core   0: 3 0x800060f6 (0x41795d13) x26 0x00000000
core   0: 0x800060fa (0x8c86af13) slti    t5, a3, -1848
core   0: 3 0x800060fa (0x8c86af13) x30 0x00000000
core   0: 0x800060fe (0x00004af5) c.li    s5, 29
core   0: 3 0x800060fe (0x4af5) x21 0x0000001d
core   0: 0x80006100 (0x22a1c793) xori    a5, gp, 554
core   0: 3 0x80006100 (0x22a1c793) x15 0x800101d8
core   0: 0x80006104 (0x26f8b713) sltiu   a4, a7, 623
core   0: 3 0x80006104 (0x26f8b713) x14 0x00000000
core   0: 0x80006108 (0xeb141c17) auipc   s8, 0xeb141
core   0: 3 0x80006108 (0xeb141c17) x24 0x6b147108
core   0: 0x8000610c (0x00008de1) c.and   a1, s0
core   0: 3 0x8000610c (0x8de1) x11 0x00000030
core   0: 0x8000610e (0xa470a993) slti    s3, ra, -1465
core   0: 3 0x8000610e (0xa470a993) x19 0x00000000
core   0: 0x80006112 (0x00008c05) c.sub   s0, s1
core   0: 3 0x80006112 (0x8c05) x 8 0x7ffe5fd2
core   0: 0x80006114 (0xb610ca93) xori    s5, ra, -1183
core   0: 3 0x80006114 (0xb610ca93) x21 0x000004ca
core   0: 0x80006118 (0x00008ef1) c.and   a3, a2
core   0: 3 0x80006118 (0x8ef1) x13 0x00000020
core   0: 0x8000611a (0x037cd1b3) divu    gp, s9, s7
core   0: 3 0x8000611a (0x037cd1b3) x 3 0x00000000
core   0: 0x8000611e (0x000016fd) c.addi  a3, -1
core   0: 3 0x8000611e (0x16fd) x13 0x0000001f
core   0: 0x80006120 (0x7cc86c93) ori     s9, a6, 1996
core   0: 3 0x80006120 (0x7cc86c93) x25 0x80025fec
core   0: 0x80006124 (0x0000e309) c.bnez  a4, pc + 2
core   0: 3 0x80006124 (0xe309)
core   0: 0x80006126 (0x000041c5) c.li    gp, 17
core   0: 3 0x80006126 (0x41c5) x 3 0x00000011
core   0: 0x80006128 (0x30696093) ori     ra, s2, 774
core   0: 3 0x80006128 (0x30696093) x 1 0x00000387
core   0: 0x8000612c (0x0206e933) rem     s2, a3, zero
core   0: 3 0x8000612c (0x0206e933) x18 0x0000001f
core   0: 0x80006130 (0xbb28b397) auipc   t2, 0xbb28b
core   0: 3 0x80006130 (0xbb28b397) x 7 0x3b291130
core   0: 0x80006134 (0x00000739) c.addi  a4, 14
core   0: 3 0x80006134 (0x0739) x14 0x0000000e
core   0: 0x80006136 (0x01ae9863) bne     t4, s10, pc + 16
core   0: 3 0x80006136 (0x01ae9863)
core   0: 0x80006146 (0x41c8d613) srai    a2, a7, 28
core   0: 3 0x80006146 (0x41c8d613) x12 0x00000000
core   0: 0x8000614a (0xb0bf4413) xori    s0, t5, -1269
core   0: 3 0x8000614a (0xb0bf4413) x 8 0xfffffb0b
core   0: 0x8000614e (0x00241f93) slli    t6, s0, 2
core   0: 3 0x8000614e (0x00241f93) x31 0xffffec2c
core   0: 0x80006152 (0x024451b3) divu    gp, s0, tp
core   0: 3 0x80006152 (0x024451b3) x 3 0xffffffff
core   0: 0x80006156 (0x40ce0fb3) sub     t6, t3, a2
core   0: 3 0x80006156 (0x40ce0fb3) x31 0xffffffeb
core   0: 0x8000615a (0x4e682193) slti    gp, a6, 1254
core   0: 3 0x8000615a (0x4e682193) x 3 0x00000001
core   0: 0x8000615e (0x03969533) mulh    a0, a3, s9
core   0: 3 0x8000615e (0x03969533) x10 0xfffffff0
core   0: 0x80006162 (0x01a70ab3) add     s5, a4, s10
core   0: 3 0x80006162 (0x01a70ab3) x21 0x0000000e
core   0: 0x80006166 (0x03d8c463) blt     a7, t4, pc + 40
core   0: 3 0x80006166 (0x03d8c463)
core   0: 0x8000616a (0x0ff0000f) fence   iorw,iorw
core   0: 3 0x8000616a (0x0ff0000f)
core   0: 0x8000616e (0x03877d33) remu    s10, a4, s8
core   0: 3 0x8000616e (0x03877d33) x26 0x0000000e
core   0: 0x80006172 (0x0167e6b3) or      a3, a5, s6
core   0: 3 0x80006172 (0x0167e6b3) x13 0x800101d8
core   0: 0x80006176 (0x01a50263) beq     a0, s10, pc + 4
core   0: 3 0x80006176 (0x01a50263)
core   0: 0x8000617a (0x00000001) c.nop
core   0: 3 0x8000617a (0x0001)
core   0: 0x8000617c (0x00000001) c.nop
core   0: 3 0x8000617c (0x0001)
core   0: 0x8000617e (0x01ef1a93) slli    s5, t5, 30
core   0: 3 0x8000617e (0x01ef1a93) x21 0x00000000
core   0: 0x80006182 (0x5fd35c37) lui     s8, 0x5fd35
core   0: 3 0x80006182 (0x5fd35c37) x24 0x5fd35000
core   0: 0x80006186 (0x0000717d) c.addi16sp sp, -16
core   0: 3 0x80006186 (0x717d) x 2 0xfffffff0
core   0: 0x80006188 (0x0000c80d) c.beqz  s0, pc + 50
core   0: 3 0x80006188 (0xc80d)
core   0: 0x8000618a (0x01fa8e33) add     t3, s5, t6
core   0: 3 0x8000618a (0x01fa8e33) x28 0xffffffeb
core   0: 0x8000618e (0x010eb933) sltu    s2, t4, a6
core   0: 3 0x8000618e (0x010eb933) x18 0x00000001
core   0: 0x80006192 (0x02f9cb33) div     s6, s3, a5
core   0: 3 0x80006192 (0x02f9cb33) x22 0x00000000
core   0: 0x80006196 (0x41f289b3) sub     s3, t0, t6
core   0: 3 0x80006196 (0x41f289b3) x19 0xffffa0c6
core   0: 0x8000619a (0x022b65b3) rem     a1, s6, sp
core   0: 3 0x8000619a (0x022b65b3) x11 0x00000000
core   0: 0x8000619e (0x00000001) c.nop
core   0: 3 0x8000619e (0x0001)
core   0: 0x800061a0 (0x010e9663) bne     t4, a6, pc + 12
core   0: 3 0x800061a0 (0x010e9663)
core   0: 0x800061ac (0x00001614) c.addi4spn a3, sp, 800
core   0: 3 0x800061ac (0x1614) x13 0x00000310
core   0: 0x800061ae (0x011f3f33) sltu    t5, t5, a7
core   0: 3 0x800061ae (0x011f3f33) x30 0x00000001
core   0: 0x800061b2 (0x0000eb95) c.bnez  a5, pc + 52
core   0: 3 0x800061b2 (0xeb95)
core   0: 0x800061e6 (0x00008172) c.mv    sp, t3
core   0: 3 0x800061e6 (0x8172) x 2 0xffffffeb
core   0: 0x800061e8 (0xe0fd6d17) auipc   s10, 0xe0fd6
core   0: 3 0x800061e8 (0xe0fd6d17) x26 0x60fdc1e8
core   0: 0x800061ec (0x00008225) c.srli  a2, 9
core   0: 3 0x800061ec (0x8225) x12 0x00000000
core   0: 0x800061ee (0x027805b3) mul     a1, a6, t2
core   0: 3 0x800061ee (0x027805b3) x11 0x52ba56c0
core   0: 0x800061f2 (0x0000717d) c.addi16sp sp, -16
core   0: 3 0x800061f2 (0x717d) x 2 0xffffffdb
core   0: 0x800061f4 (0x00762033) slt     zero, a2, t2
core   0: 3 0x800061f4 (0x00762033)
core   0: 0x800061f8 (0x17592e93) slti    t4, s2, 373
core   0: 3 0x800061f8 (0x17592e93) x29 0x00000001
core   0: 0x800061fc (0x3ec58013) addi    zero, a1, 1004
core   0: 3 0x800061fc (0x3ec58013)
core   0: 0x80006200 (0x025f8ab3) mul     s5, t6, t0
core   0: 3 0x80006200 (0x025f8ab3) x21 0x0007d17b
core   0: 0x80006204 (0x00e40d33) add     s10, s0, a4
core   0: 3 0x80006204 (0x00e40d33) x26 0xfffffb19
core   0: 0x80006208 (0x0000717d) c.addi16sp sp, -16
core   0: 3 0x80006208 (0x717d) x 2 0xffffffcb
core   0: 0x8000620a (0x00008021) c.srli  s0, 8
core   0: 3 0x8000620a (0x8021) x 8 0x00fffffb
core   0: 0x8000620c (0x0280f233) remu    tp, ra, s0
core   0: 3 0x8000620c (0x0280f233) x 4 0x00000387
core   0: 0x80006210 (0x00008795) c.srai  a5, 5
core   0: 3 0x80006210 (0x8795) x15 0xfc00080e
core   0: 0x80006212 (0x40955c33) sra     s8, a0, s1
core   0: 3 0x80006212 (0x40955c33) x24 0xffffffff
core   0: 0x80006216 (0x01951b63) bne     a0, s9, pc + 22
core   0: 3 0x80006216 (0x01951b63)
core   0: 0x8000622c (0x00008c19) c.sub   s0, a4
core   0: 3 0x8000622c (0x8c19) x 8 0x00ffffed
core   0: 0x8000622e (0x0000e399) c.bnez  a5, pc + 6
core   0: 3 0x8000622e (0xe399)
core   0: 0x80006234 (0x966c3e97) auipc   t4, 0x966c3
core   0: 3 0x80006234 (0x966c3e97) x29 0x166c9234
core   0: 0x80006238 (0x00ca0bb3) add     s7, s4, a2
core   0: 3 0x80006238 (0x00ca0bb3) x23 0x80000000
core   0: 0x8000623c (0x017f1f63) bne     t5, s7, pc + 30
core   0: 3 0x8000623c (0x017f1f63)
core   0: 0x8000625a (0x31dfe013) ori     zero, t6, 797
core   0: 3 0x8000625a (0x31dfe013)
core   0: 0x8000625e (0x00db5cb3) srl     s9, s6, a3
core   0: 3 0x8000625e (0x00db5cb3) x25 0x00000000
core   0: 0x80006262 (0x0084dd13) srli    s10, s1, 8
core   0: 3 0x80006262 (0x0084dd13) x26 0x0080029c
core   0: 0x80006266 (0x0506c263) blt     a3, a6, pc + 68
core   0: 3 0x80006266 (0x0506c263)
core   0: 0x8000626a (0x01949263) bne     s1, s9, pc + 4
core   0: 3 0x8000626a (0x01949263)
core   0: 0x8000626e (0x0000ef95) c.bnez  a5, pc + 60
core   0: 3 0x8000626e (0xef95)
core   0: 0x800062aa (0x00009386) c.add   t2, ra
core   0: 3 0x800062aa (0x9386) x 7 0x3b2914b7
core   0: 0x800062ac (0x00004755) c.li    a4, 21
core   0: 3 0x800062ac (0x4755) x14 0x00000015
core   0: 0x800062ae (0x00000001) c.nop
core   0: 3 0x800062ae (0x0001)
core   0: 0x800062b0 (0x9bb1b293) sltiu   t0, gp, -1605
core   0: 3 0x800062b0 (0x9bb1b293) x 5 0x00000001
core   0: 0x800062b4 (0x013fd593) srli    a1, t6, 19
core   0: 3 0x800062b4 (0x013fd593) x11 0x00001fff
core   0: 0x800062b8 (0x00009e76) c.add   t3, t4
core   0: 3 0x800062b8 (0x9e76) x28 0x166c921f
core   0: 0x800062ba (0x00f71963) bne     a4, a5, pc + 18
core   0: 3 0x800062ba (0x00f71963)
core   0: 0x800062cc (0x023d7063) bgeu    s10, gp, pc + 32
core   0: 3 0x800062cc (0x023d7063)
core   0: 0x800062ec (0x010e5013) srli    zero, t3, 16
core   0: 3 0x800062ec (0x010e5013)
core   0: 0x800062f0 (0x04db0f63) beq     s6, a3, pc + 94
core   0: 3 0x800062f0 (0x04db0f63)
core   0: 0x800062f4 (0x03a26c33) rem     s8, tp, s10
core   0: 3 0x800062f4 (0x03a26c33) x24 0x00000387
core   0: 0x800062f8 (0x01a37c33) and     s8, t1, s10
core   0: 3 0x800062f8 (0x01a37c33) x24 0x00000098
core   0: 0x800062fc (0x0000b297) auipc   t0, 0xb
core   0: 3 0x800062fc (0x0000b297) x 5 0x800112fc
core   0: 0x80006300 (0x8be28293) addi    t0, t0, -1858
core   0: 3 0x80006300 (0x8be28293) x 5 0x80010bba
core   0: 0x80006304 (0x0000100f) fence.i
core   0: 3 0x80006304 (0x0000100f)
core   0: 0x80006308 (0x0090f3b3) and     t2, ra, s1
core   0: 3 0x80006308 (0x0090f3b3) x 7 0x00000084
core   0: 0x8000630c (0xf5228ca3) sb      s2, -167(t0)
core   0: 3 0x8000630c (0xf5228ca3) mem 0x80010b13 0x1
core   0: 0x80006310 (0x2532c003) lbu     zero, 595(t0)
core   0: 3 0x80006310 (0x2532c003) mem 0x80010e0d
core   0: 0x80006314 (0x2532c583) lbu     a1, 595(t0)
core   0: 3 0x80006314 (0x2532c583) x11 0x000000c0 mem 0x80010e0d
core   0: 0x80006318 (0x25328903) lb      s2, 595(t0)
core   0: 3 0x80006318 (0x25328903) x18 0xffffffc0 mem 0x80010e0d
core   0: 0x8000631c (0x2532c703) lbu     a4, 595(t0)
core   0: 3 0x8000631c (0x2532c703) x14 0x000000c0 mem 0x80010e0d
core   0: 0x80006320 (0xea82c383) lbu     t2, -344(t0)
core   0: 3 0x80006320 (0xea82c383) x 7 0x000000e2 mem 0x80010a62
core   0: 0x80006324 (0xeb229423) sh      s2, -344(t0)
core   0: 3 0x80006324 (0xeb229423) mem 0x80010a62 0xffc0
core   0: 0x80006328 (0xb9928a83) lb      s5, -1127(t0)
core   0: 3 0x80006328 (0xb9928a83) x21 0x00000017 mem 0x80010753
core   0: 0x8000632c (0xb992cc83) lbu     s9, -1127(t0)
core   0: 3 0x8000632c (0xb992cc83) x25 0x00000017 mem 0x80010753
core   0: 0x80006330 (0x00000001) c.nop
core   0: 3 0x80006330 (0x0001)
core   0: 0x80006332 (0xb8428ca3) sb      tp, -1127(t0)
core   0: 3 0x80006332 (0xb8428ca3) mem 0x80010753 0x87
core   0: 0x80006336 (0x02d89233) mulh    tp, a7, a3
core   0: 3 0x80006336 (0x02d89233) x 4 0x00000000
core   0: 0x8000633a (0x0204e663) bltu    s1, zero, pc + 44
core   0: 3 0x8000633a (0x0204e663)
core   0: 0x8000633e (0x0000100f) fence.i
core   0: 3 0x8000633e (0x0000100f)
core   0: 0x80006342 (0xb38ba693) slti    a3, s7, -1224
core   0: 3 0x80006342 (0xb38ba693) x13 0x00000001
core   0: 0x80006346 (0x0000100f) fence.i
core   0: 3 0x80006346 (0x0000100f)
core   0: 0x8000634a (0x1843c293) xori    t0, t2, 388
core   0: 3 0x8000634a (0x1843c293) x 5 0x00000166
core   0: 0x8000634e (0x03351ab3) mulh    s5, a0, s3
core   0: 3 0x8000634e (0x03351ab3) x21 0x00000000
core   0: 0x80006352 (0x65ae2f13) slti    t5, t3, 1626
core   0: 3 0x80006352 (0x65ae2f13) x30 0x00000000
core   0: 0x80006356 (0x00008d85) c.sub   a1, s1
core   0: 3 0x80006356 (0x8d85) x11 0x7ffd63dc
core   0: 0x80006358 (0x000098ae) c.add   a7, a1
core   0: 3 0x80006358 (0x98ae) x17 0x7ffdb9ea
core   0: 0x8000635a (0xab12bcb7) lui     s9, 0xab12b
core   0: 3 0x8000635a (0xab12bcb7) x25 0xab12b000
core   0: 0x8000635e (0x03c6df33) divu    t5, a3, t3
core   0: 3 0x8000635e (0x03c6df33) x30 0x00000000
core   0: 0x80006362 (0x00fd4263) blt     s10, a5, pc + 4
core   0: 3 0x80006362 (0x00fd4263)
core   0: 0x80006366 (0x028f3533) mulhu   a0, t5, s0
core   0: 3 0x80006366 (0x028f3533) x10 0x00000000
core   0: 0x8000636a (0x000082c2) c.mv    t0, a6
core   0: 3 0x8000636a (0x82c2) x 5 0x80025e64
core   0: 0x8000636c (0x00000955) c.addi  s2, 21
core   0: 3 0x8000636c (0x0955) x18 0xffffffd5
core   0: 0x8000636e (0x000082fd) c.srli  a3, 31
core   0: 3 0x8000636e (0x82fd) x13 0x00000000
core   0: 0x80006370 (0x00008a59) c.andi  a2, 22
core   0: 3 0x80006370 (0x8a59) x12 0x00000000
core   0: 0x80006372 (0x2e2db513) sltiu   a0, s11, 738
core   0: 3 0x80006372 (0x2e2db513) x10 0x00000000
core   0: 0x80006376 (0x00008756) c.mv    a4, s5
core   0: 3 0x80006376 (0x8756) x14 0x00000000
core   0: 0x80006378 (0x02450ab3) mul     s5, a0, tp
core   0: 3 0x80006378 (0x02450ab3) x21 0x00000000
core   0: 0x8000637c (0x0ff0000f) fence   iorw,iorw
core   0: 3 0x8000637c (0x0ff0000f)
core   0: 0x80006380 (0x02ef8233) mul     tp, t6, a4
core   0: 3 0x80006380 (0x02ef8233) x 4 0x00000000
core   0: 0x80006384 (0x03530363) beq     t1, s5, pc + 38
core   0: 3 0x80006384 (0x03530363)
core   0: 0x80006388 (0x031b3eb3) mulhu   t4, s6, a7
core   0: 3 0x80006388 (0x031b3eb3) x29 0x00000000
core   0: 0x8000638c (0x012e1bb3) sll     s7, t3, s2
core   0: 3 0x8000638c (0x012e1bb3) x23 0x43e00000
core   0: 0x80006390 (0x02289463) bne     a7, sp, pc + 40
core   0: 3 0x80006390 (0x02289463)
core   0: 0x800063b8 (0x011cbc33) sltu    s8, s9, a7
core   0: 3 0x800063b8 (0x011cbc33) x24 0x00000000
core   0: 0x800063bc (0x00e332b3) sltu    t0, t1, a4
core   0: 3 0x800063bc (0x00e332b3) x 5 0x00000000
core   0: 0x800063c0 (0x00017997) auipc   s3, 0x17
core   0: 3 0x800063c0 (0x00017997) x19 0x8001d3c0
core   0: 0x800063c4 (0x71798993) addi    s3, s3, 1815
core   0: 3 0x800063c4 (0x71798993) x19 0x8001dad7
core   0: 0x800063c8 (0x8e999603) lh      a2, -1815(s3)
core   0: 3 0x800063c8 (0x8e999603) x12 0x00000fe6 mem 0x8001d3c0
core   0: 0x800063cc (0x00019097) auipc   ra, 0x19
core   0: 3 0x800063cc (0x00019097) x 1 0x8001f3cc
core   0: 0x800063d0 (0x07208093) addi    ra, ra, 114
core   0: 3 0x800063d0 (0x07208093) x 1 0x8001f43e
core   0: 0x800063d4 (0x00018f97) auipc   t6, 0x18
core   0: 3 0x800063d4 (0x00018f97) x31 0x8001e3d4
core   0: 0x800063d8 (0x2e7f8f93) addi    t6, t6, 743
core   0: 3 0x800063d8 (0x2e7f8f93) x31 0x8001e6bb
core   0: 0x800063dc (0x55408903) lb      s2, 1364(ra)
core   0: 3 0x800063dc (0x55408903) x18 0xffffff88 mem 0x8001f992
core   0: 0x800063e0 (0xfbbfdc03) lhu     s8, -69(t6)
core   0: 3 0x800063e0 (0xfbbfdc03) x24 0x00008b15 mem 0x8001e676
core   0: 0x800063e4 (0x8790c883) lbu     a7, -1927(ra)
core   0: 3 0x800063e4 (0x8790c883) x17 0x00000063 mem 0x8001ecb7
core   0: 0x800063e8 (0x3af09723) sh      a5, 942(ra)
core   0: 3 0x800063e8 (0x3af09723) mem 0x8001f7ec 0x080e
core   0: 0x800063ec (0xf85f9aa3) sh      t0, -107(t6)
core   0: 3 0x800063ec (0xf85f9aa3) mem 0x8001e650 0x0000
core   0: 0x800063f0 (0x5fa9c603) lbu     a2, 1530(s3)
core   0: 3 0x800063f0 (0x5fa9c603) x12 0x0000007a mem 0x8001e0d1
core   0: 0x800063f4 (0xcc40a723) sw      tp, -818(ra)
core   0: 3 0x800063f4 (0xcc40a723) mem 0x8001f10c 0x00000000
core   0: 0x800063f8 (0xc6108b03) lb      s6, -927(ra)
core   0: 3 0x800063f8 (0xc6108b03) x22 0xffffff93 mem 0x8001f09f
core   0: 0x800063fc (0xf63fc403) lbu     s0, -157(t6)
core   0: 3 0x800063fc (0xf63fc403) x 8 0x0000002c mem 0x8001e61e
core   0: 0x80006400 (0x0c3f8123) sb      gp, 194(t6)
core   0: 3 0x80006400 (0x0c3f8123) mem 0x8001e77d 0x1
core   0: 0x80006404 (0xfbbfc183) lbu     gp, -69(t6)
core   0: 3 0x80006404 (0xfbbfc183) x 3 0x00000015 mem 0x8001e676
core   0: 0x80006408 (0xa4298383) lb      t2, -1470(s3)
core   0: 3 0x80006408 (0xa4298383) x 7 0x00000038 mem 0x8001d519
core   0: 0x8000640c (0x03dfd503) lhu     a0, 61(t6)
core   0: 3 0x8000640c (0x03dfd503) x10 0x00009691 mem 0x8001e6f8
core   0: 0x80006410 (0x99108283) lb      t0, -1647(ra)
core   0: 3 0x80006410 (0x99108283) x 5 0x0000003c mem 0x8001edcf
core   0: 0x80006414 (0x55399aa3) sh      s3, 1365(s3)
core   0: 3 0x80006414 (0x55399aa3) mem 0x8001e02c 0xdad7
core   0: 0x80006418 (0x52f983a3) sb      a5, 1319(s3)
core   0: 3 0x80006418 (0x52f983a3) mem 0x8001dffe 0xe
core   0: 0x8000641c (0xfc5f8723) sb      t0, -50(t6)
core   0: 3 0x8000641c (0xfc5f8723) mem 0x8001e689 0x3c
core   0: 0x80006420 (0x00eafc33) and     s8, s5, a4
core   0: 3 0x80006420 (0x00eafc33) x24 0x00000000
core   0: 0x80006424 (0x03cba233) mulhsu  tp, s7, t3
core   0: 3 0x80006424 (0x03cba233) x 4 0x05f2093d
core   0: 0x80006428 (0x03c3a133) mulhsu  sp, t2, t3
core   0: 3 0x80006428 (0x03c3a133) x 2 0x00000004
core   0: 0x8000642c (0x03685e33) divu    t3, a6, s6
core   0: 3 0x8000642c (0x03685e33) x28 0x00000000
core   0: 0x80006430 (0x034920b3) mulhsu  ra, s2, s4
core   0: 3 0x80006430 (0x034920b3) x 1 0xffffffc4
core   0: 0x80006434 (0x1b06b117) auipc   sp, 0x1b06b
core   0: 3 0x80006434 (0x1b06b117) x 2 0x9b071434
core   0: 0x80006438 (0x0000717d) c.addi16sp sp, -16
core   0: 3 0x80006438 (0x717d) x 2 0x9b071424
core   0: 0x8000643a (0x03444433) div     s0, s0, s4
core   0: 3 0x8000643a (0x03444433) x 8 0x00000000
core   0: 0x8000643e (0xd6f3b313) sltiu   t1, t2, -657
core   0: 3 0x8000643e (0xd6f3b313) x 6 0x00000001
core   0: 0x80006442 (0x000adab3) srl     s5, s5, zero
core   0: 3 0x80006442 (0x000adab3) x21 0x00000000
core   0: 0x80006446 (0x03a9ec33) rem     s8, s3, s10
core   0: 3 0x80006446 (0x03a9ec33) x24 0xff84743b
core   0: 0x8000644a (0x00000001) c.nop
core   0: 3 0x8000644a (0x0001)
core   0: 0x8000644c (0x03440733) mul     a4, s0, s4
core   0: 3 0x8000644c (0x03440733) x14 0x00000000
core   0: 0x80006450 (0x00008e9d) c.sub   a3, a5
core   0: 3 0x80006450 (0x8e9d) x13 0x03fff7f2
core   0: 0x80006452 (0x22f98213) addi    tp, s3, 559
core   0: 3 0x80006452 (0x22f98213) x 4 0x8001dd06
core   0: 0x80006456 (0xac7cc613) xori    a2, s9, -1337
core   0: 3 0x80006456 (0xac7cc613) x12 0x54ed4ac7
core   0: 0x8000645a (0x02ae8d33) mul     s10, t4, a0
core   0: 3 0x8000645a (0x02ae8d33) x26 0x00000000
core   0: 0x8000645e (0x015d2733) slt     a4, s10, s5
core   0: 3 0x8000645e (0x015d2733) x14 0x00000000
core   0: 0x80006462 (0x00008d41) c.or    a0, s0
core   0: 3 0x80006462 (0x8d41) x10 0x00009691
core   0: 0x80006464 (0x00008f21) c.xor   a4, s0
core   0: 3 0x80006464 (0x8f21) x14 0x00000000
core   0: 0x80006466 (0x000096da) c.add   a3, s6
core   0: 3 0x80006466 (0x96da) x13 0x03fff785
core   0: 0x80006468 (0x00c0c033) xor     zero, ra, a2
core   0: 3 0x80006468 (0x00c0c033)
core   0: 0x8000646c (0x00c11013) slli    zero, sp, 12
core   0: 3 0x8000646c (0x00c11013)
core   0: 0x80006470 (0x0000828d) c.srli  a3, 3
core   0: 3 0x80006470 (0x828d) x13 0x007ffef0
core   0: 0x80006472 (0x00000001) c.nop
core   0: 3 0x80006472 (0x0001)
core   0: 0x80006474 (0x02e18e33) mul     t3, gp, a4
core   0: 3 0x80006474 (0x02e18e33) x28 0x00000000
core   0: 0x80006478 (0x00004fd5) c.li    t6, 21
core   0: 3 0x80006478 (0x4fd5) x31 0x00000015
core   0: 0x8000647a (0x00fc3133) sltu    sp, s8, a5
core   0: 3 0x8000647a (0x00fc3133) x 2 0x00000000
core   0: 0x8000647e (0x00008f35) c.xor   a4, a3
core   0: 3 0x8000647e (0x8f35) x14 0x007ffef0
core   0: 0x80006480 (0x011f8033) add     zero, t6, a7
core   0: 3 0x80006480 (0x011f8033)
core   0: 0x80006484 (0x4044d893) srai    a7, s1, 4
core   0: 3 0x80006484 (0x4044d893) x17 0xf80029ce
core   0: 0x80006488 (0x00000796) c.slli  a5, 5
core   0: 3 0x80006488 (0x0796) x15 0x800101c0
core   0: 0x8000648a (0x000085b9) c.srai  a1, 14
core   0: 3 0x8000648a (0x85b9) x11 0x0001fff5
core   0: 0x8000648c (0x00008c3d) c.xor   s0, a5
core   0: 3 0x8000648c (0x8c3d) x 8 0x800101c0
core   0: 0x8000648e (0x00e5d293) srli    t0, a1, 14
core   0: 3 0x8000648e (0x00e5d293) x 5 0x00000007
core   0: 0x80006492 (0x00008f05) c.sub   a4, s1
core   0: 3 0x80006492 (0x8f05) x14 0x807d620c
core   0: 0x80006494 (0x03da6cb3) rem     s9, s4, t4
core   0: 3 0x80006494 (0x03da6cb3) x25 0x80000000
core   0: 0x80006498 (0x00006115) c.addi16sp sp, 288
core   0: 3 0x80006498 (0x6115) x 2 0x00000120
core   0: 0x8000649a (0x02d530b3) mulhu   ra, a0, a3
core   0: 3 0x8000649a (0x02d530b3) x 1 0x0000004b
core   0: 0x8000649e (0x15a93993) sltiu   s3, s2, 346
core   0: 3 0x8000649e (0x15a93993) x19 0x00000000
core   0: 0x800064a2 (0x0000036a) c.slli  t1, 26
core   0: 3 0x800064a2 (0x036a) x 6 0x04000000
core   0: 0x800064a4 (0x74882913) slti    s2, a6, 1864
core   0: 3 0x800064a4 (0x74882913) x18 0x00000001
core   0: 0x800064a8 (0x01c11233) sll     tp, sp, t3
core   0: 3 0x800064a8 (0x01c11233) x 4 0x00000120
core   0: 0x800064ac (0x404e5db3) sra     s11, t3, tp
core   0: 3 0x800064ac (0x404e5db3) x27 0x00000000
core   0: 0x800064b0 (0x00d67263) bgeu    a2, a3, pc + 4
core   0: 3 0x800064b0 (0x00d67263)
core   0: 0x800064b4 (0x4080d0b3) sra     ra, ra, s0
core   0: 3 0x800064b4 (0x4080d0b3) x 1 0x0000004b
core   0: 0x800064b8 (0x023fdab3) divu    s5, t6, gp
core   0: 3 0x800064b8 (0x023fdab3) x21 0x00000001
core   0: 0x800064bc (0x019e95b3) sll     a1, t4, s9
core   0: 3 0x800064bc (0x019e95b3) x11 0x00000000
core   0: 0x800064c0 (0x00000001) c.nop
core   0: 3 0x800064c0 (0x0001)
core   0: 0x800064c2 (0x03fc8d63) beq     s9, t6, pc + 58
core   0: 3 0x800064c2 (0x03fc8d63)
core   0: 0x800064c6 (0x000009c6) c.slli  s3, 17
core   0: 3 0x800064c6 (0x09c6) x19 0x00000000
core   0: 0x800064c8 (0x00d8d133) srl     sp, a7, a3
core   0: 3 0x800064c8 (0x00d8d133) x 2 0x0000f800
core   0: 0x800064cc (0x00008d95) c.sub   a1, a3
core   0: 3 0x800064cc (0x8d95) x11 0xff800110
core   0: 0x800064ce (0x03774533) div     a0, a4, s7
core   0: 3 0x800064ce (0x03774533) x10 0xffffffff
core   0: 0x800064d2 (0x78a67c93) andi    s9, a2, 1930
core   0: 3 0x800064d2 (0x78a67c93) x25 0x00000282
core   0: 0x800064d6 (0x00e2a2b3) slt     t0, t0, a4
core   0: 3 0x800064d6 (0x00e2a2b3) x 5 0x00000000
core   0: 0x800064da (0x0000e981) c.bnez  a1, pc + 16
core   0: 3 0x800064da (0xe981)
core   0: 0x800064ea (0x000052fd) c.li    t0, -1
core   0: 3 0x800064ea (0x52fd) x 5 0xffffffff
core   0: 0x800064ec (0x00dcd5b3) srl     a1, s9, a3
core   0: 3 0x800064ec (0x00dcd5b3) x11 0x00000000
core   0: 0x800064f0 (0x02ddd463) bge     s11, a3, pc + 40
core   0: 3 0x800064f0 (0x02ddd463)
core   0: 0x800064f4 (0x000062a1) c.lui   t0, 0x8
core   0: 3 0x800064f4 (0x62a1) x 5 0x00008000
core   0: 0x800064f6 (0x00e1c263) blt     gp, a4, pc + 4
core   0: 3 0x800064f6 (0x00e1c263)
core   0: 0x800064fa (0x00000001) c.nop
core   0: 3 0x800064fa (0x0001)
core   0: 0x800064fc (0x020366b3) rem     a3, t1, zero
core   0: 3 0x800064fc (0x020366b3) x13 0x04000000
core   0: 0x80006500 (0x00b97263) bgeu    s2, a1, pc + 4
core   0: 3 0x80006500 (0x00b97263)
core   0: 0x80006504 (0x4135d793) srai    a5, a1, 19
core   0: 3 0x80006504 (0x4135d793) x15 0x00000000
core   0: 0x80006508 (0x53034313) xori    t1, t1, 1328
core   0: 3 0x80006508 (0x53034313) x 6 0x04000530
core   0: 0x8000650c (0x00000001) c.nop
core   0: 3 0x8000650c (0x0001)
core   0: 0x8000650e (0xd7003993) sltiu   s3, zero, -656
core   0: 3 0x8000650e (0xd7003993) x19 0x00000001
core   0: 0x80006512 (0x00008c21) c.xor   s0, s0
core   0: 3 0x80006512 (0x8c21) x 8 0x00000000
core   0: 0x80006514 (0x03faf363) bgeu    s5, t6, pc + 38
core   0: 3 0x80006514 (0x03faf363)
core   0: 0x80006518 (0x000052fd) c.li    t0, -1
core   0: 3 0x80006518 (0x52fd) x 5 0xffffffff
core   0: 0x8000651a (0x0375f5b3) remu    a1, a1, s7
core   0: 3 0x8000651a (0x0375f5b3) x11 0x00000000
core   0: 0x8000651e (0x0ff0000f) fence   iorw,iorw
core   0: 3 0x8000651e (0x0ff0000f)
core   0: 0x80006522 (0x017e0c33) add     s8, t3, s7
core   0: 3 0x80006522 (0x017e0c33) x24 0x43e00000
core   0: 0x80006526 (0x0000c919) c.beqz  a0, pc + 22
core   0: 3 0x80006526 (0xc919)
core   0: 0x80006528 (0x0381cd33) div     s10, gp, s8
core   0: 3 0x80006528 (0x0381cd33) x26 0x00000000
core   0: 0x8000652c (0x408b0c33) sub     s8, s6, s0
core   0: 3 0x8000652c (0x408b0c33) x24 0xffffff93
core   0: 0x80006530 (0x14ca5037) lui     zero, 0x14ca5
core   0: 3 0x80006530 (0x14ca5037)
core   0: 0x80006534 (0x00009af6) c.add   s5, t4
core   0: 3 0x80006534 (0x9af6) x21 0x00000001
core   0: 0x80006536 (0xac5f7213) andi    tp, t5, -1339
core   0: 3 0x80006536 (0xac5f7213) x 4 0x00000000
core   0: 0x8000653a (0x0000917e) c.add   sp, t6
core   0: 3 0x8000653a (0x917e) x 2 0x0000f815
core   0: 0x8000653c (0x00008a8d) c.andi  a3, 3
core   0: 3 0x8000653c (0x8a8d) x13 0x00000000
core   0: 0x8000653e (0x04e09063) bne     ra, a4, pc + 64
core   0: 3 0x8000653e (0x04e09063)
core   0: 0x8000657e (0x0250ae33) mulhsu  t3, ra, t0
core   0: 3 0x8000657e (0x0250ae33) x28 0x0000004a
core   0: 0x80006582 (0x038c15b3) mulh    a1, s8, s8
core   0: 3 0x80006582 (0x038c15b3) x11 0x00000000
core   0: 0x80006586 (0x018fc763) blt     t6, s8, pc + 14
core   0: 3 0x80006586 (0x018fc763)
core   0: 0x8000658a (0x03f68963) beq     a3, t6, pc + 50
core   0: 3 0x8000658a (0x03f68963)
core   0: 0x8000658e (0x008d71b3) and     gp, s10, s0
core   0: 3 0x8000658e (0x008d71b3) x 3 0x00000000
core   0: 0x80006592 (0x00008c0d) c.sub   s0, a1
core   0: 3 0x80006592 (0x8c0d) x 8 0x00000000
core   0: 0x80006594 (0x4123df33) sra     t5, t2, s2
core   0: 3 0x80006594 (0x4123df33) x30 0x0000001c
core   0: 0x80006598 (0x000081f5) c.srli  a1, 29
core   0: 3 0x80006598 (0x81f5) x11 0x00000000
core   0: 0x8000659a (0x03edfab3) remu    s5, s11, t5
core   0: 3 0x8000659a (0x03edfab3) x21 0x00000000
core   0: 0x8000659e (0x0015d5b3) srl     a1, a1, ra
core   0: 3 0x8000659e (0x0015d5b3) x11 0x00000000
core   0: 0x800065a2 (0x00000001) c.nop
core   0: 3 0x800065a2 (0x0001)
core   0: 0x800065a4 (0x0262e333) rem     t1, t0, t1
core   0: 3 0x800065a4 (0x0262e333) x 6 0xffffffff
core   0: 0x800065a8 (0xad758c93) addi    s9, a1, -1321
core   0: 3 0x800065a8 (0xad758c93) x25 0xfffffad7
core   0: 0x800065ac (0x01949b13) slli    s6, s1, 25
core   0: 3 0x800065ac (0x01949b13) x22 0xc8000000
core   0: 0x800065b0 (0x00008c29) c.xor   s0, a0
core   0: 3 0x800065b0 (0x8c29) x 8 0xffffffff
core   0: 0x800065b2 (0x00f9e033) or      zero, s3, a5
core   0: 3 0x800065b2 (0x00f9e033)
core   0: 0x800065b6 (0x01045e93) srli    t4, s0, 16
core   0: 3 0x800065b6 (0x01045e93) x29 0x0000ffff
core   0: 0x800065ba (0x0000cf85) c.beqz  a5, pc + 56
core   0: 3 0x800065ba (0xcf85)
core   0: 0x800065f2 (0x03140f33) mul     t5, s0, a7
core   0: 3 0x800065f2 (0x03140f33) x30 0x07ffd632
core   0: 0x800065f6 (0x03685e63) bge     a6, s6, pc + 60
core   0: 3 0x800065f6 (0x03685e63)
core   0: 0x800065fa (0x03a16233) rem     tp, sp, s10
core   0: 3 0x800065fa (0x03a16233) x 4 0x0000f815
core   0: 0x800065fe (0x00000001) c.nop
core   0: 3 0x800065fe (0x0001)
core   0: 0x80006600 (0x0035a6b3) slt     a3, a1, gp
core   0: 3 0x80006600 (0x0035a6b3) x13 0x00000000
core   0: 0x80006604 (0x40bcd113) srai    sp, s9, 11
core   0: 3 0x80006604 (0x40bcd113) x 2 0xffffffff
core   0: 0x80006608 (0x00009e8a) c.add   t4, sp
core   0: 3 0x80006608 (0x9e8a) x29 0x0000fffe
core   0: 0x8000660a (0x0000100f) fence.i
core   0: 3 0x8000660a (0x0000100f)
core   0: 0x8000660e (0x00008e91) c.sub   a3, a2
core   0: 3 0x8000660e (0x8e91) x13 0xab12b539
core   0: 0x80006610 (0x41b3da93) srai    s5, t2, 27
core   0: 3 0x80006610 (0x41b3da93) x21 0x00000000
core   0: 0x80006614 (0x03630b63) beq     t1, s6, pc + 54
core   0: 3 0x80006614 (0x03630b63)
core   0: 0x80006618 (0x00005ffd) c.li    t6, -1
core   0: 3 0x80006618 (0x5ffd) x31 0xffffffff
core   0: 0x8000661a (0x03b83133) mulhu   sp, a6, s11
core   0: 3 0x8000661a (0x03b83133) x 2 0x00000000
core   0: 0x8000661e (0x00008f19) c.sub   a4, a4
core   0: 3 0x8000661e (0x8f19) x14 0x00000000
core   0: 0x80006620 (0x0171c463) blt     gp, s7, pc + 8
core   0: 3 0x80006620 (0x0171c463)
core   0: 0x80006628 (0x0000e389) c.bnez  a5, pc + 2
core   0: 3 0x80006628 (0xe389)
core   0: 0x8000662a (0x00a993b3) sll     t2, s3, a0
core   0: 3 0x8000662a (0x00a993b3) x 7 0x80000000
core   0: 0x8000662e (0x41745d93) srai    s11, s0, 23
core   0: 3 0x8000662e (0x41745d93) x27 0xffffffff
core   0: 0x80006632 (0x03efed63) bltu    t6, t5, pc + 58
core   0: 3 0x80006632 (0x03efed63)
core   0: 0x80006636 (0x000005a5) c.addi  a1, 9
core   0: 3 0x80006636 (0x05a5) x11 0x00000009
core   0: 0x80006638 (0x01f673b3) and     t2, a2, t6
core   0: 3 0x80006638 (0x01f673b3) x 7 0x54ed4ac7
core   0: 0x8000663c (0xa72a5617) auipc   a2, 0xa72a5
core   0: 3 0x8000663c (0xa72a5617) x12 0x272ab63c
core   0: 0x80006640 (0x1f697c17) auipc   s8, 0x1f697
core   0: 3 0x80006640 (0x1f697c17) x24 0x9f69d640
core   0: 0x80006644 (0x0ff0000f) fence   iorw,iorw
core   0: 3 0x80006644 (0x0ff0000f)
core   0: 0x80006648 (0x00000001) c.nop
core   0: 3 0x80006648 (0x0001)
core   0: 0x8000664a (0x008a6963) bltu    s4, s0, pc + 18
core   0: 3 0x8000664a (0x008a6963)
core   0: 0x8000665c (0xa8997e93) andi    t4, s2, -1399
core   0: 3 0x8000665c (0xa8997e93) x29 0x00000001
core   0: 0x80006660 (0x0177d2b3) srl     t0, a5, s7
core   0: 3 0x80006660 (0x0177d2b3) x 5 0x00000000
core   0: 0x80006664 (0x00009686) c.add   a3, ra
core   0: 3 0x80006664 (0x9686) x13 0xab12b584
core   0: 0x80006666 (0x01ff1763) bne     t5, t6, pc + 14
core   0: 3 0x80006666 (0x01ff1763)
core   0: 0x80006674 (0x0000943a) c.add   s0, a4
core   0: 3 0x80006674 (0x943a) x 8 0xffffffff
core   0: 0x80006676 (0x00000001) c.nop
core   0: 3 0x80006676 (0x0001)
core   0: 0x80006678 (0x0212fe63) bgeu    t0, ra, pc + 60
core   0: 3 0x80006678 (0x0212fe63)
core   0: 0x8000667c (0x04d07063) bgeu    zero, a3, pc + 64
core   0: 3 0x8000667c (0x04d07063)
core   0: 0x80006680 (0xdd7da797) auipc   a5, 0xdd7da
core   0: 3 0x80006680 (0xdd7da797) x15 0x5d7e0680
core   0: 0x80006684 (0x28672793) slti    a5, a4, 646
core   0: 3 0x80006684 (0x28672793) x15 0x00000001
core   0: 0x80006688 (0x2efdaf93) slti    t6, s11, 751
core   0: 3 0x80006688 (0x2efdaf93) x31 0x00000001
core   0: 0x8000668c (0x003b8463) beq     s7, gp, pc + 8
core   0: 3 0x8000668c (0x003b8463)
core   0: 0x80006690 (0x4051d713) srai    a4, gp, 5
core   0: 3 0x80006690 (0x4051d713) x14 0x00000000
core   0: 0x80006694 (0x001d5193) srli    gp, s10, 1
core   0: 3 0x80006694 (0x001d5193) x 3 0x00000000
core   0: 0x80006698 (0x00aad733) srl     a4, s5, a0
core   0: 3 0x80006698 (0x00aad733) x14 0x00000000
core   0: 0x8000669c (0x858fed17) auipc   s10, 0x858fe
core   0: 3 0x8000669c (0x858fed17) x26 0x0590469c
core   0: 0x800066a0 (0x00000001) c.nop
core   0: 3 0x800066a0 (0x0001)
core   0: 0x800066a2 (0x03b4be33) mulhu   t3, s1, s11
core   0: 3 0x800066a2 (0x03b4be33) x28 0x80029ce3
core   0: 0x800066a6 (0x017fbf33) sltu    t5, t6, s7
core   0: 3 0x800066a6 (0x017fbf33) x30 0x00000001
core   0: 0x800066aa (0xd360e293) ori     t0, ra, -714
core   0: 3 0x800066aa (0xd360e293) x 5 0xfffffd7f
core   0: 0x800066ae (0x00008fbd) c.xor   a5, a5
core   0: 3 0x800066ae (0x8fbd) x15 0x00000000
core   0: 0x800066b0 (0x00625e63) bge     tp, t1, pc + 28
core   0: 3 0x800066b0 (0x00625e63)
core   0: 0x800066cc (0x1d3a8893) addi    a7, s5, 467
core   0: 3 0x800066cc (0x1d3a8893) x17 0x000001d3
core   0: 0x800066d0 (0x00006165) c.addi16sp sp, 112
core   0: 3 0x800066d0 (0x6165) x 2 0x00000070
core   0: 0x800066d2 (0x0000100f) fence.i
core   0: 3 0x800066d2 (0x0000100f)
core   0: 0x800066d6 (0xd86f6697) auipc   a3, 0xd86f6
core   0: 3 0x800066d6 (0xd86f6697) x13 0x586fc6d6
core   0: 0x800066da (0x01b1a733) slt     a4, gp, s11
core   0: 3 0x800066da (0x01b1a733) x14 0x00000000
core   0: 0x800066de (0x00008d19) c.sub   a0, a4
core   0: 3 0x800066de (0x8d19) x10 0xffffffff
core   0: 0x800066e0 (0x00006175) c.addi16sp sp, 368
core   0: 3 0x800066e0 (0x6175) x 2 0x000001e0
core   0: 0x800066e2 (0x02f98533) mul     a0, s3, a5
core   0: 3 0x800066e2 (0x02f98533) x10 0x00000000
core   0: 0x800066e6 (0x26035217) auipc   tp, 0x26035
core   0: 3 0x800066e6 (0x26035217) x 4 0xa603b6e6
core   0: 0x800066ea (0x00008e81) c.sub   a3, s0
core   0: 3 0x800066ea (0x8e81) x13 0x586fc6d7
core   0: 0x800066ec (0x00008f49) c.or    a4, a0
core   0: 3 0x800066ec (0x8f49) x14 0x00000000
core   0: 0x800066ee (0x017929b3) slt     s3, s2, s7
core   0: 3 0x800066ee (0x017929b3) x19 0x00000001
core   0: 0x800066f2 (0x00008e3d) c.xor   a2, a5
core   0: 3 0x800066f2 (0x8e3d) x12 0x272ab63c
core   0: 0x800066f4 (0x00951a93) slli    s5, a0, 9
core   0: 3 0x800066f4 (0x00951a93) x21 0x00000000
core   0: 0x800066f8 (0x0000100f) fence.i
core   0: 3 0x800066f8 (0x0000100f)
core   0: 0x800066fc (0x402edd13) srai    s10, t4, 2
core   0: 3 0x800066fc (0x402edd13) x26 0x00000000
core   0: 0x80006700 (0x03007c33) remu    s8, zero, a6
core   0: 3 0x80006700 (0x03007c33) x24 0x00000000
core   0: 0x80006704 (0x0000100f) fence.i
core   0: 3 0x80006704 (0x0000100f)
core   0: 0x80006708 (0x027b8633) mul     a2, s7, t2
core   0: 3 0x80006708 (0x027b8633) x12 0x83200000
core   0: 0x8000670c (0x81ba3393) sltiu   t2, s4, -2021
core   0: 3 0x8000670c (0x81ba3393) x 7 0x00000001
core   0: 0x80006710 (0x026e55b3) divu    a1, t3, t1
core   0: 3 0x80006710 (0x026e55b3) x11 0x00000000
core   0: 0x80006714 (0x01a74263) blt     a4, s10, pc + 4
core   0: 3 0x80006714 (0x01a74263)
core   0: 0x80006718 (0x00ab3033) sltu    zero, s6, a0
core   0: 3 0x80006718 (0x00ab3033)
core   0: 0x8000671c (0x03c9f7b3) remu    a5, s3, t3
core   0: 3 0x8000671c (0x03c9f7b3) x15 0x00000001
core   0: 0x80006720 (0x00129013) slli    zero, t0, 1
core   0: 3 0x80006720 (0x00129013)
core   0: 0x80006724 (0x028dbc33) mulhu   s8, s11, s0
core   0: 3 0x80006724 (0x028dbc33) x24 0xfffffffe
core   0: 0x80006728 (0x00008e21) c.xor   a2, s0
core   0: 3 0x80006728 (0x8e21) x12 0x7cdfffff
core   0: 0x8000672a (0x00008572) c.mv    a0, t3
core   0: 3 0x8000672a (0x8572) x10 0x80029ce3
core   0: 0x8000672c (0x40c50bb3) sub     s7, a0, a2
core   0: 3 0x8000672c (0x40c50bb3) x23 0x03229ce4
core   0: 0x80006730 (0x00008b0d) c.andi  a4, 3
core   0: 3 0x80006730 (0x8b0d) x14 0x00000000
core   0: 0x80006732 (0x03b66e33) rem     t3, a2, s11
core   0: 3 0x80006732 (0x03b66e33) x28 0x00000000
core   0: 0x80006736 (0x00001d8c) c.addi4spn a1, sp, 752
core   0: 3 0x80006736 (0x1d8c) x11 0x000004d0
core   0: 0x80006738 (0x0000547d) c.li    s0, -1
core   0: 3 0x80006738 (0x547d) x 8 0xffffffff
core   0: 0x8000673a (0x00819513) slli    a0, gp, 8
core   0: 3 0x8000673a (0x00819513) x10 0x00000000
core   0: 0x8000673e (0x01cc45b3) xor     a1, s8, t3
core   0: 3 0x8000673e (0x01cc45b3) x11 0xfffffffe
core   0: 0x80006742 (0x0000100f) fence.i
core   0: 3 0x80006742 (0x0000100f)
core   0: 0x80006746 (0x011b69b3) or      s3, s6, a7
core   0: 3 0x80006746 (0x011b69b3) x19 0xc80001d3
core   0: 0x8000674a (0x004b2bb3) slt     s7, s6, tp
core   0: 3 0x8000674a (0x004b2bb3) x23 0x00000000
core   0: 0x8000674e (0x00009b0e) c.add   s6, gp
core   0: 3 0x8000674e (0x9b0e) x22 0xc8000000
core   0: 0x80006750 (0x00966d33) or      s10, a2, s1
core   0: 3 0x80006750 (0x00966d33) x26 0xfcdfffff
core   0: 0x80006754 (0x000082a9) c.srli  a3, 10
core   0: 3 0x80006754 (0x82a9) x13 0x00161bf1
core   0: 0x80006756 (0x0a423eb7) lui     t4, 0xa423
core   0: 3 0x80006756 (0x0a423eb7) x29 0x0a423000
core   0: 0x8000675a (0x02bcbf33) mulhu   t5, s9, a1
core   0: 3 0x8000675a (0x02bcbf33) x30 0xfffffad5
core   0: 0x8000675e (0x42e9a593) slti    a1, s3, 1070
core   0: 3 0x8000675e (0x42e9a593) x11 0x00000001
core   0: 0x80006762 (0x00e66e33) or      t3, a2, a4
core   0: 3 0x80006762 (0x00e66e33) x28 0x7cdfffff
core   0: 0x80006766 (0x01585d63) bge     a6, s5, pc + 26
core   0: 3 0x80006766 (0x01585d63)
core   0: 0x8000676a (0x01a05d13) srli    s10, zero, 26
core   0: 3 0x8000676a (0x01a05d13) x26 0x00000000
core   0: 0x8000676e (0x00008e95) c.sub   a3, a3
core   0: 3 0x8000676e (0x8e95) x13 0x00000000
core   0: 0x80006770 (0x0151d393) srli    t2, gp, 21
core   0: 3 0x80006770 (0x0151d393) x 7 0x00000000
core   0: 0x80006774 (0x02fd0c33) mul     s8, s10, a5
core   0: 3 0x80006774 (0x02fd0c33) x24 0x00000000
core   0: 0x80006778 (0x2be0e093) ori     ra, ra, 702
core   0: 3 0x80006778 (0x2be0e093) x 1 0x000002ff
core   0: 0x8000677c (0x120b2413) slti    s0, s6, 288
core   0: 3 0x8000677c (0x120b2413) x 8 0x00000001
core   0: 0x80006780 (0x00000001) c.nop
core   0: 3 0x80006780 (0x0001)
core   0: 0x80006782 (0x4ed05797) auipc   a5, 0x4ed05
core   0: 3 0x80006782 (0x4ed05797) x15 0xced0b782
core   0: 0x80006786 (0x0000100f) fence.i
core   0: 3 0x80006786 (0x0000100f)
core   0: 0x8000678a (0x01268e63) beq     a3, s2, pc + 28
core   0: 3 0x8000678a (0x01268e63)
core   0: 0x8000678e (0x0000cf15) c.beqz  a4, pc + 60
core   0: 3 0x8000678e (0xcf15)
core   0: 0x800067ca (0x01df8e63) beq     t6, t4, pc + 28
core   0: 3 0x800067ca (0x01df8e63)
core   0: 0x800067ce (0x01cc26b3) slt     a3, s8, t3
core   0: 3 0x800067ce (0x01cc26b3) x13 0x00000001
core   0: 0x800067d2 (0x00008a9d) c.andi  a3, 7
core   0: 3 0x800067d2 (0x8a9d) x13 0x00000001
core   0: 0x800067d4 (0x00008c79) c.and   s0, a4
core   0: 3 0x800067d4 (0x8c79) x 8 0x00000000
core   0: 0x800067d6 (0x27aaeb13) ori     s6, s5, 634
core   0: 3 0x800067d6 (0x27aaeb13) x22 0x0000027a
core   0: 0x800067da (0x00000001) c.nop
core   0: 3 0x800067da (0x0001)
core   0: 0x800067dc (0x01444763) blt     s0, s4, pc + 14
core   0: 3 0x800067dc (0x01444763)
core   0: 0x800067e0 (0x400b5793) srai    a5, s6, 0
core   0: 3 0x800067e0 (0x400b5793) x15 0x0000027a
core   0: 0x800067e4 (0x000058fd) c.li    a7, -1
core   0: 3 0x800067e4 (0x58fd) x17 0xffffffff
core   0: 0x800067e6 (0x403f81b3) sub     gp, t6, gp
core   0: 3 0x800067e6 (0x403f81b3) x 3 0x00000001
core   0: 0x800067ea (0x0000100f) fence.i
core   0: 3 0x800067ea (0x0000100f)
core   0: 0x800067ee (0x0190e633) or      a2, ra, s9
core   0: 3 0x800067ee (0x0190e633) x12 0xfffffaff
core   0: 0x800067f2 (0x03a2f163) bgeu    t0, s10, pc + 34
core   0: 3 0x800067f2 (0x03a2f163)
core   0: 0x80006814 (0x023cc963) blt     s9, gp, pc + 50
core   0: 3 0x80006814 (0x023cc963)
core   0: 0x80006846 (0x000087e5) c.srai  a5, 25
core   0: 3 0x80006846 (0x87e5) x15 0x00000000
core   0: 0x80006848 (0x0204d9b3) divu    s3, s1, zero
core   0: 3 0x80006848 (0x0204d9b3) x19 0xffffffff
core   0: 0x8000684c (0x00008ea1) c.xor   a3, s0
core   0: 3 0x8000684c (0x8ea1) x13 0x00000001
core   0: 0x8000684e (0x004ff233) and     tp, t6, tp
core   0: 3 0x8000684e (0x004ff233) x 4 0x00000000
core   0: 0x80006852 (0x00008079) c.srli  s0, 30
core   0: 3 0x80006852 (0x8079) x 8 0x00000000
core   0: 0x80006854 (0x00008241) c.srli  a2, 16
core   0: 3 0x80006854 (0x8241) x12 0x0000ffff
core   0: 0x80006856 (0x000056fd) c.li    a3, -1
core   0: 3 0x80006856 (0x56fd) x13 0xffffffff
core   0: 0x80006858 (0x00006579) c.lui   a0, 0x1e
core   0: 3 0x80006858 (0x6579) x10 0x0001e000
core   0: 0x8000685a (0x0ff0000f) fence   iorw,iorw
core   0: 3 0x8000685a (0x0ff0000f)
core   0: 0x8000685e (0x000086b1) c.srai  a3, 12
core   0: 3 0x8000685e (0x86b1) x13 0xffffffff
core   0: 0x80006860 (0x00848033) add     zero, s1, s0
core   0: 3 0x80006860 (0x00848033)
core   0: 0x80006864 (0x01bdaeb3) slt     t4, s11, s11
core   0: 3 0x80006864 (0x01bdaeb3) x29 0x00000000
core   0: 0x80006868 (0xdda14f93) xori    t6, sp, -550
core   0: 3 0x80006868 (0xdda14f93) x31 0xfffffc3a
core   0: 0x8000686c (0x00bac263) blt     s5, a1, pc + 4
core   0: 3 0x8000686c (0x00bac263)
core   0: 0x80006870 (0x000086f9) c.srai  a3, 30
core   0: 3 0x80006870 (0x86f9) x13 0xffffffff
core   0: 0x80006872 (0x00000b71) c.addi  s6, 28
core   0: 3 0x80006872 (0x0b71) x22 0x00000296
core   0: 0x80006874 (0x012a4033) xor     zero, s4, s2
core   0: 3 0x80006874 (0x012a4033)
core   0: 0x80006878 (0x0000ca95) c.beqz  a3, pc + 52
core   0: 3 0x80006878 (0xca95)
core   0: 0x8000687a (0x00006189) c.lui   gp, 0x2
core   0: 3 0x8000687a (0x6189) x 3 0x00002000
core   0: 0x8000687c (0x00001c98) c.addi4spn a4, sp, 624
core   0: 3 0x8000687c (0x1c98) x14 0x00000450
core   0: 0x8000687e (0x60036213) ori     tp, t1, 1536
core   0: 3 0x8000687e (0x60036213) x 4 0xffffffff
core   0: 0x80006882 (0x00008ef5) c.and   a3, a3
core   0: 3 0x80006882 (0x8ef5) x13 0xffffffff
core   0: 0x80006884 (0x0000871d) c.srai  a4, 7
core   0: 3 0x80006884 (0x871d) x14 0x00000008
core   0: 0x80006886 (0x00000da6) c.slli  s11, 9
core   0: 3 0x80006886 (0x0da6) x27 0xfffffe00
core   0: 0x80006888 (0x407cd733) sra     a4, s9, t2
core   0: 3 0x80006888 (0x407cd733) x14 0xfffffad7
core   0: 0x8000688c (0x000048f1) c.li    a7, 28
core   0: 3 0x8000688c (0x48f1) x17 0x0000001c
core   0: 0x8000688e (0x00008d3d) c.xor   a0, a5
core   0: 3 0x8000688e (0x8d3d) x10 0x0001e000
core   0: 0x80006890 (0x0000ed0d) c.bnez  a0, pc + 58
core   0: 3 0x80006890 (0xed0d)
core   0: 0x800068ca (0x00008c01) c.sub   s0, s0
core   0: 3 0x800068ca (0x8c01) x 8 0x00000000
core   0: 0x800068cc (0x02567a63) bgeu    a2, t0, pc + 52
core   0: 3 0x800068cc (0x02567a63)
core   0: 0x800068d0 (0x01bf57b3) srl     a5, t5, s11
core   0: 3 0x800068d0 (0x01bf57b3) x15 0xfffffad5
core   0: 0x800068d4 (0xa4d18893) addi    a7, gp, -1459
core   0: 3 0x800068d4 (0xa4d18893) x17 0x00001a4d
core   0: 0x800068d8 (0x1f97a113) slti    sp, a5, 505
core   0: 3 0x800068d8 (0x1f97a113) x 2 0x00000001
core   0: 0x800068dc (0x010ea9b3) slt     s3, t4, a6
core   0: 3 0x800068dc (0x010ea9b3) x19 0x00000000
core   0: 0x800068e0 (0x00008c65) c.and   s0, s1
core   0: 3 0x800068e0 (0x8c65) x 8 0x00000000
core   0: 0x800068e2 (0x6f77fa93) andi    s5, a5, 1783
core   0: 3 0x800068e2 (0x6f77fa93) x21 0x000002d5
core   0: 0x800068e6 (0x03f6fdb3) remu    s11, a3, t6
core   0: 3 0x800068e6 (0x03f6fdb3) x27 0x000003c5
core   0: 0x800068ea (0x000055fd) c.li    a1, -1
core   0: 3 0x800068ea (0x55fd) x11 0xffffffff
core   0: 0x800068ec (0x4020d513) srai    a0, ra, 2
core   0: 3 0x800068ec (0x4020d513) x10 0x000000bf
core   0: 0x800068f0 (0x000081f1) c.srli  a1, 28
core   0: 3 0x800068f0 (0x81f1) x11 0x0000000f
core   0: 0x800068f2 (0x01833b33) sltu    s6, t1, s8
core   0: 3 0x800068f2 (0x01833b33) x22 0x00000000
core   0: 0x800068f6 (0x00006171) c.addi16sp sp, 336
core   0: 3 0x800068f6 (0x6171) x 2 0x00000151
core   0: 0x800068f8 (0x0ff0000f) fence   iorw,iorw
core   0: 3 0x800068f8 (0x0ff0000f)
core   0: 0x800068fc (0x0000100f) fence.i
core   0: 3 0x800068fc (0x0000100f)
core   0: 0x80006900 (0x00000e95) c.addi  t4, 5
core   0: 3 0x80006900 (0x0e95) x29 0x00000005
core   0: 0x80006902 (0x02a01f33) mulh    t5, zero, a0
core   0: 3 0x80006902 (0x02a01f33) x30 0x00000000
core   0: 0x80006906 (0x000086f6) c.mv    a3, t4
core   0: 3 0x80006906 (0x86f6) x13 0x00000005
core   0: 0x80006908 (0x0ff0000f) fence   iorw,iorw
core   0: 3 0x80006908 (0x0ff0000f)
core   0: 0x8000690c (0x00008d65) c.and   a0, s1
core   0: 3 0x8000690c (0x8d65) x10 0x000000a4
core   0: 0x8000690e (0x0000e29d) c.bnez  a3, pc + 38
core   0: 3 0x8000690e (0xe29d)
core   0: 0x80006934 (0x01538b33) add     s6, t2, s5
core   0: 3 0x80006934 (0x01538b33) x22 0x000002d5
core   0: 0x80006938 (0x00000001) c.nop
core   0: 3 0x80006938 (0x0001)
core   0: 0x8000693a (0x595c4b93) xori    s7, s8, 1429
core   0: 3 0x8000693a (0x595c4b93) x23 0x00000595
core   0: 0x8000693e (0xf7c9c5b7) lui     a1, 0xf7c9c
core   0: 3 0x8000693e (0xf7c9c5b7) x11 0xf7c9c000
core   0: 0x80006942 (0x03f6deb3) divu    t4, a3, t6
core   0: 3 0x80006942 (0x03f6deb3) x29 0x00000000
core   0: 0x80006946 (0x0000853a) c.mv    a0, a4
core   0: 3 0x80006946 (0x853a) x10 0xfffffad7
core   0: 0x80006948 (0x0000426d) c.li    tp, 27
core   0: 3 0x80006948 (0x426d) x 4 0x0000001b
core   0: 0x8000694a (0x00008e15) c.sub   a2, a3
core   0: 3 0x8000694a (0x8e15) x12 0x0000fffa
core   0: 0x8000694c (0x02462cb3) mulhsu  s9, a2, tp
core   0: 3 0x8000694c (0x02462cb3) x25 0x00000000
core   0: 0x80006950 (0x024ba233) mulhsu  tp, s7, tp
core   0: 3 0x80006950 (0x024ba233) x 4 0x00000000
core   0: 0x80006954 (0x00f61763) bne     a2, a5, pc + 14
core   0: 3 0x80006954 (0x00f61763)
core   0: 0x80006962 (0x00008c01) c.sub   s0, s0
core   0: 3 0x80006962 (0x8c01) x 8 0x00000000
core   0: 0x80006964 (0x4070d793) srai    a5, ra, 7
core   0: 3 0x80006964 (0x4070d793) x15 0x00000005
core   0: 0x80006968 (0x41ac0133) sub     sp, s8, s10
core   0: 3 0x80006968 (0x41ac0133) x 2 0x00000000
core   0: 0x8000696c (0x00009b42) c.add   s6, a6
core   0: 3 0x8000696c (0x9b42) x22 0x80026139
core   0: 0x8000696e (0x0ff0000f) fence   iorw,iorw
core   0: 3 0x8000696e (0x0ff0000f)
core   0: 0x80006972 (0x0048d693) srli    a3, a7, 4
core   0: 3 0x80006972 (0x0048d693) x13 0x000001a4
core   0: 0x80006976 (0x0000cd15) c.beqz  a0, pc + 60
core   0: 3 0x80006976 (0xcd15)
core   0: 0x80006978 (0x00000531) c.addi  a0, 12
core   0: 3 0x80006978 (0x0531) x10 0xfffffae3
core   0: 0x8000697a (0x00008fdd) c.or    a5, a5
core   0: 3 0x8000697a (0x8fdd) x15 0x00000005
core   0: 0x8000697c (0x020ce6b3) rem     a3, s9, zero
core   0: 3 0x8000697c (0x020ce6b3) x13 0x00000000
core   0: 0x80006980 (0x0ff0000f) fence   iorw,iorw
core   0: 3 0x80006980 (0x0ff0000f)
core   0: 0x80006984 (0x000e8733) add     a4, t4, zero
core   0: 3 0x80006984 (0x000e8733) x14 0x00000000
core   0: 0x80006988 (0x00000001) c.nop
core   0: 3 0x80006988 (0x0001)
core   0: 0x8000698a (0x0000ce15) c.beqz  a2, pc + 60
core   0: 3 0x8000698a (0xce15)
core   0: 0x8000698c (0x03c007b3) mul     a5, zero, t3
core   0: 3 0x8000698c (0x03c007b3) x15 0x00000000
core   0: 0x80006990 (0x00000aee) c.slli  s5, 27
core   0: 3 0x80006990 (0x0aee) x21 0xa8000000
core   0: 0x80006992 (0x03176cb3) rem     s9, a4, a7
core   0: 3 0x80006992 (0x03176cb3) x25 0x00000000
core   0: 0x80006996 (0x01b06263) bltu    zero, s11, pc + 4
core   0: 3 0x80006996 (0x01b06263)
core   0: 0x8000699a (0x00008045) c.srli  s0, 17
core   0: 3 0x8000699a (0x8045) x 8 0x00000000
core   0: 0x8000699c (0x021f2e33) mulhsu  t3, t5, ra
core   0: 3 0x8000699c (0x021f2e33) x28 0x00000000
core   0: 0x800069a0 (0x03179933) mulh    s2, a5, a7
core   0: 3 0x800069a0 (0x03179933) x18 0x00000000
core   0: 0x800069a4 (0x00008ed9) c.or    a3, a4
core   0: 3 0x800069a4 (0x8ed9) x13 0x00000000
core   0: 0x800069a6 (0x027fd663) bge     t6, t2, pc + 44
core   0: 3 0x800069a6 (0x027fd663)
core   0: 0x800069aa (0x00653433) sltu    s0, a0, t1
core   0: 3 0x800069aa (0x00653433) x 8 0x00000001
core   0: 0x800069ae (0x01a19333) sll     t1, gp, s10
core   0: 3 0x800069ae (0x01a19333) x 6 0x00002000
core   0: 0x800069b2 (0x0000c989) c.beqz  a1, pc + 18
core   0: 3 0x800069b2 (0xc989)
core   0: 0x800069b4 (0x01329f13) slli    t5, t0, 19
core   0: 3 0x800069b4 (0x01329f13) x30 0xebf80000
core   0: 0x800069b8 (0x02142533) mulhsu  a0, s0, ra
core   0: 3 0x800069b8 (0x02142533) x10 0x00000000
core   0: 0x800069bc (0x073ce693) ori     a3, s9, 115
core   0: 3 0x800069bc (0x073ce693) x13 0x00000073
core   0: 0x800069c0 (0x8f053e13) sltiu   t3, a0, -1808
core   0: 3 0x800069c0 (0x8f053e13) x28 0x00000001
core   0: 0x800069c4 (0x00000001) c.nop
core   0: 3 0x800069c4 (0x0001)
core   0: 0x800069c6 (0x02a38533) mul     a0, t2, a0
core   0: 3 0x800069c6 (0x02a38533) x10 0x00000000
core   0: 0x800069ca (0x02938d63) beq     t2, s1, pc + 58
core   0: 3 0x800069ca (0x02938d63)
core   0: 0x800069ce (0x003a5233) srl     tp, s4, gp
core   0: 3 0x800069ce (0x003a5233) x 4 0x80000000
core   0: 0x800069d2 (0x7df4f8b7) lui     a7, 0x7df4f
core   0: 3 0x800069d2 (0x7df4f8b7) x17 0x7df4f000
core   0: 0x800069d6 (0x00008dc9) c.or    a1, a0
core   0: 3 0x800069d6 (0x8dc9) x11 0xf7c9c000
core   0: 0x800069d8 (0x00000001) c.nop
core   0: 3 0x800069d8 (0x0001)
core   0: 0x800069da (0xfeaf8b93) addi    s7, t6, -22
core   0: 3 0x800069da (0xfeaf8b93) x23 0xfffffc24
core   0: 0x800069de (0x031f9763) bne     t6, a7, pc + 46
core   0: 3 0x800069de (0x031f9763)
core   0: 0x80006a0c (0x00f4c133) xor     sp, s1, a5
core   0: 3 0x80006a0c (0x00f4c133) x 2 0x80029ce4
core   0: 0x80006a10 (0x4012d233) sra     tp, t0, ra
core   0: 3 0x80006a10 (0x4012d233) x 4 0xffffffff
core   0: 0x80006a14 (0x000081ad) c.srli  a1, 11
core   0: 3 0x80006a14 (0x81ad) x11 0x001ef938
core   0: 0x80006a16 (0x0000852d) c.srai  a0, 11
core   0: 3 0x80006a16 (0x852d) x10 0x00000000
core   0: 0x80006a18 (0x2d440c93) addi    s9, s0, 724
core   0: 3 0x80006a18 (0x2d440c93) x25 0x000002d5
core   0: 0x80006a1c (0x00631363) bne     t1, t1, pc + 6
core   0: 3 0x80006a1c (0x00631363)
core   0: 0x80006a20 (0x00000098) c.addi4spn a4, sp, 64
core   0: 3 0x80006a20 (0x0098) x14 0x80029d24
core   0: 0x80006a22 (0x41a15113) srai    sp, sp, 26
core   0: 3 0x80006a22 (0x41a15113) x 2 0xffffffe0
core   0: 0x80006a26 (0x01ddabb3) slt     s7, s11, t4
core   0: 3 0x80006a26 (0x01ddabb3) x23 0x00000000
core   0: 0x80006a2a (0x41340e33) sub     t3, s0, s3
core   0: 3 0x80006a2a (0x41340e33) x28 0x00000001
core   0: 0x80006a2e (0x008d6763) bltu    s10, s0, pc + 14
core   0: 3 0x80006a2e (0x008d6763)
core   0: 0x80006a3c (0x02ae7363) bgeu    t3, a0, pc + 38
core   0: 3 0x80006a3c (0x02ae7363)
core   0: 0x80006a62 (0x000057fd) c.li    a5, -1
core   0: 3 0x80006a62 (0x57fd) x15 0xffffffff
core   0: 0x80006a64 (0x77b50113) addi    sp, a0, 1915
core   0: 3 0x80006a64 (0x77b50113) x 2 0x0000077b
core   0: 0x80006a68 (0x0000496d) c.li    s2, 27
core   0: 3 0x80006a68 (0x496d) x18 0x0000001b
core   0: 0x80006a6a (0x0000089e) c.slli  a7, 7
core   0: 3 0x80006a6a (0x089e) x17 0xfa780000
core   0: 0x80006a6c (0x0000ee09) c.bnez  a2, pc + 26
core   0: 3 0x80006a6c (0xee09)
core   0: 0x80006a86 (0x0000717d) c.addi16sp sp, -16
core   0: 3 0x80006a86 (0x717d) x 2 0x0000076b
core   0: 0x80006a88 (0x009a5a63) bge     s4, s1, pc + 20
core   0: 3 0x80006a88 (0x009a5a63)
core   0: 0x80006a8c (0x0000c591) c.beqz  a1, pc + 12
core   0: 3 0x80006a8c (0xc591)
core   0: 0x80006a8e (0x7ca16613) ori     a2, sp, 1994
core   0: 3 0x80006a8e (0x7ca16613) x12 0x000007eb
core   0: 0x80006a92 (0x00009a7d) c.andi  a2, -1
core   0: 3 0x80006a92 (0x9a7d) x12 0x000007eb
core   0: 0x80006a94 (0x000047ad) c.li    a5, 11
core   0: 3 0x80006a94 (0x47ad) x15 0x0000000b
core   0: 0x80006a96 (0x0000987d) c.andi  s0, -1
core   0: 3 0x80006a96 (0x987d) x 8 0x00000001
core   0: 0x80006a98 (0x03ee6e33) rem     t3, t3, t5
core   0: 3 0x80006a98 (0x03ee6e33) x28 0x00000001
core   0: 0x80006a9c (0x00009b7d) c.andi  a4, -1
core   0: 3 0x80006a9c (0x9b7d) x14 0x80029d24
core   0: 0x80006a9e (0x0ff0000f) fence   iorw,iorw
core   0: 3 0x80006a9e (0x0ff0000f)
core   0: 0x80006aa2 (0x006b6263) bltu    s6, t1, pc + 4
core   0: 3 0x80006aa2 (0x006b6263)
core   0: 0x80006aa6 (0x011aef33) or      t5, s5, a7
core   0: 3 0x80006aa6 (0x011aef33) x30 0xfa780000
core   0: 0x80006aaa (0x0347f5b3) remu    a1, a5, s4
core   0: 3 0x80006aaa (0x0347f5b3) x11 0x0000000b
core   0: 0x80006aae (0x02729363) bne     t0, t2, pc + 38
core   0: 3 0x80006aae (0x02729363)
core   0: 0x80006ad4 (0x00008e79) c.and   a2, a4
core   0: 3 0x80006ad4 (0x8e79) x12 0x00000520
core   0: 0x80006ad6 (0x406b0533) sub     a0, s6, t1
core   0: 3 0x80006ad6 (0x406b0533) x10 0x80024139
core   0: 0x80006ada (0x000095ae) c.add   a1, a1
core   0: 3 0x80006ada (0x95ae) x11 0x00000016
core   0: 0x80006adc (0x00e81e93) slli    t4, a6, 14
core   0: 3 0x80006adc (0x00e81e93) x29 0x97990000
core   0: 0x80006ae0 (0x03c1c063) blt     gp, t3, pc + 32
core   0: 3 0x80006ae0 (0x03c1c063)
core   0: 0x80006ae4 (0x000c5763) bgez    s8, pc + 14
core   0: 3 0x80006ae4 (0x000c5763)
core   0: 0x80006af2 (0x02867c33) remu    s8, a2, s0
core   0: 3 0x80006af2 (0x02867c33) x24 0x00000000
core   0: 0x80006af6 (0x00008559) c.srai  a0, 22
core   0: 3 0x80006af6 (0x8559) x10 0xfffffe00
core   0: 0x80006af8 (0x0323f063) bgeu    t2, s2, pc + 32
core   0: 3 0x80006af8 (0x0323f063)
core   0: 0x80006afc (0x00ab9f93) slli    t6, s7, 10
core   0: 3 0x80006afc (0x00ab9f93) x31 0x00000000
core   0: 0x80006b00 (0x0257dbb3) divu    s7, a5, t0
core   0: 3 0x80006b00 (0x0257dbb3) x23 0x00000000
core   0: 0x80006b04 (0x034e9ab3) mulh    s5, t4, s4
core   0: 3 0x80006b04 (0x034e9ab3) x21 0x34338000
core   0: 0x80006b08 (0x0201df63) bgez    gp, pc + 62
core   0: 3 0x80006b08 (0x0201df63)
core   0: 0x80006b46 (0x00008db1) c.xor   a1, a2
core   0: 3 0x80006b46 (0x8db1) x11 0x00000536
core   0: 0x80006b48 (0x017b6133) or      sp, s6, s7
core   0: 3 0x80006b48 (0x017b6133) x 2 0x80026139
core   0: 0x80006b4c (0x0000e289) c.bnez  a3, pc + 2
core   0: 3 0x80006b4c (0xe289)
core   0: 0x80006b4e (0x039c4233) div     tp, s8, s9
core   0: 3 0x80006b4e (0x039c4233) x 4 0x00000000
core   0: 0x80006b52 (0x38380313) addi    t1, a6, 899
core   0: 3 0x80006b52 (0x38380313) x 6 0x800261e7
core   0: 0x80006b56 (0x030b1e63) bne     s6, a6, pc + 60
core   0: 3 0x80006b56 (0x030b1e63)
core   0: 0x80006b92 (0x022ff533) remu    a0, t6, sp
core   0: 3 0x80006b92 (0x022ff533) x10 0x00000000
core   0: 0x80006b96 (0x00008f19) c.sub   a4, a4
core   0: 3 0x80006b96 (0x8f19) x14 0x00000000
core   0: 0x80006b98 (0x7fed2093) slti    ra, s10, 2046
core   0: 3 0x80006b98 (0x7fed2093) x 1 0x00000001
core   0: 0x80006b9c (0x008a4263) blt     s4, s0, pc + 4
core   0: 3 0x80006b9c (0x008a4263)
core   0: 0x80006ba0 (0x000081c5) c.srli  a1, 17
core   0: 3 0x80006ba0 (0x81c5) x11 0x00000000
core   0: 0x80006ba2 (0x00857733) and     a4, a0, s0
core   0: 3 0x80006ba2 (0x00857733) x14 0x00000000
core   0: 0x80006ba6 (0x0377ccb3) div     s9, a5, s7
core   0: 3 0x80006ba6 (0x0377ccb3) x25 0xffffffff
core   0: 0x80006baa (0x0160f1b3) and     gp, ra, s6
core   0: 3 0x80006baa (0x0160f1b3) x 3 0x00000001
core   0: 0x80006bae (0x54d52693) slti    a3, a0, 1357
core   0: 3 0x80006bae (0x54d52693) x13 0x00000001
core   0: 0x80006bb2 (0x0000717d) c.addi16sp sp, -16
core   0: 3 0x80006bb2 (0x717d) x 2 0x80026129
core   0: 0x80006bb4 (0x027f7d33) remu    s10, t5, t2
core   0: 3 0x80006bb4 (0x027f7d33) x26 0xfa780000
core   0: 0x80006bb8 (0x02911733) mulh    a4, sp, s1
core   0: 3 0x80006bb8 (0x02911733) x14 0x3ffd80ff
core   0: 0x80006bbc (0x02012233) mulhsu  tp, sp, zero
core   0: 3 0x80006bbc (0x02012233) x 4 0x00000000
core   0: 0x80006bc0 (0x000085fd) c.srai  a1, 31
core   0: 3 0x80006bc0 (0x85fd) x11 0x00000000
core   0: 0x80006bc2 (0x01194463) blt     s2, a7, pc + 8
core   0: 3 0x80006bc2 (0x01194463)
core   0: 0x80006bc6 (0x0000100f) fence.i
core   0: 3 0x80006bc6 (0x0000100f)
core   0: 0x80006bca (0x018e40b3) xor     ra, t3, s8
core   0: 3 0x80006bca (0x018e40b3) x 1 0x00000001
core   0: 0x80006bce (0x019093b3) sll     t2, ra, s9
core   0: 3 0x80006bce (0x019093b3) x 7 0x80000000
core   0: 0x80006bd2 (0x0ed1d6b7) lui     a3, 0xed1d
core   0: 3 0x80006bd2 (0x0ed1d6b7) x13 0x0ed1d000
core   0: 0x80006bd6 (0x0012e8b3) or      a7, t0, ra
core   0: 3 0x80006bd6 (0x0012e8b3) x17 0xfffffd7f
core   0: 0x80006bda (0x000051fd) c.li    gp, -1
core   0: 3 0x80006bda (0x51fd) x 3 0xffffffff
core   0: 0x80006bdc (0x03170b63) beq     a4, a7, pc + 54
core   0: 3 0x80006bdc (0x03170b63)
core   0: 0x80006be0 (0x008e5593) srli    a1, t3, 8
core   0: 3 0x80006be0 (0x008e5593) x11 0x00000000
core   0: 0x80006be4 (0x02661ab3) mulh    s5, a2, t1
core   0: 3 0x80006be4 (0x02661ab3) x21 0xfffffd70
core   0: 0x80006be8 (0x00001efd) c.addi  t4, -1
core   0: 3 0x80006be8 (0x1efd) x29 0x9798ffff
core   0: 0x80006bea (0x00000001) c.nop
core   0: 3 0x80006bea (0x0001)
core   0: 0x80006bec (0x00001dfd) c.addi  s11, -1
core   0: 3 0x80006bec (0x1dfd) x27 0x000003c4
core   0: 0x80006bee (0x739fb713) sltiu   a4, t6, 1849
core   0: 3 0x80006bee (0x739fb713) x14 0x00000001
core   0: 0x80006bf2 (0x0ff0000f) fence   iorw,iorw
core   0: 3 0x80006bf2 (0x0ff0000f)
core   0: 0x80006bf6 (0x00419213) slli    tp, gp, 4
core   0: 3 0x80006bf6 (0x00419213) x 4 0xfffffff0
core   0: 0x80006bfa (0x5a478293) addi    t0, a5, 1444
core   0: 3 0x80006bfa (0x5a478293) x 5 0x000005af
core   0: 0x80006bfe (0x00ef1e33) sll     t3, t5, a4
core   0: 3 0x80006bfe (0x00ef1e33) x28 0xf4f00000
core   0: 0x80006c02 (0x0000c70d) c.beqz  a4, pc + 42
core   0: 3 0x80006c02 (0xc70d)
core   0: 0x80006c04 (0x000001aa) c.slli  gp, 10
core   0: 3 0x80006c04 (0x01aa) x 3 0xfffffc00
core   0: 0x80006c06 (0x027753b3) divu    t2, a4, t2
core   0: 3 0x80006c06 (0x027753b3) x 7 0x00000000
core   0: 0x80006c0a (0x000a5693) srli    a3, s4, 0
core   0: 3 0x80006c0a (0x000a5693) x13 0x80000000
core   0: 0x80006c0e (0x0360e763) bltu    ra, s6, pc + 46
core   0: 3 0x80006c0e (0x0360e763)
core   0: 0x80006c3c (0x00000808) c.addi4spn a0, sp, 16
core   0: 3 0x80006c3c (0x0808) x10 0x80026139
core   0: 0x80006c3e (0x299436b7) lui     a3, 0x29943
core   0: 3 0x80006c3e (0x299436b7) x13 0x29943000
core   0: 0x80006c42 (0x8d17ce93) xori    t4, a5, -1839
core   0: 3 0x80006c42 (0x8d17ce93) x29 0xfffff8da
core   0: 0x80006c46 (0x017ec533) xor     a0, t4, s7
core   0: 3 0x80006c46 (0x017ec533) x10 0xfffff8da
core   0: 0x80006c4a (0x00008f41) c.or    a4, s0
core   0: 3 0x80006c4a (0x8f41) x14 0x00000001
core   0: 0x80006c4c (0x000083cd) c.srli  a5, 19
core   0: 3 0x80006c4c (0x83cd) x15 0x00000000
core   0: 0x80006c4e (0x01fde863) bltu    s11, t6, pc + 16
core   0: 3 0x80006c4e (0x01fde863)
core   0: 0x80006c52 (0x96697197) auipc   gp, 0x96697
core   0: 3 0x80006c52 (0x96697197) x 3 0x1669dc52
core   0: 0x80006c56 (0x014c56b3) srl     a3, s8, s4
core   0: 3 0x80006c56 (0x014c56b3) x13 0x00000000
core   0: 0x80006c5a (0x410d8bb3) sub     s7, s11, a6
core   0: 3 0x80006c5a (0x410d8bb3) x23 0x7ffda560
core   0: 0x80006c5e (0x016bfb33) and     s6, s7, s6
core   0: 3 0x80006c5e (0x016bfb33) x22 0x00002120
core   0: 0x80006c62 (0x00a6c933) xor     s2, a3, a0
core   0: 3 0x80006c62 (0x00a6c933) x18 0xfffff8da
core   0: 0x80006c66 (0x00008821) c.andi  s0, 8
core   0: 3 0x80006c66 (0x8821) x 8 0x00000000
core   0: 0x80006c68 (0x0000ca8d) c.beqz  a3, pc + 50
core   0: 3 0x80006c68 (0xca8d)
core   0: 0x80006c9a (0x01e5e433) or      s0, a1, t5
core   0: 3 0x80006c9a (0x01e5e433) x 8 0xfa780000
core   0: 0x80006c9e (0x00008e39) c.xor   a2, a4
core   0: 3 0x80006c9e (0x8e39) x12 0x00000521
core   0: 0x80006ca0 (0x0000e815) c.bnez  s0, pc + 52
core   0: 3 0x80006ca0 (0xe815)
core   0: 0x80006cd4 (0x41275993) srai    s3, a4, 18
core   0: 3 0x80006cd4 (0x41275993) x19 0x00000000
core   0: 0x80006cd8 (0x0ff0000f) fence   iorw,iorw
core   0: 3 0x80006cd8 (0x0ff0000f)
core   0: 0x80006cdc (0x012ae8b3) or      a7, s5, s2
core   0: 3 0x80006cdc (0x012ae8b3) x17 0xfffffdfa
core   0: 0x80006ce0 (0x64198e93) addi    t4, s3, 1601
core   0: 3 0x80006ce0 (0x64198e93) x29 0x00000641
core   0: 0x80006ce4 (0x7c8cbf93) sltiu   t6, s9, 1992
core   0: 3 0x80006ce4 (0x7c8cbf93) x31 0x00000000
core   0: 0x80006ce8 (0x01d51463) bne     a0, t4, pc + 8
core   0: 3 0x80006ce8 (0x01d51463)
core   0: 0x80006cf0 (0x0129efb3) or      t6, s3, s2
core   0: 3 0x80006cf0 (0x0129efb3) x31 0xfffff8da
core   0: 0x80006cf4 (0x014b5463) bge     s6, s4, pc + 8
core   0: 3 0x80006cf4 (0x014b5463)
core   0: 0x80006cfc (0x02731463) bne     t1, t2, pc + 40
core   0: 3 0x80006cfc (0x02731463)
core   0: 0x80006d24 (0x0034be33) sltu    t3, s1, gp
core   0: 3 0x80006d24 (0x0034be33) x28 0x00000000
core   0: 0x80006d28 (0xcbc54093) xori    ra, a0, -836
core   0: 3 0x80006d28 (0xcbc54093) x 1 0x00000466
core   0: 0x80006d2c (0x033d0333) mul     t1, s10, s3
core   0: 3 0x80006d2c (0x033d0333) x 6 0x00000000
core   0: 0x80006d30 (0x9b8b4c17) auipc   s8, 0x9b8b4
core   0: 3 0x80006d30 (0x9b8b4c17) x24 0x1b8bad30
core   0: 0x80006d34 (0x00009da2) c.add   s11, s0
core   0: 3 0x80006d34 (0x9da2) x27 0xfa7803c4
core   0: 0x80006d36 (0x039d7033) remu    zero, s10, s9
core   0: 3 0x80006d36 (0x039d7033)
core   0: 0x80006d3a (0x000089a2) c.mv    s3, s0
core   0: 3 0x80006d3a (0x89a2) x19 0xfa780000
core   0: 0x80006d3c (0x41dd5593) srai    a1, s10, 29
core   0: 3 0x80006d3c (0x41dd5593) x11 0xffffffff
core   0: 0x80006d40 (0x00000580) c.addi4spn s0, sp, 704
core   0: 3 0x80006d40 (0x0580) x 8 0x800263e9
core   0: 0x80006d42 (0x0000ee85) c.bnez  a3, pc + 56
core   0: 3 0x80006d42 (0xee85)
core   0: 0x80006d44 (0x00008b15) c.andi  a4, 5
core   0: 3 0x80006d44 (0x8b15) x14 0x00000001
core   0: 0x80006d46 (0x02dd0463) beq     s10, a3, pc + 40
core   0: 3 0x80006d46 (0x02dd0463)
core   0: 0x80006d4a (0x21fe2413) slti    s0, t3, 543
core   0: 3 0x80006d4a (0x21fe2413) x 8 0x00000001
core   0: 0x80006d4e (0xa4feaab7) lui     s5, 0xa4fea
core   0: 3 0x80006d4e (0xa4feaab7) x21 0xa4fea000
core   0: 0x80006d52 (0x03039d33) mulh    s10, t2, a6
core   0: 3 0x80006d52 (0x03039d33) x26 0x00000000
core   0: 0x80006d56 (0x549f7b93) andi    s7, t5, 1353
core   0: 3 0x80006d56 (0x549f7b93) x23 0x00000000
core   0: 0x80006d5a (0x0093b7b3) sltu    a5, t2, s1
core   0: 3 0x80006d5a (0x0093b7b3) x15 0x00000001
core   0: 0x80006d5e (0x00405933) srl     s2, zero, tp
core   0: 3 0x80006d5e (0x00405933) x18 0x00000000
core   0: 0x80006d62 (0x02e9afb3) mulhsu  t6, s3, a4
core   0: 3 0x80006d62 (0x02e9afb3) x31 0xffffffff
core   0: 0x80006d66 (0x0000717d) c.addi16sp sp, -16
core   0: 3 0x80006d66 (0x717d) x 2 0x80026119
core   0: 0x80006d68 (0x01bb7933) and     s2, s6, s11
core   0: 3 0x80006d68 (0x01bb7933) x18 0x00000100
core   0: 0x80006d6c (0x00000001) c.nop
core   0: 3 0x80006d6c (0x0001)
core   0: 0x80006d6e (0x31340c93) addi    s9, s0, 787
core   0: 3 0x80006d6e (0x31340c93) x25 0x00000314
core   0: 0x80006d72 (0x000086f5) c.srai  a3, 29
core   0: 3 0x80006d72 (0x86f5) x13 0x00000000
core   0: 0x80006d74 (0x3c8f2c93) slti    s9, t5, 968
core   0: 3 0x80006d74 (0x3c8f2c93) x25 0x00000001
core   0: 0x80006d78 (0x00000bda) c.slli  s7, 22
core   0: 3 0x80006d78 (0x0bda) x23 0x00000000
core   0: 0x80006d7a (0x00001c98) c.addi4spn a4, sp, 624
core   0: 3 0x80006d7a (0x1c98) x14 0x80026389
core   0: 0x80006d7c (0x018e5d13) srli    s10, t3, 24
core   0: 3 0x80006d7c (0x018e5d13) x26 0x00000000
core   0: 0x80006d80 (0x00a48663) beq     s1, a0, pc + 12
core   0: 3 0x80006d80 (0x00a48663)
core   0: 0x80006d84 (0x00000f9e) c.slli  t6, 7
core   0: 3 0x80006d84 (0x0f9e) x31 0xffffff80
core   0: 0x80006d86 (0x023cec63) bltu    s9, gp, pc + 56
core   0: 3 0x80006d86 (0x023cec63)
core   0: 0x80006dbe (0x47887993) andi    s3, a6, 1144
core   0: 3 0x80006dbe (0x47887993) x19 0x00000460
core   0: 0x80006dc2 (0x411d02b3) sub     t0, s10, a7
core   0: 3 0x80006dc2 (0x411d02b3) x 5 0x00000206
core   0: 0x80006dc6 (0x00009217) auipc   tp, 0x9
core   0: 3 0x80006dc6 (0x00009217) x 4 0x8000fdc6
core   0: 0x80006dca (0x38720213) addi    tp, tp, 903
core   0: 3 0x80006dca (0x38720213) x 4 0x8001014d
core   0: 0x80006dce (0x03141b33) mulh    s6, s0, a7
core   0: 3 0x80006dce (0x03141b33) x22 0xffffffff
core   0: 0x80006dd2 (0xff020603) lb      a2, -16(tp)
core   0: 3 0x80006dd2 (0xff020603) x12 0xffffffa4 mem 0x8001013d
core   0: 0x80006dd6 (0x01a37d33) and     s10, t1, s10
core   0: 3 0x80006dd6 (0x01a37d33) x26 0x00000000
core   0: 0x80006dda (0x68e3ae93) slti    t4, t2, 1678
core   0: 3 0x80006dda (0x68e3ae93) x29 0x00000001
core   0: 0x80006dde (0x0000117d) c.addi  sp, -1
core   0: 3 0x80006dde (0x117d) x 2 0x80026118
core   0: 0x80006de0 (0x000099fd) c.andi  a1, -1
core   0: 3 0x80006de0 (0x99fd) x11 0xffffffff
core   0: 0x80006de2 (0x0c45bb13) sltiu   s6, a1, 196
core   0: 3 0x80006de2 (0x0c45bb13) x22 0x00000000
core   0: 0x80006de6 (0xc5c5c997) auipc   s3, 0xc5c5c
core   0: 3 0x80006de6 (0xc5c5c997) x19 0x45c62de6
core   0: 0x80006dea (0x03b32e33) mulhsu  t3, t1, s11
core   0: 3 0x80006dea (0x03b32e33) x28 0x00000000
core   0: 0x80006dee (0xfca20903) lb      s2, -54(tp)
core   0: 3 0x80006dee (0xfca20903) x18 0xffffffc2 mem 0x80010117
core   0: 0x80006df2 (0x0e620583) lb      a1, 230(tp)
core   0: 3 0x80006df2 (0x0e620583) x11 0x0000001f mem 0x80010233
core   0: 0x80006df6 (0xfdc24583) lbu     a1, -36(tp)
core   0: 3 0x80006df6 (0xfdc24583) x11 0x000000f8 mem 0x80010129
core   0: 0x80006dfa (0x00f21b03) lh      s6, 15(tp)
core   0: 3 0x80006dfa (0x00f21b03) x22 0x00000551 mem 0x8001015c
core   0: 0x80006dfe (0x00008e19) c.sub   a2, a4
core   0: 3 0x80006dfe (0x8e19) x12 0x7ffd9c1b
core   0: 0x80006e00 (0x05824183) lbu     gp, 88(tp)
core   0: 3 0x80006e00 (0x05824183) x 3 0x0000004d mem 0x800101a5
core   0: 0x80006e04 (0xf9824c83) lbu     s9, -104(tp)
core   0: 3 0x80006e04 (0xf9824c83) x25 0x000000ab mem 0x800100e5
core   0: 0x80006e08 (0xfb624f03) lbu     t5, -74(tp)
core   0: 3 0x80006e08 (0xfb624f03) x30 0x0000000d mem 0x80010103
core   0: 0x80006e0c (0x06722083) lw      ra, 103(tp)
core   0: 3 0x80006e0c (0x06722083) x 1 0x1871fe7e mem 0x800101b4
core   0: 0x80006e10 (0x004227a3) sw      tp, 15(tp)
core   0: 3 0x80006e10 (0x004227a3) mem 0x8001015c 0x8001014d
core   0: 0x80006e14 (0x6c27a693) slti    a3, a5, 1730
core   0: 3 0x80006e14 (0x6c27a693) x13 0x00000001
core   0: 0x80006e18 (0x000086d1) c.srai  a3, 20
core   0: 3 0x80006e18 (0x86d1) x13 0x00000000
core   0: 0x80006e1a (0x00254733) xor     a4, a0, sp
core   0: 3 0x80006e1a (0x00254733) x14 0x7ffd99c2
core   0: 0x80006e1e (0xfc7752b7) lui     t0, 0xfc775
core   0: 3 0x80006e1e (0xfc7752b7) x 5 0xfc775000
core   0: 0x80006e22 (0x412a8333) sub     t1, s5, s2
core   0: 3 0x80006e22 (0x412a8333) x 6 0xa4fea03e
core   0: 0x80006e26 (0x033d37b3) mulhu   a5, s10, s3
core   0: 3 0x80006e26 (0x033d37b3) x15 0x00000000
core   0: 0x80006e2a (0x00008c51) c.or    s0, a2
core   0: 3 0x80006e2a (0x8c51) x 8 0x7ffd9c1b
core   0: 0x80006e2c (0x03320603) lb      a2, 51(tp)
core   0: 3 0x80006e2c (0x03320603) x12 0x0000007b mem 0x80010180
core   0: 0x80006e30 (0x01f79b33) sll     s6, a5, t6
core   0: 3 0x80006e30 (0x01f79b33) x22 0x00000000
core   0: 0x80006e34 (0xf9420c23) sb      s4, -104(tp)
core   0: 3 0x80006e34 (0xf9420c23) mem 0x800100e5 0x0
core   0: 0x80006e38 (0x01b3fcb3) and     s9, t2, s11
core   0: 3 0x80006e38 (0x01b3fcb3) x25 0x00000000
core   0: 0x80006e3c (0xf3a20e23) sb      s10, -196(tp)
core   0: 3 0x80006e3c (0xf3a20e23) mem 0x80010089 0x0
core   0: 0x80006e40 (0xf2525b03) lhu     s6, -219(tp)
core   0: 3 0x80006e40 (0xf2525b03) x22 0x0000006b mem 0x80010072
core   0: 0x80006e44 (0x3ca2f513) andi    a0, t0, 970
core   0: 3 0x80006e44 (0x3ca2f513) x10 0x00000000
core   0: 0x80006e48 (0x00298933) add     s2, s3, sp
core   0: 3 0x80006e48 (0x00298933) x18 0xc5c88efe
core   0: 0x80006e4c (0x6913f993) andi    s3, t2, 1681
core   0: 3 0x80006e4c (0x6913f993) x19 0x00000000
core   0: 0x80006e50 (0x01db62b3) or      t0, s6, t4
core   0: 3 0x80006e50 (0x01db62b3) x 5 0x0000006b
core   0: 0x80006e54 (0x0227db33) divu    s6, a5, sp
core   0: 3 0x80006e54 (0x0227db33) x22 0x00000000
core   0: 0x80006e58 (0x023430b3) mulhu   ra, s0, gp
core   0: 3 0x80006e58 (0x023430b3) x 1 0x00000026
core   0: 0x80006e5c (0x00008d05) c.sub   a0, s1
core   0: 3 0x80006e5c (0x8d05) x10 0x7ffd631c
core   0: 0x80006e5e (0x00008ea9) c.xor   a3, a0
core   0: 3 0x80006e5e (0x8ea9) x13 0x7ffd631c
core   0: 0x80006e60 (0x00008e61) c.and   a2, s0
core   0: 3 0x80006e60 (0x8e61) x12 0x0000001b
core   0: 0x80006e62 (0x02525583) lhu     a1, 37(tp)
core   0: 3 0x80006e62 (0x02525583) x11 0x00003662 mem 0x80010172
core   0: 0x80006e66 (0x822f3993) sltiu   s3, t5, -2014
core   0: 3 0x80006e66 (0x822f3993) x19 0x00000001
core   0: 0x80006e6a (0x0294cdb3) div     s11, s1, s1
core   0: 3 0x80006e6a (0x0294cdb3) x27 0x00000001
core   0: 0x80006e6e (0x485bec13) ori     s8, s7, 1157
core   0: 3 0x80006e6e (0x485bec13) x24 0x00000485
core   0: 0x80006e72 (0x0000c389) c.beqz  a5, pc + 2
core   0: 3 0x80006e72 (0xc389)
core   0: 0x80006e74 (0x0011e6b3) or      a3, gp, ra
core   0: 3 0x80006e74 (0x0011e6b3) x13 0x0000006f
core   0: 0x80006e78 (0x0ff0000f) fence   iorw,iorw
core   0: 3 0x80006e78 (0x0ff0000f)
core   0: 0x80006e7c (0x0000c309) c.beqz  a4, pc + 2
core   0: 3 0x80006e7c (0xc309)
core   0: 0x80006e7e (0x00000b3e) c.slli  s6, 15
core   0: 3 0x80006e7e (0x0b3e) x22 0x00000000
core   0: 0x80006e80 (0x00000001) c.nop
core   0: 3 0x80006e80 (0x0001)
core   0: 0x80006e82 (0x02077333) remu    t1, a4, zero
core   0: 3 0x80006e82 (0x02077333) x 6 0x7ffd99c2
core   0: 0x80006e86 (0x01060263) beq     a2, a6, pc + 4
core   0: 3 0x80006e86 (0x01060263)
core   0: 0x80006e8a (0x26a2c693) xori    a3, t0, 618
core   0: 3 0x80006e8a (0x26a2c693) x13 0x00000201
core   0: 0x80006e8e (0x000081ad) c.srli  a1, 11
core   0: 3 0x80006e8e (0x81ad) x11 0x00000006
core   0: 0x80006e90 (0x00e969b3) or      s3, s2, a4
core   0: 3 0x80006e90 (0x00e969b3) x19 0xfffd9ffe
core   0: 0x80006e94 (0x00008f11) c.sub   a4, a2
core   0: 3 0x80006e94 (0x8f11) x14 0x7ffd99a7
core   0: 0x80006e96 (0x02d14f63) blt     sp, a3, pc + 62
core   0: 3 0x80006e96 (0x02d14f63)
core   0: 0x80006ed4 (0x00001298) c.addi4spn a4, sp, 352
core   0: 3 0x80006ed4 (0x1298) x14 0x80026278
core   0: 0x80006ed6 (0x00008615) c.srai  a2, 5
core   0: 3 0x80006ed6 (0x8615) x12 0x00000000
core   0: 0x80006ed8 (0x025a9f63) bne     s5, t0, pc + 62
core   0: 3 0x80006ed8 (0x025a9f63)
core   0: 0x80006f16 (0x401fd933) sra     s2, t6, ra
core   0: 3 0x80006f16 (0x401fd933) x18 0xfffffffe
core   0: 0x80006f1a (0x025c8533) mul     a0, s9, t0
core   0: 3 0x80006f1a (0x025c8533) x10 0x00000000
core   0: 0x80006f1e (0x00008421) c.srai  s0, 8
core   0: 3 0x80006f1e (0x8421) x 8 0x007ffd9c
core   0: 0x80006f20 (0x00008fa1) c.xor   a5, s0
core   0: 3 0x80006f20 (0x8fa1) x15 0x007ffd9c
core   0: 0x80006f22 (0x015832b3) sltu    t0, a6, s5
core   0: 3 0x80006f22 (0x015832b3) x 5 0x00000001
core   0: 0x80006f26 (0x00000001) c.nop
core   0: 3 0x80006f26 (0x0001)
core   0: 0x80006f28 (0x4010dfb3) sra     t6, ra, ra
core   0: 3 0x80006f28 (0x4010dfb3) x31 0x00000000
core   0: 0x80006f2c (0x0ff0000f) fence   iorw,iorw
core   0: 3 0x80006f2c (0x0ff0000f)
core   0: 0x80006f30 (0x9e376c13) ori     s8, a4, -1565
core   0: 3 0x80006f30 (0x9e376c13) x24 0xfffffbfb
core   0: 0x80006f34 (0x00008439) c.srai  s0, 14
core   0: 3 0x80006f34 (0x8439) x 8 0x000001ff
core   0: 0x80006f36 (0x00009ac6) c.add   s5, a7
core   0: 3 0x80006f36 (0x9ac6) x21 0xa4fe9dfa
core   0: 0x80006f38 (0x000092ba) c.add   t0, a4
core   0: 3 0x80006f38 (0x92ba) x 5 0x80026279
core   0: 0x80006f3a (0x00000380) c.addi4spn s0, sp, 448
core   0: 3 0x80006f3a (0x0380) x 8 0x800262d8
core   0: 0x80006f3c (0x311e3593) sltiu   a1, t3, 785
core   0: 3 0x80006f3c (0x311e3593) x11 0x00000001
core   0: 0x80006f40 (0x03c90633) mul     a2, s2, t3
core   0: 3 0x80006f40 (0x03c90633) x12 0x00000000
core   0: 0x80006f44 (0x00000001) c.nop
core   0: 3 0x80006f44 (0x0001)
core   0: 0x80006f46 (0x0000e385) c.bnez  a5, pc + 32
core   0: 3 0x80006f46 (0xe385)
core   0: 0x80006f66 (0x01eb5263) bge     s6, t5, pc + 4
core   0: 3 0x80006f66 (0x01eb5263)
core   0: 0x80006f6a (0x00008d69) c.and   a0, a0
core   0: 3 0x80006f6a (0x8d69) x10 0x00000000
core   0: 0x80006f6c (0x8bfb6e13) ori     t3, s6, -1857
core   0: 3 0x80006f6c (0x8bfb6e13) x28 0xfffff8bf
core   0: 0x80006f70 (0x40b30fb3) sub     t6, t1, a1
core   0: 3 0x80006f70 (0x40b30fb3) x31 0x7ffd99c1
core   0: 0x80006f74 (0x013863b3) or      t2, a6, s3
core   0: 3 0x80006f74 (0x013863b3) x 7 0xffffdffe
core   0: 0x80006f78 (0xb6deeb13) ori     s6, t4, -1171
core   0: 3 0x80006f78 (0xb6deeb13) x22 0xfffffb6d
core   0: 0x80006f7c (0x98c52413) slti    s0, a0, -1652
core   0: 3 0x80006f7c (0x98c52413) x 8 0x00000000
core   0: 0x80006f80 (0x03849b33) mulh    s6, s1, s8
core   0: 3 0x80006f80 (0x03849b33) x22 0x00000202
core   0: 0x80006f84 (0x00008b09) c.andi  a4, 2
core   0: 3 0x80006f84 (0x8b09) x14 0x00000000
core   0: 0x80006f86 (0x00008d39) c.xor   a0, a4
core   0: 3 0x80006f86 (0x8d39) x10 0x00000000
core   0: 0x80006f88 (0x00001988) c.addi4spn a0, sp, 240
core   0: 3 0x80006f88 (0x1988) x10 0x80026208
core   0: 0x80006f8a (0x0000cb19) c.beqz  a4, pc + 22
core   0: 3 0x80006f8a (0xcb19)
core   0: 0x80006fa0 (0xcf26f793) andi    a5, a3, -782
core   0: 3 0x80006fa0 (0xcf26f793) x15 0x00000000
core   0: 0x80006fa4 (0x2e263e13) sltiu   t3, a2, 738
core   0: 3 0x80006fa4 (0x2e263e13) x28 0x00000001
core   0: 0x80006fa8 (0x00a75c63) bge     a4, a0, pc + 24
core   0: 3 0x80006fa8 (0x00a75c63)
core   0: 0x80006fc0 (0x00008f95) c.sub   a5, a3
core   0: 3 0x80006fc0 (0x8f95) x15 0xfffffdff
core   0: 0x80006fc2 (0x0fcac193) xori    gp, s5, 252
core   0: 3 0x80006fc2 (0x0fcac193) x 3 0xa4fe9d06
core   0: 0x80006fc6 (0x0fd1fa63) bgeu    gp, t4, pc + 244
core   0: 3 0x80006fc6 (0x0fd1fa63)
core   0: 0x800070ba (0x00181733) sll     a4, a6, ra
core   0: 3 0x800070ba (0x00181733) x14 0x00979900
core   0: 0x800070be (0x0273b5b3) mulhu   a1, t2, t2
core   0: 3 0x800070be (0x0273b5b3) x11 0xffffbffc
core   0: 0x800070c2 (0x0000100f) fence.i
core   0: 3 0x800070c2 (0x0000100f)
core   0: 0x800070c6 (0x0ff0000f) fence   iorw,iorw
core   0: 3 0x800070c6 (0x0ff0000f)
core   0: 0x800070ca (0x00008f25) c.xor   a4, s1
core   0: 3 0x800070ca (0x8f25) x14 0x809505e4
core   0: 0x800070cc (0x00000001) c.nop
core   0: 3 0x800070cc (0x0001)
core   0: 0x800070ce (0x00394033) xor     zero, s2, gp
core   0: 3 0x800070ce (0x00394033)
core   0: 0x800070d2 (0x58d7ef97) auipc   t6, 0x58d7e
core   0: 3 0x800070d2 (0x58d7ef97) x31 0xd8d850d2
core   0: 0x800070d6 (0x01af5713) srli    a4, t5, 26
core   0: 3 0x800070d6 (0x01af5713) x14 0x00000000
core   0: 0x800070da (0x00001c7d) c.addi  s8, -1
core   0: 3 0x800070da (0x1c7d) x24 0xfffffbfa
core   0: 0x800070dc (0x00008ad1) c.andi  a3, 20
core   0: 3 0x800070dc (0x8ad1) x13 0x00000000
core   0: 0x800070de (0x00376263) bltu    a4, gp, pc + 4
core   0: 3 0x800070de (0x00376263)
core   0: 0x800070e2 (0x00008de9) c.and   a1, a0
core   0: 3 0x800070e2 (0x8de9) x11 0x80022208
core   0: 0x800070e4 (0x00008735) c.srai  a4, 13
core   0: 3 0x800070e4 (0x8735) x14 0x00000000
core   0: 0x800070e6 (0x00000e6a) c.slli  t3, 26
core   0: 3 0x800070e6 (0x0e6a) x28 0x04000000
core   0: 0x800070e8 (0x40e10bb3) sub     s7, sp, a4
core   0: 3 0x800070e8 (0x40e10bb3) x23 0x80026118
core   0: 0x800070ec (0x027b7fb7) lui     t6, 0x27b7
core   0: 3 0x800070ec (0x027b7fb7) x31 0x027b7000
core   0: 0x800070f0 (0x01fe3333) sltu    t1, t3, t6
core   0: 3 0x800070f0 (0x01fe3333) x 6 0x00000000
core   0: 0x800070f4 (0x0389d2b3) divu    t0, s3, s8
core   0: 3 0x800070f4 (0x0389d2b3) x 5 0x00000000
core   0: 0x800070f8 (0x00009afe) c.add   s5, t6
core   0: 3 0x800070f8 (0x9afe) x21 0xa77a0dfa
core   0: 0x800070fa (0xefb5e693) ori     a3, a1, -261
core   0: 3 0x800070fa (0xefb5e693) x13 0xfffffefb
core   0: 0x800070fe (0x001c49b3) xor     s3, s8, ra
core   0: 3 0x800070fe (0x001c49b3) x19 0xfffffbdc
core   0: 0x80007102 (0x018ddbb3) srl     s7, s11, s8
core   0: 3 0x80007102 (0x018ddbb3) x23 0x00000000
core   0: 0x80007106 (0x0ff0000f) fence   iorw,iorw
core   0: 3 0x80007106 (0x0ff0000f)
core   0: 0x8000710a (0x000099e2) c.add   s3, s8
core   0: 3 0x8000710a (0x99e2) x19 0xfffff7d6
core   0: 0x8000710c (0x03c53ab3) mulhu   s5, a0, t3
core   0: 3 0x8000710c (0x03c53ab3) x21 0x02000988
core   0: 0x80007110 (0x000015fd) c.addi  a1, -1
core   0: 3 0x80007110 (0x15fd) x11 0x80022207
core   0: 0x80007112 (0x01fdf763) bgeu    s11, t6, pc + 14
core   0: 3 0x80007112 (0x01fdf763)
core   0: 0x80007116 (0x00048db3) add     s11, s1, zero
core   0: 3 0x80007116 (0x00048db3) x27 0x80029ce4
core   0: 0x8000711a (0x00c902b3) add     t0, s2, a2
core   0: 3 0x8000711a (0x00c902b3) x 5 0xfffffffe
core   0: 0x8000711e (0x00006719) c.lui   a4, 0x6
core   0: 3 0x8000711e (0x6719) x14 0x00006000
core   0: 0x80007120 (0x00009212) c.add   tp, tp
core   0: 3 0x80007120 (0x9212) x 4 0x0002029a
core   0: 0x80007122 (0x42ca4393) xori    t2, s4, 1068
core   0: 3 0x80007122 (0x42ca4393) x 7 0x8000042c
core   0: 0x80007126 (0xd5e93c13) sltiu   s8, s2, -674
core   0: 3 0x80007126 (0xd5e93c13) x24 0x00000000
core   0: 0x8000712a (0x0178d713) srli    a4, a7, 23
core   0: 3 0x8000712a (0x0178d713) x14 0x000001ff
core   0: 0x8000712e (0x1d338b17) auipc   s6, 0x1d338
core   0: 3 0x8000712e (0x1d338b17) x22 0x9d33f12e
core   0: 0x80007132 (0x00d6d713) srli    a4, a3, 13
core   0: 3 0x80007132 (0x00d6d713) x14 0x0007ffff
core   0: 0x80007136 (0x02a39633) mulh    a2, t2, a0
core   0: 3 0x80007136 (0x02a39633) x12 0x3ffecce6
core   0: 0x8000713a (0x012f8763) beq     t6, s2, pc + 14
core   0: 3 0x8000713a (0x012f8763)
core   0: 0x8000713e (0x28a42413) slti    s0, s0, 650
core   0: 3 0x8000713e (0x28a42413) x 8 0x00000001
core   0: 0x80007142 (0x02461fb3) mulh    t6, a2, tp
core   0: 3 0x80007142 (0x02461fb3) x31 0x000080a4
core   0: 0x80007146 (0x00009bfd) c.andi  a5, -1
core   0: 3 0x80007146 (0x9bfd) x15 0xfffffdff
core   0: 0x80007148 (0x000006de) c.slli  a3, 23
core   0: 3 0x80007148 (0x06de) x13 0x7d800000
core   0: 0x8000714a (0xe303ac97) auipc   s9, 0xe303a
core   0: 3 0x8000714a (0xe303ac97) x25 0x6304114a
core   0: 0x8000714e (0x027ff5b3) remu    a1, t6, t2
core   0: 3 0x8000714e (0x027ff5b3) x11 0x000080a4
core   0: 0x80007152 (0x000082e9) c.srli  a3, 26
core   0: 3 0x80007152 (0x82e9) x13 0x0000001f
core   0: 0x80007154 (0x0274ff63) bgeu    s1, t2, pc + 62
core   0: 3 0x80007154 (0x0274ff63)
core   0: 0x80007192 (0x03ae3c33) mulhu   s8, t3, s10
core   0: 3 0x80007192 (0x03ae3c33) x24 0x00000000
core   0: 0x80007196 (0x0577d263) bge     a5, s7, pc + 68
core   0: 3 0x80007196 (0x0577d263)
core   0: 0x8000719a (0xbd6b0113) addi    sp, s6, -1066
core   0: 3 0x8000719a (0xbd6b0113) x 2 0x9d33ed04
core   0: 0x8000719e (0x03f6bc33) mulhu   s8, a3, t6
core   0: 3 0x8000719e (0x03f6bc33) x24 0x00000000
core   0: 0x800071a2 (0x535c3d93) sltiu   s11, s8, 1333
core   0: 3 0x800071a2 (0x535c3d93) x27 0x00000001
core   0: 0x800071a6 (0x029d1163) bne     s10, s1, pc + 34
core   0: 3 0x800071a6 (0x029d1163)
core   0: 0x800071c8 (0x00b7f363) bgeu    a5, a1, pc + 6
core   0: 3 0x800071c8 (0x00b7f363)
core   0: 0x800071ce (0x00008f81) c.sub   a5, s0
core   0: 3 0x800071ce (0x8f81) x15 0xfffffdfe
core   0: 0x800071d0 (0x0153e763) bltu    t2, s5, pc + 14
core   0: 3 0x800071d0 (0x0153e763)
core   0: 0x800071d4 (0x00ecc263) blt     s9, a4, pc + 4
core   0: 3 0x800071d4 (0x00ecc263)
core   0: 0x800071d8 (0x0000e619) c.bnez  a2, pc + 14
core   0: 3 0x800071d8 (0xe619)
core   0: 0x800071e6 (0x8b2f3713) sltiu   a4, t5, -1870
core   0: 3 0x800071e6 (0x8b2f3713) x14 0x00000001
core   0: 0x800071ea (0x000c1b93) slli    s7, s8, 0
core   0: 3 0x800071ea (0x000c1b93) x23 0x00000000
core   0: 0x800071ee (0x00000c35) c.addi  s8, 13
core   0: 3 0x800071ee (0x0c35) x24 0x0000000d
core   0: 0x800071f0 (0x19283097) auipc   ra, 0x19283
core   0: 3 0x800071f0 (0x19283097) x 1 0x9928a1f0
core   0: 0x800071f4 (0x419cd413) srai    s0, s9, 25
core   0: 3 0x800071f4 (0x419cd413) x 8 0x00000031
core   0: 0x800071f8 (0x02031b33) mulh    s6, t1, zero
core   0: 3 0x800071f8 (0x02031b33) x22 0x00000000
core   0: 0x800071fc (0x02d89733) mulh    a4, a7, a3
core   0: 3 0x800071fc (0x02d89733) x14 0xffffffff
core   0: 0x80007200 (0x00008b79) c.andi  a4, 30
core   0: 3 0x80007200 (0x8b79) x14 0x0000001e
core   0: 0x80007202 (0x0000050c) c.addi4spn a1, sp, 640
core   0: 3 0x80007202 (0x050c) x11 0x9d33ef84
core   0: 0x80007204 (0x00008845) c.andi  s0, 17
core   0: 3 0x80007204 (0x8845) x 8 0x00000011
core   0: 0x80007206 (0x294a2237) lui     tp, 0x294a2
core   0: 3 0x80007206 (0x294a2237) x 4 0x294a2000
core   0: 0x8000720a (0x00da1e63) bne     s4, a3, pc + 28
core   0: 3 0x8000720a (0x00da1e63)
core   0: 0x80007226 (0x026530b3) mulhu   ra, a0, t1
core   0: 3 0x80007226 (0x026530b3) x 1 0x00000000
core   0: 0x8000722a (0x0ff0000f) fence   iorw,iorw
core   0: 3 0x8000722a (0x0ff0000f)
core   0: 0x8000722e (0x0021fcb3) and     s9, gp, sp
core   0: 3 0x8000722e (0x0021fcb3) x25 0x84328d04
core   0: 0x80007232 (0xe2aba093) slti    ra, s7, -470
core   0: 3 0x80007232 (0xe2aba093) x 1 0x00000000
core   0: 0x80007236 (0xdf440c13) addi    s8, s0, -524
core   0: 3 0x80007236 (0xdf440c13) x24 0xfffffe05
core   0: 0x8000723a (0x00008d6d) c.and   a0, a1
core   0: 3 0x8000723a (0x8d6d) x10 0x80026200
core   0: 0x8000723c (0x0000100f) fence.i
core   0: 3 0x8000723c (0x0000100f)
core   0: 0x80007240 (0x00000001) c.nop
core   0: 3 0x80007240 (0x0001)
core   0: 0x80007242 (0x021d0333) mul     t1, s10, ra
core   0: 3 0x80007242 (0x021d0333) x 6 0x00000000
core   0: 0x80007246 (0x00006169) c.addi16sp sp, 208
core   0: 3 0x80007246 (0x6169) x 2 0x9d33edd4
core   0: 0x80007248 (0x01011913) slli    s2, sp, 16
core   0: 3 0x80007248 (0x01011913) x18 0xedd40000
core   0: 0x8000724c (0x0ff0000f) fence   iorw,iorw
core   0: 3 0x8000724c (0x0ff0000f)
core   0: 0x80007250 (0x1853c093) xori    ra, t2, 389
core   0: 3 0x80007250 (0x1853c093) x 1 0x800005a9
core   0: 0x80007254 (0x1593e237) lui     tp, 0x1593e
core   0: 3 0x80007254 (0x1593e237) x 4 0x1593e000
core   0: 0x80007258 (0x000083c1) c.srli  a5, 16
core   0: 3 0x80007258 (0x83c1) x15 0x0000ffff
core   0: 0x8000725a (0x00006f09) c.lui   t5, 0x2
core   0: 3 0x8000725a (0x6f09) x30 0x00002000
core   0: 0x8000725c (0x00008625) c.srai  a2, 9
core   0: 3 0x8000725c (0x8625) x12 0x001fff66
core   0: 0x8000725e (0x0219dd63) bge     s3, ra, pc + 58
core   0: 3 0x8000725e (0x0219dd63)
core   0: 0x80007298 (0x00008432) c.mv    s0, a2
core   0: 3 0x80007298 (0x8432) x 8 0x001fff66
core   0: 0x8000729a (0x0000e009) c.bnez  s0, pc + 2
core   0: 3 0x8000729a (0xe009)
core   0: 0x8000729c (0x01ce1933) sll     s2, t3, t3
core   0: 3 0x8000729c (0x01ce1933) x18 0x04000000
core   0: 0x800072a0 (0x000087a9) c.srai  a5, 10
core   0: 3 0x800072a0 (0x87a9) x15 0x0000003f
core   0: 0x800072a2 (0x00008c19) c.sub   s0, a4
core   0: 3 0x800072a2 (0x8c19) x 8 0x001fff48
core   0: 0x800072a4 (0x0000071a) c.slli  a4, 6
core   0: 3 0x800072a4 (0x071a) x14 0x00000780
core   0: 0x800072a6 (0x03ca1bb3) mulh    s7, s4, t3
core   0: 3 0x800072a6 (0x03ca1bb3) x23 0xfe000000
core   0: 0x800072aa (0x02669133) mulh    sp, a3, t1
core   0: 3 0x800072aa (0x02669133) x 2 0x00000000
core   0: 0x800072ae (0x0000717d) c.addi16sp sp, -16
core   0: 3 0x800072ae (0x717d) x 2 0xfffffff0
core   0: 0x800072b0 (0x03f07933) remu    s2, zero, t6
core   0: 3 0x800072b0 (0x03f07933) x18 0x00000000
core   0: 0x800072b4 (0x419a0bb3) sub     s7, s4, s9
core   0: 3 0x800072b4 (0x419a0bb3) x23 0xfbcd72fc
core   0: 0x800072b8 (0x00008ed9) c.or    a3, a4
core   0: 3 0x800072b8 (0x8ed9) x13 0x0000079f
core   0: 0x800072ba (0x02a00463) beq     zero, a0, pc + 40
core   0: 3 0x800072ba (0x02a00463)
core   0: 0x800072be (0x03fb7fb3) remu    t6, s6, t6
core   0: 3 0x800072be (0x03fb7fb3) x31 0x00000000
core   0: 0x800072c2 (0x00000fb9) c.addi  t6, 14
core   0: 3 0x800072c2 (0x0fb9) x31 0x0000000e
core   0: 0x800072c4 (0x000097da) c.add   a5, s6
core   0: 3 0x800072c4 (0x97da) x15 0x0000003f
core   0: 0x800072c6 (0x0374a7b3) mulhsu  a5, s1, s7
core   0: 3 0x800072c6 (0x0374a7b3) x15 0x821bd86e
core   0: 0x800072ca (0x03d13bb3) mulhu   s7, sp, t4
core   0: 3 0x800072ca (0x03d13bb3) x23 0x00000000
core   0: 0x800072ce (0x0000100f) fence.i
core   0: 3 0x800072ce (0x0000100f)
core   0: 0x800072d2 (0x00008e79) c.and   a2, a4
core   0: 3 0x800072d2 (0x8e79) x12 0x00000700
core   0: 0x800072d4 (0x40bfd013) srai    zero, t6, 11
core   0: 3 0x800072d4 (0x40bfd013)
core   0: 0x800072d8 (0x00e230b3) sltu    ra, tp, a4
core   0: 3 0x800072d8 (0x00e230b3) x 1 0x00000000
core   0: 0x800072dc (0x000009ae) c.slli  s3, 11
core   0: 3 0x800072dc (0x09ae) x19 0xffbeb000
core   0: 0x800072de (0x00891d33) sll     s10, s2, s0
core   0: 3 0x800072de (0x00891d33) x26 0x00000000
core   0: 0x800072e2 (0x000060b1) c.lui   ra, 0xc
core   0: 3 0x800072e2 (0x60b1) x 1 0x0000c000
core   0: 0x800072e4 (0x000090d6) c.add   ra, s5
core   0: 3 0x800072e4 (0x90d6) x 1 0x0200c988
core   0: 0x800072e6 (0x02457bb3) remu    s7, a0, tp
core   0: 3 0x800072e6 (0x02457bb3) x23 0x141f0200
core   0: 0x800072ea (0x02346e33) rem     t3, s0, gp
core   0: 3 0x800072ea (0x02346e33) x28 0x001fff48
core   0: 0x800072ee (0x607b6b93) ori     s7, s6, 1543
core   0: 3 0x800072ee (0x607b6b93) x23 0x00000607
core   0: 0x800072f2 (0xd1b0c893) xori    a7, ra, -741
core   0: 3 0x800072f2 (0xd1b0c893) x17 0xfdff3493
core   0: 0x800072f6 (0x1762bd37) lui     s10, 0x1762b
core   0: 3 0x800072f6 (0x1762bd37) x26 0x1762b000
core   0: 0x800072fa (0x00008965) c.andi  a0, 25
core   0: 3 0x800072fa (0x8965) x10 0x00000000
core   0: 0x800072fc (0x00057cb3) and     s9, a0, zero
core   0: 3 0x800072fc (0x00057cb3) x25 0x00000000
core   0: 0x80007300 (0x008f6b33) or      s6, t5, s0
core   0: 3 0x80007300 (0x008f6b33) x22 0x001fff48
core   0: 0x80007304 (0x00000449) c.addi  s0, 18
core   0: 3 0x80007304 (0x0449) x 8 0x001fff5a
core   0: 0x80007306 (0x00001508) c.addi4spn a0, sp, 672
core   0: 3 0x80007306 (0x1508) x10 0x00000290
core   0: 0x80007308 (0x0ac7ebb7) lui     s7, 0xac7e
core   0: 3 0x80007308 (0x0ac7ebb7) x23 0x0ac7e000
core   0: 0x8000730c (0x00008e31) c.xor   a2, a2
core   0: 3 0x8000730c (0x8e31) x12 0x00000000
core   0: 0x8000730e (0x00008ec9) c.or    a3, a0
core   0: 3 0x8000730e (0x8ec9) x13 0x0000079f
core   0: 0x80007310 (0x054a6163) bltu    s4, s4, pc + 66
core   0: 3 0x80007310 (0x054a6163)
core   0: 0x80007314 (0x00000001) c.nop
core   0: 3 0x80007314 (0x0001)
core   0: 0x80007316 (0x01f04c33) xor     s8, zero, t6
core   0: 3 0x80007316 (0x01f04c33) x24 0x0000000e
core   0: 0x8000731a (0x00fc8d33) add     s10, s9, a5
core   0: 3 0x8000731a (0x00fc8d33) x26 0x821bd86e
core   0: 0x8000731e (0xfa0d9c97) auipc   s9, 0xfa0d9
core   0: 3 0x8000731e (0xfa0d9c97) x25 0x7a0e031e
core   0: 0x80007322 (0x00e6de93) srli    t4, a3, 14
core   0: 3 0x80007322 (0x00e6de93) x29 0x00000000
core   0: 0x80007326 (0x0000e595) c.bnez  a1, pc + 44
core   0: 3 0x80007326 (0xe595)
core   0: 0x80007352 (0x01684433) xor     s0, a6, s6
core   0: 3 0x80007352 (0x01684433) x 8 0x801da12c
core   0: 0x80007356 (0x0000150c) c.addi4spn a1, sp, 672
core   0: 3 0x80007356 (0x150c) x11 0x00000290
core   0: 0x80007358 (0x00e8af33) slt     t5, a7, a4
core   0: 3 0x80007358 (0x00e8af33) x30 0x00000001
core   0: 0x8000735c (0xb8ac8013) addi    zero, s9, -1142
core   0: 3 0x8000735c (0xb8ac8013)
core   0: 0x80007360 (0x0000c691) c.beqz  a3, pc + 12
core   0: 3 0x80007360 (0xc691)
core   0: 0x80007362 (0x004b9c93) slli    s9, s7, 4
core   0: 3 0x80007362 (0x004b9c93) x25 0xac7e0000
core   0: 0x80007366 (0x00000b94) c.addi4spn a3, sp, 464
core   0: 3 0x80007366 (0x0b94) x13 0x000001c0
core   0: 0x80007368 (0x02b1c233) div     tp, gp, a1
core   0: 3 0x80007368 (0x02b1c233) x 4 0xffdc7c57
core   0: 0x8000736c (0x0bc57963) bgeu    a0, t3, pc + 178
core   0: 3 0x8000736c (0x0bc57963)
core   0: 0x80007370 (0x41c3d333) sra     t1, t2, t3
core   0: 3 0x80007370 (0x41c3d333) x 6 0xff800004
core   0: 0x80007374 (0x0000717d) c.addi16sp sp, -16
core   0: 3 0x80007374 (0x717d) x 2 0xffffffe0
core   0: 0x80007376 (0x00008719) c.srai  a4, 6
core   0: 3 0x80007376 (0x8719) x14 0x0000001e
core   0: 0x80007378 (0x00000b66) c.slli  s6, 25
core   0: 3 0x80007378 (0x0b66) x22 0x90000000
core   0: 0x8000737a (0x01c69313) slli    t1, a3, 28
core   0: 3 0x8000737a (0x01c69313) x 6 0x00000000
core   0: 0x8000737e (0x0000e551) c.bnez  a0, pc + 140
core   0: 3 0x8000737e (0xe551)
core   0: 0x8000740a (0x0b9c8863) beq     s9, s9, pc + 176
core   0: 3 0x8000740a (0x0b9c8863)
core   0: 0x800074ba (0x03d88933) mul     s2, a7, t4
core   0: 3 0x800074ba (0x03d88933) x18 0x00000000
core   0: 0x800074be (0x79157093) andi    ra, a0, 1937
core   0: 3 0x800074be (0x79157093) x 1 0x00000290
core   0: 0x800074c2 (0x00008f31) c.xor   a4, a2
core   0: 3 0x800074c2 (0x8f31) x14 0x0000001e
core   0: 0x800074c4 (0x00001818) c.addi4spn a4, sp, 48
core   0: 3 0x800074c4 (0x1818) x14 0x00000010
core   0: 0x800074c6 (0x00000001) c.nop
core   0: 3 0x800074c6 (0x0001)
core   0: 0x800074c8 (0x7497b193) sltiu   gp, a5, 1865
core   0: 3 0x800074c8 (0x7497b193) x 3 0x00000000
core   0: 0x800074cc (0x41255633) sra     a2, a0, s2
core   0: 3 0x800074cc (0x41255633) x12 0x00000290
core   0: 0x800074d0 (0x04a86063) bltu    a6, a0, pc + 64
core   0: 3 0x800074d0 (0x04a86063)
core   0: 0x800074d4 (0x02d576b3) remu    a3, a0, a3
core   0: 3 0x800074d4 (0x02d576b3) x13 0x000000d0
core   0: 0x800074d8 (0x000081a9) c.srli  a1, 10
core   0: 3 0x800074d8 (0x81a9) x11 0x00000000
core   0: 0x800074da (0x00008bd9) c.andi  a5, 22
core   0: 3 0x800074da (0x8bd9) x15 0x00000006
core   0: 0x800074dc (0x018f56b3) srl     a3, t5, s8
core   0: 3 0x800074dc (0x018f56b3) x13 0x00000000
core   0: 0x800074e0 (0x01ad3333) sltu    t1, s10, s10
core   0: 3 0x800074e0 (0x01ad3333) x 6 0x00000000
core   0: 0x800074e4 (0x02323933) mulhu   s2, tp, gp
core   0: 3 0x800074e4 (0x02323933) x18 0x00000000
core   0: 0x800074e8 (0x4139d213) srai    tp, s3, 19
core   0: 3 0x800074e8 (0x4139d213) x 4 0xfffffff7
core   0: 0x800074ec (0x03f94bb3) div     s7, s2, t6
core   0: 3 0x800074ec (0x03f94bb3) x23 0x00000000
core   0: 0x800074f0 (0x00cd8433) add     s0, s11, a2
core   0: 3 0x800074f0 (0x00cd8433) x 8 0x00000291
core   0: 0x800074f4 (0x01feceb3) xor     t4, t4, t6
core   0: 3 0x800074f4 (0x01feceb3) x29 0x0000000e
core   0: 0x800074f8 (0x00cb47b3) xor     a5, s6, a2
core   0: 3 0x800074f8 (0x00cb47b3) x15 0x90000290
core   0: 0x800074fc (0x71945c97) auipc   s9, 0x71945
core   0: 3 0x800074fc (0x71945c97) x25 0xf194c4fc
core   0: 0x80007500 (0x00008f65) c.and   a4, s1
core   0: 3 0x80007500 (0x8f65) x14 0x00000000
core   0: 0x80007502 (0x00000001) c.nop
core   0: 3 0x80007502 (0x0001)
core   0: 0x80007504 (0x014b6bb3) or      s7, s6, s4
core   0: 3 0x80007504 (0x014b6bb3) x23 0x90000000
core   0: 0x80007508 (0x016d5db3) srl     s11, s10, s6
core   0: 3 0x80007508 (0x016d5db3) x27 0x821bd86e
core   0: 0x8000750c (0x01e97633) and     a2, s2, t5
core   0: 3 0x8000750c (0x01e97633) x12 0x00000000
core   0: 0x80007510 (0x0c70cd13) xori    s10, ra, 199
core   0: 3 0x80007510 (0x0c70cd13) x26 0x00000257
core   0: 0x80007514 (0x7f648a93) addi    s5, s1, 2038
core   0: 3 0x80007514 (0x7f648a93) x21 0x8002a4da
core   0: 0x80007518 (0x2c597417) auipc   s0, 0x2c597
core   0: 3 0x80007518 (0x2c597417) x 8 0xac59e518
core   0: 0x8000751c (0x004921b3) slt     gp, s2, tp
core   0: 3 0x8000751c (0x004921b3) x 3 0x00000000
core   0: 0x80007520 (0x00000f19) c.addi  t5, 6
core   0: 3 0x80007520 (0x0f19) x30 0x00000007
core   0: 0x80007522 (0x37b5a913) slti    s2, a1, 891
core   0: 3 0x80007522 (0x37b5a913) x18 0x00000001
core   0: 0x80007526 (0x00008c7d) c.and   s0, a5
core   0: 3 0x80007526 (0x8c7d) x 8 0x80000010
core   0: 0x80007528 (0x007ecc33) xor     s8, t4, t2
core   0: 3 0x80007528 (0x007ecc33) x24 0x80000422
core   0: 0x8000752c (0x0084c6b3) xor     a3, s1, s0
core   0: 3 0x8000752c (0x0084c6b3) x13 0x00029cf4
core   0: 0x80007530 (0x0000198c) c.addi4spn a1, sp, 240
core   0: 3 0x80007530 (0x198c) x11 0x000000d0
core   0: 0x80007532 (0x00000ab2) c.slli  s5, 12
core   0: 3 0x80007532 (0x0ab2) x21 0x2a4da000
core   0: 0x80007534 (0x00006fd1) c.lui   t6, 0x14
core   0: 3 0x80007534 (0x6fd1) x31 0x00014000
core   0: 0x80007536 (0x0000717d) c.addi16sp sp, -16
core   0: 3 0x80007536 (0x717d) x 2 0xffffffd0
core   0: 0x80007538 (0xc81e6c13) ori     s8, t3, -895
core   0: 3 0x80007538 (0xc81e6c13) x24 0xffffffc9
core   0: 0x8000753c (0x03390c33) mul     s8, s2, s3
core   0: 3 0x8000753c (0x03390c33) x24 0xffbeb000
core   0: 0x80007540 (0x2b14ff93) andi    t6, s1, 689
core   0: 3 0x80007540 (0x2b14ff93) x31 0x000000a0
core   0: 0x80007544 (0x00be38b3) sltu    a7, t3, a1
core   0: 3 0x80007544 (0x00be38b3) x17 0x00000000
core   0: 0x80007548 (0x01d76463) bltu    a4, t4, pc + 8
core   0: 3 0x80007548 (0x01d76463)
core   0: 0x80007550 (0x00000001) c.nop
core   0: 3 0x80007550 (0x0001)
core   0: 0x80007552 (0x4131d613) srai    a2, gp, 19
core   0: 3 0x80007552 (0x4131d613) x12 0x00000000
core   0: 0x80007556 (0x00f47733) and     a4, s0, a5
core   0: 3 0x80007556 (0x00f47733) x14 0x80000010
core   0: 0x8000755a (0x00000001) c.nop
core   0: 3 0x8000755a (0x0001)
core   0: 0x8000755c (0x84514693) xori    a3, sp, -1979
core   0: 3 0x8000755c (0x84514693) x13 0x00000795
core   0: 0x80007560 (0x00000494) c.addi4spn a3, sp, 576
core   0: 3 0x80007560 (0x0494) x13 0x00000210
core   0: 0x80007562 (0x00669263) bne     a3, t1, pc + 4
core   0: 3 0x80007562 (0x00669263)
core   0: 0x80007566 (0x05c3ca93) xori    s5, t2, 92
core   0: 3 0x80007566 (0x05c3ca93) x21 0x80000470
core   0: 0x8000756a (0x00a127b3) slt     a5, sp, a0
core   0: 3 0x8000756a (0x00a127b3) x15 0x00000001
core   0: 0x8000756e (0x0000717d) c.addi16sp sp, -16
core   0: 3 0x8000756e (0x717d) x 2 0xffffffc0
core   0: 0x80007570 (0x257352b7) lui     t0, 0x25735
core   0: 3 0x80007570 (0x257352b7) x 5 0x25735000
core   0: 0x80007574 (0x01c468b3) or      a7, s0, t3
core   0: 3 0x80007574 (0x01c468b3) x17 0x801fff58
core   0: 0x80007578 (0x03a25563) bge     tp, s10, pc + 42
core   0: 3 0x80007578 (0x03a25563)
core   0: 0x8000757c (0x01a21093) slli    ra, tp, 26
core   0: 3 0x8000757c (0x01a21093) x 1 0xdc000000
core   0: 0x80007580 (0xe9ccc213) xori    tp, s9, -356
core   0: 3 0x80007580 (0xe9ccc213) x 4 0x0e6b3a60
core   0: 0x80007584 (0xbff47713) andi    a4, s0, -1025
core   0: 3 0x80007584 (0xbff47713) x14 0x80000010
core   0: 0x80007588 (0x55be0513) addi    a0, t3, 1371
core   0: 3 0x80007588 (0x55be0513) x10 0x002004a3
core   0: 0x8000758c (0x03ff9533) mulh    a0, t6, t6
core   0: 3 0x8000758c (0x03ff9533) x10 0x00000000
core   0: 0x80007590 (0x00000001) c.nop
core   0: 3 0x80007590 (0x0001)
core   0: 0x80007592 (0x00555d13) srli    s10, a0, 5
core   0: 3 0x80007592 (0x00555d13) x26 0x00000000
core   0: 0x80007596 (0x007f6633) or      a2, t5, t2
core   0: 3 0x80007596 (0x007f6633) x12 0x8000042f
core   0: 0x8000759a (0x3cfceb97) auipc   s7, 0x3cfce
core   0: 3 0x8000759a (0x3cfceb97) x23 0xbcfd559a
core   0: 0x8000759e (0xa1ab2693) slti    a3, s6, -1510
core   0: 3 0x8000759e (0xa1ab2693) x13 0x00000001
core   0: 0x800075a2 (0x0165efb3) or      t6, a1, s6
core   0: 3 0x800075a2 (0x0165efb3) x31 0x900000d0
core   0: 0x800075a6 (0x00008aa1) c.andi  a3, 8
core   0: 3 0x800075a6 (0x8aa1) x13 0x00000000
core   0: 0x800075a8 (0x03438433) mul     s0, t2, s4
core   0: 3 0x800075a8 (0x03438433) x 8 0x00000000
core   0: 0x800075ac (0x0000c791) c.beqz  a5, pc + 12
core   0: 3 0x800075ac (0xc791)
core   0: 0x800075ae (0x00d1dcb3) srl     s9, gp, a3
core   0: 3 0x800075ae (0x00d1dcb3) x25 0x00000000
core   0: 0x800075b2 (0xa810be93) sltiu   t4, ra, -1407
core   0: 3 0x800075b2 (0xa810be93) x29 0x00000001
core   0: 0x800075b6 (0x000006e9) c.addi  a3, 26
core   0: 3 0x800075b6 (0x06e9) x13 0x0000001a
core   0: 0x800075b8 (0x00009bae) c.add   s7, a1
core   0: 3 0x800075b8 (0x9bae) x23 0xbcfd566a
core   0: 0x800075ba (0xd4b6ba93) sltiu   s5, a3, -693
core   0: 3 0x800075ba (0xd4b6ba93) x21 0x00000001
core   0: 0x800075be (0x14cf0613) addi    a2, t5, 332
core   0: 3 0x800075be (0x14cf0613) x12 0x00000153
core   0: 0x800075c2 (0x032de1b3) rem     gp, s11, s2
core   0: 3 0x800075c2 (0x032de1b3) x 3 0x00000000
core   0: 0x800075c6 (0x00008c35) c.xor   s0, a3
core   0: 3 0x800075c6 (0x8c35) x 8 0x0000001a
core   0: 0x800075c8 (0x0080b433) sltu    s0, ra, s0
core   0: 3 0x800075c8 (0x0080b433) x 8 0x00000000
core   0: 0x800075cc (0x00308e63) beq     ra, gp, pc + 28
core   0: 3 0x800075cc (0x00308e63)
core   0: 0x800075d0 (0x0000100f) fence.i
core   0: 3 0x800075d0 (0x0000100f)
core   0: 0x800075d4 (0xf87d0b13) addi    s6, s10, -121
core   0: 3 0x800075d4 (0xf87d0b13) x22 0xffffff87
core   0: 0x800075d8 (0x039b28b3) mulhsu  a7, s6, s9
core   0: 3 0x800075d8 (0x039b28b3) x17 0x00000000
core   0: 0x800075dc (0x03cb5ab3) divu    s5, s6, t3
core   0: 3 0x800075dc (0x03cb5ab3) x21 0x00000800
core   0: 0x800075e0 (0x01e638b3) sltu    a7, a2, t5
core   0: 3 0x800075e0 (0x01e638b3) x17 0x00000000
core   0: 0x800075e4 (0x2d1ff113) andi    sp, t6, 721
core   0: 3 0x800075e4 (0x2d1ff113) x 2 0x000000d0
core   0: 0x800075e8 (0x000cfe63) bgeu    s9, zero, pc + 28
core   0: 3 0x800075e8 (0x000cfe63)
core   0: 0x80007604 (0x0000100f) fence.i
core   0: 3 0x80007604 (0x0000100f)
core   0: 0x80007608 (0x03f9c9b3) div     s3, s3, t6
core   0: 3 0x80007608 (0x03f9c9b3) x19 0x00000000
core   0: 0x8000760c (0x000056fd) c.li    a3, -1
core   0: 3 0x8000760c (0x56fd) x13 0xffffffff
core   0: 0x8000760e (0x0000e399) c.bnez  a5, pc + 6
core   0: 3 0x8000760e (0xe399)
core   0: 0x80007614 (0x00006155) c.addi16sp sp, 304
core   0: 3 0x80007614 (0x6155) x 2 0x00000200
core   0: 0x80007616 (0x022e12b3) mulh    t0, t3, sp
core   0: 3 0x80007616 (0x022e12b3) x 5 0x00000000
core   0: 0x8000761a (0x00775013) srli    zero, a4, 7
core   0: 3 0x8000761a (0x00775013)
core   0: 0x8000761e (0x02ef7bb3) remu    s7, t5, a4
core   0: 3 0x8000761e (0x02ef7bb3) x23 0x00000007
core   0: 0x80007622 (0x00000001) c.nop
core   0: 3 0x80007622 (0x0001)
core   0: 0x80007624 (0x00008dd9) c.or    a1, a4
core   0: 3 0x80007624 (0x8dd9) x11 0x800000d0
core   0: 0x80007626 (0x5e00ba93) sltiu   s5, ra, 1504
core   0: 3 0x80007626 (0x5e00ba93) x21 0x00000000
core   0: 0x8000762a (0x00009ba2) c.add   s7, s0
core   0: 3 0x8000762a (0x9ba2) x23 0x00000007
core   0: 0x8000762c (0x016a6733) or      a4, s4, s6
core   0: 3 0x8000762c (0x016a6733) x14 0xffffff87
core   0: 0x80007630 (0x01202433) slt     s0, zero, s2
core   0: 3 0x80007630 (0x01202433) x 8 0x00000001
core   0: 0x80007634 (0x00008abd) c.andi  a3, 15
core   0: 3 0x80007634 (0x8abd) x13 0x0000000f
core   0: 0x80007636 (0x003cabb3) slt     s7, s9, gp
core   0: 3 0x80007636 (0x003cabb3) x23 0x00000000
core   0: 0x8000763a (0x016bf263) bgeu    s7, s6, pc + 4
core   0: 3 0x8000763a (0x016bf263)
core   0: 0x8000763e (0x0219dab3) divu    s5, s3, ra
core   0: 3 0x8000763e (0x0219dab3) x21 0x00000000
core   0: 0x80007642 (0x00001c7d) c.addi  s8, -1
core   0: 3 0x80007642 (0x1c7d) x24 0xffbeafff
core   0: 0x80007644 (0x00dbab33) slt     s6, s7, a3
core   0: 3 0x80007644 (0x00dbab33) x22 0x00000001
core   0: 0x80007648 (0x00004e05) c.li    t3, 1
core   0: 3 0x80007648 (0x4e05) x28 0x00000001
core   0: 0x8000764a (0x03fd8e33) mul     t3, s11, t6
core   0: 3 0x8000764a (0x03fd8e33) x28 0x969fd960
core   0: 0x8000764e (0x40090d33) sub     s10, s2, zero
core   0: 3 0x8000764e (0x40090d33) x26 0x00000001
core   0: 0x80007652 (0x0000078c) c.addi4spn a1, sp, 960
core   0: 3 0x80007652 (0x078c) x11 0x000005c0
core   0: 0x80007654 (0x40838ab3) sub     s5, t2, s0
core   0: 3 0x80007654 (0x40838ab3) x21 0x8000042b
core   0: 0x80007658 (0x00000001) c.nop
core   0: 3 0x80007658 (0x0001)
core   0: 0x8000765a (0x01d84bb3) xor     s7, a6, t4
core   0: 3 0x8000765a (0x01d84bb3) x23 0x80025e65
core   0: 0x8000765e (0x41f15d13) srai    s10, sp, 31
core   0: 3 0x8000765e (0x41f15d13) x26 0x00000000
core   0: 0x80007662 (0x00455c93) srli    s9, a0, 4
core   0: 3 0x80007662 (0x00455c93) x25 0x00000000
core   0: 0x80007666 (0x022ee933) rem     s2, t4, sp
core   0: 3 0x80007666 (0x022ee933) x18 0x00000001
core   0: 0x8000766a (0x0ff0000f) fence   iorw,iorw
core   0: 3 0x8000766a (0x0ff0000f)
core   0: 0x8000766e (0x25dcf793) andi    a5, s9, 605
core   0: 3 0x8000766e (0x25dcf793) x15 0x00000000
core   0: 0x80007672 (0x00000001) c.nop
core   0: 3 0x80007672 (0x0001)
core   0: 0x80007674 (0x02a89b63) bne     a7, a0, pc + 54
core   0: 3 0x80007674 (0x02a89b63)
core   0: 0x80007678 (0x0008ce33) xor     t3, a7, zero
core   0: 3 0x80007678 (0x0008ce33) x28 0x00000000
core   0: 0x8000767c (0x00000226) c.slli  tp, 9
core   0: 3 0x8000767c (0x0226) x 4 0xd674c000
core   0: 0x8000767e (0x409a5f13) srai    t5, s4, 9
core   0: 3 0x8000767e (0x409a5f13) x30 0xffc00000
core   0: 0x80007682 (0x00008c01) c.sub   s0, s0
core   0: 3 0x80007682 (0x8c01) x 8 0x00000000
core   0: 0x80007684 (0x00008e99) c.sub   a3, a4
core   0: 3 0x80007684 (0x8e99) x13 0x00000088
core   0: 0x80007686 (0x00008d9d) c.sub   a1, a5
core   0: 3 0x80007686 (0x8d9d) x11 0x000005c0
core   0: 0x80007688 (0x03fbbc33) mulhu   s8, s7, t6
core   0: 3 0x80007688 (0x03fbbc33) x24 0x48015580
core   0: 0x8000768c (0xa5243b93) sltiu   s7, s0, -1454
core   0: 3 0x8000768c (0xa5243b93) x23 0x00000001
core   0: 0x80007690 (0x00006125) c.addi16sp sp, 96
core   0: 3 0x80007690 (0x6125) x 2 0x00000260
core   0: 0x80007692 (0x0118c2b3) xor     t0, a7, a7
core   0: 3 0x80007692 (0x0118c2b3) x 5 0x00000000
core   0: 0x80007696 (0x40050bb3) sub     s7, a0, zero
core   0: 3 0x80007696 (0x40050bb3) x23 0x00000000
core   0: 0x8000769a (0x0000100f) fence.i
core   0: 3 0x8000769a (0x0000100f)
core   0: 0x8000769e (0x51c6a093) slti    ra, a3, 1308
core   0: 3 0x8000769e (0x51c6a093) x 1 0x00000001
core   0: 0x800076a2 (0x0000eb0d) c.bnez  a4, pc + 50
core   0: 3 0x800076a2 (0xeb0d)
core   0: 0x800076d4 (0x025bcf33) div     t5, s7, t0
core   0: 3 0x800076d4 (0x025bcf33) x30 0xffffffff
core   0: 0x800076d8 (0x00794e33) xor     t3, s2, t2
core   0: 3 0x800076d8 (0x00794e33) x28 0x8000042d
core   0: 0x800076dc (0x00cf1263) bne     t5, a2, pc + 4
core   0: 3 0x800076dc (0x00cf1263)
core   0: 0x800076e0 (0x05f26693) ori     a3, tp, 95
core   0: 3 0x800076e0 (0x05f26693) x13 0xd674c05f
core   0: 0x800076e4 (0x0215f563) bgeu    a1, ra, pc + 42
core   0: 3 0x800076e4 (0x0215f563)
core   0: 0x8000770e (0x01f95d93) srli    s11, s2, 31
core   0: 3 0x8000770e (0x01f95d93) x27 0x00000000
core   0: 0x80007712 (0x00997263) bgeu    s2, s1, pc + 4
core   0: 3 0x80007712 (0x00997263)
core   0: 0x80007716 (0xe21c0913) addi    s2, s8, -479
core   0: 3 0x80007716 (0xe21c0913) x18 0x480153a1
core   0: 0x8000771a (0x02274cb3) div     s9, a4, sp
core   0: 3 0x8000771a (0x02274cb3) x25 0x00000000
core   0: 0x8000771e (0x0000646d) c.lui   s0, 0x1b
core   0: 3 0x8000771e (0x646d) x 8 0x0001b000
core   0: 0x80007720 (0x023d0e33) mul     t3, s10, gp
core   0: 3 0x80007720 (0x023d0e33) x28 0x00000000
core   0: 0x80007724 (0x412f8133) sub     sp, t6, s2
core   0: 3 0x80007724 (0x412f8133) x 2 0x47fead2f
core   0: 0x80007728 (0xb2446613) ori     a2, s0, -1244
core   0: 3 0x80007728 (0xb2446613) x12 0xfffffb24
core   0: 0x8000772c (0x00008fbd) c.xor   a5, a5
core   0: 3 0x8000772c (0x8fbd) x15 0x00000000
core   0: 0x8000772e (0x00009c17) auipc   s8, 0x9
core   0: 3 0x8000772e (0x00009c17) x24 0x8001072e
core   0: 0x80007732 (0xcb5c0c13) addi    s8, s8, -843
core   0: 3 0x80007732 (0xcb5c0c13) x24 0x800103e3
core   0: 0x80007736 (0x00009897) auipc   a7, 0x9
core   0: 3 0x80007736 (0x00009897) x17 0x80010736
core   0: 0x8000773a (0xa9488893) addi    a7, a7, -1388
core   0: 3 0x8000773a (0xa9488893) x17 0x800101ca
core   0: 0x8000773e (0xfcf8cc83) lbu     s9, -49(a7)
core   0: 3 0x8000773e (0xfcf8cc83) x25 0x00000074 mem 0x80010199
core   0: 0x80007742 (0x09dc0f23) sb      t4, 158(s8)
core   0: 3 0x80007742 (0x09dc0f23) mem 0x80010481 0x1
core   0: 0x80007746 (0xfe889603) lh      a2, -24(a7)
core   0: 3 0x80007746 (0xfe889603) x12 0x00003748 mem 0x800101b2
core   0: 0x8000774a (0x03fc1a83) lh      s5, 63(s8)
core   0: 3 0x8000774a (0x03fc1a83) x21 0xffff81f0 mem 0x80010422
core   0: 0x8000774e (0x0188d183) lhu     gp, 24(a7)
core   0: 3 0x8000774e (0x0188d183) x 3 0x0000e9f6 mem 0x800101e2
core   0: 0x80007752 (0x0128ad03) lw      s10, 18(a7)
core   0: 3 0x80007752 (0x0128ad03) x26 0xfd0e2a7d mem 0x800101dc
core   0: 0x80007756 (0xf6ac1fa3) sh      a0, -129(s8)
core   0: 3 0x80007756 (0xf6ac1fa3) mem 0x80010362 0x0000
core   0: 0x8000775a (0x01089f03) lh      t5, 16(a7)
core   0: 3 0x8000775a (0x01089f03) x30 0xffff9104 mem 0x800101da
core   0: 0x8000775e (0x0a3c1083) lh      ra, 163(s8)
core   0: 3 0x8000775e (0x0a3c1083) x 1 0x00004423 mem 0x80010486
core   0: 0x80007762 (0x03089723) sh      a6, 46(a7)
core   0: 3 0x80007762 (0x03089723) mem 0x800101f8 0x5e64
core   0: 0x80007766 (0x08dc5503) lhu     a0, 141(s8)
core   0: 3 0x80007766 (0x08dc5503) x10 0x0000903f mem 0x80010470
core   0: 0x8000776a (0xffa8a683) lw      a3, -6(a7)
core   0: 3 0x8000776a (0xffa8a683) x13 0x696cce67 mem 0x800101c4
core   0: 0x8000776e (0xfcac0203) lb      tp, -54(s8)
core   0: 3 0x8000776e (0xfcac0203) x 4 0xffffffb1 mem 0x800103ad
core   0: 0x80007772 (0xfc4c4383) lbu     t2, -60(s8)
core   0: 3 0x80007772 (0xfc4c4383) x 7 0x00000062 mem 0x800103a7
core   0: 0x80007776 (0x02d7c3b3) div     t2, a5, a3
core   0: 3 0x80007776 (0x02d7c3b3) x 7 0x00000000
core   0: 0x8000777a (0x41fdd393) srai    t2, s11, 31
core   0: 3 0x8000777a (0x41fdd393) x 7 0x00000000
core   0: 0x8000777e (0x0085af33) slt     t5, a1, s0
core   0: 3 0x8000777e (0x0085af33) x30 0x00000001
core   0: 0x80007782 (0x018dccb3) xor     s9, s11, s8
core   0: 3 0x80007782 (0x018dccb3) x25 0x800103e3
core   0: 0x80007786 (0x004bcab3) xor     s5, s7, tp
core   0: 3 0x80007786 (0x004bcab3) x21 0xffffffb1
core   0: 0x8000778a (0x0000c801) c.beqz  s0, pc + 16
core   0: 3 0x8000778a (0xc801)
core   0: 0x8000778c (0x02e2bcb3) mulhu   s9, t0, a4
core   0: 3 0x8000778c (0x02e2bcb3) x25 0x00000000
core   0: 0x80007790 (0x036b0e33) mul     t3, s6, s6
core   0: 3 0x80007790 (0x036b0e33) x28 0x00000001
core   0: 0x80007794 (0x00009bfd) c.andi  a5, -1
core   0: 3 0x80007794 (0x9bfd) x15 0x00000000
core   0: 0x80007796 (0x02614f63) blt     sp, t1, pc + 62
core   0: 3 0x80007796 (0x02614f63)
core   0: 0x8000779a (0x0298d533) divu    a0, a7, s1
core   0: 3 0x8000779a (0x0298d533) x10 0x00000000
core   0: 0x8000779e (0x405ed533) sra     a0, t4, t0
core   0: 3 0x8000779e (0x405ed533) x10 0x00000001
core   0: 0x800077a2 (0x0096df13) srli    t5, a3, 9
core   0: 3 0x800077a2 (0x0096df13) x30 0x0034b667
core   0: 0x800077a6 (0x006a03b3) add     t2, s4, t1
core   0: 3 0x800077a6 (0x006a03b3) x 7 0x80000000
core   0: 0x800077aa (0x02d447b3) div     a5, s0, a3
core   0: 3 0x800077aa (0x02d447b3) x15 0x00000000
core   0: 0x800077ae (0x014a5713) srli    a4, s4, 20
core   0: 3 0x800077ae (0x014a5713) x14 0x00000800
core   0: 0x800077b2 (0x02184163) blt     a6, ra, pc + 34
core   0: 3 0x800077b2 (0x02184163)
core   0: 0x800077d4 (0x00009d8e) c.add   s11, gp
core   0: 3 0x800077d4 (0x9d8e) x27 0x0000e9f6
core   0: 0x800077d6 (0xf0aeca93) xori    s5, t4, -246
core   0: 3 0x800077d6 (0xf0aeca93) x21 0xffffff0b
core   0: 0x800077da (0x021f1cb3) mulh    s9, t5, ra
core   0: 3 0x800077da (0x021f1cb3) x25 0x0000000e
core   0: 0x800077de (0x01668433) add     s0, a3, s6
core   0: 3 0x800077de (0x01668433) x 8 0x696cce68
core   0: 0x800077e2 (0x4072df13) srai    t5, t0, 7
core   0: 3 0x800077e2 (0x4072df13) x30 0x00000000
core   0: 0x800077e6 (0x0120d963) bge     ra, s2, pc + 18
core   0: 3 0x800077e6 (0x0120d963)
core   0: 0x800077ea (0x000086da) c.mv    a3, s6
core   0: 3 0x800077ea (0x86da) x13 0x00000001
core   0: 0x800077ec (0x40b3d9b3) sra     s3, t2, a1
core   0: 3 0x800077ec (0x40b3d9b3) x19 0x80000000
core   0: 0x800077f0 (0x02fd0f33) mul     t5, s10, a5
core   0: 3 0x800077f0 (0x02fd0f33) x30 0x00000000
core   0: 0x800077f4 (0x015de713) ori     a4, s11, 21
core   0: 3 0x800077f4 (0x015de713) x14 0x0000e9f7
core   0: 0x800077f8 (0x0000611d) c.addi16sp sp, 416
core   0: 3 0x800077f8 (0x611d) x 2 0x47feaecf
core   0: 0x800077fa (0x00008df5) c.and   a1, a3
core   0: 3 0x800077fa (0x8df5) x11 0x00000000
core   0: 0x800077fc (0x0bc2f917) auipc   s2, 0xbc2f
core   0: 3 0x800077fc (0x0bc2f917) x18 0x8bc367fc
core   0: 0x80007800 (0x00008389) c.srli  a5, 2
core   0: 3 0x80007800 (0x8389) x15 0x00000000
core   0: 0x80007802 (0x71cf6893) ori     a7, t5, 1820
core   0: 3 0x80007802 (0x71cf6893) x17 0x0000071c
core   0: 0x80007806 (0x03b50533) mul     a0, a0, s11
core   0: 3 0x80007806 (0x03b50533) x10 0x0000e9f6
core   0: 0x8000780a (0x00944463) blt     s0, s1, pc + 8
core   0: 3 0x8000780a (0x00944463)
core   0: 0x8000780e (0x02594e63) blt     s2, t0, pc + 60
core   0: 3 0x8000780e (0x02594e63)
core   0: 0x8000784a (0x00008179) c.srli  a0, 30
core   0: 3 0x8000784a (0x8179) x10 0x00000000
core   0: 0x8000784c (0x400bd333) sra     t1, s7, zero
core   0: 3 0x8000784c (0x400bd333) x 6 0x00000000
core   0: 0x80007850 (0x000099fd) c.andi  a1, -1
core   0: 3 0x80007850 (0x99fd) x11 0x00000000
core   0: 0x80007852 (0x00000001) c.nop
core   0: 3 0x80007852 (0x0001)
core   0: 0x80007854 (0x01b02633) slt     a2, zero, s11
core   0: 3 0x80007854 (0x01b02633) x12 0x00000001
core   0: 0x80007858 (0x00c6e863) bltu    a3, a2, pc + 16
core   0: 3 0x80007858 (0x00c6e863)
core   0: 0x8000785c (0x00001710) c.addi4spn a2, sp, 928
core   0: 3 0x8000785c (0x1710) x12 0x47feb26f
core   0: 0x8000785e (0x0000c31d) c.beqz  a4, pc + 38
core   0: 3 0x8000785e (0xc31d)
core   0: 0x80007860 (0x006d1f33) sll     t5, s10, t1
core   0: 3 0x80007860 (0x006d1f33) x30 0xfd0e2a7d
core   0: 0x80007864 (0x00ab1197) auipc   gp, 0xab1
core   0: 3 0x80007864 (0x00ab1197) x 3 0x80ab8864
core   0: 0x80007868 (0x00001b7d) c.addi  s6, -1
core   0: 3 0x80007868 (0x1b7d) x22 0x00000000
core   0: 0x8000786a (0x0000170c) c.addi4spn a1, sp, 928
core   0: 3 0x8000786a (0x170c) x11 0x47feb26f
core   0: 0x8000786c (0x41728b33) sub     s6, t0, s7
core   0: 3 0x8000786c (0x41728b33) x22 0x00000000
core   0: 0x80007870 (0x02c7e6b3) rem     a3, a5, a2
core   0: 3 0x80007870 (0x02c7e6b3) x13 0x00000000
core   0: 0x80007874 (0x00f343b3) xor     t2, t1, a5
core   0: 3 0x80007874 (0x00f343b3) x 7 0x00000000
core   0: 0x80007878 (0x02d0e033) rem     zero, ra, a3
core   0: 3 0x80007878 (0x02d0e033)
core   0: 0x8000787c (0x03e88c63) beq     a7, t5, pc + 56
core   0: 3 0x8000787c (0x03e88c63)
core   0: 0x80007880 (0x0227bab3) mulhu   s5, a5, sp
core   0: 3 0x80007880 (0x0227bab3) x21 0x00000000
core   0: 0x80007884 (0x000065a5) c.lui   a1, 0x9
core   0: 3 0x80007884 (0x65a5) x11 0x00009000
core   0: 0x80007886 (0x00006e29) c.lui   t3, 0xa
core   0: 3 0x80007886 (0x6e29) x28 0x0000a000
core   0: 0x80007888 (0x4014de33) sra     t3, s1, ra
core   0: 3 0x80007888 (0x4014de33) x28 0xf000539c
core   0: 0x8000788c (0x0ff0000f) fence   iorw,iorw
core   0: 3 0x8000788c (0x0ff0000f)
core   0: 0x80007890 (0xb3026693) ori     a3, tp, -1232
core   0: 3 0x80007890 (0xb3026693) x13 0xffffffb1
core   0: 0x80007894 (0xaa3fcb37) lui     s6, 0xaa3fc
core   0: 3 0x80007894 (0xaa3fcb37) x22 0xaa3fc000
core   0: 0x80007898 (0x00008d39) c.xor   a0, a4
core   0: 3 0x80007898 (0x8d39) x10 0x0000e9f7
core   0: 0x8000789a (0x00416933) or      s2, sp, tp
core   0: 3 0x8000789a (0x00416933) x18 0xffffffff
core   0: 0x8000789e (0x016a0e33) add     t3, s4, s6
core   0: 3 0x8000789e (0x016a0e33) x28 0x2a3fc000
core   0: 0x800078a2 (0x00006149) c.addi16sp sp, 144
core   0: 3 0x800078a2 (0x6149) x 2 0x47feaf5f
core   0: 0x800078a4 (0x530f3b93) sltiu   s7, t5, 1328
core   0: 3 0x800078a4 (0x530f3b93) x23 0x00000000
core   0: 0x800078a8 (0x00000361) c.addi  t1, 24
core   0: 3 0x800078a8 (0x0361) x 6 0x00000018
core   0: 0x800078aa (0x03dbdf33) divu    t5, s7, t4
core   0: 3 0x800078aa (0x03dbdf33) x30 0x00000000
core   0: 0x800078ae (0x0000c58d) c.beqz  a1, pc + 42
core   0: 3 0x800078ae (0xc58d)
core   0: 0x800078b0 (0x06a40363) beq     s0, a0, pc + 102
core   0: 3 0x800078b0 (0x06a40363)
core   0: 0x800078b4 (0x3e49f213) andi    tp, s3, 996
core   0: 3 0x800078b4 (0x3e49f213) x 4 0x00000000
core   0: 0x800078b8 (0x01b61863) bne     a2, s11, pc + 16
core   0: 3 0x800078b8 (0x01b61863)
core   0: 0x800078c8 (0x40cf51b3) sra     gp, t5, a2
core   0: 3 0x800078c8 (0x40cf51b3) x 3 0x00000000
core   0: 0x800078cc (0x00008eb1) c.xor   a3, a2
core   0: 3 0x800078cc (0x8eb1) x13 0xb8014dde
core   0: 0x800078ce (0x014606b3) add     a3, a2, s4
core   0: 3 0x800078ce (0x014606b3) x13 0xc7feb26f
core   0: 0x800078d2 (0x0000689d) c.lui   a7, 0x7
core   0: 3 0x800078d2 (0x689d) x17 0x00007000
core   0: 0x800078d4 (0x41acde13) srai    t3, s9, 26
core   0: 3 0x800078d4 (0x41acde13) x28 0x00000000
core   0: 0x800078d8 (0x8fd93a93) sltiu   s5, s2, -1795
core   0: 3 0x800078d8 (0x8fd93a93) x21 0x00000000
core   0: 0x800078dc (0x0000100f) fence.i
core   0: 3 0x800078dc (0x0000100f)
core   0: 0x800078e0 (0x000013fd) c.addi  t2, -1
core   0: 3 0x800078e0 (0x13fd) x 7 0xffffffff
core   0: 0x800078e2 (0x00008d09) c.sub   a0, a0
core   0: 3 0x800078e2 (0x8d09) x10 0x00000000
core   0: 0x800078e4 (0x00001500) c.addi4spn s0, sp, 672
core   0: 3 0x800078e4 (0x1500) x 8 0x47feb1ff
core   0: 0x800078e6 (0x0000859a) c.mv    a1, t1
core   0: 3 0x800078e6 (0x859a) x11 0x00000018
core   0: 0x800078e8 (0x00007c97) auipc   s9, 0x7
core   0: 3 0x800078e8 (0x00007c97) x25 0x8000e8e8
core   0: 0x800078ec (0xe30c8c93) addi    s9, s9, -464
core   0: 3 0x800078ec (0xe30c8c93) x25 0x8000e718
core   0: 0x800078f0 (0x02cf6033) rem     zero, t5, a2
core   0: 3 0x800078f0 (0x02cf6033)
core   0: 0x800078f4 (0x227c8c93) addi    s9, s9, 551
core   0: 3 0x800078f4 (0x227c8c93) x25 0x8000e93f
core   0: 0x800078f8 (0x024d78b3) remu    a7, s10, tp
core   0: 3 0x800078f8 (0x024d78b3) x17 0xfd0e2a7d
core   0: 0x800078fc (0xcfd27613) andi    a2, tp, -771
core   0: 3 0x800078fc (0xcfd27613) x12 0x00000000
core   0: 0x80007900 (0x0192c763) blt     t0, s9, pc + 14
core   0: 3 0x80007900 (0x0192c763)
core   0: 0x80007904 (0x0000021e) c.slli  tp, 7
core   0: 3 0x80007904 (0x021e) x 4 0x00000000
core   0: 0x80007906 (0x028b51b3) divu    gp, s6, s0
core   0: 3 0x80007906 (0x028b51b3) x 3 0x00000002
core   0: 0x8000790a (0x00ad86b3) add     a3, s11, a0
core   0: 3 0x8000790a (0x00ad86b3) x13 0x0000e9f6
core   0: 0x8000790e (0xdd9c8c67) jalr    s8, s9, -551
core   0: 3 0x8000790e (0xdd9c8c67) x24 0x80007912
core   0: 0x8000e718 (0x20528b13) addi    s6, t0, 517
core   0: 3 0x8000e718 (0x20528b13) x22 0x00000205
core   0: 0x8000e71c (0x00000886) c.slli  a7, 1
core   0: 3 0x8000e71c (0x0886) x17 0xfa1c54fa
core   0: 0x8000e71e (0x01572133) slt     sp, a4, s5
core   0: 3 0x8000e71e (0x01572133) x 2 0x00000000
core   0: 0x8000e722 (0x0000937a) c.add   t1, t5
core   0: 3 0x8000e722 (0x937a) x 6 0x00000018
core   0: 0x8000e724 (0xfc880813) addi    a6, a6, -56
core   0: 3 0x8000e724 (0xfc880813) x16 0x80025e2c
core   0: 0x8000e728 (0x4195d313) srai    t1, a1, 25
core   0: 3 0x8000e728 (0x4195d313) x 6 0x00000000
core   0: 0x8000e72c (0x00000f2a) c.slli  t5, 10
core   0: 3 0x8000e72c (0x0f2a) x30 0x00000000
core   0: 0x8000e72e (0x01882223) sw      s8, 4(a6)
core   0: 3 0x8000e72e (0x01882223) mem 0x80025e30 0x80007912
core   0: 0x8000e732 (0x00008f56) c.mv    t5, s5
core   0: 3 0x8000e732 (0x8f56) x30 0x00000000
core   0: 0x8000e734 (0x00008c55) c.or    s0, a3
core   0: 3 0x8000e734 (0x8c55) x 8 0x47fef9ff
core   0: 0x8000e736 (0x4e7aa613) slti    a2, s5, 1255
core   0: 3 0x8000e736 (0x4e7aa613) x12 0x00000001
core   0: 0x8000e73a (0x00008b22) c.mv    s6, s0
core   0: 3 0x8000e73a (0x8b22) x22 0x47fef9ff
core   0: 0x8000e73c (0x03a02c33) mulhsu  s8, zero, s10
core   0: 3 0x8000e73c (0x03a02c33) x24 0x00000000
core   0: 0x8000e740 (0xc29b0d97) auipc   s11, 0xc29b0
core   0: 3 0x8000e740 (0xc29b0d97) x27 0x429be740
core   0: 0x8000e744 (0x0136ef33) or      t5, a3, s3
core   0: 3 0x8000e744 (0x0136ef33) x30 0x8000e9f6
core   0: 0x8000e748 (0x01fd56b3) srl     a3, s10, t6
core   0: 3 0x8000e748 (0x01fd56b3) x13 0x0000fd0e
core   0: 0x8000e74c (0x022bc463) blt     s7, sp, pc + 40
core   0: 3 0x8000e74c (0x022bc463)
core   0: 0x8000e750 (0x01cf9933) sll     s2, t6, t3
core   0: 3 0x8000e750 (0x01cf9933) x18 0x900000d0
core   0: 0x8000e754 (0x00008c3d) c.xor   s0, a5
core   0: 3 0x8000e754 (0x8c3d) x 8 0x47fef9ff
core   0: 0x8000e756 (0x012a3cb3) sltu    s9, s4, s2
core   0: 3 0x8000e756 (0x012a3cb3) x25 0x00000001
core   0: 0x8000e75a (0x00008f99) c.sub   a5, a4
core   0: 3 0x8000e75a (0x8f99) x15 0xffff1609
core   0: 0x8000e75c (0x0000044d) c.addi  s0, 19
core   0: 3 0x8000e75c (0x044d) x 8 0x47fefa12
core   0: 0x8000e75e (0x0000100f) fence.i
core   0: 3 0x8000e75e (0x0000100f)
core   0: 0x8000e762 (0x029f62b3) rem     t0, t5, s1
core   0: 3 0x8000e762 (0x029f62b3) x 5 0xfffe4d12
core   0: 0x8000e766 (0x018113b3) sll     t2, sp, s8
core   0: 3 0x8000e766 (0x018113b3) x 7 0x00000000
core   0: 0x8000e76a (0x4afb0893) addi    a7, s6, 1199
core   0: 3 0x8000e76a (0x4afb0893) x17 0x47fefeae
core   0: 0x8000e76e (0x00c75733) srl     a4, a4, a2
core   0: 3 0x8000e76e (0x00c75733) x14 0x000074fb
core   0: 0x8000e772 (0x00004585) c.li    a1, 1
core   0: 3 0x8000e772 (0x4585) x11 0x00000001
core   0: 0x8000e774 (0x02046633) rem     a2, s0, zero
core   0: 3 0x8000e774 (0x02046633) x12 0x47fefa12
core   0: 0x8000e778 (0x03d14b33) div     s6, sp, t4
core   0: 3 0x8000e778 (0x03d14b33) x22 0x00000000
core   0: 0x8000e77c (0x00001d18) c.addi4spn a4, sp, 688
core   0: 3 0x8000e77c (0x1d18) x14 0x000002b0
core   0: 0x8000e77e (0x000000fe) c.slli  ra, 31
core   0: 3 0x8000e77e (0x00fe) x 1 0x80000000
core   0: 0x8000e780 (0x0240f233) remu    tp, ra, tp
core   0: 3 0x8000e780 (0x0240f233) x 4 0x80000000
core   0: 0x8000e784 (0x00008e21) c.xor   a2, s0
core   0: 3 0x8000e784 (0x8e21) x12 0x00000000
core   0: 0x8000e786 (0x00001d9c) c.addi4spn a5, sp, 752
core   0: 3 0x8000e786 (0x1d9c) x15 0x000002f0
core   0: 0x8000e788 (0x02fa8f33) mul     t5, s5, a5
core   0: 3 0x8000e788 (0x02fa8f33) x30 0x00000000
core   0: 0x8000e78c (0x515c6297) auipc   t0, 0x515c6
core   0: 3 0x8000e78c (0x515c6297) x 5 0xd15d478c
core   0: 0x8000e790 (0x73a23193) sltiu   gp, tp, 1850
core   0: 3 0x8000e790 (0x73a23193) x 3 0x00000000
core   0: 0x8000e794 (0x00008ac9) c.andi  a3, 18
core   0: 3 0x8000e794 (0x8ac9) x13 0x00000002
core   0: 0x8000e796 (0x00e2e7b3) or      a5, t0, a4
core   0: 3 0x8000e796 (0x00e2e7b3) x15 0xd15d47bc
core   0: 0x8000e79a (0x000019fd) c.addi  s3, -1
core   0: 3 0x8000e79a (0x19fd) x19 0x7fffffff
core   0: 0x8000e79c (0x304b31b7) lui     gp, 0x304b3
core   0: 3 0x8000e79c (0x304b31b7) x 3 0x304b3000
core   0: 0x8000e7a0 (0x00b49213) slli    tp, s1, 11
core   0: 3 0x8000e7a0 (0x00b49213) x 4 0x14e72000
core   0: 0x8000e7a4 (0x0000926a) c.add   tp, s10
core   0: 3 0x8000e7a4 (0x926a) x 4 0x11f54a7d
core   0: 0x8000e7a6 (0x416e0533) sub     a0, t3, s6
core   0: 3 0x8000e7a6 (0x416e0533) x10 0x00000000
core   0: 0x8000e7aa (0x43976f93) ori     t6, a4, 1081
core   0: 3 0x8000e7aa (0x43976f93) x31 0x000006b9
core   0: 0x8000e7ae (0x018e7433) and     s0, t3, s8
core   0: 3 0x8000e7ae (0x018e7433) x 8 0x00000000
core   0: 0x8000e7b2 (0x00006151) c.addi16sp sp, 272
core   0: 3 0x8000e7b2 (0x6151) x 2 0x00000110
core   0: 0x8000e7b4 (0x40505433) sra     s0, zero, t0
core   0: 3 0x8000e7b4 (0x40505433) x 8 0x00000000
core   0: 0x8000e7b8 (0x00000001) c.nop
core   0: 3 0x8000e7b8 (0x0001)
core   0: 0x8000e7ba (0x00008f55) c.or    a4, a3
core   0: 3 0x8000e7ba (0x8f55) x14 0x000002b2
core   0: 0x8000e7bc (0x0000ef85) c.bnez  a5, pc + 56
core   0: 3 0x8000e7bc (0xef85)
core   0: 0x8000e7f4 (0x0146fbb3) and     s7, a3, s4
core   0: 3 0x8000e7f4 (0x0146fbb3) x23 0x00000000
core   0: 0x8000e7f8 (0x000099fd) c.andi  a1, -1
core   0: 3 0x8000e7f8 (0x99fd) x11 0x00000001
core   0: 0x8000e7fa (0x01fa78b3) and     a7, s4, t6
core   0: 3 0x8000e7fa (0x01fa78b3) x17 0x00000000
core   0: 0x8000e7fe (0x4114d793) srai    a5, s1, 17
core   0: 3 0x8000e7fe (0x4114d793) x15 0xffffc001
core   0: 0x8000e802 (0x0319e8b3) rem     a7, s3, a7
core   0: 3 0x8000e802 (0x0319e8b3) x17 0x7fffffff
core   0: 0x8000e806 (0x00000001) c.nop
core   0: 3 0x8000e806 (0x0001)
core   0: 0x8000e808 (0x0116cfb3) xor     t6, a3, a7
core   0: 3 0x8000e808 (0x0116cfb3) x31 0x7ffffffd
core   0: 0x8000e80c (0x0000847d) c.srai  s0, 31
core   0: 3 0x8000e80c (0x847d) x 8 0x00000000
core   0: 0x8000e80e (0x00cfd413) srli    s0, t6, 12
core   0: 3 0x8000e80e (0x00cfd413) x 8 0x0007ffff
core   0: 0x8000e812 (0x41cb5b13) srai    s6, s6, 28
core   0: 3 0x8000e812 (0x41cb5b13) x22 0x00000000
core   0: 0x8000e816 (0x0000100f) fence.i
core   0: 3 0x8000e816 (0x0000100f)
core   0: 0x8000e81a (0x03821f63) bne     tp, s8, pc + 62
core   0: 3 0x8000e81a (0x03821f63)
core   0: 0x8000e858 (0x60fdca93) xori    s5, s11, 1551
core   0: 3 0x8000e858 (0x60fdca93) x21 0x429be14f
core   0: 0x8000e85c (0x00008d71) c.and   a0, a2
core   0: 3 0x8000e85c (0x8d71) x10 0x00000000
core   0: 0x8000e85e (0x00009e2e) c.add   t3, a1
core   0: 3 0x8000e85e (0x9e2e) x28 0x00000001
core   0: 0x8000e860 (0x01c71513) slli    a0, a4, 28
core   0: 3 0x8000e860 (0x01c71513) x10 0x20000000
core   0: 0x8000e864 (0x0000e219) c.bnez  a2, pc + 6
core   0: 3 0x8000e864 (0xe219)
core   0: 0x8000e866 (0x2271f913) andi    s2, gp, 551
core   0: 3 0x8000e866 (0x2271f913) x18 0x00000000
core   0: 0x8000e86a (0x00ce2b33) slt     s6, t3, a2
core   0: 3 0x8000e86a (0x00ce2b33) x22 0x00000000
core   0: 0x8000e86e (0x00008186) c.mv    gp, ra
core   0: 3 0x8000e86e (0x8186) x 3 0x80000000
core   0: 0x8000e870 (0x0354b633) mulhu   a2, s1, s5
core   0: 3 0x8000e870 (0x0354b633) x12 0x214e9eb1
core   0: 0x8000e874 (0xffffcf17) auipc   t5, 0xffffc
core   0: 3 0x8000e874 (0xffffcf17) x30 0x8000a874
core   0: 0x8000e878 (0x2aaf0f13) addi    t5, t5, 682
core   0: 3 0x8000e878 (0x2aaf0f13) x30 0x8000ab1e
core   0: 0x8000e87c (0x4115dd33) sra     s10, a1, a7
core   0: 3 0x8000e87c (0x4115dd33) x26 0x00000000
core   0: 0x8000e880 (0xc60f0f13) addi    t5, t5, -928
core   0: 3 0x8000e880 (0xc60f0f13) x30 0x8000a77e
core   0: 0x8000e884 (0x00006395) c.lui   t2, 0x5
core   0: 3 0x8000e884 (0x6395) x 7 0x00005000
core   0: 0x8000e886 (0x80d34413) xori    s0, t1, -2035
core   0: 3 0x8000e886 (0x80d34413) x 8 0xfffff80d
core   0: 0x8000e88a (0x000093a2) c.add   t2, s0
core   0: 3 0x8000e88a (0x93a2) x 7 0x0000480d
core   0: 0x8000e88c (0x00d00863) beq     zero, a3, pc + 16
core   0: 3 0x8000e88c (0x00d00863)
core   0: 0x8000e890 (0x01847db3) and     s11, s0, s8
core   0: 3 0x8000e890 (0x01847db3) x27 0x00000000
core   0: 0x8000e894 (0x00d409b3) add     s3, s0, a3
core   0: 3 0x8000e894 (0x00d409b3) x19 0xfffff80f
core   0: 0x8000e898 (0x02ec6933) rem     s2, s8, a4
core   0: 3 0x8000e898 (0x02ec6933) x18 0x00000000
core   0: 0x8000e89c (0x3a0f0c67) jalr    s8, t5, 928
core   0: 3 0x8000e89c (0x3a0f0c67) x24 0x8000e8a0
core   0: 0x8000ab1e (0x014a7c63) bgeu    s4, s4, pc + 24
core   0: 3 0x8000ab1e (0x014a7c63)
core   0: 0x8000ab36 (0xfcc80813) addi    a6, a6, -52
core   0: 3 0x8000ab36 (0xfcc80813) x16 0x80025df8
core   0: 0x8000ab3a (0x01882223) sw      s8, 4(a6)
core   0: 3 0x8000ab3a (0x01882223) mem 0x80025dfc 0x8000e8a0
core   0: 0x8000ab3e (0x01410e33) add     t3, sp, s4
core   0: 3 0x8000ab3e (0x01410e33) x28 0x80000110
core   0: 0x8000ab42 (0x019da2b3) slt     t0, s11, s9
core   0: 3 0x8000ab42 (0x019da2b3) x 5 0x00000001
core   0: 0x8000ab46 (0x02f68ab3) mul     s5, a3, a5
core   0: 3 0x8000ab46 (0x02f68ab3) x21 0xffff8002
core   0: 0x8000ab4a (0x00006117) auipc   sp, 0x6
core   0: 3 0x8000ab4a (0x00006117) x 2 0x80010b4a
core   0: 0x8000ab4e (0x8c210113) addi    sp, sp, -1854
core   0: 3 0x8000ab4e (0x8c210113) x 2 0x8001040c
core   0: 0x8000ab52 (0x000061b5) c.lui   gp, 0xd
core   0: 3 0x8000ab52 (0x61b5) x 3 0x0000d000
core   0: 0x8000ab54 (0x8931a513) slti    a0, gp, -1901
core   0: 3 0x8000ab54 (0x8931a513) x10 0x00000000
core   0: 0x8000ab58 (0xffc11183) lh      gp, -4(sp)
core   0: 3 0x8000ab58 (0xffc11183) x 3 0xfffffe47 mem 0x80010408
core   0: 0x8000ab5c (0xfe6108a3) sb      t1, -15(sp)
core   0: 3 0x8000ab5c (0xfe6108a3) mem 0x800103fd 0x0
core   0: 0x8000ab60 (0x00008939) c.andi  a0, 14
core   0: 3 0x8000ab60 (0x8939) x10 0x00000000
core   0: 0x8000ab62 (0x00b9c5b3) xor     a1, s3, a1
core   0: 3 0x8000ab62 (0x00b9c5b3) x11 0xfffff80e
core   0: 0x8000ab66 (0x00f14e03) lbu     t3, 15(sp)
core   0: 3 0x8000ab66 (0x00f14e03) x28 0x000000b9 mem 0x8001041b
core   0: 0x8000ab6a (0x0000658d) c.lui   a1, 0x3
core   0: 3 0x8000ab6a (0x658d) x11 0x00003000
core   0: 0x8000ab6c (0xfeb10da3) sb      a1, -5(sp)
core   0: 3 0x8000ab6c (0xfeb10da3) mem 0x80010407 0x0
core   0: 0x8000ab70 (0xff710983) lb      s3, -9(sp)
core   0: 3 0x8000ab70 (0xff710983) x19 0x00000000 mem 0x80010403
core   0: 0x8000ab74 (0x000089bd) c.andi  a1, 15
core   0: 3 0x8000ab74 (0x89bd) x11 0x00000000
core   0: 0x8000ab76 (0x01b9d513) srli    a0, s3, 27
core   0: 3 0x8000ab76 (0x01b9d513) x10 0x00000000
core   0: 0x8000ab7a (0x000015fd) c.addi  a1, -1
core   0: 3 0x8000ab7a (0x15fd) x11 0xffffffff
core   0: 0x8000ab7c (0x000049a2) c.lwsp  s3, 8(sp)
core   0: 3 0x8000ab7c (0x49a2) x19 0x2dd5b2d1 mem 0x80010414
core   0: 0x8000ab7e (0x0000c20e) c.swsp  gp, 4(sp)
core   0: 3 0x8000ab7e (0xc20e) mem 0x80010410 0xfffffe47
core   0: 0x8000ab80 (0xff010303) lb      t1, -16(sp)
core   0: 3 0x8000ab80 (0xff010303) x 6 0x00000059 mem 0x800103fc
core   0: 0x8000ab84 (0xff015303) lhu     t1, -16(sp)
core   0: 3 0x8000ab84 (0xff015303) x 6 0x00000059 mem 0x800103fc
core   0: 0x8000ab88 (0x00a10323) sb      a0, 6(sp)
core   0: 3 0x8000ab88 (0x00a10323) mem 0x80010412 0x0
core   0: 0x8000ab8c (0xe15e7593) andi    a1, t3, -491
core   0: 3 0x8000ab8c (0xe15e7593) x11 0x00000011
core   0: 0x8000ab90 (0x00004312) c.lwsp  t1, 4(sp)
core   0: 3 0x8000ab90 (0x4312) x 6 0xff00fe47 mem 0x80010410
core   0: 0x8000ab92 (0x0000c64e) c.swsp  s3, 12(sp)
core   0: 3 0x8000ab92 (0xc64e) mem 0x80010418 0x2dd5b2d1
core   0: 0x8000ab94 (0x00008d29) c.xor   a0, a0
core   0: 3 0x8000ab94 (0x8d29) x10 0x00000000
core   0: 0x8000ab96 (0x01399313) slli    t1, s3, 19
core   0: 3 0x8000ab96 (0x01399313) x 6 0x96880000
core   0: 0x8000ab9a (0x00000001) c.nop
core   0: 3 0x8000ab9a (0x0001)
core   0: 0x8000ab9c (0x01835593) srli    a1, t1, 24
core   0: 3 0x8000ab9c (0x01835593) x11 0x00000096
core   0: 0x8000aba0 (0x00914983) lbu     s3, 9(sp)
core   0: 3 0x8000aba0 (0x00914983) x19 0x000000b2 mem 0x80010415
core   0: 0x8000aba4 (0x46053313) sltiu   t1, a0, 1120
core   0: 3 0x8000aba4 (0x46053313) x 6 0x00000001
core   0: 0x8000aba8 (0xfff14183) lbu     gp, -1(sp)
core   0: 3 0x8000aba8 (0xfff14183) x 3 0x000000ca mem 0x8001040b
core   0: 0x8000abac (0x00d14583) lbu     a1, 13(sp)
core   0: 3 0x8000abac (0x00d14583) x11 0x000000b2 mem 0x80010419
core   0: 0x8000abb0 (0x023315b3) mulh    a1, t1, gp
core   0: 3 0x8000abb0 (0x023315b3) x11 0x00000000
core   0: 0x8000abb4 (0x0000434d) c.li    t1, 19
core   0: 3 0x8000abb4 (0x434d) x 6 0x00000013
core   0: 0x8000abb6 (0x013375b3) and     a1, t1, s3
core   0: 3 0x8000abb6 (0x013375b3) x11 0x00000012
core   0: 0x8000abba (0xffe10503) lb      a0, -2(sp)
core   0: 3 0x8000abba (0xffe10503) x10 0x00000042 mem 0x8001040a
core   0: 0x8000abbe (0x0000c82a) c.swsp  a0, 16(sp)
core   0: 3 0x8000abbe (0xc82a) mem 0x8001041c 0x00000042
core   0: 0x8000abc0 (0x0000930e) c.add   t1, gp
core   0: 3 0x8000abc0 (0x930e) x 6 0x000000dd
core   0: 0x8000abc2 (0x01c11723) sh      t3, 14(sp)
core   0: 3 0x8000abc2 (0x01c11723) mem 0x8001041a 0x00b9
core   0: 0x8000abc6 (0x01600c6f) jal     s8, pc + 0x16
core   0: 3 0x8000abc6 (0x01600c6f) x24 0x8000abca
core   0: 0x8000abdc (0x014000ef) jal     pc + 0x14
core   0: 3 0x8000abdc (0x014000ef) x 1 0x8000abe0
core   0: 0x8000abf0 (0x0000bffd) c.j     pc - 2
core   0: 3 0x8000abf0 (0xbffd)
core   0: 0x8000abee (0x00003fe5) c.jal   pc - 8
core   0: 3 0x8000abee (0x3fe5) x 1 0x8000abf0
core   0: 0x8000abe6 (0x00003fed) c.jal   pc - 6
core   0: 3 0x8000abe6 (0x3fed) x 1 0x8000abe8
core   0: 0x8000abe0 (0xff9ff0ef) jal     pc - 0x8
core   0: 3 0x8000abe0 (0xff9ff0ef) x 1 0x8000abe4
core   0: 0x8000abd8 (0x0000bff5) c.j     pc - 4
core   0: 3 0x8000abd8 (0xbff5)
core   0: 0x8000abd4 (0x00003fdd) c.jal   pc - 10
core   0: 3 0x8000abd4 (0x3fdd) x 1 0x8000abd6
core   0: 0x8000abca (0x01a00c6f) jal     s8, pc + 0x1a
core   0: 3 0x8000abca (0x01a00c6f) x24 0x8000abce
core   0: 0x8000abe4 (0x0000b7f5) c.j     pc - 20
core   0: 3 0x8000abe4 (0xb7f5)
core   0: 0x8000abd0 (0x01c0036f) jal     t1, pc + 0x1c
core   0: 3 0x8000abd0 (0x01c0036f) x 6 0x8000abd4
core   0: 0x8000abec (0x0000b7fd) c.j     pc - 18
core   0: 3 0x8000abec (0xb7fd)
core   0: 0x8000abda (0x00003ff5) c.jal   pc - 4
core   0: 3 0x8000abda (0x3ff5) x 1 0x8000abdc
core   0: 0x8000abd6 (0x0000a811) c.j     pc + 20
core   0: 3 0x8000abd6 (0xa811)
core   0: 0x8000abea (0x0000bffd) c.j     pc - 2
core   0: 3 0x8000abea (0xbffd)
core   0: 0x8000abe8 (0x0000b7dd) c.j     pc - 26
core   0: 3 0x8000abe8 (0xb7dd)
core   0: 0x8000abce (0x0000a015) c.j     pc + 36
core   0: 3 0x8000abce (0xa015)
core   0: 0x8000abf2 (0xd8c06f13) ori     t5, zero, -628
core   0: 3 0x8000abf2 (0xd8c06f13) x30 0xfffffd8c
core   0: 0x8000abf6 (0x00005097) auipc   ra, 0x5
core   0: 3 0x8000abf6 (0x00005097) x 1 0x8000fbf6
core   0: 0x8000abfa (0x6f808093) addi    ra, ra, 1784
core   0: 3 0x8000abfa (0x6f808093) x 1 0x800102ee
core   0: 0x8000abfe (0x0040c603) lbu     a2, 4(ra)
core   0: 3 0x8000abfe (0x0040c603) x12 0x000000c3 mem 0x800102f2
core   0: 0x8000ac02 (0xffd08e03) lb      t3, -3(ra)
core   0: 3 0x8000ac02 (0xffd08e03) x28 0x0000007d mem 0x800102eb
core   0: 0x8000ac06 (0xffa09a23) sh      s10, -12(ra)
core   0: 3 0x8000ac06 (0xffa09a23) mem 0x800102e2 0x0000
core   0: 0x8000ac0a (0xff40d903) lhu     s2, -12(ra)
core   0: 3 0x8000ac0a (0xff40d903) x18 0x00000000 mem 0x800102e2
core   0: 0x8000ac0e (0x00f0cb03) lbu     s6, 15(ra)
core   0: 3 0x8000ac0e (0x00f0cb03) x22 0x00000089 mem 0x800102fd
core   0: 0x8000ac12 (0x013087a3) sb      s3, 15(ra)
core   0: 3 0x8000ac12 (0x013087a3) mem 0x800102fd 0xb2
core   0: 0x8000ac16 (0xff809683) lh      a3, -8(ra)
core   0: 3 0x8000ac16 (0xff809683) x13 0xffff9256 mem 0x800102e6
core   0: 0x8000ac1a (0x00f0ce83) lbu     t4, 15(ra)
core   0: 3 0x8000ac1a (0x00f0ce83) x29 0x000000b2 mem 0x800102fd
core   0: 0x8000ac1e (0x018ab633) sltu    a2, s5, s8
core   0: 3 0x8000ac1e (0x018ab633) x12 0x00000000
core   0: 0x8000ac22 (0x027cdcb3) divu    s9, s9, t2
core   0: 3 0x8000ac22 (0x027cdcb3) x25 0x00000000
core   0: 0x8000ac26 (0x0080c783) lbu     a5, 8(ra)
core   0: 3 0x8000ac26 (0x0080c783) x15 0x00000060 mem 0x800102f6
core   0: 0x8000ac2a (0x00e084a3) sb      a4, 9(ra)
core   0: 3 0x8000ac2a (0x00e084a3) mem 0x800102f7 0xb2
core   0: 0x8000ac2e (0xff10c003) lbu     zero, -15(ra)
core   0: 3 0x8000ac2e (0xff10c003) mem 0x800102df
core   0: 0x8000ac32 (0xff108f83) lb      t6, -15(ra)
core   0: 3 0x8000ac32 (0xff108f83) x31 0xfffffff2 mem 0x800102df
core   0: 0x8000ac36 (0xff10ce03) lbu     t3, -15(ra)
core   0: 3 0x8000ac36 (0xff10ce03) x28 0x000000f2 mem 0x800102df
core   0: 0x8000ac3a (0x000fdd93) srli    s11, t6, 0
core   0: 3 0x8000ac3a (0x000fdd93) x27 0xfffffff2
core   0: 0x8000ac3e (0x0ff0000f) fence   iorw,iorw
core   0: 3 0x8000ac3e (0x0ff0000f)
core   0: 0x8000ac42 (0x002b16b3) sll     a3, s6, sp
core   0: 3 0x8000ac42 (0x002b16b3) x13 0x00089000
core   0: 0x8000ac46 (0x401bd893) srai    a7, s7, 1
core   0: 3 0x8000ac46 (0x401bd893) x17 0x00000000
core   0: 0x8000ac4a (0x016dfd33) and     s10, s11, s6
core   0: 3 0x8000ac4a (0x016dfd33) x26 0x00000080
core   0: 0x8000ac4e (0xff10cf03) lbu     t5, -15(ra)
core   0: 3 0x8000ac4e (0xff10cf03) x30 0x000000f2 mem 0x800102df
core   0: 0x8000ac52 (0xff10cd83) lbu     s11, -15(ra)
core   0: 3 0x8000ac52 (0xff10cd83) x27 0x000000f2 mem 0x800102df
core   0: 0x8000ac56 (0xff408ca3) sb      s4, -7(ra)
core   0: 3 0x8000ac56 (0xff408ca3) mem 0x800102e7 0x0
core   0: 0x8000ac5a (0x00008b17) auipc   s6, 0x8
core   0: 3 0x8000ac5a (0x00008b17) x22 0x80012c5a
core   0: 0x8000ac5e (0x13fb0b13) addi    s6, s6, 319
core   0: 3 0x8000ac5e (0x13fb0b13) x22 0x80012d99
core   0: 0x8000ac62 (0x00006117) auipc   sp, 0x6
core   0: 3 0x8000ac62 (0x00006117) x 2 0x80010c62
core   0: 0x8000ac66 (0xcdc10113) addi    sp, sp, -804
core   0: 3 0x8000ac66 (0xcdc10113) x 2 0x8001093e
core   0: 0x8000ac6a (0x86fb2383) lw      t2, -1937(s6)
core   0: 3 0x8000ac6a (0x86fb2383) x 7 0xdeef95dd mem 0x80012608
core   0: 0x8000ac6e (0xe85b0983) lb      s3, -379(s6)
core   0: 3 0x8000ac6e (0xe85b0983) x19 0xffffffbe mem 0x80012c1e
core   0: 0x8000ac72 (0xb15b1f83) lh      t6, -1259(s6)
core   0: 3 0x8000ac72 (0xb15b1f83) x31 0xffffb753 mem 0x800128ae
core   0: 0x8000ac76 (0x6d6b07a3) sb      s6, 1743(s6)
core   0: 3 0x8000ac76 (0x6d6b07a3) mem 0x80013468 0x99
core   0: 0x8000ac7a (0x9bdb5f83) lhu     t6, -1603(s6)
core   0: 3 0x8000ac7a (0x9bdb5f83) x31 0x00005821 mem 0x80012756
core   0: 0x8000ac7e (0xffa11183) lh      gp, -6(sp)
core   0: 3 0x8000ac7e (0xffa11183) x 3 0xffffdacc mem 0x80010938
core   0: 0x8000ac82 (0xdabb07a3) sb      a1, -593(s6)
core   0: 3 0x8000ac82 (0xdabb07a3) mem 0x80012b48 0x12
core   0: 0x8000ac86 (0xf50b0f03) lb      t5, -176(s6)
core   0: 3 0x8000ac86 (0xf50b0f03) x30 0x00000001 mem 0x80012ce9
core   0: 0x8000ac8a (0xf1512923) sw      s5, -238(sp)
core   0: 3 0x8000ac8a (0xf1512923) mem 0x80010850 0xffff8002
core   0: 0x8000ac8e (0x0e811383) lh      t2, 232(sp)
core   0: 3 0x8000ac8e (0x0e811383) x 7 0x0000097b mem 0x80010a26
core   0: 0x8000ac92 (0xb0cb0983) lb      s3, -1268(s6)
core   0: 3 0x8000ac92 (0xb0cb0983) x19 0x0000004a mem 0x800128a5
core   0: 0x8000ac96 (0xcbeb14a3) sh      t5, -855(s6)
core   0: 3 0x8000ac96 (0xcbeb14a3) mem 0x80012a42 0x0001
core   0: 0x8000ac9a (0xff710a83) lb      s5, -9(sp)
core   0: 3 0x8000ac9a (0xff710a83) x21 0xffffffb5 mem 0x80010935
core   0: 0x8000ac9e (0xfe814d03) lbu     s10, -24(sp)
core   0: 3 0x8000ac9e (0xfe814d03) x26 0x00000027 mem 0x80010926
core   0: 0x8000aca2 (0xffc00113) li      sp, -4
core   0: 3 0x8000aca2 (0xffc00113) x 2 0xfffffffc
core   0: 0x8000aca6 (0x022a7f33) remu    t5, s4, sp
core   0: 3 0x8000aca6 (0x022a7f33) x30 0x80000000
core   0: 0x8000acaa (0x01078333) add     t1, a5, a6
core   0: 3 0x8000acaa (0x01078333) x 6 0x80025e58
core   0: 0x8000acae (0xfec00893) li      a7, -20
core   0: 3 0x8000acae (0xfec00893) x17 0xffffffec
core   0: 0x8000acb2 (0x00000001) c.nop
core   0: 3 0x8000acb2 (0x0001)
core   0: 0x8000acb4 (0x00a8bc33) sltu    s8, a7, a0
core   0: 3 0x8000acb4 (0x00a8bc33) x24 0x00000000
core   0: 0x8000acb8 (0x019662b3) or      t0, a2, s9
core   0: 3 0x8000acb8 (0x019662b3) x 5 0x00000000
core   0: 0x8000acbc (0x00001165) c.addi  sp, -7
core   0: 3 0x8000acbc (0x1165) x 2 0xfffffff5
core   0: 0x8000acbe (0x00000001) c.nop
core   0: 3 0x8000acbe (0x0001)
core   0: 0x8000acc0 (0x00008e85) c.sub   a3, s1
core   0: 3 0x8000acc0 (0x8e85) x13 0x8005f31c
core   0: 0x8000acc2 (0xa93ca217) auipc   tp, 0xa93ca
core   0: 3 0x8000acc2 (0xa93ca217) x 4 0x293d4cc2
core   0: 0x8000acc6 (0xff600793) li      a5, -10
core   0: 3 0x8000acc6 (0xff600793) x15 0xfffffff6
core   0: 0x8000acca (0x000099fd) c.andi  a1, -1
core   0: 3 0x8000acca (0x99fd) x11 0x00000012
core   0: 0x8000accc (0x01fe3f33) sltu    t5, t3, t6
core   0: 3 0x8000accc (0x01fe3f33) x30 0x00000001
core   0: 0x8000acd0 (0x000002ca) c.slli  t0, 18
core   0: 3 0x8000acd0 (0x02ca) x 5 0x00000000
core   0: 0x8000acd2 (0x00100393) li      t2, 1
core   0: 3 0x8000acd2 (0x00100393) x 7 0x00000001
core   0: 0x8000acd6 (0x006b4333) xor     t1, s6, t1
core   0: 3 0x8000acd6 (0x006b4333) x 6 0x000373c1
core   0: 0x8000acda (0x02d5f333) remu    t1, a1, a3
core   0: 3 0x8000acda (0x02d5f333) x 6 0x00000012
core   0: 0x8000acde (0x00000e0e) c.slli  t3, 3
core   0: 3 0x8000acde (0x0e0e) x28 0x00000790
core   0: 0x8000ace0 (0x01d742b3) xor     t0, a4, t4
core   0: 3 0x8000ace0 (0x01d742b3) x 5 0x00000200
core   0: 0x8000ace4 (0x0000079d) c.addi  a5, 7
core   0: 3 0x8000ace4 (0x079d) x15 0xfffffffd
core   0: 0x8000ace6 (0xfe77e8e3) bltu    a5, t2, pc - 16
core   0: 3 0x8000ace6 (0xfe77e8e3)
core   0: 0x8000acea (0x00000001) c.nop
core   0: 3 0x8000acea (0x0001)
core   0: 0x8000acec (0xfd1156e3) bge     sp, a7, pc - 52
core   0: 3 0x8000acec (0xfd1156e3)
core   0: 0x8000acb8 (0x019662b3) or      t0, a2, s9
core   0: 3 0x8000acb8 (0x019662b3) x 5 0x00000000
core   0: 0x8000acbc (0x00001165) c.addi  sp, -7
core   0: 3 0x8000acbc (0x1165) x 2 0xffffffee
core   0: 0x8000acbe (0x00000001) c.nop
core   0: 3 0x8000acbe (0x0001)
core   0: 0x8000acc0 (0x00008e85) c.sub   a3, s1
core   0: 3 0x8000acc0 (0x8e85) x13 0x00035638
core   0: 0x8000acc2 (0xa93ca217) auipc   tp, 0xa93ca
core   0: 3 0x8000acc2 (0xa93ca217) x 4 0x293d4cc2
core   0: 0x8000acc6 (0xff600793) li      a5, -10
core   0: 3 0x8000acc6 (0xff600793) x15 0xfffffff6
core   0: 0x8000acca (0x000099fd) c.andi  a1, -1
core   0: 3 0x8000acca (0x99fd) x11 0x00000012
core   0: 0x8000accc (0x01fe3f33) sltu    t5, t3, t6
core   0: 3 0x8000accc (0x01fe3f33) x30 0x00000001
core   0: 0x8000acd0 (0x000002ca) c.slli  t0, 18
core   0: 3 0x8000acd0 (0x02ca) x 5 0x00000000
core   0: 0x8000acd2 (0x00100393) li      t2, 1
core   0: 3 0x8000acd2 (0x00100393) x 7 0x00000001
core   0: 0x8000acd6 (0x006b4333) xor     t1, s6, t1
core   0: 3 0x8000acd6 (0x006b4333) x 6 0x80012d8b
core   0: 0x8000acda (0x02d5f333) remu    t1, a1, a3
core   0: 3 0x8000acda (0x02d5f333) x 6 0x00000012
core   0: 0x8000acde (0x00000e0e) c.slli  t3, 3
core   0: 3 0x8000acde (0x0e0e) x28 0x00003c80
core   0: 0x8000ace0 (0x01d742b3) xor     t0, a4, t4
core   0: 3 0x8000ace0 (0x01d742b3) x 5 0x00000200
core   0: 0x8000ace4 (0x0000079d) c.addi  a5, 7
core   0: 3 0x8000ace4 (0x079d) x15 0xfffffffd
core   0: 0x8000ace6 (0xfe77e8e3) bltu    a5, t2, pc - 16
core   0: 3 0x8000ace6 (0xfe77e8e3)
core   0: 0x8000acea (0x00000001) c.nop
core   0: 3 0x8000acea (0x0001)
core   0: 0x8000acec (0xfd1156e3) bge     sp, a7, pc - 52
core   0: 3 0x8000acec (0xfd1156e3)
core   0: 0x8000acb8 (0x019662b3) or      t0, a2, s9
core   0: 3 0x8000acb8 (0x019662b3) x 5 0x00000000
core   0: 0x8000acbc (0x00001165) c.addi  sp, -7
core   0: 3 0x8000acbc (0x1165) x 2 0xffffffe7
core   0: 0x8000acbe (0x00000001) c.nop
core   0: 3 0x8000acbe (0x0001)
core   0: 0x8000acc0 (0x00008e85) c.sub   a3, s1
core   0: 3 0x8000acc0 (0x8e85) x13 0x8000b954
core   0: 0x8000acc2 (0xa93ca217) auipc   tp, 0xa93ca
core   0: 3 0x8000acc2 (0xa93ca217) x 4 0x293d4cc2
core   0: 0x8000acc6 (0xff600793) li      a5, -10
core   0: 3 0x8000acc6 (0xff600793) x15 0xfffffff6
core   0: 0x8000acca (0x000099fd) c.andi  a1, -1
core   0: 3 0x8000acca (0x99fd) x11 0x00000012
core   0: 0x8000accc (0x01fe3f33) sltu    t5, t3, t6
core   0: 3 0x8000accc (0x01fe3f33) x30 0x00000001
core   0: 0x8000acd0 (0x000002ca) c.slli  t0, 18
core   0: 3 0x8000acd0 (0x02ca) x 5 0x00000000
core   0: 0x8000acd2 (0x00100393) li      t2, 1
core   0: 3 0x8000acd2 (0x00100393) x 7 0x00000001
core   0: 0x8000acd6 (0x006b4333) xor     t1, s6, t1
core   0: 3 0x8000acd6 (0x006b4333) x 6 0x80012d8b
core   0: 0x8000acda (0x02d5f333) remu    t1, a1, a3
core   0: 3 0x8000acda (0x02d5f333) x 6 0x00000012
core   0: 0x8000acde (0x00000e0e) c.slli  t3, 3
core   0: 3 0x8000acde (0x0e0e) x28 0x0001e400
core   0: 0x8000ace0 (0x01d742b3) xor     t0, a4, t4
core   0: 3 0x8000ace0 (0x01d742b3) x 5 0x00000200
core   0: 0x8000ace4 (0x0000079d) c.addi  a5, 7
core   0: 3 0x8000ace4 (0x079d) x15 0xfffffffd
core   0: 0x8000ace6 (0xfe77e8e3) bltu    a5, t2, pc - 16
core   0: 3 0x8000ace6 (0xfe77e8e3)
core   0: 0x8000acea (0x00000001) c.nop
core   0: 3 0x8000acea (0x0001)
core   0: 0x8000acec (0xfd1156e3) bge     sp, a7, pc - 52
core   0: 3 0x8000acec (0xfd1156e3)
core   0: 0x8000acf0 (0x0000100f) fence.i
core   0: 3 0x8000acf0 (0x0000100f)
core   0: 0x8000acf4 (0x00012417) auipc   s0, 0x12
core   0: 3 0x8000acf4 (0x00012417) x 8 0x8001ccf4
core   0: 0x8000acf8 (0x7b240413) addi    s0, s0, 1970
core   0: 3 0x8000acf8 (0x7b240413) x 8 0x8001d4a6
core   0: 0x8000acfc (0x0000bb97) auipc   s7, 0xb
core   0: 3 0x8000acfc (0x0000bb97) x23 0x80015cfc
core   0: 0x8000ad00 (0x4d5b8b93) addi    s7, s7, 1237
core   0: 3 0x8000ad00 (0x4d5b8b93) x23 0x800161d1
core   0: 0x8000ad04 (0xfba40b23) sb      s10, -74(s0)
core   0: 3 0x8000ad04 (0xfba40b23) mem 0x8001d45c 0x27
core   0: 0x8000ad08 (0xfddb9a83) lh      s5, -35(s7)
core   0: 3 0x8000ad08 (0xfddb9a83) x21 0x000024e2 mem 0x800161ae
core   0: 0x8000ad0c (0x0000a697) auipc   a3, 0xa
core   0: 3 0x8000ad0c (0x0000a697) x13 0x80014d0c
core   0: 0x8000ad10 (0x51468693) addi    a3, a3, 1300
core   0: 3 0x8000ad10 (0x51468693) x13 0x80015220
core   0: 0x8000ad14 (0x00015117) auipc   sp, 0x15
core   0: 3 0x8000ad14 (0x00015117) x 2 0x8001fd14
core   0: 0x8000ad18 (0xf6810113) addi    sp, sp, -152
core   0: 3 0x8000ad18 (0xf6810113) x 2 0x8001fc7c
core   0: 0x8000ad1c (0x0096c203) lbu     tp, 9(a3)
core   0: 3 0x8000ad1c (0x0096c203) x 4 0x00000071 mem 0x80015229
core   0: 0x8000ad20 (0x00016897) auipc   a7, 0x16
core   0: 3 0x8000ad20 (0x00016897) x17 0x80020d20
core   0: 0x8000ad24 (0x0d288893) addi    a7, a7, 210
core   0: 3 0x8000ad24 (0x0d288893) x17 0x80020df2
core   0: 0x8000ad28 (0xffe88ba3) sb      t5, -9(a7)
core   0: 3 0x8000ad28 (0xffe88ba3) mem 0x80020de9 0x1
core   0: 0x8000ad2c (0xfe010aa3) sb      zero, -11(sp)
core   0: 3 0x8000ad2c (0xfe010aa3) mem 0x8001fc71 0x0
core   0: 0x8000ad30 (0x00cb8983) lb      s3, 12(s7)
core   0: 3 0x8000ad30 (0x00cb8983) x19 0x0000003c mem 0x800161dd
core   0: 0x8000ad34 (0x00c8ca83) lbu     s5, 12(a7)
core   0: 3 0x8000ad34 (0x00c8ca83) x21 0x0000004d mem 0x80020dfe
core   0: 0x8000ad38 (0xff669b03) lh      s6, -10(a3)
core   0: 3 0x8000ad38 (0xff669b03) x22 0xffffcdfa mem 0x80015216
core   0: 0x8000ad3c (0x0d841583) lh      a1, 216(s0)
core   0: 3 0x8000ad3c (0x0d841583) x11 0x00006d9d mem 0x8001d57e
core   0: 0x8000ad40 (0x040b8f83) lb      t6, 64(s7)
core   0: 3 0x8000ad40 (0x040b8f83) x31 0xffffffe0 mem 0x80016211
core   0: 0x8000ad44 (0x0098cc83) lbu     s9, 9(a7)
core   0: 3 0x8000ad44 (0x0098cc83) x25 0x000000fa mem 0x80020dfb
core   0: 0x8000ad48 (0x00910603) lb      a2, 9(sp)
core   0: 3 0x8000ad48 (0x00910603) x12 0x00000064 mem 0x8001fc85
core   0: 0x8000ad4c (0x01bbd203) lhu     tp, 27(s7)
core   0: 3 0x8000ad4c (0x01bbd203) x 4 0x0000cd72 mem 0x800161ec
core   0: 0x8000ad50 (0x029b8203) lb      tp, 41(s7)
core   0: 3 0x8000ad50 (0x029b8203) x 4 0xffffffa9 mem 0x800161fa
core   0: 0x8000ad54 (0x004bc783) lbu     a5, 4(s7)
core   0: 3 0x8000ad54 (0x004bc783) x15 0x00000031 mem 0x800161d5
core   0: 0x8000ad58 (0x00310383) lb      t2, 3(sp)
core   0: 3 0x8000ad58 (0x00310383) x 7 0x00000065 mem 0x8001fc7f
core   0: 0x8000ad5c (0x003ba783) lw      a5, 3(s7)
core   0: 3 0x8000ad5c (0x003ba783) x15 0xad323114 mem 0x800161d4
core   0: 0x8000ad60 (0xfec45303) lhu     t1, -20(s0)
core   0: 3 0x8000ad60 (0xfec45303) x 6 0x00001101 mem 0x8001d492
core   0: 0x8000ad64 (0xfc6b8083) lb      ra, -58(s7)
core   0: 3 0x8000ad64 (0xfc6b8083) x 1 0xffffff9e mem 0x80016197
core   0: 0x8000ad68 (0xffe8db03) lhu     s6, -2(a7)
core   0: 3 0x8000ad68 (0xffe8db03) x22 0x000023ae mem 0x80020df0
core   0: 0x8000ad6c (0x013bad83) lw      s11, 19(s7)
core   0: 3 0x8000ad6c (0x013bad83) x27 0x542867b2 mem 0x800161e4
core   0: 0x8000ad70 (0x00f68983) lb      s3, 15(a3)
core   0: 3 0x8000ad70 (0x00f68983) x19 0xffffffea mem 0x8001522f
core   0: 0x8000ad74 (0xffa8a283) lw      t0, -6(a7)
core   0: 3 0x8000ad74 (0xffa8a283) x 5 0x2ffd4d40 mem 0x80020dec
core   0: 0x8000ad78 (0x04144c03) lbu     s8, 65(s0)
core   0: 3 0x8000ad78 (0x04144c03) x24 0x0000009c mem 0x8001d4e7
core   0: 0x8000ad7c (0x011683a3) sb      a7, 7(a3)
core   0: 3 0x8000ad7c (0x011683a3) mem 0x80015227 0xf2
core   0: 0x8000ad80 (0x013887a3) sb      s3, 15(a7)
core   0: 3 0x8000ad80 (0x013887a3) mem 0x80020e01 0xea
core   0: 0x8000ad84 (0xfff88b03) lb      s6, -1(a7)
core   0: 3 0x8000ad84 (0xfff88b03) x22 0x00000023 mem 0x80020df1
core   0: 0x8000ad88 (0x00114f03) lbu     t5, 1(sp)
core   0: 3 0x8000ad88 (0x00114f03) x30 0x0000004e mem 0x8001fc7d
core   0: 0x8000ad8c (0xff0bc983) lbu     s3, -16(s7)
core   0: 3 0x8000ad8c (0xff0bc983) x19 0x000000b2 mem 0x800161c1
core   0: 0x8000ad90 (0xfe888fa3) sb      s0, -1(a7)
core   0: 3 0x8000ad90 (0xfe888fa3) mem 0x80020df1 0xa6
core   0: 0x8000ad94 (0xfe688f23) sb      t1, -2(a7)
core   0: 3 0x8000ad94 (0xfe688f23) mem 0x80020df0 0x1
core   0: 0x8000ad98 (0x00268d83) lb      s11, 2(a3)
core   0: 3 0x8000ad98 (0x00268d83) x27 0xffffff93 mem 0x80015222
core   0: 0x8000ad9c (0xf7244783) lbu     a5, -142(s0)
core   0: 3 0x8000ad9c (0xf7244783) x15 0x00000035 mem 0x8001d418
core   0: 0x8000ada0 (0x0106c283) lbu     t0, 16(a3)
core   0: 3 0x8000ada0 (0x0106c283) x 5 0x0000007c mem 0x80015230
core   0: 0x8000ada4 (0xfe788ba3) sb      t2, -9(a7)
core   0: 3 0x8000ada4 (0xfe788ba3) mem 0x80020de9 0x65
core   0: 0x8000ada8 (0x00510e03) lb      t3, 5(sp)
core   0: 3 0x8000ada8 (0x00510e03) x28 0xffffffd8 mem 0x8001fc81
core   0: 0x8000adac (0x016d5713) srli    a4, s10, 22
core   0: 3 0x8000adac (0x016d5713) x14 0x00000000
core   0: 0x8000adb0 (0x04b84a63) blt     a6, a1, pc + 84
core   0: 3 0x8000adb0 (0x04b84a63)
core   0: 0x8000ae04 (0xfe1de013) ori     zero, s11, -31
core   0: 3 0x8000ae04 (0xfe1de013)
core   0: 0x8000ae08 (0x0000cd09) c.beqz  a0, pc + 26
core   0: 3 0x8000ae08 (0xcd09)
core   0: 0x8000ae0a (0x02d27533) remu    a0, tp, a3
core   0: 3 0x8000ae0a (0x02d27533) x10 0x7ffead89
core   0: 0x8000ae0e (0x01780663) beq     a6, s7, pc + 12
core   0: 3 0x8000ae0e (0x01780663)
core   0: 0x8000ae12 (0x022fc333) div     t1, t6, sp
core   0: 3 0x8000ae12 (0x022fc333) x 6 0x00000000
core   0: 0x8000ae16 (0x031b9663) bne     s7, a7, pc + 44
core   0: 3 0x8000ae16 (0x031b9663)
core   0: 0x8000ae42 (0x0ff0000f) fence   iorw,iorw
core   0: 3 0x8000ae42 (0x0ff0000f)
core   0: 0x8000ae46 (0x2c836013) ori     zero, t1, 712
core   0: 3 0x8000ae46 (0x2c836013)
core   0: 0x8000ae4a (0x05fcc463) blt     s9, t6, pc + 72
core   0: 3 0x8000ae4a (0x05fcc463)
core   0: 0x8000ae4e (0x00008c29) c.xor   s0, a0
core   0: 3 0x8000ae4e (0x8c29) x 8 0xffff792f
core   0: 0x8000ae50 (0x75f5f393) andi    t2, a1, 1887
core   0: 3 0x8000ae50 (0x75f5f393) x 7 0x0000051d
core   0: 0x8000ae54 (0x00000001) c.nop
core   0: 3 0x8000ae54 (0x0001)
core   0: 0x8000ae56 (0x0000100f) fence.i
core   0: 3 0x8000ae56 (0x0000100f)
core   0: 0x8000ae5a (0x00389c93) slli    s9, a7, 3
core   0: 3 0x8000ae5a (0x00389c93) x25 0x00106f90
core   0: 0x8000ae5e (0x027af3b3) remu    t2, s5, t2
core   0: 3 0x8000ae5e (0x027af3b3) x 7 0x0000004d
core   0: 0x8000ae62 (0x000099fd) c.andi  a1, -1
core   0: 3 0x8000ae62 (0x99fd) x11 0x00006d9d
core   0: 0x8000ae64 (0x03428db3) mul     s11, t0, s4
core   0: 3 0x8000ae64 (0x03428db3) x27 0x00000000
core   0: 0x8000ae68 (0x0000023a) c.slli  tp, 14
core   0: 3 0x8000ae68 (0x023a) x 4 0xffea4000
core   0: 0x8000ae6a (0x03118d63) beq     gp, a7, pc + 58
core   0: 3 0x8000ae6a (0x03118d63)
core   0: 0x8000ae6e (0x005a77b3) and     a5, s4, t0
core   0: 3 0x8000ae6e (0x005a77b3) x15 0x00000000
core   0: 0x8000ae72 (0xf5f86e13) ori     t3, a6, -161
core   0: 3 0x8000ae72 (0xf5f86e13) x28 0xffffffff
core   0: 0x8000ae76 (0x967c3017) auipc   zero, 0x967c3
core   0: 3 0x8000ae76 (0x967c3017)
core   0: 0x8000ae7a (0x00b20663) beq     tp, a1, pc + 12
core   0: 3 0x8000ae7a (0x00b20663)
core   0: 0x8000ae7e (0x403ad8b3) sra     a7, s5, gp
core   0: 3 0x8000ae7e (0x403ad8b3) x17 0x00000000
core   0: 0x8000ae82 (0x008ae263) bltu    s5, s0, pc + 4
core   0: 3 0x8000ae82 (0x008ae263)
core   0: 0x8000ae86 (0x02d76d63) bltu    a4, a3, pc + 58
core   0: 3 0x8000ae86 (0x02d76d63)
core   0: 0x8000aec0 (0x8bdbf513) andi    a0, s7, -1859
core   0: 3 0x8000aec0 (0x8bdbf513) x10 0x80016091
core   0: 0x8000aec4 (0x01d5c8b3) xor     a7, a1, t4
core   0: 3 0x8000aec4 (0x01d5c8b3) x17 0x00006d2f
core   0: 0x8000aec8 (0x04e57263) bgeu    a0, a4, pc + 68
core   0: 3 0x8000aec8 (0x04e57263)
core   0: 0x8000af0c (0x021c0bb3) mul     s7, s8, ra
core   0: 3 0x8000af0c (0x021c0bb3) x23 0xffffc448
core   0: 0x8000af10 (0x00004579) c.li    a0, 30
core   0: 3 0x8000af10 (0x4579) x10 0x0000001e
core   0: 0x8000af12 (0x00457e33) and     t3, a0, tp
core   0: 3 0x8000af12 (0x00457e33) x28 0x00000000
core   0: 0x8000af16 (0x00f3ea63) bltu    t2, a5, pc + 20
core   0: 3 0x8000af16 (0x00f3ea63)
core   0: 0x8000af1a (0x03d45563) bge     s0, t4, pc + 42
core   0: 3 0x8000af1a (0x03d45563)
core   0: 0x8000af1e (0x0000167d) c.addi  a2, -1
core   0: 3 0x8000af1e (0x167d) x12 0x00000063
core   0: 0x8000af20 (0x000081b5) c.srli  a1, 13
core   0: 3 0x8000af20 (0x81b5) x11 0x00000003
core   0: 0x8000af22 (0x0000c805) c.beqz  s0, pc + 48
core   0: 3 0x8000af22 (0xc805)
core   0: 0x8000af24 (0x0124dc63) bge     s1, s2, pc + 24
core   0: 3 0x8000af24 (0x0124dc63)
core   0: 0x8000af28 (0x00000001) c.nop
core   0: 3 0x8000af28 (0x0001)
core   0: 0x8000af2a (0x00009ba6) c.add   s7, s1
core   0: 3 0x8000af2a (0x9ba6) x23 0x8002612c
core   0: 0x8000af2c (0x00e5ef63) bltu    a1, a4, pc + 30
core   0: 3 0x8000af2c (0x00e5ef63)
core   0: 0x8000af30 (0x020ce2b3) rem     t0, s9, zero
core   0: 3 0x8000af30 (0x020ce2b3) x 5 0x00106f90
core   0: 0x8000af34 (0x05b00263) beq     zero, s11, pc + 68
core   0: 3 0x8000af34 (0x05b00263)
core   0: 0x8000af78 (0x00585733) srl     a4, a6, t0
core   0: 3 0x8000af78 (0x00585733) x14 0x00008002
core   0: 0x8000af7c (0x0036f563) bgeu    a3, gp, pc + 10
core   0: 3 0x8000af7c (0x0036f563)
core   0: 0x8000af80 (0x0000e119) c.bnez  a0, pc + 6
core   0: 3 0x8000af80 (0xe119)
core   0: 0x8000af86 (0x00008e15) c.sub   a2, a3
core   0: 3 0x8000af86 (0x8e15) x12 0x7ffeae43
core   0: 0x8000af88 (0x00008f95) c.sub   a5, a3
core   0: 3 0x8000af88 (0x8f95) x15 0x7ffeade0
core   0: 0x8000af8a (0x039c8733) mul     a4, s9, s9
core   0: 3 0x8000af8a (0x039c8733) x14 0x229e3100
core   0: 0x8000af8e (0x0244e9b3) rem     s3, s1, tp
core   0: 3 0x8000af8e (0x0244e9b3) x19 0xfff61ce4
core   0: 0x8000af92 (0x009cfb63) bgeu    s9, s1, pc + 22
core   0: 3 0x8000af92 (0x009cfb63)
core   0: 0x8000af96 (0x015623b3) slt     t2, a2, s5
core   0: 3 0x8000af96 (0x015623b3) x 7 0x00000000
core   0: 0x8000af9a (0x00000001) c.nop
core   0: 3 0x8000af9a (0x0001)
core   0: 0x8000af9c (0x3dd1ce13) xori    t3, gp, 989
core   0: 3 0x8000af9c (0x3dd1ce13) x28 0xffffd911
core   0: 0x8000afa0 (0x03659963) bne     a1, s6, pc + 50
core   0: 3 0x8000afa0 (0x03659963)
core   0: 0x8000afd2 (0x00000612) c.slli  a2, 4
core   0: 3 0x8000afd2 (0x0612) x12 0xffeae430
core   0: 0x8000afd4 (0x01d97933) and     s2, s2, t4
core   0: 3 0x8000afd4 (0x01d97933) x18 0x00000000
core   0: 0x8000afd8 (0x00008ec9) c.or    a3, a0
core   0: 3 0x8000afd8 (0x8ec9) x13 0x8001523e
core   0: 0x8000afda (0x000086dd) c.srai  a3, 23
core   0: 3 0x8000afda (0x86dd) x13 0xffffff00
core   0: 0x8000afdc (0x0391b533) mulhu   a0, gp, s9
core   0: 3 0x8000afdc (0x0391b533) x10 0x00106f8d
core   0: 0x8000afe0 (0x00008d95) c.sub   a1, a3
core   0: 3 0x8000afe0 (0x8d95) x11 0x00000103
core   0: 0x8000afe2 (0x0ff0000f) fence   iorw,iorw
core   0: 3 0x8000afe2 (0x0ff0000f)
core   0: 0x8000afe6 (0x00009bfd) c.andi  a5, -1
core   0: 3 0x8000afe6 (0x9bfd) x15 0x7ffeade0
core   0: 0x8000afe8 (0x00a3dbb3) srl     s7, t2, a0
core   0: 3 0x8000afe8 (0x00a3dbb3) x23 0x00000000
core   0: 0x8000afec (0xe78f3397) auipc   t2, 0xe78f3
core   0: 3 0x8000afec (0xe78f3397) x 7 0x678fdfec
core   0: 0x8000aff0 (0x021ec763) blt     t4, ra, pc + 46
core   0: 3 0x8000aff0 (0x021ec763)
core   0: 0x8000aff4 (0x00944863) blt     s0, s1, pc + 16
core   0: 3 0x8000aff4 (0x00944863)
core   0: 0x8000aff8 (0x01018433) add     s0, gp, a6
core   0: 3 0x8000aff8 (0x01018433) x 8 0x800238c4
core   0: 0x8000affc (0x00008942) c.mv    s2, a6
core   0: 3 0x8000affc (0x8942) x18 0x80025df8
core   0: 0x8000affe (0x03238263) beq     t2, s2, pc + 36
core   0: 3 0x8000affe (0x03238263)
core   0: 0x8000b002 (0x00009b7d) c.andi  a4, -1
core   0: 3 0x8000b002 (0x9b7d) x14 0x229e3100
core   0: 0x8000b004 (0x00000c41) c.addi  s8, 16
core   0: 3 0x8000b004 (0x0c41) x24 0x000000ac
core   0: 0x8000b006 (0x01bce5b3) or      a1, s9, s11
core   0: 3 0x8000b006 (0x01bce5b3) x11 0x00106f90
core   0: 0x8000b00a (0x00008e69) c.and   a2, a0
core   0: 3 0x8000b00a (0x8e69) x12 0x00006400
core   0: 0x8000b00c (0x05a2ed63) bltu    t0, s10, pc + 90
core   0: 3 0x8000b00c (0x05a2ed63)
core   0: 0x8000b010 (0x020ce663) bltu    s9, zero, pc + 44
core   0: 3 0x8000b010 (0x020ce663)
core   0: 0x8000b014 (0x0178b8b3) sltu    a7, a7, s7
core   0: 3 0x8000b014 (0x0178b8b3) x17 0x00000000
core   0: 0x8000b018 (0x00008dd5) c.or    a1, a3
core   0: 3 0x8000b018 (0x8dd5) x11 0xffffff90
core   0: 0x8000b01a (0x41108433) sub     s0, ra, a7
core   0: 3 0x8000b01a (0x41108433) x 8 0xffffff9e
core   0: 0x8000b01e (0x01336933) or      s2, t1, s3
core   0: 3 0x8000b01e (0x01336933) x18 0xfff61ce4
core   0: 0x8000b022 (0x004adcb3) srl     s9, s5, tp
core   0: 3 0x8000b022 (0x004adcb3) x25 0x0000004d
core   0: 0x8000b026 (0x0000968a) c.add   a3, sp
core   0: 3 0x8000b026 (0x968a) x13 0x8001fb7c
core   0: 0x8000b028 (0x02a299b3) mulh    s3, t0, a0
core   0: 3 0x8000b028 (0x02a299b3) x19 0x0000010e
core   0: 0x8000b02c (0x01a47363) bgeu    s0, s10, pc + 6
core   0: 3 0x8000b02c (0x01a47363)
core   0: 0x8000b032 (0x4130d1b3) sra     gp, ra, s3
core   0: 3 0x8000b032 (0x4130d1b3) x 3 0xffffffff
core   0: 0x8000b036 (0x00000001) c.nop
core   0: 3 0x8000b036 (0x0001)
core   0: 0x8000b038 (0x003bd663) bge     s7, gp, pc + 12
core   0: 3 0x8000b038 (0x003bd663)
core   0: 0x8000b044 (0x0000717d) c.addi16sp sp, -16
core   0: 3 0x8000b044 (0x717d) x 2 0x8001fc6c
core   0: 0x8000b046 (0x00000001) c.nop
core   0: 3 0x8000b046 (0x0001)
core   0: 0x8000b048 (0x03f9c733) div     a4, s3, t6
core   0: 3 0x8000b048 (0x03f9c733) x14 0xfffffff8
core   0: 0x8000b04c (0x01943fb3) sltu    t6, s0, s9
core   0: 3 0x8000b04c (0x01943fb3) x31 0x00000000
core   0: 0x8000b050 (0x000067f5) c.lui   a5, 0x1d
core   0: 3 0x8000b050 (0x67f5) x15 0x0001d000
core   0: 0x8000b052 (0x2e756913) ori     s2, a0, 743
core   0: 3 0x8000b052 (0x2e756913) x18 0x00106fef
core   0: 0x8000b056 (0x44c00c6f) jal     s8, pc + 0x44c
core   0: 3 0x8000b056 (0x44c00c6f) x24 0x8000b05a
core   0: 0x8000b4a2 (0x00008355) c.srli  a4, 21
core   0: 3 0x8000b4a2 (0x8355) x14 0x000007ff
core   0: 0x8000b4a4 (0x01bdc663) blt     s11, s11, pc + 12
core   0: 3 0x8000b4a4 (0x01bdc663)
core   0: 0x8000b4a8 (0x0212b8b3) mulhu   a7, t0, ra
core   0: 3 0x8000b4a8 (0x0212b8b3) x17 0x00106f8f
core   0: 0x8000b4ac (0x001a77b3) and     a5, s4, ra
core   0: 3 0x8000b4ac (0x001a77b3) x15 0x80000000
core   0: 0x8000b4b0 (0xfd480813) addi    a6, a6, -44
core   0: 3 0x8000b4b0 (0xfd480813) x16 0x80025dcc
core   0: 0x8000b4b4 (0x032b48b3) div     a7, s6, s2
core   0: 3 0x8000b4b4 (0x032b48b3) x17 0x00000000
core   0: 0x8000b4b8 (0x02be9733) mulh    a4, t4, a1
core   0: 3 0x8000b4b8 (0x02be9733) x14 0xffffffff
core   0: 0x8000b4bc (0x00c99f13) slli    t5, s3, 12
core   0: 3 0x8000b4bc (0x00c99f13) x30 0x0010e000
core   0: 0x8000b4c0 (0x0000100f) fence.i
core   0: 3 0x8000b4c0 (0x0000100f)
core   0: 0x8000b4c4 (0x0000717d) c.addi16sp sp, -16
core   0: 3 0x8000b4c4 (0x717d) x 2 0x8001fc5c
core   0: 0x8000b4c6 (0x01882223) sw      s8, 4(a6)
core   0: 3 0x8000b4c6 (0x01882223) mem 0x80025dd0 0x8000b05a
core   0: 0x8000b4ca (0xf8ff6cb7) lui     s9, 0xf8ff6
core   0: 3 0x8000b4ca (0xf8ff6cb7) x25 0xf8ff6000
core   0: 0x8000b4ce (0xffe00513) li      a0, -2
core   0: 3 0x8000b4ce (0xffe00513) x10 0xfffffffe
core   0: 0x8000b4d2 (0x0169bbb3) sltu    s7, s3, s6
core   0: 3 0x8000b4d2 (0x0169bbb3) x23 0x00000000
core   0: 0x8000b4d6 (0x03641433) mulh    s0, s0, s6
core   0: 3 0x8000b4d6 (0x03641433) x 8 0xffffffff
core   0: 0x8000b4da (0x4038d193) srai    gp, a7, 3
core   0: 3 0x8000b4da (0x4038d193) x 3 0x00000000
core   0: 0x8000b4de (0x034d1db3) mulh    s11, s10, s4
core   0: 3 0x8000b4de (0x034d1db3) x27 0xffffffec
core   0: 0x8000b4e2 (0x00008409) c.srai  s0, 2
core   0: 3 0x8000b4e2 (0x8409) x 8 0xffffffff
core   0: 0x8000b4e4 (0xda5b6c93) ori     s9, s6, -603
core   0: 3 0x8000b4e4 (0xda5b6c93) x25 0xfffffda7
core   0: 0x8000b4e8 (0x00000001) c.nop
core   0: 3 0x8000b4e8 (0x0001)
core   0: 0x8000b4ea (0x005f88b3) add     a7, t6, t0
core   0: 3 0x8000b4ea (0x005f88b3) x17 0x00106f90
core   0: 0x8000b4ee (0x356c27b7) lui     a5, 0x356c2
core   0: 3 0x8000b4ee (0x356c27b7) x15 0x356c2000
core   0: 0x8000b4f2 (0x4187d713) srai    a4, a5, 24
core   0: 3 0x8000b4f2 (0x4187d713) x14 0x00000035
core   0: 0x8000b4f6 (0x03ca10b3) mulh    ra, s4, t3
core   0: 3 0x8000b4f6 (0x03ca10b3) x 1 0x00001377
core   0: 0x8000b4fa (0x00000f0c) c.addi4spn a1, sp, 912
core   0: 3 0x8000b4fa (0x0f0c) x11 0x8001ffec
core   0: 0x8000b4fc (0x01369193) slli    gp, a3, 19
core   0: 3 0x8000b4fc (0x01369193) x 3 0xdbe00000
core   0: 0x8000b500 (0x030da433) mulhsu  s0, s11, a6
core   0: 3 0x8000b500 (0x030da433) x 8 0xfffffff5
core   0: 0x8000b504 (0xae06c393) xori    t2, a3, -1312
core   0: 3 0x8000b504 (0xae06c393) x 7 0x7ffe019c
core   0: 0x8000b508 (0x00008fa2) c.mv    t6, s0
core   0: 3 0x8000b508 (0x8fa2) x31 0xfffffff5
core   0: 0x8000b50a (0x00000505) c.addi  a0, 1
core   0: 3 0x8000b50a (0x0505) x10 0xffffffff
core   0: 0x8000b50c (0x00999f13) slli    t5, s3, 9
core   0: 3 0x8000b50c (0x00999f13) x30 0x00021c00
core   0: 0x8000b510 (0x0ff0000f) fence   iorw,iorw
core   0: 3 0x8000b510 (0x0ff0000f)
core   0: 0x8000b514 (0x01859233) sll     tp, a1, s8
core   0: 3 0x8000b514 (0x01859233) x 4 0xb0000000
core   0: 0x8000b518 (0x000068f1) c.lui   a7, 0x1c
core   0: 3 0x8000b518 (0x68f1) x17 0x0001c000
core   0: 0x8000b51a (0x0000872a) c.mv    a4, a0
core   0: 3 0x8000b51a (0x872a) x14 0xffffffff
core   0: 0x8000b51c (0x02fdcb33) div     s6, s11, a5
core   0: 3 0x8000b51c (0x02fdcb33) x22 0x00000000
core   0: 0x8000b520 (0x000087de) c.mv    a5, s7
core   0: 3 0x8000b520 (0x87de) x15 0x00000000
core   0: 0x8000b522 (0x0000dd61) c.beqz  a0, pc - 40
core   0: 3 0x8000b522 (0xdd61)
core   0: 0x8000b524 (0x01879333) sll     t1, a5, s8
core   0: 3 0x8000b524 (0x01879333) x 6 0x00000000
core   0: 0x8000b528 (0x00700593) li      a1, 7
core   0: 3 0x8000b528 (0x00700593) x11 0x00000007
core   0: 0x8000b52c (0x01859093) slli    ra, a1, 24
core   0: 3 0x8000b52c (0x01859093) x 1 0x07000000
core   0: 0x8000b530 (0x01845633) srl     a2, s0, s8
core   0: 3 0x8000b530 (0x01845633) x12 0x0000003f
core   0: 0x8000b534 (0x41b7d333) sra     t1, a5, s11
core   0: 3 0x8000b534 (0x41b7d333) x 6 0x00000000
core   0: 0x8000b538 (0x88601f97) auipc   t6, 0x88601
core   0: 3 0x8000b538 (0x88601f97) x31 0x0860c538
core   0: 0x8000b53c (0x35fce213) ori     tp, s9, 863
core   0: 3 0x8000b53c (0x35fce213) x 4 0xffffffff
core   0: 0x8000b540 (0x01706933) or      s2, zero, s7
core   0: 3 0x8000b540 (0x01706933) x18 0x00000000
core   0: 0x8000b544 (0x00000001) c.nop
core   0: 3 0x8000b544 (0x0001)
core   0: 0x8000b546 (0x031e08b3) mul     a7, t3, a7
core   0: 3 0x8000b546 (0x031e08b3) x17 0xbbddc000
core   0: 0x8000b54a (0xd2fc0f97) auipc   t6, 0xd2fc0
core   0: 3 0x8000b54a (0xd2fc0f97) x31 0x52fcb54a
core   0: 0x8000b54e (0x001533b3) sltu    t2, a0, ra
core   0: 3 0x8000b54e (0x001533b3) x 7 0x00000000
core   0: 0x8000b552 (0x038027b3) mulhsu  a5, zero, s8
core   0: 3 0x8000b552 (0x038027b3) x15 0x00000000
core   0: 0x8000b556 (0xfb2ca893) slti    a7, s9, -78
core   0: 3 0x8000b556 (0xfb2ca893) x17 0x00000001
core   0: 0x8000b55a (0x00008e9d) c.sub   a3, a5
core   0: 3 0x8000b55a (0x8e9d) x13 0x8001fb7c
core   0: 0x8000b55c (0x00125f33) srl     t5, tp, ra
core   0: 3 0x8000b55c (0x00125f33) x30 0xffffffff
core   0: 0x8000b560 (0x000015fd) c.addi  a1, -1
core   0: 3 0x8000b560 (0x15fd) x11 0x00000006
core   0: 0x8000b562 (0x41675d93) srai    s11, a4, 22
core   0: 3 0x8000b562 (0x41675d93) x27 0xffffffff
core   0: 0x8000b566 (0x403cd093) srai    ra, s9, 3
core   0: 3 0x8000b566 (0x403cd093) x 1 0xffffffb4
core   0: 0x8000b56a (0x00001c94) c.addi4spn a3, sp, 624
core   0: 3 0x8000b56a (0x1c94) x13 0x8001fecc
core   0: 0x8000b56c (0x036aecb3) rem     s9, s5, s6
core   0: 3 0x8000b56c (0x036aecb3) x25 0x0000004d
core   0: 0x8000b570 (0x8c8d2e13) slti    t3, s10, -1848
core   0: 3 0x8000b570 (0x8c8d2e13) x28 0x00000000
core   0: 0x8000b574 (0xbade0693) addi    a3, t3, -1107
core   0: 3 0x8000b574 (0xbade0693) x13 0xfffffbad
core   0: 0x8000b578 (0x01ca7c33) and     s8, s4, t3
core   0: 3 0x8000b578 (0x01ca7c33) x24 0x00000000
core   0: 0x8000b57c (0x0000668d) c.lui   a3, 0x3
core   0: 3 0x8000b57c (0x668d) x13 0x00003000
core   0: 0x8000b57e (0x4ea04417) auipc   s0, 0x4ea04
core   0: 3 0x8000b57e (0x4ea04417) x 8 0xcea0f57e
core   0: 0x8000b582 (0x01c7a0b3) slt     ra, a5, t3
core   0: 3 0x8000b582 (0x01c7a0b3) x 1 0x00000000
core   0: 0x8000b586 (0x01394db3) xor     s11, s2, s3
core   0: 3 0x8000b586 (0x01394db3) x27 0x0000010e
core   0: 0x8000b58a (0x0000f5e1) c.bnez  a1, pc - 56
core   0: 3 0x8000b58a (0xf5e1)
core   0: 0x8000b552 (0x038027b3) mulhsu  a5, zero, s8
core   0: 3 0x8000b552 (0x038027b3) x15 0x00000000
core   0: 0x8000b556 (0xfb2ca893) slti    a7, s9, -78
core   0: 3 0x8000b556 (0xfb2ca893) x17 0x00000000
core   0: 0x8000b55a (0x00008e9d) c.sub   a3, a5
core   0: 3 0x8000b55a (0x8e9d) x13 0x00003000
core   0: 0x8000b55c (0x00125f33) srl     t5, tp, ra
core   0: 3 0x8000b55c (0x00125f33) x30 0xffffffff
core   0: 0x8000b560 (0x000015fd) c.addi  a1, -1
core   0: 3 0x8000b560 (0x15fd) x11 0x00000005
core   0: 0x8000b562 (0x41675d93) srai    s11, a4, 22
core   0: 3 0x8000b562 (0x41675d93) x27 0xffffffff
core   0: 0x8000b566 (0x403cd093) srai    ra, s9, 3
core   0: 3 0x8000b566 (0x403cd093) x 1 0x00000009
core   0: 0x8000b56a (0x00001c94) c.addi4spn a3, sp, 624
core   0: 3 0x8000b56a (0x1c94) x13 0x8001fecc
core   0: 0x8000b56c (0x036aecb3) rem     s9, s5, s6
core   0: 3 0x8000b56c (0x036aecb3) x25 0x0000004d
core   0: 0x8000b570 (0x8c8d2e13) slti    t3, s10, -1848
core   0: 3 0x8000b570 (0x8c8d2e13) x28 0x00000000
core   0: 0x8000b574 (0xbade0693) addi    a3, t3, -1107
core   0: 3 0x8000b574 (0xbade0693) x13 0xfffffbad
core   0: 0x8000b578 (0x01ca7c33) and     s8, s4, t3
core   0: 3 0x8000b578 (0x01ca7c33) x24 0x00000000
core   0: 0x8000b57c (0x0000668d) c.lui   a3, 0x3
core   0: 3 0x8000b57c (0x668d) x13 0x00003000
core   0: 0x8000b57e (0x4ea04417) auipc   s0, 0x4ea04
core   0: 3 0x8000b57e (0x4ea04417) x 8 0xcea0f57e
core   0: 0x8000b582 (0x01c7a0b3) slt     ra, a5, t3
core   0: 3 0x8000b582 (0x01c7a0b3) x 1 0x00000000
core   0: 0x8000b586 (0x01394db3) xor     s11, s2, s3
core   0: 3 0x8000b586 (0x01394db3) x27 0x0000010e
core   0: 0x8000b58a (0x0000f5e1) c.bnez  a1, pc - 56
core   0: 3 0x8000b58a (0xf5e1)
core   0: 0x8000b552 (0x038027b3) mulhsu  a5, zero, s8
core   0: 3 0x8000b552 (0x038027b3) x15 0x00000000
core   0: 0x8000b556 (0xfb2ca893) slti    a7, s9, -78
core   0: 3 0x8000b556 (0xfb2ca893) x17 0x00000000
core   0: 0x8000b55a (0x00008e9d) c.sub   a3, a5
core   0: 3 0x8000b55a (0x8e9d) x13 0x00003000
core   0: 0x8000b55c (0x00125f33) srl     t5, tp, ra
core   0: 3 0x8000b55c (0x00125f33) x30 0xffffffff
core   0: 0x8000b560 (0x000015fd) c.addi  a1, -1
core   0: 3 0x8000b560 (0x15fd) x11 0x00000004
core   0: 0x8000b562 (0x41675d93) srai    s11, a4, 22
core   0: 3 0x8000b562 (0x41675d93) x27 0xffffffff
core   0: 0x8000b566 (0x403cd093) srai    ra, s9, 3
core   0: 3 0x8000b566 (0x403cd093) x 1 0x00000009
core   0: 0x8000b56a (0x00001c94) c.addi4spn a3, sp, 624
core   0: 3 0x8000b56a (0x1c94) x13 0x8001fecc
core   0: 0x8000b56c (0x036aecb3) rem     s9, s5, s6
core   0: 3 0x8000b56c (0x036aecb3) x25 0x0000004d
core   0: 0x8000b570 (0x8c8d2e13) slti    t3, s10, -1848
core   0: 3 0x8000b570 (0x8c8d2e13) x28 0x00000000
core   0: 0x8000b574 (0xbade0693) addi    a3, t3, -1107
core   0: 3 0x8000b574 (0xbade0693) x13 0xfffffbad
core   0: 0x8000b578 (0x01ca7c33) and     s8, s4, t3
core   0: 3 0x8000b578 (0x01ca7c33) x24 0x00000000
core   0: 0x8000b57c (0x0000668d) c.lui   a3, 0x3
core   0: 3 0x8000b57c (0x668d) x13 0x00003000
core   0: 0x8000b57e (0x4ea04417) auipc   s0, 0x4ea04
core   0: 3 0x8000b57e (0x4ea04417) x 8 0xcea0f57e
core   0: 0x8000b582 (0x01c7a0b3) slt     ra, a5, t3
core   0: 3 0x8000b582 (0x01c7a0b3) x 1 0x00000000
core   0: 0x8000b586 (0x01394db3) xor     s11, s2, s3
core   0: 3 0x8000b586 (0x01394db3) x27 0x0000010e
core   0: 0x8000b58a (0x0000f5e1) c.bnez  a1, pc - 56
core   0: 3 0x8000b58a (0xf5e1)
core   0: 0x8000b552 (0x038027b3) mulhsu  a5, zero, s8
core   0: 3 0x8000b552 (0x038027b3) x15 0x00000000
core   0: 0x8000b556 (0xfb2ca893) slti    a7, s9, -78
core   0: 3 0x8000b556 (0xfb2ca893) x17 0x00000000
core   0: 0x8000b55a (0x00008e9d) c.sub   a3, a5
core   0: 3 0x8000b55a (0x8e9d) x13 0x00003000
core   0: 0x8000b55c (0x00125f33) srl     t5, tp, ra
core   0: 3 0x8000b55c (0x00125f33) x30 0xffffffff
core   0: 0x8000b560 (0x000015fd) c.addi  a1, -1
core   0: 3 0x8000b560 (0x15fd) x11 0x00000003
core   0: 0x8000b562 (0x41675d93) srai    s11, a4, 22
core   0: 3 0x8000b562 (0x41675d93) x27 0xffffffff
core   0: 0x8000b566 (0x403cd093) srai    ra, s9, 3
core   0: 3 0x8000b566 (0x403cd093) x 1 0x00000009
core   0: 0x8000b56a (0x00001c94) c.addi4spn a3, sp, 624
core   0: 3 0x8000b56a (0x1c94) x13 0x8001fecc
core   0: 0x8000b56c (0x036aecb3) rem     s9, s5, s6
core   0: 3 0x8000b56c (0x036aecb3) x25 0x0000004d
core   0: 0x8000b570 (0x8c8d2e13) slti    t3, s10, -1848
core   0: 3 0x8000b570 (0x8c8d2e13) x28 0x00000000
core   0: 0x8000b574 (0xbade0693) addi    a3, t3, -1107
core   0: 3 0x8000b574 (0xbade0693) x13 0xfffffbad
core   0: 0x8000b578 (0x01ca7c33) and     s8, s4, t3
core   0: 3 0x8000b578 (0x01ca7c33) x24 0x00000000
core   0: 0x8000b57c (0x0000668d) c.lui   a3, 0x3
core   0: 3 0x8000b57c (0x668d) x13 0x00003000
core   0: 0x8000b57e (0x4ea04417) auipc   s0, 0x4ea04
core   0: 3 0x8000b57e (0x4ea04417) x 8 0xcea0f57e
core   0: 0x8000b582 (0x01c7a0b3) slt     ra, a5, t3
core   0: 3 0x8000b582 (0x01c7a0b3) x 1 0x00000000
core   0: 0x8000b586 (0x01394db3) xor     s11, s2, s3
core   0: 3 0x8000b586 (0x01394db3) x27 0x0000010e
core   0: 0x8000b58a (0x0000f5e1) c.bnez  a1, pc - 56
core   0: 3 0x8000b58a (0xf5e1)
core   0: 0x8000b552 (0x038027b3) mulhsu  a5, zero, s8
core   0: 3 0x8000b552 (0x038027b3) x15 0x00000000
core   0: 0x8000b556 (0xfb2ca893) slti    a7, s9, -78
core   0: 3 0x8000b556 (0xfb2ca893) x17 0x00000000
core   0: 0x8000b55a (0x00008e9d) c.sub   a3, a5
core   0: 3 0x8000b55a (0x8e9d) x13 0x00003000
core   0: 0x8000b55c (0x00125f33) srl     t5, tp, ra
core   0: 3 0x8000b55c (0x00125f33) x30 0xffffffff
core   0: 0x8000b560 (0x000015fd) c.addi  a1, -1
core   0: 3 0x8000b560 (0x15fd) x11 0x00000002
core   0: 0x8000b562 (0x41675d93) srai    s11, a4, 22
core   0: 3 0x8000b562 (0x41675d93) x27 0xffffffff
core   0: 0x8000b566 (0x403cd093) srai    ra, s9, 3
core   0: 3 0x8000b566 (0x403cd093) x 1 0x00000009
core   0: 0x8000b56a (0x00001c94) c.addi4spn a3, sp, 624
core   0: 3 0x8000b56a (0x1c94) x13 0x8001fecc
core   0: 0x8000b56c (0x036aecb3) rem     s9, s5, s6
core   0: 3 0x8000b56c (0x036aecb3) x25 0x0000004d
core   0: 0x8000b570 (0x8c8d2e13) slti    t3, s10, -1848
core   0: 3 0x8000b570 (0x8c8d2e13) x28 0x00000000
core   0: 0x8000b574 (0xbade0693) addi    a3, t3, -1107
core   0: 3 0x8000b574 (0xbade0693) x13 0xfffffbad
core   0: 0x8000b578 (0x01ca7c33) and     s8, s4, t3
core   0: 3 0x8000b578 (0x01ca7c33) x24 0x00000000
core   0: 0x8000b57c (0x0000668d) c.lui   a3, 0x3
core   0: 3 0x8000b57c (0x668d) x13 0x00003000
core   0: 0x8000b57e (0x4ea04417) auipc   s0, 0x4ea04
core   0: 3 0x8000b57e (0x4ea04417) x 8 0xcea0f57e
core   0: 0x8000b582 (0x01c7a0b3) slt     ra, a5, t3
core   0: 3 0x8000b582 (0x01c7a0b3) x 1 0x00000000
core   0: 0x8000b586 (0x01394db3) xor     s11, s2, s3
core   0: 3 0x8000b586 (0x01394db3) x27 0x0000010e
core   0: 0x8000b58a (0x0000f5e1) c.bnez  a1, pc - 56
core   0: 3 0x8000b58a (0xf5e1)
core   0: 0x8000b552 (0x038027b3) mulhsu  a5, zero, s8
core   0: 3 0x8000b552 (0x038027b3) x15 0x00000000
core   0: 0x8000b556 (0xfb2ca893) slti    a7, s9, -78
core   0: 3 0x8000b556 (0xfb2ca893) x17 0x00000000
core   0: 0x8000b55a (0x00008e9d) c.sub   a3, a5
core   0: 3 0x8000b55a (0x8e9d) x13 0x00003000
core   0: 0x8000b55c (0x00125f33) srl     t5, tp, ra
core   0: 3 0x8000b55c (0x00125f33) x30 0xffffffff
core   0: 0x8000b560 (0x000015fd) c.addi  a1, -1
core   0: 3 0x8000b560 (0x15fd) x11 0x00000001
core   0: 0x8000b562 (0x41675d93) srai    s11, a4, 22
core   0: 3 0x8000b562 (0x41675d93) x27 0xffffffff
core   0: 0x8000b566 (0x403cd093) srai    ra, s9, 3
core   0: 3 0x8000b566 (0x403cd093) x 1 0x00000009
core   0: 0x8000b56a (0x00001c94) c.addi4spn a3, sp, 624
core   0: 3 0x8000b56a (0x1c94) x13 0x8001fecc
core   0: 0x8000b56c (0x036aecb3) rem     s9, s5, s6
core   0: 3 0x8000b56c (0x036aecb3) x25 0x0000004d
core   0: 0x8000b570 (0x8c8d2e13) slti    t3, s10, -1848
core   0: 3 0x8000b570 (0x8c8d2e13) x28 0x00000000
core   0: 0x8000b574 (0xbade0693) addi    a3, t3, -1107
core   0: 3 0x8000b574 (0xbade0693) x13 0xfffffbad
core   0: 0x8000b578 (0x01ca7c33) and     s8, s4, t3
core   0: 3 0x8000b578 (0x01ca7c33) x24 0x00000000
core   0: 0x8000b57c (0x0000668d) c.lui   a3, 0x3
core   0: 3 0x8000b57c (0x668d) x13 0x00003000
core   0: 0x8000b57e (0x4ea04417) auipc   s0, 0x4ea04
core   0: 3 0x8000b57e (0x4ea04417) x 8 0xcea0f57e
core   0: 0x8000b582 (0x01c7a0b3) slt     ra, a5, t3
core   0: 3 0x8000b582 (0x01c7a0b3) x 1 0x00000000
core   0: 0x8000b586 (0x01394db3) xor     s11, s2, s3
core   0: 3 0x8000b586 (0x01394db3) x27 0x0000010e
core   0: 0x8000b58a (0x0000f5e1) c.bnez  a1, pc - 56
core   0: 3 0x8000b58a (0xf5e1)
core   0: 0x8000b552 (0x038027b3) mulhsu  a5, zero, s8
core   0: 3 0x8000b552 (0x038027b3) x15 0x00000000
core   0: 0x8000b556 (0xfb2ca893) slti    a7, s9, -78
core   0: 3 0x8000b556 (0xfb2ca893) x17 0x00000000
core   0: 0x8000b55a (0x00008e9d) c.sub   a3, a5
core   0: 3 0x8000b55a (0x8e9d) x13 0x00003000
core   0: 0x8000b55c (0x00125f33) srl     t5, tp, ra
core   0: 3 0x8000b55c (0x00125f33) x30 0xffffffff
core   0: 0x8000b560 (0x000015fd) c.addi  a1, -1
core   0: 3 0x8000b560 (0x15fd) x11 0x00000000
core   0: 0x8000b562 (0x41675d93) srai    s11, a4, 22
core   0: 3 0x8000b562 (0x41675d93) x27 0xffffffff
core   0: 0x8000b566 (0x403cd093) srai    ra, s9, 3
core   0: 3 0x8000b566 (0x403cd093) x 1 0x00000009
core   0: 0x8000b56a (0x00001c94) c.addi4spn a3, sp, 624
core   0: 3 0x8000b56a (0x1c94) x13 0x8001fecc
core   0: 0x8000b56c (0x036aecb3) rem     s9, s5, s6
core   0: 3 0x8000b56c (0x036aecb3) x25 0x0000004d
core   0: 0x8000b570 (0x8c8d2e13) slti    t3, s10, -1848
core   0: 3 0x8000b570 (0x8c8d2e13) x28 0x00000000
core   0: 0x8000b574 (0xbade0693) addi    a3, t3, -1107
core   0: 3 0x8000b574 (0xbade0693) x13 0xfffffbad
core   0: 0x8000b578 (0x01ca7c33) and     s8, s4, t3
core   0: 3 0x8000b578 (0x01ca7c33) x24 0x00000000
core   0: 0x8000b57c (0x0000668d) c.lui   a3, 0x3
core   0: 3 0x8000b57c (0x668d) x13 0x00003000
core   0: 0x8000b57e (0x4ea04417) auipc   s0, 0x4ea04
core   0: 3 0x8000b57e (0x4ea04417) x 8 0xcea0f57e
core   0: 0x8000b582 (0x01c7a0b3) slt     ra, a5, t3
core   0: 3 0x8000b582 (0x01c7a0b3) x 1 0x00000000
core   0: 0x8000b586 (0x01394db3) xor     s11, s2, s3
core   0: 3 0x8000b586 (0x01394db3) x27 0x0000010e
core   0: 0x8000b58a (0x0000f5e1) c.bnez  a1, pc - 56
core   0: 3 0x8000b58a (0xf5e1)
core   0: 0x8000b58c (0x00739093) slli    ra, t2, 7
core   0: 3 0x8000b58c (0x00739093) x 1 0x00000000
core   0: 0x8000b590 (0x00010517) auipc   a0, 0x10
core   0: 3 0x8000b590 (0x00010517) x10 0x8001b590
core   0: 0x8000b594 (0x55b50513) addi    a0, a0, 1371
core   0: 3 0x8000b594 (0x55b50513) x10 0x8001baeb
core   0: 0x8000b598 (0x00f46933) or      s2, s0, a5
core   0: 3 0x8000b598 (0x00f46933) x18 0xcea0f57e
core   0: 0x8000b59c (0xfe850aa3) sb      s0, -11(a0)
core   0: 3 0x8000b59c (0xfe850aa3) mem 0x8001bae0 0x7e
core   0: 0x8000b5a0 (0x02d524a3) sw      a3, 41(a0)
core   0: 3 0x8000b5a0 (0x02d524a3) mem 0x8001bb14 0x00003000
core   0: 0x8000b5a4 (0x00d7fd33) and     s10, a5, a3
core   0: 3 0x8000b5a4 (0x00d7fd33) x26 0x00000000
core   0: 0x8000b5a8 (0xfef50823) sb      a5, -16(a0)
core   0: 3 0x8000b5a8 (0xfef50823) mem 0x8001badb 0x0
core   0: 0x8000b5ac (0x03a7bd33) mulhu   s10, a5, s10
core   0: 3 0x8000b5ac (0x03a7bd33) x26 0x00000000
core   0: 0x8000b5b0 (0x0010a0b3) slt     ra, ra, ra
core   0: 3 0x8000b5b0 (0x0010a0b3) x 1 0x00000000
core   0: 0x8000b5b4 (0xfe955783) lhu     a5, -23(a0)
core   0: 3 0x8000b5b4 (0xfe955783) x15 0x0000c019 mem 0x8001bad4
core   0: 0x8000b5b8 (0x0087f6b3) and     a3, a5, s0
core   0: 3 0x8000b5b8 (0x0087f6b3) x13 0x0000c018
core   0: 0x8000b5bc (0x02d50623) sb      a3, 44(a0)
core   0: 3 0x8000b5bc (0x02d50623) mem 0x8001bb17 0x18
core   0: 0x8000b5c0 (0x03250083) lb      ra, 50(a0)
core   0: 3 0x8000b5c0 (0x03250083) x 1 0x00000028 mem 0x8001bb1d
core   0: 0x8000b5c4 (0x3840a793) slti    a5, ra, 900
core   0: 3 0x8000b5c4 (0x3840a793) x15 0x00000001
core   0: 0x8000b5c8 (0x02d79933) mulh    s2, a5, a3
core   0: 3 0x8000b5c8 (0x02d79933) x18 0x00000000
core   0: 0x8000b5cc (0xfef50b23) sb      a5, -10(a0)
core   0: 3 0x8000b5cc (0xfef50b23) mem 0x8001bae1 0x1
core   0: 0x8000b5d0 (0x01750083) lb      ra, 23(a0)
core   0: 3 0x8000b5d0 (0x01750083) x 1 0x0000002f mem 0x8001bb02
core   0: 0x8000b5d4 (0x02552903) lw      s2, 37(a0)
core   0: 3 0x8000b5d4 (0x02552903) x18 0x69be65d0 mem 0x8001bb10
core   0: 0x8000b5d8 (0x00000001) c.nop
core   0: 3 0x8000b5d8 (0x0001)
core   0: 0x8000b5da (0x0286d7b3) divu    a5, a3, s0
core   0: 3 0x8000b5da (0x0286d7b3) x15 0x00000000
core   0: 0x8000b5de (0x0000844a) c.mv    s0, s2
core   0: 3 0x8000b5de (0x844a) x 8 0x69be65d0
core   0: 0x8000b5e0 (0xfcb54403) lbu     s0, -53(a0)
core   0: 3 0x8000b5e0 (0xfcb54403) x 8 0x00000015 mem 0x8001bab6
core   0: 0x8000b5e4 (0x11594793) xori    a5, s2, 277
core   0: 3 0x8000b5e4 (0x11594793) x15 0x69be64c5
core   0: 0x8000b5e8 (0xfd551d03) lh      s10, -43(a0)
core   0: 3 0x8000b5e8 (0xfd551d03) x26 0xffffcd92 mem 0x8001bac0
core   0: 0x8000b5ec (0x010d5693) srli    a3, s10, 16
core   0: 3 0x8000b5ec (0x010d5693) x13 0x0000ffff
core   0: 0x8000b5f0 (0xfe150923) sb      ra, -14(a0)
core   0: 3 0x8000b5f0 (0xfe150923) mem 0x8001badd 0x2f
core   0: 0x8000b5f4 (0xfe854d03) lbu     s10, -24(a0)
core   0: 3 0x8000b5f4 (0xfe854d03) x26 0x00000078 mem 0x8001bad3
core   0: 0x8000b5f8 (0x02355d03) lhu     s10, 35(a0)
core   0: 3 0x8000b5f8 (0x02355d03) x26 0x00006169 mem 0x8001bb0e
core   0: 0x8000b5fc (0xba8b07b7) lui     a5, 0xba8b0
core   0: 3 0x8000b5fc (0xba8b07b7) x15 0xba8b0000
core   0: 0x8000b600 (0xfda51ba3) sh      s10, -41(a0)
core   0: 3 0x8000b600 (0xfda51ba3) mem 0x8001bac2 0x6169
core   0: 0x8000b604 (0x0ff0000f) fence   iorw,iorw
core   0: 3 0x8000b604 (0x0ff0000f)
core   0: 0x8000b608 (0x00008799) c.srai  a5, 6
core   0: 3 0x8000b608 (0x8799) x15 0xfeea2c00
core   0: 0x8000b60a (0x0216f0b3) remu    ra, a3, ra
core   0: 3 0x8000b60a (0x0216f0b3) x 1 0x00000011
core   0: 0x8000b60e (0xfcf511a3) sh      a5, -61(a0)
core   0: 3 0x8000b60e (0xfcf511a3) mem 0x8001baae 0x2c00
core   0: 0x8000b612 (0x00005d7d) c.li    s10, -1
core   0: 3 0x8000b612 (0x5d7d) x26 0xffffffff
core   0: 0x8000b614 (0x02552083) lw      ra, 37(a0)
core   0: 3 0x8000b614 (0x02552083) x 1 0x69be65d0 mem 0x8001bb10
core   0: 0x8000b618 (0xfcd54903) lbu     s2, -51(a0)
core   0: 3 0x8000b618 (0xfcd54903) x18 0x0000003c mem 0x8001bab8
core   0: 0x8000b61c (0x02d6a7b3) mulhsu  a5, a3, a3
core   0: 3 0x8000b61c (0x02d6a7b3) x15 0x00000000
core   0: 0x8000b620 (0x00008c7d) c.and   s0, a5
core   0: 3 0x8000b620 (0x8c7d) x 8 0x00000000
core   0: 0x8000b622 (0x00b51683) lh      a3, 11(a0)
core   0: 3 0x8000b622 (0x00b51683) x13 0xffffde6f mem 0x8001baf6
core   0: 0x8000b626 (0x40395793) srai    a5, s2, 3
core   0: 3 0x8000b626 (0x40395793) x15 0x00000007
core   0: 0x8000b62a (0xfde54903) lbu     s2, -34(a0)
core   0: 3 0x8000b62a (0xfde54903) x18 0x00000099 mem 0x8001bac9
core   0: 0x8000b62e (0x02d55d03) lhu     s10, 45(a0)
core   0: 3 0x8000b62e (0x02d55d03) x26 0x000064dd mem 0x8001bb18
core   0: 0x8000b632 (0xff954903) lbu     s2, -7(a0)
core   0: 3 0x8000b632 (0xff954903) x18 0x00000072 mem 0x8001bae4
core   0: 0x8000b636 (0x00011517) auipc   a0, 0x11
core   0: 3 0x8000b636 (0x00011517) x10 0x8001c636
core   0: 0x8000b63a (0x58450513) addi    a0, a0, 1412
core   0: 3 0x8000b63a (0x58450513) x10 0x8001cbba
core   0: 0x8000b63e (0x01d81e33) sll     t3, a6, t4
core   0: 3 0x8000b63e (0x01d81e33) x28 0x77300000
core   0: 0x8000b642 (0xf9050d23) sb      a6, -102(a0)
core   0: 3 0x8000b642 (0xf9050d23) mem 0x8001cb54 0xcc
core   0: 0x8000b646 (0xfd051f83) lh      t6, -48(a0)
core   0: 3 0x8000b646 (0xfd051f83) x31 0x000013d1 mem 0x8001cb8a
core   0: 0x8000b64a (0x0e550d83) lb      s11, 229(a0)
core   0: 3 0x8000b64a (0x0e550d83) x27 0xffffffd0 mem 0x8001cc9f
core   0: 0x8000b64e (0x03354103) lbu     sp, 51(a0)
core   0: 3 0x8000b64e (0x03354103) x 2 0x000000a8 mem 0x8001cbed
core   0: 0x8000b652 (0xfa3509a3) sb      gp, -77(a0)
core   0: 3 0x8000b652 (0xfa3509a3) mem 0x8001cb6d 0x0
core   0: 0x8000b656 (0x0001b733) sltu    a4, gp, zero
core   0: 3 0x8000b656 (0x0001b733) x14 0x00000000
core   0: 0x8000b65a (0xf8e52323) sw      a4, -122(a0)
core   0: 3 0x8000b65a (0xf8e52323) mem 0x8001cb40 0x00000000
core   0: 0x8000b65e (0x01eaecb3) or      s9, s5, t5
core   0: 3 0x8000b65e (0x01eaecb3) x25 0xffffffff
core   0: 0x8000b662 (0x04150ea3) sb      ra, 93(a0)
core   0: 3 0x8000b662 (0x04150ea3) mem 0x8001cc17 0xd0
core   0: 0x8000b666 (0x03a50aa3) sb      s10, 53(a0)
core   0: 3 0x8000b666 (0x03a50aa3) mem 0x8001cbef 0xdd
core   0: 0x8000b66a (0xfb550d03) lb      s10, -75(a0)
core   0: 3 0x8000b66a (0xfb550d03) x26 0xffffffd4 mem 0x8001cb6f
core   0: 0x8000b66e (0xf3250c23) sb      s2, -200(a0)
core   0: 3 0x8000b66e (0xf3250c23) mem 0x8001caf2 0x72
core   0: 0x8000b672 (0x07f50683) lb      a3, 127(a0)
core   0: 3 0x8000b672 (0x07f50683) x13 0xffffff91 mem 0x8001cc39
core   0: 0x8000b676 (0x00008e45) c.or    a2, s1
core   0: 3 0x8000b676 (0x8e45) x12 0x80029cff
core   0: 0x8000b678 (0xf7255e83) lhu     t4, -142(a0)
core   0: 3 0x8000b678 (0xf7255e83) x29 0x0000931c mem 0x8001cb2c
core   0: 0x8000b67c (0x065506a3) sb      t0, 109(a0)
core   0: 3 0x8000b67c (0x065506a3) mem 0x8001cc27 0x90
core   0: 0x8000b680 (0x00008c55) c.or    s0, a3
core   0: 3 0x8000b680 (0x8c55) x 8 0xffffff91
core   0: 0x8000b682 (0x03108f33) mul     t5, ra, a7
core   0: 3 0x8000b682 (0x03108f33) x30 0x00000000
core   0: 0x8000b686 (0x00008f45) c.or    a4, s1
core   0: 3 0x8000b686 (0x8f45) x14 0x80029ce4
core   0: 0x8000b688 (0xffc50d03) lb      s10, -4(a0)
core   0: 3 0x8000b688 (0xffc50d03) x26 0xffffff83 mem 0x8001cbb6
core   0: 0x8000b68c (0x07c54b03) lbu     s6, 124(a0)
core   0: 3 0x8000b68c (0x07c54b03) x22 0x00000017 mem 0x8001cc36
core   0: 0x8000b690 (0xe3f74617) auipc   a2, 0xe3f74
core   0: 3 0x8000b690 (0xe3f74617) x12 0x63f7f690
core   0: 0x8000b694 (0x00b50e83) lb      t4, 11(a0)
core   0: 3 0x8000b694 (0x00b50e83) x29 0x0000000f mem 0x8001cbc5
core   0: 0x8000b698 (0x0ed50c83) lb      s9, 237(a0)
core   0: 3 0x8000b698 (0x0ed50c83) x25 0x00000006 mem 0x8001cca7
core   0: 0x8000b69c (0x008a9293) slli    t0, s5, 8
core   0: 3 0x8000b69c (0x008a9293) x 5 0x00004d00
core   0: 0x8000b6a0 (0x00000eee) c.slli  t4, 27
core   0: 3 0x8000b6a0 (0x0eee) x29 0x78000000
core   0: 0x8000b6a2 (0x09d54303) lbu     t1, 157(a0)
core   0: 3 0x8000b6a2 (0x09d54303) x 6 0x0000001a mem 0x8001cc57
core   0: 0x8000b6a6 (0xf5055c03) lhu     s8, -176(a0)
core   0: 3 0x8000b6a6 (0xf5055c03) x24 0x0000f16b mem 0x8001cb0a
core   0: 0x8000b6aa (0xf8250103) lb      sp, -126(a0)
core   0: 3 0x8000b6aa (0xf8250103) x 2 0xfffffff9 mem 0x8001cb3c
core   0: 0x8000b6ae (0xfdc50e23) sb      t3, -36(a0)
core   0: 3 0x8000b6ae (0xfdc50e23) mem 0x8001cb96 0x0
core   0: 0x8000b6b2 (0x01e00c6f) jal     s8, pc + 0x1e
core   0: 3 0x8000b6b2 (0x01e00c6f) x24 0x8000b6b6
core   0: 0x8000b6d0 (0x00a0026f) jal     tp, pc + 0xa
core   0: 3 0x8000b6d0 (0x00a0026f) x 4 0x8000b6d4
core   0: 0x8000b6da (0x00003ffd) c.jal   pc - 2
core   0: 3 0x8000b6da (0x3ffd) x 1 0x8000b6dc
core   0: 0x8000b6d8 (0x000037d5) c.jal   pc - 28
core   0: 3 0x8000b6d8 (0x37d5) x 1 0x8000b6da
core   0: 0x8000b6bc (0x0000a039) c.j     pc + 14
core   0: 3 0x8000b6bc (0xa039)
core   0: 0x8000b6ca (0x0000a829) c.j     pc + 26
core   0: 3 0x8000b6ca (0xa829)
core   0: 0x8000b6e4 (0xfdbff0ef) jal     pc - 0x26
core   0: 3 0x8000b6e4 (0xfdbff0ef) x 1 0x8000b6e8
core   0: 0x8000b6be (0x0320016f) jal     sp, pc + 0x32
core   0: 3 0x8000b6be (0x0320016f) x 2 0x8000b6c2
core   0: 0x8000b6f0 (0x0000bfe5) c.j     pc - 8
core   0: 3 0x8000b6f0 (0xbfe5)
core   0: 0x8000b6e8 (0x0000bfe5) c.j     pc - 8
core   0: 3 0x8000b6e8 (0xbfe5)
core   0: 0x8000b6e0 (0xfe5ff56f) jal     a0, pc - 0x1c
core   0: 3 0x8000b6e0 (0xfe5ff56f) x10 0x8000b6e4
core   0: 0x8000b6c4 (0x00003fdd) c.jal   pc - 10
core   0: 3 0x8000b6c4 (0x3fdd) x 1 0x8000b6c6
core   0: 0x8000b6ba (0x0000a80d) c.j     pc + 50
core   0: 3 0x8000b6ba (0xa80d)
core   0: 0x8000b6ec (0xfd7ff0ef) jal     pc - 0x2a
core   0: 3 0x8000b6ec (0xfd7ff0ef) x 1 0x8000b6f0
core   0: 0x8000b6c2 (0x0000a025) c.j     pc + 40
core   0: 3 0x8000b6c2 (0xa025)
core   0: 0x8000b6ea (0x0000b7f5) c.j     pc - 20
core   0: 3 0x8000b6ea (0xb7f5)
core   0: 0x8000b6d6 (0x0000b7c5) c.j     pc - 32
core   0: 3 0x8000b6d6 (0xb7c5)
core   0: 0x8000b6b6 (0x01e00f6f) jal     t5, pc + 0x1e
core   0: 3 0x8000b6b6 (0x01e00f6f) x30 0x8000b6ba
core   0: 0x8000b6d4 (0x0000bfed) c.j     pc - 6
core   0: 3 0x8000b6d4 (0xbfed)
core   0: 0x8000b6ce (0x0000a039) c.j     pc + 14
core   0: 3 0x8000b6ce (0xa039)
core   0: 0x8000b6dc (0xff1ff0ef) jal     pc - 0x10
core   0: 3 0x8000b6dc (0xff1ff0ef) x 1 0x8000b6e0
core   0: 0x8000b6cc (0x00003fed) c.jal   pc - 6
core   0: 3 0x8000b6cc (0x3fed) x 1 0x8000b6ce
core   0: 0x8000b6c6 (0x02c000ef) jal     pc + 0x2c
core   0: 3 0x8000b6c6 (0x02c000ef) x 1 0x8000b6ca
core   0: 0x8000b6f2 (0x00001a80) c.addi4spn s0, sp, 368
core   0: 3 0x8000b6f2 (0x1a80) x 8 0x8000b832
core   0: 0x8000b6f4 (0x00010117) auipc   sp, 0x10
core   0: 3 0x8000b6f4 (0x00010117) x 2 0x8001b6f4
core   0: 0x8000b6f8 (0x65f10113) addi    sp, sp, 1631
core   0: 3 0x8000b6f8 (0x65f10113) x 2 0x8001bd53
core   0: 0x8000b6fc (0x00005d17) auipc   s10, 0x5
core   0: 3 0x8000b6fc (0x00005d17) x26 0x800106fc
core   0: 0x8000b700 (0x397d0d13) addi    s10, s10, 919
core   0: 3 0x8000b700 (0x397d0d13) x26 0x80010a93
core   0: 0x8000b704 (0x21c10d83) lb      s11, 540(sp)
core   0: 3 0x8000b704 (0x21c10d83) x27 0xfffffff4 mem 0x8001bf6f
core   0: 0x8000b708 (0x010d0a83) lb      s5, 16(s10)
core   0: 3 0x8000b708 (0x010d0a83) x21 0x00000003 mem 0x80010aa3
core   0: 0x8000b70c (0xe9410083) lb      ra, -364(sp)
core   0: 3 0x8000b70c (0xe9410083) x 1 0xffffffda mem 0x8001bbe7
core   0: 0x8000b710 (0x072d0003) lb      zero, 114(s10)
core   0: 3 0x8000b710 (0x072d0003) mem 0x80010b05
core   0: 0x8000b714 (0xde414683) lbu     a3, -540(sp)
core   0: 3 0x8000b714 (0xde414683) x13 0x00000092 mem 0x8001bb37
core   0: 0x8000b718 (0x0a2d4303) lbu     t1, 162(s10)
core   0: 3 0x8000b718 (0x0a2d4303) x 6 0x000000d8 mem 0x80010b35
core   0: 0x8000b71c (0xf64d07a3) sb      tp, -145(s10)
core   0: 3 0x8000b71c (0xf64d07a3) mem 0x80010a02 0xd4
core   0: 0x8000b720 (0xf95d5303) lhu     t1, -107(s10)
core   0: 3 0x8000b720 (0xf95d5303) x 6 0x0000a4e6 mem 0x80010a28
core   0: 0x8000b724 (0x96c14583) lbu     a1, -1684(sp)
core   0: 3 0x8000b724 (0x96c14583) x11 0x0000004c mem 0x8001b6bf
core   0: 0x8000b728 (0x9f910b83) lb      s7, -1543(sp)
core   0: 3 0x8000b728 (0x9f910b83) x23 0x0000004e mem 0x8001b74c
core   0: 0x8000b72c (0xf70d0503) lb      a0, -144(s10)
core   0: 3 0x8000b72c (0xf70d0503) x10 0x0000000c mem 0x80010a03
core   0: 0x8000b730 (0x045114a3) sh      t0, 73(sp)
core   0: 3 0x8000b730 (0x045114a3) mem 0x8001bd9c 0x4d00
core   0: 0x8000b734 (0x00005197) auipc   gp, 0x5
core   0: 3 0x8000b734 (0x00005197) x 3 0x80010734
core   0: 0x8000b738 (0xe3118193) addi    gp, gp, -463
core   0: 3 0x8000b738 (0xe3118193) x 3 0x80010565
core   0: 0x8000b73c (0x00005597) auipc   a1, 0x5
core   0: 3 0x8000b73c (0x00005597) x11 0x8001073c
core   0: 0x8000b740 (0xeb058593) addi    a1, a1, -336
core   0: 3 0x8000b740 (0xeb058593) x11 0x800105ec
core   0: 0x8000b744 (0x00005c17) auipc   s8, 0x5
core   0: 3 0x8000b744 (0x00005c17) x24 0x80010744
core   0: 0x8000b748 (0x5f4c0c13) addi    s8, s8, 1524
core   0: 3 0x8000b748 (0x5f4c0c13) x24 0x80010d38
core   0: 0x8000b74c (0x01d59523) sh      t4, 10(a1)
core   0: 3 0x8000b74c (0x01d59523) mem 0x800105f6 0x0000
core   0: 0x8000b750 (0x0301cf83) lbu     t6, 48(gp)
core   0: 3 0x8000b750 (0x0301cf83) x31 0x0000007b mem 0x80010595
core   0: 0x8000b754 (0x00059423) sh      zero, 8(a1)
core   0: 3 0x8000b754 (0x00059423) mem 0x800105f4 0x0000
core   0: 0x8000b758 (0x09c18283) lb      t0, 156(gp)
core   0: 3 0x8000b758 (0x09c18283) x 5 0xffffff94 mem 0x80010601
core   0: 0x8000b75c (0xff25a823) sw      s2, -16(a1)
core   0: 3 0x8000b75c (0xff25a823) mem 0x800105dc 0x00000072
core   0: 0x8000b760 (0x00b5cb03) lbu     s6, 11(a1)
core   0: 3 0x8000b760 (0x00b5cb03) x22 0x00000000 mem 0x800105f7
core   0: 0x8000b764 (0xfdec4b83) lbu     s7, -34(s8)
core   0: 3 0x8000b764 (0xfdec4b83) x23 0x00000011 mem 0x80010d16
core   0: 0x8000b768 (0xf4a18823) sb      a0, -176(gp)
core   0: 3 0x8000b768 (0xf4a18823) mem 0x800104b5 0xc
core   0: 0x8000b76c (0xfd3c4d83) lbu     s11, -45(s8)
core   0: 3 0x8000b76c (0xfd3c4d83) x27 0x0000000f mem 0x80010d0b
core   0: 0x8000b770 (0xf1618da3) sb      s6, -229(gp)
core   0: 3 0x8000b770 (0xf1618da3) mem 0x80010480 0x0
core   0: 0x8000b774 (0x08019da3) sh      zero, 155(gp)
core   0: 3 0x8000b774 (0x08019da3) mem 0x80010600 0x0000
core   0: 0x8000b778 (0xff059c83) lh      s9, -16(a1)
core   0: 3 0x8000b778 (0xff059c83) x25 0x00000072 mem 0x800105dc
core   0: 0x8000b77c (0xfe858ba3) sb      s0, -9(a1)
core   0: 3 0x8000b77c (0xfe858ba3) mem 0x800105e3 0x32
core   0: 0x8000b780 (0xfc6c0403) lb      s0, -58(s8)
core   0: 3 0x8000b780 (0xfc6c0403) x 8 0x00000000 mem 0x80010cfe
core   0: 0x8000b784 (0xff75c283) lbu     t0, -9(a1)
core   0: 3 0x8000b784 (0xff75c283) x 5 0x00000032 mem 0x800105e3
core   0: 0x8000b788 (0x0f41ca83) lbu     s5, 244(gp)
core   0: 3 0x8000b788 (0x0f41ca83) x21 0x000000bf mem 0x80010659
core   0: 0x8000b78c (0xffc58683) lb      a3, -4(a1)
core   0: 3 0x8000b78c (0xffc58683) x13 0xffffff93 mem 0x800105e8
core   0: 0x8000b790 (0xf5518f23) sb      s5, -162(gp)
core   0: 3 0x8000b790 (0xf5518f23) mem 0x800104c3 0xbf
core   0: 0x8000b794 (0x030c4903) lbu     s2, 48(s8)
core   0: 3 0x8000b794 (0x030c4903) x18 0x00000019 mem 0x80010d68
core   0: 0x8000b798 (0x03bc0e03) lb      t3, 59(s8)
core   0: 3 0x8000b798 (0x03bc0e03) x28 0xffffffa3 mem 0x80010d73
core   0: 0x8000b79c (0x029c4c83) lbu     s9, 41(s8)
core   0: 3 0x8000b79c (0x029c4c83) x25 0x0000007e mem 0x80010d61
core   0: 0x8000b7a0 (0x008c0fa3) sb      s0, 31(s8)
core   0: 3 0x8000b7a0 (0x008c0fa3) mem 0x80010d57 0x0
core   0: 0x8000b7a4 (0x0a018783) lb      a5, 160(gp)
core   0: 3 0x8000b7a4 (0x0a018783) x15 0xffffffeb mem 0x80010605
core   0: 0x8000b7a8 (0xfe859d23) sh      s0, -6(a1)
core   0: 3 0x8000b7a8 (0xfe859d23) mem 0x800105e6 0x0000
core   0: 0x8000b7ac (0x0c718283) lb      t0, 199(gp)
core   0: 3 0x8000b7ac (0x0c718283) x 5 0x00000020 mem 0x8001062c
core   0: 0x8000b7b0 (0xff55aa23) sw      s5, -12(a1)
core   0: 3 0x8000b7b0 (0xff55aa23) mem 0x800105e0 0x000000bf
core   0: 0x8000b7b4 (0xfd2c5203) lhu     tp, -46(s8)
core   0: 3 0x8000b7b4 (0xfd2c5203) x 4 0x00000f25 mem 0x80010d0a
core   0: 0x8000b7b8 (0xfc1c4283) lbu     t0, -63(s8)
core   0: 3 0x8000b7b8 (0xfc1c4283) x 5 0x00000000 mem 0x80010cf9
core   0: 0x8000b7bc (0xfcc18323) sb      a2, -58(gp)
core   0: 3 0x8000b7bc (0xfcc18323) mem 0x8001052b 0x90
core   0: 0x8000b7c0 (0x03cc0903) lb      s2, 60(s8)
core   0: 3 0x8000b7c0 (0x03cc0903) x18 0xffffffe1 mem 0x80010d74
core   0: 0x8000b7c4 (0x0000ed97) auipc   s11, 0xe
core   0: 3 0x8000b7c4 (0x0000ed97) x27 0x800197c4
core   0: 0x8000b7c8 (0x268d8d93) addi    s11, s11, 616
core   0: 3 0x8000b7c8 (0x268d8d93) x27 0x80019a2c
core   0: 0x8000b7cc (0x5914b993) sltiu   s3, s1, 1425
core   0: 3 0x8000b7cc (0x5914b993) x19 0x00000000
core   0: 0x8000b7d0 (0xff4d9183) lh      gp, -12(s11)
core   0: 3 0x8000b7d0 (0xff4d9183) x 3 0xffffd856 mem 0x80019a20
core   0: 0x8000b7d4 (0xff5dce83) lbu     t4, -11(s11)
core   0: 3 0x8000b7d4 (0xff5dce83) x29 0x000000d8 mem 0x80019a21
core   0: 0x8000b7d8 (0x007d8c03) lb      s8, 7(s11)
core   0: 3 0x8000b7d8 (0x007d8c03) x24 0x00000008 mem 0x80019a33
core   0: 0x8000b7dc (0x00000698) c.addi4spn a4, sp, 832
core   0: 3 0x8000b7dc (0x0698) x14 0x8001c093
core   0: 0x8000b7de (0x000009d1) c.addi  s3, 20
core   0: 3 0x8000b7de (0x09d1) x19 0x00000014
core   0: 0x8000b7e0 (0x00fd8f03) lb      t5, 15(s11)
core   0: 3 0x8000b7e0 (0x00fd8f03) x30 0xffffffad mem 0x80019a3b
core   0: 0x8000b7e4 (0xffedcb83) lbu     s7, -2(s11)
core   0: 3 0x8000b7e4 (0xffedcb83) x23 0x0000000b mem 0x80019a2a
core   0: 0x8000b7e8 (0x00008f89) c.sub   a5, a0
core   0: 3 0x8000b7e8 (0x8f89) x15 0xffffffdf
core   0: 0x8000b7ea (0x010da883) lw      a7, 16(s11)
core   0: 3 0x8000b7ea (0x010da883) x17 0xbd2680c5 mem 0x80019a3c
core   0: 0x8000b7ee (0x000001f1) c.addi  gp, 28
core   0: 3 0x8000b7ee (0x01f1) x 3 0xffffd872
core   0: 0x8000b7f0 (0x00ac98b3) sll     a7, s9, a0
core   0: 3 0x8000b7f0 (0x00ac98b3) x17 0x0007e000
core   0: 0x8000b7f4 (0x0104d413) srli    s0, s1, 16
core   0: 3 0x8000b7f4 (0x0104d413) x 8 0x00008002
core   0: 0x8000b7f8 (0x00006f51) c.lui   t5, 0x14
core   0: 3 0x8000b7f8 (0x6f51) x30 0x00014000
core   0: 0x8000b7fa (0xff3d8aa3) sb      s3, -11(s11)
core   0: 3 0x8000b7fa (0xff3d8aa3) mem 0x80019a21 0x14
core   0: 0x8000b7fe (0xff2dce83) lbu     t4, -14(s11)
core   0: 3 0x8000b7fe (0xff2dce83) x29 0x000000aa mem 0x80019a1e
core   0: 0x8000b802 (0xfe7d8fa3) sb      t2, -1(s11)
core   0: 3 0x8000b802 (0xfe7d8fa3) mem 0x80019a2b 0x0
core   0: 0x8000b806 (0x009eb033) sltu    zero, t4, s1
core   0: 3 0x8000b806 (0x009eb033)
core   0: 0x8000b80a (0xff8d88a3) sb      s8, -15(s11)
core   0: 3 0x8000b80a (0xff8d88a3) mem 0x80019a1d 0x8
core   0: 0x8000b80e (0x00008ef5) c.and   a3, a3
core   0: 3 0x8000b80e (0x8ef5) x13 0xffffff93
core   0: 0x8000b810 (0x00008a92) c.mv    s5, tp
core   0: 3 0x8000b810 (0x8a92) x21 0x00000f25
core   0: 0x8000b812 (0x006d8723) sb      t1, 14(s11)
core   0: 3 0x8000b812 (0x006d8723) mem 0x80019a3a 0xe6
core   0: 0x8000b816 (0xff6d8c23) sb      s6, -8(s11)
core   0: 3 0x8000b816 (0xff6d8c23) mem 0x80019a24 0x0
core   0: 0x8000b81a (0xfffdc083) lbu     ra, -1(s11)
core   0: 3 0x8000b81a (0xfffdc083) x 1 0x00000000 mem 0x80019a2b
core   0: 0x8000b81e (0x001ea033) slt     zero, t4, ra
core   0: 3 0x8000b81e (0x001ea033)
core   0: 0x8000b822 (0x000dde83) lhu     t4, 0(s11)
core   0: 3 0x8000b822 (0x000dde83) x29 0x00006d94 mem 0x80019a2c
core   0: 0x8000b826 (0x00fdcd03) lbu     s10, 15(s11)
core   0: 3 0x8000b826 (0x00fdcd03) x26 0x000000ad mem 0x80019a3b
core   0: 0x8000b82a (0x008dad03) lw      s10, 8(s11)
core   0: 3 0x8000b82a (0x008dad03) x26 0x47ea03c1 mem 0x80019a34
core   0: 0x8000b82e (0x01a05d13) srli    s10, zero, 26
core   0: 3 0x8000b82e (0x01a05d13) x26 0x00000000
core   0: 0x8000b832 (0x009d82a3) sb      s1, 5(s11)
core   0: 3 0x8000b832 (0x009d82a3) mem 0x80019a31 0xe4
core   0: 0x8000b836 (0xfe8d9a23) sh      s0, -12(s11)
core   0: 3 0x8000b836 (0xfe8d9a23) mem 0x80019a20 0x8002
core   0: 0x8000b83a (0x00000001) c.nop
core   0: 3 0x8000b83a (0x0001)
core   0: 0x8000b83c (0x004d9383) lh      t2, 4(s11)
core   0: 3 0x8000b83c (0x004d9383) x 7 0xffffe45d mem 0x80019a30
core   0: 0x8000b840 (0xb40f9bb7) lui     s7, 0xb40f9
core   0: 3 0x8000b840 (0xb40f9bb7) x23 0xb40f9000
core   0: 0x8000b844 (0xff1dc683) lbu     a3, -15(s11)
core   0: 3 0x8000b844 (0xff1dc683) x13 0x00000008 mem 0x80019a1d
core   0: 0x8000b848 (0x012d8623) sb      s2, 12(s11)
core   0: 3 0x8000b848 (0x012d8623) mem 0x80019a38 0xe1
core   0: 0x8000b84c (0x01ed8823) sb      t5, 16(s11)
core   0: 3 0x8000b84c (0x01ed8823) mem 0x80019a3c 0x0
core   0: 0x8000b850 (0x00000001) c.nop
core   0: 3 0x8000b850 (0x0001)
core   0: 0x8000b852 (0x00008f35) c.xor   a4, a3
core   0: 3 0x8000b852 (0x8f35) x14 0x8001c09b
core   0: 0x8000b854 (0x0ff0000f) fence   iorw,iorw
core   0: 3 0x8000b854 (0x0ff0000f)
core   0: 0x8000b858 (0xff0d8083) lb      ra, -16(s11)
core   0: 3 0x8000b858 (0xff0d8083) x 1 0x00000062 mem 0x80019a1c
core   0: 0x8000b85c (0x0000e997) auipc   s3, 0xe
core   0: 3 0x8000b85c (0x0000e997) x19 0x8001985c
core   0: 0x8000b860 (0xb0b98993) addi    s3, s3, -1269
core   0: 3 0x8000b860 (0xb0b98993) x19 0x80019367
core   0: 0x8000b864 (0x00006117) auipc   sp, 0x6
core   0: 3 0x8000b864 (0x00006117) x 2 0x80011864
core   0: 0x8000b868 (0x46c10113) addi    sp, sp, 1132
core   0: 3 0x8000b868 (0x46c10113) x 2 0x80011cd0
core   0: 0x8000b86c (0x00012197) auipc   gp, 0x12
core   0: 3 0x8000b86c (0x00012197) x 3 0x8001d86c
core   0: 0x8000b870 (0xc4518193) addi    gp, gp, -955
core   0: 3 0x8000b870 (0xc4518193) x 3 0x8001d4b1
core   0: 0x8000b874 (0x0161c503) lbu     a0, 22(gp)
core   0: 3 0x8000b874 (0x0161c503) x10 0x0000008e mem 0x8001d4c7
core   0: 0x8000b878 (0x4b89ce03) lbu     t3, 1208(s3)
core   0: 3 0x8000b878 (0x4b89ce03) x28 0x000000ce mem 0x8001981f
core   0: 0x8000b87c (0x00119783) lh      a5, 1(gp)
core   0: 3 0x8000b87c (0x00119783) x15 0xffffef3e mem 0x8001d4b2
core   0: 0x8000b880 (0x56610c23) sb      t1, 1400(sp)
core   0: 3 0x8000b880 (0x56610c23) mem 0x80012248 0xe6
core   0: 0x8000b884 (0x9369aea3) sw      s6, -1731(s3)
core   0: 3 0x8000b884 (0x9369aea3) mem 0x80018ca4 0x00000000
core   0: 0x8000b888 (0x02a1c683) lbu     a3, 42(gp)
core   0: 3 0x8000b888 (0x02a1c683) x13 0x0000009e mem 0x8001d4db
core   0: 0x8000b88c (0xf3812c23) sw      s8, -200(sp)
core   0: 3 0x8000b88c (0xf3812c23) mem 0x80011c08 0x00000008
core   0: 0x8000b890 (0xfc018aa3) sb      zero, -43(gp)
core   0: 3 0x8000b890 (0xfc018aa3) mem 0x8001d486 0x0
core   0: 0x8000b894 (0xcf998d03) lb      s10, -775(s3)
core   0: 3 0x8000b894 (0xcf998d03) x26 0x00000073 mem 0x80019060
core   0: 0x8000b898 (0x0391d383) lhu     t2, 57(gp)
core   0: 3 0x8000b898 (0x0391d383) x 7 0x00000030 mem 0x8001d4ea
core   0: 0x8000b89c (0x14498c03) lb      s8, 324(s3)
core   0: 3 0x8000b89c (0x14498c03) x24 0x0000003e mem 0x800194ab
core   0: 0x8000b8a0 (0xc1614f03) lbu     t5, -1002(sp)
core   0: 3 0x8000b8a0 (0xc1614f03) x30 0x00000035 mem 0x800118e6
core   0: 0x8000b8a4 (0xaa69cd83) lbu     s11, -1370(s3)
core   0: 3 0x8000b8a4 (0xaa69cd83) x27 0x00000089 mem 0x80018e0d
core   0: 0x8000b8a8 (0x2a314083) lbu     ra, 675(sp)
core   0: 3 0x8000b8a8 (0x2a314083) x 1 0x00000003 mem 0x80011f73
core   0: 0x8000b8ac (0xecb10123) sb      a1, -318(sp)
core   0: 3 0x8000b8ac (0xecb10123) mem 0x80011b92 0xec
core   0: 0x8000b8b0 (0x4a714083) lbu     ra, 1191(sp)
core   0: 3 0x8000b8b0 (0x4a714083) x 1 0x00000097 mem 0x80012177
core   0: 0x8000b8b4 (0x8e099fa3) sh      zero, -1793(s3)
core   0: 3 0x8000b8b4 (0x8e099fa3) mem 0x80018c66 0x0000
core   0: 0x8000b8b8 (0x00012117) auipc   sp, 0x12
core   0: 3 0x8000b8b8 (0x00012117) x 2 0x8001d8b8
core   0: 0x8000b8bc (0xe8e10113) addi    sp, sp, -370
core   0: 3 0x8000b8bc (0xe8e10113) x 2 0x8001d746
core   0: 0x8000b8c0 (0xd12101a3) sb      s2, -765(sp)
core   0: 3 0x8000b8c0 (0xd12101a3) mem 0x8001d449 0xe1
core   0: 0x8000b8c4 (0xd1c101a3) sb      t3, -765(sp)
core   0: 3 0x8000b8c4 (0xd1c101a3) mem 0x8001d449 0xce
core   0: 0x8000b8c8 (0x25e78413) addi    s0, a5, 606
core   0: 3 0x8000b8c8 (0x25e78413) x 8 0xfffff19c
core   0: 0x8000b8cc (0xd0310983) lb      s3, -765(sp)
core   0: 3 0x8000b8cc (0xd0310983) x19 0xffffffce mem 0x8001d449
core   0: 0x8000b8d0 (0x39c11583) lh      a1, 924(sp)
core   0: 3 0x8000b8d0 (0x39c11583) x11 0xffffffef mem 0x8001dae2
core   0: 0x8000b8d4 (0x38d11e23) sh      a3, 924(sp)
core   0: 3 0x8000b8d4 (0x38d11e23) mem 0x8001dae2 0x009e
core   0: 0x8000b8d8 (0x3059ec93) ori     s9, s3, 773
core   0: 3 0x8000b8d8 (0x3059ec93) x25 0xffffffcf
core   0: 0x8000b8dc (0x35e10703) lb      a4, 862(sp)
core   0: 3 0x8000b8dc (0x35e10703) x14 0x00000057 mem 0x8001daa4
core   0: 0x8000b8e0 (0x34e12f23) sw      a4, 862(sp)
core   0: 3 0x8000b8e0 (0x34e12f23) mem 0x8001daa4 0x00000057
core   0: 0x8000b8e4 (0xfdc14093) xori    ra, sp, -36
core   0: 3 0x8000b8e4 (0xfdc14093) x 1 0x7ffe289a
core   0: 0x8000b8e8 (0x03608db3) mul     s11, ra, s6
core   0: 3 0x8000b8e8 (0x03608db3) x27 0x00000000
core   0: 0x8000b8ec (0x35e12303) lw      t1, 862(sp)
core   0: 3 0x8000b8ec (0x35e12303) x 6 0x00000057 mem 0x8001daa4
core   0: 0x8000b8f0 (0x34612f23) sw      t1, 862(sp)
core   0: 3 0x8000b8f0 (0x34612f23) mem 0x8001daa4 0x00000057
core   0: 0x8000b8f4 (0x00008e9d) c.sub   a3, a5
core   0: 3 0x8000b8f4 (0x8e9d) x13 0x00001160
core   0: 0x8000b8f6 (0x35e10403) lb      s0, 862(sp)
core   0: 3 0x8000b8f6 (0x35e10403) x 8 0x00000057 mem 0x8001daa4
core   0: 0x8000b8fa (0x34411f23) sh      tp, 862(sp)
core   0: 3 0x8000b8fa (0x34411f23) mem 0x8001daa4 0x0f25
core   0: 0x8000b8fe (0x35e14003) lbu     zero, 862(sp)
core   0: 3 0x8000b8fe (0x35e14003) mem 0x8001daa4
core   0: 0x8000b902 (0x0000a117) auipc   sp, 0xa
core   0: 3 0x8000b902 (0x0000a117) x 2 0x80015902
core   0: 0x8000b906 (0x31610113) addi    sp, sp, 790
core   0: 3 0x8000b906 (0x31610113) x 2 0x80015c18
core   0: 0x8000b90a (0x99992d13) slti    s10, s2, -1639
core   0: 3 0x8000b90a (0x99992d13) x26 0x00000000
core   0: 0x8000b90e (0x00000001) c.nop
core   0: 3 0x8000b90e (0x0001)
core   0: 0x8000b910 (0x00fe9213) slli    tp, t4, 15
core   0: 3 0x8000b910 (0x00fe9213) x 4 0x36ca0000
core   0: 0x8000b914 (0x0f611e23) sh      s6, 252(sp)
core   0: 3 0x8000b914 (0x0f611e23) mem 0x80015d14 0x0000
core   0: 0x8000b918 (0x00000001) c.nop
core   0: 3 0x8000b918 (0x0001)
core   0: 0x8000b91a (0x901eae93) slti    t4, t4, -1791
core   0: 3 0x8000b91a (0x901eae93) x29 0x00000000
core   0: 0x8000b91e (0x0de11903) lh      s2, 222(sp)
core   0: 3 0x8000b91e (0x0de11903) x18 0x00002613 mem 0x80015cf6
core   0: 0x8000b922 (0x024ed6b3) divu    a3, t4, tp
core   0: 3 0x8000b922 (0x024ed6b3) x13 0x00000000
core   0: 0x8000b926 (0x0c914683) lbu     a3, 201(sp)
core   0: 3 0x8000b926 (0x0c914683) x13 0x0000009a mem 0x80015ce1
core   0: 0x8000b92a (0xfb210a23) sb      s2, -76(sp)
core   0: 3 0x8000b92a (0xfb210a23) mem 0x80015bcc 0x13
core   0: 0x8000b92e (0x00d20b33) add     s6, tp, a3
core   0: 3 0x8000b92e (0x00d20b33) x22 0x36ca009a
core   0: 0x8000b932 (0x00008e95) c.sub   a3, a3
core   0: 3 0x8000b932 (0x8e95) x13 0x00000000
core   0: 0x8000b934 (0xfdb14203) lbu     tp, -37(sp)
core   0: 3 0x8000b934 (0xfdb14203) x 4 0x0000008b mem 0x80015bf3
core   0: 0x8000b938 (0xff811e83) lh      t4, -8(sp)
core   0: 3 0x8000b938 (0xff811e83) x29 0x00002b5e mem 0x80015c10
core   0: 0x8000b93c (0xfaa10b03) lb      s6, -86(sp)
core   0: 3 0x8000b93c (0xfaa10b03) x22 0x00000053 mem 0x80015bc2
core   0: 0x8000b940 (0x000096b6) c.add   a3, a3
core   0: 3 0x8000b940 (0x96b6) x13 0x00000000
core   0: 0x8000b942 (0x01a91233) sll     tp, s2, s10
core   0: 3 0x8000b942 (0x01a91233) x 4 0x00002613
core   0: 0x8000b946 (0x00008e95) c.sub   a3, a3
core   0: 3 0x8000b946 (0x8e95) x13 0x00000000
core   0: 0x8000b948 (0xfaf14903) lbu     s2, -81(sp)
core   0: 3 0x8000b948 (0xfaf14903) x18 0x00000012 mem 0x80015bc7
core   0: 0x8000b94c (0x000006b6) c.slli  a3, 13
core   0: 3 0x8000b94c (0x06b6) x13 0x00000000
core   0: 0x8000b94e (0x00d27233) and     tp, tp, a3
core   0: 3 0x8000b94e (0x00d27233) x 4 0x00000000
core   0: 0x8000b952 (0x000082d9) c.srli  a3, 22
core   0: 3 0x8000b952 (0x82d9) x13 0x00000000
core   0: 0x8000b954 (0xf1b14e83) lbu     t4, -229(sp)
core   0: 3 0x8000b954 (0xf1b14e83) x29 0x000000ef mem 0x80015b33
core   0: 0x8000b958 (0x0000c212) c.swsp  tp, 4(sp)
core   0: 3 0x8000b958 (0xc212) mem 0x80015c1c 0x00000000
core   0: 0x8000b95a (0x0dd11b23) sh      t4, 214(sp)
core   0: 3 0x8000b95a (0x0dd11b23) mem 0x80015cee 0x00ef
core   0: 0x8000b95e (0x00005ed6) c.lwsp  t4, 116(sp)
core   0: 3 0x8000b95e (0x5ed6) x29 0x7cd60ba0 mem 0x80015c8c
core   0: 0x8000b960 (0x00008ef5) c.and   a3, a3
core   0: 3 0x8000b960 (0x8ef5) x13 0x00000000
core   0: 0x8000b962 (0x00008aad) c.andi  a3, 11
core   0: 3 0x8000b962 (0x8aad) x13 0x00000000
core   0: 0x8000b964 (0x09610c23) sb      s6, 152(sp)
core   0: 3 0x8000b964 (0x09610c23) mem 0x80015cb0 0x53
core   0: 0x8000b968 (0x014d5693) srli    a3, s10, 20
core   0: 3 0x8000b968 (0x014d5693) x13 0x00000000
core   0: 0x8000b96c (0x0d910e83) lb      t4, 217(sp)
core   0: 3 0x8000b96c (0x0d910e83) x29 0xffffff90 mem 0x80015cf1
core   0: 0x8000b970 (0x05d10903) lb      s2, 93(sp)
core   0: 3 0x8000b970 (0x05d10903) x18 0xffffffca mem 0x80015c75
core   0: 0x8000b974 (0xf8d107a3) sb      a3, -113(sp)
core   0: 3 0x8000b974 (0xf8d107a3) mem 0x80015ba7 0x0
core   0: 0x8000b978 (0xf12108a3) sb      s2, -239(sp)
core   0: 3 0x8000b978 (0xf12108a3) mem 0x80015b29 0xca
core   0: 0x8000b97c (0x0b514903) lbu     s2, 181(sp)
core   0: 3 0x8000b97c (0x0b514903) x18 0x000000a1 mem 0x80015ccd
core   0: 0x8000b980 (0xf9710903) lb      s2, -105(sp)
core   0: 3 0x8000b980 (0xf9710903) x18 0xfffffff5 mem 0x80015baf
core   0: 0x8000b984 (0x02600c6f) jal     s8, pc + 0x26
core   0: 3 0x8000b984 (0x02600c6f) x24 0x8000b988
core   0: 0x8000b9aa (0x0000a009) c.j     pc + 2
core   0: 3 0x8000b9aa (0xa009)
core   0: 0x8000b9ac (0x00003fed) c.jal   pc - 6
core   0: 3 0x8000b9ac (0x3fed) x 1 0x8000b9ae
core   0: 0x8000b9a6 (0x00002005) c.jal   pc + 32
core   0: 3 0x8000b9a6 (0x2005) x 1 0x8000b9a8
core   0: 0x8000b9c6 (0x00003fc1) c.jal   pc - 48
core   0: 3 0x8000b9c6 (0x3fc1) x 1 0x8000b9c8
core   0: 0x8000b996 (0x00a000ef) jal     pc + 0xa
core   0: 3 0x8000b996 (0x00a000ef) x 1 0x8000b99a
core   0: 0x8000b9a0 (0xfffff26f) jal     tp, pc - 0x2
core   0: 3 0x8000b9a0 (0xfffff26f) x 4 0x8000b9a4
core   0: 0x8000b99e (0x0000a015) c.j     pc + 36
core   0: 3 0x8000b99e (0xa015)
core   0: 0x8000b9c2 (0xff3ff36f) jal     t1, pc - 0xe
core   0: 3 0x8000b9c2 (0xff3ff36f) x 6 0x8000b9c6
core   0: 0x8000b9b4 (0x0140036f) jal     t1, pc + 0x14
core   0: 3 0x8000b9b4 (0x0140036f) x 6 0x8000b9b8
core   0: 0x8000b9c8 (0x0000a009) c.j     pc + 2
core   0: 3 0x8000b9c8 (0xa009)
core   0: 0x8000b9ca (0x00003fc5) c.jal   pc - 16
core   0: 3 0x8000b9ca (0x3fc5) x 1 0x8000b9cc
core   0: 0x8000b9ba (0xfd7ff1ef) jal     gp, pc - 0x2a
core   0: 3 0x8000b9ba (0xfd7ff1ef) x 3 0x8000b9be
core   0: 0x8000b990 (0x040009ef) jal     s3, pc + 0x40
core   0: 3 0x8000b990 (0x040009ef) x19 0x8000b994
core   0: 0x8000b9d0 (0x00003fd1) c.jal   pc - 44
core   0: 3 0x8000b9d0 (0x3fd1) x 1 0x8000b9d2
core   0: 0x8000b9a4 (0x0000a011) c.j     pc + 4
core   0: 3 0x8000b9a4 (0xa011)
core   0: 0x8000b9a8 (0x0000b7c5) c.j     pc - 32
core   0: 3 0x8000b9a8 (0xb7c5)
core   0: 0x8000b988 (0x038000ef) jal     pc + 0x38
core   0: 3 0x8000b988 (0x038000ef) x 1 0x8000b98c
core   0: 0x8000b9c0 (0x0000bfd1) c.j     pc - 44
core   0: 3 0x8000b9c0 (0xbfd1)
core   0: 0x8000b994 (0x0000bfe5) c.j     pc - 8
core   0: 3 0x8000b994 (0xbfe5)
core   0: 0x8000b98c (0x022008ef) jal     a7, pc + 0x22
core   0: 3 0x8000b98c (0x022008ef) x17 0x8000b990
core   0: 0x8000b9ae (0xfedff0ef) jal     pc - 0x14
core   0: 3 0x8000b9ae (0xfedff0ef) x 1 0x8000b9b2
core   0: 0x8000b99a (0x01e000ef) jal     pc + 0x1e
core   0: 3 0x8000b99a (0x01e000ef) x 1 0x8000b99e
core   0: 0x8000b9b8 (0x0000a829) c.j     pc + 26
core   0: 3 0x8000b9b8 (0xa829)
core   0: 0x8000b9d2 (0xfe1ff0ef) jal     pc - 0x20
core   0: 3 0x8000b9d2 (0xfe1ff0ef) x 1 0x8000b9d6
core   0: 0x8000b9b2 (0x00002031) c.jal   pc + 12
core   0: 3 0x8000b9b2 (0x2031) x 1 0x8000b9b4
core   0: 0x8000b9be (0x0000a039) c.j     pc + 14
core   0: 3 0x8000b9be (0xa039)
core   0: 0x8000b9cc (0x00a000ef) jal     pc + 0xa
core   0: 3 0x8000b9cc (0x00a000ef) x 1 0x8000b9d0
core   0: 0x8000b9d6 (0x00008f15) c.sub   a4, a3
core   0: 3 0x8000b9d6 (0x8f15) x14 0x00000057
core   0: 0x8000b9d8 (0x00005317) auipc   t1, 0x5
core   0: 3 0x8000b9d8 (0x00005317) x 6 0x800109d8
core   0: 0x8000b9dc (0xa9f30313) addi    t1, t1, -1377
core   0: 3 0x8000b9dc (0xa9f30313) x 6 0x80010477
core   0: 0x8000b9e0 (0xfca34b83) lbu     s7, -54(t1)
core   0: 3 0x8000b9e0 (0xfca34b83) x23 0x0000003d mem 0x80010441
core   0: 0x8000b9e4 (0x03331b03) lh      s6, 51(t1)
core   0: 3 0x8000b9e4 (0x03331b03) x22 0xffffe52b mem 0x800104aa
core   0: 0x8000b9e8 (0xfca30c23) sb      a0, -40(t1)
core   0: 3 0x8000b9e8 (0xfca30c23) mem 0x8001044f 0x8e
core   0: 0x8000b9ec (0x015315a3) sh      s5, 11(t1)
core   0: 3 0x8000b9ec (0x015315a3) mem 0x80010482 0x0f25
core   0: 0x8000b9f0 (0x00b31c83) lh      s9, 11(t1)
core   0: 3 0x8000b9f0 (0x00b31c83) x25 0x00000f25 mem 0x80010482
core   0: 0x8000b9f4 (0xff234503) lbu     a0, -14(t1)
core   0: 3 0x8000b9f4 (0xff234503) x10 0x00000039 mem 0x80010469
core   0: 0x8000b9f8 (0xffd30923) sb      t4, -14(t1)
core   0: 3 0x8000b9f8 (0xffd30923) mem 0x80010469 0x90
core   0: 0x8000b9fc (0xff230e83) lb      t4, -14(t1)
core   0: 3 0x8000b9fc (0xff230e83) x29 0xffffff90 mem 0x80010469
core   0: 0x8000ba00 (0x01430383) lb      t2, 20(t1)
core   0: 3 0x8000ba00 (0x01430383) x 7 0xffffff84 mem 0x8001048b
core   0: 0x8000ba04 (0x02e34983) lbu     s3, 46(t1)
core   0: 3 0x8000ba04 (0x02e34983) x19 0x00000086 mem 0x800104a5
core   0: 0x8000ba08 (0x02e30903) lb      s2, 46(t1)
core   0: 3 0x8000ba08 (0x02e30903) x18 0xffffff86 mem 0x800104a5
core   0: 0x8000ba0c (0x02730723) sb      t2, 46(t1)
core   0: 3 0x8000ba0c (0x02730723) mem 0x800104a5 0x84
core   0: 0x8000ba10 (0x00000386) c.slli  t2, 1
core   0: 3 0x8000ba10 (0x0386) x 7 0xffffff08
core   0: 0x8000ba12 (0x02e30903) lb      s2, 46(t1)
core   0: 3 0x8000ba12 (0x02e30903) x18 0xffffff84 mem 0x800104a5
core   0: 0x8000ba16 (0xfe935383) lhu     t2, -23(t1)
core   0: 3 0x8000ba16 (0xfe935383) x 7 0x0000fccb mem 0x80010460
core   0: 0x8000ba1a (0xfd234203) lbu     tp, -46(t1)
core   0: 3 0x8000ba1a (0xfd234203) x 4 0x00000058 mem 0x80010449
core   0: 0x8000ba1e (0xffa30f83) lb      t6, -6(t1)
core   0: 3 0x8000ba1e (0xffa30f83) x31 0xffffff90 mem 0x80010471
core   0: 0x8000ba22 (0x00005b17) auipc   s6, 0x5
core   0: 3 0x8000ba22 (0x00005b17) x22 0x80010a22
core   0: 0x8000ba26 (0x9d0b0b13) addi    s6, s6, -1584
core   0: 3 0x8000ba26 (0x9d0b0b13) x22 0x800103f2
core   0: 0x8000ba2a (0xfe4b1e23) sh      tp, -4(s6)
core   0: 3 0x8000ba2a (0xfe4b1e23) mem 0x800103ee 0x0058
core   0: 0x8000ba2e (0x00008217) auipc   tp, 0x8
core   0: 3 0x8000ba2e (0x00008217) x 4 0x80013a2e
core   0: 0x8000ba32 (0x4f620213) addi    tp, tp, 1270
core   0: 3 0x8000ba32 (0x4f620213) x 4 0x80013f24
core   0: 0x8000ba36 (0xffdb4003) lbu     zero, -3(s6)
core   0: 3 0x8000ba36 (0xffdb4003) mem 0x800103ef
core   0: 0x8000ba3a (0x008b0883) lb      a7, 8(s6)
core   0: 3 0x8000ba3a (0x008b0883) x17 0x0000003a mem 0x800103fa
core   0: 0x8000ba3e (0x013b0423) sb      s3, 8(s6)
core   0: 3 0x8000ba3e (0x013b0423) mem 0x800103fa 0x86
core   0: 0x8000ba42 (0x03821b23) sh      s8, 54(tp)
core   0: 3 0x8000ba42 (0x03821b23) mem 0x80013f5a 0xb988
core   0: 0x8000ba46 (0x004b5103) lhu     sp, 4(s6)
core   0: 3 0x8000ba46 (0x004b5103) x 2 0x0000db9b mem 0x800103f6
core   0: 0x8000ba4a (0xfd924883) lbu     a7, -39(tp)
core   0: 3 0x8000ba4a (0xfd924883) x17 0x000000ff mem 0x80013efd
core   0: 0x8000ba4e (0xffbb4503) lbu     a0, -5(s6)
core   0: 3 0x8000ba4e (0xffbb4503) x10 0x000000a0 mem 0x800103ed
core   0: 0x8000ba52 (0x00720723) sb      t2, 14(tp)
core   0: 3 0x8000ba52 (0x00720723) mem 0x80013f32 0xcb
core   0: 0x8000ba56 (0x02124d03) lbu     s10, 33(tp)
core   0: 3 0x8000ba56 (0x02124d03) x26 0x000000ca mem 0x80013f45
core   0: 0x8000ba5a (0xffab2183) lw      gp, -6(s6)
core   0: 3 0x8000ba5a (0xffab2183) x 3 0x0058a046 mem 0x800103ec
core   0: 0x8000ba5e (0xff9b0f23) sb      s9, -2(s6)
core   0: 3 0x8000ba5e (0xff9b0f23) mem 0x800103f0 0x25
core   0: 0x8000ba62 (0x01d21523) sh      t4, 10(tp)
core   0: 3 0x8000ba62 (0x01d21523) mem 0x80013f2e 0xff90
core   0: 0x8000ba66 (0x013b0223) sb      s3, 4(s6)
core   0: 3 0x8000ba66 (0x013b0223) mem 0x800103f6 0x86
core   0: 0x8000ba6a (0x007b0f83) lb      t6, 7(s6)
core   0: 3 0x8000ba6a (0x007b0f83) x31 0x00000055 mem 0x800103f9
core   0: 0x8000ba6e (0xfe924083) lbu     ra, -23(tp)
core   0: 3 0x8000ba6e (0xfe924083) x 1 0x00000091 mem 0x80013f0d
core   0: 0x8000ba72 (0x00011b97) auipc   s7, 0x11
core   0: 3 0x8000ba72 (0x00011b97) x23 0x8001ca72
core   0: 0x8000ba76 (0xb9bb8b93) addi    s7, s7, -1125
core   0: 3 0x8000ba76 (0xb9bb8b93) x23 0x8001c60d
core   0: 0x8000ba7a (0xf5fbdf83) lhu     t6, -161(s7)
core   0: 3 0x8000ba7a (0xf5fbdf83) x31 0x00007928 mem 0x8001c56c
core   0: 0x8000ba7e (0x008b3fb3) sltu    t6, s6, s0
core   0: 3 0x8000ba7e (0x008b3fb3) x31 0x00000000
core   0: 0x8000ba82 (0x000068c1) c.lui   a7, 0x10
core   0: 3 0x8000ba82 (0x68c1) x17 0x00010000
core   0: 0x8000ba84 (0xff4b8683) lb      a3, -12(s7)
core   0: 3 0x8000ba84 (0xff4b8683) x13 0x00000038 mem 0x8001c601
core   0: 0x8000ba88 (0xf19b8d03) lb      s10, -231(s7)
core   0: 3 0x8000ba88 (0xf19b8d03) x26 0xffffff92 mem 0x8001c526
core   0: 0x8000ba8c (0x0d7b8403) lb      s0, 215(s7)
core   0: 3 0x8000ba8c (0x0d7b8403) x 8 0xffffffe2 mem 0x8001c6e4
core   0: 0x8000ba90 (0x715b4d13) xori    s10, s6, 1813
core   0: 3 0x8000ba90 (0x715b4d13) x26 0x800104e7
core   0: 0x8000ba94 (0x00009ffe) c.add   t6, t6
core   0: 3 0x8000ba94 (0x9ffe) x31 0x00000000
core   0: 0x8000ba96 (0x03a41b33) mulh    s6, s0, s10
core   0: 3 0x8000ba96 (0x03a41b33) x22 0x0000000e
core   0: 0x8000ba9a (0x04dbd883) lhu     a7, 77(s7)
core   0: 3 0x8000ba9a (0x04dbd883) x17 0x00000d84 mem 0x8001c65a
core   0: 0x8000ba9e (0x00008ee1) c.and   a3, s0
core   0: 3 0x8000ba9e (0x8ee1) x13 0x00000020
core   0: 0x8000baa0 (0x41f8d8b3) sra     a7, a7, t6
core   0: 3 0x8000baa0 (0x41f8d8b3) x17 0x00000d84
core   0: 0x8000baa4 (0x00008815) c.andi  s0, 5
core   0: 3 0x8000baa4 (0x8815) x 8 0x00000000
core   0: 0x8000baa6 (0x8e044d13) xori    s10, s0, -1824
core   0: 3 0x8000baa6 (0x8e044d13) x26 0xfffff8e0
core   0: 0x8000baaa (0x011fbb33) sltu    s6, t6, a7
core   0: 3 0x8000baaa (0x011fbb33) x22 0x00000001
core   0: 0x8000baae (0x00000001) c.nop
core   0: 3 0x8000baae (0x0001)
core   0: 0x8000bab0 (0xfd8b8403) lb      s0, -40(s7)
core   0: 3 0x8000bab0 (0xfd8b8403) x 8 0x00000046 mem 0x8001c5e5
core   0: 0x8000bab4 (0xf92bc403) lbu     s0, -110(s7)
core   0: 3 0x8000bab4 (0xf92bc403) x 8 0x000000c9 mem 0x8001c59f
core   0: 0x8000bab8 (0x016f9b33) sll     s6, t6, s6
core   0: 3 0x8000bab8 (0x016f9b33) x22 0x00000000
core   0: 0x8000babc (0x40ab5893) srai    a7, s6, 10
core   0: 3 0x8000babc (0x40ab5893) x17 0x00000000
core   0: 0x8000bac0 (0x008d7b33) and     s6, s10, s0
core   0: 3 0x8000bac0 (0x008d7b33) x22 0x000000c0
core   0: 0x8000bac4 (0x0316d433) divu    s0, a3, a7
core   0: 3 0x8000bac4 (0x0316d433) x 8 0xffffffff
core   0: 0x8000bac8 (0x100b8d03) lb      s10, 256(s7)
core   0: 3 0x8000bac8 (0x100b8d03) x26 0x00000038 mem 0x8001c70d
core   0: 0x8000bacc (0x00008ea1) c.xor   a3, s0
core   0: 3 0x8000bacc (0x8ea1) x13 0xffffffdf
core   0: 0x8000bace (0x4c66bb13) sltiu   s6, a3, 1222
core   0: 3 0x8000bace (0x4c66bb13) x22 0x00000000
core   0: 0x8000bad2 (0x0dcb8b03) lb      s6, 220(s7)
core   0: 3 0x8000bad2 (0x0dcb8b03) x22 0xffffffe2 mem 0x8001c6e9
core   0: 0x8000bad6 (0xf6db97a3) sh      a3, -145(s7)
core   0: 3 0x8000bad6 (0xf6db97a3) mem 0x8001c57c 0xffdf
core   0: 0x8000bada (0xfd6b8d03) lb      s10, -42(s7)
core   0: 3 0x8000bada (0xfd6b8d03) x26 0xffffffb1 mem 0x8001c5e3
core   0: 0x8000bade (0x22165fb7) lui     t6, 0x22165
core   0: 3 0x8000bade (0x22165fb7) x31 0x22165000
core   0: 0x8000bae2 (0x9c242693) slti    a3, s0, -1598
core   0: 3 0x8000bae2 (0x9c242693) x13 0x00000000
core   0: 0x8000bae6 (0x01641b33) sll     s6, s0, s6
core   0: 3 0x8000bae6 (0x01641b33) x22 0xfffffffc
core   0: 0x8000baea (0xf7ab8f83) lb      t6, -134(s7)
core   0: 3 0x8000baea (0xf7ab8f83) x31 0x0000004f mem 0x8001c587
core   0: 0x8000baee (0x000098b6) c.add   a7, a3
core   0: 3 0x8000baee (0x98b6) x17 0x00000000
core   0: 0x8000baf0 (0xfa1bd403) lhu     s0, -95(s7)
core   0: 3 0x8000baf0 (0xfa1bd403) x 8 0x0000a570 mem 0x8001c5ae
core   0: 0x8000baf4 (0x008d46b3) xor     a3, s10, s0
core   0: 3 0x8000baf4 (0x008d46b3) x13 0xffff5ac1
core   0: 0x8000baf8 (0x0118fb33) and     s6, a7, a7
core   0: 3 0x8000baf8 (0x0118fb33) x22 0x00000000
core   0: 0x8000bafc (0x4078b693) sltiu   a3, a7, 1031
core   0: 3 0x8000bafc (0x4078b693) x13 0x00000001
core   0: 0x8000bb00 (0x0bfb8ba3) sb      t6, 183(s7)
core   0: 3 0x8000bb00 (0x0bfb8ba3) mem 0x8001c6c4 0x4f
core   0: 0x8000bb04 (0x03a8f8b3) remu    a7, a7, s10
core   0: 3 0x8000bb04 (0x03a8f8b3) x17 0x00000000
core   0: 0x8000bb08 (0x00009ffe) c.add   t6, t6
core   0: 3 0x8000bb08 (0x9ffe) x31 0x0000009e
core   0: 0x8000bb0a (0x0dcb8683) lb      a3, 220(s7)
core   0: 3 0x8000bb0a (0x0dcb8683) x13 0xffffffe2 mem 0x8001c6e9
core   0: 0x8000bb0e (0xf20b8883) lb      a7, -224(s7)
core   0: 3 0x8000bb0e (0xf20b8883) x17 0x00000026 mem 0x8001c52d
core   0: 0x8000bb12 (0x03a44fb3) div     t6, s0, s10
core   0: 3 0x8000bb12 (0x03a44fb3) x31 0xfffffde8
core   0: 0x8000bb16 (0x0000987d) c.andi  s0, -1
core   0: 3 0x8000bb16 (0x987d) x 8 0x0000a570
core   0: 0x8000bb18 (0x076b98a3) sh      s6, 113(s7)
core   0: 3 0x8000bb18 (0x076b98a3) mem 0x8001c67e 0x0000
core   0: 0x8000bb1c (0x0116dfb3) srl     t6, a3, a7
core   0: 3 0x8000bb1c (0x0116dfb3) x31 0x03ffffff
core   0: 0x8000bb20 (0x0368b433) mulhu   s0, a7, s6
core   0: 3 0x8000bb20 (0x0368b433) x 8 0x00000000
core   0: 0x8000bb24 (0x0daba3a3) sw      s10, 199(s7)
core   0: 3 0x8000bb24 (0x0daba3a3) mem 0x8001c6d4 0xffffffb1
core   0: 0x8000bb28 (0x0000ff97) auipc   t6, 0xf
core   0: 3 0x8000bb28 (0x0000ff97) x31 0x8001ab28
core   0: 0x8000bb2c (0x704f8f93) addi    t6, t6, 1796
core   0: 3 0x8000bb2c (0x704f8f93) x31 0x8001b22c
core   0: 0x8000bb30 (0x028fa503) lw      a0, 40(t6)
core   0: 3 0x8000bb30 (0x028fa503) x10 0x127c50eb mem 0x8001b254
core   0: 0x8000bb34 (0xfd5fc403) lbu     s0, -43(t6)
core   0: 3 0x8000bb34 (0xfd5fc403) x 8 0x0000006e mem 0x8001b201
core   0: 0x8000bb38 (0x00005617) auipc   a2, 0x5
core   0: 3 0x8000bb38 (0x00005617) x12 0x80010b38
core   0: 0x8000bb3c (0x90c60613) addi    a2, a2, -1780
core   0: 3 0x8000bb3c (0x90c60613) x12 0x80010444
core   0: 0x8000bb40 (0xfe160c83) lb      s9, -31(a2)
core   0: 3 0x8000bb40 (0xfe160c83) x25 0x00000053 mem 0x80010425
core   0: 0x8000bb44 (0x017f8a83) lb      s5, 23(t6)
core   0: 3 0x8000bb44 (0x017f8a83) x21 0xfffffff3 mem 0x8001b243
core   0: 0x8000bb48 (0xfc960683) lb      a3, -55(a2)
core   0: 3 0x8000bb48 (0xfc960683) x13 0x00000055 mem 0x8001040d
core   0: 0x8000bb4c (0xfd261a83) lh      s5, -46(a2)
core   0: 3 0x8000bb4c (0xfd261a83) x21 0x00002dd5 mem 0x80010416
core   0: 0x8000bb50 (0xfff64f03) lbu     t5, -1(a2)
core   0: 3 0x8000bb50 (0xfff64f03) x30 0x00000004 mem 0x80010443
core   0: 0x8000bb54 (0xfd961d23) sh      s9, -38(a2)
core   0: 3 0x8000bb54 (0xfd961d23) mem 0x8001041e 0x0053
core   0: 0x8000bb58 (0xff7f8723) sb      s7, -18(t6)
core   0: 3 0x8000bb58 (0xff7f8723) mem 0x8001b21a 0xd
core   0: 0x8000bb5c (0xfd5f8a83) lb      s5, -43(t6)
core   0: 3 0x8000bb5c (0xfd5f8a83) x21 0x0000006e mem 0x8001b201
core   0: 0x8000bb60 (0xfe6fdb83) lhu     s7, -26(t6)
core   0: 3 0x8000bb60 (0xfe6fdb83) x23 0x0000f663 mem 0x8001b212
core   0: 0x8000bb64 (0xfe764703) lbu     a4, -25(a2)
core   0: 3 0x8000bb64 (0xfe764703) x14 0x000000be mem 0x8001042b
core   0: 0x8000bb68 (0xfcffc703) lbu     a4, -49(t6)
core   0: 3 0x8000bb68 (0xfcffc703) x14 0x00000023 mem 0x8001b1fb
core   0: 0x8000bb6c (0x018fd703) lhu     a4, 24(t6)
core   0: 3 0x8000bb6c (0x018fd703) x14 0x00009644 mem 0x8001b244
core   0: 0x8000bb70 (0x02000c6f) jal     s8, pc + 0x20
core   0: 3 0x8000bb70 (0x02000c6f) x24 0x8000bb74
core   0: 0x8000bb90 (0x0000b7e5) c.j     pc - 24
core   0: 3 0x8000bb90 (0xb7e5)
core   0: 0x8000bb78 (0x00800def) jal     s11, pc + 0x8
core   0: 3 0x8000bb78 (0x00800def) x27 0x8000bb7c
core   0: 0x8000bb80 (0x0000bffd) c.j     pc - 2
core   0: 3 0x8000bb80 (0xbffd)
core   0: 0x8000bb7e (0x00002019) c.jal   pc + 6
core   0: 3 0x8000bb7e (0x2019) x 1 0x8000bb80
core   0: 0x8000bb84 (0x0000bfcd) c.j     pc - 14
core   0: 3 0x8000bb84 (0xbfcd)
core   0: 0x8000bb76 (0x00002811) c.jal   pc + 20
core   0: 3 0x8000bb76 (0x2811) x 1 0x8000bb78
core   0: 0x8000bb8a (0x0000bfe5) c.j     pc - 8
core   0: 3 0x8000bb8a (0xbfe5)
core   0: 0x8000bb82 (0x00003fed) c.jal   pc - 6
core   0: 3 0x8000bb82 (0x3fed) x 1 0x8000bb84
core   0: 0x8000bb7c (0x00002031) c.jal   pc + 12
core   0: 3 0x8000bb7c (0x2031) x 1 0x8000bb7e
core   0: 0x8000bb88 (0x00003ffd) c.jal   pc - 2
core   0: 3 0x8000bb88 (0x3ffd) x 1 0x8000bb8a
core   0: 0x8000bb86 (0x0000a019) c.j     pc + 6
core   0: 3 0x8000bb86 (0xa019)
core   0: 0x8000bb8c (0xfe9ff0ef) jal     pc - 0x18
core   0: 3 0x8000bb8c (0xfe9ff0ef) x 1 0x8000bb90
core   0: 0x8000bb74 (0x00002839) c.jal   pc + 30
core   0: 3 0x8000bb74 (0x2839) x 1 0x8000bb76
core   0: 0x8000bb92 (0x0ff0000f) fence   iorw,iorw
core   0: 3 0x8000bb92 (0x0ff0000f)
core   0: 0x8000bb96 (0x00b11293) slli    t0, sp, 11
core   0: 3 0x8000bb96 (0x00b11293) x 5 0x06dcd800
core   0: 0x8000bb9a (0x00008425) c.srai  s0, 9
core   0: 3 0x8000bb9a (0x8425) x 8 0x00000000
core   0: 0x8000bb9c (0x00000a92) c.slli  s5, 4
core   0: 3 0x8000bb9c (0x0a92) x21 0x000006e0
core   0: 0x8000bb9e (0x01856c33) or      s8, a0, s8
core   0: 3 0x8000bb9e (0x01856c33) x24 0x927cfbff
core   0: 0x8000bba2 (0x0286c9b3) div     s3, a3, s0
core   0: 3 0x8000bba2 (0x0286c9b3) x19 0xffffffff
core   0: 0x8000bba6 (0x00008c2d) c.xor   s0, a1
core   0: 3 0x8000bba6 (0x8c2d) x 8 0xffffffef
core   0: 0x8000bba8 (0x01638233) add     tp, t2, s6
core   0: 3 0x8000bba8 (0x01638233) x 4 0x0000fccb
core   0: 0x8000bbac (0x03e991b3) mulh    gp, s3, t5
core   0: 3 0x8000bbac (0x03e991b3) x 3 0xffffffff
core   0: 0x8000bbb0 (0x0000c305) c.beqz  a4, pc + 32
core   0: 3 0x8000bbb0 (0xc305)
core   0: 0x8000bbb2 (0x00ba9663) bne     s5, a1, pc + 12
core   0: 3 0x8000bbb2 (0x00ba9663)
core   0: 0x8000bbbe (0x022a38b3) mulhu   a7, s4, sp
core   0: 3 0x8000bbbe (0x022a38b3) x17 0x00006dcd
core   0: 0x8000bbc2 (0x00006369) c.lui   t1, 0x1a
core   0: 3 0x8000bbc2 (0x6369) x 6 0x0001a000
core   0: 0x8000bbc4 (0x00000449) c.addi  s0, 18
core   0: 3 0x8000bbc4 (0x0449) x 8 0x00000001
core   0: 0x8000bbc6 (0x00008351) c.srli  a4, 20
core   0: 3 0x8000bbc6 (0x8351) x14 0x00000000
core   0: 0x8000bbc8 (0x03d1cdb3) div     s11, gp, t4
core   0: 3 0x8000bbc8 (0x03d1cdb3) x27 0x00000000
core   0: 0x8000bbcc (0x006e2133) slt     sp, t3, t1
core   0: 3 0x8000bbcc (0x006e2133) x 2 0x00000001
core   0: 0x8000bbd0 (0x00008c75) c.and   s0, a3
core   0: 3 0x8000bbd0 (0x8c75) x 8 0x00000001
core   0: 0x8000bbd2 (0x03e74633) div     a2, a4, t5
core   0: 3 0x8000bbd2 (0x03e74633) x12 0x00000000
core   0: 0x8000bbd6 (0x015e0b33) add     s6, t3, s5
core   0: 3 0x8000bbd6 (0x015e0b33) x22 0x000007ae
core   0: 0x8000bbda (0x026800b3) mul     ra, a6, t1
core   0: 3 0x8000bbda (0x026800b3) x 1 0xd86b8000
core   0: 0x8000bbde (0x0052dd63) bge     t0, t0, pc + 26
core   0: 3 0x8000bbde (0x0052dd63)
core   0: 0x8000bbf8 (0x0ff0000f) fence   iorw,iorw
core   0: 3 0x8000bbf8 (0x0ff0000f)
core   0: 0x8000bbfc (0x01e660b3) or      ra, a2, t5
core   0: 3 0x8000bbfc (0x01e660b3) x 1 0x00000004
core   0: 0x8000bc00 (0xe4fd0a93) addi    s5, s10, -433
core   0: 3 0x8000bc00 (0xe4fd0a93) x21 0xfffffe00
core   0: 0x8000bc04 (0x0ff0000f) fence   iorw,iorw
core   0: 3 0x8000bc04 (0x0ff0000f)
core   0: 0x8000bc08 (0x00559db3) sll     s11, a1, t0
core   0: 3 0x8000bc08 (0x00559db3) x27 0xffffffef
core   0: 0x8000bc0c (0x1c9d00b7) lui     ra, 0x1c9d0
core   0: 3 0x8000bc0c (0x1c9d00b7) x 1 0x1c9d0000
core   0: 0x8000bc10 (0x00008c09) c.sub   s0, a0
core   0: 3 0x8000bc10 (0x8c09) x 8 0xed83af16
core   0: 0x8000bc12 (0x411f58b3) sra     a7, t5, a7
core   0: 3 0x8000bc12 (0x411f58b3) x17 0x00000000
core   0: 0x8000bc16 (0x40e607b3) sub     a5, a2, a4
core   0: 3 0x8000bc16 (0x40e607b3) x15 0x00000000
core   0: 0x8000bc1a (0x0000c981) c.beqz  a1, pc + 16
core   0: 3 0x8000bc1a (0xc981)
core   0: 0x8000bc1c (0x413d5213) srai    tp, s10, 19
core   0: 3 0x8000bc1c (0x413d5213) x 4 0xffffffff
core   0: 0x8000bc20 (0x026a0933) mul     s2, s4, t1
core   0: 3 0x8000bc20 (0x026a0933) x18 0x00000000
core   0: 0x8000bc24 (0xc61e4593) xori    a1, t3, -927
core   0: 3 0x8000bc24 (0xc61e4593) x11 0xfffffcaf
core   0: 0x8000bc28 (0x000085dd) c.srai  a1, 23
core   0: 3 0x8000bc28 (0x85dd) x11 0xffffffff
core   0: 0x8000bc2a (0x00738763) beq     t2, t2, pc + 14
core   0: 3 0x8000bc2a (0x00738763)
core   0: 0x8000bc38 (0x419b5613) srai    a2, s6, 25
core   0: 3 0x8000bc38 (0x419b5613) x12 0x00000000
core   0: 0x8000bc3c (0x0ff0000f) fence   iorw,iorw
core   0: 3 0x8000bc3c (0x0ff0000f)
core   0: 0x8000bc40 (0x41bdd133) sra     sp, s11, s11
core   0: 3 0x8000bc40 (0x41bdd133) x 2 0xffffffff
core   0: 0x8000bc44 (0x5558fd13) andi    s10, a7, 1365
core   0: 3 0x8000bc44 (0x5558fd13) x26 0x00000000
core   0: 0x8000bc48 (0x0220b433) mulhu   s0, ra, sp
core   0: 3 0x8000bc48 (0x0220b433) x 8 0x1c9cffff
core   0: 0x8000bc4c (0x04d90063) beq     s2, a3, pc + 64
core   0: 3 0x8000bc4c (0x04d90063)
core   0: 0x8000bc50 (0x01739d63) bne     t2, s7, pc + 26
core   0: 3 0x8000bc50 (0x01739d63)
core   0: 0x8000bc6a (0x0000877a) c.mv    a4, t5
core   0: 3 0x8000bc6a (0x877a) x14 0x00000004
core   0: 0x8000bc6c (0x016afe63) bgeu    s5, s6, pc + 28
core   0: 3 0x8000bc6c (0x016afe63)
core   0: 0x8000bc88 (0x00008d8d) c.sub   a1, a1
core   0: 3 0x8000bc88 (0x8d8d) x11 0x00000000
core   0: 0x8000bc8a (0x00004d3d) c.li    s10, 15
core   0: 3 0x8000bc8a (0x4d3d) x26 0x0000000f
core   0: 0x8000bc8c (0x01f3c033) xor     zero, t2, t6
core   0: 3 0x8000bc8c (0x01f3c033)
core   0: 0x8000bc90 (0x00005117) auipc   sp, 0x5
core   0: 3 0x8000bc90 (0x00005117) x 2 0x80010c90
core   0: 0x8000bc94 (0xb8d10113) addi    sp, sp, -1139
core   0: 3 0x8000bc94 (0xb8d10113) x 2 0x8001081d
core   0: 0x8000bc98 (0x01810783) lb      a5, 24(sp)
core   0: 3 0x8000bc98 (0x01810783) x15 0x00000065 mem 0x80010835
core   0: 0x8000bc9c (0x00004617) auipc   a2, 0x4
core   0: 3 0x8000bc9c (0x00004617) x12 0x8000fc9c
core   0: 0x8000bca0 (0x4f160613) addi    a2, a2, 1265
core   0: 3 0x8000bca0 (0x4f160613) x12 0x8001018d
core   0: 0x8000bca4 (0x00004c97) auipc   s9, 0x4
core   0: 3 0x8000bca4 (0x00004c97) x25 0x8000fca4
core   0: 0x8000bca8 (0x3d6c8c93) addi    s9, s9, 982
core   0: 3 0x8000bca8 (0x3d6c8c93) x25 0x8001007a
core   0: 0x8000bcac (0x02b12203) lw      tp, 43(sp)
core   0: 3 0x8000bcac (0x02b12203) x 4 0x9c924f7d mem 0x80010848
core   0: 0x8000bcb0 (0xffd100a3) sb      t4, -31(sp)
core   0: 3 0x8000bcb0 (0xffd100a3) mem 0x800107fe 0x90
core   0: 0x8000bcb4 (0x77ec87a3) sb      t5, 1903(s9)
core   0: 3 0x8000bcb4 (0x77ec87a3) mem 0x800107e9 0x4
core   0: 0x8000bcb8 (0x02110183) lb      gp, 33(sp)
core   0: 3 0x8000bcb8 (0x02110183) x 3 0x00000021 mem 0x8001083e
core   0: 0x8000bcbc (0xff362683) lw      a3, -13(a2)
core   0: 3 0x8000bcbc (0xff362683) x13 0xcb09377b mem 0x80010180
core   0: 0x8000bcc0 (0x03010c03) lb      s8, 48(sp)
core   0: 3 0x8000bcc0 (0x03010c03) x24 0xffffff9d mem 0x8001084d
core   0: 0x8000bcc4 (0x219c8683) lb      a3, 537(s9)
core   0: 3 0x8000bcc4 (0x219c8683) x13 0x00000040 mem 0x80010293
core   0: 0x8000bcc8 (0xff464903) lbu     s2, -12(a2)
core   0: 3 0x8000bcc8 (0xff464903) x18 0x00000037 mem 0x80010181
core   0: 0x8000bccc (0xff464b83) lbu     s7, -12(a2)
core   0: 3 0x8000bccc (0xff464b83) x23 0x00000037 mem 0x80010181
core   0: 0x8000bcd0 (0x030123a3) sw      a6, 39(sp)
core   0: 3 0x8000bcd0 (0x030123a3) mem 0x80010844 0x80025dcc
core   0: 0x8000bcd4 (0xfd410383) lb      t2, -44(sp)
core   0: 3 0x8000bcd4 (0xfd410383) x 7 0xffffffc3 mem 0x800107f1
core   0: 0x8000bcd8 (0x7c6ca723) sw      t1, 1998(s9)
core   0: 3 0x8000bcd8 (0x7c6ca723) mem 0x80010848 0x0001a000
core   0: 0x8000bcdc (0x1afccd83) lbu     s11, 431(s9)
core   0: 3 0x8000bcdc (0x1afccd83) x27 0x00000068 mem 0x80010229
core   0: 0x8000bce0 (0xff515983) lhu     s3, -11(sp)
core   0: 3 0x8000bce0 (0xff515983) x19 0x0000fdce mem 0x80010812
core   0: 0x8000bce4 (0x629c8b03) lb      s6, 1577(s9)
core   0: 3 0x8000bce4 (0x629c8b03) x22 0xffffffe5 mem 0x800106a3
core   0: 0x8000bce8 (0x022103a3) sb      sp, 39(sp)
core   0: 3 0x8000bce8 (0x022103a3) mem 0x80010844 0x1d
core   0: 0x8000bcec (0x002627a3) sw      sp, 15(a2)
core   0: 3 0x8000bcec (0x002627a3) mem 0x8001019c 0x8001081d
core   0: 0x8000bcf0 (0xffd65083) lhu     ra, -3(a2)
core   0: 3 0x8000bcf0 (0xffd65083) x 1 0x000053ae mem 0x8001018a
core   0: 0x8000bcf4 (0x3d6cad23) sw      s6, 986(s9)
core   0: 3 0x8000bcf4 (0x3d6cad23) mem 0x80010454 0xffffffe5
core   0: 0x8000bcf8 (0x02011fa3) sh      zero, 63(sp)
core   0: 3 0x8000bcf8 (0x02011fa3) mem 0x8001085c 0x0000
core   0: 0x8000bcfc (0xff664583) lbu     a1, -10(a2)
core   0: 3 0x8000bcfc (0xff664583) x11 0x000000cb mem 0x80010183
core   0: 0x8000bd00 (0x440c9c23) sh      zero, 1112(s9)
core   0: 3 0x8000bd00 (0x440c9c23) mem 0x800104d2 0x0000
core   0: 0x8000bd04 (0x0233feb3) remu    t4, t2, gp
core   0: 3 0x8000bd04 (0x0233feb3) x29 0x00000009
core   0: 0x8000bd08 (0x000017fd) c.addi  a5, -1
core   0: 3 0x8000bd08 (0x17fd) x15 0x00000064
core   0: 0x8000bd0a (0x00006105) c.addi16sp sp, 32
core   0: 3 0x8000bd0a (0x6105) x 2 0x8001083d
core   0: 0x8000bd0c (0x00000398) c.addi4spn a4, sp, 448
core   0: 3 0x8000bd0c (0x0398) x14 0x800109fd
core   0: 0x8000bd0e (0x00f3d8b3) srl     a7, t2, a5
core   0: 3 0x8000bd0e (0x00f3d8b3) x17 0x0ffffffc
core   0: 0x8000bd12 (0x1407b393) sltiu   t2, a5, 320
core   0: 3 0x8000bd12 (0x1407b393) x 7 0x00000001
core   0: 0x8000bd16 (0x02ea68b3) rem     a7, s4, a4
core   0: 3 0x8000bd16 (0x02ea68b3) x17 0xfffef603
core   0: 0x8000bd1a (0x012d7d63) bgeu    s10, s2, pc + 26
core   0: 3 0x8000bd1a (0x012d7d63)
core   0: 0x8000bd1e (0x039f70b3) remu    ra, t5, s9
core   0: 3 0x8000bd1e (0x039f70b3) x 1 0x00000004
core   0: 0x8000bd22 (0x0000100f) fence.i
core   0: 3 0x8000bd22 (0x0000100f)
core   0: 0x8000bd26 (0x4167de33) sra     t3, a5, s6
core   0: 3 0x8000bd26 (0x4167de33) x28 0x00000003
core   0: 0x8000bd2a (0x02088b33) mul     s6, a7, zero
core   0: 3 0x8000bd2a (0x02088b33) x22 0x00000000
core   0: 0x8000bd2e (0x00001f14) c.addi4spn a3, sp, 944
core   0: 3 0x8000bd2e (0x1f14) x13 0x80010bed
core   0: 0x8000bd30 (0x00008e99) c.sub   a3, a4
core   0: 3 0x8000bd30 (0x8e99) x13 0x000001f0
core   0: 0x8000bd32 (0x000089c1) c.andi  a1, 16
core   0: 3 0x8000bd32 (0x89c1) x11 0x00000000
core   0: 0x8000bd34 (0x4022d293) srai    t0, t0, 2
core   0: 3 0x8000bd34 (0x4022d293) x 5 0x01b73600
core   0: 0x8000bd38 (0x66702437) lui     s0, 0x66702
core   0: 3 0x8000bd38 (0x66702437) x 8 0x66702000
core   0: 0x8000bd3c (0x004a1663) bne     s4, tp, pc + 12
core   0: 3 0x8000bd3c (0x004a1663)
core   0: 0x8000bd48 (0x00009eee) c.add   t4, s11
core   0: 3 0x8000bd48 (0x9eee) x29 0x00000071
core   0: 0x8000bd4a (0x00008e05) c.sub   a2, s1
core   0: 3 0x8000bd4a (0x8e05) x12 0xfffe64a9
core   0: 0x8000bd4c (0x28517613) andi    a2, sp, 645
core   0: 3 0x8000bd4c (0x28517613) x12 0x00000005
core   0: 0x8000bd50 (0x960ad897) auipc   a7, 0x960ad
core   0: 3 0x8000bd50 (0x960ad897) x17 0x160b8d50
core   0: 0x8000bd54 (0x00008d31) c.xor   a0, a2
core   0: 3 0x8000bd54 (0x8d31) x10 0x127c50ee
core   0: 0x8000bd56 (0x0156f533) and     a0, a3, s5
core   0: 3 0x8000bd56 (0x0156f533) x10 0x00000000
core   0: 0x8000bd5a (0x012c4233) xor     tp, s8, s2
core   0: 3 0x8000bd5a (0x012c4233) x 4 0xffffffaa
core   0: 0x8000bd5e (0x00008f2d) c.xor   a4, a1
core   0: 3 0x8000bd5e (0x8f2d) x14 0x800109fd
core   0: 0x8000bd60 (0x41e657b3) sra     a5, a2, t5
core   0: 3 0x8000bd60 (0x41e657b3) x15 0x00000000
core   0: 0x8000bd64 (0x00008422) c.mv    s0, s0
core   0: 3 0x8000bd64 (0x8422) x 8 0x66702000
core   0: 0x8000bd66 (0x00008ee9) c.and   a3, a0
core   0: 3 0x8000bd66 (0x8ee9) x13 0x00000000
core   0: 0x8000bd68 (0x00000001) c.nop
core   0: 3 0x8000bd68 (0x0001)
core   0: 0x8000bd6a (0x75e96593) ori     a1, s2, 1886
core   0: 3 0x8000bd6a (0x75e96593) x11 0x0000077f
core   0: 0x8000bd6e (0x025901b3) mul     gp, s2, t0
core   0: 3 0x8000bd6e (0x025901b3) x 3 0x5e5c9a00
core   0: 0x8000bd72 (0xadb68693) addi    a3, a3, -1317
core   0: 3 0x8000bd72 (0xadb68693) x13 0xfffffadb
core   0: 0x8000bd76 (0x000083c5) c.srli  a5, 17
core   0: 3 0x8000bd76 (0x83c5) x15 0x00000000
core   0: 0x8000bd78 (0x010fb0b3) sltu    ra, t6, a6
core   0: 3 0x8000bd78 (0x010fb0b3) x 1 0x00000001
core   0: 0x8000bd7c (0x019643b3) xor     t2, a2, s9
core   0: 3 0x8000bd7c (0x019643b3) x 7 0x8001007f
core   0: 0x8000bd80 (0x4190dab3) sra     s5, ra, s9
core   0: 3 0x8000bd80 (0x4190dab3) x21 0x00000000
core   0: 0x8000bd84 (0x0000100f) fence.i
core   0: 3 0x8000bd84 (0x0000100f)
core   0: 0x8000bd88 (0x01908a63) beq     ra, s9, pc + 20
core   0: 3 0x8000bd88 (0x01908a63)
core   0: 0x8000bd8c (0x99b50993) addi    s3, a0, -1637
core   0: 3 0x8000bd8c (0x99b50993) x19 0xfffff99b
core   0: 0x8000bd90 (0x41bbd533) sra     a0, s7, s11
core   0: 3 0x8000bd90 (0x41bbd533) x10 0x00000000
core   0: 0x8000bd94 (0xd369f417) auipc   s0, 0xd369f
core   0: 3 0x8000bd94 (0xd369f417) x 8 0x536aad94
core   0: 0x8000bd98 (0x44d20093) addi    ra, tp, 1101
core   0: 3 0x8000bd98 (0x44d20093) x 1 0x000003f7
core   0: 0x8000bd9c (0x57424b13) xori    s6, tp, 1396
core   0: 3 0x8000bd9c (0x57424b13) x22 0xfffffade
core   0: 0x8000bda0 (0x022f5163) bge     t5, sp, pc + 34
core   0: 3 0x8000bda0 (0x022f5163)
core   0: 0x8000bdc2 (0xc535c797) auipc   a5, 0xc535c
core   0: 3 0x8000bdc2 (0xc535c797) x15 0x45367dc2
core   0: 0x8000bdc6 (0x005c8c33) add     s8, s9, t0
core   0: 3 0x8000bdc6 (0x005c8c33) x24 0x81b8367a
core   0: 0x8000bdca (0x02102533) mulhsu  a0, zero, ra
core   0: 3 0x8000bdca (0x02102533) x10 0x00000000
core   0: 0x8000bdce (0x00006919) c.lui   s2, 0x6
core   0: 3 0x8000bdce (0x6919) x18 0x00006000
core   0: 0x8000bdd0 (0x001b4fb3) xor     t6, s6, ra
core   0: 3 0x8000bdd0 (0x001b4fb3) x31 0xfffff929
core   0: 0x8000bdd4 (0x4111d533) sra     a0, gp, a7
core   0: 3 0x8000bdd4 (0x4111d533) x10 0x00005e5c
core   0: 0x8000bdd8 (0x00008c49) c.or    s0, a0
core   0: 3 0x8000bdd8 (0x8c49) x 8 0x536affdc
core   0: 0x8000bdda (0x0ff0000f) fence   iorw,iorw
core   0: 3 0x8000bdda (0x0ff0000f)
core   0: 0x8000bdde (0x0164cdb3) xor     s11, s1, s6
core   0: 3 0x8000bdde (0x0164cdb3) x27 0x7ffd663a
core   0: 0x8000bde2 (0x01e53eb3) sltu    t4, a0, t5
core   0: 3 0x8000bde2 (0x01e53eb3) x29 0x00000000
core   0: 0x8000bde6 (0x00008eba) c.mv    t4, a4
core   0: 3 0x8000bde6 (0x8eba) x29 0x800109fd
core   0: 0x8000bde8 (0x94a96e13) ori     t3, s2, -1718
core   0: 3 0x8000bde8 (0x94a96e13) x28 0xfffff94a
core   0: 0x8000bdec (0x000090e2) c.add   ra, s8
core   0: 3 0x8000bdec (0x90e2) x 1 0x81b83a71
core   0: 0x8000bdee (0x0056dc63) bge     a3, t0, pc + 24
core   0: 3 0x8000bdee (0x0056dc63)
core   0: 0x8000bdf2 (0xff596cb7) lui     s9, 0xff596
core   0: 3 0x8000bdf2 (0xff596cb7) x25 0xff596000
core   0: 0x8000bdf6 (0x01effcb3) and     s9, t6, t5
core   0: 3 0x8000bdf6 (0x01effcb3) x25 0x00000000
core   0: 0x8000bdfa (0x03611bb3) mulh    s7, sp, s6
core   0: 3 0x8000bdfa (0x03611bb3) x23 0x00000290
core   0: 0x8000bdfe (0xd5e8ef13) ori     t5, a7, -674
core   0: 3 0x8000bdfe (0xd5e8ef13) x30 0xfffffd5e
core   0: 0x8000be02 (0x4182d033) sra     zero, t0, s8
core   0: 3 0x8000be02 (0x4182d033)
core   0: 0x8000be06 (0x000096b2) c.add   a3, a2
core   0: 3 0x8000be06 (0x96b2) x13 0xfffffae0
core   0: 0x8000be08 (0x00000001) c.nop
core   0: 3 0x8000be08 (0x0001)
core   0: 0x8000be0a (0x00004217) auipc   tp, 0x4
core   0: 3 0x8000be0a (0x00004217) x 4 0x8000fe0a
core   0: 0x8000be0e (0x51420213) addi    tp, tp, 1300
core   0: 3 0x8000be0e (0x51420213) x 4 0x8001031e
core   0: 0x8000be12 (0xd3c21b83) lh      s7, -708(tp)
core   0: 3 0x8000be12 (0xd3c21b83) x23 0x0000644f mem 0x8001005a
core   0: 0x8000be16 (0x33425603) lhu     a2, 820(tp)
core   0: 3 0x8000be16 (0x33425603) x12 0x00009407 mem 0x80010652
core   0: 0x8000be1a (0x53c20903) lb      s2, 1340(tp)
core   0: 3 0x8000be1a (0x53c20903) x18 0xffffffac mem 0x8001085a
core   0: 0x8000be1e (0xe6d20c03) lb      s8, -403(tp)
core   0: 3 0x8000be1e (0xe6d20c03) x24 0x00000053 mem 0x8001018b
core   0: 0x8000be22 (0x27620ca3) sb      s6, 633(tp)
core   0: 3 0x8000be22 (0x27620ca3) mem 0x80010597 0xde
core   0: 0x8000be26 (0x92eb4517) auipc   a0, 0x92eb4
core   0: 3 0x8000be26 (0x92eb4517) x10 0x12ebfe26
core   0: 0x8000be2a (0x0000717d) c.addi16sp sp, -16
core   0: 3 0x8000be2a (0x717d) x 2 0x8001082d
core   0: 0x8000be2c (0x1ae24103) lbu     sp, 430(tp)
core   0: 3 0x8000be2c (0x1ae24103) x 2 0x00000000 mem 0x800104cc
core   0: 0x8000be30 (0x02ffbcb3) mulhu   s9, t6, a5
core   0: 3 0x8000be30 (0x02ffbcb3) x25 0x45367be8
core   0: 0x8000be34 (0x009f9b13) slli    s6, t6, 9
core   0: 3 0x8000be34 (0x009f9b13) x22 0xfff25200
core   0: 0x8000be38 (0x71320f83) lb      t6, 1811(tp)
core   0: 3 0x8000be38 (0x71320f83) x31 0x00000075 mem 0x80010a31
core   0: 0x8000be3c (0x06720703) lb      a4, 103(tp)
core   0: 3 0x8000be3c (0x06720703) x14 0x00000000 mem 0x80010385
core   0: 0x8000be40 (0xf1924d03) lbu     s10, -231(tp)
core   0: 3 0x8000be40 (0xf1924d03) x26 0x00000023 mem 0x80010237
core   0: 0x8000be44 (0x06a207a3) sb      a0, 111(tp)
core   0: 3 0x8000be44 (0x06a207a3) mem 0x8001038d 0x26
core   0: 0x8000be48 (0x4c024303) lbu     t1, 1216(tp)
core   0: 3 0x8000be48 (0x4c024303) x 6 0x00000011 mem 0x800107de
core   0: 0x8000be4c (0x38221623) sh      sp, 908(tp)
core   0: 3 0x8000be4c (0x38221623) mem 0x800106aa 0x0000
core   0: 0x8000be50 (0x6c820023) sb      s0, 1728(tp)
core   0: 3 0x8000be50 (0x6c820023) mem 0x800109de 0xdc
core   0: 0x8000be54 (0xf4a21683) lh      a3, -182(tp)
core   0: 3 0x8000be54 (0xf4a21683) x13 0x00000001 mem 0x80010268
core   0: 0x8000be58 (0x01198b33) add     s6, s3, a7
core   0: 3 0x8000be58 (0x01198b33) x22 0x160b86eb
core   0: 0x8000be5c (0x00008509) c.srai  a0, 2
core   0: 3 0x8000be5c (0x8509) x10 0x04baff89
core   0: 0x8000be5e (0x0ff0000f) fence   iorw,iorw
core   0: 3 0x8000be5e (0x0ff0000f)
core   0: 0x8000be62 (0x03bafab3) remu    s5, s5, s11
core   0: 3 0x8000be62 (0x03bafab3) x21 0x00000000
core   0: 0x8000be66 (0x0000717d) c.addi16sp sp, -16
core   0: 3 0x8000be66 (0x717d) x 2 0xfffffff0
core   0: 0x8000be68 (0xfaf24583) lbu     a1, -81(tp)
core   0: 3 0x8000be68 (0xfaf24583) x11 0x000000d0 mem 0x800102cd
core   0: 0x8000be6c (0x1f220903) lb      s2, 498(tp)
core   0: 3 0x8000be6c (0x1f220903) x18 0x00000048 mem 0x80010510
core   0: 0x8000be70 (0x6f021423) sh      a6, 1768(tp)
core   0: 3 0x8000be70 (0x6f021423) mem 0x80010a06 0x5dcc
core   0: 0x8000be74 (0x000001e2) c.slli  gp, 24
core   0: 3 0x8000be74 (0x01e2) x 3 0x00000000
core   0: 0x8000be76 (0x5b724f03) lbu     t5, 1463(tp)
core   0: 3 0x8000be76 (0x5b724f03) x30 0x000000c7 mem 0x800108d5
core   0: 0x8000be7a (0x11a20c83) lb      s9, 282(tp)
core   0: 3 0x8000be7a (0x11a20c83) x25 0xffffffac mem 0x80010438
core   0: 0x8000be7e (0x00008ef5) c.and   a3, a3
core   0: 3 0x8000be7e (0x8ef5) x13 0x00000001
core   0: 0x8000be80 (0x00008dc1) c.or    a1, s0
core   0: 3 0x8000be80 (0x8dc1) x11 0x536affdc
core   0: 0x8000be82 (0x70f20223) sb      a5, 1796(tp)
core   0: 3 0x8000be82 (0x70f20223) mem 0x80010a22 0xc2
core   0: 0x8000be86 (0x03b063b3) rem     t2, zero, s11
core   0: 3 0x8000be86 (0x03b063b3) x 7 0x00000000
core   0: 0x8000be8a (0x02e297b3) mulh    a5, t0, a4
core   0: 3 0x8000be8a (0x02e297b3) x15 0x00000000
core   0: 0x8000be8e (0x01761333) sll     t1, a2, s7
core   0: 3 0x8000be8e (0x01761333) x 6 0x4a038000
core   0: 0x8000be92 (0x28308793) addi    a5, ra, 643
core   0: 3 0x8000be92 (0x28308793) x15 0x81b83cf4
core   0: 0x8000be96 (0x017b48b3) xor     a7, s6, s7
core   0: 3 0x8000be96 (0x017b48b3) x17 0x160be2a4
core   0: 0x8000be9a (0x69520123) sb      s5, 1666(tp)
core   0: 3 0x8000be9a (0x69520123) mem 0x800109a0 0x0
core   0: 0x8000be9e (0x03574d33) div     s10, a4, s5
core   0: 3 0x8000be9e (0x03574d33) x26 0xffffffff
core   0: 0x8000bea2 (0x0000177d) c.addi  a4, -1
core   0: 3 0x8000bea2 (0x177d) x14 0xffffffff
core   0: 0x8000bea4 (0x40f45033) sra     zero, s0, a5
core   0: 3 0x8000bea4 (0x40f45033)
core   0: 0x8000bea8 (0xf5e5e893) ori     a7, a1, -162
core   0: 3 0x8000bea8 (0xf5e5e893) x17 0xffffffde
core   0: 0x8000beac (0x00a89093) slli    ra, a7, 10
core   0: 3 0x8000beac (0x00a89093) x 1 0xffff7800
core   0: 0x8000beb0 (0x02c70f63) beq     a4, a2, pc + 62
core   0: 3 0x8000beb0 (0x02c70f63)
core   0: 0x8000beb4 (0x03eec6b3) div     a3, t4, t5
core   0: 3 0x8000beb4 (0x03eec6b3) x13 0xff5b5788
core   0: 0x8000beb8 (0x00000abe) c.slli  s5, 15
core   0: 3 0x8000beb8 (0x0abe) x21 0x00000000
core   0: 0x8000beba (0x01756e33) or      t3, a0, s7
core   0: 3 0x8000beba (0x01756e33) x28 0x04baffcf
core   0: 0x8000bebe (0x0000c389) c.beqz  a5, pc + 2
core   0: 3 0x8000bebe (0xc389)
core   0: 0x8000bec0 (0x000002ad) c.addi  t0, 11
core   0: 3 0x8000bec0 (0x02ad) x 5 0x01b7360b
core   0: 0x8000bec2 (0x0398f033) remu    zero, a7, s9
core   0: 3 0x8000bec2 (0x0398f033)
core   0: 0x8000bec6 (0x00009dbe) c.add   s11, a5
core   0: 3 0x8000bec6 (0x9dbe) x27 0x01b5a32e
core   0: 0x8000bec8 (0x01ba0d63) beq     s4, s11, pc + 26
core   0: 3 0x8000bec8 (0x01ba0d63)
core   0: 0x8000becc (0x035c98b3) mulh    a7, s9, s5
core   0: 3 0x8000becc (0x035c98b3) x17 0x00000000
core   0: 0x8000bed0 (0x67eb4c13) xori    s8, s6, 1662
core   0: 3 0x8000bed0 (0x67eb4c13) x24 0x160b8095
core   0: 0x8000bed4 (0xcd207c13) andi    s8, zero, -814
core   0: 3 0x8000bed4 (0xcd207c13) x24 0x00000000
core   0: 0x8000bed8 (0x00008c25) c.xor   s0, s1
core   0: 3 0x8000bed8 (0x8c25) x 8 0xd3686338
core   0: 0x8000beda (0x000092c6) c.add   t0, a7
core   0: 3 0x8000beda (0x92c6) x 5 0x01b7360b
core   0: 0x8000bedc (0x00008185) c.srli  a1, 1
core   0: 3 0x8000bedc (0x8185) x11 0x29b57fee
core   0: 0x8000bede (0x01458963) beq     a1, s4, pc + 18
core   0: 3 0x8000bede (0x01458963)
core   0: 0x8000bee2 (0x4264af93) slti    t6, s1, 1062
core   0: 3 0x8000bee2 (0x4264af93) x31 0x00000001
core   0: 0x8000bee6 (0x00a7beb3) sltu    t4, a5, a0
core   0: 3 0x8000bee6 (0x00a7beb3) x29 0x00000000
core   0: 0x8000beea (0x00dede13) srli    t3, t4, 13
core   0: 3 0x8000beea (0x00dede13) x28 0x00000000
core   0: 0x8000beee (0x00006161) c.addi16sp sp, 80
core   0: 3 0x8000beee (0x6161) x 2 0x00000040
core   0: 0x8000bef0 (0x01e4c7b3) xor     a5, s1, t5
core   0: 3 0x8000bef0 (0x01e4c7b3) x15 0x80029c23
core   0: 0x8000bef4 (0x00006365) c.lui   t1, 0x19
core   0: 3 0x8000bef4 (0x6365) x 6 0x00019000
core   0: 0x8000bef6 (0x951c5eb7) lui     t4, 0x951c5
core   0: 3 0x8000bef6 (0x951c5eb7) x29 0x951c5000
core   0: 0x8000befa (0x019e1f13) slli    t5, t3, 25
core   0: 3 0x8000befa (0x019e1f13) x30 0x00000000
core   0: 0x8000befe (0x0000041a) c.slli  s0, 6
core   0: 3 0x8000befe (0x041a) x 8 0xda18ce00
core   0: 0x8000bf00 (0x00008aa2) c.mv    s5, s0
core   0: 3 0x8000bf00 (0x8aa2) x21 0xda18ce00
core   0: 0x8000bf02 (0x00008955) c.andi  a0, 21
core   0: 3 0x8000bf02 (0x8955) x10 0x00000001
core   0: 0x8000bf04 (0x018e6d33) or      s10, t3, s8
core   0: 3 0x8000bf04 (0x018e6d33) x26 0x00000000
core   0: 0x8000bf08 (0x40205eb3) sra     t4, zero, sp
core   0: 3 0x8000bf08 (0x40205eb3) x29 0x00000000
core   0: 0x8000bf0c (0x40782b93) slti    s7, a6, 1031
core   0: 3 0x8000bf0c (0x40782b93) x23 0x00000001
core   0: 0x8000bf10 (0x028af6b3) remu    a3, s5, s0
core   0: 3 0x8000bf10 (0x028af6b3) x13 0x00000000
core   0: 0x8000bf14 (0x03cef033) remu    zero, t4, t3
core   0: 3 0x8000bf14 (0x03cef033)
core   0: 0x8000bf18 (0x02bb7333) remu    t1, s6, a1
core   0: 3 0x8000bf18 (0x02bb7333) x 6 0x160b86eb
core   0: 0x8000bf1c (0x0000ec15) c.bnez  s0, pc + 60
core   0: 3 0x8000bf1c (0xec15)
core   0: 0x8000bf58 (0x0029e263) bltu    s3, sp, pc + 4
core   0: 3 0x8000bf58 (0x0029e263)
core   0: 0x8000bf5c (0x00000001) c.nop
core   0: 3 0x8000bf5c (0x0001)
core   0: 0x8000bf5e (0x00001d18) c.addi4spn a4, sp, 688
core   0: 3 0x8000bf5e (0x1d18) x14 0x000002f0
core   0: 0x8000bf60 (0x2912fb13) andi    s6, t0, 657
core   0: 3 0x8000bf60 (0x2912fb13) x22 0x00000201
core   0: 0x8000bf64 (0x00009a8e) c.add   s5, gp
core   0: 3 0x8000bf64 (0x9a8e) x21 0xda18ce00
core   0: 0x8000bf66 (0xb21cec13) ori     s8, s9, -1247
core   0: 3 0x8000bf66 (0xb21cec13) x24 0xffffffad
core   0: 0x8000bf6a (0x00000001) c.nop
core   0: 3 0x8000bf6a (0x0001)
core   0: 0x8000bf6c (0x00008a81) c.andi  a3, 0
core   0: 3 0x8000bf6c (0x8a81) x13 0x00000000
core   0: 0x8000bf6e (0x00008e39) c.xor   a2, a4
core   0: 3 0x8000bf6e (0x8e39) x12 0x000096f7
core   0: 0x8000bf70 (0x035c9e33) mulh    t3, s9, s5
core   0: 3 0x8000bf70 (0x035c9e33) x28 0x0000000c
core   0: 0x8000bf74 (0x00270db3) add     s11, a4, sp
core   0: 3 0x8000bf74 (0x00270db3) x27 0x00000330
core   0: 0x8000bf78 (0x40795713) srai    a4, s2, 7
core   0: 3 0x8000bf78 (0x40795713) x14 0x00000000
core   0: 0x8000bf7c (0x00008dfd) c.and   a1, a5
core   0: 3 0x8000bf7c (0x8dfd) x11 0x00001c22
core   0: 0x8000bf7e (0x00000001) c.nop
core   0: 3 0x8000bf7e (0x0001)
core   0: 0x8000bf80 (0x00ebd013) srli    zero, s7, 14
core   0: 3 0x8000bf80 (0x00ebd013)
core   0: 0x8000bf84 (0x0258fb63) bgeu    a7, t0, pc + 54
core   0: 3 0x8000bf84 (0x0258fb63)
core   0: 0x8000bf88 (0x00000001) c.nop
core   0: 3 0x8000bf88 (0x0001)
core   0: 0x8000bf8a (0xaf0a6313) ori     t1, s4, -1296
core   0: 3 0x8000bf8a (0xaf0a6313) x 6 0xfffffaf0
core   0: 0x8000bf8e (0x0000088c) c.addi4spn a1, sp, 80
core   0: 3 0x8000bf8e (0x088c) x11 0x00000090
core   0: 0x8000bf90 (0x0000cc01) c.beqz  s0, pc + 24
core   0: 3 0x8000bf90 (0xcc01)
core   0: 0x8000bf92 (0xc45fbd93) sltiu   s11, t6, -955
core   0: 3 0x8000bf92 (0xc45fbd93) x27 0x00000001
core   0: 0x8000bf96 (0x0005e033) or      zero, a1, zero
core   0: 3 0x8000bf96 (0x0005e033)
core   0: 0x8000bf9a (0x033c5533) divu    a0, s8, s3
core   0: 3 0x8000bf9a (0x033c5533) x10 0x00000001
core   0: 0x8000bf9e (0x020e33b3) mulhu   t2, t3, zero
core   0: 3 0x8000bf9e (0x020e33b3) x 7 0x00000000
core   0: 0x8000bfa2 (0x0000c69d) c.beqz  a3, pc + 46
core   0: 3 0x8000bfa2 (0xc69d)
core   0: 0x8000bfd0 (0x011ecc33) xor     s8, t4, a7
core   0: 3 0x8000bfd0 (0x011ecc33) x24 0x00000000
core   0: 0x8000bfd4 (0x008f5b33) srl     s6, t5, s0
core   0: 3 0x8000bfd4 (0x008f5b33) x22 0x00000000
core   0: 0x8000bfd8 (0x0000e80d) c.bnez  s0, pc + 50
core   0: 3 0x8000bfd8 (0xe80d)
core   0: 0x8000c00a (0x00008de5) c.and   a1, s1
core   0: 3 0x8000c00a (0x8de5) x11 0x00000080
core   0: 0x8000c00c (0x40850fb3) sub     t6, a0, s0
core   0: 3 0x8000c00c (0x40850fb3) x31 0x25e73201
core   0: 0x8000c010 (0x00000001) c.nop
core   0: 3 0x8000c010 (0x0001)
core   0: 0x8000c012 (0x00008bb5) c.andi  a5, 13
core   0: 3 0x8000c012 (0x8bb5) x15 0x00000001
core   0: 0x8000c014 (0x03f6ff33) remu    t5, a3, t6
core   0: 3 0x8000c014 (0x03f6ff33) x30 0x00000000
core   0: 0x8000c018 (0x03a0d663) bge     ra, s10, pc + 44
core   0: 3 0x8000c018 (0x03a0d663)
core   0: 0x8000c01c (0x409a80b3) sub     ra, s5, s1
core   0: 3 0x8000c01c (0x409a80b3) x 1 0x5a16311c
core   0: 0x8000c020 (0x016cdb13) srli    s6, s9, 22
core   0: 3 0x8000c020 (0x016cdb13) x22 0x000003ff
core   0: 0x8000c024 (0x2d7f7713) andi    a4, t5, 727
core   0: 3 0x8000c024 (0x2d7f7713) x14 0x00000000
core   0: 0x8000c028 (0x07ebe613) ori     a2, s7, 126
core   0: 3 0x8000c028 (0x07ebe613) x12 0x0000007f
core   0: 0x8000c02c (0x00006115) c.addi16sp sp, 288
core   0: 3 0x8000c02c (0x6115) x 2 0x00000160
core   0: 0x8000c02e (0x00008929) c.andi  a0, 10
core   0: 3 0x8000c02e (0x8929) x10 0x00000000
core   0: 0x8000c030 (0x00008db9) c.xor   a1, a4
core   0: 3 0x8000c030 (0x8db9) x11 0x00000080
core   0: 0x8000c032 (0xa0c74993) xori    s3, a4, -1524
core   0: 3 0x8000c032 (0xa0c74993) x19 0xfffffa0c
core   0: 0x8000c036 (0x41eb8d33) sub     s10, s7, t5
core   0: 3 0x8000c036 (0x41eb8d33) x26 0x00000001
core   0: 0x8000c03a (0x0121d0b3) srl     ra, gp, s2
core   0: 3 0x8000c03a (0x0121d0b3) x 1 0x00000000
core   0: 0x8000c03e (0x01bedf63) bge     t4, s11, pc + 30
core   0: 3 0x8000c03e (0x01bedf63)
core   0: 0x8000c042 (0x0000800d) c.srli  s0, 3
core   0: 3 0x8000c042 (0x800d) x 8 0x1b4319c0
core   0: 0x8000c044 (0x0000c505) c.beqz  a0, pc + 40
core   0: 3 0x8000c044 (0xc505)
core   0: 0x8000c06c (0x000040cd) c.li    ra, 19
core   0: 3 0x8000c06c (0x40cd) x 1 0x00000013
core   0: 0x8000c06e (0x00004b99) c.li    s7, 6
core   0: 3 0x8000c06e (0x4b99) x23 0x00000006
core   0: 0x8000c070 (0x418ad1b3) sra     gp, s5, s8
core   0: 3 0x8000c070 (0x418ad1b3) x 3 0xda18ce00
core   0: 0x8000c074 (0x59436893) ori     a7, t1, 1428
core   0: 3 0x8000c074 (0x59436893) x17 0xfffffff4
core   0: 0x8000c078 (0x00008eb9) c.xor   a3, a4
core   0: 3 0x8000c078 (0x8eb9) x13 0x00000000
core   0: 0x8000c07a (0x083ec293) xori    t0, t4, 131
core   0: 3 0x8000c07a (0x083ec293) x 5 0x00000083
core   0: 0x8000c07e (0x41b8dd33) sra     s10, a7, s11
core   0: 3 0x8000c07e (0x41b8dd33) x26 0xfffffffa
core   0: 0x8000c082 (0x00008e7d) c.and   a2, a5
core   0: 3 0x8000c082 (0x8e7d) x12 0x00000001
core   0: 0x8000c084 (0x0390e633) rem     a2, ra, s9
core   0: 3 0x8000c084 (0x0390e633) x12 0x00000013
core   0: 0x8000c088 (0x007b4633) xor     a2, s6, t2
core   0: 3 0x8000c088 (0x007b4633) x12 0x000003ff
core   0: 0x8000c08c (0x000081c1) c.srli  a1, 16
core   0: 3 0x8000c08c (0x81c1) x11 0x00000000
core   0: 0x8000c08e (0x010d3033) sltu    zero, s10, a6
core   0: 3 0x8000c08e (0x010d3033)
core   0: 0x8000c092 (0x000057fd) c.li    a5, -1
core   0: 3 0x8000c092 (0x57fd) x15 0xffffffff
core   0: 0x8000c094 (0x29018693) addi    a3, gp, 656
core   0: 3 0x8000c094 (0x29018693) x13 0xda18d090
core   0: 0x8000c098 (0x0064da63) bge     s1, t1, pc + 20
core   0: 3 0x8000c098 (0x0064da63)
core   0: 0x8000c09c (0x008c1cb3) sll     s9, s8, s0
core   0: 3 0x8000c09c (0x008c1cb3) x25 0x00000000
core   0: 0x8000c0a0 (0xd8130213) addi    tp, t1, -639
core   0: 3 0x8000c0a0 (0xd8130213) x 4 0xfffff871
core   0: 0x8000c0a4 (0x033b7633) remu    a2, s6, s3
core   0: 3 0x8000c0a4 (0x033b7633) x12 0x000003ff
core   0: 0x8000c0a8 (0x00008de5) c.and   a1, s1
core   0: 3 0x8000c0a8 (0x8de5) x11 0x00000000
core   0: 0x8000c0aa (0x00008fb9) c.xor   a5, a4
core   0: 3 0x8000c0aa (0x8fb9) x15 0xffffffff
core   0: 0x8000c0ac (0x00000001) c.nop
core   0: 3 0x8000c0ac (0x0001)
core   0: 0x8000c0ae (0x01d31eb3) sll     t4, t1, t4
core   0: 3 0x8000c0ae (0x01d31eb3) x29 0xfffffaf0
core   0: 0x8000c0b2 (0x0000100f) fence.i
core   0: 3 0x8000c0b2 (0x0000100f)
core   0: 0x8000c0b6 (0x4146d313) srai    t1, a3, 20
core   0: 3 0x8000c0b6 (0x4146d313) x 6 0xfffffda1
core   0: 0x8000c0ba (0x028f2d33) mulhsu  s10, t5, s0
core   0: 3 0x8000c0ba (0x028f2d33) x26 0x00000000
core   0: 0x8000c0be (0x01aa5263) bge     s4, s10, pc + 4
core   0: 3 0x8000c0be (0x01aa5263)
core   0: 0x8000c0c2 (0x00001800) c.addi4spn s0, sp, 48
core   0: 3 0x8000c0c2 (0x1800) x 8 0x00000190
core   0: 0x8000c0c4 (0xb50d8937) lui     s2, 0xb50d8
core   0: 3 0x8000c0c4 (0xb50d8937) x18 0xb50d8000
core   0: 0x8000c0c8 (0x0000c991) c.beqz  a1, pc + 20
core   0: 3 0x8000c0c8 (0xc991)
core   0: 0x8000c0dc (0x039303b3) mul     t2, t1, s9
core   0: 3 0x8000c0dc (0x039303b3) x 7 0x00000000
core   0: 0x8000c0e0 (0x00000001) c.nop
core   0: 3 0x8000c0e0 (0x0001)
core   0: 0x8000c0e2 (0x0000100f) fence.i
core   0: 3 0x8000c0e2 (0x0000100f)
core   0: 0x8000c0e6 (0x00008189) c.srli  a1, 2
core   0: 3 0x8000c0e6 (0x8189) x11 0x00000000
core   0: 0x8000c0e8 (0x00a25c63) bge     tp, a0, pc + 24
core   0: 3 0x8000c0e8 (0x00a25c63)
core   0: 0x8000c0ec (0x00008ed1) c.or    a3, a2
core   0: 3 0x8000c0ec (0x8ed1) x13 0xda18d3ff
core   0: 0x8000c0ee (0x0217e7b3) rem     a5, a5, ra
core   0: 3 0x8000c0ee (0x0217e7b3) x15 0xffffffff
core   0: 0x8000c0f2 (0x01bc5cb3) srl     s9, s8, s11
core   0: 3 0x8000c0f2 (0x01bc5cb3) x25 0x00000000
core   0: 0x8000c0f6 (0x0ff0000f) fence   iorw,iorw
core   0: 3 0x8000c0f6 (0x0ff0000f)
core   0: 0x8000c0fa (0x0006d8b3) srl     a7, a3, zero
core   0: 3 0x8000c0fa (0x0006d8b3) x17 0xda18d3ff
core   0: 0x8000c0fe (0x00008af1) c.andi  a3, 28
core   0: 3 0x8000c0fe (0x8af1) x13 0x0000001c
core   0: 0x8000c100 (0x07c30363) beq     t1, t3, pc + 102
core   0: 3 0x8000c100 (0x07c30363)
core   0: 0x8000c104 (0x00008d69) c.and   a0, a0
core   0: 3 0x8000c104 (0x8d69) x10 0x00000000
core   0: 0x8000c106 (0xd60ae413) ori     s0, s5, -672
core   0: 3 0x8000c106 (0xd60ae413) x 8 0xffffff60
core   0: 0x8000c10a (0x01fc1693) slli    a3, s8, 31
core   0: 3 0x8000c10a (0x01fc1693) x13 0x00000000
core   0: 0x8000c10e (0x000089e9) c.andi  a1, 26
core   0: 3 0x8000c10e (0x89e9) x11 0x00000000
core   0: 0x8000c110 (0x000006fd) c.addi  a3, 31
core   0: 3 0x8000c110 (0x06fd) x13 0x0000001f
core   0: 0x8000c112 (0x017331b3) sltu    gp, t1, s7
core   0: 3 0x8000c112 (0x017331b3) x 3 0x00000000
core   0: 0x8000c116 (0x05cb1b63) bne     s6, t3, pc + 86
core   0: 3 0x8000c116 (0x05cb1b63)
core   0: 0x8000c16c (0x00000001) c.nop
core   0: 3 0x8000c16c (0x0001)
core   0: 0x8000c16e (0x0000138c) c.addi4spn a1, sp, 480
core   0: 3 0x8000c16e (0x138c) x11 0x00000340
core   0: 0x8000c170 (0x0015fc63) bgeu    a1, ra, pc + 24
core   0: 3 0x8000c170 (0x0015fc63)
core   0: 0x8000c188 (0x0ff0000f) fence   iorw,iorw
core   0: 3 0x8000c188 (0x0ff0000f)
core   0: 0x8000c18c (0x4180dab3) sra     s5, ra, s8
core   0: 3 0x8000c18c (0x4180dab3) x21 0x00000013
core   0: 0x8000c190 (0x000047b1) c.li    a5, 12
core   0: 3 0x8000c190 (0x47b1) x15 0x0000000c
core   0: 0x8000c192 (0x0000c10d) c.beqz  a0, pc + 34
core   0: 3 0x8000c192 (0xc10d)
core   0: 0x8000c1b4 (0xf847b997) auipc   s3, 0xf847b
core   0: 3 0x8000c1b4 (0xf847b997) x19 0x784871b4
core   0: 0x8000c1b8 (0x0129aab3) slt     s5, s3, s2
core   0: 3 0x8000c1b8 (0x0129aab3) x21 0x00000000
core   0: 0x8000c1bc (0x00008ef5) c.and   a3, a3
core   0: 3 0x8000c1bc (0x8ef5) x13 0x0000001f
core   0: 0x8000c1be (0x00008d8d) c.sub   a1, a1
core   0: 3 0x8000c1be (0x8d8d) x11 0x00000000
core   0: 0x8000c1c0 (0x0000148c) c.addi4spn a1, sp, 608
core   0: 3 0x8000c1c0 (0x148c) x11 0x000003c0
core   0: 0x8000c1c2 (0x02517163) bgeu    sp, t0, pc + 34
core   0: 3 0x8000c1c2 (0x02517163)
core   0: 0x8000c1e4 (0x0000717d) c.addi16sp sp, -16
core   0: 3 0x8000c1e4 (0x717d) x 2 0x00000150
core   0: 0x8000c1e6 (0x00001f10) c.addi4spn a2, sp, 944
core   0: 3 0x8000c1e6 (0x1f10) x12 0x00000500
core   0: 0x8000c1e8 (0x00000001) c.nop
core   0: 3 0x8000c1e8 (0x0001)
core   0: 0x8000c1ea (0x0000847a) c.mv    s0, t5
core   0: 3 0x8000c1ea (0x847a) x 8 0x00000000
core   0: 0x8000c1ec (0x0ff0000f) fence   iorw,iorw
core   0: 3 0x8000c1ec (0x0ff0000f)
core   0: 0x8000c1f0 (0x00e06cb3) or      s9, zero, a4
core   0: 3 0x8000c1f0 (0x00e06cb3) x25 0x00000000
core   0: 0x8000c1f4 (0x0104dc13) srli    s8, s1, 16
core   0: 3 0x8000c1f4 (0x0104dc13) x24 0x00008002
core   0: 0x8000c1f8 (0x00008931) c.andi  a0, 12
core   0: 3 0x8000c1f8 (0x8931) x10 0x00000000
core   0: 0x8000c1fa (0xb85d4113) xori    sp, s10, -1147
core   0: 3 0x8000c1fa (0xb85d4113) x 2 0xfffffb85
core   0: 0x8000c1fe (0x0000039d) c.addi  t2, 7
core   0: 3 0x8000c1fe (0x039d) x 7 0x00000007
core   0: 0x8000c200 (0x016ae533) or      a0, s5, s6
core   0: 3 0x8000c200 (0x016ae533) x10 0x000003ff
core   0: 0x8000c204 (0x023cbe33) mulhu   t3, s9, gp
core   0: 3 0x8000c204 (0x023cbe33) x28 0x00000000
core   0: 0x8000c208 (0x7d69e693) ori     a3, s3, 2006
core   0: 3 0x8000c208 (0x7d69e693) x13 0x784877f6
core   0: 0x8000c20c (0xd2327393) andi    t2, tp, -733
core   0: 3 0x8000c20c (0xd2327393) x 7 0xfffff821
core   0: 0x8000c210 (0x03834db3) div     s11, t1, s8
core   0: 3 0x8000c210 (0x03834db3) x27 0x00000000
core   0: 0x8000c214 (0x01c78cb3) add     s9, a5, t3
core   0: 3 0x8000c214 (0x01c78cb3) x25 0x0000000c
core   0: 0x8000c218 (0x76446f93) ori     t6, s0, 1892
core   0: 3 0x8000c218 (0x76446f93) x31 0x00000764
core   0: 0x8000c21c (0x01877433) and     s0, a4, s8
core   0: 3 0x8000c21c (0x01877433) x 8 0x00000000
core   0: 0x8000c220 (0x0000cc1d) c.beqz  s0, pc + 62
core   0: 3 0x8000c220 (0xcc1d)
core   0: 0x8000c25e (0x0000117d) c.addi  sp, -1
core   0: 3 0x8000c25e (0x117d) x 2 0xfffffb84
core   0: 0x8000c260 (0xf821d937) lui     s2, 0xf821d
core   0: 3 0x8000c260 (0xf821d937) x18 0xf821d000
core   0: 0x8000c264 (0x000002f9) c.addi  t0, 30
core   0: 3 0x8000c264 (0x02f9) x 5 0x000000a1
core   0: 0x8000c266 (0x6da13913) sltiu   s2, sp, 1754
core   0: 3 0x8000c266 (0x6da13913) x18 0x00000000
core   0: 0x8000c26a (0xa49f6b13) ori     s6, t5, -1463
core   0: 3 0x8000c26a (0xa49f6b13) x22 0xfffffa49
core   0: 0x8000c26e (0x0000ea8d) c.bnez  a3, pc + 50
core   0: 3 0x8000c26e (0xea8d)
core   0: 0x8000c2a0 (0x00009bd2) c.add   s7, s4
core   0: 3 0x8000c2a0 (0x9bd2) x23 0x80000006
core   0: 0x8000c2a2 (0x02c5e633) rem     a2, a1, a2
core   0: 3 0x8000c2a2 (0x02c5e633) x12 0x000003c0
core   0: 0x8000c2a6 (0x00000706) c.slli  a4, 1
core   0: 3 0x8000c2a6 (0x0706) x14 0x00000000
core   0: 0x8000c2a8 (0x00008529) c.srai  a0, 10
core   0: 3 0x8000c2a8 (0x8529) x10 0x00000000
core   0: 0x8000c2aa (0x00001c7d) c.addi  s8, -1
core   0: 3 0x8000c2aa (0x1c7d) x24 0x00008001
core   0: 0x8000c2ac (0x0000eb91) c.bnez  a5, pc + 20
core   0: 3 0x8000c2ac (0xeb91)
core   0: 0x8000c2c0 (0xc79eca97) auipc   s5, 0xc79ec
core   0: 3 0x8000c2c0 (0xc79eca97) x21 0x479f82c0
core   0: 0x8000c2c4 (0x4f130413) addi    s0, t1, 1265
core   0: 3 0x8000c2c4 (0x4f130413) x 8 0x00000292
core   0: 0x8000c2c8 (0x4051db93) srai    s7, gp, 5
core   0: 3 0x8000c2c8 (0x4051db93) x23 0x00000000
core   0: 0x8000c2cc (0x4094d893) srai    a7, s1, 9
core   0: 3 0x8000c2cc (0x4094d893) x17 0xffc0014e
core   0: 0x8000c2d0 (0x012913b3) sll     t2, s2, s2
core   0: 3 0x8000c2d0 (0x012913b3) x 7 0x00000000
core   0: 0x8000c2d4 (0x00bc36b3) sltu    a3, s8, a1
core   0: 3 0x8000c2d4 (0x00bc36b3) x13 0x00000000
core   0: 0x8000c2d8 (0x8de62c93) slti    s9, a2, -1826
core   0: 3 0x8000c2d8 (0x8de62c93) x25 0x00000000
core   0: 0x8000c2dc (0x01361e93) slli    t4, a2, 19
core   0: 3 0x8000c2dc (0x01361e93) x29 0x1e000000
core   0: 0x8000c2e0 (0x00fbc433) xor     s0, s7, a5
core   0: 3 0x8000c2e0 (0x00fbc433) x 8 0x0000000c
core   0: 0x8000c2e4 (0x419b5a93) srai    s5, s6, 25
core   0: 3 0x8000c2e4 (0x419b5a93) x21 0xffffffff
core   0: 0x8000c2e8 (0x00008e99) c.sub   a3, a4
core   0: 3 0x8000c2e8 (0x8e99) x13 0x00000000
core   0: 0x8000c2ea (0x01c15f13) srli    t5, sp, 28
core   0: 3 0x8000c2ea (0x01c15f13) x30 0x0000000f
core   0: 0x8000c2ee (0x00119433) sll     s0, gp, ra
core   0: 3 0x8000c2ee (0x00119433) x 8 0x00000000
core   0: 0x8000c2f2 (0x02206db3) rem     s11, zero, sp
core   0: 3 0x8000c2f2 (0x02206db3) x27 0x00000000
core   0: 0x8000c2f6 (0x02791133) mulh    sp, s2, t2
core   0: 3 0x8000c2f6 (0x02791133) x 2 0x00000000
core   0: 0x8000c2fa (0x0000028e) c.slli  t0, 3
core   0: 3 0x8000c2fa (0x028e) x 5 0x00000508
core   0: 0x8000c2fc (0x0000c43d) c.beqz  s0, pc + 110
core   0: 3 0x8000c2fc (0xc43d)
core   0: 0x8000c36a (0x00008e01) c.sub   a2, s0
core   0: 3 0x8000c36a (0x8e01) x12 0x000003c0
core   0: 0x8000c36c (0x00000001) c.nop
core   0: 3 0x8000c36c (0x0001)
core   0: 0x8000c36e (0x0326d733) divu    a4, a3, s2
core   0: 3 0x8000c36e (0x0326d733) x14 0xffffffff
core   0: 0x8000c372 (0x00006331) c.lui   t1, 0xc
core   0: 3 0x8000c372 (0x6331) x 6 0x0000c000
core   0: 0x8000c374 (0x13580213) addi    tp, a6, 309
core   0: 3 0x8000c374 (0x13580213) x 4 0x80025f01
core   0: 0x8000c378 (0x00009afd) c.andi  a3, -1
core   0: 3 0x8000c378 (0x9afd) x13 0x00000000
core   0: 0x8000c37a (0x00009ad6) c.add   s5, s5
core   0: 3 0x8000c37a (0x9ad6) x21 0xfffffffe
core   0: 0x8000c37c (0x02849963) bne     s1, s0, pc + 50
core   0: 3 0x8000c37c (0x02849963)
core   0: 0x8000c3ae (0x0000127d) c.addi  tp, -1
core   0: 3 0x8000c3ae (0x127d) x 4 0x80025f00
core   0: 0x8000c3b0 (0x023c1fb3) mulh    t6, s8, gp
core   0: 3 0x8000c3b0 (0x023c1fb3) x31 0x00000000
core   0: 0x8000c3b4 (0x00008fa2) c.mv    t6, s0
core   0: 3 0x8000c3b4 (0x8fa2) x31 0x00000000
core   0: 0x8000c3b6 (0x03d0ddb3) divu    s11, ra, t4
core   0: 3 0x8000c3b6 (0x03d0ddb3) x27 0x00000000
core   0: 0x8000c3ba (0x01564ab3) xor     s5, a2, s5
core   0: 3 0x8000c3ba (0x01564ab3) x21 0xfffffc3e
core   0: 0x8000c3be (0x00695963) bge     s2, t1, pc + 18
core   0: 3 0x8000c3be (0x00695963)
core   0: 0x8000c3c2 (0x000081d5) c.srli  a1, 21
core   0: 3 0x8000c3c2 (0x81d5) x11 0x00000000
core   0: 0x8000c3c4 (0x0ff0000f) fence   iorw,iorw
core   0: 3 0x8000c3c4 (0x0ff0000f)
core   0: 0x8000c3c8 (0x12074413) xori    s0, a4, 288
core   0: 3 0x8000c3c8 (0x12074413) x 8 0xfffffedf
core   0: 0x8000c3cc (0x03e0d0b3) divu    ra, ra, t5
core   0: 3 0x8000c3cc (0x03e0d0b3) x 1 0x00000001
core   0: 0x8000c3d0 (0x02a289b3) mul     s3, t0, a0
core   0: 3 0x8000c3d0 (0x02a289b3) x19 0x00000000
core   0: 0x8000c3d4 (0x6719ad93) slti    s11, s3, 1649
core   0: 3 0x8000c3d4 (0x6719ad93) x27 0x00000001
core   0: 0x8000c3d8 (0x00d781b3) add     gp, a5, a3
core   0: 3 0x8000c3d8 (0x00d781b3) x 3 0x0000000c
core   0: 0x8000c3dc (0xf7f60893) addi    a7, a2, -129
core   0: 3 0x8000c3dc (0xf7f60893) x17 0x0000033f
core   0: 0x8000c3e0 (0x00008ed1) c.or    a3, a2
core   0: 3 0x8000c3e0 (0x8ed1) x13 0x000003c0
core   0: 0x8000c3e2 (0x004d4b63) blt     s10, tp, pc + 22
core   0: 3 0x8000c3e2 (0x004d4b63)
core   0: 0x8000c3e6 (0x0000ef11) c.bnez  a4, pc + 28
core   0: 3 0x8000c3e6 (0xef11)
core   0: 0x8000c402 (0x00000d09) c.addi  s10, 2
core   0: 3 0x8000c402 (0x0d09) x26 0x00000002
core   0: 0x8000c404 (0x40275613) srai    a2, a4, 2
core   0: 3 0x8000c404 (0x40275613) x12 0xffffffff
core   0: 0x8000c408 (0x01a92db3) slt     s11, s2, s10
core   0: 3 0x8000c408 (0x01a92db3) x27 0x00000001
core   0: 0x8000c40c (0x00006249) c.lui   tp, 0x12
core   0: 3 0x8000c40c (0x6249) x 4 0x00012000
core   0: 0x8000c40e (0x01856033) or      zero, a0, s8
core   0: 3 0x8000c40e (0x01856033)
core   0: 0x8000c412 (0x0000ce01) c.beqz  a2, pc + 24
core   0: 3 0x8000c412 (0xce01)
core   0: 0x8000c414 (0x018f1e13) slli    t3, t5, 24
core   0: 3 0x8000c414 (0x018f1e13) x28 0x0f000000
core   0: 0x8000c418 (0x00008ed9) c.or    a3, a4
core   0: 3 0x8000c418 (0x8ed9) x13 0xffffffff
core   0: 0x8000c41a (0x03c3c533) div     a0, t2, t3
core   0: 3 0x8000c41a (0x03c3c533) x10 0x00000000
core   0: 0x8000c41e (0xd675c037) lui     zero, 0xd675c
core   0: 3 0x8000c41e (0xd675c037)
core   0: 0x8000c422 (0x00008c5d) c.or    s0, a5
core   0: 3 0x8000c422 (0x8c5d) x 8 0xfffffedf
core   0: 0x8000c424 (0x21028b13) addi    s6, t0, 528
core   0: 3 0x8000c424 (0x21028b13) x22 0x00000718
core   0: 0x8000c428 (0x0000ce15) c.beqz  a2, pc + 60
core   0: 3 0x8000c428 (0xce15)
core   0: 0x8000c42a (0x00008d89) c.sub   a1, a0
core   0: 3 0x8000c42a (0x8d89) x11 0x00000000
core   0: 0x8000c42c (0x02177ab3) remu    s5, a4, ra
core   0: 3 0x8000c42c (0x02177ab3) x21 0x00000000
core   0: 0x8000c430 (0x7b472913) slti    s2, a4, 1972
core   0: 3 0x8000c430 (0x7b472913) x18 0x00000001
core   0: 0x8000c434 (0x8fe7e613) ori     a2, a5, -1794
core   0: 3 0x8000c434 (0x8fe7e613) x12 0xfffff8fe
core   0: 0x8000c438 (0x00000318) c.addi4spn a4, sp, 384
core   0: 3 0x8000c438 (0x0318) x14 0x00000180
core   0: 0x8000c43a (0x00008efd) c.and   a3, a5
core   0: 3 0x8000c43a (0x8efd) x13 0x0000000c
core   0: 0x8000c43c (0x0116f463) bgeu    a3, a7, pc + 8
core   0: 3 0x8000c43c (0x0116f463)
core   0: 0x8000c440 (0x00005afd) c.li    s5, -1
core   0: 3 0x8000c440 (0x5afd) x21 0xffffffff
core   0: 0x8000c442 (0x00000a18) c.addi4spn a4, sp, 272
core   0: 3 0x8000c442 (0x0a18) x14 0x00000110
core   0: 0x8000c444 (0x0ff0000f) fence   iorw,iorw
core   0: 3 0x8000c444 (0x0ff0000f)
core   0: 0x8000c448 (0x03d4eab3) rem     s5, s1, t4
core   0: 3 0x8000c448 (0x03d4eab3) x21 0xf8029ce4
core   0: 0x8000c44c (0x000098d6) c.add   a7, s5
core   0: 3 0x8000c44c (0x98d6) x17 0xf802a023
core   0: 0x8000c44e (0x010c6d63) bltu    s8, a6, pc + 26
core   0: 3 0x8000c44e (0x010c6d63)
core   0: 0x8000c468 (0x310b3917) auipc   s2, 0x310b3
core   0: 3 0x8000c468 (0x310b3917) x18 0xb10bf468
core   0: 0x8000c46c (0x00008e9d) c.sub   a3, a5
core   0: 3 0x8000c46c (0x8e9d) x13 0x00000000
core   0: 0x8000c46e (0x00618fb3) add     t6, gp, t1
core   0: 3 0x8000c46e (0x00618fb3) x31 0x0000c00c
core   0: 0x8000c472 (0x00000001) c.nop
core   0: 3 0x8000c472 (0x0001)
core   0: 0x8000c474 (0x02c376b3) remu    a3, t1, a2
core   0: 3 0x8000c474 (0x02c376b3) x13 0x0000c000
core   0: 0x8000c478 (0x00008c7d) c.and   s0, a5
core   0: 3 0x8000c478 (0x8c7d) x 8 0x0000000c
core   0: 0x8000c47a (0x02dbb933) mulhu   s2, s7, a3
core   0: 3 0x8000c47a (0x02dbb933) x18 0x00000000
core   0: 0x8000c47e (0x70738793) addi    a5, t2, 1799
core   0: 3 0x8000c47e (0x70738793) x15 0x00000707
core   0: 0x8000c482 (0xbb4ec013) xori    zero, t4, -1100
core   0: 3 0x8000c482 (0xbb4ec013)
core   0: 0x8000c486 (0x00008c1d) c.sub   s0, a5
core   0: 3 0x8000c486 (0x8c1d) x 8 0xfffff905
core   0: 0x8000c488 (0x02b4ae33) mulhsu  t3, s1, a1
core   0: 3 0x8000c488 (0x02b4ae33) x28 0x00000000
core   0: 0x8000c48c (0x000049b9) c.li    s3, 14
core   0: 3 0x8000c48c (0x49b9) x19 0x0000000e
core   0: 0x8000c48e (0x0ff0000f) fence   iorw,iorw
core   0: 3 0x8000c48e (0x0ff0000f)
core   0: 0x8000c492 (0x02a568b3) rem     a7, a0, a0
core   0: 3 0x8000c492 (0x02a568b3) x17 0x00000000
core   0: 0x8000c496 (0x000082a9) c.srli  a3, 10
core   0: 3 0x8000c496 (0x82a9) x13 0x00000030
core   0: 0x8000c498 (0x0000846d) c.srai  s0, 27
core   0: 3 0x8000c498 (0x846d) x 8 0xffffffff
core   0: 0x8000c49a (0x02bac933) div     s2, s5, a1
core   0: 3 0x8000c49a (0x02bac933) x18 0xffffffff
core   0: 0x8000c49e (0x00008e11) c.sub   a2, a2
core   0: 3 0x8000c49e (0x8e11) x12 0x00000000
core   0: 0x8000c4a0 (0x026cd233) divu    tp, s9, t1
core   0: 3 0x8000c4a0 (0x026cd233) x 4 0x00000000
core   0: 0x8000c4a4 (0x0045c3b3) xor     t2, a1, tp
core   0: 3 0x8000c4a4 (0x0045c3b3) x 7 0x00000000
core   0: 0x8000c4a8 (0x03fe9d63) bne     t4, t6, pc + 58
core   0: 3 0x8000c4a8 (0x03fe9d63)
core   0: 0x8000c4e2 (0x0000ed91) c.bnez  a1, pc + 28
core   0: 3 0x8000c4e2 (0xed91)
core   0: 0x8000c4e4 (0x02d6fe33) remu    t3, a3, a3
core   0: 3 0x8000c4e4 (0x02d6fe33) x28 0x00000000
core   0: 0x8000c4e8 (0x416e5d93) srai    s11, t3, 22
core   0: 3 0x8000c4e8 (0x416e5d93) x27 0x00000000
core   0: 0x8000c4ec (0x0000100f) fence.i
core   0: 3 0x8000c4ec (0x0000100f)
core   0: 0x8000c4f0 (0x025c4c33) div     s8, s8, t0
core   0: 3 0x8000c4f0 (0x025c4c33) x24 0x00000019
core   0: 0x8000c4f4 (0x0000cb81) c.beqz  a5, pc + 16
core   0: 3 0x8000c4f4 (0xcb81)
core   0: 0x8000c4f6 (0x00008c4d) c.or    s0, a1
core   0: 3 0x8000c4f6 (0x8c4d) x 8 0xffffffff
core   0: 0x8000c4f8 (0x7932b313) sltiu   t1, t0, 1939
core   0: 3 0x8000c4f8 (0x7932b313) x 6 0x00000001
core   0: 0x8000c4fc (0x00006159) c.addi16sp sp, 400
core   0: 3 0x8000c4fc (0x6159) x 2 0x00000190
core   0: 0x8000c4fe (0x00000001) c.nop
core   0: 3 0x8000c4fe (0x0001)
core   0: 0x8000c500 (0x41e951b3) sra     gp, s2, t5
core   0: 3 0x8000c500 (0x41e951b3) x 3 0xffffffff
core   0: 0x8000c504 (0x00000001) c.nop
core   0: 3 0x8000c504 (0x0001)
core   0: 0x8000c506 (0xacf40d13) addi    s10, s0, -1329
core   0: 3 0x8000c506 (0xacf40d13) x26 0xffffface
core   0: 0x8000c50a (0x011edc33) srl     s8, t4, a7
core   0: 3 0x8000c50a (0x011edc33) x24 0x1e000000
core   0: 0x8000c50e (0x00008271) c.srli  a2, 28
core   0: 3 0x8000c50e (0x8271) x12 0x00000000
core   0: 0x8000c510 (0x507da013) slti    zero, s11, 1287
core   0: 3 0x8000c510 (0x507da013)
core   0: 0x8000c514 (0x07604393) xori    t2, zero, 118
core   0: 3 0x8000c514 (0x07604393) x 7 0x00000076
core   0: 0x8000c518 (0x01a4f433) and     s0, s1, s10
core   0: 3 0x8000c518 (0x01a4f433) x 8 0x800298c4
core   0: 0x8000c51c (0x40b38cb3) sub     s9, t2, a1
core   0: 3 0x8000c51c (0x40b38cb3) x25 0x00000076
core   0: 0x8000c520 (0x0ff0000f) fence   iorw,iorw
core   0: 3 0x8000c520 (0x0ff0000f)
core   0: 0x8000c524 (0x0000717d) c.addi16sp sp, -16
core   0: 3 0x8000c524 (0x717d) x 2 0x00000180
core   0: 0x8000c526 (0x41655eb3) sra     t4, a0, s6
core   0: 3 0x8000c526 (0x41655eb3) x29 0x00000000
core   0: 0x8000c52a (0x028a8ab3) mul     s5, s5, s0
core   0: 3 0x8000c52a (0x028a8ab3) x21 0xa8ef7e90
core   0: 0x8000c52e (0x4065de13) srai    t3, a1, 6
core   0: 3 0x8000c52e (0x4065de13) x28 0x00000000
core   0: 0x8000c532 (0x01983233) sltu    tp, a6, s9
core   0: 3 0x8000c532 (0x01983233) x 4 0x00000000
core   0: 0x8000c536 (0x00006d19) c.lui   s10, 0x6
core   0: 3 0x8000c536 (0x6d19) x26 0x00006000
core   0: 0x8000c538 (0x5283c513) xori    a0, t2, 1320
core   0: 3 0x8000c538 (0x5283c513) x10 0x0000055e
core   0: 0x8000c53c (0x12e3df97) auipc   t6, 0x12e3d
core   0: 3 0x8000c53c (0x12e3df97) x31 0x92e4953c
core   0: 0x8000c540 (0x00008d5d) c.or    a0, a5
core   0: 3 0x8000c540 (0x8d5d) x10 0x0000075f
core   0: 0x8000c542 (0x03c36663) bltu    t1, t3, pc + 44
core   0: 3 0x8000c542 (0x03c36663)
core   0: 0x8000c546 (0x01490263) beq     s2, s4, pc + 4
core   0: 3 0x8000c546 (0x01490263)
core   0: 0x8000c54a (0x00000ddd) c.addi  s11, 23
core   0: 3 0x8000c54a (0x0ddd) x27 0x00000017
core   0: 0x8000c54c (0x023b9ab3) mulh    s5, s7, gp
core   0: 3 0x8000c54c (0x023b9ab3) x21 0x00000000
core   0: 0x8000c550 (0x023f21b3) mulhsu  gp, t5, gp
core   0: 3 0x8000c550 (0x023f21b3) x 3 0x0000000e
core   0: 0x8000c554 (0x011a80b3) add     ra, s5, a7
core   0: 3 0x8000c554 (0x011a80b3) x 1 0x00000000
core   0: 0x8000c558 (0x0000c611) c.beqz  a2, pc + 12
core   0: 3 0x8000c558 (0xc611)
core   0: 0x8000c564 (0x00f12033) slt     zero, sp, a5
core   0: 3 0x8000c564 (0x00f12033)
core   0: 0x8000c568 (0x02299b63) bne     s3, sp, pc + 54
core   0: 3 0x8000c568 (0x02299b63)
core   0: 0x8000c59e (0x015253b3) srl     t2, tp, s5
core   0: 3 0x8000c59e (0x015253b3) x 7 0x00000000
core   0: 0x8000c5a2 (0x01de18b3) sll     a7, t3, t4
core   0: 3 0x8000c5a2 (0x01de18b3) x17 0x00000000
core   0: 0x8000c5a6 (0x005d4233) xor     tp, s10, t0
core   0: 3 0x8000c5a6 (0x005d4233) x 4 0x00006508
core   0: 0x8000c5aa (0x000fd393) srli    t2, t6, 0
core   0: 3 0x8000c5aa (0x000fd393) x 7 0x92e4953c
core   0: 0x8000c5ae (0x0107c533) xor     a0, a5, a6
core   0: 3 0x8000c5ae (0x0107c533) x10 0x80025acb
core   0: 0x8000c5b2 (0x01d38c33) add     s8, t2, t4
core   0: 3 0x8000c5b2 (0x01d38c33) x24 0x92e4953c
core   0: 0x8000c5b6 (0x0390a6b3) mulhsu  a3, ra, s9
core   0: 3 0x8000c5b6 (0x0390a6b3) x13 0x00000000
core   0: 0x8000c5ba (0x0000717d) c.addi16sp sp, -16
core   0: 3 0x8000c5ba (0x717d) x 2 0x00000170
core   0: 0x8000c5bc (0x019520b3) slt     ra, a0, s9
core   0: 3 0x8000c5bc (0x019520b3) x 1 0x00000001
core   0: 0x8000c5c0 (0x0004c433) xor     s0, s1, zero
core   0: 3 0x8000c5c0 (0x0004c433) x 8 0x80029ce4
core   0: 0x8000c5c4 (0x00000001) c.nop
core   0: 3 0x8000c5c4 (0x0001)
core   0: 0x8000c5c6 (0x022100b3) mul     ra, sp, sp
core   0: 3 0x8000c5c6 (0x022100b3) x 1 0x00021100
core   0: 0x8000c5ca (0x0000c015) c.beqz  s0, pc + 36
core   0: 3 0x8000c5ca (0xc015)
core   0: 0x8000c5cc (0x00008589) c.srai  a1, 2
core   0: 3 0x8000c5cc (0x8589) x11 0x00000000
core   0: 0x8000c5ce (0x00008d39) c.xor   a0, a4
core   0: 3 0x8000c5ce (0x8d39) x10 0x80025bdb
core   0: 0x8000c5d0 (0x00006169) c.addi16sp sp, 208
core   0: 3 0x8000c5d0 (0x6169) x 2 0x00000240
core   0: 0x8000c5d2 (0x0000808e) c.mv    ra, gp
core   0: 3 0x8000c5d2 (0x808e) x 1 0x0000000e
core   0: 0x8000c5d4 (0x00000132) c.slli  sp, 12
core   0: 3 0x8000c5d4 (0x0132) x 2 0x00240000
core   0: 0x8000c5d6 (0x00008e01) c.sub   a2, s0
core   0: 3 0x8000c5d6 (0x8e01) x12 0x7ffd631c
core   0: 0x8000c5d8 (0x41558333) sub     t1, a1, s5
core   0: 3 0x8000c5d8 (0x41558333) x 6 0x00000000
core   0: 0x8000c5dc (0x00d7af33) slt     t5, a5, a3
core   0: 3 0x8000c5dc (0x00d7af33) x30 0x00000000
core   0: 0x8000c5e0 (0x00008e11) c.sub   a2, a2
core   0: 3 0x8000c5e0 (0x8e11) x12 0x00000000
core   0: 0x8000c5e2 (0x00c5cab3) xor     s5, a1, a2
core   0: 3 0x8000c5e2 (0x00c5cab3) x21 0x00000000
core   0: 0x8000c5e6 (0x00b30633) add     a2, t1, a1
core   0: 3 0x8000c5e6 (0x00b30633) x12 0x00000000
core   0: 0x8000c5ea (0x00000001) c.nop
core   0: 3 0x8000c5ea (0x0001)
core   0: 0x8000c5ec (0x00008f55) c.or    a4, a3
core   0: 3 0x8000c5ec (0x8f55) x14 0x00000110
core   0: 0x8000c5ee (0x000098ae) c.add   a7, a1
core   0: 3 0x8000c5ee (0x98ae) x17 0x00000000
core   0: 0x8000c5f0 (0x07927793) andi    a5, tp, 121
core   0: 3 0x8000c5f0 (0x07927793) x15 0x00000008
core   0: 0x8000c5f4 (0x00001114) c.addi4spn a3, sp, 160
core   0: 3 0x8000c5f4 (0x1114) x13 0x002400a0
core   0: 0x8000c5f6 (0x00006165) c.addi16sp sp, 112
core   0: 3 0x8000c5f6 (0x6165) x 2 0x00240070
core   0: 0x8000c5f8 (0x00f51293) slli    t0, a0, 15
core   0: 3 0x8000c5f8 (0x00f51293) x 5 0x2ded8000
core   0: 0x8000c5fc (0x001ed6b3) srl     a3, t4, ra
core   0: 3 0x8000c5fc (0x001ed6b3) x13 0x00000000
core   0: 0x8000c600 (0x009ede63) bge     t4, s1, pc + 28
core   0: 3 0x8000c600 (0x009ede63)
core   0: 0x8000c61c (0x00004959) c.li    s2, 22
core   0: 3 0x8000c61c (0x4959) x18 0x00000016
core   0: 0x8000c61e (0x00001618) c.addi4spn a4, sp, 800
core   0: 3 0x8000c61e (0x1618) x14 0x00240390
core   0: 0x8000c620 (0x00008861) c.andi  s0, 24
core   0: 3 0x8000c620 (0x8861) x 8 0x00000000
core   0: 0x8000c622 (0x53ffc013) xori    zero, t6, 1343
core   0: 3 0x8000c622 (0x53ffc013)
core   0: 0x8000c626 (0x00008ee9) c.and   a3, a0
core   0: 3 0x8000c626 (0x8ee9) x13 0x00000000
core   0: 0x8000c628 (0x0000100f) fence.i
core   0: 3 0x8000c628 (0x0000100f)
core   0: 0x8000c62c (0x02ce7eb3) remu    t4, t3, a2
core   0: 3 0x8000c62c (0x02ce7eb3) x29 0x00000000
core   0: 0x8000c630 (0x413e0633) sub     a2, t3, s3
core   0: 3 0x8000c630 (0x413e0633) x12 0xfffffff2
core   0: 0x8000c634 (0x01e6bab3) sltu    s5, a3, t5
core   0: 3 0x8000c634 (0x01e6bab3) x21 0x00000000
core   0: 0x8000c638 (0x401f5e33) sra     t3, t5, ra
core   0: 3 0x8000c638 (0x401f5e33) x28 0x00000000
core   0: 0x8000c63c (0x018df8b3) and     a7, s11, s8
core   0: 3 0x8000c63c (0x018df8b3) x17 0x00000014
core   0: 0x8000c640 (0x03aec433) div     s0, t4, s10
core   0: 3 0x8000c640 (0x03aec433) x 8 0x00000000
core   0: 0x8000c644 (0x00008e9d) c.sub   a3, a5
core   0: 3 0x8000c644 (0x8e9d) x13 0xfffffff8
core   0: 0x8000c646 (0x03c77433) remu    s0, a4, t3
core   0: 3 0x8000c646 (0x03c77433) x 8 0x00240390
core   0: 0x8000c64a (0x00008c01) c.sub   s0, s0
core   0: 3 0x8000c64a (0x8c01) x 8 0x00000000
core   0: 0x8000c64c (0x02347f63) bgeu    s0, gp, pc + 62
core   0: 3 0x8000c64c (0x02347f63)
core   0: 0x8000c650 (0x2dbdeb13) ori     s6, s11, 731
core   0: 3 0x8000c650 (0x2dbdeb13) x22 0x000002df
core   0: 0x8000c654 (0x40be56b3) sra     a3, t3, a1
core   0: 3 0x8000c654 (0x40be56b3) x13 0x00000000
core   0: 0x8000c658 (0x00008b1e) c.mv    s6, t2
core   0: 3 0x8000c658 (0x8b1e) x22 0x92e4953c
core   0: 0x8000c65a (0x00008469) c.srai  s0, 26
core   0: 3 0x8000c65a (0x8469) x 8 0x00000000
core   0: 0x8000c65c (0x01111333) sll     t1, sp, a7
core   0: 3 0x8000c65c (0x01111333) x 6 0x07000000
core   0: 0x8000c660 (0x03de2633) mulhsu  a2, t3, t4
core   0: 3 0x8000c660 (0x03de2633) x12 0x00000000
core   0: 0x8000c664 (0x0000c21d) c.beqz  a2, pc + 38
core   0: 3 0x8000c664 (0xc21d)
core   0: 0x8000c68a (0x02b68b33) mul     s6, a3, a1
core   0: 3 0x8000c68a (0x02b68b33) x22 0x00000000
core   0: 0x8000c68e (0xb7187613) andi    a2, a6, -1167
core   0: 3 0x8000c68e (0xb7187613) x12 0x80025940
core   0: 0x8000c692 (0x00008d31) c.xor   a0, a2
core   0: 3 0x8000c692 (0x8d31) x10 0x0000029b
core   0: 0x8000c694 (0xd3e32037) lui     zero, 0xd3e32
core   0: 3 0x8000c694 (0xd3e32037)
core   0: 0x8000c698 (0x00008c01) c.sub   s0, s0
core   0: 3 0x8000c698 (0x8c01) x 8 0x00000000
core   0: 0x8000c69a (0x000001fe) c.slli  gp, 31
core   0: 3 0x8000c69a (0x01fe) x 3 0x00000000
core   0: 0x8000c69c (0x00000716) c.slli  a4, 5
core   0: 3 0x8000c69c (0x0716) x14 0x04807200
core   0: 0x8000c69e (0x0000e715) c.bnez  a4, pc + 44
core   0: 3 0x8000c69e (0xe715)
core   0: 0x8000c6ca (0x024dab33) mulhsu  s6, s11, tp
core   0: 3 0x8000c6ca (0x024dab33) x22 0x00000000
core   0: 0x8000c6ce (0x036da233) mulhsu  tp, s11, s6
core   0: 3 0x8000c6ce (0x036da233) x 4 0x00000000
core   0: 0x8000c6d2 (0x00000001) c.nop
core   0: 3 0x8000c6d2 (0x0001)
core   0: 0x8000c6d4 (0x00585c63) bge     a6, t0, pc + 24
core   0: 3 0x8000c6d4 (0x00585c63)
core   0: 0x8000c6d8 (0x00008c5d) c.or    s0, a5
core   0: 3 0x8000c6d8 (0x8c5d) x 8 0x00000008
core   0: 0x8000c6da (0x01a72033) slt     zero, a4, s10
core   0: 3 0x8000c6da (0x01a72033)
core   0: 0x8000c6de (0x4f3e2a93) slti    s5, t3, 1267
core   0: 3 0x8000c6de (0x4f3e2a93) x21 0x00000001
core   0: 0x8000c6e2 (0x0326cc33) div     s8, a3, s2
core   0: 3 0x8000c6e2 (0x0326cc33) x24 0x00000000
core   0: 0x8000c6e6 (0x01a946b3) xor     a3, s2, s10
core   0: 3 0x8000c6e6 (0x01a946b3) x13 0x00006016
core   0: 0x8000c6ea (0x00008d5d) c.or    a0, a5
core   0: 3 0x8000c6ea (0x8d5d) x10 0x0000029b
core   0: 0x8000c6ec (0x010a1513) slli    a0, s4, 16
core   0: 3 0x8000c6ec (0x010a1513) x10 0x00000000
core   0: 0x8000c6f0 (0x0ff0000f) fence   iorw,iorw
core   0: 3 0x8000c6f0 (0x0ff0000f)
core   0: 0x8000c6f4 (0x19edeb17) auipc   s6, 0x19ede
core   0: 3 0x8000c6f4 (0x19edeb17) x22 0x99eea6f4
core   0: 0x8000c6f8 (0x0000e699) c.bnez  a3, pc + 14
core   0: 3 0x8000c6f8 (0xe699)
core   0: 0x8000c706 (0x000d8263) beqz    s11, pc + 4
core   0: 3 0x8000c706 (0x000d8263)
core   0: 0x8000c70a (0x0000100f) fence.i
core   0: 3 0x8000c70a (0x0000100f)
core   0: 0x8000c70e (0x000083b1) c.srli  a5, 12
core   0: 3 0x8000c70e (0x83b1) x15 0x00000000
core   0: 0x8000c710 (0x00000de2) c.slli  s11, 24
core   0: 3 0x8000c710 (0x0de2) x27 0x17000000
core   0: 0x8000c712 (0x00008e21) c.xor   a2, s0
core   0: 3 0x8000c712 (0x8e21) x12 0x80025948
core   0: 0x8000c714 (0x02be07b3) mul     a5, t3, a1
core   0: 3 0x8000c714 (0x02be07b3) x15 0x00000000
core   0: 0x8000c718 (0x01d1e8b3) or      a7, gp, t4
core   0: 3 0x8000c718 (0x01d1e8b3) x17 0x00000000
core   0: 0x8000c71c (0x5aed6013) ori     zero, s10, 1454
core   0: 3 0x8000c71c (0x5aed6013)
core   0: 0x8000c720 (0x00000001) c.nop
core   0: 3 0x8000c720 (0x0001)
core   0: 0x8000c722 (0x0126bf33) sltu    t5, a3, s2
core   0: 3 0x8000c722 (0x0126bf33) x30 0x00000000
core   0: 0x8000c726 (0xedf0e437) lui     s0, 0xedf0e
core   0: 3 0x8000c726 (0xedf0e437) x 8 0xedf0e000
core   0: 0x8000c72a (0x2b457b13) andi    s6, a0, 692
core   0: 3 0x8000c72a (0x2b457b13) x22 0x00000000
core   0: 0x8000c72e (0x02c02ab3) mulhsu  s5, zero, a2
core   0: 3 0x8000c72e (0x02c02ab3) x21 0x00000000
core   0: 0x8000c732 (0x113b4213) xori    tp, s6, 275
core   0: 3 0x8000c732 (0x113b4213) x 4 0x00000113
core   0: 0x8000c736 (0x0000cb15) c.beqz  a4, pc + 52
core   0: 3 0x8000c736 (0xcb15)
core   0: 0x8000c738 (0x03cf6c63) bltu    t5, t3, pc + 56
core   0: 3 0x8000c738 (0x03cf6c63)
core   0: 0x8000c73c (0x00008ef9) c.and   a3, a4
core   0: 3 0x8000c73c (0x8ef9) x13 0x00006000
core   0: 0x8000c73e (0x01b13533) sltu    a0, sp, s11
core   0: 3 0x8000c73e (0x01b13533) x10 0x00000001
core   0: 0x8000c742 (0x00008bf9) c.andi  a5, 30
core   0: 3 0x8000c742 (0x8bf9) x15 0x00000000
core   0: 0x8000c744 (0x0000987d) c.andi  s0, -1
core   0: 3 0x8000c744 (0x987d) x 8 0xedf0e000
core   0: 0x8000c746 (0x0000909e) c.add   ra, t2
core   0: 3 0x8000c746 (0x909e) x 1 0x92e4954a
core   0: 0x8000c748 (0x000060d5) c.lui   ra, 0x15
core   0: 3 0x8000c748 (0x60d5) x 1 0x00015000
core   0: 0x8000c74a (0xb6686b93) ori     s7, a6, -1178
core   0: 3 0x8000c74a (0xb6686b93) x23 0xffffffee
core   0: 0x8000c74e (0x01a55013) srli    zero, a0, 26
core   0: 3 0x8000c74e (0x01a55013)
core   0: 0x8000c752 (0x0000926a) c.add   tp, s10
core   0: 3 0x8000c752 (0x926a) x 4 0x00006113
core   0: 0x8000c754 (0x406a81b3) sub     gp, s5, t1
core   0: 3 0x8000c754 (0x406a81b3) x 3 0xf9000000
core   0: 0x8000c758 (0x0000cd91) c.beqz  a1, pc + 28
core   0: 3 0x8000c758 (0xcd91)
core   0: 0x8000c774 (0x4140d613) srai    a2, ra, 20
core   0: 3 0x8000c774 (0x4140d613) x12 0x00000000
core   0: 0x8000c778 (0x41895533) sra     a0, s2, s8
core   0: 3 0x8000c778 (0x41895533) x10 0x00000016
core   0: 0x8000c77c (0x003cef63) bltu    s9, gp, pc + 30
core   0: 3 0x8000c77c (0x003cef63)
core   0: 0x8000c79a (0x40ec8733) sub     a4, s9, a4
core   0: 3 0x8000c79a (0x40ec8733) x14 0xfb7f8e76
core   0: 0x8000c79e (0x66e92eb7) lui     t4, 0x66e92
core   0: 3 0x8000c79e (0x66e92eb7) x29 0x66e92000
core   0: 0x8000c7a2 (0x40f05333) sra     t1, zero, a5
core   0: 3 0x8000c7a2 (0x40f05333) x 6 0x00000000
core   0: 0x8000c7a6 (0x0197e733) or      a4, a5, s9
core   0: 3 0x8000c7a6 (0x0197e733) x14 0x00000076
core   0: 0x8000c7aa (0xad496b93) ori     s7, s2, -1324
core   0: 3 0x8000c7aa (0xad496b93) x23 0xfffffad6
core   0: 0x8000c7ae (0x0ff0000f) fence   iorw,iorw
core   0: 3 0x8000c7ae (0x0ff0000f)
core   0: 0x8000c7b2 (0x02910b33) mul     s6, sp, s1
core   0: 3 0x8000c7b2 (0x02910b33) x22 0x1134a3c0
core   0: 0x8000c7b6 (0x0ff0000f) fence   iorw,iorw
core   0: 3 0x8000c7b6 (0x0ff0000f)
core   0: 0x8000c7ba (0x00bcdb63) bge     s9, a1, pc + 22
core   0: 3 0x8000c7ba (0x00bcdb63)
core   0: 0x8000c7d0 (0x00d25ab3) srl     s5, tp, a3
core   0: 3 0x8000c7d0 (0x00d25ab3) x21 0x00006113
core   0: 0x8000c7d4 (0x00000001) c.nop
core   0: 3 0x8000c7d4 (0x0001)
core   0: 0x8000c7d6 (0x0000939a) c.add   t2, t1
core   0: 3 0x8000c7d6 (0x939a) x 7 0x92e4953c
core   0: 0x8000c7d8 (0x01ac65b3) or      a1, s8, s10
core   0: 3 0x8000c7d8 (0x01ac65b3) x11 0x00006000
core   0: 0x8000c7dc (0x00482c03) lw      s8, 4(a6)
core   0: 3 0x8000c7dc (0x00482c03) x24 0x8000b05a mem 0x80025dd0
core   0: 0x8000c7e0 (0x00000932) c.slli  s2, 12
core   0: 3 0x8000c7e0 (0x0932) x18 0x00016000
core   0: 0x8000c7e2 (0xc89ab313) sltiu   t1, s5, -887
core   0: 3 0x8000c7e2 (0xc89ab313) x 6 0x00000001
core   0: 0x8000c7e6 (0x00006f15) c.lui   t5, 0x5
core   0: 3 0x8000c7e6 (0x6f15) x30 0x00005000
core   0: 0x8000c7e8 (0x00009cd6) c.add   s9, s5
core   0: 3 0x8000c7e8 (0x9cd6) x25 0x00006189
core   0: 0x8000c7ea (0x02c80813) addi    a6, a6, 44
core   0: 3 0x8000c7ea (0x02c80813) x16 0x80025df8
core   0: 0x8000c7ee (0x00001b10) c.addi4spn a2, sp, 432
core   0: 3 0x8000c7ee (0x1b10) x12 0x00240220
core   0: 0x8000c7f0 (0x0376c0b3) div     ra, a3, s7
core   0: 3 0x8000c7f0 (0x0376c0b3) x 1 0xffffffee
core   0: 0x8000c7f4 (0x01aeed13) ori     s10, t4, 26
core   0: 3 0x8000c7f4 (0x01aeed13) x26 0x66e9201a
core   0: 0x8000c7f8 (0x00118033) add     zero, gp, ra
core   0: 3 0x8000c7f8 (0x00118033)
core   0: 0x8000c7fc (0x0000878e) c.mv    a5, gp
core   0: 3 0x8000c7fc (0x878e) x15 0xf9000000
core   0: 0x8000c7fe (0x001c0193) addi    gp, s8, 1
core   0: 3 0x8000c7fe (0x001c0193) x 3 0x8000b05b
core   0: 0x8000c802 (0x000181e7) jalr    gp, gp, 0
core   0: 3 0x8000c802 (0x000181e7) x 3 0x8000c806
core   0: 0x8000b05a (0x014a33b3) sltu    t2, s4, s4
core   0: 3 0x8000b05a (0x014a33b3) x 7 0x00000000
core   0: 0x8000b05e (0x2bbcb093) sltiu   ra, s9, 699
core   0: 3 0x8000b05e (0x2bbcb093) x 1 0x00000000
core   0: 0x8000b062 (0xff652c93) slti    s9, a0, -10
core   0: 3 0x8000b062 (0xff652c93) x25 0x00000000
core   0: 0x8000b066 (0xcbb0cc93) xori    s9, ra, -837
core   0: 3 0x8000b066 (0xcbb0cc93) x25 0xfffffcbb
core   0: 0x8000b06a (0x0368b933) mulhu   s2, a7, s6
core   0: 3 0x8000b06a (0x0368b933) x18 0x00000000
core   0: 0x8000b06e (0x0033fe33) and     t3, t2, gp
core   0: 3 0x8000b06e (0x0033fe33) x28 0x00000000
core   0: 0x8000b072 (0x00000001) c.nop
core   0: 3 0x8000b072 (0x0001)
core   0: 0x8000b074 (0x03032c33) mulhsu  s8, t1, a6
core   0: 3 0x8000b074 (0x03032c33) x24 0x00000000
core   0: 0x8000b078 (0x90747e13) andi    t3, s0, -1785
core   0: 3 0x8000b078 (0x90747e13) x28 0xedf0e000
core   0: 0x8000b07c (0xd5ba3693) sltiu   a3, s4, -677
core   0: 3 0x8000b07c (0xd5ba3693) x13 0x00000001
core   0: 0x8000b080 (0x01e0a7b3) slt     a5, ra, t5
core   0: 3 0x8000b080 (0x01e0a7b3) x15 0x00000001
core   0: 0x8000b084 (0x4135dd93) srai    s11, a1, 19
core   0: 3 0x8000b084 (0x4135dd93) x27 0x00000000
core   0: 0x8000b088 (0x026c4db3) div     s11, s8, t1
core   0: 3 0x8000b088 (0x026c4db3) x27 0x00000000
core   0: 0x8000b08c (0x03bcf6b3) remu    a3, s9, s11
core   0: 3 0x8000b08c (0x03bcf6b3) x13 0xfffffcbb
core   0: 0x8000b090 (0x00cb0033) add     zero, s6, a2
core   0: 3 0x8000b090 (0x00cb0033)
core   0: 0x8000b094 (0x0377d963) bge     a5, s7, pc + 50
core   0: 3 0x8000b094 (0x0377d963)
core   0: 0x8000b0c6 (0x0000eb8d) c.bnez  a5, pc + 50
core   0: 3 0x8000b0c6 (0xeb8d)
core   0: 0x8000b0f8 (0x7f2c2bb7) lui     s7, 0x7f2c2
core   0: 3 0x8000b0f8 (0x7f2c2bb7) x23 0x7f2c2000
core   0: 0x8000b0fc (0x2499ae93) slti    t4, s3, 585
core   0: 3 0x8000b0fc (0x2499ae93) x29 0x00000001
core   0: 0x8000b100 (0x8df46693) ori     a3, s0, -1825
core   0: 3 0x8000b100 (0x8df46693) x13 0xfffff8df
core   0: 0x8000b104 (0x18250113) addi    sp, a0, 386
core   0: 3 0x8000b104 (0x18250113) x 2 0x00000198
core   0: 0x8000b108 (0x0118a9b3) slt     s3, a7, a7
core   0: 3 0x8000b108 (0x0118a9b3) x19 0x00000000
core   0: 0x8000b10c (0x8669b093) sltiu   ra, s3, -1946
core   0: 3 0x8000b10c (0x8669b093) x 1 0x00000001
core   0: 0x8000b110 (0x02f36733) rem     a4, t1, a5
core   0: 3 0x8000b110 (0x02f36733) x14 0x00000000
core   0: 0x8000b114 (0x00006139) c.addi16sp sp, 448
core   0: 3 0x8000b114 (0x6139) x 2 0x00000358
core   0: 0x8000b116 (0xb468ec13) ori     s8, a7, -1210
core   0: 3 0x8000b116 (0xb468ec13) x24 0xfffffb46
core   0: 0x8000b11a (0x00008311) c.srli  a4, 4
core   0: 3 0x8000b11a (0x8311) x14 0x00000000
core   0: 0x8000b11c (0xffd0a113) slti    sp, ra, -3
core   0: 3 0x8000b11c (0xffd0a113) x 2 0x00000000
core   0: 0x8000b120 (0x00772eb3) slt     t4, a4, t2
core   0: 3 0x8000b120 (0x00772eb3) x29 0x00000000
core   0: 0x8000b124 (0x00000318) c.addi4spn a4, sp, 384
core   0: 3 0x8000b124 (0x0318) x14 0x00000180
core   0: 0x8000b126 (0x00008b62) c.mv    s6, s8
core   0: 3 0x8000b126 (0x8b62) x22 0xfffffb46
core   0: 0x8000b128 (0x039e8fb3) mul     t6, t4, s9
core   0: 3 0x8000b128 (0x039e8fb3) x31 0x00000000
core   0: 0x8000b12c (0x00000001) c.nop
core   0: 3 0x8000b12c (0x0001)
core   0: 0x8000b12e (0x0030e9b3) or      s3, ra, gp
core   0: 3 0x8000b12e (0x0030e9b3) x19 0x8000c807
core   0: 0x8000b132 (0x00008e4d) c.or    a2, a1
core   0: 3 0x8000b132 (0x8e4d) x12 0x00246220
core   0: 0x8000b134 (0x0203ab33) mulhsu  s6, t2, zero
core   0: 3 0x8000b134 (0x0203ab33) x22 0x00000000
core   0: 0x8000b138 (0x0000100f) fence.i
core   0: 3 0x8000b138 (0x0000100f)
core   0: 0x8000b13c (0x02ccedb3) rem     s11, s9, a2
core   0: 3 0x8000b13c (0x02ccedb3) x27 0xfffffcbb
core   0: 0x8000b140 (0x40ef0633) sub     a2, t5, a4
core   0: 3 0x8000b140 (0x40ef0633) x12 0x00004e80
core   0: 0x8000b144 (0x00e99bb3) sll     s7, s3, a4
core   0: 3 0x8000b144 (0x00e99bb3) x23 0x8000c807
core   0: 0x8000b148 (0x0ff0000f) fence   iorw,iorw
core   0: 3 0x8000b148 (0x0ff0000f)
core   0: 0x8000b14c (0x0394fa63) bgeu    s1, s9, pc + 52
core   0: 3 0x8000b14c (0x0394fa63)
core   0: 0x8000b150 (0x023cc433) div     s0, s9, gp
core   0: 3 0x8000b150 (0x023cc433) x 8 0x00000000
core   0: 0x8000b154 (0x00006cf9) c.lui   s9, 0x1e
core   0: 3 0x8000b154 (0x6cf9) x25 0x0001e000
core   0: 0x8000b156 (0xc94d2c93) slti    s9, s10, -876
core   0: 3 0x8000b156 (0xc94d2c93) x25 0x00000000
core   0: 0x8000b15a (0x03861b63) bne     a2, s8, pc + 54
core   0: 3 0x8000b15a (0x03861b63)
core   0: 0x8000b190 (0x00008e95) c.sub   a3, a3
core   0: 3 0x8000b190 (0x8e95) x13 0x00000000
core   0: 0x8000b192 (0x00555cb3) srl     s9, a0, t0
core   0: 3 0x8000b192 (0x00555cb3) x25 0x00000016
core   0: 0x8000b196 (0x0157bb33) sltu    s6, a5, s5
core   0: 3 0x8000b196 (0x0157bb33) x22 0x00000001
core   0: 0x8000b19a (0x000083cd) c.srli  a5, 19
core   0: 3 0x8000b19a (0x83cd) x15 0x00000000
core   0: 0x8000b19c (0x0ff0000f) fence   iorw,iorw
core   0: 3 0x8000b19c (0x0ff0000f)
core   0: 0x8000b1a0 (0x01377f63) bgeu    a4, s3, pc + 30
core   0: 3 0x8000b1a0 (0x01377f63)
core   0: 0x8000b1a4 (0x025c1eb3) mulh    t4, s8, t0
core   0: 3 0x8000b1a4 (0x025c1eb3) x29 0xffffff26
core   0: 0x8000b1a8 (0xf07b0013) addi    zero, s6, -249
core   0: 3 0x8000b1a8 (0xf07b0013)
core   0: 0x8000b1ac (0x00da5eb3) srl     t4, s4, a3
core   0: 3 0x8000b1ac (0x00da5eb3) x29 0x80000000
core   0: 0x8000b1b0 (0x02f62fb3) mulhsu  t6, a2, a5
core   0: 3 0x8000b1b0 (0x02f62fb3) x31 0x00000000
core   0: 0x8000b1b4 (0x0282bfb3) mulhu   t6, t0, s0
core   0: 3 0x8000b1b4 (0x0282bfb3) x31 0x00000000
core   0: 0x8000b1b8 (0x02b57763) bgeu    a0, a1, pc + 46
core   0: 3 0x8000b1b8 (0x02b57763)
core   0: 0x8000b1bc (0x0000047e) c.slli  s0, 31
core   0: 3 0x8000b1bc (0x047e) x 8 0x00000000
core   0: 0x8000b1be (0x01c02233) slt     tp, zero, t3
core   0: 3 0x8000b1be (0x01c02233) x 4 0x00000000
core   0: 0x8000b1c2 (0x0000010c) c.addi4spn a1, sp, 128
core   0: 3 0x8000b1c2 (0x010c) x11 0x00000080
core   0: 0x8000b1c4 (0x03021e63) bne     tp, a6, pc + 60
core   0: 3 0x8000b1c4 (0x03021e63)
core   0: 0x8000b200 (0x00008d1d) c.sub   a0, a5
core   0: 3 0x8000b200 (0x8d1d) x10 0x00000016
core   0: 0x8000b202 (0x0000ef09) c.bnez  a4, pc + 26
core   0: 3 0x8000b202 (0xef09)
core   0: 0x8000b21c (0x01525433) srl     s0, tp, s5
core   0: 3 0x8000b21c (0x01525433) x 8 0x00000000
core   0: 0x8000b220 (0x5b3e6017) auipc   zero, 0x5b3e6
core   0: 3 0x8000b220 (0x5b3e6017)
core   0: 0x8000b224 (0x0000e189) c.bnez  a1, pc + 2
core   0: 3 0x8000b224 (0xe189)
core   0: 0x8000b226 (0x014bd963) bge     s7, s4, pc + 18
core   0: 3 0x8000b226 (0x014bd963)
core   0: 0x8000b238 (0x000083f5) c.srli  a5, 29
core   0: 3 0x8000b238 (0x83f5) x15 0x00000000
core   0: 0x8000b23a (0x00000001) c.nop
core   0: 3 0x8000b23a (0x0001)
core   0: 0x8000b23c (0x00000c8c) c.addi4spn a1, sp, 592
core   0: 3 0x8000b23c (0x0c8c) x11 0x00000250
core   0: 0x8000b23e (0x027ef133) remu    sp, t4, t2
core   0: 3 0x8000b23e (0x027ef133) x 2 0x80000000
core   0: 0x8000b242 (0x004f0f63) beq     t5, tp, pc + 30
core   0: 3 0x8000b242 (0x004f0f63)
core   0: 0x8000b246 (0x0000100f) fence.i
core   0: 3 0x8000b246 (0x0000100f)
core   0: 0x8000b24a (0x01968663) beq     a3, s9, pc + 12
core   0: 3 0x8000b24a (0x01968663)
core   0: 0x8000b24e (0x419489b3) sub     s3, s1, s9
core   0: 3 0x8000b24e (0x419489b3) x19 0x80029cce
core   0: 0x8000b252 (0x00009caa) c.add   s9, a0
core   0: 3 0x8000b252 (0x9caa) x25 0x0000002c
core   0: 0x8000b254 (0x00006fed) c.lui   t6, 0x1b
core   0: 3 0x8000b254 (0x6fed) x31 0x0001b000
core   0: 0x8000b256 (0x00006951) c.lui   s2, 0x14
core   0: 3 0x8000b256 (0x6951) x18 0x00014000
core   0: 0x8000b258 (0x00005efd) c.li    t4, -1
core   0: 3 0x8000b258 (0x5efd) x29 0xffffffff
core   0: 0x8000b25a (0x0000879d) c.srai  a5, 7
core   0: 3 0x8000b25a (0x879d) x15 0x00000000
core   0: 0x8000b25c (0x03f040b3) div     ra, zero, t6
core   0: 3 0x8000b25c (0x03f040b3) x 1 0x00000000
core   0: 0x8000b260 (0xfa47e093) ori     ra, a5, -92
core   0: 3 0x8000b260 (0xfa47e093) x 1 0xffffffa4
core   0: 0x8000b264 (0x4ca2fe13) andi    t3, t0, 1226
core   0: 3 0x8000b264 (0x4ca2fe13) x28 0x00000000
core   0: 0x8000b268 (0x00008346) c.mv    t1, a7
core   0: 3 0x8000b268 (0x8346) x 6 0x00000000
core   0: 0x8000b26a (0x00cf9d93) slli    s11, t6, 12
core   0: 3 0x8000b26a (0x00cf9d93) x27 0x1b000000
core   0: 0x8000b26e (0x0103a933) slt     s2, t2, a6
core   0: 3 0x8000b26e (0x0103a933) x18 0x00000000
core   0: 0x8000b272 (0x00ff0a63) beq     t5, a5, pc + 20
core   0: 3 0x8000b272 (0x00ff0a63)
core   0: 0x8000b276 (0x00000cc6) c.slli  s9, 17
core   0: 3 0x8000b276 (0x0cc6) x25 0x00580000
core   0: 0x8000b278 (0x00008f1d) c.sub   a4, a5
core   0: 3 0x8000b278 (0x8f1d) x14 0x00000180
core   0: 0x8000b27a (0xde0a4313) xori    t1, s4, -544
core   0: 3 0x8000b27a (0xde0a4313) x 6 0x7ffffde0
core   0: 0x8000b27e (0x00831b93) slli    s7, t1, 8
core   0: 3 0x8000b27e (0x00831b93) x23 0xfffde000
core   0: 0x8000b282 (0x00bdef33) or      t5, s11, a1
core   0: 3 0x8000b282 (0x00bdef33) x30 0x1b000250
core   0: 0x8000b286 (0x026a4b63) blt     s4, t1, pc + 54
core   0: 3 0x8000b286 (0x026a4b63)
core   0: 0x8000b2bc (0x00005ffd) c.li    t6, -1
core   0: 3 0x8000b2bc (0x5ffd) x31 0xffffffff
core   0: 0x8000b2be (0x03681933) mulh    s2, a6, s6
core   0: 3 0x8000b2be (0x03681933) x18 0xffffffff
core   0: 0x8000b2c2 (0x0cc39563) bne     t2, a2, pc + 202
core   0: 3 0x8000b2c2 (0x0cc39563)
core   0: 0x8000b38c (0x00008d95) c.sub   a1, a3
core   0: 3 0x8000b38c (0x8d95) x11 0x00000250
core   0: 0x8000b38e (0x0000840d) c.srai  s0, 3
core   0: 3 0x8000b38e (0x840d) x 8 0x00000000
core   0: 0x8000b390 (0x0290db63) bge     ra, s1, pc + 54
core   0: 3 0x8000b390 (0x0290db63)
core   0: 0x8000b3c6 (0x00008fc1) c.or    a5, s0
core   0: 3 0x8000b3c6 (0x8fc1) x15 0x00000000
core   0: 0x8000b3c8 (0x000060a9) c.lui   ra, 0xa
core   0: 3 0x8000b3c8 (0x60a9) x 1 0x0000a000
core   0: 0x8000b3ca (0x0242be33) mulhu   t3, t0, tp
core   0: 3 0x8000b3ca (0x0242be33) x28 0x00000000
core   0: 0x8000b3ce (0x026d4263) blt     s10, t1, pc + 36
core   0: 3 0x8000b3ce (0x026d4263)
core   0: 0x8000b3f2 (0x00008ee1) c.and   a3, s0
core   0: 3 0x8000b3f2 (0x8ee1) x13 0x00000000
core   0: 0x8000b3f4 (0x03004463) blt     zero, a6, pc + 40
core   0: 3 0x8000b3f4 (0x03004463)
core   0: 0x8000b3f8 (0x00000cc9) c.addi  s9, 18
core   0: 3 0x8000b3f8 (0x0cc9) x25 0x00580012
core   0: 0x8000b3fa (0x0000035e) c.slli  t1, 23
core   0: 3 0x8000b3fa (0x035e) x 6 0xf0000000
core   0: 0x8000b3fc (0x0000920e) c.add   tp, gp
core   0: 3 0x8000b3fc (0x920e) x 4 0x8000c806
core   0: 0x8000b3fe (0x0000127d) c.addi  tp, -1
core   0: 3 0x8000b3fe (0x127d) x 4 0x8000c805
core   0: 0x8000b400 (0x01a29013) slli    zero, t0, 26
core   0: 3 0x8000b400 (0x01a29013)
core   0: 0x8000b404 (0x00f74ab3) xor     s5, a4, a5
core   0: 3 0x8000b404 (0x00f74ab3) x21 0x00000180
core   0: 0x8000b408 (0x0beec2b7) lui     t0, 0xbeec
core   0: 3 0x8000b408 (0x0beec2b7) x 5 0x0beec000
core   0: 0x8000b40c (0x05f35a63) bge     t1, t6, pc + 84
core   0: 3 0x8000b40c (0x05f35a63)
core   0: 0x8000b410 (0x01db9933) sll     s2, s7, t4
core   0: 3 0x8000b410 (0x01db9933) x18 0x00000000
core   0: 0x8000b414 (0x27ddec13) ori     s8, s11, 637
core   0: 3 0x8000b414 (0x27ddec13) x24 0x1b00027d
core   0: 0x8000b418 (0x00000001) c.nop
core   0: 3 0x8000b418 (0x0001)
core   0: 0x8000b41a (0x000055fd) c.li    a1, -1
core   0: 3 0x8000b41a (0x55fd) x11 0xffffffff
core   0: 0x8000b41c (0x03a82033) mulhsu  zero, a6, s10
core   0: 3 0x8000b41c (0x03a82033)
core   0: 0x8000b420 (0x01bc6fb3) or      t6, s8, s11
core   0: 3 0x8000b420 (0x01bc6fb3) x31 0x1b00027d
core   0: 0x8000b424 (0x00899c93) slli    s9, s3, 8
core   0: 3 0x8000b424 (0x00899c93) x25 0x029cce00
core   0: 0x8000b428 (0x000097f2) c.add   a5, t3
core   0: 3 0x8000b428 (0x97f2) x15 0x00000000
core   0: 0x8000b42a (0x401c88b3) sub     a7, s9, ra
core   0: 3 0x8000b42a (0x401c88b3) x17 0x029c2e00
core   0: 0x8000b42e (0x0000857a) c.mv    a0, t5
core   0: 3 0x8000b42e (0x857a) x10 0x1b000250
core   0: 0x8000b430 (0x00008961) c.andi  a0, 24
core   0: 3 0x8000b430 (0x8961) x10 0x00000010
core   0: 0x8000b432 (0x00008029) c.srli  s0, 10
core   0: 3 0x8000b432 (0x8029) x 8 0x00000000
core   0: 0x8000b434 (0x0ff0000f) fence   iorw,iorw
core   0: 3 0x8000b434 (0x0ff0000f)
core   0: 0x8000b438 (0x02018933) mul     s2, gp, zero
core   0: 3 0x8000b438 (0x02018933) x18 0x00000000
core   0: 0x8000b43c (0x000095c2) c.add   a1, a6
core   0: 3 0x8000b43c (0x95c2) x11 0x80025df7
core   0: 0x8000b43e (0x009adbb3) srl     s7, s5, s1
core   0: 3 0x8000b43e (0x009adbb3) x23 0x00000018
core   0: 0x8000b442 (0x93e6e797) auipc   a5, 0x93e6e
core   0: 3 0x8000b442 (0x93e6e797) x15 0x13e79442
core   0: 0x8000b446 (0x5ea03c6f) jal     s8, pc + 0x35ea
core   0: 3 0x8000b446 (0x5ea03c6f) x24 0x8000b44a
core   0: 0x8000ea30 (0x0000e389) c.bnez  a5, pc + 2
core   0: 3 0x8000ea30 (0xe389)
core   0: 0x8000ea32 (0xfc880813) addi    a6, a6, -56
core   0: 3 0x8000ea32 (0xfc880813) x16 0x80025dc0
core   0: 0x8000ea36 (0xa1252893) slti    a7, a0, -1518
core   0: 3 0x8000ea36 (0xa1252893) x17 0x00000000
core   0: 0x8000ea3a (0x01882223) sw      s8, 4(a6)
core   0: 3 0x8000ea3a (0x01882223) mem 0x80025dc4 0x8000b44a
core   0: 0x8000ea3e (0xc831c017) auipc   zero, 0xc831c
core   0: 3 0x8000ea3e (0xc831c017)
core   0: 0x8000ea42 (0x00008e99) c.sub   a3, a4
core   0: 3 0x8000ea42 (0x8e99) x13 0xfffffe80
core   0: 0x8000ea44 (0x00008d79) c.and   a0, a4
core   0: 3 0x8000ea44 (0x8d79) x10 0x00000000
core   0: 0x8000ea46 (0x00ae6233) or      tp, t3, a0
core   0: 3 0x8000ea46 (0x00ae6233) x 4 0x00000000
core   0: 0x8000ea4a (0x005e9913) slli    s2, t4, 5
core   0: 3 0x8000ea4a (0x005e9913) x18 0xffffffe0
core   0: 0x8000ea4e (0x03f5c8b3) div     a7, a1, t6
core   0: 3 0x8000ea4e (0x03f5c8b3) x17 0xfffffffc
core   0: 0x8000ea52 (0x018d2233) slt     tp, s10, s8
core   0: 3 0x8000ea52 (0x018d2233) x 4 0x00000000
core   0: 0x8000ea56 (0x0332ed33) rem     s10, t0, s3
core   0: 3 0x8000ea56 (0x0332ed33) x26 0x0beec000
core   0: 0x8000ea5a (0x47c3cb13) xori    s6, t2, 1148
core   0: 3 0x8000ea5a (0x47c3cb13) x22 0x0000047c
core   0: 0x8000ea5e (0x0000717d) c.addi16sp sp, -16
core   0: 3 0x8000ea5e (0x717d) x 2 0x7ffffff0
core   0: 0x8000ea60 (0x000007c2) c.slli  a5, 16
core   0: 3 0x8000ea60 (0x07c2) x15 0x94420000
core   0: 0x8000ea62 (0x00008c25) c.xor   s0, s1
core   0: 3 0x8000ea62 (0x8c25) x 8 0x80029ce4
core   0: 0x8000ea64 (0x00000001) c.nop
core   0: 3 0x8000ea64 (0x0001)
core   0: 0x8000ea66 (0x00001a80) c.addi4spn s0, sp, 368
core   0: 3 0x8000ea66 (0x1a80) x 8 0x80000160
core   0: 0x8000ea68 (0x000066c1) c.lui   a3, 0x10
core   0: 3 0x8000ea68 (0x66c1) x13 0x00010000
core   0: 0x8000ea6a (0x00008cde) c.mv    s9, s7
core   0: 3 0x8000ea6a (0x8cde) x25 0x00000018
core   0: 0x8000ea6c (0x008ebd33) sltu    s10, t4, s0
core   0: 3 0x8000ea6c (0x008ebd33) x26 0x00000000
core   0: 0x8000ea70 (0x00ba41b3) xor     gp, s4, a1
core   0: 3 0x8000ea70 (0x00ba41b3) x 3 0x00025df7
core   0: 0x8000ea74 (0x00005efd) c.li    t4, -1
core   0: 3 0x8000ea74 (0x5efd) x29 0xffffffff
core   0: 0x8000ea76 (0x41a8d5b3) sra     a1, a7, s10
core   0: 3 0x8000ea76 (0x41a8d5b3) x11 0xfffffffc
core   0: 0x8000ea7a (0x00008145) c.srli  a0, 17
core   0: 3 0x8000ea7a (0x8145) x10 0x00000000
core   0: 0x8000ea7c (0x012ce233) or      tp, s9, s2
core   0: 3 0x8000ea7c (0x012ce233) x 4 0xfffffff8
core   0: 0x8000ea80 (0x00008fc1) c.or    a5, s0
core   0: 3 0x8000ea80 (0x8fc1) x15 0x94420160
core   0: 0x8000ea82 (0x0000118c) c.addi4spn a1, sp, 224
core   0: 3 0x8000ea82 (0x118c) x11 0x800000d0
core   0: 0x8000ea84 (0x00a5ab33) slt     s6, a1, a0
core   0: 3 0x8000ea84 (0x00a5ab33) x22 0x00000001
core   0: 0x8000ea88 (0x00009bfd) c.andi  a5, -1
core   0: 3 0x8000ea88 (0x9bfd) x15 0x94420160
core   0: 0x8000ea8a (0x00008211) c.srli  a2, 4
core   0: 3 0x8000ea8a (0x8211) x12 0x000004e8
core   0: 0x8000ea8c (0xc8267697) auipc   a3, 0xc8267
core   0: 3 0x8000ea8c (0xc8267697) x13 0x48275a8c
core   0: 0x8000ea90 (0xe56f2213) slti    tp, t5, -426
core   0: 3 0x8000ea90 (0xe56f2213) x 4 0x00000000
core   0: 0x8000ea94 (0x0ff0000f) fence   iorw,iorw
core   0: 3 0x8000ea94 (0x0ff0000f)
core   0: 0x8000ea98 (0x01038cb3) add     s9, t2, a6
core   0: 3 0x8000ea98 (0x01038cb3) x25 0x80025dc0
core   0: 0x8000ea9c (0x02c01bb3) mulh    s7, zero, a2
core   0: 3 0x8000ea9c (0x02c01bb3) x23 0x00000000
core   0: 0x8000eaa0 (0x039b0133) mul     sp, s6, s9
core   0: 3 0x8000eaa0 (0x039b0133) x 2 0x80025dc0
core   0: 0x8000eaa4 (0x03bf8d63) beq     t6, s11, pc + 58
core   0: 3 0x8000eaa4 (0x03bf8d63)
core   0: 0x8000eaa8 (0x011b3f33) sltu    t5, s6, a7
core   0: 3 0x8000eaa8 (0x011b3f33) x30 0x00000001
core   0: 0x8000eaac (0x03e13d33) mulhu   s10, sp, t5
core   0: 3 0x8000eaac (0x03e13d33) x26 0x00000000
core   0: 0x8000eab0 (0xba8fbd93) sltiu   s11, t6, -1112
core   0: 3 0x8000eab0 (0xba8fbd93) x27 0x00000001
core   0: 0x8000eab4 (0x0204f8b3) remu    a7, s1, zero
core   0: 3 0x8000eab4 (0x0204f8b3) x17 0x80029ce4
core   0: 0x8000eab8 (0x03703933) mulhu   s2, zero, s7
core   0: 3 0x8000eab8 (0x03703933) x18 0x00000000
core   0: 0x8000eabc (0x00605c13) srli    s8, zero, 6
core   0: 3 0x8000eabc (0x00605c13) x24 0x00000000
core   0: 0x8000eac0 (0x0ff0000f) fence   iorw,iorw
core   0: 3 0x8000eac0 (0x0ff0000f)
core   0: 0x8000eac4 (0x02f47933) remu    s2, s0, a5
core   0: 3 0x8000eac4 (0x02f47933) x18 0x80000160
core   0: 0x8000eac8 (0x65983d37) lui     s10, 0x65983
core   0: 3 0x8000eac8 (0x65983d37) x26 0x65983000
core   0: 0x8000eacc (0x00008415) c.srai  s0, 5
core   0: 3 0x8000eacc (0x8415) x 8 0xfc00000b
core   0: 0x8000eace (0x00509d63) bne     ra, t0, pc + 26
core   0: 3 0x8000eace (0x00509d63)
core   0: 0x8000eae8 (0x00000001) c.nop
core   0: 3 0x8000eae8 (0x0001)
core   0: 0x8000eaea (0x00008d61) c.and   a0, s0
core   0: 3 0x8000eaea (0x8d61) x10 0x00000000
core   0: 0x8000eaec (0x00008f71) c.and   a4, a2
core   0: 3 0x8000eaec (0x8f71) x14 0x00000080
core   0: 0x8000eaee (0x00008e2d) c.xor   a2, a1
core   0: 3 0x8000eaee (0x8e2d) x12 0x80000438
core   0: 0x8000eaf0 (0x0000100f) fence.i
core   0: 3 0x8000eaf0 (0x0000100f)
core   0: 0x8000eaf4 (0x00000001) c.nop
core   0: 3 0x8000eaf4 (0x0001)
core   0: 0x8000eaf6 (0x029015b3) mulh    a1, zero, s1
core   0: 3 0x8000eaf6 (0x029015b3) x11 0x00000000
core   0: 0x8000eafa (0x0269c533) div     a0, s3, t1
core   0: 3 0x8000eafa (0x0269c533) x10 0x00000007
core   0: 0x8000eafe (0x00b6e433) or      s0, a3, a1
core   0: 3 0x8000eafe (0x00b6e433) x 8 0x48275a8c
core   0: 0x8000eb02 (0x03131663) bne     t1, a7, pc + 44
core   0: 3 0x8000eb02 (0x03131663)
core   0: 0x8000eb2e (0x01e3cdb3) xor     s11, t2, t5
core   0: 3 0x8000eb2e (0x01e3cdb3) x27 0x00000001
core   0: 0x8000eb32 (0x00008d5a) c.mv    s10, s6
core   0: 3 0x8000eb32 (0x8d5a) x26 0x00000001
core   0: 0x8000eb34 (0x913af0b7) lui     ra, 0x913af
core   0: 3 0x8000eb34 (0x913af0b7) x 1 0x913af000
core   0: 0x8000eb38 (0x00008699) c.srai  a3, 6
core   0: 3 0x8000eb38 (0x8699) x13 0x01209d6a
core   0: 0x8000eb3a (0x00000f80) c.addi4spn s0, sp, 976
core   0: 3 0x8000eb3a (0x0f80) x 8 0x80026190
core   0: 0x8000eb3c (0x03df1933) mulh    s2, t5, t4
core   0: 3 0x8000eb3c (0x03df1933) x18 0xffffffff
core   0: 0x8000eb40 (0x00004fc5) c.li    t6, 17
core   0: 3 0x8000eb40 (0x4fc5) x31 0x00000011
core   0: 0x8000eb42 (0x00482c03) lw      s8, 4(a6)
core   0: 3 0x8000eb42 (0x00482c03) x24 0x8000b44a mem 0x80025dc4
core   0: 0x8000eb46 (0x03880813) addi    a6, a6, 56
core   0: 3 0x8000eb46 (0x03880813) x16 0x80025df8
core   0: 0x8000eb4a (0x00000cc2) c.slli  s9, 16
core   0: 3 0x8000eb4a (0x0cc2) x25 0x5dc00000
core   0: 0x8000eb4c (0x03f3d2b3) divu    t0, t2, t6
core   0: 3 0x8000eb4c (0x03f3d2b3) x 5 0x00000000
core   0: 0x8000eb50 (0x001c0893) addi    a7, s8, 1
core   0: 3 0x8000eb50 (0x001c0893) x17 0x8000b44b
core   0: 0x8000eb54 (0x000888e7) jalr    a7, a7, 0
core   0: 3 0x8000eb54 (0x000888e7) x17 0x8000eb58
core   0: 0x8000b44a (0x03c40db3) mul     s11, s0, t3
core   0: 3 0x8000b44a (0x03c40db3) x27 0x00000000
core   0: 0x8000b44e (0x00008c6a) c.mv    s8, s10
core   0: 3 0x8000b44e (0x8c6a) x24 0x00000001
core   0: 0x8000b450 (0x000e1263) bnez    t3, pc + 4
core   0: 3 0x8000b450 (0x000e1263)
core   0: 0x8000b454 (0x0000e811) c.bnez  s0, pc + 20
core   0: 3 0x8000b454 (0xe811)
core   0: 0x8000b468 (0x40635d93) srai    s11, t1, 6
core   0: 3 0x8000b468 (0x40635d93) x27 0xffc00000
core   0: 0x8000b46c (0x0023db13) srli    s6, t2, 2
core   0: 3 0x8000b46c (0x0023db13) x22 0x00000000
core   0: 0x8000b470 (0xf9543313) sltiu   t1, s0, -107
core   0: 3 0x8000b470 (0xf9543313) x 6 0x00000001
core   0: 0x8000b474 (0x416a5cb3) sra     s9, s4, s6
core   0: 3 0x8000b474 (0x416a5cb3) x25 0x80000000
core   0: 0x8000b478 (0x01c1d033) srl     zero, gp, t3
core   0: 3 0x8000b478 (0x01c1d033)
core   0: 0x8000b47c (0x00008ee5) c.and   a3, s1
core   0: 3 0x8000b47c (0x8ee5) x13 0x00009c60
core   0: 0x8000b47e (0x01731913) slli    s2, t1, 23
core   0: 3 0x8000b47e (0x01731913) x18 0x00800000
core   0: 0x8000b482 (0xa739ff97) auipc   t6, 0xa739f
core   0: 3 0x8000b482 (0xa739ff97) x31 0x273aa482
core   0: 0x8000b486 (0x00008db9) c.xor   a1, a4
core   0: 3 0x8000b486 (0x8db9) x11 0x00000080
core   0: 0x8000b488 (0x00482c03) lw      s8, 4(a6)
core   0: 3 0x8000b488 (0x00482c03) x24 0x8000e8a0 mem 0x80025dfc
core   0: 0x8000b48c (0x00000122) c.slli  sp, 8
core   0: 3 0x8000b48c (0x0122) x 2 0x025dc000
core   0: 0x8000b48e (0x415adb93) srai    s7, s5, 21
core   0: 3 0x8000b48e (0x415adb93) x23 0x00000000
core   0: 0x8000b492 (0x03480813) addi    a6, a6, 52
core   0: 3 0x8000b492 (0x03480813) x16 0x80025e2c
core   0: 0x8000b496 (0x006bd5b3) srl     a1, s7, t1
core   0: 3 0x8000b496 (0x006bd5b3) x11 0x00000000
core   0: 0x8000b49a (0x000c0f13) mv      t5, s8
core   0: 3 0x8000b49a (0x000c0f13) x30 0x8000e8a0
core   0: 0x8000b49e (0x000f0f67) jalr    t5, t5, 0
core   0: 3 0x8000b49e (0x000f0f67) x30 0x8000b4a2
core   0: 0x8000e8a0 (0x00221b63) bne     tp, sp, pc + 22
core   0: 3 0x8000e8a0 (0x00221b63)
core   0: 0x8000e8b6 (0x00008809) c.andi  s0, 2
core   0: 3 0x8000e8b6 (0x8809) x 8 0x00000000
core   0: 0x8000e8b8 (0x00000b1a) c.slli  s6, 6
core   0: 3 0x8000e8b8 (0x0b1a) x22 0x00000000
core   0: 0x8000e8ba (0x414705b3) sub     a1, a4, s4
core   0: 3 0x8000e8ba (0x414705b3) x11 0x80000080
core   0: 0x8000e8be (0x98a09b37) lui     s6, 0x98a09
core   0: 3 0x8000e8be (0x98a09b37) x22 0x98a09000
core   0: 0x8000e8c2 (0x000000e2) c.slli  ra, 24
core   0: 3 0x8000e8c2 (0x00e2) x 1 0x00000000
core   0: 0x8000e8c4 (0x01a44cb3) xor     s9, s0, s10
core   0: 3 0x8000e8c4 (0x01a44cb3) x25 0x00000001
core   0: 0x8000e8c8 (0x02365863) bge     a2, gp, pc + 48
core   0: 3 0x8000e8c8 (0x02365863)
core   0: 0x8000e8cc (0x05526993) ori     s3, tp, 85
core   0: 3 0x8000e8cc (0x05526993) x19 0x00000055
core   0: 0x8000e8d0 (0x02a39863) bne     t2, a0, pc + 48
core   0: 3 0x8000e8d0 (0x02a39863)
core   0: 0x8000e900 (0x019c0663) beq     s8, s9, pc + 12
core   0: 3 0x8000e900 (0x019c0663)
core   0: 0x8000e904 (0x035016b3) mulh    a3, zero, s5
core   0: 3 0x8000e904 (0x035016b3) x13 0x00000000
core   0: 0x8000e908 (0x3a687e13) andi    t3, a6, 934
core   0: 3 0x8000e908 (0x3a687e13) x28 0x00000224
core   0: 0x8000e90c (0x02afc2b3) div     t0, t6, a0
core   0: 3 0x8000e90c (0x02afc2b3) x 5 0x059aa9c9
core   0: 0x8000e910 (0x01115863) bge     sp, a7, pc + 16
core   0: 3 0x8000e910 (0x01115863)
core   0: 0x8000e920 (0xb87fb793) sltiu   a5, t6, -1145
core   0: 3 0x8000e920 (0xb87fb793) x15 0x00000001
core   0: 0x8000e924 (0x0019fbb3) and     s7, s3, ra
core   0: 3 0x8000e924 (0x0019fbb3) x23 0x00000000
core   0: 0x8000e928 (0x00000eb2) c.slli  t4, 12
core   0: 3 0x8000e928 (0x0eb2) x29 0xfffff000
core   0: 0x8000e92a (0xfca88597) auipc   a1, 0xfca88
core   0: 3 0x8000e92a (0xfca88597) x11 0x7ca9692a
core   0: 0x8000e92e (0x0156c8b3) xor     a7, a3, s5
core   0: 3 0x8000e92e (0x0156c8b3) x17 0x00000180
core   0: 0x8000e932 (0x022e6f63) bltu    t3, sp, pc + 62
core   0: 3 0x8000e932 (0x022e6f63)
core   0: 0x8000e970 (0x1bcaca93) xori    s5, s5, 444
core   0: 3 0x8000e970 (0x1bcaca93) x21 0x0000003c
core   0: 0x8000e974 (0x02242d33) mulhsu  s10, s0, sp
core   0: 3 0x8000e974 (0x02242d33) x26 0x00000000
core   0: 0x8000e978 (0x00001908) c.addi4spn a0, sp, 176
core   0: 3 0x8000e978 (0x1908) x10 0x025dc0b0
core   0: 0x8000e97a (0x401c8233) sub     tp, s9, ra
core   0: 3 0x8000e97a (0x401c8233) x 4 0x00000001
core   0: 0x8000e97e (0x00004cbd) c.li    s9, 15
core   0: 3 0x8000e97e (0x4cbd) x25 0x0000000f
core   0: 0x8000e980 (0x01e4d793) srli    a5, s1, 30
core   0: 3 0x8000e980 (0x01e4d793) x15 0x00000002
core   0: 0x8000e984 (0x000068b5) c.lui   a7, 0xd
core   0: 3 0x8000e984 (0x68b5) x17 0x0000d000
core   0: 0x8000e986 (0x0108eeb3) or      t4, a7, a6
core   0: 3 0x8000e986 (0x0108eeb3) x29 0x8002de2c
core   0: 0x8000e98a (0x0000167d) c.addi  a2, -1
core   0: 3 0x8000e98a (0x167d) x12 0x80000437
core   0: 0x8000e98c (0x00fbfd33) and     s10, s7, a5
core   0: 3 0x8000e98c (0x00fbfd33) x26 0x00000000
core   0: 0x8000e990 (0x0000eb91) c.bnez  a5, pc + 20
core   0: 3 0x8000e990 (0xeb91)
core   0: 0x8000e9a4 (0x00006b19) c.lui   s6, 0x6
core   0: 3 0x8000e9a4 (0x6b19) x22 0x00006000
core   0: 0x8000e9a6 (0x017cddb3) srl     s11, s9, s7
core   0: 3 0x8000e9a6 (0x017cddb3) x27 0x0000000f
core   0: 0x8000e9aa (0x0334c233) div     tp, s1, s3
core   0: 3 0x8000e9aa (0x0334c233) x 4 0xfe7e865e
core   0: 0x8000e9ae (0x0ff0000f) fence   iorw,iorw
core   0: 3 0x8000e9ae (0x0ff0000f)
core   0: 0x8000e9b2 (0x00006661) c.lui   a2, 0x18
core   0: 3 0x8000e9b2 (0x6661) x12 0x00018000
core   0: 0x8000e9b4 (0x0000eb11) c.bnez  a4, pc + 20
core   0: 3 0x8000e9b4 (0xeb11)
core   0: 0x8000e9c8 (0x03301fb3) mulh    t6, zero, s3
core   0: 3 0x8000e9c8 (0x03301fb3) x31 0x00000000
core   0: 0x8000e9cc (0x00001ffd) c.addi  t6, -1
core   0: 3 0x8000e9cc (0x1ffd) x31 0xffffffff
core   0: 0x8000e9ce (0x8cd12c93) slti    s9, sp, -1843
core   0: 3 0x8000e9ce (0x8cd12c93) x25 0x00000000
core   0: 0x8000e9d2 (0x02ba23b3) mulhsu  t2, s4, a1
core   0: 3 0x8000e9d2 (0x02ba23b3) x 7 0xc1ab4b6b
core   0: 0x8000e9d6 (0x00008c7a) c.mv    s8, t5
core   0: 3 0x8000e9d6 (0x8c7a) x24 0x8000b4a2
core   0: 0x8000e9d8 (0x0000c91d) c.beqz  a0, pc + 54
core   0: 3 0x8000e9d8 (0xc91d)
core   0: 0x8000e9da (0x8c2ba5b7) lui     a1, 0x8c2ba
core   0: 3 0x8000e9da (0x8c2ba5b7) x11 0x8c2ba000
core   0: 0x8000e9de (0x0353dcb3) divu    s9, t2, s5
core   0: 3 0x8000e9de (0x0353dcb3) x25 0x033a5252
core   0: 0x8000e9e2 (0x011625b3) slt     a1, a2, a7
core   0: 3 0x8000e9e2 (0x011625b3) x11 0x00000000
core   0: 0x8000e9e6 (0x02cb95b3) mulh    a1, s7, a2
core   0: 3 0x8000e9e6 (0x02cb95b3) x11 0x00000000
core   0: 0x8000e9ea (0xbe777637) lui     a2, 0xbe777
core   0: 3 0x8000e9ea (0xbe777637) x12 0xbe777000
core   0: 0x8000e9ee (0x410e2bb7) lui     s7, 0x410e2
core   0: 3 0x8000e9ee (0x410e2bb7) x23 0x410e2000
core   0: 0x8000e9f2 (0x03ff0933) mul     s2, t5, t6
core   0: 3 0x8000e9f2 (0x03ff0933) x18 0x7fff4b5e
core   0: 0x8000e9f6 (0x012d1d33) sll     s10, s10, s2
core   0: 3 0x8000e9f6 (0x012d1d33) x26 0x00000000
core   0: 0x8000e9fa (0x00008e89) c.sub   a3, a0
core   0: 3 0x8000e9fa (0x8e89) x13 0xfda23f50
core   0: 0x8000e9fc (0x85bbe193) ori     gp, s7, -1957
core   0: 3 0x8000e9fc (0x85bbe193) x 3 0xfffff85b
core   0: 0x8000ea00 (0x00000001) c.nop
core   0: 3 0x8000ea00 (0x0001)
core   0: 0x8000ea02 (0x00001cfd) c.addi  s9, -1
core   0: 3 0x8000ea02 (0x1cfd) x25 0x033a5251
core   0: 0x8000ea04 (0xeb1dd517) auipc   a0, 0xeb1dd
core   0: 3 0x8000ea04 (0xeb1dd517) x10 0x6b1eba04
core   0: 0x8000ea08 (0x00b7bbb3) sltu    s7, a5, a1
core   0: 3 0x8000ea08 (0x00b7bbb3) x23 0x00000000
core   0: 0x8000ea0c (0x000082de) c.mv    t0, s7
core   0: 3 0x8000ea0c (0x82de) x 5 0x00000000
core   0: 0x8000ea0e (0x02226e33) rem     t3, tp, sp
core   0: 3 0x8000ea0e (0x02226e33) x28 0xfe7e865e
core   0: 0x8000ea12 (0x00008fed) c.and   a5, a1
core   0: 3 0x8000ea12 (0x8fed) x15 0x00000000
core   0: 0x8000ea14 (0x41b28cb3) sub     s9, t0, s11
core   0: 3 0x8000ea14 (0x41b28cb3) x25 0xfffffff1
core   0: 0x8000ea18 (0x00064bb3) xor     s7, a2, zero
core   0: 3 0x8000ea18 (0x00064bb3) x23 0xbe777000
core   0: 0x8000ea1c (0x00482c03) lw      s8, 4(a6)
core   0: 3 0x8000ea1c (0x00482c03) x24 0x80007912 mem 0x80025e30
core   0: 0x8000ea20 (0x03880813) addi    a6, a6, 56
core   0: 3 0x8000ea20 (0x03880813) x16 0x80025e64
core   0: 0x8000ea24 (0x02057eb3) remu    t4, a0, zero
core   0: 3 0x8000ea24 (0x02057eb3) x29 0x6b1eba04
core   0: 0x8000ea28 (0x001c0713) addi    a4, s8, 1
core   0: 3 0x8000ea28 (0x001c0713) x14 0x80007913
core   0: 0x8000ea2c (0x00070767) jalr    a4, a4, 0
core   0: 3 0x8000ea2c (0x00070767) x14 0x8000ea30
core   0: 0x80007912 (0x00000001) c.nop
core   0: 3 0x80007912 (0x0001)
core   0: 0x80007914 (0x000092b6) c.add   t0, a3
core   0: 3 0x80007914 (0x92b6) x 5 0xfda23f50
core   0: 0x80007916 (0x02074d33) div     s10, a4, zero
core   0: 3 0x80007916 (0x02074d33) x26 0xffffffff
core   0: 0x8000791a (0x414cd8b3) sra     a7, s9, s4
core   0: 3 0x8000791a (0x414cd8b3) x17 0xfffffff1
core   0: 0x8000791e (0x04c4c163) blt     s1, a2, pc + 66
core   0: 3 0x8000791e (0x04c4c163)
core   0: 0x80007960 (0x02c29663) bne     t0, a2, pc + 44
core   0: 3 0x80007960 (0x02c29663)
core   0: 0x8000798c (0x000093b6) c.add   t2, a3
core   0: 3 0x8000798c (0x93b6) x 7 0xbf4d8abb
core   0: 0x8000798e (0x01713333) sltu    t1, sp, s7
core   0: 3 0x8000798e (0x01713333) x 6 0x00000001
core   0: 0x80007992 (0x00009dbe) c.add   s11, a5
core   0: 3 0x80007992 (0x9dbe) x27 0x0000000f
core   0: 0x80007994 (0x00008a99) c.andi  a3, 6
core   0: 3 0x80007994 (0x8a99) x13 0x00000000
core   0: 0x80007996 (0x00000001) c.nop
core   0: 3 0x80007996 (0x0001)
core   0: 0x80007998 (0x0000537d) c.li    t1, -1
core   0: 3 0x80007998 (0x537d) x 6 0xffffffff
core   0: 0x8000799a (0x008c3233) sltu    tp, s8, s0
core   0: 3 0x8000799a (0x008c3233) x 4 0x00000000
core   0: 0x8000799e (0x00008c41) c.or    s0, s0
core   0: 3 0x8000799e (0x8c41) x 8 0x00000000
core   0: 0x800079a0 (0x45cf6e37) lui     t3, 0x45cf6
core   0: 3 0x800079a0 (0x45cf6e37) x28 0x45cf6000
core   0: 0x800079a4 (0x38747913) andi    s2, s0, 903
core   0: 3 0x800079a4 (0x38747913) x18 0x00000000
core   0: 0x800079a8 (0x410e82b3) sub     t0, t4, a6
core   0: 3 0x800079a8 (0x410e82b3) x 5 0xeb1c5ba0
core   0: 0x800079ac (0x01308463) beq     ra, s3, pc + 8
core   0: 3 0x800079ac (0x01308463)
core   0: 0x800079b0 (0x03262533) mulhsu  a0, a2, s2
core   0: 3 0x800079b0 (0x03262533) x10 0x00000000
core   0: 0x800079b4 (0x00edd263) bge     s11, a4, pc + 4
core   0: 3 0x800079b4 (0x00edd263)
core   0: 0x800079b8 (0x010776b3) and     a3, a4, a6
core   0: 3 0x800079b8 (0x010776b3) x13 0x80004a20
core   0: 0x800079bc (0x417f5d93) srai    s11, t5, 23
core   0: 3 0x800079bc (0x417f5d93) x27 0xffffff00
core   0: 0x800079c0 (0x01a25513) srli    a0, tp, 26
core   0: 3 0x800079c0 (0x01a25513) x10 0x00000000
core   0: 0x800079c4 (0x000003c2) c.slli  t2, 16
core   0: 3 0x800079c4 (0x03c2) x 7 0x8abb0000
core   0: 0x800079c6 (0x41c9d733) sra     a4, s3, t3
core   0: 3 0x800079c6 (0x41c9d733) x14 0x00000055
core   0: 0x800079ca (0x025699b3) mulh    s3, a3, t0
core   0: 3 0x800079ca (0x025699b3) x19 0x0a71cc23
core   0: 0x800079ce (0x00008276) c.mv    tp, t4
core   0: 3 0x800079ce (0x8276) x 4 0x6b1eba04
core   0: 0x800079d0 (0x03a1f6b3) remu    a3, gp, s10
core   0: 3 0x800079d0 (0x03a1f6b3) x13 0xfffff85b
core   0: 0x800079d4 (0x41798133) sub     sp, s3, s7
core   0: 3 0x800079d4 (0x41798133) x 2 0x4bfa5c23
core   0: 0x800079d8 (0x00008d89) c.sub   a1, a0
core   0: 3 0x800079d8 (0x8d89) x11 0x00000000
core   0: 0x800079da (0x0000c79d) c.beqz  a5, pc + 46
core   0: 3 0x800079da (0xc79d)
core   0: 0x80007a08 (0x033558b3) divu    a7, a0, s3
core   0: 3 0x80007a08 (0x033558b3) x17 0x00000000
core   0: 0x80007a0c (0x000018fd) c.addi  a7, -1
core   0: 3 0x80007a0c (0x18fd) x17 0xffffffff
core   0: 0x80007a0e (0x01035f63) bge     t1, a6, pc + 30
core   0: 3 0x80007a0e (0x01035f63)
core   0: 0x80007a2c (0x02824333) div     t1, tp, s0
core   0: 3 0x80007a2c (0x02824333) x 6 0xffffffff
core   0: 0x80007a30 (0x00014e33) xor     t3, sp, zero
core   0: 3 0x80007a30 (0x00014e33) x28 0x4bfa5c23
core   0: 0x80007a34 (0x00246963) bltu    s0, sp, pc + 18
core   0: 3 0x80007a34 (0x00246963)
core   0: 0x80007a46 (0xef6d8213) addi    tp, s11, -266
core   0: 3 0x80007a46 (0xef6d8213) x 4 0xfffffdf6
core   0: 0x80007a4a (0x000086b5) c.srai  a3, 13
core   0: 3 0x80007a4a (0x86b5) x13 0xffffffff
core   0: 0x80007a4c (0x00008f59) c.or    a4, a4
core   0: 3 0x80007a4c (0x8f59) x14 0x00000055
core   0: 0x80007a4e (0x8bdf4593) xori    a1, t5, -1859
core   0: 3 0x80007a4e (0x8bdf4593) x11 0x7fff4c1f
core   0: 0x80007a52 (0xe8d13a97) auipc   s5, 0xe8d13
core   0: 3 0x80007a52 (0xe8d13a97) x21 0x68d1aa52
core   0: 0x80007a56 (0x01bbce33) xor     t3, s7, s11
core   0: 3 0x80007a56 (0x01bbce33) x28 0x41888f00
core   0: 0x80007a5a (0x00004f8d) c.li    t6, 3
core   0: 3 0x80007a5a (0x4f8d) x31 0x00000003
core   0: 0x80007a5c (0x0482d063) bge     t0, s0, pc + 64
core   0: 3 0x80007a5c (0x0482d063)
core   0: 0x80007a60 (0x00f46eb3) or      t4, s0, a5
core   0: 3 0x80007a60 (0x00f46eb3) x29 0x00000000
core   0: 0x80007a64 (0x0083e9b3) or      s3, t2, s0
core   0: 3 0x80007a64 (0x0083e9b3) x19 0x8abb0000
core   0: 0x80007a68 (0x01c31c33) sll     s8, t1, t3
core   0: 3 0x80007a68 (0x01c31c33) x24 0xffffffff
core   0: 0x80007a6c (0x0226dd33) divu    s10, a3, sp
core   0: 3 0x80007a6c (0x0226dd33) x26 0x00000003
core   0: 0x80007a70 (0x00008139) c.srli  a0, 14
core   0: 3 0x80007a70 (0x8139) x10 0x00000000
core   0: 0x80007a72 (0xce693213) sltiu   tp, s2, -794
core   0: 3 0x80007a72 (0xce693213) x 4 0x00000001
core   0: 0x80007a76 (0x0164d133) srl     sp, s1, s6
core   0: 3 0x80007a76 (0x0164d133) x 2 0x80029ce4
core   0: 0x80007a7a (0x00006791) c.lui   a5, 0x4
core   0: 3 0x80007a7a (0x6791) x15 0x00004000
core   0: 0x80007a7c (0x69ba3193) sltiu   gp, s4, 1691
core   0: 3 0x80007a7c (0x69ba3193) x 3 0x00000000
core   0: 0x80007a80 (0x00008fb9) c.xor   a5, a4
core   0: 3 0x80007a80 (0x8fb9) x15 0x00004055
core   0: 0x80007a82 (0x90f52313) slti    t1, a0, -1777
core   0: 3 0x80007a82 (0x90f52313) x 6 0x00000000
core   0: 0x80007a86 (0x0709e713) ori     a4, s3, 112
core   0: 3 0x80007a86 (0x0709e713) x14 0x8abb0070
core   0: 0x80007a8a (0x415f07b3) sub     a5, t5, s5
core   0: 3 0x80007a8a (0x415f07b3) x15 0x172f0a50
core   0: 0x80007a8e (0x41f38f33) sub     t5, t2, t6
core   0: 3 0x80007a8e (0x41f38f33) x30 0x8abafffd
core   0: 0x80007a92 (0x00000001) c.nop
core   0: 3 0x80007a92 (0x0001)
core   0: 0x80007a94 (0x00daf033) and     zero, s5, a3
core   0: 3 0x80007a94 (0x00daf033)
core   0: 0x80007a98 (0x02020933) mul     s2, tp, zero
core   0: 3 0x80007a98 (0x02020933) x18 0x00000000
core   0: 0x80007a9c (0x00009bfd) c.andi  a5, -1
core   0: 3 0x80007a9c (0x9bfd) x15 0x172f0a50
core   0: 0x80007a9e (0xe4206893) ori     a7, zero, -446
core   0: 3 0x80007a9e (0xe4206893) x17 0xfffffe42
core   0: 0x80007aa2 (0x00000001) c.nop
core   0: 3 0x80007aa2 (0x0001)
core   0: 0x80007aa4 (0x00005afd) c.li    s5, -1
core   0: 3 0x80007aa4 (0x5afd) x21 0xffffffff
core   0: 0x80007aa6 (0x000083a9) c.srli  a5, 10
core   0: 3 0x80007aa6 (0x83a9) x15 0x0005cbc2
core   0: 0x80007aa8 (0x02659bb3) mulh    s7, a1, t1
core   0: 3 0x80007aa8 (0x02659bb3) x23 0x00000000
core   0: 0x80007aac (0x39c0e397) auipc   t2, 0x39c0e
core   0: 3 0x80007aac (0x39c0e397) x 7 0xb9c15aac
core   0: 0x80007ab0 (0x0000717d) c.addi16sp sp, -16
core   0: 3 0x80007ab0 (0x717d) x 2 0x80029cd4
core   0: 0x80007ab2 (0xcacba913) slti    s2, s7, -852
core   0: 3 0x80007ab2 (0xcacba913) x18 0x00000000
core   0: 0x80007ab6 (0x00000001) c.nop
core   0: 3 0x80007ab6 (0x0001)
core   0: 0x80007ab8 (0x01e5d213) srli    tp, a1, 30
core   0: 3 0x80007ab8 (0x01e5d213) x 4 0x00000001
core   0: 0x80007abc (0x0ff0000f) fence   iorw,iorw
core   0: 3 0x80007abc (0x0ff0000f)
core   0: 0x80007ac0 (0x00261713) slli    a4, a2, 2
core   0: 3 0x80007ac0 (0x00261713) x14 0xf9ddc000
core   0: 0x80007ac4 (0x00000646) c.slli  a2, 17
core   0: 3 0x80007ac4 (0x0646) x12 0xe0000000
core   0: 0x80007ac6 (0x03515cb3) divu    s9, sp, s5
core   0: 3 0x80007ac6 (0x03515cb3) x25 0x00000000
core   0: 0x80007aca (0x03e5c963) blt     a1, t5, pc + 50
core   0: 3 0x80007aca (0x03e5c963)
core   0: 0x80007ace (0x022d5363) bge     s10, sp, pc + 38
core   0: 3 0x80007ace (0x022d5363)
core   0: 0x80007af4 (0x00006799) c.lui   a5, 0x6
core   0: 3 0x80007af4 (0x6799) x15 0x00006000
core   0: 0x80007af6 (0x95c7a613) slti    a2, a5, -1700
core   0: 3 0x80007af6 (0x95c7a613) x12 0x00000000
core   0: 0x80007afa (0x0000c189) c.beqz  a1, pc + 2
core   0: 3 0x80007afa (0xc189)
core   0: 0x80007afc (0xefd8eb13) ori     s6, a7, -259
core   0: 3 0x80007afc (0xefd8eb13) x22 0xfffffeff
core   0: 0x80007b00 (0x00008011) c.srli  s0, 4
core   0: 3 0x80007b00 (0x8011) x 8 0x00000000
core   0: 0x80007b02 (0x0000875d) c.srai  a4, 23
core   0: 3 0x80007b02 (0x875d) x14 0xfffffff3
core   0: 0x80007b04 (0xabdc8093) addi    ra, s9, -1347
core   0: 3 0x80007b04 (0xabdc8093) x 1 0xfffffabd
core   0: 0x80007b08 (0x00000432) c.slli  s0, 12
core   0: 3 0x80007b08 (0x0432) x 8 0x00000000
core   0: 0x80007b0a (0x01811193) slli    gp, sp, 24
core   0: 3 0x80007b0a (0x01811193) x 3 0xd4000000
core   0: 0x80007b0e (0x00008435) c.srai  s0, 13
core   0: 3 0x80007b0e (0x8435) x 8 0x00000000
core   0: 0x80007b10 (0xa8fb3d13) sltiu   s10, s6, -1393
core   0: 3 0x80007b10 (0xa8fb3d13) x26 0x00000000
core   0: 0x80007b14 (0x00000001) c.nop
core   0: 3 0x80007b14 (0x0001)
core   0: 0x80007b16 (0x90d9c713) xori    a4, s3, -1779
core   0: 3 0x80007b16 (0x90d9c713) x14 0x7544f90d
core   0: 0x80007b1a (0x0000717d) c.addi16sp sp, -16
core   0: 3 0x80007b1a (0x717d) x 2 0x80029cc4
core   0: 0x80007b1c (0x00009162) c.add   sp, s8
core   0: 3 0x80007b1c (0x9162) x 2 0x80029cc3
core   0: 0x80007b1e (0xfb0d0093) addi    ra, s10, -80
core   0: 3 0x80007b1e (0xfb0d0093) x 1 0xffffffb0
core   0: 0x80007b22 (0x76cdf693) andi    a3, s11, 1900
core   0: 3 0x80007b22 (0x76cdf693) x13 0x00000700
core   0: 0x80007b26 (0x00e0f7b3) and     a5, ra, a4
core   0: 3 0x80007b26 (0x00e0f7b3) x15 0x7544f900
core   0: 0x80007b2a (0x00008d41) c.or    a0, s0
core   0: 3 0x80007b2a (0x8d41) x10 0x00000000
core   0: 0x80007b2c (0x000040ed) c.li    ra, 27
core   0: 3 0x80007b2c (0x40ed) x 1 0x0000001b
core   0: 0x80007b2e (0x1a8c6193) ori     gp, s8, 424
core   0: 3 0x80007b2e (0x1a8c6193) x 3 0xffffffff
core   0: 0x80007b32 (0x023c5033) divu    zero, s8, gp
core   0: 3 0x80007b32 (0x023c5033)
core   0: 0x80007b36 (0x00000691) c.addi  a3, 4
core   0: 3 0x80007b36 (0x0691) x13 0x00000704
core   0: 0x80007b38 (0x000087c9) c.srai  a5, 18
core   0: 3 0x80007b38 (0x87c9) x15 0x00001d51
core   0: 0x80007b3a (0x415800b3) sub     ra, a6, s5
core   0: 3 0x80007b3a (0x415800b3) x 1 0x80025e65
core   0: 0x80007b3e (0x03d1acb3) mulhsu  s9, gp, t4
core   0: 3 0x80007b3e (0x03d1acb3) x25 0x00000000
core   0: 0x80007b42 (0x038b8033) mul     zero, s7, s8
core   0: 3 0x80007b42 (0x038b8033)
core   0: 0x80007b46 (0x00008fa1) c.xor   a5, s0
core   0: 3 0x80007b46 (0x8fa1) x15 0x00001d51
core   0: 0x80007b48 (0x00008cde) c.mv    s9, s7
core   0: 3 0x80007b48 (0x8cde) x25 0x00000000
core   0: 0x80007b4a (0x00008185) c.srli  a1, 1
core   0: 3 0x80007b4a (0x8185) x11 0x3fffa60f
core   0: 0x80007b4c (0x4f0da997) auipc   s3, 0x4f0da
core   0: 3 0x80007b4c (0x4f0da997) x19 0xcf0e1b4c
core   0: 0x80007b50 (0x00009afd) c.andi  a3, -1
core   0: 3 0x80007b50 (0x9afd) x13 0x00000704
core   0: 0x80007b52 (0x012fff63) bgeu    t6, s2, pc + 30
core   0: 3 0x80007b52 (0x012fff63)
core   0: 0x80007b70 (0x2b04c513) xori    a0, s1, 688
core   0: 3 0x80007b70 (0x2b04c513) x10 0x80029e54
core   0: 0x80007b74 (0x00008e61) c.and   a2, s0
core   0: 3 0x80007b74 (0x8e61) x12 0x00000000
core   0: 0x80007b76 (0x00008535) c.srai  a0, 13
core   0: 3 0x80007b76 (0x8535) x10 0xfffc0014
core   0: 0x80007b78 (0x0000c109) c.beqz  a0, pc + 2
core   0: 3 0x80007b78 (0xc109)
core   0: 0x80007b7a (0xa72bbf93) sltiu   t6, s7, -1422
core   0: 3 0x80007b7a (0xa72bbf93) x31 0x00000001
core   0: 0x80007b7e (0x0000c419) c.beqz  s0, pc + 14
core   0: 3 0x80007b7e (0xc419)
core   0: 0x80007b8c (0x02635d63) bge     t1, t1, pc + 58
core   0: 3 0x80007b8c (0x02635d63)
core   0: 0x80007bc6 (0x4b096c13) ori     s8, s2, 1200
core   0: 3 0x80007bc6 (0x4b096c13) x24 0x000004b0
core   0: 0x80007bca (0x41dcddb3) sra     s11, s9, t4
core   0: 3 0x80007bca (0x41dcddb3) x27 0x00000000
core   0: 0x80007bce (0xb74e7713) andi    a4, t3, -1164
core   0: 3 0x80007bce (0xb74e7713) x14 0x41888b00
core   0: 0x80007bd2 (0x005eb033) sltu    zero, t4, t0
core   0: 3 0x80007bd2 (0x005eb033)
core   0: 0x80007bd6 (0x00540333) add     t1, s0, t0
core   0: 3 0x80007bd6 (0x00540333) x 6 0xeb1c5ba0
core   0: 0x80007bda (0xf60c0593) addi    a1, s8, -160
core   0: 3 0x80007bda (0xf60c0593) x11 0x00000410
core   0: 0x80007bde (0x00001008) c.addi4spn a0, sp, 32
core   0: 3 0x80007bde (0x1008) x10 0x80029ce3
core   0: 0x80007be0 (0x5ace6793) ori     a5, t3, 1452
core   0: 3 0x80007be0 (0x5ace6793) x15 0x41888fac
core   0: 0x80007be4 (0x00008dbd) c.xor   a1, a5
core   0: 3 0x80007be4 (0x8dbd) x11 0x41888bbc
core   0: 0x80007be6 (0x00000a14) c.addi4spn a3, sp, 272
core   0: 3 0x80007be6 (0x0a14) x13 0x80029dd3
core   0: 0x80007be8 (0x01994433) xor     s0, s2, s9
core   0: 3 0x80007be8 (0x01994433) x 8 0x00000000
core   0: 0x80007bec (0x00008fd2) c.mv    t6, s4
core   0: 3 0x80007bec (0x8fd2) x31 0x80000000
core   0: 0x80007bee (0x014cecb3) or      s9, s9, s4
core   0: 3 0x80007bee (0x014cecb3) x25 0x80000000
core   0: 0x80007bf2 (0x00008f61) c.and   a4, s0
core   0: 3 0x80007bf2 (0x8f61) x14 0x00000000
core   0: 0x80007bf4 (0x0000100f) fence.i
core   0: 3 0x80007bf4 (0x0000100f)
core   0: 0x80007bf8 (0x034a4033) div     zero, s4, s4
core   0: 3 0x80007bf8 (0x034a4033)
core   0: 0x80007bfc (0x41b582b3) sub     t0, a1, s11
core   0: 3 0x80007bfc (0x41b582b3) x 5 0x41888bbc
core   0: 0x80007c00 (0x0efd2713) slti    a4, s10, 239
core   0: 3 0x80007c00 (0x0efd2713) x14 0x00000001
core   0: 0x80007c04 (0x0000997d) c.andi  a0, -1
core   0: 3 0x80007c04 (0x997d) x10 0x80029ce3
core   0: 0x80007c06 (0xe0fd4097) auipc   ra, 0xe0fd4
core   0: 3 0x80007c06 (0xe0fd4097) x 1 0x60fdbc06
core   0: 0x80007c0a (0x9e2c4893) xori    a7, s8, -1566
core   0: 3 0x80007c0a (0x9e2c4893) x17 0xfffffd52
core   0: 0x80007c0e (0x00008c79) c.and   s0, a4
core   0: 3 0x80007c0e (0x8c79) x 8 0x00000000
core   0: 0x80007c10 (0x02f96f33) rem     t5, s2, a5
core   0: 3 0x80007c10 (0x02f96f33) x30 0x00000000
core   0: 0x80007c14 (0x03a5e263) bltu    a1, s10, pc + 36
core   0: 3 0x80007c14 (0x03a5e263)
core   0: 0x80007c18 (0x0000100f) fence.i
core   0: 3 0x80007c18 (0x0000100f)
core   0: 0x80007c1c (0x00008fb5) c.xor   a5, a3
core   0: 3 0x80007c1c (0x8fb5) x15 0xc18a127f
core   0: 0x80007c1e (0x0060b733) sltu    a4, ra, t1
core   0: 3 0x80007c1e (0x0060b733) x14 0x00000001
core   0: 0x80007c22 (0x031c8363) beq     s9, a7, pc + 38
core   0: 3 0x80007c22 (0x031c8363)
core   0: 0x80007c26 (0x0169d663) bge     s3, s6, pc + 12
core   0: 3 0x80007c26 (0x0169d663)
core   0: 0x80007c2a (0x00009d76) c.add   s10, t4
core   0: 3 0x80007c2a (0x9d76) x26 0x00000000
core   0: 0x80007c2c (0x00001c8c) c.addi4spn a1, sp, 624
core   0: 3 0x80007c2c (0x1c8c) x11 0x80029f33
core   0: 0x80007c2e (0x00f07d33) and     s10, zero, a5
core   0: 3 0x80007c2e (0x00f07d33) x26 0x00000000
core   0: 0x80007c32 (0x0162e663) bltu    t0, s6, pc + 12
core   0: 3 0x80007c32 (0x0162e663)
core   0: 0x80007c3e (0x000040b9) c.li    ra, 14
core   0: 3 0x80007c3e (0x40b9) x 1 0x0000000e
core   0: 0x80007c40 (0x009b1463) bne     s6, s1, pc + 8
core   0: 3 0x80007c40 (0x009b1463)
core   0: 0x80007c48 (0x00ed5193) srli    gp, s10, 14
core   0: 3 0x80007c48 (0x00ed5193) x 3 0x00000000
core   0: 0x80007c4c (0x0000100f) fence.i
core   0: 3 0x80007c4c (0x0000100f)
core   0: 0x80007c50 (0xf6343393) sltiu   t2, s0, -157
core   0: 3 0x80007c50 (0xf6343393) x 7 0x00000001
core   0: 0x80007c54 (0x0206b5b3) mulhu   a1, a3, zero
core   0: 3 0x80007c54 (0x0206b5b3) x11 0x00000000
core   0: 0x80007c58 (0x000086f1) c.srai  a3, 28
core   0: 3 0x80007c58 (0x86f1) x13 0xfffffff8
core   0: 0x80007c5a (0xec137b17) auipc   s6, 0xec137
core   0: 3 0x80007c5a (0xec137b17) x22 0x6c13ec5a
core   0: 0x80007c5e (0x013ed413) srli    s0, t4, 19
core   0: 3 0x80007c5e (0x013ed413) x 8 0x00000000
core   0: 0x80007c62 (0xb9a2ab13) slti    s6, t0, -1126
core   0: 3 0x80007c62 (0xb9a2ab13) x22 0x00000000
core   0: 0x80007c66 (0xb17aae37) lui     t3, 0xb17aa
core   0: 3 0x80007c66 (0xb17aae37) x28 0xb17aa000
core   0: 0x80007c6a (0x00399863) bne     s3, gp, pc + 16
core   0: 3 0x80007c6a (0x00399863)
core   0: 0x80007c7a (0x00000001) c.nop
core   0: 3 0x80007c7a (0x0001)
core   0: 0x80007c7c (0x005b0e33) add     t3, s6, t0
core   0: 3 0x80007c7c (0x005b0e33) x28 0x41888bbc
core   0: 0x80007c80 (0x0000100f) fence.i
core   0: 3 0x80007c80 (0x0000100f)
core   0: 0x80007c84 (0x414882b3) sub     t0, a7, s4
core   0: 3 0x80007c84 (0x414882b3) x 5 0x7ffffd52
core   0: 0x80007c88 (0x00000001) c.nop
core   0: 3 0x80007c88 (0x0001)
core   0: 0x80007c8a (0x000059fd) c.li    s3, -1
core   0: 3 0x80007c8a (0x59fd) x19 0xffffffff
core   0: 0x80007c8c (0x0055cc33) xor     s8, a1, t0
core   0: 3 0x80007c8c (0x0055cc33) x24 0x7ffffd52
core   0: 0x80007c90 (0x386a7c93) andi    s9, s4, 902
core   0: 3 0x80007c90 (0x386a7c93) x25 0x00000000
core   0: 0x80007c94 (0x0000eda5) c.bnez  a1, pc + 120
core   0: 3 0x80007c94 (0xeda5)
core   0: 0x80007c96 (0x00006541) c.lui   a0, 0x10
core   0: 3 0x80007c96 (0x6541) x10 0x00010000
core   0: 0x80007c98 (0x034e5b33) divu    s6, t3, s4
core   0: 3 0x80007c98 (0x034e5b33) x22 0x00000000
core   0: 0x80007c9c (0x0000e309) c.bnez  a4, pc + 2
core   0: 3 0x80007c9c (0xe309)
core   0: 0x80007c9e (0x00000001) c.nop
core   0: 3 0x80007c9e (0x0001)
core   0: 0x80007ca0 (0x00008d9d) c.sub   a1, a5
core   0: 3 0x80007ca0 (0x8d9d) x11 0x3e75ed81
core   0: 0x80007ca2 (0x0000b117) auipc   sp, 0xb
core   0: 3 0x80007ca2 (0x0000b117) x 2 0x80012ca2
core   0: 0x80007ca6 (0xfcb10113) addi    sp, sp, -53
core   0: 3 0x80007ca6 (0xfcb10113) x 2 0x80012c6d
core   0: 0x80007caa (0x09810623) sb      s8, 140(sp)
core   0: 3 0x80007caa (0x09810623) mem 0x80012cf9 0x52
core   0: 0x80007cae (0x08c14603) lbu     a2, 140(sp)
core   0: 3 0x80007cae (0x08c14603) x12 0x00000052 mem 0x80012cf9
core   0: 0x80007cb2 (0x00fedd93) srli    s11, t4, 15
core   0: 3 0x80007cb2 (0x00fedd93) x27 0x00000000
core   0: 0x80007cb6 (0x09510623) sb      s5, 140(sp)
core   0: 3 0x80007cb6 (0x09510623) mem 0x80012cf9 0xff
core   0: 0x80007cba (0x08c10e03) lb      t3, 140(sp)
core   0: 3 0x80007cba (0x08c10e03) x28 0xffffffff mem 0x80012cf9
core   0: 0x80007cbe (0x0000629d) c.lui   t0, 0x7
core   0: 3 0x80007cbe (0x629d) x 5 0x00007000
core   0: 0x80007cc0 (0x40ec0cb3) sub     s9, s8, a4
core   0: 3 0x80007cc0 (0x40ec0cb3) x25 0x7ffffd51
core   0: 0x80007cc4 (0x08c10983) lb      s3, 140(sp)
core   0: 3 0x80007cc4 (0x08c10983) x19 0xffffffff mem 0x80012cf9
core   0: 0x80007cc8 (0x08c14883) lbu     a7, 140(sp)
core   0: 3 0x80007cc8 (0x08c14883) x17 0x000000ff mem 0x80012cf9
core   0: 0x80007ccc (0x08c14c03) lbu     s8, 140(sp)
core   0: 3 0x80007ccc (0x08c14c03) x24 0x000000ff mem 0x80012cf9
core   0: 0x80007cd0 (0x08c10e03) lb      t3, 140(sp)
core   0: 3 0x80007cd0 (0x08c10e03) x28 0xffffffff mem 0x80012cf9
core   0: 0x80007cd4 (0x08c14203) lbu     tp, 140(sp)
core   0: 3 0x80007cd4 (0x08c14203) x 4 0x000000ff mem 0x80012cf9
core   0: 0x80007cd8 (0x08c14883) lbu     a7, 140(sp)
core   0: 3 0x80007cd8 (0x08c14883) x17 0x000000ff mem 0x80012cf9
core   0: 0x80007cdc (0x09b11683) lh      a3, 155(sp)
core   0: 3 0x80007cdc (0x09b11683) x13 0xffff8859 mem 0x80012d08
core   0: 0x80007ce0 (0x01c4cab3) xor     s5, s1, t3
core   0: 3 0x80007ce0 (0x01c4cab3) x21 0x7ffd631b
core   0: 0x80007ce4 (0x00000001) c.nop
core   0: 3 0x80007ce4 (0x0001)
core   0: 0x80007ce6 (0x0ff0000f) fence   iorw,iorw
core   0: 3 0x80007ce6 (0x0ff0000f)
core   0: 0x80007cea (0x00006121) c.addi16sp sp, 64
core   0: 3 0x80007cea (0x6121) x 2 0x80012cad
core   0: 0x80007cec (0xf1e33193) sltiu   gp, t1, -226
core   0: 3 0x80007cec (0xf1e33193) x 3 0x00000001
core   0: 0x80007cf0 (0x005a5263) bge     s4, t0, pc + 4
core   0: 3 0x80007cf0 (0x005a5263)
core   0: 0x80007cf4 (0x01c11463) bne     sp, t3, pc + 8
core   0: 3 0x80007cf4 (0x01c11463)
core   0: 0x80007cfc (0x6531b093) sltiu   ra, gp, 1619
core   0: 3 0x80007cfc (0x6531b093) x 1 0x00000001
core   0: 0x80007d00 (0x087a4337) lui     t1, 0x87a4
core   0: 3 0x80007d00 (0x087a4337) x 6 0x087a4000
core   0: 0x80007d04 (0x009348b3) xor     a7, t1, s1
core   0: 3 0x80007d04 (0x009348b3) x17 0x8878dce4
core   0: 0x80007d08 (0x0285c163) blt     a1, s0, pc + 34
core   0: 3 0x80007d08 (0x0285c163)
core   0: 0x80007d0c (0x00000001) c.nop
core   0: 3 0x80007d0c (0x0001)
core   0: 0x80007d0e (0x029a0133) mul     sp, s4, s1
core   0: 3 0x80007d0e (0x029a0133) x 2 0x00000000
core   0: 0x80007d12 (0x000086d1) c.srai  a3, 20
core   0: 3 0x80007d12 (0x86d1) x13 0xffffffff
core   0: 0x80007d14 (0x0000841d) c.srai  s0, 7
core   0: 3 0x80007d14 (0x841d) x 8 0x00000000
core   0: 0x80007d16 (0xbbe32293) slti    t0, t1, -1090
core   0: 3 0x80007d16 (0xbbe32293) x 5 0x00000000
core   0: 0x80007d1a (0x034cea63) bltu    s9, s4, pc + 52
core   0: 3 0x80007d1a (0x034cea63)
core   0: 0x80007d4e (0x038d3133) mulhu   sp, s10, s8
core   0: 3 0x80007d4e (0x038d3133) x 2 0x00000000
core   0: 0x80007d52 (0x00008d19) c.sub   a0, a4
core   0: 3 0x80007d52 (0x8d19) x10 0x0000ffff
core   0: 0x80007d54 (0x00008dbd) c.xor   a1, a5
core   0: 3 0x80007d54 (0x8dbd) x11 0xfffffffe
core   0: 0x80007d56 (0x00ccd133) srl     sp, s9, a2
core   0: 3 0x80007d56 (0x00ccd133) x 2 0x00001fff
core   0: 0x80007d5a (0x00008ec5) c.or    a3, s1
core   0: 3 0x80007d5a (0x8ec5) x13 0xffffffff
core   0: 0x80007d5c (0x41c10d33) sub     s10, sp, t3
core   0: 3 0x80007d5c (0x41c10d33) x26 0x00002000
core   0: 0x80007d60 (0x00006129) c.addi16sp sp, 192
core   0: 3 0x80007d60 (0x6129) x 2 0x000020bf
core   0: 0x80007d62 (0x16111097) auipc   ra, 0x16111
core   0: 3 0x80007d62 (0x16111097) x 1 0x96118d62
core   0: 0x80007d66 (0x0145c6b3) xor     a3, a1, s4
core   0: 3 0x80007d66 (0x0145c6b3) x13 0x7ffffffe
core   0: 0x80007d6a (0x00001b7d) c.addi  s6, -1
core   0: 3 0x80007d6a (0x1b7d) x22 0xffffffff
core   0: 0x80007d6c (0x00008db5) c.xor   a1, a3
core   0: 3 0x80007d6c (0x8db5) x11 0x80000000
core   0: 0x80007d6e (0x0044d463) bge     s1, tp, pc + 8
core   0: 3 0x80007d6e (0x0044d463)
core   0: 0x80007d72 (0x0215e533) rem     a0, a1, ra
core   0: 3 0x80007d72 (0x0215e533) x10 0xe9ee729e
core   0: 0x80007d76 (0x0245a033) mulhsu  zero, a1, tp
core   0: 3 0x80007d76 (0x0245a033)
core   0: 0x80007d7a (0x0000c395) c.beqz  a5, pc + 36
core   0: 3 0x80007d7a (0xc395)
core   0: 0x80007d7c (0x4da0ac13) slti    s8, ra, 1242
core   0: 3 0x80007d7c (0x4da0ac13) x24 0x00000001
core   0: 0x80007d80 (0xd5223393) sltiu   t2, tp, -686
core   0: 3 0x80007d80 (0xd5223393) x 7 0x00000001
core   0: 0x80007d84 (0x007e3e33) sltu    t3, t3, t2
core   0: 3 0x80007d84 (0x007e3e33) x28 0x00000000
core   0: 0x80007d88 (0x0258bdb3) mulhu   s11, a7, t0
core   0: 3 0x80007d88 (0x0258bdb3) x27 0x00000000
core   0: 0x80007d8c (0x0000c391) c.beqz  a5, pc + 4
core   0: 3 0x80007d8c (0xc391)
core   0: 0x80007d8e (0x00006109) c.addi16sp sp, 128
core   0: 3 0x80007d8e (0x6109) x 2 0x0000213f
core   0: 0x80007d90 (0x0000894a) c.mv    s2, s2
core   0: 3 0x80007d90 (0x894a) x18 0x00000000
core   0: 0x80007d92 (0x02b88f63) beq     a7, a1, pc + 62
core   0: 3 0x80007d92 (0x02b88f63)
core   0: 0x80007d96 (0x5d74f097) auipc   ra, 0x5d74f
core   0: 3 0x80007d96 (0x5d74f097) x 1 0xdd756d96
core   0: 0x80007d9a (0xe737ed93) ori     s11, a5, -397
core   0: 3 0x80007d9a (0xe737ed93) x27 0xfffffe7f
core   0: 0x80007d9e (0x011d0f33) add     t5, s10, a7
core   0: 3 0x80007d9e (0x011d0f33) x30 0x8878fce4
core   0: 0x80007da2 (0x00008f39) c.xor   a4, a4
core   0: 3 0x80007da2 (0x8f39) x14 0x00000000
core   0: 0x80007da4 (0x34624213) xori    tp, tp, 838
core   0: 3 0x80007da4 (0x34624213) x 4 0x000003b9
core   0: 0x80007da8 (0x02058133) mul     sp, a1, zero
core   0: 3 0x80007da8 (0x02058133) x 2 0x00000000
core   0: 0x80007dac (0x40635db3) sra     s11, t1, t1
core   0: 3 0x80007dac (0x40635db3) x27 0x087a4000
core   0: 0x80007db0 (0x03919c63) bne     gp, s9, pc + 56
core   0: 3 0x80007db0 (0x03919c63)
core   0: 0x80007de8 (0x0000717d) c.addi16sp sp, -16
core   0: 3 0x80007de8 (0x717d) x 2 0xfffffff0
core   0: 0x80007dea (0x412c5393) srai    t2, s8, 18
core   0: 3 0x80007dea (0x412c5393) x 7 0x00000000
core   0: 0x80007dee (0x6e288413) addi    s0, a7, 1762
core   0: 3 0x80007dee (0x6e288413) x 8 0x8878e3c6
core   0: 0x80007df2 (0x02cc1eb3) mulh    t4, s8, a2
core   0: 3 0x80007df2 (0x02cc1eb3) x29 0x00000000
core   0: 0x80007df6 (0x01d4f1b3) and     gp, s1, t4
core   0: 3 0x80007df6 (0x01d4f1b3) x 3 0x00000000
core   0: 0x80007dfa (0x001cd113) srli    sp, s9, 1
core   0: 3 0x80007dfa (0x001cd113) x 2 0x3ffffea8
core   0: 0x80007dfe (0x6f003e97) auipc   t4, 0x6f003
core   0: 3 0x80007dfe (0x6f003e97) x29 0xef00adfe
core   0: 0x80007e02 (0x021f0033) mul     zero, t5, ra
core   0: 3 0x80007e02 (0x021f0033)
core   0: 0x80007e06 (0x01df6333) or      t1, t5, t4
core   0: 3 0x80007e06 (0x01df6333) x 6 0xef78fdfe
core   0: 0x80007e0a (0x03391bb3) mulh    s7, s2, s3
core   0: 3 0x80007e0a (0x03391bb3) x23 0x00000000
core   0: 0x80007e0e (0x00008dd9) c.or    a1, a4
core   0: 3 0x80007e0e (0x8dd9) x11 0x80000000
core   0: 0x80007e10 (0x0000100f) fence.i
core   0: 3 0x80007e10 (0x0000100f)
core   0: 0x80007e14 (0x0168e0b3) or      ra, a7, s6
core   0: 3 0x80007e14 (0x0168e0b3) x 1 0xffffffff
core   0: 0x80007e18 (0x40e65c93) srai    s9, a2, 14
core   0: 3 0x80007e18 (0x40e65c93) x25 0x00000000
core   0: 0x80007e1c (0x00008ebd) c.xor   a3, a5
core   0: 3 0x80007e1c (0x8ebd) x13 0xbe75ed81
core   0: 0x80007e1e (0x0384d163) bge     s1, s8, pc + 34
core   0: 3 0x80007e1e (0x0384d163)
core   0: 0x80007e22 (0x00000001) c.nop
core   0: 3 0x80007e22 (0x0001)
core   0: 0x80007e24 (0x00008f91) c.sub   a5, a2
core   0: 3 0x80007e24 (0x8f91) x15 0xc18a122d
core   0: 0x80007e26 (0x003e0263) beq     t3, gp, pc + 4
core   0: 3 0x80007e26 (0x003e0263)
core   0: 0x80007e2a (0x00000b0c) c.addi4spn a1, sp, 400
core   0: 3 0x80007e2a (0x0b0c) x11 0x40000038
core   0: 0x80007e2c (0x00b3e263) bltu    t2, a1, pc + 4
core   0: 3 0x80007e2c (0x00b3e263)
core   0: 0x80007e30 (0x0000e591) c.bnez  a1, pc + 12
core   0: 3 0x80007e30 (0xe591)
core   0: 0x80007e3c (0x00000001) c.nop
core   0: 3 0x80007e3c (0x0001)
core   0: 0x80007e3e (0x00006109) c.addi16sp sp, 128
core   0: 3 0x80007e3e (0x6109) x 2 0x3fffff28
core   0: 0x80007e40 (0x00ad97b3) sll     a5, s11, a0
core   0: 3 0x80007e40 (0x00ad97b3) x15 0x00000000
core   0: 0x80007e44 (0x3a374f93) xori    t6, a4, 931
core   0: 3 0x80007e44 (0x3a374f93) x31 0x000003a3
core   0: 0x80007e48 (0x011c8eb3) add     t4, s9, a7
core   0: 3 0x80007e48 (0x011c8eb3) x29 0x8878dce4
core   0: 0x80007e4c (0x00b1d613) srli    a2, gp, 11
core   0: 3 0x80007e4c (0x00b1d613) x12 0x00000000
core   0: 0x80007e50 (0xba083613) sltiu   a2, a6, -1120
core   0: 3 0x80007e50 (0xba083613) x12 0x00000001
core   0: 0x80007e54 (0x41d3d6b3) sra     a3, t2, t4
core   0: 3 0x80007e54 (0x41d3d6b3) x13 0x00000000
core   0: 0x80007e58 (0x02b0c1b3) div     gp, ra, a1
core   0: 3 0x80007e58 (0x02b0c1b3) x 3 0x00000000
core   0: 0x80007e5c (0x00008e81) c.sub   a3, s0
core   0: 3 0x80007e5c (0x8e81) x13 0x77871c3a
core   0: 0x80007e5e (0x007a1963) bne     s4, t2, pc + 18
core   0: 3 0x80007e5e (0x007a1963)
core   0: 0x80007e70 (0x0000c109) c.beqz  a0, pc + 2
core   0: 3 0x80007e70 (0xc109)
core   0: 0x80007e72 (0x0000100f) fence.i
core   0: 3 0x80007e72 (0x0000100f)
core   0: 0x80007e76 (0x01c28533) add     a0, t0, t3
core   0: 3 0x80007e76 (0x01c28533) x10 0x00000000
core   0: 0x80007e7a (0x00009a7d) c.andi  a2, -1
core   0: 3 0x80007e7a (0x9a7d) x12 0x00000001
core   0: 0x80007e7c (0x00000001) c.nop
core   0: 3 0x80007e7c (0x0001)
core   0: 0x80007e7e (0x00001c94) c.addi4spn a3, sp, 624
core   0: 3 0x80007e7e (0x1c94) x13 0x40000198
core   0: 0x80007e80 (0x38161f37) lui     t5, 0x38161
core   0: 3 0x80007e80 (0x38161f37) x30 0x38161000
core   0: 0x80007e84 (0x01cc37b3) sltu    a5, s8, t3
core   0: 3 0x80007e84 (0x01cc37b3) x15 0x00000000
core   0: 0x80007e88 (0x01cd9733) sll     a4, s11, t3
core   0: 3 0x80007e88 (0x01cd9733) x14 0x087a4000
core   0: 0x80007e8c (0x00008e15) c.sub   a2, a3
core   0: 3 0x80007e8c (0x8e15) x12 0xbffffe69
core   0: 0x80007e8e (0x02ae3733) mulhu   a4, t3, a0
core   0: 3 0x80007e8e (0x02ae3733) x14 0x00000000
core   0: 0x80007e92 (0x00008171) c.srli  a0, 28
core   0: 3 0x80007e92 (0x8171) x10 0x00000000
core   0: 0x80007e94 (0x00920c33) add     s8, tp, s1
core   0: 3 0x80007e94 (0x00920c33) x24 0x8002a09d
core   0: 0x80007e98 (0x00008e5d) c.or    a2, a5
core   0: 3 0x80007e98 (0x8e5d) x12 0xbffffe69
core   0: 0x80007e9a (0x00000e4e) c.slli  t3, 19
core   0: 3 0x80007e9a (0x0e4e) x28 0x00000000
core   0: 0x80007e9c (0x0237fcb3) remu    s9, a5, gp
core   0: 3 0x80007e9c (0x0237fcb3) x25 0x00000000
core   0: 0x80007ea0 (0x00008d9d) c.sub   a1, a5
core   0: 3 0x80007ea0 (0x8d9d) x11 0x40000038
core   0: 0x80007ea2 (0x03591133) mulh    sp, s2, s5
core   0: 3 0x80007ea2 (0x03591133) x 2 0x00000000
core   0: 0x80007ea6 (0x0029dd93) srli    s11, s3, 2
core   0: 3 0x80007ea6 (0x0029dd93) x27 0x3fffffff
core   0: 0x80007eaa (0x092ded93) ori     s11, s11, 146
core   0: 3 0x80007eaa (0x092ded93) x27 0x3fffffff
core   0: 0x80007eae (0x00000e4e) c.slli  t3, 19
core   0: 3 0x80007eae (0x0e4e) x28 0x00000000
core   0: 0x80007eb0 (0x00000001) c.nop
core   0: 3 0x80007eb0 (0x0001)
core   0: 0x80007eb2 (0x00800c6f) jal     s8, pc + 0x8
core   0: 3 0x80007eb2 (0x00800c6f) x24 0x80007eb6
core   0: 0x80007eba (0x00002039) c.jal   pc + 14
core   0: 3 0x80007eba (0x2039) x 1 0x80007ebc
core   0: 0x80007ec8 (0x00002019) c.jal   pc + 6
core   0: 3 0x80007ec8 (0x2019) x 1 0x80007eca
core   0: 0x80007ece (0x00c000ef) jal     pc + 0xc
core   0: 3 0x80007ece (0x00c000ef) x 1 0x80007ed2
core   0: 0x80007eda (0x0000b7d5) c.j     pc - 28
core   0: 3 0x80007eda (0xb7d5)
core   0: 0x80007ebe (0x00002021) c.jal   pc + 8
core   0: 3 0x80007ebe (0x2021) x 1 0x80007ec0
core   0: 0x80007ec6 (0x0000a039) c.j     pc + 14
core   0: 3 0x80007ec6 (0xa039)
core   0: 0x80007ed4 (0x0000a819) c.j     pc + 22
core   0: 3 0x80007ed4 (0xa819)
core   0: 0x80007eea (0x0000bffd) c.j     pc - 2
core   0: 3 0x80007eea (0xbffd)
core   0: 0x80007ee8 (0x0000bfe9) c.j     pc - 38
core   0: 3 0x80007ee8 (0xbfe9)
core   0: 0x80007ec2 (0xffbff0ef) jal     pc - 0x6
core   0: 3 0x80007ec2 (0xffbff0ef) x 1 0x80007ec6
core   0: 0x80007ebc (0x0000202d) c.jal   pc + 42
core   0: 3 0x80007ebc (0x202d) x 1 0x80007ebe
core   0: 0x80007ee6 (0x0000bfe9) c.j     pc - 38
core   0: 3 0x80007ee6 (0xbfe9)
core   0: 0x80007ec0 (0x0000bfdd) c.j     pc - 10
core   0: 3 0x80007ec0 (0xbfdd)
core   0: 0x80007eb6 (0x0000a831) c.j     pc + 28
core   0: 3 0x80007eb6 (0xa831)
core   0: 0x80007ed2 (0x00002011) c.jal   pc + 4
core   0: 3 0x80007ed2 (0x2011) x 1 0x80007ed4
core   0: 0x80007ed6 (0x00a0036f) jal     t1, pc + 0xa
core   0: 3 0x80007ed6 (0x00a0036f) x 6 0x80007eda
core   0: 0x80007ee0 (0x0000bff5) c.j     pc - 4
core   0: 3 0x80007ee0 (0xbff5)
core   0: 0x80007edc (0x0060036f) jal     t1, pc + 0x6
core   0: 3 0x80007edc (0x0060036f) x 6 0x80007ee0
core   0: 0x80007ee2 (0xfe9ff0ef) jal     pc - 0x18
core   0: 3 0x80007ee2 (0xfe9ff0ef) x 1 0x80007ee6
core   0: 0x80007eca (0xfefff26f) jal     tp, pc - 0x12
core   0: 3 0x80007eca (0xfefff26f) x 4 0x80007ece
core   0: 0x80007eb8 (0x00002815) c.jal   pc + 52
core   0: 3 0x80007eb8 (0x2815) x 1 0x80007eba
core   0: 0x80007eec (0x0248ffb3) remu    t6, a7, tp
core   0: 3 0x80007eec (0x0248ffb3) x31 0x08785e16
core   0: 0x80007ef0 (0x0105bdb3) sltu    s11, a1, a6
core   0: 3 0x80007ef0 (0x0105bdb3) x27 0x00000001
core   0: 0x80007ef4 (0x00000001) c.nop
core   0: 3 0x80007ef4 (0x0001)
core   0: 0x80007ef6 (0x41b10f33) sub     t5, sp, s11
core   0: 3 0x80007ef6 (0x41b10f33) x30 0xffffffff
core   0: 0x80007efa (0x00c4d413) srli    s0, s1, 12
core   0: 3 0x80007efa (0x00c4d413) x 8 0x00080029
core   0: 0x80007efe (0x00045c93) srli    s9, s0, 0
core   0: 3 0x80007efe (0x00045c93) x25 0x00080029
core   0: 0x80007f02 (0x0ff0000f) fence   iorw,iorw
core   0: 3 0x80007f02 (0x0ff0000f)
core   0: 0x80007f06 (0x02c92c33) mulhsu  s8, s2, a2
core   0: 3 0x80007f06 (0x02c92c33) x24 0x00000000
core   0: 0x80007f0a (0x01ba7633) and     a2, s4, s11
core   0: 3 0x80007f0a (0x01ba7633) x12 0x00000000
core   0: 0x80007f0e (0x138d8b93) addi    s7, s11, 312
core   0: 3 0x80007f0e (0x138d8b93) x23 0x00000139
core   0: 0x80007f12 (0x00008e09) c.sub   a2, a0
core   0: 3 0x80007f12 (0x8e09) x12 0x00000000
core   0: 0x80007f14 (0x00919eb3) sll     t4, gp, s1
core   0: 3 0x80007f14 (0x00919eb3) x29 0x00000000
core   0: 0x80007f18 (0x00000e9d) c.addi  t4, 7
core   0: 3 0x80007f18 (0x0e9d) x29 0x00000007
core   0: 0x80007f1a (0x00009672) c.add   a2, t3
core   0: 3 0x80007f1a (0x9672) x12 0x00000000
core   0: 0x80007f1c (0x000000ce) c.slli  ra, 19
core   0: 3 0x80007f1c (0x00ce) x 1 0xf5d00000
core   0: 0x80007f1e (0x00008c65) c.and   s0, s1
core   0: 3 0x80007f1e (0x8c65) x 8 0x00000020
core   0: 0x80007f20 (0x00008be1) c.andi  a5, 24
core   0: 3 0x80007f20 (0x8be1) x15 0x00000000
core   0: 0x80007f22 (0x000053fd) c.li    t2, -1
core   0: 3 0x80007f22 (0x53fd) x 7 0xffffffff
core   0: 0x80007f24 (0x0000852d) c.srai  a0, 11
core   0: 3 0x80007f24 (0x852d) x10 0x00000000
core   0: 0x80007f26 (0x419c5593) srai    a1, s8, 25
core   0: 3 0x80007f26 (0x419c5593) x11 0x00000000
core   0: 0x80007f2a (0x4114db33) sra     s6, s1, a7
core   0: 3 0x80007f2a (0x4114db33) x22 0xf80029ce
core   0: 0x80007f2e (0x00008171) c.srli  a0, 28
core   0: 3 0x80007f2e (0x8171) x10 0x00000000
core   0: 0x80007f30 (0x00000da1) c.addi  s11, 8
core   0: 3 0x80007f30 (0x0da1) x27 0x00000009
core   0: 0x80007f32 (0x00000596) c.slli  a1, 5
core   0: 3 0x80007f32 (0x0596) x11 0x00000000
core   0: 0x80007f34 (0x01cd8cb3) add     s9, s11, t3
core   0: 3 0x80007f34 (0x01cd8cb3) x25 0x00000009
core   0: 0x80007f38 (0x024ac933) div     s2, s5, tp
core   0: 3 0x80007f38 (0x024ac933) x18 0x00000000
core   0: 0x80007f3c (0x4056d013) srai    zero, a3, 5
core   0: 3 0x80007f3c (0x4056d013)
core   0: 0x80007f40 (0x00008f9d) c.sub   a5, a5
core   0: 3 0x80007f40 (0x8f9d) x15 0x00000000
core   0: 0x80007f42 (0x0ff0000f) fence   iorw,iorw
core   0: 3 0x80007f42 (0x0ff0000f)
core   0: 0x80007f46 (0x00006115) c.addi16sp sp, 288
core   0: 3 0x80007f46 (0x6115) x 2 0x00000120
core   0: 0x80007f48 (0x6805ab13) slti    s6, a1, 1664
core   0: 3 0x80007f48 (0x6805ab13) x22 0x00000001
core   0: 0x80007f4c (0x02675633) divu    a2, a4, t1
core   0: 3 0x80007f4c (0x02675633) x12 0x00000000
core   0: 0x80007f50 (0x01110f63) beq     sp, a7, pc + 30
core   0: 3 0x80007f50 (0x01110f63)
core   0: 0x80007f54 (0x0ff0000f) fence   iorw,iorw
core   0: 3 0x80007f54 (0x0ff0000f)
core   0: 0x80007f58 (0x46a53713) sltiu   a4, a0, 1130
core   0: 3 0x80007f58 (0x46a53713) x14 0x00000001
core   0: 0x80007f5c (0x03481d33) mulh    s10, a6, s4
core   0: 3 0x80007f5c (0x03481d33) x26 0x3ffed0ce
core   0: 0x80007f60 (0x00000c7e) c.slli  s8, 31
core   0: 3 0x80007f60 (0x0c7e) x24 0x00000000
core   0: 0x80007f62 (0x00000001) c.nop
core   0: 3 0x80007f62 (0x0001)
core   0: 0x80007f64 (0x00008da1) c.xor   a1, s0
core   0: 3 0x80007f64 (0x8da1) x11 0x00000020
core   0: 0x80007f66 (0x01431233) sll     tp, t1, s4
core   0: 3 0x80007f66 (0x01431233) x 4 0x80007ee0
core   0: 0x80007f6a (0x01ff4533) xor     a0, t5, t6
core   0: 3 0x80007f6a (0x01ff4533) x10 0xf787a1e9
core   0: 0x80007f6e (0x000089de) c.mv    s3, s7
core   0: 3 0x80007f6e (0x89de) x19 0x00000139
core   0: 0x80007f70 (0x03fdfd63) bgeu    s11, t6, pc + 58
core   0: 3 0x80007f70 (0x03fdfd63)
core   0: 0x80007f74 (0xa4e9e593) ori     a1, s3, -1458
core   0: 3 0x80007f74 (0xa4e9e593) x11 0xfffffb7f
core   0: 0x80007f78 (0x0ff0000f) fence   iorw,iorw
core   0: 3 0x80007f78 (0x0ff0000f)
core   0: 0x80007f7c (0x1a062093) slti    ra, a2, 416
core   0: 3 0x80007f7c (0x1a062093) x 1 0x00000001
core   0: 0x80007f80 (0x000008c5) c.addi  a7, 17
core   0: 3 0x80007f80 (0x08c5) x17 0x8878dcf5
core   0: 0x80007f82 (0x007a1b33) sll     s6, s4, t2
core   0: 3 0x80007f82 (0x007a1b33) x22 0x00000000
core   0: 0x80007f86 (0x031942b3) div     t0, s2, a7
core   0: 3 0x80007f86 (0x031942b3) x 5 0x00000000
core   0: 0x80007f8a (0x000086bd) c.srai  a3, 15
core   0: 3 0x80007f8a (0x86bd) x13 0x00008000
core   0: 0x80007f8c (0x03dc5533) divu    a0, s8, t4
core   0: 3 0x80007f8c (0x03dc5533) x10 0x00000000
core   0: 0x80007f90 (0x0000804d) c.srli  s0, 19
core   0: 3 0x80007f90 (0x804d) x 8 0x00000000
core   0: 0x80007f92 (0x02781e63) bne     a6, t2, pc + 60
core   0: 3 0x80007f92 (0x02781e63)
core   0: 0x80007fce (0x0312e433) rem     s0, t0, a7
core   0: 3 0x80007fce (0x0312e433) x 8 0x00000000
core   0: 0x80007fd2 (0x0000075e) c.slli  a4, 23
core   0: 3 0x80007fd2 (0x075e) x14 0x00800000
core   0: 0x80007fd4 (0x00008569) c.srai  a0, 26
core   0: 3 0x80007fd4 (0x8569) x10 0x00000000
core   0: 0x80007fd6 (0x000099fd) c.andi  a1, -1
core   0: 3 0x80007fd6 (0x99fd) x11 0xfffffb7f
core   0: 0x80007fd8 (0x0000717d) c.addi16sp sp, -16
core   0: 3 0x80007fd8 (0x717d) x 2 0x00000110
core   0: 0x80007fda (0x01523b33) sltu    s6, tp, s5
core   0: 3 0x80007fda (0x01523b33) x22 0x00000000
core   0: 0x80007fde (0x0000ed8d) c.bnez  a1, pc + 58
core   0: 3 0x80007fde (0xed8d)
core   0: 0x80008018 (0x00008649) c.srai  a2, 18
core   0: 3 0x80008018 (0x8649) x12 0x00000000
core   0: 0x8000801a (0x0000100f) fence.i
core   0: 3 0x8000801a (0x0000100f)
core   0: 0x8000801e (0x0228feb3) remu    t4, a7, sp
core   0: 3 0x8000801e (0x0228feb3) x29 0x000000f5
core   0: 0x80008022 (0x9e514c93) xori    s9, sp, -1563
core   0: 3 0x80008022 (0x9e514c93) x25 0xfffff8f5
core   0: 0x80008026 (0x0000100f) fence.i
core   0: 3 0x80008026 (0x0000100f)
core   0: 0x8000802a (0x01a0f8b3) and     a7, ra, s10
core   0: 3 0x8000802a (0x01a0f8b3) x17 0x00000000
core   0: 0x8000802e (0x00438133) add     sp, t2, tp
core   0: 3 0x8000802e (0x00438133) x 2 0x80007edf
core   0: 0x80008032 (0x03d41eb3) mulh    t4, s0, t4
core   0: 3 0x80008032 (0x03d41eb3) x29 0x00000000
core   0: 0x80008036 (0x0000ec1d) c.bnez  s0, pc + 62
core   0: 3 0x80008036 (0xec1d)
core   0: 0x80008038 (0x0365ebb3) rem     s7, a1, s6
core   0: 3 0x80008038 (0x0365ebb3) x23 0xfffffb7f
core   0: 0x8000803c (0x9f46f697) auipc   a3, 0x9f46f
core   0: 3 0x8000803c (0x9f46f697) x13 0x1f47703c
core   0: 0x80008040 (0xaca1ee13) ori     t3, gp, -1334
core   0: 3 0x80008040 (0xaca1ee13) x28 0xfffffaca
core   0: 0x80008044 (0x03b65d63) bge     a2, s11, pc + 58
core   0: 3 0x80008044 (0x03b65d63)
core   0: 0x80008048 (0x032a3f33) mulhu   t5, s4, s2
core   0: 3 0x80008048 (0x032a3f33) x30 0x00000000
core   0: 0x8000804c (0x411d5113) srai    sp, s10, 17
core   0: 3 0x8000804c (0x411d5113) x 2 0x00001fff
core   0: 0x80008050 (0x000005a2) c.slli  a1, 8
core   0: 3 0x80008050 (0x05a2) x11 0xfffb7f00
core   0: 0x80008052 (0x00000001) c.nop
core   0: 3 0x80008052 (0x0001)
core   0: 0x80008054 (0x0ff0000f) fence   iorw,iorw
core   0: 3 0x80008054 (0x0ff0000f)
core   0: 0x80008058 (0xf0ad4d93) xori    s11, s10, -246
core   0: 3 0x80008058 (0xf0ad4d93) x27 0xc0012fc4
core   0: 0x8000805c (0x02ba6d33) rem     s10, s4, a1
core   0: 3 0x8000805c (0x02ba6d33) x26 0xfffdeb00
core   0: 0x80008060 (0x00008f11) c.sub   a4, a2
core   0: 3 0x80008060 (0x8f11) x14 0x00800000
core   0: 0x80008062 (0x00b450b3) srl     ra, s0, a1
core   0: 3 0x80008062 (0x00b450b3) x 1 0x00000000
core   0: 0x80008066 (0x01ad9b13) slli    s6, s11, 26
core   0: 3 0x80008066 (0x01ad9b13) x22 0x10000000
core   0: 0x8000806a (0x0000100f) fence.i
core   0: 3 0x8000806a (0x0000100f)
core   0: 0x8000806e (0x00008459) c.srai  s0, 22
core   0: 3 0x8000806e (0x8459) x 8 0x00000000
core   0: 0x80008070 (0x03509b33) mulh    s6, ra, s5
core   0: 3 0x80008070 (0x03509b33) x22 0x00000000
core   0: 0x80008074 (0x01cf7933) and     s2, t5, t3
core   0: 3 0x80008074 (0x01cf7933) x18 0x00000000
core   0: 0x80008078 (0xa5be3e13) sltiu   t3, t3, -1445
core   0: 3 0x80008078 (0xa5be3e13) x28 0x00000000
core   0: 0x8000807c (0x00008476) c.mv    s0, t4
core   0: 3 0x8000807c (0x8476) x 8 0x00000000
core   0: 0x8000807e (0x7dd28693) addi    a3, t0, 2013
core   0: 3 0x8000807e (0x7dd28693) x13 0x000007dd
core   0: 0x80008082 (0x00008b2d) c.andi  a4, 11
core   0: 3 0x80008082 (0x8b2d) x14 0x00000000
core   0: 0x80008084 (0x00008f62) c.mv    t5, s8
core   0: 3 0x80008084 (0x8f62) x30 0x00000000
core   0: 0x80008086 (0x0000147d) c.addi  s0, -1
core   0: 3 0x80008086 (0x147d) x 8 0xffffffff
core   0: 0x80008088 (0x0000717d) c.addi16sp sp, -16
core   0: 3 0x80008088 (0x717d) x 2 0x00001fef
core   0: 0x8000808a (0x00008b7d) c.andi  a4, 31
core   0: 3 0x8000808a (0x8b7d) x14 0x00000000
core   0: 0x8000808c (0x00000e25) c.addi  t3, 9
core   0: 3 0x8000808c (0x0e25) x28 0x00000009
core   0: 0x8000808e (0x0000ce9d) c.beqz  a3, pc + 62
core   0: 3 0x8000808e (0xce9d)
core   0: 0x80008090 (0x00008fbd) c.xor   a5, a5
core   0: 3 0x80008090 (0x8fbd) x15 0x00000000
core   0: 0x80008092 (0x01b2e333) or      t1, t0, s11
core   0: 3 0x80008092 (0x01b2e333) x 6 0xc0012fc4
core   0: 0x80008096 (0x798de593) ori     a1, s11, 1944
core   0: 3 0x80008096 (0x798de593) x11 0xc0012fdc
core   0: 0x8000809a (0x01485b13) srli    s6, a6, 20
core   0: 3 0x8000809a (0x01485b13) x22 0x00000800
core   0: 0x8000809e (0x019cb0b3) sltu    ra, s9, s9
core   0: 3 0x8000809e (0x019cb0b3) x 1 0x00000000
core   0: 0x800080a2 (0x00009bfd) c.andi  a5, -1
core   0: 3 0x800080a2 (0x9bfd) x15 0x00000000
core   0: 0x800080a4 (0x00008632) c.mv    a2, a2
core   0: 3 0x800080a4 (0x8632) x12 0x00000000
core   0: 0x800080a6 (0x0061f6b3) and     a3, gp, t1
core   0: 3 0x800080a6 (0x0061f6b3) x13 0x00000000
core   0: 0x800080aa (0x038b5db3) divu    s11, s6, s8
core   0: 3 0x800080aa (0x038b5db3) x27 0xffffffff
core   0: 0x800080ae (0x037893b3) mulh    t2, a7, s7
core   0: 3 0x800080ae (0x037893b3) x 7 0x00000000
core   0: 0x800080b2 (0x00009586) c.add   a1, ra
core   0: 3 0x800080b2 (0x9586) x11 0xc0012fdc
core   0: 0x800080b4 (0x75629e37) lui     t3, 0x75629
core   0: 3 0x800080b4 (0x75629e37) x28 0x75629000
core   0: 0x800080b8 (0x024c9a63) bne     s9, tp, pc + 52
core   0: 3 0x800080b8 (0x024c9a63)
core   0: 0x800080ec (0x00008e8d) c.sub   a3, a1
core   0: 3 0x800080ec (0x8e8d) x13 0x3ffed024
core   0: 0x800080ee (0x4059db33) sra     s6, s3, t0
core   0: 3 0x800080ee (0x4059db33) x22 0x00000139
core   0: 0x800080f2 (0x002325b3) slt     a1, t1, sp
core   0: 3 0x800080f2 (0x002325b3) x11 0x00000001
core   0: 0x800080f6 (0x039181b3) mul     gp, gp, s9
core   0: 3 0x800080f6 (0x039181b3) x 3 0x00000000
core   0: 0x800080fa (0x013e5bb3) srl     s7, t3, s3
core   0: 3 0x800080fa (0x013e5bb3) x23 0x0000003a
core   0: 0x800080fe (0x000018fd) c.addi  a7, -1
core   0: 3 0x800080fe (0x18fd) x17 0xffffffff
core   0: 0x80008100 (0x1970f513) andi    a0, ra, 407
core   0: 3 0x80008100 (0x1970f513) x10 0x00000000
core   0: 0x80008104 (0x707f0313) addi    t1, t5, 1799
core   0: 3 0x80008104 (0x707f0313) x 6 0x00000707
core   0: 0x80008108 (0x00008ea9) c.xor   a3, a0
core   0: 3 0x80008108 (0x8ea9) x13 0x3ffed024
core   0: 0x8000810a (0x00006e0d) c.lui   t3, 0x3
core   0: 3 0x8000810a (0x6e0d) x28 0x00003000
core   0: 0x8000810c (0x40675233) sra     tp, a4, t1
core   0: 3 0x8000810c (0x40675233) x 4 0x00000000
core   0: 0x80008110 (0x01586533) or      a0, a6, s5
core   0: 3 0x80008110 (0x01586533) x10 0xffff7f7f
core   0: 0x80008114 (0x00008d91) c.sub   a1, a2
core   0: 3 0x80008114 (0x8d91) x11 0x00000001
core   0: 0x80008116 (0x93154f97) auipc   t6, 0x93154
core   0: 3 0x80008116 (0x93154f97) x31 0x1315c116
core   0: 0x8000811a (0xf773b937) lui     s2, 0xf773b
core   0: 3 0x8000811a (0xf773b937) x18 0xf773b000
core   0: 0x8000811e (0x00008d39) c.xor   a0, a4
core   0: 3 0x8000811e (0x8d39) x10 0xffff7f7f
core   0: 0x80008120 (0x0000ef89) c.bnez  a5, pc + 26
core   0: 3 0x80008120 (0xef89)
core   0: 0x80008122 (0x00008425) c.srai  s0, 9
core   0: 3 0x80008122 (0x8425) x 8 0xffffffff
core   0: 0x80008124 (0x00ec1263) bne     s8, a4, pc + 4
core   0: 3 0x80008124 (0x00ec1263)
core   0: 0x80008128 (0x000099fd) c.andi  a1, -1
core   0: 3 0x80008128 (0x99fd) x11 0x00000001
core   0: 0x8000812a (0x53632593) slti    a1, t1, 1334
core   0: 3 0x8000812a (0x53632593) x11 0x00000000
core   0: 0x8000812e (0x02906c33) rem     s8, zero, s1
core   0: 3 0x8000812e (0x02906c33) x24 0x00000000
core   0: 0x80008132 (0x00008fc1) c.or    a5, s0
core   0: 3 0x80008132 (0x8fc1) x15 0xffffffff
core   0: 0x80008134 (0x41ee00b3) sub     ra, t3, t5
core   0: 3 0x80008134 (0x41ee00b3) x 1 0x00003000
core   0: 0x80008138 (0x00000001) c.nop
core   0: 3 0x80008138 (0x0001)
core   0: 0x8000813a (0x02c65d63) bge     a2, a2, pc + 58
core   0: 3 0x8000813a (0x02c65d63)
core   0: 0x80008174 (0x025b3eb3) mulhu   t4, s6, t0
core   0: 3 0x80008174 (0x025b3eb3) x29 0x00000000
core   0: 0x80008178 (0x00de6763) bltu    t3, a3, pc + 14
core   0: 3 0x80008178 (0x00de6763)
core   0: 0x80008186 (0x0ff0000f) fence   iorw,iorw
core   0: 3 0x80008186 (0x0ff0000f)
core   0: 0x8000818a (0x0000ca01) c.beqz  a2, pc + 16
core   0: 3 0x8000818a (0xca01)
core   0: 0x8000819a (0x00000001) c.nop
core   0: 3 0x8000819a (0x0001)
core   0: 0x8000819c (0x0ff0000f) fence   iorw,iorw
core   0: 3 0x8000819c (0x0ff0000f)
core   0: 0x800081a0 (0x00318cb3) add     s9, gp, gp
core   0: 3 0x800081a0 (0x00318cb3) x25 0x00000000
core   0: 0x800081a4 (0x00006169) c.addi16sp sp, 208
core   0: 3 0x800081a4 (0x6169) x 2 0x000020bf
core   0: 0x800081a6 (0x0000e991) c.bnez  a1, pc + 20
core   0: 3 0x800081a6 (0xe991)
core   0: 0x800081a8 (0x00dc1c33) sll     s8, s8, a3
core   0: 3 0x800081a8 (0x00dc1c33) x24 0x00000000
core   0: 0x800081ac (0x000092fe) c.add   t0, t6
core   0: 3 0x800081ac (0x92fe) x 5 0x1315c116
core   0: 0x800081ae (0x0005ad33) slt     s10, a1, zero
core   0: 3 0x800081ae (0x0005ad33) x26 0x00000000
core   0: 0x800081b2 (0x00008e25) c.xor   a2, s1
core   0: 3 0x800081b2 (0x8e25) x12 0x80029ce4
core   0: 0x800081b4 (0x0000805d) c.srli  s0, 23
core   0: 3 0x800081b4 (0x805d) x 8 0x000001ff
core   0: 0x800081b6 (0xd79bff93) andi    t6, s7, -647
core   0: 3 0x800081b6 (0xd79bff93) x31 0x00000038
core   0: 0x800081ba (0x0000e18d) c.bnez  a1, pc + 34
core   0: 3 0x800081ba (0xe18d)
core   0: 0x800081bc (0x71dca793) slti    a5, s9, 1821
core   0: 3 0x800081bc (0x71dca793) x15 0x00000001
core   0: 0x800081c0 (0x401d59b3) sra     s3, s10, ra
core   0: 3 0x800081c0 (0x401d59b3) x19 0x00000000
core   0: 0x800081c4 (0x0000861d) c.srai  a2, 7
core   0: 3 0x800081c4 (0x861d) x12 0xff000539
core   0: 0x800081c6 (0x032b4633) div     a2, s6, s2
core   0: 3 0x800081c6 (0x032b4633) x12 0x00000000
core   0: 0x800081ca (0x0000e189) c.bnez  a1, pc + 2
core   0: 3 0x800081ca (0xe189)
core   0: 0x800081cc (0x000098b6) c.add   a7, a3
core   0: 3 0x800081cc (0x98b6) x17 0x3ffed023
core   0: 0x800081ce (0x030f00b3) mul     ra, t5, a6
core   0: 3 0x800081ce (0x030f00b3) x 1 0x00000000
core   0: 0x800081d2 (0x02fbcb63) blt     s7, a5, pc + 54
core   0: 3 0x800081d2 (0x02fbcb63)
core   0: 0x800081d6 (0x00000001) c.nop
core   0: 3 0x800081d6 (0x0001)
core   0: 0x800081d8 (0xdd4fad13) slti    s10, t6, -556
core   0: 3 0x800081d8 (0xdd4fad13) x26 0x00000000
core   0: 0x800081dc (0x00f98233) add     tp, s3, a5
core   0: 3 0x800081dc (0x00f98233) x 4 0x00000001
core   0: 0x800081e0 (0x00008819) c.andi  s0, 6
core   0: 3 0x800081e0 (0x8819) x 8 0x00000006
core   0: 0x800081e2 (0x029b8f33) mul     t5, s7, s1
core   0: 3 0x800081e2 (0x029b8f33) x30 0x00978ba8
core   0: 0x800081e6 (0x01da9bb3) sll     s7, s5, t4
core   0: 3 0x800081e6 (0x01da9bb3) x23 0x7ffd631b
core   0: 0x800081ea (0x00008e61) c.and   a2, s0
core   0: 3 0x800081ea (0x8e61) x12 0x00000000
core   0: 0x800081ec (0x0000883d) c.andi  s0, 15
core   0: 3 0x800081ec (0x883d) x 8 0x00000006
core   0: 0x800081ee (0x03cc4533) div     a0, s8, t3
core   0: 3 0x800081ee (0x03cc4533) x10 0x00000000
core   0: 0x800081f2 (0x00008525) c.srai  a0, 9
core   0: 3 0x800081f2 (0x8525) x10 0x00000000
core   0: 0x800081f4 (0x00008c3d) c.xor   s0, a5
core   0: 3 0x800081f4 (0x8c3d) x 8 0x00000007
core   0: 0x800081f6 (0x03f01433) mulh    s0, zero, t6
core   0: 3 0x800081f6 (0x03f01433) x 8 0x00000000
core   0: 0x800081fa (0x03c0e633) rem     a2, ra, t3
core   0: 3 0x800081fa (0x03c0e633) x12 0x00000000
core   0: 0x800081fe (0x002b1d93) slli    s11, s6, 2
core   0: 3 0x800081fe (0x002b1d93) x27 0x000004e4
core   0: 0x80008202 (0x0000c91d) c.beqz  a0, pc + 54
core   0: 3 0x80008202 (0xc91d)
core   0: 0x80008238 (0x01fcf2b3) and     t0, s9, t6
core   0: 3 0x80008238 (0x01fcf2b3) x 5 0x00000000
core   0: 0x8000823c (0x0ff0000f) fence   iorw,iorw
core   0: 3 0x8000823c (0x0ff0000f)
core   0: 0x80008240 (0x00006911) c.lui   s2, 0x4
core   0: 3 0x80008240 (0x6911) x18 0x00004000
core   0: 0x80008242 (0x0000717d) c.addi16sp sp, -16
core   0: 3 0x80008242 (0x717d) x 2 0x000020af
core   0: 0x80008244 (0x0000610d) c.addi16sp sp, 160
core   0: 3 0x80008244 (0x610d) x 2 0x0000214f
core   0: 0x80008246 (0x00561933) sll     s2, a2, t0
core   0: 3 0x80008246 (0x00561933) x18 0x00000000
core   0: 0x8000824a (0x01f02533) slt     a0, zero, t6
core   0: 3 0x8000824a (0x01f02533) x10 0x00000001
core   0: 0x8000824e (0x0116fd33) and     s10, a3, a7
core   0: 3 0x8000824e (0x0116fd33) x26 0x3ffed020
core   0: 0x80008252 (0x03938463) beq     t2, s9, pc + 40
core   0: 3 0x80008252 (0x03938463)
core   0: 0x8000827a (0x00baa333) slt     t1, s5, a1
core   0: 3 0x8000827a (0x00baa333) x 6 0x00000000
core   0: 0x8000827e (0x038b37b3) mulhu   a5, s6, s8
core   0: 3 0x8000827e (0x038b37b3) x15 0x00000000
core   0: 0x80008282 (0x02f33bb3) mulhu   s7, t1, a5
core   0: 3 0x80008282 (0x02f33bb3) x23 0x00000000
core   0: 0x80008286 (0x00009bfd) c.andi  a5, -1
core   0: 3 0x80008286 (0x9bfd) x15 0x00000000
core   0: 0x80008288 (0x000006ba) c.slli  a3, 14
core   0: 3 0x80008288 (0x06ba) x13 0xb4090000
core   0: 0x8000828a (0x06474863) blt     a4, tp, pc + 112
core   0: 3 0x8000828a (0x06474863)
core   0: 0x800082fa (0x00a20b33) add     s6, tp, a0
core   0: 3 0x800082fa (0x00a20b33) x22 0x00000002
core   0: 0x800082fe (0x33282313) slti    t1, a6, 818
core   0: 3 0x800082fe (0x33282313) x 6 0x00000001
core   0: 0x80008302 (0xb57e3c13) sltiu   s8, t3, -1193
core   0: 3 0x80008302 (0xb57e3c13) x24 0x00000001
core   0: 0x80008306 (0xb3d7e593) ori     a1, a5, -1219
core   0: 3 0x80008306 (0xb3d7e593) x11 0xfffffb3d
core   0: 0x8000830a (0x00000794) c.addi4spn a3, sp, 960
core   0: 3 0x8000830a (0x0794) x13 0x0000250f
core   0: 0x8000830c (0x022da0b3) mulhsu  ra, s11, sp
core   0: 3 0x8000830c (0x022da0b3) x 1 0x00000000
core   0: 0x80008310 (0x03035d33) divu    s10, t1, a6
core   0: 3 0x80008310 (0x03035d33) x26 0x00000000
core   0: 0x80008314 (0x00009bfd) c.andi  a5, -1
core   0: 3 0x80008314 (0x9bfd) x15 0x00000000
core   0: 0x80008316 (0x03751033) mulh    zero, a0, s7
core   0: 3 0x80008316 (0x03751033)
core   0: 0x8000831a (0x0000e011) c.bnez  s0, pc + 4
core   0: 3 0x8000831a (0xe011)
core   0: 0x8000831c (0x00000001) c.nop
core   0: 3 0x8000831c (0x0001)
core   0: 0x8000831e (0x02bca033) mulhsu  zero, s9, a1
core   0: 3 0x8000831e (0x02bca033)
core   0: 0x80008322 (0x41450633) sub     a2, a0, s4
core   0: 3 0x80008322 (0x41450633) x12 0x80000001
core   0: 0x80008326 (0x00afc433) xor     s0, t6, a0
core   0: 3 0x80008326 (0x00afc433) x 8 0x00000039
core   0: 0x8000832a (0x03d8acb3) mulhsu  s9, a7, t4
core   0: 3 0x8000832a (0x03d8acb3) x25 0x00000000
core   0: 0x8000832e (0x021300b3) mul     ra, t1, ra
core   0: 3 0x8000832e (0x021300b3) x 1 0x00000000
core   0: 0x80008332 (0x009d2db3) slt     s11, s10, s1
core   0: 3 0x80008332 (0x009d2db3) x27 0x00000000
core   0: 0x80008336 (0x00001710) c.addi4spn a2, sp, 928
core   0: 3 0x80008336 (0x1710) x12 0x000024ef
core   0: 0x80008338 (0x41df5433) sra     s0, t5, t4
core   0: 3 0x80008338 (0x41df5433) x 8 0x00978ba8
core   0: 0x8000833c (0x94d0ff13) andi    t5, ra, -1715
core   0: 3 0x8000833c (0x94d0ff13) x30 0x00000000
core   0: 0x80008340 (0x0000100f) fence.i
core   0: 3 0x80008340 (0x0000100f)
core   0: 0x80008344 (0x0113feb3) and     t4, t2, a7
core   0: 3 0x80008344 (0x0113feb3) x29 0x00000000
core   0: 0x80008348 (0x410fdeb3) sra     t4, t6, a6
core   0: 3 0x80008348 (0x410fdeb3) x29 0x00000003
core   0: 0x8000834c (0x0000100f) fence.i
core   0: 3 0x8000834c (0x0000100f)
core   0: 0x80008350 (0x00008a49) c.andi  a2, 18
core   0: 3 0x80008350 (0x8a49) x12 0x00000002
core   0: 0x80008352 (0x00345763) bge     s0, gp, pc + 14
core   0: 3 0x80008352 (0x00345763)
core   0: 0x80008360 (0xbdb7d7b7) lui     a5, 0xbdb7d
core   0: 3 0x80008360 (0xbdb7d7b7) x15 0xbdb7d000
core   0: 0x80008364 (0x14d89097) auipc   ra, 0x14d89
core   0: 3 0x80008364 (0x14d89097) x 1 0x94d91364
core   0: 0x80008368 (0x000099fd) c.andi  a1, -1
core   0: 3 0x80008368 (0x99fd) x11 0xfffffb3d
core   0: 0x8000836a (0x0000597d) c.li    s2, -1
core   0: 3 0x8000836a (0x597d) x18 0xffffffff
core   0: 0x8000836c (0x00e24263) blt     tp, a4, pc + 4
core   0: 3 0x8000836c (0x00e24263)
core   0: 0x80008370 (0x00005bfd) c.li    s7, -1
core   0: 3 0x80008370 (0x5bfd) x23 0xffffffff
core   0: 0x80008372 (0x0000c209) c.beqz  a2, pc + 2
core   0: 3 0x80008372 (0xc209)
core   0: 0x80008374 (0x00008c76) c.mv    s8, t4
core   0: 3 0x80008374 (0x8c76) x24 0x00000003
core   0: 0x80008376 (0x00008299) c.srli  a3, 6
core   0: 3 0x80008376 (0x8299) x13 0x00000094
core   0: 0x80008378 (0x00000001) c.nop
core   0: 3 0x80008378 (0x0001)
core   0: 0x8000837a (0x00008f61) c.and   a4, s0
core   0: 3 0x8000837a (0x8f61) x14 0x00000000
core   0: 0x8000837c (0x9ed76b13) ori     s6, a4, -1555
core   0: 3 0x8000837c (0x9ed76b13) x22 0xfffff9ed
core   0: 0x80008380 (0x419f5733) sra     a4, t5, s9
core   0: 3 0x80008380 (0x419f5733) x14 0x00000000
core   0: 0x80008384 (0x036dc433) div     s0, s11, s6
core   0: 3 0x80008384 (0x036dc433) x 8 0x00000000
core   0: 0x80008388 (0x03914d63) blt     sp, s9, pc + 58
core   0: 3 0x80008388 (0x03914d63)
core   0: 0x8000838c (0x006b4963) blt     s6, t1, pc + 18
core   0: 3 0x8000838c (0x006b4963)
core   0: 0x8000839e (0x0364f3b3) remu    t2, s1, s6
core   0: 3 0x8000839e (0x0364f3b3) x 7 0x80029ce4
core   0: 0x800083a2 (0x00008dfd) c.and   a1, a5
core   0: 3 0x800083a2 (0x8dfd) x11 0xbdb7d000
core   0: 0x800083a4 (0x10ef68b7) lui     a7, 0x10ef6
core   0: 3 0x800083a4 (0x10ef68b7) x17 0x10ef6000
core   0: 0x800083a8 (0x8f532293) slti    t0, t1, -1803
core   0: 3 0x800083a8 (0x8f532293) x 5 0x00000000
core   0: 0x800083ac (0x00001d8c) c.addi4spn a1, sp, 752
core   0: 3 0x800083ac (0x1d8c) x11 0x0000243f
core   0: 0x800083ae (0x01fc9293) slli    t0, s9, 31
core   0: 3 0x800083ae (0x01fc9293) x 5 0x00000000
core   0: 0x800083b2 (0x03775fb3) divu    t6, a4, s7
core   0: 3 0x800083b2 (0x03775fb3) x31 0x00000000
core   0: 0x800083b6 (0x00000001) c.nop
core   0: 3 0x800083b6 (0x0001)
core   0: 0x800083b8 (0x26b7be17) auipc   t3, 0x26b7b
core   0: 3 0x800083b8 (0x26b7be17) x28 0xa6b833b8
core   0: 0x800083bc (0x00000b94) c.addi4spn a3, sp, 464
core   0: 3 0x800083bc (0x0b94) x13 0x0000231f
core   0: 0x800083be (0x00008f01) c.sub   a4, s0
core   0: 3 0x800083be (0x8f01) x14 0x00000000
core   0: 0x800083c0 (0x00009cca) c.add   s9, s2
core   0: 3 0x800083c0 (0x9cca) x25 0xffffffff
core   0: 0x800083c2 (0x00000001) c.nop
core   0: 3 0x800083c2 (0x0001)
core   0: 0x800083c4 (0x71a4b193) sltiu   gp, s1, 1818
core   0: 3 0x800083c4 (0x71a4b193) x 3 0x00000000
core   0: 0x800083c8 (0x00000ea9) c.addi  t4, 10
core   0: 3 0x800083c8 (0x0ea9) x29 0x0000000d
core   0: 0x800083ca (0x0257ce33) div     t3, a5, t0
core   0: 3 0x800083ca (0x0257ce33) x28 0xffffffff
core   0: 0x800083ce (0x7f01c793) xori    a5, gp, 2032
core   0: 3 0x800083ce (0x7f01c793) x15 0x000007f0
core   0: 0x800083d2 (0x7edc4913) xori    s2, s8, 2029
core   0: 3 0x800083d2 (0x7edc4913) x18 0x000007ee
core   0: 0x800083d6 (0x019b0263) beq     s6, s9, pc + 4
core   0: 3 0x800083d6 (0x019b0263)
core   0: 0x800083da (0xfaf6c993) xori    s3, a3, -81
core   0: 3 0x800083da (0xfaf6c993) x19 0xffffdcb0
core   0: 0x800083de (0x02a50663) beq     a0, a0, pc + 44
core   0: 3 0x800083de (0x02a50663)
core   0: 0x8000840a (0x00008ecd) c.or    a3, a1
core   0: 3 0x8000840a (0x8ecd) x13 0x0000273f
core   0: 0x8000840c (0xa6534d13) xori    s10, t1, -1435
core   0: 3 0x8000840c (0xa6534d13) x26 0xfffffa64
core   0: 0x80008410 (0x000041d5) c.li    gp, 21
core   0: 3 0x80008410 (0x41d5) x 3 0x00000015
core   0: 0x80008412 (0x00008fb9) c.xor   a5, a4
core   0: 3 0x80008412 (0x8fb9) x15 0x000007f0
core   0: 0x80008414 (0x000086f9) c.srai  a3, 30
core   0: 3 0x80008414 (0x86f9) x13 0x00000000
core   0: 0x80008416 (0x401ed413) srai    s0, t4, 1
core   0: 3 0x80008416 (0x401ed413) x 8 0x00000006
core   0: 0x8000841a (0x009f6863) bltu    t5, s1, pc + 16
core   0: 3 0x8000841a (0x009f6863)
core   0: 0x8000842a (0x017b5093) srli    ra, s6, 23
core   0: 3 0x8000842a (0x017b5093) x 1 0x000001ff
core   0: 0x8000842e (0x00000001) c.nop
core   0: 3 0x8000842e (0x0001)
core   0: 0x80008430 (0x008c5d13) srli    s10, s8, 8
core   0: 3 0x80008430 (0x008c5d13) x26 0x00000000
core   0: 0x80008434 (0x00751eb3) sll     t4, a0, t2
core   0: 3 0x80008434 (0x00751eb3) x29 0x00000010
core   0: 0x80008438 (0x4097d193) srai    gp, a5, 9
core   0: 3 0x80008438 (0x4097d193) x 3 0x00000003
core   0: 0x8000843c (0x033f4d33) div     s10, t5, s3
core   0: 3 0x8000843c (0x033f4d33) x26 0x00000000
core   0: 0x80008440 (0x5853b713) sltiu   a4, t2, 1413
core   0: 3 0x80008440 (0x5853b713) x14 0x00000000
core   0: 0x80008444 (0x0011e933) or      s2, gp, ra
core   0: 3 0x80008444 (0x0011e933) x18 0x000001ff
core   0: 0x80008448 (0x000097ee) c.add   a5, s11
core   0: 3 0x80008448 (0x97ee) x15 0x000007f0
core   0: 0x8000844a (0x029230b3) mulhu   ra, tp, s1
core   0: 3 0x8000844a (0x029230b3) x 1 0x00000000
core   0: 0x8000844e (0x00000001) c.nop
core   0: 3 0x8000844e (0x0001)
core   0: 0x80008450 (0x0376e333) rem     t1, a3, s7
core   0: 3 0x80008450 (0x0376e333) x 6 0x00000000
core   0: 0x80008454 (0x01f075b3) and     a1, zero, t6
core   0: 3 0x80008454 (0x01f075b3) x11 0x00000000
core   0: 0x80008458 (0x03ad6933) rem     s2, s10, s10
core   0: 3 0x80008458 (0x03ad6933) x18 0x00000000
core   0: 0x8000845c (0x018e9633) sll     a2, t4, s8
core   0: 3 0x8000845c (0x018e9633) x12 0x00000080
core   0: 0x80008460 (0x01491c33) sll     s8, s2, s4
core   0: 3 0x80008460 (0x01491c33) x24 0x00000000
core   0: 0x80008464 (0x00915db3) srl     s11, sp, s1
core   0: 3 0x80008464 (0x00915db3) x27 0x00000214
core   0: 0x80008468 (0x02415d33) divu    s10, sp, tp
core   0: 3 0x80008468 (0x02415d33) x26 0x0000214f
core   0: 0x8000846c (0x51f4fd93) andi    s11, s1, 1311
core   0: 3 0x8000846c (0x51f4fd93) x27 0x00000404
core   0: 0x80008470 (0xd9ceff37) lui     t5, 0xd9cef
core   0: 3 0x80008470 (0xd9ceff37) x30 0xd9cef000
core   0: 0x80008474 (0x000041ad) c.li    gp, 11
core   0: 3 0x80008474 (0x41ad) x 3 0x0000000b
core   0: 0x80008476 (0x83757293) andi    t0, a0, -1993
core   0: 3 0x80008476 (0x83757293) x 5 0x00000001
core   0: 0x8000847a (0x0000616d) c.addi16sp sp, 240
core   0: 3 0x8000847a (0x616d) x 2 0x0000223f
core   0: 0x8000847c (0x0349ee33) rem     t3, s3, s4
core   0: 3 0x8000847c (0x0349ee33) x28 0xffffdcb0
core   0: 0x80008480 (0x31a0e013) ori     zero, ra, 794
core   0: 3 0x80008480 (0x31a0e013)
core   0: 0x80008484 (0x00790263) beq     s2, t2, pc + 4
core   0: 3 0x80008484 (0x00790263)
core   0: 0x80008488 (0x01f7d393) srli    t2, a5, 31
core   0: 3 0x80008488 (0x01f7d393) x 7 0x00000000
core   0: 0x8000848c (0x00008ff1) c.and   a5, a2
core   0: 3 0x8000848c (0x8ff1) x15 0x00000080
core   0: 0x8000848e (0x01340f63) beq     s0, s3, pc + 30
core   0: 3 0x8000848e (0x01340f63)
core   0: 0x80008492 (0x00008e06) c.mv    t3, ra
core   0: 3 0x80008492 (0x8e06) x28 0x00000000
core   0: 0x80008494 (0x0ff0000f) fence   iorw,iorw
core   0: 3 0x80008494 (0x0ff0000f)
core   0: 0x80008498 (0x8abd5e97) auipc   t4, 0x8abd5
core   0: 3 0x80008498 (0x8abd5e97) x29 0x0abdd498
core   0: 0x8000849c (0x03ab6a63) bltu    s6, s10, pc + 52
core   0: 3 0x8000849c (0x03ab6a63)
core   0: 0x800084a0 (0x00008c55) c.or    s0, a3
core   0: 3 0x800084a0 (0x8c55) x 8 0x00000006
core   0: 0x800084a2 (0x014d9533) sll     a0, s11, s4
core   0: 3 0x800084a2 (0x014d9533) x10 0x00000404
core   0: 0x800084a6 (0x0031e863) bltu    gp, gp, pc + 16
core   0: 3 0x800084a6 (0x0031e863)
core   0: 0x800084aa (0x00006539) c.lui   a0, 0xe
core   0: 3 0x800084aa (0x6539) x10 0x0000e000
core   0: 0x800084ac (0x012fc263) blt     t6, s2, pc + 4
core   0: 3 0x800084ac (0x012fc263)
core   0: 0x800084b0 (0x40d003b3) sub     t2, zero, a3
core   0: 3 0x800084b0 (0x40d003b3) x 7 0x00000000
core   0: 0x800084b4 (0x00000001) c.nop
core   0: 3 0x800084b4 (0x0001)
core   0: 0x800084b6 (0x000061fd) c.lui   gp, 0x1f
core   0: 3 0x800084b6 (0x61fd) x 3 0x0001f000
core   0: 0x800084b8 (0x0ff0000f) fence   iorw,iorw
core   0: 3 0x800084b8 (0x0ff0000f)
core   0: 0x800084bc (0x00000096) c.slli  ra, 5
core   0: 3 0x800084bc (0x0096) x 1 0x00000000
core   0: 0x800084be (0x00008d05) c.sub   a0, s1
core   0: 3 0x800084be (0x8d05) x10 0x7ffe431c
core   0: 0x800084c0 (0x00008acd) c.andi  a3, 19
core   0: 3 0x800084c0 (0x8acd) x13 0x00000000
core   0: 0x800084c2 (0x029f6e33) rem     t3, t5, s1
core   0: 3 0x800084c2 (0x029f6e33) x28 0xd9cef000
core   0: 0x800084c6 (0x00008649) c.srai  a2, 18
core   0: 3 0x800084c6 (0x8649) x12 0x00000000
core   0: 0x800084c8 (0x00000001) c.nop
core   0: 3 0x800084c8 (0x0001)
core   0: 0x800084ca (0x00008c35) c.xor   s0, a3
core   0: 3 0x800084ca (0x8c35) x 8 0x00000006
core   0: 0x800084cc (0x01b28f33) add     t5, t0, s11
core   0: 3 0x800084cc (0x01b28f33) x30 0x00000405
core   0: 0x800084d0 (0x00008c31) c.xor   s0, a2
core   0: 3 0x800084d0 (0x8c31) x 8 0x00000006
core   0: 0x800084d2 (0x02236033) rem     zero, t1, sp
core   0: 3 0x800084d2 (0x02236033)
core   0: 0x800084d6 (0x0000851d) c.srai  a0, 7
core   0: 3 0x800084d6 (0x851d) x10 0x00fffc86
core   0: 0x800084d8 (0x97496d93) ori     s11, s2, -1676
core   0: 3 0x800084d8 (0x97496d93) x27 0xfffff974
core   0: 0x800084dc (0x00000245) c.addi  tp, 17
core   0: 3 0x800084dc (0x0245) x 4 0x00000012
core   0: 0x800084de (0x012099b3) sll     s3, ra, s2
core   0: 3 0x800084de (0x012099b3) x19 0x00000000
core   0: 0x800084e2 (0x40155293) srai    t0, a0, 1
core   0: 3 0x800084e2 (0x40155293) x 5 0x007ffe43
core   0: 0x800084e6 (0x011842b3) xor     t0, a6, a7
core   0: 3 0x800084e6 (0x011842b3) x 5 0x90ed3e64
core   0: 0x800084ea (0x415d8f33) sub     t5, s11, s5
core   0: 3 0x800084ea (0x415d8f33) x30 0x80029659
core   0: 0x800084ee (0x0100f263) bgeu    ra, a6, pc + 4
core   0: 3 0x800084ee (0x0100f263)
core   0: 0x800084f2 (0x01231393) slli    t2, t1, 18
core   0: 3 0x800084f2 (0x01231393) x 7 0x00000000
core   0: 0x800084f6 (0x00008fe9) c.and   a5, a0
core   0: 3 0x800084f6 (0x8fe9) x15 0x00000080
core   0: 0x800084f8 (0x01885893) srli    a7, a6, 24
core   0: 3 0x800084f8 (0x01885893) x17 0x00000080
core   0: 0x800084fc (0x0384f6b3) remu    a3, s1, s8
core   0: 3 0x800084fc (0x0384f6b3) x13 0x80029ce4
core   0: 0x80008500 (0x00692bb3) slt     s7, s2, t1
core   0: 3 0x80008500 (0x00692bb3) x23 0x00000000
core   0: 0x80008504 (0x00006d05) c.lui   s10, 0x1
core   0: 3 0x80008504 (0x6d05) x26 0x00001000
core   0: 0x80008506 (0x74217893) andi    a7, sp, 1858
core   0: 3 0x80008506 (0x74217893) x17 0x00000202
core   0: 0x8000850a (0xc9e66917) auipc   s2, 0xc9e66
core   0: 3 0x8000850a (0xc9e66917) x18 0x49e6e50a
core   0: 0x8000850e (0x0ff0000f) fence   iorw,iorw
core   0: 3 0x8000850e (0x0ff0000f)
core   0: 0x80008512 (0x000059fd) c.li    s3, -1
core   0: 3 0x80008512 (0x59fd) x19 0xffffffff
core   0: 0x80008514 (0x033223b3) mulhsu  t2, tp, s3
core   0: 3 0x80008514 (0x033223b3) x 7 0x00000011
core   0: 0x80008518 (0x00008249) c.srli  a2, 18
core   0: 3 0x80008518 (0x8249) x12 0x00000000
core   0: 0x8000851a (0x00000001) c.nop
core   0: 3 0x8000851a (0x0001)
core   0: 0x8000851c (0x02484233) div     tp, a6, tp
core   0: 3 0x8000851c (0x02484233) x 4 0xf8e3afea
core   0: 0x80008520 (0x0000597d) c.li    s2, -1
core   0: 3 0x80008520 (0x597d) x18 0xffffffff
core   0: 0x80008522 (0x00008c39) c.xor   s0, a4
core   0: 3 0x80008522 (0x8c39) x 8 0x00000006
core   0: 0x80008524 (0x01d45893) srli    a7, s0, 29
core   0: 3 0x80008524 (0x01d45893) x17 0x00000000
core   0: 0x80008528 (0x00000001) c.nop
core   0: 3 0x80008528 (0x0001)
core   0: 0x8000852a (0x00d81593) slli    a1, a6, 13
core   0: 3 0x8000852a (0x00d81593) x11 0x4bcc8000
core   0: 0x8000852e (0x00008e91) c.sub   a3, a2
core   0: 3 0x8000852e (0x8e91) x13 0x80029ce4
core   0: 0x80008530 (0x02925cb3) divu    s9, tp, s1
core   0: 3 0x80008530 (0x02925cb3) x25 0x00000001
core   0: 0x80008534 (0xacc9b613) sltiu   a2, s3, -1332
core   0: 3 0x80008534 (0xacc9b613) x12 0x00000000
core   0: 0x80008538 (0xda4abc13) sltiu   s8, s5, -604
core   0: 3 0x80008538 (0xda4abc13) x24 0x00000001
core   0: 0x8000853c (0x029a5e63) bge     s4, s1, pc + 60
core   0: 3 0x8000853c (0x029a5e63)
core   0: 0x80008540 (0x000087ad) c.srai  a5, 11
core   0: 3 0x80008540 (0x87ad) x15 0x00000000
core   0: 0x80008542 (0x00000f8c) c.addi4spn a1, sp, 976
core   0: 3 0x80008542 (0x0f8c) x11 0x0000260f
core   0: 0x80008544 (0x40d85b33) sra     s6, a6, a3
core   0: 3 0x80008544 (0x40d85b33) x22 0xf80025e6
core   0: 0x80008548 (0x01d74933) xor     s2, a4, t4
core   0: 3 0x80008548 (0x01d74933) x18 0x0abdd498
core   0: 0x8000854c (0x00006915) c.lui   s2, 0x5
core   0: 3 0x8000854c (0x6915) x18 0x00005000
core   0: 0x8000854e (0x24b5f793) andi    a5, a1, 587
core   0: 3 0x8000854e (0x24b5f793) x15 0x0000020b
core   0: 0x80008552 (0x011dbbb3) sltu    s7, s11, a7
core   0: 3 0x80008552 (0x011dbbb3) x23 0x00000000
core   0: 0x80008556 (0x017ed463) bge     t4, s7, pc + 8
core   0: 3 0x80008556 (0x017ed463)
core   0: 0x8000855e (0x0000025a) c.slli  tp, 22
core   0: 3 0x8000855e (0x025a) x 4 0xfa800000
core   0: 0x80008560 (0x0188d013) srli    zero, a7, 24
core   0: 3 0x80008560 (0x0188d013)
core   0: 0x80008564 (0x000047d1) c.li    a5, 20
core   0: 3 0x80008564 (0x47d1) x15 0x00000014
core   0: 0x80008566 (0x0000ce19) c.beqz  a2, pc + 30
core   0: 3 0x80008566 (0xce19)
core   0: 0x80008584 (0x03ff5f33) divu    t5, t5, t6
core   0: 3 0x80008584 (0x03ff5f33) x30 0xffffffff
core   0: 0x80008588 (0x40af0d33) sub     s10, t5, a0
core   0: 3 0x80008588 (0x40af0d33) x26 0xff000379
core   0: 0x8000858c (0x01d0e8b3) or      a7, ra, t4
core   0: 3 0x8000858c (0x01d0e8b3) x17 0x0abdd498
core   0: 0x80008590 (0x01114d33) xor     s10, sp, a7
core   0: 3 0x80008590 (0x01114d33) x26 0x0abdf6a7
core   0: 0x80008594 (0x40d6d293) srai    t0, a3, 13
core   0: 3 0x80008594 (0x40d6d293) x 5 0xfffc0014
core   0: 0x80008598 (0x00009a7d) c.andi  a2, -1
core   0: 3 0x80008598 (0x9a7d) x12 0x00000000
core   0: 0x8000859a (0x00006085) c.lui   ra, 0x1
core   0: 3 0x8000859a (0x6085) x 1 0x00001000
core   0: 0x8000859c (0x01d19fb3) sll     t6, gp, t4
core   0: 3 0x8000859c (0x01d19fb3) x31 0x00000000
core   0: 0x800085a0 (0x03ad6f33) rem     t5, s10, s10
core   0: 3 0x800085a0 (0x03ad6f33) x30 0x00000000
core   0: 0x800085a4 (0x00000c0a) c.slli  s8, 2
core   0: 3 0x800085a4 (0x0c0a) x24 0x00000004
core   0: 0x800085a6 (0x00445ab3) srl     s5, s0, tp
core   0: 3 0x800085a6 (0x00445ab3) x21 0x00000006
core   0: 0x800085aa (0x0282b3b3) mulhu   t2, t0, s0
core   0: 3 0x800085aa (0x0282b3b3) x 7 0x00000005
core   0: 0x800085ae (0x41ff8933) sub     s2, t6, t6
core   0: 3 0x800085ae (0x41ff8933) x18 0x00000000
core   0: 0x800085b2 (0x0000995e) c.add   s2, s7
core   0: 3 0x800085b2 (0x995e) x18 0x00000000
core   0: 0x800085b4 (0xcadc8d93) addi    s11, s9, -851
core   0: 3 0x800085b4 (0xcadc8d93) x27 0xfffffcae
core   0: 0x800085b8 (0x024e7363) bgeu    t3, tp, pc + 38
core   0: 3 0x800085b8 (0x024e7363)
core   0: 0x800085bc (0x0000987d) c.andi  s0, -1
core   0: 3 0x800085bc (0x987d) x 8 0x00000006
core   0: 0x800085be (0x00008e41) c.or    a2, s0
core   0: 3 0x800085be (0x8e41) x12 0x00000006
core   0: 0x800085c0 (0x1a4e8f93) addi    t6, t4, 420
core   0: 3 0x800085c0 (0x1a4e8f93) x31 0x0abdd63c
core   0: 0x800085c4 (0x01e798b3) sll     a7, a5, t5
core   0: 3 0x800085c4 (0x01e798b3) x17 0x00000014
core   0: 0x800085c8 (0x00008d6d) c.and   a0, a1
core   0: 3 0x800085c8 (0x8d6d) x10 0x00002406
core   0: 0x800085ca (0x321c6737) lui     a4, 0x321c6
core   0: 3 0x800085ca (0x321c6737) x14 0x321c6000
core   0: 0x800085ce (0x0000945e) c.add   s0, s7
core   0: 3 0x800085ce (0x945e) x 8 0x00000006
core   0: 0x800085d0 (0xbde8f313) andi    t1, a7, -1058
core   0: 3 0x800085d0 (0xbde8f313) x 6 0x00000014
core   0: 0x800085d4 (0x35ccc993) xori    s3, s9, 860
core   0: 3 0x800085d4 (0x35ccc993) x19 0x0000035d
core   0: 0x800085d8 (0x00d0d213) srli    tp, ra, 13
core   0: 3 0x800085d8 (0x00d0d213) x 4 0x00000000
core   0: 0x800085dc (0x00000f76) c.slli  t5, 29
core   0: 3 0x800085dc (0x0f76) x30 0x00000000
core   0: 0x800085de (0x009b7633) and     a2, s6, s1
core   0: 3 0x800085de (0x009b7633) x12 0x800004e4
core   0: 0x800085e2 (0x019802b3) add     t0, a6, s9
core   0: 3 0x800085e2 (0x019802b3) x 5 0x80025e65
core   0: 0x800085e6 (0x00000886) c.slli  a7, 1
core   0: 3 0x800085e6 (0x0886) x17 0x00000028
core   0: 0x800085e8 (0x01b24463) blt     tp, s11, pc + 8
core   0: 3 0x800085e8 (0x01b24463)
core   0: 0x800085ec (0x01d0ab33) slt     s6, ra, t4
core   0: 3 0x800085ec (0x01d0ab33) x22 0x00000001
core   0: 0x800085f0 (0x7dd6f793) andi    a5, a3, 2013
core   0: 3 0x800085f0 (0x7dd6f793) x15 0x000004c4
core   0: 0x800085f4 (0x011000b3) add     ra, zero, a7
core   0: 3 0x800085f4 (0x011000b3) x 1 0x00000028
core   0: 0x800085f8 (0x03e2c233) div     tp, t0, t5
core   0: 3 0x800085f8 (0x03e2c233) x 4 0xffffffff
core   0: 0x800085fc (0x0000c589) c.beqz  a1, pc + 10
core   0: 3 0x800085fc (0xc589)
core   0: 0x800085fe (0x0000011e) c.slli  sp, 7
core   0: 3 0x800085fe (0x011e) x 2 0x00111f80
core   0: 0x80008600 (0x03f4e3b3) rem     t2, s1, t6
core   0: 3 0x80008600 (0x03f4e3b3) x 7 0xf62ad178
core   0: 0x80008604 (0x0000717d) c.addi16sp sp, -16
core   0: 3 0x80008604 (0x717d) x 2 0x00111f70
core   0: 0x80008606 (0x6d256613) ori     a2, a0, 1746
core   0: 3 0x80008606 (0x6d256613) x12 0x000026d6
core   0: 0x8000860a (0x00000bae) c.slli  s7, 11
core   0: 3 0x8000860a (0x0bae) x23 0x00000000
core   0: 0x8000860c (0xf8bb4793) xori    a5, s6, -117
core   0: 3 0x8000860c (0xf8bb4793) x15 0xffffff8a
core   0: 0x80008610 (0x406c5f93) srai    t6, s8, 6
core   0: 3 0x80008610 (0x406c5f93) x31 0x00000000
core   0: 0x80008614 (0x2ac87593) andi    a1, a6, 684
core   0: 3 0x80008614 (0x2ac87593) x11 0x00000224
core   0: 0x80008618 (0x064b0b13) addi    s6, s6, 100
core   0: 3 0x80008618 (0x064b0b13) x22 0x00000065
core   0: 0x8000861c (0xea43fc93) andi    s9, t2, -348
core   0: 3 0x8000861c (0xea43fc93) x25 0xf62ad020
core   0: 0x80008620 (0x00691513) slli    a0, s2, 6
core   0: 3 0x80008620 (0x00691513) x10 0x00000000
core   0: 0x80008624 (0x236ba913) slti    s2, s7, 566
core   0: 3 0x80008624 (0x236ba913) x18 0x00000001
core   0: 0x80008628 (0x01a97a63) bgeu    s2, s10, pc + 20
core   0: 3 0x80008628 (0x01a97a63)
core   0: 0x8000862c (0x02780b63) beq     a6, t2, pc + 54
core   0: 3 0x8000862c (0x02780b63)
core   0: 0x80008630 (0xb178a893) slti    a7, a7, -1257
core   0: 3 0x80008630 (0xb178a893) x17 0x00000000
core   0: 0x80008634 (0x00001c10) c.addi4spn a2, sp, 560
core   0: 3 0x80008634 (0x1c10) x12 0x001121a0
core   0: 0x80008636 (0x0000c589) c.beqz  a1, pc + 10
core   0: 3 0x80008636 (0xc589)
core   0: 0x80008638 (0x0000e98d) c.bnez  a1, pc + 50
core   0: 3 0x80008638 (0xe98d)
core   0: 0x8000866a (0x00000001) c.nop
core   0: 3 0x8000866a (0x0001)
core   0: 0x8000866c (0x0000717d) c.addi16sp sp, -16
core   0: 3 0x8000866c (0x717d) x 2 0x00111f60
core   0: 0x8000866e (0x02812bb3) mulhsu  s7, sp, s0
core   0: 3 0x8000866e (0x02812bb3) x23 0x00000000
core   0: 0x80008672 (0xde984a93) xori    s5, a6, -535
core   0: 3 0x80008672 (0xde984a93) x21 0x7ffda38d
core   0: 0x80008676 (0x0200df63) bgez    ra, pc + 62
core   0: 3 0x80008676 (0x0200df63)
core   0: 0x800086b4 (0x024d9433) mulh    s0, s11, tp
core   0: 3 0x800086b4 (0x024d9433) x 8 0x00000000
core   0: 0x800086b8 (0x029c8b63) beq     s9, s1, pc + 54
core   0: 3 0x800086b8 (0x029c8b63)
core   0: 0x800086bc (0x0ff0000f) fence   iorw,iorw
core   0: 3 0x800086bc (0x0ff0000f)
core   0: 0x800086c0 (0x0000893d) c.andi  a0, 15
core   0: 3 0x800086c0 (0x893d) x10 0x00000000
core   0: 0x800086c2 (0x0000100f) fence.i
core   0: 3 0x800086c2 (0x0000100f)
core   0: 0x800086c6 (0x71952b13) slti    s6, a0, 1817
core   0: 3 0x800086c6 (0x71952b13) x22 0x00000001
core   0: 0x800086ca (0x00a8f463) bgeu    a7, a0, pc + 8
core   0: 3 0x800086ca (0x00a8f463)
core   0: 0x800086d2 (0x01801663) bne     zero, s8, pc + 12
core   0: 3 0x800086d2 (0x01801663)
core   0: 0x800086de (0x02d7f1b3) remu    gp, a5, a3
core   0: 3 0x800086de (0x02d7f1b3) x 3 0x7ffd62a6
core   0: 0x800086e2 (0x00000001) c.nop
core   0: 3 0x800086e2 (0x0001)
core   0: 0x800086e4 (0x7fc14293) xori    t0, sp, 2044
core   0: 3 0x800086e4 (0x7fc14293) x 5 0x0011189c
core   0: 0x800086e8 (0x02b4cbb3) div     s7, s1, a1
core   0: 3 0x800086e8 (0x02b4cbb3) x23 0xffc4358b
core   0: 0x800086ec (0x000011fd) c.addi  gp, -1
core   0: 3 0x800086ec (0x11fd) x 3 0x7ffd62a5
core   0: 0x800086ee (0x013c9db3) sll     s11, s9, s3
core   0: 3 0x800086ee (0x013c9db3) x27 0x00000000
core   0: 0x800086f2 (0x00008065) c.srli  s0, 25
core   0: 3 0x800086f2 (0x8065) x 8 0x00000000
core   0: 0x800086f4 (0x9c582013) slti    zero, a6, -1595
core   0: 3 0x800086f4 (0x9c582013)
core   0: 0x800086f8 (0x00008439) c.srai  s0, 14
core   0: 3 0x800086f8 (0x8439) x 8 0x00000000
core   0: 0x800086fa (0x0172ccb3) xor     s9, t0, s7
core   0: 3 0x800086fa (0x0172ccb3) x25 0xffd52d17
core   0: 0x800086fe (0x00008319) c.srli  a4, 6
core   0: 3 0x800086fe (0x8319) x14 0x00c87180
core   0: 0x80008700 (0x02ee0b33) mul     s6, t3, a4
core   0: 3 0x80008700 (0x02ee0b33) x22 0xbf680000
core   0: 0x80008704 (0x05737063) bgeu    t1, s7, pc + 64
core   0: 3 0x80008704 (0x05737063)
core   0: 0x80008708 (0x00000001) c.nop
core   0: 3 0x80008708 (0x0001)
core   0: 0x8000870a (0x001bc8b3) xor     a7, s7, ra
core   0: 3 0x8000870a (0x001bc8b3) x17 0xffc435a3
core   0: 0x8000870e (0x00c40933) add     s2, s0, a2
core   0: 3 0x8000870e (0x00c40933) x18 0x001121a0
core   0: 0x80008712 (0x0ff0000f) fence   iorw,iorw
core   0: 3 0x80008712 (0x0ff0000f)
core   0: 0x80008716 (0x01d47463) bgeu    s0, t4, pc + 8
core   0: 3 0x80008716 (0x01d47463)
core   0: 0x8000871a (0x017f8263) beq     t6, s7, pc + 4
core   0: 3 0x8000871a (0x017f8263)
core   0: 0x8000871e (0x01a89413) slli    s0, a7, 26
core   0: 3 0x8000871e (0x01a89413) x 8 0x8c000000
core   0: 0x80008722 (0x000083f5) c.srli  a5, 29
core   0: 3 0x80008722 (0x83f5) x15 0x00000007
core   0: 0x80008724 (0x03b4d2b3) divu    t0, s1, s11
core   0: 3 0x80008724 (0x03b4d2b3) x 5 0xffffffff
core   0: 0x80008728 (0x00724a63) blt     tp, t2, pc + 20
core   0: 3 0x80008728 (0x00724a63)
core   0: 0x8000872c (0x03b113b3) mulh    t2, sp, s11
core   0: 3 0x8000872c (0x03b113b3) x 7 0x00000000
core   0: 0x80008730 (0x403053b3) sra     t2, zero, gp
core   0: 3 0x80008730 (0x403053b3) x 7 0x00000000
core   0: 0x80008734 (0x00a26b33) or      s6, tp, a0
core   0: 3 0x80008734 (0x00a26b33) x22 0xffffffff
core   0: 0x80008738 (0x030ed263) bge     t4, a6, pc + 36
core   0: 3 0x80008738 (0x030ed263)
core   0: 0x8000875c (0x00008f09) c.sub   a4, a0
core   0: 3 0x8000875c (0x8f09) x14 0x00c87180
core   0: 0x8000875e (0x00008d29) c.xor   a0, a0
core   0: 3 0x8000875e (0x8d29) x10 0x00000000
core   0: 0x80008760 (0x0003b433) sltu    s0, t2, zero
core   0: 3 0x80008760 (0x0003b433) x 8 0x00000000
core   0: 0x80008764 (0x00001c0c) c.addi4spn a1, sp, 560
core   0: 3 0x80008764 (0x1c0c) x11 0x00112190
core   0: 0x80008766 (0x94d1fb93) andi    s7, gp, -1715
core   0: 3 0x80008766 (0x94d1fb93) x23 0x7ffd6005
core   0: 0x8000876a (0x009dd263) bge     s11, s1, pc + 4
core   0: 3 0x8000876a (0x009dd263)
core   0: 0x8000876e (0x08330763) beq     t1, gp, pc + 142
core   0: 3 0x8000876e (0x08330763)
core   0: 0x80008772 (0x40df8d33) sub     s10, t6, a3
core   0: 3 0x80008772 (0x40df8d33) x26 0x7ffd631c
core   0: 0x80008776 (0x0241ed33) rem     s10, gp, tp
core   0: 3 0x80008776 (0x0241ed33) x26 0x00000000
core   0: 0x8000877a (0x00008dc9) c.or    a1, a0
core   0: 3 0x8000877a (0x8dc9) x11 0x00112190
core   0: 0x8000877c (0x008f3433) sltu    s0, t5, s0
core   0: 3 0x8000877c (0x008f3433) x 8 0x00000000
core   0: 0x80008780 (0x030dd0b3) divu    ra, s11, a6
core   0: 3 0x80008780 (0x030dd0b3) x 1 0x00000000
core   0: 0x80008784 (0x00008e95) c.sub   a3, a3
core   0: 3 0x80008784 (0x8e95) x13 0x00000000
core   0: 0x80008786 (0x00008f45) c.or    a4, s1
core   0: 3 0x80008786 (0x8f45) x14 0x80cafde4
core   0: 0x80008788 (0x00009656) c.add   a2, s5
core   0: 3 0x80008788 (0x9656) x12 0x800ec52d
core   0: 0x8000878a (0xa2c62797) auipc   a5, 0xa2c62
core   0: 3 0x8000878a (0xa2c62797) x15 0x22c6a78a
core   0: 0x8000878e (0x00249cb3) sll     s9, s1, sp
core   0: 3 0x8000878e (0x00249cb3) x25 0x80029ce4
core   0: 0x80008792 (0x0000850a) c.mv    a0, sp
core   0: 3 0x80008792 (0x850a) x10 0x00111f60
core   0: 0x80008794 (0x00008f45) c.or    a4, s1
core   0: 3 0x80008794 (0x8f45) x14 0x80cafde4
core   0: 0x80008796 (0x00013117) auipc   sp, 0x13
core   0: 3 0x80008796 (0x00013117) x 2 0x8001b796
core   0: 0x8000879a (0x3d310113) addi    sp, sp, 979
core   0: 3 0x8000879a (0x3d310113) x 2 0x8001bb69
core   0: 0x8000879e (0xff910c83) lb      s9, -7(sp)
core   0: 3 0x8000879e (0xff910c83) x25 0x00000031 mem 0x8001bb62
core   0: 0x800087a2 (0xff111d03) lh      s10, -15(sp)
core   0: 3 0x800087a2 (0xff111d03) x26 0x00005f53 mem 0x8001bb5a
core   0: 0x800087a6 (0x01f10723) sb      t6, 14(sp)
core   0: 3 0x800087a6 (0x01f10723) mem 0x8001bb77 0x0
core   0: 0x800087aa (0xfea10ba3) sb      a0, -9(sp)
core   0: 3 0x800087aa (0xfea10ba3) mem 0x8001bb60 0x60
core   0: 0x800087ae (0x00214603) lbu     a2, 2(sp)
core   0: 3 0x800087ae (0x00214603) x12 0x00000001 mem 0x8001bb6b
core   0: 0x800087b2 (0xffc10d03) lb      s10, -4(sp)
core   0: 3 0x800087b2 (0xffc10d03) x26 0x00000063 mem 0x8001bb65
core   0: 0x800087b6 (0xff710ca3) sb      s7, -7(sp)
core   0: 3 0x800087b6 (0xff710ca3) mem 0x8001bb62 0x5
core   0: 0x800087ba (0xff511903) lh      s2, -11(sp)
core   0: 3 0x800087ba (0xff511903) x18 0x00002589 mem 0x8001bb5e
core   0: 0x800087be (0xfe110aa3) sb      ra, -11(sp)
core   0: 3 0x800087be (0xfe110aa3) mem 0x8001bb5e 0x0
core   0: 0x800087c2 (0xffb12703) lw      a4, -5(sp)
core   0: 3 0x800087c2 (0xffb12703) x14 0xb49a63d0 mem 0x8001bb64
core   0: 0x800087c6 (0xffb15e03) lhu     t3, -5(sp)
core   0: 3 0x800087c6 (0xffb15e03) x28 0x000063d0 mem 0x8001bb64
core   0: 0x800087ca (0x00814d83) lbu     s11, 8(sp)
core   0: 3 0x800087ca (0x00814d83) x27 0x000000ec mem 0x8001bb71
core   0: 0x800087ce (0x00814f83) lbu     t6, 8(sp)
core   0: 3 0x800087ce (0x00814f83) x31 0x000000ec mem 0x8001bb71
core   0: 0x800087d2 (0x000095ee) c.add   a1, s11
core   0: 3 0x800087d2 (0x95ee) x11 0x0011227c
core   0: 0x800087d4 (0xfe911ca3) sh      s1, -7(sp)
core   0: 3 0x800087d4 (0xfe911ca3) mem 0x8001bb62 0x9ce4
core   0: 0x800087d8 (0x4184dab3) sra     s5, s1, s8
core   0: 3 0x800087d8 (0x4184dab3) x21 0xf80029ce
core   0: 0x800087dc (0x00214903) lbu     s2, 2(sp)
core   0: 3 0x800087dc (0x00214903) x18 0x00000001 mem 0x8001bb6b
core   0: 0x800087e0 (0xfe010aa3) sb      zero, -11(sp)
core   0: 3 0x800087e0 (0xfe010aa3) mem 0x8001bb5e 0x0
core   0: 0x800087e4 (0xff610c03) lb      s8, -10(sp)
core   0: 3 0x800087e4 (0xff610c03) x24 0x00000025 mem 0x8001bb5f
core   0: 0x800087e8 (0xff310a83) lb      s5, -13(sp)
core   0: 3 0x800087e8 (0xff310a83) x21 0x00000057 mem 0x8001bb5c
core   0: 0x800087ec (0xff311703) lh      a4, -13(sp)
core   0: 3 0x800087ec (0xff311703) x14 0x00001357 mem 0x8001bb5c
core   0: 0x800087f0 (0x0000100f) fence.i
core   0: 3 0x800087f0 (0x0000100f)
core   0: 0x800087f4 (0x0330d563) bge     ra, s3, pc + 42
core   0: 3 0x800087f4 (0x0330d563)
core   0: 0x800087f8 (0x07f5f413) andi    s0, a1, 127
core   0: 3 0x800087f8 (0x07f5f413) x 8 0x0000007c
core   0: 0x800087fc (0x0b5d80b7) lui     ra, 0xb5d8
core   0: 3 0x800087fc (0x0b5d80b7) x 1 0x0b5d8000
core   0: 0x80008800 (0x022801b3) mul     gp, a6, sp
core   0: 3 0x80008800 (0x022801b3) x 3 0x9a4fc304
core   0: 0x80008804 (0x40b60033) sub     zero, a2, a1
core   0: 3 0x80008804 (0x40b60033)
core   0: 0x80008808 (0x01b3ce63) blt     t2, s11, pc + 28
core   0: 3 0x80008808 (0x01b3ce63)
core   0: 0x80008824 (0x02ad4263) blt     s10, a0, pc + 36
core   0: 3 0x80008824 (0x02ad4263)
core   0: 0x80008848 (0x0000c815) c.beqz  s0, pc + 52
core   0: 3 0x80008848 (0xc815)
core   0: 0x8000884a (0x03ef8bb3) mul     s7, t6, t5
core   0: 3 0x8000884a (0x03ef8bb3) x23 0x00000000
core   0: 0x8000884e (0x00009996) c.add   s3, t0
core   0: 3 0x8000884e (0x9996) x19 0x0000035c
core   0: 0x80008850 (0x22207613) andi    a2, zero, 546
core   0: 3 0x80008850 (0x22207613) x12 0x00000000
core   0: 0x80008854 (0x00000001) c.nop
core   0: 3 0x80008854 (0x0001)
core   0: 0x80008856 (0x0000c789) c.beqz  a5, pc + 10
core   0: 3 0x80008856 (0xc789)
core   0: 0x80008858 (0x00008f05) c.sub   a4, s1
core   0: 3 0x80008858 (0x8f05) x14 0x7ffd7673
core   0: 0x8000885a (0x00006131) c.addi16sp sp, 320
core   0: 3 0x8000885a (0x6131) x 2 0x8001bca9
core   0: 0x8000885c (0x03f7e433) rem     s0, a5, t6
core   0: 3 0x8000885c (0x03f7e433) x 8 0x000000ce
core   0: 0x80008860 (0x036ec563) blt     t4, s6, pc + 42
core   0: 3 0x80008860 (0x036ec563)
core   0: 0x80008864 (0x034ccfb3) div     t6, s9, s4
core   0: 3 0x80008864 (0x034ccfb3) x31 0x00000000
core   0: 0x80008868 (0x014d9d13) slli    s10, s11, 20
core   0: 3 0x80008868 (0x014d9d13) x26 0x0ec00000
core   0: 0x8000886c (0x01b9ef63) bltu    s3, s11, pc + 30
core   0: 3 0x8000886c (0x01b9ef63)
core   0: 0x80008870 (0x000087e1) c.srai  a5, 24
core   0: 3 0x80008870 (0x87e1) x15 0x00000022
core   0: 0x80008872 (0x00813f33) sltu    t5, sp, s0
core   0: 3 0x80008872 (0x00813f33) x30 0x00000000
core   0: 0x80008876 (0x03356ab3) rem     s5, a0, s3
core   0: 3 0x80008876 (0x03356ab3) x21 0x000002c0
core   0: 0x8000887a (0x0000197d) c.addi  s2, -1
core   0: 3 0x8000887a (0x197d) x18 0x00000000
core   0: 0x8000887c (0x0054c263) blt     s1, t0, pc + 4
core   0: 3 0x8000887c (0x0054c263)
core   0: 0x80008880 (0x000081d5) c.srli  a1, 21
core   0: 3 0x80008880 (0x81d5) x11 0x00000000
core   0: 0x80008882 (0x00c30433) add     s0, t1, a2
core   0: 3 0x80008882 (0x00c30433) x 8 0x00000014
core   0: 0x80008886 (0x01e0d313) srli    t1, ra, 30
core   0: 3 0x80008886 (0x01e0d313) x 6 0x00000000
core   0: 0x8000888a (0x00008161) c.srli  a0, 24
core   0: 3 0x8000888a (0x8161) x10 0x00000000
core   0: 0x8000888c (0x01a7f133) and     sp, a5, s10
core   0: 3 0x8000888c (0x01a7f133) x 2 0x00000000
core   0: 0x80008890 (0x00665c93) srli    s9, a2, 6
core   0: 3 0x80008890 (0x00665c93) x25 0x00000000
core   0: 0x80008894 (0x03f6a633) mulhsu  a2, a3, t6
core   0: 3 0x80008894 (0x03f6a633) x12 0x00000000
core   0: 0x80008898 (0x11dc9063) bne     s9, t4, pc + 256
core   0: 3 0x80008898 (0x11dc9063)
core   0: 0x80008998 (0x41735d13) srai    s10, t1, 23
core   0: 3 0x80008998 (0x41735d13) x26 0x00000000
core   0: 0x8000899c (0x0000030d) c.addi  t1, 3
core   0: 3 0x8000899c (0x030d) x 6 0x00000003
core   0: 0x8000899e (0x00008f29) c.xor   a4, a0
core   0: 3 0x8000899e (0x8f29) x14 0x7ffd7673
core   0: 0x800089a0 (0x01d09d63) bne     ra, t4, pc + 26
core   0: 3 0x800089a0 (0x01d09d63)
core   0: 0x800089ba (0x01e30233) add     tp, t1, t5
core   0: 3 0x800089ba (0x01e30233) x 4 0x00000003
core   0: 0x800089be (0xb0312c93) slti    s9, sp, -1277
core   0: 3 0x800089be (0xb0312c93) x25 0x00000000
core   0: 0x800089c2 (0x00e7c633) xor     a2, a5, a4
core   0: 3 0x800089c2 (0x00e7c633) x12 0x7ffd7651
core   0: 0x800089c6 (0x00000605) c.addi  a2, 1
core   0: 3 0x800089c6 (0x0605) x12 0x7ffd7652
core   0: 0x800089c8 (0x41fadc13) srai    s8, s5, 31
core   0: 3 0x800089c8 (0x41fadc13) x24 0x00000000
core   0: 0x800089cc (0x02ab7963) bgeu    s6, a0, pc + 50
core   0: 3 0x800089cc (0x02ab7963)
core   0: 0x800089fe (0x0049d1b3) srl     gp, s3, tp
core   0: 3 0x800089fe (0x0049d1b3) x 3 0x0000006b
core   0: 0x80008a02 (0x007e80b3) add     ra, t4, t2
core   0: 3 0x80008a02 (0x007e80b3) x 1 0x0abdd498
core   0: 0x80008a06 (0x00008191) c.srli  a1, 4
core   0: 3 0x80008a06 (0x8191) x11 0x00000000
core   0: 0x80008a08 (0x4d0a8093) addi    ra, s5, 1232
core   0: 3 0x80008a08 (0x4d0a8093) x 1 0x00000790
core   0: 0x80008a0c (0x00008f7d) c.and   a4, a5
core   0: 3 0x80008a0c (0x8f7d) x14 0x00000022
core   0: 0x80008a0e (0x00a9b8b3) sltu    a7, s3, a0
core   0: 3 0x80008a0e (0x00a9b8b3) x17 0x00000000
core   0: 0x80008a12 (0x00008f71) c.and   a4, a2
core   0: 3 0x80008a12 (0x8f71) x14 0x00000002
core   0: 0x80008a14 (0x32f8b093) sltiu   ra, a7, 815
core   0: 3 0x80008a14 (0x32f8b093) x 1 0x00000001
core   0: 0x80008a18 (0x0167c1b3) xor     gp, a5, s6
core   0: 3 0x80008a18 (0x0167c1b3) x 3 0xffffffdd
core   0: 0x80008a1c (0x4181dc13) srai    s8, gp, 24
core   0: 3 0x80008a1c (0x4181dc13) x24 0xffffffff
core   0: 0x80008a20 (0x02471633) mulh    a2, a4, tp
core   0: 3 0x80008a20 (0x02471633) x12 0x00000000
core   0: 0x80008a24 (0x346e8393) addi    t2, t4, 838
core   0: 3 0x80008a24 (0x346e8393) x 7 0x0abdd7de
core   0: 0x80008a28 (0x00008859) c.andi  s0, 22
core   0: 3 0x80008a28 (0x8859) x 8 0x00000014
core   0: 0x80008a2a (0x01c4ffb3) and     t6, s1, t3
core   0: 3 0x80008a2a (0x01c4ffb3) x31 0x000000c0
core   0: 0x80008a2e (0x039ed063) bge     t4, s9, pc + 32
core   0: 3 0x80008a2e (0x039ed063)
core   0: 0x80008a4e (0x0000842e) c.mv    s0, a1
core   0: 3 0x80008a4e (0x842e) x 8 0x00000000
core   0: 0x80008a50 (0x000059fd) c.li    s3, -1
core   0: 3 0x80008a50 (0x59fd) x19 0xffffffff
core   0: 0x80008a52 (0x00c84533) xor     a0, a6, a2
core   0: 3 0x80008a52 (0x00c84533) x10 0x80025e64
core   0: 0x80008a56 (0x00008ee9) c.and   a3, a0
core   0: 3 0x80008a56 (0x8ee9) x13 0x00000000
core   0: 0x80008a58 (0x00008041) c.srli  s0, 16
core   0: 3 0x80008a58 (0x8041) x 8 0x00000000
core   0: 0x80008a5a (0x000000a1) c.addi  ra, 8
core   0: 3 0x80008a5a (0x00a1) x 1 0x00000009
core   0: 0x80008a5c (0x02da1db3) mulh    s11, s4, a3
core   0: 3 0x80008a5c (0x02da1db3) x27 0x00000000
core   0: 0x80008a60 (0x00000001) c.nop
core   0: 3 0x80008a60 (0x0001)
core   0: 0x80008a62 (0x35517d13) andi    s10, sp, 853
core   0: 3 0x80008a62 (0x35517d13) x26 0x00000000
core   0: 0x80008a66 (0xea61b193) sltiu   gp, gp, -346
core   0: 3 0x80008a66 (0xea61b193) x 3 0x00000000
core   0: 0x80008a6a (0x00afc563) blt     t6, a0, pc + 10
core   0: 3 0x80008a6a (0x00afc563)
core   0: 0x80008a6e (0x00000001) c.nop
core   0: 3 0x80008a6e (0x0001)
core   0: 0x80008a70 (0x00008d5d) c.or    a0, a5
core   0: 3 0x80008a70 (0x8d5d) x10 0x80025e66
core   0: 0x80008a72 (0x00009136) c.add   sp, a3
core   0: 3 0x80008a72 (0x9136) x 2 0x00000000
core   0: 0x80008a74 (0x00bcf933) and     s2, s9, a1
core   0: 3 0x80008a74 (0x00bcf933) x18 0x00000000
core   0: 0x80008a78 (0x00004b29) c.li    s6, 10
core   0: 3 0x80008a78 (0x4b29) x22 0x0000000a
core   0: 0x80008a7a (0x02b91233) mulh    tp, s2, a1
core   0: 3 0x80008a7a (0x02b91233) x 4 0x00000000
core   0: 0x80008a7e (0x000058fd) c.li    a7, -1
core   0: 3 0x80008a7e (0x58fd) x17 0xffffffff
core   0: 0x80008a80 (0x64814a93) xori    s5, sp, 1608
core   0: 3 0x80008a80 (0x64814a93) x21 0x00000648
core   0: 0x80008a84 (0xf8927213) andi    tp, tp, -119
core   0: 3 0x80008a84 (0xf8927213) x 4 0x00000000
core   0: 0x80008a88 (0xc9268f13) addi    t5, a3, -878
core   0: 3 0x80008a88 (0xc9268f13) x30 0xfffffc92
core   0: 0x80008a8c (0x000006c2) c.slli  a3, 16
core   0: 3 0x80008a8c (0x06c2) x13 0x00000000
core   0: 0x80008a8e (0x00008785) c.srai  a5, 1
core   0: 3 0x80008a8e (0x8785) x15 0x00000011
core   0: 0x80008a90 (0x015d5b93) srli    s7, s10, 21
core   0: 3 0x80008a90 (0x015d5b93) x23 0x00000000
core   0: 0x80008a94 (0x402fd993) srai    s3, t6, 2
core   0: 3 0x80008a94 (0x402fd993) x19 0x00000030
core   0: 0x80008a98 (0x00000f08) c.addi4spn a0, sp, 912
core   0: 3 0x80008a98 (0x0f08) x10 0x00000390
core   0: 0x80008a9a (0x00309b93) slli    s7, ra, 3
core   0: 3 0x80008a9a (0x00309b93) x23 0x00000048
core   0: 0x80008a9e (0x40c703b3) sub     t2, a4, a2
core   0: 3 0x80008a9e (0x40c703b3) x 7 0x00000002
core   0: 0x80008aa2 (0x02d14063) blt     sp, a3, pc + 32
core   0: 3 0x80008aa2 (0x02d14063)
core   0: 0x80008aa6 (0x02ef0fb3) mul     t6, t5, a4
core   0: 3 0x80008aa6 (0x02ef0fb3) x31 0xfffff924
core   0: 0x80008aaa (0x413adb33) sra     s6, s5, s3
core   0: 3 0x80008aaa (0x413adb33) x22 0x00000000
core   0: 0x80008aae (0x4c588793) addi    a5, a7, 1221
core   0: 3 0x80008aae (0x4c588793) x15 0x000004c4
core   0: 0x80008ab2 (0x020adfb3) divu    t6, s5, zero
core   0: 3 0x80008ab2 (0x020adfb3) x31 0xffffffff
core   0: 0x80008ab6 (0x0000597d) c.li    s2, -1
core   0: 3 0x80008ab6 (0x597d) x18 0xffffffff
core   0: 0x80008ab8 (0x00006119) c.addi16sp sp, 384
core   0: 3 0x80008ab8 (0x6119) x 2 0x00000180
core   0: 0x80008aba (0x31bab937) lui     s2, 0x31bab
core   0: 3 0x80008aba (0x31bab937) x18 0x31bab000
core   0: 0x80008abe (0x0204fab3) remu    s5, s1, zero
core   0: 3 0x80008abe (0x0204fab3) x21 0x80029ce4
core   0: 0x80008ac2 (0x01b99363) bne     s3, s11, pc + 6
core   0: 3 0x80008ac2 (0x01b99363)
core   0: 0x80008ac8 (0x006be963) bltu    s7, t1, pc + 18
core   0: 3 0x80008ac8 (0x006be963)
core   0: 0x80008acc (0x40d751b3) sra     gp, a4, a3
core   0: 3 0x80008acc (0x40d751b3) x 3 0x00000002
core   0: 0x80008ad0 (0x01cbd213) srli    tp, s7, 28
core   0: 3 0x80008ad0 (0x01cbd213) x 4 0x00000000
core   0: 0x80008ad4 (0x01fa9d63) bne     s5, t6, pc + 26
core   0: 3 0x80008ad4 (0x01fa9d63)
core   0: 0x80008aee (0x00008e61) c.and   a2, s0
core   0: 3 0x80008aee (0x8e61) x12 0x00000000
core   0: 0x80008af0 (0x01f81263) bne     a6, t6, pc + 4
core   0: 3 0x80008af0 (0x01f81263)
core   0: 0x80008af4 (0x0000e029) c.bnez  s0, pc + 66
core   0: 3 0x80008af4 (0xe029)
core   0: 0x80008af6 (0x028ff8b3) remu    a7, t6, s0
core   0: 3 0x80008af6 (0x028ff8b3) x17 0xffffffff
core   0: 0x80008afa (0x0000029a) c.slli  t0, 6
core   0: 3 0x80008afa (0x029a) x 5 0xffffffc0
core   0: 0x80008afc (0x608c8393) addi    t2, s9, 1544
core   0: 3 0x80008afc (0x608c8393) x 7 0x00000608
core   0: 0x80008b00 (0x0364f563) bgeu    s1, s6, pc + 42
core   0: 3 0x80008b00 (0x0364f563)
core   0: 0x80008b2a (0x02ecbeb3) mulhu   t4, s9, a4
core   0: 3 0x80008b2a (0x02ecbeb3) x29 0x00000000
core   0: 0x80008b2e (0x01455433) srl     s0, a0, s4
core   0: 3 0x80008b2e (0x01455433) x 8 0x00000390
core   0: 0x80008b32 (0x02ced963) bge     t4, a2, pc + 50
core   0: 3 0x80008b32 (0x02ced963)
core   0: 0x80008b64 (0x01abd263) bge     s7, s10, pc + 4
core   0: 3 0x80008b64 (0x01abd263)
core   0: 0x80008b68 (0x00008161) c.srli  a0, 24
core   0: 3 0x80008b68 (0x8161) x10 0x00000000
core   0: 0x80008b6a (0x0000c989) c.beqz  a1, pc + 18
core   0: 3 0x80008b6a (0xc989)
core   0: 0x80008b7c (0x00008c01) c.sub   s0, s0
core   0: 3 0x80008b7c (0x8c01) x 8 0x00000000
core   0: 0x80008b7e (0x0333ed63) bltu    t2, s3, pc + 58
core   0: 3 0x80008b7e (0x0333ed63)
core   0: 0x80008b82 (0x0304ecb3) rem     s9, s1, a6
core   0: 3 0x80008b82 (0x0304ecb3) x25 0x80029ce4
core   0: 0x80008b86 (0x404e0933) sub     s2, t3, tp
core   0: 3 0x80008b86 (0x404e0933) x18 0x000063d0
core   0: 0x80008b8a (0x0319cbb3) div     s7, s3, a7
core   0: 3 0x80008b8a (0x0319cbb3) x23 0xffffffd0
core   0: 0x80008b8e (0x01165f13) srli    t5, a2, 17
core   0: 3 0x80008b8e (0x01165f13) x30 0x00000000
core   0: 0x80008b92 (0x02520d63) beq     tp, t0, pc + 58
core   0: 3 0x80008b92 (0x02520d63)
core   0: 0x80008b96 (0xaa257613) andi    a2, a0, -1374
core   0: 3 0x80008b96 (0xaa257613) x12 0x00000000
core   0: 0x80008b9a (0x0000058c) c.addi4spn a1, sp, 704
core   0: 3 0x80008b9a (0x058c) x11 0x00000440
core   0: 0x80008b9c (0x00009e72) c.add   t3, t3
core   0: 3 0x80008b9c (0x9e72) x28 0x0000c7a0
core   0: 0x80008b9e (0x0056a333) slt     t1, a3, t0
core   0: 3 0x80008b9e (0x0056a333) x 6 0x00000000
core   0: 0x80008ba2 (0x00291263) bne     s2, sp, pc + 4
core   0: 3 0x80008ba2 (0x00291263)
core   0: 0x80008ba6 (0x011c3b33) sltu    s6, s8, a7
core   0: 3 0x80008ba6 (0x011c3b33) x22 0x00000000
core   0: 0x80008baa (0x03f87c33) remu    s8, a6, t6
core   0: 3 0x80008baa (0x03f87c33) x24 0x80025e64
core   0: 0x80008bae (0x01915733) srl     a4, sp, s9
core   0: 3 0x80008bae (0x01915733) x14 0x00000018
core   0: 0x80008bb2 (0x000081ba) c.mv    gp, a4
core   0: 3 0x80008bb2 (0x81ba) x 3 0x00000018
core   0: 0x80008bb4 (0x00008f19) c.sub   a4, a4
core   0: 3 0x80008bb4 (0x8f19) x14 0x00000000
core   0: 0x80008bb6 (0x00008ebd) c.xor   a3, a5
core   0: 3 0x80008bb6 (0x8ebd) x13 0x000004c4
core   0: 0x80008bb8 (0x00505313) srli    t1, zero, 5
core   0: 3 0x80008bb8 (0x00505313) x 6 0x00000000
core   0: 0x80008bbc (0x03c072b3) remu    t0, zero, t3
core   0: 3 0x80008bbc (0x03c072b3) x 5 0x00000000
core   0: 0x80008bc0 (0x00008f85) c.sub   a5, s1
core   0: 3 0x80008bc0 (0x8f85) x15 0x7ffd67e0
core   0: 0x80008bc2 (0x00006105) c.addi16sp sp, 32
core   0: 3 0x80008bc2 (0x6105) x 2 0x000001a0
core   0: 0x80008bc4 (0x00aa7533) and     a0, s4, a0
core   0: 3 0x80008bc4 (0x00aa7533) x10 0x00000000
core   0: 0x80008bc8 (0x02c7ee33) rem     t3, a5, a2
core   0: 3 0x80008bc8 (0x02c7ee33) x28 0x7ffd67e0
core   0: 0x80008bcc (0x00008c7d) c.and   s0, a5
core   0: 3 0x80008bcc (0x8c7d) x 8 0x00000000
core   0: 0x80008bce (0xbdebee13) ori     t3, s7, -1058
core   0: 3 0x80008bce (0xbdebee13) x28 0xffffffde
core   0: 0x80008bd2 (0x00aa29b3) slt     s3, s4, a0
core   0: 3 0x80008bd2 (0x00aa29b3) x19 0x00000001
core   0: 0x80008bd6 (0x610dde37) lui     t3, 0x610dd
core   0: 3 0x80008bd6 (0x610dde37) x28 0x610dd000
core   0: 0x80008bda (0x40d28d33) sub     s10, t0, a3
core   0: 3 0x80008bda (0x40d28d33) x26 0xfffffb3c
core   0: 0x80008bde (0x0000885d) c.andi  s0, 23
core   0: 3 0x80008bde (0x885d) x 8 0x00000000
core   0: 0x80008be0 (0x02b15f63) bge     sp, a1, pc + 62
core   0: 3 0x80008be0 (0x02b15f63)
core   0: 0x80008be4 (0x000086b2) c.mv    a3, a2
core   0: 3 0x80008be4 (0x86b2) x13 0x00000000
core   0: 0x80008be6 (0x033c90b3) mulh    ra, s9, s3
core   0: 3 0x80008be6 (0x033c90b3) x 1 0xffffffff
core   0: 0x80008bea (0x021959b3) divu    s3, s2, ra
core   0: 3 0x80008bea (0x021959b3) x19 0x00000000
core   0: 0x80008bee (0x0395fa63) bgeu    a1, s9, pc + 52
core   0: 3 0x80008bee (0x0395fa63)
core   0: 0x80008bf2 (0x95a34e13) xori    t3, t1, -1702
core   0: 3 0x80008bf2 (0x95a34e13) x28 0xfffff95a
core   0: 0x80008bf6 (0x000067b5) c.lui   a5, 0xd
core   0: 3 0x80008bf6 (0x67b5) x15 0x0000d000
core   0: 0x80008bf8 (0x54151797) auipc   a5, 0x54151
core   0: 3 0x80008bf8 (0x54151797) x15 0xd4159bf8
core   0: 0x80008bfc (0x00000001) c.nop
core   0: 3 0x80008bfc (0x0001)
core   0: 0x80008bfe (0x0000843d) c.srai  s0, 15
core   0: 3 0x80008bfe (0x843d) x 8 0x00000000
core   0: 0x80008c00 (0x0000ee09) c.bnez  a2, pc + 26
core   0: 3 0x80008c00 (0xee09)
core   0: 0x80008c02 (0x03b851b3) divu    gp, a6, s11
core   0: 3 0x80008c02 (0x03b851b3) x 3 0xffffffff
core   0: 0x80008c06 (0x00000001) c.nop
core   0: 3 0x80008c06 (0x0001)
core   0: 0x80008c08 (0x0147ddb3) srl     s11, a5, s4
core   0: 3 0x80008c08 (0x0147ddb3) x27 0xd4159bf8
core   0: 0x80008c0c (0x00000001) c.nop
core   0: 3 0x80008c0c (0x0001)
core   0: 0x80008c0e (0x01daa7b3) slt     a5, s5, t4
core   0: 3 0x80008c0e (0x01daa7b3) x15 0x00000001
core   0: 0x80008c12 (0x0000100f) fence.i
core   0: 3 0x80008c12 (0x0000100f)
core   0: 0x80008c16 (0x031c0db3) mul     s11, s8, a7
core   0: 3 0x80008c16 (0x031c0db3) x27 0x7ffda19c
core   0: 0x80008c1a (0xf3178593) addi    a1, a5, -207
core   0: 3 0x80008c1a (0xf3178593) x11 0xffffff32
core   0: 0x80008c1e (0x02512e33) mulhsu  t3, sp, t0
core   0: 3 0x80008c1e (0x02512e33) x28 0x00000000
core   0: 0x80008c22 (0x00000001) c.nop
core   0: 3 0x80008c22 (0x0001)
core   0: 0x80008c24 (0x00008e69) c.and   a2, a0
core   0: 3 0x80008c24 (0x8e69) x12 0x00000000
core   0: 0x80008c26 (0x0000614d) c.addi16sp sp, 176
core   0: 3 0x80008c26 (0x614d) x 2 0x00000250
core   0: 0x80008c28 (0x01969193) slli    gp, a3, 25
core   0: 3 0x80008c28 (0x01969193) x 3 0x00000000
core   0: 0x80008c2c (0x00008349) c.srli  a4, 18
core   0: 3 0x80008c2c (0x8349) x14 0x00000000
core   0: 0x80008c2e (0x9e4c7093) andi    ra, s8, -1564
core   0: 3 0x80008c2e (0x9e4c7093) x 1 0x80025864
core   0: 0x80008c32 (0x002c8ab3) add     s5, s9, sp
core   0: 3 0x80008c32 (0x002c8ab3) x21 0x80029f34
core   0: 0x80008c36 (0x021c1063) bne     s8, ra, pc + 32
core   0: 3 0x80008c36 (0x021c1063)
core   0: 0x80008c56 (0x00008fe5) c.and   a5, s1
core   0: 3 0x80008c56 (0x8fe5) x15 0x00000000
core   0: 0x80008c58 (0x00885763) bge     a6, s0, pc + 14
core   0: 3 0x80008c58 (0x00885763)
core   0: 0x80008c5c (0x018e20b3) slt     ra, t3, s8
core   0: 3 0x80008c5c (0x018e20b3) x 1 0x00000000
core   0: 0x80008c60 (0x03b2e233) rem     tp, t0, s11
core   0: 3 0x80008c60 (0x03b2e233) x 4 0x00000000
core   0: 0x80008c64 (0x00008ea9) c.xor   a3, a0
core   0: 3 0x80008c64 (0x8ea9) x13 0x00000000
core   0: 0x80008c66 (0x01f36463) bltu    t1, t6, pc + 8
core   0: 3 0x80008c66 (0x01f36463)
core   0: 0x80008c6e (0x0000c51d) c.beqz  a0, pc + 46
core   0: 3 0x80008c6e (0xc51d)
core   0: 0x80008c9c (0x00006c79) c.lui   s8, 0x1e
core   0: 3 0x80008c9c (0x6c79) x24 0x0001e000
core   0: 0x80008c9e (0x4799a513) slti    a0, s3, 1145
core   0: 3 0x80008c9e (0x4799a513) x10 0x00000001
core   0: 0x80008ca2 (0x69be3737) lui     a4, 0x69be3
core   0: 3 0x80008ca2 (0x69be3737) x14 0x69be3000
core   0: 0x80008ca6 (0x0331beb3) mulhu   t4, gp, s3
core   0: 3 0x80008ca6 (0x0331beb3) x29 0x00000000
core   0: 0x80008caa (0x03d42733) mulhsu  a4, s0, t4
core   0: 3 0x80008caa (0x03d42733) x14 0x00000000
core   0: 0x80008cae (0x02962e33) mulhsu  t3, a2, s1
core   0: 3 0x80008cae (0x02962e33) x28 0x00000000
core   0: 0x80008cb2 (0x1a4d4793) xori    a5, s10, 420
core   0: 3 0x80008cb2 (0x1a4d4793) x15 0xfffffa98
core   0: 0x80008cb6 (0x00008209) c.srli  a2, 2
core   0: 3 0x80008cb6 (0x8209) x12 0x00000000
core   0: 0x80008cb8 (0x00008369) c.srli  a4, 26
core   0: 3 0x80008cb8 (0x8369) x14 0x00000000
core   0: 0x80008cba (0x00f6c263) blt     a3, a5, pc + 4
core   0: 3 0x80008cba (0x00f6c263)
core   0: 0x80008cbe (0x0000517d) c.li    sp, -1
core   0: 3 0x80008cbe (0x517d) x 2 0xffffffff
core   0: 0x80008cc0 (0x41c58233) sub     tp, a1, t3
core   0: 3 0x80008cc0 (0x41c58233) x 4 0xffffff32
core   0: 0x80008cc4 (0x02dcae33) mulhsu  t3, s9, a3
core   0: 3 0x80008cc4 (0x02dcae33) x28 0x00000000
core   0: 0x80008cc8 (0x000047e9) c.li    a5, 26
core   0: 3 0x80008cc8 (0x47e9) x15 0x0000001a
core   0: 0x80008cca (0x00009922) c.add   s2, s0
core   0: 3 0x80008cca (0x9922) x18 0x000063d0
core   0: 0x80008ccc (0x00008c11) c.sub   s0, a2
core   0: 3 0x80008ccc (0x8c11) x 8 0x00000000
core   0: 0x80008cce (0x02051db3) mulh    s11, a0, zero
core   0: 3 0x80008cce (0x02051db3) x27 0x00000000
core   0: 0x80008cd2 (0x00009afd) c.andi  a3, -1
core   0: 3 0x80008cd2 (0x9afd) x13 0x00000000
core   0: 0x80008cd4 (0x0000100f) fence.i
core   0: 3 0x80008cd4 (0x0000100f)
core   0: 0x80008cd8 (0x035890b3) mulh    ra, a7, s5
core   0: 3 0x80008cd8 (0x035890b3) x 1 0x00000000
core   0: 0x80008cdc (0x000066b1) c.lui   a3, 0xc
core   0: 3 0x80008cdc (0x66b1) x13 0x0000c000
core   0: 0x80008cde (0x0000613d) c.addi16sp sp, 480
core   0: 3 0x80008cde (0x613d) x 2 0x000001df
core   0: 0x80008ce0 (0x00000001) c.nop
core   0: 3 0x80008ce0 (0x0001)
core   0: 0x80008ce2 (0x02ac5ab3) divu    s5, s8, a0
core   0: 3 0x80008ce2 (0x02ac5ab3) x21 0x0001e000
core   0: 0x80008ce6 (0xa35b8c93) addi    s9, s7, -1483
core   0: 3 0x80008ce6 (0xa35b8c93) x25 0xfffffa05
core   0: 0x80008cea (0x00001f9c) c.addi4spn a5, sp, 1008
core   0: 3 0x80008cea (0x1f9c) x15 0x000005cf
core   0: 0x80008cec (0x00008979) c.andi  a0, 30
core   0: 3 0x80008cec (0x8979) x10 0x00000000
core   0: 0x80008cee (0x9e75a717) auipc   a4, 0x9e75a
core   0: 3 0x80008cee (0x9e75a717) x14 0x1e762cee
core   0: 0x80008cf2 (0x01fe7533) and     a0, t3, t6
core   0: 3 0x80008cf2 (0x01fe7533) x10 0x00000000
core   0: 0x80008cf6 (0x00008385) c.srli  a5, 1
core   0: 3 0x80008cf6 (0x8385) x15 0x000002e7
core   0: 0x80008cf8 (0x00008e6d) c.and   a2, a1
core   0: 3 0x80008cf8 (0x8e6d) x12 0x00000000
core   0: 0x80008cfa (0x00008c7d) c.and   s0, a5
core   0: 3 0x80008cfa (0x8c7d) x 8 0x00000000
core   0: 0x80008cfc (0x00000001) c.nop
core   0: 3 0x80008cfc (0x0001)
core   0: 0x80008cfe (0x5cb43b93) sltiu   s7, s0, 1483
core   0: 3 0x80008cfe (0x5cb43b93) x23 0x00000001
core   0: 0x80008d02 (0xe5386b13) ori     s6, a6, -429
core   0: 3 0x80008d02 (0xe5386b13) x22 0xfffffe77
core   0: 0x80008d06 (0x018e9793) slli    a5, t4, 24
core   0: 3 0x80008d06 (0x018e9793) x15 0x00000000
core   0: 0x80008d0a (0x40e55db3) sra     s11, a0, a4
core   0: 3 0x80008d0a (0x40e55db3) x27 0x00000000
core   0: 0x80008d0e (0x00000001) c.nop
core   0: 3 0x80008d0e (0x0001)
core   0: 0x80008d10 (0x00001d9c) c.addi4spn a5, sp, 752
core   0: 3 0x80008d10 (0x1d9c) x15 0x000004cf
core   0: 0x80008d12 (0x5d0bf113) andi    sp, s7, 1488
core   0: 3 0x80008d12 (0x5d0bf113) x 2 0x00000000
core   0: 0x80008d16 (0x02c051b3) divu    gp, zero, a2
core   0: 3 0x80008d16 (0x02c051b3) x 3 0xffffffff
core   0: 0x80008d1a (0x1ea22c13) slti    s8, tp, 490
core   0: 3 0x80008d1a (0x1ea22c13) x24 0x00000001
core   0: 0x80008d1e (0x034af3b3) remu    t2, s5, s4
core   0: 3 0x80008d1e (0x034af3b3) x 7 0x0001e000
core   0: 0x80008d22 (0x021d7cb3) remu    s9, s10, ra
core   0: 3 0x80008d22 (0x021d7cb3) x25 0xfffffb3c
core   0: 0x80008d26 (0x00009592) c.add   a1, tp
core   0: 3 0x80008d26 (0x9592) x11 0xfffffe64
core   0: 0x80008d28 (0x0000717d) c.addi16sp sp, -16
core   0: 3 0x80008d28 (0x717d) x 2 0xfffffff0
core   0: 0x80008d2a (0x5252cd93) xori    s11, t0, 1317
core   0: 3 0x80008d2a (0x5252cd93) x27 0x00000525
core   0: 0x80008d2e (0x00924f33) xor     t5, tp, s1
core   0: 3 0x80008d2e (0x00924f33) x30 0x7ffd63d6
core   0: 0x80008d32 (0x00531893) slli    a7, t1, 5
core   0: 3 0x80008d32 (0x00531893) x17 0x00000000
core   0: 0x80008d36 (0xbac7ed93) ori     s11, a5, -1108
core   0: 3 0x80008d36 (0xbac7ed93) x27 0xffffffef
core   0: 0x80008d3a (0x003a79b3) and     s3, s4, gp
core   0: 3 0x80008d3a (0x003a79b3) x19 0x80000000
core   0: 0x80008d3e (0x03e4e0b3) rem     ra, s1, t5
core   0: 3 0x80008d3e (0x03e4e0b3) x 1 0x80029ce4
core   0: 0x80008d42 (0x00008d55) c.or    a0, a3
core   0: 3 0x80008d42 (0x8d55) x10 0x0000c000
core   0: 0x80008d44 (0x015a0133) add     sp, s4, s5
core   0: 3 0x80008d44 (0x015a0133) x 2 0x8001e000
core   0: 0x80008d48 (0x00009a7d) c.andi  a2, -1
core   0: 3 0x80008d48 (0x9a7d) x12 0x00000000
core   0: 0x80008d4a (0x02431133) mulh    sp, t1, tp
core   0: 3 0x80008d4a (0x02431133) x 2 0x00000000
core   0: 0x80008d4e (0x02095433) divu    s0, s2, zero
core   0: 3 0x80008d4e (0x02095433) x 8 0xffffffff
core   0: 0x80008d52 (0x00cefc33) and     s8, t4, a2
core   0: 3 0x80008d52 (0x00cefc33) x24 0x00000000
core   0: 0x80008d56 (0x0000876d) c.srai  a4, 27
core   0: 3 0x80008d56 (0x876d) x14 0x00000003
core   0: 0x80008d58 (0x00005bfd) c.li    s7, -1
core   0: 3 0x80008d58 (0x5bfd) x23 0xffffffff
core   0: 0x80008d5a (0x00432733) slt     a4, t1, tp
core   0: 3 0x80008d5a (0x00432733) x14 0x00000000
core   0: 0x80008d5e (0x00ab7263) bgeu    s6, a0, pc + 4
core   0: 3 0x80008d5e (0x00ab7263)
core   0: 0x80008d62 (0x000086e1) c.srai  a3, 24
core   0: 3 0x80008d62 (0x86e1) x13 0x00000000
core   0: 0x80008d64 (0x000098f6) c.add   a7, t4
core   0: 3 0x80008d64 (0x98f6) x17 0x00000000
core   0: 0x80008d66 (0x00000001) c.nop
core   0: 3 0x80008d66 (0x0001)
core   0: 0x80008d68 (0x41090eb3) sub     t4, s2, a6
core   0: 3 0x80008d68 (0x41090eb3) x29 0x7ffe056c
core   0: 0x80008d6c (0x00008192) c.mv    gp, tp
core   0: 3 0x80008d6c (0x8192) x 3 0xffffff32
core   0: 0x80008d6e (0x00000262) c.slli  tp, 24
core   0: 3 0x80008d6e (0x0262) x 4 0x32000000
core   0: 0x80008d70 (0x407fd8b3) sra     a7, t6, t2
core   0: 3 0x80008d70 (0x407fd8b3) x17 0xffffffff
core   0: 0x80008d74 (0xb6c24393) xori    t2, tp, -1172
core   0: 3 0x80008d74 (0xb6c24393) x 7 0xcdfffb6c
core   0: 0x80008d78 (0x00011a97) auipc   s5, 0x11
core   0: 3 0x80008d78 (0x00011a97) x21 0x80019d78
core   0: 0x80008d7c (0x9caa8a93) addi    s5, s5, -1590
core   0: 3 0x80008d7c (0x9caa8a93) x21 0x80019742
core   0: 0x80008d80 (0xd61ac383) lbu     t2, -671(s5)
core   0: 3 0x80008d80 (0xd61ac383) x 7 0x0000008a mem 0x800194a3
core   0: 0x80008d84 (0x390a9823) sh      a6, 912(s5)
core   0: 3 0x80008d84 (0x390a9823) mem 0x80019ad2 0x5e64
core   0: 0x80008d88 (0x03135bb3) divu    s7, t1, a7
core   0: 3 0x80008d88 (0x03135bb3) x23 0x00000000
core   0: 0x80008d8c (0x4122d293) srai    t0, t0, 18
core   0: 3 0x80008d8c (0x4122d293) x 5 0x00000000
core   0: 0x80008d90 (0x00008b31) c.andi  a4, 12
core   0: 3 0x80008d90 (0x8b31) x14 0x00000000
core   0: 0x80008d92 (0x0000637d) c.lui   t1, 0x1f
core   0: 3 0x80008d92 (0x637d) x 6 0x0001f000
core   0: 0x80008d94 (0x925a83a3) sb      t0, -1753(s5)
core   0: 3 0x80008d94 (0x925a83a3) mem 0x80019069 0x0
core   0: 0x80008d98 (0xcceaa683) lw      a3, -818(s5)
core   0: 3 0x80008d98 (0xcceaa683) x13 0xf9dd50ec mem 0x80019410
core   0: 0x80008d9c (0xb1aad583) lhu     a1, -1254(s5)
core   0: 3 0x80008d9c (0xb1aad583) x11 0x00000aa1 mem 0x8001925c
core   0: 0x80008da0 (0x416bd733) sra     a4, s7, s6
core   0: 3 0x80008da0 (0x416bd733) x14 0x00000000
core   0: 0x80008da4 (0x0343d533) divu    a0, t2, s4
core   0: 3 0x80008da4 (0x0343d533) x10 0x00000000
core   0: 0x80008da8 (0x00f241b3) xor     gp, tp, a5
core   0: 3 0x80008da8 (0x00f241b3) x 3 0x320004cf
core   0: 0x80008dac (0x017a8283) lb      t0, 23(s5)
core   0: 3 0x80008dac (0x017a8283) x 5 0xffffff9a mem 0x80019759
core   0: 0x80008db0 (0x00008ef1) c.and   a3, a2
core   0: 3 0x80008db0 (0x8ef1) x13 0x00000000
core   0: 0x80008db2 (0x027501b3) mul     gp, a0, t2
core   0: 3 0x80008db2 (0x027501b3) x 3 0x00000000
core   0: 0x80008db6 (0x0ff0000f) fence   iorw,iorw
core   0: 3 0x80008db6 (0x0ff0000f)
core   0: 0x80008dba (0x0337feb3) remu    t4, a5, s3
core   0: 3 0x80008dba (0x0337feb3) x29 0x000004cf
core   0: 0x80008dbe (0x8cdacb83) lbu     s7, -1843(s5)
core   0: 3 0x80008dbe (0x8cdacb83) x23 0x000000d0 mem 0x8001900f
core   0: 0x80008dc2 (0x0086c5b3) xor     a1, a3, s0
core   0: 3 0x80008dc2 (0x0086c5b3) x11 0xffffffff
core   0: 0x80008dc6 (0x411bdd13) srai    s10, s7, 17
core   0: 3 0x80008dc6 (0x411bdd13) x26 0x00000000
core   0: 0x80008dca (0x8efa8e03) lb      t3, -1809(s5)
core   0: 3 0x80008dca (0x8efa8e03) x28 0xffffffc4 mem 0x80019031
core   0: 0x80008dce (0x00000001) c.nop
core   0: 3 0x80008dce (0x0001)
core   0: 0x80008dd0 (0x344a8f83) lb      t6, 836(s5)
core   0: 3 0x80008dd0 (0x344a8f83) x31 0xffffffd2 mem 0x80019a86
core   0: 0x80008dd4 (0x866a8c03) lb      s8, -1946(s5)
core   0: 3 0x80008dd4 (0x866a8c03) x24 0xffffff92 mem 0x80018fa8
core   0: 0x80008dd8 (0x0000047e) c.slli  s0, 31
core   0: 3 0x80008dd8 (0x047e) x 8 0x80000000
core   0: 0x80008dda (0x00c00933) add     s2, zero, a2
core   0: 3 0x80008dda (0x00c00933) x18 0x00000000
core   0: 0x80008dde (0x9200f693) andi    a3, ra, -1760
core   0: 3 0x80008dde (0x9200f693) x13 0x80029820
core   0: 0x80008de2 (0x00008ebd) c.xor   a3, a5
core   0: 3 0x80008de2 (0x8ebd) x13 0x80029cef
core   0: 0x80008de4 (0x01f00c33) add     s8, zero, t6
core   0: 3 0x80008de4 (0x01f00c33) x24 0xffffffd2
core   0: 0x80008de8 (0x000057fd) c.li    a5, -1
core   0: 3 0x80008de8 (0x57fd) x15 0xffffffff
core   0: 0x80008dea (0xadda8383) lb      t2, -1315(s5)
core   0: 3 0x80008dea (0xadda8383) x 7 0x0000003b mem 0x8001921f
core   0: 0x80008dee (0x0310ddb3) divu    s11, ra, a7
core   0: 3 0x80008dee (0x0310ddb3) x27 0x00000000
core   0: 0x80008df2 (0x850ac083) lbu     ra, -1968(s5)
core   0: 3 0x80008df2 (0x850ac083) x 1 0x0000000b mem 0x80018f92
core   0: 0x80008df6 (0x6a8a8623) sb      s0, 1708(s5)
core   0: 3 0x80008df6 (0x6a8a8623) mem 0x80019dee 0x0
core   0: 0x80008dfa (0x02af62b3) rem     t0, t5, a0
core   0: 3 0x80008dfa (0x02af62b3) x 5 0x7ffd63d6
core   0: 0x80008dfe (0x00ed8133) add     sp, s11, a4
core   0: 3 0x80008dfe (0x00ed8133) x 2 0x00000000
core   0: 0x80008e02 (0x4121d313) srai    t1, gp, 18
core   0: 3 0x80008e02 (0x4121d313) x 6 0x00000000
core   0: 0x80008e06 (0x00000b65) c.addi  s6, 25
core   0: 3 0x80008e06 (0x0b65) x22 0xfffffe90
core   0: 0x80008e08 (0x95cacc03) lbu     s8, -1700(s5)
core   0: 3 0x80008e08 (0x95cacc03) x24 0x000000a2 mem 0x8001909e
core   0: 0x80008e0c (0x6d6a88a3) sb      s6, 1745(s5)
core   0: 3 0x80008e0c (0x6d6a88a3) mem 0x80019e13 0x90
core   0: 0x80008e10 (0x72ea8003) lb      zero, 1838(s5)
core   0: 3 0x80008e10 (0x72ea8003) mem 0x80019e70
core   0: 0x80008e14 (0x01a4de33) srl     t3, s1, s10
core   0: 3 0x80008e14 (0x01a4de33) x28 0x80029ce4
core   0: 0x80008e18 (0x706a8b03) lb      s6, 1798(s5)
core   0: 3 0x80008e18 (0x706a8b03) x22 0xffffffca mem 0x80019e48
core   0: 0x80008e1c (0xb04a2013) slti    zero, s4, -1276
core   0: 3 0x80008e1c (0xb04a2013)
core   0: 0x80008e20 (0x00008f51) c.or    a4, a2
core   0: 3 0x80008e20 (0x8f51) x14 0x00000000
core   0: 0x80008e22 (0x00c95bb3) srl     s7, s2, a2
core   0: 3 0x80008e22 (0x00c95bb3) x23 0x00000000
core   0: 0x80008e26 (0x33aadc83) lhu     s9, 826(s5)
core   0: 3 0x80008e26 (0x33aadc83) x25 0x00003eb3 mem 0x80019a7c
core   0: 0x80008e2a (0x0337eb63) bltu    a5, s3, pc + 54
core   0: 3 0x80008e2a (0x0337eb63)
core   0: 0x80008e2e (0x012fd463) bge     t6, s2, pc + 8
core   0: 3 0x80008e2e (0x012fd463)
core   0: 0x80008e32 (0x10061363) bnez    a2, pc + 262
core   0: 3 0x80008e32 (0x10061363)
core   0: 0x80008e36 (0xd56f8bb7) lui     s7, 0xd56f8
core   0: 3 0x80008e36 (0xd56f8bb7) x23 0xd56f8000
core   0: 0x80008e3a (0x03abe333) rem     t1, s7, s10
core   0: 3 0x80008e3a (0x03abe333) x 6 0xd56f8000
core   0: 0x80008e3e (0x00000c9a) c.slli  s9, 6
core   0: 3 0x80008e3e (0x0c9a) x25 0x000facc0
core   0: 0x80008e40 (0x019c5913) srli    s2, s8, 25
core   0: 3 0x80008e40 (0x019c5913) x18 0x00000000
core   0: 0x80008e44 (0x00008ed5) c.or    a3, a3
core   0: 3 0x80008e44 (0x8ed5) x13 0x80029cef
core   0: 0x80008e46 (0x0e06e563) bltu    a3, zero, pc + 234
core   0: 3 0x80008e46 (0x0e06e563)
core   0: 0x80008e4a (0x0ff5d563) bge     a1, t6, pc + 234
core   0: 3 0x80008e4a (0x0ff5d563)
core   0: 0x80008f34 (0x672d3e97) auipc   t4, 0x672d3
core   0: 3 0x80008f34 (0x672d3e97) x29 0xe72dbf34
core   0: 0x80008f38 (0x02274633) div     a2, a4, sp
core   0: 3 0x80008f38 (0x02274633) x12 0xffffffff
core   0: 0x80008f3c (0x000008ad) c.addi  a7, 11
core   0: 3 0x80008f3c (0x08ad) x17 0x0000000a
core   0: 0x80008f3e (0x01700263) beq     zero, s7, pc + 4
core   0: 3 0x80008f3e (0x01700263)
core   0: 0x80008f42 (0xf670cf13) xori    t5, ra, -153
core   0: 3 0x80008f42 (0xf670cf13) x30 0xffffff6c
core   0: 0x80008f46 (0x01f15e93) srli    t4, sp, 31
core   0: 3 0x80008f46 (0x01f15e93) x29 0x00000000
core   0: 0x80008f4a (0x40ffd033) sra     zero, t6, a5
core   0: 3 0x80008f4a (0x40ffd033)
core   0: 0x80008f4e (0x41975793) srai    a5, a4, 25
core   0: 3 0x80008f4e (0x41975793) x15 0x00000000
core   0: 0x80008f52 (0x01e34233) xor     tp, t1, t5
core   0: 3 0x80008f52 (0x01e34233) x 4 0x2a907f6c
core   0: 0x80008f56 (0x000099fd) c.andi  a1, -1
core   0: 3 0x80008f56 (0x99fd) x11 0xffffffff
core   0: 0x80008f58 (0x023dc763) blt     s11, gp, pc + 46
core   0: 3 0x80008f58 (0x023dc763)
core   0: 0x80008f5c (0x0358dd33) divu    s10, a7, s5
core   0: 3 0x80008f5c (0x0358dd33) x26 0x00000000
core   0: 0x80008f60 (0x87e88c93) addi    s9, a7, -1922
core   0: 3 0x80008f60 (0x87e88c93) x25 0xfffff888
core   0: 0x80008f64 (0x010f0863) beq     t5, a6, pc + 16
core   0: 3 0x80008f64 (0x010f0863)
core   0: 0x80008f68 (0xa5327c93) andi    s9, tp, -1453
core   0: 3 0x80008f68 (0xa5327c93) x25 0x2a907a40
core   0: 0x80008f6c (0x04148163) beq     s1, ra, pc + 66
core   0: 3 0x80008f6c (0x04148163)
core   0: 0x80008f70 (0x01217233) and     tp, sp, s2
core   0: 3 0x80008f70 (0x01217233) x 4 0x00000000
core   0: 0x80008f74 (0x00008d3d) c.xor   a0, a5
core   0: 3 0x80008f74 (0x8d3d) x10 0x00000000
core   0: 0x80008f76 (0x4116d913) srai    s2, a3, 17
core   0: 3 0x80008f76 (0x4116d913) x18 0xffffc001
core   0: 0x80008f7a (0x0191acb3) slt     s9, gp, s9
core   0: 3 0x80008f7a (0x0191acb3) x25 0x00000001
core   0: 0x80008f7e (0x024d13b3) mulh    t2, s10, tp
core   0: 3 0x80008f7e (0x024d13b3) x 7 0x00000000
core   0: 0x80008f82 (0x0ff0000f) fence   iorw,iorw
core   0: 3 0x80008f82 (0x0ff0000f)
core   0: 0x80008f86 (0x03294333) div     t1, s2, s2
core   0: 3 0x80008f86 (0x03294333) x 6 0x00000001
core   0: 0x80008f8a (0x01c61c93) slli    s9, a2, 28
core   0: 3 0x80008f8a (0x01c61c93) x25 0xf0000000
core   0: 0x80008f8e (0x1d04bf13) sltiu   t5, s1, 464
core   0: 3 0x80008f8e (0x1d04bf13) x30 0x00000000
core   0: 0x80008f92 (0x00000001) c.nop
core   0: 3 0x80008f92 (0x0001)
core   0: 0x80008f94 (0x0ff0000f) fence   iorw,iorw
core   0: 3 0x80008f94 (0x0ff0000f)
core   0: 0x80008f98 (0x020771b3) remu    gp, a4, zero
core   0: 3 0x80008f98 (0x020771b3) x 3 0x00000000
core   0: 0x80008f9c (0x00795693) srli    a3, s2, 7
core   0: 3 0x80008f9c (0x00795693) x13 0x01ffff80
core   0: 0x80008fa0 (0x03318ab3) mul     s5, gp, s3
core   0: 3 0x80008fa0 (0x03318ab3) x21 0x00000000
core   0: 0x80008fa4 (0x00008c6d) c.and   s0, a1
core   0: 3 0x80008fa4 (0x8c6d) x 8 0x80000000
core   0: 0x80008fa6 (0x03f45d63) bge     s0, t6, pc + 58
core   0: 3 0x80008fa6 (0x03f45d63)
core   0: 0x80008faa (0x012948b3) xor     a7, s2, s2
core   0: 3 0x80008faa (0x012948b3) x17 0x00000000
core   0: 0x80008fae (0xbf454793) xori    a5, a0, -1036
core   0: 3 0x80008fae (0xbf454793) x15 0xfffffbf4
core   0: 0x80008fb2 (0x01087933) and     s2, a6, a6
core   0: 3 0x80008fb2 (0x01087933) x18 0x80025e64
core   0: 0x80008fb6 (0x00006239) c.lui   tp, 0xe
core   0: 3 0x80008fb6 (0x6239) x 4 0x0000e000
core   0: 0x80008fb8 (0x000059fd) c.li    s3, -1
core   0: 3 0x80008fb8 (0x59fd) x19 0xffffffff
core   0: 0x80008fba (0x3f88a393) slti    t2, a7, 1016
core   0: 3 0x80008fba (0x3f88a393) x 7 0x00000001
core   0: 0x80008fbe (0x03fde263) bltu    s11, t6, pc + 36
core   0: 3 0x80008fbe (0x03fde263)
core   0: 0x80008fe2 (0x40fad793) srai    a5, s5, 15
core   0: 3 0x80008fe2 (0x40fad793) x15 0x00000000
core   0: 0x80008fe6 (0x0000100f) fence.i
core   0: 3 0x80008fe6 (0x0000100f)
core   0: 0x80008fea (0x2e520d37) lui     s10, 0x2e520
core   0: 3 0x80008fea (0x2e520d37) x26 0x2e520000
core   0: 0x80008fee (0x00000001) c.nop
core   0: 3 0x80008fee (0x0001)
core   0: 0x80008ff0 (0x02b19ab3) mulh    s5, gp, a1
core   0: 3 0x80008ff0 (0x02b19ab3) x21 0x00000000
core   0: 0x80008ff4 (0x62804193) xori    gp, zero, 1576
core   0: 3 0x80008ff4 (0x62804193) x 3 0x00000628
core   0: 0x80008ff8 (0x0000cd09) c.beqz  a0, pc + 26
core   0: 3 0x80008ff8 (0xcd09)
core   0: 0x80009012 (0x00008df5) c.and   a1, a3
core   0: 3 0x80009012 (0x8df5) x11 0x01ffff80
core   0: 0x80009014 (0x034dab33) mulhsu  s6, s11, s4
core   0: 3 0x80009014 (0x034dab33) x22 0x00000000
core   0: 0x80009018 (0x0ff0000f) fence   iorw,iorw
core   0: 3 0x80009018 (0x0ff0000f)
core   0: 0x8000901c (0x009a5913) srli    s2, s4, 9
core   0: 3 0x8000901c (0x009a5913) x18 0x00400000
core   0: 0x80009020 (0x03fa9d63) bne     s5, t6, pc + 58
core   0: 3 0x80009020 (0x03fa9d63)
core   0: 0x8000905a (0x01206d33) or      s10, zero, s2
core   0: 3 0x8000905a (0x01206d33) x26 0x00400000
core   0: 0x8000905e (0x328133b7) lui     t2, 0x32813
core   0: 3 0x8000905e (0x328133b7) x 7 0x32813000
core   0: 0x80009062 (0x0000cc19) c.beqz  s0, pc + 30
core   0: 3 0x80009062 (0xcc19)
core   0: 0x80009064 (0x0000100f) fence.i
core   0: 3 0x80009064 (0x0000100f)
core   0: 0x80009068 (0x009812b3) sll     t0, a6, s1
core   0: 3 0x80009068 (0x009812b3) x 5 0x0025e640
core   0: 0x8000906c (0x02189063) bne     a7, ra, pc + 32
core   0: 3 0x8000906c (0x02189063)
core   0: 0x8000908c (0x0112bbb3) sltu    s7, t0, a7
core   0: 3 0x8000908c (0x0112bbb3) x23 0x00000000
core   0: 0x80009090 (0x01cb1593) slli    a1, s6, 28
core   0: 3 0x80009090 (0x01cb1593) x11 0x00000000
core   0: 0x80009094 (0x00001dfd) c.addi  s11, -1
core   0: 3 0x80009094 (0x1dfd) x27 0xffffffff
core   0: 0x80009096 (0x00008f3d) c.xor   a4, a5
core   0: 3 0x80009096 (0x8f3d) x14 0x00000000
core   0: 0x80009098 (0x02d8c0b3) div     ra, a7, a3
core   0: 3 0x80009098 (0x02d8c0b3) x 1 0x00000000
core   0: 0x8000909c (0x00a289b3) add     s3, t0, a0
core   0: 3 0x8000909c (0x00a289b3) x19 0x0025e640
core   0: 0x800090a0 (0x0000872e) c.mv    a4, a1
core   0: 3 0x800090a0 (0x872e) x14 0x00000000
core   0: 0x800090a2 (0x00e7eb33) or      s6, a5, a4
core   0: 3 0x800090a2 (0x00e7eb33) x22 0x00000000
core   0: 0x800090a6 (0x025fe113) ori     sp, t6, 37
core   0: 3 0x800090a6 (0x025fe113) x 2 0xfffffff7
core   0: 0x800090aa (0x00008e81) c.sub   a3, s0
core   0: 3 0x800090aa (0x8e81) x13 0x81ffff80
core   0: 0x800090ac (0x00d2c463) blt     t0, a3, pc + 8
core   0: 3 0x800090ac (0x00d2c463)
core   0: 0x800090b0 (0x0109c963) blt     s3, a6, pc + 18
core   0: 3 0x800090b0 (0x0109c963)
core   0: 0x800090b4 (0x0015f263) bgeu    a1, ra, pc + 4
core   0: 3 0x800090b4 (0x0015f263)
core   0: 0x800090b8 (0x0000717d) c.addi16sp sp, -16
core   0: 3 0x800090b8 (0x717d) x 2 0xffffffe7
core   0: 0x800090ba (0x00008da5) c.xor   a1, s1
core   0: 3 0x800090ba (0x8da5) x11 0x80029ce4
core   0: 0x800090bc (0x00008da5) c.xor   a1, s1
core   0: 3 0x800090bc (0x8da5) x11 0x00000000
core   0: 0x800090be (0x000017fd) c.addi  a5, -1
core   0: 3 0x800090be (0x17fd) x15 0xffffffff
core   0: 0x800090c0 (0x0000ce05) c.beqz  a2, pc + 56
core   0: 3 0x800090c0 (0xce05)
core   0: 0x800090c2 (0x01cac933) xor     s2, s5, t3
core   0: 3 0x800090c2 (0x01cac933) x18 0x80029ce4
core   0: 0x800090c6 (0x0000717d) c.addi16sp sp, -16
core   0: 3 0x800090c6 (0x717d) x 2 0xffffffd7
core   0: 0x800090c8 (0x0000100f) fence.i
core   0: 3 0x800090c8 (0x0000100f)
core   0: 0x800090cc (0x01315933) srl     s2, sp, s3
core   0: 3 0x800090cc (0x01315933) x18 0xffffffd7
core   0: 0x800090d0 (0x01b58b33) add     s6, a1, s11
core   0: 3 0x800090d0 (0x01b58b33) x22 0xffffffff
core   0: 0x800090d4 (0x00008e35) c.xor   a2, a3
core   0: 3 0x800090d4 (0x8e35) x12 0x7e00007f
core   0: 0x800090d6 (0x00008b8d) c.andi  a5, 3
core   0: 3 0x800090d6 (0x8b8d) x15 0x00000003
core   0: 0x800090d8 (0x020c0a63) beqz    s8, pc + 52
core   0: 3 0x800090d8 (0x020c0a63)
core   0: 0x800090dc (0x00008e35) c.xor   a2, a3
core   0: 3 0x800090dc (0x8e35) x12 0xffffffff
core   0: 0x800090de (0x00cfd263) bge     t6, a2, pc + 4
core   0: 3 0x800090de (0x00cfd263)
core   0: 0x800090e2 (0x41f85913) srai    s2, a6, 31
core   0: 3 0x800090e2 (0x41f85913) x18 0xffffffff
core   0: 0x800090e6 (0x000067ed) c.lui   a5, 0x1b
core   0: 3 0x800090e6 (0x67ed) x15 0x0001b000
core   0: 0x800090e8 (0x001f8263) beq     t6, ra, pc + 4
core   0: 3 0x800090e8 (0x001f8263)
core   0: 0x800090ec (0x0136d663) bge     a3, s3, pc + 12
core   0: 3 0x800090ec (0x0136d663)
core   0: 0x800090f0 (0x0000c799) c.beqz  a5, pc + 14
core   0: 3 0x800090f0 (0xc799)
core   0: 0x800090f2 (0x027d5133) divu    sp, s10, t2
core   0: 3 0x800090f2 (0x027d5133) x 2 0x00000000
core   0: 0x800090f6 (0x0000eeb9) c.bnez  a3, pc + 94
core   0: 3 0x800090f6 (0xeeb9)
core   0: 0x80009154 (0x009b5313) srli    t1, s6, 9
core   0: 3 0x80009154 (0x009b5313) x 6 0x007fffff
core   0: 0x80009158 (0x00008f41) c.or    a4, s0
core   0: 3 0x80009158 (0x8f41) x14 0x80000000
core   0: 0x8000915a (0x00609f93) slli    t6, ra, 6
core   0: 3 0x8000915a (0x00609f93) x31 0x00000000
core   0: 0x8000915e (0x00a97b63) bgeu    s2, a0, pc + 22
core   0: 3 0x8000915e (0x00a97b63)
core   0: 0x80009174 (0x00008c2d) c.xor   s0, a1
core   0: 3 0x80009174 (0x8c2d) x 8 0x80000000
core   0: 0x80009176 (0xfac7a637) lui     a2, 0xfac7a
core   0: 3 0x80009176 (0xfac7a637) x12 0xfac7a000
core   0: 0x8000917a (0xc5b52093) slti    ra, a0, -933
core   0: 3 0x8000917a (0xc5b52093) x 1 0x00000000
core   0: 0x8000917e (0x00985763) bge     a6, s1, pc + 14
core   0: 3 0x8000917e (0x00985763)
core   0: 0x80009182 (0x0055f2b3) and     t0, a1, t0
core   0: 3 0x80009182 (0x0055f2b3) x 5 0x00000000
core   0: 0x80009186 (0x00001c08) c.addi4spn a0, sp, 560
core   0: 3 0x80009186 (0x1c08) x10 0x00000230
core   0: 0x80009188 (0x4861aa93) slti    s5, gp, 1158
core   0: 3 0x80009188 (0x4861aa93) x21 0x00000000
core   0: 0x8000918c (0x0258d5b3) divu    a1, a7, t0
core   0: 3 0x8000918c (0x0258d5b3) x11 0xffffffff
core   0: 0x80009190 (0x05b08213) addi    tp, ra, 91
core   0: 3 0x80009190 (0x05b08213) x 4 0x0000005b
core   0: 0x80009194 (0x0ff0000f) fence   iorw,iorw
core   0: 3 0x80009194 (0x0ff0000f)
core   0: 0x80009198 (0x0000638d) c.lui   t2, 0x3
core   0: 3 0x80009198 (0x638d) x 7 0x00003000
core   0: 0x8000919a (0x002b2433) slt     s0, s6, sp
core   0: 3 0x8000919a (0x002b2433) x 8 0x00000001
core   0: 0x8000919e (0x012c86b3) add     a3, s9, s2
core   0: 3 0x8000919e (0x012c86b3) x13 0xefffffff
core   0: 0x800091a2 (0x51400193) li      gp, 1300
core   0: 3 0x800091a2 (0x51400193) x 3 0x00000514
core   0: 0x800091a6 (0x0ff0000f) fence   iorw,iorw
core   0: 3 0x800091a6 (0x0ff0000f)
core   0: 0x800091aa (0x039bcc33) div     s8, s7, s9
core   0: 3 0x800091aa (0x039bcc33) x24 0x00000000
core   0: 0x800091ae (0x00009bc6) c.add   s7, a7
core   0: 3 0x800091ae (0x9bc6) x23 0x00000000
core   0: 0x800091b0 (0x00d618b3) sll     a7, a2, a3
core   0: 3 0x800091b0 (0x00d618b3) x17 0x00000000
core   0: 0x800091b4 (0x09c34c63) blt     t1, t3, pc + 152
core   0: 3 0x800091b4 (0x09c34c63)
core   0: 0x800091b8 (0x00e04133) xor     sp, zero, a4
core   0: 3 0x800091b8 (0x00e04133) x 2 0x80000000
core   0: 0x800091bc (0x000060a9) c.lui   ra, 0xa
core   0: 3 0x800091bc (0x60a9) x 1 0x0000a000
core   0: 0x800091be (0x00004951) c.li    s2, 20
core   0: 3 0x800091be (0x4951) x18 0x00000014
core   0: 0x800091c0 (0x002d87b3) add     a5, s11, sp
core   0: 3 0x800091c0 (0x002d87b3) x15 0x7fffffff
core   0: 0x800091c4 (0x32a63213) sltiu   tp, a2, 810
core   0: 3 0x800091c4 (0x32a63213) x 4 0x00000000
core   0: 0x800091c8 (0x00008d3d) c.xor   a0, a5
core   0: 3 0x800091c8 (0x8d3d) x10 0x7ffffdcf
core   0: 0x800091ca (0x00008f61) c.and   a4, s0
core   0: 3 0x800091ca (0x8f61) x14 0x00000000
core   0: 0x800091cc (0x00013597) auipc   a1, 0x13
core   0: 3 0x800091cc (0x00013597) x11 0x8001c1cc
core   0: 0x800091d0 (0xe4458593) addi    a1, a1, -444
core   0: 3 0x800091d0 (0xe4458593) x11 0x8001c010
core   0: 0x800091d4 (0x00008e69) c.and   a2, a0
core   0: 3 0x800091d4 (0x8e69) x12 0x7ac7a000
core   0: 0x800091d6 (0xfff58183) lb      gp, -1(a1)
core   0: 3 0x800091d6 (0xfff58183) x 3 0xffffff95 mem 0x8001c00f
core   0: 0x800091da (0x0031d1b3) srl     gp, gp, gp
core   0: 3 0x800091da (0x0031d1b3) x 3 0x000007ff
core   0: 0x800091de (0x0055c083) lbu     ra, 5(a1)
core   0: 3 0x800091de (0x0055c083) x 1 0x000000b2 mem 0x8001c015
core   0: 0x800091e2 (0x008586a3) sb      s0, 13(a1)
core   0: 3 0x800091e2 (0x008586a3) mem 0x8001c01d 0x1
core   0: 0x800091e6 (0x00008d21) c.xor   a0, s0
core   0: 3 0x800091e6 (0x8d21) x10 0x7ffffdce
core   0: 0x800091e8 (0x02188633) mul     a2, a7, ra
core   0: 3 0x800091e8 (0x02188633) x12 0x00000000
core   0: 0x800091ec (0x00658503) lb      a0, 6(a1)
core   0: 3 0x800091ec (0x00658503) x10 0xffffffa2 mem 0x8001c016
core   0: 0x800091f0 (0x00a518b3) sll     a7, a0, a0
core   0: 3 0x800091f0 (0x00a518b3) x17 0xfffffe88
core   0: 0x800091f4 (0xff358883) lb      a7, -13(a1)
core   0: 3 0x800091f4 (0xff358883) x17 0xffffff9d mem 0x8001c003
core   0: 0x800091f8 (0x00058603) lb      a2, 0(a1)
core   0: 3 0x800091f8 (0x00058603) x12 0xffffff8e mem 0x8001c010
core   0: 0x800091fc (0x00a8b633) sltu    a2, a7, a0
core   0: 3 0x800091fc (0x00a8b633) x12 0x00000001
core   0: 0x80009200 (0x00008215) c.srli  a2, 5
core   0: 3 0x80009200 (0x8215) x12 0x00000000
core   0: 0x80009202 (0x02165533) divu    a0, a2, ra
core   0: 3 0x80009202 (0x02165533) x10 0x00000000
core   0: 0x80009206 (0x0ff0000f) fence   iorw,iorw
core   0: 3 0x80009206 (0x0ff0000f)
core   0: 0x8000920a (0xff459883) lh      a7, -12(a1)
core   0: 3 0x8000920a (0xff459883) x17 0xfffffdb4 mem 0x8001c004
core   0: 0x8000920e (0x011584a3) sb      a7, 9(a1)
core   0: 3 0x8000920e (0x011584a3) mem 0x8001c019 0xb4
core   0: 0x80009212 (0x02353533) mulhu   a0, a0, gp
core   0: 3 0x80009212 (0x02353533) x10 0x00000000
core   0: 0x80009216 (0xfea59923) sh      a0, -14(a1)
core   0: 3 0x80009216 (0xfea59923) mem 0x8001c002 0x0000
core   0: 0x8000921a (0x6b860193) addi    gp, a2, 1720
core   0: 3 0x8000921a (0x6b860193) x 3 0x000006b8
core   0: 0x8000921e (0x0000997d) c.andi  a0, -1
core   0: 3 0x8000921e (0x997d) x10 0x00000000
core   0: 0x80009220 (0x00c58123) sb      a2, 2(a1)
core   0: 3 0x80009220 (0x00c58123) mem 0x8001c012 0x0
core   0: 0x80009224 (0x0210c633) div     a2, ra, ra
core   0: 3 0x80009224 (0x0210c633) x12 0x00000001
core   0: 0x80009228 (0x003580a3) sb      gp, 1(a1)
core   0: 3 0x80009228 (0x003580a3) mem 0x8001c011 0xb8
core   0: 0x8000922c (0xc7394c13) xori    s8, s2, -909
core   0: 3 0x8000922c (0xc7394c13) x24 0xfffffc67
core   0: 0x80009230 (0x03464fb3) div     t6, a2, s4
core   0: 3 0x80009230 (0x03464fb3) x31 0x00000000
core   0: 0x80009234 (0x01481263) bne     a6, s4, pc + 4
core   0: 3 0x80009234 (0x01481263)
core   0: 0x80009238 (0x00008371) c.srli  a4, 28
core   0: 3 0x80009238 (0x8371) x14 0x00000000
core   0: 0x8000923a (0x40b75893) srai    a7, a4, 11
core   0: 3 0x8000923a (0x40b75893) x17 0x00000000
core   0: 0x8000923e (0x00006221) c.lui   tp, 0x8
core   0: 3 0x8000923e (0x6221) x 4 0x00008000
core   0: 0x80009240 (0x008d5e13) srli    t3, s10, 8
core   0: 3 0x80009240 (0x008d5e13) x28 0x00004000
core   0: 0x80009244 (0x02ed8cb3) mul     s9, s11, a4
core   0: 3 0x80009244 (0x02ed8cb3) x25 0x00000000
core   0: 0x80009248 (0x000096ae) c.add   a3, a1
core   0: 3 0x80009248 (0x96ae) x13 0x7001c00f
core   0: 0x8000924a (0x0000e985) c.bnez  a1, pc + 48
core   0: 3 0x8000924a (0xe985)
core   0: 0x8000927a (0x00000e98) c.addi4spn a4, sp, 848
core   0: 3 0x8000927a (0x0e98) x14 0x80000350
core   0: 0x8000927c (0x000083c9) c.srli  a5, 18
core   0: 3 0x8000927c (0x83c9) x15 0x00001fff
core   0: 0x8000927e (0x005222b3) slt     t0, tp, t0
core   0: 3 0x8000927e (0x005222b3) x 5 0x00000000
core   0: 0x80009282 (0x03d1a5b3) mulhsu  a1, gp, t4
core   0: 3 0x80009282 (0x03d1a5b3) x11 0x00000000
core   0: 0x80009286 (0x00000001) c.nop
core   0: 3 0x80009286 (0x0001)
core   0: 0x80009288 (0x403d05b3) sub     a1, s10, gp
core   0: 3 0x80009288 (0x403d05b3) x11 0x003ff948
core   0: 0x8000928c (0x3fb6ba93) sltiu   s5, a3, 1019
core   0: 3 0x8000928c (0x3fb6ba93) x21 0x00000000
core   0: 0x80009290 (0x0000149c) c.addi4spn a5, sp, 608
core   0: 3 0x80009290 (0x149c) x15 0x80000260
core   0: 0x80009292 (0x00282133) slt     sp, a6, sp
core   0: 3 0x80009292 (0x00282133) x 2 0x00000000
core   0: 0x80009296 (0x000053fd) c.li    t2, -1
core   0: 3 0x80009296 (0x53fd) x 7 0xffffffff
core   0: 0x80009298 (0x00009246) c.add   tp, a7
core   0: 3 0x80009298 (0x9246) x 4 0x00008000
core   0: 0x8000929a (0x028c4063) blt     s8, s0, pc + 32
core   0: 3 0x8000929a (0x028c4063)
core   0: 0x800092ba (0x03f79933) mulh    s2, a5, t6
core   0: 3 0x800092ba (0x03f79933) x18 0x00000000
core   0: 0x800092be (0x001a5333) srl     t1, s4, ra
core   0: 3 0x800092be (0x001a5333) x 6 0x00002000
core   0: 0x800092c2 (0x08468663) beq     a3, tp, pc + 140
core   0: 3 0x800092c2 (0x08468663)
core   0: 0x800092c6 (0x00009b9a) c.add   s7, t1
core   0: 3 0x800092c6 (0x9b9a) x23 0x00002000
core   0: 0x800092c8 (0x000087b1) c.srai  a5, 12
core   0: 3 0x800092c8 (0x87b1) x15 0xfff80000
core   0: 0x800092ca (0xa52bb293) sltiu   t0, s7, -1454
core   0: 3 0x800092ca (0xa52bb293) x 5 0x00000001
core   0: 0x800092ce (0x300a2013) slti    zero, s4, 768
core   0: 3 0x800092ce (0x300a2013)
core   0: 0x800092d2 (0x00006d45) c.lui   s10, 0x11
core   0: 3 0x800092d2 (0x6d45) x26 0x00011000
core   0: 0x800092d4 (0x01099333) sll     t1, s3, a6
core   0: 3 0x800092d4 (0x01099333) x 6 0x025e6400
core   0: 0x800092d8 (0x40238eb3) sub     t4, t2, sp
core   0: 3 0x800092d8 (0x40238eb3) x29 0xffffffff
core   0: 0x800092dc (0x012dc963) blt     s11, s2, pc + 18
core   0: 3 0x800092dc (0x012dc963)
core   0: 0x800092ee (0x0ff0000f) fence   iorw,iorw
core   0: 3 0x800092ee (0x0ff0000f)
core   0: 0x800092f2 (0x0256fe33) remu    t3, a3, t0
core   0: 3 0x800092f2 (0x0256fe33) x28 0x00000000
core   0: 0x800092f6 (0x030b7c33) remu    s8, s6, a6
core   0: 3 0x800092f6 (0x030b7c33) x24 0x7ffda19b
core   0: 0x800092fa (0x0157c9b3) xor     s3, a5, s5
core   0: 3 0x800092fa (0x0157c9b3) x19 0xfff80000
core   0: 0x800092fe (0x00007f17) auipc   t5, 0x7
core   0: 3 0x800092fe (0x00007f17) x30 0x800102fe
core   0: 0x80009302 (0xe5af0f13) addi    t5, t5, -422
core   0: 3 0x80009302 (0xe5af0f13) x30 0x80010158
core   0: 0x80009306 (0xfdef0d03) lb      s10, -34(t5)
core   0: 3 0x80009306 (0xfdef0d03) x26 0x00000028 mem 0x80010136
core   0: 0x8000930a (0x035f0203) lb      tp, 53(t5)
core   0: 3 0x8000930a (0x035f0203) x 4 0x0000004b mem 0x8001018d
core   0: 0x8000930e (0xfc4f02a3) sb      tp, -59(t5)
core   0: 3 0x8000930e (0xfc4f02a3) mem 0x8001011d 0x4b
core   0: 0x80009312 (0x38cd0593) addi    a1, s10, 908
core   0: 3 0x80009312 (0x38cd0593) x11 0x000003b4
core   0: 0x80009316 (0xfc8f01a3) sb      s0, -61(t5)
core   0: 3 0x80009316 (0xfc8f01a3) mem 0x8001011b 0x1
core   0: 0x8000931a (0x00cf5383) lhu     t2, 12(t5)
core   0: 3 0x8000931a (0x00cf5383) x 7 0x00000500 mem 0x80010164
core   0: 0x8000931e (0x00cf2383) lw      t2, 12(t5)
core   0: 3 0x8000931e (0x00cf2383) x 7 0xfca40500 mem 0x80010164
core   0: 0x80009322 (0x007f0423) sb      t2, 8(t5)
core   0: 3 0x80009322 (0x007f0423) mem 0x80010160 0x0
core   0: 0x80009326 (0x003f0b83) lb      s7, 3(t5)
core   0: 3 0x80009326 (0x003f0b83) x23 0x00000000 mem 0x8001015b
core   0: 0x8000932a (0x003f0a83) lb      s5, 3(t5)
core   0: 3 0x8000932a (0x003f0a83) x21 0x00000000 mem 0x8001015b
core   0: 0x8000932e (0x006f01a3) sb      t1, 3(t5)
core   0: 3 0x8000932e (0x006f01a3) mem 0x8001015b 0x0
core   0: 0x80009332 (0x003f0ca3) sb      gp, 25(t5)
core   0: 3 0x80009332 (0x003f0ca3) mem 0x80010171 0xb8
core   0: 0x80009336 (0x019f0083) lb      ra, 25(t5)
core   0: 3 0x80009336 (0x019f0083) x 1 0xffffffb8 mem 0x80010171
core   0: 0x8000933a (0x019f0e83) lb      t4, 25(t5)
core   0: 3 0x8000933a (0x019f0e83) x29 0xffffffb8 mem 0x80010171
core   0: 0x8000933e (0x031f0383) lb      t2, 49(t5)
core   0: 3 0x8000933e (0x031f0383) x 7 0x0000003b mem 0x80010189
core   0: 0x80009342 (0xfcff09a3) sb      a5, -45(t5)
core   0: 3 0x80009342 (0xfcff09a3) mem 0x8001012b 0x0
core   0: 0x80009346 (0xfd3f4e83) lbu     t4, -45(t5)
core   0: 3 0x80009346 (0xfd3f4e83) x29 0x00000000 mem 0x8001012b
core   0: 0x8000934a (0x03638363) beq     t2, s6, pc + 38
core   0: 3 0x8000934a (0x03638363)
core   0: 0x8000934e (0xa5198613) addi    a2, s3, -1455
core   0: 3 0x8000934e (0xa5198613) x12 0xfff7fa51
core   0: 0x80009352 (0x011cd463) bge     s9, a7, pc + 8
core   0: 3 0x80009352 (0x011cd463)
core   0: 0x8000935a (0x41f88633) sub     a2, a7, t6
core   0: 3 0x8000935a (0x41f88633) x12 0x00000000
core   0: 0x8000935e (0x00008dbd) c.xor   a1, a5
core   0: 3 0x8000935e (0x8dbd) x11 0xfff803b4
core   0: 0x80009360 (0x03fe2d33) mulhsu  s10, t3, t6
core   0: 3 0x80009360 (0x03fe2d33) x26 0x00000000
core   0: 0x80009364 (0x006ba433) slt     s0, s7, t1
core   0: 3 0x80009364 (0x006ba433) x 8 0x00000001
core   0: 0x80009368 (0x000091f6) c.add   gp, t4
core   0: 3 0x80009368 (0x91f6) x 3 0x000006b8
core   0: 0x8000936a (0x00008ef9) c.and   a3, a4
core   0: 3 0x8000936a (0x8ef9) x13 0x00000000
core   0: 0x8000936c (0x3ae53193) sltiu   gp, a0, 942
core   0: 3 0x8000936c (0x3ae53193) x 3 0x00000001
core   0: 0x80009370 (0x000082a2) c.mv    t0, s0
core   0: 3 0x80009370 (0x82a2) x 5 0x00000001
core   0: 0x80009372 (0x015e1033) sll     zero, t3, s5
core   0: 3 0x80009372 (0x015e1033)
core   0: 0x80009376 (0x000085d5) c.srai  a1, 21
core   0: 3 0x80009376 (0x85d5) x11 0xffffffff
core   0: 0x80009378 (0x015483b3) add     t2, s1, s5
core   0: 3 0x80009378 (0x015483b3) x 7 0x80029ce4
core   0: 0x8000937c (0x011b2bb3) slt     s7, s6, a7
core   0: 3 0x8000937c (0x011b2bb3) x23 0x00000001
core   0: 0x80009380 (0x0000e299) c.bnez  a3, pc + 6
core   0: 3 0x80009380 (0xe299)
core   0: 0x80009382 (0x029f1bb3) mulh    s7, t5, s1
core   0: 3 0x80009382 (0x029f1bb3) x23 0x3ffe30e4
core   0: 0x80009386 (0x0000c785) c.beqz  a5, pc + 40
core   0: 3 0x80009386 (0xc785)
core   0: 0x80009388 (0x0000614d) c.addi16sp sp, 176
core   0: 3 0x80009388 (0x614d) x 2 0x000000b0
core   0: 0x8000938a (0xe1dc0113) addi    sp, s8, -483
core   0: 3 0x8000938a (0xe1dc0113) x 2 0x7ffd9fb8
core   0: 0x8000938e (0x4021db13) srai    s6, gp, 2
core   0: 3 0x8000938e (0x4021db13) x22 0x00000000
core   0: 0x80009392 (0x00000001) c.nop
core   0: 3 0x80009392 (0x0001)
core   0: 0x80009394 (0x0351d233) divu    tp, gp, s5
core   0: 3 0x80009394 (0x0351d233) x 4 0xffffffff
core   0: 0x80009398 (0x030aeb63) bltu    s5, a6, pc + 54
core   0: 3 0x80009398 (0x030aeb63)
core   0: 0x800093ce (0x00009b62) c.add   s6, s8
core   0: 3 0x800093ce (0x9b62) x22 0x7ffda19b
core   0: 0x800093d0 (0x00008362) c.mv    t1, s8
core   0: 3 0x800093d0 (0x8362) x 6 0x7ffda19b
core   0: 0x800093d2 (0xc9b23b37) lui     s6, 0xc9b23
core   0: 3 0x800093d2 (0xc9b23b37) x22 0xc9b23000
core   0: 0x800093d6 (0x0000988e) c.add   a7, gp
core   0: 3 0x800093d6 (0x988e) x17 0x00000001
core   0: 0x800093d8 (0x00000001) c.nop
core   0: 3 0x800093d8 (0x0001)
core   0: 0x800093da (0x41848c33) sub     s8, s1, s8
core   0: 3 0x800093da (0x41848c33) x24 0x0004fb49
core   0: 0x800093de (0x01e87933) and     s2, a6, t5
core   0: 3 0x800093de (0x01e87933) x18 0x80000040
core   0: 0x800093e2 (0x0000717d) c.addi16sp sp, -16
core   0: 3 0x800093e2 (0x717d) x 2 0x7ffd9fa8
core   0: 0x800093e4 (0x0000008c) c.addi4spn a1, sp, 64
core   0: 3 0x800093e4 (0x008c) x11 0x7ffd9fe8
core   0: 0x800093e6 (0x00faf263) bgeu    s5, a5, pc + 4
core   0: 3 0x800093e6 (0x00faf263)
core   0: 0x800093ea (0x00d78263) beq     a5, a3, pc + 4
core   0: 3 0x800093ea (0x00d78263)
core   0: 0x800093ee (0x0000ec19) c.bnez  s0, pc + 30
core   0: 3 0x800093ee (0xec19)
core   0: 0x8000940c (0x21827693) andi    a3, tp, 536
core   0: 3 0x8000940c (0x21827693) x13 0x00000218
core   0: 0x80009410 (0x03ad45b3) div     a1, s10, s10
core   0: 3 0x80009410 (0x03ad45b3) x11 0xffffffff
core   0: 0x80009414 (0x00899913) slli    s2, s3, 8
core   0: 3 0x80009414 (0x00899913) x18 0xf8000000
core   0: 0x80009418 (0x01dd1293) slli    t0, s10, 29
core   0: 3 0x80009418 (0x01dd1293) x 5 0x00000000
core   0: 0x8000941c (0x0000cf01) c.beqz  a4, pc + 24
core   0: 3 0x8000941c (0xcf01)
core   0: 0x8000941e (0x02d8d033) divu    zero, a7, a3
core   0: 3 0x8000941e (0x02d8d033)
core   0: 0x80009422 (0x02b4db63) bge     s1, a1, pc + 54
core   0: 3 0x80009422 (0x02b4db63)
core   0: 0x80009426 (0x020f10b3) mulh    ra, t5, zero
core   0: 3 0x80009426 (0x020f10b3) x 1 0x00000000
core   0: 0x8000942a (0x03c8a9b3) mulhsu  s3, a7, t3
core   0: 3 0x8000942a (0x03c8a9b3) x19 0x00000000
core   0: 0x8000942e (0x000047fd) c.li    a5, 31
core   0: 3 0x8000942e (0x47fd) x15 0x0000001f
core   0: 0x80009430 (0x00000b98) c.addi4spn a4, sp, 464
core   0: 3 0x80009430 (0x0b98) x14 0x7ffda178
core   0: 0x80009432 (0x0000717d) c.addi16sp sp, -16
core   0: 3 0x80009432 (0x717d) x 2 0x7ffd9f98
core   0: 0x80009434 (0x02796b63) bltu    s2, t2, pc + 54
core   0: 3 0x80009434 (0x02796b63)
core   0: 0x80009438 (0x01d35613) srli    a2, t1, 29
core   0: 3 0x80009438 (0x01d35613) x12 0x00000003
core   0: 0x8000943c (0x0000c815) c.beqz  s0, pc + 52
core   0: 3 0x8000943c (0xc815)
core   0: 0x8000943e (0x0000023a) c.slli  tp, 14
core   0: 3 0x8000943e (0x023a) x 4 0xffffc000
core   0: 0x80009440 (0x6c964513) xori    a0, a2, 1737
core   0: 3 0x80009440 (0x6c964513) x10 0x000006ca
core   0: 0x80009444 (0x000002ae) c.slli  t0, 11
core   0: 3 0x80009444 (0x02ae) x 5 0x00000000
core   0: 0x80009446 (0x00008d06) c.mv    s10, ra
core   0: 3 0x80009446 (0x8d06) x26 0x00000000
core   0: 0x80009448 (0xcd397e13) andi    t3, s2, -813
core   0: 3 0x80009448 (0xcd397e13) x28 0xf8000000
core   0: 0x8000944c (0x01241333) sll     t1, s0, s2
core   0: 3 0x8000944c (0x01241333) x 6 0x00000001
core   0: 0x80009450 (0xfc68e537) lui     a0, 0xfc68e
core   0: 3 0x80009450 (0xfc68e537) x10 0xfc68e000
core   0: 0x80009454 (0x0000717d) c.addi16sp sp, -16
core   0: 3 0x80009454 (0x717d) x 2 0x7ffd9f88
core   0: 0x80009456 (0x00008cb6) c.mv    s9, a3
core   0: 3 0x80009456 (0x8cb6) x25 0x00000218
core   0: 0x80009458 (0x00000001) c.nop
core   0: 3 0x80009458 (0x0001)
core   0: 0x8000945a (0x0365d133) divu    sp, a1, s6
core   0: 3 0x8000945a (0x0365d133) x 2 0x00000001
core   0: 0x8000945e (0x02fc0133) mul     sp, s8, a5
core   0: 3 0x8000945e (0x02fc0133) x 2 0x009a6dd7
core   0: 0x80009462 (0x00008915) c.andi  a0, 5
core   0: 3 0x80009462 (0x8915) x10 0x00000000
core   0: 0x80009464 (0x03a2f6b3) remu    a3, t0, s10
core   0: 3 0x80009464 (0x03a2f6b3) x13 0x00000000
core   0: 0x80009468 (0x0000e805) c.bnez  s0, pc + 48
core   0: 3 0x80009468 (0xe805)
core   0: 0x80009498 (0x0000cc0d) c.beqz  s0, pc + 58
core   0: 3 0x80009498 (0xcc0d)
core   0: 0x8000949a (0x00008e05) c.sub   a2, s1
core   0: 3 0x8000949a (0x8e05) x12 0x7ffd631f
core   0: 0x8000949c (0x02ba8333) mul     t1, s5, a1
core   0: 3 0x8000949c (0x02ba8333) x 6 0x00000000
core   0: 0x800094a0 (0xe3661397) auipc   t2, 0xe3661
core   0: 3 0x800094a0 (0xe3661397) x 7 0x6366a4a0
core   0: 0x800094a4 (0x415c0033) sub     zero, s8, s5
core   0: 3 0x800094a4 (0x415c0033)
core   0: 0x800094a8 (0x013e1213) slli    tp, t3, 19
core   0: 3 0x800094a8 (0x013e1213) x 4 0x00000000
core   0: 0x800094ac (0x0000ed91) c.bnez  a1, pc + 28
core   0: 3 0x800094ac (0xed91)
core   0: 0x800094c8 (0x0000e119) c.bnez  a0, pc + 6
core   0: 3 0x800094c8 (0xe119)
core   0: 0x800094ca (0x01d02c33) slt     s8, zero, t4
core   0: 3 0x800094ca (0x01d02c33) x24 0x00000000
core   0: 0x800094ce (0x03547533) remu    a0, s0, s5
core   0: 3 0x800094ce (0x03547533) x10 0x00000001
core   0: 0x800094d2 (0x00008229) c.srli  a2, 10
core   0: 3 0x800094d2 (0x8229) x12 0x001fff58
core   0: 0x800094d4 (0x02cafbb3) remu    s7, s5, a2
core   0: 3 0x800094d4 (0x02cafbb3) x23 0x00000000
core   0: 0x800094d8 (0x8610d1b7) lui     gp, 0x8610d
core   0: 3 0x800094d8 (0x8610d1b7) x 3 0x8610d000
core   0: 0x800094dc (0x00008f71) c.and   a4, a2
core   0: 3 0x800094dc (0x8f71) x14 0x001da158
core   0: 0x800094de (0xa821a593) slti    a1, gp, -1406
core   0: 3 0x800094de (0xa821a593) x11 0x00000001
core   0: 0x800094e2 (0x007602b3) add     t0, a2, t2
core   0: 3 0x800094e2 (0x007602b3) x 5 0x6386a3f8
core   0: 0x800094e6 (0x01bef8b3) and     a7, t4, s11
core   0: 3 0x800094e6 (0x01bef8b3) x17 0x00000000
core   0: 0x800094ea (0x0fedf393) andi    t2, s11, 254
core   0: 3 0x800094ea (0x0fedf393) x 7 0x000000fe
core   0: 0x800094ee (0x0000e309) c.bnez  a4, pc + 2
core   0: 3 0x800094ee (0xe309)
core   0: 0x800094f0 (0x00000001) c.nop
core   0: 3 0x800094f0 (0x0001)
core   0: 0x800094f2 (0x016acdb3) xor     s11, s5, s6
core   0: 3 0x800094f2 (0x016acdb3) x27 0xc9b23000
core   0: 0x800094f6 (0x00008cce) c.mv    s9, s3
core   0: 3 0x800094f6 (0x8cce) x25 0x00000000
core   0: 0x800094f8 (0x000005d5) c.addi  a1, 21
core   0: 3 0x800094f8 (0x05d5) x11 0x00000016
core   0: 0x800094fa (0x00001d7d) c.addi  s10, -1
core   0: 3 0x800094fa (0x1d7d) x26 0xffffffff
core   0: 0x800094fc (0x00008f39) c.xor   a4, a4
core   0: 3 0x800094fc (0x8f39) x14 0x00000000
core   0: 0x800094fe (0x0287c363) blt     a5, s0, pc + 38
core   0: 3 0x800094fe (0x0287c363)
core   0: 0x80009502 (0x00000001) c.nop
core   0: 3 0x80009502 (0x0001)
core   0: 0x80009504 (0xf2646513) ori     a0, s0, -218
core   0: 3 0x80009504 (0xf2646513) x10 0xffffff27
core   0: 0x80009508 (0x00008f51) c.or    a4, a2
core   0: 3 0x80009508 (0x8f51) x14 0x001fff58
core   0: 0x8000950a (0x0343bcb3) mulhu   s9, t2, s4
core   0: 3 0x8000950a (0x0343bcb3) x25 0x0000007f
core   0: 0x8000950e (0x034e0133) mul     sp, t3, s4
core   0: 3 0x8000950e (0x034e0133) x 2 0x00000000
core   0: 0x80009512 (0x00006169) c.addi16sp sp, 208
core   0: 3 0x80009512 (0x6169) x 2 0x000000d0
core   0: 0x80009514 (0x013c1c33) sll     s8, s8, s3
core   0: 3 0x80009514 (0x013c1c33) x24 0x00000000
core   0: 0x80009518 (0x0000717d) c.addi16sp sp, -16
core   0: 3 0x80009518 (0x717d) x 2 0x000000c0
core   0: 0x8000951a (0x710ac293) xori    t0, s5, 1808
core   0: 3 0x8000951a (0x710ac293) x 5 0x00000710
core   0: 0x8000951e (0x00793b33) sltu    s6, s2, t2
core   0: 3 0x8000951e (0x00793b33) x22 0x00000000
core   0: 0x80009522 (0x00000001) c.nop
core   0: 3 0x80009522 (0x0001)
core   0: 0x80009524 (0x007ad933) srl     s2, s5, t2
core   0: 3 0x80009524 (0x007ad933) x18 0x00000000
core   0: 0x80009528 (0x20376f13) ori     t5, a4, 515
core   0: 3 0x80009528 (0x20376f13) x30 0x001fff5b
core   0: 0x8000952c (0x04974063) blt     a4, s1, pc + 64
core   0: 3 0x8000952c (0x04974063)
core   0: 0x80009530 (0x3e4eae93) slti    t4, t4, 996
core   0: 3 0x80009530 (0x3e4eae93) x29 0x00000001
core   0: 0x80009534 (0x0165f1b3) and     gp, a1, s6
core   0: 3 0x80009534 (0x0165f1b3) x 3 0x00000000
core   0: 0x80009538 (0x03b8f733) remu    a4, a7, s11
core   0: 3 0x80009538 (0x03b8f733) x14 0x00000000
core   0: 0x8000953c (0x409ad013) srai    zero, s5, 9
core   0: 3 0x8000953c (0x409ad013)
core   0: 0x80009540 (0x014a17b3) sll     a5, s4, s4
core   0: 3 0x80009540 (0x014a17b3) x15 0x80000000
core   0: 0x80009544 (0x00e6f263) bgeu    a3, a4, pc + 4
core   0: 3 0x80009544 (0x00e6f263)
core   0: 0x80009548 (0x022b2933) mulhsu  s2, s6, sp
core   0: 3 0x80009548 (0x022b2933) x18 0x00000000
core   0: 0x8000954c (0xb7cc3c13) sltiu   s8, s8, -1156
core   0: 3 0x8000954c (0xb7cc3c13) x24 0x00000001
core   0: 0x80009550 (0x024685b3) mul     a1, a3, tp
core   0: 3 0x80009550 (0x024685b3) x11 0x00000000
core   0: 0x80009554 (0x00008c45) c.or    s0, s1
core   0: 3 0x80009554 (0x8c45) x 8 0x80029ce5
core   0: 0x80009556 (0x00f9f733) and     a4, s3, a5
core   0: 3 0x80009556 (0x00f9f733) x14 0x00000000
core   0: 0x8000955a (0xf4dc2c13) slti    s8, s8, -179
core   0: 3 0x8000955a (0xf4dc2c13) x24 0x00000000
core   0: 0x8000955e (0x03f889b3) mul     s3, a7, t6
core   0: 3 0x8000955e (0x03f889b3) x19 0x00000000
core   0: 0x80009562 (0x40cd0cb3) sub     s9, s10, a2
core   0: 3 0x80009562 (0x40cd0cb3) x25 0xffe000a7
core   0: 0x80009566 (0x03e5f5b3) remu    a1, a1, t5
core   0: 3 0x80009566 (0x03e5f5b3) x11 0x00000000
core   0: 0x8000956a (0x00008e49) c.or    a2, a0
core   0: 3 0x8000956a (0x8e49) x12 0xffffff7f
core   0: 0x8000956c (0x000086e9) c.srai  a3, 26
core   0: 3 0x8000956c (0x86e9) x13 0x00000000
core   0: 0x8000956e (0x01751ab3) sll     s5, a0, s7
core   0: 3 0x8000956e (0x01751ab3) x21 0xffffff27
core   0: 0x80009572 (0x00000714) c.addi4spn a3, sp, 896
core   0: 3 0x80009572 (0x0714) x13 0x00000440
core   0: 0x80009574 (0xd4542393) slti    t2, s0, -699
core   0: 3 0x80009574 (0xd4542393) x 7 0x00000001
core   0: 0x80009578 (0x00009afd) c.andi  a3, -1
core   0: 3 0x80009578 (0x9afd) x13 0x00000440
core   0: 0x8000957a (0x9cdcb793) sltiu   a5, s9, -1587
core   0: 3 0x8000957a (0x9cdcb793) x15 0x00000001
core   0: 0x8000957e (0xc50598b7) lui     a7, 0xc5059
core   0: 3 0x8000957e (0xc50598b7) x17 0xc5059000
core   0: 0x80009582 (0x00000246) c.slli  tp, 17
core   0: 3 0x80009582 (0x0246) x 4 0x00000000
core   0: 0x80009584 (0x0000547d) c.li    s0, -1
core   0: 3 0x80009584 (0x547d) x 8 0xffffffff
core   0: 0x80009586 (0x0293f0b3) remu    ra, t2, s1
core   0: 3 0x80009586 (0x0293f0b3) x 1 0x00000001
core   0: 0x8000958a (0x01c7c933) xor     s2, a5, t3
core   0: 3 0x8000958a (0x01c7c933) x18 0xf8000001
core   0: 0x8000958e (0x00000dd2) c.slli  s11, 20
core   0: 3 0x8000958e (0x0dd2) x27 0x00000000
core   0: 0x80009590 (0x0000695d) c.lui   s2, 0x17
core   0: 3 0x80009590 (0x695d) x18 0x00017000
core   0: 0x80009592 (0x0000802d) c.srli  s0, 11
core   0: 3 0x80009592 (0x802d) x 8 0x001fffff
core   0: 0x80009594 (0x01bfc2b3) xor     t0, t6, s11
core   0: 3 0x80009594 (0x01bfc2b3) x 5 0x00000000
core   0: 0x80009598 (0x006bc0b3) xor     ra, s7, t1
core   0: 3 0x80009598 (0x006bc0b3) x 1 0x00000000
core   0: 0x8000959c (0x02a7e533) rem     a0, a5, a0
core   0: 3 0x8000959c (0x02a7e533) x10 0x00000001
core   0: 0x800095a0 (0x6646e513) ori     a0, a3, 1636
core   0: 3 0x800095a0 (0x6646e513) x10 0x00000664
core   0: 0x800095a4 (0x00fa0f33) add     t5, s4, a5
core   0: 3 0x800095a4 (0x00fa0f33) x30 0x80000001
core   0: 0x800095a8 (0x1646c293) xori    t0, a3, 356
core   0: 3 0x800095a8 (0x1646c293) x 5 0x00000524
core   0: 0x800095ac (0x00008f3d) c.xor   a4, a5
core   0: 3 0x800095ac (0x8f3d) x14 0x00000001
core   0: 0x800095ae (0x00000f95) c.addi  t6, 5
core   0: 3 0x800095ae (0x0f95) x31 0x00000005
core   0: 0x800095b0 (0x00000001) c.nop
core   0: 3 0x800095b0 (0x0001)
core   0: 0x800095b2 (0x0000851e) c.mv    a0, t2
core   0: 3 0x800095b2 (0x851e) x10 0x00000001
core   0: 0x800095b4 (0x00000a98) c.addi4spn a4, sp, 336
core   0: 3 0x800095b4 (0x0a98) x14 0x00000210
core   0: 0x800095b6 (0x01dfd513) srli    a0, t6, 29
core   0: 3 0x800095b6 (0x01dfd513) x10 0x00000000
core   0: 0x800095ba (0x00008d95) c.sub   a1, a3
core   0: 3 0x800095ba (0x8d95) x11 0xfffffbc0
core   0: 0x800095bc (0x59a93193) sltiu   gp, s2, 1434
core   0: 3 0x800095bc (0x59a93193) x 3 0x00000000
core   0: 0x800095c0 (0x00000001) c.nop
core   0: 3 0x800095c0 (0x0001)
core   0: 0x800095c2 (0x40d1d893) srai    a7, gp, 13
core   0: 3 0x800095c2 (0x40d1d893) x17 0x00000000
core   0: 0x800095c6 (0x0000100f) fence.i
core   0: 3 0x800095c6 (0x0000100f)
core   0: 0x800095ca (0x504d3193) sltiu   gp, s10, 1284
core   0: 3 0x800095ca (0x504d3193) x 3 0x00000000
core   0: 0x800095ce (0x004d3d33) sltu    s10, s10, tp
core   0: 3 0x800095ce (0x004d3d33) x26 0x00000000
core   0: 0x800095d2 (0x000099fd) c.andi  a1, -1
core   0: 3 0x800095d2 (0x99fd) x11 0xfffffbc0
core   0: 0x800095d4 (0x000009aa) c.slli  s3, 10
core   0: 3 0x800095d4 (0x09aa) x19 0x00000000
core   0: 0x800095d6 (0x418ddc33) sra     s8, s11, s8
core   0: 3 0x800095d6 (0x418ddc33) x24 0x00000000
core   0: 0x800095da (0x414dd9b3) sra     s3, s11, s4
core   0: 3 0x800095da (0x414dd9b3) x19 0x00000000
core   0: 0x800095de (0x007df233) and     tp, s11, t2
core   0: 3 0x800095de (0x007df233) x 4 0x00000000
core   0: 0x800095e2 (0x030657b3) divu    a5, a2, a6
core   0: 3 0x800095e2 (0x030657b3) x15 0x00000001
core   0: 0x800095e6 (0x0000100f) fence.i
core   0: 3 0x800095e6 (0x0000100f)
core   0: 0x800095ea (0x010ba733) slt     a4, s7, a6
core   0: 3 0x800095ea (0x010ba733) x14 0x00000000
core   0: 0x800095ee (0xec94e537) lui     a0, 0xec94e
core   0: 3 0x800095ee (0xec94e537) x10 0xec94e000
core   0: 0x800095f2 (0x0ff0000f) fence   iorw,iorw
core   0: 3 0x800095f2 (0x0ff0000f)
core   0: 0x800095f6 (0x0251dfb3) divu    t6, gp, t0
core   0: 3 0x800095f6 (0x0251dfb3) x31 0x00000000
core   0: 0x800095fa (0x00000e26) c.slli  t3, 9
core   0: 3 0x800095fa (0x0e26) x28 0x00000000
core   0: 0x800095fc (0x00000001) c.nop
core   0: 3 0x800095fc (0x0001)
core   0: 0x800095fe (0x4caf8893) addi    a7, t6, 1226
core   0: 3 0x800095fe (0x4caf8893) x17 0x000004ca
core   0: 0x80009602 (0x02ab8463) beq     s7, a0, pc + 40
core   0: 3 0x80009602 (0x02ab8463)
core   0: 0x80009606 (0x108ea693) slti    a3, t4, 264
core   0: 3 0x80009606 (0x108ea693) x13 0x00000001
core   0: 0x8000960a (0x40325193) srai    gp, tp, 3
core   0: 3 0x8000960a (0x40325193) x 3 0x00000000
core   0: 0x8000960e (0x03ab52b3) divu    t0, s6, s10
core   0: 3 0x8000960e (0x03ab52b3) x 5 0xffffffff
core   0: 0x80009612 (0x01351763) bne     a0, s3, pc + 14
core   0: 3 0x80009612 (0x01351763)
core   0: 0x80009620 (0x40a8d793) srai    a5, a7, 10
core   0: 3 0x80009620 (0x40a8d793) x15 0x00000001
core   0: 0x80009624 (0x00000190) c.addi4spn a2, sp, 192
core   0: 3 0x80009624 (0x0190) x12 0x00000180
core   0: 0x80009626 (0x40d45d33) sra     s10, s0, a3
core   0: 3 0x80009626 (0x40d45d33) x26 0x000fffff
core   0: 0x8000962a (0x00006e31) c.lui   t3, 0xc
core   0: 3 0x8000962a (0x6e31) x28 0x0000c000
core   0: 0x8000962c (0x00000001) c.nop
core   0: 3 0x8000962c (0x0001)
core   0: 0x8000962e (0x00008fbd) c.xor   a5, a5
core   0: 3 0x8000962e (0x8fbd) x15 0x00000000
core   0: 0x80009630 (0x0293e0b3) rem     ra, t2, s1
core   0: 3 0x80009630 (0x0293e0b3) x 1 0x00000001
core   0: 0x80009634 (0x00000001) c.nop
core   0: 3 0x80009634 (0x0001)
core   0: 0x80009636 (0x000085a9) c.srai  a1, 10
core   0: 3 0x80009636 (0x85a9) x11 0xfffffffe
core   0: 0x80009638 (0x02dcc463) blt     s9, a3, pc + 40
core   0: 3 0x80009638 (0x02dcc463)
core   0: 0x80009660 (0x0063ceb3) xor     t4, t2, t1
core   0: 3 0x80009660 (0x0063ceb3) x29 0x00000001
core   0: 0x80009664 (0x0000c209) c.beqz  a2, pc + 2
core   0: 3 0x80009664 (0xc209)
core   0: 0x80009666 (0x65053693) sltiu   a3, a0, 1616
core   0: 3 0x80009666 (0x65053693) x13 0x00000000
core   0: 0x8000966a (0x0000717d) c.addi16sp sp, -16
core   0: 3 0x8000966a (0x717d) x 2 0x000000b0
core   0: 0x8000966c (0xde5e4593) xori    a1, t3, -539
core   0: 3 0x8000966c (0xde5e4593) x11 0xffff3de5
core   0: 0x80009670 (0x01b946b3) xor     a3, s2, s11
core   0: 3 0x80009670 (0x01b946b3) x13 0x00017000
core   0: 0x80009674 (0x02e88fb3) mul     t6, a7, a4
core   0: 3 0x80009674 (0x02e88fb3) x31 0x00000000
core   0: 0x80009678 (0x01fe06b3) add     a3, t3, t6
core   0: 3 0x80009678 (0x01fe06b3) x13 0x0000c000
core   0: 0x8000967c (0x000080a2) c.mv    ra, s0
core   0: 3 0x8000967c (0x80a2) x 1 0x001fffff
core   0: 0x8000967e (0x014b7433) and     s0, s6, s4
core   0: 3 0x8000967e (0x014b7433) x 8 0x00000000
core   0: 0x80009682 (0x0000100f) fence.i
core   0: 3 0x80009682 (0x0000100f)
core   0: 0x80009686 (0x00008c72) c.mv    s8, t3
core   0: 3 0x80009686 (0x8c72) x24 0x0000c000
core   0: 0x80009688 (0x00008db5) c.xor   a1, a3
core   0: 3 0x80009688 (0x8db5) x11 0xfffffde5
core   0: 0x8000968a (0x00f94963) blt     s2, a5, pc + 18
core   0: 3 0x8000968a (0x00f94963)
core   0: 0x8000968e (0x0000100f) fence.i
core   0: 3 0x8000968e (0x0000100f)
core   0: 0x80009692 (0x03d4a5b3) mulhsu  a1, s1, t4
core   0: 3 0x80009692 (0x03d4a5b3) x11 0xffffffff
core   0: 0x80009696 (0x000007fe) c.slli  a5, 31
core   0: 3 0x80009696 (0x07fe) x15 0x00000000
core   0: 0x80009698 (0xc6fa6117) auipc   sp, 0xc6fa6
core   0: 3 0x80009698 (0xc6fa6117) x 2 0x46faf698
core   0: 0x8000969c (0xe1d1cd13) xori    s10, gp, -483
core   0: 3 0x8000969c (0xe1d1cd13) x26 0xfffffe1d
core   0: 0x800096a0 (0x0000717d) c.addi16sp sp, -16
core   0: 3 0x800096a0 (0x717d) x 2 0x46faf688
core   0: 0x800096a2 (0x000000c6) c.slli  ra, 17
core   0: 3 0x800096a2 (0x00c6) x 1 0xfffe0000
core   0: 0x800096a4 (0x98a40093) addi    ra, s0, -1654
core   0: 3 0x800096a4 (0x98a40093) x 1 0xfffff98a
core   0: 0x800096a8 (0x00006b75) c.lui   s6, 0x1d
core   0: 3 0x800096a8 (0x6b75) x22 0x0001d000
core   0: 0x800096aa (0x03cb5e63) bge     s6, t3, pc + 60
core   0: 3 0x800096aa (0x03cb5e63)
core   0: 0x800096e6 (0x00009736) c.add   a4, a3
core   0: 3 0x800096e6 (0x9736) x14 0x0000c000
core   0: 0x800096e8 (0x46b2a993) slti    s3, t0, 1131
core   0: 3 0x800096e8 (0x46b2a993) x19 0x00000001
core   0: 0x800096ec (0x0000987d) c.andi  s0, -1
core   0: 3 0x800096ec (0x987d) x 8 0x00000000
core   0: 0x800096ee (0x002d8963) beq     s11, sp, pc + 18
core   0: 3 0x800096ee (0x002d8963)
core   0: 0x800096f2 (0x01d6b133) sltu    sp, a3, t4
core   0: 3 0x800096f2 (0x01d6b133) x 2 0x00000000
core   0: 0x800096f6 (0x0828fa93) andi    s5, a7, 130
core   0: 3 0x800096f6 (0x0828fa93) x21 0x00000082
core   0: 0x800096fa (0x01fd19b3) sll     s3, s10, t6
core   0: 3 0x800096fa (0x01fd19b3) x19 0xfffffe1d
core   0: 0x800096fe (0x00008465) c.srai  s0, 25
core   0: 3 0x800096fe (0x8465) x 8 0x00000000
core   0: 0x80009700 (0x00006165) c.addi16sp sp, 112
core   0: 3 0x80009700 (0x6165) x 2 0x00000070
core   0: 0x80009702 (0x01989593) slli    a1, a7, 25
core   0: 3 0x80009702 (0x01989593) x11 0x94000000
core   0: 0x80009706 (0x036c8233) mul     tp, s9, s6
core   0: 3 0x80009706 (0x036c8233) x 4 0x012eb000
core   0: 0x8000970a (0x0164f3b3) and     t2, s1, s6
core   0: 3 0x8000970a (0x0164f3b3) x 7 0x00009000
core   0: 0x8000970e (0x0356ec63) bltu    a3, s5, pc + 56
core   0: 3 0x8000970e (0x0356ec63)
core   0: 0x80009712 (0x0000695d) c.lui   s2, 0x17
core   0: 3 0x80009712 (0x695d) x18 0x00017000
core   0: 0x80009714 (0x029acc33) div     s8, s5, s1
core   0: 3 0x80009714 (0x029acc33) x24 0x00000000
core   0: 0x80009718 (0x02af8db3) mul     s11, t6, a0
core   0: 3 0x80009718 (0x02af8db3) x27 0x00000000
core   0: 0x8000971c (0x03d047b3) div     a5, zero, t4
core   0: 3 0x8000971c (0x03d047b3) x15 0x00000000
core   0: 0x80009720 (0x02c97363) bgeu    s2, a2, pc + 38
core   0: 3 0x80009720 (0x02c97363)
core   0: 0x80009746 (0x00008f1d) c.sub   a4, a5
core   0: 3 0x80009746 (0x8f1d) x14 0x0000c000
core   0: 0x80009748 (0x01d31263) bne     t1, t4, pc + 4
core   0: 3 0x80009748 (0x01d31263)
core   0: 0x8000974c (0x4060d633) sra     a2, ra, t1
core   0: 3 0x8000974c (0x4060d633) x12 0xfffff98a
core   0: 0x80009750 (0x2d75be37) lui     t3, 0x2d75b
core   0: 3 0x80009750 (0x2d75be37) x28 0x2d75b000
core   0: 0x80009754 (0x0000e70d) c.bnez  a4, pc + 42
core   0: 3 0x80009754 (0xe70d)
core   0: 0x8000977e (0x00008ee9) c.and   a3, a0
core   0: 3 0x8000977e (0x8ee9) x13 0x0000c000
core   0: 0x80009780 (0x00000001) c.nop
core   0: 3 0x80009780 (0x0001)
core   0: 0x80009782 (0x416edc13) srai    s8, t4, 22
core   0: 3 0x80009782 (0x416edc13) x24 0x00000000
core   0: 0x80009786 (0x8931bf13) sltiu   t5, gp, -1901
core   0: 3 0x80009786 (0x8931bf13) x30 0x00000001
core   0: 0x8000978a (0x00000001) c.nop
core   0: 3 0x8000978a (0x0001)
core   0: 0x8000978c (0x8f5c3317) auipc   t1, 0x8f5c3
core   0: 3 0x8000978c (0x8f5c3317) x 6 0x0f5cc78c
core   0: 0x80009790 (0x01892733) slt     a4, s2, s8
core   0: 3 0x80009790 (0x01892733) x14 0x00000000
core   0: 0x80009794 (0x410fdd13) srai    s10, t6, 16
core   0: 3 0x80009794 (0x410fdd13) x26 0x00000000
core   0: 0x80009798 (0x00008e1e) c.mv    t3, t2
core   0: 3 0x80009798 (0x8e1e) x28 0x00009000
core   0: 0x8000979a (0x0000717d) c.addi16sp sp, -16
core   0: 3 0x8000979a (0x717d) x 2 0x00000060
core   0: 0x8000979c (0x00000001) c.nop
core   0: 3 0x8000979c (0x0001)
core   0: 0x8000979e (0xeb907f93) andi    t6, zero, -327
core   0: 3 0x8000979e (0xeb907f93) x31 0x00000000
core   0: 0x800097a2 (0x00009b7d) c.andi  a4, -1
core   0: 3 0x800097a2 (0x9b7d) x14 0x00000000
core   0: 0x800097a4 (0x128b8913) addi    s2, s7, 296
core   0: 3 0x800097a4 (0x128b8913) x18 0x00000128
core   0: 0x800097a8 (0x000083d1) c.srli  a5, 20
core   0: 3 0x800097a8 (0x83d1) x15 0x00000000
core   0: 0x800097aa (0x00008342) c.mv    t1, a6
core   0: 3 0x800097aa (0x8342) x 6 0x80025e64
core   0: 0x800097ac (0x0101ff33) and     t5, gp, a6
core   0: 3 0x800097ac (0x0101ff33) x30 0x00000000
core   0: 0x800097b0 (0x006d1bb3) sll     s7, s10, t1
core   0: 3 0x800097b0 (0x006d1bb3) x23 0x00000000
core   0: 0x800097b4 (0x0000100f) fence.i
core   0: 3 0x800097b4 (0x0000100f)
core   0: 0x800097b8 (0x01f34eb3) xor     t4, t1, t6
core   0: 3 0x800097b8 (0x01f34eb3) x29 0x80025e64
core   0: 0x800097bc (0x0000597d) c.li    s2, -1
core   0: 3 0x800097bc (0x597d) x18 0xffffffff
core   0: 0x800097be (0x0299e933) rem     s2, s3, s1
core   0: 3 0x800097be (0x0299e933) x18 0xfffffe1d
core   0: 0x800097c2 (0x00000001) c.nop
core   0: 3 0x800097c2 (0x0001)
core   0: 0x800097c4 (0x013c5cb3) srl     s9, s8, s3
core   0: 3 0x800097c4 (0x013c5cb3) x25 0x00000000
core   0: 0x800097c8 (0x01801b13) slli    s6, zero, 24
core   0: 3 0x800097c8 (0x01801b13) x22 0x00000000
core   0: 0x800097cc (0x000083a1) c.srli  a5, 8
core   0: 3 0x800097cc (0x83a1) x15 0x00000000
core   0: 0x800097ce (0x3a4c3f37) lui     t5, 0x3a4c3
core   0: 3 0x800097ce (0x3a4c3f37) x30 0x3a4c3000
core   0: 0x800097d2 (0x007f9ab3) sll     s5, t6, t2
core   0: 3 0x800097d2 (0x007f9ab3) x21 0x00000000
core   0: 0x800097d6 (0x01ba9bb3) sll     s7, s5, s11
core   0: 3 0x800097d6 (0x01ba9bb3) x23 0x00000000
core   0: 0x800097da (0x017c9393) slli    t2, s9, 23
core   0: 3 0x800097da (0x017c9393) x 7 0x00000000
core   0: 0x800097de (0x00000580) c.addi4spn s0, sp, 704
core   0: 3 0x800097de (0x0580) x 8 0x00000320
core   0: 0x800097e0 (0x01445693) srli    a3, s0, 20
core   0: 3 0x800097e0 (0x01445693) x13 0x00000000
core   0: 0x800097e4 (0x00f5e763) bltu    a1, a5, pc + 14
core   0: 3 0x800097e4 (0x00f5e763)
core   0: 0x800097e8 (0x00009b7d) c.andi  a4, -1
core   0: 3 0x800097e8 (0x9b7d) x14 0x00000000
core   0: 0x800097ea (0x2108cf13) xori    t5, a7, 528
core   0: 3 0x800097ea (0x2108cf13) x30 0x000006da
core   0: 0x800097ee (0x031cf593) andi    a1, s9, 49
core   0: 3 0x800097ee (0x031cf593) x11 0x00000000
core   0: 0x800097f2 (0x03ab1bb3) mulh    s7, s6, s10
core   0: 3 0x800097f2 (0x03ab1bb3) x23 0x00000000
core   0: 0x800097f6 (0x007552b3) srl     t0, a0, t2
core   0: 3 0x800097f6 (0x007552b3) x 5 0xec94e000
core   0: 0x800097fa (0x00001f98) c.addi4spn a4, sp, 1008
core   0: 3 0x800097fa (0x1f98) x14 0x00000450
core   0: 0x800097fc (0x02092eb3) mulhsu  t4, s2, zero
core   0: 3 0x800097fc (0x02092eb3) x29 0x00000000
core   0: 0x80009800 (0xd20a0413) addi    s0, s4, -736
core   0: 3 0x80009800 (0xd20a0413) x 8 0x7ffffd20
core   0: 0x80009804 (0x0024e863) bltu    s1, sp, pc + 16
core   0: 3 0x80009804 (0x0024e863)
core   0: 0x80009808 (0x0000100f) fence.i
core   0: 3 0x80009808 (0x0000100f)
core   0: 0x8000980c (0x00000001) c.nop
core   0: 3 0x8000980c (0x0001)
core   0: 0x8000980e (0x0199d393) srli    t2, s3, 25
core   0: 3 0x8000980e (0x0199d393) x 7 0x0000007f
core   0: 0x80009812 (0x0000e99d) c.bnez  a1, pc + 54
core   0: 3 0x80009812 (0xe99d)
core   0: 0x80009814 (0x000005c9) c.addi  a1, 18
core   0: 3 0x80009814 (0x05c9) x11 0x00000012
core   0: 0x80009816 (0x0000953a) c.add   a0, a4
core   0: 3 0x80009816 (0x953a) x10 0xec94e450
core   0: 0x80009818 (0x0459bb13) sltiu   s6, s3, 69
core   0: 3 0x80009818 (0x0459bb13) x22 0x00000000
core   0: 0x8000981c (0x01d39c93) slli    s9, t2, 29
core   0: 3 0x8000981c (0x01d39c93) x25 0xe0000000
core   0: 0x80009820 (0x00009fde) c.add   t6, s7
core   0: 3 0x80009820 (0x9fde) x31 0x00000000
core   0: 0x80009822 (0x40d60b33) sub     s6, a2, a3
core   0: 3 0x80009822 (0x40d60b33) x22 0xfffff98a
core   0: 0x80009826 (0x00591433) sll     s0, s2, t0
core   0: 3 0x80009826 (0x00591433) x 8 0xfffffe1d
core   0: 0x8000982a (0xf3d053b7) lui     t2, 0xf3d05
core   0: 3 0x8000982a (0xf3d053b7) x 7 0xf3d05000
core   0: 0x8000982e (0x0045d463) bge     a1, tp, pc + 8
core   0: 3 0x8000982e (0x0045d463)
core   0: 0x80009832 (0x02b9c3b3) div     t2, s3, a1
core   0: 3 0x80009832 (0x02b9c3b3) x 7 0xffffffe6
core   0: 0x80009836 (0x02006f63) bltu    zero, zero, pc + 62
core   0: 3 0x80009836 (0x02006f63)
core   0: 0x8000983a (0x000c6463) bltu    s8, zero, pc + 8
core   0: 3 0x8000983a (0x000c6463)
core   0: 0x8000983e (0x01055263) bge     a0, a6, pc + 4
core   0: 3 0x8000983e (0x01055263)
core   0: 0x80009842 (0x04a17163) bgeu    sp, a0, pc + 66
core   0: 3 0x80009842 (0x04a17163)
core   0: 0x80009846 (0x0000e699) c.bnez  a3, pc + 14
core   0: 3 0x80009846 (0xe699)
core   0: 0x80009848 (0x4f923193) sltiu   gp, tp, 1273
core   0: 3 0x80009848 (0x4f923193) x 3 0x00000000
core   0: 0x8000984c (0x00cfb133) sltu    sp, t6, a2
core   0: 3 0x8000984c (0x00cfb133) x 2 0x00000001
core   0: 0x80009850 (0x02deeab3) rem     s5, t4, a3
core   0: 3 0x80009850 (0x02deeab3) x21 0x00000000
core   0: 0x80009854 (0x97326393) ori     t2, tp, -1677
core   0: 3 0x80009854 (0x97326393) x 7 0xfffff973
core   0: 0x80009858 (0x00000bcd) c.addi  s7, 19
core   0: 3 0x80009858 (0x0bcd) x23 0x00000013
core   0: 0x8000985a (0x7784c593) xori    a1, s1, 1912
core   0: 3 0x8000985a (0x7784c593) x11 0x80029b9c
core   0: 0x8000985e (0x02bd5c33) divu    s8, s10, a1
core   0: 3 0x8000985e (0x02bd5c33) x24 0x00000000
core   0: 0x80009862 (0x03ea43b3) div     t2, s4, t5
core   0: 3 0x80009862 (0x03ea43b3) x 7 0xffed5171
core   0: 0x80009866 (0x18ca47b7) lui     a5, 0x18ca4
core   0: 3 0x80009866 (0x18ca47b7) x15 0x18ca4000
core   0: 0x8000986a (0x00001c98) c.addi4spn a4, sp, 624
core   0: 3 0x8000986a (0x1c98) x14 0x00000271
core   0: 0x8000986c (0x01a241b3) xor     gp, tp, s10
core   0: 3 0x8000986c (0x01a241b3) x 3 0x012eb000
core   0: 0x80009870 (0xf29e2d93) slti    s11, t3, -215
core   0: 3 0x80009870 (0xf29e2d93) x27 0x00000000
core   0: 0x80009874 (0x00008c35) c.xor   s0, a3
core   0: 3 0x80009874 (0x8c35) x 8 0xfffffe1d
core   0: 0x80009876 (0x019438b3) sltu    a7, s0, s9
core   0: 3 0x80009876 (0x019438b3) x17 0x00000000
core   0: 0x8000987a (0x028dbeb3) mulhu   t4, s11, s0
core   0: 3 0x8000987a (0x028dbeb3) x29 0x00000000
core   0: 0x8000987e (0x0000c285) c.beqz  a3, pc + 32
core   0: 3 0x8000987e (0xc285)
core   0: 0x8000989e (0x003ac0b3) xor     ra, s5, gp
core   0: 3 0x8000989e (0x003ac0b3) x 1 0x012eb000
core   0: 0x800098a2 (0x00008db9) c.xor   a1, a4
core   0: 3 0x800098a2 (0x8db9) x11 0x800299ed
core   0: 0x800098a4 (0x00001d00) c.addi4spn s0, sp, 688
core   0: 3 0x800098a4 (0x1d00) x 8 0x000002b1
core   0: 0x800098a6 (0x0000e685) c.bnez  a3, pc + 40
core   0: 3 0x800098a6 (0xe685)
core   0: 0x800098a8 (0x00902b33) slt     s6, zero, s1
core   0: 3 0x800098a8 (0x00902b33) x22 0x00000000
core   0: 0x800098ac (0x02dc7fb3) remu    t6, s8, a3
core   0: 3 0x800098ac (0x02dc7fb3) x31 0x00000000
core   0: 0x800098b0 (0x021c1b63) bne     s8, ra, pc + 54
core   0: 3 0x800098b0 (0x021c1b63)
core   0: 0x800098e6 (0x00008eb9) c.xor   a3, a4
core   0: 3 0x800098e6 (0x8eb9) x13 0x00000271
core   0: 0x800098e8 (0x008ba933) slt     s2, s7, s0
core   0: 3 0x800098e8 (0x008ba933) x18 0x00000001
core   0: 0x800098ec (0x0ff0000f) fence   iorw,iorw
core   0: 3 0x800098ec (0x0ff0000f)
core   0: 0x800098f0 (0x3fa44713) xori    a4, s0, 1018
core   0: 3 0x800098f0 (0x3fa44713) x14 0x0000014b
core   0: 0x800098f4 (0x00008f3d) c.xor   a4, a5
core   0: 3 0x800098f4 (0x8f3d) x14 0x18ca414b
core   0: 0x800098f6 (0x00008756) c.mv    a4, s5
core   0: 3 0x800098f6 (0x8756) x14 0x00000000
core   0: 0x800098f8 (0x00751993) slli    s3, a0, 7
core   0: 3 0x800098f8 (0x00751993) x19 0x4a722800
core   0: 0x800098fc (0x01ae0133) add     sp, t3, s10
core   0: 3 0x800098fc (0x01ae0133) x 2 0x00009000
core   0: 0x80009900 (0x03896263) bltu    s2, s8, pc + 36
core   0: 3 0x80009900 (0x03896263)
core   0: 0x80009904 (0x03180363) beq     a6, a7, pc + 38
core   0: 3 0x80009904 (0x03180363)
core   0: 0x80009908 (0x000085ed) c.srai  a1, 27
core   0: 3 0x80009908 (0x85ed) x11 0xfffffff0
core   0: 0x8000990a (0x03487f33) remu    t5, a6, s4
core   0: 3 0x8000990a (0x03487f33) x30 0x00025e64
core   0: 0x8000990e (0xa7adb093) sltiu   ra, s11, -1414
core   0: 3 0x8000990e (0xa7adb093) x 1 0x00000001
core   0: 0x80009912 (0x02b3bc33) mulhu   s8, t2, a1
core   0: 3 0x80009912 (0x02b3bc33) x24 0xffed5161
core   0: 0x80009916 (0x00008f2e) c.mv    t5, a1
core   0: 3 0x80009916 (0x8f2e) x30 0xfffffff0
core   0: 0x80009918 (0xfd41b713) sltiu   a4, gp, -44
core   0: 3 0x80009918 (0xfd41b713) x14 0x00000001
core   0: 0x8000991c (0x01280a63) beq     a6, s2, pc + 20
core   0: 3 0x8000991c (0x01280a63)
core   0: 0x80009920 (0x00001208) c.addi4spn a0, sp, 288
core   0: 3 0x80009920 (0x1208) x10 0x00009120
core   0: 0x80009922 (0x0000c289) c.beqz  a3, pc + 2
core   0: 3 0x80009922 (0xc289)
core   0: 0x80009924 (0x7a423513) sltiu   a0, tp, 1956
core   0: 3 0x80009924 (0x7a423513) x10 0x00000000
core   0: 0x80009928 (0x00008e59) c.or    a2, a4
core   0: 3 0x80009928 (0x8e59) x12 0xfffff98b
core   0: 0x8000992a (0x1300c163) blt     ra, a6, pc + 290
core   0: 3 0x8000992a (0x1300c163)
core   0: 0x8000992e (0x00008162) c.mv    sp, s8
core   0: 3 0x8000992e (0x8162) x 2 0xffed5161
core   0: 0x80009930 (0x034123b3) mulhsu  t2, sp, s4
core   0: 3 0x80009930 (0x034123b3) x 7 0xfff6a8b0
core   0: 0x80009934 (0x00011117) auipc   sp, 0x11
core   0: 3 0x80009934 (0x00011117) x 2 0x8001a934
core   0: 0x80009938 (0x7f410113) addi    sp, sp, 2036
core   0: 3 0x80009938 (0x7f410113) x 2 0x8001b128
core   0: 0x8000993c (0xfc310e03) lb      t3, -61(sp)
core   0: 3 0x8000993c (0xfc310e03) x28 0xffffffa0 mem 0x8001b0eb
core   0: 0x80009940 (0x00000001) c.nop
core   0: 3 0x80009940 (0x0001)
core   0: 0x80009942 (0x411f82b3) sub     t0, t6, a7
core   0: 3 0x80009942 (0x411f82b3) x 5 0x00000000
core   0: 0x80009946 (0x02310633) mul     a2, sp, gp
core   0: 3 0x80009946 (0x02310633) x12 0x26fb8000
core   0: 0x8000994a (0xffb10303) lb      t1, -5(sp)
core   0: 3 0x8000994a (0xffb10303) x 6 0xffffffe6 mem 0x8001b123
core   0: 0x8000994e (0x00004c22) c.lwsp  s8, 8(sp)
core   0: 3 0x8000994e (0x4c22) x24 0x8be9dbce mem 0x8001b130
core   0: 0x80009950 (0x00f81db3) sll     s11, a6, a5
core   0: 3 0x80009950 (0x00f81db3) x27 0x80025e64
core   0: 0x80009954 (0xfe914f03) lbu     t5, -23(sp)
core   0: 3 0x80009954 (0xfe914f03) x30 0x0000002e mem 0x8001b111
core   0: 0x80009958 (0xfcb107a3) sb      a1, -49(sp)
core   0: 3 0x80009958 (0xfcb107a3) mem 0x8001b0f7 0xf0
core   0: 0x8000995c (0x02610da3) sb      t1, 59(sp)
core   0: 3 0x8000995c (0x02610da3) mem 0x8001b163 0xe6
core   0: 0x80009960 (0x12c246b7) lui     a3, 0x12c24
core   0: 3 0x80009960 (0x12c246b7) x13 0x12c24000
core   0: 0x80009964 (0x00005ed2) c.lwsp  t4, 52(sp)
core   0: 3 0x80009964 (0x5ed2) x29 0xf57f9b6e mem 0x8001b15c
core   0: 0x80009966 (0x01e15b83) lhu     s7, 30(sp)
core   0: 3 0x80009966 (0x01e15b83) x23 0x00003b4e mem 0x8001b146
core   0: 0x8000996a (0xfe7109a3) sb      t2, -13(sp)
core   0: 3 0x8000996a (0xfe7109a3) mem 0x8001b11b 0xb0
core   0: 0x8000996e (0xff314883) lbu     a7, -13(sp)
core   0: 3 0x8000996e (0xff314883) x17 0x000000b0 mem 0x8001b11b
core   0: 0x80009972 (0x0000100f) fence.i
core   0: 3 0x80009972 (0x0000100f)
core   0: 0x80009976 (0xfdd10123) sb      t4, -62(sp)
core   0: 3 0x80009976 (0xfdd10123) mem 0x8001b0ea 0x6e
core   0: 0x8000997a (0xffe14583) lbu     a1, -2(sp)
core   0: 3 0x8000997a (0xffe14583) x11 0x000000bb mem 0x8001b126
core   0: 0x8000997e (0xfeb109a3) sb      a1, -13(sp)
core   0: 3 0x8000997e (0xfeb109a3) mem 0x8001b11b 0xbb
core   0: 0x80009982 (0x00008b32) c.mv    s6, a2
core   0: 3 0x80009982 (0x8b32) x22 0x26fb8000
core   0: 0x80009984 (0xfc0107a3) sb      zero, -49(sp)
core   0: 3 0x80009984 (0xfc0107a3) mem 0x8001b0f7 0x0
core   0: 0x80009988 (0x2d418793) addi    a5, gp, 724
core   0: 3 0x80009988 (0x2d418793) x15 0x012eb2d4
core   0: 0x8000998c (0xfc111123) sh      ra, -62(sp)
core   0: 3 0x8000998c (0xfc111123) mem 0x8001b0ea 0x0001
core   0: 0x80009990 (0x01914f03) lbu     t5, 25(sp)
core   0: 3 0x80009990 (0x01914f03) x30 0x00000041 mem 0x8001b141
core   0: 0x80009994 (0x01215b33) srl     s6, sp, s2
core   0: 3 0x80009994 (0x01215b33) x22 0x4000d894
core   0: 0x80009998 (0x40d35313) srai    t1, t1, 13
core   0: 3 0x80009998 (0x40d35313) x 6 0xffffffff
core   0: 0x8000999c (0x00000001) c.nop
core   0: 3 0x8000999c (0x0001)
core   0: 0x8000999e (0x034ee0b3) rem     ra, t4, s4
core   0: 3 0x8000999e (0x034ee0b3) x 1 0xf57f9b6e
core   0: 0x800099a2 (0x3ae24993) xori    s3, tp, 942
core   0: 3 0x800099a2 (0x3ae24993) x19 0x012eb3ae
core   0: 0x800099a6 (0x0000cc3a) c.swsp  a4, 24(sp)
core   0: 3 0x800099a6 (0xcc3a) mem 0x8001b140 0x00000001
core   0: 0x800099a8 (0xfea15903) lhu     s2, -22(sp)
core   0: 3 0x800099a8 (0xfea15903) x18 0x00005b07 mem 0x8001b112
core   0: 0x800099ac (0x000048d2) c.lwsp  a7, 20(sp)
core   0: 3 0x800099ac (0x48d2) x17 0x77e8aa29 mem 0x8001b13c
core   0: 0x800099ae (0xfd514083) lbu     ra, -43(sp)
core   0: 3 0x800099ae (0xfd514083) x 1 0x0000006a mem 0x8001b0fd
core   0: 0x800099b2 (0x00e15083) lhu     ra, 14(sp)
core   0: 3 0x800099b2 (0x00e15083) x 1 0x0000d7c3 mem 0x8001b136
core   0: 0x800099b6 (0x66816013) ori     zero, sp, 1640
core   0: 3 0x800099b6 (0x66816013)
core   0: 0x800099ba (0xe3ce0413) addi    s0, t3, -452
core   0: 3 0x800099ba (0xe3ce0413) x 8 0xfffffddc
core   0: 0x800099be (0x21666513) ori     a0, a2, 534
core   0: 3 0x800099be (0x21666513) x10 0x26fb8216
core   0: 0x800099c2 (0x00007097) auipc   ra, 0x7
core   0: 3 0x800099c2 (0x00007097) x 1 0x800109c2
core   0: 0x800099c6 (0x97208093) addi    ra, ra, -1678
core   0: 3 0x800099c6 (0x97208093) x 1 0x80010334
core   0: 0x800099ca (0x0d20d003) lhu     zero, 210(ra)
core   0: 3 0x800099ca (0x0d20d003) mem 0x80010406
core   0: 0x800099ce (0x0d20dd83) lhu     s11, 210(ra)
core   0: 3 0x800099ce (0x0d20dd83) x27 0x0000007d mem 0x80010406
core   0: 0x800099d2 (0x0c808923) sb      s0, 210(ra)
core   0: 3 0x800099d2 (0x0c808923) mem 0x80010406 0xdc
core   0: 0x800099d6 (0x0d20d183) lhu     gp, 210(ra)
core   0: 3 0x800099d6 (0x0d20d183) x 3 0x000000dc mem 0x80010406
core   0: 0x800099da (0x0d20cb03) lbu     s6, 210(ra)
core   0: 3 0x800099da (0x0d20cb03) x22 0x000000dc mem 0x80010406
core   0: 0x800099de (0x0d20c883) lbu     a7, 210(ra)
core   0: 3 0x800099de (0x0d20c883) x17 0x000000dc mem 0x80010406
core   0: 0x800099e2 (0x0c009923) sh      zero, 210(ra)
core   0: 3 0x800099e2 (0x0c009923) mem 0x80010406 0x0000
core   0: 0x800099e6 (0x0d308923) sb      s3, 210(ra)
core   0: 3 0x800099e6 (0x0d308923) mem 0x80010406 0xae
core   0: 0x800099ea (0x0d209183) lh      gp, 210(ra)
core   0: 3 0x800099ea (0x0d209183) x 3 0x000000ae mem 0x80010406
core   0: 0x800099ee (0x0d209903) lh      s2, 210(ra)
core   0: 3 0x800099ee (0x0d209903) x18 0x000000ae mem 0x80010406
core   0: 0x800099f2 (0x0ff0000f) fence   iorw,iorw
core   0: 3 0x800099f2 (0x0ff0000f)
core   0: 0x800099f6 (0x0d208d83) lb      s11, 210(ra)
core   0: 3 0x800099f6 (0x0d208d83) x27 0xffffffae mem 0x80010406
core   0: 0x800099fa (0xa862ac93) slti    s9, t0, -1402
core   0: 3 0x800099fa (0xa862ac93) x25 0x00000000
core   0: 0x800099fe (0x0d209103) lh      sp, 210(ra)
core   0: 3 0x800099fe (0x0d209103) x 2 0x000000ae mem 0x80010406
core   0: 0x80009a02 (0x0d209f03) lh      t5, 210(ra)
core   0: 3 0x80009a02 (0x0d209f03) x30 0x000000ae mem 0x80010406
core   0: 0x80009a06 (0x0c009923) sh      zero, 210(ra)
core   0: 3 0x80009a06 (0x0c009923) mem 0x80010406 0x0000
core   0: 0x80009a0a (0x0d20c283) lbu     t0, 210(ra)
core   0: 3 0x80009a0a (0x0d20c283) x 5 0x00000000 mem 0x80010406
core   0: 0x80009a0e (0x0d20d103) lhu     sp, 210(ra)
core   0: 3 0x80009a0e (0x0d20d103) x 2 0x00000000 mem 0x80010406
core   0: 0x80009a12 (0x0d208d83) lb      s11, 210(ra)
core   0: 3 0x80009a12 (0x0d208d83) x27 0x00000000 mem 0x80010406
core   0: 0x80009a16 (0x0d20c183) lbu     gp, 210(ra)
core   0: 3 0x80009a16 (0x0d20c183) x 3 0x00000000 mem 0x80010406
core   0: 0x80009a1a (0x0d20c503) lbu     a0, 210(ra)
core   0: 3 0x80009a1a (0x0d20c503) x10 0x00000000 mem 0x80010406
core   0: 0x80009a1e (0x0d20c383) lbu     t2, 210(ra)
core   0: 3 0x80009a1e (0x0d20c383) x 7 0x00000000 mem 0x80010406
core   0: 0x80009a22 (0x9b573b93) sltiu   s7, a4, -1611
core   0: 3 0x80009a22 (0x9b573b93) x23 0x00000001
core   0: 0x80009a26 (0x03f790b3) mulh    ra, a5, t6
core   0: 3 0x80009a26 (0x03f790b3) x 1 0x00000000
core   0: 0x80009a2a (0x039ae5b3) rem     a1, s5, s9
core   0: 3 0x80009a2a (0x039ae5b3) x11 0x00000000
core   0: 0x80009a2e (0x01c1ecb3) or      s9, gp, t3
core   0: 3 0x80009a2e (0x01c1ecb3) x25 0xffffffa0
core   0: 0x80009a32 (0x0fb64713) xori    a4, a2, 251
core   0: 3 0x80009a32 (0x0fb64713) x14 0x26fb80fb
core   0: 0x80009a36 (0x00006145) c.addi16sp sp, 48
core   0: 3 0x80009a36 (0x6145) x 2 0x00000030
core   0: 0x80009a38 (0x0ff0000f) fence   iorw,iorw
core   0: 3 0x80009a38 (0x0ff0000f)
core   0: 0x80009a3c (0x02c5b7b3) mulhu   a5, a1, a2
core   0: 3 0x80009a3c (0x02c5b7b3) x15 0x00000000
core   0: 0x80009a40 (0x412703b3) sub     t2, a4, s2
core   0: 3 0x80009a40 (0x412703b3) x 7 0x26fb804d
core   0: 0x80009a44 (0x67afbc93) sltiu   s9, t6, 1658
core   0: 3 0x80009a44 (0x67afbc93) x25 0x00000001
core   0: 0x80009a48 (0x0000693d) c.lui   s2, 0xf
core   0: 3 0x80009a48 (0x693d) x18 0x0000f000
core   0: 0x80009a4a (0x00008eb9) c.xor   a3, a4
core   0: 3 0x80009a4a (0x8eb9) x13 0x3439c0fb
core   0: 0x80009a4c (0x002b38b3) sltu    a7, s6, sp
core   0: 3 0x80009a4c (0x002b38b3) x17 0x00000000
core   0: 0x80009a50 (0x40675c93) srai    s9, a4, 6
core   0: 3 0x80009a50 (0x40675c93) x25 0x009bee03
core   0: 0x80009a54 (0x03f553b3) divu    t2, a0, t6
core   0: 3 0x80009a54 (0x03f553b3) x 7 0xffffffff
core   0: 0x80009a58 (0x02e18133) mul     sp, gp, a4
core   0: 3 0x80009a58 (0x02e18133) x 2 0x00000000
core   0: 0x80009a5c (0x419451b3) sra     gp, s0, s9
core   0: 3 0x80009a5c (0x419451b3) x 3 0xffffffbb
core   0: 0x80009a60 (0x01249e33) sll     t3, s1, s2
core   0: 3 0x80009a60 (0x01249e33) x28 0x80029ce4
core   0: 0x80009a64 (0x00008af9) c.andi  a3, 30
core   0: 3 0x80009a64 (0x8af9) x13 0x0000001a
core   0: 0x80009a66 (0x00008dc1) c.or    a1, s0
core   0: 3 0x80009a66 (0x8dc1) x11 0xfffffddc
core   0: 0x80009a68 (0x0000eb05) c.bnez  a4, pc + 48
core   0: 3 0x80009a68 (0xeb05)
core   0: 0x80009a98 (0x00008ad5) c.andi  a3, 21
core   0: 3 0x80009a98 (0x8ad5) x13 0x00000010
core   0: 0x80009a9a (0x0028eb33) or      s6, a7, sp
core   0: 3 0x80009a9a (0x0028eb33) x22 0x00000000
core   0: 0x80009a9e (0x00bfdab3) srl     s5, t6, a1
core   0: 3 0x80009a9e (0x00bfdab3) x21 0x00000000
core   0: 0x80009aa2 (0x02a8b6b3) mulhu   a3, a7, a0
core   0: 3 0x80009aa2 (0x02a8b6b3) x13 0x00000000
core   0: 0x80009aa6 (0x0393ec63) bltu    t2, s9, pc + 56
core   0: 3 0x80009aa6 (0x0393ec63)
core   0: 0x80009aaa (0x00008d6a) c.mv    s10, s10
core   0: 3 0x80009aaa (0x8d6a) x26 0x00000000
core   0: 0x80009aac (0x00008d85) c.sub   a1, s1
core   0: 3 0x80009aac (0x8d85) x11 0x7ffd60f8
core   0: 0x80009aae (0x99b5b693) sltiu   a3, a1, -1637
core   0: 3 0x80009aae (0x99b5b693) x13 0x00000001
core   0: 0x80009ab2 (0x0000100f) fence.i
core   0: 3 0x80009ab2 (0x0000100f)
core   0: 0x80009ab6 (0x407f0533) sub     a0, t5, t2
core   0: 3 0x80009ab6 (0x407f0533) x10 0x000000af
core   0: 0x80009aba (0x012245b3) xor     a1, tp, s2
core   0: 3 0x80009aba (0x012245b3) x11 0x012e4000
core   0: 0x80009abe (0x008a7733) and     a4, s4, s0
core   0: 3 0x80009abe (0x008a7733) x14 0x80000000
core   0: 0x80009ac2 (0x00766263) bltu    a2, t2, pc + 4
core   0: 3 0x80009ac2 (0x00766263)
core   0: 0x80009ac6 (0x0116a133) slt     sp, a3, a7
core   0: 3 0x80009ac6 (0x0116a133) x 2 0x00000000
core   0: 0x80009aca (0x53874693) xori    a3, a4, 1336
core   0: 3 0x80009aca (0x53874693) x13 0x80000538
core   0: 0x80009ace (0x0000100f) fence.i
core   0: 3 0x80009ace (0x0000100f)
core   0: 0x80009ad2 (0x0000c2a1) c.beqz  a3, pc + 64
core   0: 3 0x80009ad2 (0xc2a1)
core   0: 0x80009ad4 (0x02511b63) bne     sp, t0, pc + 54
core   0: 3 0x80009ad4 (0x02511b63)
core   0: 0x80009ad8 (0x0000e109) c.bnez  a0, pc + 2
core   0: 3 0x80009ad8 (0xe109)
core   0: 0x80009ada (0x7fca3293) sltiu   t0, s4, 2044
core   0: 3 0x80009ada (0x7fca3293) x 5 0x00000000
core   0: 0x80009ade (0x00da4f63) blt     s4, a3, pc + 30
core   0: 3 0x80009ade (0x00da4f63)
core   0: 0x80009afc (0xf1d6b093) sltiu   ra, a3, -227
core   0: 3 0x80009afc (0xf1d6b093) x 1 0x00000001
core   0: 0x80009b00 (0x02126e63) bltu    tp, ra, pc + 60
core   0: 3 0x80009b00 (0x02126e63)
core   0: 0x80009b04 (0x00000001) c.nop
core   0: 3 0x80009b04 (0x0001)
core   0: 0x80009b06 (0x0104e133) or      sp, s1, a6
core   0: 3 0x80009b06 (0x0104e133) x 2 0x8002dee4
core   0: 0x80009b0a (0x003472b3) and     t0, s0, gp
core   0: 3 0x80009b0a (0x003472b3) x 5 0xfffffd98
core   0: 0x80009b0e (0x012dff33) and     t5, s11, s2
core   0: 3 0x80009b0e (0x012dff33) x30 0x00000000
core   0: 0x80009b12 (0x0000100f) fence.i
core   0: 3 0x80009b12 (0x0000100f)
core   0: 0x80009b16 (0x00000001) c.nop
core   0: 3 0x80009b16 (0x0001)
core   0: 0x80009b18 (0x03ceb5b3) mulhu   a1, t4, t3
core   0: 3 0x80009b18 (0x03ceb5b3) x11 0x7ac24f2a
core   0: 0x80009b1c (0x00004d59) c.li    s10, 22
core   0: 3 0x80009b1c (0x4d59) x26 0x00000016
core   0: 0x80009b1e (0x000063cd) c.lui   t2, 0x13
core   0: 3 0x80009b1e (0x63cd) x 7 0x00013000
core   0: 0x80009b20 (0x68234a97) auipc   s5, 0x68234
core   0: 3 0x80009b20 (0x68234a97) x21 0xe823db20
core   0: 0x80009b24 (0x00f69fb3) sll     t6, a3, a5
core   0: 3 0x80009b24 (0x00f69fb3) x31 0x80000538
core   0: 0x80009b28 (0x00008f86) c.mv    t6, ra
core   0: 3 0x80009b28 (0x8f86) x31 0x00000001
core   0: 0x80009b2a (0x020a7563) bgeu    s4, zero, pc + 42
core   0: 3 0x80009b2a (0x020a7563)
core   0: 0x80009b54 (0x000050fd) c.li    ra, -1
core   0: 3 0x80009b54 (0x50fd) x 1 0xffffffff
core   0: 0x80009b56 (0x6b29c713) xori    a4, s3, 1714
core   0: 3 0x80009b56 (0x6b29c713) x14 0x012eb51c
core   0: 0x80009b5a (0x00008119) c.srli  a0, 6
core   0: 3 0x80009b5a (0x8119) x10 0x00000002
core   0: 0x80009b5c (0x00008632) c.mv    a2, a2
core   0: 3 0x80009b5c (0x8632) x12 0x26fb8000
core   0: 0x80009b5e (0x00755713) srli    a4, a0, 7
core   0: 3 0x80009b5e (0x00755713) x14 0x00000000
core   0: 0x80009b62 (0x8630f217) auipc   tp, 0x8630f
core   0: 3 0x80009b62 (0x8630f217) x 4 0x06318b62
core   0: 0x80009b66 (0x02231633) mulh    a2, t1, sp
core   0: 3 0x80009b66 (0x02231633) x12 0x00000000
core   0: 0x80009b6a (0x40058d33) sub     s10, a1, zero
core   0: 3 0x80009b6a (0x40058d33) x26 0x7ac24f2a
core   0: 0x80009b6e (0x00008af9) c.andi  a3, 30
core   0: 3 0x80009b6e (0x8af9) x13 0x00000018
core   0: 0x80009b70 (0x000086e5) c.srai  a3, 25
core   0: 3 0x80009b70 (0x86e5) x13 0x00000000
core   0: 0x80009b72 (0x01015eb3) srl     t4, sp, a6
core   0: 3 0x80009b72 (0x01015eb3) x29 0x08002dee
core   0: 0x80009b76 (0x9cb52393) slti    t2, a0, -1589
core   0: 3 0x80009b76 (0x9cb52393) x 7 0x00000000
core   0: 0x80009b7a (0x0000e01d) c.bnez  s0, pc + 38
core   0: 3 0x80009b7a (0xe01d)
core   0: 0x80009ba0 (0x009f4963) blt     t5, s1, pc + 18
core   0: 3 0x80009ba0 (0x009f4963)
core   0: 0x80009ba4 (0x00001e7d) c.addi  t3, -1
core   0: 3 0x80009ba4 (0x1e7d) x28 0x80029ce3
core   0: 0x80009ba6 (0x0073edb3) or      s11, t2, t2
core   0: 3 0x80009ba6 (0x0073edb3) x27 0x00000000
core   0: 0x80009baa (0xe0c52937) lui     s2, 0xe0c52
core   0: 3 0x80009baa (0xe0c52937) x18 0xe0c52000
core   0: 0x80009bae (0x01ab98b3) sll     a7, s7, s10
core   0: 3 0x80009bae (0x01ab98b3) x17 0x00000400
core   0: 0x80009bb2 (0x0ff0000f) fence   iorw,iorw
core   0: 3 0x80009bb2 (0x0ff0000f)
core   0: 0x80009bb6 (0x00009ad2) c.add   s5, s4
core   0: 3 0x80009bb6 (0x9ad2) x21 0x6823db20
core   0: 0x80009bb8 (0x38e5e237) lui     tp, 0x38e5e
core   0: 3 0x80009bb8 (0x38e5e237) x 4 0x38e5e000
core   0: 0x80009bbc (0x00000001) c.nop
core   0: 3 0x80009bbc (0x0001)
core   0: 0x80009bbe (0x018d6033) or      zero, s10, s8
core   0: 3 0x80009bbe (0x018d6033)
core   0: 0x80009bc2 (0xd288e093) ori     ra, a7, -728
core   0: 3 0x80009bc2 (0xd288e093) x 1 0xfffffd28
core   0: 0x80009bc6 (0x00008449) c.srai  s0, 18
core   0: 3 0x80009bc6 (0x8449) x 8 0xffffffff
core   0: 0x80009bc8 (0x01fa6263) bltu    s4, t6, pc + 4
core   0: 3 0x80009bc8 (0x01fa6263)
core   0: 0x80009bcc (0x0217b8b3) mulhu   a7, a5, ra
core   0: 3 0x80009bcc (0x0217b8b3) x17 0x00000000
core   0: 0x80009bd0 (0x02f76433) rem     s0, a4, a5
core   0: 3 0x80009bd0 (0x02f76433) x 8 0x00000000
core   0: 0x80009bd4 (0xc9a93eb7) lui     t4, 0xc9a93
core   0: 3 0x80009bd4 (0xc9a93eb7) x29 0xc9a93000
core   0: 0x80009bd8 (0xd58b2c13) slti    s8, s6, -680
core   0: 3 0x80009bd8 (0xd58b2c13) x24 0x00000000
core   0: 0x80009bdc (0x403458b3) sra     a7, s0, gp
core   0: 3 0x80009bdc (0x403458b3) x17 0x00000000
core   0: 0x80009be0 (0x035c7e63) bgeu    s8, s5, pc + 60
core   0: 3 0x80009be0 (0x035c7e63)
core   0: 0x80009be4 (0x02d67f33) remu    t5, a2, a3
core   0: 3 0x80009be4 (0x02d67f33) x30 0x00000000
core   0: 0x80009be8 (0x03b19bb3) mulh    s7, gp, s11
core   0: 3 0x80009be8 (0x03b19bb3) x23 0x00000000
core   0: 0x80009bec (0x410edb13) srai    s6, t4, 16
core   0: 3 0x80009bec (0x410edb13) x22 0xffffc9a9
core   0: 0x80009bf0 (0x00008e79) c.and   a2, a4
core   0: 3 0x80009bf0 (0x8e79) x12 0x00000000
core   0: 0x80009bf2 (0x022d4033) div     zero, s10, sp
core   0: 3 0x80009bf2 (0x022d4033)
core   0: 0x80009bf6 (0x00008541) c.srai  a0, 16
core   0: 3 0x80009bf6 (0x8541) x10 0x00000000
core   0: 0x80009bf8 (0x1eedb113) sltiu   sp, s11, 494
core   0: 3 0x80009bf8 (0x1eedb113) x 2 0x00000001
core   0: 0x80009bfc (0x020bd363) bgez    s7, pc + 38
core   0: 3 0x80009bfc (0x020bd363)
core   0: 0x80009c22 (0x005f9d13) slli    s10, t6, 5
core   0: 3 0x80009c22 (0x005f9d13) x26 0x00000020
core   0: 0x80009c26 (0x03ad19b3) mulh    s3, s10, s10
core   0: 3 0x80009c26 (0x03ad19b3) x19 0x00000000
core   0: 0x80009c2a (0x00d2db33) srl     s6, t0, a3
core   0: 3 0x80009c2a (0x00d2db33) x22 0xfffffd98
core   0: 0x80009c2e (0x0334cfb3) div     t6, s1, s3
core   0: 3 0x80009c2e (0x0334cfb3) x31 0xffffffff
core   0: 0x80009c32 (0x027b2033) mulhsu  zero, s6, t2
core   0: 3 0x80009c32 (0x027b2033)
core   0: 0x80009c36 (0x01801bb3) sll     s7, zero, s8
core   0: 3 0x80009c36 (0x01801bb3) x23 0x00000000
core   0: 0x80009c3a (0x004f6cb3) or      s9, t5, tp
core   0: 3 0x80009c3a (0x004f6cb3) x25 0x38e5e000
core   0: 0x80009c3e (0x0000998a) c.add   s3, sp
core   0: 3 0x80009c3e (0x998a) x19 0x00000001
core   0: 0x80009c40 (0x01569bb3) sll     s7, a3, s5
core   0: 3 0x80009c40 (0x01569bb3) x23 0x00000000
core   0: 0x80009c44 (0x0000ed85) c.bnez  a1, pc + 56
core   0: 3 0x80009c44 (0xed85)
core   0: 0x80009c7c (0x0213c8b3) div     a7, t2, ra
core   0: 3 0x80009c7c (0x0213c8b3) x17 0x00000000
core   0: 0x80009c80 (0x01d8ebb3) or      s7, a7, t4
core   0: 3 0x80009c80 (0x01d8ebb3) x23 0xc9a93000
core   0: 0x80009c84 (0x00e0d713) srli    a4, ra, 14
core   0: 3 0x80009c84 (0x00e0d713) x14 0x0003ffff
core   0: 0x80009c88 (0x0000717d) c.addi16sp sp, -16
core   0: 3 0x80009c88 (0x717d) x 2 0xfffffff1
core   0: 0x80009c8a (0x95438c93) addi    s9, t2, -1708
core   0: 3 0x80009c8a (0x95438c93) x25 0xfffff954
core   0: 0x80009c8e (0x01c86263) bltu    a6, t3, pc + 4
core   0: 3 0x80009c8e (0x01c86263)
core   0: 0x80009c92 (0x5703ef13) ori     t5, t2, 1392
core   0: 3 0x80009c92 (0x5703ef13) x30 0x00000570
core   0: 0x80009c96 (0x0178d263) bge     a7, s7, pc + 4
core   0: 3 0x80009c96 (0x0178d263)
core   0: 0x80009c9a (0x0187d763) bge     a5, s8, pc + 14
core   0: 3 0x80009c9a (0x0187d763)
core   0: 0x80009ca8 (0x0000717d) c.addi16sp sp, -16
core   0: 3 0x80009ca8 (0x717d) x 2 0xffffffe1
core   0: 0x80009caa (0x005250b3) srl     ra, tp, t0
core   0: 3 0x80009caa (0x005250b3) x 1 0x00000038
core   0: 0x80009cae (0x03ea8033) mul     zero, s5, t5
core   0: 3 0x80009cae (0x03ea8033)
core   0: 0x80009cb2 (0x1bd33993) sltiu   s3, t1, 445
core   0: 3 0x80009cb2 (0x1bd33993) x19 0x00000000
core   0: 0x80009cb6 (0x0000092a) c.slli  s2, 10
core   0: 3 0x80009cb6 (0x092a) x18 0x14800000
core   0: 0x80009cb8 (0x00009742) c.add   a4, a6
core   0: 3 0x80009cb8 (0x9742) x14 0x80065e63
core   0: 0x80009cba (0x00008de9) c.and   a1, a0
core   0: 3 0x80009cba (0x8de9) x11 0x00000000
core   0: 0x80009cbc (0x000088ca) c.mv    a7, s2
core   0: 3 0x80009cbc (0x88ca) x17 0x14800000
core   0: 0x80009cbe (0x000083e9) c.srli  a5, 26
core   0: 3 0x80009cbe (0x83e9) x15 0x00000000
core   0: 0x80009cc0 (0x0045e463) bltu    a1, tp, pc + 8
core   0: 3 0x80009cc0 (0x0045e463)
core   0: 0x80009cc8 (0x03163133) mulhu   sp, a2, a7
core   0: 3 0x80009cc8 (0x03163133) x 2 0x00000000
core   0: 0x80009ccc (0x00008c65) c.and   s0, s1
core   0: 3 0x80009ccc (0x8c65) x 8 0x00000000
core   0: 0x80009cce (0x00008d31) c.xor   a0, a2
core   0: 3 0x80009cce (0x8d31) x10 0x00000000
core   0: 0x80009cd0 (0x413d5b13) srai    s6, s10, 19
core   0: 3 0x80009cd0 (0x413d5b13) x22 0x00000000
core   0: 0x80009cd4 (0x00008f1d) c.sub   a4, a5
core   0: 3 0x80009cd4 (0x8f1d) x14 0x80065e63
core   0: 0x80009cd6 (0x00009bca) c.add   s7, s2
core   0: 3 0x80009cd6 (0x9bca) x23 0xde293000
core   0: 0x80009cd8 (0x012cd313) srli    t1, s9, 18
core   0: 3 0x80009cd8 (0x012cd313) x 6 0x00003fff
core   0: 0x80009cdc (0x00008aa1) c.andi  a3, 8
core   0: 3 0x80009cdc (0x8aa1) x13 0x00000000
core   0: 0x80009cde (0x24d548b7) lui     a7, 0x24d54
core   0: 3 0x80009cde (0x24d548b7) x17 0x24d54000
core   0: 0x80009ce2 (0x00000001) c.nop
core   0: 3 0x80009ce2 (0x0001)
core   0: 0x80009ce4 (0x00008421) c.srai  s0, 8
core   0: 3 0x80009ce4 (0x8421) x 8 0x00000000
core   0: 0x80009ce6 (0x003f5013) srli    zero, t5, 3
core   0: 3 0x80009ce6 (0x003f5013)
core   0: 0x80009cea (0x02bad433) divu    s0, s5, a1
core   0: 3 0x80009cea (0x02bad433) x 8 0xffffffff
core   0: 0x80009cee (0x0000e199) c.bnez  a1, pc + 6
core   0: 3 0x80009cee (0xe199)
core   0: 0x80009cf0 (0x007398b3) sll     a7, t2, t2
core   0: 3 0x80009cf0 (0x007398b3) x17 0x00000000
core   0: 0x80009cf4 (0x01dfdd93) srli    s11, t6, 29
core   0: 3 0x80009cf4 (0x01dfdd93) x27 0x00000007
core   0: 0x80009cf8 (0x00006191) c.lui   gp, 0x4
core   0: 3 0x80009cf8 (0x6191) x 3 0x00004000
core   0: 0x80009cfa (0x009550b3) srl     ra, a0, s1
core   0: 3 0x80009cfa (0x009550b3) x 1 0x00000000
core   0: 0x80009cfe (0x0123adb3) slt     s11, t2, s2
core   0: 3 0x80009cfe (0x0123adb3) x27 0x00000001
core   0: 0x80009d02 (0x00008e59) c.or    a2, a4
core   0: 3 0x80009d02 (0x8e59) x12 0x80065e63
core   0: 0x80009d04 (0x01981293) slli    t0, a6, 25
core   0: 3 0x80009d04 (0x01981293) x 5 0xc8000000
core   0: 0x80009d08 (0x00008ae5) c.andi  a3, 25
core   0: 3 0x80009d08 (0x8ae5) x13 0x00000000
core   0: 0x80009d0a (0x000057fd) c.li    a5, -1
core   0: 3 0x80009d0a (0x57fd) x15 0xffffffff
core   0: 0x80009d0c (0x2febf413) andi    s0, s7, 766
core   0: 3 0x80009d0c (0x2febf413) x 8 0x00000000
core   0: 0x80009d10 (0x0000577d) c.li    a4, -1
core   0: 3 0x80009d10 (0x577d) x14 0xffffffff
core   0: 0x80009d12 (0x00351793) slli    a5, a0, 3
core   0: 3 0x80009d12 (0x00351793) x15 0x00000000
core   0: 0x80009d16 (0x010bd293) srli    t0, s7, 16
core   0: 3 0x80009d16 (0x010bd293) x 5 0x0000de29
core   0: 0x80009d1a (0x00008ebd) c.xor   a3, a5
core   0: 3 0x80009d1a (0x8ebd) x13 0x00000000
core   0: 0x80009d1c (0x0000100f) fence.i
core   0: 3 0x80009d1c (0x0000100f)
core   0: 0x80009d20 (0x00000001) c.nop
core   0: 3 0x80009d20 (0x0001)
core   0: 0x80009d22 (0x00006161) c.addi16sp sp, 80
core   0: 3 0x80009d22 (0x6161) x 2 0x00000050
core   0: 0x80009d24 (0x0000031c) c.addi4spn a5, sp, 384
core   0: 3 0x80009d24 (0x031c) x15 0x000001d0
core   0: 0x80009d26 (0x000066cd) c.lui   a3, 0x13
core   0: 3 0x80009d26 (0x66cd) x13 0x00013000
core   0: 0x80009d28 (0x01e3f433) and     s0, t2, t5
core   0: 3 0x80009d28 (0x01e3f433) x 8 0x00000000
core   0: 0x80009d2c (0x0000717d) c.addi16sp sp, -16
core   0: 3 0x80009d2c (0x717d) x 2 0x00000040
core   0: 0x80009d2e (0x000008ee) c.slli  a7, 27
core   0: 3 0x80009d2e (0x08ee) x17 0x00000000
core   0: 0x80009d30 (0x0000cebd) c.beqz  a3, pc + 126
core   0: 3 0x80009d30 (0xcebd)
core   0: 0x80009d32 (0x00008e4d) c.or    a2, a1
core   0: 3 0x80009d32 (0x8e4d) x12 0x80065e63
core   0: 0x80009d34 (0x000083f5) c.srli  a5, 29
core   0: 3 0x80009d34 (0x83f5) x15 0x00000000
core   0: 0x80009d36 (0x7056b013) sltiu   zero, a3, 1797
core   0: 3 0x80009d36 (0x7056b013)
core   0: 0x80009d3a (0x00786663) bltu    a6, t2, pc + 12
core   0: 3 0x80009d3a (0x00786663)
core   0: 0x80009d3e (0x0000717d) c.addi16sp sp, -16
core   0: 3 0x80009d3e (0x717d) x 2 0x00000030
core   0: 0x80009d40 (0x037d40b3) div     ra, s10, s7
core   0: 3 0x80009d40 (0x037d40b3) x 1 0x00000000
core   0: 0x80009d44 (0x00000001) c.nop
core   0: 3 0x80009d44 (0x0001)
core   0: 0x80009d46 (0x010f6033) or      zero, t5, a6
core   0: 3 0x80009d46 (0x010f6033)
core   0: 0x80009d4a (0x00006097) auipc   ra, 0x6
core   0: 3 0x80009d4a (0x00006097) x 1 0x8000fd4a
core   0: 0x80009d4e (0x7f208093) addi    ra, ra, 2034
core   0: 3 0x80009d4e (0x7f208093) x 1 0x8001053c
core   0: 0x80009d52 (0x92187d37) lui     s10, 0x92187
core   0: 3 0x80009d52 (0x92187d37) x26 0x92187000
core   0: 0x80009d56 (0x0df08103) lb      sp, 223(ra)
core   0: 3 0x80009d56 (0x0df08103) x 2 0xfffffff3 mem 0x8001061b
core   0: 0x80009d5a (0x0df0c883) lbu     a7, 223(ra)
core   0: 3 0x80009d5a (0x0df0c883) x17 0x000000f3 mem 0x8001061b
core   0: 0x80009d5e (0x0510c883) lbu     a7, 81(ra)
core   0: 3 0x80009d5e (0x0510c883) x17 0x000000c8 mem 0x8001058d
core   0: 0x80009d62 (0x05108003) lb      zero, 81(ra)
core   0: 3 0x80009d62 (0x05108003) mem 0x8001058d
core   0: 0x80009d66 (0x0510c503) lbu     a0, 81(ra)
core   0: 3 0x80009d66 (0x0510c503) x10 0x000000c8 mem 0x8001058d
core   0: 0x80009d6a (0x00029c33) sll     s8, t0, zero
core   0: 3 0x80009d6a (0x00029c33) x24 0x0000de29
core   0: 0x80009d6e (0xf0609303) lh      t1, -250(ra)
core   0: 3 0x80009d6e (0xf0609303) x 6 0x0000043b mem 0x80010442
core   0: 0x80009d72 (0xfcb08303) lb      t1, -53(ra)
core   0: 3 0x80009d72 (0xfcb08303) x 6 0x00000040 mem 0x80010507
core   0: 0x80009d76 (0x00a09c83) lh      s9, 10(ra)
core   0: 3 0x80009d76 (0x00a09c83) x25 0x00001cef mem 0x80010546
core   0: 0x80009d7a (0x01109523) sh      a7, 10(ra)
core   0: 3 0x80009d7a (0x01109523) mem 0x80010546 0x00c8
core   0: 0x80009d7e (0xfde0d603) lhu     a2, -34(ra)
core   0: 3 0x80009d7e (0xfde0d603) x12 0x00005c9e mem 0x8001051a
core   0: 0x80009d82 (0x03500d33) mul     s10, zero, s5
core   0: 3 0x80009d82 (0x03500d33) x26 0x00000000
core   0: 0x80009d86 (0xf9a09823) sh      s10, -112(ra)
core   0: 3 0x80009d86 (0xf9a09823) mem 0x800104cc 0x0000
core   0: 0x80009d8a (0x085085a3) sb      t0, 139(ra)
core   0: 3 0x80009d8a (0x085085a3) mem 0x800105c7 0x29
core   0: 0x80009d8e (0xf88083a3) sb      s0, -121(ra)
core   0: 3 0x80009d8e (0xf88083a3) mem 0x800104c3 0x0
core   0: 0x80009d92 (0xf870c283) lbu     t0, -121(ra)
core   0: 3 0x80009d92 (0xf870c283) x 5 0x00000000 mem 0x800104c3
core   0: 0x80009d96 (0xf7508383) lb      t2, -139(ra)
core   0: 3 0x80009d96 (0xf7508383) x 7 0xffffffb9 mem 0x800104b1
core   0: 0x80009d9a (0xf9c09f83) lh      t6, -100(ra)
core   0: 3 0x80009d9a (0xf9c09f83) x31 0xfffff82d mem 0x800104d8
core   0: 0x80009d9e (0xf9b08e23) sb      s11, -100(ra)
core   0: 3 0x80009d9e (0xf9b08e23) mem 0x800104d8 0x1
core   0: 0x80009da2 (0xfe908ba3) sb      s1, -9(ra)
core   0: 3 0x80009da2 (0xfe908ba3) mem 0x80010533 0xe4
core   0: 0x80009da6 (0x09f08d83) lb      s11, 159(ra)
core   0: 3 0x80009da6 (0x09f08d83) x27 0x0000005c mem 0x800105db
core   0: 0x80009daa (0xf6f0c383) lbu     t2, -145(ra)
core   0: 3 0x80009daa (0xf6f0c383) x 7 0x000000e5 mem 0x800104ab
core   0: 0x80009dae (0x00008d3d) c.xor   a0, a5
core   0: 3 0x80009dae (0x8d3d) x10 0x000000c8
core   0: 0x80009db0 (0x01436fb3) or      t6, t1, s4
core   0: 3 0x80009db0 (0x01436fb3) x31 0x80000040
core   0: 0x80009db4 (0x00008ed9) c.or    a3, a4
core   0: 3 0x80009db4 (0x8ed9) x13 0xffffffff
core   0: 0x80009db6 (0x0ff0000f) fence   iorw,iorw
core   0: 3 0x80009db6 (0x0ff0000f)
core   0: 0x80009dba (0x005adfb3) srl     t6, s5, t0
core   0: 3 0x80009dba (0x005adfb3) x31 0x6823db20
core   0: 0x80009dbe (0x00008eb9) c.xor   a3, a4
core   0: 3 0x80009dbe (0x8eb9) x13 0x00000000
core   0: 0x80009dc0 (0x41f95e93) srai    t4, s2, 31
core   0: 3 0x80009dc0 (0x41f95e93) x29 0x00000000
core   0: 0x80009dc4 (0x029c4d63) blt     s8, s1, pc + 58
core   0: 3 0x80009dc4 (0x029c4d63)
core   0: 0x80009dc8 (0x0251f1b3) remu    gp, gp, t0
core   0: 3 0x80009dc8 (0x0251f1b3) x 3 0x00004000
core   0: 0x80009dcc (0x0ff0000f) fence   iorw,iorw
core   0: 3 0x80009dcc (0x0ff0000f)
core   0: 0x80009dd0 (0x0000c395) c.beqz  a5, pc + 36
core   0: 3 0x80009dd0 (0xc395)
core   0: 0x80009df4 (0x0ff0000f) fence   iorw,iorw
core   0: 3 0x80009df4 (0x0ff0000f)
core   0: 0x80009df8 (0x0000517d) c.li    sp, -1
core   0: 3 0x80009df8 (0x517d) x 2 0xffffffff
core   0: 0x80009dfa (0x000005f6) c.slli  a1, 29
core   0: 3 0x80009dfa (0x05f6) x11 0x00000000
core   0: 0x80009dfc (0x00008c3d) c.xor   s0, a5
core   0: 3 0x80009dfc (0x8c3d) x 8 0x00000000
core   0: 0x80009dfe (0x0073df93) srli    t6, t2, 7
core   0: 3 0x80009dfe (0x0073df93) x31 0x00000001
core   0: 0x80009e02 (0x01e4dcb3) srl     s9, s1, t5
core   0: 3 0x80009e02 (0x01e4dcb3) x25 0x00008002
core   0: 0x80009e06 (0x00008e9d) c.sub   a3, a5
core   0: 3 0x80009e06 (0x8e9d) x13 0x00000000
core   0: 0x80009e08 (0x0000850d) c.srai  a0, 3
core   0: 3 0x80009e08 (0x850d) x10 0x00000019
core   0: 0x80009e0a (0x979cf393) andi    t2, s9, -1671
core   0: 3 0x80009e0a (0x979cf393) x 7 0x00008000
core   0: 0x80009e0e (0x00004c09) c.li    s8, 2
core   0: 3 0x80009e0e (0x4c09) x24 0x00000002
core   0: 0x80009e10 (0x03a8ceb3) div     t4, a7, s10
core   0: 3 0x80009e10 (0x03a8ceb3) x29 0xffffffff
core   0: 0x80009e14 (0x03ed83b3) mul     t2, s11, t5
core   0: 3 0x80009e14 (0x03ed83b3) x 7 0x0001f440
core   0: 0x80009e18 (0x05799063) bne     s3, s7, pc + 64
core   0: 3 0x80009e18 (0x05799063)
core   0: 0x80009e58 (0x000e5413) srli    s0, t3, 0
core   0: 3 0x80009e58 (0x000e5413) x 8 0x80029ce3
core   0: 0x80009e5c (0x000dccb3) xor     s9, s11, zero
core   0: 3 0x80009e5c (0x000dccb3) x25 0x0000005c
core   0: 0x80009e60 (0xc38dd297) auipc   t0, 0xc38dd
core   0: 3 0x80009e60 (0xc38dd297) x 5 0x438e6e60
core   0: 0x80009e64 (0x63d48437) lui     s0, 0x63d48
core   0: 3 0x80009e64 (0x63d48437) x 8 0x63d48000
core   0: 0x80009e68 (0x00ea1533) sll     a0, s4, a4
core   0: 3 0x80009e68 (0x00ea1533) x10 0x00000000
core   0: 0x80009e6c (0x3b690613) addi    a2, s2, 950
core   0: 3 0x80009e6c (0x3b690613) x12 0x148003b6
core   0: 0x80009e70 (0x00000ea2) c.slli  t4, 8
core   0: 3 0x80009e70 (0x0ea2) x29 0xffffff00
core   0: 0x80009e72 (0x02679bb3) mulh    s7, a5, t1
core   0: 3 0x80009e72 (0x02679bb3) x23 0x00000000
core   0: 0x80009e76 (0x0000100f) fence.i
core   0: 3 0x80009e76 (0x0000100f)
core   0: 0x80009e7a (0x00008e49) c.or    a2, a0
core   0: 3 0x80009e7a (0x8e49) x12 0x148003b6
core   0: 0x80009e7c (0x01c54c33) xor     s8, a0, t3
core   0: 3 0x80009e7c (0x01c54c33) x24 0x80029ce3
core   0: 0x80009e80 (0x8f7cef93) ori     t6, s9, -1801
core   0: 3 0x80009e80 (0x8f7cef93) x31 0xfffff8ff
core   0: 0x80009e84 (0x00000680) c.addi4spn s0, sp, 832
core   0: 3 0x80009e84 (0x0680) x 8 0x0000033f
core   0: 0x80009e86 (0x013e7763) bgeu    t3, s3, pc + 14
core   0: 3 0x80009e86 (0x013e7763)
core   0: 0x80009e94 (0x006cbc33) sltu    s8, s9, t1
core   0: 3 0x80009e94 (0x006cbc33) x24 0x00000000
core   0: 0x80009e98 (0x00f0ff63) bgeu    ra, a5, pc + 30
core   0: 3 0x80009e98 (0x00f0ff63)
core   0: 0x80009eb6 (0x0085f133) and     sp, a1, s0
core   0: 3 0x80009eb6 (0x0085f133) x 2 0x00000000
core   0: 0x80009eba (0x01ffc2b3) xor     t0, t6, t6
core   0: 3 0x80009eba (0x01ffc2b3) x 5 0x00000000
core   0: 0x80009ebe (0x00008ffd) c.and   a5, a5
core   0: 3 0x80009ebe (0x8ffd) x15 0x00000000
core   0: 0x80009ec0 (0xe917e413) ori     s0, a5, -367
core   0: 3 0x80009ec0 (0xe917e413) x 8 0xfffffe91
core   0: 0x80009ec4 (0x03bd9bb3) mulh    s7, s11, s11
core   0: 3 0x80009ec4 (0x03bd9bb3) x23 0x00000000
core   0: 0x80009ec8 (0x01e83ab3) sltu    s5, a6, t5
core   0: 3 0x80009ec8 (0x01e83ab3) x21 0x00000000
core   0: 0x80009ecc (0x5237e797) auipc   a5, 0x5237e
core   0: 3 0x80009ecc (0x5237e797) x15 0xd2387ecc
core   0: 0x80009ed0 (0x5ddca213) slti    tp, s9, 1501
core   0: 3 0x80009ed0 (0x5ddca213) x 4 0x00000001
core   0: 0x80009ed4 (0x00000001) c.nop
core   0: 3 0x80009ed4 (0x0001)
core   0: 0x80009ed6 (0x7d37e537) lui     a0, 0x7d37e
core   0: 3 0x80009ed6 (0x7d37e537) x10 0x7d37e000
core   0: 0x80009eda (0x0ff0000f) fence   iorw,iorw
core   0: 3 0x80009eda (0x0ff0000f)
core   0: 0x80009ede (0x0405d063) bgez    a1, pc + 64
core   0: 3 0x80009ede (0x0405d063)
core   0: 0x80009f1e (0x03f005b3) mul     a1, zero, t6
core   0: 3 0x80009f1e (0x03f005b3) x11 0x00000000
core   0: 0x80009f22 (0x00006145) c.addi16sp sp, 48
core   0: 3 0x80009f22 (0x6145) x 2 0x00000030
core   0: 0x80009f24 (0x00008566) c.mv    a0, s9
core   0: 3 0x80009f24 (0x8566) x10 0x0000005c
core   0: 0x80009f26 (0x00009a7d) c.andi  a2, -1
core   0: 3 0x80009f26 (0x9a7d) x12 0x148003b6
core   0: 0x80009f28 (0x413d8d33) sub     s10, s11, s3
core   0: 3 0x80009f28 (0x413d8d33) x26 0x0000005c
core   0: 0x80009f2c (0x03247663) bgeu    s0, s2, pc + 44
core   0: 3 0x80009f2c (0x03247663)
core   0: 0x80009f58 (0x01a89db3) sll     s11, a7, s10
core   0: 3 0x80009f58 (0x01a89db3) x27 0x80000000
core   0: 0x80009f5c (0x03290a63) beq     s2, s2, pc + 52
core   0: 3 0x80009f5c (0x03290a63)
core   0: 0x80009f90 (0x02622c33) mulhsu  s8, tp, t1
core   0: 3 0x80009f90 (0x02622c33) x24 0x00000000
core   0: 0x80009f94 (0x022c30b3) mulhu   ra, s8, sp
core   0: 3 0x80009f94 (0x022c30b3) x 1 0x00000000
core   0: 0x80009f98 (0x0000445d) c.li    s0, 23
core   0: 3 0x80009f98 (0x445d) x 8 0x00000017
core   0: 0x80009f9a (0x41ed8e33) sub     t3, s11, t5
core   0: 3 0x80009f9a (0x41ed8e33) x28 0x7ffffa90
core   0: 0x80009f9e (0x03cc1fb3) mulh    t6, s8, t3
core   0: 3 0x80009f9e (0x03cc1fb3) x31 0x00000000
core   0: 0x80009fa2 (0x00008109) c.srli  a0, 2
core   0: 3 0x80009fa2 (0x8109) x10 0x00000017
core   0: 0x80009fa4 (0x0000100f) fence.i
core   0: 3 0x80009fa4 (0x0000100f)
core   0: 0x80009fa8 (0x03c89db3) mulh    s11, a7, t3
core   0: 3 0x80009fa8 (0x03c89db3) x27 0x00000063
core   0: 0x80009fac (0xfd5d3a97) auipc   s5, 0xfd5d3
core   0: 3 0x80009fac (0xfd5d3a97) x21 0x7d5dcfac
core   0: 0x80009fb0 (0xbfb9b113) sltiu   sp, s3, -1029
core   0: 3 0x80009fb0 (0xbfb9b113) x 2 0x00000001
core   0: 0x80009fb4 (0x00008769) c.srai  a4, 26
core   0: 3 0x80009fb4 (0x8769) x14 0xffffffff
core   0: 0x80009fb6 (0x00001e94) c.addi4spn a3, sp, 880
core   0: 3 0x80009fb6 (0x1e94) x13 0x00000371
core   0: 0x80009fb8 (0x00008f85) c.sub   a5, s1
core   0: 3 0x80009fb8 (0x8f85) x15 0x5235e1e8
core   0: 0x80009fba (0x82b60793) addi    a5, a2, -2005
core   0: 3 0x80009fba (0x82b60793) x15 0x147ffbe1
core   0: 0x80009fbe (0x0000537d) c.li    t1, -1
core   0: 3 0x80009fbe (0x537d) x 6 0xffffffff
core   0: 0x80009fc0 (0x03a796b3) mulh    a3, a5, s10
core   0: 3 0x80009fc0 (0x03a796b3) x13 0x00000007
core   0: 0x80009fc4 (0x000082ad) c.srli  a3, 11
core   0: 3 0x80009fc4 (0x82ad) x13 0x00000000
core   0: 0x80009fc6 (0x03ba7f63) bgeu    s4, s11, pc + 62
core   0: 3 0x80009fc6 (0x03ba7f63)
core   0: 0x8000a004 (0x00e7ff33) and     t5, a5, a4
core   0: 3 0x8000a004 (0x00e7ff33) x30 0x147ffbe1
core   0: 0x8000a008 (0x0ff0000f) fence   iorw,iorw
core   0: 3 0x8000a008 (0x0ff0000f)
core   0: 0x8000a00c (0x01d6e263) bltu    a3, t4, pc + 4
core   0: 3 0x8000a00c (0x01d6e263)
core   0: 0x8000a010 (0x01ab15b3) sll     a1, s6, s10
core   0: 3 0x8000a010 (0x01ab15b3) x11 0x00000000
core   0: 0x8000a014 (0x0000815d) c.srli  a0, 23
core   0: 3 0x8000a014 (0x815d) x10 0x00000000
core   0: 0x8000a016 (0x01666d33) or      s10, a2, s6
core   0: 3 0x8000a016 (0x01666d33) x26 0x148003b6
core   0: 0x8000a01a (0x01924b33) xor     s6, tp, s9
core   0: 3 0x8000a01a (0x01924b33) x22 0x0000005d
core   0: 0x8000a01e (0x03519433) mulh    s0, gp, s5
core   0: 3 0x8000a01e (0x03519433) x 8 0x00001f57
core   0: 0x8000a022 (0x03d6b133) mulhu   sp, a3, t4
core   0: 3 0x8000a022 (0x03d6b133) x 2 0x00000000
core   0: 0x8000a026 (0x00000001) c.nop
core   0: 3 0x8000a026 (0x0001)
core   0: 0x8000a028 (0x00006ad1) c.lui   s5, 0x14
core   0: 3 0x8000a028 (0x6ad1) x21 0x00014000
core   0: 0x8000a02a (0x00008d21) c.xor   a0, s0
core   0: 3 0x8000a02a (0x8d21) x10 0x00001f57
core   0: 0x8000a02c (0x0000885d) c.andi  s0, 23
core   0: 3 0x8000a02c (0x885d) x 8 0x00000017
core   0: 0x8000a02e (0x00aa9c63) bne     s5, a0, pc + 24
core   0: 3 0x8000a02e (0x00aa9c63)
core   0: 0x8000a046 (0x403c5db3) sra     s11, s8, gp
core   0: 3 0x8000a046 (0x403c5db3) x27 0x00000000
core   0: 0x8000a04a (0x0076e733) or      a4, a3, t2
core   0: 3 0x8000a04a (0x0076e733) x14 0x0001f440
core   0: 0x8000a04e (0x0000577d) c.li    a4, -1
core   0: 3 0x8000a04e (0x577d) x14 0xffffffff
core   0: 0x8000a050 (0x02f3ec33) rem     s8, t2, a5
core   0: 3 0x8000a050 (0x02f3ec33) x24 0x0001f440
core   0: 0x8000a054 (0x00009146) c.add   sp, a7
core   0: 3 0x8000a054 (0x9146) x 2 0x000000c8
core   0: 0x8000a056 (0x002f58b3) srl     a7, t5, sp
core   0: 3 0x8000a056 (0x002f58b3) x17 0x00147ffb
core   0: 0x8000a05a (0x36da0613) addi    a2, s4, 877
core   0: 3 0x8000a05a (0x36da0613) x12 0x8000036d
core   0: 0x8000a05e (0x00008f29) c.xor   a4, a0
core   0: 3 0x8000a05e (0x8f29) x14 0xffffe0a8
core   0: 0x8000a060 (0x00008429) c.srai  s0, 10
core   0: 3 0x8000a060 (0x8429) x 8 0x00000000
core   0: 0x8000a062 (0x007712b3) sll     t0, a4, t2
core   0: 3 0x8000a062 (0x007712b3) x 5 0xffffe0a8
core   0: 0x8000a066 (0x000083ca) c.mv    t2, s2
core   0: 3 0x8000a066 (0x83ca) x 7 0x14800000
core   0: 0x8000a068 (0x0045e8b3) or      a7, a1, tp
core   0: 3 0x8000a068 (0x0045e8b3) x17 0x00000001
core   0: 0x8000a06c (0x03c2e1b3) rem     gp, t0, t3
core   0: 3 0x8000a06c (0x03c2e1b3) x 3 0xffffe0a8
core   0: 0x8000a070 (0x000081b5) c.srli  a1, 13
core   0: 3 0x8000a070 (0x81b5) x11 0x00000000
core   0: 0x8000a072 (0x00008d95) c.sub   a1, a3
core   0: 3 0x8000a072 (0x8d95) x11 0x00000000
core   0: 0x8000a074 (0x0000ca15) c.beqz  a2, pc + 52
core   0: 3 0x8000a074 (0xca15)
core   0: 0x8000a076 (0x00a6f633) and     a2, a3, a0
core   0: 3 0x8000a076 (0x00a6f633) x12 0x00000000
core   0: 0x8000a07a (0x0000cb01) c.beqz  a4, pc + 16
core   0: 3 0x8000a07a (0xcb01)
core   0: 0x8000a07c (0xdb35f693) andi    a3, a1, -589
core   0: 3 0x8000a07c (0xdb35f693) x13 0x00000000
core   0: 0x8000a080 (0x0000ec0d) c.bnez  s0, pc + 58
core   0: 3 0x8000a080 (0xec0d)
core   0: 0x8000a082 (0x03be6633) rem     a2, t3, s11
core   0: 3 0x8000a082 (0x03be6633) x12 0x7ffffa90
core   0: 0x8000a086 (0x00950263) beq     a0, s1, pc + 4
core   0: 3 0x8000a086 (0x00950263)
core   0: 0x8000a08a (0x02575b33) divu    s6, a4, t0
core   0: 3 0x8000a08a (0x02575b33) x22 0x00000001
core   0: 0x8000a08e (0x01eb9993) slli    s3, s7, 30
core   0: 3 0x8000a08e (0x01eb9993) x19 0x00000000
core   0: 0x8000a092 (0x00000c80) c.addi4spn s0, sp, 592
core   0: 3 0x8000a092 (0x0c80) x 8 0x00000318
core   0: 0x8000a094 (0x000058fd) c.li    a7, -1
core   0: 3 0x8000a094 (0x58fd) x17 0xffffffff
core   0: 0x8000a096 (0x00008d95) c.sub   a1, a3
core   0: 3 0x8000a096 (0x8d95) x11 0x00000000
core   0: 0x8000a098 (0x0240ab33) mulhsu  s6, ra, tp
core   0: 3 0x8000a098 (0x0240ab33) x22 0x00000000
core   0: 0x8000a09c (0x13cfcf93) xori    t6, t6, 316
core   0: 3 0x8000a09c (0x13cfcf93) x31 0x0000013c
core   0: 0x8000a0a0 (0x0000100f) fence.i
core   0: 3 0x8000a0a0 (0x0000100f)
core   0: 0x8000a0a4 (0x00000001) c.nop
core   0: 3 0x8000a0a4 (0x0001)
core   0: 0x8000a0a6 (0x00008c09) c.sub   s0, a0
core   0: 3 0x8000a0a6 (0x8c09) x 8 0xffffe3c1
core   0: 0x8000a0a8 (0x05230063) beq     t1, s2, pc + 64
core   0: 3 0x8000a0a8 (0x05230063)
core   0: 0x8000a0ac (0x0051d613) srli    a2, gp, 5
core   0: 3 0x8000a0ac (0x0051d613) x12 0x07ffff05
core   0: 0x8000a0b0 (0x02e755b3) divu    a1, a4, a4
core   0: 3 0x8000a0b0 (0x02e755b3) x11 0x00000001
core   0: 0x8000a0b4 (0x0000100f) fence.i
core   0: 3 0x8000a0b4 (0x0000100f)
core   0: 0x8000a0b8 (0x00008ecd) c.or    a3, a1
core   0: 3 0x8000a0b8 (0x8ecd) x13 0x00000001
core   0: 0x8000a0ba (0x63864c13) xori    s8, a2, 1592
core   0: 3 0x8000a0ba (0x63864c13) x24 0x07fff93d
core   0: 0x8000a0be (0x66e00913) li      s2, 1646
core   0: 3 0x8000a0be (0x66e00913) x18 0x0000066e
core   0: 0x8000a0c2 (0x79121937) lui     s2, 0x79121
core   0: 3 0x8000a0c2 (0x79121937) x18 0x79121000
core   0: 0x8000a0c6 (0x00477b63) bgeu    a4, tp, pc + 22
core   0: 3 0x8000a0c6 (0x00477b63)
core   0: 0x8000a0dc (0x00006115) c.addi16sp sp, 288
core   0: 3 0x8000a0dc (0x6115) x 2 0x000001e8
core   0: 0x8000a0de (0x0000c109) c.beqz  a0, pc + 2
core   0: 3 0x8000a0de (0xc109)
core   0: 0x8000a0e0 (0x0294d333) divu    t1, s1, s1
core   0: 3 0x8000a0e0 (0x0294d333) x 6 0x00000001
core   0: 0x8000a0e4 (0x00fc4963) blt     s8, a5, pc + 18
core   0: 3 0x8000a0e4 (0x00fc4963)
core   0: 0x8000a0f6 (0x00008365) c.srli  a4, 25
core   0: 3 0x8000a0f6 (0x8365) x14 0x0000007f
core   0: 0x8000a0f8 (0x01cdd213) srli    tp, s11, 28
core   0: 3 0x8000a0f8 (0x01cdd213) x 4 0x00000000
core   0: 0x8000a0fc (0x0000e289) c.bnez  a3, pc + 2
core   0: 3 0x8000a0fc (0xe289)
core   0: 0x8000a0fe (0x00000001) c.nop
core   0: 3 0x8000a0fe (0x0001)
core   0: 0x8000a100 (0x0134b0b3) sltu    ra, s1, s3
core   0: 3 0x8000a100 (0x0134b0b3) x 1 0x00000000
core   0: 0x8000a104 (0x0000110c) c.addi4spn a1, sp, 160
core   0: 3 0x8000a104 (0x110c) x11 0x00000288
core   0: 0x8000a106 (0x0000717d) c.addi16sp sp, -16
core   0: 3 0x8000a106 (0x717d) x 2 0x000001d8
core   0: 0x8000a108 (0x00008fbd) c.xor   a5, a5
core   0: 3 0x8000a108 (0x8fbd) x15 0x00000000
core   0: 0x8000a10a (0x000003da) c.slli  t2, 22
core   0: 3 0x8000a10a (0x03da) x 7 0x00000000
core   0: 0x8000a10c (0x00929763) bne     t0, s1, pc + 14
core   0: 3 0x8000a10c (0x00929763)
core   0: 0x8000a11a (0x013621b3) slt     gp, a2, s3
core   0: 3 0x8000a11a (0x013621b3) x 3 0x00000000
core   0: 0x8000a11e (0x564d7193) andi    gp, s10, 1380
core   0: 3 0x8000a11e (0x564d7193) x 3 0x00000124
core   0: 0x8000a122 (0xc049b2b7) lui     t0, 0xc049b
core   0: 3 0x8000a122 (0xc049b2b7) x 5 0xc049b000
core   0: 0x8000a126 (0x0ff0000f) fence   iorw,iorw
core   0: 3 0x8000a126 (0x0ff0000f)
core   0: 0x8000a12a (0x02c33133) mulhu   sp, t1, a2
core   0: 3 0x8000a12a (0x02c33133) x 2 0x00000000
core   0: 0x8000a12e (0x909ef597) auipc   a1, 0x909ef
core   0: 3 0x8000a12e (0x909ef597) x11 0x109f912e
core   0: 0x8000a132 (0x00001890) c.addi4spn a2, sp, 112
core   0: 3 0x8000a132 (0x1890) x12 0x00000070
core   0: 0x8000a134 (0x000060f9) c.lui   ra, 0x1e
core   0: 3 0x8000a134 (0x60f9) x 1 0x0001e000
core   0: 0x8000a136 (0x0075e0b3) or      ra, a1, t2
core   0: 3 0x8000a136 (0x0075e0b3) x 1 0x109f912e
core   0: 0x8000a13a (0x00000001) c.nop
core   0: 3 0x8000a13a (0x0001)
core   0: 0x8000a13c (0x0011f9b3) and     s3, gp, ra
core   0: 3 0x8000a13c (0x0011f9b3) x19 0x00000124
core   0: 0x8000a140 (0x000085f1) c.srai  a1, 28
core   0: 3 0x8000a140 (0x85f1) x11 0x00000001
core   0: 0x8000a142 (0x0110ce63) blt     ra, a7, pc + 28
core   0: 3 0x8000a142 (0x0110ce63)
core   0: 0x8000a146 (0x00006121) c.addi16sp sp, 64
core   0: 3 0x8000a146 (0x6121) x 2 0x00000040
core   0: 0x8000a148 (0x021afe63) bgeu    s5, ra, pc + 60
core   0: 3 0x8000a148 (0x021afe63)
core   0: 0x8000a14c (0x0000100f) fence.i
core   0: 3 0x8000a14c (0x0000100f)
core   0: 0x8000a150 (0x81dc1eb7) lui     t4, 0x81dc1
core   0: 3 0x8000a150 (0x81dc1eb7) x29 0x81dc1000
core   0: 0x8000a154 (0x0ff0000f) fence   iorw,iorw
core   0: 3 0x8000a154 (0x0ff0000f)
core   0: 0x8000a158 (0x00004595) c.li    a1, 5
core   0: 3 0x8000a158 (0x4595) x11 0x00000005
core   0: 0x8000a15a (0x022e6963) bltu    t3, sp, pc + 50
core   0: 3 0x8000a15a (0x022e6963)
core   0: 0x8000a15e (0x01829393) slli    t2, t0, 24
core   0: 3 0x8000a15e (0x01829393) x 7 0x00000000
core   0: 0x8000a162 (0x00000001) c.nop
core   0: 3 0x8000a162 (0x0001)
core   0: 0x8000a164 (0x01d4e033) or      zero, s1, t4
core   0: 3 0x8000a164 (0x01d4e033)
core   0: 0x8000a168 (0x001a9d13) slli    s10, s5, 1
core   0: 3 0x8000a168 (0x001a9d13) x26 0x00028000
core   0: 0x8000a16c (0x01329113) slli    sp, t0, 19
core   0: 3 0x8000a16c (0x01329113) x 2 0x80000000
core   0: 0x8000a170 (0x00008d85) c.sub   a1, s1
core   0: 3 0x8000a170 (0x8d85) x11 0x7ffd6321
core   0: 0x8000a172 (0x41d2d793) srai    a5, t0, 29
core   0: 3 0x8000a172 (0x41d2d793) x15 0xfffffffe
core   0: 0x8000a176 (0x0000ce8d) c.beqz  a3, pc + 58
core   0: 3 0x8000a176 (0xce8d)
core   0: 0x8000a178 (0x36f9e913) ori     s2, s3, 879
core   0: 3 0x8000a178 (0x36f9e913) x18 0x0000036f
core   0: 0x8000a17c (0x4bdbbf93) sltiu   t6, s7, 1213
core   0: 3 0x8000a17c (0x4bdbbf93) x31 0x00000001
core   0: 0x8000a180 (0x00008ed1) c.or    a3, a2
core   0: 3 0x8000a180 (0x8ed1) x13 0x00000071
core   0: 0x8000a182 (0x000007ae) c.slli  a5, 11
core   0: 3 0x8000a182 (0x07ae) x15 0xfffff000
core   0: 0x8000a184 (0x01655013) srli    zero, a0, 22
core   0: 3 0x8000a184 (0x01655013)
core   0: 0x8000a188 (0x03695e63) bge     s2, s6, pc + 60
core   0: 3 0x8000a188 (0x03695e63)
core   0: 0x8000a1c4 (0x00008e2a) c.mv    t3, a0
core   0: 3 0x8000a1c4 (0x8e2a) x28 0x00001f57
core   0: 0x8000a1c6 (0x400282b3) sub     t0, t0, zero
core   0: 3 0x8000a1c6 (0x400282b3) x 5 0xc049b000
core   0: 0x8000a1ca (0x2744c393) xori    t2, s1, 628
core   0: 3 0x8000a1ca (0x2744c393) x 7 0x80029e90
core   0: 0x8000a1ce (0x01b75263) bge     a4, s11, pc + 4
core   0: 3 0x8000a1ce (0x01b75263)
core   0: 0x8000a1d2 (0x0000e9b5) c.bnez  a1, pc + 116
core   0: 3 0x8000a1d2 (0xe9b5)
core   0: 0x8000a246 (0x00009586) c.add   a1, ra
core   0: 3 0x8000a246 (0x9586) x11 0x909cf44f
core   0: 0x8000a248 (0x03125163) bge     tp, a7, pc + 34
core   0: 3 0x8000a248 (0x03125163)
core   0: 0x8000a26a (0x0000cf8d) c.beqz  a5, pc + 58
core   0: 3 0x8000a26a (0xcf8d)
core   0: 0x8000a26c (0xd91d5097) auipc   ra, 0xd91d5
core   0: 3 0x8000a26c (0xd91d5097) x 1 0x591df26c
core   0: 0x8000a270 (0x00008451) c.srai  s0, 20
core   0: 3 0x8000a270 (0x8451) x 8 0xffffffff
core   0: 0x8000a272 (0x014471b3) and     gp, s0, s4
core   0: 3 0x8000a272 (0x014471b3) x 3 0x80000000
core   0: 0x8000a276 (0x61f00a93) li      s5, 1567
core   0: 3 0x8000a276 (0x61f00a93) x21 0x0000061f
core   0: 0x8000a27a (0x011eacb3) slt     s9, t4, a7
core   0: 3 0x8000a27a (0x011eacb3) x25 0x00000001
core   0: 0x8000a27e (0x9c5f6217) auipc   tp, 0x9c5f6
core   0: 3 0x8000a27e (0x9c5f6217) x 4 0x1c60027e
core   0: 0x8000a282 (0x0000100f) fence.i
core   0: 3 0x8000a282 (0x0000100f)
core   0: 0x8000a286 (0x00000b51) c.addi  s6, 20
core   0: 3 0x8000a286 (0x0b51) x22 0x00000014
core   0: 0x8000a288 (0x03f7dc33) divu    s8, a5, t6
core   0: 3 0x8000a288 (0x03f7dc33) x24 0xfffff000
core   0: 0x8000a28c (0xa35c8013) addi    zero, s9, -1483
core   0: 3 0x8000a28c (0xa35c8013)
core   0: 0x8000a290 (0x015e6c33) or      s8, t3, s5
core   0: 3 0x8000a290 (0x015e6c33) x24 0x00001f5f
core   0: 0x8000a294 (0x01047fb3) and     t6, s0, a6
core   0: 3 0x8000a294 (0x01047fb3) x31 0x80025e64
core   0: 0x8000a298 (0x0000100f) fence.i
core   0: 3 0x8000a298 (0x0000100f)
core   0: 0x8000a29c (0x40ec0733) sub     a4, s8, a4
core   0: 3 0x8000a29c (0x40ec0733) x14 0x00001ee0
core   0: 0x8000a2a0 (0x00a45a63) bge     s0, a0, pc + 20
core   0: 3 0x8000a2a0 (0x00a45a63)
core   0: 0x8000a2a4 (0x0000100f) fence.i
core   0: 3 0x8000a2a4 (0x0000100f)
core   0: 0x8000a2a8 (0x00b7dc33) srl     s8, a5, a1
core   0: 3 0x8000a2a8 (0x00b7dc33) x24 0x0001ffff
core   0: 0x8000a2ac (0x0019b8b3) sltu    a7, s3, ra
core   0: 3 0x8000a2ac (0x0019b8b3) x17 0x00000001
core   0: 0x8000a2b0 (0x02e41d63) bne     s0, a4, pc + 58
core   0: 3 0x8000a2b0 (0x02e41d63)
core   0: 0x8000a2ea (0x25987613) andi    a2, a6, 601
core   0: 3 0x8000a2ea (0x25987613) x12 0x00000240
core   0: 0x8000a2ee (0x01569a93) slli    s5, a3, 21
core   0: 3 0x8000a2ee (0x01569a93) x21 0x0e200000
core   0: 0x8000a2f2 (0x40fb87b3) sub     a5, s7, a5
core   0: 3 0x8000a2f2 (0x40fb87b3) x15 0x00001000
core   0: 0x8000a2f6 (0x02e6b933) mulhu   s2, a3, a4
core   0: 3 0x8000a2f6 (0x02e6b933) x18 0x00000000
core   0: 0x8000a2fa (0x00008e91) c.sub   a3, a2
core   0: 3 0x8000a2fa (0x8e91) x13 0xfffffe31
core   0: 0x8000a2fc (0x7cba2013) slti    zero, s4, 1995
core   0: 3 0x8000a2fc (0x7cba2013)
core   0: 0x8000a300 (0x016cdb13) srli    s6, s9, 22
core   0: 3 0x8000a300 (0x016cdb13) x22 0x00000000
core   0: 0x8000a304 (0x000062bd) c.lui   t0, 0xf
core   0: 3 0x8000a304 (0x62bd) x 5 0x0000f000
core   0: 0x8000a306 (0x01d6b0b3) sltu    ra, a3, t4
core   0: 3 0x8000a306 (0x01d6b0b3) x 1 0x00000000
core   0: 0x8000a30a (0x00f6d113) srli    sp, a3, 15
core   0: 3 0x8000a30a (0x00f6d113) x 2 0x0001ffff
core   0: 0x8000a30e (0x039eb433) mulhu   s0, t4, s9
core   0: 3 0x8000a30e (0x039eb433) x 8 0x00000000
core   0: 0x8000a312 (0x00021263) bnez    tp, pc + 4
core   0: 3 0x8000a312 (0x00021263)
core   0: 0x8000a316 (0x87ef0193) addi    gp, t5, -1922
core   0: 3 0x8000a316 (0x87ef0193) x 3 0x147ff45f
core   0: 0x8000a31a (0x02a1f8b3) remu    a7, gp, a0
core   0: 3 0x8000a31a (0x02a1f8b3) x17 0x00001f4a
core   0: 0x8000a31e (0x00009242) c.add   tp, a6
core   0: 3 0x8000a31e (0x9242) x 4 0x9c6260e2
core   0: 0x8000a320 (0x022806b3) mul     a3, a6, sp
core   0: 3 0x8000a320 (0x022806b3) x13 0x3cc5a19c
core   0: 0x8000a324 (0x08c2c913) xori    s2, t0, 140
core   0: 3 0x8000a324 (0x08c2c913) x18 0x0000f08c
core   0: 0x8000a328 (0x7030c393) xori    t2, ra, 1795
core   0: 3 0x8000a328 (0x7030c393) x 7 0x00000703
core   0: 0x8000a32c (0x0000c11d) c.beqz  a0, pc + 38
core   0: 3 0x8000a32c (0xc11d)
core   0: 0x8000a32e (0x00008c19) c.sub   s0, a4
core   0: 3 0x8000a32e (0x8c19) x 8 0xffffe120
core   0: 0x8000a330 (0x00e86f33) or      t5, a6, a4
core   0: 3 0x8000a330 (0x00e86f33) x30 0x80025ee4
core   0: 0x8000a334 (0x0ff0000f) fence   iorw,iorw
core   0: 3 0x8000a334 (0x0ff0000f)
core   0: 0x8000a338 (0x02f2f7b3) remu    a5, t0, a5
core   0: 3 0x8000a338 (0x02f2f7b3) x15 0x00000000
core   0: 0x8000a33c (0x7daf8c37) lui     s8, 0x7daf8
core   0: 3 0x8000a33c (0x7daf8c37) x24 0x7daf8000
core   0: 0x8000a340 (0x00008f4d) c.or    a4, a1
core   0: 3 0x8000a340 (0x8f4d) x14 0x909cfeef
core   0: 0x8000a342 (0x00008015) c.srli  s0, 5
core   0: 3 0x8000a342 (0x8015) x 8 0x07ffff09
core   0: 0x8000a344 (0x41f4d413) srai    s0, s1, 31
core   0: 3 0x8000a344 (0x41f4d413) x 8 0xffffffff
core   0: 0x8000a348 (0x01b91263) bne     s2, s11, pc + 4
core   0: 3 0x8000a348 (0x01b91263)
core   0: 0x8000a34c (0x01e6d533) srl     a0, a3, t5
core   0: 3 0x8000a34c (0x01e6d533) x10 0x03cc5a19
core   0: 0x8000a350 (0x0000717d) c.addi16sp sp, -16
core   0: 3 0x8000a350 (0x717d) x 2 0x0001ffef
core   0: 0x8000a352 (0x00000001) c.nop
core   0: 3 0x8000a352 (0x0001)
core   0: 0x8000a354 (0x00008f3d) c.xor   a4, a5
core   0: 3 0x8000a354 (0x8f3d) x14 0x909cfeef
core   0: 0x8000a356 (0x00008fa1) c.xor   a5, s0
core   0: 3 0x8000a356 (0x8fa1) x15 0xffffffff
core   0: 0x8000a358 (0x00001bfd) c.addi  s7, -1
core   0: 3 0x8000a358 (0x1bfd) x23 0xffffffff
core   0: 0x8000a35a (0x0ff0000f) fence   iorw,iorw
core   0: 3 0x8000a35a (0x0ff0000f)
core   0: 0x8000a35e (0x00009bc6) c.add   s7, a7
core   0: 3 0x8000a35e (0x9bc6) x23 0x00001f49
core   0: 0x8000a360 (0x03baed63) bltu    s5, s11, pc + 58
core   0: 3 0x8000a360 (0x03baed63)
core   0: 0x8000a364 (0x11f3b317) auipc   t1, 0x11f3b
core   0: 3 0x8000a364 (0x11f3b317) x 6 0x91f45364
core   0: 0x8000a368 (0x000098f2) c.add   a7, t3
core   0: 3 0x8000a368 (0x98f2) x17 0x00003ea1
core   0: 0x8000a36a (0x00006131) c.addi16sp sp, 320
core   0: 3 0x8000a36a (0x6131) x 2 0x0002012f
core   0: 0x8000a36c (0x00b14ab3) xor     s5, sp, a1
core   0: 3 0x8000a36c (0x00b14ab3) x21 0x909ef560
core   0: 0x8000a370 (0x000099b6) c.add   s3, a3
core   0: 3 0x8000a370 (0x99b6) x19 0x3cc5a2c0
core   0: 0x8000a372 (0x02b1b533) mulhu   a0, gp, a1
core   0: 3 0x8000a372 (0x02b1b533) x10 0x0b948afe
core   0: 0x8000a376 (0x0107c933) xor     s2, a5, a6
core   0: 3 0x8000a376 (0x0107c933) x18 0x7ffda19b
core   0: 0x8000a37a (0x00db2b33) slt     s6, s6, a3
core   0: 3 0x8000a37a (0x00db2b33) x22 0x00000001
core   0: 0x8000a37e (0x01039263) bne     t2, a6, pc + 4
core   0: 3 0x8000a37e (0x01039263)
core   0: 0x8000a382 (0x01a178b3) and     a7, sp, s10
core   0: 3 0x8000a382 (0x01a178b3) x17 0x00020000
core   0: 0x8000a386 (0x03f07163) bgeu    zero, t6, pc + 34
core   0: 3 0x8000a386 (0x03f07163)
core   0: 0x8000a38a (0x00008c71) c.and   s0, a2
core   0: 3 0x8000a38a (0x8c71) x 8 0x00000240
core   0: 0x8000a38c (0xb621b797) auipc   a5, 0xb621b
core   0: 3 0x8000a38c (0xb621b797) x15 0x3622538c
core   0: 0x8000a390 (0x0319dc63) bge     s3, a7, pc + 56
core   0: 3 0x8000a390 (0x0319dc63)
core   0: 0x8000a3c8 (0x01e51693) slli    a3, a0, 30
core   0: 3 0x8000a3c8 (0x01e51693) x13 0x80000000
core   0: 0x8000a3cc (0x4f4a1737) lui     a4, 0x4f4a1
core   0: 3 0x8000a3cc (0x4f4a1737) x14 0x4f4a1000
core   0: 0x8000a3d0 (0x03a01b33) mulh    s6, zero, s10
core   0: 3 0x8000a3d0 (0x03a01b33) x22 0x00000000
core   0: 0x8000a3d4 (0x03e36433) rem     s0, t1, t5
core   0: 3 0x8000a3d4 (0x03e36433) x 8 0x91f45364
core   0: 0x8000a3d8 (0x00008ef9) c.and   a3, a4
core   0: 3 0x8000a3d8 (0x8ef9) x13 0x00000000
core   0: 0x8000a3da (0x006040b3) xor     ra, zero, t1
core   0: 3 0x8000a3da (0x006040b3) x 1 0x91f45364
core   0: 0x8000a3de (0x03042fb3) mulhsu  t6, s0, a6
core   0: 3 0x8000a3de (0x03042fb3) x31 0xc8f92507
core   0: 0x8000a3e2 (0x004cc663) blt     s9, tp, pc + 12
core   0: 3 0x8000a3e2 (0x004cc663)
core   0: 0x8000a3e6 (0x02dce9b3) rem     s3, s9, a3
core   0: 3 0x8000a3e6 (0x02dce9b3) x19 0x00000001
core   0: 0x8000a3ea (0x00008c75) c.and   s0, a3
core   0: 3 0x8000a3ea (0x8c75) x 8 0x00000000
core   0: 0x8000a3ec (0x00000001) c.nop
core   0: 3 0x8000a3ec (0x0001)
core   0: 0x8000a3ee (0x00008eb5) c.xor   a3, a3
core   0: 3 0x8000a3ee (0x8eb5) x13 0x00000000
core   0: 0x8000a3f0 (0x02cc6ab3) rem     s5, s8, a2
core   0: 3 0x8000a3f0 (0x02cc6ab3) x21 0x00000200
core   0: 0x8000a3f4 (0x00bba033) slt     zero, s7, a1
core   0: 3 0x8000a3f4 (0x00bba033)
core   0: 0x8000a3f8 (0x00008415) c.srai  s0, 5
core   0: 3 0x8000a3f8 (0x8415) x 8 0x00000000
core   0: 0x8000a3fa (0x00001514) c.addi4spn a3, sp, 672
core   0: 3 0x8000a3fa (0x1514) x13 0x000203cf
core   0: 0x8000a3fc (0x0000c309) c.beqz  a4, pc + 2
core   0: 3 0x8000a3fc (0xc309)
core   0: 0x8000a3fe (0x0075e033) or      zero, a1, t2
core   0: 3 0x8000a3fe (0x0075e033)
core   0: 0x8000a402 (0x00da5293) srli    t0, s4, 13
core   0: 3 0x8000a402 (0x00da5293) x 5 0x00040000
core   0: 0x8000a406 (0x452e0513) addi    a0, t3, 1106
core   0: 3 0x8000a406 (0x452e0513) x10 0x000023a9
core   0: 0x8000a40a (0x00008e15) c.sub   a2, a3
core   0: 3 0x8000a40a (0x8e15) x12 0xfffdfe71
core   0: 0x8000a40c (0x41698ab3) sub     s5, s3, s6
core   0: 3 0x8000a40c (0x41698ab3) x21 0x00000001
core   0: 0x8000a410 (0x029222b3) mulhsu  t0, tp, s1
core   0: 3 0x8000a410 (0x029222b3) x 5 0xce302c28
core   0: 0x8000a414 (0x013c4d33) xor     s10, s8, s3
core   0: 3 0x8000a414 (0x013c4d33) x26 0x7daf8001
core   0: 0x8000a418 (0x01e266b3) or      a3, tp, t5
core   0: 3 0x8000a418 (0x01e266b3) x13 0x9c627ee6
core   0: 0x8000a41c (0x0ff0000f) fence   iorw,iorw
core   0: 3 0x8000a41c (0x0ff0000f)
core   0: 0x8000a420 (0x0179cc33) xor     s8, s3, s7
core   0: 3 0x8000a420 (0x0179cc33) x24 0x00001f48
core   0: 0x8000a424 (0x4092db93) srai    s7, t0, 9
core   0: 3 0x8000a424 (0x4092db93) x23 0xffe71816
core   0: 0x8000a428 (0x012e5233) srl     tp, t3, s2
core   0: 3 0x8000a428 (0x012e5233) x 4 0x00000000
core   0: 0x8000a42c (0x03d0c233) div     tp, ra, t4
core   0: 3 0x8000a42c (0x03d0c233) x 4 0x00000000
core   0: 0x8000a430 (0x00006149) c.addi16sp sp, 144
core   0: 3 0x8000a430 (0x6149) x 2 0x000201bf
core   0: 0x8000a432 (0x02b74863) blt     a4, a1, pc + 48
core   0: 3 0x8000a432 (0x02b74863)
core   0: 0x8000a436 (0x00000001) c.nop
core   0: 3 0x8000a436 (0x0001)
core   0: 0x8000a438 (0x00008d59) c.or    a0, a4
core   0: 3 0x8000a438 (0x8d59) x10 0x4f4a33a9
core   0: 0x8000a43a (0x004f5a63) bge     t5, tp, pc + 20
core   0: 3 0x8000a43a (0x004f5a63)
core   0: 0x8000a43e (0x00009bfd) c.andi  a5, -1
core   0: 3 0x8000a43e (0x9bfd) x15 0x3622538c
core   0: 0x8000a440 (0x00000001) c.nop
core   0: 3 0x8000a440 (0x0001)
core   0: 0x8000a442 (0x00008461) c.srai  s0, 24
core   0: 3 0x8000a442 (0x8461) x 8 0x00000000
core   0: 0x8000a444 (0x00008c55) c.or    s0, a3
core   0: 3 0x8000a444 (0x8c55) x 8 0x9c627ee6
core   0: 0x8000a446 (0x00000001) c.nop
core   0: 3 0x8000a446 (0x0001)
core   0: 0x8000a448 (0x00008c29) c.xor   s0, a0
core   0: 3 0x8000a448 (0x8c29) x 8 0xd3284d4f
core   0: 0x8000a44a (0x5c7c8b17) auipc   s6, 0x5c7c8
core   0: 3 0x8000a44a (0x5c7c8b17) x22 0xdc7d244a
core   0: 0x8000a44e (0x00008f61) c.and   a4, s0
core   0: 3 0x8000a44e (0x8f61) x14 0x43080000
core   0: 0x8000a450 (0x00000c51) c.addi  s8, 20
core   0: 3 0x8000a450 (0x0c51) x24 0x00001f5c
core   0: 0x8000a452 (0x0140f663) bgeu    ra, s4, pc + 12
core   0: 3 0x8000a452 (0x0140f663)
core   0: 0x8000a45e (0x41cc5b93) srai    s7, s8, 28
core   0: 3 0x8000a45e (0x41cc5b93) x23 0x00000000
core   0: 0x8000a462 (0x000081a9) c.srli  a1, 10
core   0: 3 0x8000a462 (0x81a9) x11 0x0024273d
core   0: 0x8000a464 (0x03e1f333) remu    t1, gp, t5
core   0: 3 0x8000a464 (0x03e1f333) x 6 0x147ff45f
core   0: 0x8000a468 (0x0000100f) fence.i
core   0: 3 0x8000a468 (0x0000100f)
core   0: 0x8000a46c (0x015348b3) xor     a7, t1, s5
core   0: 3 0x8000a46c (0x015348b3) x17 0x147ff45e
core   0: 0x8000a470 (0x0699be13) sltiu   t3, s3, 105
core   0: 3 0x8000a470 (0x0699be13) x28 0x00000001
core   0: 0x8000a474 (0x0000c791) c.beqz  a5, pc + 12
core   0: 3 0x8000a474 (0xc791)
core   0: 0x8000a476 (0x031f86b3) mul     a3, t6, a7
core   0: 3 0x8000a476 (0x031f86b3) x13 0x2d3f4492
core   0: 0x8000a47a (0x036568b3) rem     a7, a0, s6
core   0: 3 0x8000a47a (0x036568b3) x17 0x08447c3d
core   0: 0x8000a47e (0x00001010) c.addi4spn a2, sp, 32
core   0: 3 0x8000a47e (0x1010) x12 0x000201df
core   0: 0x8000a480 (0x8d0f0293) addi    t0, t5, -1840
core   0: 3 0x8000a480 (0x8d0f0293) x 5 0x800257b4
core   0: 0x8000a484 (0x0000835d) c.srli  a4, 23
core   0: 3 0x8000a484 (0x835d) x14 0x00000086
core   0: 0x8000a486 (0x00008d55) c.or    a0, a3
core   0: 3 0x8000a486 (0x8d55) x10 0x6f7f77bb
core   0: 0x8000a488 (0x000081a5) c.srli  a1, 9
core   0: 3 0x8000a488 (0x81a5) x11 0x00001213
core   0: 0x8000a48a (0x0201b7b3) mulhu   a5, gp, zero
core   0: 3 0x8000a48a (0x0201b7b3) x15 0x00000000
core   0: 0x8000a48e (0x03be8ab3) mul     s5, t4, s11
core   0: 3 0x8000a48e (0x03be8ab3) x21 0x00000000
core   0: 0x8000a492 (0x03f2fd63) bgeu    t0, t6, pc + 58
core   0: 3 0x8000a492 (0x03f2fd63)
core   0: 0x8000a496 (0x025db433) mulhu   s0, s11, t0
core   0: 3 0x8000a496 (0x025db433) x 8 0x00000000
core   0: 0x8000a49a (0x02d51ab3) mulh    s5, a0, a3
core   0: 3 0x8000a49a (0x02d51ab3) x21 0x13b4f647
core   0: 0x8000a49e (0x024e7233) remu    tp, t3, tp
core   0: 3 0x8000a49e (0x024e7233) x 4 0x00000001
core   0: 0x8000a4a2 (0x02e793b3) mulh    t2, a5, a4
core   0: 3 0x8000a4a2 (0x02e793b3) x 7 0x00000000
core   0: 0x8000a4a6 (0x0237cab3) div     s5, a5, gp
core   0: 3 0x8000a4a6 (0x0237cab3) x21 0x00000000
core   0: 0x8000a4aa (0x00000ead) c.addi  t4, 11
core   0: 3 0x8000a4aa (0x0ead) x29 0x81dc100b
core   0: 0x8000a4ac (0xcf3c6c37) lui     s8, 0xcf3c6
core   0: 3 0x8000a4ac (0xcf3c6c37) x24 0xcf3c6000
core   0: 0x8000a4b0 (0x563b6c13) ori     s8, s6, 1379
core   0: 3 0x8000a4b0 (0x563b6c13) x24 0xdc7d256b
core   0: 0x8000a4b4 (0x03bfd333) divu    t1, t6, s11
core   0: 3 0x8000a4b4 (0x03bfd333) x 6 0xffffffff
core   0: 0x8000a4b8 (0x9ee17393) andi    t2, sp, -1554
core   0: 3 0x8000a4b8 (0x9ee17393) x 7 0x000201ae
core   0: 0x8000a4bc (0x0000014a) c.slli  sp, 18
core   0: 3 0x8000a4bc (0x014a) x 2 0x06fc0000
core   0: 0x8000a4be (0x9a2891b7) lui     gp, 0x9a289
core   0: 3 0x8000a4be (0x9a2891b7) x 3 0x9a289000
core   0: 0x8000a4c2 (0x010ab033) sltu    zero, s5, a6
core   0: 3 0x8000a4c2 (0x010ab033)
core   0: 0x8000a4c6 (0x00008c5d) c.or    s0, a5
core   0: 3 0x8000a4c6 (0x8c5d) x 8 0x00000000
core   0: 0x8000a4c8 (0x0031f033) and     zero, gp, gp
core   0: 3 0x8000a4c8 (0x0031f033)
core   0: 0x8000a4cc (0x00008f45) c.or    a4, s1
core   0: 3 0x8000a4cc (0x8f45) x14 0x80029ce6
core   0: 0x8000a4ce (0x00006149) c.addi16sp sp, 144
core   0: 3 0x8000a4ce (0x6149) x 2 0x06fc0090
core   0: 0x8000a4d0 (0x0000079e) c.slli  a5, 7
core   0: 3 0x8000a4d0 (0x079e) x15 0x00000000
core   0: 0x8000a4d2 (0x00007917) auipc   s2, 0x7
core   0: 3 0x8000a4d2 (0x00007917) x18 0x800114d2
core   0: 0x8000a4d6 (0x8b290913) addi    s2, s2, -1870
core   0: 3 0x8000a4d6 (0x8b290913) x18 0x80010d84
core   0: 0x8000a4da (0x006687b3) add     a5, a3, t1
core   0: 3 0x8000a4da (0x006687b3) x15 0x2d3f4491
core   0: 0x8000a4de (0xfe590e23) sb      t0, -4(s2)
core   0: 3 0x8000a4de (0xfe590e23) mem 0x80010d80 0xb4
core   0: 0x8000a4e2 (0x02146b33) rem     s6, s0, ra
core   0: 3 0x8000a4e2 (0x02146b33) x22 0x00000000
core   0: 0x8000a4e6 (0x00a90883) lb      a7, 10(s2)
core   0: 3 0x8000a4e6 (0x00a90883) x17 0x00000033 mem 0x80010d8e
core   0: 0x8000a4ea (0x006ac9b3) xor     s3, s5, t1
core   0: 3 0x8000a4ea (0x006ac9b3) x19 0xffffffff
core   0: 0x8000a4ee (0x00b903a3) sb      a1, 7(s2)
core   0: 3 0x8000a4ee (0x00b903a3) mem 0x80010d8b 0x13
core   0: 0x8000a4f2 (0xff294c83) lbu     s9, -14(s2)
core   0: 3 0x8000a4f2 (0xff294c83) x25 0x00000051 mem 0x80010d76
core   0: 0x8000a4f6 (0xffd91923) sh      t4, -14(s2)
core   0: 3 0x8000a4f6 (0xffd91923) mem 0x80010d76 0x100b
core   0: 0x8000a4fa (0x00c900a3) sb      a2, 1(s2)
core   0: 3 0x8000a4fa (0x00c900a3) mem 0x80010d85 0xdf
core   0: 0x8000a4fe (0x00008f85) c.sub   a5, s1
core   0: 3 0x8000a4fe (0x8f85) x15 0xad3ca7ad
core   0: 0x8000a500 (0x00394c83) lbu     s9, 3(s2)
core   0: 3 0x8000a500 (0x00394c83) x25 0x00000055 mem 0x80010d87
core   0: 0x8000a504 (0x00008d25) c.xor   a0, s1
core   0: 3 0x8000a504 (0x8d25) x10 0xef7deb5f
core   0: 0x8000a506 (0x00000001) c.nop
core   0: 3 0x8000a506 (0x0001)
core   0: 0x8000a508 (0xff094883) lbu     a7, -16(s2)
core   0: 3 0x8000a508 (0xff094883) x17 0x000000e1 mem 0x80010d74
core   0: 0x8000a50c (0x01091f83) lh      t6, 16(s2)
core   0: 3 0x8000a50c (0x01091f83) x31 0x00006a89 mem 0x80010d94
core   0: 0x8000a510 (0xff990d83) lb      s11, -7(s2)
core   0: 3 0x8000a510 (0xff990d83) x27 0xffffff95 mem 0x80010d7d
core   0: 0x8000a514 (0x00005d7d) c.li    s10, -1
core   0: 3 0x8000a514 (0x5d7d) x26 0xffffffff
core   0: 0x8000a516 (0xff290383) lb      t2, -14(s2)
core   0: 3 0x8000a516 (0xff290383) x 7 0x0000000b mem 0x80010d76
core   0: 0x8000a51a (0x00001180) c.addi4spn s0, sp, 224
core   0: 3 0x8000a51a (0x1180) x 8 0x06fc0170
core   0: 0x8000a51c (0x74854c17) auipc   s8, 0x74854
core   0: 3 0x8000a51c (0x74854c17) x24 0xf485e51c
core   0: 0x8000a520 (0x9c5a8017) auipc   zero, 0x9c5a8
core   0: 3 0x8000a520 (0x9c5a8017)
core   0: 0x8000a524 (0xfe890923) sb      s0, -14(s2)
core   0: 3 0x8000a524 (0xfe890923) mem 0x80010d76 0x70
core   0: 0x8000a528 (0x77dcb713) sltiu   a4, s9, 1917
core   0: 3 0x8000a528 (0x77dcb713) x14 0x00000001
core   0: 0x8000a52c (0x0000100f) fence.i
core   0: 3 0x8000a52c (0x0000100f)
core   0: 0x8000a530 (0x00492e03) lw      t3, 4(s2)
core   0: 3 0x8000a530 (0x00492e03) x28 0x1348a764 mem 0x80010d88
core   0: 0x8000a534 (0xfe991923) sh      s1, -14(s2)
core   0: 3 0x8000a534 (0xfe991923) mem 0x80010d76 0x9ce4
core   0: 0x8000a538 (0x000048ed) c.li    a7, 27
core   0: 3 0x8000a538 (0x48ed) x17 0x0000001b
core   0: 0x8000a53a (0x00006b71) c.lui   s6, 0x1c
core   0: 3 0x8000a53a (0x6b71) x22 0x0001c000
core   0: 0x8000a53c (0x01efdb93) srli    s7, t6, 30
core   0: 3 0x8000a53c (0x01efdb93) x23 0x00000000
core   0: 0x8000a540 (0x00009c5e) c.add   s8, s7
core   0: 3 0x8000a540 (0x9c5e) x24 0xf485e51c
core   0: 0x8000a542 (0x00008fe1) c.and   a5, s0
core   0: 3 0x8000a542 (0x8fe1) x15 0x043c0120
core   0: 0x8000a544 (0xffd90503) lb      a0, -3(s2)
core   0: 3 0x8000a544 (0xffd90503) x10 0x0000004e mem 0x80010d81
core   0: 0x8000a548 (0x000000ee) c.slli  ra, 27
core   0: 3 0x8000a548 (0x00ee) x 1 0x20000000
core   0: 0x8000a54a (0x0000490d) c.li    s2, 3
core   0: 3 0x8000a54a (0x490d) x18 0x00000003
core   0: 0x8000a54c (0x034de8b3) rem     a7, s11, s4
core   0: 3 0x8000a54c (0x034de8b3) x17 0xffffff95
core   0: 0x8000a550 (0x02a5a0b3) mulhsu  ra, a1, a0
core   0: 3 0x8000a550 (0x02a5a0b3) x 1 0x00000000
core   0: 0x8000a554 (0x006fc3b3) xor     t2, t6, t1
core   0: 3 0x8000a554 (0x006fc3b3) x 7 0xffff9576
core   0: 0x8000a558 (0x0b4a1563) bne     s4, s4, pc + 170
core   0: 3 0x8000a558 (0x0b4a1563)
core   0: 0x8000a55c (0x0ff0000f) fence   iorw,iorw
core   0: 3 0x8000a55c (0x0ff0000f)
core   0: 0x8000a560 (0x00011917) auipc   s2, 0x11
core   0: 3 0x8000a560 (0x00011917) x18 0x8001b560
core   0: 0x8000a564 (0x40790913) addi    s2, s2, 1031
core   0: 3 0x8000a564 (0x40790913) x18 0x8001b967
core   0: 0x8000a568 (0x00000dbe) c.slli  s11, 15
core   0: 3 0x8000a568 (0x0dbe) x27 0xffca8000
core   0: 0x8000a56a (0x00008d7d) c.and   a0, a5
core   0: 3 0x8000a56a (0x8d7d) x10 0x00000000
core   0: 0x8000a56c (0x00009cbe) c.add   s9, a5
core   0: 3 0x8000a56c (0x9cbe) x25 0x043c0175
core   0: 0x8000a56e (0x00094683) lbu     a3, 0(s2)
core   0: 3 0x8000a56e (0x00094683) x13 0x0000005a mem 0x8001b967
core   0: 0x8000a572 (0x00a911a3) sh      a0, 3(s2)
core   0: 3 0x8000a572 (0x00a911a3) mem 0x8001b96a 0x0000
core   0: 0x8000a576 (0x02f556b3) divu    a3, a0, a5
core   0: 3 0x8000a576 (0x02f556b3) x13 0x00000000
core   0: 0x8000a57a (0x00690783) lb      a5, 6(s2)
core   0: 3 0x8000a57a (0x00690783) x15 0x0000005a mem 0x8001b96d
core   0: 0x8000a57e (0x01090503) lb      a0, 16(s2)
core   0: 3 0x8000a57e (0x01090503) x10 0xfffffff4 mem 0x8001b977
core   0: 0x8000a582 (0x00008fb5) c.xor   a5, a3
core   0: 3 0x8000a582 (0x8fb5) x15 0x0000005a
core   0: 0x8000a584 (0x000096aa) c.add   a3, a0
core   0: 3 0x8000a584 (0x96aa) x13 0xfffffff4
core   0: 0x8000a586 (0xfff95f83) lhu     t6, -1(s2)
core   0: 3 0x8000a586 (0xfff95f83) x31 0x00005a80 mem 0x8001b966
core   0: 0x8000a58a (0x00000525) c.addi  a0, 9
core   0: 3 0x8000a58a (0x0525) x10 0xfffffffd
core   0: 0x8000a58c (0xff391783) lh      a5, -13(s2)
core   0: 3 0x8000a58c (0xff391783) x15 0x00000a49 mem 0x8001b95a
core   0: 0x8000a590 (0xff094783) lbu     a5, -16(s2)
core   0: 3 0x8000a590 (0xff094783) x15 0x000000a8 mem 0x8001b957
core   0: 0x8000a594 (0x01f916a3) sh      t6, 13(s2)
core   0: 3 0x8000a594 (0x01f916a3) mem 0x8001b974 0x5a80
core   0: 0x8000a598 (0x01b907a3) sb      s11, 15(s2)
core   0: 3 0x8000a598 (0x01b907a3) mem 0x8001b976 0x0
core   0: 0x8000a59c (0x00094783) lbu     a5, 0(s2)
core   0: 3 0x8000a59c (0x00094783) x15 0x0000005a mem 0x8001b967
core   0: 0x8000a5a0 (0x000097b6) c.add   a5, a3
core   0: 3 0x8000a5a0 (0x97b6) x15 0x0000004e
core   0: 0x8000a5a2 (0x01f55db3) srl     s11, a0, t6
core   0: 3 0x8000a5a2 (0x01f55db3) x27 0xfffffffd
core   0: 0x8000a5a6 (0x00f95503) lhu     a0, 15(s2)
core   0: 3 0x8000a5a6 (0x00f95503) x10 0x0000f400 mem 0x8001b976
core   0: 0x8000a5aa (0x40a78533) sub     a0, a5, a0
core   0: 3 0x8000a5aa (0x40a78533) x10 0xffff0c4e
core   0: 0x8000a5ae (0xff390503) lb      a0, -13(s2)
core   0: 3 0x8000a5ae (0xff390503) x10 0x00000049 mem 0x8001b95a
core   0: 0x8000a5b2 (0xff894f83) lbu     t6, -8(s2)
core   0: 3 0x8000a5b2 (0xff894f83) x31 0x0000004f mem 0x8001b95f
core   0: 0x8000a5b6 (0x0000100f) fence.i
core   0: 3 0x8000a5b6 (0x0000100f)
core   0: 0x8000a5ba (0x00294c83) lbu     s9, 2(s2)
core   0: 3 0x8000a5ba (0x00294c83) x25 0x000000fa mem 0x8001b969
core   0: 0x8000a5be (0x0ff0000f) fence   iorw,iorw
core   0: 3 0x8000a5be (0x0ff0000f)
core   0: 0x8000a5c2 (0x01f911a3) sh      t6, 3(s2)
core   0: 3 0x8000a5c2 (0x01f911a3) mem 0x8001b96a 0x004f
core   0: 0x8000a5c6 (0x00f91c83) lh      s9, 15(s2)
core   0: 3 0x8000a5c6 (0x00f91c83) x25 0xfffff400 mem 0x8001b976
core   0: 0x8000a5ca (0x0396b533) mulhu   a0, a3, s9
core   0: 3 0x8000a5ca (0x0396b533) x10 0xfffff3f4
core   0: 0x8000a5ce (0xff090683) lb      a3, -16(s2)
core   0: 3 0x8000a5ce (0xff090683) x13 0xffffffa8 mem 0x8001b957
core   0: 0x8000a5d2 (0x01990823) sb      s9, 16(s2)
core   0: 3 0x8000a5d2 (0x01990823) mem 0x8001b977 0x0
core   0: 0x8000a5d6 (0x01b90323) sb      s11, 6(s2)
core   0: 3 0x8000a5d6 (0x01b90323) mem 0x8001b96d 0xfd
core   0: 0x8000a5da (0x40a68db3) sub     s11, a3, a0
core   0: 3 0x8000a5da (0x40a68db3) x27 0x00000bb4
core   0: 0x8000a5de (0x00294d83) lbu     s11, 2(s2)
core   0: 3 0x8000a5de (0x00294d83) x27 0x000000fa mem 0x8001b969
core   0: 0x8000a5e2 (0x00190f83) lb      t6, 1(s2)
core   0: 3 0x8000a5e2 (0x00190f83) x31 0xffffffc4 mem 0x8001b968
core   0: 0x8000a5e6 (0xe4c87713) andi    a4, a6, -436
core   0: 3 0x8000a5e6 (0xe4c87713) x14 0x80025e44
core   0: 0x8000a5ea (0x0ff0000f) fence   iorw,iorw
core   0: 3 0x8000a5ea (0x0ff0000f)
core   0: 0x8000a5ee (0x00008ed9) c.or    a3, a4
core   0: 3 0x8000a5ee (0x8ed9) x13 0xffffffec
core   0: 0x8000a5f0 (0x00008afd) c.andi  a3, 31
core   0: 3 0x8000a5f0 (0x8afd) x13 0x0000000c
core   0: 0x8000a5f2 (0x401e8233) sub     tp, t4, ra
core   0: 3 0x8000a5f2 (0x401e8233) x 4 0x81dc100b
core   0: 0x8000a5f6 (0x022a8063) beq     s5, sp, pc + 32
core   0: 3 0x8000a5f6 (0x022a8063)
core   0: 0x8000a5fa (0x00008721) c.srai  a4, 8
core   0: 3 0x8000a5fa (0x8721) x14 0xff80025e
core   0: 0x8000a5fc (0x00481f93) slli    t6, a6, 4
core   0: 3 0x8000a5fc (0x00481f93) x31 0x0025e640
core   0: 0x8000a600 (0x00001afd) c.addi  s5, -1
core   0: 3 0x8000a600 (0x1afd) x21 0xffffffff
core   0: 0x8000a602 (0x00d98ab3) add     s5, s3, a3
core   0: 3 0x8000a602 (0x00d98ab3) x21 0x0000000b
core   0: 0x8000a606 (0x033dec63) bltu    s11, s3, pc + 56
core   0: 3 0x8000a606 (0x033dec63)
core   0: 0x8000a63e (0x41765893) srai    a7, a2, 23
core   0: 3 0x8000a63e (0x41765893) x17 0x00000000
core   0: 0x8000a642 (0x41b75b33) sra     s6, a4, s11
core   0: 3 0x8000a642 (0x41b75b33) x22 0xffffffff
core   0: 0x8000a646 (0x2c578e93) addi    t4, a5, 709
core   0: 3 0x8000a646 (0x2c578e93) x29 0x00000313
core   0: 0x8000a64a (0x025a07b3) mul     a5, s4, t0
core   0: 3 0x8000a64a (0x025a07b3) x15 0x00000000
core   0: 0x8000a64e (0x00006fc1) c.lui   t6, 0x10
core   0: 3 0x8000a64e (0x6fc1) x31 0x00010000
core   0: 0x8000a650 (0x930e7013) andi    zero, t3, -1744
core   0: 3 0x8000a650 (0x930e7013)
core   0: 0x8000a654 (0x00000e0a) c.slli  t3, 2
core   0: 3 0x8000a654 (0x0e0a) x28 0x4d229d90
core   0: 0x8000a656 (0x00008f01) c.sub   a4, s0
core   0: 3 0x8000a656 (0x8f01) x14 0xf88400ee
core   0: 0x8000a658 (0x71cc3293) sltiu   t0, s8, 1820
core   0: 3 0x8000a658 (0x71cc3293) x 5 0x00000000
core   0: 0x8000a65c (0x01009363) bne     ra, a6, pc + 6
core   0: 3 0x8000a65c (0x01009363)
core   0: 0x8000a662 (0x000099a2) c.add   s3, s0
core   0: 3 0x8000a662 (0x99a2) x19 0x06fc016f
core   0: 0x8000a664 (0xeac57037) lui     zero, 0xeac57
core   0: 3 0x8000a664 (0xeac57037)
core   0: 0x8000a668 (0x00009eb6) c.add   t4, a3
core   0: 3 0x8000a668 (0x9eb6) x29 0x0000031f
core   0: 0x8000a66a (0x037d5233) divu    tp, s10, s7
core   0: 3 0x8000a66a (0x037d5233) x 4 0xffffffff
core   0: 0x8000a66e (0x032ab533) mulhu   a0, s5, s2
core   0: 3 0x8000a66e (0x032ab533) x10 0x00000005
core   0: 0x8000a672 (0x03d98a93) addi    s5, s3, 61
core   0: 3 0x8000a672 (0x03d98a93) x21 0x06fc01ac
core   0: 0x8000a676 (0x00008f81) c.sub   a5, s0
core   0: 3 0x8000a676 (0x8f81) x15 0xf903fe90
core   0: 0x8000a678 (0x00008ee9) c.and   a3, a0
core   0: 3 0x8000a678 (0x8ee9) x13 0x00000004
core   0: 0x8000a67a (0x015fe8b3) or      a7, t6, s5
core   0: 3 0x8000a67a (0x015fe8b3) x17 0x06fd01ac
core   0: 0x8000a67e (0x3273e093) ori     ra, t2, 807
core   0: 3 0x8000a67e (0x3273e093) x 1 0xffff9777
core   0: 0x8000a682 (0x005ae6b3) or      a3, s5, t0
core   0: 3 0x8000a682 (0x005ae6b3) x13 0x06fc01ac
core   0: 0x8000a686 (0x00008055) c.srli  s0, 21
core   0: 3 0x8000a686 (0x8055) x 8 0x00000037
core   0: 0x8000a688 (0x022d8963) beq     s11, sp, pc + 50
core   0: 3 0x8000a688 (0x022d8963)
core   0: 0x8000a68c (0xed81c113) xori    sp, gp, -296
core   0: 3 0x8000a68c (0xed81c113) x 2 0x65d76ed8
core   0: 0x8000a690 (0x02474e63) blt     a4, tp, pc + 60
core   0: 3 0x8000a690 (0x02474e63)
core   0: 0x8000a6cc (0x00472233) slt     tp, a4, tp
core   0: 3 0x8000a6cc (0x00472233) x 4 0x00000001
core   0: 0x8000a6d0 (0x0000c189) c.beqz  a1, pc + 2
core   0: 3 0x8000a6d0 (0xc189)
core   0: 0x8000a6d2 (0x00008e61) c.and   a2, s0
core   0: 3 0x8000a6d2 (0x8e61) x12 0x00000017
core   0: 0x8000a6d4 (0x01505713) srli    a4, zero, 21
core   0: 3 0x8000a6d4 (0x01505713) x14 0x00000000
core   0: 0x8000a6d8 (0x60bc2b93) slti    s7, s8, 1547
core   0: 3 0x8000a6d8 (0x60bc2b93) x23 0x00000001
core   0: 0x8000a6dc (0x00008c71) c.and   s0, a2
core   0: 3 0x8000a6dc (0x8c71) x 8 0x00000017
core   0: 0x8000a6de (0x61216213) ori     tp, sp, 1554
core   0: 3 0x8000a6de (0x61216213) x 4 0x65d76eda
core   0: 0x8000a6e2 (0x0000987d) c.andi  s0, -1
core   0: 3 0x8000a6e2 (0x987d) x 8 0x00000017
core   0: 0x8000a6e4 (0x0357e063) bltu    a5, s5, pc + 32
core   0: 3 0x8000a6e4 (0x0357e063)
core   0: 0x8000a6e8 (0x409e5ab3) sra     s5, t3, s1
core   0: 3 0x8000a6e8 (0x409e5ab3) x21 0x04d229d9
core   0: 0x8000a6ec (0x04e7e063) bltu    a5, a4, pc + 64
core   0: 3 0x8000a6ec (0x04e7e063)
core   0: 0x8000a6f0 (0x021a9033) mulh    zero, s5, ra
core   0: 3 0x8000a6f0 (0x021a9033)
core   0: 0x8000a6f4 (0xf2a43b93) sltiu   s7, s0, -214
core   0: 3 0x8000a6f4 (0xf2a43b93) x23 0x00000001
core   0: 0x8000a6f8 (0x001128b3) slt     a7, sp, ra
core   0: 3 0x8000a6f8 (0x001128b3) x17 0x00000000
core   0: 0x8000a6fc (0xbe5ae613) ori     a2, s5, -1051
core   0: 3 0x8000a6fc (0xbe5ae613) x12 0xfffffbfd
core   0: 0x8000a700 (0x0028e033) or      zero, a7, sp
core   0: 3 0x8000a700 (0x0028e033)
core   0: 0x8000a704 (0x0000100f) fence.i
core   0: 3 0x8000a704 (0x0000100f)
core   0: 0x8000a708 (0x00e6e1b3) or      gp, a3, a4
core   0: 3 0x8000a708 (0x00e6e1b3) x 3 0x06fc01ac
core   0: 0x8000a70c (0x02ada933) mulhsu  s2, s11, a0
core   0: 3 0x8000a70c (0x02ada933) x18 0x00000000
core   0: 0x8000a710 (0x2aefe313) ori     t1, t6, 686
core   0: 3 0x8000a710 (0x2aefe313) x 6 0x000102ae
core   0: 0x8000a714 (0x00000186) c.slli  gp, 1
core   0: 3 0x8000a714 (0x0186) x 3 0x0df80358
core   0: 0x8000a716 (0xe32a05b7) lui     a1, 0xe32a0
core   0: 3 0x8000a716 (0xe32a05b7) x11 0xe32a0000
core   0: 0x8000a71a (0x01da0433) add     s0, s4, t4
core   0: 3 0x8000a71a (0x01da0433) x 8 0x8000031f
core   0: 0x8000a71e (0xfa87c913) xori    s2, a5, -88
core   0: 3 0x8000a71e (0xfa87c913) x18 0x06fc0138
core   0: 0x8000a722 (0x400c5293) srai    t0, s8, 0
core   0: 3 0x8000a722 (0x400c5293) x 5 0xf485e51c
core   0: 0x8000a726 (0x00006d5d) c.lui   s10, 0x17
core   0: 3 0x8000a726 (0x6d5d) x26 0x00017000
core   0: 0x8000a728 (0xe8272313) slti    t1, a4, -382
core   0: 3 0x8000a728 (0xe8272313) x 6 0x00000000
core   0: 0x8000a72c (0x0000939e) c.add   t2, t2
core   0: 3 0x8000a72c (0x939e) x 7 0xffff2aec
core   0: 0x8000a72e (0x00a9e1b3) or      gp, s3, a0
core   0: 3 0x8000a72e (0x00a9e1b3) x 3 0x06fc016f
core   0: 0x8000a732 (0x018f38b3) sltu    a7, t5, s8
core   0: 3 0x8000a732 (0x018f38b3) x17 0x00000001
core   0: 0x8000a736 (0x00159863) bne     a1, ra, pc + 16
core   0: 3 0x8000a736 (0x00159863)
core   0: 0x8000a746 (0x000052fd) c.li    t0, -1
core   0: 3 0x8000a746 (0x52fd) x 5 0xffffffff
core   0: 0x8000a748 (0x0256dd63) bge     a3, t0, pc + 58
core   0: 3 0x8000a748 (0x0256dd63)
core   0: 0x8000a782 (0x04577063) bgeu    a4, t0, pc + 64
core   0: 3 0x8000a782 (0x04577063)
core   0: 0x8000a786 (0x00379393) slli    t2, a5, 3
core   0: 3 0x8000a786 (0x00379393) x 7 0xc81ff480
core   0: 0x8000a78a (0x01f773b3) and     t2, a4, t6
core   0: 3 0x8000a78a (0x01f773b3) x 7 0x00000000
core   0: 0x8000a78e (0x1640a297) auipc   t0, 0x1640a
core   0: 3 0x8000a78e (0x1640a297) x 5 0x9641478e
core   0: 0x8000a792 (0x00001e7d) c.addi  t3, -1
core   0: 3 0x8000a792 (0x1e7d) x28 0x4d229d8f
core   0: 0x8000a794 (0x00008041) c.srli  s0, 16
core   0: 3 0x8000a794 (0x8041) x 8 0x00008000
core   0: 0x8000a796 (0x01ea9ab3) sll     s5, s5, t5
core   0: 3 0x8000a796 (0x01ea9ab3) x21 0x4d229d90
core   0: 0x8000a79a (0x012a1db3) sll     s11, s4, s2
core   0: 3 0x8000a79a (0x012a1db3) x27 0x00000000
core   0: 0x8000a79e (0x001652b3) srl     t0, a2, ra
core   0: 3 0x8000a79e (0x001652b3) x 5 0x000001ff
core   0: 0x8000a7a2 (0x00175eb3) srl     t4, a4, ra
core   0: 3 0x8000a7a2 (0x00175eb3) x29 0x00000000
core   0: 0x8000a7a6 (0x7024fc93) andi    s9, s1, 1794
core   0: 3 0x8000a7a6 (0x7024fc93) x25 0x00000400
core   0: 0x8000a7aa (0x00008545) c.srai  a0, 17
core   0: 3 0x8000a7aa (0x8545) x10 0x00000000
core   0: 0x8000a7ac (0x006b65b3) or      a1, s6, t1
core   0: 3 0x8000a7ac (0x006b65b3) x11 0xffffffff
core   0: 0x8000a7b0 (0x017d20b3) slt     ra, s10, s7
core   0: 3 0x8000a7b0 (0x017d20b3) x 1 0x00000000
core   0: 0x8000a7b4 (0x01769b13) slli    s6, a3, 23
core   0: 3 0x8000a7b4 (0x01769b13) x22 0xd6000000
core   0: 0x8000a7b8 (0x0000610d) c.addi16sp sp, 160
core   0: 3 0x8000a7b8 (0x610d) x 2 0x65d76f78
core   0: 0x8000a7ba (0x00910f63) beq     sp, s1, pc + 30
core   0: 3 0x8000a7ba (0x00910f63)
core   0: 0x8000a7be (0x0000100f) fence.i
core   0: 3 0x8000a7be (0x0000100f)
core   0: 0x8000a7c2 (0x004fc233) xor     tp, t6, tp
core   0: 3 0x8000a7c2 (0x004fc233) x 4 0x65d66eda
core   0: 0x8000a7c6 (0x000098ea) c.add   a7, s10
core   0: 3 0x8000a7c6 (0x98ea) x17 0x00017001
core   0: 0x8000a7c8 (0x000061d9) c.lui   gp, 0x16
core   0: 3 0x8000a7c8 (0x61d9) x 3 0x00016000
core   0: 0x8000a7ca (0x018a3633) sltu    a2, s4, s8
core   0: 3 0x8000a7ca (0x018a3633) x12 0x00000001
core   0: 0x8000a7ce (0xc503e593) ori     a1, t2, -944
core   0: 3 0x8000a7ce (0xc503e593) x11 0xfffffc50
core   0: 0x8000a7d2 (0x0000100f) fence.i
core   0: 3 0x8000a7d2 (0x0000100f)
core   0: 0x8000a7d6 (0x0000717d) c.addi16sp sp, -16
core   0: 3 0x8000a7d6 (0x717d) x 2 0x65d76f68
core   0: 0x8000a7d8 (0xeed8e313) ori     t1, a7, -275
core   0: 3 0x8000a7d8 (0xeed8e313) x 6 0xfffffeed
core   0: 0x8000a7dc (0xffec6fb7) lui     t6, 0xffec6
core   0: 3 0x8000a7dc (0xffec6fb7) x31 0xffec6000
core   0: 0x8000a7e0 (0x017755b3) srl     a1, a4, s7
core   0: 3 0x8000a7e0 (0x017755b3) x11 0x00000000
core   0: 0x8000a7e4 (0x0000967a) c.add   a2, t5
core   0: 3 0x8000a7e4 (0x967a) x12 0x80025ee5
core   0: 0x8000a7e6 (0x41b881b3) sub     gp, a7, s11
core   0: 3 0x8000a7e6 (0x41b881b3) x 3 0x00017001
core   0: 0x8000a7ea (0x01d6f533) and     a0, a3, t4
core   0: 3 0x8000a7ea (0x01d6f533) x10 0x00000000
core   0: 0x8000a7ee (0x017db333) sltu    t1, s11, s7
core   0: 3 0x8000a7ee (0x017db333) x 6 0x00000001
core   0: 0x8000a7f2 (0x00000a8c) c.addi4spn a1, sp, 336
core   0: 3 0x8000a7f2 (0x0a8c) x11 0x65d770b8
core   0: 0x8000a7f4 (0x02e46ab3) rem     s5, s0, a4
core   0: 3 0x8000a7f4 (0x02e46ab3) x21 0x00008000
core   0: 0x8000a7f8 (0x011a9713) slli    a4, s5, 17
core   0: 3 0x8000a7f8 (0x011a9713) x14 0x00000000
core   0: 0x8000a7fc (0x00f71a93) slli    s5, a4, 15
core   0: 3 0x8000a7fc (0x00f71a93) x21 0x00000000
core   0: 0x8000a800 (0x00006509) c.lui   a0, 0x2
core   0: 3 0x8000a800 (0x6509) x10 0x00002000
core   0: 0x8000a802 (0x40ddd133) sra     sp, s11, a3
core   0: 3 0x8000a802 (0x40ddd133) x 2 0x00000000
core   0: 0x8000a806 (0x00000001) c.nop
core   0: 3 0x8000a806 (0x0001)
core   0: 0x8000a808 (0x0185db93) srli    s7, a1, 24
core   0: 3 0x8000a808 (0x0185db93) x23 0x00000065
core   0: 0x8000a80c (0x6b69d737) lui     a4, 0x6b69d
core   0: 3 0x8000a80c (0x6b69d737) x14 0x6b69d000
core   0: 0x8000a810 (0x01c4d9b3) srl     s3, s1, t3
core   0: 3 0x8000a810 (0x01c4d9b3) x19 0x00010005
core   0: 0x8000a814 (0x00008799) c.srai  a5, 6
core   0: 3 0x8000a814 (0x8799) x15 0xffe40ffa
core   0: 0x8000a816 (0x000043dd) c.li    t2, 23
core   0: 3 0x8000a816 (0x43dd) x 7 0x00000017
core   0: 0x8000a818 (0x0000e289) c.bnez  a3, pc + 2
core   0: 3 0x8000a818 (0xe289)
core   0: 0x8000a81a (0x40a35893) srai    a7, t1, 10
core   0: 3 0x8000a81a (0x40a35893) x17 0x00000000
core   0: 0x8000a81e (0x00dd5f13) srli    t5, s10, 13
core   0: 3 0x8000a81e (0x00dd5f13) x30 0x0000000b
core   0: 0x8000a822 (0x037ce2b3) rem     t0, s9, s7
core   0: 3 0x8000a822 (0x037ce2b3) x 5 0x0000000e
core   0: 0x8000a826 (0x00464cb3) xor     s9, a2, tp
core   0: 3 0x8000a826 (0x00464cb3) x25 0xe5d4303f
core   0: 0x8000a82a (0x0000852d) c.srai  a0, 11
core   0: 3 0x8000a82a (0x852d) x10 0x00000004
core   0: 0x8000a82c (0x6e84d897) auipc   a7, 0x6e84d
core   0: 3 0x8000a82c (0x6e84d897) x17 0xee85782c
core   0: 0x8000a830 (0x0000100f) fence.i
core   0: 3 0x8000a830 (0x0000100f)
core   0: 0x8000a834 (0x0000495d) c.li    s2, 23
core   0: 3 0x8000a834 (0x495d) x18 0x00000017
core   0: 0x8000a836 (0x00004e33) xor     t3, zero, zero
core   0: 3 0x8000a836 (0x00004e33) x28 0x00000000
core   0: 0x8000a83a (0x00ed13b3) sll     t2, s10, a4
core   0: 3 0x8000a83a (0x00ed13b3) x 7 0x00017000
core   0: 0x8000a83e (0x03669b33) mulh    s6, a3, s6
core   0: 3 0x8000a83e (0x03669b33) x22 0xfedaa7b9
core   0: 0x8000a842 (0x018566b3) or      a3, a0, s8
core   0: 3 0x8000a842 (0x018566b3) x13 0xf485e51c
core   0: 0x8000a846 (0x0000c289) c.beqz  a3, pc + 2
core   0: 3 0x8000a846 (0xc289)
core   0: 0x8000a848 (0x01295e33) srl     t3, s2, s2
core   0: 3 0x8000a848 (0x01295e33) x28 0x00000000
core   0: 0x8000a84c (0x00d3ceb3) xor     t4, t2, a3
core   0: 3 0x8000a84c (0x00d3ceb3) x29 0xf484951c
core   0: 0x8000a850 (0x01334e33) xor     t3, t1, s3
core   0: 3 0x8000a850 (0x01334e33) x28 0x00010004
core   0: 0x8000a854 (0x035257b3) divu    a5, tp, s5
core   0: 3 0x8000a854 (0x035257b3) x15 0xffffffff
core   0: 0x8000a858 (0x01f057b3) srl     a5, zero, t6
core   0: 3 0x8000a858 (0x01f057b3) x15 0x00000000
core   0: 0x8000a85c (0x000087bd) c.srai  a5, 15
core   0: 3 0x8000a85c (0x87bd) x15 0x00000000
core   0: 0x8000a85e (0x00000431) c.addi  s0, 12
core   0: 3 0x8000a85e (0x0431) x 8 0x0000800c
core   0: 0x8000a860 (0x009fdfb3) srl     t6, t6, s1
core   0: 3 0x8000a860 (0x009fdfb3) x31 0x0ffec600
core   0: 0x8000a864 (0x02e5dcb3) divu    s9, a1, a4
core   0: 3 0x8000a864 (0x02e5dcb3) x25 0x00000000
core   0: 0x8000a868 (0x01311ab3) sll     s5, sp, s3
core   0: 3 0x8000a868 (0x01311ab3) x21 0x00000000
core   0: 0x8000a86c (0x034ae333) rem     t1, s5, s4
core   0: 3 0x8000a86c (0x034ae333) x 6 0x00000000
core   0: 0x8000a870 (0x034275b3) remu    a1, tp, s4
core   0: 3 0x8000a870 (0x034275b3) x11 0x65d66eda
core   0: 0x8000a874 (0x00000df2) c.slli  s11, 28
core   0: 3 0x8000a874 (0x0df2) x27 0x00000000
core   0: 0x8000a876 (0x0021dd13) srli    s10, gp, 2
core   0: 3 0x8000a876 (0x0021dd13) x26 0x00005c00
core   0: 0x8000a87a (0x0000cd85) c.beqz  a1, pc + 56
core   0: 3 0x8000a87a (0xcd85)
core   0: 0x8000a87c (0x0000100f) fence.i
core   0: 3 0x8000a87c (0x0000100f)
core   0: 0x8000a880 (0x5a542593) slti    a1, s0, 1445
core   0: 3 0x8000a880 (0x5a542593) x11 0x00000000
core   0: 0x8000a884 (0x03c11d33) mulh    s10, sp, t3
core   0: 3 0x8000a884 (0x03c11d33) x26 0x00000000
core   0: 0x8000a888 (0x000000a6) c.slli  ra, 9
core   0: 3 0x8000a888 (0x00a6) x 1 0x00000000
core   0: 0x8000a88a (0x0000e119) c.bnez  a0, pc + 6
core   0: 3 0x8000a88a (0xe119)
core   0: 0x8000a890 (0x003166b3) or      a3, sp, gp
core   0: 3 0x8000a890 (0x003166b3) x13 0x00017001
core   0: 0x8000a894 (0x0000089e) c.slli  a7, 7
core   0: 3 0x8000a894 (0x089e) x17 0x42bc1600
core   0: 0x8000a896 (0x00ed50b3) srl     ra, s10, a4
core   0: 3 0x8000a896 (0x00ed50b3) x 1 0x00000000
core   0: 0x8000a89a (0x026a19b3) mulh    s3, s4, t1
core   0: 3 0x8000a89a (0x026a19b3) x19 0x00000000
core   0: 0x8000a89e (0x000095aa) c.add   a1, a0
core   0: 3 0x8000a89e (0x95aa) x11 0x00000004
core   0: 0x8000a8a0 (0x00008c01) c.sub   s0, s0
core   0: 3 0x8000a8a0 (0x8c01) x 8 0x00000000
core   0: 0x8000a8a2 (0x00001e7d) c.addi  t3, -1
core   0: 3 0x8000a8a2 (0x1e7d) x28 0x00010003
core   0: 0x8000a8a4 (0x00008f01) c.sub   a4, s0
core   0: 3 0x8000a8a4 (0x8f01) x14 0x6b69d000
core   0: 0x8000a8a6 (0x03e5d6b3) divu    a3, a1, t5
core   0: 3 0x8000a8a6 (0x03e5d6b3) x13 0x00000000
core   0: 0x8000a8aa (0x239ca297) auipc   t0, 0x239ca
core   0: 3 0x8000a8aa (0x239ca297) x 5 0xa39d48aa
core   0: 0x8000a8ae (0x015498b3) sll     a7, s1, s5
core   0: 3 0x8000a8ae (0x015498b3) x17 0x80029ce4
core   0: 0x8000a8b2 (0x0ff0000f) fence   iorw,iorw
core   0: 3 0x8000a8b2 (0x0ff0000f)
core   0: 0x8000a8b6 (0x00008f16) c.mv    t5, t0
core   0: 3 0x8000a8b6 (0x8f16) x30 0xa39d48aa
core   0: 0x8000a8b8 (0x00d06c33) or      s8, zero, a3
core   0: 3 0x8000a8b8 (0x00d06c33) x24 0x00000000
core   0: 0x8000a8bc (0x0000e2b1) c.bnez  a3, pc + 68
core   0: 3 0x8000a8bc (0xe2b1)
core   0: 0x8000a8be (0x03109463) bne     ra, a7, pc + 40
core   0: 3 0x8000a8be (0x03109463)
core   0: 0x8000a8e6 (0x97448db7) lui     s11, 0x97448
core   0: 3 0x8000a8e6 (0x97448db7) x27 0x97448000
core   0: 0x8000a8ea (0x0ff0000f) fence   iorw,iorw
core   0: 3 0x8000a8ea (0x0ff0000f)
core   0: 0x8000a8ee (0x04ec0063) beq     s8, a4, pc + 64
core   0: 3 0x8000a8ee (0x04ec0063)
core   0: 0x8000a8f2 (0x01779c13) slli    s8, a5, 23
core   0: 3 0x8000a8f2 (0x01779c13) x24 0x00000000
core   0: 0x8000a8f6 (0x6f9d8013) addi    zero, s11, 1785
core   0: 3 0x8000a8f6 (0x6f9d8013)
core   0: 0x8000a8fa (0xd5033e13) sltiu   t3, t1, -688
core   0: 3 0x8000a8fa (0xd5033e13) x28 0x00000001
core   0: 0x8000a8fe (0x00008616) c.mv    a2, t0
core   0: 3 0x8000a8fe (0x8616) x12 0xa39d48aa
core   0: 0x8000a900 (0x07feae13) slti    t3, t4, 127
core   0: 3 0x8000a900 (0x07feae13) x28 0x00000001
core   0: 0x8000a904 (0x03730a63) beq     t1, s7, pc + 52
core   0: 3 0x8000a904 (0x03730a63)
core   0: 0x8000a908 (0x01d29e13) slli    t3, t0, 29
core   0: 3 0x8000a908 (0x01d29e13) x28 0x40000000
core   0: 0x8000a90c (0x0000041d) c.addi  s0, 7
core   0: 3 0x8000a90c (0x041d) x 8 0x00000007
core   0: 0x8000a90e (0x1f0f4613) xori    a2, t5, 496
core   0: 3 0x8000a90e (0x1f0f4613) x12 0xa39d495a
core   0: 0x8000a912 (0x020532b3) mulhu   t0, a0, zero
core   0: 3 0x8000a912 (0x020532b3) x 5 0x00000000
core   0: 0x8000a916 (0x00004941) c.li    s2, 16
core   0: 3 0x8000a916 (0x4941) x18 0x00000010
core   0: 0x8000a918 (0x00008e8d) c.sub   a3, a1
core   0: 3 0x8000a918 (0x8e8d) x13 0xfffffffc
core   0: 0x8000a91a (0x34530097) auipc   ra, 0x34530
core   0: 3 0x8000a91a (0x34530097) x 1 0xb453a91a
core   0: 0x8000a91e (0x013ac6b3) xor     a3, s5, s3
core   0: 3 0x8000a91e (0x013ac6b3) x13 0x00000000
core   0: 0x8000a922 (0x005b2233) slt     tp, s6, t0
core   0: 3 0x8000a922 (0x005b2233) x 4 0x00000001
core   0: 0x8000a926 (0x03f7b933) mulhu   s2, a5, t6
core   0: 3 0x8000a926 (0x03f7b933) x18 0x00000000
core   0: 0x8000a92a (0x40385cb3) sra     s9, a6, gp
core   0: 3 0x8000a92a (0x40385cb3) x25 0xc0012f32
core   0: 0x8000a92e (0x0000100f) fence.i
core   0: 3 0x8000a92e (0x0000100f)
core   0: 0x8000a932 (0xc14b8d13) addi    s10, s7, -1004
core   0: 3 0x8000a932 (0xc14b8d13) x26 0xfffffc79
core   0: 0x8000a936 (0x00000001) c.nop
core   0: 3 0x8000a936 (0x0001)
core   0: 0x8000a938 (0x000095f2) c.add   a1, t3
core   0: 3 0x8000a938 (0x95f2) x11 0x40000004
core   0: 0x8000a93a (0x396d8b13) addi    s6, s11, 918
core   0: 3 0x8000a93a (0x396d8b13) x22 0x97448396
core   0: 0x8000a93e (0x027d76b3) remu    a3, s10, t2
core   0: 3 0x8000a93e (0x027d76b3) x13 0x00005c79
core   0: 0x8000a942 (0x00005ffd) c.li    t6, -1
core   0: 3 0x8000a942 (0x5ffd) x31 0xffffffff
core   0: 0x8000a944 (0x4118d6b3) sra     a3, a7, a7
core   0: 3 0x8000a944 (0x4118d6b3) x13 0xf80029ce
core   0: 0x8000a948 (0x01d35213) srli    tp, t1, 29
core   0: 3 0x8000a948 (0x01d35213) x 4 0x00000000
core   0: 0x8000a94c (0x017bbc33) sltu    s8, s7, s7
core   0: 3 0x8000a94c (0x017bbc33) x24 0x00000000
core   0: 0x8000a950 (0x03818463) beq     gp, s8, pc + 40
core   0: 3 0x8000a950 (0x03818463)
core   0: 0x8000a954 (0x00008be9) c.andi  a5, 26
core   0: 3 0x8000a954 (0x8be9) x15 0x00000000
core   0: 0x8000a956 (0x0280a6b3) mulhsu  a3, ra, s0
core   0: 3 0x8000a956 (0x0280a6b3) x13 0xfffffffd
core   0: 0x8000a95a (0x08000b13) li      s6, 128
core   0: 3 0x8000a95a (0x08000b13) x22 0x00000080
core   0: 0x8000a95e (0x00000001) c.nop
core   0: 3 0x8000a95e (0x0001)
core   0: 0x8000a960 (0x00008409) c.srai  s0, 2
core   0: 3 0x8000a960 (0x8409) x 8 0x00000001
core   0: 0x8000a962 (0x00d05c33) srl     s8, zero, a3
core   0: 3 0x8000a962 (0x00d05c33) x24 0x00000000
core   0: 0x8000a966 (0x41080c33) sub     s8, a6, a6
core   0: 3 0x8000a966 (0x41080c33) x24 0x00000000
core   0: 0x8000a96a (0x00008b69) c.andi  a4, 26
core   0: 3 0x8000a96a (0x8b69) x14 0x00000000
core   0: 0x8000a96c (0x2bb37913) andi    s2, t1, 699
core   0: 3 0x8000a96c (0x2bb37913) x18 0x00000000
core   0: 0x8000a970 (0x1411bb13) sltiu   s6, gp, 321
core   0: 3 0x8000a970 (0x1411bb13) x22 0x00000000
core   0: 0x8000a974 (0x03acd1b3) divu    gp, s9, s10
core   0: 3 0x8000a974 (0x03acd1b3) x 3 0x00000000
core   0: 0x8000a978 (0x4034d793) srai    a5, s1, 3
core   0: 3 0x8000a978 (0x4034d793) x15 0xf000539c
core   0: 0x8000a97c (0x00edcd33) xor     s10, s11, a4
core   0: 3 0x8000a97c (0x00edcd33) x26 0x97448000
core   0: 0x8000a980 (0x00008ec9) c.or    a3, a0
core   0: 3 0x8000a980 (0x8ec9) x13 0xfffffffd
core   0: 0x8000a982 (0x01cc4333) xor     t1, s8, t3
core   0: 3 0x8000a982 (0x01cc4333) x 6 0x40000000
core   0: 0x8000a986 (0x01d71cb3) sll     s9, a4, t4
core   0: 3 0x8000a986 (0x01d71cb3) x25 0x00000000
core   0: 0x8000a98a (0x00008649) c.srai  a2, 18
core   0: 3 0x8000a98a (0x8649) x12 0xffffe8e7
core   0: 0x8000a98c (0x01d7d013) srli    zero, a5, 29
core   0: 3 0x8000a98c (0x01d7d013)
core   0: 0x8000a990 (0x008925b3) slt     a1, s2, s0
core   0: 3 0x8000a990 (0x008925b3) x11 0x00000001
core   0: 0x8000a994 (0x0135a933) slt     s2, a1, s3
core   0: 3 0x8000a994 (0x0135a933) x18 0x00000000
core   0: 0x8000a998 (0x000000ce) c.slli  ra, 19
core   0: 3 0x8000a998 (0x00ce) x 1 0x48d00000
core   0: 0x8000a99a (0x00006735) c.lui   a4, 0xd
core   0: 3 0x8000a99a (0x6735) x14 0x0000d000
core   0: 0x8000a99c (0x000cc463) bltz    s9, pc + 8
core   0: 3 0x8000a99c (0x000cc463)
core   0: 0x8000a9a0 (0x0340f463) bgeu    ra, s4, pc + 40
core   0: 3 0x8000a9a0 (0x0340f463)
core   0: 0x8000a9a4 (0x0000622d) c.lui   tp, 0xb
core   0: 3 0x8000a9a4 (0x622d) x 4 0x0000b000
core   0: 0x8000a9a6 (0x71d87e93) andi    t4, a6, 1821
core   0: 3 0x8000a9a6 (0x71d87e93) x29 0x00000604
core   0: 0x8000a9aa (0x007d4933) xor     s2, s10, t2
core   0: 3 0x8000a9aa (0x007d4933) x18 0x9745f000
core   0: 0x8000a9ae (0x039c9b33) mulh    s6, s9, s9
core   0: 3 0x8000a9ae (0x039c9b33) x22 0x00000000
core   0: 0x8000a9b2 (0x00001094) c.addi4spn a3, sp, 96
core   0: 3 0x8000a9b2 (0x1094) x13 0x00000060
core   0: 0x8000a9b4 (0x005b4ab3) xor     s5, s6, t0
core   0: 3 0x8000a9b4 (0x005b4ab3) x21 0x00000000
core   0: 0x8000a9b8 (0x00000001) c.nop
core   0: 3 0x8000a9b8 (0x0001)
core   0: 0x8000a9ba (0x000f5763) bgez    t5, pc + 14
core   0: 3 0x8000a9ba (0x000f5763)
core   0: 0x8000a9be (0x40c6df13) srai    t5, a3, 12
core   0: 3 0x8000a9be (0x40c6df13) x30 0x00000000
core   0: 0x8000a9c2 (0x000000ce) c.slli  ra, 19
core   0: 3 0x8000a9c2 (0x00ce) x 1 0x00000000
core   0: 0x8000a9c4 (0x41f50b33) sub     s6, a0, t6
core   0: 3 0x8000a9c4 (0x41f50b33) x22 0x00000005
core   0: 0x8000a9c8 (0x0000c195) c.beqz  a1, pc + 36
core   0: 3 0x8000a9c8 (0xc195)
core   0: 0x8000a9ca (0x01adcbb3) xor     s7, s11, s10
core   0: 3 0x8000a9ca (0x01adcbb3) x23 0x00000000
core   0: 0x8000a9ce (0xf3e6be13) sltiu   t3, a3, -194
core   0: 3 0x8000a9ce (0xf3e6be13) x28 0x00000001
core   0: 0x8000a9d2 (0x00000d32) c.slli  s10, 12
core   0: 3 0x8000a9d2 (0x0d32) x26 0x48000000
core   0: 0x8000a9d4 (0x00000001) c.nop
core   0: 3 0x8000a9d4 (0x0001)
core   0: 0x8000a9d6 (0x00de2433) slt     s0, t3, a3
core   0: 3 0x8000a9d6 (0x00de2433) x 8 0x00000001
core   0: 0x8000a9da (0x00c11333) sll     t1, sp, a2
core   0: 3 0x8000a9da (0x00c11333) x 6 0x00000000
core   0: 0x8000a9de (0x03f07db3) remu    s11, zero, t6
core   0: 3 0x8000a9de (0x03f07db3) x27 0x00000000
core   0: 0x8000a9e2 (0x00009fe6) c.add   t6, s9
core   0: 3 0x8000a9e2 (0x9fe6) x31 0xffffffff
core   0: 0x8000a9e4 (0x0086abb3) slt     s7, a3, s0
core   0: 3 0x8000a9e4 (0x0086abb3) x23 0x00000000
core   0: 0x8000a9e8 (0x03c99f33) mulh    t5, s3, t3
core   0: 3 0x8000a9e8 (0x03c99f33) x30 0x00000000
core   0: 0x8000a9ec (0x01401893) slli    a7, zero, 20
core   0: 3 0x8000a9ec (0x01401893) x17 0x00000000
core   0: 0x8000a9f0 (0x02e932b3) mulhu   t0, s2, a4
core   0: 3 0x8000a9f0 (0x02e932b3) x 5 0x00007ae8
core   0: 0x8000a9f4 (0x00af3f33) sltu    t5, t5, a0
core   0: 3 0x8000a9f4 (0x00af3f33) x30 0x00000001
core   0: 0x8000a9f8 (0x0000828d) c.srli  a3, 3
core   0: 3 0x8000a9f8 (0x828d) x13 0x0000000c
core   0: 0x8000a9fa (0x9d72b3b7) lui     t2, 0x9d72b
core   0: 3 0x8000a9fa (0x9d72b3b7) x 7 0x9d72b000
core   0: 0x8000a9fe (0x00b427b3) slt     a5, s0, a1
core   0: 3 0x8000a9fe (0x00b427b3) x15 0x00000000
core   0: 0x8000aa02 (0x000085b1) c.srai  a1, 12
core   0: 3 0x8000aa02 (0x85b1) x11 0x00000000
core   0: 0x8000aa04 (0x41df0bb3) sub     s7, t5, t4
core   0: 3 0x8000aa04 (0x41df0bb3) x23 0xfffff9fd
core   0: 0x8000aa08 (0x00000001) c.nop
core   0: 3 0x8000aa08 (0x0001)
core   0: 0x8000aa0a (0x015d1893) slli    a7, s10, 21
core   0: 3 0x8000aa0a (0x015d1893) x17 0x00000000
core   0: 0x8000aa0e (0x00008f2d) c.xor   a4, a1
core   0: 3 0x8000aa0e (0x8f2d) x14 0x0000d000
core   0: 0x8000aa10 (0x025fcd33) div     s10, t6, t0
core   0: 3 0x8000aa10 (0x025fcd33) x26 0x00000000
core   0: 0x8000aa14 (0x00d216b3) sll     a3, tp, a3
core   0: 3 0x8000aa14 (0x00d216b3) x13 0x0b000000
core   0: 0x8000aa18 (0x03dde6b3) rem     a3, s11, t4
core   0: 3 0x8000aa18 (0x03dde6b3) x13 0x00000000
core   0: 0x8000aa1c (0x00000001) c.nop
core   0: 3 0x8000aa1c (0x0001)
core   0: 0x8000aa1e (0x00008071) c.srli  s0, 28
core   0: 3 0x8000aa1e (0x8071) x 8 0x00000000
core   0: 0x8000aa20 (0x0000ce09) c.beqz  a2, pc + 26
core   0: 3 0x8000aa20 (0xce09)
core   0: 0x8000aa22 (0x03c3fc33) remu    s8, t2, t3
core   0: 3 0x8000aa22 (0x03c3fc33) x24 0x00000000
core   0: 0x8000aa26 (0x0111ea63) bltu    gp, a7, pc + 20
core   0: 3 0x8000aa26 (0x0111ea63)
core   0: 0x8000aa2a (0x41ce5613) srai    a2, t3, 28
core   0: 3 0x8000aa2a (0x41ce5613) x12 0x00000000
core   0: 0x8000aa2e (0x8a882993) slti    s3, a6, -1880
core   0: 3 0x8000aa2e (0x8a882993) x19 0x00000001
core   0: 0x8000aa32 (0x004738b3) sltu    a7, a4, tp
core   0: 3 0x8000aa32 (0x004738b3) x17 0x00000000
core   0: 0x8000aa36 (0x03ef8d33) mul     s10, t6, t5
core   0: 3 0x8000aa36 (0x03ef8d33) x26 0xffffffff
core   0: 0x8000aa3a (0x036d9933) mulh    s2, s11, s6
core   0: 3 0x8000aa3a (0x036d9933) x18 0x00000000
core   0: 0x8000aa3e (0x41ea00b3) sub     ra, s4, t5
core   0: 3 0x8000aa3e (0x41ea00b3) x 1 0x7fffffff
core   0: 0x8000aa42 (0x9b0a2413) slti    s0, s4, -1616
core   0: 3 0x8000aa42 (0x9b0a2413) x 8 0x00000001
core   0: 0x8000aa46 (0xed6865b7) lui     a1, 0xed686
core   0: 3 0x8000aa46 (0xed6865b7) x11 0xed686000
core   0: 0x8000aa4a (0x4029dbb3) sra     s7, s3, sp
core   0: 3 0x8000aa4a (0x4029dbb3) x23 0x00000001
core   0: 0x8000aa4e (0x000083d5) c.srli  a5, 21
core   0: 3 0x8000aa4e (0x83d5) x15 0x00000000
core   0: 0x8000aa50 (0x8fd8bf93) sltiu   t6, a7, -1795
core   0: 3 0x8000aa50 (0x8fd8bf93) x31 0x00000001
core   0: 0x8000aa54 (0x00000001) c.nop
core   0: 3 0x8000aa54 (0x0001)
core   0: 0x8000aa56 (0x00ddde13) srli    t3, s11, 13
core   0: 3 0x8000aa56 (0x00ddde13) x28 0x00000000
core   0: 0x8000aa5a (0x00deb533) sltu    a0, t4, a3
core   0: 3 0x8000aa5a (0x00deb533) x10 0x00000000
core   0: 0x8000aa5e (0x00006459) c.lui   s0, 0x16
core   0: 3 0x8000aa5e (0x6459) x 8 0x00016000
core   0: 0x8000aa60 (0x00001f1c) c.addi4spn a5, sp, 944
core   0: 3 0x8000aa60 (0x1f1c) x15 0x000003b0
core   0: 0x8000aa62 (0x03ff0cb3) mul     s9, t5, t6
core   0: 3 0x8000aa62 (0x03ff0cb3) x25 0x00000001
core   0: 0x8000aa66 (0x00008df1) c.and   a1, a2
core   0: 3 0x8000aa66 (0x8df1) x11 0x00000000
core   0: 0x8000aa68 (0x00000b49) c.addi  s6, 18
core   0: 3 0x8000aa68 (0x0b49) x22 0x00000017
core   0: 0x8000aa6a (0x00008fd5) c.or    a5, a3
core   0: 3 0x8000aa6a (0x8fd5) x15 0x000003b0
core   0: 0x8000aa6c (0xd6387697) auipc   a3, 0xd6387
core   0: 3 0x8000aa6c (0xd6387697) x13 0x56391a6c
core   0: 0x8000aa70 (0x00008952) c.mv    s2, s4
core   0: 3 0x8000aa70 (0x8952) x18 0x80000000
core   0: 0x8000aa72 (0x0229f6b3) remu    a3, s3, sp
core   0: 3 0x8000aa72 (0x0229f6b3) x13 0x00000001
core   0: 0x8000aa76 (0x03d88bb3) mul     s7, a7, t4
core   0: 3 0x8000aa76 (0x03d88bb3) x23 0x00000000
core   0: 0x8000aa7a (0x0000eb1d) c.bnez  a4, pc + 54
core   0: 3 0x8000aa7a (0xeb1d)
core   0: 0x8000aab0 (0x00008e11) c.sub   a2, a2
core   0: 3 0x8000aab0 (0x8e11) x12 0x00000000
core   0: 0x8000aab2 (0x00000001) c.nop
core   0: 3 0x8000aab2 (0x0001)
core   0: 0x8000aab4 (0x03694633) div     a2, s2, s6
core   0: 3 0x8000aab4 (0x03694633) x12 0xfa6f4dea
core   0: 0x8000aab8 (0xf0b82597) auipc   a1, 0xf0b82
core   0: 3 0x8000aab8 (0xf0b82597) x11 0x70b8cab8
core   0: 0x8000aabc (0x0000597d) c.li    s2, -1
core   0: 3 0x8000aabc (0x597d) x18 0xffffffff
core   0: 0x8000aabe (0x00f66733) or      a4, a2, a5
core   0: 3 0x8000aabe (0x00f66733) x14 0xfa6f4ffa
core   0: 0x8000aac2 (0x000062c1) c.lui   t0, 0x10
core   0: 3 0x8000aac2 (0x62c1) x 5 0x00010000
core   0: 0x8000aac4 (0x00006991) c.lui   s3, 0x4
core   0: 3 0x8000aac4 (0x6991) x19 0x00004000
core   0: 0x8000aac6 (0x0101abb3) slt     s7, gp, a6
core   0: 3 0x8000aac6 (0x0101abb3) x23 0x00000000
core   0: 0x8000aaca (0x0142ff63) bgeu    t0, s4, pc + 30
core   0: 3 0x8000aaca (0x0142ff63)
core   0: 0x8000aace (0x00008f5d) c.or    a4, a5
core   0: 3 0x8000aace (0x8f5d) x14 0xfa6f4ffa
core   0: 0x8000aad0 (0x02791c33) mulh    s8, s2, t2
core   0: 3 0x8000aad0 (0x02791c33) x24 0x00000000
core   0: 0x8000aad4 (0x0000100f) fence.i
core   0: 3 0x8000aad4 (0x0000100f)
core   0: 0x8000aad8 (0xca2a4d93) xori    s11, s4, -862
core   0: 3 0x8000aad8 (0xca2a4d93) x27 0x7ffffca2
core   0: 0x8000aadc (0x0000033a) c.slli  t1, 14
core   0: 3 0x8000aadc (0x033a) x 6 0x00000000
core   0: 0x8000aade (0x007389b3) add     s3, t2, t2
core   0: 3 0x8000aade (0x007389b3) x19 0x3ae56000
core   0: 0x8000aae2 (0x00001900) c.addi4spn s0, sp, 176
core   0: 3 0x8000aae2 (0x1900) x 8 0x000000b0
core   0: 0x8000aae4 (0xa55d7013) andi    zero, s10, -1451
core   0: 3 0x8000aae4 (0xa55d7013)
core   0: 0x8000aae8 (0x000008b9) c.addi  a7, 14
core   0: 3 0x8000aae8 (0x08b9) x17 0x0000000e
core   0: 0x8000aaea (0x1def4013) xori    zero, t5, 478
core   0: 3 0x8000aaea (0x1def4013)
core   0: 0x8000aaee (0x02b807b3) mul     a5, a6, a1
core   0: 3 0x8000aaee (0x02b807b3) x15 0x780ebfe0
core   0: 0x8000aaf2 (0x00d300b3) add     ra, t1, a3
core   0: 3 0x8000aaf2 (0x00d300b3) x 1 0x00000001
core   0: 0x8000aaf6 (0x49d7deb7) lui     t4, 0x49d7d
core   0: 3 0x8000aaf6 (0x49d7deb7) x29 0x49d7d000
core   0: 0x8000aafa (0x021d3ab3) mulhu   s5, s10, ra
core   0: 3 0x8000aafa (0x021d3ab3) x21 0x00000000
core   0: 0x8000aafe (0x00296563) bltu    s2, sp, pc + 10
core   0: 3 0x8000aafe (0x00296563)
core   0: 0x8000ab02 (0x014c7233) and     tp, s8, s4
core   0: 3 0x8000ab02 (0x014c7233) x 4 0x00000000
core   0: 0x8000ab06 (0x0000e009) c.bnez  s0, pc + 2
core   0: 3 0x8000ab06 (0xe009)
core   0: 0x8000ab08 (0x01b4ee33) or      t3, s1, s11
core   0: 3 0x8000ab08 (0x01b4ee33) x28 0xfffffce6
core   0: 0x8000ab0c (0x00000a17) auipc   s4, 0x0
core   0: 3 0x8000ab0c (0x00000a17) x20 0x8000ab0c
core   0: 0x8000ab10 (0x00ca0a13) addi    s4, s4, 12
core   0: 3 0x8000ab10 (0x00ca0a13) x20 0x8000ab18
core   0: 0x8000ab14 (0x000a0067) jr      s4
core   0: 3 0x8000ab14 (0x000a0067)
core   0: 0x8000ab18 (0x00004185) c.li    gp, 1
core   0: 3 0x8000ab18 (0x4185) x 3 0x00000001
core   0: 0x8000ab1a (0x00000073) ecall
core   0: exception trap_machine_ecall, epc 0x8000ab1a
core   0: >>>>  mtvec_handler
core   0: 0x8000f550 (0x0400006f) j       pc + 0x40
core   0: 3 0x8000f550 (0x0400006f)
core   0: 0x8000f590 (0x000014f1) c.addi  s1, -4
core   0: 3 0x8000f590 (0x14f1) x 9 0x80029ce0
core   0: 0x8000f592 (0x0104a023) sw      a6, 0(s1)
core   0: 3 0x8000f592 (0x0104a023) mem 0x80029ce0 0x80025e64
core   0: 0x8000f596 (0x00048833) add     a6, s1, zero
core   0: 3 0x8000f596 (0x00048833) x16 0x80029ce0
core   0: 0x8000f59a (0xf8080813) addi    a6, a6, -128
core   0: 3 0x8000f59a (0xf8080813) x16 0x80029c60
core   0: 0x8000f59e (0x00182223) sw      ra, 4(a6)
core   0: 3 0x8000f59e (0x00182223) mem 0x80029c64 0x00000001
core   0: 0x8000f5a2 (0x00282423) sw      sp, 8(a6)
core   0: 3 0x8000f5a2 (0x00282423) mem 0x80029c68 0x00000000
core   0: 0x8000f5a6 (0x00382623) sw      gp, 12(a6)
core   0: 3 0x8000f5a6 (0x00382623) mem 0x80029c6c 0x00000001
core   0: 0x8000f5aa (0x00482823) sw      tp, 16(a6)
core   0: 3 0x8000f5aa (0x00482823) mem 0x80029c70 0x00000000
core   0: 0x8000f5ae (0x00582a23) sw      t0, 20(a6)
core   0: 3 0x8000f5ae (0x00582a23) mem 0x80029c74 0x00010000
core   0: 0x8000f5b2 (0x00682c23) sw      t1, 24(a6)
core   0: 3 0x8000f5b2 (0x00682c23) mem 0x80029c78 0x00000000
core   0: 0x8000f5b6 (0x00782e23) sw      t2, 28(a6)
core   0: 3 0x8000f5b6 (0x00782e23) mem 0x80029c7c 0x9d72b000
core   0: 0x8000f5ba (0x02882023) sw      s0, 32(a6)
core   0: 3 0x8000f5ba (0x02882023) mem 0x80029c80 0x000000b0
core   0: 0x8000f5be (0x02982223) sw      s1, 36(a6)
core   0: 3 0x8000f5be (0x02982223) mem 0x80029c84 0x80029ce0
core   0: 0x8000f5c2 (0x02a82423) sw      a0, 40(a6)
core   0: 3 0x8000f5c2 (0x02a82423) mem 0x80029c88 0x00000000
core   0: 0x8000f5c6 (0x02b82623) sw      a1, 44(a6)
core   0: 3 0x8000f5c6 (0x02b82623) mem 0x80029c8c 0x70b8cab8
core   0: 0x8000f5ca (0x02c82823) sw      a2, 48(a6)
core   0: 3 0x8000f5ca (0x02c82823) mem 0x80029c90 0xfa6f4dea
core   0: 0x8000f5ce (0x02d82a23) sw      a3, 52(a6)
core   0: 3 0x8000f5ce (0x02d82a23) mem 0x80029c94 0x00000001
core   0: 0x8000f5d2 (0x02e82c23) sw      a4, 56(a6)
core   0: 3 0x8000f5d2 (0x02e82c23) mem 0x80029c98 0xfa6f4ffa
core   0: 0x8000f5d6 (0x02f82e23) sw      a5, 60(a6)
core   0: 3 0x8000f5d6 (0x02f82e23) mem 0x80029c9c 0x780ebfe0
core   0: 0x8000f5da (0x05082023) sw      a6, 64(a6)
core   0: 3 0x8000f5da (0x05082023) mem 0x80029ca0 0x80029c60
core   0: 0x8000f5de (0x05182223) sw      a7, 68(a6)
core   0: 3 0x8000f5de (0x05182223) mem 0x80029ca4 0x0000000e
core   0: 0x8000f5e2 (0x05282423) sw      s2, 72(a6)
core   0: 3 0x8000f5e2 (0x05282423) mem 0x80029ca8 0xffffffff
core   0: 0x8000f5e6 (0x05382623) sw      s3, 76(a6)
core   0: 3 0x8000f5e6 (0x05382623) mem 0x80029cac 0x3ae56000
core   0: 0x8000f5ea (0x05482823) sw      s4, 80(a6)
core   0: 3 0x8000f5ea (0x05482823) mem 0x80029cb0 0x8000ab18
core   0: 0x8000f5ee (0x05582a23) sw      s5, 84(a6)
core   0: 3 0x8000f5ee (0x05582a23) mem 0x80029cb4 0x00000000
core   0: 0x8000f5f2 (0x05682c23) sw      s6, 88(a6)
core   0: 3 0x8000f5f2 (0x05682c23) mem 0x80029cb8 0x00000017
core   0: 0x8000f5f6 (0x05782e23) sw      s7, 92(a6)
core   0: 3 0x8000f5f6 (0x05782e23) mem 0x80029cbc 0x00000000
core   0: 0x8000f5fa (0x07882023) sw      s8, 96(a6)
core   0: 3 0x8000f5fa (0x07882023) mem 0x80029cc0 0x00000000
core   0: 0x8000f5fe (0x07982223) sw      s9, 100(a6)
core   0: 3 0x8000f5fe (0x07982223) mem 0x80029cc4 0x00000001
core   0: 0x8000f602 (0x07a82423) sw      s10, 104(a6)
core   0: 3 0x8000f602 (0x07a82423) mem 0x80029cc8 0xffffffff
core   0: 0x8000f606 (0x07b82623) sw      s11, 108(a6)
core   0: 3 0x8000f606 (0x07b82623) mem 0x80029ccc 0x7ffffca2
core   0: 0x8000f60a (0x07c82823) sw      t3, 112(a6)
core   0: 3 0x8000f60a (0x07c82823) mem 0x80029cd0 0xfffffce6
core   0: 0x8000f60e (0x07d82a23) sw      t4, 116(a6)
core   0: 3 0x8000f60e (0x07d82a23) mem 0x80029cd4 0x49d7d000
core   0: 0x8000f612 (0x07e82c23) sw      t5, 120(a6)
core   0: 3 0x8000f612 (0x07e82c23) mem 0x80029cd8 0x00000001
core   0: 0x8000f616 (0x07f82e23) sw      t6, 124(a6)
core   0: 3 0x8000f616 (0x07f82e23) mem 0x80029cdc 0x00000001
core   0: 0x8000f61a (0x000804b3) add     s1, a6, zero
core   0: 3 0x8000f61a (0x000804b3) x 9 0x80029c60
core   0: 0x8000f61e (0x34102c73) csrr    s8, mepc
core   0: 3 0x8000f61e (0x34102c73) x24 0x8000ab1a
core   0: 0x8000f622 (0x34202c73) csrr    s8, mcause
core   0: 3 0x8000f622 (0x34202c73) x24 0x0000000b
core   0: 0x8000f626 (0x0000468d) c.li    a3, 3
core   0: 3 0x8000f626 (0x468d) x13 0x00000003
core   0: 0x8000f628 (0x28dc0d63) beq     s8, a3, pc + 666
core   0: 3 0x8000f628 (0x28dc0d63)
core   0: 0x8000f62c (0x000046a1) c.li    a3, 8
core   0: 3 0x8000f62c (0x46a1) x13 0x00000008
core   0: 0x8000f62e (0x04dc0563) beq     s8, a3, pc + 74
core   0: 3 0x8000f62e (0x04dc0563)
core   0: 0x8000f632 (0x000046a5) c.li    a3, 9
core   0: 3 0x8000f632 (0x46a5) x13 0x00000009
core   0: 0x8000f634 (0x04dc0263) beq     s8, a3, pc + 68
core   0: 3 0x8000f634 (0x04dc0263)
core   0: 0x8000f638 (0x000046ad) c.li    a3, 11
core   0: 3 0x8000f638 (0x46ad) x13 0x0000000b
core   0: 0x8000f63a (0x02dc0f63) beq     s8, a3, pc + 62
core   0: 3 0x8000f63a (0x02dc0f63)
core   0: 0x8000f678 (0xffff1c17) auipc   s8, 0xffff1
core   0: 3 0x8000f678 (0xffff1c17) x24 0x80000678
core   0: 0x8000f67c (0x988c0c13) addi    s8, s8, -1656
core   0: 3 0x8000f67c (0x988c0c13) x24 0x80000000
core   0: 0x8000f680 (0x000c2023) sw      zero, 0(s8)
core   0: 3 0x8000f680 (0x000c2023) mem 0x80000000 0x00000000
core   0: 0x8000f684 (0x001c2223) sw      ra, 4(s8)
core   0: 3 0x8000f684 (0x001c2223) mem 0x80000004 0x00000001
core   0: 0x8000f688 (0x002c2423) sw      sp, 8(s8)
core   0: 3 0x8000f688 (0x002c2423) mem 0x80000008 0x00000000
core   0: 0x8000f68c (0x003c2623) sw      gp, 12(s8)
core   0: 3 0x8000f68c (0x003c2623) mem 0x8000000c 0x00000001
core   0: 0x8000f690 (0x004c2823) sw      tp, 16(s8)
core   0: 3 0x8000f690 (0x004c2823) mem 0x80000010 0x00000000
core   0: 0x8000f694 (0x005c2a23) sw      t0, 20(s8)
core   0: 3 0x8000f694 (0x005c2a23) mem 0x80000014 0x00010000
core   0: 0x8000f698 (0x006c2c23) sw      t1, 24(s8)
core   0: 3 0x8000f698 (0x006c2c23) mem 0x80000018 0x00000000
core   0: 0x8000f69c (0x007c2e23) sw      t2, 28(s8)
core   0: 3 0x8000f69c (0x007c2e23) mem 0x8000001c 0x9d72b000
core   0: 0x8000f6a0 (0x028c2023) sw      s0, 32(s8)
core   0: 3 0x8000f6a0 (0x028c2023) mem 0x80000020 0x000000b0
core   0: 0x8000f6a4 (0x029c2223) sw      s1, 36(s8)
core   0: 3 0x8000f6a4 (0x029c2223) mem 0x80000024 0x80029c60
core   0: 0x8000f6a8 (0x02ac2423) sw      a0, 40(s8)
core   0: 3 0x8000f6a8 (0x02ac2423) mem 0x80000028 0x00000000
core   0: 0x8000f6ac (0x02bc2623) sw      a1, 44(s8)
core   0: 3 0x8000f6ac (0x02bc2623) mem 0x8000002c 0x70b8cab8
core   0: 0x8000f6b0 (0x02cc2823) sw      a2, 48(s8)
core   0: 3 0x8000f6b0 (0x02cc2823) mem 0x80000030 0xfa6f4dea
core   0: 0x8000f6b4 (0x02dc2a23) sw      a3, 52(s8)
core   0: 3 0x8000f6b4 (0x02dc2a23) mem 0x80000034 0x0000000b
core   0: 0x8000f6b8 (0x02ec2c23) sw      a4, 56(s8)
core   0: 3 0x8000f6b8 (0x02ec2c23) mem 0x80000038 0xfa6f4ffa
core   0: 0x8000f6bc (0x02fc2e23) sw      a5, 60(s8)
core   0: 3 0x8000f6bc (0x02fc2e23) mem 0x8000003c 0x780ebfe0
core   0: 0x8000f6c0 (0x050c2023) sw      a6, 64(s8)
core   0: 3 0x8000f6c0 (0x050c2023) mem 0x80000040 0x80029c60
core   0: 0x8000f6c4 (0x051c2223) sw      a7, 68(s8)
core   0: 3 0x8000f6c4 (0x051c2223) mem 0x80000044 0x0000000e
core   0: 0x8000f6c8 (0x052c2423) sw      s2, 72(s8)
core   0: 3 0x8000f6c8 (0x052c2423) mem 0x80000048 0xffffffff
core   0: 0x8000f6cc (0x053c2623) sw      s3, 76(s8)
core   0: 3 0x8000f6cc (0x053c2623) mem 0x8000004c 0x3ae56000
core   0: 0x8000f6d0 (0x054c2823) sw      s4, 80(s8)
core   0: 3 0x8000f6d0 (0x054c2823) mem 0x80000050 0x8000ab18
core   0: 0x8000f6d4 (0x055c2a23) sw      s5, 84(s8)
core   0: 3 0x8000f6d4 (0x055c2a23) mem 0x80000054 0x00000000
core   0: 0x8000f6d8 (0x056c2c23) sw      s6, 88(s8)
core   0: 3 0x8000f6d8 (0x056c2c23) mem 0x80000058 0x00000017
core   0: 0x8000f6dc (0x057c2e23) sw      s7, 92(s8)
core   0: 3 0x8000f6dc (0x057c2e23) mem 0x8000005c 0x00000000
core   0: 0x8000f6e0 (0x078c2023) sw      s8, 96(s8)
core   0: 3 0x8000f6e0 (0x078c2023) mem 0x80000060 0x80000000
core   0: 0x8000f6e4 (0x079c2223) sw      s9, 100(s8)
core   0: 3 0x8000f6e4 (0x079c2223) mem 0x80000064 0x00000001
core   0: 0x8000f6e8 (0x07ac2423) sw      s10, 104(s8)
core   0: 3 0x8000f6e8 (0x07ac2423) mem 0x80000068 0xffffffff
core   0: 0x8000f6ec (0x07bc2623) sw      s11, 108(s8)
core   0: 3 0x8000f6ec (0x07bc2623) mem 0x8000006c 0x7ffffca2
core   0: 0x8000f6f0 (0x07cc2823) sw      t3, 112(s8)
core   0: 3 0x8000f6f0 (0x07cc2823) mem 0x80000070 0xfffffce6
core   0: 0x8000f6f4 (0x07dc2a23) sw      t4, 116(s8)
core   0: 3 0x8000f6f4 (0x07dc2a23) mem 0x80000074 0x49d7d000
core   0: 0x8000f6f8 (0x07ec2c23) sw      t5, 120(s8)
core   0: 3 0x8000f6f8 (0x07ec2c23) mem 0x80000078 0x00000001
core   0: 0x8000f6fc (0x07fc2e23) sw      t6, 124(s8)
core   0: 3 0x8000f6fc (0x07fc2e23) mem 0x8000007c 0x00000001
core   0: 0x8000f700 (0xfffffa17) auipc   s4, 0xfffff
core   0: 3 0x8000f700 (0xfffffa17) x20 0x8000e700
core   0: 0x8000f704 (0x458a0a13) addi    s4, s4, 1112
core   0: 3 0x8000f704 (0x458a0a13) x20 0x8000eb58
core   0: 0x8000f708 (0x000a0067) jr      s4
core   0: 3 0x8000f708 (0x000a0067)
core   0: 0x8000eb58 (0x00001f17) auipc   t5, 0x1
core   0: 3 0x8000eb58 (0x00001f17) x30 0x8000fb58
core   0: 0x8000eb5c (0x4a3f2423) sw      gp, 1192(t5)
core   0: 3 0x8000eb5c (0x4a3f2423) mem 0x80010000 0x00000001
core   0: 0x8000eb60 (0x0000bfe5) c.j     pc - 8
core   0: 3 0x8000eb60 (0xbfe5)
core   0: 0x8000eb58 (0x00001f17) auipc   t5, 0x1
core   0: 3 0x8000eb58 (0x00001f17) x30 0x8000fb58
core   0: 0x8000eb5c (0x4a3f2423) sw      gp, 1192(t5)
core   0: 3 0x8000eb5c (0x4a3f2423) mem 0x80010000 0x00000001
core   0: 0x8000eb60 (0x0000bfe5) c.j     pc - 8
core   0: 3 0x8000eb60 (0xbfe5)
core   0: 0x8000eb58 (0x00001f17) auipc   t5, 0x1
core   0: 3 0x8000eb58 (0x00001f17) x30 0x8000fb58
core   0: 0x8000eb5c (0x4a3f2423) sw      gp, 1192(t5)
core   0: 3 0x8000eb5c (0x4a3f2423) mem 0x80010000 0x00000001
core   0: 0x8000eb60 (0x0000bfe5) c.j     pc - 8
core   0: 3 0x8000eb60 (0xbfe5)
core   0: 0x8000eb58 (0x00001f17) auipc   t5, 0x1
core   0: 3 0x8000eb58 (0x00001f17) x30 0x8000fb58
core   0: 0x8000eb5c (0x4a3f2423) sw      gp, 1192(t5)
core   0: 3 0x8000eb5c (0x4a3f2423) mem 0x80010000 0x00000001
core   0: 0x8000eb60 (0x0000bfe5) c.j     pc - 8
core   0: 3 0x8000eb60 (0xbfe5)
core   0: 0x8000eb58 (0x00001f17) auipc   t5, 0x1
core   0: 3 0x8000eb58 (0x00001f17) x30 0x8000fb58
core   0: 0x8000eb5c (0x4a3f2423) sw      gp, 1192(t5)
core   0: 3 0x8000eb5c (0x4a3f2423) mem 0x80010000 0x00000001
core   0: 0x8000eb60 (0x0000bfe5) c.j     pc - 8
core   0: 3 0x8000eb60 (0xbfe5)
core   0: 0x8000eb58 (0x00001f17) auipc   t5, 0x1
core   0: 3 0x8000eb58 (0x00001f17) x30 0x8000fb58
core   0: 0x8000eb5c (0x4a3f2423) sw      gp, 1192(t5)
core   0: 3 0x8000eb5c (0x4a3f2423) mem 0x80010000 0x00000001
core   0: 0x8000eb60 (0x0000bfe5) c.j     pc - 8
core   0: 3 0x8000eb60 (0xbfe5)
core   0: 0x8000eb58 (0x00001f17) auipc   t5, 0x1
core   0: 3 0x8000eb58 (0x00001f17) x30 0x8000fb58
core   0: 0x8000eb5c (0x4a3f2423) sw      gp, 1192(t5)
core   0: 3 0x8000eb5c (0x4a3f2423) mem 0x80010000 0x00000001
core   0: 0x8000eb60 (0x0000bfe5) c.j     pc - 8
core   0: 3 0x8000eb60 (0xbfe5)
core   0: 0x8000eb58 (0x00001f17) auipc   t5, 0x1
core   0: 3 0x8000eb58 (0x00001f17) x30 0x8000fb58
core   0: 0x8000eb5c (0x4a3f2423) sw      gp, 1192(t5)
core   0: 3 0x8000eb5c (0x4a3f2423) mem 0x80010000 0x00000001
core   0: 0x8000eb60 (0x0000bfe5) c.j     pc - 8
core   0: 3 0x8000eb60 (0xbfe5)
core   0: 0x8000eb58 (0x00001f17) auipc   t5, 0x1
core   0: 3 0x8000eb58 (0x00001f17) x30 0x8000fb58
core   0: 0x8000eb5c (0x4a3f2423) sw      gp, 1192(t5)
core   0: 3 0x8000eb5c (0x4a3f2423) mem 0x80010000 0x00000001
core   0: 0x8000eb60 (0x0000bfe5) c.j     pc - 8
core   0: 3 0x8000eb60 (0xbfe5)
core   0: 0x8000eb58 (0x00001f17) auipc   t5, 0x1
core   0: 3 0x8000eb58 (0x00001f17) x30 0x8000fb58
core   0: 0x8000eb5c (0x4a3f2423) sw      gp, 1192(t5)
core   0: 3 0x8000eb5c (0x4a3f2423) mem 0x80010000 0x00000001
core   0: 0x8000eb60 (0x0000bfe5) c.j     pc - 8
core   0: 3 0x8000eb60 (0xbfe5)
core   0: 0x8000eb58 (0x00001f17) auipc   t5, 0x1
core   0: 3 0x8000eb58 (0x00001f17) x30 0x8000fb58
core   0: 0x8000eb5c (0x4a3f2423) sw      gp, 1192(t5)
core   0: 3 0x8000eb5c (0x4a3f2423) mem 0x80010000 0x00000001
core   0: 0x8000eb60 (0x0000bfe5) c.j     pc - 8
core   0: 3 0x8000eb60 (0xbfe5)
core   0: 0x8000eb58 (0x00001f17) auipc   t5, 0x1
core   0: 3 0x8000eb58 (0x00001f17) x30 0x8000fb58
core   0: 0x8000eb5c (0x4a3f2423) sw      gp, 1192(t5)
core   0: 3 0x8000eb5c (0x4a3f2423) mem 0x80010000 0x00000001
core   0: 0x8000eb60 (0x0000bfe5) c.j     pc - 8
core   0: 3 0x8000eb60 (0xbfe5)
core   0: 0x8000eb58 (0x00001f17) auipc   t5, 0x1
core   0: 3 0x8000eb58 (0x00001f17) x30 0x8000fb58
core   0: 0x8000eb5c (0x4a3f2423) sw      gp, 1192(t5)
core   0: 3 0x8000eb5c (0x4a3f2423) mem 0x80010000 0x00000001
core   0: 0x8000eb60 (0x0000bfe5) c.j     pc - 8
core   0: 3 0x8000eb60 (0xbfe5)
core   0: 0x8000eb58 (0x00001f17) auipc   t5, 0x1
core   0: 3 0x8000eb58 (0x00001f17) x30 0x8000fb58
core   0: 0x8000eb5c (0x4a3f2423) sw      gp, 1192(t5)
core   0: 3 0x8000eb5c (0x4a3f2423) mem 0x80010000 0x00000001
core   0: 0x8000eb60 (0x0000bfe5) c.j     pc - 8
core   0: 3 0x8000eb60 (0xbfe5)
core   0: 0x8000eb58 (0x00001f17) auipc   t5, 0x1
core   0: 3 0x8000eb58 (0x00001f17) x30 0x8000fb58
core   0: 0x8000eb5c (0x4a3f2423) sw      gp, 1192(t5)
core   0: 3 0x8000eb5c (0x4a3f2423) mem 0x80010000 0x00000001
core   0: 0x8000eb60 (0x0000bfe5) c.j     pc - 8
core   0: 3 0x8000eb60 (0xbfe5)
core   0: 0x8000eb58 (0x00001f17) auipc   t5, 0x1
core   0: 3 0x8000eb58 (0x00001f17) x30 0x8000fb58
core   0: 0x8000eb5c (0x4a3f2423) sw      gp, 1192(t5)
core   0: 3 0x8000eb5c (0x4a3f2423) mem 0x80010000 0x00000001
core   0: 0x8000eb60 (0x0000bfe5) c.j     pc - 8
core   0: 3 0x8000eb60 (0xbfe5)
core   0: 0x8000eb58 (0x00001f17) auipc   t5, 0x1
core   0: 3 0x8000eb58 (0x00001f17) x30 0x8000fb58
core   0: 0x8000eb5c (0x4a3f2423) sw      gp, 1192(t5)
core   0: 3 0x8000eb5c (0x4a3f2423) mem 0x80010000 0x00000001
core   0: 0x8000eb60 (0x0000bfe5) c.j     pc - 8
core   0: 3 0x8000eb60 (0xbfe5)
core   0: 0x8000eb58 (0x00001f17) auipc   t5, 0x1
core   0: 3 0x8000eb58 (0x00001f17) x30 0x8000fb58
core   0: 0x8000eb5c (0x4a3f2423) sw      gp, 1192(t5)
core   0: 3 0x8000eb5c (0x4a3f2423) mem 0x80010000 0x00000001
core   0: 0x8000eb60 (0x0000bfe5) c.j     pc - 8
core   0: 3 0x8000eb60 (0xbfe5)
core   0: 0x8000eb58 (0x00001f17) auipc   t5, 0x1
core   0: 3 0x8000eb58 (0x00001f17) x30 0x8000fb58
core   0: 0x8000eb5c (0x4a3f2423) sw      gp, 1192(t5)
core   0: 3 0x8000eb5c (0x4a3f2423) mem 0x80010000 0x00000001
core   0: 0x8000eb60 (0x0000bfe5) c.j     pc - 8
core   0: 3 0x8000eb60 (0xbfe5)
core   0: 0x8000eb58 (0x00001f17) auipc   t5, 0x1
core   0: 3 0x8000eb58 (0x00001f17) x30 0x8000fb58
core   0: 0x8000eb5c (0x4a3f2423) sw      gp, 1192(t5)
core   0: 3 0x8000eb5c (0x4a3f2423) mem 0x80010000 0x00000001
core   0: 0x8000eb60 (0x0000bfe5) c.j     pc - 8
core   0: 3 0x8000eb60 (0xbfe5)
core   0: 0x8000eb58 (0x00001f17) auipc   t5, 0x1
core   0: 3 0x8000eb58 (0x00001f17) x30 0x8000fb58
core   0: 0x8000eb5c (0x4a3f2423) sw      gp, 1192(t5)
core   0: 3 0x8000eb5c (0x4a3f2423) mem 0x80010000 0x00000001
core   0: 0x8000eb60 (0x0000bfe5) c.j     pc - 8
core   0: 3 0x8000eb60 (0xbfe5)
core   0: 0x8000eb58 (0x00001f17) auipc   t5, 0x1
core   0: 3 0x8000eb58 (0x00001f17) x30 0x8000fb58
core   0: 0x8000eb5c (0x4a3f2423) sw      gp, 1192(t5)
core   0: 3 0x8000eb5c (0x4a3f2423) mem 0x80010000 0x00000001
core   0: 0x8000eb60 (0x0000bfe5) c.j     pc - 8
core   0: 3 0x8000eb60 (0xbfe5)
core   0: 0x8000eb58 (0x00001f17) auipc   t5, 0x1
core   0: 3 0x8000eb58 (0x00001f17) x30 0x8000fb58
core   0: 0x8000eb5c (0x4a3f2423) sw      gp, 1192(t5)
core   0: 3 0x8000eb5c (0x4a3f2423) mem 0x80010000 0x00000001
core   0: 0x8000eb60 (0x0000bfe5) c.j     pc - 8
core   0: 3 0x8000eb60 (0xbfe5)
core   0: 0x8000eb58 (0x00001f17) auipc   t5, 0x1
core   0: 3 0x8000eb58 (0x00001f17) x30 0x8000fb58
core   0: 0x8000eb5c (0x4a3f2423) sw      gp, 1192(t5)
core   0: 3 0x8000eb5c (0x4a3f2423) mem 0x80010000 0x00000001
core   0: 0x8000eb60 (0x0000bfe5) c.j     pc - 8
core   0: 3 0x8000eb60 (0xbfe5)
core   0: 0x8000eb58 (0x00001f17) auipc   t5, 0x1
core   0: 3 0x8000eb58 (0x00001f17) x30 0x8000fb58
core   0: 0x8000eb5c (0x4a3f2423) sw      gp, 1192(t5)
core   0: 3 0x8000eb5c (0x4a3f2423) mem 0x80010000 0x00000001
core   0: 0x8000eb60 (0x0000bfe5) c.j     pc - 8
core   0: 3 0x8000eb60 (0xbfe5)
core   0: 0x8000eb58 (0x00001f17) auipc   t5, 0x1
core   0: 3 0x8000eb58 (0x00001f17) x30 0x8000fb58
core   0: 0x8000eb5c (0x4a3f2423) sw      gp, 1192(t5)
core   0: 3 0x8000eb5c (0x4a3f2423) mem 0x80010000 0x00000001
core   0: 0x8000eb60 (0x0000bfe5) c.j     pc - 8
core   0: 3 0x8000eb60 (0xbfe5)
core   0: 0x8000eb58 (0x00001f17) auipc   t5, 0x1
core   0: 3 0x8000eb58 (0x00001f17) x30 0x8000fb58
core   0: 0x8000eb5c (0x4a3f2423) sw      gp, 1192(t5)
core   0: 3 0x8000eb5c (0x4a3f2423) mem 0x80010000 0x00000001
core   0: 0x8000eb60 (0x0000bfe5) c.j     pc - 8
core   0: 3 0x8000eb60 (0xbfe5)
core   0: 0x8000eb58 (0x00001f17) auipc   t5, 0x1
core   0: 3 0x8000eb58 (0x00001f17) x30 0x8000fb58
core   0: 0x8000eb5c (0x4a3f2423) sw      gp, 1192(t5)
core   0: 3 0x8000eb5c (0x4a3f2423) mem 0x80010000 0x00000001
core   0: 0x8000eb60 (0x0000bfe5) c.j     pc - 8
core   0: 3 0x8000eb60 (0xbfe5)
core   0: 0x8000eb58 (0x00001f17) auipc   t5, 0x1
core   0: 3 0x8000eb58 (0x00001f17) x30 0x8000fb58
core   0: 0x8000eb5c (0x4a3f2423) sw      gp, 1192(t5)
core   0: 3 0x8000eb5c (0x4a3f2423) mem 0x80010000 0x00000001
core   0: 0x8000eb60 (0x0000bfe5) c.j     pc - 8
core   0: 3 0x8000eb60 (0xbfe5)
core   0: 0x8000eb58 (0x00001f17) auipc   t5, 0x1
core   0: 3 0x8000eb58 (0x00001f17) x30 0x8000fb58
core   0: 0x8000eb5c (0x4a3f2423) sw      gp, 1192(t5)
core   0: 3 0x8000eb5c (0x4a3f2423) mem 0x80010000 0x00000001
core   0: 0x8000eb60 (0x0000bfe5) c.j     pc - 8
core   0: 3 0x8000eb60 (0xbfe5)
core   0: 0x8000eb58 (0x00001f17) auipc   t5, 0x1
core   0: 3 0x8000eb58 (0x00001f17) x30 0x8000fb58
core   0: 0x8000eb5c (0x4a3f2423) sw      gp, 1192(t5)
core   0: 3 0x8000eb5c (0x4a3f2423) mem 0x80010000 0x00000001
core   0: 0x8000eb60 (0x0000bfe5) c.j     pc - 8
core   0: 3 0x8000eb60 (0xbfe5)
core   0: 0x8000eb58 (0x00001f17) auipc   t5, 0x1
core   0: 3 0x8000eb58 (0x00001f17) x30 0x8000fb58
core   0: 0x8000eb5c (0x4a3f2423) sw      gp, 1192(t5)
core   0: 3 0x8000eb5c (0x4a3f2423) mem 0x80010000 0x00000001
core   0: 0x8000eb60 (0x0000bfe5) c.j     pc - 8
core   0: 3 0x8000eb60 (0xbfe5)
core   0: 0x8000eb58 (0x00001f17) auipc   t5, 0x1
core   0: 3 0x8000eb58 (0x00001f17) x30 0x8000fb58
core   0: 0x8000eb5c (0x4a3f2423) sw      gp, 1192(t5)
core   0: 3 0x8000eb5c (0x4a3f2423) mem 0x80010000 0x00000001
core   0: 0x8000eb60 (0x0000bfe5) c.j     pc - 8
core   0: 3 0x8000eb60 (0xbfe5)
core   0: 0x8000eb58 (0x00001f17) auipc   t5, 0x1
core   0: 3 0x8000eb58 (0x00001f17) x30 0x8000fb58
core   0: 0x8000eb5c (0x4a3f2423) sw      gp, 1192(t5)
core   0: 3 0x8000eb5c (0x4a3f2423) mem 0x80010000 0x00000001
core   0: 0x8000eb60 (0x0000bfe5) c.j     pc - 8
core   0: 3 0x8000eb60 (0xbfe5)
core   0: 0x8000eb58 (0x00001f17) auipc   t5, 0x1
core   0: 3 0x8000eb58 (0x00001f17) x30 0x8000fb58
core   0: 0x8000eb5c (0x4a3f2423) sw      gp, 1192(t5)
core   0: 3 0x8000eb5c (0x4a3f2423) mem 0x80010000 0x00000001
core   0: 0x8000eb60 (0x0000bfe5) c.j     pc - 8
core   0: 3 0x8000eb60 (0xbfe5)
core   0: 0x8000eb58 (0x00001f17) auipc   t5, 0x1
core   0: 3 0x8000eb58 (0x00001f17) x30 0x8000fb58
core   0: 0x8000eb5c (0x4a3f2423) sw      gp, 1192(t5)
core   0: 3 0x8000eb5c (0x4a3f2423) mem 0x80010000 0x00000001
core   0: 0x8000eb60 (0x0000bfe5) c.j     pc - 8
core   0: 3 0x8000eb60 (0xbfe5)
core   0: 0x8000eb58 (0x00001f17) auipc   t5, 0x1
core   0: 3 0x8000eb58 (0x00001f17) x30 0x8000fb58
core   0: 0x8000eb5c (0x4a3f2423) sw      gp, 1192(t5)
core   0: 3 0x8000eb5c (0x4a3f2423) mem 0x80010000 0x00000001
core   0: 0x8000eb60 (0x0000bfe5) c.j     pc - 8
core   0: 3 0x8000eb60 (0xbfe5)
core   0: 0x8000eb58 (0x00001f17) auipc   t5, 0x1
core   0: 3 0x8000eb58 (0x00001f17) x30 0x8000fb58
core   0: 0x8000eb5c (0x4a3f2423) sw      gp, 1192(t5)
core   0: 3 0x8000eb5c (0x4a3f2423) mem 0x80010000 0x00000001
core   0: 0x8000eb60 (0x0000bfe5) c.j     pc - 8
core   0: 3 0x8000eb60 (0xbfe5)
core   0: 0x8000eb58 (0x00001f17) auipc   t5, 0x1
core   0: 3 0x8000eb58 (0x00001f17) x30 0x8000fb58
core   0: 0x8000eb5c (0x4a3f2423) sw      gp, 1192(t5)
core   0: 3 0x8000eb5c (0x4a3f2423) mem 0x80010000 0x00000001
core   0: 0x8000eb60 (0x0000bfe5) c.j     pc - 8
core   0: 3 0x8000eb60 (0xbfe5)
core   0: 0x8000eb58 (0x00001f17) auipc   t5, 0x1
core   0: 3 0x8000eb58 (0x00001f17) x30 0x8000fb58
core   0: 0x8000eb5c (0x4a3f2423) sw      gp, 1192(t5)
core   0: 3 0x8000eb5c (0x4a3f2423) mem 0x80010000 0x00000001
core   0: 0x8000eb60 (0x0000bfe5) c.j     pc - 8
core   0: 3 0x8000eb60 (0xbfe5)
core   0: 0x8000eb58 (0x00001f17) auipc   t5, 0x1
core   0: 3 0x8000eb58 (0x00001f17) x30 0x8000fb58
core   0: 0x8000eb5c (0x4a3f2423) sw      gp, 1192(t5)
core   0: 3 0x8000eb5c (0x4a3f2423) mem 0x80010000 0x00000001
core   0: 0x8000eb60 (0x0000bfe5) c.j     pc - 8
core   0: 3 0x8000eb60 (0xbfe5)
core   0: 0x8000eb58 (0x00001f17) auipc   t5, 0x1
core   0: 3 0x8000eb58 (0x00001f17) x30 0x8000fb58
core   0: 0x8000eb5c (0x4a3f2423) sw      gp, 1192(t5)
core   0: 3 0x8000eb5c (0x4a3f2423) mem 0x80010000 0x00000001
core   0: 0x8000eb60 (0x0000bfe5) c.j     pc - 8
core   0: 3 0x8000eb60 (0xbfe5)
core   0: 0x8000eb58 (0x00001f17) auipc   t5, 0x1
core   0: 3 0x8000eb58 (0x00001f17) x30 0x8000fb58
core   0: 0x8000eb5c (0x4a3f2423) sw      gp, 1192(t5)
core   0: 3 0x8000eb5c (0x4a3f2423) mem 0x80010000 0x00000001
core   0: 0x8000eb60 (0x0000bfe5) c.j     pc - 8
core   0: 3 0x8000eb60 (0xbfe5)
core   0: 0x8000eb58 (0x00001f17) auipc   t5, 0x1
core   0: 3 0x8000eb58 (0x00001f17) x30 0x8000fb58
core   0: 0x8000eb5c (0x4a3f2423) sw      gp, 1192(t5)
core   0: 3 0x8000eb5c (0x4a3f2423) mem 0x80010000 0x00000001
core   0: 0x8000eb60 (0x0000bfe5) c.j     pc - 8
core   0: 3 0x8000eb60 (0xbfe5)
core   0: 0x8000eb58 (0x00001f17) auipc   t5, 0x1
core   0: 3 0x8000eb58 (0x00001f17) x30 0x8000fb58
core   0: 0x8000eb5c (0x4a3f2423) sw      gp, 1192(t5)
core   0: 3 0x8000eb5c (0x4a3f2423) mem 0x80010000 0x00000001
core   0: 0x8000eb60 (0x0000bfe5) c.j     pc - 8
core   0: 3 0x8000eb60 (0xbfe5)
core   0: 0x8000eb58 (0x00001f17) auipc   t5, 0x1
core   0: 3 0x8000eb58 (0x00001f17) x30 0x8000fb58
core   0: 0x8000eb5c (0x4a3f2423) sw      gp, 1192(t5)
core   0: 3 0x8000eb5c (0x4a3f2423) mem 0x80010000 0x00000001
core   0: 0x8000eb60 (0x0000bfe5) c.j     pc - 8
core   0: 3 0x8000eb60 (0xbfe5)
core   0: 0x8000eb58 (0x00001f17) auipc   t5, 0x1
core   0: 3 0x8000eb58 (0x00001f17) x30 0x8000fb58
core   0: 0x8000eb5c (0x4a3f2423) sw      gp, 1192(t5)
core   0: 3 0x8000eb5c (0x4a3f2423) mem 0x80010000 0x00000001
core   0: 0x8000eb60 (0x0000bfe5) c.j     pc - 8
core   0: 3 0x8000eb60 (0xbfe5)
core   0: 0x8000eb58 (0x00001f17) auipc   t5, 0x1
core   0: 3 0x8000eb58 (0x00001f17) x30 0x8000fb58
core   0: 0x8000eb5c (0x4a3f2423) sw      gp, 1192(t5)
core   0: 3 0x8000eb5c (0x4a3f2423) mem 0x80010000 0x00000001
core   0: 0x8000eb60 (0x0000bfe5) c.j     pc - 8
core   0: 3 0x8000eb60 (0xbfe5)
core   0: 0x8000eb58 (0x00001f17) auipc   t5, 0x1
core   0: 3 0x8000eb58 (0x00001f17) x30 0x8000fb58
core   0: 0x8000eb5c (0x4a3f2423) sw      gp, 1192(t5)
core   0: 3 0x8000eb5c (0x4a3f2423) mem 0x80010000 0x00000001
core   0: 0x8000eb60 (0x0000bfe5) c.j     pc - 8
core   0: 3 0x8000eb60 (0xbfe5)
core   0: 0x8000eb58 (0x00001f17) auipc   t5, 0x1
core   0: 3 0x8000eb58 (0x00001f17) x30 0x8000fb58
core   0: 0x8000eb5c (0x4a3f2423) sw      gp, 1192(t5)
core   0: 3 0x8000eb5c (0x4a3f2423) mem 0x80010000 0x00000001
core   0: 0x8000eb60 (0x0000bfe5) c.j     pc - 8
core   0: 3 0x8000eb60 (0xbfe5)
core   0: 0x8000eb58 (0x00001f17) auipc   t5, 0x1
core   0: 3 0x8000eb58 (0x00001f17) x30 0x8000fb58
core   0: 0x8000eb5c (0x4a3f2423) sw      gp, 1192(t5)
core   0: 3 0x8000eb5c (0x4a3f2423) mem 0x80010000 0x00000001
core   0: 0x8000eb60 (0x0000bfe5) c.j     pc - 8
core   0: 3 0x8000eb60 (0xbfe5)
core   0: 0x8000eb58 (0x00001f17) auipc   t5, 0x1
core   0: 3 0x8000eb58 (0x00001f17) x30 0x8000fb58
core   0: 0x8000eb5c (0x4a3f2423) sw      gp, 1192(t5)
core   0: 3 0x8000eb5c (0x4a3f2423) mem 0x80010000 0x00000001
core   0: 0x8000eb60 (0x0000bfe5) c.j     pc - 8
core   0: 3 0x8000eb60 (0xbfe5)
core   0: 0x8000eb58 (0x00001f17) auipc   t5, 0x1
core   0: 3 0x8000eb58 (0x00001f17) x30 0x8000fb58
core   0: 0x8000eb5c (0x4a3f2423) sw      gp, 1192(t5)
core   0: 3 0x8000eb5c (0x4a3f2423) mem 0x80010000 0x00000001
core   0: 0x8000eb60 (0x0000bfe5) c.j     pc - 8
core   0: 3 0x8000eb60 (0xbfe5)
core   0: 0x8000eb58 (0x00001f17) auipc   t5, 0x1
core   0: 3 0x8000eb58 (0x00001f17) x30 0x8000fb58
core   0: 0x8000eb5c (0x4a3f2423) sw      gp, 1192(t5)
core   0: 3 0x8000eb5c (0x4a3f2423) mem 0x80010000 0x00000001
core   0: 0x8000eb60 (0x0000bfe5) c.j     pc - 8
core   0: 3 0x8000eb60 (0xbfe5)
core   0: 0x8000eb58 (0x00001f17) auipc   t5, 0x1
core   0: 3 0x8000eb58 (0x00001f17) x30 0x8000fb58
core   0: 0x8000eb5c (0x4a3f2423) sw      gp, 1192(t5)
core   0: 3 0x8000eb5c (0x4a3f2423) mem 0x80010000 0x00000001
core   0: 0x8000eb60 (0x0000bfe5) c.j     pc - 8
core   0: 3 0x8000eb60 (0xbfe5)
core   0: 0x8000eb58 (0x00001f17) auipc   t5, 0x1
core   0: 3 0x8000eb58 (0x00001f17) x30 0x8000fb58
core   0: 0x8000eb5c (0x4a3f2423) sw      gp, 1192(t5)
core   0: 3 0x8000eb5c (0x4a3f2423) mem 0x80010000 0x00000001
core   0: 0x8000eb60 (0x0000bfe5) c.j     pc - 8
core   0: 3 0x8000eb60 (0xbfe5)
core   0: 0x8000eb58 (0x00001f17) auipc   t5, 0x1
core   0: 3 0x8000eb58 (0x00001f17) x30 0x8000fb58
core   0: 0x8000eb5c (0x4a3f2423) sw      gp, 1192(t5)
core   0: 3 0x8000eb5c (0x4a3f2423) mem 0x80010000 0x00000001
core   0: 0x8000eb60 (0x0000bfe5) c.j     pc - 8
core   0: 3 0x8000eb60 (0xbfe5)
core   0: 0x8000eb58 (0x00001f17) auipc   t5, 0x1
core   0: 3 0x8000eb58 (0x00001f17) x30 0x8000fb58
core   0: 0x8000eb5c (0x4a3f2423) sw      gp, 1192(t5)
core   0: 3 0x8000eb5c (0x4a3f2423) mem 0x80010000 0x00000001
core   0: 0x8000eb60 (0x0000bfe5) c.j     pc - 8
core   0: 3 0x8000eb60 (0xbfe5)
core   0: 0x8000eb58 (0x00001f17) auipc   t5, 0x1
core   0: 3 0x8000eb58 (0x00001f17) x30 0x8000fb58
core   0: 0x8000eb5c (0x4a3f2423) sw      gp, 1192(t5)
core   0: 3 0x8000eb5c (0x4a3f2423) mem 0x80010000 0x00000001
core   0: 0x8000eb60 (0x0000bfe5) c.j     pc - 8
core   0: 3 0x8000eb60 (0xbfe5)
core   0: 0x8000eb58 (0x00001f17) auipc   t5, 0x1
core   0: 3 0x8000eb58 (0x00001f17) x30 0x8000fb58
core   0: 0x8000eb5c (0x4a3f2423) sw      gp, 1192(t5)
core   0: 3 0x8000eb5c (0x4a3f2423) mem 0x80010000 0x00000001
core   0: 0x8000eb60 (0x0000bfe5) c.j     pc - 8
core   0: 3 0x8000eb60 (0xbfe5)
core   0: 0x8000eb58 (0x00001f17) auipc   t5, 0x1
core   0: 3 0x8000eb58 (0x00001f17) x30 0x8000fb58
core   0: 0x8000eb5c (0x4a3f2423) sw      gp, 1192(t5)
core   0: 3 0x8000eb5c (0x4a3f2423) mem 0x80010000 0x00000001
core   0: 0x8000eb60 (0x0000bfe5) c.j     pc - 8
core   0: 3 0x8000eb60 (0xbfe5)
core   0: 0x8000eb58 (0x00001f17) auipc   t5, 0x1
core   0: 3 0x8000eb58 (0x00001f17) x30 0x8000fb58
core   0: 0x8000eb5c (0x4a3f2423) sw      gp, 1192(t5)
core   0: 3 0x8000eb5c (0x4a3f2423) mem 0x80010000 0x00000001
core   0: 0x8000eb60 (0x0000bfe5) c.j     pc - 8
core   0: 3 0x8000eb60 (0xbfe5)
core   0: 0x8000eb58 (0x00001f17) auipc   t5, 0x1
core   0: 3 0x8000eb58 (0x00001f17) x30 0x8000fb58
core   0: 0x8000eb5c (0x4a3f2423) sw      gp, 1192(t5)
core   0: 3 0x8000eb5c (0x4a3f2423) mem 0x80010000 0x00000001
core   0: 0x8000eb60 (0x0000bfe5) c.j     pc - 8
core   0: 3 0x8000eb60 (0xbfe5)
core   0: 0x8000eb58 (0x00001f17) auipc   t5, 0x1
core   0: 3 0x8000eb58 (0x00001f17) x30 0x8000fb58
core   0: 0x8000eb5c (0x4a3f2423) sw      gp, 1192(t5)
core   0: 3 0x8000eb5c (0x4a3f2423) mem 0x80010000 0x00000001
core   0: 0x8000eb60 (0x0000bfe5) c.j     pc - 8
core   0: 3 0x8000eb60 (0xbfe5)
core   0: 0x8000eb58 (0x00001f17) auipc   t5, 0x1
core   0: 3 0x8000eb58 (0x00001f17) x30 0x8000fb58
core   0: 0x8000eb5c (0x4a3f2423) sw      gp, 1192(t5)
core   0: 3 0x8000eb5c (0x4a3f2423) mem 0x80010000 0x00000001
core   0: 0x8000eb60 (0x0000bfe5) c.j     pc - 8
core   0: 3 0x8000eb60 (0xbfe5)
core   0: 0x8000eb58 (0x00001f17) auipc   t5, 0x1
core   0: 3 0x8000eb58 (0x00001f17) x30 0x8000fb58
core   0: 0x8000eb5c (0x4a3f2423) sw      gp, 1192(t5)
core   0: 3 0x8000eb5c (0x4a3f2423) mem 0x80010000 0x00000001
core   0: 0x8000eb60 (0x0000bfe5) c.j     pc - 8
core   0: 3 0x8000eb60 (0xbfe5)
core   0: 0x8000eb58 (0x00001f17) auipc   t5, 0x1
core   0: 3 0x8000eb58 (0x00001f17) x30 0x8000fb58
core   0: 0x8000eb5c (0x4a3f2423) sw      gp, 1192(t5)
core   0: 3 0x8000eb5c (0x4a3f2423) mem 0x80010000 0x00000001
core   0: 0x8000eb60 (0x0000bfe5) c.j     pc - 8
core   0: 3 0x8000eb60 (0xbfe5)
core   0: 0x8000eb58 (0x00001f17) auipc   t5, 0x1
core   0: 3 0x8000eb58 (0x00001f17) x30 0x8000fb58
core   0: 0x8000eb5c (0x4a3f2423) sw      gp, 1192(t5)
core   0: 3 0x8000eb5c (0x4a3f2423) mem 0x80010000 0x00000001
core   0: 0x8000eb60 (0x0000bfe5) c.j     pc - 8
core   0: 3 0x8000eb60 (0xbfe5)
core   0: 0x8000eb58 (0x00001f17) auipc   t5, 0x1
core   0: 3 0x8000eb58 (0x00001f17) x30 0x8000fb58
core   0: 0x8000eb5c (0x4a3f2423) sw      gp, 1192(t5)
core   0: 3 0x8000eb5c (0x4a3f2423) mem 0x80010000 0x00000001
core   0: 0x8000eb60 (0x0000bfe5) c.j     pc - 8
core   0: 3 0x8000eb60 (0xbfe5)
core   0: 0x8000eb58 (0x00001f17) auipc   t5, 0x1
core   0: 3 0x8000eb58 (0x00001f17) x30 0x8000fb58
core   0: 0x8000eb5c (0x4a3f2423) sw      gp, 1192(t5)
core   0: 3 0x8000eb5c (0x4a3f2423) mem 0x80010000 0x00000001
core   0: 0x8000eb60 (0x0000bfe5) c.j     pc - 8
core   0: 3 0x8000eb60 (0xbfe5)
core   0: 0x8000eb58 (0x00001f17) auipc   t5, 0x1
core   0: 3 0x8000eb58 (0x00001f17) x30 0x8000fb58
core   0: 0x8000eb5c (0x4a3f2423) sw      gp, 1192(t5)
core   0: 3 0x8000eb5c (0x4a3f2423) mem 0x80010000 0x00000001
core   0: 0x8000eb60 (0x0000bfe5) c.j     pc - 8
core   0: 3 0x8000eb60 (0xbfe5)
core   0: 0x8000eb58 (0x00001f17) auipc   t5, 0x1
core   0: 3 0x8000eb58 (0x00001f17) x30 0x8000fb58
core   0: 0x8000eb5c (0x4a3f2423) sw      gp, 1192(t5)
core   0: 3 0x8000eb5c (0x4a3f2423) mem 0x80010000 0x00000001
core   0: 0x8000eb60 (0x0000bfe5) c.j     pc - 8
core   0: 3 0x8000eb60 (0xbfe5)
core   0: 0x8000eb58 (0x00001f17) auipc   t5, 0x1
core   0: 3 0x8000eb58 (0x00001f17) x30 0x8000fb58
core   0: 0x8000eb5c (0x4a3f2423) sw      gp, 1192(t5)
core   0: 3 0x8000eb5c (0x4a3f2423) mem 0x80010000 0x00000001
core   0: 0x8000eb60 (0x0000bfe5) c.j     pc - 8
core   0: 3 0x8000eb60 (0xbfe5)
core   0: 0x8000eb58 (0x00001f17) auipc   t5, 0x1
core   0: 3 0x8000eb58 (0x00001f17) x30 0x8000fb58
core   0: 0x8000eb5c (0x4a3f2423) sw      gp, 1192(t5)
core   0: 3 0x8000eb5c (0x4a3f2423) mem 0x80010000 0x00000001
core   0: 0x8000eb60 (0x0000bfe5) c.j     pc - 8
core   0: 3 0x8000eb60 (0xbfe5)
core   0: 0x8000eb58 (0x00001f17) auipc   t5, 0x1
core   0: 3 0x8000eb58 (0x00001f17) x30 0x8000fb58
core   0: 0x8000eb5c (0x4a3f2423) sw      gp, 1192(t5)
core   0: 3 0x8000eb5c (0x4a3f2423) mem 0x80010000 0x00000001
core   0: 0x8000eb60 (0x0000bfe5) c.j     pc - 8
core   0: 3 0x8000eb60 (0xbfe5)
core   0: 0x8000eb58 (0x00001f17) auipc   t5, 0x1
core   0: 3 0x8000eb58 (0x00001f17) x30 0x8000fb58
core   0: 0x8000eb5c (0x4a3f2423) sw      gp, 1192(t5)
core   0: 3 0x8000eb5c (0x4a3f2423) mem 0x80010000 0x00000001
core   0: 0x8000eb60 (0x0000bfe5) c.j     pc - 8
core   0: 3 0x8000eb60 (0xbfe5)
core   0: 0x8000eb58 (0x00001f17) auipc   t5, 0x1
core   0: 3 0x8000eb58 (0x00001f17) x30 0x8000fb58
core   0: 0x8000eb5c (0x4a3f2423) sw      gp, 1192(t5)
core   0: 3 0x8000eb5c (0x4a3f2423) mem 0x80010000 0x00000001
core   0: 0x8000eb60 (0x0000bfe5) c.j     pc - 8
core   0: 3 0x8000eb60 (0xbfe5)
core   0: 0x8000eb58 (0x00001f17) auipc   t5, 0x1
core   0: 3 0x8000eb58 (0x00001f17) x30 0x8000fb58
core   0: 0x8000eb5c (0x4a3f2423) sw      gp, 1192(t5)
core   0: 3 0x8000eb5c (0x4a3f2423) mem 0x80010000 0x00000001
core   0: 0x8000eb60 (0x0000bfe5) c.j     pc - 8
core   0: 3 0x8000eb60 (0xbfe5)
core   0: 0x8000eb58 (0x00001f17) auipc   t5, 0x1
core   0: 3 0x8000eb58 (0x00001f17) x30 0x8000fb58
core   0: 0x8000eb5c (0x4a3f2423) sw      gp, 1192(t5)
core   0: 3 0x8000eb5c (0x4a3f2423) mem 0x80010000 0x00000001
core   0: 0x8000eb60 (0x0000bfe5) c.j     pc - 8
core   0: 3 0x8000eb60 (0xbfe5)
core   0: 0x8000eb58 (0x00001f17) auipc   t5, 0x1
core   0: 3 0x8000eb58 (0x00001f17) x30 0x8000fb58
core   0: 0x8000eb5c (0x4a3f2423) sw      gp, 1192(t5)
core   0: 3 0x8000eb5c (0x4a3f2423) mem 0x80010000 0x00000001
core   0: 0x8000eb60 (0x0000bfe5) c.j     pc - 8
core   0: 3 0x8000eb60 (0xbfe5)
core   0: 0x8000eb58 (0x00001f17) auipc   t5, 0x1
core   0: 3 0x8000eb58 (0x00001f17) x30 0x8000fb58
core   0: 0x8000eb5c (0x4a3f2423) sw      gp, 1192(t5)
core   0: 3 0x8000eb5c (0x4a3f2423) mem 0x80010000 0x00000001
core   0: 0x8000eb60 (0x0000bfe5) c.j     pc - 8
core   0: 3 0x8000eb60 (0xbfe5)
core   0: 0x8000eb58 (0x00001f17) auipc   t5, 0x1
core   0: 3 0x8000eb58 (0x00001f17) x30 0x8000fb58
core   0: 0x8000eb5c (0x4a3f2423) sw      gp, 1192(t5)
core   0: 3 0x8000eb5c (0x4a3f2423) mem 0x80010000 0x00000001
core   0: 0x8000eb60 (0x0000bfe5) c.j     pc - 8
core   0: 3 0x8000eb60 (0xbfe5)
core   0: 0x8000eb58 (0x00001f17) auipc   t5, 0x1
core   0: 3 0x8000eb58 (0x00001f17) x30 0x8000fb58
core   0: 0x8000eb5c (0x4a3f2423) sw      gp, 1192(t5)
core   0: 3 0x8000eb5c (0x4a3f2423) mem 0x80010000 0x00000001
core   0: 0x8000eb60 (0x0000bfe5) c.j     pc - 8
core   0: 3 0x8000eb60 (0xbfe5)
core   0: 0x8000eb58 (0x00001f17) auipc   t5, 0x1
core   0: 3 0x8000eb58 (0x00001f17) x30 0x8000fb58
core   0: 0x8000eb5c (0x4a3f2423) sw      gp, 1192(t5)
core   0: 3 0x8000eb5c (0x4a3f2423) mem 0x80010000 0x00000001
core   0: 0x8000eb60 (0x0000bfe5) c.j     pc - 8
core   0: 3 0x8000eb60 (0xbfe5)
core   0: 0x8000eb58 (0x00001f17) auipc   t5, 0x1
core   0: 3 0x8000eb58 (0x00001f17) x30 0x8000fb58
core   0: 0x8000eb5c (0x4a3f2423) sw      gp, 1192(t5)
core   0: 3 0x8000eb5c (0x4a3f2423) mem 0x80010000 0x00000001
core   0: 0x8000eb60 (0x0000bfe5) c.j     pc - 8
core   0: 3 0x8000eb60 (0xbfe5)
core   0: 0x8000eb58 (0x00001f17) auipc   t5, 0x1
core   0: 3 0x8000eb58 (0x00001f17) x30 0x8000fb58
core   0: 0x8000eb5c (0x4a3f2423) sw      gp, 1192(t5)
core   0: 3 0x8000eb5c (0x4a3f2423) mem 0x80010000 0x00000001
core   0: 0x8000eb60 (0x0000bfe5) c.j     pc - 8
core   0: 3 0x8000eb60 (0xbfe5)
core   0: 0x8000eb58 (0x00001f17) auipc   t5, 0x1
core   0: 3 0x8000eb58 (0x00001f17) x30 0x8000fb58
core   0: 0x8000eb5c (0x4a3f2423) sw      gp, 1192(t5)
core   0: 3 0x8000eb5c (0x4a3f2423) mem 0x80010000 0x00000001
core   0: 0x8000eb60 (0x0000bfe5) c.j     pc - 8
core   0: 3 0x8000eb60 (0xbfe5)
core   0: 0x8000eb58 (0x00001f17) auipc   t5, 0x1
core   0: 3 0x8000eb58 (0x00001f17) x30 0x8000fb58
core   0: 0x8000eb5c (0x4a3f2423) sw      gp, 1192(t5)
core   0: 3 0x8000eb5c (0x4a3f2423) mem 0x80010000 0x00000001
core   0: 0x8000eb60 (0x0000bfe5) c.j     pc - 8
core   0: 3 0x8000eb60 (0xbfe5)
core   0: 0x8000eb58 (0x00001f17) auipc   t5, 0x1
core   0: 3 0x8000eb58 (0x00001f17) x30 0x8000fb58
core   0: 0x8000eb5c (0x4a3f2423) sw      gp, 1192(t5)
core   0: 3 0x8000eb5c (0x4a3f2423) mem 0x80010000 0x00000001
core   0: 0x8000eb60 (0x0000bfe5) c.j     pc - 8
core   0: 3 0x8000eb60 (0xbfe5)
core   0: 0x8000eb58 (0x00001f17) auipc   t5, 0x1
core   0: 3 0x8000eb58 (0x00001f17) x30 0x8000fb58
core   0: 0x8000eb5c (0x4a3f2423) sw      gp, 1192(t5)
core   0: 3 0x8000eb5c (0x4a3f2423) mem 0x80010000 0x00000001
core   0: 0x8000eb60 (0x0000bfe5) c.j     pc - 8
core   0: 3 0x8000eb60 (0xbfe5)
core   0: 0x8000eb58 (0x00001f17) auipc   t5, 0x1
core   0: 3 0x8000eb58 (0x00001f17) x30 0x8000fb58
core   0: 0x8000eb5c (0x4a3f2423) sw      gp, 1192(t5)
core   0: 3 0x8000eb5c (0x4a3f2423) mem 0x80010000 0x00000001
core   0: 0x8000eb60 (0x0000bfe5) c.j     pc - 8
core   0: 3 0x8000eb60 (0xbfe5)
core   0: 0x8000eb58 (0x00001f17) auipc   t5, 0x1
core   0: 3 0x8000eb58 (0x00001f17) x30 0x8000fb58
core   0: 0x8000eb5c (0x4a3f2423) sw      gp, 1192(t5)
core   0: 3 0x8000eb5c (0x4a3f2423) mem 0x80010000 0x00000001
core   0: 0x8000eb60 (0x0000bfe5) c.j     pc - 8
core   0: 3 0x8000eb60 (0xbfe5)
core   0: 0x8000eb58 (0x00001f17) auipc   t5, 0x1
core   0: 3 0x8000eb58 (0x00001f17) x30 0x8000fb58
core   0: 0x8000eb5c (0x4a3f2423) sw      gp, 1192(t5)
core   0: 3 0x8000eb5c (0x4a3f2423) mem 0x80010000 0x00000001
core   0: 0x8000eb60 (0x0000bfe5) c.j     pc - 8
core   0: 3 0x8000eb60 (0xbfe5)
core   0: 0x8000eb58 (0x00001f17) auipc   t5, 0x1
core   0: 3 0x8000eb58 (0x00001f17) x30 0x8000fb58
core   0: 0x8000eb5c (0x4a3f2423) sw      gp, 1192(t5)
core   0: 3 0x8000eb5c (0x4a3f2423) mem 0x80010000 0x00000001
core   0: 0x8000eb60 (0x0000bfe5) c.j     pc - 8
core   0: 3 0x8000eb60 (0xbfe5)
core   0: 0x8000eb58 (0x00001f17) auipc   t5, 0x1
core   0: 3 0x8000eb58 (0x00001f17) x30 0x8000fb58
core   0: 0x8000eb5c (0x4a3f2423) sw      gp, 1192(t5)
core   0: 3 0x8000eb5c (0x4a3f2423) mem 0x80010000 0x00000001
core   0: 0x8000eb60 (0x0000bfe5) c.j     pc - 8
core   0: 3 0x8000eb60 (0xbfe5)
core   0: 0x8000eb58 (0x00001f17) auipc   t5, 0x1
core   0: 3 0x8000eb58 (0x00001f17) x30 0x8000fb58
core   0: 0x8000eb5c (0x4a3f2423) sw      gp, 1192(t5)
core   0: 3 0x8000eb5c (0x4a3f2423) mem 0x80010000 0x00000001
core   0: 0x8000eb60 (0x0000bfe5) c.j     pc - 8
core   0: 3 0x8000eb60 (0xbfe5)
core   0: 0x8000eb58 (0x00001f17) auipc   t5, 0x1
core   0: 3 0x8000eb58 (0x00001f17) x30 0x8000fb58
core   0: 0x8000eb5c (0x4a3f2423) sw      gp, 1192(t5)
core   0: 3 0x8000eb5c (0x4a3f2423) mem 0x80010000 0x00000001
core   0: 0x8000eb60 (0x0000bfe5) c.j     pc - 8
core   0: 3 0x8000eb60 (0xbfe5)
core   0: 0x8000eb58 (0x00001f17) auipc   t5, 0x1
core   0: 3 0x8000eb58 (0x00001f17) x30 0x8000fb58
core   0: 0x8000eb5c (0x4a3f2423) sw      gp, 1192(t5)
core   0: 3 0x8000eb5c (0x4a3f2423) mem 0x80010000 0x00000001
core   0: 0x8000eb60 (0x0000bfe5) c.j     pc - 8
core   0: 3 0x8000eb60 (0xbfe5)
core   0: 0x8000eb58 (0x00001f17) auipc   t5, 0x1
core   0: 3 0x8000eb58 (0x00001f17) x30 0x8000fb58
core   0: 0x8000eb5c (0x4a3f2423) sw      gp, 1192(t5)
core   0: 3 0x8000eb5c (0x4a3f2423) mem 0x80010000 0x00000001
core   0: 0x8000eb60 (0x0000bfe5) c.j     pc - 8
core   0: 3 0x8000eb60 (0xbfe5)
core   0: 0x8000eb58 (0x00001f17) auipc   t5, 0x1
core   0: 3 0x8000eb58 (0x00001f17) x30 0x8000fb58
core   0: 0x8000eb5c (0x4a3f2423) sw      gp, 1192(t5)
core   0: 3 0x8000eb5c (0x4a3f2423) mem 0x80010000 0x00000001
core   0: 0x8000eb60 (0x0000bfe5) c.j     pc - 8
core   0: 3 0x8000eb60 (0xbfe5)
core   0: 0x8000eb58 (0x00001f17) auipc   t5, 0x1
core   0: 3 0x8000eb58 (0x00001f17) x30 0x8000fb58
core   0: 0x8000eb5c (0x4a3f2423) sw      gp, 1192(t5)
core   0: 3 0x8000eb5c (0x4a3f2423) mem 0x80010000 0x00000001
core   0: 0x8000eb60 (0x0000bfe5) c.j     pc - 8
core   0: 3 0x8000eb60 (0xbfe5)
core   0: 0x8000eb58 (0x00001f17) auipc   t5, 0x1
core   0: 3 0x8000eb58 (0x00001f17) x30 0x8000fb58
core   0: 0x8000eb5c (0x4a3f2423) sw      gp, 1192(t5)
core   0: 3 0x8000eb5c (0x4a3f2423) mem 0x80010000 0x00000001
core   0: 0x8000eb60 (0x0000bfe5) c.j     pc - 8
core   0: 3 0x8000eb60 (0xbfe5)
core   0: 0x8000eb58 (0x00001f17) auipc   t5, 0x1
core   0: 3 0x8000eb58 (0x00001f17) x30 0x8000fb58
core   0: 0x8000eb5c (0x4a3f2423) sw      gp, 1192(t5)
core   0: 3 0x8000eb5c (0x4a3f2423) mem 0x80010000 0x00000001
core   0: 0x8000eb60 (0x0000bfe5) c.j     pc - 8
core   0: 3 0x8000eb60 (0xbfe5)
core   0: 0x8000eb58 (0x00001f17) auipc   t5, 0x1
core   0: 3 0x8000eb58 (0x00001f17) x30 0x8000fb58
core   0: 0x8000eb5c (0x4a3f2423) sw      gp, 1192(t5)
core   0: 3 0x8000eb5c (0x4a3f2423) mem 0x80010000 0x00000001
core   0: 0x8000eb60 (0x0000bfe5) c.j     pc - 8
core   0: 3 0x8000eb60 (0xbfe5)
core   0: 0x8000eb58 (0x00001f17) auipc   t5, 0x1
core   0: 3 0x8000eb58 (0x00001f17) x30 0x8000fb58
core   0: 0x8000eb5c (0x4a3f2423) sw      gp, 1192(t5)
core   0: 3 0x8000eb5c (0x4a3f2423) mem 0x80010000 0x00000001
core   0: 0x8000eb60 (0x0000bfe5) c.j     pc - 8
core   0: 3 0x8000eb60 (0xbfe5)
core   0: 0x8000eb58 (0x00001f17) auipc   t5, 0x1
core   0: 3 0x8000eb58 (0x00001f17) x30 0x8000fb58
core   0: 0x8000eb5c (0x4a3f2423) sw      gp, 1192(t5)
core   0: 3 0x8000eb5c (0x4a3f2423) mem 0x80010000 0x00000001
core   0: 0x8000eb60 (0x0000bfe5) c.j     pc - 8
core   0: 3 0x8000eb60 (0xbfe5)
core   0: 0x8000eb58 (0x00001f17) auipc   t5, 0x1
core   0: 3 0x8000eb58 (0x00001f17) x30 0x8000fb58
core   0: 0x8000eb5c (0x4a3f2423) sw      gp, 1192(t5)
core   0: 3 0x8000eb5c (0x4a3f2423) mem 0x80010000 0x00000001
core   0: 0x8000eb60 (0x0000bfe5) c.j     pc - 8
core   0: 3 0x8000eb60 (0xbfe5)
core   0: 0x8000eb58 (0x00001f17) auipc   t5, 0x1
core   0: 3 0x8000eb58 (0x00001f17) x30 0x8000fb58
core   0: 0x8000eb5c (0x4a3f2423) sw      gp, 1192(t5)
core   0: 3 0x8000eb5c (0x4a3f2423) mem 0x80010000 0x00000001
core   0: 0x8000eb60 (0x0000bfe5) c.j     pc - 8
core   0: 3 0x8000eb60 (0xbfe5)
core   0: 0x8000eb58 (0x00001f17) auipc   t5, 0x1
core   0: 3 0x8000eb58 (0x00001f17) x30 0x8000fb58
core   0: 0x8000eb5c (0x4a3f2423) sw      gp, 1192(t5)
core   0: 3 0x8000eb5c (0x4a3f2423) mem 0x80010000 0x00000001
core   0: 0x8000eb60 (0x0000bfe5) c.j     pc - 8
core   0: 3 0x8000eb60 (0xbfe5)
core   0: 0x8000eb58 (0x00001f17) auipc   t5, 0x1
core   0: 3 0x8000eb58 (0x00001f17) x30 0x8000fb58
core   0: 0x8000eb5c (0x4a3f2423) sw      gp, 1192(t5)
core   0: 3 0x8000eb5c (0x4a3f2423) mem 0x80010000 0x00000001
core   0: 0x8000eb60 (0x0000bfe5) c.j     pc - 8
core   0: 3 0x8000eb60 (0xbfe5)
core   0: 0x8000eb58 (0x00001f17) auipc   t5, 0x1
core   0: 3 0x8000eb58 (0x00001f17) x30 0x8000fb58
core   0: 0x8000eb5c (0x4a3f2423) sw      gp, 1192(t5)
core   0: 3 0x8000eb5c (0x4a3f2423) mem 0x80010000 0x00000001
core   0: 0x8000eb60 (0x0000bfe5) c.j     pc - 8
core   0: 3 0x8000eb60 (0xbfe5)
core   0: 0x8000eb58 (0x00001f17) auipc   t5, 0x1
core   0: 3 0x8000eb58 (0x00001f17) x30 0x8000fb58
core   0: 0x8000eb5c (0x4a3f2423) sw      gp, 1192(t5)
core   0: 3 0x8000eb5c (0x4a3f2423) mem 0x80010000 0x00000001
core   0: 0x8000eb60 (0x0000bfe5) c.j     pc - 8
core   0: 3 0x8000eb60 (0xbfe5)
core   0: 0x8000eb58 (0x00001f17) auipc   t5, 0x1
core   0: 3 0x8000eb58 (0x00001f17) x30 0x8000fb58
core   0: 0x8000eb5c (0x4a3f2423) sw      gp, 1192(t5)
core   0: 3 0x8000eb5c (0x4a3f2423) mem 0x80010000 0x00000001
core   0: 0x8000eb60 (0x0000bfe5) c.j     pc - 8
core   0: 3 0x8000eb60 (0xbfe5)
core   0: 0x8000eb58 (0x00001f17) auipc   t5, 0x1
core   0: 3 0x8000eb58 (0x00001f17) x30 0x8000fb58
core   0: 0x8000eb5c (0x4a3f2423) sw      gp, 1192(t5)
core   0: 3 0x8000eb5c (0x4a3f2423) mem 0x80010000 0x00000001
core   0: 0x8000eb60 (0x0000bfe5) c.j     pc - 8
core   0: 3 0x8000eb60 (0xbfe5)
core   0: 0x8000eb58 (0x00001f17) auipc   t5, 0x1
core   0: 3 0x8000eb58 (0x00001f17) x30 0x8000fb58
core   0: 0x8000eb5c (0x4a3f2423) sw      gp, 1192(t5)
core   0: 3 0x8000eb5c (0x4a3f2423) mem 0x80010000 0x00000001
core   0: 0x8000eb60 (0x0000bfe5) c.j     pc - 8
core   0: 3 0x8000eb60 (0xbfe5)
core   0: 0x8000eb58 (0x00001f17) auipc   t5, 0x1
core   0: 3 0x8000eb58 (0x00001f17) x30 0x8000fb58
core   0: 0x8000eb5c (0x4a3f2423) sw      gp, 1192(t5)
core   0: 3 0x8000eb5c (0x4a3f2423) mem 0x80010000 0x00000001
core   0: 0x8000eb60 (0x0000bfe5) c.j     pc - 8
core   0: 3 0x8000eb60 (0xbfe5)
core   0: 0x8000eb58 (0x00001f17) auipc   t5, 0x1
core   0: 3 0x8000eb58 (0x00001f17) x30 0x8000fb58
core   0: 0x8000eb5c (0x4a3f2423) sw      gp, 1192(t5)
core   0: 3 0x8000eb5c (0x4a3f2423) mem 0x80010000 0x00000001
core   0: 0x8000eb60 (0x0000bfe5) c.j     pc - 8
core   0: 3 0x8000eb60 (0xbfe5)
core   0: 0x8000eb58 (0x00001f17) auipc   t5, 0x1
core   0: 3 0x8000eb58 (0x00001f17) x30 0x8000fb58
core   0: 0x8000eb5c (0x4a3f2423) sw      gp, 1192(t5)
core   0: 3 0x8000eb5c (0x4a3f2423) mem 0x80010000 0x00000001
core   0: 0x8000eb60 (0x0000bfe5) c.j     pc - 8
core   0: 3 0x8000eb60 (0xbfe5)
core   0: 0x8000eb58 (0x00001f17) auipc   t5, 0x1
core   0: 3 0x8000eb58 (0x00001f17) x30 0x8000fb58
core   0: 0x8000eb5c (0x4a3f2423) sw      gp, 1192(t5)
core   0: 3 0x8000eb5c (0x4a3f2423) mem 0x80010000 0x00000001
core   0: 0x8000eb60 (0x0000bfe5) c.j     pc - 8
core   0: 3 0x8000eb60 (0xbfe5)
core   0: 0x8000eb58 (0x00001f17) auipc   t5, 0x1
core   0: 3 0x8000eb58 (0x00001f17) x30 0x8000fb58
core   0: 0x8000eb5c (0x4a3f2423) sw      gp, 1192(t5)
core   0: 3 0x8000eb5c (0x4a3f2423) mem 0x80010000 0x00000001
core   0: 0x8000eb60 (0x0000bfe5) c.j     pc - 8
core   0: 3 0x8000eb60 (0xbfe5)
core   0: 0x8000eb58 (0x00001f17) auipc   t5, 0x1
core   0: 3 0x8000eb58 (0x00001f17) x30 0x8000fb58
core   0: 0x8000eb5c (0x4a3f2423) sw      gp, 1192(t5)
core   0: 3 0x8000eb5c (0x4a3f2423) mem 0x80010000 0x00000001
core   0: 0x8000eb60 (0x0000bfe5) c.j     pc - 8
core   0: 3 0x8000eb60 (0xbfe5)
core   0: 0x8000eb58 (0x00001f17) auipc   t5, 0x1
core   0: 3 0x8000eb58 (0x00001f17) x30 0x8000fb58
core   0: 0x8000eb5c (0x4a3f2423) sw      gp, 1192(t5)
core   0: 3 0x8000eb5c (0x4a3f2423) mem 0x80010000 0x00000001
core   0: 0x8000eb60 (0x0000bfe5) c.j     pc - 8
core   0: 3 0x8000eb60 (0xbfe5)
core   0: 0x8000eb58 (0x00001f17) auipc   t5, 0x1
core   0: 3 0x8000eb58 (0x00001f17) x30 0x8000fb58
core   0: 0x8000eb5c (0x4a3f2423) sw      gp, 1192(t5)
core   0: 3 0x8000eb5c (0x4a3f2423) mem 0x80010000 0x00000001
core   0: 0x8000eb60 (0x0000bfe5) c.j     pc - 8
core   0: 3 0x8000eb60 (0xbfe5)
core   0: 0x8000eb58 (0x00001f17) auipc   t5, 0x1
core   0: 3 0x8000eb58 (0x00001f17) x30 0x8000fb58
core   0: 0x8000eb5c (0x4a3f2423) sw      gp, 1192(t5)
core   0: 3 0x8000eb5c (0x4a3f2423) mem 0x80010000 0x00000001
core   0: 0x8000eb60 (0x0000bfe5) c.j     pc - 8
core   0: 3 0x8000eb60 (0xbfe5)
core   0: 0x8000eb58 (0x00001f17) auipc   t5, 0x1
core   0: 3 0x8000eb58 (0x00001f17) x30 0x8000fb58
core   0: 0x8000eb5c (0x4a3f2423) sw      gp, 1192(t5)
core   0: 3 0x8000eb5c (0x4a3f2423) mem 0x80010000 0x00000001
core   0: 0x8000eb60 (0x0000bfe5) c.j     pc - 8
core   0: 3 0x8000eb60 (0xbfe5)
core   0: 0x8000eb58 (0x00001f17) auipc   t5, 0x1
core   0: 3 0x8000eb58 (0x00001f17) x30 0x8000fb58
core   0: 0x8000eb5c (0x4a3f2423) sw      gp, 1192(t5)
core   0: 3 0x8000eb5c (0x4a3f2423) mem 0x80010000 0x00000001
core   0: 0x8000eb60 (0x0000bfe5) c.j     pc - 8
core   0: 3 0x8000eb60 (0xbfe5)
core   0: 0x8000eb58 (0x00001f17) auipc   t5, 0x1
core   0: 3 0x8000eb58 (0x00001f17) x30 0x8000fb58
core   0: 0x8000eb5c (0x4a3f2423) sw      gp, 1192(t5)
core   0: 3 0x8000eb5c (0x4a3f2423) mem 0x80010000 0x00000001
core   0: 0x8000eb60 (0x0000bfe5) c.j     pc - 8
core   0: 3 0x8000eb60 (0xbfe5)
core   0: 0x8000eb58 (0x00001f17) auipc   t5, 0x1
core   0: 3 0x8000eb58 (0x00001f17) x30 0x8000fb58
core   0: 0x8000eb5c (0x4a3f2423) sw      gp, 1192(t5)
core   0: 3 0x8000eb5c (0x4a3f2423) mem 0x80010000 0x00000001
core   0: 0x8000eb60 (0x0000bfe5) c.j     pc - 8
core   0: 3 0x8000eb60 (0xbfe5)
core   0: 0x8000eb58 (0x00001f17) auipc   t5, 0x1
core   0: 3 0x8000eb58 (0x00001f17) x30 0x8000fb58
core   0: 0x8000eb5c (0x4a3f2423) sw      gp, 1192(t5)
core   0: 3 0x8000eb5c (0x4a3f2423) mem 0x80010000 0x00000001
core   0: 0x8000eb60 (0x0000bfe5) c.j     pc - 8
core   0: 3 0x8000eb60 (0xbfe5)
core   0: 0x8000eb58 (0x00001f17) auipc   t5, 0x1
core   0: 3 0x8000eb58 (0x00001f17) x30 0x8000fb58
core   0: 0x8000eb5c (0x4a3f2423) sw      gp, 1192(t5)
core   0: 3 0x8000eb5c (0x4a3f2423) mem 0x80010000 0x00000001
core   0: 0x8000eb60 (0x0000bfe5) c.j     pc - 8
core   0: 3 0x8000eb60 (0xbfe5)
core   0: 0x8000eb58 (0x00001f17) auipc   t5, 0x1
core   0: 3 0x8000eb58 (0x00001f17) x30 0x8000fb58
core   0: 0x8000eb5c (0x4a3f2423) sw      gp, 1192(t5)
core   0: 3 0x8000eb5c (0x4a3f2423) mem 0x80010000 0x00000001
core   0: 0x8000eb60 (0x0000bfe5) c.j     pc - 8
core   0: 3 0x8000eb60 (0xbfe5)
core   0: 0x8000eb58 (0x00001f17) auipc   t5, 0x1
core   0: 3 0x8000eb58 (0x00001f17) x30 0x8000fb58
core   0: 0x8000eb5c (0x4a3f2423) sw      gp, 1192(t5)
core   0: 3 0x8000eb5c (0x4a3f2423) mem 0x80010000 0x00000001
core   0: 0x8000eb60 (0x0000bfe5) c.j     pc - 8
core   0: 3 0x8000eb60 (0xbfe5)
core   0: 0x8000eb58 (0x00001f17) auipc   t5, 0x1
core   0: 3 0x8000eb58 (0x00001f17) x30 0x8000fb58
core   0: 0x8000eb5c (0x4a3f2423) sw      gp, 1192(t5)
core   0: 3 0x8000eb5c (0x4a3f2423) mem 0x80010000 0x00000001
core   0: 0x8000eb60 (0x0000bfe5) c.j     pc - 8
core   0: 3 0x8000eb60 (0xbfe5)
core   0: 0x8000eb58 (0x00001f17) auipc   t5, 0x1
core   0: 3 0x8000eb58 (0x00001f17) x30 0x8000fb58
core   0: 0x8000eb5c (0x4a3f2423) sw      gp, 1192(t5)
core   0: 3 0x8000eb5c (0x4a3f2423) mem 0x80010000 0x00000001
core   0: 0x8000eb60 (0x0000bfe5) c.j     pc - 8
core   0: 3 0x8000eb60 (0xbfe5)
core   0: 0x8000eb58 (0x00001f17) auipc   t5, 0x1
core   0: 3 0x8000eb58 (0x00001f17) x30 0x8000fb58
core   0: 0x8000eb5c (0x4a3f2423) sw      gp, 1192(t5)
core   0: 3 0x8000eb5c (0x4a3f2423) mem 0x80010000 0x00000001
core   0: 0x8000eb60 (0x0000bfe5) c.j     pc - 8
core   0: 3 0x8000eb60 (0xbfe5)
core   0: 0x8000eb58 (0x00001f17) auipc   t5, 0x1
core   0: 3 0x8000eb58 (0x00001f17) x30 0x8000fb58
core   0: 0x8000eb5c (0x4a3f2423) sw      gp, 1192(t5)
core   0: 3 0x8000eb5c (0x4a3f2423) mem 0x80010000 0x00000001
core   0: 0x8000eb60 (0x0000bfe5) c.j     pc - 8
core   0: 3 0x8000eb60 (0xbfe5)
core   0: 0x8000eb58 (0x00001f17) auipc   t5, 0x1
core   0: 3 0x8000eb58 (0x00001f17) x30 0x8000fb58
core   0: 0x8000eb5c (0x4a3f2423) sw      gp, 1192(t5)
core   0: 3 0x8000eb5c (0x4a3f2423) mem 0x80010000 0x00000001
core   0: 0x8000eb60 (0x0000bfe5) c.j     pc - 8
core   0: 3 0x8000eb60 (0xbfe5)
core   0: 0x8000eb58 (0x00001f17) auipc   t5, 0x1
core   0: 3 0x8000eb58 (0x00001f17) x30 0x8000fb58
core   0: 0x8000eb5c (0x4a3f2423) sw      gp, 1192(t5)
core   0: 3 0x8000eb5c (0x4a3f2423) mem 0x80010000 0x00000001
core   0: 0x8000eb60 (0x0000bfe5) c.j     pc - 8
core   0: 3 0x8000eb60 (0xbfe5)
core   0: 0x8000eb58 (0x00001f17) auipc   t5, 0x1
core   0: 3 0x8000eb58 (0x00001f17) x30 0x8000fb58
core   0: 0x8000eb5c (0x4a3f2423) sw      gp, 1192(t5)
core   0: 3 0x8000eb5c (0x4a3f2423) mem 0x80010000 0x00000001
core   0: 0x8000eb60 (0x0000bfe5) c.j     pc - 8
core   0: 3 0x8000eb60 (0xbfe5)
core   0: 0x8000eb58 (0x00001f17) auipc   t5, 0x1
core   0: 3 0x8000eb58 (0x00001f17) x30 0x8000fb58
core   0: 0x8000eb5c (0x4a3f2423) sw      gp, 1192(t5)
core   0: 3 0x8000eb5c (0x4a3f2423) mem 0x80010000 0x00000001
core   0: 0x8000eb60 (0x0000bfe5) c.j     pc - 8
core   0: 3 0x8000eb60 (0xbfe5)
core   0: 0x8000eb58 (0x00001f17) auipc   t5, 0x1
core   0: 3 0x8000eb58 (0x00001f17) x30 0x8000fb58
core   0: 0x8000eb5c (0x4a3f2423) sw      gp, 1192(t5)
core   0: 3 0x8000eb5c (0x4a3f2423) mem 0x80010000 0x00000001
core   0: 0x8000eb60 (0x0000bfe5) c.j     pc - 8
core   0: 3 0x8000eb60 (0xbfe5)
core   0: 0x8000eb58 (0x00001f17) auipc   t5, 0x1
core   0: 3 0x8000eb58 (0x00001f17) x30 0x8000fb58
core   0: 0x8000eb5c (0x4a3f2423) sw      gp, 1192(t5)
core   0: 3 0x8000eb5c (0x4a3f2423) mem 0x80010000 0x00000001
core   0: 0x8000eb60 (0x0000bfe5) c.j     pc - 8
core   0: 3 0x8000eb60 (0xbfe5)
core   0: 0x8000eb58 (0x00001f17) auipc   t5, 0x1
core   0: 3 0x8000eb58 (0x00001f17) x30 0x8000fb58
core   0: 0x8000eb5c (0x4a3f2423) sw      gp, 1192(t5)
core   0: 3 0x8000eb5c (0x4a3f2423) mem 0x80010000 0x00000001
core   0: 0x8000eb60 (0x0000bfe5) c.j     pc - 8
core   0: 3 0x8000eb60 (0xbfe5)
core   0: 0x8000eb58 (0x00001f17) auipc   t5, 0x1
core   0: 3 0x8000eb58 (0x00001f17) x30 0x8000fb58
core   0: 0x8000eb5c (0x4a3f2423) sw      gp, 1192(t5)
core   0: 3 0x8000eb5c (0x4a3f2423) mem 0x80010000 0x00000001
core   0: 0x8000eb60 (0x0000bfe5) c.j     pc - 8
core   0: 3 0x8000eb60 (0xbfe5)
core   0: 0x8000eb58 (0x00001f17) auipc   t5, 0x1
core   0: 3 0x8000eb58 (0x00001f17) x30 0x8000fb58
core   0: 0x8000eb5c (0x4a3f2423) sw      gp, 1192(t5)
core   0: 3 0x8000eb5c (0x4a3f2423) mem 0x80010000 0x00000001
core   0: 0x8000eb60 (0x0000bfe5) c.j     pc - 8
core   0: 3 0x8000eb60 (0xbfe5)
core   0: 0x8000eb58 (0x00001f17) auipc   t5, 0x1
core   0: 3 0x8000eb58 (0x00001f17) x30 0x8000fb58
core   0: 0x8000eb5c (0x4a3f2423) sw      gp, 1192(t5)
core   0: 3 0x8000eb5c (0x4a3f2423) mem 0x80010000 0x00000001
core   0: 0x8000eb60 (0x0000bfe5) c.j     pc - 8
core   0: 3 0x8000eb60 (0xbfe5)
core   0: 0x8000eb58 (0x00001f17) auipc   t5, 0x1
core   0: 3 0x8000eb58 (0x00001f17) x30 0x8000fb58
core   0: 0x8000eb5c (0x4a3f2423) sw      gp, 1192(t5)
core   0: 3 0x8000eb5c (0x4a3f2423) mem 0x80010000 0x00000001
core   0: 0x8000eb60 (0x0000bfe5) c.j     pc - 8
core   0: 3 0x8000eb60 (0xbfe5)
core   0: 0x8000eb58 (0x00001f17) auipc   t5, 0x1
core   0: 3 0x8000eb58 (0x00001f17) x30 0x8000fb58
core   0: 0x8000eb5c (0x4a3f2423) sw      gp, 1192(t5)
core   0: 3 0x8000eb5c (0x4a3f2423) mem 0x80010000 0x00000001
core   0: 0x8000eb60 (0x0000bfe5) c.j     pc - 8
core   0: 3 0x8000eb60 (0xbfe5)
core   0: 0x8000eb58 (0x00001f17) auipc   t5, 0x1
core   0: 3 0x8000eb58 (0x00001f17) x30 0x8000fb58
core   0: 0x8000eb5c (0x4a3f2423) sw      gp, 1192(t5)
core   0: 3 0x8000eb5c (0x4a3f2423) mem 0x80010000 0x00000001
core   0: 0x8000eb60 (0x0000bfe5) c.j     pc - 8
core   0: 3 0x8000eb60 (0xbfe5)
core   0: 0x8000eb58 (0x00001f17) auipc   t5, 0x1
core   0: 3 0x8000eb58 (0x00001f17) x30 0x8000fb58
core   0: 0x8000eb5c (0x4a3f2423) sw      gp, 1192(t5)
core   0: 3 0x8000eb5c (0x4a3f2423) mem 0x80010000 0x00000001
core   0: 0x8000eb60 (0x0000bfe5) c.j     pc - 8
core   0: 3 0x8000eb60 (0xbfe5)
core   0: 0x8000eb58 (0x00001f17) auipc   t5, 0x1
core   0: 3 0x8000eb58 (0x00001f17) x30 0x8000fb58
core   0: 0x8000eb5c (0x4a3f2423) sw      gp, 1192(t5)
core   0: 3 0x8000eb5c (0x4a3f2423) mem 0x80010000 0x00000001
core   0: 0x8000eb60 (0x0000bfe5) c.j     pc - 8
core   0: 3 0x8000eb60 (0xbfe5)
core   0: 0x8000eb58 (0x00001f17) auipc   t5, 0x1
core   0: 3 0x8000eb58 (0x00001f17) x30 0x8000fb58
core   0: 0x8000eb5c (0x4a3f2423) sw      gp, 1192(t5)
core   0: 3 0x8000eb5c (0x4a3f2423) mem 0x80010000 0x00000001
core   0: 0x8000eb60 (0x0000bfe5) c.j     pc - 8
core   0: 3 0x8000eb60 (0xbfe5)
core   0: 0x8000eb58 (0x00001f17) auipc   t5, 0x1
core   0: 3 0x8000eb58 (0x00001f17) x30 0x8000fb58
core   0: 0x8000eb5c (0x4a3f2423) sw      gp, 1192(t5)
core   0: 3 0x8000eb5c (0x4a3f2423) mem 0x80010000 0x00000001
core   0: 0x8000eb60 (0x0000bfe5) c.j     pc - 8
core   0: 3 0x8000eb60 (0xbfe5)
core   0: 0x8000eb58 (0x00001f17) auipc   t5, 0x1
core   0: 3 0x8000eb58 (0x00001f17) x30 0x8000fb58
core   0: 0x8000eb5c (0x4a3f2423) sw      gp, 1192(t5)
core   0: 3 0x8000eb5c (0x4a3f2423) mem 0x80010000 0x00000001
core   0: 0x8000eb60 (0x0000bfe5) c.j     pc - 8
core   0: 3 0x8000eb60 (0xbfe5)
core   0: 0x8000eb58 (0x00001f17) auipc   t5, 0x1
core   0: 3 0x8000eb58 (0x00001f17) x30 0x8000fb58
core   0: 0x8000eb5c (0x4a3f2423) sw      gp, 1192(t5)
core   0: 3 0x8000eb5c (0x4a3f2423) mem 0x80010000 0x00000001
core   0: 0x8000eb60 (0x0000bfe5) c.j     pc - 8
core   0: 3 0x8000eb60 (0xbfe5)
core   0: 0x8000eb58 (0x00001f17) auipc   t5, 0x1
core   0: 3 0x8000eb58 (0x00001f17) x30 0x8000fb58
core   0: 0x8000eb5c (0x4a3f2423) sw      gp, 1192(t5)
core   0: 3 0x8000eb5c (0x4a3f2423) mem 0x80010000 0x00000001
core   0: 0x8000eb60 (0x0000bfe5) c.j     pc - 8
core   0: 3 0x8000eb60 (0xbfe5)
core   0: 0x8000eb58 (0x00001f17) auipc   t5, 0x1
core   0: 3 0x8000eb58 (0x00001f17) x30 0x8000fb58
core   0: 0x8000eb5c (0x4a3f2423) sw      gp, 1192(t5)
core   0: 3 0x8000eb5c (0x4a3f2423) mem 0x80010000 0x00000001
core   0: 0x8000eb60 (0x0000bfe5) c.j     pc - 8
core   0: 3 0x8000eb60 (0xbfe5)
core   0: 0x8000eb58 (0x00001f17) auipc   t5, 0x1
core   0: 3 0x8000eb58 (0x00001f17) x30 0x8000fb58
core   0: 0x8000eb5c (0x4a3f2423) sw      gp, 1192(t5)
core   0: 3 0x8000eb5c (0x4a3f2423) mem 0x80010000 0x00000001
core   0: 0x8000eb60 (0x0000bfe5) c.j     pc - 8
core   0: 3 0x8000eb60 (0xbfe5)
core   0: 0x8000eb58 (0x00001f17) auipc   t5, 0x1
core   0: 3 0x8000eb58 (0x00001f17) x30 0x8000fb58
core   0: 0x8000eb5c (0x4a3f2423) sw      gp, 1192(t5)
core   0: 3 0x8000eb5c (0x4a3f2423) mem 0x80010000 0x00000001
core   0: 0x8000eb60 (0x0000bfe5) c.j     pc - 8
core   0: 3 0x8000eb60 (0xbfe5)
core   0: 0x8000eb58 (0x00001f17) auipc   t5, 0x1
core   0: 3 0x8000eb58 (0x00001f17) x30 0x8000fb58
core   0: 0x8000eb5c (0x4a3f2423) sw      gp, 1192(t5)
core   0: 3 0x8000eb5c (0x4a3f2423) mem 0x80010000 0x00000001
core   0: 0x8000eb60 (0x0000bfe5) c.j     pc - 8
core   0: 3 0x8000eb60 (0xbfe5)
core   0: 0x8000eb58 (0x00001f17) auipc   t5, 0x1
core   0: 3 0x8000eb58 (0x00001f17) x30 0x8000fb58
core   0: 0x8000eb5c (0x4a3f2423) sw      gp, 1192(t5)
core   0: 3 0x8000eb5c (0x4a3f2423) mem 0x80010000 0x00000001
core   0: 0x8000eb60 (0x0000bfe5) c.j     pc - 8
core   0: 3 0x8000eb60 (0xbfe5)
core   0: 0x8000eb58 (0x00001f17) auipc   t5, 0x1
core   0: 3 0x8000eb58 (0x00001f17) x30 0x8000fb58
core   0: 0x8000eb5c (0x4a3f2423) sw      gp, 1192(t5)
core   0: 3 0x8000eb5c (0x4a3f2423) mem 0x80010000 0x00000001
core   0: 0x8000eb60 (0x0000bfe5) c.j     pc - 8
core   0: 3 0x8000eb60 (0xbfe5)
core   0: 0x8000eb58 (0x00001f17) auipc   t5, 0x1
core   0: 3 0x8000eb58 (0x00001f17) x30 0x8000fb58
core   0: 0x8000eb5c (0x4a3f2423) sw      gp, 1192(t5)
core   0: 3 0x8000eb5c (0x4a3f2423) mem 0x80010000 0x00000001
core   0: 0x8000eb60 (0x0000bfe5) c.j     pc - 8
core   0: 3 0x8000eb60 (0xbfe5)
core   0: 0x8000eb58 (0x00001f17) auipc   t5, 0x1
core   0: 3 0x8000eb58 (0x00001f17) x30 0x8000fb58
core   0: 0x8000eb5c (0x4a3f2423) sw      gp, 1192(t5)
core   0: 3 0x8000eb5c (0x4a3f2423) mem 0x80010000 0x00000001
core   0: 0x8000eb60 (0x0000bfe5) c.j     pc - 8
core   0: 3 0x8000eb60 (0xbfe5)
core   0: 0x8000eb58 (0x00001f17) auipc   t5, 0x1
core   0: 3 0x8000eb58 (0x00001f17) x30 0x8000fb58
core   0: 0x8000eb5c (0x4a3f2423) sw      gp, 1192(t5)
core   0: 3 0x8000eb5c (0x4a3f2423) mem 0x80010000 0x00000001
core   0: 0x8000eb60 (0x0000bfe5) c.j     pc - 8
core   0: 3 0x8000eb60 (0xbfe5)
core   0: 0x8000eb58 (0x00001f17) auipc   t5, 0x1
core   0: 3 0x8000eb58 (0x00001f17) x30 0x8000fb58
core   0: 0x8000eb5c (0x4a3f2423) sw      gp, 1192(t5)
core   0: 3 0x8000eb5c (0x4a3f2423) mem 0x80010000 0x00000001
core   0: 0x8000eb60 (0x0000bfe5) c.j     pc - 8
core   0: 3 0x8000eb60 (0xbfe5)
core   0: 0x8000eb58 (0x00001f17) auipc   t5, 0x1
core   0: 3 0x8000eb58 (0x00001f17) x30 0x8000fb58
core   0: 0x8000eb5c (0x4a3f2423) sw      gp, 1192(t5)
core   0: 3 0x8000eb5c (0x4a3f2423) mem 0x80010000 0x00000001
core   0: 0x8000eb60 (0x0000bfe5) c.j     pc - 8
core   0: 3 0x8000eb60 (0xbfe5)
core   0: 0x8000eb58 (0x00001f17) auipc   t5, 0x1
core   0: 3 0x8000eb58 (0x00001f17) x30 0x8000fb58
core   0: 0x8000eb5c (0x4a3f2423) sw      gp, 1192(t5)
core   0: 3 0x8000eb5c (0x4a3f2423) mem 0x80010000 0x00000001
core   0: 0x8000eb60 (0x0000bfe5) c.j     pc - 8
core   0: 3 0x8000eb60 (0xbfe5)
core   0: 0x8000eb58 (0x00001f17) auipc   t5, 0x1
core   0: 3 0x8000eb58 (0x00001f17) x30 0x8000fb58
core   0: 0x8000eb5c (0x4a3f2423) sw      gp, 1192(t5)
core   0: 3 0x8000eb5c (0x4a3f2423) mem 0x80010000 0x00000001
core   0: 0x8000eb60 (0x0000bfe5) c.j     pc - 8
core   0: 3 0x8000eb60 (0xbfe5)
core   0: 0x8000eb58 (0x00001f17) auipc   t5, 0x1
core   0: 3 0x8000eb58 (0x00001f17) x30 0x8000fb58
core   0: 0x8000eb5c (0x4a3f2423) sw      gp, 1192(t5)
core   0: 3 0x8000eb5c (0x4a3f2423) mem 0x80010000 0x00000001
core   0: 0x8000eb60 (0x0000bfe5) c.j     pc - 8
core   0: 3 0x8000eb60 (0xbfe5)
core   0: 0x8000eb58 (0x00001f17) auipc   t5, 0x1
core   0: 3 0x8000eb58 (0x00001f17) x30 0x8000fb58
core   0: 0x8000eb5c (0x4a3f2423) sw      gp, 1192(t5)
core   0: 3 0x8000eb5c (0x4a3f2423) mem 0x80010000 0x00000001
core   0: 0x8000eb60 (0x0000bfe5) c.j     pc - 8
core   0: 3 0x8000eb60 (0xbfe5)
core   0: 0x8000eb58 (0x00001f17) auipc   t5, 0x1
core   0: 3 0x8000eb58 (0x00001f17) x30 0x8000fb58
core   0: 0x8000eb5c (0x4a3f2423) sw      gp, 1192(t5)
core   0: 3 0x8000eb5c (0x4a3f2423) mem 0x80010000 0x00000001
core   0: 0x8000eb60 (0x0000bfe5) c.j     pc - 8
core   0: 3 0x8000eb60 (0xbfe5)
core   0: 0x8000eb58 (0x00001f17) auipc   t5, 0x1
core   0: 3 0x8000eb58 (0x00001f17) x30 0x8000fb58
core   0: 0x8000eb5c (0x4a3f2423) sw      gp, 1192(t5)
core   0: 3 0x8000eb5c (0x4a3f2423) mem 0x80010000 0x00000001
core   0: 0x8000eb60 (0x0000bfe5) c.j     pc - 8
core   0: 3 0x8000eb60 (0xbfe5)
core   0: 0x8000eb58 (0x00001f17) auipc   t5, 0x1
core   0: 3 0x8000eb58 (0x00001f17) x30 0x8000fb58
core   0: 0x8000eb5c (0x4a3f2423) sw      gp, 1192(t5)
core   0: 3 0x8000eb5c (0x4a3f2423) mem 0x80010000 0x00000001
core   0: 0x8000eb60 (0x0000bfe5) c.j     pc - 8
core   0: 3 0x8000eb60 (0xbfe5)
core   0: 0x8000eb58 (0x00001f17) auipc   t5, 0x1
core   0: 3 0x8000eb58 (0x00001f17) x30 0x8000fb58
core   0: 0x8000eb5c (0x4a3f2423) sw      gp, 1192(t5)
core   0: 3 0x8000eb5c (0x4a3f2423) mem 0x80010000 0x00000001
core   0: 0x8000eb60 (0x0000bfe5) c.j     pc - 8
core   0: 3 0x8000eb60 (0xbfe5)
core   0: 0x8000eb58 (0x00001f17) auipc   t5, 0x1
core   0: 3 0x8000eb58 (0x00001f17) x30 0x8000fb58
core   0: 0x8000eb5c (0x4a3f2423) sw      gp, 1192(t5)
core   0: 3 0x8000eb5c (0x4a3f2423) mem 0x80010000 0x00000001
core   0: 0x8000eb60 (0x0000bfe5) c.j     pc - 8
core   0: 3 0x8000eb60 (0xbfe5)
core   0: 0x8000eb58 (0x00001f17) auipc   t5, 0x1
core   0: 3 0x8000eb58 (0x00001f17) x30 0x8000fb58
core   0: 0x8000eb5c (0x4a3f2423) sw      gp, 1192(t5)
core   0: 3 0x8000eb5c (0x4a3f2423) mem 0x80010000 0x00000001
core   0: 0x8000eb60 (0x0000bfe5) c.j     pc - 8
core   0: 3 0x8000eb60 (0xbfe5)
core   0: 0x8000eb58 (0x00001f17) auipc   t5, 0x1
core   0: 3 0x8000eb58 (0x00001f17) x30 0x8000fb58
core   0: 0x8000eb5c (0x4a3f2423) sw      gp, 1192(t5)
core   0: 3 0x8000eb5c (0x4a3f2423) mem 0x80010000 0x00000001
core   0: 0x8000eb60 (0x0000bfe5) c.j     pc - 8
core   0: 3 0x8000eb60 (0xbfe5)
core   0: 0x8000eb58 (0x00001f17) auipc   t5, 0x1
core   0: 3 0x8000eb58 (0x00001f17) x30 0x8000fb58
core   0: 0x8000eb5c (0x4a3f2423) sw      gp, 1192(t5)
core   0: 3 0x8000eb5c (0x4a3f2423) mem 0x80010000 0x00000001
core   0: 0x8000eb60 (0x0000bfe5) c.j     pc - 8
core   0: 3 0x8000eb60 (0xbfe5)
core   0: 0x8000eb58 (0x00001f17) auipc   t5, 0x1
core   0: 3 0x8000eb58 (0x00001f17) x30 0x8000fb58
core   0: 0x8000eb5c (0x4a3f2423) sw      gp, 1192(t5)
core   0: 3 0x8000eb5c (0x4a3f2423) mem 0x80010000 0x00000001
core   0: 0x8000eb60 (0x0000bfe5) c.j     pc - 8
core   0: 3 0x8000eb60 (0xbfe5)
core   0: 0x8000eb58 (0x00001f17) auipc   t5, 0x1
core   0: 3 0x8000eb58 (0x00001f17) x30 0x8000fb58
core   0: 0x8000eb5c (0x4a3f2423) sw      gp, 1192(t5)
core   0: 3 0x8000eb5c (0x4a3f2423) mem 0x80010000 0x00000001
core   0: 0x8000eb60 (0x0000bfe5) c.j     pc - 8
core   0: 3 0x8000eb60 (0xbfe5)
core   0: 0x8000eb58 (0x00001f17) auipc   t5, 0x1
core   0: 3 0x8000eb58 (0x00001f17) x30 0x8000fb58
core   0: 0x8000eb5c (0x4a3f2423) sw      gp, 1192(t5)
core   0: 3 0x8000eb5c (0x4a3f2423) mem 0x80010000 0x00000001
core   0: 0x8000eb60 (0x0000bfe5) c.j     pc - 8
core   0: 3 0x8000eb60 (0xbfe5)
core   0: 0x8000eb58 (0x00001f17) auipc   t5, 0x1
core   0: 3 0x8000eb58 (0x00001f17) x30 0x8000fb58
core   0: 0x8000eb5c (0x4a3f2423) sw      gp, 1192(t5)
core   0: 3 0x8000eb5c (0x4a3f2423) mem 0x80010000 0x00000001
core   0: 0x8000eb60 (0x0000bfe5) c.j     pc - 8
core   0: 3 0x8000eb60 (0xbfe5)
core   0: 0x8000eb58 (0x00001f17) auipc   t5, 0x1
core   0: 3 0x8000eb58 (0x00001f17) x30 0x8000fb58
core   0: 0x8000eb5c (0x4a3f2423) sw      gp, 1192(t5)
core   0: 3 0x8000eb5c (0x4a3f2423) mem 0x80010000 0x00000001
core   0: 0x8000eb60 (0x0000bfe5) c.j     pc - 8
core   0: 3 0x8000eb60 (0xbfe5)
core   0: 0x8000eb58 (0x00001f17) auipc   t5, 0x1
core   0: 3 0x8000eb58 (0x00001f17) x30 0x8000fb58
core   0: 0x8000eb5c (0x4a3f2423) sw      gp, 1192(t5)
core   0: 3 0x8000eb5c (0x4a3f2423) mem 0x80010000 0x00000001
core   0: 0x8000eb60 (0x0000bfe5) c.j     pc - 8
core   0: 3 0x8000eb60 (0xbfe5)
core   0: 0x8000eb58 (0x00001f17) auipc   t5, 0x1
core   0: 3 0x8000eb58 (0x00001f17) x30 0x8000fb58
core   0: 0x8000eb5c (0x4a3f2423) sw      gp, 1192(t5)
core   0: 3 0x8000eb5c (0x4a3f2423) mem 0x80010000 0x00000001
core   0: 0x8000eb60 (0x0000bfe5) c.j     pc - 8
core   0: 3 0x8000eb60 (0xbfe5)
core   0: 0x8000eb58 (0x00001f17) auipc   t5, 0x1
core   0: 3 0x8000eb58 (0x00001f17) x30 0x8000fb58
core   0: 0x8000eb5c (0x4a3f2423) sw      gp, 1192(t5)
core   0: 3 0x8000eb5c (0x4a3f2423) mem 0x80010000 0x00000001
core   0: 0x8000eb60 (0x0000bfe5) c.j     pc - 8
core   0: 3 0x8000eb60 (0xbfe5)
core   0: 0x8000eb58 (0x00001f17) auipc   t5, 0x1
core   0: 3 0x8000eb58 (0x00001f17) x30 0x8000fb58
core   0: 0x8000eb5c (0x4a3f2423) sw      gp, 1192(t5)
core   0: 3 0x8000eb5c (0x4a3f2423) mem 0x80010000 0x00000001
core   0: 0x8000eb60 (0x0000bfe5) c.j     pc - 8
core   0: 3 0x8000eb60 (0xbfe5)
core   0: 0x8000eb58 (0x00001f17) auipc   t5, 0x1
core   0: 3 0x8000eb58 (0x00001f17) x30 0x8000fb58
core   0: 0x8000eb5c (0x4a3f2423) sw      gp, 1192(t5)
core   0: 3 0x8000eb5c (0x4a3f2423) mem 0x80010000 0x00000001
core   0: 0x8000eb60 (0x0000bfe5) c.j     pc - 8
core   0: 3 0x8000eb60 (0xbfe5)
core   0: 0x8000eb58 (0x00001f17) auipc   t5, 0x1
core   0: 3 0x8000eb58 (0x00001f17) x30 0x8000fb58
core   0: 0x8000eb5c (0x4a3f2423) sw      gp, 1192(t5)
core   0: 3 0x8000eb5c (0x4a3f2423) mem 0x80010000 0x00000001
core   0: 0x8000eb60 (0x0000bfe5) c.j     pc - 8
core   0: 3 0x8000eb60 (0xbfe5)
core   0: 0x8000eb58 (0x00001f17) auipc   t5, 0x1
core   0: 3 0x8000eb58 (0x00001f17) x30 0x8000fb58
core   0: 0x8000eb5c (0x4a3f2423) sw      gp, 1192(t5)
core   0: 3 0x8000eb5c (0x4a3f2423) mem 0x80010000 0x00000001
core   0: 0x8000eb60 (0x0000bfe5) c.j     pc - 8
core   0: 3 0x8000eb60 (0xbfe5)
core   0: 0x8000eb58 (0x00001f17) auipc   t5, 0x1
core   0: 3 0x8000eb58 (0x00001f17) x30 0x8000fb58
core   0: 0x8000eb5c (0x4a3f2423) sw      gp, 1192(t5)
core   0: 3 0x8000eb5c (0x4a3f2423) mem 0x80010000 0x00000001
core   0: 0x8000eb60 (0x0000bfe5) c.j     pc - 8
core   0: 3 0x8000eb60 (0xbfe5)
core   0: 0x8000eb58 (0x00001f17) auipc   t5, 0x1
core   0: 3 0x8000eb58 (0x00001f17) x30 0x8000fb58
core   0: 0x8000eb5c (0x4a3f2423) sw      gp, 1192(t5)
core   0: 3 0x8000eb5c (0x4a3f2423) mem 0x80010000 0x00000001
core   0: 0x8000eb60 (0x0000bfe5) c.j     pc - 8
core   0: 3 0x8000eb60 (0xbfe5)
core   0: 0x8000eb58 (0x00001f17) auipc   t5, 0x1
core   0: 3 0x8000eb58 (0x00001f17) x30 0x8000fb58
core   0: 0x8000eb5c (0x4a3f2423) sw      gp, 1192(t5)
core   0: 3 0x8000eb5c (0x4a3f2423) mem 0x80010000 0x00000001
core   0: 0x8000eb60 (0x0000bfe5) c.j     pc - 8
core   0: 3 0x8000eb60 (0xbfe5)
core   0: 0x8000eb58 (0x00001f17) auipc   t5, 0x1
core   0: 3 0x8000eb58 (0x00001f17) x30 0x8000fb58
core   0: 0x8000eb5c (0x4a3f2423) sw      gp, 1192(t5)
core   0: 3 0x8000eb5c (0x4a3f2423) mem 0x80010000 0x00000001
core   0: 0x8000eb60 (0x0000bfe5) c.j     pc - 8
core   0: 3 0x8000eb60 (0xbfe5)
core   0: 0x8000eb58 (0x00001f17) auipc   t5, 0x1
core   0: 3 0x8000eb58 (0x00001f17) x30 0x8000fb58
core   0: 0x8000eb5c (0x4a3f2423) sw      gp, 1192(t5)
core   0: 3 0x8000eb5c (0x4a3f2423) mem 0x80010000 0x00000001
core   0: 0x8000eb60 (0x0000bfe5) c.j     pc - 8
core   0: 3 0x8000eb60 (0xbfe5)
core   0: 0x8000eb58 (0x00001f17) auipc   t5, 0x1
core   0: 3 0x8000eb58 (0x00001f17) x30 0x8000fb58
core   0: 0x8000eb5c (0x4a3f2423) sw      gp, 1192(t5)
core   0: 3 0x8000eb5c (0x4a3f2423) mem 0x80010000 0x00000001
core   0: 0x8000eb60 (0x0000bfe5) c.j     pc - 8
core   0: 3 0x8000eb60 (0xbfe5)
core   0: 0x8000eb58 (0x00001f17) auipc   t5, 0x1
core   0: 3 0x8000eb58 (0x00001f17) x30 0x8000fb58
core   0: 0x8000eb5c (0x4a3f2423) sw      gp, 1192(t5)
core   0: 3 0x8000eb5c (0x4a3f2423) mem 0x80010000 0x00000001
core   0: 0x8000eb60 (0x0000bfe5) c.j     pc - 8
core   0: 3 0x8000eb60 (0xbfe5)
core   0: 0x8000eb58 (0x00001f17) auipc   t5, 0x1
core   0: 3 0x8000eb58 (0x00001f17) x30 0x8000fb58
core   0: 0x8000eb5c (0x4a3f2423) sw      gp, 1192(t5)
core   0: 3 0x8000eb5c (0x4a3f2423) mem 0x80010000 0x00000001
core   0: 0x8000eb60 (0x0000bfe5) c.j     pc - 8
core   0: 3 0x8000eb60 (0xbfe5)
core   0: 0x8000eb58 (0x00001f17) auipc   t5, 0x1
core   0: 3 0x8000eb58 (0x00001f17) x30 0x8000fb58
core   0: 0x8000eb5c (0x4a3f2423) sw      gp, 1192(t5)
core   0: 3 0x8000eb5c (0x4a3f2423) mem 0x80010000 0x00000001
core   0: 0x8000eb60 (0x0000bfe5) c.j     pc - 8
core   0: 3 0x8000eb60 (0xbfe5)
core   0: 0x8000eb58 (0x00001f17) auipc   t5, 0x1
core   0: 3 0x8000eb58 (0x00001f17) x30 0x8000fb58
core   0: 0x8000eb5c (0x4a3f2423) sw      gp, 1192(t5)
core   0: 3 0x8000eb5c (0x4a3f2423) mem 0x80010000 0x00000001
core   0: 0x8000eb60 (0x0000bfe5) c.j     pc - 8
core   0: 3 0x8000eb60 (0xbfe5)
core   0: 0x8000eb58 (0x00001f17) auipc   t5, 0x1
core   0: 3 0x8000eb58 (0x00001f17) x30 0x8000fb58
core   0: 0x8000eb5c (0x4a3f2423) sw      gp, 1192(t5)
core   0: 3 0x8000eb5c (0x4a3f2423) mem 0x80010000 0x00000001
core   0: 0x8000eb60 (0x0000bfe5) c.j     pc - 8
core   0: 3 0x8000eb60 (0xbfe5)
core   0: 0x8000eb58 (0x00001f17) auipc   t5, 0x1
core   0: 3 0x8000eb58 (0x00001f17) x30 0x8000fb58
core   0: 0x8000eb5c (0x4a3f2423) sw      gp, 1192(t5)
core   0: 3 0x8000eb5c (0x4a3f2423) mem 0x80010000 0x00000001
core   0: 0x8000eb60 (0x0000bfe5) c.j     pc - 8
core   0: 3 0x8000eb60 (0xbfe5)
core   0: 0x8000eb58 (0x00001f17) auipc   t5, 0x1
core   0: 3 0x8000eb58 (0x00001f17) x30 0x8000fb58
core   0: 0x8000eb5c (0x4a3f2423) sw      gp, 1192(t5)
core   0: 3 0x8000eb5c (0x4a3f2423) mem 0x80010000 0x00000001
core   0: 0x8000eb60 (0x0000bfe5) c.j     pc - 8
core   0: 3 0x8000eb60 (0xbfe5)
core   0: 0x8000eb58 (0x00001f17) auipc   t5, 0x1
core   0: 3 0x8000eb58 (0x00001f17) x30 0x8000fb58
core   0: 0x8000eb5c (0x4a3f2423) sw      gp, 1192(t5)
core   0: 3 0x8000eb5c (0x4a3f2423) mem 0x80010000 0x00000001
core   0: 0x8000eb60 (0x0000bfe5) c.j     pc - 8
core   0: 3 0x8000eb60 (0xbfe5)
core   0: 0x8000eb58 (0x00001f17) auipc   t5, 0x1
core   0: 3 0x8000eb58 (0x00001f17) x30 0x8000fb58
core   0: 0x8000eb5c (0x4a3f2423) sw      gp, 1192(t5)
core   0: 3 0x8000eb5c (0x4a3f2423) mem 0x80010000 0x00000001
core   0: 0x8000eb60 (0x0000bfe5) c.j     pc - 8
core   0: 3 0x8000eb60 (0xbfe5)
core   0: 0x8000eb58 (0x00001f17) auipc   t5, 0x1
core   0: 3 0x8000eb58 (0x00001f17) x30 0x8000fb58
core   0: 0x8000eb5c (0x4a3f2423) sw      gp, 1192(t5)
core   0: 3 0x8000eb5c (0x4a3f2423) mem 0x80010000 0x00000001
core   0: 0x8000eb60 (0x0000bfe5) c.j     pc - 8
core   0: 3 0x8000eb60 (0xbfe5)
core   0: 0x8000eb58 (0x00001f17) auipc   t5, 0x1
core   0: 3 0x8000eb58 (0x00001f17) x30 0x8000fb58
core   0: 0x8000eb5c (0x4a3f2423) sw      gp, 1192(t5)
core   0: 3 0x8000eb5c (0x4a3f2423) mem 0x80010000 0x00000001
core   0: 0x8000eb60 (0x0000bfe5) c.j     pc - 8
core   0: 3 0x8000eb60 (0xbfe5)
core   0: 0x8000eb58 (0x00001f17) auipc   t5, 0x1
core   0: 3 0x8000eb58 (0x00001f17) x30 0x8000fb58
core   0: 0x8000eb5c (0x4a3f2423) sw      gp, 1192(t5)
core   0: 3 0x8000eb5c (0x4a3f2423) mem 0x80010000 0x00000001
core   0: 0x8000eb60 (0x0000bfe5) c.j     pc - 8
core   0: 3 0x8000eb60 (0xbfe5)
core   0: 0x8000eb58 (0x00001f17) auipc   t5, 0x1
core   0: 3 0x8000eb58 (0x00001f17) x30 0x8000fb58
core   0: 0x8000eb5c (0x4a3f2423) sw      gp, 1192(t5)
core   0: 3 0x8000eb5c (0x4a3f2423) mem 0x80010000 0x00000001
core   0: 0x8000eb60 (0x0000bfe5) c.j     pc - 8
core   0: 3 0x8000eb60 (0xbfe5)
core   0: 0x8000eb58 (0x00001f17) auipc   t5, 0x1
core   0: 3 0x8000eb58 (0x00001f17) x30 0x8000fb58
core   0: 0x8000eb5c (0x4a3f2423) sw      gp, 1192(t5)
core   0: 3 0x8000eb5c (0x4a3f2423) mem 0x80010000 0x00000001
core   0: 0x8000eb60 (0x0000bfe5) c.j     pc - 8
core   0: 3 0x8000eb60 (0xbfe5)
core   0: 0x8000eb58 (0x00001f17) auipc   t5, 0x1
core   0: 3 0x8000eb58 (0x00001f17) x30 0x8000fb58
core   0: 0x8000eb5c (0x4a3f2423) sw      gp, 1192(t5)
core   0: 3 0x8000eb5c (0x4a3f2423) mem 0x80010000 0x00000001
core   0: 0x8000eb60 (0x0000bfe5) c.j     pc - 8
core   0: 3 0x8000eb60 (0xbfe5)
core   0: 0x8000eb58 (0x00001f17) auipc   t5, 0x1
core   0: 3 0x8000eb58 (0x00001f17) x30 0x8000fb58
core   0: 0x8000eb5c (0x4a3f2423) sw      gp, 1192(t5)
core   0: 3 0x8000eb5c (0x4a3f2423) mem 0x80010000 0x00000001
core   0: 0x8000eb60 (0x0000bfe5) c.j     pc - 8
core   0: 3 0x8000eb60 (0xbfe5)
core   0: 0x8000eb58 (0x00001f17) auipc   t5, 0x1
core   0: 3 0x8000eb58 (0x00001f17) x30 0x8000fb58
core   0: 0x8000eb5c (0x4a3f2423) sw      gp, 1192(t5)
core   0: 3 0x8000eb5c (0x4a3f2423) mem 0x80010000 0x00000001
core   0: 0x8000eb60 (0x0000bfe5) c.j     pc - 8
core   0: 3 0x8000eb60 (0xbfe5)
core   0: 0x8000eb58 (0x00001f17) auipc   t5, 0x1
core   0: 3 0x8000eb58 (0x00001f17) x30 0x8000fb58
core   0: 0x8000eb5c (0x4a3f2423) sw      gp, 1192(t5)
core   0: 3 0x8000eb5c (0x4a3f2423) mem 0x80010000 0x00000001
core   0: 0x8000eb60 (0x0000bfe5) c.j     pc - 8
core   0: 3 0x8000eb60 (0xbfe5)
core   0: 0x8000eb58 (0x00001f17) auipc   t5, 0x1
core   0: 3 0x8000eb58 (0x00001f17) x30 0x8000fb58
core   0: 0x8000eb5c (0x4a3f2423) sw      gp, 1192(t5)
core   0: 3 0x8000eb5c (0x4a3f2423) mem 0x80010000 0x00000001
core   0: 0x8000eb60 (0x0000bfe5) c.j     pc - 8
core   0: 3 0x8000eb60 (0xbfe5)
core   0: 0x8000eb58 (0x00001f17) auipc   t5, 0x1
core   0: 3 0x8000eb58 (0x00001f17) x30 0x8000fb58
core   0: 0x8000eb5c (0x4a3f2423) sw      gp, 1192(t5)
core   0: 3 0x8000eb5c (0x4a3f2423) mem 0x80010000 0x00000001
core   0: 0x8000eb60 (0x0000bfe5) c.j     pc - 8
core   0: 3 0x8000eb60 (0xbfe5)
core   0: 0x8000eb58 (0x00001f17) auipc   t5, 0x1
core   0: 3 0x8000eb58 (0x00001f17) x30 0x8000fb58
core   0: 0x8000eb5c (0x4a3f2423) sw      gp, 1192(t5)
core   0: 3 0x8000eb5c (0x4a3f2423) mem 0x80010000 0x00000001
core   0: 0x8000eb60 (0x0000bfe5) c.j     pc - 8
core   0: 3 0x8000eb60 (0xbfe5)
core   0: 0x8000eb58 (0x00001f17) auipc   t5, 0x1
core   0: 3 0x8000eb58 (0x00001f17) x30 0x8000fb58
core   0: 0x8000eb5c (0x4a3f2423) sw      gp, 1192(t5)
core   0: 3 0x8000eb5c (0x4a3f2423) mem 0x80010000 0x00000001
core   0: 0x8000eb60 (0x0000bfe5) c.j     pc - 8
core   0: 3 0x8000eb60 (0xbfe5)
core   0: 0x8000eb58 (0x00001f17) auipc   t5, 0x1
core   0: 3 0x8000eb58 (0x00001f17) x30 0x8000fb58
core   0: 0x8000eb5c (0x4a3f2423) sw      gp, 1192(t5)
core   0: 3 0x8000eb5c (0x4a3f2423) mem 0x80010000 0x00000001
core   0: 0x8000eb60 (0x0000bfe5) c.j     pc - 8
core   0: 3 0x8000eb60 (0xbfe5)
core   0: 0x8000eb58 (0x00001f17) auipc   t5, 0x1
core   0: 3 0x8000eb58 (0x00001f17) x30 0x8000fb58
core   0: 0x8000eb5c (0x4a3f2423) sw      gp, 1192(t5)
core   0: 3 0x8000eb5c (0x4a3f2423) mem 0x80010000 0x00000001
core   0: 0x8000eb60 (0x0000bfe5) c.j     pc - 8
core   0: 3 0x8000eb60 (0xbfe5)
core   0: 0x8000eb58 (0x00001f17) auipc   t5, 0x1
core   0: 3 0x8000eb58 (0x00001f17) x30 0x8000fb58
core   0: 0x8000eb5c (0x4a3f2423) sw      gp, 1192(t5)
core   0: 3 0x8000eb5c (0x4a3f2423) mem 0x80010000 0x00000001
core   0: 0x8000eb60 (0x0000bfe5) c.j     pc - 8
core   0: 3 0x8000eb60 (0xbfe5)
core   0: 0x8000eb58 (0x00001f17) auipc   t5, 0x1
core   0: 3 0x8000eb58 (0x00001f17) x30 0x8000fb58
core   0: 0x8000eb5c (0x4a3f2423) sw      gp, 1192(t5)
core   0: 3 0x8000eb5c (0x4a3f2423) mem 0x80010000 0x00000001
core   0: 0x8000eb60 (0x0000bfe5) c.j     pc - 8
core   0: 3 0x8000eb60 (0xbfe5)
core   0: 0x8000eb58 (0x00001f17) auipc   t5, 0x1
core   0: 3 0x8000eb58 (0x00001f17) x30 0x8000fb58
core   0: 0x8000eb5c (0x4a3f2423) sw      gp, 1192(t5)
core   0: 3 0x8000eb5c (0x4a3f2423) mem 0x80010000 0x00000001
core   0: 0x8000eb60 (0x0000bfe5) c.j     pc - 8
core   0: 3 0x8000eb60 (0xbfe5)
core   0: 0x8000eb58 (0x00001f17) auipc   t5, 0x1
core   0: 3 0x8000eb58 (0x00001f17) x30 0x8000fb58
core   0: 0x8000eb5c (0x4a3f2423) sw      gp, 1192(t5)
core   0: 3 0x8000eb5c (0x4a3f2423) mem 0x80010000 0x00000001
core   0: 0x8000eb60 (0x0000bfe5) c.j     pc - 8
core   0: 3 0x8000eb60 (0xbfe5)
core   0: 0x8000eb58 (0x00001f17) auipc   t5, 0x1
core   0: 3 0x8000eb58 (0x00001f17) x30 0x8000fb58
core   0: 0x8000eb5c (0x4a3f2423) sw      gp, 1192(t5)
core   0: 3 0x8000eb5c (0x4a3f2423) mem 0x80010000 0x00000001
core   0: 0x8000eb60 (0x0000bfe5) c.j     pc - 8
core   0: 3 0x8000eb60 (0xbfe5)
core   0: 0x8000eb58 (0x00001f17) auipc   t5, 0x1
core   0: 3 0x8000eb58 (0x00001f17) x30 0x8000fb58
core   0: 0x8000eb5c (0x4a3f2423) sw      gp, 1192(t5)
core   0: 3 0x8000eb5c (0x4a3f2423) mem 0x80010000 0x00000001
core   0: 0x8000eb60 (0x0000bfe5) c.j     pc - 8
core   0: 3 0x8000eb60 (0xbfe5)
core   0: 0x8000eb58 (0x00001f17) auipc   t5, 0x1
core   0: 3 0x8000eb58 (0x00001f17) x30 0x8000fb58
core   0: 0x8000eb5c (0x4a3f2423) sw      gp, 1192(t5)
core   0: 3 0x8000eb5c (0x4a3f2423) mem 0x80010000 0x00000001
core   0: 0x8000eb60 (0x0000bfe5) c.j     pc - 8
core   0: 3 0x8000eb60 (0xbfe5)
core   0: 0x8000eb58 (0x00001f17) auipc   t5, 0x1
core   0: 3 0x8000eb58 (0x00001f17) x30 0x8000fb58
core   0: 0x8000eb5c (0x4a3f2423) sw      gp, 1192(t5)
core   0: 3 0x8000eb5c (0x4a3f2423) mem 0x80010000 0x00000001
core   0: 0x8000eb60 (0x0000bfe5) c.j     pc - 8
core   0: 3 0x8000eb60 (0xbfe5)
core   0: 0x8000eb58 (0x00001f17) auipc   t5, 0x1
core   0: 3 0x8000eb58 (0x00001f17) x30 0x8000fb58
core   0: 0x8000eb5c (0x4a3f2423) sw      gp, 1192(t5)
core   0: 3 0x8000eb5c (0x4a3f2423) mem 0x80010000 0x00000001
core   0: 0x8000eb60 (0x0000bfe5) c.j     pc - 8
core   0: 3 0x8000eb60 (0xbfe5)
core   0: 0x8000eb58 (0x00001f17) auipc   t5, 0x1
core   0: 3 0x8000eb58 (0x00001f17) x30 0x8000fb58
core   0: 0x8000eb5c (0x4a3f2423) sw      gp, 1192(t5)
core   0: 3 0x8000eb5c (0x4a3f2423) mem 0x80010000 0x00000001
core   0: 0x8000eb60 (0x0000bfe5) c.j     pc - 8
core   0: 3 0x8000eb60 (0xbfe5)
core   0: 0x8000eb58 (0x00001f17) auipc   t5, 0x1
core   0: 3 0x8000eb58 (0x00001f17) x30 0x8000fb58
core   0: 0x8000eb5c (0x4a3f2423) sw      gp, 1192(t5)
core   0: 3 0x8000eb5c (0x4a3f2423) mem 0x80010000 0x00000001
core   0: 0x8000eb60 (0x0000bfe5) c.j     pc - 8
core   0: 3 0x8000eb60 (0xbfe5)
core   0: 0x8000eb58 (0x00001f17) auipc   t5, 0x1
core   0: 3 0x8000eb58 (0x00001f17) x30 0x8000fb58
core   0: 0x8000eb5c (0x4a3f2423) sw      gp, 1192(t5)
core   0: 3 0x8000eb5c (0x4a3f2423) mem 0x80010000 0x00000001
core   0: 0x8000eb60 (0x0000bfe5) c.j     pc - 8
core   0: 3 0x8000eb60 (0xbfe5)
core   0: 0x8000eb58 (0x00001f17) auipc   t5, 0x1
core   0: 3 0x8000eb58 (0x00001f17) x30 0x8000fb58
core   0: 0x8000eb5c (0x4a3f2423) sw      gp, 1192(t5)
core   0: 3 0x8000eb5c (0x4a3f2423) mem 0x80010000 0x00000001
core   0: 0x8000eb60 (0x0000bfe5) c.j     pc - 8
core   0: 3 0x8000eb60 (0xbfe5)
core   0: 0x8000eb58 (0x00001f17) auipc   t5, 0x1
core   0: 3 0x8000eb58 (0x00001f17) x30 0x8000fb58
core   0: 0x8000eb5c (0x4a3f2423) sw      gp, 1192(t5)
core   0: 3 0x8000eb5c (0x4a3f2423) mem 0x80010000 0x00000001
core   0: 0x8000eb60 (0x0000bfe5) c.j     pc - 8
core   0: 3 0x8000eb60 (0xbfe5)
core   0: 0x8000eb58 (0x00001f17) auipc   t5, 0x1
core   0: 3 0x8000eb58 (0x00001f17) x30 0x8000fb58
core   0: 0x8000eb5c (0x4a3f2423) sw      gp, 1192(t5)
core   0: 3 0x8000eb5c (0x4a3f2423) mem 0x80010000 0x00000001
core   0: 0x8000eb60 (0x0000bfe5) c.j     pc - 8
core   0: 3 0x8000eb60 (0xbfe5)
core   0: 0x8000eb58 (0x00001f17) auipc   t5, 0x1
core   0: 3 0x8000eb58 (0x00001f17) x30 0x8000fb58
core   0: 0x8000eb5c (0x4a3f2423) sw      gp, 1192(t5)
core   0: 3 0x8000eb5c (0x4a3f2423) mem 0x80010000 0x00000001
core   0: 0x8000eb60 (0x0000bfe5) c.j     pc - 8
core   0: 3 0x8000eb60 (0xbfe5)
core   0: 0x8000eb58 (0x00001f17) auipc   t5, 0x1
core   0: 3 0x8000eb58 (0x00001f17) x30 0x8000fb58
core   0: 0x8000eb5c (0x4a3f2423) sw      gp, 1192(t5)
core   0: 3 0x8000eb5c (0x4a3f2423) mem 0x80010000 0x00000001
core   0: 0x8000eb60 (0x0000bfe5) c.j     pc - 8
core   0: 3 0x8000eb60 (0xbfe5)
core   0: 0x8000eb58 (0x00001f17) auipc   t5, 0x1
core   0: 3 0x8000eb58 (0x00001f17) x30 0x8000fb58
core   0: 0x8000eb5c (0x4a3f2423) sw      gp, 1192(t5)
core   0: 3 0x8000eb5c (0x4a3f2423) mem 0x80010000 0x00000001
core   0: 0x8000eb60 (0x0000bfe5) c.j     pc - 8
core   0: 3 0x8000eb60 (0xbfe5)
core   0: 0x8000eb58 (0x00001f17) auipc   t5, 0x1
core   0: 3 0x8000eb58 (0x00001f17) x30 0x8000fb58
core   0: 0x8000eb5c (0x4a3f2423) sw      gp, 1192(t5)
core   0: 3 0x8000eb5c (0x4a3f2423) mem 0x80010000 0x00000001
core   0: 0x8000eb60 (0x0000bfe5) c.j     pc - 8
core   0: 3 0x8000eb60 (0xbfe5)
core   0: 0x8000eb58 (0x00001f17) auipc   t5, 0x1
core   0: 3 0x8000eb58 (0x00001f17) x30 0x8000fb58
core   0: 0x8000eb5c (0x4a3f2423) sw      gp, 1192(t5)
core   0: 3 0x8000eb5c (0x4a3f2423) mem 0x80010000 0x00000001
core   0: 0x8000eb60 (0x0000bfe5) c.j     pc - 8
core   0: 3 0x8000eb60 (0xbfe5)
core   0: 0x8000eb58 (0x00001f17) auipc   t5, 0x1
core   0: 3 0x8000eb58 (0x00001f17) x30 0x8000fb58
core   0: 0x8000eb5c (0x4a3f2423) sw      gp, 1192(t5)
core   0: 3 0x8000eb5c (0x4a3f2423) mem 0x80010000 0x00000001
core   0: 0x8000eb60 (0x0000bfe5) c.j     pc - 8
core   0: 3 0x8000eb60 (0xbfe5)
core   0: 0x8000eb58 (0x00001f17) auipc   t5, 0x1
core   0: 3 0x8000eb58 (0x00001f17) x30 0x8000fb58
core   0: 0x8000eb5c (0x4a3f2423) sw      gp, 1192(t5)
core   0: 3 0x8000eb5c (0x4a3f2423) mem 0x80010000 0x00000001
core   0: 0x8000eb60 (0x0000bfe5) c.j     pc - 8
core   0: 3 0x8000eb60 (0xbfe5)
core   0: 0x8000eb58 (0x00001f17) auipc   t5, 0x1
core   0: 3 0x8000eb58 (0x00001f17) x30 0x8000fb58
core   0: 0x8000eb5c (0x4a3f2423) sw      gp, 1192(t5)
core   0: 3 0x8000eb5c (0x4a3f2423) mem 0x80010000 0x00000001
core   0: 0x8000eb60 (0x0000bfe5) c.j     pc - 8
core   0: 3 0x8000eb60 (0xbfe5)
core   0: 0x8000eb58 (0x00001f17) auipc   t5, 0x1
core   0: 3 0x8000eb58 (0x00001f17) x30 0x8000fb58
core   0: 0x8000eb5c (0x4a3f2423) sw      gp, 1192(t5)
core   0: 3 0x8000eb5c (0x4a3f2423) mem 0x80010000 0x00000001
core   0: 0x8000eb60 (0x0000bfe5) c.j     pc - 8
core   0: 3 0x8000eb60 (0xbfe5)
core   0: 0x8000eb58 (0x00001f17) auipc   t5, 0x1
core   0: 3 0x8000eb58 (0x00001f17) x30 0x8000fb58
core   0: 0x8000eb5c (0x4a3f2423) sw      gp, 1192(t5)
core   0: 3 0x8000eb5c (0x4a3f2423) mem 0x80010000 0x00000001
core   0: 0x8000eb60 (0x0000bfe5) c.j     pc - 8
core   0: 3 0x8000eb60 (0xbfe5)
core   0: 0x8000eb58 (0x00001f17) auipc   t5, 0x1
core   0: 3 0x8000eb58 (0x00001f17) x30 0x8000fb58
core   0: 0x8000eb5c (0x4a3f2423) sw      gp, 1192(t5)
core   0: 3 0x8000eb5c (0x4a3f2423) mem 0x80010000 0x00000001
core   0: 0x8000eb60 (0x0000bfe5) c.j     pc - 8
core   0: 3 0x8000eb60 (0xbfe5)
core   0: 0x8000eb58 (0x00001f17) auipc   t5, 0x1
core   0: 3 0x8000eb58 (0x00001f17) x30 0x8000fb58
core   0: 0x8000eb5c (0x4a3f2423) sw      gp, 1192(t5)
core   0: 3 0x8000eb5c (0x4a3f2423) mem 0x80010000 0x00000001
core   0: 0x8000eb60 (0x0000bfe5) c.j     pc - 8
core   0: 3 0x8000eb60 (0xbfe5)
core   0: 0x8000eb58 (0x00001f17) auipc   t5, 0x1
core   0: 3 0x8000eb58 (0x00001f17) x30 0x8000fb58
core   0: 0x8000eb5c (0x4a3f2423) sw      gp, 1192(t5)
core   0: 3 0x8000eb5c (0x4a3f2423) mem 0x80010000 0x00000001
core   0: 0x8000eb60 (0x0000bfe5) c.j     pc - 8
core   0: 3 0x8000eb60 (0xbfe5)
core   0: 0x8000eb58 (0x00001f17) auipc   t5, 0x1
core   0: 3 0x8000eb58 (0x00001f17) x30 0x8000fb58
core   0: 0x8000eb5c (0x4a3f2423) sw      gp, 1192(t5)
core   0: 3 0x8000eb5c (0x4a3f2423) mem 0x80010000 0x00000001
core   0: 0x8000eb60 (0x0000bfe5) c.j     pc - 8
core   0: 3 0x8000eb60 (0xbfe5)
core   0: 0x8000eb58 (0x00001f17) auipc   t5, 0x1
core   0: 3 0x8000eb58 (0x00001f17) x30 0x8000fb58
core   0: 0x8000eb5c (0x4a3f2423) sw      gp, 1192(t5)
core   0: 3 0x8000eb5c (0x4a3f2423) mem 0x80010000 0x00000001
core   0: 0x8000eb60 (0x0000bfe5) c.j     pc - 8
core   0: 3 0x8000eb60 (0xbfe5)
core   0: 0x8000eb58 (0x00001f17) auipc   t5, 0x1
core   0: 3 0x8000eb58 (0x00001f17) x30 0x8000fb58
core   0: 0x8000eb5c (0x4a3f2423) sw      gp, 1192(t5)
core   0: 3 0x8000eb5c (0x4a3f2423) mem 0x80010000 0x00000001
core   0: 0x8000eb60 (0x0000bfe5) c.j     pc - 8
core   0: 3 0x8000eb60 (0xbfe5)
core   0: 0x8000eb58 (0x00001f17) auipc   t5, 0x1
core   0: 3 0x8000eb58 (0x00001f17) x30 0x8000fb58
core   0: 0x8000eb5c (0x4a3f2423) sw      gp, 1192(t5)
core   0: 3 0x8000eb5c (0x4a3f2423) mem 0x80010000 0x00000001
core   0: 0x8000eb60 (0x0000bfe5) c.j     pc - 8
core   0: 3 0x8000eb60 (0xbfe5)
core   0: 0x8000eb58 (0x00001f17) auipc   t5, 0x1
core   0: 3 0x8000eb58 (0x00001f17) x30 0x8000fb58
core   0: 0x8000eb5c (0x4a3f2423) sw      gp, 1192(t5)
core   0: 3 0x8000eb5c (0x4a3f2423) mem 0x80010000 0x00000001
core   0: 0x8000eb60 (0x0000bfe5) c.j     pc - 8
core   0: 3 0x8000eb60 (0xbfe5)
core   0: 0x8000eb58 (0x00001f17) auipc   t5, 0x1
core   0: 3 0x8000eb58 (0x00001f17) x30 0x8000fb58
core   0: 0x8000eb5c (0x4a3f2423) sw      gp, 1192(t5)
core   0: 3 0x8000eb5c (0x4a3f2423) mem 0x80010000 0x00000001
core   0: 0x8000eb60 (0x0000bfe5) c.j     pc - 8
core   0: 3 0x8000eb60 (0xbfe5)
core   0: 0x8000eb58 (0x00001f17) auipc   t5, 0x1
core   0: 3 0x8000eb58 (0x00001f17) x30 0x8000fb58
core   0: 0x8000eb5c (0x4a3f2423) sw      gp, 1192(t5)
core   0: 3 0x8000eb5c (0x4a3f2423) mem 0x80010000 0x00000001
core   0: 0x8000eb60 (0x0000bfe5) c.j     pc - 8
core   0: 3 0x8000eb60 (0xbfe5)
core   0: 0x8000eb58 (0x00001f17) auipc   t5, 0x1
core   0: 3 0x8000eb58 (0x00001f17) x30 0x8000fb58
core   0: 0x8000eb5c (0x4a3f2423) sw      gp, 1192(t5)
core   0: 3 0x8000eb5c (0x4a3f2423) mem 0x80010000 0x00000001
core   0: 0x8000eb60 (0x0000bfe5) c.j     pc - 8
core   0: 3 0x8000eb60 (0xbfe5)
core   0: 0x8000eb58 (0x00001f17) auipc   t5, 0x1
core   0: 3 0x8000eb58 (0x00001f17) x30 0x8000fb58
core   0: 0x8000eb5c (0x4a3f2423) sw      gp, 1192(t5)
core   0: 3 0x8000eb5c (0x4a3f2423) mem 0x80010000 0x00000001
core   0: 0x8000eb60 (0x0000bfe5) c.j     pc - 8
core   0: 3 0x8000eb60 (0xbfe5)
core   0: 0x8000eb58 (0x00001f17) auipc   t5, 0x1
core   0: 3 0x8000eb58 (0x00001f17) x30 0x8000fb58
core   0: 0x8000eb5c (0x4a3f2423) sw      gp, 1192(t5)
core   0: 3 0x8000eb5c (0x4a3f2423) mem 0x80010000 0x00000001
core   0: 0x8000eb60 (0x0000bfe5) c.j     pc - 8
core   0: 3 0x8000eb60 (0xbfe5)
core   0: 0x8000eb58 (0x00001f17) auipc   t5, 0x1
core   0: 3 0x8000eb58 (0x00001f17) x30 0x8000fb58
core   0: 0x8000eb5c (0x4a3f2423) sw      gp, 1192(t5)
core   0: 3 0x8000eb5c (0x4a3f2423) mem 0x80010000 0x00000001
core   0: 0x8000eb60 (0x0000bfe5) c.j     pc - 8
core   0: 3 0x8000eb60 (0xbfe5)
core   0: 0x8000eb58 (0x00001f17) auipc   t5, 0x1
core   0: 3 0x8000eb58 (0x00001f17) x30 0x8000fb58
core   0: 0x8000eb5c (0x4a3f2423) sw      gp, 1192(t5)
core   0: 3 0x8000eb5c (0x4a3f2423) mem 0x80010000 0x00000001
core   0: 0x8000eb60 (0x0000bfe5) c.j     pc - 8
core   0: 3 0x8000eb60 (0xbfe5)
core   0: 0x8000eb58 (0x00001f17) auipc   t5, 0x1
core   0: 3 0x8000eb58 (0x00001f17) x30 0x8000fb58
core   0: 0x8000eb5c (0x4a3f2423) sw      gp, 1192(t5)
core   0: 3 0x8000eb5c (0x4a3f2423) mem 0x80010000 0x00000001
core   0: 0x8000eb60 (0x0000bfe5) c.j     pc - 8
core   0: 3 0x8000eb60 (0xbfe5)
core   0: 0x8000eb58 (0x00001f17) auipc   t5, 0x1
core   0: 3 0x8000eb58 (0x00001f17) x30 0x8000fb58
core   0: 0x8000eb5c (0x4a3f2423) sw      gp, 1192(t5)
core   0: 3 0x8000eb5c (0x4a3f2423) mem 0x80010000 0x00000001
core   0: 0x8000eb60 (0x0000bfe5) c.j     pc - 8
core   0: 3 0x8000eb60 (0xbfe5)
core   0: 0x8000eb58 (0x00001f17) auipc   t5, 0x1
core   0: 3 0x8000eb58 (0x00001f17) x30 0x8000fb58
core   0: 0x8000eb5c (0x4a3f2423) sw      gp, 1192(t5)
core   0: 3 0x8000eb5c (0x4a3f2423) mem 0x80010000 0x00000001
core   0: 0x8000eb60 (0x0000bfe5) c.j     pc - 8
core   0: 3 0x8000eb60 (0xbfe5)
core   0: 0x8000eb58 (0x00001f17) auipc   t5, 0x1
core   0: 3 0x8000eb58 (0x00001f17) x30 0x8000fb58
core   0: 0x8000eb5c (0x4a3f2423) sw      gp, 1192(t5)
core   0: 3 0x8000eb5c (0x4a3f2423) mem 0x80010000 0x00000001
core   0: 0x8000eb60 (0x0000bfe5) c.j     pc - 8
core   0: 3 0x8000eb60 (0xbfe5)
core   0: 0x8000eb58 (0x00001f17) auipc   t5, 0x1
core   0: 3 0x8000eb58 (0x00001f17) x30 0x8000fb58
core   0: 0x8000eb5c (0x4a3f2423) sw      gp, 1192(t5)
core   0: 3 0x8000eb5c (0x4a3f2423) mem 0x80010000 0x00000001
core   0: 0x8000eb60 (0x0000bfe5) c.j     pc - 8
core   0: 3 0x8000eb60 (0xbfe5)
core   0: 0x8000eb58 (0x00001f17) auipc   t5, 0x1
core   0: 3 0x8000eb58 (0x00001f17) x30 0x8000fb58
core   0: 0x8000eb5c (0x4a3f2423) sw      gp, 1192(t5)
core   0: 3 0x8000eb5c (0x4a3f2423) mem 0x80010000 0x00000001
core   0: 0x8000eb60 (0x0000bfe5) c.j     pc - 8
core   0: 3 0x8000eb60 (0xbfe5)
core   0: 0x8000eb58 (0x00001f17) auipc   t5, 0x1
core   0: 3 0x8000eb58 (0x00001f17) x30 0x8000fb58
core   0: 0x8000eb5c (0x4a3f2423) sw      gp, 1192(t5)
core   0: 3 0x8000eb5c (0x4a3f2423) mem 0x80010000 0x00000001
core   0: 0x8000eb60 (0x0000bfe5) c.j     pc - 8
core   0: 3 0x8000eb60 (0xbfe5)
core   0: 0x8000eb58 (0x00001f17) auipc   t5, 0x1
core   0: 3 0x8000eb58 (0x00001f17) x30 0x8000fb58
core   0: 0x8000eb5c (0x4a3f2423) sw      gp, 1192(t5)
core   0: 3 0x8000eb5c (0x4a3f2423) mem 0x80010000 0x00000001
core   0: 0x8000eb60 (0x0000bfe5) c.j     pc - 8
core   0: 3 0x8000eb60 (0xbfe5)
core   0: 0x8000eb58 (0x00001f17) auipc   t5, 0x1
core   0: 3 0x8000eb58 (0x00001f17) x30 0x8000fb58
core   0: 0x8000eb5c (0x4a3f2423) sw      gp, 1192(t5)
core   0: 3 0x8000eb5c (0x4a3f2423) mem 0x80010000 0x00000001
core   0: 0x8000eb60 (0x0000bfe5) c.j     pc - 8
core   0: 3 0x8000eb60 (0xbfe5)
core   0: 0x8000eb58 (0x00001f17) auipc   t5, 0x1
core   0: 3 0x8000eb58 (0x00001f17) x30 0x8000fb58
core   0: 0x8000eb5c (0x4a3f2423) sw      gp, 1192(t5)
core   0: 3 0x8000eb5c (0x4a3f2423) mem 0x80010000 0x00000001
core   0: 0x8000eb60 (0x0000bfe5) c.j     pc - 8
core   0: 3 0x8000eb60 (0xbfe5)
core   0: 0x8000eb58 (0x00001f17) auipc   t5, 0x1
core   0: 3 0x8000eb58 (0x00001f17) x30 0x8000fb58
core   0: 0x8000eb5c (0x4a3f2423) sw      gp, 1192(t5)
core   0: 3 0x8000eb5c (0x4a3f2423) mem 0x80010000 0x00000001
core   0: 0x8000eb60 (0x0000bfe5) c.j     pc - 8
core   0: 3 0x8000eb60 (0xbfe5)
core   0: 0x8000eb58 (0x00001f17) auipc   t5, 0x1
core   0: 3 0x8000eb58 (0x00001f17) x30 0x8000fb58
core   0: 0x8000eb5c (0x4a3f2423) sw      gp, 1192(t5)
core   0: 3 0x8000eb5c (0x4a3f2423) mem 0x80010000 0x00000001
core   0: 0x8000eb60 (0x0000bfe5) c.j     pc - 8
core   0: 3 0x8000eb60 (0xbfe5)
core   0: 0x8000eb58 (0x00001f17) auipc   t5, 0x1
core   0: 3 0x8000eb58 (0x00001f17) x30 0x8000fb58
core   0: 0x8000eb5c (0x4a3f2423) sw      gp, 1192(t5)
core   0: 3 0x8000eb5c (0x4a3f2423) mem 0x80010000 0x00000001
core   0: 0x8000eb60 (0x0000bfe5) c.j     pc - 8
core   0: 3 0x8000eb60 (0xbfe5)
core   0: 0x8000eb58 (0x00001f17) auipc   t5, 0x1
core   0: 3 0x8000eb58 (0x00001f17) x30 0x8000fb58
core   0: 0x8000eb5c (0x4a3f2423) sw      gp, 1192(t5)
core   0: 3 0x8000eb5c (0x4a3f2423) mem 0x80010000 0x00000001
core   0: 0x8000eb60 (0x0000bfe5) c.j     pc - 8
core   0: 3 0x8000eb60 (0xbfe5)
core   0: 0x8000eb58 (0x00001f17) auipc   t5, 0x1
core   0: 3 0x8000eb58 (0x00001f17) x30 0x8000fb58
core   0: 0x8000eb5c (0x4a3f2423) sw      gp, 1192(t5)
core   0: 3 0x8000eb5c (0x4a3f2423) mem 0x80010000 0x00000001
core   0: 0x8000eb60 (0x0000bfe5) c.j     pc - 8
core   0: 3 0x8000eb60 (0xbfe5)
core   0: 0x8000eb58 (0x00001f17) auipc   t5, 0x1
core   0: 3 0x8000eb58 (0x00001f17) x30 0x8000fb58
core   0: 0x8000eb5c (0x4a3f2423) sw      gp, 1192(t5)
core   0: 3 0x8000eb5c (0x4a3f2423) mem 0x80010000 0x00000001
core   0: 0x8000eb60 (0x0000bfe5) c.j     pc - 8
core   0: 3 0x8000eb60 (0xbfe5)
core   0: 0x8000eb58 (0x00001f17) auipc   t5, 0x1
core   0: 3 0x8000eb58 (0x00001f17) x30 0x8000fb58
core   0: 0x8000eb5c (0x4a3f2423) sw      gp, 1192(t5)
core   0: 3 0x8000eb5c (0x4a3f2423) mem 0x80010000 0x00000001
core   0: 0x8000eb60 (0x0000bfe5) c.j     pc - 8
core   0: 3 0x8000eb60 (0xbfe5)
core   0: 0x8000eb58 (0x00001f17) auipc   t5, 0x1
core   0: 3 0x8000eb58 (0x00001f17) x30 0x8000fb58
core   0: 0x8000eb5c (0x4a3f2423) sw      gp, 1192(t5)
core   0: 3 0x8000eb5c (0x4a3f2423) mem 0x80010000 0x00000001
core   0: 0x8000eb60 (0x0000bfe5) c.j     pc - 8
core   0: 3 0x8000eb60 (0xbfe5)
core   0: 0x8000eb58 (0x00001f17) auipc   t5, 0x1
core   0: 3 0x8000eb58 (0x00001f17) x30 0x8000fb58
core   0: 0x8000eb5c (0x4a3f2423) sw      gp, 1192(t5)
core   0: 3 0x8000eb5c (0x4a3f2423) mem 0x80010000 0x00000001
core   0: 0x8000eb60 (0x0000bfe5) c.j     pc - 8
core   0: 3 0x8000eb60 (0xbfe5)
core   0: 0x8000eb58 (0x00001f17) auipc   t5, 0x1
core   0: 3 0x8000eb58 (0x00001f17) x30 0x8000fb58
core   0: 0x8000eb5c (0x4a3f2423) sw      gp, 1192(t5)
core   0: 3 0x8000eb5c (0x4a3f2423) mem 0x80010000 0x00000001
core   0: 0x8000eb60 (0x0000bfe5) c.j     pc - 8
core   0: 3 0x8000eb60 (0xbfe5)
core   0: 0x8000eb58 (0x00001f17) auipc   t5, 0x1
core   0: 3 0x8000eb58 (0x00001f17) x30 0x8000fb58
core   0: 0x8000eb5c (0x4a3f2423) sw      gp, 1192(t5)
core   0: 3 0x8000eb5c (0x4a3f2423) mem 0x80010000 0x00000001
core   0: 0x8000eb60 (0x0000bfe5) c.j     pc - 8
core   0: 3 0x8000eb60 (0xbfe5)
core   0: 0x8000eb58 (0x00001f17) auipc   t5, 0x1
core   0: 3 0x8000eb58 (0x00001f17) x30 0x8000fb58
core   0: 0x8000eb5c (0x4a3f2423) sw      gp, 1192(t5)
core   0: 3 0x8000eb5c (0x4a3f2423) mem 0x80010000 0x00000001
core   0: 0x8000eb60 (0x0000bfe5) c.j     pc - 8
core   0: 3 0x8000eb60 (0xbfe5)
core   0: 0x8000eb58 (0x00001f17) auipc   t5, 0x1
core   0: 3 0x8000eb58 (0x00001f17) x30 0x8000fb58
core   0: 0x8000eb5c (0x4a3f2423) sw      gp, 1192(t5)
core   0: 3 0x8000eb5c (0x4a3f2423) mem 0x80010000 0x00000001
core   0: 0x8000eb60 (0x0000bfe5) c.j     pc - 8
core   0: 3 0x8000eb60 (0xbfe5)
core   0: 0x8000eb58 (0x00001f17) auipc   t5, 0x1
core   0: 3 0x8000eb58 (0x00001f17) x30 0x8000fb58
core   0: 0x8000eb5c (0x4a3f2423) sw      gp, 1192(t5)
core   0: 3 0x8000eb5c (0x4a3f2423) mem 0x80010000 0x00000001
core   0: 0x8000eb60 (0x0000bfe5) c.j     pc - 8
core   0: 3 0x8000eb60 (0xbfe5)
core   0: 0x8000eb58 (0x00001f17) auipc   t5, 0x1
core   0: 3 0x8000eb58 (0x00001f17) x30 0x8000fb58
core   0: 0x8000eb5c (0x4a3f2423) sw      gp, 1192(t5)
core   0: 3 0x8000eb5c (0x4a3f2423) mem 0x80010000 0x00000001
core   0: 0x8000eb60 (0x0000bfe5) c.j     pc - 8
core   0: 3 0x8000eb60 (0xbfe5)
core   0: 0x8000eb58 (0x00001f17) auipc   t5, 0x1
core   0: 3 0x8000eb58 (0x00001f17) x30 0x8000fb58
core   0: 0x8000eb5c (0x4a3f2423) sw      gp, 1192(t5)
core   0: 3 0x8000eb5c (0x4a3f2423) mem 0x80010000 0x00000001
core   0: 0x8000eb60 (0x0000bfe5) c.j     pc - 8
core   0: 3 0x8000eb60 (0xbfe5)
core   0: 0x8000eb58 (0x00001f17) auipc   t5, 0x1
core   0: 3 0x8000eb58 (0x00001f17) x30 0x8000fb58
core   0: 0x8000eb5c (0x4a3f2423) sw      gp, 1192(t5)
core   0: 3 0x8000eb5c (0x4a3f2423) mem 0x80010000 0x00000001
core   0: 0x8000eb60 (0x0000bfe5) c.j     pc - 8
core   0: 3 0x8000eb60 (0xbfe5)
core   0: 0x8000eb58 (0x00001f17) auipc   t5, 0x1
core   0: 3 0x8000eb58 (0x00001f17) x30 0x8000fb58
core   0: 0x8000eb5c (0x4a3f2423) sw      gp, 1192(t5)
core   0: 3 0x8000eb5c (0x4a3f2423) mem 0x80010000 0x00000001
core   0: 0x8000eb60 (0x0000bfe5) c.j     pc - 8
core   0: 3 0x8000eb60 (0xbfe5)
core   0: 0x8000eb58 (0x00001f17) auipc   t5, 0x1
core   0: 3 0x8000eb58 (0x00001f17) x30 0x8000fb58
core   0: 0x8000eb5c (0x4a3f2423) sw      gp, 1192(t5)
core   0: 3 0x8000eb5c (0x4a3f2423) mem 0x80010000 0x00000001
core   0: 0x8000eb60 (0x0000bfe5) c.j     pc - 8
core   0: 3 0x8000eb60 (0xbfe5)
core   0: 0x8000eb58 (0x00001f17) auipc   t5, 0x1
core   0: 3 0x8000eb58 (0x00001f17) x30 0x8000fb58
core   0: 0x8000eb5c (0x4a3f2423) sw      gp, 1192(t5)
core   0: 3 0x8000eb5c (0x4a3f2423) mem 0x80010000 0x00000001
core   0: 0x8000eb60 (0x0000bfe5) c.j     pc - 8
core   0: 3 0x8000eb60 (0xbfe5)
core   0: 0x8000eb58 (0x00001f17) auipc   t5, 0x1
core   0: 3 0x8000eb58 (0x00001f17) x30 0x8000fb58
core   0: 0x8000eb5c (0x4a3f2423) sw      gp, 1192(t5)
core   0: 3 0x8000eb5c (0x4a3f2423) mem 0x80010000 0x00000001
core   0: 0x8000eb60 (0x0000bfe5) c.j     pc - 8
core   0: 3 0x8000eb60 (0xbfe5)
core   0: 0x8000eb58 (0x00001f17) auipc   t5, 0x1
core   0: 3 0x8000eb58 (0x00001f17) x30 0x8000fb58
core   0: 0x8000eb5c (0x4a3f2423) sw      gp, 1192(t5)
core   0: 3 0x8000eb5c (0x4a3f2423) mem 0x80010000 0x00000001
core   0: 0x8000eb60 (0x0000bfe5) c.j     pc - 8
core   0: 3 0x8000eb60 (0xbfe5)
core   0: 0x8000eb58 (0x00001f17) auipc   t5, 0x1
core   0: 3 0x8000eb58 (0x00001f17) x30 0x8000fb58
core   0: 0x8000eb5c (0x4a3f2423) sw      gp, 1192(t5)
core   0: 3 0x8000eb5c (0x4a3f2423) mem 0x80010000 0x00000001
core   0: 0x8000eb60 (0x0000bfe5) c.j     pc - 8
core   0: 3 0x8000eb60 (0xbfe5)
core   0: 0x8000eb58 (0x00001f17) auipc   t5, 0x1
core   0: 3 0x8000eb58 (0x00001f17) x30 0x8000fb58
core   0: 0x8000eb5c (0x4a3f2423) sw      gp, 1192(t5)
core   0: 3 0x8000eb5c (0x4a3f2423) mem 0x80010000 0x00000001
core   0: 0x8000eb60 (0x0000bfe5) c.j     pc - 8
core   0: 3 0x8000eb60 (0xbfe5)
core   0: 0x8000eb58 (0x00001f17) auipc   t5, 0x1
core   0: 3 0x8000eb58 (0x00001f17) x30 0x8000fb58
core   0: 0x8000eb5c (0x4a3f2423) sw      gp, 1192(t5)
core   0: 3 0x8000eb5c (0x4a3f2423) mem 0x80010000 0x00000001
core   0: 0x8000eb60 (0x0000bfe5) c.j     pc - 8
core   0: 3 0x8000eb60 (0xbfe5)
core   0: 0x8000eb58 (0x00001f17) auipc   t5, 0x1
core   0: 3 0x8000eb58 (0x00001f17) x30 0x8000fb58
core   0: 0x8000eb5c (0x4a3f2423) sw      gp, 1192(t5)
core   0: 3 0x8000eb5c (0x4a3f2423) mem 0x80010000 0x00000001
core   0: 0x8000eb60 (0x0000bfe5) c.j     pc - 8
core   0: 3 0x8000eb60 (0xbfe5)
core   0: 0x8000eb58 (0x00001f17) auipc   t5, 0x1
core   0: 3 0x8000eb58 (0x00001f17) x30 0x8000fb58
core   0: 0x8000eb5c (0x4a3f2423) sw      gp, 1192(t5)
core   0: 3 0x8000eb5c (0x4a3f2423) mem 0x80010000 0x00000001
core   0: 0x8000eb60 (0x0000bfe5) c.j     pc - 8
core   0: 3 0x8000eb60 (0xbfe5)
core   0: 0x8000eb58 (0x00001f17) auipc   t5, 0x1
core   0: 3 0x8000eb58 (0x00001f17) x30 0x8000fb58
core   0: 0x8000eb5c (0x4a3f2423) sw      gp, 1192(t5)
core   0: 3 0x8000eb5c (0x4a3f2423) mem 0x80010000 0x00000001
core   0: 0x8000eb60 (0x0000bfe5) c.j     pc - 8
core   0: 3 0x8000eb60 (0xbfe5)
core   0: 0x8000eb58 (0x00001f17) auipc   t5, 0x1
core   0: 3 0x8000eb58 (0x00001f17) x30 0x8000fb58
core   0: 0x8000eb5c (0x4a3f2423) sw      gp, 1192(t5)
core   0: 3 0x8000eb5c (0x4a3f2423) mem 0x80010000 0x00000001
core   0: 0x8000eb60 (0x0000bfe5) c.j     pc - 8
core   0: 3 0x8000eb60 (0xbfe5)
core   0: 0x8000eb58 (0x00001f17) auipc   t5, 0x1
core   0: 3 0x8000eb58 (0x00001f17) x30 0x8000fb58
core   0: 0x8000eb5c (0x4a3f2423) sw      gp, 1192(t5)
core   0: 3 0x8000eb5c (0x4a3f2423) mem 0x80010000 0x00000001
core   0: 0x8000eb60 (0x0000bfe5) c.j     pc - 8
core   0: 3 0x8000eb60 (0xbfe5)
core   0: 0x8000eb58 (0x00001f17) auipc   t5, 0x1
core   0: 3 0x8000eb58 (0x00001f17) x30 0x8000fb58
core   0: 0x8000eb5c (0x4a3f2423) sw      gp, 1192(t5)
core   0: 3 0x8000eb5c (0x4a3f2423) mem 0x80010000 0x00000001
core   0: 0x8000eb60 (0x0000bfe5) c.j     pc - 8
core   0: 3 0x8000eb60 (0xbfe5)
core   0: 0x8000eb58 (0x00001f17) auipc   t5, 0x1
core   0: 3 0x8000eb58 (0x00001f17) x30 0x8000fb58
core   0: 0x8000eb5c (0x4a3f2423) sw      gp, 1192(t5)
core   0: 3 0x8000eb5c (0x4a3f2423) mem 0x80010000 0x00000001
core   0: 0x8000eb60 (0x0000bfe5) c.j     pc - 8
core   0: 3 0x8000eb60 (0xbfe5)
core   0: 0x8000eb58 (0x00001f17) auipc   t5, 0x1
core   0: 3 0x8000eb58 (0x00001f17) x30 0x8000fb58
core   0: 0x8000eb5c (0x4a3f2423) sw      gp, 1192(t5)
core   0: 3 0x8000eb5c (0x4a3f2423) mem 0x80010000 0x00000001
core   0: 0x8000eb60 (0x0000bfe5) c.j     pc - 8
core   0: 3 0x8000eb60 (0xbfe5)
core   0: 0x8000eb58 (0x00001f17) auipc   t5, 0x1
core   0: 3 0x8000eb58 (0x00001f17) x30 0x8000fb58
core   0: 0x8000eb5c (0x4a3f2423) sw      gp, 1192(t5)
core   0: 3 0x8000eb5c (0x4a3f2423) mem 0x80010000 0x00000001
core   0: 0x8000eb60 (0x0000bfe5) c.j     pc - 8
core   0: 3 0x8000eb60 (0xbfe5)
core   0: 0x8000eb58 (0x00001f17) auipc   t5, 0x1
core   0: 3 0x8000eb58 (0x00001f17) x30 0x8000fb58
core   0: 0x8000eb5c (0x4a3f2423) sw      gp, 1192(t5)
core   0: 3 0x8000eb5c (0x4a3f2423) mem 0x80010000 0x00000001
core   0: 0x8000eb60 (0x0000bfe5) c.j     pc - 8
core   0: 3 0x8000eb60 (0xbfe5)
core   0: 0x8000eb58 (0x00001f17) auipc   t5, 0x1
core   0: 3 0x8000eb58 (0x00001f17) x30 0x8000fb58
core   0: 0x8000eb5c (0x4a3f2423) sw      gp, 1192(t5)
core   0: 3 0x8000eb5c (0x4a3f2423) mem 0x80010000 0x00000001
core   0: 0x8000eb60 (0x0000bfe5) c.j     pc - 8
core   0: 3 0x8000eb60 (0xbfe5)
core   0: 0x8000eb58 (0x00001f17) auipc   t5, 0x1
core   0: 3 0x8000eb58 (0x00001f17) x30 0x8000fb58
core   0: 0x8000eb5c (0x4a3f2423) sw      gp, 1192(t5)
core   0: 3 0x8000eb5c (0x4a3f2423) mem 0x80010000 0x00000001
core   0: 0x8000eb60 (0x0000bfe5) c.j     pc - 8
core   0: 3 0x8000eb60 (0xbfe5)
core   0: 0x8000eb58 (0x00001f17) auipc   t5, 0x1
core   0: 3 0x8000eb58 (0x00001f17) x30 0x8000fb58
core   0: 0x8000eb5c (0x4a3f2423) sw      gp, 1192(t5)
core   0: 3 0x8000eb5c (0x4a3f2423) mem 0x80010000 0x00000001
core   0: 0x8000eb60 (0x0000bfe5) c.j     pc - 8
core   0: 3 0x8000eb60 (0xbfe5)
core   0: 0x8000eb58 (0x00001f17) auipc   t5, 0x1
core   0: 3 0x8000eb58 (0x00001f17) x30 0x8000fb58
core   0: 0x8000eb5c (0x4a3f2423) sw      gp, 1192(t5)
core   0: 3 0x8000eb5c (0x4a3f2423) mem 0x80010000 0x00000001
core   0: 0x8000eb60 (0x0000bfe5) c.j     pc - 8
core   0: 3 0x8000eb60 (0xbfe5)
core   0: 0x8000eb58 (0x00001f17) auipc   t5, 0x1
core   0: 3 0x8000eb58 (0x00001f17) x30 0x8000fb58
core   0: 0x8000eb5c (0x4a3f2423) sw      gp, 1192(t5)
core   0: 3 0x8000eb5c (0x4a3f2423) mem 0x80010000 0x00000001
core   0: 0x8000eb60 (0x0000bfe5) c.j     pc - 8
core   0: 3 0x8000eb60 (0xbfe5)
core   0: 0x8000eb58 (0x00001f17) auipc   t5, 0x1
core   0: 3 0x8000eb58 (0x00001f17) x30 0x8000fb58
core   0: 0x8000eb5c (0x4a3f2423) sw      gp, 1192(t5)
core   0: 3 0x8000eb5c (0x4a3f2423) mem 0x80010000 0x00000001
core   0: 0x8000eb60 (0x0000bfe5) c.j     pc - 8
core   0: 3 0x8000eb60 (0xbfe5)
core   0: 0x8000eb58 (0x00001f17) auipc   t5, 0x1
core   0: 3 0x8000eb58 (0x00001f17) x30 0x8000fb58
core   0: 0x8000eb5c (0x4a3f2423) sw      gp, 1192(t5)
core   0: 3 0x8000eb5c (0x4a3f2423) mem 0x80010000 0x00000001
core   0: 0x8000eb60 (0x0000bfe5) c.j     pc - 8
core   0: 3 0x8000eb60 (0xbfe5)
core   0: 0x8000eb58 (0x00001f17) auipc   t5, 0x1
core   0: 3 0x8000eb58 (0x00001f17) x30 0x8000fb58
core   0: 0x8000eb5c (0x4a3f2423) sw      gp, 1192(t5)
core   0: 3 0x8000eb5c (0x4a3f2423) mem 0x80010000 0x00000001
core   0: 0x8000eb60 (0x0000bfe5) c.j     pc - 8
core   0: 3 0x8000eb60 (0xbfe5)
core   0: 0x8000eb58 (0x00001f17) auipc   t5, 0x1
core   0: 3 0x8000eb58 (0x00001f17) x30 0x8000fb58
core   0: 0x8000eb5c (0x4a3f2423) sw      gp, 1192(t5)
core   0: 3 0x8000eb5c (0x4a3f2423) mem 0x80010000 0x00000001
core   0: 0x8000eb60 (0x0000bfe5) c.j     pc - 8
core   0: 3 0x8000eb60 (0xbfe5)
core   0: 0x8000eb58 (0x00001f17) auipc   t5, 0x1
core   0: 3 0x8000eb58 (0x00001f17) x30 0x8000fb58
core   0: 0x8000eb5c (0x4a3f2423) sw      gp, 1192(t5)
core   0: 3 0x8000eb5c (0x4a3f2423) mem 0x80010000 0x00000001
core   0: 0x8000eb60 (0x0000bfe5) c.j     pc - 8
core   0: 3 0x8000eb60 (0xbfe5)
core   0: 0x8000eb58 (0x00001f17) auipc   t5, 0x1
core   0: 3 0x8000eb58 (0x00001f17) x30 0x8000fb58
core   0: 0x8000eb5c (0x4a3f2423) sw      gp, 1192(t5)
core   0: 3 0x8000eb5c (0x4a3f2423) mem 0x80010000 0x00000001
core   0: 0x8000eb60 (0x0000bfe5) c.j     pc - 8
core   0: 3 0x8000eb60 (0xbfe5)
core   0: 0x8000eb58 (0x00001f17) auipc   t5, 0x1
core   0: 3 0x8000eb58 (0x00001f17) x30 0x8000fb58
core   0: 0x8000eb5c (0x4a3f2423) sw      gp, 1192(t5)
core   0: 3 0x8000eb5c (0x4a3f2423) mem 0x80010000 0x00000001
core   0: 0x8000eb60 (0x0000bfe5) c.j     pc - 8
core   0: 3 0x8000eb60 (0xbfe5)
core   0: 0x8000eb58 (0x00001f17) auipc   t5, 0x1
core   0: 3 0x8000eb58 (0x00001f17) x30 0x8000fb58
core   0: 0x8000eb5c (0x4a3f2423) sw      gp, 1192(t5)
core   0: 3 0x8000eb5c (0x4a3f2423) mem 0x80010000 0x00000001
core   0: 0x8000eb60 (0x0000bfe5) c.j     pc - 8
core   0: 3 0x8000eb60 (0xbfe5)
core   0: 0x8000eb58 (0x00001f17) auipc   t5, 0x1
core   0: 3 0x8000eb58 (0x00001f17) x30 0x8000fb58
core   0: 0x8000eb5c (0x4a3f2423) sw      gp, 1192(t5)
core   0: 3 0x8000eb5c (0x4a3f2423) mem 0x80010000 0x00000001
core   0: 0x8000eb60 (0x0000bfe5) c.j     pc - 8
core   0: 3 0x8000eb60 (0xbfe5)
core   0: 0x8000eb58 (0x00001f17) auipc   t5, 0x1
core   0: 3 0x8000eb58 (0x00001f17) x30 0x8000fb58
core   0: 0x8000eb5c (0x4a3f2423) sw      gp, 1192(t5)
core   0: 3 0x8000eb5c (0x4a3f2423) mem 0x80010000 0x00000001
core   0: 0x8000eb60 (0x0000bfe5) c.j     pc - 8
core   0: 3 0x8000eb60 (0xbfe5)
core   0: 0x8000eb58 (0x00001f17) auipc   t5, 0x1
core   0: 3 0x8000eb58 (0x00001f17) x30 0x8000fb58
core   0: 0x8000eb5c (0x4a3f2423) sw      gp, 1192(t5)
core   0: 3 0x8000eb5c (0x4a3f2423) mem 0x80010000 0x00000001
core   0: 0x8000eb60 (0x0000bfe5) c.j     pc - 8
core   0: 3 0x8000eb60 (0xbfe5)
core   0: 0x8000eb58 (0x00001f17) auipc   t5, 0x1
core   0: 3 0x8000eb58 (0x00001f17) x30 0x8000fb58
core   0: 0x8000eb5c (0x4a3f2423) sw      gp, 1192(t5)
core   0: 3 0x8000eb5c (0x4a3f2423) mem 0x80010000 0x00000001
core   0: 0x8000eb60 (0x0000bfe5) c.j     pc - 8
core   0: 3 0x8000eb60 (0xbfe5)
core   0: 0x8000eb58 (0x00001f17) auipc   t5, 0x1
core   0: 3 0x8000eb58 (0x00001f17) x30 0x8000fb58
core   0: 0x8000eb5c (0x4a3f2423) sw      gp, 1192(t5)
core   0: 3 0x8000eb5c (0x4a3f2423) mem 0x80010000 0x00000001
core   0: 0x8000eb60 (0x0000bfe5) c.j     pc - 8
core   0: 3 0x8000eb60 (0xbfe5)
core   0: 0x8000eb58 (0x00001f17) auipc   t5, 0x1
core   0: 3 0x8000eb58 (0x00001f17) x30 0x8000fb58
core   0: 0x8000eb5c (0x4a3f2423) sw      gp, 1192(t5)
core   0: 3 0x8000eb5c (0x4a3f2423) mem 0x80010000 0x00000001
core   0: 0x8000eb60 (0x0000bfe5) c.j     pc - 8
core   0: 3 0x8000eb60 (0xbfe5)
core   0: 0x8000eb58 (0x00001f17) auipc   t5, 0x1
core   0: 3 0x8000eb58 (0x00001f17) x30 0x8000fb58
core   0: 0x8000eb5c (0x4a3f2423) sw      gp, 1192(t5)
core   0: 3 0x8000eb5c (0x4a3f2423) mem 0x80010000 0x00000001
core   0: 0x8000eb60 (0x0000bfe5) c.j     pc - 8
core   0: 3 0x8000eb60 (0xbfe5)
core   0: 0x8000eb58 (0x00001f17) auipc   t5, 0x1
core   0: 3 0x8000eb58 (0x00001f17) x30 0x8000fb58
core   0: 0x8000eb5c (0x4a3f2423) sw      gp, 1192(t5)
core   0: 3 0x8000eb5c (0x4a3f2423) mem 0x80010000 0x00000001
core   0: 0x8000eb60 (0x0000bfe5) c.j     pc - 8
core   0: 3 0x8000eb60 (0xbfe5)
core   0: 0x8000eb58 (0x00001f17) auipc   t5, 0x1
core   0: 3 0x8000eb58 (0x00001f17) x30 0x8000fb58
core   0: 0x8000eb5c (0x4a3f2423) sw      gp, 1192(t5)
core   0: 3 0x8000eb5c (0x4a3f2423) mem 0x80010000 0x00000001
core   0: 0x8000eb60 (0x0000bfe5) c.j     pc - 8
core   0: 3 0x8000eb60 (0xbfe5)
core   0: 0x8000eb58 (0x00001f17) auipc   t5, 0x1
core   0: 3 0x8000eb58 (0x00001f17) x30 0x8000fb58
core   0: 0x8000eb5c (0x4a3f2423) sw      gp, 1192(t5)
core   0: 3 0x8000eb5c (0x4a3f2423) mem 0x80010000 0x00000001
core   0: 0x8000eb60 (0x0000bfe5) c.j     pc - 8
core   0: 3 0x8000eb60 (0xbfe5)
core   0: 0x8000eb58 (0x00001f17) auipc   t5, 0x1
core   0: 3 0x8000eb58 (0x00001f17) x30 0x8000fb58
core   0: 0x8000eb5c (0x4a3f2423) sw      gp, 1192(t5)
core   0: 3 0x8000eb5c (0x4a3f2423) mem 0x80010000 0x00000001
core   0: 0x8000eb60 (0x0000bfe5) c.j     pc - 8
core   0: 3 0x8000eb60 (0xbfe5)
core   0: 0x8000eb58 (0x00001f17) auipc   t5, 0x1
core   0: 3 0x8000eb58 (0x00001f17) x30 0x8000fb58
core   0: 0x8000eb5c (0x4a3f2423) sw      gp, 1192(t5)
core   0: 3 0x8000eb5c (0x4a3f2423) mem 0x80010000 0x00000001
core   0: 0x8000eb60 (0x0000bfe5) c.j     pc - 8
core   0: 3 0x8000eb60 (0xbfe5)
core   0: 0x8000eb58 (0x00001f17) auipc   t5, 0x1
core   0: 3 0x8000eb58 (0x00001f17) x30 0x8000fb58
core   0: 0x8000eb5c (0x4a3f2423) sw      gp, 1192(t5)
core   0: 3 0x8000eb5c (0x4a3f2423) mem 0x80010000 0x00000001
core   0: 0x8000eb60 (0x0000bfe5) c.j     pc - 8
core   0: 3 0x8000eb60 (0xbfe5)
core   0: 0x8000eb58 (0x00001f17) auipc   t5, 0x1
core   0: 3 0x8000eb58 (0x00001f17) x30 0x8000fb58
core   0: 0x8000eb5c (0x4a3f2423) sw      gp, 1192(t5)
core   0: 3 0x8000eb5c (0x4a3f2423) mem 0x80010000 0x00000001
core   0: 0x8000eb60 (0x0000bfe5) c.j     pc - 8
core   0: 3 0x8000eb60 (0xbfe5)
core   0: 0x8000eb58 (0x00001f17) auipc   t5, 0x1
core   0: 3 0x8000eb58 (0x00001f17) x30 0x8000fb58
core   0: 0x8000eb5c (0x4a3f2423) sw      gp, 1192(t5)
core   0: 3 0x8000eb5c (0x4a3f2423) mem 0x80010000 0x00000001
core   0: 0x8000eb60 (0x0000bfe5) c.j     pc - 8
core   0: 3 0x8000eb60 (0xbfe5)
core   0: 0x8000eb58 (0x00001f17) auipc   t5, 0x1
core   0: 3 0x8000eb58 (0x00001f17) x30 0x8000fb58
core   0: 0x8000eb5c (0x4a3f2423) sw      gp, 1192(t5)
core   0: 3 0x8000eb5c (0x4a3f2423) mem 0x80010000 0x00000001
core   0: 0x8000eb60 (0x0000bfe5) c.j     pc - 8
core   0: 3 0x8000eb60 (0xbfe5)
core   0: 0x8000eb58 (0x00001f17) auipc   t5, 0x1
core   0: 3 0x8000eb58 (0x00001f17) x30 0x8000fb58
core   0: 0x8000eb5c (0x4a3f2423) sw      gp, 1192(t5)
core   0: 3 0x8000eb5c (0x4a3f2423) mem 0x80010000 0x00000001
core   0: 0x8000eb60 (0x0000bfe5) c.j     pc - 8
core   0: 3 0x8000eb60 (0xbfe5)
core   0: 0x8000eb58 (0x00001f17) auipc   t5, 0x1
core   0: 3 0x8000eb58 (0x00001f17) x30 0x8000fb58
core   0: 0x8000eb5c (0x4a3f2423) sw      gp, 1192(t5)
core   0: 3 0x8000eb5c (0x4a3f2423) mem 0x80010000 0x00000001
core   0: 0x8000eb60 (0x0000bfe5) c.j     pc - 8
core   0: 3 0x8000eb60 (0xbfe5)
core   0: 0x8000eb58 (0x00001f17) auipc   t5, 0x1
core   0: 3 0x8000eb58 (0x00001f17) x30 0x8000fb58
core   0: 0x8000eb5c (0x4a3f2423) sw      gp, 1192(t5)
core   0: 3 0x8000eb5c (0x4a3f2423) mem 0x80010000 0x00000001
core   0: 0x8000eb60 (0x0000bfe5) c.j     pc - 8
core   0: 3 0x8000eb60 (0xbfe5)
core   0: 0x8000eb58 (0x00001f17) auipc   t5, 0x1
core   0: 3 0x8000eb58 (0x00001f17) x30 0x8000fb58
core   0: 0x8000eb5c (0x4a3f2423) sw      gp, 1192(t5)
core   0: 3 0x8000eb5c (0x4a3f2423) mem 0x80010000 0x00000001
core   0: 0x8000eb60 (0x0000bfe5) c.j     pc - 8
core   0: 3 0x8000eb60 (0xbfe5)
core   0: 0x8000eb58 (0x00001f17) auipc   t5, 0x1
core   0: 3 0x8000eb58 (0x00001f17) x30 0x8000fb58
core   0: 0x8000eb5c (0x4a3f2423) sw      gp, 1192(t5)
core   0: 3 0x8000eb5c (0x4a3f2423) mem 0x80010000 0x00000001
core   0: 0x8000eb60 (0x0000bfe5) c.j     pc - 8
core   0: 3 0x8000eb60 (0xbfe5)
core   0: 0x8000eb58 (0x00001f17) auipc   t5, 0x1
core   0: 3 0x8000eb58 (0x00001f17) x30 0x8000fb58
core   0: 0x8000eb5c (0x4a3f2423) sw      gp, 1192(t5)
core   0: 3 0x8000eb5c (0x4a3f2423) mem 0x80010000 0x00000001
core   0: 0x8000eb60 (0x0000bfe5) c.j     pc - 8
core   0: 3 0x8000eb60 (0xbfe5)
core   0: 0x8000eb58 (0x00001f17) auipc   t5, 0x1
core   0: 3 0x8000eb58 (0x00001f17) x30 0x8000fb58
core   0: 0x8000eb5c (0x4a3f2423) sw      gp, 1192(t5)
core   0: 3 0x8000eb5c (0x4a3f2423) mem 0x80010000 0x00000001
core   0: 0x8000eb60 (0x0000bfe5) c.j     pc - 8
core   0: 3 0x8000eb60 (0xbfe5)
core   0: 0x8000eb58 (0x00001f17) auipc   t5, 0x1
core   0: 3 0x8000eb58 (0x00001f17) x30 0x8000fb58
core   0: 0x8000eb5c (0x4a3f2423) sw      gp, 1192(t5)
core   0: 3 0x8000eb5c (0x4a3f2423) mem 0x80010000 0x00000001
core   0: 0x8000eb60 (0x0000bfe5) c.j     pc - 8
core   0: 3 0x8000eb60 (0xbfe5)
core   0: 0x8000eb58 (0x00001f17) auipc   t5, 0x1
core   0: 3 0x8000eb58 (0x00001f17) x30 0x8000fb58
core   0: 0x8000eb5c (0x4a3f2423) sw      gp, 1192(t5)
core   0: 3 0x8000eb5c (0x4a3f2423) mem 0x80010000 0x00000001
core   0: 0x8000eb60 (0x0000bfe5) c.j     pc - 8
core   0: 3 0x8000eb60 (0xbfe5)
core   0: 0x8000eb58 (0x00001f17) auipc   t5, 0x1
core   0: 3 0x8000eb58 (0x00001f17) x30 0x8000fb58
core   0: 0x8000eb5c (0x4a3f2423) sw      gp, 1192(t5)
core   0: 3 0x8000eb5c (0x4a3f2423) mem 0x80010000 0x00000001
core   0: 0x8000eb60 (0x0000bfe5) c.j     pc - 8
core   0: 3 0x8000eb60 (0xbfe5)
core   0: 0x8000eb58 (0x00001f17) auipc   t5, 0x1
core   0: 3 0x8000eb58 (0x00001f17) x30 0x8000fb58
core   0: 0x8000eb5c (0x4a3f2423) sw      gp, 1192(t5)
core   0: 3 0x8000eb5c (0x4a3f2423) mem 0x80010000 0x00000001
core   0: 0x8000eb60 (0x0000bfe5) c.j     pc - 8
core   0: 3 0x8000eb60 (0xbfe5)
core   0: 0x8000eb58 (0x00001f17) auipc   t5, 0x1
core   0: 3 0x8000eb58 (0x00001f17) x30 0x8000fb58
core   0: 0x8000eb5c (0x4a3f2423) sw      gp, 1192(t5)
core   0: 3 0x8000eb5c (0x4a3f2423) mem 0x80010000 0x00000001
core   0: 0x8000eb60 (0x0000bfe5) c.j     pc - 8
core   0: 3 0x8000eb60 (0xbfe5)
core   0: 0x8000eb58 (0x00001f17) auipc   t5, 0x1
core   0: 3 0x8000eb58 (0x00001f17) x30 0x8000fb58
core   0: 0x8000eb5c (0x4a3f2423) sw      gp, 1192(t5)
core   0: 3 0x8000eb5c (0x4a3f2423) mem 0x80010000 0x00000001
core   0: 0x8000eb60 (0x0000bfe5) c.j     pc - 8
core   0: 3 0x8000eb60 (0xbfe5)
core   0: 0x8000eb58 (0x00001f17) auipc   t5, 0x1
core   0: 3 0x8000eb58 (0x00001f17) x30 0x8000fb58
core   0: 0x8000eb5c (0x4a3f2423) sw      gp, 1192(t5)
core   0: 3 0x8000eb5c (0x4a3f2423) mem 0x80010000 0x00000001
core   0: 0x8000eb60 (0x0000bfe5) c.j     pc - 8
core   0: 3 0x8000eb60 (0xbfe5)
core   0: 0x8000eb58 (0x00001f17) auipc   t5, 0x1
core   0: 3 0x8000eb58 (0x00001f17) x30 0x8000fb58
core   0: 0x8000eb5c (0x4a3f2423) sw      gp, 1192(t5)
core   0: 3 0x8000eb5c (0x4a3f2423) mem 0x80010000 0x00000001
core   0: 0x8000eb60 (0x0000bfe5) c.j     pc - 8
core   0: 3 0x8000eb60 (0xbfe5)
core   0: 0x8000eb58 (0x00001f17) auipc   t5, 0x1
core   0: 3 0x8000eb58 (0x00001f17) x30 0x8000fb58
core   0: 0x8000eb5c (0x4a3f2423) sw      gp, 1192(t5)
core   0: 3 0x8000eb5c (0x4a3f2423) mem 0x80010000 0x00000001
core   0: 0x8000eb60 (0x0000bfe5) c.j     pc - 8
core   0: 3 0x8000eb60 (0xbfe5)
core   0: 0x8000eb58 (0x00001f17) auipc   t5, 0x1
core   0: 3 0x8000eb58 (0x00001f17) x30 0x8000fb58
core   0: 0x8000eb5c (0x4a3f2423) sw      gp, 1192(t5)
core   0: 3 0x8000eb5c (0x4a3f2423) mem 0x80010000 0x00000001
core   0: 0x8000eb60 (0x0000bfe5) c.j     pc - 8
core   0: 3 0x8000eb60 (0xbfe5)
core   0: 0x8000eb58 (0x00001f17) auipc   t5, 0x1
core   0: 3 0x8000eb58 (0x00001f17) x30 0x8000fb58
core   0: 0x8000eb5c (0x4a3f2423) sw      gp, 1192(t5)
core   0: 3 0x8000eb5c (0x4a3f2423) mem 0x80010000 0x00000001
core   0: 0x8000eb60 (0x0000bfe5) c.j     pc - 8
core   0: 3 0x8000eb60 (0xbfe5)
core   0: 0x8000eb58 (0x00001f17) auipc   t5, 0x1
core   0: 3 0x8000eb58 (0x00001f17) x30 0x8000fb58
core   0: 0x8000eb5c (0x4a3f2423) sw      gp, 1192(t5)
core   0: 3 0x8000eb5c (0x4a3f2423) mem 0x80010000 0x00000001
core   0: 0x8000eb60 (0x0000bfe5) c.j     pc - 8
core   0: 3 0x8000eb60 (0xbfe5)
core   0: 0x8000eb58 (0x00001f17) auipc   t5, 0x1
core   0: 3 0x8000eb58 (0x00001f17) x30 0x8000fb58
core   0: 0x8000eb5c (0x4a3f2423) sw      gp, 1192(t5)
core   0: 3 0x8000eb5c (0x4a3f2423) mem 0x80010000 0x00000001
core   0: 0x8000eb60 (0x0000bfe5) c.j     pc - 8
core   0: 3 0x8000eb60 (0xbfe5)
core   0: 0x8000eb58 (0x00001f17) auipc   t5, 0x1
core   0: 3 0x8000eb58 (0x00001f17) x30 0x8000fb58
core   0: 0x8000eb5c (0x4a3f2423) sw      gp, 1192(t5)
core   0: 3 0x8000eb5c (0x4a3f2423) mem 0x80010000 0x00000001
core   0: 0x8000eb60 (0x0000bfe5) c.j     pc - 8
core   0: 3 0x8000eb60 (0xbfe5)
core   0: 0x8000eb58 (0x00001f17) auipc   t5, 0x1
core   0: 3 0x8000eb58 (0x00001f17) x30 0x8000fb58
core   0: 0x8000eb5c (0x4a3f2423) sw      gp, 1192(t5)
core   0: 3 0x8000eb5c (0x4a3f2423) mem 0x80010000 0x00000001
core   0: 0x8000eb60 (0x0000bfe5) c.j     pc - 8
core   0: 3 0x8000eb60 (0xbfe5)
core   0: 0x8000eb58 (0x00001f17) auipc   t5, 0x1
core   0: 3 0x8000eb58 (0x00001f17) x30 0x8000fb58
core   0: 0x8000eb5c (0x4a3f2423) sw      gp, 1192(t5)
core   0: 3 0x8000eb5c (0x4a3f2423) mem 0x80010000 0x00000001
core   0: 0x8000eb60 (0x0000bfe5) c.j     pc - 8
core   0: 3 0x8000eb60 (0xbfe5)
core   0: 0x8000eb58 (0x00001f17) auipc   t5, 0x1
core   0: 3 0x8000eb58 (0x00001f17) x30 0x8000fb58
core   0: 0x8000eb5c (0x4a3f2423) sw      gp, 1192(t5)
core   0: 3 0x8000eb5c (0x4a3f2423) mem 0x80010000 0x00000001
core   0: 0x8000eb60 (0x0000bfe5) c.j     pc - 8
core   0: 3 0x8000eb60 (0xbfe5)
core   0: 0x8000eb58 (0x00001f17) auipc   t5, 0x1
core   0: 3 0x8000eb58 (0x00001f17) x30 0x8000fb58
core   0: 0x8000eb5c (0x4a3f2423) sw      gp, 1192(t5)
core   0: 3 0x8000eb5c (0x4a3f2423) mem 0x80010000 0x00000001
core   0: 0x8000eb60 (0x0000bfe5) c.j     pc - 8
core   0: 3 0x8000eb60 (0xbfe5)
core   0: 0x8000eb58 (0x00001f17) auipc   t5, 0x1
core   0: 3 0x8000eb58 (0x00001f17) x30 0x8000fb58
core   0: 0x8000eb5c (0x4a3f2423) sw      gp, 1192(t5)
core   0: 3 0x8000eb5c (0x4a3f2423) mem 0x80010000 0x00000001
core   0: 0x8000eb60 (0x0000bfe5) c.j     pc - 8
core   0: 3 0x8000eb60 (0xbfe5)
core   0: 0x8000eb58 (0x00001f17) auipc   t5, 0x1
core   0: 3 0x8000eb58 (0x00001f17) x30 0x8000fb58
core   0: 0x8000eb5c (0x4a3f2423) sw      gp, 1192(t5)
core   0: 3 0x8000eb5c (0x4a3f2423) mem 0x80010000 0x00000001
core   0: 0x8000eb60 (0x0000bfe5) c.j     pc - 8
core   0: 3 0x8000eb60 (0xbfe5)
core   0: 0x8000eb58 (0x00001f17) auipc   t5, 0x1
core   0: 3 0x8000eb58 (0x00001f17) x30 0x8000fb58
core   0: 0x8000eb5c (0x4a3f2423) sw      gp, 1192(t5)
core   0: 3 0x8000eb5c (0x4a3f2423) mem 0x80010000 0x00000001
core   0: 0x8000eb60 (0x0000bfe5) c.j     pc - 8
core   0: 3 0x8000eb60 (0xbfe5)
core   0: 0x8000eb58 (0x00001f17) auipc   t5, 0x1
core   0: 3 0x8000eb58 (0x00001f17) x30 0x8000fb58
core   0: 0x8000eb5c (0x4a3f2423) sw      gp, 1192(t5)
core   0: 3 0x8000eb5c (0x4a3f2423) mem 0x80010000 0x00000001
core   0: 0x8000eb60 (0x0000bfe5) c.j     pc - 8
core   0: 3 0x8000eb60 (0xbfe5)
core   0: 0x8000eb58 (0x00001f17) auipc   t5, 0x1
core   0: 3 0x8000eb58 (0x00001f17) x30 0x8000fb58
core   0: 0x8000eb5c (0x4a3f2423) sw      gp, 1192(t5)
core   0: 3 0x8000eb5c (0x4a3f2423) mem 0x80010000 0x00000001
core   0: 0x8000eb60 (0x0000bfe5) c.j     pc - 8
core   0: 3 0x8000eb60 (0xbfe5)
core   0: 0x8000eb58 (0x00001f17) auipc   t5, 0x1
core   0: 3 0x8000eb58 (0x00001f17) x30 0x8000fb58
core   0: 0x8000eb5c (0x4a3f2423) sw      gp, 1192(t5)
core   0: 3 0x8000eb5c (0x4a3f2423) mem 0x80010000 0x00000001
core   0: 0x8000eb60 (0x0000bfe5) c.j     pc - 8
core   0: 3 0x8000eb60 (0xbfe5)
core   0: 0x8000eb58 (0x00001f17) auipc   t5, 0x1
core   0: 3 0x8000eb58 (0x00001f17) x30 0x8000fb58
core   0: 0x8000eb5c (0x4a3f2423) sw      gp, 1192(t5)
core   0: 3 0x8000eb5c (0x4a3f2423) mem 0x80010000 0x00000001
core   0: 0x8000eb60 (0x0000bfe5) c.j     pc - 8
core   0: 3 0x8000eb60 (0xbfe5)
core   0: 0x8000eb58 (0x00001f17) auipc   t5, 0x1
core   0: 3 0x8000eb58 (0x00001f17) x30 0x8000fb58
core   0: 0x8000eb5c (0x4a3f2423) sw      gp, 1192(t5)
core   0: 3 0x8000eb5c (0x4a3f2423) mem 0x80010000 0x00000001
core   0: 0x8000eb60 (0x0000bfe5) c.j     pc - 8
core   0: 3 0x8000eb60 (0xbfe5)
core   0: 0x8000eb58 (0x00001f17) auipc   t5, 0x1
core   0: 3 0x8000eb58 (0x00001f17) x30 0x8000fb58
core   0: 0x8000eb5c (0x4a3f2423) sw      gp, 1192(t5)
core   0: 3 0x8000eb5c (0x4a3f2423) mem 0x80010000 0x00000001
core   0: 0x8000eb60 (0x0000bfe5) c.j     pc - 8
core   0: 3 0x8000eb60 (0xbfe5)
core   0: 0x8000eb58 (0x00001f17) auipc   t5, 0x1
core   0: 3 0x8000eb58 (0x00001f17) x30 0x8000fb58
core   0: 0x8000eb5c (0x4a3f2423) sw      gp, 1192(t5)
core   0: 3 0x8000eb5c (0x4a3f2423) mem 0x80010000 0x00000001
core   0: 0x8000eb60 (0x0000bfe5) c.j     pc - 8
core   0: 3 0x8000eb60 (0xbfe5)
core   0: 0x8000eb58 (0x00001f17) auipc   t5, 0x1
core   0: 3 0x8000eb58 (0x00001f17) x30 0x8000fb58
core   0: 0x8000eb5c (0x4a3f2423) sw      gp, 1192(t5)
core   0: 3 0x8000eb5c (0x4a3f2423) mem 0x80010000 0x00000001
core   0: 0x8000eb60 (0x0000bfe5) c.j     pc - 8
core   0: 3 0x8000eb60 (0xbfe5)
core   0: 0x8000eb58 (0x00001f17) auipc   t5, 0x1
core   0: 3 0x8000eb58 (0x00001f17) x30 0x8000fb58
core   0: 0x8000eb5c (0x4a3f2423) sw      gp, 1192(t5)
core   0: 3 0x8000eb5c (0x4a3f2423) mem 0x80010000 0x00000001
core   0: 0x8000eb60 (0x0000bfe5) c.j     pc - 8
core   0: 3 0x8000eb60 (0xbfe5)
core   0: 0x8000eb58 (0x00001f17) auipc   t5, 0x1
core   0: 3 0x8000eb58 (0x00001f17) x30 0x8000fb58
core   0: 0x8000eb5c (0x4a3f2423) sw      gp, 1192(t5)
core   0: 3 0x8000eb5c (0x4a3f2423) mem 0x80010000 0x00000001
core   0: 0x8000eb60 (0x0000bfe5) c.j     pc - 8
core   0: 3 0x8000eb60 (0xbfe5)
core   0: 0x8000eb58 (0x00001f17) auipc   t5, 0x1
core   0: 3 0x8000eb58 (0x00001f17) x30 0x8000fb58
core   0: 0x8000eb5c (0x4a3f2423) sw      gp, 1192(t5)
core   0: 3 0x8000eb5c (0x4a3f2423) mem 0x80010000 0x00000001
core   0: 0x8000eb60 (0x0000bfe5) c.j     pc - 8
core   0: 3 0x8000eb60 (0xbfe5)
core   0: 0x8000eb58 (0x00001f17) auipc   t5, 0x1
core   0: 3 0x8000eb58 (0x00001f17) x30 0x8000fb58
core   0: 0x8000eb5c (0x4a3f2423) sw      gp, 1192(t5)
core   0: 3 0x8000eb5c (0x4a3f2423) mem 0x80010000 0x00000001
core   0: 0x8000eb60 (0x0000bfe5) c.j     pc - 8
core   0: 3 0x8000eb60 (0xbfe5)
core   0: 0x8000eb58 (0x00001f17) auipc   t5, 0x1
core   0: 3 0x8000eb58 (0x00001f17) x30 0x8000fb58
core   0: 0x8000eb5c (0x4a3f2423) sw      gp, 1192(t5)
core   0: 3 0x8000eb5c (0x4a3f2423) mem 0x80010000 0x00000001
core   0: 0x8000eb60 (0x0000bfe5) c.j     pc - 8
core   0: 3 0x8000eb60 (0xbfe5)
core   0: 0x8000eb58 (0x00001f17) auipc   t5, 0x1
core   0: 3 0x8000eb58 (0x00001f17) x30 0x8000fb58
core   0: 0x8000eb5c (0x4a3f2423) sw      gp, 1192(t5)
core   0: 3 0x8000eb5c (0x4a3f2423) mem 0x80010000 0x00000001
core   0: 0x8000eb60 (0x0000bfe5) c.j     pc - 8
core   0: 3 0x8000eb60 (0xbfe5)
core   0: 0x8000eb58 (0x00001f17) auipc   t5, 0x1
core   0: 3 0x8000eb58 (0x00001f17) x30 0x8000fb58
core   0: 0x8000eb5c (0x4a3f2423) sw      gp, 1192(t5)
core   0: 3 0x8000eb5c (0x4a3f2423) mem 0x80010000 0x00000001
core   0: 0x8000eb60 (0x0000bfe5) c.j     pc - 8
core   0: 3 0x8000eb60 (0xbfe5)
core   0: 0x8000eb58 (0x00001f17) auipc   t5, 0x1
core   0: 3 0x8000eb58 (0x00001f17) x30 0x8000fb58
core   0: 0x8000eb5c (0x4a3f2423) sw      gp, 1192(t5)
core   0: 3 0x8000eb5c (0x4a3f2423) mem 0x80010000 0x00000001
core   0: 0x8000eb60 (0x0000bfe5) c.j     pc - 8
core   0: 3 0x8000eb60 (0xbfe5)
core   0: 0x8000eb58 (0x00001f17) auipc   t5, 0x1
core   0: 3 0x8000eb58 (0x00001f17) x30 0x8000fb58
core   0: 0x8000eb5c (0x4a3f2423) sw      gp, 1192(t5)
core   0: 3 0x8000eb5c (0x4a3f2423) mem 0x80010000 0x00000001
core   0: 0x8000eb60 (0x0000bfe5) c.j     pc - 8
core   0: 3 0x8000eb60 (0xbfe5)
core   0: 0x8000eb58 (0x00001f17) auipc   t5, 0x1
core   0: 3 0x8000eb58 (0x00001f17) x30 0x8000fb58
core   0: 0x8000eb5c (0x4a3f2423) sw      gp, 1192(t5)
core   0: 3 0x8000eb5c (0x4a3f2423) mem 0x80010000 0x00000001
core   0: 0x8000eb60 (0x0000bfe5) c.j     pc - 8
core   0: 3 0x8000eb60 (0xbfe5)
core   0: 0x8000eb58 (0x00001f17) auipc   t5, 0x1
core   0: 3 0x8000eb58 (0x00001f17) x30 0x8000fb58
core   0: 0x8000eb5c (0x4a3f2423) sw      gp, 1192(t5)
core   0: 3 0x8000eb5c (0x4a3f2423) mem 0x80010000 0x00000001
core   0: 0x8000eb60 (0x0000bfe5) c.j     pc - 8
core   0: 3 0x8000eb60 (0xbfe5)
core   0: 0x8000eb58 (0x00001f17) auipc   t5, 0x1
core   0: 3 0x8000eb58 (0x00001f17) x30 0x8000fb58
core   0: 0x8000eb5c (0x4a3f2423) sw      gp, 1192(t5)
core   0: 3 0x8000eb5c (0x4a3f2423) mem 0x80010000 0x00000001
core   0: 0x8000eb60 (0x0000bfe5) c.j     pc - 8
core   0: 3 0x8000eb60 (0xbfe5)
core   0: 0x8000eb58 (0x00001f17) auipc   t5, 0x1
core   0: 3 0x8000eb58 (0x00001f17) x30 0x8000fb58
core   0: 0x8000eb5c (0x4a3f2423) sw      gp, 1192(t5)
core   0: 3 0x8000eb5c (0x4a3f2423) mem 0x80010000 0x00000001
core   0: 0x8000eb60 (0x0000bfe5) c.j     pc - 8
core   0: 3 0x8000eb60 (0xbfe5)
core   0: 0x8000eb58 (0x00001f17) auipc   t5, 0x1
core   0: 3 0x8000eb58 (0x00001f17) x30 0x8000fb58
core   0: 0x8000eb5c (0x4a3f2423) sw      gp, 1192(t5)
core   0: 3 0x8000eb5c (0x4a3f2423) mem 0x80010000 0x00000001
core   0: 0x8000eb60 (0x0000bfe5) c.j     pc - 8
core   0: 3 0x8000eb60 (0xbfe5)
core   0: 0x8000eb58 (0x00001f17) auipc   t5, 0x1
core   0: 3 0x8000eb58 (0x00001f17) x30 0x8000fb58
core   0: 0x8000eb5c (0x4a3f2423) sw      gp, 1192(t5)
core   0: 3 0x8000eb5c (0x4a3f2423) mem 0x80010000 0x00000001
core   0: 0x8000eb60 (0x0000bfe5) c.j     pc - 8
core   0: 3 0x8000eb60 (0xbfe5)
core   0: 0x8000eb58 (0x00001f17) auipc   t5, 0x1
core   0: 3 0x8000eb58 (0x00001f17) x30 0x8000fb58
core   0: 0x8000eb5c (0x4a3f2423) sw      gp, 1192(t5)
core   0: 3 0x8000eb5c (0x4a3f2423) mem 0x80010000 0x00000001
core   0: 0x8000eb60 (0x0000bfe5) c.j     pc - 8
core   0: 3 0x8000eb60 (0xbfe5)
core   0: 0x8000eb58 (0x00001f17) auipc   t5, 0x1
core   0: 3 0x8000eb58 (0x00001f17) x30 0x8000fb58
core   0: 0x8000eb5c (0x4a3f2423) sw      gp, 1192(t5)
core   0: 3 0x8000eb5c (0x4a3f2423) mem 0x80010000 0x00000001
core   0: 0x8000eb60 (0x0000bfe5) c.j     pc - 8
core   0: 3 0x8000eb60 (0xbfe5)
core   0: 0x8000eb58 (0x00001f17) auipc   t5, 0x1
core   0: 3 0x8000eb58 (0x00001f17) x30 0x8000fb58
core   0: 0x8000eb5c (0x4a3f2423) sw      gp, 1192(t5)
core   0: 3 0x8000eb5c (0x4a3f2423) mem 0x80010000 0x00000001
core   0: 0x8000eb60 (0x0000bfe5) c.j     pc - 8
core   0: 3 0x8000eb60 (0xbfe5)
core   0: 0x8000eb58 (0x00001f17) auipc   t5, 0x1
core   0: 3 0x8000eb58 (0x00001f17) x30 0x8000fb58
core   0: 0x8000eb5c (0x4a3f2423) sw      gp, 1192(t5)
core   0: 3 0x8000eb5c (0x4a3f2423) mem 0x80010000 0x00000001
core   0: 0x8000eb60 (0x0000bfe5) c.j     pc - 8
core   0: 3 0x8000eb60 (0xbfe5)
core   0: 0x8000eb58 (0x00001f17) auipc   t5, 0x1
core   0: 3 0x8000eb58 (0x00001f17) x30 0x8000fb58
core   0: 0x8000eb5c (0x4a3f2423) sw      gp, 1192(t5)
core   0: 3 0x8000eb5c (0x4a3f2423) mem 0x80010000 0x00000001
core   0: 0x8000eb60 (0x0000bfe5) c.j     pc - 8
core   0: 3 0x8000eb60 (0xbfe5)
core   0: 0x8000eb58 (0x00001f17) auipc   t5, 0x1
core   0: 3 0x8000eb58 (0x00001f17) x30 0x8000fb58
core   0: 0x8000eb5c (0x4a3f2423) sw      gp, 1192(t5)
core   0: 3 0x8000eb5c (0x4a3f2423) mem 0x80010000 0x00000001
core   0: 0x8000eb60 (0x0000bfe5) c.j     pc - 8
core   0: 3 0x8000eb60 (0xbfe5)
core   0: 0x8000eb58 (0x00001f17) auipc   t5, 0x1
core   0: 3 0x8000eb58 (0x00001f17) x30 0x8000fb58
core   0: 0x8000eb5c (0x4a3f2423) sw      gp, 1192(t5)
core   0: 3 0x8000eb5c (0x4a3f2423) mem 0x80010000 0x00000001
core   0: 0x8000eb60 (0x0000bfe5) c.j     pc - 8
core   0: 3 0x8000eb60 (0xbfe5)
core   0: 0x8000eb58 (0x00001f17) auipc   t5, 0x1
core   0: 3 0x8000eb58 (0x00001f17) x30 0x8000fb58
core   0: 0x8000eb5c (0x4a3f2423) sw      gp, 1192(t5)
core   0: 3 0x8000eb5c (0x4a3f2423) mem 0x80010000 0x00000001
core   0: 0x8000eb60 (0x0000bfe5) c.j     pc - 8
core   0: 3 0x8000eb60 (0xbfe5)
core   0: 0x8000eb58 (0x00001f17) auipc   t5, 0x1
core   0: 3 0x8000eb58 (0x00001f17) x30 0x8000fb58
core   0: 0x8000eb5c (0x4a3f2423) sw      gp, 1192(t5)
core   0: 3 0x8000eb5c (0x4a3f2423) mem 0x80010000 0x00000001
core   0: 0x8000eb60 (0x0000bfe5) c.j     pc - 8
core   0: 3 0x8000eb60 (0xbfe5)
core   0: 0x8000eb58 (0x00001f17) auipc   t5, 0x1
core   0: 3 0x8000eb58 (0x00001f17) x30 0x8000fb58
core   0: 0x8000eb5c (0x4a3f2423) sw      gp, 1192(t5)
core   0: 3 0x8000eb5c (0x4a3f2423) mem 0x80010000 0x00000001
core   0: 0x8000eb60 (0x0000bfe5) c.j     pc - 8
core   0: 3 0x8000eb60 (0xbfe5)
core   0: 0x8000eb58 (0x00001f17) auipc   t5, 0x1
core   0: 3 0x8000eb58 (0x00001f17) x30 0x8000fb58
core   0: 0x8000eb5c (0x4a3f2423) sw      gp, 1192(t5)
core   0: 3 0x8000eb5c (0x4a3f2423) mem 0x80010000 0x00000001
core   0: 0x8000eb60 (0x0000bfe5) c.j     pc - 8
core   0: 3 0x8000eb60 (0xbfe5)
core   0: 0x8000eb58 (0x00001f17) auipc   t5, 0x1
core   0: 3 0x8000eb58 (0x00001f17) x30 0x8000fb58
core   0: 0x8000eb5c (0x4a3f2423) sw      gp, 1192(t5)
core   0: 3 0x8000eb5c (0x4a3f2423) mem 0x80010000 0x00000001
core   0: 0x8000eb60 (0x0000bfe5) c.j     pc - 8
core   0: 3 0x8000eb60 (0xbfe5)
core   0: 0x8000eb58 (0x00001f17) auipc   t5, 0x1
core   0: 3 0x8000eb58 (0x00001f17) x30 0x8000fb58
core   0: 0x8000eb5c (0x4a3f2423) sw      gp, 1192(t5)
core   0: 3 0x8000eb5c (0x4a3f2423) mem 0x80010000 0x00000001
core   0: 0x8000eb60 (0x0000bfe5) c.j     pc - 8
core   0: 3 0x8000eb60 (0xbfe5)
core   0: 0x8000eb58 (0x00001f17) auipc   t5, 0x1
core   0: 3 0x8000eb58 (0x00001f17) x30 0x8000fb58
core   0: 0x8000eb5c (0x4a3f2423) sw      gp, 1192(t5)
core   0: 3 0x8000eb5c (0x4a3f2423) mem 0x80010000 0x00000001
core   0: 0x8000eb60 (0x0000bfe5) c.j     pc - 8
core   0: 3 0x8000eb60 (0xbfe5)
core   0: 0x8000eb58 (0x00001f17) auipc   t5, 0x1
core   0: 3 0x8000eb58 (0x00001f17) x30 0x8000fb58
core   0: 0x8000eb5c (0x4a3f2423) sw      gp, 1192(t5)
core   0: 3 0x8000eb5c (0x4a3f2423) mem 0x80010000 0x00000001
core   0: 0x8000eb60 (0x0000bfe5) c.j     pc - 8
core   0: 3 0x8000eb60 (0xbfe5)
core   0: 0x8000eb58 (0x00001f17) auipc   t5, 0x1
core   0: 3 0x8000eb58 (0x00001f17) x30 0x8000fb58
core   0: 0x8000eb5c (0x4a3f2423) sw      gp, 1192(t5)
core   0: 3 0x8000eb5c (0x4a3f2423) mem 0x80010000 0x00000001
core   0: 0x8000eb60 (0x0000bfe5) c.j     pc - 8
core   0: 3 0x8000eb60 (0xbfe5)
core   0: 0x8000eb58 (0x00001f17) auipc   t5, 0x1
core   0: 3 0x8000eb58 (0x00001f17) x30 0x8000fb58
core   0: 0x8000eb5c (0x4a3f2423) sw      gp, 1192(t5)
core   0: 3 0x8000eb5c (0x4a3f2423) mem 0x80010000 0x00000001
core   0: 0x8000eb60 (0x0000bfe5) c.j     pc - 8
core   0: 3 0x8000eb60 (0xbfe5)
core   0: 0x8000eb58 (0x00001f17) auipc   t5, 0x1
core   0: 3 0x8000eb58 (0x00001f17) x30 0x8000fb58
core   0: 0x8000eb5c (0x4a3f2423) sw      gp, 1192(t5)
core   0: 3 0x8000eb5c (0x4a3f2423) mem 0x80010000 0x00000001
core   0: 0x8000eb60 (0x0000bfe5) c.j     pc - 8
core   0: 3 0x8000eb60 (0xbfe5)
core   0: 0x8000eb58 (0x00001f17) auipc   t5, 0x1
core   0: 3 0x8000eb58 (0x00001f17) x30 0x8000fb58
core   0: 0x8000eb5c (0x4a3f2423) sw      gp, 1192(t5)
core   0: 3 0x8000eb5c (0x4a3f2423) mem 0x80010000 0x00000001
core   0: 0x8000eb60 (0x0000bfe5) c.j     pc - 8
core   0: 3 0x8000eb60 (0xbfe5)
core   0: 0x8000eb58 (0x00001f17) auipc   t5, 0x1
core   0: 3 0x8000eb58 (0x00001f17) x30 0x8000fb58
core   0: 0x8000eb5c (0x4a3f2423) sw      gp, 1192(t5)
core   0: 3 0x8000eb5c (0x4a3f2423) mem 0x80010000 0x00000001
core   0: 0x8000eb60 (0x0000bfe5) c.j     pc - 8
core   0: 3 0x8000eb60 (0xbfe5)
core   0: 0x8000eb58 (0x00001f17) auipc   t5, 0x1
core   0: 3 0x8000eb58 (0x00001f17) x30 0x8000fb58
core   0: 0x8000eb5c (0x4a3f2423) sw      gp, 1192(t5)
core   0: 3 0x8000eb5c (0x4a3f2423) mem 0x80010000 0x00000001
core   0: 0x8000eb60 (0x0000bfe5) c.j     pc - 8
core   0: 3 0x8000eb60 (0xbfe5)
core   0: 0x8000eb58 (0x00001f17) auipc   t5, 0x1
core   0: 3 0x8000eb58 (0x00001f17) x30 0x8000fb58
core   0: 0x8000eb5c (0x4a3f2423) sw      gp, 1192(t5)
core   0: 3 0x8000eb5c (0x4a3f2423) mem 0x80010000 0x00000001
core   0: 0x8000eb60 (0x0000bfe5) c.j     pc - 8
core   0: 3 0x8000eb60 (0xbfe5)
core   0: 0x8000eb58 (0x00001f17) auipc   t5, 0x1
core   0: 3 0x8000eb58 (0x00001f17) x30 0x8000fb58
core   0: 0x8000eb5c (0x4a3f2423) sw      gp, 1192(t5)
core   0: 3 0x8000eb5c (0x4a3f2423) mem 0x80010000 0x00000001
core   0: 0x8000eb60 (0x0000bfe5) c.j     pc - 8
core   0: 3 0x8000eb60 (0xbfe5)
core   0: 0x8000eb58 (0x00001f17) auipc   t5, 0x1
core   0: 3 0x8000eb58 (0x00001f17) x30 0x8000fb58
core   0: 0x8000eb5c (0x4a3f2423) sw      gp, 1192(t5)
core   0: 3 0x8000eb5c (0x4a3f2423) mem 0x80010000 0x00000001
core   0: 0x8000eb60 (0x0000bfe5) c.j     pc - 8
core   0: 3 0x8000eb60 (0xbfe5)
core   0: 0x8000eb58 (0x00001f17) auipc   t5, 0x1
core   0: 3 0x8000eb58 (0x00001f17) x30 0x8000fb58
core   0: 0x8000eb5c (0x4a3f2423) sw      gp, 1192(t5)
core   0: 3 0x8000eb5c (0x4a3f2423) mem 0x80010000 0x00000001
core   0: 0x8000eb60 (0x0000bfe5) c.j     pc - 8
core   0: 3 0x8000eb60 (0xbfe5)
core   0: 0x8000eb58 (0x00001f17) auipc   t5, 0x1
core   0: 3 0x8000eb58 (0x00001f17) x30 0x8000fb58
core   0: 0x8000eb5c (0x4a3f2423) sw      gp, 1192(t5)
core   0: 3 0x8000eb5c (0x4a3f2423) mem 0x80010000 0x00000001
core   0: 0x8000eb60 (0x0000bfe5) c.j     pc - 8
core   0: 3 0x8000eb60 (0xbfe5)
core   0: 0x8000eb58 (0x00001f17) auipc   t5, 0x1
core   0: 3 0x8000eb58 (0x00001f17) x30 0x8000fb58
core   0: 0x8000eb5c (0x4a3f2423) sw      gp, 1192(t5)
core   0: 3 0x8000eb5c (0x4a3f2423) mem 0x80010000 0x00000001
core   0: 0x8000eb60 (0x0000bfe5) c.j     pc - 8
core   0: 3 0x8000eb60 (0xbfe5)
core   0: 0x8000eb58 (0x00001f17) auipc   t5, 0x1
core   0: 3 0x8000eb58 (0x00001f17) x30 0x8000fb58
core   0: 0x8000eb5c (0x4a3f2423) sw      gp, 1192(t5)
core   0: 3 0x8000eb5c (0x4a3f2423) mem 0x80010000 0x00000001
core   0: 0x8000eb60 (0x0000bfe5) c.j     pc - 8
core   0: 3 0x8000eb60 (0xbfe5)
core   0: 0x8000eb58 (0x00001f17) auipc   t5, 0x1
core   0: 3 0x8000eb58 (0x00001f17) x30 0x8000fb58
core   0: 0x8000eb5c (0x4a3f2423) sw      gp, 1192(t5)
core   0: 3 0x8000eb5c (0x4a3f2423) mem 0x80010000 0x00000001
core   0: 0x8000eb60 (0x0000bfe5) c.j     pc - 8
core   0: 3 0x8000eb60 (0xbfe5)
core   0: 0x8000eb58 (0x00001f17) auipc   t5, 0x1
core   0: 3 0x8000eb58 (0x00001f17) x30 0x8000fb58
core   0: 0x8000eb5c (0x4a3f2423) sw      gp, 1192(t5)
core   0: 3 0x8000eb5c (0x4a3f2423) mem 0x80010000 0x00000001
core   0: 0x8000eb60 (0x0000bfe5) c.j     pc - 8
core   0: 3 0x8000eb60 (0xbfe5)
core   0: 0x8000eb58 (0x00001f17) auipc   t5, 0x1
core   0: 3 0x8000eb58 (0x00001f17) x30 0x8000fb58
core   0: 0x8000eb5c (0x4a3f2423) sw      gp, 1192(t5)
core   0: 3 0x8000eb5c (0x4a3f2423) mem 0x80010000 0x00000001
core   0: 0x8000eb60 (0x0000bfe5) c.j     pc - 8
core   0: 3 0x8000eb60 (0xbfe5)
core   0: 0x8000eb58 (0x00001f17) auipc   t5, 0x1
core   0: 3 0x8000eb58 (0x00001f17) x30 0x8000fb58
core   0: 0x8000eb5c (0x4a3f2423) sw      gp, 1192(t5)
core   0: 3 0x8000eb5c (0x4a3f2423) mem 0x80010000 0x00000001
core   0: 0x8000eb60 (0x0000bfe5) c.j     pc - 8
core   0: 3 0x8000eb60 (0xbfe5)
core   0: 0x8000eb58 (0x00001f17) auipc   t5, 0x1
core   0: 3 0x8000eb58 (0x00001f17) x30 0x8000fb58
core   0: 0x8000eb5c (0x4a3f2423) sw      gp, 1192(t5)
core   0: 3 0x8000eb5c (0x4a3f2423) mem 0x80010000 0x00000001
core   0: 0x8000eb60 (0x0000bfe5) c.j     pc - 8
core   0: 3 0x8000eb60 (0xbfe5)
core   0: 0x8000eb58 (0x00001f17) auipc   t5, 0x1
core   0: 3 0x8000eb58 (0x00001f17) x30 0x8000fb58
core   0: 0x8000eb5c (0x4a3f2423) sw      gp, 1192(t5)
core   0: 3 0x8000eb5c (0x4a3f2423) mem 0x80010000 0x00000001
core   0: 0x8000eb60 (0x0000bfe5) c.j     pc - 8
core   0: 3 0x8000eb60 (0xbfe5)
core   0: 0x8000eb58 (0x00001f17) auipc   t5, 0x1
core   0: 3 0x8000eb58 (0x00001f17) x30 0x8000fb58
core   0: 0x8000eb5c (0x4a3f2423) sw      gp, 1192(t5)
core   0: 3 0x8000eb5c (0x4a3f2423) mem 0x80010000 0x00000001
core   0: 0x8000eb60 (0x0000bfe5) c.j     pc - 8
core   0: 3 0x8000eb60 (0xbfe5)
core   0: 0x8000eb58 (0x00001f17) auipc   t5, 0x1
core   0: 3 0x8000eb58 (0x00001f17) x30 0x8000fb58
core   0: 0x8000eb5c (0x4a3f2423) sw      gp, 1192(t5)
core   0: 3 0x8000eb5c (0x4a3f2423) mem 0x80010000 0x00000001
core   0: 0x8000eb60 (0x0000bfe5) c.j     pc - 8
core   0: 3 0x8000eb60 (0xbfe5)
core   0: 0x8000eb58 (0x00001f17) auipc   t5, 0x1
core   0: 3 0x8000eb58 (0x00001f17) x30 0x8000fb58
core   0: 0x8000eb5c (0x4a3f2423) sw      gp, 1192(t5)
core   0: 3 0x8000eb5c (0x4a3f2423) mem 0x80010000 0x00000001
core   0: 0x8000eb60 (0x0000bfe5) c.j     pc - 8
core   0: 3 0x8000eb60 (0xbfe5)
core   0: 0x8000eb58 (0x00001f17) auipc   t5, 0x1
core   0: 3 0x8000eb58 (0x00001f17) x30 0x8000fb58
core   0: 0x8000eb5c (0x4a3f2423) sw      gp, 1192(t5)
core   0: 3 0x8000eb5c (0x4a3f2423) mem 0x80010000 0x00000001
core   0: 0x8000eb60 (0x0000bfe5) c.j     pc - 8
core   0: 3 0x8000eb60 (0xbfe5)
core   0: 0x8000eb58 (0x00001f17) auipc   t5, 0x1
core   0: 3 0x8000eb58 (0x00001f17) x30 0x8000fb58
core   0: 0x8000eb5c (0x4a3f2423) sw      gp, 1192(t5)
core   0: 3 0x8000eb5c (0x4a3f2423) mem 0x80010000 0x00000001
core   0: 0x8000eb60 (0x0000bfe5) c.j     pc - 8
core   0: 3 0x8000eb60 (0xbfe5)
core   0: 0x8000eb58 (0x00001f17) auipc   t5, 0x1
core   0: 3 0x8000eb58 (0x00001f17) x30 0x8000fb58
core   0: 0x8000eb5c (0x4a3f2423) sw      gp, 1192(t5)
core   0: 3 0x8000eb5c (0x4a3f2423) mem 0x80010000 0x00000001
core   0: 0x8000eb60 (0x0000bfe5) c.j     pc - 8
core   0: 3 0x8000eb60 (0xbfe5)
core   0: 0x8000eb58 (0x00001f17) auipc   t5, 0x1
core   0: 3 0x8000eb58 (0x00001f17) x30 0x8000fb58
core   0: 0x8000eb5c (0x4a3f2423) sw      gp, 1192(t5)
core   0: 3 0x8000eb5c (0x4a3f2423) mem 0x80010000 0x00000001
core   0: 0x8000eb60 (0x0000bfe5) c.j     pc - 8
core   0: 3 0x8000eb60 (0xbfe5)
core   0: 0x8000eb58 (0x00001f17) auipc   t5, 0x1
core   0: 3 0x8000eb58 (0x00001f17) x30 0x8000fb58
core   0: 0x8000eb5c (0x4a3f2423) sw      gp, 1192(t5)
core   0: 3 0x8000eb5c (0x4a3f2423) mem 0x80010000 0x00000001
core   0: 0x8000eb60 (0x0000bfe5) c.j     pc - 8
core   0: 3 0x8000eb60 (0xbfe5)
core   0: 0x8000eb58 (0x00001f17) auipc   t5, 0x1
core   0: 3 0x8000eb58 (0x00001f17) x30 0x8000fb58
core   0: 0x8000eb5c (0x4a3f2423) sw      gp, 1192(t5)
core   0: 3 0x8000eb5c (0x4a3f2423) mem 0x80010000 0x00000001
core   0: 0x8000eb60 (0x0000bfe5) c.j     pc - 8
core   0: 3 0x8000eb60 (0xbfe5)
core   0: 0x8000eb58 (0x00001f17) auipc   t5, 0x1
core   0: 3 0x8000eb58 (0x00001f17) x30 0x8000fb58
core   0: 0x8000eb5c (0x4a3f2423) sw      gp, 1192(t5)
core   0: 3 0x8000eb5c (0x4a3f2423) mem 0x80010000 0x00000001
core   0: 0x8000eb60 (0x0000bfe5) c.j     pc - 8
core   0: 3 0x8000eb60 (0xbfe5)
core   0: 0x8000eb58 (0x00001f17) auipc   t5, 0x1
core   0: 3 0x8000eb58 (0x00001f17) x30 0x8000fb58
core   0: 0x8000eb5c (0x4a3f2423) sw      gp, 1192(t5)
core   0: 3 0x8000eb5c (0x4a3f2423) mem 0x80010000 0x00000001
core   0: 0x8000eb60 (0x0000bfe5) c.j     pc - 8
core   0: 3 0x8000eb60 (0xbfe5)
core   0: 0x8000eb58 (0x00001f17) auipc   t5, 0x1
core   0: 3 0x8000eb58 (0x00001f17) x30 0x8000fb58
core   0: 0x8000eb5c (0x4a3f2423) sw      gp, 1192(t5)
core   0: 3 0x8000eb5c (0x4a3f2423) mem 0x80010000 0x00000001
core   0: 0x8000eb60 (0x0000bfe5) c.j     pc - 8
core   0: 3 0x8000eb60 (0xbfe5)
core   0: 0x8000eb58 (0x00001f17) auipc   t5, 0x1
core   0: 3 0x8000eb58 (0x00001f17) x30 0x8000fb58
core   0: 0x8000eb5c (0x4a3f2423) sw      gp, 1192(t5)
core   0: 3 0x8000eb5c (0x4a3f2423) mem 0x80010000 0x00000001
core   0: 0x8000eb60 (0x0000bfe5) c.j     pc - 8
core   0: 3 0x8000eb60 (0xbfe5)
core   0: 0x8000eb58 (0x00001f17) auipc   t5, 0x1
core   0: 3 0x8000eb58 (0x00001f17) x30 0x8000fb58
core   0: 0x8000eb5c (0x4a3f2423) sw      gp, 1192(t5)
core   0: 3 0x8000eb5c (0x4a3f2423) mem 0x80010000 0x00000001
core   0: 0x8000eb60 (0x0000bfe5) c.j     pc - 8
core   0: 3 0x8000eb60 (0xbfe5)
core   0: 0x8000eb58 (0x00001f17) auipc   t5, 0x1
core   0: 3 0x8000eb58 (0x00001f17) x30 0x8000fb58
core   0: 0x8000eb5c (0x4a3f2423) sw      gp, 1192(t5)
core   0: 3 0x8000eb5c (0x4a3f2423) mem 0x80010000 0x00000001
core   0: 0x8000eb60 (0x0000bfe5) c.j     pc - 8
core   0: 3 0x8000eb60 (0xbfe5)
core   0: 0x8000eb58 (0x00001f17) auipc   t5, 0x1
core   0: 3 0x8000eb58 (0x00001f17) x30 0x8000fb58
core   0: 0x8000eb5c (0x4a3f2423) sw      gp, 1192(t5)
core   0: 3 0x8000eb5c (0x4a3f2423) mem 0x80010000 0x00000001
core   0: 0x8000eb60 (0x0000bfe5) c.j     pc - 8
core   0: 3 0x8000eb60 (0xbfe5)
core   0: 0x8000eb58 (0x00001f17) auipc   t5, 0x1
core   0: 3 0x8000eb58 (0x00001f17) x30 0x8000fb58
core   0: 0x8000eb5c (0x4a3f2423) sw      gp, 1192(t5)
core   0: 3 0x8000eb5c (0x4a3f2423) mem 0x80010000 0x00000001
core   0: 0x8000eb60 (0x0000bfe5) c.j     pc - 8
core   0: 3 0x8000eb60 (0xbfe5)
core   0: 0x8000eb58 (0x00001f17) auipc   t5, 0x1
core   0: 3 0x8000eb58 (0x00001f17) x30 0x8000fb58
core   0: 0x8000eb5c (0x4a3f2423) sw      gp, 1192(t5)
core   0: 3 0x8000eb5c (0x4a3f2423) mem 0x80010000 0x00000001
core   0: 0x8000eb60 (0x0000bfe5) c.j     pc - 8
core   0: 3 0x8000eb60 (0xbfe5)
core   0: 0x8000eb58 (0x00001f17) auipc   t5, 0x1
core   0: 3 0x8000eb58 (0x00001f17) x30 0x8000fb58
core   0: 0x8000eb5c (0x4a3f2423) sw      gp, 1192(t5)
core   0: 3 0x8000eb5c (0x4a3f2423) mem 0x80010000 0x00000001
core   0: 0x8000eb60 (0x0000bfe5) c.j     pc - 8
core   0: 3 0x8000eb60 (0xbfe5)
core   0: 0x8000eb58 (0x00001f17) auipc   t5, 0x1
core   0: 3 0x8000eb58 (0x00001f17) x30 0x8000fb58
core   0: 0x8000eb5c (0x4a3f2423) sw      gp, 1192(t5)
core   0: 3 0x8000eb5c (0x4a3f2423) mem 0x80010000 0x00000001
core   0: 0x8000eb60 (0x0000bfe5) c.j     pc - 8
core   0: 3 0x8000eb60 (0xbfe5)
core   0: 0x8000eb58 (0x00001f17) auipc   t5, 0x1
core   0: 3 0x8000eb58 (0x00001f17) x30 0x8000fb58
core   0: 0x8000eb5c (0x4a3f2423) sw      gp, 1192(t5)
core   0: 3 0x8000eb5c (0x4a3f2423) mem 0x80010000 0x00000001
core   0: 0x8000eb60 (0x0000bfe5) c.j     pc - 8
core   0: 3 0x8000eb60 (0xbfe5)
core   0: 0x8000eb58 (0x00001f17) auipc   t5, 0x1
core   0: 3 0x8000eb58 (0x00001f17) x30 0x8000fb58
core   0: 0x8000eb5c (0x4a3f2423) sw      gp, 1192(t5)
core   0: 3 0x8000eb5c (0x4a3f2423) mem 0x80010000 0x00000001
core   0: 0x8000eb60 (0x0000bfe5) c.j     pc - 8
core   0: 3 0x8000eb60 (0xbfe5)
core   0: 0x8000eb58 (0x00001f17) auipc   t5, 0x1
core   0: 3 0x8000eb58 (0x00001f17) x30 0x8000fb58
core   0: 0x8000eb5c (0x4a3f2423) sw      gp, 1192(t5)
core   0: 3 0x8000eb5c (0x4a3f2423) mem 0x80010000 0x00000001
core   0: 0x8000eb60 (0x0000bfe5) c.j     pc - 8
core   0: 3 0x8000eb60 (0xbfe5)
core   0: 0x8000eb58 (0x00001f17) auipc   t5, 0x1
core   0: 3 0x8000eb58 (0x00001f17) x30 0x8000fb58
core   0: 0x8000eb5c (0x4a3f2423) sw      gp, 1192(t5)
core   0: 3 0x8000eb5c (0x4a3f2423) mem 0x80010000 0x00000001
core   0: 0x8000eb60 (0x0000bfe5) c.j     pc - 8
core   0: 3 0x8000eb60 (0xbfe5)
core   0: 0x8000eb58 (0x00001f17) auipc   t5, 0x1
core   0: 3 0x8000eb58 (0x00001f17) x30 0x8000fb58
core   0: 0x8000eb5c (0x4a3f2423) sw      gp, 1192(t5)
core   0: 3 0x8000eb5c (0x4a3f2423) mem 0x80010000 0x00000001
core   0: 0x8000eb60 (0x0000bfe5) c.j     pc - 8
core   0: 3 0x8000eb60 (0xbfe5)
core   0: 0x8000eb58 (0x00001f17) auipc   t5, 0x1
core   0: 3 0x8000eb58 (0x00001f17) x30 0x8000fb58
core   0: 0x8000eb5c (0x4a3f2423) sw      gp, 1192(t5)
core   0: 3 0x8000eb5c (0x4a3f2423) mem 0x80010000 0x00000001
core   0: 0x8000eb60 (0x0000bfe5) c.j     pc - 8
core   0: 3 0x8000eb60 (0xbfe5)
core   0: 0x8000eb58 (0x00001f17) auipc   t5, 0x1
core   0: 3 0x8000eb58 (0x00001f17) x30 0x8000fb58
core   0: 0x8000eb5c (0x4a3f2423) sw      gp, 1192(t5)
core   0: 3 0x8000eb5c (0x4a3f2423) mem 0x80010000 0x00000001
core   0: 0x8000eb60 (0x0000bfe5) c.j     pc - 8
core   0: 3 0x8000eb60 (0xbfe5)
core   0: 0x8000eb58 (0x00001f17) auipc   t5, 0x1
core   0: 3 0x8000eb58 (0x00001f17) x30 0x8000fb58
core   0: 0x8000eb5c (0x4a3f2423) sw      gp, 1192(t5)
core   0: 3 0x8000eb5c (0x4a3f2423) mem 0x80010000 0x00000001
core   0: 0x8000eb60 (0x0000bfe5) c.j     pc - 8
core   0: 3 0x8000eb60 (0xbfe5)
core   0: 0x8000eb58 (0x00001f17) auipc   t5, 0x1
core   0: 3 0x8000eb58 (0x00001f17) x30 0x8000fb58
core   0: 0x8000eb5c (0x4a3f2423) sw      gp, 1192(t5)
core   0: 3 0x8000eb5c (0x4a3f2423) mem 0x80010000 0x00000001
core   0: 0x8000eb60 (0x0000bfe5) c.j     pc - 8
core   0: 3 0x8000eb60 (0xbfe5)
core   0: 0x8000eb58 (0x00001f17) auipc   t5, 0x1
core   0: 3 0x8000eb58 (0x00001f17) x30 0x8000fb58
core   0: 0x8000eb5c (0x4a3f2423) sw      gp, 1192(t5)
core   0: 3 0x8000eb5c (0x4a3f2423) mem 0x80010000 0x00000001
core   0: 0x8000eb60 (0x0000bfe5) c.j     pc - 8
core   0: 3 0x8000eb60 (0xbfe5)
core   0: 0x8000eb58 (0x00001f17) auipc   t5, 0x1
core   0: 3 0x8000eb58 (0x00001f17) x30 0x8000fb58
core   0: 0x8000eb5c (0x4a3f2423) sw      gp, 1192(t5)
core   0: 3 0x8000eb5c (0x4a3f2423) mem 0x80010000 0x00000001
core   0: 0x8000eb60 (0x0000bfe5) c.j     pc - 8
core   0: 3 0x8000eb60 (0xbfe5)
core   0: 0x8000eb58 (0x00001f17) auipc   t5, 0x1
core   0: 3 0x8000eb58 (0x00001f17) x30 0x8000fb58
core   0: 0x8000eb5c (0x4a3f2423) sw      gp, 1192(t5)
core   0: 3 0x8000eb5c (0x4a3f2423) mem 0x80010000 0x00000001
core   0: 0x8000eb60 (0x0000bfe5) c.j     pc - 8
core   0: 3 0x8000eb60 (0xbfe5)
core   0: 0x8000eb58 (0x00001f17) auipc   t5, 0x1
core   0: 3 0x8000eb58 (0x00001f17) x30 0x8000fb58
core   0: 0x8000eb5c (0x4a3f2423) sw      gp, 1192(t5)
core   0: 3 0x8000eb5c (0x4a3f2423) mem 0x80010000 0x00000001
core   0: 0x8000eb60 (0x0000bfe5) c.j     pc - 8
core   0: 3 0x8000eb60 (0xbfe5)
core   0: 0x8000eb58 (0x00001f17) auipc   t5, 0x1
core   0: 3 0x8000eb58 (0x00001f17) x30 0x8000fb58
core   0: 0x8000eb5c (0x4a3f2423) sw      gp, 1192(t5)
core   0: 3 0x8000eb5c (0x4a3f2423) mem 0x80010000 0x00000001
core   0: 0x8000eb60 (0x0000bfe5) c.j     pc - 8
core   0: 3 0x8000eb60 (0xbfe5)
core   0: 0x8000eb58 (0x00001f17) auipc   t5, 0x1
core   0: 3 0x8000eb58 (0x00001f17) x30 0x8000fb58
core   0: 0x8000eb5c (0x4a3f2423) sw      gp, 1192(t5)
core   0: 3 0x8000eb5c (0x4a3f2423) mem 0x80010000 0x00000001
core   0: 0x8000eb60 (0x0000bfe5) c.j     pc - 8
core   0: 3 0x8000eb60 (0xbfe5)
core   0: 0x8000eb58 (0x00001f17) auipc   t5, 0x1
core   0: 3 0x8000eb58 (0x00001f17) x30 0x8000fb58
core   0: 0x8000eb5c (0x4a3f2423) sw      gp, 1192(t5)
core   0: 3 0x8000eb5c (0x4a3f2423) mem 0x80010000 0x00000001
core   0: 0x8000eb60 (0x0000bfe5) c.j     pc - 8
core   0: 3 0x8000eb60 (0xbfe5)
core   0: 0x8000eb58 (0x00001f17) auipc   t5, 0x1
core   0: 3 0x8000eb58 (0x00001f17) x30 0x8000fb58
core   0: 0x8000eb5c (0x4a3f2423) sw      gp, 1192(t5)
core   0: 3 0x8000eb5c (0x4a3f2423) mem 0x80010000 0x00000001
core   0: 0x8000eb60 (0x0000bfe5) c.j     pc - 8
core   0: 3 0x8000eb60 (0xbfe5)
core   0: 0x8000eb58 (0x00001f17) auipc   t5, 0x1
core   0: 3 0x8000eb58 (0x00001f17) x30 0x8000fb58
core   0: 0x8000eb5c (0x4a3f2423) sw      gp, 1192(t5)
core   0: 3 0x8000eb5c (0x4a3f2423) mem 0x80010000 0x00000001
core   0: 0x8000eb60 (0x0000bfe5) c.j     pc - 8
core   0: 3 0x8000eb60 (0xbfe5)
core   0: 0x8000eb58 (0x00001f17) auipc   t5, 0x1
core   0: 3 0x8000eb58 (0x00001f17) x30 0x8000fb58
core   0: 0x8000eb5c (0x4a3f2423) sw      gp, 1192(t5)
core   0: 3 0x8000eb5c (0x4a3f2423) mem 0x80010000 0x00000001
core   0: 0x8000eb60 (0x0000bfe5) c.j     pc - 8
core   0: 3 0x8000eb60 (0xbfe5)
core   0: 0x8000eb58 (0x00001f17) auipc   t5, 0x1
core   0: 3 0x8000eb58 (0x00001f17) x30 0x8000fb58
core   0: 0x8000eb5c (0x4a3f2423) sw      gp, 1192(t5)
core   0: 3 0x8000eb5c (0x4a3f2423) mem 0x80010000 0x00000001
core   0: 0x8000eb60 (0x0000bfe5) c.j     pc - 8
core   0: 3 0x8000eb60 (0xbfe5)
core   0: 0x8000eb58 (0x00001f17) auipc   t5, 0x1
core   0: 3 0x8000eb58 (0x00001f17) x30 0x8000fb58
core   0: 0x8000eb5c (0x4a3f2423) sw      gp, 1192(t5)
core   0: 3 0x8000eb5c (0x4a3f2423) mem 0x80010000 0x00000001
core   0: 0x8000eb60 (0x0000bfe5) c.j     pc - 8
core   0: 3 0x8000eb60 (0xbfe5)
core   0: 0x8000eb58 (0x00001f17) auipc   t5, 0x1
core   0: 3 0x8000eb58 (0x00001f17) x30 0x8000fb58
core   0: 0x8000eb5c (0x4a3f2423) sw      gp, 1192(t5)
core   0: 3 0x8000eb5c (0x4a3f2423) mem 0x80010000 0x00000001
core   0: 0x8000eb60 (0x0000bfe5) c.j     pc - 8
core   0: 3 0x8000eb60 (0xbfe5)
core   0: 0x8000eb58 (0x00001f17) auipc   t5, 0x1
core   0: 3 0x8000eb58 (0x00001f17) x30 0x8000fb58
core   0: 0x8000eb5c (0x4a3f2423) sw      gp, 1192(t5)
core   0: 3 0x8000eb5c (0x4a3f2423) mem 0x80010000 0x00000001
core   0: 0x8000eb60 (0x0000bfe5) c.j     pc - 8
core   0: 3 0x8000eb60 (0xbfe5)
core   0: 0x8000eb58 (0x00001f17) auipc   t5, 0x1
core   0: 3 0x8000eb58 (0x00001f17) x30 0x8000fb58
core   0: 0x8000eb5c (0x4a3f2423) sw      gp, 1192(t5)
core   0: 3 0x8000eb5c (0x4a3f2423) mem 0x80010000 0x00000001
core   0: 0x8000eb60 (0x0000bfe5) c.j     pc - 8
core   0: 3 0x8000eb60 (0xbfe5)
core   0: 0x8000eb58 (0x00001f17) auipc   t5, 0x1
core   0: 3 0x8000eb58 (0x00001f17) x30 0x8000fb58
core   0: 0x8000eb5c (0x4a3f2423) sw      gp, 1192(t5)
core   0: 3 0x8000eb5c (0x4a3f2423) mem 0x80010000 0x00000001
core   0: 0x8000eb60 (0x0000bfe5) c.j     pc - 8
core   0: 3 0x8000eb60 (0xbfe5)
core   0: 0x8000eb58 (0x00001f17) auipc   t5, 0x1
core   0: 3 0x8000eb58 (0x00001f17) x30 0x8000fb58
core   0: 0x8000eb5c (0x4a3f2423) sw      gp, 1192(t5)
core   0: 3 0x8000eb5c (0x4a3f2423) mem 0x80010000 0x00000001
core   0: 0x8000eb60 (0x0000bfe5) c.j     pc - 8
core   0: 3 0x8000eb60 (0xbfe5)
core   0: 0x8000eb58 (0x00001f17) auipc   t5, 0x1
core   0: 3 0x8000eb58 (0x00001f17) x30 0x8000fb58
core   0: 0x8000eb5c (0x4a3f2423) sw      gp, 1192(t5)
core   0: 3 0x8000eb5c (0x4a3f2423) mem 0x80010000 0x00000001
core   0: 0x8000eb60 (0x0000bfe5) c.j     pc - 8
core   0: 3 0x8000eb60 (0xbfe5)
core   0: 0x8000eb58 (0x00001f17) auipc   t5, 0x1
core   0: 3 0x8000eb58 (0x00001f17) x30 0x8000fb58
core   0: 0x8000eb5c (0x4a3f2423) sw      gp, 1192(t5)
core   0: 3 0x8000eb5c (0x4a3f2423) mem 0x80010000 0x00000001
core   0: 0x8000eb60 (0x0000bfe5) c.j     pc - 8
core   0: 3 0x8000eb60 (0xbfe5)
core   0: 0x8000eb58 (0x00001f17) auipc   t5, 0x1
core   0: 3 0x8000eb58 (0x00001f17) x30 0x8000fb58
core   0: 0x8000eb5c (0x4a3f2423) sw      gp, 1192(t5)
core   0: 3 0x8000eb5c (0x4a3f2423) mem 0x80010000 0x00000001
core   0: 0x8000eb60 (0x0000bfe5) c.j     pc - 8
core   0: 3 0x8000eb60 (0xbfe5)
core   0: 0x8000eb58 (0x00001f17) auipc   t5, 0x1
core   0: 3 0x8000eb58 (0x00001f17) x30 0x8000fb58
core   0: 0x8000eb5c (0x4a3f2423) sw      gp, 1192(t5)
core   0: 3 0x8000eb5c (0x4a3f2423) mem 0x80010000 0x00000001
core   0: 0x8000eb60 (0x0000bfe5) c.j     pc - 8
core   0: 3 0x8000eb60 (0xbfe5)
core   0: 0x8000eb58 (0x00001f17) auipc   t5, 0x1
core   0: 3 0x8000eb58 (0x00001f17) x30 0x8000fb58
core   0: 0x8000eb5c (0x4a3f2423) sw      gp, 1192(t5)
core   0: 3 0x8000eb5c (0x4a3f2423) mem 0x80010000 0x00000001
core   0: 0x8000eb60 (0x0000bfe5) c.j     pc - 8
core   0: 3 0x8000eb60 (0xbfe5)
core   0: 0x8000eb58 (0x00001f17) auipc   t5, 0x1
core   0: 3 0x8000eb58 (0x00001f17) x30 0x8000fb58
core   0: 0x8000eb5c (0x4a3f2423) sw      gp, 1192(t5)
core   0: 3 0x8000eb5c (0x4a3f2423) mem 0x80010000 0x00000001
core   0: 0x8000eb60 (0x0000bfe5) c.j     pc - 8
core   0: 3 0x8000eb60 (0xbfe5)
core   0: 0x8000eb58 (0x00001f17) auipc   t5, 0x1
core   0: 3 0x8000eb58 (0x00001f17) x30 0x8000fb58
core   0: 0x8000eb5c (0x4a3f2423) sw      gp, 1192(t5)
core   0: 3 0x8000eb5c (0x4a3f2423) mem 0x80010000 0x00000001
core   0: 0x8000eb60 (0x0000bfe5) c.j     pc - 8
core   0: 3 0x8000eb60 (0xbfe5)
core   0: 0x8000eb58 (0x00001f17) auipc   t5, 0x1
core   0: 3 0x8000eb58 (0x00001f17) x30 0x8000fb58
core   0: 0x8000eb5c (0x4a3f2423) sw      gp, 1192(t5)
core   0: 3 0x8000eb5c (0x4a3f2423) mem 0x80010000 0x00000001
core   0: 0x8000eb60 (0x0000bfe5) c.j     pc - 8
core   0: 3 0x8000eb60 (0xbfe5)
core   0: 0x8000eb58 (0x00001f17) auipc   t5, 0x1
core   0: 3 0x8000eb58 (0x00001f17) x30 0x8000fb58
core   0: 0x8000eb5c (0x4a3f2423) sw      gp, 1192(t5)
core   0: 3 0x8000eb5c (0x4a3f2423) mem 0x80010000 0x00000001
core   0: 0x8000eb60 (0x0000bfe5) c.j     pc - 8
core   0: 3 0x8000eb60 (0xbfe5)
core   0: 0x8000eb58 (0x00001f17) auipc   t5, 0x1
core   0: 3 0x8000eb58 (0x00001f17) x30 0x8000fb58
core   0: 0x8000eb5c (0x4a3f2423) sw      gp, 1192(t5)
core   0: 3 0x8000eb5c (0x4a3f2423) mem 0x80010000 0x00000001
core   0: 0x8000eb60 (0x0000bfe5) c.j     pc - 8
core   0: 3 0x8000eb60 (0xbfe5)
core   0: 0x8000eb58 (0x00001f17) auipc   t5, 0x1
core   0: 3 0x8000eb58 (0x00001f17) x30 0x8000fb58
core   0: 0x8000eb5c (0x4a3f2423) sw      gp, 1192(t5)
core   0: 3 0x8000eb5c (0x4a3f2423) mem 0x80010000 0x00000001
core   0: 0x8000eb60 (0x0000bfe5) c.j     pc - 8
core   0: 3 0x8000eb60 (0xbfe5)
core   0: 0x8000eb58 (0x00001f17) auipc   t5, 0x1
core   0: 3 0x8000eb58 (0x00001f17) x30 0x8000fb58
core   0: 0x8000eb5c (0x4a3f2423) sw      gp, 1192(t5)
core   0: 3 0x8000eb5c (0x4a3f2423) mem 0x80010000 0x00000001
core   0: 0x8000eb60 (0x0000bfe5) c.j     pc - 8
core   0: 3 0x8000eb60 (0xbfe5)
core   0: 0x8000eb58 (0x00001f17) auipc   t5, 0x1
core   0: 3 0x8000eb58 (0x00001f17) x30 0x8000fb58
core   0: 0x8000eb5c (0x4a3f2423) sw      gp, 1192(t5)
core   0: 3 0x8000eb5c (0x4a3f2423) mem 0x80010000 0x00000001
core   0: 0x8000eb60 (0x0000bfe5) c.j     pc - 8
core   0: 3 0x8000eb60 (0xbfe5)
core   0: 0x8000eb58 (0x00001f17) auipc   t5, 0x1
core   0: 3 0x8000eb58 (0x00001f17) x30 0x8000fb58
core   0: 0x8000eb5c (0x4a3f2423) sw      gp, 1192(t5)
core   0: 3 0x8000eb5c (0x4a3f2423) mem 0x80010000 0x00000001
core   0: 0x8000eb60 (0x0000bfe5) c.j     pc - 8
core   0: 3 0x8000eb60 (0xbfe5)
core   0: 0x8000eb58 (0x00001f17) auipc   t5, 0x1
core   0: 3 0x8000eb58 (0x00001f17) x30 0x8000fb58
core   0: 0x8000eb5c (0x4a3f2423) sw      gp, 1192(t5)
core   0: 3 0x8000eb5c (0x4a3f2423) mem 0x80010000 0x00000001
core   0: 0x8000eb60 (0x0000bfe5) c.j     pc - 8
core   0: 3 0x8000eb60 (0xbfe5)
core   0: 0x8000eb58 (0x00001f17) auipc   t5, 0x1
core   0: 3 0x8000eb58 (0x00001f17) x30 0x8000fb58
core   0: 0x8000eb5c (0x4a3f2423) sw      gp, 1192(t5)
core   0: 3 0x8000eb5c (0x4a3f2423) mem 0x80010000 0x00000001
core   0: 0x8000eb60 (0x0000bfe5) c.j     pc - 8
core   0: 3 0x8000eb60 (0xbfe5)
core   0: 0x8000eb58 (0x00001f17) auipc   t5, 0x1
core   0: 3 0x8000eb58 (0x00001f17) x30 0x8000fb58
core   0: 0x8000eb5c (0x4a3f2423) sw      gp, 1192(t5)
core   0: 3 0x8000eb5c (0x4a3f2423) mem 0x80010000 0x00000001
core   0: 0x8000eb60 (0x0000bfe5) c.j     pc - 8
core   0: 3 0x8000eb60 (0xbfe5)
core   0: 0x8000eb58 (0x00001f17) auipc   t5, 0x1
core   0: 3 0x8000eb58 (0x00001f17) x30 0x8000fb58
core   0: 0x8000eb5c (0x4a3f2423) sw      gp, 1192(t5)
core   0: 3 0x8000eb5c (0x4a3f2423) mem 0x80010000 0x00000001
core   0: 0x8000eb60 (0x0000bfe5) c.j     pc - 8
core   0: 3 0x8000eb60 (0xbfe5)
core   0: 0x8000eb58 (0x00001f17) auipc   t5, 0x1
core   0: 3 0x8000eb58 (0x00001f17) x30 0x8000fb58
core   0: 0x8000eb5c (0x4a3f2423) sw      gp, 1192(t5)
core   0: 3 0x8000eb5c (0x4a3f2423) mem 0x80010000 0x00000001
core   0: 0x8000eb60 (0x0000bfe5) c.j     pc - 8
core   0: 3 0x8000eb60 (0xbfe5)
core   0: 0x8000eb58 (0x00001f17) auipc   t5, 0x1
core   0: 3 0x8000eb58 (0x00001f17) x30 0x8000fb58
core   0: 0x8000eb5c (0x4a3f2423) sw      gp, 1192(t5)
core   0: 3 0x8000eb5c (0x4a3f2423) mem 0x80010000 0x00000001
core   0: 0x8000eb60 (0x0000bfe5) c.j     pc - 8
core   0: 3 0x8000eb60 (0xbfe5)
core   0: 0x8000eb58 (0x00001f17) auipc   t5, 0x1
core   0: 3 0x8000eb58 (0x00001f17) x30 0x8000fb58
core   0: 0x8000eb5c (0x4a3f2423) sw      gp, 1192(t5)
core   0: 3 0x8000eb5c (0x4a3f2423) mem 0x80010000 0x00000001
core   0: 0x8000eb60 (0x0000bfe5) c.j     pc - 8
core   0: 3 0x8000eb60 (0xbfe5)
core   0: 0x8000eb58 (0x00001f17) auipc   t5, 0x1
core   0: 3 0x8000eb58 (0x00001f17) x30 0x8000fb58
core   0: 0x8000eb5c (0x4a3f2423) sw      gp, 1192(t5)
core   0: 3 0x8000eb5c (0x4a3f2423) mem 0x80010000 0x00000001
core   0: 0x8000eb60 (0x0000bfe5) c.j     pc - 8
core   0: 3 0x8000eb60 (0xbfe5)
core   0: 0x8000eb58 (0x00001f17) auipc   t5, 0x1
core   0: 3 0x8000eb58 (0x00001f17) x30 0x8000fb58
core   0: 0x8000eb5c (0x4a3f2423) sw      gp, 1192(t5)
core   0: 3 0x8000eb5c (0x4a3f2423) mem 0x80010000 0x00000001
core   0: 0x8000eb60 (0x0000bfe5) c.j     pc - 8
core   0: 3 0x8000eb60 (0xbfe5)
core   0: 0x8000eb58 (0x00001f17) auipc   t5, 0x1
core   0: 3 0x8000eb58 (0x00001f17) x30 0x8000fb58
core   0: 0x8000eb5c (0x4a3f2423) sw      gp, 1192(t5)
core   0: 3 0x8000eb5c (0x4a3f2423) mem 0x80010000 0x00000001
core   0: 0x8000eb60 (0x0000bfe5) c.j     pc - 8
core   0: 3 0x8000eb60 (0xbfe5)
core   0: 0x8000eb58 (0x00001f17) auipc   t5, 0x1
core   0: 3 0x8000eb58 (0x00001f17) x30 0x8000fb58
core   0: 0x8000eb5c (0x4a3f2423) sw      gp, 1192(t5)
core   0: 3 0x8000eb5c (0x4a3f2423) mem 0x80010000 0x00000001
core   0: 0x8000eb60 (0x0000bfe5) c.j     pc - 8
core   0: 3 0x8000eb60 (0xbfe5)
core   0: 0x8000eb58 (0x00001f17) auipc   t5, 0x1
core   0: 3 0x8000eb58 (0x00001f17) x30 0x8000fb58
core   0: 0x8000eb5c (0x4a3f2423) sw      gp, 1192(t5)
core   0: 3 0x8000eb5c (0x4a3f2423) mem 0x80010000 0x00000001
core   0: 0x8000eb60 (0x0000bfe5) c.j     pc - 8
core   0: 3 0x8000eb60 (0xbfe5)
core   0: 0x8000eb58 (0x00001f17) auipc   t5, 0x1
core   0: 3 0x8000eb58 (0x00001f17) x30 0x8000fb58
core   0: 0x8000eb5c (0x4a3f2423) sw      gp, 1192(t5)
core   0: 3 0x8000eb5c (0x4a3f2423) mem 0x80010000 0x00000001
core   0: 0x8000eb60 (0x0000bfe5) c.j     pc - 8
core   0: 3 0x8000eb60 (0xbfe5)
core   0: 0x8000eb58 (0x00001f17) auipc   t5, 0x1
core   0: 3 0x8000eb58 (0x00001f17) x30 0x8000fb58
core   0: 0x8000eb5c (0x4a3f2423) sw      gp, 1192(t5)
core   0: 3 0x8000eb5c (0x4a3f2423) mem 0x80010000 0x00000001
core   0: 0x8000eb60 (0x0000bfe5) c.j     pc - 8
core   0: 3 0x8000eb60 (0xbfe5)
core   0: 0x8000eb58 (0x00001f17) auipc   t5, 0x1
core   0: 3 0x8000eb58 (0x00001f17) x30 0x8000fb58
core   0: 0x8000eb5c (0x4a3f2423) sw      gp, 1192(t5)
core   0: 3 0x8000eb5c (0x4a3f2423) mem 0x80010000 0x00000001
core   0: 0x8000eb60 (0x0000bfe5) c.j     pc - 8
core   0: 3 0x8000eb60 (0xbfe5)
core   0: 0x8000eb58 (0x00001f17) auipc   t5, 0x1
core   0: 3 0x8000eb58 (0x00001f17) x30 0x8000fb58
core   0: 0x8000eb5c (0x4a3f2423) sw      gp, 1192(t5)
core   0: 3 0x8000eb5c (0x4a3f2423) mem 0x80010000 0x00000001
core   0: 0x8000eb60 (0x0000bfe5) c.j     pc - 8
core   0: 3 0x8000eb60 (0xbfe5)
core   0: 0x8000eb58 (0x00001f17) auipc   t5, 0x1
core   0: 3 0x8000eb58 (0x00001f17) x30 0x8000fb58
core   0: 0x8000eb5c (0x4a3f2423) sw      gp, 1192(t5)
core   0: 3 0x8000eb5c (0x4a3f2423) mem 0x80010000 0x00000001
core   0: 0x8000eb60 (0x0000bfe5) c.j     pc - 8
core   0: 3 0x8000eb60 (0xbfe5)
core   0: 0x8000eb58 (0x00001f17) auipc   t5, 0x1
core   0: 3 0x8000eb58 (0x00001f17) x30 0x8000fb58
core   0: 0x8000eb5c (0x4a3f2423) sw      gp, 1192(t5)
core   0: 3 0x8000eb5c (0x4a3f2423) mem 0x80010000 0x00000001
core   0: 0x8000eb60 (0x0000bfe5) c.j     pc - 8
core   0: 3 0x8000eb60 (0xbfe5)
core   0: 0x8000eb58 (0x00001f17) auipc   t5, 0x1
core   0: 3 0x8000eb58 (0x00001f17) x30 0x8000fb58
core   0: 0x8000eb5c (0x4a3f2423) sw      gp, 1192(t5)
core   0: 3 0x8000eb5c (0x4a3f2423) mem 0x80010000 0x00000001
core   0: 0x8000eb60 (0x0000bfe5) c.j     pc - 8
core   0: 3 0x8000eb60 (0xbfe5)
core   0: 0x8000eb58 (0x00001f17) auipc   t5, 0x1
core   0: 3 0x8000eb58 (0x00001f17) x30 0x8000fb58
core   0: 0x8000eb5c (0x4a3f2423) sw      gp, 1192(t5)
core   0: 3 0x8000eb5c (0x4a3f2423) mem 0x80010000 0x00000001
core   0: 0x8000eb60 (0x0000bfe5) c.j     pc - 8
core   0: 3 0x8000eb60 (0xbfe5)
core   0: 0x8000eb58 (0x00001f17) auipc   t5, 0x1
core   0: 3 0x8000eb58 (0x00001f17) x30 0x8000fb58
core   0: 0x8000eb5c (0x4a3f2423) sw      gp, 1192(t5)
core   0: 3 0x8000eb5c (0x4a3f2423) mem 0x80010000 0x00000001
core   0: 0x8000eb60 (0x0000bfe5) c.j     pc - 8
core   0: 3 0x8000eb60 (0xbfe5)
core   0: 0x8000eb58 (0x00001f17) auipc   t5, 0x1
core   0: 3 0x8000eb58 (0x00001f17) x30 0x8000fb58
core   0: 0x8000eb5c (0x4a3f2423) sw      gp, 1192(t5)
core   0: 3 0x8000eb5c (0x4a3f2423) mem 0x80010000 0x00000001
core   0: 0x8000eb60 (0x0000bfe5) c.j     pc - 8
core   0: 3 0x8000eb60 (0xbfe5)
core   0: 0x8000eb58 (0x00001f17) auipc   t5, 0x1
core   0: 3 0x8000eb58 (0x00001f17) x30 0x8000fb58
core   0: 0x8000eb5c (0x4a3f2423) sw      gp, 1192(t5)
core   0: 3 0x8000eb5c (0x4a3f2423) mem 0x80010000 0x00000001
core   0: 0x8000eb60 (0x0000bfe5) c.j     pc - 8
core   0: 3 0x8000eb60 (0xbfe5)
core   0: 0x8000eb58 (0x00001f17) auipc   t5, 0x1
core   0: 3 0x8000eb58 (0x00001f17) x30 0x8000fb58
core   0: 0x8000eb5c (0x4a3f2423) sw      gp, 1192(t5)
core   0: 3 0x8000eb5c (0x4a3f2423) mem 0x80010000 0x00000001
core   0: 0x8000eb60 (0x0000bfe5) c.j     pc - 8
core   0: 3 0x8000eb60 (0xbfe5)
core   0: 0x8000eb58 (0x00001f17) auipc   t5, 0x1
core   0: 3 0x8000eb58 (0x00001f17) x30 0x8000fb58
core   0: 0x8000eb5c (0x4a3f2423) sw      gp, 1192(t5)
core   0: 3 0x8000eb5c (0x4a3f2423) mem 0x80010000 0x00000001
core   0: 0x8000eb60 (0x0000bfe5) c.j     pc - 8
core   0: 3 0x8000eb60 (0xbfe5)
core   0: 0x8000eb58 (0x00001f17) auipc   t5, 0x1
core   0: 3 0x8000eb58 (0x00001f17) x30 0x8000fb58
core   0: 0x8000eb5c (0x4a3f2423) sw      gp, 1192(t5)
core   0: 3 0x8000eb5c (0x4a3f2423) mem 0x80010000 0x00000001
core   0: 0x8000eb60 (0x0000bfe5) c.j     pc - 8
core   0: 3 0x8000eb60 (0xbfe5)
core   0: 0x8000eb58 (0x00001f17) auipc   t5, 0x1
core   0: 3 0x8000eb58 (0x00001f17) x30 0x8000fb58
core   0: 0x8000eb5c (0x4a3f2423) sw      gp, 1192(t5)
core   0: 3 0x8000eb5c (0x4a3f2423) mem 0x80010000 0x00000001
core   0: 0x8000eb60 (0x0000bfe5) c.j     pc - 8
core   0: 3 0x8000eb60 (0xbfe5)
core   0: 0x8000eb58 (0x00001f17) auipc   t5, 0x1
core   0: 3 0x8000eb58 (0x00001f17) x30 0x8000fb58
core   0: 0x8000eb5c (0x4a3f2423) sw      gp, 1192(t5)
core   0: 3 0x8000eb5c (0x4a3f2423) mem 0x80010000 0x00000001
core   0: 0x8000eb60 (0x0000bfe5) c.j     pc - 8
core   0: 3 0x8000eb60 (0xbfe5)
core   0: 0x8000eb58 (0x00001f17) auipc   t5, 0x1
core   0: 3 0x8000eb58 (0x00001f17) x30 0x8000fb58
core   0: 0x8000eb5c (0x4a3f2423) sw      gp, 1192(t5)
core   0: 3 0x8000eb5c (0x4a3f2423) mem 0x80010000 0x00000001
core   0: 0x8000eb60 (0x0000bfe5) c.j     pc - 8
core   0: 3 0x8000eb60 (0xbfe5)
core   0: 0x8000eb58 (0x00001f17) auipc   t5, 0x1
core   0: 3 0x8000eb58 (0x00001f17) x30 0x8000fb58
core   0: 0x8000eb5c (0x4a3f2423) sw      gp, 1192(t5)
core   0: 3 0x8000eb5c (0x4a3f2423) mem 0x80010000 0x00000001
core   0: 0x8000eb60 (0x0000bfe5) c.j     pc - 8
core   0: 3 0x8000eb60 (0xbfe5)
core   0: 0x8000eb58 (0x00001f17) auipc   t5, 0x1
core   0: 3 0x8000eb58 (0x00001f17) x30 0x8000fb58
core   0: 0x8000eb5c (0x4a3f2423) sw      gp, 1192(t5)
core   0: 3 0x8000eb5c (0x4a3f2423) mem 0x80010000 0x00000001
core   0: 0x8000eb60 (0x0000bfe5) c.j     pc - 8
core   0: 3 0x8000eb60 (0xbfe5)
core   0: 0x8000eb58 (0x00001f17) auipc   t5, 0x1
core   0: 3 0x8000eb58 (0x00001f17) x30 0x8000fb58
core   0: 0x8000eb5c (0x4a3f2423) sw      gp, 1192(t5)
core   0: 3 0x8000eb5c (0x4a3f2423) mem 0x80010000 0x00000001
core   0: 0x8000eb60 (0x0000bfe5) c.j     pc - 8
core   0: 3 0x8000eb60 (0xbfe5)
core   0: 0x8000eb58 (0x00001f17) auipc   t5, 0x1
core   0: 3 0x8000eb58 (0x00001f17) x30 0x8000fb58
core   0: 0x8000eb5c (0x4a3f2423) sw      gp, 1192(t5)
core   0: 3 0x8000eb5c (0x4a3f2423) mem 0x80010000 0x00000001
core   0: 0x8000eb60 (0x0000bfe5) c.j     pc - 8
core   0: 3 0x8000eb60 (0xbfe5)
core   0: 0x8000eb58 (0x00001f17) auipc   t5, 0x1
core   0: 3 0x8000eb58 (0x00001f17) x30 0x8000fb58
core   0: 0x8000eb5c (0x4a3f2423) sw      gp, 1192(t5)
core   0: 3 0x8000eb5c (0x4a3f2423) mem 0x80010000 0x00000001
core   0: 0x8000eb60 (0x0000bfe5) c.j     pc - 8
core   0: 3 0x8000eb60 (0xbfe5)
core   0: 0x8000eb58 (0x00001f17) auipc   t5, 0x1
core   0: 3 0x8000eb58 (0x00001f17) x30 0x8000fb58
core   0: 0x8000eb5c (0x4a3f2423) sw      gp, 1192(t5)
core   0: 3 0x8000eb5c (0x4a3f2423) mem 0x80010000 0x00000001
core   0: 0x8000eb60 (0x0000bfe5) c.j     pc - 8
core   0: 3 0x8000eb60 (0xbfe5)
core   0: 0x8000eb58 (0x00001f17) auipc   t5, 0x1
core   0: 3 0x8000eb58 (0x00001f17) x30 0x8000fb58
core   0: 0x8000eb5c (0x4a3f2423) sw      gp, 1192(t5)
core   0: 3 0x8000eb5c (0x4a3f2423) mem 0x80010000 0x00000001
core   0: 0x8000eb60 (0x0000bfe5) c.j     pc - 8
core   0: 3 0x8000eb60 (0xbfe5)
core   0: 0x8000eb58 (0x00001f17) auipc   t5, 0x1
core   0: 3 0x8000eb58 (0x00001f17) x30 0x8000fb58
core   0: 0x8000eb5c (0x4a3f2423) sw      gp, 1192(t5)
core   0: 3 0x8000eb5c (0x4a3f2423) mem 0x80010000 0x00000001
core   0: 0x8000eb60 (0x0000bfe5) c.j     pc - 8
core   0: 3 0x8000eb60 (0xbfe5)
core   0: 0x8000eb58 (0x00001f17) auipc   t5, 0x1
core   0: 3 0x8000eb58 (0x00001f17) x30 0x8000fb58
core   0: 0x8000eb5c (0x4a3f2423) sw      gp, 1192(t5)
core   0: 3 0x8000eb5c (0x4a3f2423) mem 0x80010000 0x00000001
core   0: 0x8000eb60 (0x0000bfe5) c.j     pc - 8
core   0: 3 0x8000eb60 (0xbfe5)
core   0: 0x8000eb58 (0x00001f17) auipc   t5, 0x1
core   0: 3 0x8000eb58 (0x00001f17) x30 0x8000fb58
core   0: 0x8000eb5c (0x4a3f2423) sw      gp, 1192(t5)
core   0: 3 0x8000eb5c (0x4a3f2423) mem 0x80010000 0x00000001
core   0: 0x8000eb60 (0x0000bfe5) c.j     pc - 8
core   0: 3 0x8000eb60 (0xbfe5)
core   0: 0x8000eb58 (0x00001f17) auipc   t5, 0x1
core   0: 3 0x8000eb58 (0x00001f17) x30 0x8000fb58
core   0: 0x8000eb5c (0x4a3f2423) sw      gp, 1192(t5)
core   0: 3 0x8000eb5c (0x4a3f2423) mem 0x80010000 0x00000001
core   0: 0x8000eb60 (0x0000bfe5) c.j     pc - 8
core   0: 3 0x8000eb60 (0xbfe5)
core   0: 0x8000eb58 (0x00001f17) auipc   t5, 0x1
core   0: 3 0x8000eb58 (0x00001f17) x30 0x8000fb58
core   0: 0x8000eb5c (0x4a3f2423) sw      gp, 1192(t5)
core   0: 3 0x8000eb5c (0x4a3f2423) mem 0x80010000 0x00000001
core   0: 0x8000eb60 (0x0000bfe5) c.j     pc - 8
core   0: 3 0x8000eb60 (0xbfe5)
core   0: 0x8000eb58 (0x00001f17) auipc   t5, 0x1
core   0: 3 0x8000eb58 (0x00001f17) x30 0x8000fb58
core   0: 0x8000eb5c (0x4a3f2423) sw      gp, 1192(t5)
core   0: 3 0x8000eb5c (0x4a3f2423) mem 0x80010000 0x00000001
core   0: 0x8000eb60 (0x0000bfe5) c.j     pc - 8
core   0: 3 0x8000eb60 (0xbfe5)
core   0: 0x8000eb58 (0x00001f17) auipc   t5, 0x1
core   0: 3 0x8000eb58 (0x00001f17) x30 0x8000fb58
core   0: 0x8000eb5c (0x4a3f2423) sw      gp, 1192(t5)
core   0: 3 0x8000eb5c (0x4a3f2423) mem 0x80010000 0x00000001
core   0: 0x8000eb60 (0x0000bfe5) c.j     pc - 8
core   0: 3 0x8000eb60 (0xbfe5)
core   0: 0x8000eb58 (0x00001f17) auipc   t5, 0x1
core   0: 3 0x8000eb58 (0x00001f17) x30 0x8000fb58
core   0: 0x8000eb5c (0x4a3f2423) sw      gp, 1192(t5)
core   0: 3 0x8000eb5c (0x4a3f2423) mem 0x80010000 0x00000001
core   0: 0x8000eb60 (0x0000bfe5) c.j     pc - 8
core   0: 3 0x8000eb60 (0xbfe5)
core   0: 0x8000eb58 (0x00001f17) auipc   t5, 0x1
core   0: 3 0x8000eb58 (0x00001f17) x30 0x8000fb58
core   0: 0x8000eb5c (0x4a3f2423) sw      gp, 1192(t5)
core   0: 3 0x8000eb5c (0x4a3f2423) mem 0x80010000 0x00000001
core   0: 0x8000eb60 (0x0000bfe5) c.j     pc - 8
core   0: 3 0x8000eb60 (0xbfe5)
core   0: 0x8000eb58 (0x00001f17) auipc   t5, 0x1
core   0: 3 0x8000eb58 (0x00001f17) x30 0x8000fb58
core   0: 0x8000eb5c (0x4a3f2423) sw      gp, 1192(t5)
core   0: 3 0x8000eb5c (0x4a3f2423) mem 0x80010000 0x00000001
core   0: 0x8000eb60 (0x0000bfe5) c.j     pc - 8
core   0: 3 0x8000eb60 (0xbfe5)
core   0: 0x8000eb58 (0x00001f17) auipc   t5, 0x1
core   0: 3 0x8000eb58 (0x00001f17) x30 0x8000fb58
core   0: 0x8000eb5c (0x4a3f2423) sw      gp, 1192(t5)
core   0: 3 0x8000eb5c (0x4a3f2423) mem 0x80010000 0x00000001
core   0: 0x8000eb60 (0x0000bfe5) c.j     pc - 8
core   0: 3 0x8000eb60 (0xbfe5)
core   0: 0x8000eb58 (0x00001f17) auipc   t5, 0x1
core   0: 3 0x8000eb58 (0x00001f17) x30 0x8000fb58
core   0: 0x8000eb5c (0x4a3f2423) sw      gp, 1192(t5)
core   0: 3 0x8000eb5c (0x4a3f2423) mem 0x80010000 0x00000001
core   0: 0x8000eb60 (0x0000bfe5) c.j     pc - 8
core   0: 3 0x8000eb60 (0xbfe5)
core   0: 0x8000eb58 (0x00001f17) auipc   t5, 0x1
core   0: 3 0x8000eb58 (0x00001f17) x30 0x8000fb58
core   0: 0x8000eb5c (0x4a3f2423) sw      gp, 1192(t5)
core   0: 3 0x8000eb5c (0x4a3f2423) mem 0x80010000 0x00000001
core   0: 0x8000eb60 (0x0000bfe5) c.j     pc - 8
core   0: 3 0x8000eb60 (0xbfe5)
core   0: 0x8000eb58 (0x00001f17) auipc   t5, 0x1
core   0: 3 0x8000eb58 (0x00001f17) x30 0x8000fb58
core   0: 0x8000eb5c (0x4a3f2423) sw      gp, 1192(t5)
core   0: 3 0x8000eb5c (0x4a3f2423) mem 0x80010000 0x00000001
core   0: 0x8000eb60 (0x0000bfe5) c.j     pc - 8
core   0: 3 0x8000eb60 (0xbfe5)
core   0: 0x8000eb58 (0x00001f17) auipc   t5, 0x1
core   0: 3 0x8000eb58 (0x00001f17) x30 0x8000fb58
core   0: 0x8000eb5c (0x4a3f2423) sw      gp, 1192(t5)
core   0: 3 0x8000eb5c (0x4a3f2423) mem 0x80010000 0x00000001
core   0: 0x8000eb60 (0x0000bfe5) c.j     pc - 8
core   0: 3 0x8000eb60 (0xbfe5)
core   0: 0x8000eb58 (0x00001f17) auipc   t5, 0x1
core   0: 3 0x8000eb58 (0x00001f17) x30 0x8000fb58
core   0: 0x8000eb5c (0x4a3f2423) sw      gp, 1192(t5)
core   0: 3 0x8000eb5c (0x4a3f2423) mem 0x80010000 0x00000001
core   0: 0x8000eb60 (0x0000bfe5) c.j     pc - 8
core   0: 3 0x8000eb60 (0xbfe5)
core   0: 0x8000eb58 (0x00001f17) auipc   t5, 0x1
core   0: 3 0x8000eb58 (0x00001f17) x30 0x8000fb58
core   0: 0x8000eb5c (0x4a3f2423) sw      gp, 1192(t5)
core   0: 3 0x8000eb5c (0x4a3f2423) mem 0x80010000 0x00000001
core   0: 0x8000eb60 (0x0000bfe5) c.j     pc - 8
core   0: 3 0x8000eb60 (0xbfe5)
core   0: 0x8000eb58 (0x00001f17) auipc   t5, 0x1
core   0: 3 0x8000eb58 (0x00001f17) x30 0x8000fb58
core   0: 0x8000eb5c (0x4a3f2423) sw      gp, 1192(t5)
core   0: 3 0x8000eb5c (0x4a3f2423) mem 0x80010000 0x00000001
core   0: 0x8000eb60 (0x0000bfe5) c.j     pc - 8
core   0: 3 0x8000eb60 (0xbfe5)
core   0: 0x8000eb58 (0x00001f17) auipc   t5, 0x1
core   0: 3 0x8000eb58 (0x00001f17) x30 0x8000fb58
core   0: 0x8000eb5c (0x4a3f2423) sw      gp, 1192(t5)
core   0: 3 0x8000eb5c (0x4a3f2423) mem 0x80010000 0x00000001
core   0: 0x8000eb60 (0x0000bfe5) c.j     pc - 8
core   0: 3 0x8000eb60 (0xbfe5)
core   0: 0x8000eb58 (0x00001f17) auipc   t5, 0x1
core   0: 3 0x8000eb58 (0x00001f17) x30 0x8000fb58
core   0: 0x8000eb5c (0x4a3f2423) sw      gp, 1192(t5)
core   0: 3 0x8000eb5c (0x4a3f2423) mem 0x80010000 0x00000001
core   0: 0x8000eb60 (0x0000bfe5) c.j     pc - 8
core   0: 3 0x8000eb60 (0xbfe5)
core   0: 0x8000eb58 (0x00001f17) auipc   t5, 0x1
core   0: 3 0x8000eb58 (0x00001f17) x30 0x8000fb58
core   0: 0x8000eb5c (0x4a3f2423) sw      gp, 1192(t5)
core   0: 3 0x8000eb5c (0x4a3f2423) mem 0x80010000 0x00000001
core   0: 0x8000eb60 (0x0000bfe5) c.j     pc - 8
core   0: 3 0x8000eb60 (0xbfe5)
core   0: 0x8000eb58 (0x00001f17) auipc   t5, 0x1
core   0: 3 0x8000eb58 (0x00001f17) x30 0x8000fb58
core   0: 0x8000eb5c (0x4a3f2423) sw      gp, 1192(t5)
core   0: 3 0x8000eb5c (0x4a3f2423) mem 0x80010000 0x00000001
core   0: 0x8000eb60 (0x0000bfe5) c.j     pc - 8
core   0: 3 0x8000eb60 (0xbfe5)
core   0: 0x8000eb58 (0x00001f17) auipc   t5, 0x1
core   0: 3 0x8000eb58 (0x00001f17) x30 0x8000fb58
core   0: 0x8000eb5c (0x4a3f2423) sw      gp, 1192(t5)
core   0: 3 0x8000eb5c (0x4a3f2423) mem 0x80010000 0x00000001
core   0: 0x8000eb60 (0x0000bfe5) c.j     pc - 8
core   0: 3 0x8000eb60 (0xbfe5)
core   0: 0x8000eb58 (0x00001f17) auipc   t5, 0x1
core   0: 3 0x8000eb58 (0x00001f17) x30 0x8000fb58
core   0: 0x8000eb5c (0x4a3f2423) sw      gp, 1192(t5)
core   0: 3 0x8000eb5c (0x4a3f2423) mem 0x80010000 0x00000001
core   0: 0x8000eb60 (0x0000bfe5) c.j     pc - 8
core   0: 3 0x8000eb60 (0xbfe5)
core   0: 0x8000eb58 (0x00001f17) auipc   t5, 0x1
core   0: 3 0x8000eb58 (0x00001f17) x30 0x8000fb58
core   0: 0x8000eb5c (0x4a3f2423) sw      gp, 1192(t5)
core   0: 3 0x8000eb5c (0x4a3f2423) mem 0x80010000 0x00000001
core   0: 0x8000eb60 (0x0000bfe5) c.j     pc - 8
core   0: 3 0x8000eb60 (0xbfe5)
core   0: 0x8000eb58 (0x00001f17) auipc   t5, 0x1
core   0: 3 0x8000eb58 (0x00001f17) x30 0x8000fb58
core   0: 0x8000eb5c (0x4a3f2423) sw      gp, 1192(t5)
core   0: 3 0x8000eb5c (0x4a3f2423) mem 0x80010000 0x00000001
core   0: 0x8000eb60 (0x0000bfe5) c.j     pc - 8
core   0: 3 0x8000eb60 (0xbfe5)
core   0: 0x8000eb58 (0x00001f17) auipc   t5, 0x1
core   0: 3 0x8000eb58 (0x00001f17) x30 0x8000fb58
core   0: 0x8000eb5c (0x4a3f2423) sw      gp, 1192(t5)
core   0: 3 0x8000eb5c (0x4a3f2423) mem 0x80010000 0x00000001
core   0: 0x8000eb60 (0x0000bfe5) c.j     pc - 8
core   0: 3 0x8000eb60 (0xbfe5)
core   0: 0x8000eb58 (0x00001f17) auipc   t5, 0x1
core   0: 3 0x8000eb58 (0x00001f17) x30 0x8000fb58
core   0: 0x8000eb5c (0x4a3f2423) sw      gp, 1192(t5)
core   0: 3 0x8000eb5c (0x4a3f2423) mem 0x80010000 0x00000001
core   0: 0x8000eb60 (0x0000bfe5) c.j     pc - 8
core   0: 3 0x8000eb60 (0xbfe5)
core   0: 0x8000eb58 (0x00001f17) auipc   t5, 0x1
core   0: 3 0x8000eb58 (0x00001f17) x30 0x8000fb58
core   0: 0x8000eb5c (0x4a3f2423) sw      gp, 1192(t5)
core   0: 3 0x8000eb5c (0x4a3f2423) mem 0x80010000 0x00000001
core   0: 0x8000eb60 (0x0000bfe5) c.j     pc - 8
core   0: 3 0x8000eb60 (0xbfe5)
core   0: 0x8000eb58 (0x00001f17) auipc   t5, 0x1
core   0: 3 0x8000eb58 (0x00001f17) x30 0x8000fb58
core   0: 0x8000eb5c (0x4a3f2423) sw      gp, 1192(t5)
core   0: 3 0x8000eb5c (0x4a3f2423) mem 0x80010000 0x00000001
core   0: 0x8000eb60 (0x0000bfe5) c.j     pc - 8
core   0: 3 0x8000eb60 (0xbfe5)
core   0: 0x8000eb58 (0x00001f17) auipc   t5, 0x1
core   0: 3 0x8000eb58 (0x00001f17) x30 0x8000fb58
core   0: 0x8000eb5c (0x4a3f2423) sw      gp, 1192(t5)
core   0: 3 0x8000eb5c (0x4a3f2423) mem 0x80010000 0x00000001
core   0: 0x8000eb60 (0x0000bfe5) c.j     pc - 8
core   0: 3 0x8000eb60 (0xbfe5)
core   0: 0x8000eb58 (0x00001f17) auipc   t5, 0x1
core   0: 3 0x8000eb58 (0x00001f17) x30 0x8000fb58
core   0: 0x8000eb5c (0x4a3f2423) sw      gp, 1192(t5)
core   0: 3 0x8000eb5c (0x4a3f2423) mem 0x80010000 0x00000001
core   0: 0x8000eb60 (0x0000bfe5) c.j     pc - 8
core   0: 3 0x8000eb60 (0xbfe5)
core   0: 0x8000eb58 (0x00001f17) auipc   t5, 0x1
core   0: 3 0x8000eb58 (0x00001f17) x30 0x8000fb58
core   0: 0x8000eb5c (0x4a3f2423) sw      gp, 1192(t5)
core   0: 3 0x8000eb5c (0x4a3f2423) mem 0x80010000 0x00000001
core   0: 0x8000eb60 (0x0000bfe5) c.j     pc - 8
core   0: 3 0x8000eb60 (0xbfe5)
core   0: 0x8000eb58 (0x00001f17) auipc   t5, 0x1
core   0: 3 0x8000eb58 (0x00001f17) x30 0x8000fb58
core   0: 0x8000eb5c (0x4a3f2423) sw      gp, 1192(t5)
core   0: 3 0x8000eb5c (0x4a3f2423) mem 0x80010000 0x00000001
core   0: 0x8000eb60 (0x0000bfe5) c.j     pc - 8
core   0: 3 0x8000eb60 (0xbfe5)
core   0: 0x8000eb58 (0x00001f17) auipc   t5, 0x1
core   0: 3 0x8000eb58 (0x00001f17) x30 0x8000fb58
core   0: 0x8000eb5c (0x4a3f2423) sw      gp, 1192(t5)
core   0: 3 0x8000eb5c (0x4a3f2423) mem 0x80010000 0x00000001
core   0: 0x8000eb60 (0x0000bfe5) c.j     pc - 8
core   0: 3 0x8000eb60 (0xbfe5)
core   0: 0x8000eb58 (0x00001f17) auipc   t5, 0x1
core   0: 3 0x8000eb58 (0x00001f17) x30 0x8000fb58
core   0: 0x8000eb5c (0x4a3f2423) sw      gp, 1192(t5)
core   0: 3 0x8000eb5c (0x4a3f2423) mem 0x80010000 0x00000001
core   0: 0x8000eb60 (0x0000bfe5) c.j     pc - 8
core   0: 3 0x8000eb60 (0xbfe5)
core   0: 0x8000eb58 (0x00001f17) auipc   t5, 0x1
core   0: 3 0x8000eb58 (0x00001f17) x30 0x8000fb58
core   0: 0x8000eb5c (0x4a3f2423) sw      gp, 1192(t5)
core   0: 3 0x8000eb5c (0x4a3f2423) mem 0x80010000 0x00000001
core   0: 0x8000eb60 (0x0000bfe5) c.j     pc - 8
core   0: 3 0x8000eb60 (0xbfe5)
core   0: 0x8000eb58 (0x00001f17) auipc   t5, 0x1
core   0: 3 0x8000eb58 (0x00001f17) x30 0x8000fb58
core   0: 0x8000eb5c (0x4a3f2423) sw      gp, 1192(t5)
core   0: 3 0x8000eb5c (0x4a3f2423) mem 0x80010000 0x00000001
core   0: 0x8000eb60 (0x0000bfe5) c.j     pc - 8
core   0: 3 0x8000eb60 (0xbfe5)
core   0: 0x8000eb58 (0x00001f17) auipc   t5, 0x1
core   0: 3 0x8000eb58 (0x00001f17) x30 0x8000fb58
core   0: 0x8000eb5c (0x4a3f2423) sw      gp, 1192(t5)
core   0: 3 0x8000eb5c (0x4a3f2423) mem 0x80010000 0x00000001
core   0: 0x8000eb60 (0x0000bfe5) c.j     pc - 8
core   0: 3 0x8000eb60 (0xbfe5)
core   0: 0x8000eb58 (0x00001f17) auipc   t5, 0x1
core   0: 3 0x8000eb58 (0x00001f17) x30 0x8000fb58
core   0: 0x8000eb5c (0x4a3f2423) sw      gp, 1192(t5)
core   0: 3 0x8000eb5c (0x4a3f2423) mem 0x80010000 0x00000001
core   0: 0x8000eb60 (0x0000bfe5) c.j     pc - 8
core   0: 3 0x8000eb60 (0xbfe5)
core   0: 0x8000eb58 (0x00001f17) auipc   t5, 0x1
core   0: 3 0x8000eb58 (0x00001f17) x30 0x8000fb58
core   0: 0x8000eb5c (0x4a3f2423) sw      gp, 1192(t5)
core   0: 3 0x8000eb5c (0x4a3f2423) mem 0x80010000 0x00000001
core   0: 0x8000eb60 (0x0000bfe5) c.j     pc - 8
core   0: 3 0x8000eb60 (0xbfe5)
core   0: 0x8000eb58 (0x00001f17) auipc   t5, 0x1
core   0: 3 0x8000eb58 (0x00001f17) x30 0x8000fb58
core   0: 0x8000eb5c (0x4a3f2423) sw      gp, 1192(t5)
core   0: 3 0x8000eb5c (0x4a3f2423) mem 0x80010000 0x00000001
core   0: 0x8000eb60 (0x0000bfe5) c.j     pc - 8
core   0: 3 0x8000eb60 (0xbfe5)
core   0: 0x8000eb58 (0x00001f17) auipc   t5, 0x1
core   0: 3 0x8000eb58 (0x00001f17) x30 0x8000fb58
core   0: 0x8000eb5c (0x4a3f2423) sw      gp, 1192(t5)
core   0: 3 0x8000eb5c (0x4a3f2423) mem 0x80010000 0x00000001
core   0: 0x8000eb60 (0x0000bfe5) c.j     pc - 8
core   0: 3 0x8000eb60 (0xbfe5)
core   0: 0x8000eb58 (0x00001f17) auipc   t5, 0x1
core   0: 3 0x8000eb58 (0x00001f17) x30 0x8000fb58
core   0: 0x8000eb5c (0x4a3f2423) sw      gp, 1192(t5)
core   0: 3 0x8000eb5c (0x4a3f2423) mem 0x80010000 0x00000001
core   0: 0x8000eb60 (0x0000bfe5) c.j     pc - 8
core   0: 3 0x8000eb60 (0xbfe5)
core   0: 0x8000eb58 (0x00001f17) auipc   t5, 0x1
core   0: 3 0x8000eb58 (0x00001f17) x30 0x8000fb58
core   0: 0x8000eb5c (0x4a3f2423) sw      gp, 1192(t5)
core   0: 3 0x8000eb5c (0x4a3f2423) mem 0x80010000 0x00000001
core   0: 0x8000eb60 (0x0000bfe5) c.j     pc - 8
core   0: 3 0x8000eb60 (0xbfe5)
core   0: 0x8000eb58 (0x00001f17) auipc   t5, 0x1
core   0: 3 0x8000eb58 (0x00001f17) x30 0x8000fb58
core   0: 0x8000eb5c (0x4a3f2423) sw      gp, 1192(t5)
core   0: 3 0x8000eb5c (0x4a3f2423) mem 0x80010000 0x00000001
core   0: 0x8000eb60 (0x0000bfe5) c.j     pc - 8
core   0: 3 0x8000eb60 (0xbfe5)
core   0: 0x8000eb58 (0x00001f17) auipc   t5, 0x1
core   0: 3 0x8000eb58 (0x00001f17) x30 0x8000fb58
core   0: 0x8000eb5c (0x4a3f2423) sw      gp, 1192(t5)
core   0: 3 0x8000eb5c (0x4a3f2423) mem 0x80010000 0x00000001
core   0: 0x8000eb60 (0x0000bfe5) c.j     pc - 8
core   0: 3 0x8000eb60 (0xbfe5)
core   0: 0x8000eb58 (0x00001f17) auipc   t5, 0x1
core   0: 3 0x8000eb58 (0x00001f17) x30 0x8000fb58
core   0: 0x8000eb5c (0x4a3f2423) sw      gp, 1192(t5)
core   0: 3 0x8000eb5c (0x4a3f2423) mem 0x80010000 0x00000001
core   0: 0x8000eb60 (0x0000bfe5) c.j     pc - 8
core   0: 3 0x8000eb60 (0xbfe5)
core   0: 0x8000eb58 (0x00001f17) auipc   t5, 0x1
core   0: 3 0x8000eb58 (0x00001f17) x30 0x8000fb58
core   0: 0x8000eb5c (0x4a3f2423) sw      gp, 1192(t5)
core   0: 3 0x8000eb5c (0x4a3f2423) mem 0x80010000 0x00000001
core   0: 0x8000eb60 (0x0000bfe5) c.j     pc - 8
core   0: 3 0x8000eb60 (0xbfe5)
core   0: 0x8000eb58 (0x00001f17) auipc   t5, 0x1
core   0: 3 0x8000eb58 (0x00001f17) x30 0x8000fb58
core   0: 0x8000eb5c (0x4a3f2423) sw      gp, 1192(t5)
core   0: 3 0x8000eb5c (0x4a3f2423) mem 0x80010000 0x00000001
core   0: 0x8000eb60 (0x0000bfe5) c.j     pc - 8
core   0: 3 0x8000eb60 (0xbfe5)
core   0: 0x8000eb58 (0x00001f17) auipc   t5, 0x1
core   0: 3 0x8000eb58 (0x00001f17) x30 0x8000fb58
core   0: 0x8000eb5c (0x4a3f2423) sw      gp, 1192(t5)
core   0: 3 0x8000eb5c (0x4a3f2423) mem 0x80010000 0x00000001
core   0: 0x8000eb60 (0x0000bfe5) c.j     pc - 8
core   0: 3 0x8000eb60 (0xbfe5)
core   0: 0x8000eb58 (0x00001f17) auipc   t5, 0x1
core   0: 3 0x8000eb58 (0x00001f17) x30 0x8000fb58
core   0: 0x8000eb5c (0x4a3f2423) sw      gp, 1192(t5)
core   0: 3 0x8000eb5c (0x4a3f2423) mem 0x80010000 0x00000001
core   0: 0x8000eb60 (0x0000bfe5) c.j     pc - 8
core   0: 3 0x8000eb60 (0xbfe5)
core   0: 0x8000eb58 (0x00001f17) auipc   t5, 0x1
core   0: 3 0x8000eb58 (0x00001f17) x30 0x8000fb58
core   0: 0x8000eb5c (0x4a3f2423) sw      gp, 1192(t5)
core   0: 3 0x8000eb5c (0x4a3f2423) mem 0x80010000 0x00000001
core   0: 0x8000eb60 (0x0000bfe5) c.j     pc - 8
core   0: 3 0x8000eb60 (0xbfe5)
core   0: 0x8000eb58 (0x00001f17) auipc   t5, 0x1
core   0: 3 0x8000eb58 (0x00001f17) x30 0x8000fb58
core   0: 0x8000eb5c (0x4a3f2423) sw      gp, 1192(t5)
core   0: 3 0x8000eb5c (0x4a3f2423) mem 0x80010000 0x00000001
core   0: 0x8000eb60 (0x0000bfe5) c.j     pc - 8
core   0: 3 0x8000eb60 (0xbfe5)
core   0: 0x8000eb58 (0x00001f17) auipc   t5, 0x1
core   0: 3 0x8000eb58 (0x00001f17) x30 0x8000fb58
core   0: 0x8000eb5c (0x4a3f2423) sw      gp, 1192(t5)
core   0: 3 0x8000eb5c (0x4a3f2423) mem 0x80010000 0x00000001
core   0: 0x8000eb60 (0x0000bfe5) c.j     pc - 8
core   0: 3 0x8000eb60 (0xbfe5)
core   0: 0x8000eb58 (0x00001f17) auipc   t5, 0x1
core   0: 3 0x8000eb58 (0x00001f17) x30 0x8000fb58
core   0: 0x8000eb5c (0x4a3f2423) sw      gp, 1192(t5)
core   0: 3 0x8000eb5c (0x4a3f2423) mem 0x80010000 0x00000001
core   0: 0x8000eb60 (0x0000bfe5) c.j     pc - 8
core   0: 3 0x8000eb60 (0xbfe5)
core   0: 0x8000eb58 (0x00001f17) auipc   t5, 0x1
core   0: 3 0x8000eb58 (0x00001f17) x30 0x8000fb58
core   0: 0x8000eb5c (0x4a3f2423) sw      gp, 1192(t5)
core   0: 3 0x8000eb5c (0x4a3f2423) mem 0x80010000 0x00000001
core   0: 0x8000eb60 (0x0000bfe5) c.j     pc - 8
core   0: 3 0x8000eb60 (0xbfe5)
core   0: 0x8000eb58 (0x00001f17) auipc   t5, 0x1
core   0: 3 0x8000eb58 (0x00001f17) x30 0x8000fb58
core   0: 0x8000eb5c (0x4a3f2423) sw      gp, 1192(t5)
core   0: 3 0x8000eb5c (0x4a3f2423) mem 0x80010000 0x00000001
core   0: 0x8000eb60 (0x0000bfe5) c.j     pc - 8
core   0: 3 0x8000eb60 (0xbfe5)
core   0: 0x8000eb58 (0x00001f17) auipc   t5, 0x1
core   0: 3 0x8000eb58 (0x00001f17) x30 0x8000fb58
core   0: 0x8000eb5c (0x4a3f2423) sw      gp, 1192(t5)
core   0: 3 0x8000eb5c (0x4a3f2423) mem 0x80010000 0x00000001
core   0: 0x8000eb60 (0x0000bfe5) c.j     pc - 8
core   0: 3 0x8000eb60 (0xbfe5)
core   0: 0x8000eb58 (0x00001f17) auipc   t5, 0x1
core   0: 3 0x8000eb58 (0x00001f17) x30 0x8000fb58
core   0: 0x8000eb5c (0x4a3f2423) sw      gp, 1192(t5)
core   0: 3 0x8000eb5c (0x4a3f2423) mem 0x80010000 0x00000001
core   0: 0x8000eb60 (0x0000bfe5) c.j     pc - 8
core   0: 3 0x8000eb60 (0xbfe5)
core   0: 0x8000eb58 (0x00001f17) auipc   t5, 0x1
core   0: 3 0x8000eb58 (0x00001f17) x30 0x8000fb58
core   0: 0x8000eb5c (0x4a3f2423) sw      gp, 1192(t5)
core   0: 3 0x8000eb5c (0x4a3f2423) mem 0x80010000 0x00000001
core   0: 0x8000eb60 (0x0000bfe5) c.j     pc - 8
core   0: 3 0x8000eb60 (0xbfe5)
core   0: 0x8000eb58 (0x00001f17) auipc   t5, 0x1
core   0: 3 0x8000eb58 (0x00001f17) x30 0x8000fb58
core   0: 0x8000eb5c (0x4a3f2423) sw      gp, 1192(t5)
core   0: 3 0x8000eb5c (0x4a3f2423) mem 0x80010000 0x00000001
core   0: 0x8000eb60 (0x0000bfe5) c.j     pc - 8
core   0: 3 0x8000eb60 (0xbfe5)
core   0: 0x8000eb58 (0x00001f17) auipc   t5, 0x1
core   0: 3 0x8000eb58 (0x00001f17) x30 0x8000fb58
core   0: 0x8000eb5c (0x4a3f2423) sw      gp, 1192(t5)
core   0: 3 0x8000eb5c (0x4a3f2423) mem 0x80010000 0x00000001
core   0: 0x8000eb60 (0x0000bfe5) c.j     pc - 8
core   0: 3 0x8000eb60 (0xbfe5)
core   0: 0x8000eb58 (0x00001f17) auipc   t5, 0x1
core   0: 3 0x8000eb58 (0x00001f17) x30 0x8000fb58
core   0: 0x8000eb5c (0x4a3f2423) sw      gp, 1192(t5)
core   0: 3 0x8000eb5c (0x4a3f2423) mem 0x80010000 0x00000001
core   0: 0x8000eb60 (0x0000bfe5) c.j     pc - 8
core   0: 3 0x8000eb60 (0xbfe5)
core   0: 0x8000eb58 (0x00001f17) auipc   t5, 0x1
core   0: 3 0x8000eb58 (0x00001f17) x30 0x8000fb58
core   0: 0x8000eb5c (0x4a3f2423) sw      gp, 1192(t5)
core   0: 3 0x8000eb5c (0x4a3f2423) mem 0x80010000 0x00000001
core   0: 0x8000eb60 (0x0000bfe5) c.j     pc - 8
core   0: 3 0x8000eb60 (0xbfe5)
core   0: 0x8000eb58 (0x00001f17) auipc   t5, 0x1
core   0: 3 0x8000eb58 (0x00001f17) x30 0x8000fb58
core   0: 0x8000eb5c (0x4a3f2423) sw      gp, 1192(t5)
core   0: 3 0x8000eb5c (0x4a3f2423) mem 0x80010000 0x00000001
core   0: 0x8000eb60 (0x0000bfe5) c.j     pc - 8
core   0: 3 0x8000eb60 (0xbfe5)
core   0: 0x8000eb58 (0x00001f17) auipc   t5, 0x1
core   0: 3 0x8000eb58 (0x00001f17) x30 0x8000fb58
core   0: 0x8000eb5c (0x4a3f2423) sw      gp, 1192(t5)
core   0: 3 0x8000eb5c (0x4a3f2423) mem 0x80010000 0x00000001
core   0: 0x8000eb60 (0x0000bfe5) c.j     pc - 8
core   0: 3 0x8000eb60 (0xbfe5)
core   0: 0x8000eb58 (0x00001f17) auipc   t5, 0x1
core   0: 3 0x8000eb58 (0x00001f17) x30 0x8000fb58
core   0: 0x8000eb5c (0x4a3f2423) sw      gp, 1192(t5)
core   0: 3 0x8000eb5c (0x4a3f2423) mem 0x80010000 0x00000001
core   0: 0x8000eb60 (0x0000bfe5) c.j     pc - 8
core   0: 3 0x8000eb60 (0xbfe5)
core   0: 0x8000eb58 (0x00001f17) auipc   t5, 0x1
core   0: 3 0x8000eb58 (0x00001f17) x30 0x8000fb58
core   0: 0x8000eb5c (0x4a3f2423) sw      gp, 1192(t5)
core   0: 3 0x8000eb5c (0x4a3f2423) mem 0x80010000 0x00000001
core   0: 0x8000eb60 (0x0000bfe5) c.j     pc - 8
core   0: 3 0x8000eb60 (0xbfe5)
core   0: 0x8000eb58 (0x00001f17) auipc   t5, 0x1
core   0: 3 0x8000eb58 (0x00001f17) x30 0x8000fb58
core   0: 0x8000eb5c (0x4a3f2423) sw      gp, 1192(t5)
core   0: 3 0x8000eb5c (0x4a3f2423) mem 0x80010000 0x00000001
core   0: 0x8000eb60 (0x0000bfe5) c.j     pc - 8
core   0: 3 0x8000eb60 (0xbfe5)
core   0: 0x8000eb58 (0x00001f17) auipc   t5, 0x1
core   0: 3 0x8000eb58 (0x00001f17) x30 0x8000fb58
core   0: 0x8000eb5c (0x4a3f2423) sw      gp, 1192(t5)
core   0: 3 0x8000eb5c (0x4a3f2423) mem 0x80010000 0x00000001
core   0: 0x8000eb60 (0x0000bfe5) c.j     pc - 8
core   0: 3 0x8000eb60 (0xbfe5)
core   0: 0x8000eb58 (0x00001f17) auipc   t5, 0x1
core   0: 3 0x8000eb58 (0x00001f17) x30 0x8000fb58
core   0: 0x8000eb5c (0x4a3f2423) sw      gp, 1192(t5)
core   0: 3 0x8000eb5c (0x4a3f2423) mem 0x80010000 0x00000001
core   0: 0x8000eb60 (0x0000bfe5) c.j     pc - 8
core   0: 3 0x8000eb60 (0xbfe5)
core   0: 0x8000eb58 (0x00001f17) auipc   t5, 0x1
core   0: 3 0x8000eb58 (0x00001f17) x30 0x8000fb58
core   0: 0x8000eb5c (0x4a3f2423) sw      gp, 1192(t5)
core   0: 3 0x8000eb5c (0x4a3f2423) mem 0x80010000 0x00000001
core   0: 0x8000eb60 (0x0000bfe5) c.j     pc - 8
core   0: 3 0x8000eb60 (0xbfe5)
core   0: 0x8000eb58 (0x00001f17) auipc   t5, 0x1
core   0: 3 0x8000eb58 (0x00001f17) x30 0x8000fb58
core   0: 0x8000eb5c (0x4a3f2423) sw      gp, 1192(t5)
core   0: 3 0x8000eb5c (0x4a3f2423) mem 0x80010000 0x00000001
core   0: 0x8000eb60 (0x0000bfe5) c.j     pc - 8
core   0: 3 0x8000eb60 (0xbfe5)
core   0: 0x8000eb58 (0x00001f17) auipc   t5, 0x1
core   0: 3 0x8000eb58 (0x00001f17) x30 0x8000fb58
core   0: 0x8000eb5c (0x4a3f2423) sw      gp, 1192(t5)
core   0: 3 0x8000eb5c (0x4a3f2423) mem 0x80010000 0x00000001
core   0: 0x8000eb60 (0x0000bfe5) c.j     pc - 8
core   0: 3 0x8000eb60 (0xbfe5)
core   0: 0x8000eb58 (0x00001f17) auipc   t5, 0x1
core   0: 3 0x8000eb58 (0x00001f17) x30 0x8000fb58
core   0: 0x8000eb5c (0x4a3f2423) sw      gp, 1192(t5)
core   0: 3 0x8000eb5c (0x4a3f2423) mem 0x80010000 0x00000001
core   0: 0x8000eb60 (0x0000bfe5) c.j     pc - 8
core   0: 3 0x8000eb60 (0xbfe5)
core   0: 0x8000eb58 (0x00001f17) auipc   t5, 0x1
core   0: 3 0x8000eb58 (0x00001f17) x30 0x8000fb58
core   0: 0x8000eb5c (0x4a3f2423) sw      gp, 1192(t5)
core   0: 3 0x8000eb5c (0x4a3f2423) mem 0x80010000 0x00000001
core   0: 0x8000eb60 (0x0000bfe5) c.j     pc - 8
core   0: 3 0x8000eb60 (0xbfe5)
core   0: 0x8000eb58 (0x00001f17) auipc   t5, 0x1
core   0: 3 0x8000eb58 (0x00001f17) x30 0x8000fb58
core   0: 0x8000eb5c (0x4a3f2423) sw      gp, 1192(t5)
core   0: 3 0x8000eb5c (0x4a3f2423) mem 0x80010000 0x00000001
core   0: 0x8000eb60 (0x0000bfe5) c.j     pc - 8
core   0: 3 0x8000eb60 (0xbfe5)
core   0: 0x8000eb58 (0x00001f17) auipc   t5, 0x1
core   0: 3 0x8000eb58 (0x00001f17) x30 0x8000fb58
core   0: 0x8000eb5c (0x4a3f2423) sw      gp, 1192(t5)
core   0: 3 0x8000eb5c (0x4a3f2423) mem 0x80010000 0x00000001
core   0: 0x8000eb60 (0x0000bfe5) c.j     pc - 8
core   0: 3 0x8000eb60 (0xbfe5)
core   0: 0x8000eb58 (0x00001f17) auipc   t5, 0x1
core   0: 3 0x8000eb58 (0x00001f17) x30 0x8000fb58
core   0: 0x8000eb5c (0x4a3f2423) sw      gp, 1192(t5)
core   0: 3 0x8000eb5c (0x4a3f2423) mem 0x80010000 0x00000001
core   0: 0x8000eb60 (0x0000bfe5) c.j     pc - 8
core   0: 3 0x8000eb60 (0xbfe5)
core   0: 0x8000eb58 (0x00001f17) auipc   t5, 0x1
core   0: 3 0x8000eb58 (0x00001f17) x30 0x8000fb58
core   0: 0x8000eb5c (0x4a3f2423) sw      gp, 1192(t5)
core   0: 3 0x8000eb5c (0x4a3f2423) mem 0x80010000 0x00000001
core   0: 0x8000eb60 (0x0000bfe5) c.j     pc - 8
core   0: 3 0x8000eb60 (0xbfe5)
core   0: 0x8000eb58 (0x00001f17) auipc   t5, 0x1
core   0: 3 0x8000eb58 (0x00001f17) x30 0x8000fb58
core   0: 0x8000eb5c (0x4a3f2423) sw      gp, 1192(t5)
core   0: 3 0x8000eb5c (0x4a3f2423) mem 0x80010000 0x00000001
core   0: 0x8000eb60 (0x0000bfe5) c.j     pc - 8
core   0: 3 0x8000eb60 (0xbfe5)
core   0: 0x8000eb58 (0x00001f17) auipc   t5, 0x1
core   0: 3 0x8000eb58 (0x00001f17) x30 0x8000fb58
core   0: 0x8000eb5c (0x4a3f2423) sw      gp, 1192(t5)
core   0: 3 0x8000eb5c (0x4a3f2423) mem 0x80010000 0x00000001
core   0: 0x8000eb60 (0x0000bfe5) c.j     pc - 8
core   0: 3 0x8000eb60 (0xbfe5)
core   0: 0x8000eb58 (0x00001f17) auipc   t5, 0x1
core   0: 3 0x8000eb58 (0x00001f17) x30 0x8000fb58
core   0: 0x8000eb5c (0x4a3f2423) sw      gp, 1192(t5)
core   0: 3 0x8000eb5c (0x4a3f2423) mem 0x80010000 0x00000001
core   0: 0x8000eb60 (0x0000bfe5) c.j     pc - 8
core   0: 3 0x8000eb60 (0xbfe5)
core   0: 0x8000eb58 (0x00001f17) auipc   t5, 0x1
core   0: 3 0x8000eb58 (0x00001f17) x30 0x8000fb58
core   0: 0x8000eb5c (0x4a3f2423) sw      gp, 1192(t5)
core   0: 3 0x8000eb5c (0x4a3f2423) mem 0x80010000 0x00000001
core   0: 0x8000eb60 (0x0000bfe5) c.j     pc - 8
core   0: 3 0x8000eb60 (0xbfe5)
core   0: 0x8000eb58 (0x00001f17) auipc   t5, 0x1
core   0: 3 0x8000eb58 (0x00001f17) x30 0x8000fb58
core   0: 0x8000eb5c (0x4a3f2423) sw      gp, 1192(t5)
core   0: 3 0x8000eb5c (0x4a3f2423) mem 0x80010000 0x00000001
core   0: 0x8000eb60 (0x0000bfe5) c.j     pc - 8
core   0: 3 0x8000eb60 (0xbfe5)
core   0: 0x8000eb58 (0x00001f17) auipc   t5, 0x1
core   0: 3 0x8000eb58 (0x00001f17) x30 0x8000fb58
core   0: 0x8000eb5c (0x4a3f2423) sw      gp, 1192(t5)
core   0: 3 0x8000eb5c (0x4a3f2423) mem 0x80010000 0x00000001
core   0: 0x8000eb60 (0x0000bfe5) c.j     pc - 8
core   0: 3 0x8000eb60 (0xbfe5)
core   0: 0x8000eb58 (0x00001f17) auipc   t5, 0x1
core   0: 3 0x8000eb58 (0x00001f17) x30 0x8000fb58
core   0: 0x8000eb5c (0x4a3f2423) sw      gp, 1192(t5)
core   0: 3 0x8000eb5c (0x4a3f2423) mem 0x80010000 0x00000001
core   0: 0x8000eb60 (0x0000bfe5) c.j     pc - 8
core   0: 3 0x8000eb60 (0xbfe5)
core   0: 0x8000eb58 (0x00001f17) auipc   t5, 0x1
core   0: 3 0x8000eb58 (0x00001f17) x30 0x8000fb58
core   0: 0x8000eb5c (0x4a3f2423) sw      gp, 1192(t5)
core   0: 3 0x8000eb5c (0x4a3f2423) mem 0x80010000 0x00000001
core   0: 0x8000eb60 (0x0000bfe5) c.j     pc - 8
core   0: 3 0x8000eb60 (0xbfe5)
core   0: 0x8000eb58 (0x00001f17) auipc   t5, 0x1
core   0: 3 0x8000eb58 (0x00001f17) x30 0x8000fb58
core   0: 0x8000eb5c (0x4a3f2423) sw      gp, 1192(t5)
core   0: 3 0x8000eb5c (0x4a3f2423) mem 0x80010000 0x00000001
core   0: 0x8000eb60 (0x0000bfe5) c.j     pc - 8
core   0: 3 0x8000eb60 (0xbfe5)
core   0: 0x8000eb58 (0x00001f17) auipc   t5, 0x1
core   0: 3 0x8000eb58 (0x00001f17) x30 0x8000fb58
core   0: 0x8000eb5c (0x4a3f2423) sw      gp, 1192(t5)
core   0: 3 0x8000eb5c (0x4a3f2423) mem 0x80010000 0x00000001
core   0: 0x8000eb60 (0x0000bfe5) c.j     pc - 8
core   0: 3 0x8000eb60 (0xbfe5)
core   0: 0x8000eb58 (0x00001f17) auipc   t5, 0x1
core   0: 3 0x8000eb58 (0x00001f17) x30 0x8000fb58
core   0: 0x8000eb5c (0x4a3f2423) sw      gp, 1192(t5)
core   0: 3 0x8000eb5c (0x4a3f2423) mem 0x80010000 0x00000001
core   0: 0x8000eb60 (0x0000bfe5) c.j     pc - 8
core   0: 3 0x8000eb60 (0xbfe5)
core   0: 0x8000eb58 (0x00001f17) auipc   t5, 0x1
core   0: 3 0x8000eb58 (0x00001f17) x30 0x8000fb58
core   0: 0x8000eb5c (0x4a3f2423) sw      gp, 1192(t5)
core   0: 3 0x8000eb5c (0x4a3f2423) mem 0x80010000 0x00000001
core   0: 0x8000eb60 (0x0000bfe5) c.j     pc - 8
core   0: 3 0x8000eb60 (0xbfe5)
core   0: 0x8000eb58 (0x00001f17) auipc   t5, 0x1
core   0: 3 0x8000eb58 (0x00001f17) x30 0x8000fb58
core   0: 0x8000eb5c (0x4a3f2423) sw      gp, 1192(t5)
core   0: 3 0x8000eb5c (0x4a3f2423) mem 0x80010000 0x00000001
core   0: 0x8000eb60 (0x0000bfe5) c.j     pc - 8
core   0: 3 0x8000eb60 (0xbfe5)
core   0: 0x8000eb58 (0x00001f17) auipc   t5, 0x1
core   0: 3 0x8000eb58 (0x00001f17) x30 0x8000fb58
core   0: 0x8000eb5c (0x4a3f2423) sw      gp, 1192(t5)
core   0: 3 0x8000eb5c (0x4a3f2423) mem 0x80010000 0x00000001
core   0: 0x8000eb60 (0x0000bfe5) c.j     pc - 8
core   0: 3 0x8000eb60 (0xbfe5)
core   0: 0x8000eb58 (0x00001f17) auipc   t5, 0x1
core   0: 3 0x8000eb58 (0x00001f17) x30 0x8000fb58
core   0: 0x8000eb5c (0x4a3f2423) sw      gp, 1192(t5)
core   0: 3 0x8000eb5c (0x4a3f2423) mem 0x80010000 0x00000001
core   0: 0x8000eb60 (0x0000bfe5) c.j     pc - 8
core   0: 3 0x8000eb60 (0xbfe5)
core   0: 0x8000eb58 (0x00001f17) auipc   t5, 0x1
core   0: 3 0x8000eb58 (0x00001f17) x30 0x8000fb58
core   0: 0x8000eb5c (0x4a3f2423) sw      gp, 1192(t5)
core   0: 3 0x8000eb5c (0x4a3f2423) mem 0x80010000 0x00000001
core   0: 0x8000eb60 (0x0000bfe5) c.j     pc - 8
core   0: 3 0x8000eb60 (0xbfe5)
core   0: 0x8000eb58 (0x00001f17) auipc   t5, 0x1
core   0: 3 0x8000eb58 (0x00001f17) x30 0x8000fb58
core   0: 0x8000eb5c (0x4a3f2423) sw      gp, 1192(t5)
core   0: 3 0x8000eb5c (0x4a3f2423) mem 0x80010000 0x00000001
core   0: 0x8000eb60 (0x0000bfe5) c.j     pc - 8
core   0: 3 0x8000eb60 (0xbfe5)
core   0: 0x8000eb58 (0x00001f17) auipc   t5, 0x1
core   0: 3 0x8000eb58 (0x00001f17) x30 0x8000fb58
core   0: 0x8000eb5c (0x4a3f2423) sw      gp, 1192(t5)
core   0: 3 0x8000eb5c (0x4a3f2423) mem 0x80010000 0x00000001
core   0: 0x8000eb60 (0x0000bfe5) c.j     pc - 8
core   0: 3 0x8000eb60 (0xbfe5)
core   0: 0x8000eb58 (0x00001f17) auipc   t5, 0x1
core   0: 3 0x8000eb58 (0x00001f17) x30 0x8000fb58
core   0: 0x8000eb5c (0x4a3f2423) sw      gp, 1192(t5)
core   0: 3 0x8000eb5c (0x4a3f2423) mem 0x80010000 0x00000001
core   0: 0x8000eb60 (0x0000bfe5) c.j     pc - 8
core   0: 3 0x8000eb60 (0xbfe5)
core   0: 0x8000eb58 (0x00001f17) auipc   t5, 0x1
core   0: 3 0x8000eb58 (0x00001f17) x30 0x8000fb58
core   0: 0x8000eb5c (0x4a3f2423) sw      gp, 1192(t5)
core   0: 3 0x8000eb5c (0x4a3f2423) mem 0x80010000 0x00000001
core   0: 0x8000eb60 (0x0000bfe5) c.j     pc - 8
core   0: 3 0x8000eb60 (0xbfe5)
core   0: 0x8000eb58 (0x00001f17) auipc   t5, 0x1
core   0: 3 0x8000eb58 (0x00001f17) x30 0x8000fb58
core   0: 0x8000eb5c (0x4a3f2423) sw      gp, 1192(t5)
core   0: 3 0x8000eb5c (0x4a3f2423) mem 0x80010000 0x00000001
core   0: 0x8000eb60 (0x0000bfe5) c.j     pc - 8
core   0: 3 0x8000eb60 (0xbfe5)
core   0: 0x8000eb58 (0x00001f17) auipc   t5, 0x1
core   0: 3 0x8000eb58 (0x00001f17) x30 0x8000fb58
core   0: 0x8000eb5c (0x4a3f2423) sw      gp, 1192(t5)
core   0: 3 0x8000eb5c (0x4a3f2423) mem 0x80010000 0x00000001
core   0: 0x8000eb60 (0x0000bfe5) c.j     pc - 8
core   0: 3 0x8000eb60 (0xbfe5)
core   0: 0x8000eb58 (0x00001f17) auipc   t5, 0x1
core   0: 3 0x8000eb58 (0x00001f17) x30 0x8000fb58
core   0: 0x8000eb5c (0x4a3f2423) sw      gp, 1192(t5)
core   0: 3 0x8000eb5c (0x4a3f2423) mem 0x80010000 0x00000001
core   0: 0x8000eb60 (0x0000bfe5) c.j     pc - 8
core   0: 3 0x8000eb60 (0xbfe5)
core   0: 0x8000eb58 (0x00001f17) auipc   t5, 0x1
core   0: 3 0x8000eb58 (0x00001f17) x30 0x8000fb58
core   0: 0x8000eb5c (0x4a3f2423) sw      gp, 1192(t5)
core   0: 3 0x8000eb5c (0x4a3f2423) mem 0x80010000 0x00000001
core   0: 0x8000eb60 (0x0000bfe5) c.j     pc - 8
core   0: 3 0x8000eb60 (0xbfe5)
core   0: 0x8000eb58 (0x00001f17) auipc   t5, 0x1
core   0: 3 0x8000eb58 (0x00001f17) x30 0x8000fb58
core   0: 0x8000eb5c (0x4a3f2423) sw      gp, 1192(t5)
core   0: 3 0x8000eb5c (0x4a3f2423) mem 0x80010000 0x00000001
core   0: 0x8000eb60 (0x0000bfe5) c.j     pc - 8
core   0: 3 0x8000eb60 (0xbfe5)
core   0: 0x8000eb58 (0x00001f17) auipc   t5, 0x1
core   0: 3 0x8000eb58 (0x00001f17) x30 0x8000fb58
core   0: 0x8000eb5c (0x4a3f2423) sw      gp, 1192(t5)
core   0: 3 0x8000eb5c (0x4a3f2423) mem 0x80010000 0x00000001
core   0: 0x8000eb60 (0x0000bfe5) c.j     pc - 8
core   0: 3 0x8000eb60 (0xbfe5)
core   0: 0x8000eb58 (0x00001f17) auipc   t5, 0x1
core   0: 3 0x8000eb58 (0x00001f17) x30 0x8000fb58
core   0: 0x8000eb5c (0x4a3f2423) sw      gp, 1192(t5)
core   0: 3 0x8000eb5c (0x4a3f2423) mem 0x80010000 0x00000001
core   0: 0x8000eb60 (0x0000bfe5) c.j     pc - 8
core   0: 3 0x8000eb60 (0xbfe5)
core   0: 0x8000eb58 (0x00001f17) auipc   t5, 0x1
core   0: 3 0x8000eb58 (0x00001f17) x30 0x8000fb58
core   0: 0x8000eb5c (0x4a3f2423) sw      gp, 1192(t5)
core   0: 3 0x8000eb5c (0x4a3f2423) mem 0x80010000 0x00000001
core   0: 0x8000eb60 (0x0000bfe5) c.j     pc - 8
core   0: 3 0x8000eb60 (0xbfe5)
core   0: 0x8000eb58 (0x00001f17) auipc   t5, 0x1
core   0: 3 0x8000eb58 (0x00001f17) x30 0x8000fb58
core   0: 0x8000eb5c (0x4a3f2423) sw      gp, 1192(t5)
core   0: 3 0x8000eb5c (0x4a3f2423) mem 0x80010000 0x00000001
core   0: 0x8000eb60 (0x0000bfe5) c.j     pc - 8
core   0: 3 0x8000eb60 (0xbfe5)
core   0: 0x8000eb58 (0x00001f17) auipc   t5, 0x1
core   0: 3 0x8000eb58 (0x00001f17) x30 0x8000fb58
core   0: 0x8000eb5c (0x4a3f2423) sw      gp, 1192(t5)
core   0: 3 0x8000eb5c (0x4a3f2423) mem 0x80010000 0x00000001
core   0: 0x8000eb60 (0x0000bfe5) c.j     pc - 8
core   0: 3 0x8000eb60 (0xbfe5)
core   0: 0x8000eb58 (0x00001f17) auipc   t5, 0x1
core   0: 3 0x8000eb58 (0x00001f17) x30 0x8000fb58
core   0: 0x8000eb5c (0x4a3f2423) sw      gp, 1192(t5)
core   0: 3 0x8000eb5c (0x4a3f2423) mem 0x80010000 0x00000001
core   0: 0x8000eb60 (0x0000bfe5) c.j     pc - 8
core   0: 3 0x8000eb60 (0xbfe5)
core   0: 0x8000eb58 (0x00001f17) auipc   t5, 0x1
core   0: 3 0x8000eb58 (0x00001f17) x30 0x8000fb58
core   0: 0x8000eb5c (0x4a3f2423) sw      gp, 1192(t5)
core   0: 3 0x8000eb5c (0x4a3f2423) mem 0x80010000 0x00000001
core   0: 0x8000eb60 (0x0000bfe5) c.j     pc - 8
core   0: 3 0x8000eb60 (0xbfe5)
core   0: 0x8000eb58 (0x00001f17) auipc   t5, 0x1
core   0: 3 0x8000eb58 (0x00001f17) x30 0x8000fb58
core   0: 0x8000eb5c (0x4a3f2423) sw      gp, 1192(t5)
core   0: 3 0x8000eb5c (0x4a3f2423) mem 0x80010000 0x00000001
core   0: 0x8000eb60 (0x0000bfe5) c.j     pc - 8
core   0: 3 0x8000eb60 (0xbfe5)
core   0: 0x8000eb58 (0x00001f17) auipc   t5, 0x1
core   0: 3 0x8000eb58 (0x00001f17) x30 0x8000fb58
core   0: 0x8000eb5c (0x4a3f2423) sw      gp, 1192(t5)
core   0: 3 0x8000eb5c (0x4a3f2423) mem 0x80010000 0x00000001
core   0: 0x8000eb60 (0x0000bfe5) c.j     pc - 8
core   0: 3 0x8000eb60 (0xbfe5)
core   0: 0x8000eb58 (0x00001f17) auipc   t5, 0x1
core   0: 3 0x8000eb58 (0x00001f17) x30 0x8000fb58
core   0: 0x8000eb5c (0x4a3f2423) sw      gp, 1192(t5)
core   0: 3 0x8000eb5c (0x4a3f2423) mem 0x80010000 0x00000001
core   0: 0x8000eb60 (0x0000bfe5) c.j     pc - 8
core   0: 3 0x8000eb60 (0xbfe5)
core   0: 0x8000eb58 (0x00001f17) auipc   t5, 0x1
core   0: 3 0x8000eb58 (0x00001f17) x30 0x8000fb58
core   0: 0x8000eb5c (0x4a3f2423) sw      gp, 1192(t5)
core   0: 3 0x8000eb5c (0x4a3f2423) mem 0x80010000 0x00000001
core   0: 0x8000eb60 (0x0000bfe5) c.j     pc - 8
core   0: 3 0x8000eb60 (0xbfe5)
core   0: 0x8000eb58 (0x00001f17) auipc   t5, 0x1
core   0: 3 0x8000eb58 (0x00001f17) x30 0x8000fb58
core   0: 0x8000eb5c (0x4a3f2423) sw      gp, 1192(t5)
core   0: 3 0x8000eb5c (0x4a3f2423) mem 0x80010000 0x00000001
core   0: 0x8000eb60 (0x0000bfe5) c.j     pc - 8
core   0: 3 0x8000eb60 (0xbfe5)
core   0: 0x8000eb58 (0x00001f17) auipc   t5, 0x1
core   0: 3 0x8000eb58 (0x00001f17) x30 0x8000fb58
core   0: 0x8000eb5c (0x4a3f2423) sw      gp, 1192(t5)
core   0: 3 0x8000eb5c (0x4a3f2423) mem 0x80010000 0x00000001
core   0: 0x8000eb60 (0x0000bfe5) c.j     pc - 8
core   0: 3 0x8000eb60 (0xbfe5)
core   0: 0x8000eb58 (0x00001f17) auipc   t5, 0x1
core   0: 3 0x8000eb58 (0x00001f17) x30 0x8000fb58
core   0: 0x8000eb5c (0x4a3f2423) sw      gp, 1192(t5)
core   0: 3 0x8000eb5c (0x4a3f2423) mem 0x80010000 0x00000001
core   0: 0x8000eb60 (0x0000bfe5) c.j     pc - 8
core   0: 3 0x8000eb60 (0xbfe5)
core   0: 0x8000eb58 (0x00001f17) auipc   t5, 0x1
core   0: 3 0x8000eb58 (0x00001f17) x30 0x8000fb58
core   0: 0x8000eb5c (0x4a3f2423) sw      gp, 1192(t5)
core   0: 3 0x8000eb5c (0x4a3f2423) mem 0x80010000 0x00000001
core   0: 0x8000eb60 (0x0000bfe5) c.j     pc - 8
core   0: 3 0x8000eb60 (0xbfe5)
core   0: 0x8000eb58 (0x00001f17) auipc   t5, 0x1
core   0: 3 0x8000eb58 (0x00001f17) x30 0x8000fb58
core   0: 0x8000eb5c (0x4a3f2423) sw      gp, 1192(t5)
core   0: 3 0x8000eb5c (0x4a3f2423) mem 0x80010000 0x00000001
core   0: 0x8000eb60 (0x0000bfe5) c.j     pc - 8
core   0: 3 0x8000eb60 (0xbfe5)
core   0: 0x8000eb58 (0x00001f17) auipc   t5, 0x1
core   0: 3 0x8000eb58 (0x00001f17) x30 0x8000fb58
core   0: 0x8000eb5c (0x4a3f2423) sw      gp, 1192(t5)
core   0: 3 0x8000eb5c (0x4a3f2423) mem 0x80010000 0x00000001
core   0: 0x8000eb60 (0x0000bfe5) c.j     pc - 8
core   0: 3 0x8000eb60 (0xbfe5)
core   0: 0x8000eb58 (0x00001f17) auipc   t5, 0x1
core   0: 3 0x8000eb58 (0x00001f17) x30 0x8000fb58
core   0: 0x8000eb5c (0x4a3f2423) sw      gp, 1192(t5)
core   0: 3 0x8000eb5c (0x4a3f2423) mem 0x80010000 0x00000001
core   0: 0x8000eb60 (0x0000bfe5) c.j     pc - 8
core   0: 3 0x8000eb60 (0xbfe5)
core   0: 0x8000eb58 (0x00001f17) auipc   t5, 0x1
core   0: 3 0x8000eb58 (0x00001f17) x30 0x8000fb58
core   0: 0x8000eb5c (0x4a3f2423) sw      gp, 1192(t5)
core   0: 3 0x8000eb5c (0x4a3f2423) mem 0x80010000 0x00000001
core   0: 0x8000eb60 (0x0000bfe5) c.j     pc - 8
core   0: 3 0x8000eb60 (0xbfe5)
core   0: 0x8000eb58 (0x00001f17) auipc   t5, 0x1
core   0: 3 0x8000eb58 (0x00001f17) x30 0x8000fb58
core   0: 0x8000eb5c (0x4a3f2423) sw      gp, 1192(t5)
core   0: 3 0x8000eb5c (0x4a3f2423) mem 0x80010000 0x00000001
core   0: 0x8000eb60 (0x0000bfe5) c.j     pc - 8
core   0: 3 0x8000eb60 (0xbfe5)
core   0: 0x8000eb58 (0x00001f17) auipc   t5, 0x1
core   0: 3 0x8000eb58 (0x00001f17) x30 0x8000fb58
core   0: 0x8000eb5c (0x4a3f2423) sw      gp, 1192(t5)
core   0: 3 0x8000eb5c (0x4a3f2423) mem 0x80010000 0x00000001
core   0: 0x8000eb60 (0x0000bfe5) c.j     pc - 8
core   0: 3 0x8000eb60 (0xbfe5)
core   0: 0x8000eb58 (0x00001f17) auipc   t5, 0x1
core   0: 3 0x8000eb58 (0x00001f17) x30 0x8000fb58
core   0: 0x8000eb5c (0x4a3f2423) sw      gp, 1192(t5)
core   0: 3 0x8000eb5c (0x4a3f2423) mem 0x80010000 0x00000001
core   0: 0x8000eb60 (0x0000bfe5) c.j     pc - 8
core   0: 3 0x8000eb60 (0xbfe5)
core   0: 0x8000eb58 (0x00001f17) auipc   t5, 0x1
core   0: 3 0x8000eb58 (0x00001f17) x30 0x8000fb58
core   0: 0x8000eb5c (0x4a3f2423) sw      gp, 1192(t5)
core   0: 3 0x8000eb5c (0x4a3f2423) mem 0x80010000 0x00000001
core   0: 0x8000eb60 (0x0000bfe5) c.j     pc - 8
core   0: 3 0x8000eb60 (0xbfe5)
core   0: 0x8000eb58 (0x00001f17) auipc   t5, 0x1
core   0: 3 0x8000eb58 (0x00001f17) x30 0x8000fb58
core   0: 0x8000eb5c (0x4a3f2423) sw      gp, 1192(t5)
core   0: 3 0x8000eb5c (0x4a3f2423) mem 0x80010000 0x00000001
core   0: 0x8000eb60 (0x0000bfe5) c.j     pc - 8
core   0: 3 0x8000eb60 (0xbfe5)
core   0: 0x8000eb58 (0x00001f17) auipc   t5, 0x1
core   0: 3 0x8000eb58 (0x00001f17) x30 0x8000fb58
core   0: 0x8000eb5c (0x4a3f2423) sw      gp, 1192(t5)
core   0: 3 0x8000eb5c (0x4a3f2423) mem 0x80010000 0x00000001
core   0: 0x8000eb60 (0x0000bfe5) c.j     pc - 8
core   0: 3 0x8000eb60 (0xbfe5)
core   0: 0x8000eb58 (0x00001f17) auipc   t5, 0x1
core   0: 3 0x8000eb58 (0x00001f17) x30 0x8000fb58
core   0: 0x8000eb5c (0x4a3f2423) sw      gp, 1192(t5)
core   0: 3 0x8000eb5c (0x4a3f2423) mem 0x80010000 0x00000001
core   0: 0x8000eb60 (0x0000bfe5) c.j     pc - 8
core   0: 3 0x8000eb60 (0xbfe5)
core   0: 0x8000eb58 (0x00001f17) auipc   t5, 0x1
core   0: 3 0x8000eb58 (0x00001f17) x30 0x8000fb58
core   0: 0x8000eb5c (0x4a3f2423) sw      gp, 1192(t5)
core   0: 3 0x8000eb5c (0x4a3f2423) mem 0x80010000 0x00000001
core   0: 0x8000eb60 (0x0000bfe5) c.j     pc - 8
core   0: 3 0x8000eb60 (0xbfe5)
core   0: 0x8000eb58 (0x00001f17) auipc   t5, 0x1
core   0: 3 0x8000eb58 (0x00001f17) x30 0x8000fb58
core   0: 0x8000eb5c (0x4a3f2423) sw      gp, 1192(t5)
core   0: 3 0x8000eb5c (0x4a3f2423) mem 0x80010000 0x00000001
core   0: 0x8000eb60 (0x0000bfe5) c.j     pc - 8
core   0: 3 0x8000eb60 (0xbfe5)
core   0: 0x8000eb58 (0x00001f17) auipc   t5, 0x1
core   0: 3 0x8000eb58 (0x00001f17) x30 0x8000fb58
core   0: 0x8000eb5c (0x4a3f2423) sw      gp, 1192(t5)
core   0: 3 0x8000eb5c (0x4a3f2423) mem 0x80010000 0x00000001
core   0: 0x8000eb60 (0x0000bfe5) c.j     pc - 8
core   0: 3 0x8000eb60 (0xbfe5)
core   0: 0x8000eb58 (0x00001f17) auipc   t5, 0x1
core   0: 3 0x8000eb58 (0x00001f17) x30 0x8000fb58
core   0: 0x8000eb5c (0x4a3f2423) sw      gp, 1192(t5)
core   0: 3 0x8000eb5c (0x4a3f2423) mem 0x80010000 0x00000001
core   0: 0x8000eb60 (0x0000bfe5) c.j     pc - 8
core   0: 3 0x8000eb60 (0xbfe5)
core   0: 0x8000eb58 (0x00001f17) auipc   t5, 0x1
core   0: 3 0x8000eb58 (0x00001f17) x30 0x8000fb58
core   0: 0x8000eb5c (0x4a3f2423) sw      gp, 1192(t5)
core   0: 3 0x8000eb5c (0x4a3f2423) mem 0x80010000 0x00000001
core   0: 0x8000eb60 (0x0000bfe5) c.j     pc - 8
core   0: 3 0x8000eb60 (0xbfe5)
core   0: 0x8000eb58 (0x00001f17) auipc   t5, 0x1
core   0: 3 0x8000eb58 (0x00001f17) x30 0x8000fb58
core   0: 0x8000eb5c (0x4a3f2423) sw      gp, 1192(t5)
core   0: 3 0x8000eb5c (0x4a3f2423) mem 0x80010000 0x00000001
core   0: 0x8000eb60 (0x0000bfe5) c.j     pc - 8
core   0: 3 0x8000eb60 (0xbfe5)
core   0: 0x8000eb58 (0x00001f17) auipc   t5, 0x1
core   0: 3 0x8000eb58 (0x00001f17) x30 0x8000fb58
core   0: 0x8000eb5c (0x4a3f2423) sw      gp, 1192(t5)
core   0: 3 0x8000eb5c (0x4a3f2423) mem 0x80010000 0x00000001
core   0: 0x8000eb60 (0x0000bfe5) c.j     pc - 8
core   0: 3 0x8000eb60 (0xbfe5)
core   0: 0x8000eb58 (0x00001f17) auipc   t5, 0x1
core   0: 3 0x8000eb58 (0x00001f17) x30 0x8000fb58
core   0: 0x8000eb5c (0x4a3f2423) sw      gp, 1192(t5)
core   0: 3 0x8000eb5c (0x4a3f2423) mem 0x80010000 0x00000001
core   0: 0x8000eb60 (0x0000bfe5) c.j     pc - 8
core   0: 3 0x8000eb60 (0xbfe5)
core   0: 0x8000eb58 (0x00001f17) auipc   t5, 0x1
core   0: 3 0x8000eb58 (0x00001f17) x30 0x8000fb58
core   0: 0x8000eb5c (0x4a3f2423) sw      gp, 1192(t5)
core   0: 3 0x8000eb5c (0x4a3f2423) mem 0x80010000 0x00000001
core   0: 0x8000eb60 (0x0000bfe5) c.j     pc - 8
core   0: 3 0x8000eb60 (0xbfe5)
core   0: 0x8000eb58 (0x00001f17) auipc   t5, 0x1
core   0: 3 0x8000eb58 (0x00001f17) x30 0x8000fb58
core   0: 0x8000eb5c (0x4a3f2423) sw      gp, 1192(t5)
core   0: 3 0x8000eb5c (0x4a3f2423) mem 0x80010000 0x00000001
core   0: 0x8000eb60 (0x0000bfe5) c.j     pc - 8
core   0: 3 0x8000eb60 (0xbfe5)
core   0: 0x8000eb58 (0x00001f17) auipc   t5, 0x1
core   0: 3 0x8000eb58 (0x00001f17) x30 0x8000fb58
core   0: 0x8000eb5c (0x4a3f2423) sw      gp, 1192(t5)
core   0: 3 0x8000eb5c (0x4a3f2423) mem 0x80010000 0x00000001
core   0: 0x8000eb60 (0x0000bfe5) c.j     pc - 8
core   0: 3 0x8000eb60 (0xbfe5)
core   0: 0x8000eb58 (0x00001f17) auipc   t5, 0x1
core   0: 3 0x8000eb58 (0x00001f17) x30 0x8000fb58
core   0: 0x8000eb5c (0x4a3f2423) sw      gp, 1192(t5)
core   0: 3 0x8000eb5c (0x4a3f2423) mem 0x80010000 0x00000001
core   0: 0x8000eb60 (0x0000bfe5) c.j     pc - 8
core   0: 3 0x8000eb60 (0xbfe5)
core   0: 0x8000eb58 (0x00001f17) auipc   t5, 0x1
core   0: 3 0x8000eb58 (0x00001f17) x30 0x8000fb58
core   0: 0x8000eb5c (0x4a3f2423) sw      gp, 1192(t5)
core   0: 3 0x8000eb5c (0x4a3f2423) mem 0x80010000 0x00000001
core   0: 0x8000eb60 (0x0000bfe5) c.j     pc - 8
core   0: 3 0x8000eb60 (0xbfe5)
core   0: 0x8000eb58 (0x00001f17) auipc   t5, 0x1
core   0: 3 0x8000eb58 (0x00001f17) x30 0x8000fb58
core   0: 0x8000eb5c (0x4a3f2423) sw      gp, 1192(t5)
core   0: 3 0x8000eb5c (0x4a3f2423) mem 0x80010000 0x00000001
core   0: 0x8000eb60 (0x0000bfe5) c.j     pc - 8
core   0: 3 0x8000eb60 (0xbfe5)
core   0: 0x8000eb58 (0x00001f17) auipc   t5, 0x1
core   0: 3 0x8000eb58 (0x00001f17) x30 0x8000fb58
core   0: 0x8000eb5c (0x4a3f2423) sw      gp, 1192(t5)
core   0: 3 0x8000eb5c (0x4a3f2423) mem 0x80010000 0x00000001
core   0: 0x8000eb60 (0x0000bfe5) c.j     pc - 8
core   0: 3 0x8000eb60 (0xbfe5)
core   0: 0x8000eb58 (0x00001f17) auipc   t5, 0x1
core   0: 3 0x8000eb58 (0x00001f17) x30 0x8000fb58
core   0: 0x8000eb5c (0x4a3f2423) sw      gp, 1192(t5)
core   0: 3 0x8000eb5c (0x4a3f2423) mem 0x80010000 0x00000001
core   0: 0x8000eb60 (0x0000bfe5) c.j     pc - 8
core   0: 3 0x8000eb60 (0xbfe5)
core   0: 0x8000eb58 (0x00001f17) auipc   t5, 0x1
core   0: 3 0x8000eb58 (0x00001f17) x30 0x8000fb58
core   0: 0x8000eb5c (0x4a3f2423) sw      gp, 1192(t5)
core   0: 3 0x8000eb5c (0x4a3f2423) mem 0x80010000 0x00000001
core   0: 0x8000eb60 (0x0000bfe5) c.j     pc - 8
core   0: 3 0x8000eb60 (0xbfe5)
core   0: 0x8000eb58 (0x00001f17) auipc   t5, 0x1
core   0: 3 0x8000eb58 (0x00001f17) x30 0x8000fb58
core   0: 0x8000eb5c (0x4a3f2423) sw      gp, 1192(t5)
core   0: 3 0x8000eb5c (0x4a3f2423) mem 0x80010000 0x00000001
core   0: 0x8000eb60 (0x0000bfe5) c.j     pc - 8
core   0: 3 0x8000eb60 (0xbfe5)
core   0: 0x8000eb58 (0x00001f17) auipc   t5, 0x1
core   0: 3 0x8000eb58 (0x00001f17) x30 0x8000fb58
core   0: 0x8000eb5c (0x4a3f2423) sw      gp, 1192(t5)
core   0: 3 0x8000eb5c (0x4a3f2423) mem 0x80010000 0x00000001
core   0: 0x8000eb60 (0x0000bfe5) c.j     pc - 8
core   0: 3 0x8000eb60 (0xbfe5)
core   0: 0x8000eb58 (0x00001f17) auipc   t5, 0x1
core   0: 3 0x8000eb58 (0x00001f17) x30 0x8000fb58
core   0: 0x8000eb5c (0x4a3f2423) sw      gp, 1192(t5)
core   0: 3 0x8000eb5c (0x4a3f2423) mem 0x80010000 0x00000001
core   0: 0x8000eb60 (0x0000bfe5) c.j     pc - 8
core   0: 3 0x8000eb60 (0xbfe5)
core   0: 0x8000eb58 (0x00001f17) auipc   t5, 0x1
core   0: 3 0x8000eb58 (0x00001f17) x30 0x8000fb58
core   0: 0x8000eb5c (0x4a3f2423) sw      gp, 1192(t5)
core   0: 3 0x8000eb5c (0x4a3f2423) mem 0x80010000 0x00000001
core   0: 0x8000eb60 (0x0000bfe5) c.j     pc - 8
core   0: 3 0x8000eb60 (0xbfe5)
core   0: 0x8000eb58 (0x00001f17) auipc   t5, 0x1
core   0: 3 0x8000eb58 (0x00001f17) x30 0x8000fb58
core   0: 0x8000eb5c (0x4a3f2423) sw      gp, 1192(t5)
core   0: 3 0x8000eb5c (0x4a3f2423) mem 0x80010000 0x00000001
core   0: 0x8000eb60 (0x0000bfe5) c.j     pc - 8
core   0: 3 0x8000eb60 (0xbfe5)
core   0: 0x8000eb58 (0x00001f17) auipc   t5, 0x1
core   0: 3 0x8000eb58 (0x00001f17) x30 0x8000fb58
core   0: 0x8000eb5c (0x4a3f2423) sw      gp, 1192(t5)
core   0: 3 0x8000eb5c (0x4a3f2423) mem 0x80010000 0x00000001
core   0: 0x8000eb60 (0x0000bfe5) c.j     pc - 8
core   0: 3 0x8000eb60 (0xbfe5)
core   0: 0x8000eb58 (0x00001f17) auipc   t5, 0x1
core   0: 3 0x8000eb58 (0x00001f17) x30 0x8000fb58
core   0: 0x8000eb5c (0x4a3f2423) sw      gp, 1192(t5)
core   0: 3 0x8000eb5c (0x4a3f2423) mem 0x80010000 0x00000001
core   0: 0x8000eb60 (0x0000bfe5) c.j     pc - 8
core   0: 3 0x8000eb60 (0xbfe5)
core   0: 0x8000eb58 (0x00001f17) auipc   t5, 0x1
core   0: 3 0x8000eb58 (0x00001f17) x30 0x8000fb58
core   0: 0x8000eb5c (0x4a3f2423) sw      gp, 1192(t5)
core   0: 3 0x8000eb5c (0x4a3f2423) mem 0x80010000 0x00000001
core   0: 0x8000eb60 (0x0000bfe5) c.j     pc - 8
core   0: 3 0x8000eb60 (0xbfe5)
core   0: 0x8000eb58 (0x00001f17) auipc   t5, 0x1
core   0: 3 0x8000eb58 (0x00001f17) x30 0x8000fb58
core   0: 0x8000eb5c (0x4a3f2423) sw      gp, 1192(t5)
core   0: 3 0x8000eb5c (0x4a3f2423) mem 0x80010000 0x00000001
core   0: 0x8000eb60 (0x0000bfe5) c.j     pc - 8
core   0: 3 0x8000eb60 (0xbfe5)
core   0: 0x8000eb58 (0x00001f17) auipc   t5, 0x1
core   0: 3 0x8000eb58 (0x00001f17) x30 0x8000fb58
core   0: 0x8000eb5c (0x4a3f2423) sw      gp, 1192(t5)
core   0: 3 0x8000eb5c (0x4a3f2423) mem 0x80010000 0x00000001
core   0: 0x8000eb60 (0x0000bfe5) c.j     pc - 8
core   0: 3 0x8000eb60 (0xbfe5)
core   0: 0x8000eb58 (0x00001f17) auipc   t5, 0x1
core   0: 3 0x8000eb58 (0x00001f17) x30 0x8000fb58
core   0: 0x8000eb5c (0x4a3f2423) sw      gp, 1192(t5)
core   0: 3 0x8000eb5c (0x4a3f2423) mem 0x80010000 0x00000001
core   0: 0x8000eb60 (0x0000bfe5) c.j     pc - 8
core   0: 3 0x8000eb60 (0xbfe5)
core   0: 0x8000eb58 (0x00001f17) auipc   t5, 0x1
core   0: 3 0x8000eb58 (0x00001f17) x30 0x8000fb58
core   0: 0x8000eb5c (0x4a3f2423) sw      gp, 1192(t5)
core   0: 3 0x8000eb5c (0x4a3f2423) mem 0x80010000 0x00000001
core   0: 0x8000eb60 (0x0000bfe5) c.j     pc - 8
core   0: 3 0x8000eb60 (0xbfe5)
core   0: 0x8000eb58 (0x00001f17) auipc   t5, 0x1
core   0: 3 0x8000eb58 (0x00001f17) x30 0x8000fb58
core   0: 0x8000eb5c (0x4a3f2423) sw      gp, 1192(t5)
core   0: 3 0x8000eb5c (0x4a3f2423) mem 0x80010000 0x00000001
core   0: 0x8000eb60 (0x0000bfe5) c.j     pc - 8
core   0: 3 0x8000eb60 (0xbfe5)
core   0: 0x8000eb58 (0x00001f17) auipc   t5, 0x1
core   0: 3 0x8000eb58 (0x00001f17) x30 0x8000fb58
core   0: 0x8000eb5c (0x4a3f2423) sw      gp, 1192(t5)
core   0: 3 0x8000eb5c (0x4a3f2423) mem 0x80010000 0x00000001
core   0: 0x8000eb60 (0x0000bfe5) c.j     pc - 8
core   0: 3 0x8000eb60 (0xbfe5)
core   0: 0x8000eb58 (0x00001f17) auipc   t5, 0x1
core   0: 3 0x8000eb58 (0x00001f17) x30 0x8000fb58
core   0: 0x8000eb5c (0x4a3f2423) sw      gp, 1192(t5)
core   0: 3 0x8000eb5c (0x4a3f2423) mem 0x80010000 0x00000001
core   0: 0x8000eb60 (0x0000bfe5) c.j     pc - 8
core   0: 3 0x8000eb60 (0xbfe5)
core   0: 0x8000eb58 (0x00001f17) auipc   t5, 0x1
core   0: 3 0x8000eb58 (0x00001f17) x30 0x8000fb58
core   0: 0x8000eb5c (0x4a3f2423) sw      gp, 1192(t5)
core   0: 3 0x8000eb5c (0x4a3f2423) mem 0x80010000 0x00000001
core   0: 0x8000eb60 (0x0000bfe5) c.j     pc - 8
core   0: 3 0x8000eb60 (0xbfe5)
core   0: 0x8000eb58 (0x00001f17) auipc   t5, 0x1
core   0: 3 0x8000eb58 (0x00001f17) x30 0x8000fb58
core   0: 0x8000eb5c (0x4a3f2423) sw      gp, 1192(t5)
core   0: 3 0x8000eb5c (0x4a3f2423) mem 0x80010000 0x00000001
core   0: 0x8000eb60 (0x0000bfe5) c.j     pc - 8
core   0: 3 0x8000eb60 (0xbfe5)
core   0: 0x8000eb58 (0x00001f17) auipc   t5, 0x1
core   0: 3 0x8000eb58 (0x00001f17) x30 0x8000fb58
core   0: 0x8000eb5c (0x4a3f2423) sw      gp, 1192(t5)
core   0: 3 0x8000eb5c (0x4a3f2423) mem 0x80010000 0x00000001
core   0: 0x8000eb60 (0x0000bfe5) c.j     pc - 8
core   0: 3 0x8000eb60 (0xbfe5)
core   0: 0x8000eb58 (0x00001f17) auipc   t5, 0x1
core   0: 3 0x8000eb58 (0x00001f17) x30 0x8000fb58
core   0: 0x8000eb5c (0x4a3f2423) sw      gp, 1192(t5)
core   0: 3 0x8000eb5c (0x4a3f2423) mem 0x80010000 0x00000001
core   0: 0x8000eb60 (0x0000bfe5) c.j     pc - 8
core   0: 3 0x8000eb60 (0xbfe5)
core   0: 0x8000eb58 (0x00001f17) auipc   t5, 0x1
core   0: 3 0x8000eb58 (0x00001f17) x30 0x8000fb58
core   0: 0x8000eb5c (0x4a3f2423) sw      gp, 1192(t5)
core   0: 3 0x8000eb5c (0x4a3f2423) mem 0x80010000 0x00000001
core   0: 0x8000eb60 (0x0000bfe5) c.j     pc - 8
core   0: 3 0x8000eb60 (0xbfe5)
core   0: 0x8000eb58 (0x00001f17) auipc   t5, 0x1
core   0: 3 0x8000eb58 (0x00001f17) x30 0x8000fb58
core   0: 0x8000eb5c (0x4a3f2423) sw      gp, 1192(t5)
core   0: 3 0x8000eb5c (0x4a3f2423) mem 0x80010000 0x00000001
core   0: 0x8000eb60 (0x0000bfe5) c.j     pc - 8
core   0: 3 0x8000eb60 (0xbfe5)
core   0: 0x8000eb58 (0x00001f17) auipc   t5, 0x1
core   0: 3 0x8000eb58 (0x00001f17) x30 0x8000fb58
core   0: 0x8000eb5c (0x4a3f2423) sw      gp, 1192(t5)
core   0: 3 0x8000eb5c (0x4a3f2423) mem 0x80010000 0x00000001
core   0: 0x8000eb60 (0x0000bfe5) c.j     pc - 8
core   0: 3 0x8000eb60 (0xbfe5)
core   0: 0x8000eb58 (0x00001f17) auipc   t5, 0x1
core   0: 3 0x8000eb58 (0x00001f17) x30 0x8000fb58
core   0: 0x8000eb5c (0x4a3f2423) sw      gp, 1192(t5)
core   0: 3 0x8000eb5c (0x4a3f2423) mem 0x80010000 0x00000001
core   0: 0x8000eb60 (0x0000bfe5) c.j     pc - 8
core   0: 3 0x8000eb60 (0xbfe5)
core   0: 0x8000eb58 (0x00001f17) auipc   t5, 0x1
core   0: 3 0x8000eb58 (0x00001f17) x30 0x8000fb58
core   0: 0x8000eb5c (0x4a3f2423) sw      gp, 1192(t5)
core   0: 3 0x8000eb5c (0x4a3f2423) mem 0x80010000 0x00000001
core   0: 0x8000eb60 (0x0000bfe5) c.j     pc - 8
core   0: 3 0x8000eb60 (0xbfe5)
core   0: 0x8000eb58 (0x00001f17) auipc   t5, 0x1
core   0: 3 0x8000eb58 (0x00001f17) x30 0x8000fb58
core   0: 0x8000eb5c (0x4a3f2423) sw      gp, 1192(t5)
core   0: 3 0x8000eb5c (0x4a3f2423) mem 0x80010000 0x00000001
core   0: 0x8000eb60 (0x0000bfe5) c.j     pc - 8
core   0: 3 0x8000eb60 (0xbfe5)
core   0: 0x8000eb58 (0x00001f17) auipc   t5, 0x1
core   0: 3 0x8000eb58 (0x00001f17) x30 0x8000fb58
core   0: 0x8000eb5c (0x4a3f2423) sw      gp, 1192(t5)
core   0: 3 0x8000eb5c (0x4a3f2423) mem 0x80010000 0x00000001
core   0: 0x8000eb60 (0x0000bfe5) c.j     pc - 8
core   0: 3 0x8000eb60 (0xbfe5)
core   0: 0x8000eb58 (0x00001f17) auipc   t5, 0x1
core   0: 3 0x8000eb58 (0x00001f17) x30 0x8000fb58
core   0: 0x8000eb5c (0x4a3f2423) sw      gp, 1192(t5)
core   0: 3 0x8000eb5c (0x4a3f2423) mem 0x80010000 0x00000001
core   0: 0x8000eb60 (0x0000bfe5) c.j     pc - 8
core   0: 3 0x8000eb60 (0xbfe5)
core   0: 0x8000eb58 (0x00001f17) auipc   t5, 0x1
core   0: 3 0x8000eb58 (0x00001f17) x30 0x8000fb58
core   0: 0x8000eb5c (0x4a3f2423) sw      gp, 1192(t5)
core   0: 3 0x8000eb5c (0x4a3f2423) mem 0x80010000 0x00000001
core   0: 0x8000eb60 (0x0000bfe5) c.j     pc - 8
core   0: 3 0x8000eb60 (0xbfe5)
core   0: 0x8000eb58 (0x00001f17) auipc   t5, 0x1
core   0: 3 0x8000eb58 (0x00001f17) x30 0x8000fb58
core   0: 0x8000eb5c (0x4a3f2423) sw      gp, 1192(t5)
core   0: 3 0x8000eb5c (0x4a3f2423) mem 0x80010000 0x00000001
core   0: 0x8000eb60 (0x0000bfe5) c.j     pc - 8
core   0: 3 0x8000eb60 (0xbfe5)
core   0: 0x8000eb58 (0x00001f17) auipc   t5, 0x1
core   0: 3 0x8000eb58 (0x00001f17) x30 0x8000fb58
core   0: 0x8000eb5c (0x4a3f2423) sw      gp, 1192(t5)
core   0: 3 0x8000eb5c (0x4a3f2423) mem 0x80010000 0x00000001
core   0: 0x8000eb60 (0x0000bfe5) c.j     pc - 8
core   0: 3 0x8000eb60 (0xbfe5)
core   0: 0x8000eb58 (0x00001f17) auipc   t5, 0x1
core   0: 3 0x8000eb58 (0x00001f17) x30 0x8000fb58
core   0: 0x8000eb5c (0x4a3f2423) sw      gp, 1192(t5)
core   0: 3 0x8000eb5c (0x4a3f2423) mem 0x80010000 0x00000001
core   0: 0x8000eb60 (0x0000bfe5) c.j     pc - 8
core   0: 3 0x8000eb60 (0xbfe5)
core   0: 0x8000eb58 (0x00001f17) auipc   t5, 0x1
core   0: 3 0x8000eb58 (0x00001f17) x30 0x8000fb58
core   0: 0x8000eb5c (0x4a3f2423) sw      gp, 1192(t5)
core   0: 3 0x8000eb5c (0x4a3f2423) mem 0x80010000 0x00000001
core   0: 0x8000eb60 (0x0000bfe5) c.j     pc - 8
core   0: 3 0x8000eb60 (0xbfe5)
core   0: 0x8000eb58 (0x00001f17) auipc   t5, 0x1
core   0: 3 0x8000eb58 (0x00001f17) x30 0x8000fb58
core   0: 0x8000eb5c (0x4a3f2423) sw      gp, 1192(t5)
core   0: 3 0x8000eb5c (0x4a3f2423) mem 0x80010000 0x00000001
core   0: 0x8000eb60 (0x0000bfe5) c.j     pc - 8
core   0: 3 0x8000eb60 (0xbfe5)
core   0: 0x8000eb58 (0x00001f17) auipc   t5, 0x1
core   0: 3 0x8000eb58 (0x00001f17) x30 0x8000fb58
core   0: 0x8000eb5c (0x4a3f2423) sw      gp, 1192(t5)
core   0: 3 0x8000eb5c (0x4a3f2423) mem 0x80010000 0x00000001
core   0: 0x8000eb60 (0x0000bfe5) c.j     pc - 8
core   0: 3 0x8000eb60 (0xbfe5)
core   0: 0x8000eb58 (0x00001f17) auipc   t5, 0x1
core   0: 3 0x8000eb58 (0x00001f17) x30 0x8000fb58
core   0: 0x8000eb5c (0x4a3f2423) sw      gp, 1192(t5)
core   0: 3 0x8000eb5c (0x4a3f2423) mem 0x80010000 0x00000001
core   0: 0x8000eb60 (0x0000bfe5) c.j     pc - 8
core   0: 3 0x8000eb60 (0xbfe5)
core   0: 0x8000eb58 (0x00001f17) auipc   t5, 0x1
core   0: 3 0x8000eb58 (0x00001f17) x30 0x8000fb58
core   0: 0x8000eb5c (0x4a3f2423) sw      gp, 1192(t5)
core   0: 3 0x8000eb5c (0x4a3f2423) mem 0x80010000 0x00000001
core   0: 0x8000eb60 (0x0000bfe5) c.j     pc - 8
core   0: 3 0x8000eb60 (0xbfe5)
core   0: 0x8000eb58 (0x00001f17) auipc   t5, 0x1
core   0: 3 0x8000eb58 (0x00001f17) x30 0x8000fb58
core   0: 0x8000eb5c (0x4a3f2423) sw      gp, 1192(t5)
core   0: 3 0x8000eb5c (0x4a3f2423) mem 0x80010000 0x00000001
core   0: 0x8000eb60 (0x0000bfe5) c.j     pc - 8
core   0: 3 0x8000eb60 (0xbfe5)
core   0: 0x8000eb58 (0x00001f17) auipc   t5, 0x1
core   0: 3 0x8000eb58 (0x00001f17) x30 0x8000fb58
core   0: 0x8000eb5c (0x4a3f2423) sw      gp, 1192(t5)
core   0: 3 0x8000eb5c (0x4a3f2423) mem 0x80010000 0x00000001
core   0: 0x8000eb60 (0x0000bfe5) c.j     pc - 8
core   0: 3 0x8000eb60 (0xbfe5)
core   0: 0x8000eb58 (0x00001f17) auipc   t5, 0x1
core   0: 3 0x8000eb58 (0x00001f17) x30 0x8000fb58
core   0: 0x8000eb5c (0x4a3f2423) sw      gp, 1192(t5)
core   0: 3 0x8000eb5c (0x4a3f2423) mem 0x80010000 0x00000001
core   0: 0x8000eb60 (0x0000bfe5) c.j     pc - 8
core   0: 3 0x8000eb60 (0xbfe5)
core   0: 0x8000eb58 (0x00001f17) auipc   t5, 0x1
core   0: 3 0x8000eb58 (0x00001f17) x30 0x8000fb58
core   0: 0x8000eb5c (0x4a3f2423) sw      gp, 1192(t5)
core   0: 3 0x8000eb5c (0x4a3f2423) mem 0x80010000 0x00000001
core   0: 0x8000eb60 (0x0000bfe5) c.j     pc - 8
core   0: 3 0x8000eb60 (0xbfe5)
core   0: 0x8000eb58 (0x00001f17) auipc   t5, 0x1
core   0: 3 0x8000eb58 (0x00001f17) x30 0x8000fb58
core   0: 0x8000eb5c (0x4a3f2423) sw      gp, 1192(t5)
core   0: 3 0x8000eb5c (0x4a3f2423) mem 0x80010000 0x00000001
core   0: 0x8000eb60 (0x0000bfe5) c.j     pc - 8
core   0: 3 0x8000eb60 (0xbfe5)
core   0: 0x8000eb58 (0x00001f17) auipc   t5, 0x1
core   0: 3 0x8000eb58 (0x00001f17) x30 0x8000fb58
core   0: 0x8000eb5c (0x4a3f2423) sw      gp, 1192(t5)
core   0: 3 0x8000eb5c (0x4a3f2423) mem 0x80010000 0x00000001
core   0: 0x8000eb60 (0x0000bfe5) c.j     pc - 8
core   0: 3 0x8000eb60 (0xbfe5)
core   0: 0x8000eb58 (0x00001f17) auipc   t5, 0x1
core   0: 3 0x8000eb58 (0x00001f17) x30 0x8000fb58
core   0: 0x8000eb5c (0x4a3f2423) sw      gp, 1192(t5)
core   0: 3 0x8000eb5c (0x4a3f2423) mem 0x80010000 0x00000001
core   0: 0x8000eb60 (0x0000bfe5) c.j     pc - 8
core   0: 3 0x8000eb60 (0xbfe5)
core   0: 0x8000eb58 (0x00001f17) auipc   t5, 0x1
core   0: 3 0x8000eb58 (0x00001f17) x30 0x8000fb58
core   0: 0x8000eb5c (0x4a3f2423) sw      gp, 1192(t5)
core   0: 3 0x8000eb5c (0x4a3f2423) mem 0x80010000 0x00000001
core   0: 0x8000eb60 (0x0000bfe5) c.j     pc - 8
core   0: 3 0x8000eb60 (0xbfe5)
core   0: 0x8000eb58 (0x00001f17) auipc   t5, 0x1
core   0: 3 0x8000eb58 (0x00001f17) x30 0x8000fb58
core   0: 0x8000eb5c (0x4a3f2423) sw      gp, 1192(t5)
core   0: 3 0x8000eb5c (0x4a3f2423) mem 0x80010000 0x00000001
core   0: 0x8000eb60 (0x0000bfe5) c.j     pc - 8
core   0: 3 0x8000eb60 (0xbfe5)
core   0: 0x8000eb58 (0x00001f17) auipc   t5, 0x1
core   0: 3 0x8000eb58 (0x00001f17) x30 0x8000fb58
core   0: 0x8000eb5c (0x4a3f2423) sw      gp, 1192(t5)
core   0: 3 0x8000eb5c (0x4a3f2423) mem 0x80010000 0x00000001
core   0: 0x8000eb60 (0x0000bfe5) c.j     pc - 8
core   0: 3 0x8000eb60 (0xbfe5)
core   0: 0x8000eb58 (0x00001f17) auipc   t5, 0x1
core   0: 3 0x8000eb58 (0x00001f17) x30 0x8000fb58
core   0: 0x8000eb5c (0x4a3f2423) sw      gp, 1192(t5)
core   0: 3 0x8000eb5c (0x4a3f2423) mem 0x80010000 0x00000001
core   0: 0x8000eb60 (0x0000bfe5) c.j     pc - 8
core   0: 3 0x8000eb60 (0xbfe5)
core   0: 0x8000eb58 (0x00001f17) auipc   t5, 0x1
core   0: 3 0x8000eb58 (0x00001f17) x30 0x8000fb58
core   0: 0x8000eb5c (0x4a3f2423) sw      gp, 1192(t5)
core   0: 3 0x8000eb5c (0x4a3f2423) mem 0x80010000 0x00000001
core   0: 0x8000eb60 (0x0000bfe5) c.j     pc - 8
core   0: 3 0x8000eb60 (0xbfe5)
core   0: 0x8000eb58 (0x00001f17) auipc   t5, 0x1
core   0: 3 0x8000eb58 (0x00001f17) x30 0x8000fb58
core   0: 0x8000eb5c (0x4a3f2423) sw      gp, 1192(t5)
core   0: 3 0x8000eb5c (0x4a3f2423) mem 0x80010000 0x00000001
core   0: 0x8000eb60 (0x0000bfe5) c.j     pc - 8
core   0: 3 0x8000eb60 (0xbfe5)
core   0: 0x8000eb58 (0x00001f17) auipc   t5, 0x1
core   0: 3 0x8000eb58 (0x00001f17) x30 0x8000fb58
core   0: 0x8000eb5c (0x4a3f2423) sw      gp, 1192(t5)
core   0: 3 0x8000eb5c (0x4a3f2423) mem 0x80010000 0x00000001
core   0: 0x8000eb60 (0x0000bfe5) c.j     pc - 8
core   0: 3 0x8000eb60 (0xbfe5)
core   0: 0x8000eb58 (0x00001f17) auipc   t5, 0x1
core   0: 3 0x8000eb58 (0x00001f17) x30 0x8000fb58
core   0: 0x8000eb5c (0x4a3f2423) sw      gp, 1192(t5)
core   0: 3 0x8000eb5c (0x4a3f2423) mem 0x80010000 0x00000001
core   0: 0x8000eb60 (0x0000bfe5) c.j     pc - 8
core   0: 3 0x8000eb60 (0xbfe5)
core   0: 0x8000eb58 (0x00001f17) auipc   t5, 0x1
core   0: 3 0x8000eb58 (0x00001f17) x30 0x8000fb58
core   0: 0x8000eb5c (0x4a3f2423) sw      gp, 1192(t5)
core   0: 3 0x8000eb5c (0x4a3f2423) mem 0x80010000 0x00000001
core   0: 0x8000eb60 (0x0000bfe5) c.j     pc - 8
core   0: 3 0x8000eb60 (0xbfe5)
core   0: 0x8000eb58 (0x00001f17) auipc   t5, 0x1
core   0: 3 0x8000eb58 (0x00001f17) x30 0x8000fb58
core   0: 0x8000eb5c (0x4a3f2423) sw      gp, 1192(t5)
core   0: 3 0x8000eb5c (0x4a3f2423) mem 0x80010000 0x00000001
core   0: 0x8000eb60 (0x0000bfe5) c.j     pc - 8
core   0: 3 0x8000eb60 (0xbfe5)
core   0: 0x8000eb58 (0x00001f17) auipc   t5, 0x1
core   0: 3 0x8000eb58 (0x00001f17) x30 0x8000fb58
core   0: 0x8000eb5c (0x4a3f2423) sw      gp, 1192(t5)
core   0: 3 0x8000eb5c (0x4a3f2423) mem 0x80010000 0x00000001
core   0: 0x8000eb60 (0x0000bfe5) c.j     pc - 8
core   0: 3 0x8000eb60 (0xbfe5)
core   0: 0x8000eb58 (0x00001f17) auipc   t5, 0x1
core   0: 3 0x8000eb58 (0x00001f17) x30 0x8000fb58
core   0: 0x8000eb5c (0x4a3f2423) sw      gp, 1192(t5)
core   0: 3 0x8000eb5c (0x4a3f2423) mem 0x80010000 0x00000001
core   0: 0x8000eb60 (0x0000bfe5) c.j     pc - 8
core   0: 3 0x8000eb60 (0xbfe5)
core   0: 0x8000eb58 (0x00001f17) auipc   t5, 0x1
core   0: 3 0x8000eb58 (0x00001f17) x30 0x8000fb58
core   0: 0x8000eb5c (0x4a3f2423) sw      gp, 1192(t5)
core   0: 3 0x8000eb5c (0x4a3f2423) mem 0x80010000 0x00000001
core   0: 0x8000eb60 (0x0000bfe5) c.j     pc - 8
core   0: 3 0x8000eb60 (0xbfe5)
core   0: 0x8000eb58 (0x00001f17) auipc   t5, 0x1
core   0: 3 0x8000eb58 (0x00001f17) x30 0x8000fb58
core   0: 0x8000eb5c (0x4a3f2423) sw      gp, 1192(t5)
core   0: 3 0x8000eb5c (0x4a3f2423) mem 0x80010000 0x00000001
core   0: 0x8000eb60 (0x0000bfe5) c.j     pc - 8
core   0: 3 0x8000eb60 (0xbfe5)
core   0: 0x8000eb58 (0x00001f17) auipc   t5, 0x1
core   0: 3 0x8000eb58 (0x00001f17) x30 0x8000fb58
core   0: 0x8000eb5c (0x4a3f2423) sw      gp, 1192(t5)
core   0: 3 0x8000eb5c (0x4a3f2423) mem 0x80010000 0x00000001
core   0: 0x8000eb60 (0x0000bfe5) c.j     pc - 8
core   0: 3 0x8000eb60 (0xbfe5)
core   0: 0x8000eb58 (0x00001f17) auipc   t5, 0x1
core   0: 3 0x8000eb58 (0x00001f17) x30 0x8000fb58
core   0: 0x8000eb5c (0x4a3f2423) sw      gp, 1192(t5)
core   0: 3 0x8000eb5c (0x4a3f2423) mem 0x80010000 0x00000001
core   0: 0x8000eb60 (0x0000bfe5) c.j     pc - 8
core   0: 3 0x8000eb60 (0xbfe5)
core   0: 0x8000eb58 (0x00001f17) auipc   t5, 0x1
core   0: 3 0x8000eb58 (0x00001f17) x30 0x8000fb58
core   0: 0x8000eb5c (0x4a3f2423) sw      gp, 1192(t5)
core   0: 3 0x8000eb5c (0x4a3f2423) mem 0x80010000 0x00000001
core   0: 0x8000eb60 (0x0000bfe5) c.j     pc - 8
core   0: 3 0x8000eb60 (0xbfe5)
core   0: 0x8000eb58 (0x00001f17) auipc   t5, 0x1
core   0: 3 0x8000eb58 (0x00001f17) x30 0x8000fb58
core   0: 0x8000eb5c (0x4a3f2423) sw      gp, 1192(t5)
core   0: 3 0x8000eb5c (0x4a3f2423) mem 0x80010000 0x00000001
core   0: 0x8000eb60 (0x0000bfe5) c.j     pc - 8
core   0: 3 0x8000eb60 (0xbfe5)
core   0: 0x8000eb58 (0x00001f17) auipc   t5, 0x1
core   0: 3 0x8000eb58 (0x00001f17) x30 0x8000fb58
core   0: 0x8000eb5c (0x4a3f2423) sw      gp, 1192(t5)
core   0: 3 0x8000eb5c (0x4a3f2423) mem 0x80010000 0x00000001
core   0: 0x8000eb60 (0x0000bfe5) c.j     pc - 8
core   0: 3 0x8000eb60 (0xbfe5)
core   0: 0x8000eb58 (0x00001f17) auipc   t5, 0x1
core   0: 3 0x8000eb58 (0x00001f17) x30 0x8000fb58
core   0: 0x8000eb5c (0x4a3f2423) sw      gp, 1192(t5)
core   0: 3 0x8000eb5c (0x4a3f2423) mem 0x80010000 0x00000001
core   0: 0x8000eb60 (0x0000bfe5) c.j     pc - 8
core   0: 3 0x8000eb60 (0xbfe5)
core   0: 0x8000eb58 (0x00001f17) auipc   t5, 0x1
core   0: 3 0x8000eb58 (0x00001f17) x30 0x8000fb58
core   0: 0x8000eb5c (0x4a3f2423) sw      gp, 1192(t5)
core   0: 3 0x8000eb5c (0x4a3f2423) mem 0x80010000 0x00000001
core   0: 0x8000eb60 (0x0000bfe5) c.j     pc - 8
core   0: 3 0x8000eb60 (0xbfe5)
core   0: 0x8000eb58 (0x00001f17) auipc   t5, 0x1
core   0: 3 0x8000eb58 (0x00001f17) x30 0x8000fb58
core   0: 0x8000eb5c (0x4a3f2423) sw      gp, 1192(t5)
core   0: 3 0x8000eb5c (0x4a3f2423) mem 0x80010000 0x00000001
core   0: 0x8000eb60 (0x0000bfe5) c.j     pc - 8
core   0: 3 0x8000eb60 (0xbfe5)
core   0: 0x8000eb58 (0x00001f17) auipc   t5, 0x1
core   0: 3 0x8000eb58 (0x00001f17) x30 0x8000fb58
core   0: 0x8000eb5c (0x4a3f2423) sw      gp, 1192(t5)
core   0: 3 0x8000eb5c (0x4a3f2423) mem 0x80010000 0x00000001
core   0: 0x8000eb60 (0x0000bfe5) c.j     pc - 8
core   0: 3 0x8000eb60 (0xbfe5)
core   0: 0x8000eb58 (0x00001f17) auipc   t5, 0x1
core   0: 3 0x8000eb58 (0x00001f17) x30 0x8000fb58
core   0: 0x8000eb5c (0x4a3f2423) sw      gp, 1192(t5)
core   0: 3 0x8000eb5c (0x4a3f2423) mem 0x80010000 0x00000001
core   0: 0x8000eb60 (0x0000bfe5) c.j     pc - 8
core   0: 3 0x8000eb60 (0xbfe5)
core   0: 0x8000eb58 (0x00001f17) auipc   t5, 0x1
core   0: 3 0x8000eb58 (0x00001f17) x30 0x8000fb58
core   0: 0x8000eb5c (0x4a3f2423) sw      gp, 1192(t5)
core   0: 3 0x8000eb5c (0x4a3f2423) mem 0x80010000 0x00000001
core   0: 0x8000eb60 (0x0000bfe5) c.j     pc - 8
core   0: 3 0x8000eb60 (0xbfe5)
core   0: 0x8000eb58 (0x00001f17) auipc   t5, 0x1
core   0: 3 0x8000eb58 (0x00001f17) x30 0x8000fb58
core   0: 0x8000eb5c (0x4a3f2423) sw      gp, 1192(t5)
core   0: 3 0x8000eb5c (0x4a3f2423) mem 0x80010000 0x00000001
core   0: 0x8000eb60 (0x0000bfe5) c.j     pc - 8
core   0: 3 0x8000eb60 (0xbfe5)
core   0: 0x8000eb58 (0x00001f17) auipc   t5, 0x1
core   0: 3 0x8000eb58 (0x00001f17) x30 0x8000fb58
core   0: 0x8000eb5c (0x4a3f2423) sw      gp, 1192(t5)
core   0: 3 0x8000eb5c (0x4a3f2423) mem 0x80010000 0x00000001
core   0: 0x8000eb60 (0x0000bfe5) c.j     pc - 8
core   0: 3 0x8000eb60 (0xbfe5)
core   0: 0x8000eb58 (0x00001f17) auipc   t5, 0x1
core   0: 3 0x8000eb58 (0x00001f17) x30 0x8000fb58
core   0: 0x8000eb5c (0x4a3f2423) sw      gp, 1192(t5)
core   0: 3 0x8000eb5c (0x4a3f2423) mem 0x80010000 0x00000001
core   0: 0x8000eb60 (0x0000bfe5) c.j     pc - 8
core   0: 3 0x8000eb60 (0xbfe5)
core   0: 0x8000eb58 (0x00001f17) auipc   t5, 0x1
core   0: 3 0x8000eb58 (0x00001f17) x30 0x8000fb58
core   0: 0x8000eb5c (0x4a3f2423) sw      gp, 1192(t5)
core   0: 3 0x8000eb5c (0x4a3f2423) mem 0x80010000 0x00000001
core   0: 0x8000eb60 (0x0000bfe5) c.j     pc - 8
core   0: 3 0x8000eb60 (0xbfe5)
core   0: 0x8000eb58 (0x00001f17) auipc   t5, 0x1
core   0: 3 0x8000eb58 (0x00001f17) x30 0x8000fb58
core   0: 0x8000eb5c (0x4a3f2423) sw      gp, 1192(t5)
core   0: 3 0x8000eb5c (0x4a3f2423) mem 0x80010000 0x00000001
core   0: 0x8000eb60 (0x0000bfe5) c.j     pc - 8
core   0: 3 0x8000eb60 (0xbfe5)
core   0: 0x8000eb58 (0x00001f17) auipc   t5, 0x1
core   0: 3 0x8000eb58 (0x00001f17) x30 0x8000fb58
core   0: 0x8000eb5c (0x4a3f2423) sw      gp, 1192(t5)
core   0: 3 0x8000eb5c (0x4a3f2423) mem 0x80010000 0x00000001
core   0: 0x8000eb60 (0x0000bfe5) c.j     pc - 8
core   0: 3 0x8000eb60 (0xbfe5)
core   0: 0x8000eb58 (0x00001f17) auipc   t5, 0x1
core   0: 3 0x8000eb58 (0x00001f17) x30 0x8000fb58
core   0: 0x8000eb5c (0x4a3f2423) sw      gp, 1192(t5)
core   0: 3 0x8000eb5c (0x4a3f2423) mem 0x80010000 0x00000001
core   0: 0x8000eb60 (0x0000bfe5) c.j     pc - 8
core   0: 3 0x8000eb60 (0xbfe5)
core   0: 0x8000eb58 (0x00001f17) auipc   t5, 0x1
core   0: 3 0x8000eb58 (0x00001f17) x30 0x8000fb58
core   0: 0x8000eb5c (0x4a3f2423) sw      gp, 1192(t5)
core   0: 3 0x8000eb5c (0x4a3f2423) mem 0x80010000 0x00000001
core   0: 0x8000eb60 (0x0000bfe5) c.j     pc - 8
core   0: 3 0x8000eb60 (0xbfe5)
core   0: 0x8000eb58 (0x00001f17) auipc   t5, 0x1
core   0: 3 0x8000eb58 (0x00001f17) x30 0x8000fb58
core   0: 0x8000eb5c (0x4a3f2423) sw      gp, 1192(t5)
core   0: 3 0x8000eb5c (0x4a3f2423) mem 0x80010000 0x00000001
core   0: 0x8000eb60 (0x0000bfe5) c.j     pc - 8
core   0: 3 0x8000eb60 (0xbfe5)
core   0: 0x8000eb58 (0x00001f17) auipc   t5, 0x1
core   0: 3 0x8000eb58 (0x00001f17) x30 0x8000fb58
core   0: 0x8000eb5c (0x4a3f2423) sw      gp, 1192(t5)
core   0: 3 0x8000eb5c (0x4a3f2423) mem 0x80010000 0x00000001
core   0: 0x8000eb60 (0x0000bfe5) c.j     pc - 8
core   0: 3 0x8000eb60 (0xbfe5)
core   0: 0x8000eb58 (0x00001f17) auipc   t5, 0x1
core   0: 3 0x8000eb58 (0x00001f17) x30 0x8000fb58
core   0: 0x8000eb5c (0x4a3f2423) sw      gp, 1192(t5)
core   0: 3 0x8000eb5c (0x4a3f2423) mem 0x80010000 0x00000001
core   0: 0x8000eb60 (0x0000bfe5) c.j     pc - 8
core   0: 3 0x8000eb60 (0xbfe5)
core   0: 0x8000eb58 (0x00001f17) auipc   t5, 0x1
core   0: 3 0x8000eb58 (0x00001f17) x30 0x8000fb58
core   0: 0x8000eb5c (0x4a3f2423) sw      gp, 1192(t5)
core   0: 3 0x8000eb5c (0x4a3f2423) mem 0x80010000 0x00000001
core   0: 0x8000eb60 (0x0000bfe5) c.j     pc - 8
core   0: 3 0x8000eb60 (0xbfe5)
core   0: 0x8000eb58 (0x00001f17) auipc   t5, 0x1
core   0: 3 0x8000eb58 (0x00001f17) x30 0x8000fb58
core   0: 0x8000eb5c (0x4a3f2423) sw      gp, 1192(t5)
core   0: 3 0x8000eb5c (0x4a3f2423) mem 0x80010000 0x00000001
core   0: 0x8000eb60 (0x0000bfe5) c.j     pc - 8
core   0: 3 0x8000eb60 (0xbfe5)
core   0: 0x8000eb58 (0x00001f17) auipc   t5, 0x1
core   0: 3 0x8000eb58 (0x00001f17) x30 0x8000fb58
core   0: 0x8000eb5c (0x4a3f2423) sw      gp, 1192(t5)
core   0: 3 0x8000eb5c (0x4a3f2423) mem 0x80010000 0x00000001
core   0: 0x8000eb60 (0x0000bfe5) c.j     pc - 8
core   0: 3 0x8000eb60 (0xbfe5)
core   0: 0x8000eb58 (0x00001f17) auipc   t5, 0x1
core   0: 3 0x8000eb58 (0x00001f17) x30 0x8000fb58
core   0: 0x8000eb5c (0x4a3f2423) sw      gp, 1192(t5)
core   0: 3 0x8000eb5c (0x4a3f2423) mem 0x80010000 0x00000001
core   0: 0x8000eb60 (0x0000bfe5) c.j     pc - 8
core   0: 3 0x8000eb60 (0xbfe5)
core   0: 0x8000eb58 (0x00001f17) auipc   t5, 0x1
core   0: 3 0x8000eb58 (0x00001f17) x30 0x8000fb58
core   0: 0x8000eb5c (0x4a3f2423) sw      gp, 1192(t5)
core   0: 3 0x8000eb5c (0x4a3f2423) mem 0x80010000 0x00000001
core   0: 0x8000eb60 (0x0000bfe5) c.j     pc - 8
core   0: 3 0x8000eb60 (0xbfe5)
core   0: 0x8000eb58 (0x00001f17) auipc   t5, 0x1
core   0: 3 0x8000eb58 (0x00001f17) x30 0x8000fb58
core   0: 0x8000eb5c (0x4a3f2423) sw      gp, 1192(t5)
core   0: 3 0x8000eb5c (0x4a3f2423) mem 0x80010000 0x00000001
core   0: 0x8000eb60 (0x0000bfe5) c.j     pc - 8
core   0: 3 0x8000eb60 (0xbfe5)
core   0: 0x8000eb58 (0x00001f17) auipc   t5, 0x1
core   0: 3 0x8000eb58 (0x00001f17) x30 0x8000fb58
core   0: 0x8000eb5c (0x4a3f2423) sw      gp, 1192(t5)
core   0: 3 0x8000eb5c (0x4a3f2423) mem 0x80010000 0x00000001
core   0: 0x8000eb60 (0x0000bfe5) c.j     pc - 8
core   0: 3 0x8000eb60 (0xbfe5)
core   0: 0x8000eb58 (0x00001f17) auipc   t5, 0x1
core   0: 3 0x8000eb58 (0x00001f17) x30 0x8000fb58
core   0: 0x8000eb5c (0x4a3f2423) sw      gp, 1192(t5)
core   0: 3 0x8000eb5c (0x4a3f2423) mem 0x80010000 0x00000001
core   0: 0x8000eb60 (0x0000bfe5) c.j     pc - 8
core   0: 3 0x8000eb60 (0xbfe5)
core   0: 0x8000eb58 (0x00001f17) auipc   t5, 0x1
core   0: 3 0x8000eb58 (0x00001f17) x30 0x8000fb58
core   0: 0x8000eb5c (0x4a3f2423) sw      gp, 1192(t5)
core   0: 3 0x8000eb5c (0x4a3f2423) mem 0x80010000 0x00000001
core   0: 0x8000eb60 (0x0000bfe5) c.j     pc - 8
core   0: 3 0x8000eb60 (0xbfe5)
core   0: 0x8000eb58 (0x00001f17) auipc   t5, 0x1
core   0: 3 0x8000eb58 (0x00001f17) x30 0x8000fb58
core   0: 0x8000eb5c (0x4a3f2423) sw      gp, 1192(t5)
core   0: 3 0x8000eb5c (0x4a3f2423) mem 0x80010000 0x00000001
core   0: 0x8000eb60 (0x0000bfe5) c.j     pc - 8
core   0: 3 0x8000eb60 (0xbfe5)
core   0: 0x8000eb58 (0x00001f17) auipc   t5, 0x1
core   0: 3 0x8000eb58 (0x00001f17) x30 0x8000fb58
core   0: 0x8000eb5c (0x4a3f2423) sw      gp, 1192(t5)
core   0: 3 0x8000eb5c (0x4a3f2423) mem 0x80010000 0x00000001
core   0: 0x8000eb60 (0x0000bfe5) c.j     pc - 8
core   0: 3 0x8000eb60 (0xbfe5)
core   0: 0x8000eb58 (0x00001f17) auipc   t5, 0x1
core   0: 3 0x8000eb58 (0x00001f17) x30 0x8000fb58
core   0: 0x8000eb5c (0x4a3f2423) sw      gp, 1192(t5)
core   0: 3 0x8000eb5c (0x4a3f2423) mem 0x80010000 0x00000001
core   0: 0x8000eb60 (0x0000bfe5) c.j     pc - 8
core   0: 3 0x8000eb60 (0xbfe5)
core   0: 0x8000eb58 (0x00001f17) auipc   t5, 0x1
core   0: 3 0x8000eb58 (0x00001f17) x30 0x8000fb58
core   0: 0x8000eb5c (0x4a3f2423) sw      gp, 1192(t5)
core   0: 3 0x8000eb5c (0x4a3f2423) mem 0x80010000 0x00000001
core   0: 0x8000eb60 (0x0000bfe5) c.j     pc - 8
core   0: 3 0x8000eb60 (0xbfe5)
core   0: 0x8000eb58 (0x00001f17) auipc   t5, 0x1
core   0: 3 0x8000eb58 (0x00001f17) x30 0x8000fb58
core   0: 0x8000eb5c (0x4a3f2423) sw      gp, 1192(t5)
core   0: 3 0x8000eb5c (0x4a3f2423) mem 0x80010000 0x00000001
core   0: 0x8000eb60 (0x0000bfe5) c.j     pc - 8
core   0: 3 0x8000eb60 (0xbfe5)
core   0: 0x8000eb58 (0x00001f17) auipc   t5, 0x1
core   0: 3 0x8000eb58 (0x00001f17) x30 0x8000fb58
core   0: 0x8000eb5c (0x4a3f2423) sw      gp, 1192(t5)
core   0: 3 0x8000eb5c (0x4a3f2423) mem 0x80010000 0x00000001
core   0: 0x8000eb60 (0x0000bfe5) c.j     pc - 8
core   0: 3 0x8000eb60 (0xbfe5)
core   0: 0x8000eb58 (0x00001f17) auipc   t5, 0x1
core   0: 3 0x8000eb58 (0x00001f17) x30 0x8000fb58
core   0: 0x8000eb5c (0x4a3f2423) sw      gp, 1192(t5)
core   0: 3 0x8000eb5c (0x4a3f2423) mem 0x80010000 0x00000001
core   0: 0x8000eb60 (0x0000bfe5) c.j     pc - 8
core   0: 3 0x8000eb60 (0xbfe5)
core   0: 0x8000eb58 (0x00001f17) auipc   t5, 0x1
core   0: 3 0x8000eb58 (0x00001f17) x30 0x8000fb58
core   0: 0x8000eb5c (0x4a3f2423) sw      gp, 1192(t5)
core   0: 3 0x8000eb5c (0x4a3f2423) mem 0x80010000 0x00000001
core   0: 0x8000eb60 (0x0000bfe5) c.j     pc - 8
core   0: 3 0x8000eb60 (0xbfe5)
core   0: 0x8000eb58 (0x00001f17) auipc   t5, 0x1
core   0: 3 0x8000eb58 (0x00001f17) x30 0x8000fb58
core   0: 0x8000eb5c (0x4a3f2423) sw      gp, 1192(t5)
core   0: 3 0x8000eb5c (0x4a3f2423) mem 0x80010000 0x00000001
core   0: 0x8000eb60 (0x0000bfe5) c.j     pc - 8
core   0: 3 0x8000eb60 (0xbfe5)
core   0: 0x8000eb58 (0x00001f17) auipc   t5, 0x1
core   0: 3 0x8000eb58 (0x00001f17) x30 0x8000fb58
core   0: 0x8000eb5c (0x4a3f2423) sw      gp, 1192(t5)
core   0: 3 0x8000eb5c (0x4a3f2423) mem 0x80010000 0x00000001
core   0: 0x8000eb60 (0x0000bfe5) c.j     pc - 8
core   0: 3 0x8000eb60 (0xbfe5)
core   0: 0x8000eb58 (0x00001f17) auipc   t5, 0x1
core   0: 3 0x8000eb58 (0x00001f17) x30 0x8000fb58
core   0: 0x8000eb5c (0x4a3f2423) sw      gp, 1192(t5)
core   0: 3 0x8000eb5c (0x4a3f2423) mem 0x80010000 0x00000001
core   0: 0x8000eb60 (0x0000bfe5) c.j     pc - 8
core   0: 3 0x8000eb60 (0xbfe5)
core   0: 0x8000eb58 (0x00001f17) auipc   t5, 0x1
core   0: 3 0x8000eb58 (0x00001f17) x30 0x8000fb58
core   0: 0x8000eb5c (0x4a3f2423) sw      gp, 1192(t5)
core   0: 3 0x8000eb5c (0x4a3f2423) mem 0x80010000 0x00000001
core   0: 0x8000eb60 (0x0000bfe5) c.j     pc - 8
core   0: 3 0x8000eb60 (0xbfe5)
core   0: 0x8000eb58 (0x00001f17) auipc   t5, 0x1
core   0: 3 0x8000eb58 (0x00001f17) x30 0x8000fb58
core   0: 0x8000eb5c (0x4a3f2423) sw      gp, 1192(t5)
core   0: 3 0x8000eb5c (0x4a3f2423) mem 0x80010000 0x00000001
core   0: 0x8000eb60 (0x0000bfe5) c.j     pc - 8
core   0: 3 0x8000eb60 (0xbfe5)
core   0: 0x8000eb58 (0x00001f17) auipc   t5, 0x1
core   0: 3 0x8000eb58 (0x00001f17) x30 0x8000fb58
core   0: 0x8000eb5c (0x4a3f2423) sw      gp, 1192(t5)
core   0: 3 0x8000eb5c (0x4a3f2423) mem 0x80010000 0x00000001
core   0: 0x8000eb60 (0x0000bfe5) c.j     pc - 8
core   0: 3 0x8000eb60 (0xbfe5)
core   0: 0x8000eb58 (0x00001f17) auipc   t5, 0x1
core   0: 3 0x8000eb58 (0x00001f17) x30 0x8000fb58
core   0: 0x8000eb5c (0x4a3f2423) sw      gp, 1192(t5)
core   0: 3 0x8000eb5c (0x4a3f2423) mem 0x80010000 0x00000001
core   0: 0x8000eb60 (0x0000bfe5) c.j     pc - 8
core   0: 3 0x8000eb60 (0xbfe5)
core   0: 0x8000eb58 (0x00001f17) auipc   t5, 0x1
core   0: 3 0x8000eb58 (0x00001f17) x30 0x8000fb58
core   0: 0x8000eb5c (0x4a3f2423) sw      gp, 1192(t5)
core   0: 3 0x8000eb5c (0x4a3f2423) mem 0x80010000 0x00000001
core   0: 0x8000eb60 (0x0000bfe5) c.j     pc - 8
core   0: 3 0x8000eb60 (0xbfe5)
core   0: 0x8000eb58 (0x00001f17) auipc   t5, 0x1
core   0: 3 0x8000eb58 (0x00001f17) x30 0x8000fb58
core   0: 0x8000eb5c (0x4a3f2423) sw      gp, 1192(t5)
core   0: 3 0x8000eb5c (0x4a3f2423) mem 0x80010000 0x00000001
core   0: 0x8000eb60 (0x0000bfe5) c.j     pc - 8
core   0: 3 0x8000eb60 (0xbfe5)
core   0: 0x8000eb58 (0x00001f17) auipc   t5, 0x1
core   0: 3 0x8000eb58 (0x00001f17) x30 0x8000fb58
core   0: 0x8000eb5c (0x4a3f2423) sw      gp, 1192(t5)
core   0: 3 0x8000eb5c (0x4a3f2423) mem 0x80010000 0x00000001
core   0: 0x8000eb60 (0x0000bfe5) c.j     pc - 8
core   0: 3 0x8000eb60 (0xbfe5)
core   0: 0x8000eb58 (0x00001f17) auipc   t5, 0x1
core   0: 3 0x8000eb58 (0x00001f17) x30 0x8000fb58
core   0: 0x8000eb5c (0x4a3f2423) sw      gp, 1192(t5)
core   0: 3 0x8000eb5c (0x4a3f2423) mem 0x80010000 0x00000001
core   0: 0x8000eb60 (0x0000bfe5) c.j     pc - 8
core   0: 3 0x8000eb60 (0xbfe5)
core   0: 0x8000eb58 (0x00001f17) auipc   t5, 0x1
core   0: 3 0x8000eb58 (0x00001f17) x30 0x8000fb58
core   0: 0x8000eb5c (0x4a3f2423) sw      gp, 1192(t5)
core   0: 3 0x8000eb5c (0x4a3f2423) mem 0x80010000 0x00000001
core   0: 0x8000eb60 (0x0000bfe5) c.j     pc - 8
core   0: 3 0x8000eb60 (0xbfe5)
core   0: 0x8000eb58 (0x00001f17) auipc   t5, 0x1
core   0: 3 0x8000eb58 (0x00001f17) x30 0x8000fb58
core   0: 0x8000eb5c (0x4a3f2423) sw      gp, 1192(t5)
core   0: 3 0x8000eb5c (0x4a3f2423) mem 0x80010000 0x00000001
core   0: 0x8000eb60 (0x0000bfe5) c.j     pc - 8
core   0: 3 0x8000eb60 (0xbfe5)
core   0: 0x8000eb58 (0x00001f17) auipc   t5, 0x1
core   0: 3 0x8000eb58 (0x00001f17) x30 0x8000fb58
core   0: 0x8000eb5c (0x4a3f2423) sw      gp, 1192(t5)
core   0: 3 0x8000eb5c (0x4a3f2423) mem 0x80010000 0x00000001
core   0: 0x8000eb60 (0x0000bfe5) c.j     pc - 8
core   0: 3 0x8000eb60 (0xbfe5)
core   0: 0x8000eb58 (0x00001f17) auipc   t5, 0x1
core   0: 3 0x8000eb58 (0x00001f17) x30 0x8000fb58
core   0: 0x8000eb5c (0x4a3f2423) sw      gp, 1192(t5)
core   0: 3 0x8000eb5c (0x4a3f2423) mem 0x80010000 0x00000001
core   0: 0x8000eb60 (0x0000bfe5) c.j     pc - 8
core   0: 3 0x8000eb60 (0xbfe5)
core   0: 0x8000eb58 (0x00001f17) auipc   t5, 0x1
core   0: 3 0x8000eb58 (0x00001f17) x30 0x8000fb58
core   0: 0x8000eb5c (0x4a3f2423) sw      gp, 1192(t5)
core   0: 3 0x8000eb5c (0x4a3f2423) mem 0x80010000 0x00000001
core   0: 0x8000eb60 (0x0000bfe5) c.j     pc - 8
core   0: 3 0x8000eb60 (0xbfe5)
core   0: 0x8000eb58 (0x00001f17) auipc   t5, 0x1
core   0: 3 0x8000eb58 (0x00001f17) x30 0x8000fb58
core   0: 0x8000eb5c (0x4a3f2423) sw      gp, 1192(t5)
core   0: 3 0x8000eb5c (0x4a3f2423) mem 0x80010000 0x00000001
core   0: 0x8000eb60 (0x0000bfe5) c.j     pc - 8
core   0: 3 0x8000eb60 (0xbfe5)
core   0: 0x8000eb58 (0x00001f17) auipc   t5, 0x1
core   0: 3 0x8000eb58 (0x00001f17) x30 0x8000fb58
core   0: 0x8000eb5c (0x4a3f2423) sw      gp, 1192(t5)
core   0: 3 0x8000eb5c (0x4a3f2423) mem 0x80010000 0x00000001
core   0: 0x8000eb60 (0x0000bfe5) c.j     pc - 8
core   0: 3 0x8000eb60 (0xbfe5)
core   0: 0x8000eb58 (0x00001f17) auipc   t5, 0x1
core   0: 3 0x8000eb58 (0x00001f17) x30 0x8000fb58
core   0: 0x8000eb5c (0x4a3f2423) sw      gp, 1192(t5)
core   0: 3 0x8000eb5c (0x4a3f2423) mem 0x80010000 0x00000001
core   0: 0x8000eb60 (0x0000bfe5) c.j     pc - 8
core   0: 3 0x8000eb60 (0xbfe5)
core   0: 0x8000eb58 (0x00001f17) auipc   t5, 0x1
core   0: 3 0x8000eb58 (0x00001f17) x30 0x8000fb58
core   0: 0x8000eb5c (0x4a3f2423) sw      gp, 1192(t5)
core   0: 3 0x8000eb5c (0x4a3f2423) mem 0x80010000 0x00000001
core   0: 0x8000eb60 (0x0000bfe5) c.j     pc - 8
core   0: 3 0x8000eb60 (0xbfe5)
core   0: 0x8000eb58 (0x00001f17) auipc   t5, 0x1
core   0: 3 0x8000eb58 (0x00001f17) x30 0x8000fb58
core   0: 0x8000eb5c (0x4a3f2423) sw      gp, 1192(t5)
core   0: 3 0x8000eb5c (0x4a3f2423) mem 0x80010000 0x00000001
core   0: 0x8000eb60 (0x0000bfe5) c.j     pc - 8
core   0: 3 0x8000eb60 (0xbfe5)
core   0: 0x8000eb58 (0x00001f17) auipc   t5, 0x1
core   0: 3 0x8000eb58 (0x00001f17) x30 0x8000fb58
core   0: 0x8000eb5c (0x4a3f2423) sw      gp, 1192(t5)
core   0: 3 0x8000eb5c (0x4a3f2423) mem 0x80010000 0x00000001
core   0: 0x8000eb60 (0x0000bfe5) c.j     pc - 8
core   0: 3 0x8000eb60 (0xbfe5)
core   0: 0x8000eb58 (0x00001f17) auipc   t5, 0x1
core   0: 3 0x8000eb58 (0x00001f17) x30 0x8000fb58
core   0: 0x8000eb5c (0x4a3f2423) sw      gp, 1192(t5)
core   0: 3 0x8000eb5c (0x4a3f2423) mem 0x80010000 0x00000001
core   0: 0x8000eb60 (0x0000bfe5) c.j     pc - 8
core   0: 3 0x8000eb60 (0xbfe5)
core   0: 0x8000eb58 (0x00001f17) auipc   t5, 0x1
core   0: 3 0x8000eb58 (0x00001f17) x30 0x8000fb58
core   0: 0x8000eb5c (0x4a3f2423) sw      gp, 1192(t5)
core   0: 3 0x8000eb5c (0x4a3f2423) mem 0x80010000 0x00000001
core   0: 0x8000eb60 (0x0000bfe5) c.j     pc - 8
core   0: 3 0x8000eb60 (0xbfe5)
core   0: 0x8000eb58 (0x00001f17) auipc   t5, 0x1
core   0: 3 0x8000eb58 (0x00001f17) x30 0x8000fb58
core   0: 0x8000eb5c (0x4a3f2423) sw      gp, 1192(t5)
core   0: 3 0x8000eb5c (0x4a3f2423) mem 0x80010000 0x00000001
core   0: 0x8000eb60 (0x0000bfe5) c.j     pc - 8
core   0: 3 0x8000eb60 (0xbfe5)
core   0: 0x8000eb58 (0x00001f17) auipc   t5, 0x1
core   0: 3 0x8000eb58 (0x00001f17) x30 0x8000fb58
core   0: 0x8000eb5c (0x4a3f2423) sw      gp, 1192(t5)
core   0: 3 0x8000eb5c (0x4a3f2423) mem 0x80010000 0x00000001
core   0: 0x8000eb60 (0x0000bfe5) c.j     pc - 8
core   0: 3 0x8000eb60 (0xbfe5)
core   0: 0x8000eb58 (0x00001f17) auipc   t5, 0x1
core   0: 3 0x8000eb58 (0x00001f17) x30 0x8000fb58
core   0: 0x8000eb5c (0x4a3f2423) sw      gp, 1192(t5)
core   0: 3 0x8000eb5c (0x4a3f2423) mem 0x80010000 0x00000001
core   0: 0x8000eb60 (0x0000bfe5) c.j     pc - 8
core   0: 3 0x8000eb60 (0xbfe5)
core   0: 0x8000eb58 (0x00001f17) auipc   t5, 0x1
core   0: 3 0x8000eb58 (0x00001f17) x30 0x8000fb58
core   0: 0x8000eb5c (0x4a3f2423) sw      gp, 1192(t5)
core   0: 3 0x8000eb5c (0x4a3f2423) mem 0x80010000 0x00000001
core   0: 0x8000eb60 (0x0000bfe5) c.j     pc - 8
core   0: 3 0x8000eb60 (0xbfe5)
core   0: 0x8000eb58 (0x00001f17) auipc   t5, 0x1
core   0: 3 0x8000eb58 (0x00001f17) x30 0x8000fb58
core   0: 0x8000eb5c (0x4a3f2423) sw      gp, 1192(t5)
core   0: 3 0x8000eb5c (0x4a3f2423) mem 0x80010000 0x00000001
core   0: 0x8000eb60 (0x0000bfe5) c.j     pc - 8
core   0: 3 0x8000eb60 (0xbfe5)
core   0: 0x8000eb58 (0x00001f17) auipc   t5, 0x1
core   0: 3 0x8000eb58 (0x00001f17) x30 0x8000fb58
core   0: 0x8000eb5c (0x4a3f2423) sw      gp, 1192(t5)
core   0: 3 0x8000eb5c (0x4a3f2423) mem 0x80010000 0x00000001
core   0: 0x8000eb60 (0x0000bfe5) c.j     pc - 8
core   0: 3 0x8000eb60 (0xbfe5)
core   0: 0x8000eb58 (0x00001f17) auipc   t5, 0x1
core   0: 3 0x8000eb58 (0x00001f17) x30 0x8000fb58
core   0: 0x8000eb5c (0x4a3f2423) sw      gp, 1192(t5)
core   0: 3 0x8000eb5c (0x4a3f2423) mem 0x80010000 0x00000001
core   0: 0x8000eb60 (0x0000bfe5) c.j     pc - 8
core   0: 3 0x8000eb60 (0xbfe5)
core   0: 0x8000eb58 (0x00001f17) auipc   t5, 0x1
core   0: 3 0x8000eb58 (0x00001f17) x30 0x8000fb58
core   0: 0x8000eb5c (0x4a3f2423) sw      gp, 1192(t5)
core   0: 3 0x8000eb5c (0x4a3f2423) mem 0x80010000 0x00000001
core   0: 0x8000eb60 (0x0000bfe5) c.j     pc - 8
core   0: 3 0x8000eb60 (0xbfe5)
core   0: 0x8000eb58 (0x00001f17) auipc   t5, 0x1
core   0: 3 0x8000eb58 (0x00001f17) x30 0x8000fb58
core   0: 0x8000eb5c (0x4a3f2423) sw      gp, 1192(t5)
core   0: 3 0x8000eb5c (0x4a3f2423) mem 0x80010000 0x00000001
core   0: 0x8000eb60 (0x0000bfe5) c.j     pc - 8
core   0: 3 0x8000eb60 (0xbfe5)
core   0: 0x8000eb58 (0x00001f17) auipc   t5, 0x1
core   0: 3 0x8000eb58 (0x00001f17) x30 0x8000fb58
core   0: 0x8000eb5c (0x4a3f2423) sw      gp, 1192(t5)
core   0: 3 0x8000eb5c (0x4a3f2423) mem 0x80010000 0x00000001
core   0: 0x8000eb60 (0x0000bfe5) c.j     pc - 8
core   0: 3 0x8000eb60 (0xbfe5)
core   0: 0x8000eb58 (0x00001f17) auipc   t5, 0x1
core   0: 3 0x8000eb58 (0x00001f17) x30 0x8000fb58
core   0: 0x8000eb5c (0x4a3f2423) sw      gp, 1192(t5)
core   0: 3 0x8000eb5c (0x4a3f2423) mem 0x80010000 0x00000001
core   0: 0x8000eb60 (0x0000bfe5) c.j     pc - 8
core   0: 3 0x8000eb60 (0xbfe5)
core   0: 0x8000eb58 (0x00001f17) auipc   t5, 0x1
core   0: 3 0x8000eb58 (0x00001f17) x30 0x8000fb58
core   0: 0x8000eb5c (0x4a3f2423) sw      gp, 1192(t5)
core   0: 3 0x8000eb5c (0x4a3f2423) mem 0x80010000 0x00000001
core   0: 0x8000eb60 (0x0000bfe5) c.j     pc - 8
core   0: 3 0x8000eb60 (0xbfe5)
core   0: 0x8000eb58 (0x00001f17) auipc   t5, 0x1
core   0: 3 0x8000eb58 (0x00001f17) x30 0x8000fb58
core   0: 0x8000eb5c (0x4a3f2423) sw      gp, 1192(t5)
core   0: 3 0x8000eb5c (0x4a3f2423) mem 0x80010000 0x00000001
core   0: 0x8000eb60 (0x0000bfe5) c.j     pc - 8
core   0: 3 0x8000eb60 (0xbfe5)
core   0: 0x8000eb58 (0x00001f17) auipc   t5, 0x1
core   0: 3 0x8000eb58 (0x00001f17) x30 0x8000fb58
core   0: 0x8000eb5c (0x4a3f2423) sw      gp, 1192(t5)
core   0: 3 0x8000eb5c (0x4a3f2423) mem 0x80010000 0x00000001
core   0: 0x8000eb60 (0x0000bfe5) c.j     pc - 8
core   0: 3 0x8000eb60 (0xbfe5)
core   0: 0x8000eb58 (0x00001f17) auipc   t5, 0x1
core   0: 3 0x8000eb58 (0x00001f17) x30 0x8000fb58
core   0: 0x8000eb5c (0x4a3f2423) sw      gp, 1192(t5)
core   0: 3 0x8000eb5c (0x4a3f2423) mem 0x80010000 0x00000001
core   0: 0x8000eb60 (0x0000bfe5) c.j     pc - 8
core   0: 3 0x8000eb60 (0xbfe5)
core   0: 0x8000eb58 (0x00001f17) auipc   t5, 0x1
core   0: 3 0x8000eb58 (0x00001f17) x30 0x8000fb58
core   0: 0x8000eb5c (0x4a3f2423) sw      gp, 1192(t5)
core   0: 3 0x8000eb5c (0x4a3f2423) mem 0x80010000 0x00000001
core   0: 0x8000eb60 (0x0000bfe5) c.j     pc - 8
core   0: 3 0x8000eb60 (0xbfe5)
core   0: 0x8000eb58 (0x00001f17) auipc   t5, 0x1
core   0: 3 0x8000eb58 (0x00001f17) x30 0x8000fb58
core   0: 0x8000eb5c (0x4a3f2423) sw      gp, 1192(t5)
core   0: 3 0x8000eb5c (0x4a3f2423) mem 0x80010000 0x00000001
core   0: 0x8000eb60 (0x0000bfe5) c.j     pc - 8
core   0: 3 0x8000eb60 (0xbfe5)
core   0: 0x8000eb58 (0x00001f17) auipc   t5, 0x1
core   0: 3 0x8000eb58 (0x00001f17) x30 0x8000fb58
core   0: 0x8000eb5c (0x4a3f2423) sw      gp, 1192(t5)
core   0: 3 0x8000eb5c (0x4a3f2423) mem 0x80010000 0x00000001
core   0: 0x8000eb60 (0x0000bfe5) c.j     pc - 8
core   0: 3 0x8000eb60 (0xbfe5)
core   0: 0x8000eb58 (0x00001f17) auipc   t5, 0x1
core   0: 3 0x8000eb58 (0x00001f17) x30 0x8000fb58
core   0: 0x8000eb5c (0x4a3f2423) sw      gp, 1192(t5)
core   0: 3 0x8000eb5c (0x4a3f2423) mem 0x80010000 0x00000001
core   0: 0x8000eb60 (0x0000bfe5) c.j     pc - 8
core   0: 3 0x8000eb60 (0xbfe5)
core   0: 0x8000eb58 (0x00001f17) auipc   t5, 0x1
core   0: 3 0x8000eb58 (0x00001f17) x30 0x8000fb58
core   0: 0x8000eb5c (0x4a3f2423) sw      gp, 1192(t5)
core   0: 3 0x8000eb5c (0x4a3f2423) mem 0x80010000 0x00000001
core   0: 0x8000eb60 (0x0000bfe5) c.j     pc - 8
core   0: 3 0x8000eb60 (0xbfe5)
core   0: 0x8000eb58 (0x00001f17) auipc   t5, 0x1
core   0: 3 0x8000eb58 (0x00001f17) x30 0x8000fb58
core   0: 0x8000eb5c (0x4a3f2423) sw      gp, 1192(t5)
core   0: 3 0x8000eb5c (0x4a3f2423) mem 0x80010000 0x00000001
core   0: 0x8000eb60 (0x0000bfe5) c.j     pc - 8
core   0: 3 0x8000eb60 (0xbfe5)
core   0: 0x8000eb58 (0x00001f17) auipc   t5, 0x1
core   0: 3 0x8000eb58 (0x00001f17) x30 0x8000fb58
core   0: 0x8000eb5c (0x4a3f2423) sw      gp, 1192(t5)
core   0: 3 0x8000eb5c (0x4a3f2423) mem 0x80010000 0x00000001
core   0: 0x8000eb60 (0x0000bfe5) c.j     pc - 8
core   0: 3 0x8000eb60 (0xbfe5)
core   0: 0x8000eb58 (0x00001f17) auipc   t5, 0x1
core   0: 3 0x8000eb58 (0x00001f17) x30 0x8000fb58
core   0: 0x8000eb5c (0x4a3f2423) sw      gp, 1192(t5)
core   0: 3 0x8000eb5c (0x4a3f2423) mem 0x80010000 0x00000001
core   0: 0x8000eb60 (0x0000bfe5) c.j     pc - 8
core   0: 3 0x8000eb60 (0xbfe5)
core   0: 0x8000eb58 (0x00001f17) auipc   t5, 0x1
core   0: 3 0x8000eb58 (0x00001f17) x30 0x8000fb58
core   0: 0x8000eb5c (0x4a3f2423) sw      gp, 1192(t5)
core   0: 3 0x8000eb5c (0x4a3f2423) mem 0x80010000 0x00000001
core   0: 0x8000eb60 (0x0000bfe5) c.j     pc - 8
core   0: 3 0x8000eb60 (0xbfe5)
core   0: 0x8000eb58 (0x00001f17) auipc   t5, 0x1
core   0: 3 0x8000eb58 (0x00001f17) x30 0x8000fb58
core   0: 0x8000eb5c (0x4a3f2423) sw      gp, 1192(t5)
core   0: 3 0x8000eb5c (0x4a3f2423) mem 0x80010000 0x00000001
core   0: 0x8000eb60 (0x0000bfe5) c.j     pc - 8
core   0: 3 0x8000eb60 (0xbfe5)
core   0: 0x8000eb58 (0x00001f17) auipc   t5, 0x1
core   0: 3 0x8000eb58 (0x00001f17) x30 0x8000fb58
core   0: 0x8000eb5c (0x4a3f2423) sw      gp, 1192(t5)
core   0: 3 0x8000eb5c (0x4a3f2423) mem 0x80010000 0x00000001
core   0: 0x8000eb60 (0x0000bfe5) c.j     pc - 8
core   0: 3 0x8000eb60 (0xbfe5)
core   0: 0x8000eb58 (0x00001f17) auipc   t5, 0x1
core   0: 3 0x8000eb58 (0x00001f17) x30 0x8000fb58
core   0: 0x8000eb5c (0x4a3f2423) sw      gp, 1192(t5)
core   0: 3 0x8000eb5c (0x4a3f2423) mem 0x80010000 0x00000001
core   0: 0x8000eb60 (0x0000bfe5) c.j     pc - 8
core   0: 3 0x8000eb60 (0xbfe5)
core   0: 0x8000eb58 (0x00001f17) auipc   t5, 0x1
core   0: 3 0x8000eb58 (0x00001f17) x30 0x8000fb58
core   0: 0x8000eb5c (0x4a3f2423) sw      gp, 1192(t5)
core   0: 3 0x8000eb5c (0x4a3f2423) mem 0x80010000 0x00000001
core   0: 0x8000eb60 (0x0000bfe5) c.j     pc - 8
core   0: 3 0x8000eb60 (0xbfe5)
core   0: 0x8000eb58 (0x00001f17) auipc   t5, 0x1
core   0: 3 0x8000eb58 (0x00001f17) x30 0x8000fb58
core   0: 0x8000eb5c (0x4a3f2423) sw      gp, 1192(t5)
core   0: 3 0x8000eb5c (0x4a3f2423) mem 0x80010000 0x00000001
core   0: 0x8000eb60 (0x0000bfe5) c.j     pc - 8
core   0: 3 0x8000eb60 (0xbfe5)
core   0: 0x8000eb58 (0x00001f17) auipc   t5, 0x1
core   0: 3 0x8000eb58 (0x00001f17) x30 0x8000fb58
core   0: 0x8000eb5c (0x4a3f2423) sw      gp, 1192(t5)
core   0: 3 0x8000eb5c (0x4a3f2423) mem 0x80010000 0x00000001
core   0: 0x8000eb60 (0x0000bfe5) c.j     pc - 8
core   0: 3 0x8000eb60 (0xbfe5)
core   0: 0x8000eb58 (0x00001f17) auipc   t5, 0x1
core   0: 3 0x8000eb58 (0x00001f17) x30 0x8000fb58
core   0: 0x8000eb5c (0x4a3f2423) sw      gp, 1192(t5)
core   0: 3 0x8000eb5c (0x4a3f2423) mem 0x80010000 0x00000001
core   0: 0x8000eb60 (0x0000bfe5) c.j     pc - 8
core   0: 3 0x8000eb60 (0xbfe5)
core   0: 0x8000eb58 (0x00001f17) auipc   t5, 0x1
core   0: 3 0x8000eb58 (0x00001f17) x30 0x8000fb58
core   0: 0x8000eb5c (0x4a3f2423) sw      gp, 1192(t5)
core   0: 3 0x8000eb5c (0x4a3f2423) mem 0x80010000 0x00000001
core   0: 0x8000eb60 (0x0000bfe5) c.j     pc - 8
core   0: 3 0x8000eb60 (0xbfe5)
core   0: 0x8000eb58 (0x00001f17) auipc   t5, 0x1
core   0: 3 0x8000eb58 (0x00001f17) x30 0x8000fb58
core   0: 0x8000eb5c (0x4a3f2423) sw      gp, 1192(t5)
core   0: 3 0x8000eb5c (0x4a3f2423) mem 0x80010000 0x00000001
core   0: 0x8000eb60 (0x0000bfe5) c.j     pc - 8
core   0: 3 0x8000eb60 (0xbfe5)
core   0: 0x8000eb58 (0x00001f17) auipc   t5, 0x1
core   0: 3 0x8000eb58 (0x00001f17) x30 0x8000fb58
core   0: 0x8000eb5c (0x4a3f2423) sw      gp, 1192(t5)
core   0: 3 0x8000eb5c (0x4a3f2423) mem 0x80010000 0x00000001
core   0: 0x8000eb60 (0x0000bfe5) c.j     pc - 8
core   0: 3 0x8000eb60 (0xbfe5)
core   0: 0x8000eb58 (0x00001f17) auipc   t5, 0x1
core   0: 3 0x8000eb58 (0x00001f17) x30 0x8000fb58
core   0: 0x8000eb5c (0x4a3f2423) sw      gp, 1192(t5)
core   0: 3 0x8000eb5c (0x4a3f2423) mem 0x80010000 0x00000001
core   0: 0x8000eb60 (0x0000bfe5) c.j     pc - 8
core   0: 3 0x8000eb60 (0xbfe5)
core   0: 0x8000eb58 (0x00001f17) auipc   t5, 0x1
core   0: 3 0x8000eb58 (0x00001f17) x30 0x8000fb58
core   0: 0x8000eb5c (0x4a3f2423) sw      gp, 1192(t5)
core   0: 3 0x8000eb5c (0x4a3f2423) mem 0x80010000 0x00000001
core   0: 0x8000eb60 (0x0000bfe5) c.j     pc - 8
core   0: 3 0x8000eb60 (0xbfe5)
core   0: 0x8000eb58 (0x00001f17) auipc   t5, 0x1
core   0: 3 0x8000eb58 (0x00001f17) x30 0x8000fb58
core   0: 0x8000eb5c (0x4a3f2423) sw      gp, 1192(t5)
core   0: 3 0x8000eb5c (0x4a3f2423) mem 0x80010000 0x00000001
core   0: 0x8000eb60 (0x0000bfe5) c.j     pc - 8
core   0: 3 0x8000eb60 (0xbfe5)
core   0: 0x8000eb58 (0x00001f17) auipc   t5, 0x1
core   0: 3 0x8000eb58 (0x00001f17) x30 0x8000fb58
core   0: 0x8000eb5c (0x4a3f2423) sw      gp, 1192(t5)
core   0: 3 0x8000eb5c (0x4a3f2423) mem 0x80010000 0x00000001
core   0: 0x8000eb60 (0x0000bfe5) c.j     pc - 8
core   0: 3 0x8000eb60 (0xbfe5)
core   0: 0x8000eb58 (0x00001f17) auipc   t5, 0x1
core   0: 3 0x8000eb58 (0x00001f17) x30 0x8000fb58
core   0: 0x8000eb5c (0x4a3f2423) sw      gp, 1192(t5)
core   0: 3 0x8000eb5c (0x4a3f2423) mem 0x80010000 0x00000001
core   0: 0x8000eb60 (0x0000bfe5) c.j     pc - 8
core   0: 3 0x8000eb60 (0xbfe5)
core   0: 0x8000eb58 (0x00001f17) auipc   t5, 0x1
core   0: 3 0x8000eb58 (0x00001f17) x30 0x8000fb58
core   0: 0x8000eb5c (0x4a3f2423) sw      gp, 1192(t5)
core   0: 3 0x8000eb5c (0x4a3f2423) mem 0x80010000 0x00000001
core   0: 0x8000eb60 (0x0000bfe5) c.j     pc - 8
core   0: 3 0x8000eb60 (0xbfe5)
core   0: 0x8000eb58 (0x00001f17) auipc   t5, 0x1
core   0: 3 0x8000eb58 (0x00001f17) x30 0x8000fb58
core   0: 0x8000eb5c (0x4a3f2423) sw      gp, 1192(t5)
core   0: 3 0x8000eb5c (0x4a3f2423) mem 0x80010000 0x00000001
core   0: 0x8000eb60 (0x0000bfe5) c.j     pc - 8
core   0: 3 0x8000eb60 (0xbfe5)
core   0: 0x8000eb58 (0x00001f17) auipc   t5, 0x1
core   0: 3 0x8000eb58 (0x00001f17) x30 0x8000fb58
core   0: 0x8000eb5c (0x4a3f2423) sw      gp, 1192(t5)
core   0: 3 0x8000eb5c (0x4a3f2423) mem 0x80010000 0x00000001
core   0: 0x8000eb60 (0x0000bfe5) c.j     pc - 8
core   0: 3 0x8000eb60 (0xbfe5)
core   0: 0x8000eb58 (0x00001f17) auipc   t5, 0x1
core   0: 3 0x8000eb58 (0x00001f17) x30 0x8000fb58
core   0: 0x8000eb5c (0x4a3f2423) sw      gp, 1192(t5)
core   0: 3 0x8000eb5c (0x4a3f2423) mem 0x80010000 0x00000001
core   0: 0x8000eb60 (0x0000bfe5) c.j     pc - 8
core   0: 3 0x8000eb60 (0xbfe5)
core   0: 0x8000eb58 (0x00001f17) auipc   t5, 0x1
core   0: 3 0x8000eb58 (0x00001f17) x30 0x8000fb58
core   0: 0x8000eb5c (0x4a3f2423) sw      gp, 1192(t5)
core   0: 3 0x8000eb5c (0x4a3f2423) mem 0x80010000 0x00000001
core   0: 0x8000eb60 (0x0000bfe5) c.j     pc - 8
core   0: 3 0x8000eb60 (0xbfe5)
core   0: 0x8000eb58 (0x00001f17) auipc   t5, 0x1
core   0: 3 0x8000eb58 (0x00001f17) x30 0x8000fb58
core   0: 0x8000eb5c (0x4a3f2423) sw      gp, 1192(t5)
core   0: 3 0x8000eb5c (0x4a3f2423) mem 0x80010000 0x00000001
core   0: 0x8000eb60 (0x0000bfe5) c.j     pc - 8
core   0: 3 0x8000eb60 (0xbfe5)
core   0: 0x8000eb58 (0x00001f17) auipc   t5, 0x1
core   0: 3 0x8000eb58 (0x00001f17) x30 0x8000fb58
core   0: 0x8000eb5c (0x4a3f2423) sw      gp, 1192(t5)
core   0: 3 0x8000eb5c (0x4a3f2423) mem 0x80010000 0x00000001
core   0: 0x8000eb60 (0x0000bfe5) c.j     pc - 8
core   0: 3 0x8000eb60 (0xbfe5)
core   0: 0x8000eb58 (0x00001f17) auipc   t5, 0x1
core   0: 3 0x8000eb58 (0x00001f17) x30 0x8000fb58
core   0: 0x8000eb5c (0x4a3f2423) sw      gp, 1192(t5)
core   0: 3 0x8000eb5c (0x4a3f2423) mem 0x80010000 0x00000001
core   0: 0x8000eb60 (0x0000bfe5) c.j     pc - 8
core   0: 3 0x8000eb60 (0xbfe5)
core   0: 0x8000eb58 (0x00001f17) auipc   t5, 0x1
core   0: 3 0x8000eb58 (0x00001f17) x30 0x8000fb58
core   0: 0x8000eb5c (0x4a3f2423) sw      gp, 1192(t5)
core   0: 3 0x8000eb5c (0x4a3f2423) mem 0x80010000 0x00000001
core   0: 0x8000eb60 (0x0000bfe5) c.j     pc - 8
core   0: 3 0x8000eb60 (0xbfe5)
core   0: 0x8000eb58 (0x00001f17) auipc   t5, 0x1
core   0: 3 0x8000eb58 (0x00001f17) x30 0x8000fb58
core   0: 0x8000eb5c (0x4a3f2423) sw      gp, 1192(t5)
core   0: 3 0x8000eb5c (0x4a3f2423) mem 0x80010000 0x00000001
core   0: 0x8000eb60 (0x0000bfe5) c.j     pc - 8
core   0: 3 0x8000eb60 (0xbfe5)
core   0: 0x8000eb58 (0x00001f17) auipc   t5, 0x1
core   0: 3 0x8000eb58 (0x00001f17) x30 0x8000fb58
core   0: 0x8000eb5c (0x4a3f2423) sw      gp, 1192(t5)
core   0: 3 0x8000eb5c (0x4a3f2423) mem 0x80010000 0x00000001
core   0: 0x8000eb60 (0x0000bfe5) c.j     pc - 8
core   0: 3 0x8000eb60 (0xbfe5)
core   0: 0x8000eb58 (0x00001f17) auipc   t5, 0x1
core   0: 3 0x8000eb58 (0x00001f17) x30 0x8000fb58
core   0: 0x8000eb5c (0x4a3f2423) sw      gp, 1192(t5)
core   0: 3 0x8000eb5c (0x4a3f2423) mem 0x80010000 0x00000001
core   0: 0x8000eb60 (0x0000bfe5) c.j     pc - 8
core   0: 3 0x8000eb60 (0xbfe5)
core   0: 0x8000eb58 (0x00001f17) auipc   t5, 0x1
core   0: 3 0x8000eb58 (0x00001f17) x30 0x8000fb58
core   0: 0x8000eb5c (0x4a3f2423) sw      gp, 1192(t5)
core   0: 3 0x8000eb5c (0x4a3f2423) mem 0x80010000 0x00000001
core   0: 0x8000eb60 (0x0000bfe5) c.j     pc - 8
core   0: 3 0x8000eb60 (0xbfe5)
core   0: 0x8000eb58 (0x00001f17) auipc   t5, 0x1
core   0: 3 0x8000eb58 (0x00001f17) x30 0x8000fb58
core   0: 0x8000eb5c (0x4a3f2423) sw      gp, 1192(t5)
core   0: 3 0x8000eb5c (0x4a3f2423) mem 0x80010000 0x00000001
core   0: 0x8000eb60 (0x0000bfe5) c.j     pc - 8
core   0: 3 0x8000eb60 (0xbfe5)
core   0: 0x8000eb58 (0x00001f17) auipc   t5, 0x1
core   0: 3 0x8000eb58 (0x00001f17) x30 0x8000fb58
core   0: 0x8000eb5c (0x4a3f2423) sw      gp, 1192(t5)
core   0: 3 0x8000eb5c (0x4a3f2423) mem 0x80010000 0x00000001
core   0: 0x8000eb60 (0x0000bfe5) c.j     pc - 8
core   0: 3 0x8000eb60 (0xbfe5)
core   0: 0x8000eb58 (0x00001f17) auipc   t5, 0x1
core   0: 3 0x8000eb58 (0x00001f17) x30 0x8000fb58
core   0: 0x8000eb5c (0x4a3f2423) sw      gp, 1192(t5)
core   0: 3 0x8000eb5c (0x4a3f2423) mem 0x80010000 0x00000001
core   0: 0x8000eb60 (0x0000bfe5) c.j     pc - 8
core   0: 3 0x8000eb60 (0xbfe5)
core   0: 0x8000eb58 (0x00001f17) auipc   t5, 0x1
core   0: 3 0x8000eb58 (0x00001f17) x30 0x8000fb58
core   0: 0x8000eb5c (0x4a3f2423) sw      gp, 1192(t5)
core   0: 3 0x8000eb5c (0x4a3f2423) mem 0x80010000 0x00000001
core   0: 0x8000eb60 (0x0000bfe5) c.j     pc - 8
core   0: 3 0x8000eb60 (0xbfe5)
core   0: 0x8000eb58 (0x00001f17) auipc   t5, 0x1
core   0: 3 0x8000eb58 (0x00001f17) x30 0x8000fb58
core   0: 0x8000eb5c (0x4a3f2423) sw      gp, 1192(t5)
core   0: 3 0x8000eb5c (0x4a3f2423) mem 0x80010000 0x00000001
core   0: 0x8000eb60 (0x0000bfe5) c.j     pc - 8
core   0: 3 0x8000eb60 (0xbfe5)
core   0: 0x8000eb58 (0x00001f17) auipc   t5, 0x1
core   0: 3 0x8000eb58 (0x00001f17) x30 0x8000fb58
core   0: 0x8000eb5c (0x4a3f2423) sw      gp, 1192(t5)
core   0: 3 0x8000eb5c (0x4a3f2423) mem 0x80010000 0x00000001
core   0: 0x8000eb60 (0x0000bfe5) c.j     pc - 8
core   0: 3 0x8000eb60 (0xbfe5)
core   0: 0x8000eb58 (0x00001f17) auipc   t5, 0x1
core   0: 3 0x8000eb58 (0x00001f17) x30 0x8000fb58
core   0: 0x8000eb5c (0x4a3f2423) sw      gp, 1192(t5)
core   0: 3 0x8000eb5c (0x4a3f2423) mem 0x80010000 0x00000001
core   0: 0x8000eb60 (0x0000bfe5) c.j     pc - 8
core   0: 3 0x8000eb60 (0xbfe5)
core   0: 0x8000eb58 (0x00001f17) auipc   t5, 0x1
core   0: 3 0x8000eb58 (0x00001f17) x30 0x8000fb58
core   0: 0x8000eb5c (0x4a3f2423) sw      gp, 1192(t5)
core   0: 3 0x8000eb5c (0x4a3f2423) mem 0x80010000 0x00000001
core   0: 0x8000eb60 (0x0000bfe5) c.j     pc - 8
core   0: 3 0x8000eb60 (0xbfe5)
core   0: 0x8000eb58 (0x00001f17) auipc   t5, 0x1
core   0: 3 0x8000eb58 (0x00001f17) x30 0x8000fb58
core   0: 0x8000eb5c (0x4a3f2423) sw      gp, 1192(t5)
core   0: 3 0x8000eb5c (0x4a3f2423) mem 0x80010000 0x00000001
core   0: 0x8000eb60 (0x0000bfe5) c.j     pc - 8
core   0: 3 0x8000eb60 (0xbfe5)
core   0: 0x8000eb58 (0x00001f17) auipc   t5, 0x1
core   0: 3 0x8000eb58 (0x00001f17) x30 0x8000fb58
core   0: 0x8000eb5c (0x4a3f2423) sw      gp, 1192(t5)
core   0: 3 0x8000eb5c (0x4a3f2423) mem 0x80010000 0x00000001
core   0: 0x8000eb60 (0x0000bfe5) c.j     pc - 8
core   0: 3 0x8000eb60 (0xbfe5)
core   0: 0x8000eb58 (0x00001f17) auipc   t5, 0x1
core   0: 3 0x8000eb58 (0x00001f17) x30 0x8000fb58
core   0: 0x8000eb5c (0x4a3f2423) sw      gp, 1192(t5)
core   0: 3 0x8000eb5c (0x4a3f2423) mem 0x80010000 0x00000001
core   0: 0x8000eb60 (0x0000bfe5) c.j     pc - 8
core   0: 3 0x8000eb60 (0xbfe5)
core   0: 0x8000eb58 (0x00001f17) auipc   t5, 0x1
core   0: 3 0x8000eb58 (0x00001f17) x30 0x8000fb58
core   0: 0x8000eb5c (0x4a3f2423) sw      gp, 1192(t5)
core   0: 3 0x8000eb5c (0x4a3f2423) mem 0x80010000 0x00000001
core   0: 0x8000eb60 (0x0000bfe5) c.j     pc - 8
core   0: 3 0x8000eb60 (0xbfe5)
core   0: 0x8000eb58 (0x00001f17) auipc   t5, 0x1
core   0: 3 0x8000eb58 (0x00001f17) x30 0x8000fb58
core   0: 0x8000eb5c (0x4a3f2423) sw      gp, 1192(t5)
core   0: 3 0x8000eb5c (0x4a3f2423) mem 0x80010000 0x00000001
core   0: 0x8000eb60 (0x0000bfe5) c.j     pc - 8
core   0: 3 0x8000eb60 (0xbfe5)
core   0: 0x8000eb58 (0x00001f17) auipc   t5, 0x1
core   0: 3 0x8000eb58 (0x00001f17) x30 0x8000fb58
core   0: 0x8000eb5c (0x4a3f2423) sw      gp, 1192(t5)
core   0: 3 0x8000eb5c (0x4a3f2423) mem 0x80010000 0x00000001
core   0: 0x8000eb60 (0x0000bfe5) c.j     pc - 8
core   0: 3 0x8000eb60 (0xbfe5)
core   0: 0x8000eb58 (0x00001f17) auipc   t5, 0x1
core   0: 3 0x8000eb58 (0x00001f17) x30 0x8000fb58
core   0: 0x8000eb5c (0x4a3f2423) sw      gp, 1192(t5)
core   0: 3 0x8000eb5c (0x4a3f2423) mem 0x80010000 0x00000001
core   0: 0x8000eb60 (0x0000bfe5) c.j     pc - 8
core   0: 3 0x8000eb60 (0xbfe5)
core   0: 0x8000eb58 (0x00001f17) auipc   t5, 0x1
core   0: 3 0x8000eb58 (0x00001f17) x30 0x8000fb58
core   0: 0x8000eb5c (0x4a3f2423) sw      gp, 1192(t5)
core   0: 3 0x8000eb5c (0x4a3f2423) mem 0x80010000 0x00000001
core   0: 0x8000eb60 (0x0000bfe5) c.j     pc - 8
core   0: 3 0x8000eb60 (0xbfe5)
core   0: 0x8000eb58 (0x00001f17) auipc   t5, 0x1
core   0: 3 0x8000eb58 (0x00001f17) x30 0x8000fb58
core   0: 0x8000eb5c (0x4a3f2423) sw      gp, 1192(t5)
core   0: 3 0x8000eb5c (0x4a3f2423) mem 0x80010000 0x00000001
core   0: 0x8000eb60 (0x0000bfe5) c.j     pc - 8
core   0: 3 0x8000eb60 (0xbfe5)
core   0: 0x8000eb58 (0x00001f17) auipc   t5, 0x1
core   0: 3 0x8000eb58 (0x00001f17) x30 0x8000fb58
core   0: 0x8000eb5c (0x4a3f2423) sw      gp, 1192(t5)
core   0: 3 0x8000eb5c (0x4a3f2423) mem 0x80010000 0x00000001
core   0: 0x8000eb60 (0x0000bfe5) c.j     pc - 8
core   0: 3 0x8000eb60 (0xbfe5)
core   0: 0x8000eb58 (0x00001f17) auipc   t5, 0x1
core   0: 3 0x8000eb58 (0x00001f17) x30 0x8000fb58
core   0: 0x8000eb5c (0x4a3f2423) sw      gp, 1192(t5)
core   0: 3 0x8000eb5c (0x4a3f2423) mem 0x80010000 0x00000001
core   0: 0x8000eb60 (0x0000bfe5) c.j     pc - 8
core   0: 3 0x8000eb60 (0xbfe5)
core   0: 0x8000eb58 (0x00001f17) auipc   t5, 0x1
core   0: 3 0x8000eb58 (0x00001f17) x30 0x8000fb58
core   0: 0x8000eb5c (0x4a3f2423) sw      gp, 1192(t5)
core   0: 3 0x8000eb5c (0x4a3f2423) mem 0x80010000 0x00000001
core   0: 0x8000eb60 (0x0000bfe5) c.j     pc - 8
core   0: 3 0x8000eb60 (0xbfe5)
core   0: 0x8000eb58 (0x00001f17) auipc   t5, 0x1
core   0: 3 0x8000eb58 (0x00001f17) x30 0x8000fb58
core   0: 0x8000eb5c (0x4a3f2423) sw      gp, 1192(t5)
core   0: 3 0x8000eb5c (0x4a3f2423) mem 0x80010000 0x00000001
core   0: 0x8000eb60 (0x0000bfe5) c.j     pc - 8
core   0: 3 0x8000eb60 (0xbfe5)
core   0: 0x8000eb58 (0x00001f17) auipc   t5, 0x1
core   0: 3 0x8000eb58 (0x00001f17) x30 0x8000fb58
core   0: 0x8000eb5c (0x4a3f2423) sw      gp, 1192(t5)
core   0: 3 0x8000eb5c (0x4a3f2423) mem 0x80010000 0x00000001
core   0: 0x8000eb60 (0x0000bfe5) c.j     pc - 8
core   0: 3 0x8000eb60 (0xbfe5)
core   0: 0x8000eb58 (0x00001f17) auipc   t5, 0x1
core   0: 3 0x8000eb58 (0x00001f17) x30 0x8000fb58
core   0: 0x8000eb5c (0x4a3f2423) sw      gp, 1192(t5)
core   0: 3 0x8000eb5c (0x4a3f2423) mem 0x80010000 0x00000001
core   0: 0x8000eb60 (0x0000bfe5) c.j     pc - 8
core   0: 3 0x8000eb60 (0xbfe5)
core   0: 0x8000eb58 (0x00001f17) auipc   t5, 0x1
core   0: 3 0x8000eb58 (0x00001f17) x30 0x8000fb58
core   0: 0x8000eb5c (0x4a3f2423) sw      gp, 1192(t5)
core   0: 3 0x8000eb5c (0x4a3f2423) mem 0x80010000 0x00000001
core   0: 0x8000eb60 (0x0000bfe5) c.j     pc - 8
core   0: 3 0x8000eb60 (0xbfe5)
core   0: 0x8000eb58 (0x00001f17) auipc   t5, 0x1
core   0: 3 0x8000eb58 (0x00001f17) x30 0x8000fb58
core   0: 0x8000eb5c (0x4a3f2423) sw      gp, 1192(t5)
core   0: 3 0x8000eb5c (0x4a3f2423) mem 0x80010000 0x00000001
core   0: 0x8000eb60 (0x0000bfe5) c.j     pc - 8
core   0: 3 0x8000eb60 (0xbfe5)
core   0: 0x8000eb58 (0x00001f17) auipc   t5, 0x1
core   0: 3 0x8000eb58 (0x00001f17) x30 0x8000fb58
core   0: 0x8000eb5c (0x4a3f2423) sw      gp, 1192(t5)
core   0: 3 0x8000eb5c (0x4a3f2423) mem 0x80010000 0x00000001
core   0: 0x8000eb60 (0x0000bfe5) c.j     pc - 8
core   0: 3 0x8000eb60 (0xbfe5)
core   0: 0x8000eb58 (0x00001f17) auipc   t5, 0x1
core   0: 3 0x8000eb58 (0x00001f17) x30 0x8000fb58
core   0: 0x8000eb5c (0x4a3f2423) sw      gp, 1192(t5)
core   0: 3 0x8000eb5c (0x4a3f2423) mem 0x80010000 0x00000001
core   0: 0x8000eb60 (0x0000bfe5) c.j     pc - 8
core   0: 3 0x8000eb60 (0xbfe5)
core   0: 0x8000eb58 (0x00001f17) auipc   t5, 0x1
core   0: 3 0x8000eb58 (0x00001f17) x30 0x8000fb58
core   0: 0x8000eb5c (0x4a3f2423) sw      gp, 1192(t5)
core   0: 3 0x8000eb5c (0x4a3f2423) mem 0x80010000 0x00000001
core   0: 0x8000eb60 (0x0000bfe5) c.j     pc - 8
core   0: 3 0x8000eb60 (0xbfe5)
core   0: 0x8000eb58 (0x00001f17) auipc   t5, 0x1
core   0: 3 0x8000eb58 (0x00001f17) x30 0x8000fb58
core   0: 0x8000eb5c (0x4a3f2423) sw      gp, 1192(t5)
core   0: 3 0x8000eb5c (0x4a3f2423) mem 0x80010000 0x00000001
core   0: 0x8000eb60 (0x0000bfe5) c.j     pc - 8
core   0: 3 0x8000eb60 (0xbfe5)
core   0: 0x8000eb58 (0x00001f17) auipc   t5, 0x1
core   0: 3 0x8000eb58 (0x00001f17) x30 0x8000fb58
core   0: 0x8000eb5c (0x4a3f2423) sw      gp, 1192(t5)
core   0: 3 0x8000eb5c (0x4a3f2423) mem 0x80010000 0x00000001
core   0: 0x8000eb60 (0x0000bfe5) c.j     pc - 8
core   0: 3 0x8000eb60 (0xbfe5)
core   0: 0x8000eb58 (0x00001f17) auipc   t5, 0x1
core   0: 3 0x8000eb58 (0x00001f17) x30 0x8000fb58
core   0: 0x8000eb5c (0x4a3f2423) sw      gp, 1192(t5)
core   0: 3 0x8000eb5c (0x4a3f2423) mem 0x80010000 0x00000001
core   0: 0x8000eb60 (0x0000bfe5) c.j     pc - 8
core   0: 3 0x8000eb60 (0xbfe5)
core   0: 0x8000eb58 (0x00001f17) auipc   t5, 0x1
core   0: 3 0x8000eb58 (0x00001f17) x30 0x8000fb58
core   0: 0x8000eb5c (0x4a3f2423) sw      gp, 1192(t5)
core   0: 3 0x8000eb5c (0x4a3f2423) mem 0x80010000 0x00000001
core   0: 0x8000eb60 (0x0000bfe5) c.j     pc - 8
core   0: 3 0x8000eb60 (0xbfe5)
core   0: 0x8000eb58 (0x00001f17) auipc   t5, 0x1
core   0: 3 0x8000eb58 (0x00001f17) x30 0x8000fb58
core   0: 0x8000eb5c (0x4a3f2423) sw      gp, 1192(t5)
core   0: 3 0x8000eb5c (0x4a3f2423) mem 0x80010000 0x00000001
core   0: 0x8000eb60 (0x0000bfe5) c.j     pc - 8
core   0: 3 0x8000eb60 (0xbfe5)
core   0: 0x8000eb58 (0x00001f17) auipc   t5, 0x1
core   0: 3 0x8000eb58 (0x00001f17) x30 0x8000fb58
core   0: 0x8000eb5c (0x4a3f2423) sw      gp, 1192(t5)
core   0: 3 0x8000eb5c (0x4a3f2423) mem 0x80010000 0x00000001
core   0: 0x8000eb60 (0x0000bfe5) c.j     pc - 8
core   0: 3 0x8000eb60 (0xbfe5)
core   0: 0x8000eb58 (0x00001f17) auipc   t5, 0x1
core   0: 3 0x8000eb58 (0x00001f17) x30 0x8000fb58
core   0: 0x8000eb5c (0x4a3f2423) sw      gp, 1192(t5)
core   0: 3 0x8000eb5c (0x4a3f2423) mem 0x80010000 0x00000001
core   0: 0x8000eb60 (0x0000bfe5) c.j     pc - 8
core   0: 3 0x8000eb60 (0xbfe5)
core   0: 0x8000eb58 (0x00001f17) auipc   t5, 0x1
core   0: 3 0x8000eb58 (0x00001f17) x30 0x8000fb58
core   0: 0x8000eb5c (0x4a3f2423) sw      gp, 1192(t5)
core   0: 3 0x8000eb5c (0x4a3f2423) mem 0x80010000 0x00000001
core   0: 0x8000eb60 (0x0000bfe5) c.j     pc - 8
core   0: 3 0x8000eb60 (0xbfe5)
core   0: 0x8000eb58 (0x00001f17) auipc   t5, 0x1
core   0: 3 0x8000eb58 (0x00001f17) x30 0x8000fb58
core   0: 0x8000eb5c (0x4a3f2423) sw      gp, 1192(t5)
core   0: 3 0x8000eb5c (0x4a3f2423) mem 0x80010000 0x00000001
core   0: 0x8000eb60 (0x0000bfe5) c.j     pc - 8
core   0: 3 0x8000eb60 (0xbfe5)
core   0: 0x8000eb58 (0x00001f17) auipc   t5, 0x1
core   0: 3 0x8000eb58 (0x00001f17) x30 0x8000fb58
core   0: 0x8000eb5c (0x4a3f2423) sw      gp, 1192(t5)
core   0: 3 0x8000eb5c (0x4a3f2423) mem 0x80010000 0x00000001
core   0: 0x8000eb60 (0x0000bfe5) c.j     pc - 8
core   0: 3 0x8000eb60 (0xbfe5)
core   0: 0x8000eb58 (0x00001f17) auipc   t5, 0x1
core   0: 3 0x8000eb58 (0x00001f17) x30 0x8000fb58
core   0: 0x8000eb5c (0x4a3f2423) sw      gp, 1192(t5)
core   0: 3 0x8000eb5c (0x4a3f2423) mem 0x80010000 0x00000001
core   0: 0x8000eb60 (0x0000bfe5) c.j     pc - 8
core   0: 3 0x8000eb60 (0xbfe5)
core   0: 0x8000eb58 (0x00001f17) auipc   t5, 0x1
core   0: 3 0x8000eb58 (0x00001f17) x30 0x8000fb58
core   0: 0x8000eb5c (0x4a3f2423) sw      gp, 1192(t5)
core   0: 3 0x8000eb5c (0x4a3f2423) mem 0x80010000 0x00000001
core   0: 0x8000eb60 (0x0000bfe5) c.j     pc - 8
core   0: 3 0x8000eb60 (0xbfe5)
core   0: 0x8000eb58 (0x00001f17) auipc   t5, 0x1
core   0: 3 0x8000eb58 (0x00001f17) x30 0x8000fb58
core   0: 0x8000eb5c (0x4a3f2423) sw      gp, 1192(t5)
core   0: 3 0x8000eb5c (0x4a3f2423) mem 0x80010000 0x00000001
core   0: 0x8000eb60 (0x0000bfe5) c.j     pc - 8
core   0: 3 0x8000eb60 (0xbfe5)
core   0: 0x8000eb58 (0x00001f17) auipc   t5, 0x1
core   0: 3 0x8000eb58 (0x00001f17) x30 0x8000fb58
core   0: 0x8000eb5c (0x4a3f2423) sw      gp, 1192(t5)
core   0: 3 0x8000eb5c (0x4a3f2423) mem 0x80010000 0x00000001
core   0: 0x8000eb60 (0x0000bfe5) c.j     pc - 8
core   0: 3 0x8000eb60 (0xbfe5)
core   0: 0x8000eb58 (0x00001f17) auipc   t5, 0x1
core   0: 3 0x8000eb58 (0x00001f17) x30 0x8000fb58
core   0: 0x8000eb5c (0x4a3f2423) sw      gp, 1192(t5)
core   0: 3 0x8000eb5c (0x4a3f2423) mem 0x80010000 0x00000001
core   0: 0x8000eb60 (0x0000bfe5) c.j     pc - 8
core   0: 3 0x8000eb60 (0xbfe5)
core   0: 0x8000eb58 (0x00001f17) auipc   t5, 0x1
core   0: 3 0x8000eb58 (0x00001f17) x30 0x8000fb58
core   0: 0x8000eb5c (0x4a3f2423) sw      gp, 1192(t5)
core   0: 3 0x8000eb5c (0x4a3f2423) mem 0x80010000 0x00000001
core   0: 0x8000eb60 (0x0000bfe5) c.j     pc - 8
core   0: 3 0x8000eb60 (0xbfe5)
core   0: 0x8000eb58 (0x00001f17) auipc   t5, 0x1
core   0: 3 0x8000eb58 (0x00001f17) x30 0x8000fb58
core   0: 0x8000eb5c (0x4a3f2423) sw      gp, 1192(t5)
core   0: 3 0x8000eb5c (0x4a3f2423) mem 0x80010000 0x00000001
core   0: 0x8000eb60 (0x0000bfe5) c.j     pc - 8
core   0: 3 0x8000eb60 (0xbfe5)
core   0: 0x8000eb58 (0x00001f17) auipc   t5, 0x1
core   0: 3 0x8000eb58 (0x00001f17) x30 0x8000fb58
core   0: 0x8000eb5c (0x4a3f2423) sw      gp, 1192(t5)
core   0: 3 0x8000eb5c (0x4a3f2423) mem 0x80010000 0x00000001
core   0: 0x8000eb60 (0x0000bfe5) c.j     pc - 8
core   0: 3 0x8000eb60 (0xbfe5)
core   0: 0x8000eb58 (0x00001f17) auipc   t5, 0x1
core   0: 3 0x8000eb58 (0x00001f17) x30 0x8000fb58
core   0: 0x8000eb5c (0x4a3f2423) sw      gp, 1192(t5)
core   0: 3 0x8000eb5c (0x4a3f2423) mem 0x80010000 0x00000001
core   0: 0x8000eb60 (0x0000bfe5) c.j     pc - 8
core   0: 3 0x8000eb60 (0xbfe5)
core   0: 0x8000eb58 (0x00001f17) auipc   t5, 0x1
core   0: 3 0x8000eb58 (0x00001f17) x30 0x8000fb58
core   0: 0x8000eb5c (0x4a3f2423) sw      gp, 1192(t5)
core   0: 3 0x8000eb5c (0x4a3f2423) mem 0x80010000 0x00000001
core   0: 0x8000eb60 (0x0000bfe5) c.j     pc - 8
core   0: 3 0x8000eb60 (0xbfe5)
core   0: 0x8000eb58 (0x00001f17) auipc   t5, 0x1
core   0: 3 0x8000eb58 (0x00001f17) x30 0x8000fb58
core   0: 0x8000eb5c (0x4a3f2423) sw      gp, 1192(t5)
core   0: 3 0x8000eb5c (0x4a3f2423) mem 0x80010000 0x00000001
core   0: 0x8000eb60 (0x0000bfe5) c.j     pc - 8
core   0: 3 0x8000eb60 (0xbfe5)
core   0: 0x8000eb58 (0x00001f17) auipc   t5, 0x1
core   0: 3 0x8000eb58 (0x00001f17) x30 0x8000fb58
core   0: 0x8000eb5c (0x4a3f2423) sw      gp, 1192(t5)
core   0: 3 0x8000eb5c (0x4a3f2423) mem 0x80010000 0x00000001
core   0: 0x8000eb60 (0x0000bfe5) c.j     pc - 8
core   0: 3 0x8000eb60 (0xbfe5)
core   0: 0x8000eb58 (0x00001f17) auipc   t5, 0x1
core   0: 3 0x8000eb58 (0x00001f17) x30 0x8000fb58
core   0: 0x8000eb5c (0x4a3f2423) sw      gp, 1192(t5)
core   0: 3 0x8000eb5c (0x4a3f2423) mem 0x80010000 0x00000001
core   0: 0x8000eb60 (0x0000bfe5) c.j     pc - 8
core   0: 3 0x8000eb60 (0xbfe5)
core   0: 0x8000eb58 (0x00001f17) auipc   t5, 0x1
core   0: 3 0x8000eb58 (0x00001f17) x30 0x8000fb58
core   0: 0x8000eb5c (0x4a3f2423) sw      gp, 1192(t5)
core   0: 3 0x8000eb5c (0x4a3f2423) mem 0x80010000 0x00000001
core   0: 0x8000eb60 (0x0000bfe5) c.j     pc - 8
core   0: 3 0x8000eb60 (0xbfe5)
core   0: 0x8000eb58 (0x00001f17) auipc   t5, 0x1
core   0: 3 0x8000eb58 (0x00001f17) x30 0x8000fb58
core   0: 0x8000eb5c (0x4a3f2423) sw      gp, 1192(t5)
core   0: 3 0x8000eb5c (0x4a3f2423) mem 0x80010000 0x00000001
core   0: 0x8000eb60 (0x0000bfe5) c.j     pc - 8
core   0: 3 0x8000eb60 (0xbfe5)
core   0: 0x8000eb58 (0x00001f17) auipc   t5, 0x1
core   0: 3 0x8000eb58 (0x00001f17) x30 0x8000fb58
core   0: 0x8000eb5c (0x4a3f2423) sw      gp, 1192(t5)
core   0: 3 0x8000eb5c (0x4a3f2423) mem 0x80010000 0x00000001
core   0: 0x8000eb60 (0x0000bfe5) c.j     pc - 8
core   0: 3 0x8000eb60 (0xbfe5)
core   0: 0x8000eb58 (0x00001f17) auipc   t5, 0x1
core   0: 3 0x8000eb58 (0x00001f17) x30 0x8000fb58
core   0: 0x8000eb5c (0x4a3f2423) sw      gp, 1192(t5)
core   0: 3 0x8000eb5c (0x4a3f2423) mem 0x80010000 0x00000001
core   0: 0x8000eb60 (0x0000bfe5) c.j     pc - 8
core   0: 3 0x8000eb60 (0xbfe5)
core   0: 0x8000eb58 (0x00001f17) auipc   t5, 0x1
core   0: 3 0x8000eb58 (0x00001f17) x30 0x8000fb58
core   0: 0x8000eb5c (0x4a3f2423) sw      gp, 1192(t5)
core   0: 3 0x8000eb5c (0x4a3f2423) mem 0x80010000 0x00000001
core   0: 0x8000eb60 (0x0000bfe5) c.j     pc - 8
core   0: 3 0x8000eb60 (0xbfe5)
core   0: 0x8000eb58 (0x00001f17) auipc   t5, 0x1
core   0: 3 0x8000eb58 (0x00001f17) x30 0x8000fb58
core   0: 0x8000eb5c (0x4a3f2423) sw      gp, 1192(t5)
core   0: 3 0x8000eb5c (0x4a3f2423) mem 0x80010000 0x00000001
core   0: 0x8000eb60 (0x0000bfe5) c.j     pc - 8
core   0: 3 0x8000eb60 (0xbfe5)
core   0: 0x8000eb58 (0x00001f17) auipc   t5, 0x1
core   0: 3 0x8000eb58 (0x00001f17) x30 0x8000fb58
core   0: 0x8000eb5c (0x4a3f2423) sw      gp, 1192(t5)
core   0: 3 0x8000eb5c (0x4a3f2423) mem 0x80010000 0x00000001
core   0: 0x8000eb60 (0x0000bfe5) c.j     pc - 8
core   0: 3 0x8000eb60 (0xbfe5)
core   0: 0x8000eb58 (0x00001f17) auipc   t5, 0x1
core   0: 3 0x8000eb58 (0x00001f17) x30 0x8000fb58
core   0: 0x8000eb5c (0x4a3f2423) sw      gp, 1192(t5)
core   0: 3 0x8000eb5c (0x4a3f2423) mem 0x80010000 0x00000001
core   0: 0x8000eb60 (0x0000bfe5) c.j     pc - 8
core   0: 3 0x8000eb60 (0xbfe5)
core   0: 0x8000eb58 (0x00001f17) auipc   t5, 0x1
core   0: 3 0x8000eb58 (0x00001f17) x30 0x8000fb58
core   0: 0x8000eb5c (0x4a3f2423) sw      gp, 1192(t5)
core   0: 3 0x8000eb5c (0x4a3f2423) mem 0x80010000 0x00000001
core   0: 0x8000eb60 (0x0000bfe5) c.j     pc - 8
core   0: 3 0x8000eb60 (0xbfe5)
core   0: 0x8000eb58 (0x00001f17) auipc   t5, 0x1
core   0: 3 0x8000eb58 (0x00001f17) x30 0x8000fb58
core   0: 0x8000eb5c (0x4a3f2423) sw      gp, 1192(t5)
core   0: 3 0x8000eb5c (0x4a3f2423) mem 0x80010000 0x00000001
core   0: 0x8000eb60 (0x0000bfe5) c.j     pc - 8
core   0: 3 0x8000eb60 (0xbfe5)
core   0: 0x8000eb58 (0x00001f17) auipc   t5, 0x1
core   0: 3 0x8000eb58 (0x00001f17) x30 0x8000fb58
core   0: 0x8000eb5c (0x4a3f2423) sw      gp, 1192(t5)
core   0: 3 0x8000eb5c (0x4a3f2423) mem 0x80010000 0x00000001
core   0: 0x8000eb60 (0x0000bfe5) c.j     pc - 8
core   0: 3 0x8000eb60 (0xbfe5)
core   0: 0x8000eb58 (0x00001f17) auipc   t5, 0x1
core   0: 3 0x8000eb58 (0x00001f17) x30 0x8000fb58
core   0: 0x8000eb5c (0x4a3f2423) sw      gp, 1192(t5)
core   0: 3 0x8000eb5c (0x4a3f2423) mem 0x80010000 0x00000001
core   0: 0x8000eb60 (0x0000bfe5) c.j     pc - 8
core   0: 3 0x8000eb60 (0xbfe5)
core   0: 0x8000eb58 (0x00001f17) auipc   t5, 0x1
core   0: 3 0x8000eb58 (0x00001f17) x30 0x8000fb58
core   0: 0x8000eb5c (0x4a3f2423) sw      gp, 1192(t5)
core   0: 3 0x8000eb5c (0x4a3f2423) mem 0x80010000 0x00000001
core   0: 0x8000eb60 (0x0000bfe5) c.j     pc - 8
core   0: 3 0x8000eb60 (0xbfe5)
core   0: 0x8000eb58 (0x00001f17) auipc   t5, 0x1
core   0: 3 0x8000eb58 (0x00001f17) x30 0x8000fb58
core   0: 0x8000eb5c (0x4a3f2423) sw      gp, 1192(t5)
core   0: 3 0x8000eb5c (0x4a3f2423) mem 0x80010000 0x00000001
core   0: 0x8000eb60 (0x0000bfe5) c.j     pc - 8
core   0: 3 0x8000eb60 (0xbfe5)
core   0: 0x8000eb58 (0x00001f17) auipc   t5, 0x1
core   0: 3 0x8000eb58 (0x00001f17) x30 0x8000fb58
core   0: 0x8000eb5c (0x4a3f2423) sw      gp, 1192(t5)
core   0: 3 0x8000eb5c (0x4a3f2423) mem 0x80010000 0x00000001
core   0: 0x8000eb60 (0x0000bfe5) c.j     pc - 8
core   0: 3 0x8000eb60 (0xbfe5)
core   0: 0x8000eb58 (0x00001f17) auipc   t5, 0x1
core   0: 3 0x8000eb58 (0x00001f17) x30 0x8000fb58
core   0: 0x8000eb5c (0x4a3f2423) sw      gp, 1192(t5)
core   0: 3 0x8000eb5c (0x4a3f2423) mem 0x80010000 0x00000001
core   0: 0x8000eb60 (0x0000bfe5) c.j     pc - 8
core   0: 3 0x8000eb60 (0xbfe5)
core   0: 0x8000eb58 (0x00001f17) auipc   t5, 0x1
core   0: 3 0x8000eb58 (0x00001f17) x30 0x8000fb58
core   0: 0x8000eb5c (0x4a3f2423) sw      gp, 1192(t5)
core   0: 3 0x8000eb5c (0x4a3f2423) mem 0x80010000 0x00000001
core   0: 0x8000eb60 (0x0000bfe5) c.j     pc - 8
core   0: 3 0x8000eb60 (0xbfe5)
core   0: 0x8000eb58 (0x00001f17) auipc   t5, 0x1
core   0: 3 0x8000eb58 (0x00001f17) x30 0x8000fb58
core   0: 0x8000eb5c (0x4a3f2423) sw      gp, 1192(t5)
core   0: 3 0x8000eb5c (0x4a3f2423) mem 0x80010000 0x00000001
core   0: 0x8000eb60 (0x0000bfe5) c.j     pc - 8
core   0: 3 0x8000eb60 (0xbfe5)
core   0: 0x8000eb58 (0x00001f17) auipc   t5, 0x1
core   0: 3 0x8000eb58 (0x00001f17) x30 0x8000fb58
core   0: 0x8000eb5c (0x4a3f2423) sw      gp, 1192(t5)
core   0: 3 0x8000eb5c (0x4a3f2423) mem 0x80010000 0x00000001
core   0: 0x8000eb60 (0x0000bfe5) c.j     pc - 8
core   0: 3 0x8000eb60 (0xbfe5)
core   0: 0x8000eb58 (0x00001f17) auipc   t5, 0x1
core   0: 3 0x8000eb58 (0x00001f17) x30 0x8000fb58
core   0: 0x8000eb5c (0x4a3f2423) sw      gp, 1192(t5)
core   0: 3 0x8000eb5c (0x4a3f2423) mem 0x80010000 0x00000001
core   0: 0x8000eb60 (0x0000bfe5) c.j     pc - 8
core   0: 3 0x8000eb60 (0xbfe5)
core   0: 0x8000eb58 (0x00001f17) auipc   t5, 0x1
core   0: 3 0x8000eb58 (0x00001f17) x30 0x8000fb58
core   0: 0x8000eb5c (0x4a3f2423) sw      gp, 1192(t5)
core   0: 3 0x8000eb5c (0x4a3f2423) mem 0x80010000 0x00000001
core   0: 0x8000eb60 (0x0000bfe5) c.j     pc - 8
core   0: 3 0x8000eb60 (0xbfe5)
core   0: 0x8000eb58 (0x00001f17) auipc   t5, 0x1
core   0: 3 0x8000eb58 (0x00001f17) x30 0x8000fb58
core   0: 0x8000eb5c (0x4a3f2423) sw      gp, 1192(t5)
core   0: 3 0x8000eb5c (0x4a3f2423) mem 0x80010000 0x00000001
core   0: 0x8000eb60 (0x0000bfe5) c.j     pc - 8
core   0: 3 0x8000eb60 (0xbfe5)
core   0: 0x8000eb58 (0x00001f17) auipc   t5, 0x1
core   0: 3 0x8000eb58 (0x00001f17) x30 0x8000fb58
core   0: 0x8000eb5c (0x4a3f2423) sw      gp, 1192(t5)
core   0: 3 0x8000eb5c (0x4a3f2423) mem 0x80010000 0x00000001
core   0: 0x8000eb60 (0x0000bfe5) c.j     pc - 8
core   0: 3 0x8000eb60 (0xbfe5)
core   0: 0x8000eb58 (0x00001f17) auipc   t5, 0x1
core   0: 3 0x8000eb58 (0x00001f17) x30 0x8000fb58
core   0: 0x8000eb5c (0x4a3f2423) sw      gp, 1192(t5)
core   0: 3 0x8000eb5c (0x4a3f2423) mem 0x80010000 0x00000001
core   0: 0x8000eb60 (0x0000bfe5) c.j     pc - 8
core   0: 3 0x8000eb60 (0xbfe5)
core   0: 0x8000eb58 (0x00001f17) auipc   t5, 0x1
core   0: 3 0x8000eb58 (0x00001f17) x30 0x8000fb58
core   0: 0x8000eb5c (0x4a3f2423) sw      gp, 1192(t5)
core   0: 3 0x8000eb5c (0x4a3f2423) mem 0x80010000 0x00000001
core   0: 0x8000eb60 (0x0000bfe5) c.j     pc - 8
core   0: 3 0x8000eb60 (0xbfe5)
core   0: 0x8000eb58 (0x00001f17) auipc   t5, 0x1
core   0: 3 0x8000eb58 (0x00001f17) x30 0x8000fb58
core   0: 0x8000eb5c (0x4a3f2423) sw      gp, 1192(t5)
core   0: 3 0x8000eb5c (0x4a3f2423) mem 0x80010000 0x00000001
core   0: 0x8000eb60 (0x0000bfe5) c.j     pc - 8
core   0: 3 0x8000eb60 (0xbfe5)
core   0: 0x8000eb58 (0x00001f17) auipc   t5, 0x1
core   0: 3 0x8000eb58 (0x00001f17) x30 0x8000fb58
core   0: 0x8000eb5c (0x4a3f2423) sw      gp, 1192(t5)
core   0: 3 0x8000eb5c (0x4a3f2423) mem 0x80010000 0x00000001
core   0: 0x8000eb60 (0x0000bfe5) c.j     pc - 8
core   0: 3 0x8000eb60 (0xbfe5)
core   0: 0x8000eb58 (0x00001f17) auipc   t5, 0x1
core   0: 3 0x8000eb58 (0x00001f17) x30 0x8000fb58
core   0: 0x8000eb5c (0x4a3f2423) sw      gp, 1192(t5)
core   0: 3 0x8000eb5c (0x4a3f2423) mem 0x80010000 0x00000001
core   0: 0x8000eb60 (0x0000bfe5) c.j     pc - 8
core   0: 3 0x8000eb60 (0xbfe5)
core   0: 0x8000eb58 (0x00001f17) auipc   t5, 0x1
core   0: 3 0x8000eb58 (0x00001f17) x30 0x8000fb58
core   0: 0x8000eb5c (0x4a3f2423) sw      gp, 1192(t5)
core   0: 3 0x8000eb5c (0x4a3f2423) mem 0x80010000 0x00000001
core   0: 0x8000eb60 (0x0000bfe5) c.j     pc - 8
core   0: 3 0x8000eb60 (0xbfe5)
core   0: 0x8000eb58 (0x00001f17) auipc   t5, 0x1
core   0: 3 0x8000eb58 (0x00001f17) x30 0x8000fb58
core   0: 0x8000eb5c (0x4a3f2423) sw      gp, 1192(t5)
core   0: 3 0x8000eb5c (0x4a3f2423) mem 0x80010000 0x00000001
core   0: 0x8000eb60 (0x0000bfe5) c.j     pc - 8
core   0: 3 0x8000eb60 (0xbfe5)
core   0: 0x8000eb58 (0x00001f17) auipc   t5, 0x1
core   0: 3 0x8000eb58 (0x00001f17) x30 0x8000fb58
core   0: 0x8000eb5c (0x4a3f2423) sw      gp, 1192(t5)
core   0: 3 0x8000eb5c (0x4a3f2423) mem 0x80010000 0x00000001
core   0: 0x8000eb60 (0x0000bfe5) c.j     pc - 8
core   0: 3 0x8000eb60 (0xbfe5)
core   0: 0x8000eb58 (0x00001f17) auipc   t5, 0x1
core   0: 3 0x8000eb58 (0x00001f17) x30 0x8000fb58
core   0: 0x8000eb5c (0x4a3f2423) sw      gp, 1192(t5)
core   0: 3 0x8000eb5c (0x4a3f2423) mem 0x80010000 0x00000001
core   0: 0x8000eb60 (0x0000bfe5) c.j     pc - 8
core   0: 3 0x8000eb60 (0xbfe5)
core   0: 0x8000eb58 (0x00001f17) auipc   t5, 0x1
core   0: 3 0x8000eb58 (0x00001f17) x30 0x8000fb58
core   0: 0x8000eb5c (0x4a3f2423) sw      gp, 1192(t5)
core   0: 3 0x8000eb5c (0x4a3f2423) mem 0x80010000 0x00000001
core   0: 0x8000eb60 (0x0000bfe5) c.j     pc - 8
core   0: 3 0x8000eb60 (0xbfe5)
core   0: 0x8000eb58 (0x00001f17) auipc   t5, 0x1
core   0: 3 0x8000eb58 (0x00001f17) x30 0x8000fb58
core   0: 0x8000eb5c (0x4a3f2423) sw      gp, 1192(t5)
core   0: 3 0x8000eb5c (0x4a3f2423) mem 0x80010000 0x00000001
core   0: 0x8000eb60 (0x0000bfe5) c.j     pc - 8
core   0: 3 0x8000eb60 (0xbfe5)
core   0: 0x8000eb58 (0x00001f17) auipc   t5, 0x1
core   0: 3 0x8000eb58 (0x00001f17) x30 0x8000fb58
core   0: 0x8000eb5c (0x4a3f2423) sw      gp, 1192(t5)
core   0: 3 0x8000eb5c (0x4a3f2423) mem 0x80010000 0x00000001
core   0: 0x8000eb60 (0x0000bfe5) c.j     pc - 8
core   0: 3 0x8000eb60 (0xbfe5)
core   0: 0x8000eb58 (0x00001f17) auipc   t5, 0x1
core   0: 3 0x8000eb58 (0x00001f17) x30 0x8000fb58
core   0: 0x8000eb5c (0x4a3f2423) sw      gp, 1192(t5)
core   0: 3 0x8000eb5c (0x4a3f2423) mem 0x80010000 0x00000001
core   0: 0x8000eb60 (0x0000bfe5) c.j     pc - 8
core   0: 3 0x8000eb60 (0xbfe5)
core   0: 0x8000eb58 (0x00001f17) auipc   t5, 0x1
core   0: 3 0x8000eb58 (0x00001f17) x30 0x8000fb58
core   0: 0x8000eb5c (0x4a3f2423) sw      gp, 1192(t5)
core   0: 3 0x8000eb5c (0x4a3f2423) mem 0x80010000 0x00000001
core   0: 0x8000eb60 (0x0000bfe5) c.j     pc - 8
core   0: 3 0x8000eb60 (0xbfe5)
core   0: 0x8000eb58 (0x00001f17) auipc   t5, 0x1
core   0: 3 0x8000eb58 (0x00001f17) x30 0x8000fb58
core   0: 0x8000eb5c (0x4a3f2423) sw      gp, 1192(t5)
core   0: 3 0x8000eb5c (0x4a3f2423) mem 0x80010000 0x00000001
core   0: 0x8000eb60 (0x0000bfe5) c.j     pc - 8
core   0: 3 0x8000eb60 (0xbfe5)
core   0: 0x8000eb58 (0x00001f17) auipc   t5, 0x1
core   0: 3 0x8000eb58 (0x00001f17) x30 0x8000fb58
core   0: 0x8000eb5c (0x4a3f2423) sw      gp, 1192(t5)
core   0: 3 0x8000eb5c (0x4a3f2423) mem 0x80010000 0x00000001
core   0: 0x8000eb60 (0x0000bfe5) c.j     pc - 8
core   0: 3 0x8000eb60 (0xbfe5)
core   0: 0x8000eb58 (0x00001f17) auipc   t5, 0x1
core   0: 3 0x8000eb58 (0x00001f17) x30 0x8000fb58
core   0: 0x8000eb5c (0x4a3f2423) sw      gp, 1192(t5)
core   0: 3 0x8000eb5c (0x4a3f2423) mem 0x80010000 0x00000001
core   0: 0x8000eb60 (0x0000bfe5) c.j     pc - 8
core   0: 3 0x8000eb60 (0xbfe5)
core   0: 0x8000eb58 (0x00001f17) auipc   t5, 0x1
core   0: 3 0x8000eb58 (0x00001f17) x30 0x8000fb58
core   0: 0x8000eb5c (0x4a3f2423) sw      gp, 1192(t5)
core   0: 3 0x8000eb5c (0x4a3f2423) mem 0x80010000 0x00000001
core   0: 0x8000eb60 (0x0000bfe5) c.j     pc - 8
core   0: 3 0x8000eb60 (0xbfe5)
core   0: 0x8000eb58 (0x00001f17) auipc   t5, 0x1
core   0: 3 0x8000eb58 (0x00001f17) x30 0x8000fb58
core   0: 0x8000eb5c (0x4a3f2423) sw      gp, 1192(t5)
core   0: 3 0x8000eb5c (0x4a3f2423) mem 0x80010000 0x00000001
core   0: 0x8000eb60 (0x0000bfe5) c.j     pc - 8
core   0: 3 0x8000eb60 (0xbfe5)
core   0: 0x8000eb58 (0x00001f17) auipc   t5, 0x1
core   0: 3 0x8000eb58 (0x00001f17) x30 0x8000fb58
core   0: 0x8000eb5c (0x4a3f2423) sw      gp, 1192(t5)
core   0: 3 0x8000eb5c (0x4a3f2423) mem 0x80010000 0x00000001
core   0: 0x8000eb60 (0x0000bfe5) c.j     pc - 8
core   0: 3 0x8000eb60 (0xbfe5)
core   0: 0x8000eb58 (0x00001f17) auipc   t5, 0x1
core   0: 3 0x8000eb58 (0x00001f17) x30 0x8000fb58
core   0: 0x8000eb5c (0x4a3f2423) sw      gp, 1192(t5)
core   0: 3 0x8000eb5c (0x4a3f2423) mem 0x80010000 0x00000001
core   0: 0x8000eb60 (0x0000bfe5) c.j     pc - 8
core   0: 3 0x8000eb60 (0xbfe5)
core   0: 0x8000eb58 (0x00001f17) auipc   t5, 0x1
core   0: 3 0x8000eb58 (0x00001f17) x30 0x8000fb58
core   0: 0x8000eb5c (0x4a3f2423) sw      gp, 1192(t5)
core   0: 3 0x8000eb5c (0x4a3f2423) mem 0x80010000 0x00000001
core   0: 0x8000eb60 (0x0000bfe5) c.j     pc - 8
core   0: 3 0x8000eb60 (0xbfe5)
core   0: 0x8000eb58 (0x00001f17) auipc   t5, 0x1
core   0: 3 0x8000eb58 (0x00001f17) x30 0x8000fb58
core   0: 0x8000eb5c (0x4a3f2423) sw      gp, 1192(t5)
core   0: 3 0x8000eb5c (0x4a3f2423) mem 0x80010000 0x00000001
core   0: 0x8000eb60 (0x0000bfe5) c.j     pc - 8
core   0: 3 0x8000eb60 (0xbfe5)
core   0: 0x8000eb58 (0x00001f17) auipc   t5, 0x1
core   0: 3 0x8000eb58 (0x00001f17) x30 0x8000fb58
core   0: 0x8000eb5c (0x4a3f2423) sw      gp, 1192(t5)
core   0: 3 0x8000eb5c (0x4a3f2423) mem 0x80010000 0x00000001
core   0: 0x8000eb60 (0x0000bfe5) c.j     pc - 8
core   0: 3 0x8000eb60 (0xbfe5)
core   0: 0x8000eb58 (0x00001f17) auipc   t5, 0x1
core   0: 3 0x8000eb58 (0x00001f17) x30 0x8000fb58
core   0: 0x8000eb5c (0x4a3f2423) sw      gp, 1192(t5)
core   0: 3 0x8000eb5c (0x4a3f2423) mem 0x80010000 0x00000001
core   0: 0x8000eb60 (0x0000bfe5) c.j     pc - 8
core   0: 3 0x8000eb60 (0xbfe5)
core   0: 0x8000eb58 (0x00001f17) auipc   t5, 0x1
core   0: 3 0x8000eb58 (0x00001f17) x30 0x8000fb58
core   0: 0x8000eb5c (0x4a3f2423) sw      gp, 1192(t5)
core   0: 3 0x8000eb5c (0x4a3f2423) mem 0x80010000 0x00000001
core   0: 0x8000eb60 (0x0000bfe5) c.j     pc - 8
core   0: 3 0x8000eb60 (0xbfe5)
core   0: 0x8000eb58 (0x00001f17) auipc   t5, 0x1
core   0: 3 0x8000eb58 (0x00001f17) x30 0x8000fb58
core   0: 0x8000eb5c (0x4a3f2423) sw      gp, 1192(t5)
core   0: 3 0x8000eb5c (0x4a3f2423) mem 0x80010000 0x00000001
core   0: 0x8000eb60 (0x0000bfe5) c.j     pc - 8
core   0: 3 0x8000eb60 (0xbfe5)
core   0: 0x8000eb58 (0x00001f17) auipc   t5, 0x1
core   0: 3 0x8000eb58 (0x00001f17) x30 0x8000fb58
core   0: 0x8000eb5c (0x4a3f2423) sw      gp, 1192(t5)
core   0: 3 0x8000eb5c (0x4a3f2423) mem 0x80010000 0x00000001
core   0: 0x8000eb60 (0x0000bfe5) c.j     pc - 8
core   0: 3 0x8000eb60 (0xbfe5)
core   0: 0x8000eb58 (0x00001f17) auipc   t5, 0x1
core   0: 3 0x8000eb58 (0x00001f17) x30 0x8000fb58
core   0: 0x8000eb5c (0x4a3f2423) sw      gp, 1192(t5)
core   0: 3 0x8000eb5c (0x4a3f2423) mem 0x80010000 0x00000001
core   0: 0x8000eb60 (0x0000bfe5) c.j     pc - 8
core   0: 3 0x8000eb60 (0xbfe5)
core   0: 0x8000eb58 (0x00001f17) auipc   t5, 0x1
core   0: 3 0x8000eb58 (0x00001f17) x30 0x8000fb58
core   0: 0x8000eb5c (0x4a3f2423) sw      gp, 1192(t5)
core   0: 3 0x8000eb5c (0x4a3f2423) mem 0x80010000 0x00000001
core   0: 0x8000eb60 (0x0000bfe5) c.j     pc - 8
core   0: 3 0x8000eb60 (0xbfe5)
core   0: 0x8000eb58 (0x00001f17) auipc   t5, 0x1
core   0: 3 0x8000eb58 (0x00001f17) x30 0x8000fb58
core   0: 0x8000eb5c (0x4a3f2423) sw      gp, 1192(t5)
core   0: 3 0x8000eb5c (0x4a3f2423) mem 0x80010000 0x00000001
core   0: 0x8000eb60 (0x0000bfe5) c.j     pc - 8
core   0: 3 0x8000eb60 (0xbfe5)
core   0: 0x8000eb58 (0x00001f17) auipc   t5, 0x1
core   0: 3 0x8000eb58 (0x00001f17) x30 0x8000fb58
core   0: 0x8000eb5c (0x4a3f2423) sw      gp, 1192(t5)
core   0: 3 0x8000eb5c (0x4a3f2423) mem 0x80010000 0x00000001
core   0: 0x8000eb60 (0x0000bfe5) c.j     pc - 8
core   0: 3 0x8000eb60 (0xbfe5)
core   0: 0x8000eb58 (0x00001f17) auipc   t5, 0x1
core   0: 3 0x8000eb58 (0x00001f17) x30 0x8000fb58
core   0: 0x8000eb5c (0x4a3f2423) sw      gp, 1192(t5)
core   0: 3 0x8000eb5c (0x4a3f2423) mem 0x80010000 0x00000001
core   0: 0x8000eb60 (0x0000bfe5) c.j     pc - 8
core   0: 3 0x8000eb60 (0xbfe5)
core   0: 0x8000eb58 (0x00001f17) auipc   t5, 0x1
core   0: 3 0x8000eb58 (0x00001f17) x30 0x8000fb58
core   0: 0x8000eb5c (0x4a3f2423) sw      gp, 1192(t5)
core   0: 3 0x8000eb5c (0x4a3f2423) mem 0x80010000 0x00000001
core   0: 0x8000eb60 (0x0000bfe5) c.j     pc - 8
core   0: 3 0x8000eb60 (0xbfe5)
core   0: 0x8000eb58 (0x00001f17) auipc   t5, 0x1
core   0: 3 0x8000eb58 (0x00001f17) x30 0x8000fb58
core   0: 0x8000eb5c (0x4a3f2423) sw      gp, 1192(t5)
core   0: 3 0x8000eb5c (0x4a3f2423) mem 0x80010000 0x00000001
core   0: 0x8000eb60 (0x0000bfe5) c.j     pc - 8
core   0: 3 0x8000eb60 (0xbfe5)
core   0: 0x8000eb58 (0x00001f17) auipc   t5, 0x1
core   0: 3 0x8000eb58 (0x00001f17) x30 0x8000fb58
core   0: 0x8000eb5c (0x4a3f2423) sw      gp, 1192(t5)
core   0: 3 0x8000eb5c (0x4a3f2423) mem 0x80010000 0x00000001
core   0: 0x8000eb60 (0x0000bfe5) c.j     pc - 8
core   0: 3 0x8000eb60 (0xbfe5)
core   0: 0x8000eb58 (0x00001f17) auipc   t5, 0x1
core   0: 3 0x8000eb58 (0x00001f17) x30 0x8000fb58
core   0: 0x8000eb5c (0x4a3f2423) sw      gp, 1192(t5)
core   0: 3 0x8000eb5c (0x4a3f2423) mem 0x80010000 0x00000001
core   0: 0x8000eb60 (0x0000bfe5) c.j     pc - 8
core   0: 3 0x8000eb60 (0xbfe5)
core   0: 0x8000eb58 (0x00001f17) auipc   t5, 0x1
core   0: 3 0x8000eb58 (0x00001f17) x30 0x8000fb58
core   0: 0x8000eb5c (0x4a3f2423) sw      gp, 1192(t5)
core   0: 3 0x8000eb5c (0x4a3f2423) mem 0x80010000 0x00000001
core   0: 0x8000eb60 (0x0000bfe5) c.j     pc - 8
core   0: 3 0x8000eb60 (0xbfe5)
core   0: 0x8000eb58 (0x00001f17) auipc   t5, 0x1
core   0: 3 0x8000eb58 (0x00001f17) x30 0x8000fb58
core   0: 0x8000eb5c (0x4a3f2423) sw      gp, 1192(t5)
core   0: 3 0x8000eb5c (0x4a3f2423) mem 0x80010000 0x00000001
core   0: 0x8000eb60 (0x0000bfe5) c.j     pc - 8
core   0: 3 0x8000eb60 (0xbfe5)
core   0: 0x8000eb58 (0x00001f17) auipc   t5, 0x1
core   0: 3 0x8000eb58 (0x00001f17) x30 0x8000fb58
core   0: 0x8000eb5c (0x4a3f2423) sw      gp, 1192(t5)
core   0: 3 0x8000eb5c (0x4a3f2423) mem 0x80010000 0x00000001
core   0: 0x8000eb60 (0x0000bfe5) c.j     pc - 8
core   0: 3 0x8000eb60 (0xbfe5)
core   0: 0x8000eb58 (0x00001f17) auipc   t5, 0x1
core   0: 3 0x8000eb58 (0x00001f17) x30 0x8000fb58
core   0: 0x8000eb5c (0x4a3f2423) sw      gp, 1192(t5)
core   0: 3 0x8000eb5c (0x4a3f2423) mem 0x80010000 0x00000001
core   0: 0x8000eb60 (0x0000bfe5) c.j     pc - 8
core   0: 3 0x8000eb60 (0xbfe5)
core   0: 0x8000eb58 (0x00001f17) auipc   t5, 0x1
core   0: 3 0x8000eb58 (0x00001f17) x30 0x8000fb58
core   0: 0x8000eb5c (0x4a3f2423) sw      gp, 1192(t5)
core   0: 3 0x8000eb5c (0x4a3f2423) mem 0x80010000 0x00000001
core   0: 0x8000eb60 (0x0000bfe5) c.j     pc - 8
core   0: 3 0x8000eb60 (0xbfe5)
core   0: 0x8000eb58 (0x00001f17) auipc   t5, 0x1
core   0: 3 0x8000eb58 (0x00001f17) x30 0x8000fb58
core   0: 0x8000eb5c (0x4a3f2423) sw      gp, 1192(t5)
core   0: 3 0x8000eb5c (0x4a3f2423) mem 0x80010000 0x00000001
core   0: 0x8000eb60 (0x0000bfe5) c.j     pc - 8
core   0: 3 0x8000eb60 (0xbfe5)
core   0: 0x8000eb58 (0x00001f17) auipc   t5, 0x1
core   0: 3 0x8000eb58 (0x00001f17) x30 0x8000fb58
core   0: 0x8000eb5c (0x4a3f2423) sw      gp, 1192(t5)
core   0: 3 0x8000eb5c (0x4a3f2423) mem 0x80010000 0x00000001
core   0: 0x8000eb60 (0x0000bfe5) c.j     pc - 8
core   0: 3 0x8000eb60 (0xbfe5)
core   0: 0x8000eb58 (0x00001f17) auipc   t5, 0x1
core   0: 3 0x8000eb58 (0x00001f17) x30 0x8000fb58
core   0: 0x8000eb5c (0x4a3f2423) sw      gp, 1192(t5)
core   0: 3 0x8000eb5c (0x4a3f2423) mem 0x80010000 0x00000001
core   0: 0x8000eb60 (0x0000bfe5) c.j     pc - 8
core   0: 3 0x8000eb60 (0xbfe5)
core   0: 0x8000eb58 (0x00001f17) auipc   t5, 0x1
core   0: 3 0x8000eb58 (0x00001f17) x30 0x8000fb58
core   0: 0x8000eb5c (0x4a3f2423) sw      gp, 1192(t5)
core   0: 3 0x8000eb5c (0x4a3f2423) mem 0x80010000 0x00000001
core   0: 0x8000eb60 (0x0000bfe5) c.j     pc - 8
core   0: 3 0x8000eb60 (0xbfe5)
core   0: 0x8000eb58 (0x00001f17) auipc   t5, 0x1
core   0: 3 0x8000eb58 (0x00001f17) x30 0x8000fb58
core   0: 0x8000eb5c (0x4a3f2423) sw      gp, 1192(t5)
core   0: 3 0x8000eb5c (0x4a3f2423) mem 0x80010000 0x00000001
core   0: 0x8000eb60 (0x0000bfe5) c.j     pc - 8
core   0: 3 0x8000eb60 (0xbfe5)
core   0: 0x8000eb58 (0x00001f17) auipc   t5, 0x1
core   0: 3 0x8000eb58 (0x00001f17) x30 0x8000fb58
core   0: 0x8000eb5c (0x4a3f2423) sw      gp, 1192(t5)
core   0: 3 0x8000eb5c (0x4a3f2423) mem 0x80010000 0x00000001
core   0: 0x8000eb60 (0x0000bfe5) c.j     pc - 8
core   0: 3 0x8000eb60 (0xbfe5)
core   0: 0x8000eb58 (0x00001f17) auipc   t5, 0x1
core   0: 3 0x8000eb58 (0x00001f17) x30 0x8000fb58
core   0: 0x8000eb5c (0x4a3f2423) sw      gp, 1192(t5)
core   0: 3 0x8000eb5c (0x4a3f2423) mem 0x80010000 0x00000001
core   0: 0x8000eb60 (0x0000bfe5) c.j     pc - 8
core   0: 3 0x8000eb60 (0xbfe5)
core   0: 0x8000eb58 (0x00001f17) auipc   t5, 0x1
core   0: 3 0x8000eb58 (0x00001f17) x30 0x8000fb58
core   0: 0x8000eb5c (0x4a3f2423) sw      gp, 1192(t5)
core   0: 3 0x8000eb5c (0x4a3f2423) mem 0x80010000 0x00000001
core   0: 0x8000eb60 (0x0000bfe5) c.j     pc - 8
core   0: 3 0x8000eb60 (0xbfe5)
core   0: 0x8000eb58 (0x00001f17) auipc   t5, 0x1
core   0: 3 0x8000eb58 (0x00001f17) x30 0x8000fb58
core   0: 0x8000eb5c (0x4a3f2423) sw      gp, 1192(t5)
core   0: 3 0x8000eb5c (0x4a3f2423) mem 0x80010000 0x00000001
core   0: 0x8000eb60 (0x0000bfe5) c.j     pc - 8
core   0: 3 0x8000eb60 (0xbfe5)
core   0: 0x8000eb58 (0x00001f17) auipc   t5, 0x1
core   0: 3 0x8000eb58 (0x00001f17) x30 0x8000fb58
core   0: 0x8000eb5c (0x4a3f2423) sw      gp, 1192(t5)
core   0: 3 0x8000eb5c (0x4a3f2423) mem 0x80010000 0x00000001
core   0: 0x8000eb60 (0x0000bfe5) c.j     pc - 8
core   0: 3 0x8000eb60 (0xbfe5)
core   0: 0x8000eb58 (0x00001f17) auipc   t5, 0x1
core   0: 3 0x8000eb58 (0x00001f17) x30 0x8000fb58
core   0: 0x8000eb5c (0x4a3f2423) sw      gp, 1192(t5)
core   0: 3 0x8000eb5c (0x4a3f2423) mem 0x80010000 0x00000001
core   0: 0x8000eb60 (0x0000bfe5) c.j     pc - 8
core   0: 3 0x8000eb60 (0xbfe5)
core   0: 0x8000eb58 (0x00001f17) auipc   t5, 0x1
core   0: 3 0x8000eb58 (0x00001f17) x30 0x8000fb58
core   0: 0x8000eb5c (0x4a3f2423) sw      gp, 1192(t5)
core   0: 3 0x8000eb5c (0x4a3f2423) mem 0x80010000 0x00000001
core   0: 0x8000eb60 (0x0000bfe5) c.j     pc - 8
core   0: 3 0x8000eb60 (0xbfe5)
core   0: 0x8000eb58 (0x00001f17) auipc   t5, 0x1
core   0: 3 0x8000eb58 (0x00001f17) x30 0x8000fb58
core   0: 0x8000eb5c (0x4a3f2423) sw      gp, 1192(t5)
core   0: 3 0x8000eb5c (0x4a3f2423) mem 0x80010000 0x00000001
core   0: 0x8000eb60 (0x0000bfe5) c.j     pc - 8
core   0: 3 0x8000eb60 (0xbfe5)
core   0: 0x8000eb58 (0x00001f17) auipc   t5, 0x1
core   0: 3 0x8000eb58 (0x00001f17) x30 0x8000fb58
core   0: 0x8000eb5c (0x4a3f2423) sw      gp, 1192(t5)
core   0: 3 0x8000eb5c (0x4a3f2423) mem 0x80010000 0x00000001
core   0: 0x8000eb60 (0x0000bfe5) c.j     pc - 8
core   0: 3 0x8000eb60 (0xbfe5)
core   0: 0x8000eb58 (0x00001f17) auipc   t5, 0x1
core   0: 3 0x8000eb58 (0x00001f17) x30 0x8000fb58
core   0: 0x8000eb5c (0x4a3f2423) sw      gp, 1192(t5)
core   0: 3 0x8000eb5c (0x4a3f2423) mem 0x80010000 0x00000001
core   0: 0x8000eb60 (0x0000bfe5) c.j     pc - 8
core   0: 3 0x8000eb60 (0xbfe5)
core   0: 0x8000eb58 (0x00001f17) auipc   t5, 0x1
core   0: 3 0x8000eb58 (0x00001f17) x30 0x8000fb58
core   0: 0x8000eb5c (0x4a3f2423) sw      gp, 1192(t5)
core   0: 3 0x8000eb5c (0x4a3f2423) mem 0x80010000 0x00000001
core   0: 0x8000eb60 (0x0000bfe5) c.j     pc - 8
core   0: 3 0x8000eb60 (0xbfe5)
core   0: 0x8000eb58 (0x00001f17) auipc   t5, 0x1
core   0: 3 0x8000eb58 (0x00001f17) x30 0x8000fb58
core   0: 0x8000eb5c (0x4a3f2423) sw      gp, 1192(t5)
core   0: 3 0x8000eb5c (0x4a3f2423) mem 0x80010000 0x00000001
core   0: 0x8000eb60 (0x0000bfe5) c.j     pc - 8
core   0: 3 0x8000eb60 (0xbfe5)
core   0: 0x8000eb58 (0x00001f17) auipc   t5, 0x1
core   0: 3 0x8000eb58 (0x00001f17) x30 0x8000fb58
core   0: 0x8000eb5c (0x4a3f2423) sw      gp, 1192(t5)
core   0: 3 0x8000eb5c (0x4a3f2423) mem 0x80010000 0x00000001
core   0: 0x8000eb60 (0x0000bfe5) c.j     pc - 8
core   0: 3 0x8000eb60 (0xbfe5)
core   0: 0x8000eb58 (0x00001f17) auipc   t5, 0x1
core   0: 3 0x8000eb58 (0x00001f17) x30 0x8000fb58
core   0: 0x8000eb5c (0x4a3f2423) sw      gp, 1192(t5)
core   0: 3 0x8000eb5c (0x4a3f2423) mem 0x80010000 0x00000001
core   0: 0x8000eb60 (0x0000bfe5) c.j     pc - 8
core   0: 3 0x8000eb60 (0xbfe5)
core   0: 0x8000eb58 (0x00001f17) auipc   t5, 0x1
core   0: 3 0x8000eb58 (0x00001f17) x30 0x8000fb58
core   0: 0x8000eb5c (0x4a3f2423) sw      gp, 1192(t5)
core   0: 3 0x8000eb5c (0x4a3f2423) mem 0x80010000 0x00000001
core   0: 0x8000eb60 (0x0000bfe5) c.j     pc - 8
core   0: 3 0x8000eb60 (0xbfe5)
core   0: 0x8000eb58 (0x00001f17) auipc   t5, 0x1
core   0: 3 0x8000eb58 (0x00001f17) x30 0x8000fb58
core   0: 0x8000eb5c (0x4a3f2423) sw      gp, 1192(t5)
core   0: 3 0x8000eb5c (0x4a3f2423) mem 0x80010000 0x00000001
core   0: 0x8000eb60 (0x0000bfe5) c.j     pc - 8
core   0: 3 0x8000eb60 (0xbfe5)
core   0: 0x8000eb58 (0x00001f17) auipc   t5, 0x1
core   0: 3 0x8000eb58 (0x00001f17) x30 0x8000fb58
core   0: 0x8000eb5c (0x4a3f2423) sw      gp, 1192(t5)
core   0: 3 0x8000eb5c (0x4a3f2423) mem 0x80010000 0x00000001
core   0: 0x8000eb60 (0x0000bfe5) c.j     pc - 8
core   0: 3 0x8000eb60 (0xbfe5)
core   0: 0x8000eb58 (0x00001f17) auipc   t5, 0x1
core   0: 3 0x8000eb58 (0x00001f17) x30 0x8000fb58
core   0: 0x8000eb5c (0x4a3f2423) sw      gp, 1192(t5)
core   0: 3 0x8000eb5c (0x4a3f2423) mem 0x80010000 0x00000001
core   0: 0x8000eb60 (0x0000bfe5) c.j     pc - 8
core   0: 3 0x8000eb60 (0xbfe5)
core   0: 0x8000eb58 (0x00001f17) auipc   t5, 0x1
core   0: 3 0x8000eb58 (0x00001f17) x30 0x8000fb58
core   0: 0x8000eb5c (0x4a3f2423) sw      gp, 1192(t5)
core   0: 3 0x8000eb5c (0x4a3f2423) mem 0x80010000 0x00000001
core   0: 0x8000eb60 (0x0000bfe5) c.j     pc - 8
core   0: 3 0x8000eb60 (0xbfe5)
core   0: 0x8000eb58 (0x00001f17) auipc   t5, 0x1
core   0: 3 0x8000eb58 (0x00001f17) x30 0x8000fb58
core   0: 0x8000eb5c (0x4a3f2423) sw      gp, 1192(t5)
core   0: 3 0x8000eb5c (0x4a3f2423) mem 0x80010000 0x00000001
core   0: 0x8000eb60 (0x0000bfe5) c.j     pc - 8
core   0: 3 0x8000eb60 (0xbfe5)
core   0: 0x8000eb58 (0x00001f17) auipc   t5, 0x1
core   0: 3 0x8000eb58 (0x00001f17) x30 0x8000fb58
core   0: 0x8000eb5c (0x4a3f2423) sw      gp, 1192(t5)
core   0: 3 0x8000eb5c (0x4a3f2423) mem 0x80010000 0x00000001
core   0: 0x8000eb60 (0x0000bfe5) c.j     pc - 8
core   0: 3 0x8000eb60 (0xbfe5)
core   0: 0x8000eb58 (0x00001f17) auipc   t5, 0x1
core   0: 3 0x8000eb58 (0x00001f17) x30 0x8000fb58
core   0: 0x8000eb5c (0x4a3f2423) sw      gp, 1192(t5)
core   0: 3 0x8000eb5c (0x4a3f2423) mem 0x80010000 0x00000001
core   0: 0x8000eb60 (0x0000bfe5) c.j     pc - 8
core   0: 3 0x8000eb60 (0xbfe5)
core   0: 0x8000eb58 (0x00001f17) auipc   t5, 0x1
core   0: 3 0x8000eb58 (0x00001f17) x30 0x8000fb58
core   0: 0x8000eb5c (0x4a3f2423) sw      gp, 1192(t5)
core   0: 3 0x8000eb5c (0x4a3f2423) mem 0x80010000 0x00000001
core   0: 0x8000eb60 (0x0000bfe5) c.j     pc - 8
core   0: 3 0x8000eb60 (0xbfe5)
core   0: 0x8000eb58 (0x00001f17) auipc   t5, 0x1
core   0: 3 0x8000eb58 (0x00001f17) x30 0x8000fb58
core   0: 0x8000eb5c (0x4a3f2423) sw      gp, 1192(t5)
core   0: 3 0x8000eb5c (0x4a3f2423) mem 0x80010000 0x00000001
core   0: 0x8000eb60 (0x0000bfe5) c.j     pc - 8
core   0: 3 0x8000eb60 (0xbfe5)
core   0: 0x8000eb58 (0x00001f17) auipc   t5, 0x1
core   0: 3 0x8000eb58 (0x00001f17) x30 0x8000fb58
core   0: 0x8000eb5c (0x4a3f2423) sw      gp, 1192(t5)
core   0: 3 0x8000eb5c (0x4a3f2423) mem 0x80010000 0x00000001
core   0: 0x8000eb60 (0x0000bfe5) c.j     pc - 8
core   0: 3 0x8000eb60 (0xbfe5)
core   0: 0x8000eb58 (0x00001f17) auipc   t5, 0x1
core   0: 3 0x8000eb58 (0x00001f17) x30 0x8000fb58
core   0: 0x8000eb5c (0x4a3f2423) sw      gp, 1192(t5)
core   0: 3 0x8000eb5c (0x4a3f2423) mem 0x80010000 0x00000001
core   0: 0x8000eb60 (0x0000bfe5) c.j     pc - 8
core   0: 3 0x8000eb60 (0xbfe5)
core   0: 0x8000eb58 (0x00001f17) auipc   t5, 0x1
core   0: 3 0x8000eb58 (0x00001f17) x30 0x8000fb58
core   0: 0x8000eb5c (0x4a3f2423) sw      gp, 1192(t5)
core   0: 3 0x8000eb5c (0x4a3f2423) mem 0x80010000 0x00000001
core   0: 0x8000eb60 (0x0000bfe5) c.j     pc - 8
core   0: 3 0x8000eb60 (0xbfe5)
core   0: 0x8000eb58 (0x00001f17) auipc   t5, 0x1
core   0: 3 0x8000eb58 (0x00001f17) x30 0x8000fb58
core   0: 0x8000eb5c (0x4a3f2423) sw      gp, 1192(t5)
core   0: 3 0x8000eb5c (0x4a3f2423) mem 0x80010000 0x00000001
core   0: 0x8000eb60 (0x0000bfe5) c.j     pc - 8
core   0: 3 0x8000eb60 (0xbfe5)
core   0: 0x8000eb58 (0x00001f17) auipc   t5, 0x1
core   0: 3 0x8000eb58 (0x00001f17) x30 0x8000fb58
core   0: 0x8000eb5c (0x4a3f2423) sw      gp, 1192(t5)
core   0: 3 0x8000eb5c (0x4a3f2423) mem 0x80010000 0x00000001
core   0: 0x8000eb60 (0x0000bfe5) c.j     pc - 8
core   0: 3 0x8000eb60 (0xbfe5)
core   0: 0x8000eb58 (0x00001f17) auipc   t5, 0x1
core   0: 3 0x8000eb58 (0x00001f17) x30 0x8000fb58
core   0: 0x8000eb5c (0x4a3f2423) sw      gp, 1192(t5)
core   0: 3 0x8000eb5c (0x4a3f2423) mem 0x80010000 0x00000001
core   0: 0x8000eb60 (0x0000bfe5) c.j     pc - 8
core   0: 3 0x8000eb60 (0xbfe5)
core   0: 0x8000eb58 (0x00001f17) auipc   t5, 0x1
core   0: 3 0x8000eb58 (0x00001f17) x30 0x8000fb58
core   0: 0x8000eb5c (0x4a3f2423) sw      gp, 1192(t5)
core   0: 3 0x8000eb5c (0x4a3f2423) mem 0x80010000 0x00000001
core   0: 0x8000eb60 (0x0000bfe5) c.j     pc - 8
core   0: 3 0x8000eb60 (0xbfe5)
core   0: 0x8000eb58 (0x00001f17) auipc   t5, 0x1
core   0: 3 0x8000eb58 (0x00001f17) x30 0x8000fb58
core   0: 0x8000eb5c (0x4a3f2423) sw      gp, 1192(t5)
core   0: 3 0x8000eb5c (0x4a3f2423) mem 0x80010000 0x00000001
core   0: 0x8000eb60 (0x0000bfe5) c.j     pc - 8
core   0: 3 0x8000eb60 (0xbfe5)
core   0: 0x8000eb58 (0x00001f17) auipc   t5, 0x1
core   0: 3 0x8000eb58 (0x00001f17) x30 0x8000fb58
core   0: 0x8000eb5c (0x4a3f2423) sw      gp, 1192(t5)
core   0: 3 0x8000eb5c (0x4a3f2423) mem 0x80010000 0x00000001
core   0: 0x8000eb60 (0x0000bfe5) c.j     pc - 8
core   0: 3 0x8000eb60 (0xbfe5)
core   0: 0x8000eb58 (0x00001f17) auipc   t5, 0x1
core   0: 3 0x8000eb58 (0x00001f17) x30 0x8000fb58
core   0: 0x8000eb5c (0x4a3f2423) sw      gp, 1192(t5)
core   0: 3 0x8000eb5c (0x4a3f2423) mem 0x80010000 0x00000001
core   0: 0x8000eb60 (0x0000bfe5) c.j     pc - 8
core   0: 3 0x8000eb60 (0xbfe5)
core   0: 0x8000eb58 (0x00001f17) auipc   t5, 0x1
core   0: 3 0x8000eb58 (0x00001f17) x30 0x8000fb58
core   0: 0x8000eb5c (0x4a3f2423) sw      gp, 1192(t5)
core   0: 3 0x8000eb5c (0x4a3f2423) mem 0x80010000 0x00000001
core   0: 0x8000eb60 (0x0000bfe5) c.j     pc - 8
core   0: 3 0x8000eb60 (0xbfe5)
core   0: 0x8000eb58 (0x00001f17) auipc   t5, 0x1
core   0: 3 0x8000eb58 (0x00001f17) x30 0x8000fb58
core   0: 0x8000eb5c (0x4a3f2423) sw      gp, 1192(t5)
core   0: 3 0x8000eb5c (0x4a3f2423) mem 0x80010000 0x00000001
core   0: 0x8000eb60 (0x0000bfe5) c.j     pc - 8
core   0: 3 0x8000eb60 (0xbfe5)
core   0: 0x8000eb58 (0x00001f17) auipc   t5, 0x1
core   0: 3 0x8000eb58 (0x00001f17) x30 0x8000fb58
core   0: 0x8000eb5c (0x4a3f2423) sw      gp, 1192(t5)
core   0: 3 0x8000eb5c (0x4a3f2423) mem 0x80010000 0x00000001
core   0: 0x8000eb60 (0x0000bfe5) c.j     pc - 8
core   0: 3 0x8000eb60 (0xbfe5)
core   0: 0x8000eb58 (0x00001f17) auipc   t5, 0x1
core   0: 3 0x8000eb58 (0x00001f17) x30 0x8000fb58
core   0: 0x8000eb5c (0x4a3f2423) sw      gp, 1192(t5)
core   0: 3 0x8000eb5c (0x4a3f2423) mem 0x80010000 0x00000001
core   0: 0x8000eb60 (0x0000bfe5) c.j     pc - 8
core   0: 3 0x8000eb60 (0xbfe5)
core   0: 0x8000eb58 (0x00001f17) auipc   t5, 0x1
core   0: 3 0x8000eb58 (0x00001f17) x30 0x8000fb58
core   0: 0x8000eb5c (0x4a3f2423) sw      gp, 1192(t5)
core   0: 3 0x8000eb5c (0x4a3f2423) mem 0x80010000 0x00000001
core   0: 0x8000eb60 (0x0000bfe5) c.j     pc - 8
core   0: 3 0x8000eb60 (0xbfe5)
core   0: 0x8000eb58 (0x00001f17) auipc   t5, 0x1
core   0: 3 0x8000eb58 (0x00001f17) x30 0x8000fb58
core   0: 0x8000eb5c (0x4a3f2423) sw      gp, 1192(t5)
core   0: 3 0x8000eb5c (0x4a3f2423) mem 0x80010000 0x00000001
core   0: 0x8000eb60 (0x0000bfe5) c.j     pc - 8
core   0: 3 0x8000eb60 (0xbfe5)
core   0: 0x8000eb58 (0x00001f17) auipc   t5, 0x1
core   0: 3 0x8000eb58 (0x00001f17) x30 0x8000fb58
core   0: 0x8000eb5c (0x4a3f2423) sw      gp, 1192(t5)
core   0: 3 0x8000eb5c (0x4a3f2423) mem 0x80010000 0x00000001
core   0: 0x8000eb60 (0x0000bfe5) c.j     pc - 8
core   0: 3 0x8000eb60 (0xbfe5)
core   0: 0x8000eb58 (0x00001f17) auipc   t5, 0x1
core   0: 3 0x8000eb58 (0x00001f17) x30 0x8000fb58
core   0: 0x8000eb5c (0x4a3f2423) sw      gp, 1192(t5)
core   0: 3 0x8000eb5c (0x4a3f2423) mem 0x80010000 0x00000001
core   0: 0x8000eb60 (0x0000bfe5) c.j     pc - 8
core   0: 3 0x8000eb60 (0xbfe5)
core   0: 0x8000eb58 (0x00001f17) auipc   t5, 0x1
core   0: 3 0x8000eb58 (0x00001f17) x30 0x8000fb58
core   0: 0x8000eb5c (0x4a3f2423) sw      gp, 1192(t5)
core   0: 3 0x8000eb5c (0x4a3f2423) mem 0x80010000 0x00000001
core   0: 0x8000eb60 (0x0000bfe5) c.j     pc - 8
core   0: 3 0x8000eb60 (0xbfe5)
core   0: 0x8000eb58 (0x00001f17) auipc   t5, 0x1
core   0: 3 0x8000eb58 (0x00001f17) x30 0x8000fb58
core   0: 0x8000eb5c (0x4a3f2423) sw      gp, 1192(t5)
core   0: 3 0x8000eb5c (0x4a3f2423) mem 0x80010000 0x00000001
core   0: 0x8000eb60 (0x0000bfe5) c.j     pc - 8
core   0: 3 0x8000eb60 (0xbfe5)
core   0: 0x8000eb58 (0x00001f17) auipc   t5, 0x1
core   0: 3 0x8000eb58 (0x00001f17) x30 0x8000fb58
core   0: 0x8000eb5c (0x4a3f2423) sw      gp, 1192(t5)
core   0: 3 0x8000eb5c (0x4a3f2423) mem 0x80010000 0x00000001
core   0: 0x8000eb60 (0x0000bfe5) c.j     pc - 8
core   0: 3 0x8000eb60 (0xbfe5)
core   0: 0x8000eb58 (0x00001f17) auipc   t5, 0x1
core   0: 3 0x8000eb58 (0x00001f17) x30 0x8000fb58
core   0: 0x8000eb5c (0x4a3f2423) sw      gp, 1192(t5)
core   0: 3 0x8000eb5c (0x4a3f2423) mem 0x80010000 0x00000001
core   0: 0x8000eb60 (0x0000bfe5) c.j     pc - 8
core   0: 3 0x8000eb60 (0xbfe5)
core   0: 0x8000eb58 (0x00001f17) auipc   t5, 0x1
core   0: 3 0x8000eb58 (0x00001f17) x30 0x8000fb58
core   0: 0x8000eb5c (0x4a3f2423) sw      gp, 1192(t5)
core   0: 3 0x8000eb5c (0x4a3f2423) mem 0x80010000 0x00000001
core   0: 0x8000eb60 (0x0000bfe5) c.j     pc - 8
core   0: 3 0x8000eb60 (0xbfe5)
core   0: 0x8000eb58 (0x00001f17) auipc   t5, 0x1
core   0: 3 0x8000eb58 (0x00001f17) x30 0x8000fb58
core   0: 0x8000eb5c (0x4a3f2423) sw      gp, 1192(t5)
core   0: 3 0x8000eb5c (0x4a3f2423) mem 0x80010000 0x00000001
core   0: 0x8000eb60 (0x0000bfe5) c.j     pc - 8
core   0: 3 0x8000eb60 (0xbfe5)
core   0: 0x8000eb58 (0x00001f17) auipc   t5, 0x1
core   0: 3 0x8000eb58 (0x00001f17) x30 0x8000fb58
core   0: 0x8000eb5c (0x4a3f2423) sw      gp, 1192(t5)
core   0: 3 0x8000eb5c (0x4a3f2423) mem 0x80010000 0x00000001
core   0: 0x8000eb60 (0x0000bfe5) c.j     pc - 8
core   0: 3 0x8000eb60 (0xbfe5)
core   0: 0x8000eb58 (0x00001f17) auipc   t5, 0x1
core   0: 3 0x8000eb58 (0x00001f17) x30 0x8000fb58
core   0: 0x8000eb5c (0x4a3f2423) sw      gp, 1192(t5)
core   0: 3 0x8000eb5c (0x4a3f2423) mem 0x80010000 0x00000001
core   0: 0x8000eb60 (0x0000bfe5) c.j     pc - 8
core   0: 3 0x8000eb60 (0xbfe5)
core   0: 0x8000eb58 (0x00001f17) auipc   t5, 0x1
core   0: 3 0x8000eb58 (0x00001f17) x30 0x8000fb58
core   0: 0x8000eb5c (0x4a3f2423) sw      gp, 1192(t5)
core   0: 3 0x8000eb5c (0x4a3f2423) mem 0x80010000 0x00000001
core   0: 0x8000eb60 (0x0000bfe5) c.j     pc - 8
core   0: 3 0x8000eb60 (0xbfe5)
core   0: 0x8000eb58 (0x00001f17) auipc   t5, 0x1
core   0: 3 0x8000eb58 (0x00001f17) x30 0x8000fb58
core   0: 0x8000eb5c (0x4a3f2423) sw      gp, 1192(t5)
core   0: 3 0x8000eb5c (0x4a3f2423) mem 0x80010000 0x00000001
core   0: 0x8000eb60 (0x0000bfe5) c.j     pc - 8
core   0: 3 0x8000eb60 (0xbfe5)
core   0: 0x8000eb58 (0x00001f17) auipc   t5, 0x1
core   0: 3 0x8000eb58 (0x00001f17) x30 0x8000fb58
core   0: 0x8000eb5c (0x4a3f2423) sw      gp, 1192(t5)
core   0: 3 0x8000eb5c (0x4a3f2423) mem 0x80010000 0x00000001
core   0: 0x8000eb60 (0x0000bfe5) c.j     pc - 8
core   0: 3 0x8000eb60 (0xbfe5)
core   0: 0x8000eb58 (0x00001f17) auipc   t5, 0x1
core   0: 3 0x8000eb58 (0x00001f17) x30 0x8000fb58
core   0: 0x8000eb5c (0x4a3f2423) sw      gp, 1192(t5)
core   0: 3 0x8000eb5c (0x4a3f2423) mem 0x80010000 0x00000001
core   0: 0x8000eb60 (0x0000bfe5) c.j     pc - 8
core   0: 3 0x8000eb60 (0xbfe5)
core   0: 0x8000eb58 (0x00001f17) auipc   t5, 0x1
core   0: 3 0x8000eb58 (0x00001f17) x30 0x8000fb58
core   0: 0x8000eb5c (0x4a3f2423) sw      gp, 1192(t5)
core   0: 3 0x8000eb5c (0x4a3f2423) mem 0x80010000 0x00000001
core   0: 0x8000eb60 (0x0000bfe5) c.j     pc - 8
core   0: 3 0x8000eb60 (0xbfe5)
core   0: 0x8000eb58 (0x00001f17) auipc   t5, 0x1
core   0: 3 0x8000eb58 (0x00001f17) x30 0x8000fb58
core   0: 0x8000eb5c (0x4a3f2423) sw      gp, 1192(t5)
core   0: 3 0x8000eb5c (0x4a3f2423) mem 0x80010000 0x00000001
core   0: 0x8000eb60 (0x0000bfe5) c.j     pc - 8
core   0: 3 0x8000eb60 (0xbfe5)
core   0: 0x8000eb58 (0x00001f17) auipc   t5, 0x1
core   0: 3 0x8000eb58 (0x00001f17) x30 0x8000fb58
core   0: 0x8000eb5c (0x4a3f2423) sw      gp, 1192(t5)
core   0: 3 0x8000eb5c (0x4a3f2423) mem 0x80010000 0x00000001
core   0: 0x8000eb60 (0x0000bfe5) c.j     pc - 8
core   0: 3 0x8000eb60 (0xbfe5)
core   0: 0x8000eb58 (0x00001f17) auipc   t5, 0x1
core   0: 3 0x8000eb58 (0x00001f17) x30 0x8000fb58
core   0: 0x8000eb5c (0x4a3f2423) sw      gp, 1192(t5)
core   0: 3 0x8000eb5c (0x4a3f2423) mem 0x80010000 0x00000001
core   0: 0x8000eb60 (0x0000bfe5) c.j     pc - 8
core   0: 3 0x8000eb60 (0xbfe5)
core   0: 0x8000eb58 (0x00001f17) auipc   t5, 0x1
core   0: 3 0x8000eb58 (0x00001f17) x30 0x8000fb58
core   0: 0x8000eb5c (0x4a3f2423) sw      gp, 1192(t5)
core   0: 3 0x8000eb5c (0x4a3f2423) mem 0x80010000 0x00000001
core   0: 0x8000eb60 (0x0000bfe5) c.j     pc - 8
core   0: 3 0x8000eb60 (0xbfe5)
core   0: 0x8000eb58 (0x00001f17) auipc   t5, 0x1
core   0: 3 0x8000eb58 (0x00001f17) x30 0x8000fb58
core   0: 0x8000eb5c (0x4a3f2423) sw      gp, 1192(t5)
core   0: 3 0x8000eb5c (0x4a3f2423) mem 0x80010000 0x00000001
core   0: 0x8000eb60 (0x0000bfe5) c.j     pc - 8
core   0: 3 0x8000eb60 (0xbfe5)
core   0: 0x8000eb58 (0x00001f17) auipc   t5, 0x1
core   0: 3 0x8000eb58 (0x00001f17) x30 0x8000fb58
core   0: 0x8000eb5c (0x4a3f2423) sw      gp, 1192(t5)
core   0: 3 0x8000eb5c (0x4a3f2423) mem 0x80010000 0x00000001
core   0: 0x8000eb60 (0x0000bfe5) c.j     pc - 8
core   0: 3 0x8000eb60 (0xbfe5)
core   0: 0x8000eb58 (0x00001f17) auipc   t5, 0x1
core   0: 3 0x8000eb58 (0x00001f17) x30 0x8000fb58
core   0: 0x8000eb5c (0x4a3f2423) sw      gp, 1192(t5)
core   0: 3 0x8000eb5c (0x4a3f2423) mem 0x80010000 0x00000001
core   0: 0x8000eb60 (0x0000bfe5) c.j     pc - 8
core   0: 3 0x8000eb60 (0xbfe5)
core   0: 0x8000eb58 (0x00001f17) auipc   t5, 0x1
core   0: 3 0x8000eb58 (0x00001f17) x30 0x8000fb58
core   0: 0x8000eb5c (0x4a3f2423) sw      gp, 1192(t5)
core   0: 3 0x8000eb5c (0x4a3f2423) mem 0x80010000 0x00000001
core   0: 0x8000eb60 (0x0000bfe5) c.j     pc - 8
core   0: 3 0x8000eb60 (0xbfe5)
core   0: 0x8000eb58 (0x00001f17) auipc   t5, 0x1
core   0: 3 0x8000eb58 (0x00001f17) x30 0x8000fb58
core   0: 0x8000eb5c (0x4a3f2423) sw      gp, 1192(t5)
core   0: 3 0x8000eb5c (0x4a3f2423) mem 0x80010000 0x00000001
core   0: 0x8000eb60 (0x0000bfe5) c.j     pc - 8
core   0: 3 0x8000eb60 (0xbfe5)
core   0: 0x8000eb58 (0x00001f17) auipc   t5, 0x1
core   0: 3 0x8000eb58 (0x00001f17) x30 0x8000fb58
core   0: 0x8000eb5c (0x4a3f2423) sw      gp, 1192(t5)
core   0: 3 0x8000eb5c (0x4a3f2423) mem 0x80010000 0x00000001
core   0: 0x8000eb60 (0x0000bfe5) c.j     pc - 8
core   0: 3 0x8000eb60 (0xbfe5)
core   0: 0x8000eb58 (0x00001f17) auipc   t5, 0x1
core   0: 3 0x8000eb58 (0x00001f17) x30 0x8000fb58
core   0: 0x8000eb5c (0x4a3f2423) sw      gp, 1192(t5)
core   0: 3 0x8000eb5c (0x4a3f2423) mem 0x80010000 0x00000001
core   0: 0x8000eb60 (0x0000bfe5) c.j     pc - 8
core   0: 3 0x8000eb60 (0xbfe5)
core   0: 0x8000eb58 (0x00001f17) auipc   t5, 0x1
core   0: 3 0x8000eb58 (0x00001f17) x30 0x8000fb58
core   0: 0x8000eb5c (0x4a3f2423) sw      gp, 1192(t5)
core   0: 3 0x8000eb5c (0x4a3f2423) mem 0x80010000 0x00000001
core   0: 0x8000eb60 (0x0000bfe5) c.j     pc - 8
core   0: 3 0x8000eb60 (0xbfe5)
core   0: 0x8000eb58 (0x00001f17) auipc   t5, 0x1
core   0: 3 0x8000eb58 (0x00001f17) x30 0x8000fb58
core   0: 0x8000eb5c (0x4a3f2423) sw      gp, 1192(t5)
core   0: 3 0x8000eb5c (0x4a3f2423) mem 0x80010000 0x00000001
core   0: 0x8000eb60 (0x0000bfe5) c.j     pc - 8
core   0: 3 0x8000eb60 (0xbfe5)
core   0: 0x8000eb58 (0x00001f17) auipc   t5, 0x1
core   0: 3 0x8000eb58 (0x00001f17) x30 0x8000fb58
core   0: 0x8000eb5c (0x4a3f2423) sw      gp, 1192(t5)
core   0: 3 0x8000eb5c (0x4a3f2423) mem 0x80010000 0x00000001
core   0: 0x8000eb60 (0x0000bfe5) c.j     pc - 8
core   0: 3 0x8000eb60 (0xbfe5)
core   0: 0x8000eb58 (0x00001f17) auipc   t5, 0x1
core   0: 3 0x8000eb58 (0x00001f17) x30 0x8000fb58
core   0: 0x8000eb5c (0x4a3f2423) sw      gp, 1192(t5)
core   0: 3 0x8000eb5c (0x4a3f2423) mem 0x80010000 0x00000001
core   0: 0x8000eb60 (0x0000bfe5) c.j     pc - 8
core   0: 3 0x8000eb60 (0xbfe5)
core   0: 0x8000eb58 (0x00001f17) auipc   t5, 0x1
core   0: 3 0x8000eb58 (0x00001f17) x30 0x8000fb58
core   0: 0x8000eb5c (0x4a3f2423) sw      gp, 1192(t5)
core   0: 3 0x8000eb5c (0x4a3f2423) mem 0x80010000 0x00000001
core   0: 0x8000eb60 (0x0000bfe5) c.j     pc - 8
core   0: 3 0x8000eb60 (0xbfe5)
core   0: 0x8000eb58 (0x00001f17) auipc   t5, 0x1
core   0: 3 0x8000eb58 (0x00001f17) x30 0x8000fb58
core   0: 0x8000eb5c (0x4a3f2423) sw      gp, 1192(t5)
core   0: 3 0x8000eb5c (0x4a3f2423) mem 0x80010000 0x00000001
core   0: 0x8000eb60 (0x0000bfe5) c.j     pc - 8
core   0: 3 0x8000eb60 (0xbfe5)
core   0: 0x8000eb58 (0x00001f17) auipc   t5, 0x1
core   0: 3 0x8000eb58 (0x00001f17) x30 0x8000fb58
core   0: 0x8000eb5c (0x4a3f2423) sw      gp, 1192(t5)
core   0: 3 0x8000eb5c (0x4a3f2423) mem 0x80010000 0x00000001
core   0: 0x8000eb60 (0x0000bfe5) c.j     pc - 8
core   0: 3 0x8000eb60 (0xbfe5)
core   0: 0x8000eb58 (0x00001f17) auipc   t5, 0x1
core   0: 3 0x8000eb58 (0x00001f17) x30 0x8000fb58
core   0: 0x8000eb5c (0x4a3f2423) sw      gp, 1192(t5)
core   0: 3 0x8000eb5c (0x4a3f2423) mem 0x80010000 0x00000001
core   0: 0x8000eb60 (0x0000bfe5) c.j     pc - 8
core   0: 3 0x8000eb60 (0xbfe5)
core   0: 0x8000eb58 (0x00001f17) auipc   t5, 0x1
core   0: 3 0x8000eb58 (0x00001f17) x30 0x8000fb58
core   0: 0x8000eb5c (0x4a3f2423) sw      gp, 1192(t5)
core   0: 3 0x8000eb5c (0x4a3f2423) mem 0x80010000 0x00000001
core   0: 0x8000eb60 (0x0000bfe5) c.j     pc - 8
core   0: 3 0x8000eb60 (0xbfe5)
core   0: 0x8000eb58 (0x00001f17) auipc   t5, 0x1
core   0: 3 0x8000eb58 (0x00001f17) x30 0x8000fb58
core   0: 0x8000eb5c (0x4a3f2423) sw      gp, 1192(t5)
core   0: 3 0x8000eb5c (0x4a3f2423) mem 0x80010000 0x00000001
core   0: 0x8000eb60 (0x0000bfe5) c.j     pc - 8
core   0: 3 0x8000eb60 (0xbfe5)
core   0: 0x8000eb58 (0x00001f17) auipc   t5, 0x1
core   0: 3 0x8000eb58 (0x00001f17) x30 0x8000fb58
core   0: 0x8000eb5c (0x4a3f2423) sw      gp, 1192(t5)
core   0: 3 0x8000eb5c (0x4a3f2423) mem 0x80010000 0x00000001
core   0: 0x8000eb60 (0x0000bfe5) c.j     pc - 8
core   0: 3 0x8000eb60 (0xbfe5)
core   0: 0x8000eb58 (0x00001f17) auipc   t5, 0x1
core   0: 3 0x8000eb58 (0x00001f17) x30 0x8000fb58
core   0: 0x8000eb5c (0x4a3f2423) sw      gp, 1192(t5)
core   0: 3 0x8000eb5c (0x4a3f2423) mem 0x80010000 0x00000001
core   0: 0x8000eb60 (0x0000bfe5) c.j     pc - 8
core   0: 3 0x8000eb60 (0xbfe5)
core   0: 0x8000eb58 (0x00001f17) auipc   t5, 0x1
core   0: 3 0x8000eb58 (0x00001f17) x30 0x8000fb58
core   0: 0x8000eb5c (0x4a3f2423) sw      gp, 1192(t5)
core   0: 3 0x8000eb5c (0x4a3f2423) mem 0x80010000 0x00000001
core   0: 0x8000eb60 (0x0000bfe5) c.j     pc - 8
core   0: 3 0x8000eb60 (0xbfe5)
core   0: 0x8000eb58 (0x00001f17) auipc   t5, 0x1
core   0: 3 0x8000eb58 (0x00001f17) x30 0x8000fb58
core   0: 0x8000eb5c (0x4a3f2423) sw      gp, 1192(t5)
core   0: 3 0x8000eb5c (0x4a3f2423) mem 0x80010000 0x00000001
core   0: 0x8000eb60 (0x0000bfe5) c.j     pc - 8
core   0: 3 0x8000eb60 (0xbfe5)
core   0: 0x8000eb58 (0x00001f17) auipc   t5, 0x1
core   0: 3 0x8000eb58 (0x00001f17) x30 0x8000fb58
core   0: 0x8000eb5c (0x4a3f2423) sw      gp, 1192(t5)
core   0: 3 0x8000eb5c (0x4a3f2423) mem 0x80010000 0x00000001
core   0: 0x8000eb60 (0x0000bfe5) c.j     pc - 8
core   0: 3 0x8000eb60 (0xbfe5)
core   0: 0x8000eb58 (0x00001f17) auipc   t5, 0x1
core   0: 3 0x8000eb58 (0x00001f17) x30 0x8000fb58
core   0: 0x8000eb5c (0x4a3f2423) sw      gp, 1192(t5)
core   0: 3 0x8000eb5c (0x4a3f2423) mem 0x80010000 0x00000001
core   0: 0x8000eb60 (0x0000bfe5) c.j     pc - 8
core   0: 3 0x8000eb60 (0xbfe5)
core   0: 0x8000eb58 (0x00001f17) auipc   t5, 0x1
core   0: 3 0x8000eb58 (0x00001f17) x30 0x8000fb58
core   0: 0x8000eb5c (0x4a3f2423) sw      gp, 1192(t5)
core   0: 3 0x8000eb5c (0x4a3f2423) mem 0x80010000 0x00000001
core   0: 0x8000eb60 (0x0000bfe5) c.j     pc - 8
core   0: 3 0x8000eb60 (0xbfe5)
core   0: 0x8000eb58 (0x00001f17) auipc   t5, 0x1
core   0: 3 0x8000eb58 (0x00001f17) x30 0x8000fb58
core   0: 0x8000eb5c (0x4a3f2423) sw      gp, 1192(t5)
core   0: 3 0x8000eb5c (0x4a3f2423) mem 0x80010000 0x00000001
core   0: 0x8000eb60 (0x0000bfe5) c.j     pc - 8
core   0: 3 0x8000eb60 (0xbfe5)
core   0: 0x8000eb58 (0x00001f17) auipc   t5, 0x1
core   0: 3 0x8000eb58 (0x00001f17) x30 0x8000fb58
core   0: 0x8000eb5c (0x4a3f2423) sw      gp, 1192(t5)
core   0: 3 0x8000eb5c (0x4a3f2423) mem 0x80010000 0x00000001
core   0: 0x8000eb60 (0x0000bfe5) c.j     pc - 8
core   0: 3 0x8000eb60 (0xbfe5)
core   0: 0x8000eb58 (0x00001f17) auipc   t5, 0x1
core   0: 3 0x8000eb58 (0x00001f17) x30 0x8000fb58
core   0: 0x8000eb5c (0x4a3f2423) sw      gp, 1192(t5)
core   0: 3 0x8000eb5c (0x4a3f2423) mem 0x80010000 0x00000001
core   0: 0x8000eb60 (0x0000bfe5) c.j     pc - 8
core   0: 3 0x8000eb60 (0xbfe5)
core   0: 0x8000eb58 (0x00001f17) auipc   t5, 0x1
core   0: 3 0x8000eb58 (0x00001f17) x30 0x8000fb58
core   0: 0x8000eb5c (0x4a3f2423) sw      gp, 1192(t5)
core   0: 3 0x8000eb5c (0x4a3f2423) mem 0x80010000 0x00000001
core   0: 0x8000eb60 (0x0000bfe5) c.j     pc - 8
core   0: 3 0x8000eb60 (0xbfe5)
core   0: 0x8000eb58 (0x00001f17) auipc   t5, 0x1
core   0: 3 0x8000eb58 (0x00001f17) x30 0x8000fb58
core   0: 0x8000eb5c (0x4a3f2423) sw      gp, 1192(t5)
core   0: 3 0x8000eb5c (0x4a3f2423) mem 0x80010000 0x00000001
core   0: 0x8000eb60 (0x0000bfe5) c.j     pc - 8
core   0: 3 0x8000eb60 (0xbfe5)
core   0: 0x8000eb58 (0x00001f17) auipc   t5, 0x1
core   0: 3 0x8000eb58 (0x00001f17) x30 0x8000fb58
core   0: 0x8000eb5c (0x4a3f2423) sw      gp, 1192(t5)
core   0: 3 0x8000eb5c (0x4a3f2423) mem 0x80010000 0x00000001
core   0: 0x8000eb60 (0x0000bfe5) c.j     pc - 8
core   0: 3 0x8000eb60 (0xbfe5)
core   0: 0x8000eb58 (0x00001f17) auipc   t5, 0x1
core   0: 3 0x8000eb58 (0x00001f17) x30 0x8000fb58
core   0: 0x8000eb5c (0x4a3f2423) sw      gp, 1192(t5)
core   0: 3 0x8000eb5c (0x4a3f2423) mem 0x80010000 0x00000001
core   0: 0x8000eb60 (0x0000bfe5) c.j     pc - 8
core   0: 3 0x8000eb60 (0xbfe5)
core   0: 0x8000eb58 (0x00001f17) auipc   t5, 0x1
core   0: 3 0x8000eb58 (0x00001f17) x30 0x8000fb58
core   0: 0x8000eb5c (0x4a3f2423) sw      gp, 1192(t5)
core   0: 3 0x8000eb5c (0x4a3f2423) mem 0x80010000 0x00000001
core   0: 0x8000eb60 (0x0000bfe5) c.j     pc - 8
core   0: 3 0x8000eb60 (0xbfe5)
core   0: 0x8000eb58 (0x00001f17) auipc   t5, 0x1
core   0: 3 0x8000eb58 (0x00001f17) x30 0x8000fb58
core   0: 0x8000eb5c (0x4a3f2423) sw      gp, 1192(t5)
core   0: 3 0x8000eb5c (0x4a3f2423) mem 0x80010000 0x00000001
core   0: 0x8000eb60 (0x0000bfe5) c.j     pc - 8
core   0: 3 0x8000eb60 (0xbfe5)
core   0: 0x8000eb58 (0x00001f17) auipc   t5, 0x1
core   0: 3 0x8000eb58 (0x00001f17) x30 0x8000fb58
core   0: 0x8000eb5c (0x4a3f2423) sw      gp, 1192(t5)
core   0: 3 0x8000eb5c (0x4a3f2423) mem 0x80010000 0x00000001
core   0: 0x8000eb60 (0x0000bfe5) c.j     pc - 8
core   0: 3 0x8000eb60 (0xbfe5)
core   0: 0x8000eb58 (0x00001f17) auipc   t5, 0x1
core   0: 3 0x8000eb58 (0x00001f17) x30 0x8000fb58
core   0: 0x8000eb5c (0x4a3f2423) sw      gp, 1192(t5)
core   0: 3 0x8000eb5c (0x4a3f2423) mem 0x80010000 0x00000001
core   0: 0x8000eb60 (0x0000bfe5) c.j     pc - 8
core   0: 3 0x8000eb60 (0xbfe5)
core   0: 0x8000eb58 (0x00001f17) auipc   t5, 0x1
core   0: 3 0x8000eb58 (0x00001f17) x30 0x8000fb58
core   0: 0x8000eb5c (0x4a3f2423) sw      gp, 1192(t5)
core   0: 3 0x8000eb5c (0x4a3f2423) mem 0x80010000 0x00000001
core   0: 0x8000eb60 (0x0000bfe5) c.j     pc - 8
core   0: 3 0x8000eb60 (0xbfe5)
core   0: 0x8000eb58 (0x00001f17) auipc   t5, 0x1
core   0: 3 0x8000eb58 (0x00001f17) x30 0x8000fb58
core   0: 0x8000eb5c (0x4a3f2423) sw      gp, 1192(t5)
core   0: 3 0x8000eb5c (0x4a3f2423) mem 0x80010000 0x00000001
core   0: 0x8000eb60 (0x0000bfe5) c.j     pc - 8
core   0: 3 0x8000eb60 (0xbfe5)
core   0: 0x8000eb58 (0x00001f17) auipc   t5, 0x1
core   0: 3 0x8000eb58 (0x00001f17) x30 0x8000fb58
core   0: 0x8000eb5c (0x4a3f2423) sw      gp, 1192(t5)
core   0: 3 0x8000eb5c (0x4a3f2423) mem 0x80010000 0x00000001
core   0: 0x8000eb60 (0x0000bfe5) c.j     pc - 8
core   0: 3 0x8000eb60 (0xbfe5)
core   0: 0x8000eb58 (0x00001f17) auipc   t5, 0x1
core   0: 3 0x8000eb58 (0x00001f17) x30 0x8000fb58
core   0: 0x8000eb5c (0x4a3f2423) sw      gp, 1192(t5)
core   0: 3 0x8000eb5c (0x4a3f2423) mem 0x80010000 0x00000001
core   0: 0x8000eb60 (0x0000bfe5) c.j     pc - 8
core   0: 3 0x8000eb60 (0xbfe5)
core   0: 0x8000eb58 (0x00001f17) auipc   t5, 0x1
core   0: 3 0x8000eb58 (0x00001f17) x30 0x8000fb58
core   0: 0x8000eb5c (0x4a3f2423) sw      gp, 1192(t5)
core   0: 3 0x8000eb5c (0x4a3f2423) mem 0x80010000 0x00000001
core   0: 0x8000eb60 (0x0000bfe5) c.j     pc - 8
core   0: 3 0x8000eb60 (0xbfe5)
core   0: 0x8000eb58 (0x00001f17) auipc   t5, 0x1
core   0: 3 0x8000eb58 (0x00001f17) x30 0x8000fb58
core   0: 0x8000eb5c (0x4a3f2423) sw      gp, 1192(t5)
core   0: 3 0x8000eb5c (0x4a3f2423) mem 0x80010000 0x00000001
core   0: 0x8000eb60 (0x0000bfe5) c.j     pc - 8
core   0: 3 0x8000eb60 (0xbfe5)
core   0: 0x8000eb58 (0x00001f17) auipc   t5, 0x1
core   0: 3 0x8000eb58 (0x00001f17) x30 0x8000fb58
core   0: 0x8000eb5c (0x4a3f2423) sw      gp, 1192(t5)
core   0: 3 0x8000eb5c (0x4a3f2423) mem 0x80010000 0x00000001
core   0: 0x8000eb60 (0x0000bfe5) c.j     pc - 8
core   0: 3 0x8000eb60 (0xbfe5)
core   0: 0x8000eb58 (0x00001f17) auipc   t5, 0x1
core   0: 3 0x8000eb58 (0x00001f17) x30 0x8000fb58
core   0: 0x8000eb5c (0x4a3f2423) sw      gp, 1192(t5)
core   0: 3 0x8000eb5c (0x4a3f2423) mem 0x80010000 0x00000001
core   0: 0x8000eb60 (0x0000bfe5) c.j     pc - 8
core   0: 3 0x8000eb60 (0xbfe5)
core   0: 0x8000eb58 (0x00001f17) auipc   t5, 0x1
core   0: 3 0x8000eb58 (0x00001f17) x30 0x8000fb58
core   0: 0x8000eb5c (0x4a3f2423) sw      gp, 1192(t5)
core   0: 3 0x8000eb5c (0x4a3f2423) mem 0x80010000 0x00000001
core   0: 0x8000eb60 (0x0000bfe5) c.j     pc - 8
core   0: 3 0x8000eb60 (0xbfe5)
core   0: 0x8000eb58 (0x00001f17) auipc   t5, 0x1
core   0: 3 0x8000eb58 (0x00001f17) x30 0x8000fb58
core   0: 0x8000eb5c (0x4a3f2423) sw      gp, 1192(t5)
core   0: 3 0x8000eb5c (0x4a3f2423) mem 0x80010000 0x00000001
core   0: 0x8000eb60 (0x0000bfe5) c.j     pc - 8
core   0: 3 0x8000eb60 (0xbfe5)
core   0: 0x8000eb58 (0x00001f17) auipc   t5, 0x1
core   0: 3 0x8000eb58 (0x00001f17) x30 0x8000fb58
core   0: 0x8000eb5c (0x4a3f2423) sw      gp, 1192(t5)
core   0: 3 0x8000eb5c (0x4a3f2423) mem 0x80010000 0x00000001
core   0: 0x8000eb60 (0x0000bfe5) c.j     pc - 8
core   0: 3 0x8000eb60 (0xbfe5)
core   0: 0x8000eb58 (0x00001f17) auipc   t5, 0x1
core   0: 3 0x8000eb58 (0x00001f17) x30 0x8000fb58
core   0: 0x8000eb5c (0x4a3f2423) sw      gp, 1192(t5)
core   0: 3 0x8000eb5c (0x4a3f2423) mem 0x80010000 0x00000001
core   0: 0x8000eb60 (0x0000bfe5) c.j     pc - 8
core   0: 3 0x8000eb60 (0xbfe5)
core   0: 0x8000eb58 (0x00001f17) auipc   t5, 0x1
core   0: 3 0x8000eb58 (0x00001f17) x30 0x8000fb58
core   0: 0x8000eb5c (0x4a3f2423) sw      gp, 1192(t5)
core   0: 3 0x8000eb5c (0x4a3f2423) mem 0x80010000 0x00000001
core   0: 0x8000eb60 (0x0000bfe5) c.j     pc - 8
core   0: 3 0x8000eb60 (0xbfe5)
core   0: 0x8000eb58 (0x00001f17) auipc   t5, 0x1
core   0: 3 0x8000eb58 (0x00001f17) x30 0x8000fb58
core   0: 0x8000eb5c (0x4a3f2423) sw      gp, 1192(t5)
core   0: 3 0x8000eb5c (0x4a3f2423) mem 0x80010000 0x00000001
core   0: 0x8000eb60 (0x0000bfe5) c.j     pc - 8
core   0: 3 0x8000eb60 (0xbfe5)
core   0: 0x8000eb58 (0x00001f17) auipc   t5, 0x1
core   0: 3 0x8000eb58 (0x00001f17) x30 0x8000fb58
core   0: 0x8000eb5c (0x4a3f2423) sw      gp, 1192(t5)
core   0: 3 0x8000eb5c (0x4a3f2423) mem 0x80010000 0x00000001
core   0: 0x8000eb60 (0x0000bfe5) c.j     pc - 8
core   0: 3 0x8000eb60 (0xbfe5)
core   0: 0x8000eb58 (0x00001f17) auipc   t5, 0x1
core   0: 3 0x8000eb58 (0x00001f17) x30 0x8000fb58
core   0: 0x8000eb5c (0x4a3f2423) sw      gp, 1192(t5)
core   0: 3 0x8000eb5c (0x4a3f2423) mem 0x80010000 0x00000001
core   0: 0x8000eb60 (0x0000bfe5) c.j     pc - 8
core   0: 3 0x8000eb60 (0xbfe5)
core   0: 0x8000eb58 (0x00001f17) auipc   t5, 0x1
core   0: 3 0x8000eb58 (0x00001f17) x30 0x8000fb58
core   0: 0x8000eb5c (0x4a3f2423) sw      gp, 1192(t5)
core   0: 3 0x8000eb5c (0x4a3f2423) mem 0x80010000 0x00000001
core   0: 0x8000eb60 (0x0000bfe5) c.j     pc - 8
core   0: 3 0x8000eb60 (0xbfe5)
core   0: 0x8000eb58 (0x00001f17) auipc   t5, 0x1
core   0: 3 0x8000eb58 (0x00001f17) x30 0x8000fb58
core   0: 0x8000eb5c (0x4a3f2423) sw      gp, 1192(t5)
core   0: 3 0x8000eb5c (0x4a3f2423) mem 0x80010000 0x00000001
core   0: 0x8000eb60 (0x0000bfe5) c.j     pc - 8
core   0: 3 0x8000eb60 (0xbfe5)
core   0: 0x8000eb58 (0x00001f17) auipc   t5, 0x1
core   0: 3 0x8000eb58 (0x00001f17) x30 0x8000fb58
core   0: 0x8000eb5c (0x4a3f2423) sw      gp, 1192(t5)
core   0: 3 0x8000eb5c (0x4a3f2423) mem 0x80010000 0x00000001
core   0: 0x8000eb60 (0x0000bfe5) c.j     pc - 8
core   0: 3 0x8000eb60 (0xbfe5)
core   0: 0x8000eb58 (0x00001f17) auipc   t5, 0x1
core   0: 3 0x8000eb58 (0x00001f17) x30 0x8000fb58
core   0: 0x8000eb5c (0x4a3f2423) sw      gp, 1192(t5)
core   0: 3 0x8000eb5c (0x4a3f2423) mem 0x80010000 0x00000001
core   0: 0x8000eb60 (0x0000bfe5) c.j     pc - 8
core   0: 3 0x8000eb60 (0xbfe5)
core   0: 0x8000eb58 (0x00001f17) auipc   t5, 0x1
core   0: 3 0x8000eb58 (0x00001f17) x30 0x8000fb58
core   0: 0x8000eb5c (0x4a3f2423) sw      gp, 1192(t5)
core   0: 3 0x8000eb5c (0x4a3f2423) mem 0x80010000 0x00000001
core   0: 0x8000eb60 (0x0000bfe5) c.j     pc - 8
core   0: 3 0x8000eb60 (0xbfe5)
core   0: 0x8000eb58 (0x00001f17) auipc   t5, 0x1
core   0: 3 0x8000eb58 (0x00001f17) x30 0x8000fb58
core   0: 0x8000eb5c (0x4a3f2423) sw      gp, 1192(t5)
core   0: 3 0x8000eb5c (0x4a3f2423) mem 0x80010000 0x00000001
core   0: 0x8000eb60 (0x0000bfe5) c.j     pc - 8
core   0: 3 0x8000eb60 (0xbfe5)
core   0: 0x8000eb58 (0x00001f17) auipc   t5, 0x1
core   0: 3 0x8000eb58 (0x00001f17) x30 0x8000fb58
core   0: 0x8000eb5c (0x4a3f2423) sw      gp, 1192(t5)
core   0: 3 0x8000eb5c (0x4a3f2423) mem 0x80010000 0x00000001
core   0: 0x8000eb60 (0x0000bfe5) c.j     pc - 8
core   0: 3 0x8000eb60 (0xbfe5)
core   0: 0x8000eb58 (0x00001f17) auipc   t5, 0x1
core   0: 3 0x8000eb58 (0x00001f17) x30 0x8000fb58
core   0: 0x8000eb5c (0x4a3f2423) sw      gp, 1192(t5)
core   0: 3 0x8000eb5c (0x4a3f2423) mem 0x80010000 0x00000001
core   0: 0x8000eb60 (0x0000bfe5) c.j     pc - 8
core   0: 3 0x8000eb60 (0xbfe5)
core   0: 0x8000eb58 (0x00001f17) auipc   t5, 0x1
core   0: 3 0x8000eb58 (0x00001f17) x30 0x8000fb58
core   0: 0x8000eb5c (0x4a3f2423) sw      gp, 1192(t5)
core   0: 3 0x8000eb5c (0x4a3f2423) mem 0x80010000 0x00000001
core   0: 0x8000eb60 (0x0000bfe5) c.j     pc - 8
core   0: 3 0x8000eb60 (0xbfe5)
core   0: 0x8000eb58 (0x00001f17) auipc   t5, 0x1
core   0: 3 0x8000eb58 (0x00001f17) x30 0x8000fb58
core   0: 0x8000eb5c (0x4a3f2423) sw      gp, 1192(t5)
core   0: 3 0x8000eb5c (0x4a3f2423) mem 0x80010000 0x00000001
core   0: 0x8000eb60 (0x0000bfe5) c.j     pc - 8
core   0: 3 0x8000eb60 (0xbfe5)
core   0: 0x8000eb58 (0x00001f17) auipc   t5, 0x1
core   0: 3 0x8000eb58 (0x00001f17) x30 0x8000fb58
core   0: 0x8000eb5c (0x4a3f2423) sw      gp, 1192(t5)
core   0: 3 0x8000eb5c (0x4a3f2423) mem 0x80010000 0x00000001
core   0: 0x8000eb60 (0x0000bfe5) c.j     pc - 8
core   0: 3 0x8000eb60 (0xbfe5)
core   0: 0x8000eb58 (0x00001f17) auipc   t5, 0x1
core   0: 3 0x8000eb58 (0x00001f17) x30 0x8000fb58
core   0: 0x8000eb5c (0x4a3f2423) sw      gp, 1192(t5)
core   0: 3 0x8000eb5c (0x4a3f2423) mem 0x80010000 0x00000001
core   0: 0x8000eb60 (0x0000bfe5) c.j     pc - 8
core   0: 3 0x8000eb60 (0xbfe5)
core   0: 0x8000eb58 (0x00001f17) auipc   t5, 0x1
core   0: 3 0x8000eb58 (0x00001f17) x30 0x8000fb58
core   0: 0x8000eb5c (0x4a3f2423) sw      gp, 1192(t5)
core   0: 3 0x8000eb5c (0x4a3f2423) mem 0x80010000 0x00000001
core   0: 0x8000eb60 (0x0000bfe5) c.j     pc - 8
core   0: 3 0x8000eb60 (0xbfe5)
core   0: 0x8000eb58 (0x00001f17) auipc   t5, 0x1
core   0: 3 0x8000eb58 (0x00001f17) x30 0x8000fb58
core   0: 0x8000eb5c (0x4a3f2423) sw      gp, 1192(t5)
core   0: 3 0x8000eb5c (0x4a3f2423) mem 0x80010000 0x00000001
core   0: 0x8000eb60 (0x0000bfe5) c.j     pc - 8
core   0: 3 0x8000eb60 (0xbfe5)
core   0: 0x8000eb58 (0x00001f17) auipc   t5, 0x1
core   0: 3 0x8000eb58 (0x00001f17) x30 0x8000fb58
core   0: 0x8000eb5c (0x4a3f2423) sw      gp, 1192(t5)
core   0: 3 0x8000eb5c (0x4a3f2423) mem 0x80010000 0x00000001
core   0: 0x8000eb60 (0x0000bfe5) c.j     pc - 8
core   0: 3 0x8000eb60 (0xbfe5)
core   0: 0x8000eb58 (0x00001f17) auipc   t5, 0x1
core   0: 3 0x8000eb58 (0x00001f17) x30 0x8000fb58
core   0: 0x8000eb5c (0x4a3f2423) sw      gp, 1192(t5)
core   0: 3 0x8000eb5c (0x4a3f2423) mem 0x80010000 0x00000001
core   0: 0x8000eb60 (0x0000bfe5) c.j     pc - 8
core   0: 3 0x8000eb60 (0xbfe5)
core   0: 0x8000eb58 (0x00001f17) auipc   t5, 0x1
core   0: 3 0x8000eb58 (0x00001f17) x30 0x8000fb58
core   0: 0x8000eb5c (0x4a3f2423) sw      gp, 1192(t5)
core   0: 3 0x8000eb5c (0x4a3f2423) mem 0x80010000 0x00000001
core   0: 0x8000eb60 (0x0000bfe5) c.j     pc - 8
core   0: 3 0x8000eb60 (0xbfe5)
core   0: 0x8000eb58 (0x00001f17) auipc   t5, 0x1
core   0: 3 0x8000eb58 (0x00001f17) x30 0x8000fb58
core   0: 0x8000eb5c (0x4a3f2423) sw      gp, 1192(t5)
core   0: 3 0x8000eb5c (0x4a3f2423) mem 0x80010000 0x00000001
core   0: 0x8000eb60 (0x0000bfe5) c.j     pc - 8
core   0: 3 0x8000eb60 (0xbfe5)
core   0: 0x8000eb58 (0x00001f17) auipc   t5, 0x1
core   0: 3 0x8000eb58 (0x00001f17) x30 0x8000fb58
core   0: 0x8000eb5c (0x4a3f2423) sw      gp, 1192(t5)
core   0: 3 0x8000eb5c (0x4a3f2423) mem 0x80010000 0x00000001
core   0: 0x8000eb60 (0x0000bfe5) c.j     pc - 8
core   0: 3 0x8000eb60 (0xbfe5)
core   0: 0x8000eb58 (0x00001f17) auipc   t5, 0x1
core   0: 3 0x8000eb58 (0x00001f17) x30 0x8000fb58
core   0: 0x8000eb5c (0x4a3f2423) sw      gp, 1192(t5)
core   0: 3 0x8000eb5c (0x4a3f2423) mem 0x80010000 0x00000001
core   0: 0x8000eb60 (0x0000bfe5) c.j     pc - 8
core   0: 3 0x8000eb60 (0xbfe5)
core   0: 0x8000eb58 (0x00001f17) auipc   t5, 0x1
core   0: 3 0x8000eb58 (0x00001f17) x30 0x8000fb58
core   0: 0x8000eb5c (0x4a3f2423) sw      gp, 1192(t5)
core   0: 3 0x8000eb5c (0x4a3f2423) mem 0x80010000 0x00000001
core   0: 0x8000eb60 (0x0000bfe5) c.j     pc - 8
core   0: 3 0x8000eb60 (0xbfe5)
core   0: 0x8000eb58 (0x00001f17) auipc   t5, 0x1
core   0: 3 0x8000eb58 (0x00001f17) x30 0x8000fb58
core   0: 0x8000eb5c (0x4a3f2423) sw      gp, 1192(t5)
core   0: 3 0x8000eb5c (0x4a3f2423) mem 0x80010000 0x00000001
core   0: 0x8000eb60 (0x0000bfe5) c.j     pc - 8
core   0: 3 0x8000eb60 (0xbfe5)
core   0: 0x8000eb58 (0x00001f17) auipc   t5, 0x1
core   0: 3 0x8000eb58 (0x00001f17) x30 0x8000fb58
core   0: 0x8000eb5c (0x4a3f2423) sw      gp, 1192(t5)
core   0: 3 0x8000eb5c (0x4a3f2423) mem 0x80010000 0x00000001
core   0: 0x8000eb60 (0x0000bfe5) c.j     pc - 8
core   0: 3 0x8000eb60 (0xbfe5)
core   0: 0x8000eb58 (0x00001f17) auipc   t5, 0x1
core   0: 3 0x8000eb58 (0x00001f17) x30 0x8000fb58
core   0: 0x8000eb5c (0x4a3f2423) sw      gp, 1192(t5)
core   0: 3 0x8000eb5c (0x4a3f2423) mem 0x80010000 0x00000001
core   0: 0x8000eb60 (0x0000bfe5) c.j     pc - 8
core   0: 3 0x8000eb60 (0xbfe5)
core   0: 0x8000eb58 (0x00001f17) auipc   t5, 0x1
core   0: 3 0x8000eb58 (0x00001f17) x30 0x8000fb58
core   0: 0x8000eb5c (0x4a3f2423) sw      gp, 1192(t5)
core   0: 3 0x8000eb5c (0x4a3f2423) mem 0x80010000 0x00000001
core   0: 0x8000eb60 (0x0000bfe5) c.j     pc - 8
core   0: 3 0x8000eb60 (0xbfe5)
core   0: 0x8000eb58 (0x00001f17) auipc   t5, 0x1
core   0: 3 0x8000eb58 (0x00001f17) x30 0x8000fb58
core   0: 0x8000eb5c (0x4a3f2423) sw      gp, 1192(t5)
core   0: 3 0x8000eb5c (0x4a3f2423) mem 0x80010000 0x00000001
core   0: 0x8000eb60 (0x0000bfe5) c.j     pc - 8
core   0: 3 0x8000eb60 (0xbfe5)
core   0: 0x8000eb58 (0x00001f17) auipc   t5, 0x1
core   0: 3 0x8000eb58 (0x00001f17) x30 0x8000fb58
core   0: 0x8000eb5c (0x4a3f2423) sw      gp, 1192(t5)
core   0: 3 0x8000eb5c (0x4a3f2423) mem 0x80010000 0x00000001
core   0: 0x8000eb60 (0x0000bfe5) c.j     pc - 8
core   0: 3 0x8000eb60 (0xbfe5)
core   0: 0x8000eb58 (0x00001f17) auipc   t5, 0x1
core   0: 3 0x8000eb58 (0x00001f17) x30 0x8000fb58
core   0: 0x8000eb5c (0x4a3f2423) sw      gp, 1192(t5)
core   0: 3 0x8000eb5c (0x4a3f2423) mem 0x80010000 0x00000001
core   0: 0x8000eb60 (0x0000bfe5) c.j     pc - 8
core   0: 3 0x8000eb60 (0xbfe5)
core   0: 0x8000eb58 (0x00001f17) auipc   t5, 0x1
core   0: 3 0x8000eb58 (0x00001f17) x30 0x8000fb58
core   0: 0x8000eb5c (0x4a3f2423) sw      gp, 1192(t5)
core   0: 3 0x8000eb5c (0x4a3f2423) mem 0x80010000 0x00000001
core   0: 0x8000eb60 (0x0000bfe5) c.j     pc - 8
core   0: 3 0x8000eb60 (0xbfe5)
core   0: 0x8000eb58 (0x00001f17) auipc   t5, 0x1
core   0: 3 0x8000eb58 (0x00001f17) x30 0x8000fb58
core   0: 0x8000eb5c (0x4a3f2423) sw      gp, 1192(t5)
core   0: 3 0x8000eb5c (0x4a3f2423) mem 0x80010000 0x00000001
core   0: 0x8000eb60 (0x0000bfe5) c.j     pc - 8
core   0: 3 0x8000eb60 (0xbfe5)
core   0: 0x8000eb58 (0x00001f17) auipc   t5, 0x1
core   0: 3 0x8000eb58 (0x00001f17) x30 0x8000fb58
core   0: 0x8000eb5c (0x4a3f2423) sw      gp, 1192(t5)
core   0: 3 0x8000eb5c (0x4a3f2423) mem 0x80010000 0x00000001
core   0: 0x8000eb60 (0x0000bfe5) c.j     pc - 8
core   0: 3 0x8000eb60 (0xbfe5)
core   0: 0x8000eb58 (0x00001f17) auipc   t5, 0x1
core   0: 3 0x8000eb58 (0x00001f17) x30 0x8000fb58
core   0: 0x8000eb5c (0x4a3f2423) sw      gp, 1192(t5)
core   0: 3 0x8000eb5c (0x4a3f2423) mem 0x80010000 0x00000001
core   0: 0x8000eb60 (0x0000bfe5) c.j     pc - 8
core   0: 3 0x8000eb60 (0xbfe5)
core   0: 0x8000eb58 (0x00001f17) auipc   t5, 0x1
core   0: 3 0x8000eb58 (0x00001f17) x30 0x8000fb58
core   0: 0x8000eb5c (0x4a3f2423) sw      gp, 1192(t5)
core   0: 3 0x8000eb5c (0x4a3f2423) mem 0x80010000 0x00000001
core   0: 0x8000eb60 (0x0000bfe5) c.j     pc - 8
core   0: 3 0x8000eb60 (0xbfe5)
core   0: 0x8000eb58 (0x00001f17) auipc   t5, 0x1
core   0: 3 0x8000eb58 (0x00001f17) x30 0x8000fb58
core   0: 0x8000eb5c (0x4a3f2423) sw      gp, 1192(t5)
core   0: 3 0x8000eb5c (0x4a3f2423) mem 0x80010000 0x00000001
core   0: 0x8000eb60 (0x0000bfe5) c.j     pc - 8
core   0: 3 0x8000eb60 (0xbfe5)
core   0: 0x8000eb58 (0x00001f17) auipc   t5, 0x1
core   0: 3 0x8000eb58 (0x00001f17) x30 0x8000fb58
core   0: 0x8000eb5c (0x4a3f2423) sw      gp, 1192(t5)
core   0: 3 0x8000eb5c (0x4a3f2423) mem 0x80010000 0x00000001
core   0: 0x8000eb60 (0x0000bfe5) c.j     pc - 8
core   0: 3 0x8000eb60 (0xbfe5)
core   0: 0x8000eb58 (0x00001f17) auipc   t5, 0x1
core   0: 3 0x8000eb58 (0x00001f17) x30 0x8000fb58
core   0: 0x8000eb5c (0x4a3f2423) sw      gp, 1192(t5)
core   0: 3 0x8000eb5c (0x4a3f2423) mem 0x80010000 0x00000001
core   0: 0x8000eb60 (0x0000bfe5) c.j     pc - 8
core   0: 3 0x8000eb60 (0xbfe5)
core   0: 0x8000eb58 (0x00001f17) auipc   t5, 0x1
core   0: 3 0x8000eb58 (0x00001f17) x30 0x8000fb58
core   0: 0x8000eb5c (0x4a3f2423) sw      gp, 1192(t5)
core   0: 3 0x8000eb5c (0x4a3f2423) mem 0x80010000 0x00000001
core   0: 0x8000eb60 (0x0000bfe5) c.j     pc - 8
core   0: 3 0x8000eb60 (0xbfe5)
core   0: 0x8000eb58 (0x00001f17) auipc   t5, 0x1
core   0: 3 0x8000eb58 (0x00001f17) x30 0x8000fb58
core   0: 0x8000eb5c (0x4a3f2423) sw      gp, 1192(t5)
core   0: 3 0x8000eb5c (0x4a3f2423) mem 0x80010000 0x00000001
core   0: 0x8000eb60 (0x0000bfe5) c.j     pc - 8
core   0: 3 0x8000eb60 (0xbfe5)
core   0: 0x8000eb58 (0x00001f17) auipc   t5, 0x1
core   0: 3 0x8000eb58 (0x00001f17) x30 0x8000fb58
core   0: 0x8000eb5c (0x4a3f2423) sw      gp, 1192(t5)
core   0: 3 0x8000eb5c (0x4a3f2423) mem 0x80010000 0x00000001
core   0: 0x8000eb60 (0x0000bfe5) c.j     pc - 8
core   0: 3 0x8000eb60 (0xbfe5)
core   0: 0x8000eb58 (0x00001f17) auipc   t5, 0x1
core   0: 3 0x8000eb58 (0x00001f17) x30 0x8000fb58
core   0: 0x8000eb5c (0x4a3f2423) sw      gp, 1192(t5)
core   0: 3 0x8000eb5c (0x4a3f2423) mem 0x80010000 0x00000001
core   0: 0x8000eb60 (0x0000bfe5) c.j     pc - 8
core   0: 3 0x8000eb60 (0xbfe5)
core   0: 0x8000eb58 (0x00001f17) auipc   t5, 0x1
core   0: 3 0x8000eb58 (0x00001f17) x30 0x8000fb58
core   0: 0x8000eb5c (0x4a3f2423) sw      gp, 1192(t5)
core   0: 3 0x8000eb5c (0x4a3f2423) mem 0x80010000 0x00000001
core   0: 0x8000eb60 (0x0000bfe5) c.j     pc - 8
core   0: 3 0x8000eb60 (0xbfe5)
core   0: 0x8000eb58 (0x00001f17) auipc   t5, 0x1
core   0: 3 0x8000eb58 (0x00001f17) x30 0x8000fb58
core   0: 0x8000eb5c (0x4a3f2423) sw      gp, 1192(t5)
core   0: 3 0x8000eb5c (0x4a3f2423) mem 0x80010000 0x00000001
core   0: 0x8000eb60 (0x0000bfe5) c.j     pc - 8
core   0: 3 0x8000eb60 (0xbfe5)
core   0: 0x8000eb58 (0x00001f17) auipc   t5, 0x1
core   0: 3 0x8000eb58 (0x00001f17) x30 0x8000fb58
core   0: 0x8000eb5c (0x4a3f2423) sw      gp, 1192(t5)
core   0: 3 0x8000eb5c (0x4a3f2423) mem 0x80010000 0x00000001
core   0: 0x8000eb60 (0x0000bfe5) c.j     pc - 8
core   0: 3 0x8000eb60 (0xbfe5)
core   0: 0x8000eb58 (0x00001f17) auipc   t5, 0x1
core   0: 3 0x8000eb58 (0x00001f17) x30 0x8000fb58
core   0: 0x8000eb5c (0x4a3f2423) sw      gp, 1192(t5)
core   0: 3 0x8000eb5c (0x4a3f2423) mem 0x80010000 0x00000001
core   0: 0x8000eb60 (0x0000bfe5) c.j     pc - 8
core   0: 3 0x8000eb60 (0xbfe5)
core   0: 0x8000eb58 (0x00001f17) auipc   t5, 0x1
core   0: 3 0x8000eb58 (0x00001f17) x30 0x8000fb58
core   0: 0x8000eb5c (0x4a3f2423) sw      gp, 1192(t5)
core   0: 3 0x8000eb5c (0x4a3f2423) mem 0x80010000 0x00000001
core   0: 0x8000eb60 (0x0000bfe5) c.j     pc - 8
core   0: 3 0x8000eb60 (0xbfe5)
core   0: 0x8000eb58 (0x00001f17) auipc   t5, 0x1
core   0: 3 0x8000eb58 (0x00001f17) x30 0x8000fb58
core   0: 0x8000eb5c (0x4a3f2423) sw      gp, 1192(t5)
core   0: 3 0x8000eb5c (0x4a3f2423) mem 0x80010000 0x00000001
core   0: 0x8000eb60 (0x0000bfe5) c.j     pc - 8
core   0: 3 0x8000eb60 (0xbfe5)
core   0: 0x8000eb58 (0x00001f17) auipc   t5, 0x1
core   0: 3 0x8000eb58 (0x00001f17) x30 0x8000fb58
core   0: 0x8000eb5c (0x4a3f2423) sw      gp, 1192(t5)
core   0: 3 0x8000eb5c (0x4a3f2423) mem 0x80010000 0x00000001
core   0: 0x8000eb60 (0x0000bfe5) c.j     pc - 8
core   0: 3 0x8000eb60 (0xbfe5)
core   0: 0x8000eb58 (0x00001f17) auipc   t5, 0x1
core   0: 3 0x8000eb58 (0x00001f17) x30 0x8000fb58
core   0: 0x8000eb5c (0x4a3f2423) sw      gp, 1192(t5)
core   0: 3 0x8000eb5c (0x4a3f2423) mem 0x80010000 0x00000001
core   0: 0x8000eb60 (0x0000bfe5) c.j     pc - 8
core   0: 3 0x8000eb60 (0xbfe5)
core   0: 0x8000eb58 (0x00001f17) auipc   t5, 0x1
core   0: 3 0x8000eb58 (0x00001f17) x30 0x8000fb58
core   0: 0x8000eb5c (0x4a3f2423) sw      gp, 1192(t5)
core   0: 3 0x8000eb5c (0x4a3f2423) mem 0x80010000 0x00000001
core   0: 0x8000eb60 (0x0000bfe5) c.j     pc - 8
core   0: 3 0x8000eb60 (0xbfe5)
core   0: 0x8000eb58 (0x00001f17) auipc   t5, 0x1
core   0: 3 0x8000eb58 (0x00001f17) x30 0x8000fb58
core   0: 0x8000eb5c (0x4a3f2423) sw      gp, 1192(t5)
core   0: 3 0x8000eb5c (0x4a3f2423) mem 0x80010000 0x00000001
core   0: 0x8000eb60 (0x0000bfe5) c.j     pc - 8
core   0: 3 0x8000eb60 (0xbfe5)
core   0: 0x8000eb58 (0x00001f17) auipc   t5, 0x1
core   0: 3 0x8000eb58 (0x00001f17) x30 0x8000fb58
core   0: 0x8000eb5c (0x4a3f2423) sw      gp, 1192(t5)
core   0: 3 0x8000eb5c (0x4a3f2423) mem 0x80010000 0x00000001
core   0: 0x8000eb60 (0x0000bfe5) c.j     pc - 8
core   0: 3 0x8000eb60 (0xbfe5)
core   0: 0x8000eb58 (0x00001f17) auipc   t5, 0x1
core   0: 3 0x8000eb58 (0x00001f17) x30 0x8000fb58
core   0: 0x8000eb5c (0x4a3f2423) sw      gp, 1192(t5)
core   0: 3 0x8000eb5c (0x4a3f2423) mem 0x80010000 0x00000001
core   0: 0x8000eb60 (0x0000bfe5) c.j     pc - 8
core   0: 3 0x8000eb60 (0xbfe5)
core   0: 0x8000eb58 (0x00001f17) auipc   t5, 0x1
core   0: 3 0x8000eb58 (0x00001f17) x30 0x8000fb58
core   0: 0x8000eb5c (0x4a3f2423) sw      gp, 1192(t5)
core   0: 3 0x8000eb5c (0x4a3f2423) mem 0x80010000 0x00000001
core   0: 0x8000eb60 (0x0000bfe5) c.j     pc - 8
core   0: 3 0x8000eb60 (0xbfe5)
core   0: 0x8000eb58 (0x00001f17) auipc   t5, 0x1
core   0: 3 0x8000eb58 (0x00001f17) x30 0x8000fb58
core   0: 0x8000eb5c (0x4a3f2423) sw      gp, 1192(t5)
core   0: 3 0x8000eb5c (0x4a3f2423) mem 0x80010000 0x00000001
core   0: 0x8000eb60 (0x0000bfe5) c.j     pc - 8
core   0: 3 0x8000eb60 (0xbfe5)
core   0: 0x8000eb58 (0x00001f17) auipc   t5, 0x1
core   0: 3 0x8000eb58 (0x00001f17) x30 0x8000fb58
core   0: 0x8000eb5c (0x4a3f2423) sw      gp, 1192(t5)
core   0: 3 0x8000eb5c (0x4a3f2423) mem 0x80010000 0x00000001
core   0: 0x8000eb60 (0x0000bfe5) c.j     pc - 8
core   0: 3 0x8000eb60 (0xbfe5)
core   0: 0x8000eb58 (0x00001f17) auipc   t5, 0x1
core   0: 3 0x8000eb58 (0x00001f17) x30 0x8000fb58
core   0: 0x8000eb5c (0x4a3f2423) sw      gp, 1192(t5)
core   0: 3 0x8000eb5c (0x4a3f2423) mem 0x80010000 0x00000001
core   0: 0x8000eb60 (0x0000bfe5) c.j     pc - 8
core   0: 3 0x8000eb60 (0xbfe5)
core   0: 0x8000eb58 (0x00001f17) auipc   t5, 0x1
core   0: 3 0x8000eb58 (0x00001f17) x30 0x8000fb58
core   0: 0x8000eb5c (0x4a3f2423) sw      gp, 1192(t5)
core   0: 3 0x8000eb5c (0x4a3f2423) mem 0x80010000 0x00000001
core   0: 0x8000eb60 (0x0000bfe5) c.j     pc - 8
core   0: 3 0x8000eb60 (0xbfe5)
core   0: 0x8000eb58 (0x00001f17) auipc   t5, 0x1
core   0: 3 0x8000eb58 (0x00001f17) x30 0x8000fb58
core   0: 0x8000eb5c (0x4a3f2423) sw      gp, 1192(t5)
core   0: 3 0x8000eb5c (0x4a3f2423) mem 0x80010000 0x00000001
core   0: 0x8000eb60 (0x0000bfe5) c.j     pc - 8
core   0: 3 0x8000eb60 (0xbfe5)
core   0: 0x8000eb58 (0x00001f17) auipc   t5, 0x1
core   0: 3 0x8000eb58 (0x00001f17) x30 0x8000fb58
core   0: 0x8000eb5c (0x4a3f2423) sw      gp, 1192(t5)
core   0: 3 0x8000eb5c (0x4a3f2423) mem 0x80010000 0x00000001
core   0: 0x8000eb60 (0x0000bfe5) c.j     pc - 8
core   0: 3 0x8000eb60 (0xbfe5)
core   0: 0x8000eb58 (0x00001f17) auipc   t5, 0x1
core   0: 3 0x8000eb58 (0x00001f17) x30 0x8000fb58
core   0: 0x8000eb5c (0x4a3f2423) sw      gp, 1192(t5)
core   0: 3 0x8000eb5c (0x4a3f2423) mem 0x80010000 0x00000001
core   0: 0x8000eb60 (0x0000bfe5) c.j     pc - 8
core   0: 3 0x8000eb60 (0xbfe5)
core   0: 0x8000eb58 (0x00001f17) auipc   t5, 0x1
core   0: 3 0x8000eb58 (0x00001f17) x30 0x8000fb58
core   0: 0x8000eb5c (0x4a3f2423) sw      gp, 1192(t5)
core   0: 3 0x8000eb5c (0x4a3f2423) mem 0x80010000 0x00000001
core   0: 0x8000eb60 (0x0000bfe5) c.j     pc - 8
core   0: 3 0x8000eb60 (0xbfe5)
core   0: 0x8000eb58 (0x00001f17) auipc   t5, 0x1
core   0: 3 0x8000eb58 (0x00001f17) x30 0x8000fb58
core   0: 0x8000eb5c (0x4a3f2423) sw      gp, 1192(t5)
core   0: 3 0x8000eb5c (0x4a3f2423) mem 0x80010000 0x00000001
core   0: 0x8000eb60 (0x0000bfe5) c.j     pc - 8
core   0: 3 0x8000eb60 (0xbfe5)
core   0: 0x8000eb58 (0x00001f17) auipc   t5, 0x1
core   0: 3 0x8000eb58 (0x00001f17) x30 0x8000fb58
core   0: 0x8000eb5c (0x4a3f2423) sw      gp, 1192(t5)
core   0: 3 0x8000eb5c (0x4a3f2423) mem 0x80010000 0x00000001
core   0: 0x8000eb60 (0x0000bfe5) c.j     pc - 8
core   0: 3 0x8000eb60 (0xbfe5)
core   0: 0x8000eb58 (0x00001f17) auipc   t5, 0x1
core   0: 3 0x8000eb58 (0x00001f17) x30 0x8000fb58
core   0: 0x8000eb5c (0x4a3f2423) sw      gp, 1192(t5)
core   0: 3 0x8000eb5c (0x4a3f2423) mem 0x80010000 0x00000001
core   0: 0x8000eb60 (0x0000bfe5) c.j     pc - 8
core   0: 3 0x8000eb60 (0xbfe5)
core   0: 0x8000eb58 (0x00001f17) auipc   t5, 0x1
core   0: 3 0x8000eb58 (0x00001f17) x30 0x8000fb58
core   0: 0x8000eb5c (0x4a3f2423) sw      gp, 1192(t5)
core   0: 3 0x8000eb5c (0x4a3f2423) mem 0x80010000 0x00000001
core   0: 0x8000eb60 (0x0000bfe5) c.j     pc - 8
core   0: 3 0x8000eb60 (0xbfe5)
core   0: 0x8000eb58 (0x00001f17) auipc   t5, 0x1
core   0: 3 0x8000eb58 (0x00001f17) x30 0x8000fb58
core   0: 0x8000eb5c (0x4a3f2423) sw      gp, 1192(t5)
core   0: 3 0x8000eb5c (0x4a3f2423) mem 0x80010000 0x00000001
core   0: 0x8000eb60 (0x0000bfe5) c.j     pc - 8
core   0: 3 0x8000eb60 (0xbfe5)
core   0: 0x8000eb58 (0x00001f17) auipc   t5, 0x1
core   0: 3 0x8000eb58 (0x00001f17) x30 0x8000fb58
core   0: 0x8000eb5c (0x4a3f2423) sw      gp, 1192(t5)
core   0: 3 0x8000eb5c (0x4a3f2423) mem 0x80010000 0x00000001
core   0: 0x8000eb60 (0x0000bfe5) c.j     pc - 8
core   0: 3 0x8000eb60 (0xbfe5)
core   0: 0x8000eb58 (0x00001f17) auipc   t5, 0x1
core   0: 3 0x8000eb58 (0x00001f17) x30 0x8000fb58
core   0: 0x8000eb5c (0x4a3f2423) sw      gp, 1192(t5)
core   0: 3 0x8000eb5c (0x4a3f2423) mem 0x80010000 0x00000001
core   0: 0x8000eb60 (0x0000bfe5) c.j     pc - 8
core   0: 3 0x8000eb60 (0xbfe5)
core   0: 0x8000eb58 (0x00001f17) auipc   t5, 0x1
core   0: 3 0x8000eb58 (0x00001f17) x30 0x8000fb58
core   0: 0x8000eb5c (0x4a3f2423) sw      gp, 1192(t5)
core   0: 3 0x8000eb5c (0x4a3f2423) mem 0x80010000 0x00000001
core   0: 0x8000eb60 (0x0000bfe5) c.j     pc - 8
core   0: 3 0x8000eb60 (0xbfe5)
core   0: 0x8000eb58 (0x00001f17) auipc   t5, 0x1
core   0: 3 0x8000eb58 (0x00001f17) x30 0x8000fb58
core   0: 0x8000eb5c (0x4a3f2423) sw      gp, 1192(t5)
core   0: 3 0x8000eb5c (0x4a3f2423) mem 0x80010000 0x00000001
core   0: 0x8000eb60 (0x0000bfe5) c.j     pc - 8
core   0: 3 0x8000eb60 (0xbfe5)
core   0: 0x8000eb58 (0x00001f17) auipc   t5, 0x1
core   0: 3 0x8000eb58 (0x00001f17) x30 0x8000fb58
core   0: 0x8000eb5c (0x4a3f2423) sw      gp, 1192(t5)
core   0: 3 0x8000eb5c (0x4a3f2423) mem 0x80010000 0x00000001
core   0: 0x8000eb60 (0x0000bfe5) c.j     pc - 8
core   0: 3 0x8000eb60 (0xbfe5)
core   0: 0x8000eb58 (0x00001f17) auipc   t5, 0x1
core   0: 3 0x8000eb58 (0x00001f17) x30 0x8000fb58
core   0: 0x8000eb5c (0x4a3f2423) sw      gp, 1192(t5)
core   0: 3 0x8000eb5c (0x4a3f2423) mem 0x80010000 0x00000001
core   0: 0x8000eb60 (0x0000bfe5) c.j     pc - 8
core   0: 3 0x8000eb60 (0xbfe5)
core   0: 0x8000eb58 (0x00001f17) auipc   t5, 0x1
core   0: 3 0x8000eb58 (0x00001f17) x30 0x8000fb58
core   0: 0x8000eb5c (0x4a3f2423) sw      gp, 1192(t5)
core   0: 3 0x8000eb5c (0x4a3f2423) mem 0x80010000 0x00000001
core   0: 0x8000eb60 (0x0000bfe5) c.j     pc - 8
core   0: 3 0x8000eb60 (0xbfe5)
core   0: 0x8000eb58 (0x00001f17) auipc   t5, 0x1
core   0: 3 0x8000eb58 (0x00001f17) x30 0x8000fb58
core   0: 0x8000eb5c (0x4a3f2423) sw      gp, 1192(t5)
core   0: 3 0x8000eb5c (0x4a3f2423) mem 0x80010000 0x00000001
core   0: 0x8000eb60 (0x0000bfe5) c.j     pc - 8
core   0: 3 0x8000eb60 (0xbfe5)
core   0: 0x8000eb58 (0x00001f17) auipc   t5, 0x1
core   0: 3 0x8000eb58 (0x00001f17) x30 0x8000fb58
core   0: 0x8000eb5c (0x4a3f2423) sw      gp, 1192(t5)
core   0: 3 0x8000eb5c (0x4a3f2423) mem 0x80010000 0x00000001
core   0: 0x8000eb60 (0x0000bfe5) c.j     pc - 8
core   0: 3 0x8000eb60 (0xbfe5)
core   0: 0x8000eb58 (0x00001f17) auipc   t5, 0x1
core   0: 3 0x8000eb58 (0x00001f17) x30 0x8000fb58
core   0: 0x8000eb5c (0x4a3f2423) sw      gp, 1192(t5)
core   0: 3 0x8000eb5c (0x4a3f2423) mem 0x80010000 0x00000001
core   0: 0x8000eb60 (0x0000bfe5) c.j     pc - 8
core   0: 3 0x8000eb60 (0xbfe5)
core   0: 0x8000eb58 (0x00001f17) auipc   t5, 0x1
core   0: 3 0x8000eb58 (0x00001f17) x30 0x8000fb58
core   0: 0x8000eb5c (0x4a3f2423) sw      gp, 1192(t5)
core   0: 3 0x8000eb5c (0x4a3f2423) mem 0x80010000 0x00000001
core   0: 0x8000eb60 (0x0000bfe5) c.j     pc - 8
core   0: 3 0x8000eb60 (0xbfe5)
core   0: 0x8000eb58 (0x00001f17) auipc   t5, 0x1
core   0: 3 0x8000eb58 (0x00001f17) x30 0x8000fb58
core   0: 0x8000eb5c (0x4a3f2423) sw      gp, 1192(t5)
core   0: 3 0x8000eb5c (0x4a3f2423) mem 0x80010000 0x00000001
core   0: 0x8000eb60 (0x0000bfe5) c.j     pc - 8
core   0: 3 0x8000eb60 (0xbfe5)
core   0: 0x8000eb58 (0x00001f17) auipc   t5, 0x1
core   0: 3 0x8000eb58 (0x00001f17) x30 0x8000fb58
core   0: 0x8000eb5c (0x4a3f2423) sw      gp, 1192(t5)
core   0: 3 0x8000eb5c (0x4a3f2423) mem 0x80010000 0x00000001
core   0: 0x8000eb60 (0x0000bfe5) c.j     pc - 8
core   0: 3 0x8000eb60 (0xbfe5)
core   0: 0x8000eb58 (0x00001f17) auipc   t5, 0x1
core   0: 3 0x8000eb58 (0x00001f17) x30 0x8000fb58
core   0: 0x8000eb5c (0x4a3f2423) sw      gp, 1192(t5)
core   0: 3 0x8000eb5c (0x4a3f2423) mem 0x80010000 0x00000001
core   0: 0x8000eb60 (0x0000bfe5) c.j     pc - 8
core   0: 3 0x8000eb60 (0xbfe5)
core   0: 0x8000eb58 (0x00001f17) auipc   t5, 0x1
core   0: 3 0x8000eb58 (0x00001f17) x30 0x8000fb58
core   0: 0x8000eb5c (0x4a3f2423) sw      gp, 1192(t5)
core   0: 3 0x8000eb5c (0x4a3f2423) mem 0x80010000 0x00000001
core   0: 0x8000eb60 (0x0000bfe5) c.j     pc - 8
core   0: 3 0x8000eb60 (0xbfe5)
core   0: 0x8000eb58 (0x00001f17) auipc   t5, 0x1
core   0: 3 0x8000eb58 (0x00001f17) x30 0x8000fb58
core   0: 0x8000eb5c (0x4a3f2423) sw      gp, 1192(t5)
core   0: 3 0x8000eb5c (0x4a3f2423) mem 0x80010000 0x00000001
core   0: 0x8000eb60 (0x0000bfe5) c.j     pc - 8
core   0: 3 0x8000eb60 (0xbfe5)
core   0: 0x8000eb58 (0x00001f17) auipc   t5, 0x1
core   0: 3 0x8000eb58 (0x00001f17) x30 0x8000fb58
core   0: 0x8000eb5c (0x4a3f2423) sw      gp, 1192(t5)
core   0: 3 0x8000eb5c (0x4a3f2423) mem 0x80010000 0x00000001
core   0: 0x8000eb60 (0x0000bfe5) c.j     pc - 8
core   0: 3 0x8000eb60 (0xbfe5)
core   0: 0x8000eb58 (0x00001f17) auipc   t5, 0x1
core   0: 3 0x8000eb58 (0x00001f17) x30 0x8000fb58
core   0: 0x8000eb5c (0x4a3f2423) sw      gp, 1192(t5)
core   0: 3 0x8000eb5c (0x4a3f2423) mem 0x80010000 0x00000001
core   0: 0x8000eb60 (0x0000bfe5) c.j     pc - 8
core   0: 3 0x8000eb60 (0xbfe5)
core   0: 0x8000eb58 (0x00001f17) auipc   t5, 0x1
core   0: 3 0x8000eb58 (0x00001f17) x30 0x8000fb58
core   0: 0x8000eb5c (0x4a3f2423) sw      gp, 1192(t5)
core   0: 3 0x8000eb5c (0x4a3f2423) mem 0x80010000 0x00000001
core   0: 0x8000eb60 (0x0000bfe5) c.j     pc - 8
core   0: 3 0x8000eb60 (0xbfe5)
core   0: 0x8000eb58 (0x00001f17) auipc   t5, 0x1
core   0: 3 0x8000eb58 (0x00001f17) x30 0x8000fb58
core   0: 0x8000eb5c (0x4a3f2423) sw      gp, 1192(t5)
core   0: 3 0x8000eb5c (0x4a3f2423) mem 0x80010000 0x00000001
core   0: 0x8000eb60 (0x0000bfe5) c.j     pc - 8
core   0: 3 0x8000eb60 (0xbfe5)
core   0: 0x8000eb58 (0x00001f17) auipc   t5, 0x1
core   0: 3 0x8000eb58 (0x00001f17) x30 0x8000fb58
core   0: 0x8000eb5c (0x4a3f2423) sw      gp, 1192(t5)
core   0: 3 0x8000eb5c (0x4a3f2423) mem 0x80010000 0x00000001
core   0: 0x8000eb60 (0x0000bfe5) c.j     pc - 8
core   0: 3 0x8000eb60 (0xbfe5)
core   0: 0x8000eb58 (0x00001f17) auipc   t5, 0x1
core   0: 3 0x8000eb58 (0x00001f17) x30 0x8000fb58
core   0: 0x8000eb5c (0x4a3f2423) sw      gp, 1192(t5)
core   0: 3 0x8000eb5c (0x4a3f2423) mem 0x80010000 0x00000001
core   0: 0x8000eb60 (0x0000bfe5) c.j     pc - 8
core   0: 3 0x8000eb60 (0xbfe5)
core   0: 0x8000eb58 (0x00001f17) auipc   t5, 0x1
core   0: 3 0x8000eb58 (0x00001f17) x30 0x8000fb58
core   0: 0x8000eb5c (0x4a3f2423) sw      gp, 1192(t5)
core   0: 3 0x8000eb5c (0x4a3f2423) mem 0x80010000 0x00000001
core   0: 0x8000eb60 (0x0000bfe5) c.j     pc - 8
core   0: 3 0x8000eb60 (0xbfe5)
core   0: 0x8000eb58 (0x00001f17) auipc   t5, 0x1
core   0: 3 0x8000eb58 (0x00001f17) x30 0x8000fb58
core   0: 0x8000eb5c (0x4a3f2423) sw      gp, 1192(t5)
core   0: 3 0x8000eb5c (0x4a3f2423) mem 0x80010000 0x00000001
core   0: 0x8000eb60 (0x0000bfe5) c.j     pc - 8
core   0: 3 0x8000eb60 (0xbfe5)
core   0: 0x8000eb58 (0x00001f17) auipc   t5, 0x1
core   0: 3 0x8000eb58 (0x00001f17) x30 0x8000fb58
core   0: 0x8000eb5c (0x4a3f2423) sw      gp, 1192(t5)
core   0: 3 0x8000eb5c (0x4a3f2423) mem 0x80010000 0x00000001
core   0: 0x8000eb60 (0x0000bfe5) c.j     pc - 8
core   0: 3 0x8000eb60 (0xbfe5)
core   0: 0x8000eb58 (0x00001f17) auipc   t5, 0x1
core   0: 3 0x8000eb58 (0x00001f17) x30 0x8000fb58
core   0: 0x8000eb5c (0x4a3f2423) sw      gp, 1192(t5)
core   0: 3 0x8000eb5c (0x4a3f2423) mem 0x80010000 0x00000001
core   0: 0x8000eb60 (0x0000bfe5) c.j     pc - 8
core   0: 3 0x8000eb60 (0xbfe5)
core   0: 0x8000eb58 (0x00001f17) auipc   t5, 0x1
core   0: 3 0x8000eb58 (0x00001f17) x30 0x8000fb58
core   0: 0x8000eb5c (0x4a3f2423) sw      gp, 1192(t5)
core   0: 3 0x8000eb5c (0x4a3f2423) mem 0x80010000 0x00000001
core   0: 0x8000eb60 (0x0000bfe5) c.j     pc - 8
core   0: 3 0x8000eb60 (0xbfe5)
core   0: 0x8000eb58 (0x00001f17) auipc   t5, 0x1
core   0: 3 0x8000eb58 (0x00001f17) x30 0x8000fb58
core   0: 0x8000eb5c (0x4a3f2423) sw      gp, 1192(t5)
core   0: 3 0x8000eb5c (0x4a3f2423) mem 0x80010000 0x00000001
core   0: 0x8000eb60 (0x0000bfe5) c.j     pc - 8
core   0: 3 0x8000eb60 (0xbfe5)
core   0: 0x8000eb58 (0x00001f17) auipc   t5, 0x1
core   0: 3 0x8000eb58 (0x00001f17) x30 0x8000fb58
core   0: 0x8000eb5c (0x4a3f2423) sw      gp, 1192(t5)
core   0: 3 0x8000eb5c (0x4a3f2423) mem 0x80010000 0x00000001
core   0: 0x8000eb60 (0x0000bfe5) c.j     pc - 8
core   0: 3 0x8000eb60 (0xbfe5)
core   0: 0x8000eb58 (0x00001f17) auipc   t5, 0x1
core   0: 3 0x8000eb58 (0x00001f17) x30 0x8000fb58
core   0: 0x8000eb5c (0x4a3f2423) sw      gp, 1192(t5)
core   0: 3 0x8000eb5c (0x4a3f2423) mem 0x80010000 0x00000001
core   0: 0x8000eb60 (0x0000bfe5) c.j     pc - 8
core   0: 3 0x8000eb60 (0xbfe5)
core   0: 0x8000eb58 (0x00001f17) auipc   t5, 0x1
core   0: 3 0x8000eb58 (0x00001f17) x30 0x8000fb58
core   0: 0x8000eb5c (0x4a3f2423) sw      gp, 1192(t5)
core   0: 3 0x8000eb5c (0x4a3f2423) mem 0x80010000 0x00000001
core   0: 0x8000eb60 (0x0000bfe5) c.j     pc - 8
core   0: 3 0x8000eb60 (0xbfe5)
core   0: 0x8000eb58 (0x00001f17) auipc   t5, 0x1
core   0: 3 0x8000eb58 (0x00001f17) x30 0x8000fb58
core   0: 0x8000eb5c (0x4a3f2423) sw      gp, 1192(t5)
core   0: 3 0x8000eb5c (0x4a3f2423) mem 0x80010000 0x00000001
core   0: 0x8000eb60 (0x0000bfe5) c.j     pc - 8
core   0: 3 0x8000eb60 (0xbfe5)
core   0: 0x8000eb58 (0x00001f17) auipc   t5, 0x1
core   0: 3 0x8000eb58 (0x00001f17) x30 0x8000fb58
core   0: 0x8000eb5c (0x4a3f2423) sw      gp, 1192(t5)
core   0: 3 0x8000eb5c (0x4a3f2423) mem 0x80010000 0x00000001
core   0: 0x8000eb60 (0x0000bfe5) c.j     pc - 8
core   0: 3 0x8000eb60 (0xbfe5)
core   0: 0x8000eb58 (0x00001f17) auipc   t5, 0x1
core   0: 3 0x8000eb58 (0x00001f17) x30 0x8000fb58
core   0: 0x8000eb5c (0x4a3f2423) sw      gp, 1192(t5)
core   0: 3 0x8000eb5c (0x4a3f2423) mem 0x80010000 0x00000001
core   0: 0x8000eb60 (0x0000bfe5) c.j     pc - 8
core   0: 3 0x8000eb60 (0xbfe5)
core   0: 0x8000eb58 (0x00001f17) auipc   t5, 0x1
core   0: 3 0x8000eb58 (0x00001f17) x30 0x8000fb58
core   0: 0x8000eb5c (0x4a3f2423) sw      gp, 1192(t5)
core   0: 3 0x8000eb5c (0x4a3f2423) mem 0x80010000 0x00000001
core   0: 0x8000eb60 (0x0000bfe5) c.j     pc - 8
core   0: 3 0x8000eb60 (0xbfe5)
core   0: 0x8000eb58 (0x00001f17) auipc   t5, 0x1
core   0: 3 0x8000eb58 (0x00001f17) x30 0x8000fb58
core   0: 0x8000eb5c (0x4a3f2423) sw      gp, 1192(t5)
core   0: 3 0x8000eb5c (0x4a3f2423) mem 0x80010000 0x00000001
core   0: 0x8000eb60 (0x0000bfe5) c.j     pc - 8
core   0: 3 0x8000eb60 (0xbfe5)
core   0: 0x8000eb58 (0x00001f17) auipc   t5, 0x1
core   0: 3 0x8000eb58 (0x00001f17) x30 0x8000fb58
core   0: 0x8000eb5c (0x4a3f2423) sw      gp, 1192(t5)
core   0: 3 0x8000eb5c (0x4a3f2423) mem 0x80010000 0x00000001
core   0: 0x8000eb60 (0x0000bfe5) c.j     pc - 8
core   0: 3 0x8000eb60 (0xbfe5)
core   0: 0x8000eb58 (0x00001f17) auipc   t5, 0x1
core   0: 3 0x8000eb58 (0x00001f17) x30 0x8000fb58
core   0: 0x8000eb5c (0x4a3f2423) sw      gp, 1192(t5)
core   0: 3 0x8000eb5c (0x4a3f2423) mem 0x80010000 0x00000001
core   0: 0x8000eb60 (0x0000bfe5) c.j     pc - 8
core   0: 3 0x8000eb60 (0xbfe5)
core   0: 0x8000eb58 (0x00001f17) auipc   t5, 0x1
core   0: 3 0x8000eb58 (0x00001f17) x30 0x8000fb58
core   0: 0x8000eb5c (0x4a3f2423) sw      gp, 1192(t5)
core   0: 3 0x8000eb5c (0x4a3f2423) mem 0x80010000 0x00000001
core   0: 0x8000eb60 (0x0000bfe5) c.j     pc - 8
core   0: 3 0x8000eb60 (0xbfe5)
core   0: 0x8000eb58 (0x00001f17) auipc   t5, 0x1
core   0: 3 0x8000eb58 (0x00001f17) x30 0x8000fb58
core   0: 0x8000eb5c (0x4a3f2423) sw      gp, 1192(t5)
core   0: 3 0x8000eb5c (0x4a3f2423) mem 0x80010000 0x00000001
core   0: 0x8000eb60 (0x0000bfe5) c.j     pc - 8
core   0: 3 0x8000eb60 (0xbfe5)
core   0: 0x8000eb58 (0x00001f17) auipc   t5, 0x1
core   0: 3 0x8000eb58 (0x00001f17) x30 0x8000fb58
core   0: 0x8000eb5c (0x4a3f2423) sw      gp, 1192(t5)
core   0: 3 0x8000eb5c (0x4a3f2423) mem 0x80010000 0x00000001
core   0: 0x8000eb60 (0x0000bfe5) c.j     pc - 8
core   0: 3 0x8000eb60 (0xbfe5)
core   0: 0x8000eb58 (0x00001f17) auipc   t5, 0x1
core   0: 3 0x8000eb58 (0x00001f17) x30 0x8000fb58
core   0: 0x8000eb5c (0x4a3f2423) sw      gp, 1192(t5)
core   0: 3 0x8000eb5c (0x4a3f2423) mem 0x80010000 0x00000001
core   0: 0x8000eb60 (0x0000bfe5) c.j     pc - 8
core   0: 3 0x8000eb60 (0xbfe5)
core   0: 0x8000eb58 (0x00001f17) auipc   t5, 0x1
core   0: 3 0x8000eb58 (0x00001f17) x30 0x8000fb58
core   0: 0x8000eb5c (0x4a3f2423) sw      gp, 1192(t5)
core   0: 3 0x8000eb5c (0x4a3f2423) mem 0x80010000 0x00000001
core   0: 0x8000eb60 (0x0000bfe5) c.j     pc - 8
core   0: 3 0x8000eb60 (0xbfe5)
core   0: 0x8000eb58 (0x00001f17) auipc   t5, 0x1
core   0: 3 0x8000eb58 (0x00001f17) x30 0x8000fb58
core   0: 0x8000eb5c (0x4a3f2423) sw      gp, 1192(t5)
core   0: 3 0x8000eb5c (0x4a3f2423) mem 0x80010000 0x00000001
core   0: 0x8000eb60 (0x0000bfe5) c.j     pc - 8
core   0: 3 0x8000eb60 (0xbfe5)
core   0: 0x8000eb58 (0x00001f17) auipc   t5, 0x1
core   0: 3 0x8000eb58 (0x00001f17) x30 0x8000fb58
core   0: 0x8000eb5c (0x4a3f2423) sw      gp, 1192(t5)
core   0: 3 0x8000eb5c (0x4a3f2423) mem 0x80010000 0x00000001
core   0: 0x8000eb60 (0x0000bfe5) c.j     pc - 8
core   0: 3 0x8000eb60 (0xbfe5)
core   0: 0x8000eb58 (0x00001f17) auipc   t5, 0x1
core   0: 3 0x8000eb58 (0x00001f17) x30 0x8000fb58
core   0: 0x8000eb5c (0x4a3f2423) sw      gp, 1192(t5)
core   0: 3 0x8000eb5c (0x4a3f2423) mem 0x80010000 0x00000001
core   0: 0x8000eb60 (0x0000bfe5) c.j     pc - 8
core   0: 3 0x8000eb60 (0xbfe5)
core   0: 0x8000eb58 (0x00001f17) auipc   t5, 0x1
core   0: 3 0x8000eb58 (0x00001f17) x30 0x8000fb58
core   0: 0x8000eb5c (0x4a3f2423) sw      gp, 1192(t5)
core   0: 3 0x8000eb5c (0x4a3f2423) mem 0x80010000 0x00000001
core   0: 0x8000eb60 (0x0000bfe5) c.j     pc - 8
core   0: 3 0x8000eb60 (0xbfe5)
core   0: 0x8000eb58 (0x00001f17) auipc   t5, 0x1
core   0: 3 0x8000eb58 (0x00001f17) x30 0x8000fb58
core   0: 0x8000eb5c (0x4a3f2423) sw      gp, 1192(t5)
core   0: 3 0x8000eb5c (0x4a3f2423) mem 0x80010000 0x00000001
core   0: 0x8000eb60 (0x0000bfe5) c.j     pc - 8
core   0: 3 0x8000eb60 (0xbfe5)
core   0: 0x8000eb58 (0x00001f17) auipc   t5, 0x1
core   0: 3 0x8000eb58 (0x00001f17) x30 0x8000fb58
core   0: 0x8000eb5c (0x4a3f2423) sw      gp, 1192(t5)
core   0: 3 0x8000eb5c (0x4a3f2423) mem 0x80010000 0x00000001
core   0: 0x8000eb60 (0x0000bfe5) c.j     pc - 8
core   0: 3 0x8000eb60 (0xbfe5)
core   0: 0x8000eb58 (0x00001f17) auipc   t5, 0x1
core   0: 3 0x8000eb58 (0x00001f17) x30 0x8000fb58
core   0: 0x8000eb5c (0x4a3f2423) sw      gp, 1192(t5)
core   0: 3 0x8000eb5c (0x4a3f2423) mem 0x80010000 0x00000001
core   0: 0x8000eb60 (0x0000bfe5) c.j     pc - 8
core   0: 3 0x8000eb60 (0xbfe5)
core   0: 0x8000eb58 (0x00001f17) auipc   t5, 0x1
core   0: 3 0x8000eb58 (0x00001f17) x30 0x8000fb58
core   0: 0x8000eb5c (0x4a3f2423) sw      gp, 1192(t5)
core   0: 3 0x8000eb5c (0x4a3f2423) mem 0x80010000 0x00000001
core   0: 0x8000eb60 (0x0000bfe5) c.j     pc - 8
core   0: 3 0x8000eb60 (0xbfe5)
core   0: 0x8000eb58 (0x00001f17) auipc   t5, 0x1
core   0: 3 0x8000eb58 (0x00001f17) x30 0x8000fb58
core   0: 0x8000eb5c (0x4a3f2423) sw      gp, 1192(t5)
core   0: 3 0x8000eb5c (0x4a3f2423) mem 0x80010000 0x00000001
core   0: 0x8000eb60 (0x0000bfe5) c.j     pc - 8
core   0: 3 0x8000eb60 (0xbfe5)
core   0: 0x8000eb58 (0x00001f17) auipc   t5, 0x1
core   0: 3 0x8000eb58 (0x00001f17) x30 0x8000fb58
core   0: 0x8000eb5c (0x4a3f2423) sw      gp, 1192(t5)
core   0: 3 0x8000eb5c (0x4a3f2423) mem 0x80010000 0x00000001
core   0: 0x8000eb60 (0x0000bfe5) c.j     pc - 8
core   0: 3 0x8000eb60 (0xbfe5)
core   0: 0x8000eb58 (0x00001f17) auipc   t5, 0x1
core   0: 3 0x8000eb58 (0x00001f17) x30 0x8000fb58
core   0: 0x8000eb5c (0x4a3f2423) sw      gp, 1192(t5)
core   0: 3 0x8000eb5c (0x4a3f2423) mem 0x80010000 0x00000001
core   0: 0x8000eb60 (0x0000bfe5) c.j     pc - 8
core   0: 3 0x8000eb60 (0xbfe5)
core   0: 0x8000eb58 (0x00001f17) auipc   t5, 0x1
core   0: 3 0x8000eb58 (0x00001f17) x30 0x8000fb58
core   0: 0x8000eb5c (0x4a3f2423) sw      gp, 1192(t5)
core   0: 3 0x8000eb5c (0x4a3f2423) mem 0x80010000 0x00000001
core   0: 0x8000eb60 (0x0000bfe5) c.j     pc - 8
core   0: 3 0x8000eb60 (0xbfe5)
core   0: 0x8000eb58 (0x00001f17) auipc   t5, 0x1
core   0: 3 0x8000eb58 (0x00001f17) x30 0x8000fb58
core   0: 0x8000eb5c (0x4a3f2423) sw      gp, 1192(t5)
core   0: 3 0x8000eb5c (0x4a3f2423) mem 0x80010000 0x00000001
core   0: 0x8000eb60 (0x0000bfe5) c.j     pc - 8
core   0: 3 0x8000eb60 (0xbfe5)
core   0: 0x8000eb58 (0x00001f17) auipc   t5, 0x1
core   0: 3 0x8000eb58 (0x00001f17) x30 0x8000fb58
core   0: 0x8000eb5c (0x4a3f2423) sw      gp, 1192(t5)
core   0: 3 0x8000eb5c (0x4a3f2423) mem 0x80010000 0x00000001
core   0: 0x8000eb60 (0x0000bfe5) c.j     pc - 8
core   0: 3 0x8000eb60 (0xbfe5)
core   0: 0x8000eb58 (0x00001f17) auipc   t5, 0x1
core   0: 3 0x8000eb58 (0x00001f17) x30 0x8000fb58
core   0: 0x8000eb5c (0x4a3f2423) sw      gp, 1192(t5)
core   0: 3 0x8000eb5c (0x4a3f2423) mem 0x80010000 0x00000001
core   0: 0x8000eb60 (0x0000bfe5) c.j     pc - 8
core   0: 3 0x8000eb60 (0xbfe5)
core   0: 0x8000eb58 (0x00001f17) auipc   t5, 0x1
core   0: 3 0x8000eb58 (0x00001f17) x30 0x8000fb58
core   0: 0x8000eb5c (0x4a3f2423) sw      gp, 1192(t5)
core   0: 3 0x8000eb5c (0x4a3f2423) mem 0x80010000 0x00000001
core   0: 0x8000eb60 (0x0000bfe5) c.j     pc - 8
core   0: 3 0x8000eb60 (0xbfe5)
core   0: 0x8000eb58 (0x00001f17) auipc   t5, 0x1
core   0: 3 0x8000eb58 (0x00001f17) x30 0x8000fb58
core   0: 0x8000eb5c (0x4a3f2423) sw      gp, 1192(t5)
core   0: 3 0x8000eb5c (0x4a3f2423) mem 0x80010000 0x00000001
core   0: 0x8000eb60 (0x0000bfe5) c.j     pc - 8
core   0: 3 0x8000eb60 (0xbfe5)
core   0: 0x8000eb58 (0x00001f17) auipc   t5, 0x1
core   0: 3 0x8000eb58 (0x00001f17) x30 0x8000fb58
core   0: 0x8000eb5c (0x4a3f2423) sw      gp, 1192(t5)
core   0: 3 0x8000eb5c (0x4a3f2423) mem 0x80010000 0x00000001
core   0: 0x8000eb60 (0x0000bfe5) c.j     pc - 8
core   0: 3 0x8000eb60 (0xbfe5)
core   0: 0x8000eb58 (0x00001f17) auipc   t5, 0x1
core   0: 3 0x8000eb58 (0x00001f17) x30 0x8000fb58
core   0: 0x8000eb5c (0x4a3f2423) sw      gp, 1192(t5)
core   0: 3 0x8000eb5c (0x4a3f2423) mem 0x80010000 0x00000001
core   0: 0x8000eb60 (0x0000bfe5) c.j     pc - 8
core   0: 3 0x8000eb60 (0xbfe5)
core   0: 0x8000eb58 (0x00001f17) auipc   t5, 0x1
core   0: 3 0x8000eb58 (0x00001f17) x30 0x8000fb58
core   0: 0x8000eb5c (0x4a3f2423) sw      gp, 1192(t5)
core   0: 3 0x8000eb5c (0x4a3f2423) mem 0x80010000 0x00000001
core   0: 0x8000eb60 (0x0000bfe5) c.j     pc - 8
core   0: 3 0x8000eb60 (0xbfe5)
core   0: 0x8000eb58 (0x00001f17) auipc   t5, 0x1
core   0: 3 0x8000eb58 (0x00001f17) x30 0x8000fb58
core   0: 0x8000eb5c (0x4a3f2423) sw      gp, 1192(t5)
core   0: 3 0x8000eb5c (0x4a3f2423) mem 0x80010000 0x00000001
core   0: 0x8000eb60 (0x0000bfe5) c.j     pc - 8
core   0: 3 0x8000eb60 (0xbfe5)
core   0: 0x8000eb58 (0x00001f17) auipc   t5, 0x1
core   0: 3 0x8000eb58 (0x00001f17) x30 0x8000fb58
core   0: 0x8000eb5c (0x4a3f2423) sw      gp, 1192(t5)
core   0: 3 0x8000eb5c (0x4a3f2423) mem 0x80010000 0x00000001
core   0: 0x8000eb60 (0x0000bfe5) c.j     pc - 8
core   0: 3 0x8000eb60 (0xbfe5)
core   0: 0x8000eb58 (0x00001f17) auipc   t5, 0x1
core   0: 3 0x8000eb58 (0x00001f17) x30 0x8000fb58
core   0: 0x8000eb5c (0x4a3f2423) sw      gp, 1192(t5)
core   0: 3 0x8000eb5c (0x4a3f2423) mem 0x80010000 0x00000001
core   0: 0x8000eb60 (0x0000bfe5) c.j     pc - 8
core   0: 3 0x8000eb60 (0xbfe5)
core   0: 0x8000eb58 (0x00001f17) auipc   t5, 0x1
core   0: 3 0x8000eb58 (0x00001f17) x30 0x8000fb58
core   0: 0x8000eb5c (0x4a3f2423) sw      gp, 1192(t5)
core   0: 3 0x8000eb5c (0x4a3f2423) mem 0x80010000 0x00000001
core   0: 0x8000eb60 (0x0000bfe5) c.j     pc - 8
core   0: 3 0x8000eb60 (0xbfe5)
core   0: 0x8000eb58 (0x00001f17) auipc   t5, 0x1
core   0: 3 0x8000eb58 (0x00001f17) x30 0x8000fb58
core   0: 0x8000eb5c (0x4a3f2423) sw      gp, 1192(t5)
core   0: 3 0x8000eb5c (0x4a3f2423) mem 0x80010000 0x00000001
core   0: 0x8000eb60 (0x0000bfe5) c.j     pc - 8
core   0: 3 0x8000eb60 (0xbfe5)
core   0: 0x8000eb58 (0x00001f17) auipc   t5, 0x1
core   0: 3 0x8000eb58 (0x00001f17) x30 0x8000fb58
core   0: 0x8000eb5c (0x4a3f2423) sw      gp, 1192(t5)
core   0: 3 0x8000eb5c (0x4a3f2423) mem 0x80010000 0x00000001
core   0: 0x8000eb60 (0x0000bfe5) c.j     pc - 8
core   0: 3 0x8000eb60 (0xbfe5)
core   0: 0x8000eb58 (0x00001f17) auipc   t5, 0x1
core   0: 3 0x8000eb58 (0x00001f17) x30 0x8000fb58
core   0: 0x8000eb5c (0x4a3f2423) sw      gp, 1192(t5)
core   0: 3 0x8000eb5c (0x4a3f2423) mem 0x80010000 0x00000001
core   0: 0x8000eb60 (0x0000bfe5) c.j     pc - 8
core   0: 3 0x8000eb60 (0xbfe5)
core   0: 0x8000eb58 (0x00001f17) auipc   t5, 0x1
core   0: 3 0x8000eb58 (0x00001f17) x30 0x8000fb58
core   0: 0x8000eb5c (0x4a3f2423) sw      gp, 1192(t5)
core   0: 3 0x8000eb5c (0x4a3f2423) mem 0x80010000 0x00000001
core   0: 0x8000eb60 (0x0000bfe5) c.j     pc - 8
core   0: 3 0x8000eb60 (0xbfe5)
core   0: 0x8000eb58 (0x00001f17) auipc   t5, 0x1
core   0: 3 0x8000eb58 (0x00001f17) x30 0x8000fb58
core   0: 0x8000eb5c (0x4a3f2423) sw      gp, 1192(t5)
core   0: 3 0x8000eb5c (0x4a3f2423) mem 0x80010000 0x00000001
core   0: 0x8000eb60 (0x0000bfe5) c.j     pc - 8
core   0: 3 0x8000eb60 (0xbfe5)
core   0: 0x8000eb58 (0x00001f17) auipc   t5, 0x1
core   0: 3 0x8000eb58 (0x00001f17) x30 0x8000fb58
core   0: 0x8000eb5c (0x4a3f2423) sw      gp, 1192(t5)
core   0: 3 0x8000eb5c (0x4a3f2423) mem 0x80010000 0x00000001
core   0: 0x8000eb60 (0x0000bfe5) c.j     pc - 8
core   0: 3 0x8000eb60 (0xbfe5)
core   0: 0x8000eb58 (0x00001f17) auipc   t5, 0x1
core   0: 3 0x8000eb58 (0x00001f17) x30 0x8000fb58
core   0: 0x8000eb5c (0x4a3f2423) sw      gp, 1192(t5)
core   0: 3 0x8000eb5c (0x4a3f2423) mem 0x80010000 0x00000001
core   0: 0x8000eb60 (0x0000bfe5) c.j     pc - 8
core   0: 3 0x8000eb60 (0xbfe5)
core   0: 0x8000eb58 (0x00001f17) auipc   t5, 0x1
core   0: 3 0x8000eb58 (0x00001f17) x30 0x8000fb58
core   0: 0x8000eb5c (0x4a3f2423) sw      gp, 1192(t5)
core   0: 3 0x8000eb5c (0x4a3f2423) mem 0x80010000 0x00000001
core   0: 0x8000eb60 (0x0000bfe5) c.j     pc - 8
core   0: 3 0x8000eb60 (0xbfe5)
core   0: 0x8000eb58 (0x00001f17) auipc   t5, 0x1
core   0: 3 0x8000eb58 (0x00001f17) x30 0x8000fb58
core   0: 0x8000eb5c (0x4a3f2423) sw      gp, 1192(t5)
core   0: 3 0x8000eb5c (0x4a3f2423) mem 0x80010000 0x00000001
core   0: 0x8000eb60 (0x0000bfe5) c.j     pc - 8
core   0: 3 0x8000eb60 (0xbfe5)
core   0: 0x8000eb58 (0x00001f17) auipc   t5, 0x1
core   0: 3 0x8000eb58 (0x00001f17) x30 0x8000fb58
core   0: 0x8000eb5c (0x4a3f2423) sw      gp, 1192(t5)
core   0: 3 0x8000eb5c (0x4a3f2423) mem 0x80010000 0x00000001
core   0: 0x8000eb60 (0x0000bfe5) c.j     pc - 8
core   0: 3 0x8000eb60 (0xbfe5)
core   0: 0x8000eb58 (0x00001f17) auipc   t5, 0x1
core   0: 3 0x8000eb58 (0x00001f17) x30 0x8000fb58
core   0: 0x8000eb5c (0x4a3f2423) sw      gp, 1192(t5)
core   0: 3 0x8000eb5c (0x4a3f2423) mem 0x80010000 0x00000001
core   0: 0x8000eb60 (0x0000bfe5) c.j     pc - 8
core   0: 3 0x8000eb60 (0xbfe5)
core   0: 0x8000eb58 (0x00001f17) auipc   t5, 0x1
core   0: 3 0x8000eb58 (0x00001f17) x30 0x8000fb58
core   0: 0x8000eb5c (0x4a3f2423) sw      gp, 1192(t5)
core   0: 3 0x8000eb5c (0x4a3f2423) mem 0x80010000 0x00000001
core   0: 0x8000eb60 (0x0000bfe5) c.j     pc - 8
core   0: 3 0x8000eb60 (0xbfe5)
core   0: 0x8000eb58 (0x00001f17) auipc   t5, 0x1
core   0: 3 0x8000eb58 (0x00001f17) x30 0x8000fb58
core   0: 0x8000eb5c (0x4a3f2423) sw      gp, 1192(t5)
core   0: 3 0x8000eb5c (0x4a3f2423) mem 0x80010000 0x00000001
core   0: 0x8000eb60 (0x0000bfe5) c.j     pc - 8
core   0: 3 0x8000eb60 (0xbfe5)
core   0: 0x8000eb58 (0x00001f17) auipc   t5, 0x1
core   0: 3 0x8000eb58 (0x00001f17) x30 0x8000fb58
core   0: 0x8000eb5c (0x4a3f2423) sw      gp, 1192(t5)
core   0: 3 0x8000eb5c (0x4a3f2423) mem 0x80010000 0x00000001
core   0: 0x8000eb60 (0x0000bfe5) c.j     pc - 8
core   0: 3 0x8000eb60 (0xbfe5)
core   0: 0x8000eb58 (0x00001f17) auipc   t5, 0x1
core   0: 3 0x8000eb58 (0x00001f17) x30 0x8000fb58
core   0: 0x8000eb5c (0x4a3f2423) sw      gp, 1192(t5)
core   0: 3 0x8000eb5c (0x4a3f2423) mem 0x80010000 0x00000001
core   0: 0x8000eb60 (0x0000bfe5) c.j     pc - 8
core   0: 3 0x8000eb60 (0xbfe5)
core   0: 0x8000eb58 (0x00001f17) auipc   t5, 0x1
core   0: 3 0x8000eb58 (0x00001f17) x30 0x8000fb58
core   0: 0x8000eb5c (0x4a3f2423) sw      gp, 1192(t5)
core   0: 3 0x8000eb5c (0x4a3f2423) mem 0x80010000 0x00000001
core   0: 0x8000eb60 (0x0000bfe5) c.j     pc - 8
core   0: 3 0x8000eb60 (0xbfe5)
core   0: 0x8000eb58 (0x00001f17) auipc   t5, 0x1
core   0: 3 0x8000eb58 (0x00001f17) x30 0x8000fb58
core   0: 0x8000eb5c (0x4a3f2423) sw      gp, 1192(t5)
core   0: 3 0x8000eb5c (0x4a3f2423) mem 0x80010000 0x00000001
core   0: 0x8000eb60 (0x0000bfe5) c.j     pc - 8
core   0: 3 0x8000eb60 (0xbfe5)
core   0: 0x8000eb58 (0x00001f17) auipc   t5, 0x1
core   0: 3 0x8000eb58 (0x00001f17) x30 0x8000fb58
core   0: 0x8000eb5c (0x4a3f2423) sw      gp, 1192(t5)
core   0: 3 0x8000eb5c (0x4a3f2423) mem 0x80010000 0x00000001
core   0: 0x8000eb60 (0x0000bfe5) c.j     pc - 8
core   0: 3 0x8000eb60 (0xbfe5)
core   0: 0x8000eb58 (0x00001f17) auipc   t5, 0x1
core   0: 3 0x8000eb58 (0x00001f17) x30 0x8000fb58
core   0: 0x8000eb5c (0x4a3f2423) sw      gp, 1192(t5)
core   0: 3 0x8000eb5c (0x4a3f2423) mem 0x80010000 0x00000001
core   0: 0x8000eb60 (0x0000bfe5) c.j     pc - 8
core   0: 3 0x8000eb60 (0xbfe5)
core   0: 0x8000eb58 (0x00001f17) auipc   t5, 0x1
core   0: 3 0x8000eb58 (0x00001f17) x30 0x8000fb58
core   0: 0x8000eb5c (0x4a3f2423) sw      gp, 1192(t5)
core   0: 3 0x8000eb5c (0x4a3f2423) mem 0x80010000 0x00000001
core   0: 0x8000eb60 (0x0000bfe5) c.j     pc - 8
core   0: 3 0x8000eb60 (0xbfe5)
core   0: 0x8000eb58 (0x00001f17) auipc   t5, 0x1
core   0: 3 0x8000eb58 (0x00001f17) x30 0x8000fb58
core   0: 0x8000eb5c (0x4a3f2423) sw      gp, 1192(t5)
core   0: 3 0x8000eb5c (0x4a3f2423) mem 0x80010000 0x00000001
core   0: 0x8000eb60 (0x0000bfe5) c.j     pc - 8
core   0: 3 0x8000eb60 (0xbfe5)
core   0: 0x8000eb58 (0x00001f17) auipc   t5, 0x1
core   0: 3 0x8000eb58 (0x00001f17) x30 0x8000fb58
core   0: 0x8000eb5c (0x4a3f2423) sw      gp, 1192(t5)
core   0: 3 0x8000eb5c (0x4a3f2423) mem 0x80010000 0x00000001
core   0: 0x8000eb60 (0x0000bfe5) c.j     pc - 8
core   0: 3 0x8000eb60 (0xbfe5)
core   0: 0x8000eb58 (0x00001f17) auipc   t5, 0x1
core   0: 3 0x8000eb58 (0x00001f17) x30 0x8000fb58
core   0: 0x8000eb5c (0x4a3f2423) sw      gp, 1192(t5)
core   0: 3 0x8000eb5c (0x4a3f2423) mem 0x80010000 0x00000001
core   0: 0x8000eb60 (0x0000bfe5) c.j     pc - 8
core   0: 3 0x8000eb60 (0xbfe5)
core   0: 0x8000eb58 (0x00001f17) auipc   t5, 0x1
core   0: 3 0x8000eb58 (0x00001f17) x30 0x8000fb58
core   0: 0x8000eb5c (0x4a3f2423) sw      gp, 1192(t5)
core   0: 3 0x8000eb5c (0x4a3f2423) mem 0x80010000 0x00000001
core   0: 0x8000eb60 (0x0000bfe5) c.j     pc - 8
core   0: 3 0x8000eb60 (0xbfe5)
core   0: 0x8000eb58 (0x00001f17) auipc   t5, 0x1
core   0: 3 0x8000eb58 (0x00001f17) x30 0x8000fb58
core   0: 0x8000eb5c (0x4a3f2423) sw      gp, 1192(t5)
core   0: 3 0x8000eb5c (0x4a3f2423) mem 0x80010000 0x00000001
core   0: 0x8000eb60 (0x0000bfe5) c.j     pc - 8
core   0: 3 0x8000eb60 (0xbfe5)
core   0: 0x8000eb58 (0x00001f17) auipc   t5, 0x1
core   0: 3 0x8000eb58 (0x00001f17) x30 0x8000fb58
core   0: 0x8000eb5c (0x4a3f2423) sw      gp, 1192(t5)
core   0: 3 0x8000eb5c (0x4a3f2423) mem 0x80010000 0x00000001
core   0: 0x8000eb60 (0x0000bfe5) c.j     pc - 8
core   0: 3 0x8000eb60 (0xbfe5)
core   0: 0x8000eb58 (0x00001f17) auipc   t5, 0x1
core   0: 3 0x8000eb58 (0x00001f17) x30 0x8000fb58
core   0: 0x8000eb5c (0x4a3f2423) sw      gp, 1192(t5)
core   0: 3 0x8000eb5c (0x4a3f2423) mem 0x80010000 0x00000001
core   0: 0x8000eb60 (0x0000bfe5) c.j     pc - 8
core   0: 3 0x8000eb60 (0xbfe5)
core   0: 0x8000eb58 (0x00001f17) auipc   t5, 0x1
core   0: 3 0x8000eb58 (0x00001f17) x30 0x8000fb58
core   0: 0x8000eb5c (0x4a3f2423) sw      gp, 1192(t5)
core   0: 3 0x8000eb5c (0x4a3f2423) mem 0x80010000 0x00000001
core   0: 0x8000eb60 (0x0000bfe5) c.j     pc - 8
core   0: 3 0x8000eb60 (0xbfe5)
core   0: 0x8000eb58 (0x00001f17) auipc   t5, 0x1
core   0: 3 0x8000eb58 (0x00001f17) x30 0x8000fb58
core   0: 0x8000eb5c (0x4a3f2423) sw      gp, 1192(t5)
core   0: 3 0x8000eb5c (0x4a3f2423) mem 0x80010000 0x00000001
core   0: 0x8000eb60 (0x0000bfe5) c.j     pc - 8
core   0: 3 0x8000eb60 (0xbfe5)
core   0: 0x8000eb58 (0x00001f17) auipc   t5, 0x1
core   0: 3 0x8000eb58 (0x00001f17) x30 0x8000fb58
core   0: 0x8000eb5c (0x4a3f2423) sw      gp, 1192(t5)
core   0: 3 0x8000eb5c (0x4a3f2423) mem 0x80010000 0x00000001
core   0: 0x8000eb60 (0x0000bfe5) c.j     pc - 8
core   0: 3 0x8000eb60 (0xbfe5)
core   0: 0x8000eb58 (0x00001f17) auipc   t5, 0x1
core   0: 3 0x8000eb58 (0x00001f17) x30 0x8000fb58
core   0: 0x8000eb5c (0x4a3f2423) sw      gp, 1192(t5)
core   0: 3 0x8000eb5c (0x4a3f2423) mem 0x80010000 0x00000001
core   0: 0x8000eb60 (0x0000bfe5) c.j     pc - 8
core   0: 3 0x8000eb60 (0xbfe5)
core   0: 0x8000eb58 (0x00001f17) auipc   t5, 0x1
core   0: 3 0x8000eb58 (0x00001f17) x30 0x8000fb58
core   0: 0x8000eb5c (0x4a3f2423) sw      gp, 1192(t5)
core   0: 3 0x8000eb5c (0x4a3f2423) mem 0x80010000 0x00000001
core   0: 0x8000eb60 (0x0000bfe5) c.j     pc - 8
core   0: 3 0x8000eb60 (0xbfe5)
core   0: 0x8000eb58 (0x00001f17) auipc   t5, 0x1
core   0: 3 0x8000eb58 (0x00001f17) x30 0x8000fb58
core   0: 0x8000eb5c (0x4a3f2423) sw      gp, 1192(t5)
core   0: 3 0x8000eb5c (0x4a3f2423) mem 0x80010000 0x00000001
core   0: 0x8000eb60 (0x0000bfe5) c.j     pc - 8
core   0: 3 0x8000eb60 (0xbfe5)
core   0: 0x8000eb58 (0x00001f17) auipc   t5, 0x1
core   0: 3 0x8000eb58 (0x00001f17) x30 0x8000fb58
core   0: 0x8000eb5c (0x4a3f2423) sw      gp, 1192(t5)
core   0: 3 0x8000eb5c (0x4a3f2423) mem 0x80010000 0x00000001
core   0: 0x8000eb60 (0x0000bfe5) c.j     pc - 8
core   0: 3 0x8000eb60 (0xbfe5)
core   0: 0x8000eb58 (0x00001f17) auipc   t5, 0x1
core   0: 3 0x8000eb58 (0x00001f17) x30 0x8000fb58
core   0: 0x8000eb5c (0x4a3f2423) sw      gp, 1192(t5)
core   0: 3 0x8000eb5c (0x4a3f2423) mem 0x80010000 0x00000001
core   0: 0x8000eb60 (0x0000bfe5) c.j     pc - 8
core   0: 3 0x8000eb60 (0xbfe5)
core   0: 0x8000eb58 (0x00001f17) auipc   t5, 0x1
core   0: 3 0x8000eb58 (0x00001f17) x30 0x8000fb58
core   0: 0x8000eb5c (0x4a3f2423) sw      gp, 1192(t5)
core   0: 3 0x8000eb5c (0x4a3f2423) mem 0x80010000 0x00000001
core   0: 0x8000eb60 (0x0000bfe5) c.j     pc - 8
core   0: 3 0x8000eb60 (0xbfe5)
core   0: 0x8000eb58 (0x00001f17) auipc   t5, 0x1
core   0: 3 0x8000eb58 (0x00001f17) x30 0x8000fb58
core   0: 0x8000eb5c (0x4a3f2423) sw      gp, 1192(t5)
core   0: 3 0x8000eb5c (0x4a3f2423) mem 0x80010000 0x00000001
core   0: 0x8000eb60 (0x0000bfe5) c.j     pc - 8
core   0: 3 0x8000eb60 (0xbfe5)
core   0: 0x8000eb58 (0x00001f17) auipc   t5, 0x1
core   0: 3 0x8000eb58 (0x00001f17) x30 0x8000fb58
core   0: 0x8000eb5c (0x4a3f2423) sw      gp, 1192(t5)
core   0: 3 0x8000eb5c (0x4a3f2423) mem 0x80010000 0x00000001
core   0: 0x8000eb60 (0x0000bfe5) c.j     pc - 8
core   0: 3 0x8000eb60 (0xbfe5)
core   0: 0x8000eb58 (0x00001f17) auipc   t5, 0x1
core   0: 3 0x8000eb58 (0x00001f17) x30 0x8000fb58
core   0: 0x8000eb5c (0x4a3f2423) sw      gp, 1192(t5)
core   0: 3 0x8000eb5c (0x4a3f2423) mem 0x80010000 0x00000001
core   0: 0x8000eb60 (0x0000bfe5) c.j     pc - 8
core   0: 3 0x8000eb60 (0xbfe5)
core   0: 0x8000eb58 (0x00001f17) auipc   t5, 0x1
core   0: 3 0x8000eb58 (0x00001f17) x30 0x8000fb58
core   0: 0x8000eb5c (0x4a3f2423) sw      gp, 1192(t5)
core   0: 3 0x8000eb5c (0x4a3f2423) mem 0x80010000 0x00000001
core   0: 0x8000eb60 (0x0000bfe5) c.j     pc - 8
core   0: 3 0x8000eb60 (0xbfe5)
core   0: 0x8000eb58 (0x00001f17) auipc   t5, 0x1
core   0: 3 0x8000eb58 (0x00001f17) x30 0x8000fb58
core   0: 0x8000eb5c (0x4a3f2423) sw      gp, 1192(t5)
core   0: 3 0x8000eb5c (0x4a3f2423) mem 0x80010000 0x00000001
core   0: 0x8000eb60 (0x0000bfe5) c.j     pc - 8
core   0: 3 0x8000eb60 (0xbfe5)
core   0: 0x8000eb58 (0x00001f17) auipc   t5, 0x1
core   0: 3 0x8000eb58 (0x00001f17) x30 0x8000fb58
core   0: 0x8000eb5c (0x4a3f2423) sw      gp, 1192(t5)
core   0: 3 0x8000eb5c (0x4a3f2423) mem 0x80010000 0x00000001
core   0: 0x8000eb60 (0x0000bfe5) c.j     pc - 8
core   0: 3 0x8000eb60 (0xbfe5)
core   0: 0x8000eb58 (0x00001f17) auipc   t5, 0x1
core   0: 3 0x8000eb58 (0x00001f17) x30 0x8000fb58
core   0: 0x8000eb5c (0x4a3f2423) sw      gp, 1192(t5)
core   0: 3 0x8000eb5c (0x4a3f2423) mem 0x80010000 0x00000001
core   0: 0x8000eb60 (0x0000bfe5) c.j     pc - 8
core   0: 3 0x8000eb60 (0xbfe5)
core   0: 0x8000eb58 (0x00001f17) auipc   t5, 0x1
core   0: 3 0x8000eb58 (0x00001f17) x30 0x8000fb58
core   0: 0x8000eb5c (0x4a3f2423) sw      gp, 1192(t5)
core   0: 3 0x8000eb5c (0x4a3f2423) mem 0x80010000 0x00000001
core   0: 0x8000eb60 (0x0000bfe5) c.j     pc - 8
core   0: 3 0x8000eb60 (0xbfe5)
core   0: 0x8000eb58 (0x00001f17) auipc   t5, 0x1
core   0: 3 0x8000eb58 (0x00001f17) x30 0x8000fb58
core   0: 0x8000eb5c (0x4a3f2423) sw      gp, 1192(t5)
core   0: 3 0x8000eb5c (0x4a3f2423) mem 0x80010000 0x00000001
core   0: 0x8000eb60 (0x0000bfe5) c.j     pc - 8
core   0: 3 0x8000eb60 (0xbfe5)
core   0: 0x8000eb58 (0x00001f17) auipc   t5, 0x1
core   0: 3 0x8000eb58 (0x00001f17) x30 0x8000fb58
core   0: 0x8000eb5c (0x4a3f2423) sw      gp, 1192(t5)
core   0: 3 0x8000eb5c (0x4a3f2423) mem 0x80010000 0x00000001
core   0: 0x8000eb60 (0x0000bfe5) c.j     pc - 8
core   0: 3 0x8000eb60 (0xbfe5)
core   0: 0x8000eb58 (0x00001f17) auipc   t5, 0x1
core   0: 3 0x8000eb58 (0x00001f17) x30 0x8000fb58
core   0: 0x8000eb5c (0x4a3f2423) sw      gp, 1192(t5)
core   0: 3 0x8000eb5c (0x4a3f2423) mem 0x80010000 0x00000001
core   0: 0x8000eb60 (0x0000bfe5) c.j     pc - 8
core   0: 3 0x8000eb60 (0xbfe5)
core   0: 0x8000eb58 (0x00001f17) auipc   t5, 0x1
core   0: 3 0x8000eb58 (0x00001f17) x30 0x8000fb58
core   0: 0x8000eb5c (0x4a3f2423) sw      gp, 1192(t5)
core   0: 3 0x8000eb5c (0x4a3f2423) mem 0x80010000 0x00000001
core   0: 0x8000eb60 (0x0000bfe5) c.j     pc - 8
core   0: 3 0x8000eb60 (0xbfe5)
core   0: 0x8000eb58 (0x00001f17) auipc   t5, 0x1
core   0: 3 0x8000eb58 (0x00001f17) x30 0x8000fb58
core   0: 0x8000eb5c (0x4a3f2423) sw      gp, 1192(t5)
core   0: 3 0x8000eb5c (0x4a3f2423) mem 0x80010000 0x00000001
core   0: 0x8000eb60 (0x0000bfe5) c.j     pc - 8
core   0: 3 0x8000eb60 (0xbfe5)
core   0: 0x8000eb58 (0x00001f17) auipc   t5, 0x1
core   0: 3 0x8000eb58 (0x00001f17) x30 0x8000fb58
core   0: 0x8000eb5c (0x4a3f2423) sw      gp, 1192(t5)
core   0: 3 0x8000eb5c (0x4a3f2423) mem 0x80010000 0x00000001
core   0: 0x8000eb60 (0x0000bfe5) c.j     pc - 8
core   0: 3 0x8000eb60 (0xbfe5)
core   0: 0x8000eb58 (0x00001f17) auipc   t5, 0x1
core   0: 3 0x8000eb58 (0x00001f17) x30 0x8000fb58
core   0: 0x8000eb5c (0x4a3f2423) sw      gp, 1192(t5)
core   0: 3 0x8000eb5c (0x4a3f2423) mem 0x80010000 0x00000001
core   0: 0x8000eb60 (0x0000bfe5) c.j     pc - 8
core   0: 3 0x8000eb60 (0xbfe5)
core   0: 0x8000eb58 (0x00001f17) auipc   t5, 0x1
core   0: 3 0x8000eb58 (0x00001f17) x30 0x8000fb58
core   0: 0x8000eb5c (0x4a3f2423) sw      gp, 1192(t5)
core   0: 3 0x8000eb5c (0x4a3f2423) mem 0x80010000 0x00000001
core   0: 0x8000eb60 (0x0000bfe5) c.j     pc - 8
core   0: 3 0x8000eb60 (0xbfe5)
core   0: 0x8000eb58 (0x00001f17) auipc   t5, 0x1
core   0: 3 0x8000eb58 (0x00001f17) x30 0x8000fb58
core   0: 0x8000eb5c (0x4a3f2423) sw      gp, 1192(t5)
core   0: 3 0x8000eb5c (0x4a3f2423) mem 0x80010000 0x00000001
core   0: 0x8000eb60 (0x0000bfe5) c.j     pc - 8
core   0: 3 0x8000eb60 (0xbfe5)
core   0: 0x8000eb58 (0x00001f17) auipc   t5, 0x1
core   0: 3 0x8000eb58 (0x00001f17) x30 0x8000fb58
core   0: 0x8000eb5c (0x4a3f2423) sw      gp, 1192(t5)
core   0: 3 0x8000eb5c (0x4a3f2423) mem 0x80010000 0x00000001
core   0: 0x8000eb60 (0x0000bfe5) c.j     pc - 8
core   0: 3 0x8000eb60 (0xbfe5)
core   0: 0x8000eb58 (0x00001f17) auipc   t5, 0x1
core   0: 3 0x8000eb58 (0x00001f17) x30 0x8000fb58
core   0: 0x8000eb5c (0x4a3f2423) sw      gp, 1192(t5)
core   0: 3 0x8000eb5c (0x4a3f2423) mem 0x80010000 0x00000001
core   0: 0x8000eb60 (0x0000bfe5) c.j     pc - 8
core   0: 3 0x8000eb60 (0xbfe5)
core   0: 0x8000eb58 (0x00001f17) auipc   t5, 0x1
core   0: 3 0x8000eb58 (0x00001f17) x30 0x8000fb58
core   0: 0x8000eb5c (0x4a3f2423) sw      gp, 1192(t5)
core   0: 3 0x8000eb5c (0x4a3f2423) mem 0x80010000 0x00000001
core   0: 0x8000eb60 (0x0000bfe5) c.j     pc - 8
core   0: 3 0x8000eb60 (0xbfe5)
core   0: 0x8000eb58 (0x00001f17) auipc   t5, 0x1
core   0: 3 0x8000eb58 (0x00001f17) x30 0x8000fb58
core   0: 0x8000eb5c (0x4a3f2423) sw      gp, 1192(t5)
core   0: 3 0x8000eb5c (0x4a3f2423) mem 0x80010000 0x00000001
core   0: 0x8000eb60 (0x0000bfe5) c.j     pc - 8
core   0: 3 0x8000eb60 (0xbfe5)
core   0: 0x8000eb58 (0x00001f17) auipc   t5, 0x1
core   0: 3 0x8000eb58 (0x00001f17) x30 0x8000fb58
core   0: 0x8000eb5c (0x4a3f2423) sw      gp, 1192(t5)
core   0: 3 0x8000eb5c (0x4a3f2423) mem 0x80010000 0x00000001
core   0: 0x8000eb60 (0x0000bfe5) c.j     pc - 8
core   0: 3 0x8000eb60 (0xbfe5)
core   0: 0x8000eb58 (0x00001f17) auipc   t5, 0x1
core   0: 3 0x8000eb58 (0x00001f17) x30 0x8000fb58
core   0: 0x8000eb5c (0x4a3f2423) sw      gp, 1192(t5)
core   0: 3 0x8000eb5c (0x4a3f2423) mem 0x80010000 0x00000001
core   0: 0x8000eb60 (0x0000bfe5) c.j     pc - 8
core   0: 3 0x8000eb60 (0xbfe5)
core   0: 0x8000eb58 (0x00001f17) auipc   t5, 0x1
core   0: 3 0x8000eb58 (0x00001f17) x30 0x8000fb58
core   0: 0x8000eb5c (0x4a3f2423) sw      gp, 1192(t5)
core   0: 3 0x8000eb5c (0x4a3f2423) mem 0x80010000 0x00000001
core   0: 0x8000eb60 (0x0000bfe5) c.j     pc - 8
core   0: 3 0x8000eb60 (0xbfe5)
core   0: 0x8000eb58 (0x00001f17) auipc   t5, 0x1
core   0: 3 0x8000eb58 (0x00001f17) x30 0x8000fb58
core   0: 0x8000eb5c (0x4a3f2423) sw      gp, 1192(t5)
core   0: 3 0x8000eb5c (0x4a3f2423) mem 0x80010000 0x00000001
core   0: 0x8000eb60 (0x0000bfe5) c.j     pc - 8
core   0: 3 0x8000eb60 (0xbfe5)
core   0: 0x8000eb58 (0x00001f17) auipc   t5, 0x1
core   0: 3 0x8000eb58 (0x00001f17) x30 0x8000fb58
core   0: 0x8000eb5c (0x4a3f2423) sw      gp, 1192(t5)
core   0: 3 0x8000eb5c (0x4a3f2423) mem 0x80010000 0x00000001
core   0: 0x8000eb60 (0x0000bfe5) c.j     pc - 8
core   0: 3 0x8000eb60 (0xbfe5)
core   0: 0x8000eb58 (0x00001f17) auipc   t5, 0x1
core   0: 3 0x8000eb58 (0x00001f17) x30 0x8000fb58
core   0: 0x8000eb5c (0x4a3f2423) sw      gp, 1192(t5)
core   0: 3 0x8000eb5c (0x4a3f2423) mem 0x80010000 0x00000001
core   0: 0x8000eb60 (0x0000bfe5) c.j     pc - 8
core   0: 3 0x8000eb60 (0xbfe5)
core   0: 0x8000eb58 (0x00001f17) auipc   t5, 0x1
core   0: 3 0x8000eb58 (0x00001f17) x30 0x8000fb58
core   0: 0x8000eb5c (0x4a3f2423) sw      gp, 1192(t5)
core   0: 3 0x8000eb5c (0x4a3f2423) mem 0x80010000 0x00000001
core   0: 0x8000eb60 (0x0000bfe5) c.j     pc - 8
core   0: 3 0x8000eb60 (0xbfe5)
core   0: 0x8000eb58 (0x00001f17) auipc   t5, 0x1
core   0: 3 0x8000eb58 (0x00001f17) x30 0x8000fb58
core   0: 0x8000eb5c (0x4a3f2423) sw      gp, 1192(t5)
core   0: 3 0x8000eb5c (0x4a3f2423) mem 0x80010000 0x00000001
core   0: 0x8000eb60 (0x0000bfe5) c.j     pc - 8
core   0: 3 0x8000eb60 (0xbfe5)
core   0: 0x8000eb58 (0x00001f17) auipc   t5, 0x1
core   0: 3 0x8000eb58 (0x00001f17) x30 0x8000fb58
core   0: 0x8000eb5c (0x4a3f2423) sw      gp, 1192(t5)
core   0: 3 0x8000eb5c (0x4a3f2423) mem 0x80010000 0x00000001
core   0: 0x8000eb60 (0x0000bfe5) c.j     pc - 8
core   0: 3 0x8000eb60 (0xbfe5)
core   0: 0x8000eb58 (0x00001f17) auipc   t5, 0x1
core   0: 3 0x8000eb58 (0x00001f17) x30 0x8000fb58
core   0: 0x8000eb5c (0x4a3f2423) sw      gp, 1192(t5)
core   0: 3 0x8000eb5c (0x4a3f2423) mem 0x80010000 0x00000001
core   0: 0x8000eb60 (0x0000bfe5) c.j     pc - 8
core   0: 3 0x8000eb60 (0xbfe5)
core   0: 0x8000eb58 (0x00001f17) auipc   t5, 0x1
core   0: 3 0x8000eb58 (0x00001f17) x30 0x8000fb58
core   0: 0x8000eb5c (0x4a3f2423) sw      gp, 1192(t5)
core   0: 3 0x8000eb5c (0x4a3f2423) mem 0x80010000 0x00000001
core   0: 0x8000eb60 (0x0000bfe5) c.j     pc - 8
core   0: 3 0x8000eb60 (0xbfe5)
core   0: 0x8000eb58 (0x00001f17) auipc   t5, 0x1
core   0: 3 0x8000eb58 (0x00001f17) x30 0x8000fb58
core   0: 0x8000eb5c (0x4a3f2423) sw      gp, 1192(t5)
core   0: 3 0x8000eb5c (0x4a3f2423) mem 0x80010000 0x00000001
core   0: 0x8000eb60 (0x0000bfe5) c.j     pc - 8
core   0: 3 0x8000eb60 (0xbfe5)
core   0: 0x8000eb58 (0x00001f17) auipc   t5, 0x1
core   0: 3 0x8000eb58 (0x00001f17) x30 0x8000fb58
core   0: 0x8000eb5c (0x4a3f2423) sw      gp, 1192(t5)
core   0: 3 0x8000eb5c (0x4a3f2423) mem 0x80010000 0x00000001
core   0: 0x8000eb60 (0x0000bfe5) c.j     pc - 8
core   0: 3 0x8000eb60 (0xbfe5)
core   0: 0x8000eb58 (0x00001f17) auipc   t5, 0x1
core   0: 3 0x8000eb58 (0x00001f17) x30 0x8000fb58
core   0: 0x8000eb5c (0x4a3f2423) sw      gp, 1192(t5)
core   0: 3 0x8000eb5c (0x4a3f2423) mem 0x80010000 0x00000001
core   0: 0x8000eb60 (0x0000bfe5) c.j     pc - 8
core   0: 3 0x8000eb60 (0xbfe5)
core   0: 0x8000eb58 (0x00001f17) auipc   t5, 0x1
core   0: 3 0x8000eb58 (0x00001f17) x30 0x8000fb58
core   0: 0x8000eb5c (0x4a3f2423) sw      gp, 1192(t5)
core   0: 3 0x8000eb5c (0x4a3f2423) mem 0x80010000 0x00000001
core   0: 0x8000eb60 (0x0000bfe5) c.j     pc - 8
core   0: 3 0x8000eb60 (0xbfe5)
core   0: 0x8000eb58 (0x00001f17) auipc   t5, 0x1
core   0: 3 0x8000eb58 (0x00001f17) x30 0x8000fb58
core   0: 0x8000eb5c (0x4a3f2423) sw      gp, 1192(t5)
core   0: 3 0x8000eb5c (0x4a3f2423) mem 0x80010000 0x00000001
core   0: 0x8000eb60 (0x0000bfe5) c.j     pc - 8
core   0: 3 0x8000eb60 (0xbfe5)
core   0: 0x8000eb58 (0x00001f17) auipc   t5, 0x1
core   0: 3 0x8000eb58 (0x00001f17) x30 0x8000fb58
core   0: 0x8000eb5c (0x4a3f2423) sw      gp, 1192(t5)
core   0: 3 0x8000eb5c (0x4a3f2423) mem 0x80010000 0x00000001
core   0: 0x8000eb60 (0x0000bfe5) c.j     pc - 8
core   0: 3 0x8000eb60 (0xbfe5)
core   0: 0x8000eb58 (0x00001f17) auipc   t5, 0x1
core   0: 3 0x8000eb58 (0x00001f17) x30 0x8000fb58
core   0: 0x8000eb5c (0x4a3f2423) sw      gp, 1192(t5)
core   0: 3 0x8000eb5c (0x4a3f2423) mem 0x80010000 0x00000001
core   0: 0x8000eb60 (0x0000bfe5) c.j     pc - 8
core   0: 3 0x8000eb60 (0xbfe5)
core   0: 0x8000eb58 (0x00001f17) auipc   t5, 0x1
core   0: 3 0x8000eb58 (0x00001f17) x30 0x8000fb58
core   0: 0x8000eb5c (0x4a3f2423) sw      gp, 1192(t5)
core   0: 3 0x8000eb5c (0x4a3f2423) mem 0x80010000 0x00000001
core   0: 0x8000eb60 (0x0000bfe5) c.j     pc - 8
core   0: 3 0x8000eb60 (0xbfe5)
core   0: 0x8000eb58 (0x00001f17) auipc   t5, 0x1
core   0: 3 0x8000eb58 (0x00001f17) x30 0x8000fb58
core   0: 0x8000eb5c (0x4a3f2423) sw      gp, 1192(t5)
core   0: 3 0x8000eb5c (0x4a3f2423) mem 0x80010000 0x00000001
core   0: 0x8000eb60 (0x0000bfe5) c.j     pc - 8
core   0: 3 0x8000eb60 (0xbfe5)
core   0: 0x8000eb58 (0x00001f17) auipc   t5, 0x1
core   0: 3 0x8000eb58 (0x00001f17) x30 0x8000fb58
core   0: 0x8000eb5c (0x4a3f2423) sw      gp, 1192(t5)
core   0: 3 0x8000eb5c (0x4a3f2423) mem 0x80010000 0x00000001
core   0: 0x8000eb60 (0x0000bfe5) c.j     pc - 8
core   0: 3 0x8000eb60 (0xbfe5)
core   0: 0x8000eb58 (0x00001f17) auipc   t5, 0x1
core   0: 3 0x8000eb58 (0x00001f17) x30 0x8000fb58
core   0: 0x8000eb5c (0x4a3f2423) sw      gp, 1192(t5)
core   0: 3 0x8000eb5c (0x4a3f2423) mem 0x80010000 0x00000001
core   0: 0x8000eb60 (0x0000bfe5) c.j     pc - 8
core   0: 3 0x8000eb60 (0xbfe5)
core   0: 0x8000eb58 (0x00001f17) auipc   t5, 0x1
core   0: 3 0x8000eb58 (0x00001f17) x30 0x8000fb58
core   0: 0x8000eb5c (0x4a3f2423) sw      gp, 1192(t5)
core   0: 3 0x8000eb5c (0x4a3f2423) mem 0x80010000 0x00000001
core   0: 0x8000eb60 (0x0000bfe5) c.j     pc - 8
core   0: 3 0x8000eb60 (0xbfe5)
core   0: 0x8000eb58 (0x00001f17) auipc   t5, 0x1
core   0: 3 0x8000eb58 (0x00001f17) x30 0x8000fb58
core   0: 0x8000eb5c (0x4a3f2423) sw      gp, 1192(t5)
core   0: 3 0x8000eb5c (0x4a3f2423) mem 0x80010000 0x00000001
core   0: 0x8000eb60 (0x0000bfe5) c.j     pc - 8
core   0: 3 0x8000eb60 (0xbfe5)
core   0: 0x8000eb58 (0x00001f17) auipc   t5, 0x1
core   0: 3 0x8000eb58 (0x00001f17) x30 0x8000fb58
core   0: 0x8000eb5c (0x4a3f2423) sw      gp, 1192(t5)
core   0: 3 0x8000eb5c (0x4a3f2423) mem 0x80010000 0x00000001
core   0: 0x8000eb60 (0x0000bfe5) c.j     pc - 8
core   0: 3 0x8000eb60 (0xbfe5)
core   0: 0x8000eb58 (0x00001f17) auipc   t5, 0x1
core   0: 3 0x8000eb58 (0x00001f17) x30 0x8000fb58
core   0: 0x8000eb5c (0x4a3f2423) sw      gp, 1192(t5)
core   0: 3 0x8000eb5c (0x4a3f2423) mem 0x80010000 0x00000001
core   0: 0x8000eb60 (0x0000bfe5) c.j     pc - 8
core   0: 3 0x8000eb60 (0xbfe5)
core   0: 0x8000eb58 (0x00001f17) auipc   t5, 0x1
core   0: 3 0x8000eb58 (0x00001f17) x30 0x8000fb58
core   0: 0x8000eb5c (0x4a3f2423) sw      gp, 1192(t5)
core   0: 3 0x8000eb5c (0x4a3f2423) mem 0x80010000 0x00000001
core   0: 0x8000eb60 (0x0000bfe5) c.j     pc - 8
core   0: 3 0x8000eb60 (0xbfe5)
core   0: 0x8000eb58 (0x00001f17) auipc   t5, 0x1
core   0: 3 0x8000eb58 (0x00001f17) x30 0x8000fb58
core   0: 0x8000eb5c (0x4a3f2423) sw      gp, 1192(t5)
core   0: 3 0x8000eb5c (0x4a3f2423) mem 0x80010000 0x00000001
core   0: 0x8000eb60 (0x0000bfe5) c.j     pc - 8
core   0: 3 0x8000eb60 (0xbfe5)
core   0: 0x8000eb58 (0x00001f17) auipc   t5, 0x1
core   0: 3 0x8000eb58 (0x00001f17) x30 0x8000fb58
core   0: 0x8000eb5c (0x4a3f2423) sw      gp, 1192(t5)
core   0: 3 0x8000eb5c (0x4a3f2423) mem 0x80010000 0x00000001
core   0: 0x8000eb60 (0x0000bfe5) c.j     pc - 8
core   0: 3 0x8000eb60 (0xbfe5)
core   0: 0x8000eb58 (0x00001f17) auipc   t5, 0x1
core   0: 3 0x8000eb58 (0x00001f17) x30 0x8000fb58
core   0: 0x8000eb5c (0x4a3f2423) sw      gp, 1192(t5)
core   0: 3 0x8000eb5c (0x4a3f2423) mem 0x80010000 0x00000001
core   0: 0x8000eb60 (0x0000bfe5) c.j     pc - 8
core   0: 3 0x8000eb60 (0xbfe5)
core   0: 0x8000eb58 (0x00001f17) auipc   t5, 0x1
core   0: 3 0x8000eb58 (0x00001f17) x30 0x8000fb58
core   0: 0x8000eb5c (0x4a3f2423) sw      gp, 1192(t5)
core   0: 3 0x8000eb5c (0x4a3f2423) mem 0x80010000 0x00000001
core   0: 0x8000eb60 (0x0000bfe5) c.j     pc - 8
core   0: 3 0x8000eb60 (0xbfe5)
core   0: 0x8000eb58 (0x00001f17) auipc   t5, 0x1
core   0: 3 0x8000eb58 (0x00001f17) x30 0x8000fb58
core   0: 0x8000eb5c (0x4a3f2423) sw      gp, 1192(t5)
core   0: 3 0x8000eb5c (0x4a3f2423) mem 0x80010000 0x00000001
core   0: 0x8000eb60 (0x0000bfe5) c.j     pc - 8
core   0: 3 0x8000eb60 (0xbfe5)
core   0: 0x8000eb58 (0x00001f17) auipc   t5, 0x1
core   0: 3 0x8000eb58 (0x00001f17) x30 0x8000fb58
core   0: 0x8000eb5c (0x4a3f2423) sw      gp, 1192(t5)
core   0: 3 0x8000eb5c (0x4a3f2423) mem 0x80010000 0x00000001
core   0: 0x8000eb60 (0x0000bfe5) c.j     pc - 8
core   0: 3 0x8000eb60 (0xbfe5)
core   0: 0x8000eb58 (0x00001f17) auipc   t5, 0x1
core   0: 3 0x8000eb58 (0x00001f17) x30 0x8000fb58
core   0: 0x8000eb5c (0x4a3f2423) sw      gp, 1192(t5)
core   0: 3 0x8000eb5c (0x4a3f2423) mem 0x80010000 0x00000001
core   0: 0x8000eb60 (0x0000bfe5) c.j     pc - 8
core   0: 3 0x8000eb60 (0xbfe5)
core   0: 0x8000eb58 (0x00001f17) auipc   t5, 0x1
core   0: 3 0x8000eb58 (0x00001f17) x30 0x8000fb58
core   0: 0x8000eb5c (0x4a3f2423) sw      gp, 1192(t5)
core   0: 3 0x8000eb5c (0x4a3f2423) mem 0x80010000 0x00000001
core   0: 0x8000eb60 (0x0000bfe5) c.j     pc - 8
core   0: 3 0x8000eb60 (0xbfe5)
core   0: 0x8000eb58 (0x00001f17) auipc   t5, 0x1
core   0: 3 0x8000eb58 (0x00001f17) x30 0x8000fb58
core   0: 0x8000eb5c (0x4a3f2423) sw      gp, 1192(t5)
core   0: 3 0x8000eb5c (0x4a3f2423) mem 0x80010000 0x00000001
core   0: 0x8000eb60 (0x0000bfe5) c.j     pc - 8
core   0: 3 0x8000eb60 (0xbfe5)
core   0: 0x8000eb58 (0x00001f17) auipc   t5, 0x1
core   0: 3 0x8000eb58 (0x00001f17) x30 0x8000fb58
core   0: 0x8000eb5c (0x4a3f2423) sw      gp, 1192(t5)
core   0: 3 0x8000eb5c (0x4a3f2423) mem 0x80010000 0x00000001
core   0: 0x8000eb60 (0x0000bfe5) c.j     pc - 8
core   0: 3 0x8000eb60 (0xbfe5)
core   0: 0x8000eb58 (0x00001f17) auipc   t5, 0x1
core   0: 3 0x8000eb58 (0x00001f17) x30 0x8000fb58
core   0: 0x8000eb5c (0x4a3f2423) sw      gp, 1192(t5)
core   0: 3 0x8000eb5c (0x4a3f2423) mem 0x80010000 0x00000001
core   0: 0x8000eb60 (0x0000bfe5) c.j     pc - 8
core   0: 3 0x8000eb60 (0xbfe5)
core   0: 0x8000eb58 (0x00001f17) auipc   t5, 0x1
core   0: 3 0x8000eb58 (0x00001f17) x30 0x8000fb58
core   0: 0x8000eb5c (0x4a3f2423) sw      gp, 1192(t5)
core   0: 3 0x8000eb5c (0x4a3f2423) mem 0x80010000 0x00000001
core   0: 0x8000eb60 (0x0000bfe5) c.j     pc - 8
core   0: 3 0x8000eb60 (0xbfe5)
core   0: 0x8000eb58 (0x00001f17) auipc   t5, 0x1
core   0: 3 0x8000eb58 (0x00001f17) x30 0x8000fb58
core   0: 0x8000eb5c (0x4a3f2423) sw      gp, 1192(t5)
core   0: 3 0x8000eb5c (0x4a3f2423) mem 0x80010000 0x00000001
core   0: 0x8000eb60 (0x0000bfe5) c.j     pc - 8
core   0: 3 0x8000eb60 (0xbfe5)
core   0: 0x8000eb58 (0x00001f17) auipc   t5, 0x1
core   0: 3 0x8000eb58 (0x00001f17) x30 0x8000fb58
core   0: 0x8000eb5c (0x4a3f2423) sw      gp, 1192(t5)
core   0: 3 0x8000eb5c (0x4a3f2423) mem 0x80010000 0x00000001
core   0: 0x8000eb60 (0x0000bfe5) c.j     pc - 8
core   0: 3 0x8000eb60 (0xbfe5)
core   0: 0x8000eb58 (0x00001f17) auipc   t5, 0x1
core   0: 3 0x8000eb58 (0x00001f17) x30 0x8000fb58
core   0: 0x8000eb5c (0x4a3f2423) sw      gp, 1192(t5)
core   0: 3 0x8000eb5c (0x4a3f2423) mem 0x80010000 0x00000001
core   0: 0x8000eb60 (0x0000bfe5) c.j     pc - 8
core   0: 3 0x8000eb60 (0xbfe5)
core   0: 0x8000eb58 (0x00001f17) auipc   t5, 0x1
core   0: 3 0x8000eb58 (0x00001f17) x30 0x8000fb58
core   0: 0x8000eb5c (0x4a3f2423) sw      gp, 1192(t5)
core   0: 3 0x8000eb5c (0x4a3f2423) mem 0x80010000 0x00000001
core   0: 0x8000eb60 (0x0000bfe5) c.j     pc - 8
core   0: 3 0x8000eb60 (0xbfe5)
core   0: 0x8000eb58 (0x00001f17) auipc   t5, 0x1
core   0: 3 0x8000eb58 (0x00001f17) x30 0x8000fb58
core   0: 0x8000eb5c (0x4a3f2423) sw      gp, 1192(t5)
core   0: 3 0x8000eb5c (0x4a3f2423) mem 0x80010000 0x00000001
core   0: 0x8000eb60 (0x0000bfe5) c.j     pc - 8
core   0: 3 0x8000eb60 (0xbfe5)
core   0: 0x8000eb58 (0x00001f17) auipc   t5, 0x1
core   0: 3 0x8000eb58 (0x00001f17) x30 0x8000fb58
core   0: 0x8000eb5c (0x4a3f2423) sw      gp, 1192(t5)
core   0: 3 0x8000eb5c (0x4a3f2423) mem 0x80010000 0x00000001
core   0: 0x8000eb60 (0x0000bfe5) c.j     pc - 8
core   0: 3 0x8000eb60 (0xbfe5)
core   0: 0x8000eb58 (0x00001f17) auipc   t5, 0x1
core   0: 3 0x8000eb58 (0x00001f17) x30 0x8000fb58
core   0: 0x8000eb5c (0x4a3f2423) sw      gp, 1192(t5)
core   0: 3 0x8000eb5c (0x4a3f2423) mem 0x80010000 0x00000001
core   0: 0x8000eb60 (0x0000bfe5) c.j     pc - 8
core   0: 3 0x8000eb60 (0xbfe5)
core   0: 0x8000eb58 (0x00001f17) auipc   t5, 0x1
core   0: 3 0x8000eb58 (0x00001f17) x30 0x8000fb58
core   0: 0x8000eb5c (0x4a3f2423) sw      gp, 1192(t5)
core   0: 3 0x8000eb5c (0x4a3f2423) mem 0x80010000 0x00000001
core   0: 0x8000eb60 (0x0000bfe5) c.j     pc - 8
core   0: 3 0x8000eb60 (0xbfe5)
core   0: 0x8000eb58 (0x00001f17) auipc   t5, 0x1
core   0: 3 0x8000eb58 (0x00001f17) x30 0x8000fb58
core   0: 0x8000eb5c (0x4a3f2423) sw      gp, 1192(t5)
core   0: 3 0x8000eb5c (0x4a3f2423) mem 0x80010000 0x00000001
core   0: 0x8000eb60 (0x0000bfe5) c.j     pc - 8
core   0: 3 0x8000eb60 (0xbfe5)
core   0: 0x8000eb58 (0x00001f17) auipc   t5, 0x1
core   0: 3 0x8000eb58 (0x00001f17) x30 0x8000fb58
core   0: 0x8000eb5c (0x4a3f2423) sw      gp, 1192(t5)
core   0: 3 0x8000eb5c (0x4a3f2423) mem 0x80010000 0x00000001
core   0: 0x8000eb60 (0x0000bfe5) c.j     pc - 8
core   0: 3 0x8000eb60 (0xbfe5)
core   0: 0x8000eb58 (0x00001f17) auipc   t5, 0x1
core   0: 3 0x8000eb58 (0x00001f17) x30 0x8000fb58
core   0: 0x8000eb5c (0x4a3f2423) sw      gp, 1192(t5)
core   0: 3 0x8000eb5c (0x4a3f2423) mem 0x80010000 0x00000001
core   0: 0x8000eb60 (0x0000bfe5) c.j     pc - 8
core   0: 3 0x8000eb60 (0xbfe5)
core   0: 0x8000eb58 (0x00001f17) auipc   t5, 0x1
core   0: 3 0x8000eb58 (0x00001f17) x30 0x8000fb58
core   0: 0x8000eb5c (0x4a3f2423) sw      gp, 1192(t5)
core   0: 3 0x8000eb5c (0x4a3f2423) mem 0x80010000 0x00000001
core   0: 0x8000eb60 (0x0000bfe5) c.j     pc - 8
core   0: 3 0x8000eb60 (0xbfe5)
core   0: 0x8000eb58 (0x00001f17) auipc   t5, 0x1
core   0: 3 0x8000eb58 (0x00001f17) x30 0x8000fb58
core   0: 0x8000eb5c (0x4a3f2423) sw      gp, 1192(t5)
core   0: 3 0x8000eb5c (0x4a3f2423) mem 0x80010000 0x00000001
core   0: 0x8000eb60 (0x0000bfe5) c.j     pc - 8
core   0: 3 0x8000eb60 (0xbfe5)
core   0: 0x8000eb58 (0x00001f17) auipc   t5, 0x1
core   0: 3 0x8000eb58 (0x00001f17) x30 0x8000fb58
core   0: 0x8000eb5c (0x4a3f2423) sw      gp, 1192(t5)
core   0: 3 0x8000eb5c (0x4a3f2423) mem 0x80010000 0x00000001
core   0: 0x8000eb60 (0x0000bfe5) c.j     pc - 8
core   0: 3 0x8000eb60 (0xbfe5)
core   0: 0x8000eb58 (0x00001f17) auipc   t5, 0x1
core   0: 3 0x8000eb58 (0x00001f17) x30 0x8000fb58
core   0: 0x8000eb5c (0x4a3f2423) sw      gp, 1192(t5)
core   0: 3 0x8000eb5c (0x4a3f2423) mem 0x80010000 0x00000001
core   0: 0x8000eb60 (0x0000bfe5) c.j     pc - 8
core   0: 3 0x8000eb60 (0xbfe5)
core   0: 0x8000eb58 (0x00001f17) auipc   t5, 0x1
core   0: 3 0x8000eb58 (0x00001f17) x30 0x8000fb58
core   0: 0x8000eb5c (0x4a3f2423) sw      gp, 1192(t5)
core   0: 3 0x8000eb5c (0x4a3f2423) mem 0x80010000 0x00000001
core   0: 0x8000eb60 (0x0000bfe5) c.j     pc - 8
core   0: 3 0x8000eb60 (0xbfe5)
core   0: 0x8000eb58 (0x00001f17) auipc   t5, 0x1
core   0: 3 0x8000eb58 (0x00001f17) x30 0x8000fb58
core   0: 0x8000eb5c (0x4a3f2423) sw      gp, 1192(t5)
core   0: 3 0x8000eb5c (0x4a3f2423) mem 0x80010000 0x00000001
core   0: 0x8000eb60 (0x0000bfe5) c.j     pc - 8
core   0: 3 0x8000eb60 (0xbfe5)
core   0: 0x8000eb58 (0x00001f17) auipc   t5, 0x1
core   0: 3 0x8000eb58 (0x00001f17) x30 0x8000fb58
core   0: 0x8000eb5c (0x4a3f2423) sw      gp, 1192(t5)
core   0: 3 0x8000eb5c (0x4a3f2423) mem 0x80010000 0x00000001
core   0: 0x8000eb60 (0x0000bfe5) c.j     pc - 8
core   0: 3 0x8000eb60 (0xbfe5)
core   0: 0x8000eb58 (0x00001f17) auipc   t5, 0x1
core   0: 3 0x8000eb58 (0x00001f17) x30 0x8000fb58
core   0: 0x8000eb5c (0x4a3f2423) sw      gp, 1192(t5)
core   0: 3 0x8000eb5c (0x4a3f2423) mem 0x80010000 0x00000001
core   0: 0x8000eb60 (0x0000bfe5) c.j     pc - 8
core   0: 3 0x8000eb60 (0xbfe5)
core   0: 0x8000eb58 (0x00001f17) auipc   t5, 0x1
core   0: 3 0x8000eb58 (0x00001f17) x30 0x8000fb58
core   0: 0x8000eb5c (0x4a3f2423) sw      gp, 1192(t5)
core   0: 3 0x8000eb5c (0x4a3f2423) mem 0x80010000 0x00000001
core   0: 0x8000eb60 (0x0000bfe5) c.j     pc - 8
core   0: 3 0x8000eb60 (0xbfe5)
core   0: 0x8000eb58 (0x00001f17) auipc   t5, 0x1
core   0: 3 0x8000eb58 (0x00001f17) x30 0x8000fb58
core   0: 0x8000eb5c (0x4a3f2423) sw      gp, 1192(t5)
core   0: 3 0x8000eb5c (0x4a3f2423) mem 0x80010000 0x00000001
core   0: 0x8000eb60 (0x0000bfe5) c.j     pc - 8
core   0: 3 0x8000eb60 (0xbfe5)
core   0: 0x8000eb58 (0x00001f17) auipc   t5, 0x1
core   0: 3 0x8000eb58 (0x00001f17) x30 0x8000fb58
core   0: 0x8000eb5c (0x4a3f2423) sw      gp, 1192(t5)
core   0: 3 0x8000eb5c (0x4a3f2423) mem 0x80010000 0x00000001
core   0: 0x8000eb60 (0x0000bfe5) c.j     pc - 8
core   0: 3 0x8000eb60 (0xbfe5)
core   0: 0x8000eb58 (0x00001f17) auipc   t5, 0x1
core   0: 3 0x8000eb58 (0x00001f17) x30 0x8000fb58
core   0: 0x8000eb5c (0x4a3f2423) sw      gp, 1192(t5)
core   0: 3 0x8000eb5c (0x4a3f2423) mem 0x80010000 0x00000001
core   0: 0x8000eb60 (0x0000bfe5) c.j     pc - 8
core   0: 3 0x8000eb60 (0xbfe5)
core   0: 0x8000eb58 (0x00001f17) auipc   t5, 0x1
core   0: 3 0x8000eb58 (0x00001f17) x30 0x8000fb58
core   0: 0x8000eb5c (0x4a3f2423) sw      gp, 1192(t5)
core   0: 3 0x8000eb5c (0x4a3f2423) mem 0x80010000 0x00000001
core   0: 0x8000eb60 (0x0000bfe5) c.j     pc - 8
core   0: 3 0x8000eb60 (0xbfe5)
core   0: 0x8000eb58 (0x00001f17) auipc   t5, 0x1
core   0: 3 0x8000eb58 (0x00001f17) x30 0x8000fb58
core   0: 0x8000eb5c (0x4a3f2423) sw      gp, 1192(t5)
core   0: 3 0x8000eb5c (0x4a3f2423) mem 0x80010000 0x00000001
core   0: 0x8000eb60 (0x0000bfe5) c.j     pc - 8
core   0: 3 0x8000eb60 (0xbfe5)
core   0: 0x8000eb58 (0x00001f17) auipc   t5, 0x1
core   0: 3 0x8000eb58 (0x00001f17) x30 0x8000fb58
core   0: 0x8000eb5c (0x4a3f2423) sw      gp, 1192(t5)
core   0: 3 0x8000eb5c (0x4a3f2423) mem 0x80010000 0x00000001
core   0: 0x8000eb60 (0x0000bfe5) c.j     pc - 8
core   0: 3 0x8000eb60 (0xbfe5)
core   0: 0x8000eb58 (0x00001f17) auipc   t5, 0x1
core   0: 3 0x8000eb58 (0x00001f17) x30 0x8000fb58
core   0: 0x8000eb5c (0x4a3f2423) sw      gp, 1192(t5)
core   0: 3 0x8000eb5c (0x4a3f2423) mem 0x80010000 0x00000001
core   0: 0x8000eb60 (0x0000bfe5) c.j     pc - 8
core   0: 3 0x8000eb60 (0xbfe5)
core   0: 0x8000eb58 (0x00001f17) auipc   t5, 0x1
core   0: 3 0x8000eb58 (0x00001f17) x30 0x8000fb58
core   0: 0x8000eb5c (0x4a3f2423) sw      gp, 1192(t5)
core   0: 3 0x8000eb5c (0x4a3f2423) mem 0x80010000 0x00000001
core   0: 0x8000eb60 (0x0000bfe5) c.j     pc - 8
core   0: 3 0x8000eb60 (0xbfe5)
core   0: 0x8000eb58 (0x00001f17) auipc   t5, 0x1
core   0: 3 0x8000eb58 (0x00001f17) x30 0x8000fb58
core   0: 0x8000eb5c (0x4a3f2423) sw      gp, 1192(t5)
core   0: 3 0x8000eb5c (0x4a3f2423) mem 0x80010000 0x00000001
core   0: 0x8000eb60 (0x0000bfe5) c.j     pc - 8
core   0: 3 0x8000eb60 (0xbfe5)
core   0: 0x8000eb58 (0x00001f17) auipc   t5, 0x1
core   0: 3 0x8000eb58 (0x00001f17) x30 0x8000fb58
core   0: 0x8000eb5c (0x4a3f2423) sw      gp, 1192(t5)
core   0: 3 0x8000eb5c (0x4a3f2423) mem 0x80010000 0x00000001
core   0: 0x8000eb60 (0x0000bfe5) c.j     pc - 8
core   0: 3 0x8000eb60 (0xbfe5)
core   0: 0x8000eb58 (0x00001f17) auipc   t5, 0x1
core   0: 3 0x8000eb58 (0x00001f17) x30 0x8000fb58
core   0: 0x8000eb5c (0x4a3f2423) sw      gp, 1192(t5)
core   0: 3 0x8000eb5c (0x4a3f2423) mem 0x80010000 0x00000001
core   0: 0x8000eb60 (0x0000bfe5) c.j     pc - 8
core   0: 3 0x8000eb60 (0xbfe5)
core   0: 0x8000eb58 (0x00001f17) auipc   t5, 0x1
core   0: 3 0x8000eb58 (0x00001f17) x30 0x8000fb58
core   0: 0x8000eb5c (0x4a3f2423) sw      gp, 1192(t5)
core   0: 3 0x8000eb5c (0x4a3f2423) mem 0x80010000 0x00000001
core   0: 0x8000eb60 (0x0000bfe5) c.j     pc - 8
core   0: 3 0x8000eb60 (0xbfe5)
core   0: 0x8000eb58 (0x00001f17) auipc   t5, 0x1
core   0: 3 0x8000eb58 (0x00001f17) x30 0x8000fb58
core   0: 0x8000eb5c (0x4a3f2423) sw      gp, 1192(t5)
core   0: 3 0x8000eb5c (0x4a3f2423) mem 0x80010000 0x00000001
core   0: 0x8000eb60 (0x0000bfe5) c.j     pc - 8
core   0: 3 0x8000eb60 (0xbfe5)
core   0: 0x8000eb58 (0x00001f17) auipc   t5, 0x1
core   0: 3 0x8000eb58 (0x00001f17) x30 0x8000fb58
core   0: 0x8000eb5c (0x4a3f2423) sw      gp, 1192(t5)
core   0: 3 0x8000eb5c (0x4a3f2423) mem 0x80010000 0x00000001
core   0: 0x8000eb60 (0x0000bfe5) c.j     pc - 8
core   0: 3 0x8000eb60 (0xbfe5)
core   0: 0x8000eb58 (0x00001f17) auipc   t5, 0x1
core   0: 3 0x8000eb58 (0x00001f17) x30 0x8000fb58
core   0: 0x8000eb5c (0x4a3f2423) sw      gp, 1192(t5)
core   0: 3 0x8000eb5c (0x4a3f2423) mem 0x80010000 0x00000001
core   0: 0x8000eb60 (0x0000bfe5) c.j     pc - 8
core   0: 3 0x8000eb60 (0xbfe5)
core   0: 0x8000eb58 (0x00001f17) auipc   t5, 0x1
core   0: 3 0x8000eb58 (0x00001f17) x30 0x8000fb58
core   0: 0x8000eb5c (0x4a3f2423) sw      gp, 1192(t5)
core   0: 3 0x8000eb5c (0x4a3f2423) mem 0x80010000 0x00000001
core   0: 0x8000eb60 (0x0000bfe5) c.j     pc - 8
core   0: 3 0x8000eb60 (0xbfe5)
core   0: 0x8000eb58 (0x00001f17) auipc   t5, 0x1
core   0: 3 0x8000eb58 (0x00001f17) x30 0x8000fb58
core   0: 0x8000eb5c (0x4a3f2423) sw      gp, 1192(t5)
core   0: 3 0x8000eb5c (0x4a3f2423) mem 0x80010000 0x00000001
core   0: 0x8000eb60 (0x0000bfe5) c.j     pc - 8
core   0: 3 0x8000eb60 (0xbfe5)
core   0: 0x8000eb58 (0x00001f17) auipc   t5, 0x1
core   0: 3 0x8000eb58 (0x00001f17) x30 0x8000fb58
core   0: 0x8000eb5c (0x4a3f2423) sw      gp, 1192(t5)
core   0: 3 0x8000eb5c (0x4a3f2423) mem 0x80010000 0x00000001
core   0: 0x8000eb60 (0x0000bfe5) c.j     pc - 8
core   0: 3 0x8000eb60 (0xbfe5)
core   0: 0x8000eb58 (0x00001f17) auipc   t5, 0x1
core   0: 3 0x8000eb58 (0x00001f17) x30 0x8000fb58
core   0: 0x8000eb5c (0x4a3f2423) sw      gp, 1192(t5)
core   0: 3 0x8000eb5c (0x4a3f2423) mem 0x80010000 0x00000001
core   0: 0x8000eb60 (0x0000bfe5) c.j     pc - 8
core   0: 3 0x8000eb60 (0xbfe5)
core   0: 0x8000eb58 (0x00001f17) auipc   t5, 0x1
core   0: 3 0x8000eb58 (0x00001f17) x30 0x8000fb58
core   0: 0x8000eb5c (0x4a3f2423) sw      gp, 1192(t5)
core   0: 3 0x8000eb5c (0x4a3f2423) mem 0x80010000 0x00000001
core   0: 0x8000eb60 (0x0000bfe5) c.j     pc - 8
core   0: 3 0x8000eb60 (0xbfe5)
core   0: 0x8000eb58 (0x00001f17) auipc   t5, 0x1
core   0: 3 0x8000eb58 (0x00001f17) x30 0x8000fb58
core   0: 0x8000eb5c (0x4a3f2423) sw      gp, 1192(t5)
core   0: 3 0x8000eb5c (0x4a3f2423) mem 0x80010000 0x00000001
core   0: 0x8000eb60 (0x0000bfe5) c.j     pc - 8
core   0: 3 0x8000eb60 (0xbfe5)
core   0: 0x8000eb58 (0x00001f17) auipc   t5, 0x1
core   0: 3 0x8000eb58 (0x00001f17) x30 0x8000fb58
core   0: 0x8000eb5c (0x4a3f2423) sw      gp, 1192(t5)
core   0: 3 0x8000eb5c (0x4a3f2423) mem 0x80010000 0x00000001
core   0: 0x8000eb60 (0x0000bfe5) c.j     pc - 8
core   0: 3 0x8000eb60 (0xbfe5)
core   0: 0x8000eb58 (0x00001f17) auipc   t5, 0x1
core   0: 3 0x8000eb58 (0x00001f17) x30 0x8000fb58
core   0: 0x8000eb5c (0x4a3f2423) sw      gp, 1192(t5)
core   0: 3 0x8000eb5c (0x4a3f2423) mem 0x80010000 0x00000001
core   0: 0x8000eb60 (0x0000bfe5) c.j     pc - 8
core   0: 3 0x8000eb60 (0xbfe5)
core   0: 0x8000eb58 (0x00001f17) auipc   t5, 0x1
core   0: 3 0x8000eb58 (0x00001f17) x30 0x8000fb58
core   0: 0x8000eb5c (0x4a3f2423) sw      gp, 1192(t5)
core   0: 3 0x8000eb5c (0x4a3f2423) mem 0x80010000 0x00000001
core   0: 0x8000eb60 (0x0000bfe5) c.j     pc - 8
core   0: 3 0x8000eb60 (0xbfe5)
core   0: 0x8000eb58 (0x00001f17) auipc   t5, 0x1
core   0: 3 0x8000eb58 (0x00001f17) x30 0x8000fb58
core   0: 0x8000eb5c (0x4a3f2423) sw      gp, 1192(t5)
core   0: 3 0x8000eb5c (0x4a3f2423) mem 0x80010000 0x00000001
core   0: 0x8000eb60 (0x0000bfe5) c.j     pc - 8
core   0: 3 0x8000eb60 (0xbfe5)
core   0: 0x8000eb58 (0x00001f17) auipc   t5, 0x1
core   0: 3 0x8000eb58 (0x00001f17) x30 0x8000fb58
core   0: 0x8000eb5c (0x4a3f2423) sw      gp, 1192(t5)
core   0: 3 0x8000eb5c (0x4a3f2423) mem 0x80010000 0x00000001
core   0: 0x8000eb60 (0x0000bfe5) c.j     pc - 8
core   0: 3 0x8000eb60 (0xbfe5)
core   0: 0x8000eb58 (0x00001f17) auipc   t5, 0x1
core   0: 3 0x8000eb58 (0x00001f17) x30 0x8000fb58
core   0: 0x8000eb5c (0x4a3f2423) sw      gp, 1192(t5)
core   0: 3 0x8000eb5c (0x4a3f2423) mem 0x80010000 0x00000001
core   0: 0x8000eb60 (0x0000bfe5) c.j     pc - 8
core   0: 3 0x8000eb60 (0xbfe5)
core   0: 0x8000eb58 (0x00001f17) auipc   t5, 0x1
core   0: 3 0x8000eb58 (0x00001f17) x30 0x8000fb58
core   0: 0x8000eb5c (0x4a3f2423) sw      gp, 1192(t5)
core   0: 3 0x8000eb5c (0x4a3f2423) mem 0x80010000 0x00000001
core   0: 0x8000eb60 (0x0000bfe5) c.j     pc - 8
core   0: 3 0x8000eb60 (0xbfe5)
core   0: 0x8000eb58 (0x00001f17) auipc   t5, 0x1
core   0: 3 0x8000eb58 (0x00001f17) x30 0x8000fb58
core   0: 0x8000eb5c (0x4a3f2423) sw      gp, 1192(t5)
core   0: 3 0x8000eb5c (0x4a3f2423) mem 0x80010000 0x00000001
core   0: 0x8000eb60 (0x0000bfe5) c.j     pc - 8
core   0: 3 0x8000eb60 (0xbfe5)
core   0: 0x8000eb58 (0x00001f17) auipc   t5, 0x1
core   0: 3 0x8000eb58 (0x00001f17) x30 0x8000fb58
core   0: 0x8000eb5c (0x4a3f2423) sw      gp, 1192(t5)
core   0: 3 0x8000eb5c (0x4a3f2423) mem 0x80010000 0x00000001
core   0: 0x8000eb60 (0x0000bfe5) c.j     pc - 8
core   0: 3 0x8000eb60 (0xbfe5)
core   0: 0x8000eb58 (0x00001f17) auipc   t5, 0x1
core   0: 3 0x8000eb58 (0x00001f17) x30 0x8000fb58
core   0: 0x8000eb5c (0x4a3f2423) sw      gp, 1192(t5)
core   0: 3 0x8000eb5c (0x4a3f2423) mem 0x80010000 0x00000001
core   0: 0x8000eb60 (0x0000bfe5) c.j     pc - 8
core   0: 3 0x8000eb60 (0xbfe5)
core   0: 0x8000eb58 (0x00001f17) auipc   t5, 0x1
core   0: 3 0x8000eb58 (0x00001f17) x30 0x8000fb58
core   0: 0x8000eb5c (0x4a3f2423) sw      gp, 1192(t5)
core   0: 3 0x8000eb5c (0x4a3f2423) mem 0x80010000 0x00000001
core   0: 0x8000eb60 (0x0000bfe5) c.j     pc - 8
core   0: 3 0x8000eb60 (0xbfe5)
core   0: 0x8000eb58 (0x00001f17) auipc   t5, 0x1
core   0: 3 0x8000eb58 (0x00001f17) x30 0x8000fb58
core   0: 0x8000eb5c (0x4a3f2423) sw      gp, 1192(t5)
core   0: 3 0x8000eb5c (0x4a3f2423) mem 0x80010000 0x00000001
core   0: 0x8000eb60 (0x0000bfe5) c.j     pc - 8
core   0: 3 0x8000eb60 (0xbfe5)
core   0: 0x8000eb58 (0x00001f17) auipc   t5, 0x1
core   0: 3 0x8000eb58 (0x00001f17) x30 0x8000fb58
core   0: 0x8000eb5c (0x4a3f2423) sw      gp, 1192(t5)
core   0: 3 0x8000eb5c (0x4a3f2423) mem 0x80010000 0x00000001
core   0: 0x8000eb60 (0x0000bfe5) c.j     pc - 8
core   0: 3 0x8000eb60 (0xbfe5)
core   0: 0x8000eb58 (0x00001f17) auipc   t5, 0x1
core   0: 3 0x8000eb58 (0x00001f17) x30 0x8000fb58
core   0: 0x8000eb5c (0x4a3f2423) sw      gp, 1192(t5)
core   0: 3 0x8000eb5c (0x4a3f2423) mem 0x80010000 0x00000001
core   0: 0x8000eb60 (0x0000bfe5) c.j     pc - 8
core   0: 3 0x8000eb60 (0xbfe5)
core   0: 0x8000eb58 (0x00001f17) auipc   t5, 0x1
core   0: 3 0x8000eb58 (0x00001f17) x30 0x8000fb58
core   0: 0x8000eb5c (0x4a3f2423) sw      gp, 1192(t5)
core   0: 3 0x8000eb5c (0x4a3f2423) mem 0x80010000 0x00000001
core   0: 0x8000eb60 (0x0000bfe5) c.j     pc - 8
core   0: 3 0x8000eb60 (0xbfe5)
core   0: 0x8000eb58 (0x00001f17) auipc   t5, 0x1
core   0: 3 0x8000eb58 (0x00001f17) x30 0x8000fb58
core   0: 0x8000eb5c (0x4a3f2423) sw      gp, 1192(t5)
core   0: 3 0x8000eb5c (0x4a3f2423) mem 0x80010000 0x00000001
core   0: 0x8000eb60 (0x0000bfe5) c.j     pc - 8
core   0: 3 0x8000eb60 (0xbfe5)
core   0: 0x8000eb58 (0x00001f17) auipc   t5, 0x1
core   0: 3 0x8000eb58 (0x00001f17) x30 0x8000fb58
core   0: 0x8000eb5c (0x4a3f2423) sw      gp, 1192(t5)
core   0: 3 0x8000eb5c (0x4a3f2423) mem 0x80010000 0x00000001
core   0: 0x8000eb60 (0x0000bfe5) c.j     pc - 8
core   0: 3 0x8000eb60 (0xbfe5)
core   0: 0x8000eb58 (0x00001f17) auipc   t5, 0x1
core   0: 3 0x8000eb58 (0x00001f17) x30 0x8000fb58
core   0: 0x8000eb5c (0x4a3f2423) sw      gp, 1192(t5)
core   0: 3 0x8000eb5c (0x4a3f2423) mem 0x80010000 0x00000001
core   0: 0x8000eb60 (0x0000bfe5) c.j     pc - 8
core   0: 3 0x8000eb60 (0xbfe5)
core   0: 0x8000eb58 (0x00001f17) auipc   t5, 0x1
core   0: 3 0x8000eb58 (0x00001f17) x30 0x8000fb58
core   0: 0x8000eb5c (0x4a3f2423) sw      gp, 1192(t5)
core   0: 3 0x8000eb5c (0x4a3f2423) mem 0x80010000 0x00000001
core   0: 0x8000eb60 (0x0000bfe5) c.j     pc - 8
core   0: 3 0x8000eb60 (0xbfe5)
core   0: 0x8000eb58 (0x00001f17) auipc   t5, 0x1
core   0: 3 0x8000eb58 (0x00001f17) x30 0x8000fb58
core   0: 0x8000eb5c (0x4a3f2423) sw      gp, 1192(t5)
core   0: 3 0x8000eb5c (0x4a3f2423) mem 0x80010000 0x00000001
core   0: 0x8000eb60 (0x0000bfe5) c.j     pc - 8
core   0: 3 0x8000eb60 (0xbfe5)
core   0: 0x8000eb58 (0x00001f17) auipc   t5, 0x1
core   0: 3 0x8000eb58 (0x00001f17) x30 0x8000fb58
core   0: 0x8000eb5c (0x4a3f2423) sw      gp, 1192(t5)
core   0: 3 0x8000eb5c (0x4a3f2423) mem 0x80010000 0x00000001
core   0: 0x8000eb60 (0x0000bfe5) c.j     pc - 8
core   0: 3 0x8000eb60 (0xbfe5)
core   0: 0x8000eb58 (0x00001f17) auipc   t5, 0x1
core   0: 3 0x8000eb58 (0x00001f17) x30 0x8000fb58
core   0: 0x8000eb5c (0x4a3f2423) sw      gp, 1192(t5)
core   0: 3 0x8000eb5c (0x4a3f2423) mem 0x80010000 0x00000001
core   0: 0x8000eb60 (0x0000bfe5) c.j     pc - 8
core   0: 3 0x8000eb60 (0xbfe5)
core   0: 0x8000eb58 (0x00001f17) auipc   t5, 0x1
core   0: 3 0x8000eb58 (0x00001f17) x30 0x8000fb58
core   0: 0x8000eb5c (0x4a3f2423) sw      gp, 1192(t5)
core   0: 3 0x8000eb5c (0x4a3f2423) mem 0x80010000 0x00000001
core   0: 0x8000eb60 (0x0000bfe5) c.j     pc - 8
core   0: 3 0x8000eb60 (0xbfe5)
core   0: 0x8000eb58 (0x00001f17) auipc   t5, 0x1
core   0: 3 0x8000eb58 (0x00001f17) x30 0x8000fb58
core   0: 0x8000eb5c (0x4a3f2423) sw      gp, 1192(t5)
core   0: 3 0x8000eb5c (0x4a3f2423) mem 0x80010000 0x00000001
core   0: 0x8000eb60 (0x0000bfe5) c.j     pc - 8
core   0: 3 0x8000eb60 (0xbfe5)
core   0: 0x8000eb58 (0x00001f17) auipc   t5, 0x1
core   0: 3 0x8000eb58 (0x00001f17) x30 0x8000fb58
core   0: 0x8000eb5c (0x4a3f2423) sw      gp, 1192(t5)
core   0: 3 0x8000eb5c (0x4a3f2423) mem 0x80010000 0x00000001
core   0: 0x8000eb60 (0x0000bfe5) c.j     pc - 8
core   0: 3 0x8000eb60 (0xbfe5)
core   0: 0x8000eb58 (0x00001f17) auipc   t5, 0x1
core   0: 3 0x8000eb58 (0x00001f17) x30 0x8000fb58
core   0: 0x8000eb5c (0x4a3f2423) sw      gp, 1192(t5)
core   0: 3 0x8000eb5c (0x4a3f2423) mem 0x80010000 0x00000001
core   0: 0x8000eb60 (0x0000bfe5) c.j     pc - 8
core   0: 3 0x8000eb60 (0xbfe5)
core   0: 0x8000eb58 (0x00001f17) auipc   t5, 0x1
core   0: 3 0x8000eb58 (0x00001f17) x30 0x8000fb58
core   0: 0x8000eb5c (0x4a3f2423) sw      gp, 1192(t5)
core   0: 3 0x8000eb5c (0x4a3f2423) mem 0x80010000 0x00000001
core   0: 0x8000eb60 (0x0000bfe5) c.j     pc - 8
core   0: 3 0x8000eb60 (0xbfe5)
core   0: 0x8000eb58 (0x00001f17) auipc   t5, 0x1
core   0: 3 0x8000eb58 (0x00001f17) x30 0x8000fb58
core   0: 0x8000eb5c (0x4a3f2423) sw      gp, 1192(t5)
core   0: 3 0x8000eb5c (0x4a3f2423) mem 0x80010000 0x00000001
core   0: 0x8000eb60 (0x0000bfe5) c.j     pc - 8
core   0: 3 0x8000eb60 (0xbfe5)
core   0: 0x8000eb58 (0x00001f17) auipc   t5, 0x1
core   0: 3 0x8000eb58 (0x00001f17) x30 0x8000fb58
core   0: 0x8000eb5c (0x4a3f2423) sw      gp, 1192(t5)
core   0: 3 0x8000eb5c (0x4a3f2423) mem 0x80010000 0x00000001
core   0: 0x8000eb60 (0x0000bfe5) c.j     pc - 8
core   0: 3 0x8000eb60 (0xbfe5)
core   0: 0x8000eb58 (0x00001f17) auipc   t5, 0x1
core   0: 3 0x8000eb58 (0x00001f17) x30 0x8000fb58
core   0: 0x8000eb5c (0x4a3f2423) sw      gp, 1192(t5)
core   0: 3 0x8000eb5c (0x4a3f2423) mem 0x80010000 0x00000001
core   0: 0x8000eb60 (0x0000bfe5) c.j     pc - 8
core   0: 3 0x8000eb60 (0xbfe5)
core   0: 0x8000eb58 (0x00001f17) auipc   t5, 0x1
core   0: 3 0x8000eb58 (0x00001f17) x30 0x8000fb58
core   0: 0x8000eb5c (0x4a3f2423) sw      gp, 1192(t5)
core   0: 3 0x8000eb5c (0x4a3f2423) mem 0x80010000 0x00000001
core   0: 0x8000eb60 (0x0000bfe5) c.j     pc - 8
core   0: 3 0x8000eb60 (0xbfe5)
core   0: 0x8000eb58 (0x00001f17) auipc   t5, 0x1
core   0: 3 0x8000eb58 (0x00001f17) x30 0x8000fb58
core   0: 0x8000eb5c (0x4a3f2423) sw      gp, 1192(t5)
core   0: 3 0x8000eb5c (0x4a3f2423) mem 0x80010000 0x00000001
core   0: 0x8000eb60 (0x0000bfe5) c.j     pc - 8
core   0: 3 0x8000eb60 (0xbfe5)
core   0: 0x8000eb58 (0x00001f17) auipc   t5, 0x1
core   0: 3 0x8000eb58 (0x00001f17) x30 0x8000fb58
core   0: 0x8000eb5c (0x4a3f2423) sw      gp, 1192(t5)
core   0: 3 0x8000eb5c (0x4a3f2423) mem 0x80010000 0x00000001
core   0: 0x8000eb60 (0x0000bfe5) c.j     pc - 8
core   0: 3 0x8000eb60 (0xbfe5)
core   0: 0x8000eb58 (0x00001f17) auipc   t5, 0x1
core   0: 3 0x8000eb58 (0x00001f17) x30 0x8000fb58
core   0: 0x8000eb5c (0x4a3f2423) sw      gp, 1192(t5)
core   0: 3 0x8000eb5c (0x4a3f2423) mem 0x80010000 0x00000001
core   0: 0x8000eb60 (0x0000bfe5) c.j     pc - 8
core   0: 3 0x8000eb60 (0xbfe5)
core   0: 0x8000eb58 (0x00001f17) auipc   t5, 0x1
core   0: 3 0x8000eb58 (0x00001f17) x30 0x8000fb58
core   0: 0x8000eb5c (0x4a3f2423) sw      gp, 1192(t5)
core   0: 3 0x8000eb5c (0x4a3f2423) mem 0x80010000 0x00000001
core   0: 0x8000eb60 (0x0000bfe5) c.j     pc - 8
core   0: 3 0x8000eb60 (0xbfe5)
core   0: 0x8000eb58 (0x00001f17) auipc   t5, 0x1
core   0: 3 0x8000eb58 (0x00001f17) x30 0x8000fb58
core   0: 0x8000eb5c (0x4a3f2423) sw      gp, 1192(t5)
core   0: 3 0x8000eb5c (0x4a3f2423) mem 0x80010000 0x00000001
core   0: 0x8000eb60 (0x0000bfe5) c.j     pc - 8
core   0: 3 0x8000eb60 (0xbfe5)
core   0: 0x8000eb58 (0x00001f17) auipc   t5, 0x1
core   0: 3 0x8000eb58 (0x00001f17) x30 0x8000fb58
core   0: 0x8000eb5c (0x4a3f2423) sw      gp, 1192(t5)
core   0: 3 0x8000eb5c (0x4a3f2423) mem 0x80010000 0x00000001
core   0: 0x8000eb60 (0x0000bfe5) c.j     pc - 8
core   0: 3 0x8000eb60 (0xbfe5)
core   0: 0x8000eb58 (0x00001f17) auipc   t5, 0x1
core   0: 3 0x8000eb58 (0x00001f17) x30 0x8000fb58
core   0: 0x8000eb5c (0x4a3f2423) sw      gp, 1192(t5)
core   0: 3 0x8000eb5c (0x4a3f2423) mem 0x80010000 0x00000001
core   0: 0x8000eb60 (0x0000bfe5) c.j     pc - 8
core   0: 3 0x8000eb60 (0xbfe5)
core   0: 0x8000eb58 (0x00001f17) auipc   t5, 0x1
core   0: 3 0x8000eb58 (0x00001f17) x30 0x8000fb58
core   0: 0x8000eb5c (0x4a3f2423) sw      gp, 1192(t5)
core   0: 3 0x8000eb5c (0x4a3f2423) mem 0x80010000 0x00000001
core   0: 0x8000eb60 (0x0000bfe5) c.j     pc - 8
core   0: 3 0x8000eb60 (0xbfe5)
core   0: 0x8000eb58 (0x00001f17) auipc   t5, 0x1
core   0: 3 0x8000eb58 (0x00001f17) x30 0x8000fb58
core   0: 0x8000eb5c (0x4a3f2423) sw      gp, 1192(t5)
core   0: 3 0x8000eb5c (0x4a3f2423) mem 0x80010000 0x00000001
core   0: 0x8000eb60 (0x0000bfe5) c.j     pc - 8
core   0: 3 0x8000eb60 (0xbfe5)
core   0: 0x8000eb58 (0x00001f17) auipc   t5, 0x1
core   0: 3 0x8000eb58 (0x00001f17) x30 0x8000fb58
core   0: 0x8000eb5c (0x4a3f2423) sw      gp, 1192(t5)
core   0: 3 0x8000eb5c (0x4a3f2423) mem 0x80010000 0x00000001
core   0: 0x8000eb60 (0x0000bfe5) c.j     pc - 8
core   0: 3 0x8000eb60 (0xbfe5)
core   0: 0x8000eb58 (0x00001f17) auipc   t5, 0x1
core   0: 3 0x8000eb58 (0x00001f17) x30 0x8000fb58
core   0: 0x8000eb5c (0x4a3f2423) sw      gp, 1192(t5)
core   0: 3 0x8000eb5c (0x4a3f2423) mem 0x80010000 0x00000001
core   0: 0x8000eb60 (0x0000bfe5) c.j     pc - 8
core   0: 3 0x8000eb60 (0xbfe5)
core   0: 0x8000eb58 (0x00001f17) auipc   t5, 0x1
core   0: 3 0x8000eb58 (0x00001f17) x30 0x8000fb58
core   0: 0x8000eb5c (0x4a3f2423) sw      gp, 1192(t5)
core   0: 3 0x8000eb5c (0x4a3f2423) mem 0x80010000 0x00000001
core   0: 0x8000eb60 (0x0000bfe5) c.j     pc - 8
core   0: 3 0x8000eb60 (0xbfe5)
core   0: 0x8000eb58 (0x00001f17) auipc   t5, 0x1
core   0: 3 0x8000eb58 (0x00001f17) x30 0x8000fb58
core   0: 0x8000eb5c (0x4a3f2423) sw      gp, 1192(t5)
core   0: 3 0x8000eb5c (0x4a3f2423) mem 0x80010000 0x00000001
core   0: 0x8000eb60 (0x0000bfe5) c.j     pc - 8
core   0: 3 0x8000eb60 (0xbfe5)
core   0: 0x8000eb58 (0x00001f17) auipc   t5, 0x1
core   0: 3 0x8000eb58 (0x00001f17) x30 0x8000fb58
core   0: 0x8000eb5c (0x4a3f2423) sw      gp, 1192(t5)
core   0: 3 0x8000eb5c (0x4a3f2423) mem 0x80010000 0x00000001
core   0: 0x8000eb60 (0x0000bfe5) c.j     pc - 8
core   0: 3 0x8000eb60 (0xbfe5)
core   0: 0x8000eb58 (0x00001f17) auipc   t5, 0x1
core   0: 3 0x8000eb58 (0x00001f17) x30 0x8000fb58
core   0: 0x8000eb5c (0x4a3f2423) sw      gp, 1192(t5)
core   0: 3 0x8000eb5c (0x4a3f2423) mem 0x80010000 0x00000001
core   0: 0x8000eb60 (0x0000bfe5) c.j     pc - 8
core   0: 3 0x8000eb60 (0xbfe5)
core   0: 0x8000eb58 (0x00001f17) auipc   t5, 0x1
core   0: 3 0x8000eb58 (0x00001f17) x30 0x8000fb58
core   0: 0x8000eb5c (0x4a3f2423) sw      gp, 1192(t5)
core   0: 3 0x8000eb5c (0x4a3f2423) mem 0x80010000 0x00000001
core   0: 0x8000eb60 (0x0000bfe5) c.j     pc - 8
core   0: 3 0x8000eb60 (0xbfe5)
core   0: 0x8000eb58 (0x00001f17) auipc   t5, 0x1
core   0: 3 0x8000eb58 (0x00001f17) x30 0x8000fb58
core   0: 0x8000eb5c (0x4a3f2423) sw      gp, 1192(t5)
core   0: 3 0x8000eb5c (0x4a3f2423) mem 0x80010000 0x00000001
core   0: 0x8000eb60 (0x0000bfe5) c.j     pc - 8
core   0: 3 0x8000eb60 (0xbfe5)
core   0: 0x8000eb58 (0x00001f17) auipc   t5, 0x1
core   0: 3 0x8000eb58 (0x00001f17) x30 0x8000fb58
core   0: 0x8000eb5c (0x4a3f2423) sw      gp, 1192(t5)
core   0: 3 0x8000eb5c (0x4a3f2423) mem 0x80010000 0x00000001
core   0: 0x8000eb60 (0x0000bfe5) c.j     pc - 8
core   0: 3 0x8000eb60 (0xbfe5)
core   0: 0x8000eb58 (0x00001f17) auipc   t5, 0x1
core   0: 3 0x8000eb58 (0x00001f17) x30 0x8000fb58
core   0: 0x8000eb5c (0x4a3f2423) sw      gp, 1192(t5)
core   0: 3 0x8000eb5c (0x4a3f2423) mem 0x80010000 0x00000001
core   0: 0x8000eb60 (0x0000bfe5) c.j     pc - 8
core   0: 3 0x8000eb60 (0xbfe5)
core   0: 0x8000eb58 (0x00001f17) auipc   t5, 0x1
core   0: 3 0x8000eb58 (0x00001f17) x30 0x8000fb58
core   0: 0x8000eb5c (0x4a3f2423) sw      gp, 1192(t5)
core   0: 3 0x8000eb5c (0x4a3f2423) mem 0x80010000 0x00000001
core   0: 0x8000eb60 (0x0000bfe5) c.j     pc - 8
core   0: 3 0x8000eb60 (0xbfe5)
core   0: 0x8000eb58 (0x00001f17) auipc   t5, 0x1
core   0: 3 0x8000eb58 (0x00001f17) x30 0x8000fb58
core   0: 0x8000eb5c (0x4a3f2423) sw      gp, 1192(t5)
core   0: 3 0x8000eb5c (0x4a3f2423) mem 0x80010000 0x00000001
core   0: 0x8000eb60 (0x0000bfe5) c.j     pc - 8
core   0: 3 0x8000eb60 (0xbfe5)
core   0: 0x8000eb58 (0x00001f17) auipc   t5, 0x1
core   0: 3 0x8000eb58 (0x00001f17) x30 0x8000fb58
core   0: 0x8000eb5c (0x4a3f2423) sw      gp, 1192(t5)
core   0: 3 0x8000eb5c (0x4a3f2423) mem 0x80010000 0x00000001
core   0: 0x8000eb60 (0x0000bfe5) c.j     pc - 8
core   0: 3 0x8000eb60 (0xbfe5)
core   0: 0x8000eb58 (0x00001f17) auipc   t5, 0x1
core   0: 3 0x8000eb58 (0x00001f17) x30 0x8000fb58
core   0: 0x8000eb5c (0x4a3f2423) sw      gp, 1192(t5)
core   0: 3 0x8000eb5c (0x4a3f2423) mem 0x80010000 0x00000001
core   0: 0x8000eb60 (0x0000bfe5) c.j     pc - 8
core   0: 3 0x8000eb60 (0xbfe5)
core   0: 0x8000eb58 (0x00001f17) auipc   t5, 0x1
core   0: 3 0x8000eb58 (0x00001f17) x30 0x8000fb58
core   0: 0x8000eb5c (0x4a3f2423) sw      gp, 1192(t5)
core   0: 3 0x8000eb5c (0x4a3f2423) mem 0x80010000 0x00000001
core   0: 0x8000eb60 (0x0000bfe5) c.j     pc - 8
core   0: 3 0x8000eb60 (0xbfe5)
core   0: 0x8000eb58 (0x00001f17) auipc   t5, 0x1
core   0: 3 0x8000eb58 (0x00001f17) x30 0x8000fb58
core   0: 0x8000eb5c (0x4a3f2423) sw      gp, 1192(t5)
core   0: 3 0x8000eb5c (0x4a3f2423) mem 0x80010000 0x00000001
core   0: 0x8000eb60 (0x0000bfe5) c.j     pc - 8
core   0: 3 0x8000eb60 (0xbfe5)
core   0: 0x8000eb58 (0x00001f17) auipc   t5, 0x1
core   0: 3 0x8000eb58 (0x00001f17) x30 0x8000fb58
core   0: 0x8000eb5c (0x4a3f2423) sw      gp, 1192(t5)
core   0: 3 0x8000eb5c (0x4a3f2423) mem 0x80010000 0x00000001
core   0: 0x8000eb60 (0x0000bfe5) c.j     pc - 8
core   0: 3 0x8000eb60 (0xbfe5)
core   0: 0x8000eb58 (0x00001f17) auipc   t5, 0x1
core   0: 3 0x8000eb58 (0x00001f17) x30 0x8000fb58
core   0: 0x8000eb5c (0x4a3f2423) sw      gp, 1192(t5)
core   0: 3 0x8000eb5c (0x4a3f2423) mem 0x80010000 0x00000001
core   0: 0x8000eb60 (0x0000bfe5) c.j     pc - 8
core   0: 3 0x8000eb60 (0xbfe5)
core   0: 0x8000eb58 (0x00001f17) auipc   t5, 0x1
core   0: 3 0x8000eb58 (0x00001f17) x30 0x8000fb58
core   0: 0x8000eb5c (0x4a3f2423) sw      gp, 1192(t5)
core   0: 3 0x8000eb5c (0x4a3f2423) mem 0x80010000 0x00000001
core   0: 0x8000eb60 (0x0000bfe5) c.j     pc - 8
core   0: 3 0x8000eb60 (0xbfe5)
core   0: 0x8000eb58 (0x00001f17) auipc   t5, 0x1
core   0: 3 0x8000eb58 (0x00001f17) x30 0x8000fb58
core   0: 0x8000eb5c (0x4a3f2423) sw      gp, 1192(t5)
core   0: 3 0x8000eb5c (0x4a3f2423) mem 0x80010000 0x00000001
core   0: 0x8000eb60 (0x0000bfe5) c.j     pc - 8
core   0: 3 0x8000eb60 (0xbfe5)
core   0: 0x8000eb58 (0x00001f17) auipc   t5, 0x1
core   0: 3 0x8000eb58 (0x00001f17) x30 0x8000fb58
core   0: 0x8000eb5c (0x4a3f2423) sw      gp, 1192(t5)
core   0: 3 0x8000eb5c (0x4a3f2423) mem 0x80010000 0x00000001
core   0: 0x8000eb60 (0x0000bfe5) c.j     pc - 8
core   0: 3 0x8000eb60 (0xbfe5)
core   0: 0x8000eb58 (0x00001f17) auipc   t5, 0x1
core   0: 3 0x8000eb58 (0x00001f17) x30 0x8000fb58
core   0: 0x8000eb5c (0x4a3f2423) sw      gp, 1192(t5)
core   0: 3 0x8000eb5c (0x4a3f2423) mem 0x80010000 0x00000001
core   0: 0x8000eb60 (0x0000bfe5) c.j     pc - 8
core   0: 3 0x8000eb60 (0xbfe5)
core   0: 0x8000eb58 (0x00001f17) auipc   t5, 0x1
core   0: 3 0x8000eb58 (0x00001f17) x30 0x8000fb58
core   0: 0x8000eb5c (0x4a3f2423) sw      gp, 1192(t5)
core   0: 3 0x8000eb5c (0x4a3f2423) mem 0x80010000 0x00000001
core   0: 0x8000eb60 (0x0000bfe5) c.j     pc - 8
core   0: 3 0x8000eb60 (0xbfe5)
core   0: 0x8000eb58 (0x00001f17) auipc   t5, 0x1
core   0: 3 0x8000eb58 (0x00001f17) x30 0x8000fb58
core   0: 0x8000eb5c (0x4a3f2423) sw      gp, 1192(t5)
core   0: 3 0x8000eb5c (0x4a3f2423) mem 0x80010000 0x00000001
core   0: 0x8000eb60 (0x0000bfe5) c.j     pc - 8
core   0: 3 0x8000eb60 (0xbfe5)
core   0: 0x8000eb58 (0x00001f17) auipc   t5, 0x1
core   0: 3 0x8000eb58 (0x00001f17) x30 0x8000fb58
core   0: 0x8000eb5c (0x4a3f2423) sw      gp, 1192(t5)
core   0: 3 0x8000eb5c (0x4a3f2423) mem 0x80010000 0x00000001
core   0: 0x8000eb60 (0x0000bfe5) c.j     pc - 8
core   0: 3 0x8000eb60 (0xbfe5)
core   0: 0x8000eb58 (0x00001f17) auipc   t5, 0x1
core   0: 3 0x8000eb58 (0x00001f17) x30 0x8000fb58
core   0: 0x8000eb5c (0x4a3f2423) sw      gp, 1192(t5)
core   0: 3 0x8000eb5c (0x4a3f2423) mem 0x80010000 0x00000001
core   0: 0x8000eb60 (0x0000bfe5) c.j     pc - 8
core   0: 3 0x8000eb60 (0xbfe5)
core   0: 0x8000eb58 (0x00001f17) auipc   t5, 0x1
core   0: 3 0x8000eb58 (0x00001f17) x30 0x8000fb58
core   0: 0x8000eb5c (0x4a3f2423) sw      gp, 1192(t5)
core   0: 3 0x8000eb5c (0x4a3f2423) mem 0x80010000 0x00000001
core   0: 0x8000eb60 (0x0000bfe5) c.j     pc - 8
core   0: 3 0x8000eb60 (0xbfe5)
core   0: 0x8000eb58 (0x00001f17) auipc   t5, 0x1
core   0: 3 0x8000eb58 (0x00001f17) x30 0x8000fb58
core   0: 0x8000eb5c (0x4a3f2423) sw      gp, 1192(t5)
core   0: 3 0x8000eb5c (0x4a3f2423) mem 0x80010000 0x00000001
core   0: 0x8000eb60 (0x0000bfe5) c.j     pc - 8
core   0: 3 0x8000eb60 (0xbfe5)
core   0: 0x8000eb58 (0x00001f17) auipc   t5, 0x1
core   0: 3 0x8000eb58 (0x00001f17) x30 0x8000fb58
core   0: 0x8000eb5c (0x4a3f2423) sw      gp, 1192(t5)
core   0: 3 0x8000eb5c (0x4a3f2423) mem 0x80010000 0x00000001
core   0: 0x8000eb60 (0x0000bfe5) c.j     pc - 8
core   0: 3 0x8000eb60 (0xbfe5)
core   0: 0x8000eb58 (0x00001f17) auipc   t5, 0x1
core   0: 3 0x8000eb58 (0x00001f17) x30 0x8000fb58
core   0: 0x8000eb5c (0x4a3f2423) sw      gp, 1192(t5)
core   0: 3 0x8000eb5c (0x4a3f2423) mem 0x80010000 0x00000001
core   0: 0x8000eb60 (0x0000bfe5) c.j     pc - 8
core   0: 3 0x8000eb60 (0xbfe5)
core   0: 0x8000eb58 (0x00001f17) auipc   t5, 0x1
core   0: 3 0x8000eb58 (0x00001f17) x30 0x8000fb58
core   0: 0x8000eb5c (0x4a3f2423) sw      gp, 1192(t5)
core   0: 3 0x8000eb5c (0x4a3f2423) mem 0x80010000 0x00000001
core   0: 0x8000eb60 (0x0000bfe5) c.j     pc - 8
core   0: 3 0x8000eb60 (0xbfe5)
core   0: 0x8000eb58 (0x00001f17) auipc   t5, 0x1
core   0: 3 0x8000eb58 (0x00001f17) x30 0x8000fb58
core   0: 0x8000eb5c (0x4a3f2423) sw      gp, 1192(t5)
core   0: 3 0x8000eb5c (0x4a3f2423) mem 0x80010000 0x00000001
core   0: 0x8000eb60 (0x0000bfe5) c.j     pc - 8
core   0: 3 0x8000eb60 (0xbfe5)
core   0: 0x8000eb58 (0x00001f17) auipc   t5, 0x1
core   0: 3 0x8000eb58 (0x00001f17) x30 0x8000fb58
core   0: 0x8000eb5c (0x4a3f2423) sw      gp, 1192(t5)
core   0: 3 0x8000eb5c (0x4a3f2423) mem 0x80010000 0x00000001
core   0: 0x8000eb60 (0x0000bfe5) c.j     pc - 8
core   0: 3 0x8000eb60 (0xbfe5)
core   0: 0x8000eb58 (0x00001f17) auipc   t5, 0x1
core   0: 3 0x8000eb58 (0x00001f17) x30 0x8000fb58
core   0: 0x8000eb5c (0x4a3f2423) sw      gp, 1192(t5)
core   0: 3 0x8000eb5c (0x4a3f2423) mem 0x80010000 0x00000001
core   0: 0x8000eb60 (0x0000bfe5) c.j     pc - 8
core   0: 3 0x8000eb60 (0xbfe5)
core   0: 0x8000eb58 (0x00001f17) auipc   t5, 0x1
core   0: 3 0x8000eb58 (0x00001f17) x30 0x8000fb58
core   0: 0x8000eb5c (0x4a3f2423) sw      gp, 1192(t5)
core   0: 3 0x8000eb5c (0x4a3f2423) mem 0x80010000 0x00000001
core   0: 0x8000eb60 (0x0000bfe5) c.j     pc - 8
core   0: 3 0x8000eb60 (0xbfe5)
core   0: 0x8000eb58 (0x00001f17) auipc   t5, 0x1
core   0: 3 0x8000eb58 (0x00001f17) x30 0x8000fb58
core   0: 0x8000eb5c (0x4a3f2423) sw      gp, 1192(t5)
core   0: 3 0x8000eb5c (0x4a3f2423) mem 0x80010000 0x00000001
core   0: 0x8000eb60 (0x0000bfe5) c.j     pc - 8
core   0: 3 0x8000eb60 (0xbfe5)
core   0: 0x8000eb58 (0x00001f17) auipc   t5, 0x1
core   0: 3 0x8000eb58 (0x00001f17) x30 0x8000fb58
core   0: 0x8000eb5c (0x4a3f2423) sw      gp, 1192(t5)
core   0: 3 0x8000eb5c (0x4a3f2423) mem 0x80010000 0x00000001
core   0: 0x8000eb60 (0x0000bfe5) c.j     pc - 8
core   0: 3 0x8000eb60 (0xbfe5)
core   0: 0x8000eb58 (0x00001f17) auipc   t5, 0x1
core   0: 3 0x8000eb58 (0x00001f17) x30 0x8000fb58
core   0: 0x8000eb5c (0x4a3f2423) sw      gp, 1192(t5)
core   0: 3 0x8000eb5c (0x4a3f2423) mem 0x80010000 0x00000001
core   0: 0x8000eb60 (0x0000bfe5) c.j     pc - 8
core   0: 3 0x8000eb60 (0xbfe5)
core   0: 0x8000eb58 (0x00001f17) auipc   t5, 0x1
core   0: 3 0x8000eb58 (0x00001f17) x30 0x8000fb58
core   0: 0x8000eb5c (0x4a3f2423) sw      gp, 1192(t5)
core   0: 3 0x8000eb5c (0x4a3f2423) mem 0x80010000 0x00000001
core   0: 0x8000eb60 (0x0000bfe5) c.j     pc - 8
core   0: 3 0x8000eb60 (0xbfe5)
core   0: 0x8000eb58 (0x00001f17) auipc   t5, 0x1
core   0: 3 0x8000eb58 (0x00001f17) x30 0x8000fb58
core   0: 0x8000eb5c (0x4a3f2423) sw      gp, 1192(t5)
core   0: 3 0x8000eb5c (0x4a3f2423) mem 0x80010000 0x00000001
core   0: 0x8000eb60 (0x0000bfe5) c.j     pc - 8
core   0: 3 0x8000eb60 (0xbfe5)
core   0: 0x8000eb58 (0x00001f17) auipc   t5, 0x1
core   0: 3 0x8000eb58 (0x00001f17) x30 0x8000fb58
core   0: 0x8000eb5c (0x4a3f2423) sw      gp, 1192(t5)
core   0: 3 0x8000eb5c (0x4a3f2423) mem 0x80010000 0x00000001
core   0: 0x8000eb60 (0x0000bfe5) c.j     pc - 8
core   0: 3 0x8000eb60 (0xbfe5)
core   0: 0x8000eb58 (0x00001f17) auipc   t5, 0x1
core   0: 3 0x8000eb58 (0x00001f17) x30 0x8000fb58
core   0: 0x8000eb5c (0x4a3f2423) sw      gp, 1192(t5)
core   0: 3 0x8000eb5c (0x4a3f2423) mem 0x80010000 0x00000001
core   0: 0x8000eb60 (0x0000bfe5) c.j     pc - 8
core   0: 3 0x8000eb60 (0xbfe5)
core   0: 0x8000eb58 (0x00001f17) auipc   t5, 0x1
core   0: 3 0x8000eb58 (0x00001f17) x30 0x8000fb58
core   0: 0x8000eb5c (0x4a3f2423) sw      gp, 1192(t5)
core   0: 3 0x8000eb5c (0x4a3f2423) mem 0x80010000 0x00000001
core   0: 0x8000eb60 (0x0000bfe5) c.j     pc - 8
core   0: 3 0x8000eb60 (0xbfe5)
core   0: 0x8000eb58 (0x00001f17) auipc   t5, 0x1
core   0: 3 0x8000eb58 (0x00001f17) x30 0x8000fb58
core   0: 0x8000eb5c (0x4a3f2423) sw      gp, 1192(t5)
core   0: 3 0x8000eb5c (0x4a3f2423) mem 0x80010000 0x00000001
core   0: 0x8000eb60 (0x0000bfe5) c.j     pc - 8
core   0: 3 0x8000eb60 (0xbfe5)
core   0: 0x8000eb58 (0x00001f17) auipc   t5, 0x1
core   0: 3 0x8000eb58 (0x00001f17) x30 0x8000fb58
core   0: 0x8000eb5c (0x4a3f2423) sw      gp, 1192(t5)
core   0: 3 0x8000eb5c (0x4a3f2423) mem 0x80010000 0x00000001
core   0: 0x8000eb60 (0x0000bfe5) c.j     pc - 8
core   0: 3 0x8000eb60 (0xbfe5)
core   0: 0x8000eb58 (0x00001f17) auipc   t5, 0x1
core   0: 3 0x8000eb58 (0x00001f17) x30 0x8000fb58
core   0: 0x8000eb5c (0x4a3f2423) sw      gp, 1192(t5)
core   0: 3 0x8000eb5c (0x4a3f2423) mem 0x80010000 0x00000001
core   0: 0x8000eb60 (0x0000bfe5) c.j     pc - 8
core   0: 3 0x8000eb60 (0xbfe5)
core   0: 0x8000eb58 (0x00001f17) auipc   t5, 0x1
core   0: 3 0x8000eb58 (0x00001f17) x30 0x8000fb58
core   0: 0x8000eb5c (0x4a3f2423) sw      gp, 1192(t5)
core   0: 3 0x8000eb5c (0x4a3f2423) mem 0x80010000 0x00000001
core   0: 0x8000eb60 (0x0000bfe5) c.j     pc - 8
core   0: 3 0x8000eb60 (0xbfe5)
core   0: 0x8000eb58 (0x00001f17) auipc   t5, 0x1
core   0: 3 0x8000eb58 (0x00001f17) x30 0x8000fb58
core   0: 0x8000eb5c (0x4a3f2423) sw      gp, 1192(t5)
core   0: 3 0x8000eb5c (0x4a3f2423) mem 0x80010000 0x00000001
core   0: 0x8000eb60 (0x0000bfe5) c.j     pc - 8
core   0: 3 0x8000eb60 (0xbfe5)
core   0: 0x8000eb58 (0x00001f17) auipc   t5, 0x1
core   0: 3 0x8000eb58 (0x00001f17) x30 0x8000fb58
core   0: 0x8000eb5c (0x4a3f2423) sw      gp, 1192(t5)
core   0: 3 0x8000eb5c (0x4a3f2423) mem 0x80010000 0x00000001
core   0: 0x8000eb60 (0x0000bfe5) c.j     pc - 8
core   0: 3 0x8000eb60 (0xbfe5)
core   0: 0x8000eb58 (0x00001f17) auipc   t5, 0x1
core   0: 3 0x8000eb58 (0x00001f17) x30 0x8000fb58
core   0: 0x8000eb5c (0x4a3f2423) sw      gp, 1192(t5)
core   0: 3 0x8000eb5c (0x4a3f2423) mem 0x80010000 0x00000001
core   0: 0x8000eb60 (0x0000bfe5) c.j     pc - 8
core   0: 3 0x8000eb60 (0xbfe5)
core   0: 0x8000eb58 (0x00001f17) auipc   t5, 0x1
core   0: 3 0x8000eb58 (0x00001f17) x30 0x8000fb58
core   0: 0x8000eb5c (0x4a3f2423) sw      gp, 1192(t5)
core   0: 3 0x8000eb5c (0x4a3f2423) mem 0x80010000 0x00000001
core   0: 0x8000eb60 (0x0000bfe5) c.j     pc - 8
core   0: 3 0x8000eb60 (0xbfe5)
core   0: 0x8000eb58 (0x00001f17) auipc   t5, 0x1
core   0: 3 0x8000eb58 (0x00001f17) x30 0x8000fb58
core   0: 0x8000eb5c (0x4a3f2423) sw      gp, 1192(t5)
core   0: 3 0x8000eb5c (0x4a3f2423) mem 0x80010000 0x00000001
core   0: 0x8000eb60 (0x0000bfe5) c.j     pc - 8
core   0: 3 0x8000eb60 (0xbfe5)
core   0: 0x8000eb58 (0x00001f17) auipc   t5, 0x1
core   0: 3 0x8000eb58 (0x00001f17) x30 0x8000fb58
core   0: 0x8000eb5c (0x4a3f2423) sw      gp, 1192(t5)
core   0: 3 0x8000eb5c (0x4a3f2423) mem 0x80010000 0x00000001
core   0: 0x8000eb60 (0x0000bfe5) c.j     pc - 8
core   0: 3 0x8000eb60 (0xbfe5)
core   0: 0x8000eb58 (0x00001f17) auipc   t5, 0x1
core   0: 3 0x8000eb58 (0x00001f17) x30 0x8000fb58
core   0: 0x8000eb5c (0x4a3f2423) sw      gp, 1192(t5)
core   0: 3 0x8000eb5c (0x4a3f2423) mem 0x80010000 0x00000001
core   0: 0x8000eb60 (0x0000bfe5) c.j     pc - 8
core   0: 3 0x8000eb60 (0xbfe5)
core   0: 0x8000eb58 (0x00001f17) auipc   t5, 0x1
core   0: 3 0x8000eb58 (0x00001f17) x30 0x8000fb58
core   0: 0x8000eb5c (0x4a3f2423) sw      gp, 1192(t5)
core   0: 3 0x8000eb5c (0x4a3f2423) mem 0x80010000 0x00000001
core   0: 0x8000eb60 (0x0000bfe5) c.j     pc - 8
core   0: 3 0x8000eb60 (0xbfe5)
core   0: 0x8000eb58 (0x00001f17) auipc   t5, 0x1
core   0: 3 0x8000eb58 (0x00001f17) x30 0x8000fb58
core   0: 0x8000eb5c (0x4a3f2423) sw      gp, 1192(t5)
core   0: 3 0x8000eb5c (0x4a3f2423) mem 0x80010000 0x00000001
core   0: 0x8000eb60 (0x0000bfe5) c.j     pc - 8
core   0: 3 0x8000eb60 (0xbfe5)
core   0: 0x8000eb58 (0x00001f17) auipc   t5, 0x1
core   0: 3 0x8000eb58 (0x00001f17) x30 0x8000fb58
core   0: 0x8000eb5c (0x4a3f2423) sw      gp, 1192(t5)
core   0: 3 0x8000eb5c (0x4a3f2423) mem 0x80010000 0x00000001
core   0: 0x8000eb60 (0x0000bfe5) c.j     pc - 8
core   0: 3 0x8000eb60 (0xbfe5)
core   0: 0x8000eb58 (0x00001f17) auipc   t5, 0x1
core   0: 3 0x8000eb58 (0x00001f17) x30 0x8000fb58
core   0: 0x8000eb5c (0x4a3f2423) sw      gp, 1192(t5)
core   0: 3 0x8000eb5c (0x4a3f2423) mem 0x80010000 0x00000001
core   0: 0x8000eb60 (0x0000bfe5) c.j     pc - 8
core   0: 3 0x8000eb60 (0xbfe5)
core   0: 0x8000eb58 (0x00001f17) auipc   t5, 0x1
core   0: 3 0x8000eb58 (0x00001f17) x30 0x8000fb58
core   0: 0x8000eb5c (0x4a3f2423) sw      gp, 1192(t5)
core   0: 3 0x8000eb5c (0x4a3f2423) mem 0x80010000 0x00000001
core   0: 0x8000eb60 (0x0000bfe5) c.j     pc - 8
core   0: 3 0x8000eb60 (0xbfe5)
core   0: 0x8000eb58 (0x00001f17) auipc   t5, 0x1
core   0: 3 0x8000eb58 (0x00001f17) x30 0x8000fb58
core   0: 0x8000eb5c (0x4a3f2423) sw      gp, 1192(t5)
core   0: 3 0x8000eb5c (0x4a3f2423) mem 0x80010000 0x00000001
core   0: 0x8000eb60 (0x0000bfe5) c.j     pc - 8
core   0: 3 0x8000eb60 (0xbfe5)
core   0: 0x8000eb58 (0x00001f17) auipc   t5, 0x1
core   0: 3 0x8000eb58 (0x00001f17) x30 0x8000fb58
core   0: 0x8000eb5c (0x4a3f2423) sw      gp, 1192(t5)
core   0: 3 0x8000eb5c (0x4a3f2423) mem 0x80010000 0x00000001
core   0: 0x8000eb60 (0x0000bfe5) c.j     pc - 8
core   0: 3 0x8000eb60 (0xbfe5)
core   0: 0x8000eb58 (0x00001f17) auipc   t5, 0x1
core   0: 3 0x8000eb58 (0x00001f17) x30 0x8000fb58
core   0: 0x8000eb5c (0x4a3f2423) sw      gp, 1192(t5)
core   0: 3 0x8000eb5c (0x4a3f2423) mem 0x80010000 0x00000001
core   0: 0x8000eb60 (0x0000bfe5) c.j     pc - 8
core   0: 3 0x8000eb60 (0xbfe5)
core   0: 0x8000eb58 (0x00001f17) auipc   t5, 0x1
core   0: 3 0x8000eb58 (0x00001f17) x30 0x8000fb58
core   0: 0x8000eb5c (0x4a3f2423) sw      gp, 1192(t5)
core   0: 3 0x8000eb5c (0x4a3f2423) mem 0x80010000 0x00000001
core   0: 0x8000eb60 (0x0000bfe5) c.j     pc - 8
core   0: 3 0x8000eb60 (0xbfe5)
core   0: 0x8000eb58 (0x00001f17) auipc   t5, 0x1
core   0: 3 0x8000eb58 (0x00001f17) x30 0x8000fb58
core   0: 0x8000eb5c (0x4a3f2423) sw      gp, 1192(t5)
core   0: 3 0x8000eb5c (0x4a3f2423) mem 0x80010000 0x00000001
core   0: 0x8000eb60 (0x0000bfe5) c.j     pc - 8
core   0: 3 0x8000eb60 (0xbfe5)
core   0: 0x8000eb58 (0x00001f17) auipc   t5, 0x1
core   0: 3 0x8000eb58 (0x00001f17) x30 0x8000fb58
core   0: 0x8000eb5c (0x4a3f2423) sw      gp, 1192(t5)
core   0: 3 0x8000eb5c (0x4a3f2423) mem 0x80010000 0x00000001
core   0: 0x8000eb60 (0x0000bfe5) c.j     pc - 8
core   0: 3 0x8000eb60 (0xbfe5)
core   0: 0x8000eb58 (0x00001f17) auipc   t5, 0x1
core   0: 3 0x8000eb58 (0x00001f17) x30 0x8000fb58
core   0: 0x8000eb5c (0x4a3f2423) sw      gp, 1192(t5)
core   0: 3 0x8000eb5c (0x4a3f2423) mem 0x80010000 0x00000001
core   0: 0x8000eb60 (0x0000bfe5) c.j     pc - 8
core   0: 3 0x8000eb60 (0xbfe5)
core   0: 0x8000eb58 (0x00001f17) auipc   t5, 0x1
core   0: 3 0x8000eb58 (0x00001f17) x30 0x8000fb58
core   0: 0x8000eb5c (0x4a3f2423) sw      gp, 1192(t5)
core   0: 3 0x8000eb5c (0x4a3f2423) mem 0x80010000 0x00000001
core   0: 0x8000eb60 (0x0000bfe5) c.j     pc - 8
core   0: 3 0x8000eb60 (0xbfe5)
core   0: 0x8000eb58 (0x00001f17) auipc   t5, 0x1
core   0: 3 0x8000eb58 (0x00001f17) x30 0x8000fb58
core   0: 0x8000eb5c (0x4a3f2423) sw      gp, 1192(t5)
core   0: 3 0x8000eb5c (0x4a3f2423) mem 0x80010000 0x00000001
core   0: 0x8000eb60 (0x0000bfe5) c.j     pc - 8
core   0: 3 0x8000eb60 (0xbfe5)
core   0: 0x8000eb58 (0x00001f17) auipc   t5, 0x1
core   0: 3 0x8000eb58 (0x00001f17) x30 0x8000fb58
core   0: 0x8000eb5c (0x4a3f2423) sw      gp, 1192(t5)
core   0: 3 0x8000eb5c (0x4a3f2423) mem 0x80010000 0x00000001
core   0: 0x8000eb60 (0x0000bfe5) c.j     pc - 8
core   0: 3 0x8000eb60 (0xbfe5)
core   0: 0x8000eb58 (0x00001f17) auipc   t5, 0x1
core   0: 3 0x8000eb58 (0x00001f17) x30 0x8000fb58
core   0: 0x8000eb5c (0x4a3f2423) sw      gp, 1192(t5)
core   0: 3 0x8000eb5c (0x4a3f2423) mem 0x80010000 0x00000001
core   0: 0x8000eb60 (0x0000bfe5) c.j     pc - 8
core   0: 3 0x8000eb60 (0xbfe5)
core   0: 0x8000eb58 (0x00001f17) auipc   t5, 0x1
core   0: 3 0x8000eb58 (0x00001f17) x30 0x8000fb58
core   0: 0x8000eb5c (0x4a3f2423) sw      gp, 1192(t5)
core   0: 3 0x8000eb5c (0x4a3f2423) mem 0x80010000 0x00000001
core   0: 0x8000eb60 (0x0000bfe5) c.j     pc - 8
core   0: 3 0x8000eb60 (0xbfe5)
core   0: 0x8000eb58 (0x00001f17) auipc   t5, 0x1
core   0: 3 0x8000eb58 (0x00001f17) x30 0x8000fb58
core   0: 0x8000eb5c (0x4a3f2423) sw      gp, 1192(t5)
core   0: 3 0x8000eb5c (0x4a3f2423) mem 0x80010000 0x00000001
core   0: 0x8000eb60 (0x0000bfe5) c.j     pc - 8
core   0: 3 0x8000eb60 (0xbfe5)
core   0: 0x8000eb58 (0x00001f17) auipc   t5, 0x1
core   0: 3 0x8000eb58 (0x00001f17) x30 0x8000fb58
core   0: 0x8000eb5c (0x4a3f2423) sw      gp, 1192(t5)
core   0: 3 0x8000eb5c (0x4a3f2423) mem 0x80010000 0x00000001
core   0: 0x8000eb60 (0x0000bfe5) c.j     pc - 8
core   0: 3 0x8000eb60 (0xbfe5)
core   0: 0x8000eb58 (0x00001f17) auipc   t5, 0x1
core   0: 3 0x8000eb58 (0x00001f17) x30 0x8000fb58
core   0: 0x8000eb5c (0x4a3f2423) sw      gp, 1192(t5)
core   0: 3 0x8000eb5c (0x4a3f2423) mem 0x80010000 0x00000001
core   0: 0x8000eb60 (0x0000bfe5) c.j     pc - 8
core   0: 3 0x8000eb60 (0xbfe5)
core   0: 0x8000eb58 (0x00001f17) auipc   t5, 0x1
core   0: 3 0x8000eb58 (0x00001f17) x30 0x8000fb58
core   0: 0x8000eb5c (0x4a3f2423) sw      gp, 1192(t5)
core   0: 3 0x8000eb5c (0x4a3f2423) mem 0x80010000 0x00000001
core   0: 0x8000eb60 (0x0000bfe5) c.j     pc - 8
core   0: 3 0x8000eb60 (0xbfe5)
core   0: 0x8000eb58 (0x00001f17) auipc   t5, 0x1
core   0: 3 0x8000eb58 (0x00001f17) x30 0x8000fb58
core   0: 0x8000eb5c (0x4a3f2423) sw      gp, 1192(t5)
core   0: 3 0x8000eb5c (0x4a3f2423) mem 0x80010000 0x00000001
core   0: 0x8000eb60 (0x0000bfe5) c.j     pc - 8
core   0: 3 0x8000eb60 (0xbfe5)
core   0: 0x8000eb58 (0x00001f17) auipc   t5, 0x1
core   0: 3 0x8000eb58 (0x00001f17) x30 0x8000fb58
core   0: 0x8000eb5c (0x4a3f2423) sw      gp, 1192(t5)
core   0: 3 0x8000eb5c (0x4a3f2423) mem 0x80010000 0x00000001
core   0: 0x8000eb60 (0x0000bfe5) c.j     pc - 8
core   0: 3 0x8000eb60 (0xbfe5)
core   0: 0x8000eb58 (0x00001f17) auipc   t5, 0x1
core   0: 3 0x8000eb58 (0x00001f17) x30 0x8000fb58
core   0: 0x8000eb5c (0x4a3f2423) sw      gp, 1192(t5)
core   0: 3 0x8000eb5c (0x4a3f2423) mem 0x80010000 0x00000001
core   0: 0x8000eb60 (0x0000bfe5) c.j     pc - 8
core   0: 3 0x8000eb60 (0xbfe5)
core   0: 0x8000eb58 (0x00001f17) auipc   t5, 0x1
core   0: 3 0x8000eb58 (0x00001f17) x30 0x8000fb58
core   0: 0x8000eb5c (0x4a3f2423) sw      gp, 1192(t5)
core   0: 3 0x8000eb5c (0x4a3f2423) mem 0x80010000 0x00000001
core   0: 0x8000eb60 (0x0000bfe5) c.j     pc - 8
core   0: 3 0x8000eb60 (0xbfe5)
core   0: 0x8000eb58 (0x00001f17) auipc   t5, 0x1
core   0: 3 0x8000eb58 (0x00001f17) x30 0x8000fb58
core   0: 0x8000eb5c (0x4a3f2423) sw      gp, 1192(t5)
core   0: 3 0x8000eb5c (0x4a3f2423) mem 0x80010000 0x00000001
core   0: 0x8000eb60 (0x0000bfe5) c.j     pc - 8
core   0: 3 0x8000eb60 (0xbfe5)
core   0: 0x8000eb58 (0x00001f17) auipc   t5, 0x1
core   0: 3 0x8000eb58 (0x00001f17) x30 0x8000fb58
core   0: 0x8000eb5c (0x4a3f2423) sw      gp, 1192(t5)
core   0: 3 0x8000eb5c (0x4a3f2423) mem 0x80010000 0x00000001
core   0: 0x8000eb60 (0x0000bfe5) c.j     pc - 8
core   0: 3 0x8000eb60 (0xbfe5)
core   0: 0x8000eb58 (0x00001f17) auipc   t5, 0x1
core   0: 3 0x8000eb58 (0x00001f17) x30 0x8000fb58
core   0: 0x8000eb5c (0x4a3f2423) sw      gp, 1192(t5)
core   0: 3 0x8000eb5c (0x4a3f2423) mem 0x80010000 0x00000001
core   0: 0x8000eb60 (0x0000bfe5) c.j     pc - 8
core   0: 3 0x8000eb60 (0xbfe5)
core   0: 0x8000eb58 (0x00001f17) auipc   t5, 0x1
core   0: 3 0x8000eb58 (0x00001f17) x30 0x8000fb58
core   0: 0x8000eb5c (0x4a3f2423) sw      gp, 1192(t5)
core   0: 3 0x8000eb5c (0x4a3f2423) mem 0x80010000 0x00000001
core   0: 0x8000eb60 (0x0000bfe5) c.j     pc - 8
core   0: 3 0x8000eb60 (0xbfe5)
core   0: 0x8000eb58 (0x00001f17) auipc   t5, 0x1
core   0: 3 0x8000eb58 (0x00001f17) x30 0x8000fb58
core   0: 0x8000eb5c (0x4a3f2423) sw      gp, 1192(t5)
core   0: 3 0x8000eb5c (0x4a3f2423) mem 0x80010000 0x00000001
core   0: 0x8000eb60 (0x0000bfe5) c.j     pc - 8
core   0: 3 0x8000eb60 (0xbfe5)
core   0: 0x8000eb58 (0x00001f17) auipc   t5, 0x1
core   0: 3 0x8000eb58 (0x00001f17) x30 0x8000fb58
core   0: 0x8000eb5c (0x4a3f2423) sw      gp, 1192(t5)
core   0: 3 0x8000eb5c (0x4a3f2423) mem 0x80010000 0x00000001
core   0: 0x8000eb60 (0x0000bfe5) c.j     pc - 8
core   0: 3 0x8000eb60 (0xbfe5)
core   0: 0x8000eb58 (0x00001f17) auipc   t5, 0x1
core   0: 3 0x8000eb58 (0x00001f17) x30 0x8000fb58
core   0: 0x8000eb5c (0x4a3f2423) sw      gp, 1192(t5)
core   0: 3 0x8000eb5c (0x4a3f2423) mem 0x80010000 0x00000001
core   0: 0x8000eb60 (0x0000bfe5) c.j     pc - 8
core   0: 3 0x8000eb60 (0xbfe5)
core   0: 0x8000eb58 (0x00001f17) auipc   t5, 0x1
core   0: 3 0x8000eb58 (0x00001f17) x30 0x8000fb58
core   0: 0x8000eb5c (0x4a3f2423) sw      gp, 1192(t5)
core   0: 3 0x8000eb5c (0x4a3f2423) mem 0x80010000 0x00000001
core   0: 0x8000eb60 (0x0000bfe5) c.j     pc - 8
core   0: 3 0x8000eb60 (0xbfe5)
core   0: 0x8000eb58 (0x00001f17) auipc   t5, 0x1
core   0: 3 0x8000eb58 (0x00001f17) x30 0x8000fb58
core   0: 0x8000eb5c (0x4a3f2423) sw      gp, 1192(t5)
core   0: 3 0x8000eb5c (0x4a3f2423) mem 0x80010000 0x00000001
core   0: 0x8000eb60 (0x0000bfe5) c.j     pc - 8
core   0: 3 0x8000eb60 (0xbfe5)
core   0: 0x8000eb58 (0x00001f17) auipc   t5, 0x1
core   0: 3 0x8000eb58 (0x00001f17) x30 0x8000fb58
core   0: 0x8000eb5c (0x4a3f2423) sw      gp, 1192(t5)
core   0: 3 0x8000eb5c (0x4a3f2423) mem 0x80010000 0x00000001
core   0: 0x8000eb60 (0x0000bfe5) c.j     pc - 8
core   0: 3 0x8000eb60 (0xbfe5)
core   0: 0x8000eb58 (0x00001f17) auipc   t5, 0x1
core   0: 3 0x8000eb58 (0x00001f17) x30 0x8000fb58
core   0: 0x8000eb5c (0x4a3f2423) sw      gp, 1192(t5)
core   0: 3 0x8000eb5c (0x4a3f2423) mem 0x80010000 0x00000001
core   0: 0x8000eb60 (0x0000bfe5) c.j     pc - 8
core   0: 3 0x8000eb60 (0xbfe5)
core   0: 0x8000eb58 (0x00001f17) auipc   t5, 0x1
core   0: 3 0x8000eb58 (0x00001f17) x30 0x8000fb58
core   0: 0x8000eb5c (0x4a3f2423) sw      gp, 1192(t5)
core   0: 3 0x8000eb5c (0x4a3f2423) mem 0x80010000 0x00000001
core   0: 0x8000eb60 (0x0000bfe5) c.j     pc - 8
core   0: 3 0x8000eb60 (0xbfe5)
core   0: 0x8000eb58 (0x00001f17) auipc   t5, 0x1
core   0: 3 0x8000eb58 (0x00001f17) x30 0x8000fb58
core   0: 0x8000eb5c (0x4a3f2423) sw      gp, 1192(t5)
core   0: 3 0x8000eb5c (0x4a3f2423) mem 0x80010000 0x00000001
core   0: 0x8000eb60 (0x0000bfe5) c.j     pc - 8
core   0: 3 0x8000eb60 (0xbfe5)
core   0: 0x8000eb58 (0x00001f17) auipc   t5, 0x1
core   0: 3 0x8000eb58 (0x00001f17) x30 0x8000fb58
core   0: 0x8000eb5c (0x4a3f2423) sw      gp, 1192(t5)
core   0: 3 0x8000eb5c (0x4a3f2423) mem 0x80010000 0x00000001
core   0: 0x8000eb60 (0x0000bfe5) c.j     pc - 8
core   0: 3 0x8000eb60 (0xbfe5)
core   0: 0x8000eb58 (0x00001f17) auipc   t5, 0x1
core   0: 3 0x8000eb58 (0x00001f17) x30 0x8000fb58
core   0: 0x8000eb5c (0x4a3f2423) sw      gp, 1192(t5)
core   0: 3 0x8000eb5c (0x4a3f2423) mem 0x80010000 0x00000001
core   0: 0x8000eb60 (0x0000bfe5) c.j     pc - 8
core   0: 3 0x8000eb60 (0xbfe5)
core   0: 0x8000eb58 (0x00001f17) auipc   t5, 0x1
core   0: 3 0x8000eb58 (0x00001f17) x30 0x8000fb58
core   0: 0x8000eb5c (0x4a3f2423) sw      gp, 1192(t5)
core   0: 3 0x8000eb5c (0x4a3f2423) mem 0x80010000 0x00000001
core   0: 0x8000eb60 (0x0000bfe5) c.j     pc - 8
core   0: 3 0x8000eb60 (0xbfe5)
core   0: 0x8000eb58 (0x00001f17) auipc   t5, 0x1
core   0: 3 0x8000eb58 (0x00001f17) x30 0x8000fb58
core   0: 0x8000eb5c (0x4a3f2423) sw      gp, 1192(t5)
core   0: 3 0x8000eb5c (0x4a3f2423) mem 0x80010000 0x00000001
core   0: 0x8000eb60 (0x0000bfe5) c.j     pc - 8
core   0: 3 0x8000eb60 (0xbfe5)
core   0: 0x8000eb58 (0x00001f17) auipc   t5, 0x1
core   0: 3 0x8000eb58 (0x00001f17) x30 0x8000fb58
core   0: 0x8000eb5c (0x4a3f2423) sw      gp, 1192(t5)
core   0: 3 0x8000eb5c (0x4a3f2423) mem 0x80010000 0x00000001
core   0: 0x8000eb60 (0x0000bfe5) c.j     pc - 8
core   0: 3 0x8000eb60 (0xbfe5)
core   0: 0x8000eb58 (0x00001f17) auipc   t5, 0x1
core   0: 3 0x8000eb58 (0x00001f17) x30 0x8000fb58
core   0: 0x8000eb5c (0x4a3f2423) sw      gp, 1192(t5)
core   0: 3 0x8000eb5c (0x4a3f2423) mem 0x80010000 0x00000001
core   0: 0x8000eb60 (0x0000bfe5) c.j     pc - 8
core   0: 3 0x8000eb60 (0xbfe5)
core   0: 0x8000eb58 (0x00001f17) auipc   t5, 0x1
core   0: 3 0x8000eb58 (0x00001f17) x30 0x8000fb58
core   0: 0x8000eb5c (0x4a3f2423) sw      gp, 1192(t5)
core   0: 3 0x8000eb5c (0x4a3f2423) mem 0x80010000 0x00000001
core   0: 0x8000eb60 (0x0000bfe5) c.j     pc - 8
core   0: 3 0x8000eb60 (0xbfe5)
core   0: 0x8000eb58 (0x00001f17) auipc   t5, 0x1
core   0: 3 0x8000eb58 (0x00001f17) x30 0x8000fb58
core   0: 0x8000eb5c (0x4a3f2423) sw      gp, 1192(t5)
core   0: 3 0x8000eb5c (0x4a3f2423) mem 0x80010000 0x00000001
core   0: 0x8000eb60 (0x0000bfe5) c.j     pc - 8
core   0: 3 0x8000eb60 (0xbfe5)
core   0: 0x8000eb58 (0x00001f17) auipc   t5, 0x1
core   0: 3 0x8000eb58 (0x00001f17) x30 0x8000fb58
core   0: 0x8000eb5c (0x4a3f2423) sw      gp, 1192(t5)
core   0: 3 0x8000eb5c (0x4a3f2423) mem 0x80010000 0x00000001
core   0: 0x8000eb60 (0x0000bfe5) c.j     pc - 8
core   0: 3 0x8000eb60 (0xbfe5)
core   0: 0x8000eb58 (0x00001f17) auipc   t5, 0x1
core   0: 3 0x8000eb58 (0x00001f17) x30 0x8000fb58
core   0: 0x8000eb5c (0x4a3f2423) sw      gp, 1192(t5)
core   0: 3 0x8000eb5c (0x4a3f2423) mem 0x80010000 0x00000001
core   0: 0x8000eb60 (0x0000bfe5) c.j     pc - 8
core   0: 3 0x8000eb60 (0xbfe5)
core   0: 0x8000eb58 (0x00001f17) auipc   t5, 0x1
core   0: 3 0x8000eb58 (0x00001f17) x30 0x8000fb58
core   0: 0x8000eb5c (0x4a3f2423) sw      gp, 1192(t5)
core   0: 3 0x8000eb5c (0x4a3f2423) mem 0x80010000 0x00000001
core   0: 0x8000eb60 (0x0000bfe5) c.j     pc - 8
core   0: 3 0x8000eb60 (0xbfe5)
core   0: 0x8000eb58 (0x00001f17) auipc   t5, 0x1
core   0: 3 0x8000eb58 (0x00001f17) x30 0x8000fb58
core   0: 0x8000eb5c (0x4a3f2423) sw      gp, 1192(t5)
core   0: 3 0x8000eb5c (0x4a3f2423) mem 0x80010000 0x00000001
core   0: 0x8000eb60 (0x0000bfe5) c.j     pc - 8
core   0: 3 0x8000eb60 (0xbfe5)
core   0: 0x8000eb58 (0x00001f17) auipc   t5, 0x1
core   0: 3 0x8000eb58 (0x00001f17) x30 0x8000fb58
core   0: 0x8000eb5c (0x4a3f2423) sw      gp, 1192(t5)
core   0: 3 0x8000eb5c (0x4a3f2423) mem 0x80010000 0x00000001
core   0: 0x8000eb60 (0x0000bfe5) c.j     pc - 8
core   0: 3 0x8000eb60 (0xbfe5)
core   0: 0x8000eb58 (0x00001f17) auipc   t5, 0x1
core   0: 3 0x8000eb58 (0x00001f17) x30 0x8000fb58
core   0: 0x8000eb5c (0x4a3f2423) sw      gp, 1192(t5)
core   0: 3 0x8000eb5c (0x4a3f2423) mem 0x80010000 0x00000001
core   0: 0x8000eb60 (0x0000bfe5) c.j     pc - 8
core   0: 3 0x8000eb60 (0xbfe5)
core   0: 0x8000eb58 (0x00001f17) auipc   t5, 0x1
core   0: 3 0x8000eb58 (0x00001f17) x30 0x8000fb58
core   0: 0x8000eb5c (0x4a3f2423) sw      gp, 1192(t5)
core   0: 3 0x8000eb5c (0x4a3f2423) mem 0x80010000 0x00000001
core   0: 0x8000eb60 (0x0000bfe5) c.j     pc - 8
core   0: 3 0x8000eb60 (0xbfe5)
core   0: 0x8000eb58 (0x00001f17) auipc   t5, 0x1
core   0: 3 0x8000eb58 (0x00001f17) x30 0x8000fb58
core   0: 0x8000eb5c (0x4a3f2423) sw      gp, 1192(t5)
core   0: 3 0x8000eb5c (0x4a3f2423) mem 0x80010000 0x00000001
core   0: 0x8000eb60 (0x0000bfe5) c.j     pc - 8
core   0: 3 0x8000eb60 (0xbfe5)
core   0: 0x8000eb58 (0x00001f17) auipc   t5, 0x1
core   0: 3 0x8000eb58 (0x00001f17) x30 0x8000fb58
core   0: 0x8000eb5c (0x4a3f2423) sw      gp, 1192(t5)
core   0: 3 0x8000eb5c (0x4a3f2423) mem 0x80010000 0x00000001
core   0: 0x8000eb60 (0x0000bfe5) c.j     pc - 8
core   0: 3 0x8000eb60 (0xbfe5)
core   0: 0x8000eb58 (0x00001f17) auipc   t5, 0x1
core   0: 3 0x8000eb58 (0x00001f17) x30 0x8000fb58
core   0: 0x8000eb5c (0x4a3f2423) sw      gp, 1192(t5)
core   0: 3 0x8000eb5c (0x4a3f2423) mem 0x80010000 0x00000001
core   0: 0x8000eb60 (0x0000bfe5) c.j     pc - 8
core   0: 3 0x8000eb60 (0xbfe5)
core   0: 0x8000eb58 (0x00001f17) auipc   t5, 0x1
core   0: 3 0x8000eb58 (0x00001f17) x30 0x8000fb58
core   0: 0x8000eb5c (0x4a3f2423) sw      gp, 1192(t5)
core   0: 3 0x8000eb5c (0x4a3f2423) mem 0x80010000 0x00000001
core   0: 0x8000eb60 (0x0000bfe5) c.j     pc - 8
core   0: 3 0x8000eb60 (0xbfe5)
core   0: 0x8000eb58 (0x00001f17) auipc   t5, 0x1
core   0: 3 0x8000eb58 (0x00001f17) x30 0x8000fb58
core   0: 0x8000eb5c (0x4a3f2423) sw      gp, 1192(t5)
core   0: 3 0x8000eb5c (0x4a3f2423) mem 0x80010000 0x00000001
core   0: 0x8000eb60 (0x0000bfe5) c.j     pc - 8
core   0: 3 0x8000eb60 (0xbfe5)
core   0: 0x8000eb58 (0x00001f17) auipc   t5, 0x1
core   0: 3 0x8000eb58 (0x00001f17) x30 0x8000fb58
core   0: 0x8000eb5c (0x4a3f2423) sw      gp, 1192(t5)
core   0: 3 0x8000eb5c (0x4a3f2423) mem 0x80010000 0x00000001
core   0: 0x8000eb60 (0x0000bfe5) c.j     pc - 8
core   0: 3 0x8000eb60 (0xbfe5)
core   0: 0x8000eb58 (0x00001f17) auipc   t5, 0x1
core   0: 3 0x8000eb58 (0x00001f17) x30 0x8000fb58
core   0: 0x8000eb5c (0x4a3f2423) sw      gp, 1192(t5)
core   0: 3 0x8000eb5c (0x4a3f2423) mem 0x80010000 0x00000001
core   0: 0x8000eb60 (0x0000bfe5) c.j     pc - 8
core   0: 3 0x8000eb60 (0xbfe5)
core   0: 0x8000eb58 (0x00001f17) auipc   t5, 0x1
core   0: 3 0x8000eb58 (0x00001f17) x30 0x8000fb58
core   0: 0x8000eb5c (0x4a3f2423) sw      gp, 1192(t5)
core   0: 3 0x8000eb5c (0x4a3f2423) mem 0x80010000 0x00000001
core   0: 0x8000eb60 (0x0000bfe5) c.j     pc - 8
core   0: 3 0x8000eb60 (0xbfe5)
core   0: 0x8000eb58 (0x00001f17) auipc   t5, 0x1
core   0: 3 0x8000eb58 (0x00001f17) x30 0x8000fb58
core   0: 0x8000eb5c (0x4a3f2423) sw      gp, 1192(t5)
core   0: 3 0x8000eb5c (0x4a3f2423) mem 0x80010000 0x00000001
core   0: 0x8000eb60 (0x0000bfe5) c.j     pc - 8
core   0: 3 0x8000eb60 (0xbfe5)
core   0: 0x8000eb58 (0x00001f17) auipc   t5, 0x1
core   0: 3 0x8000eb58 (0x00001f17) x30 0x8000fb58
core   0: 0x8000eb5c (0x4a3f2423) sw      gp, 1192(t5)
core   0: 3 0x8000eb5c (0x4a3f2423) mem 0x80010000 0x00000001
core   0: 0x8000eb60 (0x0000bfe5) c.j     pc - 8
core   0: 3 0x8000eb60 (0xbfe5)
core   0: 0x8000eb58 (0x00001f17) auipc   t5, 0x1
core   0: 3 0x8000eb58 (0x00001f17) x30 0x8000fb58
core   0: 0x8000eb5c (0x4a3f2423) sw      gp, 1192(t5)
core   0: 3 0x8000eb5c (0x4a3f2423) mem 0x80010000 0x00000001
core   0: 0x8000eb60 (0x0000bfe5) c.j     pc - 8
core   0: 3 0x8000eb60 (0xbfe5)
core   0: 0x8000eb58 (0x00001f17) auipc   t5, 0x1
core   0: 3 0x8000eb58 (0x00001f17) x30 0x8000fb58
core   0: 0x8000eb5c (0x4a3f2423) sw      gp, 1192(t5)
core   0: 3 0x8000eb5c (0x4a3f2423) mem 0x80010000 0x00000001
core   0: 0x8000eb60 (0x0000bfe5) c.j     pc - 8
core   0: 3 0x8000eb60 (0xbfe5)
core   0: 0x8000eb58 (0x00001f17) auipc   t5, 0x1
core   0: 3 0x8000eb58 (0x00001f17) x30 0x8000fb58
core   0: 0x8000eb5c (0x4a3f2423) sw      gp, 1192(t5)
core   0: 3 0x8000eb5c (0x4a3f2423) mem 0x80010000 0x00000001
core   0: 0x8000eb60 (0x0000bfe5) c.j     pc - 8
core   0: 3 0x8000eb60 (0xbfe5)
core   0: 0x8000eb58 (0x00001f17) auipc   t5, 0x1
core   0: 3 0x8000eb58 (0x00001f17) x30 0x8000fb58
core   0: 0x8000eb5c (0x4a3f2423) sw      gp, 1192(t5)
core   0: 3 0x8000eb5c (0x4a3f2423) mem 0x80010000 0x00000001
core   0: 0x8000eb60 (0x0000bfe5) c.j     pc - 8
core   0: 3 0x8000eb60 (0xbfe5)
core   0: 0x8000eb58 (0x00001f17) auipc   t5, 0x1
core   0: 3 0x8000eb58 (0x00001f17) x30 0x8000fb58
core   0: 0x8000eb5c (0x4a3f2423) sw      gp, 1192(t5)
core   0: 3 0x8000eb5c (0x4a3f2423) mem 0x80010000 0x00000001
core   0: 0x8000eb60 (0x0000bfe5) c.j     pc - 8
core   0: 3 0x8000eb60 (0xbfe5)
core   0: 0x8000eb58 (0x00001f17) auipc   t5, 0x1
core   0: 3 0x8000eb58 (0x00001f17) x30 0x8000fb58
core   0: 0x8000eb5c (0x4a3f2423) sw      gp, 1192(t5)
core   0: 3 0x8000eb5c (0x4a3f2423) mem 0x80010000 0x00000001
core   0: 0x8000eb60 (0x0000bfe5) c.j     pc - 8
core   0: 3 0x8000eb60 (0xbfe5)
core   0: 0x8000eb58 (0x00001f17) auipc   t5, 0x1
core   0: 3 0x8000eb58 (0x00001f17) x30 0x8000fb58
core   0: 0x8000eb5c (0x4a3f2423) sw      gp, 1192(t5)
core   0: 3 0x8000eb5c (0x4a3f2423) mem 0x80010000 0x00000001
core   0: 0x8000eb60 (0x0000bfe5) c.j     pc - 8
core   0: 3 0x8000eb60 (0xbfe5)
core   0: 0x8000eb58 (0x00001f17) auipc   t5, 0x1
core   0: 3 0x8000eb58 (0x00001f17) x30 0x8000fb58
core   0: 0x8000eb5c (0x4a3f2423) sw      gp, 1192(t5)
core   0: 3 0x8000eb5c (0x4a3f2423) mem 0x80010000 0x00000001
core   0: 0x8000eb60 (0x0000bfe5) c.j     pc - 8
core   0: 3 0x8000eb60 (0xbfe5)
core   0: 0x8000eb58 (0x00001f17) auipc   t5, 0x1
core   0: 3 0x8000eb58 (0x00001f17) x30 0x8000fb58
core   0: 0x8000eb5c (0x4a3f2423) sw      gp, 1192(t5)
core   0: 3 0x8000eb5c (0x4a3f2423) mem 0x80010000 0x00000001
core   0: 0x8000eb60 (0x0000bfe5) c.j     pc - 8
core   0: 3 0x8000eb60 (0xbfe5)
core   0: 0x8000eb58 (0x00001f17) auipc   t5, 0x1
core   0: 3 0x8000eb58 (0x00001f17) x30 0x8000fb58
core   0: 0x8000eb5c (0x4a3f2423) sw      gp, 1192(t5)
core   0: 3 0x8000eb5c (0x4a3f2423) mem 0x80010000 0x00000001
core   0: 0x8000eb60 (0x0000bfe5) c.j     pc - 8
core   0: 3 0x8000eb60 (0xbfe5)
core   0: 0x8000eb58 (0x00001f17) auipc   t5, 0x1
core   0: 3 0x8000eb58 (0x00001f17) x30 0x8000fb58
core   0: 0x8000eb5c (0x4a3f2423) sw      gp, 1192(t5)
core   0: 3 0x8000eb5c (0x4a3f2423) mem 0x80010000 0x00000001
core   0: 0x8000eb60 (0x0000bfe5) c.j     pc - 8
core   0: 3 0x8000eb60 (0xbfe5)
core   0: 0x8000eb58 (0x00001f17) auipc   t5, 0x1
core   0: 3 0x8000eb58 (0x00001f17) x30 0x8000fb58
core   0: 0x8000eb5c (0x4a3f2423) sw      gp, 1192(t5)
core   0: 3 0x8000eb5c (0x4a3f2423) mem 0x80010000 0x00000001
core   0: 0x8000eb60 (0x0000bfe5) c.j     pc - 8
core   0: 3 0x8000eb60 (0xbfe5)
core   0: 0x8000eb58 (0x00001f17) auipc   t5, 0x1
core   0: 3 0x8000eb58 (0x00001f17) x30 0x8000fb58
core   0: 0x8000eb5c (0x4a3f2423) sw      gp, 1192(t5)
core   0: 3 0x8000eb5c (0x4a3f2423) mem 0x80010000 0x00000001
core   0: 0x8000eb60 (0x0000bfe5) c.j     pc - 8
core   0: 3 0x8000eb60 (0xbfe5)
core   0: 0x8000eb58 (0x00001f17) auipc   t5, 0x1
core   0: 3 0x8000eb58 (0x00001f17) x30 0x8000fb58
core   0: 0x8000eb5c (0x4a3f2423) sw      gp, 1192(t5)
core   0: 3 0x8000eb5c (0x4a3f2423) mem 0x80010000 0x00000001
core   0: 0x8000eb60 (0x0000bfe5) c.j     pc - 8
core   0: 3 0x8000eb60 (0xbfe5)
core   0: 0x8000eb58 (0x00001f17) auipc   t5, 0x1
core   0: 3 0x8000eb58 (0x00001f17) x30 0x8000fb58
core   0: 0x8000eb5c (0x4a3f2423) sw      gp, 1192(t5)
core   0: 3 0x8000eb5c (0x4a3f2423) mem 0x80010000 0x00000001
core   0: 0x8000eb60 (0x0000bfe5) c.j     pc - 8
core   0: 3 0x8000eb60 (0xbfe5)
core   0: 0x8000eb58 (0x00001f17) auipc   t5, 0x1
core   0: 3 0x8000eb58 (0x00001f17) x30 0x8000fb58
core   0: 0x8000eb5c (0x4a3f2423) sw      gp, 1192(t5)
core   0: 3 0x8000eb5c (0x4a3f2423) mem 0x80010000 0x00000001
core   0: 0x8000eb60 (0x0000bfe5) c.j     pc - 8
core   0: 3 0x8000eb60 (0xbfe5)
core   0: 0x8000eb58 (0x00001f17) auipc   t5, 0x1
core   0: 3 0x8000eb58 (0x00001f17) x30 0x8000fb58
core   0: 0x8000eb5c (0x4a3f2423) sw      gp, 1192(t5)
core   0: 3 0x8000eb5c (0x4a3f2423) mem 0x80010000 0x00000001
core   0: 0x8000eb60 (0x0000bfe5) c.j     pc - 8
core   0: 3 0x8000eb60 (0xbfe5)
core   0: 0x8000eb58 (0x00001f17) auipc   t5, 0x1
core   0: 3 0x8000eb58 (0x00001f17) x30 0x8000fb58
core   0: 0x8000eb5c (0x4a3f2423) sw      gp, 1192(t5)
core   0: 3 0x8000eb5c (0x4a3f2423) mem 0x80010000 0x00000001
core   0: 0x8000eb60 (0x0000bfe5) c.j     pc - 8
core   0: 3 0x8000eb60 (0xbfe5)
core   0: 0x8000eb58 (0x00001f17) auipc   t5, 0x1
core   0: 3 0x8000eb58 (0x00001f17) x30 0x8000fb58
core   0: 0x8000eb5c (0x4a3f2423) sw      gp, 1192(t5)
core   0: 3 0x8000eb5c (0x4a3f2423) mem 0x80010000 0x00000001
core   0: 0x8000eb60 (0x0000bfe5) c.j     pc - 8
core   0: 3 0x8000eb60 (0xbfe5)
core   0: 0x8000eb58 (0x00001f17) auipc   t5, 0x1
core   0: 3 0x8000eb58 (0x00001f17) x30 0x8000fb58
core   0: 0x8000eb5c (0x4a3f2423) sw      gp, 1192(t5)
core   0: 3 0x8000eb5c (0x4a3f2423) mem 0x80010000 0x00000001
core   0: 0x8000eb60 (0x0000bfe5) c.j     pc - 8
core   0: 3 0x8000eb60 (0xbfe5)
core   0: 0x8000eb58 (0x00001f17) auipc   t5, 0x1
core   0: 3 0x8000eb58 (0x00001f17) x30 0x8000fb58
core   0: 0x8000eb5c (0x4a3f2423) sw      gp, 1192(t5)
core   0: 3 0x8000eb5c (0x4a3f2423) mem 0x80010000 0x00000001
core   0: 0x8000eb60 (0x0000bfe5) c.j     pc - 8
core   0: 3 0x8000eb60 (0xbfe5)
core   0: 0x8000eb58 (0x00001f17) auipc   t5, 0x1
core   0: 3 0x8000eb58 (0x00001f17) x30 0x8000fb58
core   0: 0x8000eb5c (0x4a3f2423) sw      gp, 1192(t5)
core   0: 3 0x8000eb5c (0x4a3f2423) mem 0x80010000 0x00000001
core   0: 0x8000eb60 (0x0000bfe5) c.j     pc - 8
core   0: 3 0x8000eb60 (0xbfe5)
core   0: 0x8000eb58 (0x00001f17) auipc   t5, 0x1
core   0: 3 0x8000eb58 (0x00001f17) x30 0x8000fb58
core   0: 0x8000eb5c (0x4a3f2423) sw      gp, 1192(t5)
core   0: 3 0x8000eb5c (0x4a3f2423) mem 0x80010000 0x00000001
core   0: 0x8000eb60 (0x0000bfe5) c.j     pc - 8
core   0: 3 0x8000eb60 (0xbfe5)
core   0: 0x8000eb58 (0x00001f17) auipc   t5, 0x1
core   0: 3 0x8000eb58 (0x00001f17) x30 0x8000fb58
core   0: 0x8000eb5c (0x4a3f2423) sw      gp, 1192(t5)
core   0: 3 0x8000eb5c (0x4a3f2423) mem 0x80010000 0x00000001
core   0: 0x8000eb60 (0x0000bfe5) c.j     pc - 8
core   0: 3 0x8000eb60 (0xbfe5)
core   0: 0x8000eb58 (0x00001f17) auipc   t5, 0x1
core   0: 3 0x8000eb58 (0x00001f17) x30 0x8000fb58
core   0: 0x8000eb5c (0x4a3f2423) sw      gp, 1192(t5)
core   0: 3 0x8000eb5c (0x4a3f2423) mem 0x80010000 0x00000001
core   0: 0x8000eb60 (0x0000bfe5) c.j     pc - 8
core   0: 3 0x8000eb60 (0xbfe5)
core   0: 0x8000eb58 (0x00001f17) auipc   t5, 0x1
core   0: 3 0x8000eb58 (0x00001f17) x30 0x8000fb58
core   0: 0x8000eb5c (0x4a3f2423) sw      gp, 1192(t5)
core   0: 3 0x8000eb5c (0x4a3f2423) mem 0x80010000 0x00000001
core   0: 0x8000eb60 (0x0000bfe5) c.j     pc - 8
core   0: 3 0x8000eb60 (0xbfe5)
core   0: 0x8000eb58 (0x00001f17) auipc   t5, 0x1
core   0: 3 0x8000eb58 (0x00001f17) x30 0x8000fb58
core   0: 0x8000eb5c (0x4a3f2423) sw      gp, 1192(t5)
core   0: 3 0x8000eb5c (0x4a3f2423) mem 0x80010000 0x00000001
core   0: 0x8000eb60 (0x0000bfe5) c.j     pc - 8
core   0: 3 0x8000eb60 (0xbfe5)
core   0: 0x8000eb58 (0x00001f17) auipc   t5, 0x1
core   0: 3 0x8000eb58 (0x00001f17) x30 0x8000fb58
core   0: 0x8000eb5c (0x4a3f2423) sw      gp, 1192(t5)
core   0: 3 0x8000eb5c (0x4a3f2423) mem 0x80010000 0x00000001
core   0: 0x8000eb60 (0x0000bfe5) c.j     pc - 8
core   0: 3 0x8000eb60 (0xbfe5)
core   0: 0x8000eb58 (0x00001f17) auipc   t5, 0x1
core   0: 3 0x8000eb58 (0x00001f17) x30 0x8000fb58
core   0: 0x8000eb5c (0x4a3f2423) sw      gp, 1192(t5)
core   0: 3 0x8000eb5c (0x4a3f2423) mem 0x80010000 0x00000001
core   0: 0x8000eb60 (0x0000bfe5) c.j     pc - 8
core   0: 3 0x8000eb60 (0xbfe5)
core   0: 0x8000eb58 (0x00001f17) auipc   t5, 0x1
core   0: 3 0x8000eb58 (0x00001f17) x30 0x8000fb58
core   0: 0x8000eb5c (0x4a3f2423) sw      gp, 1192(t5)
core   0: 3 0x8000eb5c (0x4a3f2423) mem 0x80010000 0x00000001
core   0: 0x8000eb60 (0x0000bfe5) c.j     pc - 8
core   0: 3 0x8000eb60 (0xbfe5)
core   0: 0x8000eb58 (0x00001f17) auipc   t5, 0x1
core   0: 3 0x8000eb58 (0x00001f17) x30 0x8000fb58
core   0: 0x8000eb5c (0x4a3f2423) sw      gp, 1192(t5)
core   0: 3 0x8000eb5c (0x4a3f2423) mem 0x80010000 0x00000001
core   0: 0x8000eb60 (0x0000bfe5) c.j     pc - 8
core   0: 3 0x8000eb60 (0xbfe5)
core   0: 0x8000eb58 (0x00001f17) auipc   t5, 0x1
core   0: 3 0x8000eb58 (0x00001f17) x30 0x8000fb58
core   0: 0x8000eb5c (0x4a3f2423) sw      gp, 1192(t5)
core   0: 3 0x8000eb5c (0x4a3f2423) mem 0x80010000 0x00000001
core   0: 0x8000eb60 (0x0000bfe5) c.j     pc - 8
core   0: 3 0x8000eb60 (0xbfe5)
core   0: 0x8000eb58 (0x00001f17) auipc   t5, 0x1
core   0: 3 0x8000eb58 (0x00001f17) x30 0x8000fb58
core   0: 0x8000eb5c (0x4a3f2423) sw      gp, 1192(t5)
core   0: 3 0x8000eb5c (0x4a3f2423) mem 0x80010000 0x00000001
core   0: 0x8000eb60 (0x0000bfe5) c.j     pc - 8
core   0: 3 0x8000eb60 (0xbfe5)
core   0: 0x8000eb58 (0x00001f17) auipc   t5, 0x1
core   0: 3 0x8000eb58 (0x00001f17) x30 0x8000fb58
core   0: 0x8000eb5c (0x4a3f2423) sw      gp, 1192(t5)
core   0: 3 0x8000eb5c (0x4a3f2423) mem 0x80010000 0x00000001
core   0: 0x8000eb60 (0x0000bfe5) c.j     pc - 8
core   0: 3 0x8000eb60 (0xbfe5)
core   0: 0x8000eb58 (0x00001f17) auipc   t5, 0x1
core   0: 3 0x8000eb58 (0x00001f17) x30 0x8000fb58
core   0: 0x8000eb5c (0x4a3f2423) sw      gp, 1192(t5)
core   0: 3 0x8000eb5c (0x4a3f2423) mem 0x80010000 0x00000001
core   0: 0x8000eb60 (0x0000bfe5) c.j     pc - 8
core   0: 3 0x8000eb60 (0xbfe5)
core   0: 0x8000eb58 (0x00001f17) auipc   t5, 0x1
core   0: 3 0x8000eb58 (0x00001f17) x30 0x8000fb58
core   0: 0x8000eb5c (0x4a3f2423) sw      gp, 1192(t5)
core   0: 3 0x8000eb5c (0x4a3f2423) mem 0x80010000 0x00000001
core   0: 0x8000eb60 (0x0000bfe5) c.j     pc - 8
core   0: 3 0x8000eb60 (0xbfe5)
core   0: 0x8000eb58 (0x00001f17) auipc   t5, 0x1
core   0: 3 0x8000eb58 (0x00001f17) x30 0x8000fb58
core   0: 0x8000eb5c (0x4a3f2423) sw      gp, 1192(t5)
core   0: 3 0x8000eb5c (0x4a3f2423) mem 0x80010000 0x00000001
core   0: 0x8000eb60 (0x0000bfe5) c.j     pc - 8
core   0: 3 0x8000eb60 (0xbfe5)
core   0: 0x8000eb58 (0x00001f17) auipc   t5, 0x1
core   0: 3 0x8000eb58 (0x00001f17) x30 0x8000fb58
core   0: 0x8000eb5c (0x4a3f2423) sw      gp, 1192(t5)
core   0: 3 0x8000eb5c (0x4a3f2423) mem 0x80010000 0x00000001
core   0: 0x8000eb60 (0x0000bfe5) c.j     pc - 8
core   0: 3 0x8000eb60 (0xbfe5)
core   0: 0x8000eb58 (0x00001f17) auipc   t5, 0x1
core   0: 3 0x8000eb58 (0x00001f17) x30 0x8000fb58
core   0: 0x8000eb5c (0x4a3f2423) sw      gp, 1192(t5)
core   0: 3 0x8000eb5c (0x4a3f2423) mem 0x80010000 0x00000001
core   0: 0x8000eb60 (0x0000bfe5) c.j     pc - 8
core   0: 3 0x8000eb60 (0xbfe5)
core   0: 0x8000eb58 (0x00001f17) auipc   t5, 0x1
core   0: 3 0x8000eb58 (0x00001f17) x30 0x8000fb58
core   0: 0x8000eb5c (0x4a3f2423) sw      gp, 1192(t5)
core   0: 3 0x8000eb5c (0x4a3f2423) mem 0x80010000 0x00000001
core   0: 0x8000eb60 (0x0000bfe5) c.j     pc - 8
core   0: 3 0x8000eb60 (0xbfe5)
core   0: 0x8000eb58 (0x00001f17) auipc   t5, 0x1
core   0: 3 0x8000eb58 (0x00001f17) x30 0x8000fb58
core   0: 0x8000eb5c (0x4a3f2423) sw      gp, 1192(t5)
core   0: 3 0x8000eb5c (0x4a3f2423) mem 0x80010000 0x00000001
core   0: 0x8000eb60 (0x0000bfe5) c.j     pc - 8
core   0: 3 0x8000eb60 (0xbfe5)
core   0: 0x8000eb58 (0x00001f17) auipc   t5, 0x1
core   0: 3 0x8000eb58 (0x00001f17) x30 0x8000fb58
core   0: 0x8000eb5c (0x4a3f2423) sw      gp, 1192(t5)
core   0: 3 0x8000eb5c (0x4a3f2423) mem 0x80010000 0x00000001
core   0: 0x8000eb60 (0x0000bfe5) c.j     pc - 8
core   0: 3 0x8000eb60 (0xbfe5)
core   0: 0x8000eb58 (0x00001f17) auipc   t5, 0x1
core   0: 3 0x8000eb58 (0x00001f17) x30 0x8000fb58
core   0: 0x8000eb5c (0x4a3f2423) sw      gp, 1192(t5)
core   0: 3 0x8000eb5c (0x4a3f2423) mem 0x80010000 0x00000001
core   0: 0x8000eb60 (0x0000bfe5) c.j     pc - 8
core   0: 3 0x8000eb60 (0xbfe5)
core   0: 0x8000eb58 (0x00001f17) auipc   t5, 0x1
core   0: 3 0x8000eb58 (0x00001f17) x30 0x8000fb58
core   0: 0x8000eb5c (0x4a3f2423) sw      gp, 1192(t5)
core   0: 3 0x8000eb5c (0x4a3f2423) mem 0x80010000 0x00000001
core   0: 0x8000eb60 (0x0000bfe5) c.j     pc - 8
core   0: 3 0x8000eb60 (0xbfe5)
core   0: 0x8000eb58 (0x00001f17) auipc   t5, 0x1
core   0: 3 0x8000eb58 (0x00001f17) x30 0x8000fb58
core   0: 0x8000eb5c (0x4a3f2423) sw      gp, 1192(t5)
core   0: 3 0x8000eb5c (0x4a3f2423) mem 0x80010000 0x00000001
core   0: 0x8000eb60 (0x0000bfe5) c.j     pc - 8
core   0: 3 0x8000eb60 (0xbfe5)
core   0: 0x8000eb58 (0x00001f17) auipc   t5, 0x1
core   0: 3 0x8000eb58 (0x00001f17) x30 0x8000fb58
core   0: 0x8000eb5c (0x4a3f2423) sw      gp, 1192(t5)
core   0: 3 0x8000eb5c (0x4a3f2423) mem 0x80010000 0x00000001
core   0: 0x8000eb60 (0x0000bfe5) c.j     pc - 8
core   0: 3 0x8000eb60 (0xbfe5)
core   0: 0x8000eb58 (0x00001f17) auipc   t5, 0x1
core   0: 3 0x8000eb58 (0x00001f17) x30 0x8000fb58
core   0: 0x8000eb5c (0x4a3f2423) sw      gp, 1192(t5)
core   0: 3 0x8000eb5c (0x4a3f2423) mem 0x80010000 0x00000001
core   0: 0x8000eb60 (0x0000bfe5) c.j     pc - 8
core   0: 3 0x8000eb60 (0xbfe5)
core   0: 0x8000eb58 (0x00001f17) auipc   t5, 0x1
core   0: 3 0x8000eb58 (0x00001f17) x30 0x8000fb58
core   0: 0x8000eb5c (0x4a3f2423) sw      gp, 1192(t5)
core   0: 3 0x8000eb5c (0x4a3f2423) mem 0x80010000 0x00000001
core   0: 0x8000eb60 (0x0000bfe5) c.j     pc - 8
core   0: 3 0x8000eb60 (0xbfe5)
core   0: 0x8000eb58 (0x00001f17) auipc   t5, 0x1
core   0: 3 0x8000eb58 (0x00001f17) x30 0x8000fb58
core   0: 0x8000eb5c (0x4a3f2423) sw      gp, 1192(t5)
core   0: 3 0x8000eb5c (0x4a3f2423) mem 0x80010000 0x00000001
core   0: 0x8000eb60 (0x0000bfe5) c.j     pc - 8
core   0: 3 0x8000eb60 (0xbfe5)
core   0: 0x8000eb58 (0x00001f17) auipc   t5, 0x1
core   0: 3 0x8000eb58 (0x00001f17) x30 0x8000fb58
core   0: 0x8000eb5c (0x4a3f2423) sw      gp, 1192(t5)
core   0: 3 0x8000eb5c (0x4a3f2423) mem 0x80010000 0x00000001
core   0: 0x8000eb60 (0x0000bfe5) c.j     pc - 8
core   0: 3 0x8000eb60 (0xbfe5)
core   0: 0x8000eb58 (0x00001f17) auipc   t5, 0x1
core   0: 3 0x8000eb58 (0x00001f17) x30 0x8000fb58
core   0: 0x8000eb5c (0x4a3f2423) sw      gp, 1192(t5)
core   0: 3 0x8000eb5c (0x4a3f2423) mem 0x80010000 0x00000001
core   0: 0x8000eb60 (0x0000bfe5) c.j     pc - 8
core   0: 3 0x8000eb60 (0xbfe5)
core   0: 0x8000eb58 (0x00001f17) auipc   t5, 0x1
core   0: 3 0x8000eb58 (0x00001f17) x30 0x8000fb58
core   0: 0x8000eb5c (0x4a3f2423) sw      gp, 1192(t5)
core   0: 3 0x8000eb5c (0x4a3f2423) mem 0x80010000 0x00000001
core   0: 0x8000eb60 (0x0000bfe5) c.j     pc - 8
core   0: 3 0x8000eb60 (0xbfe5)
core   0: 0x8000eb58 (0x00001f17) auipc   t5, 0x1
core   0: 3 0x8000eb58 (0x00001f17) x30 0x8000fb58
core   0: 0x8000eb5c (0x4a3f2423) sw      gp, 1192(t5)
core   0: 3 0x8000eb5c (0x4a3f2423) mem 0x80010000 0x00000001
core   0: 0x8000eb60 (0x0000bfe5) c.j     pc - 8
core   0: 3 0x8000eb60 (0xbfe5)
core   0: 0x8000eb58 (0x00001f17) auipc   t5, 0x1
core   0: 3 0x8000eb58 (0x00001f17) x30 0x8000fb58
core   0: 0x8000eb5c (0x4a3f2423) sw      gp, 1192(t5)
core   0: 3 0x8000eb5c (0x4a3f2423) mem 0x80010000 0x00000001
core   0: 0x8000eb60 (0x0000bfe5) c.j     pc - 8
core   0: 3 0x8000eb60 (0xbfe5)
core   0: 0x8000eb58 (0x00001f17) auipc   t5, 0x1
core   0: 3 0x8000eb58 (0x00001f17) x30 0x8000fb58
core   0: 0x8000eb5c (0x4a3f2423) sw      gp, 1192(t5)
core   0: 3 0x8000eb5c (0x4a3f2423) mem 0x80010000 0x00000001
core   0: 0x8000eb60 (0x0000bfe5) c.j     pc - 8
core   0: 3 0x8000eb60 (0xbfe5)
core   0: 0x8000eb58 (0x00001f17) auipc   t5, 0x1
core   0: 3 0x8000eb58 (0x00001f17) x30 0x8000fb58
core   0: 0x8000eb5c (0x4a3f2423) sw      gp, 1192(t5)
core   0: 3 0x8000eb5c (0x4a3f2423) mem 0x80010000 0x00000001
core   0: 0x8000eb60 (0x0000bfe5) c.j     pc - 8
core   0: 3 0x8000eb60 (0xbfe5)
core   0: 0x8000eb58 (0x00001f17) auipc   t5, 0x1
core   0: 3 0x8000eb58 (0x00001f17) x30 0x8000fb58
core   0: 0x8000eb5c (0x4a3f2423) sw      gp, 1192(t5)
core   0: 3 0x8000eb5c (0x4a3f2423) mem 0x80010000 0x00000001
core   0: 0x8000eb60 (0x0000bfe5) c.j     pc - 8
core   0: 3 0x8000eb60 (0xbfe5)
core   0: 0x8000eb58 (0x00001f17) auipc   t5, 0x1
core   0: 3 0x8000eb58 (0x00001f17) x30 0x8000fb58
core   0: 0x8000eb5c (0x4a3f2423) sw      gp, 1192(t5)
core   0: 3 0x8000eb5c (0x4a3f2423) mem 0x80010000 0x00000001
core   0: 0x8000eb60 (0x0000bfe5) c.j     pc - 8
core   0: 3 0x8000eb60 (0xbfe5)
core   0: 0x8000eb58 (0x00001f17) auipc   t5, 0x1
core   0: 3 0x8000eb58 (0x00001f17) x30 0x8000fb58
core   0: 0x8000eb5c (0x4a3f2423) sw      gp, 1192(t5)
core   0: 3 0x8000eb5c (0x4a3f2423) mem 0x80010000 0x00000001
core   0: 0x8000eb60 (0x0000bfe5) c.j     pc - 8
core   0: 3 0x8000eb60 (0xbfe5)
core   0: 0x8000eb58 (0x00001f17) auipc   t5, 0x1
core   0: 3 0x8000eb58 (0x00001f17) x30 0x8000fb58
core   0: 0x8000eb5c (0x4a3f2423) sw      gp, 1192(t5)
core   0: 3 0x8000eb5c (0x4a3f2423) mem 0x80010000 0x00000001
core   0: 0x8000eb60 (0x0000bfe5) c.j     pc - 8
core   0: 3 0x8000eb60 (0xbfe5)
core   0: 0x8000eb58 (0x00001f17) auipc   t5, 0x1
core   0: 3 0x8000eb58 (0x00001f17) x30 0x8000fb58
core   0: 0x8000eb5c (0x4a3f2423) sw      gp, 1192(t5)
core   0: 3 0x8000eb5c (0x4a3f2423) mem 0x80010000 0x00000001
core   0: 0x8000eb60 (0x0000bfe5) c.j     pc - 8
core   0: 3 0x8000eb60 (0xbfe5)
core   0: 0x8000eb58 (0x00001f17) auipc   t5, 0x1
core   0: 3 0x8000eb58 (0x00001f17) x30 0x8000fb58
core   0: 0x8000eb5c (0x4a3f2423) sw      gp, 1192(t5)
core   0: 3 0x8000eb5c (0x4a3f2423) mem 0x80010000 0x00000001
core   0: 0x8000eb60 (0x0000bfe5) c.j     pc - 8
core   0: 3 0x8000eb60 (0xbfe5)
core   0: 0x8000eb58 (0x00001f17) auipc   t5, 0x1
core   0: 3 0x8000eb58 (0x00001f17) x30 0x8000fb58
core   0: 0x8000eb5c (0x4a3f2423) sw      gp, 1192(t5)
core   0: 3 0x8000eb5c (0x4a3f2423) mem 0x80010000 0x00000001
core   0: 0x8000eb60 (0x0000bfe5) c.j     pc - 8
core   0: 3 0x8000eb60 (0xbfe5)
core   0: 0x8000eb58 (0x00001f17) auipc   t5, 0x1
core   0: 3 0x8000eb58 (0x00001f17) x30 0x8000fb58
core   0: 0x8000eb5c (0x4a3f2423) sw      gp, 1192(t5)
core   0: 3 0x8000eb5c (0x4a3f2423) mem 0x80010000 0x00000001
core   0: 0x8000eb60 (0x0000bfe5) c.j     pc - 8
core   0: 3 0x8000eb60 (0xbfe5)
core   0: 0x8000eb58 (0x00001f17) auipc   t5, 0x1
core   0: 3 0x8000eb58 (0x00001f17) x30 0x8000fb58
core   0: 0x8000eb5c (0x4a3f2423) sw      gp, 1192(t5)
core   0: 3 0x8000eb5c (0x4a3f2423) mem 0x80010000 0x00000001
core   0: 0x8000eb60 (0x0000bfe5) c.j     pc - 8
core   0: 3 0x8000eb60 (0xbfe5)
core   0: 0x8000eb58 (0x00001f17) auipc   t5, 0x1
core   0: 3 0x8000eb58 (0x00001f17) x30 0x8000fb58
core   0: 0x8000eb5c (0x4a3f2423) sw      gp, 1192(t5)
core   0: 3 0x8000eb5c (0x4a3f2423) mem 0x80010000 0x00000001
core   0: 0x8000eb60 (0x0000bfe5) c.j     pc - 8
core   0: 3 0x8000eb60 (0xbfe5)
core   0: 0x8000eb58 (0x00001f17) auipc   t5, 0x1
core   0: 3 0x8000eb58 (0x00001f17) x30 0x8000fb58
core   0: 0x8000eb5c (0x4a3f2423) sw      gp, 1192(t5)
core   0: 3 0x8000eb5c (0x4a3f2423) mem 0x80010000 0x00000001
core   0: 0x8000eb60 (0x0000bfe5) c.j     pc - 8
core   0: 3 0x8000eb60 (0xbfe5)
core   0: 0x8000eb58 (0x00001f17) auipc   t5, 0x1
core   0: 3 0x8000eb58 (0x00001f17) x30 0x8000fb58
core   0: 0x8000eb5c (0x4a3f2423) sw      gp, 1192(t5)
core   0: 3 0x8000eb5c (0x4a3f2423) mem 0x80010000 0x00000001
core   0: 0x8000eb60 (0x0000bfe5) c.j     pc - 8
core   0: 3 0x8000eb60 (0xbfe5)
core   0: 0x8000eb58 (0x00001f17) auipc   t5, 0x1
core   0: 3 0x8000eb58 (0x00001f17) x30 0x8000fb58
core   0: 0x8000eb5c (0x4a3f2423) sw      gp, 1192(t5)
core   0: 3 0x8000eb5c (0x4a3f2423) mem 0x80010000 0x00000001
core   0: 0x8000eb60 (0x0000bfe5) c.j     pc - 8
core   0: 3 0x8000eb60 (0xbfe5)
core   0: 0x8000eb58 (0x00001f17) auipc   t5, 0x1
core   0: 3 0x8000eb58 (0x00001f17) x30 0x8000fb58
core   0: 0x8000eb5c (0x4a3f2423) sw      gp, 1192(t5)
core   0: 3 0x8000eb5c (0x4a3f2423) mem 0x80010000 0x00000001
core   0: 0x8000eb60 (0x0000bfe5) c.j     pc - 8
core   0: 3 0x8000eb60 (0xbfe5)
core   0: 0x8000eb58 (0x00001f17) auipc   t5, 0x1
core   0: 3 0x8000eb58 (0x00001f17) x30 0x8000fb58
core   0: 0x8000eb5c (0x4a3f2423) sw      gp, 1192(t5)
core   0: 3 0x8000eb5c (0x4a3f2423) mem 0x80010000 0x00000001
core   0: 0x8000eb60 (0x0000bfe5) c.j     pc - 8
core   0: 3 0x8000eb60 (0xbfe5)
core   0: 0x8000eb58 (0x00001f17) auipc   t5, 0x1
core   0: 3 0x8000eb58 (0x00001f17) x30 0x8000fb58
core   0: 0x8000eb5c (0x4a3f2423) sw      gp, 1192(t5)
core   0: 3 0x8000eb5c (0x4a3f2423) mem 0x80010000 0x00000001
core   0: 0x8000eb60 (0x0000bfe5) c.j     pc - 8
core   0: 3 0x8000eb60 (0xbfe5)
core   0: 0x8000eb58 (0x00001f17) auipc   t5, 0x1
core   0: 3 0x8000eb58 (0x00001f17) x30 0x8000fb58
core   0: 0x8000eb5c (0x4a3f2423) sw      gp, 1192(t5)
core   0: 3 0x8000eb5c (0x4a3f2423) mem 0x80010000 0x00000001
core   0: 0x8000eb60 (0x0000bfe5) c.j     pc - 8
core   0: 3 0x8000eb60 (0xbfe5)
core   0: 0x8000eb58 (0x00001f17) auipc   t5, 0x1
core   0: 3 0x8000eb58 (0x00001f17) x30 0x8000fb58
core   0: 0x8000eb5c (0x4a3f2423) sw      gp, 1192(t5)
core   0: 3 0x8000eb5c (0x4a3f2423) mem 0x80010000 0x00000001
core   0: 0x8000eb60 (0x0000bfe5) c.j     pc - 8
core   0: 3 0x8000eb60 (0xbfe5)
core   0: 0x8000eb58 (0x00001f17) auipc   t5, 0x1
core   0: 3 0x8000eb58 (0x00001f17) x30 0x8000fb58
core   0: 0x8000eb5c (0x4a3f2423) sw      gp, 1192(t5)
core   0: 3 0x8000eb5c (0x4a3f2423) mem 0x80010000 0x00000001
core   0: 0x8000eb60 (0x0000bfe5) c.j     pc - 8
core   0: 3 0x8000eb60 (0xbfe5)
core   0: 0x8000eb58 (0x00001f17) auipc   t5, 0x1
core   0: 3 0x8000eb58 (0x00001f17) x30 0x8000fb58
core   0: 0x8000eb5c (0x4a3f2423) sw      gp, 1192(t5)
core   0: 3 0x8000eb5c (0x4a3f2423) mem 0x80010000 0x00000001
core   0: 0x8000eb60 (0x0000bfe5) c.j     pc - 8
core   0: 3 0x8000eb60 (0xbfe5)
core   0: 0x8000eb58 (0x00001f17) auipc   t5, 0x1
core   0: 3 0x8000eb58 (0x00001f17) x30 0x8000fb58
core   0: 0x8000eb5c (0x4a3f2423) sw      gp, 1192(t5)
core   0: 3 0x8000eb5c (0x4a3f2423) mem 0x80010000 0x00000001
core   0: 0x8000eb60 (0x0000bfe5) c.j     pc - 8
core   0: 3 0x8000eb60 (0xbfe5)
core   0: 0x8000eb58 (0x00001f17) auipc   t5, 0x1
core   0: 3 0x8000eb58 (0x00001f17) x30 0x8000fb58
core   0: 0x8000eb5c (0x4a3f2423) sw      gp, 1192(t5)
core   0: 3 0x8000eb5c (0x4a3f2423) mem 0x80010000 0x00000001
core   0: 0x8000eb60 (0x0000bfe5) c.j     pc - 8
core   0: 3 0x8000eb60 (0xbfe5)
core   0: 0x8000eb58 (0x00001f17) auipc   t5, 0x1
core   0: 3 0x8000eb58 (0x00001f17) x30 0x8000fb58
core   0: 0x8000eb5c (0x4a3f2423) sw      gp, 1192(t5)
core   0: 3 0x8000eb5c (0x4a3f2423) mem 0x80010000 0x00000001
core   0: 0x8000eb60 (0x0000bfe5) c.j     pc - 8
core   0: 3 0x8000eb60 (0xbfe5)
core   0: 0x8000eb58 (0x00001f17) auipc   t5, 0x1
core   0: 3 0x8000eb58 (0x00001f17) x30 0x8000fb58
core   0: 0x8000eb5c (0x4a3f2423) sw      gp, 1192(t5)
core   0: 3 0x8000eb5c (0x4a3f2423) mem 0x80010000 0x00000001
core   0: 0x8000eb60 (0x0000bfe5) c.j     pc - 8
core   0: 3 0x8000eb60 (0xbfe5)
core   0: 0x8000eb58 (0x00001f17) auipc   t5, 0x1
core   0: 3 0x8000eb58 (0x00001f17) x30 0x8000fb58
core   0: 0x8000eb5c (0x4a3f2423) sw      gp, 1192(t5)
core   0: 3 0x8000eb5c (0x4a3f2423) mem 0x80010000 0x00000001
core   0: 0x8000eb60 (0x0000bfe5) c.j     pc - 8
core   0: 3 0x8000eb60 (0xbfe5)
core   0: 0x8000eb58 (0x00001f17) auipc   t5, 0x1
core   0: 3 0x8000eb58 (0x00001f17) x30 0x8000fb58
core   0: 0x8000eb5c (0x4a3f2423) sw      gp, 1192(t5)
core   0: 3 0x8000eb5c (0x4a3f2423) mem 0x80010000 0x00000001
core   0: 0x8000eb60 (0x0000bfe5) c.j     pc - 8
core   0: 3 0x8000eb60 (0xbfe5)
core   0: 0x8000eb58 (0x00001f17) auipc   t5, 0x1
core   0: 3 0x8000eb58 (0x00001f17) x30 0x8000fb58
core   0: 0x8000eb5c (0x4a3f2423) sw      gp, 1192(t5)
core   0: 3 0x8000eb5c (0x4a3f2423) mem 0x80010000 0x00000001
core   0: 0x8000eb60 (0x0000bfe5) c.j     pc - 8
core   0: 3 0x8000eb60 (0xbfe5)
core   0: 0x8000eb58 (0x00001f17) auipc   t5, 0x1
core   0: 3 0x8000eb58 (0x00001f17) x30 0x8000fb58
core   0: 0x8000eb5c (0x4a3f2423) sw      gp, 1192(t5)
core   0: 3 0x8000eb5c (0x4a3f2423) mem 0x80010000 0x00000001
core   0: 0x8000eb60 (0x0000bfe5) c.j     pc - 8
core   0: 3 0x8000eb60 (0xbfe5)
core   0: 0x8000eb58 (0x00001f17) auipc   t5, 0x1
core   0: 3 0x8000eb58 (0x00001f17) x30 0x8000fb58
core   0: 0x8000eb5c (0x4a3f2423) sw      gp, 1192(t5)
core   0: 3 0x8000eb5c (0x4a3f2423) mem 0x80010000 0x00000001
core   0: 0x8000eb60 (0x0000bfe5) c.j     pc - 8
core   0: 3 0x8000eb60 (0xbfe5)
core   0: 0x8000eb58 (0x00001f17) auipc   t5, 0x1
core   0: 3 0x8000eb58 (0x00001f17) x30 0x8000fb58
core   0: 0x8000eb5c (0x4a3f2423) sw      gp, 1192(t5)
core   0: 3 0x8000eb5c (0x4a3f2423) mem 0x80010000 0x00000001
core   0: 0x8000eb60 (0x0000bfe5) c.j     pc - 8
core   0: 3 0x8000eb60 (0xbfe5)
core   0: 0x8000eb58 (0x00001f17) auipc   t5, 0x1
core   0: 3 0x8000eb58 (0x00001f17) x30 0x8000fb58
core   0: 0x8000eb5c (0x4a3f2423) sw      gp, 1192(t5)
core   0: 3 0x8000eb5c (0x4a3f2423) mem 0x80010000 0x00000001
core   0: 0x8000eb60 (0x0000bfe5) c.j     pc - 8
core   0: 3 0x8000eb60 (0xbfe5)
core   0: 0x8000eb58 (0x00001f17) auipc   t5, 0x1
core   0: 3 0x8000eb58 (0x00001f17) x30 0x8000fb58
core   0: 0x8000eb5c (0x4a3f2423) sw      gp, 1192(t5)
core   0: 3 0x8000eb5c (0x4a3f2423) mem 0x80010000 0x00000001
core   0: 0x8000eb60 (0x0000bfe5) c.j     pc - 8
core   0: 3 0x8000eb60 (0xbfe5)
core   0: 0x8000eb58 (0x00001f17) auipc   t5, 0x1
core   0: 3 0x8000eb58 (0x00001f17) x30 0x8000fb58
core   0: 0x8000eb5c (0x4a3f2423) sw      gp, 1192(t5)
core   0: 3 0x8000eb5c (0x4a3f2423) mem 0x80010000 0x00000001
core   0: 0x8000eb60 (0x0000bfe5) c.j     pc - 8
core   0: 3 0x8000eb60 (0xbfe5)
core   0: 0x8000eb58 (0x00001f17) auipc   t5, 0x1
core   0: 3 0x8000eb58 (0x00001f17) x30 0x8000fb58
core   0: 0x8000eb5c (0x4a3f2423) sw      gp, 1192(t5)
core   0: 3 0x8000eb5c (0x4a3f2423) mem 0x80010000 0x00000001
core   0: 0x8000eb60 (0x0000bfe5) c.j     pc - 8
core   0: 3 0x8000eb60 (0xbfe5)
core   0: 0x8000eb58 (0x00001f17) auipc   t5, 0x1
core   0: 3 0x8000eb58 (0x00001f17) x30 0x8000fb58
core   0: 0x8000eb5c (0x4a3f2423) sw      gp, 1192(t5)
core   0: 3 0x8000eb5c (0x4a3f2423) mem 0x80010000 0x00000001
core   0: 0x8000eb60 (0x0000bfe5) c.j     pc - 8
core   0: 3 0x8000eb60 (0xbfe5)
core   0: 0x8000eb58 (0x00001f17) auipc   t5, 0x1
core   0: 3 0x8000eb58 (0x00001f17) x30 0x8000fb58
core   0: 0x8000eb5c (0x4a3f2423) sw      gp, 1192(t5)
core   0: 3 0x8000eb5c (0x4a3f2423) mem 0x80010000 0x00000001
core   0: 0x8000eb60 (0x0000bfe5) c.j     pc - 8
core   0: 3 0x8000eb60 (0xbfe5)
core   0: 0x8000eb58 (0x00001f17) auipc   t5, 0x1
core   0: 3 0x8000eb58 (0x00001f17) x30 0x8000fb58
core   0: 0x8000eb5c (0x4a3f2423) sw      gp, 1192(t5)
core   0: 3 0x8000eb5c (0x4a3f2423) mem 0x80010000 0x00000001
core   0: 0x8000eb60 (0x0000bfe5) c.j     pc - 8
core   0: 3 0x8000eb60 (0xbfe5)
core   0: 0x8000eb58 (0x00001f17) auipc   t5, 0x1
core   0: 3 0x8000eb58 (0x00001f17) x30 0x8000fb58
core   0: 0x8000eb5c (0x4a3f2423) sw      gp, 1192(t5)
core   0: 3 0x8000eb5c (0x4a3f2423) mem 0x80010000 0x00000001
core   0: 0x8000eb60 (0x0000bfe5) c.j     pc - 8
core   0: 3 0x8000eb60 (0xbfe5)
core   0: 0x8000eb58 (0x00001f17) auipc   t5, 0x1
core   0: 3 0x8000eb58 (0x00001f17) x30 0x8000fb58
core   0: 0x8000eb5c (0x4a3f2423) sw      gp, 1192(t5)
core   0: 3 0x8000eb5c (0x4a3f2423) mem 0x80010000 0x00000001
core   0: 0x8000eb60 (0x0000bfe5) c.j     pc - 8
core   0: 3 0x8000eb60 (0xbfe5)
core   0: 0x8000eb58 (0x00001f17) auipc   t5, 0x1
core   0: 3 0x8000eb58 (0x00001f17) x30 0x8000fb58
core   0: 0x8000eb5c (0x4a3f2423) sw      gp, 1192(t5)
core   0: 3 0x8000eb5c (0x4a3f2423) mem 0x80010000 0x00000001
core   0: 0x8000eb60 (0x0000bfe5) c.j     pc - 8
core   0: 3 0x8000eb60 (0xbfe5)
core   0: 0x8000eb58 (0x00001f17) auipc   t5, 0x1
core   0: 3 0x8000eb58 (0x00001f17) x30 0x8000fb58
core   0: 0x8000eb5c (0x4a3f2423) sw      gp, 1192(t5)
core   0: 3 0x8000eb5c (0x4a3f2423) mem 0x80010000 0x00000001
core   0: 0x8000eb60 (0x0000bfe5) c.j     pc - 8
core   0: 3 0x8000eb60 (0xbfe5)
core   0: 0x8000eb58 (0x00001f17) auipc   t5, 0x1
core   0: 3 0x8000eb58 (0x00001f17) x30 0x8000fb58
core   0: 0x8000eb5c (0x4a3f2423) sw      gp, 1192(t5)
core   0: 3 0x8000eb5c (0x4a3f2423) mem 0x80010000 0x00000001
core   0: 0x8000eb60 (0x0000bfe5) c.j     pc - 8
core   0: 3 0x8000eb60 (0xbfe5)
core   0: 0x8000eb58 (0x00001f17) auipc   t5, 0x1
core   0: 3 0x8000eb58 (0x00001f17) x30 0x8000fb58
core   0: 0x8000eb5c (0x4a3f2423) sw      gp, 1192(t5)
core   0: 3 0x8000eb5c (0x4a3f2423) mem 0x80010000 0x00000001
core   0: 0x8000eb60 (0x0000bfe5) c.j     pc - 8
core   0: 3 0x8000eb60 (0xbfe5)
core   0: 0x8000eb58 (0x00001f17) auipc   t5, 0x1
core   0: 3 0x8000eb58 (0x00001f17) x30 0x8000fb58
core   0: 0x8000eb5c (0x4a3f2423) sw      gp, 1192(t5)
core   0: 3 0x8000eb5c (0x4a3f2423) mem 0x80010000 0x00000001
core   0: 0x8000eb60 (0x0000bfe5) c.j     pc - 8
core   0: 3 0x8000eb60 (0xbfe5)
core   0: 0x8000eb58 (0x00001f17) auipc   t5, 0x1
core   0: 3 0x8000eb58 (0x00001f17) x30 0x8000fb58
core   0: 0x8000eb5c (0x4a3f2423) sw      gp, 1192(t5)
core   0: 3 0x8000eb5c (0x4a3f2423) mem 0x80010000 0x00000001
core   0: 0x8000eb60 (0x0000bfe5) c.j     pc - 8
core   0: 3 0x8000eb60 (0xbfe5)
core   0: 0x8000eb58 (0x00001f17) auipc   t5, 0x1
core   0: 3 0x8000eb58 (0x00001f17) x30 0x8000fb58
core   0: 0x8000eb5c (0x4a3f2423) sw      gp, 1192(t5)
core   0: 3 0x8000eb5c (0x4a3f2423) mem 0x80010000 0x00000001
core   0: 0x8000eb60 (0x0000bfe5) c.j     pc - 8
core   0: 3 0x8000eb60 (0xbfe5)
core   0: 0x8000eb58 (0x00001f17) auipc   t5, 0x1
core   0: 3 0x8000eb58 (0x00001f17) x30 0x8000fb58
core   0: 0x8000eb5c (0x4a3f2423) sw      gp, 1192(t5)
core   0: 3 0x8000eb5c (0x4a3f2423) mem 0x80010000 0x00000001
core   0: 0x8000eb60 (0x0000bfe5) c.j     pc - 8
core   0: 3 0x8000eb60 (0xbfe5)
core   0: 0x8000eb58 (0x00001f17) auipc   t5, 0x1
core   0: 3 0x8000eb58 (0x00001f17) x30 0x8000fb58
core   0: 0x8000eb5c (0x4a3f2423) sw      gp, 1192(t5)
core   0: 3 0x8000eb5c (0x4a3f2423) mem 0x80010000 0x00000001
core   0: 0x8000eb60 (0x0000bfe5) c.j     pc - 8
core   0: 3 0x8000eb60 (0xbfe5)
core   0: 0x8000eb58 (0x00001f17) auipc   t5, 0x1
core   0: 3 0x8000eb58 (0x00001f17) x30 0x8000fb58
core   0: 0x8000eb5c (0x4a3f2423) sw      gp, 1192(t5)
core   0: 3 0x8000eb5c (0x4a3f2423) mem 0x80010000 0x00000001
core   0: 0x8000eb60 (0x0000bfe5) c.j     pc - 8
core   0: 3 0x8000eb60 (0xbfe5)
core   0: 0x8000eb58 (0x00001f17) auipc   t5, 0x1
core   0: 3 0x8000eb58 (0x00001f17) x30 0x8000fb58
core   0: 0x8000eb5c (0x4a3f2423) sw      gp, 1192(t5)
core   0: 3 0x8000eb5c (0x4a3f2423) mem 0x80010000 0x00000001
core   0: 0x8000eb60 (0x0000bfe5) c.j     pc - 8
core   0: 3 0x8000eb60 (0xbfe5)
core   0: 0x8000eb58 (0x00001f17) auipc   t5, 0x1
core   0: 3 0x8000eb58 (0x00001f17) x30 0x8000fb58
core   0: 0x8000eb5c (0x4a3f2423) sw      gp, 1192(t5)
core   0: 3 0x8000eb5c (0x4a3f2423) mem 0x80010000 0x00000001
core   0: 0x8000eb60 (0x0000bfe5) c.j     pc - 8
core   0: 3 0x8000eb60 (0xbfe5)
core   0: 0x8000eb58 (0x00001f17) auipc   t5, 0x1
core   0: 3 0x8000eb58 (0x00001f17) x30 0x8000fb58
core   0: 0x8000eb5c (0x4a3f2423) sw      gp, 1192(t5)
core   0: 3 0x8000eb5c (0x4a3f2423) mem 0x80010000 0x00000001
core   0: 0x8000eb60 (0x0000bfe5) c.j     pc - 8
core   0: 3 0x8000eb60 (0xbfe5)
core   0: 0x8000eb58 (0x00001f17) auipc   t5, 0x1
core   0: 3 0x8000eb58 (0x00001f17) x30 0x8000fb58
core   0: 0x8000eb5c (0x4a3f2423) sw      gp, 1192(t5)
core   0: 3 0x8000eb5c (0x4a3f2423) mem 0x80010000 0x00000001
core   0: 0x8000eb60 (0x0000bfe5) c.j     pc - 8
core   0: 3 0x8000eb60 (0xbfe5)
core   0: 0x8000eb58 (0x00001f17) auipc   t5, 0x1
core   0: 3 0x8000eb58 (0x00001f17) x30 0x8000fb58
core   0: 0x8000eb5c (0x4a3f2423) sw      gp, 1192(t5)
core   0: 3 0x8000eb5c (0x4a3f2423) mem 0x80010000 0x00000001
core   0: 0x8000eb60 (0x0000bfe5) c.j     pc - 8
core   0: 3 0x8000eb60 (0xbfe5)
core   0: 0x8000eb58 (0x00001f17) auipc   t5, 0x1
core   0: 3 0x8000eb58 (0x00001f17) x30 0x8000fb58
core   0: 0x8000eb5c (0x4a3f2423) sw      gp, 1192(t5)
core   0: 3 0x8000eb5c (0x4a3f2423) mem 0x80010000 0x00000001
core   0: 0x8000eb60 (0x0000bfe5) c.j     pc - 8
core   0: 3 0x8000eb60 (0xbfe5)
core   0: 0x8000eb58 (0x00001f17) auipc   t5, 0x1
core   0: 3 0x8000eb58 (0x00001f17) x30 0x8000fb58
core   0: 0x8000eb5c (0x4a3f2423) sw      gp, 1192(t5)
core   0: 3 0x8000eb5c (0x4a3f2423) mem 0x80010000 0x00000001
core   0: 0x8000eb60 (0x0000bfe5) c.j     pc - 8
core   0: 3 0x8000eb60 (0xbfe5)
core   0: 0x8000eb58 (0x00001f17) auipc   t5, 0x1
core   0: 3 0x8000eb58 (0x00001f17) x30 0x8000fb58
core   0: 0x8000eb5c (0x4a3f2423) sw      gp, 1192(t5)
core   0: 3 0x8000eb5c (0x4a3f2423) mem 0x80010000 0x00000001
core   0: 0x8000eb60 (0x0000bfe5) c.j     pc - 8
core   0: 3 0x8000eb60 (0xbfe5)
core   0: 0x8000eb58 (0x00001f17) auipc   t5, 0x1
core   0: 3 0x8000eb58 (0x00001f17) x30 0x8000fb58
core   0: 0x8000eb5c (0x4a3f2423) sw      gp, 1192(t5)
core   0: 3 0x8000eb5c (0x4a3f2423) mem 0x80010000 0x00000001
core   0: 0x8000eb60 (0x0000bfe5) c.j     pc - 8
core   0: 3 0x8000eb60 (0xbfe5)
core   0: 0x8000eb58 (0x00001f17) auipc   t5, 0x1
core   0: 3 0x8000eb58 (0x00001f17) x30 0x8000fb58
core   0: 0x8000eb5c (0x4a3f2423) sw      gp, 1192(t5)
core   0: 3 0x8000eb5c (0x4a3f2423) mem 0x80010000 0x00000001
core   0: 0x8000eb60 (0x0000bfe5) c.j     pc - 8
core   0: 3 0x8000eb60 (0xbfe5)
core   0: 0x8000eb58 (0x00001f17) auipc   t5, 0x1
core   0: 3 0x8000eb58 (0x00001f17) x30 0x8000fb58
core   0: 0x8000eb5c (0x4a3f2423) sw      gp, 1192(t5)
core   0: 3 0x8000eb5c (0x4a3f2423) mem 0x80010000 0x00000001
core   0: 0x8000eb60 (0x0000bfe5) c.j     pc - 8
core   0: 3 0x8000eb60 (0xbfe5)
core   0: 0x8000eb58 (0x00001f17) auipc   t5, 0x1
core   0: 3 0x8000eb58 (0x00001f17) x30 0x8000fb58
core   0: 0x8000eb5c (0x4a3f2423) sw      gp, 1192(t5)
core   0: 3 0x8000eb5c (0x4a3f2423) mem 0x80010000 0x00000001
core   0: 0x8000eb60 (0x0000bfe5) c.j     pc - 8
core   0: 3 0x8000eb60 (0xbfe5)
core   0: 0x8000eb58 (0x00001f17) auipc   t5, 0x1
core   0: 3 0x8000eb58 (0x00001f17) x30 0x8000fb58
core   0: 0x8000eb5c (0x4a3f2423) sw      gp, 1192(t5)
core   0: 3 0x8000eb5c (0x4a3f2423) mem 0x80010000 0x00000001
core   0: 0x8000eb60 (0x0000bfe5) c.j     pc - 8
core   0: 3 0x8000eb60 (0xbfe5)
core   0: 0x8000eb58 (0x00001f17) auipc   t5, 0x1
core   0: 3 0x8000eb58 (0x00001f17) x30 0x8000fb58
core   0: 0x8000eb5c (0x4a3f2423) sw      gp, 1192(t5)
core   0: 3 0x8000eb5c (0x4a3f2423) mem 0x80010000 0x00000001
core   0: 0x8000eb60 (0x0000bfe5) c.j     pc - 8
core   0: 3 0x8000eb60 (0xbfe5)
core   0: 0x8000eb58 (0x00001f17) auipc   t5, 0x1
core   0: 3 0x8000eb58 (0x00001f17) x30 0x8000fb58
core   0: 0x8000eb5c (0x4a3f2423) sw      gp, 1192(t5)
core   0: 3 0x8000eb5c (0x4a3f2423) mem 0x80010000 0x00000001
core   0: 0x8000eb60 (0x0000bfe5) c.j     pc - 8
core   0: 3 0x8000eb60 (0xbfe5)
core   0: 0x8000eb58 (0x00001f17) auipc   t5, 0x1
core   0: 3 0x8000eb58 (0x00001f17) x30 0x8000fb58
core   0: 0x8000eb5c (0x4a3f2423) sw      gp, 1192(t5)
core   0: 3 0x8000eb5c (0x4a3f2423) mem 0x80010000 0x00000001
core   0: 0x8000eb60 (0x0000bfe5) c.j     pc - 8
core   0: 3 0x8000eb60 (0xbfe5)
core   0: 0x8000eb58 (0x00001f17) auipc   t5, 0x1
core   0: 3 0x8000eb58 (0x00001f17) x30 0x8000fb58
core   0: 0x8000eb5c (0x4a3f2423) sw      gp, 1192(t5)
core   0: 3 0x8000eb5c (0x4a3f2423) mem 0x80010000 0x00000001
core   0: 0x8000eb60 (0x0000bfe5) c.j     pc - 8
core   0: 3 0x8000eb60 (0xbfe5)
core   0: 0x8000eb58 (0x00001f17) auipc   t5, 0x1
core   0: 3 0x8000eb58 (0x00001f17) x30 0x8000fb58
core   0: 0x8000eb5c (0x4a3f2423) sw      gp, 1192(t5)
core   0: 3 0x8000eb5c (0x4a3f2423) mem 0x80010000 0x00000001
core   0: 0x8000eb60 (0x0000bfe5) c.j     pc - 8
core   0: 3 0x8000eb60 (0xbfe5)
core   0: 0x8000eb58 (0x00001f17) auipc   t5, 0x1
core   0: 3 0x8000eb58 (0x00001f17) x30 0x8000fb58
core   0: 0x8000eb5c (0x4a3f2423) sw      gp, 1192(t5)
core   0: 3 0x8000eb5c (0x4a3f2423) mem 0x80010000 0x00000001
core   0: 0x8000eb60 (0x0000bfe5) c.j     pc - 8
core   0: 3 0x8000eb60 (0xbfe5)
core   0: 0x8000eb58 (0x00001f17) auipc   t5, 0x1
core   0: 3 0x8000eb58 (0x00001f17) x30 0x8000fb58
core   0: 0x8000eb5c (0x4a3f2423) sw      gp, 1192(t5)
core   0: 3 0x8000eb5c (0x4a3f2423) mem 0x80010000 0x00000001
core   0: 0x8000eb60 (0x0000bfe5) c.j     pc - 8
core   0: 3 0x8000eb60 (0xbfe5)
core   0: 0x8000eb58 (0x00001f17) auipc   t5, 0x1
core   0: 3 0x8000eb58 (0x00001f17) x30 0x8000fb58
core   0: 0x8000eb5c (0x4a3f2423) sw      gp, 1192(t5)
core   0: 3 0x8000eb5c (0x4a3f2423) mem 0x80010000 0x00000001
core   0: 0x8000eb60 (0x0000bfe5) c.j     pc - 8
core   0: 3 0x8000eb60 (0xbfe5)
core   0: 0x8000eb58 (0x00001f17) auipc   t5, 0x1
core   0: 3 0x8000eb58 (0x00001f17) x30 0x8000fb58
core   0: 0x8000eb5c (0x4a3f2423) sw      gp, 1192(t5)
core   0: 3 0x8000eb5c (0x4a3f2423) mem 0x80010000 0x00000001
core   0: 0x8000eb60 (0x0000bfe5) c.j     pc - 8
core   0: 3 0x8000eb60 (0xbfe5)
core   0: 0x8000eb58 (0x00001f17) auipc   t5, 0x1
core   0: 3 0x8000eb58 (0x00001f17) x30 0x8000fb58
core   0: 0x8000eb5c (0x4a3f2423) sw      gp, 1192(t5)
core   0: 3 0x8000eb5c (0x4a3f2423) mem 0x80010000 0x00000001
core   0: 0x8000eb60 (0x0000bfe5) c.j     pc - 8
core   0: 3 0x8000eb60 (0xbfe5)
core   0: 0x8000eb58 (0x00001f17) auipc   t5, 0x1
core   0: 3 0x8000eb58 (0x00001f17) x30 0x8000fb58
core   0: 0x8000eb5c (0x4a3f2423) sw      gp, 1192(t5)
core   0: 3 0x8000eb5c (0x4a3f2423) mem 0x80010000 0x00000001
core   0: 0x8000eb60 (0x0000bfe5) c.j     pc - 8
core   0: 3 0x8000eb60 (0xbfe5)
core   0: 0x8000eb58 (0x00001f17) auipc   t5, 0x1
core   0: 3 0x8000eb58 (0x00001f17) x30 0x8000fb58
core   0: 0x8000eb5c (0x4a3f2423) sw      gp, 1192(t5)
core   0: 3 0x8000eb5c (0x4a3f2423) mem 0x80010000 0x00000001
core   0: 0x8000eb60 (0x0000bfe5) c.j     pc - 8
core   0: 3 0x8000eb60 (0xbfe5)
core   0: 0x8000eb58 (0x00001f17) auipc   t5, 0x1
core   0: 3 0x8000eb58 (0x00001f17) x30 0x8000fb58
core   0: 0x8000eb5c (0x4a3f2423) sw      gp, 1192(t5)
core   0: 3 0x8000eb5c (0x4a3f2423) mem 0x80010000 0x00000001
core   0: 0x8000eb60 (0x0000bfe5) c.j     pc - 8
core   0: 3 0x8000eb60 (0xbfe5)
core   0: 0x8000eb58 (0x00001f17) auipc   t5, 0x1
core   0: 3 0x8000eb58 (0x00001f17) x30 0x8000fb58
core   0: 0x8000eb5c (0x4a3f2423) sw      gp, 1192(t5)
core   0: 3 0x8000eb5c (0x4a3f2423) mem 0x80010000 0x00000001
core   0: 0x8000eb60 (0x0000bfe5) c.j     pc - 8
core   0: 3 0x8000eb60 (0xbfe5)
core   0: 0x8000eb58 (0x00001f17) auipc   t5, 0x1
core   0: 3 0x8000eb58 (0x00001f17) x30 0x8000fb58
core   0: 0x8000eb5c (0x4a3f2423) sw      gp, 1192(t5)
core   0: 3 0x8000eb5c (0x4a3f2423) mem 0x80010000 0x00000001
core   0: 0x8000eb60 (0x0000bfe5) c.j     pc - 8
core   0: 3 0x8000eb60 (0xbfe5)
core   0: 0x8000eb58 (0x00001f17) auipc   t5, 0x1
core   0: 3 0x8000eb58 (0x00001f17) x30 0x8000fb58
core   0: 0x8000eb5c (0x4a3f2423) sw      gp, 1192(t5)
core   0: 3 0x8000eb5c (0x4a3f2423) mem 0x80010000 0x00000001
core   0: 0x8000eb60 (0x0000bfe5) c.j     pc - 8
core   0: 3 0x8000eb60 (0xbfe5)
core   0: 0x8000eb58 (0x00001f17) auipc   t5, 0x1
core   0: 3 0x8000eb58 (0x00001f17) x30 0x8000fb58
core   0: 0x8000eb5c (0x4a3f2423) sw      gp, 1192(t5)
core   0: 3 0x8000eb5c (0x4a3f2423) mem 0x80010000 0x00000001
core   0: 0x8000eb60 (0x0000bfe5) c.j     pc - 8
core   0: 3 0x8000eb60 (0xbfe5)
core   0: 0x8000eb58 (0x00001f17) auipc   t5, 0x1
core   0: 3 0x8000eb58 (0x00001f17) x30 0x8000fb58
core   0: 0x8000eb5c (0x4a3f2423) sw      gp, 1192(t5)
core   0: 3 0x8000eb5c (0x4a3f2423) mem 0x80010000 0x00000001
core   0: 0x8000eb60 (0x0000bfe5) c.j     pc - 8
core   0: 3 0x8000eb60 (0xbfe5)
core   0: 0x8000eb58 (0x00001f17) auipc   t5, 0x1
core   0: 3 0x8000eb58 (0x00001f17) x30 0x8000fb58
core   0: 0x8000eb5c (0x4a3f2423) sw      gp, 1192(t5)
core   0: 3 0x8000eb5c (0x4a3f2423) mem 0x80010000 0x00000001
core   0: 0x8000eb60 (0x0000bfe5) c.j     pc - 8
core   0: 3 0x8000eb60 (0xbfe5)
core   0: 0x8000eb58 (0x00001f17) auipc   t5, 0x1
core   0: 3 0x8000eb58 (0x00001f17) x30 0x8000fb58
core   0: 0x8000eb5c (0x4a3f2423) sw      gp, 1192(t5)
core   0: 3 0x8000eb5c (0x4a3f2423) mem 0x80010000 0x00000001
core   0: 0x8000eb60 (0x0000bfe5) c.j     pc - 8
core   0: 3 0x8000eb60 (0xbfe5)
core   0: 0x8000eb58 (0x00001f17) auipc   t5, 0x1
core   0: 3 0x8000eb58 (0x00001f17) x30 0x8000fb58
core   0: 0x8000eb5c (0x4a3f2423) sw      gp, 1192(t5)
core   0: 3 0x8000eb5c (0x4a3f2423) mem 0x80010000 0x00000001
core   0: 0x8000eb60 (0x0000bfe5) c.j     pc - 8
core   0: 3 0x8000eb60 (0xbfe5)
core   0: 0x8000eb58 (0x00001f17) auipc   t5, 0x1
core   0: 3 0x8000eb58 (0x00001f17) x30 0x8000fb58
core   0: 0x8000eb5c (0x4a3f2423) sw      gp, 1192(t5)
core   0: 3 0x8000eb5c (0x4a3f2423) mem 0x80010000 0x00000001
core   0: 0x8000eb60 (0x0000bfe5) c.j     pc - 8
core   0: 3 0x8000eb60 (0xbfe5)
core   0: 0x8000eb58 (0x00001f17) auipc   t5, 0x1
core   0: 3 0x8000eb58 (0x00001f17) x30 0x8000fb58
core   0: 0x8000eb5c (0x4a3f2423) sw      gp, 1192(t5)
core   0: 3 0x8000eb5c (0x4a3f2423) mem 0x80010000 0x00000001
core   0: 0x8000eb60 (0x0000bfe5) c.j     pc - 8
core   0: 3 0x8000eb60 (0xbfe5)
core   0: 0x8000eb58 (0x00001f17) auipc   t5, 0x1
core   0: 3 0x8000eb58 (0x00001f17) x30 0x8000fb58
core   0: 0x8000eb5c (0x4a3f2423) sw      gp, 1192(t5)
core   0: 3 0x8000eb5c (0x4a3f2423) mem 0x80010000 0x00000001
core   0: 0x8000eb60 (0x0000bfe5) c.j     pc - 8
core   0: 3 0x8000eb60 (0xbfe5)
core   0: 0x8000eb58 (0x00001f17) auipc   t5, 0x1
core   0: 3 0x8000eb58 (0x00001f17) x30 0x8000fb58
core   0: 0x8000eb5c (0x4a3f2423) sw      gp, 1192(t5)
core   0: 3 0x8000eb5c (0x4a3f2423) mem 0x80010000 0x00000001
core   0: 0x8000eb60 (0x0000bfe5) c.j     pc - 8
core   0: 3 0x8000eb60 (0xbfe5)
core   0: 0x8000eb58 (0x00001f17) auipc   t5, 0x1
core   0: 3 0x8000eb58 (0x00001f17) x30 0x8000fb58
core   0: 0x8000eb5c (0x4a3f2423) sw      gp, 1192(t5)
core   0: 3 0x8000eb5c (0x4a3f2423) mem 0x80010000 0x00000001
