core   0: 0x00001000 (0x00000297) auipc   t0, 0x0
core   0: 3 0x00001000 (0x00000297) x 5 0x00001000
core   0: 0x00001004 (0x02028593) addi    a1, t0, 32
core   0: 3 0x00001004 (0x02028593) x11 0x00001020
core   0: 0x00001008 (0xf1402573) csrr    a0, mhartid
core   0: 3 0x00001008 (0xf1402573) x10 0x00000000
core   0: 0x0000100c (0x0182a283) lw      t0, 24(t0)
core   0: 3 0x0000100c (0x0182a283) x 5 0x80000000 mem 0x00001018
core   0: 0x00001010 (0x00028067) jr      t0
core   0: 3 0x00001010 (0x00028067)
core   0: 0x80000000 (0xf14022f3) csrr    t0, mhartid
core   0: 3 0x80000000 (0xf14022f3) x 5 0x00000000
core   0: 0x80000004 (0x00004301) c.li    t1, 0
core   0: 3 0x80000004 (0x4301) x 6 0x00000000
core   0: 0x80000006 (0x00628263) beq     t0, t1, pc + 4
core   0: 3 0x80000006 (0x00628263)
core   0: 0x8000000a (0x00000597) auipc   a1, 0x0
core   0: 3 0x8000000a (0x00000597) x11 0x8000000a
core   0: 0x8000000e (0x00c58593) addi    a1, a1, 12
core   0: 3 0x8000000e (0x00c58593) x11 0x80000016
core   0: 0x80000012 (0x00058067) jr      a1
core   0: 3 0x80000012 (0x00058067)
core   0: 0x80000016 (0x40001937) lui     s2, 0x40001
core   0: 3 0x80000016 (0x40001937) x18 0x40001000
core   0: 0x8000001a (0x10490913) addi    s2, s2, 260
core   0: 3 0x8000001a (0x10490913) x18 0x40001104
core   0: 0x8000001e (0x30191073) csrw    misa, s2
core   0: 3 0x8000001e (0x30191073) c769_misa 0x40141104
core   0: 0x80000022 (0x0002a117) auipc   sp, 0x2a
core   0: 3 0x80000022 (0x0002a117) x 2 0x8002a022
core   0: 0x80000026 (0xcc210113) addi    sp, sp, -830
core   0: 3 0x80000026 (0xcc210113) x 2 0x80029ce4
core   0: 0x8000002a (0x0000f917) auipc   s2, 0xf
core   0: 3 0x8000002a (0x0000f917) x18 0x8000f02a
core   0: 0x8000002e (0xc2a90913) addi    s2, s2, -982
core   0: 3 0x8000002e (0xc2a90913) x18 0x8000ec54
core   0: 0x80000032 (0x00096913) ori     s2, s2, 0
core   0: 3 0x80000032 (0x00096913) x18 0x8000ec54
core   0: 0x80000036 (0x30591073) csrw    mtvec, s2
core   0: 3 0x80000036 (0x30591073) c773_mtvec 0x8000ec54
core   0: 0x8000003a (0x00000917) auipc   s2, 0x0
core   0: 3 0x8000003a (0x00000917) x18 0x8000003a
core   0: 0x8000003e (0x02490913) addi    s2, s2, 36
core   0: 3 0x8000003e (0x02490913) x18 0x8000005e
core   0: 0x80000042 (0x34191073) csrw    mepc, s2
core   0: 3 0x80000042 (0x34191073) c833_mepc 0x8000005e
core   0: 0x80000046 (0x00000001) c.nop
core   0: 3 0x80000046 (0x0001)
core   0: 0x80000048 (0x00002937) lui     s2, 0x2
core   0: 3 0x80000048 (0x00002937) x18 0x00002000
core   0: 0x8000004c (0x80090913) addi    s2, s2, -2048
core   0: 3 0x8000004c (0x80090913) x18 0x00001800
core   0: 0x80000050 (0x30091073) csrw    mstatus, s2
core   0: 3 0x80000050 (0x30091073) c768_mstatus 0x00001800
core   0: 0x80000054 (0x00004901) c.li    s2, 0
core   0: 3 0x80000054 (0x4901) x18 0x00000000
core   0: 0x80000056 (0x30491073) csrw    mie, s2
core   0: 3 0x80000056 (0x30491073) c772_mie 0x00000000
core   0: 0x8000005a (0x30200073) mret
core   0: 3 0x8000005a (0x30200073) c768_mstatus 0x00000080
core   0: >>>>  init
core   0: 0x8000005e (0xf9f6d037) lui     zero, 0xf9f6d
core   0: 3 0x8000005e (0xf9f6d037)
core   0: 0x80000062 (0xed300013) li      zero, -301
core   0: 3 0x80000062 (0xed300013)
core   0: 0x80000066 (0x436bc0b7) lui     ra, 0x436bc
core   0: 3 0x80000066 (0x436bc0b7) x 1 0x436bc000
core   0: 0x8000006a (0xd9608093) addi    ra, ra, -618
core   0: 3 0x8000006a (0xd9608093) x 1 0x436bbd96
core   0: 0x8000006e (0x00004181) c.li    gp, 0
core   0: 3 0x8000006e (0x4181) x 3 0x00000000
core   0: 0x80000070 (0xf5a7b237) lui     tp, 0xf5a7b
core   0: 3 0x80000070 (0xf5a7b237) x 4 0xf5a7b000
core   0: 0x80000074 (0x08b20213) addi    tp, tp, 139
core   0: 3 0x80000074 (0x08b20213) x 4 0xf5a7b08b
core   0: 0x80000078 (0x800002b7) lui     t0, 0x80000
core   0: 3 0x80000078 (0x800002b7) x 5 0x80000000
core   0: 0x8000007c (0xfa44f337) lui     t1, 0xfa44f
core   0: 3 0x8000007c (0xfa44f337) x 6 0xfa44f000
core   0: 0x80000080 (0x23430313) addi    t1, t1, 564
core   0: 3 0x80000080 (0x23430313) x 6 0xfa44f234
core   0: 0x80000084 (0x800003b7) lui     t2, 0x80000
core   0: 3 0x80000084 (0x800003b7) x 7 0x80000000
core   0: 0x80000088 (0xf95e9437) lui     s0, 0xf95e9
core   0: 3 0x80000088 (0xf95e9437) x 8 0xf95e9000
core   0: 0x8000008c (0x81240413) addi    s0, s0, -2030
core   0: 3 0x8000008c (0x81240413) x 8 0xf95e8812
core   0: 0x80000090 (0x00004481) c.li    s1, 0
core   0: 3 0x80000090 (0x4481) x 9 0x00000000
core   0: 0x80000092 (0x80000537) lui     a0, 0x80000
core   0: 3 0x80000092 (0x80000537) x10 0x80000000
core   0: 0x80000096 (0x800005b7) lui     a1, 0x80000
core   0: 3 0x80000096 (0x800005b7) x11 0x80000000
core   0: 0x8000009a (0x00004601) c.li    a2, 0
core   0: 3 0x8000009a (0x4601) x12 0x00000000
core   0: 0x8000009c (0x800006b7) lui     a3, 0x80000
core   0: 3 0x8000009c (0x800006b7) x13 0x80000000
core   0: 0x800000a0 (0x00004701) c.li    a4, 0
core   0: 3 0x800000a0 (0x4701) x14 0x00000000
core   0: 0x800000a2 (0x000047b1) c.li    a5, 12
core   0: 3 0x800000a2 (0x47b1) x15 0x0000000c
core   0: 0x800000a4 (0x00004831) c.li    a6, 12
core   0: 3 0x800000a4 (0x4831) x16 0x0000000c
core   0: 0x800000a6 (0x64f928b7) lui     a7, 0x64f92
core   0: 3 0x800000a6 (0x64f928b7) x17 0x64f92000
core   0: 0x800000aa (0xdd988893) addi    a7, a7, -551
core   0: 3 0x800000aa (0xdd988893) x17 0x64f91dd9
core   0: 0x800000ae (0x00004919) c.li    s2, 6
core   0: 3 0x800000ae (0x4919) x18 0x00000006
core   0: 0x800000b0 (0xfcb239b7) lui     s3, 0xfcb23
core   0: 3 0x800000b0 (0xfcb239b7) x19 0xfcb23000
core   0: 0x800000b4 (0x0b998993) addi    s3, s3, 185
core   0: 3 0x800000b4 (0x0b998993) x19 0xfcb230b9
core   0: 0x800000b8 (0x00004a81) c.li    s5, 0
core   0: 3 0x800000b8 (0x4a81) x21 0x00000000
core   0: 0x800000ba (0xfbbecb37) lui     s6, 0xfbbec
core   0: 3 0x800000ba (0xfbbecb37) x22 0xfbbec000
core   0: 0x800000be (0xd77b0b13) addi    s6, s6, -649
core   0: 3 0x800000be (0xd77b0b13) x22 0xfbbebd77
core   0: 0x800000c2 (0xdd6bfbb7) lui     s7, 0xdd6bf
core   0: 3 0x800000c2 (0xdd6bfbb7) x23 0xdd6bf000
core   0: 0x800000c6 (0xecab8b93) addi    s7, s7, -310
core   0: 3 0x800000c6 (0xecab8b93) x23 0xdd6beeca
core   0: 0x800000ca (0xff1a3c37) lui     s8, 0xff1a3
core   0: 3 0x800000ca (0xff1a3c37) x24 0xff1a3000
core   0: 0x800000ce (0xcbec0c13) addi    s8, s8, -834
core   0: 3 0x800000ce (0xcbec0c13) x24 0xff1a2cbe
core   0: 0x800000d2 (0x00004c99) c.li    s9, 6
core   0: 3 0x800000d2 (0x4c99) x25 0x00000006
core   0: 0x800000d4 (0x80000d37) lui     s10, 0x80000
core   0: 3 0x800000d4 (0x80000d37) x26 0x80000000
core   0: 0x800000d8 (0x03b4adb7) lui     s11, 0x3b4a
core   0: 3 0x800000d8 (0x03b4adb7) x27 0x03b4a000
core   0: 0x800000dc (0x917d8d93) addi    s11, s11, -1769
core   0: 3 0x800000dc (0x917d8d93) x27 0x03b49917
core   0: 0x800000e0 (0x00004e01) c.li    t3, 0
core   0: 3 0x800000e0 (0x4e01) x28 0x00000000
core   0: 0x800000e2 (0x80000eb7) lui     t4, 0x80000
core   0: 3 0x800000e2 (0x80000eb7) x29 0x80000000
core   0: 0x800000e6 (0x00004f01) c.li    t5, 0
core   0: 3 0x800000e6 (0x4f01) x30 0x00000000
core   0: 0x800000e8 (0x80000fb7) lui     t6, 0x80000
core   0: 3 0x800000e8 (0x80000fb7) x31 0x80000000
core   0: 0x800000ec (0x00026a17) auipc   s4, 0x26
core   0: 3 0x800000ec (0x00026a17) x20 0x800260ec
core   0: 0x800000f0 (0xd78a0a13) addi    s4, s4, -648
core   0: 3 0x800000f0 (0xd78a0a13) x20 0x80025e64
core   0: 0x800000f4 (0x0001f217) auipc   tp, 0x1f
core   0: 3 0x800000f4 (0x0001f217) x 4 0x8001f0f4
core   0: 0x800000f8 (0xcf720213) addi    tp, tp, -777
core   0: 3 0x800000f8 (0xcf720213) x 4 0x8001edeb
core   0: 0x800000fc (0xf1125b03) lhu     s6, -239(tp)
core   0: 3 0x800000fc (0xf1125b03) x22 0x0000b6b7 mem 0x8001ecfc
core   0: 0x80000100 (0xfb022ca3) sw      a6, -71(tp)
core   0: 3 0x80000100 (0xfb022ca3) mem 0x8001eda4 0x0000000c
core   0: 0x80000104 (0x00000e32) c.slli  t3, 12
core   0: 3 0x80000104 (0x0e32) x28 0x00000000
core   0: 0x80000106 (0xfab21ca3) sh      a1, -71(tp)
core   0: 3 0x80000106 (0xfab21ca3) mem 0x8001eda4 0x0000
core   0: 0x8000010a (0xf2424683) lbu     a3, -220(tp)
core   0: 3 0x8000010a (0xf2424683) x13 0x000000c4 mem 0x8001ed0f
core   0: 0x8000010e (0xf1925603) lhu     a2, -231(tp)
core   0: 3 0x8000010e (0xf1925603) x12 0x0000bebf mem 0x8001ed04
core   0: 0x80000112 (0xf2320803) lb      a6, -221(tp)
core   0: 3 0x80000112 (0xf2320803) x16 0xffffffc5 mem 0x8001ed0e
core   0: 0x80000116 (0xf33211a3) sh      s3, -221(tp)
core   0: 3 0x80000116 (0xf33211a3) mem 0x8001ed0e 0x30b9
core   0: 0x8000011a (0x41685bb3) sra     s7, a6, s6
core   0: 3 0x8000011a (0x41685bb3) x23 0xffffffff
core   0: 0x8000011e (0x0000948e) c.add   s1, gp
core   0: 3 0x8000011e (0x948e) x 9 0x00000000
core   0: 0x80000120 (0xdc689917) auipc   s2, 0xdc689
core   0: 3 0x80000120 (0xdc689917) x18 0x5c689120
core   0: 0x80000124 (0x0e420403) lb      s0, 228(tp)
core   0: 3 0x80000124 (0x0e420403) x 8 0xffffff84 mem 0x8001eecf
core   0: 0x80000128 (0x0e420883) lb      a7, 228(tp)
core   0: 3 0x80000128 (0x0e420883) x17 0xffffff84 mem 0x8001eecf
core   0: 0x8000012c (0x0e420f03) lb      t5, 228(tp)
core   0: 3 0x8000012c (0x0e420f03) x30 0xffffff84 mem 0x8001eecf
core   0: 0x80000130 (0x00010a97) auipc   s5, 0x10
core   0: 3 0x80000130 (0x00010a97) x21 0x80010130
core   0: 0x80000134 (0x28aa8a93) addi    s5, s5, 650
core   0: 3 0x80000134 (0x28aa8a93) x21 0x800103ba
core   0: 0x80000138 (0x001dd633) srl     a2, s11, ra
core   0: 3 0x80000138 (0x001dd633) x12 0x0000000e
core   0: 0x8000013c (0xffeaa083) lw      ra, -2(s5)
core   0: 3 0x8000013c (0xffeaa083) x 1 0x70717273 mem 0x800103b8
core   0: 0x80000140 (0x408550b3) sra     ra, a0, s0
core   0: 3 0x80000140 (0x408550b3) x 1 0xf8000000
core   0: 0x80000144 (0x06ba8503) lb      a0, 107(s5)
core   0: 3 0x80000144 (0x06ba8503) x10 0xffffffde mem 0x80010425
core   0: 0x80000148 (0x0000825d) c.srli  a2, 23
core   0: 3 0x80000148 (0x825d) x12 0x00000000
core   0: 0x8000014a (0xf80a9623) sh      zero, -116(s5)
core   0: 3 0x8000014a (0xf80a9623) mem 0x80010346 0x0000
core   0: 0x8000014e (0x03b0a533) mulhsu  a0, ra, s11
core   0: 3 0x8000014e (0x03b0a533) x10 0xffe25b37
core   0: 0x80000152 (0xff3a8603) lb      a2, -13(s5)
core   0: 3 0x80000152 (0xff3a8603) x12 0x00000066 mem 0x800103ad
core   0: 0x80000156 (0x0000100f) fence.i
core   0: 3 0x80000156 (0x0000100f)
core   0: 0x8000015a (0x00008941) c.andi  a0, 16
core   0: 3 0x8000015a (0x8941) x10 0x00000010
core   0: 0x8000015c (0x0caa86a3) sb      a0, 205(s5)
core   0: 3 0x8000015c (0x0caa86a3) mem 0x80010487 0x10
core   0: 0x80000160 (0xf60a8f23) sb      zero, -130(s5)
core   0: 3 0x80000160 (0xf60a8f23) mem 0x80010338 0x0
core   0: 0x80000164 (0x0000997d) c.andi  a0, -1
core   0: 3 0x80000164 (0x997d) x10 0x00000010
core   0: 0x80000166 (0x06ea8603) lb      a2, 110(s5)
core   0: 3 0x80000166 (0x06ea8603) x12 0xffffffe3 mem 0x80010428
core   0: 0x8000016a (0xf3bac083) lbu     ra, -197(s5)
core   0: 3 0x8000016a (0xf3bac083) x 1 0x000000ae mem 0x800102f5
core   0: 0x8000016e (0xffcac003) lbu     zero, -4(s5)
core   0: 3 0x8000016e (0xffcac003) mem 0x800103b6
core   0: 0x80000172 (0xfe1acd83) lbu     s11, -31(s5)
core   0: 3 0x80000172 (0xfe1acd83) x27 0x00000050 mem 0x8001039b
core   0: 0x80000176 (0xfcca89a3) sb      a2, -45(s5)
core   0: 3 0x80000176 (0xfcca89a3) mem 0x8001038d 0xe3
core   0: 0x8000017a (0xf88a9123) sh      s0, -126(s5)
core   0: 3 0x8000017a (0xf88a9123) mem 0x8001033c 0xff84
core   0: 0x8000017e (0xbbe65437) lui     s0, 0xbbe65
core   0: 3 0x8000017e (0xbbe65437) x 8 0xbbe65000
core   0: 0x80000182 (0x044a9083) lh      ra, 68(s5)
core   0: 3 0x80000182 (0x044a9083) x 1 0xffffb4b5 mem 0x800103fe
core   0: 0x80000186 (0x08aaad83) lw      s11, 138(s5)
core   0: 3 0x80000186 (0x08aaad83) x27 0xfcfdfeff mem 0x80010444
core   0: 0x8000018a (0x034a8d83) lb      s11, 52(s5)
core   0: 3 0x8000018a (0x034a8d83) x27 0xffffffa5 mem 0x800103ee
core   0: 0x8000018e (0x01861013) slli    zero, a2, 24
core   0: 3 0x8000018e (0x01861013)
core   0: 0x80000192 (0x02a090b3) mulh    ra, ra, a0
core   0: 3 0x80000192 (0x02a090b3) x 1 0xffffffff
core   0: 0x80000196 (0xf68a86a3) sb      s0, -147(s5)
core   0: 3 0x80000196 (0xf68a86a3) mem 0x80010327 0x0
core   0: 0x8000019a (0xfd4ac083) lbu     ra, -44(s5)
core   0: 3 0x8000019a (0xfd4ac083) x 1 0x00000045 mem 0x8001038e
core   0: 0x8000019e (0x02c47db3) remu    s11, s0, a2
core   0: 3 0x8000019e (0x02c47db3) x27 0xbbe65000
core   0: 0x800001a2 (0xfc6ad083) lhu     ra, -58(s5)
core   0: 3 0x800001a2 (0xfc6ad083) x 1 0x00003a3b mem 0x80010380
core   0: 0x800001a6 (0x00c400b3) add     ra, s0, a2
core   0: 3 0x800001a6 (0x00c400b3) x 1 0xbbe64fe3
core   0: 0x800001aa (0x053a8003) lb      zero, 83(s5)
core   0: 3 0x800001aa (0x053a8003) mem 0x8001040d
core   0: 0x800001ae (0xfe8a80a3) sb      s0, -31(s5)
core   0: 3 0x800001ae (0xfe8a80a3) mem 0x8001039b 0x0
core   0: 0x800001b2 (0x00c06433) or      s0, zero, a2
core   0: 3 0x800001b2 (0x00c06433) x 8 0xffffffe3
core   0: 0x800001b6 (0xfffacd83) lbu     s11, -1(s5)
core   0: 3 0x800001b6 (0xfffacd83) x27 0x00000072 mem 0x800103b9
core   0: 0x800001ba (0x0f8ac603) lbu     a2, 248(s5)
core   0: 3 0x800001ba (0x0f8ac603) x12 0x00000069 mem 0x800104b2
core   0: 0x800001be (0x40055533) sra     a0, a0, zero
core   0: 3 0x800001be (0x40055533) x10 0x00000010
core   0: 0x800001c2 (0x0e9ac503) lbu     a0, 233(s5)
core   0: 3 0x800001c2 (0x0e9ac503) x10 0x00000058 mem 0x800104a3
core   0: 0x800001c6 (0x00500d93) li      s11, 5
core   0: 3 0x800001c6 (0x00500d93) x27 0x00000005
core   0: 0x800001ca (0x00000001) c.nop
core   0: 3 0x800001ca (0x0001)
core   0: 0x800001cc (0x03bda3b3) mulhsu  t2, s11, s11
core   0: 3 0x800001cc (0x03bda3b3) x 7 0x00000000
core   0: 0x800001d0 (0x00ead1b3) srl     gp, s5, a4
core   0: 3 0x800001d0 (0x00ead1b3) x 3 0x800103ba
core   0: 0x800001d4 (0x93be4293) xori    t0, t3, -1733
core   0: 3 0x800001d4 (0x93be4293) x 5 0xfffff93b
core   0: 0x800001d8 (0x02169633) mulh    a2, a3, ra
core   0: 3 0x800001d8 (0x02169633) x12 0xffffffcb
core   0: 0x800001dc (0x0000826d) c.srli  a2, 27
core   0: 3 0x800001dc (0x826d) x12 0x0000001f
core   0: 0x800001de (0x00565f33) srl     t5, a2, t0
core   0: 3 0x800001de (0x00565f33) x30 0x00000000
core   0: 0x800001e2 (0xba05f913) andi    s2, a1, -1120
core   0: 3 0x800001e2 (0xba05f913) x18 0x80000000
core   0: 0x800001e6 (0x001cecb3) or      s9, s9, ra
core   0: 3 0x800001e6 (0x001cecb3) x25 0xbbe64fe7
core   0: 0x800001ea (0x00f00993) li      s3, 15
core   0: 3 0x800001ea (0x00f00993) x19 0x0000000f
core   0: 0x800001ee (0x0000100f) fence.i
core   0: 3 0x800001ee (0x0000100f)
core   0: 0x800001f2 (0x00000001) c.nop
core   0: 3 0x800001f2 (0x0001)
core   0: 0x800001f4 (0x00020093) mv      ra, tp
core   0: 3 0x800001f4 (0x00020093) x 1 0x8001edeb
core   0: 0x800001f8 (0x00000da9) c.addi  s11, 10
core   0: 3 0x800001f8 (0x0da9) x27 0x0000000f
core   0: 0x800001fa (0x0ff0000f) fence   iorw,iorw
core   0: 3 0x800001fa (0x0ff0000f)
core   0: 0x800001fe (0xff3d8be3) beq     s11, s3, pc - 10
core   0: 3 0x800001fe (0xff3d8be3)
core   0: 0x800001f4 (0x00020093) mv      ra, tp
core   0: 3 0x800001f4 (0x00020093) x 1 0x8001edeb
core   0: 0x800001f8 (0x00000da9) c.addi  s11, 10
core   0: 3 0x800001f8 (0x0da9) x27 0x00000019
core   0: 0x800001fa (0x0ff0000f) fence   iorw,iorw
core   0: 3 0x800001fa (0x0ff0000f)
core   0: 0x800001fe (0xff3d8be3) beq     s11, s3, pc - 10
core   0: 3 0x800001fe (0xff3d8be3)
core   0: 0x80000202 (0x00101013) slli    zero, zero, 1
core   0: 3 0x80000202 (0x00101013)
core   0: 0x80000206 (0x00010f17) auipc   t5, 0x10
core   0: 3 0x80000206 (0x00010f17) x30 0x80010206
core   0: 0x8000020a (0x1a6f0f13) addi    t5, t5, 422
core   0: 3 0x8000020a (0x1a6f0f13) x30 0x800103ac
core   0: 0x8000020e (0xffdf4f83) lbu     t6, -3(t5)
core   0: 3 0x8000020e (0xffdf4f83) x31 0x00000062 mem 0x800103a9
core   0: 0x80000212 (0x000f2503) lw      a0, 0(t5)
core   0: 3 0x80000212 (0x000f2503) x10 0x64656667 mem 0x800103ac
core   0: 0x80000216 (0x000f0503) lb      a0, 0(t5)
core   0: 3 0x80000216 (0x000f0503) x10 0x00000067 mem 0x800103ac
core   0: 0x8000021a (0x03af3e33) mulhu   t3, t5, s10
core   0: 3 0x8000021a (0x03af3e33) x28 0x400081d6
core   0: 0x8000021e (0x002f5483) lhu     s1, 2(t5)
core   0: 3 0x8000021e (0x002f5483) x 9 0x00006465 mem 0x800103ae
core   0: 0x80000222 (0x00e24633) xor     a2, tp, a4
core   0: 3 0x80000222 (0x00e24633) x12 0x8001edeb
core   0: 0x80000226 (0x00008975) c.andi  a0, 29
core   0: 3 0x80000226 (0x8975) x10 0x00000005
core   0: 0x80000228 (0x002f4003) lbu     zero, 2(t5)
core   0: 3 0x80000228 (0x002f4003) mem 0x800103ae
core   0: 0x8000022c (0xfeaf0ea3) sb      a0, -3(t5)
core   0: 3 0x8000022c (0xfeaf0ea3) mem 0x800103a9 0x5
core   0: 0x80000230 (0x00bf1123) sh      a1, 2(t5)
core   0: 3 0x80000230 (0x00bf1123) mem 0x800103ae 0x0000
core   0: 0x80000234 (0x01ef1123) sh      t5, 2(t5)
core   0: 3 0x80000234 (0x01ef1123) mem 0x800103ae 0x03ac
core   0: 0x80000238 (0x006f4a83) lbu     s5, 6(t5)
core   0: 3 0x80000238 (0x006f4a83) x21 0x00000069 mem 0x800103b2
core   0: 0x8000023c (0x01ff0323) sb      t6, 6(t5)
core   0: 3 0x8000023c (0x01ff0323) mem 0x800103b2 0x62
core   0: 0x80000240 (0x006f0b83) lb      s7, 6(t5)
core   0: 3 0x80000240 (0x006f0b83) x23 0x00000062 mem 0x800103b2
core   0: 0x80000244 (0x01af02a3) sb      s10, 5(t5)
core   0: 3 0x80000244 (0x01af02a3) mem 0x800103b1 0x0
core   0: 0x80000248 (0x005f0083) lb      ra, 5(t5)
core   0: 3 0x80000248 (0x005f0083) x 1 0x00000000 mem 0x800103b1
core   0: 0x8000024c (0x003f4383) lbu     t2, 3(t5)
core   0: 3 0x8000024c (0x003f4383) x 7 0x00000003 mem 0x800103af
core   0: 0x80000250 (0x1b0f4e13) xori    t3, t5, 432
core   0: 3 0x80000250 (0x1b0f4e13) x28 0x8001021c
core   0: 0x80000254 (0xff3f0da3) sb      s3, -5(t5)
core   0: 3 0x80000254 (0xff3f0da3) mem 0x800103a7 0xf
core   0: 0x80000258 (0xffbf0f83) lb      t6, -5(t5)
core   0: 3 0x80000258 (0xffbf0f83) x31 0x0000000f mem 0x800103a7
core   0: 0x8000025c (0x001f4803) lbu     a6, 1(t5)
core   0: 3 0x8000025c (0x001f4803) x16 0x00000066 mem 0x800103ad
core   0: 0x80000260 (0xfe4f2e23) sw      tp, -4(t5)
core   0: 3 0x80000260 (0xfe4f2e23) mem 0x800103a8 0x8001edeb
core   0: 0x80000264 (0x0001f617) auipc   a2, 0x1f
core   0: 3 0x80000264 (0x0001f617) x12 0x8001f264
core   0: 0x80000268 (0xd4460613) addi    a2, a2, -700
core   0: 3 0x80000268 (0xd4460613) x12 0x8001efa8
core   0: 0x8000026c (0x353e7f93) andi    t6, t3, 851
core   0: 3 0x8000026c (0x353e7f93) x31 0x00000210
core   0: 0x80000270 (0x201604a3) sb      ra, 521(a2)
core   0: 3 0x80000270 (0x201604a3) mem 0x8001f1b1 0x0
core   0: 0x80000274 (0x005c9033) sll     zero, s9, t0
core   0: 3 0x80000274 (0x005c9033)
core   0: 0x80000278 (0x58e65e03) lhu     t3, 1422(a2)
core   0: 3 0x80000278 (0x58e65e03) x28 0x0000eced mem 0x8001f536
core   0: 0x8000027c (0x00009236) c.add   tp, a3
core   0: 3 0x8000027c (0x9236) x 4 0x8001eeaf
core   0: 0x8000027e (0x0e660283) lb      t0, 230(a2)
core   0: 3 0x8000027e (0x0e660283) x 5 0x00000045 mem 0x8001f08e
core   0: 0x80000282 (0x4101d433) sra     s0, gp, a6
core   0: 3 0x80000282 (0x4101d433) x 8 0xfe00040e
core   0: 0x80000286 (0x25afef93) ori     t6, t6, 602
core   0: 3 0x80000286 (0x25afef93) x31 0x0000025a
core   0: 0x8000028a (0x01afc8b3) xor     a7, t6, s10
core   0: 3 0x8000028a (0x01afc8b3) x17 0x8000025a
core   0: 0x8000028e (0x00760f23) sb      t2, 30(a2)
core   0: 3 0x8000028e (0x00760f23) mem 0x8001efc6 0x3
core   0: 0x80000292 (0xe1465083) lhu     ra, -492(a2)
core   0: 3 0x80000292 (0xe1465083) x 1 0x00007677 mem 0x8001edbc
core   0: 0x80000296 (0xc3560683) lb      a3, -971(a2)
core   0: 3 0x80000296 (0xc3560683) x13 0xffffff96 mem 0x8001ebdd
core   0: 0x8000029a (0x00008fd5) c.or    a5, a3
core   0: 3 0x8000029a (0x8fd5) x15 0xffffff9e
core   0: 0x8000029c (0x34564903) lbu     s2, 837(a2)
core   0: 3 0x8000029c (0x34564903) x18 0x000000a6 mem 0x8001f2ed
core   0: 0x800002a0 (0x65061903) lh      s2, 1616(a2)
core   0: 3 0x800002a0 (0x65061903) x18 0xffffb2b3 mem 0x8001f5f8
core   0: 0x800002a4 (0x01f61db3) sll     s11, a2, t6
core   0: 3 0x800002a4 (0x01f61db3) x27 0xa0000000
core   0: 0x800002a8 (0x72062f83) lw      t6, 1824(a2)
core   0: 3 0x800002a8 (0x72062f83) x31 0x80818283 mem 0x8001f6c8
core   0: 0x800002ac (0x8c196413) ori     s0, s2, -1855
core   0: 3 0x800002ac (0x8c196413) x 8 0xfffffaf3
core   0: 0x800002b0 (0xc9b33d13) sltiu   s10, t1, -869
core   0: 3 0x800002b0 (0xc9b33d13) x26 0x00000001
core   0: 0x800002b4 (0x77564403) lbu     s0, 1909(a2)
core   0: 3 0x800002b4 (0x77564403) x 8 0x000000d6 mem 0x8001f71d
core   0: 0x800002b8 (0x00a2b933) sltu    s2, t0, a0
core   0: 3 0x800002b8 (0x00a2b933) x18 0x00000000
core   0: 0x800002bc (0x01a4d093) srli    ra, s1, 26
core   0: 3 0x800002bc (0x01a4d093) x 1 0x00000000
core   0: 0x800002c0 (0xb6260203) lb      tp, -1182(a2)
core   0: 3 0x800002c0 (0xb6260203) x 4 0xffffffc1 mem 0x8001eb0a
core   0: 0x800002c4 (0xcc864d03) lbu     s10, -824(a2)
core   0: 3 0x800002c4 (0xcc864d03) x26 0x0000002b mem 0x8001ec70
core   0: 0x800002c8 (0xef4c6037) lui     zero, 0xef4c6
core   0: 3 0x800002c8 (0xef4c6037)
core   0: 0x800002cc (0x017fdfb3) srl     t6, t6, s7
core   0: 3 0x800002cc (0x017fdfb3) x31 0x202060a0
core   0: 0x800002d0 (0x98a65703) lhu     a4, -1654(a2)
core   0: 3 0x800002d0 (0x98a65703) x14 0x0000e8e9 mem 0x8001e932
core   0: 0x800002d4 (0x0f260303) lb      t1, 242(a2)
core   0: 3 0x800002d4 (0x0f260303) x 6 0x00000051 mem 0x8001f09a
core   0: 0x800002d8 (0xcdb60323) sb      s11, -826(a2)
core   0: 3 0x800002d8 (0xcdb60323) mem 0x8001ec6e 0x0
core   0: 0x800002dc (0xd5061b83) lh      s7, -688(a2)
core   0: 3 0x800002dc (0xd5061b83) x23 0xffffb2b3 mem 0x8001ecf8
core   0: 0x800002e0 (0x01b62433) slt     s0, a2, s11
core   0: 3 0x800002e0 (0x01b62433) x 8 0x00000001
core   0: 0x800002e4 (0xf7261a83) lh      s5, -142(a2)
core   0: 3 0x800002e4 (0xf7261a83) x21 0xffffd0d1 mem 0x8001ef1a
core   0: 0x800002e8 (0x51360e83) lb      t4, 1299(a2)
core   0: 3 0x800002e8 (0x51360e83) x29 0x00000070 mem 0x8001f4bb
core   0: 0x800002ec (0x5a5604a3) sb      t0, 1449(a2)
core   0: 3 0x800002ec (0x5a5604a3) mem 0x8001f551 0x45
core   0: 0x800002f0 (0x7a9606a3) sb      s1, 1965(a2)
core   0: 3 0x800002f0 (0x7a9606a3) mem 0x8001f755 0x65
core   0: 0x800002f4 (0x50e61683) lh      a3, 1294(a2)
core   0: 3 0x800002f4 (0x50e61683) x13 0x00006c6d mem 0x8001f4b6
core   0: 0x800002f8 (0x17f4b093) sltiu   ra, s1, 383
core   0: 3 0x800002f8 (0x17f4b093) x 1 0x00000000
core   0: 0x800002fc (0x019b3ab3) sltu    s5, s6, s9
core   0: 3 0x800002fc (0x019b3ab3) x21 0x00000001
core   0: 0x80000300 (0x9d361c23) sh      s3, -1576(a2)
core   0: 3 0x80000300 (0x9d361c23) mem 0x8001e980 0x000f
core   0: 0x80000304 (0x01c77d33) and     s10, a4, t3
core   0: 3 0x80000304 (0x01c77d33) x26 0x0000e8e9
core   0: 0x80000308 (0x00006c95) c.lui   s9, 0x5
core   0: 3 0x80000308 (0x6c95) x25 0x00005000
core   0: 0x8000030a (0xdd798a97) auipc   s5, 0xdd798
core   0: 3 0x8000030a (0xdd798a97) x21 0x5d79830a
core   0: 0x8000030e (0x84e64983) lbu     s3, -1970(a2)
core   0: 3 0x8000030e (0x84e64983) x19 0x000000ad mem 0x8001e7f6
core   0: 0x80000312 (0x0000050a) c.slli  a0, 2
core   0: 3 0x80000312 (0x050a) x10 0x00000014
core   0: 0x80000314 (0xa9b64803) lbu     a6, -1381(a2)
core   0: 3 0x80000314 (0xa9b64803) x16 0x000000f8 mem 0x8001ea43
core   0: 0x80000318 (0x026a4333) div     t1, s4, t1
core   0: 3 0x80000318 (0x026a4333) x 6 0xfe6b7c6d
core   0: 0x8000031c (0x00011f13) slli    t5, sp, 0
core   0: 3 0x8000031c (0x00011f13) x30 0x80029ce4
core   0: 0x80000320 (0x96564e83) lbu     t4, -1691(a2)
core   0: 3 0x80000320 (0x96564e83) x29 0x000000c6 mem 0x8001e90d
core   0: 0x80000324 (0x00bfb433) sltu    s0, t6, a1
core   0: 3 0x80000324 (0x00bfb433) x 8 0x00000001
core   0: 0x80000328 (0x51bcb493) sltiu   s1, s9, 1307
core   0: 3 0x80000328 (0x51bcb493) x 9 0x00000000
core   0: 0x8000032c (0x0000811d) c.srli  a0, 7
core   0: 3 0x8000032c (0x811d) x10 0x00000000
core   0: 0x8000032e (0xe7f60ea3) sb      t6, -387(a2)
core   0: 3 0x8000032e (0xe7f60ea3) mem 0x8001ee25 0xa0
core   0: 0x80000332 (0xffe00493) li      s1, -2
core   0: 3 0x80000332 (0xffe00493) x 9 0xfffffffe
core   0: 0x80000336 (0xefb2f237) lui     tp, 0xefb2f
core   0: 3 0x80000336 (0xefb2f237) x 4 0xefb2f000
core   0: 0x8000033a (0x00000001) c.nop
core   0: 3 0x8000033a (0x0001)
core   0: 0x8000033c (0x018b17b3) sll     a5, s6, s8
core   0: 3 0x8000033c (0x018b17b3) x15 0xc0000000
core   0: 0x80000340 (0x302abd13) sltiu   s10, s5, 770
core   0: 3 0x80000340 (0x302abd13) x26 0x00000000
core   0: 0x80000344 (0xfd600693) li      a3, -42
core   0: 3 0x80000344 (0xfd600693) x13 0xffffffd6
core   0: 0x80000348 (0x4fc66793) ori     a5, a2, 1276
core   0: 3 0x80000348 (0x4fc66793) x15 0x8001effc
core   0: 0x8000034c (0x00000001) c.nop
core   0: 3 0x8000034c (0x0001)
core   0: 0x8000034e (0x00008e81) c.sub   a3, s0
core   0: 3 0x8000034e (0x8e81) x13 0xffffffd5
core   0: 0x80000350 (0x0368ab33) mulhsu  s6, a7, s6
core   0: 3 0x80000350 (0x0368ab33) x22 0xffffa4a4
core   0: 0x80000354 (0x00001dfd) c.addi  s11, -1
core   0: 3 0x80000354 (0x1dfd) x27 0x9fffffff
core   0: 0x80000356 (0x009d42b3) xor     t0, s10, s1
core   0: 3 0x80000356 (0x009d42b3) x 5 0xfffffffe
core   0: 0x8000035a (0x00000489) c.addi  s1, 2
core   0: 3 0x8000035a (0x0489) x 9 0x00000000
core   0: 0x8000035c (0x00009afd) c.andi  a3, -1
core   0: 3 0x8000035c (0x9afd) x13 0xffffffd5
core   0: 0x8000035e (0x40bb00b3) sub     ra, s6, a1
core   0: 3 0x8000035e (0x40bb00b3) x 1 0x7fffa4a4
core   0: 0x80000362 (0x0000f8f5) c.bnez  s1, pc - 12
core   0: 3 0x80000362 (0xf8f5)
core   0: 0x80000364 (0x02145633) divu    a2, s0, ra
core   0: 3 0x80000364 (0x02145633) x12 0x00000000
core   0: 0x80000368 (0x00011d97) auipc   s11, 0x11
core   0: 3 0x80000368 (0x00011d97) x27 0x80011368
core   0: 0x8000036c (0x08bd8d93) addi    s11, s11, 139
core   0: 3 0x8000036c (0x08bd8d93) x27 0x800113f3
core   0: 0x80000370 (0x01dd9a83) lh      s5, 29(s11)
core   0: 3 0x80000370 (0x01dd9a83) x21 0xffffcacb mem 0x80011410
core   0: 0x80000374 (0x00008ce1) c.and   s1, s0
core   0: 3 0x80000374 (0x8ce1) x 9 0x00000000
core   0: 0x80000376 (0xff3dd283) lhu     t0, -13(s11)
core   0: 3 0x80000376 (0xff3dd283) x 5 0x00009c9d mem 0x800113e6
core   0: 0x8000037a (0x012dc083) lbu     ra, 18(s11)
core   0: 3 0x8000037a (0x012dc083) x 1 0x000000be mem 0x80011405
core   0: 0x8000037e (0x028d8323) sb      s0, 38(s11)
core   0: 3 0x8000037e (0x028d8323) mem 0x80011419 0x1
core   0: 0x80000382 (0xfc2d8403) lb      s0, -62(s11)
core   0: 3 0x80000382 (0xfc2d8403) x 8 0x0000006e mem 0x800113b5
core   0: 0x80000386 (0x00008c41) c.or    s0, s0
core   0: 3 0x80000386 (0x8c41) x 8 0x0000006e
core   0: 0x80000388 (0xfc1d8023) sb      ra, -64(s11)
core   0: 3 0x80000388 (0xfc1d8023) mem 0x800113b3 0xbe
core   0: 0x8000038c (0x02128433) mul     s0, t0, ra
core   0: 3 0x8000038c (0x02128433) x 8 0x00743c86
core   0: 0x80000390 (0xfced8403) lb      s0, -50(s11)
core   0: 3 0x80000390 (0xfced8403) x 8 0x0000007a mem 0x800113c1
core   0: 0x80000394 (0x00008055) c.srli  s0, 21
core   0: 3 0x80000394 (0x8055) x 8 0x00000000
core   0: 0x80000396 (0x00001bfd) c.addi  s7, -1
core   0: 3 0x80000396 (0x1bfd) x23 0xffffb2b2
core   0: 0x80000398 (0x005d9ba3) sh      t0, 23(s11)
core   0: 3 0x80000398 (0x005d9ba3) mem 0x8001140a 0x9c9d
core   0: 0x8000039c (0x00009426) c.add   s0, s1
core   0: 3 0x8000039c (0x9426) x 8 0x00000000
core   0: 0x8000039e (0x0150f433) and     s0, ra, s5
core   0: 3 0x8000039e (0x0150f433) x 8 0x0000008a
core   0: 0x800003a2 (0x0000987d) c.andi  s0, -1
core   0: 3 0x800003a2 (0x987d) x 8 0x0000008a
core   0: 0x800003a4 (0x00941bb3) sll     s7, s0, s1
core   0: 3 0x800003a4 (0x00941bb3) x23 0x0000008a
core   0: 0x800003a8 (0x002d8403) lb      s0, 2(s11)
core   0: 3 0x800003a8 (0x002d8403) x 8 0xffffffae mem 0x800113f5
core   0: 0x800003ac (0x008acab3) xor     s5, s5, s0
core   0: 3 0x800003ac (0x008acab3) x21 0x00003565
core   0: 0x800003b0 (0xfd7d94a3) sh      s7, -55(s11)
core   0: 3 0x800003b0 (0xfd7d94a3) mem 0x800113bc 0x008a
core   0: 0x800003b4 (0x017dd403) lhu     s0, 23(s11)
core   0: 3 0x800003b4 (0x017dd403) x 8 0x00009c9d mem 0x8001140a
core   0: 0x800003b8 (0x001444b3) xor     s1, s0, ra
core   0: 3 0x800003b8 (0x001444b3) x 9 0x00009c23
core   0: 0x800003bc (0x00000416) c.slli  s0, 5
core   0: 3 0x800003bc (0x0416) x 8 0x001393a0
core   0: 0x800003be (0x008450b3) srl     ra, s0, s0
core   0: 3 0x800003be (0x008450b3) x 1 0x001393a0
core   0: 0x800003c2 (0x028dcb83) lbu     s7, 40(s11)
core   0: 3 0x800003c2 (0x028dcb83) x23 0x000000d0 mem 0x8001141b
core   0: 0x800003c6 (0xfdfd9b83) lh      s7, -33(s11)
core   0: 3 0x800003c6 (0xfdfd9b83) x23 0xffff8889 mem 0x800113d2
core   0: 0x800003ca (0xfc7ddb83) lhu     s7, -57(s11)
core   0: 3 0x800003ca (0xfc7ddb83) x23 0x00007071 mem 0x800113ba
core   0: 0x800003ce (0x034d8a83) lb      s5, 52(s11)
core   0: 3 0x800003ce (0x034d8a83) x21 0xffffffdc mem 0x80011427
core   0: 0x800003d2 (0x01029093) slli    ra, t0, 16
core   0: 3 0x800003d2 (0x01029093) x 1 0x9c9d0000
core   0: 0x800003d6 (0x018d8b83) lb      s7, 24(s11)
core   0: 3 0x800003d6 (0x018d8b83) x23 0xffffff9c mem 0x8001140b
core   0: 0x800003da (0x00dddb83) lhu     s7, 13(s11)
core   0: 3 0x800003da (0x00dddb83) x23 0x0000babb mem 0x80011400
core   0: 0x800003de (0x025404b3) mul     s1, s0, t0
core   0: 3 0x800003de (0x025404b3) x 9 0xf9f70920
core   0: 0x800003e2 (0xfd7d8223) sb      s7, -60(s11)
core   0: 3 0x800003e2 (0xfd7d8223) mem 0x800113b7 0xbb
core   0: 0x800003e6 (0x0254a433) mulhsu  s0, s1, t0
core   0: 3 0x800003e6 (0x0254a433) x 8 0xfffffc4e
core   0: 0x800003ea (0xfcbdc083) lbu     ra, -53(s11)
core   0: 3 0x800003ea (0xfcbdc083) x 1 0x00000075 mem 0x800113be
core   0: 0x800003ee (0x03dddb83) lhu     s7, 61(s11)
core   0: 3 0x800003ee (0x03dddb83) x23 0x0000eaeb mem 0x80011430
core   0: 0x800003f2 (0x031da403) lw      s0, 49(s11)
core   0: 3 0x800003f2 (0x031da403) x 8 0xdcdddedf mem 0x80011424
core   0: 0x800003f6 (0xfc1d8b23) sb      ra, -42(s11)
core   0: 3 0x800003f6 (0xfc1d8b23) mem 0x800113c9 0x75
core   0: 0x800003fa (0x028a8ab3) mul     s5, s5, s0
core   0: 3 0x800003fa (0x028a8ab3) x21 0xf0cca8a4
core   0: 0x800003fe (0x00149ab3) sll     s5, s1, ra
core   0: 3 0x800003fe (0x00149ab3) x21 0x24000000
core   0: 0x80000402 (0x028d8d23) sb      s0, 58(s11)
core   0: 3 0x80000402 (0x028d8d23) mem 0x8001142d 0xdf
core   0: 0x80000406 (0x027d8403) lb      s0, 39(s11)
core   0: 3 0x80000406 (0x027d8403) x 8 0xffffffd1 mem 0x8001141a
core   0: 0x8000040a (0xfc9d9a83) lh      s5, -55(s11)
core   0: 3 0x8000040a (0xfc9d9a83) x21 0x0000008a mem 0x800113bc
core   0: 0x8000040e (0x01fd8b83) lb      s7, 31(s11)
core   0: 3 0x8000040e (0x01fd8b83) x23 0xffffffc9 mem 0x80011412
core   0: 0x80000412 (0x021ae4b3) rem     s1, s5, ra
core   0: 3 0x80000412 (0x021ae4b3) x 9 0x00000015
core   0: 0x80000416 (0x03ad8b83) lb      s7, 58(s11)
core   0: 3 0x80000416 (0x03ad8b83) x23 0xffffffdf mem 0x8001142d
core   0: 0x8000041a (0x00016297) auipc   t0, 0x16
core   0: 3 0x8000041a (0x00016297) x 5 0x8001641a
core   0: 0x8000041e (0x9e628293) addi    t0, t0, -1562
core   0: 3 0x8000041e (0x9e628293) x 5 0x80015e00
core   0: 0x80000422 (0x01a28023) sb      s10, 0(t0)
core   0: 3 0x80000422 (0x01a28023) mem 0x80015e00 0x0
core   0: 0x80000426 (0x01129023) sh      a7, 0(t0)
core   0: 3 0x80000426 (0x01129023) mem 0x80015e00 0x025a
core   0: 0x8000042a (0x01628003) lb      zero, 22(t0)
core   0: 3 0x8000042a (0x01628003) mem 0x80015e16
core   0: 0x8000042e (0x00529b23) sh      t0, 22(t0)
core   0: 3 0x8000042e (0x00529b23) mem 0x80015e16 0x5e00
core   0: 0x80000432 (0x003327b3) slt     a5, t1, gp
core   0: 3 0x80000432 (0x003327b3) x15 0x00000000
core   0: 0x80000436 (0x01628d03) lb      s10, 22(t0)
core   0: 3 0x80000436 (0x01628d03) x26 0x00000000 mem 0x80015e16
core   0: 0x8000043a (0x0162ce03) lbu     t3, 22(t0)
core   0: 3 0x8000043a (0x0162ce03) x28 0x00000000 mem 0x80015e16
core   0: 0x8000043e (0x00008d71) c.and   a0, a2
core   0: 3 0x8000043e (0x8d71) x10 0x00000000
core   0: 0x80000440 (0x7a864513) xori    a0, a2, 1960
core   0: 3 0x80000440 (0x7a864513) x10 0x000007a8
core   0: 0x80000444 (0xbcdd59b7) lui     s3, 0xbcdd5
core   0: 3 0x80000444 (0xbcdd59b7) x19 0xbcdd5000
core   0: 0x80000448 (0x00b28b23) sb      a1, 22(t0)
core   0: 3 0x80000448 (0x00b28b23) mem 0x80015e16 0x0
core   0: 0x8000044c (0x00329b23) sh      gp, 22(t0)
core   0: 3 0x8000044c (0x00329b23) mem 0x80015e16 0x03ba
core   0: 0x80000450 (0xefc1b513) sltiu   a0, gp, -260
core   0: 3 0x80000450 (0xefc1b513) x10 0x00000001
core   0: 0x80000454 (0x0322d083) lhu     ra, 50(t0)
core   0: 3 0x80000454 (0x0322d083) x 1 0x0000e8e9 mem 0x80015e32
core   0: 0x80000458 (0xfee2a623) sw      a4, -20(t0)
core   0: 3 0x80000458 (0xfee2a623) mem 0x80015dec 0x0000e8e9
core   0: 0x8000045c (0x00d28a83) lb      s5, 13(t0)
core   0: 3 0x8000045c (0x00d28a83) x21 0xffffffc6 mem 0x80015e0d
core   0: 0x80000460 (0xff928203) lb      tp, -7(t0)
core   0: 3 0x80000460 (0xff928203) x 4 0xffffffb2 mem 0x80015df9
core   0: 0x80000464 (0xff92c203) lbu     tp, -7(t0)
core   0: 3 0x80000464 (0xff92c203) x 4 0x000000b2 mem 0x80015df9
core   0: 0x80000468 (0xff92cb03) lbu     s6, -7(t0)
core   0: 3 0x80000468 (0xff92cb03) x22 0x000000b2 mem 0x80015df9
core   0: 0x8000046c (0xff92cb83) lbu     s7, -7(t0)
core   0: 3 0x8000046c (0xff92cb83) x23 0x000000b2 mem 0x80015df9
core   0: 0x80000470 (0x00010297) auipc   t0, 0x10
core   0: 3 0x80000470 (0x00010297) x 5 0x80010470
core   0: 0x80000474 (0x34a28293) addi    t0, t0, 842
core   0: 3 0x80000474 (0x34a28293) x 5 0x800107ba
core   0: 0x80000478 (0x43029e23) sh      a6, 1084(t0)
core   0: 3 0x80000478 (0x43029e23) mem 0x80010bf6 0x00f8
core   0: 0x8000047c (0x43c2dc03) lhu     s8, 1084(t0)
core   0: 3 0x8000047c (0x43c2dc03) x24 0x000000f8 mem 0x80010bf6
core   0: 0x80000480 (0x00acd233) srl     tp, s9, a0
core   0: 3 0x80000480 (0x00acd233) x 4 0x00002800
core   0: 0x80000484 (0x43c29183) lh      gp, 1084(t0)
core   0: 3 0x80000484 (0x43c29183) x 3 0x000000f8 mem 0x80010bf6
core   0: 0x80000488 (0x02428c03) lb      s8, 36(t0)
core   0: 3 0x80000488 (0x02428c03) x24 0xffffff95 mem 0x800107de
core   0: 0x8000048c (0x1db2c183) lbu     gp, 475(t0)
core   0: 3 0x8000048c (0x1db2c183) x 3 0x0000004e mem 0x80010995
core   0: 0x80000490 (0x1db28e03) lb      t3, 475(t0)
core   0: 3 0x80000490 (0x1db28e03) x28 0x0000004e mem 0x80010995
core   0: 0x80000494 (0x02c57db3) remu    s11, a0, a2
core   0: 3 0x80000494 (0x02c57db3) x27 0x00000001
core   0: 0x80000498 (0x1db2ce03) lbu     t3, 475(t0)
core   0: 3 0x80000498 (0x1db2ce03) x28 0x0000004e mem 0x80010995
core   0: 0x8000049c (0x1c528da3) sb      t0, 475(t0)
core   0: 3 0x8000049c (0x1c528da3) mem 0x80010995 0xba
core   0: 0x800004a0 (0x3a229023) sh      sp, 928(t0)
core   0: 3 0x800004a0 (0x3a229023) mem 0x80010b5a 0x9ce4
core   0: 0x800004a4 (0x00008729) c.srai  a4, 10
core   0: 3 0x800004a4 (0x8729) x14 0x0000003a
core   0: 0x800004a6 (0x00008ffd) c.and   a5, a5
core   0: 3 0x800004a6 (0x8ffd) x15 0x00000000
core   0: 0x800004a8 (0xdbf28503) lb      a0, -577(t0)
core   0: 3 0x800004a8 (0xdbf28503) x10 0x00000032 mem 0x80010579
core   0: 0x800004ac (0x71e2a183) lw      gp, 1822(t0)
core   0: 3 0x800004ac (0x71e2a183) x 3 0x90919293 mem 0x80010ed8
core   0: 0x800004b0 (0x71e2d803) lhu     a6, 1822(t0)
core   0: 3 0x800004b0 (0x71e2d803) x16 0x00009293 mem 0x80010ed8
core   0: 0x800004b4 (0x00010717) auipc   a4, 0x10
core   0: 3 0x800004b4 (0x00010717) x14 0x800104b4
core   0: 0x800004b8 (0x0d070713) addi    a4, a4, 208
core   0: 3 0x800004b8 (0x0d070713) x14 0x80010584
core   0: 0x800004bc (0xffa71003) lh      zero, -6(a4)
core   0: 3 0x800004bc (0xffa71003) mem 0x8001057e
core   0: 0x800004c0 (0x01d702a3) sb      t4, 5(a4)
core   0: 3 0x800004c0 (0x01d702a3) mem 0x80010589 0xc6
core   0: 0x800004c4 (0x00013697) auipc   a3, 0x13
core   0: 3 0x800004c4 (0x00013697) x13 0x800134c4
core   0: 0x800004c8 (0xeef68693) addi    a3, a3, -273
core   0: 3 0x800004c8 (0xeef68693) x13 0x800133b3
core   0: 0x800004cc (0x0a56a6a3) sw      t0, 173(a3)
core   0: 3 0x800004cc (0x0a56a6a3) mem 0x80013460 0x800107ba
core   0: 0x800004d0 (0xff872283) lw      t0, -8(a4)
core   0: 3 0x800004d0 (0xff872283) x 5 0x34353637 mem 0x8001057c
core   0: 0x800004d4 (0xf3b68783) lb      a5, -197(a3)
core   0: 3 0x800004d4 (0xf3b68783) x15 0xffffffa5 mem 0x800132ee
core   0: 0x800004d8 (0xf946c803) lbu     a6, -108(a3)
core   0: 3 0x800004d8 (0xf946c803) x16 0x000000fc mem 0x80013347
core   0: 0x800004dc (0x01268923) sb      s2, 18(a3)
core   0: 3 0x800004dc (0x01268923) mem 0x800133c5 0x0
core   0: 0x800004e0 (0x00a71403) lh      s0, 10(a4)
core   0: 3 0x800004e0 (0x00a71403) x 8 0x00004445 mem 0x8001058e
core   0: 0x800004e4 (0xf4a6c803) lbu     a6, -182(a3)
core   0: 3 0x800004e4 (0xf4a6c803) x16 0x000000b6 mem 0x800132fd
core   0: 0x800004e8 (0xf9b6c403) lbu     s0, -101(a3)
core   0: 3 0x800004e8 (0xf9b6c403) x 8 0x00000005 mem 0x8001334e
core   0: 0x800004ec (0x00170183) lb      gp, 1(a4)
core   0: 3 0x800004ec (0x00170183) x 3 0x0000003e mem 0x80010585
core   0: 0x800004f0 (0x0e468023) sb      tp, 224(a3)
core   0: 3 0x800004f0 (0x0e468023) mem 0x80013493 0x0
core   0: 0x800004f4 (0xf476c383) lbu     t2, -185(a3)
core   0: 3 0x800004f4 (0xf476c383) x 7 0x000000b1 mem 0x800132fa
core   0: 0x800004f8 (0x00e70303) lb      t1, 14(a4)
core   0: 3 0x800004f8 (0x00e70303) x 6 0x00000049 mem 0x80010592
core   0: 0x800004fc (0x00010917) auipc   s2, 0x10
core   0: 3 0x800004fc (0x00010917) x18 0x800104fc
core   0: 0x80000500 (0x01e90913) addi    s2, s2, 30
core   0: 3 0x80000500 (0x01e90913) x18 0x8001051a
core   0: 0x80000504 (0x01c61d93) slli    s11, a2, 28
core   0: 3 0x80000504 (0x01c61d93) x27 0x00000000
core   0: 0x80000508 (0x00005dfd) c.li    s11, -1
core   0: 3 0x80000508 (0x5dfd) x27 0xffffffff
core   0: 0x8000050a (0x00000001) c.nop
core   0: 3 0x8000050a (0x0001)
core   0: 0x8000050c (0x08f94203) lbu     tp, 143(s2)
core   0: 3 0x8000050c (0x08f94203) x 4 0x00000062 mem 0x800105a9
core   0: 0x80000510 (0x00008c91) c.sub   s1, a2
core   0: 3 0x80000510 (0x8c91) x 9 0x00000015
core   0: 0x80000512 (0x02964633) div     a2, a2, s1
core   0: 3 0x80000512 (0x02964633) x12 0x00000000
core   0: 0x80000516 (0xf4b90203) lb      tp, -181(s2)
core   0: 3 0x80000516 (0xf4b90203) x 4 0x0000001e mem 0x80010465
core   0: 0x8000051a (0x004654b3) srl     s1, a2, tp
core   0: 3 0x8000051a (0x004654b3) x 9 0x00000000
core   0: 0x8000051e (0x0ff0000f) fence   iorw,iorw
core   0: 3 0x8000051e (0x0ff0000f)
core   0: 0x80000522 (0x0000809d) c.srli  s1, 7
core   0: 3 0x80000522 (0x809d) x 9 0x00000000
core   0: 0x80000524 (0x0139d633) srl     a2, s3, s3
core   0: 3 0x80000524 (0x0139d633) x12 0xbcdd5000
core   0: 0x80000528 (0x00c61233) sll     tp, a2, a2
core   0: 3 0x80000528 (0x00c61233) x 4 0xbcdd5000
core   0: 0x8000052c (0x00461e93) slli    t4, a2, 4
core   0: 3 0x8000052c (0x00461e93) x29 0xcdd50000
core   0: 0x80000530 (0x409204b3) sub     s1, tp, s1
core   0: 3 0x80000530 (0x409204b3) x 9 0xbcdd5000
core   0: 0x80000534 (0xf0790603) lb      a2, -249(s2)
core   0: 3 0x80000534 (0xf0790603) x12 0xffffffda mem 0x80010421
core   0: 0x80000538 (0x03b634b3) mulhu   s1, a2, s11
core   0: 3 0x80000538 (0x03b634b3) x 9 0xffffffd9
core   0: 0x8000053c (0x02c4e233) rem     tp, s1, a2
core   0: 3 0x8000053c (0x02c4e233) x 4 0xffffffff
core   0: 0x80000540 (0x41bdddb3) sra     s11, s11, s11
core   0: 3 0x80000540 (0x41bdddb3) x27 0xffffffff
core   0: 0x80000544 (0xb6bea213) slti    tp, t4, -1173
core   0: 3 0x80000544 (0xb6bea213) x 4 0x00000001
core   0: 0x80000548 (0xfa990da3) sb      s1, -69(s2)
core   0: 3 0x80000548 (0xfa990da3) mem 0x800104d5 0xd9
core   0: 0x8000054c (0x0000060a) c.slli  a2, 2
core   0: 3 0x8000054c (0x060a) x12 0xffffff68
core   0: 0x8000054e (0x02c659b3) divu    s3, a2, a2
core   0: 3 0x8000054e (0x02c659b3) x19 0x00000001
core   0: 0x80000552 (0x0000867d) c.srai  a2, 31
core   0: 3 0x80000552 (0x867d) x12 0xffffffff
core   0: 0x80000554 (0x033dc633) div     a2, s11, s3
core   0: 3 0x80000554 (0x033dc633) x12 0xffffffff
core   0: 0x80000558 (0xf0c95d83) lhu     s11, -244(s2)
core   0: 3 0x80000558 (0xf0c95d83) x27 0x0000dcdd mem 0x80010426
core   0: 0x8000055c (0x03d9a9b3) mulhsu  s3, s3, t4
core   0: 3 0x8000055c (0x03d9a9b3) x19 0x00000000
core   0: 0x80000560 (0x00000001) c.nop
core   0: 3 0x80000560 (0x0001)
core   0: 0x80000562 (0x00008e65) c.and   a2, s1
core   0: 3 0x80000562 (0x8e65) x12 0xffffffd9
core   0: 0x80000564 (0x00004491) c.li    s1, 4
core   0: 3 0x80000564 (0x4491) x 9 0x00000004
core   0: 0x80000566 (0x000069e9) c.lui   s3, 0x1a
core   0: 3 0x80000566 (0x69e9) x19 0x0001a000
core   0: 0x80000568 (0x0149d613) srli    a2, s3, 20
core   0: 3 0x80000568 (0x0149d613) x12 0x00000000
core   0: 0x8000056c (0x00008c85) c.sub   s1, s1
core   0: 3 0x8000056c (0x8c85) x 9 0x00000000
core   0: 0x8000056e (0xf7390223) sb      s3, -156(s2)
core   0: 3 0x8000056e (0xf7390223) mem 0x8001047e 0x0
core   0: 0x80000572 (0x0c790d83) lb      s11, 199(s2)
core   0: 3 0x80000572 (0x0c790d83) x27 0xffffff9a mem 0x800105e1
core   0: 0x80000576 (0xf9390223) sb      s3, -124(s2)
core   0: 3 0x80000576 (0xf9390223) mem 0x8001049e 0x0
core   0: 0x8000057a (0xf7b90c23) sb      s11, -136(s2)
core   0: 3 0x8000057a (0xf7b90c23) mem 0x80010492 0x9a
core   0: 0x8000057e (0x06994483) lbu     s1, 105(s2)
core   0: 3 0x8000057e (0x06994483) x 9 0x00000038 mem 0x80010583
core   0: 0x80000582 (0x0001c097) auipc   ra, 0x1c
core   0: 3 0x80000582 (0x0001c097) x 1 0x8001c582
core   0: 0x80000586 (0x1d808093) addi    ra, ra, 472
core   0: 3 0x80000586 (0x1d808093) x 1 0x8001c75a
core   0: 0x8000058a (0x1ec27d93) andi    s11, tp, 492
core   0: 3 0x8000058a (0x1ec27d93) x27 0x00000000
core   0: 0x8000058e (0x00001d7d) c.addi  s10, -1
core   0: 3 0x8000058e (0x1d7d) x26 0xffffffff
core   0: 0x80000590 (0x00c08783) lb      a5, 12(ra)
core   0: 3 0x80000590 (0x00c08783) x15 0x0000001d mem 0x8001c766
core   0: 0x80000594 (0x2c20f213) andi    tp, ra, 706
core   0: 3 0x80000594 (0x2c20f213) x 4 0x00000242
core   0: 0x80000598 (0x0b208c23) sb      s2, 184(ra)
core   0: 3 0x80000598 (0x0b208c23) mem 0x8001c812 0x1a
core   0: 0x8000059c (0x01562933) slt     s2, a2, s5
core   0: 3 0x8000059c (0x01562933) x18 0x00000000
core   0: 0x800005a0 (0x67d0a493) slti    s1, ra, 1661
core   0: 3 0x800005a0 (0x67d0a493) x 9 0x00000001
core   0: 0x800005a4 (0x4103db13) srai    s6, t2, 16
core   0: 3 0x800005a4 (0x4103db13) x22 0x00000000
core   0: 0x800005a8 (0x00008c09) c.sub   s0, a0
core   0: 3 0x800005a8 (0x8c09) x 8 0xffffffd3
core   0: 0x800005aa (0x03e0e6b3) rem     a3, ra, t5
core   0: 3 0x800005aa (0x03e0e6b3) x13 0xffff2a76
core   0: 0x800005ae (0x087080a3) sb      t2, 129(ra)
core   0: 3 0x800005ae (0x087080a3) mem 0x8001c7db 0xb1
core   0: 0x800005b2 (0x02971833) mulh    a6, a4, s1
core   0: 3 0x800005b2 (0x02971833) x16 0xffffffff
core   0: 0x800005b6 (0x00008159) c.srli  a0, 22
core   0: 3 0x800005b6 (0x8159) x10 0x00000000
core   0: 0x800005b8 (0x00008d4d) c.or    a0, a1
core   0: 3 0x800005b8 (0x8d4d) x10 0x80000000
core   0: 0x800005ba (0x000e5893) srli    a7, t3, 0
core   0: 3 0x800005ba (0x000e5893) x17 0x0000004e
core   0: 0x800005be (0xf1e08c83) lb      s9, -226(ra)
core   0: 3 0x800005be (0xf1e08c83) x25 0x00000033 mem 0x8001c678
core   0: 0x800005c2 (0x03df7cb3) remu    s9, t5, t4
core   0: 3 0x800005c2 (0x03df7cb3) x25 0x80029ce4
core   0: 0x800005c6 (0x00008bb2) c.mv    s7, a2
core   0: 3 0x800005c6 (0x8bb2) x23 0x00000000
core   0: 0x800005c8 (0xf4d08aa3) sb      a3, -171(ra)
core   0: 3 0x800005c8 (0xf4d08aa3) mem 0x8001c6af 0x76
core   0: 0x800005cc (0x019e8733) add     a4, t4, s9
core   0: 3 0x800005cc (0x019e8733) x14 0x4dd79ce4
core   0: 0x800005d0 (0x0900c483) lbu     s1, 144(ra)
core   0: 3 0x800005d0 (0x0900c483) x 9 0x000000a1 mem 0x8001c7ea
core   0: 0x800005d4 (0x01d7abb3) slt     s7, a5, t4
core   0: 3 0x800005d4 (0x01d7abb3) x23 0x00000000
core   0: 0x800005d8 (0x0de0ae03) lw      t3, 222(ra)
core   0: 3 0x800005d8 (0x0de0ae03) x28 0xf0f1f2f3 mem 0x8001c838
core   0: 0x800005dc (0x00009a7d) c.andi  a2, -1
core   0: 3 0x800005dc (0x9a7d) x12 0x00000000
core   0: 0x800005de (0x06508aa3) sb      t0, 117(ra)
core   0: 3 0x800005de (0x06508aa3) mem 0x8001c7cf 0x37
core   0: 0x800005e2 (0x037d53b3) divu    t2, s10, s7
core   0: 3 0x800005e2 (0x037d53b3) x 7 0xffffffff
core   0: 0x800005e6 (0x3433aa93) slti    s5, t2, 835
core   0: 3 0x800005e6 (0x3433aa93) x21 0x00000001
core   0: 0x800005ea (0x02a4acb3) mulhsu  s9, s1, a0
core   0: 3 0x800005ea (0x02a4acb3) x25 0x00000050
core   0: 0x800005ee (0x031d98b3) mulh    a7, s11, a7
core   0: 3 0x800005ee (0x031d98b3) x17 0x00000000
core   0: 0x800005f2 (0x0e708183) lb      gp, 231(ra)
core   0: 3 0x800005f2 (0x0e708183) x 3 0xfffffffa mem 0x8001c841
core   0: 0x800005f6 (0xfa00d883) lhu     a7, -96(ra)
core   0: 3 0x800005f6 (0xfa00d883) x17 0x0000b0b1 mem 0x8001c6fa
core   0: 0x800005fa (0x000054fd) c.li    s1, -1
core   0: 3 0x800005fa (0x54fd) x 9 0xffffffff
core   0: 0x800005fc (0x000043cd) c.li    t2, 19
core   0: 3 0x800005fc (0x43cd) x 7 0x00000013
core   0: 0x800005fe (0x0b60a703) lw      a4, 182(ra)
core   0: 3 0x800005fe (0x0b60a703) x14 0xc81acacb mem 0x8001c810
core   0: 0x80000602 (0x002e1ab3) sll     s5, t3, sp
core   0: 3 0x80000602 (0x002e1ab3) x21 0x0f1f2f30
core   0: 0x80000606 (0x03e401b3) mul     gp, s0, t5
core   0: 3 0x80000606 (0x03e401b3) x 3 0x7f8a6bec
core   0: 0x8000060a (0x007924b3) slt     s1, s2, t2
core   0: 3 0x8000060a (0x007924b3) x 9 0x00000001
core   0: 0x8000060e (0xf2f0c503) lbu     a0, -209(ra)
core   0: 3 0x8000060e (0xf2f0c503) x10 0x00000042 mem 0x8001c689
core   0: 0x80000612 (0x014000ef) jal     pc + 0x14
core   0: 3 0x80000612 (0x014000ef) x 1 0x80000616
core   0: 0x80000626 (0x0000bfed) c.j     pc - 6
core   0: 3 0x80000626 (0xbfed)
core   0: 0x80000620 (0x0000a809) c.j     pc + 18
core   0: 3 0x80000620 (0xa809)
core   0: 0x80000632 (0x00800cef) jal     s9, pc + 0x8
core   0: 3 0x80000632 (0x00800cef) x25 0x80000636
core   0: 0x8000063a (0xffdfff6f) jal     t5, pc - 0x4
core   0: 3 0x8000063a (0xffdfff6f) x30 0x8000063e
core   0: 0x80000636 (0xfe3ff36f) jal     t1, pc - 0x1e
core   0: 3 0x80000636 (0xfe3ff36f) x 6 0x8000063a
core   0: 0x80000618 (0x0000a01d) c.j     pc + 38
core   0: 3 0x80000618 (0xa01d)
core   0: 0x8000063e (0x0000b7fd) c.j     pc - 18
core   0: 3 0x8000063e (0xb7fd)
core   0: 0x8000062c (0xfebff26f) jal     tp, pc - 0x16
core   0: 3 0x8000062c (0xfebff26f) x 4 0x80000630
core   0: 0x80000616 (0x00002829) c.jal   pc + 26
core   0: 3 0x80000616 (0x2829) x 1 0x80000618
core   0: 0x80000630 (0x00003fe5) c.jal   pc - 8
core   0: 3 0x80000630 (0x3fe5) x 1 0x80000632
core   0: 0x80000628 (0xffbff36f) jal     t1, pc - 0x6
core   0: 3 0x80000628 (0xffbff36f) x 6 0x8000062c
core   0: 0x80000622 (0xff9ff0ef) jal     pc - 0x8
core   0: 3 0x80000622 (0xff9ff0ef) x 1 0x80000626
core   0: 0x8000061a (0x00002011) c.jal   pc + 4
core   0: 3 0x8000061a (0x2011) x 1 0x8000061c
core   0: 0x8000061e (0x0000bffd) c.j     pc - 2
core   0: 3 0x8000061e (0xbffd)
core   0: 0x8000061c (0x0000a015) c.j     pc + 36
core   0: 3 0x8000061c (0xa015)
core   0: 0x80000640 (0x000080b9) c.srli  s1, 14
core   0: 3 0x80000640 (0x80b9) x 9 0x00000000
core   0: 0x80000642 (0x00010917) auipc   s2, 0x10
core   0: 3 0x80000642 (0x00010917) x18 0x80010642
core   0: 0x80000646 (0x73590913) addi    s2, s2, 1845
core   0: 3 0x80000646 (0x73590913) x18 0x80010d77
core   0: 0x8000064a (0xfe891da3) sh      s0, -5(s2)
core   0: 3 0x8000064a (0xfe891da3) mem 0x80010d72 0xffd3
core   0: 0x8000064e (0x00008ffd) c.and   a5, a5
core   0: 3 0x8000064e (0x8ffd) x15 0x0000001d
core   0: 0x80000650 (0x00005d7d) c.li    s10, -1
core   0: 3 0x80000650 (0x5d7d) x26 0xffffffff
core   0: 0x80000652 (0x03a75e33) divu    t3, a4, s10
core   0: 3 0x80000652 (0x03a75e33) x28 0x00000000
core   0: 0x80000656 (0x01f94003) lbu     zero, 31(s2)
core   0: 3 0x80000656 (0x01f94003) mem 0x80010d96
core   0: 0x8000065a (0x03d30ab3) mul     s5, t1, t4
core   0: 3 0x8000065a (0x03d30ab3) x21 0x5e9c0000
core   0: 0x8000065e (0x09414693) xori    a3, sp, 148
core   0: 3 0x8000065e (0x09414693) x13 0x80029c70
core   0: 0x80000662 (0x00008675) c.srai  a2, 29
core   0: 3 0x80000662 (0x8675) x12 0x00000000
core   0: 0x80000664 (0x03a920b3) mulhsu  ra, s2, s10
core   0: 3 0x80000664 (0x03a920b3) x 1 0x80010d77
core   0: 0x80000668 (0x01194983) lbu     s3, 17(s2)
core   0: 3 0x80000668 (0x01194983) x19 0x00000043 mem 0x80010d88
core   0: 0x8000066c (0x00000001) c.nop
core   0: 3 0x8000066c (0x0001)
core   0: 0x8000066e (0x015133b3) sltu    t2, sp, s5
core   0: 3 0x8000066e (0x015133b3) x 7 0x00000000
core   0: 0x80000672 (0x417b6e93) ori     t4, s6, 1047
core   0: 3 0x80000672 (0x417b6e93) x29 0x00000417
core   0: 0x80000676 (0xfda90603) lb      a2, -38(s2)
core   0: 3 0x80000676 (0xfda90603) x12 0x0000000a mem 0x80010d51
core   0: 0x8000067a (0x65bef013) andi    zero, t4, 1627
core   0: 3 0x8000067a (0x65bef013)
core   0: 0x8000067e (0x02916eb3) rem     t4, sp, s1
core   0: 3 0x8000067e (0x02916eb3) x29 0x80029ce4
core   0: 0x80000682 (0x003a06b3) add     a3, s4, gp
core   0: 3 0x80000682 (0x003a06b3) x13 0xff8cca50
core   0: 0x80000686 (0x00008b22) c.mv    s6, s0
core   0: 3 0x80000686 (0x8b22) x22 0xffffffd3
core   0: 0x80000688 (0xfdd92f83) lw      t6, -35(s2)
core   0: 3 0x80000688 (0xfdd92f83) x31 0x0c0d0e0f mem 0x80010d54
core   0: 0x8000068c (0x0000962e) c.add   a2, a1
core   0: 3 0x8000068c (0x962e) x12 0x8000000a
core   0: 0x8000068e (0x01e5a9b3) slt     s3, a1, t5
core   0: 3 0x8000068e (0x01e5a9b3) x19 0x00000001
core   0: 0x80000692 (0xfe590783) lb      a5, -27(s2)
core   0: 3 0x80000692 (0xfe590783) x15 0x00000017 mem 0x80010d5c
core   0: 0x80000696 (0x00008ead) c.xor   a3, a1
core   0: 3 0x80000696 (0x8ead) x13 0x7f8cca50
core   0: 0x80000698 (0x02a94403) lbu     s0, 42(s2)
core   0: 3 0x80000698 (0x02a94403) x 8 0x0000005a mem 0x80010da1
core   0: 0x8000069c (0x03595d83) lhu     s11, 53(s2)
core   0: 3 0x8000069c (0x03595d83) x27 0x00006667 mem 0x80010dac
core   0: 0x800006a0 (0x012f1033) sll     zero, t5, s2
core   0: 3 0x800006a0 (0x012f1033)
core   0: 0x800006a4 (0x03995b83) lhu     s7, 57(s2)
core   0: 3 0x800006a4 (0x03995b83) x23 0x00006a6b mem 0x80010db0
core   0: 0x800006a8 (0x00d859b3) srl     s3, a6, a3
core   0: 3 0x800006a8 (0x00d859b3) x19 0x0000ffff
core   0: 0x800006ac (0x0136c9b3) xor     s3, a3, s3
core   0: 3 0x800006ac (0x0136c9b3) x19 0x7f8c35af
core   0: 0x800006b0 (0xfe694c83) lbu     s9, -26(s2)
core   0: 3 0x800006b0 (0xfe694c83) x25 0x00000016 mem 0x80010d5d
core   0: 0x800006b4 (0x00008fb9) c.xor   a5, a4
core   0: 3 0x800006b4 (0x8fb9) x15 0xc81acadc
core   0: 0x800006b6 (0x03890623) sb      s8, 44(s2)
core   0: 3 0x800006b6 (0x03890623) mem 0x80010da3 0x95
core   0: 0x800006ba (0x00b25f33) srl     t5, tp, a1
core   0: 3 0x800006ba (0x00b25f33) x30 0x80000630
core   0: 0x800006be (0x0168efb3) or      t6, a7, s6
core   0: 3 0x800006be (0x0168efb3) x31 0xfffffff3
core   0: 0x800006c2 (0x1e8bb813) sltiu   a6, s7, 488
core   0: 3 0x800006c2 (0x1e8bb813) x16 0x00000000
core   0: 0x800006c6 (0xfcf903a3) sb      a5, -57(s2)
core   0: 3 0x800006c6 (0xfcf903a3) mem 0x80010d3e 0xdc
core   0: 0x800006ca (0x41f888b3) sub     a7, a7, t6
core   0: 3 0x800006ca (0x41f888b3) x17 0x0000b0be
core   0: 0x800006ce (0x00000001) c.nop
core   0: 3 0x800006ce (0x0001)
core   0: 0x800006d0 (0x00a94f03) lbu     t5, 10(s2)
core   0: 3 0x800006d0 (0x00a94f03) x30 0x0000003a mem 0x80010d81
core   0: 0x800006d4 (0x02d0c0b3) div     ra, ra, a3
core   0: 3 0x800006d4 (0x02d0c0b3) x 1 0xffffffff
core   0: 0x800006d8 (0x00008fe9) c.and   a5, a0
core   0: 3 0x800006d8 (0x8fe9) x15 0x00000040
core   0: 0x800006da (0xfd690723) sb      s6, -50(s2)
core   0: 3 0x800006da (0xfd690723) mem 0x80010d45 0xd3
core   0: 0x800006de (0xfc890983) lb      s3, -56(s2)
core   0: 3 0x800006de (0xfc890983) x19 0xfffffff4 mem 0x80010d3f
core   0: 0x800006e2 (0x2ffdb417) auipc   s0, 0x2ffdb
core   0: 3 0x800006e2 (0x2ffdb417) x 8 0xaffdb6e2
core   0: 0x800006e6 (0x00008fe5) c.and   a5, s1
core   0: 3 0x800006e6 (0x8fe5) x15 0x00000000
core   0: 0x800006e8 (0xff990b23) sb      s9, -10(s2)
core   0: 3 0x800006e8 (0xff990b23) mem 0x80010d6d 0x16
core   0: 0x800006ec (0x00017997) auipc   s3, 0x17
core   0: 3 0x800006ec (0x00017997) x19 0x800176ec
core   0: 0x800006f0 (0x03f98993) addi    s3, s3, 63
core   0: 3 0x800006f0 (0x03f98993) x19 0x8001772b
core   0: 0x800006f4 (0x7f43cd93) xori    s11, t2, 2036
core   0: 3 0x800006f4 (0x7f43cd93) x27 0x000007f4
core   0: 0x800006f8 (0x01e996a3) sh      t5, 13(s3)
core   0: 3 0x800006f8 (0x01e996a3) mem 0x80017738 0x003a
core   0: 0x800006fc (0x01d98223) sb      t4, 4(s3)
core   0: 3 0x800006fc (0x01d98223) mem 0x8001772f 0xe4
core   0: 0x80000700 (0xffa9c703) lbu     a4, -6(s3)
core   0: 3 0x80000700 (0xffa9c703) x14 0x000000de mem 0x80017725
core   0: 0x80000704 (0xff999383) lh      t2, -7(s3)
core   0: 3 0x80000704 (0xff999383) x 7 0xffffdedf mem 0x80017724
core   0: 0x80000708 (0xff89cd83) lbu     s11, -8(s3)
core   0: 3 0x80000708 (0xff89cd83) x27 0x000000d8 mem 0x80017723
core   0: 0x8000070c (0x0079d483) lhu     s1, 7(s3)
core   0: 3 0x8000070c (0x0079d483) x 9 0x0000e8e9 mem 0x80017732
core   0: 0x80000710 (0xfe698823) sb      t1, -16(s3)
core   0: 3 0x80000710 (0xfe698823) mem 0x8001771b 0x2c
core   0: 0x80000714 (0x02872db3) mulhsu  s11, a4, s0
core   0: 3 0x80000714 (0x02872db3) x27 0x00000098
core   0: 0x80000718 (0xffe98503) lb      a0, -2(s3)
core   0: 3 0x80000718 (0xffe98503) x10 0xffffffe2 mem 0x80017729
core   0: 0x8000071c (0xc8304013) xori    zero, zero, -893
core   0: 3 0x8000071c (0xc8304013)
core   0: 0x80000720 (0xff398783) lb      a5, -13(s3)
core   0: 3 0x80000720 (0xff398783) x15 0xffffffd5 mem 0x8001771e
core   0: 0x80000724 (0xfff99403) lh      s0, -1(s3)
core   0: 3 0x80000724 (0xfff99403) x 8 0xffffe0e1 mem 0x8001772a
core   0: 0x80000728 (0xffe98903) lb      s2, -2(s3)
core   0: 3 0x80000728 (0xffe98903) x18 0xffffffe2 mem 0x80017729
core   0: 0x8000072c (0x00a98483) lb      s1, 10(s3)
core   0: 3 0x8000072c (0x00a98483) x 9 0xffffffee mem 0x80017735
core   0: 0x80000730 (0x40118633) sub     a2, gp, ra
core   0: 3 0x80000730 (0x40118633) x12 0x7f8a6bed
core   0: 0x80000734 (0xacee2e93) slti    t4, t3, -1330
core   0: 3 0x80000734 (0xacee2e93) x29 0x00000000
core   0: 0x80000738 (0xfff9d303) lhu     t1, -1(s3)
core   0: 3 0x80000738 (0xfff9d303) x 6 0x0000e0e1 mem 0x8001772a
core   0: 0x8000073c (0x00008f71) c.and   a4, a2
core   0: 3 0x8000073c (0x8f71) x14 0x000000cc
core   0: 0x8000073e (0x034e2233) mulhsu  tp, t3, s4
core   0: 3 0x8000073e (0x034e2233) x 4 0x00000000
core   0: 0x80000742 (0xfec98823) sb      a2, -16(s3)
core   0: 3 0x80000742 (0xfec98823) mem 0x8001771b 0xed
core   0: 0x80000746 (0x26446013) ori     zero, s0, 612
core   0: 3 0x80000746 (0x26446013)
core   0: 0x8000074a (0x01898723) sb      s8, 14(s3)
core   0: 3 0x8000074a (0x01898723) mem 0x80017739 0x95
core   0: 0x8000074e (0x01d984a3) sb      t4, 9(s3)
core   0: 3 0x8000074e (0x01d984a3) mem 0x80017734 0x0
core   0: 0x80000752 (0xfeb989a3) sb      a1, -13(s3)
core   0: 3 0x80000752 (0xfeb989a3) mem 0x8001771e 0x0
core   0: 0x80000756 (0xffa98503) lb      a0, -6(s3)
core   0: 3 0x80000756 (0xffa98503) x10 0xffffffde mem 0x80017725
core   0: 0x8000075a (0x00c9cb83) lbu     s7, 12(s3)
core   0: 3 0x8000075a (0x00c9cb83) x23 0x000000ec mem 0x80017737
core   0: 0x8000075e (0x41708433) sub     s0, ra, s7
core   0: 3 0x8000075e (0x41708433) x 8 0xffffff13
core   0: 0x80000762 (0xee991c17) auipc   s8, 0xee991
core   0: 3 0x80000762 (0xee991c17) x24 0x6e991762
core   0: 0x80000766 (0xfe098d23) sb      zero, -6(s3)
core   0: 3 0x80000766 (0xfe098d23) mem 0x80017725 0x0
core   0: 0x8000076a (0xff39aaa3) sw      s3, -11(s3)
core   0: 3 0x8000076a (0xff39aaa3) mem 0x80017720 0x8001772b
core   0: 0x8000076e (0x012990a3) sh      s2, 1(s3)
core   0: 3 0x8000076e (0x012990a3) mem 0x8001772c 0xffe2
core   0: 0x80000772 (0x01898823) sb      s8, 16(s3)
core   0: 3 0x80000772 (0x01898823) mem 0x8001773b 0x62
core   0: 0x80000776 (0xffa98d83) lb      s11, -6(s3)
core   0: 3 0x80000776 (0xffa98d83) x27 0x00000000 mem 0x80017725
core   0: 0x8000077a (0xffe98e83) lb      t4, -2(s3)
core   0: 3 0x8000077a (0xffe98e83) x29 0xffffffe2 mem 0x80017729
core   0: 0x8000077e (0x02b67933) remu    s2, a2, a1
core   0: 3 0x8000077e (0x02b67933) x18 0x7f8a6bed
core   0: 0x80000782 (0x00d9a203) lw      tp, 13(s3)
core   0: 3 0x80000782 (0x00d9a203) x 4 0x62f1953a mem 0x80017738
core   0: 0x80000786 (0x00015917) auipc   s2, 0x15
core   0: 3 0x80000786 (0x00015917) x18 0x80015786
core   0: 0x8000078a (0x8e590913) addi    s2, s2, -1819
core   0: 3 0x8000078a (0x8e590913) x18 0x8001506b
core   0: 0x8000078e (0x009649b3) xor     s3, a2, s1
core   0: 3 0x8000078e (0x009649b3) x19 0x80759403
core   0: 0x80000792 (0xfbe90b23) sb      t5, -74(s2)
core   0: 3 0x80000792 (0xfbe90b23) mem 0x80015021 0x3a
core   0: 0x80000796 (0x0c690603) lb      a2, 198(s2)
core   0: 3 0x80000796 (0x0c690603) x12 0xffffffea mem 0x80015131
core   0: 0x8000079a (0x00000001) c.nop
core   0: 3 0x8000079a (0x0001)
core   0: 0x8000079c (0x6e23dc17) auipc   s8, 0x6e23d
core   0: 3 0x8000079c (0x6e23dc17) x24 0xee23d79c
core   0: 0x800007a0 (0xf1490983) lb      s3, -236(s2)
core   0: 3 0x800007a0 (0xf1490983) x19 0x00000034 mem 0x80014f7f
core   0: 0x800007a4 (0x06592983) lw      s3, 101(s2)
core   0: 3 0x800007a4 (0x06592983) x19 0x88898a8b mem 0x800150d0
core   0: 0x800007a8 (0xfe690683) lb      a3, -26(s2)
core   0: 3 0x800007a8 (0xfe690683) x13 0x0000000a mem 0x80015051
core   0: 0x800007ac (0x02c6c9b3) div     s3, a3, a2
core   0: 3 0x800007ac (0x02c6c9b3) x19 0x00000000
core   0: 0x800007b0 (0xf1e90523) sb      t5, -246(s2)
core   0: 3 0x800007b0 (0xf1e90523) mem 0x80014f75 0x3a
core   0: 0x800007b4 (0x0019dc13) srli    s8, s3, 1
core   0: 3 0x800007b4 (0x0019dc13) x24 0x00000000
core   0: 0x800007b8 (0x04b95f03) lhu     t5, 75(s2)
core   0: 3 0x800007b8 (0x04b95f03) x30 0x00006c6d mem 0x800150b6
core   0: 0x800007bc (0x018c19b3) sll     s3, s8, s8
core   0: 3 0x800007bc (0x018c19b3) x19 0x00000000
core   0: 0x800007c0 (0xf9f91603) lh      a2, -97(s2)
core   0: 3 0x800007c0 (0xf9f91603) x12 0xffffc0c1 mem 0x8001500a
core   0: 0x800007c4 (0x0ad909a3) sb      a3, 179(s2)
core   0: 3 0x800007c4 (0x0ad909a3) mem 0x8001511e 0xa
core   0: 0x800007c8 (0x000084fd) c.srai  s1, 31
core   0: 3 0x800007c8 (0x84fd) x 9 0xffffffff
core   0: 0x800007ca (0x540c7493) andi    s1, s8, 1344
core   0: 3 0x800007ca (0x540c7493) x 9 0x00000000
core   0: 0x800007ce (0x0d890223) sb      s8, 196(s2)
core   0: 3 0x800007ce (0x0d890223) mem 0x8001512f 0x0
core   0: 0x800007d2 (0x06592483) lw      s1, 101(s2)
core   0: 3 0x800007d2 (0x06592483) x 9 0x88898a8b mem 0x800150d0
core   0: 0x800007d6 (0x0136b4b3) sltu    s1, a3, s3
core   0: 3 0x800007d6 (0x0136b4b3) x 9 0x00000000
core   0: 0x800007da (0xf73915a3) sh      s3, -149(s2)
core   0: 3 0x800007da (0xf73915a3) mem 0x80014fd6 0x0000
core   0: 0x800007de (0x0000822d) c.srli  a2, 11
core   0: 3 0x800007de (0x822d) x12 0x001ffff8
core   0: 0x800007e0 (0x000004d6) c.slli  s1, 21
core   0: 3 0x800007e0 (0x04d6) x 9 0x00000000
core   0: 0x800007e2 (0x00000001) c.nop
core   0: 3 0x800007e2 (0x0001)
core   0: 0x800007e4 (0x00008669) c.srai  a2, 26
core   0: 3 0x800007e4 (0x8669) x12 0x00000000
core   0: 0x800007e6 (0x413486b3) sub     a3, s1, s3
core   0: 3 0x800007e6 (0x413486b3) x13 0x00000000
core   0: 0x800007ea (0x00000001) c.nop
core   0: 3 0x800007ea (0x0001)
core   0: 0x800007ec (0xfaf94c03) lbu     s8, -81(s2)
core   0: 3 0x800007ec (0xfaf94c03) x24 0x000000d1 mem 0x8001501a
core   0: 0x800007f0 (0x00d4ff33) and     t5, s1, a3
core   0: 3 0x800007f0 (0x00d4ff33) x30 0x00000000
core   0: 0x800007f4 (0x07294983) lbu     s3, 114(s2)
core   0: 3 0x800007f4 (0x07294983) x19 0x00000096 mem 0x800150dd
core   0: 0x800007f8 (0x02cf0c33) mul     s8, t5, a2
core   0: 3 0x800007f8 (0x02cf0c33) x24 0x00000000
core   0: 0x800007fc (0x02d90523) sb      a3, 42(s2)
core   0: 3 0x800007fc (0x02d90523) mem 0x80015095 0x0
core   0: 0x80000800 (0x0b3911a3) sh      s3, 163(s2)
core   0: 3 0x80000800 (0x0b3911a3) mem 0x8001510e 0x0096
core   0: 0x80000804 (0x0ca90983) lb      s3, 202(s2)
core   0: 3 0x80000804 (0x0ca90983) x19 0xffffffee mem 0x80015135
core   0: 0x80000808 (0x000099ce) c.add   s3, s3
core   0: 3 0x80000808 (0x99ce) x19 0xffffffdc
core   0: 0x8000080a (0x0ff0000f) fence   iorw,iorw
core   0: 3 0x8000080a (0x0ff0000f)
core   0: 0x8000080e (0x03e614b3) mulh    s1, a2, t5
core   0: 3 0x8000080e (0x03e614b3) x 9 0x00000000
core   0: 0x80000812 (0x03694f03) lbu     t5, 54(s2)
core   0: 3 0x80000812 (0x03694f03) x30 0x0000005a mem 0x800150a1
core   0: 0x80000816 (0x0139bc33) sltu    s8, s3, s3
core   0: 3 0x80000816 (0x0139bc33) x24 0x00000000
core   0: 0x8000081a (0xf7e90e23) sb      t5, -132(s2)
core   0: 3 0x8000081a (0xf7e90e23) mem 0x80014fe7 0x5a
core   0: 0x8000081e (0x0df94983) lbu     s3, 223(s2)
core   0: 3 0x8000081e (0x0df94983) x19 0x00000001 mem 0x8001514a
core   0: 0x80000822 (0x00008e65) c.and   a2, s1
core   0: 3 0x80000822 (0x8e65) x12 0x00000000
core   0: 0x80000824 (0x00008e85) c.sub   a3, s1
core   0: 3 0x80000824 (0x8e85) x13 0x00000000
core   0: 0x80000826 (0xf4c909a3) sb      a2, -173(s2)
core   0: 3 0x80000826 (0xf4c909a3) mem 0x80014fbe 0x0
core   0: 0x8000082a (0x00008e25) c.xor   a2, s1
core   0: 3 0x8000082a (0x8e25) x12 0x00000000
core   0: 0x8000082c (0x0099cf33) xor     t5, s3, s1
core   0: 3 0x8000082c (0x0099cf33) x30 0x00000001
core   0: 0x80000830 (0x00008e11) c.sub   a2, a2
core   0: 3 0x80000830 (0x8e11) x12 0x00000000
core   0: 0x80000832 (0x05890ba3) sb      s8, 87(s2)
core   0: 3 0x80000832 (0x05890ba3) mem 0x800150c2 0x0
core   0: 0x80000836 (0xf8d90f03) lb      t5, -115(s2)
core   0: 3 0x80000836 (0xf8d90f03) x30 0xffffffb3 mem 0x80014ff8
core   0: 0x8000083a (0xfac90a23) sb      a2, -76(s2)
core   0: 3 0x8000083a (0xfac90a23) mem 0x8001501f 0x0
core   0: 0x8000083e (0xf4390603) lb      a2, -189(s2)
core   0: 3 0x8000083e (0xf4390603) x12 0x00000065 mem 0x80014fae
core   0: 0x80000842 (0xfff00493) li      s1, -1
core   0: 3 0x80000842 (0xfff00493) x 9 0xffffffff
core   0: 0x80000846 (0xc2408eb7) lui     t4, 0xc2408
core   0: 3 0x80000846 (0xc2408eb7) x29 0xc2408000
core   0: 0x8000084a (0x41e95613) srai    a2, s2, 30
core   0: 3 0x8000084a (0x41e95613) x12 0xfffffffe
core   0: 0x8000084e (0xfee00993) li      s3, -18
core   0: 3 0x8000084e (0xfee00993) x19 0xffffffee
core   0: 0x80000852 (0x00000f85) c.addi  t6, 1
core   0: 3 0x80000852 (0x0f85) x31 0xfffffff4
core   0: 0x80000854 (0x0168efb3) or      t6, a7, s6
core   0: 3 0x80000854 (0x0168efb3) x31 0xffffffff
core   0: 0x80000858 (0x000014d9) c.addi  s1, -10
core   0: 3 0x80000858 (0x14d9) x 9 0xfffffff5
core   0: 0x8000085a (0x0000100f) fence.i
core   0: 3 0x8000085a (0x0000100f)
core   0: 0x8000085e (0xff34dae3) bge     s1, s3, pc - 12
core   0: 3 0x8000085e (0xff34dae3)
core   0: 0x80000852 (0x00000f85) c.addi  t6, 1
core   0: 3 0x80000852 (0x0f85) x31 0x00000000
core   0: 0x80000854 (0x0168efb3) or      t6, a7, s6
core   0: 3 0x80000854 (0x0168efb3) x31 0xffffffff
core   0: 0x80000858 (0x000014d9) c.addi  s1, -10
core   0: 3 0x80000858 (0x14d9) x 9 0xffffffeb
core   0: 0x8000085a (0x0000100f) fence.i
core   0: 3 0x8000085a (0x0000100f)
core   0: 0x8000085e (0xff34dae3) bge     s1, s3, pc - 12
core   0: 3 0x8000085e (0xff34dae3)
core   0: 0x80000862 (0x00008b19) c.andi  a4, 6
core   0: 3 0x80000862 (0x8b19) x14 0x00000004
core   0: 0x80000864 (0x00020897) auipc   a7, 0x20
core   0: 3 0x80000864 (0x00020897) x17 0x80020864
core   0: 0x80000868 (0xb7288893) addi    a7, a7, -1166
core   0: 3 0x80000868 (0xb7288893) x17 0x800203d6
core   0: 0x8000086c (0x11c8d803) lhu     a6, 284(a7)
core   0: 3 0x8000086c (0x11c8d803) x16 0x0000a8a9 mem 0x800204f2
core   0: 0x80000870 (0x11c8ce03) lbu     t3, 284(a7)
core   0: 3 0x80000870 (0x11c8ce03) x28 0x000000a9 mem 0x800204f2
core   0: 0x80000874 (0x2608df83) lhu     t6, 608(a7)
core   0: 3 0x80000874 (0x2608df83) x31 0x0000eced mem 0x80020636
core   0: 0x80000878 (0x92f8cb83) lbu     s7, -1745(a7)
core   0: 3 0x80000878 (0x92f8cb83) x23 0x000000be mem 0x8001fd05
core   0: 0x8000087c (0x02464733) div     a4, a2, tp
core   0: 3 0x8000087c (0x02464733) x14 0x00000000
core   0: 0x80000880 (0x3369e797) auipc   a5, 0x3369e
core   0: 3 0x80000880 (0x3369e797) x15 0xb369e880
core   0: 0x80000884 (0x82089803) lh      a6, -2016(a7)
core   0: 3 0x80000884 (0x82089803) x16 0xffffacad mem 0x8001fbf6
core   0: 0x80000888 (0x82788023) sb      t2, -2016(a7)
core   0: 3 0x80000888 (0x82788023) mem 0x8001fbf6 0xdf
core   0: 0x8000088c (0x82088e83) lb      t4, -2016(a7)
core   0: 3 0x8000088c (0x82088e83) x29 0xffffffdf mem 0x8001fbf6
core   0: 0x80000890 (0x8208c503) lbu     a0, -2016(a7)
core   0: 3 0x80000890 (0x8208c503) x10 0x000000df mem 0x8001fbf6
core   0: 0x80000894 (0x82088a83) lb      s5, -2016(a7)
core   0: 3 0x80000894 (0x82088a83) x21 0xffffffdf mem 0x8001fbf6
core   0: 0x80000898 (0x83888023) sb      s8, -2016(a7)
core   0: 3 0x80000898 (0x83888023) mem 0x8001fbf6 0x0
core   0: 0x8000089c (0x00006cc9) c.lui   s9, 0x12
core   0: 3 0x8000089c (0x6cc9) x25 0x00012000
core   0: 0x8000089e (0x0000826e) c.mv    tp, s11
core   0: 3 0x8000089e (0x826e) x 4 0x00000000
core   0: 0x800008a0 (0x8208ce83) lbu     t4, -2016(a7)
core   0: 3 0x800008a0 (0x8208ce83) x29 0x00000000 mem 0x8001fbf6
core   0: 0x800008a4 (0x82c89023) sh      a2, -2016(a7)
core   0: 3 0x800008a4 (0x82c89023) mem 0x8001fbf6 0xfffe
core   0: 0x800008a8 (0x82088483) lb      s1, -2016(a7)
core   0: 3 0x800008a8 (0x82088483) x 9 0xfffffffe mem 0x8001fbf6
core   0: 0x800008ac (0x000046f5) c.li    a3, 29
core   0: 3 0x800008ac (0x46f5) x13 0x0000001d
core   0: 0x800008ae (0xdfbcbd13) sltiu   s10, s9, -517
core   0: 3 0x800008ae (0xdfbcbd13) x26 0x00000001
core   0: 0x800008b2 (0x1e78c783) lbu     a5, 487(a7)
core   0: 3 0x800008b2 (0x1e78c783) x15 0x00000076 mem 0x800205bd
core   0: 0x800008b6 (0x024000ef) jal     pc + 0x24
core   0: 3 0x800008b6 (0x024000ef) x 1 0x800008ba
core   0: 0x800008da (0x00a004ef) jal     s1, pc + 0xa
core   0: 3 0x800008da (0x00a004ef) x 9 0x800008de
core   0: 0x800008e4 (0xff1ff66f) jal     a2, pc - 0x10
core   0: 3 0x800008e4 (0xff1ff66f) x12 0x800008e8
core   0: 0x800008d4 (0x00002029) c.jal   pc + 10
core   0: 3 0x800008d4 (0x2029) x 1 0x800008d6
core   0: 0x800008de (0x00a001ef) jal     gp, pc + 0xa
core   0: 3 0x800008de (0x00a001ef) x 3 0x800008e2
core   0: 0x800008e8 (0xfe9ff8ef) jal     a7, pc - 0x18
core   0: 3 0x800008e8 (0xfe9ff8ef) x17 0x800008ec
core   0: 0x800008d0 (0x006002ef) jal     t0, pc + 0x6
core   0: 3 0x800008d0 (0x006002ef) x 5 0x800008d4
core   0: 0x800008d6 (0xff5ff3ef) jal     t2, pc - 0xc
core   0: 3 0x800008d6 (0xff5ff3ef) x 7 0x800008da
core   0: 0x800008ca (0x0000a009) c.j     pc + 2
core   0: 3 0x800008ca (0xa009)
core   0: 0x800008cc (0xffbff0ef) jal     pc - 0x6
core   0: 3 0x800008cc (0xffbff0ef) x 1 0x800008d0
core   0: 0x800008c6 (0x01c000ef) jal     pc + 0x1c
core   0: 3 0x800008c6 (0x01c000ef) x 1 0x800008ca
core   0: 0x800008e2 (0x00003ff1) c.jal   pc - 36
core   0: 3 0x800008e2 (0x3ff1) x 1 0x800008e4
core   0: 0x800008be (0x0000203d) c.jal   pc + 46
core   0: 3 0x800008be (0x203d) x 1 0x800008c0
core   0: 0x800008ec (0xfd5ff36f) jal     t1, pc - 0x2c
core   0: 3 0x800008ec (0xfd5ff36f) x 6 0x800008f0
core   0: 0x800008c0 (0x00002009) c.jal   pc + 2
core   0: 3 0x800008c0 (0x2009) x 1 0x800008c2
core   0: 0x800008c2 (0xffbff9ef) jal     s3, pc - 0x6
core   0: 3 0x800008c2 (0xffbff9ef) x19 0x800008c6
core   0: 0x800008bc (0x0000bffd) c.j     pc - 2
core   0: 3 0x800008bc (0xbffd)
core   0: 0x800008ba (0x0000a81d) c.j     pc + 54
core   0: 3 0x800008ba (0xa81d)
core   0: 0x800008f0 (0x0000a009) c.j     pc + 2
core   0: 3 0x800008f0 (0xa009)
core   0: 0x800008f2 (0xa52cfb93) andi    s7, s9, -1454
core   0: 3 0x800008f2 (0xa52cfb93) x23 0x00012000
core   0: 0x800008f6 (0x00010d97) auipc   s11, 0x10
core   0: 3 0x800008f6 (0x00010d97) x27 0x800108f6
core   0: 0x800008fa (0x3c0d8d93) addi    s11, s11, 960
core   0: 3 0x800008fa (0x3c0d8d93) x27 0x80010cb6
core   0: 0x800008fe (0x00010297) auipc   t0, 0x10
core   0: 3 0x800008fe (0x00010297) x 5 0x800108fe
core   0: 0x80000902 (0x82e28293) addi    t0, t0, -2002
core   0: 3 0x80000902 (0x82e28293) x 5 0x8001012c
core   0: 0x80000906 (0x00010497) auipc   s1, 0x10
core   0: 3 0x80000906 (0x00010497) x 9 0x80010906
core   0: 0x8000090a (0xe0548493) addi    s1, s1, -507
core   0: 3 0x8000090a (0xe0548493) x 9 0x8001070b
core   0: 0x8000090e (0x00010d17) auipc   s10, 0x10
core   0: 3 0x8000090e (0x00010d17) x26 0x8001090e
core   0: 0x80000912 (0x875d0d13) addi    s10, s10, -1931
core   0: 3 0x80000912 (0x875d0d13) x26 0x80010183
core   0: 0x80000916 (0x001dcc03) lbu     s8, 1(s11)
core   0: 3 0x80000916 (0x001dcc03) x24 0x0000006c mem 0x80010cb7
core   0: 0x8000091a (0x00ed4983) lbu     s3, 14(s10)
core   0: 3 0x8000091a (0x00ed4983) x19 0x0000004a mem 0x80010191
core   0: 0x8000091e (0x00a2d803) lhu     a6, 10(t0)
core   0: 3 0x8000091e (0x00a2d803) x16 0x0000eced mem 0x80010136
core   0: 0x80000922 (0x00fd4c83) lbu     s9, 15(s10)
core   0: 3 0x80000922 (0x00fd4c83) x25 0x00000049 mem 0x80010192
core   0: 0x80000926 (0x01ad0823) sb      s10, 16(s10)
core   0: 3 0x80000926 (0x01ad0823) mem 0x80010193 0x83
core   0: 0x8000092a (0x0a7dcf03) lbu     t5, 167(s11)
core   0: 3 0x8000092a (0x0a7dcf03) x30 0x00000016 mem 0x80010d5d
core   0: 0x8000092e (0x5fa4c003) lbu     zero, 1530(s1)
core   0: 3 0x8000092e (0x5fa4c003) mem 0x80010d05
core   0: 0x80000932 (0xff728303) lb      t1, -9(t0)
core   0: 3 0x80000932 (0xff728303) x 6 0xffffffd8 mem 0x80010123
core   0: 0x80000936 (0xfe929e23) sh      s1, -4(t0)
core   0: 3 0x80000936 (0xfe929e23) mem 0x80010128 0x070b
core   0: 0x8000093a (0xff229503) lh      a0, -14(t0)
core   0: 3 0x8000093a (0xff229503) x10 0xffffd4d5 mem 0x8001011e
core   0: 0x8000093e (0x01bd10a3) sh      s11, 1(s10)
core   0: 3 0x8000093e (0x01bd10a3) mem 0x80010184 0x0cb6
core   0: 0x80000942 (0x1a14a303) lw      t1, 417(s1)
core   0: 3 0x80000942 (0x1a14a303) x 6 0x64656667 mem 0x800108ac
core   0: 0x80000946 (0x00010397) auipc   t2, 0x10
core   0: 3 0x80000946 (0x00010397) x 7 0x80010946
core   0: 0x8000094a (0xc4e38393) addi    t2, t2, -946
core   0: 3 0x8000094a (0xc4e38393) x 7 0x80010594
core   0: 0x8000094e (0x21749a83) lh      s5, 535(s1)
core   0: 3 0x8000094e (0x21749a83) x21 0xffffd8d9 mem 0x80010922
core   0: 0x80000952 (0x00e285a3) sb      a4, 11(t0)
core   0: 3 0x80000952 (0x00e285a3) mem 0x80010137 0x0
core   0: 0x80000956 (0xff7289a3) sb      s7, -13(t0)
core   0: 3 0x80000956 (0xff7289a3) mem 0x8001011f 0x0
core   0: 0x8000095a (0x9d348f83) lb      t6, -1581(s1)
core   0: 3 0x8000095a (0x9d348f83) x31 0xffffff95 mem 0x800100de
core   0: 0x8000095e (0x019286a3) sb      s9, 13(t0)
core   0: 3 0x8000095e (0x019286a3) mem 0x80010139 0x49
core   0: 0x80000962 (0x55c3c503) lbu     a0, 1372(t2)
core   0: 3 0x80000962 (0x55c3c503) x10 0x000000ab mem 0x80010af0
core   0: 0x80000966 (0xf3b38f03) lb      t5, -197(t2)
core   0: 3 0x80000966 (0xf3b38f03) x30 0xffffff84 mem 0x800104cf
core   0: 0x8000096a (0x016d22a3) sw      s6, 5(s10)
core   0: 3 0x8000096a (0x016d22a3) mem 0x80010188 0xffffffd3
core   0: 0x8000096e (0xfb7d8023) sb      s7, -96(s11)
core   0: 3 0x8000096e (0xfb7d8023) mem 0x80010c56 0x0
core   0: 0x80000972 (0x0022c203) lbu     tp, 2(t0)
core   0: 3 0x80000972 (0x0022c203) x 4 0x000000e5 mem 0x8001012e
core   0: 0x80000976 (0xe4f3c703) lbu     a4, -433(t2)
core   0: 3 0x80000976 (0xe4f3c703) x14 0x00000098 mem 0x800103e3
core   0: 0x8000097a (0x008d26a3) sw      s0, 13(s10)
core   0: 3 0x8000097a (0x008d26a3) mem 0x80010190 0xffffff13
core   0: 0x8000097e (0xc1938f83) lb      t6, -999(t2)
core   0: 3 0x8000097e (0xc1938f83) x31 0x00000066 mem 0x800101ad
core   0: 0x80000982 (0xff2d0083) lb      ra, -14(s10)
core   0: 3 0x80000982 (0xff2d0083) x 1 0x0000002e mem 0x80010175
core   0: 0x80000986 (0xe1549703) lh      a4, -491(s1)
core   0: 3 0x80000986 (0xe1549703) x14 0xffffdadb mem 0x80010520
core   0: 0x8000098a (0x0002d983) lhu     s3, 0(t0)
core   0: 3 0x8000098a (0x0002d983) x19 0x0000e6e7 mem 0x8001012c
core   0: 0x8000098e (0xfe6d9203) lh      tp, -26(s11)
core   0: 3 0x8000098e (0xfe6d9203) x 4 0x00005657 mem 0x80010c9c
core   0: 0x80000992 (0xfbbd8da3) sb      s11, -69(s11)
core   0: 3 0x80000992 (0xfbbd8da3) mem 0x80010c71 0xb6
core   0: 0x80000996 (0x0e1dc403) lbu     s0, 225(s11)
core   0: 3 0x80000996 (0x0e1dc403) x 8 0x0000004c mem 0x80010d97
core   0: 0x8000099a (0x1b639e23) sh      s6, 444(t2)
core   0: 3 0x8000099a (0x1b639e23) mem 0x80010750 0xffd3
core   0: 0x8000099e (0xffc28ba3) sb      t3, -9(t0)
core   0: 3 0x8000099e (0xffc28ba3) mem 0x80010123 0xa9
core   0: 0x800009a2 (0x003d4503) lbu     a0, 3(s10)
core   0: 3 0x800009a2 (0x003d4503) x10 0x0000003d mem 0x80010186
core   0: 0x800009a6 (0x00011397) auipc   t2, 0x11
core   0: 3 0x800009a6 (0x00011397) x 7 0x800119a6
core   0: 0x800009aa (0x3e638393) addi    t2, t2, 998
core   0: 3 0x800009aa (0x3e638393) x 7 0x80011d8c
core   0: 0x800009ae (0x0c73ce83) lbu     t4, 199(t2)
core   0: 3 0x800009ae (0x0c73ce83) x29 0x00000008 mem 0x80011e53
core   0: 0x800009b2 (0xf9938d23) sb      s9, -102(t2)
core   0: 3 0x800009b2 (0xf9938d23) mem 0x80011d26 0x49
core   0: 0x800009b6 (0xf2c388a3) sb      a2, -207(t2)
core   0: 3 0x800009b6 (0xf2c388a3) mem 0x80011cbd 0xe8
core   0: 0x800009ba (0x00010d17) auipc   s10, 0x10
core   0: 3 0x800009ba (0x00010d17) x26 0x800109ba
core   0: 0x800009be (0xb0cd0d13) addi    s10, s10, -1268
core   0: 3 0x800009be (0xb0cd0d13) x26 0x800104c6
core   0: 0x800009c2 (0xfd938c83) lb      s9, -39(t2)
core   0: 3 0x800009c2 (0xfd938c83) x25 0x0000001e mem 0x80011d65
core   0: 0x800009c6 (0xf9e39523) sh      t5, -118(t2)
core   0: 3 0x800009c6 (0xf9e39523) mem 0x80011d16 0xff84
core   0: 0x800009ca (0xfdbd0ba3) sb      s11, -41(s10)
core   0: 3 0x800009ca (0xfdbd0ba3) mem 0x8001049d 0xb6
core   0: 0x800009ce (0x0fe3dc83) lhu     s9, 254(t2)
core   0: 3 0x800009ce (0x0fe3dc83) x25 0x00004041 mem 0x80011e8a
core   0: 0x800009d2 (0x039d0403) lb      s0, 57(s10)
core   0: 3 0x800009d2 (0x039d0403) x 8 0xffffffb4 mem 0x800104ff
core   0: 0x800009d6 (0xfddd0c83) lb      s9, -35(s10)
core   0: 3 0x800009d6 (0xfddd0c83) x25 0x00000058 mem 0x800104a3
core   0: 0x800009da (0x006d2403) lw      s0, 6(s10)
core   0: 3 0x800009da (0x006d2403) x 8 0x84858687 mem 0x800104cc
core   0: 0x800009de (0x006d5183) lhu     gp, 6(s10)
core   0: 3 0x800009de (0x006d5183) x 3 0x00008687 mem 0x800104cc
core   0: 0x800009e2 (0xf2c39303) lh      t1, -212(t2)
core   0: 3 0x800009e2 (0xf2c39303) x 6 0x00007273 mem 0x80011cb8
core   0: 0x800009e6 (0xfd7d0b83) lb      s7, -41(s10)
core   0: 3 0x800009e6 (0xfd7d0b83) x23 0xffffffb6 mem 0x8001049d
core   0: 0x800009ea (0x004000ef) jal     pc + 0x4
core   0: 3 0x800009ea (0x004000ef) x 1 0x800009ee
core   0: 0x800009ee (0x0000a82d) c.j     pc + 58
core   0: 3 0x800009ee (0xa82d)
core   0: 0x80000a28 (0xfcfff0ef) jal     pc - 0x32
core   0: 3 0x80000a28 (0xfcfff0ef) x 1 0x80000a2c
core   0: 0x800009f6 (0x02c000ef) jal     pc + 0x2c
core   0: 3 0x800009f6 (0x02c000ef) x 1 0x800009fa
core   0: 0x80000a22 (0xfe3ff0ef) jal     pc - 0x1e
core   0: 3 0x80000a22 (0xfe3ff0ef) x 1 0x80000a26
core   0: 0x80000a04 (0xfffff0ef) jal     pc - 0x2
core   0: 3 0x80000a04 (0xfffff0ef) x 1 0x80000a08
core   0: 0x80000a02 (0x0000a811) c.j     pc + 20
core   0: 3 0x80000a02 (0xa811)
core   0: 0x80000a16 (0x0000a009) c.j     pc + 2
core   0: 3 0x80000a16 (0xa009)
core   0: 0x80000a18 (0xfe5ff36f) jal     t1, pc - 0x1c
core   0: 3 0x80000a18 (0xfe5ff36f) x 6 0x80000a1c
core   0: 0x800009fc (0x00002009) c.jal   pc + 2
core   0: 3 0x800009fc (0x2009) x 1 0x800009fe
core   0: 0x800009fe (0x00002819) c.jal   pc + 22
core   0: 3 0x800009fe (0x2819) x 1 0x80000a00
core   0: 0x80000a14 (0x0000bff9) c.j     pc - 34
core   0: 3 0x80000a14 (0xbff9)
core   0: 0x800009f2 (0x00002819) c.jal   pc + 22
core   0: 3 0x800009f2 (0x2819) x 1 0x800009f4
core   0: 0x80000a08 (0x0180036f) jal     t1, pc + 0x18
core   0: 3 0x80000a08 (0x0180036f) x 6 0x80000a0c
core   0: 0x80000a20 (0x0000bffd) c.j     pc - 2
core   0: 3 0x80000a20 (0xbffd)
core   0: 0x80000a1e (0x0000bfc9) c.j     pc - 46
core   0: 3 0x80000a1e (0xbfc9)
core   0: 0x800009f0 (0x00002011) c.jal   pc + 4
core   0: 3 0x800009f0 (0x2011) x 1 0x800009f2
core   0: 0x800009f4 (0x00002821) c.jal   pc + 24
core   0: 3 0x800009f4 (0x2821) x 1 0x800009f6
core   0: 0x80000a0c (0x0100036f) jal     t1, pc + 0x10
core   0: 3 0x80000a0c (0x0100036f) x 6 0x80000a10
core   0: 0x80000a1c (0x0000b7d5) c.j     pc - 28
core   0: 3 0x80000a1c (0xb7d5)
core   0: 0x80000a00 (0x0000a801) c.j     pc + 16
core   0: 3 0x80000a00 (0xa801)
core   0: 0x80000a10 (0xfebff2ef) jal     t0, pc - 0x16
core   0: 3 0x80000a10 (0xfebff2ef) x 5 0x80000a14
core   0: 0x800009fa (0x0000a035) c.j     pc + 44
core   0: 3 0x800009fa (0xa035)
core   0: 0x80000a26 (0x00002019) c.jal   pc + 6
core   0: 3 0x80000a26 (0x2019) x 1 0x80000a28
core   0: 0x80000a2c (0x01587933) and     s2, a6, s5
core   0: 3 0x80000a2c (0x01587933) x18 0x0000c8c9
core   0: 0x80000a30 (0x00010c97) auipc   s9, 0x10
core   0: 3 0x80000a30 (0x00010c97) x25 0x80010a30
core   0: 0x80000a34 (0xd18c8c93) addi    s9, s9, -744
core   0: 3 0x80000a34 (0xd18c8c93) x25 0x80010748
core   0: 0x80000a38 (0x029c8503) lb      a0, 41(s9)
core   0: 3 0x80000a38 (0x029c8503) x10 0x0000002a mem 0x80010771
core   0: 0x80000a3c (0x01e7e233) or      tp, a5, t5
core   0: 3 0x80000a3c (0x01e7e233) x 4 0xfffffff6
core   0: 0x80000a40 (0xf99ccd83) lbu     s11, -103(s9)
core   0: 3 0x80000a40 (0xf99ccd83) x27 0x0000009a mem 0x800106e1
core   0: 0x80000a44 (0x061c8b83) lb      s7, 97(s9)
core   0: 3 0x80000a44 (0x061c8b83) x23 0x00000062 mem 0x800107a9
core   0: 0x80000a48 (0x038ee433) rem     s0, t4, s8
core   0: 3 0x80000a48 (0x038ee433) x 8 0x00000008
core   0: 0x80000a4c (0x0e5c8ca3) sb      t0, 249(s9)
core   0: 3 0x80000a4c (0x0e5c8ca3) mem 0x80010841 0x14
core   0: 0x80000a50 (0x000008c6) c.slli  a7, 17
core   0: 3 0x80000a50 (0x08c6) x17 0x11d80000
core   0: 0x80000a52 (0x05ccd803) lhu     a6, 92(s9)
core   0: 3 0x80000a52 (0x05ccd803) x16 0x00005e5f mem 0x800107a4
core   0: 0x80000a56 (0xf0fcc183) lbu     gp, -241(s9)
core   0: 3 0x80000a56 (0xf0fcc183) x 3 0x0000000c mem 0x80010657
core   0: 0x80000a5a (0xf3cc9523) sh      t3, -214(s9)
core   0: 3 0x80000a5a (0xf3cc9523) mem 0x80010672 0x00a9
core   0: 0x80000a5e (0x0adc83a3) sb      a3, 167(s9)
core   0: 3 0x80000a5e (0x0adc83a3) mem 0x800107ef 0x1d
core   0: 0x80000a62 (0xfdacc403) lbu     s0, -38(s9)
core   0: 3 0x80000a62 (0xfdacc403) x 8 0x000000d9 mem 0x80010722
core   0: 0x80000a66 (0x099c8e83) lb      t4, 153(s9)
core   0: 3 0x80000a66 (0x099c8e83) x29 0xffffff9a mem 0x800107e1
core   0: 0x80000a6a (0x449fe4b7) lui     s1, 0x449fe
core   0: 3 0x80000a6a (0x449fe4b7) x 9 0x449fe000
core   0: 0x80000a6e (0x030c9e23) sh      a6, 60(s9)
core   0: 3 0x80000a6e (0x030c9e23) mem 0x80010784 0x5e5f
core   0: 0x80000a72 (0x072cac23) sw      s2, 120(s9)
core   0: 3 0x80000a72 (0x072cac23) mem 0x800107c0 0x0000c8c9
core   0: 0x80000a76 (0xf1fc87a3) sb      t6, -241(s9)
core   0: 3 0x80000a76 (0xf1fc87a3) mem 0x80010657 0x66
core   0: 0x80000a7a (0x0c2c8fa3) sb      sp, 223(s9)
core   0: 3 0x80000a7a (0x0c2c8fa3) mem 0x80010827 0xe4
core   0: 0x80000a7e (0xfefcc203) lbu     tp, -17(s9)
core   0: 3 0x80000a7e (0xfefcc203) x 4 0x000000ec mem 0x80010737
core   0: 0x80000a82 (0x017cc283) lbu     t0, 23(s9)
core   0: 3 0x80000a82 (0x017cc283) x 5 0x00000014 mem 0x8001075f
core   0: 0x80000a86 (0x0fec9303) lh      t1, 254(s9)
core   0: 3 0x80000a86 (0x0fec9303) x 6 0xfffffcfd mem 0x80010846
core   0: 0x80000a8a (0x00ef9693) slli    a3, t6, 14
core   0: 3 0x80000a8a (0x00ef9693) x13 0x00198000
core   0: 0x80000a8e (0x04ac9623) sh      a0, 76(s9)
core   0: 3 0x80000a8e (0x04ac9623) mem 0x80010794 0x002a
core   0: 0x80000a92 (0x00315db3) srl     s11, sp, gp
core   0: 3 0x80000a92 (0x00315db3) x27 0x00080029
core   0: 0x80000a96 (0x087cc303) lbu     t1, 135(s9)
core   0: 3 0x80000a96 (0x087cc303) x 6 0x00000084 mem 0x800107cf
core   0: 0x80000a9a (0xf23ccb83) lbu     s7, -221(s9)
core   0: 3 0x80000a9a (0xf23ccb83) x23 0x00000020 mem 0x8001066b
core   0: 0x80000a9e (0x00008366) c.mv    t1, s9
core   0: 3 0x80000a9e (0x8366) x 6 0x80010748
core   0: 0x80000aa0 (0x00008c71) c.and   s0, a2
core   0: 3 0x80000aa0 (0x8c71) x 8 0x000000c8
core   0: 0x80000aa2 (0x0050c1b3) xor     gp, ra, t0
core   0: 3 0x80000aa2 (0x0050c1b3) x 3 0x80000a3c
core   0: 0x80000aa6 (0x02f16233) rem     tp, sp, a5
core   0: 3 0x80000aa6 (0x02f16233) x 4 0xffffffa0
core   0: 0x80000aaa (0x090c9c03) lh      s8, 144(s9)
core   0: 3 0x80000aaa (0x090c9c03) x24 0xffff9293 mem 0x800107d8
core   0: 0x80000aae (0xf60c9403) lh      s0, -160(s9)
core   0: 3 0x80000aae (0xf60c9403) x 8 0x00006263 mem 0x800106a8
core   0: 0x80000ab2 (0x084c8f83) lb      t6, 132(s9)
core   0: 3 0x80000ab2 (0x084c8f83) x31 0xffffff87 mem 0x800107cc
core   0: 0x80000ab6 (0x00010997) auipc   s3, 0x10
core   0: 3 0x80000ab6 (0x00010997) x19 0x80010ab6
core   0: 0x80000aba (0x10b98993) addi    s3, s3, 267
core   0: 3 0x80000aba (0x10b98993) x19 0x80010bc1
core   0: 0x80000abe (0x01d986a3) sb      t4, 13(s3)
core   0: 3 0x80000abe (0x01d986a3) mem 0x80010bce 0x9a
core   0: 0x80000ac2 (0x00000001) c.nop
core   0: 3 0x80000ac2 (0x0001)
core   0: 0x80000ac4 (0x00c996a3) sh      a2, 13(s3)
core   0: 3 0x80000ac4 (0x00c996a3) mem 0x80010bce 0x08e8
core   0: 0x80000ac8 (0x01f986a3) sb      t6, 13(s3)
core   0: 3 0x80000ac8 (0x01f986a3) mem 0x80010bce 0x87
core   0: 0x80000acc (0x01e986a3) sb      t5, 13(s3)
core   0: 3 0x80000acc (0x01e986a3) mem 0x80010bce 0x84
core   0: 0x80000ad0 (0x00d98883) lb      a7, 13(s3)
core   0: 3 0x80000ad0 (0x00d98883) x17 0xffffff84 mem 0x80010bce
core   0: 0x80000ad4 (0x00799783) lh      a5, 7(s3)
core   0: 3 0x80000ad4 (0x00799783) x15 0xffff8283 mem 0x80010bc8
core   0: 0x80000ad8 (0x00799603) lh      a2, 7(s3)
core   0: 3 0x80000ad8 (0x00799603) x12 0xffff8283 mem 0x80010bc8
core   0: 0x80000adc (0x015983a3) sb      s5, 7(s3)
core   0: 3 0x80000adc (0x015983a3) mem 0x80010bc8 0xd9
core   0: 0x80000ae0 (0x0009a3a3) sw      zero, 7(s3)
core   0: 3 0x80000ae0 (0x0009a3a3) mem 0x80010bc8 0x00000000
core   0: 0x80000ae4 (0x018993a3) sh      s8, 7(s3)
core   0: 3 0x80000ae4 (0x018993a3) mem 0x80010bc8 0x9293
core   0: 0x80000ae8 (0x014e1213) slli    tp, t3, 20
core   0: 3 0x80000ae8 (0x014e1213) x 4 0x0a900000
core   0: 0x80000aec (0x0079c483) lbu     s1, 7(s3)
core   0: 3 0x80000aec (0x0079c483) x 9 0x00000093 mem 0x80010bc8
core   0: 0x80000af0 (0x00017d97) auipc   s11, 0x17
core   0: 3 0x80000af0 (0x00017d97) x27 0x80017af0
core   0: 0x80000af4 (0x1e3d8d93) addi    s11, s11, 483
core   0: 3 0x80000af4 (0x1e3d8d93) x27 0x80017cd3
core   0: 0x80000af8 (0x0001c317) auipc   t1, 0x1c
core   0: 3 0x80000af8 (0x0001c317) x 6 0x8001caf8
core   0: 0x80000afc (0xa0b30313) addi    t1, t1, -1525
core   0: 3 0x80000afc (0xa0b30313) x 6 0x8001c503
core   0: 0x80000b00 (0x00011197) auipc   gp, 0x11
core   0: 3 0x80000b00 (0x00011197) x 3 0x80011b00
core   0: 0x80000b04 (0x51318193) addi    gp, gp, 1299
core   0: 3 0x80000b04 (0x51318193) x 3 0x80012013
core   0: 0x80000b08 (0x0fb35083) lhu     ra, 251(t1)
core   0: 3 0x80000b08 (0x0fb35083) x 1 0x0000b4b5 mem 0x8001c5fe
core   0: 0x80000b0c (0x00017217) auipc   tp, 0x17
core   0: 3 0x80000b0c (0x00017217) x 4 0x80017b0c
core   0: 0x80000b10 (0x46420213) addi    tp, tp, 1124
core   0: 3 0x80000b10 (0x46420213) x 4 0x80017f70
core   0: 0x80000b14 (0xf37306a3) sb      s7, -211(t1)
core   0: 3 0x80000b14 (0xf37306a3) mem 0x8001c430 0x20
core   0: 0x80000b18 (0xfa234983) lbu     s3, -94(t1)
core   0: 3 0x80000b18 (0xfa234983) x19 0x0000005e mem 0x8001c4a5
core   0: 0x80000b1c (0x03ed8603) lb      a2, 62(s11)
core   0: 3 0x80000b1c (0x03ed8603) x12 0xffffffca mem 0x80017d11
core   0: 0x80000b20 (0x00ad8723) sb      a0, 14(s11)
core   0: 3 0x80000b20 (0x00ad8723) mem 0x80017ce1 0x2a
core   0: 0x80000b24 (0x41818fa3) sb      s8, 1055(gp)
core   0: 3 0x80000b24 (0x41818fa3) mem 0x80012432 0x93
core   0: 0x80000b28 (0xfe220ba3) sb      sp, -9(tp)
core   0: 3 0x80000b28 (0xfe220ba3) mem 0x80017f67 0xe4
core   0: 0x80000b2c (0x007200a3) sb      t2, 1(tp)
core   0: 3 0x80000b2c (0x007200a3) mem 0x80017f71 0x8c
core   0: 0x80000b30 (0x026d8883) lb      a7, 38(s11)
core   0: 3 0x80000b30 (0x026d8883) x17 0xffffffb2 mem 0x80017cf9
core   0: 0x80000b34 (0x00624883) lbu     a7, 6(tp)
core   0: 3 0x80000b34 (0x00624883) x17 0x0000002d mem 0x80017f76
core   0: 0x80000b38 (0x6bc1cc83) lbu     s9, 1724(gp)
core   0: 3 0x80000b38 (0x6bc1cc83) x25 0x00000084 mem 0x800126cf
core   0: 0x80000b3c (0xfd434c83) lbu     s9, -44(t1)
core   0: 3 0x80000b3c (0xfd434c83) x25 0x0000008c mem 0x8001c4d7
core   0: 0x80000b40 (0xd5218023) sb      s2, -704(gp)
core   0: 3 0x80000b40 (0xd5218023) mem 0x80011d53 0xc9
core   0: 0x80000b44 (0x09034e83) lbu     t4, 144(t1)
core   0: 3 0x80000b44 (0x09034e83) x29 0x00000048 mem 0x8001c593
core   0: 0x80000b48 (0xfe120aa3) sb      ra, -11(tp)
core   0: 3 0x80000b48 (0xfe120aa3) mem 0x80017f65 0xb5
core   0: 0x80000b4c (0xfc0dc083) lbu     ra, -64(s11)
core   0: 3 0x80000b4c (0xfc0dc083) x 1 0x00000048 mem 0x80017c93
core   0: 0x80000b50 (0x00920503) lb      a0, 9(tp)
core   0: 3 0x80000b50 (0x00920503) x10 0x00000032 mem 0x80017f79
core   0: 0x80000b54 (0x01720723) sb      s7, 14(tp)
core   0: 3 0x80000b54 (0x01720723) mem 0x80017f7e 0x20
core   0: 0x80000b58 (0x01bdd003) lhu     zero, 27(s11)
core   0: 3 0x80000b58 (0x01bdd003) mem 0x80017cee
core   0: 0x80000b5c (0xfded8003) lb      zero, -34(s11)
core   0: 3 0x80000b5c (0xfded8003) mem 0x80017cb1
core   0: 0x80000b60 (0xffe24783) lbu     a5, -2(tp)
core   0: 3 0x80000b60 (0xffe24783) x15 0x00000025 mem 0x80017f6e
core   0: 0x80000b64 (0x00e18703) lb      a4, 14(gp)
core   0: 3 0x80000b64 (0x00e18703) x14 0xffffffda mem 0x80012021
core   0: 0x80000b68 (0x0c630623) sb      t1, 204(t1)
core   0: 3 0x80000b68 (0x0c630623) mem 0x8001c5cf 0x3
core   0: 0x80000b6c (0xff021503) lh      a0, -16(tp)
core   0: 3 0x80000b6c (0xff021503) x10 0x00001a1b mem 0x80017f60
core   0: 0x80000b70 (0x06630383) lb      t2, 102(t1)
core   0: 3 0x80000b70 (0x06630383) x 7 0x00000022 mem 0x8001c569
core   0: 0x80000b74 (0x02cdc383) lbu     t2, 44(s11)
core   0: 3 0x80000b74 (0x02cdc383) x 7 0x000000b4 mem 0x80017cff
core   0: 0x80000b78 (0x1be1c803) lbu     a6, 446(gp)
core   0: 3 0x80000b78 (0x1be1c803) x16 0x0000008a mem 0x800121d1
core   0: 0x80000b7c (0xff220823) sb      s2, -16(tp)
core   0: 3 0x80000b7c (0xff220823) mem 0x80017f60 0xc9
core   0: 0x80000b80 (0xff8d8803) lb      a6, -8(s11)
core   0: 3 0x80000b80 (0xff8d8803) x16 0xffffff80 mem 0x80017ccb
core   0: 0x80000b84 (0x3971c683) lbu     a3, 919(gp)
core   0: 3 0x80000b84 (0x3971c683) x13 0x00000061 mem 0x800123aa
core   0: 0x80000b88 (0x016d8323) sb      s6, 6(s11)
core   0: 3 0x80000b88 (0x016d8323) mem 0x80017cd9 0xd3
core   0: 0x80000b8c (0x00f24083) lbu     ra, 15(tp)
core   0: 3 0x80000b8c (0x00f24083) x 1 0x00000034 mem 0x80017f7f
core   0: 0x80000b90 (0x004d8b03) lb      s6, 4(s11)
core   0: 3 0x80000b90 (0x004d8b03) x22 0xffffff8c mem 0x80017cd7
core   0: 0x80000b94 (0x00016e17) auipc   t3, 0x16
core   0: 3 0x80000b94 (0x00016e17) x28 0x80016b94
core   0: 0x80000b98 (0x474e0e13) addi    t3, t3, 1140
core   0: 3 0x80000b98 (0x474e0e13) x28 0x80017008
core   0: 0x80000b9c (0x00809313) slli    t1, ra, 8
core   0: 3 0x80000b9c (0x00809313) x 6 0x00003400
core   0: 0x80000ba0 (0xfe7e4203) lbu     tp, -25(t3)
core   0: 3 0x80000ba0 (0xfe7e4203) x 4 0x000000a4 mem 0x80016fef
core   0: 0x80000ba4 (0x032cdfb3) divu    t6, s9, s2
core   0: 3 0x80000ba4 (0x032cdfb3) x31 0x00000000
core   0: 0x80000ba8 (0x022561b3) rem     gp, a0, sp
core   0: 3 0x80000ba8 (0x022561b3) x 3 0x00001a1b
core   0: 0x80000bac (0x009e0c03) lb      s8, 9(t3)
core   0: 3 0x80000bac (0x009e0c03) x24 0xffffffca mem 0x80017011
core   0: 0x80000bb0 (0xfd2e1c23) sh      s2, -40(t3)
core   0: 3 0x80000bb0 (0xfd2e1c23) mem 0x80016fe0 0xc8c9
core   0: 0x80000bb4 (0xfe1e4083) lbu     ra, -31(t3)
core   0: 3 0x80000bb4 (0xfe1e4083) x 1 0x000000a2 mem 0x80016fe9
core   0: 0x80000bb8 (0xfe5e4e83) lbu     t4, -27(t3)
core   0: 3 0x80000bb8 (0xfe5e4e83) x29 0x000000a6 mem 0x80016fed
core   0: 0x80000bbc (0x9e7d3517) auipc   a0, 0x9e7d3
core   0: 3 0x80000bbc (0x9e7d3517) x10 0x1e7d3bbc
core   0: 0x80000bc0 (0xb02a2313) slti    t1, s4, -1278
core   0: 3 0x80000bc0 (0xb02a2313) x 6 0x00000001
core   0: 0x80000bc4 (0x40a35c13) srai    s8, t1, 10
core   0: 3 0x80000bc4 (0x40a35c13) x24 0x00000000
core   0: 0x80000bc8 (0x00052cb3) slt     s9, a0, zero
core   0: 3 0x80000bc8 (0x00052cb3) x25 0x00000000
core   0: 0x80000bcc (0x1f0c3e93) sltiu   t4, s8, 496
core   0: 3 0x80000bcc (0x1f0c3e93) x29 0x00000001
core   0: 0x80000bd0 (0xfc3e0fa3) sb      gp, -33(t3)
core   0: 3 0x80000bd0 (0xfc3e0fa3) mem 0x80016fe7 0x1b
core   0: 0x80000bd4 (0xfcae08a3) sb      a0, -47(t3)
core   0: 3 0x80000bd4 (0xfcae08a3) mem 0x80016fd9 0xbc
core   0: 0x80000bd8 (0x027b7fb3) remu    t6, s6, t2
core   0: 3 0x80000bd8 (0x027b7fb3) x31 0x0000008c
core   0: 0x80000bdc (0xfeae04a3) sb      a0, -23(t3)
core   0: 3 0x80000bdc (0xfeae04a3) mem 0x80016ff1 0xbc
core   0: 0x80000be0 (0x02de4183) lbu     gp, 45(t3)
core   0: 3 0x80000be0 (0x02de4183) x 3 0x000000ee mem 0x80017035
core   0: 0x80000be4 (0xe12a7193) andi    gp, s4, -494
core   0: 3 0x80000be4 (0xe12a7193) x 3 0x80025e00
core   0: 0x80000be8 (0x00000dbe) c.slli  s11, 15
core   0: 3 0x80000be8 (0x0dbe) x27 0xbe698000
core   0: 0x80000bea (0x03fe0fa3) sb      t6, 63(t3)
core   0: 3 0x80000bea (0x03fe0fa3) mem 0x80017047 0x8c
core   0: 0x80000bee (0xfe0e4c03) lbu     s8, -32(t3)
core   0: 3 0x80000bee (0xfe0e4c03) x24 0x000000a3 mem 0x80016fe8
core   0: 0x80000bf2 (0x003227b3) slt     a5, tp, gp
core   0: 3 0x80000bf2 (0x003227b3) x15 0x00000000
core   0: 0x80000bf6 (0xfe7e0c03) lb      s8, -25(t3)
core   0: 3 0x80000bf6 (0xfe7e0c03) x24 0xffffffa4 mem 0x80016fef
core   0: 0x80000bfa (0x00a11cb3) sll     s9, sp, a0
core   0: 3 0x80000bfa (0x00a11cb3) x25 0x40000000
core   0: 0x80000bfe (0x03dce9b3) rem     s3, s9, t4
core   0: 3 0x80000bfe (0x03dce9b3) x19 0x00000000
core   0: 0x80000c02 (0xf5200837) lui     a6, 0xf5200
core   0: 3 0x80000c02 (0xf5200837) x16 0xf5200000
core   0: 0x80000c06 (0x0024cb33) xor     s6, s1, sp
core   0: 3 0x80000c06 (0x0024cb33) x22 0x80029c77
core   0: 0x80000c0a (0x0138e833) or      a6, a7, s3
core   0: 3 0x80000c0a (0x0138e833) x16 0x0000002d
core   0: 0x80000c0e (0x6b483993) sltiu   s3, a6, 1716
core   0: 3 0x80000c0e (0x6b483993) x19 0x00000001
core   0: 0x80000c12 (0x41fb07b3) sub     a5, s6, t6
core   0: 3 0x80000c12 (0x41fb07b3) x15 0x80029beb
core   0: 0x80000c16 (0x016e5783) lhu     a5, 22(t3)
core   0: 3 0x80000c16 (0x016e5783) x15 0x0000d4d5 mem 0x8001701e
core   0: 0x80000c1a (0xffde4f03) lbu     t5, -3(t3)
core   0: 3 0x80000c1a (0xffde4f03) x30 0x000000be mem 0x80017005
core   0: 0x80000c1e (0x0000fe17) auipc   t3, 0xf
core   0: 3 0x80000c1e (0x0000fe17) x28 0x8000fc1e
core   0: 0x80000c22 (0x7f6e0e13) addi    t3, t3, 2038
core   0: 3 0x80000c22 (0x7f6e0e13) x28 0x80010414
core   0: 0x80000c26 (0x058e5b83) lhu     s7, 88(t3)
core   0: 3 0x80000c26 (0x058e5b83) x23 0x00002627 mem 0x8001046c
core   0: 0x80000c2a (0x853e3e97) auipc   t4, 0x853e3
core   0: 3 0x80000c2a (0x853e3e97) x29 0x053e3c2a
core   0: 0x80000c2e (0x01ce04a3) sb      t3, 9(t3)
core   0: 3 0x80000c2e (0x01ce04a3) mem 0x8001041d 0x14
core   0: 0x80000c32 (0x02e76533) rem     a0, a4, a4
core   0: 3 0x80000c32 (0x02e76533) x10 0x00000000
core   0: 0x80000c36 (0x4018d813) srai    a6, a7, 1
core   0: 3 0x80000c36 (0x4018d813) x16 0x00000016
core   0: 0x80000c3a (0x009e4c83) lbu     s9, 9(t3)
core   0: 3 0x80000c3a (0x009e4c83) x25 0x00000014 mem 0x8001041d
core   0: 0x80000c3e (0x0bde0203) lb      tp, 189(t3)
core   0: 3 0x80000c3e (0x0bde0203) x 4 0xffffff8a mem 0x800104d1
core   0: 0x80000c42 (0x00008d39) c.xor   a0, a4
core   0: 3 0x80000c42 (0x8d39) x10 0xffffffda
core   0: 0x80000c44 (0x403b0cb3) sub     s9, s6, gp
core   0: 3 0x80000c44 (0x403b0cb3) x25 0x00003e77
core   0: 0x80000c48 (0x01af4733) xor     a4, t5, s10
core   0: 3 0x80000c48 (0x01af4733) x14 0x80010478
core   0: 0x80000c4c (0x0e2e4283) lbu     t0, 226(t3)
core   0: 3 0x80000c4c (0x0e2e4283) x 5 0x000000ad mem 0x800104f6
core   0: 0x80000c50 (0x03be0123) sb      s11, 34(t3)
core   0: 3 0x80000c50 (0x03be0123) mem 0x80010436 0x0
core   0: 0x80000c54 (0x0e5e4683) lbu     a3, 229(t3)
core   0: 3 0x80000c54 (0x0e5e4683) x13 0x000000b2 mem 0x800104f9
core   0: 0x80000c58 (0x4152dfb3) sra     t6, t0, s5
core   0: 3 0x80000c58 (0x4152dfb3) x31 0x00000000
core   0: 0x80000c5c (0x7f88f7b7) lui     a5, 0x7f88f
core   0: 3 0x80000c5c (0x7f88f7b7) x15 0x7f88f000
core   0: 0x80000c60 (0x2579a797) auipc   a5, 0x2579a
core   0: 3 0x80000c60 (0x2579a797) x15 0xa579ac60
core   0: 0x80000c64 (0x03f82933) mulhsu  s2, a6, t6
core   0: 3 0x80000c64 (0x03f82933) x18 0x00000000
core   0: 0x80000c68 (0x0a2e0b23) sb      sp, 182(t3)
core   0: 3 0x80000c68 (0x0a2e0b23) mem 0x800104ca 0xe4
core   0: 0x80000c6c (0xa7573213) sltiu   tp, a4, -1419
core   0: 3 0x80000c6c (0xa7573213) x 4 0x00000001
core   0: 0x80000c70 (0x00008e91) c.sub   a3, a2
core   0: 3 0x80000c70 (0x8e91) x13 0x000000e8
core   0: 0x80000c72 (0x0c9e06a3) sb      s1, 205(t3)
core   0: 3 0x80000c72 (0x0c9e06a3) mem 0x800104e1 0x93
core   0: 0x80000c76 (0xfb887297) auipc   t0, 0xfb887
core   0: 3 0x80000c76 (0xfb887297) x 5 0x7b887c76
core   0: 0x80000c7a (0x01bc31b3) sltu    gp, s8, s11
core   0: 3 0x80000c7a (0x01bc31b3) x 3 0x00000000
core   0: 0x80000c7e (0x00008d7d) c.and   a0, a5
core   0: 3 0x80000c7e (0x8d7d) x10 0xa579ac40
core   0: 0x80000c80 (0xf1fe04a3) sb      t6, -247(t3)
core   0: 3 0x80000c80 (0xf1fe04a3) mem 0x8001031d 0x0
core   0: 0x80000c84 (0xf8de4003) lbu     zero, -115(t3)
core   0: 3 0x80000c84 (0xf8de4003) mem 0x800103a1
core   0: 0x80000c88 (0x00008571) c.srai  a0, 28
core   0: 3 0x80000c88 (0x8571) x10 0xfffffffa
core   0: 0x80000c8a (0x07de4503) lbu     a0, 125(t3)
core   0: 3 0x80000c8a (0x07de4503) x10 0x0000004a mem 0x80010491
core   0: 0x80000c8e (0x00008c2d) c.xor   s0, a1
core   0: 3 0x80000c8e (0x8c2d) x 8 0x80006263
core   0: 0x80000c90 (0x9872b293) sltiu   t0, t0, -1657
core   0: 3 0x80000c90 (0x9872b293) x 5 0x00000001
core   0: 0x80000c94 (0x01bd4333) xor     t1, s10, s11
core   0: 3 0x80000c94 (0x01bd4333) x 6 0x3e6884c6
core   0: 0x80000c98 (0xf5fe1e23) sh      t6, -164(t3)
core   0: 3 0x80000c98 (0xf5fe1e23) mem 0x80010370 0x0000
core   0: 0x80000c9c (0x40f00333) sub     t1, zero, a5
core   0: 3 0x80000c9c (0x40f00333) x 6 0x5a8653a0
core   0: 0x80000ca0 (0x010e1023) sh      a6, 0(t3)
core   0: 3 0x80000ca0 (0x010e1023) mem 0x80010414 0x0016
core   0: 0x80000ca4 (0x00000ff2) c.slli  t6, 28
core   0: 3 0x80000ca4 (0x0ff2) x31 0x00000000
core   0: 0x80000ca6 (0xfffe4783) lbu     a5, -1(t3)
core   0: 3 0x80000ca6 (0xfffe4783) x15 0x000000c8 mem 0x80010413
core   0: 0x80000caa (0x02fd71b3) remu    gp, s10, a5
core   0: 3 0x80000caa (0x02fd71b3) x 3 0x00000006
core   0: 0x80000cae (0x41e9d893) srai    a7, s3, 30
core   0: 3 0x80000cae (0x41e9d893) x17 0x00000000
core   0: 0x80000cb2 (0x098e2883) lw      a7, 152(t3)
core   0: 3 0x80000cb2 (0x098e2883) x17 0x64656667 mem 0x800104ac
core   0: 0x80000cb6 (0x043e4503) lbu     a0, 67(t3)
core   0: 3 0x80000cb6 (0x043e4503) x10 0x0000000c mem 0x80010457
core   0: 0x80000cba (0x0000997d) c.andi  a0, -1
core   0: 3 0x80000cba (0x997d) x10 0x0000000c
core   0: 0x80000cbc (0xf3ce4a83) lbu     s5, -196(t3)
core   0: 3 0x80000cbc (0xf3ce4a83) x21 0x0000000b mem 0x80010350
core   0: 0x80000cc0 (0x01a2f3b3) and     t2, t0, s10
core   0: 3 0x80000cc0 (0x01a2f3b3) x 7 0x00000000
core   0: 0x80000cc4 (0x001e0083) lb      ra, 1(t3)
core   0: 3 0x80000cc4 (0x001e0083) x 1 0x00000000 mem 0x80010415
core   0: 0x80000cc8 (0x00013497) auipc   s1, 0x13
core   0: 3 0x80000cc8 (0x00013497) x 9 0x80013cc8
core   0: 0x80000ccc (0xbee48493) addi    s1, s1, -1042
core   0: 3 0x80000ccc (0xbee48493) x 9 0x800138b6
core   0: 0x80000cd0 (0x00010917) auipc   s2, 0x10
core   0: 3 0x80000cd0 (0x00010917) x18 0x80010cd0
core   0: 0x80000cd4 (0xbec90913) addi    s2, s2, -1044
core   0: 3 0x80000cd4 (0xbec90913) x18 0x800108bc
core   0: 0x80000cd8 (0x6d44ce03) lbu     t3, 1748(s1)
core   0: 3 0x80000cd8 (0x6d44ce03) x28 0x00000041 mem 0x80013f8a
core   0: 0x80000cdc (0xc95489a3) sb      s5, -877(s1)
core   0: 3 0x80000cdc (0xc95489a3) mem 0x80013549 0xb
core   0: 0x80000ce0 (0x4a695083) lhu     ra, 1190(s2)
core   0: 3 0x80000ce0 (0x4a695083) x 1 0x00001819 mem 0x80010d62
core   0: 0x80000ce4 (0x07390083) lb      ra, 115(s2)
core   0: 3 0x80000ce4 (0x07390083) x 1 0xffffffe4 mem 0x8001092f
core   0: 0x80000ce8 (0x48048783) lb      a5, 1152(s1)
core   0: 3 0x80000ce8 (0x48048783) x15 0xffffffed mem 0x80013d36
core   0: 0x80000cec (0x89f90003) lb      zero, -1889(s2)
core   0: 3 0x80000cec (0x89f90003) mem 0x8001015b
core   0: 0x80000cf0 (0x51348aa3) sb      s3, 1301(s1)
core   0: 3 0x80000cf0 (0x51348aa3) mem 0x80013dcb 0x1
core   0: 0x80000cf4 (0x8d892d03) lw      s10, -1832(s2)
core   0: 3 0x80000cf4 (0x8d892d03) x26 0x4c4d4e4f mem 0x80010194
core   0: 0x80000cf8 (0xf7c4da83) lhu     s5, -132(s1)
core   0: 3 0x80000cf8 (0xf7c4da83) x21 0x0000e8e9 mem 0x80013832
core   0: 0x80000cfc (0xb59905a3) sb      s9, -1205(s2)
core   0: 3 0x80000cfc (0xb59905a3) mem 0x80010407 0x77
core   0: 0x80000d00 (0xfa090323) sb      zero, -90(s2)
core   0: 3 0x80000d00 (0xfa090323) mem 0x80010862 0x0
core   0: 0x80000d04 (0x8a295d03) lhu     s10, -1886(s2)
core   0: 3 0x80000d04 (0x8a295d03) x26 0x00001415 mem 0x8001015e
core   0: 0x80000d08 (0x00015097) auipc   ra, 0x15
core   0: 3 0x80000d08 (0x00015097) x 1 0x80015d08
core   0: 0x80000d0c (0x18c08093) addi    ra, ra, 396
core   0: 3 0x80000d0c (0x18c08093) x 1 0x80015e94
core   0: 0x80000d10 (0x00015d97) auipc   s11, 0x15
core   0: 3 0x80000d10 (0x00015d97) x27 0x80015d10
core   0: 0x80000d14 (0x688d8d93) addi    s11, s11, 1672
core   0: 3 0x80000d14 (0x688d8d93) x27 0x80016398
core   0: 0x80000d18 (0x00015217) auipc   tp, 0x15
core   0: 3 0x80000d18 (0x00015217) x 4 0x80015d18
core   0: 0x80000d1c (0x00f20213) addi    tp, tp, 15
core   0: 3 0x80000d1c (0x00f20213) x 4 0x80015d27
core   0: 0x80000d20 (0xff2208a3) sb      s2, -15(tp)
core   0: 3 0x80000d20 (0xff2208a3) mem 0x80015d18 0xbc
core   0: 0x80000d24 (0xbf608983) lb      s3, -1034(ra)
core   0: 3 0x80000d24 (0xbf608983) x19 0x00000041 mem 0x80015a8a
core   0: 0x80000d28 (0xffa20f03) lb      t5, -6(tp)
core   0: 3 0x80000d28 (0xffa20f03) x30 0xffffffda mem 0x80015d21
core   0: 0x80000d2c (0x01620823) sb      s6, 16(tp)
core   0: 3 0x80000d2c (0x01620823) mem 0x80015d37 0x77
core   0: 0x80000d30 (0x020dd703) lhu     a4, 32(s11)
core   0: 3 0x80000d30 (0x020dd703) x14 0x00007273 mem 0x800163b8
core   0: 0x80000d34 (0xff320883) lb      a7, -13(tp)
core   0: 3 0x80000d34 (0xff320883) x17 0xffffffd1 mem 0x80015d1a
core   0: 0x80000d38 (0xf95d8b03) lb      s6, -107(s11)
core   0: 3 0x80000d38 (0xf95d8b03) x22 0xffffffe6 mem 0x8001632d
core   0: 0x80000d3c (0x5430c983) lbu     s3, 1347(ra)
core   0: 3 0x80000d3c (0x5430c983) x19 0x0000008c mem 0x800163d7
core   0: 0x80000d40 (0xf1fdc303) lbu     t1, -225(s11)
core   0: 3 0x80000d40 (0xf1fdc303) x 6 0x0000006c mem 0x800162b7
core   0: 0x80000d44 (0x45b08ba3) sb      s11, 1111(ra)
core   0: 3 0x80000d44 (0x45b08ba3) mem 0x800162eb 0x98
core   0: 0x80000d48 (0x00e200a3) sb      a4, 1(tp)
core   0: 3 0x80000d48 (0x00e200a3) mem 0x80015d28 0x73
core   0: 0x80000d4c (0xffb21183) lh      gp, -5(tp)
core   0: 3 0x80000d4c (0xffb21183) x 3 0xffffd8d9 mem 0x80015d22
core   0: 0x80000d50 (0xf2808f23) sb      s0, -194(ra)
core   0: 3 0x80000d50 (0xf2808f23) mem 0x80015dd2 0x63
core   0: 0x80000d54 (0x00020b03) lb      s6, 0(tp)
core   0: 3 0x80000d54 (0x00020b03) x22 0xffffffdc mem 0x80015d27
core   0: 0x80000d58 (0xf29dc383) lbu     t2, -215(s11)
core   0: 3 0x80000d58 (0xf29dc383) x 7 0x0000007a mem 0x800162c1
core   0: 0x80000d5c (0x00d24603) lbu     a2, 13(tp)
core   0: 3 0x80000d5c (0x00d24603) x12 0x000000ef mem 0x80015d34
core   0: 0x80000d60 (0xb620d983) lhu     s3, -1182(ra)
core   0: 3 0x80000d60 (0xb620d983) x19 0x0000acad mem 0x800159f6
core   0: 0x80000d64 (0xf8ed9b23) sh      a4, -106(s11)
core   0: 3 0x80000d64 (0xf8ed9b23) mem 0x8001632e 0x7273
core   0: 0x80000d68 (0x00012b97) auipc   s7, 0x12
core   0: 3 0x80000d68 (0x00012b97) x23 0x80012d68
core   0: 0x80000d6c (0x6f5b8b93) addi    s7, s7, 1781
core   0: 3 0x80000d6c (0x6f5b8b93) x23 0x8001345d
core   0: 0x80000d70 (0x00010417) auipc   s0, 0x10
core   0: 3 0x80000d70 (0x00010417) x 8 0x80010d70
core   0: 0x80000d74 (0xe5940413) addi    s0, s0, -423
core   0: 3 0x80000d74 (0xe5940413) x 8 0x80010bc9
core   0: 0x80000d78 (0x9fcb9ea3) sh      t3, -1539(s7)
core   0: 3 0x80000d78 (0x9fcb9ea3) mem 0x80012e5a 0x0041
core   0: 0x80000d7c (0xf1741ca3) sh      s7, -231(s0)
core   0: 3 0x80000d7c (0xf1741ca3) mem 0x80010ae2 0x345d
core   0: 0x80000d80 (0x742b8f83) lb      t6, 1858(s7)
core   0: 3 0x80000d80 (0x742b8f83) x31 0x00000054 mem 0x80013b9f
core   0: 0x80000d84 (0xffc44703) lbu     a4, -4(s0)
core   0: 3 0x80000d84 (0xffc44703) x14 0x0000007e mem 0x80010bc5
core   0: 0x80000d88 (0xff141183) lh      gp, -15(s0)
core   0: 3 0x80000d88 (0xff141183) x 3 0x00007071 mem 0x80010bba
core   0: 0x80000d8c (0xc20b8483) lb      s1, -992(s7)
core   0: 3 0x80000d8c (0xc20b8483) x 9 0x00000036 mem 0x8001307d
core   0: 0x80000d90 (0x0e9423a3) sw      s1, 231(s0)
core   0: 3 0x80000d90 (0x0e9423a3) mem 0x80010cb0 0x00000036
core   0: 0x80000d94 (0x04d40723) sb      a3, 78(s0)
core   0: 3 0x80000d94 (0x04d40723) mem 0x80010c17 0xe8
core   0: 0x80000d98 (0x136b8c83) lb      s9, 310(s7)
core   0: 3 0x80000d98 (0x136b8c83) x25 0x00000048 mem 0x80013593
core   0: 0x80000d9c (0xe96b8503) lb      a0, -362(s7)
core   0: 3 0x80000d9c (0xe96b8503) x10 0xffffffa8 mem 0x800132f3
core   0: 0x80000da0 (0xab6bc683) lbu     a3, -1354(s7)
core   0: 3 0x80000da0 (0xab6bc683) x13 0x000000c8 mem 0x80012f13
core   0: 0x80000da4 (0x0dd45f83) lhu     t6, 221(s0)
core   0: 3 0x80000da4 (0x0dd45f83) x31 0x00005c5d mem 0x80010ca6
core   0: 0x80000da8 (0xfb540f03) lb      t5, -75(s0)
core   0: 3 0x80000da8 (0xfb540f03) x30 0x00000035 mem 0x80010b7e
core   0: 0x80000dac (0x659bda83) lhu     s5, 1625(s7)
core   0: 3 0x80000dac (0x659bda83) x21 0x00006c6d mem 0x80013ab6
core   0: 0x80000db0 (0x8efbd803) lhu     a6, -1809(s7)
core   0: 3 0x80000db0 (0x8efbd803) x16 0x00000607 mem 0x80012d4c
core   0: 0x80000db4 (0x0000f317) auipc   t1, 0xf
core   0: 3 0x80000db4 (0x0000f317) x 6 0x8000fdb4
core   0: 0x80000db8 (0x30930313) addi    t1, t1, 777
core   0: 3 0x80000db8 (0x30930313) x 6 0x800100bd
core   0: 0x80000dbc (0x03f35283) lhu     t0, 63(t1)
core   0: 3 0x80000dbc (0x03f35283) x 5 0x0000b6b7 mem 0x800100fc
core   0: 0x80000dc0 (0x03f30a83) lb      s5, 63(t1)
core   0: 3 0x80000dc0 (0x03f30a83) x21 0xffffffb7 mem 0x800100fc
core   0: 0x80000dc4 (0x000013fd) c.addi  t2, -1
core   0: 3 0x80000dc4 (0x13fd) x 7 0x00000079
core   0: 0x80000dc6 (0x03f32803) lw      a6, 63(t1)
core   0: 3 0x80000dc6 (0x03f32803) x16 0xb4b5b6b7 mem 0x800100fc
core   0: 0x80000dca (0x00000001) c.nop
core   0: 3 0x80000dca (0x0001)
core   0: 0x80000dcc (0x03f30183) lb      gp, 63(t1)
core   0: 3 0x80000dcc (0x03f30183) x 3 0xffffffb7 mem 0x800100fc
core   0: 0x80000dd0 (0x02e32fa3) sw      a4, 63(t1)
core   0: 3 0x80000dd0 (0x02e32fa3) mem 0x800100fc 0x0000007e
core   0: 0x80000dd4 (0x03b30fa3) sb      s11, 63(t1)
core   0: 3 0x80000dd4 (0x03b30fa3) mem 0x800100fc 0x98
core   0: 0x80000dd8 (0x02930fa3) sb      s1, 63(t1)
core   0: 3 0x80000dd8 (0x02930fa3) mem 0x800100fc 0x36
core   0: 0x80000ddc (0x03a30fa3) sb      s10, 63(t1)
core   0: 3 0x80000ddc (0x03a30fa3) mem 0x800100fc 0x15
core   0: 0x80000de0 (0x02d31fa3) sh      a3, 63(t1)
core   0: 3 0x80000de0 (0x02d31fa3) mem 0x800100fc 0x00c8
core   0: 0x80000de4 (0x03131fa3) sh      a7, 63(t1)
core   0: 3 0x80000de4 (0x03131fa3) mem 0x800100fc 0xffd1
core   0: 0x80000de8 (0x03f34a83) lbu     s5, 63(t1)
core   0: 3 0x80000de8 (0x03f34a83) x21 0x000000d1 mem 0x800100fc
core   0: 0x80000dec (0x03f31703) lh      a4, 63(t1)
core   0: 3 0x80000dec (0x03f31703) x14 0xffffffd1 mem 0x800100fc
core   0: 0x80000df0 (0x1b5f0493) addi    s1, t5, 437
core   0: 3 0x80000df0 (0x1b5f0493) x 9 0x000001ea
core   0: 0x80000df4 (0x03431fa3) sh      s4, 63(t1)
core   0: 3 0x80000df4 (0x03431fa3) mem 0x800100fc 0x5e64
core   0: 0x80000df8 (0x02830fa3) sb      s0, 63(t1)
core   0: 3 0x80000df8 (0x02830fa3) mem 0x800100fc 0xc9
core   0: 0x80000dfc (0x03f31e83) lh      t4, 63(t1)
core   0: 3 0x80000dfc (0x03f31e83) x29 0x00005ec9 mem 0x800100fc
core   0: 0x80000e00 (0x01b6dc93) srli    s9, a3, 27
core   0: 3 0x80000e00 (0x01b6dc93) x25 0x00000000
core   0: 0x80000e04 (0x02d31fa3) sh      a3, 63(t1)
core   0: 3 0x80000e04 (0x02d31fa3) mem 0x800100fc 0x00c8
core   0: 0x80000e08 (0xffc00313) li      t1, -4
core   0: 3 0x80000e08 (0xffc00313) x 6 0xfffffffc
core   0: 0x80000e0c (0x0105e233) or      tp, a1, a6
core   0: 3 0x80000e0c (0x0105e233) x 4 0xb4b5b6b7
core   0: 0x80000e10 (0x00009fba) c.add   t6, a4
core   0: 3 0x80000e10 (0x9fba) x31 0x00005c2e
core   0: 0x80000e12 (0x00e41893) slli    a7, s0, 14
core   0: 3 0x80000e12 (0x00e41893) x17 0x42f24000
core   0: 0x80000e16 (0xb0f5ff13) andi    t5, a1, -1265
core   0: 3 0x80000e16 (0xb0f5ff13) x30 0x80000000
core   0: 0x80000e1a (0x00008ef9) c.and   a3, a4
core   0: 3 0x80000e1a (0x8ef9) x13 0x000000c0
core   0: 0x80000e1c (0x0212d933) divu    s2, t0, ra
core   0: 3 0x80000e1c (0x0212d933) x18 0x00000000
core   0: 0x80000e20 (0x00b00813) li      a6, 11
core   0: 3 0x80000e20 (0x00b00813) x16 0x0000000b
core   0: 0x80000e24 (0x011cb0b3) sltu    ra, s9, a7
core   0: 3 0x80000e24 (0x011cb0b3) x 1 0x00000001
core   0: 0x80000e28 (0x00000d6d) c.addi  s10, 27
core   0: 3 0x80000e28 (0x0d6d) x26 0x00001430
core   0: 0x80000e2a (0x03fbd933) divu    s2, s7, t6
core   0: 3 0x80000e2a (0x03fbd933) x18 0x0001637e
core   0: 0x80000e2e (0x00000315) c.addi  t1, 5
core   0: 3 0x80000e2e (0x0315) x 6 0x00000001
core   0: 0x80000e30 (0x01d42db3) slt     s11, s0, t4
core   0: 3 0x80000e30 (0x01d42db3) x27 0x00000001
core   0: 0x80000e34 (0xff036ae3) bltu    t1, a6, pc - 12
core   0: 3 0x80000e34 (0xff036ae3)
core   0: 0x80000e28 (0x00000d6d) c.addi  s10, 27
core   0: 3 0x80000e28 (0x0d6d) x26 0x0000144b
core   0: 0x80000e2a (0x03fbd933) divu    s2, s7, t6
core   0: 3 0x80000e2a (0x03fbd933) x18 0x0001637e
core   0: 0x80000e2e (0x00000315) c.addi  t1, 5
core   0: 3 0x80000e2e (0x0315) x 6 0x00000006
core   0: 0x80000e30 (0x01d42db3) slt     s11, s0, t4
core   0: 3 0x80000e30 (0x01d42db3) x27 0x00000001
core   0: 0x80000e34 (0xff036ae3) bltu    t1, a6, pc - 12
core   0: 3 0x80000e34 (0xff036ae3)
core   0: 0x80000e28 (0x00000d6d) c.addi  s10, 27
core   0: 3 0x80000e28 (0x0d6d) x26 0x00001466
core   0: 0x80000e2a (0x03fbd933) divu    s2, s7, t6
core   0: 3 0x80000e2a (0x03fbd933) x18 0x0001637e
core   0: 0x80000e2e (0x00000315) c.addi  t1, 5
core   0: 3 0x80000e2e (0x0315) x 6 0x0000000b
core   0: 0x80000e30 (0x01d42db3) slt     s11, s0, t4
core   0: 3 0x80000e30 (0x01d42db3) x27 0x00000001
core   0: 0x80000e34 (0xff036ae3) bltu    t1, a6, pc - 12
core   0: 3 0x80000e34 (0xff036ae3)
core   0: 0x80000e38 (0x01ef8433) add     s0, t6, t5
core   0: 3 0x80000e38 (0x01ef8433) x 8 0x80005c2e
core   0: 0x80000e3c (0x00010b17) auipc   s6, 0x10
core   0: 3 0x80000e3c (0x00010b17) x22 0x80010e3c
core   0: 0x80000e40 (0xec4b0b13) addi    s6, s6, -316
core   0: 3 0x80000e40 (0xec4b0b13) x22 0x80010d00
core   0: 0x80000e44 (0x031d2e33) mulhsu  t3, s10, a7
core   0: 3 0x80000e44 (0x031d2e33) x28 0x00000555
core   0: 0x80000e48 (0xff2b0ca3) sb      s2, -7(s6)
core   0: 3 0x80000e48 (0xff2b0ca3) mem 0x80010cf9 0x7e
core   0: 0x80000e4c (0xff9b4203) lbu     tp, -7(s6)
core   0: 3 0x80000e4c (0xff9b4203) x 4 0x0000007e mem 0x80010cf9
core   0: 0x80000e50 (0xfe8b0ca3) sb      s0, -7(s6)
core   0: 3 0x80000e50 (0xfe8b0ca3) mem 0x80010cf9 0x2e
core   0: 0x80000e54 (0xff9b4d83) lbu     s11, -7(s6)
core   0: 3 0x80000e54 (0xff9b4d83) x27 0x0000002e mem 0x80010cf9
core   0: 0x80000e58 (0xffcb2e03) lw      t3, -4(s6)
core   0: 3 0x80000e58 (0xffcb2e03) x28 0xb4b5b6b7 mem 0x80010cfc
core   0: 0x80000e5c (0xff4b1e23) sh      s4, -4(s6)
core   0: 3 0x80000e5c (0xff4b1e23) mem 0x80010cfc 0x5e64
core   0: 0x80000e60 (0xff6b0aa3) sb      s6, -11(s6)
core   0: 3 0x80000e60 (0xff6b0aa3) mem 0x80010cf5 0x0
core   0: 0x80000e64 (0xff5b4803) lbu     a6, -11(s6)
core   0: 3 0x80000e64 (0xff5b4803) x16 0x00000000 mem 0x80010cf5
core   0: 0x80000e68 (0xff2b0aa3) sb      s2, -11(s6)
core   0: 3 0x80000e68 (0xff2b0aa3) mem 0x80010cf5 0x7e
core   0: 0x80000e6c (0xff5b0d83) lb      s11, -11(s6)
core   0: 3 0x80000e6c (0xff5b0d83) x27 0x0000007e mem 0x80010cf5
core   0: 0x80000e70 (0x001b4983) lbu     s3, 1(s6)
core   0: 3 0x80000e70 (0x001b4983) x19 0x000000ba mem 0x80010d01
core   0: 0x80000e74 (0x001b0603) lb      a2, 1(s6)
core   0: 3 0x80000e74 (0x001b0603) x12 0xffffffba mem 0x80010d01
core   0: 0x80000e78 (0x001b0283) lb      t0, 1(s6)
core   0: 3 0x80000e78 (0x001b0283) x 5 0xffffffba mem 0x80010d01
core   0: 0x80000e7c (0x001b0d83) lb      s11, 1(s6)
core   0: 3 0x80000e7c (0x001b0d83) x27 0xffffffba mem 0x80010d01
core   0: 0x80000e80 (0xffa00493) li      s1, -6
core   0: 3 0x80000e80 (0xffa00493) x 9 0xfffffffa
core   0: 0x80000e84 (0x01400b93) li      s7, 20
core   0: 3 0x80000e84 (0x01400b93) x23 0x00000014
core   0: 0x80000e88 (0x00005e7d) c.li    t3, -1
core   0: 3 0x80000e88 (0x5e7d) x28 0xffffffff
core   0: 0x80000e8a (0x00000485) c.addi  s1, 1
core   0: 3 0x80000e8a (0x0485) x 9 0xfffffffb
core   0: 0x80000e8c (0x00500813) li      a6, 5
core   0: 3 0x80000e8c (0x00500813) x16 0x00000005
core   0: 0x80000e90 (0x00500d13) li      s10, 5
core   0: 3 0x80000e90 (0x00500d13) x26 0x00000005
core   0: 0x80000e94 (0x0085eab3) or      s5, a1, s0
core   0: 3 0x80000e94 (0x0085eab3) x21 0x80005c2e
core   0: 0x80000e98 (0x00001871) c.addi  a6, -4
core   0: 3 0x80000e98 (0x1871) x16 0x00000001
core   0: 0x80000e9a (0xffa87de3) bgeu    a6, s10, pc - 6
core   0: 3 0x80000e9a (0xffa87de3)
core   0: 0x80000e9e (0xff7485e3) beq     s1, s7, pc - 22
core   0: 3 0x80000e9e (0xff7485e3)
core   0: 0x80000ea2 (0x03087eb3) remu    t4, a6, a6
core   0: 3 0x80000ea2 (0x03087eb3) x29 0x00000000
core   0: 0x80000ea6 (0x00013417) auipc   s0, 0x13
core   0: 3 0x80000ea6 (0x00013417) x 8 0x80013ea6
core   0: 0x80000eaa (0xa4540413) addi    s0, s0, -1467
core   0: 3 0x80000eaa (0xa4540413) x 8 0x800138eb
core   0: 0x80000eae (0x0000f097) auipc   ra, 0xf
core   0: 3 0x80000eae (0x0000f097) x 1 0x8000feae
core   0: 0x80000eb2 (0x63f08093) addi    ra, ra, 1599
core   0: 3 0x80000eb2 (0x63f08093) x 1 0x800104ed
core   0: 0x80000eb6 (0x02e417a3) sh      a4, 47(s0)
core   0: 3 0x80000eb6 (0x02e417a3) mem 0x8001391a 0xffd1
core   0: 0x80000eba (0x3220c203) lbu     tp, 802(ra)
core   0: 3 0x80000eba (0x3220c203) x 4 0x000000c4 mem 0x8001080f
core   0: 0x80000ebe (0x73508e23) sb      s5, 1852(ra)
core   0: 3 0x80000ebe (0x73508e23) mem 0x80010c29 0x2e
core   0: 0x80000ec2 (0x0a308723) sb      gp, 174(ra)
core   0: 3 0x80000ec2 (0x0a308723) mem 0x8001059b 0xb7
core   0: 0x80000ec6 (0xfdc44c03) lbu     s8, -36(s0)
core   0: 3 0x80000ec6 (0xfdc44c03) x24 0x0000007c mem 0x800138c7
core   0: 0x80000eca (0x3e008d03) lb      s10, 992(ra)
core   0: 3 0x80000eca (0x3e008d03) x26 0xffffff86 mem 0x800108cd
core   0: 0x80000ece (0xfe440a83) lb      s5, -28(s0)
core   0: 3 0x80000ece (0xfe440a83) x21 0xffffff84 mem 0x800138cf
core   0: 0x80000ed2 (0x53a080a3) sb      s10, 1313(ra)
core   0: 3 0x80000ed2 (0x53a080a3) mem 0x80010a0e 0x86
core   0: 0x80000ed6 (0x71f0a203) lw      tp, 1823(ra)
core   0: 3 0x80000ed6 (0x71f0a203) x 4 0xc4c5c6c7 mem 0x80010c0c
core   0: 0x80000eda (0x4ea08323) sb      a0, 1254(ra)
core   0: 3 0x80000eda (0x4ea08323) mem 0x800109d3 0xa8
core   0: 0x80000ede (0xff144983) lbu     s3, -15(s0)
core   0: 3 0x80000ede (0xff144983) x19 0x00000097 mem 0x800138dc
core   0: 0x80000ee2 (0x2140cc83) lbu     s9, 532(ra)
core   0: 3 0x80000ee2 (0x2140cc83) x25 0x000000ba mem 0x80010701
core   0: 0x80000ee6 (0x3ff08423) sb      t6, 1000(ra)
core   0: 3 0x80000ee6 (0x3ff08423) mem 0x800108d5 0x2e
core   0: 0x80000eea (0x00240903) lb      s2, 2(s0)
core   0: 3 0x80000eea (0x00240903) x18 0xffffffa6 mem 0x800138ed
core   0: 0x80000eee (0x00020297) auipc   t0, 0x20
core   0: 3 0x80000eee (0x00020297) x 5 0x80020eee
core   0: 0x80000ef2 (0x83428293) addi    t0, t0, -1996
core   0: 3 0x80000ef2 (0x83428293) x 5 0x80020722
core   0: 0x80000ef6 (0x2b628d23) sb      s6, 698(t0)
core   0: 3 0x80000ef6 (0x2b628d23) mem 0x800209dc 0x0
core   0: 0x80000efa (0x3e025b17) auipc   s6, 0x3e025
core   0: 3 0x80000efa (0x3e025b17) x22 0xbe025efa
core   0: 0x80000efe (0x4d028e03) lb      t3, 1232(t0)
core   0: 3 0x80000efe (0x4d028e03) x28 0xffffffa9 mem 0x80020bf2
core   0: 0x80000f02 (0x1cf2ce03) lbu     t3, 463(t0)
core   0: 3 0x80000f02 (0x1cf2ce03) x28 0x000000aa mem 0x800208f1
core   0: 0x80000f06 (0x40e2ce03) lbu     t3, 1038(t0)
core   0: 3 0x80000f06 (0x40e2ce03) x28 0x000000eb mem 0x80020b30
core   0: 0x80000f0a (0x0000100f) fence.i
core   0: 3 0x80000f0a (0x0000100f)
core   0: 0x80000f0e (0x92a29903) lh      s2, -1750(t0)
core   0: 3 0x80000f0e (0x92a29903) x18 0x00000607 mem 0x8002004c
core   0: 0x80000f12 (0x03252533) mulhsu  a0, a0, s2
core   0: 3 0x80000f12 (0x03252533) x10 0xffffffff
core   0: 0x80000f16 (0x20c28183) lb      gp, 524(t0)
core   0: 3 0x80000f16 (0x20c28183) x 3 0xffffffe5 mem 0x8002092e
core   0: 0x80000f1a (0x0031acb3) slt     s9, gp, gp
core   0: 3 0x80000f1a (0x0031acb3) x25 0x00000000
core   0: 0x80000f1e (0x000091aa) c.add   gp, a0
core   0: 3 0x80000f1e (0x91aa) x 3 0xffffffe4
core   0: 0x80000f20 (0x4202cb03) lbu     s6, 1056(t0)
core   0: 3 0x80000f20 (0x4202cb03) x22 0x000000f9 mem 0x80020b42
core   0: 0x80000f24 (0x40a18b33) sub     s6, gp, a0
core   0: 3 0x80000f24 (0x40a18b33) x22 0xffffffe5
core   0: 0x80000f28 (0x7442c503) lbu     a0, 1860(t0)
core   0: 3 0x80000f28 (0x7442c503) x10 0x0000001d mem 0x80020e66
core   0: 0x80000f2c (0x0000890d) c.andi  a0, 3
core   0: 3 0x80000f2c (0x890d) x10 0x00000001
core   0: 0x80000f2e (0x73d28c83) lb      s9, 1853(t0)
core   0: 3 0x80000f2e (0x73d28c83) x25 0x00000014 mem 0x80020e5f
core   0: 0x80000f32 (0x07b28e03) lb      t3, 123(t0)
core   0: 3 0x80000f32 (0x07b28e03) x28 0x00000056 mem 0x8002079d
core   0: 0x80000f36 (0x2132cc83) lbu     s9, 531(t0)
core   0: 3 0x80000f36 (0x2132cc83) x25 0x000000ee mem 0x80020935
core   0: 0x80000f3a (0xfe12c503) lbu     a0, -31(t0)
core   0: 3 0x80000f3a (0xfe12c503) x10 0x000000b8 mem 0x80020703
core   0: 0x80000f3e (0x000061e1) c.lui   gp, 0x18
core   0: 3 0x80000f3e (0x61e1) x 3 0x00018000
core   0: 0x80000f40 (0x5092cb03) lbu     s6, 1289(t0)
core   0: 3 0x80000f40 (0x5092cb03) x22 0x000000e0 mem 0x80020c2b
core   0: 0x80000f44 (0xac12cc83) lbu     s9, -1343(t0)
core   0: 3 0x80000f44 (0xac12cc83) x25 0x00000098 mem 0x800201e3
core   0: 0x80000f48 (0x97c29223) sh      t3, -1692(t0)
core   0: 3 0x80000f48 (0x97c29223) mem 0x80020086 0x0056
core   0: 0x80000f4c (0xb352c903) lbu     s2, -1227(t0)
core   0: 3 0x80000f4c (0xb352c903) x18 0x0000000c mem 0x80020257
core   0: 0x80000f50 (0x23629c83) lh      s9, 566(t0)
core   0: 3 0x80000f50 (0x23629c83) x25 0x00001213 mem 0x80020958
core   0: 0x80000f54 (0x00a19e33) sll     t3, gp, a0
core   0: 3 0x80000f54 (0x00a19e33) x28 0x00000000
core   0: 0x80000f58 (0x20f2cc83) lbu     s9, 527(t0)
core   0: 3 0x80000f58 (0x20f2cc83) x25 0x000000ea mem 0x80020931
core   0: 0x80000f5c (0x003b51b3) srl     gp, s6, gp
core   0: 3 0x80000f5c (0x003b51b3) x 3 0x000000e0
core   0: 0x80000f60 (0x91b2c503) lbu     a0, -1765(t0)
core   0: 3 0x80000f60 (0x91b2c503) x10 0x000000f6 mem 0x8002003d
core   0: 0x80000f64 (0x00008d09) c.sub   a0, a0
core   0: 3 0x80000f64 (0x8d09) x10 0x00000000
core   0: 0x80000f66 (0xfbe29c83) lh      s9, -66(t0)
core   0: 3 0x80000f66 (0xfbe29c83) x25 0xffff9a9b mem 0x800206e0
core   0: 0x80000f6a (0x00800613) li      a2, 8
core   0: 3 0x80000f6a (0x00800613) x12 0x00000008
core   0: 0x80000f6e (0x0193b7b3) sltu    a5, t2, s9
core   0: 3 0x80000f6e (0x0193b7b3) x15 0x00000001
core   0: 0x80000f72 (0x01000993) li      s3, 16
core   0: 3 0x80000f72 (0x01000993) x19 0x00000010
core   0: 0x80000f76 (0x400fd3b3) sra     t2, t6, zero
core   0: 3 0x80000f76 (0x400fd3b3) x 7 0x00005c2e
core   0: 0x80000f7a (0x00000001) c.nop
core   0: 3 0x80000f7a (0x0001)
core   0: 0x80000f7c (0x0ff0000f) fence   iorw,iorw
core   0: 3 0x80000f7c (0x0ff0000f)
core   0: 0x80000f80 (0x00000625) c.addi  a2, 9
core   0: 3 0x80000f80 (0x0625) x12 0x00000011
core   0: 0x80000f82 (0x02d088b3) mul     a7, ra, a3
core   0: 3 0x80000f82 (0x02d088b3) x17 0x00c3b1c0
core   0: 0x80000f86 (0x00000001) c.nop
core   0: 3 0x80000f86 (0x0001)
core   0: 0x80000f88 (0x000061f9) c.lui   gp, 0x1e
core   0: 3 0x80000f88 (0x61f9) x 3 0x0001e000
core   0: 0x80000f8a (0xdd5ae197) auipc   gp, 0xdd5ae
core   0: 3 0x80000f8a (0xdd5ae197) x 3 0x5d5aef8a
core   0: 0x80000f8e (0x00008fa9) c.xor   a5, a0
core   0: 3 0x80000f8e (0x8fa9) x15 0x00000001
core   0: 0x80000f90 (0xff3645e3) blt     a2, s3, pc - 22
core   0: 3 0x80000f90 (0xff3645e3)
core   0: 0x80000f94 (0x0000100f) fence.i
core   0: 3 0x80000f94 (0x0000100f)
core   0: 0x80000f98 (0x0001ec17) auipc   s8, 0x1e
core   0: 3 0x80000f98 (0x0001ec17) x24 0x8001ef98
core   0: 0x80000f9c (0x40cc0c13) addi    s8, s8, 1036
core   0: 3 0x80000f9c (0x40cc0c13) x24 0x8001f3a4
core   0: 0x80000fa0 (0x00008a9d) c.andi  a3, 7
core   0: 3 0x80000fa0 (0x8a9d) x13 0x00000000
core   0: 0x80000fa2 (0x00008e95) c.sub   a3, a3
core   0: 3 0x80000fa2 (0x8e95) x13 0x00000000
core   0: 0x80000fa4 (0x034c0383) lb      t2, 52(s8)
core   0: 3 0x80000fa4 (0x034c0383) x 7 0xffffff93 mem 0x8001f3d8
core   0: 0x80000fa8 (0x02dd8433) mul     s0, s11, a3
core   0: 3 0x80000fa8 (0x02dd8433) x 8 0x00000000
core   0: 0x80000fac (0x03bdd6b3) divu    a3, s11, s11
core   0: 3 0x80000fac (0x03bdd6b3) x13 0x00000001
core   0: 0x80000fb0 (0x006dddb3) srl     s11, s11, t1
core   0: 3 0x80000fb0 (0x006dddb3) x27 0x001fffff
core   0: 0x80000fb4 (0x00008c01) c.sub   s0, s0
core   0: 3 0x80000fb4 (0x8c01) x 8 0x00000000
core   0: 0x80000fb6 (0xf42c4683) lbu     a3, -190(s8)
core   0: 3 0x80000fb6 (0xf42c4683) x13 0x0000009d mem 0x8001f2e6
core   0: 0x80000fba (0x02639433) mulh    s0, t2, t1
core   0: 3 0x80000fba (0x02639433) x 8 0xffffffff
core   0: 0x80000fbe (0x00008db6) c.mv    s11, a3
core   0: 3 0x80000fbe (0x8db6) x27 0x0000009d
core   0: 0x80000fc0 (0x9a0c1383) lh      t2, -1632(s8)
core   0: 3 0x80000fc0 (0x9a0c1383) x 7 0xfffffeff mem 0x8001ed44
core   0: 0x80000fc4 (0x3c2c5403) lhu     s0, 962(s8)
core   0: 3 0x80000fc4 (0x3c2c5403) x 8 0x00001c1d mem 0x8001f766
core   0: 0x80000fc8 (0x4ffc4883) lbu     a7, 1279(s8)
core   0: 3 0x80000fc8 (0x4ffc4883) x17 0x00000058 mem 0x8001f8a3
core   0: 0x80000fcc (0x923c4383) lbu     t2, -1757(s8)
core   0: 3 0x80000fcc (0x923c4383) x 7 0x0000007c mem 0x8001ecc7
core   0: 0x80000fd0 (0xf76c5883) lhu     a7, -138(s8)
core   0: 3 0x80000fd0 (0xf76c5883) x17 0x0000d0d1 mem 0x8001f31a
core   0: 0x80000fd4 (0x00000476) c.slli  s0, 29
core   0: 3 0x80000fd4 (0x0476) x 8 0xa0000000
core   0: 0x80000fd6 (0x7f03e693) ori     a3, t2, 2032
core   0: 3 0x80000fd6 (0x7f03e693) x13 0x000007fc
core   0: 0x80000fda (0x00747433) and     s0, s0, t2
core   0: 3 0x80000fda (0x00747433) x 8 0x00000000
core   0: 0x80000fde (0x395c4883) lbu     a7, 917(s8)
core   0: 3 0x80000fde (0x395c4883) x17 0x000000f2 mem 0x8001f739
core   0: 0x80000fe2 (0x000098ee) c.add   a7, s11
core   0: 3 0x80000fe2 (0x98ee) x17 0x0000018f
core   0: 0x80000fe4 (0x14fc0883) lb      a7, 335(s8)
core   0: 3 0x80000fe4 (0x14fc0883) x17 0xffffffa8 mem 0x8001f4f3
core   0: 0x80000fe8 (0xc26c0da3) sb      t1, -965(s8)
core   0: 3 0x80000fe8 (0xc26c0da3) mem 0x8001efdf 0xb
core   0: 0x80000fec (0xa3bc02a3) sb      s11, -1499(s8)
core   0: 3 0x80000fec (0xa3bc02a3) mem 0x8001edc9 0x9d
core   0: 0x80000ff0 (0xe0dc0c23) sb      a3, -488(s8)
core   0: 3 0x80000ff0 (0xe0dc0c23) mem 0x8001f1bc 0xfc
core   0: 0x80000ff4 (0xfebc4383) lbu     t2, -21(s8)
core   0: 3 0x80000ff4 (0xfebc4383) x 7 0x00000044 mem 0x8001f38f
core   0: 0x80000ff8 (0x35dc4883) lbu     a7, 861(s8)
core   0: 3 0x80000ff8 (0x35dc4883) x17 0x000000ba mem 0x8001f701
core   0: 0x80000ffc (0x05736393) ori     t2, t1, 87
core   0: 3 0x80000ffc (0x05736393) x 7 0x0000005f
core   0: 0x80001000 (0x391c00a3) sb      a7, 897(s8)
core   0: 3 0x80001000 (0x391c00a3) mem 0x8001f725 0xba
core   0: 0x80001004 (0x00008e95) c.sub   a3, a3
core   0: 3 0x80001004 (0x8e95) x13 0x00000000
core   0: 0x80001006 (0xe86c1423) sh      t1, -376(s8)
core   0: 3 0x80001006 (0xe86c1423) mem 0x8001f22c 0x000b
core   0: 0x8000100a (0x5fbc2423) sw      s11, 1512(s8)
core   0: 3 0x8000100a (0x5fbc2423) mem 0x8001f98c 0x0000009d
core   0: 0x8000100e (0x30bc4683) lbu     a3, 779(s8)
core   0: 3 0x8000100e (0x30bc4683) x13 0x00000064 mem 0x8001f6af
core   0: 0x80001012 (0x00012897) auipc   a7, 0x12
core   0: 3 0x80001012 (0x00012897) x17 0x80013012
core   0: 0x80001016 (0xf5d88893) addi    a7, a7, -163
core   0: 3 0x80001016 (0xf5d88893) x17 0x80012f6f
core   0: 0x8000101a (0x0000fc17) auipc   s8, 0xf
core   0: 3 0x8000101a (0x0000fc17) x24 0x8001001a
core   0: 0x8000101e (0x719c0c13) addi    s8, s8, 1817
core   0: 3 0x8000101e (0x719c0c13) x24 0x80010733
core   0: 0x80001022 (0x01a890a3) sh      s10, 1(a7)
core   0: 3 0x80001022 (0x01a890a3) mem 0x80012f70 0xff86
core   0: 0x80001026 (0x006883a3) sb      t1, 7(a7)
core   0: 3 0x80001026 (0x006883a3) mem 0x80012f76 0xb
core   0: 0x8000102a (0x019c1503) lh      a0, 25(s8)
core   0: 3 0x8000102a (0x019c1503) x10 0x00000607 mem 0x8001074c
core   0: 0x8000102e (0x00e8c803) lbu     a6, 14(a7)
core   0: 3 0x8000102e (0x00e8c803) x16 0x00000036 mem 0x80012f7d
core   0: 0x80001032 (0x00f89603) lh      a2, 15(a7)
core   0: 3 0x80001032 (0x00f89603) x12 0x00003435 mem 0x80012f7e
core   0: 0x80001036 (0x00f88303) lb      t1, 15(a7)
core   0: 3 0x80001036 (0x00f88303) x 6 0x00000035 mem 0x80012f7e
core   0: 0x8000103a (0x01bc03a3) sb      s11, 7(s8)
core   0: 3 0x8000103a (0x01bc03a3) mem 0x8001073a 0x9d
core   0: 0x8000103e (0xff688803) lb      a6, -10(a7)
core   0: 3 0x8000103e (0xff688803) x16 0x0000001e mem 0x80012f65
core   0: 0x80001042 (0xfeac0123) sb      a0, -30(s8)
core   0: 3 0x80001042 (0xfeac0123) mem 0x80010715 0x7
core   0: 0x80001046 (0xfe089ea3) sh      zero, -3(a7)
core   0: 3 0x80001046 (0xfe089ea3) mem 0x80012f6c 0x0000
core   0: 0x8000104a (0xfccc4a83) lbu     s5, -52(s8)
core   0: 3 0x8000104a (0xfccc4a83) x21 0x000000b4 mem 0x800106ff
core   0: 0x8000104e (0x00e88003) lb      zero, 14(a7)
core   0: 3 0x8000104e (0x00e88003) mem 0x80012f7d
core   0: 0x80001052 (0xff2c0c23) sb      s2, -8(s8)
core   0: 3 0x80001052 (0xff2c0c23) mem 0x8001072b 0xc
core   0: 0x80001056 (0xfe4c0083) lb      ra, -28(s8)
core   0: 3 0x80001056 (0xfe4c0083) x 1 0xffffffcc mem 0x80010717
core   0: 0x8000105a (0xffd88c83) lb      s9, -3(a7)
core   0: 3 0x8000105a (0xffd88c83) x25 0x00000000 mem 0x80012f6c
core   0: 0x8000105e (0xff9c1ca3) sh      s9, -7(s8)
core   0: 3 0x8000105e (0xff9c1ca3) mem 0x8001072c 0x0000
core   0: 0x80001062 (0xff88ce03) lbu     t3, -8(a7)
core   0: 3 0x80001062 (0xff88ce03) x28 0x0000001c mem 0x80012f67
core   0: 0x80001066 (0x00019d17) auipc   s10, 0x19
core   0: 3 0x80001066 (0x00019d17) x26 0x8001a066
core   0: 0x8000106a (0x093d0d13) addi    s10, s10, 147
core   0: 3 0x8000106a (0x093d0d13) x26 0x8001a0f9
core   0: 0x8000106e (0x024d0ba3) sb      tp, 55(s10)
core   0: 3 0x8000106e (0x024d0ba3) mem 0x8001a130 0xc7
core   0: 0x80001072 (0x00000dde) c.slli  s11, 23
core   0: 3 0x80001072 (0x0dde) x27 0x4e800000
core   0: 0x80001074 (0x03ed27a3) sw      t5, 47(s10)
core   0: 3 0x80001074 (0x03ed27a3) mem 0x8001a128 0x80000000
core   0: 0x80001078 (0x00008861) c.andi  s0, 24
core   0: 3 0x80001078 (0x8861) x 8 0x00000000
core   0: 0x8000107a (0x033d1203) lh      tp, 51(s10)
core   0: 3 0x8000107a (0x033d1203) x 4 0xffffe6e7 mem 0x8001a12c
core   0: 0x8000107e (0x013d5703) lhu     a4, 19(s10)
core   0: 3 0x8000107e (0x013d5703) x14 0x0000c6c7 mem 0x8001a10c
core   0: 0x80001082 (0x02bd0d83) lb      s11, 43(s10)
core   0: 3 0x80001082 (0x02bd0d83) x27 0xffffffdf mem 0x8001a124
core   0: 0x80001086 (0x02ed0023) sb      a4, 32(s10)
core   0: 3 0x80001086 (0x02ed0023) mem 0x8001a119 0xc7
core   0: 0x8000108a (0x02ad0d83) lb      s11, 42(s10)
core   0: 3 0x8000108a (0x02ad0d83) x27 0xffffffd8 mem 0x8001a123
core   0: 0x8000108e (0xfdcd0d23) sb      t3, -38(s10)
core   0: 3 0x8000108e (0xfdcd0d23) mem 0x8001a0d3 0x1c
core   0: 0x80001092 (0x008d0f23) sb      s0, 30(s10)
core   0: 3 0x80001092 (0x008d0f23) mem 0x8001a117 0x0
core   0: 0x80001096 (0xfc8d1fa3) sh      s0, -33(s10)
core   0: 3 0x80001096 (0xfc8d1fa3) mem 0x8001a0d8 0x0000
core   0: 0x8000109a (0x02bd2e03) lw      t3, 43(s10)
core   0: 3 0x8000109a (0x02bd2e03) x28 0xdcdddedf mem 0x8001a124
core   0: 0x8000109e (0xffbd0823) sb      s11, -16(s10)
core   0: 3 0x8000109e (0xffbd0823) mem 0x8001a0e9 0xd8
core   0: 0x800010a2 (0x006d9f13) slli    t5, s11, 6
core   0: 3 0x800010a2 (0x006d9f13) x30 0xfffff600
core   0: 0x800010a6 (0x02ed0023) sb      a4, 32(s10)
core   0: 3 0x800010a6 (0x02ed0023) mem 0x8001a119 0xc7
core   0: 0x800010aa (0x004d0523) sb      tp, 10(s10)
core   0: 3 0x800010aa (0x004d0523) mem 0x8001a103 0xe7
core   0: 0x800010ae (0x0000100f) fence.i
core   0: 3 0x800010ae (0x0000100f)
core   0: 0x800010b2 (0x0ff0000f) fence   iorw,iorw
core   0: 3 0x800010b2 (0x0ff0000f)
core   0: 0x800010b6 (0xfe7d1203) lh      tp, -25(s10)
core   0: 3 0x800010b6 (0xfe7d1203) x 4 0xffff9a9b mem 0x8001a0e0
core   0: 0x800010ba (0x03bdedb3) rem     s11, s11, s11
core   0: 3 0x800010ba (0x03bdedb3) x27 0x00000000
core   0: 0x800010be (0x00006e0d) c.lui   t3, 0x3
core   0: 3 0x800010be (0x6e0d) x28 0x00003000
core   0: 0x800010c0 (0xfc4d06a3) sb      tp, -51(s10)
core   0: 3 0x800010c0 (0xfc4d06a3) mem 0x8001a0c6 0x9b
core   0: 0x800010c4 (0x00008422) c.mv    s0, s0
core   0: 3 0x800010c4 (0x8422) x 8 0x00000000
core   0: 0x800010c6 (0xfced0d83) lb      s11, -50(s10)
core   0: 3 0x800010c6 (0xfced0d83) x27 0x0000007c mem 0x8001a0c7
core   0: 0x800010ca (0x40525e13) srai    t3, tp, 5
core   0: 3 0x800010ca (0x40525e13) x28 0xfffffcd4
core   0: 0x800010ce (0x0000923a) c.add   tp, a4
core   0: 3 0x800010ce (0x923a) x 4 0x00006162
core   0: 0x800010d0 (0x01edd733) srl     a4, s11, t5
core   0: 3 0x800010d0 (0x01edd733) x14 0x0000007c
core   0: 0x800010d4 (0x01c42db3) slt     s11, s0, t3
core   0: 3 0x800010d4 (0x01c42db3) x27 0x00000000
core   0: 0x800010d8 (0xffed4e03) lbu     t3, -2(s10)
core   0: 3 0x800010d8 (0xffed4e03) x28 0x000000ac mem 0x8001a0f7
core   0: 0x800010dc (0x008d0f23) sb      s0, 30(s10)
core   0: 3 0x800010dc (0x008d0f23) mem 0x8001a117 0x0
core   0: 0x800010e0 (0x007d4203) lbu     tp, 7(s10)
core   0: 3 0x800010e0 (0x007d4203) x 4 0x000000bb mem 0x8001a100
core   0: 0x800010e4 (0xfe0d0403) lb      s0, -32(s10)
core   0: 3 0x800010e4 (0xfe0d0403) x 8 0x00000000 mem 0x8001a0d9
core   0: 0x800010e8 (0x00009772) c.add   a4, t3
core   0: 3 0x800010e8 (0x9772) x14 0x00000128
core   0: 0x800010ea (0x03ed0f23) sb      t5, 62(s10)
core   0: 3 0x800010ea (0x03ed0f23) mem 0x8001a137 0x0
core   0: 0x800010ee (0x0000625d) c.lui   tp, 0x17
core   0: 3 0x800010ee (0x625d) x 4 0x00017000
core   0: 0x800010f0 (0xfe7d1f03) lh      t5, -25(s10)
core   0: 3 0x800010f0 (0xfe7d1f03) x30 0xffff9a9b mem 0x8001a0e0
core   0: 0x800010f4 (0x03bd2da3) sw      s11, 59(s10)
core   0: 3 0x800010f4 (0x03bd2da3) mem 0x8001a134 0x00000000
core   0: 0x800010f8 (0x0001db97) auipc   s7, 0x1d
core   0: 3 0x800010f8 (0x0001db97) x23 0x8001e0f8
core   0: 0x800010fc (0x5d0b8b93) addi    s7, s7, 1488
core   0: 3 0x800010fc (0x5d0b8b93) x23 0x8001e6c8
core   0: 0x80001100 (0x6b9ba623) sw      s9, 1708(s7)
core   0: 3 0x80001100 (0x6b9ba623) mem 0x8001ed74 0x00000000
core   0: 0x80001104 (0x448b9483) lh      s1, 1096(s7)
core   0: 3 0x80001104 (0x448b9483) x 9 0xffffcacb mem 0x8001eb10
core   0: 0x80001108 (0x00008105) c.srli  a0, 1
core   0: 3 0x80001108 (0x8105) x10 0x00000303
core   0: 0x8000110a (0x011a5613) srli    a2, s4, 17
core   0: 3 0x8000110a (0x011a5613) x12 0x00004001
core   0: 0x8000110e (0xc5db81a3) sb      t4, -957(s7)
core   0: 3 0x8000110e (0xc5db81a3) mem 0x8001e30b 0x0
core   0: 0x80001112 (0x2f9b81a3) sb      s9, 739(s7)
core   0: 3 0x80001112 (0x2f9b81a3) mem 0x8001e9ab 0x0
core   0: 0x80001116 (0x0000100f) fence.i
core   0: 3 0x80001116 (0x0000100f)
core   0: 0x8000111a (0x3aebd503) lhu     a0, 942(s7)
core   0: 3 0x8000111a (0x3aebd503) x10 0x00002c2d mem 0x8001ea76
core   0: 0x8000111e (0xf87b8f03) lb      t5, -121(s7)
core   0: 3 0x8000111e (0xf87b8f03) x30 0x00000004 mem 0x8001e64f
core   0: 0x80001122 (0x2b7b8503) lb      a0, 695(s7)
core   0: 3 0x80001122 (0x2b7b8503) x10 0x00000034 mem 0x8001e97f
core   0: 0x80001126 (0xd1eb9803) lh      a6, -738(s7)
core   0: 3 0x80001126 (0xd1eb9803) x16 0xffff9c9d mem 0x8001e3e6
core   0: 0x8000112a (0x01d757b3) srl     a5, a4, t4
core   0: 3 0x8000112a (0x01d757b3) x15 0x00000128
core   0: 0x8000112e (0xdc5bc983) lbu     s3, -571(s7)
core   0: 3 0x8000112e (0xdc5bc983) x19 0x00000046 mem 0x8001e48d
core   0: 0x80001132 (0x00004dc5) c.li    s11, 17
core   0: 3 0x80001132 (0x4dc5) x27 0x00000011
core   0: 0x80001134 (0xa70ba683) lw      a3, -1424(s7)
core   0: 3 0x80001134 (0xa70ba683) x13 0xf0f1f2f3 mem 0x8001e138
core   0: 0x80001138 (0x7b1b88a3) sb      a7, 1969(s7)
core   0: 3 0x80001138 (0x7b1b88a3) mem 0x8001ee79 0x6f
core   0: 0x8000113c (0x00008fe9) c.and   a5, a0
core   0: 3 0x8000113c (0x8fe9) x15 0x00000020
core   0: 0x8000113e (0x01c624b3) slt     s1, a2, t3
core   0: 3 0x8000113e (0x01c624b3) x 9 0x00000000
core   0: 0x80001142 (0x1d6bde03) lhu     t3, 470(s7)
core   0: 3 0x80001142 (0x1d6bde03) x28 0x00005455 mem 0x8001e89e
core   0: 0x80001146 (0x40c85db3) sra     s11, a6, a2
core   0: 3 0x80001146 (0x40c85db3) x27 0xffffce4e
core   0: 0x8000114a (0xb75bc203) lbu     tp, -1163(s7)
core   0: 3 0x8000114a (0xb75bc203) x 4 0x000000f6 mem 0x8001e23d
core   0: 0x8000114e (0xbdbbc803) lbu     a6, -1061(s7)
core   0: 3 0x8000114e (0xbdbbc803) x16 0x00000058 mem 0x8001e2a3
core   0: 0x80001152 (0x00008e91) c.sub   a3, a2
core   0: 3 0x80001152 (0x8e91) x13 0xf0f1b2f2
core   0: 0x80001154 (0xb71bc303) lbu     t1, -1167(s7)
core   0: 3 0x80001154 (0xb71bc303) x 6 0x000000f2 mem 0x8001e239
core   0: 0x80001158 (0x00b14db3) xor     s11, sp, a1
core   0: 3 0x80001158 (0x00b14db3) x27 0x00029ce4
core   0: 0x8000115c (0x065b8ea3) sb      t0, 125(s7)
core   0: 3 0x8000115c (0x065b8ea3) mem 0x8001e745 0x22
core   0: 0x80001160 (0x00012317) auipc   t1, 0x12
core   0: 3 0x80001160 (0x00012317) x 6 0x80013160
core   0: 0x80001164 (0x08130313) addi    t1, t1, 129
core   0: 3 0x80001164 (0x08130313) x 6 0x800131e1
core   0: 0x80001168 (0x00b31183) lh      gp, 11(t1)
core   0: 3 0x80001168 (0x00b31183) x 3 0xffffa6a7 mem 0x800131ec
core   0: 0x8000116c (0x00010e17) auipc   t3, 0x10
core   0: 3 0x8000116c (0x00010e17) x28 0x8001116c
core   0: 0x80001170 (0x928e0e13) addi    t3, t3, -1752
core   0: 3 0x80001170 (0x928e0e13) x28 0x80010a94
core   0: 0x80001174 (0x00834203) lbu     tp, 8(t1)
core   0: 3 0x80001174 (0x00834203) x 4 0x000000a2 mem 0x800131e9
core   0: 0x80001178 (0xff430803) lb      a6, -12(t1)
core   0: 3 0x80001178 (0xff430803) x16 0xffffff8e mem 0x800131d5
core   0: 0x8000117c (0xebce2023) sw      t3, -352(t3)
core   0: 3 0x8000117c (0xebce2023) mem 0x80010934 0x80010a94
core   0: 0x80001180 (0x00935983) lhu     s3, 9(t1)
core   0: 3 0x80001180 (0x00935983) x19 0x0000a0a1 mem 0x800131ea
core   0: 0x80001184 (0x8f5e0683) lb      a3, -1803(t3)
core   0: 3 0x80001184 (0x8f5e0683) x13 0x00000042 mem 0x80010389
core   0: 0x80001188 (0xffe34183) lbu     gp, -2(t1)
core   0: 3 0x80001188 (0xffe34183) x 3 0x00000094 mem 0x800131df
core   0: 0x8000118c (0xff030e83) lb      t4, -16(t1)
core   0: 3 0x8000118c (0xff030e83) x29 0xffffff8a mem 0x800131d1
core   0: 0x80001190 (0x9a6e4d83) lbu     s11, -1626(t3)
core   0: 3 0x80001190 (0x9a6e4d83) x27 0x000000f1 mem 0x8001043a
core   0: 0x80001194 (0x00c34b03) lbu     s6, 12(t1)
core   0: 3 0x80001194 (0x00c34b03) x22 0x000000a6 mem 0x800131ed
core   0: 0x80001198 (0x2c6e08a3) sb      t1, 721(t3)
core   0: 3 0x80001198 (0x2c6e08a3) mem 0x80010d65 0xe1
core   0: 0x8000119c (0xff634d83) lbu     s11, -10(t1)
core   0: 3 0x8000119c (0xff634d83) x27 0x0000008c mem 0x800131d7
core   0: 0x800011a0 (0xc34e2823) sw      s4, -976(t3)
core   0: 3 0x800011a0 (0xc34e2823) mem 0x800106c4 0x80025e64
core   0: 0x800011a4 (0x0001ae17) auipc   t3, 0x1a
core   0: 3 0x800011a4 (0x0001ae17) x28 0x8001b1a4
core   0: 0x800011a8 (0x4c6e0e13) addi    t3, t3, 1222
core   0: 3 0x800011a8 (0x4c6e0e13) x28 0x8001b66a
core   0: 0x800011ac (0x016dbf33) sltu    t5, s11, s6
core   0: 3 0x800011ac (0x016dbf33) x30 0x00000001
core   0: 0x800011b0 (0x001e07a3) sb      ra, 15(t3)
core   0: 3 0x800011b0 (0x001e07a3) mem 0x8001b679 0xcc
core   0: 0x800011b4 (0xff1e4083) lbu     ra, -15(t3)
core   0: 3 0x800011b4 (0xff1e4083) x 1 0x00000010 mem 0x8001b65b
core   0: 0x800011b8 (0x00000d1a) c.slli  s10, 6
core   0: 3 0x800011b8 (0x0d1a) x26 0x00683e40
core   0: 0x800011ba (0xbd411f37) lui     t5, 0xbd411
core   0: 3 0x800011ba (0xbd411f37) x30 0xbd411000
core   0: 0x800011be (0x010e0d03) lb      s10, 16(t3)
core   0: 3 0x800011be (0x010e0d03) x26 0x00000031 mem 0x8001b67a
core   0: 0x800011c2 (0x00000001) c.nop
core   0: 3 0x800011c2 (0x0001)
core   0: 0x800011c4 (0xffce4b03) lbu     s6, -4(t3)
core   0: 3 0x800011c4 (0xffce4b03) x22 0x0000001d mem 0x8001b666
core   0: 0x800011c8 (0x01ae1123) sh      s10, 2(t3)
core   0: 3 0x800011c8 (0x01ae1123) mem 0x8001b66c 0x0031
core   0: 0x800011cc (0x7870af13) slti    t5, ra, 1927
core   0: 3 0x800011cc (0x7870af13) x30 0x00000001
core   0: 0x800011d0 (0xffbe1e23) sh      s11, -4(t3)
core   0: 3 0x800011d0 (0xffbe1e23) mem 0x8001b666 0x008c
core   0: 0x800011d4 (0x00000001) c.nop
core   0: 3 0x800011d4 (0x0001)
core   0: 0x800011d6 (0xff6e0923) sb      s6, -14(t3)
core   0: 3 0x800011d6 (0xff6e0923) mem 0x8001b65c 0x1d
core   0: 0x800011da (0x008e5083) lhu     ra, 8(t3)
core   0: 3 0x800011da (0x008e5083) x 1 0x00002829 mem 0x8001b672
core   0: 0x800011de (0x01bda0b3) slt     ra, s11, s11
core   0: 3 0x800011de (0x01bda0b3) x 1 0x00000000
core   0: 0x800011e2 (0xffce4b03) lbu     s6, -4(t3)
core   0: 3 0x800011e2 (0xffce4b03) x22 0x0000008c mem 0x8001b666
core   0: 0x800011e6 (0x4117df13) srai    t5, a5, 17
core   0: 3 0x800011e6 (0x4117df13) x30 0x00000000
core   0: 0x800011ea (0xffae1083) lh      ra, -6(t3)
core   0: 3 0x800011ea (0xffae1083) x 1 0x00001e1f mem 0x8001b664
core   0: 0x800011ee (0x007e0b03) lb      s6, 7(t3)
core   0: 3 0x800011ee (0x007e0b03) x22 0x0000002a mem 0x8001b671
core   0: 0x800011f2 (0xa27d3b13) sltiu   s6, s10, -1497
core   0: 3 0x800011f2 (0xa27d3b13) x22 0x00000001
core   0: 0x800011f6 (0x00008f9d) c.sub   a5, a5
core   0: 3 0x800011f6 (0x8f9d) x15 0x00000000
core   0: 0x800011f8 (0xff3e4083) lbu     ra, -13(t3)
core   0: 3 0x800011f8 (0xff3e4083) x 1 0x00000016 mem 0x8001b65d
core   0: 0x800011fc (0xfffe0783) lb      a5, -1(t3)
core   0: 3 0x800011fc (0xfffe0783) x15 0x00000022 mem 0x8001b669
core   0: 0x80001200 (0xfefe2f23) sw      a5, -2(t3)
core   0: 3 0x80001200 (0xfefe2f23) mem 0x8001b668 0x00000022
core   0: 0x80001204 (0xffee2b03) lw      s6, -2(t3)
core   0: 3 0x80001204 (0xffee2b03) x22 0x00000022 mem 0x8001b668
core   0: 0x80001208 (0x01ee05a3) sb      t5, 11(t3)
core   0: 3 0x80001208 (0x01ee05a3) mem 0x8001b675 0x0
core   0: 0x8000120c (0xffd00613) li      a2, -3
core   0: 3 0x8000120c (0xffd00613) x12 0xfffffffd
core   0: 0x80001210 (0xef017517) auipc   a0, 0xef017
core   0: 3 0x80001210 (0xef017517) x10 0x6f018210
core   0: 0x80001214 (0x12210293) addi    t0, sp, 290
core   0: 3 0x80001214 (0x12210293) x 5 0x80029e06
core   0: 0x80001218 (0x00008ec5) c.or    a3, s1
core   0: 3 0x80001218 (0x8ec5) x13 0x00000042
core   0: 0x8000121a (0x02ab4933) div     s2, s6, a0
core   0: 3 0x8000121a (0x02ab4933) x18 0x00000000
core   0: 0x8000121e (0x00000001) c.nop
core   0: 3 0x8000121e (0x0001)
core   0: 0x80001220 (0x0000537d) c.li    t1, -1
core   0: 3 0x80001220 (0x537d) x 6 0xffffffff
core   0: 0x80001222 (0x3cf02e93) slti    t4, zero, 975
core   0: 3 0x80001222 (0x3cf02e93) x29 0x00000001
core   0: 0x80001226 (0x16443713) sltiu   a4, s0, 356
core   0: 3 0x80001226 (0x16443713) x14 0x00000001
core   0: 0x8000122a (0x00008d11) c.sub   a0, a2
core   0: 3 0x8000122a (0x8d11) x10 0x6f018213
core   0: 0x8000122c (0xfea37c37) lui     s8, 0xfea37
core   0: 3 0x8000122c (0xfea37c37) x24 0xfea37000
core   0: 0x80001230 (0x40da52b3) sra     t0, s4, a3
core   0: 3 0x80001230 (0x40da52b3) x 5 0xe0009799
core   0: 0x80001234 (0x00a74933) xor     s2, a4, a0
core   0: 3 0x80001234 (0x00a74933) x18 0x6f018212
core   0: 0x80001238 (0x0000100f) fence.i
core   0: 3 0x80001238 (0x0000100f)
core   0: 0x8000123c (0x00000605) c.addi  a2, 1
core   0: 3 0x8000123c (0x0605) x12 0xfffffffe
core   0: 0x8000123e (0x011a2533) slt     a0, s4, a7
core   0: 3 0x8000123e (0x011a2533) x10 0x00000000
core   0: 0x80001242 (0x00825193) srli    gp, tp, 8
core   0: 3 0x80001242 (0x00825193) x 3 0x00000000
core   0: 0x80001246 (0x0299f233) remu    tp, s3, s1
core   0: 3 0x80001246 (0x0299f233) x 4 0x0000a0a1
core   0: 0x8000124a (0x0000de71) c.beqz  a2, pc - 36
core   0: 3 0x8000124a (0xde71)
core   0: 0x8000124c (0x00a2df93) srli    t6, t0, 10
core   0: 3 0x8000124c (0x00a2df93) x31 0x00380025
core   0: 0x80001250 (0x00016b17) auipc   s6, 0x16
core   0: 3 0x80001250 (0x00016b17) x22 0x80017250
core   0: 0x80001254 (0xe83b0b13) addi    s6, s6, -381
core   0: 3 0x80001254 (0xe83b0b13) x22 0x800170d3
core   0: 0x80001258 (0x00000001) c.nop
core   0: 3 0x80001258 (0x0001)
core   0: 0x8000125a (0x000046ad) c.li    a3, 11
core   0: 3 0x8000125a (0x46ad) x13 0x0000000b
core   0: 0x8000125c (0x00004e05) c.li    t3, 1
core   0: 3 0x8000125c (0x4e05) x28 0x00000001
core   0: 0x8000125e (0xda3f5097) auipc   ra, 0xda3f5
core   0: 3 0x8000125e (0xda3f5097) x 1 0x5a3f625e
core   0: 0x80001262 (0xf5cb0183) lb      gp, -164(s6)
core   0: 3 0x80001262 (0xf5cb0183) x 3 0xffffffe4 mem 0x8001702f
core   0: 0x80001266 (0x00008ff9) c.and   a5, a4
core   0: 3 0x80001266 (0x8ff9) x15 0x00000000
core   0: 0x80001268 (0x56c12213) slti    tp, sp, 1388
core   0: 3 0x80001268 (0x56c12213) x 4 0x00000001
core   0: 0x8000126c (0x026b0623) sb      t1, 44(s6)
core   0: 3 0x8000126c (0x026b0623) mem 0x800170ff 0xff
core   0: 0x80001270 (0xede83893) sltiu   a7, a6, -290
core   0: 3 0x80001270 (0xede83893) x17 0x00000000
core   0: 0x80001274 (0x419cd1b3) sra     gp, s9, s9
core   0: 3 0x80001274 (0x419cd1b3) x 3 0x00000000
core   0: 0x80001278 (0x007b1503) lh      a0, 7(s6)
core   0: 3 0x80001278 (0x007b1503) x10 0xffff9091 mem 0x800170da
core   0: 0x8000127c (0x00251933) sll     s2, a0, sp
core   0: 3 0x8000127c (0x00251933) x18 0xfff90910
core   0: 0x80001280 (0xf9bb0e03) lb      t3, -101(s6)
core   0: 3 0x80001280 (0xf9bb0e03) x28 0x00000025 mem 0x8001706e
core   0: 0x80001284 (0x00f01413) slli    s0, zero, 15
core   0: 3 0x80001284 (0x00f01413) x 8 0x00000000
core   0: 0x80001288 (0x03e67033) remu    zero, a2, t5
core   0: 3 0x80001288 (0x03e67033)
core   0: 0x8000128c (0x00006db5) c.lui   s11, 0xd
core   0: 3 0x8000128c (0x6db5) x27 0x0000d000
core   0: 0x8000128e (0xf08b4383) lbu     t2, -248(s6)
core   0: 3 0x8000128e (0xf08b4383) x 7 0x00000090 mem 0x80016fdb
core   0: 0x80001292 (0xfafb0e83) lb      t4, -81(s6)
core   0: 3 0x80001292 (0xfafb0e83) x29 0x00000039 mem 0x80017082
core   0: 0x80001296 (0x02d72fb3) mulhsu  t6, a4, a3
core   0: 3 0x80001296 (0x02d72fb3) x31 0x00000000
core   0: 0x8000129a (0x0b0b4503) lbu     a0, 176(s6)
core   0: 3 0x8000129a (0x0b0b4503) x10 0x00000038 mem 0x80017183
core   0: 0x8000129e (0xf30b0303) lb      t1, -208(s6)
core   0: 3 0x8000129e (0xf30b0303) x 6 0xffffffb8 mem 0x80017003
core   0: 0x800012a2 (0x03beb1b3) mulhu   gp, t4, s11
core   0: 3 0x800012a2 (0x03beb1b3) x 3 0x00000000
core   0: 0x800012a6 (0x05db2483) lw      s1, 93(s6)
core   0: 3 0x800012a6 (0x05db2483) x 9 0xe8e9eaeb mem 0x80017130
core   0: 0x800012aa (0x00000001) c.nop
core   0: 3 0x800012aa (0x0001)
core   0: 0x800012ac (0x099b0983) lb      s3, 153(s6)
core   0: 3 0x800012ac (0x099b0983) x19 0x00000027 mem 0x8001716c
core   0: 0x800012b0 (0xf3db1383) lh      t2, -195(s6)
core   0: 3 0x800012b0 (0xf3db1383) x 7 0xffffcacb mem 0x80017010
core   0: 0x800012b4 (0x0030f0b3) and     ra, ra, gp
core   0: 3 0x800012b4 (0x0030f0b3) x 1 0x00000000
core   0: 0x800012b8 (0x0046e533) or      a0, a3, tp
core   0: 3 0x800012b8 (0x0046e533) x10 0x0000000b
core   0: 0x800012bc (0x51998993) addi    s3, s3, 1305
core   0: 3 0x800012bc (0x51998993) x19 0x00000540
core   0: 0x800012c0 (0x015a57b3) srl     a5, s4, s5
core   0: 3 0x800012c0 (0x015a57b3) x15 0x00000800
core   0: 0x800012c4 (0x0d9b02a3) sb      s9, 197(s6)
core   0: 3 0x800012c4 (0x0d9b02a3) mem 0x80017198 0x0
core   0: 0x800012c8 (0xfb6b0323) sb      s6, -90(s6)
core   0: 3 0x800012c8 (0xfb6b0323) mem 0x80017079 0xd3
core   0: 0x800012cc (0xf71b2783) lw      a5, -143(s6)
core   0: 3 0x800012cc (0xf71b2783) x15 0x8cfdfeff mem 0x80017044
core   0: 0x800012d0 (0xfffb5b83) lhu     s7, -1(s6)
core   0: 3 0x800012d0 (0xfffb5b83) x23 0x00008889 mem 0x800170d2
core   0: 0x800012d4 (0x00621033) sll     zero, tp, t1
core   0: 3 0x800012d4 (0x00621033)
core   0: 0x800012d8 (0xfa1b16a3) sh      ra, -83(s6)
core   0: 3 0x800012d8 (0xfa1b16a3) mem 0x80017080 0x0000
core   0: 0x800012dc (0x00ccb7b3) sltu    a5, s9, a2
core   0: 3 0x800012dc (0x00ccb7b3) x15 0x00000001
core   0: 0x800012e0 (0x0c3b4003) lbu     zero, 195(s6)
core   0: 3 0x800012e0 (0x0c3b4003) mem 0x80017196
core   0: 0x800012e4 (0x41f30933) sub     s2, t1, t6
core   0: 3 0x800012e4 (0x41f30933) x18 0xffffffb8
core   0: 0x800012e8 (0x039d6733) rem     a4, s10, s9
core   0: 3 0x800012e8 (0x039d6733) x14 0x00000031
core   0: 0x800012ec (0xfe8b0e23) sb      s0, -4(s6)
core   0: 3 0x800012ec (0xfe8b0e23) mem 0x800170cf 0x0
core   0: 0x800012f0 (0x014ad513) srli    a0, s5, 20
core   0: 3 0x800012f0 (0x014ad513) x10 0x00000000
core   0: 0x800012f4 (0x01b11933) sll     s2, sp, s11
core   0: 3 0x800012f4 (0x01b11933) x18 0x80029ce4
core   0: 0x800012f8 (0x00000001) c.nop
core   0: 3 0x800012f8 (0x0001)
core   0: 0x800012fa (0x03ab4383) lbu     t2, 58(s6)
core   0: 3 0x800012fa (0x03ab4383) x 7 0x000000c6 mem 0x8001710d
core   0: 0x800012fe (0xf1bb1603) lh      a2, -229(s6)
core   0: 3 0x800012fe (0xf1bb1603) x12 0xffffa4a5 mem 0x80016fee
core   0: 0x80001302 (0x0000fe97) auipc   t4, 0xf
core   0: 3 0x80001302 (0x0000fe97) x29 0x80010302
core   0: 0x80001306 (0x389e8e93) addi    t4, t4, 905
core   0: 3 0x80001306 (0x389e8e93) x29 0x8001068b
core   0: 0x8000130a (0xff2e84a3) sb      s2, -23(t4)
core   0: 3 0x8000130a (0xff2e84a3) mem 0x80010674 0xe4
core   0: 0x8000130e (0xfedeaf83) lw      t6, -19(t4)
core   0: 3 0x8000130e (0xfedeaf83) x31 0x30313233 mem 0x80010678
core   0: 0x80001312 (0xfd6e9ea3) sh      s6, -35(t4)
core   0: 3 0x80001312 (0xfd6e9ea3) mem 0x80010668 0x70d3
core   0: 0x80001316 (0x00bed783) lhu     a5, 11(t4)
core   0: 3 0x80001316 (0x00bed783) x15 0x00004c4d mem 0x80010696
core   0: 0x8000131a (0x033e9a83) lh      s5, 51(t4)
core   0: 3 0x8000131a (0x033e9a83) x21 0x00007475 mem 0x800106be
core   0: 0x8000131e (0xfe7ece03) lbu     t3, -25(t4)
core   0: 3 0x8000131e (0xfe7ece03) x28 0x000000a9 mem 0x80010672
core   0: 0x80001322 (0x9ade3393) sltiu   t2, t3, -1619
core   0: 3 0x80001322 (0x9ade3393) x 7 0x00000001
core   0: 0x80001326 (0xfe7e9483) lh      s1, -25(t4)
core   0: 3 0x80001326 (0xfe7e9483) x 9 0x000000a9 mem 0x80010672
core   0: 0x8000132a (0x000087ed) c.srai  a5, 27
core   0: 3 0x8000132a (0x87ed) x15 0x00000000
core   0: 0x8000132c (0xfe6e8f03) lb      t5, -26(t4)
core   0: 3 0x8000132c (0xfe6e8f03) x30 0x0000002a mem 0x80010671
core   0: 0x80001330 (0x016ec083) lbu     ra, 22(t4)
core   0: 3 0x80001330 (0x016ec083) x 1 0x0000005a mem 0x800106a1
core   0: 0x80001334 (0x00004349) c.li    t1, 18
core   0: 3 0x80001334 (0x4349) x 6 0x00000012
core   0: 0x80001336 (0xfc6e96a3) sh      t1, -51(t4)
core   0: 3 0x80001336 (0xfc6e96a3) mem 0x80010658 0x0012
core   0: 0x8000133a (0x023edb03) lhu     s6, 35(t4)
core   0: 3 0x8000133a (0x023edb03) x22 0x00006465 mem 0x800106ae
core   0: 0x8000133e (0x41205613) srai    a2, zero, 18
core   0: 3 0x8000133e (0x41205613) x12 0x00000000
core   0: 0x80001342 (0xfe4ec403) lbu     s0, -28(t4)
core   0: 3 0x80001342 (0xfe4ec403) x 8 0x00000024 mem 0x8001066f
core   0: 0x80001346 (0x00008561) c.srai  a0, 24
core   0: 3 0x80001346 (0x8561) x10 0x00000000
core   0: 0x80001348 (0x000089a2) c.mv    s3, s0
core   0: 3 0x80001348 (0x89a2) x19 0x00000024
core   0: 0x8000134a (0x037e8803) lb      a6, 55(t4)
core   0: 3 0x8000134a (0x037e8803) x16 0x00000079 mem 0x800106c2
core   0: 0x8000134e (0xfe8e9fa3) sh      s0, -1(t4)
core   0: 3 0x8000134e (0xfe8e9fa3) mem 0x8001068a 0x0024
core   0: 0x80001352 (0xfd4e8183) lb      gp, -44(t4)
core   0: 3 0x80001352 (0xfd4e8183) x 3 0x00000014 mem 0x8001065f
core   0: 0x80001356 (0x000084f1) c.srai  s1, 28
core   0: 3 0x80001356 (0x84f1) x 9 0x00000000
core   0: 0x80001358 (0x01dbdf33) srl     t5, s7, t4
core   0: 3 0x80001358 (0x01dbdf33) x30 0x00000011
core   0: 0x8000135c (0xff1eaea3) sw      a7, -3(t4)
core   0: 3 0x8000135c (0xff1eaea3) mem 0x80010688 0x00000000
core   0: 0x80001360 (0x001ea783) lw      a5, 1(t4)
core   0: 3 0x80001360 (0x001ea783) x15 0x44454647 mem 0x8001068c
core   0: 0x80001364 (0x015e8023) sb      s5, 0(t4)
core   0: 3 0x80001364 (0x015e8023) mem 0x8001068b 0x75
core   0: 0x80001368 (0xfffe9703) lh      a4, -1(t4)
core   0: 3 0x80001368 (0xfffe9703) x14 0x00007500 mem 0x8001068a
core   0: 0x8000136c (0xff3edb83) lhu     s7, -13(t4)
core   0: 3 0x8000136c (0xff3edb83) x23 0x00003435 mem 0x8001067e
core   0: 0x80001370 (0x028ec383) lbu     t2, 40(t4)
core   0: 3 0x80001370 (0x028ec383) x 7 0x00000068 mem 0x800106b3
core   0: 0x80001374 (0x021e8e23) sb      ra, 60(t4)
core   0: 3 0x80001374 (0x021e8e23) mem 0x800106c7 0x5a
core   0: 0x80001378 (0xa26f7d13) andi    s10, t5, -1498
core   0: 3 0x80001378 (0xa26f7d13) x26 0x00000000
core   0: 0x8000137c (0x022ec983) lbu     s3, 34(t4)
core   0: 3 0x8000137c (0x022ec983) x19 0x00000066 mem 0x800106ad
core   0: 0x80001380 (0x010fa933) slt     s2, t6, a6
core   0: 3 0x80001380 (0x010fa933) x18 0x00000000
core   0: 0x80001384 (0xfd9ea783) lw      a5, -39(t4)
core   0: 3 0x80001384 (0xfd9ea783) x15 0x1c1d1e1f mem 0x80010664
core   0: 0x80001388 (0x027e8403) lb      s0, 39(t4)
core   0: 3 0x80001388 (0x027e8403) x 8 0x00000069 mem 0x800106b2
core   0: 0x8000138c (0x00000001) c.nop
core   0: 3 0x8000138c (0x0001)
core   0: 0x8000138e (0xfc0e8123) sb      zero, -62(t4)
core   0: 3 0x8000138e (0xfc0e8123) mem 0x8001064d 0x0
core   0: 0x80001392 (0x01be9603) lh      a2, 27(t4)
core   0: 3 0x80001392 (0x01be9603) x12 0x00005c5d mem 0x800106a6
core   0: 0x80001396 (0x030000ef) jal     pc + 0x30
core   0: 3 0x80001396 (0x030000ef) x 1 0x8000139a
core   0: 0x800013c6 (0xff9ff36f) jal     t1, pc - 0x8
core   0: 3 0x800013c6 (0xff9ff36f) x 6 0x800013ca
core   0: 0x800013be (0xfe9ff36f) jal     t1, pc - 0x18
core   0: 3 0x800013be (0xfe9ff36f) x 6 0x800013c2
core   0: 0x800013a6 (0x00002011) c.jal   pc + 4
core   0: 3 0x800013a6 (0x2011) x 1 0x800013a8
core   0: 0x800013aa (0x0000bfe5) c.j     pc - 8
core   0: 3 0x800013aa (0xbfe5)
core   0: 0x800013a2 (0x0000a019) c.j     pc + 6
core   0: 3 0x800013a2 (0xa019)
core   0: 0x800013a8 (0x0000202d) c.jal   pc + 42
core   0: 3 0x800013a8 (0x202d) x 1 0x800013aa
core   0: 0x800013d2 (0x0000bffd) c.j     pc - 2
core   0: 3 0x800013d2 (0xbffd)
core   0: 0x800013d0 (0x00003ff9) c.jal   pc - 34
core   0: 3 0x800013d0 (0x3ff9) x 1 0x800013d2
core   0: 0x800013ae (0x0000b7fd) c.j     pc - 18
core   0: 3 0x800013ae (0xb7fd)
core   0: 0x8000139c (0x0000a831) c.j     pc + 28
core   0: 3 0x8000139c (0xa831)
core   0: 0x800013b8 (0x01e000ef) jal     pc + 0x1e
core   0: 3 0x800013b8 (0x01e000ef) x 1 0x800013bc
core   0: 0x800013d6 (0x0000b7dd) c.j     pc - 26
core   0: 3 0x800013d6 (0xb7dd)
core   0: 0x800013bc (0x00002019) c.jal   pc + 6
core   0: 3 0x800013bc (0x2019) x 1 0x800013be
core   0: 0x800013c2 (0x00002819) c.jal   pc + 22
core   0: 3 0x800013c2 (0x2819) x 1 0x800013c4
core   0: 0x800013d8 (0xfd5ff0ef) jal     pc - 0x2c
core   0: 3 0x800013d8 (0xfd5ff0ef) x 1 0x800013dc
core   0: 0x800013ac (0x0000a011) c.j     pc + 4
core   0: 3 0x800013ac (0xa011)
core   0: 0x800013b0 (0x01a00c6f) jal     s8, pc + 0x1a
core   0: 3 0x800013b0 (0x01a00c6f) x24 0x800013b4
core   0: 0x800013ca (0x00002011) c.jal   pc + 4
core   0: 3 0x800013ca (0x2011) x 1 0x800013cc
core   0: 0x800013ce (0x0000bffd) c.j     pc - 2
core   0: 3 0x800013ce (0xbffd)
core   0: 0x800013cc (0x0000bfe5) c.j     pc - 8
core   0: 3 0x800013cc (0xbfe5)
core   0: 0x800013c4 (0x00003fe9) c.jal   pc - 38
core   0: 3 0x800013c4 (0x3fe9) x 1 0x800013c6
core   0: 0x8000139e (0x006000ef) jal     pc + 0x6
core   0: 3 0x8000139e (0x006000ef) x 1 0x800013a2
core   0: 0x800013a4 (0x0000bfdd) c.j     pc - 10
core   0: 3 0x800013a4 (0xbfdd)
core   0: 0x8000139a (0x00002829) c.jal   pc + 26
core   0: 3 0x8000139a (0x2829) x 1 0x8000139c
core   0: 0x800013b4 (0x028000ef) jal     pc + 0x28
core   0: 3 0x800013b4 (0x028000ef) x 1 0x800013b8
core   0: 0x800013dc (0x00003fe5) c.jal   pc - 8
core   0: 3 0x800013dc (0x3fe5) x 1 0x800013de
core   0: 0x800013d4 (0x0000a029) c.j     pc + 10
core   0: 3 0x800013d4 (0xa029)
core   0: 0x800013de (0x004000ef) jal     pc + 0x4
core   0: 3 0x800013de (0x004000ef) x 1 0x800013e2
core   0: 0x800013e2 (0x00107f33) and     t5, zero, ra
core   0: 3 0x800013e2 (0x00107f33) x30 0x00000000
core   0: 0x800013e6 (0x00400613) li      a2, 4
core   0: 3 0x800013e6 (0x00400613) x12 0x00000004
core   0: 0x800013ea (0xff400d93) li      s11, -12
core   0: 3 0x800013ea (0xff400d93) x27 0xfffffff4
core   0: 0x800013ee (0x00008ccd) c.or    s1, a1
core   0: 3 0x800013ee (0x8ccd) x 9 0x80000000
core   0: 0x800013f0 (0x00001661) c.addi  a2, -8
core   0: 3 0x800013f0 (0x1661) x12 0xfffffffc
core   0: 0x800013f2 (0x09776813) ori     a6, a4, 151
core   0: 3 0x800013f2 (0x09776813) x16 0x00007597
core   0: 0x800013f6 (0xffb60ce3) beq     a2, s11, pc - 8
core   0: 3 0x800013f6 (0xffb60ce3)
core   0: 0x800013fa (0x00008c2d) c.xor   s0, a1
core   0: 3 0x800013fa (0x8c2d) x 8 0x80000069
core   0: 0x800013fc (0x00018797) auipc   a5, 0x18
core   0: 3 0x800013fc (0x00018797) x15 0x800193fc
core   0: 0x80001400 (0x7b978793) addi    a5, a5, 1977
core   0: 3 0x80001400 (0x7b978793) x15 0x80019bb5
core   0: 0x80001404 (0x0000fc97) auipc   s9, 0xf
core   0: 3 0x80001404 (0x0000fc97) x25 0x80010404
core   0: 0x80001408 (0xd33c8c93) addi    s9, s9, -717
core   0: 3 0x80001408 (0xd33c8c93) x25 0x80010137
core   0: 0x8000140c (0x0fe78d83) lb      s11, 254(a5)
core   0: 3 0x8000140c (0x0fe78d83) x27 0x00000068 mem 0x80019cb3
core   0: 0x80001410 (0xf247cd03) lbu     s10, -220(a5)
core   0: 3 0x80001410 (0xf247cd03) x26 0x00000092 mem 0x80019ad9
core   0: 0x80001414 (0xfe27c483) lbu     s1, -30(a5)
core   0: 3 0x80001414 (0xfe27c483) x 9 0x0000004c mem 0x80019b97
core   0: 0x80001418 (0xffbcd603) lhu     a2, -5(s9)
core   0: 3 0x80001418 (0xffbcd603) x12 0x0000e8e9 mem 0x80010132
core   0: 0x8000141c (0x05a793a3) sh      s10, 71(a5)
core   0: 3 0x8000141c (0x05a793a3) mem 0x80019bfc 0x0092
core   0: 0x80001420 (0xfe5c9da3) sh      t0, -5(s9)
core   0: 3 0x80001420 (0xfe5c9da3) mem 0x80010132 0x9799
core   0: 0x80001424 (0xf4478223) sb      tp, -188(a5)
core   0: 3 0x80001424 (0xf4478223) mem 0x80019af9 0x1
core   0: 0x80001428 (0x008c8603) lb      a2, 8(s9)
core   0: 3 0x80001428 (0x008c8603) x12 0xfffffff4 mem 0x8001013f
core   0: 0x8000142c (0xf6478e83) lb      t4, -156(a5)
core   0: 3 0x8000142c (0xf6478e83) x29 0xffffffd2 mem 0x80019b19
core   0: 0x80001430 (0x0b778b23) sb      s7, 182(a5)
core   0: 3 0x80001430 (0x0b778b23) mem 0x80019c6b 0x35
core   0: 0x80001434 (0x0307cb03) lbu     s6, 48(a5)
core   0: 3 0x80001434 (0x0307cb03) x22 0x0000009e mem 0x80019be5
core   0: 0x80001438 (0x0e57d383) lhu     t2, 229(a5)
core   0: 3 0x80001438 (0x0e57d383) x 7 0x00005051 mem 0x80019c9a
core   0: 0x8000143c (0xff1cdd03) lhu     s10, -15(s9)
core   0: 3 0x8000143c (0xff1cdd03) x26 0x0000070b mem 0x80010128
core   0: 0x80001440 (0xf6878603) lb      a2, -152(a5)
core   0: 3 0x80001440 (0xf6878603) x12 0xffffffd6 mem 0x80019b1d
core   0: 0x80001444 (0xffecc183) lbu     gp, -2(s9)
core   0: 3 0x80001444 (0xffecc183) x 3 0x000000ee mem 0x80010135
core   0: 0x80001448 (0x00012797) auipc   a5, 0x12
core   0: 3 0x80001448 (0x00012797) x15 0x80013448
core   0: 0x8000144c (0xc5678793) addi    a5, a5, -938
core   0: 3 0x8000144c (0xc5678793) x15 0x8001309e
core   0: 0x80001450 (0x00012817) auipc   a6, 0x12
core   0: 3 0x80001450 (0x00012817) x16 0x80013450
core   0: 0x80001454 (0x30b80813) addi    a6, a6, 779
core   0: 3 0x80001454 (0x30b80813) x16 0x8001375b
core   0: 0x80001458 (0x0001bd97) auipc   s11, 0x1b
core   0: 3 0x80001458 (0x0001bd97) x27 0x8001c458
core   0: 0x8000145c (0xbdfd8d93) addi    s11, s11, -1057
core   0: 3 0x8000145c (0xbdfd8d93) x27 0x8001c037
core   0: 0x80001460 (0x00014c17) auipc   s8, 0x14
core   0: 3 0x80001460 (0x00014c17) x24 0x80015460
core   0: 0x80001464 (0xecec0c13) addi    s8, s8, -306
core   0: 3 0x80001464 (0xecec0c13) x24 0x8001532e
core   0: 0x80001468 (0xfe5d8a23) sb      t0, -12(s11)
core   0: 3 0x80001468 (0xfe5d8a23) mem 0x8001c02b 0x99
core   0: 0x8000146c (0x012d8723) sb      s2, 14(s11)
core   0: 3 0x8000146c (0x012d8723) mem 0x8001c045 0x0
core   0: 0x80001470 (0x0001bc97) auipc   s9, 0x1b
core   0: 3 0x80001470 (0x0001bc97) x25 0x8001c470
core   0: 0x80001474 (0x581c8c93) addi    s9, s9, 1409
core   0: 3 0x80001474 (0x581c8c93) x25 0x8001c9f1
core   0: 0x80001478 (0x01384b83) lbu     s7, 19(a6)
core   0: 3 0x80001478 (0x01384b83) x23 0x00000025 mem 0x8001376e
core   0: 0x8000147c (0x0787d683) lhu     a3, 120(a5)
core   0: 3 0x8000147c (0x0787d683) x13 0x0000cccd mem 0x80013116
core   0: 0x80001480 (0xff4c0aa3) sb      s4, -11(s8)
core   0: 3 0x80001480 (0xff4c0aa3) mem 0x80015323 0x64
core   0: 0x80001484 (0x04080023) sb      zero, 64(a6)
core   0: 3 0x80001484 (0x04080023) mem 0x8001379b 0x0
core   0: 0x80001488 (0x00cc8083) lb      ra, 12(s9)
core   0: 3 0x80001488 (0x00cc8083) x 1 0xffffffb6 mem 0x8001c9fd
core   0: 0x8000148c (0xf3378403) lb      s0, -205(a5)
core   0: 3 0x8000148c (0xf3378403) x 8 0xffffff8a mem 0x80012fd1
core   0: 0x80001490 (0x004c8003) lb      zero, 4(s9)
core   0: 3 0x80001490 (0x004c8003) mem 0x8001c9f5
core   0: 0x80001494 (0x001c0e03) lb      t3, 1(s8)
core   0: 3 0x80001494 (0x001c0e03) x28 0xffffffe4 mem 0x8001532f
core   0: 0x80001498 (0x006c07a3) sb      t1, 15(s8)
core   0: 3 0x80001498 (0x006c07a3) mem 0x8001533d 0xc2
core   0: 0x8000149c (0xff185283) lhu     t0, -15(a6)
core   0: 3 0x8000149c (0xff185283) x 5 0x00000607 mem 0x8001374c
core   0: 0x800014a0 (0x010c8903) lb      s2, 16(s9)
core   0: 3 0x800014a0 (0x010c8903) x18 0xffffffba mem 0x8001ca01
core   0: 0x800014a4 (0xff680903) lb      s2, -10(a6)
core   0: 3 0x800014a4 (0xff680903) x18 0x0000000a mem 0x80013751
core   0: 0x800014a8 (0xffcc08a3) sb      t3, -15(s8)
core   0: 3 0x800014a8 (0xffcc08a3) mem 0x8001531f 0xe4
core   0: 0x800014ac (0xff8dc903) lbu     s2, -8(s11)
core   0: 3 0x800014ac (0xff8dc903) x18 0x000000e4 mem 0x8001c02f
core   0: 0x800014b0 (0x00ec8603) lb      a2, 14(s9)
core   0: 3 0x800014b0 (0x00ec8603) x12 0xffffffb4 mem 0x8001c9ff
core   0: 0x800014b4 (0x0c578223) sb      t0, 196(a5)
core   0: 3 0x800014b4 (0x0c578223) mem 0x80013162 0x7
core   0: 0x800014b8 (0xffad8503) lb      a0, -6(s11)
core   0: 3 0x800014b8 (0xffad8503) x10 0xffffffea mem 0x8001c031
core   0: 0x800014bc (0x0eb7c703) lbu     a4, 235(a5)
core   0: 3 0x800014bc (0x0eb7c703) x14 0x00000042 mem 0x80013189
core   0: 0x800014c0 (0x012d8823) sb      s2, 16(s11)
core   0: 3 0x800014c0 (0x012d8823) mem 0x8001c047 0xe4
core   0: 0x800014c4 (0x001c9e83) lh      t4, 1(s9)
core   0: 3 0x800014c4 (0x001c9e83) x29 0xffffa8a9 mem 0x8001c9f2
core   0: 0x800014c8 (0xfc084e83) lbu     t4, -64(a6)
core   0: 3 0x800014c8 (0xfc084e83) x29 0x000000d0 mem 0x8001371b
core   0: 0x800014cc (0xff5c0a83) lb      s5, -11(s8)
core   0: 3 0x800014cc (0xff5c0a83) x21 0x00000064 mem 0x80015323
core   0: 0x800014d0 (0x011d8623) sb      a7, 12(s11)
core   0: 3 0x800014d0 (0x011d8623) mem 0x8001c043 0x0
core   0: 0x800014d4 (0xf9e7af03) lw      t5, -98(a5)
core   0: 3 0x800014d4 (0xf9e7af03) x30 0xf4f5f6f7 mem 0x8001303c
core   0: 0x800014d8 (0xffbc4203) lbu     tp, -5(s8)
core   0: 3 0x800014d8 (0xffbc4203) x 4 0x000000e2 mem 0x80015329
core   0: 0x800014dc (0x00fca403) lw      s0, 15(s9)
core   0: 3 0x800014dc (0x00fca403) x 8 0xb8b9babb mem 0x8001ca00
core   0: 0x800014e0 (0xfe385483) lhu     s1, -29(a6)
core   0: 3 0x800014e0 (0xfe385483) x 9 0x0000f4f5 mem 0x8001373e
core   0: 0x800014e4 (0xff3c4e03) lbu     t3, -13(s8)
core   0: 3 0x800014e4 (0xff3c4e03) x28 0x000000da mem 0x80015321
core   0: 0x800014e8 (0x02080703) lb      a4, 32(a6)
core   0: 3 0x800014e8 (0x02080703) x14 0x00000030 mem 0x8001377b
core   0: 0x800014ec (0x019c0423) sb      s9, 8(s8)
core   0: 3 0x800014ec (0x019c0423) mem 0x80015336 0xf1
core   0: 0x800014f0 (0x00016217) auipc   tp, 0x16
core   0: 3 0x800014f0 (0x00016217) x 4 0x800174f0
core   0: 0x800014f4 (0x07120213) addi    tp, tp, 113
core   0: 3 0x800014f4 (0x07120213) x 4 0x80017561
core   0: 0x800014f8 (0x0322fbb3) remu    s7, t0, s2
core   0: 3 0x800014f8 (0x0322fbb3) x23 0x000000af
core   0: 0x800014fc (0x0098b433) sltu    s0, a7, s1
core   0: 3 0x800014fc (0x0098b433) x 8 0x00000001
core   0: 0x80001500 (0x00000001) c.nop
core   0: 3 0x80001500 (0x0001)
core   0: 0x80001502 (0xf2a203a3) sb      a0, -217(tp)
core   0: 3 0x80001502 (0xf2a203a3) mem 0x80017488 0xea
core   0: 0x80001506 (0xf0a201a3) sb      a0, -253(tp)
core   0: 3 0x80001506 (0xf0a201a3) mem 0x80017464 0xea
core   0: 0x8000150a (0x00c22ba3) sw      a2, 23(tp)
core   0: 3 0x8000150a (0x00c22ba3) mem 0x80017578 0xffffffb4
core   0: 0x8000150e (0x00e41733) sll     a4, s0, a4
core   0: 3 0x8000150e (0x00e41733) x14 0x00010000
core   0: 0x80001512 (0xf7a24f03) lbu     t5, -134(tp)
core   0: 3 0x80001512 (0xf7a24f03) x30 0x00000090 mem 0x800174db
core   0: 0x80001516 (0xf1720623) sb      s7, -244(tp)
core   0: 3 0x80001516 (0xf1720623) mem 0x8001746d 0xaf
core   0: 0x8000151a (0x035b47b3) div     a5, s6, s5
core   0: 3 0x8000151a (0x035b47b3) x15 0x00000001
core   0: 0x8000151e (0x008af2b3) and     t0, s5, s0
core   0: 3 0x8000151e (0x008af2b3) x 5 0x00000000
core   0: 0x80001522 (0x0d125c03) lhu     s8, 209(tp)
core   0: 3 0x80001522 (0x0d125c03) x24 0x0000e8e9 mem 0x80017632
core   0: 0x80001526 (0xfe9216a3) sh      s1, -19(tp)
core   0: 3 0x80001526 (0xfe9216a3) mem 0x8001754e 0xf4f5
core   0: 0x8000152a (0x0000100f) fence.i
core   0: 3 0x8000152a (0x0000100f)
core   0: 0x8000152e (0x00000441) c.addi  s0, 16
core   0: 3 0x8000152e (0x0441) x 8 0x00000011
core   0: 0x80001530 (0x0100a2b3) slt     t0, ra, a6
core   0: 3 0x80001530 (0x0100a2b3) x 5 0x00000000
core   0: 0x80001534 (0x02456f33) rem     t5, a0, tp
core   0: 3 0x80001534 (0x02456f33) x30 0xffffffea
core   0: 0x80001538 (0x04b21303) lh      t1, 75(tp)
core   0: 3 0x80001538 (0x04b21303) x 6 0x00006667 mem 0x800175ac
core   0: 0x8000153c (0x011c37b3) sltu    a5, s8, a7
core   0: 3 0x8000153c (0x011c37b3) x15 0x00000000
core   0: 0x80001540 (0xfaf22603) lw      a2, -81(tp)
core   0: 3 0x80001540 (0xfaf22603) x12 0xc8c9cacb mem 0x80017510
core   0: 0x80001544 (0x04b20823) sb      a1, 80(tp)
core   0: 3 0x80001544 (0x04b20823) mem 0x800175b1 0x0
core   0: 0x80001548 (0x01f20b03) lb      s6, 31(tp)
core   0: 3 0x80001548 (0x01f20b03) x22 0x0000003b mem 0x80017580
core   0: 0x8000154c (0x7940f013) andi    zero, ra, 1940
core   0: 3 0x8000154c (0x7940f013)
core   0: 0x80001550 (0xfed21fa3) sh      a3, -1(tp)
core   0: 3 0x80001550 (0xfed21fa3) mem 0x80017560 0xcccd
core   0: 0x80001554 (0xfe324803) lbu     a6, -29(tp)
core   0: 3 0x80001554 (0xfe324803) x16 0x000000ff mem 0x80017544
core   0: 0x80001558 (0x0d624d83) lbu     s11, 214(tp)
core   0: 3 0x80001558 (0x0d624d83) x27 0x000000ec mem 0x80017637
core   0: 0x8000155c (0x547e4513) xori    a0, t3, 1351
core   0: 3 0x8000155c (0x547e4513) x10 0x0000059d
core   0: 0x80001560 (0x0b424e83) lbu     t4, 180(tp)
core   0: 3 0x80001560 (0x0b424e83) x29 0x000000ce mem 0x80017615
core   0: 0x80001564 (0xf9c24383) lbu     t2, -100(tp)
core   0: 3 0x80001564 (0xf9c24383) x 7 0x000000b6 mem 0x800174fd
core   0: 0x80001568 (0x00e26db3) or      s11, tp, a4
core   0: 3 0x80001568 (0x00e26db3) x27 0x80017561
core   0: 0x8000156c (0x08d24903) lbu     s2, 141(tp)
core   0: 3 0x8000156c (0x08d24903) x18 0x000000a5 mem 0x800175ee
core   0: 0x80001570 (0x06420923) sb      tp, 114(tp)
core   0: 3 0x80001570 (0x06420923) mem 0x800175d3 0x61
core   0: 0x80001574 (0x07a20a83) lb      s5, 122(tp)
core   0: 3 0x80001574 (0x07a20a83) x21 0xffffff90 mem 0x800175db
core   0: 0x80001578 (0x0001ab17) auipc   s6, 0x1a
core   0: 3 0x80001578 (0x0001ab17) x22 0x8001b578
core   0: 0x8000157c (0x177b0b13) addi    s6, s6, 375
core   0: 3 0x8000157c (0x177b0b13) x22 0x8001b6ef
core   0: 0x80001580 (0x41135793) srai    a5, t1, 17
core   0: 3 0x80001580 (0x41135793) x15 0x00000000
core   0: 0x80001584 (0x00f7e233) or      tp, a5, a5
core   0: 3 0x80001584 (0x00f7e233) x 4 0x00000000
core   0: 0x80001588 (0x012877b3) and     a5, a6, s2
core   0: 3 0x80001588 (0x012877b3) x15 0x000000a5
core   0: 0x8000158c (0xff2b4483) lbu     s1, -14(s6)
core   0: 3 0x8000158c (0xff2b4483) x 9 0x0000009a mem 0x8001b6e1
core   0: 0x80001590 (0xfe6b0c23) sb      t1, -8(s6)
core   0: 3 0x80001590 (0xfe6b0c23) mem 0x8001b6e7 0x67
core   0: 0x80001594 (0x0304b4b3) mulhu   s1, s1, a6
core   0: 3 0x80001594 (0x0304b4b3) x 9 0x00000000
core   0: 0x80001598 (0x00004945) c.li    s2, 17
core   0: 3 0x80001598 (0x4945) x18 0x00000011
core   0: 0x8000159a (0x000044d9) c.li    s1, 22
core   0: 3 0x8000159a (0x44d9) x 9 0x00000016
core   0: 0x8000159c (0xff7b5303) lhu     t1, -9(s6)
core   0: 3 0x8000159c (0xff7b5303) x 6 0x0000679d mem 0x8001b6e6
core   0: 0x800015a0 (0xfe6b1ea3) sh      t1, -3(s6)
core   0: 3 0x800015a0 (0xfe6b1ea3) mem 0x8001b6ec 0x679d
core   0: 0x800015a4 (0x0304d233) divu    tp, s1, a6
core   0: 3 0x800015a4 (0x0304d233) x 4 0x00000000
core   0: 0x800015a8 (0xff9b2483) lw      s1, -7(s6)
core   0: 3 0x800015a8 (0xff9b2483) x 9 0xa0a1a2a3 mem 0x8001b6e8
core   0: 0x800015ac (0x008b0803) lb      a6, 8(s6)
core   0: 3 0x800015ac (0x008b0803) x16 0xffffffac mem 0x8001b6f7
core   0: 0x800015b0 (0xffcb4783) lbu     a5, -4(s6)
core   0: 3 0x800015b0 (0xffcb4783) x15 0x000000a0 mem 0x8001b6eb
core   0: 0x800015b4 (0xfefb0b23) sb      a5, -10(s6)
core   0: 3 0x800015b4 (0xfefb0b23) mem 0x8001b6e5 0xa0
core   0: 0x800015b8 (0x00000249) c.addi  tp, 18
core   0: 3 0x800015b8 (0x0249) x 4 0x00000012
core   0: 0x800015ba (0xb9722913) slti    s2, tp, -1129
core   0: 3 0x800015ba (0xb9722913) x18 0x00000000
core   0: 0x800015be (0x3c697213) andi    tp, s2, 966
core   0: 3 0x800015be (0x3c697213) x 4 0x00000000
core   0: 0x800015c2 (0xff0b4903) lbu     s2, -16(s6)
core   0: 3 0x800015c2 (0xff0b4903) x18 0x00000094 mem 0x8001b6df
core   0: 0x800015c6 (0xff0b0aa3) sb      a6, -11(s6)
core   0: 3 0x800015c6 (0xff0b0aa3) mem 0x8001b6e4 0xac
core   0: 0x800015ca (0x00008fbd) c.xor   a5, a5
core   0: 3 0x800015ca (0x8fbd) x15 0x00000000
core   0: 0x800015cc (0x00fb0483) lb      s1, 15(s6)
core   0: 3 0x800015cc (0x00fb0483) x 9 0xffffffb5 mem 0x8001b6fe
core   0: 0x800015d0 (0xf4497793) andi    a5, s2, -188
core   0: 3 0x800015d0 (0xf4497793) x15 0x00000004
core   0: 0x800015d4 (0x00008795) c.srai  a5, 5
core   0: 3 0x800015d4 (0x8795) x15 0x00000000
core   0: 0x800015d6 (0xffdb0783) lb      a5, -3(s6)
core   0: 3 0x800015d6 (0xffdb0783) x15 0xffffff9d mem 0x8001b6ec
core   0: 0x800015da (0x006b0803) lb      a6, 6(s6)
core   0: 3 0x800015da (0x006b0803) x16 0xffffffae mem 0x8001b6f5
core   0: 0x800015de (0x000b0203) lb      tp, 0(s6)
core   0: 3 0x800015de (0x000b0203) x 4 0xffffffa4 mem 0x8001b6ef
core   0: 0x800015e2 (0x003b4783) lbu     a5, 3(s6)
core   0: 3 0x800015e2 (0x003b4783) x15 0x000000a9 mem 0x8001b6f2
core   0: 0x800015e6 (0xa1a7c313) xori    t1, a5, -1510
core   0: 3 0x800015e6 (0xa1a7c313) x 6 0xfffffab3
core   0: 0x800015ea (0x03083833) mulhu   a6, a6, a6
core   0: 3 0x800015ea (0x03083833) x16 0xffffff5c
core   0: 0x800015ee (0x008b0803) lb      a6, 8(s6)
core   0: 3 0x800015ee (0x008b0803) x16 0xffffffac mem 0x8001b6f7
core   0: 0x800015f2 (0xc5094813) xori    a6, s2, -944
core   0: 3 0x800015f2 (0xc5094813) x16 0xfffffcc4
core   0: 0x800015f6 (0xfffb1783) lh      a5, -1(s6)
core   0: 3 0x800015f6 (0xfffb1783) x15 0xffffa4a5 mem 0x8001b6ee
core   0: 0x800015fa (0x0000933e) c.add   t1, a5
core   0: 3 0x800015fa (0x933e) x 6 0xffff9f58
core   0: 0x800015fc (0x00009792) c.add   a5, tp
core   0: 3 0x800015fc (0x9792) x15 0xffffa449
core   0: 0x800015fe (0x001b5803) lhu     a6, 1(s6)
core   0: 3 0x800015fe (0x001b5803) x16 0x0000aaab mem 0x8001b6f0
core   0: 0x80001602 (0xffbb1203) lh      tp, -5(s6)
core   0: 3 0x80001602 (0xffbb1203) x 4 0xffffa0a1 mem 0x8001b6ea
core   0: 0x80001606 (0x0264e833) rem     a6, s1, t1
core   0: 3 0x80001606 (0x0264e833) x16 0xffffffb5
core   0: 0x8000160a (0x009b2483) lw      s1, 9(s6)
core   0: 3 0x8000160a (0x009b2483) x 9 0xb0b1b2b3 mem 0x8001b6f8
core   0: 0x8000160e (0x00a000ef) jal     pc + 0xa
core   0: 3 0x8000160e (0x00a000ef) x 1 0x80001612
core   0: 0x80001618 (0x00002835) c.jal   pc + 60
core   0: 3 0x80001618 (0x2835) x 1 0x8000161a
core   0: 0x80001654 (0x000037e5) c.jal   pc - 24
core   0: 3 0x80001654 (0x37e5) x 1 0x80001656
core   0: 0x8000163c (0x000037c5) c.jal   pc - 32
core   0: 3 0x8000163c (0x37c5) x 1 0x8000163e
core   0: 0x8000161c (0x006000ef) jal     pc + 0x6
core   0: 3 0x8000161c (0x006000ef) x 1 0x80001620
core   0: 0x80001622 (0x0000bfe5) c.j     pc - 8
core   0: 3 0x80001622 (0xbfe5)
core   0: 0x8000161a (0x0000a829) c.j     pc + 26
core   0: 3 0x8000161a (0xa829)
core   0: 0x80001634 (0x00003ff9) c.jal   pc - 34
core   0: 3 0x80001634 (0x3ff9) x 1 0x80001636
core   0: 0x80001612 (0x0000282d) c.jal   pc + 58
core   0: 3 0x80001612 (0x282d) x 1 0x80001614
core   0: 0x8000164c (0x000037ed) c.jal   pc - 22
core   0: 3 0x8000164c (0x37ed) x 1 0x8000164e
core   0: 0x80001636 (0xfebff0ef) jal     pc - 0x16
core   0: 3 0x80001636 (0xfebff0ef) x 1 0x8000163a
core   0: 0x80001620 (0x0000281d) c.jal   pc + 54
core   0: 3 0x80001620 (0x281d) x 1 0x80001622
core   0: 0x80001656 (0x000037d5) c.jal   pc - 28
core   0: 3 0x80001656 (0x37d5) x 1 0x80001658
core   0: 0x8000163a (0x00002011) c.jal   pc + 4
core   0: 3 0x8000163a (0x2011) x 1 0x8000163c
core   0: 0x8000163e (0xfd7ff0ef) jal     pc - 0x2a
core   0: 3 0x8000163e (0xfd7ff0ef) x 1 0x80001642
core   0: 0x80001614 (0x03a000ef) jal     pc + 0x3a
core   0: 3 0x80001614 (0x03a000ef) x 1 0x80001618
core   0: 0x8000164e (0x0000bfe1) c.j     pc - 40
core   0: 3 0x8000164e (0xbfe1)
core   0: 0x80001626 (0x00003ffd) c.jal   pc - 2
core   0: 3 0x80001626 (0x3ffd) x 1 0x80001628
core   0: 0x80001624 (0x0000a011) c.j     pc + 4
core   0: 3 0x80001624 (0xa011)
core   0: 0x80001628 (0x0200026f) jal     tp, pc + 0x20
core   0: 3 0x80001628 (0x0200026f) x 4 0x8000162c
core   0: 0x80001648 (0x008000ef) jal     pc + 0x8
core   0: 3 0x80001648 (0x008000ef) x 1 0x8000164c
core   0: 0x80001650 (0xff3ffb6f) jal     s6, pc - 0xe
core   0: 3 0x80001650 (0xff3ffb6f) x22 0x80001654
core   0: 0x80001642 (0x00400cef) jal     s9, pc + 0x4
core   0: 3 0x80001642 (0x00400cef) x25 0x80001646
core   0: 0x80001646 (0x0000b7e5) c.j     pc - 24
core   0: 3 0x80001646 (0xb7e5)
core   0: 0x8000162e (0xfffff0ef) jal     pc - 0x2
core   0: 3 0x8000162e (0xfffff0ef) x 1 0x80001632
core   0: 0x8000162c (0x00002035) c.jal   pc + 44
core   0: 3 0x8000162c (0x2035) x 1 0x8000162e
core   0: 0x80001658 (0xfdbff0ef) jal     pc - 0x26
core   0: 3 0x80001658 (0xfdbff0ef) x 1 0x8000165c
core   0: 0x80001632 (0x0000a02d) c.j     pc + 42
core   0: 3 0x80001632 (0xa02d)
core   0: 0x8000165c (0x038d3eb3) mulhu   t4, s10, s8
core   0: 3 0x8000165c (0x038d3eb3) x29 0x00000000
core   0: 0x80001660 (0x0000f797) auipc   a5, 0xf
core   0: 3 0x80001660 (0x0000f797) x15 0x80010660
core   0: 0x80001664 (0x75078793) addi    a5, a5, 1872
core   0: 3 0x80001664 (0x75078793) x15 0x80010db0
core   0: 0x80001668 (0xff87c983) lbu     s3, -8(a5)
core   0: 3 0x80001668 (0xff87c983) x19 0x00000063 mem 0x80010da8
core   0: 0x8000166c (0x0000f397) auipc   t2, 0xf
core   0: 3 0x8000166c (0x0000f397) x 7 0x8001066c
core   0: 0x80001670 (0x22838393) addi    t2, t2, 552
core   0: 3 0x80001670 (0x22838393) x 7 0x80010894
core   0: 0x80001674 (0x0000f697) auipc   a3, 0xf
core   0: 3 0x80001674 (0x0000f697) x13 0x80010674
core   0: 0x80001678 (0xf7f68693) addi    a3, a3, -129
core   0: 3 0x80001678 (0xf7f68693) x13 0x800105f3
core   0: 0x8000167c (0x03039503) lh      a0, 48(t2)
core   0: 3 0x8000167c (0x03039503) x10 0x00007e7f mem 0x800108c4
core   0: 0x80001680 (0x0087a003) lw      zero, 8(a5)
core   0: 3 0x80001680 (0x0087a003) mem 0x80010db8
core   0: 0x80001684 (0xf0f6d703) lhu     a4, -241(a3)
core   0: 3 0x80001684 (0xf0f6d703) x14 0x0000b8b9 mem 0x80010502
core   0: 0x80001688 (0xfc2384a3) sb      sp, -55(t2)
core   0: 3 0x80001688 (0xfc2384a3) mem 0x8001085d 0xe4
core   0: 0x8000168c (0x00878083) lb      ra, 8(a5)
core   0: 3 0x8000168c (0x00878083) x 1 0x00000073 mem 0x80010db8
core   0: 0x80001690 (0xff17c483) lbu     s1, -15(a5)
core   0: 3 0x80001690 (0xff17c483) x 9 0x0000005a mem 0x80010da1
core   0: 0x80001694 (0x0f369803) lh      a6, 243(a3)
core   0: 3 0x80001694 (0x0f369803) x16 0xffff9c9d mem 0x800106e6
core   0: 0x80001698 (0x0077c183) lbu     gp, 7(a5)
core   0: 3 0x80001698 (0x0077c183) x 3 0x0000006c mem 0x80010db7
core   0: 0x8000169c (0x09369603) lh      a2, 147(a3)
core   0: 3 0x8000169c (0x09369603) x12 0x00003c3d mem 0x80010686
core   0: 0x800016a0 (0xfd23c203) lbu     tp, -46(t2)
core   0: 3 0x800016a0 (0xfd23c203) x 4 0x0000001d mem 0x80010866
core   0: 0x800016a4 (0xf9969b03) lh      s6, -103(a3)
core   0: 3 0x800016a4 (0xf9969b03) x22 0x00004647 mem 0x8001058c
core   0: 0x800016a8 (0xfe069ba3) sh      zero, -9(a3)
core   0: 3 0x800016a8 (0xfe069ba3) mem 0x800105ea 0x0000
core   0: 0x800016ac (0x01f38a83) lb      s5, 31(t2)
core   0: 3 0x800016ac (0x01f38a83) x21 0x00000068 mem 0x800108b3
core   0: 0x800016b0 (0x017783a3) sb      s7, 7(a5)
core   0: 3 0x800016b0 (0x017783a3) mem 0x80010db7 0xaf
core   0: 0x800016b4 (0xf0768aa3) sb      t2, -235(a3)
core   0: 3 0x800016b4 (0xf0768aa3) mem 0x80010508 0x94
core   0: 0x800016b8 (0xf866c503) lbu     a0, -122(a3)
core   0: 3 0x800016b8 (0xf866c503) x10 0x00000032 mem 0x80010579
core   0: 0x800016bc (0xff339a23) sh      s3, -12(t2)
core   0: 3 0x800016bc (0xff339a23) mem 0x80010888 0x0063
core   0: 0x800016c0 (0xff178603) lb      a2, -15(a5)
core   0: 3 0x800016c0 (0xff178603) x12 0x0000005a mem 0x80010da1
core   0: 0x800016c4 (0xf4769283) lh      t0, -185(a3)
core   0: 3 0x800016c4 (0xf4769283) x 5 0xfffff0f1 mem 0x8001053a
core   0: 0x800016c8 (0xfda3cc03) lbu     s8, -38(t2)
core   0: 3 0x800016c8 (0xfda3cc03) x24 0x00000025 mem 0x8001086e
core   0: 0x800016cc (0x0007c703) lbu     a4, 0(a5)
core   0: 3 0x800016cc (0x0007c703) x14 0x0000006b mem 0x80010db0
core   0: 0x800016d0 (0x0dd6db83) lhu     s7, 221(a3)
core   0: 3 0x800016d0 (0x0dd6db83) x23 0x00008a8b mem 0x800106d0
core   0: 0x800016d4 (0x00400793) li      a5, 4
core   0: 3 0x800016d4 (0x00400793) x15 0x00000004
core   0: 0x800016d8 (0x030cb1b3) mulhu   gp, s9, a6
core   0: 3 0x800016d8 (0x030cb1b3) x 3 0x7fffe494
core   0: 0x800016dc (0x213cef93) ori     t6, s9, 531
core   0: 3 0x800016dc (0x213cef93) x31 0x80001657
core   0: 0x800016e0 (0x000053fd) c.li    t2, -1
core   0: 3 0x800016e0 (0x53fd) x 7 0xffffffff
core   0: 0x800016e2 (0x00300b93) li      s7, 3
core   0: 3 0x800016e2 (0x00300b93) x23 0x00000003
core   0: 0x800016e6 (0x000069a1) c.lui   s3, 0x8
core   0: 3 0x800016e6 (0x69a1) x19 0x00008000
core   0: 0x800016e8 (0x000017f9) c.addi  a5, -2
core   0: 3 0x800016e8 (0x17f9) x15 0x00000002
core   0: 0x800016ea (0x01e5e3b3) or      t2, a1, t5
core   0: 3 0x800016ea (0x01e5e3b3) x 7 0xffffffea
core   0: 0x800016ee (0x00900513) li      a0, 9
core   0: 3 0x800016ee (0x00900513) x10 0x00000009
core   0: 0x800016f2 (0x03a3ad33) mulhsu  s10, t2, s10
core   0: 3 0x800016f2 (0x03a3ad33) x26 0xffffffff
core   0: 0x800016f6 (0x7221f993) andi    s3, gp, 1826
core   0: 3 0x800016f6 (0x7221f993) x19 0x00000400
core   0: 0x800016fa (0x00300693) li      a3, 3
core   0: 3 0x800016fa (0x00300693) x13 0x00000003
core   0: 0x800016fe (0x02bfad33) mulhsu  s10, t6, a1
core   0: 3 0x800016fe (0x02bfad33) x26 0xc0000b2b
core   0: 0x80001702 (0x03578233) mul     tp, a5, s5
core   0: 3 0x80001702 (0x03578233) x 4 0x000000d0
core   0: 0x80001706 (0x009c5d93) srli    s11, s8, 9
core   0: 3 0x80001706 (0x009c5d93) x27 0x00000000
core   0: 0x8000170a (0x030bb333) mulhu   t1, s7, a6
core   0: 3 0x8000170a (0x030bb333) x 6 0x00000002
core   0: 0x8000170e (0x0032df33) srl     t5, t0, gp
core   0: 3 0x8000170e (0x0032df33) x30 0x00000fff
core   0: 0x80001712 (0x00001559) c.addi  a0, -10
core   0: 3 0x80001712 (0x1559) x10 0xffffffff
core   0: 0x80001714 (0x016c14b3) sll     s1, s8, s6
core   0: 3 0x80001714 (0x016c14b3) x 9 0x00001280
core   0: 0x80001718 (0xfed555e3) bge     a0, a3, pc - 22
core   0: 3 0x80001718 (0xfed555e3)
core   0: 0x8000171c (0x3c404997) auipc   s3, 0x3c404
core   0: 3 0x8000171c (0x3c404997) x19 0xbc40571c
core   0: 0x80001720 (0xfd77f3e3) bgeu    a5, s7, pc - 58
core   0: 3 0x80001720 (0xfd77f3e3)
core   0: 0x80001724 (0x01145eb3) srl     t4, s0, a7
core   0: 3 0x80001724 (0x01145eb3) x29 0x00000011
core   0: 0x80001728 (0x038000ef) jal     pc + 0x38
core   0: 3 0x80001728 (0x038000ef) x 1 0x8000172c
core   0: 0x80001760 (0x0000bfd5) c.j     pc - 12
core   0: 3 0x80001760 (0xbfd5)
core   0: 0x80001754 (0x00800cef) jal     s9, pc + 0x8
core   0: 3 0x80001754 (0x00800cef) x25 0x80001758
core   0: 0x8000175c (0x0000a021) c.j     pc + 8
core   0: 3 0x8000175c (0xa021)
core   0: 0x80001764 (0xfe5ff0ef) jal     pc - 0x1c
core   0: 3 0x80001764 (0xfe5ff0ef) x 1 0x80001768
core   0: 0x80001748 (0xffdff36f) jal     t1, pc - 0x4
core   0: 3 0x80001748 (0xffdff36f) x 6 0x8000174c
core   0: 0x80001744 (0xfffffc6f) jal     s8, pc - 0x2
core   0: 3 0x80001744 (0xfffffc6f) x24 0x80001748
core   0: 0x80001742 (0x0000a039) c.j     pc + 14
core   0: 3 0x80001742 (0xa039)
core   0: 0x80001750 (0xfe5ff36f) jal     t1, pc - 0x1c
core   0: 3 0x80001750 (0xfe5ff36f) x 6 0x80001754
core   0: 0x80001734 (0x0040026f) jal     tp, pc + 0x4
core   0: 3 0x80001734 (0x0040026f) x 4 0x80001738
core   0: 0x80001738 (0x00003fe5) c.jal   pc - 8
core   0: 3 0x80001738 (0x3fe5) x 1 0x8000173a
core   0: 0x80001730 (0x038000ef) jal     pc + 0x38
core   0: 3 0x80001730 (0x038000ef) x 1 0x80001734
core   0: 0x80001768 (0xfe5ff0ef) jal     pc - 0x1c
core   0: 3 0x80001768 (0xfe5ff0ef) x 1 0x8000176c
core   0: 0x8000174c (0xff1ff0ef) jal     pc - 0x10
core   0: 3 0x8000174c (0xff1ff0ef) x 1 0x80001750
core   0: 0x8000173c (0xff1ff0ef) jal     pc - 0x10
core   0: 3 0x8000173c (0xff1ff0ef) x 1 0x80001740
core   0: 0x8000172c (0x014000ef) jal     pc + 0x14
core   0: 3 0x8000172c (0x014000ef) x 1 0x80001730
core   0: 0x80001740 (0x00003fed) c.jal   pc - 6
core   0: 3 0x80001740 (0x3fed) x 1 0x80001742
core   0: 0x8000173a (0x0000a825) c.j     pc + 56
core   0: 3 0x8000173a (0xa825)
core   0: 0x80001772 (0x000037dd) c.jal   pc - 26
core   0: 3 0x80001772 (0x37dd) x 1 0x80001774
core   0: 0x80001758 (0x006003ef) jal     t2, pc + 0x6
core   0: 3 0x80001758 (0x006003ef) x 7 0x8000175c
core   0: 0x8000175e (0x00002809) c.jal   pc + 18
core   0: 3 0x8000175e (0x2809) x 1 0x80001760
core   0: 0x80001770 (0x0000bff5) c.j     pc - 4
core   0: 3 0x80001770 (0xbff5)
core   0: 0x8000176c (0xff7ff0ef) jal     pc - 0xa
core   0: 3 0x8000176c (0xff7ff0ef) x 1 0x80001770
core   0: 0x80001762 (0x0000a809) c.j     pc + 18
core   0: 3 0x80001762 (0xa809)
core   0: 0x80001774 (0x003774b3) and     s1, a4, gp
core   0: 3 0x80001774 (0x003774b3) x 9 0x00000000
core   0: 0x80001778 (0x0001a397) auipc   t2, 0x1a
core   0: 3 0x80001778 (0x0001a397) x 7 0x8001b778
core   0: 0x8000177c (0x4c838393) addi    t2, t2, 1224
core   0: 3 0x8000177c (0x4c838393) x 7 0x8001bc40
core   0: 0x80001780 (0x0000f717) auipc   a4, 0xf
core   0: 3 0x80001780 (0x0000f717) x14 0x80010780
core   0: 0x80001784 (0x7d570713) addi    a4, a4, 2005
core   0: 3 0x80001784 (0x7d570713) x14 0x80010f55
core   0: 0x80001788 (0xfc070883) lb      a7, -64(a4)
core   0: 3 0x80001788 (0xfc070883) x17 0xffffffce mem 0x80010f15
core   0: 0x8000178c (0xfdd38003) lb      zero, -35(t2)
core   0: 3 0x8000178c (0xfdd38003) mem 0x8001bc1d
core   0: 0x80001790 (0xfd270e03) lb      t3, -46(a4)
core   0: 3 0x80001790 (0xfd270e03) x28 0xffffffdc mem 0x80010f27
core   0: 0x80001794 (0x01e70123) sb      t5, 2(a4)
core   0: 3 0x80001794 (0x01e70123) mem 0x80010f57 0xff
core   0: 0x80001798 (0x01738203) lb      tp, 23(t2)
core   0: 3 0x80001798 (0x01738203) x 4 0x0000000c mem 0x8001bc57
core   0: 0x8000179c (0x01f70d03) lb      s10, 31(a4)
core   0: 3 0x8000179c (0x01f70d03) x26 0x0000002f mem 0x80010f74
core   0: 0x800017a0 (0x00138b03) lb      s6, 1(t2)
core   0: 3 0x800017a0 (0x00138b03) x22 0xfffffffa mem 0x8001bc41
core   0: 0x800017a4 (0xfd039283) lh      t0, -48(t2)
core   0: 3 0x800017a4 (0xfd039283) x 5 0xffffcacb mem 0x8001bc10
core   0: 0x800017a8 (0xff838803) lb      a6, -8(t2)
core   0: 3 0x800017a8 (0xff838803) x16 0xfffffff3 mem 0x8001bc38
core   0: 0x800017ac (0xfe739523) sh      t2, -22(t2)
core   0: 3 0x800017ac (0xfe739523) mem 0x8001bc2a 0xbc40
core   0: 0x800017b0 (0x03c39883) lh      a7, 60(t2)
core   0: 3 0x800017b0 (0x03c39883) x17 0x00003637 mem 0x8001bc7c
core   0: 0x800017b4 (0xfe738423) sb      t2, -24(t2)
core   0: 3 0x800017b4 (0xfe738423) mem 0x8001bc28 0x40
core   0: 0x800017b8 (0xfd4708a3) sb      s4, -47(a4)
core   0: 3 0x800017b8 (0xfd4708a3) mem 0x80010f26 0x64
core   0: 0x800017bc (0xfe772003) lw      zero, -25(a4)
core   0: 3 0x800017bc (0xfe772003) mem 0x80010f3c
core   0: 0x800017c0 (0xfd175183) lhu     gp, -47(a4)
core   0: 3 0x800017c0 (0xfd175183) x 3 0x0000dc64 mem 0x80010f26
core   0: 0x800017c4 (0xfda3de83) lhu     t4, -38(t2)
core   0: 3 0x800017c4 (0xfda3de83) x29 0x0000d0d1 mem 0x8001bc1a
core   0: 0x800017c8 (0xffd00613) li      a2, -3
core   0: 3 0x800017c8 (0xffd00613) x12 0xfffffffd
core   0: 0x800017cc (0x00000001) c.nop
core   0: 3 0x800017cc (0x0001)
core   0: 0x800017ce (0x4146d813) srai    a6, a3, 20
core   0: 3 0x800017ce (0x4146d813) x16 0x00000000
core   0: 0x800017d2 (0x82174313) xori    t1, a4, -2015
core   0: 3 0x800017d2 (0x82174313) x 6 0x7ffef774
core   0: 0x800017d6 (0x00000605) c.addi  a2, 1
core   0: 3 0x800017d6 (0x0605) x12 0xfffffffe
core   0: 0x800017d8 (0x41a35fb3) sra     t6, t1, s10
core   0: 3 0x800017d8 (0x41a35fb3) x31 0x0000fffd
core   0: 0x800017dc (0x00600913) li      s2, 6
core   0: 3 0x800017dc (0x00600913) x18 0x00000006
core   0: 0x800017e0 (0x00b00d13) li      s10, 11
core   0: 3 0x800017e0 (0x00b00d13) x26 0x0000000b
core   0: 0x800017e4 (0x005c29b3) slt     s3, s8, t0
core   0: 3 0x800017e4 (0x005c29b3) x19 0x00000001
core   0: 0x800017e8 (0x00008cc5) c.or    s1, s1
core   0: 3 0x800017e8 (0x8cc5) x 9 0x00000000
core   0: 0x800017ea (0x00000905) c.addi  s2, 1
core   0: 3 0x800017ea (0x0905) x18 0x00000007
core   0: 0x800017ec (0xffa90ce3) beq     s2, s10, pc - 8
core   0: 3 0x800017ec (0xffa90ce3)
core   0: 0x800017f0 (0x0011a1b3) slt     gp, gp, ra
core   0: 3 0x800017f0 (0x0011a1b3) x 3 0x00000000
core   0: 0x800017f4 (0x0333ccb3) div     s9, t2, s3
core   0: 3 0x800017f4 (0x0333ccb3) x25 0x8001bc40
core   0: 0x800017f8 (0x0000de69) c.beqz  a2, pc - 38
core   0: 3 0x800017f8 (0xde69)
core   0: 0x800017fa (0x0000100f) fence.i
core   0: 3 0x800017fa (0x0000100f)
core   0: 0x800017fe (0x00100093) li      ra, 1
core   0: 3 0x800017fe (0x00100093) x 1 0x00000001
core   0: 0x80001802 (0x002d13b3) sll     t2, s10, sp
core   0: 3 0x80001802 (0x002d13b3) x 7 0x000000b0
core   0: 0x80001806 (0x034616b3) mulh    a3, a2, s4
core   0: 3 0x80001806 (0x034616b3) x13 0x00000000
core   0: 0x8000180a (0xddb5c917) auipc   s2, 0xddb5c
core   0: 3 0x8000180a (0xddb5c917) x18 0x5db5d80a
core   0: 0x8000180e (0x0128d333) srl     t1, a7, s2
core   0: 3 0x8000180e (0x0128d333) x 6 0x0000000d
core   0: 0x80001812 (0x00008ea5) c.xor   a3, s1
core   0: 3 0x80001812 (0x8ea5) x13 0x00000000
core   0: 0x80001814 (0x000048a9) c.li    a7, 10
core   0: 3 0x80001814 (0x48a9) x17 0x0000000a
core   0: 0x80001816 (0x027578b3) remu    a7, a0, t2
core   0: 3 0x80001816 (0x027578b3) x17 0x0000002f
core   0: 0x8000181a (0x00d00493) li      s1, 13
core   0: 3 0x8000181a (0x00d00493) x 9 0x0000000d
core   0: 0x8000181e (0x0000680d) c.lui   a6, 0x3
core   0: 3 0x8000181e (0x680d) x16 0x00003000
core   0: 0x80001820 (0x45384913) xori    s2, a6, 1107
core   0: 3 0x80001820 (0x45384913) x18 0x00003453
core   0: 0x80001824 (0x00000091) c.addi  ra, 4
core   0: 3 0x80001824 (0x0091) x 1 0x00000005
core   0: 0x80001826 (0xfe90ede3) bltu    ra, s1, pc - 6
core   0: 3 0x80001826 (0xfe90ede3)
core   0: 0x80001820 (0x45384913) xori    s2, a6, 1107
core   0: 3 0x80001820 (0x45384913) x18 0x00003453
core   0: 0x80001824 (0x00000091) c.addi  ra, 4
core   0: 3 0x80001824 (0x0091) x 1 0x00000009
core   0: 0x80001826 (0xfe90ede3) bltu    ra, s1, pc - 6
core   0: 3 0x80001826 (0xfe90ede3)
core   0: 0x80001820 (0x45384913) xori    s2, a6, 1107
core   0: 3 0x80001820 (0x45384913) x18 0x00003453
core   0: 0x80001824 (0x00000091) c.addi  ra, 4
core   0: 3 0x80001824 (0x0091) x 1 0x0000000d
core   0: 0x80001826 (0xfe90ede3) bltu    ra, s1, pc - 6
core   0: 3 0x80001826 (0xfe90ede3)
core   0: 0x8000182a (0x1d412913) slti    s2, sp, 468
core   0: 3 0x8000182a (0x1d412913) x18 0x00000001
core   0: 0x8000182e (0xff600893) li      a7, -10
core   0: 3 0x8000182e (0xff600893) x17 0xfffffff6
core   0: 0x80001832 (0xaeb78313) addi    t1, a5, -1301
core   0: 3 0x80001832 (0xaeb78313) x 6 0xfffffaed
core   0: 0x80001836 (0x0144a333) slt     t1, s1, s4
core   0: 3 0x80001836 (0x0144a333) x 6 0x00000000
core   0: 0x8000183a (0x00008b26) c.mv    s6, s1
core   0: 3 0x8000183a (0x8b26) x22 0x0000000d
core   0: 0x8000183c (0x00c00993) li      s3, 12
core   0: 3 0x8000183c (0x00c00993) x19 0x0000000c
core   0: 0x80001840 (0x41cc0033) sub     zero, s8, t3
core   0: 3 0x80001840 (0x41cc0033)
core   0: 0x80001844 (0x05dd8017) auipc   zero, 0x5dd8
core   0: 3 0x80001844 (0x05dd8017)
core   0: 0x80001848 (0x419f8b33) sub     s6, t6, s9
core   0: 3 0x80001848 (0x419f8b33) x22 0x7fff43bd
core   0: 0x8000184c (0x036c9833) mulh    a6, s9, s6
core   0: 3 0x8000184c (0x036c9833) x16 0xc0013c40
core   0: 0x80001850 (0x02aa2333) mulhsu  t1, s4, a0
core   0: 3 0x80001850 (0x02aa2333) x 6 0x80025e64
core   0: 0x80001854 (0x02162c33) mulhsu  s8, a2, ra
core   0: 3 0x80001854 (0x02162c33) x24 0xffffffff
core   0: 0x80001858 (0x018a7d33) and     s10, s4, s8
core   0: 3 0x80001858 (0x018a7d33) x26 0x80025e64
core   0: 0x8000185c (0x00000885) c.addi  a7, 1
core   0: 3 0x8000185c (0x0885) x17 0xfffffff7
core   0: 0x8000185e (0x0019afb3) slt     t6, s3, ra
core   0: 3 0x8000185e (0x0019afb3) x31 0x00000001
core   0: 0x80001862 (0xff38e7e3) bltu    a7, s3, pc - 18
core   0: 3 0x80001862 (0xff38e7e3)
core   0: 0x80001866 (0x41855b13) srai    s6, a0, 24
core   0: 3 0x80001866 (0x41855b13) x22 0xffffffff
core   0: 0x8000186a (0x0000fa97) auipc   s5, 0xf
core   0: 3 0x8000186a (0x0000fa97) x21 0x8001086a
core   0: 0x8000186e (0x7c4a8a93) addi    s5, s5, 1988
core   0: 3 0x8000186e (0x7c4a8a93) x21 0x8001102e
core   0: 0x80001872 (0xf0dac483) lbu     s1, -243(s5)
core   0: 3 0x80001872 (0xf0dac483) x 9 0x000000f0 mem 0x80010f3b
core   0: 0x80001876 (0xf0da8803) lb      a6, -243(s5)
core   0: 3 0x80001876 (0xf0da8803) x16 0xfffffff0 mem 0x80010f3b
core   0: 0x8000187a (0xf0dac183) lbu     gp, -243(s5)
core   0: 3 0x8000187a (0xf0dac183) x 3 0x000000f0 mem 0x80010f3b
core   0: 0x8000187e (0xf0fa86a3) sb      a5, -243(s5)
core   0: 3 0x8000187e (0xf0fa86a3) mem 0x80010f3b 0x2
core   0: 0x80001882 (0xf0dac303) lbu     t1, -243(s5)
core   0: 3 0x80001882 (0xf0dac303) x 6 0x00000002 mem 0x80010f3b
core   0: 0x80001886 (0xf1aa9083) lh      ra, -230(s5)
core   0: 3 0x80001886 (0xf1aa9083) x 1 0x00000203 mem 0x80010f48
core   0: 0x8000188a (0xf3fac083) lbu     ra, -193(s5)
core   0: 3 0x8000188a (0xf3fac083) x 1 0x00000026 mem 0x80010f6d
core   0: 0x8000188e (0xf3fac783) lbu     a5, -193(s5)
core   0: 3 0x8000188e (0xf3fac783) x15 0x00000026 mem 0x80010f6d
core   0: 0x80001892 (0xf33a8fa3) sb      s3, -193(s5)
core   0: 3 0x80001892 (0xf33a8fa3) mem 0x80010f6d 0xc
core   0: 0x80001896 (0xf3facb03) lbu     s6, -193(s5)
core   0: 3 0x80001896 (0xf3facb03) x22 0x0000000c mem 0x80010f6d
core   0: 0x8000189a (0xf3fac983) lbu     s3, -193(s5)
core   0: 3 0x8000189a (0xf3fac983) x19 0x0000000c mem 0x80010f6d
core   0: 0x8000189e (0xf35a8fa3) sb      s5, -193(s5)
core   0: 3 0x8000189e (0xf35a8fa3) mem 0x80010f6d 0x2e
core   0: 0x800018a2 (0xf3fa8fa3) sb      t6, -193(s5)
core   0: 3 0x800018a2 (0xf3fa8fa3) mem 0x80010f6d 0x1
core   0: 0x800018a6 (0xf3fa8203) lb      tp, -193(s5)
core   0: 3 0x800018a6 (0xf3fa8203) x 4 0x00000001 mem 0x80010f6d
core   0: 0x800018aa (0xf33a8fa3) sb      s3, -193(s5)
core   0: 3 0x800018aa (0xf33a8fa3) mem 0x80010f6d 0xc
core   0: 0x800018ae (0xf3facc83) lbu     s9, -193(s5)
core   0: 3 0x800018ae (0xf3facc83) x25 0x0000000c mem 0x80010f6d
core   0: 0x800018b2 (0xf3fac203) lbu     tp, -193(s5)
core   0: 3 0x800018b2 (0xf3fac203) x 4 0x0000000c mem 0x80010f6d
core   0: 0x800018b6 (0xf3ea8fa3) sb      t5, -193(s5)
core   0: 3 0x800018b6 (0xf3ea8fa3) mem 0x80010f6d 0xff
core   0: 0x800018ba (0x00008675) c.srai  a2, 29
core   0: 3 0x800018ba (0x8675) x12 0xffffffff
core   0: 0x800018bc (0xf2da8fa3) sb      a3, -193(s5)
core   0: 3 0x800018bc (0xf2da8fa3) mem 0x80010f6d 0x0
core   0: 0x800018c0 (0xa4b9e013) ori     zero, s3, -1461
core   0: 3 0x800018c0 (0xa4b9e013)
core   0: 0x800018c4 (0xf3fac703) lbu     a4, -193(s5)
core   0: 3 0x800018c4 (0xf3fac703) x14 0x00000000 mem 0x80010f6d
core   0: 0x800018c8 (0x0001b297) auipc   t0, 0x1b
core   0: 3 0x800018c8 (0x0001b297) x 5 0x8001c8c8
core   0: 0x800018cc (0x5f928293) addi    t0, t0, 1529
core   0: 3 0x800018cc (0x5f928293) x 5 0x8001cec1
core   0: 0x800018d0 (0x01c86233) or      tp, a6, t3
core   0: 3 0x800018d0 (0x01c86233) x 4 0xfffffffc
core   0: 0x800018d4 (0x03a28983) lb      s3, 58(t0)
core   0: 3 0x800018d4 (0x03a28983) x19 0xffffffb0 mem 0x8001cefb
core   0: 0x800018d8 (0x413e0233) sub     tp, t3, s3
core   0: 3 0x800018d8 (0x413e0233) x 4 0x0000002c
core   0: 0x800018dc (0xfcd29e03) lh      t3, -51(t0)
core   0: 3 0x800018dc (0xfcd29e03) x28 0x00004445 mem 0x8001ce8e
core   0: 0x800018e0 (0xfe428423) sb      tp, -24(t0)
core   0: 3 0x800018e0 (0xfe428423) mem 0x8001cea9 0x2c
core   0: 0x800018e4 (0x0012a9a3) sw      ra, 19(t0)
core   0: 3 0x800018e4 (0x0012a9a3) mem 0x8001ced4 0x00000026
core   0: 0x800018e8 (0x000066f9) c.lui   a3, 0x1e
core   0: 3 0x800018e8 (0x66f9) x13 0x0001e000
core   0: 0x800018ea (0x03d2d683) lhu     a3, 61(t0)
core   0: 3 0x800018ea (0x03d2d683) x13 0x0000b4b5 mem 0x8001cefe
core   0: 0x800018ee (0x0246d6b3) divu    a3, a3, tp
core   0: 3 0x800018ee (0x0246d6b3) x13 0x0000041b
core   0: 0x800018f2 (0xfc72d683) lhu     a3, -57(t0)
core   0: 3 0x800018f2 (0xfc72d683) x13 0x00004243 mem 0x8001ce88
core   0: 0x800018f6 (0x000000b1) c.addi  ra, 12
core   0: 3 0x800018f6 (0x00b1) x 1 0x00000032
core   0: 0x800018f8 (0x00000001) c.nop
core   0: 3 0x800018f8 (0x0001)
core   0: 0x800018fa (0x00008ed5) c.or    a3, a3
core   0: 3 0x800018fa (0x8ed5) x13 0x00004243
core   0: 0x800018fc (0x0ff0000f) fence   iorw,iorw
core   0: 3 0x800018fc (0x0ff0000f)
core   0: 0x80001900 (0x033292a3) sh      s3, 37(t0)
core   0: 3 0x80001900 (0x033292a3) mem 0x8001cee6 0xffb0
core   0: 0x80001904 (0x03a2c803) lbu     a6, 58(t0)
core   0: 3 0x80001904 (0x03a2c803) x16 0x000000b0 mem 0x8001cefb
core   0: 0x80001908 (0x0042ce03) lbu     t3, 4(t0)
core   0: 3 0x80001908 (0x0042ce03) x28 0x0000007e mem 0x8001cec5
core   0: 0x8000190c (0x024298a3) sh      tp, 49(t0)
core   0: 3 0x8000190c (0x024298a3) mem 0x8001cef2 0x002c
core   0: 0x80001910 (0x01c81e33) sll     t3, a6, t3
core   0: 3 0x80001910 (0x01c81e33) x28 0x00000000
core   0: 0x80001914 (0xff0284a3) sb      a6, -23(t0)
core   0: 3 0x80001914 (0xff0284a3) mem 0x8001ceaa 0xb0
core   0: 0x80001918 (0x02d2a9a3) sw      a3, 51(t0)
core   0: 3 0x80001918 (0x02d2a9a3) mem 0x8001cef4 0x00004243
core   0: 0x8000191c (0x024e7833) remu    a6, t3, tp
core   0: 3 0x8000191c (0x024e7833) x16 0x00000000
core   0: 0x80001920 (0x0032a803) lw      a6, 3(t0)
core   0: 3 0x80001920 (0x0032a803) x16 0x7c7d7e7f mem 0x8001cec4
core   0: 0x80001924 (0xfc128823) sb      ra, -48(t0)
core   0: 3 0x80001924 (0xfc128823) mem 0x8001ce91 0x32
core   0: 0x80001928 (0xff3284a3) sb      s3, -23(t0)
core   0: 3 0x80001928 (0xff3284a3) mem 0x8001ceaa 0xb0
core   0: 0x8000192c (0xfd528083) lb      ra, -43(t0)
core   0: 3 0x8000192c (0xfd528083) x 1 0x0000004d mem 0x8001ce96
core   0: 0x80001930 (0x013286a3) sb      s3, 13(t0)
core   0: 3 0x80001930 (0x013286a3) mem 0x8001cece 0xb0
core   0: 0x80001934 (0xfc028e03) lb      t3, -64(t0)
core   0: 3 0x80001934 (0xfc028e03) x28 0x0000003a mem 0x8001ce81
core   0: 0x80001938 (0x01c28623) sb      t3, 12(t0)
core   0: 3 0x80001938 (0x01c28623) mem 0x8001cecd 0x3a
core   0: 0x8000193c (0xfe128923) sb      ra, -14(t0)
core   0: 3 0x8000193c (0xfe128923) mem 0x8001ceb3 0x4d
core   0: 0x80001940 (0xff02a1a3) sw      a6, -29(t0)
core   0: 3 0x80001940 (0xff02a1a3) mem 0x8001cea4 0x7c7d7e7f
core   0: 0x80001944 (0x01c28023) sb      t3, 0(t0)
core   0: 3 0x80001944 (0x01c28023) mem 0x8001cec1 0x3a
core   0: 0x80001948 (0xfef2a203) lw      tp, -17(t0)
core   0: 3 0x80001948 (0xfef2a203) x 4 0x4d696a6b mem 0x8001ceb0
core   0: 0x8000194c (0x033239b3) mulhu   s3, tp, s3
core   0: 3 0x8000194c (0x033239b3) x19 0x4d696a52
core   0: 0x80001950 (0x0136e833) or      a6, a3, s3
core   0: 3 0x80001950 (0x0136e833) x16 0x4d696a53
core   0: 0x80001954 (0x00a2ce03) lbu     t3, 10(t0)
core   0: 3 0x80001954 (0x00a2ce03) x28 0x00000080 mem 0x8001cecb
core   0: 0x80001958 (0x0142ce03) lbu     t3, 20(t0)
core   0: 3 0x80001958 (0x0142ce03) x28 0x00000000 mem 0x8001ced5
core   0: 0x8000195c (0x033e66b3) rem     a3, t3, s3
core   0: 3 0x8000195c (0x033e66b3) x13 0x00000000
core   0: 0x80001960 (0xfc128a23) sb      ra, -44(t0)
core   0: 3 0x80001960 (0xfc128a23) mem 0x8001ce95 0x4d
core   0: 0x80001964 (0x01e28683) lb      a3, 30(t0)
core   0: 3 0x80001964 (0x01e28683) x13 0xffffff94 mem 0x8001cedf
core   0: 0x80001968 (0x00008ac1) c.andi  a3, 16
core   0: 3 0x80001968 (0x8ac1) x13 0x00000010
core   0: 0x8000196a (0x00de10b3) sll     ra, t3, a3
core   0: 3 0x8000196a (0x00de10b3) x 1 0x00000000
core   0: 0x8000196e (0x0332a083) lw      ra, 51(t0)
core   0: 3 0x8000196e (0x0332a083) x 1 0x00004243 mem 0x8001cef4
core   0: 0x80001972 (0x00015297) auipc   t0, 0x15
core   0: 3 0x80001972 (0x00015297) x 5 0x80016972
core   0: 0x80001976 (0xc4e28293) addi    t0, t0, -946
core   0: 3 0x80001976 (0xc4e28293) x 5 0x800165c0
core   0: 0x8000197a (0xffe2ae23) sw      t5, -4(t0)
core   0: 3 0x8000197a (0xffe2ae23) mem 0x800165bc 0x00000fff
core   0: 0x8000197e (0xff32cd83) lbu     s11, -13(t0)
core   0: 3 0x8000197e (0xff32cd83) x27 0x00000068 mem 0x800165b3
core   0: 0x80001982 (0x0182a423) sw      s8, 8(t0)
core   0: 3 0x80001982 (0x0182a423) mem 0x800165c8 0xffffffff
core   0: 0x80001986 (0x0082c003) lbu     zero, 8(t0)
core   0: 3 0x80001986 (0x0082c003) mem 0x800165c8
core   0: 0x8000198a (0xfc728183) lb      gp, -57(t0)
core   0: 3 0x8000198a (0xfc728183) x 3 0x0000003c mem 0x80016587
core   0: 0x8000198e (0xfd728b03) lb      s6, -41(t0)
core   0: 3 0x8000198e (0xfd728b03) x22 0x0000004c mem 0x80016597
core   0: 0x80001992 (0xfc12c003) lbu     zero, -63(t0)
core   0: 3 0x80001992 (0xfc12c003) mem 0x80016581
core   0: 0x80001996 (0x01b2cc03) lbu     s8, 27(t0)
core   0: 3 0x80001996 (0x01b2cc03) x24 0x00000090 mem 0x800165db
core   0: 0x8000199a (0x02728223) sb      t2, 36(t0)
core   0: 3 0x8000199a (0x02728223) mem 0x800165e4 0xb0
core   0: 0x8000199e (0x48a9af37) lui     t5, 0x48a9a
core   0: 3 0x8000199e (0x48a9af37) x30 0x48a9a000
core   0: 0x800019a2 (0x02429e03) lh      t3, 36(t0)
core   0: 3 0x800019a2 (0x02429e03) x28 0xffff9eb0 mem 0x800165e4
core   0: 0x800019a6 (0x03276833) rem     a6, a4, s2
core   0: 3 0x800019a6 (0x03276833) x16 0x00000000
core   0: 0x800019aa (0x36a76d97) auipc   s11, 0x36a76
core   0: 3 0x800019aa (0x36a76d97) x27 0xb6a779aa
core   0: 0x800019ae (0x0002c003) lbu     zero, 0(t0)
core   0: 3 0x800019ae (0x0002c003) mem 0x800165c0
core   0: 0x800019b2 (0x0002a783) lw      a5, 0(t0)
core   0: 3 0x800019b2 (0x0002a783) x15 0x78797a7b mem 0x800165c0
core   0: 0x800019b6 (0x0372c783) lbu     a5, 55(t0)
core   0: 3 0x800019b6 (0x0372c783) x15 0x000000ac mem 0x800165f7
core   0: 0x800019ba (0xfdd28b03) lb      s6, -35(t0)
core   0: 3 0x800019ba (0xfdd28b03) x22 0x00000056 mem 0x8001659d
core   0: 0x800019be (0x00011217) auipc   tp, 0x11
core   0: 3 0x800019be (0x00011217) x 4 0x800129be
core   0: 0x800019c2 (0x1ca20213) addi    tp, tp, 458
core   0: 3 0x800019c2 (0x1ca20213) x 4 0x80012b88
core   0: 0x800019c6 (0xff520d03) lb      s10, -11(tp)
core   0: 3 0x800019c6 (0xff520d03) x26 0x00000036 mem 0x80012b7d
core   0: 0x800019ca (0xfed20fa3) sb      a3, -1(tp)
core   0: 3 0x800019ca (0xfed20fa3) mem 0x80012b87 0x10
core   0: 0x800019ce (0x01922223) sw      s9, 4(tp)
core   0: 3 0x800019ce (0x01922223) mem 0x80012b8c 0x0000000c
core   0: 0x800019d2 (0xff320403) lb      s0, -13(tp)
core   0: 3 0x800019d2 (0xff320403) x 8 0x00000030 mem 0x80012b7b
core   0: 0x800019d6 (0x5c6fe293) ori     t0, t6, 1478
core   0: 3 0x800019d6 (0x5c6fe293) x 5 0x000005c7
core   0: 0x800019da (0x01c20323) sb      t3, 6(tp)
core   0: 3 0x800019da (0x01c20323) mem 0x80012b8e 0xb0
core   0: 0x800019de (0xff422283) lw      t0, -12(tp)
core   0: 3 0x800019de (0xff422283) x 5 0x34353637 mem 0x80012b7c
core   0: 0x800019e2 (0xff424f83) lbu     t6, -12(tp)
core   0: 3 0x800019e2 (0xff424f83) x31 0x00000037 mem 0x80012b7c
core   0: 0x800019e6 (0xffd20483) lb      s1, -3(tp)
core   0: 3 0x800019e6 (0xffd20483) x 9 0x0000003e mem 0x80012b85
core   0: 0x800019ea (0x00d24383) lbu     t2, 13(tp)
core   0: 3 0x800019ea (0x00d24383) x 7 0x0000004e mem 0x80012b95
core   0: 0x800019ee (0xff320823) sb      s3, -16(tp)
core   0: 3 0x800019ee (0xff320823) mem 0x80012b78 0x52
core   0: 0x800019f2 (0xff025303) lhu     t1, -16(tp)
core   0: 3 0x800019f2 (0xff025303) x 6 0x00003252 mem 0x80012b78
core   0: 0x800019f6 (0xff021083) lh      ra, -16(tp)
core   0: 3 0x800019f6 (0xff021083) x 1 0x00003252 mem 0x80012b78
core   0: 0x800019fa (0xff021a83) lh      s5, -16(tp)
core   0: 3 0x800019fa (0xff021a83) x21 0x00003252 mem 0x80012b78
core   0: 0x800019fe (0x418bd013) srai    zero, s7, 24
core   0: 3 0x800019fe (0x418bd013)
core   0: 0x80001a02 (0xff024183) lbu     gp, -16(tp)
core   0: 3 0x80001a02 (0xff024183) x 3 0x00000052 mem 0x80012b78
core   0: 0x80001a06 (0x03bc4db3) div     s11, s8, s11
core   0: 3 0x80001a06 (0x03bc4db3) x27 0x00000000
core   0: 0x80001a0a (0xfec21c23) sh      a2, -8(tp)
core   0: 3 0x80001a0a (0xfec21c23) mem 0x80012b80 0xffff
core   0: 0x80001a0e (0xff820b03) lb      s6, -8(tp)
core   0: 3 0x80001a0e (0xff820b03) x22 0xffffffff mem 0x80012b80
core   0: 0x80001a12 (0x008000ef) jal     pc + 0x8
core   0: 3 0x80001a12 (0x008000ef) x 1 0x80001a16
core   0: 0x80001a1a (0x0220066f) jal     a2, pc + 0x22
core   0: 3 0x80001a1a (0x0220066f) x12 0x80001a1e
core   0: 0x80001a3c (0x0060066f) jal     a2, pc + 0x6
core   0: 3 0x80001a3c (0x0060066f) x12 0x80001a40
core   0: 0x80001a42 (0xfe5ff0ef) jal     pc - 0x1c
core   0: 3 0x80001a42 (0xfe5ff0ef) x 1 0x80001a46
core   0: 0x80001a26 (0xffbff36f) jal     t1, pc - 0x6
core   0: 3 0x80001a26 (0xffbff36f) x 6 0x80001a2a
core   0: 0x80001a20 (0x00002819) c.jal   pc + 22
core   0: 3 0x80001a20 (0x2819) x 1 0x80001a22
core   0: 0x80001a36 (0xfe3ff0ef) jal     pc - 0x1e
core   0: 3 0x80001a36 (0xfe3ff0ef) x 1 0x80001a3a
core   0: 0x80001a18 (0x0000a00d) c.j     pc + 34
core   0: 3 0x80001a18 (0xa00d)
core   0: 0x80001a3a (0x000037e5) c.jal   pc - 24
core   0: 3 0x80001a3a (0x37e5) x 1 0x80001a3c
core   0: 0x80001a22 (0xff5ffb6f) jal     s6, pc - 0xc
core   0: 3 0x80001a22 (0xff5ffb6f) x22 0x80001a26
core   0: 0x80001a16 (0x00002839) c.jal   pc + 30
core   0: 3 0x80001a16 (0x2839) x 1 0x80001a18
core   0: 0x80001a34 (0x0000bfdd) c.j     pc - 10
core   0: 3 0x80001a34 (0xbfdd)
core   0: 0x80001a2a (0xff5ff3ef) jal     t2, pc - 0xc
core   0: 3 0x80001a2a (0xff5ff3ef) x 7 0x80001a2e
core   0: 0x80001a1e (0x0000a811) c.j     pc + 20
core   0: 3 0x80001a1e (0xa811)
core   0: 0x80001a32 (0x00002039) c.jal   pc + 14
core   0: 3 0x80001a32 (0x2039) x 1 0x80001a34
core   0: 0x80001a40 (0x0000b7fd) c.j     pc - 18
core   0: 3 0x80001a40 (0xb7fd)
core   0: 0x80001a2e (0x018000ef) jal     pc + 0x18
core   0: 3 0x80001a2e (0x018000ef) x 1 0x80001a32
core   0: 0x80001a46 (0x468ec613) xori    a2, t4, 1128
core   0: 3 0x80001a46 (0x468ec613) x12 0x0000d4b9
core   0: 0x80001a4a (0xff700f13) li      t5, -9
core   0: 3 0x80001a4a (0xff700f13) x30 0xfffffff7
core   0: 0x80001a4e (0x4058dd33) sra     s10, a7, t0
core   0: 3 0x80001a4e (0x4058dd33) x26 0xffffffff
core   0: 0x80001a52 (0x00600c93) li      s9, 6
core   0: 3 0x80001a52 (0x00600c93) x25 0x00000006
core   0: 0x80001a56 (0x03ec7ab3) remu    s5, s8, t5
core   0: 3 0x80001a56 (0x03ec7ab3) x21 0x00000090
core   0: 0x80001a5a (0x000631b3) sltu    gp, a2, zero
core   0: 3 0x80001a5a (0x000631b3) x 3 0x00000000
core   0: 0x80001a5e (0x00000001) c.nop
core   0: 3 0x80001a5e (0x0001)
core   0: 0x80001a60 (0xf7466513) ori     a0, a2, -140
core   0: 3 0x80001a60 (0xf7466513) x10 0xfffffffd
core   0: 0x80001a64 (0x001f9893) slli    a7, t6, 1
core   0: 3 0x80001a64 (0x001f9893) x17 0x0000006e
core   0: 0x80001a68 (0x00000001) c.nop
core   0: 3 0x80001a68 (0x0001)
core   0: 0x80001a6a (0x00c0e0b3) or      ra, ra, a2
core   0: 3 0x80001a6a (0x00c0e0b3) x 1 0x8000debb
core   0: 0x80001a6e (0xac86fa93) andi    s5, a3, -1336
core   0: 3 0x80001a6e (0xac86fa93) x21 0x00000000
core   0: 0x80001a72 (0x02974533) div     a0, a4, s1
core   0: 3 0x80001a72 (0x02974533) x10 0x00000000
core   0: 0x80001a76 (0x00000f25) c.addi  t5, 9
core   0: 3 0x80001a76 (0x0f25) x30 0x00000000
core   0: 0x80001a78 (0x03dbc733) div     a4, s7, t4
core   0: 3 0x80001a78 (0x03dbc733) x14 0x00000000
core   0: 0x80001a7c (0x02122db3) mulhsu  s11, tp, ra
core   0: 3 0x80001a7c (0x02122db3) x27 0xc0002667
core   0: 0x80001a80 (0xff9f69e3) bltu    t5, s9, pc - 14
core   0: 3 0x80001a80 (0xff9f69e3)
core   0: 0x80001a72 (0x02974533) div     a0, a4, s1
core   0: 3 0x80001a72 (0x02974533) x10 0x00000000
core   0: 0x80001a76 (0x00000f25) c.addi  t5, 9
core   0: 3 0x80001a76 (0x0f25) x30 0x00000009
core   0: 0x80001a78 (0x03dbc733) div     a4, s7, t4
core   0: 3 0x80001a78 (0x03dbc733) x14 0x00000000
core   0: 0x80001a7c (0x02122db3) mulhsu  s11, tp, ra
core   0: 3 0x80001a7c (0x02122db3) x27 0xc0002667
core   0: 0x80001a80 (0xff9f69e3) bltu    t5, s9, pc - 14
core   0: 3 0x80001a80 (0xff9f69e3)
core   0: 0x80001a84 (0x256a3e93) sltiu   t4, s4, 598
core   0: 3 0x80001a84 (0x256a3e93) x29 0x00000000
core   0: 0x80001a88 (0x004000ef) jal     pc + 0x4
core   0: 3 0x80001a88 (0x004000ef) x 1 0x80001a8c
core   0: 0x80001a8c (0x012000ef) jal     pc + 0x12
core   0: 3 0x80001a8c (0x012000ef) x 1 0x80001a90
core   0: 0x80001a9e (0x0000a009) c.j     pc + 2
core   0: 3 0x80001a9e (0xa009)
core   0: 0x80001aa0 (0x0000a809) c.j     pc + 18
core   0: 3 0x80001aa0 (0xa809)
core   0: 0x80001ab2 (0x0000bfcd) c.j     pc - 14
core   0: 3 0x80001ab2 (0xbfcd)
core   0: 0x80001aa4 (0xfefff36f) jal     t1, pc - 0x12
core   0: 3 0x80001aa4 (0xfefff36f) x 6 0x80001aa8
core   0: 0x80001a92 (0x0000a801) c.j     pc + 16
core   0: 3 0x80001a92 (0xa801)
core   0: 0x80001aa2 (0x0000bfe5) c.j     pc - 8
core   0: 3 0x80001aa2 (0xbfe5)
core   0: 0x80001a9a (0x01600c6f) jal     s8, pc + 0x16
core   0: 3 0x80001a9a (0x01600c6f) x24 0x80001a9e
core   0: 0x80001ab0 (0x00003ffd) c.jal   pc - 2
core   0: 3 0x80001ab0 (0x3ffd) x 1 0x80001ab2
core   0: 0x80001aae (0x00002019) c.jal   pc + 6
core   0: 3 0x80001aae (0x2019) x 1 0x80001ab0
core   0: 0x80001ab4 (0x0000a029) c.j     pc + 10
core   0: 3 0x80001ab4 (0xa029)
core   0: 0x80001abe (0x0000bff5) c.j     pc - 4
core   0: 3 0x80001abe (0xbff5)
core   0: 0x80001aba (0x0000bfe9) c.j     pc - 38
core   0: 3 0x80001aba (0xbfe9)
core   0: 0x80001a94 (0x0000a81d) c.j     pc + 54
core   0: 3 0x80001a94 (0xa81d)
core   0: 0x80001aca (0x000037f5) c.jal   pc - 20
core   0: 3 0x80001aca (0x37f5) x 1 0x80001acc
core   0: 0x80001ab6 (0xfe1fffef) jal     t6, pc - 0x20
core   0: 3 0x80001ab6 (0xfe1fffef) x31 0x80001aba
core   0: 0x80001a96 (0x0320036f) jal     t1, pc + 0x32
core   0: 3 0x80001a96 (0x0320036f) x 6 0x80001a9a
core   0: 0x80001ac8 (0x000037e1) c.jal   pc - 56
core   0: 3 0x80001ac8 (0x37e1) x 1 0x80001aca
core   0: 0x80001a90 (0x00002821) c.jal   pc + 24
core   0: 3 0x80001a90 (0x2821) x 1 0x80001a92
core   0: 0x80001aa8 (0x00002811) c.jal   pc + 20
core   0: 3 0x80001aa8 (0x2811) x 1 0x80001aaa
core   0: 0x80001abc (0x00002029) c.jal   pc + 10
core   0: 3 0x80001abc (0x2029) x 1 0x80001abe
core   0: 0x80001ac6 (0x000037d5) c.jal   pc - 28
core   0: 3 0x80001ac6 (0x37d5) x 1 0x80001ac8
core   0: 0x80001aaa (0x0160036f) jal     t1, pc + 0x16
core   0: 3 0x80001aaa (0x0160036f) x 6 0x80001aae
core   0: 0x80001ac0 (0x00002009) c.jal   pc + 2
core   0: 3 0x80001ac0 (0x2009) x 1 0x80001ac2
core   0: 0x80001ac2 (0x0000a009) c.j     pc + 2
core   0: 3 0x80001ac2 (0xa009)
core   0: 0x80001ac4 (0x00002021) c.jal   pc + 8
core   0: 3 0x80001ac4 (0x2021) x 1 0x80001ac6
core   0: 0x80001acc (0x000062d9) c.lui   t0, 0x16
core   0: 3 0x80001acc (0x62d9) x 5 0x00016000
core   0: 0x80001ace (0x0000f517) auipc   a0, 0xf
core   0: 3 0x80001ace (0x0000f517) x10 0x80010ace
core   0: 0x80001ad2 (0x0eb50513) addi    a0, a0, 235
core   0: 3 0x80001ad2 (0x0eb50513) x10 0x80010bb9
core   0: 0x80001ad6 (0x0000f497) auipc   s1, 0xf
core   0: 3 0x80001ad6 (0x0000f497) x 9 0x80010ad6
core   0: 0x80001ada (0xfd848493) addi    s1, s1, -40
core   0: 3 0x80001ada (0xfd848493) x 9 0x80010aae
core   0: 0x80001ade (0xf87508a3) sb      t2, -111(a0)
core   0: 3 0x80001ade (0xf87508a3) mem 0x80010b4a 0x2e
core   0: 0x80001ae2 (0xfe150ea3) sb      ra, -3(a0)
core   0: 3 0x80001ae2 (0xfe150ea3) mem 0x80010bb6 0xc6
core   0: 0x80001ae6 (0x037480a3) sb      s7, 33(s1)
core   0: 3 0x80001ae6 (0x037480a3) mem 0x80010acf 0x3
core   0: 0x80001aea (0xf08529a3) sw      s0, -237(a0)
core   0: 3 0x80001aea (0xf08529a3) mem 0x80010acc 0x00000030
core   0: 0x80001aee (0xfff49523) sh      t6, -22(s1)
core   0: 3 0x80001aee (0xfff49523) mem 0x80010a98 0x1aba
core   0: 0x80001af2 (0x02d4cc03) lbu     s8, 45(s1)
core   0: 3 0x80001af2 (0x02d4cc03) x24 0x00000090 mem 0x80010adb
core   0: 0x80001af6 (0x0fc54003) lbu     zero, 252(a0)
core   0: 3 0x80001af6 (0x0fc54003) mem 0x80010cb5
core   0: 0x80001afa (0xf3c54783) lbu     a5, -196(a0)
core   0: 3 0x80001afa (0xf3c54783) x15 0x000000ae mem 0x80010af5
core   0: 0x80001afe (0xf1c54403) lbu     s0, -228(a0)
core   0: 3 0x80001afe (0xf1c54403) x 8 0x0000008e mem 0x80010ad5
core   0: 0x80001b02 (0xff348183) lb      gp, -13(s1)
core   0: 3 0x80001b02 (0xff348183) x 3 0x0000005a mem 0x80010aa1
core   0: 0x80001b06 (0xfe6502a3) sb      t1, -27(a0)
core   0: 3 0x80001b06 (0xfe6502a3) mem 0x80010b9e 0xae
core   0: 0x80001b0a (0x00448a23) sb      tp, 20(s1)
core   0: 3 0x80001b0a (0x00448a23) mem 0x80010ac2 0x88
core   0: 0x80001b0e (0x00b49f23) sh      a1, 30(s1)
core   0: 3 0x80001b0e (0x00b49f23) mem 0x80010acc 0x0000
core   0: 0x80001b12 (0xfec48783) lb      a5, -20(s1)
core   0: 3 0x80001b12 (0xfec48783) x15 0x00000051 mem 0x80010a9a
core   0: 0x80001b16 (0x01848983) lb      s3, 24(s1)
core   0: 3 0x80001b16 (0x01848983) x19 0x0000007d mem 0x80010ac6
core   0: 0x80001b1a (0x0000fb17) auipc   s6, 0xf
core   0: 3 0x80001b1a (0x0000fb17) x22 0x80010b1a
core   0: 0x80001b1e (0x9fab0b13) addi    s6, s6, -1542
core   0: 3 0x80001b1e (0x9fab0b13) x22 0x80010514
core   0: 0x80001b22 (0xfc7b2423) sw      t2, -56(s6)
core   0: 3 0x80001b22 (0xfc7b2423) mem 0x800104dc 0x80001a2e
core   0: 0x80001b26 (0xff7b1e23) sh      s7, -4(s6)
core   0: 3 0x80001b26 (0xff7b1e23) mem 0x80010510 0x0003
core   0: 0x80001b2a (0x000007b2) c.slli  a5, 12
core   0: 3 0x80001b2a (0x07b2) x15 0x00051000
core   0: 0x80001b2c (0x000000ca) c.slli  ra, 18
core   0: 3 0x80001b2c (0x00ca) x 1 0x6b180000
core   0: 0x80001b2e (0x00008ff1) c.and   a5, a2
core   0: 3 0x80001b2e (0x8ff1) x15 0x00001000
core   0: 0x80001b30 (0x010e1cb3) sll     s9, t3, a6
core   0: 3 0x80001b30 (0x010e1cb3) x25 0xffff9eb0
core   0: 0x80001b34 (0x0352c4b3) div     s1, t0, s5
core   0: 3 0x80001b34 (0x0352c4b3) x 9 0xffffffff
core   0: 0x80001b38 (0x00008ee9) c.and   a3, a0
core   0: 3 0x80001b38 (0x8ee9) x13 0x00000010
core   0: 0x80001b3a (0xfd9b0a83) lb      s5, -39(s6)
core   0: 3 0x80001b3a (0xfd9b0a83) x21 0xffffffa6 mem 0x800104ed
core   0: 0x80001b3e (0xfecb0ea3) sb      a2, -3(s6)
core   0: 3 0x80001b3e (0xfecb0ea3) mem 0x80010511 0xb9
core   0: 0x80001b42 (0x008b09a3) sb      s0, 19(s6)
core   0: 3 0x80001b42 (0x008b09a3) mem 0x80010527 0x8e
core   0: 0x80001b46 (0x03fb4f03) lbu     t5, 63(s6)
core   0: 3 0x80001b46 (0x03fb4f03) x30 0x00000008 mem 0x80010553
core   0: 0x80001b4a (0x030b1303) lh      t1, 48(s6)
core   0: 3 0x80001b4a (0x030b1303) x 6 0xfffffeff mem 0x80010544
core   0: 0x80001b4e (0x02f8b7b3) mulhu   a5, a7, a5
core   0: 3 0x80001b4e (0x02f8b7b3) x15 0x00000000
core   0: 0x80001b52 (0x022b1523) sh      sp, 42(s6)
core   0: 3 0x80001b52 (0x022b1523) mem 0x8001053e 0x9ce4
core   0: 0x80001b56 (0xfd6b0303) lb      t1, -42(s6)
core   0: 3 0x80001b56 (0xfd6b0303) x 6 0xffffffa1 mem 0x800104ea
core   0: 0x80001b5a (0x000098fd) c.andi  s1, -1
core   0: 3 0x80001b5a (0x98fd) x 9 0xffffffff
core   0: 0x80001b5c (0x037f8e33) mul     t3, t6, s7
core   0: 3 0x80001b5c (0x037f8e33) x28 0x8000502e
core   0: 0x80001b60 (0x00006871) c.lui   a6, 0x1c
core   0: 3 0x80001b60 (0x6871) x16 0x0001c000
core   0: 0x80001b62 (0x002b0183) lb      gp, 2(s6)
core   0: 3 0x80001b62 (0x002b0183) x 3 0xffffffcd mem 0x80010516
core   0: 0x80001b66 (0xff5b05a3) sb      s5, -21(s6)
core   0: 3 0x80001b66 (0xff5b05a3) mem 0x800104ff 0xa6
core   0: 0x80001b6a (0x013b0903) lb      s2, 19(s6)
core   0: 3 0x80001b6a (0x013b0903) x18 0xffffff8e mem 0x80010527
core   0: 0x80001b6e (0x00fb4d83) lbu     s11, 15(s6)
core   0: 3 0x80001b6e (0x00fb4d83) x27 0x000000d8 mem 0x80010523
core   0: 0x80001b72 (0xfd5b0e83) lb      t4, -43(s6)
core   0: 3 0x80001b72 (0xfd5b0e83) x29 0xffffffa2 mem 0x800104e9
core   0: 0x80001b76 (0x02c0ae33) mulhsu  t3, ra, a2
core   0: 3 0x80001b76 (0x02c0ae33) x28 0x000058fd
core   0: 0x80001b7a (0x023b4283) lbu     t0, 35(s6)
core   0: 3 0x80001b7a (0x023b4283) x 5 0x000000ec mem 0x80010537
core   0: 0x80001b7e (0xfc1b0203) lb      tp, -63(s6)
core   0: 3 0x80001b7e (0xfc1b0203) x 4 0xffffffd9 mem 0x800104d5
core   0: 0x80001b82 (0xb1a0be13) sltiu   t3, ra, -1254
core   0: 3 0x80001b82 (0xb1a0be13) x28 0x00000001
core   0: 0x80001b86 (0x00008365) c.srli  a4, 25
core   0: 3 0x80001b86 (0x8365) x14 0x00000000
core   0: 0x80001b88 (0xffeb0b23) sb      t5, -10(s6)
core   0: 3 0x80001b88 (0xffeb0b23) mem 0x8001050a 0x8
core   0: 0x80001b8c (0xfc9b0c23) sb      s1, -40(s6)
core   0: 3 0x80001b8c (0xfc9b0c23) mem 0x800104ec 0xff
core   0: 0x80001b90 (0x039b4703) lbu     a4, 57(s6)
core   0: 3 0x80001b90 (0x039b4703) x14 0x00000006 mem 0x8001054d
core   0: 0x80001b94 (0xffab0983) lb      s3, -6(s6)
core   0: 3 0x80001b94 (0xffab0983) x19 0xffffffc5 mem 0x8001050e
core   0: 0x80001b98 (0x00001afd) c.addi  s5, -1
core   0: 3 0x80001b98 (0x1afd) x21 0xffffffa5
core   0: 0x80001b9a (0x01c8f633) and     a2, a7, t3
core   0: 3 0x80001b9a (0x01c8f633) x12 0x00000000
core   0: 0x80001b9e (0x02052333) mulhsu  t1, a0, zero
core   0: 3 0x80001b9e (0x02052333) x 6 0x00000000
core   0: 0x80001ba2 (0x03bb2c23) sw      s11, 56(s6)
core   0: 3 0x80001ba2 (0x03bb2c23) mem 0x8001054c 0x000000d8
core   0: 0x80001ba6 (0xfdfb0323) sb      t6, -58(s6)
core   0: 3 0x80001ba6 (0xfdfb0323) mem 0x800104da 0xba
core   0: 0x80001baa (0xfe6b5783) lhu     a5, -26(s6)
core   0: 3 0x80001baa (0xfe6b5783) x15 0x0000b0b1 mem 0x800104fa
core   0: 0x80001bae (0xfc9b0483) lb      s1, -55(s6)
core   0: 3 0x80001bae (0xfc9b0483) x 9 0x0000001a mem 0x800104dd
core   0: 0x80001bb2 (0x00bb0d03) lb      s10, 11(s6)
core   0: 3 0x80001bb2 (0x00bb0d03) x26 0xffffffd4 mem 0x8001051f
core   0: 0x80001bb6 (0xffc00613) li      a2, -4
core   0: 3 0x80001bb6 (0xffc00613) x12 0xfffffffc
core   0: 0x80001bba (0x00000001) c.nop
core   0: 3 0x80001bba (0x0001)
core   0: 0x80001bbc (0x41948433) sub     s0, s1, s9
core   0: 3 0x80001bbc (0x41948433) x 8 0x0000616a
core   0: 0x80001bc0 (0x59344993) xori    s3, s0, 1427
core   0: 3 0x80001bc0 (0x59344993) x19 0x000064f9
core   0: 0x80001bc4 (0x00000611) c.addi  a2, 4
core   0: 3 0x80001bc4 (0x0611) x12 0x00000000
core   0: 0x80001bc6 (0x00a00493) li      s1, 10
core   0: 3 0x80001bc6 (0x00a00493) x 9 0x0000000a
core   0: 0x80001bca (0x00600293) li      t0, 6
core   0: 3 0x80001bca (0x00600293) x 5 0x00000006
core   0: 0x80001bce (0x00008b46) c.mv    s6, a7
core   0: 3 0x80001bce (0x8b46) x22 0x0000006e
core   0: 0x80001bd0 (0x000014ed) c.addi  s1, -5
core   0: 3 0x80001bd0 (0x14ed) x 9 0x00000005
core   0: 0x80001bd2 (0xfe54fee3) bgeu    s1, t0, pc - 4
core   0: 3 0x80001bd2 (0xfe54fee3)
core   0: 0x80001bd6 (0x0000f66d) c.bnez  a2, pc - 22
core   0: 3 0x80001bd6 (0xf66d)
core   0: 0x80001bd8 (0x3216c313) xori    t1, a3, 801
core   0: 3 0x80001bd8 (0x3216c313) x 6 0x00000331
core   0: 0x80001bdc (0x016000ef) jal     pc + 0x16
core   0: 3 0x80001bdc (0x016000ef) x 1 0x80001be0
core   0: 0x80001bf2 (0xffbff2ef) jal     t0, pc - 0x6
core   0: 3 0x80001bf2 (0xffbff2ef) x 5 0x80001bf6
core   0: 0x80001bec (0x0000a809) c.j     pc + 18
core   0: 3 0x80001bec (0xa809)
core   0: 0x80001bfe (0x00002011) c.jal   pc + 4
core   0: 3 0x80001bfe (0x2011) x 1 0x80001c00
core   0: 0x80001c02 (0x000037f5) c.jal   pc - 20
core   0: 3 0x80001c02 (0x37f5) x 1 0x80001c04
core   0: 0x80001bee (0x0000a809) c.j     pc + 18
core   0: 3 0x80001bee (0xa809)
core   0: 0x80001c00 (0x0000bfe5) c.j     pc - 8
core   0: 3 0x80001c00 (0xbfe5)
core   0: 0x80001bf8 (0xff3ff0ef) jal     pc - 0xe
core   0: 3 0x80001bf8 (0xff3ff0ef) x 1 0x80001bfc
core   0: 0x80001bea (0x0000bff5) c.j     pc - 4
core   0: 3 0x80001bea (0xbff5)
core   0: 0x80001be6 (0xffbff36f) jal     t1, pc - 0x6
core   0: 3 0x80001be6 (0xffbff36f) x 6 0x80001bea
core   0: 0x80001be0 (0x010000ef) jal     pc + 0x10
core   0: 3 0x80001be0 (0x010000ef) x 1 0x80001be4
core   0: 0x80001bf0 (0x00002019) c.jal   pc + 6
core   0: 3 0x80001bf0 (0x2019) x 1 0x80001bf2
core   0: 0x80001bf6 (0x00002019) c.jal   pc + 6
core   0: 3 0x80001bf6 (0x2019) x 1 0x80001bf8
core   0: 0x80001bfc (0x0000b7e5) c.j     pc - 24
core   0: 3 0x80001bfc (0xb7e5)
core   0: 0x80001be4 (0x0000a005) c.j     pc + 32
core   0: 3 0x80001be4 (0xa005)
core   0: 0x80001c04 (0x00008ce9) c.and   s1, a0
core   0: 3 0x80001c04 (0x8ce9) x 9 0x00000001
core   0: 0x80001c06 (0x00017a97) auipc   s5, 0x17
core   0: 3 0x80001c06 (0x00017a97) x21 0x80018c06
core   0: 0x80001c0a (0xec5a8a93) addi    s5, s5, -315
core   0: 3 0x80001c0a (0xec5a8a93) x21 0x80018acb
core   0: 0x80001c0e (0x0001c497) auipc   s1, 0x1c
core   0: 3 0x80001c0e (0x0001c497) x 9 0x8001dc0e
core   0: 0x80001c12 (0x15a48493) addi    s1, s1, 346
core   0: 3 0x80001c12 (0x15a48493) x 9 0x8001dd68
core   0: 0x80001c16 (0x0001b697) auipc   a3, 0x1b
core   0: 3 0x80001c16 (0x0001b697) x13 0x8001cc16
core   0: 0x80001c1a (0xc3b68693) addi    a3, a3, -965
core   0: 3 0x80001c1a (0xc3b68693) x13 0x8001c851
core   0: 0x80001c1e (0x006a8b03) lb      s6, 6(s5)
core   0: 3 0x80001c1e (0x006a8b03) x22 0xffffff8a mem 0x80018ad1
core   0: 0x80001c22 (0x00010c97) auipc   s9, 0x10
core   0: 3 0x80001c22 (0x00010c97) x25 0x80011c22
core   0: 0x80001c26 (0xa17c8c93) addi    s9, s9, -1513
core   0: 3 0x80001c26 (0xa17c8c93) x25 0x80011639
core   0: 0x80001c2a (0xfddc8d23) sb      t4, -38(s9)
core   0: 3 0x80001c2a (0xfddc8d23) mem 0x80011613 0xa2
core   0: 0x80001c2e (0xf8d685a3) sb      a3, -117(a3)
core   0: 3 0x80001c2e (0xf8d685a3) mem 0x8001c7dc 0x51
core   0: 0x80001c32 (0x00011417) auipc   s0, 0x11
core   0: 3 0x80001c32 (0x00011417) x 8 0x80012c32
core   0: 0x80001c36 (0x05c40413) addi    s0, s0, 92
core   0: 3 0x80001c36 (0x05c40413) x 8 0x80012c8e
core   0: 0x80001c3a (0xfad68e83) lb      t4, -83(a3)
core   0: 3 0x80001c3a (0xfad68e83) x29 0xffffffb5 mem 0x8001c7fe
core   0: 0x80001c3e (0x68e44783) lbu     a5, 1678(s0)
core   0: 3 0x80001c3e (0x68e44783) x15 0x000000d7 mem 0x8001331c
core   0: 0x80001c42 (0x64544503) lbu     a0, 1605(s0)
core   0: 3 0x80001c42 (0x64544503) x10 0x00000088 mem 0x800132d3
core   0: 0x80001c46 (0xff0ac003) lbu     zero, -16(s5)
core   0: 3 0x80001c46 (0xff0ac003) mem 0x80018abb
core   0: 0x80001c4a (0x004c8c03) lb      s8, 4(s9)
core   0: 3 0x80001c4a (0x004c8c03) x24 0xfffffff6 mem 0x8001163d
core   0: 0x80001c4e (0xc9d401a3) sb      t4, -893(s0)
core   0: 3 0x80001c4e (0xc9d401a3) mem 0x80012911 0xb5
core   0: 0x80001c52 (0x4934a223) sw      s3, 1156(s1)
core   0: 3 0x80001c52 (0x4934a223) mem 0x8001e1ec 0x000064f9
core   0: 0x80001c56 (0x0636c203) lbu     tp, 99(a3)
core   0: 3 0x80001c56 (0x0636c203) x 4 0x0000006f mem 0x8001c8b4
core   0: 0x80001c5a (0x006ace03) lbu     t3, 6(s5)
core   0: 3 0x80001c5a (0x006ace03) x28 0x0000008a mem 0x80018ad1
core   0: 0x80001c5e (0x33444083) lbu     ra, 820(s0)
core   0: 3 0x80001c5e (0x33444083) x 1 0x00000079 mem 0x80012fc2
core   0: 0x80001c62 (0xf6b68fa3) sb      a1, -129(a3)
core   0: 3 0x80001c62 (0xf6b68fa3) mem 0x8001c7d0 0x0
core   0: 0x80001c66 (0xf6b6cc03) lbu     s8, -149(a3)
core   0: 3 0x80001c66 (0xf6b6cc03) x24 0x00000077 mem 0x8001c7bc
core   0: 0x80001c6a (0x23149f23) sh      a7, 574(s1)
core   0: 3 0x80001c6a (0x23149f23) mem 0x8001dfa6 0x006e
core   0: 0x80001c6e (0xfc2cc703) lbu     a4, -62(s9)
core   0: 3 0x80001c6e (0xfc2cc703) x14 0x000000b0 mem 0x800115fb
core   0: 0x80001c72 (0xf6a68b83) lb      s7, -150(a3)
core   0: 3 0x80001c72 (0xf6a68b83) x23 0x00000070 mem 0x8001c7bb
core   0: 0x80001c76 (0xcec45e83) lhu     t4, -788(s0)
core   0: 3 0x80001c76 (0xcec45e83) x29 0x00003031 mem 0x8001297a
core   0: 0x80001c7a (0xf4b6afa3) sw      a1, -161(a3)
core   0: 3 0x80001c7a (0xf4b6afa3) mem 0x8001c7b0 0x80000000
core   0: 0x80001c7e (0x88d4c303) lbu     t1, -1907(s1)
core   0: 3 0x80001c7e (0x88d4c303) x 6 0x000000ae mem 0x8001d5f5
core   0: 0x80001c82 (0xff3c9383) lh      t2, -13(s9)
core   0: 3 0x80001c82 (0xff3c9383) x 7 0xffffe6e7 mem 0x8001162c
core   0: 0x80001c86 (0x16f41a23) sh      a5, 372(s0)
core   0: 3 0x80001c86 (0x16f41a23) mem 0x80012e02 0x00d7
core   0: 0x80001c8a (0xefc49023) sh      t3, -288(s1)
core   0: 3 0x80001c8a (0xefc49023) mem 0x8001dc48 0x008a
core   0: 0x80001c8e (0x0946c183) lbu     gp, 148(a3)
core   0: 3 0x80001c8e (0x0946c183) x 3 0x0000009e mem 0x8001c8e5
core   0: 0x80001c92 (0xff4acf03) lbu     t5, -12(s5)
core   0: 3 0x80001c92 (0xff4acf03) x30 0x00000074 mem 0x80018abf
core   0: 0x80001c96 (0x029c91a3) sh      s1, 35(s9)
core   0: 3 0x80001c96 (0x029c91a3) mem 0x8001165c 0xdd68
core   0: 0x80001c9a (0xfe3a8b23) sb      gp, -10(s5)
core   0: 3 0x80001c9a (0xfe3a8b23) mem 0x80018ac1 0x9e
core   0: 0x80001c9e (0xc2144983) lbu     s3, -991(s0)
core   0: 3 0x80001c9e (0xc2144983) x19 0x00000064 mem 0x800128af
core   0: 0x80001ca2 (0xff4a8603) lb      a2, -12(s5)
core   0: 3 0x80001ca2 (0xff4a8603) x12 0x00000074 mem 0x80018abf
core   0: 0x80001ca6 (0xeea49983) lh      s3, -278(s1)
core   0: 3 0x80001ca6 (0xeea49983) x19 0x00000809 mem 0x8001dc52
core   0: 0x80001caa (0x9f5402a3) sb      s5, -1563(s0)
core   0: 3 0x80001caa (0x9f5402a3) mem 0x80012673 0xcb
core   0: 0x80001cae (0xd6340623) sb      gp, -660(s0)
core   0: 3 0x80001cae (0xd6340623) mem 0x800129fa 0x9e
core   0: 0x80001cb2 (0xff6a9da3) sh      s6, -5(s5)
core   0: 3 0x80001cb2 (0xff6a9da3) mem 0x80018ac6 0xff8a
core   0: 0x80001cb6 (0x013a8023) sb      s3, 0(s5)
core   0: 3 0x80001cb6 (0x013a8023) mem 0x80018acb 0x9
core   0: 0x80001cba (0x09969783) lh      a5, 153(a3)
core   0: 3 0x80001cba (0x09969783) x15 0xffffa0a1 mem 0x8001c8ea
core   0: 0x80001cbe (0x9ee48723) sb      a4, -1554(s1)
core   0: 3 0x80001cbe (0x9ee48723) mem 0x8001d756 0xb0
core   0: 0x80001cc2 (0x02468603) lb      a2, 36(a3)
core   0: 3 0x80001cc2 (0x02468603) x12 0x0000002e mem 0x8001c875
core   0: 0x80001cc6 (0x011c82a3) sb      a7, 5(s9)
core   0: 3 0x80001cc6 (0x011c82a3) mem 0x8001163e 0x6e
core   0: 0x80001cca (0xffbade03) lhu     t3, -5(s5)
core   0: 3 0x80001cca (0xffbade03) x28 0x0000ff8a mem 0x80018ac6
core   0: 0x80001cce (0xce940e83) lb      t4, -791(s0)
core   0: 3 0x80001cce (0xce940e83) x29 0x0000002c mem 0x80012977
core   0: 0x80001cd2 (0x1bc4c283) lbu     t0, 444(s1)
core   0: 3 0x80001cd2 (0x1bc4c283) x 5 0x000000df mem 0x8001df24
core   0: 0x80001cd6 (0x00012797) auipc   a5, 0x12
core   0: 3 0x80001cd6 (0x00012797) x15 0x80013cd6
core   0: 0x80001cda (0x6fb78793) addi    a5, a5, 1787
core   0: 3 0x80001cda (0x6fb78793) x15 0x800143d1
core   0: 0x80001cde (0x01653633) sltu    a2, a0, s6
core   0: 3 0x80001cde (0x01653633) x12 0x00000001
core   0: 0x80001ce2 (0x0b578d03) lb      s10, 181(a5)
core   0: 3 0x80001ce2 (0x0b578d03) x26 0x0000003d mem 0x80014486
core   0: 0x80001ce6 (0xf4e78b23) sb      a4, -170(a5)
core   0: 3 0x80001ce6 (0xf4e78b23) mem 0x80014327 0xb0
core   0: 0x80001cea (0x00000001) c.nop
core   0: 3 0x80001cea (0x0001)
core   0: 0x80001cec (0x01663b33) sltu    s6, a2, s6
core   0: 3 0x80001cec (0x01663b33) x22 0x00000001
core   0: 0x80001cf0 (0xf577c703) lbu     a4, -169(a5)
core   0: 3 0x80001cf0 (0xf577c703) x14 0x000000e3 mem 0x80014328
core   0: 0x80001cf4 (0x0000052a) c.slli  a0, 10
core   0: 3 0x80001cf4 (0x052a) x10 0x00022000
core   0: 0x80001cf6 (0x00008f51) c.or    a4, a2
core   0: 3 0x80001cf6 (0x8f51) x14 0x000000e3
core   0: 0x80001cf8 (0x03578b03) lb      s6, 53(a5)
core   0: 3 0x80001cf8 (0x03578b03) x22 0xffffffbd mem 0x80014406
core   0: 0x80001cfc (0xf5078703) lb      a4, -176(a5)
core   0: 3 0x80001cfc (0xf5078703) x14 0xffffffda mem 0x80014321
core   0: 0x80001d00 (0x016d5633) srl     a2, s10, s6
core   0: 3 0x80001d00 (0x016d5633) x12 0x00000000
core   0: 0x80001d04 (0x00000001) c.nop
core   0: 3 0x80001d04 (0x0001)
core   0: 0x80001d06 (0xfd378503) lb      a0, -45(a5)
core   0: 3 0x80001d06 (0xfd378503) x10 0x0000005f mem 0x800143a4
core   0: 0x80001d0a (0x00008f71) c.and   a4, a2
core   0: 3 0x80001d0a (0x8f71) x14 0x00000000
core   0: 0x80001d0c (0xfd379703) lh      a4, -45(a5)
core   0: 3 0x80001d0c (0xfd379703) x14 0x00005e5f mem 0x800143a4
core   0: 0x80001d10 (0x02e60d33) mul     s10, a2, a4
core   0: 3 0x80001d10 (0x02e60d33) x26 0x00000000
core   0: 0x80001d14 (0x0ff0000f) fence   iorw,iorw
core   0: 3 0x80001d14 (0x0ff0000f)
core   0: 0x80001d18 (0x3a41d617) auipc   a2, 0x3a41d
core   0: 3 0x80001d18 (0x3a41d617) x12 0xba41ed18
core   0: 0x80001d1c (0x02c650b3) divu    ra, a2, a2
core   0: 3 0x80001d1c (0x02c650b3) x 1 0x00000001
core   0: 0x80001d20 (0x016600b3) add     ra, a2, s6
core   0: 3 0x80001d20 (0x016600b3) x 1 0xba41ecd5
core   0: 0x80001d24 (0x00005b7d) c.li    s6, -1
core   0: 3 0x80001d24 (0x5b7d) x22 0xffffffff
core   0: 0x80001d26 (0xf3979503) lh      a0, -199(a5)
core   0: 3 0x80001d26 (0xf3979503) x10 0xffffc0c1 mem 0x8001430a
core   0: 0x80001d2a (0x036640b3) div     ra, a2, s6
core   0: 3 0x80001d2a (0x036640b3) x 1 0x45be12e8
core   0: 0x80001d2e (0xf3b7d703) lhu     a4, -197(a5)
core   0: 3 0x80001d2e (0xf3b7d703) x14 0x0000c6c7 mem 0x8001430c
core   0: 0x80001d32 (0x04f7a603) lw      a2, 79(a5)
core   0: 3 0x80001d32 (0x04f7a603) x12 0xd8d9dadb mem 0x80014420
core   0: 0x80001d36 (0x04478603) lb      a2, 68(a5)
core   0: 3 0x80001d36 (0x04478603) x12 0xffffffce mem 0x80014415
core   0: 0x80001d3a (0xfb078503) lb      a0, -80(a5)
core   0: 3 0x80001d3a (0xfb078503) x10 0x0000003a mem 0x80014381
core   0: 0x80001d3e (0x00008331) c.srli  a4, 12
core   0: 3 0x80001d3e (0x8331) x14 0x0000000c
core   0: 0x80001d40 (0x01a67733) and     a4, a2, s10
core   0: 3 0x80001d40 (0x01a67733) x14 0x00000000
core   0: 0x80001d44 (0x00000001) c.nop
core   0: 3 0x80001d44 (0x0001)
core   0: 0x80001d46 (0xf21792a3) sh      ra, -219(a5)
core   0: 3 0x80001d46 (0xf21792a3) mem 0x800142f6 0x12e8
core   0: 0x80001d4a (0x00779703) lh      a4, 7(a5)
core   0: 3 0x80001d4a (0x00779703) x14 0xffff9293 mem 0x800143d8
core   0: 0x80001d4e (0xfaa78123) sb      a0, -94(a5)
core   0: 3 0x80001d4e (0xfaa78123) mem 0x80014373 0x3a
core   0: 0x80001d52 (0xf2e7ada3) sw      a4, -197(a5)
core   0: 3 0x80001d52 (0xf2e7ada3) mem 0x8001430c 0xffff9293
core   0: 0x80001d56 (0x00c50733) add     a4, a0, a2
core   0: 3 0x80001d56 (0x00c50733) x14 0x00000008
core   0: 0x80001d5a (0xff6797a3) sh      s6, -17(a5)
core   0: 3 0x80001d5a (0xff6797a3) mem 0x800143c0 0xffff
core   0: 0x80001d5e (0x40ab00b3) sub     ra, s6, a0
core   0: 3 0x80001d5e (0x40ab00b3) x 1 0xffffffc5
core   0: 0x80001d62 (0xf2e78ca3) sb      a4, -199(a5)
core   0: 3 0x80001d62 (0xf2e78ca3) mem 0x8001430a 0x8
core   0: 0x80001d66 (0x0ca781a3) sb      a0, 195(a5)
core   0: 3 0x80001d66 (0x0ca781a3) mem 0x80014494 0x3a
core   0: 0x80001d6a (0xfd678ca3) sb      s6, -39(a5)
core   0: 3 0x80001d6a (0xfd678ca3) mem 0x800143aa 0xff
core   0: 0x80001d6e (0x00000001) c.nop
core   0: 3 0x80001d6e (0x0001)
core   0: 0x80001d70 (0xf7f79703) lh      a4, -129(a5)
core   0: 3 0x80001d70 (0xf7f79703) x14 0x00000a0b mem 0x80014350
core   0: 0x80001d74 (0x0bc78603) lb      a2, 188(a5)
core   0: 3 0x80001d74 (0x0bc78603) x12 0x00000046 mem 0x8001448d
core   0: 0x80001d78 (0x0ae78ea3) sb      a4, 189(a5)
core   0: 3 0x80001d78 (0x0ae78ea3) mem 0x8001448e 0xb
core   0: 0x80001d7c (0x07d79503) lh      a0, 125(a5)
core   0: 3 0x80001d7c (0x07d79503) x10 0x00000405 mem 0x8001444e
core   0: 0x80001d80 (0x01a78623) sb      s10, 12(a5)
core   0: 3 0x80001d80 (0x01a78623) mem 0x800143dd 0x0
core   0: 0x80001d84 (0x00008669) c.srai  a2, 26
core   0: 3 0x80001d84 (0x8669) x12 0x00000000
core   0: 0x80001d86 (0xf317d703) lhu     a4, -207(a5)
core   0: 3 0x80001d86 (0xf317d703) x14 0x0000b8b9 mem 0x80014302
core   0: 0x80001d8a (0x01c55613) srli    a2, a0, 28
core   0: 3 0x80001d8a (0x01c55613) x12 0x00000000
core   0: 0x80001d8e (0x07a7c503) lbu     a0, 122(a5)
core   0: 3 0x80001d8e (0x07a7c503) x10 0x00000000 mem 0x8001444b
core   0: 0x80001d92 (0x0000f817) auipc   a6, 0xf
core   0: 3 0x80001d92 (0x0000f817) x16 0x80010d92
core   0: 0x80001d96 (0xf8280813) addi    a6, a6, -126
core   0: 3 0x80001d96 (0xf8280813) x16 0x80010d14
core   0: 0x80001d9a (0x0000f917) auipc   s2, 0xf
core   0: 3 0x80001d9a (0x0000f917) x18 0x80010d9a
core   0: 0x80001d9e (0x89790913) addi    s2, s2, -1897
core   0: 3 0x80001d9e (0x89790913) x18 0x80010631
core   0: 0x80001da2 (0x00994483) lbu     s1, 9(s2)
core   0: 3 0x80001da2 (0x00994483) x 9 0x000000f1 mem 0x8001063a
core   0: 0x80001da6 (0x0000f897) auipc   a7, 0xf
core   0: 3 0x80001da6 (0x0000f897) x17 0x80010da6
core   0: 0x80001daa (0x95588893) addi    a7, a7, -1707
core   0: 3 0x80001daa (0x95588893) x17 0x800106fb
core   0: 0x80001dae (0x94184303) lbu     t1, -1727(a6)
core   0: 3 0x80001dae (0x94184303) x 6 0x0000000e mem 0x80010655
core   0: 0x80001db2 (0xffa90a83) lb      s5, -6(s2)
core   0: 3 0x80001db2 (0xffa90a83) x21 0xffffffe0 mem 0x8001062b
core   0: 0x80001db6 (0x0098d183) lhu     gp, 9(a7)
core   0: 3 0x80001db6 (0x0098d183) x 3 0x0000bebf mem 0x80010704
core   0: 0x80001dba (0xff394503) lbu     a0, -13(s2)
core   0: 3 0x80001dba (0xff394503) x10 0x000000df mem 0x80010624
core   0: 0x80001dbe (0x0a682823) sw      t1, 176(a6)
core   0: 3 0x80001dbe (0x0a682823) mem 0x80010dc4 0x0000000e
core   0: 0x80001dc2 (0x0098a983) lw      s3, 9(a7)
core   0: 3 0x80001dc2 (0x0098a983) x19 0xbcbdbebf mem 0x80010704
core   0: 0x80001dc6 (0x00488e03) lb      t3, 4(a7)
core   0: 3 0x80001dc6 (0x00488e03) x28 0xffffffb4 mem 0x800106ff
core   0: 0x80001dca (0x91a807a3) sb      s10, -1777(a6)
core   0: 3 0x80001dca (0x91a807a3) mem 0x80010623 0x0
core   0: 0x80001dce (0x00890203) lb      tp, 8(s2)
core   0: 3 0x80001dce (0x00890203) x 4 0xfffffff2 mem 0x80010639
core   0: 0x80001dd2 (0x00788d03) lb      s10, 7(a7)
core   0: 3 0x80001dd2 (0x00788d03) x26 0xffffffb9 mem 0x80010702
core   0: 0x80001dd6 (0xbd980ba3) sb      s9, -1065(a6)
core   0: 3 0x80001dd6 (0xbd980ba3) mem 0x800108eb 0x39
core   0: 0x80001dda (0x00090403) lb      s0, 0(s2)
core   0: 3 0x80001dda (0x00090403) x 8 0xffffffea mem 0x80010631
core   0: 0x80001dde (0xfe490b23) sb      tp, -10(s2)
core   0: 3 0x80001dde (0xfe490b23) mem 0x80010627 0xf2
core   0: 0x80001de2 (0xd3984b83) lbu     s7, -711(a6)
core   0: 3 0x80001de2 (0xd3984b83) x23 0x00000006 mem 0x80010a4d
core   0: 0x80001de6 (0xff491aa3) sh      s4, -11(s2)
core   0: 3 0x80001de6 (0xff491aa3) mem 0x80010626 0x5e64
core   0: 0x80001dea (0xff388923) sb      s3, -14(a7)
core   0: 3 0x80001dea (0xff388923) mem 0x800106ed 0xbf
core   0: 0x80001dee (0x0078c283) lbu     t0, 7(a7)
core   0: 3 0x80001dee (0x0078c283) x 5 0x000000b9 mem 0x80010702
core   0: 0x80001df2 (0xff890c23) sb      s8, -8(s2)
core   0: 3 0x80001df2 (0xff890c23) mem 0x80010629 0x77
core   0: 0x80001df6 (0x2b580503) lb      a0, 693(a6)
core   0: 3 0x80001df6 (0x2b580503) x10 0xffffff82 mem 0x80010fc9
core   0: 0x80001dfa (0xff988923) sb      s9, -14(a7)
core   0: 3 0x80001dfa (0xff988923) mem 0x800106ed 0x39
core   0: 0x80001dfe (0x24e81703) lh      a4, 590(a6)
core   0: 3 0x80001dfe (0x24e81703) x14 0x00001819 mem 0x80010f62
core   0: 0x80001e02 (0x0001bd97) auipc   s11, 0x1b
core   0: 3 0x80001e02 (0x0001bd97) x27 0x8001ce02
core   0: 0x80001e06 (0x55fd8d93) addi    s11, s11, 1375
core   0: 3 0x80001e06 (0x55fd8d93) x27 0x8001d361
core   0: 0x80001e0a (0x2c0dc083) lbu     ra, 704(s11)
core   0: 3 0x80001e0a (0x2c0dc083) x 1 0x000000da mem 0x8001d621
core   0: 0x80001e0e (0x00019317) auipc   t1, 0x19
core   0: 3 0x80001e0e (0x00019317) x 6 0x8001ae0e
core   0: 0x80001e12 (0x1d430313) addi    t1, t1, 468
core   0: 3 0x80001e12 (0x1d430313) x 6 0x8001afe2
core   0: 0x80001e16 (0x2c530b03) lb      s6, 709(t1)
core   0: 3 0x80001e16 (0x2c530b03) x22 0x0000005c mem 0x8001b2a7
core   0: 0x80001e1a (0xa92dcb03) lbu     s6, -1390(s11)
core   0: 3 0x80001e1a (0xa92dcb03) x22 0x000000a8 mem 0x8001cdf3
core   0: 0x80001e1e (0x904d8783) lb      a5, -1788(s11)
core   0: 3 0x80001e1e (0x904d8783) x15 0x0000001e mem 0x8001cc65
core   0: 0x80001e22 (0x801d87a3) sb      ra, -2033(s11)
core   0: 3 0x80001e22 (0x801d87a3) mem 0x8001cb70 0xda
core   0: 0x80001e26 (0x2e534503) lbu     a0, 741(t1)
core   0: 3 0x80001e26 (0x2e534503) x10 0x0000007c mem 0x8001b2c7
core   0: 0x80001e2a (0x9cadc203) lbu     tp, -1590(s11)
core   0: 3 0x80001e2a (0x9cadc203) x 4 0x000000e0 mem 0x8001cd2b
core   0: 0x80001e2e (0x10a31623) sh      a0, 268(t1)
core   0: 3 0x80001e2e (0x10a31623) mem 0x8001b0ee 0x007c
core   0: 0x80001e32 (0x631d9e03) lh      t3, 1585(s11)
core   0: 3 0x80001e32 (0x631d9e03) x28 0x00004849 mem 0x8001d992
core   0: 0x80001e36 (0x8d035483) lhu     s1, -1840(t1)
core   0: 3 0x80001e36 (0x8d035483) x 9 0x00006869 mem 0x8001a8b2
core   0: 0x80001e3a (0x6d2dcb83) lbu     s7, 1746(s11)
core   0: 3 0x80001e3a (0x6d2dcb83) x23 0x000000e8 mem 0x8001da33
core   0: 0x80001e3e (0x49f31c23) sh      t6, 1176(t1)
core   0: 3 0x80001e3e (0x49f31c23) mem 0x8001b47a 0x1aba
core   0: 0x80001e42 (0x1b330623) sb      s3, 428(t1)
core   0: 3 0x80001e42 (0x1b330623) mem 0x8001b18e 0xbf
core   0: 0x80001e46 (0x24bd98a3) sh      a1, 593(s11)
core   0: 3 0x80001e46 (0x24bd98a3) mem 0x8001d5b2 0x0000
core   0: 0x80001e4a (0x31930ea3) sb      s9, 797(t1)
core   0: 3 0x80001e4a (0x31930ea3) mem 0x8001b2ff 0x39
core   0: 0x80001e4e (0xa9235483) lhu     s1, -1390(t1)
core   0: 3 0x80001e4e (0xa9235483) x 9 0x00002e2f mem 0x8001aa74
core   0: 0x80001e52 (0x59ad8383) lb      t2, 1434(s11)
core   0: 3 0x80001e52 (0x59ad8383) x 7 0xffffffb0 mem 0x8001d8fb
core   0: 0x80001e56 (0x0000e917) auipc   s2, 0xe
core   0: 3 0x80001e56 (0x0000e917) x18 0x8000fe56
core   0: 0x80001e5a (0x3ea90913) addi    s2, s2, 1002
core   0: 3 0x80001e5a (0x3ea90913) x18 0x80010240
core   0: 0x80001e5e (0x08990483) lb      s1, 137(s2)
core   0: 3 0x80001e5e (0x08990483) x 9 0xffffff82 mem 0x800102c9
core   0: 0x80001e62 (0x095904a3) sb      s5, 137(s2)
core   0: 3 0x80001e62 (0x095904a3) mem 0x800102c9 0xe0
core   0: 0x80001e66 (0x08a904a3) sb      a0, 137(s2)
core   0: 3 0x80001e66 (0x08a904a3) mem 0x800102c9 0x7c
core   0: 0x80001e6a (0x00009c9e) c.add   s9, t2
core   0: 3 0x80001e6a (0x9c9e) x25 0x800115e9
core   0: 0x80001e6c (0x08994403) lbu     s0, 137(s2)
core   0: 3 0x80001e6c (0x08994403) x 8 0x0000007c mem 0x800102c9
core   0: 0x80001e70 (0x08590f83) lb      t6, 133(s2)
core   0: 3 0x80001e70 (0x08590f83) x31 0x0000007e mem 0x800102c5
core   0: 0x80001e74 (0x08594f03) lbu     t5, 133(s2)
core   0: 3 0x80001e74 (0x08594f03) x30 0x0000007e mem 0x800102c5
core   0: 0x80001e78 (0x01e94203) lbu     tp, 30(s2)
core   0: 3 0x80001e78 (0x01e94203) x 4 0x00000015 mem 0x8001025e
core   0: 0x80001e7c (0x01e90d83) lb      s11, 30(s2)
core   0: 3 0x80001e7c (0x01e90d83) x27 0x00000015 mem 0x8001025e
core   0: 0x80001e80 (0x04a90c83) lb      s9, 74(s2)
core   0: 3 0x80001e80 (0x04a90c83) x25 0x00000041 mem 0x8001028a
core   0: 0x80001e84 (0x00081433) sll     s0, a6, zero
core   0: 3 0x80001e84 (0x00081433) x 8 0x80010d14
core   0: 0x80001e88 (0x04c90523) sb      a2, 74(s2)
core   0: 3 0x80001e88 (0x04c90523) mem 0x8001028a 0x0
core   0: 0x80001e8c (0x00013397) auipc   t2, 0x13
core   0: 3 0x80001e8c (0x00013397) x 7 0x80014e8c
core   0: 0x80001e90 (0xbfd38393) addi    t2, t2, -1027
core   0: 3 0x80001e90 (0xbfd38393) x 7 0x80014a89
core   0: 0x80001e94 (0x0113d283) lhu     t0, 17(t2)
core   0: 3 0x80001e94 (0x0113d283) x 5 0x00005051 mem 0x80014a9a
core   0: 0x80001e98 (0xfd8385a3) sb      s8, -53(t2)
core   0: 3 0x80001e98 (0xfd8385a3) mem 0x80014a54 0x77
core   0: 0x80001e9c (0xfdb38b23) sb      s11, -42(t2)
core   0: 3 0x80001e9c (0xfdb38b23) mem 0x80014a5f 0x15
core   0: 0x80001ea0 (0xfd3395a3) sh      s3, -53(t2)
core   0: 3 0x80001ea0 (0xfd3395a3) mem 0x80014a54 0xbebf
core   0: 0x80001ea4 (0x007662b3) or      t0, a2, t2
core   0: 3 0x80001ea4 (0x007662b3) x 5 0x80014a89
core   0: 0x80001ea8 (0x00a38123) sb      a0, 2(t2)
core   0: 3 0x80001ea8 (0x00a38123) mem 0x80014a8b 0x7c
core   0: 0x80001eac (0x014a6833) or      a6, s4, s4
core   0: 3 0x80001eac (0x014a6833) x16 0x80025e64
core   0: 0x80001eb0 (0x010442b3) xor     t0, s0, a6
core   0: 3 0x80001eb0 (0x010442b3) x 5 0x00035370
core   0: 0x80001eb4 (0x0273c203) lbu     tp, 39(t2)
core   0: 3 0x80001eb4 (0x0273c203) x 4 0x0000006b mem 0x80014ab0
core   0: 0x80001eb8 (0x024f2ab3) mulhsu  s5, t5, tp
core   0: 3 0x80001eb8 (0x024f2ab3) x21 0x00000000
core   0: 0x80001ebc (0x8d1c2093) slti    ra, s8, -1839
core   0: 3 0x80001ebc (0x8d1c2093) x 1 0x00000000
core   0: 0x80001ec0 (0x03338003) lb      zero, 51(t2)
core   0: 3 0x80001ec0 (0x03338003) mem 0x80014abc
core   0: 0x80001ec4 (0x83ebc793) xori    a5, s7, -1986
core   0: 3 0x80001ec4 (0x83ebc793) x15 0xfffff8d6
core   0: 0x80001ec8 (0xfc638b03) lb      s6, -58(t2)
core   0: 3 0x80001ec8 (0xfc638b03) x22 0x00000004 mem 0x80014a4f
core   0: 0x80001ecc (0x01838083) lb      ra, 24(t2)
core   0: 3 0x80001ecc (0x01838083) x 1 0x0000005a mem 0x80014aa1
core   0: 0x80001ed0 (0x010e9d93) slli    s11, t4, 16
core   0: 3 0x80001ed0 (0x010e9d93) x27 0x002c0000
core   0: 0x80001ed4 (0x01f3d083) lhu     ra, 31(t2)
core   0: 3 0x80001ed4 (0x01f3d083) x 1 0x00006263 mem 0x80014aa8
core   0: 0x80001ed8 (0x01038aa3) sb      a6, 21(t2)
core   0: 3 0x80001ed8 (0x01038aa3) mem 0x80014a9e 0x64
core   0: 0x80001edc (0x00008d2d) c.xor   a0, a1
core   0: 3 0x80001edc (0x8d2d) x10 0x8000007c
core   0: 0x80001ede (0x01454833) xor     a6, a0, s4
core   0: 3 0x80001ede (0x01454833) x16 0x00025e18
core   0: 0x80001ee2 (0xfe838803) lb      a6, -24(t2)
core   0: 3 0x80001ee2 (0xfe838803) x16 0x0000002a mem 0x80014a71
core   0: 0x80001ee6 (0xfeb39083) lh      ra, -21(t2)
core   0: 3 0x80001ee6 (0xfeb39083) x 1 0x00002e2f mem 0x80014a74
core   0: 0x80001eea (0xd948cd93) xori    s11, a7, -620
core   0: 3 0x80001eea (0xd948cd93) x27 0x7ffefb6f
core   0: 0x80001eee (0xffd3cd03) lbu     s10, -3(t2)
core   0: 3 0x80001eee (0xffd3cd03) x26 0x0000003d mem 0x80014a86
core   0: 0x80001ef2 (0x01538983) lb      s3, 21(t2)
core   0: 3 0x80001ef2 (0x01538983) x19 0x00000064 mem 0x80014a9e
core   0: 0x80001ef6 (0x01838e83) lb      t4, 24(t2)
core   0: 3 0x80001ef6 (0x01838e83) x29 0x0000005a mem 0x80014aa1
core   0: 0x80001efa (0x0323c283) lbu     t0, 50(t2)
core   0: 3 0x80001efa (0x0323c283) x 5 0x00000070 mem 0x80014abb
core   0: 0x80001efe (0xfde3aba3) sw      t5, -41(t2)
core   0: 3 0x80001efe (0xfde3aba3) mem 0x80014a60 0x0000007e
core   0: 0x80001f02 (0x01d38ca3) sb      t4, 25(t2)
core   0: 3 0x80001f02 (0x01d38ca3) mem 0x80014aa2 0x5a
core   0: 0x80001f06 (0x01938703) lb      a4, 25(t2)
core   0: 3 0x80001f06 (0x01938703) x14 0x0000005a mem 0x80014aa2
core   0: 0x80001f0a (0xfe938b03) lb      s6, -23(t2)
core   0: 3 0x80001f0a (0xfe938b03) x22 0x00000029 mem 0x80014a72
core   0: 0x80001f0e (0x3514fd13) andi    s10, s1, 849
core   0: 3 0x80001f0e (0x3514fd13) x26 0x00000300
core   0: 0x80001f12 (0xfe638423) sb      t1, -24(t2)
core   0: 3 0x80001f12 (0xfe638423) mem 0x80014a71 0xe2
core   0: 0x80001f16 (0x01038203) lb      tp, 16(t2)
core   0: 3 0x80001f16 (0x01038203) x 4 0x00000052 mem 0x80014a99
core   0: 0x80001f1a (0x00c3cd83) lbu     s11, 12(t2)
core   0: 3 0x80001f1a (0x00c3cd83) x27 0x0000004e mem 0x80014a95
core   0: 0x80001f1e (0x38a0f513) andi    a0, ra, 906
core   0: 3 0x80001f1e (0x38a0f513) x10 0x0000020a
core   0: 0x80001f22 (0xfde38503) lb      a0, -34(t2)
core   0: 3 0x80001f22 (0xfde38503) x10 0x0000001c mem 0x80014a67
core   0: 0x80001f26 (0xfea3cf83) lbu     t6, -22(t2)
core   0: 3 0x80001f26 (0xfea3cf83) x31 0x00000028 mem 0x80014a73
core   0: 0x80001f2a (0x3c85a713) slti    a4, a1, 968
core   0: 3 0x80001f2a (0x3c85a713) x14 0x00000001
core   0: 0x80001f2e (0x00b39b03) lh      s6, 11(t2)
core   0: 3 0x80001f2e (0x00b39b03) x22 0x00004e4f mem 0x80014a94
core   0: 0x80001f32 (0xd1beac93) slti    s9, t4, -741
core   0: 3 0x80001f32 (0xd1beac93) x25 0x00000000
core   0: 0x80001f36 (0x02c38423) sb      a2, 40(t2)
core   0: 3 0x80001f36 (0x02c38423) mem 0x80014ab1 0x0
core   0: 0x80001f3a (0x00013d17) auipc   s10, 0x13
core   0: 3 0x80001f3a (0x00013d17) x26 0x80014f3a
core   0: 0x80001f3e (0xdb6d0d13) addi    s10, s10, -586
core   0: 3 0x80001f3e (0xdb6d0d13) x26 0x80014cf0
core   0: 0x80001f42 (0xff5d1a23) sh      s5, -12(s10)
core   0: 3 0x80001f42 (0xff5d1a23) mem 0x80014ce4 0x0000
core   0: 0x80001f46 (0x00015d97) auipc   s11, 0x15
core   0: 3 0x80001f46 (0x00015d97) x27 0x80016f46
core   0: 0x80001f4a (0x53bd8d93) addi    s11, s11, 1339
core   0: 3 0x80001f4a (0x53bd8d93) x27 0x80017481
core   0: 0x80001f4e (0x00016f97) auipc   t6, 0x16
core   0: 3 0x80001f4e (0x00016f97) x31 0x80017f4e
core   0: 0x80001f52 (0xc5bf8f93) addi    t6, t6, -933
core   0: 3 0x80001f52 (0xc5bf8f93) x31 0x80017ba9
core   0: 0x80001f56 (0x007d8c83) lb      s9, 7(s11)
core   0: 3 0x80001f56 (0x007d8c83) x25 0xffffffea mem 0x80017488
core   0: 0x80001f5a (0xc81f8683) lb      a3, -895(t6)
core   0: 3 0x80001f5a (0xc81f8683) x13 0xffffffe1 mem 0x8001782a
core   0: 0x80001f5e (0x008d1523) sh      s0, 10(s10)
core   0: 3 0x80001f5e (0x008d1523) mem 0x80014cfa 0x0d14
core   0: 0x80001f62 (0x7b3f8803) lb      a6, 1971(t6)
core   0: 3 0x80001f62 (0x7b3f8803) x16 0x00000017 mem 0x8001835c
core   0: 0x80001f66 (0x0001d397) auipc   t2, 0x1d
core   0: 3 0x80001f66 (0x0001d397) x 7 0x8001ef66
core   0: 0x80001f6a (0xeae38393) addi    t2, t2, -338
core   0: 3 0x80001f6a (0xeae38393) x 7 0x8001ee14
core   0: 0x80001f6e (0xff4d8183) lb      gp, -12(s11)
core   0: 3 0x80001f6e (0xff4d8183) x 3 0x0000002e mem 0x80017475
core   0: 0x80001f72 (0x00fd4183) lbu     gp, 15(s10)
core   0: 3 0x80001f72 (0x00fd4183) x 3 0x000000b4 mem 0x80014cff
core   0: 0x80001f76 (0xff2dc483) lbu     s1, -14(s11)
core   0: 3 0x80001f76 (0xff2dc483) x 9 0x00000028 mem 0x80017473
core   0: 0x80001f7a (0xffed8503) lb      a0, -2(s11)
core   0: 3 0x80001f7a (0xffed8503) x10 0x00000034 mem 0x8001747f
core   0: 0x80001f7e (0xff8d1483) lh      s1, -8(s10)
core   0: 3 0x80001f7e (0xff8d1483) x 9 0xffffa2a3 mem 0x80014ce8
core   0: 0x80001f82 (0x02138303) lb      t1, 33(t2)
core   0: 3 0x80001f82 (0x02138303) x 6 0xffffffee mem 0x8001ee35
core   0: 0x80001f86 (0xf3839f03) lh      t5, -200(t2)
core   0: 3 0x80001f86 (0xf3839f03) x30 0x00000607 mem 0x8001ed4c
core   0: 0x80001f8a (0x2caf8783) lb      a5, 714(t6)
core   0: 3 0x80001f8a (0x2caf8783) x15 0x00000028 mem 0x80017e73
core   0: 0x80001f8e (0x00ada3a3) sw      a0, 7(s11)
core   0: 3 0x80001f8e (0x00ada3a3) mem 0x80017488 0x00000034
core   0: 0x80001f92 (0x009d9803) lh      a6, 9(s11)
core   0: 3 0x80001f92 (0x009d9803) x16 0x00000000 mem 0x8001748a
core   0: 0x80001f96 (0x0fc3a903) lw      s2, 252(t2)
core   0: 3 0x80001f96 (0x0fc3a903) x18 0xc8c9cacb mem 0x8001ef10
core   0: 0x80001f9a (0xffbd8fa3) sb      s11, -1(s11)
core   0: 3 0x80001f9a (0xffbd8fa3) mem 0x80017480 0x81
core   0: 0x80001f9e (0x0383a303) lw      t1, 56(t2)
core   0: 3 0x80001f9e (0x0383a303) x 6 0x04050607 mem 0x8001ee4c
core   0: 0x80001fa2 (0x8affce03) lbu     t3, -1873(t6)
core   0: 3 0x80001fa2 (0x8affce03) x28 0x00000013 mem 0x80017458
core   0: 0x80001fa6 (0x00ad0603) lb      a2, 10(s10)
core   0: 3 0x80001fa6 (0x00ad0603) x12 0x00000014 mem 0x80014cfa
core   0: 0x80001faa (0xeb5f9183) lh      gp, -331(t6)
core   0: 3 0x80001faa (0xeb5f9183) x 3 0x00001415 mem 0x80017a5e
core   0: 0x80001fae (0x009d0183) lb      gp, 9(s10)
core   0: 3 0x80001fae (0x009d0183) x 3 0xffffffb2 mem 0x80014cf9
core   0: 0x80001fb2 (0x00ad94a3) sh      a0, 9(s11)
core   0: 3 0x80001fb2 (0x00ad94a3) mem 0x8001748a 0x0034
core   0: 0x80001fb6 (0x007d0403) lb      s0, 7(s10)
core   0: 3 0x80001fb6 (0x007d0403) x 8 0xffffffac mem 0x80014cf7
core   0: 0x80001fba (0x03b389a3) sb      s11, 51(t2)
core   0: 3 0x80001fba (0x03b389a3) mem 0x8001ee47 0x81
core   0: 0x80001fbe (0x009ddb83) lhu     s7, 9(s11)
core   0: 3 0x80001fbe (0x009ddb83) x23 0x00000034 mem 0x8001748a
core   0: 0x80001fc2 (0x08f39123) sh      a5, 130(t2)
core   0: 3 0x80001fc2 (0x08f39123) mem 0x8001ee96 0x0028
core   0: 0x80001fc6 (0xe65f9a83) lh      s5, -411(t6)
core   0: 3 0x80001fc6 (0xe65f9a83) x21 0xffffc4c5 mem 0x80017a0e
core   0: 0x80001fca (0xfe9d9ea3) sh      s1, -3(s11)
core   0: 3 0x80001fca (0xfe9d9ea3) mem 0x8001747e 0xa2a3
core   0: 0x80001fce (0x021f9883) lh      a7, 33(t6)
core   0: 3 0x80001fce (0x021f9883) x17 0xffff8081 mem 0x80017bca
core   0: 0x80001fd2 (0x0113ce83) lbu     t4, 17(t2)
core   0: 3 0x80001fd2 (0x0113ce83) x29 0x000000a0 mem 0x8001ee25
core   0: 0x80001fd6 (0xffad0783) lb      a5, -6(s10)
core   0: 3 0x80001fd6 (0xffad0783) x15 0xffffffa1 mem 0x80014cea
core   0: 0x80001fda (0x00014097) auipc   ra, 0x14
core   0: 3 0x80001fda (0x00014097) x 1 0x80015fda
core   0: 0x80001fde (0xf0008093) addi    ra, ra, -256
core   0: 3 0x80001fde (0xf0008093) x 1 0x80015eda
core   0: 0x80001fe2 (0x0001a397) auipc   t2, 0x1a
core   0: 3 0x80001fe2 (0x0001a397) x 7 0x8001bfe2
core   0: 0x80001fe6 (0xb3238393) addi    t2, t2, -1230
core   0: 3 0x80001fe6 (0xb3238393) x 7 0x8001bb14
core   0: 0x80001fea (0x0001a997) auipc   s3, 0x1a
core   0: 3 0x80001fea (0x0001a997) x19 0x8001bfea
core   0: 0x80001fee (0xcf298993) addi    s3, s3, -782
core   0: 3 0x80001fee (0xcf298993) x19 0x8001bcdc
core   0: 0x80001ff2 (0xf8f38503) lb      a0, -113(t2)
core   0: 3 0x80001ff2 (0xf8f38503) x10 0x00000058 mem 0x8001baa3
core   0: 0x80001ff6 (0xf163c903) lbu     s2, -234(t2)
core   0: 3 0x80001ff6 (0xf163c903) x18 0x000000e1 mem 0x8001ba2a
core   0: 0x80001ffa (0xf730c803) lbu     a6, -141(ra)
core   0: 3 0x80001ffa (0xf730c803) x16 0x00000006 mem 0x80015e4d
core   0: 0x80001ffe (0x006987a3) sb      t1, 15(s3)
core   0: 3 0x80001ffe (0x006987a3) mem 0x8001bceb 0x7
core   0: 0x80002002 (0xcbb0c283) lbu     t0, -837(ra)
core   0: 3 0x80002002 (0xcbb0c283) x 5 0x0000004e mem 0x80015b95
core   0: 0x80002006 (0x54708e83) lb      t4, 1351(ra)
core   0: 3 0x80002006 (0x54708e83) x29 0xffffffda mem 0x80016421
core   0: 0x8000200a (0xff69c283) lbu     t0, -10(s3)
core   0: 3 0x8000200a (0xff69c283) x 5 0x00000089 mem 0x8001bcd2
core   0: 0x8000200e (0xf963dc03) lhu     s8, -106(t2)
core   0: 3 0x8000200e (0xf963dc03) x24 0x00006061 mem 0x8001baaa
core   0: 0x80002012 (0x0de3c783) lbu     a5, 222(t2)
core   0: 3 0x80002012 (0x0de3c783) x15 0x000000a9 mem 0x8001bbf2
core   0: 0x80002016 (0xc0c08e23) sb      a2, -996(ra)
core   0: 3 0x80002016 (0xc0c08e23) mem 0x80015af6 0x14
core   0: 0x8000201a (0x00d984a3) sb      a3, 9(s3)
core   0: 3 0x8000201a (0x00d984a3) mem 0x8001bce5 0xe1
core   0: 0x8000201e (0xf8138d23) sb      ra, -102(t2)
core   0: 3 0x8000201e (0xf8138d23) mem 0x8001baae 0xda
core   0: 0x80002022 (0x09738783) lb      a5, 151(t2)
core   0: 3 0x80002022 (0x09738783) x15 0x00000060 mem 0x8001bbab
core   0: 0x80002026 (0x0089a683) lw      a3, 8(s3)
core   0: 3 0x80002026 (0x0089a683) x13 0x9c9de19f mem 0x8001bce4
core   0: 0x8000202a (0x05039d23) sh      a6, 90(t2)
core   0: 3 0x8000202a (0x05039d23) mem 0x8001bb6e 0x0006
core   0: 0x8000202e (0x0b039003) lh      zero, 176(t2)
core   0: 3 0x8000202e (0x0b039003) mem 0x8001bbc4
core   0: 0x80002032 (0x00499603) lh      a2, 4(s3)
core   0: 3 0x80002032 (0x00499603) x12 0xffff9a9b mem 0x8001bce0
core   0: 0x80002036 (0x0c038783) lb      a5, 192(t2)
core   0: 3 0x80002036 (0x0c038783) x15 0xffffff8f mem 0x8001bbd4
core   0: 0x8000203a (0x00298a83) lb      s5, 2(s3)
core   0: 3 0x8000203a (0x00298a83) x21 0xffffff95 mem 0x8001bcde
core   0: 0x8000203e (0xdc108aa3) sb      ra, -555(ra)
core   0: 3 0x8000203e (0xdc108aa3) mem 0x80015caf 0xda
core   0: 0x80002042 (0xfff98483) lb      s1, -1(s3)
core   0: 3 0x80002042 (0xfff98483) x 9 0xffffff90 mem 0x8001bcdb
core   0: 0x80002046 (0x09038ca3) sb      a6, 153(t2)
core   0: 3 0x80002046 (0x09038ca3) mem 0x8001bbad 0x6
core   0: 0x8000204a (0x010980a3) sb      a6, 1(s3)
core   0: 3 0x8000204a (0x010980a3) mem 0x8001bcdd 0x6
core   0: 0x8000204e (0x00018517) auipc   a0, 0x18
core   0: 3 0x8000204e (0x00018517) x10 0x8001a04e
core   0: 0x80002052 (0x05150513) addi    a0, a0, 81
core   0: 3 0x80002052 (0x05150513) x10 0x8001a09f
core   0: 0x80002056 (0xf2650423) sb      t1, -216(a0)
core   0: 3 0x80002056 (0xf2650423) mem 0x80019fc7 0x7
core   0: 0x8000205a (0xf7d50623) sb      t4, -148(a0)
core   0: 3 0x8000205a (0xf7d50623) mem 0x8001a00b 0xda
core   0: 0x8000205e (0xf7250623) sb      s2, -148(a0)
core   0: 3 0x8000205e (0xf7250623) mem 0x8001a00b 0xe1
core   0: 0x80002062 (0xf6c50283) lb      t0, -148(a0)
core   0: 3 0x80002062 (0xf6c50283) x 5 0xffffffe1 mem 0x8001a00b
core   0: 0x80002066 (0x015fb0b3) sltu    ra, t6, s5
core   0: 3 0x80002066 (0x015fb0b3) x 1 0x00000001
core   0: 0x8000206a (0xfd250623) sb      s2, -52(a0)
core   0: 3 0x8000206a (0xfd250623) mem 0x8001a06b 0xe1
core   0: 0x8000206e (0x00050023) sb      zero, 0(a0)
core   0: 3 0x8000206e (0x00050023) mem 0x8001a09f 0x0
core   0: 0x80002072 (0x06d54303) lbu     t1, 109(a0)
core   0: 3 0x80002072 (0x06d54303) x 6 0x000000c7 mem 0x8001a10c
core   0: 0x80002076 (0x0f9508a3) sb      s9, 241(a0)
core   0: 3 0x80002076 (0x0f9508a3) mem 0x8001a190 0xea
core   0: 0x8000207a (0xf1150183) lb      gp, -239(a0)
core   0: 3 0x8000207a (0xf1150183) x 3 0x0000006b mem 0x80019fb0
core   0: 0x8000207e (0xf1155703) lhu     a4, -239(a0)
core   0: 3 0x8000207e (0xf1155703) x14 0x00006a6b mem 0x80019fb0
core   0: 0x80002082 (0xf1152483) lw      s1, -239(a0)
core   0: 3 0x80002082 (0xf1152483) x 9 0x68696a6b mem 0x80019fb0
core   0: 0x80002086 (0xf19518a3) sh      s9, -239(a0)
core   0: 3 0x80002086 (0xf19518a3) mem 0x80019fb0 0xffea
core   0: 0x8000208a (0x0b551da3) sh      s5, 187(a0)
core   0: 3 0x8000208a (0x0b551da3) mem 0x8001a15a 0xff95
core   0: 0x8000208e (0x0bb55183) lhu     gp, 187(a0)
core   0: 3 0x8000208e (0x0bb55183) x 3 0x0000ff95 mem 0x8001a15a
core   0: 0x80002092 (0x0bb55603) lhu     a2, 187(a0)
core   0: 3 0x80002092 (0x0bb55603) x12 0x0000ff95 mem 0x8001a15a
core   0: 0x80002096 (0x0bb55903) lhu     s2, 187(a0)
core   0: 3 0x80002096 (0x0bb55903) x18 0x0000ff95 mem 0x8001a15a
core   0: 0x8000209a (0x0000f197) auipc   gp, 0xf
core   0: 3 0x8000209a (0x0000f197) x 3 0x8001109a
core   0: 0x8000209e (0xcac18193) addi    gp, gp, -852
core   0: 3 0x8000209e (0xcac18193) x 3 0x80010d46
core   0: 0x800020a2 (0xff118e83) lb      t4, -15(gp)
core   0: 3 0x800020a2 (0xff118e83) x29 0xffffffec mem 0x80010d37
core   0: 0x800020a6 (0xff318983) lb      s3, -13(gp)
core   0: 3 0x800020a6 (0xff318983) x19 0xfffffff2 mem 0x80010d39
core   0: 0x800020aa (0xfec18ca3) sb      a2, -7(gp)
core   0: 3 0x800020aa (0xfec18ca3) mem 0x80010d3f 0x95
core   0: 0x800020ae (0x00010817) auipc   a6, 0x10
core   0: 3 0x800020ae (0x00010817) x16 0x800120ae
core   0: 0x800020b2 (0x80480813) addi    a6, a6, -2044
core   0: 3 0x800020b2 (0x80480813) x16 0x800118b2
core   0: 0x800020b6 (0x03884f03) lbu     t5, 56(a6)
core   0: 3 0x800020b6 (0x03884f03) x30 0x000000a1 mem 0x800118ea
core   0: 0x800020ba (0xfff1c703) lbu     a4, -1(gp)
core   0: 3 0x800020ba (0xfff1c703) x14 0x000000d3 mem 0x80010d45
core   0: 0x800020be (0x00c84a83) lbu     s5, 12(a6)
core   0: 3 0x800020be (0x00c84a83) x21 0x00000075 mem 0x800118be
core   0: 0x800020c2 (0x01d80d03) lb      s10, 29(a6)
core   0: 3 0x800020c2 (0x01d80d03) x26 0xffffff84 mem 0x800118cf
core   0: 0x800020c6 (0x00419423) sh      tp, 8(gp)
core   0: 3 0x800020c6 (0x00419423) mem 0x80010d4e 0x0052
core   0: 0x800020ca (0x01181a23) sh      a7, 20(a6)
core   0: 3 0x800020ca (0x01181a23) mem 0x800118c6 0x8081
core   0: 0x800020ce (0xff118283) lb      t0, -15(gp)
core   0: 3 0x800020ce (0xff118283) x 5 0xffffffec mem 0x80010d37
core   0: 0x800020d2 (0x00918303) lb      t1, 9(gp)
core   0: 3 0x800020d2 (0x00918303) x 6 0x00000000 mem 0x80010d4f
core   0: 0x800020d6 (0xff21ce83) lbu     t4, -14(gp)
core   0: 3 0x800020d6 (0xff21ce83) x29 0x000000f3 mem 0x80010d38
core   0: 0x800020da (0xfe180783) lb      a5, -31(a6)
core   0: 3 0x800020da (0xfe180783) x15 0x00000048 mem 0x80011893
core   0: 0x800020de (0x0000e297) auipc   t0, 0xe
core   0: 3 0x800020de (0x0000e297) x 5 0x800100de
core   0: 0x800020e2 (0x79c28293) addi    t0, t0, 1948
core   0: 3 0x800020e2 (0x79c28293) x 5 0x8001087a
core   0: 0x800020e6 (0x27a29603) lh      a2, 634(t0)
core   0: 3 0x800020e6 (0x27a29603) x12 0xffffaeaf mem 0x80010af4
core   0: 0x800020ea (0x09f28003) lb      zero, 159(t0)
core   0: 3 0x800020ea (0x09f28003) mem 0x80010919
core   0: 0x800020ee (0x09f2cb83) lbu     s7, 159(t0)
core   0: 3 0x800020ee (0x09f2cb83) x23 0x000000d2 mem 0x80010919
core   0: 0x800020f2 (0x09f2c383) lbu     t2, 159(t0)
core   0: 3 0x800020f2 (0x09f2c383) x 7 0x000000d2 mem 0x80010919
core   0: 0x800020f6 (0xa8b28e03) lb      t3, -1397(t0)
core   0: 3 0x800020f6 (0xa8b28e03) x28 0xffffffbe mem 0x80010305
core   0: 0x800020fa (0xa8b2c183) lbu     gp, -1397(t0)
core   0: 3 0x800020fa (0xa8b2c183) x 3 0x000000be mem 0x80010305
core   0: 0x800020fe (0xa8b28703) lb      a4, -1397(t0)
core   0: 3 0x800020fe (0xa8b28703) x14 0xffffffbe mem 0x80010305
core   0: 0x80002102 (0x00009afd) c.andi  a3, -1
core   0: 3 0x80002102 (0x9afd) x13 0x9c9de19f
core   0: 0x80002104 (0xa92285a3) sb      s2, -1397(t0)
core   0: 3 0x80002104 (0xa92285a3) mem 0x80010305 0x95
core   0: 0x80002108 (0xfae2a323) sw      a4, -90(t0)
core   0: 3 0x80002108 (0xfae2a323) mem 0x80010820 0xffffffbe
core   0: 0x8000210c (0xfbb29323) sh      s11, -90(t0)
core   0: 3 0x8000210c (0xfbb29323) mem 0x80010820 0x7481
core   0: 0x80002110 (0xda3285a3) sb      gp, -597(t0)
core   0: 3 0x80002110 (0xda3285a3) mem 0x80010625 0xbe
core   0: 0x80002114 (0x00019817) auipc   a6, 0x19
core   0: 3 0x80002114 (0x00019817) x16 0x8001b114
core   0: 0x80002118 (0xea180813) addi    a6, a6, -351
core   0: 3 0x80002118 (0xea180813) x16 0x8001afb5
core   0: 0x8000211c (0x87b82083) lw      ra, -1925(a6)
core   0: 3 0x8000211c (0x87b82083) x 1 0xe8e9eaeb mem 0x8001a830
core   0: 0x80002120 (0x87b80383) lb      t2, -1925(a6)
core   0: 3 0x80002120 (0x87b80383) x 7 0xffffffeb mem 0x8001a830
core   0: 0x80002124 (0x87b81183) lh      gp, -1925(a6)
core   0: 3 0x80002124 (0x87b81183) x 3 0xffffeaeb mem 0x8001a830
core   0: 0x80002128 (0x1d080b83) lb      s7, 464(a6)
core   0: 3 0x80002128 (0x1d080b83) x23 0x0000003e mem 0x8001b185
core   0: 0x8000212c (0x1df80823) sb      t6, 464(a6)
core   0: 3 0x8000212c (0x1df80823) mem 0x8001b185 0xa9
core   0: 0x80002130 (0x1d080c83) lb      s9, 464(a6)
core   0: 3 0x80002130 (0x1d080c83) x25 0xffffffa9 mem 0x8001b185
core   0: 0x80002134 (0x00008ca9) c.xor   s1, a0
core   0: 3 0x80002134 (0x8ca9) x 9 0xe868caf4
core   0: 0x80002136 (0x1d084e03) lbu     t3, 464(a6)
core   0: 3 0x80002136 (0x1d084e03) x28 0x000000a9 mem 0x8001b185
core   0: 0x8000213a (0x1c980823) sb      s1, 464(a6)
core   0: 3 0x8000213a (0x1c980823) mem 0x8001b185 0xf4
core   0: 0x8000213e (0x1d084003) lbu     zero, 464(a6)
core   0: 3 0x8000213e (0x1d084003) mem 0x8001b185
core   0: 0x80002142 (0x44381e03) lh      t3, 1091(a6)
core   0: 3 0x80002142 (0x44381e03) x28 0xffffb2b3 mem 0x8001b3f8
core   0: 0x80002146 (0xd1a80503) lb      a0, -742(a6)
core   0: 3 0x80002146 (0xd1a80503) x10 0xffffff84 mem 0x8001accf
core   0: 0x8000214a (0xa0680a83) lb      s5, -1530(a6)
core   0: 3 0x8000214a (0xa0680a83) x21 0x00000070 mem 0x8001a9bb
core   0: 0x8000214e (0xa0680f83) lb      t6, -1530(a6)
core   0: 3 0x8000214e (0xa0680f83) x31 0x00000070 mem 0x8001a9bb
core   0: 0x80002152 (0x415e0eb3) sub     t4, t3, s5
core   0: 3 0x80002152 (0x415e0eb3) x29 0xffffb243
core   0: 0x80002156 (0xa0684d03) lbu     s10, -1530(a6)
core   0: 3 0x80002156 (0xa0684d03) x26 0x00000070 mem 0x8001a9bb
core   0: 0x8000215a (0x451819a3) sh      a7, 1107(a6)
core   0: 3 0x8000215a (0x451819a3) mem 0x8001b408 0x8081
core   0: 0x8000215e (0x45e829a3) sw      t5, 1107(a6)
core   0: 3 0x8000215e (0x45e829a3) mem 0x8001b408 0x000000a1
core   0: 0x80002162 (0x451829a3) sw      a7, 1107(a6)
core   0: 3 0x80002162 (0x451829a3) mem 0x8001b408 0xffff8081
core   0: 0x80002166 (0x45385003) lhu     zero, 1107(a6)
core   0: 3 0x80002166 (0x45385003) mem 0x8001b408
core   0: 0x8000216a (0x45382903) lw      s2, 1107(a6)
core   0: 3 0x8000216a (0x45382903) x18 0xffff8081 mem 0x8001b408
core   0: 0x8000216e (0x71284d03) lbu     s10, 1810(a6)
core   0: 3 0x8000216e (0x71284d03) x26 0x0000007c mem 0x8001b6c7
core   0: 0x80002172 (0x00011797) auipc   a5, 0x11
core   0: 3 0x80002172 (0x00011797) x15 0x80013172
core   0: 0x80002176 (0x73478793) addi    a5, a5, 1844
core   0: 3 0x80002176 (0x73478793) x15 0x800138a6
core   0: 0x8000217a (0x00018817) auipc   a6, 0x18
core   0: 3 0x8000217a (0x00018817) x16 0x8001a17a
core   0: 0x8000217e (0x3aa80813) addi    a6, a6, 938
core   0: 3 0x8000217e (0x3aa80813) x16 0x8001a524
core   0: 0x80002182 (0x00e7a283) lw      t0, 14(a5)
core   0: 3 0x80002182 (0x00e7a283) x 5 0x6c6d6e6f mem 0x800138b4
core   0: 0x80002186 (0x22982a23) sw      s1, 564(a6)
core   0: 3 0x80002186 (0x22982a23) mem 0x8001a758 0xe868caf4
core   0: 0x8000218a (0x03f786a3) sb      t6, 45(a5)
core   0: 3 0x8000218a (0x03f786a3) mem 0x800138d3 0x70
core   0: 0x8000218e (0xdf880003) lb      zero, -520(a6)
core   0: 3 0x8000218e (0xdf880003) mem 0x8001a31c
core   0: 0x80002192 (0xcec85b03) lhu     s6, -788(a6)
core   0: 3 0x80002192 (0xcec85b03) x22 0x0000cacb mem 0x8001a210
core   0: 0x80002196 (0xfe17c503) lbu     a0, -31(a5)
core   0: 3 0x80002196 (0xfe17c503) x10 0x0000003c mem 0x80013887
core   0: 0x8000219a (0x9c980aa3) sb      s1, -1579(a6)
core   0: 3 0x8000219a (0x9c980aa3) mem 0x80019ef9 0xf4
core   0: 0x8000219e (0x40180983) lb      s3, 1025(a6)
core   0: 3 0x8000219e (0x40180983) x19 0xffffffde mem 0x8001a925
core   0: 0x800021a2 (0xfc4780a3) sb      tp, -63(a5)
core   0: 3 0x800021a2 (0xfc4780a3) mem 0x80013867 0x52
core   0: 0x800021a6 (0x01a78da3) sb      s10, 27(a5)
core   0: 3 0x800021a6 (0x01a78da3) mem 0x800138c1 0x7c
core   0: 0x800021aa (0xaad84083) lbu     ra, -1363(a6)
core   0: 3 0x800021aa (0xaad84083) x 1 0x0000008a mem 0x80019fd1
core   0: 0x800021ae (0x10f84403) lbu     s0, 271(a6)
core   0: 3 0x800021ae (0x10f84403) x 8 0x000000e8 mem 0x8001a633
core   0: 0x800021b2 (0xfed7c883) lbu     a7, -19(a5)
core   0: 3 0x800021b2 (0xfed7c883) x17 0x00000048 mem 0x80013893
core   0: 0x800021b6 (0x43f80f03) lb      t5, 1087(a6)
core   0: 3 0x800021b6 (0x43f80f03) x30 0x00000018 mem 0x8001a963
core   0: 0x800021ba (0x5cc85e83) lhu     t4, 1484(a6)
core   0: 3 0x800021ba (0x5cc85e83) x29 0x0000aaab mem 0x8001aaf0
core   0: 0x800021be (0x00c79c83) lh      s9, 12(a5)
core   0: 3 0x800021be (0x00c79c83) x25 0x00006869 mem 0x800138b2
core   0: 0x800021c2 (0x00019517) auipc   a0, 0x19
core   0: 3 0x800021c2 (0x00019517) x10 0x8001b1c2
core   0: 0x800021c6 (0x1b450513) addi    a0, a0, 436
core   0: 3 0x800021c6 (0x1b450513) x10 0x8001b376
core   0: 0x800021ca (0x00008419) c.srai  s0, 6
core   0: 3 0x800021ca (0x8419) x 8 0x00000003
core   0: 0x800021cc (0x00000d15) c.addi  s10, 5
core   0: 3 0x800021cc (0x0d15) x26 0x00000081
core   0: 0x800021ce (0xbbc55b03) lhu     s6, -1092(a0)
core   0: 3 0x800021ce (0xbbc55b03) x22 0x0000e8e9 mem 0x8001af32
core   0: 0x800021d2 (0x00000001) c.nop
core   0: 3 0x800021d2 (0x0001)
core   0: 0x800021d4 (0x11050223) sb      a6, 260(a0)
core   0: 3 0x800021d4 (0x11050223) mem 0x8001b47a 0x24
core   0: 0x800021d8 (0x02e503b3) mul     t2, a0, a4
core   0: 3 0x800021d8 (0x02e503b3) x 7 0xff8fbb94
core   0: 0x800021dc (0xd6c55203) lhu     tp, -660(a0)
core   0: 3 0x800021dc (0xd6c55203) x 4 0x00009899 mem 0x8001b0e2
core   0: 0x800021e0 (0xb96505a3) sb      s6, -1141(a0)
core   0: 3 0x800021e0 (0xb96505a3) mem 0x8001af01 0xe9
core   0: 0x800021e4 (0x3ca50483) lb      s1, 970(a0)
core   0: 3 0x800021e4 (0x3ca50483) x 9 0xfffffffb mem 0x8001b740
core   0: 0x800021e8 (0x48451803) lh      a6, 1156(a0)
core   0: 3 0x800021e8 (0x48451803) x16 0xffffb0b1 mem 0x8001b7fa
core   0: 0x800021ec (0x21f50d83) lb      s11, 543(a0)
core   0: 3 0x800021ec (0x21f50d83) x27 0x0000004e mem 0x8001b595
core   0: 0x800021f0 (0x4762a693) slti    a3, t0, 1142
core   0: 3 0x800021f0 (0x4762a693) x13 0x00000000
core   0: 0x800021f4 (0x75456213) ori     tp, a0, 1876
core   0: 3 0x800021f4 (0x75456213) x 4 0x8001b776
core   0: 0x800021f8 (0x44455703) lhu     a4, 1092(a0)
core   0: 3 0x800021f8 (0x44455703) x14 0x00007071 mem 0x8001b7ba
core   0: 0x800021fc (0xe6250783) lb      a5, -414(a0)
core   0: 3 0x800021fc (0xe6250783) x15 0xffffff93 mem 0x8001b1d8
core   0: 0x80002200 (0x016911b3) sll     gp, s2, s6
core   0: 3 0x80002200 (0x016911b3) x 3 0xff010200
core   0: 0x80002204 (0xe8b54f83) lbu     t6, -373(a0)
core   0: 3 0x80002204 (0xe8b54f83) x31 0x000000ba mem 0x8001b201
core   0: 0x80002208 (0xd8e500a3) sb      a4, -639(a0)
core   0: 3 0x80002208 (0xd8e500a3) mem 0x8001b0f7 0x71
core   0: 0x8000220c (0x03aae4b3) rem     s1, s5, s10
core   0: 3 0x8000220c (0x03aae4b3) x 9 0x00000070
core   0: 0x80002210 (0x0290ed33) rem     s10, ra, s1
core   0: 3 0x80002210 (0x0290ed33) x26 0x0000001a
core   0: 0x80002214 (0xe9651b03) lh      s6, -362(a0)
core   0: 3 0x80002214 (0xe9651b03) x22 0xffffc6c7 mem 0x8001b20c
core   0: 0x80002218 (0x0186d8b3) srl     a7, a3, s8
core   0: 3 0x80002218 (0x0186d8b3) x17 0x00000000
core   0: 0x8000221c (0x84f54983) lbu     s3, -1969(a0)
core   0: 3 0x8000221c (0x84f54983) x19 0x0000007e mem 0x8001abc5
core   0: 0x80002220 (0x85350923) sb      s3, -1966(a0)
core   0: 3 0x80002220 (0x85350923) mem 0x8001abc8 0x7e
core   0: 0x80002224 (0x08562493) slti    s1, a2, 133
core   0: 3 0x80002224 (0x08562493) x 9 0x00000001
core   0: 0x80002228 (0x35554203) lbu     tp, 853(a0)
core   0: 3 0x80002228 (0x35554203) x 4 0x00000080 mem 0x8001b6cb
core   0: 0x8000222c (0xcc251e23) sh      sp, -804(a0)
core   0: 3 0x8000222c (0xcc251e23) mem 0x8001b052 0x9ce4
core   0: 0x80002230 (0x00017c17) auipc   s8, 0x17
core   0: 3 0x80002230 (0x00017c17) x24 0x80019230
core   0: 0x80002234 (0x8ecc0c13) addi    s8, s8, -1812
core   0: 3 0x80002234 (0x8ecc0c13) x24 0x80018b1c
core   0: 0x80002238 (0xf6ac4783) lbu     a5, -150(s8)
core   0: 3 0x80002238 (0xf6ac4783) x15 0x0000003d mem 0x80018a86
core   0: 0x8000223c (0x0001f897) auipc   a7, 0x1f
core   0: 3 0x8000223c (0x0001f897) x17 0x8002123c
core   0: 0x80002240 (0xd1188893) addi    a7, a7, -751
core   0: 3 0x80002240 (0xd1188893) x17 0x80020f4d
core   0: 0x80002244 (0x0000f717) auipc   a4, 0xf
core   0: 3 0x80002244 (0x0000f717) x14 0x80011244
core   0: 0x80002248 (0x43570713) addi    a4, a4, 1077
core   0: 3 0x80002248 (0x43570713) x14 0x80011679
core   0: 0x8000224c (0x006717a3) sh      t1, 15(a4)
core   0: 3 0x8000224c (0x006717a3) mem 0x80011688 0x0000
core   0: 0x80002250 (0x00015f17) auipc   t5, 0x15
core   0: 3 0x80002250 (0x00015f17) x30 0x80017250
core   0: 0x80002254 (0xd9af0f13) addi    t5, t5, -614
core   0: 3 0x80002254 (0xd9af0f13) x30 0x80016fea
core   0: 0x80002258 (0xfdb88823) sb      s11, -48(a7)
core   0: 3 0x80002258 (0xfdb88823) mem 0x80020f1d 0x4e
core   0: 0x8000225c (0x00370223) sb      gp, 4(a4)
core   0: 3 0x8000225c (0x00370223) mem 0x8001167d 0x0
core   0: 0x80002260 (0x042f5403) lhu     s0, 66(t5)
core   0: 3 0x80002260 (0x042f5403) x 8 0x0000e6e7 mem 0x8001702c
core   0: 0x80002264 (0xf68f09a3) sb      s0, -141(t5)
core   0: 3 0x80002264 (0xf68f09a3) mem 0x80016f5d 0xe7
core   0: 0x80002268 (0xf73894a3) sh      s3, -151(a7)
core   0: 3 0x80002268 (0xf73894a3) mem 0x80020eb6 0x007e
core   0: 0x8000226c (0xfdfc0ba3) sb      t6, -41(s8)
core   0: 3 0x8000226c (0xfdfc0ba3) mem 0x80018af3 0xba
core   0: 0x80002270 (0xfe9f0083) lb      ra, -23(t5)
core   0: 3 0x80002270 (0xfe9f0083) x 1 0xffffff88 mem 0x80016fd3
core   0: 0x80002274 (0x067c2623) sw      t2, 108(s8)
core   0: 3 0x80002274 (0x067c2623) mem 0x80018b88 0xff8fbb94
core   0: 0x80002278 (0x01074083) lbu     ra, 16(a4)
core   0: 3 0x80002278 (0x01074083) x 1 0x00000000 mem 0x80011689
core   0: 0x8000227c (0xf9189483) lh      s1, -111(a7)
core   0: 3 0x8000227c (0xf9189483) x 9 0xffff9495 mem 0x80020ede
core   0: 0x80002280 (0xfdac0f23) sb      s10, -34(s8)
core   0: 3 0x80002280 (0xfdac0f23) mem 0x80018afa 0x1a
core   0: 0x80002284 (0x01c70323) sb      t3, 6(a4)
core   0: 3 0x80002284 (0x01c70323) mem 0x8001167f 0xb3
core   0: 0x80002288 (0x08ef2303) lw      t1, 142(t5)
core   0: 3 0x80002288 (0x08ef2303) x 6 0x3031d333 mem 0x80017078
core   0: 0x8000228c (0xffb70d83) lb      s11, -5(a4)
core   0: 3 0x8000228c (0xffb70d83) x27 0x0000002f mem 0x80011674
core   0: 0x80002290 (0xf8cf5b83) lhu     s7, -116(t5)
core   0: 3 0x80002290 (0xf8cf5b83) x23 0x00002c2d mem 0x80016f76
core   0: 0x80002294 (0x0e3f0b03) lb      s6, 227(t5)
core   0: 3 0x80002294 (0x0e3f0b03) x22 0xffffff86 mem 0x800170cd
core   0: 0x80002298 (0xffd8cc83) lbu     s9, -3(a7)
core   0: 3 0x80002298 (0xffd8cc83) x25 0x00000001 mem 0x80020f4a
core   0: 0x8000229c (0xf76f5083) lhu     ra, -138(t5)
core   0: 3 0x8000229c (0xf76f5083) x 1 0x00001a1b mem 0x80016f60
core   0: 0x800022a0 (0x0d8f5183) lhu     gp, 216(t5)
core   0: 3 0x800022a0 (0x0d8f5183) x 3 0x00007879 mem 0x800170c2
core   0: 0x800022a4 (0xf61c0b23) sb      ra, -138(s8)
core   0: 3 0x800022a4 (0xf61c0b23) mem 0x80018a92 0x1b
core   0: 0x800022a8 (0xf5788d03) lb      s10, -169(a7)
core   0: 3 0x800022a8 (0xf5788d03) x26 0x0000005f mem 0x80020ea4
core   0: 0x800022ac (0x01074783) lbu     a5, 16(a4)
core   0: 3 0x800022ac (0x01074783) x15 0x00000000 mem 0x80011689
core   0: 0x800022b0 (0x06588203) lb      tp, 101(a7)
core   0: 3 0x800022b0 (0x06588203) x 4 0x00000069 mem 0x80020fb2
core   0: 0x800022b4 (0x059886a3) sb      s9, 77(a7)
core   0: 3 0x800022b4 (0x059886a3) mem 0x80020f9a 0x1
core   0: 0x800022b8 (0x0a8c5283) lhu     t0, 168(s8)
core   0: 3 0x800022b8 (0x0a8c5283) x 5 0x00007e7f mem 0x80018bc4
core   0: 0x800022bc (0x0128c803) lbu     a6, 18(a7)
core   0: 3 0x800022bc (0x0128c803) x16 0x00000014 mem 0x80020f5f
core   0: 0x800022c0 (0x0cac1023) sh      a0, 192(s8)
core   0: 3 0x800022c0 (0x0cac1023) mem 0x80018bdc 0xb376
core   0: 0x800022c4 (0xf3088523) sb      a6, -214(a7)
core   0: 3 0x800022c4 (0xf3088523) mem 0x80020e77 0x14
core   0: 0x800022c8 (0x00e723a3) sw      a4, 7(a4)
core   0: 3 0x800022c8 (0x00e723a3) mem 0x80011680 0x80011679
core   0: 0x800022cc (0xfc5f0403) lb      s0, -59(t5)
core   0: 3 0x800022cc (0xfc5f0403) x 8 0x00000064 mem 0x80016faf
core   0: 0x800022d0 (0xfeec0e83) lb      t4, -18(s8)
core   0: 3 0x800022d0 (0xfeec0e83) x29 0xffffffc1 mem 0x80018b0a
core   0: 0x800022d4 (0x0cac08a3) sb      a0, 209(s8)
core   0: 3 0x800022d4 (0x0cac08a3) mem 0x80018bed 0x76
core   0: 0x800022d8 (0xf21f02a3) sb      ra, -219(t5)
core   0: 3 0x800022d8 (0xf21f02a3) mem 0x80016f0f 0x1b
core   0: 0x800022dc (0xff170c23) sb      a7, -8(a4)
core   0: 3 0x800022dc (0xff170c23) mem 0x80011671 0x4d
core   0: 0x800022e0 (0x0001e297) auipc   t0, 0x1e
core   0: 3 0x800022e0 (0x0001e297) x 5 0x800202e0
core   0: 0x800022e4 (0xde328293) addi    t0, t0, -541
core   0: 3 0x800022e4 (0xde328293) x 5 0x800200c3
core   0: 0x800022e8 (0x0000e497) auipc   s1, 0xe
core   0: 3 0x800022e8 (0x0000e497) x 9 0x800102e8
core   0: 0x800022ec (0xf1f48493) addi    s1, s1, -225
core   0: 3 0x800022ec (0xf1f48493) x 9 0x80010207
core   0: 0x800022f0 (0x0e248783) lb      a5, 226(s1)
core   0: 3 0x800022f0 (0x0e248783) x15 0xffffffa2 mem 0x800102e9
core   0: 0x800022f4 (0xfad49503) lh      a0, -83(s1)
core   0: 3 0x800022f4 (0xfad49503) x10 0x00006e6f mem 0x800101b4
core   0: 0x800022f8 (0x47828503) lb      a0, 1144(t0)
core   0: 3 0x800022f8 (0x47828503) x10 0xfffffff0 mem 0x8002053b
core   0: 0x800022fc (0x20b2d703) lhu     a4, 523(t0)
core   0: 3 0x800022fc (0x20b2d703) x14 0x00008485 mem 0x800202ce
core   0: 0x80002300 (0x0f048503) lb      a0, 240(s1)
core   0: 3 0x80002300 (0x0f048503) x10 0xffffffac mem 0x800102f7
core   0: 0x80002304 (0xbb929c03) lh      s8, -1095(t0)
core   0: 3 0x80002304 (0xbb929c03) x24 0x00003637 mem 0x8001fc7c
core   0: 0x80002308 (0xe372ce03) lbu     t3, -457(t0)
core   0: 3 0x80002308 (0xe372ce03) x28 0x000000b1 mem 0x8001fefa
core   0: 0x8000230c (0xf552a783) lw      a5, -171(t0)
core   0: 3 0x8000230c (0xf552a783) x15 0xd0d1d2d3 mem 0x80020018
core   0: 0x80002310 (0xf97483a3) sb      s7, -121(s1)
core   0: 3 0x80002310 (0xf97483a3) mem 0x8001018e 0x2d
core   0: 0x80002314 (0xff0282a3) sb      a6, -27(t0)
core   0: 3 0x80002314 (0xff0282a3) mem 0x800200a8 0x14
core   0: 0x80002318 (0xf8c48603) lb      a2, -116(s1)
core   0: 3 0x80002318 (0xf8c48603) x12 0xffffffff mem 0x80010193
core   0: 0x8000231c (0xf1648023) sb      s6, -256(s1)
core   0: 3 0x8000231c (0xf1648023) mem 0x80010107 0x86
core   0: 0x80002320 (0x94b28223) sb      a1, -1724(t0)
core   0: 3 0x80002320 (0x94b28223) mem 0x8001fa07 0x0
core   0: 0x80002324 (0x00148d03) lb      s10, 1(s1)
core   0: 3 0x80002324 (0x00148d03) x26 0xffffffc3 mem 0x80010208
core   0: 0x80002328 (0x88328e03) lb      t3, -1917(t0)
core   0: 3 0x80002328 (0x88328e03) x28 0xfffffffd mem 0x8001f946
core   0: 0x8000232c (0xf8d48083) lb      ra, -115(s1)
core   0: 3 0x8000232c (0xf8d48083) x 1 0x0000004f mem 0x80010194
core   0: 0x80002330 (0xc3628623) sb      s6, -980(t0)
core   0: 3 0x80002330 (0xc3628623) mem 0x8001fcef 0x86
core   0: 0x80002334 (0x00019297) auipc   t0, 0x19
core   0: 3 0x80002334 (0x00019297) x 5 0x8001b334
core   0: 0x80002338 (0x43428293) addi    t0, t0, 1076
core   0: 3 0x80002338 (0x43428293) x 5 0x8001b768
core   0: 0x8000233c (0x0000f917) auipc   s2, 0xf
core   0: 3 0x8000233c (0x0000f917) x18 0x8001133c
core   0: 0x80002340 (0xa4390913) addi    s2, s2, -1469
core   0: 3 0x80002340 (0xa4390913) x18 0x80010d7f
core   0: 0x80002344 (0xff391c83) lh      s9, -13(s2)
core   0: 3 0x80002344 (0xff391c83) x25 0xffffffd3 mem 0x80010d72
core   0: 0x80002348 (0xfef28183) lb      gp, -17(t0)
core   0: 3 0x80002348 (0xfef28183) x 3 0x0000000c mem 0x8001b757
core   0: 0x8000234c (0xffa90383) lb      t2, -6(s2)
core   0: 3 0x8000234c (0xffa90383) x 7 0x00000032 mem 0x80010d79
core   0: 0x80002350 (0x3392cb03) lbu     s6, 825(t0)
core   0: 3 0x80002350 (0x3392cb03) x22 0x0000005a mem 0x8001baa1
core   0: 0x80002354 (0xffd90b23) sb      t4, -10(s2)
core   0: 3 0x80002354 (0xffd90b23) mem 0x80010d75 0xc1
core   0: 0x80002358 (0xc682ac23) sw      s0, -904(t0)
core   0: 3 0x80002358 (0xc682ac23) mem 0x8001b3e0 0x00000064
core   0: 0x8000235c (0x00c94083) lbu     ra, 12(s2)
core   0: 3 0x8000235c (0x00c94083) x 1 0x00000040 mem 0x80010d8b
core   0: 0x80002360 (0xff690203) lb      tp, -10(s2)
core   0: 3 0x80002360 (0xff690203) x 4 0xffffffc1 mem 0x80010d75
core   0: 0x80002364 (0xd3f2ce83) lbu     t4, -705(t0)
core   0: 3 0x80002364 (0xd3f2ce83) x29 0x0000005c mem 0x8001b4a7
core   0: 0x80002368 (0xe6a28da3) sb      a0, -389(t0)
core   0: 3 0x80002368 (0xe6a28da3) mem 0x8001b5e3 0xac
core   0: 0x8000236c (0xff094e03) lbu     t3, -16(s2)
core   0: 3 0x8000236c (0xff094e03) x28 0x00000024 mem 0x80010d6f
core   0: 0x80002370 (0xfee90fa3) sb      a4, -1(s2)
core   0: 3 0x80002370 (0xfee90fa3) mem 0x80010d7e 0x85
core   0: 0x80002374 (0xa3e288a3) sb      t5, -1487(t0)
core   0: 3 0x80002374 (0xa3e288a3) mem 0x8001b199 0xea
core   0: 0x80002378 (0x1fa2ae23) sw      s10, 508(t0)
core   0: 3 0x80002378 (0x1fa2ae23) mem 0x8001b964 0xffffffc3
core   0: 0x8000237c (0xfe090ea3) sb      zero, -3(s2)
core   0: 3 0x8000237c (0xfe090ea3) mem 0x80010d7c 0x0
core   0: 0x80002380 (0x674285a3) sb      s4, 1643(t0)
core   0: 3 0x80002380 (0x674285a3) mem 0x8001bdd3 0x64
core   0: 0x80002384 (0x46b2a423) sw      a1, 1128(t0)
core   0: 3 0x80002384 (0x46b2a423) mem 0x8001bbd0 0x80000000
core   0: 0x80002388 (0xffd94403) lbu     s0, -3(s2)
core   0: 3 0x80002388 (0xffd94403) x 8 0x00000000 mem 0x80010d7c
core   0: 0x8000238c (0x026000ef) jal     pc + 0x26
core   0: 3 0x8000238c (0x026000ef) x 1 0x80002390
core   0: 0x800023b2 (0x00002021) c.jal   pc + 8
core   0: 3 0x800023b2 (0x2021) x 1 0x800023b4
core   0: 0x800023ba (0x000037c5) c.jal   pc - 32
core   0: 3 0x800023ba (0x37c5) x 1 0x800023bc
core   0: 0x8000239a (0x01c0096f) jal     s2, pc + 0x1c
core   0: 3 0x8000239a (0x01c0096f) x18 0x8000239e
core   0: 0x800023b6 (0xfe9ff0ef) jal     pc - 0x18
core   0: 3 0x800023b6 (0xfe9ff0ef) x 1 0x800023ba
core   0: 0x8000239e (0x00002019) c.jal   pc + 6
core   0: 3 0x8000239e (0x2019) x 1 0x800023a0
core   0: 0x800023a4 (0x006000ef) jal     pc + 0x6
core   0: 3 0x800023a4 (0x006000ef) x 1 0x800023a8
core   0: 0x800023aa (0x00002029) c.jal   pc + 10
core   0: 3 0x800023aa (0x2029) x 1 0x800023ac
core   0: 0x800023b4 (0x00003ff5) c.jal   pc - 4
core   0: 3 0x800023b4 (0x3ff5) x 1 0x800023b6
core   0: 0x800023b0 (0x0000b7dd) c.j     pc - 26
core   0: 3 0x800023b0 (0xb7dd)
core   0: 0x80002396 (0x0120036f) jal     t1, pc + 0x12
core   0: 3 0x80002396 (0x0120036f) x 6 0x8000239a
core   0: 0x800023a8 (0x0000b7e5) c.j     pc - 24
core   0: 3 0x800023a8 (0xb7e5)
core   0: 0x80002390 (0x01000def) jal     s11, pc + 0x10
core   0: 3 0x80002390 (0x01000def) x27 0x80002394
core   0: 0x800023a0 (0xff5ff0ef) jal     pc - 0xc
core   0: 3 0x800023a0 (0xff5ff0ef) x 1 0x800023a4
core   0: 0x80002394 (0x00002821) c.jal   pc + 24
core   0: 3 0x80002394 (0x2821) x 1 0x80002396
core   0: 0x800023ac (0x01000cef) jal     s9, pc + 0x10
core   0: 3 0x800023ac (0x01000cef) x25 0x800023b0
core   0: 0x800023bc (0x00000001) c.nop
core   0: 3 0x800023bc (0x0001)
core   0: 0x800023be (0x0000eb17) auipc   s6, 0xe
core   0: 3 0x800023be (0x0000eb17) x22 0x800103be
core   0: 0x800023c2 (0x0b3b0b13) addi    s6, s6, 179
core   0: 3 0x800023c2 (0x0b3b0b13) x22 0x80010471
core   0: 0x800023c6 (0x000054fd) c.li    s1, -1
core   0: 3 0x800023c6 (0x54fd) x 9 0xffffffff
core   0: 0x800023c8 (0x02d131b3) mulhu   gp, sp, a3
core   0: 3 0x800023c8 (0x02d131b3) x 3 0x00000000
core   0: 0x800023cc (0x02465eb3) divu    t4, a2, tp
core   0: 3 0x800023cc (0x02465eb3) x29 0x00000001
core   0: 0x800023d0 (0x0134f4b3) and     s1, s1, s3
core   0: 3 0x800023d0 (0x0134f4b3) x 9 0x0000007e
core   0: 0x800023d4 (0x00eb1ba3) sh      a4, 23(s6)
core   0: 3 0x800023d4 (0x00eb1ba3) mem 0x80010488 0x8485
core   0: 0x800023d8 (0xfcbb0a23) sb      a1, -44(s6)
core   0: 3 0x800023d8 (0xfcbb0a23) mem 0x80010445 0x0
core   0: 0x800023dc (0xfc4b0c23) sb      tp, -40(s6)
core   0: 3 0x800023dc (0xfc4b0c23) mem 0x80010449 0xc1
core   0: 0x800023e0 (0x01cb0083) lb      ra, 28(s6)
core   0: 3 0x800023e0 (0x01cb0083) x 1 0x00000046 mem 0x8001048d
core   0: 0x800023e4 (0x03cb0323) sb      t3, 38(s6)
core   0: 3 0x800023e4 (0x03cb0323) mem 0x80010497 0x24
core   0: 0x800023e8 (0x03fb0e23) sb      t6, 60(s6)
core   0: 3 0x800023e8 (0x03fb0e23) mem 0x800104ad 0xba
core   0: 0x800023ec (0x02cad0b3) divu    ra, s5, a2
core   0: 3 0x800023ec (0x02cad0b3) x 1 0x00000000
core   0: 0x800023f0 (0xff5b1c03) lh      s8, -11(s6)
core   0: 3 0x800023f0 (0xff5b1c03) x24 0x00001c1d mem 0x80010466
core   0: 0x800023f4 (0xfeeb0e23) sb      a4, -4(s6)
core   0: 3 0x800023f4 (0xfeeb0e23) mem 0x8001046d 0x85
core   0: 0x800023f8 (0x6cce3193) sltiu   gp, t3, 1740
core   0: 3 0x800023f8 (0x6cce3193) x 3 0x00000001
core   0: 0x800023fc (0x02cb4d03) lbu     s10, 44(s6)
core   0: 3 0x800023fc (0x02cb4d03) x26 0x000000b6 mem 0x8001049d
core   0: 0x80002400 (0xfc7b0323) sb      t2, -58(s6)
core   0: 3 0x80002400 (0xfc7b0323) mem 0x80010437 0x32
core   0: 0x80002404 (0x041dfd93) andi    s11, s11, 65
core   0: 3 0x80002404 (0x041dfd93) x27 0x00000000
core   0: 0x80002408 (0x00e9d8b3) srl     a7, s3, a4
core   0: 3 0x80002408 (0x00e9d8b3) x17 0x00000003
core   0: 0x8000240c (0x16ec1397) auipc   t2, 0x16ec1
core   0: 3 0x8000240c (0x16ec1397) x 7 0x96ec340c
core   0: 0x80002410 (0x02eb0383) lb      t2, 46(s6)
core   0: 3 0x80002410 (0x02eb0383) x 7 0x00000054 mem 0x8001049f
core   0: 0x80002414 (0x03666733) rem     a4, a2, s6
core   0: 3 0x80002414 (0x03666733) x14 0xffffffff
core   0: 0x80002418 (0x30852393) slti    t2, a0, 776
core   0: 3 0x80002418 (0x30852393) x 7 0x00000001
core   0: 0x8000241c (0x00008ee1) c.and   a3, s0
core   0: 3 0x8000241c (0x8ee1) x13 0x00000000
core   0: 0x8000241e (0xfe0b0e83) lb      t4, -32(s6)
core   0: 3 0x8000241e (0xfe0b0e83) x29 0x0000000a mem 0x80010451
core   0: 0x80002422 (0x00000001) c.nop
core   0: 3 0x80002422 (0x0001)
core   0: 0x80002424 (0x00008f01) c.sub   a4, s0
core   0: 3 0x80002424 (0x8f01) x14 0xffffffff
core   0: 0x80002426 (0x837be793) ori     a5, s7, -1993
core   0: 3 0x80002426 (0x837be793) x15 0xfffffc3f
core   0: 0x8000242a (0x0ff0000f) fence   iorw,iorw
core   0: 3 0x8000242a (0x0ff0000f)
core   0: 0x8000242e (0x014b0503) lb      a0, 20(s6)
core   0: 3 0x8000242e (0x014b0503) x10 0x0000003e mem 0x80010485
core   0: 0x80002432 (0x0137a633) slt     a2, a5, s3
core   0: 3 0x80002432 (0x0137a633) x12 0x00000001
core   0: 0x80002436 (0x00008eed) c.and   a3, a1
core   0: 3 0x80002436 (0x8eed) x13 0x00000000
core   0: 0x80002438 (0xfefb0b23) sb      a5, -10(s6)
core   0: 3 0x80002438 (0xfefb0b23) mem 0x80010467 0x3f
core   0: 0x8000243c (0xe1d47393) andi    t2, s0, -483
core   0: 3 0x8000243c (0xe1d47393) x 7 0x00000000
core   0: 0x80002440 (0x032b4303) lbu     t1, 50(s6)
core   0: 3 0x80002440 (0x032b4303) x 6 0x00000058 mem 0x800104a3
core   0: 0x80002444 (0x01723e33) sltu    t3, tp, s7
core   0: 3 0x80002444 (0x01723e33) x28 0x00000000
core   0: 0x80002448 (0x00008ecd) c.or    a3, a1
core   0: 3 0x80002448 (0x8ecd) x13 0x80000000
core   0: 0x8000244a (0xfd4b4503) lbu     a0, -44(s6)
core   0: 3 0x8000244a (0xfd4b4503) x10 0x00000000 mem 0x80010445
core   0: 0x8000244e (0x00a61933) sll     s2, a2, a0
core   0: 3 0x8000244e (0x00a61933) x18 0x00000001
core   0: 0x80002452 (0x1876fd13) andi    s10, a3, 391
core   0: 3 0x80002452 (0x1876fd13) x26 0x00000000
core   0: 0x80002456 (0x03e7a733) mulhsu  a4, a5, t5
core   0: 3 0x80002456 (0x03e7a733) x14 0xfffffe1f
core   0: 0x8000245a (0x001b5383) lhu     t2, 1(s6)
core   0: 3 0x8000245a (0x001b5383) x 7 0x00002829 mem 0x80010472
core   0: 0x8000245e (0x032a9633) mulh    a2, s5, s2
core   0: 3 0x8000245e (0x032a9633) x12 0x00000000
core   0: 0x80002462 (0x03fb2803) lw      a6, 63(s6)
core   0: 3 0x80002462 (0x03fb2803) x16 0x68696a6b mem 0x800104b0
core   0: 0x80002466 (0xff7b1a83) lh      s5, -9(s6)
core   0: 3 0x80002466 (0xff7b1a83) x21 0x00002223 mem 0x80010468
core   0: 0x8000246a (0xfc0b0f23) sb      zero, -34(s6)
core   0: 3 0x8000246a (0xfc0b0f23) mem 0x8001044f 0x0
core   0: 0x8000246e (0x03a39bb3) mulh    s7, t2, s10
core   0: 3 0x8000246e (0x03a39bb3) x23 0x00000000
core   0: 0x80002472 (0xfd1b04a3) sb      a7, -55(s6)
core   0: 3 0x80002472 (0xfd1b04a3) mem 0x8001043a 0x3
core   0: 0x80002476 (0xfc6b00a3) sb      t1, -63(s6)
core   0: 3 0x80002476 (0xfc6b00a3) mem 0x80010432 0x58
core   0: 0x8000247a (0x001b4f03) lbu     t5, 1(s6)
core   0: 3 0x8000247a (0x001b4f03) x30 0x00000029 mem 0x80010472
core   0: 0x8000247e (0x02fb4183) lbu     gp, 47(s6)
core   0: 3 0x8000247e (0x02fb4183) x 3 0x0000005b mem 0x800104a0
core   0: 0x80002482 (0xfdab4783) lbu     a5, -38(s6)
core   0: 3 0x80002482 (0xfdab4783) x15 0x00000000 mem 0x8001044b
core   0: 0x80002486 (0xff6b0983) lb      s3, -10(s6)
core   0: 3 0x80002486 (0xff6b0983) x19 0x0000003f mem 0x80010467
core   0: 0x8000248a (0x000087a1) c.srai  a5, 8
core   0: 3 0x8000248a (0x87a1) x15 0x00000000
core   0: 0x8000248c (0x012b4003) lbu     zero, 18(s6)
core   0: 3 0x8000248c (0x012b4003) mem 0x80010483
core   0: 0x80002490 (0xffdb12a3) sh      t4, -27(s6)
core   0: 3 0x80002490 (0xffdb12a3) mem 0x80010456 0x000a
core   0: 0x80002494 (0xfecb4983) lbu     s3, -20(s6)
core   0: 3 0x80002494 (0xfecb4983) x19 0x00000016 mem 0x8001045d
core   0: 0x80002498 (0x00100793) li      a5, 1
core   0: 3 0x80002498 (0x00100793) x15 0x00000001
core   0: 0x8000249c (0x00008c21) c.xor   s0, s0
core   0: 3 0x8000249c (0x8c21) x 8 0x00000000
core   0: 0x8000249e (0x00c0c193) xori    gp, ra, 12
core   0: 3 0x8000249e (0x00c0c193) x 3 0x0000000c
core   0: 0x800024a2 (0x00d00613) li      a2, 13
core   0: 3 0x800024a2 (0x00d00613) x12 0x0000000d
core   0: 0x800024a6 (0x45ed7c93) andi    s9, s10, 1118
core   0: 3 0x800024a6 (0x45ed7c93) x25 0x00000000
core   0: 0x800024aa (0x00006205) c.lui   tp, 0x1
core   0: 3 0x800024aa (0x6205) x 4 0x00001000
core   0: 0x800024ac (0x00000799) c.addi  a5, 6
core   0: 3 0x800024ac (0x0799) x15 0x00000007
core   0: 0x800024ae (0x00a00713) li      a4, 10
core   0: 3 0x800024ae (0x00a00713) x14 0x0000000a
core   0: 0x800024b2 (0x41b45e33) sra     t3, s0, s11
core   0: 3 0x800024b2 (0x41b45e33) x28 0x00000000
core   0: 0x800024b6 (0x0000100f) fence.i
core   0: 3 0x800024b6 (0x0000100f)
core   0: 0x800024ba (0x00a00313) li      t1, 10
core   0: 3 0x800024ba (0x00a00313) x 6 0x0000000a
core   0: 0x800024be (0x0240a033) mulhsu  zero, ra, tp
core   0: 3 0x800024be (0x0240a033)
core   0: 0x800024c2 (0x021a58b3) divu    a7, s4, ra
core   0: 3 0x800024c2 (0x021a58b3) x17 0xffffffff
core   0: 0x800024c6 (0x0000175d) c.addi  a4, -9
core   0: 3 0x800024c6 (0x175d) x14 0x00000001
core   0: 0x800024c8 (0xfe677be3) bgeu    a4, t1, pc - 10
core   0: 3 0x800024c8 (0xfe677be3)
core   0: 0x800024cc (0x00008d29) c.xor   a0, a0
core   0: 3 0x800024cc (0x8d29) x10 0x00000000
core   0: 0x800024ce (0x0000100f) fence.i
core   0: 3 0x800024ce (0x0000100f)
core   0: 0x800024d2 (0xfcc78ae3) beq     a5, a2, pc - 44
core   0: 3 0x800024d2 (0xfcc78ae3)
core   0: 0x800024d6 (0x0ff0000f) fence   iorw,iorw
core   0: 3 0x800024d6 (0x0ff0000f)
core   0: 0x800024da (0x0000ee17) auipc   t3, 0xe
core   0: 3 0x800024da (0x0000ee17) x28 0x800104da
core   0: 0x800024de (0x05de0e13) addi    t3, t3, 93
core   0: 3 0x800024de (0x05de0e13) x28 0x80010537
core   0: 0x800024e2 (0x00db4533) xor     a0, s6, a3
core   0: 3 0x800024e2 (0x00db4533) x10 0x00010471
core   0: 0x800024e6 (0x40420433) sub     s0, tp, tp
core   0: 3 0x800024e6 (0x40420433) x 8 0x00000000
core   0: 0x800024ea (0x00008d35) c.xor   a0, a3
core   0: 3 0x800024ea (0x8d35) x10 0x80010471
core   0: 0x800024ec (0x00008d61) c.and   a0, s0
core   0: 3 0x800024ec (0x8d61) x10 0x00000000
core   0: 0x800024ee (0xfede0da3) sb      a3, -5(t3)
core   0: 3 0x800024ee (0xfede0da3) mem 0x80010532 0x0
core   0: 0x800024f2 (0x00008b06) c.mv    s6, ra
core   0: 3 0x800024f2 (0x8b06) x22 0x00000000
core   0: 0x800024f4 (0x006e0203) lb      tp, 6(t3)
core   0: 3 0x800024f4 (0x006e0203) x 4 0xfffffff6 mem 0x8001053d
core   0: 0x800024f8 (0x00de1403) lh      s0, 13(t3)
core   0: 3 0x800024f8 (0x00de1403) x 8 0xfffffeff mem 0x80010544
core   0: 0x800024fc (0x00000001) c.nop
core   0: 3 0x800024fc (0x0001)
core   0: 0x800024fe (0x002e0503) lb      a0, 2(t3)
core   0: 3 0x800024fe (0x002e0503) x10 0xfffffff2 mem 0x80010539
core   0: 0x80002502 (0xfffe4b03) lbu     s6, -1(t3)
core   0: 3 0x80002502 (0xfffe4b03) x22 0x000000ed mem 0x80010536
core   0: 0x80002506 (0x006e0403) lb      s0, 6(t3)
core   0: 3 0x80002506 (0x006e0403) x 8 0xfffffff6 mem 0x8001053d
core   0: 0x8000250a (0x008e0423) sb      s0, 8(t3)
core   0: 3 0x8000250a (0x008e0423) mem 0x8001053f 0xf6
core   0: 0x8000250e (0x008e0123) sb      s0, 2(t3)
core   0: 3 0x8000250e (0x008e0123) mem 0x80010539 0xf6
core   0: 0x80002512 (0x036b70b3) remu    ra, s6, s6
core   0: 3 0x80002512 (0x036b70b3) x 1 0x00000000
core   0: 0x80002516 (0x40120533) sub     a0, tp, ra
core   0: 3 0x80002516 (0x40120533) x10 0xfffffff6
core   0: 0x8000251a (0x00509b13) slli    s6, ra, 5
core   0: 3 0x8000251a (0x00509b13) x22 0x00000000
core   0: 0x8000251e (0x001b1b33) sll     s6, s6, ra
core   0: 3 0x8000251e (0x001b1b33) x22 0x00000000
core   0: 0x80002522 (0x024436b3) mulhu   a3, s0, tp
core   0: 3 0x80002522 (0x024436b3) x13 0xffffffec
core   0: 0x80002526 (0xff8e0403) lb      s0, -8(t3)
core   0: 3 0x80002526 (0xff8e0403) x 8 0xffffffe4 mem 0x8001052f
core   0: 0x8000252a (0xff0e4083) lbu     ra, -16(t3)
core   0: 3 0x8000252a (0xff0e4083) x 1 0x0000008e mem 0x80010527
core   0: 0x8000252e (0xfeae0b23) sb      a0, -10(t3)
core   0: 3 0x8000252e (0xfeae0b23) mem 0x8001052d 0xf6
core   0: 0x80002532 (0x02ab50b3) divu    ra, s6, a0
core   0: 3 0x80002532 (0x02ab50b3) x 1 0x00000000
core   0: 0x80002536 (0x00008c15) c.sub   s0, a3
core   0: 3 0x80002536 (0x8c15) x 8 0xfffffff8
core   0: 0x80002538 (0x0ff0000f) fence   iorw,iorw
core   0: 3 0x80002538 (0x0ff0000f)
core   0: 0x8000253c (0x00de13a3) sh      a3, 7(t3)
core   0: 3 0x8000253c (0x00de13a3) mem 0x8001053e 0xffec
core   0: 0x80002540 (0x016266b3) or      a3, tp, s6
core   0: 3 0x80002540 (0x016266b3) x13 0xfffffff6
core   0: 0x80002544 (0x00ae4683) lbu     a3, 10(t3)
core   0: 3 0x80002544 (0x00ae4683) x13 0x000000fa mem 0x80010541
core   0: 0x80002548 (0xf816bb13) sltiu   s6, a3, -127
core   0: 3 0x80002548 (0xf816bb13) x22 0x00000001
core   0: 0x8000254c (0x02a220b3) mulhsu  ra, tp, a0
core   0: 3 0x8000254c (0x02a220b3) x 1 0xfffffff6
core   0: 0x80002550 (0x00de2503) lw      a0, 13(t3)
core   0: 3 0x80002550 (0x00de2503) x10 0xfcfdfeff mem 0x80010544
core   0: 0x80002554 (0x021276b3) remu    a3, tp, ra
core   0: 3 0x80002554 (0x021276b3) x13 0x00000000
core   0: 0x80002558 (0x02e26413) ori     s0, tp, 46
core   0: 3 0x80002558 (0x02e26413) x 8 0xfffffffe
core   0: 0x8000255c (0x6dd370b7) lui     ra, 0x6dd37
core   0: 3 0x8000255c (0x6dd370b7) x 1 0x6dd37000
core   0: 0x80002560 (0x005e2403) lw      s0, 5(t3)
core   0: 3 0x80002560 (0x005e2403) x 8 0xffecf6f7 mem 0x8001053c
core   0: 0x80002564 (0x02824b33) div     s6, tp, s0
core   0: 3 0x80002564 (0x02824b33) x22 0x00000000
core   0: 0x80002568 (0x000000fa) c.slli  ra, 30
core   0: 3 0x80002568 (0x00fa) x 1 0x00000000
core   0: 0x8000256a (0x00147b33) and     s6, s0, ra
core   0: 3 0x8000256a (0x00147b33) x22 0x00000000
core   0: 0x8000256e (0xffee0503) lb      a0, -2(t3)
core   0: 3 0x8000256e (0xffee0503) x10 0xffffffee mem 0x80010535
core   0: 0x80002572 (0x40a25b33) sra     s6, tp, a0
core   0: 3 0x80002572 (0x40a25b33) x22 0xffffffff
core   0: 0x80002576 (0xff9e1503) lh      a0, -7(t3)
core   0: 3 0x80002576 (0xff9e1503) x10 0xffffeaeb mem 0x80010530
core   0: 0x8000257a (0x02109233) mulh    tp, ra, ra
core   0: 3 0x8000257a (0x02109233) x 4 0x00000000
core   0: 0x8000257e (0xffde2b03) lw      s6, -3(t3)
core   0: 3 0x8000257e (0xffde2b03) x22 0xecedeeef mem 0x80010534
core   0: 0x80002582 (0xc05b3b17) auipc   s6, 0xc05b3
core   0: 3 0x80002582 (0xc05b3b17) x22 0x405b5582
core   0: 0x80002586 (0x004e0823) sb      tp, 16(t3)
core   0: 3 0x80002586 (0x004e0823) mem 0x80010547 0x0
core   0: 0x8000258a (0xff6e0e23) sb      s6, -4(t3)
core   0: 3 0x8000258a (0xff6e0e23) mem 0x80010533 0x82
core   0: 0x8000258e (0x004e0023) sb      tp, 0(t3)
core   0: 3 0x8000258e (0x004e0023) mem 0x80010537 0x0
core   0: 0x80002592 (0xfe4e0e23) sb      tp, -4(t3)
core   0: 3 0x80002592 (0xfe4e0e23) mem 0x80010533 0x0
core   0: 0x80002596 (0x02d08b33) mul     s6, ra, a3
core   0: 3 0x80002596 (0x02d08b33) x22 0x00000000
core   0: 0x8000259a (0xff0e4083) lbu     ra, -16(t3)
core   0: 3 0x8000259a (0xff0e4083) x 1 0x0000008e mem 0x80010527
core   0: 0x8000259e (0x01609233) sll     tp, ra, s6
core   0: 3 0x8000259e (0x01609233) x 4 0x0000008e
core   0: 0x800025a2 (0xff8e0503) lb      a0, -8(t3)
core   0: 3 0x800025a2 (0xff8e0503) x10 0xffffffe4 mem 0x8001052f
core   0: 0x800025a6 (0x009e2403) lw      s0, 9(t3)
core   0: 3 0x800025a6 (0x009e2403) x 8 0xf8f9fafb mem 0x80010540
core   0: 0x800025aa (0xff0e4403) lbu     s0, -16(t3)
core   0: 3 0x800025aa (0xff0e4403) x 8 0x0000008e mem 0x80010527
core   0: 0x800025ae (0x005e1b03) lh      s6, 5(t3)
core   0: 3 0x800025ae (0x005e1b03) x22 0xfffff6f7 mem 0x8001053c
core   0: 0x800025b2 (0x0000ef17) auipc   t5, 0xe
core   0: 3 0x800025b2 (0x0000ef17) x30 0x800105b2
core   0: 0x800025b6 (0x421f0f13) addi    t5, t5, 1057
core   0: 3 0x800025b6 (0x421f0f13) x30 0x800109d3
core   0: 0x800025ba (0x00012c17) auipc   s8, 0x12
core   0: 3 0x800025ba (0x00012c17) x24 0x800145ba
core   0: 0x800025be (0x78cc0c13) addi    s8, s8, 1932
core   0: 3 0x800025be (0x78cc0c13) x24 0x80014d46
core   0: 0x800025c2 (0xff4f0303) lb      t1, -12(t5)
core   0: 3 0x800025c2 (0xff4f0303) x 6 0x0000007c mem 0x800109c7
core   0: 0x800025c6 (0x007f4803) lbu     a6, 7(t5)
core   0: 3 0x800025c6 (0x007f4803) x16 0x00000091 mem 0x800109da
core   0: 0x800025ca (0xffbf1683) lh      a3, -5(t5)
core   0: 3 0x800025ca (0xffbf1683) x13 0xffff8485 mem 0x800109ce
core   0: 0x800025ce (0x09ac2a83) lw      s5, 154(s8)
core   0: 3 0x800025ce (0x09ac2a83) x21 0x98999a9b mem 0x80014de0
core   0: 0x800025d2 (0xff7f4d03) lbu     s10, -9(t5)
core   0: 3 0x800025d2 (0xff7f4d03) x26 0x00000081 mem 0x800109ca
core   0: 0x800025d6 (0xf8cc4903) lbu     s2, -116(s8)
core   0: 3 0x800025d6 (0xf8cc4903) x18 0x00000089 mem 0x80014cd2
core   0: 0x800025da (0xfbcc0783) lb      a5, -68(s8)
core   0: 3 0x800025da (0xfbcc0783) x15 0xffffffb9 mem 0x80014d02
core   0: 0x800025de (0x00df1783) lh      a5, 13(t5)
core   0: 3 0x800025de (0x00df1783) x15 0xffff9a9b mem 0x800109e0
core   0: 0x800025e2 (0xff7f4d03) lbu     s10, -9(t5)
core   0: 3 0x800025e2 (0xff7f4d03) x26 0x00000081 mem 0x800109ca
core   0: 0x800025e6 (0x03ec5883) lhu     a7, 62(s8)
core   0: 3 0x800025e6 (0x03ec5883) x17 0x00003e3f mem 0x80014d84
core   0: 0x800025ea (0x004f4203) lbu     tp, 4(t5)
core   0: 3 0x800025ea (0x004f4203) x 4 0x0000008c mem 0x800109d7
core   0: 0x800025ee (0xffaf0923) sb      s10, -14(t5)
core   0: 3 0x800025ee (0xffaf0923) mem 0x800109c5 0x81
core   0: 0x800025f2 (0xff5c0ba3) sb      s5, -9(s8)
core   0: 3 0x800025f2 (0xff5c0ba3) mem 0x80014d3d 0x9b
core   0: 0x800025f6 (0xffdc0083) lb      ra, -3(s8)
core   0: 3 0x800025f6 (0xffdc0083) x 1 0xfffffff8 mem 0x80014d43
core   0: 0x800025fa (0xffbf5883) lhu     a7, -5(t5)
core   0: 3 0x800025fa (0xffbf5883) x17 0x00008485 mem 0x800109ce
core   0: 0x800025fe (0xfdbc0703) lb      a4, -37(s8)
core   0: 3 0x800025fe (0xfdbc0703) x14 0xffffffda mem 0x80014d21
core   0: 0x80002602 (0xffff0d03) lb      s10, -1(t5)
core   0: 3 0x80002602 (0xffff0d03) x26 0xffffff89 mem 0x800109d2
core   0: 0x80002606 (0xfeac5703) lhu     a4, -22(s8)
core   0: 3 0x80002606 (0xfeac5703) x14 0x0000eaeb mem 0x80014d30
core   0: 0x8000260a (0x03a000ef) jal     pc + 0x3a
core   0: 3 0x8000260a (0x03a000ef) x 1 0x8000260e
core   0: 0x80002644 (0xfddff2ef) jal     t0, pc - 0x24
core   0: 3 0x80002644 (0xfddff2ef) x 5 0x80002648
core   0: 0x80002620 (0x00002811) c.jal   pc + 20
core   0: 3 0x80002620 (0x2811) x 1 0x80002622
core   0: 0x80002634 (0x00003fc5) c.jal   pc - 16
core   0: 3 0x80002634 (0x3fc5) x 1 0x80002636
core   0: 0x80002624 (0x016000ef) jal     pc + 0x16
core   0: 3 0x80002624 (0x016000ef) x 1 0x80002628
core   0: 0x8000263a (0xfefff0ef) jal     pc - 0x12
core   0: 3 0x8000263a (0xfefff0ef) x 1 0x8000263e
core   0: 0x80002628 (0x004002ef) jal     t0, pc + 0x4
core   0: 3 0x80002628 (0x004002ef) x 5 0x8000262c
core   0: 0x8000262c (0x012000ef) jal     pc + 0x12
core   0: 3 0x8000262c (0x012000ef) x 1 0x80002630
core   0: 0x8000263e (0xfe5ff96f) jal     s2, pc - 0x1c
core   0: 3 0x8000263e (0xfe5ff96f) x18 0x80002642
core   0: 0x80002622 (0x00002811) c.jal   pc + 20
core   0: 3 0x80002622 (0x2811) x 1 0x80002624
core   0: 0x80002636 (0x00c002ef) jal     t0, pc + 0xc
core   0: 3 0x80002636 (0x00c002ef) x 5 0x8000263a
core   0: 0x80002642 (0x00003fe1) c.jal   pc - 40
core   0: 3 0x80002642 (0x3fe1) x 1 0x80002644
core   0: 0x8000261a (0x00002009) c.jal   pc + 2
core   0: 3 0x8000261a (0x2009) x 1 0x8000261c
core   0: 0x8000261c (0xff5ff0ef) jal     pc - 0xc
core   0: 3 0x8000261c (0xff5ff0ef) x 1 0x80002620
core   0: 0x80002610 (0x040008ef) jal     a7, pc + 0x40
core   0: 3 0x80002610 (0x040008ef) x17 0x80002614
core   0: 0x80002650 (0x00003fe5) c.jal   pc - 8
core   0: 3 0x80002650 (0x3fe5) x 1 0x80002652
core   0: 0x80002648 (0xfc7ff46f) jal     s0, pc - 0x3a
core   0: 3 0x80002648 (0xfc7ff46f) x 8 0x8000264c
core   0: 0x8000260e (0x00002021) c.jal   pc + 8
core   0: 3 0x8000260e (0x2021) x 1 0x80002610
core   0: 0x80002616 (0x0000a81d) c.j     pc + 54
core   0: 3 0x80002616 (0xa81d)
core   0: 0x8000264c (0xfe5ff36f) jal     t1, pc - 0x1c
core   0: 3 0x8000264c (0xfe5ff36f) x 6 0x80002650
core   0: 0x80002630 (0xfe9ff56f) jal     a0, pc - 0x18
core   0: 3 0x80002630 (0xfe9ff56f) x10 0x80002634
core   0: 0x80002618 (0x0000bff5) c.j     pc - 4
core   0: 3 0x80002618 (0xbff5)
core   0: 0x80002614 (0x0000a83d) c.j     pc + 62
core   0: 3 0x80002614 (0xa83d)
core   0: 0x80002652 (0x002278b3) and     a7, tp, sp
core   0: 3 0x80002652 (0x002278b3) x17 0x00000084
core   0: 0x80002656 (0x00012517) auipc   a0, 0x12
core   0: 3 0x80002656 (0x00012517) x10 0x80014656
core   0: 0x8000265a (0xeb250513) addi    a0, a0, -334
core   0: 3 0x8000265a (0xeb250513) x10 0x80014508
core   0: 0x8000265e (0x00008412) c.mv    s0, tp
core   0: 3 0x8000265e (0x8412) x 8 0x0000008c
core   0: 0x80002660 (0x406e04b3) sub     s1, t3, t1
core   0: 3 0x80002660 (0x406e04b3) x 9 0x0000dee7
core   0: 0x80002664 (0x00006185) c.lui   gp, 0x1
core   0: 3 0x80002664 (0x6185) x 3 0x00001000
core   0: 0x80002666 (0x00008fd9) c.or    a5, a4
core   0: 3 0x80002666 (0x8fd9) x15 0xfffffafb
core   0: 0x80002668 (0xc2432213) slti    tp, t1, -988
core   0: 3 0x80002668 (0xc2432213) x 4 0x00000001
core   0: 0x8000266c (0x0d250003) lb      zero, 210(a0)
core   0: 3 0x8000266c (0x0d250003) mem 0x800145da
core   0: 0x80002670 (0x0136c933) xor     s2, a3, s3
core   0: 3 0x80002670 (0x0136c933) x18 0xffff8493
core   0: 0x80002674 (0x00000001) c.nop
core   0: 3 0x80002674 (0x0001)
core   0: 0x80002676 (0x00008c09) c.sub   s0, a0
core   0: 3 0x80002676 (0x8c09) x 8 0x7ffebb84
core   0: 0x80002678 (0x00000001) c.nop
core   0: 3 0x80002678 (0x0001)
core   0: 0x8000267a (0xf2055b03) lhu     s6, -224(a0)
core   0: 3 0x8000267a (0xf2055b03) x22 0x0000e2e3 mem 0x80014428
core   0: 0x8000267e (0x00000001) c.nop
core   0: 3 0x8000267e (0x0001)
core   0: 0x80002680 (0x031a9833) mulh    a6, s5, a7
core   0: 3 0x80002680 (0x031a9833) x16 0xffffffca
core   0: 0x80002684 (0xe44b6b37) lui     s6, 0xe44b6
core   0: 3 0x80002684 (0xe44b6b37) x22 0xe44b6000
core   0: 0x80002688 (0x0ff0000f) fence   iorw,iorw
core   0: 3 0x80002688 (0x0ff0000f)
core   0: 0x8000268c (0xf34503a3) sb      s4, -217(a0)
core   0: 3 0x8000268c (0xf34503a3) mem 0x8001442f 0x64
core   0: 0x80002690 (0x83906713) ori     a4, zero, -1991
core   0: 3 0x80002690 (0x83906713) x14 0xfffff839
core   0: 0x80002694 (0x03ed81b3) mul     gp, s11, t5
core   0: 3 0x80002694 (0x03ed81b3) x 3 0x00000000
core   0: 0x80002698 (0xf6f50ea3) sb      a5, -131(a0)
core   0: 3 0x80002698 (0xf6f50ea3) mem 0x80014485 0xfb
core   0: 0x8000269c (0x81198813) addi    a6, s3, -2031
core   0: 3 0x8000269c (0x81198813) x16 0xfffff827
core   0: 0x800026a0 (0x0fe50c03) lb      s8, 254(a0)
core   0: 3 0x800026a0 (0x0fe50c03) x24 0xffffffbd mem 0x80014606
core   0: 0x800026a4 (0x09d51023) sh      t4, 128(a0)
core   0: 3 0x800026a4 (0x09d51023) mem 0x80014588 0x000a
core   0: 0x800026a8 (0x0c754203) lbu     tp, 199(a0)
core   0: 3 0x800026a8 (0x0c754203) x 4 0x00000084 mem 0x800145cf
core   0: 0x800026ac (0xf0255183) lhu     gp, -254(a0)
core   0: 3 0x800026ac (0xf0255183) x 3 0x0000c0c1 mem 0x8001440a
core   0: 0x800026b0 (0x030c48b3) div     a7, s8, a6
core   0: 3 0x800026b0 (0x030c48b3) x17 0x00000000
core   0: 0x800026b4 (0xf0b500a3) sb      a1, -255(a0)
core   0: 3 0x800026b4 (0xf0b500a3) mem 0x80014409 0x0
core   0: 0x800026b8 (0x02d351b3) divu    gp, t1, a3
core   0: 3 0x800026b8 (0x02d351b3) x 3 0x00000000
core   0: 0x800026bc (0x0306a333) mulhsu  t1, a3, a6
core   0: 3 0x800026bc (0x0306a333) x 6 0xffff8485
core   0: 0x800026c0 (0x66e6e793) ori     a5, a3, 1646
core   0: 3 0x800026c0 (0x66e6e793) x15 0xffff86ef
core   0: 0x800026c4 (0x03b54333) div     t1, a0, s11
core   0: 3 0x800026c4 (0x03b54333) x 6 0xffffffff
core   0: 0x800026c8 (0x03419333) mulh    t1, gp, s4
core   0: 3 0x800026c8 (0x03419333) x 6 0x00000000
core   0: 0x800026cc (0x016a8eb3) add     t4, s5, s6
core   0: 3 0x800026cc (0x016a8eb3) x29 0x7ce4fa9b
core   0: 0x800026d0 (0x000006c9) c.addi  a3, 18
core   0: 3 0x800026d0 (0x06c9) x13 0xffff8497
core   0: 0x800026d2 (0x00862db3) slt     s11, a2, s0
core   0: 3 0x800026d2 (0x00862db3) x27 0x00000001
core   0: 0x800026d6 (0x09154d83) lbu     s11, 145(a0)
core   0: 3 0x800026d6 (0x09154d83) x27 0x00000052 mem 0x80014599
core   0: 0x800026da (0x04d500a3) sb      a3, 65(a0)
core   0: 3 0x800026da (0x04d500a3) mem 0x80014549 0x97
core   0: 0x800026de (0x016505a3) sb      s6, 11(a0)
core   0: 3 0x800026de (0x016505a3) mem 0x80014513 0x0
core   0: 0x800026e2 (0x05750ea3) sb      s7, 93(a0)
core   0: 3 0x800026e2 (0x05750ea3) mem 0x80014565 0x0
core   0: 0x800026e6 (0x00000001) c.nop
core   0: 3 0x800026e6 (0x0001)
core   0: 0x800026e8 (0x4b5dc293) xori    t0, s11, 1205
core   0: 3 0x800026e8 (0x4b5dc293) x 5 0x000004e7
core   0: 0x800026ec (0x00008859) c.andi  s0, 22
core   0: 3 0x800026ec (0x8859) x 8 0x00000004
core   0: 0x800026ee (0x0d855383) lhu     t2, 216(a0)
core   0: 3 0x800026ee (0x0d855383) x 7 0x00009a9b mem 0x800145e0
core   0: 0x800026f2 (0x032000ef) jal     pc + 0x32
core   0: 3 0x800026f2 (0x032000ef) x 1 0x800026f6
core   0: 0x80002724 (0x0000bfd9) c.j     pc - 42
core   0: 3 0x80002724 (0xbfd9)
core   0: 0x800026fa (0x03c000ef) jal     pc + 0x3c
core   0: 3 0x800026fa (0x03c000ef) x 1 0x800026fe
core   0: 0x80002736 (0xfcfff3ef) jal     t2, pc - 0x32
core   0: 3 0x80002736 (0xfcfff3ef) x 7 0x8000273a
core   0: 0x80002704 (0x0360036f) jal     t1, pc + 0x36
core   0: 3 0x80002704 (0x0360036f) x 6 0x80002708
core   0: 0x8000273a (0xfe7ff0ef) jal     pc - 0x1a
core   0: 3 0x8000273a (0xfe7ff0ef) x 1 0x8000273e
core   0: 0x80002720 (0x0140056f) jal     a0, pc + 0x14
core   0: 3 0x80002720 (0x0140056f) x10 0x80002724
core   0: 0x80002734 (0x000037dd) c.jal   pc - 26
core   0: 3 0x80002734 (0x37dd) x 1 0x80002736
core   0: 0x8000271a (0x0000bfed) c.j     pc - 6
core   0: 3 0x8000271a (0xbfed)
core   0: 0x80002714 (0x0000202d) c.jal   pc + 42
core   0: 3 0x80002714 (0x202d) x 1 0x80002716
core   0: 0x8000273e (0x00003fc5) c.jal   pc - 16
core   0: 3 0x8000273e (0x3fc5) x 1 0x80002740
core   0: 0x8000272e (0xff1ff0ef) jal     pc - 0x10
core   0: 3 0x8000272e (0xff1ff0ef) x 1 0x80002732
core   0: 0x8000271e (0x000037fd) c.jal   pc - 18
core   0: 3 0x8000271e (0x37fd) x 1 0x80002720
core   0: 0x8000270c (0xfedff56f) jal     a0, pc - 0x14
core   0: 3 0x8000270c (0xfedff56f) x10 0x80002710
core   0: 0x800026f8 (0x0000a839) c.j     pc + 30
core   0: 3 0x800026f8 (0xa839)
core   0: 0x80002716 (0x014000ef) jal     pc + 0x14
core   0: 3 0x80002716 (0x014000ef) x 1 0x8000271a
core   0: 0x8000272a (0xfd9ff0ef) jal     pc - 0x28
core   0: 3 0x8000272a (0xfd9ff0ef) x 1 0x8000272e
core   0: 0x80002702 (0x00002021) c.jal   pc + 8
core   0: 3 0x80002702 (0x2021) x 1 0x80002704
core   0: 0x8000270a (0x00003fdd) c.jal   pc - 10
core   0: 3 0x8000270a (0x3fdd) x 1 0x8000270c
core   0: 0x80002700 (0x0000a021) c.j     pc + 8
core   0: 3 0x80002700 (0xa021)
core   0: 0x80002708 (0x00002029) c.jal   pc + 10
core   0: 3 0x80002708 (0x2029) x 1 0x8000270a
core   0: 0x80002712 (0x0000b7d5) c.j     pc - 28
core   0: 3 0x80002712 (0xb7d5)
core   0: 0x800026f6 (0x0000a021) c.j     pc + 8
core   0: 3 0x800026f6 (0xa021)
core   0: 0x800026fe (0x0000a025) c.j     pc + 40
core   0: 3 0x800026fe (0xa025)
core   0: 0x80002726 (0xfebfff6f) jal     t5, pc - 0x16
core   0: 3 0x80002726 (0xfebfff6f) x30 0x8000272a
core   0: 0x80002710 (0x0000200d) c.jal   pc + 34
core   0: 3 0x80002710 (0x200d) x 1 0x80002712
core   0: 0x80002732 (0x000037ed) c.jal   pc - 22
core   0: 3 0x80002732 (0x37ed) x 1 0x80002734
core   0: 0x8000271c (0x00002015) c.jal   pc + 36
core   0: 3 0x8000271c (0x2015) x 1 0x8000271e
core   0: 0x80002740 (0x026c0033) mul     zero, s8, t1
core   0: 3 0x80002740 (0x026c0033)
core   0: 0x80002744 (0x00017917) auipc   s2, 0x17
core   0: 3 0x80002744 (0x00017917) x18 0x80019744
core   0: 0x80002748 (0xa4e90913) addi    s2, s2, -1458
core   0: 3 0x80002748 (0xa4e90913) x18 0x80019192
core   0: 0x8000274c (0x625194b7) lui     s1, 0x62519
core   0: 3 0x8000274c (0x625194b7) x 9 0x62519000
core   0: 0x80002750 (0x00000001) c.nop
core   0: 3 0x80002750 (0x0001)
core   0: 0x80002752 (0x02c95403) lhu     s0, 44(s2)
core   0: 3 0x80002752 (0x02c95403) x 8 0x00007475 mem 0x800191be
core   0: 0x80002756 (0x03cf8fb3) mul     t6, t6, t3
core   0: 3 0x80002756 (0x03cf8fb3) x31 0x00bdc9f6
core   0: 0x8000275a (0x00000001) c.nop
core   0: 3 0x8000275a (0x0001)
core   0: 0x8000275c (0x00000001) c.nop
core   0: 3 0x8000275c (0x0001)
core   0: 0x8000275e (0xfee92e03) lw      t3, -18(s2)
core   0: 3 0x8000275e (0xfee92e03) x28 0x38393a3b mem 0x80019180
core   0: 0x80002762 (0x00009ffe) c.add   t6, t6
core   0: 3 0x80002762 (0x9ffe) x31 0x017b93ec
core   0: 0x80002764 (0xfed90403) lb      s0, -19(s2)
core   0: 3 0x80002764 (0xfed90403) x 8 0x00000034 mem 0x8001917f
core   0: 0x80002768 (0x0ff0000f) fence   iorw,iorw
core   0: 3 0x80002768 (0x0ff0000f)
core   0: 0x8000276c (0x00d4de33) srl     t3, s1, a3
core   0: 3 0x8000276c (0x00d4de33) x28 0x000000c4
core   0: 0x80002770 (0x03a94483) lbu     s1, 58(s2)
core   0: 3 0x80002770 (0x03a94483) x 9 0x00000087 mem 0x800191cc
core   0: 0x80002774 (0x02790403) lb      s0, 39(s2)
core   0: 3 0x80002774 (0x02790403) x 8 0x00000072 mem 0x800191b9
core   0: 0x80002778 (0x00dfcfb3) xor     t6, t6, a3
core   0: 3 0x80002778 (0x00dfcfb3) x31 0xfe84177b
core   0: 0x8000277c (0x0000987d) c.andi  s0, -1
core   0: 3 0x8000277c (0x987d) x 8 0x00000072
core   0: 0x8000277e (0x00890323) sb      s0, 6(s2)
core   0: 3 0x8000277e (0x00890323) mem 0x80019198 0x72
core   0: 0x80002782 (0x85943f93) sltiu   t6, s0, -1959
core   0: 3 0x80002782 (0x85943f93) x31 0x00000001
core   0: 0x80002786 (0x0000100f) fence.i
core   0: 3 0x80002786 (0x0000100f)
core   0: 0x8000278a (0xfe291403) lh      s0, -30(s2)
core   0: 3 0x8000278a (0xfe291403) x 8 0x00002e2f mem 0x80019174
core   0: 0x8000278e (0xd5cfa693) slti    a3, t6, -676
core   0: 3 0x8000278e (0xd5cfa693) x13 0x00000000
core   0: 0x80002792 (0x000080c1) c.srli  s1, 16
core   0: 3 0x80002792 (0x80c1) x 9 0x00000000
core   0: 0x80002794 (0x02991723) sh      s1, 46(s2)
core   0: 3 0x80002794 (0x02991723) mem 0x800191c0 0x0000
core   0: 0x80002798 (0xfc994f83) lbu     t6, -55(s2)
core   0: 3 0x80002798 (0xfc994f83) x31 0x00000010 mem 0x8001915b
core   0: 0x8000279c (0x0294ac33) mulhsu  s8, s1, s1
core   0: 3 0x8000279c (0x0294ac33) x24 0x00000000
core   0: 0x800027a0 (0xfff90c03) lb      s8, -1(s2)
core   0: 3 0x800027a0 (0xfff90c03) x24 0x0000004a mem 0x80019191
core   0: 0x800027a4 (0x0000100f) fence.i
core   0: 3 0x800027a4 (0x0000100f)
core   0: 0x800027a8 (0xfd490c03) lb      s8, -44(s2)
core   0: 3 0x800027a8 (0xfd490c03) x24 0x0000001d mem 0x80019166
core   0: 0x800027ac (0x02794403) lbu     s0, 39(s2)
core   0: 3 0x800027ac (0x02794403) x 8 0x00000072 mem 0x800191b9
core   0: 0x800027b0 (0xffe94683) lbu     a3, -2(s2)
core   0: 3 0x800027b0 (0xffe94683) x13 0x0000004b mem 0x80019190
core   0: 0x800027b4 (0x02194403) lbu     s0, 33(s2)
core   0: 3 0x800027b4 (0x02194403) x 8 0x00000068 mem 0x800191b3
core   0: 0x800027b8 (0xffc94403) lbu     s0, -4(s2)
core   0: 3 0x800027b8 (0xffc94403) x 8 0x00000045 mem 0x8001918e
core   0: 0x800027bc (0x0000e917) auipc   s2, 0xe
core   0: 3 0x800027bc (0x0000e917) x18 0x800107bc
core   0: 0x800027c0 (0xae490913) addi    s2, s2, -1308
core   0: 3 0x800027c0 (0xae490913) x18 0x800102a0
core   0: 0x800027c4 (0x0000ec17) auipc   s8, 0xe
core   0: 3 0x800027c4 (0x0000ec17) x24 0x800107c4
core   0: 0x800027c8 (0x337c0c13) addi    s8, s8, 823
core   0: 3 0x800027c8 (0x337c0c13) x24 0x80010afb
core   0: 0x800027cc (0x0000e897) auipc   a7, 0xe
core   0: 3 0x800027cc (0x0000e897) x17 0x800107cc
core   0: 0x800027d0 (0xd1b88893) addi    a7, a7, -741
core   0: 3 0x800027d0 (0xd1b88893) x17 0x800104e7
core   0: 0x800027d4 (0xff894403) lbu     s0, -8(s2)
core   0: 3 0x800027d4 (0xff894403) x 8 0x00000053 mem 0x80010298
core   0: 0x800027d8 (0x00790183) lb      gp, 7(s2)
core   0: 3 0x800027d8 (0x00790183) x 3 0x0000005c mem 0x800102a7
core   0: 0x800027dc (0x0000e297) auipc   t0, 0xe
core   0: 3 0x800027dc (0x0000e297) x 5 0x800107dc
core   0: 0x800027e0 (0x95328293) addi    t0, t0, -1709
core   0: 3 0x800027e0 (0x95328293) x 5 0x8001012f
core   0: 0x800027e4 (0x0000e797) auipc   a5, 0xe
core   0: 3 0x800027e4 (0x0000e797) x15 0x800107e4
core   0: 0x800027e8 (0x49f78793) addi    a5, a5, 1183
core   0: 3 0x800027e8 (0x49f78793) x15 0x80010c83
core   0: 0x800027ec (0x049c2183) lw      gp, 73(s8)
core   0: 3 0x800027ec (0x049c2183) x 3 0xfcfdfeff mem 0x80010b44
core   0: 0x800027f0 (0xff978183) lb      gp, -7(a5)
core   0: 3 0x800027f0 (0xff978183) x 3 0x00000037 mem 0x80010c7c
core   0: 0x800027f4 (0x0c988f03) lb      t5, 201(a7)
core   0: 3 0x800027f4 (0x0c988f03) x30 0x0000006b mem 0x800105b0
core   0: 0x800027f8 (0x00d94383) lbu     t2, 13(s2)
core   0: 3 0x800027f8 (0x00d94383) x 7 0x00000066 mem 0x800102ad
core   0: 0x800027fc (0x00578c83) lb      s9, 5(a5)
core   0: 3 0x800027fc (0x00578c83) x25 0x00000043 mem 0x80010c88
core   0: 0x80002800 (0xf37c0f03) lb      t5, -201(s8)
core   0: 3 0x80002800 (0xf37c0f03) x30 0xffffffe9 mem 0x80010a32
core   0: 0x80002804 (0xf4c8cf83) lbu     t6, -180(a7)
core   0: 3 0x80002804 (0xf4c8cf83) x31 0x000000e8 mem 0x80010433
core   0: 0x80002808 (0xfdf79803) lh      a6, -33(a5)
core   0: 3 0x80002808 (0xfdf79803) x16 0x00001819 mem 0x80010c62
core   0: 0x8000280c (0xfea28e83) lb      t4, -22(t0)
core   0: 3 0x8000280c (0xfea28e83) x29 0xffffffd2 mem 0x80010119
core   0: 0x80002810 (0xffd94003) lbu     zero, -3(s2)
core   0: 3 0x80002810 (0xffd94003) mem 0x8001029d
core   0: 0x80002814 (0xfe17c703) lbu     a4, -31(a5)
core   0: 3 0x80002814 (0xfe17c703) x14 0x0000001f mem 0x80010c64
core   0: 0x80002818 (0x011287a3) sb      a7, 15(t0)
core   0: 3 0x80002818 (0x011287a3) mem 0x8001013e 0xe7
core   0: 0x8000281c (0xf24891a3) sh      tp, -221(a7)
core   0: 3 0x8000281c (0xf24891a3) mem 0x8001040a 0x0084
core   0: 0x80002820 (0xfc1789a3) sb      ra, -45(a5)
core   0: 3 0x80002820 (0xfc1789a3) mem 0x80010c56 0x1e
core   0: 0x80002824 (0x0cdc0a23) sb      a3, 212(s8)
core   0: 3 0x80002824 (0x0cdc0a23) mem 0x80010bcf 0x4b
core   0: 0x80002828 (0x0cd8cf03) lbu     t5, 205(a7)
core   0: 3 0x80002828 (0x0cd8cf03) x30 0x0000006f mem 0x800105b4
core   0: 0x8000282c (0x00f293a3) sh      a5, 7(t0)
core   0: 3 0x8000282c (0x00f293a3) mem 0x80010136 0x0c83
core   0: 0x80002830 (0xf74c28a3) sw      s4, -143(s8)
core   0: 3 0x80002830 (0xf74c28a3) mem 0x80010a6c 0x80025e64
core   0: 0x80002834 (0xffd291a3) sh      t4, -29(t0)
core   0: 3 0x80002834 (0xffd291a3) mem 0x80010112 0xffd2
core   0: 0x80002838 (0x0fac15a3) sh      s10, 235(s8)
core   0: 3 0x80002838 (0x0fac15a3) mem 0x80010be6 0xff89
core   0: 0x8000283c (0x00f94183) lbu     gp, 15(s2)
core   0: 3 0x8000283c (0x00f94183) x 3 0x00000064 mem 0x800102af
core   0: 0x80002840 (0x05088b83) lb      s7, 80(a7)
core   0: 3 0x80002840 (0x05088b83) x23 0x00000000 mem 0x80010537
core   0: 0x80002844 (0x00bc5b03) lhu     s6, 11(s8)
core   0: 3 0x80002844 (0x00bc5b03) x22 0x0000bcbd mem 0x80010b06
core   0: 0x80002848 (0xffa91d83) lh      s11, -6(s2)
core   0: 3 0x80002848 (0xffa91d83) x27 0x00005051 mem 0x8001029a
core   0: 0x8000284c (0xfa48ce03) lbu     t3, -92(a7)
core   0: 3 0x8000284c (0xfa48ce03) x28 0x00000040 mem 0x8001048b
core   0: 0x80002850 (0x0357db03) lhu     s6, 53(a5)
core   0: 3 0x80002850 (0x0357db03) x22 0x00007273 mem 0x80010cb8
core   0: 0x80002854 (0xfee78b23) sb      a4, -10(a5)
core   0: 3 0x80002854 (0xfee78b23) mem 0x80010c79 0x1f
core   0: 0x80002858 (0xff390b03) lb      s6, -13(s2)
core   0: 3 0x80002858 (0xff390b03) x22 0x00000048 mem 0x80010293
core   0: 0x8000285c (0xfcb79ba3) sh      a1, -41(a5)
core   0: 3 0x8000285c (0xfcb79ba3) mem 0x80010c5a 0x0000
core   0: 0x80002860 (0x042895a3) sh      sp, 75(a7)
core   0: 3 0x80002860 (0x042895a3) mem 0x80010532 0x9ce4
core   0: 0x80002864 (0x072c0403) lb      s0, 114(s8)
core   0: 3 0x80002864 (0x072c0403) x 8 0x00000026 mem 0x80010b6d
core   0: 0x80002868 (0x03228083) lb      ra, 50(t0)
core   0: 3 0x80002868 (0x03228083) x 1 0x0000001a mem 0x80010161
core   0: 0x8000286c (0xf3dc0223) sb      t4, -220(s8)
core   0: 3 0x8000286c (0xf3dc0223) mem 0x80010a1f 0xd2
core   0: 0x80002870 (0x032c4303) lbu     t1, 50(s8)
core   0: 3 0x80002870 (0x032c4303) x 6 0x000000e6 mem 0x80010b2d
core   0: 0x80002874 (0xfa38db03) lhu     s6, -93(a7)
core   0: 3 0x80002874 (0xfa38db03) x22 0x00004041 mem 0x8001048a
core   0: 0x80002878 (0xfe728803) lb      a6, -25(t0)
core   0: 3 0x80002878 (0xfe728803) x16 0xffffffcd mem 0x80010116
core   0: 0x8000287c (0x01a000ef) jal     pc + 0x1a
core   0: 3 0x8000287c (0x01a000ef) x 1 0x80002880
core   0: 0x80002896 (0x0000283d) c.jal   pc + 62
core   0: 3 0x80002896 (0x283d) x 1 0x80002898
core   0: 0x800028d4 (0x0000bfc5) c.j     pc - 16
core   0: 3 0x800028d4 (0xbfc5)
core   0: 0x800028c4 (0xfd7ff0ef) jal     pc - 0x2a
core   0: 3 0x800028c4 (0xfd7ff0ef) x 1 0x800028c8
core   0: 0x8000289a (0xffbff36f) jal     t1, pc - 0x6
core   0: 3 0x8000289a (0xffbff36f) x 6 0x8000289e
core   0: 0x80002894 (0x00002829) c.jal   pc + 26
core   0: 3 0x80002894 (0x2829) x 1 0x80002896
core   0: 0x800028ae (0x00400e6f) jal     t3, pc + 0x4
core   0: 3 0x800028ae (0x00400e6f) x28 0x800028b2
core   0: 0x800028b2 (0xfd3ff0ef) jal     pc - 0x2e
core   0: 3 0x800028b2 (0xfd3ff0ef) x 1 0x800028b6
core   0: 0x80002884 (0x000020b1) c.jal   pc + 76
core   0: 3 0x80002884 (0x20b1) x 1 0x80002886
core   0: 0x800028d0 (0xfdbffcef) jal     s9, pc - 0x26
core   0: 3 0x800028d0 (0xfdbffcef) x25 0x800028d4
core   0: 0x800028aa (0x0160026f) jal     tp, pc + 0x16
core   0: 3 0x800028aa (0x0160026f) x 4 0x800028ae
core   0: 0x800028c0 (0xfd9ff2ef) jal     t0, pc - 0x28
core   0: 3 0x800028c0 (0xfd9ff2ef) x 5 0x800028c4
core   0: 0x80002898 (0x0000b7e5) c.j     pc - 24
core   0: 3 0x80002898 (0xb7e5)
core   0: 0x80002880 (0x01e000ef) jal     pc + 0x1e
core   0: 3 0x80002880 (0x01e000ef) x 1 0x80002884
core   0: 0x8000289e (0x020000ef) jal     pc + 0x20
core   0: 3 0x8000289e (0x020000ef) x 1 0x800028a2
core   0: 0x800028be (0x0000bffd) c.j     pc - 2
core   0: 3 0x800028be (0xbffd)
core   0: 0x800028bc (0x0000b7f5) c.j     pc - 20
core   0: 3 0x800028bc (0xb7f5)
core   0: 0x800028a8 (0x000037e5) c.jal   pc - 24
core   0: 3 0x800028a8 (0x37e5) x 1 0x800028aa
core   0: 0x80002890 (0xffdff46f) jal     s0, pc - 0x4
core   0: 3 0x80002890 (0xffdff46f) x 8 0x80002894
core   0: 0x8000288c (0xffbffdef) jal     s11, pc - 0x6
core   0: 3 0x8000288c (0xffbffdef) x27 0x80002890
core   0: 0x80002886 (0x0300036f) jal     t1, pc + 0x30
core   0: 3 0x80002886 (0x0300036f) x 6 0x8000288a
core   0: 0x800028b6 (0x0000a819) c.j     pc + 22
core   0: 3 0x800028b6 (0xa819)
core   0: 0x800028cc (0xffdff36f) jal     t1, pc - 0x4
core   0: 3 0x800028cc (0xffdff36f) x 6 0x800028d0
core   0: 0x800028c8 (0xfc3ff0ef) jal     pc - 0x3e
core   0: 3 0x800028c8 (0xfc3ff0ef) x 1 0x800028cc
core   0: 0x8000288a (0x00002821) c.jal   pc + 24
core   0: 3 0x8000288a (0x2821) x 1 0x8000288c
core   0: 0x800028a2 (0x00002009) c.jal   pc + 2
core   0: 3 0x800028a2 (0x2009) x 1 0x800028a4
core   0: 0x800028a4 (0x0140056f) jal     a0, pc + 0x14
core   0: 3 0x800028a4 (0x0140056f) x10 0x800028a8
core   0: 0x800028b8 (0x01e0036f) jal     t1, pc + 0x1e
core   0: 3 0x800028b8 (0x01e0036f) x 6 0x800028bc
core   0: 0x800028d6 (0x018b9333) sll     t1, s7, s8
core   0: 3 0x800028d6 (0x018b9333) x 6 0x00000000
core   0: 0x800028da (0x02c000ef) jal     pc + 0x2c
core   0: 3 0x800028da (0x02c000ef) x 1 0x800028de
core   0: 0x80002906 (0x0000b7c5) c.j     pc - 32
core   0: 3 0x80002906 (0xb7c5)
core   0: 0x800028e6 (0x01200bef) jal     s7, pc + 0x12
core   0: 3 0x800028e6 (0x01200bef) x23 0x800028ea
core   0: 0x800028f8 (0x0000bfcd) c.j     pc - 14
core   0: 3 0x800028f8 (0xbfcd)
core   0: 0x800028ea (0x01e0036f) jal     t1, pc + 0x1e
core   0: 3 0x800028ea (0x01e0036f) x 6 0x800028ee
core   0: 0x80002908 (0xfdbff0ef) jal     pc - 0x26
core   0: 3 0x80002908 (0xfdbff0ef) x 1 0x8000290c
core   0: 0x800028e2 (0x0000a821) c.j     pc + 24
core   0: 3 0x800028e2 (0xa821)
core   0: 0x800028fa (0x0000a819) c.j     pc + 22
core   0: 3 0x800028fa (0xa819)
core   0: 0x80002910 (0x0000b7dd) c.j     pc - 26
core   0: 3 0x80002910 (0xb7dd)
core   0: 0x800028f6 (0x0000a831) c.j     pc + 28
core   0: 3 0x800028f6 (0xa831)
core   0: 0x80002912 (0xfebff0ef) jal     pc - 0x16
core   0: 3 0x80002912 (0xfebff0ef) x 1 0x80002916
core   0: 0x800028fc (0x0040036f) jal     t1, pc + 0x4
core   0: 3 0x800028fc (0x0040036f) x 6 0x80002900
core   0: 0x80002900 (0x0000a031) c.j     pc + 12
core   0: 3 0x80002900 (0xa031)
core   0: 0x8000290c (0xfe7ff0ef) jal     pc - 0x1a
core   0: 3 0x8000290c (0xfe7ff0ef) x 1 0x80002910
core   0: 0x800028f2 (0x0000a801) c.j     pc + 16
core   0: 3 0x800028f2 (0xa801)
core   0: 0x80002902 (0xff3ff0ef) jal     pc - 0xe
core   0: 3 0x80002902 (0xff3ff0ef) x 1 0x80002906
core   0: 0x800028f4 (0x0000bfc5) c.j     pc - 16
core   0: 3 0x800028f4 (0xbfc5)
core   0: 0x800028e4 (0x00002029) c.jal   pc + 10
core   0: 3 0x800028e4 (0x2029) x 1 0x800028e6
core   0: 0x800028ee (0x0000a009) c.j     pc + 2
core   0: 3 0x800028ee (0xa009)
core   0: 0x800028f0 (0x0000b7fd) c.j     pc - 18
core   0: 3 0x800028f0 (0xb7fd)
core   0: 0x800028de (0x0380096f) jal     s2, pc + 0x38
core   0: 3 0x800028de (0x0380096f) x18 0x800028e2
core   0: 0x80002916 (0x004000ef) jal     pc + 0x4
core   0: 3 0x80002916 (0x004000ef) x 1 0x8000291a
core   0: 0x8000291a (0x02f628b3) mulhsu  a7, a2, a5
core   0: 3 0x8000291a (0x02f628b3) x17 0x00000006
core   0: 0x8000291e (0x0000e617) auipc   a2, 0xe
core   0: 3 0x8000291e (0x0000e617) x12 0x8001091e
core   0: 0x80002922 (0x82860613) addi    a2, a2, -2008
core   0: 3 0x80002922 (0x82860613) x12 0x80010146
core   0: 0x80002926 (0x00b60483) lb      s1, 11(a2)
core   0: 3 0x80002926 (0x00b60483) x 9 0x0000000a mem 0x80010151
core   0: 0x8000292a (0x00360003) lb      zero, 3(a2)
core   0: 3 0x8000292a (0x00360003) mem 0x80010149
core   0: 0x8000292e (0x00a8fe33) and     t3, a7, a0
core   0: 3 0x8000292e (0x00a8fe33) x28 0x00000000
core   0: 0x80002932 (0x57734413) xori    s0, t1, 1399
core   0: 3 0x80002932 (0x57734413) x 8 0x80002c77
core   0: 0x80002936 (0x02798d33) mul     s10, s3, t2
core   0: 3 0x80002936 (0x02798d33) x26 0x000008c4
core   0: 0x8000293a (0x00cd9e93) slli    t4, s11, 12
core   0: 3 0x8000293a (0x00cd9e93) x29 0x02890000
core   0: 0x8000293e (0x00c60783) lb      a5, 12(a2)
core   0: 3 0x8000293e (0x00c60783) x15 0x00000009 mem 0x80010152
core   0: 0x80002942 (0x012f9cb3) sll     s9, t6, s2
core   0: 3 0x80002942 (0x012f9cb3) x25 0x000003a0
core   0: 0x80002946 (0x00008d4d) c.or    a0, a1
core   0: 3 0x80002946 (0x8d4d) x10 0x800028a8
core   0: 0x80002948 (0x00e60423) sb      a4, 8(a2)
core   0: 3 0x80002948 (0x00e60423) mem 0x8001014e 0x1f
core   0: 0x8000294c (0x373e3537) lui     a0, 0x373e3
core   0: 3 0x8000294c (0x373e3537) x10 0x373e3000
core   0: 0x80002950 (0x01023033) sltu    zero, tp, a6
core   0: 3 0x80002950 (0x01023033)
core   0: 0x80002954 (0xe66b4013) xori    zero, s6, -410
core   0: 3 0x80002954 (0xe66b4013)
core   0: 0x80002958 (0x00a07f33) and     t5, zero, a0
core   0: 3 0x80002958 (0x00a07f33) x30 0x00000000
core   0: 0x8000295c (0x00cf5f13) srli    t5, t5, 12
core   0: 3 0x8000295c (0x00cf5f13) x30 0x00000000
core   0: 0x80002960 (0x00c60883) lb      a7, 12(a2)
core   0: 3 0x80002960 (0x00c60883) x17 0x00000009 mem 0x80010152
core   0: 0x80002964 (0x03340cb3) mul     s9, s0, s3
core   0: 3 0x80002964 (0x03340cb3) x25 0x0003d23a
core   0: 0x80002968 (0x00a65883) lhu     a7, 10(a2)
core   0: 3 0x80002968 (0x00a65883) x17 0x00000a0b mem 0x80010150
core   0: 0x8000296c (0x00008f59) c.or    a4, a4
core   0: 3 0x8000296c (0x8f59) x14 0x0000001f
core   0: 0x8000296e (0x00e64003) lbu     zero, 14(a2)
core   0: 3 0x8000296e (0x00e64003) mem 0x80010154
core   0: 0x80002972 (0x029720b3) mulhsu  ra, a4, s1
core   0: 3 0x80002972 (0x029720b3) x 1 0x00000000
core   0: 0x80002976 (0x00e62203) lw      tp, 14(a2)
core   0: 3 0x80002976 (0x00e62203) x 4 0x0c0d0e0f mem 0x80010154
core   0: 0x8000297a (0x01360723) sb      s3, 14(a2)
core   0: 3 0x8000297a (0x01360723) mem 0x80010154 0x16
core   0: 0x8000297e (0x03ecaab3) mulhsu  s5, s9, t5
core   0: 3 0x8000297e (0x03ecaab3) x21 0x00000000
core   0: 0x80002982 (0xfff60903) lb      s2, -1(a2)
core   0: 3 0x80002982 (0xfff60903) x18 0xfffffffe mem 0x80010145
core   0: 0x80002986 (0xffa65483) lhu     s1, -6(a2)
core   0: 3 0x80002986 (0xffa65483) x 9 0x0000fafb mem 0x80010140
core   0: 0x8000298a (0x01961523) sh      s9, 10(a2)
core   0: 3 0x8000298a (0x01961523) mem 0x80010150 0xd23a
core   0: 0x8000298e (0xcaf9c393) xori    t2, s3, -849
core   0: 3 0x8000298e (0xcaf9c393) x 7 0xfffffcb9
core   0: 0x80002992 (0x029400b3) mul     ra, s0, s1
core   0: 3 0x80002992 (0x029400b3) x 1 0xab97cead
core   0: 0x80002996 (0x03e39733) mulh    a4, t2, t5
core   0: 3 0x80002996 (0x03e39733) x14 0x00000000
core   0: 0x8000299a (0x1bdfc713) xori    a4, t6, 445
core   0: 3 0x8000299a (0x1bdfc713) x14 0x00000155
core   0: 0x8000299e (0x3ce8c197) auipc   gp, 0x3ce8c
core   0: 3 0x8000299e (0x3ce8c197) x 3 0xbce8e99e
core   0: 0x800029a2 (0x0dfdf193) andi    gp, s11, 223
core   0: 3 0x800029a2 (0x0dfdf193) x 3 0x00000090
core   0: 0x800029a6 (0x01065c03) lhu     s8, 16(a2)
core   0: 3 0x800029a6 (0x01065c03) x24 0x00000c0d mem 0x80010156
core   0: 0x800029aa (0x020b6e33) rem     t3, s6, zero
core   0: 3 0x800029aa (0x020b6e33) x28 0x00004041
core   0: 0x800029ae (0x017602a3) sb      s7, 5(a2)
core   0: 3 0x800029ae (0x017602a3) mem 0x8001014b 0xea
core   0: 0x800029b2 (0x00008361) c.srli  a4, 24
core   0: 3 0x800029b2 (0x8361) x14 0x00000000
core   0: 0x800029b4 (0x01860023) sb      s8, 0(a2)
core   0: 3 0x800029b4 (0x01860023) mem 0x80010146 0xd
core   0: 0x800029b8 (0xff3608a3) sb      s3, -15(a2)
core   0: 3 0x800029b8 (0xff3608a3) mem 0x80010137 0x16
core   0: 0x800029bc (0xa0fe6913) ori     s2, t3, -1521
core   0: 3 0x800029bc (0xa0fe6913) x18 0xfffffa4f
core   0: 0x800029c0 (0x00160803) lb      a6, 1(a2)
core   0: 3 0x800029c0 (0x00160803) x16 0xfffffffc mem 0x80010147
core   0: 0x800029c4 (0x000093e6) c.add   t2, s9
core   0: 3 0x800029c4 (0x93e6) x 7 0x0003cef3
core   0: 0x800029c6 (0xff360fa3) sb      s3, -1(a2)
core   0: 3 0x800029c6 (0xff360fa3) mem 0x80010145 0x16
core   0: 0x800029ca (0xffa64283) lbu     t0, -6(a2)
core   0: 3 0x800029ca (0xffa64283) x 5 0x000000fb mem 0x80010140
core   0: 0x800029ce (0x01065703) lhu     a4, 16(a2)
core   0: 3 0x800029ce (0x01065703) x14 0x00000c0d mem 0x80010156
core   0: 0x800029d2 (0x03513f33) mulhu   t5, sp, s5
core   0: 3 0x800029d2 (0x03513f33) x30 0x00000000
core   0: 0x800029d6 (0xff264e03) lbu     t3, -14(a2)
core   0: 3 0x800029d6 (0xff264e03) x28 0x000000f3 mem 0x80010138
core   0: 0x800029da (0xff360383) lb      t2, -13(a2)
core   0: 3 0x800029da (0xff360383) x 7 0x00000049 mem 0x80010139
core   0: 0x800029de (0x0000e797) auipc   a5, 0xe
core   0: 3 0x800029de (0x0000e797) x15 0x800109de
core   0: 0x800029e2 (0xacd78793) addi    a5, a5, -1331
core   0: 3 0x800029e2 (0xacd78793) x15 0x800104ab
core   0: 0x800029e6 (0xf8f7a0a3) sw      a5, -127(a5)
core   0: 3 0x800029e6 (0xf8f7a0a3) mem 0x8001042c 0x800104ab
core   0: 0x800029ea (0xf8f7a0a3) sw      a5, -127(a5)
core   0: 3 0x800029ea (0xf8f7a0a3) mem 0x8001042c 0x800104ab
core   0: 0x800029ee (0x09478d83) lb      s11, 148(a5)
core   0: 3 0x800029ee (0x09478d83) x27 0xffffffff mem 0x8001053f
core   0: 0x800029f2 (0x09478483) lb      s1, 148(a5)
core   0: 3 0x800029f2 (0x09478483) x 9 0xffffffff mem 0x8001053f
core   0: 0x800029f6 (0x404dd333) sra     t1, s11, tp
core   0: 3 0x800029f6 (0x404dd333) x 6 0xffffffff
core   0: 0x800029fa (0x40e58933) sub     s2, a1, a4
core   0: 3 0x800029fa (0x40e58933) x18 0x7ffff3f3
core   0: 0x800029fe (0x0947c503) lbu     a0, 148(a5)
core   0: 3 0x800029fe (0x0947c503) x10 0x000000ff mem 0x8001053f
core   0: 0x80002a02 (0x0947cc03) lbu     s8, 148(a5)
core   0: 3 0x80002a02 (0x0947cc03) x24 0x000000ff mem 0x8001053f
core   0: 0x80002a06 (0x09478d83) lb      s11, 148(a5)
core   0: 3 0x80002a06 (0x09478d83) x27 0xffffffff mem 0x8001053f
core   0: 0x80002a0a (0x0947cb03) lbu     s6, 148(a5)
core   0: 3 0x80002a0a (0x0947cb03) x22 0x000000ff mem 0x8001053f
core   0: 0x80002a0e (0x0384ff33) remu    t5, s1, s8
core   0: 3 0x80002a0e (0x0384ff33) x30 0x00000000
core   0: 0x80002a12 (0x039eab33) mulhsu  s6, t4, s9
core   0: 3 0x80002a12 (0x039eab33) x22 0x000009af
core   0: 0x80002a16 (0x00efacb3) slt     s9, t6, a4
core   0: 3 0x80002a16 (0x00efacb3) x25 0x00000001
core   0: 0x80002a1a (0x09478e83) lb      t4, 148(a5)
core   0: 3 0x80002a1a (0x09478e83) x29 0xffffffff mem 0x8001053f
core   0: 0x80002a1e (0x08478a23) sb      tp, 148(a5)
core   0: 3 0x80002a1e (0x08478a23) mem 0x8001053f 0xf
core   0: 0x80002a22 (0x0947c803) lbu     a6, 148(a5)
core   0: 3 0x80002a22 (0x0947c803) x16 0x0000000f mem 0x8001053f
core   0: 0x80002a26 (0x0947c283) lbu     t0, 148(a5)
core   0: 3 0x80002a26 (0x0947c283) x 5 0x0000000f mem 0x8001053f
core   0: 0x80002a2a (0x00019d17) auipc   s10, 0x19
core   0: 3 0x80002a2a (0x00019d17) x26 0x8001ba2a
core   0: 0x80002a2e (0x4add0d13) addi    s10, s10, 1197
core   0: 3 0x80002a2e (0x4add0d13) x26 0x8001bed7
core   0: 0x80002a32 (0x0000100f) fence.i
core   0: 3 0x80002a32 (0x0000100f)
core   0: 0x80002a36 (0x039d2083) lw      ra, 57(s10)
core   0: 3 0x80002a36 (0x039d2083) x 1 0xc8c9cacb mem 0x8001bf10
core   0: 0x80002a3a (0x009d5d83) lhu     s11, 9(s10)
core   0: 3 0x80002a3a (0x009d5d83) x27 0x00009a9b mem 0x8001bee0
core   0: 0x80002a3e (0x02bd0903) lb      s2, 43(s10)
core   0: 3 0x80002a3e (0x02bd0903) x18 0xffffffb9 mem 0x8001bf02
core   0: 0x80002a42 (0x025d15a3) sh      t0, 43(s10)
core   0: 3 0x80002a42 (0x025d15a3) mem 0x8001bf02 0x000f
core   0: 0x80002a46 (0x022d15a3) sh      sp, 43(s10)
core   0: 3 0x80002a46 (0x022d15a3) mem 0x8001bf02 0x9ce4
core   0: 0x80002a4a (0x03ed15a3) sh      t5, 43(s10)
core   0: 3 0x80002a4a (0x03ed15a3) mem 0x8001bf02 0x0000
core   0: 0x80002a4e (0x032d05a3) sb      s2, 43(s10)
core   0: 3 0x80002a4e (0x032d05a3) mem 0x8001bf02 0xb9
core   0: 0x80002a52 (0x02bd4083) lbu     ra, 43(s10)
core   0: 3 0x80002a52 (0x02bd4083) x 1 0x000000b9 mem 0x8001bf02
core   0: 0x80002a56 (0xfefd00a3) sb      a5, -31(s10)
core   0: 3 0x80002a56 (0xfefd00a3) mem 0x8001beb8 0xab
core   0: 0x80002a5a (0xff2d20a3) sw      s2, -31(s10)
core   0: 3 0x80002a5a (0xff2d20a3) mem 0x8001beb8 0xffffffb9
core   0: 0x80002a5e (0xff5d00a3) sb      s5, -31(s10)
core   0: 3 0x80002a5e (0xff5d00a3) mem 0x8001beb8 0x0
core   0: 0x80002a62 (0xfe1d4f83) lbu     t6, -31(s10)
core   0: 3 0x80002a62 (0xfe1d4f83) x31 0x00000000 mem 0x8001beb8
core   0: 0x80002a66 (0x0000eb97) auipc   s7, 0xe
core   0: 3 0x80002a66 (0x0000eb97) x23 0x80010a66
core   0: 0x80002a6a (0xd07b8b93) addi    s7, s7, -761
core   0: 3 0x80002a6a (0xd07b8b93) x23 0x8001076d
core   0: 0x80002a6e (0x0000ee17) auipc   t3, 0xe
core   0: 3 0x80002a6e (0x0000ee17) x28 0x80010a6e
core   0: 0x80002a72 (0x03ce0e13) addi    t3, t3, 60
core   0: 3 0x80002a72 (0x03ce0e13) x28 0x80010aaa
core   0: 0x80002a76 (0x148b8703) lb      a4, 328(s7)
core   0: 3 0x80002a76 (0x148b8703) x14 0x0000006e mem 0x800108b5
core   0: 0x80002a7a (0x0000df97) auipc   t6, 0xd
core   0: 3 0x80002a7a (0x0000df97) x31 0x8000fa7a
core   0: 0x80002a7e (0x615f8f93) addi    t6, t6, 1557
core   0: 3 0x80002a7e (0x615f8f93) x31 0x8001008f
core   0: 0x80002a82 (0x064f8c83) lb      s9, 100(t6)
core   0: 3 0x80002a82 (0x064f8c83) x25 0xffffffa8 mem 0x800100f3
core   0: 0x80002a86 (0xff2e5003) lhu     zero, -14(t3)
core   0: 3 0x80002a86 (0xff2e5003) mem 0x80010a9c
core   0: 0x80002a8a (0x429b8283) lb      t0, 1065(s7)
core   0: 3 0x80002a8a (0x429b8283) x 5 0x0000004d mem 0x80010b96
core   0: 0x80002a8e (0x57ab8383) lb      t2, 1402(s7)
core   0: 3 0x80002a8e (0x57ab8383) x 7 0xffffff9c mem 0x80010ce7
core   0: 0x80002a92 (0x003e0e83) lb      t4, 3(t3)
core   0: 3 0x80002a92 (0x003e0e83) x29 0x00000066 mem 0x80010aad
core   0: 0x80002a96 (0x592f8223) sb      s2, 1412(t6)
core   0: 3 0x80002a96 (0x592f8223) mem 0x80010613 0xb9
core   0: 0x80002a9a (0x00ae1903) lh      s2, 10(t3)
core   0: 3 0x80002a9a (0x00ae1903) x18 0x00006e6f mem 0x80010ab4
core   0: 0x80002a9e (0x000e5503) lhu     a0, 0(t3)
core   0: 3 0x80002a9e (0x000e5503) x10 0x00006061 mem 0x80010aaa
core   0: 0x80002aa2 (0x29df8983) lb      s3, 669(t6)
core   0: 3 0x80002aa2 (0x29df8983) x19 0xffffffe7 mem 0x8001032c
core   0: 0x80002aa6 (0x939b9503) lh      a0, -1735(s7)
core   0: 3 0x80002aa6 (0x939b9503) x10 0x00005c5d mem 0x800100a6
core   0: 0x80002aaa (0x38bb8ba3) sb      a1, 919(s7)
core   0: 3 0x80002aaa (0x38bb8ba3) mem 0x80010b04 0x0
core   0: 0x80002aae (0x0f8f8483) lb      s1, 248(t6)
core   0: 3 0x80002aae (0x0f8f8483) x 9 0x0000003c mem 0x80010187
core   0: 0x80002ab2 (0xe97bd703) lhu     a4, -361(s7)
core   0: 3 0x80002ab2 (0xe97bd703) x14 0x0000bebf mem 0x80010604
core   0: 0x80002ab6 (0x009e0783) lb      a5, 9(t3)
core   0: 3 0x80002ab6 (0x009e0783) x15 0x00000068 mem 0x80010ab3
core   0: 0x80002aba (0x32df8f23) sb      a3, 830(t6)
core   0: 3 0x80002aba (0x32df8f23) mem 0x800103cd 0x4b
core   0: 0x80002abe (0xff3e0823) sb      s3, -16(t3)
core   0: 3 0x80002abe (0xff3e0823) mem 0x80010a9a 0xe7
core   0: 0x80002ac2 (0xf6eb8523) sb      a4, -150(s7)
core   0: 3 0x80002ac2 (0xf6eb8523) mem 0x800106d7 0xbf
core   0: 0x80002ac6 (0xff5e4c83) lbu     s9, -11(t3)
core   0: 3 0x80002ac6 (0xff5e4c83) x25 0x00000054 mem 0x80010a9f
core   0: 0x80002aca (0xa0eba5a3) sw      a4, -1525(s7)
core   0: 3 0x80002aca (0xa0eba5a3) mem 0x80010178 0x0000bebf
core   0: 0x80002ace (0x000e5303) lhu     t1, 0(t3)
core   0: 3 0x80002ace (0x000e5303) x 6 0x00006061 mem 0x80010aaa
core   0: 0x80002ad2 (0xfb0f8e23) sb      a6, -68(t6)
core   0: 3 0x80002ad2 (0xfb0f8e23) mem 0x8001004b 0xf
core   0: 0x80002ad6 (0x00013b97) auipc   s7, 0x13
core   0: 3 0x80002ad6 (0x00013b97) x23 0x80015ad6
core   0: 0x80002ada (0xd77b8b93) addi    s7, s7, -649
core   0: 3 0x80002ada (0xd77b8b93) x23 0x8001584d
core   0: 0x80002ade (0x0000ec97) auipc   s9, 0xe
core   0: 3 0x80002ade (0x0000ec97) x25 0x80010ade
core   0: 0x80002ae2 (0x96dc8c93) addi    s9, s9, -1683
core   0: 3 0x80002ae2 (0x96dc8c93) x25 0x8001044b
core   0: 0x80002ae6 (0xfebc9003) lh      zero, -21(s9)
core   0: 3 0x80002ae6 (0xfebc9003) mem 0x80010436
core   0: 0x80002aea (0x593b84a3) sb      s3, 1417(s7)
core   0: 3 0x80002aea (0x593b84a3) mem 0x80015dd6 0xe7
core   0: 0x80002aee (0xfc6c8a83) lb      s5, -58(s9)
core   0: 3 0x80002aee (0xfc6c8a83) x21 0xffffffca mem 0x80010411
core   0: 0x80002af2 (0x006cc783) lbu     a5, 6(s9)
core   0: 3 0x80002af2 (0x006cc783) x15 0x0000000a mem 0x80010451
core   0: 0x80002af6 (0xb0bba503) lw      a0, -1269(s7)
core   0: 3 0x80002af6 (0xb0bba503) x10 0x10111213 mem 0x80015358
core   0: 0x80002afa (0x00fc90a3) sh      a5, 1(s9)
core   0: 3 0x80002afa (0x00fc90a3) mem 0x8001044c 0x000a
core   0: 0x80002afe (0x029c9503) lh      a0, 41(s9)
core   0: 3 0x80002afe (0x029c9503) x10 0x00002e2f mem 0x80010474
core   0: 0x80002b02 (0x54abc303) lbu     t1, 1354(s7)
core   0: 3 0x80002b02 (0x54abc303) x 6 0x0000004c mem 0x80015d97
core   0: 0x80002b06 (0xfd2cc003) lbu     zero, -46(s9)
core   0: 3 0x80002b06 (0xfd2cc003) mem 0x8001041d
core   0: 0x80002b0a (0x1b7bdf83) lhu     t6, 439(s7)
core   0: 3 0x80002b0a (0x1b7bdf83) x31 0x0000bebf mem 0x80015a04
core   0: 0x80002b0e (0x747b9b03) lh      s6, 1863(s7)
core   0: 3 0x80002b0e (0x747b9b03) x22 0x00004e4f mem 0x80015f94
core   0: 0x80002b12 (0x017c8f23) sb      s7, 30(s9)
core   0: 3 0x80002b12 (0x017c8f23) mem 0x80010469 0x4d
core   0: 0x80002b16 (0x465b8a23) sb      t0, 1140(s7)
core   0: 3 0x80002b16 (0x465b8a23) mem 0x80015cc1 0x4d
core   0: 0x80002b1a (0x030c90a3) sh      a6, 33(s9)
core   0: 3 0x80002b1a (0x030c90a3) mem 0x8001046c 0x000f
core   0: 0x80002b1e (0xfd1c97a3) sh      a7, -49(s9)
core   0: 3 0x80002b1e (0xfd1c97a3) mem 0x8001041a 0x0a0b
core   0: 0x80002b22 (0x716b8883) lb      a7, 1814(s7)
core   0: 3 0x80002b22 (0x716b8883) x17 0x00000018 mem 0x80015f63
core   0: 0x80002b26 (0xfd2c8783) lb      a5, -46(s9)
core   0: 3 0x80002b26 (0xfd2c8783) x15 0x00000014 mem 0x8001041d
core   0: 0x80002b2a (0xea4bcc03) lbu     s8, -348(s7)
core   0: 3 0x80002b2a (0xea4bcc03) x24 0x000000aa mem 0x800156f1
core   0: 0x80002b2e (0x0001c697) auipc   a3, 0x1c
core   0: 3 0x80002b2e (0x0001c697) x13 0x8001eb2e
core   0: 0x80002b32 (0xf5268693) addi    a3, a3, -174
core   0: 3 0x80002b32 (0xf5268693) x13 0x8001ea80
core   0: 0x80002b36 (0x000098fd) c.andi  s1, -1
core   0: 3 0x80002b36 (0x98fd) x 9 0x0000003c
core   0: 0x80002b38 (0xb8368903) lb      s2, -1149(a3)
core   0: 3 0x80002b38 (0xb8368903) x18 0xffffffb8 mem 0x8001e603
core   0: 0x80002b3c (0x000081be) c.mv    gp, a5
core   0: 3 0x80002b3c (0x81be) x 3 0x00000014
core   0: 0x80002b3e (0x0217d933) divu    s2, a5, ra
core   0: 3 0x80002b3e (0x0217d933) x18 0x00000000
core   0: 0x80002b42 (0x000083d5) c.srli  a5, 21
core   0: 3 0x80002b42 (0x83d5) x15 0x00000000
core   0: 0x80002b44 (0x40b1d793) srai    a5, gp, 11
core   0: 3 0x80002b44 (0x40b1d793) x15 0x00000000
core   0: 0x80002b48 (0xcd76c083) lbu     ra, -809(a3)
core   0: 3 0x80002b48 (0xcd76c083) x 1 0x0000000c mem 0x8001e757
core   0: 0x80002b4c (0x00008906) c.mv    s2, ra
core   0: 3 0x80002b4c (0x8906) x18 0x0000000c
core   0: 0x80002b4e (0x00f97eb3) and     t4, s2, a5
core   0: 3 0x80002b4e (0x00f97eb3) x29 0x00000000
core   0: 0x80002b52 (0x032490b3) mulh    ra, s1, s2
core   0: 3 0x80002b52 (0x032490b3) x 1 0x00000000
core   0: 0x80002b56 (0x403084b3) sub     s1, ra, gp
core   0: 3 0x80002b56 (0x403084b3) x 9 0xffffffec
core   0: 0x80002b5a (0x00008be5) c.andi  a5, 25
core   0: 3 0x80002b5a (0x8be5) x15 0x00000000
core   0: 0x80002b5c (0x7b66de83) lhu     t4, 1974(a3)
core   0: 3 0x80002b5c (0x7b66de83) x29 0x0000eced mem 0x8001f236
core   0: 0x80002b60 (0x00000001) c.nop
core   0: 3 0x80002b60 (0x0001)
core   0: 0x80002b62 (0xbff68183) lb      gp, -1025(a3)
core   0: 3 0x80002b62 (0xbff68183) x 3 0x00000034 mem 0x8001e67f
core   0: 0x80002b66 (0x90b6c783) lbu     a5, -1781(a3)
core   0: 3 0x80002b66 (0x90b6c783) x15 0x00000040 mem 0x8001e38b
core   0: 0x80002b6a (0x94168fa3) sb      ra, -1697(a3)
core   0: 3 0x80002b6a (0x94168fa3) mem 0x8001e3df 0x0
core   0: 0x80002b6e (0x00008fa5) c.xor   a5, s1
core   0: 3 0x80002b6e (0x8fa5) x15 0xffffffac
core   0: 0x80002b70 (0x00008bbd) c.andi  a5, 15
core   0: 3 0x80002b70 (0x8bbd) x15 0x0000000c
core   0: 0x80002b72 (0x7c6801b7) lui     gp, 0x7c680
core   0: 3 0x80002b72 (0x7c6801b7) x 3 0x7c680000
core   0: 0x80002b76 (0x5016ce83) lbu     t4, 1281(a3)
core   0: 3 0x80002b76 (0x5016ce83) x29 0x0000003a mem 0x8001ef81
core   0: 0x80002b7a (0x00008485) c.srai  s1, 1
core   0: 3 0x80002b7a (0x8485) x 9 0xfffffff6
core   0: 0x80002b7c (0x01d97933) and     s2, s2, t4
core   0: 3 0x80002b7c (0x01d97933) x18 0x00000008
core   0: 0x80002b80 (0x01d7b4b3) sltu    s1, a5, t4
core   0: 3 0x80002b80 (0x01d7b4b3) x 9 0x00000001
core   0: 0x80002b84 (0x00008f85) c.sub   a5, s1
core   0: 3 0x80002b84 (0x8f85) x15 0x0000000b
core   0: 0x80002b86 (0x000083b5) c.srli  a5, 13
core   0: 3 0x80002b86 (0x83b5) x15 0x00000000
core   0: 0x80002b88 (0x56197093) andi    ra, s2, 1377
core   0: 3 0x80002b88 (0x56197093) x 1 0x00000000
core   0: 0x80002b8c (0xb5168183) lb      gp, -1199(a3)
core   0: 3 0x80002b8c (0xb5168183) x 3 0xffffff8a mem 0x8001e5d1
core   0: 0x80002b90 (0xac368423) sb      gp, -1336(a3)
core   0: 3 0x80002b90 (0xac368423) mem 0x8001e548 0x8a
core   0: 0x80002b94 (0xe756c483) lbu     s1, -395(a3)
core   0: 3 0x80002b94 (0xe756c483) x 9 0x000000ae mem 0x8001e8f5
core   0: 0x80002b98 (0x401487b3) sub     a5, s1, ra
core   0: 3 0x80002b98 (0x401487b3) x15 0x000000ae
core   0: 0x80002b9c (0x0091f933) and     s2, gp, s1
core   0: 3 0x80002b9c (0x0091f933) x18 0x0000008a
core   0: 0x80002ba0 (0x403080b3) sub     ra, ra, gp
core   0: 3 0x80002ba0 (0x403080b3) x 1 0x00000076
core   0: 0x80002ba4 (0x6460a193) slti    gp, ra, 1606
core   0: 3 0x80002ba4 (0x6460a193) x 3 0x00000001
core   0: 0x80002ba8 (0x16c6a483) lw      s1, 364(a3)
core   0: 3 0x80002ba8 (0x16c6a483) x 9 0xa4a5a6a7 mem 0x8001ebec
core   0: 0x80002bac (0x01d0a1b3) slt     gp, ra, t4
core   0: 3 0x80002bac (0x01d0a1b3) x 3 0x00000000
core   0: 0x80002bb0 (0x157ea913) slti    s2, t4, 343
core   0: 3 0x80002bb0 (0x157ea913) x18 0x00000001
core   0: 0x80002bb4 (0x2fd4a913) slti    s2, s1, 765
core   0: 3 0x80002bb4 (0x2fd4a913) x18 0x00000001
core   0: 0x80002bb8 (0x01d68e83) lb      t4, 29(a3)
core   0: 3 0x80002bb8 (0x01d68e83) x29 0x00000056 mem 0x8001ea9d
core   0: 0x80002bbc (0x03d487b3) mul     a5, s1, t4
core   0: 3 0x80002bbc (0x03d487b3) x15 0x4fa5fc1a
core   0: 0x80002bc0 (0x00f0eeb3) or      t4, ra, a5
core   0: 3 0x80002bc0 (0x00f0eeb3) x29 0x4fa5fc7e
core   0: 0x80002bc4 (0x8c16c183) lbu     gp, -1855(a3)
core   0: 3 0x80002bc4 (0x8c16c183) x 3 0x000000fa mem 0x8001e341
core   0: 0x80002bc8 (0x042000ef) jal     pc + 0x42
core   0: 3 0x80002bc8 (0x042000ef) x 1 0x80002bcc
core   0: 0x80002c0a (0x0000bfe1) c.j     pc - 40
core   0: 3 0x80002c0a (0xbfe1)
core   0: 0x80002be2 (0x0000a819) c.j     pc + 22
core   0: 3 0x80002be2 (0xa819)
core   0: 0x80002bf8 (0x0000a019) c.j     pc + 6
core   0: 3 0x80002bf8 (0xa019)
core   0: 0x80002bfe (0x00e000ef) jal     pc + 0xe
core   0: 3 0x80002bfe (0x00e000ef) x 1 0x80002c02
core   0: 0x80002c0c (0x00003fed) c.jal   pc - 6
core   0: 3 0x80002c0c (0x3fed) x 1 0x80002c0e
core   0: 0x80002c06 (0xfdfff0ef) jal     pc - 0x22
core   0: 3 0x80002c06 (0xfdfff0ef) x 1 0x80002c0a
core   0: 0x80002be4 (0x0000a809) c.j     pc + 18
core   0: 3 0x80002be4 (0xa809)
core   0: 0x80002bf6 (0x000037d5) c.jal   pc - 28
core   0: 3 0x80002bf6 (0x37d5) x 1 0x80002bf8
core   0: 0x80002bda (0x00003fed) c.jal   pc - 6
core   0: 3 0x80002bda (0x3fed) x 1 0x80002bdc
core   0: 0x80002bd4 (0x0000bffd) c.j     pc - 2
core   0: 3 0x80002bd4 (0xbffd)
core   0: 0x80002bd2 (0x0000a00d) c.j     pc + 34
core   0: 3 0x80002bd2 (0xa00d)
core   0: 0x80002bf4 (0x0000a019) c.j     pc + 6
core   0: 3 0x80002bf4 (0xa019)
core   0: 0x80002bfa (0xfd7ff0ef) jal     pc - 0x2a
core   0: 3 0x80002bfa (0xfd7ff0ef) x 1 0x80002bfe
core   0: 0x80002bd0 (0x00002819) c.jal   pc + 22
core   0: 3 0x80002bd0 (0x2819) x 1 0x80002bd2
core   0: 0x80002be6 (0x00800c6f) jal     s8, pc + 0x8
core   0: 3 0x80002be6 (0x00800c6f) x24 0x80002bea
core   0: 0x80002bee (0x01600b6f) jal     s6, pc + 0x16
core   0: 3 0x80002bee (0x01600b6f) x22 0x80002bf2
core   0: 0x80002c04 (0x0000b7fd) c.j     pc - 18
core   0: 3 0x80002c04 (0xb7fd)
core   0: 0x80002bf2 (0x00002801) c.jal   pc + 16
core   0: 3 0x80002bf2 (0x2801) x 1 0x80002bf4
core   0: 0x80002c02 (0x00003ff9) c.jal   pc - 34
core   0: 3 0x80002c02 (0x3ff9) x 1 0x80002c04
core   0: 0x80002be0 (0x0000b7fd) c.j     pc - 18
core   0: 3 0x80002be0 (0xb7fd)
core   0: 0x80002bce (0x0000a029) c.j     pc + 10
core   0: 3 0x80002bce (0xa029)
core   0: 0x80002bd8 (0x00003fd5) c.jal   pc - 12
core   0: 3 0x80002bd8 (0x3fd5) x 1 0x80002bda
core   0: 0x80002bcc (0x0000a029) c.j     pc + 10
core   0: 3 0x80002bcc (0xa029)
core   0: 0x80002bd6 (0x00002811) c.jal   pc + 20
core   0: 3 0x80002bd6 (0x2811) x 1 0x80002bd8
core   0: 0x80002bea (0xff3ff86f) jal     a6, pc - 0xe
core   0: 3 0x80002bea (0xff3ff86f) x16 0x80002bee
core   0: 0x80002bdc (0x0320036f) jal     t1, pc + 0x32
core   0: 3 0x80002bdc (0x0320036f) x 6 0x80002be0
core   0: 0x80002c0e (0x417407b3) sub     a5, s0, s7
core   0: 3 0x80002c0e (0x417407b3) x15 0xfffed42a
core   0: 0x80002c12 (0x0000e617) auipc   a2, 0xe
core   0: 3 0x80002c12 (0x0000e617) x12 0x80010c12
core   0: 0x80002c16 (0x27d60613) addi    a2, a2, 637
core   0: 3 0x80002c16 (0x27d60613) x12 0x80010e8f
core   0: 0x80002c1a (0x00008c85) c.sub   s1, s1
core   0: 3 0x80002c1a (0x8c85) x 9 0x00000000
core   0: 0x80002c1c (0x023288b3) mul     a7, t0, gp
core   0: 3 0x80002c1c (0x023288b3) x17 0x00004b32
core   0: 0x80002c20 (0x02764183) lbu     gp, 39(a2)
core   0: 3 0x80002c20 (0x02764183) x 3 0x0000006d mem 0x80010eb6
core   0: 0x80002c24 (0x05161ca3) sh      a7, 89(a2)
core   0: 3 0x80002c24 (0x05161ca3) mem 0x80010ee8 0x4b32
core   0: 0x80002c28 (0x000098fd) c.andi  s1, -1
core   0: 3 0x80002c28 (0x98fd) x 9 0x00000000
core   0: 0x80002c2a (0x0ca60183) lb      gp, 202(a2)
core   0: 3 0x80002c2a (0x0ca60183) x 3 0x00000012 mem 0x80010f59
core   0: 0x80002c2e (0x02d64683) lbu     a3, 45(a2)
core   0: 3 0x80002c2e (0x02d64683) x13 0x00000077 mem 0x80010ebc
core   0: 0x80002c32 (0xf71626a3) sw      a7, -147(a2)
core   0: 3 0x80002c32 (0xf71626a3) mem 0x80010dfc 0x00004b32
core   0: 0x80002c36 (0x0000100f) fence.i
core   0: 3 0x80002c36 (0x0000100f)
core   0: 0x80002c3a (0x025c41b3) div     gp, s8, t0
core   0: 3 0x80002c3a (0x025c41b3) x 3 0xfe56719c
core   0: 0x80002c3e (0x07660883) lb      a7, 118(a2)
core   0: 3 0x80002c3e (0x07660883) x17 0xffffffbe mem 0x80010f05
core   0: 0x80002c42 (0xfa560123) sb      t0, -94(a2)
core   0: 3 0x80002c42 (0xfa560123) mem 0x80010e31 0x4d
core   0: 0x80002c46 (0x00000001) c.nop
core   0: 3 0x80002c46 (0x0001)
core   0: 0x80002c48 (0xf6d60323) sb      a3, -154(a2)
core   0: 3 0x80002c48 (0xf6d60323) mem 0x80010df5 0x77
core   0: 0x80002c4c (0x000014fd) c.addi  s1, -1
core   0: 3 0x80002c4c (0x14fd) x 9 0xffffffff
core   0: 0x80002c4e (0x405686b3) sub     a3, a3, t0
core   0: 3 0x80002c4e (0x405686b3) x13 0x0000002a
core   0: 0x80002c52 (0x0038ac33) slt     s8, a7, gp
core   0: 3 0x80002c52 (0x0038ac33) x24 0x00000000
core   0: 0x80002c56 (0x05d62c03) lw      s8, 93(a2)
core   0: 3 0x80002c56 (0x05d62c03) x24 0xa4a5a6a7 mem 0x80010eec
core   0: 0x80002c5a (0x011613a3) sh      a7, 7(a2)
core   0: 3 0x80002c5a (0x011613a3) mem 0x80010e96 0xffbe
core   0: 0x80002c5e (0x02dc51b3) divu    gp, s8, a3
core   0: 3 0x80002c5e (0x02dc51b3) x 3 0x03eb9028
core   0: 0x80002c62 (0x0f761c03) lh      s8, 247(a2)
core   0: 3 0x80002c62 (0x0f761c03) x24 0x00003c3d mem 0x80010f86
core   0: 0x80002c66 (0x06b61183) lh      gp, 107(a2)
core   0: 3 0x80002c66 (0x06b61183) x 3 0xffffb0b1 mem 0x80010efa
core   0: 0x80002c6a (0x00012517) auipc   a0, 0x12
core   0: 3 0x80002c6a (0x00012517) x10 0x80014c6a
core   0: 0x80002c6e (0x60350513) addi    a0, a0, 1539
core   0: 3 0x80002c6e (0x60350513) x10 0x8001526d
core   0: 0x80002c72 (0x039e8f33) mul     t5, t4, s9
core   0: 3 0x80002c72 (0x039e8f33) x30 0xea10f0ea
core   0: 0x80002c76 (0x00000001) c.nop
core   0: 3 0x80002c76 (0x0001)
core   0: 0x80002c78 (0xff0519a3) sh      a6, -13(a0)
core   0: 3 0x80002c78 (0xff0519a3) mem 0x80015260 0x2bee
core   0: 0x80002c7c (0x00008cd1) c.or    s1, a2
core   0: 3 0x80002c7c (0x8cd1) x 9 0xffffffff
core   0: 0x80002c7e (0x00650d83) lb      s11, 6(a0)
core   0: 3 0x80002c7e (0x00650d83) x27 0x00000028 mem 0x80015273
core   0: 0x80002c82 (0x016572b3) and     t0, a0, s6
core   0: 3 0x80002c82 (0x016572b3) x 5 0x80000260
core   0: 0x80002c86 (0x00e1d0b3) srl     ra, gp, a4
core   0: 3 0x80002c86 (0x00e1d0b3) x 1 0x00000001
core   0: 0x80002c8a (0x00008c91) c.sub   s1, a2
core   0: 3 0x80002c8a (0x8c91) x 9 0x7ffef170
core   0: 0x80002c8c (0x01c05813) srli    a6, zero, 28
core   0: 3 0x80002c8c (0x01c05813) x16 0x00000000
core   0: 0x80002c90 (0x0247d9b3) divu    s3, a5, tp
core   0: 3 0x80002c90 (0x0247d9b3) x19 0x00000015
core   0: 0x80002c94 (0xd0757013) andi    zero, a0, -761
core   0: 3 0x80002c94 (0xd0757013)
core   0: 0x80002c98 (0xaaef6d13) ori     s10, t5, -1362
core   0: 3 0x80002c98 (0xaaef6d13) x26 0xfffffaee
core   0: 0x80002c9c (0x02750d23) sb      t2, 58(a0)
core   0: 3 0x80002c9c (0x02750d23) mem 0x800152a7 0x9c
core   0: 0x80002ca0 (0x029d4333) div     t1, s10, s1
core   0: 3 0x80002ca0 (0x029d4333) x 6 0x00000000
core   0: 0x80002ca4 (0x0000848d) c.srai  s1, 3
core   0: 3 0x80002ca4 (0x848d) x 9 0x0fffde2e
core   0: 0x80002ca6 (0x00b172b3) and     t0, sp, a1
core   0: 3 0x80002ca6 (0x00b172b3) x 5 0x80000000
core   0: 0x80002caa (0x0ff0000f) fence   iorw,iorw
core   0: 3 0x80002caa (0x0ff0000f)
core   0: 0x80002cae (0x00000001) c.nop
core   0: 3 0x80002cae (0x0001)
core   0: 0x80002cb0 (0x40225493) srai    s1, tp, 2
core   0: 3 0x80002cb0 (0x40225493) x 9 0x03034383
core   0: 0x80002cb4 (0xfd454083) lbu     ra, -44(a0)
core   0: 3 0x80002cb4 (0xfd454083) x 1 0x000000fa mem 0x80015241
core   0: 0x80002cb8 (0x000ae7b3) or      a5, s5, zero
core   0: 3 0x80002cb8 (0x000ae7b3) x15 0xffffffca
core   0: 0x80002cbc (0xffd50123) sb      t4, -30(a0)
core   0: 3 0x80002cbc (0xffd50123) mem 0x8001524f 0x7e
core   0: 0x80002cc0 (0x00008e8d) c.sub   a3, a1
core   0: 3 0x80002cc0 (0x8e8d) x13 0x8000002a
core   0: 0x80002cc2 (0x871aa193) slti    gp, s5, -1935
core   0: 3 0x80002cc2 (0x871aa193) x 3 0x00000000
core   0: 0x80002cc6 (0x01b51083) lh      ra, 27(a0)
core   0: 3 0x80002cc6 (0x01b51083) x 1 0x00004243 mem 0x80015288
core   0: 0x80002cca (0x00c50e23) sb      a2, 28(a0)
core   0: 3 0x80002cca (0x00c50e23) mem 0x80015289 0x8f
core   0: 0x80002cce (0x02954003) lbu     zero, 41(a0)
core   0: 3 0x80002cce (0x02954003) mem 0x80015296
core   0: 0x80002cd2 (0x00008212) c.mv    tp, tp
core   0: 3 0x80002cd2 (0x8212) x 4 0x0c0d0e0f
core   0: 0x80002cd4 (0x00250d83) lb      s11, 2(a0)
core   0: 3 0x80002cd4 (0x00250d83) x27 0x00000024 mem 0x8001526f
core   0: 0x80002cd8 (0x01a8ed33) or      s10, a7, s10
core   0: 3 0x80002cd8 (0x01a8ed33) x26 0xfffffffe
core   0: 0x80002cdc (0x0279eeb3) rem     t4, s3, t2
core   0: 3 0x80002cdc (0x0279eeb3) x29 0x00000015
core   0: 0x80002ce0 (0x02151ca3) sh      ra, 57(a0)
core   0: 3 0x80002ce0 (0x02151ca3) mem 0x800152a6 0x4243
core   0: 0x80002ce4 (0xffb00c93) li      s9, -5
core   0: 3 0x80002ce4 (0xffb00c93) x25 0xfffffffb
core   0: 0x80002ce8 (0xa85c0293) addi    t0, s8, -1403
core   0: 3 0x80002ce8 (0xa85c0293) x 5 0x000036c2
core   0: 0x80002cec (0x0000850e) c.mv    a0, gp
core   0: 3 0x80002cec (0x850e) x10 0x00000000
core   0: 0x80002cee (0x00008ca1) c.xor   s1, s0
core   0: 3 0x80002cee (0x8ca1) x 9 0x83036ff4
core   0: 0x80002cf0 (0x00008e45) c.or    a2, s1
core   0: 3 0x80002cf0 (0x8e45) x12 0x83036fff
core   0: 0x80002cf2 (0x26a227b7) lui     a5, 0x26a22
core   0: 3 0x80002cf2 (0x26a227b7) x15 0x26a22000
core   0: 0x80002cf6 (0x00000f7a) c.slli  t5, 30
core   0: 3 0x80002cf6 (0x0f7a) x30 0x80000000
core   0: 0x80002cf8 (0x00500713) li      a4, 5
core   0: 3 0x80002cf8 (0x00500713) x14 0x00000005
core   0: 0x80002cfc (0x00008ed1) c.or    a3, a2
core   0: 3 0x80002cfc (0x8ed1) x13 0x83036fff
core   0: 0x80002cfe (0x01cafc33) and     s8, s5, t3
core   0: 3 0x80002cfe (0x01cafc33) x24 0x80010a8a
core   0: 0x80002d02 (0x41155db3) sra     s11, a0, a7
core   0: 3 0x80002d02 (0x41155db3) x27 0x00000000
core   0: 0x80002d06 (0x00001efd) c.addi  t4, -1
core   0: 3 0x80002d06 (0x1efd) x29 0x00000014
core   0: 0x80002d08 (0x026da7b3) mulhsu  a5, s11, t1
core   0: 3 0x80002d08 (0x026da7b3) x15 0x00000000
core   0: 0x80002d0c (0x02aba4b3) mulhsu  s1, s7, a0
core   0: 3 0x80002d0c (0x02aba4b3) x 9 0x00000000
core   0: 0x80002d10 (0x00008385) c.srli  a5, 1
core   0: 3 0x80002d10 (0x8385) x15 0x00000000
core   0: 0x80002d12 (0x00000c85) c.addi  s9, 1
core   0: 3 0x80002d12 (0x0c85) x25 0xfffffffc
core   0: 0x80002d14 (0x0000587d) c.li    a6, -1
core   0: 3 0x80002d14 (0x587d) x16 0xffffffff
core   0: 0x80002d16 (0xfeec99e3) bne     s9, a4, pc - 14
core   0: 3 0x80002d16 (0xfeec99e3)
core   0: 0x80002d08 (0x026da7b3) mulhsu  a5, s11, t1
core   0: 3 0x80002d08 (0x026da7b3) x15 0x00000000
core   0: 0x80002d0c (0x02aba4b3) mulhsu  s1, s7, a0
core   0: 3 0x80002d0c (0x02aba4b3) x 9 0x00000000
core   0: 0x80002d10 (0x00008385) c.srli  a5, 1
core   0: 3 0x80002d10 (0x8385) x15 0x00000000
core   0: 0x80002d12 (0x00000c85) c.addi  s9, 1
core   0: 3 0x80002d12 (0x0c85) x25 0xfffffffd
core   0: 0x80002d14 (0x0000587d) c.li    a6, -1
core   0: 3 0x80002d14 (0x587d) x16 0xffffffff
core   0: 0x80002d16 (0xfeec99e3) bne     s9, a4, pc - 14
core   0: 3 0x80002d16 (0xfeec99e3)
core   0: 0x80002d08 (0x026da7b3) mulhsu  a5, s11, t1
core   0: 3 0x80002d08 (0x026da7b3) x15 0x00000000
core   0: 0x80002d0c (0x02aba4b3) mulhsu  s1, s7, a0
core   0: 3 0x80002d0c (0x02aba4b3) x 9 0x00000000
core   0: 0x80002d10 (0x00008385) c.srli  a5, 1
core   0: 3 0x80002d10 (0x8385) x15 0x00000000
core   0: 0x80002d12 (0x00000c85) c.addi  s9, 1
core   0: 3 0x80002d12 (0x0c85) x25 0xfffffffe
core   0: 0x80002d14 (0x0000587d) c.li    a6, -1
core   0: 3 0x80002d14 (0x587d) x16 0xffffffff
core   0: 0x80002d16 (0xfeec99e3) bne     s9, a4, pc - 14
core   0: 3 0x80002d16 (0xfeec99e3)
core   0: 0x80002d08 (0x026da7b3) mulhsu  a5, s11, t1
core   0: 3 0x80002d08 (0x026da7b3) x15 0x00000000
core   0: 0x80002d0c (0x02aba4b3) mulhsu  s1, s7, a0
core   0: 3 0x80002d0c (0x02aba4b3) x 9 0x00000000
core   0: 0x80002d10 (0x00008385) c.srli  a5, 1
core   0: 3 0x80002d10 (0x8385) x15 0x00000000
core   0: 0x80002d12 (0x00000c85) c.addi  s9, 1
core   0: 3 0x80002d12 (0x0c85) x25 0xffffffff
core   0: 0x80002d14 (0x0000587d) c.li    a6, -1
core   0: 3 0x80002d14 (0x587d) x16 0xffffffff
core   0: 0x80002d16 (0xfeec99e3) bne     s9, a4, pc - 14
core   0: 3 0x80002d16 (0xfeec99e3)
core   0: 0x80002d08 (0x026da7b3) mulhsu  a5, s11, t1
core   0: 3 0x80002d08 (0x026da7b3) x15 0x00000000
core   0: 0x80002d0c (0x02aba4b3) mulhsu  s1, s7, a0
core   0: 3 0x80002d0c (0x02aba4b3) x 9 0x00000000
core   0: 0x80002d10 (0x00008385) c.srli  a5, 1
core   0: 3 0x80002d10 (0x8385) x15 0x00000000
core   0: 0x80002d12 (0x00000c85) c.addi  s9, 1
core   0: 3 0x80002d12 (0x0c85) x25 0x00000000
core   0: 0x80002d14 (0x0000587d) c.li    a6, -1
core   0: 3 0x80002d14 (0x587d) x16 0xffffffff
core   0: 0x80002d16 (0xfeec99e3) bne     s9, a4, pc - 14
core   0: 3 0x80002d16 (0xfeec99e3)
core   0: 0x80002d08 (0x026da7b3) mulhsu  a5, s11, t1
core   0: 3 0x80002d08 (0x026da7b3) x15 0x00000000
core   0: 0x80002d0c (0x02aba4b3) mulhsu  s1, s7, a0
core   0: 3 0x80002d0c (0x02aba4b3) x 9 0x00000000
core   0: 0x80002d10 (0x00008385) c.srli  a5, 1
core   0: 3 0x80002d10 (0x8385) x15 0x00000000
core   0: 0x80002d12 (0x00000c85) c.addi  s9, 1
core   0: 3 0x80002d12 (0x0c85) x25 0x00000001
core   0: 0x80002d14 (0x0000587d) c.li    a6, -1
core   0: 3 0x80002d14 (0x587d) x16 0xffffffff
core   0: 0x80002d16 (0xfeec99e3) bne     s9, a4, pc - 14
core   0: 3 0x80002d16 (0xfeec99e3)
core   0: 0x80002d08 (0x026da7b3) mulhsu  a5, s11, t1
core   0: 3 0x80002d08 (0x026da7b3) x15 0x00000000
core   0: 0x80002d0c (0x02aba4b3) mulhsu  s1, s7, a0
core   0: 3 0x80002d0c (0x02aba4b3) x 9 0x00000000
core   0: 0x80002d10 (0x00008385) c.srli  a5, 1
core   0: 3 0x80002d10 (0x8385) x15 0x00000000
core   0: 0x80002d12 (0x00000c85) c.addi  s9, 1
core   0: 3 0x80002d12 (0x0c85) x25 0x00000002
core   0: 0x80002d14 (0x0000587d) c.li    a6, -1
core   0: 3 0x80002d14 (0x587d) x16 0xffffffff
core   0: 0x80002d16 (0xfeec99e3) bne     s9, a4, pc - 14
core   0: 3 0x80002d16 (0xfeec99e3)
core   0: 0x80002d08 (0x026da7b3) mulhsu  a5, s11, t1
core   0: 3 0x80002d08 (0x026da7b3) x15 0x00000000
core   0: 0x80002d0c (0x02aba4b3) mulhsu  s1, s7, a0
core   0: 3 0x80002d0c (0x02aba4b3) x 9 0x00000000
core   0: 0x80002d10 (0x00008385) c.srli  a5, 1
core   0: 3 0x80002d10 (0x8385) x15 0x00000000
core   0: 0x80002d12 (0x00000c85) c.addi  s9, 1
core   0: 3 0x80002d12 (0x0c85) x25 0x00000003
core   0: 0x80002d14 (0x0000587d) c.li    a6, -1
core   0: 3 0x80002d14 (0x587d) x16 0xffffffff
core   0: 0x80002d16 (0xfeec99e3) bne     s9, a4, pc - 14
core   0: 3 0x80002d16 (0xfeec99e3)
core   0: 0x80002d08 (0x026da7b3) mulhsu  a5, s11, t1
core   0: 3 0x80002d08 (0x026da7b3) x15 0x00000000
core   0: 0x80002d0c (0x02aba4b3) mulhsu  s1, s7, a0
core   0: 3 0x80002d0c (0x02aba4b3) x 9 0x00000000
core   0: 0x80002d10 (0x00008385) c.srli  a5, 1
core   0: 3 0x80002d10 (0x8385) x15 0x00000000
core   0: 0x80002d12 (0x00000c85) c.addi  s9, 1
core   0: 3 0x80002d12 (0x0c85) x25 0x00000004
core   0: 0x80002d14 (0x0000587d) c.li    a6, -1
core   0: 3 0x80002d14 (0x587d) x16 0xffffffff
core   0: 0x80002d16 (0xfeec99e3) bne     s9, a4, pc - 14
core   0: 3 0x80002d16 (0xfeec99e3)
core   0: 0x80002d08 (0x026da7b3) mulhsu  a5, s11, t1
core   0: 3 0x80002d08 (0x026da7b3) x15 0x00000000
core   0: 0x80002d0c (0x02aba4b3) mulhsu  s1, s7, a0
core   0: 3 0x80002d0c (0x02aba4b3) x 9 0x00000000
core   0: 0x80002d10 (0x00008385) c.srli  a5, 1
core   0: 3 0x80002d10 (0x8385) x15 0x00000000
core   0: 0x80002d12 (0x00000c85) c.addi  s9, 1
core   0: 3 0x80002d12 (0x0c85) x25 0x00000005
core   0: 0x80002d14 (0x0000587d) c.li    a6, -1
core   0: 3 0x80002d14 (0x587d) x16 0xffffffff
core   0: 0x80002d16 (0xfeec99e3) bne     s9, a4, pc - 14
core   0: 3 0x80002d16 (0xfeec99e3)
core   0: 0x80002d1a (0x01671fb3) sll     t6, a4, s6
core   0: 3 0x80002d1a (0x01671fb3) x31 0x00140000
core   0: 0x80002d1e (0xffb00713) li      a4, -5
core   0: 3 0x80002d1e (0xffb00713) x14 0xfffffffb
core   0: 0x80002d22 (0x00001ffd) c.addi  t6, -1
core   0: 3 0x80002d22 (0x1ffd) x31 0x0013ffff
core   0: 0x80002d24 (0x006f6333) or      t1, t5, t1
core   0: 3 0x80002d24 (0x006f6333) x 6 0x80000000
core   0: 0x80002d28 (0x03d0e8b3) rem     a7, ra, t4
core   0: 3 0x80002d28 (0x03d0e8b3) x17 0x00000003
core   0: 0x80002d2c (0x035a3f33) mulhu   t5, s4, s5
core   0: 3 0x80002d2c (0x035a3f33) x30 0x80025e48
core   0: 0x80002d30 (0x03005b33) divu    s6, zero, a6
core   0: 3 0x80002d30 (0x03005b33) x22 0x00000000
core   0: 0x80002d34 (0x00000001) c.nop
core   0: 3 0x80002d34 (0x0001)
core   0: 0x80002d36 (0x00008832) c.mv    a6, a2
core   0: 3 0x80002d36 (0x8832) x16 0x83036fff
core   0: 0x80002d38 (0x00001cfd) c.addi  s9, -1
core   0: 3 0x80002d38 (0x1cfd) x25 0x00000004
core   0: 0x80002d3a (0x0000149c) c.addi4spn a5, sp, 608
core   0: 3 0x80002d3a (0x149c) x15 0x80029f44
core   0: 0x80002d3c (0x00000e5d) c.addi  t3, 23
core   0: 3 0x80002d3c (0x0e5d) x28 0x80010ac1
core   0: 0x80002d3e (0x00000705) c.addi  a4, 1
core   0: 3 0x80002d3e (0x0705) x14 0xfffffffc
core   0: 0x80002d40 (0x00008fc9) c.or    a5, a0
core   0: 3 0x80002d40 (0x8fc9) x15 0x80029f44
core   0: 0x80002d42 (0x67494493) xori    s1, s2, 1652
core   0: 3 0x80002d42 (0x67494493) x 9 0x00000675
core   0: 0x80002d46 (0xffd00913) li      s2, -3
core   0: 3 0x80002d46 (0xffd00913) x18 0xfffffffd
core   0: 0x80002d4a (0x02d370b3) remu    ra, t1, a3
core   0: 3 0x80002d4a (0x02d370b3) x 1 0x80000000
core   0: 0x80002d4e (0x00000213) li      tp, 0
core   0: 3 0x80002d4e (0x00000213) x 4 0x00000000
core   0: 0x80002d52 (0x00006291) c.lui   t0, 0x4
core   0: 3 0x80002d52 (0x6291) x 5 0x00004000
core   0: 0x80002d54 (0xb86fc2b7) lui     t0, 0xb86fc
core   0: 3 0x80002d54 (0xb86fc2b7) x 5 0xb86fc000
core   0: 0x80002d58 (0x000003b5) c.addi  t2, 13
core   0: 3 0x80002d58 (0x03b5) x 7 0xffffffa9
core   0: 0x80002d5a (0x40870333) sub     t1, a4, s0
core   0: 3 0x80002d5a (0x40870333) x 6 0x7fffd385
core   0: 0x80002d5e (0x00000921) c.addi  s2, 8
core   0: 3 0x80002d5e (0x0921) x18 0x00000005
core   0: 0x80002d60 (0x0042d6b3) srl     a3, t0, tp
core   0: 3 0x80002d60 (0x0042d6b3) x13 0xb86fc000
core   0: 0x80002d64 (0xfe4948e3) blt     s2, tp, pc - 16
core   0: 3 0x80002d64 (0xfe4948e3)
core   0: 0x80002d68 (0x0ff0000f) fence   iorw,iorw
core   0: 3 0x80002d68 (0x0ff0000f)
core   0: 0x80002d6c (0x000012fd) c.addi  t0, -1
core   0: 3 0x80002d6c (0x12fd) x 5 0xb86fbfff
core   0: 0x80002d6e (0x00008aa2) c.mv    s5, s0
core   0: 3 0x80002d6e (0x8aa2) x21 0x80002c77
core   0: 0x80002d70 (0x00001ffd) c.addi  t6, -1
core   0: 3 0x80002d70 (0x1ffd) x31 0x0013fffe
core   0: 0x80002d72 (0x0000d761) c.beqz  a4, pc - 56
core   0: 3 0x80002d72 (0xd761)
core   0: 0x80002d74 (0x0ff0000f) fence   iorw,iorw
core   0: 3 0x80002d74 (0x0ff0000f)
core   0: 0x80002d78 (0x00019917) auipc   s2, 0x19
core   0: 3 0x80002d78 (0x00019917) x18 0x8001bd78
core   0: 0x80002d7c (0x6f790913) addi    s2, s2, 1783
core   0: 3 0x80002d7c (0x6f790913) x18 0x8001c46f
core   0: 0x80002d80 (0x0000e097) auipc   ra, 0xe
core   0: 3 0x80002d80 (0x0000e097) x 1 0x80010d80
core   0: 0x80002d84 (0x23f08093) addi    ra, ra, 575
core   0: 3 0x80002d84 (0x23f08093) x 1 0x80010fbf
core   0: 0x80002d88 (0xfe309803) lh      a6, -29(ra)
core   0: 3 0x80002d88 (0xfe309803) x16 0x00005859 mem 0x80010fa2
core   0: 0x80002d8c (0x01b0c203) lbu     tp, 27(ra)
core   0: 3 0x80002d8c (0x01b0c203) x 4 0x00000091 mem 0x80010fda
core   0: 0x80002d90 (0x00d90703) lb      a4, 13(s2)
core   0: 3 0x80002d90 (0x00d90703) x14 0x00000037 mem 0x8001c47c
core   0: 0x80002d94 (0x04008b03) lb      s6, 64(ra)
core   0: 3 0x80002d94 (0x04008b03) x22 0xffffffb4 mem 0x80010fff
core   0: 0x80002d98 (0x01408f23) sb      s4, 30(ra)
core   0: 3 0x80002d98 (0x01408f23) mem 0x80010fdd 0x64
core   0: 0x80002d9c (0xfe7919a3) sh      t2, -13(s2)
core   0: 3 0x80002d9c (0xfe7919a3) mem 0x8001c462 0xffa9
core   0: 0x80002da0 (0xff808823) sb      s8, -16(ra)
core   0: 3 0x80002da0 (0xff808823) mem 0x80010faf 0x8a
core   0: 0x80002da4 (0xffe94183) lbu     gp, -2(s2)
core   0: 3 0x80002da4 (0xffe94183) x 3 0x00000026 mem 0x8001c46d
core   0: 0x80002da8 (0xff090303) lb      t1, -16(s2)
core   0: 3 0x80002da8 (0xff090303) x 6 0x00000014 mem 0x8001c45f
core   0: 0x80002dac (0xfc70d183) lhu     gp, -57(ra)
core   0: 3 0x80002dac (0xfc70d183) x 3 0x00003c3d mem 0x80010f86
core   0: 0x80002db0 (0x0310db83) lhu     s7, 49(ra)
core   0: 3 0x80002db0 (0x0310db83) x23 0x0000aaab mem 0x80010ff0
core   0: 0x80002db4 (0xfd008da3) sb      a6, -37(ra)
core   0: 3 0x80002db4 (0xfd008da3) mem 0x80010f9a 0x59
core   0: 0x80002db8 (0x01190723) sb      a7, 14(s2)
core   0: 3 0x80002db8 (0x01190723) mem 0x8001c47d 0x3
core   0: 0x80002dbc (0x0310aca3) sw      a7, 57(ra)
core   0: 3 0x80002dbc (0x0310aca3) mem 0x80010ff8 0x00000003
core   0: 0x80002dc0 (0x00294a83) lbu     s5, 2(s2)
core   0: 3 0x80002dc0 (0x00294a83) x21 0x0000002a mem 0x8001c471
core   0: 0x80002dc4 (0xfe090c23) sb      zero, -8(s2)
core   0: 3 0x80002dc4 (0xfe090c23) mem 0x8001c467 0x0
core   0: 0x80002dc8 (0xfd308823) sb      s3, -48(ra)
core   0: 3 0x80002dc8 (0xfd308823) mem 0x80010f8f 0x15
core   0: 0x80002dcc (0x007902a3) sb      t2, 5(s2)
core   0: 3 0x80002dcc (0x007902a3) mem 0x8001c474 0xa9
core   0: 0x80002dd0 (0x00400413) li      s0, 4
core   0: 3 0x80002dd0 (0x00400413) x 8 0x00000004
core   0: 0x80002dd4 (0x02655ab3) divu    s5, a0, t1
core   0: 3 0x80002dd4 (0x02655ab3) x21 0x00000000
core   0: 0x80002dd8 (0x0275d8b3) divu    a7, a1, t2
core   0: 3 0x80002dd8 (0x0275d8b3) x17 0x00000000
core   0: 0x80002ddc (0xffd00693) li      a3, -3
core   0: 3 0x80002ddc (0xffd00693) x13 0xfffffffd
core   0: 0x80002de0 (0x000083e5) c.srli  a5, 25
core   0: 3 0x80002de0 (0x83e5) x15 0x00000040
core   0: 0x80002de2 (0x0000100f) fence.i
core   0: 3 0x80002de2 (0x0000100f)
core   0: 0x80002de6 (0x2f617d13) andi    s10, sp, 758
core   0: 3 0x80002de6 (0x2f617d13) x26 0x000000e4
core   0: 0x80002dea (0x2a13f793) andi    a5, t2, 673
core   0: 3 0x80002dea (0x2a13f793) x15 0x000002a1
core   0: 0x80002dee (0x00001465) c.addi  s0, -7
core   0: 3 0x80002dee (0x1465) x 8 0xfffffffd
core   0: 0x80002df0 (0x03c25033) divu    zero, tp, t3
core   0: 3 0x80002df0 (0x03c25033)
core   0: 0x80002df4 (0x00000001) c.nop
core   0: 3 0x80002df4 (0x0001)
core   0: 0x80002df6 (0x0047f2b3) and     t0, a5, tp
core   0: 3 0x80002df6 (0x0047f2b3) x 5 0x00000081
core   0: 0x80002dfa (0x01cf9233) sll     tp, t6, t3
core   0: 3 0x80002dfa (0x01cf9233) x 4 0x0027fffc
core   0: 0x80002dfe (0xbcba7093) andi    ra, s4, -1077
core   0: 3 0x80002dfe (0xbcba7093) x 1 0x80025a40
core   0: 0x80002e02 (0x908ca613) slti    a2, s9, -1784
core   0: 3 0x80002e02 (0x908ca613) x12 0x00000000
core   0: 0x80002e06 (0x0ff0000f) fence   iorw,iorw
core   0: 3 0x80002e06 (0x0ff0000f)
core   0: 0x80002e0a (0x0180ae33) slt     t3, ra, s8
core   0: 3 0x80002e0a (0x0180ae33) x28 0x00000000
core   0: 0x80002e0e (0xfcd40ce3) beq     s0, a3, pc - 40
core   0: 3 0x80002e0e (0xfcd40ce3)
core   0: 0x80002de6 (0x2f617d13) andi    s10, sp, 758
core   0: 3 0x80002de6 (0x2f617d13) x26 0x000000e4
core   0: 0x80002dea (0x2a13f793) andi    a5, t2, 673
core   0: 3 0x80002dea (0x2a13f793) x15 0x000002a1
core   0: 0x80002dee (0x00001465) c.addi  s0, -7
core   0: 3 0x80002dee (0x1465) x 8 0xfffffff6
core   0: 0x80002df0 (0x03c25033) divu    zero, tp, t3
core   0: 3 0x80002df0 (0x03c25033)
core   0: 0x80002df4 (0x00000001) c.nop
core   0: 3 0x80002df4 (0x0001)
core   0: 0x80002df6 (0x0047f2b3) and     t0, a5, tp
core   0: 3 0x80002df6 (0x0047f2b3) x 5 0x000002a0
core   0: 0x80002dfa (0x01cf9233) sll     tp, t6, t3
core   0: 3 0x80002dfa (0x01cf9233) x 4 0x0013fffe
core   0: 0x80002dfe (0xbcba7093) andi    ra, s4, -1077
core   0: 3 0x80002dfe (0xbcba7093) x 1 0x80025a40
core   0: 0x80002e02 (0x908ca613) slti    a2, s9, -1784
core   0: 3 0x80002e02 (0x908ca613) x12 0x00000000
core   0: 0x80002e06 (0x0ff0000f) fence   iorw,iorw
core   0: 3 0x80002e06 (0x0ff0000f)
core   0: 0x80002e0a (0x0180ae33) slt     t3, ra, s8
core   0: 3 0x80002e0a (0x0180ae33) x28 0x00000000
core   0: 0x80002e0e (0xfcd40ce3) beq     s0, a3, pc - 40
core   0: 3 0x80002e0e (0xfcd40ce3)
core   0: 0x80002e12 (0x4162dab3) sra     s5, t0, s6
core   0: 3 0x80002e12 (0x4162dab3) x21 0x00000000
core   0: 0x80002e16 (0x0000e497) auipc   s1, 0xe
core   0: 3 0x80002e16 (0x0000e497) x 9 0x80010e16
core   0: 0x80002e1a (0x0cf48493) addi    s1, s1, 207
core   0: 3 0x80002e1a (0x0cf48493) x 9 0x80010ee5
core   0: 0x80002e1e (0x0000e317) auipc   t1, 0xe
core   0: 3 0x80002e1e (0x0000e317) x 6 0x80010e1e
core   0: 0x80002e22 (0xa0a30313) addi    t1, t1, -1526
core   0: 3 0x80002e22 (0xa0a30313) x 6 0x80010828
core   0: 0x80002e26 (0xa5e4a5a3) sw      t5, -1461(s1)
core   0: 3 0x80002e26 (0xa5e4a5a3) mem 0x80010930 0x80025e48
core   0: 0x80002e2a (0x0000e917) auipc   s2, 0xe
core   0: 3 0x80002e2a (0x0000e917) x18 0x80010e2a
core   0: 0x80002e2e (0x9e790913) addi    s2, s2, -1561
core   0: 3 0x80002e2e (0x9e790913) x18 0x80010811
core   0: 0x80002e32 (0x9a3492a3) sh      gp, -1627(s1)
core   0: 3 0x80002e32 (0x9a3492a3) mem 0x8001088a 0x3c3d
core   0: 0x80002e36 (0xfeb30f83) lb      t6, -21(t1)
core   0: 3 0x80002e36 (0xfeb30f83) x31 0xffffffc8 mem 0x80010813
core   0: 0x80002e3a (0x9c048e23) sb      zero, -1572(s1)
core   0: 3 0x80002e3a (0x9c048e23) mem 0x800108c1 0x0
core   0: 0x80002e3e (0xf3994383) lbu     t2, -199(s2)
core   0: 3 0x80002e3e (0xf3994383) x 7 0x00000001 mem 0x8001074a
core   0: 0x80002e42 (0x09748123) sb      s7, 130(s1)
core   0: 3 0x80002e42 (0x09748123) mem 0x80010f67 0xab
core   0: 0x80002e46 (0x06694683) lbu     a3, 102(s2)
core   0: 3 0x80002e46 (0x06694683) x13 0x0000002c mem 0x80010877
core   0: 0x80002e4a (0x00b30083) lb      ra, 11(t1)
core   0: 3 0x80002e4a (0x00b30083) x 1 0xffffffe8 mem 0x80010833
core   0: 0x80002e4e (0xf6395503) lhu     a0, -157(s2)
core   0: 3 0x80002e4e (0xf6395503) x10 0x00002e2f mem 0x80010774
core   0: 0x80002e52 (0x01530e03) lb      t3, 21(t1)
core   0: 3 0x80002e52 (0x01530e03) x28 0xfffffff6 mem 0x8001083d
core   0: 0x80002e56 (0xfec35c03) lhu     s8, -20(t1)
core   0: 3 0x80002e56 (0xfec35c03) x24 0x0000cecf mem 0x80010814
core   0: 0x80002e5a (0x09790523) sb      s7, 138(s2)
core   0: 3 0x80002e5a (0x09790523) mem 0x8001089b 0xab
core   0: 0x80002e5e (0xfc5307a3) sb      t0, -49(t1)
core   0: 3 0x80002e5e (0xfc5307a3) mem 0x800107f7 0xa0
core   0: 0x80002e62 (0xb044c003) lbu     zero, -1276(s1)
core   0: 3 0x80002e62 (0xb044c003) mem 0x800109e9
core   0: 0x80002e66 (0xdd448003) lb      zero, -556(s1)
core   0: 3 0x80002e66 (0xdd448003) mem 0x80010cb9
core   0: 0x80002e6a (0x02130f83) lb      t6, 33(t1)
core   0: 3 0x80002e6a (0x02130f83) x31 0x00000002 mem 0x80010849
core   0: 0x80002e6e (0xd1248c83) lb      s9, -750(s1)
core   0: 3 0x80002e6e (0xd1248c83) x25 0x00000000 mem 0x80010bf7
core   0: 0x80002e72 (0xfce94883) lbu     a7, -50(s2)
core   0: 3 0x80002e72 (0xfce94883) x17 0x00000094 mem 0x800107df
core   0: 0x80002e76 (0x0b248c83) lb      s9, 178(s1)
core   0: 3 0x80002e76 (0x0b248c83) x25 0x0000004c mem 0x80010f97
core   0: 0x80002e7a (0xff934d03) lbu     s10, -7(t1)
core   0: 3 0x80002e7a (0xff934d03) x26 0x00000074 mem 0x80010821
core   0: 0x80002e7e (0xa9749083) lh      ra, -1385(s1)
core   0: 3 0x80002e7e (0xa9749083) x 1 0x00003637 mem 0x8001097c
core   0: 0x80002e82 (0x031912a3) sh      a7, 37(s2)
core   0: 3 0x80002e82 (0x031912a3) mem 0x80010836 0x0094
core   0: 0x80002e86 (0x9b749403) lh      s0, -1609(s1)
core   0: 3 0x80002e86 (0x9b749403) x 8 0x00005657 mem 0x8001089c
core   0: 0x80002e8a (0xf7a90a83) lb      s5, -134(s2)
core   0: 3 0x80002e8a (0xf7a90a83) x21 0x00000040 mem 0x8001078b
core   0: 0x80002e8e (0x0000d217) auipc   tp, 0xd
core   0: 3 0x80002e8e (0x0000d217) x 4 0x8000fe8e
core   0: 0x80002e92 (0x28b20213) addi    tp, tp, 651
core   0: 3 0x80002e92 (0x28b20213) x 4 0x80010119
core   0: 0x80002e96 (0x00015b97) auipc   s7, 0x15
core   0: 3 0x80002e96 (0x00015b97) x23 0x80017e96
core   0: 0x80002e9a (0x6eab8b93) addi    s7, s7, 1770
core   0: 3 0x80002e9a (0x6eab8b93) x23 0x80018580
core   0: 0x80002e9e (0x01525883) lhu     a7, 21(tp)
core   0: 3 0x80002e9e (0x01525883) x17 0x0000e4e5 mem 0x8001012e
core   0: 0x80002ea2 (0xf28ba883) lw      a7, -216(s7)
core   0: 3 0x80002ea2 (0xf28ba883) x17 0x60616263 mem 0x800184a8
core   0: 0x80002ea6 (0xfbcb8523) sb      t3, -86(s7)
core   0: 3 0x80002ea6 (0xfbcb8523) mem 0x8001852a 0xf6
core   0: 0x80002eaa (0x0a0b84a3) sb      zero, 169(s7)
core   0: 3 0x80002eaa (0x0a0b84a3) mem 0x80018629 0x0
core   0: 0x80002eae (0x0a6b9903) lh      s2, 166(s7)
core   0: 3 0x80002eae (0x0a6b9903) x18 0xffffdcdd mem 0x80018626
core   0: 0x80002eb2 (0xfd320283) lb      t0, -45(tp)
core   0: 3 0x80002eb2 (0xfd320283) x 5 0xffffffa7 mem 0x800100ec
core   0: 0x80002eb6 (0x084b82a3) sb      tp, 133(s7)
core   0: 3 0x80002eb6 (0x084b82a3) mem 0x80018605 0x19
core   0: 0x80002eba (0x01824d83) lbu     s11, 24(tp)
core   0: 3 0x80002eba (0x01824d83) x27 0x000000ea mem 0x80010131
core   0: 0x80002ebe (0x01521e03) lh      t3, 21(tp)
core   0: 3 0x80002ebe (0x01521e03) x28 0xffffe4e5 mem 0x8001012e
core   0: 0x80002ec2 (0x02cbd003) lhu     zero, 44(s7)
core   0: 3 0x80002ec2 (0x02cbd003) mem 0x800185ac
core   0: 0x80002ec6 (0xfe824303) lbu     t1, -24(tp)
core   0: 3 0x80002ec6 (0xfe824303) x 6 0x000000ba mem 0x80010101
core   0: 0x80002eca (0xf4cb9623) sh      a2, -180(s7)
core   0: 3 0x80002eca (0xf4cb9623) mem 0x800184cc 0x0000
core   0: 0x80002ece (0xfec24c83) lbu     s9, -20(tp)
core   0: 3 0x80002ece (0xfec24c83) x25 0x000000be mem 0x80010105
core   0: 0x80002ed2 (0xfc0bc903) lbu     s2, -64(s7)
core   0: 3 0x80002ed2 (0xfc0bc903) x18 0x000000fb mem 0x80018540
core   0: 0x80002ed6 (0xfca20283) lb      t0, -54(tp)
core   0: 3 0x80002ed6 (0xfca20283) x 5 0xffffff98 mem 0x800100e3
core   0: 0x80002eda (0xfa3b9c23) sh      gp, -72(s7)
core   0: 3 0x80002eda (0xfa3b9c23) mem 0x80018538 0x3c3d
core   0: 0x80002ede (0x00020503) lb      a0, 0(tp)
core   0: 3 0x80002ede (0x00020503) x10 0xffffffd2 mem 0x80010119
core   0: 0x80002ee2 (0xfabbca83) lbu     s5, -85(s7)
core   0: 3 0x80002ee2 (0xfabbca83) x21 0x000000e0 mem 0x8001852b
core   0: 0x80002ee6 (0x00015197) auipc   gp, 0x15
core   0: 3 0x80002ee6 (0x00015197) x 3 0x80017ee6
core   0: 0x80002eea (0x30718193) addi    gp, gp, 775
core   0: 3 0x80002eea (0x30718193) x 3 0x800181ed
core   0: 0x80002eee (0x00014217) auipc   tp, 0x14
core   0: 3 0x80002eee (0x00014217) x 4 0x80016eee
core   0: 0x80002ef2 (0xb8b20213) addi    tp, tp, -1141
core   0: 3 0x80002ef2 (0xb8b20213) x 4 0x80016a79
core   0: 0x80002ef6 (0xf2b24d03) lbu     s10, -213(tp)
core   0: 3 0x80002ef6 (0xf2b24d03) x26 0x0000005f mem 0x800169a4
core   0: 0x80002efa (0x00013d97) auipc   s11, 0x13
core   0: 3 0x80002efa (0x00013d97) x27 0x80015efa
core   0: 0x80002efe (0x504d8d93) addi    s11, s11, 1284
core   0: 3 0x80002efe (0x504d8d93) x27 0x800163fe
core   0: 0x80002f02 (0x02b25e03) lhu     t3, 43(tp)
core   0: 3 0x80002f02 (0x02b25e03) x28 0x00005e5f mem 0x80016aa4
core   0: 0x80002f06 (0xffbd8a23) sb      s11, -12(s11)
core   0: 3 0x80002f06 (0xffbd8a23) mem 0x800163f2 0xfe
core   0: 0x80002f0a (0x04d24383) lbu     t2, 77(tp)
core   0: 3 0x80002f0a (0x04d24383) x 7 0x0000007d mem 0x80016ac6
core   0: 0x80002f0e (0x0c524703) lbu     a4, 197(tp)
core   0: 3 0x80002f0e (0x0c524703) x14 0x000000f5 mem 0x80016b3e
core   0: 0x80002f12 (0x01118523) sb      a7, 10(gp)
core   0: 3 0x80002f12 (0x01118523) mem 0x800181f7 0x63
core   0: 0x80002f16 (0xffbd9f23) sh      s11, -2(s11)
core   0: 3 0x80002f16 (0xffbd9f23) mem 0x800163fc 0x63fe
core   0: 0x80002f1a (0xfd618783) lb      a5, -42(gp)
core   0: 3 0x80002f1a (0xfd618783) x15 0x00000078 mem 0x800181c3
core   0: 0x80002f1e (0x0c725803) lhu     a6, 199(tp)
core   0: 3 0x80002f1e (0x0c725803) x16 0x0000fafb mem 0x80016b40
core   0: 0x80002f22 (0xffc18883) lb      a7, -4(gp)
core   0: 3 0x80002f22 (0xffc18883) x17 0xffffffa2 mem 0x800181e9
core   0: 0x80002f26 (0x008ddd03) lhu     s10, 8(s11)
core   0: 3 0x80002f26 (0x008ddd03) x26 0x0000bcbd mem 0x80016406
core   0: 0x80002f2a (0x03c18d23) sb      t3, 58(gp)
core   0: 3 0x80002f2a (0x03c18d23) mem 0x80018227 0x5f
core   0: 0x80002f2e (0x02018f83) lb      t6, 32(gp)
core   0: 3 0x80002f2e (0x02018f83) x31 0xffffffc6 mem 0x8001820d
core   0: 0x80002f32 (0xfc820283) lb      t0, -56(tp)
core   0: 3 0x80002f32 (0xfc820283) x 5 0xfffffffa mem 0x80016a41
core   0: 0x80002f36 (0xff6d9903) lh      s2, -10(s11)
core   0: 3 0x80002f36 (0xff6d9903) x18 0xffffaeaf mem 0x800163f4
core   0: 0x80002f3a (0xfe4d8d23) sb      tp, -6(s11)
core   0: 3 0x80002f3a (0xfe4d8d23) mem 0x800163f8 0x79
core   0: 0x80002f3e (0x008000ef) jal     pc + 0x8
core   0: 3 0x80002f3e (0x008000ef) x 1 0x80002f42
core   0: 0x80002f46 (0x0000a019) c.j     pc + 6
core   0: 3 0x80002f46 (0xa019)
core   0: 0x80002f4c (0x0320036f) jal     t1, pc + 0x32
core   0: 3 0x80002f4c (0x0320036f) x 6 0x80002f50
core   0: 0x80002f7e (0x0000b7e5) c.j     pc - 24
core   0: 3 0x80002f7e (0xb7e5)
core   0: 0x80002f66 (0x00003fc5) c.jal   pc - 16
core   0: 3 0x80002f66 (0x3fc5) x 1 0x80002f68
core   0: 0x80002f56 (0x004000ef) jal     pc + 0x4
core   0: 3 0x80002f56 (0x004000ef) x 1 0x80002f5a
core   0: 0x80002f5a (0x00002009) c.jal   pc + 2
core   0: 3 0x80002f5a (0x2009) x 1 0x80002f5c
core   0: 0x80002f5c (0x006000ef) jal     pc + 0x6
core   0: 3 0x80002f5c (0x006000ef) x 1 0x80002f60
core   0: 0x80002f62 (0x000037fd) c.jal   pc - 18
core   0: 3 0x80002f62 (0x37fd) x 1 0x80002f64
core   0: 0x80002f50 (0x0000bfcd) c.j     pc - 14
core   0: 3 0x80002f50 (0xbfcd)
core   0: 0x80002f42 (0x0000a035) c.j     pc + 44
core   0: 3 0x80002f42 (0xa035)
core   0: 0x80002f6e (0x0000a029) c.j     pc + 10
core   0: 3 0x80002f6e (0xa029)
core   0: 0x80002f78 (0xfcdff36f) jal     t1, pc - 0x34
core   0: 3 0x80002f78 (0xfcdff36f) x 6 0x80002f7c
core   0: 0x80002f44 (0x0000a01d) c.j     pc + 38
core   0: 3 0x80002f44 (0xa01d)
core   0: 0x80002f6a (0x016000ef) jal     pc + 0x16
core   0: 3 0x80002f6a (0x016000ef) x 1 0x80002f6e
core   0: 0x80002f80 (0xffdff0ef) jal     pc - 0x4
core   0: 3 0x80002f80 (0xffdff0ef) x 1 0x80002f84
core   0: 0x80002f7c (0x00003fe5) c.jal   pc - 8
core   0: 3 0x80002f7c (0x3fe5) x 1 0x80002f7e
core   0: 0x80002f74 (0xfedff6ef) jal     a3, pc - 0x14
core   0: 3 0x80002f74 (0xfedff6ef) x13 0x80002f78
core   0: 0x80002f60 (0x0000a011) c.j     pc + 4
core   0: 3 0x80002f60 (0xa011)
core   0: 0x80002f64 (0x0000a011) c.j     pc + 4
core   0: 3 0x80002f64 (0xa011)
core   0: 0x80002f68 (0x00002021) c.jal   pc + 8
core   0: 3 0x80002f68 (0x2021) x 1 0x80002f6a
core   0: 0x80002f70 (0xfd9ff86f) jal     a6, pc - 0x28
core   0: 3 0x80002f70 (0xfd9ff86f) x16 0x80002f74
core   0: 0x80002f48 (0x00a000ef) jal     pc + 0xa
core   0: 3 0x80002f48 (0x00a000ef) x 1 0x80002f4c
core   0: 0x80002f52 (0x0000a009) c.j     pc + 2
core   0: 3 0x80002f52 (0xa009)
core   0: 0x80002f54 (0x0000a805) c.j     pc + 48
core   0: 3 0x80002f54 (0xa805)
core   0: 0x80002f84 (0x0000a009) c.j     pc + 2
core   0: 3 0x80002f84 (0xa009)
core   0: 0x80002f86 (0x000067e9) c.lui   a5, 0x1a
core   0: 3 0x80002f86 (0x67e9) x15 0x0001a000
core   0: 0x80002f88 (0x0001e717) auipc   a4, 0x1e
core   0: 3 0x80002f88 (0x0001e717) x14 0x80020f88
core   0: 0x80002f8c (0x93170713) addi    a4, a4, -1743
core   0: 3 0x80002f8c (0x93170713) x14 0x800208b9
core   0: 0x80002f90 (0x0000d217) auipc   tp, 0xd
core   0: 3 0x80002f90 (0x0000d217) x 4 0x8000ff90
core   0: 0x80002f94 (0x5eb20213) addi    tp, tp, 1515
core   0: 3 0x80002f94 (0x5eb20213) x 4 0x8001057b
core   0: 0x80002f98 (0xf3a74083) lbu     ra, -198(a4)
core   0: 3 0x80002f98 (0xf3a74083) x 1 0x000000a8 mem 0x800207f3
core   0: 0x80002f9c (0xf0371603) lh      a2, -253(a4)
core   0: 3 0x80002f9c (0xf0371603) x12 0x00007677 mem 0x800207bc
core   0: 0x80002fa0 (0x67c20c83) lb      s9, 1660(tp)
core   0: 3 0x80002fa0 (0x67c20c83) x25 0x00000000 mem 0x80010bf7
core   0: 0x80002fa4 (0xf90705a3) sb      a6, -117(a4)
core   0: 3 0x80002fa4 (0xf90705a3) mem 0x80020844 0x74
core   0: 0x80002fa8 (0x0b970123) sb      s9, 162(a4)
core   0: 3 0x80002fa8 (0x0b970123) mem 0x8002095b 0x0
core   0: 0x80002fac (0x05b70783) lb      a5, 91(a4)
core   0: 3 0x80002fac (0x05b70783) x15 0xffffffcf mem 0x80020914
core   0: 0x80002fb0 (0x2b725903) lhu     s2, 695(tp)
core   0: 3 0x80002fb0 (0x2b725903) x18 0x0000e8e9 mem 0x80010832
core   0: 0x80002fb4 (0x04e70623) sb      a4, 76(a4)
core   0: 3 0x80002fb4 (0x04e70623) mem 0x80020905 0xb9
core   0: 0x80002fb8 (0x0f570783) lb      a5, 245(a4)
core   0: 3 0x80002fb8 (0x0f570783) x15 0x00000065 mem 0x800209ae
core   0: 0x80002fbc (0xf6f24a83) lbu     s5, -145(tp)
core   0: 3 0x80002fbc (0xf6f24a83) x21 0x000000a1 mem 0x800104ea
core   0: 0x80002fc0 (0x36d22c83) lw      s9, 877(tp)
core   0: 3 0x80002fc0 (0x36d22c83) x25 0x39a1a2a3 mem 0x800108e8
core   0: 0x80002fc4 (0x08971003) lh      zero, 137(a4)
core   0: 3 0x80002fc4 (0x08971003) mem 0x80020942
core   0: 0x80002fc8 (0x1ce228a3) sw      a4, 465(tp)
core   0: 3 0x80002fc8 (0x1ce228a3) mem 0x8001074c 0x800208b9
core   0: 0x80002fcc (0x0ec74083) lbu     ra, 236(a4)
core   0: 3 0x80002fcc (0x0ec74083) x 1 0x0000005e mem 0x800209a5
core   0: 0x80002fd0 (0x01174c03) lbu     s8, 17(a4)
core   0: 3 0x80002fd0 (0x01174c03) x24 0x00000081 mem 0x800208ca
core   0: 0x80002fd4 (0x3f321003) lh      zero, 1011(tp)
core   0: 3 0x80002fd4 (0x3f321003) mem 0x8001096e
core   0: 0x80002fd8 (0x0000df17) auipc   t5, 0xd
core   0: 3 0x80002fd8 (0x0000df17) x30 0x8000ffd8
core   0: 0x80002fdc (0x09df0f13) addi    t5, t5, 157
core   0: 3 0x80002fdc (0x09df0f13) x30 0x80010075
core   0: 0x80002fe0 (0xa704ac13) slti    s8, s1, -1424
core   0: 3 0x80002fe0 (0xa704ac13) x24 0x00000001
core   0: 0x80002fe4 (0x000083fd) c.srli  a5, 31
core   0: 3 0x80002fe4 (0x83fd) x15 0x00000000
core   0: 0x80002fe6 (0x117f1a83) lh      s5, 279(t5)
core   0: 3 0x80002fe6 (0x117f1a83) x21 0x00004647 mem 0x8001018c
core   0: 0x80002fea (0x00008559) c.srai  a0, 22
core   0: 3 0x80002fea (0x8559) x10 0xffffffff
core   0: 0x80002fec (0x176f0ca3) sb      s6, 377(t5)
core   0: 3 0x80002fec (0x176f0ca3) mem 0x800101ee 0xb4
core   0: 0x80002ff0 (0x432f4603) lbu     a2, 1074(t5)
core   0: 3 0x80002ff0 (0x432f4603) x12 0x0000005c mem 0x800104a7
core   0: 0x80002ff4 (0x792f0e23) sb      s2, 1948(t5)
core   0: 3 0x80002ff4 (0x792f0e23) mem 0x80010811 0xe9
core   0: 0x80002ff8 (0x00f8f333) and     t1, a7, a5
core   0: 3 0x80002ff8 (0x00f8f333) x 6 0x00000000
core   0: 0x80002ffc (0xfdaf4f83) lbu     t6, -38(t5)
core   0: 3 0x80002ffc (0xfdaf4f83) x31 0x00000004 mem 0x8001004f
core   0: 0x80003000 (0x0000100f) fence.i
core   0: 3 0x80003000 (0x0000100f)
core   0: 0x80003004 (0xacf87813) andi    a6, a6, -1329
core   0: 3 0x80003004 (0xacf87813) x16 0x80002a44
core   0: 0x80003008 (0x00009b92) c.add   s7, tp
core   0: 3 0x80003008 (0x9b92) x23 0x00028afb
core   0: 0x8000300a (0x7e0f4703) lbu     a4, 2016(t5)
core   0: 3 0x8000300a (0x7e0f4703) x14 0x0000000e mem 0x80010855
core   0: 0x8000300e (0x58cf0b03) lb      s6, 1420(t5)
core   0: 3 0x8000300e (0x58cf0b03) x22 0xffffffba mem 0x80010601
core   0: 0x80003012 (0x845b7617) auipc   a2, 0x845b7
core   0: 3 0x80003012 (0x845b7617) x12 0x045ba012
core   0: 0x80003016 (0x329f5d03) lhu     s10, 809(t5)
core   0: 3 0x80003016 (0x329f5d03) x26 0x00005455 mem 0x8001039e
core   0: 0x8000301a (0x0103adb3) slt     s11, t2, a6
core   0: 3 0x8000301a (0x0103adb3) x27 0x00000000
core   0: 0x8000301e (0x00008f4d) c.or    a4, a1
core   0: 3 0x8000301e (0x8f4d) x14 0x8000000e
core   0: 0x80003020 (0x5c2f0b23) sb      sp, 1494(t5)
core   0: 3 0x80003020 (0x5c2f0b23) mem 0x8001064b 0xe4
core   0: 0x80003024 (0x01573db3) sltu    s11, a4, s5
core   0: 3 0x80003024 (0x01573db3) x27 0x00000000
core   0: 0x80003028 (0xe378c193) xori    gp, a7, -457
core   0: 3 0x80003028 (0xe378c193) x 3 0x00000195
core   0: 0x8000302c (0x01379493) slli    s1, a5, 19
core   0: 3 0x8000302c (0x01379493) x 9 0x00000000
core   0: 0x80003030 (0x642f16a3) sh      sp, 1613(t5)
core   0: 3 0x80003030 (0x642f16a3) mem 0x800106c2 0x9ce4
core   0: 0x80003034 (0x6c3f17a3) sh      gp, 1743(t5)
core   0: 3 0x80003034 (0x6c3f17a3) mem 0x80010744 0x0195
core   0: 0x80003038 (0x00008cf9) c.and   s1, a4
core   0: 3 0x80003038 (0x8cf9) x 9 0x00000000
core   0: 0x8000303a (0x0f9f4283) lbu     t0, 249(t5)
core   0: 3 0x8000303a (0x0f9f4283) x 5 0x00000025 mem 0x8001016e
core   0: 0x8000303e (0x00000b4a) c.slli  s6, 18
core   0: 3 0x8000303e (0x0b4a) x22 0xfee80000
core   0: 0x80003040 (0x00009e56) c.add   t3, s5
core   0: 3 0x80003040 (0x9e56) x28 0x0000a4a6
core   0: 0x80003042 (0x00bf2da3) sw      a1, 27(t5)
core   0: 3 0x80003042 (0x00bf2da3) mem 0x80010090 0x80000000
core   0: 0x80003046 (0x3b1f4383) lbu     t2, 945(t5)
core   0: 3 0x80003046 (0x3b1f4383) x 7 0x000000dd mem 0x80010426
core   0: 0x8000304a (0x733f2083) lw      ra, 1843(t5)
core   0: 3 0x8000304a (0x733f2083) x 1 0x60616263 mem 0x800107a8
core   0: 0x8000304e (0x011fa6b3) slt     a3, t6, a7
core   0: 3 0x8000304e (0x011fa6b3) x13 0x00000000
core   0: 0x80003052 (0x530f0283) lb      t0, 1328(t5)
core   0: 3 0x80003052 (0x530f0283) x 5 0x0000005e mem 0x800105a5
core   0: 0x80003056 (0x7e2f0a83) lb      s5, 2018(t5)
core   0: 3 0x80003056 (0x7e2f0a83) x21 0x0000000c mem 0x80010857
core   0: 0x8000305a (0x410f0c03) lb      s8, 1040(t5)
core   0: 3 0x8000305a (0x410f0c03) x24 0x0000003e mem 0x80010485
core   0: 0x8000305e (0x27af4283) lbu     t0, 634(t5)
core   0: 3 0x8000305e (0x27af4283) x 5 0x000000a4 mem 0x800102ef
core   0: 0x80003062 (0x74df4083) lbu     ra, 1869(t5)
core   0: 3 0x80003062 (0x74df4083) x 1 0x00000000 mem 0x800107c2
core   0: 0x80003066 (0x2405fe93) andi    t4, a1, 576
core   0: 3 0x80003066 (0x2405fe93) x29 0x00000000
core   0: 0x8000306a (0x475f1503) lh      a0, 1141(t5)
core   0: 3 0x8000306a (0x475f1503) x10 0xffffa0a1 mem 0x800104ea
core   0: 0x8000306e (0x332f02a3) sb      s2, 805(t5)
core   0: 3 0x8000306e (0x332f02a3) mem 0x8001039a 0xe9
core   0: 0x80003072 (0x5d0f10a3) sh      a6, 1473(t5)
core   0: 3 0x80003072 (0x5d0f10a3) mem 0x80010636 0x2a44
core   0: 0x80003076 (0x8931b397) auipc   t2, 0x8931b
core   0: 3 0x80003076 (0x8931b397) x 7 0x0931e076
core   0: 0x8000307a (0x3daf10a3) sh      s10, 961(t5)
core   0: 3 0x8000307a (0x3daf10a3) mem 0x80010436 0x5455
core   0: 0x8000307e (0xb25a2813) slti    a6, s4, -1243
core   0: 3 0x8000307e (0xb25a2813) x16 0x00000001
core   0: 0x80003082 (0x0a2f4283) lbu     t0, 162(t5)
core   0: 3 0x80003082 (0x0a2f4283) x 5 0x000000cc mem 0x80010117
core   0: 0x80003086 (0x059f13a3) sh      s9, 71(t5)
core   0: 3 0x80003086 (0x059f13a3) mem 0x800100bc 0xa2a3
core   0: 0x8000308a (0x60af0a23) sb      a0, 1556(t5)
core   0: 3 0x8000308a (0x60af0a23) mem 0x80010689 0xa1
core   0: 0x8000308e (0x00006755) c.lui   a4, 0x15
core   0: 3 0x8000308e (0x6755) x14 0x00015000
core   0: 0x80003090 (0x0000808d) c.srli  s1, 3
core   0: 3 0x80003090 (0x808d) x 9 0x00000000
core   0: 0x80003092 (0x2f8f0083) lb      ra, 760(t5)
core   0: 3 0x80003092 (0x2f8f0083) x 1 0x00000026 mem 0x8001036d
core   0: 0x80003096 (0x0000e817) auipc   a6, 0xe
core   0: 3 0x80003096 (0x0000e817) x16 0x80011096
core   0: 0x8000309a (0xec880813) addi    a6, a6, -312
core   0: 3 0x8000309a (0xec880813) x16 0x80010f5e
core   0: 0x8000309e (0x00000001) c.nop
core   0: 3 0x8000309e (0x0001)
core   0: 0x800030a0 (0x03696ab3) rem     s5, s2, s6
core   0: 3 0x800030a0 (0x03696ab3) x21 0x0000e8e9
core   0: 0x800030a4 (0x00008e11) c.sub   a2, a2
core   0: 3 0x800030a4 (0x8e11) x12 0x00000000
core   0: 0x800030a6 (0x0d580423) sb      s5, 200(a6)
core   0: 3 0x800030a6 (0x0d580423) mem 0x80011026 0xe9
core   0: 0x800030aa (0x0a434913) xori    s2, t1, 164
core   0: 3 0x800030aa (0x0a434913) x18 0x000000a4
core   0: 0x800030ae (0xf0580a83) lb      s5, -251(a6)
core   0: 3 0x800030ae (0xf0580a83) x21 0x00000018 mem 0x80010e63
core   0: 0x800030b2 (0x05b80883) lb      a7, 91(a6)
core   0: 3 0x800030b2 (0x05b80883) x17 0x00000072 mem 0x80010fb9
core   0: 0x800030b6 (0xf5180c23) sb      a7, -168(a6)
core   0: 3 0x800030b6 (0xf5180c23) mem 0x80010eb6 0x72
core   0: 0x800030ba (0x00008a31) c.andi  a2, 12
core   0: 3 0x800030ba (0x8a31) x12 0x00000000
core   0: 0x800030bc (0x02c62ab3) mulhsu  s5, a2, a2
core   0: 3 0x800030bc (0x02c62ab3) x21 0x00000000
core   0: 0x800030c0 (0x036b58b3) divu    a7, s6, s6
core   0: 3 0x800030c0 (0x036b58b3) x17 0x00000001
core   0: 0x800030c4 (0xcda20937) lui     s2, 0xcda20
core   0: 3 0x800030c4 (0xcda20937) x18 0xcda20000
core   0: 0x800030c8 (0x01681e23) sh      s6, 28(a6)
core   0: 3 0x800030c8 (0x01681e23) mem 0x80010f7a 0x0000
core   0: 0x800030cc (0xfd184603) lbu     a2, -47(a6)
core   0: 3 0x800030cc (0xfd184603) x12 0x000000e4 mem 0x80010f2f
core   0: 0x800030d0 (0x00004669) c.li    a2, 26
core   0: 3 0x800030d0 (0x4669) x12 0x0000001a
core   0: 0x800030d2 (0xfde80a83) lb      s5, -34(a6)
core   0: 3 0x800030d2 (0xfde80a83) x21 0xfffffff7 mem 0x80010f3c
core   0: 0x800030d6 (0x00008a1d) c.andi  a2, 7
core   0: 3 0x800030d6 (0x8a1d) x12 0x00000002
core   0: 0x800030d8 (0x00008e31) c.xor   a2, a2
core   0: 3 0x800030d8 (0x8e31) x12 0x00000000
core   0: 0x800030da (0xf8780883) lb      a7, -121(a6)
core   0: 3 0x800030da (0xf8780883) x17 0xffffff9e mem 0x80010ee5
core   0: 0x800030de (0x00008e51) c.or    a2, a2
core   0: 3 0x800030de (0x8e51) x12 0x00000000
core   0: 0x800030e0 (0xfb880883) lb      a7, -72(a6)
core   0: 3 0x800030e0 (0xfb880883) x17 0xffffffcd mem 0x80010f16
core   0: 0x800030e4 (0xfcc85603) lhu     a2, -52(a6)
core   0: 3 0x800030e4 (0xfcc85603) x12 0x0000e0e1 mem 0x80010f2a
core   0: 0x800030e8 (0x02cae933) rem     s2, s5, a2
core   0: 3 0x800030e8 (0x02cae933) x18 0xfffffff7
core   0: 0x800030ec (0xfd6802a3) sb      s6, -59(a6)
core   0: 3 0x800030ec (0xfd6802a3) mem 0x80010f23 0x0
core   0: 0x800030f0 (0x026668b3) rem     a7, a2, t1
core   0: 3 0x800030f0 (0x026668b3) x17 0x0000e0e1
core   0: 0x800030f4 (0x006968b3) or      a7, s2, t1
core   0: 3 0x800030f4 (0x006968b3) x17 0xfffffff7
core   0: 0x800030f8 (0x00e80883) lb      a7, 14(a6)
core   0: 3 0x800030f8 (0x00e80883) x17 0x00000027 mem 0x80010f6c
core   0: 0x800030fc (0x04084a83) lbu     s5, 64(a6)
core   0: 3 0x800030fc (0x04084a83) x21 0x00000055 mem 0x80010f9e
core   0: 0x80003100 (0x0158c8b3) xor     a7, a7, s5
core   0: 3 0x80003100 (0x0158c8b3) x17 0x00000072
core   0: 0x80003104 (0x016ac8b3) xor     a7, s5, s6
core   0: 3 0x80003104 (0x016ac8b3) x17 0xfee80055
core   0: 0x80003108 (0x00008e71) c.and   a2, a2
core   0: 3 0x80003108 (0x8e71) x12 0x0000e0e1
core   0: 0x8000310a (0x02c88633) mul     a2, a7, a2
core   0: 3 0x8000310a (0x02c88633) x12 0x0a32aab5
core   0: 0x8000310e (0x0be84603) lbu     a2, 190(a6)
core   0: 3 0x8000310e (0x0be84603) x12 0x000000d7 mem 0x8001101c
core   0: 0x80003112 (0xfb1800a3) sb      a7, -95(a6)
core   0: 3 0x80003112 (0xfb1800a3) mem 0x80010eff 0x55
core   0: 0x80003116 (0x00008259) c.srli  a2, 22
core   0: 3 0x80003116 (0x8259) x12 0x00000000
core   0: 0x80003118 (0x03281323) sh      s2, 38(a6)
core   0: 3 0x80003118 (0x03281323) mem 0x80010f84 0xfff7
core   0: 0x8000311c (0x03267333) remu    t1, a2, s2
core   0: 3 0x8000311c (0x03267333) x 6 0x00000000
core   0: 0x80003120 (0x0c684b03) lbu     s6, 198(a6)
core   0: 3 0x80003120 (0x0c684b03) x22 0x000000df mem 0x80011024
core   0: 0x80003124 (0x02c66633) rem     a2, a2, a2
core   0: 3 0x80003124 (0x02c66633) x12 0x00000000
core   0: 0x80003128 (0x0a681a23) sh      t1, 180(a6)
core   0: 3 0x80003128 (0x0a681a23) mem 0x80011012 0x0000
core   0: 0x8000312c (0x07d84a83) lbu     s5, 125(a6)
core   0: 3 0x8000312c (0x07d84a83) x21 0x00000090 mem 0x80010fdb
core   0: 0x80003130 (0x00000001) c.nop
core   0: 3 0x80003130 (0x0001)
core   0: 0x80003132 (0x08d80883) lb      a7, 141(a6)
core   0: 3 0x80003132 (0x08d80883) x17 0xffffffa0 mem 0x80010feb
core   0: 0x80003136 (0x01164933) xor     s2, a2, a7
core   0: 3 0x80003136 (0x01164933) x18 0xffffffa0
core   0: 0x8000313a (0xf0c807a3) sb      a2, -241(a6)
core   0: 3 0x8000313a (0xf0c807a3) mem 0x80010e6d 0x0
core   0: 0x8000313e (0xf6c80fa3) sb      a2, -129(a6)
core   0: 3 0x8000313e (0xf6c80fa3) mem 0x80010edd 0x0
core   0: 0x80003142 (0xf1384903) lbu     s2, -237(a6)
core   0: 3 0x80003142 (0xf1384903) x18 0x0000002a mem 0x80010e71
core   0: 0x80003146 (0x00008e31) c.xor   a2, a2
core   0: 3 0x80003146 (0x8e31) x12 0x00000000
core   0: 0x80003148 (0xf52808a3) sb      s2, -175(a6)
core   0: 3 0x80003148 (0xf52808a3) mem 0x80010eaf 0x2a
core   0: 0x8000314c (0x07281603) lh      a2, 114(a6)
core   0: 3 0x8000314c (0x07281603) x12 0xffff8a8b mem 0x80010fd0
core   0: 0x80003150 (0x0000821d) c.srli  a2, 7
core   0: 3 0x80003150 (0x821d) x12 0x01ffff15
core   0: 0x80003152 (0xfcc85303) lhu     t1, -52(a6)
core   0: 3 0x80003152 (0xfcc85303) x 6 0x0000e0e1 mem 0x80010f2a
core   0: 0x80003156 (0xf4984b03) lbu     s6, -183(a6)
core   0: 3 0x80003156 (0xf4984b03) x22 0x0000005c mem 0x80010ea7
core   0: 0x8000315a (0x0000965a) c.add   a2, s6
core   0: 3 0x8000315a (0x965a) x12 0x01ffff71
core   0: 0x8000315c (0xf1c85883) lhu     a7, -228(a6)
core   0: 3 0x8000315c (0xf1c85883) x17 0x00003031 mem 0x80010e7a
core   0: 0x80003160 (0xfbc80603) lb      a2, -68(a6)
core   0: 3 0x80003160 (0xfbc80603) x12 0xffffffd1 mem 0x80010f1a
core   0: 0x80003164 (0x00c35ab3) srl     s5, t1, a2
core   0: 3 0x80003164 (0x00c35ab3) x21 0x00000000
core   0: 0x80003168 (0xfec802a3) sb      a2, -27(a6)
core   0: 3 0x80003168 (0xfec802a3) mem 0x80010f43 0xd1
core   0: 0x8000316c (0x01c000ef) jal     pc + 0x1c
core   0: 3 0x8000316c (0x01c000ef) x 1 0x80003170
core   0: 0x80003188 (0x00002021) c.jal   pc + 8
core   0: 3 0x80003188 (0x2021) x 1 0x8000318a
core   0: 0x80003190 (0x00002011) c.jal   pc + 4
core   0: 3 0x80003190 (0x2011) x 1 0x80003192
core   0: 0x80003194 (0x00002009) c.jal   pc + 2
core   0: 3 0x80003194 (0x2009) x 1 0x80003196
core   0: 0x80003196 (0x0000a839) c.j     pc + 30
core   0: 3 0x80003196 (0xa839)
core   0: 0x800031b4 (0x0000b7f5) c.j     pc - 20
core   0: 3 0x800031b4 (0xb7f5)
core   0: 0x800031a0 (0x00002801) c.jal   pc + 16
core   0: 3 0x800031a0 (0x2801) x 1 0x800031a2
core   0: 0x800031b0 (0xfc9ff36f) jal     t1, pc - 0x38
core   0: 3 0x800031b0 (0xfc9ff36f) x 6 0x800031b4
core   0: 0x80003178 (0x00002809) c.jal   pc + 18
core   0: 3 0x80003178 (0x2809) x 1 0x8000317a
core   0: 0x8000318a (0x0000a831) c.j     pc + 28
core   0: 3 0x8000318a (0xa831)
core   0: 0x800031a6 (0xfcfffe6f) jal     t3, pc - 0x32
core   0: 3 0x800031a6 (0xfcfffe6f) x28 0x800031aa
core   0: 0x80003174 (0x0240036f) jal     t1, pc + 0x24
core   0: 3 0x80003174 (0x0240036f) x 6 0x80003178
core   0: 0x80003198 (0x0000b7e5) c.j     pc - 24
core   0: 3 0x80003198 (0xb7e5)
core   0: 0x80003180 (0xffdff0ef) jal     pc - 0x4
core   0: 3 0x80003180 (0xffdff0ef) x 1 0x80003184
core   0: 0x8000317c (0x01e000ef) jal     pc + 0x1e
core   0: 3 0x8000317c (0x01e000ef) x 1 0x80003180
core   0: 0x8000319a (0x0000bfd9) c.j     pc - 42
core   0: 3 0x8000319a (0xbfd9)
core   0: 0x80003170 (0x0000200d) c.jal   pc + 34
core   0: 3 0x80003170 (0x200d) x 1 0x80003172
core   0: 0x80003192 (0x0000bff5) c.j     pc - 4
core   0: 3 0x80003192 (0xbff5)
core   0: 0x8000318e (0x00002811) c.jal   pc + 20
core   0: 3 0x8000318e (0x2811) x 1 0x80003190
core   0: 0x800031a2 (0xfd9ff36f) jal     t1, pc - 0x28
core   0: 3 0x800031a2 (0xfd9ff36f) x 6 0x800031a6
core   0: 0x8000317a (0x0000a015) c.j     pc + 36
core   0: 3 0x8000317a (0xa015)
core   0: 0x8000319e (0x0000b7fd) c.j     pc - 18
core   0: 3 0x8000319e (0xb7fd)
core   0: 0x8000318c (0x0000a839) c.j     pc + 30
core   0: 3 0x8000318c (0xa839)
core   0: 0x800031aa (0x00002009) c.jal   pc + 2
core   0: 3 0x800031aa (0x2009) x 1 0x800031ac
core   0: 0x800031ac (0xfd9ff6ef) jal     a3, pc - 0x28
core   0: 3 0x800031ac (0xfd9ff6ef) x13 0x800031b0
core   0: 0x80003184 (0xfefff36f) jal     t1, pc - 0x12
core   0: 3 0x80003184 (0xfefff36f) x 6 0x80003188
core   0: 0x80003172 (0x0000a091) c.j     pc + 68
core   0: 3 0x80003172 (0xa091)
core   0: 0x800031b6 (0x0000b7dd) c.j     pc - 26
core   0: 3 0x800031b6 (0xb7dd)
core   0: 0x8000319c (0x00002831) c.jal   pc + 28
core   0: 3 0x8000319c (0x2831) x 1 0x8000319e
core   0: 0x800031b8 (0x00000216) c.slli  tp, 5
core   0: 3 0x800031b8 (0x0216) x 4 0x0020af60
core   0: 0x800031ba (0x0000e797) auipc   a5, 0xe
core   0: 3 0x800031ba (0x0000e797) x15 0x800111ba
core   0: 0x800031be (0xcc878793) addi    a5, a5, -824
core   0: 3 0x800031be (0xcc878793) x15 0x80010e82
core   0: 0x800031c2 (0xf9278683) lb      a3, -110(a5)
core   0: 3 0x800031c2 (0xf9278683) x13 0xffffffcf mem 0x80010e14
core   0: 0x800031c6 (0x01f78383) lb      t2, 31(a5)
core   0: 3 0x800031c6 (0x01f78383) x 7 0x0000005a mem 0x80010ea1
core   0: 0x800031ca (0x001c5e13) srli    t3, s8, 1
core   0: 3 0x800031ca (0x001c5e13) x28 0x0000001f
core   0: 0x800031ce (0x4126dc13) srai    s8, a3, 18
core   0: 3 0x800031ce (0x4126dc13) x24 0xffffffff
core   0: 0x800031d2 (0x00de03b3) add     t2, t3, a3
core   0: 3 0x800031d2 (0x00de03b3) x 7 0xffffffee
core   0: 0x800031d6 (0xfd17c403) lbu     s0, -47(a5)
core   0: 3 0x800031d6 (0xfd17c403) x 8 0x00000008 mem 0x80010e53
core   0: 0x800031da (0x0b77c383) lbu     t2, 183(a5)
core   0: 3 0x800031da (0x0b77c383) x 7 0x000000f2 mem 0x80010f39
core   0: 0x800031de (0x2aec0e13) addi    t3, s8, 686
core   0: 3 0x800031de (0x2aec0e13) x28 0x000002ad
core   0: 0x800031e2 (0x0f879923) sh      s8, 242(a5)
core   0: 3 0x800031e2 (0x0f879923) mem 0x80010f74 0xffff
core   0: 0x800031e6 (0x0027cc03) lbu     s8, 2(a5)
core   0: 3 0x800031e6 (0x0027cc03) x24 0x0000003f mem 0x80010e84
core   0: 0x800031ea (0xf68789a3) sb      s0, -141(a5)
core   0: 3 0x800031ea (0xf68789a3) mem 0x80010df5 0x8
core   0: 0x800031ee (0xf9f7c403) lbu     s0, -97(a5)
core   0: 3 0x800031ee (0xf9f7c403) x 8 0x000000da mem 0x80010e21
core   0: 0x800031f2 (0xf787c683) lbu     a3, -136(a5)
core   0: 3 0x800031f2 (0xf787c683) x13 0x000000b1 mem 0x80010dfa
core   0: 0x800031f6 (0x00008e95) c.sub   a3, a3
core   0: 3 0x800031f6 (0x8e95) x13 0x00000000
core   0: 0x800031f8 (0x0c878ea3) sb      s0, 221(a5)
core   0: 3 0x800031f8 (0x0c878ea3) mem 0x80010f5f 0xda
core   0: 0x800031fc (0x000086c2) c.mv    a3, a6
core   0: 3 0x800031fc (0x86c2) x13 0x80010f5e
core   0: 0x800031fe (0xf1878a23) sb      s8, -236(a5)
core   0: 3 0x800031fe (0xf1878a23) mem 0x80010d96 0x3f
core   0: 0x80003202 (0x0ff78803) lb      a6, 255(a5)
core   0: 3 0x80003202 (0x0ff78803) x16 0x0000003a mem 0x80010f81
core   0: 0x80003206 (0x000093c2) c.add   t2, a6
core   0: 3 0x80003206 (0x93c2) x 7 0x0000012c
core   0: 0x80003208 (0x027e76b3) remu    a3, t3, t2
core   0: 3 0x80003208 (0x027e76b3) x13 0x00000055
core   0: 0x8000320c (0xf8d780a3) sb      a3, -127(a5)
core   0: 3 0x8000320c (0xf8d780a3) mem 0x80010e03 0x55
core   0: 0x80003210 (0xcf73f813) andi    a6, t2, -777
core   0: 3 0x80003210 (0xcf73f813) x16 0x00000024
core   0: 0x80003214 (0x0000987d) c.andi  s0, -1
core   0: 3 0x80003214 (0x987d) x 8 0x000000da
core   0: 0x80003216 (0x000093c2) c.add   t2, a6
core   0: 3 0x80003216 (0x93c2) x 7 0x00000150
core   0: 0x80003218 (0x00000866) c.slli  a6, 25
core   0: 3 0x80003218 (0x0866) x16 0x48000000
core   0: 0x8000321a (0xfe8789a3) sb      s0, -13(a5)
core   0: 3 0x8000321a (0xfe8789a3) mem 0x80010e75 0xda
core   0: 0x8000321e (0x000013fd) c.addi  t2, -1
core   0: 3 0x8000321e (0x13fd) x 7 0x0000014f
core   0: 0x80003220 (0x0cc79e03) lh      t3, 204(a5)
core   0: 3 0x80003220 (0x0cc79e03) x28 0x00000405 mem 0x80010f4e
core   0: 0x80003224 (0x00008079) c.srli  s0, 30
core   0: 3 0x80003224 (0x8079) x 8 0x00000000
core   0: 0x80003226 (0x0817c383) lbu     t2, 129(a5)
core   0: 3 0x80003226 (0x0817c383) x 7 0x000000b8 mem 0x80010f03
core   0: 0x8000322a (0x00d78e23) sb      a3, 28(a5)
core   0: 3 0x8000322a (0x00d78e23) mem 0x80010e9e 0x55
core   0: 0x8000322e (0x0d67d383) lhu     t2, 214(a5)
core   0: 3 0x8000322e (0x0d67d383) x 7 0x00001213 mem 0x80010f58
core   0: 0x80003232 (0xfeb78383) lb      t2, -21(a5)
core   0: 3 0x80003232 (0xfeb78383) x 7 0x00000000 mem 0x80010e6d
core   0: 0x80003236 (0xfc7784a3) sb      t2, -55(a5)
core   0: 3 0x80003236 (0xfc7784a3) mem 0x80010e4b 0x0
core   0: 0x8000323a (0x027c73b3) remu    t2, s8, t2
core   0: 3 0x8000323a (0x027c73b3) x 7 0x0000003f
core   0: 0x8000323e (0x08778223) sb      t2, 132(a5)
core   0: 3 0x8000323e (0x08778223) mem 0x80010f06 0x3f
core   0: 0x80003242 (0xefcf3397) auipc   t2, 0xefcf3
core   0: 3 0x80003242 (0xefcf3397) x 7 0x6fcf6242
core   0: 0x80003246 (0x02882c33) mulhsu  s8, a6, s0
core   0: 3 0x80003246 (0x02882c33) x24 0x00000000
core   0: 0x8000324a (0xffa7a683) lw      a3, -6(a5)
core   0: 3 0x8000324a (0xffa7a683) x13 0x34353637 mem 0x80010e7c
core   0: 0x8000324e (0xf167a403) lw      s0, -234(a5)
core   0: 3 0x8000324e (0xf167a403) x 8 0x50515253 mem 0x80010d98
core   0: 0x80003252 (0x41fe5393) srai    t2, t3, 31
core   0: 3 0x80003252 (0x41fe5393) x 7 0x00000000
core   0: 0x80003256 (0x00008ef5) c.and   a3, a3
core   0: 3 0x80003256 (0x8ef5) x13 0x34353637
core   0: 0x80003258 (0xf8879c23) sh      s0, -104(a5)
core   0: 3 0x80003258 (0xf8879c23) mem 0x80010e1a 0x5253
core   0: 0x8000325c (0x000093e2) c.add   t2, s8
core   0: 3 0x8000325c (0x93e2) x 7 0x00000000
core   0: 0x8000325e (0x03045833) divu    a6, s0, a6
core   0: 3 0x8000325e (0x03045833) x16 0x00000001
core   0: 0x80003262 (0x01c683b3) add     t2, a3, t3
core   0: 3 0x80003262 (0x01c683b3) x 7 0x34353a3c
core   0: 0x80003266 (0x00008c41) c.or    s0, s0
core   0: 3 0x80003266 (0x8c41) x 8 0x50515253
core   0: 0x80003268 (0x0f0784a3) sb      a6, 233(a5)
core   0: 3 0x80003268 (0x0f0784a3) mem 0x80010f6b 0x1
core   0: 0x8000326c (0x0d078803) lb      a6, 208(a5)
core   0: 3 0x8000326c (0x0d078803) x16 0x00000009 mem 0x80010f52
core   0: 0x80003270 (0x0ff0000f) fence   iorw,iorw
core   0: 3 0x80003270 (0x0ff0000f)
core   0: 0x80003274 (0x0cd78223) sb      a3, 196(a5)
core   0: 3 0x80003274 (0x0cd78223) mem 0x80010f46 0x37
core   0: 0x80003278 (0x0000d417) auipc   s0, 0xd
core   0: 3 0x80003278 (0x0000d417) x 8 0x80010278
core   0: 0x8000327c (0x34240413) addi    s0, s0, 834
core   0: 3 0x8000327c (0x34240413) x 8 0x800105ba
core   0: 0x80003280 (0x00874ab3) xor     s5, a4, s0
core   0: 3 0x80003280 (0x00874ab3) x21 0x800055ba
core   0: 0x80003284 (0x0213fb33) remu    s6, t2, ra
core   0: 3 0x80003284 (0x0213fb33) x22 0x34353a3c
core   0: 0x80003288 (0x00000666) c.slli  a2, 25
core   0: 3 0x80003288 (0x0666) x12 0xa2000000
core   0: 0x8000328a (0x00040903) lb      s2, 0(s0)
core   0: 3 0x8000328a (0x00040903) x18 0x00000071 mem 0x800105ba
core   0: 0x8000328e (0x00040f03) lb      t5, 0(s0)
core   0: 3 0x8000328e (0x00040f03) x30 0x00000071 mem 0x800105ba
core   0: 0x80003292 (0x0ff0000f) fence   iorw,iorw
core   0: 3 0x80003292 (0x0ff0000f)
core   0: 0x80003296 (0x00041d83) lh      s11, 0(s0)
core   0: 3 0x80003296 (0x00041d83) x27 0x00007071 mem 0x800105ba
core   0: 0x8000329a (0x01941023) sh      s9, 0(s0)
core   0: 3 0x8000329a (0x01941023) mem 0x800105ba 0xa2a3
core   0: 0x8000329e (0x00045183) lhu     gp, 0(s0)
core   0: 3 0x8000329e (0x00045183) x 3 0x0000a2a3 mem 0x800105ba
core   0: 0x800032a2 (0x01540023) sb      s5, 0(s0)
core   0: 3 0x800032a2 (0x01540023) mem 0x800105ba 0xba
core   0: 0x800032a6 (0x00044603) lbu     a2, 0(s0)
core   0: 3 0x800032a6 (0x00044603) x12 0x000000ba mem 0x800105ba
core   0: 0x800032aa (0x00a40023) sb      a0, 0(s0)
core   0: 3 0x800032aa (0x00a40023) mem 0x800105ba 0xa1
core   0: 0x800032ae (0x000059fd) c.li    s3, -1
core   0: 3 0x800032ae (0x59fd) x19 0xffffffff
core   0: 0x800032b0 (0x00041803) lh      a6, 0(s0)
core   0: 3 0x800032b0 (0x00041803) x16 0xffffa2a1 mem 0x800105ba
core   0: 0x800032b4 (0x03306db3) rem     s11, zero, s3
core   0: 3 0x800032b4 (0x03306db3) x27 0x00000000
core   0: 0x800032b8 (0x01040823) sb      a6, 16(s0)
core   0: 3 0x800032b8 (0x01040823) mem 0x800105ca 0xa1
core   0: 0x800032bc (0x01045703) lhu     a4, 16(s0)
core   0: 3 0x800032bc (0x01045703) x14 0x000080a1 mem 0x800105ca
core   0: 0x800032c0 (0xe2f08e17) auipc   t3, 0xe2f08
core   0: 3 0x800032c0 (0xe2f08e17) x28 0x62f0b2c0
core   0: 0x800032c4 (0x01a40823) sb      s10, 16(s0)
core   0: 3 0x800032c4 (0x01a40823) mem 0x800105ca 0x55
core   0: 0x800032c8 (0x00014a97) auipc   s5, 0x14
core   0: 3 0x800032c8 (0x00014a97) x21 0x800172c8
core   0: 0x800032cc (0xc8ea8a93) addi    s5, s5, -882
core   0: 3 0x800032cc (0xc8ea8a93) x21 0x80016f56
core   0: 0x800032d0 (0x465a8f03) lb      t5, 1125(s5)
core   0: 3 0x800032d0 (0x465a8f03) x30 0x00000070 mem 0x800173bb
core   0: 0x800032d4 (0xef3a8703) lb      a4, -269(s5)
core   0: 3 0x800032d4 (0xef3a8703) x14 0x00000002 mem 0x80016e49
core   0: 0x800032d8 (0x0000d317) auipc   t1, 0xd
core   0: 3 0x800032d8 (0x0000d317) x 6 0x800102d8
core   0: 0x800032dc (0x7cf30313) addi    t1, t1, 1999
core   0: 3 0x800032dc (0x7cf30313) x 6 0x80010aa7
core   0: 0x800032e0 (0xfc135783) lhu     a5, -63(t1)
core   0: 3 0x800032e0 (0xfc135783) x15 0x00002223 mem 0x80010a68
core   0: 0x800032e4 (0x00434703) lbu     a4, 4(t1)
core   0: 3 0x800032e4 (0x00434703) x14 0x00000060 mem 0x80010aab
core   0: 0x800032e8 (0x02131803) lh      a6, 33(t1)
core   0: 3 0x800032e8 (0x02131803) x16 0xffff8283 mem 0x80010ac8
core   0: 0x800032ec (0xfed34483) lbu     s1, -19(t1)
core   0: 3 0x800032ec (0xfed34483) x 9 0x0000004f mem 0x80010a94
core   0: 0x800032f0 (0x8eea8ca3) sb      a4, -1799(s5)
core   0: 3 0x800032f0 (0x8eea8ca3) mem 0x8001684f 0x60
core   0: 0x800032f4 (0x3d1a8003) lb      zero, 977(s5)
core   0: 3 0x800032f4 (0x3d1a8003) mem 0x80017327
core   0: 0x800032f8 (0xfc4315a3) sh      tp, -53(t1)
core   0: 3 0x800032f8 (0xfc4315a3) mem 0x80010a72 0xaf60
core   0: 0x800032fc (0x673acd83) lbu     s11, 1651(s5)
core   0: 3 0x800032fc (0x673acd83) x27 0x00000082 mem 0x800175c9
core   0: 0x80003300 (0xfc730fa3) sb      t2, -33(t1)
core   0: 3 0x80003300 (0xfc730fa3) mem 0x80010a86 0x3c
core   0: 0x80003304 (0x02c30b23) sb      a2, 54(t1)
core   0: 3 0x80003304 (0x02c30b23) mem 0x80010add 0xba
core   0: 0x80003308 (0x3bba89a3) sb      s11, 947(s5)
core   0: 3 0x80003308 (0x3bba89a3) mem 0x80017309 0x82
core   0: 0x8000330c (0xfe131f83) lh      t6, -31(t1)
core   0: 3 0x8000330c (0xfe131f83) x31 0x00004243 mem 0x80010a88
core   0: 0x80003310 (0xe57ac803) lbu     a6, -425(s5)
core   0: 3 0x80003310 (0xe57ac803) x16 0x00000066 mem 0x80016dad
core   0: 0x80003314 (0xffb34d83) lbu     s11, -5(t1)
core   0: 3 0x80003314 (0xffb34d83) x27 0x00000059 mem 0x80010aa2
core   0: 0x80003318 (0x73da8803) lb      a6, 1853(s5)
core   0: 3 0x80003318 (0x73da8803) x16 0x00000048 mem 0x80017693
core   0: 0x8000331c (0x01330983) lb      s3, 19(t1)
core   0: 3 0x8000331c (0x01330983) x19 0x00000071 mem 0x80010aba
core   0: 0x80003320 (0x1c3ac403) lbu     s0, 451(s5)
core   0: 3 0x80003320 (0x1c3ac403) x 8 0x000000d2 mem 0x80017119
core   0: 0x80003324 (0x0000d217) auipc   tp, 0xd
core   0: 3 0x80003324 (0x0000d217) x 4 0x80010324
core   0: 0x80003328 (0x7ff20213) addi    tp, tp, 2047
core   0: 3 0x80003328 (0x7ff20213) x 4 0x80010b23
core   0: 0x8000332c (0x0000e717) auipc   a4, 0xe
core   0: 3 0x8000332c (0x0000e717) x14 0x8001132c
core   0: 0x80003330 (0xaa670713) addi    a4, a4, -1370
core   0: 3 0x80003330 (0xaa670713) x14 0x80010dd2
core   0: 0x80003334 (0xfdb74d03) lbu     s10, -37(a4)
core   0: 3 0x80003334 (0xfdb74d03) x26 0x00000066 mem 0x80010dad
core   0: 0x80003338 (0xfc471e03) lh      t3, -60(a4)
core   0: 3 0x80003338 (0xfc471e03) x28 0x00004c3f mem 0x80010d96
core   0: 0x8000333c (0xfee72b03) lw      s6, -18(a4)
core   0: 3 0x8000333c (0xfee72b03) x22 0x78797a7b mem 0x80010dc0
core   0: 0x80003340 (0xfd6203a3) sb      s6, -57(tp)
core   0: 3 0x80003340 (0xfd6203a3) mem 0x80010aea 0x7b
core   0: 0x80003344 (0xff474003) lbu     zero, -12(a4)
core   0: 3 0x80003344 (0xff474003) mem 0x80010dc6
core   0: 0x80003348 (0x01521c03) lh      s8, 21(tp)
core   0: 3 0x80003348 (0x01521c03) x24 0xfffff2f3 mem 0x80010b38
core   0: 0x8000334c (0x03d70223) sb      t4, 36(a4)
core   0: 3 0x8000334c (0x03d70223) mem 0x80010df6 0x0
core   0: 0x80003350 (0x00074783) lbu     a5, 0(a4)
core   0: 3 0x80003350 (0x00074783) x15 0x00000089 mem 0x80010dd2
core   0: 0x80003354 (0x00c20423) sb      a2, 8(tp)
core   0: 3 0x80003354 (0x00c20423) mem 0x80010b2b 0xba
core   0: 0x80003358 (0x00974083) lbu     ra, 9(a4)
core   0: 3 0x80003358 (0x00974083) x 1 0x00000090 mem 0x80010ddb
core   0: 0x8000335c (0x00b709a3) sb      a1, 19(a4)
core   0: 3 0x8000335c (0x00b709a3) mem 0x80010de5 0x0
core   0: 0x80003360 (0x02974903) lbu     s2, 41(a4)
core   0: 3 0x80003360 (0x02974903) x18 0x000000b0 mem 0x80010dfb
core   0: 0x80003364 (0x02a24383) lbu     t2, 42(tp)
core   0: 3 0x80003364 (0x02a24383) x 7 0x00000006 mem 0x80010b4d
core   0: 0x80003368 (0x02a20a23) sb      a0, 52(tp)
core   0: 3 0x80003368 (0x02a20a23) mem 0x80010b57 0xa1
core   0: 0x8000336c (0x02a70e03) lb      t3, 42(a4)
core   0: 3 0x8000336c (0x02a70e03) x28 0x00000032 mem 0x80010dfc
core   0: 0x80003370 (0x00018e17) auipc   t3, 0x18
core   0: 3 0x80003370 (0x00018e17) x28 0x8001b370
core   0: 0x80003374 (0x572e0e13) addi    t3, t3, 1394
core   0: 3 0x80003374 (0x572e0e13) x28 0x8001b8e2
core   0: 0x80003378 (0x00dcf733) and     a4, s9, a3
core   0: 3 0x80003378 (0x00dcf733) x14 0x30212223
core   0: 0x8000337c (0xc04e0183) lb      gp, -1020(t3)
core   0: 3 0x8000337c (0xc04e0183) x 3 0xffffff9d mem 0x8001b4e6
core   0: 0x80003380 (0x023a4c33) div     s8, s4, gp
core   0: 3 0x80003380 (0x023a4c33) x24 0x014af749
core   0: 0x80003384 (0x16517093) andi    ra, sp, 357
core   0: 3 0x80003384 (0x16517093) x 1 0x00000064
core   0: 0x80003388 (0x00000001) c.nop
core   0: 3 0x80003388 (0x0001)
core   0: 0x8000338a (0x037c7933) remu    s2, s8, s7
core   0: 3 0x8000338a (0x037c7933) x18 0x000063d3
core   0: 0x8000338e (0x03563933) mulhu   s2, a2, s5
core   0: 3 0x8000338e (0x03563933) x18 0x0000005d
core   0: 0x80003392 (0x00000986) c.slli  s3, 1
core   0: 3 0x80003392 (0x0986) x19 0x000000e2
core   0: 0x80003394 (0x167e0b83) lb      s7, 359(t3)
core   0: 3 0x80003394 (0x167e0b83) x23 0x00000002 mem 0x8001ba49
core   0: 0x80003398 (0x390e01a3) sb      a6, 899(t3)
core   0: 3 0x80003398 (0x390e01a3) mem 0x8001bc65 0x48
core   0: 0x8000339c (0x161e0d03) lb      s10, 353(t3)
core   0: 3 0x8000339c (0x161e0d03) x26 0xfffffff8 mem 0x8001ba43
core   0: 0x800033a0 (0x6bbe0f83) lb      t6, 1723(t3)
core   0: 3 0x800033a0 (0x6bbe0f83) x31 0x00000056 mem 0x8001bf9d
core   0: 0x800033a4 (0x7b7e0c03) lb      s8, 1975(t3)
core   0: 3 0x800033a4 (0x7b7e0c03) x24 0x00000052 mem 0x8001c099
core   0: 0x800033a8 (0x037e1033) mulh    zero, t3, s7
core   0: 3 0x800033a8 (0x037e1033)
core   0: 0x800033ac (0x5b4e5683) lhu     a3, 1460(t3)
core   0: 3 0x800033ac (0x5b4e5683) x13 0x00004c4d mem 0x8001be96
core   0: 0x800033b0 (0x385e4d83) lbu     s11, 901(t3)
core   0: 3 0x800033b0 (0x385e4d83) x27 0x0000001c mem 0x8001bc67
core   0: 0x800033b4 (0x5e2e1f03) lh      t5, 1506(t3)
core   0: 3 0x800033b4 (0x5e2e1f03) x30 0x00007e7f mem 0x8001bec4
core   0: 0x800033b8 (0xb63e08a3) sb      gp, -1167(t3)
core   0: 3 0x800033b8 (0xb63e08a3) mem 0x8001b453 0x9d
core   0: 0x800033bc (0xb03f0293) addi    t0, t5, -1277
core   0: 3 0x800033bc (0xb03f0293) x 5 0x00007982
core   0: 0x800033c0 (0x00008371) c.srli  a4, 28
core   0: 3 0x800033c0 (0x8371) x14 0x00000003
core   0: 0x800033c2 (0x443e0f03) lb      t5, 1091(t3)
core   0: 3 0x800033c2 (0x443e0f03) x30 0xffffffde mem 0x8001bd25
core   0: 0x800033c6 (0x00008405) c.srai  s0, 1
core   0: 3 0x800033c6 (0x8405) x 8 0x00000069
core   0: 0x800033c8 (0x79be0783) lb      a5, 1947(t3)
core   0: 3 0x800033c8 (0x79be0783) x15 0x00000036 mem 0x8001c07d
core   0: 0x800033cc (0x01a703b3) add     t2, a4, s10
core   0: 3 0x800033cc (0x01a703b3) x 7 0xfffffffb
core   0: 0x800033d0 (0x136e2d23) sw      s6, 314(t3)
core   0: 3 0x800033d0 (0x136e2d23) mem 0x8001ba1c 0x78797a7b
core   0: 0x800033d4 (0xca4e0da3) sb      tp, -837(t3)
core   0: 3 0x800033d4 (0xca4e0da3) mem 0x8001b59d 0x23
core   0: 0x800033d8 (0x00e732b3) sltu    t0, a4, a4
core   0: 3 0x800033d8 (0x00e732b3) x 5 0x00000000
core   0: 0x800033dc (0xd4ce06a3) sb      a2, -691(t3)
core   0: 3 0x800033dc (0xd4ce06a3) mem 0x8001b62f 0xba
core   0: 0x800033e0 (0x00008a51) c.andi  a2, 20
core   0: 3 0x800033e0 (0x8a51) x12 0x00000010
core   0: 0x800033e2 (0xbf6e2603) lw      a2, -1034(t3)
core   0: 3 0x800033e2 (0xbf6e2603) x12 0x90919293 mem 0x8001b4d8
core   0: 0x800033e6 (0xbeee02a3) sb      a4, -1051(t3)
core   0: 3 0x800033e6 (0xbeee02a3) mem 0x8001b4c7 0x3
core   0: 0x800033ea (0x44ee0903) lb      s2, 1102(t3)
core   0: 3 0x800033ea (0x44ee0903) x18 0xffffffeb mem 0x8001bd30
core   0: 0x800033ee (0x752e2203) lw      tp, 1874(t3)
core   0: 3 0x800033ee (0x752e2203) x 4 0xecedeeef mem 0x8001c034
core   0: 0x800033f2 (0x16ae5303) lhu     t1, 362(t3)
core   0: 3 0x800033f2 (0x16ae5303) x 6 0x00000607 mem 0x8001ba4c
core   0: 0x800033f6 (0x036e1db3) mulh    s11, t3, s6
core   0: 3 0x800033f6 (0x036e1db3) x27 0xc3c4123d
core   0: 0x800033fa (0x02ac3db3) mulhu   s11, s8, a0
core   0: 3 0x800033fa (0x02ac3db3) x27 0x00000051
core   0: 0x800033fe (0x7a6e5603) lhu     a2, 1958(t3)
core   0: 3 0x800033fe (0x7a6e5603) x12 0x00004243 mem 0x8001c088
core   0: 0x80003402 (0x0002cfb3) xor     t6, t0, zero
core   0: 3 0x80003402 (0x0002cfb3) x31 0x00000000
core   0: 0x80003406 (0x437e0723) sb      s7, 1070(t3)
core   0: 3 0x80003406 (0x437e0723) mem 0x8001bd10 0x2
core   0: 0x8000340a (0x928e0803) lb      a6, -1752(t3)
core   0: 3 0x8000340a (0x928e0803) x16 0xffffffc1 mem 0x8001b20a
core   0: 0x8000340e (0x035b1f33) mulh    t5, s6, s5
core   0: 3 0x8000340e (0x035b1f33) x30 0xc3c3efa1
core   0: 0x80003412 (0x40955813) srai    a6, a0, 9
core   0: 3 0x80003412 (0x40955813) x16 0xffffffd0
core   0: 0x80003416 (0x00000f32) c.slli  t5, 12
core   0: 3 0x80003416 (0x0f32) x30 0x3efa1000
core   0: 0x80003418 (0x7bae5303) lhu     t1, 1978(t3)
core   0: 3 0x80003418 (0x7bae5303) x 6 0x00005657 mem 0x8001c09c
core   0: 0x8000341c (0xfd6e1803) lh      a6, -42(t3)
core   0: 3 0x8000341c (0xfd6e1803) x16 0x00007273 mem 0x8001b8b8
core   0: 0x80003420 (0xadbe0603) lb      a2, -1317(t3)
core   0: 3 0x80003420 (0xadbe0603) x12 0x00000076 mem 0x8001b3bd
core   0: 0x80003424 (0x388e4f83) lbu     t6, 904(t3)
core   0: 3 0x80003424 (0x388e4f83) x31 0x00000021 mem 0x8001bc6a
core   0: 0x80003428 (0x0000d817) auipc   a6, 0xd
core   0: 3 0x80003428 (0x0000d817) x16 0x80010428
core   0: 0x8000342c (0xef080813) addi    a6, a6, -272
core   0: 3 0x8000342c (0xef080813) x16 0x80010318
core   0: 0x80003430 (0x0000e797) auipc   a5, 0xe
core   0: 3 0x80003430 (0x0000e797) x15 0x80011430
core   0: 0x80003434 (0xb7b78793) addi    a5, a5, -1157
core   0: 3 0x80003434 (0xb7b78793) x15 0x80010fab
core   0: 0x80003438 (0xfed7a383) lw      t2, -19(a5)
core   0: 3 0x80003438 (0xfed7a383) x 7 0x50595253 mem 0x80010f98
core   0: 0x8000343c (0x7c980fa3) sb      s1, 2015(a6)
core   0: 3 0x8000343c (0x7c980fa3) mem 0x80010af7 0x4f
core   0: 0x80003440 (0xfd478303) lb      t1, -44(a5)
core   0: 3 0x80003440 (0xfd478303) x 6 0x00000034 mem 0x80010f7f
core   0: 0x80003444 (0xfdc78483) lb      s1, -36(a5)
core   0: 3 0x80003444 (0xfdc78483) x 9 0x0000003c mem 0x80010f87
core   0: 0x80003448 (0x34f80b23) sb      a5, 854(a6)
core   0: 3 0x80003448 (0x34f80b23) mem 0x8001066e 0xab
core   0: 0x8000344c (0xfdf78e83) lb      t4, -33(a5)
core   0: 3 0x8000344c (0xfdf78e83) x29 0x00000041 mem 0x80010f8a
core   0: 0x80003450 (0x0dd84283) lbu     t0, 221(a6)
core   0: 3 0x80003450 (0x0dd84283) x 5 0x000000ae mem 0x800103f5
core   0: 0x80003454 (0x6bd84f83) lbu     t6, 1725(a6)
core   0: 3 0x80003454 (0x6bd84f83) x31 0x0000008e mem 0x800109d5
core   0: 0x80003458 (0x7c180b83) lb      s7, 1985(a6)
core   0: 3 0x80003458 (0x7c180b83) x23 0xffffff92 mem 0x80010ad9
core   0: 0x8000345c (0xfd6781a3) sb      s6, -61(a5)
core   0: 3 0x8000345c (0xfd6781a3) mem 0x80010f6e 0x7b
core   0: 0x80003460 (0x03a7c383) lbu     t2, 58(a5)
core   0: 3 0x80003460 (0x03a7c383) x 7 0x0000009e mem 0x80010fe5
core   0: 0x80003464 (0x03c7cf03) lbu     t5, 60(a5)
core   0: 3 0x80003464 (0x03c7cf03) x30 0x0000009c mem 0x80010fe7
core   0: 0x80003468 (0xe0c82183) lw      gp, -500(a6)
core   0: 3 0x80003468 (0xe0c82183) x 3 0xdcdddedf mem 0x80010124
core   0: 0x8000346c (0x0187c083) lbu     ra, 24(a5)
core   0: 3 0x8000346c (0x0187c083) x 1 0x00000078 mem 0x80010fc3
core   0: 0x80003470 (0x3c081503) lh      a0, 960(a6)
core   0: 3 0x80003470 (0x3c081503) x10 0xffff9293 mem 0x800106d8
core   0: 0x80003474 (0x0000de97) auipc   t4, 0xd
core   0: 3 0x80003474 (0x0000de97) x29 0x80010474
core   0: 0x80003478 (0x0cde8e93) addi    t4, t4, 205
core   0: 3 0x80003478 (0x0cde8e93) x29 0x80010541
core   0: 0x8000347c (0x0000100f) fence.i
core   0: 3 0x8000347c (0x0000100f)
core   0: 0x80003480 (0x00be9203) lh      tp, 11(t4)
core   0: 3 0x80003480 (0x00be9203) x 4 0x000000d8 mem 0x8001054c
core   0: 0x80003484 (0x01be8883) lb      a7, 27(t4)
core   0: 3 0x80003484 (0x01be8883) x17 0x00000017 mem 0x8001055c
core   0: 0x80003488 (0x02aec183) lbu     gp, 42(t4)
core   0: 3 0x80003488 (0x02aec183) x 3 0x00000020 mem 0x8001056b
core   0: 0x8000348c (0x366ec093) xori    ra, t4, 870
core   0: 3 0x8000348c (0x366ec093) x 1 0x80010627
core   0: 0x80003490 (0x4a744993) xori    s3, s0, 1191
core   0: 3 0x80003490 (0x4a744993) x19 0x000004ce
core   0: 0x80003494 (0x000080c1) c.srli  s1, 16
core   0: 3 0x80003494 (0x80c1) x 9 0x00000000
core   0: 0x80003496 (0xfc9e92a3) sh      s1, -59(t4)
core   0: 3 0x80003496 (0xfc9e92a3) mem 0x80010506 0x0000
core   0: 0x8000349a (0x00000001) c.nop
core   0: 3 0x8000349a (0x0001)
core   0: 0x8000349c (0x00000001) c.nop
core   0: 3 0x8000349c (0x0001)
core   0: 0x8000349e (0x41f90233) sub     tp, s2, t6
core   0: 3 0x8000349e (0x41f90233) x 4 0xffffff5d
core   0: 0x800034a2 (0x0ff0000f) fence   iorw,iorw
core   0: 3 0x800034a2 (0x0ff0000f)
core   0: 0x800034a6 (0x0000100f) fence.i
core   0: 3 0x800034a6 (0x0000100f)
core   0: 0x800034aa (0x00000001) c.nop
core   0: 3 0x800034aa (0x0001)
core   0: 0x800034ac (0xfe4ec383) lbu     t2, -28(t4)
core   0: 3 0x800034ac (0xfe4ec383) x 7 0x000000de mem 0x80010525
core   0: 0x800034b0 (0x00aa91b3) sll     gp, s5, a0
core   0: 3 0x800034b0 (0x00aa91b3) x 3 0x7ab00000
core   0: 0x800034b4 (0x3b81ca93) xori    s5, gp, 952
core   0: 3 0x800034b4 (0x3b81ca93) x21 0x7ab003b8
core   0: 0x800034b8 (0x00000d7a) c.slli  s10, 30
core   0: 3 0x800034b8 (0x0d7a) x26 0x00000000
core   0: 0x800034ba (0x008e8403) lb      s0, 8(t4)
core   0: 3 0x800034ba (0x008e8403) x 8 0x00000002 mem 0x80010549
core   0: 0x800034be (0x0000100f) fence.i
core   0: 3 0x800034be (0x0000100f)
core   0: 0x800034c2 (0x00008215) c.srli  a2, 5
core   0: 3 0x800034c2 (0x8215) x12 0x00000003
core   0: 0x800034c4 (0xfd8e8003) lb      zero, -40(t4)
core   0: 3 0x800034c4 (0xfd8e8003) mem 0x80010519
core   0: 0x800034c8 (0x00000001) c.nop
core   0: 3 0x800034c8 (0x0001)
core   0: 0x800034ca (0x001d46b3) xor     a3, s10, ra
core   0: 3 0x800034ca (0x001d46b3) x13 0x80010627
core   0: 0x800034ce (0xfccec403) lbu     s0, -52(t4)
core   0: 3 0x800034ce (0xfccec403) x 8 0x000000c6 mem 0x8001050d
core   0: 0x800034d2 (0xfc0e8503) lb      a0, -64(t4)
core   0: 3 0x800034d2 (0xfc0e8503) x10 0xffffffba mem 0x80010501
core   0: 0x800034d6 (0x00ee8423) sb      a4, 8(t4)
core   0: 3 0x800034d6 (0x00ee8423) mem 0x80010549 0x3
core   0: 0x800034da (0xffc00413) li      s0, -4
core   0: 3 0x800034da (0xffc00413) x 8 0xfffffffc
core   0: 0x800034de (0x021bb8b3) mulhu   a7, s7, ra
core   0: 3 0x800034de (0x021bb8b3) x17 0x800105ef
core   0: 0x800034e2 (0x000f1293) slli    t0, t5, 0
core   0: 3 0x800034e2 (0x000f1293) x 5 0x0000009c
core   0: 0x800034e6 (0x000080f5) c.srli  s1, 29
core   0: 3 0x800034e6 (0x80f5) x 9 0x00000000
core   0: 0x800034e8 (0x00008f59) c.or    a4, a4
core   0: 3 0x800034e8 (0x8f59) x14 0x00000003
core   0: 0x800034ea (0x00008cd5) c.or    s1, a3
core   0: 3 0x800034ea (0x8cd5) x 9 0x80010627
core   0: 0x800034ec (0x00055013) srli    zero, a0, 0
core   0: 3 0x800034ec (0x00055013)
core   0: 0x800034f0 (0x03413e33) mulhu   t3, sp, s4
core   0: 3 0x800034f0 (0x03413e33) x28 0x40027daa
core   0: 0x800034f4 (0xff400693) li      a3, -12
core   0: 3 0x800034f4 (0xff400693) x13 0xfffffff4
core   0: 0x800034f8 (0x00008ce5) c.and   s1, s1
core   0: 3 0x800034f8 (0x8ce5) x 9 0x80010627
core   0: 0x800034fa (0x00b6aab3) slt     s5, a3, a1
core   0: 3 0x800034fa (0x00b6aab3) x21 0x00000000
core   0: 0x800034fe (0x00000001) c.nop
core   0: 3 0x800034fe (0x0001)
core   0: 0x80003500 (0x00008e59) c.or    a2, a4
core   0: 3 0x80003500 (0x8e59) x12 0x00000003
core   0: 0x80003502 (0xe0836093) ori     ra, t1, -504
core   0: 3 0x80003502 (0xe0836093) x 1 0xfffffe3c
core   0: 0x80003506 (0x00001459) c.addi  s0, -10
core   0: 3 0x80003506 (0x1459) x 8 0xfffffff2
core   0: 0x80003508 (0x83929337) lui     t1, 0x83929
core   0: 3 0x80003508 (0x83929337) x 6 0x83929000
core   0: 0x8000350c (0xb5487837) lui     a6, 0xb5487
core   0: 3 0x8000350c (0xb5487837) x16 0xb5487000
core   0: 0x80003510 (0xffa00f13) li      t5, -6
core   0: 3 0x80003510 (0xffa00f13) x30 0xfffffffa
core   0: 0x80003514 (0x00600793) li      a5, 6
core   0: 3 0x80003514 (0x00600793) x15 0x00000006
core   0: 0x80003518 (0x62912b93) slti    s7, sp, 1577
core   0: 3 0x80003518 (0x62912b93) x23 0x00000001
core   0: 0x8000351c (0x81c1ef93) ori     t6, gp, -2020
core   0: 3 0x8000351c (0x81c1ef93) x31 0xfffff81c
core   0: 0x80003520 (0x00006965) c.lui   s2, 0x19
core   0: 3 0x80003520 (0x6965) x18 0x00019000
core   0: 0x80003522 (0x00000f11) c.addi  t5, 4
core   0: 3 0x80003522 (0x0f11) x30 0xfffffffe
core   0: 0x80003524 (0x012a82b3) add     t0, s5, s2
core   0: 3 0x80003524 (0x012a82b3) x 5 0x00019000
core   0: 0x80003528 (0xfeff4ce3) blt     t5, a5, pc - 8
core   0: 3 0x80003528 (0xfeff4ce3)
core   0: 0x80003520 (0x00006965) c.lui   s2, 0x19
core   0: 3 0x80003520 (0x6965) x18 0x00019000
core   0: 0x80003522 (0x00000f11) c.addi  t5, 4
core   0: 3 0x80003522 (0x0f11) x30 0x00000002
core   0: 0x80003524 (0x012a82b3) add     t0, s5, s2
core   0: 3 0x80003524 (0x012a82b3) x 5 0x00019000
core   0: 0x80003528 (0xfeff4ce3) blt     t5, a5, pc - 8
core   0: 3 0x80003528 (0xfeff4ce3)
core   0: 0x80003520 (0x00006965) c.lui   s2, 0x19
core   0: 3 0x80003520 (0x6965) x18 0x00019000
core   0: 0x80003522 (0x00000f11) c.addi  t5, 4
core   0: 3 0x80003522 (0x0f11) x30 0x00000006
core   0: 0x80003524 (0x012a82b3) add     t0, s5, s2
core   0: 3 0x80003524 (0x012a82b3) x 5 0x00019000
core   0: 0x80003528 (0xfeff4ce3) blt     t5, a5, pc - 8
core   0: 3 0x80003528 (0xfeff4ce3)
core   0: 0x8000352c (0x00699f93) slli    t6, s3, 6
core   0: 3 0x8000352c (0x00699f93) x31 0x00013380
core   0: 0x80003530 (0x0000577d) c.li    a4, -1
core   0: 3 0x80003530 (0x577d) x14 0xffffffff
core   0: 0x80003532 (0x00008265) c.srli  a2, 25
core   0: 3 0x80003532 (0x8265) x12 0x00000000
core   0: 0x80003534 (0x00008309) c.srli  a4, 2
core   0: 3 0x80003534 (0x8309) x14 0x3fffffff
core   0: 0x80003536 (0xdd7c3a93) sltiu   s5, s8, -553
core   0: 3 0x80003536 (0xdd7c3a93) x21 0x00000001
core   0: 0x8000353a (0x024aefb3) rem     t6, s5, tp
core   0: 3 0x8000353a (0x024aefb3) x31 0x00000001
core   0: 0x8000353e (0x00005afd) c.li    s5, -1
core   0: 3 0x8000353e (0x5afd) x21 0xffffffff
core   0: 0x80003540 (0xfcd451e3) bge     s0, a3, pc - 62
core   0: 3 0x80003540 (0xfcd451e3)
core   0: 0x80003544 (0x011c8233) add     tp, s9, a7
core   0: 3 0x80003544 (0x011c8233) x 4 0xb9a2a892
core   0: 0x80003548 (0x00014d17) auipc   s10, 0x14
core   0: 3 0x80003548 (0x00014d17) x26 0x80017548
core   0: 0x8000354c (0xe09d0d13) addi    s10, s10, -503
core   0: 3 0x8000354c (0xe09d0d13) x26 0x80017351
core   0: 0x80003550 (0x00014197) auipc   gp, 0x14
core   0: 3 0x80003550 (0x00014197) x 3 0x80017550
core   0: 0x80003554 (0x8ba18193) addi    gp, gp, -1862
core   0: 3 0x80003554 (0x8ba18193) x 3 0x80016e0a
core   0: 0x80003558 (0x00011697) auipc   a3, 0x11
core   0: 3 0x80003558 (0x00011697) x13 0x80014558
core   0: 0x8000355c (0xd8268693) addi    a3, a3, -638
core   0: 3 0x8000355c (0xd8268693) x13 0x800142da
core   0: 0x80003560 (0xfcf18503) lb      a0, -49(gp)
core   0: 3 0x80003560 (0xfcf18503) x10 0xffffff92 mem 0x80016dd9
core   0: 0x80003564 (0xfa66a483) lw      s1, -90(a3)
core   0: 3 0x80003564 (0xfa66a483) x 9 0x38393a3b mem 0x80014280
core   0: 0x80003568 (0x032186a3) sb      s2, 45(gp)
core   0: 3 0x80003568 (0x032186a3) mem 0x80016e37 0x0
core   0: 0x8000356c (0x03cd0323) sb      t3, 38(s10)
core   0: 3 0x8000356c (0x03cd0323) mem 0x80017377 0xaa
core   0: 0x80003570 (0x023d0fa3) sb      gp, 63(s10)
core   0: 3 0x80003570 (0x023d0fa3) mem 0x80017390 0xa
core   0: 0x80003574 (0x05c68783) lb      a5, 92(a3)
core   0: 3 0x80003574 (0x05c68783) x15 0xffffffed mem 0x80014336
core   0: 0x80003578 (0x0ba69383) lh      t2, 186(a3)
core   0: 3 0x80003578 (0x0ba69383) x 7 0x00004e4f mem 0x80014394
core   0: 0x8000357c (0x0121c203) lbu     tp, 18(gp)
core   0: 3 0x8000357c (0x0121c203) x 4 0x000000d7 mem 0x80016e1c
core   0: 0x80003580 (0xf876cc03) lbu     s8, -121(a3)
core   0: 3 0x80003580 (0xf876cc03) x24 0x0000001a mem 0x80014261
core   0: 0x80003584 (0x03018b83) lb      s7, 48(gp)
core   0: 3 0x80003584 (0x03018b83) x23 0xfffffff1 mem 0x80016e3a
core   0: 0x80003588 (0x02b69823) sh      a1, 48(a3)
core   0: 3 0x80003588 (0x02b69823) mem 0x8001430a 0x0000
core   0: 0x8000358c (0xfe9d4503) lbu     a0, -23(s10)
core   0: 3 0x8000358c (0xfe9d4503) x10 0x000000f1 mem 0x8001733a
core   0: 0x80003590 (0xfc518323) sb      t0, -58(gp)
core   0: 3 0x80003590 (0xfc518323) mem 0x80016dd0 0x0
core   0: 0x80003594 (0xf1768e83) lb      t4, -233(a3)
core   0: 3 0x80003594 (0xf1768e83) x29 0xffffffaa mem 0x800141f1
core   0: 0x80003598 (0xfc4d0903) lb      s2, -60(s10)
core   0: 3 0x80003598 (0xfc4d0903) x18 0xffffffce mem 0x80017315
core   0: 0x8000359c (0x00c69f03) lh      t5, 12(a3)
core   0: 3 0x8000359c (0x00c69f03) x30 0xffff9c9d mem 0x800142e6
core   0: 0x800035a0 (0x032d21a3) sw      s2, 35(s10)
core   0: 3 0x800035a0 (0x032d21a3) mem 0x80017374 0xffffffce
core   0: 0x800035a4 (0xf0969223) sh      s1, -252(a3)
core   0: 3 0x800035a4 (0xf0969223) mem 0x800141de 0x3a3b
core   0: 0x800035a8 (0x01269423) sh      s2, 8(a3)
core   0: 3 0x800035a8 (0x01269423) mem 0x800142e2 0xffce
core   0: 0x800035ac (0xfdad0283) lb      t0, -38(s10)
core   0: 3 0x800035ac (0xfdad0283) x 5 0xffffffe0 mem 0x8001732b
core   0: 0x800035b0 (0xfde18123) sb      t5, -62(gp)
core   0: 3 0x800035b0 (0xfde18123) mem 0x80016dcc 0x9d
core   0: 0x800035b4 (0x00800693) li      a3, 8
core   0: 3 0x800035b4 (0x00800693) x13 0x00000008
core   0: 0x800035b8 (0x03504bb3) div     s7, zero, s5
core   0: 3 0x800035b8 (0x03504bb3) x23 0x00000000
core   0: 0x800035bc (0x02b64b33) div     s6, a2, a1
core   0: 3 0x800035bc (0x02b64b33) x22 0x00000000
core   0: 0x800035c0 (0x014fd313) srli    t1, t6, 20
core   0: 3 0x800035c0 (0x014fd313) x 6 0x00000000
core   0: 0x800035c4 (0x00d00a93) li      s5, 13
core   0: 3 0x800035c4 (0x00d00a93) x21 0x0000000d
core   0: 0x800035c8 (0x0184edb3) or      s11, s1, s8
core   0: 3 0x800035c8 (0x0184edb3) x27 0x38393a3b
core   0: 0x800035cc (0x02b3ebb3) rem     s7, t2, a1
core   0: 3 0x800035cc (0x02b3ebb3) x23 0x00004e4f
core   0: 0x800035d0 (0x00004671) c.li    a2, 28
core   0: 3 0x800035d0 (0x4671) x12 0x0000001c
core   0: 0x800035d2 (0x00000685) c.addi  a3, 1
core   0: 3 0x800035d2 (0x0685) x13 0x00000009
core   0: 0x800035d4 (0x00cb5893) srli    a7, s6, 12
core   0: 3 0x800035d4 (0x00cb5893) x17 0x00000000
core   0: 0x800035d8 (0x00f91f13) slli    t5, s2, 15
core   0: 3 0x800035d8 (0x00f91f13) x30 0xffe70000
core   0: 0x800035dc (0xff800493) li      s1, -8
core   0: 3 0x800035dc (0xff800493) x 9 0xfffffff8
core   0: 0x800035e0 (0x01d9f2b3) and     t0, s3, t4
core   0: 3 0x800035e0 (0x01d9f2b3) x 5 0x0000048a
core   0: 0x800035e4 (0x72063793) sltiu   a5, a2, 1824
core   0: 3 0x800035e4 (0x72063793) x15 0x00000001
core   0: 0x800035e8 (0x41d6d913) srai    s2, a3, 29
core   0: 3 0x800035e8 (0x41d6d913) x18 0x00000000
core   0: 0x800035ec (0xd716fb13) andi    s6, a3, -655
core   0: 3 0x800035ec (0xd716fb13) x22 0x00000001
core   0: 0x800035f0 (0x00000001) c.nop
core   0: 3 0x800035f0 (0x0001)
core   0: 0x800035f2 (0x03f2ae33) mulhsu  t3, t0, t6
core   0: 3 0x800035f2 (0x03f2ae33) x28 0x00000000
core   0: 0x800035f6 (0x40c25433) sra     s0, tp, a2
core   0: 3 0x800035f6 (0x40c25433) x 8 0x00000000
core   0: 0x800035fa (0xff700193) li      gp, -9
core   0: 3 0x800035fa (0xff700193) x 3 0xfffffff7
core   0: 0x800035fe (0x0864e513) ori     a0, s1, 134
core   0: 3 0x800035fe (0x0864e513) x10 0xfffffffe
core   0: 0x80003602 (0x00008862) c.mv    a6, s8
core   0: 3 0x80003602 (0x8862) x16 0x0000001a
core   0: 0x80003604 (0x000014e9) c.addi  s1, -6
core   0: 3 0x80003604 (0x14e9) x 9 0xfffffff2
core   0: 0x80003606 (0xfe34dee3) bge     s1, gp, pc - 4
core   0: 3 0x80003606 (0xfe34dee3)
core   0: 0x8000360a (0x036c5033) divu    zero, s8, s6
core   0: 3 0x8000360a (0x036c5033)
core   0: 0x8000360e (0x03c4bc33) mulhu   s8, s1, t3
core   0: 3 0x8000360e (0x03c4bc33) x24 0x00000000
core   0: 0x80003612 (0x0000086e) c.slli  a6, 27
core   0: 3 0x80003612 (0x086e) x16 0xd0000000
core   0: 0x80003614 (0x00008341) c.srli  a4, 16
core   0: 3 0x80003614 (0x8341) x14 0x00003fff
core   0: 0x80003616 (0x00008d65) c.and   a0, s1
core   0: 3 0x80003616 (0x8d65) x10 0xfffffff2
core   0: 0x80003618 (0x0ff0000f) fence   iorw,iorw
core   0: 3 0x80003618 (0x0ff0000f)
core   0: 0x8000361c (0xfb5688e3) beq     a3, s5, pc - 80
core   0: 3 0x8000361c (0xfb5688e3)
core   0: 0x80003620 (0x0004e9b3) or      s3, s1, zero
core   0: 3 0x80003620 (0x0004e9b3) x19 0xfffffff2
core   0: 0x80003624 (0x0000d617) auipc   a2, 0xd
core   0: 3 0x80003624 (0x0000d617) x12 0x80010624
core   0: 0x80003628 (0xb1060613) addi    a2, a2, -1264
core   0: 3 0x80003628 (0xb1060613) x12 0x80010134
core   0: 0x8000362c (0x57c604a3) sb      t3, 1385(a2)
core   0: 3 0x8000362c (0x57c604a3) mem 0x8001069d 0x0
core   0: 0x80003630 (0x56964a83) lbu     s5, 1385(a2)
core   0: 3 0x80003630 (0x56964a83) x21 0x00000000 mem 0x8001069d
core   0: 0x80003634 (0x039781b3) mul     gp, a5, s9
core   0: 3 0x80003634 (0x039781b3) x 3 0x39a1a2a3
core   0: 0x80003638 (0x57d604a3) sb      t4, 1385(a2)
core   0: 3 0x80003638 (0x57d604a3) mem 0x8001069d 0xaa
core   0: 0x8000363c (0x0ff0000f) fence   iorw,iorw
core   0: 3 0x8000363c (0x0ff0000f)
core   0: 0x80003640 (0x577604a3) sb      s7, 1385(a2)
core   0: 3 0x80003640 (0x577604a3) mem 0x8001069d 0x4f
core   0: 0x80003644 (0x56960083) lb      ra, 1385(a2)
core   0: 3 0x80003644 (0x56960083) x 1 0x0000004f mem 0x8001069d
core   0: 0x80003648 (0x57f604a3) sb      t6, 1385(a2)
core   0: 3 0x80003648 (0x57f604a3) mem 0x8001069d 0x1
core   0: 0x8000364c (0x56960b83) lb      s7, 1385(a2)
core   0: 3 0x8000364c (0x56960b83) x23 0x00000001 mem 0x8001069d
core   0: 0x80003650 (0x56960483) lb      s1, 1385(a2)
core   0: 3 0x80003650 (0x56960483) x 9 0x00000001 mem 0x8001069d
core   0: 0x80003654 (0x56960c83) lb      s9, 1385(a2)
core   0: 3 0x80003654 (0x56960c83) x25 0x00000001 mem 0x8001069d
core   0: 0x80003658 (0x56964e83) lbu     t4, 1385(a2)
core   0: 3 0x80003658 (0x56964e83) x29 0x00000001 mem 0x8001069d
core   0: 0x8000365c (0x56964e83) lbu     t4, 1385(a2)
core   0: 3 0x8000365c (0x56964e83) x29 0x00000001 mem 0x8001069d
core   0: 0x80003660 (0x56a604a3) sb      a0, 1385(a2)
core   0: 3 0x80003660 (0x56a604a3) mem 0x8001069d 0xf2
core   0: 0x80003664 (0x56960d03) lb      s10, 1385(a2)
core   0: 3 0x80003664 (0x56960d03) x26 0xfffffff2 mem 0x8001069d
core   0: 0x80003668 (0x56960983) lb      s3, 1385(a2)
core   0: 3 0x80003668 (0x56960983) x19 0xfffffff2 mem 0x8001069d
core   0: 0x8000366c (0x56964083) lbu     ra, 1385(a2)
core   0: 3 0x8000366c (0x56964083) x 1 0x000000f2 mem 0x8001069d
core   0: 0x80003670 (0x014000ef) jal     pc + 0x14
core   0: 3 0x80003670 (0x014000ef) x 1 0x80003674
core   0: 0x80003684 (0xff3ff0ef) jal     pc - 0xe
core   0: 3 0x80003684 (0xff3ff0ef) x 1 0x80003688
core   0: 0x80003676 (0x0000a839) c.j     pc + 30
core   0: 3 0x80003676 (0xa839)
core   0: 0x80003694 (0x0000b7ed) c.j     pc - 22
core   0: 3 0x80003694 (0xb7ed)
core   0: 0x8000367e (0xff7ff2ef) jal     t0, pc - 0xa
core   0: 3 0x8000367e (0xff7ff2ef) x 5 0x80003682
core   0: 0x80003674 (0x00002019) c.jal   pc + 6
core   0: 3 0x80003674 (0x2019) x 1 0x80003676
core   0: 0x8000367a (0x00e000ef) jal     pc + 0xe
core   0: 3 0x8000367a (0x00e000ef) x 1 0x8000367e
core   0: 0x80003688 (0x0000a009) c.j     pc + 2
core   0: 3 0x80003688 (0xa009)
core   0: 0x8000368a (0x0060086f) jal     a6, pc + 0x6
core   0: 3 0x8000368a (0x0060086f) x16 0x8000368e
core   0: 0x80003690 (0x0000b7e5) c.j     pc - 24
core   0: 3 0x80003690 (0xb7e5)
core   0: 0x80003678 (0x00002839) c.jal   pc + 30
core   0: 3 0x80003678 (0x2839) x 1 0x8000367a
core   0: 0x80003696 (0x0000bfe5) c.j     pc - 8
core   0: 3 0x80003696 (0xbfe5)
core   0: 0x8000368e (0x00002011) c.jal   pc + 4
core   0: 3 0x8000368e (0x2011) x 1 0x80003690
core   0: 0x80003692 (0x0000bfc5) c.j     pc - 16
core   0: 3 0x80003692 (0xbfc5)
core   0: 0x80003682 (0x0000a819) c.j     pc + 22
core   0: 3 0x80003682 (0xa819)
core   0: 0x80003698 (0x02c21d33) mulh    s10, tp, a2
core   0: 3 0x80003698 (0x02c21d33) x26 0xffffff94
core   0: 0x8000369c (0x010000ef) jal     pc + 0x10
core   0: 3 0x8000369c (0x010000ef) x 1 0x800036a0
core   0: 0x800036ac (0x00002029) c.jal   pc + 10
core   0: 3 0x800036ac (0x2029) x 1 0x800036ae
core   0: 0x800036b6 (0x0000a811) c.j     pc + 20
core   0: 3 0x800036b6 (0xa811)
core   0: 0x800036ca (0x0000b7fd) c.j     pc - 18
core   0: 3 0x800036ca (0xb7fd)
core   0: 0x800036b8 (0x00002031) c.jal   pc + 12
core   0: 3 0x800036b8 (0x2031) x 1 0x800036ba
core   0: 0x800036c4 (0xfefff1ef) jal     gp, pc - 0x12
core   0: 3 0x800036c4 (0xfefff1ef) x 3 0x800036c8
core   0: 0x800036b2 (0x00002039) c.jal   pc + 14
core   0: 3 0x800036b2 (0x2039) x 1 0x800036b4
core   0: 0x800036c0 (0xffbff0ef) jal     pc - 0x6
core   0: 3 0x800036c0 (0xffbff0ef) x 1 0x800036c4
core   0: 0x800036ba (0x0000a821) c.j     pc + 24
core   0: 3 0x800036ba (0xa821)
core   0: 0x800036d2 (0x00003ff1) c.jal   pc - 36
core   0: 3 0x800036d2 (0x3ff1) x 1 0x800036d4
core   0: 0x800036ae (0x0000bfdd) c.j     pc - 10
core   0: 3 0x800036ae (0xbfdd)
core   0: 0x800036a4 (0x00003ff5) c.jal   pc - 4
core   0: 3 0x800036a4 (0x3ff5) x 1 0x800036a6
core   0: 0x800036a0 (0x00002839) c.jal   pc + 30
core   0: 3 0x800036a0 (0x2839) x 1 0x800036a2
core   0: 0x800036be (0x0000a029) c.j     pc + 10
core   0: 3 0x800036be (0xa029)
core   0: 0x800036c8 (0x000037c5) c.jal   pc - 32
core   0: 3 0x800036c8 (0x37c5) x 1 0x800036ca
core   0: 0x800036a8 (0xfffff36f) jal     t1, pc - 0x2
core   0: 3 0x800036a8 (0xfffff36f) x 6 0x800036ac
core   0: 0x800036a6 (0x0000a02d) c.j     pc + 42
core   0: 3 0x800036a6 (0xa02d)
core   0: 0x800036d0 (0x0000b7c5) c.j     pc - 32
core   0: 3 0x800036d0 (0xb7c5)
core   0: 0x800036b0 (0x0000bfcd) c.j     pc - 14
core   0: 3 0x800036b0 (0xbfcd)
core   0: 0x800036a2 (0x0000a80d) c.j     pc + 50
core   0: 3 0x800036a2 (0xa80d)
core   0: 0x800036d4 (0x0000bfe5) c.j     pc - 8
core   0: 3 0x800036d4 (0xbfe5)
core   0: 0x800036cc (0xfe9ff0ef) jal     pc - 0x18
core   0: 3 0x800036cc (0xfe9ff0ef) x 1 0x800036d0
core   0: 0x800036b4 (0x0000a021) c.j     pc + 8
core   0: 3 0x800036b4 (0xa021)
core   0: 0x800036bc (0x0000a829) c.j     pc + 26
core   0: 3 0x800036bc (0xa829)
core   0: 0x800036d6 (0x026d41b3) div     gp, s10, t1
core   0: 3 0x800036d6 (0x026d41b3) x 3 0x00000000
core   0: 0x800036da (0x02e000ef) jal     pc + 0x2e
core   0: 3 0x800036da (0x02e000ef) x 1 0x800036de
core   0: 0x80003708 (0xff9ffb6f) jal     s6, pc - 0x8
core   0: 3 0x80003708 (0xff9ffb6f) x22 0x8000370c
core   0: 0x80003700 (0x0160036f) jal     t1, pc + 0x16
core   0: 3 0x80003700 (0x0160036f) x 6 0x80003704
core   0: 0x80003716 (0x00003fe5) c.jal   pc - 8
core   0: 3 0x80003716 (0x3fe5) x 1 0x80003718
core   0: 0x8000370e (0x0000a011) c.j     pc + 4
core   0: 3 0x8000370e (0xa011)
core   0: 0x80003712 (0xfd3ff0ef) jal     pc - 0x2e
core   0: 3 0x80003712 (0xfd3ff0ef) x 1 0x80003716
core   0: 0x800036e4 (0x0000a00d) c.j     pc + 34
core   0: 3 0x800036e4 (0xa00d)
core   0: 0x80003706 (0x00003fe1) c.jal   pc - 40
core   0: 3 0x80003706 (0x3fe1) x 1 0x80003708
core   0: 0x800036de (0x00002005) c.jal   pc + 32
core   0: 3 0x800036de (0x2005) x 1 0x800036e0
core   0: 0x800036fe (0x00003fcd) c.jal   pc - 14
core   0: 3 0x800036fe (0x3fcd) x 1 0x80003700
core   0: 0x800036f0 (0xff1ff0ef) jal     pc - 0x10
core   0: 3 0x800036f0 (0xff1ff0ef) x 1 0x800036f4
core   0: 0x800036e0 (0x0300046f) jal     s0, pc + 0x30
core   0: 3 0x800036e0 (0x0300046f) x 8 0x800036e4
core   0: 0x80003710 (0x00003fd9) c.jal   pc - 42
core   0: 3 0x80003710 (0x3fd9) x 1 0x80003712
core   0: 0x800036e6 (0x0000201d) c.jal   pc + 38
core   0: 3 0x800036e6 (0x201d) x 1 0x800036e8
core   0: 0x8000370c (0x0000b7ed) c.j     pc - 22
core   0: 3 0x8000370c (0xb7ed)
core   0: 0x800036f6 (0x00003fd5) c.jal   pc - 12
core   0: 3 0x800036f6 (0x3fd5) x 1 0x800036f8
core   0: 0x800036ea (0x0000a009) c.j     pc + 2
core   0: 3 0x800036ea (0xa009)
core   0: 0x800036ec (0x00e0026f) jal     tp, pc + 0xe
core   0: 3 0x800036ec (0x00e0026f) x 4 0x800036f0
core   0: 0x800036fa (0x01e0036f) jal     t1, pc + 0x1e
core   0: 3 0x800036fa (0x01e0036f) x 6 0x800036fe
core   0: 0x80003718 (0x000037c5) c.jal   pc - 32
core   0: 3 0x80003718 (0x37c5) x 1 0x8000371a
core   0: 0x800036f8 (0x0000bff5) c.j     pc - 4
core   0: 3 0x800036f8 (0xbff5)
core   0: 0x800036f4 (0x0000bfd5) c.j     pc - 12
core   0: 3 0x800036f4 (0xbfd5)
core   0: 0x800036e8 (0x0000a831) c.j     pc + 28
core   0: 3 0x800036e8 (0xa831)
core   0: 0x80003704 (0x0000a819) c.j     pc + 22
core   0: 3 0x80003704 (0xa819)
core   0: 0x8000371a (0xde7bac13) slti    s8, s7, -537
core   0: 3 0x8000371a (0xde7bac13) x24 0x00000000
core   0: 0x8000371e (0x008000ef) jal     pc + 0x8
core   0: 3 0x8000371e (0x008000ef) x 1 0x80003722
core   0: 0x80003726 (0x00a000ef) jal     pc + 0xa
core   0: 3 0x80003726 (0x00a000ef) x 1 0x8000372a
core   0: 0x80003730 (0xff3ff0ef) jal     pc - 0xe
core   0: 3 0x80003730 (0xff3ff0ef) x 1 0x80003734
core   0: 0x80003722 (0x00c000ef) jal     pc + 0xc
core   0: 3 0x80003722 (0x00c000ef) x 1 0x80003726
core   0: 0x8000372e (0x0000a021) c.j     pc + 8
core   0: 3 0x8000372e (0xa021)
core   0: 0x80003736 (0xfffff36f) jal     t1, pc - 0x2
core   0: 3 0x80003736 (0xfffff36f) x 6 0x8000373a
core   0: 0x80003734 (0x0000a029) c.j     pc + 10
core   0: 3 0x80003734 (0xa029)
core   0: 0x8000373e (0x00002019) c.jal   pc + 6
core   0: 3 0x8000373e (0x2019) x 1 0x80003740
core   0: 0x80003744 (0xffdff26f) jal     tp, pc - 0x4
core   0: 3 0x80003744 (0xffdff26f) x 4 0x80003748
core   0: 0x80003740 (0xffbff36f) jal     t1, pc - 0x6
core   0: 3 0x80003740 (0xffbff36f) x 6 0x80003744
core   0: 0x8000373a (0xff1ff36f) jal     t1, pc - 0x10
core   0: 3 0x8000373a (0xff1ff36f) x 6 0x8000373e
core   0: 0x8000372a (0x01e000ef) jal     pc + 0x1e
core   0: 3 0x8000372a (0x01e000ef) x 1 0x8000372e
core   0: 0x80003748 (0x03ccdab3) divu    s5, s9, t3
core   0: 3 0x80003748 (0x03ccdab3) x21 0xffffffff
core   0: 0x8000374c (0xffa00813) li      a6, -6
core   0: 3 0x8000374c (0xffa00813) x16 0xfffffffa
core   0: 0x80003750 (0x0000100f) fence.i
core   0: 3 0x80003750 (0x0000100f)
core   0: 0x80003754 (0x01200193) li      gp, 18
core   0: 3 0x80003754 (0x01200193) x 3 0x00000012
core   0: 0x80003758 (0xea02ef13) ori     t5, t0, -352
core   0: 3 0x80003758 (0xea02ef13) x30 0xfffffea2
core   0: 0x8000375c (0x00000829) c.addi  a6, 10
core   0: 3 0x8000375c (0x0829) x16 0x00000004
core   0: 0x8000375e (0x000084e5) c.srai  s1, 25
core   0: 3 0x8000375e (0x84e5) x 9 0x00000000
core   0: 0x80003760 (0x00a00c13) li      s8, 10
core   0: 3 0x80003760 (0x00a00c13) x24 0x0000000a
core   0: 0x80003764 (0x0000809e) c.mv    ra, t2
core   0: 3 0x80003764 (0x809e) x 1 0x00004e4f
core   0: 0x80003766 (0x00700893) li      a7, 7
core   0: 3 0x80003766 (0x00700893) x17 0x00000007
core   0: 0x8000376a (0x0371e233) rem     tp, gp, s7
core   0: 3 0x8000376a (0x0371e233) x 4 0x00000000
core   0: 0x8000376e (0x00008f41) c.or    a4, s0
core   0: 3 0x8000376e (0x8f41) x14 0x80003fff
core   0: 0x80003770 (0x8cc80c93) addi    s9, a6, -1844
core   0: 3 0x80003770 (0x8cc80c93) x25 0xfffff8d0
core   0: 0x80003774 (0x00001c79) c.addi  s8, -2
core   0: 3 0x80003774 (0x1c79) x24 0x00000008
core   0: 0x80003776 (0xff1c7ce3) bgeu    s8, a7, pc - 8
core   0: 3 0x80003776 (0xff1c7ce3)
core   0: 0x8000376e (0x00008f41) c.or    a4, s0
core   0: 3 0x8000376e (0x8f41) x14 0x80003fff
core   0: 0x80003770 (0x8cc80c93) addi    s9, a6, -1844
core   0: 3 0x80003770 (0x8cc80c93) x25 0xfffff8d0
core   0: 0x80003774 (0x00001c79) c.addi  s8, -2
core   0: 3 0x80003774 (0x1c79) x24 0x00000006
core   0: 0x80003776 (0xff1c7ce3) bgeu    s8, a7, pc - 8
core   0: 3 0x80003776 (0xff1c7ce3)
core   0: 0x8000377a (0x00001ffd) c.addi  t6, -1
core   0: 3 0x8000377a (0x1ffd) x31 0x00000000
core   0: 0x8000377c (0xfc384ee3) blt     a6, gp, pc - 36
core   0: 3 0x8000377c (0xfc384ee3)
core   0: 0x80003758 (0xea02ef13) ori     t5, t0, -352
core   0: 3 0x80003758 (0xea02ef13) x30 0xfffffea2
core   0: 0x8000375c (0x00000829) c.addi  a6, 10
core   0: 3 0x8000375c (0x0829) x16 0x0000000e
core   0: 0x8000375e (0x000084e5) c.srai  s1, 25
core   0: 3 0x8000375e (0x84e5) x 9 0x00000000
core   0: 0x80003760 (0x00a00c13) li      s8, 10
core   0: 3 0x80003760 (0x00a00c13) x24 0x0000000a
core   0: 0x80003764 (0x0000809e) c.mv    ra, t2
core   0: 3 0x80003764 (0x809e) x 1 0x00004e4f
core   0: 0x80003766 (0x00700893) li      a7, 7
core   0: 3 0x80003766 (0x00700893) x17 0x00000007
core   0: 0x8000376a (0x0371e233) rem     tp, gp, s7
core   0: 3 0x8000376a (0x0371e233) x 4 0x00000000
core   0: 0x8000376e (0x00008f41) c.or    a4, s0
core   0: 3 0x8000376e (0x8f41) x14 0x80003fff
core   0: 0x80003770 (0x8cc80c93) addi    s9, a6, -1844
core   0: 3 0x80003770 (0x8cc80c93) x25 0xfffff8da
core   0: 0x80003774 (0x00001c79) c.addi  s8, -2
core   0: 3 0x80003774 (0x1c79) x24 0x00000008
core   0: 0x80003776 (0xff1c7ce3) bgeu    s8, a7, pc - 8
core   0: 3 0x80003776 (0xff1c7ce3)
core   0: 0x8000376e (0x00008f41) c.or    a4, s0
core   0: 3 0x8000376e (0x8f41) x14 0x80003fff
core   0: 0x80003770 (0x8cc80c93) addi    s9, a6, -1844
core   0: 3 0x80003770 (0x8cc80c93) x25 0xfffff8da
core   0: 0x80003774 (0x00001c79) c.addi  s8, -2
core   0: 3 0x80003774 (0x1c79) x24 0x00000006
core   0: 0x80003776 (0xff1c7ce3) bgeu    s8, a7, pc - 8
core   0: 3 0x80003776 (0xff1c7ce3)
core   0: 0x8000377a (0x00001ffd) c.addi  t6, -1
core   0: 3 0x8000377a (0x1ffd) x31 0xffffffff
core   0: 0x8000377c (0xfc384ee3) blt     a6, gp, pc - 36
core   0: 3 0x8000377c (0xfc384ee3)
core   0: 0x80003758 (0xea02ef13) ori     t5, t0, -352
core   0: 3 0x80003758 (0xea02ef13) x30 0xfffffea2
core   0: 0x8000375c (0x00000829) c.addi  a6, 10
core   0: 3 0x8000375c (0x0829) x16 0x00000018
core   0: 0x8000375e (0x000084e5) c.srai  s1, 25
core   0: 3 0x8000375e (0x84e5) x 9 0x00000000
core   0: 0x80003760 (0x00a00c13) li      s8, 10
core   0: 3 0x80003760 (0x00a00c13) x24 0x0000000a
core   0: 0x80003764 (0x0000809e) c.mv    ra, t2
core   0: 3 0x80003764 (0x809e) x 1 0x00004e4f
core   0: 0x80003766 (0x00700893) li      a7, 7
core   0: 3 0x80003766 (0x00700893) x17 0x00000007
core   0: 0x8000376a (0x0371e233) rem     tp, gp, s7
core   0: 3 0x8000376a (0x0371e233) x 4 0x00000000
core   0: 0x8000376e (0x00008f41) c.or    a4, s0
core   0: 3 0x8000376e (0x8f41) x14 0x80003fff
core   0: 0x80003770 (0x8cc80c93) addi    s9, a6, -1844
core   0: 3 0x80003770 (0x8cc80c93) x25 0xfffff8e4
core   0: 0x80003774 (0x00001c79) c.addi  s8, -2
core   0: 3 0x80003774 (0x1c79) x24 0x00000008
core   0: 0x80003776 (0xff1c7ce3) bgeu    s8, a7, pc - 8
core   0: 3 0x80003776 (0xff1c7ce3)
core   0: 0x8000376e (0x00008f41) c.or    a4, s0
core   0: 3 0x8000376e (0x8f41) x14 0x80003fff
core   0: 0x80003770 (0x8cc80c93) addi    s9, a6, -1844
core   0: 3 0x80003770 (0x8cc80c93) x25 0xfffff8e4
core   0: 0x80003774 (0x00001c79) c.addi  s8, -2
core   0: 3 0x80003774 (0x1c79) x24 0x00000006
core   0: 0x80003776 (0xff1c7ce3) bgeu    s8, a7, pc - 8
core   0: 3 0x80003776 (0xff1c7ce3)
core   0: 0x8000377a (0x00001ffd) c.addi  t6, -1
core   0: 3 0x8000377a (0x1ffd) x31 0xfffffffe
core   0: 0x8000377c (0xfc384ee3) blt     a6, gp, pc - 36
core   0: 3 0x8000377c (0xfc384ee3)
core   0: 0x80003780 (0x60db6f97) auipc   t6, 0x60db6
core   0: 3 0x80003780 (0x60db6f97) x31 0xe0db9780
core   0: 0x80003784 (0x0001de17) auipc   t3, 0x1d
core   0: 3 0x80003784 (0x0001de17) x28 0x80020784
core   0: 0x80003788 (0x480e0e13) addi    t3, t3, 1152
core   0: 3 0x80003788 (0x480e0e13) x28 0x80020c04
core   0: 0x8000378c (0x019700b3) add     ra, a4, s9
core   0: 3 0x8000378c (0x019700b3) x 1 0x800038e3
core   0: 0x80003790 (0x03ee5883) lhu     a7, 62(t3)
core   0: 3 0x80003790 (0x03ee5883) x17 0x0000f8f9 mem 0x80020c42
core   0: 0x80003794 (0x006f5f33) srl     t5, t5, t1
core   0: 3 0x80003794 (0x006f5f33) x30 0x00000003
core   0: 0x80003798 (0x048e0603) lb      a2, 72(t3)
core   0: 3 0x80003798 (0x048e0603) x12 0x00000007 mem 0x80020c4c
core   0: 0x8000379c (0x009e0403) lb      s0, 9(t3)
core   0: 3 0x8000379c (0x009e0403) x 8 0xffffffc6 mem 0x80020c0d
core   0: 0x800037a0 (0x41045013) srai    zero, s0, 16
core   0: 3 0x800037a0 (0x41045013)
core   0: 0x800037a4 (0x01bb5933) srl     s2, s6, s11
core   0: 3 0x800037a4 (0x01bb5933) x18 0x00000010
core   0: 0x800037a8 (0x0000100f) fence.i
core   0: 3 0x800037a8 (0x0000100f)
core   0: 0x800037ac (0xff2e4203) lbu     tp, -14(t3)
core   0: 3 0x800037ac (0xff2e4203) x 4 0x000000ad mem 0x80020bf6
core   0: 0x800037b0 (0x022e4c03) lbu     s8, 34(t3)
core   0: 3 0x800037b0 (0x022e4c03) x24 0x000000dd mem 0x80020c26
core   0: 0x800037b4 (0x41aa58b3) sra     a7, s4, s10
core   0: 3 0x800037b4 (0x41aa58b3) x17 0xfffff800
core   0: 0x800037b8 (0x0000587d) c.li    a6, -1
core   0: 3 0x800037b8 (0x587d) x16 0xffffffff
core   0: 0x800037ba (0xf59e0ca3) sb      s9, -167(t3)
core   0: 3 0x800037ba (0xf59e0ca3) mem 0x80020b5d 0xe4
core   0: 0x800037be (0x018d12b3) sll     t0, s10, s8
core   0: 3 0x800037be (0x018d12b3) x 5 0x80000000
core   0: 0x800037c2 (0xff1e0ea3) sb      a7, -3(t3)
core   0: 3 0x800037c2 (0xff1e0ea3) mem 0x80020c01 0x0
core   0: 0x800037c6 (0xfaae1303) lh      t1, -86(t3)
core   0: 3 0x800037c6 (0xfaae1303) x 6 0x00006465 mem 0x80020bae
core   0: 0x800037ca (0xf17e0b03) lb      s6, -233(t3)
core   0: 3 0x800037ca (0xf17e0b03) x22 0xffffffd0 mem 0x80020b1b
core   0: 0x800037ce (0xcccb3793) sltiu   a5, s6, -820
core   0: 3 0x800037ce (0xcccb3793) x15 0x00000000
core   0: 0x800037d2 (0xf3220913) addi    s2, tp, -206
core   0: 3 0x800037d2 (0xf3220913) x18 0xffffffdf
core   0: 0x800037d6 (0x011d4f33) xor     t5, s10, a7
core   0: 3 0x800037d6 (0x011d4f33) x30 0x00000794
core   0: 0x800037da (0x00005c7d) c.li    s8, -1
core   0: 3 0x800037da (0x5c7d) x24 0xffffffff
core   0: 0x800037dc (0x01d3b7b3) sltu    a5, t2, t4
core   0: 3 0x800037dc (0x01d3b7b3) x15 0x00000000
core   0: 0x800037e0 (0x0dde0c03) lb      s8, 221(t3)
core   0: 3 0x800037e0 (0x0dde0c03) x24 0xffffff9a mem 0x80020ce1
core   0: 0x800037e4 (0x023e4a83) lbu     s5, 35(t3)
core   0: 3 0x800037e4 (0x023e4a83) x21 0x000000dc mem 0x80020c27
core   0: 0x800037e8 (0x0bfe4183) lbu     gp, 191(t3)
core   0: 3 0x800037e8 (0x0bfe4183) x 3 0x00000078 mem 0x80020cc3
core   0: 0x800037ec (0xf77e1723) sh      s7, -146(t3)
core   0: 3 0x800037ec (0xf77e1723) mem 0x80020b72 0x0001
core   0: 0x800037f0 (0x022e1623) sh      sp, 44(t3)
core   0: 3 0x800037f0 (0x022e1623) mem 0x80020c30 0x9ce4
core   0: 0x800037f4 (0x024e4483) lbu     s1, 36(t3)
core   0: 3 0x800037f4 (0x024e4483) x 9 0x000000e3 mem 0x80020c28
core   0: 0x800037f8 (0x41448733) sub     a4, s1, s4
core   0: 3 0x800037f8 (0x41448733) x14 0x7ffda27f
core   0: 0x800037fc (0xfbae0323) sb      s10, -90(t3)
core   0: 3 0x800037fc (0xfbae0323) mem 0x80020baa 0x94
core   0: 0x80003800 (0x0ff0000f) fence   iorw,iorw
core   0: 3 0x80003800 (0x0ff0000f)
core   0: 0x80003804 (0xb89b2f13) slti    t5, s6, -1143
core   0: 3 0x80003804 (0xb89b2f13) x30 0x00000000
core   0: 0x80003808 (0x0236f733) remu    a4, a3, gp
core   0: 3 0x80003808 (0x0236f733) x14 0x00000009
core   0: 0x8000380c (0x002eb633) sltu    a2, t4, sp
core   0: 3 0x8000380c (0x002eb633) x12 0x00000001
core   0: 0x80003810 (0x00000001) c.nop
core   0: 3 0x80003810 (0x0001)
core   0: 0x80003812 (0xfcae1203) lh      tp, -54(t3)
core   0: 3 0x80003812 (0xfcae1203) x 4 0xffff8485 mem 0x80020bce
core   0: 0x80003816 (0x00009a92) c.add   s5, tp
core   0: 3 0x80003816 (0x9a92) x21 0xffff8561
core   0: 0x80003818 (0x00008819) c.andi  s0, 6
core   0: 3 0x80003818 (0x8819) x 8 0x00000006
core   0: 0x8000381a (0x0023e2b3) or      t0, t2, sp
core   0: 3 0x8000381a (0x0023e2b3) x 5 0x8002deef
core   0: 0x8000381e (0x0075d1b3) srl     gp, a1, t2
core   0: 3 0x8000381e (0x0075d1b3) x 3 0x00010000
core   0: 0x80003822 (0x04ce4183) lbu     gp, 76(t3)
core   0: 3 0x80003822 (0x04ce4183) x 3 0x0000000b mem 0x80020c50
core   0: 0x80003826 (0x000212b3) sll     t0, tp, zero
core   0: 3 0x80003826 (0x000212b3) x 5 0xffff8485
core   0: 0x8000382a (0x0000654d) c.lui   a0, 0x13
core   0: 3 0x8000382a (0x654d) x10 0x00013000
core   0: 0x8000382c (0x00008ff1) c.and   a5, a2
core   0: 3 0x8000382c (0x8ff1) x15 0x00000000
core   0: 0x8000382e (0x079e0d03) lb      s10, 121(t3)
core   0: 3 0x8000382e (0x079e0d03) x26 0x00000036 mem 0x80020c7d
core   0: 0x80003832 (0x03497d33) remu    s10, s2, s4
core   0: 3 0x80003832 (0x03497d33) x26 0x7ffda17b
core   0: 0x80003836 (0x804bfc13) andi    s8, s7, -2044
core   0: 3 0x80003836 (0x804bfc13) x24 0x00000000
core   0: 0x8000383a (0x030e5303) lhu     t1, 48(t3)
core   0: 3 0x8000383a (0x030e5303) x 6 0x0000eeef mem 0x80020c34
core   0: 0x8000383e (0x04de0c03) lb      s8, 77(t3)
core   0: 3 0x8000383e (0x04de0c03) x24 0x0000000a mem 0x80020c51
core   0: 0x80003842 (0xf59e08a3) sb      s9, -175(t3)
core   0: 3 0x80003842 (0xf59e08a3) mem 0x80020b55 0xe4
core   0: 0x80003846 (0x0bbe0ca3) sb      s11, 185(t3)
core   0: 3 0x80003846 (0x0bbe0ca3) mem 0x80020cbd 0x3b
core   0: 0x8000384a (0xfe8e1b23) sh      s0, -10(t3)
core   0: 3 0x8000384a (0xfe8e1b23) mem 0x80020bfa 0x0006
core   0: 0x8000384e (0x0000d397) auipc   t2, 0xd
core   0: 3 0x8000384e (0x0000d397) x 7 0x8001084e
core   0: 0x80003852 (0x14a38393) addi    t2, t2, 330
core   0: 3 0x80003852 (0x14a38393) x 7 0x80010998
core   0: 0x80003856 (0xff238b83) lb      s7, -14(t2)
core   0: 3 0x80003856 (0xff238b83) x23 0x00000041 mem 0x8001098a
core   0: 0x8000385a (0x41ccd7b3) sra     a5, s9, t3
core   0: 3 0x8000385a (0x41ccd7b3) x15 0xffffff8e
core   0: 0x8000385e (0xff23ca83) lbu     s5, -14(t2)
core   0: 3 0x8000385e (0xff23ca83) x21 0x00000041 mem 0x8001098a
core   0: 0x80003862 (0x00006de5) c.lui   s11, 0x19
core   0: 3 0x80003862 (0x6de5) x27 0x00019000
core   0: 0x80003864 (0xff239503) lh      a0, -14(t2)
core   0: 3 0x80003864 (0xff239503) x10 0x00004041 mem 0x8001098a
core   0: 0x80003868 (0xffa38923) sb      s10, -14(t2)
core   0: 3 0x80003868 (0xffa38923) mem 0x8001098a 0x7b
core   0: 0x8000386c (0xff23d203) lhu     tp, -14(t2)
core   0: 3 0x8000386c (0xff23d203) x 4 0x0000407b mem 0x8001098a
core   0: 0x80003870 (0xff239a83) lh      s5, -14(t2)
core   0: 3 0x80003870 (0xff239a83) x21 0x0000407b mem 0x8001098a
core   0: 0x80003874 (0xfe039923) sh      zero, -14(t2)
core   0: 3 0x80003874 (0xfe039923) mem 0x8001098a 0x0000
core   0: 0x80003878 (0xffa39923) sh      s10, -14(t2)
core   0: 3 0x80003878 (0xffa39923) mem 0x8001098a 0xa17b
core   0: 0x8000387c (0xfe138003) lb      zero, -31(t2)
core   0: 3 0x8000387c (0xfe138003) mem 0x80010979
core   0: 0x80003880 (0x00006ae9) c.lui   s5, 0x1a
core   0: 3 0x80003880 (0x6ae9) x21 0x0001a000
core   0: 0x80003882 (0x000f7e33) and     t3, t5, zero
core   0: 3 0x80003882 (0x000f7e33) x28 0x00000000
core   0: 0x80003886 (0xfe2380a3) sb      sp, -31(t2)
core   0: 3 0x80003886 (0xfe2380a3) mem 0x80010979 0xe4
core   0: 0x8000388a (0x03a6eab3) rem     s5, a3, s10
core   0: 3 0x8000388a (0x03a6eab3) x21 0x00000009
core   0: 0x8000388e (0xfe138903) lb      s2, -31(t2)
core   0: 3 0x8000388e (0xfe138903) x18 0xffffffe4 mem 0x80010979
core   0: 0x80003892 (0xffb380a3) sb      s11, -31(t2)
core   0: 3 0x80003892 (0xffb380a3) mem 0x80010979 0x0
core   0: 0x80003896 (0xfe138783) lb      a5, -31(t2)
core   0: 3 0x80003896 (0xfe138783) x15 0x00000000 mem 0x80010979
core   0: 0x8000389a (0xfe13c603) lbu     a2, -31(t2)
core   0: 3 0x8000389a (0xfe13c603) x12 0x00000000 mem 0x80010979
core   0: 0x8000389e (0x0000d797) auipc   a5, 0xd
core   0: 3 0x8000389e (0x0000d797) x15 0x8001089e
core   0: 0x800038a2 (0x80678793) addi    a5, a5, -2042
core   0: 3 0x800038a2 (0x80678793) x15 0x800100a4
core   0: 0x800038a6 (0x01078203) lb      tp, 16(a5)
core   0: 3 0x800038a6 (0x01078203) x 4 0x0000006f mem 0x800100b4
core   0: 0x800038aa (0x00015317) auipc   t1, 0x15
core   0: 3 0x800038aa (0x00015317) x 6 0x800188aa
core   0: 0x800038ae (0x37230313) addi    t1, t1, 882
core   0: 3 0x800038ae (0x37230313) x 6 0x80018c1c
core   0: 0x800038b2 (0xfd87db03) lhu     s6, -40(a5)
core   0: 3 0x800038b2 (0xfd87db03) x22 0x00003637 mem 0x8001007c
core   0: 0x800038b6 (0x02a30c83) lb      s9, 42(t1)
core   0: 3 0x800038b6 (0x02a30c83) x25 0xfffffffd mem 0x80018c46
core   0: 0x800038ba (0x0227d003) lhu     zero, 34(a5)
core   0: 3 0x800038ba (0x0227d003) mem 0x800100c6
core   0: 0x800038be (0xfd379123) sh      s3, -62(a5)
core   0: 3 0x800038be (0xfd379123) mem 0x80010066 0xfff2
core   0: 0x800038c2 (0xfc8308a3) sb      s0, -47(t1)
core   0: 3 0x800038c2 (0xfc8308a3) mem 0x80018bed 0x6
core   0: 0x800038c6 (0x03a7dc03) lhu     s8, 58(a5)
core   0: 3 0x800038c6 (0x03a7dc03) x24 0x00009495 mem 0x800100de
core   0: 0x800038ca (0xff632023) sw      s6, -32(t1)
core   0: 3 0x800038ca (0xff632023) mem 0x80018bfc 0x00003637
core   0: 0x800038ce (0xffd34e83) lbu     t4, -3(t1)
core   0: 3 0x800038ce (0xffd34e83) x29 0x000000d2 mem 0x80018c19
core   0: 0x800038d2 (0x0ab34983) lbu     s3, 171(t1)
core   0: 3 0x800038d2 (0x0ab34983) x19 0x0000007c mem 0x80018cc7
core   0: 0x800038d6 (0xff279803) lh      a6, -14(a5)
core   0: 3 0x800038d6 (0xff279803) x16 0x00004c4d mem 0x80010096
core   0: 0x800038da (0x00019d97) auipc   s11, 0x19
core   0: 3 0x800038da (0x00019d97) x27 0x8001c8da
core   0: 0x800038de (0x89bd8d93) addi    s11, s11, -1893
core   0: 3 0x800038de (0x89bd8d93) x27 0x8001c175
core   0: 0x800038e2 (0xffcd8d03) lb      s10, -4(s11)
core   0: 3 0x800038e2 (0xffcd8d03) x26 0x0000002a mem 0x8001c171
core   0: 0x800038e6 (0x00fda003) lw      zero, 15(s11)
core   0: 3 0x800038e6 (0x00fda003) mem 0x8001c184
core   0: 0x800038ea (0xff5d8003) lb      zero, -11(s11)
core   0: 3 0x800038ea (0xff5d8003) mem 0x8001c16a
core   0: 0x800038ee (0x280b7d13) andi    s10, s6, 640
core   0: 3 0x800038ee (0x280b7d13) x26 0x00000200
core   0: 0x800038f2 (0x008dcb03) lbu     s6, 8(s11)
core   0: 3 0x800038f2 (0x008dcb03) x22 0x00000036 mem 0x8001c17d
core   0: 0x800038f6 (0x00545813) srli    a6, s0, 5
core   0: 3 0x800038f6 (0x00545813) x16 0x00000000
core   0: 0x800038fa (0x00000001) c.nop
core   0: 3 0x800038fa (0x0001)
core   0: 0x800038fc (0x000da3a3) sw      zero, 7(s11)
core   0: 3 0x800038fc (0x000da3a3) mem 0x8001c17c 0x00000000
core   0: 0x80003900 (0x0000100f) fence.i
core   0: 3 0x80003900 (0x0000100f)
core   0: 0x80003904 (0xd16e0413) addi    s0, t3, -746
core   0: 3 0x80003904 (0xd16e0413) x 8 0xfffffd16
core   0: 0x80003908 (0xffcd8b03) lb      s6, -4(s11)
core   0: 3 0x80003908 (0xffcd8b03) x22 0x0000002a mem 0x8001c171
core   0: 0x8000390c (0x00005d33) srl     s10, zero, zero
core   0: 3 0x8000390c (0x00005d33) x26 0x00000000
core   0: 0x80003910 (0x03a47033) remu    zero, s0, s10
core   0: 3 0x80003910 (0x03a47033)
core   0: 0x80003914 (0x01ad8523) sb      s10, 10(s11)
core   0: 3 0x80003914 (0x01ad8523) mem 0x8001c17f 0x0
core   0: 0x80003918 (0xff0d8d23) sb      a6, -6(s11)
core   0: 3 0x80003918 (0xff0d8d23) mem 0x8001c16f 0x0
core   0: 0x8000391c (0x00008805) c.andi  s0, 1
core   0: 3 0x8000391c (0x8805) x 8 0x00000000
core   0: 0x8000391e (0x01cd83a3) sb      t3, 7(s11)
core   0: 3 0x8000391e (0x01cd83a3) mem 0x8001c17c 0x0
core   0: 0x80003922 (0x03ae4b33) div     s6, t3, s10
core   0: 3 0x80003922 (0x03ae4b33) x22 0xffffffff
core   0: 0x80003926 (0x03005d33) divu    s10, zero, a6
core   0: 3 0x80003926 (0x03005d33) x26 0xffffffff
core   0: 0x8000392a (0xa95b7b13) andi    s6, s6, -1387
core   0: 3 0x8000392a (0xa95b7b13) x22 0xfffffa95
core   0: 0x8000392e (0xff4dce03) lbu     t3, -12(s11)
core   0: 3 0x8000392e (0xff4dce03) x28 0x00000022 mem 0x8001c169
core   0: 0x80003932 (0xff0dada3) sw      a6, -5(s11)
core   0: 3 0x80003932 (0xff0dada3) mem 0x8001c170 0x00000000
core   0: 0x80003936 (0xff1d9b03) lh      s6, -15(s11)
core   0: 3 0x80003936 (0xff1d9b03) x22 0x00001c1d mem 0x8001c166
core   0: 0x8000393a (0xff0dafa3) sw      a6, -1(s11)
core   0: 3 0x8000393a (0xff0dafa3) mem 0x8001c174 0x00000000
core   0: 0x8000393e (0xff6d8823) sb      s6, -16(s11)
core   0: 3 0x8000393e (0xff6d8823) mem 0x8001c165 0x1d
core   0: 0x80003942 (0x00008c41) c.or    s0, s0
core   0: 3 0x80003942 (0x8c41) x 8 0x00000000
core   0: 0x80003944 (0xff0d8f23) sb      a6, -2(s11)
core   0: 3 0x80003944 (0xff0d8f23) mem 0x8001c173 0x0
core   0: 0x80003948 (0x59a33d37) lui     s10, 0x59a33
core   0: 3 0x80003948 (0x59a33d37) x26 0x59a33000
core   0: 0x8000394c (0xff1d9803) lh      a6, -15(s11)
core   0: 3 0x8000394c (0xff1d9803) x16 0x00001c1d mem 0x8001c166
core   0: 0x80003950 (0x005d8e03) lb      t3, 5(s11)
core   0: 3 0x80003950 (0x005d8e03) x28 0x00000031 mem 0x8001c17a
core   0: 0x80003954 (0x00008c21) c.xor   s0, s0
core   0: 3 0x80003954 (0x8c21) x 8 0x00000000
core   0: 0x80003956 (0x000d82a3) sb      zero, 5(s11)
core   0: 3 0x80003956 (0x000d82a3) mem 0x8001c17a 0x0
core   0: 0x8000395a (0xfa66a417) auipc   s0, 0xfa66a
core   0: 3 0x8000395a (0xfa66a417) x 8 0x7a66d95a
core   0: 0x8000395e (0x40885e13) srai    t3, a6, 8
core   0: 3 0x8000395e (0x40885e13) x28 0x0000001c
core   0: 0x80003962 (0xff2d8003) lb      zero, -14(s11)
core   0: 3 0x80003962 (0xff2d8003) mem 0x8001c167
core   0: 0x80003966 (0xff6dc403) lbu     s0, -10(s11)
core   0: 3 0x80003966 (0xff6dc403) x 8 0x00000020 mem 0x8001c16b
core   0: 0x8000396a (0xfffd9803) lh      a6, -1(s11)
core   0: 3 0x8000396a (0xfffd9803) x16 0x00000000 mem 0x8001c174
core   0: 0x8000396e (0xffadcd03) lbu     s10, -6(s11)
core   0: 3 0x8000396e (0xffadcd03) x26 0x00000000 mem 0x8001c16f
core   0: 0x80003972 (0x00008d5a) c.mv    s10, s6
core   0: 3 0x80003972 (0x8d5a) x26 0x00001c1d
core   0: 0x80003974 (0xffbdcb03) lbu     s6, -5(s11)
core   0: 3 0x80003974 (0xffbdcb03) x22 0x00000000 mem 0x8001c170
core   0: 0x80003978 (0xff5d8d03) lb      s10, -11(s11)
core   0: 3 0x80003978 (0xff5d8d03) x26 0x00000021 mem 0x8001c16a
core   0: 0x8000397c (0xff3ddb03) lhu     s6, -13(s11)
core   0: 3 0x8000397c (0xff3ddb03) x22 0x00002223 mem 0x8001c168
core   0: 0x80003980 (0x016d80a3) sb      s6, 1(s11)
core   0: 3 0x80003980 (0x016d80a3) mem 0x8001c176 0x23
core   0: 0x80003984 (0x005d8003) lb      zero, 5(s11)
core   0: 3 0x80003984 (0x005d8003) mem 0x8001c17a
core   0: 0x80003988 (0xffdd8403) lb      s0, -3(s11)
core   0: 3 0x80003988 (0xffdd8403) x 8 0x00000000 mem 0x8001c172
core   0: 0x8000398c (0x000084f9) c.srai  s1, 30
core   0: 3 0x8000398c (0x84f9) x 9 0x00000000
core   0: 0x8000398e (0xe68cc693) xori    a3, s9, -408
core   0: 3 0x8000398e (0xe68cc693) x13 0x00000195
core   0: 0x80003992 (0x0184dfb3) srl     t6, s1, s8
core   0: 3 0x80003992 (0x0184dfb3) x31 0x00000000
core   0: 0x80003996 (0x018c9e33) sll     t3, s9, s8
core   0: 3 0x80003996 (0x018c9e33) x28 0xffa00000
core   0: 0x8000399a (0x03f4c4b3) div     s1, s1, t6
core   0: 3 0x8000399a (0x03f4c4b3) x 9 0xffffffff
core   0: 0x8000399e (0x0000e009) c.bnez  s0, pc + 2
core   0: 3 0x8000399e (0xe009)
core   0: 0x800039a0 (0x16f62513) slti    a0, a2, 367
core   0: 3 0x800039a0 (0x16f62513) x10 0x00000001
core   0: 0x800039a4 (0x00008e75) c.and   a2, a3
core   0: 3 0x800039a4 (0x8e75) x12 0x00000000
core   0: 0x800039a6 (0x00ca16b3) sll     a3, s4, a2
core   0: 3 0x800039a6 (0x00ca16b3) x13 0x80025e64
core   0: 0x800039aa (0x00008292) c.mv    t0, tp
core   0: 3 0x800039aa (0x8292) x 5 0x0000006f
core   0: 0x800039ac (0x03621663) bne     tp, s6, pc + 44
core   0: 3 0x800039ac (0x03621663)
core   0: 0x800039d8 (0x00000001) c.nop
core   0: 3 0x800039d8 (0x0001)
core   0: 0x800039da (0x414988b3) sub     a7, s3, s4
core   0: 3 0x800039da (0x414988b3) x17 0x7ffda218
core   0: 0x800039de (0xe81c0f17) auipc   t5, 0xe81c0
core   0: 3 0x800039de (0xe81c0f17) x30 0x681c39de
core   0: 0x800039e2 (0xb5663e13) sltiu   t3, a2, -1194
core   0: 3 0x800039e2 (0xb5663e13) x28 0x00000001
core   0: 0x800039e6 (0x01656ab3) or      s5, a0, s6
core   0: 3 0x800039e6 (0x01656ab3) x21 0x00002223
core   0: 0x800039ea (0x4003dc13) srai    s8, t2, 0
core   0: 3 0x800039ea (0x4003dc13) x24 0x80010998
core   0: 0x800039ee (0x00e50563) beq     a0, a4, pc + 10
core   0: 3 0x800039ee (0x00e50563)
core   0: 0x800039f2 (0x0000147d) c.addi  s0, -1
core   0: 3 0x800039f2 (0x147d) x 8 0xffffffff
core   0: 0x800039f4 (0x01b81193) slli    gp, a6, 27
core   0: 3 0x800039f4 (0x01b81193) x 3 0x00000000
core   0: 0x800039f8 (0x00008c96) c.mv    s9, t0
core   0: 3 0x800039f8 (0x8c96) x25 0x0000006f
core   0: 0x800039fa (0x4141df93) srai    t6, gp, 20
core   0: 3 0x800039fa (0x4141df93) x31 0x00000000
core   0: 0x800039fe (0x001177b3) and     a5, sp, ra
core   0: 3 0x800039fe (0x001177b3) x15 0x800018e0
core   0: 0x80003a02 (0x00008fdd) c.or    a5, a5
core   0: 3 0x80003a02 (0x8fdd) x15 0x800018e0
core   0: 0x80003a04 (0x0309ad33) mulhsu  s10, s3, a6
core   0: 3 0x80003a04 (0x0309ad33) x26 0x00000000
core   0: 0x80003a08 (0x50a1aa93) slti    s5, gp, 1290
core   0: 3 0x80003a08 (0x50a1aa93) x21 0x00000001
core   0: 0x80003a0c (0x0000137d) c.addi  t1, -1
core   0: 3 0x80003a0c (0x137d) x 6 0x80018c1b
core   0: 0x80003a0e (0x03339463) bne     t2, s3, pc + 40
core   0: 3 0x80003a0e (0x03339463)
core   0: 0x80003a36 (0x010d5233) srl     tp, s10, a6
core   0: 3 0x80003a36 (0x010d5233) x 4 0x00000000
core   0: 0x80003a3a (0x5d8afc13) andi    s8, s5, 1496
core   0: 3 0x80003a3a (0x5d8afc13) x24 0x00000000
core   0: 0x80003a3e (0x00000e5e) c.slli  t3, 23
core   0: 3 0x80003a3e (0x0e5e) x28 0x00800000
core   0: 0x80003a40 (0x00008f2d) c.xor   a4, a1
core   0: 3 0x80003a40 (0x8f2d) x14 0x80000009
core   0: 0x80003a42 (0x010ced63) bltu    s9, a6, pc + 26
core   0: 3 0x80003a42 (0x010ced63)
core   0: 0x80003a46 (0x000008ed) c.addi  a7, 27
core   0: 3 0x80003a46 (0x08ed) x17 0x7ffda233
core   0: 0x80003a48 (0x410bdb33) sra     s6, s7, a6
core   0: 3 0x80003a48 (0x410bdb33) x22 0x00000041
core   0: 0x80003a4c (0x03664633) div     a2, a2, s6
core   0: 3 0x80003a4c (0x03664633) x12 0x00000000
core   0: 0x80003a50 (0x01365d13) srli    s10, a2, 19
core   0: 3 0x80003a50 (0x01365d13) x26 0x00000000
core   0: 0x80003a54 (0x0362af33) mulhsu  t5, t0, s6
core   0: 3 0x80003a54 (0x0362af33) x30 0x00000000
core   0: 0x80003a58 (0x02b07763) bgeu    zero, a1, pc + 46
core   0: 3 0x80003a58 (0x02b07763)
core   0: 0x80003a5c (0x0120d493) srli    s1, ra, 18
core   0: 3 0x80003a5c (0x0120d493) x 9 0x00002000
core   0: 0x80003a60 (0x00008131) c.srli  a0, 12
core   0: 3 0x80003a60 (0x8131) x10 0x00000000
core   0: 0x80003a62 (0x00004f1d) c.li    t5, 7
core   0: 3 0x80003a62 (0x4f1d) x30 0x00000007
core   0: 0x80003a64 (0x0119ee33) or      t3, s3, a7
core   0: 3 0x80003a64 (0x0119ee33) x28 0x7ffda27f
core   0: 0x80003a68 (0x00008711) c.srai  a4, 4
core   0: 3 0x80003a68 (0x8711) x14 0xf8000000
core   0: 0x80003a6a (0x40ddd093) srai    ra, s11, 13
core   0: 3 0x80003a6a (0x40ddd093) x 1 0xfffc000e
core   0: 0x80003a6e (0xdda30297) auipc   t0, 0xdda30
core   0: 3 0x80003a6e (0xdda30297) x 5 0x5da33a6e
core   0: 0x80003a72 (0x00008c95) c.sub   s1, a3
core   0: 3 0x80003a72 (0x8c95) x 9 0x7ffdc19c
core   0: 0x80003a74 (0x02a1dab3) divu    s5, gp, a0
core   0: 3 0x80003a74 (0x02a1dab3) x21 0xffffffff
core   0: 0x80003a78 (0x0000896d) c.andi  a0, 27
core   0: 3 0x80003a78 (0x896d) x10 0x00000000
core   0: 0x80003a7a (0x00009ffe) c.add   t6, t6
core   0: 3 0x80003a7a (0x9ffe) x31 0x00000000
core   0: 0x80003a7c (0x0ff0000f) fence   iorw,iorw
core   0: 3 0x80003a7c (0x0ff0000f)
core   0: 0x80003a80 (0x00008ff9) c.and   a5, a4
core   0: 3 0x80003a80 (0x8ff9) x15 0x80000000
core   0: 0x80003a82 (0x00008ec9) c.or    a3, a0
core   0: 3 0x80003a82 (0x8ec9) x13 0x80025e64
core   0: 0x80003a84 (0x000082a5) c.srli  a3, 9
core   0: 3 0x80003a84 (0x82a5) x13 0x0040012f
core   0: 0x80003a86 (0x00000d89) c.addi  s11, 2
core   0: 3 0x80003a86 (0x0d89) x27 0x8001c177
core   0: 0x80003a88 (0x01275213) srli    tp, a4, 18
core   0: 3 0x80003a88 (0x01275213) x 4 0x00003e00
core   0: 0x80003a8c (0x03f16833) rem     a6, sp, t6
core   0: 3 0x80003a8c (0x03f16833) x16 0x80029ce4
core   0: 0x80003a90 (0x00008785) c.srai  a5, 1
core   0: 3 0x80003a90 (0x8785) x15 0xc0000000
core   0: 0x80003a92 (0x036edd63) bge     t4, s6, pc + 58
core   0: 3 0x80003a92 (0x036edd63)
core   0: 0x80003acc (0x00000492) c.slli  s1, 4
core   0: 3 0x80003acc (0x0492) x 9 0xffdc19c0
core   0: 0x80003ace (0x00000969) c.addi  s2, 26
core   0: 3 0x80003ace (0x0969) x18 0xfffffffe
core   0: 0x80003ad0 (0x39ff0613) addi    a2, t5, 927
core   0: 3 0x80003ad0 (0x39ff0613) x12 0x000003a6
core   0: 0x80003ad4 (0x000063c9) c.lui   t2, 0x12
core   0: 3 0x80003ad4 (0x63c9) x 7 0x00012000
core   0: 0x80003ad6 (0x00761f33) sll     t5, a2, t2
core   0: 3 0x80003ad6 (0x00761f33) x30 0x000003a6
core   0: 0x80003ada (0x1c957b13) andi    s6, a0, 457
core   0: 3 0x80003ada (0x1c957b13) x22 0x00000000
core   0: 0x80003ade (0x026f4033) div     zero, t5, t1
core   0: 3 0x80003ade (0x026f4033)
core   0: 0x80003ae2 (0x00000001) c.nop
core   0: 3 0x80003ae2 (0x0001)
core   0: 0x80003ae4 (0x00008d2d) c.xor   a0, a1
core   0: 3 0x80003ae4 (0x8d2d) x10 0x80000000
core   0: 0x80003ae6 (0x000002c1) c.addi  t0, 16
core   0: 3 0x80003ae6 (0x02c1) x 5 0x5da33a7e
core   0: 0x80003ae8 (0x02bb3633) mulhu   a2, s6, a1
core   0: 3 0x80003ae8 (0x02bb3633) x12 0x00000000
core   0: 0x80003aec (0x035e24b3) mulhsu  s1, t3, s5
core   0: 3 0x80003aec (0x035e24b3) x 9 0x7ffda27e
core   0: 0x80003af0 (0x03b7a4b3) mulhsu  s1, a5, s11
core   0: 3 0x80003af0 (0x03b7a4b3) x 9 0xdfff8fa2
core   0: 0x80003af4 (0x000003f5) c.addi  t2, 29
core   0: 3 0x80003af4 (0x03f5) x 7 0x0001201d
core   0: 0x80003af6 (0x0129afb3) slt     t6, s3, s2
core   0: 3 0x80003af6 (0x0129afb3) x31 0x00000000
core   0: 0x80003afa (0x006c8ab3) add     s5, s9, t1
core   0: 3 0x80003afa (0x006c8ab3) x21 0x80018c8a
core   0: 0x80003afe (0x00008ead) c.xor   a3, a1
core   0: 3 0x80003afe (0x8ead) x13 0x8040012f
core   0: 0x80003b00 (0x0229d4b3) divu    s1, s3, sp
core   0: 3 0x80003b00 (0x0229d4b3) x 9 0x00000000
core   0: 0x80003b04 (0x0000c215) c.beqz  a2, pc + 36
core   0: 3 0x80003b04 (0xc215)
core   0: 0x80003b28 (0x0ff0000f) fence   iorw,iorw
core   0: 3 0x80003b28 (0x0ff0000f)
core   0: 0x80003b2c (0xa8b73793) sltiu   a5, a4, -1397
core   0: 3 0x80003b2c (0xa8b73793) x15 0x00000001
core   0: 0x80003b30 (0x027c0363) beq     s8, t2, pc + 38
core   0: 3 0x80003b30 (0x027c0363)
core   0: 0x80003b34 (0x9ab288b7) lui     a7, 0x9ab28
core   0: 3 0x80003b34 (0x9ab288b7) x17 0x9ab28000
core   0: 0x80003b38 (0x03777033) remu    zero, a4, s7
core   0: 3 0x80003b38 (0x03777033)
core   0: 0x80003b3c (0x281f6e13) ori     t3, t5, 641
core   0: 3 0x80003b3c (0x281f6e13) x28 0x000003a7
core   0: 0x80003b40 (0x01af9813) slli    a6, t6, 26
core   0: 3 0x80003b40 (0x01af9813) x16 0x00000000
core   0: 0x80003b44 (0x09ba6663) bltu    s4, s11, pc + 140
core   0: 3 0x80003b44 (0x09ba6663)
core   0: 0x80003b48 (0x000000c2) c.slli  ra, 16
core   0: 3 0x80003b48 (0x00c2) x 1 0x000e0000
core   0: 0x80003b4a (0x0033d663) bge     t2, gp, pc + 12
core   0: 3 0x80003b4a (0x0033d663)
core   0: 0x80003b56 (0x000086d1) c.srai  a3, 20
core   0: 3 0x80003b56 (0x86d1) x13 0xfffff804
core   0: 0x80003b58 (0x00008c49) c.or    s0, a0
core   0: 3 0x80003b58 (0x8c49) x 8 0xffffffff
core   0: 0x80003b5a (0x03b401b3) mul     gp, s0, s11
core   0: 3 0x80003b5a (0x03b401b3) x 3 0x7ffe3e89
core   0: 0x80003b5e (0x00008d65) c.and   a0, s1
core   0: 3 0x80003b5e (0x8d65) x10 0x00000000
core   0: 0x80003b60 (0x00004da5) c.li    s11, 9
core   0: 3 0x80003b60 (0x4da5) x27 0x00000009
core   0: 0x80003b62 (0x00000d91) c.addi  s11, 4
core   0: 3 0x80003b62 (0x0d91) x27 0x0000000d
core   0: 0x80003b64 (0x4234e493) ori     s1, s1, 1059
core   0: 3 0x80003b64 (0x4234e493) x 9 0x00000423
core   0: 0x80003b68 (0x09806463) bltu    zero, s8, pc + 136
core   0: 3 0x80003b68 (0x09806463)
core   0: 0x80003b6c (0x3f97b213) sltiu   tp, a5, 1017
core   0: 3 0x80003b6c (0x3f97b213) x 4 0x00000001
core   0: 0x80003b70 (0x03c5aeb3) mulhsu  t4, a1, t3
core   0: 3 0x80003b70 (0x03c5aeb3) x29 0xfffffe2c
core   0: 0x80003b74 (0x00005bfd) c.li    s7, -1
core   0: 3 0x80003b74 (0x5bfd) x23 0xffffffff
core   0: 0x80003b76 (0xff600693) li      a3, -10
core   0: 3 0x80003b76 (0xff600693) x13 0xfffffff6
core   0: 0x80003b7a (0x01f0b3b3) sltu    t2, ra, t6
core   0: 3 0x80003b7a (0x01f0b3b3) x 7 0x00000000
core   0: 0x80003b7e (0x011bbb33) sltu    s6, s7, a7
core   0: 3 0x80003b7e (0x011bbb33) x22 0x00000000
core   0: 0x80003b82 (0x5d2f6213) ori     tp, t5, 1490
core   0: 3 0x80003b82 (0x5d2f6213) x 4 0x000007f6
core   0: 0x80003b86 (0x03704cb3) div     s9, zero, s7
core   0: 3 0x80003b86 (0x03704cb3) x25 0x00000000
core   0: 0x80003b8a (0x027083b3) mul     t2, ra, t2
core   0: 3 0x80003b8a (0x027083b3) x 7 0x00000000
core   0: 0x80003b8e (0x0000587d) c.li    a6, -1
core   0: 3 0x80003b8e (0x587d) x16 0xffffffff
core   0: 0x80003b90 (0x00000001) c.nop
core   0: 3 0x80003b90 (0x0001)
core   0: 0x80003b92 (0x03f837b3) mulhu   a5, a6, t6
core   0: 3 0x80003b92 (0x03f837b3) x15 0x00000000
core   0: 0x80003b96 (0x00004ea5) c.li    t4, 9
core   0: 3 0x80003b96 (0x4ea5) x29 0x00000009
core   0: 0x80003b98 (0x7b283813) sltiu   a6, a6, 1970
core   0: 3 0x80003b98 (0x7b283813) x16 0x00000000
core   0: 0x80003b9c (0x00ae1db3) sll     s11, t3, a0
core   0: 3 0x80003b9c (0x00ae1db3) x27 0x000003a7
core   0: 0x80003ba0 (0xbaa7b213) sltiu   tp, a5, -1110
core   0: 3 0x80003ba0 (0xbaa7b213) x 4 0x00000001
core   0: 0x80003ba4 (0x021289b3) mul     s3, t0, ra
core   0: 3 0x80003ba4 (0x021289b3) x19 0x32e40000
core   0: 0x80003ba8 (0x02187233) remu    tp, a6, ra
core   0: 3 0x80003ba8 (0x02187233) x 4 0x00000000
core   0: 0x80003bac (0x40d4dfb3) sra     t6, s1, a3
core   0: 3 0x80003bac (0x40d4dfb3) x31 0x00000000
core   0: 0x80003bb0 (0x00000689) c.addi  a3, 2
core   0: 3 0x80003bb0 (0x0689) x13 0xfffffff8
core   0: 0x80003bb2 (0x03e1f433) remu    s0, gp, t5
core   0: 3 0x80003bb2 (0x03e1f433) x 8 0x0000030b
core   0: 0x80003bb6 (0x000088cd) c.andi  s1, 19
core   0: 3 0x80003bb6 (0x88cd) x 9 0x00000003
core   0: 0x80003bb8 (0x016e0433) add     s0, t3, s6
core   0: 3 0x80003bb8 (0x016e0433) x 8 0x000003a7
core   0: 0x80003bbc (0x02656833) rem     a6, a0, t1
core   0: 3 0x80003bbc (0x02656833) x16 0x00000000
core   0: 0x80003bc0 (0x00008fe5) c.and   a5, s1
core   0: 3 0x80003bc0 (0x8fe5) x15 0x00000000
core   0: 0x80003bc2 (0x019c1733) sll     a4, s8, s9
core   0: 3 0x80003bc2 (0x019c1733) x14 0x00000000
core   0: 0x80003bc6 (0x03e151b3) divu    gp, sp, t5
core   0: 3 0x80003bc6 (0x03e151b3) x 3 0x00231618
core   0: 0x80003bca (0x0000fee9) c.bnez  a3, pc - 38
core   0: 3 0x80003bca (0xfee9)
core   0: 0x80003ba4 (0x021289b3) mul     s3, t0, ra
core   0: 3 0x80003ba4 (0x021289b3) x19 0x32e40000
core   0: 0x80003ba8 (0x02187233) remu    tp, a6, ra
core   0: 3 0x80003ba8 (0x02187233) x 4 0x00000000
core   0: 0x80003bac (0x40d4dfb3) sra     t6, s1, a3
core   0: 3 0x80003bac (0x40d4dfb3) x31 0x00000000
core   0: 0x80003bb0 (0x00000689) c.addi  a3, 2
core   0: 3 0x80003bb0 (0x0689) x13 0xfffffffa
core   0: 0x80003bb2 (0x03e1f433) remu    s0, gp, t5
core   0: 3 0x80003bb2 (0x03e1f433) x 8 0x0000034a
core   0: 0x80003bb6 (0x000088cd) c.andi  s1, 19
core   0: 3 0x80003bb6 (0x88cd) x 9 0x00000003
core   0: 0x80003bb8 (0x016e0433) add     s0, t3, s6
core   0: 3 0x80003bb8 (0x016e0433) x 8 0x000003a7
core   0: 0x80003bbc (0x02656833) rem     a6, a0, t1
core   0: 3 0x80003bbc (0x02656833) x16 0x00000000
core   0: 0x80003bc0 (0x00008fe5) c.and   a5, s1
core   0: 3 0x80003bc0 (0x8fe5) x15 0x00000000
core   0: 0x80003bc2 (0x019c1733) sll     a4, s8, s9
core   0: 3 0x80003bc2 (0x019c1733) x14 0x00000000
core   0: 0x80003bc6 (0x03e151b3) divu    gp, sp, t5
core   0: 3 0x80003bc6 (0x03e151b3) x 3 0x00231618
core   0: 0x80003bca (0x0000fee9) c.bnez  a3, pc - 38
core   0: 3 0x80003bca (0xfee9)
core   0: 0x80003ba4 (0x021289b3) mul     s3, t0, ra
core   0: 3 0x80003ba4 (0x021289b3) x19 0x32e40000
core   0: 0x80003ba8 (0x02187233) remu    tp, a6, ra
core   0: 3 0x80003ba8 (0x02187233) x 4 0x00000000
core   0: 0x80003bac (0x40d4dfb3) sra     t6, s1, a3
core   0: 3 0x80003bac (0x40d4dfb3) x31 0x00000000
core   0: 0x80003bb0 (0x00000689) c.addi  a3, 2
core   0: 3 0x80003bb0 (0x0689) x13 0xfffffffc
core   0: 0x80003bb2 (0x03e1f433) remu    s0, gp, t5
core   0: 3 0x80003bb2 (0x03e1f433) x 8 0x0000034a
core   0: 0x80003bb6 (0x000088cd) c.andi  s1, 19
core   0: 3 0x80003bb6 (0x88cd) x 9 0x00000003
core   0: 0x80003bb8 (0x016e0433) add     s0, t3, s6
core   0: 3 0x80003bb8 (0x016e0433) x 8 0x000003a7
core   0: 0x80003bbc (0x02656833) rem     a6, a0, t1
core   0: 3 0x80003bbc (0x02656833) x16 0x00000000
core   0: 0x80003bc0 (0x00008fe5) c.and   a5, s1
core   0: 3 0x80003bc0 (0x8fe5) x15 0x00000000
core   0: 0x80003bc2 (0x019c1733) sll     a4, s8, s9
core   0: 3 0x80003bc2 (0x019c1733) x14 0x00000000
core   0: 0x80003bc6 (0x03e151b3) divu    gp, sp, t5
core   0: 3 0x80003bc6 (0x03e151b3) x 3 0x00231618
core   0: 0x80003bca (0x0000fee9) c.bnez  a3, pc - 38
core   0: 3 0x80003bca (0xfee9)
core   0: 0x80003ba4 (0x021289b3) mul     s3, t0, ra
core   0: 3 0x80003ba4 (0x021289b3) x19 0x32e40000
core   0: 0x80003ba8 (0x02187233) remu    tp, a6, ra
core   0: 3 0x80003ba8 (0x02187233) x 4 0x00000000
core   0: 0x80003bac (0x40d4dfb3) sra     t6, s1, a3
core   0: 3 0x80003bac (0x40d4dfb3) x31 0x00000000
core   0: 0x80003bb0 (0x00000689) c.addi  a3, 2
core   0: 3 0x80003bb0 (0x0689) x13 0xfffffffe
core   0: 0x80003bb2 (0x03e1f433) remu    s0, gp, t5
core   0: 3 0x80003bb2 (0x03e1f433) x 8 0x0000034a
core   0: 0x80003bb6 (0x000088cd) c.andi  s1, 19
core   0: 3 0x80003bb6 (0x88cd) x 9 0x00000003
core   0: 0x80003bb8 (0x016e0433) add     s0, t3, s6
core   0: 3 0x80003bb8 (0x016e0433) x 8 0x000003a7
core   0: 0x80003bbc (0x02656833) rem     a6, a0, t1
core   0: 3 0x80003bbc (0x02656833) x16 0x00000000
core   0: 0x80003bc0 (0x00008fe5) c.and   a5, s1
core   0: 3 0x80003bc0 (0x8fe5) x15 0x00000000
core   0: 0x80003bc2 (0x019c1733) sll     a4, s8, s9
core   0: 3 0x80003bc2 (0x019c1733) x14 0x00000000
core   0: 0x80003bc6 (0x03e151b3) divu    gp, sp, t5
core   0: 3 0x80003bc6 (0x03e151b3) x 3 0x00231618
core   0: 0x80003bca (0x0000fee9) c.bnez  a3, pc - 38
core   0: 3 0x80003bca (0xfee9)
core   0: 0x80003ba4 (0x021289b3) mul     s3, t0, ra
core   0: 3 0x80003ba4 (0x021289b3) x19 0x32e40000
core   0: 0x80003ba8 (0x02187233) remu    tp, a6, ra
core   0: 3 0x80003ba8 (0x02187233) x 4 0x00000000
core   0: 0x80003bac (0x40d4dfb3) sra     t6, s1, a3
core   0: 3 0x80003bac (0x40d4dfb3) x31 0x00000000
core   0: 0x80003bb0 (0x00000689) c.addi  a3, 2
core   0: 3 0x80003bb0 (0x0689) x13 0x00000000
core   0: 0x80003bb2 (0x03e1f433) remu    s0, gp, t5
core   0: 3 0x80003bb2 (0x03e1f433) x 8 0x0000034a
core   0: 0x80003bb6 (0x000088cd) c.andi  s1, 19
core   0: 3 0x80003bb6 (0x88cd) x 9 0x00000003
core   0: 0x80003bb8 (0x016e0433) add     s0, t3, s6
core   0: 3 0x80003bb8 (0x016e0433) x 8 0x000003a7
core   0: 0x80003bbc (0x02656833) rem     a6, a0, t1
core   0: 3 0x80003bbc (0x02656833) x16 0x00000000
core   0: 0x80003bc0 (0x00008fe5) c.and   a5, s1
core   0: 3 0x80003bc0 (0x8fe5) x15 0x00000000
core   0: 0x80003bc2 (0x019c1733) sll     a4, s8, s9
core   0: 3 0x80003bc2 (0x019c1733) x14 0x00000000
core   0: 0x80003bc6 (0x03e151b3) divu    gp, sp, t5
core   0: 3 0x80003bc6 (0x03e151b3) x 3 0x00231618
core   0: 0x80003bca (0x0000fee9) c.bnez  a3, pc - 38
core   0: 3 0x80003bca (0xfee9)
core   0: 0x80003bcc (0x17aff793) andi    a5, t6, 378
core   0: 3 0x80003bcc (0x17aff793) x15 0x00000000
core   0: 0x80003bd0 (0x02efdd33) divu    s10, t6, a4
core   0: 3 0x80003bd0 (0x02efdd33) x26 0xffffffff
core   0: 0x80003bd4 (0x0ff0000f) fence   iorw,iorw
core   0: 3 0x80003bd4 (0x0ff0000f)
core   0: 0x80003bd8 (0x01ff4a63) blt     t5, t6, pc + 20
core   0: 3 0x80003bd8 (0x01ff4a63)
core   0: 0x80003bdc (0x6f202c13) slti    s8, zero, 1778
core   0: 3 0x80003bdc (0x6f202c13) x24 0x00000001
core   0: 0x80003be0 (0x01f71413) slli    s0, a4, 31
core   0: 3 0x80003be0 (0x01f71413) x 8 0x00000000
core   0: 0x80003be4 (0x020a7733) remu    a4, s4, zero
core   0: 3 0x80003be4 (0x020a7733) x14 0x80025e64
core   0: 0x80003be8 (0x00a09b93) slli    s7, ra, 10
core   0: 3 0x80003be8 (0x00a09b93) x23 0x38000000
core   0: 0x80003bec (0x00000001) c.nop
core   0: 3 0x80003bec (0x0001)
core   0: 0x80003bee (0x00000001) c.nop
core   0: 3 0x80003bee (0x0001)
core   0: 0x80003bf0 (0xb3a74537) lui     a0, 0xb3a74
core   0: 3 0x80003bf0 (0xb3a74537) x10 0xb3a74000
core   0: 0x80003bf4 (0x00000dee) c.slli  s11, 27
core   0: 3 0x80003bf4 (0x0dee) x27 0x38000000
core   0: 0x80003bf6 (0x00000001) c.nop
core   0: 3 0x80003bf6 (0x0001)
core   0: 0x80003bf8 (0x009176b3) and     a3, sp, s1
core   0: 3 0x80003bf8 (0x009176b3) x13 0x00000000
core   0: 0x80003bfc (0xd2830093) addi    ra, t1, -728
core   0: 3 0x80003bfc (0xd2830093) x 1 0x80018943
core   0: 0x80003c00 (0x01054c63) blt     a0, a6, pc + 24
core   0: 3 0x80003c00 (0x01054c63)
core   0: 0x80003c18 (0x000008d2) c.slli  a7, 20
core   0: 3 0x80003c18 (0x08d2) x17 0x00000000
core   0: 0x80003c1a (0x00008d05) c.sub   a0, s1
core   0: 3 0x80003c1a (0x8d05) x10 0xb3a73ffd
core   0: 0x80003c1c (0x40a8d3b3) sra     t2, a7, a0
core   0: 3 0x80003c1c (0x40a8d3b3) x 7 0x00000000
core   0: 0x80003c20 (0x01931893) slli    a7, t1, 25
core   0: 3 0x80003c20 (0x01931893) x17 0x36000000
core   0: 0x80003c24 (0x00ee0fb3) add     t6, t3, a4
core   0: 3 0x80003c24 (0x00ee0fb3) x31 0x8002620b
core   0: 0x80003c28 (0x00f67c33) and     s8, a2, a5
core   0: 3 0x80003c28 (0x00f67c33) x24 0x00000000
core   0: 0x80003c2c (0x6bcec313) xori    t1, t4, 1724
core   0: 3 0x80003c2c (0x6bcec313) x 6 0x000006b5
core   0: 0x80003c30 (0x03cbedb3) rem     s11, s7, t3
core   0: 3 0x80003c30 (0x03cbedb3) x27 0x00000236
core   0: 0x80003c34 (0x7169e713) ori     a4, s3, 1814
core   0: 3 0x80003c34 (0x7169e713) x14 0x32e40716
core   0: 0x80003c38 (0x00005d7d) c.li    s10, -1
core   0: 3 0x80003c38 (0x5d7d) x26 0xffffffff
core   0: 0x80003c3a (0x41fb58b3) sra     a7, s6, t6
core   0: 3 0x80003c3a (0x41fb58b3) x17 0x00000000
core   0: 0x80003c3e (0x41415c33) sra     s8, sp, s4
core   0: 3 0x80003c3e (0x41415c33) x24 0xf80029ce
core   0: 0x80003c42 (0x0000197d) c.addi  s2, -1
core   0: 3 0x80003c42 (0x197d) x18 0xfffffffd
core   0: 0x80003c44 (0x000006fa) c.slli  a3, 30
core   0: 3 0x80003c44 (0x06fa) x13 0x00000000
core   0: 0x80003c46 (0x0000cf89) c.beqz  a5, pc + 26
core   0: 3 0x80003c46 (0xcf89)
core   0: 0x80003c60 (0x0158de93) srli    t4, a7, 21
core   0: 3 0x80003c60 (0x0158de93) x29 0x00000000
core   0: 0x80003c64 (0x488bd8b7) lui     a7, 0x488bd
core   0: 3 0x80003c64 (0x488bd8b7) x17 0x488bd000
core   0: 0x80003c68 (0x00008f31) c.xor   a4, a2
core   0: 3 0x80003c68 (0x8f31) x14 0x32e40716
core   0: 0x80003c6a (0x00000f5a) c.slli  t5, 22
core   0: 3 0x80003c6a (0x0f5a) x30 0xe9800000
core   0: 0x80003c6c (0x61f2c413) xori    s0, t0, 1567
core   0: 3 0x80003c6c (0x61f2c413) x 8 0x5da33c61
core   0: 0x80003c70 (0x02da1db3) mulh    s11, s4, a3
core   0: 3 0x80003c70 (0x02da1db3) x27 0x00000000
core   0: 0x80003c74 (0x0000ef11) c.bnez  a4, pc + 28
core   0: 3 0x80003c74 (0xef11)
core   0: 0x80003c90 (0x406b5413) srai    s0, s6, 6
core   0: 3 0x80003c90 (0x406b5413) x 8 0x00000000
core   0: 0x80003c94 (0x01f0a7b3) slt     a5, ra, t6
core   0: 3 0x80003c94 (0x01f0a7b3) x15 0x00000001
core   0: 0x80003c98 (0x40d3dfb3) sra     t6, t2, a3
core   0: 3 0x80003c98 (0x40d3dfb3) x31 0x00000000
core   0: 0x80003c9c (0x4bf10d93) addi    s11, sp, 1215
core   0: 3 0x80003c9c (0x4bf10d93) x27 0x8002a1a3
core   0: 0x80003ca0 (0x02bebd33) mulhu   s10, t4, a1
core   0: 3 0x80003ca0 (0x02bebd33) x26 0x00000000
core   0: 0x80003ca4 (0x0233b1b3) mulhu   gp, t2, gp
core   0: 3 0x80003ca4 (0x0233b1b3) x 3 0x00000000
core   0: 0x80003ca8 (0x0000c895) c.beqz  s1, pc + 52
core   0: 3 0x80003ca8 (0xc895)
core   0: 0x80003caa (0x01068663) beq     a3, a6, pc + 12
core   0: 3 0x80003caa (0x01068663)
core   0: 0x80003cb6 (0x03660833) mul     a6, a2, s6
core   0: 3 0x80003cb6 (0x03660833) x16 0x00000000
core   0: 0x80003cba (0x00d12f33) slt     t5, sp, a3
core   0: 3 0x80003cba (0x00d12f33) x30 0x00000001
core   0: 0x80003cbe (0x0000177d) c.addi  a4, -1
core   0: 3 0x80003cbe (0x177d) x14 0x32e40715
core   0: 0x80003cc0 (0x0000856a) c.mv    a0, s10
core   0: 3 0x80003cc0 (0x856a) x10 0x00000000
core   0: 0x80003cc2 (0x00ce8233) add     tp, t4, a2
core   0: 3 0x80003cc2 (0x00ce8233) x 4 0x00000000
core   0: 0x80003cc6 (0x0000991e) c.add   s2, t2
core   0: 3 0x80003cc6 (0x991e) x18 0xfffffffd
core   0: 0x80003cc8 (0x012b3733) sltu    a4, s6, s2
core   0: 3 0x80003cc8 (0x012b3733) x14 0x00000001
core   0: 0x80003ccc (0x41238db3) sub     s11, t2, s2
core   0: 3 0x80003ccc (0x41238db3) x27 0x00000003
core   0: 0x80003cd0 (0x0000157d) c.addi  a0, -1
core   0: 3 0x80003cd0 (0x157d) x10 0xffffffff
core   0: 0x80003cd2 (0x013b9293) slli    t0, s7, 19
core   0: 3 0x80003cd2 (0x013b9293) x 5 0x00000000
core   0: 0x80003cd6 (0x00000001) c.nop
core   0: 3 0x80003cd6 (0x0001)
core   0: 0x80003cd8 (0x41a781b3) sub     gp, a5, s10
core   0: 3 0x80003cd8 (0x41a781b3) x 3 0x00000001
core   0: 0x80003cdc (0x00000001) c.nop
core   0: 3 0x80003cdc (0x0001)
core   0: 0x80003cde (0x00008139) c.srli  a0, 14
core   0: 3 0x80003cde (0x8139) x10 0x0003ffff
core   0: 0x80003ce0 (0x023b08b3) mul     a7, s6, gp
core   0: 3 0x80003ce0 (0x023b08b3) x17 0x00000000
core   0: 0x80003ce4 (0x00008f61) c.and   a4, s0
core   0: 3 0x80003ce4 (0x8f61) x14 0x00000000
core   0: 0x80003ce6 (0x025d7833) remu    a6, s10, t0
core   0: 3 0x80003ce6 (0x025d7833) x16 0x00000000
core   0: 0x80003cea (0x03c65563) bge     a2, t3, pc + 42
core   0: 3 0x80003cea (0x03c65563)
core   0: 0x80003cee (0x000088cd) c.andi  s1, 19
core   0: 3 0x80003cee (0x88cd) x 9 0x00000003
core   0: 0x80003cf0 (0x00008fe1) c.and   a5, s0
core   0: 3 0x80003cf0 (0x8fe1) x15 0x00000000
core   0: 0x80003cf2 (0x0ff0000f) fence   iorw,iorw
core   0: 3 0x80003cf2 (0x0ff0000f)
core   0: 0x80003cf6 (0x001cdab3) srl     s5, s9, ra
core   0: 3 0x80003cf6 (0x001cdab3) x21 0x00000000
core   0: 0x80003cfa (0x01e7d433) srl     s0, a5, t5
core   0: 3 0x80003cfa (0x01e7d433) x 8 0x00000000
core   0: 0x80003cfe (0xa215fd13) andi    s10, a1, -1503
core   0: 3 0x80003cfe (0xa215fd13) x26 0x80000000
core   0: 0x80003d02 (0x015872b3) and     t0, a6, s5
core   0: 3 0x80003d02 (0x015872b3) x 5 0x00000000
core   0: 0x80003d06 (0x00f5eb33) or      s6, a1, a5
core   0: 3 0x80003d06 (0x00f5eb33) x22 0x80000000
core   0: 0x80003d0a (0x00008c15) c.sub   s0, a3
core   0: 3 0x80003d0a (0x8c15) x 8 0x00000000
core   0: 0x80003d0c (0x02f64f63) blt     a2, a5, pc + 62
core   0: 3 0x80003d0c (0x02f64f63)
core   0: 0x80003d10 (0x41425f13) srai    t5, tp, 20
core   0: 3 0x80003d10 (0x41425f13) x30 0x00000000
core   0: 0x80003d14 (0xabdd3b93) sltiu   s7, s10, -1347
core   0: 3 0x80003d14 (0xabdd3b93) x23 0x00000001
core   0: 0x80003d18 (0x00009a7d) c.andi  a2, -1
core   0: 3 0x80003d18 (0x9a7d) x12 0x00000000
core   0: 0x80003d1a (0x0000100f) fence.i
core   0: 3 0x80003d1a (0x0000100f)
core   0: 0x80003d1e (0x028d7233) remu    tp, s10, s0
core   0: 3 0x80003d1e (0x028d7233) x 4 0x80000000
core   0: 0x80003d22 (0x00000001) c.nop
core   0: 3 0x80003d22 (0x0001)
core   0: 0x80003d24 (0x00006e65) c.lui   t3, 0x19
core   0: 3 0x80003d24 (0x6e65) x28 0x00019000
core   0: 0x80003d26 (0x03648863) beq     s1, s6, pc + 48
core   0: 3 0x80003d26 (0x03648863)
core   0: 0x80003d2a (0x005a2333) slt     t1, s4, t0
core   0: 3 0x80003d2a (0x005a2333) x 6 0x00000001
core   0: 0x80003d2e (0xab4cb293) sltiu   t0, s9, -1356
core   0: 3 0x80003d2e (0xab4cb293) x 5 0x00000001
core   0: 0x80003d32 (0x753c8993) addi    s3, s9, 1875
core   0: 3 0x80003d32 (0x753c8993) x19 0x00000753
core   0: 0x80003d36 (0x0192f0b3) and     ra, t0, s9
core   0: 3 0x80003d36 (0x0192f0b3) x 1 0x00000000
core   0: 0x80003d3a (0x03c67e63) bgeu    a2, t3, pc + 60
core   0: 3 0x80003d3a (0x03c67e63)
core   0: 0x80003d3e (0x00008ce1) c.and   s1, s0
core   0: 3 0x80003d3e (0x8ce1) x 9 0x00000000
core   0: 0x80003d40 (0x00000001) c.nop
core   0: 3 0x80003d40 (0x0001)
core   0: 0x80003d42 (0x000082bd) c.srli  a3, 15
core   0: 3 0x80003d42 (0x82bd) x13 0x00000000
core   0: 0x80003d44 (0x000091fe) c.add   gp, t6
core   0: 3 0x80003d44 (0x91fe) x 3 0x00000001
core   0: 0x80003d46 (0x00b3d333) srl     t1, t2, a1
core   0: 3 0x80003d46 (0x00b3d333) x 6 0x00000000
core   0: 0x80003d4a (0x044b0363) beq     s6, tp, pc + 70
core   0: 3 0x80003d4a (0x044b0363)
core   0: 0x80003d90 (0x00008cc5) c.or    s1, s1
core   0: 3 0x80003d90 (0x8cc5) x 9 0x00000000
core   0: 0x80003d92 (0x000054fd) c.li    s1, -1
core   0: 3 0x80003d92 (0x54fd) x 9 0xffffffff
core   0: 0x80003d94 (0x8b74c637) lui     a2, 0x8b74c
core   0: 3 0x80003d94 (0x8b74c637) x12 0x8b74c000
core   0: 0x80003d98 (0x00008ff5) c.and   a5, a3
core   0: 3 0x80003d98 (0x8ff5) x15 0x00000000
core   0: 0x80003d9a (0x00a0e0b3) or      ra, ra, a0
core   0: 3 0x80003d9a (0x00a0e0b3) x 1 0x0003ffff
core   0: 0x80003d9e (0x01fa5c13) srli    s8, s4, 31
core   0: 3 0x80003d9e (0x01fa5c13) x24 0x00000001
core   0: 0x80003da2 (0x000066d9) c.lui   a3, 0x16
core   0: 3 0x80003da2 (0x66d9) x13 0x00016000
core   0: 0x80003da4 (0x011d9f63) bne     s11, a7, pc + 30
core   0: 3 0x80003da4 (0x011d9f63)
core   0: 0x80003dc2 (0x73e8c7b7) lui     a5, 0x73e8c
core   0: 3 0x80003dc2 (0x73e8c7b7) x15 0x73e8c000
core   0: 0x80003dc6 (0x025ec4b3) div     s1, t4, t0
core   0: 3 0x80003dc6 (0x025ec4b3) x 9 0x00000000
core   0: 0x80003dca (0x00ac0c63) beq     s8, a0, pc + 24
core   0: 3 0x80003dca (0x00ac0c63)
core   0: 0x80003dce (0x03ad4533) div     a0, s10, s10
core   0: 3 0x80003dce (0x03ad4533) x10 0x00000001
core   0: 0x80003dd2 (0x41f05393) srai    t2, zero, 31
core   0: 3 0x80003dd2 (0x41f05393) x 7 0x00000000
core   0: 0x80003dd6 (0x01ac4a63) blt     s8, s10, pc + 20
core   0: 3 0x80003dd6 (0x01ac4a63)
core   0: 0x80003dda (0x0000537d) c.li    t1, -1
core   0: 3 0x80003dda (0x537d) x 6 0xffffffff
core   0: 0x80003ddc (0x022cc763) blt     s9, sp, pc + 46
core   0: 3 0x80003ddc (0x022cc763)
core   0: 0x80003de0 (0x00008c39) c.xor   s0, a4
core   0: 3 0x80003de0 (0x8c39) x 8 0x00000000
core   0: 0x80003de2 (0x00000001) c.nop
core   0: 3 0x80003de2 (0x0001)
core   0: 0x80003de4 (0x02671763) bne     a4, t1, pc + 46
core   0: 3 0x80003de4 (0x02671763)
core   0: 0x80003e12 (0x00da9993) slli    s3, s5, 13
core   0: 3 0x80003e12 (0x00da9993) x19 0x00000000
core   0: 0x80003e16 (0x27940013) addi    zero, s0, 633
core   0: 3 0x80003e16 (0x27940013)
core   0: 0x80003e1a (0x02d7a1b3) mulhsu  gp, a5, a3
core   0: 3 0x80003e1a (0x02d7a1b3) x 3 0x00009f60
core   0: 0x80003e1e (0x11d14997) auipc   s3, 0x11d14
core   0: 3 0x80003e1e (0x11d14997) x19 0x91d17e1e
core   0: 0x80003e22 (0x00006ec9) c.lui   t4, 0x12
core   0: 3 0x80003e22 (0x6ec9) x29 0x00012000
core   0: 0x80003e24 (0x00008bb5) c.andi  a5, 13
core   0: 3 0x80003e24 (0x8bb5) x15 0x00000000
core   0: 0x80003e26 (0x03834fb3) div     t6, t1, s8
core   0: 3 0x80003e26 (0x03834fb3) x31 0xffffffff
core   0: 0x80003e2a (0x016d9033) sll     zero, s11, s6
core   0: 3 0x80003e2a (0x016d9033)
core   0: 0x80003e2e (0x02ac0333) mul     t1, s8, a0
core   0: 3 0x80003e2e (0x02ac0333) x 6 0x00000001
core   0: 0x80003e32 (0x00009c8e) c.add   s9, gp
core   0: 3 0x80003e32 (0x9c8e) x25 0x00009f60
core   0: 0x80003e34 (0x02ed19b3) mulh    s3, s10, a4
core   0: 3 0x80003e34 (0x02ed19b3) x19 0x00000000
core   0: 0x80003e38 (0x1cc2c493) xori    s1, t0, 460
core   0: 3 0x80003e38 (0x1cc2c493) x 9 0x000001cd
core   0: 0x80003e3c (0x00000e72) c.slli  t3, 28
core   0: 3 0x80003e3c (0x0e72) x28 0x00000000
core   0: 0x80003e3e (0x42294e13) xori    t3, s2, 1058
core   0: 3 0x80003e3e (0x42294e13) x28 0xfffffbdf
core   0: 0x80003e42 (0x689c0017) auipc   zero, 0x689c0
core   0: 3 0x80003e42 (0x689c0017)
core   0: 0x80003e46 (0x026edf33) divu    t5, t4, t1
core   0: 3 0x80003e46 (0x026edf33) x30 0x00012000
core   0: 0x80003e4a (0x00008ef1) c.and   a3, a2
core   0: 3 0x80003e4a (0x8ef1) x13 0x00004000
core   0: 0x80003e4c (0x01569913) slli    s2, a3, 21
core   0: 3 0x80003e4c (0x01569913) x18 0x00000000
core   0: 0x80003e50 (0xd723d0b7) lui     ra, 0xd723d
core   0: 3 0x80003e50 (0xd723d0b7) x 1 0xd723d000
core   0: 0x80003e54 (0x00008e11) c.sub   a2, a2
core   0: 3 0x80003e54 (0x8e11) x12 0x00000000
core   0: 0x80003e56 (0x17638393) addi    t2, t2, 374
core   0: 3 0x80003e56 (0x17638393) x 7 0x00000176
core   0: 0x80003e5a (0x00009e72) c.add   t3, t3
core   0: 3 0x80003e5a (0x9e72) x28 0xfffff7be
core   0: 0x80003e5c (0x4012d513) srai    a0, t0, 1
core   0: 3 0x80003e5c (0x4012d513) x10 0x00000000
core   0: 0x80003e60 (0x00006885) c.lui   a7, 0x1
core   0: 3 0x80003e60 (0x6885) x17 0x00001000
core   0: 0x80003e62 (0x0000940a) c.add   s0, sp
core   0: 3 0x80003e62 (0x940a) x 8 0x80029ce4
core   0: 0x80003e64 (0x0000e305) c.bnez  a4, pc + 32
core   0: 3 0x80003e64 (0xe305)
core   0: 0x80003e66 (0x05cf0263) beq     t5, t3, pc + 68
core   0: 3 0x80003e66 (0x05cf0263)
core   0: 0x80003e6a (0x00006fd9) c.lui   t6, 0x16
core   0: 3 0x80003e6a (0x6fd9) x31 0x00016000
core   0: 0x80003e6c (0x411551b3) sra     gp, a0, a7
core   0: 3 0x80003e6c (0x411551b3) x 3 0x00000000
core   0: 0x80003e70 (0x0115f663) bgeu    a1, a7, pc + 12
core   0: 3 0x80003e70 (0x0115f663)
core   0: 0x80003e7c (0x001b4d63) blt     s6, ra, pc + 26
core   0: 3 0x80003e7c (0x001b4d63)
core   0: 0x80003e96 (0xb570ce13) xori    t3, ra, -1193
core   0: 3 0x80003e96 (0xb570ce13) x28 0x28dc2b57
core   0: 0x80003e9a (0x0230f063) bgeu    ra, gp, pc + 32
core   0: 3 0x80003e9a (0x0230f063)
core   0: 0x80003eba (0x41a204b3) sub     s1, tp, s10
core   0: 3 0x80003eba (0x41a204b3) x 9 0x00000000
core   0: 0x80003ebe (0x41d8d093) srai    ra, a7, 29
core   0: 3 0x80003ebe (0x41d8d093) x 1 0x00000000
core   0: 0x80003ec2 (0x03df1263) bne     t5, t4, pc + 36
core   0: 3 0x80003ec2 (0x03df1263)
core   0: 0x80003ec6 (0x00008f19) c.sub   a4, a4
core   0: 3 0x80003ec6 (0x8f19) x14 0x00000000
core   0: 0x80003ec8 (0x41ac0db3) sub     s11, s8, s10
core   0: 3 0x80003ec8 (0x41ac0db3) x27 0x80000001
core   0: 0x80003ecc (0x0015ebb3) or      s7, a1, ra
core   0: 3 0x80003ecc (0x0015ebb3) x23 0x80000000
core   0: 0x80003ed0 (0x03c19063) bne     gp, t3, pc + 32
core   0: 3 0x80003ed0 (0x03c19063)
core   0: 0x80003ef0 (0x00001e7d) c.addi  t3, -1
core   0: 3 0x80003ef0 (0x1e7d) x28 0x28dc2b56
core   0: 0x80003ef2 (0x00008f2d) c.xor   a4, a1
core   0: 3 0x80003ef2 (0x8f2d) x14 0x80000000
core   0: 0x80003ef4 (0x000087b9) c.srai  a5, 14
core   0: 3 0x80003ef4 (0x87b9) x15 0x00000000
core   0: 0x80003ef6 (0x00008e25) c.xor   a2, s1
core   0: 3 0x80003ef6 (0x8e25) x12 0x00000000
core   0: 0x80003ef8 (0x01f5d793) srli    a5, a1, 31
core   0: 3 0x80003ef8 (0x01f5d793) x15 0x00000001
core   0: 0x80003efc (0x0041c433) xor     s0, gp, tp
core   0: 3 0x80003efc (0x0041c433) x 8 0x80000000
core   0: 0x80003f00 (0x03b9b6b3) mulhu   a3, s3, s11
core   0: 3 0x80003f00 (0x03b9b6b3) x13 0x00000000
core   0: 0x80003f04 (0xf7facf13) xori    t5, s5, -129
core   0: 3 0x80003f04 (0xf7facf13) x30 0xffffff7f
core   0: 0x80003f08 (0x036f9e63) bne     t6, s6, pc + 60
core   0: 3 0x80003f08 (0x036f9e63)
core   0: 0x80003f44 (0x00008cad) c.xor   s1, a1
core   0: 3 0x80003f44 (0x8cad) x 9 0x80000000
core   0: 0x80003f46 (0x8661eeb7) lui     t4, 0x8661e
core   0: 3 0x80003f46 (0x8661eeb7) x29 0x8661e000
core   0: 0x80003f4a (0x385bb6b7) lui     a3, 0x385bb
core   0: 3 0x80003f4a (0x385bb6b7) x13 0x385bb000
core   0: 0x80003f4e (0x03e3acb3) mulhsu  s9, t2, t5
core   0: 3 0x80003f4e (0x03e3acb3) x25 0x00000175
core   0: 0x80003f52 (0x0000100f) fence.i
core   0: 3 0x80003f52 (0x0000100f)
core   0: 0x80003f56 (0x0ff0000f) fence   iorw,iorw
core   0: 3 0x80003f56 (0x0ff0000f)
core   0: 0x80003f5a (0x00009a7d) c.andi  a2, -1
core   0: 3 0x80003f5a (0x9a7d) x12 0x00000000
core   0: 0x80003f5c (0x00a04eb3) xor     t4, zero, a0
core   0: 3 0x80003f5c (0x00a04eb3) x29 0x00000000
core   0: 0x80003f60 (0x01e88d33) add     s10, a7, t5
core   0: 3 0x80003f60 (0x01e88d33) x26 0x00000f7f
core   0: 0x80003f64 (0x0196d793) srli    a5, a3, 25
core   0: 3 0x80003f64 (0x0196d793) x15 0x0000001c
core   0: 0x80003f68 (0x00008ead) c.xor   a3, a1
core   0: 3 0x80003f68 (0x8ead) x13 0xb85bb000
core   0: 0x80003f6a (0x00008ca1) c.xor   s1, s0
core   0: 3 0x80003f6a (0x8ca1) x 9 0x00000000
core   0: 0x80003f6c (0x407b0bb3) sub     s7, s6, t2
core   0: 3 0x80003f6c (0x407b0bb3) x23 0x7ffffe8a
core   0: 0x80003f70 (0x02338763) beq     t2, gp, pc + 46
core   0: 3 0x80003f70 (0x02338763)
core   0: 0x80003f74 (0x4aadafb7) lui     t6, 0x4aada
core   0: 3 0x80003f74 (0x4aadafb7) x31 0x4aada000
core   0: 0x80003f78 (0x0156fdb3) and     s11, a3, s5
core   0: 3 0x80003f78 (0x0156fdb3) x27 0x00000000
core   0: 0x80003f7c (0x00006195) c.lui   gp, 0x5
core   0: 3 0x80003f7c (0x6195) x 3 0x00005000
core   0: 0x80003f7e (0x0000038a) c.slli  t2, 2
core   0: 3 0x80003f7e (0x038a) x 7 0x000005d8
core   0: 0x80003f80 (0x8efd4b13) xori    s6, s10, -1809
core   0: 3 0x80003f80 (0x8efd4b13) x22 0xfffff790
core   0: 0x80003f84 (0x413a08b3) sub     a7, s4, s3
core   0: 3 0x80003f84 (0x413a08b3) x17 0x80025e64
core   0: 0x80003f88 (0x03c03bb3) mulhu   s7, zero, t3
core   0: 3 0x80003f88 (0x03c03bb3) x23 0x00000000
core   0: 0x80003f8c (0x029cccb3) div     s9, s9, s1
core   0: 3 0x80003f8c (0x029cccb3) x25 0xffffffff
core   0: 0x80003f90 (0x0ff0000f) fence   iorw,iorw
core   0: 3 0x80003f90 (0x0ff0000f)
core   0: 0x80003f94 (0x00008025) c.srli  s0, 9
core   0: 3 0x80003f94 (0x8025) x 8 0x00400000
core   0: 0x80003f96 (0xad47c917) auipc   s2, 0xad47c
core   0: 3 0x80003f96 (0xad47c917) x18 0x2d47ff96
core   0: 0x80003f9a (0x02c57563) bgeu    a0, a2, pc + 42
core   0: 3 0x80003f9a (0x02c57563)
core   0: 0x80003fc4 (0x040d6163) bltu    s10, zero, pc + 66
core   0: 3 0x80003fc4 (0x040d6163)
core   0: 0x80003fc8 (0x01ffd263) bge     t6, t6, pc + 4
core   0: 3 0x80003fc8 (0x01ffd263)
core   0: 0x80003fcc (0x00000001) c.nop
core   0: 3 0x80003fcc (0x0001)
core   0: 0x80003fce (0x8b02c313) xori    t1, t0, -1872
core   0: 3 0x80003fce (0x8b02c313) x 6 0xfffff8b1
core   0: 0x80003fd2 (0x0000663d) c.lui   a2, 0xf
core   0: 3 0x80003fd2 (0x663d) x12 0x0000f000
core   0: 0x80003fd4 (0x41ee8eb3) sub     t4, t4, t5
core   0: 3 0x80003fd4 (0x41ee8eb3) x29 0x00000081
core   0: 0x80003fd8 (0x02609f33) mulh    t5, ra, t1
core   0: 3 0x80003fd8 (0x02609f33) x30 0x00000000
core   0: 0x80003fdc (0x00004429) c.li    s0, 10
core   0: 3 0x80003fdc (0x4429) x 8 0x0000000a
core   0: 0x80003fde (0x03d23433) mulhu   s0, tp, t4
core   0: 3 0x80003fde (0x03d23433) x 8 0x00000040
core   0: 0x80003fe2 (0x00000001) c.nop
core   0: 3 0x80003fe2 (0x0001)
core   0: 0x80003fe4 (0x03d0d163) bge     ra, t4, pc + 34
core   0: 3 0x80003fe4 (0x03d0d163)
core   0: 0x80003fe8 (0x8332c813) xori    a6, t0, -1997
core   0: 3 0x80003fe8 (0x8332c813) x16 0xfffff832
core   0: 0x80003fec (0x00008d51) c.or    a0, a2
core   0: 3 0x80003fec (0x8d51) x10 0x0000f000
core   0: 0x80003fee (0x410459b3) sra     s3, s0, a6
core   0: 3 0x80003fee (0x410459b3) x19 0x00000000
core   0: 0x80003ff2 (0x04f9f063) bgeu    s3, a5, pc + 64
core   0: 3 0x80003ff2 (0x04f9f063)
core   0: 0x80003ff6 (0x91c33493) sltiu   s1, t1, -1764
core   0: 3 0x80003ff6 (0x91c33493) x 9 0x00000001
core   0: 0x80003ffa (0x01092033) slt     zero, s2, a6
core   0: 3 0x80003ffa (0x01092033)
core   0: 0x80003ffe (0x02dc9833) mulh    a6, s9, a3
core   0: 3 0x80003ffe (0x02dc9833) x16 0x00000000
core   0: 0x80004002 (0x03944463) blt     s0, s9, pc + 40
core   0: 3 0x80004002 (0x03944463)
core   0: 0x80004006 (0x1fdef293) andi    t0, t4, 509
core   0: 3 0x80004006 (0x1fdef293) x 5 0x00000081
core   0: 0x8000400a (0x003b54b3) srl     s1, s6, gp
core   0: 3 0x8000400a (0x003b54b3) x 9 0xfffff790
core   0: 0x8000400e (0x80d96213) ori     tp, s2, -2035
core   0: 3 0x8000400e (0x80d96213) x 4 0xffffff9f
core   0: 0x80004012 (0x847ee813) ori     a6, t4, -1977
core   0: 3 0x80004012 (0x847ee813) x16 0xfffff8c7
core   0: 0x80004016 (0x03e53b33) mulhu   s6, a0, t5
core   0: 3 0x80004016 (0x03e53b33) x22 0x00000000
core   0: 0x8000401a (0x0000c709) c.beqz  a4, pc + 10
core   0: 3 0x8000401a (0xc709)
core   0: 0x8000401c (0x0ff0000f) fence   iorw,iorw
core   0: 3 0x8000401c (0x0ff0000f)
core   0: 0x80004020 (0xfa636513) ori     a0, t1, -90
core   0: 3 0x80004020 (0xfa636513) x10 0xffffffb7
core   0: 0x80004024 (0x000052fd) c.li    t0, -1
core   0: 3 0x80004024 (0x52fd) x 5 0xffffffff
core   0: 0x80004026 (0x00cfd763) bge     t6, a2, pc + 14
core   0: 3 0x80004026 (0x00cfd763)
core   0: 0x80004034 (0x447fed13) ori     s10, t6, 1095
core   0: 3 0x80004034 (0x447fed13) x26 0x4aada447
core   0: 0x80004038 (0x00008fe1) c.and   a5, s0
core   0: 3 0x80004038 (0x8fe1) x15 0x00000000
core   0: 0x8000403a (0x000092ee) c.add   t0, s11
core   0: 3 0x8000403a (0x92ee) x 5 0xffffffff
core   0: 0x8000403c (0x000003c9) c.addi  t2, 18
core   0: 3 0x8000403c (0x03c9) x 7 0x000005ea
core   0: 0x8000403e (0x9810fc93) andi    s9, ra, -1663
core   0: 3 0x8000403e (0x9810fc93) x25 0x00000000
core   0: 0x80004042 (0x01115b63) bge     sp, a7, pc + 22
core   0: 3 0x80004042 (0x01115b63)
core   0: 0x80004058 (0x0ff0000f) fence   iorw,iorw
core   0: 3 0x80004058 (0x0ff0000f)
core   0: 0x8000405c (0x02ab2533) mulhsu  a0, s6, a0
core   0: 3 0x8000405c (0x02ab2533) x10 0x00000000
core   0: 0x80004060 (0x018a5493) srli    s1, s4, 24
core   0: 3 0x80004060 (0x018a5493) x 9 0x00000080
core   0: 0x80004064 (0x00008529) c.srai  a0, 10
core   0: 3 0x80004064 (0x8529) x10 0x00000000
core   0: 0x80004066 (0x024bcab3) div     s5, s7, tp
core   0: 3 0x80004066 (0x024bcab3) x21 0x00000000
core   0: 0x8000406a (0x000040ad) c.li    ra, 11
core   0: 3 0x8000406a (0x40ad) x 1 0x0000000b
core   0: 0x8000406c (0x000086ed) c.srai  a3, 27
core   0: 3 0x8000406c (0x86ed) x13 0xfffffff7
core   0: 0x8000406e (0x00009bfd) c.andi  a5, -1
core   0: 3 0x8000406e (0x9bfd) x15 0x00000000
core   0: 0x80004070 (0x00008c25) c.xor   s0, s1
core   0: 3 0x80004070 (0x8c25) x 8 0x000000c0
core   0: 0x80004072 (0x00005d7d) c.li    s10, -1
core   0: 3 0x80004072 (0x5d7d) x26 0xffffffff
core   0: 0x80004074 (0x00ccd3b3) srl     t2, s9, a2
core   0: 3 0x80004074 (0x00ccd3b3) x 7 0x00000000
core   0: 0x80004078 (0x023c9eb3) mulh    t4, s9, gp
core   0: 3 0x80004078 (0x023c9eb3) x29 0x00000000
core   0: 0x8000407c (0x359c2f13) slti    t5, s8, 857
core   0: 3 0x8000407c (0x359c2f13) x30 0x00000001
core   0: 0x80004080 (0xc39fbfb7) lui     t6, 0xc39fb
core   0: 3 0x80004080 (0xc39fbfb7) x31 0xc39fb000
core   0: 0x80004084 (0x0000c02d) c.beqz  s0, pc + 98
core   0: 3 0x80004084 (0xc02d)
core   0: 0x80004086 (0x01101913) slli    s2, zero, 17
core   0: 3 0x80004086 (0x01101913) x18 0x00000000
core   0: 0x8000408a (0x00009bfd) c.andi  a5, -1
core   0: 3 0x8000408a (0x9bfd) x15 0x00000000
core   0: 0x8000408c (0x4f3ef913) andi    s2, t4, 1267
core   0: 3 0x8000408c (0x4f3ef913) x18 0x00000000
core   0: 0x80004090 (0x005bfd63) bgeu    s7, t0, pc + 26
core   0: 3 0x80004090 (0x005bfd63)
core   0: 0x80004094 (0x01073333) sltu    t1, a4, a6
core   0: 3 0x80004094 (0x01073333) x 6 0x00000001
core   0: 0x80004098 (0x00008fb9) c.xor   a5, a4
core   0: 3 0x80004098 (0x8fb9) x15 0x80000000
core   0: 0x8000409a (0x034ce1b3) rem     gp, s9, s4
core   0: 3 0x8000409a (0x034ce1b3) x 3 0x00000000
core   0: 0x8000409e (0x04160263) beq     a2, ra, pc + 68
core   0: 3 0x8000409e (0x04160263)
core   0: 0x800040a2 (0x010b39b3) sltu    s3, s6, a6
core   0: 3 0x800040a2 (0x010b39b3) x19 0x00000001
core   0: 0x800040a6 (0x2cfba713) slti    a4, s7, 719
core   0: 3 0x800040a6 (0x2cfba713) x14 0x00000001
core   0: 0x800040aa (0x010ea7b3) slt     a5, t4, a6
core   0: 3 0x800040aa (0x010ea7b3) x15 0x00000000
core   0: 0x800040ae (0x03785333) divu    t1, a6, s7
core   0: 3 0x800040ae (0x03785333) x 6 0xffffffff
core   0: 0x800040b2 (0x005737b3) sltu    a5, a4, t0
core   0: 3 0x800040b2 (0x005737b3) x15 0x00000001
core   0: 0x800040b6 (0x02550863) beq     a0, t0, pc + 48
core   0: 3 0x800040b6 (0x02550863)
core   0: 0x800040ba (0x00005e17) auipc   t3, 0x5
core   0: 3 0x800040ba (0x00005e17) x28 0x800090ba
core   0: 0x800040be (0xdfee0e13) addi    t3, t3, -514
core   0: 3 0x800040be (0xdfee0e13) x28 0x80008eb8
core   0: 0x800040c2 (0x00008fc9) c.or    a5, a0
core   0: 3 0x800040c2 (0x8fc9) x15 0x00000001
core   0: 0x800040c4 (0x41035433) sra     s0, t1, a6
core   0: 3 0x800040c4 (0x41035433) x 8 0xffffffff
core   0: 0x800040c8 (0x00008e19) c.sub   a2, a4
core   0: 3 0x800040c8 (0x8e19) x12 0x0000efff
core   0: 0x800040ca (0x32fe0e13) addi    t3, t3, 815
core   0: 3 0x800040ca (0x32fe0e13) x28 0x800091e7
core   0: 0x800040ce (0x0122d393) srli    t2, t0, 18
core   0: 3 0x800040ce (0x0122d393) x 7 0x00003fff
core   0: 0x800040d2 (0x009d0563) beq     s10, s1, pc + 10
core   0: 3 0x800040d2 (0x009d0563)
core   0: 0x800040d6 (0x6be8e513) ori     a0, a7, 1726
core   0: 3 0x800040d6 (0x6be8e513) x10 0x80025efe
core   0: 0x800040da (0x00008ee6) c.mv    t4, s9
core   0: 3 0x800040da (0x8ee6) x29 0x00000000
core   0: 0x800040dc (0xcd1e00e7) jalr    ra, t3, -815
core   0: 3 0x800040dc (0xcd1e00e7) x 1 0x800040e0
core   0: 0x80008eb8 (0x00639363) bne     t2, t1, pc + 6
core   0: 3 0x80008eb8 (0x00639363)
core   0: 0x80008ebe (0xfc4a0a13) addi    s4, s4, -60
core   0: 3 0x80008ebe (0xfc4a0a13) x20 0x80025e28
core   0: 0x80008ec2 (0x03a06cb3) rem     s9, zero, s10
core   0: 3 0x80008ec2 (0x03a06cb3) x25 0x00000000
core   0: 0x80008ec6 (0x1f58eb13) ori     s6, a7, 501
core   0: 3 0x80008ec6 (0x1f58eb13) x22 0x80025ff5
core   0: 0x80008eca (0x001a2223) sw      ra, 4(s4)
core   0: 3 0x80008eca (0x001a2223) mem 0x80025e2c 0x800040e0
core   0: 0x80008ece (0x000086aa) c.mv    a3, a0
core   0: 3 0x80008ece (0x86aa) x13 0x80025efe
core   0: 0x80008ed0 (0x00008c6d) c.and   s0, a1
core   0: 3 0x80008ed0 (0x8c6d) x 8 0x80000000
core   0: 0x80008ed2 (0x00000d4e) c.slli  s10, 19
core   0: 3 0x80008ed2 (0x0d4e) x26 0xfff80000
core   0: 0x80008ed4 (0x0571f063) bgeu    gp, s7, pc + 64
core   0: 3 0x80008ed4 (0x0571f063)
core   0: 0x80008f14 (0x029740b3) div     ra, a4, s1
core   0: 3 0x80008f14 (0x029740b3) x 1 0x00000000
core   0: 0x80008f18 (0x02a919b3) mulh    s3, s2, a0
core   0: 3 0x80008f18 (0x02a919b3) x19 0x00000000
core   0: 0x80008f1c (0x04e46263) bltu    s0, a4, pc + 68
core   0: 3 0x80008f1c (0x04e46263)
core   0: 0x80008f20 (0x0ff0000f) fence   iorw,iorw
core   0: 3 0x80008f20 (0x0ff0000f)
core   0: 0x80008f24 (0x03a94033) div     zero, s2, s10
core   0: 3 0x80008f24 (0x03a94033)
core   0: 0x80008f28 (0x005966b3) or      a3, s2, t0
core   0: 3 0x80008f28 (0x005966b3) x13 0xffffffff
core   0: 0x80008f2c (0x004001b3) add     gp, zero, tp
core   0: 3 0x80008f2c (0x004001b3) x 3 0xffffff9f
core   0: 0x80008f30 (0x000044fd) c.li    s1, 31
core   0: 3 0x80008f30 (0x44fd) x 9 0x0000001f
core   0: 0x80008f32 (0x01955c63) bge     a0, s9, pc + 24
core   0: 3 0x80008f32 (0x01955c63)
core   0: 0x80008f36 (0xc4d83993) sltiu   s3, a6, -947
core   0: 3 0x80008f36 (0xc4d83993) x19 0x00000001
core   0: 0x80008f3a (0x026e4cb3) div     s9, t3, t1
core   0: 3 0x80008f3a (0x026e4cb3) x25 0x7fff6e19
core   0: 0x80008f3e (0x0017afb3) slt     t6, a5, ra
core   0: 3 0x80008f3e (0x0017afb3) x31 0x00000000
core   0: 0x80008f42 (0x00008449) c.srai  s0, 18
core   0: 3 0x80008f42 (0x8449) x 8 0xffffe000
core   0: 0x80008f44 (0x013c7b63) bgeu    s8, s3, pc + 22
core   0: 3 0x80008f44 (0x013c7b63)
core   0: 0x80008f5a (0x0024cc33) xor     s8, s1, sp
core   0: 3 0x80008f5a (0x0024cc33) x24 0x80029cfb
core   0: 0x80008f5e (0x0000ed01) c.bnez  a0, pc + 24
core   0: 3 0x80008f5e (0xed01)
core   0: 0x80008f76 (0x1bcf8393) addi    t2, t6, 444
core   0: 3 0x80008f76 (0x1bcf8393) x 7 0x000001bc
core   0: 0x80008f7a (0x00006b2d) c.lui   s6, 0xb
core   0: 3 0x80008f7a (0x6b2d) x22 0x0000b000
core   0: 0x80008f7c (0x9301ffb7) lui     t6, 0x9301f
core   0: 3 0x80008f7c (0x9301ffb7) x31 0x9301f000
core   0: 0x80008f80 (0x40d75213) srai    tp, a4, 13
core   0: 3 0x80008f80 (0x40d75213) x 4 0x00000000
core   0: 0x80008f84 (0x0292a8b3) mulhsu  a7, t0, s1
core   0: 3 0x80008f84 (0x0292a8b3) x17 0xffffffff
core   0: 0x80008f88 (0x00008d79) c.and   a0, a4
core   0: 3 0x80008f88 (0x8d79) x10 0x00000000
core   0: 0x80008f8a (0x01d573b3) and     t2, a0, t4
core   0: 3 0x80008f8a (0x01d573b3) x 7 0x00000000
core   0: 0x80008f8e (0x00008951) c.andi  a0, 20
core   0: 3 0x80008f8e (0x8951) x10 0x00000000
core   0: 0x80008f90 (0x00008fcd) c.or    a5, a1
core   0: 3 0x80008f90 (0x8fcd) x15 0x80000001
core   0: 0x80008f92 (0x00008789) c.srai  a5, 2
core   0: 3 0x80008f92 (0x8789) x15 0xe0000000
core   0: 0x80008f94 (0x7e057993) andi    s3, a0, 2016
core   0: 3 0x80008f94 (0x7e057993) x19 0x00000000
core   0: 0x80008f98 (0x100fbe17) auipc   t3, 0x100fb
core   0: 3 0x80008f98 (0x100fbe17) x28 0x90103f98
core   0: 0x80008f9c (0x0000e0b1) c.bnez  s1, pc + 68
core   0: 3 0x80008f9c (0xe0b1)
core   0: 0x80008fe0 (0x0000877d) c.srai  a4, 31
core   0: 3 0x80008fe0 (0x877d) x14 0x00000000
core   0: 0x80008fe2 (0x00000966) c.slli  s2, 25
core   0: 3 0x80008fe2 (0x0966) x18 0x00000000
core   0: 0x80008fe4 (0x0000e495) c.bnez  s1, pc + 44
core   0: 3 0x80008fe4 (0xe495)
core   0: 0x80009010 (0x96f7c793) xori    a5, a5, -1681
core   0: 3 0x80009010 (0x96f7c793) x15 0x1ffff96f
core   0: 0x80009014 (0x036263b3) rem     t2, tp, s6
core   0: 3 0x80009014 (0x036263b3) x 7 0x00000000
core   0: 0x80009018 (0x41f45e33) sra     t3, s0, t6
core   0: 3 0x80009018 (0x41f45e33) x28 0xffffe000
core   0: 0x8000901c (0x00008e69) c.and   a2, a0
core   0: 3 0x8000901c (0x8e69) x12 0x00000000
core   0: 0x8000901e (0x02741033) mulh    zero, s0, t2
core   0: 3 0x8000901e (0x02741033)
core   0: 0x80009022 (0x00d66233) or      tp, a2, a3
core   0: 3 0x80009022 (0x00d66233) x 4 0xffffffff
core   0: 0x80009026 (0x00008a81) c.andi  a3, 0
core   0: 3 0x80009026 (0x8a81) x13 0x00000000
core   0: 0x80009028 (0x01e7f0b3) and     ra, a5, t5
core   0: 3 0x80009028 (0x01e7f0b3) x 1 0x00000001
core   0: 0x8000902c (0x000091aa) c.add   gp, a0
core   0: 3 0x8000902c (0x91aa) x 3 0xffffff9f
core   0: 0x8000902e (0x00008f09) c.sub   a4, a0
core   0: 3 0x8000902e (0x8f09) x14 0x00000000
core   0: 0x80009030 (0x022916b3) mulh    a3, s2, sp
core   0: 3 0x80009030 (0x022916b3) x13 0x00000000
core   0: 0x80009034 (0x0ff0000f) fence   iorw,iorw
core   0: 3 0x80009034 (0x0ff0000f)
core   0: 0x80009038 (0x0ff0000f) fence   iorw,iorw
core   0: 3 0x80009038 (0x0ff0000f)
core   0: 0x8000903c (0x034e5633) divu    a2, t3, s4
core   0: 3 0x8000903c (0x034e5633) x12 0x00000001
core   0: 0x80009040 (0xfd20ad13) slti    s10, ra, -46
core   0: 3 0x80009040 (0xfd20ad13) x26 0x00000000
core   0: 0x80009044 (0x00008d6d) c.and   a0, a1
core   0: 3 0x80009044 (0x8d6d) x10 0x00000000
core   0: 0x80009046 (0x01aad463) bge     s5, s10, pc + 8
core   0: 3 0x80009046 (0x01aad463)
core   0: 0x8000904e (0x00008e81) c.sub   a3, s0
core   0: 3 0x8000904e (0x8e81) x13 0x00002000
core   0: 0x80009050 (0x410ed993) srai    s3, t4, 16
core   0: 3 0x80009050 (0x410ed993) x19 0x00000000
core   0: 0x80009054 (0x000087c5) c.srai  a5, 17
core   0: 3 0x80009054 (0x87c5) x15 0x00000fff
core   0: 0x80009056 (0x21347093) andi    ra, s0, 531
core   0: 3 0x80009056 (0x21347093) x 1 0x00000000
core   0: 0x8000905a (0x01bbd933) srl     s2, s7, s11
core   0: 3 0x8000905a (0x01bbd933) x18 0x00000000
core   0: 0x8000905e (0x40168ab3) sub     s5, a3, ra
core   0: 3 0x8000905e (0x40168ab3) x21 0x00002000
core   0: 0x80009062 (0x0000c509) c.beqz  a0, pc + 10
core   0: 3 0x80009062 (0xc509)
core   0: 0x8000906c (0x0127b533) sltu    a0, a5, s2
core   0: 3 0x8000906c (0x0127b533) x10 0x00000000
core   0: 0x80009070 (0x000019fd) c.addi  s3, -1
core   0: 3 0x80009070 (0x19fd) x19 0xffffffff
core   0: 0x80009072 (0x036c34b3) mulhu   s1, s8, s6
core   0: 3 0x80009072 (0x036c34b3) x 9 0x00005801
core   0: 0x80009076 (0x00092ab3) slt     s5, s2, zero
core   0: 3 0x80009076 (0x00092ab3) x21 0x00000000
core   0: 0x8000907a (0x00008b7a) c.mv    s6, t5
core   0: 3 0x8000907a (0x8b7a) x22 0x00000001
core   0: 0x8000907c (0x00cdd093) srli    ra, s11, 12
core   0: 3 0x8000907c (0x00cdd093) x 1 0x00000000
core   0: 0x80009080 (0x0297d4b3) divu    s1, a5, s1
core   0: 3 0x80009080 (0x0297d4b3) x 9 0x00000000
core   0: 0x80009084 (0x403503b3) sub     t2, a0, gp
core   0: 3 0x80009084 (0x403503b3) x 7 0x00000061
core   0: 0x80009088 (0x00820933) add     s2, tp, s0
core   0: 3 0x80009088 (0x00820933) x18 0xffffdfff
core   0: 0x8000908c (0x0000ca99) c.beqz  a3, pc + 22
core   0: 3 0x8000908c (0xca99)
core   0: 0x8000908e (0x02521933) mulh    s2, tp, t0
core   0: 3 0x8000908e (0x02521933) x18 0x00000000
core   0: 0x80009092 (0x03147533) remu    a0, s0, a7
core   0: 3 0x80009092 (0x03147533) x10 0xffffe000
core   0: 0x80009096 (0xac17af93) slti    t6, a5, -1343
core   0: 3 0x80009096 (0xac17af93) x31 0x00000000
core   0: 0x8000909a (0x00008fa9) c.xor   a5, a0
core   0: 3 0x8000909a (0x8fa9) x15 0xffffefff
core   0: 0x8000909c (0x037f2833) mulhsu  a6, t5, s7
core   0: 3 0x8000909c (0x037f2833) x16 0x00000000
core   0: 0x800090a0 (0x00009bfd) c.andi  a5, -1
core   0: 3 0x800090a0 (0x9bfd) x15 0xffffefff
core   0: 0x800090a2 (0x00008ee9) c.and   a3, a0
core   0: 3 0x800090a2 (0x8ee9) x13 0x00002000
core   0: 0x800090a4 (0x0000835d) c.srli  a4, 23
core   0: 3 0x800090a4 (0x835d) x14 0x00000000
core   0: 0x800090a6 (0x00407c63) bgeu    zero, tp, pc + 24
core   0: 3 0x800090a6 (0x00407c63)
core   0: 0x800090aa (0x41615933) sra     s2, sp, s6
core   0: 3 0x800090aa (0x41615933) x18 0xc0014e72
core   0: 0x800090ae (0x0000100f) fence.i
core   0: 3 0x800090ae (0x0000100f)
core   0: 0x800090b2 (0x0196f463) bgeu    a3, s9, pc + 8
core   0: 3 0x800090b2 (0x0196f463)
core   0: 0x800090b6 (0x025f4ab3) div     s5, t5, t0
core   0: 3 0x800090b6 (0x025f4ab3) x21 0xffffffff
core   0: 0x800090ba (0xe68df193) andi    gp, s11, -408
core   0: 3 0x800090ba (0xe68df193) x 3 0x00000000
core   0: 0x800090be (0x0202b3b3) mulhu   t2, t0, zero
core   0: 3 0x800090be (0x0202b3b3) x 7 0x00000000
core   0: 0x800090c2 (0x00008729) c.srai  a4, 10
core   0: 3 0x800090c2 (0x8729) x14 0x00000000
core   0: 0x800090c4 (0x0000c285) c.beqz  a3, pc + 32
core   0: 3 0x800090c4 (0xc285)
core   0: 0x800090c6 (0x0241c933) div     s2, gp, tp
core   0: 3 0x800090c6 (0x0241c933) x18 0x00000000
core   0: 0x800090ca (0x00008ed5) c.or    a3, a3
core   0: 3 0x800090ca (0x8ed5) x13 0x00002000
core   0: 0x800090cc (0x005acbb3) xor     s7, s5, t0
core   0: 3 0x800090cc (0x005acbb3) x23 0x00000000
core   0: 0x800090d0 (0x0d0de213) ori     tp, s11, 208
core   0: 3 0x800090d0 (0x0d0de213) x 4 0x000000d0
core   0: 0x800090d4 (0x681bf393) andi    t2, s7, 1665
core   0: 3 0x800090d4 (0x681bf393) x 7 0x00000000
core   0: 0x800090d8 (0x01028bb3) add     s7, t0, a6
core   0: 3 0x800090d8 (0x01028bb3) x23 0xffffffff
core   0: 0x800090dc (0x00000001) c.nop
core   0: 3 0x800090dc (0x0001)
core   0: 0x800090de (0x00008c01) c.sub   s0, s0
core   0: 3 0x800090de (0x8c01) x 8 0x00000000
core   0: 0x800090e0 (0x019fe663) bltu    t6, s9, pc + 12
core   0: 3 0x800090e0 (0x019fe663)
core   0: 0x800090ec (0x4039d493) srai    s1, s3, 3
core   0: 3 0x800090ec (0x4039d493) x 9 0xffffffff
core   0: 0x800090f0 (0x00008d69) c.and   a0, a0
core   0: 3 0x800090f0 (0x8d69) x10 0xffffe000
core   0: 0x800090f2 (0x234a4493) xori    s1, s4, 564
core   0: 3 0x800090f2 (0x234a4493) x 9 0x80025c1c
core   0: 0x800090f6 (0x0110f2b3) and     t0, ra, a7
core   0: 3 0x800090f6 (0x0110f2b3) x 5 0x00000000
core   0: 0x800090fa (0x0339d233) divu    tp, s3, s3
core   0: 3 0x800090fa (0x0339d233) x 4 0x00000001
core   0: 0x800090fe (0xf9bb8c13) addi    s8, s7, -101
core   0: 3 0x800090fe (0xf9bb8c13) x24 0xffffff9a
core   0: 0x80009102 (0x0360b093) sltiu   ra, ra, 54
core   0: 3 0x80009102 (0x0360b093) x 1 0x00000001
core   0: 0x80009106 (0x0000027a) c.slli  tp, 30
core   0: 3 0x80009106 (0x027a) x 4 0x40000000
core   0: 0x80009108 (0x02840263) beq     s0, s0, pc + 36
core   0: 3 0x80009108 (0x02840263)
core   0: 0x8000912c (0x0000147d) c.addi  s0, -1
core   0: 3 0x8000912c (0x147d) x 8 0xffffffff
core   0: 0x8000912e (0x00008d39) c.xor   a0, a4
core   0: 3 0x8000912e (0x8d39) x10 0xffffe000
core   0: 0x80009130 (0x3fdc0713) addi    a4, s8, 1021
core   0: 3 0x80009130 (0x3fdc0713) x14 0x00000397
core   0: 0x80009134 (0x40bb04b3) sub     s1, s6, a1
core   0: 3 0x80009134 (0x40bb04b3) x 9 0x80000001
core   0: 0x80009138 (0x00009a92) c.add   s5, tp
core   0: 3 0x80009138 (0x9a92) x21 0x3fffffff
core   0: 0x8000913a (0x0315cf33) div     t5, a1, a7
core   0: 3 0x8000913a (0x0315cf33) x30 0x80000000
core   0: 0x8000913e (0x00008531) c.srai  a0, 12
core   0: 3 0x8000913e (0x8531) x10 0xfffffffe
core   0: 0x80009140 (0x00008b1d) c.andi  a4, 7
core   0: 3 0x80009140 (0x8b1d) x14 0x00000007
core   0: 0x80009142 (0xe68d4f93) xori    t6, s10, -408
core   0: 3 0x80009142 (0xe68d4f93) x31 0xfffffe68
core   0: 0x80009146 (0x016c02b3) add     t0, s8, s6
core   0: 3 0x80009146 (0x016c02b3) x 5 0xffffff9b
core   0: 0x8000914a (0x00c7d513) srli    a0, a5, 12
core   0: 3 0x8000914a (0x00c7d513) x10 0x000ffffe
core   0: 0x8000914e (0x005d5913) srli    s2, s10, 5
core   0: 3 0x8000914e (0x005d5913) x18 0x00000000
core   0: 0x80009152 (0xd5168193) addi    gp, a3, -687
core   0: 3 0x80009152 (0xd5168193) x 3 0x00001d51
core   0: 0x80009156 (0x80623513) sltiu   a0, tp, -2042
core   0: 3 0x80009156 (0x80623513) x10 0x00000001
core   0: 0x8000915a (0x00008fc5) c.or    a5, s1
core   0: 3 0x8000915a (0x8fc5) x15 0xffffefff
core   0: 0x8000915c (0x02dd9563) bne     s11, a3, pc + 42
core   0: 3 0x8000915c (0x02dd9563)
core   0: 0x80009186 (0x407cddb3) sra     s11, s9, t2
core   0: 3 0x80009186 (0x407cddb3) x27 0x7fff6e19
core   0: 0x8000918a (0x2cc65097) auipc   ra, 0x2cc65
core   0: 3 0x8000918a (0x2cc65097) x 1 0xacc6e18a
core   0: 0x8000918e (0x402257b3) sra     a5, tp, sp
core   0: 3 0x8000918e (0x402257b3) x15 0x04000000
core   0: 0x80009192 (0x000098fd) c.andi  s1, -1
core   0: 3 0x80009192 (0x98fd) x 9 0x80000001
core   0: 0x80009194 (0xbf127d13) andi    s10, tp, -1039
core   0: 3 0x80009194 (0xbf127d13) x26 0x40000000
core   0: 0x80009198 (0xfa0658b7) lui     a7, 0xfa065
core   0: 3 0x80009198 (0xfa0658b7) x17 0xfa065000
core   0: 0x8000919c (0x3ba7c213) xori    tp, a5, 954
core   0: 3 0x8000919c (0x3ba7c213) x 4 0x040003ba
core   0: 0x800091a0 (0x54e9b493) sltiu   s1, s3, 1358
core   0: 3 0x800091a0 (0x54e9b493) x 9 0x00000000
core   0: 0x800091a4 (0x00f7ef63) bltu    a5, a5, pc + 30
core   0: 3 0x800091a4 (0x00f7ef63)
core   0: 0x800091a8 (0x03d48c33) mul     s8, s1, t4
core   0: 3 0x800091a8 (0x03d48c33) x24 0x00000000
core   0: 0x800091ac (0x0066d993) srli    s3, a3, 6
core   0: 3 0x800091ac (0x0066d993) x19 0x00000080
core   0: 0x800091b0 (0x000009ce) c.slli  s3, 19
core   0: 3 0x800091b0 (0x09ce) x19 0x04000000
core   0: 0x800091b2 (0x010f7863) bgeu    t5, a6, pc + 16
core   0: 3 0x800091b2 (0x010f7863)
core   0: 0x800091c2 (0x02a542b3) div     t0, a0, a0
core   0: 3 0x800091c2 (0x02a542b3) x 5 0x00000001
core   0: 0x800091c6 (0x411982b3) sub     t0, s3, a7
core   0: 3 0x800091c6 (0x411982b3) x 5 0x09f9b000
core   0: 0x800091ca (0x02659333) mulh    t1, a1, t1
core   0: 3 0x800091ca (0x02659333) x 6 0x00000000
core   0: 0x800091ce (0x03b32d33) mulhsu  s10, t1, s11
core   0: 3 0x800091ce (0x03b32d33) x26 0x00000000
core   0: 0x800091d2 (0x00000372) c.slli  t1, 28
core   0: 3 0x800091d2 (0x0372) x 6 0x00000000
core   0: 0x800091d4 (0x022f9333) mulh    t1, t6, sp
core   0: 3 0x800091d4 (0x022f9333) x 6 0x000000cb
core   0: 0x800091d8 (0x81103193) sltiu   gp, zero, -2031
core   0: 3 0x800091d8 (0x81103193) x 3 0x00000001
core   0: 0x800091dc (0x00dea733) slt     a4, t4, a3
core   0: 3 0x800091dc (0x00dea733) x14 0x00000001
core   0: 0x800091e0 (0x01e25b13) srli    s6, tp, 30
core   0: 3 0x800091e0 (0x01e25b13) x22 0x00000000
core   0: 0x800091e4 (0x004a2083) lw      ra, 4(s4)
core   0: 3 0x800091e4 (0x004a2083) x 1 0x800040e0 mem 0x80025e2c
core   0: 0x800091e8 (0x03ca0a13) addi    s4, s4, 60
core   0: 3 0x800091e8 (0x03ca0a13) x20 0x80025e64
core   0: 0x800091ec (0x00000f1d) c.addi  t5, 7
core   0: 3 0x800091ec (0x0f1d) x30 0x80000007
core   0: 0x800091ee (0x00108693) addi    a3, ra, 1
core   0: 3 0x800091ee (0x00108693) x13 0x800040e1
core   0: 0x800091f2 (0x00008682) c.jr    a3
core   0: 3 0x800091f2 (0x8682)
core   0: 0x800040e0 (0x00008d59) c.or    a0, a4
core   0: 3 0x800040e0 (0x8d59) x10 0x00000001
core   0: 0x800040e2 (0x01d21fb3) sll     t6, tp, t4
core   0: 3 0x800040e2 (0x01d21fb3) x31 0x040003ba
core   0: 0x800040e6 (0x00000001) c.nop
core   0: 3 0x800040e6 (0x0001)
core   0: 0x800040e8 (0x002a7eb3) and     t4, s4, sp
core   0: 3 0x800040e8 (0x002a7eb3) x29 0x80021c64
core   0: 0x800040ec (0x0231d533) divu    a0, gp, gp
core   0: 3 0x800040ec (0x0231d533) x10 0x00000001
core   0: 0x800040f0 (0x00017533) and     a0, sp, zero
core   0: 3 0x800040f0 (0x00017533) x10 0x00000000
core   0: 0x800040f4 (0x015a51b3) srl     gp, s4, s5
core   0: 3 0x800040f4 (0x015a51b3) x 3 0x00000001
core   0: 0x800040f8 (0x0000e095) c.bnez  s1, pc + 36
core   0: 3 0x800040f8 (0xe095)
core   0: 0x800040fa (0x00000001) c.nop
core   0: 3 0x800040fa (0x0001)
core   0: 0x800040fc (0x023c51b3) divu    gp, s8, gp
core   0: 3 0x800040fc (0x023c51b3) x 3 0x00000000
core   0: 0x80004100 (0x028692b3) mulh    t0, a3, s0
core   0: 3 0x80004100 (0x028692b3) x 5 0x00000000
core   0: 0x80004104 (0x017353b3) srl     t2, t1, s7
core   0: 3 0x80004104 (0x017353b3) x 7 0x00000000
core   0: 0x80004108 (0x45f5b413) sltiu   s0, a1, 1119
core   0: 3 0x80004108 (0x45f5b413) x 8 0x00000000
core   0: 0x8000410c (0x03372bb3) mulhsu  s7, a4, s3
core   0: 3 0x8000410c (0x03372bb3) x23 0x00000000
core   0: 0x80004110 (0x00006ead) c.lui   t4, 0xb
core   0: 3 0x80004110 (0x6ead) x29 0x0000b000
core   0: 0x80004112 (0x01cb1c63) bne     s6, t3, pc + 24
core   0: 3 0x80004112 (0x01cb1c63)
core   0: 0x8000412a (0x3ebaec13) ori     s8, s5, 1003
core   0: 3 0x8000412a (0x3ebaec13) x24 0x3fffffff
core   0: 0x8000412e (0x0000167d) c.addi  a2, -1
core   0: 3 0x8000412e (0x167d) x12 0x00000000
core   0: 0x80004130 (0x00004e3d) c.li    t3, 15
core   0: 3 0x80004130 (0x4e3d) x28 0x0000000f
core   0: 0x80004132 (0x00008876) c.mv    a6, t4
core   0: 3 0x80004132 (0x8876) x16 0x0000b000
core   0: 0x80004134 (0x417b00b3) sub     ra, s6, s7
core   0: 3 0x80004134 (0x417b00b3) x 1 0x00000000
core   0: 0x80004138 (0x03223b33) mulhu   s6, tp, s2
core   0: 3 0x80004138 (0x03223b33) x22 0x00000000
core   0: 0x8000413c (0x020e9fb3) mulh    t6, t4, zero
core   0: 3 0x8000413c (0x020e9fb3) x31 0x00000000
core   0: 0x80004140 (0x471046b7) lui     a3, 0x47104
core   0: 3 0x80004140 (0x471046b7) x13 0x47104000
core   0: 0x80004144 (0x0119cdb3) xor     s11, s3, a7
core   0: 3 0x80004144 (0x0119cdb3) x27 0xfe065000
core   0: 0x80004148 (0x00649b33) sll     s6, s1, t1
core   0: 3 0x80004148 (0x00649b33) x22 0x00000000
core   0: 0x8000414c (0x0000100f) fence.i
core   0: 3 0x8000414c (0x0000100f)
core   0: 0x80004150 (0x00c4bdb3) sltu    s11, s1, a2
core   0: 3 0x80004150 (0x00c4bdb3) x27 0x00000000
core   0: 0x80004154 (0x00000651) c.addi  a2, 20
core   0: 3 0x80004154 (0x0651) x12 0x00000014
core   0: 0x80004156 (0xd3d8ef93) ori     t6, a7, -707
core   0: 3 0x80004156 (0xd3d8ef93) x31 0xfffffd3d
core   0: 0x8000415a (0x00000001) c.nop
core   0: 3 0x8000415a (0x0001)
core   0: 0x8000415c (0x97045197) auipc   gp, 0x97045
core   0: 3 0x8000415c (0x97045197) x 3 0x1704915c
core   0: 0x80004160 (0x01b10433) add     s0, sp, s11
core   0: 3 0x80004160 (0x01b10433) x 8 0x80029ce4
core   0: 0x80004164 (0x02b15e63) bge     sp, a1, pc + 60
core   0: 3 0x80004164 (0x02b15e63)
core   0: 0x800041a0 (0x00d707b3) add     a5, a4, a3
core   0: 3 0x800041a0 (0x00d707b3) x15 0x47104001
core   0: 0x800041a4 (0x01db6eb3) or      t4, s6, t4
core   0: 3 0x800041a4 (0x01db6eb3) x29 0x0000b000
core   0: 0x800041a8 (0x007be533) or      a0, s7, t2
core   0: 3 0x800041a8 (0x007be533) x10 0x00000000
core   0: 0x800041ac (0x022e03b3) mul     t2, t3, sp
core   0: 3 0x800041ac (0x022e03b3) x 7 0x8027315c
core   0: 0x800041b0 (0x03d478b3) remu    a7, s0, t4
core   0: 3 0x800041b0 (0x03d478b3) x17 0x00003ce4
core   0: 0x800041b4 (0x41795333) sra     t1, s2, s7
core   0: 3 0x800041b4 (0x41795333) x 6 0x00000000
core   0: 0x800041b8 (0x0000ec21) c.bnez  s0, pc + 88
core   0: 3 0x800041b8 (0xec21)
core   0: 0x80004210 (0x000002d6) c.slli  t0, 21
core   0: 3 0x80004210 (0x02d6) x 5 0x00000000
core   0: 0x80004212 (0x0069f0b3) and     ra, s3, t1
core   0: 3 0x80004212 (0x0069f0b3) x 1 0x00000000
core   0: 0x80004216 (0xd51ef893) andi    a7, t4, -687
core   0: 3 0x80004216 (0xd51ef893) x17 0x0000b000
core   0: 0x8000421a (0x00f7ce63) blt     a5, a5, pc + 28
core   0: 3 0x8000421a (0x00f7ce63)
core   0: 0x8000421e (0x1d836a97) auipc   s5, 0x1d836
core   0: 3 0x8000421e (0x1d836a97) x21 0x9d83a21e
core   0: 0x80004222 (0x00b643b3) xor     t2, a2, a1
core   0: 3 0x80004222 (0x00b643b3) x 7 0x80000014
core   0: 0x80004226 (0x00000001) c.nop
core   0: 3 0x80004226 (0x0001)
core   0: 0x80004228 (0x000080e1) c.srli  s1, 24
core   0: 3 0x80004228 (0x80e1) x 9 0x00000000
core   0: 0x8000422a (0x000062a9) c.lui   t0, 0xa
core   0: 3 0x8000422a (0x62a9) x 5 0x0000a000
core   0: 0x8000422c (0x0000802d) c.srli  s0, 11
core   0: 3 0x8000422c (0x802d) x 8 0x00100053
core   0: 0x8000422e (0x4181d1b3) sra     gp, gp, s8
core   0: 3 0x8000422e (0x4181d1b3) x 3 0x00000000
core   0: 0x80004232 (0x04f27f93) andi    t6, tp, 79
core   0: 3 0x80004232 (0x04f27f93) x31 0x0000000a
core   0: 0x80004236 (0x013c6fb3) or      t6, s8, s3
core   0: 3 0x80004236 (0x013c6fb3) x31 0x3fffffff
core   0: 0x8000423a (0x00008e1d) c.sub   a2, a5
core   0: 3 0x8000423a (0x8e1d) x12 0xb8efc013
core   0: 0x8000423c (0x0ff0000f) fence   iorw,iorw
core   0: 3 0x8000423c (0x0ff0000f)
core   0: 0x80004240 (0x03b39033) mulh    zero, t2, s11
core   0: 3 0x80004240 (0x03b39033)
core   0: 0x80004244 (0x00617a63) bgeu    sp, t1, pc + 20
core   0: 3 0x80004244 (0x00617a63)
core   0: 0x80004258 (0x00008fd1) c.or    a5, a2
core   0: 3 0x80004258 (0x8fd1) x15 0xffffc013
core   0: 0x8000425a (0x08e17713) andi    a4, sp, 142
core   0: 3 0x8000425a (0x08e17713) x14 0x00000084
core   0: 0x8000425e (0x00008155) c.srli  a0, 21
core   0: 3 0x8000425e (0x8155) x10 0x00000000
core   0: 0x80004260 (0x015aad33) slt     s10, s5, s5
core   0: 3 0x80004260 (0x015aad33) x26 0x00000000
core   0: 0x80004264 (0x028a5833) divu    a6, s4, s0
core   0: 3 0x80004264 (0x028a5833) x16 0x000007ff
core   0: 0x80004268 (0x0000065a) c.slli  a2, 22
core   0: 3 0x80004268 (0x065a) x12 0x04c00000
core   0: 0x8000426a (0x0291bab3) mulhu   s5, gp, s1
core   0: 3 0x8000426a (0x0291bab3) x21 0x00000000
core   0: 0x8000426e (0x0ff0000f) fence   iorw,iorw
core   0: 3 0x8000426e (0x0ff0000f)
core   0: 0x80004272 (0x00f474b3) and     s1, s0, a5
core   0: 3 0x80004272 (0x00f474b3) x 9 0x00100013
core   0: 0x80004276 (0x00c3ec63) bltu    t2, a2, pc + 24
core   0: 3 0x80004276 (0x00c3ec63)
core   0: 0x8000427a (0x0000157d) c.addi  a0, -1
core   0: 3 0x8000427a (0x157d) x10 0xffffffff
core   0: 0x8000427c (0x035bc733) div     a4, s7, s5
core   0: 3 0x8000427c (0x035bc733) x14 0xffffffff
core   0: 0x80004280 (0xb6b2c213) xori    tp, t0, -1173
core   0: 3 0x80004280 (0xb6b2c213) x 4 0xffff5b6b
core   0: 0x80004284 (0x001462b3) or      t0, s0, ra
core   0: 3 0x80004284 (0x001462b3) x 5 0x00100053
core   0: 0x80004288 (0x0000e491) c.bnez  s1, pc + 12
core   0: 3 0x80004288 (0xe491)
core   0: 0x80004294 (0x01030733) add     a4, t1, a6
core   0: 3 0x80004294 (0x01030733) x14 0x000007ff
core   0: 0x80004298 (0x02b4c663) blt     s1, a1, pc + 44
core   0: 3 0x80004298 (0x02b4c663)
core   0: 0x8000429c (0x003b8533) add     a0, s7, gp
core   0: 3 0x8000429c (0x003b8533) x10 0x00000000
core   0: 0x800042a0 (0x0000866d) c.srai  a2, 27
core   0: 3 0x800042a0 (0x866d) x12 0x00000000
core   0: 0x800042a2 (0x00005ffd) c.li    t6, -1
core   0: 3 0x800042a2 (0x5ffd) x31 0xffffffff
core   0: 0x800042a4 (0x0254ae33) mulhsu  t3, s1, t0
core   0: 3 0x800042a4 (0x0254ae33) x28 0x00000100
core   0: 0x800042a8 (0x73732d93) slti    s11, t1, 1847
core   0: 3 0x800042a8 (0x73732d93) x27 0x00000001
core   0: 0x800042ac (0x00008221) c.srli  a2, 8
core   0: 3 0x800042ac (0x8221) x12 0x00000000
core   0: 0x800042ae (0x00008eb1) c.xor   a3, a2
core   0: 3 0x800042ae (0x8eb1) x13 0x47104000
core   0: 0x800042b0 (0x014f5793) srli    a5, t5, 20
core   0: 3 0x800042b0 (0x014f5793) x15 0x00000800
core   0: 0x800042b4 (0x00008afd) c.andi  a3, 31
core   0: 3 0x800042b4 (0x8afd) x13 0x00000000
core   0: 0x800042b6 (0x000ad513) srli    a0, s5, 0
core   0: 3 0x800042b6 (0x000ad513) x10 0x00000000
core   0: 0x800042ba (0x0136f833) and     a6, a3, s3
core   0: 3 0x800042ba (0x0136f833) x16 0x00000000
core   0: 0x800042be (0x02f27063) bgeu    tp, a5, pc + 32
core   0: 3 0x800042be (0x02f27063)
core   0: 0x800042de (0x0000981e) c.add   a6, t2
core   0: 3 0x800042de (0x981e) x16 0x80000014
core   0: 0x800042e0 (0x00000fe2) c.slli  t6, 24
core   0: 3 0x800042e0 (0x0fe2) x31 0xff000000
core   0: 0x800042e2 (0x000084c1) c.srai  s1, 16
core   0: 3 0x800042e2 (0x84c1) x 9 0x00000010
core   0: 0x800042e4 (0x0251f763) bgeu    gp, t0, pc + 46
core   0: 3 0x800042e4 (0x0251f763)
core   0: 0x800042e8 (0x44807813) andi    a6, zero, 1096
core   0: 3 0x800042e8 (0x44807813) x16 0x00000000
core   0: 0x800042ec (0x034d7bb3) remu    s7, s10, s4
core   0: 3 0x800042ec (0x034d7bb3) x23 0x00000000
core   0: 0x800042f0 (0x030dfe33) remu    t3, s11, a6
core   0: 3 0x800042f0 (0x030dfe33) x28 0x00000001
core   0: 0x800042f4 (0x01b11833) sll     a6, sp, s11
core   0: 3 0x800042f4 (0x01b11833) x16 0x000539c8
core   0: 0x800042f8 (0x8239f6b7) lui     a3, 0x8239f
core   0: 3 0x800042f8 (0x8239f6b7) x13 0x8239f000
core   0: 0x800042fc (0x0000100f) fence.i
core   0: 3 0x800042fc (0x0000100f)
core   0: 0x80004300 (0x0207fe33) remu    t3, a5, zero
core   0: 3 0x80004300 (0x0207fe33) x28 0x00000800
core   0: 0x80004304 (0x00000191) c.addi  gp, 4
core   0: 3 0x80004304 (0x0191) x 3 0x00000004
core   0: 0x80004306 (0x02140b33) mul     s6, s0, ra
core   0: 3 0x80004306 (0x02140b33) x22 0x00000000
core   0: 0x8000430a (0x0309cfb3) div     t6, s3, a6
core   0: 3 0x8000430a (0x0309cfb3) x31 0x000000c3
core   0: 0x8000430e (0x00a883b3) add     t2, a7, a0
core   0: 3 0x8000430e (0x00a883b3) x 7 0x0000b000
core   0: 0x80004312 (0x026c7ab3) remu    s5, s8, t1
core   0: 3 0x80004312 (0x026c7ab3) x21 0x3fffffff
core   0: 0x80004316 (0x409f8c33) sub     s8, t6, s1
core   0: 3 0x80004316 (0x409f8c33) x24 0x000000b3
core   0: 0x8000431a (0x7887b913) sltiu   s2, a5, 1928
core   0: 3 0x8000431a (0x7887b913) x18 0x00000000
core   0: 0x8000431e (0x01521eb3) sll     t4, tp, s5
core   0: 3 0x8000431e (0x01521eb3) x29 0x80000000
core   0: 0x80004322 (0x00000001) c.nop
core   0: 3 0x80004322 (0x0001)
core   0: 0x80004324 (0x0000100f) fence.i
core   0: 3 0x80004324 (0x0000100f)
core   0: 0x80004328 (0x00000196) c.slli  gp, 5
core   0: 3 0x80004328 (0x0196) x 3 0x00000080
core   0: 0x8000432a (0x0147ca63) blt     a5, s4, pc + 20
core   0: 3 0x8000432a (0x0147ca63)
core   0: 0x8000432e (0x006b9733) sll     a4, s7, t1
core   0: 3 0x8000432e (0x006b9733) x14 0x00000000
core   0: 0x80004332 (0x00e294b3) sll     s1, t0, a4
core   0: 3 0x80004332 (0x00e294b3) x 9 0x00100053
core   0: 0x80004336 (0x0000100f) fence.i
core   0: 3 0x80004336 (0x0000100f)
core   0: 0x8000433a (0x0ff0000f) fence   iorw,iorw
core   0: 3 0x8000433a (0x0ff0000f)
core   0: 0x8000433e (0x0000809d) c.srli  s1, 7
core   0: 3 0x8000433e (0x809d) x 9 0x00002000
core   0: 0x80004340 (0x0000100f) fence.i
core   0: 3 0x80004340 (0x0000100f)
core   0: 0x80004344 (0x0000896d) c.andi  a0, 27
core   0: 3 0x80004344 (0x896d) x10 0x00000000
core   0: 0x80004346 (0xd8c5fc93) andi    s9, a1, -628
core   0: 3 0x80004346 (0xd8c5fc93) x25 0x80000000
core   0: 0x8000434a (0x0000987d) c.andi  s0, -1
core   0: 3 0x8000434a (0x987d) x 8 0x00100053
core   0: 0x8000434c (0x000087c5) c.srai  a5, 17
core   0: 3 0x8000434c (0x87c5) x15 0x00000000
core   0: 0x8000434e (0x01a0de93) srli    t4, ra, 26
core   0: 3 0x8000434e (0x01a0de93) x29 0x00000000
core   0: 0x80004352 (0x0000020e) c.slli  tp, 3
core   0: 3 0x80004352 (0x020e) x 4 0xfffadb58
core   0: 0x80004354 (0x02821833) mulh    a6, tp, s0
core   0: 3 0x80004354 (0x02821833) x16 0xffffffad
core   0: 0x80004358 (0x02e7d063) bge     a5, a4, pc + 32
core   0: 3 0x80004358 (0x02e7d063)
core   0: 0x80004378 (0x0ff0000f) fence   iorw,iorw
core   0: 3 0x80004378 (0x0ff0000f)
core   0: 0x8000437c (0x05c4f063) bgeu    s1, t3, pc + 64
core   0: 3 0x8000437c (0x05c4f063)
core   0: 0x800043bc (0x0ff0000f) fence   iorw,iorw
core   0: 3 0x800043bc (0x0ff0000f)
core   0: 0x800043c0 (0x02f58e63) beq     a1, a5, pc + 60
core   0: 3 0x800043c0 (0x02f58e63)
core   0: 0x800043c4 (0x0239c233) div     tp, s3, gp
core   0: 3 0x800043c4 (0x0239c233) x 4 0x00080000
core   0: 0x800043c8 (0x41f9dc13) srai    s8, s3, 31
core   0: 3 0x800043c8 (0x41f9dc13) x24 0x00000000
core   0: 0x800043cc (0x00f89293) slli    t0, a7, 15
core   0: 3 0x800043cc (0x00f89293) x 5 0x58000000
core   0: 0x800043d0 (0x41c15a93) srai    s5, sp, 28
core   0: 3 0x800043d0 (0x41c15a93) x21 0xfffffff8
core   0: 0x800043d4 (0x008a0eb3) add     t4, s4, s0
core   0: 3 0x800043d4 (0x008a0eb3) x29 0x80125eb7
core   0: 0x800043d8 (0x000000e2) c.slli  ra, 24
core   0: 3 0x800043d8 (0x00e2) x 1 0x00000000
core   0: 0x800043da (0x02574463) blt     a4, t0, pc + 40
core   0: 3 0x800043da (0x02574463)
core   0: 0x80004402 (0x0205cbb3) div     s7, a1, zero
core   0: 3 0x80004402 (0x0205cbb3) x23 0xffffffff
core   0: 0x80004406 (0x00009faa) c.add   t6, a0
core   0: 3 0x80004406 (0x9faa) x31 0x000000c3
core   0: 0x80004408 (0x000083ca) c.mv    t2, s2
core   0: 3 0x80004408 (0x83ca) x 7 0x00000000
core   0: 0x8000440a (0x00008cc1) c.or    s1, s0
core   0: 3 0x8000440a (0x8cc1) x 9 0x00102053
core   0: 0x8000440c (0x00006d55) c.lui   s10, 0x15
core   0: 3 0x8000440c (0x6d55) x26 0x00015000
core   0: 0x8000440e (0x279c7613) andi    a2, s8, 633
core   0: 3 0x8000440e (0x279c7613) x12 0x00000000
core   0: 0x80004412 (0x00224763) blt     tp, sp, pc + 14
core   0: 3 0x80004412 (0x00224763)
core   0: 0x80004416 (0x00fae763) bltu    s5, a5, pc + 14
core   0: 3 0x80004416 (0x00fae763)
core   0: 0x8000441a (0x00000001) c.nop
core   0: 3 0x8000441a (0x0001)
core   0: 0x8000441c (0x00ff8d63) beq     t6, a5, pc + 26
core   0: 3 0x8000441c (0x00ff8d63)
core   0: 0x80004420 (0x0012fb63) bgeu    t0, ra, pc + 22
core   0: 3 0x80004420 (0x0012fb63)
core   0: 0x80004436 (0x00008c8d) c.sub   s1, a1
core   0: 3 0x80004436 (0x8c8d) x 9 0x80102053
core   0: 0x80004438 (0x03b84463) blt     a6, s11, pc + 40
core   0: 3 0x80004438 (0x03b84463)
core   0: 0x80004460 (0x0ff0000f) fence   iorw,iorw
core   0: 3 0x80004460 (0x0ff0000f)
core   0: 0x80004464 (0x000086f5) c.srai  a3, 29
core   0: 3 0x80004464 (0x86f5) x13 0xfffffffc
core   0: 0x80004466 (0x028c0363) beq     s8, s0, pc + 38
core   0: 3 0x80004466 (0x028c0363)
core   0: 0x8000446a (0x00000001) c.nop
core   0: 3 0x8000446a (0x0001)
core   0: 0x8000446c (0xfbc92e13) slti    t3, s2, -68
core   0: 3 0x8000446c (0xfbc92e13) x28 0x00000000
core   0: 0x80004470 (0x031f8563) beq     t6, a7, pc + 42
core   0: 3 0x80004470 (0x031f8563)
core   0: 0x80004474 (0x2ffd7713) andi    a4, s10, 767
core   0: 3 0x80004474 (0x2ffd7713) x14 0x00000000
core   0: 0x80004478 (0x0064d8b3) srl     a7, s1, t1
core   0: 3 0x80004478 (0x0064d8b3) x17 0x80102053
core   0: 0x8000447c (0x5b31e3b7) lui     t2, 0x5b31e
core   0: 3 0x8000447c (0x5b31e3b7) x 7 0x5b31e000
core   0: 0x80004480 (0x00008e6d) c.and   a2, a1
core   0: 3 0x80004480 (0x8e6d) x12 0x00000000
core   0: 0x80004482 (0x00009bfd) c.andi  a5, -1
core   0: 3 0x80004482 (0x9bfd) x15 0x00000000
core   0: 0x80004484 (0x2ee49317) auipc   t1, 0x2ee49
core   0: 3 0x80004484 (0x2ee49317) x 6 0xaee4d484
core   0: 0x80004488 (0x03d23933) mulhu   s2, tp, t4
core   0: 3 0x80004488 (0x03d23933) x18 0x00040092
core   0: 0x8000448c (0x02221d33) mulh    s10, tp, sp
core   0: 3 0x8000448c (0x02221d33) x26 0xfffc0014
core   0: 0x80004490 (0x012afe33) and     t3, s5, s2
core   0: 3 0x80004490 (0x012afe33) x28 0x00040090
core   0: 0x80004494 (0x3996e313) ori     t1, a3, 921
core   0: 3 0x80004494 (0x3996e313) x 6 0xfffffffd
core   0: 0x80004498 (0x0000c389) c.beqz  a5, pc + 2
core   0: 3 0x80004498 (0xc389)
core   0: 0x8000449a (0x01a7d293) srli    t0, a5, 26
core   0: 3 0x8000449a (0x01a7d293) x 5 0x00000000
core   0: 0x8000449e (0x0000830d) c.srli  a4, 3
core   0: 3 0x8000449e (0x830d) x14 0x00000000
core   0: 0x800044a0 (0x03590a63) beq     s2, s5, pc + 52
core   0: 3 0x800044a0 (0x03590a63)
core   0: 0x800044a4 (0x00008e41) c.or    a2, s0
core   0: 3 0x800044a4 (0x8e41) x12 0x00100053
core   0: 0x800044a6 (0x00000001) c.nop
core   0: 3 0x800044a6 (0x0001)
core   0: 0x800044a8 (0x00008ef5) c.and   a3, a3
core   0: 3 0x800044a8 (0x8ef5) x13 0xfffffffc
core   0: 0x800044aa (0x01cac4b3) xor     s1, s5, t3
core   0: 3 0x800044aa (0x01cac4b3) x 9 0xfffbff68
core   0: 0x800044ae (0x022cb213) sltiu   tp, s9, 34
core   0: 3 0x800044ae (0x022cb213) x 4 0x00000000
core   0: 0x800044b2 (0x033f5163) bge     t5, s3, pc + 34
core   0: 3 0x800044b2 (0x033f5163)
core   0: 0x800044b6 (0x00008fc9) c.or    a5, a0
core   0: 3 0x800044b6 (0x8fc9) x15 0x00000000
core   0: 0x800044b8 (0x009ecf63) blt     t4, s1, pc + 30
core   0: 3 0x800044b8 (0x009ecf63)
core   0: 0x800044d6 (0x019dccb3) xor     s9, s11, s9
core   0: 3 0x800044d6 (0x019dccb3) x25 0x80000001
core   0: 0x800044da (0x00008cb9) c.xor   s1, a4
core   0: 3 0x800044da (0x8cb9) x 9 0xfffbff68
core   0: 0x800044dc (0x03320733) mul     a4, tp, s3
core   0: 3 0x800044dc (0x03320733) x14 0x00000000
core   0: 0x800044e0 (0xd80e3f93) sltiu   t6, t3, -640
core   0: 3 0x800044e0 (0xd80e3f93) x31 0x00000001
core   0: 0x800044e4 (0x02e959b3) divu    s3, s2, a4
core   0: 3 0x800044e4 (0x02e959b3) x19 0xffffffff
core   0: 0x800044e8 (0x01fc0863) beq     s8, t6, pc + 16
core   0: 3 0x800044e8 (0x01fc0863)
core   0: 0x800044ec (0x00008d55) c.or    a0, a3
core   0: 3 0x800044ec (0x8d55) x10 0xfffffffc
core   0: 0x800044ee (0x02ba7db3) remu    s11, s4, a1
core   0: 3 0x800044ee (0x02ba7db3) x27 0x00025e64
core   0: 0x800044f2 (0x0000e329) c.bnez  a4, pc + 66
core   0: 3 0x800044f2 (0xe329)
core   0: 0x800044f4 (0x000087e1) c.srai  a5, 24
core   0: 3 0x800044f4 (0x87e1) x15 0x00000000
core   0: 0x800044f6 (0x000080fd) c.srli  s1, 31
core   0: 3 0x800044f6 (0x80fd) x 9 0x00000001
core   0: 0x800044f8 (0x8a83fe13) andi    t3, t2, -1880
core   0: 3 0x800044f8 (0x8a83fe13) x28 0x5b31e000
core   0: 0x800044fc (0x4100d633) sra     a2, ra, a6
core   0: 3 0x800044fc (0x4100d633) x12 0x00000000
core   0: 0x80004500 (0x032cef63) bltu    s9, s2, pc + 62
core   0: 3 0x80004500 (0x032cef63)
core   0: 0x80004504 (0x4082d533) sra     a0, t0, s0
core   0: 3 0x80004504 (0x4082d533) x10 0x00000000
core   0: 0x80004508 (0x02128eb3) mul     t4, t0, ra
core   0: 3 0x80004508 (0x02128eb3) x29 0x00000000
core   0: 0x8000450c (0x0000855a) c.mv    a0, s6
core   0: 3 0x8000450c (0x855a) x10 0x00000000
core   0: 0x8000450e (0x403bdc13) srai    s8, s7, 3
core   0: 3 0x8000450e (0x403bdc13) x24 0xffffffff
core   0: 0x80004512 (0x40b6de13) srai    t3, a3, 11
core   0: 3 0x80004512 (0x40b6de13) x28 0xffffffff
core   0: 0x80004516 (0x03106a63) bltu    zero, a7, pc + 52
core   0: 3 0x80004516 (0x03106a63)
core   0: 0x8000454a (0x00584f63) blt     a6, t0, pc + 30
core   0: 3 0x8000454a (0x00584f63)
core   0: 0x80004568 (0x000098fd) c.andi  s1, -1
core   0: 3 0x80004568 (0x98fd) x 9 0x00000001
core   0: 0x8000456a (0x41750eb3) sub     t4, a0, s7
core   0: 3 0x8000456a (0x41750eb3) x29 0x00000001
core   0: 0x8000456e (0x00eeb0b3) sltu    ra, t4, a4
core   0: 3 0x8000456e (0x00eeb0b3) x 1 0x00000000
core   0: 0x80004572 (0x026d6e33) rem     t3, s10, t1
core   0: 3 0x80004572 (0x026d6e33) x28 0xfffffffe
core   0: 0x80004576 (0x03aea7b3) mulhsu  a5, t4, s10
core   0: 3 0x80004576 (0x03aea7b3) x15 0x00000000
core   0: 0x8000457a (0x016d2733) slt     a4, s10, s6
core   0: 3 0x8000457a (0x016d2733) x14 0x00000001
core   0: 0x8000457e (0x0000eb19) c.bnez  a4, pc + 22
core   0: 3 0x8000457e (0xeb19)
core   0: 0x80004594 (0x01db2bb3) slt     s7, s6, t4
core   0: 3 0x80004594 (0x01db2bb3) x23 0x00000001
core   0: 0x80004598 (0x0000987d) c.andi  s0, -1
core   0: 3 0x80004598 (0x987d) x 8 0x00100053
core   0: 0x8000459a (0x0235f7b3) remu    a5, a1, gp
core   0: 3 0x8000459a (0x0235f7b3) x15 0x00000000
core   0: 0x8000459e (0x02141863) bne     s0, ra, pc + 48
core   0: 3 0x8000459e (0x02141863)
core   0: 0x800045ce (0x035c5463) bge     s8, s5, pc + 40
core   0: 3 0x800045ce (0x035c5463)
core   0: 0x800045f6 (0x03ff4d33) div     s10, t5, t6
core   0: 3 0x800045f6 (0x03ff4d33) x26 0x80000007
core   0: 0x800045fa (0x00009a7d) c.andi  a2, -1
core   0: 3 0x800045fa (0x9a7d) x12 0x00000000
core   0: 0x800045fc (0x00745d13) srli    s10, s0, 7
core   0: 3 0x800045fc (0x00745d13) x26 0x00002000
core   0: 0x80004600 (0xa80e0493) addi    s1, t3, -1408
core   0: 3 0x80004600 (0xa80e0493) x 9 0xfffffa7e
core   0: 0x80004604 (0x9e16b393) sltiu   t2, a3, -1567
core   0: 3 0x80004604 (0x9e16b393) x 7 0x00000000
core   0: 0x80004608 (0x03f739b3) mulhu   s3, a4, t6
core   0: 3 0x80004608 (0x03f739b3) x19 0x00000000
core   0: 0x8000460c (0x00009afd) c.andi  a3, -1
core   0: 3 0x8000460c (0x9afd) x13 0xfffffffc
core   0: 0x8000460e (0xe7cab213) sltiu   tp, s5, -388
core   0: 3 0x8000460e (0xe7cab213) x 4 0x00000000
core   0: 0x80004612 (0x014f3533) sltu    a0, t5, s4
core   0: 3 0x80004612 (0x014f3533) x10 0x00000001
core   0: 0x80004616 (0x011cbe33) sltu    t3, s9, a7
core   0: 3 0x80004616 (0x011cbe33) x28 0x00000001
core   0: 0x8000461a (0x2ef63913) sltiu   s2, a2, 751
core   0: 3 0x8000461a (0x2ef63913) x18 0x00000001
core   0: 0x8000461e (0xdbd8b813) sltiu   a6, a7, -579
core   0: 3 0x8000461e (0xdbd8b813) x16 0x00000001
core   0: 0x80004622 (0xb5510013) addi    zero, sp, -1195
core   0: 3 0x80004622 (0xb5510013)
core   0: 0x80004626 (0x015242b3) xor     t0, tp, s5
core   0: 3 0x80004626 (0x015242b3) x 5 0xfffffff8
core   0: 0x8000462a (0x017bf7b3) and     a5, s7, s7
core   0: 3 0x8000462a (0x017bf7b3) x15 0x00000001
core   0: 0x8000462e (0x006a9b13) slli    s6, s5, 6
core   0: 3 0x8000462e (0x006a9b13) x22 0xfffffe00
core   0: 0x80004632 (0x00008c71) c.and   s0, a2
core   0: 3 0x80004632 (0x8c71) x 8 0x00000000
core   0: 0x80004634 (0x023c5433) divu    s0, s8, gp
core   0: 3 0x80004634 (0x023c5433) x 8 0x01ffffff
core   0: 0x80004638 (0x0390d633) divu    a2, ra, s9
core   0: 3 0x80004638 (0x0390d633) x12 0x00000000
core   0: 0x8000463c (0x00004b0d) c.li    s6, 3
core   0: 3 0x8000463c (0x4b0d) x22 0x00000003
core   0: 0x8000463e (0x0000808d) c.srli  s1, 3
core   0: 3 0x8000463e (0x808d) x 9 0x1fffff4f
core   0: 0x80004640 (0x002e5a93) srli    s5, t3, 2
core   0: 3 0x80004640 (0x002e5a93) x21 0x00000000
core   0: 0x80004644 (0x002cce33) xor     t3, s9, sp
core   0: 3 0x80004644 (0x002cce33) x28 0x00029ce5
core   0: 0x80004648 (0x00008e79) c.and   a2, a4
core   0: 3 0x80004648 (0x8e79) x12 0x00000000
core   0: 0x8000464a (0x00008569) c.srai  a0, 26
core   0: 3 0x8000464a (0x8569) x10 0x00000000
core   0: 0x8000464c (0x00008c05) c.sub   s0, s1
core   0: 3 0x8000464c (0x8c05) x 8 0xe20000b0
core   0: 0x8000464e (0x00000001) c.nop
core   0: 3 0x8000464e (0x0001)
core   0: 0x80004650 (0x00eb1e63) bne     s6, a4, pc + 28
core   0: 3 0x80004650 (0x00eb1e63)
core   0: 0x8000466c (0x00a89a63) bne     a7, a0, pc + 20
core   0: 3 0x8000466c (0x00a89a63)
core   0: 0x80004680 (0x68fdd037) lui     zero, 0x68fdd
core   0: 3 0x80004680 (0x68fdd037)
core   0: 0x80004684 (0x944e8f93) addi    t6, t4, -1724
core   0: 3 0x80004684 (0x944e8f93) x31 0xfffff945
core   0: 0x80004688 (0x403f0db3) sub     s11, t5, gp
core   0: 3 0x80004688 (0x403f0db3) x27 0x7fffff87
core   0: 0x8000468c (0x01786d33) or      s10, a6, s7
core   0: 3 0x8000468c (0x01786d33) x26 0x00000001
core   0: 0x80004690 (0x03697e33) remu    t3, s2, s6
core   0: 3 0x80004690 (0x03697e33) x28 0x00000001
core   0: 0x80004694 (0x0044d013) srli    zero, s1, 4
core   0: 3 0x80004694 (0x0044d013)
core   0: 0x80004698 (0x000088ba) c.mv    a7, a4
core   0: 3 0x80004698 (0x88ba) x17 0x00000001
core   0: 0x8000469a (0x00008e21) c.xor   a2, s0
core   0: 3 0x8000469a (0x8e21) x12 0xe20000b0
core   0: 0x8000469c (0x00000001) c.nop
core   0: 3 0x8000469c (0x0001)
core   0: 0x8000469e (0x0f762613) slti    a2, a2, 247
core   0: 3 0x8000469e (0x0f762613) x12 0x00000001
core   0: 0x800046a2 (0x40f08fb3) sub     t6, ra, a5
core   0: 3 0x800046a2 (0x40f08fb3) x31 0xffffffff
core   0: 0x800046a6 (0x00000001) c.nop
core   0: 3 0x800046a6 (0x0001)
core   0: 0x800046a8 (0x40435033) sra     zero, t1, tp
core   0: 3 0x800046a8 (0x40435033)
core   0: 0x800046ac (0x03f7f233) remu    tp, a5, t6
core   0: 3 0x800046ac (0x03f7f233) x 4 0x00000001
core   0: 0x800046b0 (0x0000834d) c.srli  a4, 19
core   0: 3 0x800046b0 (0x834d) x14 0x00000000
core   0: 0x800046b2 (0xad717193) andi    gp, sp, -1321
core   0: 3 0x800046b2 (0xad717193) x 3 0x800298c4
core   0: 0x800046b6 (0x0000100f) fence.i
core   0: 3 0x800046b6 (0x0000100f)
core   0: 0x800046ba (0x0093fd33) and     s10, t2, s1
core   0: 3 0x800046ba (0x0093fd33) x26 0x00000000
core   0: 0x800046be (0x00008d41) c.or    a0, s0
core   0: 3 0x800046be (0x8d41) x10 0xe20000b0
core   0: 0x800046c0 (0x00006621) c.lui   a2, 0x8
core   0: 3 0x800046c0 (0x6621) x12 0x00008000
core   0: 0x800046c2 (0xfc440e93) addi    t4, s0, -60
core   0: 3 0x800046c2 (0xfc440e93) x29 0xe2000074
core   0: 0x800046c6 (0x40a650b3) sra     ra, a2, a0
core   0: 3 0x800046c6 (0x40a650b3) x 1 0x00000000
core   0: 0x800046ca (0x564e0e93) addi    t4, t3, 1380
core   0: 3 0x800046ca (0x564e0e93) x29 0x00000565
core   0: 0x800046ce (0x0000049a) c.slli  s1, 6
core   0: 3 0x800046ce (0x049a) x 9 0xffffd3c0
core   0: 0x800046d0 (0x041ae463) bltu    s5, ra, pc + 72
core   0: 3 0x800046d0 (0x041ae463)
core   0: 0x800046d4 (0x0065a033) slt     zero, a1, t1
core   0: 3 0x800046d4 (0x0065a033)
core   0: 0x800046d8 (0x00008c59) c.or    s0, a4
core   0: 3 0x800046d8 (0x8c59) x 8 0xe20000b0
core   0: 0x800046da (0x01461263) bne     a2, s4, pc + 4
core   0: 3 0x800046da (0x01461263)
core   0: 0x800046de (0x0162b3b3) sltu    t2, t0, s6
core   0: 3 0x800046de (0x0162b3b3) x 7 0x00000000
core   0: 0x800046e2 (0x9194fb13) andi    s6, s1, -1767
core   0: 3 0x800046e2 (0x9194fb13) x22 0xffffd100
core   0: 0x800046e6 (0x0ff0000f) fence   iorw,iorw
core   0: 3 0x800046e6 (0x0ff0000f)
core   0: 0x800046ea (0x00011413) slli    s0, sp, 0
core   0: 3 0x800046ea (0x00011413) x 8 0x80029ce4
core   0: 0x800046ee (0x6fa12c13) slti    s8, sp, 1786
core   0: 3 0x800046ee (0x6fa12c13) x24 0x00000001
core   0: 0x800046f2 (0x00fe7d63) bgeu    t3, a5, pc + 26
core   0: 3 0x800046f2 (0x00fe7d63)
core   0: 0x8000470c (0x40e10b33) sub     s6, sp, a4
core   0: 3 0x8000470c (0x40e10b33) x22 0x80029ce4
core   0: 0x80004710 (0x08f01363) bne     zero, a5, pc + 134
core   0: 3 0x80004710 (0x08f01363)
core   0: 0x80004796 (0x01360ab3) add     s5, a2, s3
core   0: 3 0x80004796 (0x01360ab3) x21 0x00008000
core   0: 0x8000479a (0x0159e963) bltu    s3, s5, pc + 18
core   0: 3 0x8000479a (0x0159e963)
core   0: 0x800047ac (0x66f27293) andi    t0, tp, 1647
core   0: 3 0x800047ac (0x66f27293) x 5 0x00000001
core   0: 0x800047b0 (0x0000e519) c.bnez  a0, pc + 14
core   0: 3 0x800047b0 (0xe519)
core   0: 0x800047be (0x0323d3b3) divu    t2, t2, s2
core   0: 3 0x800047be (0x0323d3b3) x 7 0x00000000
core   0: 0x800047c2 (0x00008506) c.mv    a0, ra
core   0: 3 0x800047c2 (0x8506) x10 0x00000000
core   0: 0x800047c4 (0x0000eb9d) c.bnez  a5, pc + 54
core   0: 3 0x800047c4 (0xeb9d)
core   0: 0x800047fa (0x025dc2b3) div     t0, s11, t0
core   0: 3 0x800047fa (0x025dc2b3) x 5 0x7fffff87
core   0: 0x800047fe (0xec6aab13) slti    s6, s5, -314
core   0: 3 0x800047fe (0xec6aab13) x22 0x00000000
core   0: 0x80004802 (0x000082c9) c.srli  a3, 18
core   0: 3 0x80004802 (0x82c9) x13 0x00003fff
core   0: 0x80004804 (0x003e1233) sll     tp, t3, gp
core   0: 3 0x80004804 (0x003e1233) x 4 0x00000010
core   0: 0x80004808 (0x00e6eab3) or      s5, a3, a4
core   0: 3 0x80004808 (0x00e6eab3) x21 0x00003fff
core   0: 0x8000480c (0x00662fb3) slt     t6, a2, t1
core   0: 3 0x8000480c (0x00662fb3) x31 0x00000000
core   0: 0x80004810 (0x00eaa733) slt     a4, s5, a4
core   0: 3 0x80004810 (0x00eaa733) x14 0x00000000
core   0: 0x80004814 (0x00009866) c.add   a6, s9
core   0: 3 0x80004814 (0x9866) x16 0x80000002
core   0: 0x80004816 (0x00008119) c.srli  a0, 6
core   0: 3 0x80004816 (0x8119) x10 0x00000000
core   0: 0x80004818 (0x0312c563) blt     t0, a7, pc + 42
core   0: 3 0x80004818 (0x0312c563)
core   0: 0x8000481c (0x035d2cb3) mulhsu  s9, s10, s5
core   0: 3 0x8000481c (0x035d2cb3) x25 0x00000000
core   0: 0x80004820 (0xaa3c3e93) sltiu   t4, s8, -1373
core   0: 3 0x80004820 (0xaa3c3e93) x29 0x00000001
core   0: 0x80004824 (0x0116e333) or      t1, a3, a7
core   0: 3 0x80004824 (0x0116e333) x 6 0x00003fff
core   0: 0x80004828 (0x022bc563) blt     s7, sp, pc + 42
core   0: 3 0x80004828 (0x022bc563)
core   0: 0x8000482c (0x00000001) c.nop
core   0: 3 0x8000482c (0x0001)
core   0: 0x8000482e (0x005200b3) add     ra, tp, t0
core   0: 3 0x8000482e (0x005200b3) x 1 0x7fffff97
core   0: 0x80004832 (0x0143de63) bge     t2, s4, pc + 28
core   0: 3 0x80004832 (0x0143de63)
core   0: 0x8000484e (0x03e5c663) blt     a1, t5, pc + 44
core   0: 3 0x8000484e (0x03e5c663)
core   0: 0x8000487a (0x027c3733) mulhu   a4, s8, t2
core   0: 3 0x8000487a (0x027c3733) x14 0x00000000
core   0: 0x8000487e (0x035be433) rem     s0, s7, s5
core   0: 3 0x8000487e (0x035be433) x 8 0x00000001
core   0: 0x80004882 (0x0224aab3) mulhsu  s5, s1, sp
core   0: 3 0x80004882 (0x0224aab3) x21 0xffffe9df
core   0: 0x80004886 (0x019fa1b3) slt     gp, t6, s9
core   0: 3 0x80004886 (0x019fa1b3) x 3 0x00000000
core   0: 0x8000488a (0x01601d93) slli    s11, zero, 22
core   0: 3 0x8000488a (0x01601d93) x27 0x00000000
core   0: 0x8000488e (0x01be5033) srl     zero, t3, s11
core   0: 3 0x8000488e (0x01be5033)
core   0: 0x80004892 (0x00008a55) c.andi  a2, 21
core   0: 3 0x80004892 (0x8a55) x12 0x00000000
core   0: 0x80004894 (0x0b2f0913) addi    s2, t5, 178
core   0: 3 0x80004894 (0x0b2f0913) x18 0x800000b9
core   0: 0x80004898 (0x30bf2d93) slti    s11, t5, 779
core   0: 3 0x80004898 (0x30bf2d93) x27 0x00000001
core   0: 0x8000489c (0x016e8663) beq     t4, s6, pc + 12
core   0: 3 0x8000489c (0x016e8663)
core   0: 0x800048a0 (0x7680ab93) slti    s7, ra, 1896
core   0: 3 0x800048a0 (0x7680ab93) x23 0x00000000
core   0: 0x800048a4 (0x52b30b13) addi    s6, t1, 1323
core   0: 3 0x800048a4 (0x52b30b13) x22 0x0000452a
core   0: 0x800048a8 (0x00008749) c.srai  a4, 18
core   0: 3 0x800048a8 (0x8749) x14 0x00000000
core   0: 0x800048aa (0x00008cf5) c.and   s1, a3
core   0: 3 0x800048aa (0x8cf5) x 9 0x000013c0
core   0: 0x800048ac (0x021d3233) mulhu   tp, s10, ra
core   0: 3 0x800048ac (0x021d3233) x 4 0x00000000
core   0: 0x800048b0 (0xce992093) slti    ra, s2, -791
core   0: 3 0x800048b0 (0xce992093) x 1 0x00000001
core   0: 0x800048b4 (0x00008d29) c.xor   a0, a0
core   0: 3 0x800048b4 (0x8d29) x10 0x00000000
core   0: 0x800048b6 (0x01a7ffb3) and     t6, a5, s10
core   0: 3 0x800048b6 (0x01a7ffb3) x31 0x00000000
core   0: 0x800048ba (0x402887b3) sub     a5, a7, sp
core   0: 3 0x800048ba (0x402887b3) x15 0x7ffd631d
core   0: 0x800048be (0x02bcc233) div     tp, s9, a1
core   0: 3 0x800048be (0x02bcc233) x 4 0x00000000
core   0: 0x800048c2 (0x00000001) c.nop
core   0: 3 0x800048c2 (0x0001)
core   0: 0x800048c4 (0x01a9c1b3) xor     gp, s3, s10
core   0: 3 0x800048c4 (0x01a9c1b3) x 3 0x00000000
core   0: 0x800048c8 (0x0ff0000f) fence   iorw,iorw
core   0: 3 0x800048c8 (0x0ff0000f)
core   0: 0x800048cc (0x00008f65) c.and   a4, s1
core   0: 3 0x800048cc (0x8f65) x14 0x00000000
core   0: 0x800048ce (0x00009afd) c.andi  a3, -1
core   0: 3 0x800048ce (0x9afd) x13 0x00003fff
core   0: 0x800048d0 (0x00a39e13) slli    t3, t2, 10
core   0: 3 0x800048d0 (0x00a39e13) x28 0x00000000
core   0: 0x800048d4 (0x00009dc6) c.add   s11, a7
core   0: 3 0x800048d4 (0x9dc6) x27 0x00000002
core   0: 0x800048d6 (0x00004cad) c.li    s9, 11
core   0: 3 0x800048d6 (0x4cad) x25 0x0000000b
core   0: 0x800048d8 (0x41f18c33) sub     s8, gp, t6
core   0: 3 0x800048d8 (0x41f18c33) x24 0x00000000
core   0: 0x800048dc (0x0000127d) c.addi  tp, -1
core   0: 3 0x800048dc (0x127d) x 4 0xffffffff
core   0: 0x800048de (0x0000c41d) c.beqz  s0, pc + 46
core   0: 3 0x800048de (0xc41d)
core   0: 0x800048e0 (0x011c5d33) srl     s10, s8, a7
core   0: 3 0x800048e0 (0x011c5d33) x26 0x00000000
core   0: 0x800048e4 (0x001c1b63) bne     s8, ra, pc + 22
core   0: 3 0x800048e4 (0x001c1b63)
core   0: 0x800048fa (0xe4c9ab93) slti    s7, s3, -436
core   0: 3 0x800048fa (0xe4c9ab93) x23 0x00000000
core   0: 0x800048fe (0x0000ea99) c.bnez  a3, pc + 22
core   0: 3 0x800048fe (0xea99)
core   0: 0x80004914 (0x000087d9) c.srai  a5, 22
core   0: 3 0x80004914 (0x87d9) x15 0x000001ff
core   0: 0x80004916 (0x0000e88d) c.bnez  s1, pc + 50
core   0: 3 0x80004916 (0xe88d)
core   0: 0x80004948 (0x00008041) c.srli  s0, 16
core   0: 3 0x80004948 (0x8041) x 8 0x00000000
core   0: 0x8000494a (0x010eafb3) slt     t6, t4, a6
core   0: 3 0x8000494a (0x010eafb3) x31 0x00000000
core   0: 0x8000494e (0x00008e19) c.sub   a2, a4
core   0: 3 0x8000494e (0x8e19) x12 0x00000000
core   0: 0x80004950 (0x0356d463) bge     a3, s5, pc + 40
core   0: 3 0x80004950 (0x0356d463)
core   0: 0x80004978 (0x00008e25) c.xor   a2, s1
core   0: 3 0x80004978 (0x8e25) x12 0x000013c0
core   0: 0x8000497a (0x0000e905) c.bnez  a0, pc + 48
core   0: 3 0x8000497a (0xe905)
core   0: 0x8000497c (0x002146b3) xor     a3, sp, sp
core   0: 3 0x8000497c (0x002146b3) x13 0x00000000
core   0: 0x80004980 (0x0205b1b3) mulhu   gp, a1, zero
core   0: 3 0x80004980 (0x0205b1b3) x 3 0x00000000
core   0: 0x80004984 (0x027e8033) mul     zero, t4, t2
core   0: 3 0x80004984 (0x027e8033)
core   0: 0x80004988 (0x00008d79) c.and   a0, a4
core   0: 3 0x80004988 (0x8d79) x10 0x00000000
core   0: 0x8000498a (0x0000e385) c.bnez  a5, pc + 32
core   0: 3 0x8000498a (0xe385)
core   0: 0x800049aa (0x00008fcd) c.or    a5, a1
core   0: 3 0x800049aa (0x8fcd) x15 0x800001ff
core   0: 0x800049ac (0x0000567d) c.li    a2, -1
core   0: 3 0x800049ac (0x567d) x12 0xffffffff
core   0: 0x800049ae (0x00504b63) blt     zero, t0, pc + 22
core   0: 3 0x800049ae (0x00504b63)
core   0: 0x800049c4 (0x0063ecb3) or      s9, t2, t1
core   0: 3 0x800049c4 (0x0063ecb3) x25 0x00003fff
core   0: 0x800049c8 (0x01abc3b3) xor     t2, s7, s10
core   0: 3 0x800049c8 (0x01abc3b3) x 7 0x00000000
core   0: 0x800049cc (0x0ff0000f) fence   iorw,iorw
core   0: 3 0x800049cc (0x0ff0000f)
core   0: 0x800049d0 (0x01f21d13) slli    s10, tp, 31
core   0: 3 0x800049d0 (0x01f21d13) x26 0x80000000
core   0: 0x800049d4 (0xa67f6093) ori     ra, t5, -1433
core   0: 3 0x800049d4 (0xa67f6093) x 1 0xfffffa67
core   0: 0x800049d8 (0x0000100f) fence.i
core   0: 3 0x800049d8 (0x0000100f)
core   0: 0x800049dc (0x03ee1c33) mulh    s8, t3, t5
core   0: 3 0x800049dc (0x03ee1c33) x24 0x00000000
core   0: 0x800049e0 (0x022351b3) divu    gp, t1, sp
core   0: 3 0x800049e0 (0x022351b3) x 3 0x00000000
core   0: 0x800049e4 (0x00016317) auipc   t1, 0x16
core   0: 3 0x800049e4 (0x00016317) x 6 0x8001a9e4
core   0: 0x800049e8 (0x29330313) addi    t1, t1, 659
core   0: 3 0x800049e8 (0x29330313) x 6 0x8001ac77
core   0: 0x800049ec (0x037699b3) mulh    s3, a3, s7
core   0: 3 0x800049ec (0x037699b3) x19 0x00000000
core   0: 0x800049f0 (0x00331c83) lh      s9, 3(t1)
core   0: 3 0x800049f0 (0x00331c83) x25 0x00003031 mem 0x8001ac7a
core   0: 0x800049f4 (0xffc30b03) lb      s6, -4(t1)
core   0: 3 0x800049f4 (0xffc30b03) x22 0x00000028 mem 0x8001ac73
core   0: 0x800049f8 (0x19acad93) slti    s11, s9, 410
core   0: 3 0x800049f8 (0x19acad93) x27 0x00000000
core   0: 0x800049fc (0x00e34b03) lbu     s6, 14(t1)
core   0: 3 0x800049fc (0x00e34b03) x22 0x0000003e mem 0x8001ac85
core   0: 0x80004a00 (0x02f12833) mulhsu  a6, sp, a5
core   0: 3 0x80004a00 (0x02f12833) x16 0xc0014d72
core   0: 0x80004a04 (0x00006d09) c.lui   s10, 0x2
core   0: 3 0x80004a04 (0x6d09) x26 0x00002000
core   0: 0x80004a06 (0xff830403) lb      s0, -8(t1)
core   0: 3 0x80004a06 (0xff830403) x 8 0x00000024 mem 0x8001ac6f
core   0: 0x80004a0a (0xff230b23) sb      s2, -10(t1)
core   0: 3 0x80004a0a (0xff230b23) mem 0x8001ac6d 0xb9
core   0: 0x80004a0e (0xffd32d03) lw      s10, -3(t1)
core   0: 3 0x80004a0e (0xffd32d03) x26 0x2c2d2e2f mem 0x8001ac74
core   0: 0x80004a12 (0x03c6fc33) remu    s8, a3, t3
core   0: 3 0x80004a12 (0x03c6fc33) x24 0x00000000
core   0: 0x80004a16 (0xffd318a3) sh      t4, -15(t1)
core   0: 3 0x80004a16 (0xffd318a3) mem 0x8001ac68 0x0001
core   0: 0x80004a1a (0x00f34503) lbu     a0, 15(t1)
core   0: 3 0x80004a1a (0x00f34503) x10 0x0000003d mem 0x8001ac86
core   0: 0x80004a1e (0xa49bbb13) sltiu   s6, s7, -1463
core   0: 3 0x80004a1e (0xa49bbb13) x22 0x00000001
core   0: 0x80004a22 (0x00834f83) lbu     t6, 8(t1)
core   0: 3 0x80004a22 (0x00834f83) x31 0x00000034 mem 0x8001ac7f
core   0: 0x80004a26 (0x02bcfbb3) remu    s7, s9, a1
core   0: 3 0x80004a26 (0x02bcfbb3) x23 0x00003031
core   0: 0x80004a2a (0x01d4df93) srli    t6, s1, 29
core   0: 3 0x80004a2a (0x01d4df93) x31 0x00000000
core   0: 0x80004a2e (0x00735083) lhu     ra, 7(t1)
core   0: 3 0x80004a2e (0x00735083) x 1 0x00003435 mem 0x8001ac7e
core   0: 0x80004a32 (0x00000ee2) c.slli  t4, 24
core   0: 3 0x80004a32 (0x0ee2) x29 0x01000000
core   0: 0x80004a34 (0x3c433237) lui     tp, 0x3c433
core   0: 3 0x80004a34 (0x3c433237) x 4 0x3c433000
core   0: 0x80004a38 (0x00006c29) c.lui   s8, 0xa
core   0: 3 0x80004a38 (0x6c29) x24 0x0000a000
core   0: 0x80004a3a (0xe6efcc93) xori    s9, t6, -402
core   0: 3 0x80004a3a (0xe6efcc93) x25 0xfffffe6e
core   0: 0x80004a3e (0x014324a3) sw      s4, 9(t1)
core   0: 3 0x80004a3e (0x014324a3) mem 0x8001ac80 0x80025e64
core   0: 0x80004a42 (0x03b6edb3) rem     s11, a3, s11
core   0: 3 0x80004a42 (0x03b6edb3) x27 0x00000000
core   0: 0x80004a46 (0x00034283) lbu     t0, 0(t1)
core   0: 3 0x80004a46 (0x00034283) x 5 0x0000002c mem 0x8001ac77
core   0: 0x80004a4a (0x02f1b1b3) mulhu   gp, gp, a5
core   0: 3 0x80004a4a (0x02f1b1b3) x 3 0x00000000
core   0: 0x80004a4e (0x03d064b3) rem     s1, zero, t4
core   0: 3 0x80004a4e (0x03d064b3) x 9 0x00000000
core   0: 0x80004a52 (0x00131003) lh      zero, 1(t1)
core   0: 3 0x80004a52 (0x00131003) mem 0x8001ac78
core   0: 0x80004a56 (0xffe34903) lbu     s2, -2(t1)
core   0: 3 0x80004a56 (0xffe34903) x18 0x0000002e mem 0x8001ac75
core   0: 0x80004a5a (0xff8318a3) sh      s8, -15(t1)
core   0: 3 0x80004a5a (0xff8318a3) mem 0x8001ac68 0xa000
core   0: 0x80004a5e (0x02719233) mulh    tp, gp, t2
core   0: 3 0x80004a5e (0x02719233) x 4 0x00000000
core   0: 0x80004a62 (0x00134083) lbu     ra, 1(t1)
core   0: 3 0x80004a62 (0x00134083) x 1 0x00000033 mem 0x8001ac78
core   0: 0x80004a66 (0xff134783) lbu     a5, -15(t1)
core   0: 3 0x80004a66 (0xff134783) x15 0x00000000 mem 0x8001ac68
core   0: 0x80004a6a (0x00eefc33) and     s8, t4, a4
core   0: 3 0x80004a6a (0x00eefc33) x24 0x00000000
core   0: 0x80004a6e (0xff2308a3) sb      s2, -15(t1)
core   0: 3 0x80004a6e (0xff2308a3) mem 0x8001ac68 0x2e
core   0: 0x80004a72 (0xff331da3) sh      s3, -5(t1)
core   0: 3 0x80004a72 (0xff331da3) mem 0x8001ac72 0x0000
core   0: 0x80004a76 (0x0138d9b3) srl     s3, a7, s3
core   0: 3 0x80004a76 (0x0138d9b3) x19 0x00000001
core   0: 0x80004a7a (0x0000100f) fence.i
core   0: 3 0x80004a7a (0x0000100f)
core   0: 0x80004a7e (0x00935483) lhu     s1, 9(t1)
core   0: 3 0x80004a7e (0x00935483) x 9 0x00005e64 mem 0x8001ac80
core   0: 0x80004a82 (0x00b34703) lbu     a4, 11(t1)
core   0: 3 0x80004a82 (0x00b34703) x14 0x00000002 mem 0x8001ac82
core   0: 0x80004a86 (0x41fd50b3) sra     ra, s10, t6
core   0: 3 0x80004a86 (0x41fd50b3) x 1 0x2c2d2e2f
core   0: 0x80004a8a (0xffc30f23) sb      t3, -2(t1)
core   0: 3 0x80004a8a (0xffc30f23) mem 0x8001ac75 0x0
core   0: 0x80004a8e (0x00030503) lb      a0, 0(t1)
core   0: 3 0x80004a8e (0x00030503) x10 0x0000002c mem 0x8001ac77
core   0: 0x80004a92 (0xffd32aa3) sw      t4, -11(t1)
core   0: 3 0x80004a92 (0xffd32aa3) mem 0x8001ac6c 0x01000000
core   0: 0x80004a96 (0x005300a3) sb      t0, 1(t1)
core   0: 3 0x80004a96 (0x005300a3) mem 0x8001ac78 0x2c
core   0: 0x80004a9a (0xbcbbf413) andi    s0, s7, -1077
core   0: 3 0x80004a9a (0xbcbbf413) x 8 0x00003001
core   0: 0x80004a9e (0x0000890a) c.mv    s2, sp
core   0: 3 0x80004a9e (0x890a) x18 0x80029ce4
core   0: 0x80004aa0 (0x00834083) lbu     ra, 8(t1)
core   0: 3 0x80004aa0 (0x00834083) x 1 0x00000034 mem 0x8001ac7f
core   0: 0x80004aa4 (0x031253b3) divu    t2, tp, a7
core   0: 3 0x80004aa4 (0x031253b3) x 7 0x00000000
core   0: 0x80004aa8 (0x00bf1933) sll     s2, t5, a1
core   0: 3 0x80004aa8 (0x00bf1933) x18 0x80000007
core   0: 0x80004aac (0x0005db13) srli    s6, a1, 0
core   0: 3 0x80004aac (0x0005db13) x22 0x80000000
core   0: 0x80004ab0 (0x01b527b3) slt     a5, a0, s11
core   0: 3 0x80004ab0 (0x01b527b3) x15 0x00000000
core   0: 0x80004ab4 (0x03c733b3) mulhu   t2, a4, t3
core   0: 3 0x80004ab4 (0x03c733b3) x 7 0x00000000
core   0: 0x80004ab8 (0x31b6b013) sltiu   zero, a3, 795
core   0: 3 0x80004ab8 (0x31b6b013)
core   0: 0x80004abc (0x037af433) remu    s0, s5, s7
core   0: 3 0x80004abc (0x037af433) x 8 0x00001e77
core   0: 0x80004ac0 (0x022eb4b3) mulhu   s1, t4, sp
core   0: 3 0x80004ac0 (0x022eb4b3) x 9 0x0080029c
core   0: 0x80004ac4 (0x83136017) auipc   zero, 0x83136
core   0: 3 0x80004ac4 (0x83136017)
core   0: 0x80004ac8 (0x00dd0233) add     tp, s10, a3
core   0: 3 0x80004ac8 (0x00dd0233) x 4 0x2c2d2e2f
core   0: 0x80004acc (0x0f871463) bne     a4, s8, pc + 232
core   0: 3 0x80004acc (0x0f871463)
core   0: 0x80004bb4 (0x00e66ab3) or      s5, a2, a4
core   0: 3 0x80004bb4 (0x00e66ab3) x21 0xffffffff
core   0: 0x80004bb8 (0x02e780b3) mul     ra, a5, a4
core   0: 3 0x80004bb8 (0x02e780b3) x 1 0x00000000
core   0: 0x80004bbc (0x00a01963) bne     zero, a0, pc + 18
core   0: 3 0x80004bbc (0x00a01963)
core   0: 0x80004bce (0x03184163) blt     a6, a7, pc + 34
core   0: 3 0x80004bce (0x03184163)
core   0: 0x80004bf0 (0xc398ed93) ori     s11, a7, -967
core   0: 3 0x80004bf0 (0xc398ed93) x27 0xfffffc39
core   0: 0x80004bf4 (0x00008d0d) c.sub   a0, a1
core   0: 3 0x80004bf4 (0x8d0d) x10 0x8000002c
core   0: 0x80004bf6 (0x028220b3) mulhsu  ra, tp, s0
core   0: 3 0x80004bf6 (0x028220b3) x 1 0x00000541
core   0: 0x80004bfa (0x0ff0000f) fence   iorw,iorw
core   0: 3 0x80004bfa (0x0ff0000f)
core   0: 0x80004bfe (0x000064e9) c.lui   s1, 0x1a
core   0: 3 0x80004bfe (0x64e9) x 9 0x0001a000
core   0: 0x80004c00 (0x00008415) c.srai  s0, 5
core   0: 3 0x80004c00 (0x8415) x 8 0x000000f3
core   0: 0x80004c02 (0x05e10313) addi    t1, sp, 94
core   0: 3 0x80004c02 (0x05e10313) x 6 0x80029d42
core   0: 0x80004c06 (0x00b508b3) add     a7, a0, a1
core   0: 3 0x80004c06 (0x00b508b3) x17 0x0000002c
core   0: 0x80004c0a (0x6cb47793) andi    a5, s0, 1739
core   0: 3 0x80004c0a (0x6cb47793) x15 0x000000c3
core   0: 0x80004c0e (0x00004395) c.li    t2, 5
core   0: 3 0x80004c0e (0x4395) x 7 0x00000005
core   0: 0x80004c10 (0xb67bbc13) sltiu   s8, s7, -1177
core   0: 3 0x80004c10 (0xb67bbc13) x24 0x00000001
core   0: 0x80004c14 (0x09242d13) slti    s10, s0, 146
core   0: 3 0x80004c14 (0x09242d13) x26 0x00000000
core   0: 0x80004c18 (0x75ddb613) sltiu   a2, s11, 1885
core   0: 3 0x80004c18 (0x75ddb613) x12 0x00000000
core   0: 0x80004c1c (0x00008e6d) c.and   a2, a1
core   0: 3 0x80004c1c (0x8e6d) x12 0x00000000
core   0: 0x80004c1e (0xc5f98c17) auipc   s8, 0xc5f98
core   0: 3 0x80004c1e (0xc5f98c17) x24 0x45f9cc1e
core   0: 0x80004c22 (0x0000e315) c.bnez  a4, pc + 36
core   0: 3 0x80004c22 (0xe315)
core   0: 0x80004c46 (0x02e718b3) mulh    a7, a4, a4
core   0: 3 0x80004c46 (0x02e718b3) x17 0x00000000
core   0: 0x80004c4a (0x41435313) srai    t1, t1, 20
core   0: 3 0x80004c4a (0x41435313) x 6 0xfffff800
core   0: 0x80004c4e (0x034d37b3) mulhu   a5, s10, s4
core   0: 3 0x80004c4e (0x034d37b3) x15 0x00000000
core   0: 0x80004c52 (0x00d227b3) slt     a5, tp, a3
core   0: 3 0x80004c52 (0x00d227b3) x15 0x00000000
core   0: 0x80004c56 (0x006117b3) sll     a5, sp, t1
core   0: 3 0x80004c56 (0x006117b3) x15 0x80029ce4
core   0: 0x80004c5a (0xaebff313) andi    t1, t6, -1301
core   0: 3 0x80004c5a (0xaebff313) x 6 0x00000000
core   0: 0x80004c5e (0x0240bdb3) mulhu   s11, ra, tp
core   0: 3 0x80004c5e (0x0240bdb3) x27 0x000000e8
core   0: 0x80004c62 (0x00009bfd) c.andi  a5, -1
core   0: 3 0x80004c62 (0x9bfd) x15 0x80029ce4
core   0: 0x80004c64 (0x01838c63) beq     t2, s8, pc + 24
core   0: 3 0x80004c64 (0x01838c63)
core   0: 0x80004c68 (0x00dadf93) srli    t6, s5, 13
core   0: 3 0x80004c68 (0x00dadf93) x31 0x0007ffff
core   0: 0x80004c6c (0x02bc4e33) div     t3, s8, a1
core   0: 3 0x80004c6c (0x02bc4e33) x28 0x00000000
core   0: 0x80004c70 (0x40485533) sra     a0, a6, tp
core   0: 3 0x80004c70 (0x40485533) x10 0xffff8002
core   0: 0x80004c74 (0x00146db3) or      s11, s0, ra
core   0: 3 0x80004c74 (0x00146db3) x27 0x000005f3
core   0: 0x80004c78 (0x00008621) c.srai  a2, 8
core   0: 3 0x80004c78 (0x8621) x12 0x00000000
core   0: 0x80004c7a (0x00006f21) c.lui   t5, 0x8
core   0: 3 0x80004c7a (0x6f21) x30 0x00008000
core   0: 0x80004c7c (0x40618533) sub     a0, gp, t1
core   0: 3 0x80004c7c (0x40618533) x10 0x00000000
core   0: 0x80004c80 (0x0ff0000f) fence   iorw,iorw
core   0: 3 0x80004c80 (0x0ff0000f)
core   0: 0x80004c84 (0x00be5b93) srli    s7, t3, 11
core   0: 3 0x80004c84 (0x00be5b93) x23 0x00000000
core   0: 0x80004c88 (0x00008ccd) c.or    s1, a1
core   0: 3 0x80004c88 (0x8ccd) x 9 0x8001a000
core   0: 0x80004c8a (0xf4c04b13) xori    s6, zero, -180
core   0: 3 0x80004c8a (0xf4c04b13) x22 0xffffff4c
core   0: 0x80004c8e (0x02706ab3) rem     s5, zero, t2
core   0: 3 0x80004c8e (0x02706ab3) x21 0x00000000
core   0: 0x80004c92 (0x00819213) slli    tp, gp, 8
core   0: 3 0x80004c92 (0x00819213) x 4 0x00000000
core   0: 0x80004c96 (0x00009c0a) c.add   s8, sp
core   0: 3 0x80004c96 (0x9c0a) x24 0xc5fc6902
core   0: 0x80004c98 (0x00008c15) c.sub   s0, a3
core   0: 3 0x80004c98 (0x8c15) x 8 0x000000f3
core   0: 0x80004c9a (0x0000825e) c.mv    tp, s7
core   0: 3 0x80004c9a (0x825e) x 4 0x00000000
core   0: 0x80004c9c (0x000082b9) c.srli  a3, 14
core   0: 3 0x80004c9c (0x82b9) x13 0x00000000
core   0: 0x80004c9e (0x004fa833) slt     a6, t6, tp
core   0: 3 0x80004c9e (0x004fa833) x16 0x00000000
core   0: 0x80004ca2 (0x02ed4c63) blt     s10, a4, pc + 56
core   0: 3 0x80004ca2 (0x02ed4c63)
core   0: 0x80004cda (0x00000001) c.nop
core   0: 3 0x80004cda (0x0001)
core   0: 0x80004cdc (0x0000947e) c.add   s0, t6
core   0: 3 0x80004cdc (0x947e) x 8 0x000800f2
core   0: 0x80004cde (0x0211e033) rem     zero, gp, ra
core   0: 3 0x80004cde (0x0211e033)
core   0: 0x80004ce2 (0x00008fc1) c.or    a5, s0
core   0: 3 0x80004ce2 (0x8fc1) x15 0x800a9cf6
core   0: 0x80004ce4 (0x0000987d) c.andi  s0, -1
core   0: 3 0x80004ce4 (0x987d) x 8 0x000800f2
core   0: 0x80004ce6 (0x40995fb3) sra     t6, s2, s1
core   0: 3 0x80004ce6 (0x40995fb3) x31 0x80000007
core   0: 0x80004cea (0x00000242) c.slli  tp, 16
core   0: 3 0x80004cea (0x0242) x 4 0x00000000
core   0: 0x80004cec (0x0000100f) fence.i
core   0: 3 0x80004cec (0x0000100f)
core   0: 0x80004cf0 (0x00009b36) c.add   s6, a3
core   0: 3 0x80004cf0 (0x9b36) x22 0xffffff4c
core   0: 0x80004cf2 (0x5a0eed93) ori     s11, t4, 1440
core   0: 3 0x80004cf2 (0x5a0eed93) x27 0x010005a0
core   0: 0x80004cf6 (0x0ff0000f) fence   iorw,iorw
core   0: 3 0x80004cf6 (0x0ff0000f)
core   0: 0x80004cfa (0x00005e7d) c.li    t3, -1
core   0: 3 0x80004cfa (0x5e7d) x28 0xffffffff
core   0: 0x80004cfc (0x41e2db13) srai    s6, t0, 30
core   0: 3 0x80004cfc (0x41e2db13) x22 0x00000000
core   0: 0x80004d00 (0x0000ef99) c.bnez  a5, pc + 30
core   0: 3 0x80004d00 (0xef99)
core   0: 0x80004d1e (0x001558b3) srl     a7, a0, ra
core   0: 3 0x80004d1e (0x001558b3) x17 0x00000000
core   0: 0x80004d22 (0x00008f09) c.sub   a4, a0
core   0: 3 0x80004d22 (0x8f09) x14 0x00000002
core   0: 0x80004d24 (0x000083e9) c.srli  a5, 26
core   0: 3 0x80004d24 (0x83e9) x15 0x00000020
core   0: 0x80004d26 (0xeba61697) auipc   a3, 0xeba61
core   0: 3 0x80004d26 (0xeba61697) x13 0x6ba65d26
core   0: 0x80004d2a (0x00008cf5) c.and   s1, a3
core   0: 3 0x80004d2a (0x8cf5) x 9 0x00000000
core   0: 0x80004d2c (0x01061b93) slli    s7, a2, 16
core   0: 3 0x80004d2c (0x01061b93) x23 0x00000000
core   0: 0x80004d30 (0x021dd197) auipc   gp, 0x21dd
core   0: 3 0x80004d30 (0x021dd197) x 3 0x821e1d30
core   0: 0x80004d34 (0x413a5733) sra     a4, s4, s3
core   0: 3 0x80004d34 (0x413a5733) x14 0xc0012f32
core   0: 0x80004d38 (0x0225f6b3) remu    a3, a1, sp
core   0: 3 0x80004d38 (0x0225f6b3) x13 0x80000000
core   0: 0x80004d3c (0x0216f333) remu    t1, a3, ra
core   0: 3 0x80004d3c (0x0216f333) x 6 0x0000009e
core   0: 0x80004d40 (0x00605c13) srli    s8, zero, 6
core   0: 3 0x80004d40 (0x00605c13) x24 0x00000000
core   0: 0x80004d44 (0x2561f393) andi    t2, gp, 598
core   0: 3 0x80004d44 (0x2561f393) x 7 0x00000010
core   0: 0x80004d48 (0x02c19163) bne     gp, a2, pc + 34
core   0: 3 0x80004d48 (0x02c19163)
core   0: 0x80004d6a (0x00008175) c.srli  a0, 29
core   0: 3 0x80004d6a (0x8175) x10 0x00000000
core   0: 0x80004d6c (0x00008d35) c.xor   a0, a3
core   0: 3 0x80004d6c (0x8d35) x10 0x80000000
core   0: 0x80004d6e (0x0000100f) fence.i
core   0: 3 0x80004d6e (0x0000100f)
core   0: 0x80004d72 (0x41b45813) srai    a6, s0, 27
core   0: 3 0x80004d72 (0x41b45813) x16 0x00000000
core   0: 0x80004d76 (0x02d76e33) rem     t3, a4, a3
core   0: 3 0x80004d76 (0x02d76e33) x28 0xc0012f32
core   0: 0x80004d7a (0x0000100f) fence.i
core   0: 3 0x80004d7a (0x0000100f)
core   0: 0x80004d7e (0x016f1933) sll     s2, t5, s6
core   0: 3 0x80004d7e (0x016f1933) x18 0x00008000
core   0: 0x80004d82 (0x00008e29) c.xor   a2, a0
core   0: 3 0x80004d82 (0x8e29) x12 0x80000000
core   0: 0x80004d84 (0x0ff0000f) fence   iorw,iorw
core   0: 3 0x80004d84 (0x0ff0000f)
core   0: 0x80004d88 (0x0340afb3) mulhsu  t6, ra, s4
core   0: 3 0x80004d88 (0x0340afb3) x31 0x000002a0
core   0: 0x80004d8c (0x014e1893) slli    a7, t3, 20
core   0: 3 0x80004d8c (0x014e1893) x17 0xf3200000
core   0: 0x80004d90 (0x0000ec09) c.bnez  s0, pc + 26
core   0: 3 0x80004d90 (0xec09)
core   0: 0x80004daa (0x01ef4863) blt     t5, t5, pc + 16
core   0: 3 0x80004daa (0x01ef4863)
core   0: 0x80004dae (0x03c4a333) mulhsu  t1, s1, t3
core   0: 3 0x80004dae (0x03c4a333) x 6 0x00000000
core   0: 0x80004db2 (0x008b0633) add     a2, s6, s0
core   0: 3 0x80004db2 (0x008b0633) x12 0x000800f2
core   0: 0x80004db6 (0x3573ef13) ori     t5, t2, 855
core   0: 3 0x80004db6 (0x3573ef13) x30 0x00000357
core   0: 0x80004dba (0x000001f2) c.slli  gp, 28
core   0: 3 0x80004dba (0x01f2) x 3 0x00000000
core   0: 0x80004dbc (0x8556ee13) ori     t3, a3, -1963
core   0: 3 0x80004dbc (0x8556ee13) x28 0xfffff855
core   0: 0x80004dc0 (0xd245cf13) xori    t5, a1, -732
core   0: 3 0x80004dc0 (0xd245cf13) x30 0x7ffffd24
core   0: 0x80004dc4 (0x00008d35) c.xor   a0, a3
core   0: 3 0x80004dc4 (0x8d35) x10 0x00000000
core   0: 0x80004dc6 (0x00008ce1) c.and   s1, s0
core   0: 3 0x80004dc6 (0x8ce1) x 9 0x00000000
core   0: 0x80004dc8 (0x02a39733) mulh    a4, t2, a0
core   0: 3 0x80004dc8 (0x02a39733) x14 0x00000000
core   0: 0x80004dcc (0xf7ed7493) andi    s1, s10, -130
core   0: 3 0x80004dcc (0xf7ed7493) x 9 0x00000000
core   0: 0x80004dd0 (0x44620993) addi    s3, tp, 1094
core   0: 3 0x80004dd0 (0x44620993) x19 0x00000446
core   0: 0x80004dd4 (0x01ef5563) bge     t5, t5, pc + 10
core   0: 3 0x80004dd4 (0x01ef5563)
core   0: 0x80004dde (0x0ff0000f) fence   iorw,iorw
core   0: 3 0x80004dde (0x0ff0000f)
core   0: 0x80004de2 (0x0ff0000f) fence   iorw,iorw
core   0: 3 0x80004de2 (0x0ff0000f)
core   0: 0x80004de6 (0x03ad7763) bgeu    s10, s10, pc + 46
core   0: 3 0x80004de6 (0x03ad7763)
core   0: 0x80004e14 (0x036d0cb3) mul     s9, s10, s6
core   0: 3 0x80004e14 (0x036d0cb3) x25 0x00000000
core   0: 0x80004e18 (0x0218e533) rem     a0, a7, ra
core   0: 3 0x80004e18 (0x0218e533) x10 0xfffffc17
core   0: 0x80004e1c (0x00008e49) c.or    a2, a0
core   0: 3 0x80004e1c (0x8e49) x12 0xfffffcf7
core   0: 0x80004e1e (0x000084b5) c.srai  s1, 13
core   0: 3 0x80004e1e (0x84b5) x 9 0x00000000
core   0: 0x80004e20 (0x00b5d7b3) srl     a5, a1, a1
core   0: 3 0x80004e20 (0x00b5d7b3) x15 0x80000000
core   0: 0x80004e24 (0x03df8bb3) mul     s7, t6, t4
core   0: 3 0x80004e24 (0x03df8bb3) x23 0xa0000000
core   0: 0x80004e28 (0x00008f29) c.xor   a4, a0
core   0: 3 0x80004e28 (0x8f29) x14 0xfffffc17
core   0: 0x80004e2a (0x000083de) c.mv    t2, s7
core   0: 3 0x80004e2a (0x83de) x 7 0xa0000000
core   0: 0x80004e2c (0x02c22e33) mulhsu  t3, tp, a2
core   0: 3 0x80004e2c (0x02c22e33) x28 0x00000000
core   0: 0x80004e30 (0xff1511b7) lui     gp, 0xff151
core   0: 3 0x80004e30 (0xff1511b7) x 3 0xff151000
core   0: 0x80004e34 (0x0323c733) div     a4, t2, s2
core   0: 3 0x80004e34 (0x0323c733) x14 0xffff4000
core   0: 0x80004e38 (0x03b37733) remu    a4, t1, s11
core   0: 3 0x80004e38 (0x03b37733) x14 0x00000000
core   0: 0x80004e3c (0x40d20533) sub     a0, tp, a3
core   0: 3 0x80004e3c (0x40d20533) x10 0x80000000
core   0: 0x80004e40 (0x02254cb3) div     s9, a0, sp
core   0: 3 0x80004e40 (0x02254cb3) x25 0x00000001
core   0: 0x80004e44 (0xe3267293) andi    t0, a2, -462
core   0: 3 0x80004e44 (0xe3267293) x 5 0xfffffc32
core   0: 0x80004e48 (0x0000055a) c.slli  a0, 22
core   0: 3 0x80004e48 (0x055a) x10 0x00000000
core   0: 0x80004e4a (0x0000c91d) c.beqz  a0, pc + 54
core   0: 3 0x80004e4a (0xc91d)
core   0: 0x80004e80 (0x0000100f) fence.i
core   0: 3 0x80004e80 (0x0000100f)
core   0: 0x80004e84 (0x560e4013) xori    zero, t3, 1376
core   0: 3 0x80004e84 (0x560e4013)
core   0: 0x80004e88 (0x0000100f) fence.i
core   0: 3 0x80004e88 (0x0000100f)
core   0: 0x80004e8c (0x009dee63) bltu    s11, s1, pc + 28
core   0: 3 0x80004e8c (0x009dee63)
core   0: 0x80004e90 (0x00198ab3) add     s5, s3, ra
core   0: 3 0x80004e90 (0x00198ab3) x21 0x00000987
core   0: 0x80004e94 (0x03e24033) div     zero, tp, t5
core   0: 3 0x80004e94 (0x03e24033)
core   0: 0x80004e98 (0x01f570b3) and     ra, a0, t6
core   0: 3 0x80004e98 (0x01f570b3) x 1 0x00000000
core   0: 0x80004e9c (0x7f628717) auipc   a4, 0x7f628
core   0: 3 0x80004e9c (0x7f628717) x14 0xff62ce9c
core   0: 0x80004ea0 (0x01ea5d33) srl     s10, s4, t5
core   0: 3 0x80004ea0 (0x01ea5d33) x26 0x080025e6
core   0: 0x80004ea4 (0x03177733) remu    a4, a4, a7
core   0: 3 0x80004ea4 (0x03177733) x14 0x0c42ce9c
core   0: 0x80004ea8 (0x0000100f) fence.i
core   0: 3 0x80004ea8 (0x0000100f)
core   0: 0x80004eac (0x0012fc33) and     s8, t0, ra
core   0: 3 0x80004eac (0x0012fc33) x24 0x00000000
core   0: 0x80004eb0 (0x0000ca01) c.beqz  a2, pc + 16
core   0: 3 0x80004eb0 (0xca01)
core   0: 0x80004eb2 (0x00008c41) c.or    s0, s0
core   0: 3 0x80004eb2 (0x8c41) x 8 0x000800f2
core   0: 0x80004eb4 (0x002d3833) sltu    a6, s10, sp
core   0: 3 0x80004eb4 (0x002d3833) x16 0x00000001
core   0: 0x80004eb8 (0xcd344a93) xori    s5, s0, -813
core   0: 3 0x80004eb8 (0xcd344a93) x21 0xfff7fc21
core   0: 0x80004ebc (0x000bf033) and     zero, s7, zero
core   0: 3 0x80004ebc (0x000bf033)
core   0: 0x80004ec0 (0x10b8ba93) sltiu   s5, a7, 267
core   0: 3 0x80004ec0 (0x10b8ba93) x21 0x00000000
core   0: 0x80004ec4 (0x00290017) auipc   zero, 0x290
core   0: 3 0x80004ec4 (0x00290017)
core   0: 0x80004ec8 (0x02398ab3) mul     s5, s3, gp
core   0: 3 0x80004ec8 (0x02398ab3) x21 0x14026000
core   0: 0x80004ecc (0x03099063) bne     s3, a6, pc + 32
core   0: 3 0x80004ecc (0x03099063)
core   0: 0x80004eec (0x000080c5) c.srli  s1, 17
core   0: 3 0x80004eec (0x80c5) x 9 0x00000000
core   0: 0x80004eee (0xa6ca4313) xori    t1, s4, -1428
core   0: 3 0x80004eee (0xa6ca4313) x 6 0x7ffda408
core   0: 0x80004ef2 (0x0ff0000f) fence   iorw,iorw
core   0: 3 0x80004ef2 (0x0ff0000f)
core   0: 0x80004ef6 (0x01d8b6b3) sltu    a3, a7, t4
core   0: 3 0x80004ef6 (0x01d8b6b3) x13 0x00000000
core   0: 0x80004efa (0xd1bf8d93) addi    s11, t6, -741
core   0: 3 0x80004efa (0xd1bf8d93) x27 0xffffffbb
core   0: 0x80004efe (0x00008e89) c.sub   a3, a0
core   0: 3 0x80004efe (0x8e89) x13 0x00000000
core   0: 0x80004f00 (0x01872833) slt     a6, a4, s8
core   0: 3 0x80004f00 (0x01872833) x16 0x00000000
core   0: 0x80004f04 (0x02e869b3) rem     s3, a6, a4
core   0: 3 0x80004f04 (0x02e869b3) x19 0x00000000
core   0: 0x80004f08 (0x0251ef33) rem     t5, gp, t0
core   0: 3 0x80004f08 (0x0251ef33) x30 0xfffffcb2
core   0: 0x80004f0c (0x01a731b3) sltu    gp, a4, s10
core   0: 3 0x80004f0c (0x01a731b3) x 3 0x00000000
core   0: 0x80004f10 (0x03c30563) beq     t1, t3, pc + 42
core   0: 3 0x80004f10 (0x03c30563)
core   0: 0x80004f14 (0x401d0db3) sub     s11, s10, ra
core   0: 3 0x80004f14 (0x401d0db3) x27 0x080025e6
core   0: 0x80004f18 (0x00dccc63) blt     s9, a3, pc + 24
core   0: 3 0x80004f18 (0x00dccc63)
core   0: 0x80004f1c (0x0198db33) srl     s6, a7, s9
core   0: 3 0x80004f1c (0x0198db33) x22 0x79900000
core   0: 0x80004f20 (0x659199b7) lui     s3, 0x65919
core   0: 3 0x80004f20 (0x659199b7) x19 0x65919000
core   0: 0x80004f24 (0x0030ed63) bltu    ra, gp, pc + 26
core   0: 3 0x80004f24 (0x0030ed63)
core   0: 0x80004f28 (0x40515913) srai    s2, sp, 5
core   0: 3 0x80004f28 (0x40515913) x18 0xfc0014e7
core   0: 0x80004f2c (0x00008836) c.mv    a6, a3
core   0: 3 0x80004f2c (0x8836) x16 0x00000000
core   0: 0x80004f2e (0x00000d6e) c.slli  s10, 27
core   0: 3 0x80004f2e (0x0d6e) x26 0x30000000
core   0: 0x80004f30 (0x01d14cb3) xor     s9, sp, t4
core   0: 3 0x80004f30 (0x01d14cb3) x25 0x81029ce4
core   0: 0x80004f34 (0x00000001) c.nop
core   0: 3 0x80004f34 (0x0001)
core   0: 0x80004f36 (0x12136063) bltu    t1, ra, pc + 288
core   0: 3 0x80004f36 (0x12136063)
core   0: 0x80004f3a (0x00d54f33) xor     t5, a0, a3
core   0: 3 0x80004f3a (0x00d54f33) x30 0x00000000
core   0: 0x80004f3e (0x00c11893) slli    a7, sp, 12
core   0: 3 0x80004f3e (0x00c11893) x17 0x29ce4000
core   0: 0x80004f42 (0x00008b15) c.andi  a4, 5
core   0: 3 0x80004f42 (0x8b15) x14 0x00000004
core   0: 0x80004f44 (0x00008c6d) c.and   s0, a1
core   0: 3 0x80004f44 (0x8c6d) x 8 0x00000000
core   0: 0x80004f46 (0x00000001) c.nop
core   0: 3 0x80004f46 (0x0001)
core   0: 0x80004f48 (0x00000001) c.nop
core   0: 3 0x80004f48 (0x0001)
core   0: 0x80004f4a (0x00e696b3) sll     a3, a3, a4
core   0: 3 0x80004f4a (0x00e696b3) x13 0x00000000
core   0: 0x80004f4e (0x00001afd) c.addi  s5, -1
core   0: 3 0x80004f4e (0x1afd) x21 0x14025fff
core   0: 0x80004f50 (0x0000100f) fence.i
core   0: 3 0x80004f50 (0x0000100f)
core   0: 0x80004f54 (0x0000b417) auipc   s0, 0xb
core   0: 3 0x80004f54 (0x0000b417) x 8 0x8000ff54
core   0: 0x80004f58 (0x22940413) addi    s0, s0, 553
core   0: 3 0x80004f58 (0x22940413) x 8 0x8001017d
core   0: 0x80004f5c (0x00008d11) c.sub   a0, a2
core   0: 3 0x80004f5c (0x8d11) x10 0x00000309
core   0: 0x80004f5e (0xfe040e83) lb      t4, -32(s0)
core   0: 3 0x80004f5e (0xfe040e83) x29 0x00000016 mem 0x8001015d
core   0: 0x80004f62 (0x00005ffd) c.li    t6, -1
core   0: 3 0x80004f62 (0x5ffd) x31 0xffffffff
core   0: 0x80004f64 (0x03850fb3) mul     t6, a0, s8
core   0: 3 0x80004f64 (0x03850fb3) x31 0x00000000
core   0: 0x80004f68 (0x03945803) lhu     a6, 57(s0)
core   0: 3 0x80004f68 (0x03945803) x16 0x00006c6d mem 0x800101b6
core   0: 0x80004f6c (0x03844f83) lbu     t6, 56(s0)
core   0: 3 0x80004f6c (0x03844f83) x31 0x0000006e mem 0x800101b5
core   0: 0x80004f70 (0x02c40423) sb      a2, 40(s0)
core   0: 3 0x80004f70 (0x02c40423) mem 0x800101a5 0xf7
core   0: 0x80004f74 (0x4a779617) auipc   a2, 0x4a779
core   0: 3 0x80004f74 (0x4a779617) x12 0xca77df74
core   0: 0x80004f78 (0x84edaeb7) lui     t4, 0x84eda
core   0: 3 0x80004f78 (0x84edaeb7) x29 0x84eda000
core   0: 0x80004f7c (0x03f41e83) lh      t4, 63(s0)
core   0: 3 0x80004f7c (0x03f41e83) x29 0x00007677 mem 0x800101bc
core   0: 0x80004f80 (0x03053833) mulhu   a6, a0, a6
core   0: 3 0x80004f80 (0x03053833) x16 0x00000000
core   0: 0x80004f84 (0x00000622) c.slli  a2, 8
core   0: 3 0x80004f84 (0x0622) x12 0x77df7400
core   0: 0x80004f86 (0x01d410a3) sh      t4, 1(s0)
core   0: 3 0x80004f86 (0x01d410a3) mem 0x8001017e 0x7677
core   0: 0x80004f8a (0x00009532) c.add   a0, a2
core   0: 3 0x80004f8a (0x9532) x10 0x77df7709
core   0: 0x80004f8c (0x41065833) sra     a6, a2, a6
core   0: 3 0x80004f8c (0x41065833) x16 0x77df7400
core   0: 0x80004f90 (0x03d40da3) sb      t4, 59(s0)
core   0: 3 0x80004f90 (0x03d40da3) mem 0x800101b8 0x77
core   0: 0x80004f94 (0x01d42ba3) sw      t4, 23(s0)
core   0: 3 0x80004f94 (0x01d42ba3) mem 0x80010194 0x00007677
core   0: 0x80004f98 (0xfd840503) lb      a0, -40(s0)
core   0: 3 0x80004f98 (0xfd840503) x10 0x0000000e mem 0x80010155
core   0: 0x80004f9c (0x40a80eb3) sub     t4, a6, a0
core   0: 3 0x80004f9c (0x40a80eb3) x29 0x77df73f2
core   0: 0x80004fa0 (0xff640f83) lb      t6, -10(s0)
core   0: 3 0x80004fa0 (0xff640f83) x31 0x00000028 mem 0x80010173
core   0: 0x80004fa4 (0x00000001) c.nop
core   0: 3 0x80004fa4 (0x0001)
core   0: 0x80004fa6 (0x01140803) lb      a6, 17(s0)
core   0: 3 0x80004fa6 (0x01140803) x16 0x0000002d mem 0x8001018e
core   0: 0x80004faa (0xfd0412a3) sh      a6, -59(s0)
core   0: 3 0x80004faa (0xfd0412a3) mem 0x80010142 0x002d
core   0: 0x80004fae (0x00008d49) c.or    a0, a0
core   0: 3 0x80004fae (0x8d49) x10 0x0000000e
core   0: 0x80004fb0 (0x03c40803) lb      a6, 60(s0)
core   0: 3 0x80004fb0 (0x03c40803) x16 0x00000072 mem 0x800101b9
core   0: 0x80004fb4 (0xa4783e93) sltiu   t4, a6, -1465
core   0: 3 0x80004fb4 (0xa4783e93) x29 0x00000001
core   0: 0x80004fb8 (0x03b41f83) lh      t6, 59(s0)
core   0: 3 0x80004fb8 (0x03b41f83) x31 0x00007277 mem 0x800101b8
core   0: 0x80004fbc (0x00c412a3) sh      a2, 5(s0)
core   0: 3 0x80004fbc (0x00c412a3) mem 0x80010182 0x7400
core   0: 0x80004fc0 (0xfd040623) sb      a6, -52(s0)
core   0: 3 0x80004fc0 (0xfd040623) mem 0x80010149 0x72
core   0: 0x80004fc4 (0x01a44e83) lbu     t4, 26(s0)
core   0: 3 0x80004fc4 (0x01a44e83) x29 0x00000000 mem 0x80010197
core   0: 0x80004fc8 (0x03f66633) rem     a2, a2, t6
core   0: 3 0x80004fc8 (0x03f66633) x12 0x000024d8
core   0: 0x80004fcc (0x00000632) c.slli  a2, 12
core   0: 3 0x80004fcc (0x0632) x12 0x024d8000
core   0: 0x80004fce (0x00d81f93) slli    t6, a6, 13
core   0: 3 0x80004fce (0x00d81f93) x31 0x000e4000
core   0: 0x80004fd2 (0x01640e83) lb      t4, 22(s0)
core   0: 3 0x80004fd2 (0x01640e83) x29 0xffffffff mem 0x80010193
core   0: 0x80004fd6 (0x01d63fb3) sltu    t6, a2, t4
core   0: 3 0x80004fd6 (0x01d63fb3) x31 0x00000001
core   0: 0x80004fda (0xff145f83) lhu     t6, -15(s0)
core   0: 3 0x80004fda (0xff145f83) x31 0x00002425 mem 0x8001016e
core   0: 0x80004fde (0x0000068a) c.slli  a3, 2
core   0: 3 0x80004fde (0x068a) x13 0x00000000
core   0: 0x80004fe0 (0x00006461) c.lui   s0, 0x18
core   0: 3 0x80004fe0 (0x6461) x 8 0x00018000
core   0: 0x80004fe2 (0x06d34363) blt     t1, a3, pc + 102
core   0: 3 0x80004fe2 (0x06d34363)
core   0: 0x80004fe6 (0x00013917) auipc   s2, 0x13
core   0: 3 0x80004fe6 (0x00013917) x18 0x80017fe6
core   0: 0x80004fea (0x5fe90913) addi    s2, s2, 1534
core   0: 3 0x80004fea (0x5fe90913) x18 0x800185e4
core   0: 0x80004fee (0x00b90803) lb      a6, 11(s2)
core   0: 3 0x80004fee (0x00b90803) x16 0xffffffa4 mem 0x800185ef
core   0: 0x80004ff2 (0x0001b197) auipc   gp, 0x1b
core   0: 3 0x80004ff2 (0x0001b197) x 3 0x8001fff2
core   0: 0x80004ff6 (0x93718193) addi    gp, gp, -1737
core   0: 3 0x80004ff6 (0x93718193) x 3 0x8001f929
core   0: 0x80004ffa (0x01291423) sh      s2, 8(s2)
core   0: 3 0x80004ffa (0x01291423) mem 0x800185ec 0x85e4
core   0: 0x80004ffe (0x25d18623) sb      t4, 588(gp)
core   0: 3 0x80004ffe (0x25d18623) mem 0x8001fb75 0xff
core   0: 0x80005002 (0xfde95603) lhu     a2, -34(s2)
core   0: 3 0x80005002 (0xfde95603) x12 0x00007879 mem 0x800185c2
core   0: 0x80005006 (0x15618003) lb      zero, 342(gp)
core   0: 3 0x80005006 (0x15618003) mem 0x8001fa7f
core   0: 0x8000500a (0xc0a1c803) lbu     a6, -1014(gp)
core   0: 3 0x8000500a (0xc0a1c803) x16 0x000000e8 mem 0x8001f533
core   0: 0x8000500e (0x8c118c83) lb      s9, -1855(gp)
core   0: 3 0x8000500e (0x8c118c83) x25 0xffffffa1 mem 0x8001f1ea
core   0: 0x80005012 (0xbd918323) sb      s9, -1082(gp)
core   0: 3 0x80005012 (0xbd918323) mem 0x8001f4ef 0xa1
core   0: 0x80005016 (0x8e518b23) sb      t0, -1802(gp)
core   0: 3 0x80005016 (0x8e518b23) mem 0x8001f21f 0x32
core   0: 0x8000501a (0x00391623) sh      gp, 12(s2)
core   0: 3 0x8000501a (0x00391623) mem 0x800185f0 0xf929
core   0: 0x8000501e (0xf5518f23) sb      s5, -162(gp)
core   0: 3 0x8000501e (0xf5518f23) mem 0x8001f887 0xff
core   0: 0x80005022 (0x293196a3) sh      s3, 653(gp)
core   0: 3 0x80005022 (0x293196a3) mem 0x8001fbb6 0x9000
core   0: 0x80005026 (0xfe492683) lw      a3, -28(s2)
core   0: 3 0x80005026 (0xfe492683) x13 0x80818283 mem 0x800185c8
core   0: 0x8000502a (0xffb92623) sw      s11, -20(s2)
core   0: 3 0x8000502a (0xffb92623) mem 0x800185d0 0x080025e6
core   0: 0x8000502e (0x00895e83) lhu     t4, 8(s2)
core   0: 3 0x8000502e (0x00895e83) x29 0x000085e4 mem 0x800185ec
core   0: 0x80005032 (0x6561c083) lbu     ra, 1622(gp)
core   0: 3 0x80005032 (0x6561c083) x 1 0x00000034 mem 0x8001ff7f
core   0: 0x80005036 (0xfce91f23) sh      a4, -34(s2)
core   0: 3 0x80005036 (0xfce91f23) mem 0x800185c2 0x0004
core   0: 0x8000503a (0x00b90123) sb      a1, 2(s2)
core   0: 3 0x8000503a (0x00b90123) mem 0x800185e6 0x0
core   0: 0x8000503e (0x19718b03) lb      s6, 407(gp)
core   0: 3 0x8000503e (0x19718b03) x22 0x0000007b mem 0x8001fac0
core   0: 0x80005042 (0x40e95193) srai    gp, s2, 14
core   0: 3 0x80005042 (0x40e95193) x 3 0xfffe0006
core   0: 0x80005046 (0x00008ce1) c.and   s1, s0
core   0: 3 0x80005046 (0x8ce1) x 9 0x00000000
core   0: 0x80005048 (0x409884b3) sub     s1, a7, s1
core   0: 3 0x80005048 (0x409884b3) x 9 0x29ce4000
core   0: 0x8000504c (0x002ca533) slt     a0, s9, sp
core   0: 3 0x8000504c (0x002ca533) x10 0x00000000
core   0: 0x80005050 (0x00008a7d) c.andi  a2, 31
core   0: 3 0x80005050 (0x8a7d) x12 0x00000019
core   0: 0x80005052 (0x02eb4d63) blt     s6, a4, pc + 58
core   0: 3 0x80005052 (0x02eb4d63)
core   0: 0x80005056 (0x00008f4d) c.or    a4, a1
core   0: 3 0x80005056 (0x8f4d) x14 0x80000004
core   0: 0x80005058 (0x0000862d) c.srai  a2, 11
core   0: 3 0x80005058 (0x862d) x12 0x00000000
core   0: 0x8000505a (0x0ff0000f) fence   iorw,iorw
core   0: 3 0x8000505a (0x0ff0000f)
core   0: 0x8000505e (0x00000ae5) c.addi  s5, 25
core   0: 3 0x8000505e (0x0ae5) x21 0x14026018
core   0: 0x80005060 (0x00000001) c.nop
core   0: 3 0x80005060 (0x0001)
core   0: 0x80005062 (0x007ec3b3) xor     t2, t4, t2
core   0: 3 0x80005062 (0x007ec3b3) x 7 0xa00085e4
core   0: 0x80005066 (0x0ff0000f) fence   iorw,iorw
core   0: 3 0x80005066 (0x0ff0000f)
core   0: 0x8000506a (0x0000c229) c.beqz  a2, pc + 66
core   0: 3 0x8000506a (0xc229)
core   0: 0x800050ac (0x0000cd19) c.beqz  a0, pc + 30
core   0: 3 0x800050ac (0xcd19)
core   0: 0x800050ca (0x000094ba) c.add   s1, a4
core   0: 3 0x800050ca (0x94ba) x 9 0xa9ce4004
core   0: 0x800050cc (0x40470f33) sub     t5, a4, tp
core   0: 3 0x800050cc (0x40470f33) x30 0x80000004
core   0: 0x800050d0 (0x00001afd) c.addi  s5, -1
core   0: 3 0x800050d0 (0x1afd) x21 0x14026017
core   0: 0x800050d2 (0x83b0c517) auipc   a0, 0x83b0c
core   0: 3 0x800050d2 (0x83b0c517) x10 0x03b110d2
core   0: 0x800050d6 (0x00000fcd) c.addi  t6, 19
core   0: 3 0x800050d6 (0x0fcd) x31 0x00002438
core   0: 0x800050d8 (0x00008e6d) c.and   a2, a1
core   0: 3 0x800050d8 (0x8e6d) x12 0x00000000
core   0: 0x800050da (0x010c9333) sll     t1, s9, a6
core   0: 3 0x800050da (0x010c9333) x 6 0xffffa100
core   0: 0x800050de (0x40905fb3) sra     t6, zero, s1
core   0: 3 0x800050de (0x40905fb3) x31 0x00000000
core   0: 0x800050e2 (0xd9bad317) auipc   t1, 0xd9bad
core   0: 3 0x800050e2 (0xd9bad317) x 6 0x59bb20e2
core   0: 0x800050e6 (0x03fe1ab3) mulh    s5, t3, t6
core   0: 3 0x800050e6 (0x03fe1ab3) x21 0x00000000
core   0: 0x800050ea (0x03202733) mulhsu  a4, zero, s2
core   0: 3 0x800050ea (0x03202733) x14 0x00000000
core   0: 0x800050ee (0x0ff0000f) fence   iorw,iorw
core   0: 3 0x800050ee (0x0ff0000f)
core   0: 0x800050f2 (0x06ed0913) addi    s2, s10, 110
core   0: 3 0x800050f2 (0x06ed0913) x18 0x3000006e
core   0: 0x800050f6 (0x02cb6f33) rem     t5, s6, a2
core   0: 3 0x800050f6 (0x02cb6f33) x30 0x0000007b
core   0: 0x800050fa (0x034b5863) bge     s6, s4, pc + 48
core   0: 3 0x800050fa (0x034b5863)
core   0: 0x8000512a (0x0000987d) c.andi  s0, -1
core   0: 3 0x8000512a (0x987d) x 8 0x00018000
core   0: 0x8000512c (0x00008e9d) c.sub   a3, a5
core   0: 3 0x8000512c (0x8e9d) x13 0x00818283
core   0: 0x8000512e (0x07b40563) beq     s0, s11, pc + 106
core   0: 3 0x8000512e (0x07b40563)
core   0: 0x80005132 (0x02376db3) rem     s11, a4, gp
core   0: 3 0x80005132 (0x02376db3) x27 0x00000000
core   0: 0x80005136 (0x00a9d633) srl     a2, s3, a0
core   0: 3 0x80005136 (0x00a9d633) x12 0x00001964
core   0: 0x8000513a (0x00009ae2) c.add   s5, s8
core   0: 3 0x8000513a (0x9ae2) x21 0x00000000
core   0: 0x8000513c (0x82790893) addi    a7, s2, -2009
core   0: 3 0x8000513c (0x82790893) x17 0x2ffff895
core   0: 0x80005140 (0x00008f4d) c.or    a4, a1
core   0: 3 0x80005140 (0x8f4d) x14 0x80000000
core   0: 0x80005142 (0x05c21563) bne     tp, t3, pc + 74
core   0: 3 0x80005142 (0x05c21563)
core   0: 0x80005146 (0x00305c33) srl     s8, zero, gp
core   0: 3 0x80005146 (0x00305c33) x24 0x00000000
core   0: 0x8000514a (0x0227f933) remu    s2, a5, sp
core   0: 3 0x8000514a (0x0227f933) x18 0x80000000
core   0: 0x8000514e (0x01ca1f13) slli    t5, s4, 28
core   0: 3 0x8000514e (0x01ca1f13) x30 0x40000000
core   0: 0x80005152 (0x03378eb3) mul     t4, a5, s3
core   0: 3 0x80005152 (0x03378eb3) x29 0x00000000
core   0: 0x80005156 (0x01139ab3) sll     s5, t2, a7
core   0: 3 0x80005156 (0x01139ab3) x21 0xbc800000
core   0: 0x8000515a (0x03378bb3) mul     s7, a5, s3
core   0: 3 0x8000515a (0x03378bb3) x23 0x00000000
core   0: 0x8000515e (0x029fbcb3) mulhu   s9, t6, s1
core   0: 3 0x8000515e (0x029fbcb3) x25 0x00000000
core   0: 0x80005162 (0x025ec733) div     a4, t4, t0
core   0: 3 0x80005162 (0x025ec733) x14 0x00000000
core   0: 0x80005166 (0x00009797) auipc   a5, 0x9
core   0: 3 0x80005166 (0x00009797) x15 0x8000e166
core   0: 0x8000516a (0xb1878793) addi    a5, a5, -1256
core   0: 3 0x8000516a (0xb1878793) x15 0x8000dc7e
core   0: 0x8000516e (0x03b6e633) rem     a2, a3, s11
core   0: 3 0x8000516e (0x03b6e633) x12 0x00818283
core   0: 0x80005172 (0x00008d05) c.sub   a0, s1
core   0: 3 0x80005172 (0x8d05) x10 0x59e2d0ce
core   0: 0x80005174 (0x00008f35) c.xor   a4, a3
core   0: 3 0x80005174 (0x8f35) x14 0x00818283
core   0: 0x80005176 (0x0171e3b3) or      t2, gp, s7
core   0: 3 0x80005176 (0x0171e3b3) x 7 0xfffe0006
core   0: 0x8000517a (0x40abdf13) srai    t5, s7, 10
core   0: 3 0x8000517a (0x40abdf13) x30 0x00000000
core   0: 0x8000517e (0xe7178793) addi    a5, a5, -399
core   0: 3 0x8000517e (0xe7178793) x15 0x8000daef
core   0: 0x80005182 (0x00008d25) c.xor   a0, s1
core   0: 3 0x80005182 (0x8d25) x10 0xf02c90ca
core   0: 0x80005184 (0x18f780e7) jalr    ra, a5, 399
core   0: 3 0x80005184 (0x18f780e7) x 1 0x80005188
core   0: 0x8000dc7e (0xfd8a0a13) addi    s4, s4, -40
core   0: 3 0x8000dc7e (0xfd8a0a13) x20 0x80025e3c
core   0: 0x8000dc82 (0x0636f793) andi    a5, a3, 99
core   0: 3 0x8000dc82 (0x0636f793) x15 0x00000003
core   0: 0x8000dc86 (0xf8914313) xori    t1, sp, -119
core   0: 3 0x8000dc86 (0xf8914313) x 6 0x7ffd636d
core   0: 0x8000dc8a (0x001a2223) sw      ra, 4(s4)
core   0: 3 0x8000dc8a (0x001a2223) mem 0x80025e40 0x80005188
core   0: 0x8000dc8e (0x000053fd) c.li    t2, -1
core   0: 3 0x8000dc8e (0x53fd) x 7 0xffffffff
core   0: 0x8000dc90 (0x00003417) auipc   s0, 0x3
core   0: 3 0x8000dc90 (0x00003417) x 8 0x80010c90
core   0: 0x8000dc94 (0xbcb40413) addi    s0, s0, -1077
core   0: 3 0x8000dc94 (0xbcb40413) x 8 0x8001085b
core   0: 0x8000dc98 (0xffd45e03) lhu     t3, -3(s0)
core   0: 3 0x8000dc98 (0xffd45e03) x28 0x00001213 mem 0x80010858
core   0: 0x8000dc9c (0xfeb40ea3) sb      a1, -3(s0)
core   0: 3 0x8000dc9c (0xfeb40ea3) mem 0x80010858 0x0
core   0: 0x8000dca0 (0x03640503) lb      a0, 54(s0)
core   0: 3 0x8000dca0 (0x03640503) x10 0x0000004a mem 0x80010891
core   0: 0x8000dca4 (0x03740b23) sb      s7, 54(s0)
core   0: 3 0x8000dca4 (0x03740b23) mem 0x80010891 0x0
core   0: 0x8000dca8 (0x03340b23) sb      s3, 54(s0)
core   0: 3 0x8000dca8 (0x03340b23) mem 0x80010891 0x0
core   0: 0x8000dcac (0x03640803) lb      a6, 54(s0)
core   0: 3 0x8000dcac (0x03640803) x16 0x00000000 mem 0x80010891
core   0: 0x8000dcb0 (0x01744f83) lbu     t6, 23(s0)
core   0: 3 0x8000dcb0 (0x01744f83) x31 0x00000029 mem 0x80010872
core   0: 0x8000dcb4 (0xfc840723) sb      s0, -50(s0)
core   0: 3 0x8000dcb4 (0xfc840723) mem 0x80010829 0x5b
core   0: 0x8000dcb8 (0xfdc40723) sb      t3, -50(s0)
core   0: 3 0x8000dcb8 (0xfdc40723) mem 0x80010829 0x13
core   0: 0x8000dcbc (0xfce44503) lbu     a0, -50(s0)
core   0: 3 0x8000dcbc (0xfce44503) x10 0x00000013 mem 0x80010829
core   0: 0x8000dcc0 (0x02d307b3) mul     a5, t1, a3
core   0: 3 0x8000dcc0 (0x02d307b3) x15 0x45143ac7
core   0: 0x8000dcc4 (0x0068ab33) slt     s6, a7, t1
core   0: 3 0x8000dcc4 (0x0068ab33) x22 0x00000001
core   0: 0x8000dcc8 (0xfce40f03) lb      t5, -50(s0)
core   0: 3 0x8000dcc8 (0xfce40f03) x30 0x00000013 mem 0x80010829
core   0: 0x8000dccc (0xfce44e03) lbu     t3, -50(s0)
core   0: 3 0x8000dccc (0xfce44e03) x28 0x00000013 mem 0x80010829
core   0: 0x8000dcd0 (0x01aae6b3) or      a3, s5, s10
core   0: 3 0x8000dcd0 (0x01aae6b3) x13 0xbc800000
core   0: 0x8000dcd4 (0xfd244d83) lbu     s11, -46(s0)
core   0: 3 0x8000dcd4 (0xfd244d83) x27 0x000000e6 mem 0x8001082d
core   0: 0x8000dcd8 (0x01271493) slli    s1, a4, 18
core   0: 3 0x8000dcd8 (0x01271493) x 9 0x0a0c0000
core   0: 0x8000dcdc (0x01f40123) sb      t6, 2(s0)
core   0: 3 0x8000dcdc (0x01f40123) mem 0x8001085d 0x29
core   0: 0x8000dce0 (0x034534b3) mulhu   s1, a0, s4
core   0: 3 0x8000dce0 (0x034534b3) x 9 0x00000009
core   0: 0x8000dce4 (0x00240f03) lb      t5, 2(s0)
core   0: 3 0x8000dce4 (0x00240f03) x30 0x00000029 mem 0x8001085d
core   0: 0x8000dce8 (0x00144e83) lbu     t4, 1(s0)
core   0: 3 0x8000dce8 (0x00144e83) x29 0x00000017 mem 0x8001085c
core   0: 0x8000dcec (0x00141383) lh      t2, 1(s0)
core   0: 3 0x8000dcec (0x00141383) x 7 0x00002917 mem 0x8001085c
core   0: 0x8000dcf0 (0x4b842293) slti    t0, s0, 1208
core   0: 3 0x8000dcf0 (0x4b842293) x 5 0x00000001
core   0: 0x8000dcf4 (0x03bfd4b3) divu    s1, t6, s11
core   0: 3 0x8000dcf4 (0x03bfd4b3) x 9 0x00000000
core   0: 0x8000dcf8 (0x00142a83) lw      s5, 1(s0)
core   0: 3 0x8000dcf8 (0x00142a83) x21 0x14152917 mem 0x8001085c
core   0: 0x8000dcfc (0x00004f97) auipc   t6, 0x4
core   0: 3 0x8000dcfc (0x00004f97) x31 0x80011cfc
core   0: 0x8000dd00 (0x48ff8f93) addi    t6, t6, 1167
core   0: 3 0x8000dd00 (0x48ff8f93) x31 0x8001218b
core   0: 0x8000dd04 (0xfe7f8303) lb      t1, -25(t6)
core   0: 3 0x8000dd04 (0xfe7f8303) x 6 0x00000029 mem 0x80012172
core   0: 0x8000dd08 (0xfc8f8223) sb      s0, -60(t6)
core   0: 3 0x8000dd08 (0xfc8f8223) mem 0x8001214f 0x5b
core   0: 0x8000dd0c (0x017fd903) lhu     s2, 23(t6)
core   0: 3 0x8000dd0c (0x017fd903) x18 0x00005859 mem 0x800121a2
core   0: 0x8000dd10 (0xfcffc183) lbu     gp, -49(t6)
core   0: 3 0x8000dd10 (0xfcffc183) x 3 0x00000011 mem 0x8001215a
core   0: 0x8000dd14 (0x01eadb13) srli    s6, s5, 30
core   0: 3 0x8000dd14 (0x01eadb13) x22 0x00000000
core   0: 0x8000dd18 (0xfc2f8a23) sb      sp, -44(t6)
core   0: 3 0x8000dd18 (0xfc2f8a23) mem 0x8001215f 0xe4
core   0: 0x8000dd1c (0x035f84a3) sb      s5, 41(t6)
core   0: 3 0x8000dd1c (0x035f84a3) mem 0x800121b4 0x17
core   0: 0x8000dd20 (0xfcbf8383) lb      t2, -53(t6)
core   0: 3 0x8000dd20 (0xfcbf8383) x 7 0x0000000d mem 0x80012156
core   0: 0x8000dd24 (0x00008d1d) c.sub   a0, a5
core   0: 3 0x8000dd24 (0x8d1d) x10 0xbaebc54c
core   0: 0x8000dd26 (0x00006821) c.lui   a6, 0x8
core   0: 3 0x8000dd26 (0x6821) x16 0x00008000
core   0: 0x8000dd28 (0x00000001) c.nop
core   0: 3 0x8000dd28 (0x0001)
core   0: 0x8000dd2a (0x00008f89) c.sub   a5, a0
core   0: 3 0x8000dd2a (0x8f89) x15 0x8a28757b
core   0: 0x8000dd2c (0x42103613) sltiu   a2, zero, 1057
core   0: 3 0x8000dd2c (0x42103613) x12 0x00000001
core   0: 0x8000dd30 (0xa68b7e97) auipc   t4, 0xa68b7
core   0: 3 0x8000dd30 (0xa68b7e97) x29 0x268c4d30
core   0: 0x8000dd34 (0x010fc903) lbu     s2, 16(t6)
core   0: 3 0x8000dd34 (0x010fc903) x18 0x00000050 mem 0x8001219b
core   0: 0x8000dd38 (0x025791b3) mulh    gp, a5, t0
core   0: 3 0x8000dd38 (0x025791b3) x 3 0xffffffff
core   0: 0x8000dd3c (0x0000656d) c.lui   a0, 0x1b
core   0: 3 0x8000dd3c (0x656d) x10 0x0001b000
core   0: 0x8000dd3e (0x01d5e2b3) or      t0, a1, t4
core   0: 3 0x8000dd3e (0x01d5e2b3) x 5 0xa68c4d30
core   0: 0x8000dd42 (0x03ada193) slti    gp, s11, 58
core   0: 3 0x8000dd42 (0x03ada193) x 3 0x00000000
core   0: 0x8000dd46 (0x01519433) sll     s0, gp, s5
core   0: 3 0x8000dd46 (0x01519433) x 8 0x00000000
core   0: 0x8000dd4a (0x2a91e893) ori     a7, gp, 681
core   0: 3 0x8000dd4a (0x2a91e893) x17 0x000002a9
core   0: 0x8000dd4e (0xfc1fc683) lbu     a3, -63(t6)
core   0: 3 0x8000dd4e (0xfc1fc683) x13 0x00000007 mem 0x8001214c
core   0: 0x8000dd52 (0x03910833) mul     a6, sp, s9
core   0: 3 0x8000dd52 (0x03910833) x16 0x00000000
core   0: 0x8000dd56 (0xfc6fcb83) lbu     s7, -58(t6)
core   0: 3 0x8000dd56 (0xfc6fcb83) x23 0x0000000a mem 0x80012151
core   0: 0x8000dd5a (0x003f84b3) add     s1, t6, gp
core   0: 3 0x8000dd5a (0x003f84b3) x 9 0x8001218b
core   0: 0x8000dd5e (0x411dbb13) sltiu   s6, s11, 1041
core   0: 3 0x8000dd5e (0x411dbb13) x22 0x00000001
core   0: 0x8000dd62 (0x04344793) xori    a5, s0, 67
core   0: 3 0x8000dd62 (0x04344793) x15 0x00000043
core   0: 0x8000dd66 (0xfd6f8283) lb      t0, -42(t6)
core   0: 3 0x8000dd66 (0xfd6f8283) x 5 0x0000001a mem 0x80012161
core   0: 0x8000dd6a (0x00005dfd) c.li    s11, -1
core   0: 3 0x8000dd6a (0x5dfd) x27 0xffffffff
core   0: 0x8000dd6c (0xfeefc683) lbu     a3, -18(t6)
core   0: 3 0x8000dd6c (0xfeefc683) x13 0x00000032 mem 0x80012179
core   0: 0x8000dd70 (0x019fa783) lw      a5, 25(t6)
core   0: 3 0x8000dd70 (0x019fa783) x15 0x5c5d5e5f mem 0x800121a4
core   0: 0x8000dd74 (0xc0aac193) xori    gp, s5, -1014
core   0: 3 0x8000dd74 (0xc0aac193) x 3 0xebead51d
core   0: 0x8000dd78 (0x02dd5eb3) divu    t4, s10, a3
core   0: 3 0x8000dd78 (0x02dd5eb3) x29 0x00f5c28f
core   0: 0x8000dd7c (0x00bf8903) lb      s2, 11(t6)
core   0: 3 0x8000dd7c (0x00bf8903) x18 0x0000004d mem 0x80012196
core   0: 0x8000dd80 (0x00008d19) c.sub   a0, a4
core   0: 3 0x8000dd80 (0x8d19) x10 0xff802d7d
core   0: 0x8000dd82 (0x026f5eb3) divu    t4, t5, t1
core   0: 3 0x8000dd82 (0x026f5eb3) x29 0x00000001
core   0: 0x8000dd86 (0x026fcb03) lbu     s6, 38(t6)
core   0: 3 0x8000dd86 (0x026fcb03) x22 0x0000006a mem 0x800121b1
core   0: 0x8000dd8a (0xfd2f8d03) lb      s10, -46(t6)
core   0: 3 0x8000dd8a (0xfd2f8d03) x26 0x00000016 mem 0x8001215d
core   0: 0x8000dd8e (0x00009a7d) c.andi  a2, -1
core   0: 3 0x8000dd8e (0x9a7d) x12 0x00000001
core   0: 0x8000dd90 (0xffcf8183) lb      gp, -4(t6)
core   0: 3 0x8000dd90 (0xffcf8183) x 3 0x0000003c mem 0x80012187
core   0: 0x8000dd94 (0x036fc483) lbu     s1, 54(t6)
core   0: 3 0x8000dd94 (0x036fc483) x 9 0x0000007a mem 0x800121c1
core   0: 0x8000dd98 (0x030e1f33) mulh    t5, t3, a6
core   0: 3 0x8000dd98 (0x030e1f33) x30 0x00000000
core   0: 0x8000dd9c (0x00b1e033) or      zero, gp, a1
core   0: 3 0x8000dd9c (0x00b1e033)
core   0: 0x8000dda0 (0xfcff91a3) sh      a5, -61(t6)
core   0: 3 0x8000dda0 (0xfcff91a3) mem 0x8001214e 0x5e5f
core   0: 0x8000dda4 (0xffcfc303) lbu     t1, -4(t6)
core   0: 3 0x8000dda4 (0xffcfc303) x 6 0x0000003c mem 0x80012187
core   0: 0x8000dda8 (0x039f9d83) lh      s11, 57(t6)
core   0: 3 0x8000dda8 (0x039f9d83) x27 0x00007e7f mem 0x800121c4
core   0: 0x8000ddac (0x0000100f) fence.i
core   0: 3 0x8000ddac (0x0000100f)
core   0: 0x8000ddb0 (0x41ba8f33) sub     t5, s5, s11
core   0: 3 0x8000ddb0 (0x41ba8f33) x30 0x1414aa98
core   0: 0x8000ddb4 (0x0000062d) c.addi  a2, 11
core   0: 3 0x8000ddb4 (0x062d) x12 0x0000000c
core   0: 0x8000ddb6 (0x007fc303) lbu     t1, 7(t6)
core   0: 3 0x8000ddb6 (0x007fc303) x 6 0x00000049 mem 0x80012192
core   0: 0x8000ddba (0xff800813) li      a6, -8
core   0: 3 0x8000ddba (0xff800813) x16 0xfffffff8
core   0: 0x8000ddbe (0x000087b5) c.srai  a5, 13
core   0: 3 0x8000ddbe (0x87b5) x15 0x0002e2ea
core   0: 0x8000ddc0 (0x000097aa) c.add   a5, a0
core   0: 3 0x8000ddc0 (0x97aa) x15 0xff831067
core   0: 0x8000ddc2 (0x03bf50b3) divu    ra, t5, s11
core   0: 3 0x8000ddc2 (0x03bf50b3) x 1 0x000028a3
core   0: 0x8000ddc6 (0x00000001) c.nop
core   0: 3 0x8000ddc6 (0x0001)
core   0: 0x8000ddc8 (0x00100713) li      a4, 1
core   0: 3 0x8000ddc8 (0x00100713) x14 0x00000001
core   0: 0x8000ddcc (0x03bddcb3) divu    s9, s11, s11
core   0: 3 0x8000ddcc (0x03bddcb3) x25 0x00000001
core   0: 0x8000ddd0 (0x00d90d33) add     s10, s2, a3
core   0: 3 0x8000ddd0 (0x00d90d33) x26 0x0000007f
core   0: 0x8000ddd4 (0x41cddb13) srai    s6, s11, 28
core   0: 3 0x8000ddd4 (0x41cddb13) x22 0x00000000
core   0: 0x8000ddd8 (0x00000805) c.addi  a6, 1
core   0: 3 0x8000ddd8 (0x0805) x16 0xfffffff9
core   0: 0x8000ddda (0x642b7793) andi    a5, s6, 1602
core   0: 3 0x8000ddda (0x642b7793) x15 0x00000000
core   0: 0x8000ddde (0x410980b3) sub     ra, s3, a6
core   0: 3 0x8000ddde (0x410980b3) x 1 0x65919007
core   0: 0x8000dde2 (0x036e8533) mul     a0, t4, s6
core   0: 3 0x8000dde2 (0x036e8533) x10 0x00000000
core   0: 0x8000dde6 (0x41fd09b3) sub     s3, s10, t6
core   0: 3 0x8000dde6 (0x41fd09b3) x19 0x7ffedef4
core   0: 0x8000ddea (0x01cdc6b3) xor     a3, s11, t3
core   0: 3 0x8000ddea (0x01cdc6b3) x13 0x00007e6c
core   0: 0x8000ddee (0xff600193) li      gp, -10
core   0: 3 0x8000ddee (0xff600193) x 3 0xfffffff6
core   0: 0x8000ddf2 (0x00008f91) c.sub   a5, a2
core   0: 3 0x8000ddf2 (0x8f91) x15 0xfffffff4
core   0: 0x8000ddf4 (0x00800b93) li      s7, 8
core   0: 3 0x8000ddf4 (0x00800b93) x23 0x00000008
core   0: 0x8000ddf8 (0xb825b2b7) lui     t0, 0xb825b
core   0: 3 0x8000ddf8 (0xb825b2b7) x 5 0xb825b000
core   0: 0x8000ddfc (0x0000100f) fence.i
core   0: 3 0x8000ddfc (0x0000100f)
core   0: 0x8000de00 (0x0bdc0e37) lui     t3, 0xbdc0
core   0: 3 0x8000de00 (0x0bdc0e37) x28 0x0bdc0000
core   0: 0x8000de04 (0x997b6493) ori     s1, s6, -1641
core   0: 3 0x8000de04 (0x997b6493) x 9 0xfffff997
core   0: 0x8000de08 (0x00008e11) c.sub   a2, a2
core   0: 3 0x8000de08 (0x8e11) x12 0x00000000
core   0: 0x8000de0a (0x00008ef9) c.and   a3, a4
core   0: 3 0x8000de0a (0x8ef9) x13 0x00000000
core   0: 0x8000de0c (0x033329b3) mulhsu  s3, t1, s3
core   0: 3 0x8000de0c (0x033329b3) x19 0x00000024
core   0: 0x8000de10 (0x00000001) c.nop
core   0: 3 0x8000de10 (0x0001)
core   0: 0x8000de12 (0x014aedb3) or      s11, s5, s4
core   0: 3 0x8000de12 (0x014aedb3) x27 0x94177f3f
core   0: 0x8000de16 (0x00000199) c.addi  gp, 6
core   0: 3 0x8000de16 (0x0199) x 3 0xfffffffc
core   0: 0x8000de18 (0x00008d09) c.sub   a0, a0
core   0: 3 0x8000de18 (0x8d09) x10 0x00000000
core   0: 0x8000de1a (0xff71c9e3) blt     gp, s7, pc - 14
core   0: 3 0x8000de1a (0xff71c9e3)
core   0: 0x8000de0c (0x033329b3) mulhsu  s3, t1, s3
core   0: 3 0x8000de0c (0x033329b3) x19 0x00000000
core   0: 0x8000de10 (0x00000001) c.nop
core   0: 3 0x8000de10 (0x0001)
core   0: 0x8000de12 (0x014aedb3) or      s11, s5, s4
core   0: 3 0x8000de12 (0x014aedb3) x27 0x94177f3f
core   0: 0x8000de16 (0x00000199) c.addi  gp, 6
core   0: 3 0x8000de16 (0x0199) x 3 0x00000002
core   0: 0x8000de18 (0x00008d09) c.sub   a0, a0
core   0: 3 0x8000de18 (0x8d09) x10 0x00000000
core   0: 0x8000de1a (0xff71c9e3) blt     gp, s7, pc - 14
core   0: 3 0x8000de1a (0xff71c9e3)
core   0: 0x8000de0c (0x033329b3) mulhsu  s3, t1, s3
core   0: 3 0x8000de0c (0x033329b3) x19 0x00000000
core   0: 0x8000de10 (0x00000001) c.nop
core   0: 3 0x8000de10 (0x0001)
core   0: 0x8000de12 (0x014aedb3) or      s11, s5, s4
core   0: 3 0x8000de12 (0x014aedb3) x27 0x94177f3f
core   0: 0x8000de16 (0x00000199) c.addi  gp, 6
core   0: 3 0x8000de16 (0x0199) x 3 0x00000008
core   0: 0x8000de18 (0x00008d09) c.sub   a0, a0
core   0: 3 0x8000de18 (0x8d09) x10 0x00000000
core   0: 0x8000de1a (0xff71c9e3) blt     gp, s7, pc - 14
core   0: 3 0x8000de1a (0xff71c9e3)
core   0: 0x8000de1e (0x03a91633) mulh    a2, s2, s10
core   0: 3 0x8000de1e (0x03a91633) x12 0x00000000
core   0: 0x8000de22 (0x00000001) c.nop
core   0: 3 0x8000de22 (0x0001)
core   0: 0x8000de24 (0x40a68333) sub     t1, a3, a0
core   0: 3 0x8000de24 (0x40a68333) x 6 0x00000000
core   0: 0x8000de28 (0xfae814e3) bne     a6, a4, pc - 88
core   0: 3 0x8000de28 (0xfae814e3)
core   0: 0x8000ddd0 (0x00d90d33) add     s10, s2, a3
core   0: 3 0x8000ddd0 (0x00d90d33) x26 0x0000004d
core   0: 0x8000ddd4 (0x41cddb13) srai    s6, s11, 28
core   0: 3 0x8000ddd4 (0x41cddb13) x22 0xfffffff9
core   0: 0x8000ddd8 (0x00000805) c.addi  a6, 1
core   0: 3 0x8000ddd8 (0x0805) x16 0xfffffffa
core   0: 0x8000ddda (0x642b7793) andi    a5, s6, 1602
core   0: 3 0x8000ddda (0x642b7793) x15 0x00000640
core   0: 0x8000ddde (0x410980b3) sub     ra, s3, a6
core   0: 3 0x8000ddde (0x410980b3) x 1 0x00000006
core   0: 0x8000dde2 (0x036e8533) mul     a0, t4, s6
core   0: 3 0x8000dde2 (0x036e8533) x10 0xfffffff9
core   0: 0x8000dde6 (0x41fd09b3) sub     s3, s10, t6
core   0: 3 0x8000dde6 (0x41fd09b3) x19 0x7ffedec2
core   0: 0x8000ddea (0x01cdc6b3) xor     a3, s11, t3
core   0: 3 0x8000ddea (0x01cdc6b3) x13 0x9fcb7f3f
core   0: 0x8000ddee (0xff600193) li      gp, -10
core   0: 3 0x8000ddee (0xff600193) x 3 0xfffffff6
core   0: 0x8000ddf2 (0x00008f91) c.sub   a5, a2
core   0: 3 0x8000ddf2 (0x8f91) x15 0x00000640
core   0: 0x8000ddf4 (0x00800b93) li      s7, 8
core   0: 3 0x8000ddf4 (0x00800b93) x23 0x00000008
core   0: 0x8000ddf8 (0xb825b2b7) lui     t0, 0xb825b
core   0: 3 0x8000ddf8 (0xb825b2b7) x 5 0xb825b000
core   0: 0x8000ddfc (0x0000100f) fence.i
core   0: 3 0x8000ddfc (0x0000100f)
core   0: 0x8000de00 (0x0bdc0e37) lui     t3, 0xbdc0
core   0: 3 0x8000de00 (0x0bdc0e37) x28 0x0bdc0000
core   0: 0x8000de04 (0x997b6493) ori     s1, s6, -1641
core   0: 3 0x8000de04 (0x997b6493) x 9 0xffffffff
core   0: 0x8000de08 (0x00008e11) c.sub   a2, a2
core   0: 3 0x8000de08 (0x8e11) x12 0x00000000
core   0: 0x8000de0a (0x00008ef9) c.and   a3, a4
core   0: 3 0x8000de0a (0x8ef9) x13 0x00000001
core   0: 0x8000de0c (0x033329b3) mulhsu  s3, t1, s3
core   0: 3 0x8000de0c (0x033329b3) x19 0x00000000
core   0: 0x8000de10 (0x00000001) c.nop
core   0: 3 0x8000de10 (0x0001)
core   0: 0x8000de12 (0x014aedb3) or      s11, s5, s4
core   0: 3 0x8000de12 (0x014aedb3) x27 0x94177f3f
core   0: 0x8000de16 (0x00000199) c.addi  gp, 6
core   0: 3 0x8000de16 (0x0199) x 3 0xfffffffc
core   0: 0x8000de18 (0x00008d09) c.sub   a0, a0
core   0: 3 0x8000de18 (0x8d09) x10 0x00000000
core   0: 0x8000de1a (0xff71c9e3) blt     gp, s7, pc - 14
core   0: 3 0x8000de1a (0xff71c9e3)
core   0: 0x8000de0c (0x033329b3) mulhsu  s3, t1, s3
core   0: 3 0x8000de0c (0x033329b3) x19 0x00000000
core   0: 0x8000de10 (0x00000001) c.nop
core   0: 3 0x8000de10 (0x0001)
core   0: 0x8000de12 (0x014aedb3) or      s11, s5, s4
core   0: 3 0x8000de12 (0x014aedb3) x27 0x94177f3f
core   0: 0x8000de16 (0x00000199) c.addi  gp, 6
core   0: 3 0x8000de16 (0x0199) x 3 0x00000002
core   0: 0x8000de18 (0x00008d09) c.sub   a0, a0
core   0: 3 0x8000de18 (0x8d09) x10 0x00000000
core   0: 0x8000de1a (0xff71c9e3) blt     gp, s7, pc - 14
core   0: 3 0x8000de1a (0xff71c9e3)
core   0: 0x8000de0c (0x033329b3) mulhsu  s3, t1, s3
core   0: 3 0x8000de0c (0x033329b3) x19 0x00000000
core   0: 0x8000de10 (0x00000001) c.nop
core   0: 3 0x8000de10 (0x0001)
core   0: 0x8000de12 (0x014aedb3) or      s11, s5, s4
core   0: 3 0x8000de12 (0x014aedb3) x27 0x94177f3f
core   0: 0x8000de16 (0x00000199) c.addi  gp, 6
core   0: 3 0x8000de16 (0x0199) x 3 0x00000008
core   0: 0x8000de18 (0x00008d09) c.sub   a0, a0
core   0: 3 0x8000de18 (0x8d09) x10 0x00000000
core   0: 0x8000de1a (0xff71c9e3) blt     gp, s7, pc - 14
core   0: 3 0x8000de1a (0xff71c9e3)
core   0: 0x8000de1e (0x03a91633) mulh    a2, s2, s10
core   0: 3 0x8000de1e (0x03a91633) x12 0x00000000
core   0: 0x8000de22 (0x00000001) c.nop
core   0: 3 0x8000de22 (0x0001)
core   0: 0x8000de24 (0x40a68333) sub     t1, a3, a0
core   0: 3 0x8000de24 (0x40a68333) x 6 0x00000001
core   0: 0x8000de28 (0xfae814e3) bne     a6, a4, pc - 88
core   0: 3 0x8000de28 (0xfae814e3)
core   0: 0x8000ddd0 (0x00d90d33) add     s10, s2, a3
core   0: 3 0x8000ddd0 (0x00d90d33) x26 0x0000004e
core   0: 0x8000ddd4 (0x41cddb13) srai    s6, s11, 28
core   0: 3 0x8000ddd4 (0x41cddb13) x22 0xfffffff9
core   0: 0x8000ddd8 (0x00000805) c.addi  a6, 1
core   0: 3 0x8000ddd8 (0x0805) x16 0xfffffffb
core   0: 0x8000ddda (0x642b7793) andi    a5, s6, 1602
core   0: 3 0x8000ddda (0x642b7793) x15 0x00000640
core   0: 0x8000ddde (0x410980b3) sub     ra, s3, a6
core   0: 3 0x8000ddde (0x410980b3) x 1 0x00000005
core   0: 0x8000dde2 (0x036e8533) mul     a0, t4, s6
core   0: 3 0x8000dde2 (0x036e8533) x10 0xfffffff9
core   0: 0x8000dde6 (0x41fd09b3) sub     s3, s10, t6
core   0: 3 0x8000dde6 (0x41fd09b3) x19 0x7ffedec3
core   0: 0x8000ddea (0x01cdc6b3) xor     a3, s11, t3
core   0: 3 0x8000ddea (0x01cdc6b3) x13 0x9fcb7f3f
core   0: 0x8000ddee (0xff600193) li      gp, -10
core   0: 3 0x8000ddee (0xff600193) x 3 0xfffffff6
core   0: 0x8000ddf2 (0x00008f91) c.sub   a5, a2
core   0: 3 0x8000ddf2 (0x8f91) x15 0x00000640
core   0: 0x8000ddf4 (0x00800b93) li      s7, 8
core   0: 3 0x8000ddf4 (0x00800b93) x23 0x00000008
core   0: 0x8000ddf8 (0xb825b2b7) lui     t0, 0xb825b
core   0: 3 0x8000ddf8 (0xb825b2b7) x 5 0xb825b000
core   0: 0x8000ddfc (0x0000100f) fence.i
core   0: 3 0x8000ddfc (0x0000100f)
core   0: 0x8000de00 (0x0bdc0e37) lui     t3, 0xbdc0
core   0: 3 0x8000de00 (0x0bdc0e37) x28 0x0bdc0000
core   0: 0x8000de04 (0x997b6493) ori     s1, s6, -1641
core   0: 3 0x8000de04 (0x997b6493) x 9 0xffffffff
core   0: 0x8000de08 (0x00008e11) c.sub   a2, a2
core   0: 3 0x8000de08 (0x8e11) x12 0x00000000
core   0: 0x8000de0a (0x00008ef9) c.and   a3, a4
core   0: 3 0x8000de0a (0x8ef9) x13 0x00000001
core   0: 0x8000de0c (0x033329b3) mulhsu  s3, t1, s3
core   0: 3 0x8000de0c (0x033329b3) x19 0x00000000
core   0: 0x8000de10 (0x00000001) c.nop
core   0: 3 0x8000de10 (0x0001)
core   0: 0x8000de12 (0x014aedb3) or      s11, s5, s4
core   0: 3 0x8000de12 (0x014aedb3) x27 0x94177f3f
core   0: 0x8000de16 (0x00000199) c.addi  gp, 6
core   0: 3 0x8000de16 (0x0199) x 3 0xfffffffc
core   0: 0x8000de18 (0x00008d09) c.sub   a0, a0
core   0: 3 0x8000de18 (0x8d09) x10 0x00000000
core   0: 0x8000de1a (0xff71c9e3) blt     gp, s7, pc - 14
core   0: 3 0x8000de1a (0xff71c9e3)
core   0: 0x8000de0c (0x033329b3) mulhsu  s3, t1, s3
core   0: 3 0x8000de0c (0x033329b3) x19 0x00000000
core   0: 0x8000de10 (0x00000001) c.nop
core   0: 3 0x8000de10 (0x0001)
core   0: 0x8000de12 (0x014aedb3) or      s11, s5, s4
core   0: 3 0x8000de12 (0x014aedb3) x27 0x94177f3f
core   0: 0x8000de16 (0x00000199) c.addi  gp, 6
core   0: 3 0x8000de16 (0x0199) x 3 0x00000002
core   0: 0x8000de18 (0x00008d09) c.sub   a0, a0
core   0: 3 0x8000de18 (0x8d09) x10 0x00000000
core   0: 0x8000de1a (0xff71c9e3) blt     gp, s7, pc - 14
core   0: 3 0x8000de1a (0xff71c9e3)
core   0: 0x8000de0c (0x033329b3) mulhsu  s3, t1, s3
core   0: 3 0x8000de0c (0x033329b3) x19 0x00000000
core   0: 0x8000de10 (0x00000001) c.nop
core   0: 3 0x8000de10 (0x0001)
core   0: 0x8000de12 (0x014aedb3) or      s11, s5, s4
core   0: 3 0x8000de12 (0x014aedb3) x27 0x94177f3f
core   0: 0x8000de16 (0x00000199) c.addi  gp, 6
core   0: 3 0x8000de16 (0x0199) x 3 0x00000008
core   0: 0x8000de18 (0x00008d09) c.sub   a0, a0
core   0: 3 0x8000de18 (0x8d09) x10 0x00000000
core   0: 0x8000de1a (0xff71c9e3) blt     gp, s7, pc - 14
core   0: 3 0x8000de1a (0xff71c9e3)
core   0: 0x8000de1e (0x03a91633) mulh    a2, s2, s10
core   0: 3 0x8000de1e (0x03a91633) x12 0x00000000
core   0: 0x8000de22 (0x00000001) c.nop
core   0: 3 0x8000de22 (0x0001)
core   0: 0x8000de24 (0x40a68333) sub     t1, a3, a0
core   0: 3 0x8000de24 (0x40a68333) x 6 0x00000001
core   0: 0x8000de28 (0xfae814e3) bne     a6, a4, pc - 88
core   0: 3 0x8000de28 (0xfae814e3)
core   0: 0x8000ddd0 (0x00d90d33) add     s10, s2, a3
core   0: 3 0x8000ddd0 (0x00d90d33) x26 0x0000004e
core   0: 0x8000ddd4 (0x41cddb13) srai    s6, s11, 28
core   0: 3 0x8000ddd4 (0x41cddb13) x22 0xfffffff9
core   0: 0x8000ddd8 (0x00000805) c.addi  a6, 1
core   0: 3 0x8000ddd8 (0x0805) x16 0xfffffffc
core   0: 0x8000ddda (0x642b7793) andi    a5, s6, 1602
core   0: 3 0x8000ddda (0x642b7793) x15 0x00000640
core   0: 0x8000ddde (0x410980b3) sub     ra, s3, a6
core   0: 3 0x8000ddde (0x410980b3) x 1 0x00000004
core   0: 0x8000dde2 (0x036e8533) mul     a0, t4, s6
core   0: 3 0x8000dde2 (0x036e8533) x10 0xfffffff9
core   0: 0x8000dde6 (0x41fd09b3) sub     s3, s10, t6
core   0: 3 0x8000dde6 (0x41fd09b3) x19 0x7ffedec3
core   0: 0x8000ddea (0x01cdc6b3) xor     a3, s11, t3
core   0: 3 0x8000ddea (0x01cdc6b3) x13 0x9fcb7f3f
core   0: 0x8000ddee (0xff600193) li      gp, -10
core   0: 3 0x8000ddee (0xff600193) x 3 0xfffffff6
core   0: 0x8000ddf2 (0x00008f91) c.sub   a5, a2
core   0: 3 0x8000ddf2 (0x8f91) x15 0x00000640
core   0: 0x8000ddf4 (0x00800b93) li      s7, 8
core   0: 3 0x8000ddf4 (0x00800b93) x23 0x00000008
core   0: 0x8000ddf8 (0xb825b2b7) lui     t0, 0xb825b
core   0: 3 0x8000ddf8 (0xb825b2b7) x 5 0xb825b000
core   0: 0x8000ddfc (0x0000100f) fence.i
core   0: 3 0x8000ddfc (0x0000100f)
core   0: 0x8000de00 (0x0bdc0e37) lui     t3, 0xbdc0
core   0: 3 0x8000de00 (0x0bdc0e37) x28 0x0bdc0000
core   0: 0x8000de04 (0x997b6493) ori     s1, s6, -1641
core   0: 3 0x8000de04 (0x997b6493) x 9 0xffffffff
core   0: 0x8000de08 (0x00008e11) c.sub   a2, a2
core   0: 3 0x8000de08 (0x8e11) x12 0x00000000
core   0: 0x8000de0a (0x00008ef9) c.and   a3, a4
core   0: 3 0x8000de0a (0x8ef9) x13 0x00000001
core   0: 0x8000de0c (0x033329b3) mulhsu  s3, t1, s3
core   0: 3 0x8000de0c (0x033329b3) x19 0x00000000
core   0: 0x8000de10 (0x00000001) c.nop
core   0: 3 0x8000de10 (0x0001)
core   0: 0x8000de12 (0x014aedb3) or      s11, s5, s4
core   0: 3 0x8000de12 (0x014aedb3) x27 0x94177f3f
core   0: 0x8000de16 (0x00000199) c.addi  gp, 6
core   0: 3 0x8000de16 (0x0199) x 3 0xfffffffc
core   0: 0x8000de18 (0x00008d09) c.sub   a0, a0
core   0: 3 0x8000de18 (0x8d09) x10 0x00000000
core   0: 0x8000de1a (0xff71c9e3) blt     gp, s7, pc - 14
core   0: 3 0x8000de1a (0xff71c9e3)
core   0: 0x8000de0c (0x033329b3) mulhsu  s3, t1, s3
core   0: 3 0x8000de0c (0x033329b3) x19 0x00000000
core   0: 0x8000de10 (0x00000001) c.nop
core   0: 3 0x8000de10 (0x0001)
core   0: 0x8000de12 (0x014aedb3) or      s11, s5, s4
core   0: 3 0x8000de12 (0x014aedb3) x27 0x94177f3f
core   0: 0x8000de16 (0x00000199) c.addi  gp, 6
core   0: 3 0x8000de16 (0x0199) x 3 0x00000002
core   0: 0x8000de18 (0x00008d09) c.sub   a0, a0
core   0: 3 0x8000de18 (0x8d09) x10 0x00000000
core   0: 0x8000de1a (0xff71c9e3) blt     gp, s7, pc - 14
core   0: 3 0x8000de1a (0xff71c9e3)
core   0: 0x8000de0c (0x033329b3) mulhsu  s3, t1, s3
core   0: 3 0x8000de0c (0x033329b3) x19 0x00000000
core   0: 0x8000de10 (0x00000001) c.nop
core   0: 3 0x8000de10 (0x0001)
core   0: 0x8000de12 (0x014aedb3) or      s11, s5, s4
core   0: 3 0x8000de12 (0x014aedb3) x27 0x94177f3f
core   0: 0x8000de16 (0x00000199) c.addi  gp, 6
core   0: 3 0x8000de16 (0x0199) x 3 0x00000008
core   0: 0x8000de18 (0x00008d09) c.sub   a0, a0
core   0: 3 0x8000de18 (0x8d09) x10 0x00000000
core   0: 0x8000de1a (0xff71c9e3) blt     gp, s7, pc - 14
core   0: 3 0x8000de1a (0xff71c9e3)
core   0: 0x8000de1e (0x03a91633) mulh    a2, s2, s10
core   0: 3 0x8000de1e (0x03a91633) x12 0x00000000
core   0: 0x8000de22 (0x00000001) c.nop
core   0: 3 0x8000de22 (0x0001)
core   0: 0x8000de24 (0x40a68333) sub     t1, a3, a0
core   0: 3 0x8000de24 (0x40a68333) x 6 0x00000001
core   0: 0x8000de28 (0xfae814e3) bne     a6, a4, pc - 88
core   0: 3 0x8000de28 (0xfae814e3)
core   0: 0x8000ddd0 (0x00d90d33) add     s10, s2, a3
core   0: 3 0x8000ddd0 (0x00d90d33) x26 0x0000004e
core   0: 0x8000ddd4 (0x41cddb13) srai    s6, s11, 28
core   0: 3 0x8000ddd4 (0x41cddb13) x22 0xfffffff9
core   0: 0x8000ddd8 (0x00000805) c.addi  a6, 1
core   0: 3 0x8000ddd8 (0x0805) x16 0xfffffffd
core   0: 0x8000ddda (0x642b7793) andi    a5, s6, 1602
core   0: 3 0x8000ddda (0x642b7793) x15 0x00000640
core   0: 0x8000ddde (0x410980b3) sub     ra, s3, a6
core   0: 3 0x8000ddde (0x410980b3) x 1 0x00000003
core   0: 0x8000dde2 (0x036e8533) mul     a0, t4, s6
core   0: 3 0x8000dde2 (0x036e8533) x10 0xfffffff9
core   0: 0x8000dde6 (0x41fd09b3) sub     s3, s10, t6
core   0: 3 0x8000dde6 (0x41fd09b3) x19 0x7ffedec3
core   0: 0x8000ddea (0x01cdc6b3) xor     a3, s11, t3
core   0: 3 0x8000ddea (0x01cdc6b3) x13 0x9fcb7f3f
core   0: 0x8000ddee (0xff600193) li      gp, -10
core   0: 3 0x8000ddee (0xff600193) x 3 0xfffffff6
core   0: 0x8000ddf2 (0x00008f91) c.sub   a5, a2
core   0: 3 0x8000ddf2 (0x8f91) x15 0x00000640
core   0: 0x8000ddf4 (0x00800b93) li      s7, 8
core   0: 3 0x8000ddf4 (0x00800b93) x23 0x00000008
core   0: 0x8000ddf8 (0xb825b2b7) lui     t0, 0xb825b
core   0: 3 0x8000ddf8 (0xb825b2b7) x 5 0xb825b000
core   0: 0x8000ddfc (0x0000100f) fence.i
core   0: 3 0x8000ddfc (0x0000100f)
core   0: 0x8000de00 (0x0bdc0e37) lui     t3, 0xbdc0
core   0: 3 0x8000de00 (0x0bdc0e37) x28 0x0bdc0000
core   0: 0x8000de04 (0x997b6493) ori     s1, s6, -1641
core   0: 3 0x8000de04 (0x997b6493) x 9 0xffffffff
core   0: 0x8000de08 (0x00008e11) c.sub   a2, a2
core   0: 3 0x8000de08 (0x8e11) x12 0x00000000
core   0: 0x8000de0a (0x00008ef9) c.and   a3, a4
core   0: 3 0x8000de0a (0x8ef9) x13 0x00000001
core   0: 0x8000de0c (0x033329b3) mulhsu  s3, t1, s3
core   0: 3 0x8000de0c (0x033329b3) x19 0x00000000
core   0: 0x8000de10 (0x00000001) c.nop
core   0: 3 0x8000de10 (0x0001)
core   0: 0x8000de12 (0x014aedb3) or      s11, s5, s4
core   0: 3 0x8000de12 (0x014aedb3) x27 0x94177f3f
core   0: 0x8000de16 (0x00000199) c.addi  gp, 6
core   0: 3 0x8000de16 (0x0199) x 3 0xfffffffc
core   0: 0x8000de18 (0x00008d09) c.sub   a0, a0
core   0: 3 0x8000de18 (0x8d09) x10 0x00000000
core   0: 0x8000de1a (0xff71c9e3) blt     gp, s7, pc - 14
core   0: 3 0x8000de1a (0xff71c9e3)
core   0: 0x8000de0c (0x033329b3) mulhsu  s3, t1, s3
core   0: 3 0x8000de0c (0x033329b3) x19 0x00000000
core   0: 0x8000de10 (0x00000001) c.nop
core   0: 3 0x8000de10 (0x0001)
core   0: 0x8000de12 (0x014aedb3) or      s11, s5, s4
core   0: 3 0x8000de12 (0x014aedb3) x27 0x94177f3f
core   0: 0x8000de16 (0x00000199) c.addi  gp, 6
core   0: 3 0x8000de16 (0x0199) x 3 0x00000002
core   0: 0x8000de18 (0x00008d09) c.sub   a0, a0
core   0: 3 0x8000de18 (0x8d09) x10 0x00000000
core   0: 0x8000de1a (0xff71c9e3) blt     gp, s7, pc - 14
core   0: 3 0x8000de1a (0xff71c9e3)
core   0: 0x8000de0c (0x033329b3) mulhsu  s3, t1, s3
core   0: 3 0x8000de0c (0x033329b3) x19 0x00000000
core   0: 0x8000de10 (0x00000001) c.nop
core   0: 3 0x8000de10 (0x0001)
core   0: 0x8000de12 (0x014aedb3) or      s11, s5, s4
core   0: 3 0x8000de12 (0x014aedb3) x27 0x94177f3f
core   0: 0x8000de16 (0x00000199) c.addi  gp, 6
core   0: 3 0x8000de16 (0x0199) x 3 0x00000008
core   0: 0x8000de18 (0x00008d09) c.sub   a0, a0
core   0: 3 0x8000de18 (0x8d09) x10 0x00000000
core   0: 0x8000de1a (0xff71c9e3) blt     gp, s7, pc - 14
core   0: 3 0x8000de1a (0xff71c9e3)
core   0: 0x8000de1e (0x03a91633) mulh    a2, s2, s10
core   0: 3 0x8000de1e (0x03a91633) x12 0x00000000
core   0: 0x8000de22 (0x00000001) c.nop
core   0: 3 0x8000de22 (0x0001)
core   0: 0x8000de24 (0x40a68333) sub     t1, a3, a0
core   0: 3 0x8000de24 (0x40a68333) x 6 0x00000001
core   0: 0x8000de28 (0xfae814e3) bne     a6, a4, pc - 88
core   0: 3 0x8000de28 (0xfae814e3)
core   0: 0x8000ddd0 (0x00d90d33) add     s10, s2, a3
core   0: 3 0x8000ddd0 (0x00d90d33) x26 0x0000004e
core   0: 0x8000ddd4 (0x41cddb13) srai    s6, s11, 28
core   0: 3 0x8000ddd4 (0x41cddb13) x22 0xfffffff9
core   0: 0x8000ddd8 (0x00000805) c.addi  a6, 1
core   0: 3 0x8000ddd8 (0x0805) x16 0xfffffffe
core   0: 0x8000ddda (0x642b7793) andi    a5, s6, 1602
core   0: 3 0x8000ddda (0x642b7793) x15 0x00000640
core   0: 0x8000ddde (0x410980b3) sub     ra, s3, a6
core   0: 3 0x8000ddde (0x410980b3) x 1 0x00000002
core   0: 0x8000dde2 (0x036e8533) mul     a0, t4, s6
core   0: 3 0x8000dde2 (0x036e8533) x10 0xfffffff9
core   0: 0x8000dde6 (0x41fd09b3) sub     s3, s10, t6
core   0: 3 0x8000dde6 (0x41fd09b3) x19 0x7ffedec3
core   0: 0x8000ddea (0x01cdc6b3) xor     a3, s11, t3
core   0: 3 0x8000ddea (0x01cdc6b3) x13 0x9fcb7f3f
core   0: 0x8000ddee (0xff600193) li      gp, -10
core   0: 3 0x8000ddee (0xff600193) x 3 0xfffffff6
core   0: 0x8000ddf2 (0x00008f91) c.sub   a5, a2
core   0: 3 0x8000ddf2 (0x8f91) x15 0x00000640
core   0: 0x8000ddf4 (0x00800b93) li      s7, 8
core   0: 3 0x8000ddf4 (0x00800b93) x23 0x00000008
core   0: 0x8000ddf8 (0xb825b2b7) lui     t0, 0xb825b
core   0: 3 0x8000ddf8 (0xb825b2b7) x 5 0xb825b000
core   0: 0x8000ddfc (0x0000100f) fence.i
core   0: 3 0x8000ddfc (0x0000100f)
core   0: 0x8000de00 (0x0bdc0e37) lui     t3, 0xbdc0
core   0: 3 0x8000de00 (0x0bdc0e37) x28 0x0bdc0000
core   0: 0x8000de04 (0x997b6493) ori     s1, s6, -1641
core   0: 3 0x8000de04 (0x997b6493) x 9 0xffffffff
core   0: 0x8000de08 (0x00008e11) c.sub   a2, a2
core   0: 3 0x8000de08 (0x8e11) x12 0x00000000
core   0: 0x8000de0a (0x00008ef9) c.and   a3, a4
core   0: 3 0x8000de0a (0x8ef9) x13 0x00000001
core   0: 0x8000de0c (0x033329b3) mulhsu  s3, t1, s3
core   0: 3 0x8000de0c (0x033329b3) x19 0x00000000
core   0: 0x8000de10 (0x00000001) c.nop
core   0: 3 0x8000de10 (0x0001)
core   0: 0x8000de12 (0x014aedb3) or      s11, s5, s4
core   0: 3 0x8000de12 (0x014aedb3) x27 0x94177f3f
core   0: 0x8000de16 (0x00000199) c.addi  gp, 6
core   0: 3 0x8000de16 (0x0199) x 3 0xfffffffc
core   0: 0x8000de18 (0x00008d09) c.sub   a0, a0
core   0: 3 0x8000de18 (0x8d09) x10 0x00000000
core   0: 0x8000de1a (0xff71c9e3) blt     gp, s7, pc - 14
core   0: 3 0x8000de1a (0xff71c9e3)
core   0: 0x8000de0c (0x033329b3) mulhsu  s3, t1, s3
core   0: 3 0x8000de0c (0x033329b3) x19 0x00000000
core   0: 0x8000de10 (0x00000001) c.nop
core   0: 3 0x8000de10 (0x0001)
core   0: 0x8000de12 (0x014aedb3) or      s11, s5, s4
core   0: 3 0x8000de12 (0x014aedb3) x27 0x94177f3f
core   0: 0x8000de16 (0x00000199) c.addi  gp, 6
core   0: 3 0x8000de16 (0x0199) x 3 0x00000002
core   0: 0x8000de18 (0x00008d09) c.sub   a0, a0
core   0: 3 0x8000de18 (0x8d09) x10 0x00000000
core   0: 0x8000de1a (0xff71c9e3) blt     gp, s7, pc - 14
core   0: 3 0x8000de1a (0xff71c9e3)
core   0: 0x8000de0c (0x033329b3) mulhsu  s3, t1, s3
core   0: 3 0x8000de0c (0x033329b3) x19 0x00000000
core   0: 0x8000de10 (0x00000001) c.nop
core   0: 3 0x8000de10 (0x0001)
core   0: 0x8000de12 (0x014aedb3) or      s11, s5, s4
core   0: 3 0x8000de12 (0x014aedb3) x27 0x94177f3f
core   0: 0x8000de16 (0x00000199) c.addi  gp, 6
core   0: 3 0x8000de16 (0x0199) x 3 0x00000008
core   0: 0x8000de18 (0x00008d09) c.sub   a0, a0
core   0: 3 0x8000de18 (0x8d09) x10 0x00000000
core   0: 0x8000de1a (0xff71c9e3) blt     gp, s7, pc - 14
core   0: 3 0x8000de1a (0xff71c9e3)
core   0: 0x8000de1e (0x03a91633) mulh    a2, s2, s10
core   0: 3 0x8000de1e (0x03a91633) x12 0x00000000
core   0: 0x8000de22 (0x00000001) c.nop
core   0: 3 0x8000de22 (0x0001)
core   0: 0x8000de24 (0x40a68333) sub     t1, a3, a0
core   0: 3 0x8000de24 (0x40a68333) x 6 0x00000001
core   0: 0x8000de28 (0xfae814e3) bne     a6, a4, pc - 88
core   0: 3 0x8000de28 (0xfae814e3)
core   0: 0x8000ddd0 (0x00d90d33) add     s10, s2, a3
core   0: 3 0x8000ddd0 (0x00d90d33) x26 0x0000004e
core   0: 0x8000ddd4 (0x41cddb13) srai    s6, s11, 28
core   0: 3 0x8000ddd4 (0x41cddb13) x22 0xfffffff9
core   0: 0x8000ddd8 (0x00000805) c.addi  a6, 1
core   0: 3 0x8000ddd8 (0x0805) x16 0xffffffff
core   0: 0x8000ddda (0x642b7793) andi    a5, s6, 1602
core   0: 3 0x8000ddda (0x642b7793) x15 0x00000640
core   0: 0x8000ddde (0x410980b3) sub     ra, s3, a6
core   0: 3 0x8000ddde (0x410980b3) x 1 0x00000001
core   0: 0x8000dde2 (0x036e8533) mul     a0, t4, s6
core   0: 3 0x8000dde2 (0x036e8533) x10 0xfffffff9
core   0: 0x8000dde6 (0x41fd09b3) sub     s3, s10, t6
core   0: 3 0x8000dde6 (0x41fd09b3) x19 0x7ffedec3
core   0: 0x8000ddea (0x01cdc6b3) xor     a3, s11, t3
core   0: 3 0x8000ddea (0x01cdc6b3) x13 0x9fcb7f3f
core   0: 0x8000ddee (0xff600193) li      gp, -10
core   0: 3 0x8000ddee (0xff600193) x 3 0xfffffff6
core   0: 0x8000ddf2 (0x00008f91) c.sub   a5, a2
core   0: 3 0x8000ddf2 (0x8f91) x15 0x00000640
core   0: 0x8000ddf4 (0x00800b93) li      s7, 8
core   0: 3 0x8000ddf4 (0x00800b93) x23 0x00000008
core   0: 0x8000ddf8 (0xb825b2b7) lui     t0, 0xb825b
core   0: 3 0x8000ddf8 (0xb825b2b7) x 5 0xb825b000
core   0: 0x8000ddfc (0x0000100f) fence.i
core   0: 3 0x8000ddfc (0x0000100f)
core   0: 0x8000de00 (0x0bdc0e37) lui     t3, 0xbdc0
core   0: 3 0x8000de00 (0x0bdc0e37) x28 0x0bdc0000
core   0: 0x8000de04 (0x997b6493) ori     s1, s6, -1641
core   0: 3 0x8000de04 (0x997b6493) x 9 0xffffffff
core   0: 0x8000de08 (0x00008e11) c.sub   a2, a2
core   0: 3 0x8000de08 (0x8e11) x12 0x00000000
core   0: 0x8000de0a (0x00008ef9) c.and   a3, a4
core   0: 3 0x8000de0a (0x8ef9) x13 0x00000001
core   0: 0x8000de0c (0x033329b3) mulhsu  s3, t1, s3
core   0: 3 0x8000de0c (0x033329b3) x19 0x00000000
core   0: 0x8000de10 (0x00000001) c.nop
core   0: 3 0x8000de10 (0x0001)
core   0: 0x8000de12 (0x014aedb3) or      s11, s5, s4
core   0: 3 0x8000de12 (0x014aedb3) x27 0x94177f3f
core   0: 0x8000de16 (0x00000199) c.addi  gp, 6
core   0: 3 0x8000de16 (0x0199) x 3 0xfffffffc
core   0: 0x8000de18 (0x00008d09) c.sub   a0, a0
core   0: 3 0x8000de18 (0x8d09) x10 0x00000000
core   0: 0x8000de1a (0xff71c9e3) blt     gp, s7, pc - 14
core   0: 3 0x8000de1a (0xff71c9e3)
core   0: 0x8000de0c (0x033329b3) mulhsu  s3, t1, s3
core   0: 3 0x8000de0c (0x033329b3) x19 0x00000000
core   0: 0x8000de10 (0x00000001) c.nop
core   0: 3 0x8000de10 (0x0001)
core   0: 0x8000de12 (0x014aedb3) or      s11, s5, s4
core   0: 3 0x8000de12 (0x014aedb3) x27 0x94177f3f
core   0: 0x8000de16 (0x00000199) c.addi  gp, 6
core   0: 3 0x8000de16 (0x0199) x 3 0x00000002
core   0: 0x8000de18 (0x00008d09) c.sub   a0, a0
core   0: 3 0x8000de18 (0x8d09) x10 0x00000000
core   0: 0x8000de1a (0xff71c9e3) blt     gp, s7, pc - 14
core   0: 3 0x8000de1a (0xff71c9e3)
core   0: 0x8000de0c (0x033329b3) mulhsu  s3, t1, s3
core   0: 3 0x8000de0c (0x033329b3) x19 0x00000000
core   0: 0x8000de10 (0x00000001) c.nop
core   0: 3 0x8000de10 (0x0001)
core   0: 0x8000de12 (0x014aedb3) or      s11, s5, s4
core   0: 3 0x8000de12 (0x014aedb3) x27 0x94177f3f
core   0: 0x8000de16 (0x00000199) c.addi  gp, 6
core   0: 3 0x8000de16 (0x0199) x 3 0x00000008
core   0: 0x8000de18 (0x00008d09) c.sub   a0, a0
core   0: 3 0x8000de18 (0x8d09) x10 0x00000000
core   0: 0x8000de1a (0xff71c9e3) blt     gp, s7, pc - 14
core   0: 3 0x8000de1a (0xff71c9e3)
core   0: 0x8000de1e (0x03a91633) mulh    a2, s2, s10
core   0: 3 0x8000de1e (0x03a91633) x12 0x00000000
core   0: 0x8000de22 (0x00000001) c.nop
core   0: 3 0x8000de22 (0x0001)
core   0: 0x8000de24 (0x40a68333) sub     t1, a3, a0
core   0: 3 0x8000de24 (0x40a68333) x 6 0x00000001
core   0: 0x8000de28 (0xfae814e3) bne     a6, a4, pc - 88
core   0: 3 0x8000de28 (0xfae814e3)
core   0: 0x8000ddd0 (0x00d90d33) add     s10, s2, a3
core   0: 3 0x8000ddd0 (0x00d90d33) x26 0x0000004e
core   0: 0x8000ddd4 (0x41cddb13) srai    s6, s11, 28
core   0: 3 0x8000ddd4 (0x41cddb13) x22 0xfffffff9
core   0: 0x8000ddd8 (0x00000805) c.addi  a6, 1
core   0: 3 0x8000ddd8 (0x0805) x16 0x00000000
core   0: 0x8000ddda (0x642b7793) andi    a5, s6, 1602
core   0: 3 0x8000ddda (0x642b7793) x15 0x00000640
core   0: 0x8000ddde (0x410980b3) sub     ra, s3, a6
core   0: 3 0x8000ddde (0x410980b3) x 1 0x00000000
core   0: 0x8000dde2 (0x036e8533) mul     a0, t4, s6
core   0: 3 0x8000dde2 (0x036e8533) x10 0xfffffff9
core   0: 0x8000dde6 (0x41fd09b3) sub     s3, s10, t6
core   0: 3 0x8000dde6 (0x41fd09b3) x19 0x7ffedec3
core   0: 0x8000ddea (0x01cdc6b3) xor     a3, s11, t3
core   0: 3 0x8000ddea (0x01cdc6b3) x13 0x9fcb7f3f
core   0: 0x8000ddee (0xff600193) li      gp, -10
core   0: 3 0x8000ddee (0xff600193) x 3 0xfffffff6
core   0: 0x8000ddf2 (0x00008f91) c.sub   a5, a2
core   0: 3 0x8000ddf2 (0x8f91) x15 0x00000640
core   0: 0x8000ddf4 (0x00800b93) li      s7, 8
core   0: 3 0x8000ddf4 (0x00800b93) x23 0x00000008
core   0: 0x8000ddf8 (0xb825b2b7) lui     t0, 0xb825b
core   0: 3 0x8000ddf8 (0xb825b2b7) x 5 0xb825b000
core   0: 0x8000ddfc (0x0000100f) fence.i
core   0: 3 0x8000ddfc (0x0000100f)
core   0: 0x8000de00 (0x0bdc0e37) lui     t3, 0xbdc0
core   0: 3 0x8000de00 (0x0bdc0e37) x28 0x0bdc0000
core   0: 0x8000de04 (0x997b6493) ori     s1, s6, -1641
core   0: 3 0x8000de04 (0x997b6493) x 9 0xffffffff
core   0: 0x8000de08 (0x00008e11) c.sub   a2, a2
core   0: 3 0x8000de08 (0x8e11) x12 0x00000000
core   0: 0x8000de0a (0x00008ef9) c.and   a3, a4
core   0: 3 0x8000de0a (0x8ef9) x13 0x00000001
core   0: 0x8000de0c (0x033329b3) mulhsu  s3, t1, s3
core   0: 3 0x8000de0c (0x033329b3) x19 0x00000000
core   0: 0x8000de10 (0x00000001) c.nop
core   0: 3 0x8000de10 (0x0001)
core   0: 0x8000de12 (0x014aedb3) or      s11, s5, s4
core   0: 3 0x8000de12 (0x014aedb3) x27 0x94177f3f
core   0: 0x8000de16 (0x00000199) c.addi  gp, 6
core   0: 3 0x8000de16 (0x0199) x 3 0xfffffffc
core   0: 0x8000de18 (0x00008d09) c.sub   a0, a0
core   0: 3 0x8000de18 (0x8d09) x10 0x00000000
core   0: 0x8000de1a (0xff71c9e3) blt     gp, s7, pc - 14
core   0: 3 0x8000de1a (0xff71c9e3)
core   0: 0x8000de0c (0x033329b3) mulhsu  s3, t1, s3
core   0: 3 0x8000de0c (0x033329b3) x19 0x00000000
core   0: 0x8000de10 (0x00000001) c.nop
core   0: 3 0x8000de10 (0x0001)
core   0: 0x8000de12 (0x014aedb3) or      s11, s5, s4
core   0: 3 0x8000de12 (0x014aedb3) x27 0x94177f3f
core   0: 0x8000de16 (0x00000199) c.addi  gp, 6
core   0: 3 0x8000de16 (0x0199) x 3 0x00000002
core   0: 0x8000de18 (0x00008d09) c.sub   a0, a0
core   0: 3 0x8000de18 (0x8d09) x10 0x00000000
core   0: 0x8000de1a (0xff71c9e3) blt     gp, s7, pc - 14
core   0: 3 0x8000de1a (0xff71c9e3)
core   0: 0x8000de0c (0x033329b3) mulhsu  s3, t1, s3
core   0: 3 0x8000de0c (0x033329b3) x19 0x00000000
core   0: 0x8000de10 (0x00000001) c.nop
core   0: 3 0x8000de10 (0x0001)
core   0: 0x8000de12 (0x014aedb3) or      s11, s5, s4
core   0: 3 0x8000de12 (0x014aedb3) x27 0x94177f3f
core   0: 0x8000de16 (0x00000199) c.addi  gp, 6
core   0: 3 0x8000de16 (0x0199) x 3 0x00000008
core   0: 0x8000de18 (0x00008d09) c.sub   a0, a0
core   0: 3 0x8000de18 (0x8d09) x10 0x00000000
core   0: 0x8000de1a (0xff71c9e3) blt     gp, s7, pc - 14
core   0: 3 0x8000de1a (0xff71c9e3)
core   0: 0x8000de1e (0x03a91633) mulh    a2, s2, s10
core   0: 3 0x8000de1e (0x03a91633) x12 0x00000000
core   0: 0x8000de22 (0x00000001) c.nop
core   0: 3 0x8000de22 (0x0001)
core   0: 0x8000de24 (0x40a68333) sub     t1, a3, a0
core   0: 3 0x8000de24 (0x40a68333) x 6 0x00000001
core   0: 0x8000de28 (0xfae814e3) bne     a6, a4, pc - 88
core   0: 3 0x8000de28 (0xfae814e3)
core   0: 0x8000ddd0 (0x00d90d33) add     s10, s2, a3
core   0: 3 0x8000ddd0 (0x00d90d33) x26 0x0000004e
core   0: 0x8000ddd4 (0x41cddb13) srai    s6, s11, 28
core   0: 3 0x8000ddd4 (0x41cddb13) x22 0xfffffff9
core   0: 0x8000ddd8 (0x00000805) c.addi  a6, 1
core   0: 3 0x8000ddd8 (0x0805) x16 0x00000001
core   0: 0x8000ddda (0x642b7793) andi    a5, s6, 1602
core   0: 3 0x8000ddda (0x642b7793) x15 0x00000640
core   0: 0x8000ddde (0x410980b3) sub     ra, s3, a6
core   0: 3 0x8000ddde (0x410980b3) x 1 0xffffffff
core   0: 0x8000dde2 (0x036e8533) mul     a0, t4, s6
core   0: 3 0x8000dde2 (0x036e8533) x10 0xfffffff9
core   0: 0x8000dde6 (0x41fd09b3) sub     s3, s10, t6
core   0: 3 0x8000dde6 (0x41fd09b3) x19 0x7ffedec3
core   0: 0x8000ddea (0x01cdc6b3) xor     a3, s11, t3
core   0: 3 0x8000ddea (0x01cdc6b3) x13 0x9fcb7f3f
core   0: 0x8000ddee (0xff600193) li      gp, -10
core   0: 3 0x8000ddee (0xff600193) x 3 0xfffffff6
core   0: 0x8000ddf2 (0x00008f91) c.sub   a5, a2
core   0: 3 0x8000ddf2 (0x8f91) x15 0x00000640
core   0: 0x8000ddf4 (0x00800b93) li      s7, 8
core   0: 3 0x8000ddf4 (0x00800b93) x23 0x00000008
core   0: 0x8000ddf8 (0xb825b2b7) lui     t0, 0xb825b
core   0: 3 0x8000ddf8 (0xb825b2b7) x 5 0xb825b000
core   0: 0x8000ddfc (0x0000100f) fence.i
core   0: 3 0x8000ddfc (0x0000100f)
core   0: 0x8000de00 (0x0bdc0e37) lui     t3, 0xbdc0
core   0: 3 0x8000de00 (0x0bdc0e37) x28 0x0bdc0000
core   0: 0x8000de04 (0x997b6493) ori     s1, s6, -1641
core   0: 3 0x8000de04 (0x997b6493) x 9 0xffffffff
core   0: 0x8000de08 (0x00008e11) c.sub   a2, a2
core   0: 3 0x8000de08 (0x8e11) x12 0x00000000
core   0: 0x8000de0a (0x00008ef9) c.and   a3, a4
core   0: 3 0x8000de0a (0x8ef9) x13 0x00000001
core   0: 0x8000de0c (0x033329b3) mulhsu  s3, t1, s3
core   0: 3 0x8000de0c (0x033329b3) x19 0x00000000
core   0: 0x8000de10 (0x00000001) c.nop
core   0: 3 0x8000de10 (0x0001)
core   0: 0x8000de12 (0x014aedb3) or      s11, s5, s4
core   0: 3 0x8000de12 (0x014aedb3) x27 0x94177f3f
core   0: 0x8000de16 (0x00000199) c.addi  gp, 6
core   0: 3 0x8000de16 (0x0199) x 3 0xfffffffc
core   0: 0x8000de18 (0x00008d09) c.sub   a0, a0
core   0: 3 0x8000de18 (0x8d09) x10 0x00000000
core   0: 0x8000de1a (0xff71c9e3) blt     gp, s7, pc - 14
core   0: 3 0x8000de1a (0xff71c9e3)
core   0: 0x8000de0c (0x033329b3) mulhsu  s3, t1, s3
core   0: 3 0x8000de0c (0x033329b3) x19 0x00000000
core   0: 0x8000de10 (0x00000001) c.nop
core   0: 3 0x8000de10 (0x0001)
core   0: 0x8000de12 (0x014aedb3) or      s11, s5, s4
core   0: 3 0x8000de12 (0x014aedb3) x27 0x94177f3f
core   0: 0x8000de16 (0x00000199) c.addi  gp, 6
core   0: 3 0x8000de16 (0x0199) x 3 0x00000002
core   0: 0x8000de18 (0x00008d09) c.sub   a0, a0
core   0: 3 0x8000de18 (0x8d09) x10 0x00000000
core   0: 0x8000de1a (0xff71c9e3) blt     gp, s7, pc - 14
core   0: 3 0x8000de1a (0xff71c9e3)
core   0: 0x8000de0c (0x033329b3) mulhsu  s3, t1, s3
core   0: 3 0x8000de0c (0x033329b3) x19 0x00000000
core   0: 0x8000de10 (0x00000001) c.nop
core   0: 3 0x8000de10 (0x0001)
core   0: 0x8000de12 (0x014aedb3) or      s11, s5, s4
core   0: 3 0x8000de12 (0x014aedb3) x27 0x94177f3f
core   0: 0x8000de16 (0x00000199) c.addi  gp, 6
core   0: 3 0x8000de16 (0x0199) x 3 0x00000008
core   0: 0x8000de18 (0x00008d09) c.sub   a0, a0
core   0: 3 0x8000de18 (0x8d09) x10 0x00000000
core   0: 0x8000de1a (0xff71c9e3) blt     gp, s7, pc - 14
core   0: 3 0x8000de1a (0xff71c9e3)
core   0: 0x8000de1e (0x03a91633) mulh    a2, s2, s10
core   0: 3 0x8000de1e (0x03a91633) x12 0x00000000
core   0: 0x8000de22 (0x00000001) c.nop
core   0: 3 0x8000de22 (0x0001)
core   0: 0x8000de24 (0x40a68333) sub     t1, a3, a0
core   0: 3 0x8000de24 (0x40a68333) x 6 0x00000001
core   0: 0x8000de28 (0xfae814e3) bne     a6, a4, pc - 88
core   0: 3 0x8000de28 (0xfae814e3)
core   0: 0x8000de2c (0x020454b3) divu    s1, s0, zero
core   0: 3 0x8000de2c (0x020454b3) x 9 0xffffffff
core   0: 0x8000de30 (0x0000b497) auipc   s1, 0xb
core   0: 3 0x8000de30 (0x0000b497) x 9 0x80018e30
core   0: 0x8000de34 (0x91448493) addi    s1, s1, -1772
core   0: 3 0x8000de34 (0x91448493) x 9 0x80018744
core   0: 0x8000de38 (0xffa4d803) lhu     a6, -6(s1)
core   0: 3 0x8000de38 (0xffa4d803) x16 0x0000f4f5 mem 0x8001873e
core   0: 0x8000de3c (0x00002917) auipc   s2, 0x2
core   0: 3 0x8000de3c (0x00002917) x18 0x8000fe3c
core   0: 0x8000de40 (0x59690913) addi    s2, s2, 1430
core   0: 3 0x8000de40 (0x59690913) x18 0x800103d2
core   0: 0x8000de44 (0xffd94083) lbu     ra, -3(s2)
core   0: 3 0x8000de44 (0xffd94083) x 1 0x00000084 mem 0x800103cf
core   0: 0x8000de48 (0x00690423) sb      t1, 8(s2)
core   0: 3 0x8000de48 (0x00690423) mem 0x800103da 0x1
core   0: 0x8000de4c (0xfee4a023) sw      a4, -32(s1)
core   0: 3 0x8000de4c (0xfee4a023) mem 0x80018724 0x00000001
core   0: 0x8000de50 (0x0134c183) lbu     gp, 19(s1)
core   0: 3 0x8000de50 (0x0134c183) x 3 0x0000000c mem 0x80018757
core   0: 0x8000de54 (0xff694003) lbu     zero, -10(s2)
core   0: 3 0x8000de54 (0xff694003) mem 0x800103c8
core   0: 0x8000de58 (0xffa48a83) lb      s5, -6(s1)
core   0: 3 0x8000de58 (0xffa48a83) x21 0xfffffff5 mem 0x8001873e
core   0: 0x8000de5c (0x03b48d03) lb      s10, 59(s1)
core   0: 3 0x8000de5c (0x03b48d03) x26 0x00000034 mem 0x8001877f
core   0: 0x8000de60 (0xff794303) lbu     t1, -9(s2)
core   0: 3 0x8000de60 (0xff794303) x 6 0x00000082 mem 0x800103c9
core   0: 0x8000de64 (0x03f4c883) lbu     a7, 63(s1)
core   0: 3 0x8000de64 (0x03f4c883) x17 0x00000038 mem 0x80018783
core   0: 0x8000de68 (0xff54c703) lbu     a4, -11(s1)
core   0: 3 0x8000de68 (0xff54c703) x14 0x000000f2 mem 0x80018739
core   0: 0x8000de6c (0xff095d03) lhu     s10, -16(s2)
core   0: 3 0x8000de6c (0xff095d03) x26 0x00007879 mem 0x800103c2
core   0: 0x8000de70 (0x00c49123) sh      a2, 2(s1)
core   0: 3 0x8000de70 (0x00c49123) mem 0x80018746 0x0000
core   0: 0x8000de74 (0xfc448da3) sb      tp, -37(s1)
core   0: 3 0x8000de74 (0xfc448da3) mem 0x8001871f 0x0
core   0: 0x8000de78 (0xfed48b03) lb      s6, -19(s1)
core   0: 3 0x8000de78 (0xfed48b03) x22 0xffffffea mem 0x80018731
core   0: 0x8000de7c (0xff994683) lbu     a3, -7(s2)
core   0: 3 0x8000de7c (0xff994683) x13 0x00000080 mem 0x800103cb
core   0: 0x8000de80 (0xff290003) lb      zero, -14(s2)
core   0: 3 0x8000de80 (0xff290003) mem 0x800103c4
core   0: 0x8000de84 (0xff700913) li      s2, -9
core   0: 3 0x8000de84 (0xff700913) x18 0xfffffff7
core   0: 0x8000de88 (0x02e814b3) mulh    s1, a6, a4
core   0: 3 0x8000de88 (0x02e814b3) x 9 0x00000000
core   0: 0x8000de8c (0x033aa1b3) mulhsu  gp, s5, s3
core   0: 3 0x8000de8c (0x033aa1b3) x 3 0x00000000
core   0: 0x8000de90 (0x00900813) li      a6, 9
core   0: 3 0x8000de90 (0x00900813) x16 0x00000009
core   0: 0x8000de94 (0x2a5aabb7) lui     s7, 0x2a5aa
core   0: 3 0x8000de94 (0x2a5aabb7) x23 0x2a5aa000
core   0: 0x8000de98 (0x0000100f) fence.i
core   0: 3 0x8000de98 (0x0000100f)
core   0: 0x8000de9c (0x00000905) c.addi  s2, 1
core   0: 3 0x8000de9c (0x0905) x18 0xfffffff8
core   0: 0x8000de9e (0x00829e93) slli    t4, t0, 8
core   0: 3 0x8000de9e (0x00829e93) x29 0x25b00000
core   0: 0x8000dea2 (0x03f317b3) mulh    a5, t1, t6
core   0: 3 0x8000dea2 (0x03f317b3) x15 0xffffffbf
core   0: 0x8000dea6 (0xff0907e3) beq     s2, a6, pc - 18
core   0: 3 0x8000dea6 (0xff0907e3)
core   0: 0x8000deaa (0x019f5633) srl     a2, t5, s9
core   0: 3 0x8000deaa (0x019f5633) x12 0x0a0a554c
core   0: 0x8000deae (0x00004817) auipc   a6, 0x4
core   0: 3 0x8000deae (0x00004817) x16 0x80011eae
core   0: 0x8000deb2 (0x67c80813) addi    a6, a6, 1660
core   0: 3 0x8000deb2 (0x67c80813) x16 0x8001252a
core   0: 0x8000deb6 (0x00003d97) auipc   s11, 0x3
core   0: 3 0x8000deb6 (0x00003d97) x27 0x80010eb6
core   0: 0x8000deba (0xe18d8d93) addi    s11, s11, -488
core   0: 3 0x8000deba (0xe18d8d93) x27 0x80010cce
core   0: 0x8000debe (0xf2280383) lb      t2, -222(a6)
core   0: 3 0x8000debe (0xf2280383) x 7 0x00000007 mem 0x8001244c
core   0: 0x8000dec2 (0x07b84483) lbu     s1, 123(a6)
core   0: 3 0x8000dec2 (0x07b84483) x 9 0x0000005e mem 0x800125a5
core   0: 0x8000dec6 (0xfcdd8ea3) sb      a3, -35(s11)
core   0: 3 0x8000dec6 (0xfcdd8ea3) mem 0x80010cab 0x80
core   0: 0x8000deca (0x0fa84083) lbu     ra, 250(a6)
core   0: 3 0x8000deca (0x0fa84083) x 1 0x000000df mem 0x80012624
core   0: 0x8000dece (0x015dce03) lbu     t3, 21(s11)
core   0: 3 0x8000dece (0x015dce03) x28 0x00000098 mem 0x80010ce3
core   0: 0x8000ded2 (0xfb580183) lb      gp, -75(a6)
core   0: 3 0x8000ded2 (0xfb580183) x 3 0xffffff94 mem 0x800124df
core   0: 0x8000ded6 (0x009dc283) lbu     t0, 9(s11)
core   0: 3 0x8000ded6 (0x009dc283) x 5 0x0000008c mem 0x80010cd7
core   0: 0x8000deda (0x0f7804a3) sb      s7, 233(a6)
core   0: 3 0x8000deda (0x0f7804a3) mem 0x80012613 0x0
core   0: 0x8000dede (0x037d80a3) sb      s7, 33(s11)
core   0: 3 0x8000dede (0x037d80a3) mem 0x80010cef 0x0
core   0: 0x8000dee2 (0xf8580003) lb      zero, -123(a6)
core   0: 3 0x8000dee2 (0xf8580003) mem 0x800124af
core   0: 0x8000dee6 (0x0bd84783) lbu     a5, 189(a6)
core   0: 3 0x8000dee6 (0x0bd84783) x15 0x0000009c mem 0x800125e7
core   0: 0x8000deea (0x00ddcf03) lbu     t5, 13(s11)
core   0: 3 0x8000deea (0x00ddcf03) x30 0x00000090 mem 0x80010cdb
core   0: 0x8000deee (0x00003d97) auipc   s11, 0x3
core   0: 3 0x8000deee (0x00003d97) x27 0x80010eee
core   0: 0x8000def2 (0xb7ed8d93) addi    s11, s11, -1154
core   0: 3 0x8000def2 (0xb7ed8d93) x27 0x80010a6c
core   0: 0x8000def6 (0x00002097) auipc   ra, 0x2
core   0: 3 0x8000def6 (0x00002097) x 1 0x8000fef6
core   0: 0x8000defa (0x35308093) addi    ra, ra, 851
core   0: 3 0x8000defa (0x35308093) x 1 0x80010249
core   0: 0x8000defe (0x20ad9703) lh      a4, 522(s11)
core   0: 3 0x8000defe (0x20ad9703) x14 0x00002c2d mem 0x80010c76
core   0: 0x8000df02 (0xfde08d03) lb      s10, -34(ra)
core   0: 3 0x8000df02 (0xfde08d03) x26 0xffffffdc mem 0x80010227
core   0: 0x8000df06 (0xb65d82a3) sb      t0, -1179(s11)
core   0: 3 0x8000df06 (0xb65d82a3) mem 0x800105d1 0x8c
core   0: 0x8000df0a (0xfe909b83) lh      s7, -23(ra)
core   0: 3 0x8000df0a (0xfe909b83) x23 0xffffe8e9 mem 0x80010232
core   0: 0x8000df0e (0x2c8d9983) lh      s3, 712(s11)
core   0: 3 0x8000df0e (0x2c8d9983) x19 0xffffeeef mem 0x80010d34
core   0: 0x8000df12 (0x00003197) auipc   gp, 0x3
core   0: 3 0x8000df12 (0x00003197) x 3 0x80010f12
core   0: 0x8000df16 (0xc5618193) addi    gp, gp, -938
core   0: 3 0x8000df16 (0xc5618193) x 3 0x80010b68
core   0: 0x8000df1a (0x02a0cf83) lbu     t6, 42(ra)
core   0: 3 0x8000df1a (0x02a0cf83) x31 0x00000028 mem 0x80010273
core   0: 0x8000df1e (0xf4fdc503) lbu     a0, -177(s11)
core   0: 3 0x8000df1e (0xf4fdc503) x10 0x00000070 mem 0x800109bb
core   0: 0x8000df22 (0x057d8503) lb      a0, 87(s11)
core   0: 3 0x8000df22 (0x057d8503) x10 0x00000078 mem 0x80010ac3
core   0: 0x8000df26 (0xfe11c303) lbu     t1, -31(gp)
core   0: 3 0x8000df26 (0xfe11c303) x 6 0x00000002 mem 0x80010b49
core   0: 0x8000df2a (0x1abd8f83) lb      t6, 427(s11)
core   0: 3 0x8000df2a (0x1abd8f83) x31 0xffffffe8 mem 0x80010c17
core   0: 0x8000df2e (0xfe70a003) lw      zero, -25(ra)
core   0: 3 0x8000df2e (0xfe70a003) mem 0x80010230
core   0: 0x8000df32 (0x00d0a1a3) sw      a3, 3(ra)
core   0: 3 0x8000df32 (0x00d0a1a3) mem 0x8001024c 0x00000080
core   0: 0x8000df36 (0x002080a3) sb      sp, 1(ra)
core   0: 3 0x8000df36 (0x002080a3) mem 0x8001024a 0xe4
core   0: 0x8000df3a (0xb84d9383) lh      t2, -1148(s11)
core   0: 3 0x8000df3a (0xb84d9383) x 7 0xffffaaab mem 0x800105f0
core   0: 0x8000df3e (0xfc518523) sb      t0, -54(gp)
core   0: 3 0x8000df3e (0xfc518523) mem 0x80010b32 0x8c
core   0: 0x8000df42 (0xc1bd8ca3) sb      s11, -999(s11)
core   0: 3 0x8000df42 (0xc1bd8ca3) mem 0x80010685 0x6c
core   0: 0x8000df46 (0xbb9dc383) lbu     t2, -1095(s11)
core   0: 3 0x8000df46 (0xbb9dc383) x 7 0x000000be mem 0x80010625
core   0: 0x8000df4a (0x026183a3) sb      t1, 39(gp)
core   0: 3 0x8000df4a (0x026183a3) mem 0x80010b8f 0x2
core   0: 0x8000df4e (0x02c18ba3) sb      a2, 55(gp)
core   0: 3 0x8000df4e (0x02c18ba3) mem 0x80010b9f 0x4c
core   0: 0x8000df52 (0x0270df83) lhu     t6, 39(ra)
core   0: 3 0x8000df52 (0x0270df83) x31 0x00002a2b mem 0x80010270
core   0: 0x8000df56 (0x01218b03) lb      s6, 18(gp)
core   0: 3 0x8000df56 (0x01218b03) x22 0x00000031 mem 0x80010b7a
core   0: 0x8000df5a (0x0000e517) auipc   a0, 0xe
core   0: 3 0x8000df5a (0x0000e517) x10 0x8001bf5a
core   0: 0x8000df5e (0x45050513) addi    a0, a0, 1104
core   0: 3 0x8000df5e (0x45050513) x10 0x8001c3aa
core   0: 0x8000df62 (0x037507a3) sb      s7, 47(a0)
core   0: 3 0x8000df62 (0x037507a3) mem 0x8001c3d9 0xe9
core   0: 0x8000df66 (0xf2750fa3) sb      t2, -193(a0)
core   0: 3 0x8000df66 (0xf2750fa3) mem 0x8001c2e9 0xbe
core   0: 0x8000df6a (0x0e550783) lb      a5, 229(a0)
core   0: 3 0x8000df6a (0x0e550783) x15 0x00000044 mem 0x8001c48f
core   0: 0x8000df6e (0x4020d6b3) sra     a3, ra, sp
core   0: 3 0x8000df6e (0x4020d6b3) x13 0xf8001024
core   0: 0x8000df72 (0xbe4d0713) addi    a4, s10, -1052
core   0: 3 0x8000df72 (0xbe4d0713) x14 0xfffffbc0
core   0: 0x8000df76 (0xfaf50303) lb      t1, -81(a0)
core   0: 3 0x8000df76 (0xfaf50303) x 6 0x00000012 mem 0x8001c359
core   0: 0x8000df7a (0x00008b39) c.andi  a4, 14
core   0: 3 0x8000df7a (0x8b39) x14 0x00000000
core   0: 0x8000df7c (0x03f6e9b3) rem     s3, a3, t6
core   0: 3 0x8000df7c (0x03f6e9b3) x19 0xffffd854
core   0: 0x8000df80 (0x000c5813) srli    a6, s8, 0
core   0: 3 0x8000df80 (0x000c5813) x16 0x00000000
core   0: 0x8000df84 (0xf2554a83) lbu     s5, -219(a0)
core   0: 3 0x8000df84 (0xf2554a83) x21 0x00000084 mem 0x8001c2cf
core   0: 0x8000df88 (0x00008c2d) c.xor   s0, a1
core   0: 3 0x8000df88 (0x8c2d) x 8 0x80000000
core   0: 0x8000df8a (0xfbb54603) lbu     a2, -69(a0)
core   0: 3 0x8000df8a (0xfbb54603) x12 0x0000001e mem 0x8001c365
core   0: 0x8000df8e (0x0c050b83) lb      s7, 192(a0)
core   0: 3 0x8000df8e (0x0c050b83) x23 0x00000021 mem 0x8001c46a
core   0: 0x8000df92 (0x41e853b3) sra     t2, a6, t5
core   0: 3 0x8000df92 (0x41e853b3) x 7 0x00000000
core   0: 0x8000df96 (0xf0354c83) lbu     s9, -253(a0)
core   0: 3 0x8000df96 (0xf0354c83) x25 0x00000066 mem 0x8001c2ad
core   0: 0x8000df9a (0x01df33b3) sltu    t2, t5, t4
core   0: 3 0x8000df9a (0x01df33b3) x 7 0x00000001
core   0: 0x8000df9e (0x0b554783) lbu     a5, 181(a0)
core   0: 3 0x8000df9e (0x0b554783) x15 0x00000014 mem 0x8001c45f
core   0: 0x8000dfa2 (0x014b04b3) add     s1, s6, s4
core   0: 3 0x8000dfa2 (0x014b04b3) x 9 0x80025e6d
core   0: 0x8000dfa6 (0xf0454a83) lbu     s5, -252(a0)
core   0: 3 0x8000dfa6 (0xf0454a83) x21 0x00000065 mem 0x8001c2ae
core   0: 0x8000dfaa (0x0af504a3) sb      a5, 169(a0)
core   0: 3 0x8000dfaa (0x0af504a3) mem 0x8001c453 0x14
core   0: 0x8000dfae (0x01350283) lb      t0, 19(a0)
core   0: 3 0x8000dfae (0x01350283) x 5 0x00000076 mem 0x8001c3bd
core   0: 0x8000dfb2 (0x00000001) c.nop
core   0: 3 0x8000dfb2 (0x0001)
core   0: 0x8000dfb4 (0x04651b03) lh      s6, 70(a0)
core   0: 3 0x8000dfb4 (0x04651b03) x22 0xffffaaab mem 0x8001c3f0
core   0: 0x8000dfb8 (0x00000001) c.nop
core   0: 3 0x8000dfb8 (0x0001)
core   0: 0x8000dfba (0x1d908e93) addi    t4, ra, 473
core   0: 3 0x8000dfba (0x1d908e93) x29 0x80010422
core   0: 0x8000dfbe (0x025500a3) sb      t0, 33(a0)
core   0: 3 0x8000dfbe (0x025500a3) mem 0x8001c3cb 0x76
core   0: 0x8000dfc2 (0x41d65cb3) sra     s9, a2, t4
core   0: 3 0x8000dfc2 (0x41d65cb3) x25 0x00000007
core   0: 0x8000dfc6 (0xf11502a3) sb      a7, -251(a0)
core   0: 3 0x8000dfc6 (0xf11502a3) mem 0x8001c2af 0x38
core   0: 0x8000dfca (0x03adceb3) div     t4, s11, s10
core   0: 3 0x8000dfca (0x03adceb3) x29 0x038e317d
core   0: 0x8000dfce (0xf3e54303) lbu     t1, -194(a0)
core   0: 3 0x8000dfce (0xf3e54303) x 6 0x000000a3 mem 0x8001c2e8
core   0: 0x8000dfd2 (0x01711ab3) sll     s5, sp, s7
core   0: 3 0x8000dfd2 (0x01711ab3) x21 0x000539c8
core   0: 0x8000dfd6 (0xf9b51c23) sh      s11, -104(a0)
core   0: 3 0x8000dfd6 (0xf9b51c23) mem 0x8001c342 0x0a6c
core   0: 0x8000dfda (0x00003f17) auipc   t5, 0x3
core   0: 3 0x8000dfda (0x00003f17) x30 0x80010fda
core   0: 0x8000dfde (0x816f0f13) addi    t5, t5, -2026
core   0: 3 0x8000dfde (0x816f0f13) x30 0x800107f0
core   0: 0x8000dfe2 (0x9c0dbe17) auipc   t3, 0x9c0db
core   0: 3 0x8000dfe2 (0x9c0dbe17) x28 0x1c0e8fe2
core   0: 0x8000dfe6 (0x0000445d) c.li    s0, 23
core   0: 3 0x8000dfe6 (0x445d) x 8 0x00000017
core   0: 0x8000dfe8 (0xd1a52013) slti    zero, a0, -742
core   0: 3 0x8000dfe8 (0xd1a52013)
core   0: 0x8000dfec (0x01c55733) srl     a4, a0, t3
core   0: 3 0x8000dfec (0x01c55733) x14 0x200070ea
core   0: 0x8000dff0 (0x0dcf0223) sb      t3, 196(t5)
core   0: 3 0x8000dff0 (0x0dcf0223) mem 0x800108b4 0xe2
core   0: 0x8000dff4 (0x00000e7e) c.slli  t3, 31
core   0: 3 0x8000dff4 (0x0e7e) x28 0x00000000
core   0: 0x8000dff6 (0xfcaf06a3) sb      a0, -51(t5)
core   0: 3 0x8000dff6 (0xfcaf06a3) mem 0x800107bd 0xaa
core   0: 0x8000dffa (0x01301e13) slli    t3, zero, 19
core   0: 3 0x8000dffa (0x01301e13) x28 0x00000000
core   0: 0x8000dffe (0xf4af5083) lhu     ra, -182(t5)
core   0: 3 0x8000dffe (0xf4af5083) x 1 0x0000f09d mem 0x8001073a
core   0: 0x8000e002 (0x09cf2c23) sw      t3, 152(t5)
core   0: 3 0x8000e002 (0x09cf2c23) mem 0x80010888 0x00000000
core   0: 0x8000e006 (0xc63e6513) ori     a0, t3, -925
core   0: 3 0x8000e006 (0xc63e6513) x10 0xfffffc63
core   0: 0x8000e00a (0x068f0503) lb      a0, 104(t5)
core   0: 3 0x8000e00a (0x068f0503) x10 0x00000000 mem 0x80010858
core   0: 0x8000e00e (0x00009e72) c.add   t3, t3
core   0: 3 0x8000e00e (0x9e72) x28 0x00000000
core   0: 0x8000e010 (0x04ff0e03) lb      t3, 79(t5)
core   0: 3 0x8000e010 (0x04ff0e03) x28 0xfffffff4 mem 0x8001083f
core   0: 0x8000e014 (0x00ae5e33) srl     t3, t3, a0
core   0: 3 0x8000e014 (0x00ae5e33) x28 0xfffffff4
core   0: 0x8000e018 (0xf42f5083) lhu     ra, -190(t5)
core   0: 3 0x8000e018 (0xf42f5083) x 1 0x0000e8e9 mem 0x80010732
core   0: 0x8000e01c (0x00008e06) c.mv    t3, ra
core   0: 3 0x8000e01c (0x8e06) x28 0x0000e8e9
core   0: 0x8000e01e (0x000000c5) c.addi  ra, 17
core   0: 3 0x8000e01e (0x00c5) x 1 0x0000e8fa
core   0: 0x8000e020 (0x01ff0e03) lb      t3, 31(t5)
core   0: 3 0x8000e020 (0x01ff0e03) x28 0xffffffc4 mem 0x8001080f
core   0: 0x8000e024 (0x01c0c033) xor     zero, ra, t3
core   0: 3 0x8000e024 (0x01c0c033)
core   0: 0x8000e028 (0x00000001) c.nop
core   0: 3 0x8000e028 (0x0001)
core   0: 0x8000e02a (0x0bcf01a3) sb      t3, 163(t5)
core   0: 3 0x8000e02a (0x0bcf01a3) mem 0x80010893 0xc4
core   0: 0x8000e02e (0xf4ef0a23) sb      a4, -172(t5)
core   0: 3 0x8000e02e (0xf4ef0a23) mem 0x80010744 0xea
core   0: 0x8000e032 (0xf4ef0223) sb      a4, -188(t5)
core   0: 3 0x8000e032 (0xf4ef0223) mem 0x80010734 0xea
core   0: 0x8000e036 (0x09cf1723) sh      t3, 142(t5)
core   0: 3 0x8000e036 (0x09cf1723) mem 0x8001087e 0xffc4
core   0: 0x8000e03a (0xf34f2003) lw      zero, -204(t5)
core   0: 3 0x8000e03a (0xf34f2003) mem 0x80010724
core   0: 0x8000e03e (0x04bf0e03) lb      t3, 75(t5)
core   0: 3 0x8000e03e (0x04bf0e03) x28 0xfffffff0 mem 0x8001083b
core   0: 0x8000e042 (0x00856033) or      zero, a0, s0
core   0: 3 0x8000e042 (0x00856033)
core   0: 0x8000e046 (0x22d0b413) sltiu   s0, ra, 557
core   0: 3 0x8000e046 (0x22d0b413) x 8 0x00000000
core   0: 0x8000e04a (0xf86f0703) lb      a4, -122(t5)
core   0: 3 0x8000e04a (0xf86f0703) x14 0x0000002d mem 0x80010776
core   0: 0x8000e04e (0x07ef4e03) lbu     t3, 126(t5)
core   0: 3 0x8000e04e (0x07ef4e03) x28 0x00000025 mem 0x8001086e
core   0: 0x8000e052 (0x02876033) rem     zero, a4, s0
core   0: 3 0x8000e052 (0x02876033)
core   0: 0x8000e056 (0x0d2f1e03) lh      t3, 210(t5)
core   0: 3 0x8000e056 (0x0d2f1e03) x28 0x00007879 mem 0x800108c2
core   0: 0x8000e05a (0xfdcf0ca3) sb      t3, -39(t5)
core   0: 3 0x8000e05a (0xfdcf0ca3) mem 0x800107c9 0x79
core   0: 0x8000e05e (0xf87f0e03) lb      t3, -121(t5)
core   0: 3 0x8000e05e (0xf87f0e03) x28 0x0000002c mem 0x80010777
core   0: 0x8000e062 (0x00006579) c.lui   a0, 0x1e
core   0: 3 0x8000e062 (0x6579) x10 0x0001e000
core   0: 0x8000e064 (0x40e45e33) sra     t3, s0, a4
core   0: 3 0x8000e064 (0x40e45e33) x28 0x00000000
core   0: 0x8000e068 (0xf79f4703) lbu     a4, -135(t5)
core   0: 3 0x8000e068 (0xf79f4703) x14 0x00000022 mem 0x80010769
core   0: 0x8000e06c (0x00003297) auipc   t0, 0x3
core   0: 3 0x8000e06c (0x00003297) x 5 0x8001106c
core   0: 0x8000e070 (0xa5128293) addi    t0, t0, -1455
core   0: 3 0x8000e070 (0xa5128293) x 5 0x80010abd
core   0: 0x8000e074 (0x0692c883) lbu     a7, 105(t0)
core   0: 3 0x8000e074 (0x0692c883) x17 0x000000dd mem 0x80010b26
core   0: 0x8000e078 (0x0692c483) lbu     s1, 105(t0)
core   0: 3 0x8000e078 (0x0692c483) x 9 0x000000dd mem 0x80010b26
core   0: 0x8000e07c (0xf8428fa3) sb      tp, -97(t0)
core   0: 3 0x8000e07c (0xf8428fa3) mem 0x80010a5c 0x0
core   0: 0x8000e080 (0xf8028fa3) sb      zero, -97(t0)
core   0: 3 0x8000e080 (0xf8028fa3) mem 0x80010a5c 0x0
core   0: 0x8000e084 (0xf9f28603) lb      a2, -97(t0)
core   0: 3 0x8000e084 (0xf9f28603) x12 0x00000000 mem 0x80010a5c
core   0: 0x8000e088 (0xf9f2c303) lbu     t1, -97(t0)
core   0: 3 0x8000e088 (0xf9f2c303) x 6 0x00000000 mem 0x80010a5c
core   0: 0x8000e08c (0x0130c333) xor     t1, ra, s3
core   0: 3 0x8000e08c (0x0130c333) x 6 0xffff30ae
core   0: 0x8000e090 (0xf9f28683) lb      a3, -97(t0)
core   0: 3 0x8000e090 (0xf9f28683) x13 0x00000000 mem 0x80010a5c
core   0: 0x8000e094 (0x00008ce5) c.and   s1, s1
core   0: 3 0x8000e094 (0x8ce5) x 9 0x000000dd
core   0: 0x8000e096 (0x014617b3) sll     a5, a2, s4
core   0: 3 0x8000e096 (0x014617b3) x15 0x00000000
core   0: 0x8000e09a (0xfab28e23) sb      a1, -68(t0)
core   0: 3 0x8000e09a (0xfab28e23) mem 0x80010a79 0x0
core   0: 0x8000e09e (0x0096db93) srli    s7, a3, 9
core   0: 3 0x8000e09e (0x0096db93) x23 0x00000000
core   0: 0x8000e0a2 (0xfbc2c003) lbu     zero, -68(t0)
core   0: 3 0x8000e0a2 (0xfbc2c003) mem 0x80010a79
core   0: 0x8000e0a6 (0xfa528e23) sb      t0, -68(t0)
core   0: 3 0x8000e0a6 (0xfa528e23) mem 0x80010a79 0xbd
core   0: 0x8000e0aa (0x0ab2ac83) lw      s9, 171(t0)
core   0: 3 0x8000e0aa (0x0ab2ac83) x25 0x20212223 mem 0x80010b68
core   0: 0x8000e0ae (0xfd928603) lb      a2, -39(t0)
core   0: 3 0x8000e0ae (0xfd928603) x12 0x0000004d mem 0x80010a96
core   0: 0x8000e0b2 (0xab480813) addi    a6, a6, -1356
core   0: 3 0x8000e0b2 (0xab480813) x16 0xfffffab4
core   0: 0x8000e0b6 (0x0df2a683) lw      a3, 223(t0)
core   0: 3 0x8000e0b6 (0x0df2a683) x13 0x4cae5657 mem 0x80010b9c
core   0: 0x8000e0ba (0x0df29c03) lh      s8, 223(t0)
core   0: 3 0x8000e0ba (0x0df29c03) x24 0x00005657 mem 0x80010b9c
core   0: 0x8000e0be (0xf5b2a1a3) sw      s11, -189(t0)
core   0: 3 0x8000e0be (0xf5b2a1a3) mem 0x80010a00 0x80010a6c
core   0: 0x8000e0c2 (0x0682cc03) lbu     s8, 104(t0)
core   0: 3 0x8000e0c2 (0x0682cc03) x24 0x000000de mem 0x80010b25
core   0: 0x8000e0c6 (0xf7028b83) lb      s7, -144(t0)
core   0: 3 0x8000e0c6 (0xf7028b83) x23 0xffffffe6 mem 0x80010a2d
core   0: 0x8000e0ca (0x03129783) lh      a5, 49(t0)
core   0: 3 0x8000e0ca (0x03129783) x15 0xffffa4a5 mem 0x80010aee
core   0: 0x8000e0ce (0x01ce71b3) and     gp, t3, t3
core   0: 3 0x8000e0ce (0x01ce71b3) x 3 0x00000000
core   0: 0x8000e0d2 (0x00a58333) add     t1, a1, a0
core   0: 3 0x8000e0d2 (0x00a58333) x 6 0x8001e000
core   0: 0x8000e0d6 (0x00006ca1) c.lui   s9, 0x8
core   0: 3 0x8000e0d6 (0x6ca1) x25 0x00008000
core   0: 0x8000e0d8 (0x0300fc33) remu    s8, ra, a6
core   0: 3 0x8000e0d8 (0x0300fc33) x24 0x0000e8fa
core   0: 0x8000e0dc (0x00260c63) beq     a2, sp, pc + 24
core   0: 3 0x8000e0dc (0x00260c63)
core   0: 0x8000e0e0 (0x0000825e) c.mv    tp, s7
core   0: 3 0x8000e0e0 (0x825e) x 4 0xffffffe6
core   0: 0x8000e0e2 (0x004ed033) srl     zero, t4, tp
core   0: 3 0x8000e0e2 (0x004ed033)
core   0: 0x8000e0e6 (0x02ccca63) blt     s9, a2, pc + 52
core   0: 3 0x8000e0e6 (0x02ccca63)
core   0: 0x8000e0ea (0x00000001) c.nop
core   0: 3 0x8000e0ea (0x0001)
core   0: 0x8000e0ec (0x00f6fe93) andi    t4, a3, 15
core   0: 3 0x8000e0ec (0x00f6fe93) x29 0x00000007
core   0: 0x8000e0f0 (0x02fb1333) mulh    t1, s6, a5
core   0: 3 0x8000e0f0 (0x02fb1333) x 6 0x00000000
core   0: 0x8000e0f4 (0x00000001) c.nop
core   0: 3 0x8000e0f4 (0x0001)
core   0: 0x8000e0f6 (0x006d84b3) add     s1, s11, t1
core   0: 3 0x8000e0f6 (0x006d84b3) x 9 0x80010a6c
core   0: 0x8000e0fa (0xa485fd13) andi    s10, a1, -1464
core   0: 3 0x8000e0fa (0xa485fd13) x26 0x80000000
core   0: 0x8000e0fe (0x00475493) srli    s1, a4, 4
core   0: 3 0x8000e0fe (0x00475493) x 9 0x00000002
core   0: 0x8000e102 (0x02ca1eb3) mulh    t4, s4, a2
core   0: 3 0x8000e102 (0x02ca1eb3) x29 0xffffffd9
core   0: 0x8000e106 (0x414ad313) srai    t1, s5, 20
core   0: 3 0x8000e106 (0x414ad313) x 6 0x00000000
core   0: 0x8000e10a (0x00009bfd) c.andi  a5, -1
core   0: 3 0x8000e10a (0x9bfd) x15 0xffffa4a5
core   0: 0x8000e10c (0x00000001) c.nop
core   0: 3 0x8000e10c (0x0001)
core   0: 0x8000e10e (0x6ba41c37) lui     s8, 0x6ba41
core   0: 3 0x8000e10e (0x6ba41c37) x24 0x6ba41000
core   0: 0x8000e112 (0x01ed94b3) sll     s1, s11, t5
core   0: 3 0x8000e112 (0x01ed94b3) x 9 0x0a6c0000
core   0: 0x8000e116 (0x01845c93) srli    s9, s0, 24
core   0: 3 0x8000e116 (0x01845c93) x25 0x00000000
core   0: 0x8000e11a (0x7566f513) andi    a0, a3, 1878
core   0: 3 0x8000e11a (0x7566f513) x10 0x00000656
core   0: 0x8000e11e (0x01d970b3) and     ra, s2, t4
core   0: 3 0x8000e11e (0x01d970b3) x 1 0xffffffd8
core   0: 0x8000e122 (0x41350613) addi    a2, a0, 1043
core   0: 3 0x8000e122 (0x41350613) x12 0x00000a69
core   0: 0x8000e126 (0x00001b7d) c.addi  s6, -1
core   0: 3 0x8000e126 (0x1b7d) x22 0xffffaaaa
core   0: 0x8000e128 (0x0000587d) c.li    a6, -1
core   0: 3 0x8000e128 (0x587d) x16 0xffffffff
core   0: 0x8000e12a (0x00008f49) c.or    a4, a0
core   0: 3 0x8000e12a (0x8f49) x14 0x00000676
core   0: 0x8000e12c (0x000006e6) c.slli  a3, 25
core   0: 3 0x8000e12c (0x06e6) x13 0xae000000
core   0: 0x8000e12e (0x0000e495) c.bnez  s1, pc + 44
core   0: 3 0x8000e12e (0xe495)
core   0: 0x8000e15a (0x01e6eb63) bltu    a3, t5, pc + 22
core   0: 3 0x8000e15a (0x01e6eb63)
core   0: 0x8000e15e (0x02f6c163) blt     a3, a5, pc + 34
core   0: 3 0x8000e15e (0x02f6c163)
core   0: 0x8000e180 (0x008533b3) sltu    t2, a0, s0
core   0: 3 0x8000e180 (0x008533b3) x 7 0x00000000
core   0: 0x8000e184 (0x01d8e963) bltu    a7, t4, pc + 18
core   0: 3 0x8000e184 (0x01d8e963)
core   0: 0x8000e196 (0x00426663) bltu    tp, tp, pc + 12
core   0: 3 0x8000e196 (0x00426663)
core   0: 0x8000e19a (0x00001d7d) c.addi  s10, -1
core   0: 3 0x8000e19a (0x1d7d) x26 0x7fffffff
core   0: 0x8000e19c (0x47d1a613) slti    a2, gp, 1149
core   0: 3 0x8000e19c (0x47d1a613) x12 0x00000001
core   0: 0x8000e1a0 (0x00006b85) c.lui   s7, 0x1
core   0: 3 0x8000e1a0 (0x6b85) x23 0x00001000
core   0: 0x8000e1a2 (0x00f1d513) srli    a0, gp, 15
core   0: 3 0x8000e1a2 (0x00f1d513) x10 0x00000000
core   0: 0x8000e1a6 (0xa08ca513) slti    a0, s9, -1528
core   0: 3 0x8000e1a6 (0xa08ca513) x10 0x00000000
core   0: 0x8000e1aa (0xbbca2c93) slti    s9, s4, -1092
core   0: 3 0x8000e1aa (0xbbca2c93) x25 0x00000001
core   0: 0x8000e1ae (0x00000001) c.nop
core   0: 3 0x8000e1ae (0x0001)
core   0: 0x8000e1b0 (0x0000041e) c.slli  s0, 7
core   0: 3 0x8000e1b0 (0x041e) x 8 0x00000000
core   0: 0x8000e1b2 (0x000009fa) c.slli  s3, 30
core   0: 3 0x8000e1b2 (0x09fa) x19 0x00000000
core   0: 0x8000e1b4 (0xc9bfbe93) sltiu   t4, t6, -869
core   0: 3 0x8000e1b4 (0xc9bfbe93) x29 0x00000001
core   0: 0x8000e1b8 (0x02ba98b3) mulh    a7, s5, a1
core   0: 3 0x8000e1b8 (0x02ba98b3) x17 0xfffd631c
core   0: 0x8000e1bc (0x025fa3b3) mulhsu  t2, t6, t0
core   0: 3 0x8000e1bc (0x025fa3b3) x 7 0x00001515
core   0: 0x8000e1c0 (0x00008335) c.srli  a4, 13
core   0: 3 0x8000e1c0 (0x8335) x14 0x00000000
core   0: 0x8000e1c2 (0x0303f3b3) remu    t2, t2, a6
core   0: 3 0x8000e1c2 (0x0303f3b3) x 7 0x00001515
core   0: 0x8000e1c6 (0x7198f393) andi    t2, a7, 1817
core   0: 3 0x8000e1c6 (0x7198f393) x 7 0x00000318
core   0: 0x8000e1ca (0x000007ea) c.slli  a5, 26
core   0: 3 0x8000e1ca (0x07ea) x15 0x94000000
core   0: 0x8000e1cc (0x01a79fb3) sll     t6, a5, s10
core   0: 3 0x8000e1cc (0x01a79fb3) x31 0x00000000
core   0: 0x8000e1d0 (0x000083f1) c.srli  a5, 28
core   0: 3 0x8000e1d0 (0x83f1) x15 0x00000009
core   0: 0x8000e1d2 (0x00008e21) c.xor   a2, s0
core   0: 3 0x8000e1d2 (0x8e21) x12 0x00000001
core   0: 0x8000e1d4 (0x00008d6d) c.and   a0, a1
core   0: 3 0x8000e1d4 (0x8d6d) x10 0x00000000
core   0: 0x8000e1d6 (0x0049c3b3) xor     t2, s3, tp
core   0: 3 0x8000e1d6 (0x0049c3b3) x 7 0xffffffe6
core   0: 0x8000e1da (0x00008eb1) c.xor   a3, a2
core   0: 3 0x8000e1da (0x8eb1) x13 0xae000001
core   0: 0x8000e1dc (0x0000100f) fence.i
core   0: 3 0x8000e1dc (0x0000100f)
core   0: 0x8000e1e0 (0x0000e019) c.bnez  s0, pc + 6
core   0: 3 0x8000e1e0 (0xe019)
core   0: 0x8000e1e2 (0x02f45663) bge     s0, a5, pc + 44
core   0: 3 0x8000e1e2 (0x02f45663)
core   0: 0x8000e1e6 (0x417e86b3) sub     a3, t4, s7
core   0: 3 0x8000e1e6 (0x417e86b3) x13 0xfffff001
core   0: 0x8000e1ea (0x00008c65) c.and   s0, s1
core   0: 3 0x8000e1ea (0x8c65) x 8 0x00000000
core   0: 0x8000e1ec (0x00006b75) c.lui   s6, 0x1d
core   0: 3 0x8000e1ec (0x6b75) x22 0x0001d000
core   0: 0x8000e1ee (0x00008515) c.srai  a0, 5
core   0: 3 0x8000e1ee (0x8515) x10 0x00000000
core   0: 0x8000e1f0 (0x00000001) c.nop
core   0: 3 0x8000e1f0 (0x0001)
core   0: 0x8000e1f2 (0x40b6dd93) srai    s11, a3, 11
core   0: 3 0x8000e1f2 (0x40b6dd93) x27 0xfffffffe
core   0: 0x8000e1f6 (0x00008829) c.andi  s0, 10
core   0: 3 0x8000e1f6 (0x8829) x 8 0x00000000
core   0: 0x8000e1f8 (0x000084b1) c.srai  s1, 12
core   0: 3 0x8000e1f8 (0x84b1) x 9 0x0000a6c0
core   0: 0x8000e1fa (0x00006e71) c.lui   t3, 0x1c
core   0: 3 0x8000e1fa (0x6e71) x28 0x0001c000
core   0: 0x8000e1fc (0x00008ef9) c.and   a3, a4
core   0: 3 0x8000e1fc (0x8ef9) x13 0x00000000
core   0: 0x8000e1fe (0x41e48fb3) sub     t6, s1, t5
core   0: 3 0x8000e1fe (0x41e48fb3) x31 0x7fff9ed0
core   0: 0x8000e202 (0x00008539) c.srai  a0, 14
core   0: 3 0x8000e202 (0x8539) x10 0x00000000
core   0: 0x8000e204 (0x40fe8db3) sub     s11, t4, a5
core   0: 3 0x8000e204 (0x40fe8db3) x27 0xfffffff8
core   0: 0x8000e208 (0x41620cb3) sub     s9, tp, s6
core   0: 3 0x8000e208 (0x41620cb3) x25 0xfffe2fe6
core   0: 0x8000e20c (0x00004189) c.li    gp, 2
core   0: 3 0x8000e20c (0x4189) x 3 0x00000002
core   0: 0x8000e20e (0x00000001) c.nop
core   0: 3 0x8000e20e (0x0001)
core   0: 0x8000e210 (0xc0167313) andi    t1, a2, -1023
core   0: 3 0x8000e210 (0xc0167313) x 6 0x00000001
core   0: 0x8000e214 (0x00da1213) slli    tp, s4, 13
core   0: 3 0x8000e214 (0x00da1213) x 4 0x4bc78000
core   0: 0x8000e218 (0x03028263) beq     t0, a6, pc + 36
core   0: 3 0x8000e218 (0x03028263)
core   0: 0x8000e21c (0x00000001) c.nop
core   0: 3 0x8000e21c (0x0001)
core   0: 0x8000e21e (0x13f00f93) li      t6, 319
core   0: 3 0x8000e21e (0x13f00f93) x31 0x0000013f
core   0: 0x8000e222 (0x414ed913) srai    s2, t4, 20
core   0: 3 0x8000e222 (0x414ed913) x18 0x00000000
core   0: 0x8000e226 (0xf9c10293) addi    t0, sp, -100
core   0: 3 0x8000e226 (0xf9c10293) x 5 0x80029c80
core   0: 0x8000e22a (0x002dee63) bltu    s11, sp, pc + 28
core   0: 3 0x8000e22a (0x002dee63)
core   0: 0x8000e22e (0x00000001) c.nop
core   0: 3 0x8000e22e (0x0001)
core   0: 0x8000e230 (0x46d00f93) li      t6, 1133
core   0: 3 0x8000e230 (0x46d00f93) x31 0x0000046d
core   0: 0x8000e234 (0x00008cb1) c.xor   s1, a2
core   0: 3 0x8000e234 (0x8cb1) x 9 0x0000a6c1
core   0: 0x8000e236 (0x0000ca89) c.beqz  a3, pc + 18
core   0: 3 0x8000e236 (0xca89)
core   0: 0x8000e248 (0x000082b5) c.srli  a3, 13
core   0: 3 0x8000e248 (0x82b5) x13 0x00000000
core   0: 0x8000e24a (0x00000001) c.nop
core   0: 3 0x8000e24a (0x0001)
core   0: 0x8000e24c (0x02469b63) bne     a3, tp, pc + 54
core   0: 3 0x8000e24c (0x02469b63)
core   0: 0x8000e282 (0x0351a7b3) mulhsu  a5, gp, s5
core   0: 3 0x8000e282 (0x0351a7b3) x15 0x00000000
core   0: 0x8000e286 (0x003a41b3) xor     gp, s4, gp
core   0: 3 0x8000e286 (0x003a41b3) x 3 0x80025e3e
core   0: 0x8000e28a (0x0000100f) fence.i
core   0: 3 0x8000e28a (0x0000100f)
core   0: 0x8000e28e (0x5fcd6313) ori     t1, s10, 1532
core   0: 3 0x8000e28e (0x5fcd6313) x 6 0x7fffffff
core   0: 0x8000e292 (0x000080a1) c.srli  s1, 8
core   0: 3 0x8000e292 (0x80a1) x 9 0x000000a6
core   0: 0x8000e294 (0x0302b533) mulhu   a0, t0, a6
core   0: 3 0x8000e294 (0x0302b533) x10 0x80029c7f
core   0: 0x8000e298 (0x1bdf8d13) addi    s10, t6, 445
core   0: 3 0x8000e298 (0x1bdf8d13) x26 0x0000062a
core   0: 0x8000e29c (0x3cff79b7) lui     s3, 0x3cff7
core   0: 3 0x8000e29c (0x3cff79b7) x19 0x3cff7000
core   0: 0x8000e2a0 (0x03474633) div     a2, a4, s4
core   0: 3 0x8000e2a0 (0x03474633) x12 0x00000000
core   0: 0x8000e2a4 (0x0000cf89) c.beqz  a5, pc + 26
core   0: 3 0x8000e2a4 (0xcf89)
core   0: 0x8000e2be (0x02230363) beq     t1, sp, pc + 38
core   0: 3 0x8000e2be (0x02230363)
core   0: 0x8000e2c2 (0x00005bfd) c.li    s7, -1
core   0: 3 0x8000e2c2 (0x5bfd) x23 0xffffffff
core   0: 0x8000e2c4 (0x00000001) c.nop
core   0: 3 0x8000e2c4 (0x0001)
core   0: 0x8000e2c6 (0x00008ace) c.mv    s5, s3
core   0: 3 0x8000e2c6 (0x8ace) x21 0x3cff7000
core   0: 0x8000e2c8 (0x00969e33) sll     t3, a3, s1
core   0: 3 0x8000e2c8 (0x00969e33) x28 0x00000000
core   0: 0x8000e2cc (0xa7bb9b17) auipc   s6, 0xa7bb9
core   0: 3 0x8000e2cc (0xa7bb9b17) x22 0x27bc72cc
core   0: 0x8000e2d0 (0x0090f8b3) and     a7, ra, s1
core   0: 3 0x8000e2d0 (0x0090f8b3) x17 0x00000080
core   0: 0x8000e2d4 (0x00000001) c.nop
core   0: 3 0x8000e2d4 (0x0001)
core   0: 0x8000e2d6 (0x00008fe9) c.and   a5, a0
core   0: 3 0x8000e2d6 (0x8fe9) x15 0x00000000
core   0: 0x8000e2d8 (0x00000bd1) c.addi  s7, 20
core   0: 3 0x8000e2d8 (0x0bd1) x23 0x00000013
core   0: 0x8000e2da (0x9a274db7) lui     s11, 0x9a274
core   0: 3 0x8000e2da (0x9a274db7) x27 0x9a274000
core   0: 0x8000e2de (0x028c30b3) mulhu   ra, s8, s0
core   0: 3 0x8000e2de (0x028c30b3) x 1 0x00000000
core   0: 0x8000e2e2 (0x00009416) c.add   s0, t0
core   0: 3 0x8000e2e2 (0x9416) x 8 0x80029c80
core   0: 0x8000e2e4 (0x0000862e) c.mv    a2, a1
core   0: 3 0x8000e2e4 (0x862e) x12 0x80000000
core   0: 0x8000e2e6 (0x02853cb3) mulhu   s9, a0, s0
core   0: 3 0x8000e2e6 (0x02853cb3) x25 0x40029c86
core   0: 0x8000e2ea (0x02a21033) mulh    zero, tp, a0
core   0: 3 0x8000e2ea (0x02a21033)
core   0: 0x8000e2ee (0x002a4ab3) xor     s5, s4, sp
core   0: 3 0x8000e2ee (0x002a4ab3) x21 0x0000c2d8
core   0: 0x8000e2f2 (0x00000001) c.nop
core   0: 3 0x8000e2f2 (0x0001)
core   0: 0x8000e2f4 (0x00008ab9) c.andi  a3, 14
core   0: 3 0x8000e2f4 (0x8ab9) x13 0x00000000
core   0: 0x8000e2f6 (0x00532cb3) slt     s9, t1, t0
core   0: 3 0x8000e2f6 (0x00532cb3) x25 0x00000000
core   0: 0x8000e2fa (0x2f47c913) xori    s2, a5, 756
core   0: 3 0x8000e2fa (0x2f47c913) x18 0x000002f4
core   0: 0x8000e2fe (0x02382533) mulhsu  a0, a6, gp
core   0: 3 0x8000e2fe (0x02382533) x10 0xffffffff
core   0: 0x8000e302 (0x00008099) c.srli  s1, 6
core   0: 3 0x8000e302 (0x8099) x 9 0x00000002
core   0: 0x8000e304 (0x00009c96) c.add   s9, t0
core   0: 3 0x8000e304 (0x9c96) x25 0x80029c80
core   0: 0x8000e306 (0xdfc06193) ori     gp, zero, -516
core   0: 3 0x8000e306 (0xdfc06193) x 3 0xfffffdfc
core   0: 0x8000e30a (0x0344f493) andi    s1, s1, 52
core   0: 3 0x8000e30a (0x0344f493) x 9 0x00000000
core   0: 0x8000e30e (0x02c74233) div     tp, a4, a2
core   0: 3 0x8000e30e (0x02c74233) x 4 0x00000000
core   0: 0x8000e312 (0x029ac163) blt     s5, s1, pc + 34
core   0: 3 0x8000e312 (0x029ac163)
core   0: 0x8000e316 (0x028191b3) mulh    gp, gp, s0
core   0: 3 0x8000e316 (0x028191b3) x 3 0x00000101
core   0: 0x8000e31a (0x0000c3b1) c.beqz  a5, pc + 68
core   0: 3 0x8000e31a (0xc3b1)
core   0: 0x8000e35e (0x03d2fd63) bgeu    t0, t4, pc + 58
core   0: 3 0x8000e35e (0x03d2fd63)
core   0: 0x8000e398 (0x00008e41) c.or    a2, s0
core   0: 3 0x8000e398 (0x8e41) x12 0x80029c80
core   0: 0x8000e39a (0x00006cf1) c.lui   s9, 0x1c
core   0: 3 0x8000e39a (0x6cf1) x25 0x0001c000
core   0: 0x8000e39c (0x0000629d) c.lui   t0, 0x7
core   0: 3 0x8000e39c (0x629d) x 5 0x00007000
core   0: 0x8000e39e (0x000040f9) c.li    ra, 30
core   0: 3 0x8000e39e (0x40f9) x 1 0x0000001e
core   0: 0x8000e3a0 (0x00709c33) sll     s8, ra, t2
core   0: 3 0x8000e3a0 (0x00709c33) x24 0x00000780
core   0: 0x8000e3a4 (0x02474563) blt     a4, tp, pc + 42
core   0: 3 0x8000e3a4 (0x02474563)
core   0: 0x8000e3a8 (0x0274a333) mulhsu  t1, s1, t2
core   0: 3 0x8000e3a8 (0x0274a333) x 6 0x00000000
core   0: 0x8000e3ac (0x40588933) sub     s2, a7, t0
core   0: 3 0x8000e3ac (0x40588933) x18 0xffff9080
core   0: 0x8000e3b0 (0x028cd4b3) divu    s1, s9, s0
core   0: 3 0x8000e3b0 (0x028cd4b3) x 9 0x00000000
core   0: 0x8000e3b4 (0x01fe1a63) bne     t3, t6, pc + 20
core   0: 3 0x8000e3b4 (0x01fe1a63)
core   0: 0x8000e3c8 (0x0000187d) c.addi  a6, -1
core   0: 3 0x8000e3c8 (0x187d) x16 0xfffffffe
core   0: 0x8000e3ca (0x03517bb3) remu    s7, sp, s5
core   0: 3 0x8000e3ca (0x03517bb3) x23 0x00005464
core   0: 0x8000e3ce (0x41af0833) sub     a6, t5, s10
core   0: 3 0x8000e3ce (0x41af0833) x16 0x800101c6
core   0: 0x8000e3d2 (0x03422e33) mulhsu  t3, tp, s4
core   0: 3 0x8000e3d2 (0x03422e33) x28 0x00000000
core   0: 0x8000e3d6 (0x418902b3) sub     t0, s2, s8
core   0: 3 0x8000e3d6 (0x418902b3) x 5 0xffff8900
core   0: 0x8000e3da (0x0129e833) or      a6, s3, s2
core   0: 3 0x8000e3da (0x0129e833) x16 0xfffff080
core   0: 0x8000e3de (0x0ff0000f) fence   iorw,iorw
core   0: 3 0x8000e3de (0x0ff0000f)
core   0: 0x8000e3e2 (0x023ab4b3) mulhu   s1, s5, gp
core   0: 3 0x8000e3e2 (0x023ab4b3) x 9 0x00000000
core   0: 0x8000e3e6 (0x00004255) c.li    tp, 21
core   0: 3 0x8000e3e6 (0x4255) x 4 0x00000015
core   0: 0x8000e3e8 (0x000fb0b3) sltu    ra, t6, zero
core   0: 3 0x8000e3e8 (0x000fb0b3) x 1 0x00000000
core   0: 0x8000e3ec (0x02b611b3) mulh    gp, a2, a1
core   0: 3 0x8000e3ec (0x02b611b3) x 3 0x3ffeb1c0
core   0: 0x8000e3f0 (0x00008ba9) c.andi  a5, 10
core   0: 3 0x8000e3f0 (0x8ba9) x15 0x00000000
core   0: 0x8000e3f2 (0x03692eb3) mulhsu  t4, s2, s6
core   0: 3 0x8000e3f2 (0x03692eb3) x29 0xffffeeb1
core   0: 0x8000e3f6 (0x0947c963) blt     a5, s4, pc + 146
core   0: 3 0x8000e3f6 (0x0947c963)
core   0: 0x8000e3fa (0x03c39bb3) mulh    s7, t2, t3
core   0: 3 0x8000e3fa (0x03c39bb3) x23 0x00000000
core   0: 0x8000e3fe (0x17117313) andi    t1, sp, 369
core   0: 3 0x8000e3fe (0x17117313) x 6 0x00000060
core   0: 0x8000e402 (0x416c83b3) sub     t2, s9, s6
core   0: 3 0x8000e402 (0x416c83b3) x 7 0xd8454d34
core   0: 0x8000e406 (0x01e884b3) add     s1, a7, t5
core   0: 3 0x8000e406 (0x01e884b3) x 9 0x80010870
core   0: 0x8000e40a (0x00cf13b3) sll     t2, t5, a2
core   0: 3 0x8000e40a (0x00cf13b3) x 7 0x800107f0
core   0: 0x8000e40e (0x014aa433) slt     s0, s5, s4
core   0: 3 0x8000e40e (0x014aa433) x 8 0x00000000
core   0: 0x8000e412 (0x018000ef) jal     pc + 0x18
core   0: 3 0x8000e412 (0x018000ef) x 1 0x8000e416
core   0: 0x8000e42a (0x0000a839) c.j     pc + 30
core   0: 3 0x8000e42a (0xa839)
core   0: 0x8000e448 (0x00003ffd) c.jal   pc - 2
core   0: 3 0x8000e448 (0x3ffd) x 1 0x8000e44a
core   0: 0x8000e446 (0x0000bfc9) c.j     pc - 46
core   0: 3 0x8000e446 (0xbfc9)
core   0: 0x8000e418 (0x00002019) c.jal   pc + 6
core   0: 3 0x8000e418 (0x2019) x 1 0x8000e41a
core   0: 0x8000e41e (0x0460036f) jal     t1, pc + 0x46
core   0: 3 0x8000e41e (0x0460036f) x 6 0x8000e422
core   0: 0x8000e464 (0x00003fd9) c.jal   pc - 42
core   0: 3 0x8000e464 (0x3fd9) x 1 0x8000e466
core   0: 0x8000e43a (0x006000ef) jal     pc + 0x6
core   0: 3 0x8000e43a (0x006000ef) x 1 0x8000e43e
core   0: 0x8000e440 (0x022000ef) jal     pc + 0x22
core   0: 3 0x8000e440 (0x022000ef) x 1 0x8000e444
core   0: 0x8000e462 (0x0000b7c1) c.j     pc - 64
core   0: 3 0x8000e462 (0xb7c1)
core   0: 0x8000e422 (0x02e001ef) jal     gp, pc + 0x2e
core   0: 3 0x8000e422 (0x02e001ef) x 3 0x8000e426
core   0: 0x8000e450 (0xfefff0ef) jal     pc - 0x12
core   0: 3 0x8000e450 (0xfefff0ef) x 1 0x8000e454
core   0: 0x8000e43e (0x00003ff1) c.jal   pc - 36
core   0: 3 0x8000e43e (0x3ff1) x 1 0x8000e440
core   0: 0x8000e41a (0x012000ef) jal     pc + 0x12
core   0: 3 0x8000e41a (0x012000ef) x 1 0x8000e41e
core   0: 0x8000e42c (0xffbfff6f) jal     t5, pc - 0x6
core   0: 3 0x8000e42c (0xffbfff6f) x30 0x8000e430
core   0: 0x8000e426 (0x0280036f) jal     t1, pc + 0x28
core   0: 3 0x8000e426 (0x0280036f) x 6 0x8000e42a
core   0: 0x8000e44e (0x000037e1) c.jal   pc - 56
core   0: 3 0x8000e44e (0x37e1) x 1 0x8000e450
core   0: 0x8000e416 (0x000020a1) c.jal   pc + 72
core   0: 3 0x8000e416 (0x20a1) x 1 0x8000e418
core   0: 0x8000e45e (0x0000b7dd) c.j     pc - 26
core   0: 3 0x8000e45e (0xb7dd)
core   0: 0x8000e444 (0x00002821) c.jal   pc + 24
core   0: 3 0x8000e444 (0x2821) x 1 0x8000e446
core   0: 0x8000e45c (0x0000bfd1) c.j     pc - 44
core   0: 3 0x8000e45c (0xbfd1)
core   0: 0x8000e430 (0x01a0076f) jal     a4, pc + 0x1a
core   0: 3 0x8000e430 (0x01a0076f) x14 0x8000e434
core   0: 0x8000e44a (0x016000ef) jal     pc + 0x16
core   0: 3 0x8000e44a (0x016000ef) x 1 0x8000e44e
core   0: 0x8000e460 (0x0000bfe5) c.j     pc - 8
core   0: 3 0x8000e460 (0xbfe5)
core   0: 0x8000e458 (0xfe1ff0ef) jal     pc - 0x20
core   0: 3 0x8000e458 (0xfe1ff0ef) x 1 0x8000e45c
core   0: 0x8000e438 (0x00002831) c.jal   pc + 28
core   0: 3 0x8000e438 (0x2831) x 1 0x8000e43a
core   0: 0x8000e454 (0xfe1ff0ef) jal     pc - 0x20
core   0: 3 0x8000e454 (0xfe1ff0ef) x 1 0x8000e458
core   0: 0x8000e434 (0x032000ef) jal     pc + 0x32
core   0: 3 0x8000e434 (0x032000ef) x 1 0x8000e438
core   0: 0x8000e466 (0x016ad4b3) srl     s1, s5, s6
core   0: 3 0x8000e466 (0x016ad4b3) x 9 0x0000000c
core   0: 0x8000e46a (0x01cfe363) bltu    t6, t3, pc + 6
core   0: 3 0x8000e46a (0x01cfe363)
core   0: 0x8000e46e (0x00000001) c.nop
core   0: 3 0x8000e46e (0x0001)
core   0: 0x8000e470 (0x022f7633) remu    a2, t5, sp
core   0: 3 0x8000e470 (0x022f7633) x12 0x8000e430
core   0: 0x8000e474 (0x02717cb3) remu    s9, sp, t2
core   0: 3 0x8000e474 (0x02717cb3) x25 0x000194f4
core   0: 0x8000e478 (0x00008f75) c.and   a4, a3
core   0: 3 0x8000e478 (0x8f75) x14 0x00000000
core   0: 0x8000e47a (0x01c1f3b3) and     t2, gp, t3
core   0: 3 0x8000e47a (0x01c1f3b3) x 7 0x00000000
core   0: 0x8000e47e (0xcb963ab7) lui     s5, 0xcb963
core   0: 3 0x8000e47e (0xcb963ab7) x21 0xcb963000
core   0: 0x8000e482 (0x00008fb1) c.xor   a5, a2
core   0: 3 0x8000e482 (0x8fb1) x15 0x8000e430
core   0: 0x8000e484 (0x03d36263) bltu    t1, t4, pc + 36
core   0: 3 0x8000e484 (0x03d36263)
core   0: 0x8000e4a8 (0x03116c33) rem     s8, sp, a7
core   0: 3 0x8000e4a8 (0x03116c33) x24 0xffffffe4
core   0: 0x8000e4ac (0xf0286037) lui     zero, 0xf0286
core   0: 3 0x8000e4ac (0xf0286037)
core   0: 0x8000e4b0 (0x40765993) srai    s3, a2, 7
core   0: 3 0x8000e4b0 (0x40765993) x19 0xff0001c8
core   0: 0x8000e4b4 (0x02cffb33) remu    s6, t6, a2
core   0: 3 0x8000e4b4 (0x02cffb33) x22 0x0000046d
core   0: 0x8000e4b8 (0x0000949a) c.add   s1, t1
core   0: 3 0x8000e4b8 (0x949a) x 9 0x8000e436
core   0: 0x8000e4ba (0x0ff36b37) lui     s6, 0xff36
core   0: 3 0x8000e4ba (0x0ff36b37) x22 0x0ff36000
core   0: 0x8000e4be (0xfddc9417) auipc   s0, 0xfddc9
core   0: 3 0x8000e4be (0xfddc9417) x 8 0x7ddd74be
core   0: 0x8000e4c2 (0x400f8fb3) sub     t6, t6, zero
core   0: 3 0x8000e4c2 (0x400f8fb3) x31 0x0000046d
core   0: 0x8000e4c6 (0x03b2bab3) mulhu   s5, t0, s11
core   0: 3 0x8000e4c6 (0x03b2bab3) x21 0x9a26f857
core   0: 0x8000e4ca (0x0ff0000f) fence   iorw,iorw
core   0: 3 0x8000e4ca (0x0ff0000f)
core   0: 0x8000e4ce (0x00008aad) c.andi  a3, 11
core   0: 3 0x8000e4ce (0x8aad) x13 0x00000000
core   0: 0x8000e4d0 (0x00c000ef) jal     pc + 0xc
core   0: 3 0x8000e4d0 (0x00c000ef) x 1 0x8000e4d4
core   0: 0x8000e4dc (0x0000bfe5) c.j     pc - 8
core   0: 3 0x8000e4dc (0xbfe5)
core   0: 0x8000e4d4 (0x018000ef) jal     pc + 0x18
core   0: 3 0x8000e4d4 (0x018000ef) x 1 0x8000e4d8
core   0: 0x8000e4ec (0xff3ff0ef) jal     pc - 0xe
core   0: 3 0x8000e4ec (0xff3ff0ef) x 1 0x8000e4f0
core   0: 0x8000e4de (0x004000ef) jal     pc + 0x4
core   0: 3 0x8000e4de (0x004000ef) x 1 0x8000e4e2
core   0: 0x8000e4e2 (0x012000ef) jal     pc + 0x12
core   0: 3 0x8000e4e2 (0x012000ef) x 1 0x8000e4e6
core   0: 0x8000e4f4 (0xff7ff0ef) jal     pc - 0xa
core   0: 3 0x8000e4f4 (0xff7ff0ef) x 1 0x8000e4f8
core   0: 0x8000e4ea (0x00002021) c.jal   pc + 8
core   0: 3 0x8000e4ea (0x2021) x 1 0x8000e4ec
core   0: 0x8000e4f2 (0x0000bfd5) c.j     pc - 12
core   0: 3 0x8000e4f2 (0xbfd5)
core   0: 0x8000e4e6 (0xff3ff36f) jal     t1, pc - 0xe
core   0: 3 0x8000e4e6 (0xff3ff36f) x 6 0x8000e4ea
core   0: 0x8000e4d8 (0x01800c6f) jal     s8, pc + 0x18
core   0: 3 0x8000e4d8 (0x01800c6f) x24 0x8000e4dc
core   0: 0x8000e4f0 (0x00002021) c.jal   pc + 8
core   0: 3 0x8000e4f0 (0x2021) x 1 0x8000e4f2
core   0: 0x8000e4f8 (0x414dde33) sra     t3, s11, s4
core   0: 3 0x8000e4f8 (0x414dde33) x28 0xfffffff9
core   0: 0x8000e4fc (0x000d9633) sll     a2, s11, zero
core   0: 3 0x8000e4fc (0x000d9633) x12 0x9a274000
core   0: 0x8000e500 (0x97972e93) slti    t4, a4, -1671
core   0: 3 0x8000e500 (0x97972e93) x29 0x00000000
core   0: 0x8000e504 (0x94aec913) xori    s2, t4, -1718
core   0: 3 0x8000e504 (0x94aec913) x18 0xfffff94a
core   0: 0x8000e508 (0x00008f5d) c.or    a4, a5
core   0: 3 0x8000e508 (0x8f5d) x14 0x8000e430
core   0: 0x8000e50a (0x00ade463) bltu    s11, a0, pc + 8
core   0: 3 0x8000e50a (0x00ade463)
core   0: 0x8000e512 (0x00000001) c.nop
core   0: 3 0x8000e512 (0x0001)
core   0: 0x8000e514 (0x0371f333) remu    t1, gp, s7
core   0: 3 0x8000e514 (0x0371f333) x 6 0x8000e426
core   0: 0x8000e518 (0xddc7dab7) lui     s5, 0xddc7d
core   0: 3 0x8000e518 (0xddc7dab7) x21 0xddc7d000
core   0: 0x8000e51c (0x080e2317) auipc   t1, 0x80e2
core   0: 3 0x8000e51c (0x080e2317) x 6 0x880f051c
core   0: 0x8000e520 (0x03692833) mulhsu  a6, s2, s6
core   0: 3 0x8000e520 (0x03692833) x16 0xffffff94
core   0: 0x8000e524 (0x03bb3233) mulhu   tp, s6, s11
core   0: 3 0x8000e524 (0x03bb3233) x 4 0x099ad9d0
core   0: 0x8000e528 (0x006508b3) add     a7, a0, t1
core   0: 3 0x8000e528 (0x006508b3) x17 0x880f051b
core   0: 0x8000e52c (0x00000c8a) c.slli  s9, 2
core   0: 3 0x8000e52c (0x0c8a) x25 0x000653d0
core   0: 0x8000e52e (0x000051fd) c.li    gp, -1
core   0: 3 0x8000e52e (0x51fd) x 3 0xffffffff
core   0: 0x8000e530 (0x403d8933) sub     s2, s11, gp
core   0: 3 0x8000e530 (0x403d8933) x18 0x9a274001
core   0: 0x8000e534 (0x00008d39) c.xor   a0, a4
core   0: 3 0x8000e534 (0x8d39) x10 0x7fff1bcf
core   0: 0x8000e536 (0x012f0e63) beq     t5, s2, pc + 28
core   0: 3 0x8000e536 (0x012f0e63)
core   0: 0x8000e53a (0x03470233) mul     tp, a4, s4
core   0: 3 0x8000e53a (0x03470233) x 4 0x1c5f1b40
core   0: 0x8000e53e (0x00008579) c.srai  a0, 30
core   0: 3 0x8000e53e (0x8579) x10 0x00000001
core   0: 0x8000e540 (0x41048933) sub     s2, s1, a6
core   0: 3 0x8000e540 (0x41048933) x18 0x8000e4a2
core   0: 0x8000e544 (0x028a44b3) div     s1, s4, s0
core   0: 3 0x8000e544 (0x028a44b3) x 9 0xffffffff
core   0: 0x8000e548 (0x00000001) c.nop
core   0: 3 0x8000e548 (0x0001)
core   0: 0x8000e54a (0x015d96b3) sll     a3, s11, s5
core   0: 3 0x8000e54a (0x015d96b3) x13 0x9a274000
core   0: 0x8000e54e (0x0148dc33) srl     s8, a7, s4
core   0: 3 0x8000e54e (0x0148dc33) x24 0x00000008
core   0: 0x8000e552 (0x00008eb1) c.xor   a3, a2
core   0: 3 0x8000e552 (0x8eb1) x13 0x00000000
core   0: 0x8000e554 (0x00008f9a) c.mv    t6, t1
core   0: 3 0x8000e554 (0x8f9a) x31 0x880f051c
core   0: 0x8000e556 (0x00000b95) c.addi  s7, 5
core   0: 3 0x8000e556 (0x0b95) x23 0x00000005
core   0: 0x8000e558 (0xbc0e0793) addi    a5, t3, -1088
core   0: 3 0x8000e558 (0xbc0e0793) x15 0xfffffbb9
core   0: 0x8000e55c (0x02fbfd33) remu    s10, s7, a5
core   0: 3 0x8000e55c (0x02fbfd33) x26 0x00000005
core   0: 0x8000e560 (0x01cadbb3) srl     s7, s5, t3
core   0: 3 0x8000e560 (0x01cadbb3) x23 0x0000006e
core   0: 0x8000e564 (0x03994bb3) div     s7, s2, s9
core   0: 3 0x8000e564 (0x03994bb3) x23 0xffffebc6
core   0: 0x8000e568 (0x0000e609) c.bnez  a2, pc + 10
core   0: 3 0x8000e568 (0xe609)
core   0: 0x8000e572 (0x00008d21) c.xor   a0, s0
core   0: 3 0x8000e572 (0x8d21) x10 0x7ddd74bf
core   0: 0x8000e574 (0x00008eb1) c.xor   a3, a2
core   0: 3 0x8000e574 (0x8eb1) x13 0x9a274000
core   0: 0x8000e576 (0xe94f4e93) xori    t4, t5, -364
core   0: 3 0x8000e576 (0xe94f4e93) x29 0x7fff1aa4
core   0: 0x8000e57a (0xf196b193) sltiu   gp, a3, -231
core   0: 3 0x8000e57a (0xf196b193) x 3 0x00000001
core   0: 0x8000e57e (0x00000001) c.nop
core   0: 3 0x8000e57e (0x0001)
core   0: 0x8000e580 (0x00008c75) c.and   s0, a3
core   0: 3 0x8000e580 (0x8c75) x 8 0x18054000
core   0: 0x8000e582 (0x9c902e13) slti    t3, zero, -1591
core   0: 3 0x8000e582 (0x9c902e13) x28 0x00000000
core   0: 0x8000e586 (0x0000127d) c.addi  tp, -1
core   0: 3 0x8000e586 (0x127d) x 4 0x1c5f1b3f
core   0: 0x8000e588 (0x6ba4ac13) slti    s8, s1, 1722
core   0: 3 0x8000e588 (0x6ba4ac13) x24 0x00000001
core   0: 0x8000e58c (0x004b81b3) add     gp, s7, tp
core   0: 3 0x8000e58c (0x004b81b3) x 3 0x1c5f0705
core   0: 0x8000e590 (0x00000001) c.nop
core   0: 3 0x8000e590 (0x0001)
core   0: 0x8000e592 (0x00f16633) or      a2, sp, a5
core   0: 3 0x8000e592 (0x00f16633) x12 0xfffffffd
core   0: 0x8000e596 (0x43303617) auipc   a2, 0x43303
core   0: 3 0x8000e596 (0x43303617) x12 0xc3311596
core   0: 0x8000e59a (0x00009c76) c.add   s8, t4
core   0: 3 0x8000e59a (0x9c76) x24 0x7fff1aa5
core   0: 0x8000e59c (0x00c01713) slli    a4, zero, 12
core   0: 3 0x8000e59c (0x00c01713) x14 0x00000000
core   0: 0x8000e5a0 (0x00008785) c.srai  a5, 1
core   0: 3 0x8000e5a0 (0x8785) x15 0xfffffddc
core   0: 0x8000e5a2 (0x01b4f6b3) and     a3, s1, s11
core   0: 3 0x8000e5a2 (0x01b4f6b3) x13 0x9a274000
core   0: 0x8000e5a6 (0x00000001) c.nop
core   0: 3 0x8000e5a6 (0x0001)
core   0: 0x8000e5a8 (0x03b62db3) mulhsu  s11, a2, s11
core   0: 3 0x8000e5a8 (0x03b62db3) x27 0xdb623442
core   0: 0x8000e5ac (0x0252a4b3) mulhsu  s1, t0, t0
core   0: 3 0x8000e5ac (0x0252a4b3) x 9 0xffff8900
core   0: 0x8000e5b0 (0x00006b21) c.lui   s6, 0x8
core   0: 3 0x8000e5b0 (0x6b21) x22 0x00008000
core   0: 0x8000e5b2 (0x0199d0b3) srl     ra, s3, s9
core   0: 3 0x8000e5b2 (0x0199d0b3) x 1 0x0000ff00
core   0: 0x8000e5b6 (0x03f376b3) remu    a3, t1, t6
core   0: 3 0x8000e5b6 (0x03f376b3) x13 0x00000000
core   0: 0x8000e5ba (0x0000684d) c.lui   a6, 0x13
core   0: 3 0x8000e5ba (0x684d) x16 0x00013000
core   0: 0x8000e5bc (0x00009416) c.add   s0, t0
core   0: 3 0x8000e5bc (0x9416) x 8 0x1804c900
core   0: 0x8000e5be (0x0000c88d) c.beqz  s1, pc + 50
core   0: 3 0x8000e5be (0xc88d)
core   0: 0x8000e5c0 (0x41495913) srai    s2, s2, 20
core   0: 3 0x8000e5c0 (0x41495913) x18 0xfffff800
core   0: 0x8000e5c4 (0x02bf2933) mulhsu  s2, t5, a1
core   0: 3 0x8000e5c4 (0x02bf2933) x18 0xc0007218
core   0: 0x8000e5c8 (0x007ddb33) srl     s6, s11, t2
core   0: 3 0x8000e5c8 (0x007ddb33) x22 0xdb623442
core   0: 0x8000e5cc (0x2578a013) slti    zero, a7, 599
core   0: 3 0x8000e5cc (0x2578a013)
core   0: 0x8000e5d0 (0x03e7feb3) remu    t4, a5, t5
core   0: 3 0x8000e5d0 (0x03e7feb3) x29 0x7fff19ac
core   0: 0x8000e5d4 (0x35d7bd17) auipc   s10, 0x35d7b
core   0: 3 0x8000e5d4 (0x35d7bd17) x26 0xb5d895d4
core   0: 0x8000e5d8 (0x026a10b3) mulh    ra, s4, t1
core   0: 3 0x8000e5d8 (0x026a10b3) x 1 0x3bf76169
core   0: 0x8000e5dc (0x03054833) div     a6, a0, a6
core   0: 3 0x8000e5dc (0x03054833) x16 0x000069fd
core   0: 0x8000e5e0 (0x00000001) c.nop
core   0: 3 0x8000e5e0 (0x0001)
core   0: 0x8000e5e2 (0x01555963) bge     a0, s5, pc + 18
core   0: 3 0x8000e5e2 (0x01555963)
core   0: 0x8000e5f4 (0x00009342) c.add   t1, a6
core   0: 3 0x8000e5f4 (0x9342) x 6 0x880f6f19
core   0: 0x8000e5f6 (0x00000001) c.nop
core   0: 3 0x8000e5f6 (0x0001)
core   0: 0x8000e5f8 (0x01fdb933) sltu    s2, s11, t6
core   0: 3 0x8000e5f8 (0x01fdb933) x18 0x00000000
core   0: 0x8000e5fc (0x036d9833) mulh    a6, s11, s6
core   0: 3 0x8000e5fc (0x036d9833) x16 0x053cc290
core   0: 0x8000e600 (0x01d19013) slli    zero, gp, 29
core   0: 3 0x8000e600 (0x01d19013)
core   0: 0x8000e604 (0x0088d013) srli    zero, a7, 8
core   0: 3 0x8000e604 (0x0088d013)
core   0: 0x8000e608 (0x00008e51) c.or    a2, a2
core   0: 3 0x8000e608 (0x8e51) x12 0xc3311596
core   0: 0x8000e60a (0x01e8cc33) xor     s8, a7, t5
core   0: 3 0x8000e60a (0x01e8cc33) x24 0x080fe12b
core   0: 0x8000e60e (0x00f66d63) bltu    a2, a5, pc + 26
core   0: 3 0x8000e60e (0x00f66d63)
core   0: 0x8000e628 (0x9c198293) addi    t0, s3, -1599
core   0: 3 0x8000e628 (0x9c198293) x 5 0xfefffb89
core   0: 0x8000e62c (0x00008fb1) c.xor   a5, a2
core   0: 3 0x8000e62c (0x8fb1) x15 0x3ccee84a
core   0: 0x8000e62e (0x01661693) slli    a3, a2, 22
core   0: 3 0x8000e62e (0x01661693) x13 0x65800000
core   0: 0x8000e632 (0x41475c33) sra     s8, a4, s4
core   0: 3 0x8000e632 (0x41475c33) x24 0x00000000
core   0: 0x8000e636 (0x02b4d333) divu    t1, s1, a1
core   0: 3 0x8000e636 (0x02b4d333) x 6 0x00000001
core   0: 0x8000e63a (0x0000100f) fence.i
core   0: 3 0x8000e63a (0x0000100f)
core   0: 0x8000e63e (0x00008791) c.srai  a5, 4
core   0: 3 0x8000e63e (0x8791) x15 0x03ccee84
core   0: 0x8000e640 (0x020136b3) mulhu   a3, sp, zero
core   0: 3 0x8000e640 (0x020136b3) x13 0x00000000
core   0: 0x8000e644 (0x5889c893) xori    a7, s3, 1416
core   0: 3 0x8000e644 (0x5889c893) x17 0xff000440
core   0: 0x8000e648 (0x00000001) c.nop
core   0: 3 0x8000e648 (0x0001)
core   0: 0x8000e64a (0x0ff0000f) fence   iorw,iorw
core   0: 3 0x8000e64a (0x0ff0000f)
core   0: 0x8000e64e (0x0000cb05) c.beqz  a4, pc + 48
core   0: 3 0x8000e64e (0xcb05)
core   0: 0x8000e67e (0x0000e505) c.bnez  a0, pc + 40
core   0: 3 0x8000e67e (0xe505)
core   0: 0x8000e6a6 (0x000001d2) c.slli  gp, 20
core   0: 3 0x8000e6a6 (0x01d2) x 3 0x70500000
core   0: 0x8000e6a8 (0x00009976) c.add   s2, t4
core   0: 3 0x8000e6a8 (0x9976) x18 0x7fff19ac
core   0: 0x8000e6aa (0x014f5e33) srl     t3, t5, s4
core   0: 3 0x8000e6aa (0x014f5e33) x28 0x00000008
core   0: 0x8000e6ae (0x7feee0b7) lui     ra, 0x7feee
core   0: 3 0x8000e6ae (0x7feee0b7) x 1 0x7feee000
core   0: 0x8000e6b2 (0x46da7a93) andi    s5, s4, 1133
core   0: 3 0x8000e6b2 (0x46da7a93) x21 0x0000042c
core   0: 0x8000e6b6 (0x00008e51) c.or    a2, a2
core   0: 3 0x8000e6b6 (0x8e51) x12 0xc3311596
core   0: 0x8000e6b8 (0x0000e609) c.bnez  a2, pc + 10
core   0: 3 0x8000e6b8 (0xe609)
core   0: 0x8000e6c2 (0x0ff0000f) fence   iorw,iorw
core   0: 3 0x8000e6c2 (0x0ff0000f)
core   0: 0x8000e6c6 (0x006ccc33) xor     s8, s9, t1
core   0: 3 0x8000e6c6 (0x006ccc33) x24 0x000653d1
core   0: 0x8000e6ca (0x0000830d) c.srli  a4, 3
core   0: 3 0x8000e6ca (0x830d) x14 0x00000000
core   0: 0x8000e6cc (0x40b58fb3) sub     t6, a1, a1
core   0: 3 0x8000e6cc (0x40b58fb3) x31 0x00000000
core   0: 0x8000e6d0 (0x00008221) c.srli  a2, 8
core   0: 3 0x8000e6d0 (0x8221) x12 0x00c33115
core   0: 0x8000e6d2 (0x00008fa5) c.xor   a5, s1
core   0: 3 0x8000e6d2 (0x8fa5) x15 0xfc336784
core   0: 0x8000e6d4 (0x0000857d) c.srai  a0, 31
core   0: 3 0x8000e6d4 (0x857d) x10 0x00000000
core   0: 0x8000e6d6 (0x517ae193) ori     gp, s5, 1303
core   0: 3 0x8000e6d6 (0x517ae193) x 3 0x0000053f
core   0: 0x8000e6da (0x5a3b0b17) auipc   s6, 0x5a3b0
core   0: 3 0x8000e6da (0x5a3b0b17) x22 0xda3be6da
core   0: 0x8000e6de (0x02462cb3) mulhsu  s9, a2, tp
core   0: 3 0x8000e6de (0x02462cb3) x25 0x0015a1e2
core   0: 0x8000e6e2 (0x03725833) divu    a6, tp, s7
core   0: 3 0x8000e6e2 (0x03725833) x16 0x00000000
core   0: 0x8000e6e6 (0x03239863) bne     t2, s2, pc + 48
core   0: 3 0x8000e6e6 (0x03239863)
core   0: 0x8000e716 (0x41a85d93) srai    s11, a6, 26
core   0: 3 0x8000e716 (0x41a85d93) x27 0x00000000
core   0: 0x8000e71a (0x00000001) c.nop
core   0: 3 0x8000e71a (0x0001)
core   0: 0x8000e71c (0x4122d493) srai    s1, t0, 18
core   0: 3 0x8000e71c (0x4122d493) x 9 0xffffffbf
core   0: 0x8000e720 (0x020c4263) bltz    s8, pc + 36
core   0: 3 0x8000e720 (0x020c4263)
core   0: 0x8000e724 (0x00008fc9) c.or    a5, a0
core   0: 3 0x8000e724 (0x8fc9) x15 0xfc336784
core   0: 0x8000e726 (0x02cb1333) mulh    t1, s6, a2
core   0: 3 0x8000e726 (0x02cb1333) x 6 0xffe33463
core   0: 0x8000e72a (0x0000867d) c.srai  a2, 31
core   0: 3 0x8000e72a (0x867d) x12 0x00000000
core   0: 0x8000e72c (0x005f6a63) bltu    t5, t0, pc + 20
core   0: 3 0x8000e72c (0x005f6a63)
core   0: 0x8000e740 (0x000051fd) c.li    gp, -1
core   0: 3 0x8000e740 (0x51fd) x 3 0xffffffff
core   0: 0x8000e742 (0x0000e021) c.bnez  s0, pc + 64
core   0: 3 0x8000e742 (0xe021)
core   0: 0x8000e782 (0x03afd2b3) divu    t0, t6, s10
core   0: 3 0x8000e782 (0x03afd2b3) x 5 0x00000000
core   0: 0x8000e786 (0x01223333) sltu    t1, tp, s2
core   0: 3 0x8000e786 (0x01223333) x 6 0x00000001
core   0: 0x8000e78a (0x0000825d) c.srli  a2, 23
core   0: 3 0x8000e78a (0x825d) x12 0x00000000
core   0: 0x8000e78c (0x413dd693) srai    a3, s11, 19
core   0: 3 0x8000e78c (0x413dd693) x13 0x00000000
core   0: 0x8000e790 (0x79f6aa93) slti    s5, a3, 1951
core   0: 3 0x8000e790 (0x79f6aa93) x21 0x00000001
core   0: 0x8000e794 (0x0001fc33) and     s8, gp, zero
core   0: 3 0x8000e794 (0x0001fc33) x24 0x00000000
core   0: 0x8000e798 (0x02629b63) bne     t0, t1, pc + 54
core   0: 3 0x8000e798 (0x02629b63)
core   0: 0x8000e7ce (0x0314a1b3) mulhsu  gp, s1, a7
core   0: 3 0x8000e7ce (0x0314a1b3) x 3 0xffffffbf
core   0: 0x8000e7d2 (0x00008519) c.srai  a0, 6
core   0: 3 0x8000e7d2 (0x8519) x10 0x00000000
core   0: 0x8000e7d4 (0x000012fd) c.addi  t0, -1
core   0: 3 0x8000e7d4 (0x12fd) x 5 0xffffffff
core   0: 0x8000e7d6 (0x02be7cb3) remu    s9, t3, a1
core   0: 3 0x8000e7d6 (0x02be7cb3) x25 0x00000008
core   0: 0x8000e7da (0x0000100f) fence.i
core   0: 3 0x8000e7da (0x0000100f)
core   0: 0x8000e7de (0x000051fd) c.li    gp, -1
core   0: 3 0x8000e7de (0x51fd) x 3 0xffffffff
core   0: 0x8000e7e0 (0x0080fb33) and     s6, ra, s0
core   0: 3 0x8000e7e0 (0x0080fb33) x22 0x1804c000
core   0: 0x8000e7e4 (0x0054b9b3) sltu    s3, s1, t0
core   0: 3 0x8000e7e4 (0x0054b9b3) x19 0x00000001
core   0: 0x8000e7e8 (0x0000100f) fence.i
core   0: 3 0x8000e7e8 (0x0000100f)
core   0: 0x8000e7ec (0xa67db493) sltiu   s1, s11, -1433
core   0: 3 0x8000e7ec (0xa67db493) x 9 0x00000001
core   0: 0x8000e7f0 (0x00008c25) c.xor   s0, s1
core   0: 3 0x8000e7f0 (0x8c25) x 8 0x1804c901
core   0: 0x8000e7f2 (0x00008fe9) c.and   a5, a0
core   0: 3 0x8000e7f2 (0x8fe9) x15 0x00000000
core   0: 0x8000e7f4 (0x02b70033) mul     zero, a4, a1
core   0: 3 0x8000e7f4 (0x02b70033)
core   0: 0x8000e7f8 (0xe05e9c37) lui     s8, 0xe05e9
core   0: 3 0x8000e7f8 (0xe05e9c37) x24 0xe05e9000
core   0: 0x8000e7fc (0x004dd0b3) srl     ra, s11, tp
core   0: 3 0x8000e7fc (0x004dd0b3) x 1 0x00000000
core   0: 0x8000e800 (0x03420533) mul     a0, tp, s4
core   0: 3 0x8000e800 (0x03420533) x10 0x48c984c4
core   0: 0x8000e804 (0x02a06333) rem     t1, zero, a0
core   0: 3 0x8000e804 (0x02a06333) x 6 0x00000000
core   0: 0x8000e808 (0x4159de13) srai    t3, s3, 21
core   0: 3 0x8000e808 (0x4159de13) x28 0x00000000
core   0: 0x8000e80c (0x00c4a4b3) slt     s1, s1, a2
core   0: 3 0x8000e80c (0x00c4a4b3) x 9 0x00000000
core   0: 0x8000e810 (0x018f37b3) sltu    a5, t5, s8
core   0: 3 0x8000e810 (0x018f37b3) x15 0x00000001
core   0: 0x8000e814 (0x02bea4b3) mulhsu  s1, t4, a1
core   0: 3 0x8000e814 (0x02bea4b3) x 9 0x3fff8cd6
core   0: 0x8000e818 (0x403e5233) sra     tp, t3, gp
core   0: 3 0x8000e818 (0x403e5233) x 4 0x00000000
core   0: 0x8000e81c (0x00008322) c.mv    t1, s0
core   0: 3 0x8000e81c (0x8322) x 6 0x1804c901
core   0: 0x8000e81e (0x02968c33) mul     s8, a3, s1
core   0: 3 0x8000e81e (0x02968c33) x24 0x00000000
core   0: 0x8000e822 (0x40e6dfb3) sra     t6, a3, a4
core   0: 3 0x8000e822 (0x40e6dfb3) x31 0x00000000
core   0: 0x8000e826 (0x000098fd) c.andi  s1, -1
core   0: 3 0x8000e826 (0x98fd) x 9 0x3fff8cd6
core   0: 0x8000e828 (0x24396f93) ori     t6, s2, 579
core   0: 3 0x8000e828 (0x24396f93) x31 0x7fff1bef
core   0: 0x8000e82c (0x00008e09) c.sub   a2, a0
core   0: 3 0x8000e82c (0x8e09) x12 0xb7367b3c
core   0: 0x8000e82e (0x0000ce81) c.beqz  a3, pc + 24
core   0: 3 0x8000e82e (0xce81)
core   0: 0x8000e846 (0x00008555) c.srai  a0, 21
core   0: 3 0x8000e846 (0x8555) x10 0x00000246
core   0: 0x8000e848 (0x000090ce) c.add   ra, s3
core   0: 3 0x8000e848 (0x90ce) x 1 0x00000001
core   0: 0x8000e84a (0x1527a513) slti    a0, a5, 338
core   0: 3 0x8000e84a (0x1527a513) x10 0x00000001
core   0: 0x8000e84e (0x0000856d) c.srai  a0, 27
core   0: 3 0x8000e84e (0x856d) x10 0x00000000
core   0: 0x8000e850 (0x009a4033) xor     zero, s4, s1
core   0: 3 0x8000e850 (0x009a4033)
core   0: 0x8000e854 (0x0033eab3) or      s5, t2, gp
core   0: 3 0x8000e854 (0x0033eab3) x21 0xffffffff
core   0: 0x8000e858 (0x0000100f) fence.i
core   0: 3 0x8000e858 (0x0000100f)
core   0: 0x8000e85c (0x01c7c7b3) xor     a5, a5, t3
core   0: 3 0x8000e85c (0x01c7c7b3) x15 0x00000001
core   0: 0x8000e860 (0x0000931e) c.add   t1, t2
core   0: 3 0x8000e860 (0x931e) x 6 0x1804c901
core   0: 0x8000e862 (0x00185a93) srli    s5, a6, 1
core   0: 3 0x8000e862 (0x00185a93) x21 0x00000000
core   0: 0x8000e866 (0x0375cab3) div     s5, a1, s7
core   0: 3 0x8000e866 (0x0375cab3) x21 0x0006540c
core   0: 0x8000e86a (0x9d77cc13) xori    s8, a5, -1577
core   0: 3 0x8000e86a (0x9d77cc13) x24 0xfffff9d6
core   0: 0x8000e86e (0x003b6bb3) or      s7, s6, gp
core   0: 3 0x8000e86e (0x003b6bb3) x23 0xffffffff
core   0: 0x8000e872 (0x0000127d) c.addi  tp, -1
core   0: 3 0x8000e872 (0x127d) x 4 0xffffffff
core   0: 0x8000e874 (0x01cd9c13) slli    s8, s11, 28
core   0: 3 0x8000e874 (0x01cd9c13) x24 0x00000000
core   0: 0x8000e878 (0xe8c71e97) auipc   t4, 0xe8c71
core   0: 3 0x8000e878 (0xe8c71e97) x29 0x68c7f878
core   0: 0x8000e87c (0x03227cb3) remu    s9, tp, s2
core   0: 3 0x8000e87c (0x03227cb3) x25 0x0001cca7
core   0: 0x8000e880 (0x0000100f) fence.i
core   0: 3 0x8000e880 (0x0000100f)
core   0: 0x8000e884 (0x0000e385) c.bnez  a5, pc + 32
core   0: 3 0x8000e884 (0xe385)
core   0: 0x8000e8a4 (0x00006db1) c.lui   s11, 0xc
core   0: 3 0x8000e8a4 (0x6db1) x27 0x0000c000
core   0: 0x8000e8a6 (0x03fbda63) bge     s7, t6, pc + 52
core   0: 3 0x8000e8a6 (0x03fbda63)
core   0: 0x8000e8aa (0x03bd4e33) div     t3, s10, s11
core   0: 3 0x8000e8aa (0x03bd4e33) x28 0xffff9d21
core   0: 0x8000e8ae (0x9c29e393) ori     t2, s3, -1598
core   0: 3 0x8000e8ae (0x9c29e393) x 7 0xfffff9c3
core   0: 0x8000e8b2 (0x41260db3) sub     s11, a2, s2
core   0: 3 0x8000e8b2 (0x41260db3) x27 0x37376190
core   0: 0x8000e8b6 (0x0ff0000f) fence   iorw,iorw
core   0: 3 0x8000e8b6 (0x0ff0000f)
core   0: 0x8000e8ba (0xc0d20613) addi    a2, tp, -1011
core   0: 3 0x8000e8ba (0xc0d20613) x12 0xfffffc0c
core   0: 0x8000e8be (0x00518d63) beq     gp, t0, pc + 26
core   0: 3 0x8000e8be (0x00518d63)
core   0: 0x8000e8d8 (0x00008edd) c.or    a3, a5
core   0: 3 0x8000e8d8 (0x8edd) x13 0x00000001
core   0: 0x8000e8da (0x0000e2f5) c.bnez  a3, pc + 228
core   0: 3 0x8000e8da (0xe2f5)
core   0: 0x8000e9be (0xd72c0a97) auipc   s5, 0xd72c0
core   0: 3 0x8000e9be (0xd72c0a97) x21 0x572ce9be
core   0: 0x8000e9c2 (0x9f002793) slti    a5, zero, -1552
core   0: 3 0x8000e9c2 (0x9f002793) x15 0x00000000
core   0: 0x8000e9c6 (0x1956b313) sltiu   t1, a3, 405
core   0: 3 0x8000e9c6 (0x1956b313) x 6 0x00000001
core   0: 0x8000e9ca (0x00256463) bltu    a0, sp, pc + 8
core   0: 3 0x8000e9ca (0x00256463)
core   0: 0x8000e9d2 (0x03f2f563) bgeu    t0, t6, pc + 42
core   0: 3 0x8000e9d2 (0x03f2f563)
core   0: 0x8000e9fc (0x000086c2) c.mv    a3, a6
core   0: 3 0x8000e9fc (0x86c2) x13 0x00000000
core   0: 0x8000e9fe (0xb5f1a837) lui     a6, 0xb5f1a
core   0: 3 0x8000e9fe (0xb5f1a837) x16 0xb5f1a000
core   0: 0x8000ea02 (0x004c9963) bne     s9, tp, pc + 18
core   0: 3 0x8000ea02 (0x004c9963)
core   0: 0x8000ea14 (0x00004209) c.li    tp, 2
core   0: 3 0x8000ea14 (0x4209) x 4 0x00000002
core   0: 0x8000ea16 (0x0000c61d) c.beqz  a2, pc + 46
core   0: 3 0x8000ea16 (0xc61d)
core   0: 0x8000ea18 (0x004c1463) bne     s8, tp, pc + 8
core   0: 3 0x8000ea18 (0x004c1463)
core   0: 0x8000ea20 (0x0000100f) fence.i
core   0: 3 0x8000ea20 (0x0000100f)
core   0: 0x8000ea24 (0x00000001) c.nop
core   0: 3 0x8000ea24 (0x0001)
core   0: 0x8000ea26 (0x01526763) bltu    tp, s5, pc + 14
core   0: 3 0x8000ea26 (0x01526763)
core   0: 0x8000ea34 (0x000083bd) c.srli  a5, 15
core   0: 3 0x8000ea34 (0x83bd) x15 0x00000000
core   0: 0x8000ea36 (0x03cbf4b3) remu    s1, s7, t3
core   0: 3 0x8000ea36 (0x03cbf4b3) x 9 0x000062de
core   0: 0x8000ea3a (0x0ff0000f) fence   iorw,iorw
core   0: 3 0x8000ea3a (0x0ff0000f)
core   0: 0x8000ea3e (0x01f98033) add     zero, s3, t6
core   0: 3 0x8000ea3e (0x01f98033)
core   0: 0x8000ea42 (0x000083aa) c.mv    t2, a0
core   0: 3 0x8000ea42 (0x83aa) x 7 0x00000000
core   0: 0x8000ea44 (0x5c5d8693) addi    a3, s11, 1477
core   0: 3 0x8000ea44 (0x5c5d8693) x13 0x37376755
core   0: 0x8000ea48 (0x0ff0000f) fence   iorw,iorw
core   0: 3 0x8000ea48 (0x0ff0000f)
core   0: 0x8000ea4c (0x003c1833) sll     a6, s8, gp
core   0: 3 0x8000ea4c (0x003c1833) x16 0x00000000
core   0: 0x8000ea50 (0x6acd7393) andi    t2, s10, 1708
core   0: 3 0x8000ea50 (0x6acd7393) x 7 0x00000484
core   0: 0x8000ea54 (0x00008fdd) c.or    a5, a5
core   0: 3 0x8000ea54 (0x8fdd) x15 0x00000000
core   0: 0x8000ea56 (0x5a6b0d37) lui     s10, 0x5a6b0
core   0: 3 0x8000ea56 (0x5a6b0d37) x26 0x5a6b0000
core   0: 0x8000ea5a (0x15cb2f13) slti    t5, s6, 348
core   0: 3 0x8000ea5a (0x15cb2f13) x30 0x00000000
core   0: 0x8000ea5e (0x03b5c563) blt     a1, s11, pc + 42
core   0: 3 0x8000ea5e (0x03b5c563)
core   0: 0x8000ea88 (0x01308d33) add     s10, ra, s3
core   0: 3 0x8000ea88 (0x01308d33) x26 0x00000002
core   0: 0x8000ea8c (0x0000100f) fence.i
core   0: 3 0x8000ea8c (0x0000100f)
core   0: 0x8000ea90 (0x00008e51) c.or    a2, a2
core   0: 3 0x8000ea90 (0x8e51) x12 0xfffffc0c
core   0: 0x8000ea92 (0x01309e13) slli    t3, ra, 19
core   0: 3 0x8000ea92 (0x01309e13) x28 0x00080000
core   0: 0x8000ea96 (0x415b0fb3) sub     t6, s6, s5
core   0: 3 0x8000ea96 (0x415b0fb3) x31 0xc0d7d642
core   0: 0x8000ea9a (0x40aa5f13) srai    t5, s4, 10
core   0: 3 0x8000ea9a (0x40aa5f13) x30 0xffe00097
core   0: 0x8000ea9e (0x00002e97) auipc   t4, 0x2
core   0: 3 0x8000ea9e (0x00002e97) x29 0x80010a9e
core   0: 0x8000eaa2 (0xe7de8e93) addi    t4, t4, -387
core   0: 3 0x8000eaa2 (0xe7de8e93) x29 0x8001091b
core   0: 0x8000eaa6 (0xff1ec003) lbu     zero, -15(t4)
core   0: 3 0x8000eaa6 (0xff1ec003) mem 0x8001090c
core   0: 0x8000eaaa (0x038e99a3) sh      s8, 51(t4)
core   0: 3 0x8000eaaa (0x038e99a3) mem 0x8001094e 0x0000
core   0: 0x8000eaae (0x000e8123) sb      zero, 2(t4)
core   0: 3 0x8000eaae (0x000e8123) mem 0x8001091d 0x0
core   0: 0x8000eab2 (0x17abe513) ori     a0, s7, 378
core   0: 3 0x8000eab2 (0x17abe513) x10 0xffffffff
core   0: 0x8000eab6 (0xfe0e8823) sb      zero, -16(t4)
core   0: 3 0x8000eab6 (0xfe0e8823) mem 0x8001090b 0x0
core   0: 0x8000eaba (0x72d50b93) addi    s7, a0, 1837
core   0: 3 0x8000eaba (0x72d50b93) x23 0x0000072c
core   0: 0x8000eabe (0x02ee8f23) sb      a4, 62(t4)
core   0: 3 0x8000eabe (0x02ee8f23) mem 0x80010959 0x0
core   0: 0x8000eac2 (0x02054c33) div     s8, a0, zero
core   0: 3 0x8000eac2 (0x02054c33) x24 0xffffffff
core   0: 0x8000eac6 (0x38973713) sltiu   a4, a4, 905
core   0: 3 0x8000eac6 (0x38973713) x14 0x00000001
core   0: 0x8000eaca (0x00008f61) c.and   a4, s0
core   0: 3 0x8000eaca (0x8f61) x14 0x00000001
core   0: 0x8000eacc (0x00000ba1) c.addi  s7, 8
core   0: 3 0x8000eacc (0x0ba1) x23 0x00000734
core   0: 0x8000eace (0x02072433) mulhsu  s0, a4, zero
core   0: 3 0x8000eace (0x02072433) x 8 0x00000000
core   0: 0x8000ead2 (0x8fac3413) sltiu   s0, s8, -1798
core   0: 3 0x8000ead2 (0x8fac3413) x 8 0x00000000
core   0: 0x8000ead6 (0x9cd74b93) xori    s7, a4, -1587
core   0: 3 0x8000ead6 (0x9cd74b93) x23 0xfffff9cc
core   0: 0x8000eada (0x02005c33) divu    s8, zero, zero
core   0: 3 0x8000eada (0x02005c33) x24 0xffffffff
core   0: 0x8000eade (0x6ccbf713) andi    a4, s7, 1740
core   0: 3 0x8000eade (0x6ccbf713) x14 0x000000cc
core   0: 0x8000eae2 (0x02de8b83) lb      s7, 45(t4)
core   0: 3 0x8000eae2 (0x02de8b83) x23 0x00000003 mem 0x80010948
core   0: 0x8000eae6 (0x2bf44c13) xori    s8, s0, 703
core   0: 3 0x8000eae6 (0x2bf44c13) x24 0x000002bf
core   0: 0x8000eaea (0x02a02733) mulhsu  a4, zero, a0
core   0: 3 0x8000eaea (0x02a02733) x14 0x00000000
core   0: 0x8000eaee (0x01857033) and     zero, a0, s8
core   0: 3 0x8000eaee (0x01857033)
core   0: 0x8000eaf2 (0x020e8403) lb      s0, 32(t4)
core   0: 3 0x8000eaf2 (0x020e8403) x 8 0xfffffff0 mem 0x8001093b
core   0: 0x8000eaf6 (0x02a06c33) rem     s8, zero, a0
core   0: 3 0x8000eaf6 (0x02a06c33) x24 0x00000000
core   0: 0x8000eafa (0x020ba433) mulhsu  s0, s7, zero
core   0: 3 0x8000eafa (0x020ba433) x 8 0x00000000
core   0: 0x8000eafe (0xfe6e8b83) lb      s7, -26(t4)
core   0: 3 0x8000eafe (0xfe6e8b83) x23 0xffffffba mem 0x80010901
core   0: 0x8000eb02 (0x028e8a23) sb      s0, 52(t4)
core   0: 3 0x8000eb02 (0x028e8a23) mem 0x8001094f 0x0
core   0: 0x8000eb06 (0x01be8003) lb      zero, 27(t4)
core   0: 3 0x8000eb06 (0x01be8003) mem 0x80010936
core   0: 0x8000eb0a (0x00ec1533) sll     a0, s8, a4
core   0: 3 0x8000eb0a (0x00ec1533) x10 0x00000000
core   0: 0x8000eb0e (0x00875533) srl     a0, a4, s0
core   0: 3 0x8000eb0e (0x00875533) x10 0x00000000
core   0: 0x8000eb12 (0x015b9413) slli    s0, s7, 21
core   0: 3 0x8000eb12 (0x015b9413) x 8 0xf7400000
core   0: 0x8000eb16 (0x00a03bb3) snez    s7, a0
core   0: 3 0x8000eb16 (0x00a03bb3) x23 0x00000000
core   0: 0x8000eb1a (0x00008c19) c.sub   s0, a4
core   0: 3 0x8000eb1a (0x8c19) x 8 0xf7400000
core   0: 0x8000eb1c (0x02056733) rem     a4, a0, zero
core   0: 3 0x8000eb1c (0x02056733) x14 0x00000000
core   0: 0x8000eb20 (0x00000001) c.nop
core   0: 3 0x8000eb20 (0x0001)
core   0: 0x8000eb22 (0x00000001) c.nop
core   0: 3 0x8000eb22 (0x0001)
core   0: 0x8000eb24 (0x018e80a3) sb      s8, 1(t4)
core   0: 3 0x8000eb24 (0x018e80a3) mem 0x8001091c 0x0
core   0: 0x8000eb28 (0x003ed703) lhu     a4, 3(t4)
core   0: 3 0x8000eb28 (0x003ed703) x14 0x0000d4d5 mem 0x8001091e
core   0: 0x8000eb2c (0x026ec703) lbu     a4, 38(t4)
core   0: 3 0x8000eb2c (0x026ec703) x14 0x000000fa mem 0x80010941
core   0: 0x8000eb30 (0x011e9003) lh      zero, 17(t4)
core   0: 3 0x8000eb30 (0x011e9003) mem 0x8001092c
core   0: 0x8000eb34 (0x00008c61) c.and   s0, s0
core   0: 3 0x8000eb34 (0x8c61) x 8 0xf7400000
core   0: 0x8000eb36 (0xff7e95a3) sh      s7, -21(t4)
core   0: 3 0x8000eb36 (0xff7e95a3) mem 0x80010906 0x0000
core   0: 0x8000eb3a (0x00ae8ba3) sb      a0, 23(t4)
core   0: 3 0x8000eb3a (0x00ae8ba3) mem 0x80010932 0x0
core   0: 0x8000eb3e (0x00005bfd) c.li    s7, -1
core   0: 3 0x8000eb3e (0x5bfd) x23 0xffffffff
core   0: 0x8000eb40 (0xfd8ec403) lbu     s0, -40(t4)
core   0: 3 0x8000eb40 (0xfd8ec403) x 8 0x000000a8 mem 0x800108f3
core   0: 0x8000eb44 (0x02877bb3) remu    s7, a4, s0
core   0: 3 0x8000eb44 (0x02877bb3) x23 0x00000052
core   0: 0x8000eb48 (0x03dedb83) lhu     s7, 61(t4)
core   0: 3 0x8000eb48 (0x03dedb83) x23 0x00000013 mem 0x80010958
core   0: 0x8000eb4c (0xfc8ea8a3) sw      s0, -47(t4)
core   0: 3 0x8000eb4c (0xfc8ea8a3) mem 0x800108ec 0x000000a8
core   0: 0x8000eb50 (0xff6e8403) lb      s0, -10(t4)
core   0: 3 0x8000eb50 (0xff6e8403) x 8 0xffffffca mem 0x80010911
core   0: 0x8000eb54 (0x00008522) c.mv    a0, s0
core   0: 3 0x8000eb54 (0x8522) x10 0xffffffca
core   0: 0x8000eb56 (0x037e81a3) sb      s7, 35(t4)
core   0: 3 0x8000eb56 (0x037e81a3) mem 0x8001093e 0x13
core   0: 0x8000eb5a (0xcc2dea93) ori     s5, s11, -830
core   0: 3 0x8000eb5a (0xcc2dea93) x21 0xfffffdd2
core   0: 0x8000eb5e (0x00008125) c.srli  a0, 9
core   0: 3 0x8000eb5e (0x8125) x10 0x007fffff
core   0: 0x8000eb60 (0x15688537) lui     a0, 0x15688
core   0: 3 0x8000eb60 (0x15688537) x10 0x15688000
core   0: 0x8000eb64 (0x05550463) beq     a0, s5, pc + 72
core   0: 3 0x8000eb64 (0x05550463)
core   0: 0x8000eb68 (0x002f8b63) beq     t6, sp, pc + 22
core   0: 3 0x8000eb68 (0x002f8b63)
core   0: 0x8000eb6c (0x007ebb33) sltu    s6, t4, t2
core   0: 3 0x8000eb6c (0x007ebb33) x22 0x00000000
core   0: 0x8000eb70 (0x00005bfd) c.li    s7, -1
core   0: 3 0x8000eb70 (0x5bfd) x23 0xffffffff
core   0: 0x8000eb72 (0x0000c811) c.beqz  s0, pc + 20
core   0: 3 0x8000eb72 (0xc811)
core   0: 0x8000eb74 (0x00257833) and     a6, a0, sp
core   0: 3 0x8000eb74 (0x00257833) x16 0x00008000
core   0: 0x8000eb78 (0x000008a1) c.addi  a7, 8
core   0: 3 0x8000eb78 (0x08a1) x17 0xff000448
core   0: 0x8000eb7a (0x007b8233) add     tp, s7, t2
core   0: 3 0x8000eb7a (0x007b8233) x 4 0x00000483
core   0: 0x8000eb7e (0x032230b3) mulhu   ra, tp, s2
core   0: 3 0x8000eb7e (0x032230b3) x 1 0x00000241
core   0: 0x8000eb82 (0x00eb0433) add     s0, s6, a4
core   0: 3 0x8000eb82 (0x00eb0433) x 8 0x000000fa
core   0: 0x8000eb86 (0x411ad713) srai    a4, s5, 17
core   0: 3 0x8000eb86 (0x411ad713) x14 0xffffffff
core   0: 0x8000eb8a (0x00008d55) c.or    a0, a3
core   0: 3 0x8000eb8a (0x8d55) x10 0x377fe755
core   0: 0x8000eb8c (0x0153fa63) bgeu    t2, s5, pc + 20
core   0: 3 0x8000eb8c (0x0153fa63)
core   0: 0x8000eb90 (0x00836d33) or      s10, t1, s0
core   0: 3 0x8000eb90 (0x00836d33) x26 0x000000fb
core   0: 0x8000eb94 (0x01c3cb33) xor     s6, t2, t3
core   0: 3 0x8000eb94 (0x01c3cb33) x22 0x00080484
core   0: 0x8000eb98 (0x03059eb3) mulh    t4, a1, a6
core   0: 3 0x8000eb98 (0x03059eb3) x29 0xffffc000
core   0: 0x8000eb9c (0xcead0093) addi    ra, s10, -790
core   0: 3 0x8000eb9c (0xcead0093) x 1 0xfffffde5
core   0: 0x8000eba0 (0x032e1c33) mulh    s8, t3, s2
core   0: 3 0x8000eba0 (0x032e1c33) x24 0x0003fff8
core   0: 0x8000eba4 (0x0000100f) fence.i
core   0: 3 0x8000eba4 (0x0000100f)
core   0: 0x8000eba8 (0x025fdd33) divu    s10, t6, t0
core   0: 3 0x8000eba8 (0x025fdd33) x26 0x00000000
core   0: 0x8000ebac (0x0186df93) srli    t6, a3, 24
core   0: 3 0x8000ebac (0x0186df93) x31 0x00000037
core   0: 0x8000ebb0 (0x01932333) slt     t1, t1, s9
core   0: 3 0x8000ebb0 (0x01932333) x 6 0x00000001
core   0: 0x8000ebb4 (0x00008871) c.andi  s0, 28
core   0: 3 0x8000ebb4 (0x8871) x 8 0x00000018
core   0: 0x8000ebb6 (0x0199c833) xor     a6, s3, s9
core   0: 3 0x8000ebb6 (0x0199c833) x16 0x0001cca6
core   0: 0x8000ebba (0x000040e9) c.li    ra, 26
core   0: 3 0x8000ebba (0x40e9) x 1 0x0000001a
core   0: 0x8000ebbc (0x03b98363) beq     s3, s11, pc + 38
core   0: 3 0x8000ebbc (0x03b98363)
core   0: 0x8000ebc0 (0x00008c91) c.sub   s1, a2
core   0: 3 0x8000ebc0 (0x8c91) x 9 0x000066d2
core   0: 0x8000ebc2 (0x01675e33) srl     t3, a4, s6
core   0: 3 0x8000ebc2 (0x01675e33) x28 0x0fffffff
core   0: 0x8000ebc6 (0x028ce2b3) rem     t0, s9, s0
core   0: 3 0x8000ebc6 (0x028ce2b3) x 5 0x0000000f
core   0: 0x8000ebca (0x33fb0b13) addi    s6, s6, 831
core   0: 3 0x8000ebca (0x33fb0b13) x22 0x000807c3
core   0: 0x8000ebce (0x03d373b3) remu    t2, t1, t4
core   0: 3 0x8000ebce (0x03d373b3) x 7 0x00000001
core   0: 0x8000ebd2 (0x03aa9b63) bne     s5, s10, pc + 54
core   0: 3 0x8000ebd2 (0x03aa9b63)
core   0: 0x8000ec08 (0x00008251) c.srli  a2, 20
core   0: 3 0x8000ec08 (0x8251) x12 0x00000fff
core   0: 0x8000ec0a (0x00008f41) c.or    a4, s0
core   0: 3 0x8000ec0a (0x8f41) x14 0xffffffff
core   0: 0x8000ec0c (0x01d1bdb3) sltu    s11, gp, t4
core   0: 3 0x8000ec0c (0x01d1bdb3) x27 0x00000000
core   0: 0x8000ec10 (0x01815db3) srl     s11, sp, s8
core   0: 3 0x8000ec10 (0x01815db3) x27 0x00000080
core   0: 0x8000ec14 (0x00008f81) c.sub   a5, s0
core   0: 3 0x8000ec14 (0x8f81) x15 0xffffffe8
core   0: 0x8000ec16 (0x0532c213) xori    tp, t0, 83
core   0: 3 0x8000ec16 (0x0532c213) x 4 0x0000005c
core   0: 0x8000ec1a (0x403a83b3) sub     t2, s5, gp
core   0: 3 0x8000ec1a (0x403a83b3) x 7 0xfffffdd3
core   0: 0x8000ec1e (0x004cd4b3) srl     s1, s9, tp
core   0: 3 0x8000ec1e (0x004cd4b3) x 9 0x00000000
core   0: 0x8000ec22 (0x01826cb3) or      s9, tp, s8
core   0: 3 0x8000ec22 (0x01826cb3) x25 0x0003fffc
core   0: 0x8000ec26 (0x004a2083) lw      ra, 4(s4)
core   0: 3 0x8000ec26 (0x004a2083) x 1 0x80005188 mem 0x80025e40
core   0: 0x8000ec2a (0x00008e8d) c.sub   a3, a1
core   0: 3 0x8000ec2a (0x8e8d) x13 0xb7376755
core   0: 0x8000ec2c (0x40930733) sub     a4, t1, s1
core   0: 3 0x8000ec2c (0x40930733) x14 0x00000001
core   0: 0x8000ec30 (0x028a0a13) addi    s4, s4, 40
core   0: 3 0x8000ec30 (0x028a0a13) x20 0x80025e64
core   0: 0x8000ec34 (0x40590eb3) sub     t4, s2, t0
core   0: 3 0x8000ec34 (0x40590eb3) x29 0x7fff199d
core   0: 0x8000ec38 (0x40595393) srai    t2, s2, 5
core   0: 3 0x8000ec38 (0x40595393) x 7 0x03fff8cd
core   0: 0x8000ec3c (0x00008c19) c.sub   s0, a4
core   0: 3 0x8000ec3c (0x8c19) x 8 0x00000017
core   0: 0x8000ec3e (0x037537b3) mulhu   a5, a0, s7
core   0: 3 0x8000ec3e (0x037537b3) x15 0x377fe754
core   0: 0x8000ec42 (0x00108c13) addi    s8, ra, 1
core   0: 3 0x8000ec42 (0x00108c13) x24 0x80005189
core   0: 0x8000ec46 (0x00008c02) c.jr    s8
core   0: 3 0x8000ec46 (0x8c02)
core   0: 0x80005188 (0x0000100f) fence.i
core   0: 3 0x80005188 (0x0000100f)
core   0: 0x8000518c (0x011ac1b3) xor     gp, s5, a7
core   0: 3 0x8000518c (0x011ac1b3) x 3 0x00fff99a
core   0: 0x80005190 (0x01ee9e33) sll     t3, t4, t5
core   0: 3 0x80005190 (0x01ee9e33) x28 0xce800000
core   0: 0x80005194 (0x0015b1b3) sltu    gp, a1, ra
core   0: 3 0x80005194 (0x0015b1b3) x 3 0x00000001
core   0: 0x80005198 (0xd49ff013) andi    zero, t6, -695
core   0: 3 0x80005198 (0xd49ff013)
core   0: 0x8000519c (0x035282b3) mul     t0, t0, s5
core   0: 3 0x8000519c (0x035282b3) x 5 0xffffdf4e
core   0: 0x800051a0 (0x001fb2b3) sltu    t0, t6, ra
core   0: 3 0x800051a0 (0x001fb2b3) x 5 0x00000001
core   0: 0x800051a4 (0x00008071) c.srli  s0, 28
core   0: 3 0x800051a4 (0x8071) x 8 0x00000000
core   0: 0x800051a6 (0x0000100f) fence.i
core   0: 3 0x800051a6 (0x0000100f)
core   0: 0x800051aa (0x033f7e33) remu    t3, t5, s3
core   0: 3 0x800051aa (0x033f7e33) x28 0x00000000
core   0: 0x800051ae (0x0000c795) c.beqz  a5, pc + 44
core   0: 3 0x800051ae (0xc795)
core   0: 0x800051b0 (0x0000100f) fence.i
core   0: 3 0x800051b0 (0x0000100f)
core   0: 0x800051b4 (0x0ff0000f) fence   iorw,iorw
core   0: 3 0x800051b4 (0x0ff0000f)
core   0: 0x800051b8 (0x02470833) mul     a6, a4, tp
core   0: 3 0x800051b8 (0x02470833) x16 0x0000005c
core   0: 0x800051bc (0x03113233) mulhu   tp, sp, a7
core   0: 3 0x800051bc (0x03113233) x 4 0x7f829c6b
core   0: 0x800051c0 (0x021af963) bgeu    s5, ra, pc + 50
core   0: 3 0x800051c0 (0x021af963)
core   0: 0x800051f2 (0x41eed193) srai    gp, t4, 30
core   0: 3 0x800051f2 (0x41eed193) x 3 0x00000001
core   0: 0x800051f6 (0x02d5d763) bge     a1, a3, pc + 46
core   0: 3 0x800051f6 (0x02d5d763)
core   0: 0x800051fa (0x000004a2) c.slli  s1, 8
core   0: 3 0x800051fa (0x04a2) x 9 0x00000000
core   0: 0x800051fc (0x2c94f397) auipc   t2, 0x2c94f
core   0: 3 0x800051fc (0x2c94f397) x 7 0xac9541fc
core   0: 0x80005200 (0x020d8433) mul     s0, s11, zero
core   0: 3 0x80005200 (0x020d8433) x 8 0x00000000
core   0: 0x80005204 (0x00595493) srli    s1, s2, 5
core   0: 3 0x80005204 (0x00595493) x 9 0x03fff8cd
core   0: 0x80005208 (0x01673033) sltu    zero, a4, s6
core   0: 3 0x80005208 (0x01673033)
core   0: 0x8000520c (0xa3326d13) ori     s10, tp, -1485
core   0: 3 0x8000520c (0xa3326d13) x26 0xfffffe7b
core   0: 0x80005210 (0x02f876b3) remu    a3, a6, a5
core   0: 3 0x80005210 (0x02f876b3) x13 0x0000005c
core   0: 0x80005214 (0x38932213) slti    tp, t1, 905
core   0: 3 0x80005214 (0x38932213) x 4 0x00000001
core   0: 0x80005218 (0x0000100f) fence.i
core   0: 3 0x80005218 (0x0000100f)
core   0: 0x8000521c (0x41b2d033) sra     zero, t0, s11
core   0: 3 0x8000521c (0x41b2d033)
core   0: 0x80005220 (0x00821613) slli    a2, tp, 8
core   0: 3 0x80005220 (0x00821613) x12 0x00000100
core   0: 0x80005224 (0x75e0ec13) ori     s8, ra, 1886
core   0: 3 0x80005224 (0x75e0ec13) x24 0x800057de
core   0: 0x80005228 (0x0070d033) srl     zero, ra, t2
core   0: 3 0x80005228 (0x0070d033)
core   0: 0x8000522c (0x03527463) bgeu    tp, s5, pc + 40
core   0: 3 0x8000522c (0x03527463)
core   0: 0x80005230 (0x00000001) c.nop
core   0: 3 0x80005230 (0x0001)
core   0: 0x80005232 (0x00008ada) c.mv    s5, s6
core   0: 3 0x80005232 (0x8ada) x21 0x000807c3
core   0: 0x80005234 (0x027b8ab3) mul     s5, s7, t2
core   0: 3 0x80005234 (0x027b8ab3) x21 0x536abe04
core   0: 0x80005238 (0x0188b0b3) sltu    ra, a7, s8
core   0: 3 0x80005238 (0x0188b0b3) x 1 0x00000000
core   0: 0x8000523c (0x01175993) srli    s3, a4, 17
core   0: 3 0x8000523c (0x01175993) x19 0x00000000
core   0: 0x80005240 (0x038eeb63) bltu    t4, s8, pc + 54
core   0: 3 0x80005240 (0x038eeb63)
core   0: 0x80005276 (0x00009b3e) c.add   s6, a5
core   0: 3 0x80005276 (0x9b3e) x22 0x3787ef17
core   0: 0x80005278 (0x01957733) and     a4, a0, s9
core   0: 3 0x80005278 (0x01957733) x14 0x0003e754
core   0: 0x8000527c (0x0323f933) remu    s2, t2, s2
core   0: 3 0x8000527c (0x0323f933) x18 0x2c962850
core   0: 0x80005280 (0x0394dab3) divu    s5, s1, s9
core   0: 3 0x80005280 (0x0394dab3) x21 0x000000ff
core   0: 0x80005284 (0x000083d5) c.srli  a5, 21
core   0: 3 0x80005284 (0x83d5) x15 0x000001bb
core   0: 0x80005286 (0x00004979) c.li    s2, 30
core   0: 3 0x80005286 (0x4979) x18 0x0000001e
core   0: 0x80005288 (0x035f90b3) mulh    ra, t6, s5
core   0: 3 0x80005288 (0x035f90b3) x 1 0x00000000
core   0: 0x8000528c (0x0000997d) c.andi  a0, -1
core   0: 3 0x8000528c (0x997d) x10 0x377fe755
core   0: 0x8000528e (0x00a8d433) srl     s0, a7, a0
core   0: 3 0x8000528e (0x00a8d433) x 8 0x000007f8
core   0: 0x80005292 (0x00dc4eb3) xor     t4, s8, a3
core   0: 3 0x80005292 (0x00dc4eb3) x29 0x80005782
core   0: 0x80005296 (0x6f986a93) ori     s5, a6, 1785
core   0: 3 0x80005296 (0x6f986a93) x21 0x000006fd
core   0: 0x8000529a (0x00000001) c.nop
core   0: 3 0x8000529a (0x0001)
core   0: 0x8000529c (0xdaf23f93) sltiu   t6, tp, -593
core   0: 3 0x8000529c (0xdaf23f93) x31 0x00000001
core   0: 0x800052a0 (0x018d5c63) bge     s10, s8, pc + 24
core   0: 3 0x800052a0 (0x018d5c63)
core   0: 0x800052b8 (0x0369adb3) mulhsu  s11, s3, s6
core   0: 3 0x800052b8 (0x0369adb3) x27 0x00000000
core   0: 0x800052bc (0x03ef04b3) mul     s1, t5, t5
core   0: 3 0x800052bc (0x03ef04b3) x 9 0xda405911
core   0: 0x800052c0 (0x021922b3) mulhsu  t0, s2, ra
core   0: 3 0x800052c0 (0x021922b3) x 5 0x00000000
core   0: 0x800052c4 (0x00008e15) c.sub   a2, a3
core   0: 3 0x800052c4 (0x8e15) x12 0x000000a4
core   0: 0x800052c6 (0x00008fe1) c.and   a5, s0
core   0: 3 0x800052c6 (0x8fe1) x15 0x000001b8
core   0: 0x800052c8 (0x021a5b63) bge     s4, ra, pc + 54
core   0: 3 0x800052c8 (0x021a5b63)
core   0: 0x800052cc (0x0000cb91) c.beqz  a5, pc + 20
core   0: 3 0x800052cc (0xcb91)
core   0: 0x800052ce (0x1e5cf193) andi    gp, s9, 485
core   0: 3 0x800052ce (0x1e5cf193) x 3 0x000001e4
core   0: 0x800052d2 (0x02c7b933) mulhu   s2, a5, a2
core   0: 3 0x800052d2 (0x02c7b933) x18 0x00000000
core   0: 0x800052d6 (0x00008d31) c.xor   a0, a2
core   0: 3 0x800052d6 (0x8d31) x10 0x377fe7f1
core   0: 0x800052d8 (0x40aed993) srai    s3, t4, 10
core   0: 3 0x800052d8 (0x40aed993) x19 0xffe00015
core   0: 0x800052dc (0x00008fc9) c.or    a5, a0
core   0: 3 0x800052dc (0x8fc9) x15 0x377fe7f9
core   0: 0x800052de (0x0000949a) c.add   s1, t1
core   0: 3 0x800052de (0x949a) x 9 0xda405912
core   0: 0x800052e0 (0x15d6ee93) ori     t4, a3, 349
core   0: 3 0x800052e0 (0x15d6ee93) x29 0x0000015d
core   0: 0x800052e4 (0x00008edd) c.or    a3, a5
core   0: 3 0x800052e4 (0x8edd) x13 0x377fe7fd
core   0: 0x800052e6 (0x5be26813) ori     a6, tp, 1470
core   0: 3 0x800052e6 (0x5be26813) x16 0x000005bf
core   0: 0x800052ea (0x0000cc99) c.beqz  s1, pc + 30
core   0: 3 0x800052ea (0xcc99)
core   0: 0x800052ec (0x0000137d) c.addi  t1, -1
core   0: 3 0x800052ec (0x137d) x 6 0x00000000
core   0: 0x800052ee (0x00a3ffb3) and     t6, t2, a0
core   0: 3 0x800052ee (0x00a3ffb3) x31 0x241541f0
core   0: 0x800052f2 (0x013e8b33) add     s6, t4, s3
core   0: 3 0x800052f2 (0x013e8b33) x22 0xffe00172
core   0: 0x800052f6 (0x00008c9d) c.sub   s1, a5
core   0: 3 0x800052f6 (0x8c9d) x 9 0xa2c07119
core   0: 0x800052f8 (0x00008f31) c.xor   a4, a2
core   0: 3 0x800052f8 (0x8f31) x14 0x0003e7f0
core   0: 0x800052fa (0x3d104193) xori    gp, zero, 977
core   0: 3 0x800052fa (0x3d104193) x 3 0x000003d1
core   0: 0x800052fe (0x00000001) c.nop
core   0: 3 0x800052fe (0x0001)
core   0: 0x80005300 (0x021b3eb3) mulhu   t4, s6, ra
core   0: 3 0x80005300 (0x021b3eb3) x29 0x00000000
core   0: 0x80005304 (0x51ab0617) auipc   a2, 0x51ab0
core   0: 3 0x80005304 (0x51ab0617) x12 0xd1ab5304
core   0: 0x80005308 (0x0000934a) c.add   t1, s2
core   0: 3 0x80005308 (0x934a) x 6 0x00000000
core   0: 0x8000530a (0x02d40733) mul     a4, s0, a3
core   0: 3 0x8000530a (0x02d40733) x14 0x4340a818
core   0: 0x8000530e (0x00006bfd) c.lui   s7, 0x1f
core   0: 3 0x8000530e (0x6bfd) x23 0x0001f000
core   0: 0x80005310 (0xc36ae093) ori     ra, s5, -970
core   0: 3 0x80005310 (0xc36ae093) x 1 0xfffffeff
core   0: 0x80005314 (0x63c7a213) slti    tp, a5, 1596
core   0: 3 0x80005314 (0x63c7a213) x 4 0x00000000
core   0: 0x80005318 (0x0000c511) c.beqz  a0, pc + 12
core   0: 3 0x80005318 (0xc511)
core   0: 0x8000531a (0x03730763) beq     t1, s7, pc + 46
core   0: 3 0x8000531a (0x03730763)
core   0: 0x8000531e (0x0000909e) c.add   ra, t2
core   0: 3 0x8000531e (0x909e) x 1 0xac9540fb
core   0: 0x80005320 (0x0107eab3) or      s5, a5, a6
core   0: 3 0x80005320 (0x0107eab3) x21 0x377fe7ff
core   0: 0x80005324 (0x0ff0000f) fence   iorw,iorw
core   0: 3 0x80005324 (0x0ff0000f)
core   0: 0x80005328 (0x01454b33) xor     s6, a0, s4
core   0: 3 0x80005328 (0x01454b33) x22 0xb77db995
core   0: 0x8000532c (0x00999633) sll     a2, s3, s1
core   0: 3 0x8000532c (0x00999633) x12 0x2a000000
core   0: 0x80005330 (0x024c7633) remu    a2, s8, tp
core   0: 3 0x80005330 (0x024c7633) x12 0x800057de
core   0: 0x80005334 (0x01550663) beq     a0, s5, pc + 12
core   0: 3 0x80005334 (0x01550663)
core   0: 0x80005338 (0x007cdd33) srl     s10, s9, t2
core   0: 3 0x80005338 (0x007cdd33) x26 0x00000000
core   0: 0x8000533c (0x000086a5) c.srai  a3, 9
core   0: 3 0x8000533c (0x86a5) x13 0x001bbff3
core   0: 0x8000533e (0x000000ce) c.slli  ra, 19
core   0: 3 0x8000533e (0x00ce) x 1 0x07d80000
core   0: 0x80005340 (0x006edb63) bge     t4, t1, pc + 22
core   0: 3 0x80005340 (0x006edb63)
core   0: 0x80005356 (0x01b8aeb3) slt     t4, a7, s11
core   0: 3 0x80005356 (0x01b8aeb3) x29 0x00000001
core   0: 0x8000535a (0x0020fd63) bgeu    ra, sp, pc + 26
core   0: 3 0x8000535a (0x0020fd63)
core   0: 0x8000535e (0x01a730b3) sltu    ra, a4, s10
core   0: 3 0x8000535e (0x01a730b3) x 1 0x00000000
core   0: 0x80005362 (0x02906c33) rem     s8, zero, s1
core   0: 3 0x80005362 (0x02906c33) x24 0x00000000
core   0: 0x80005366 (0x00be44b3) xor     s1, t3, a1
core   0: 3 0x80005366 (0x00be44b3) x 9 0x80000000
core   0: 0x8000536a (0x03e67663) bgeu    a2, t5, pc + 44
core   0: 3 0x8000536a (0x03e67663)
core   0: 0x8000536e (0x0000100f) fence.i
core   0: 3 0x8000536e (0x0000100f)
core   0: 0x80005372 (0x00000001) c.nop
core   0: 3 0x80005372 (0x0001)
core   0: 0x80005374 (0x00000695) c.addi  a3, 5
core   0: 3 0x80005374 (0x0695) x13 0x001bbff8
core   0: 0x80005376 (0x16594d13) xori    s10, s2, 357
core   0: 3 0x80005376 (0x16594d13) x26 0x00000165
core   0: 0x8000537a (0x0000c089) c.beqz  s1, pc + 2
core   0: 3 0x8000537a (0xc089)
core   0: 0x8000537c (0x02626733) rem     a4, tp, t1
core   0: 3 0x8000537c (0x02626733) x14 0x00000000
core   0: 0x80005380 (0x000090fa) c.add   ra, t5
core   0: 3 0x80005380 (0x90fa) x 1 0xffe00097
core   0: 0x80005382 (0x0000480d) c.li    a6, 3
core   0: 3 0x80005382 (0x480d) x16 0x00000003
core   0: 0x80005384 (0x00006885) c.lui   a7, 0x1
core   0: 3 0x80005384 (0x6885) x17 0x00001000
core   0: 0x80005386 (0xf99b0f93) addi    t6, s6, -103
core   0: 3 0x80005386 (0xf99b0f93) x31 0xb77db92e
core   0: 0x8000538a (0x03ac8733) mul     a4, s9, s10
core   0: 3 0x8000538a (0x03ac8733) x14 0x0593fa6c
core   0: 0x8000538e (0x02b1d033) divu    zero, gp, a1
core   0: 3 0x8000538e (0x02b1d033)
core   0: 0x80005392 (0x01fba533) slt     a0, s7, t6
core   0: 3 0x80005392 (0x01fba533) x10 0x00000000
core   0: 0x80005396 (0x037c0233) mul     tp, s8, s7
core   0: 3 0x80005396 (0x037c0233) x 4 0x00000000
core   0: 0x8000539a (0x004666b3) or      a3, a2, tp
core   0: 3 0x8000539a (0x004666b3) x13 0x800057de
core   0: 0x8000539e (0x010ae1b3) or      gp, s5, a6
core   0: 3 0x8000539e (0x010ae1b3) x 3 0x377fe7ff
core   0: 0x800053a2 (0x025fe8b3) rem     a7, t6, t0
core   0: 3 0x800053a2 (0x025fe8b3) x17 0xb77db92e
core   0: 0x800053a6 (0x667ba093) slti    ra, s7, 1639
core   0: 3 0x800053a6 (0x667ba093) x 1 0x00000000
core   0: 0x800053aa (0x03d1ff63) bgeu    gp, t4, pc + 62
core   0: 3 0x800053aa (0x03d1ff63)
core   0: 0x800053e8 (0x40578c33) sub     s8, a5, t0
core   0: 3 0x800053e8 (0x40578c33) x24 0x377fe7f9
core   0: 0x800053ec (0xf5dc4913) xori    s2, s8, -163
core   0: 3 0x800053ec (0xf5dc4913) x18 0xc88018a4
core   0: 0x800053f0 (0xddfb8b13) addi    s6, s7, -545
core   0: 3 0x800053f0 (0xddfb8b13) x22 0x0001eddf
core   0: 0x800053f4 (0x45700297) auipc   t0, 0x45700
core   0: 3 0x800053f4 (0x45700297) x 5 0xc57053f4
core   0: 0x800053f8 (0x018e74b3) and     s1, t3, s8
core   0: 3 0x800053f8 (0x018e74b3) x 9 0x00000000
core   0: 0x800053fc (0x508d8737) lui     a4, 0x508d8
core   0: 3 0x800053fc (0x508d8737) x14 0x508d8000
core   0: 0x80005400 (0x000004ea) c.slli  s1, 26
core   0: 3 0x80005400 (0x04ea) x 9 0x00000000
core   0: 0x80005402 (0x00008089) c.srli  s1, 2
core   0: 3 0x80005402 (0x8089) x 9 0x00000000
core   0: 0x80005404 (0x64b4e3b7) lui     t2, 0x64b4e
core   0: 3 0x80005404 (0x64b4e3b7) x 7 0x64b4e000
core   0: 0x80005408 (0x00008fa1) c.xor   a5, s0
core   0: 3 0x80005408 (0x8fa1) x15 0x377fe001
core   0: 0x8000540a (0x8af37b93) andi    s7, t1, -1873
core   0: 3 0x8000540a (0x8af37b93) x23 0x00000000
core   0: 0x8000540e (0x000060d5) c.lui   ra, 0x15
core   0: 3 0x8000540e (0x60d5) x 1 0x00015000
core   0: 0x80005410 (0x02bc4233) div     tp, s8, a1
core   0: 3 0x80005410 (0x02bc4233) x 4 0x00000000
core   0: 0x80005414 (0x03a87963) bgeu    a6, s10, pc + 50
core   0: 3 0x80005414 (0x03a87963)
core   0: 0x80005418 (0x00008405) c.srai  s0, 1
core   0: 3 0x80005418 (0x8405) x 8 0x000003fc
core   0: 0x8000541a (0x00008f95) c.sub   a5, a3
core   0: 3 0x8000541a (0x8f95) x15 0xb77f8823
core   0: 0x8000541c (0x000008aa) c.slli  a7, 10
core   0: 3 0x8000541c (0x08aa) x17 0xf6e4b800
core   0: 0x8000541e (0x00008f8d) c.sub   a5, a1
core   0: 3 0x8000541e (0x8f8d) x15 0x377f8823
core   0: 0x80005420 (0x01e17c33) and     s8, sp, t5
core   0: 3 0x80005420 (0x01e17c33) x24 0x80000084
core   0: 0x80005424 (0x028f1733) mulh    a4, t5, s0
core   0: 3 0x80005424 (0x028f1733) x14 0xffffffff
core   0: 0x80005428 (0x00006e4d) c.lui   t3, 0x13
core   0: 3 0x80005428 (0x6e4d) x28 0x00013000
core   0: 0x8000542a (0x0030dc13) srli    s8, ra, 3
core   0: 3 0x8000542a (0x0030dc13) x24 0x00002a00
core   0: 0x8000542e (0x0067d513) srli    a0, a5, 6
core   0: 3 0x8000542e (0x0067d513) x10 0x00ddfe20
core   0: 0x80005432 (0x00008d1d) c.sub   a0, a5
core   0: 3 0x80005432 (0x8d1d) x10 0xc95e75fd
core   0: 0x80005434 (0x01999d63) bne     s3, s9, pc + 26
core   0: 3 0x80005434 (0x01999d63)
core   0: 0x8000544e (0x998cba93) sltiu   s5, s9, -1640
core   0: 3 0x8000544e (0x998cba93) x21 0x00000001
core   0: 0x80005452 (0x40ecd8b3) sra     a7, s9, a4
core   0: 3 0x80005452 (0x40ecd8b3) x17 0x00000000
core   0: 0x80005456 (0x01061c33) sll     s8, a2, a6
core   0: 3 0x80005456 (0x01061c33) x24 0x0002bef0
core   0: 0x8000545a (0x3201e913) ori     s2, gp, 800
core   0: 3 0x8000545a (0x3201e913) x18 0x377fe7ff
core   0: 0x8000545e (0x412d6313) ori     t1, s10, 1042
core   0: 3 0x8000545e (0x412d6313) x 6 0x00000577
core   0: 0x80005462 (0x008bad33) slt     s10, s7, s0
core   0: 3 0x80005462 (0x008bad33) x26 0x00000001
core   0: 0x80005466 (0x01a36033) or      zero, t1, s10
core   0: 3 0x80005466 (0x01a36033)
core   0: 0x8000546a (0x0ff0000f) fence   iorw,iorw
core   0: 3 0x8000546a (0x0ff0000f)
core   0: 0x8000546e (0x454f7693) andi    a3, t5, 1108
core   0: 3 0x8000546e (0x454f7693) x13 0x00000014
core   0: 0x80005472 (0x04cde063) bltu    s11, a2, pc + 64
core   0: 3 0x80005472 (0x04cde063)
core   0: 0x800054b2 (0x02da0e63) beq     s4, a3, pc + 60
core   0: 3 0x800054b2 (0x02da0e63)
core   0: 0x800054b6 (0x0000100f) fence.i
core   0: 3 0x800054b6 (0x0000100f)
core   0: 0x800054ba (0x00abe433) or      s0, s7, a0
core   0: 3 0x800054ba (0x00abe433) x 8 0xc95e75fd
core   0: 0x800054be (0x00000001) c.nop
core   0: 3 0x800054be (0x0001)
core   0: 0x800054c0 (0x00006085) c.lui   ra, 0x1
core   0: 3 0x800054c0 (0x6085) x 1 0x00001000
core   0: 0x800054c2 (0x00008d01) c.sub   a0, s0
core   0: 3 0x800054c2 (0x8d01) x10 0x00000000
core   0: 0x800054c4 (0x012c9963) bne     s9, s2, pc + 18
core   0: 3 0x800054c4 (0x012c9963)
core   0: 0x800054d6 (0x00005e7d) c.li    t3, -1
core   0: 3 0x800054d6 (0x5e7d) x28 0xffffffff
core   0: 0x800054d8 (0x02911333) mulh    t1, sp, s1
core   0: 3 0x800054d8 (0x02911333) x 6 0x00000000
core   0: 0x800054dc (0x0000e315) c.bnez  a4, pc + 36
core   0: 3 0x800054dc (0xe315)
core   0: 0x80005500 (0x00009bfd) c.andi  a5, -1
core   0: 3 0x80005500 (0x9bfd) x15 0x377f8823
core   0: 0x80005502 (0x00000001) c.nop
core   0: 3 0x80005502 (0x0001)
core   0: 0x80005504 (0x0ff0000f) fence   iorw,iorw
core   0: 3 0x80005504 (0x0ff0000f)
core   0: 0x80005508 (0x01b85033) srl     zero, a6, s11
core   0: 3 0x80005508 (0x01b85033)
core   0: 0x8000550c (0x00008565) c.srai  a0, 25
core   0: 3 0x8000550c (0x8565) x10 0x00000000
core   0: 0x8000550e (0x00009afd) c.andi  a3, -1
core   0: 3 0x8000550e (0x9afd) x13 0x00000014
core   0: 0x80005510 (0x7310af37) lui     t5, 0x7310a
core   0: 3 0x80005510 (0x7310af37) x30 0x7310a000
core   0: 0x80005514 (0x000083ca) c.mv    t2, s2
core   0: 3 0x80005514 (0x83ca) x 7 0x377fe7ff
core   0: 0x80005516 (0x00008ec1) c.or    a3, s0
core   0: 3 0x80005516 (0x8ec1) x13 0xc95e75fd
core   0: 0x80005518 (0xdacfbe13) sltiu   t3, t6, -596
core   0: 3 0x80005518 (0xdacfbe13) x28 0x00000001
core   0: 0x8000551c (0x412d58b3) sra     a7, s10, s2
core   0: 3 0x8000551c (0x412d58b3) x17 0x00000000
core   0: 0x80005520 (0x00008179) c.srli  a0, 30
core   0: 3 0x80005520 (0x8179) x10 0x00000000
core   0: 0x80005522 (0x00008ad5) c.andi  a3, 21
core   0: 3 0x80005522 (0x8ad5) x13 0x00000015
core   0: 0x80005524 (0x01c711b3) sll     gp, a4, t3
core   0: 3 0x80005524 (0x01c711b3) x 3 0xfffffffe
core   0: 0x80005528 (0x409edab3) sra     s5, t4, s1
core   0: 3 0x80005528 (0x409edab3) x21 0x00000001
core   0: 0x8000552c (0xb380f313) andi    t1, ra, -1224
core   0: 3 0x8000552c (0xb380f313) x 6 0x00001000
core   0: 0x80005530 (0x0064d4b3) srl     s1, s1, t1
core   0: 3 0x80005530 (0x0064d4b3) x 9 0x00000000
core   0: 0x80005534 (0x0000cb9d) c.beqz  a5, pc + 54
core   0: 3 0x80005534 (0xcb9d)
core   0: 0x80005536 (0xc564f193) andi    gp, s1, -938
core   0: 3 0x80005536 (0xc564f193) x 3 0x00000000
core   0: 0x8000553a (0x03f0e2b3) rem     t0, ra, t6
core   0: 3 0x8000553a (0x03f0e2b3) x 5 0x00001000
core   0: 0x8000553e (0x0ff0000f) fence   iorw,iorw
core   0: 3 0x8000553e (0x0ff0000f)
core   0: 0x80005542 (0x03e15463) bge     sp, t5, pc + 40
core   0: 3 0x80005542 (0x03e15463)
core   0: 0x80005546 (0x000087a9) c.srai  a5, 10
core   0: 3 0x80005546 (0x87a9) x15 0x000ddfe2
core   0: 0x80005548 (0x883e8b37) lui     s6, 0x883e8
core   0: 3 0x80005548 (0x883e8b37) x22 0x883e8000
core   0: 0x8000554c (0x0000465d) c.li    a2, 23
core   0: 3 0x8000554c (0x465d) x12 0x00000017
core   0: 0x8000554e (0x0000100f) fence.i
core   0: 3 0x8000554e (0x0000100f)
core   0: 0x80005552 (0x03e53833) mulhu   a6, a0, t5
core   0: 3 0x80005552 (0x03e53833) x16 0x00000000
core   0: 0x80005556 (0x010e7c63) bgeu    t3, a6, pc + 24
core   0: 3 0x80005556 (0x010e7c63)
core   0: 0x8000556e (0x012303b3) add     t2, t1, s2
core   0: 3 0x8000556e (0x012303b3) x 7 0x377ff7ff
core   0: 0x80005572 (0x0050d713) srli    a4, ra, 5
core   0: 3 0x80005572 (0x0050d713) x14 0x00000080
core   0: 0x80005576 (0xd4c00a93) li      s5, -692
core   0: 3 0x80005576 (0xd4c00a93) x21 0xfffffd4c
core   0: 0x8000557a (0x00014d63) bltz    sp, pc + 26
core   0: 3 0x8000557a (0x00014d63)
core   0: 0x80005594 (0xfb76fd93) andi    s11, a3, -73
core   0: 3 0x80005594 (0xfb76fd93) x27 0x00000015
core   0: 0x80005598 (0x00fa5f63) bge     s4, a5, pc + 30
core   0: 3 0x80005598 (0x00fa5f63)
core   0: 0x8000559c (0x00008fcd) c.or    a5, a1
core   0: 3 0x8000559c (0x8fcd) x15 0x800ddfe2
core   0: 0x8000559e (0x01ec5213) srli    tp, s8, 30
core   0: 3 0x8000559e (0x01ec5213) x 4 0x00000000
core   0: 0x800055a2 (0x0000ce91) c.beqz  a3, pc + 28
core   0: 3 0x800055a2 (0xce91)
core   0: 0x800055a4 (0x00008d15) c.sub   a0, a3
core   0: 3 0x800055a4 (0x8d15) x10 0xffffffeb
core   0: 0x800055a6 (0x00008c45) c.or    s0, s1
core   0: 3 0x800055a6 (0x8c45) x 8 0xc95e75fd
core   0: 0x800055a8 (0x02ae82b3) mul     t0, t4, a0
core   0: 3 0x800055a8 (0x02ae82b3) x 5 0xffffffeb
core   0: 0x800055ac (0x016b9c63) bne     s7, s6, pc + 24
core   0: 3 0x800055ac (0x016b9c63)
core   0: 0x800055c4 (0x00fc1333) sll     t1, s8, a5
core   0: 3 0x800055c4 (0x00fc1333) x 6 0x000afbc0
core   0: 0x800055c8 (0x00871613) slli    a2, a4, 8
core   0: 3 0x800055c8 (0x00871613) x12 0x00008000
core   0: 0x800055cc (0x0000147d) c.addi  s0, -1
core   0: 3 0x800055cc (0x147d) x 8 0xc95e75fc
core   0: 0x800055ce (0x008490b3) sll     ra, s1, s0
core   0: 3 0x800055ce (0x008490b3) x 1 0x00000000
core   0: 0x800055d2 (0x00005ffd) c.li    t6, -1
core   0: 3 0x800055d2 (0x5ffd) x31 0xffffffff
core   0: 0x800055d4 (0x01fa63b3) or      t2, s4, t6
core   0: 3 0x800055d4 (0x01fa63b3) x 7 0xffffffff
core   0: 0x800055d8 (0x002ff6b3) and     a3, t6, sp
core   0: 3 0x800055d8 (0x002ff6b3) x13 0x80029ce4
core   0: 0x800055dc (0x0b5d2f13) slti    t5, s10, 181
core   0: 3 0x800055dc (0x0b5d2f13) x30 0x00000001
core   0: 0x800055e0 (0x00006d6d) c.lui   s10, 0x1b
core   0: 3 0x800055e0 (0x6d6d) x26 0x0001b000
core   0: 0x800055e2 (0x0ff0000f) fence   iorw,iorw
core   0: 3 0x800055e2 (0x0ff0000f)
core   0: 0x800055e6 (0x01efeab3) or      s5, t6, t5
core   0: 3 0x800055e6 (0x01efeab3) x21 0xffffffff
core   0: 0x800055ea (0x0032ee63) bltu    t0, gp, pc + 28
core   0: 3 0x800055ea (0x0032ee63)
core   0: 0x800055ee (0x02d56063) bltu    a0, a3, pc + 32
core   0: 3 0x800055ee (0x02d56063)
core   0: 0x800055f2 (0x014c6a63) bltu    s8, s4, pc + 20
core   0: 3 0x800055f2 (0x014c6a63)
core   0: 0x80005606 (0xba043f17) auipc   t5, 0xba043
core   0: 3 0x80005606 (0xba043f17) x30 0x3a048606
core   0: 0x8000560a (0x020a8333) mul     t1, s5, zero
core   0: 3 0x8000560a (0x020a8333) x 6 0x00000000
core   0: 0x8000560e (0x0279edb3) rem     s11, s3, t2
core   0: 3 0x8000560e (0x0279edb3) x27 0x00000000
core   0: 0x80005612 (0x00004541) c.li    a0, 16
core   0: 3 0x80005612 (0x4541) x10 0x00000010
core   0: 0x80005614 (0x435eeb93) ori     s7, t4, 1077
core   0: 3 0x80005614 (0x435eeb93) x23 0x00000435
core   0: 0x80005618 (0x4989f937) lui     s2, 0x4989f
core   0: 3 0x80005618 (0x4989f937) x18 0x4989f000
core   0: 0x8000561c (0xc6219337) lui     t1, 0xc6219
core   0: 3 0x8000561c (0xc6219337) x 6 0xc6219000
core   0: 0x80005620 (0x0ff0000f) fence   iorw,iorw
core   0: 3 0x80005620 (0x0ff0000f)
core   0: 0x80005624 (0x415e01b3) sub     gp, t3, s5
core   0: 3 0x80005624 (0x415e01b3) x 3 0x00000002
core   0: 0x80005628 (0x000097ca) c.add   a5, s2
core   0: 3 0x80005628 (0x97ca) x15 0xc997cfe2
core   0: 0x8000562a (0x025730b3) mulhu   ra, a4, t0
core   0: 3 0x8000562a (0x025730b3) x 1 0x0000007f
core   0: 0x8000562e (0x00009f46) c.add   t5, a7
core   0: 3 0x8000562e (0x9f46) x30 0x3a048606
core   0: 0x80005630 (0x016a0c63) beq     s4, s6, pc + 24
core   0: 3 0x80005630 (0x016a0c63)
core   0: 0x80005634 (0x03ceb2b3) mulhu   t0, t4, t3
core   0: 3 0x80005634 (0x03ceb2b3) x 5 0x00000000
core   0: 0x80005638 (0x9347b913) sltiu   s2, a5, -1740
core   0: 3 0x80005638 (0x9347b913) x18 0x00000001
core   0: 0x8000563c (0x01d464b3) or      s1, s0, t4
core   0: 3 0x8000563c (0x01d464b3) x 9 0xc95e75fd
core   0: 0x80005640 (0x41235ab3) sra     s5, t1, s2
core   0: 3 0x80005640 (0x41235ab3) x21 0xe310c800
core   0: 0x80005644 (0x001a41b3) xor     gp, s4, ra
core   0: 3 0x80005644 (0x001a41b3) x 3 0x80025e1b
core   0: 0x80005648 (0x415cd313) srai    t1, s9, 21
core   0: 3 0x80005648 (0x415cd313) x 6 0x00000000
core   0: 0x8000564c (0x000098fd) c.andi  s1, -1
core   0: 3 0x8000564c (0x98fd) x 9 0xc95e75fd
core   0: 0x8000564e (0xe19d6493) ori     s1, s10, -487
core   0: 3 0x8000564e (0xe19d6493) x 9 0xfffffe19
core   0: 0x80005652 (0x0396cbb3) div     s7, a3, s9
core   0: 3 0x80005652 (0x0396cbb3) x23 0xffffe001
core   0: 0x80005656 (0x0000100f) fence.i
core   0: 3 0x80005656 (0x0000100f)
core   0: 0x8000565a (0x00c49eb3) sll     t4, s1, a2
core   0: 3 0x8000565a (0x00c49eb3) x29 0xfffffe19
core   0: 0x8000565e (0x01135c63) bge     t1, a7, pc + 24
core   0: 3 0x8000565e (0x01135c63)
core   0: 0x80005676 (0x01f66263) bltu    a2, t6, pc + 4
core   0: 3 0x80005676 (0x01f66263)
core   0: 0x8000567a (0x00000001) c.nop
core   0: 3 0x8000567a (0x0001)
core   0: 0x8000567c (0x03678bb3) mul     s7, a5, s6
core   0: 3 0x8000567c (0x03678bb3) x23 0x50ad0000
core   0: 0x80005680 (0x01e42033) slt     zero, s0, t5
core   0: 3 0x80005680 (0x01e42033)
core   0: 0x80005684 (0x00be4db3) xor     s11, t3, a1
core   0: 3 0x80005684 (0x00be4db3) x27 0x80000001
core   0: 0x80005688 (0x00008d26) c.mv    s10, s1
core   0: 3 0x80005688 (0x8d26) x26 0xfffffe19
core   0: 0x8000568a (0x00008a75) c.andi  a2, 29
core   0: 3 0x8000568a (0x8a75) x12 0x00000000
core   0: 0x8000568c (0x0138bb33) sltu    s6, a7, s3
core   0: 3 0x8000568c (0x0138bb33) x22 0x00000001
core   0: 0x80005690 (0x40c47693) andi    a3, s0, 1036
core   0: 3 0x80005690 (0x40c47693) x13 0x0000040c
core   0: 0x80005694 (0x00006561) c.lui   a0, 0x18
core   0: 3 0x80005694 (0x6561) x10 0x00018000
core   0: 0x80005696 (0x02eb2cb3) mulhsu  s9, s6, a4
core   0: 3 0x80005696 (0x02eb2cb3) x25 0x00000000
core   0: 0x8000569a (0xebc1d217) auipc   tp, 0xebc1d
core   0: 3 0x8000569a (0xebc1d217) x 4 0x6bc2269a
core   0: 0x8000569e (0xe7488493) addi    s1, a7, -396
core   0: 3 0x8000569e (0xe7488493) x 9 0xfffffe74
core   0: 0x800056a2 (0x136e8013) addi    zero, t4, 310
core   0: 3 0x800056a2 (0x136e8013)
core   0: 0x800056a6 (0x00008f39) c.xor   a4, a4
core   0: 3 0x800056a6 (0x8f39) x14 0x00000000
core   0: 0x800056a8 (0x0000100f) fence.i
core   0: 3 0x800056a8 (0x0000100f)
core   0: 0x800056ac (0x00000001) c.nop
core   0: 3 0x800056ac (0x0001)
core   0: 0x800056ae (0x00d25813) srli    a6, tp, 13
core   0: 3 0x800056ae (0x00d25813) x16 0x00035e11
core   0: 0x800056b2 (0x0ff0000f) fence   iorw,iorw
core   0: 3 0x800056b2 (0x0ff0000f)
core   0: 0x800056b6 (0x01319c33) sll     s8, gp, s3
core   0: 3 0x800056b6 (0x01319c33) x24 0xc3600000
core   0: 0x800056ba (0x01a2b333) sltu    t1, t0, s10
core   0: 3 0x800056ba (0x01a2b333) x 6 0x00000001
core   0: 0x800056be (0x405c0433) sub     s0, s8, t0
core   0: 3 0x800056be (0x405c0433) x 8 0xc3600000
core   0: 0x800056c2 (0x00e1b333) sltu    t1, gp, a4
core   0: 3 0x800056c2 (0x00e1b333) x 6 0x00000000
core   0: 0x800056c6 (0x023f80b3) mul     ra, t6, gp
core   0: 3 0x800056c6 (0x023f80b3) x 1 0x7ffda1e5
core   0: 0x800056ca (0x01188533) add     a0, a7, a7
core   0: 3 0x800056ca (0x01188533) x10 0x00000000
core   0: 0x800056ce (0x41c15633) sra     a2, sp, t3
core   0: 3 0x800056ce (0x41c15633) x12 0xc0014e72
core   0: 0x800056d2 (0xe6784193) xori    gp, a6, -409
core   0: 3 0x800056d2 (0xe6784193) x 3 0xfffca076
core   0: 0x800056d6 (0x017fc6b3) xor     a3, t6, s7
core   0: 3 0x800056d6 (0x017fc6b3) x13 0xaf52ffff
core   0: 0x800056da (0x014abeb3) sltu    t4, s5, s4
core   0: 3 0x800056da (0x014abeb3) x29 0x00000000
core   0: 0x800056de (0x1e3f3293) sltiu   t0, t5, 483
core   0: 3 0x800056de (0x1e3f3293) x 5 0x00000000
core   0: 0x800056e2 (0x014f7cb3) and     s9, t5, s4
core   0: 3 0x800056e2 (0x014f7cb3) x25 0x00000604
core   0: 0x800056e6 (0x0175e4b3) or      s1, a1, s7
core   0: 3 0x800056e6 (0x0175e4b3) x 9 0xd0ad0000
core   0: 0x800056ea (0x416259b3) sra     s3, tp, s6
core   0: 3 0x800056ea (0x416259b3) x19 0x35e1134d
core   0: 0x800056ee (0x0634db63) bge     s1, gp, pc + 118
core   0: 3 0x800056ee (0x0634db63)
core   0: 0x800056f2 (0x41d75b13) srai    s6, a4, 29
core   0: 3 0x800056f2 (0x41d75b13) x22 0x00000000
core   0: 0x800056f6 (0x01dce033) or      zero, s9, t4
core   0: 3 0x800056f6 (0x01dce033)
core   0: 0x800056fa (0x00008f09) c.sub   a4, a0
core   0: 3 0x800056fa (0x8f09) x14 0x00000000
core   0: 0x800056fc (0x0123abb3) slt     s7, t2, s2
core   0: 3 0x800056fc (0x0123abb3) x23 0x00000001
core   0: 0x80005700 (0x00701413) slli    s0, zero, 7
core   0: 3 0x80005700 (0x00701413) x 8 0x00000000
core   0: 0x80005704 (0x09a18163) beq     gp, s10, pc + 130
core   0: 3 0x80005704 (0x09a18163)
core   0: 0x80005708 (0x0ff0000f) fence   iorw,iorw
core   0: 3 0x80005708 (0x0ff0000f)
core   0: 0x8000570c (0x0000e397) auipc   t2, 0xe
core   0: 3 0x8000570c (0x0000e397) x 7 0x8001370c
core   0: 0x80005710 (0x70438393) addi    t2, t2, 1796
core   0: 3 0x80005710 (0x70438393) x 7 0x80013e10
core   0: 0x80005714 (0xf5439f23) sh      s4, -162(t2)
core   0: 3 0x80005714 (0xf5439f23) mem 0x80013d6e 0x5e64
core   0: 0x80005718 (0x0000bb97) auipc   s7, 0xb
core   0: 3 0x80005718 (0x0000bb97) x23 0x80010718
core   0: 0x8000571c (0x4e4b8b93) addi    s7, s7, 1252
core   0: 3 0x8000571c (0x4e4b8b93) x23 0x80010bfc
core   0: 0x80005720 (0xffa385a3) sb      s10, -21(t2)
core   0: 3 0x80005720 (0xffa385a3) mem 0x80013dfb 0x19
core   0: 0x80005724 (0x015b8ca3) sb      s5, 25(s7)
core   0: 3 0x80005724 (0x015b8ca3) mem 0x80010c15 0x0
core   0: 0x80005728 (0xfd6b9623) sh      s6, -52(s7)
core   0: 3 0x80005728 (0xfd6b9623) mem 0x80010bc8 0x0000
core   0: 0x8000572c (0xfea38883) lb      a7, -22(t2)
core   0: 3 0x8000572c (0xfea38883) x17 0xffffffb1 mem 0x80013dfa
core   0: 0x80005730 (0x0c1381a3) sb      ra, 195(t2)
core   0: 3 0x80005730 (0x0c1381a3) mem 0x80013ed3 0xe5
core   0: 0x80005734 (0x04cbc983) lbu     s3, 76(s7)
core   0: 3 0x80005734 (0x04cbc983) x19 0x00000003 mem 0x80010c48
core   0: 0x80005738 (0x074b9b03) lh      s6, 116(s7)
core   0: 3 0x80005738 (0x074b9b03) x22 0xffffb62b mem 0x80010c70
core   0: 0x8000573c (0xff53c503) lbu     a0, -11(t2)
core   0: 3 0x8000573c (0xff53c503) x10 0x000000be mem 0x80013e05
core   0: 0x80005740 (0x0f439523) sh      s4, 234(t2)
core   0: 3 0x80005740 (0x0f439523) mem 0x80013efa 0x5e64
core   0: 0x80005744 (0xfa238ea3) sb      sp, -67(t2)
core   0: 3 0x80005744 (0xfa238ea3) mem 0x80013dcd 0xe4
core   0: 0x80005748 (0xf79b86a3) sb      s9, -147(s7)
core   0: 3 0x80005748 (0xf79b86a3) mem 0x80010b69 0x4
core   0: 0x8000574c (0x03b51ab3) mulh    s5, a0, s11
core   0: 3 0x8000574c (0x03b51ab3) x21 0xffffffa1
core   0: 0x80005750 (0x0ff0000f) fence   iorw,iorw
core   0: 3 0x80005750 (0x0ff0000f)
core   0: 0x80005754 (0x415bd333) sra     t1, s7, s5
core   0: 3 0x80005754 (0x415bd333) x 6 0xc00085fe
core   0: 0x80005758 (0x44f49d37) lui     s10, 0x44f49
core   0: 3 0x80005758 (0x44f49d37) x26 0x44f49000
core   0: 0x8000575c (0x03e3e933) rem     s2, t2, t5
core   0: 3 0x8000575c (0x03e3e933) x18 0xf40a4a1c
core   0: 0x80005760 (0x0000100f) fence.i
core   0: 3 0x80005760 (0x0000100f)
core   0: 0x80005764 (0x0000c2b1) c.beqz  a3, pc + 68
core   0: 3 0x80005764 (0xc2b1)
core   0: 0x80005766 (0x0ff0000f) fence   iorw,iorw
core   0: 3 0x80005766 (0x0ff0000f)
core   0: 0x8000576a (0x019d8eb3) add     t4, s11, s9
core   0: 3 0x8000576a (0x019d8eb3) x29 0x80000605
core   0: 0x8000576e (0x0352b7b3) mulhu   a5, t0, s5
core   0: 3 0x8000576e (0x0352b7b3) x15 0x00000000
core   0: 0x80005772 (0x00fe4a63) blt     t3, a5, pc + 20
core   0: 3 0x80005772 (0x00fe4a63)
core   0: 0x80005776 (0x02cffb33) remu    s6, t6, a2
core   0: 3 0x80005776 (0x02cffb33) x22 0x3ffeb18d
core   0: 0x8000577a (0x0204a933) mulhsu  s2, s1, zero
core   0: 3 0x8000577a (0x0204a933) x18 0x00000000
core   0: 0x8000577e (0x02ea6eb3) rem     t4, s4, a4
core   0: 3 0x8000577e (0x02ea6eb3) x29 0x80025e64
core   0: 0x80005782 (0x0184ab33) slt     s6, s1, s8
core   0: 3 0x80005782 (0x0184ab33) x22 0x00000000
core   0: 0x80005786 (0x01dc9c13) slli    s8, s9, 29
core   0: 3 0x80005786 (0x01dc9c13) x24 0x80000000
core   0: 0x8000578a (0x9c4e4513) xori    a0, t3, -1596
core   0: 3 0x8000578a (0x9c4e4513) x10 0xfffff9c5
core   0: 0x8000578e (0x01e1f663) bgeu    gp, t5, pc + 12
core   0: 3 0x8000578e (0x01e1f663)
core   0: 0x8000579a (0x00008e41) c.or    a2, s0
core   0: 3 0x8000579a (0x8e41) x12 0xc0014e72
core   0: 0x8000579c (0x028e2bb3) mulhsu  s7, t3, s0
core   0: 3 0x8000579c (0x028e2bb3) x23 0x00000000
core   0: 0x800057a0 (0x00c55c93) srli    s9, a0, 12
core   0: 3 0x800057a0 (0x00c55c93) x25 0x000fffff
core   0: 0x800057a4 (0x0390f463) bgeu    ra, s9, pc + 40
core   0: 3 0x800057a4 (0x0390f463)
core   0: 0x800057cc (0x022ad363) bge     s5, sp, pc + 38
core   0: 3 0x800057cc (0x022ad363)
core   0: 0x800057f2 (0x014d1833) sll     a6, s10, s4
core   0: 3 0x800057f2 (0x014d1833) x16 0x4f490000
core   0: 0x800057f6 (0xe7457b97) auipc   s7, 0xe7457
core   0: 3 0x800057f6 (0xe7457b97) x23 0x6745c7f6
core   0: 0x800057fa (0x004ed193) srli    gp, t4, 4
core   0: 3 0x800057fa (0x004ed193) x 3 0x080025e6
core   0: 0x800057fe (0x00005cfd) c.li    s9, -1
core   0: 3 0x800057fe (0x5cfd) x25 0xffffffff
core   0: 0x80005800 (0x03a443b3) div     t2, s0, s10
core   0: 3 0x80005800 (0x03a443b3) x 7 0x00000000
core   0: 0x80005804 (0x00001dfd) c.addi  s11, -1
core   0: 3 0x80005804 (0x1dfd) x27 0x80000000
core   0: 0x80005806 (0x0000100f) fence.i
core   0: 3 0x80005806 (0x0000100f)
core   0: 0x8000580a (0x00008435) c.srai  s0, 13
core   0: 3 0x8000580a (0x8435) x 8 0x00000000
core   0: 0x8000580c (0x02e93633) mulhu   a2, s2, a4
core   0: 3 0x8000580c (0x02e93633) x12 0x00000000
core   0: 0x80005810 (0x02781f63) bne     a6, t2, pc + 62
core   0: 3 0x80005810 (0x02781f63)
core   0: 0x8000584e (0x5d93fe13) andi    t3, t2, 1497
core   0: 3 0x8000584e (0x5d93fe13) x28 0x00000000
core   0: 0x80005852 (0x01da0333) add     t1, s4, t4
core   0: 3 0x80005852 (0x01da0333) x 6 0x0004bcc8
core   0: 0x80005856 (0x00008791) c.srai  a5, 4
core   0: 3 0x80005856 (0x8791) x15 0x00000000
core   0: 0x80005858 (0x71f0b717) auipc   a4, 0x71f0b
core   0: 3 0x80005858 (0x71f0b717) x14 0xf1f10858
core   0: 0x8000585c (0x000001f1) c.addi  gp, 28
core   0: 3 0x8000585c (0x01f1) x 3 0x08002602
core   0: 0x8000585e (0x00008c6d) c.and   s0, a1
core   0: 3 0x8000585e (0x8c6d) x 8 0x00000000
core   0: 0x80005860 (0x0144bab3) sltu    s5, s1, s4
core   0: 3 0x80005860 (0x0144bab3) x21 0x00000000
core   0: 0x80005864 (0x00006621) c.lui   a2, 0x8
core   0: 3 0x80005864 (0x6621) x12 0x00008000
core   0: 0x80005866 (0x00006797) auipc   a5, 0x6
core   0: 3 0x80005866 (0x00006797) x15 0x8000b866
core   0: 0x8000586a (0x12878793) addi    a5, a5, 296
core   0: 3 0x8000586a (0x12878793) x15 0x8000b98e
core   0: 0x8000586e (0x000068e1) c.lui   a7, 0x18
core   0: 3 0x8000586e (0x68e1) x17 0x00018000
core   0: 0x80005870 (0x2e278793) addi    a5, a5, 738
core   0: 3 0x80005870 (0x2e278793) x15 0x8000bc70
core   0: 0x80005874 (0x0000955e) c.add   a0, s7
core   0: 3 0x80005874 (0x955e) x10 0x6745c1bb
core   0: 0x80005876 (0x00009afd) c.andi  a3, -1
core   0: 3 0x80005876 (0x9afd) x13 0xaf52ffff
core   0: 0x80005878 (0x0ff0000f) fence   iorw,iorw
core   0: 3 0x80005878 (0x0ff0000f)
core   0: 0x8000587c (0x0000100f) fence.i
core   0: 3 0x8000587c (0x0000100f)
core   0: 0x80005880 (0x01377863) bgeu    a4, s3, pc + 16
core   0: 3 0x80005880 (0x01377863)
core   0: 0x80005890 (0xd1f780e7) jalr    ra, a5, -737
core   0: 3 0x80005890 (0xd1f780e7) x 1 0x80005894
core   0: 0x8000b98e (0xcfd32e13) slti    t3, t1, -771
core   0: 3 0x8000b98e (0xcfd32e13) x28 0x00000000
core   0: 0x8000b992 (0x0142c333) xor     t1, t0, s4
core   0: 3 0x8000b992 (0x0142c333) x 6 0x80025e64
core   0: 0x8000b996 (0x037a8433) mul     s0, s5, s7
core   0: 3 0x8000b996 (0x037a8433) x 8 0x00000000
core   0: 0x8000b99a (0x032fc1b3) div     gp, t6, s2
core   0: 3 0x8000b99a (0x032fc1b3) x 3 0xffffffff
core   0: 0x8000b99e (0x2693c513) xori    a0, t2, 617
core   0: 3 0x8000b99e (0x2693c513) x10 0x00000269
core   0: 0x8000b9a2 (0x00001a51) c.addi  s4, -12
core   0: 3 0x8000b9a2 (0x1a51) x20 0x80025e58
core   0: 0x8000b9a4 (0x00000001) c.nop
core   0: 3 0x8000b9a4 (0x0001)
core   0: 0x8000b9a6 (0x41508db3) sub     s11, ra, s5
core   0: 3 0x8000b9a6 (0x41508db3) x27 0x80005894
core   0: 0x8000b9aa (0x001a2223) sw      ra, 4(s4)
core   0: 3 0x8000b9aa (0x001a2223) mem 0x80025e5c 0x80005894
core   0: 0x8000b9ae (0x6a1f6393) ori     t2, t5, 1697
core   0: 3 0x8000b9ae (0x6a1f6393) x 7 0x3a0486a7
core   0: 0x8000b9b2 (0x00008f69) c.and   a4, a0
core   0: 3 0x8000b9b2 (0x8f69) x14 0x00000048
core   0: 0x8000b9b4 (0x00a000ef) jal     pc + 0xa
core   0: 3 0x8000b9b4 (0x00a000ef) x 1 0x8000b9b8
core   0: 0x8000b9be (0x0000a019) c.j     pc + 6
core   0: 3 0x8000b9be (0xa019)
core   0: 0x8000b9c4 (0x0080036f) jal     t1, pc + 0x8
core   0: 3 0x8000b9c4 (0x0080036f) x 6 0x8000b9c8
core   0: 0x8000b9cc (0x000037f5) c.jal   pc - 20
core   0: 3 0x8000b9cc (0x37f5) x 1 0x8000b9ce
core   0: 0x8000b9b8 (0x00002011) c.jal   pc + 4
core   0: 3 0x8000b9b8 (0x2011) x 1 0x8000b9ba
core   0: 0x8000b9bc (0x00003ffd) c.jal   pc - 2
core   0: 3 0x8000b9bc (0x3ffd) x 1 0x8000b9be
core   0: 0x8000b9ba (0x00002811) c.jal   pc + 20
core   0: 3 0x8000b9ba (0x2811) x 1 0x8000b9bc
core   0: 0x8000b9ce (0x0000a009) c.j     pc + 2
core   0: 3 0x8000b9ce (0xa009)
core   0: 0x8000b9d0 (0xff1ff26f) jal     tp, pc - 0x10
core   0: 3 0x8000b9d0 (0xff1ff26f) x 4 0x8000b9d4
core   0: 0x8000b9c0 (0x008000ef) jal     pc + 0x8
core   0: 3 0x8000b9c0 (0x008000ef) x 1 0x8000b9c4
core   0: 0x8000b9c8 (0x00c0026f) jal     tp, pc + 0xc
core   0: 3 0x8000b9c8 (0x00c0026f) x 4 0x8000b9cc
core   0: 0x8000b9d4 (0x00008a31) c.andi  a2, 12
core   0: 3 0x8000b9d4 (0x8a31) x12 0x00000000
core   0: 0x8000b9d6 (0x00005097) auipc   ra, 0x5
core   0: 3 0x8000b9d6 (0x00005097) x 1 0x800109d6
core   0: 0x8000b9da (0xfb308093) addi    ra, ra, -77
core   0: 3 0x8000b9da (0xfb308093) x 1 0x80010989
core   0: 0x8000b9de (0xfed088a3) sb      a3, -15(ra)
core   0: 3 0x8000b9de (0xfed088a3) mem 0x8001097a 0xff
core   0: 0x8000b9e2 (0x011086a3) sb      a7, 13(ra)
core   0: 3 0x8000b9e2 (0x011086a3) mem 0x80010996 0x0
core   0: 0x8000b9e6 (0x00f08f83) lb      t6, 15(ra)
core   0: 3 0x8000b9e6 (0x00f08f83) x31 0x00000053 mem 0x80010998
core   0: 0x8000b9ea (0x0080c303) lbu     t1, 8(ra)
core   0: 3 0x8000b9ea (0x0080c303) x 6 0x0000004a mem 0x80010991
core   0: 0x8000b9ee (0x0010df83) lhu     t6, 1(ra)
core   0: 3 0x8000b9ee (0x0010df83) x31 0x0000a17b mem 0x8001098a
core   0: 0x8000b9f2 (0x03f88633) mul     a2, a7, t6
core   0: 3 0x8000b9f2 (0x03f88633) x12 0xf2388000
core   0: 0x8000b9f6 (0x02c8d6b3) divu    a3, a7, a2
core   0: 3 0x8000b9f6 (0x02c8d6b3) x13 0x00000000
core   0: 0x8000b9fa (0x02dfe6b3) rem     a3, t6, a3
core   0: 3 0x8000b9fa (0x02dfe6b3) x13 0x0000a17b
core   0: 0x8000b9fe (0x0000665d) c.lui   a2, 0x17
core   0: 3 0x8000b9fe (0x665d) x12 0x00017000
core   0: 0x8000ba00 (0x0010df83) lhu     t6, 1(ra)
core   0: 3 0x8000ba00 (0x0010df83) x31 0x0000a17b mem 0x8001098a
core   0: 0x8000ba04 (0x01f08823) sb      t6, 16(ra)
core   0: 3 0x8000ba04 (0x01f08823) mem 0x80010999 0x7b
core   0: 0x8000ba08 (0x01ff9fb3) sll     t6, t6, t6
core   0: 3 0x8000ba08 (0x01ff9fb3) x31 0xd8000000
core   0: 0x8000ba0c (0xffc08903) lb      s2, -4(ra)
core   0: 3 0x8000ba0c (0xffc08903) x18 0x0000003e mem 0x80010985
core   0: 0x8000ba10 (0x00000001) c.nop
core   0: 3 0x8000ba10 (0x0001)
core   0: 0x8000ba12 (0x00d087a3) sb      a3, 15(ra)
core   0: 3 0x8000ba12 (0x00d087a3) mem 0x80010998 0x7b
core   0: 0x8000ba16 (0x00008651) c.srai  a2, 20
core   0: 3 0x8000ba16 (0x8651) x12 0x00000000
core   0: 0x8000ba18 (0x0000537d) c.li    t1, -1
core   0: 3 0x8000ba18 (0x537d) x 6 0xffffffff
core   0: 0x8000ba1a (0x011366b3) or      a3, t1, a7
core   0: 3 0x8000ba1a (0x011366b3) x13 0xffffffff
core   0: 0x8000ba1e (0x00008af9) c.andi  a3, 30
core   0: 3 0x8000ba1e (0x8af9) x13 0x0000001e
core   0: 0x8000ba20 (0x00008e75) c.and   a2, a3
core   0: 3 0x8000ba20 (0x8e75) x12 0x00000000
core   0: 0x8000ba22 (0x00608123) sb      t1, 2(ra)
core   0: 3 0x8000ba22 (0x00608123) mem 0x8001098b 0xff
core   0: 0x8000ba26 (0xffa0c603) lbu     a2, -6(ra)
core   0: 3 0x8000ba26 (0xffa0c603) x12 0x00000038 mem 0x80010983
core   0: 0x8000ba2a (0x0020c603) lbu     a2, 2(ra)
core   0: 3 0x8000ba2a (0x0020c603) x12 0x000000ff mem 0x8001098b
core   0: 0x8000ba2e (0xfff08da3) sb      t6, -5(ra)
core   0: 3 0x8000ba2e (0xfff08da3) mem 0x80010984 0x0
core   0: 0x8000ba32 (0x412908b3) sub     a7, s2, s2
core   0: 3 0x8000ba32 (0x412908b3) x17 0x00000000
core   0: 0x8000ba36 (0x0000100f) fence.i
core   0: 3 0x8000ba36 (0x0000100f)
core   0: 0x8000ba3a (0x0000088a) c.slli  a7, 2
core   0: 3 0x8000ba3a (0x088a) x17 0x00000000
core   0: 0x8000ba3c (0xff40c883) lbu     a7, -12(ra)
core   0: 3 0x8000ba3c (0xff40c883) x17 0x00000036 mem 0x8001097d
core   0: 0x8000ba40 (0x0000088a) c.slli  a7, 2
core   0: 3 0x8000ba40 (0x088a) x17 0x000000d8
core   0: 0x8000ba42 (0x00cfe8b3) or      a7, t6, a2
core   0: 3 0x8000ba42 (0x00cfe8b3) x17 0xd80000ff
core   0: 0x8000ba46 (0x0000100f) fence.i
core   0: 3 0x8000ba46 (0x0000100f)
core   0: 0x8000ba4a (0x0000669d) c.lui   a3, 0x7
core   0: 3 0x8000ba4a (0x669d) x13 0x00007000
core   0: 0x8000ba4c (0xffa0c903) lbu     s2, -6(ra)
core   0: 3 0x8000ba4c (0xffa0c903) x18 0x00000038 mem 0x80010983
core   0: 0x8000ba50 (0x00004b17) auipc   s6, 0x4
core   0: 3 0x8000ba50 (0x00004b17) x22 0x8000fa50
core   0: 0x8000ba54 (0x7d0b0b13) addi    s6, s6, 2000
core   0: 3 0x8000ba54 (0x7d0b0b13) x22 0x80010220
core   0: 0x8000ba58 (0x00004817) auipc   a6, 0x4
core   0: 3 0x8000ba58 (0x00004817) x16 0x8000fa58
core   0: 0x8000ba5c (0x7b680813) addi    a6, a6, 1974
core   0: 3 0x8000ba5c (0x7b680813) x16 0x8001020e
core   0: 0x8000ba60 (0x00005517) auipc   a0, 0x5
core   0: 3 0x8000ba60 (0x00005517) x10 0x80010a60
core   0: 0x8000ba64 (0x1ef50513) addi    a0, a0, 495
core   0: 3 0x8000ba64 (0x1ef50513) x10 0x80010c4f
core   0: 0x8000ba68 (0x00f54283) lbu     t0, 15(a0)
core   0: 3 0x8000ba68 (0x00f54283) x 5 0x00000015 mem 0x80010c5e
core   0: 0x8000ba6c (0xf6ab0003) lb      zero, -150(s6)
core   0: 3 0x8000ba6c (0xf6ab0003) mem 0x8001018a
core   0: 0x8000ba70 (0x00005097) auipc   ra, 0x5
core   0: 3 0x8000ba70 (0x00005097) x 1 0x80010a70
core   0: 0x8000ba74 (0xea908093) addi    ra, ra, -343
core   0: 3 0x8000ba74 (0xea908093) x 1 0x80010919
core   0: 0x8000ba78 (0xfea80aa3) sb      a0, -11(a6)
core   0: 3 0x8000ba78 (0xfea80aa3) mem 0x80010203 0x4f
core   0: 0x8000ba7c (0x45fb0983) lb      s3, 1119(s6)
core   0: 3 0x8000ba7c (0x45fb0983) x19 0x00000034 mem 0x8001067f
core   0: 0x8000ba80 (0x5b808d23) sb      s8, 1466(ra)
core   0: 3 0x8000ba80 (0x5b808d23) mem 0x80010ed3 0x0
core   0: 0x8000ba84 (0x01e50423) sb      t5, 8(a0)
core   0: 3 0x8000ba84 (0x01e50423) mem 0x80010c57 0x6
core   0: 0x8000ba88 (0x14db0d83) lb      s11, 333(s6)
core   0: 3 0x8000ba88 (0x14db0d83) x27 0x00000026 mem 0x8001036d
core   0: 0x8000ba8c (0x5c6b0e03) lb      t3, 1478(s6)
core   0: 3 0x8000ba8c (0x5c6b0e03) x28 0xffffff9d mem 0x800107e6
core   0: 0x8000ba90 (0x00080223) sb      zero, 4(a6)
core   0: 3 0x8000ba90 (0x00080223) mem 0x80010212 0x0
core   0: 0x8000ba94 (0x13008283) lb      t0, 304(ra)
core   0: 3 0x8000ba94 (0x13008283) x 5 0x00000002 mem 0x80010a49
core   0: 0x8000ba98 (0x152099a3) sh      s2, 339(ra)
core   0: 3 0x8000ba98 (0x152099a3) mem 0x80010a6c 0x0038
core   0: 0x8000ba9c (0x093b0fa3) sb      s3, 159(s6)
core   0: 3 0x8000ba9c (0x093b0fa3) mem 0x800102bf 0x34
core   0: 0x8000baa0 (0x74eb05a3) sb      a4, 1867(s6)
core   0: 3 0x8000baa0 (0x74eb05a3) mem 0x8001096b 0x48
core   0: 0x8000baa4 (0xff780ca3) sb      s7, -7(a6)
core   0: 3 0x8000baa4 (0xff780ca3) mem 0x80010207 0xf6
core   0: 0x8000baa8 (0xff152283) lw      t0, -15(a0)
core   0: 3 0x8000baa8 (0xff152283) x 5 0xf8f9fafb mem 0x80010c40
core   0: 0x8000baac (0x0120c303) lbu     t1, 18(ra)
core   0: 3 0x8000baac (0x0120c303) x 6 0x000000e0 mem 0x8001092b
core   0: 0x8000bab0 (0x1a40ce83) lbu     t4, 420(ra)
core   0: 3 0x8000bab0 (0x1a40ce83) x29 0x00000076 mem 0x80010abd
core   0: 0x8000bab4 (0xffd52983) lw      s3, -3(a0)
core   0: 3 0x8000bab4 (0xffd52983) x19 0x04050607 mem 0x80010c4c
core   0: 0x8000bab8 (0x545082a3) sb      t0, 1349(ra)
core   0: 3 0x8000bab8 (0x545082a3) mem 0x80010e5e 0xfb
core   0: 0x8000babc (0xe8e0cf83) lbu     t6, -370(ra)
core   0: 3 0x8000babc (0xe8e0cf83) x31 0x0000005c mem 0x800107a7
core   0: 0x8000bac0 (0xfe680b23) sb      t1, -10(a6)
core   0: 3 0x8000bac0 (0xfe680b23) mem 0x80010204 0xe0
core   0: 0x8000bac4 (0xd230ce03) lbu     t3, -733(ra)
core   0: 3 0x8000bac4 (0xd230ce03) x28 0x000000f7 mem 0x8001063c
core   0: 0x8000bac8 (0xff881a23) sh      s8, -12(a6)
core   0: 3 0x8000bac8 (0xff881a23) mem 0x80010202 0x0000
core   0: 0x8000bacc (0x00f50703) lb      a4, 15(a0)
core   0: 3 0x8000bacc (0x00f50703) x14 0x00000015 mem 0x80010c5e
core   0: 0x8000bad0 (0x03a000ef) jal     pc + 0x3a
core   0: 3 0x8000bad0 (0x03a000ef) x 1 0x8000bad4
core   0: 0x8000bb0a (0x00003fc9) c.jal   pc - 46
core   0: 3 0x8000bb0a (0x3fc9) x 1 0x8000bb0c
core   0: 0x8000badc (0x01e0076f) jal     a4, pc + 0x1e
core   0: 3 0x8000badc (0x01e0076f) x14 0x8000bae0
core   0: 0x8000bafa (0x00002811) c.jal   pc + 20
core   0: 3 0x8000bafa (0x2811) x 1 0x8000bafc
core   0: 0x8000bb0e (0x0000b7d9) c.j     pc - 58
core   0: 3 0x8000bb0e (0xb7d9)
core   0: 0x8000bad4 (0x0000a025) c.j     pc + 40
core   0: 3 0x8000bad4 (0xa025)
core   0: 0x8000bafc (0x0000b7ed) c.j     pc - 22
core   0: 3 0x8000bafc (0xb7ed)
core   0: 0x8000bae6 (0x0000a009) c.j     pc + 2
core   0: 3 0x8000bae6 (0xa009)
core   0: 0x8000bae8 (0x00a000ef) jal     pc + 0xa
core   0: 3 0x8000bae8 (0x00a000ef) x 1 0x8000baec
core   0: 0x8000baf2 (0xfefff0ef) jal     pc - 0x12
core   0: 3 0x8000baf2 (0xfefff0ef) x 1 0x8000baf6
core   0: 0x8000bae0 (0x00002801) c.jal   pc + 16
core   0: 3 0x8000bae0 (0x2801) x 1 0x8000bae2
core   0: 0x8000baf0 (0x00002019) c.jal   pc + 6
core   0: 3 0x8000baf0 (0x2019) x 1 0x8000baf2
core   0: 0x8000baf6 (0x010000ef) jal     pc + 0x10
core   0: 3 0x8000baf6 (0x010000ef) x 1 0x8000bafa
core   0: 0x8000bb06 (0xfd1ff8ef) jal     a7, pc - 0x30
core   0: 3 0x8000bb06 (0xfd1ff8ef) x17 0x8000bb0a
core   0: 0x8000bad6 (0x00002039) c.jal   pc + 14
core   0: 3 0x8000bad6 (0x2039) x 1 0x8000bad8
core   0: 0x8000bae4 (0x00002025) c.jal   pc + 40
core   0: 3 0x8000bae4 (0x2025) x 1 0x8000bae6
core   0: 0x8000bb0c (0x00003fcd) c.jal   pc - 14
core   0: 3 0x8000bb0c (0x3fcd) x 1 0x8000bb0e
core   0: 0x8000bafe (0xfefffeef) jal     t4, pc - 0x12
core   0: 3 0x8000bafe (0xfefffeef) x29 0x8000bb02
core   0: 0x8000baec (0xfefff0ef) jal     pc - 0x12
core   0: 3 0x8000baec (0xfefff0ef) x 1 0x8000baf0
core   0: 0x8000bada (0x0000bffd) c.j     pc - 2
core   0: 3 0x8000bada (0xbffd)
core   0: 0x8000bad8 (0x0000202d) c.jal   pc + 42
core   0: 3 0x8000bad8 (0x202d) x 1 0x8000bada
core   0: 0x8000bb02 (0xfe1ff0ef) jal     pc - 0x20
core   0: 3 0x8000bb02 (0xfe1ff0ef) x 1 0x8000bb06
core   0: 0x8000bae2 (0x0000a03d) c.j     pc + 46
core   0: 3 0x8000bae2 (0xa03d)
core   0: 0x8000bb10 (0x00006541) c.lui   a0, 0x10
core   0: 3 0x8000bb10 (0x6541) x10 0x00010000
core   0: 0x8000bb12 (0x0000ae17) auipc   t3, 0xa
core   0: 3 0x8000bb12 (0x0000ae17) x28 0x80015b12
core   0: 0x8000bb16 (0x0c2e0e13) addi    t3, t3, 194
core   0: 3 0x8000bb16 (0x0c2e0e13) x28 0x80015bd4
core   0: 0x8000bb1a (0x00007d17) auipc   s10, 0x7
core   0: 3 0x8000bb1a (0x00007d17) x26 0x80012b1a
core   0: 0x8000bb1e (0x303d0d13) addi    s10, s10, 771
core   0: 3 0x8000bb1e (0x303d0d13) x26 0x80012e1d
core   0: 0x8000bb22 (0xffde4183) lbu     gp, -3(t3)
core   0: 3 0x8000bb22 (0xffde4183) x 3 0x0000008a mem 0x80015bd1
core   0: 0x8000bb26 (0x0000b517) auipc   a0, 0xb
core   0: 3 0x8000bb26 (0x0000b517) x10 0x80016b26
core   0: 0x8000bb2a (0x18350513) addi    a0, a0, 387
core   0: 3 0x8000bb2a (0x18350513) x10 0x80016ca9
core   0: 0x8000bb2e (0x00008697) auipc   a3, 0x8
core   0: 3 0x8000bb2e (0x00008697) x13 0x80013b2e
core   0: 0x8000bb32 (0xf9668693) addi    a3, a3, -106
core   0: 3 0x8000bb32 (0xf9668693) x13 0x80013ac4
core   0: 0x8000bb36 (0xff7e4983) lbu     s3, -9(t3)
core   0: 3 0x8000bb36 (0xff7e4983) x19 0x00000080 mem 0x80015bcb
core   0: 0x8000bb3a (0x0ae52fa3) sw      a4, 191(a0)
core   0: 3 0x8000bb3a (0x0ae52fa3) mem 0x80016d68 0x8000bae0
core   0: 0x8000bb3e (0x00008497) auipc   s1, 0x8
core   0: 3 0x8000bb3e (0x00008497) x 9 0x80013b3e
core   0: 0x8000bb42 (0xf4948493) addi    s1, s1, -183
core   0: 3 0x8000bb42 (0xf4948493) x 9 0x80013a87
core   0: 0x8000bb46 (0x0f450603) lb      a2, 244(a0)
core   0: 3 0x8000bb46 (0x0f450603) x12 0x00000056 mem 0x80016d9d
core   0: 0x8000bb4a (0xffdd1d83) lh      s11, -3(s10)
core   0: 3 0x8000bb4a (0xffdd1d83) x27 0xffffd0d1 mem 0x80012e1a
core   0: 0x8000bb4e (0x004e5403) lhu     s0, 4(t3)
core   0: 3 0x8000bb4e (0x004e5403) x 8 0x00009293 mem 0x80015bd8
core   0: 0x8000bb52 (0xfe3e1a23) sh      gp, -12(t3)
core   0: 3 0x8000bb52 (0xfe3e1a23) mem 0x80015bc8 0x008a
core   0: 0x8000bb56 (0x004d0903) lb      s2, 4(s10)
core   0: 3 0x8000bb56 (0x004d0903) x18 0xffffffda mem 0x80012e21
core   0: 0x8000bb5a (0x3ea69003) lh      zero, 1002(a3)
core   0: 3 0x8000bb5a (0x3ea69003) mem 0x80013eae
core   0: 0x8000bb5e (0xff6d0403) lb      s0, -10(s10)
core   0: 3 0x8000bb5e (0xff6d0403) x 8 0xffffffc8 mem 0x80012e13
core   0: 0x8000bb62 (0xff8e5d83) lhu     s11, -8(t3)
core   0: 3 0x8000bb62 (0xff8e5d83) x27 0x00008687 mem 0x80015bcc
core   0: 0x8000bb66 (0x0214df83) lhu     t6, 33(s1)
core   0: 3 0x8000bb66 (0x0214df83) x31 0x00006263 mem 0x80013aa8
core   0: 0x8000bb6a (0x00a48903) lb      s2, 10(s1)
core   0: 3 0x8000bb6a (0x00a48903) x18 0x0000004a mem 0x80013a91
core   0: 0x8000bb6e (0x012d02a3) sb      s2, 5(s10)
core   0: 3 0x8000bb6e (0x012d02a3) mem 0x80012e22 0x4a
core   0: 0x8000bb72 (0xfc849aa3) sh      s0, -43(s1)
core   0: 3 0x8000bb72 (0xfc849aa3) mem 0x80013a5c 0xffc8
core   0: 0x8000bb76 (0xf0955083) lhu     ra, -247(a0)
core   0: 3 0x8000bb76 (0xf0955083) x 1 0x00006869 mem 0x80016bb2
core   0: 0x8000bb7a (0xf1951303) lh      t1, -231(a0)
core   0: 3 0x8000bb7a (0xf1951303) x 6 0x00007879 mem 0x80016bc2
core   0: 0x8000bb7e (0x010d4383) lbu     t2, 16(s10)
core   0: 3 0x8000bb7e (0x010d4383) x 7 0x000000e6 mem 0x80012e2d
core   0: 0x8000bb82 (0x07654a83) lbu     s5, 118(a0)
core   0: 3 0x8000bb82 (0x07654a83) x21 0x000000d4 mem 0x80016d1f
core   0: 0x8000bb86 (0x010e1c03) lh      s8, 16(t3)
core   0: 3 0x8000bb86 (0x010e1c03) x24 0xffff9e9f mem 0x80015be4
core   0: 0x8000bb8a (0x4fe682a3) sb      t5, 1253(a3)
core   0: 3 0x8000bb8a (0x4fe682a3) mem 0x80013fa9 0x6
core   0: 0x8000bb8e (0xfd84cd83) lbu     s11, -40(s1)
core   0: 3 0x8000bb8e (0xfd84cd83) x27 0x00000014 mem 0x80013a5f
core   0: 0x8000bb92 (0x00854983) lbu     s3, 8(a0)
core   0: 3 0x8000bb92 (0x00854983) x19 0x0000006a mem 0x80016cb1
core   0: 0x8000bb96 (0x015d0523) sb      s5, 10(s10)
core   0: 3 0x8000bb96 (0x015d0523) mem 0x80012e27 0xd4
core   0: 0x8000bb9a (0xff6d0783) lb      a5, -10(s10)
core   0: 3 0x8000bb9a (0xff6d0783) x15 0xffffffc8 mem 0x80012e13
core   0: 0x8000bb9e (0xb1e69403) lh      s0, -1250(a3)
core   0: 3 0x8000bb9e (0xb1e69403) x 8 0xffff9899 mem 0x800135e2
core   0: 0x8000bba2 (0xcaa6d803) lhu     a6, -854(a3)
core   0: 3 0x8000bba2 (0xcaa6d803) x16 0x00002425 mem 0x8001376e
core   0: 0x8000bba6 (0xfe0e0aa3) sb      zero, -11(t3)
core   0: 3 0x8000bba6 (0xfe0e0aa3) mem 0x80015bc9 0x0
core   0: 0x8000bbaa (0x2cc69023) sh      a2, 704(a3)
core   0: 3 0x8000bbaa (0x2cc69023) mem 0x80013d84 0x0056
core   0: 0x8000bbae (0x03c54983) lbu     s3, 60(a0)
core   0: 3 0x8000bbae (0x03c54983) x19 0x0000009e mem 0x80016ce5
core   0: 0x8000bbb2 (0x03c4cc03) lbu     s8, 60(s1)
core   0: 3 0x8000bbb2 (0x03c4cc03) x24 0x00000078 mem 0x80013ac3
core   0: 0x8000bbb6 (0xfce4c703) lbu     a4, -50(s1)
core   0: 3 0x8000bbb6 (0xfce4c703) x14 0x0000000e mem 0x80013a55
core   0: 0x8000bbba (0xffd00e93) li      t4, -3
core   0: 3 0x8000bbba (0xffd00e93) x29 0xfffffffd
core   0: 0x8000bbbe (0x00000001) c.nop
core   0: 3 0x8000bbbe (0x0001)
core   0: 0x8000bbc0 (0x0000981e) c.add   a6, t2
core   0: 3 0x8000bbc0 (0x981e) x16 0x0000250b
core   0: 0x8000bbc2 (0x009198b3) sll     a7, gp, s1
core   0: 3 0x8000bbc2 (0x009198b3) x17 0x00004500
core   0: 0x8000bbc6 (0x01588233) add     tp, a7, s5
core   0: 3 0x8000bbc6 (0x01588233) x 4 0x000045d4
core   0: 0x8000bbca (0xffe00393) li      t2, -2
core   0: 3 0x8000bbca (0xffe00393) x 7 0xfffffffe
core   0: 0x8000bbce (0x00008869) c.andi  s0, 26
core   0: 3 0x8000bbce (0x8869) x 8 0x00000018
core   0: 0x8000bbd0 (0x0b9ee313) ori     t1, t4, 185
core   0: 3 0x8000bbd0 (0x0b9ee313) x 6 0xfffffffd
core   0: 0x8000bbd4 (0x03a4f013) andi    zero, s1, 58
core   0: 3 0x8000bbd4 (0x03a4f013)
core   0: 0x8000bbd8 (0x000014fd) c.addi  s1, -1
core   0: 3 0x8000bbd8 (0x14fd) x 9 0x80013a86
core   0: 0x8000bbda (0x0000822d) c.srli  a2, 11
core   0: 3 0x8000bbda (0x822d) x12 0x00000000
core   0: 0x8000bbdc (0x00f3df93) srli    t6, t2, 15
core   0: 3 0x8000bbdc (0x00f3df93) x31 0x0001ffff
core   0: 0x8000bbe0 (0x032d7233) remu    tp, s10, s2
core   0: 3 0x8000bbe0 (0x032d7233) x 4 0x00000021
core   0: 0x8000bbe4 (0x84380e13) addi    t3, a6, -1981
core   0: 3 0x8000bbe4 (0x84380e13) x28 0x00001d4e
core   0: 0x8000bbe8 (0x00009186) c.add   gp, ra
core   0: 3 0x8000bbe8 (0x9186) x 3 0x000068f3
core   0: 0x8000bbea (0x00000cbe) c.slli  s9, 15
core   0: 3 0x8000bbea (0x0cbe) x25 0xffff8000
core   0: 0x8000bbec (0x03e49e33) mulh    t3, s1, t5
core   0: 3 0x8000bbec (0x03e49e33) x28 0xe2fe0444
core   0: 0x8000bbf0 (0x00ba9bb3) sll     s7, s5, a1
core   0: 3 0x8000bbf0 (0x00ba9bb3) x23 0x000000d4
core   0: 0x8000bbf4 (0x00000e95) c.addi  t4, 5
core   0: 3 0x8000bbf4 (0x0e95) x29 0x00000002
core   0: 0x8000bbf6 (0x416b8233) sub     tp, s7, s6
core   0: 3 0x8000bbf6 (0x416b8233) x 4 0x7ffefeb4
core   0: 0x8000bbfa (0xf4d50313) addi    t1, a0, -179
core   0: 3 0x8000bbfa (0xf4d50313) x 6 0x80016bf6
core   0: 0x8000bbfe (0x40d3d413) srai    s0, t2, 13
core   0: 3 0x8000bbfe (0x40d3d413) x 8 0xffffffff
core   0: 0x8000bc02 (0x40358fb3) sub     t6, a1, gp
core   0: 3 0x8000bc02 (0x40358fb3) x31 0x7fff970d
core   0: 0x8000bc06 (0x0208a1b3) mulhsu  gp, a7, zero
core   0: 3 0x8000bc06 (0x0208a1b3) x 3 0x00000000
core   0: 0x8000bc0a (0x00d6c2b3) xor     t0, a3, a3
core   0: 3 0x8000bc0a (0x00d6c2b3) x 5 0x00000000
core   0: 0x8000bc0e (0x00008ca1) c.xor   s1, s0
core   0: 3 0x8000bc0e (0x8ca1) x 9 0x7ffec579
core   0: 0x8000bc10 (0x000088e5) c.andi  s1, 25
core   0: 3 0x8000bc10 (0x88e5) x 9 0x00000019
core   0: 0x8000bc12 (0x0000622d) c.lui   tp, 0xb
core   0: 3 0x8000bc12 (0x622d) x 4 0x0000b000
core   0: 0x8000bc14 (0xfc7ec6e3) blt     t4, t2, pc - 52
core   0: 3 0x8000bc14 (0xfc7ec6e3)
core   0: 0x8000bc18 (0x00008e01) c.sub   a2, s0
core   0: 3 0x8000bc18 (0x8e01) x12 0x00000001
core   0: 0x8000bc1a (0x00010217) auipc   tp, 0x10
core   0: 3 0x8000bc1a (0x00010217) x 4 0x8001bc1a
core   0: 0x8000bc1e (0x33a20213) addi    tp, tp, 826
core   0: 3 0x8000bc1e (0x33a20213) x 4 0x8001bf54
core   0: 0x8000bc22 (0x00005897) auipc   a7, 0x5
core   0: 3 0x8000bc22 (0x00005897) x17 0x80010c22
core   0: 0x8000bc26 (0xbc388893) addi    a7, a7, -1085
core   0: 3 0x8000bc26 (0xbc388893) x17 0x800107e5
core   0: 0x8000bc2a (0xfd720783) lb      a5, -41(tp)
core   0: 3 0x8000bc2a (0xfd720783) x15 0xffffffe0 mem 0x8001bf2b
core   0: 0x8000bc2e (0x00821903) lh      s2, 8(tp)
core   0: 3 0x8000bc2e (0x00821903) x18 0x00001617 mem 0x8001bf5c
core   0: 0x8000bc32 (0xf4b8d083) lhu     ra, -181(a7)
core   0: 3 0x8000bc32 (0xf4b8d083) x 1 0x0000eaeb mem 0x80010730
core   0: 0x8000bc36 (0x00621783) lh      a5, 6(tp)
core   0: 3 0x8000bc36 (0x00621783) x15 0x00001011 mem 0x8001bf5a
core   0: 0x8000bc3a (0xf5e88f83) lb      t6, -162(a7)
core   0: 3 0x8000bc3a (0xf5e88f83) x31 0xfffffff8 mem 0x80010743
core   0: 0x8000bc3e (0xfa788e23) sb      t2, -68(a7)
core   0: 3 0x8000bc3e (0xfa788e23) mem 0x800107a1 0xfe
core   0: 0x8000bc42 (0x02420523) sb      tp, 42(tp)
core   0: 3 0x8000bc42 (0x02420523) mem 0x8001bf7e 0x54
core   0: 0x8000bc46 (0xf1088303) lb      t1, -240(a7)
core   0: 3 0x8000bc46 (0xf1088303) x 6 0xffffffae mem 0x800106f5
core   0: 0x8000bc4a (0xf0088023) sb      zero, -256(a7)
core   0: 3 0x8000bc4a (0xf0088023) mem 0x800106e5 0x0
core   0: 0x8000bc4e (0xfc424303) lbu     t1, -60(tp)
core   0: 3 0x8000bc4e (0xfc424303) x 6 0x000000d3 mem 0x8001bf18
core   0: 0x8000bc52 (0xfc624e03) lbu     t3, -58(tp)
core   0: 3 0x8000bc52 (0xfc624e03) x28 0x000000d1 mem 0x8001bf1a
core   0: 0x8000bc56 (0x0ff8d383) lhu     t2, 255(a7)
core   0: 3 0x8000bc56 (0x0ff8d383) x 7 0x00009e9f mem 0x800108e4
core   0: 0x8000bc5a (0x00005e17) auipc   t3, 0x5
core   0: 3 0x8000bc5a (0x00005e17) x28 0x80010c5a
core   0: 0x8000bc5e (0x9ece0e13) addi    t3, t3, -1556
core   0: 3 0x8000bc5e (0x9ece0e13) x28 0x80010646
core   0: 0x8000bc62 (0x00008917) auipc   s2, 0x8
core   0: 3 0x8000bc62 (0x00008917) x18 0x80013c62
core   0: 0x8000bc66 (0xd4090913) addi    s2, s2, -704
core   0: 3 0x8000bc66 (0xd4090913) x18 0x800139a2
core   0: 0x8000bc6a (0x0e792123) sw      t2, 226(s2)
core   0: 3 0x8000bc6a (0x0e792123) mem 0x80013a84 0x00009e9f
core   0: 0x8000bc6e (0xff3e0c83) lb      s9, -13(t3)
core   0: 3 0x8000bc6e (0xff3e0c83) x25 0xfffffff2 mem 0x80010639
core   0: 0x8000bc72 (0xfe290ba3) sb      sp, -9(s2)
core   0: 3 0x8000bc72 (0xfe290ba3) mem 0x80013999 0xe4
core   0: 0x8000bc76 (0xffbe4a83) lbu     s5, -5(t3)
core   0: 3 0x8000bc76 (0xffbe4a83) x21 0x000000fa mem 0x80010641
core   0: 0x8000bc7a (0x002e07a3) sb      sp, 15(t3)
core   0: 3 0x8000bc7a (0x002e07a3) mem 0x80010655 0xe4
core   0: 0x8000bc7e (0xf1994b03) lbu     s6, -231(s2)
core   0: 3 0x8000bc7e (0xf1994b03) x22 0x00000070 mem 0x800138bb
core   0: 0x8000bc82 (0xff5e4183) lbu     gp, -11(t3)
core   0: 3 0x8000bc82 (0xff5e4183) x 3 0x000000f0 mem 0x8001063b
core   0: 0x8000bc86 (0x005e0503) lb      a0, 5(t3)
core   0: 3 0x8000bc86 (0x005e0503) x10 0xffffffe4 mem 0x8001064b
core   0: 0x8000bc8a (0xff490023) sb      s4, -32(s2)
core   0: 3 0x8000bc8a (0xff490023) mem 0x80013982 0x58
core   0: 0x8000bc8e (0xff4e4c03) lbu     s8, -12(t3)
core   0: 3 0x8000bc8e (0xff4e4c03) x24 0x000000f1 mem 0x8001063a
core   0: 0x8000bc92 (0x000e1683) lh      a3, 0(t3)
core   0: 3 0x8000bc92 (0x000e1683) x13 0xfffffcfd mem 0x80010646
core   0: 0x8000bc96 (0x0be94003) lbu     zero, 190(s2)
core   0: 3 0x8000bc96 (0x0be94003) mem 0x80013a60
core   0: 0x8000bc9a (0x005e4203) lbu     tp, 5(t3)
core   0: 3 0x8000bc9a (0x005e4203) x 4 0x000000e4 mem 0x8001064b
core   0: 0x8000bc9e (0xff700513) li      a0, -9
core   0: 3 0x8000bc9e (0xff700513) x10 0xfffffff7
core   0: 0x8000bca2 (0x00008f85) c.sub   a5, s1
core   0: 3 0x8000bca2 (0x8f85) x15 0x00000ff8
core   0: 0x8000bca4 (0x40715b33) sra     s6, sp, t2
core   0: 3 0x8000bca4 (0x40715b33) x22 0xffffffff
core   0: 0x8000bca8 (0x0000100f) fence.i
core   0: 3 0x8000bca8 (0x0000100f)
core   0: 0x8000bcac (0xff100c13) li      s8, -15
core   0: 3 0x8000bcac (0xff100c13) x24 0xfffffff1
core   0: 0x8000bcb0 (0x5e652e13) slti    t3, a0, 1510
core   0: 3 0x8000bcb0 (0x5e652e13) x28 0x00000001
core   0: 0x8000bcb4 (0xeec1f793) andi    a5, gp, -276
core   0: 3 0x8000bcb4 (0xeec1f793) x15 0x000000e0
core   0: 0x8000bcb8 (0x00008e41) c.or    a2, s0
core   0: 3 0x8000bcb8 (0x8e41) x12 0xffffffff
core   0: 0x8000bcba (0x0000100f) fence.i
core   0: 3 0x8000bcba (0x0000100f)
core   0: 0x8000bcbe (0x00008196) c.mv    gp, t0
core   0: 3 0x8000bcbe (0x8196) x 3 0x00000000
core   0: 0x8000bcc0 (0x00008f79) c.and   a4, a4
core   0: 3 0x8000bcc0 (0x8f79) x14 0x0000000e
core   0: 0x8000bcc2 (0x9cc4ff13) andi    t5, s1, -1588
core   0: 3 0x8000bcc2 (0x9cc4ff13) x30 0x00000008
core   0: 0x8000bcc6 (0x00009bfd) c.andi  a5, -1
core   0: 3 0x8000bcc6 (0x9bfd) x15 0x000000e0
core   0: 0x8000bcc8 (0x01c9d493) srli    s1, s3, 28
core   0: 3 0x8000bcc8 (0x01c9d493) x 9 0x00000000
core   0: 0x8000bccc (0x02be1fb3) mulh    t6, t3, a1
core   0: 3 0x8000bccc (0x02be1fb3) x31 0xffffffff
core   0: 0x8000bcd0 (0x633ef493) andi    s1, t4, 1587
core   0: 3 0x8000bcd0 (0x633ef493) x 9 0x00000002
core   0: 0x8000bcd4 (0x00001569) c.addi  a0, -6
core   0: 3 0x8000bcd4 (0x1569) x10 0xfffffff1
core   0: 0x8000bcd6 (0x0000100f) fence.i
core   0: 3 0x8000bcd6 (0x0000100f)
core   0: 0x8000bcda (0x40d384b3) sub     s1, t2, a3
core   0: 3 0x8000bcda (0x40d384b3) x 9 0x0000a1a2
core   0: 0x8000bcde (0x0172a933) slt     s2, t0, s7
core   0: 3 0x8000bcde (0x0172a933) x18 0x00000001
core   0: 0x8000bce2 (0x00006d79) c.lui   s10, 0x1e
core   0: 3 0x8000bce2 (0x6d79) x26 0x0001e000
core   0: 0x8000bce4 (0x00006461) c.lui   s0, 0x18
core   0: 3 0x8000bce4 (0x6461) x 8 0x00018000
core   0: 0x8000bce6 (0x00975fb3) srl     t6, a4, s1
core   0: 3 0x8000bce6 (0x00975fb3) x31 0x00000003
core   0: 0x8000bcea (0x01adaab3) slt     s5, s11, s10
core   0: 3 0x8000bcea (0x01adaab3) x21 0x00000001
core   0: 0x8000bcee (0x01092e33) slt     t3, s2, a6
core   0: 3 0x8000bcee (0x01092e33) x28 0x00000001
core   0: 0x8000bcf2 (0xfd8501e3) beq     a0, s8, pc - 62
core   0: 3 0x8000bcf2 (0xfd8501e3)
core   0: 0x8000bcb4 (0xeec1f793) andi    a5, gp, -276
core   0: 3 0x8000bcb4 (0xeec1f793) x15 0x00000000
core   0: 0x8000bcb8 (0x00008e41) c.or    a2, s0
core   0: 3 0x8000bcb8 (0x8e41) x12 0xffffffff
core   0: 0x8000bcba (0x0000100f) fence.i
core   0: 3 0x8000bcba (0x0000100f)
core   0: 0x8000bcbe (0x00008196) c.mv    gp, t0
core   0: 3 0x8000bcbe (0x8196) x 3 0x00000000
core   0: 0x8000bcc0 (0x00008f79) c.and   a4, a4
core   0: 3 0x8000bcc0 (0x8f79) x14 0x0000000e
core   0: 0x8000bcc2 (0x9cc4ff13) andi    t5, s1, -1588
core   0: 3 0x8000bcc2 (0x9cc4ff13) x30 0x0000a180
core   0: 0x8000bcc6 (0x00009bfd) c.andi  a5, -1
core   0: 3 0x8000bcc6 (0x9bfd) x15 0x00000000
core   0: 0x8000bcc8 (0x01c9d493) srli    s1, s3, 28
core   0: 3 0x8000bcc8 (0x01c9d493) x 9 0x00000000
core   0: 0x8000bccc (0x02be1fb3) mulh    t6, t3, a1
core   0: 3 0x8000bccc (0x02be1fb3) x31 0xffffffff
core   0: 0x8000bcd0 (0x633ef493) andi    s1, t4, 1587
core   0: 3 0x8000bcd0 (0x633ef493) x 9 0x00000002
core   0: 0x8000bcd4 (0x00001569) c.addi  a0, -6
core   0: 3 0x8000bcd4 (0x1569) x10 0xffffffeb
core   0: 0x8000bcd6 (0x0000100f) fence.i
core   0: 3 0x8000bcd6 (0x0000100f)
core   0: 0x8000bcda (0x40d384b3) sub     s1, t2, a3
core   0: 3 0x8000bcda (0x40d384b3) x 9 0x0000a1a2
core   0: 0x8000bcde (0x0172a933) slt     s2, t0, s7
core   0: 3 0x8000bcde (0x0172a933) x18 0x00000001
core   0: 0x8000bce2 (0x00006d79) c.lui   s10, 0x1e
core   0: 3 0x8000bce2 (0x6d79) x26 0x0001e000
core   0: 0x8000bce4 (0x00006461) c.lui   s0, 0x18
core   0: 3 0x8000bce4 (0x6461) x 8 0x00018000
core   0: 0x8000bce6 (0x00975fb3) srl     t6, a4, s1
core   0: 3 0x8000bce6 (0x00975fb3) x31 0x00000003
core   0: 0x8000bcea (0x01adaab3) slt     s5, s11, s10
core   0: 3 0x8000bcea (0x01adaab3) x21 0x00000001
core   0: 0x8000bcee (0x01092e33) slt     t3, s2, a6
core   0: 3 0x8000bcee (0x01092e33) x28 0x00000001
core   0: 0x8000bcf2 (0xfd8501e3) beq     a0, s8, pc - 62
core   0: 3 0x8000bcf2 (0xfd8501e3)
core   0: 0x8000bcf6 (0x00c29b33) sll     s6, t0, a2
core   0: 3 0x8000bcf6 (0x00c29b33) x22 0x00000000
core   0: 0x8000bcfa (0x00014797) auipc   a5, 0x14
core   0: 3 0x8000bcfa (0x00014797) x15 0x8001fcfa
core   0: 0x8000bcfe (0x27178793) addi    a5, a5, 625
core   0: 3 0x8000bcfe (0x27178793) x15 0x8001ff6b
core   0: 0x8000bd02 (0xfd87c903) lbu     s2, -40(a5)
core   0: 3 0x8000bd02 (0xfd87c903) x18 0x000000f8 mem 0x8001ff43
core   0: 0x8000bd06 (0xfd678683) lb      a3, -42(a5)
core   0: 3 0x8000bd06 (0xfd678683) x13 0xfffffffa mem 0x8001ff41
core   0: 0x8000bd0a (0x0047c683) lbu     a3, 4(a5)
core   0: 3 0x8000bd0a (0x0047c683) x13 0x00000024 mem 0x8001ff6f
core   0: 0x8000bd0e (0x0127cf03) lbu     t5, 18(a5)
core   0: 3 0x8000bd0e (0x0127cf03) x30 0x00000036 mem 0x8001ff7d
core   0: 0x8000bd12 (0x01278903) lb      s2, 18(a5)
core   0: 3 0x8000bd12 (0x01278903) x18 0x00000036 mem 0x8001ff7d
core   0: 0x8000bd16 (0xfc0786a3) sb      zero, -51(a5)
core   0: 3 0x8000bd16 (0xfc0786a3) mem 0x8001ff38 0x0
core   0: 0x8000bd1a (0x0157ab83) lw      s7, 21(a5)
core   0: 3 0x8000bd1a (0x0157ab83) x23 0x38393a3b mem 0x8001ff80
core   0: 0x8000bd1e (0x01179aa3) sh      a7, 21(a5)
core   0: 3 0x8000bd1e (0x01179aa3) mem 0x8001ff80 0x07e5
core   0: 0x8000bd22 (0x01578203) lb      tp, 21(a5)
core   0: 3 0x8000bd22 (0x01578203) x 4 0xffffffe5 mem 0x8001ff80
core   0: 0x8000bd26 (0xfd67cc03) lbu     s8, -42(a5)
core   0: 3 0x8000bd26 (0xfd67cc03) x24 0x000000fa mem 0x8001ff41
core   0: 0x8000bd2a (0xfd67ce03) lbu     t3, -42(a5)
core   0: 3 0x8000bd2a (0xfd67ce03) x28 0x000000fa mem 0x8001ff41
core   0: 0x8000bd2e (0xfcb78b23) sb      a1, -42(a5)
core   0: 3 0x8000bd2e (0xfcb78b23) mem 0x8001ff41 0x0
core   0: 0x8000bd32 (0x012fdbb3) srl     s7, t6, s2
core   0: 3 0x8000bd32 (0x012fdbb3) x23 0x00000000
core   0: 0x8000bd36 (0x00a7c383) lbu     t2, 10(a5)
core   0: 3 0x8000bd36 (0x00a7c383) x 7 0x0000002e mem 0x8001ff75
core   0: 0x8000bd3a (0x00a7cc83) lbu     s9, 10(a5)
core   0: 3 0x8000bd3a (0x00a7cc83) x25 0x0000002e mem 0x8001ff75
core   0: 0x8000bd3e (0xfcf7c503) lbu     a0, -49(a5)
core   0: 3 0x8000bd3e (0xfcf7c503) x10 0x000000f1 mem 0x8001ff3a
core   0: 0x8000bd42 (0x00010a97) auipc   s5, 0x10
core   0: 3 0x8000bd42 (0x00010a97) x21 0x8001bd42
core   0: 0x8000bd46 (0x249a8a93) addi    s5, s5, 585
core   0: 3 0x8000bd46 (0x249a8a93) x21 0x8001bf8b
core   0: 0x8000bd4a (0xfffa8003) lb      zero, -1(s5)
core   0: 3 0x8000bd4a (0xfffa8003) mem 0x8001bf8a
core   0: 0x8000bd4e (0x00000001) c.nop
core   0: 3 0x8000bd4e (0x0001)
core   0: 0x8000bd50 (0xff7ade03) lhu     t3, -9(s5)
core   0: 3 0x8000bd50 (0xff7ade03) x28 0x00003839 mem 0x8001bf82
core   0: 0x8000bd54 (0x0317b7b3) mulhu   a5, a5, a7
core   0: 3 0x8000bd54 (0x0317b7b3) x15 0x400183aa
core   0: 0x8000bd58 (0x41b05e33) sra     t3, zero, s11
core   0: 3 0x8000bd58 (0x41b05e33) x28 0x00000000
core   0: 0x8000bd5c (0x005c1f13) slli    t5, s8, 5
core   0: 3 0x8000bd5c (0x005c1f13) x30 0x00001f40
core   0: 0x8000bd60 (0x000a96a3) sh      zero, 13(s5)
core   0: 3 0x8000bd60 (0x000a96a3) mem 0x8001bf98 0x0000
core   0: 0x8000bd64 (0x00aa8c03) lb      s8, 10(s5)
core   0: 3 0x8000bd64 (0x00aa8c03) x24 0x0000004e mem 0x8001bf95
core   0: 0x8000bd68 (0xffcac003) lbu     zero, -4(s5)
core   0: 3 0x8000bd68 (0xffcac003) mem 0x8001bf87
core   0: 0x8000bd6c (0x017a90a3) sh      s7, 1(s5)
core   0: 3 0x8000bd6c (0x017a90a3) mem 0x8001bf8c 0x0000
core   0: 0x8000bd70 (0x002ac603) lbu     a2, 2(s5)
core   0: 3 0x8000bd70 (0x002ac603) x12 0x00000000 mem 0x8001bf8d
core   0: 0x8000bd74 (0x007a8183) lb      gp, 7(s5)
core   0: 3 0x8000bd74 (0x007a8183) x 3 0x00000049 mem 0x8001bf92
core   0: 0x8000bd78 (0x00008f61) c.and   a4, s0
core   0: 3 0x8000bd78 (0x8f61) x14 0x00000000
core   0: 0x8000bd7a (0x000acc03) lbu     s8, 0(s5)
core   0: 3 0x8000bd7a (0x000acc03) x24 0x00000040 mem 0x8001bf8b
core   0: 0x8000bd7e (0xff2a9fa3) sh      s2, -1(s5)
core   0: 3 0x8000bd7e (0xff2a9fa3) mem 0x8001bf8a 0x0036
core   0: 0x8000bd82 (0x018a8123) sb      s8, 2(s5)
core   0: 3 0x8000bd82 (0x018a8123) mem 0x8001bf8d 0x40
core   0: 0x8000bd86 (0x0000100f) fence.i
core   0: 3 0x8000bd86 (0x0000100f)
core   0: 0x8000bd8a (0x004a8623) sb      tp, 12(s5)
core   0: 3 0x8000bd8a (0x004a8623) mem 0x8001bf97 0xe5
core   0: 0x8000bd8e (0xc7cee517) auipc   a0, 0xc7cee
core   0: 3 0x8000bd8e (0xc7cee517) x10 0x47cf9d8e
core   0: 0x8000bd92 (0x006a84a3) sb      t1, 9(s5)
core   0: 3 0x8000bd92 (0x006a84a3) mem 0x8001bf94 0xd3
core   0: 0x8000bd96 (0x000a8423) sb      zero, 8(s5)
core   0: 3 0x8000bd96 (0x000a8423) mem 0x8001bf93 0x0
core   0: 0x8000bd9a (0xaf973913) sltiu   s2, a4, -1287
core   0: 3 0x8000bd9a (0xaf973913) x18 0x00000001
core   0: 0x8000bd9e (0x011a8823) sb      a7, 16(s5)
core   0: 3 0x8000bd9e (0x011a8823) mem 0x8001bf9b 0xe5
core   0: 0x8000bda2 (0x011a84a3) sb      a7, 9(s5)
core   0: 3 0x8000bda2 (0x011a84a3) mem 0x8001bf94 0xe5
core   0: 0x8000bda6 (0x00ea8303) lb      t1, 14(s5)
core   0: 3 0x8000bda6 (0x00ea8303) x 6 0x00000000 mem 0x8001bf99
core   0: 0x8000bdaa (0x002a86a3) sb      sp, 13(s5)
core   0: 3 0x8000bdaa (0x002a86a3) mem 0x8001bf98 0xe4
core   0: 0x8000bdae (0xff0a8c23) sb      a6, -8(s5)
core   0: 3 0x8000bdae (0xff0a8c23) mem 0x8001bf83 0xb
core   0: 0x8000bdb2 (0x01ac0533) add     a0, s8, s10
core   0: 3 0x8000bdb2 (0x01ac0533) x10 0x0001e040
core   0: 0x8000bdb6 (0x006a8423) sb      t1, 8(s5)
core   0: 3 0x8000bdb6 (0x006a8423) mem 0x8001bf93 0x0
core   0: 0x8000bdba (0x00b3c833) xor     a6, t2, a1
core   0: 3 0x8000bdba (0x00b3c833) x16 0x8000002e
core   0: 0x8000bdbe (0x003b8833) add     a6, s7, gp
core   0: 3 0x8000bdbe (0x003b8833) x16 0x00000049
core   0: 0x8000bdc2 (0x7dd5ec13) ori     s8, a1, 2013
core   0: 3 0x8000bdc2 (0x7dd5ec13) x24 0x800007dd
core   0: 0x8000bdc6 (0x00fade83) lhu     t4, 15(s5)
core   0: 3 0x8000bdc6 (0x00fade83) x29 0x0000e551 mem 0x8001bf9a
core   0: 0x8000bdca (0x00007297) auipc   t0, 0x7
core   0: 3 0x8000bdca (0x00007297) x 5 0x80012dca
core   0: 0x8000bdce (0xcf328293) addi    t0, t0, -781
core   0: 3 0x8000bdce (0xcf328293) x 5 0x80012abd
core   0: 0x8000bdd2 (0xfdc28f03) lb      t5, -36(t0)
core   0: 3 0x8000bdd2 (0xfdc28f03) x30 0x00000052 mem 0x80012a99
core   0: 0x8000bdd6 (0xfdc2cf83) lbu     t6, -36(t0)
core   0: 3 0x8000bdd6 (0xfdc2cf83) x31 0x00000052 mem 0x80012a99
core   0: 0x8000bdda (0x00004ab9) c.li    s5, 14
core   0: 3 0x8000bdda (0x4ab9) x21 0x0000000e
core   0: 0x8000bddc (0x00cec7b3) xor     a5, t4, a2
core   0: 3 0x8000bddc (0x00cec7b3) x15 0x0000e551
core   0: 0x8000bde0 (0xfdc2c803) lbu     a6, -36(t0)
core   0: 3 0x8000bde0 (0xfdc2c803) x16 0x00000052 mem 0x80012a99
core   0: 0x8000bde4 (0xfe02ca83) lbu     s5, -32(t0)
core   0: 3 0x8000bde4 (0xfe02ca83) x21 0x00000056 mem 0x80012a9d
core   0: 0x8000bde8 (0xfe028703) lb      a4, -32(t0)
core   0: 3 0x8000bde8 (0xfe028703) x14 0x00000056 mem 0x80012a9d
core   0: 0x8000bdec (0x03219ab3) mulh    s5, gp, s2
core   0: 3 0x8000bdec (0x03219ab3) x21 0x00000000
core   0: 0x8000bdf0 (0xfe02c203) lbu     tp, -32(t0)
core   0: 3 0x8000bdf0 (0xfe02c203) x 4 0x00000056 mem 0x80012a9d
core   0: 0x8000bdf4 (0x00f28023) sb      a5, 0(t0)
core   0: 3 0x8000bdf4 (0x00f28023) mem 0x80012abd 0x51
core   0: 0x8000bdf8 (0x035c0033) mul     zero, s8, s5
core   0: 3 0x8000bdf8 (0x035c0033)
core   0: 0x8000bdfc (0xb7e8c617) auipc   a2, 0xb7e8c
core   0: 3 0x8000bdfc (0xb7e8c617) x12 0x37e97dfc
core   0: 0x8000be00 (0xfc228403) lb      s0, -62(t0)
core   0: 3 0x8000be00 (0xfc228403) x 8 0x00000034 mem 0x80012a7f
core   0: 0x8000be04 (0xfc228c03) lb      s8, -62(t0)
core   0: 3 0x8000be04 (0xfc228c03) x24 0x00000034 mem 0x80012a7f
core   0: 0x8000be08 (0xfee28783) lb      a5, -18(t0)
core   0: 3 0x8000be08 (0xfee28783) x15 0x00000060 mem 0x80012aab
core   0: 0x8000be0c (0xff428023) sb      s4, -32(t0)
core   0: 3 0x8000be0c (0xff428023) mem 0x80012a9d 0x58
core   0: 0x8000be10 (0x41385233) sra     tp, a6, s3
core   0: 3 0x8000be10 (0x41385233) x 4 0x00000000
core   0: 0x8000be14 (0x02c2cd83) lbu     s11, 44(t0)
core   0: 3 0x8000be14 (0x02c2cd83) x27 0x000000a2 mem 0x80012ae9
core   0: 0x8000be18 (0x02c28f03) lb      t5, 44(t0)
core   0: 3 0x8000be18 (0x02c28f03) x30 0xffffffa2 mem 0x80012ae9
core   0: 0x8000be1c (0x00008c29) c.xor   s0, a0
core   0: 3 0x8000be1c (0x8c29) x 8 0x0001e074
core   0: 0x8000be1e (0x00000001) c.nop
core   0: 3 0x8000be1e (0x0001)
core   0: 0x8000be20 (0x01af5263) bge     t5, s10, pc + 4
core   0: 3 0x8000be20 (0x01af5263)
core   0: 0x8000be24 (0x03d2af33) mulhsu  t5, t0, t4
core   0: 3 0x8000be24 (0x03d2af33) x30 0xffff8d58
core   0: 0x8000be28 (0x002df463) bgeu    s11, sp, pc + 8
core   0: 3 0x8000be28 (0x002df463)
core   0: 0x8000be2c (0x0000c395) c.beqz  a5, pc + 36
core   0: 3 0x8000be2c (0xc395)
core   0: 0x8000be2e (0x00008e81) c.sub   a3, s0
core   0: 3 0x8000be2e (0x8e81) x13 0xfffe1fb0
core   0: 0x8000be30 (0x00008091) c.srli  s1, 4
core   0: 3 0x8000be30 (0x8091) x 9 0x00000a1a
core   0: 0x8000be32 (0x0000976e) c.add   a4, s11
core   0: 3 0x8000be32 (0x976e) x14 0x000000f8
core   0: 0x8000be34 (0x41935b93) srai    s7, t1, 25
core   0: 3 0x8000be34 (0x41935b93) x23 0x00000000
core   0: 0x8000be38 (0xccafad13) slti    s10, t6, -822
core   0: 3 0x8000be38 (0xccafad13) x26 0x00000000
core   0: 0x8000be3c (0x0000943e) c.add   s0, a5
core   0: 3 0x8000be3c (0x943e) x 8 0x0001e0d4
core   0: 0x8000be3e (0x418b8b33) sub     s6, s7, s8
core   0: 3 0x8000be3e (0x418b8b33) x22 0xffffffcc
core   0: 0x8000be42 (0x00008121) c.srli  a0, 8
core   0: 3 0x8000be42 (0x8121) x10 0x000001e0
core   0: 0x8000be44 (0x00005bfd) c.li    s7, -1
core   0: 3 0x8000be44 (0x5bfd) x23 0xffffffff
core   0: 0x8000be46 (0x010a0d63) beq     s4, a6, pc + 26
core   0: 3 0x8000be46 (0x010a0d63)
core   0: 0x8000be4a (0x0ff0000f) fence   iorw,iorw
core   0: 3 0x8000be4a (0x0ff0000f)
core   0: 0x8000be4e (0x000084e1) c.srai  s1, 24
core   0: 3 0x8000be4e (0x84e1) x 9 0x00000000
core   0: 0x8000be50 (0x036e8fb3) mul     t6, t4, s6
core   0: 3 0x8000be50 (0x036e8fb3) x31 0xffd16b8c
core   0: 0x8000be54 (0x000069ad) c.lui   s3, 0xb
core   0: 3 0x8000be54 (0x69ad) x19 0x0000b000
core   0: 0x8000be56 (0x00006099) c.lui   ra, 0x6
core   0: 3 0x8000be56 (0x6099) x 1 0x00006000
core   0: 0x8000be58 (0x00008c81) c.sub   s1, s0
core   0: 3 0x8000be58 (0x8c81) x 9 0xfffe1f2c
core   0: 0x8000be5a (0x01b6cc63) blt     a3, s11, pc + 24
core   0: 3 0x8000be5a (0x01b6cc63)
core   0: 0x8000be72 (0x000846b3) xor     a3, a6, zero
core   0: 3 0x8000be72 (0x000846b3) x13 0x00000052
core   0: 0x8000be76 (0x000098fd) c.andi  s1, -1
core   0: 3 0x8000be76 (0x98fd) x 9 0xfffe1f2c
core   0: 0x8000be78 (0x00008011) c.srli  s0, 4
core   0: 3 0x8000be78 (0x8011) x 8 0x00001e0d
core   0: 0x8000be7a (0x01ac4cb3) xor     s9, s8, s10
core   0: 3 0x8000be7a (0x01ac4cb3) x25 0x00000034
core   0: 0x8000be7e (0x0000ce99) c.beqz  a3, pc + 30
core   0: 3 0x8000be7e (0xce99)
core   0: 0x8000be80 (0x000082b5) c.srli  a3, 13
core   0: 3 0x8000be80 (0x82b5) x13 0x00000000
core   0: 0x8000be82 (0x00008cb5) c.xor   s1, a3
core   0: 3 0x8000be82 (0x8cb5) x 9 0xfffe1f2c
core   0: 0x8000be84 (0x0000100f) fence.i
core   0: 3 0x8000be84 (0x0000100f)
core   0: 0x8000be88 (0x00008cbd) c.xor   s1, a5
core   0: 3 0x8000be88 (0x8cbd) x 9 0xfffe1f4c
core   0: 0x8000be8a (0x00005c7d) c.li    s8, -1
core   0: 3 0x8000be8a (0x5c7d) x24 0xffffffff
core   0: 0x8000be8c (0x0ff0000f) fence   iorw,iorw
core   0: 3 0x8000be8c (0x0ff0000f)
core   0: 0x8000be90 (0x41f8db93) srai    s7, a7, 31
core   0: 3 0x8000be90 (0x41f8db93) x23 0xffffffff
core   0: 0x8000be94 (0x5a4d4917) auipc   s2, 0x5a4d4
core   0: 3 0x8000be94 (0x5a4d4917) x18 0xda4dfe94
core   0: 0x8000be98 (0x01604db3) xor     s11, zero, s6
core   0: 3 0x8000be98 (0x01604db3) x27 0xffffffcc
core   0: 0x8000be9c (0x000080b9) c.srli  s1, 14
core   0: 3 0x8000be9c (0x80b9) x 9 0x0003fff8
core   0: 0x8000be9e (0x00c106b3) add     a3, sp, a2
core   0: 3 0x8000be9e (0x00c106b3) x13 0xb7ec1ae0
core   0: 0x8000bea2 (0x000006fa) c.slli  a3, 30
core   0: 3 0x8000bea2 (0x06fa) x13 0x00000000
core   0: 0x8000bea4 (0x0373e763) bltu    t2, s7, pc + 46
core   0: 3 0x8000bea4 (0x0373e763)
core   0: 0x8000bed2 (0x000049d1) c.li    s3, 20
core   0: 3 0x8000bed2 (0x49d1) x19 0x00000014
core   0: 0x8000bed4 (0x40a551b3) sra     gp, a0, a0
core   0: 3 0x8000bed4 (0x40a551b3) x 3 0x000001e0
core   0: 0x8000bed8 (0x00009996) c.add   s3, t0
core   0: 3 0x8000bed8 (0x9996) x19 0x80012ad1
core   0: 0x8000beda (0x4037d6b3) sra     a3, a5, gp
core   0: 3 0x8000beda (0x4037d6b3) x13 0x00000060
core   0: 0x8000bede (0x02098833) mul     a6, s3, zero
core   0: 3 0x8000bede (0x02098833) x16 0x00000000
core   0: 0x8000bee2 (0x41bfd193) srai    gp, t6, 27
core   0: 3 0x8000bee2 (0x41bfd193) x 3 0xffffffff
core   0: 0x8000bee6 (0x10bcc413) xori    s0, s9, 267
core   0: 3 0x8000bee6 (0x10bcc413) x 8 0x0000013f
core   0: 0x8000beea (0x036dc8b3) div     a7, s11, s6
core   0: 3 0x8000beea (0x036dc8b3) x17 0x00000001
core   0: 0x8000beee (0x001d2833) slt     a6, s10, ra
core   0: 3 0x8000beee (0x001d2833) x16 0x00000001
core   0: 0x8000bef2 (0x0146bb33) sltu    s6, a3, s4
core   0: 3 0x8000bef2 (0x0146bb33) x22 0x00000001
core   0: 0x8000bef6 (0x0ff0000f) fence   iorw,iorw
core   0: 3 0x8000bef6 (0x0ff0000f)
core   0: 0x8000befa (0x001576b3) and     a3, a0, ra
core   0: 3 0x8000befa (0x001576b3) x13 0x00000000
core   0: 0x8000befe (0x825d6513) ori     a0, s10, -2011
core   0: 3 0x8000befe (0x825d6513) x10 0xfffff825
core   0: 0x8000bf02 (0x0334f063) bgeu    s1, s3, pc + 32
core   0: 3 0x8000bf02 (0x0334f063)
core   0: 0x8000bf06 (0x43c82313) slti    t1, a6, 1084
core   0: 3 0x8000bf06 (0x43c82313) x 6 0x00000001
core   0: 0x8000bf0a (0xdd5ec713) xori    a4, t4, -555
core   0: 3 0x8000bf0a (0xdd5ec713) x14 0xffff1884
core   0: 0x8000bf0e (0x4117d433) sra     s0, a5, a7
core   0: 3 0x8000bf0e (0x4117d433) x 8 0x00000030
core   0: 0x8000bf12 (0x0117c2b3) xor     t0, a5, a7
core   0: 3 0x8000bf12 (0x0117c2b3) x 5 0x00000061
core   0: 0x8000bf16 (0x016587b3) add     a5, a1, s6
core   0: 3 0x8000bf16 (0x016587b3) x15 0x80000001
core   0: 0x8000bf1a (0x03ce7333) remu    t1, t3, t3
core   0: 3 0x8000bf1a (0x03ce7333) x 6 0x00000000
core   0: 0x8000bf1e (0x0123d033) srl     zero, t2, s2
core   0: 3 0x8000bf1e (0x0123d033)
core   0: 0x8000bf22 (0x02dd5833) divu    a6, s10, a3
core   0: 3 0x8000bf22 (0x02dd5833) x16 0xffffffff
core   0: 0x8000bf26 (0x021ea7b3) mulhsu  a5, t4, ra
core   0: 3 0x8000bf26 (0x021ea7b3) x15 0x00000000
core   0: 0x8000bf2a (0x00105713) srli    a4, zero, 1
core   0: 3 0x8000bf2a (0x00105713) x14 0x00000000
core   0: 0x8000bf2e (0x03efd533) divu    a0, t6, t5
core   0: 3 0x8000bf2e (0x03efd533) x10 0x00000000
core   0: 0x8000bf32 (0x03d2bf33) mulhu   t5, t0, t4
core   0: 3 0x8000bf32 (0x03d2bf33) x30 0x00000000
core   0: 0x8000bf36 (0x41f18433) sub     s0, gp, t6
core   0: 3 0x8000bf36 (0x41f18433) x 8 0x002e9473
core   0: 0x8000bf3a (0x030881b3) mul     gp, a7, a6
core   0: 3 0x8000bf3a (0x030881b3) x 3 0xffffffff
core   0: 0x8000bf3e (0x02d9eb63) bltu    s3, a3, pc + 54
core   0: 3 0x8000bf3e (0x02d9eb63)
core   0: 0x8000bf42 (0x02bd67b3) rem     a5, s10, a1
core   0: 3 0x8000bf42 (0x02bd67b3) x15 0x00000000
core   0: 0x8000bf46 (0x00008ea5) c.xor   a3, s1
core   0: 3 0x8000bf46 (0x8ea5) x13 0x0003fff8
core   0: 0x8000bf48 (0x0021d663) bge     gp, sp, pc + 12
core   0: 3 0x8000bf48 (0x0021d663)
core   0: 0x8000bf54 (0x00008c8d) c.sub   s1, a1
core   0: 3 0x8000bf54 (0x8c8d) x 9 0x8003fff8
core   0: 0x8000bf56 (0xc3534813) xori    a6, t1, -971
core   0: 3 0x8000bf56 (0xc3534813) x16 0xfffffc35
core   0: 0x8000bf5a (0x00000001) c.nop
core   0: 3 0x8000bf5a (0x0001)
core   0: 0x8000bf5c (0x003d2ab3) slt     s5, s10, gp
core   0: 3 0x8000bf5c (0x003d2ab3) x21 0x00000000
core   0: 0x8000bf60 (0x03871f33) mulh    t5, a4, s8
core   0: 3 0x8000bf60 (0x03871f33) x30 0x00000000
core   0: 0x8000bf64 (0x00000001) c.nop
core   0: 3 0x8000bf64 (0x0001)
core   0: 0x8000bf66 (0x0ff0000f) fence   iorw,iorw
core   0: 3 0x8000bf66 (0x0ff0000f)
core   0: 0x8000bf6a (0x0000e805) c.bnez  s0, pc + 48
core   0: 3 0x8000bf6a (0xe805)
core   0: 0x8000bf9a (0x00aec2b3) xor     t0, t4, a0
core   0: 3 0x8000bf9a (0x00aec2b3) x 5 0x0000e551
core   0: 0x8000bf9e (0x00006d95) c.lui   s11, 0x5
core   0: 3 0x8000bf9e (0x6d95) x27 0x00005000
core   0: 0x8000bfa0 (0x03095d33) divu    s10, s2, a6
core   0: 3 0x8000bfa0 (0x03095d33) x26 0x00000000
core   0: 0x8000bfa4 (0x02463ab3) mulhu   s5, a2, tp
core   0: 3 0x8000bfa4 (0x02463ab3) x21 0x00000000
core   0: 0x8000bfa8 (0x015da9b3) slt     s3, s11, s5
core   0: 3 0x8000bfa8 (0x015da9b3) x19 0x00000000
core   0: 0x8000bfac (0x01b67cb3) and     s9, a2, s11
core   0: 3 0x8000bfac (0x01b67cb3) x25 0x00005000
core   0: 0x8000bfb0 (0x0000987d) c.andi  s0, -1
core   0: 3 0x8000bfb0 (0x987d) x 8 0x002e9473
core   0: 0x8000bfb2 (0x0000e501) c.bnez  a0, pc + 8
core   0: 3 0x8000bfb2 (0xe501)
core   0: 0x8000bfb4 (0x00802cb3) slt     s9, zero, s0
core   0: 3 0x8000bfb4 (0x00802cb3) x25 0x00000001
core   0: 0x8000bfb8 (0x00008009) c.srli  s0, 2
core   0: 3 0x8000bfb8 (0x8009) x 8 0x000ba51c
core   0: 0x8000bfba (0x00000001) c.nop
core   0: 3 0x8000bfba (0x0001)
core   0: 0x8000bfbc (0x00008479) c.srai  s0, 30
core   0: 3 0x8000bfbc (0x8479) x 8 0x00000000
core   0: 0x8000bfbe (0x005f1313) slli    t1, t5, 5
core   0: 3 0x8000bfbe (0x005f1313) x 6 0x00000000
core   0: 0x8000bfc2 (0x7ea73413) sltiu   s0, a4, 2026
core   0: 3 0x8000bfc2 (0x7ea73413) x 8 0x00000001
core   0: 0x8000bfc6 (0x00000001) c.nop
core   0: 3 0x8000bfc6 (0x0001)
core   0: 0x8000bfc8 (0x00006d21) c.lui   s10, 0x8
core   0: 3 0x8000bfc8 (0x6d21) x26 0x00008000
core   0: 0x8000bfca (0x0000100f) fence.i
core   0: 3 0x8000bfca (0x0000100f)
core   0: 0x8000bfce (0x00d21333) sll     t1, tp, a3
core   0: 3 0x8000bfce (0x00d21333) x 6 0x00000000
core   0: 0x8000bfd2 (0x00008d51) c.or    a0, a2
core   0: 3 0x8000bfd2 (0x8d51) x10 0x37e97dfc
core   0: 0x8000bfd4 (0x00008ee1) c.and   a3, s0
core   0: 3 0x8000bfd4 (0x8ee1) x13 0x00000000
core   0: 0x8000bfd6 (0x00000ba2) c.slli  s7, 8
core   0: 3 0x8000bfd6 (0x0ba2) x23 0xffffff00
core   0: 0x8000bfd8 (0x00008c59) c.or    s0, a4
core   0: 3 0x8000bfd8 (0x8c59) x 8 0x00000001
core   0: 0x8000bfda (0x416d0f33) sub     t5, s10, s6
core   0: 3 0x8000bfda (0x416d0f33) x30 0x00007fff
core   0: 0x8000bfde (0x00008bcd) c.andi  a5, 19
core   0: 3 0x8000bfde (0x8bcd) x15 0x00000000
core   0: 0x8000bfe0 (0x493dab93) slti    s7, s11, 1171
core   0: 3 0x8000bfe0 (0x493dab93) x23 0x00000000
core   0: 0x8000bfe4 (0x41fcd8b3) sra     a7, s9, t6
core   0: 3 0x8000bfe4 (0x41fcd8b3) x17 0x00000000
core   0: 0x8000bfe8 (0x01e3f033) and     zero, t2, t5
core   0: 3 0x8000bfe8 (0x01e3f033)
core   0: 0x8000bfec (0x01c15a93) srli    s5, sp, 28
core   0: 3 0x8000bfec (0x01c15a93) x21 0x00000008
core   0: 0x8000bff0 (0x01170763) beq     a4, a7, pc + 14
core   0: 3 0x8000bff0 (0x01170763)
core   0: 0x8000bffe (0x0000885d) c.andi  s0, 23
core   0: 3 0x8000bffe (0x885d) x 8 0x00000001
core   0: 0x8000c000 (0x0296e263) bltu    a3, s1, pc + 36
core   0: 3 0x8000c000 (0x0296e263)
core   0: 0x8000c024 (0x001e1033) sll     zero, t3, ra
core   0: 3 0x8000c024 (0x001e1033)
core   0: 0x8000c028 (0x009c4633) xor     a2, s8, s1
core   0: 3 0x8000c028 (0x009c4633) x12 0x7ffc0007
core   0: 0x8000c02c (0x000084c9) c.srai  s1, 18
core   0: 3 0x8000c02c (0x84c9) x 9 0xffffe000
core   0: 0x8000c02e (0x0000cb09) c.beqz  a4, pc + 18
core   0: 3 0x8000c02e (0xcb09)
core   0: 0x8000c040 (0x025a8333) mul     t1, s5, t0
core   0: 3 0x8000c040 (0x025a8333) x 6 0x00072a88
core   0: 0x8000c044 (0x03f27ab3) remu    s5, tp, t6
core   0: 3 0x8000c044 (0x03f27ab3) x21 0x00000000
core   0: 0x8000c048 (0x01ea9f93) slli    t6, s5, 30
core   0: 3 0x8000c048 (0x01ea9f93) x31 0x00000000
core   0: 0x8000c04c (0x0d4b8e93) addi    t4, s7, 212
core   0: 3 0x8000c04c (0x0d4b8e93) x29 0x000000d4
core   0: 0x8000c050 (0x05495163) bge     s2, s4, pc + 66
core   0: 3 0x8000c050 (0x05495163)
core   0: 0x8000c092 (0x0322d7b3) divu    a5, t0, s2
core   0: 3 0x8000c092 (0x0322d7b3) x15 0x00000000
core   0: 0x8000c096 (0x00467d63) bgeu    a2, tp, pc + 26
core   0: 3 0x8000c096 (0x00467d63)
core   0: 0x8000c0b0 (0xb1a8ce93) xori    t4, a7, -1254
core   0: 3 0x8000c0b0 (0xb1a8ce93) x29 0xfffffb1a
core   0: 0x8000c0b4 (0x031c97b3) mulh    a5, s9, a7
core   0: 3 0x8000c0b4 (0x031c97b3) x15 0x00000000
core   0: 0x8000c0b8 (0x00008951) c.andi  a0, 20
core   0: 3 0x8000c0b8 (0x8951) x10 0x00000014
core   0: 0x8000c0ba (0x0000db33) srl     s6, ra, zero
core   0: 3 0x8000c0ba (0x0000db33) x22 0x00006000
core   0: 0x8000c0be (0x01abd563) bge     s7, s10, pc + 10
core   0: 3 0x8000c0be (0x01abd563)
core   0: 0x8000c0c2 (0x00619013) slli    zero, gp, 6
core   0: 3 0x8000c0c2 (0x00619013)
core   0: 0x8000c0c6 (0x00006231) c.lui   tp, 0xc
core   0: 3 0x8000c0c6 (0x6231) x 4 0x0000c000
core   0: 0x8000c0c8 (0x05830263) beq     t1, s8, pc + 68
core   0: 3 0x8000c0c8 (0x05830263)
core   0: 0x8000c0cc (0x0145fe63) bgeu    a1, s4, pc + 28
core   0: 3 0x8000c0cc (0x0145fe63)
core   0: 0x8000c0d0 (0x01115c13) srli    s8, sp, 17
core   0: 3 0x8000c0d0 (0x01115c13) x24 0x00004001
core   0: 0x8000c0d4 (0x02930c63) beq     t1, s1, pc + 56
core   0: 3 0x8000c0d4 (0x02930c63)
core   0: 0x8000c0d8 (0xf275c793) xori    a5, a1, -217
core   0: 3 0x8000c0d8 (0xf275c793) x15 0x7fffff27
core   0: 0x8000c0dc (0x0000ef15) c.bnez  a4, pc + 60
core   0: 3 0x8000c0dc (0xef15)
core   0: 0x8000c0de (0x00000001) c.nop
core   0: 3 0x8000c0de (0x0001)
core   0: 0x8000c0e0 (0x03227c63) bgeu    tp, s2, pc + 56
core   0: 3 0x8000c0e0 (0x03227c63)
core   0: 0x8000c0e4 (0x99518893) addi    a7, gp, -1643
core   0: 3 0x8000c0e4 (0x99518893) x17 0xfffff994
core   0: 0x8000c0e8 (0x8b1e8713) addi    a4, t4, -1871
core   0: 3 0x8000c0e8 (0x8b1e8713) x14 0xfffff3cb
core   0: 0x8000c0ec (0x028509b3) mul     s3, a0, s0
core   0: 3 0x8000c0ec (0x028509b3) x19 0x00000014
core   0: 0x8000c0f0 (0x0000100f) fence.i
core   0: 3 0x8000c0f0 (0x0000100f)
core   0: 0x8000c0f4 (0x00009a7d) c.andi  a2, -1
core   0: 3 0x8000c0f4 (0x9a7d) x12 0x7ffc0007
core   0: 0x8000c0f6 (0x0000100f) fence.i
core   0: 3 0x8000c0f6 (0x0000100f)
core   0: 0x8000c0fa (0x414c5313) srai    t1, s8, 20
core   0: 3 0x8000c0fa (0x414c5313) x 6 0x00000000
core   0: 0x8000c0fe (0x00000372) c.slli  t1, 28
core   0: 3 0x8000c0fe (0x0372) x 6 0x00000000
core   0: 0x8000c100 (0x024811b3) mulh    gp, a6, tp
core   0: 3 0x8000c100 (0x024811b3) x 3 0xffffffff
core   0: 0x8000c104 (0x021f0033) mul     zero, t5, ra
core   0: 3 0x8000c104 (0x021f0033)
core   0: 0x8000c108 (0x012f6033) or      zero, t5, s2
core   0: 3 0x8000c108 (0x012f6033)
core   0: 0x8000c10c (0x41535213) srai    tp, t1, 21
core   0: 3 0x8000c10c (0x41535213) x 4 0x00000000
core   0: 0x8000c110 (0xa21c4313) xori    t1, s8, -1503
core   0: 3 0x8000c110 (0xa21c4313) x 6 0xffffba20
core   0: 0x8000c114 (0x00b10ab3) add     s5, sp, a1
core   0: 3 0x8000c114 (0x00b10ab3) x21 0x00029ce4
core   0: 0x8000c118 (0x00000001) c.nop
core   0: 3 0x8000c118 (0x0001)
core   0: 0x8000c11a (0x00008ee1) c.and   a3, s0
core   0: 3 0x8000c11a (0x8ee1) x13 0x00000000
core   0: 0x8000c11c (0x00008c9d) c.sub   s1, a5
core   0: 3 0x8000c11c (0x8c9d) x 9 0x7fffe0d9
core   0: 0x8000c11e (0x010ae9b3) or      s3, s5, a6
core   0: 3 0x8000c11e (0x010ae9b3) x19 0xfffffcf5
core   0: 0x8000c122 (0x40f5d813) srai    a6, a1, 15
core   0: 3 0x8000c122 (0x40f5d813) x16 0xffff0000
core   0: 0x8000c126 (0x0244b033) mulhu   zero, s1, tp
core   0: 3 0x8000c126 (0x0244b033)
core   0: 0x8000c12a (0x40e65413) srai    s0, a2, 14
core   0: 3 0x8000c12a (0x40e65413) x 8 0x0001fff0
core   0: 0x8000c12e (0x00000001) c.nop
core   0: 3 0x8000c12e (0x0001)
core   0: 0x8000c130 (0x000098fd) c.andi  s1, -1
core   0: 3 0x8000c130 (0x98fd) x 9 0x7fffe0d9
core   0: 0x8000c132 (0x40a48333) sub     t1, s1, a0
core   0: 3 0x8000c132 (0x40a48333) x 6 0x7fffe0c5
core   0: 0x8000c136 (0x0008c863) bltz    a7, pc + 16
core   0: 3 0x8000c136 (0x0008c863)
core   0: 0x8000c146 (0x000062a1) c.lui   t0, 0x8
core   0: 3 0x8000c146 (0x62a1) x 5 0x00008000
core   0: 0x8000c148 (0x0256c4b3) div     s1, a3, t0
core   0: 3 0x8000c148 (0x0256c4b3) x 9 0x00000000
core   0: 0x8000c14c (0x29a1f713) andi    a4, gp, 666
core   0: 3 0x8000c14c (0x29a1f713) x14 0x0000029a
core   0: 0x8000c150 (0x005e42b3) xor     t0, t3, t0
core   0: 3 0x8000c150 (0x005e42b3) x 5 0x00008000
core   0: 0x8000c154 (0x4143d493) srai    s1, t2, 20
core   0: 3 0x8000c154 (0x4143d493) x 9 0x00000000
core   0: 0x8000c158 (0x000a0233) add     tp, s4, zero
core   0: 3 0x8000c158 (0x000a0233) x 4 0x80025e58
core   0: 0x8000c15c (0x40990233) sub     tp, s2, s1
core   0: 3 0x8000c15c (0x40990233) x 4 0xda4dfe94
core   0: 0x8000c160 (0x01887fb3) and     t6, a6, s8
core   0: 3 0x8000c160 (0x01887fb3) x31 0x00000000
core   0: 0x8000c164 (0xf6198993) addi    s3, s3, -159
core   0: 3 0x8000c164 (0xf6198993) x19 0xfffffc56
core   0: 0x8000c168 (0x00000001) c.nop
core   0: 3 0x8000c168 (0x0001)
core   0: 0x8000c16a (0x009e87b3) add     a5, t4, s1
core   0: 3 0x8000c16a (0x009e87b3) x15 0xfffffb1a
core   0: 0x8000c16e (0x033b3db3) mulhu   s11, s6, s3
core   0: 3 0x8000c16e (0x033b3db3) x27 0x00005fff
core   0: 0x8000c172 (0x03197663) bgeu    s2, a7, pc + 44
core   0: 3 0x8000c172 (0x03197663)
core   0: 0x8000c176 (0x000048dd) c.li    a7, 23
core   0: 3 0x8000c176 (0x48dd) x17 0x00000017
core   0: 0x8000c178 (0x03d09e63) bne     ra, t4, pc + 60
core   0: 3 0x8000c178 (0x03d09e63)
core   0: 0x8000c1b4 (0x03eb1063) bne     s6, t5, pc + 32
core   0: 3 0x8000c1b4 (0x03eb1063)
core   0: 0x8000c1d4 (0xbaefad13) slti    s10, t6, -1106
core   0: 3 0x8000c1d4 (0xbaefad13) x26 0x00000000
core   0: 0x8000c1d8 (0x022081b3) mul     gp, ra, sp
core   0: 3 0x8000c1d8 (0x022081b3) x 3 0xfad58000
core   0: 0x8000c1dc (0x4159d933) sra     s2, s3, s5
core   0: 3 0x8000c1dc (0x4159d933) x18 0xffffffc5
core   0: 0x8000c1e0 (0x030c44b3) div     s1, s8, a6
core   0: 3 0x8000c1e0 (0x030c44b3) x 9 0x00000000
core   0: 0x8000c1e4 (0x00006697) auipc   a3, 0x6
core   0: 3 0x8000c1e4 (0x00006697) x13 0x800121e4
core   0: 0x8000c1e8 (0xc6268693) addi    a3, a3, -926
core   0: 3 0x8000c1e8 (0xc6268693) x13 0x80011e46
core   0: 0x8000c1ec (0x79b12a93) slti    s5, sp, 1947
core   0: 3 0x8000c1ec (0x79b12a93) x21 0x00000001
core   0: 0x8000c1f0 (0x1a724513) xori    a0, tp, 423
core   0: 3 0x8000c1f0 (0x1a724513) x10 0xda4dff33
core   0: 0x8000c1f4 (0xfec6c883) lbu     a7, -20(a3)
core   0: 3 0x8000c1f4 (0xfec6c883) x17 0x000000e9 mem 0x80011e32
core   0: 0x8000c1f8 (0x01487b33) and     s6, a6, s4
core   0: 3 0x8000c1f8 (0x01487b33) x22 0x80020000
core   0: 0x8000c1fc (0x70db3013) sltiu   zero, s6, 1805
core   0: 3 0x8000c1fc (0x70db3013)
core   0: 0x8000c200 (0x03968623) sb      s9, 44(a3)
core   0: 3 0x8000c200 (0x03968623) mem 0x80011e72 0x1
core   0: 0x8000c204 (0xfde69883) lh      a7, -34(a3)
core   0: 3 0x8000c204 (0xfde69883) x17 0xffffdedf mem 0x80011e24
core   0: 0x8000c208 (0x00bd8633) add     a2, s11, a1
core   0: 3 0x8000c208 (0x00bd8633) x12 0x80005fff
core   0: 0x8000c20c (0xfdd6c983) lbu     s3, -35(a3)
core   0: 3 0x8000c20c (0xfdd6c983) x19 0x000000d8 mem 0x80011e23
core   0: 0x8000c210 (0xfe268f23) sb      sp, -2(a3)
core   0: 3 0x8000c210 (0xfe268f23) mem 0x80011e44 0xe4
core   0: 0x8000c214 (0x03768fa3) sb      s7, 63(a3)
core   0: 3 0x8000c214 (0x03768fa3) mem 0x80011e85 0x0
core   0: 0x8000c218 (0x0136c883) lbu     a7, 19(a3)
core   0: 3 0x8000c218 (0x0136c883) x17 0x00000012 mem 0x80011e59
core   0: 0x8000c21c (0xa102b193) sltiu   gp, t0, -1520
core   0: 3 0x8000c21c (0xa102b193) x 3 0x00000001
core   0: 0x8000c220 (0x02567333) remu    t1, a2, t0
core   0: 3 0x8000c220 (0x02567333) x 6 0x00005fff
core   0: 0x8000c224 (0x0296c983) lbu     s3, 41(a3)
core   0: 3 0x8000c224 (0x0296c983) x19 0x00000024 mem 0x80011e6f
core   0: 0x8000c228 (0x0000100f) fence.i
core   0: 3 0x8000c228 (0x0000100f)
core   0: 0x8000c22c (0x00e69c03) lh      s8, 14(a3)
core   0: 3 0x8000c22c (0x00e69c03) x24 0x00000e0f mem 0x80011e54
core   0: 0x8000c230 (0x00569423) sh      t0, 8(a3)
core   0: 3 0x8000c230 (0x00569423) mem 0x80011e4e 0x8000
core   0: 0x8000c234 (0xfe16c883) lbu     a7, -31(a3)
core   0: 3 0x8000c234 (0xfe16c883) x17 0x000000dc mem 0x80011e27
core   0: 0x8000c238 (0x01d8fcb3) and     s9, a7, t4
core   0: 3 0x8000c238 (0x01d8fcb3) x25 0x00000018
core   0: 0x8000c23c (0x02376db3) rem     s11, a4, gp
core   0: 3 0x8000c23c (0x02376db3) x27 0x00000000
core   0: 0x8000c240 (0x01069783) lh      a5, 16(a3)
core   0: 3 0x8000c240 (0x01069783) x15 0x00000c0d mem 0x80011e56
core   0: 0x8000c244 (0x03369023) sh      s3, 32(a3)
core   0: 3 0x8000c244 (0x03369023) mem 0x80011e66 0x0024
core   0: 0x8000c248 (0x00008e76) c.mv    t3, t4
core   0: 3 0x8000c248 (0x8e76) x28 0xfffffb1a
core   0: 0x8000c24a (0xfd96c983) lbu     s3, -39(a3)
core   0: 3 0x8000c24a (0xfd96c983) x19 0x000000d4 mem 0x80011e1f
core   0: 0x8000c24e (0x003d2933) slt     s2, s10, gp
core   0: 3 0x8000c24e (0x003d2933) x18 0x00000001
core   0: 0x8000c252 (0x02f68603) lb      a2, 47(a3)
core   0: 3 0x8000c252 (0x02f68603) x12 0x0000002e mem 0x80011e75
core   0: 0x8000c256 (0x03eb03b3) mul     t2, s6, t5
core   0: 3 0x8000c256 (0x03eb03b3) x 7 0x7ffe0000
core   0: 0x8000c25a (0xfe568923) sb      t0, -14(a3)
core   0: 3 0x8000c25a (0xfe568923) mem 0x80011e38 0x0
core   0: 0x8000c25e (0xfdc6ce83) lbu     t4, -36(a3)
core   0: 3 0x8000c25e (0xfdc6ce83) x29 0x000000d9 mem 0x80011e22
core   0: 0x8000c262 (0x0246c503) lbu     a0, 36(a3)
core   0: 3 0x8000c262 (0x0246c503) x10 0x00000021 mem 0x80011e6a
core   0: 0x8000c266 (0x006dafb3) slt     t6, s11, t1
core   0: 3 0x8000c266 (0x006dafb3) x31 0x00000001
core   0: 0x8000c26a (0x00069383) lh      t2, 0(a3)
core   0: 3 0x8000c26a (0x00069383) x 7 0xfffffcfd mem 0x80011e46
core   0: 0x8000c26e (0xff468ea3) sb      s4, -3(a3)
core   0: 3 0x8000c26e (0xff468ea3) mem 0x80011e43 0x58
core   0: 0x8000c272 (0xfd368b03) lb      s6, -45(a3)
core   0: 3 0x8000c272 (0xfd368b03) x22 0xffffffd2 mem 0x80011e19
core   0: 0x8000c276 (0x510aa393) slti    t2, s5, 1296
core   0: 3 0x8000c276 (0x510aa393) x 7 0x00000001
core   0: 0x8000c27a (0xff768ea3) sb      s7, -3(a3)
core   0: 3 0x8000c27a (0xff768ea3) mem 0x80011e43 0x0
core   0: 0x8000c27e (0xfc368403) lb      s0, -61(a3)
core   0: 3 0x8000c27e (0xfc368403) x 8 0xffffffc2 mem 0x80011e09
core   0: 0x8000c282 (0xfeb68fa3) sb      a1, -1(a3)
core   0: 3 0x8000c282 (0xfeb68fa3) mem 0x80011e45 0x0
core   0: 0x8000c286 (0x0076c703) lbu     a4, 7(a3)
core   0: 3 0x8000c286 (0x0076c703) x14 0x00000006 mem 0x80011e4d
core   0: 0x8000c28a (0x414a5813) srai    a6, s4, 20
core   0: 3 0x8000c28a (0x414a5813) x16 0xfffff800
core   0: 0x8000c28e (0x00968203) lb      tp, 9(a3)
core   0: 3 0x8000c28e (0x00968203) x 4 0xffffff80 mem 0x80011e4f
core   0: 0x8000c292 (0x01069e23) sh      a6, 28(a3)
core   0: 3 0x8000c292 (0x01069e23) mem 0x80011e62 0xf800
core   0: 0x8000c296 (0x0356c003) lbu     zero, 53(a3)
core   0: 3 0x8000c296 (0x0356c003) mem 0x80011e7b
core   0: 0x8000c29a (0x02568923) sb      t0, 50(a3)
core   0: 3 0x8000c29a (0x02568923) mem 0x80011e78 0x0
core   0: 0x8000c29e (0x01689613) slli    a2, a7, 22
core   0: 3 0x8000c29e (0x01689613) x12 0x37000000
core   0: 0x8000c2a2 (0x00000c1a) c.slli  s8, 6
core   0: 3 0x8000c2a2 (0x0c1a) x24 0x000383c0
core   0: 0x8000c2a4 (0x0000ea1d) c.bnez  a2, pc + 54
core   0: 3 0x8000c2a4 (0xea1d)
core   0: 0x8000c2da (0x0ff0000f) fence   iorw,iorw
core   0: 3 0x8000c2da (0x0ff0000f)
core   0: 0x8000c2de (0x0265a533) mulhsu  a0, a1, t1
core   0: 3 0x8000c2de (0x0265a533) x10 0xffffd000
core   0: 0x8000c2e2 (0x031c7533) remu    a0, s8, a7
core   0: 3 0x8000c2e2 (0x031c7533) x10 0x000000d8
core   0: 0x8000c2e6 (0x00000001) c.nop
core   0: 3 0x8000c2e6 (0x0001)
core   0: 0x8000c2e8 (0x000000ae) c.slli  ra, 11
core   0: 3 0x8000c2e8 (0x00ae) x 1 0x03000000
core   0: 0x8000c2ea (0x01b41733) sll     a4, s0, s11
core   0: 3 0x8000c2ea (0x01b41733) x14 0xffffffc2
core   0: 0x8000c2ee (0x00001cfd) c.addi  s9, -1
core   0: 3 0x8000c2ee (0x1cfd) x25 0x00000017
core   0: 0x8000c2f0 (0x00661b63) bne     a2, t1, pc + 22
core   0: 3 0x8000c2f0 (0x00661b63)
core   0: 0x8000c306 (0x4245e193) ori     gp, a1, 1060
core   0: 3 0x8000c306 (0x4245e193) x 3 0x80000424
core   0: 0x8000c30a (0x0000e401) c.bnez  s0, pc + 8
core   0: 3 0x8000c30a (0xe401)
core   0: 0x8000c312 (0x002e0233) add     tp, t3, sp
core   0: 3 0x8000c312 (0x002e0233) x 4 0x800297fe
core   0: 0x8000c316 (0x005cda93) srli    s5, s9, 5
core   0: 3 0x8000c316 (0x005cda93) x21 0x00000000
core   0: 0x8000c31a (0x000080f9) c.srli  s1, 30
core   0: 3 0x8000c31a (0x80f9) x 9 0x00000000
core   0: 0x8000c31c (0x4115dc93) srai    s9, a1, 17
core   0: 3 0x8000c31c (0x4115dc93) x25 0xffffc000
core   0: 0x8000c320 (0x038b9bb3) mulh    s7, s7, s8
core   0: 3 0x8000c320 (0x038b9bb3) x23 0x00000000
core   0: 0x8000c324 (0x00a93533) sltu    a0, s2, a0
core   0: 3 0x8000c324 (0x00a93533) x10 0x00000001
core   0: 0x8000c328 (0x000083c5) c.srli  a5, 17
core   0: 3 0x8000c328 (0x83c5) x15 0x00000000
core   0: 0x8000c32a (0x03872533) mulhsu  a0, a4, s8
core   0: 3 0x8000c32a (0x03872533) x10 0xffffffff
core   0: 0x8000c32e (0x03411d33) mulh    s10, sp, s4
core   0: 3 0x8000c32e (0x03411d33) x26 0x3ffd8268
core   0: 0x8000c332 (0x036d0ab3) mul     s5, s10, s6
core   0: 3 0x8000c332 (0x036d0ab3) x21 0x80729150
core   0: 0x8000c336 (0x00008fd5) c.or    a5, a3
core   0: 3 0x8000c336 (0x8fd5) x15 0x80011e46
core   0: 0x8000c338 (0x01021263) bne     tp, a6, pc + 4
core   0: 3 0x8000c338 (0x01021263)
core   0: 0x8000c33c (0x02799ab3) mulh    s5, s3, t2
core   0: 3 0x8000c33c (0x02799ab3) x21 0x00000000
core   0: 0x8000c340 (0x00009afd) c.andi  a3, -1
core   0: 3 0x8000c340 (0x9afd) x13 0x80011e46
core   0: 0x8000c342 (0x00008b16) c.mv    s6, t0
core   0: 3 0x8000c342 (0x8b16) x22 0x00008000
core   0: 0x8000c344 (0x0549d063) bge     s3, s4, pc + 64
core   0: 3 0x8000c344 (0x0549d063)
core   0: 0x8000c384 (0x40c859b3) sra     s3, a6, a2
core   0: 3 0x8000c384 (0x40c859b3) x19 0xfffff800
core   0: 0x8000c388 (0x00008111) c.srli  a0, 4
core   0: 3 0x8000c388 (0x8111) x10 0x0fffffff
core   0: 0x8000c38a (0x002be263) bltu    s7, sp, pc + 4
core   0: 3 0x8000c38a (0x002be263)
core   0: 0x8000c38e (0x4b183713) sltiu   a4, a6, 1201
core   0: 3 0x8000c38e (0x4b183713) x14 0x00000000
core   0: 0x8000c392 (0x0000100f) fence.i
core   0: 3 0x8000c392 (0x0000100f)
core   0: 0x8000c396 (0x03404db3) div     s11, zero, s4
core   0: 3 0x8000c396 (0x03404db3) x27 0x00000000
core   0: 0x8000c39a (0x00008ced) c.and   s1, a1
core   0: 3 0x8000c39a (0x8ced) x 9 0x00000000
core   0: 0x8000c39c (0x02806333) rem     t1, zero, s0
core   0: 3 0x8000c39c (0x02806333) x 6 0x00000000
core   0: 0x8000c3a0 (0x02066063) bltu    a2, zero, pc + 32
core   0: 3 0x8000c3a0 (0x02066063)
core   0: 0x8000c3a4 (0x027ec9b3) div     s3, t4, t2
core   0: 3 0x8000c3a4 (0x027ec9b3) x19 0x000000d9
core   0: 0x8000c3a8 (0xfe126393) ori     t2, tp, -31
core   0: 3 0x8000c3a8 (0xfe126393) x 7 0xffffffff
core   0: 0x8000c3ac (0x0bd67393) andi    t2, a2, 189
core   0: 3 0x8000c3ac (0x0bd67393) x 7 0x00000000
core   0: 0x8000c3b0 (0xd0232c13) slti    s8, t1, -766
core   0: 3 0x8000c3b0 (0xd0232c13) x24 0x00000000
core   0: 0x8000c3b4 (0x000082a9) c.srli  a3, 10
core   0: 3 0x8000c3b4 (0x82a9) x13 0x00200047
core   0: 0x8000c3b6 (0x4191de13) srai    t3, gp, 25
core   0: 3 0x8000c3b6 (0x4191de13) x28 0xffffffc0
core   0: 0x8000c3ba (0x0000100f) fence.i
core   0: 3 0x8000c3ba (0x0000100f)
core   0: 0x8000c3be (0x00008bf1) c.andi  a5, 28
core   0: 3 0x8000c3be (0x8bf1) x15 0x00000004
core   0: 0x8000c3c0 (0x0000e10d) c.bnez  a0, pc + 34
core   0: 3 0x8000c3c0 (0xe10d)
core   0: 0x8000c3e2 (0x01629533) sll     a0, t0, s6
core   0: 3 0x8000c3e2 (0x01629533) x10 0x00008000
core   0: 0x8000c3e6 (0x41425493) srai    s1, tp, 20
core   0: 3 0x8000c3e6 (0x41425493) x 9 0xfffff800
core   0: 0x8000c3ea (0x00006f2d) c.lui   t5, 0xb
core   0: 3 0x8000c3ea (0x6f2d) x30 0x0000b000
core   0: 0x8000c3ec (0x0000e131) c.bnez  a0, pc + 68
core   0: 3 0x8000c3ec (0xe131)
core   0: 0x8000c430 (0x0ff0000f) fence   iorw,iorw
core   0: 3 0x8000c430 (0x0ff0000f)
core   0: 0x8000c434 (0x03fce163) bltu    s9, t6, pc + 34
core   0: 3 0x8000c434 (0x03fce163)
core   0: 0x8000c438 (0x015d5013) srli    zero, s10, 21
core   0: 3 0x8000c438 (0x015d5013)
core   0: 0x8000c43c (0x03bf5533) divu    a0, t5, s11
core   0: 3 0x8000c43c (0x03bf5533) x10 0xffffffff
core   0: 0x8000c440 (0x00006259) c.lui   tp, 0x16
core   0: 3 0x8000c440 (0x6259) x 4 0x00016000
core   0: 0x8000c442 (0x00324eb3) xor     t4, tp, gp
core   0: 3 0x8000c442 (0x00324eb3) x29 0x80016424
core   0: 0x8000c446 (0x038c49b3) div     s3, s8, s8
core   0: 3 0x8000c446 (0x038c49b3) x19 0xffffffff
core   0: 0x8000c44a (0x93feab93) slti    s7, t4, -1729
core   0: 3 0x8000c44a (0x93feab93) x23 0x00000001
core   0: 0x8000c44e (0x037b2833) mulhsu  a6, s6, s7
core   0: 3 0x8000c44e (0x037b2833) x16 0x00000000
core   0: 0x8000c452 (0x000004b1) c.addi  s1, 12
core   0: 3 0x8000c452 (0x04b1) x 9 0xfffff80c
core   0: 0x8000c454 (0x00008e59) c.or    a2, a4
core   0: 3 0x8000c454 (0x8e59) x12 0x37000000
core   0: 0x8000c456 (0x0db58863) beq     a1, s11, pc + 208
core   0: 3 0x8000c456 (0x0db58863)
core   0: 0x8000c45a (0x029208b3) mul     a7, tp, s1
core   0: 3 0x8000c45a (0x029208b3) x17 0xf5108000
core   0: 0x8000c45e (0x0df04063) blt     zero, t6, pc + 192
core   0: 3 0x8000c45e (0x0df04063)
core   0: 0x8000c51e (0x40dad913) srai    s2, s5, 13
core   0: 3 0x8000c51e (0x40dad913) x18 0x00000000
core   0: 0x8000c522 (0x0298c3b3) div     t2, a7, s1
core   0: 3 0x8000c522 (0x0298c3b3) x 7 0x00016000
core   0: 0x8000c526 (0x00008edd) c.or    a3, a5
core   0: 3 0x8000c526 (0x8edd) x13 0x00200047
core   0: 0x8000c528 (0x019f9033) sll     zero, t6, s9
core   0: 3 0x8000c528 (0x019f9033)
core   0: 0x8000c52c (0x00004c0d) c.li    s8, 3
core   0: 3 0x8000c52c (0x4c0d) x24 0x00000003
core   0: 0x8000c52e (0x000083d5) c.srli  a5, 21
core   0: 3 0x8000c52e (0x83d5) x15 0x00000000
core   0: 0x8000c530 (0x00996433) or      s0, s2, s1
core   0: 3 0x8000c530 (0x00996433) x 8 0xfffff80c
core   0: 0x8000c534 (0x00c1d7b3) srl     a5, gp, a2
core   0: 3 0x8000c534 (0x00c1d7b3) x15 0x80000424
core   0: 0x8000c538 (0x00008d59) c.or    a0, a4
core   0: 3 0x8000c538 (0x8d59) x10 0xffffffff
core   0: 0x8000c53a (0x0000187d) c.addi  a6, -1
core   0: 3 0x8000c53a (0x187d) x16 0xffffffff
core   0: 0x8000c53c (0x00126433) or      s0, tp, ra
core   0: 3 0x8000c53c (0x00126433) x 8 0x03016000
core   0: 0x8000c540 (0x02ee0bb3) mul     s7, t3, a4
core   0: 3 0x8000c540 (0x02ee0bb3) x23 0x00000000
core   0: 0x8000c544 (0x41a9de33) sra     t3, s3, s10
core   0: 3 0x8000c544 (0x41a9de33) x28 0xffffffff
core   0: 0x8000c548 (0x0000e109) c.bnez  a0, pc + 2
core   0: 3 0x8000c548 (0xe109)
core   0: 0x8000c54a (0x00c4ef33) or      t5, s1, a2
core   0: 3 0x8000c54a (0x00c4ef33) x30 0xfffff80c
core   0: 0x8000c54e (0x02ce6fb3) rem     t6, t3, a2
core   0: 3 0x8000c54e (0x02ce6fb3) x31 0xffffffff
core   0: 0x8000c552 (0x035eafb3) mulhsu  t6, t4, s5
core   0: 3 0x8000c552 (0x035eafb3) x31 0x00000000
core   0: 0x8000c556 (0x00d25233) srl     tp, tp, a3
core   0: 3 0x8000c556 (0x00d25233) x 4 0x000002c0
core   0: 0x8000c55a (0x0d21e513) ori     a0, gp, 210
core   0: 3 0x8000c55a (0x0d21e513) x10 0x800004f6
core   0: 0x8000c55e (0x029f1333) mulh    t1, t5, s1
core   0: 3 0x8000c55e (0x029f1333) x 6 0x00000000
core   0: 0x8000c562 (0x00008e62) c.mv    t3, s8
core   0: 3 0x8000c562 (0x8e62) x28 0x00000003
core   0: 0x8000c564 (0x000097e2) c.add   a5, s8
core   0: 3 0x8000c564 (0x97e2) x15 0x80000427
core   0: 0x8000c566 (0x0146d213) srli    tp, a3, 20
core   0: 3 0x8000c566 (0x0146d213) x 4 0x00000002
core   0: 0x8000c56a (0x00006631) c.lui   a2, 0xc
core   0: 3 0x8000c56a (0x6631) x12 0x0000c000
core   0: 0x8000c56c (0x00000001) c.nop
core   0: 3 0x8000c56c (0x0001)
core   0: 0x8000c56e (0x0000ca81) c.beqz  a3, pc + 16
core   0: 3 0x8000c56e (0xca81)
core   0: 0x8000c570 (0x0000026a) c.slli  tp, 26
core   0: 3 0x8000c570 (0x026a) x 4 0x08000000
core   0: 0x8000c572 (0x00000001) c.nop
core   0: 3 0x8000c572 (0x0001)
core   0: 0x8000c574 (0x000083c1) c.srli  a5, 16
core   0: 3 0x8000c574 (0x83c1) x15 0x00008000
core   0: 0x8000c576 (0x000000fd) c.addi  ra, 31
core   0: 3 0x8000c576 (0x00fd) x 1 0x0300001f
core   0: 0x8000c578 (0x00d7e433) or      s0, a5, a3
core   0: 3 0x8000c578 (0x00d7e433) x 8 0x00208047
core   0: 0x8000c57c (0x000006aa) c.slli  a3, 10
core   0: 3 0x8000c57c (0x06aa) x13 0x80011c00
core   0: 0x8000c57e (0x015ecb63) blt     t4, s5, pc + 22
core   0: 3 0x8000c57e (0x015ecb63)
core   0: 0x8000c594 (0x40225fb3) sra     t6, tp, sp
core   0: 3 0x8000c594 (0x40225fb3) x31 0x00800000
core   0: 0x8000c598 (0x0ff0000f) fence   iorw,iorw
core   0: 3 0x8000c598 (0x0ff0000f)
core   0: 0x8000c59c (0x000082cd) c.srli  a3, 19
core   0: 3 0x8000c59c (0x82cd) x13 0x00001000
core   0: 0x8000c59e (0x002b7bb3) and     s7, s6, sp
core   0: 3 0x8000c59e (0x002b7bb3) x23 0x00008000
core   0: 0x8000c5a2 (0x03762933) mulhsu  s2, a2, s7
core   0: 3 0x8000c5a2 (0x03762933) x18 0x00000000
core   0: 0x8000c5a6 (0x0000ec0d) c.bnez  s0, pc + 58
core   0: 3 0x8000c5a6 (0xec0d)
core   0: 0x8000c5e0 (0x4179d813) srai    a6, s3, 23
core   0: 3 0x8000c5e0 (0x4179d813) x16 0xffffffff
core   0: 0x8000c5e4 (0x00000001) c.nop
core   0: 3 0x8000c5e4 (0x0001)
core   0: 0x8000c5e6 (0x0b384b13) xori    s6, a6, 179
core   0: 3 0x8000c5e6 (0x0b384b13) x22 0xffffff4c
core   0: 0x8000c5ea (0x00008736) c.mv    a4, a3
core   0: 3 0x8000c5ea (0x8736) x14 0x00001000
core   0: 0x8000c5ec (0x02e57563) bgeu    a0, a4, pc + 42
core   0: 3 0x8000c5ec (0x02e57563)
core   0: 0x8000c616 (0x0244f033) remu    zero, s1, tp
core   0: 3 0x8000c616 (0x0244f033)
core   0: 0x8000c61a (0x03e6eeb3) rem     t4, a3, t5
core   0: 3 0x8000c61a (0x03e6eeb3) x29 0x00000018
core   0: 0x8000c61e (0xaf33b713) sltiu   a4, t2, -1293
core   0: 3 0x8000c61e (0xaf33b713) x14 0x00000001
core   0: 0x8000c622 (0x002af263) bgeu    s5, sp, pc + 4
core   0: 3 0x8000c622 (0x002af263)
core   0: 0x8000c626 (0x00008d19) c.sub   a0, a4
core   0: 3 0x8000c626 (0x8d19) x10 0x800004f5
core   0: 0x8000c628 (0x02d568b3) rem     a7, a0, a3
core   0: 3 0x8000c628 (0x02d568b3) x17 0xfffff4f5
core   0: 0x8000c62c (0x23954f97) auipc   t6, 0x23954
core   0: 3 0x8000c62c (0x23954f97) x31 0xa396062c
core   0: 0x8000c630 (0x0ff0000f) fence   iorw,iorw
core   0: 3 0x8000c630 (0x0ff0000f)
core   0: 0x8000c634 (0x00005afd) c.li    s5, -1
core   0: 3 0x8000c634 (0x5afd) x21 0xffffffff
core   0: 0x8000c636 (0x00008fb9) c.xor   a5, a4
core   0: 3 0x8000c636 (0x8fb9) x15 0x00008001
core   0: 0x8000c638 (0x00000001) c.nop
core   0: 3 0x8000c638 (0x0001)
core   0: 0x8000c63a (0x00009d7e) c.add   s10, t6
core   0: 3 0x8000c63a (0x9d7e) x26 0xe3938894
core   0: 0x8000c63c (0x000004a9) c.addi  s1, 10
core   0: 3 0x8000c63c (0x04a9) x 9 0xfffff816
core   0: 0x8000c63e (0x01187233) and     tp, a6, a7
core   0: 3 0x8000c63e (0x01187233) x 4 0xfffff4f5
core   0: 0x8000c642 (0x6ad52913) slti    s2, a0, 1709
core   0: 3 0x8000c642 (0x6ad52913) x18 0x00000001
core   0: 0x8000c646 (0x0326a733) mulhsu  a4, a3, s2
core   0: 3 0x8000c646 (0x0326a733) x14 0x00000000
core   0: 0x8000c64a (0x039ddfb3) divu    t6, s11, s9
core   0: 3 0x8000c64a (0x039ddfb3) x31 0x00000000
core   0: 0x8000c64e (0x00032fb3) slt     t6, t1, zero
core   0: 3 0x8000c64e (0x00032fb3) x31 0x00000000
core   0: 0x8000c652 (0x02b4da63) bge     s1, a1, pc + 52
core   0: 3 0x8000c652 (0x02b4da63)
core   0: 0x8000c686 (0x0000028a) c.slli  t0, 2
core   0: 3 0x8000c686 (0x028a) x 5 0x00020000
core   0: 0x8000c688 (0x0ff0000f) fence   iorw,iorw
core   0: 3 0x8000c688 (0x0ff0000f)
core   0: 0x8000c68c (0xd0d81737) lui     a4, 0xd0d81
core   0: 3 0x8000c68c (0xd0d81737) x14 0xd0d81000
core   0: 0x8000c690 (0x00000659) c.addi  a2, 22
core   0: 3 0x8000c690 (0x0659) x12 0x0000c016
core   0: 0x8000c692 (0x00bf5a93) srli    s5, t5, 11
core   0: 3 0x8000c692 (0x00bf5a93) x21 0x001fffff
core   0: 0x8000c696 (0x0000ec1d) c.bnez  s0, pc + 62
core   0: 3 0x8000c696 (0xec1d)
core   0: 0x8000c6d4 (0x02511a63) bne     sp, t0, pc + 52
core   0: 3 0x8000c6d4 (0x02511a63)
core   0: 0x8000c708 (0x0000873d) c.srai  a4, 15
core   0: 3 0x8000c708 (0x873d) x14 0xffffa1b0
core   0: 0x8000c70a (0x00008515) c.srai  a0, 5
core   0: 3 0x8000c70a (0x8515) x10 0xfc000027
core   0: 0x8000c70c (0x00d16463) bltu    sp, a3, pc + 8
core   0: 3 0x8000c70c (0x00d16463)
core   0: 0x8000c710 (0x00c54263) blt     a0, a2, pc + 4
core   0: 3 0x8000c710 (0x00c54263)
core   0: 0x8000c714 (0x00008ce1) c.and   s1, s0
core   0: 3 0x8000c714 (0x8ce1) x 9 0x00208006
core   0: 0x8000c716 (0x004a2083) lw      ra, 4(s4)
core   0: 3 0x8000c716 (0x004a2083) x 1 0x80005894 mem 0x80025e5c
core   0: 0x8000c71a (0x03d15533) divu    a0, sp, t4
core   0: 3 0x8000c71a (0x03d15533) x10 0x05557134
core   0: 0x8000c71e (0x00008c06) c.mv    s8, ra
core   0: 3 0x8000c71e (0x8c06) x24 0x80005894
core   0: 0x8000c720 (0x00000a31) c.addi  s4, 12
core   0: 3 0x8000c720 (0x0a31) x20 0x80025e64
core   0: 0x8000c722 (0x00000906) c.slli  s2, 1
core   0: 3 0x8000c722 (0x0906) x18 0x00000002
core   0: 0x8000c724 (0x000086cd) c.srai  a3, 19
core   0: 3 0x8000c724 (0x86cd) x13 0x00000000
core   0: 0x8000c726 (0xf5ae3c13) sltiu   s8, t3, -166
core   0: 3 0x8000c726 (0xf5ae3c13) x24 0x00000001
core   0: 0x8000c72a (0x00008213) mv      tp, ra
core   0: 3 0x8000c72a (0x00008213) x 4 0x80005894
core   0: 0x8000c72e (0x00020267) jalr    tp, tp, 0
core   0: 3 0x8000c72e (0x00020267) x 4 0x8000c732
core   0: 0x80005894 (0x00000001) c.nop
core   0: 3 0x80005894 (0x0001)
core   0: 0x80005896 (0x03d89cb3) mulh    s9, a7, t4
core   0: 3 0x80005896 (0x03d89cb3) x25 0xffffffff
core   0: 0x8000589a (0x04366163) bltu    a2, gp, pc + 66
core   0: 3 0x8000589a (0x04366163)
core   0: 0x800058dc (0x00000001) c.nop
core   0: 3 0x800058dc (0x0001)
core   0: 0x800058de (0x04514063) blt     sp, t0, pc + 64
core   0: 3 0x800058de (0x04514063)
core   0: 0x8000591e (0x000047a9) c.li    a5, 10
core   0: 3 0x8000591e (0x47a9) x15 0x0000000a
core   0: 0x80005920 (0x00008e95) c.sub   a3, a3
core   0: 3 0x80005920 (0x8e95) x13 0x00000000
core   0: 0x80005922 (0x00d63bb3) sltu    s7, a2, a3
core   0: 3 0x80005922 (0x00d63bb3) x23 0x00000000
core   0: 0x80005926 (0xdd454813) xori    a6, a0, -556
core   0: 3 0x80005926 (0xdd454813) x16 0xfaaa8ce0
core   0: 0x8000592a (0x00000286) c.slli  t0, 1
core   0: 3 0x8000592a (0x0286) x 5 0x00040000
core   0: 0x8000592c (0x0000868d) c.srai  a3, 3
core   0: 3 0x8000592c (0x868d) x13 0x00000000
core   0: 0x8000592e (0x00000001) c.nop
core   0: 3 0x8000592e (0x0001)
core   0: 0x80005930 (0x0ff0000f) fence   iorw,iorw
core   0: 3 0x80005930 (0x0ff0000f)
core   0: 0x80005934 (0x40b35e93) srai    t4, t1, 11
core   0: 3 0x80005934 (0x40b35e93) x29 0x00000000
core   0: 0x80005938 (0x005b0663) beq     s6, t0, pc + 12
core   0: 3 0x80005938 (0x005b0663)
core   0: 0x8000593c (0x5aaead13) slti    s10, t4, 1450
core   0: 3 0x8000593c (0x5aaead13) x26 0x00000001
core   0: 0x80005940 (0x0000100f) fence.i
core   0: 3 0x80005940 (0x0000100f)
core   0: 0x80005944 (0x033d92b3) mulh    t0, s11, s3
core   0: 3 0x80005944 (0x033d92b3) x 5 0x00000000
core   0: 0x80005948 (0x0321f2b3) remu    t0, gp, s2
core   0: 3 0x80005948 (0x0321f2b3) x 5 0x00000000
core   0: 0x8000594c (0x00bb1813) slli    a6, s6, 11
core   0: 3 0x8000594c (0x00bb1813) x16 0xfffa6000
core   0: 0x80005950 (0x01c10e63) beq     sp, t3, pc + 28
core   0: 3 0x80005950 (0x01c10e63)
core   0: 0x80005954 (0x0056c6b3) xor     a3, a3, t0
core   0: 3 0x80005954 (0x0056c6b3) x13 0x00000000
core   0: 0x80005958 (0x03294863) blt     s2, s2, pc + 48
core   0: 3 0x80005958 (0x03294863)
core   0: 0x8000595c (0x0000e795) c.bnez  a5, pc + 44
core   0: 3 0x8000595c (0xe795)
core   0: 0x80005988 (0x007f6db3) or      s11, t5, t2
core   0: 3 0x80005988 (0x007f6db3) x27 0xfffff80c
core   0: 0x8000598c (0x01cd8763) beq     s11, t3, pc + 14
core   0: 3 0x8000598c (0x01cd8763)
core   0: 0x80005990 (0x000084fe) c.mv    s1, t6
core   0: 3 0x80005990 (0x84fe) x 9 0x00000000
core   0: 0x80005992 (0x00008f09) c.sub   a4, a0
core   0: 3 0x80005992 (0x8f09) x14 0xfaaa307c
core   0: 0x80005994 (0x11a27513) andi    a0, tp, 282
core   0: 3 0x80005994 (0x11a27513) x10 0x00000112
core   0: 0x80005998 (0x000087ad) c.srai  a5, 11
core   0: 3 0x80005998 (0x87ad) x15 0x00000000
core   0: 0x8000599a (0x0ff0000f) fence   iorw,iorw
core   0: 3 0x8000599a (0x0ff0000f)
core   0: 0x8000599e (0x03782e33) mulhsu  t3, a6, s7
core   0: 3 0x8000599e (0x03782e33) x28 0x00000000
core   0: 0x800059a2 (0x039c6e33) rem     t3, s8, s9
core   0: 3 0x800059a2 (0x039c6e33) x28 0x00000000
core   0: 0x800059a6 (0x03d128b3) mulhsu  a7, sp, t4
core   0: 3 0x800059a6 (0x03d128b3) x17 0x00000000
core   0: 0x800059aa (0x024f8333) mul     t1, t6, tp
core   0: 3 0x800059aa (0x024f8333) x 6 0x00000000
core   0: 0x800059ae (0x015ca233) slt     tp, s9, s5
core   0: 3 0x800059ae (0x015ca233) x 4 0x00000001
core   0: 0x800059b2 (0x026e92b3) mulh    t0, t4, t1
core   0: 3 0x800059b2 (0x026e92b3) x 5 0x00000000
core   0: 0x800059b6 (0x0000c685) c.beqz  a3, pc + 40
core   0: 3 0x800059b6 (0xc685)
core   0: 0x800059de (0x00008f69) c.and   a4, a0
core   0: 3 0x800059de (0x8f69) x14 0x00000010
core   0: 0x800059e0 (0x0033d863) bge     t2, gp, pc + 16
core   0: 3 0x800059e0 (0x0033d863)
core   0: 0x800059f0 (0x28cdbd93) sltiu   s11, s11, 652
core   0: 3 0x800059f0 (0x28cdbd93) x27 0x00000000
core   0: 0x800059f4 (0x025a7e63) bgeu    s4, t0, pc + 60
core   0: 3 0x800059f4 (0x025a7e63)
core   0: 0x80005a30 (0x01478f33) add     t5, a5, s4
core   0: 3 0x80005a30 (0x01478f33) x30 0x80025e64
core   0: 0x80005a34 (0x00000085) c.addi  ra, 1
core   0: 3 0x80005a34 (0x0085) x 1 0x80005895
core   0: 0x80005a36 (0x0000100f) fence.i
core   0: 3 0x80005a36 (0x0000100f)
core   0: 0x80005a3a (0x6d8aff13) andi    t5, s5, 1752
core   0: 3 0x80005a3a (0x6d8aff13) x30 0x000006d8
core   0: 0x80005a3e (0x51780c13) addi    s8, a6, 1303
core   0: 3 0x80005a3e (0x51780c13) x24 0xfffa6517
core   0: 0x80005a42 (0x00661e33) sll     t3, a2, t1
core   0: 3 0x80005a42 (0x00661e33) x28 0x0000c016
core   0: 0x80005a46 (0x69d1f793) andi    a5, gp, 1693
core   0: 3 0x80005a46 (0x69d1f793) x15 0x00000404
core   0: 0x80005a4a (0x01e19933) sll     s2, gp, t5
core   0: 3 0x80005a4a (0x01e19933) x18 0x24000000
core   0: 0x80005a4e (0x0000997d) c.andi  a0, -1
core   0: 3 0x80005a4e (0x997d) x10 0x00000112
core   0: 0x80005a50 (0x0113d233) srl     tp, t2, a7
core   0: 3 0x80005a50 (0x0113d233) x 4 0x00016000
core   0: 0x80005a54 (0x02fb3fb3) mulhu   t6, s6, a5
core   0: 3 0x80005a54 (0x02fb3fb3) x31 0x00000403
core   0: 0x80005a58 (0x00009ade) c.add   s5, s7
core   0: 3 0x80005a58 (0x9ade) x21 0x001fffff
core   0: 0x80005a5a (0x0000884d) c.andi  s0, 19
core   0: 3 0x80005a5a (0x884d) x 8 0x00000003
core   0: 0x80005a5c (0x00c09563) bne     ra, a2, pc + 10
core   0: 3 0x80005a5c (0x00c09563)
core   0: 0x80005a66 (0x00000362) c.slli  t1, 24
core   0: 3 0x80005a66 (0x0362) x 6 0x00000000
core   0: 0x80005a68 (0x0000100f) fence.i
core   0: 3 0x80005a68 (0x0000100f)
core   0: 0x80005a6c (0x02d851b3) divu    gp, a6, a3
core   0: 3 0x80005a6c (0x02d851b3) x 3 0xffffffff
core   0: 0x80005a70 (0x00000c66) c.slli  s8, 25
core   0: 3 0x80005a70 (0x0c66) x24 0x2e000000
core   0: 0x80005a72 (0x00000772) c.slli  a4, 28
core   0: 3 0x80005a72 (0x0772) x14 0x00000000
core   0: 0x80005a74 (0x0000e499) c.bnez  s1, pc + 14
core   0: 3 0x80005a74 (0xe499)
core   0: 0x80005a76 (0x02a28433) mul     s0, t0, a0
core   0: 3 0x80005a76 (0x02a28433) x 8 0x00000000
core   0: 0x80005a7a (0x0000100f) fence.i
core   0: 3 0x80005a7a (0x0000100f)
core   0: 0x80005a7e (0x409d07b7) lui     a5, 0x409d0
core   0: 3 0x80005a7e (0x409d07b7) x15 0x409d0000
core   0: 0x80005a82 (0x0300b2b3) mulhu   t0, ra, a6
core   0: 3 0x80005a82 (0x0300b2b3) x 5 0x7ffd8893
core   0: 0x80005a86 (0x01ccf633) and     a2, s9, t3
core   0: 3 0x80005a86 (0x01ccf633) x12 0x0000c016
core   0: 0x80005a8a (0x864d1f17) auipc   t5, 0x864d1
core   0: 3 0x80005a8a (0x864d1f17) x30 0x064d6a8a
core   0: 0x80005a8e (0x56c24893) xori    a7, tp, 1388
core   0: 3 0x80005a8e (0x56c24893) x17 0x0001656c
core   0: 0x80005a92 (0x00008d6d) c.and   a0, a1
core   0: 3 0x80005a92 (0x8d6d) x10 0x00000000
core   0: 0x80005a94 (0x403a5c93) srai    s9, s4, 3
core   0: 3 0x80005a94 (0x403a5c93) x25 0xf0004bcc
core   0: 0x80005a98 (0x41545b13) srai    s6, s0, 21
core   0: 3 0x80005a98 (0x41545b13) x22 0x00000000
core   0: 0x80005a9c (0x00008e89) c.sub   a3, a0
core   0: 3 0x80005a9c (0x8e89) x13 0x00000000
core   0: 0x80005a9e (0x760df297) auipc   t0, 0x760df
core   0: 3 0x80005a9e (0x760df297) x 5 0xf60e4a9e
core   0: 0x80005aa2 (0x40205d93) srai    s11, zero, 2
core   0: 3 0x80005aa2 (0x40205d93) x27 0x00000000
core   0: 0x80005aa6 (0x00cd1d33) sll     s10, s10, a2
core   0: 3 0x80005aa6 (0x00cd1d33) x26 0x00400000
core   0: 0x80005aaa (0x00000d76) c.slli  s10, 29
core   0: 3 0x80005aaa (0x0d76) x26 0x00000000
core   0: 0x80005aac (0x0018e733) or      a4, a7, ra
core   0: 3 0x80005aac (0x0018e733) x14 0x80017dfd
core   0: 0x80005ab0 (0x00000bce) c.slli  s7, 19
core   0: 3 0x80005ab0 (0x0bce) x23 0x00000000
core   0: 0x80005ab2 (0x02cb1db3) mulh    s11, s6, a2
core   0: 3 0x80005ab2 (0x02cb1db3) x27 0x00000000
core   0: 0x80005ab6 (0x035c06b3) mul     a3, s8, s5
core   0: 3 0x80005ab6 (0x035c06b3) x13 0xd2000000
core   0: 0x80005aba (0x00008371) c.srli  a4, 28
core   0: 3 0x80005aba (0x8371) x14 0x00000008
core   0: 0x80005abc (0x031f0033) mul     zero, t5, a7
core   0: 3 0x80005abc (0x031f0033)
core   0: 0x80005ac0 (0x00006fa5) c.lui   t6, 0x9
core   0: 3 0x80005ac0 (0x6fa5) x31 0x00009000
core   0: 0x80005ac2 (0x33ece217) auipc   tp, 0x33ece
core   0: 3 0x80005ac2 (0x33ece217) x 4 0xb3ed3ac2
core   0: 0x80005ac6 (0x022f7cb3) remu    s9, t5, sp
core   0: 3 0x80005ac6 (0x022f7cb3) x25 0x064d6a8a
core   0: 0x80005aca (0x015ade13) srli    t3, s5, 21
core   0: 3 0x80005aca (0x015ade13) x28 0x00000000
core   0: 0x80005ace (0x08f52313) slti    t1, a0, 143
core   0: 3 0x80005ace (0x08f52313) x 6 0x00000001
core   0: 0x80005ad2 (0x001aa1b3) slt     gp, s5, ra
core   0: 3 0x80005ad2 (0x001aa1b3) x 3 0x00000000
core   0: 0x80005ad6 (0x01b59a93) slli    s5, a1, 27
core   0: 3 0x80005ad6 (0x01b59a93) x21 0x00000000
core   0: 0x80005ada (0x1cc66697) auipc   a3, 0x1cc66
core   0: 3 0x80005ada (0x1cc66697) x13 0x9cc6bada
core   0: 0x80005ade (0x0000c0a9) c.beqz  s1, pc + 66
core   0: 3 0x80005ade (0xc0a9)
core   0: 0x80005b20 (0x00447633) and     a2, s0, tp
core   0: 3 0x80005b20 (0x00447633) x12 0x00000000
core   0: 0x80005b24 (0x0000c69d) c.beqz  a3, pc + 46
core   0: 3 0x80005b24 (0xc69d)
core   0: 0x80005b26 (0x41890d33) sub     s10, s2, s8
core   0: 3 0x80005b26 (0x41890d33) x26 0xf6000000
core   0: 0x80005b2a (0x00008d15) c.sub   a0, a3
core   0: 3 0x80005b2a (0x8d15) x10 0x63394526
core   0: 0x80005b2c (0x033ac363) blt     s5, s3, pc + 38
core   0: 3 0x80005b2c (0x033ac363)
core   0: 0x80005b30 (0x01c2cfb3) xor     t6, t0, t3
core   0: 3 0x80005b30 (0x01c2cfb3) x31 0xf60e4a9e
core   0: 0x80005b34 (0x0396c833) div     a6, a3, s9
core   0: 3 0x80005b34 (0x0396c833) x16 0xfffffff1
core   0: 0x80005b38 (0x036fd163) bge     t6, s6, pc + 34
core   0: 3 0x80005b38 (0x036fd163)
core   0: 0x80005b3c (0x00006ecd) c.lui   t4, 0x13
core   0: 3 0x80005b3c (0x6ecd) x29 0x00013000
core   0: 0x80005b3e (0x003b7433) and     s0, s6, gp
core   0: 3 0x80005b3e (0x003b7433) x 8 0x00000000
core   0: 0x80005b42 (0x03533bb3) mulhu   s7, t1, s5
core   0: 3 0x80005b42 (0x03533bb3) x23 0x00000000
core   0: 0x80005b46 (0x02f59e63) bne     a1, a5, pc + 60
core   0: 3 0x80005b46 (0x02f59e63)
core   0: 0x80005b82 (0x000092ee) c.add   t0, s11
core   0: 3 0x80005b82 (0x92ee) x 5 0xf60e4a9e
core   0: 0x80005b84 (0x41010733) sub     a4, sp, a6
core   0: 3 0x80005b84 (0x41010733) x14 0x80029cf3
core   0: 0x80005b88 (0x65a459b7) lui     s3, 0x65a45
core   0: 3 0x80005b88 (0x65a459b7) x19 0x65a45000
core   0: 0x80005b8c (0x000082f5) c.srli  a3, 29
core   0: 3 0x80005b8c (0x82f5) x13 0x00000004
core   0: 0x80005b8e (0x00000001) c.nop
core   0: 3 0x80005b8e (0x0001)
core   0: 0x80005b90 (0x0000cd09) c.beqz  a0, pc + 26
core   0: 3 0x80005b90 (0xcd09)
core   0: 0x80005b92 (0x05c97b93) andi    s7, s2, 92
core   0: 3 0x80005b92 (0x05c97b93) x23 0x00000000
core   0: 0x80005b96 (0x035addb3) divu    s11, s5, s5
core   0: 3 0x80005b96 (0x035addb3) x27 0xffffffff
core   0: 0x80005b9a (0x0278c863) blt     a7, t2, pc + 48
core   0: 3 0x80005b9a (0x0278c863)
core   0: 0x80005b9e (0x00a9c633) xor     a2, s3, a0
core   0: 3 0x80005b9e (0x00a9c633) x12 0x069d1526
core   0: 0x80005ba2 (0x01330533) add     a0, t1, s3
core   0: 3 0x80005ba2 (0x01330533) x10 0x65a45001
core   0: 0x80005ba6 (0x0000100f) fence.i
core   0: 3 0x80005ba6 (0x0000100f)
core   0: 0x80005baa (0x0000886e) c.mv    a6, s11
core   0: 3 0x80005baa (0x886e) x16 0xffffffff
core   0: 0x80005bac (0x00527333) and     t1, tp, t0
core   0: 3 0x80005bac (0x00527333) x 6 0xb20c0a82
core   0: 0x80005bb0 (0x000060a1) c.lui   ra, 0x8
core   0: 3 0x80005bb0 (0x60a1) x 1 0x00008000
core   0: 0x80005bb2 (0x00008346) c.mv    t1, a7
core   0: 3 0x80005bb2 (0x8346) x 6 0x0001656c
core   0: 0x80005bb4 (0x00009afd) c.andi  a3, -1
core   0: 3 0x80005bb4 (0x9afd) x13 0x00000004
core   0: 0x80005bb6 (0x00000936) c.slli  s2, 13
core   0: 3 0x80005bb6 (0x0936) x18 0x00000000
core   0: 0x80005bb8 (0x0f3a5063) bge     s4, s3, pc + 224
core   0: 3 0x80005bb8 (0x0f3a5063)
core   0: 0x80005bbc (0x02869333) mulh    t1, a3, s0
core   0: 3 0x80005bbc (0x02869333) x 6 0x00000000
core   0: 0x80005bc0 (0x41ef5c93) srai    s9, t5, 30
core   0: 3 0x80005bc0 (0x41ef5c93) x25 0x00000000
core   0: 0x80005bc4 (0x00008385) c.srli  a5, 1
core   0: 3 0x80005bc4 (0x8385) x15 0x204e8000
core   0: 0x80005bc6 (0x0000987d) c.andi  s0, -1
core   0: 3 0x80005bc6 (0x987d) x 8 0x00000000
core   0: 0x80005bc8 (0x00008f1d) c.sub   a4, a5
core   0: 3 0x80005bc8 (0x8f1d) x14 0x5fb41cf3
core   0: 0x80005bca (0x027fe833) rem     a6, t6, t2
core   0: 3 0x80005bca (0x027fe833) x16 0xffff6a9e
core   0: 0x80005bce (0x00017c17) auipc   s8, 0x17
core   0: 3 0x80005bce (0x00017c17) x24 0x8001cbce
core   0: 0x80005bd2 (0x926c0c13) addi    s8, s8, -1754
core   0: 3 0x80005bd2 (0x926c0c13) x24 0x8001c4f4
core   0: 0x80005bd6 (0x0000fb17) auipc   s6, 0xf
core   0: 3 0x80005bd6 (0x0000fb17) x22 0x80014bd6
core   0: 0x80005bda (0x3c6b0b13) addi    s6, s6, 966
core   0: 3 0x80005bda (0x3c6b0b13) x22 0x80014f9c
core   0: 0x80005bde (0x00014397) auipc   t2, 0x14
core   0: 3 0x80005bde (0x00014397) x 7 0x80019bde
core   0: 0x80005be2 (0xbb938393) addi    t2, t2, -1095
core   0: 3 0x80005be2 (0xbb938393) x 7 0x80019797
core   0: 0x80005be6 (0x02eb03a3) sb      a4, 39(s6)
core   0: 3 0x80005be6 (0x02eb03a3) mem 0x80014fc3 0xf3
core   0: 0x80005bea (0x0001b917) auipc   s2, 0x1b
core   0: 3 0x80005bea (0x0001b917) x18 0x80020bea
core   0: 0x80005bee (0xd3a90913) addi    s2, s2, -710
core   0: 3 0x80005bee (0xd3a90913) x18 0x80020924
core   0: 0x80005bf2 (0x0b1c0003) lb      zero, 177(s8)
core   0: 3 0x80005bf2 (0x0b1c0003) mem 0x8001c5a5
core   0: 0x80005bf6 (0x00fb0aa3) sb      a5, 21(s6)
core   0: 3 0x80005bf6 (0x00fb0aa3) mem 0x80014fb1 0x0
core   0: 0x80005bfa (0x051c0283) lb      t0, 81(s8)
core   0: 3 0x80005bfa (0x051c0283) x 5 0xfffffffe mem 0x8001c545
core   0: 0x80005bfe (0x01a91823) sh      s10, 16(s2)
core   0: 3 0x80005bfe (0x01a91823) mem 0x80020934 0x0000
core   0: 0x80005c02 (0x0c5c4f83) lbu     t6, 197(s8)
core   0: 3 0x80005c02 (0x0c5c4f83) x31 0x00000072 mem 0x8001c5b9
core   0: 0x80005c06 (0x009b08a3) sb      s1, 17(s6)
core   0: 3 0x80005c06 (0x009b08a3) mem 0x80014fad 0x0
core   0: 0x80005c0a (0x036c0083) lb      ra, 54(s8)
core   0: 3 0x80005c0a (0x036c0083) x 1 0xffffffe1 mem 0x8001c52a
core   0: 0x80005c0e (0xff538123) sb      s5, -30(t2)
core   0: 3 0x80005c0e (0xff538123) mem 0x80019779 0x0
core   0: 0x80005c12 (0x025b4783) lbu     a5, 37(s6)
core   0: 3 0x80005c12 (0x025b4783) x15 0x0000007a mem 0x80014fc1
core   0: 0x80005c16 (0xff5b0303) lb      t1, -11(s6)
core   0: 3 0x80005c16 (0xff5b0303) x 6 0x0000004a mem 0x80014f91
core   0: 0x80005c1a (0x00091983) lh      s3, 0(s2)
core   0: 3 0x80005c1a (0x00091983) x19 0xffffdedf mem 0x80020924
core   0: 0x80005c1e (0xfeb39d03) lh      s10, -21(t2)
core   0: 3 0x80005c1e (0xfeb39d03) x26 0x00003839 mem 0x80019782
core   0: 0x80005c22 (0x018b5683) lhu     a3, 24(s6)
core   0: 3 0x80005c22 (0x018b5683) x13 0x00006e6f mem 0x80014fb4
core   0: 0x80005c26 (0xfdec1d83) lh      s11, -34(s8)
core   0: 3 0x80005c26 (0xfdec1d83) x27 0xffff8889 mem 0x8001c4d2
core   0: 0x80005c2a (0xff9b0e03) lb      t3, -7(s6)
core   0: 3 0x80005c2a (0xff9b0e03) x28 0x0000004e mem 0x80014f95
core   0: 0x80005c2e (0x00394683) lbu     a3, 3(s2)
core   0: 3 0x80005c2e (0x00394683) x13 0x000000dc mem 0x80020927
core   0: 0x80005c32 (0xf5ec4c83) lbu     s9, -162(s8)
core   0: 3 0x80005c32 (0xf5ec4c83) x25 0x00000009 mem 0x8001c452
core   0: 0x80005c36 (0x03638b23) sb      s6, 54(t2)
core   0: 3 0x80005c36 (0x03638b23) mem 0x800197cd 0x9c
core   0: 0x80005c3a (0xf76c4683) lbu     a3, -138(s8)
core   0: 3 0x80005c3a (0xf76c4683) x13 0x00000021 mem 0x8001c46a
core   0: 0x80005c3e (0xff9b0f03) lb      t5, -7(s6)
core   0: 3 0x80005c3e (0xff9b0f03) x30 0x0000004e mem 0x80014f95
core   0: 0x80005c42 (0x00295783) lhu     a5, 2(s2)
core   0: 3 0x80005c42 (0x00295783) x15 0x0000dcdd mem 0x80020926
core   0: 0x80005c46 (0x03b38d03) lb      s10, 59(t2)
core   0: 3 0x80005c46 (0x03b38d03) x26 0xffffff89 mem 0x800197d2
core   0: 0x80005c4a (0x00990003) lb      zero, 9(s2)
core   0: 3 0x80005c4a (0x00990003) mem 0x8002092d
core   0: 0x80005c4e (0xfcc3cb83) lbu     s7, -52(t2)
core   0: 3 0x80005c4e (0xfcc3cb83) x23 0x00000018 mem 0x80019763
core   0: 0x80005c52 (0x00e3c883) lbu     a7, 14(t2)
core   0: 3 0x80005c52 (0x00e3c883) x17 0x0000005e mem 0x800197a5
core   0: 0x80005c56 (0xffe90f83) lb      t6, -2(s2)
core   0: 3 0x80005c56 (0xffe90f83) x31 0xffffffd9 mem 0x80020922
core   0: 0x80005c5a (0xfec3cd83) lbu     s11, -20(t2)
core   0: 3 0x80005c5a (0xfec3cd83) x27 0x00000038 mem 0x80019783
core   0: 0x80005c5e (0xfd1b0983) lb      s3, -47(s6)
core   0: 3 0x80005c5e (0xfd1b0983) x19 0x00000026 mem 0x80014f6d
core   0: 0x80005c62 (0xffd39ba3) sh      t4, -9(t2)
core   0: 3 0x80005c62 (0xffd39ba3) mem 0x8001978e 0x3000
core   0: 0x80005c66 (0xff990ba3) sb      s9, -9(s2)
core   0: 3 0x80005c66 (0xff990ba3) mem 0x8002091b 0x9
core   0: 0x80005c6a (0xfea3c183) lbu     gp, -22(t2)
core   0: 3 0x80005c6a (0xfea3c183) x 3 0x0000003a mem 0x80019781
core   0: 0x80005c6e (0xfc0b1823) sh      zero, -48(s6)
core   0: 3 0x80005c6e (0xfc0b1823) mem 0x80014f6c 0x0000
core   0: 0x80005c72 (0x09fc4303) lbu     t1, 159(s8)
core   0: 3 0x80005c72 (0x09fc4303) x 6 0x00000048 mem 0x8001c593
core   0: 0x80005c76 (0x00b90803) lb      a6, 11(s2)
core   0: 3 0x80005c76 (0x00b90803) x16 0xffffffe4 mem 0x8002092f
core   0: 0x80005c7a (0x00008ec9) c.or    a3, a0
core   0: 3 0x80005c7a (0x8ec9) x13 0x65a45021
core   0: 0x80005c7c (0x000082de) c.mv    t0, s7
core   0: 3 0x80005c7c (0x82de) x 5 0x00000018
core   0: 0x80005c7e (0x000016fd) c.addi  a3, -1
core   0: 3 0x80005c7e (0x16fd) x13 0x65a45020
core   0: 0x80005c80 (0x03c0b4b3) mulhu   s1, ra, t3
core   0: 3 0x80005c80 (0x03c0b4b3) x 9 0x0000004d
core   0: 0x80005c84 (0xac368db7) lui     s11, 0xac368
core   0: 3 0x80005c84 (0xac368db7) x27 0xac368000
core   0: 0x80005c88 (0x000048c1) c.li    a7, 16
core   0: 3 0x80005c88 (0x48c1) x17 0x00000010
core   0: 0x80005c8a (0x00000001) c.nop
core   0: 3 0x80005c8a (0x0001)
core   0: 0x80005c8c (0x0000100f) fence.i
core   0: 3 0x80005c8c (0x0000100f)
core   0: 0x80005c90 (0x014cb3b3) sltu    t2, s9, s4
core   0: 3 0x80005c90 (0x014cb3b3) x 7 0x00000001
core   0: 0x80005c94 (0x00c88d63) beq     a7, a2, pc + 26
core   0: 3 0x80005c94 (0x00c88d63)
core   0: 0x80005c98 (0x00008fcd) c.or    a5, a1
core   0: 3 0x80005c98 (0x8fcd) x15 0x8000dcdd
core   0: 0x80005c9a (0x00eba7b3) slt     a5, s7, a4
core   0: 3 0x80005c9a (0x00eba7b3) x15 0x00000001
core   0: 0x80005c9e (0x00127633) and     a2, tp, ra
core   0: 3 0x80005c9e (0x00127633) x12 0xb3ed3ac0
core   0: 0x80005ca2 (0x027a3bb3) mulhu   s7, s4, t2
core   0: 3 0x80005ca2 (0x027a3bb3) x23 0x00000000
core   0: 0x80005ca6 (0xef937817) auipc   a6, 0xef937
core   0: 3 0x80005ca6 (0xef937817) x16 0x6f93cca6
core   0: 0x80005caa (0x010657b3) srl     a5, a2, a6
core   0: 3 0x80005caa (0x010657b3) x15 0x02cfb4eb
core   0: 0x80005cae (0x00006dc9) c.lui   s11, 0x12
core   0: 3 0x80005cae (0x6dc9) x27 0x00012000
core   0: 0x80005cb0 (0x008e9863) bne     t4, s0, pc + 16
core   0: 3 0x80005cb0 (0x008e9863)
core   0: 0x80005cc0 (0x02571433) mulh    s0, a4, t0
core   0: 3 0x80005cc0 (0x02571433) x 8 0x00000008
core   0: 0x80005cc4 (0x0269cbb3) div     s7, s3, t1
core   0: 3 0x80005cc4 (0x0269cbb3) x23 0x00000000
core   0: 0x80005cc8 (0x03e324b3) mulhsu  s1, t1, t5
core   0: 3 0x80005cc8 (0x03e324b3) x 9 0x00000000
core   0: 0x80005ccc (0x02e67ab3) remu    s5, a2, a4
core   0: 3 0x80005ccc (0x02e67ab3) x21 0x54391dcd
core   0: 0x80005cd0 (0x01fd6763) bltu    s10, t6, pc + 14
core   0: 3 0x80005cd0 (0x01fd6763)
core   0: 0x80005cde (0x41e6d1b3) sra     gp, a3, t5
core   0: 3 0x80005cde (0x41e6d1b3) x 3 0x00019691
core   0: 0x80005ce2 (0x003641b3) xor     gp, a2, gp
core   0: 3 0x80005ce2 (0x003641b3) x 3 0xb3ecac51
core   0: 0x80005ce6 (0x00000d35) c.addi  s10, 13
core   0: 3 0x80005ce6 (0x0d35) x26 0xffffff96
core   0: 0x80005ce8 (0x000088c5) c.andi  s1, 17
core   0: 3 0x80005ce8 (0x88c5) x 9 0x00000000
core   0: 0x80005cea (0x0000eb8d) c.bnez  a5, pc + 50
core   0: 3 0x80005cea (0xeb8d)
core   0: 0x80005d1c (0x02fdd3b3) divu    t2, s11, a5
core   0: 3 0x80005d1c (0x02fdd3b3) x 7 0x00000000
core   0: 0x80005d20 (0x02b71f63) bne     a4, a1, pc + 62
core   0: 3 0x80005d20 (0x02b71f63)
core   0: 0x80005d5e (0x00d4dd13) srli    s10, s1, 13
core   0: 3 0x80005d5e (0x00d4dd13) x26 0x00000000
core   0: 0x80005d62 (0x0055e1b3) or      gp, a1, t0
core   0: 3 0x80005d62 (0x0055e1b3) x 3 0x80000018
core   0: 0x80005d66 (0x00009342) c.add   t1, a6
core   0: 3 0x80005d66 (0x9342) x 6 0x6f93ccee
core   0: 0x80005d68 (0x035476b3) remu    a3, s0, s5
core   0: 3 0x80005d68 (0x035476b3) x13 0x00000008
core   0: 0x80005d6c (0x00de1d63) bne     t3, a3, pc + 26
core   0: 3 0x80005d6c (0x00de1d63)
core   0: 0x80005d86 (0x032b8e33) mul     t3, s7, s2
core   0: 3 0x80005d86 (0x032b8e33) x28 0x00000000
core   0: 0x80005d8a (0xc70af713) andi    a4, s5, -912
core   0: 3 0x80005d8a (0xc70af713) x14 0x54391c40
core   0: 0x80005d8e (0x026d5a63) bge     s10, t1, pc + 52
core   0: 3 0x80005d8e (0x026d5a63)
core   0: 0x80005d92 (0x016bd193) srli    gp, s7, 22
core   0: 3 0x80005d92 (0x016bd193) x 3 0x00000000
core   0: 0x80005d96 (0xd15a9217) auipc   tp, 0xd15a9
core   0: 3 0x80005d96 (0xd15a9217) x 4 0x515aed96
core   0: 0x80005d9a (0x00008469) c.srai  s0, 26
core   0: 3 0x80005d9a (0x8469) x 8 0x00000000
core   0: 0x80005d9c (0x00000e42) c.slli  t3, 16
core   0: 3 0x80005d9c (0x0e42) x28 0x00000000
core   0: 0x80005d9e (0x00008d71) c.and   a0, a2
core   0: 3 0x80005d9e (0x8d71) x10 0x21a41000
core   0: 0x80005da0 (0x41eed333) sra     t1, t4, t5
core   0: 3 0x80005da0 (0x41eed333) x 6 0x00000004
core   0: 0x80005da4 (0x01ccbc33) sltu    s8, s9, t3
core   0: 3 0x80005da4 (0x01ccbc33) x24 0x00000000
core   0: 0x80005da8 (0x00008d15) c.sub   a0, a3
core   0: 3 0x80005da8 (0x8d15) x10 0x21a40ff8
core   0: 0x80005daa (0x0000e401) c.bnez  s0, pc + 8
core   0: 3 0x80005daa (0xe401)
core   0: 0x80005dac (0xda694d93) xori    s11, s2, -602
core   0: 3 0x80005dac (0xda694d93) x27 0x7ffdf482
core   0: 0x80005db0 (0x00008541) c.srai  a0, 16
core   0: 3 0x80005db0 (0x8541) x10 0x000021a4
core   0: 0x80005db2 (0x00008f7d) c.and   a4, a5
core   0: 3 0x80005db2 (0x8f7d) x14 0x00091440
core   0: 0x80005db4 (0x990bbeb7) lui     t4, 0x990bb
core   0: 3 0x80005db4 (0x990bbeb7) x29 0x990bb000
core   0: 0x80005db8 (0x20f837b7) lui     a5, 0x20f83
core   0: 3 0x80005db8 (0x20f837b7) x15 0x20f83000
core   0: 0x80005dbc (0x00008e91) c.sub   a3, a2
core   0: 3 0x80005dbc (0x8e91) x13 0x4c12c548
core   0: 0x80005dbe (0x000006fa) c.slli  a3, 30
core   0: 3 0x80005dbe (0x06fa) x13 0x00000000
core   0: 0x80005dc0 (0x00008c5d) c.or    s0, a5
core   0: 3 0x80005dc0 (0x8c5d) x 8 0x20f83000
core   0: 0x80005dc2 (0x708b3413) sltiu   s0, s6, 1800
core   0: 3 0x80005dc2 (0x708b3413) x 8 0x00000000
core   0: 0x80005dc6 (0xc2d65037) lui     zero, 0xc2d65
core   0: 3 0x80005dc6 (0xc2d65037)
core   0: 0x80005dca (0x010a1613) slli    a2, s4, 16
core   0: 3 0x80005dca (0x010a1613) x12 0x5e640000
core   0: 0x80005dce (0x02df5d63) bge     t5, a3, pc + 58
core   0: 3 0x80005dce (0x02df5d63)
core   0: 0x80005e08 (0x03181c63) bne     a6, a7, pc + 56
core   0: 3 0x80005e08 (0x03181c63)
core   0: 0x80005e40 (0x03ca40b3) div     ra, s4, t3
core   0: 3 0x80005e40 (0x03ca40b3) x 1 0xffffffff
core   0: 0x80005e44 (0x0000997d) c.andi  a0, -1
core   0: 3 0x80005e44 (0x997d) x10 0x000021a4
core   0: 0x80005e46 (0x000089c2) c.mv    s3, a6
core   0: 3 0x80005e46 (0x89c2) x19 0x6f93cca6
core   0: 0x80005e48 (0x41c851b3) sra     gp, a6, t3
core   0: 3 0x80005e48 (0x41c851b3) x 3 0x6f93cca6
core   0: 0x80005e4c (0x00995d63) bge     s2, s1, pc + 26
core   0: 3 0x80005e4c (0x00995d63)
core   0: 0x80005e50 (0x0000567d) c.li    a2, -1
core   0: 3 0x80005e50 (0x567d) x12 0xffffffff
core   0: 0x80005e52 (0x413bd013) srai    zero, s7, 19
core   0: 3 0x80005e52 (0x413bd013)
core   0: 0x80005e56 (0x02e78ab3) mul     s5, a5, a4
core   0: 3 0x80005e56 (0x02e78ab3) x21 0x51cc0000
core   0: 0x80005e5a (0x01d946b3) xor     a3, s2, t4
core   0: 3 0x80005e5a (0x01d946b3) x13 0x1909b924
core   0: 0x80005e5e (0xbe746d13) ori     s10, s0, -1049
core   0: 3 0x80005e5e (0xbe746d13) x26 0xfffffbe7
core   0: 0x80005e62 (0x00cc94b3) sll     s1, s9, a2
core   0: 3 0x80005e62 (0x00cc94b3) x 9 0x80000000
core   0: 0x80005e66 (0x41c05c33) sra     s8, zero, t3
core   0: 3 0x80005e66 (0x41c05c33) x24 0x00000000
core   0: 0x80005e6a (0x416dd4b3) sra     s1, s11, s6
core   0: 3 0x80005e6a (0x416dd4b3) x 9 0x00000007
core   0: 0x80005e6e (0x03234b63) blt     t1, s2, pc + 54
core   0: 3 0x80005e6e (0x03234b63)
core   0: 0x80005e72 (0x40f18833) sub     a6, gp, a5
core   0: 3 0x80005e72 (0x40f18833) x16 0x4e9b9ca6
core   0: 0x80005e76 (0x40a8dd33) sra     s10, a7, a0
core   0: 3 0x80005e76 (0x40a8dd33) x26 0x00000001
core   0: 0x80005e7a (0x02afceb3) div     t4, t6, a0
core   0: 3 0x80005e7a (0x02afceb3) x29 0x00000000
core   0: 0x80005e7e (0x0000909e) c.add   ra, t2
core   0: 3 0x80005e7e (0x909e) x 1 0xffffffff
core   0: 0x80005e80 (0x02225db3) divu    s11, tp, sp
core   0: 3 0x80005e80 (0x02225db3) x27 0x00000000
core   0: 0x80005e84 (0x00008c9d) c.sub   s1, a5
core   0: 3 0x80005e84 (0x8c9d) x 9 0xdf07d007
core   0: 0x80005e86 (0x0206d463) bgez    a3, pc + 40
core   0: 3 0x80005e86 (0x0206d463)
core   0: 0x80005eae (0x00671b33) sll     s6, a4, t1
core   0: 3 0x80005eae (0x00671b33) x22 0x00914400
core   0: 0x80005eb2 (0x0000021e) c.slli  tp, 7
core   0: 3 0x80005eb2 (0x021e) x 4 0xad76cb00
core   0: 0x80005eb4 (0xfe2db313) sltiu   t1, s11, -30
core   0: 3 0x80005eb4 (0xfe2db313) x 6 0x00000001
core   0: 0x80005eb8 (0x4a354713) xori    a4, a0, 1187
core   0: 3 0x80005eb8 (0x4a354713) x14 0x00002507
core   0: 0x80005ebc (0x03b98bb3) mul     s7, s3, s11
core   0: 3 0x80005ebc (0x03b98bb3) x23 0x00000000
core   0: 0x80005ec0 (0x025fcd63) blt     t6, t0, pc + 58
core   0: 3 0x80005ec0 (0x025fcd63)
core   0: 0x80005efa (0x022179b3) remu    s3, sp, sp
core   0: 3 0x80005efa (0x022179b3) x19 0x00000000
core   0: 0x80005efe (0x128b1837) lui     a6, 0x128b1
core   0: 3 0x80005efe (0x128b1837) x16 0x128b1000
core   0: 0x80005f02 (0x0ff0000f) fence   iorw,iorw
core   0: 3 0x80005f02 (0x0ff0000f)
core   0: 0x80005f06 (0x00000001) c.nop
core   0: 3 0x80005f06 (0x0001)
core   0: 0x80005f08 (0xbe2a3693) sltiu   a3, s4, -1054
core   0: 3 0x80005f08 (0xbe2a3693) x13 0x00000001
core   0: 0x80005f0c (0x0000e321) c.bnez  a4, pc + 64
core   0: 3 0x80005f0c (0xe321)
core   0: 0x80005f4c (0x00008e89) c.sub   a3, a0
core   0: 3 0x80005f4c (0x8e89) x13 0xffffde5d
core   0: 0x80005f4e (0x0000987d) c.andi  s0, -1
core   0: 3 0x80005f4e (0x987d) x 8 0x00000000
core   0: 0x80005f50 (0xc9332493) slti    s1, t1, -877
core   0: 3 0x80005f50 (0xc9332493) x 9 0x00000000
core   0: 0x80005f54 (0x000080cd) c.srli  s1, 19
core   0: 3 0x80005f54 (0x80cd) x 9 0x00000000
core   0: 0x80005f56 (0x00000001) c.nop
core   0: 3 0x80005f56 (0x0001)
core   0: 0x80005f58 (0x00008d65) c.and   a0, s1
core   0: 3 0x80005f58 (0x8d65) x10 0x00000000
core   0: 0x80005f5a (0xa06cf513) andi    a0, s9, -1530
core   0: 3 0x80005f5a (0xa06cf513) x10 0x00000000
core   0: 0x80005f5e (0x01563533) sltu    a0, a2, s5
core   0: 3 0x80005f5e (0x01563533) x10 0x00000000
core   0: 0x80005f62 (0x019d3233) sltu    tp, s10, s9
core   0: 3 0x80005f62 (0x019d3233) x 4 0x00000001
core   0: 0x80005f66 (0x0000950a) c.add   a0, sp
core   0: 3 0x80005f66 (0x950a) x10 0x80029ce4
core   0: 0x80005f68 (0x0000187d) c.addi  a6, -1
core   0: 3 0x80005f68 (0x187d) x16 0x128b0fff
core   0: 0x80005f6a (0x00000001) c.nop
core   0: 3 0x80005f6a (0x0001)
core   0: 0x80005f6c (0xa13d2893) slti    a7, s10, -1517
core   0: 3 0x80005f6c (0xa13d2893) x17 0x00000000
core   0: 0x80005f70 (0x00495613) srli    a2, s2, 4
core   0: 3 0x80005f70 (0x00495613) x12 0x08002092
core   0: 0x80005f74 (0x41645093) srai    ra, s0, 22
core   0: 3 0x80005f74 (0x41645093) x 1 0x00000000
core   0: 0x80005f78 (0x00008c1d) c.sub   s0, a5
core   0: 3 0x80005f78 (0x8c1d) x 8 0xdf07d000
core   0: 0x80005f7a (0x00008fb6) c.mv    t6, a3
core   0: 3 0x80005f7a (0x8fb6) x31 0xffffde5d
core   0: 0x80005f7c (0xd48f3793) sltiu   a5, t5, -696
core   0: 3 0x80005f7c (0xd48f3793) x15 0x00000001
core   0: 0x80005f80 (0x00c678b3) and     a7, a2, a2
core   0: 3 0x80005f80 (0x00c678b3) x17 0x08002092
core   0: 0x80005f84 (0x4224b393) sltiu   t2, s1, 1058
core   0: 3 0x80005f84 (0x4224b393) x 7 0x00000001
core   0: 0x80005f88 (0xd4227793) andi    a5, tp, -702
core   0: 3 0x80005f88 (0xd4227793) x15 0x00000000
core   0: 0x80005f8c (0x00008951) c.andi  a0, 20
core   0: 3 0x80005f8c (0x8951) x10 0x00000004
core   0: 0x80005f8e (0x00000fa1) c.addi  t6, 8
core   0: 3 0x80005f8e (0x0fa1) x31 0xffffde65
core   0: 0x80005f90 (0x00008d7d) c.and   a0, a5
core   0: 3 0x80005f90 (0x8d7d) x10 0x00000000
core   0: 0x80005f92 (0x0063b733) sltu    a4, t2, t1
core   0: 3 0x80005f92 (0x0063b733) x14 0x00000000
core   0: 0x80005f96 (0x036bac33) mulhsu  s8, s7, s6
core   0: 3 0x80005f96 (0x036bac33) x24 0x00000000
core   0: 0x80005f9a (0x0ecfe993) ori     s3, t6, 236
core   0: 3 0x80005f9a (0x0ecfe993) x19 0xffffdeed
core   0: 0x80005f9e (0x013d6fb3) or      t6, s10, s3
core   0: 3 0x80005f9e (0x013d6fb3) x31 0xffffdeed
core   0: 0x80005fa2 (0x016220b3) slt     ra, tp, s6
core   0: 3 0x80005fa2 (0x016220b3) x 1 0x00000001
core   0: 0x80005fa6 (0x9d820497) auipc   s1, 0x9d820
core   0: 3 0x80005fa6 (0x9d820497) x 9 0x1d825fa6
core   0: 0x80005faa (0x0021de33) srl     t3, gp, sp
core   0: 3 0x80005faa (0x0021de33) x28 0x06f93cca
core   0: 0x80005fae (0x00001afd) c.addi  s5, -1
core   0: 3 0x80005fae (0x1afd) x21 0x51cbffff
core   0: 0x80005fb0 (0x02b78db3) mul     s11, a5, a1
core   0: 3 0x80005fb0 (0x02b78db3) x27 0x00000000
core   0: 0x80005fb4 (0x02ebc363) blt     s7, a4, pc + 38
core   0: 3 0x80005fb4 (0x02ebc363)
core   0: 0x80005fb8 (0x40a55493) srai    s1, a0, 10
core   0: 3 0x80005fb8 (0x40a55493) x 9 0x00000000
core   0: 0x80005fbc (0x03d122b3) mulhsu  t0, sp, t4
core   0: 3 0x80005fbc (0x03d122b3) x 5 0x00000000
core   0: 0x80005fc0 (0x0000889d) c.andi  s1, 7
core   0: 3 0x80005fc0 (0x889d) x 9 0x00000000
core   0: 0x80005fc2 (0x00000001) c.nop
core   0: 3 0x80005fc2 (0x0001)
core   0: 0x80005fc4 (0x021a8433) mul     s0, s5, ra
core   0: 3 0x80005fc4 (0x021a8433) x 8 0x51cbffff
core   0: 0x80005fc8 (0x00251013) slli    zero, a0, 2
core   0: 3 0x80005fc8 (0x00251013)
core   0: 0x80005fcc (0x000082ad) c.srli  a3, 11
core   0: 3 0x80005fcc (0x82ad) x13 0x001ffffb
core   0: 0x80005fce (0x0000c499) c.beqz  s1, pc + 14
core   0: 3 0x80005fce (0xc499)
core   0: 0x80005fdc (0x0186d313) srli    t1, a3, 24
core   0: 3 0x80005fdc (0x0186d313) x 6 0x00000000
core   0: 0x80005fe0 (0x00c8d933) srl     s2, a7, a2
core   0: 3 0x80005fe0 (0x00c8d933) x18 0x00000200
core   0: 0x80005fe4 (0x4169d233) sra     tp, s3, s6
core   0: 3 0x80005fe4 (0x4169d233) x 4 0xffffdeed
core   0: 0x80005fe8 (0x01f1e8b3) or      a7, gp, t6
core   0: 3 0x80005fe8 (0x01f1e8b3) x17 0xffffdeef
core   0: 0x80005fec (0xa12ced93) ori     s11, s9, -1518
core   0: 3 0x80005fec (0xa12ced93) x27 0xfffffa1b
core   0: 0x80005ff0 (0x01782633) slt     a2, a6, s7
core   0: 3 0x80005ff0 (0x01782633) x12 0x00000000
core   0: 0x80005ff4 (0x004e9993) slli    s3, t4, 4
core   0: 3 0x80005ff4 (0x004e9993) x19 0x00000000
core   0: 0x80005ff8 (0x00532733) slt     a4, t1, t0
core   0: 3 0x80005ff8 (0x00532733) x14 0x00000000
core   0: 0x80005ffc (0x7bb6cb13) xori    s6, a3, 1979
core   0: 3 0x80005ffc (0x7bb6cb13) x22 0x001ff840
core   0: 0x80006000 (0x0ff0000f) fence   iorw,iorw
core   0: 3 0x80006000 (0x0ff0000f)
core   0: 0x80006004 (0x042e9463) bne     t4, sp, pc + 72
core   0: 3 0x80006004 (0x042e9463)
core   0: 0x8000604c (0x00000001) c.nop
core   0: 3 0x8000604c (0x0001)
core   0: 0x8000604e (0x00008c2d) c.xor   s0, a1
core   0: 3 0x8000604e (0x8c2d) x 8 0xd1cbffff
core   0: 0x80006050 (0xb569f013) andi    zero, s3, -1194
core   0: 3 0x80006050 (0xb569f013)
core   0: 0x80006054 (0x03f22bb3) mulhsu  s7, tp, t6
core   0: 3 0x80006054 (0x03f22bb3) x23 0xffffdeed
core   0: 0x80006058 (0x01b34933) xor     s2, t1, s11
core   0: 3 0x80006058 (0x01b34933) x18 0xfffffa1b
core   0: 0x8000605c (0x0ff0000f) fence   iorw,iorw
core   0: 3 0x8000605c (0x0ff0000f)
core   0: 0x80006060 (0x01397633) and     a2, s2, s3
core   0: 3 0x80006060 (0x01397633) x12 0x00000000
core   0: 0x80006064 (0x0000100f) fence.i
core   0: 3 0x80006064 (0x0000100f)
core   0: 0x80006068 (0x0269c463) blt     s3, t1, pc + 40
core   0: 3 0x80006068 (0x0269c463)
core   0: 0x8000606c (0x02db1233) mulh    tp, s6, a3
core   0: 3 0x8000606c (0x02db1233) x 4 0x000003ff
core   0: 0x80006070 (0x03d8dc63) bge     a7, t4, pc + 56
core   0: 3 0x80006070 (0x03d8dc63)
core   0: 0x80006074 (0x033f19b3) mulh    s3, t5, s3
core   0: 3 0x80006074 (0x033f19b3) x19 0x00000000
core   0: 0x80006078 (0x0000cd01) c.beqz  a0, pc + 24
core   0: 3 0x80006078 (0xcd01)
core   0: 0x80006090 (0x012e6c63) bltu    t3, s2, pc + 24
core   0: 3 0x80006090 (0x012e6c63)
core   0: 0x800060a8 (0x0303ddb3) divu    s11, t2, a6
core   0: 3 0x800060a8 (0x0303ddb3) x27 0x00000000
core   0: 0x800060ac (0x00000001) c.nop
core   0: 3 0x800060ac (0x0001)
core   0: 0x800060ae (0x909a4797) auipc   a5, 0x909a4
core   0: 3 0x800060ae (0x909a4797) x15 0x109aa0ae
core   0: 0x800060b2 (0x40895493) srai    s1, s2, 8
core   0: 3 0x800060b2 (0x40895493) x 9 0xfffffffa
core   0: 0x800060b6 (0x00b9d693) srli    a3, s3, 11
core   0: 3 0x800060b6 (0x00b9d693) x13 0x00000000
core   0: 0x800060ba (0x000003aa) c.slli  t2, 10
core   0: 3 0x800060ba (0x03aa) x 7 0x00000400
core   0: 0x800060bc (0x03315f33) divu    t5, sp, s3
core   0: 3 0x800060bc (0x03315f33) x30 0xffffffff
core   0: 0x800060c0 (0x0000895d) c.andi  a0, 23
core   0: 3 0x800060c0 (0x895d) x10 0x00000000
core   0: 0x800060c2 (0x0000100f) fence.i
core   0: 3 0x800060c2 (0x0000100f)
core   0: 0x800060c6 (0x41fa0cb3) sub     s9, s4, t6
core   0: 3 0x800060c6 (0x41fa0cb3) x25 0x80027f77
core   0: 0x800060ca (0x8ed53237) lui     tp, 0x8ed53
core   0: 3 0x800060ca (0x8ed53237) x 4 0x8ed53000
core   0: 0x800060ce (0x00000b76) c.slli  s6, 29
core   0: 3 0x800060ce (0x0b76) x22 0x00000000
core   0: 0x800060d0 (0x02cc77b3) remu    a5, s8, a2
core   0: 3 0x800060d0 (0x02cc77b3) x15 0x00000000
core   0: 0x800060d4 (0x0000100f) fence.i
core   0: 3 0x800060d4 (0x0000100f)
core   0: 0x800060d8 (0x0111ec63) bltu    gp, a7, pc + 24
core   0: 3 0x800060d8 (0x0111ec63)
core   0: 0x800060f0 (0x000006ca) c.slli  a3, 18
core   0: 3 0x800060f0 (0x06ca) x13 0x00000000
core   0: 0x800060f2 (0x01b4c733) xor     a4, s1, s11
core   0: 3 0x800060f2 (0x01b4c733) x14 0xfffffffa
core   0: 0x800060f6 (0xe514ac97) auipc   s9, 0xe514a
core   0: 3 0x800060f6 (0xe514ac97) x25 0x651500f6
core   0: 0x800060fa (0x035d13b3) mulh    t2, s10, s5
core   0: 3 0x800060fa (0x035d13b3) x 7 0x00000000
core   0: 0x800060fe (0x00000001) c.nop
core   0: 3 0x800060fe (0x0001)
core   0: 0x80006100 (0x00008575) c.srai  a0, 29
core   0: 3 0x80006100 (0x8575) x10 0x00000000
core   0: 0x80006102 (0x00013c33) sltu    s8, sp, zero
core   0: 3 0x80006102 (0x00013c33) x24 0x00000000
core   0: 0x80006106 (0x00006189) c.lui   gp, 0x2
core   0: 3 0x80006106 (0x6189) x 3 0x00002000
core   0: 0x80006108 (0x009c1233) sll     tp, s8, s1
core   0: 3 0x80006108 (0x009c1233) x 4 0x00000000
core   0: 0x8000610c (0x009591b3) sll     gp, a1, s1
core   0: 3 0x8000610c (0x009591b3) x 3 0x00000000
core   0: 0x80006110 (0x00000e35) c.addi  t3, 13
core   0: 3 0x80006110 (0x0e35) x28 0x06f93cd7
core   0: 0x80006112 (0x0000100f) fence.i
core   0: 3 0x80006112 (0x0000100f)
core   0: 0x80006116 (0x012b1813) slli    a6, s6, 18
core   0: 3 0x80006116 (0x012b1813) x16 0x00000000
core   0: 0x8000611a (0x02bc9d33) mulh    s10, s9, a1
core   0: 3 0x8000611a (0x02bc9d33) x26 0xcd757f85
core   0: 0x8000611e (0x01ef2033) slt     zero, t5, t5
core   0: 3 0x8000611e (0x01ef2033)
core   0: 0x80006122 (0x00006ab5) c.lui   s5, 0xd
core   0: 3 0x80006122 (0x6ab5) x21 0x0000d000
core   0: 0x80006124 (0x04301163) bne     zero, gp, pc + 66
core   0: 3 0x80006124 (0x04301163)
core   0: 0x80006128 (0x02e3ecb3) rem     s9, t2, a4
core   0: 3 0x80006128 (0x02e3ecb3) x25 0x00000000
core   0: 0x8000612c (0x00008931) c.andi  a0, 12
core   0: 3 0x8000612c (0x8931) x10 0x00000000
core   0: 0x8000612e (0x41c05b13) srai    s6, zero, 28
core   0: 3 0x8000612e (0x41c05b13) x22 0x00000000
core   0: 0x80006132 (0x03ccf733) remu    a4, s9, t3
core   0: 3 0x80006132 (0x03ccf733) x14 0x00000000
core   0: 0x80006136 (0x9085e493) ori     s1, a1, -1784
core   0: 3 0x80006136 (0x9085e493) x 9 0xfffff908
core   0: 0x8000613a (0xa085f893) andi    a7, a1, -1528
core   0: 3 0x8000613a (0xa085f893) x17 0x80000000
core   0: 0x8000613e (0x000083bd) c.srli  a5, 15
core   0: 3 0x8000613e (0x83bd) x15 0x00000000
core   0: 0x80006140 (0x41918633) sub     a2, gp, s9
core   0: 3 0x80006140 (0x41918633) x12 0x00000000
core   0: 0x80006144 (0x03010cb3) mul     s9, sp, a6
core   0: 3 0x80006144 (0x03010cb3) x25 0x00000000
core   0: 0x80006148 (0x0000e911) c.bnez  a0, pc + 20
core   0: 3 0x80006148 (0xe911)
core   0: 0x8000614a (0x5ae0eb93) ori     s7, ra, 1454
core   0: 3 0x8000614a (0x5ae0eb93) x23 0x000005af
core   0: 0x8000614e (0x0020dd93) srli    s11, ra, 2
core   0: 3 0x8000614e (0x0020dd93) x27 0x00000000
core   0: 0x80006152 (0x007c5913) srli    s2, s8, 7
core   0: 3 0x80006152 (0x007c5913) x18 0x00000000
core   0: 0x80006156 (0x0000987d) c.andi  s0, -1
core   0: 3 0x80006156 (0x987d) x 8 0xd1cbffff
core   0: 0x80006158 (0x26d2be13) sltiu   t3, t0, 621
core   0: 3 0x80006158 (0x26d2be13) x28 0x00000001
core   0: 0x8000615c (0x0000957e) c.add   a0, t6
core   0: 3 0x8000615c (0x957e) x10 0xffffdeed
core   0: 0x8000615e (0x009b76b3) and     a3, s6, s1
core   0: 3 0x8000615e (0x009b76b3) x13 0x00000000
core   0: 0x80006162 (0x02128cb3) mul     s9, t0, ra
core   0: 3 0x80006162 (0x02128cb3) x25 0x00000000
core   0: 0x80006166 (0xa814e937) lui     s2, 0xa814e
core   0: 3 0x80006166 (0xa814e937) x18 0xa814e000
core   0: 0x8000616a (0x0ff0000f) fence   iorw,iorw
core   0: 3 0x8000616a (0x0ff0000f)
core   0: 0x8000616e (0x98977713) andi    a4, a4, -1655
core   0: 3 0x8000616e (0x98977713) x14 0x00000000
core   0: 0x80006172 (0x2769ab93) slti    s7, s3, 630
core   0: 3 0x80006172 (0x2769ab93) x23 0x00000001
core   0: 0x80006176 (0x03c064b3) rem     s1, zero, t3
core   0: 3 0x80006176 (0x03c064b3) x 9 0x00000000
core   0: 0x8000617a (0x0060de33) srl     t3, ra, t1
core   0: 3 0x8000617a (0x0060de33) x28 0x00000001
core   0: 0x8000617e (0x8bef3513) sltiu   a0, t5, -1858
core   0: 3 0x8000617e (0x8bef3513) x10 0x00000000
core   0: 0x80006182 (0x039b6263) bltu    s6, s9, pc + 36
core   0: 3 0x80006182 (0x039b6263)
core   0: 0x80006186 (0x00000001) c.nop
core   0: 3 0x80006186 (0x0001)
core   0: 0x80006188 (0xdb71c293) xori    t0, gp, -585
core   0: 3 0x80006188 (0xdb71c293) x 5 0xfffffdb7
core   0: 0x8000618c (0x411453b3) sra     t2, s0, a7
core   0: 3 0x8000618c (0x411453b3) x 7 0xd1cbffff
core   0: 0x80006190 (0x00bbc633) xor     a2, s7, a1
core   0: 3 0x80006190 (0x00bbc633) x12 0x80000001
core   0: 0x80006194 (0x03f33bb3) mulhu   s7, t1, t6
core   0: 3 0x80006194 (0x03f33bb3) x23 0x00000000
core   0: 0x80006198 (0x95f83e13) sltiu   t3, a6, -1697
core   0: 3 0x80006198 (0x95f83e13) x28 0x00000001
core   0: 0x8000619c (0x01ee6db3) or      s11, t3, t5
core   0: 3 0x8000619c (0x01ee6db3) x27 0xffffffff
core   0: 0x800061a0 (0x00695eb3) srl     t4, s2, t1
core   0: 3 0x800061a0 (0x00695eb3) x29 0xa814e000
core   0: 0x800061a4 (0x00008cc5) c.or    s1, s1
core   0: 3 0x800061a4 (0x8cc5) x 9 0x00000000
core   0: 0x800061a6 (0x01a3cb33) xor     s6, t2, s10
core   0: 3 0x800061a6 (0x01a3cb33) x22 0x1cbe807a
core   0: 0x800061aa (0x00008e3d) c.xor   a2, a5
core   0: 3 0x800061aa (0x8e3d) x12 0x80000001
core   0: 0x800061ac (0x02e3bdb3) mulhu   s11, t2, a4
core   0: 3 0x800061ac (0x02e3bdb3) x27 0x00000000
core   0: 0x800061b0 (0x0ff0000f) fence   iorw,iorw
core   0: 3 0x800061b0 (0x0ff0000f)
core   0: 0x800061b4 (0x01459493) slli    s1, a1, 20
core   0: 3 0x800061b4 (0x01459493) x 9 0x00000000
core   0: 0x800061b8 (0x01a9de13) srli    t3, s3, 26
core   0: 3 0x800061b8 (0x01a9de13) x28 0x00000000
core   0: 0x800061bc (0xecc0ae93) slti    t4, ra, -308
core   0: 3 0x800061bc (0xecc0ae93) x29 0x00000000
core   0: 0x800061c0 (0x00008389) c.srli  a5, 2
core   0: 3 0x800061c0 (0x8389) x15 0x00000000
core   0: 0x800061c2 (0x03313d33) mulhu   s10, sp, s3
core   0: 3 0x800061c2 (0x03313d33) x26 0x00000000
core   0: 0x800061c6 (0x02edb1b3) mulhu   gp, s11, a4
core   0: 3 0x800061c6 (0x02edb1b3) x 3 0x00000000
core   0: 0x800061ca (0xde784313) xori    t1, a6, -537
core   0: 3 0x800061ca (0xde784313) x 6 0xfffffde7
core   0: 0x800061ce (0x01272c33) slt     s8, a4, s2
core   0: 3 0x800061ce (0x01272c33) x24 0x00000000
core   0: 0x800061d2 (0x033511b3) mulh    gp, a0, s3
core   0: 3 0x800061d2 (0x033511b3) x 3 0x00000000
core   0: 0x800061d6 (0x00000001) c.nop
core   0: 3 0x800061d6 (0x0001)
core   0: 0x800061d8 (0x01879213) slli    tp, a5, 24
core   0: 3 0x800061d8 (0x01879213) x 4 0x00000000
core   0: 0x800061dc (0x013be933) or      s2, s7, s3
core   0: 3 0x800061dc (0x013be933) x18 0x00000000
core   0: 0x800061e0 (0x00000b6e) c.slli  s6, 27
core   0: 3 0x800061e0 (0x0b6e) x22 0xd0000000
core   0: 0x800061e2 (0x00008742) c.mv    a4, a6
core   0: 3 0x800061e2 (0x8742) x14 0x00000000
core   0: 0x800061e4 (0x01654433) xor     s0, a0, s6
core   0: 3 0x800061e4 (0x01654433) x 8 0xd0000000
core   0: 0x800061e8 (0x4177d713) srai    a4, a5, 23
core   0: 3 0x800061e8 (0x4177d713) x14 0x00000000
core   0: 0x800061ec (0x02abeb33) rem     s6, s7, a0
core   0: 3 0x800061ec (0x02abeb33) x22 0x00000000
core   0: 0x800061f0 (0x0000100f) fence.i
core   0: 3 0x800061f0 (0x0000100f)
core   0: 0x800061f4 (0x0350cbb3) div     s7, ra, s5
core   0: 3 0x800061f4 (0x0350cbb3) x23 0x00000000
core   0: 0x800061f8 (0x00009f52) c.add   t5, s4
core   0: 3 0x800061f8 (0x9f52) x30 0x80025e63
core   0: 0x800061fa (0x020ebfb3) mulhu   t6, t4, zero
core   0: 3 0x800061fa (0x020ebfb3) x31 0x00000000
core   0: 0x800061fe (0x00b49913) slli    s2, s1, 11
core   0: 3 0x800061fe (0x00b49913) x18 0x00000000
core   0: 0x80006202 (0x00008cd9) c.or    s1, a4
core   0: 3 0x80006202 (0x8cd9) x 9 0x00000000
core   0: 0x80006204 (0xd3b2f093) andi    ra, t0, -709
core   0: 3 0x80006204 (0xd3b2f093) x 1 0xfffffd33
core   0: 0x80006208 (0x01637f33) and     t5, t1, s6
core   0: 3 0x80006208 (0x01637f33) x30 0x00000000
core   0: 0x8000620c (0x00008d55) c.or    a0, a3
core   0: 3 0x8000620c (0x8d55) x10 0x00000000
core   0: 0x8000620e (0x00bbc733) xor     a4, s7, a1
core   0: 3 0x8000620e (0x00bbc733) x14 0x80000000
core   0: 0x80006212 (0x023af4b3) remu    s1, s5, gp
core   0: 3 0x80006212 (0x023af4b3) x 9 0x0000d000
core   0: 0x80006216 (0x00f53033) sltu    zero, a0, a5
core   0: 3 0x80006216 (0x00f53033)
core   0: 0x8000621a (0x006ad663) bge     s5, t1, pc + 12
core   0: 3 0x8000621a (0x006ad663)
core   0: 0x80006226 (0x239ef6b7) lui     a3, 0x239ef
core   0: 3 0x80006226 (0x239ef6b7) x13 0x239ef000
core   0: 0x8000622a (0x01bc5763) bge     s8, s11, pc + 14
core   0: 3 0x8000622a (0x01bc5763)
core   0: 0x80006238 (0x000064f1) c.lui   s1, 0x1c
core   0: 3 0x80006238 (0x64f1) x 9 0x0001c000
core   0: 0x8000623a (0x0ff0000f) fence   iorw,iorw
core   0: 3 0x8000623a (0x0ff0000f)
core   0: 0x8000623e (0x06281bb7) lui     s7, 0x6281
core   0: 3 0x8000623e (0x06281bb7) x23 0x06281000
core   0: 0x80006242 (0x012071b3) and     gp, zero, s2
core   0: 3 0x80006242 (0x012071b3) x 3 0x00000000
core   0: 0x80006246 (0x0996e063) bltu    a3, s9, pc + 128
core   0: 3 0x80006246 (0x0996e063)
core   0: 0x8000624a (0xf1838d93) addi    s11, t2, -232
core   0: 3 0x8000624a (0xf1838d93) x27 0xd1cbff17
core   0: 0x8000624e (0x0000a217) auipc   tp, 0xa
core   0: 3 0x8000624e (0x0000a217) x 4 0x8001024e
core   0: 0x80006252 (0x45920213) addi    tp, tp, 1113
core   0: 3 0x80006252 (0x45920213) x 4 0x800106a7
core   0: 0x80006256 (0x00011d97) auipc   s11, 0x11
core   0: 3 0x80006256 (0x00011d97) x27 0x80017256
core   0: 0x8000625a (0x172d8d93) addi    s11, s11, 370
core   0: 3 0x8000625a (0x172d8d93) x27 0x800173c8
core   0: 0x8000625e (0x03c226a3) sw      t3, 45(tp)
core   0: 3 0x8000625e (0x03c226a3) mem 0x800106d4 0x00000000
core   0: 0x80006262 (0x00620623) sb      t1, 12(tp)
core   0: 3 0x80006262 (0x00620623) mem 0x800106b3 0xe7
core   0: 0x80006266 (0xfd8dab03) lw      s6, -40(s11)
core   0: 3 0x80006266 (0xfd8dab03) x22 0x58595a5b mem 0x800173a0
core   0: 0x8000626a (0xfcf20123) sb      a5, -62(tp)
core   0: 3 0x8000626a (0xfcf20123) mem 0x80010669 0x0
core   0: 0x8000626e (0xfe0d82a3) sb      zero, -27(s11)
core   0: 3 0x8000626e (0xfe0d82a3) mem 0x800173ad 0x0
core   0: 0x80006272 (0xffd20e23) sb      t4, -4(tp)
core   0: 3 0x80006272 (0xffd20e23) mem 0x800106a3 0x0
core   0: 0x80006276 (0xfed22703) lw      a4, -19(tp)
core   0: 3 0x80006276 (0xfed22703) x14 0x4c4d4e4f mem 0x80010694
core   0: 0x8000627a (0xfd5dcf03) lbu     t5, -43(s11)
core   0: 3 0x8000627a (0xfd5dcf03) x30 0x00000056 mem 0x8001739d
core   0: 0x8000627e (0xfefd8b23) sb      a5, -10(s11)
core   0: 3 0x8000627e (0xfefd8b23) mem 0x800173be 0x0
core   0: 0x80006282 (0x01620aa3) sb      s6, 21(tp)
core   0: 3 0x80006282 (0x01620aa3) mem 0x800106bc 0x5b
core   0: 0x80006286 (0x015211a3) sh      s5, 3(tp)
core   0: 3 0x80006286 (0x015211a3) mem 0x800106aa 0xd000
core   0: 0x8000628a (0x02edd903) lhu     s2, 46(s11)
core   0: 3 0x8000628a (0x02edd903) x18 0x0000acad mem 0x800173f6
core   0: 0x8000628e (0x02224a83) lbu     s5, 34(tp)
core   0: 3 0x8000628e (0x02224a83) x21 0x00000082 mem 0x800106c9
core   0: 0x80006292 (0x034b5f63) bge     s6, s4, pc + 62
core   0: 3 0x80006292 (0x034b5f63)
core   0: 0x800062d0 (0x010a41b3) xor     gp, s4, a6
core   0: 3 0x800062d0 (0x010a41b3) x 3 0x80025e64
core   0: 0x800062d4 (0x02f582b3) mul     t0, a1, a5
core   0: 3 0x800062d4 (0x02f582b3) x 5 0x00000000
core   0: 0x800062d8 (0x03664333) div     t1, a2, s6
core   0: 3 0x800062d8 (0x03664333) x 6 0xffffffff
core   0: 0x800062dc (0x00008e1d) c.sub   a2, a5
core   0: 3 0x800062dc (0x8e1d) x12 0x80000001
core   0: 0x800062de (0x019ac863) blt     s5, s9, pc + 16
core   0: 3 0x800062de (0x019ac863)
core   0: 0x800062e2 (0x01604d63) blt     zero, s6, pc + 26
core   0: 3 0x800062e2 (0x01604d63)
core   0: 0x800062fc (0xbd58a013) slti    zero, a7, -1067
core   0: 3 0x800062fc (0xbd58a013)
core   0: 0x80006300 (0x03ed5233) divu    tp, s10, t5
core   0: 3 0x80006300 (0x03ed5233) x 4 0x00000000
core   0: 0x80006304 (0x0ff0000f) fence   iorw,iorw
core   0: 3 0x80006304 (0x0ff0000f)
core   0: 0x80006308 (0x0000073e) c.slli  a4, 15
core   0: 3 0x80006308 (0x073e) x14 0xa7278000
core   0: 0x8000630a (0x01d1dfb3) srl     t6, gp, t4
core   0: 3 0x8000630a (0x01d1dfb3) x31 0x80025e64
core   0: 0x8000630e (0xe1323e93) sltiu   t4, tp, -493
core   0: 3 0x8000630e (0xe1323e93) x29 0x00000001
core   0: 0x80006312 (0x00000001) c.nop
core   0: 3 0x80006312 (0x0001)
core   0: 0x80006314 (0x00008965) c.andi  a0, 25
core   0: 3 0x80006314 (0x8965) x10 0x00000000
core   0: 0x80006316 (0x41ad09b3) sub     s3, s10, s10
core   0: 3 0x80006316 (0x41ad09b3) x19 0x00000000
core   0: 0x8000631a (0x03f5c163) blt     a1, t6, pc + 34
core   0: 3 0x8000631a (0x03f5c163)
core   0: 0x8000633c (0xdd227513) andi    a0, tp, -558
core   0: 3 0x8000633c (0xdd227513) x10 0x00000000
core   0: 0x80006340 (0x018af763) bgeu    s5, s8, pc + 14
core   0: 3 0x80006340 (0x018af763)
core   0: 0x8000634e (0x02eff033) remu    zero, t6, a4
core   0: 3 0x8000634e (0x02eff033)
core   0: 0x80006352 (0x00009afd) c.andi  a3, -1
core   0: 3 0x80006352 (0x9afd) x13 0x239ef000
core   0: 0x80006354 (0x40c0d493) srai    s1, ra, 12
core   0: 3 0x80006354 (0x40c0d493) x 9 0xffffffff
core   0: 0x80006358 (0x011c6763) bltu    s8, a7, pc + 14
core   0: 3 0x80006358 (0x011c6763)
core   0: 0x80006366 (0x00008c09) c.sub   s0, a0
core   0: 3 0x80006366 (0x8c09) x 8 0xd0000000
core   0: 0x80006368 (0x0ff0000f) fence   iorw,iorw
core   0: 3 0x80006368 (0x0ff0000f)
core   0: 0x8000636c (0x001ffe63) bgeu    t6, ra, pc + 28
core   0: 3 0x8000636c (0x001ffe63)
core   0: 0x80006370 (0x02d1d7b3) divu    a5, gp, a3
core   0: 3 0x80006370 (0x02d1d7b3) x15 0x00000003
core   0: 0x80006374 (0x92954e13) xori    t3, a0, -1751
core   0: 3 0x80006374 (0x92954e13) x28 0xfffff929
core   0: 0x80006378 (0x001b0d63) beq     s6, ra, pc + 26
core   0: 3 0x80006378 (0x001b0d63)
core   0: 0x8000637c (0xbd05afb7) lui     t6, 0xbd05a
core   0: 3 0x8000637c (0xbd05afb7) x31 0xbd05a000
core   0: 0x80006380 (0x02f25763) bge     tp, a5, pc + 46
core   0: 3 0x80006380 (0x02f25763)
core   0: 0x80006384 (0x019c1563) bne     s8, s9, pc + 10
core   0: 3 0x80006384 (0x019c1563)
core   0: 0x80006388 (0x0347a233) mulhsu  tp, a5, s4
core   0: 3 0x80006388 (0x0347a233) x 4 0x00000001
core   0: 0x8000638c (0x00000001) c.nop
core   0: 3 0x8000638c (0x0001)
core   0: 0x8000638e (0xccb6d037) lui     zero, 0xccb6d
core   0: 3 0x8000638e (0xccb6d037)
core   0: 0x80006392 (0x036efe33) remu    t3, t4, s6
core   0: 3 0x80006392 (0x036efe33) x28 0x00000001
core   0: 0x80006396 (0x00008ff5) c.and   a5, a3
core   0: 3 0x80006396 (0x8ff5) x15 0x00000000
core   0: 0x80006398 (0x00008cb9) c.xor   s1, a4
core   0: 3 0x80006398 (0x8cb9) x 9 0x58d87fff
core   0: 0x8000639a (0x005d1793) slli    a5, s10, 5
core   0: 3 0x8000639a (0x005d1793) x15 0x00000000
core   0: 0x8000639e (0x00008e91) c.sub   a3, a2
core   0: 3 0x8000639e (0x8e91) x13 0xa39eefff
core   0: 0x800063a0 (0x00332233) slt     tp, t1, gp
core   0: 3 0x800063a0 (0x00332233) x 4 0x00000000
core   0: 0x800063a4 (0x00008915) c.andi  a0, 5
core   0: 3 0x800063a4 (0x8915) x10 0x00000000
core   0: 0x800063a6 (0xfb576813) ori     a6, a4, -75
core   0: 3 0x800063a6 (0xfb576813) x16 0xffffffb5
core   0: 0x800063aa (0x055e4063) blt     t3, s5, pc + 64
core   0: 3 0x800063aa (0x055e4063)
core   0: 0x800063ea (0x03ca5e63) bge     s4, t3, pc + 60
core   0: 3 0x800063ea (0x03ca5e63)
core   0: 0x800063ee (0x005be933) or      s2, s7, t0
core   0: 3 0x800063ee (0x005be933) x18 0x06281000
core   0: 0x800063f2 (0x03856933) rem     s2, a0, s8
core   0: 3 0x800063f2 (0x03856933) x18 0x00000000
core   0: 0x800063f6 (0x00008d65) c.and   a0, s1
core   0: 3 0x800063f6 (0x8d65) x10 0x00000000
core   0: 0x800063f8 (0x58cc6d93) ori     s11, s8, 1420
core   0: 3 0x800063f8 (0x58cc6d93) x27 0x0000058c
core   0: 0x800063fc (0x03a74eb3) div     t4, a4, s10
core   0: 3 0x800063fc (0x03a74eb3) x29 0xffffffff
core   0: 0x80006400 (0x00000001) c.nop
core   0: 3 0x80006400 (0x0001)
core   0: 0x80006402 (0x51c340b7) lui     ra, 0x51c34
core   0: 3 0x80006402 (0x51c340b7) x 1 0x51c34000
core   0: 0x80006406 (0x0383a0b3) mulhsu  ra, t2, s8
core   0: 3 0x80006406 (0x0383a0b3) x 1 0x00000000
core   0: 0x8000640a (0x00763fb3) sltu    t6, a2, t2
core   0: 3 0x8000640a (0x00763fb3) x31 0x00000001
core   0: 0x8000640e (0xe1f42037) lui     zero, 0xe1f42
core   0: 3 0x8000640e (0xe1f42037)
core   0: 0x80006412 (0xdac16393) ori     t2, sp, -596
core   0: 3 0x80006412 (0xdac16393) x 7 0xfffffdec
core   0: 0x80006416 (0x00c1e333) or      t1, gp, a2
core   0: 3 0x80006416 (0x00c1e333) x 6 0x80025e65
core   0: 0x8000641a (0x02fae933) rem     s2, s5, a5
core   0: 3 0x8000641a (0x02fae933) x18 0x00000082
core   0: 0x8000641e (0x02f2a833) mulhsu  a6, t0, a5
core   0: 3 0x8000641e (0x02f2a833) x16 0x00000000
core   0: 0x80006422 (0x012b5263) bge     s6, s2, pc + 4
core   0: 3 0x80006422 (0x012b5263)
core   0: 0x80006426 (0x000084a1) c.srai  s1, 8
core   0: 3 0x80006426 (0x84a1) x 9 0x0058d87f
core   0: 0x80006428 (0x02d9a0b3) mulhsu  ra, s3, a3
core   0: 3 0x80006428 (0x02d9a0b3) x 1 0x00000000
core   0: 0x8000642c (0x00000661) c.addi  a2, 24
core   0: 3 0x8000642c (0x0661) x12 0x80000019
core   0: 0x8000642e (0x0240fc63) bgeu    ra, tp, pc + 56
core   0: 3 0x8000642e (0x0240fc63)
core   0: 0x80006466 (0x000010fd) c.addi  ra, -1
core   0: 3 0x80006466 (0x10fd) x 1 0xffffffff
core   0: 0x80006468 (0x407204b3) sub     s1, tp, t2
core   0: 3 0x80006468 (0x407204b3) x 9 0x00000214
core   0: 0x8000646c (0x0151e433) or      s0, gp, s5
core   0: 3 0x8000646c (0x0151e433) x 8 0x80025ee6
core   0: 0x80006470 (0x01327cb3) and     s9, tp, s3
core   0: 3 0x80006470 (0x01327cb3) x25 0x00000000
core   0: 0x80006474 (0x00912433) slt     s0, sp, s1
core   0: 3 0x80006474 (0x00912433) x 8 0x00000001
core   0: 0x80006478 (0x86bf6e37) lui     t3, 0x86bf6
core   0: 3 0x80006478 (0x86bf6e37) x28 0x86bf6000
core   0: 0x8000647c (0x000084c9) c.srai  s1, 18
core   0: 3 0x8000647c (0x84c9) x 9 0x00000000
core   0: 0x8000647e (0x003b0c33) add     s8, s6, gp
core   0: 3 0x8000647e (0x003b0c33) x24 0xd85bb8bf
core   0: 0x80006482 (0x00000001) c.nop
core   0: 3 0x80006482 (0x0001)
core   0: 0x80006484 (0x000097c6) c.add   a5, a7
core   0: 3 0x80006484 (0x97c6) x15 0x80000000
core   0: 0x80006486 (0x00000001) c.nop
core   0: 3 0x80006486 (0x0001)
core   0: 0x80006488 (0x000086f5) c.srai  a3, 29
core   0: 3 0x80006488 (0x86f5) x13 0xfffffffd
core   0: 0x8000648a (0x00accbb3) xor     s7, s9, a0
core   0: 3 0x8000648a (0x00accbb3) x23 0x00000000
core   0: 0x8000648e (0x01954f63) blt     a0, s9, pc + 30
core   0: 3 0x8000648e (0x01954f63)
core   0: 0x80006492 (0x02e5bf33) mulhu   t5, a1, a4
core   0: 3 0x80006492 (0x02e5bf33) x30 0x5393c000
core   0: 0x80006496 (0x02e3d533) divu    a0, t2, a4
core   0: 3 0x80006496 (0x02e3d533) x10 0x00000001
core   0: 0x8000649a (0x02a3c263) blt     t2, a0, pc + 36
core   0: 3 0x8000649a (0x02a3c263)
core   0: 0x800064be (0x03c42bb3) mulhsu  s7, s0, t3
core   0: 3 0x800064be (0x03c42bb3) x23 0x00000000
core   0: 0x800064c2 (0x0334af33) mulhsu  t5, s1, s3
core   0: 3 0x800064c2 (0x0334af33) x30 0x00000000
core   0: 0x800064c6 (0x03747433) remu    s0, s0, s7
core   0: 3 0x800064c6 (0x03747433) x 8 0x00000001
core   0: 0x800064ca (0x01db9563) bne     s7, t4, pc + 10
core   0: 3 0x800064ca (0x01db9563)
core   0: 0x800064d4 (0x01011b93) slli    s7, sp, 16
core   0: 3 0x800064d4 (0x01011b93) x23 0x9ce40000
core   0: 0x800064d8 (0x99b2bd93) sltiu   s11, t0, -1637
core   0: 3 0x800064d8 (0x99b2bd93) x27 0x00000001
core   0: 0x800064dc (0x00006969) c.lui   s2, 0x1a
core   0: 3 0x800064dc (0x6969) x18 0x0001a000
core   0: 0x800064de (0x00001ffd) c.addi  t6, -1
core   0: 3 0x800064de (0x1ffd) x31 0x00000000
core   0: 0x800064e0 (0x03397ab3) remu    s5, s2, s3
core   0: 3 0x800064e0 (0x03397ab3) x21 0x0001a000
core   0: 0x800064e4 (0x0000ef15) c.bnez  a4, pc + 60
core   0: 3 0x800064e4 (0xef15)
core   0: 0x80006520 (0x013341b3) xor     gp, t1, s3
core   0: 3 0x80006520 (0x013341b3) x 3 0x80025e65
core   0: 0x80006524 (0x00008cd5) c.or    s1, a3
core   0: 3 0x80006524 (0x8cd5) x 9 0xfffffffd
core   0: 0x80006526 (0x03242233) mulhsu  tp, s0, s2
core   0: 3 0x80006526 (0x03242233) x 4 0x00000000
core   0: 0x8000652a (0x029910b3) mulh    ra, s2, s1
core   0: 3 0x8000652a (0x029910b3) x 1 0xffffffff
core   0: 0x8000652e (0x77aee1b7) lui     gp, 0x77aee
core   0: 3 0x8000652e (0x77aee1b7) x 3 0x77aee000
core   0: 0x80006532 (0x01a5c6b3) xor     a3, a1, s10
core   0: 3 0x80006532 (0x01a5c6b3) x13 0x80000000
core   0: 0x80006536 (0x9edc6813) ori     a6, s8, -1555
core   0: 3 0x80006536 (0x9edc6813) x16 0xfffff9ff
core   0: 0x8000653a (0x006e8e63) beq     t4, t1, pc + 28
core   0: 3 0x8000653a (0x006e8e63)
core   0: 0x8000653e (0x0328c9b3) div     s3, a7, s2
core   0: 3 0x8000653e (0x0328c9b3) x19 0xffffb13c
core   0: 0x80006542 (0x00000e6e) c.slli  t3, 27
core   0: 3 0x80006542 (0x0e6e) x28 0x00000000
core   0: 0x80006544 (0xec4f6413) ori     s0, t5, -316
core   0: 3 0x80006544 (0xec4f6413) x 8 0xfffffec4
core   0: 0x80006548 (0x00008d29) c.xor   a0, a0
core   0: 3 0x80006548 (0x8d29) x10 0x00000000
core   0: 0x8000654a (0x00008ba9) c.andi  a5, 10
core   0: 3 0x8000654a (0x8ba9) x15 0x00000000
core   0: 0x8000654c (0x00008815) c.andi  s0, 5
core   0: 3 0x8000654c (0x8815) x 8 0x00000004
core   0: 0x8000654e (0x78a52b93) slti    s7, a0, 1930
core   0: 3 0x8000654e (0x78a52b93) x23 0x00000001
core   0: 0x80006552 (0x0ff0000f) fence   iorw,iorw
core   0: 3 0x80006552 (0x0ff0000f)
core   0: 0x80006556 (0x010a6663) bltu    s4, a6, pc + 12
core   0: 3 0x80006556 (0x010a6663)
core   0: 0x80006562 (0x417fde33) sra     t3, t6, s7
core   0: 3 0x80006562 (0x417fde33) x28 0x00000000
core   0: 0x80006566 (0x02235eb3) divu    t4, t1, sp
core   0: 3 0x80006566 (0x02235eb3) x29 0x00000000
core   0: 0x8000656a (0x03d9e933) rem     s2, s3, t4
core   0: 3 0x8000656a (0x03d9e933) x18 0xffffb13c
core   0: 0x8000656e (0x00008cd1) c.or    s1, a2
core   0: 3 0x8000656e (0x8cd1) x 9 0xfffffffd
core   0: 0x80006570 (0x006f5fb3) srl     t6, t5, t1
core   0: 3 0x80006570 (0x006f5fb3) x31 0x00000000
core   0: 0x80006574 (0x0000e801) c.bnez  s0, pc + 16
core   0: 3 0x80006574 (0xe801)
core   0: 0x80006584 (0x00008d21) c.xor   a0, s0
core   0: 3 0x80006584 (0x8d21) x10 0x00000004
core   0: 0x80006586 (0x0000187d) c.addi  a6, -1
core   0: 3 0x80006586 (0x187d) x16 0xfffff9fe
core   0: 0x80006588 (0x03c01db3) mulh    s11, zero, t3
core   0: 3 0x80006588 (0x03c01db3) x27 0x00000000
core   0: 0x8000658c (0x0066a2b3) slt     t0, a3, t1
core   0: 3 0x8000658c (0x0066a2b3) x 5 0x00000001
core   0: 0x80006590 (0x02b3f1b3) remu    gp, t2, a1
core   0: 3 0x80006590 (0x02b3f1b3) x 3 0x7ffffdec
core   0: 0x80006594 (0x02a02fb3) mulhsu  t6, zero, a0
core   0: 3 0x80006594 (0x02a02fb3) x31 0x00000000
core   0: 0x80006598 (0x02d91663) bne     s2, a3, pc + 44
core   0: 3 0x80006598 (0x02d91663)
core   0: 0x800065c4 (0xa78f3193) sltiu   gp, t5, -1416
core   0: 3 0x800065c4 (0xa78f3193) x 3 0x00000001
core   0: 0x800065c8 (0x0384f733) remu    a4, s1, s8
core   0: 3 0x800065c8 (0x0384f733) x14 0x27a4473e
core   0: 0x800065cc (0x00001efd) c.addi  t4, -1
core   0: 3 0x800065cc (0x1efd) x29 0xffffffff
core   0: 0x800065ce (0x00008cbd) c.xor   s1, a5
core   0: 3 0x800065ce (0x8cbd) x 9 0xfffffffd
core   0: 0x800065d0 (0x46f62913) slti    s2, a2, 1135
core   0: 3 0x800065d0 (0x46f62913) x18 0x00000001
core   0: 0x800065d4 (0x00d51293) slli    t0, a0, 13
core   0: 3 0x800065d4 (0x00d51293) x 5 0x00008000
core   0: 0x800065d8 (0x5af26e93) ori     t4, tp, 1455
core   0: 3 0x800065d8 (0x5af26e93) x29 0x000005af
core   0: 0x800065dc (0x43498e93) addi    t4, s3, 1076
core   0: 3 0x800065dc (0x43498e93) x29 0xffffb570
core   0: 0x800065e0 (0x02a54433) div     s0, a0, a0
core   0: 3 0x800065e0 (0x02a54433) x 8 0x00000001
core   0: 0x800065e4 (0x0019f6b3) and     a3, s3, ra
core   0: 3 0x800065e4 (0x0019f6b3) x13 0xffffb13c
core   0: 0x800065e8 (0x0000100f) fence.i
core   0: 3 0x800065e8 (0x0000100f)
core   0: 0x800065ec (0xdbc37993) andi    s3, t1, -580
core   0: 3 0x800065ec (0xdbc37993) x19 0x80025c24
core   0: 0x800065f0 (0x024b7d63) bgeu    s6, tp, pc + 58
core   0: 3 0x800065f0 (0x024b7d63)
core   0: 0x8000662a (0x00000eb1) c.addi  t4, 12
core   0: 3 0x8000662a (0x0eb1) x29 0xffffb57c
core   0: 0x8000662c (0x82878393) addi    t2, a5, -2008
core   0: 3 0x8000662c (0x82878393) x 7 0xfffff828
core   0: 0x80006630 (0x0347d533) divu    a0, a5, s4
core   0: 3 0x80006630 (0x0347d533) x10 0x00000000
core   0: 0x80006634 (0x00008f81) c.sub   a5, s0
core   0: 3 0x80006634 (0x8f81) x15 0xffffffff
core   0: 0x80006636 (0x02f25a63) bge     tp, a5, pc + 52
core   0: 3 0x80006636 (0x02f25a63)
core   0: 0x8000666a (0x0109b3b3) sltu    t2, s3, a6
core   0: 3 0x8000666a (0x0109b3b3) x 7 0x00000001
core   0: 0x8000666e (0x000061f1) c.lui   gp, 0x1c
core   0: 3 0x8000666e (0x61f1) x 3 0x0001c000
core   0: 0x80006670 (0x03933433) mulhu   s0, t1, s9
core   0: 3 0x80006670 (0x03933433) x 8 0x00000000
core   0: 0x80006674 (0x00c21733) sll     a4, tp, a2
core   0: 3 0x80006674 (0x00c21733) x14 0x00000000
core   0: 0x80006678 (0x000098fd) c.andi  s1, -1
core   0: 3 0x80006678 (0x98fd) x 9 0xfffffffd
core   0: 0x8000667a (0x018dbeb3) sltu    t4, s11, s8
core   0: 3 0x8000667a (0x018dbeb3) x29 0x00000001
core   0: 0x8000667e (0x00006191) c.lui   gp, 0x4
core   0: 3 0x8000667e (0x6191) x 3 0x00004000
core   0: 0x80006680 (0x40cf5933) sra     s2, t5, a2
core   0: 3 0x80006680 (0x40cf5933) x18 0x00000000
core   0: 0x80006684 (0xdbaf4997) auipc   s3, 0xdbaf4
core   0: 3 0x80006684 (0xdbaf4997) x19 0x5bafa684
core   0: 0x80006688 (0x00000001) c.nop
core   0: 3 0x80006688 (0x0001)
core   0: 0x8000668a (0x016f9813) slli    a6, t6, 22
core   0: 3 0x8000668a (0x016f9813) x16 0x00000000
core   0: 0x8000668e (0x00004571) c.li    a0, 28
core   0: 3 0x8000668e (0x4571) x10 0x0000001c
core   0: 0x80006690 (0x05774463) blt     a4, s7, pc + 72
core   0: 3 0x80006690 (0x05774463)
core   0: 0x800066d8 (0x01b80263) beq     a6, s11, pc + 4
core   0: 3 0x800066d8 (0x01b80263)
core   0: 0x800066dc (0x00008f81) c.sub   a5, s0
core   0: 3 0x800066dc (0x8f81) x15 0xffffffff
core   0: 0x800066de (0x22268e13) addi    t3, a3, 546
core   0: 3 0x800066de (0x22268e13) x28 0xffffb35e
core   0: 0x800066e2 (0x0084d313) srli    t1, s1, 8
core   0: 3 0x800066e2 (0x0084d313) x 6 0x00ffffff
core   0: 0x800066e6 (0x7debc813) xori    a6, s7, 2014
core   0: 3 0x800066e6 (0x7debc813) x16 0x000007df
core   0: 0x800066ea (0x00008f09) c.sub   a4, a0
core   0: 3 0x800066ea (0x8f09) x14 0xffffffe4
core   0: 0x800066ec (0x40d18333) sub     t1, gp, a3
core   0: 3 0x800066ec (0x40d18333) x 6 0x00008ec4
core   0: 0x800066f0 (0x026bc833) div     a6, s7, t1
core   0: 3 0x800066f0 (0x026bc833) x16 0x00000000
core   0: 0x800066f4 (0x000003d2) c.slli  t2, 20
core   0: 3 0x800066f4 (0x03d2) x 7 0x00100000
core   0: 0x800066f6 (0x0099e033) or      zero, s3, s1
core   0: 3 0x800066f6 (0x0099e033)
core   0: 0x800066fa (0x00008f01) c.sub   a4, s0
core   0: 3 0x800066fa (0x8f01) x14 0xffffffe4
core   0: 0x800066fc (0x036411b3) mulh    gp, s0, s6
core   0: 3 0x800066fc (0x036411b3) x 3 0x00000000
core   0: 0x80006700 (0x019b9213) slli    tp, s7, 25
core   0: 3 0x80006700 (0x019b9213) x 4 0x02000000
core   0: 0x80006704 (0x0000cd25) c.beqz  a0, pc + 120
core   0: 3 0x80006704 (0xcd25)
core   0: 0x80006706 (0x00000001) c.nop
core   0: 3 0x80006706 (0x0001)
core   0: 0x80006708 (0x00008f51) c.or    a4, a2
core   0: 3 0x80006708 (0x8f51) x14 0xfffffffd
core   0: 0x8000670a (0x41fa5333) sra     t1, s4, t6
core   0: 3 0x8000670a (0x41fa5333) x 6 0x80025e64
core   0: 0x8000670e (0x00008f35) c.xor   a4, a3
core   0: 3 0x8000670e (0x8f35) x14 0x00004ec1
core   0: 0x80006710 (0x00f9ce33) xor     t3, s3, a5
core   0: 3 0x80006710 (0x00f9ce33) x28 0xa450597b
core   0: 0x80006714 (0x0141d693) srli    a3, gp, 20
core   0: 3 0x80006714 (0x0141d693) x13 0x00000000
core   0: 0x80006718 (0x0000a397) auipc   t2, 0xa
core   0: 3 0x80006718 (0x0000a397) x 7 0x80010718
core   0: 0x8000671c (0xd7d38393) addi    t2, t2, -643
core   0: 3 0x8000671c (0xd7d38393) x 7 0x80010495
core   0: 0x80006720 (0x00d38023) sb      a3, 0(t2)
core   0: 3 0x80006720 (0x00d38023) mem 0x80010495 0x0
core   0: 0x80006724 (0x00038783) lb      a5, 0(t2)
core   0: 3 0x80006724 (0x00038783) x15 0x00000000 mem 0x80010495
core   0: 0x80006728 (0x2a733697) auipc   a3, 0x2a733
core   0: 3 0x80006728 (0x2a733697) x13 0xaa739728
core   0: 0x8000672c (0x00038803) lb      a6, 0(t2)
core   0: 3 0x8000672c (0x00038803) x16 0x00000000 mem 0x80010495
core   0: 0x80006730 (0xffc38d83) lb      s11, -4(t2)
core   0: 3 0x80006730 (0xffc38d83) x27 0x0000004a mem 0x80010491
core   0: 0x80006734 (0x02a47eb3) remu    t4, s0, a0
core   0: 3 0x80006734 (0x02a47eb3) x29 0x00000000
core   0: 0x80006738 (0x02bc5433) divu    s0, s8, a1
core   0: 3 0x80006738 (0x02bc5433) x 8 0x00000001
core   0: 0x8000673c (0x00f39883) lh      a7, 15(t2)
core   0: 3 0x8000673c (0x00f39883) x17 0x00005e5f mem 0x800104a4
core   0: 0x80006740 (0x00f3ab03) lw      s6, 15(t2)
core   0: 3 0x80006740 (0x00f3ab03) x22 0x5c5d5e5f mem 0x800104a4
core   0: 0x80006744 (0x00f3a303) lw      t1, 15(t2)
core   0: 3 0x80006744 (0x00f3a303) x 6 0x5c5d5e5f mem 0x800104a4
core   0: 0x80006748 (0x000098fd) c.andi  s1, -1
core   0: 3 0x80006748 (0x98fd) x 9 0xfffffffd
core   0: 0x8000674a (0x000387a3) sb      zero, 15(t2)
core   0: 3 0x8000674a (0x000387a3) mem 0x800104a4 0x0
core   0: 0x8000674e (0x00f3c003) lbu     zero, 15(t2)
core   0: 3 0x8000674e (0x00f3c003) mem 0x800104a4
core   0: 0x80006752 (0x0000537d) c.li    t1, -1
core   0: 3 0x80006752 (0x537d) x 6 0xffffffff
core   0: 0x80006754 (0x016d9b93) slli    s7, s11, 22
core   0: 3 0x80006754 (0x016d9b93) x23 0x12800000
core   0: 0x80006758 (0x0083cb83) lbu     s7, 8(t2)
core   0: 3 0x80006758 (0x0083cb83) x23 0x000000b6 mem 0x8001049d
core   0: 0x8000675c (0x00838e03) lb      t3, 8(t2)
core   0: 3 0x8000675c (0x00838e03) x28 0xffffffb6 mem 0x8001049d
core   0: 0x80006760 (0xfe9398a3) sh      s1, -15(t2)
core   0: 3 0x80006760 (0xfe9398a3) mem 0x80010486 0xfffd
core   0: 0x80006764 (0xff139483) lh      s1, -15(t2)
core   0: 3 0x80006764 (0xff139483) x 9 0xfffffffd mem 0x80010486
core   0: 0x80006768 (0xfe7398a3) sh      t2, -15(t2)
core   0: 3 0x80006768 (0xfe7398a3) mem 0x80010486 0x0495
core   0: 0x8000676c (0x0292b033) mulhu   zero, t0, s1
core   0: 3 0x8000676c (0x0292b033)
core   0: 0x80006770 (0xffb39f83) lh      t6, -5(t2)
core   0: 3 0x80006770 (0xffb39f83) x31 0x00004a4b mem 0x80010490
core   0: 0x80006774 (0xffb3df03) lhu     t5, -5(t2)
core   0: 3 0x80006774 (0xffb3df03) x30 0x00004a4b mem 0x80010490
core   0: 0x80006778 (0x010af863) bgeu    s5, a6, pc + 16
core   0: 3 0x80006778 (0x010af863)
core   0: 0x80006788 (0x0000cc89) c.beqz  s1, pc + 26
core   0: 3 0x80006788 (0xcc89)
core   0: 0x8000678a (0x0000c10d) c.beqz  a0, pc + 34
core   0: 3 0x8000678a (0xc10d)
core   0: 0x8000678c (0x01ced033) srl     zero, t4, t3
core   0: 3 0x8000678c (0x01ced033)
core   0: 0x80006790 (0x00910eb3) add     t4, sp, s1
core   0: 3 0x80006790 (0x00910eb3) x29 0x80029ce1
core   0: 0x80006794 (0x0319d933) divu    s2, s3, a7
core   0: 3 0x80006794 (0x0319d933) x18 0x0000f8b7
core   0: 0x80006798 (0x00008769) c.srai  a4, 26
core   0: 3 0x80006798 (0x8769) x14 0x00000000
core   0: 0x8000679a (0x00000001) c.nop
core   0: 3 0x8000679a (0x0001)
core   0: 0x8000679c (0x0000c11d) c.beqz  a0, pc + 38
core   0: 3 0x8000679c (0xc11d)
core   0: 0x8000679e (0xa1b1e537) lui     a0, 0xa1b1e
core   0: 3 0x8000679e (0xa1b1e537) x10 0xa1b1e000
core   0: 0x800067a2 (0x03f83433) mulhu   s0, a6, t6
core   0: 3 0x800067a2 (0x03f83433) x 8 0x00000000
core   0: 0x800067a6 (0x00006e55) c.lui   t3, 0x15
core   0: 3 0x800067a6 (0x6e55) x28 0x00015000
core   0: 0x800067a8 (0x00008daa) c.mv    s11, a0
core   0: 3 0x800067a8 (0x8daa) x27 0xa1b1e000
core   0: 0x800067aa (0x00008945) c.andi  a0, 17
core   0: 3 0x800067aa (0x8945) x10 0x00000000
core   0: 0x800067ac (0x5c84b913) sltiu   s2, s1, 1480
core   0: 3 0x800067ac (0x5c84b913) x18 0x00000000
core   0: 0x800067b0 (0x020e2db3) mulhsu  s11, t3, zero
core   0: 3 0x800067b0 (0x020e2db3) x27 0x00000000
core   0: 0x800067b4 (0x00d281b3) add     gp, t0, a3
core   0: 3 0x800067b4 (0x00d281b3) x 3 0xaa741728
core   0: 0x800067b8 (0x65058613) addi    a2, a1, 1616
core   0: 3 0x800067b8 (0x65058613) x12 0x80000650
core   0: 0x800067bc (0x00405a63) bge     zero, tp, pc + 20
core   0: 3 0x800067bc (0x00405a63)
core   0: 0x800067c0 (0x00008c3d) c.xor   s0, a5
core   0: 3 0x800067c0 (0x8c3d) x 8 0x00000000
core   0: 0x800067c2 (0x0000078a) c.slli  a5, 2
core   0: 3 0x800067c2 (0x078a) x15 0x00000000
core   0: 0x800067c4 (0x84ce4d13) xori    s10, t3, -1972
core   0: 3 0x800067c4 (0x84ce4d13) x26 0xfffea84c
core   0: 0x800067c8 (0x41998533) sub     a0, s3, s9
core   0: 3 0x800067c8 (0x41998533) x10 0x5bafa684
core   0: 0x800067cc (0x0cf6c093) xori    ra, a3, 207
core   0: 3 0x800067cc (0x0cf6c093) x 1 0xaa7397e7
core   0: 0x800067d0 (0x03f5c1b3) div     gp, a1, t6
core   0: 3 0x800067d0 (0x03f5c1b3) x 3 0xfffe46f0
core   0: 0x800067d4 (0x0270f463) bgeu    ra, t2, pc + 40
core   0: 3 0x800067d4 (0x0270f463)
core   0: 0x800067fc (0x0ff0000f) fence   iorw,iorw
core   0: 3 0x800067fc (0x0ff0000f)
core   0: 0x80006800 (0x010aea63) bltu    s5, a6, pc + 20
core   0: 3 0x80006800 (0x010aea63)
core   0: 0x80006804 (0x00008fa1) c.xor   a5, s0
core   0: 3 0x80006804 (0x8fa1) x15 0x00000000
core   0: 0x80006806 (0x000088c1) c.andi  s1, 16
core   0: 3 0x80006806 (0x88c1) x 9 0x00000010
core   0: 0x80006808 (0x00008ca9) c.xor   s1, a0
core   0: 3 0x80006808 (0x8ca9) x 9 0x5bafa694
core   0: 0x8000680a (0x00c19993) slli    s3, gp, 12
core   0: 3 0x8000680a (0x00c19993) x19 0xe46f0000
core   0: 0x8000680e (0x14698093) addi    ra, s3, 326
core   0: 3 0x8000680e (0x14698093) x 1 0xe46f0146
core   0: 0x80006812 (0x00008f99) c.sub   a5, a4
core   0: 3 0x80006812 (0x8f99) x15 0x00000000
core   0: 0x80006814 (0x00f7ceb3) xor     t4, a5, a5
core   0: 3 0x80006814 (0x00f7ceb3) x29 0x00000000
core   0: 0x80006818 (0x0ff0000f) fence   iorw,iorw
core   0: 3 0x80006818 (0x0ff0000f)
core   0: 0x8000681c (0x00000001) c.nop
core   0: 3 0x8000681c (0x0001)
core   0: 0x8000681e (0x00008f41) c.or    a4, s0
core   0: 3 0x8000681e (0x8f41) x14 0x00000000
core   0: 0x80006820 (0x01ccec63) bltu    s9, t3, pc + 24
core   0: 3 0x80006820 (0x01ccec63)
core   0: 0x80006838 (0x00008685) c.srai  a3, 1
core   0: 3 0x80006838 (0x8685) x13 0xd539cb94
core   0: 0x8000683a (0x0115dc63) bge     a1, a7, pc + 24
core   0: 3 0x8000683a (0x0115dc63)
core   0: 0x8000683e (0x00008cd9) c.or    s1, a4
core   0: 3 0x8000683e (0x8cd9) x 9 0x5bafa694
core   0: 0x80006840 (0xa6e70e93) addi    t4, a4, -1426
core   0: 3 0x80006840 (0xa6e70e93) x29 0xfffffa6e
core   0: 0x80006844 (0x000328b3) slt     a7, t1, zero
core   0: 3 0x80006844 (0x000328b3) x17 0x00000001
core   0: 0x80006848 (0x45f77d13) andi    s10, a4, 1119
core   0: 3 0x80006848 (0x45f77d13) x26 0x00000000
core   0: 0x8000684c (0x01705d93) srli    s11, zero, 23
core   0: 3 0x8000684c (0x01705d93) x27 0x00000000
core   0: 0x80006850 (0x00008cb9) c.xor   s1, a4
core   0: 3 0x80006850 (0x8cb9) x 9 0x5bafa694
core   0: 0x80006852 (0x00000001) c.nop
core   0: 3 0x80006852 (0x0001)
core   0: 0x80006854 (0x0557f063) bgeu    a5, s5, pc + 64
core   0: 3 0x80006854 (0x0557f063)
core   0: 0x80006858 (0x0ff0000f) fence   iorw,iorw
core   0: 3 0x80006858 (0x0ff0000f)
core   0: 0x8000685c (0x8e0eb6b7) lui     a3, 0x8e0eb
core   0: 3 0x8000685c (0x8e0eb6b7) x13 0x8e0eb000
core   0: 0x80006860 (0x7495d737) lui     a4, 0x7495d
core   0: 3 0x80006860 (0x7495d737) x14 0x7495d000
core   0: 0x80006864 (0x0055f4b3) and     s1, a1, t0
core   0: 3 0x80006864 (0x0055f4b3) x 9 0x00000000
core   0: 0x80006868 (0x001d5ab3) srl     s5, s10, ra
core   0: 3 0x80006868 (0x001d5ab3) x21 0x00000000
core   0: 0x8000686c (0x0239edb3) rem     s11, s3, gp
core   0: 3 0x8000686c (0x0239edb3) x27 0x00000000
core   0: 0x80006870 (0x0ff0000f) fence   iorw,iorw
core   0: 3 0x80006870 (0x0ff0000f)
core   0: 0x80006874 (0x033a9db3) mulh    s11, s5, s3
core   0: 3 0x80006874 (0x033a9db3) x27 0x00000000
core   0: 0x80006878 (0x02bf7f63) bgeu    t5, a1, pc + 62
core   0: 3 0x80006878 (0x02bf7f63)
core   0: 0x8000687c (0xab942793) slti    a5, s0, -1351
core   0: 3 0x8000687c (0xab942793) x15 0x00000000
core   0: 0x80006880 (0x01c49a63) bne     s1, t3, pc + 20
core   0: 3 0x80006880 (0x01c49a63)
core   0: 0x80006894 (0x020514b3) mulh    s1, a0, zero
core   0: 3 0x80006894 (0x020514b3) x 9 0x00000000
core   0: 0x80006898 (0x017ed263) bge     t4, s7, pc + 4
core   0: 3 0x80006898 (0x017ed263)
core   0: 0x8000689c (0x02bd9033) mulh    zero, s11, a1
core   0: 3 0x8000689c (0x02bd9033)
core   0: 0x800068a0 (0x03c31f33) mulh    t5, t1, t3
core   0: 3 0x800068a0 (0x03c31f33) x30 0xffffffff
core   0: 0x800068a4 (0x00008e2a) c.mv    t3, a0
core   0: 3 0x800068a4 (0x8e2a) x28 0x5bafa684
core   0: 0x800068a6 (0x0295b233) mulhu   tp, a1, s1
core   0: 3 0x800068a6 (0x0295b233) x 4 0x00000000
core   0: 0x800068aa (0x00d3fd63) bgeu    t2, a3, pc + 26
core   0: 3 0x800068aa (0x00d3fd63)
core   0: 0x800068ae (0x01426bb3) or      s7, tp, s4
core   0: 3 0x800068ae (0x01426bb3) x23 0x80025e64
core   0: 0x800068b2 (0x01aaee33) or      t3, s5, s10
core   0: 3 0x800068b2 (0x01aaee33) x28 0x00000000
core   0: 0x800068b6 (0x40180cb3) sub     s9, a6, ra
core   0: 3 0x800068b6 (0x40180cb3) x25 0x1b90feba
core   0: 0x800068ba (0x028b16b3) mulh    a3, s6, s0
core   0: 3 0x800068ba (0x028b16b3) x13 0x00000000
core   0: 0x800068be (0x019316b3) sll     a3, t1, s9
core   0: 3 0x800068be (0x019316b3) x13 0xfc000000
core   0: 0x800068c2 (0x00000001) c.nop
core   0: 3 0x800068c2 (0x0001)
core   0: 0x800068c4 (0x03155933) divu    s2, a0, a7
core   0: 3 0x800068c4 (0x03155933) x18 0x5bafa684
core   0: 0x800068c8 (0x000008ba) c.slli  a7, 14
core   0: 3 0x800068c8 (0x08ba) x17 0x00004000
core   0: 0x800068ca (0x0000100f) fence.i
core   0: 3 0x800068ca (0x0000100f)
core   0: 0x800068ce (0x3a210213) addi    tp, sp, 930
core   0: 3 0x800068ce (0x3a210213) x 4 0x8002a086
core   0: 0x800068d2 (0x0000ed1d) c.bnez  a0, pc + 62
core   0: 3 0x800068d2 (0xed1d)
core   0: 0x80006910 (0x01be6ab3) or      s5, t3, s11
core   0: 3 0x80006910 (0x01be6ab3) x21 0x00000000
core   0: 0x80006914 (0x00008f59) c.or    a4, a4
core   0: 3 0x80006914 (0x8f59) x14 0x7495d000
core   0: 0x80006916 (0x026211b3) mulh    gp, tp, t1
core   0: 3 0x80006916 (0x026211b3) x 3 0x00000000
core   0: 0x8000691a (0x5614d937) lui     s2, 0x5614d
core   0: 3 0x8000691a (0x5614d937) x18 0x5614d000
core   0: 0x8000691e (0x00008389) c.srli  a5, 2
core   0: 3 0x8000691e (0x8389) x15 0x00000000
core   0: 0x80006920 (0x00008cf1) c.and   s1, a2
core   0: 3 0x80006920 (0x8cf1) x 9 0x00000000
core   0: 0x80006922 (0x016bf997) auipc   s3, 0x16bf
core   0: 3 0x80006922 (0x016bf997) x19 0x816c5922
core   0: 0x80006926 (0x8a96b713) sltiu   a4, a3, -1879
core   0: 3 0x80006926 (0x8a96b713) x14 0x00000001
core   0: 0x8000692a (0x026a6263) bltu    s4, t1, pc + 36
core   0: 3 0x8000692a (0x026a6263)
core   0: 0x8000694e (0x0008afb3) slt     t6, a7, zero
core   0: 3 0x8000694e (0x0008afb3) x31 0x00000000
core   0: 0x80006952 (0x00000001) c.nop
core   0: 3 0x80006952 (0x0001)
core   0: 0x80006954 (0x9fcb7f17) auipc   t5, 0x9fcb7
core   0: 3 0x80006954 (0x9fcb7f17) x30 0x1fcbd954
core   0: 0x80006958 (0x00008c85) c.sub   s1, s1
core   0: 3 0x80006958 (0x8c85) x 9 0x00000000
core   0: 0x8000695a (0x00b11833) sll     a6, sp, a1
core   0: 3 0x8000695a (0x00b11833) x16 0x80029ce4
core   0: 0x8000695e (0x00008a96) c.mv    s5, t0
core   0: 3 0x8000695e (0x8a96) x21 0x00008000
core   0: 0x80006960 (0x00008745) c.srai  a4, 17
core   0: 3 0x80006960 (0x8745) x14 0x00000000
core   0: 0x80006962 (0x4137d633) sra     a2, a5, s3
core   0: 3 0x80006962 (0x4137d633) x12 0x00000000
core   0: 0x80006966 (0xc98efa93) andi    s5, t4, -872
core   0: 3 0x80006966 (0xc98efa93) x21 0xfffff808
core   0: 0x8000696a (0x84574193) xori    gp, a4, -1979
core   0: 3 0x8000696a (0x84574193) x 3 0xfffff845
core   0: 0x8000696e (0x03464933) div     s2, a2, s4
core   0: 3 0x8000696e (0x03464933) x18 0x00000000
core   0: 0x80006972 (0x007171b3) and     gp, sp, t2
core   0: 3 0x80006972 (0x007171b3) x 3 0x80000484
core   0: 0x80006976 (0x5ec04313) xori    t1, zero, 1516
core   0: 3 0x80006976 (0x5ec04313) x 6 0x000005ec
core   0: 0x8000697a (0x00000bc9) c.addi  s7, 18
core   0: 3 0x8000697a (0x0bc9) x23 0x80025e76
core   0: 0x8000697c (0x0000c3a9) c.beqz  a5, pc + 66
core   0: 3 0x8000697c (0xc3a9)
core   0: 0x800069be (0x41a15513) srai    a0, sp, 26
core   0: 3 0x800069be (0x41a15513) x10 0xffffffe0
core   0: 0x800069c2 (0x0023d193) srli    gp, t2, 2
core   0: 3 0x800069c2 (0x0023d193) x 3 0x20004125
core   0: 0x800069c6 (0x0203fdb3) remu    s11, t2, zero
core   0: 3 0x800069c6 (0x0203fdb3) x27 0x80010495
core   0: 0x800069ca (0x0000100f) fence.i
core   0: 3 0x800069ca (0x0000100f)
core   0: 0x800069ce (0x01272fb3) slt     t6, a4, s2
core   0: 3 0x800069ce (0x01272fb3) x31 0x00000000
core   0: 0x800069d2 (0x01e001b3) add     gp, zero, t5
core   0: 3 0x800069d2 (0x01e001b3) x 3 0x1fcbd954
core   0: 0x800069d6 (0x00008f05) c.sub   a4, s1
core   0: 3 0x800069d6 (0x8f05) x14 0x00000000
core   0: 0x800069d8 (0x8f218637) lui     a2, 0x8f218
core   0: 3 0x800069d8 (0x8f218637) x12 0x8f218000
core   0: 0x800069dc (0x401d5eb3) sra     t4, s10, ra
core   0: 3 0x800069dc (0x401d5eb3) x29 0x00000000
core   0: 0x800069e0 (0x0c9c0d13) addi    s10, s8, 201
core   0: 3 0x800069e0 (0x0c9c0d13) x26 0xd85bb988
core   0: 0x800069e4 (0x0333f563) bgeu    t2, s3, pc + 42
core   0: 3 0x800069e4 (0x0333f563)
core   0: 0x800069e8 (0x01de5193) srli    gp, t3, 29
core   0: 3 0x800069e8 (0x01de5193) x 3 0x00000000
core   0: 0x800069ec (0x06647897) auipc   a7, 0x6647
core   0: 3 0x800069ec (0x06647897) x17 0x8664d9ec
core   0: 0x800069f0 (0x00000ee6) c.slli  t4, 25
core   0: 3 0x800069f0 (0x0ee6) x29 0x00000000
core   0: 0x800069f2 (0x01bc8b33) add     s6, s9, s11
core   0: 3 0x800069f2 (0x01bc8b33) x22 0x9b92034f
core   0: 0x800069f6 (0x02b06b33) rem     s6, zero, a1
core   0: 3 0x800069f6 (0x02b06b33) x22 0x00000000
core   0: 0x800069fa (0x000060e5) c.lui   ra, 0x19
core   0: 3 0x800069fa (0x60e5) x 1 0x00019000
core   0: 0x800069fc (0x00004539) c.li    a0, 14
core   0: 3 0x800069fc (0x4539) x10 0x0000000e
core   0: 0x800069fe (0x0000e791) c.bnez  a5, pc + 12
core   0: 3 0x800069fe (0xe791)
core   0: 0x80006a00 (0x0088cd63) blt     a7, s0, pc + 26
core   0: 3 0x80006a00 (0x0088cd63)
core   0: 0x80006a1a (0x03c87f63) bgeu    a6, t3, pc + 62
core   0: 3 0x80006a1a (0x03c87f63)
core   0: 0x80006a58 (0x40448fb3) sub     t6, s1, tp
core   0: 3 0x80006a58 (0x40448fb3) x31 0x7ffd5f7a
core   0: 0x80006a5c (0x0000838d) c.srli  a5, 3
core   0: 3 0x80006a5c (0x838d) x15 0x00000000
core   0: 0x80006a5e (0x9837ab93) slti    s7, a5, -1661
core   0: 3 0x80006a5e (0x9837ab93) x23 0x00000000
core   0: 0x80006a62 (0x07a2e563) bltu    t0, s10, pc + 106
core   0: 3 0x80006a62 (0x07a2e563)
core   0: 0x80006acc (0x01879193) slli    gp, a5, 24
core   0: 3 0x80006acc (0x01879193) x 3 0x00000000
core   0: 0x80006ad0 (0x01568433) add     s0, a3, s5
core   0: 3 0x80006ad0 (0x01568433) x 8 0xfbfff808
core   0: 0x80006ad4 (0x02a5e833) rem     a6, a1, a0
core   0: 3 0x80006ad4 (0x02a5e833) x16 0xfffffffe
core   0: 0x80006ad8 (0x00000001) c.nop
core   0: 3 0x80006ad8 (0x0001)
core   0: 0x80006ada (0x01c45e63) bge     s0, t3, pc + 28
core   0: 3 0x80006ada (0x01c45e63)
core   0: 0x80006ade (0x00009a7d) c.andi  a2, -1
core   0: 3 0x80006ade (0x9a7d) x12 0x8f218000
core   0: 0x80006ae0 (0x00008f15) c.sub   a4, a3
core   0: 3 0x80006ae0 (0x8f15) x14 0x04000000
core   0: 0x80006ae2 (0x03947c33) remu    s8, s0, s9
core   0: 3 0x80006ae2 (0x03947c33) x24 0x03e7037e
core   0: 0x80006ae6 (0x0000836d) c.srli  a4, 27
core   0: 3 0x80006ae6 (0x836d) x14 0x00000000
core   0: 0x80006ae8 (0x000084bd) c.srai  s1, 15
core   0: 3 0x80006ae8 (0x84bd) x 9 0x00000000
core   0: 0x80006aea (0x00008f21) c.xor   a4, s0
core   0: 3 0x80006aea (0x8f21) x14 0xfbfff808
core   0: 0x80006aec (0x00008ee9) c.and   a3, a0
core   0: 3 0x80006aec (0x8ee9) x13 0x00000000
core   0: 0x80006aee (0x40bad033) sra     zero, s5, a1
core   0: 3 0x80006aee (0x40bad033)
core   0: 0x80006af2 (0x0263c1b3) div     gp, t2, t1
core   0: 3 0x80006af2 (0x0263c1b3) x 3 0xffea62cb
core   0: 0x80006af6 (0x0000c911) c.beqz  a0, pc + 20
core   0: 3 0x80006af6 (0xc911)
core   0: 0x80006af8 (0x0ff0000f) fence   iorw,iorw
core   0: 3 0x80006af8 (0x0ff0000f)
core   0: 0x80006afc (0x00001b7d) c.addi  s6, -1
core   0: 3 0x80006afc (0x1b7d) x22 0xffffffff
core   0: 0x80006afe (0x03db1d63) bne     s6, t4, pc + 58
core   0: 3 0x80006afe (0x03db1d63)
core   0: 0x80006b38 (0x00c4fdb3) and     s11, s1, a2
core   0: 3 0x80006b38 (0x00c4fdb3) x27 0x00000000
core   0: 0x80006b3c (0x003ca533) slt     a0, s9, gp
core   0: 3 0x80006b3c (0x003ca533) x10 0x00000000
core   0: 0x80006b40 (0xf5587f13) andi    t5, a6, -171
core   0: 3 0x80006b40 (0xf5587f13) x30 0xffffff54
core   0: 0x80006b44 (0x00875033) srl     zero, a4, s0
core   0: 3 0x80006b44 (0x00875033)
core   0: 0x80006b48 (0x0ff0000f) fence   iorw,iorw
core   0: 3 0x80006b48 (0x0ff0000f)
core   0: 0x80006b4c (0xe24d4693) xori    a3, s10, -476
core   0: 3 0x80006b4c (0xe24d4693) x13 0x27a447ac
core   0: 0x80006b50 (0x0ff0000f) fence   iorw,iorw
core   0: 3 0x80006b50 (0x0ff0000f)
core   0: 0x80006b54 (0x00199193) slli    gp, s3, 1
core   0: 3 0x80006b54 (0x00199193) x 3 0x02d8b244
core   0: 0x80006b58 (0x0086d493) srli    s1, a3, 8
core   0: 3 0x80006b58 (0x0086d493) x 9 0x0027a447
core   0: 0x80006b5c (0x028fe533) rem     a0, t6, s0
core   0: 3 0x80006b5c (0x028fe533) x10 0x03fc6872
core   0: 0x80006b60 (0x03d66933) rem     s2, a2, t4
core   0: 3 0x80006b60 (0x03d66933) x18 0x8f218000
core   0: 0x80006b64 (0x00def563) bgeu    t4, a3, pc + 10
core   0: 3 0x80006b64 (0x00def563)
core   0: 0x80006b68 (0x0000029e) c.slli  t0, 7
core   0: 3 0x80006b68 (0x029e) x 5 0x00400000
core   0: 0x80006b6a (0x025887b3) mul     a5, a7, t0
core   0: 3 0x80006b6a (0x025887b3) x15 0x7b000000
core   0: 0x80006b6e (0x00d27233) and     tp, tp, a3
core   0: 3 0x80006b6e (0x00d27233) x 4 0x00000084
core   0: 0x80006b72 (0x019e0933) add     s2, t3, s9
core   0: 3 0x80006b72 (0x019e0933) x18 0x1b90feba
core   0: 0x80006b76 (0x00cb9413) slli    s0, s7, 12
core   0: 3 0x80006b76 (0x00cb9413) x 8 0x00000000
core   0: 0x80006b7a (0x03535363) bge     t1, s5, pc + 38
core   0: 3 0x80006b7a (0x03535363)
core   0: 0x80006ba0 (0x00000001) c.nop
core   0: 3 0x80006ba0 (0x0001)
core   0: 0x80006ba2 (0x035cdc33) divu    s8, s9, s5
core   0: 3 0x80006ba2 (0x035cdc33) x24 0x00000000
core   0: 0x80006ba6 (0x000093be) c.add   t2, a5
core   0: 3 0x80006ba6 (0x93be) x 7 0xfb010495
core   0: 0x80006ba8 (0x033d06b3) mul     a3, s10, s3
core   0: 3 0x80006ba8 (0x033d06b3) x13 0x6d0eec10
core   0: 0x80006bac (0x000013fd) c.addi  t2, -1
core   0: 3 0x80006bac (0x13fd) x 7 0xfb010494
core   0: 0x80006bae (0x0000974a) c.add   a4, s2
core   0: 3 0x80006bae (0x974a) x14 0x1790f6c2
core   0: 0x80006bb0 (0x0000c90d) c.beqz  a0, pc + 50
core   0: 3 0x80006bb0 (0xc90d)
core   0: 0x80006bb2 (0x0162da63) bge     t0, s6, pc + 20
core   0: 3 0x80006bb2 (0x0162da63)
core   0: 0x80006bc6 (0x421ec493) xori    s1, t4, 1057
core   0: 3 0x80006bc6 (0x421ec493) x 9 0x00000421
core   0: 0x80006bca (0x01d1e4b3) or      s1, gp, t4
core   0: 3 0x80006bca (0x01d1e4b3) x 9 0x02d8b244
core   0: 0x80006bce (0x99a64513) xori    a0, a2, -1638
core   0: 3 0x80006bce (0x99a64513) x10 0x70de799a
core   0: 0x80006bd2 (0x01ba6433) or      s0, s4, s11
core   0: 3 0x80006bd2 (0x01ba6433) x 8 0x80025e64
core   0: 0x80006bd6 (0x01fc9863) bne     s9, t6, pc + 16
core   0: 3 0x80006bd6 (0x01fc9863)
core   0: 0x80006be6 (0x03f937b3) mulhu   a5, s2, t6
core   0: 3 0x80006be6 (0x03f937b3) x15 0x0dc836f1
core   0: 0x80006bea (0x40ea58b3) sra     a7, s4, a4
core   0: 3 0x80006bea (0x40ea58b3) x17 0xe0009799
core   0: 0x80006bee (0x00c9dd63) bge     s3, a2, pc + 26
core   0: 3 0x80006bee (0x00c9dd63)
core   0: 0x80006bf2 (0x40ad06b3) sub     a3, s10, a0
core   0: 3 0x80006bf2 (0x40ad06b3) x13 0x677d3fee
core   0: 0x80006bf6 (0x03008c63) beq     ra, a6, pc + 56
core   0: 3 0x80006bf6 (0x03008c63)
core   0: 0x80006bfa (0xfc20f993) andi    s3, ra, -62
core   0: 3 0x80006bfa (0xfc20f993) x19 0x00019000
core   0: 0x80006bfe (0xfd13eb37) lui     s6, 0xfd13e
core   0: 3 0x80006bfe (0xfd13eb37) x22 0xfd13e000
core   0: 0x80006c02 (0x0000e51d) c.bnez  a0, pc + 46
core   0: 3 0x80006c02 (0xe51d)
core   0: 0x80006c30 (0x0329b833) mulhu   a6, s3, s2
core   0: 3 0x80006c30 (0x0329b833) x16 0x00002b12
core   0: 0x80006c34 (0x411dd233) sra     tp, s11, a7
core   0: 3 0x80006c34 (0x411dd233) x 4 0x00000000
core   0: 0x80006c38 (0x40dfde33) sra     t3, t6, a3
core   0: 3 0x80006c38 (0x40dfde33) x28 0x0001fff5
core   0: 0x80006c3c (0x41bbd6b3) sra     a3, s7, s11
core   0: 3 0x80006c3c (0x41bbd6b3) x13 0x00000000
core   0: 0x80006c40 (0x0000e919) c.bnez  a0, pc + 22
core   0: 3 0x80006c40 (0xe919)
core   0: 0x80006c56 (0x00008e55) c.or    a2, a3
core   0: 3 0x80006c56 (0x8e55) x12 0x8f218000
core   0: 0x80006c58 (0x004b16b3) sll     a3, s6, tp
core   0: 3 0x80006c58 (0x004b16b3) x13 0xfd13e000
core   0: 0x80006c5c (0x02d5a8b3) mulhsu  a7, a1, a3
core   0: 3 0x80006c5c (0x02d5a8b3) x17 0x81761000
core   0: 0x80006c60 (0x01e9e0b3) or      ra, s3, t5
core   0: 3 0x80006c60 (0x01e9e0b3) x 1 0xffffff54
core   0: 0x80006c64 (0x000091be) c.add   gp, a5
core   0: 3 0x80006c64 (0x91be) x 3 0x10a0e935
core   0: 0x80006c66 (0x022e5263) bge     t3, sp, pc + 36
core   0: 3 0x80006c66 (0x022e5263)
core   0: 0x80006c8a (0x039a9c63) bne     s5, s9, pc + 56
core   0: 3 0x80006c8a (0x039a9c63)
core   0: 0x80006cc2 (0x02788fb3) mul     t6, a7, t2
core   0: 3 0x80006cc2 (0x02788fb3) x31 0xc0814000
core   0: 0x80006cc6 (0x41995cb3) sra     s9, s2, s9
core   0: 3 0x80006cc6 (0x41995cb3) x25 0x00000006
core   0: 0x80006cca (0x033fe2b3) rem     t0, t6, s3
core   0: 3 0x80006cca (0x033fe2b3) x 5 0xfffff000
core   0: 0x80006cce (0x000064ed) c.lui   s1, 0x1b
core   0: 3 0x80006cce (0x64ed) x 9 0x0001b000
core   0: 0x80006cd0 (0x011b0bb3) add     s7, s6, a7
core   0: 3 0x80006cd0 (0x011b0bb3) x23 0x7e89f000
core   0: 0x80006cd4 (0x000083f1) c.srli  a5, 28
core   0: 3 0x80006cd4 (0x83f1) x15 0x00000000
core   0: 0x80006cd6 (0x0ff0000f) fence   iorw,iorw
core   0: 3 0x80006cd6 (0x0ff0000f)
core   0: 0x80006cda (0x54e4ab13) slti    s6, s1, 1358
core   0: 3 0x80006cda (0x54e4ab13) x22 0x00000000
core   0: 0x80006cde (0x00008cd9) c.or    s1, a4
core   0: 3 0x80006cde (0x8cd9) x 9 0x1791f6c2
core   0: 0x80006ce0 (0xd482e393) ori     t2, t0, -696
core   0: 3 0x80006ce0 (0xd482e393) x 7 0xfffffd48
core   0: 0x80006ce4 (0xbadcba93) sltiu   s5, s9, -1107
core   0: 3 0x80006ce4 (0xbadcba93) x21 0x00000001
core   0: 0x80006ce8 (0x21b08893) addi    a7, ra, 539
core   0: 3 0x80006ce8 (0x21b08893) x17 0x0000016f
core   0: 0x80006cec (0x00a15233) srl     tp, sp, a0
core   0: 3 0x80006cec (0x00a15233) x 4 0x00000020
core   0: 0x80006cf0 (0x01cbcf63) blt     s7, t3, pc + 30
core   0: 3 0x80006cf0 (0x01cbcf63)
core   0: 0x80006cf4 (0x0000e519) c.bnez  a0, pc + 14
core   0: 3 0x80006cf4 (0xe519)
core   0: 0x80006d02 (0x030adf63) bge     s5, a6, pc + 62
core   0: 3 0x80006d02 (0x030adf63)
core   0: 0x80006d06 (0x01965333) srl     t1, a2, s9
core   0: 3 0x80006d06 (0x01965333) x 6 0x023c8600
core   0: 0x80006d0a (0x0000095e) c.slli  s2, 23
core   0: 3 0x80006d0a (0x095e) x18 0x5d000000
core   0: 0x80006d0c (0x00008e69) c.and   a2, a0
core   0: 3 0x80006d0c (0x8e69) x12 0x00000000
core   0: 0x80006d0e (0x15333513) sltiu   a0, t1, 339
core   0: 3 0x80006d0e (0x15333513) x10 0x00000000
core   0: 0x80006d12 (0x01cb83b3) add     t2, s7, t3
core   0: 3 0x80006d12 (0x01cb83b3) x 7 0x7e8beff5
core   0: 0x80006d16 (0x0204c563) bltz    s1, pc + 42
core   0: 3 0x80006d16 (0x0204c563)
core   0: 0x80006d1a (0x00000001) c.nop
core   0: 3 0x80006d1a (0x0001)
core   0: 0x80006d1c (0x00009afd) c.andi  a3, -1
core   0: 3 0x80006d1c (0x9afd) x13 0xfd13e000
core   0: 0x80006d1e (0x0ff0000f) fence   iorw,iorw
core   0: 3 0x80006d1e (0x0ff0000f)
core   0: 0x80006d22 (0x0159d913) srli    s2, s3, 21
core   0: 3 0x80006d22 (0x0159d913) x18 0x00000000
core   0: 0x80006d26 (0x00bc5733) srl     a4, s8, a1
core   0: 3 0x80006d26 (0x00bc5733) x14 0x00000000
core   0: 0x80006d2a (0x02d276b3) remu    a3, tp, a3
core   0: 3 0x80006d2a (0x02d276b3) x13 0x00000020
core   0: 0x80006d2e (0x1de66e93) ori     t4, a2, 478
core   0: 3 0x80006d2e (0x1de66e93) x29 0x000001de
core   0: 0x80006d32 (0x0ff0000f) fence   iorw,iorw
core   0: 3 0x80006d32 (0x0ff0000f)
core   0: 0x80006d36 (0x0310d433) divu    s0, ra, a7
core   0: 3 0x80006d36 (0x0310d433) x 8 0x00b2927b
core   0: 0x80006d3a (0x11010893) addi    a7, sp, 272
core   0: 3 0x80006d3a (0x11010893) x17 0x80029df4
core   0: 0x80006d3e (0x00000dfd) c.addi  s11, 31
core   0: 3 0x80006d3e (0x0dfd) x27 0x0000001f
core   0: 0x80006d40 (0x01956533) or      a0, a0, s9
core   0: 3 0x80006d40 (0x01956533) x10 0x00000006
core   0: 0x80006d44 (0x000062ad) c.lui   t0, 0xb
core   0: 3 0x80006d44 (0x62ad) x 5 0x0000b000
core   0: 0x80006d46 (0x41248db3) sub     s11, s1, s2
core   0: 3 0x80006d46 (0x41248db3) x27 0x1791f6c2
core   0: 0x80006d4a (0x01dd4333) xor     t1, s10, t4
core   0: 3 0x80006d4a (0x01dd4333) x 6 0xd85bb856
core   0: 0x80006d4e (0x0115a033) slt     zero, a1, a7
core   0: 3 0x80006d4e (0x0115a033)
core   0: 0x80006d52 (0x0167f2b3) and     t0, a5, s6
core   0: 3 0x80006d52 (0x0167f2b3) x 5 0x00000000
core   0: 0x80006d56 (0x00000e36) c.slli  t3, 13
core   0: 3 0x80006d56 (0x0e36) x28 0x3ffea000
core   0: 0x80006d58 (0x0060de33) srl     t3, ra, t1
core   0: 3 0x80006d58 (0x0060de33) x28 0x000003ff
core   0: 0x80006d5c (0x00008f85) c.sub   a5, s1
core   0: 3 0x80006d5c (0x8f85) x15 0xe86e093e
core   0: 0x80006d5e (0x015d81b3) add     gp, s11, s5
core   0: 3 0x80006d5e (0x015d81b3) x 3 0x1791f6c3
core   0: 0x80006d62 (0x60fdfc93) andi    s9, s11, 1551
core   0: 3 0x80006d62 (0x60fdfc93) x25 0x00000602
core   0: 0x80006d66 (0x000083be) c.mv    t2, a5
core   0: 3 0x80006d66 (0x83be) x 7 0xe86e093e
core   0: 0x80006d68 (0x000010fd) c.addi  ra, -1
core   0: 3 0x80006d68 (0x10fd) x 1 0xffffff53
core   0: 0x80006d6a (0x0ff0000f) fence   iorw,iorw
core   0: 3 0x80006d6a (0x0ff0000f)
core   0: 0x80006d6e (0x0000a6b3) slt     a3, ra, zero
core   0: 3 0x80006d6e (0x0000a6b3) x13 0x00000001
core   0: 0x80006d72 (0x004000b3) add     ra, zero, tp
core   0: 3 0x80006d72 (0x004000b3) x 1 0x00000020
core   0: 0x80006d76 (0x03b9ed63) bltu    s3, s11, pc + 58
core   0: 3 0x80006d76 (0x03b9ed63)
core   0: 0x80006db0 (0x01235833) srl     a6, t1, s2
core   0: 3 0x80006db0 (0x01235833) x16 0xd85bb856
core   0: 0x80006db4 (0x960be493) ori     s1, s7, -1696
core   0: 3 0x80006db4 (0x960be493) x 9 0xfffff960
core   0: 0x80006db8 (0x00ca8c33) add     s8, s5, a2
core   0: 3 0x80006db8 (0x00ca8c33) x24 0x00000001
core   0: 0x80006dbc (0x032e3eb3) mulhu   t4, t3, s2
core   0: 3 0x80006dbc (0x032e3eb3) x29 0x00000000
core   0: 0x80006dc0 (0x414c8fb3) sub     t6, s9, s4
core   0: 3 0x80006dc0 (0x414c8fb3) x31 0x7ffda79e
core   0: 0x80006dc4 (0x003b1493) slli    s1, s6, 3
core   0: 3 0x80006dc4 (0x003b1493) x 9 0x00000000
core   0: 0x80006dc8 (0x0108d7b3) srl     a5, a7, a6
core   0: 3 0x80006dc8 (0x0108d7b3) x15 0x00000200
core   0: 0x80006dcc (0x01949e33) sll     t3, s1, s9
core   0: 3 0x80006dcc (0x01949e33) x28 0x00000000
core   0: 0x80006dd0 (0x41cd5633) sra     a2, s10, t3
core   0: 3 0x80006dd0 (0x41cd5633) x12 0xd85bb988
core   0: 0x80006dd4 (0xa9ec4c93) xori    s9, s8, -1378
core   0: 3 0x80006dd4 (0xa9ec4c93) x25 0xfffffa9f
core   0: 0x80006dd8 (0x01725ab3) srl     s5, tp, s7
core   0: 3 0x80006dd8 (0x01725ab3) x21 0x00000020
core   0: 0x80006ddc (0x4a362213) slti    tp, a2, 1187
core   0: 3 0x80006ddc (0x4a362213) x 4 0x00000001
core   0: 0x80006de0 (0x40e4d293) srai    t0, s1, 14
core   0: 3 0x80006de0 (0x40e4d293) x 5 0x00000000
core   0: 0x80006de4 (0x03b38363) beq     t2, s11, pc + 38
core   0: 3 0x80006de4 (0x03b38363)
core   0: 0x80006de8 (0x45030c13) addi    s8, t1, 1104
core   0: 3 0x80006de8 (0x45030c13) x24 0xd85bbca6
core   0: 0x80006dec (0x00009636) c.add   a2, a3
core   0: 3 0x80006dec (0x9636) x12 0xd85bb989
core   0: 0x80006dee (0x000001ca) c.slli  gp, 18
core   0: 3 0x80006dee (0x01ca) x 3 0xdb0c0000
core   0: 0x80006df0 (0x016d4263) blt     s10, s6, pc + 4
core   0: 3 0x80006df0 (0x016d4263)
core   0: 0x80006df4 (0x00008e9a) c.mv    t4, t1
core   0: 3 0x80006df4 (0x8e9a) x29 0xd85bb856
core   0: 0x80006df6 (0x03f5f4b3) remu    s1, a1, t6
core   0: 3 0x80006df6 (0x03f5f4b3) x 9 0x00025862
core   0: 0x80006dfa (0x02f6a0b3) mulhsu  ra, a3, a5
core   0: 3 0x80006dfa (0x02f6a0b3) x 1 0x00000000
core   0: 0x80006dfe (0x400f5693) srai    a3, t5, 0
core   0: 3 0x80006dfe (0x400f5693) x13 0xffffff54
core   0: 0x80006e02 (0x0008ef93) ori     t6, a7, 0
core   0: 3 0x80006e02 (0x0008ef93) x31 0x80029df4
core   0: 0x80006e06 (0x01ebadb3) slt     s11, s7, t5
core   0: 3 0x80006e06 (0x01ebadb3) x27 0x00000000
core   0: 0x80006e0a (0xc688c013) xori    zero, a7, -920
core   0: 3 0x80006e0a (0xc688c013)
core   0: 0x80006e0e (0x10b14563) blt     sp, a1, pc + 266
core   0: 3 0x80006e0e (0x10b14563)
core   0: 0x80006e12 (0x00001f7d) c.addi  t5, -1
core   0: 3 0x80006e12 (0x1f7d) x30 0xffffff53
core   0: 0x80006e14 (0x00100493) li      s1, 1
core   0: 3 0x80006e14 (0x00100493) x 9 0x00000001
core   0: 0x80006e18 (0x00000001) c.nop
core   0: 3 0x80006e18 (0x0001)
core   0: 0x80006e1a (0x00001efd) c.addi  t4, -1
core   0: 3 0x80006e1a (0x1efd) x29 0xd85bb855
core   0: 0x80006e1c (0x5ec13437) lui     s0, 0x5ec13
core   0: 3 0x80006e1c (0x5ec13437) x 8 0x5ec13000
core   0: 0x80006e20 (0x000014fd) c.addi  s1, -1
core   0: 3 0x80006e20 (0x14fd) x 9 0x00000000
core   0: 0x80006e22 (0x03f76ab3) rem     s5, a4, t6
core   0: 3 0x80006e22 (0x03f76ab3) x21 0x00000000
core   0: 0x80006e26 (0xffb00793) li      a5, -5
core   0: 3 0x80006e26 (0xffb00793) x15 0xfffffffb
core   0: 0x80006e2a (0x0114ebb3) or      s7, s1, a7
core   0: 3 0x80006e2a (0x0114ebb3) x23 0x80029df4
core   0: 0x80006e2e (0xff300e13) li      t3, -13
core   0: 3 0x80006e2e (0xff300e13) x28 0xfffffff3
core   0: 0x80006e32 (0x00008e99) c.sub   a3, a4
core   0: 3 0x80006e32 (0x8e99) x13 0xffffff54
core   0: 0x80006e34 (0x23d0e913) ori     s2, ra, 573
core   0: 3 0x80006e34 (0x23d0e913) x18 0x0000023d
core   0: 0x80006e38 (0x407c5c33) sra     s8, s8, t2
core   0: 3 0x80006e38 (0x407c5c33) x24 0xffffffff
core   0: 0x80006e3c (0x00004361) c.li    t1, 24
core   0: 3 0x80006e3c (0x4361) x 6 0x00000018
core   0: 0x80006e3e (0x000017e1) c.addi  a5, -8
core   0: 3 0x80006e3e (0x17e1) x15 0xfffffff3
core   0: 0x80006e40 (0xffc789e3) beq     a5, t3, pc - 14
core   0: 3 0x80006e40 (0xffc789e3)
core   0: 0x80006e32 (0x00008e99) c.sub   a3, a4
core   0: 3 0x80006e32 (0x8e99) x13 0xffffff54
core   0: 0x80006e34 (0x23d0e913) ori     s2, ra, 573
core   0: 3 0x80006e34 (0x23d0e913) x18 0x0000023d
core   0: 0x80006e38 (0x407c5c33) sra     s8, s8, t2
core   0: 3 0x80006e38 (0x407c5c33) x24 0xffffffff
core   0: 0x80006e3c (0x00004361) c.li    t1, 24
core   0: 3 0x80006e3c (0x4361) x 6 0x00000018
core   0: 0x80006e3e (0x000017e1) c.addi  a5, -8
core   0: 3 0x80006e3e (0x17e1) x15 0xffffffeb
core   0: 0x80006e40 (0xffc789e3) beq     a5, t3, pc - 14
core   0: 3 0x80006e40 (0xffc789e3)
core   0: 0x80006e44 (0x03ea06b3) mul     a3, s4, t5
core   0: 3 0x80006e44 (0x03ea06b3) x13 0x7e66366c
core   0: 0x80006e48 (0x6f656697) auipc   a3, 0x6f656
core   0: 3 0x80006e48 (0x6f656697) x13 0xef65ce48
core   0: 0x80006e4c (0x0000f8e1) c.bnez  s1, pc - 48
core   0: 3 0x80006e4c (0xf8e1)
core   0: 0x80006e4e (0xa4820313) addi    t1, tp, -1464
core   0: 3 0x80006e4e (0xa4820313) x 6 0xfffffa49
core   0: 0x80006e52 (0x02edb833) mulhu   a6, s11, a4
core   0: 3 0x80006e52 (0x02edb833) x16 0x00000000
core   0: 0x80006e56 (0x400c8e33) sub     t3, s9, zero
core   0: 3 0x80006e56 (0x400c8e33) x28 0xfffffa9f
core   0: 0x80006e5a (0x00008c4d) c.or    s0, a1
core   0: 3 0x80006e5a (0x8c4d) x 8 0xdec13000
core   0: 0x80006e5c (0x0000100f) fence.i
core   0: 3 0x80006e5c (0x0000100f)
core   0: 0x80006e60 (0x0265c0b3) div     ra, a1, t1
core   0: 3 0x80006e60 (0x0265c0b3) x 1 0x001665d7
core   0: 0x80006e64 (0x00008211) c.srli  a2, 4
core   0: 3 0x80006e64 (0x8211) x12 0x0d85bb98
core   0: 0x80006e66 (0x033e3433) mulhu   s0, t3, s3
core   0: 3 0x80006e66 (0x033e3433) x 8 0x00018fff
core   0: 0x80006e6a (0x00008936) c.mv    s2, a3
core   0: 3 0x80006e6a (0x8936) x18 0xef65ce48
core   0: 0x80006e6c (0x025313b3) mulh    t2, t1, t0
core   0: 3 0x80006e6c (0x025313b3) x 7 0x00000000
core   0: 0x80006e70 (0x0001ae97) auipc   t4, 0x1a
core   0: 3 0x80006e70 (0x0001ae97) x29 0x80020e70
core   0: 0x80006e74 (0xc1ee8e93) addi    t4, t4, -994
core   0: 3 0x80006e74 (0xc1ee8e93) x29 0x80020a8e
core   0: 0x80006e78 (0x00015797) auipc   a5, 0x15
core   0: 3 0x80006e78 (0x00015797) x15 0x8001be78
core   0: 0x80006e7c (0x1c778793) addi    a5, a5, 455
core   0: 3 0x80006e7c (0x1c778793) x15 0x8001c03f
core   0: 0x80006e80 (0x00013997) auipc   s3, 0x13
core   0: 3 0x80006e80 (0x00013997) x19 0x80019e80
core   0: 0x80006e84 (0x55198993) addi    s3, s3, 1361
core   0: 3 0x80006e84 (0x55198993) x19 0x8001a3d1
core   0: 0x80006e88 (0x01578c83) lb      s9, 21(a5)
core   0: 3 0x80006e88 (0x01578c83) x25 0x0000000f mem 0x8001c054
core   0: 0x80006e8c (0x56d98f23) sb      a3, 1406(s3)
core   0: 3 0x80006e8c (0x56d98f23) mem 0x8001a94f 0x48
core   0: 0x80006e90 (0xff17d503) lhu     a0, -15(a5)
core   0: 3 0x80006e90 (0xff17d503) x10 0x0000eaeb mem 0x8001c030
core   0: 0x80006e94 (0x1fe993a3) sh      t5, 487(s3)
core   0: 3 0x80006e94 (0x1fe993a3) mem 0x8001a5b8 0xff53
core   0: 0x80006e98 (0x0001ab17) auipc   s6, 0x1a
core   0: 3 0x80006e98 (0x0001ab17) x22 0x80020e98
core   0: 0x80006e9c (0xb07b0b13) addi    s6, s6, -1273
core   0: 3 0x80006e9c (0xb07b0b13) x22 0x8002099f
core   0: 0x80006ea0 (0xfe0e8da3) sb      zero, -5(t4)
core   0: 3 0x80006ea0 (0xfe0e8da3) mem 0x80020a89 0x0
core   0: 0x80006ea4 (0xfffe8703) lb      a4, -1(t4)
core   0: 3 0x80006ea4 (0xfffe8703) x14 0x00000046 mem 0x80020a8d
core   0: 0x80006ea8 (0xff2e8923) sb      s2, -14(t4)
core   0: 3 0x80006ea8 (0xff2e8923) mem 0x80020a80 0x48
core   0: 0x80006eac (0xe039da83) lhu     s5, -509(s3)
core   0: 3 0x80006eac (0xe039da83) x21 0x00008e8f mem 0x8001a1d4
core   0: 0x80006eb0 (0x007ec183) lbu     gp, 7(t4)
core   0: 3 0x80006eb0 (0x007ec183) x 3 0x0000004e mem 0x80020a95
core   0: 0x80006eb4 (0xfe278b23) sb      sp, -10(a5)
core   0: 3 0x80006eb4 (0xfe278b23) mem 0x8001c035 0xe4
core   0: 0x80006eb8 (0xff9ec203) lbu     tp, -7(t4)
core   0: 3 0x80006eb8 (0xff9ec203) x 4 0x0000003c mem 0x80020a87
core   0: 0x80006ebc (0xffb98d23) sb      s11, -6(s3)
core   0: 3 0x80006ebc (0xffb98d23) mem 0x8001a3cb 0x0
core   0: 0x80006ec0 (0xfe0e8da3) sb      zero, -5(t4)
core   0: 3 0x80006ec0 (0xfe0e8da3) mem 0x80020a89 0x0
core   0: 0x80006ec4 (0x0127cf83) lbu     t6, 18(a5)
core   0: 3 0x80006ec4 (0x0127cf83) x31 0x0000000a mem 0x8001c051
core   0: 0x80006ec8 (0x38d992a3) sh      a3, 901(s3)
core   0: 3 0x80006ec8 (0x38d992a3) mem 0x8001a756 0xce48
core   0: 0x80006ecc (0xb62b4f83) lbu     t6, -1182(s6)
core   0: 3 0x80006ecc (0xb62b4f83) x31 0x000000ba mem 0x80020501
core   0: 0x80006ed0 (0xfc19c903) lbu     s2, -63(s3)
core   0: 3 0x80006ed0 (0xfc19c903) x18 0x00000049 mem 0x8001a392
core   0: 0x80006ed4 (0x000e9803) lh      a6, 0(t4)
core   0: 3 0x80006ed4 (0x000e9803) x16 0x00004445 mem 0x80020a8e
core   0: 0x80006ed8 (0xe62b05a3) sb      sp, -405(s6)
core   0: 3 0x80006ed8 (0xe62b05a3) mem 0x8002080a 0xe4
core   0: 0x80006edc (0x01a7c703) lbu     a4, 26(a5)
core   0: 3 0x80006edc (0x01a7c703) x14 0x00000012 mem 0x8001c059
core   0: 0x80006ee0 (0x82e99ea3) sh      a4, -1987(s3)
core   0: 3 0x80006ee0 (0x82e99ea3) mem 0x80019c0e 0x0012
core   0: 0x80006ee4 (0xfdd7ad83) lw      s11, -35(a5)
core   0: 3 0x80006ee4 (0xfdd7ad83) x27 0xd4d5d6d7 mem 0x8001c01c
core   0: 0x80006ee8 (0xffde8683) lb      a3, -3(t4)
core   0: 3 0x80006ee8 (0xffde8683) x13 0x00000040 mem 0x80020a8b
core   0: 0x80006eec (0xc7eb4003) lbu     zero, -898(s6)
core   0: 3 0x80006eec (0xc7eb4003) mem 0x8002061d
core   0: 0x80006ef0 (0x20498f83) lb      t6, 516(s3)
core   0: 3 0x80006ef0 (0x20498f83) x31 0xffffff8e mem 0x8001a5d5
core   0: 0x80006ef4 (0x4d1b1da3) sh      a7, 1243(s6)
core   0: 3 0x80006ef4 (0x4d1b1da3) mem 0x80020e7a 0x9df4
core   0: 0x80006ef8 (0xfea78923) sb      a0, -14(a5)
core   0: 3 0x80006ef8 (0xfea78923) mem 0x8001c031 0xeb
core   0: 0x80006efc (0xad999ea3) sh      s9, -1315(s3)
core   0: 3 0x80006efc (0xad999ea3) mem 0x80019eae 0x000f
core   0: 0x80006f00 (0xff2ecc83) lbu     s9, -14(t4)
core   0: 3 0x80006f00 (0xff2ecc83) x25 0x00000048 mem 0x80020a80
core   0: 0x80006f04 (0x288b01a3) sb      s0, 643(s6)
core   0: 3 0x80006f04 (0x288b01a3) mem 0x80020c22 0xff
core   0: 0x80006f08 (0x00008aa5) c.andi  a3, 9
core   0: 3 0x80006f08 (0x8aa5) x13 0x00000000
core   0: 0x80006f0a (0x007377b3) and     a5, t1, t2
core   0: 3 0x80006f0a (0x007377b3) x15 0x00000000
core   0: 0x80006f0e (0x007dc663) blt     s11, t2, pc + 12
core   0: 3 0x80006f0e (0x007dc663)
core   0: 0x80006f1a (0x0000026e) c.slli  tp, 27
core   0: 3 0x80006f1a (0x026e) x 4 0xe0000000
core   0: 0x80006f1c (0x00008862) c.mv    a6, s8
core   0: 3 0x80006f1c (0x8862) x16 0xffffffff
core   0: 0x80006f1e (0x40810fb3) sub     t6, sp, s0
core   0: 3 0x80006f1e (0x40810fb3) x31 0x80010ce5
core   0: 0x80006f22 (0x00008c19) c.sub   s0, a4
core   0: 3 0x80006f22 (0x8c19) x 8 0x00018fed
core   0: 0x80006f24 (0x036cf463) bgeu    s9, s6, pc + 40
core   0: 3 0x80006f24 (0x036cf463)
core   0: 0x80006f28 (0x00ad44b3) xor     s1, s10, a0
core   0: 3 0x80006f28 (0x00ad44b3) x 9 0xd85b5363
core   0: 0x80006f2c (0x003dd733) srl     a4, s11, gp
core   0: 3 0x80006f2c (0x003dd733) x14 0x00035357
core   0: 0x80006f30 (0x00008e95) c.sub   a3, a3
core   0: 3 0x80006f30 (0x8e95) x13 0x00000000
core   0: 0x80006f32 (0x41448633) sub     a2, s1, s4
core   0: 3 0x80006f32 (0x41448633) x12 0x5858f4ff
core   0: 0x80006f36 (0x03e8a833) mulhsu  a6, a7, t5
core   0: 3 0x80006f36 (0x03e8a833) x16 0x80029e4a
core   0: 0x80006f3a (0x40085233) sra     tp, a6, zero
core   0: 3 0x80006f3a (0x40085233) x 4 0x80029e4a
core   0: 0x80006f3e (0x297d3a93) sltiu   s5, s10, 663
core   0: 3 0x80006f3e (0x297d3a93) x21 0x00000000
core   0: 0x80006f42 (0x033fdf63) bge     t6, s3, pc + 62
core   0: 3 0x80006f42 (0x033fdf63)
core   0: 0x80006f46 (0x000069dd) c.lui   s3, 0x17
core   0: 3 0x80006f46 (0x69dd) x19 0x00017000
core   0: 0x80006f48 (0xcfcfc217) auipc   tp, 0xcfcfc
core   0: 3 0x80006f48 (0xcfcfc217) x 4 0x4fd02f48
core   0: 0x80006f4c (0x033cc233) div     tp, s9, s3
core   0: 3 0x80006f4c (0x033cc233) x 4 0x00000000
core   0: 0x80006f50 (0x8f50c993) xori    s3, ra, -1803
core   0: 3 0x80006f50 (0x8f50c993) x19 0xffe99d22
core   0: 0x80006f54 (0x023b9933) mulh    s2, s7, gp
core   0: 3 0x80006f54 (0x023b9933) x18 0xffffffd9
core   0: 0x80006f58 (0x00008646) c.mv    a2, a7
core   0: 3 0x80006f58 (0x8646) x12 0x80029df4
core   0: 0x80006f5a (0x00159e13) slli    t3, a1, 1
core   0: 3 0x80006f5a (0x00159e13) x28 0x00000000
core   0: 0x80006f5e (0x0000100f) fence.i
core   0: 3 0x80006f5e (0x0000100f)
core   0: 0x80006f62 (0x00008f21) c.xor   a4, s0
core   0: 3 0x80006f62 (0x8f21) x14 0x0002dcba
core   0: 0x80006f64 (0x004a62b3) or      t0, s4, tp
core   0: 3 0x80006f64 (0x004a62b3) x 5 0x80025e64
core   0: 0x80006f68 (0xc7e27693) andi    a3, tp, -898
core   0: 3 0x80006f68 (0xc7e27693) x13 0x00000000
core   0: 0x80006f6c (0x0000e115) c.bnez  a0, pc + 36
core   0: 3 0x80006f6c (0xe115)
core   0: 0x80006f90 (0x00008f99) c.sub   a5, a4
core   0: 3 0x80006f90 (0x8f99) x15 0xfffd2346
core   0: 0x80006f92 (0x537a7093) andi    ra, s4, 1335
core   0: 3 0x80006f92 (0x537a7093) x 1 0x00000424
core   0: 0x80006f96 (0x030011b3) mulh    gp, zero, a6
core   0: 3 0x80006f96 (0x030011b3) x 3 0x00000000
core   0: 0x80006f9a (0x00000001) c.nop
core   0: 3 0x80006f9a (0x0001)
core   0: 0x80006f9c (0xaf7c1997) auipc   s3, 0xaf7c1
core   0: 3 0x80006f9c (0xaf7c1997) x19 0x2f7c7f9c
core   0: 0x80006fa0 (0x056d4063) blt     s10, s6, pc + 64
core   0: 3 0x80006fa0 (0x056d4063)
core   0: 0x80006fa4 (0x00006e49) c.lui   t3, 0x12
core   0: 3 0x80006fa4 (0x6e49) x28 0x00012000
core   0: 0x80006fa6 (0xea43eb93) ori     s7, t2, -348
core   0: 3 0x80006fa6 (0xea43eb93) x23 0xfffffea4
core   0: 0x80006faa (0x00008f85) c.sub   a5, s1
core   0: 3 0x80006faa (0x8f85) x15 0x27a1cfe3
core   0: 0x80006fac (0x022ddb33) divu    s6, s11, sp
core   0: 3 0x80006fac (0x022ddb33) x22 0x00000001
core   0: 0x80006fb0 (0x00ba17b3) sll     a5, s4, a1
core   0: 3 0x80006fb0 (0x00ba17b3) x15 0x80025e64
core   0: 0x80006fb4 (0x000051fd) c.li    gp, -1
core   0: 3 0x80006fb4 (0x51fd) x 3 0xffffffff
core   0: 0x80006fb6 (0x000043d9) c.li    t2, 22
core   0: 3 0x80006fb6 (0x43d9) x 7 0x00000016
core   0: 0x80006fb8 (0x029afd33) remu    s10, s5, s1
core   0: 3 0x80006fb8 (0x029afd33) x26 0x00000000
core   0: 0x80006fbc (0x63c1fc93) andi    s9, gp, 1596
core   0: 3 0x80006fbc (0x63c1fc93) x25 0x0000063c
core   0: 0x80006fc0 (0x01c05b63) bge     zero, t3, pc + 22
core   0: 3 0x80006fc0 (0x01c05b63)
core   0: 0x80006fc4 (0x53e7fe13) andi    t3, a5, 1342
core   0: 3 0x80006fc4 (0x53e7fe13) x28 0x00000424
core   0: 0x80006fc8 (0x029fcab3) div     s5, t6, s1
core   0: 3 0x80006fc8 (0x029fcab3) x21 0x00000003
core   0: 0x80006fcc (0x00008f65) c.and   a4, s1
core   0: 3 0x80006fcc (0x8f65) x14 0x00025022
core   0: 0x80006fce (0x25543813) sltiu   a6, s0, 597
core   0: 3 0x80006fce (0x25543813) x16 0x00000000
core   0: 0x80006fd2 (0x00d958b3) srl     a7, s2, a3
core   0: 3 0x80006fd2 (0x00d958b3) x17 0xffffffd9
core   0: 0x80006fd6 (0x014b7f63) bgeu    s6, s4, pc + 30
core   0: 3 0x80006fd6 (0x014b7f63)
core   0: 0x80006fda (0x0000eb1d) c.bnez  a4, pc + 54
core   0: 3 0x80006fda (0xeb1d)
core   0: 0x80007010 (0x40490733) sub     a4, s2, tp
core   0: 3 0x80007010 (0x40490733) x14 0xffffffd9
core   0: 0x80007014 (0x032851b3) divu    gp, a6, s2
core   0: 3 0x80007014 (0x032851b3) x 3 0x00000000
core   0: 0x80007018 (0xa7a13f13) sltiu   t5, sp, -1414
core   0: 3 0x80007018 (0xa7a13f13) x30 0x00000001
core   0: 0x8000701c (0x005ec563) blt     t4, t0, pc + 10
core   0: 3 0x8000701c (0x005ec563)
core   0: 0x80007026 (0x00604fb3) xor     t6, zero, t1
core   0: 3 0x80007026 (0x00604fb3) x31 0xfffffa49
core   0: 0x8000702a (0x0342c363) blt     t0, s4, pc + 38
core   0: 3 0x8000702a (0x0342c363)
core   0: 0x8000702e (0x000012fd) c.addi  t0, -1
core   0: 3 0x8000702e (0x12fd) x 5 0x80025e63
core   0: 0x80007030 (0x00008f65) c.and   a4, s1
core   0: 3 0x80007030 (0x8f65) x14 0xd85b5341
core   0: 0x80007032 (0x4040d093) srai    ra, ra, 4
core   0: 3 0x80007032 (0x4040d093) x 1 0x00000042
core   0: 0x80007036 (0x00000001) c.nop
core   0: 3 0x80007036 (0x0001)
core   0: 0x80007038 (0x00000001) c.nop
core   0: 3 0x80007038 (0x0001)
core   0: 0x8000703a (0x00004fbd) c.li    t6, 15
core   0: 3 0x8000703a (0x4fbd) x31 0x0000000f
core   0: 0x8000703c (0x190dd2b7) lui     t0, 0x190dd
core   0: 3 0x8000703c (0x190dd2b7) x 5 0x190dd000
core   0: 0x80007040 (0x00ebe263) bltu    s7, a4, pc + 4
core   0: 3 0x80007040 (0x00ebe263)
core   0: 0x80007044 (0x22203693) sltiu   a3, zero, 546
core   0: 3 0x80007044 (0x22203693) x13 0x00000001
core   0: 0x80007048 (0x0366db33) divu    s6, a3, s6
core   0: 3 0x80007048 (0x0366db33) x22 0x00000001
core   0: 0x8000704c (0x02699233) mulh    tp, s3, t1
core   0: 3 0x8000704c (0x02699233) x 4 0xfffffef0
core   0: 0x80007050 (0x03d1c963) blt     gp, t4, pc + 50
core   0: 3 0x80007050 (0x03d1c963)
core   0: 0x80007054 (0x00745cb3) srl     s9, s0, t2
core   0: 3 0x80007054 (0x00745cb3) x25 0x00000000
core   0: 0x80007058 (0x01de5db3) srl     s11, t3, t4
core   0: 3 0x80007058 (0x01de5db3) x27 0x00000000
core   0: 0x8000705c (0x0121e733) or      a4, gp, s2
core   0: 3 0x8000705c (0x0121e733) x14 0xffffffd9
core   0: 0x80007060 (0x3acda493) slti    s1, s11, 940
core   0: 3 0x80007060 (0x3acda493) x 9 0x00000001
core   0: 0x80007064 (0x037c6433) rem     s0, s8, s7
core   0: 3 0x80007064 (0x037c6433) x 8 0xffffffff
core   0: 0x80007068 (0x000009ea) c.slli  s3, 26
core   0: 3 0x80007068 (0x09ea) x19 0x70000000
core   0: 0x8000706a (0x000069ed) c.lui   s3, 0x1b
core   0: 3 0x8000706a (0x69ed) x19 0x0001b000
core   0: 0x8000706c (0x00008d4d) c.or    a0, a1
core   0: 3 0x8000706c (0x8d4d) x10 0x8000eaeb
core   0: 0x8000706e (0x00006c99) c.lui   s9, 0x6
core   0: 3 0x8000706e (0x6c99) x25 0x00006000
core   0: 0x80007070 (0x020bb3b3) mulhu   t2, s7, zero
core   0: 3 0x80007070 (0x020bb3b3) x 7 0x00000000
core   0: 0x80007074 (0x01ee7f33) and     t5, t3, t5
core   0: 3 0x80007074 (0x01ee7f33) x30 0x00000000
core   0: 0x80007078 (0x0000100f) fence.i
core   0: 3 0x80007078 (0x0000100f)
core   0: 0x8000707c (0x35593d93) sltiu   s11, s2, 853
core   0: 3 0x8000707c (0x35593d93) x27 0x00000000
core   0: 0x80007080 (0x00009fee) c.add   t6, s11
core   0: 3 0x80007080 (0x9fee) x31 0x0000000f
core   0: 0x80007082 (0x00006c11) c.lui   s8, 0x4
core   0: 3 0x80007082 (0x6c11) x24 0x00004000
core   0: 0x80007084 (0x000083d1) c.srli  a5, 20
core   0: 3 0x80007084 (0x83d1) x15 0x00000800
core   0: 0x80007086 (0x0380b2b3) mulhu   t0, ra, s8
core   0: 3 0x80007086 (0x0380b2b3) x 5 0x00000000
core   0: 0x8000708a (0x58c54193) xori    gp, a0, 1420
core   0: 3 0x8000708a (0x58c54193) x 3 0x8000ef67
core   0: 0x8000708e (0x00008c59) c.or    s0, a4
core   0: 3 0x8000708e (0x8c59) x 8 0xffffffff
core   0: 0x80007090 (0x1fbdbb13) sltiu   s6, s11, 507
core   0: 3 0x80007090 (0x1fbdbb13) x22 0x00000001
core   0: 0x80007094 (0x019c0633) add     a2, s8, s9
core   0: 3 0x80007094 (0x019c0633) x12 0x0000a000
core   0: 0x80007098 (0xd616f213) andi    tp, a3, -671
core   0: 3 0x80007098 (0xd616f213) x 4 0x00000001
core   0: 0x8000709c (0x00f8e233) or      tp, a7, a5
core   0: 3 0x8000709c (0x00f8e233) x 4 0xffffffd9
core   0: 0x800070a0 (0x02771663) bne     a4, t2, pc + 44
core   0: 3 0x800070a0 (0x02771663)
core   0: 0x800070cc (0x02f97363) bgeu    s2, a5, pc + 38
core   0: 3 0x800070cc (0x02f97363)
core   0: 0x800070f2 (0x021f00b3) mul     ra, t5, ra
core   0: 3 0x800070f2 (0x021f00b3) x 1 0x00000000
core   0: 0x800070f6 (0x0340a2b3) mulhsu  t0, ra, s4
core   0: 3 0x800070f6 (0x0340a2b3) x 5 0x00000000
core   0: 0x800070fa (0xe7497793) andi    a5, s2, -396
core   0: 3 0x800070fa (0xe7497793) x15 0xfffffe50
core   0: 0x800070fe (0x000083ae) c.mv    t2, a1
core   0: 3 0x800070fe (0x83ae) x 7 0x80000000
core   0: 0x80007100 (0x35904b93) xori    s7, zero, 857
core   0: 3 0x80007100 (0x35904b93) x23 0x00000359
core   0: 0x80007104 (0x0365b8b3) mulhu   a7, a1, s6
core   0: 3 0x80007104 (0x0365b8b3) x17 0x00000000
core   0: 0x80007108 (0x017c2b33) slt     s6, s8, s7
core   0: 3 0x80007108 (0x017c2b33) x22 0x00000000
core   0: 0x8000710c (0x02d5abb3) mulhsu  s7, a1, a3
core   0: 3 0x8000710c (0x02d5abb3) x23 0xffffffff
core   0: 0x80007110 (0x41dc5513) srai    a0, s8, 29
core   0: 3 0x80007110 (0x41dc5513) x10 0x00000000
core   0: 0x80007114 (0x0ff0000f) fence   iorw,iorw
core   0: 3 0x80007114 (0x0ff0000f)
core   0: 0x80007118 (0x41d706b3) sub     a3, a4, t4
core   0: 3 0x80007118 (0x41d706b3) x13 0x7ffdf54b
core   0: 0x8000711c (0x01519393) slli    t2, gp, 21
core   0: 3 0x8000711c (0x01519393) x 7 0xece00000
core   0: 0x80007120 (0x000088a1) c.andi  s1, 8
core   0: 3 0x80007120 (0x88a1) x 9 0x00000000
core   0: 0x80007122 (0x019338b3) sltu    a7, t1, s9
core   0: 3 0x80007122 (0x019338b3) x17 0x00000000
core   0: 0x80007126 (0x01de5e33) srl     t3, t3, t4
core   0: 3 0x80007126 (0x01de5e33) x28 0x00000000
core   0: 0x8000712a (0x03eecd63) blt     t4, t5, pc + 58
core   0: 3 0x8000712a (0x03eecd63)
core   0: 0x80007164 (0x01c42833) slt     a6, s0, t3
core   0: 3 0x80007164 (0x01c42833) x16 0x00000001
core   0: 0x80007168 (0x00008c59) c.or    s0, a4
core   0: 3 0x80007168 (0x8c59) x 8 0xffffffff
core   0: 0x8000716a (0x0000997d) c.andi  a0, -1
core   0: 3 0x8000716a (0x997d) x10 0x00000000
core   0: 0x8000716c (0x015f61b3) or      gp, t5, s5
core   0: 3 0x8000716c (0x015f61b3) x 3 0x00000003
core   0: 0x80007170 (0x02e85db3) divu    s11, a6, a4
core   0: 3 0x80007170 (0x02e85db3) x27 0x00000000
core   0: 0x80007174 (0x0000997d) c.andi  a0, -1
core   0: 3 0x80007174 (0x997d) x10 0x00000000
core   0: 0x80007176 (0x02a29463) bne     t0, a0, pc + 40
core   0: 3 0x80007176 (0x02a29463)
core   0: 0x8000717a (0x02865bb3) divu    s7, a2, s0
core   0: 3 0x8000717a (0x02865bb3) x23 0x00000000
core   0: 0x8000717e (0x61a30b93) addi    s7, t1, 1562
core   0: 3 0x8000717e (0x61a30b93) x23 0x00000063
core   0: 0x80007182 (0x92a3c193) xori    gp, t2, -1750
core   0: 3 0x80007182 (0x92a3c193) x 3 0x131ff92a
core   0: 0x80007186 (0x00771a93) slli    s5, a4, 7
core   0: 3 0x80007186 (0x00771a93) x21 0xffffec80
core   0: 0x8000718a (0xddcafb93) andi    s7, s5, -548
core   0: 3 0x8000718a (0xddcafb93) x23 0xffffec80
core   0: 0x8000718e (0x00008c39) c.xor   s0, a4
core   0: 3 0x8000718e (0x8c39) x 8 0x00000026
core   0: 0x80007190 (0x0172e563) bltu    t0, s7, pc + 10
core   0: 3 0x80007190 (0x0172e563)
core   0: 0x8000719a (0x018a7a63) bgeu    s4, s8, pc + 20
core   0: 3 0x8000719a (0x018a7a63)
core   0: 0x800071ae (0xaf35ed13) ori     s10, a1, -1293
core   0: 3 0x800071ae (0xaf35ed13) x26 0xfffffaf3
core   0: 0x800071b2 (0x00008d6d) c.and   a0, a1
core   0: 3 0x800071b2 (0x8d6d) x10 0x00000000
core   0: 0x800071b4 (0x03146ab3) rem     s5, s0, a7
core   0: 3 0x800071b4 (0x03146ab3) x21 0x00000026
core   0: 0x800071b8 (0x00008c25) c.xor   s0, s1
core   0: 3 0x800071b8 (0x8c25) x 8 0x00000026
core   0: 0x800071ba (0x00d25cb3) srl     s9, tp, a3
core   0: 3 0x800071ba (0x00d25cb3) x25 0x001fffff
core   0: 0x800071be (0x0ff0000f) fence   iorw,iorw
core   0: 3 0x800071be (0x0ff0000f)
core   0: 0x800071c2 (0x00008e0d) c.sub   a2, a1
core   0: 3 0x800071c2 (0x8e0d) x12 0x8000a000
core   0: 0x800071c4 (0x00008d59) c.or    a0, a4
core   0: 3 0x800071c4 (0x8d59) x10 0xffffffd9
core   0: 0x800071c6 (0x00000001) c.nop
core   0: 3 0x800071c6 (0x0001)
core   0: 0x800071c8 (0x0000944e) c.add   s0, s3
core   0: 3 0x800071c8 (0x944e) x 8 0x0001b026
core   0: 0x800071ca (0x00000001) c.nop
core   0: 3 0x800071ca (0x0001)
core   0: 0x800071cc (0x00b38033) add     zero, t2, a1
core   0: 3 0x800071cc (0x00b38033)
core   0: 0x800071d0 (0x02649833) mulh    a6, s1, t1
core   0: 3 0x800071d0 (0x02649833) x16 0x00000000
core   0: 0x800071d4 (0x00008e2d) c.xor   a2, a1
core   0: 3 0x800071d4 (0x8e2d) x12 0x0000a000
core   0: 0x800071d6 (0x0ff0000f) fence   iorw,iorw
core   0: 3 0x800071d6 (0x0ff0000f)
core   0: 0x800071da (0x0000cb8d) c.beqz  a5, pc + 50
core   0: 3 0x800071da (0xcb8d)
core   0: 0x800071dc (0x0000836a) c.mv    t1, s10
core   0: 3 0x800071dc (0x836a) x 6 0xfffffaf3
core   0: 0x800071de (0x03f33233) mulhu   tp, t1, t6
core   0: 3 0x800071de (0x03f33233) x 4 0x0000000e
core   0: 0x800071e2 (0x01d318b3) sll     a7, t1, t4
core   0: 3 0x800071e2 (0x01d318b3) x17 0xfebcc000
core   0: 0x800071e6 (0x020dfc33) remu    s8, s11, zero
core   0: 3 0x800071e6 (0x020dfc33) x24 0x00000000
core   0: 0x800071ea (0x00004cc1) c.li    s9, 16
core   0: 3 0x800071ea (0x4cc1) x25 0x00000010
core   0: 0x800071ec (0x0ff0000f) fence   iorw,iorw
core   0: 3 0x800071ec (0x0ff0000f)
core   0: 0x800071f0 (0x00008ed5) c.or    a3, a3
core   0: 3 0x800071f0 (0x8ed5) x13 0x7ffdf54b
core   0: 0x800071f2 (0x00008d6d) c.and   a0, a1
core   0: 3 0x800071f2 (0x8d6d) x10 0x80000000
core   0: 0x800071f4 (0x00004d09) c.li    s10, 2
core   0: 3 0x800071f4 (0x4d09) x26 0x00000002
core   0: 0x800071f6 (0x35dbbb93) sltiu   s7, s7, 861
core   0: 3 0x800071f6 (0x35dbbb93) x23 0x00000000
core   0: 0x800071fa (0x00000001) c.nop
core   0: 3 0x800071fa (0x0001)
core   0: 0x800071fc (0x8b598893) addi    a7, s3, -1867
core   0: 3 0x800071fc (0x8b598893) x17 0x0001a8b5
core   0: 0x80007200 (0xf3fa2f13) slti    t5, s4, -193
core   0: 3 0x80007200 (0xf3fa2f13) x30 0x00000001
core   0: 0x80007204 (0x03533833) mulhu   a6, t1, s5
core   0: 3 0x80007204 (0x03533833) x16 0x00000025
core   0: 0x80007208 (0x01489b93) slli    s7, a7, 20
core   0: 3 0x80007208 (0x01489b93) x23 0x8b500000
core   0: 0x8000720c (0x00d3a933) slt     s2, t2, a3
core   0: 3 0x8000720c (0x00d3a933) x18 0x00000001
core   0: 0x80007210 (0x0046a233) slt     tp, a3, tp
core   0: 3 0x80007210 (0x0046a233) x 4 0x00000000
core   0: 0x80007214 (0x01659d13) slli    s10, a1, 22
core   0: 3 0x80007214 (0x01659d13) x26 0x00000000
core   0: 0x80007218 (0x01007e63) bgeu    zero, a6, pc + 28
core   0: 3 0x80007218 (0x01007e63)
core   0: 0x8000721c (0x003b9193) slli    gp, s7, 3
core   0: 3 0x8000721c (0x003b9193) x 3 0x5a800000
core   0: 0x80007220 (0xfb5da813) slti    a6, s11, -75
core   0: 3 0x80007220 (0xfb5da813) x16 0x00000000
core   0: 0x80007224 (0xf4dee8b7) lui     a7, 0xf4dee
core   0: 3 0x80007224 (0xf4dee8b7) x17 0xf4dee000
core   0: 0x80007228 (0x0000100f) fence.i
core   0: 3 0x80007228 (0x0000100f)
core   0: 0x8000722c (0x00008e7d) c.and   a2, a5
core   0: 3 0x8000722c (0x8e7d) x12 0x0000a000
core   0: 0x8000722e (0x00008d15) c.sub   a0, a3
core   0: 3 0x8000722e (0x8d15) x10 0x00020ab5
core   0: 0x80007230 (0x00009516) c.add   a0, t0
core   0: 3 0x80007230 (0x9516) x10 0x00020ab5
core   0: 0x80007232 (0x00008392) c.mv    t2, tp
core   0: 3 0x80007232 (0x8392) x 7 0x00000000
core   0: 0x80007234 (0x2448fe93) andi    t4, a7, 580
core   0: 3 0x80007234 (0x2448fe93) x29 0x00000000
core   0: 0x80007238 (0x01ad3833) sltu    a6, s10, s10
core   0: 3 0x80007238 (0x01ad3833) x16 0x00000000
core   0: 0x8000723c (0x8b323497) auipc   s1, 0x8b323
core   0: 3 0x8000723c (0x8b323497) x 9 0x0b32a23c
core   0: 0x80007240 (0x00008f4d) c.or    a4, a1
core   0: 3 0x80007240 (0x8f4d) x14 0xffffffd9
core   0: 0x80007242 (0x00001efd) c.addi  t4, -1
core   0: 3 0x80007242 (0x1efd) x29 0xffffffff
core   0: 0x80007244 (0x00000001) c.nop
core   0: 3 0x80007244 (0x0001)
core   0: 0x80007246 (0x03643c33) mulhu   s8, s0, s6
core   0: 3 0x80007246 (0x03643c33) x24 0x00000000
core   0: 0x8000724a (0x417ede33) sra     t3, t4, s7
core   0: 3 0x8000724a (0x417ede33) x28 0xffffffff
core   0: 0x8000724e (0x0141d193) srli    gp, gp, 20
core   0: 3 0x8000724e (0x0141d193) x 3 0x000005a8
core   0: 0x80007252 (0x0000ca81) c.beqz  a3, pc + 16
core   0: 3 0x80007252 (0xca81)
core   0: 0x80007254 (0x0ff0000f) fence   iorw,iorw
core   0: 3 0x80007254 (0x0ff0000f)
core   0: 0x80007258 (0x00006ef9) c.lui   t4, 0x1e
core   0: 3 0x80007258 (0x6ef9) x29 0x0001e000
core   0: 0x8000725a (0x004b9793) slli    a5, s7, 4
core   0: 3 0x8000725a (0x004b9793) x15 0xb5000000
core   0: 0x8000725e (0x00008f49) c.or    a4, a0
core   0: 3 0x8000725e (0x8f49) x14 0xfffffffd
core   0: 0x80007260 (0x00008cd6) c.mv    s9, s5
core   0: 3 0x80007260 (0x8cd6) x25 0x00000026
core   0: 0x80007262 (0x5419a017) auipc   zero, 0x5419a
core   0: 3 0x80007262 (0x5419a017)
core   0: 0x80007266 (0x00240c63) beq     s0, sp, pc + 24
core   0: 3 0x80007266 (0x00240c63)
core   0: 0x8000726a (0x00000001) c.nop
core   0: 3 0x8000726a (0x0001)
core   0: 0x8000726c (0x777a70b7) lui     ra, 0x777a7
core   0: 3 0x8000726c (0x777a70b7) x 1 0x777a7000
core   0: 0x80007270 (0x023f96b3) mulh    a3, t6, gp
core   0: 3 0x80007270 (0x023f96b3) x13 0x00000000
core   0: 0x80007274 (0x01684533) xor     a0, a6, s6
core   0: 3 0x80007274 (0x01684533) x10 0x00000000
core   0: 0x80007278 (0xa5790993) addi    s3, s2, -1449
core   0: 3 0x80007278 (0xa5790993) x19 0xfffffa58
core   0: 0x8000727c (0x00005b7d) c.li    s6, -1
core   0: 3 0x8000727c (0x5b7d) x22 0xffffffff
core   0: 0x8000727e (0x02ddeb63) bltu    s11, a3, pc + 54
core   0: 3 0x8000727e (0x02ddeb63)
core   0: 0x80007282 (0x0161de93) srli    t4, gp, 22
core   0: 3 0x80007282 (0x0161de93) x29 0x00000000
core   0: 0x80007286 (0x00e3e9b3) or      s3, t2, a4
core   0: 3 0x80007286 (0x00e3e9b3) x19 0xfffffffd
core   0: 0x8000728a (0x0000885a) c.mv    a6, s6
core   0: 3 0x8000728a (0x885a) x16 0xffffffff
core   0: 0x8000728c (0x000088fd) c.andi  s1, 31
core   0: 3 0x8000728c (0x88fd) x 9 0x0000001c
core   0: 0x8000728e (0x00de7763) bgeu    t3, a3, pc + 14
core   0: 3 0x8000728e (0x00de7763)
core   0: 0x8000729c (0x010a4263) blt     s4, a6, pc + 4
core   0: 3 0x8000729c (0x010a4263)
core   0: 0x800072a0 (0x00ee7b63) bgeu    t3, a4, pc + 22
core   0: 3 0x800072a0 (0x00ee7b63)
core   0: 0x800072b6 (0x75c5ad13) slti    s10, a1, 1884
core   0: 3 0x800072b6 (0x75c5ad13) x26 0x00000001
core   0: 0x800072ba (0x00008fe5) c.and   a5, s1
core   0: 3 0x800072ba (0x8fe5) x15 0x00000000
core   0: 0x800072bc (0x000084ad) c.srai  s1, 11
core   0: 3 0x800072bc (0x84ad) x 9 0x00000000
core   0: 0x800072be (0x00008c3e) c.mv    s8, a5
core   0: 3 0x800072be (0x8c3e) x24 0x00000000
core   0: 0x800072c0 (0x00000001) c.nop
core   0: 3 0x800072c0 (0x0001)
core   0: 0x800072c2 (0x00008ea1) c.xor   a3, s0
core   0: 3 0x800072c2 (0x8ea1) x13 0x0001b026
core   0: 0x800072c4 (0x7a65b093) sltiu   ra, a1, 1958
core   0: 3 0x800072c4 (0x7a65b093) x 1 0x00000000
core   0: 0x800072c8 (0x02bad1b3) divu    gp, s5, a1
core   0: 3 0x800072c8 (0x02bad1b3) x 3 0x00000000
core   0: 0x800072cc (0x41b604b3) sub     s1, a2, s11
core   0: 3 0x800072cc (0x41b604b3) x 9 0x0000a000
core   0: 0x800072d0 (0x044f0f93) addi    t6, t5, 68
core   0: 3 0x800072d0 (0x044f0f93) x31 0x00000045
core   0: 0x800072d4 (0x4182d633) sra     a2, t0, s8
core   0: 3 0x800072d4 (0x4182d633) x12 0x00000000
core   0: 0x800072d8 (0x00001dfd) c.addi  s11, -1
core   0: 3 0x800072d8 (0x1dfd) x27 0xffffffff
core   0: 0x800072da (0x033328b3) mulhsu  a7, t1, s3
core   0: 3 0x800072da (0x033328b3) x17 0xfffffaf3
core   0: 0x800072de (0x03d09eb3) mulh    t4, ra, t4
core   0: 3 0x800072de (0x03d09eb3) x29 0x00000000
core   0: 0x800072e2 (0x03011533) mulh    a0, sp, a6
core   0: 3 0x800072e2 (0x03011533) x10 0x00000000
core   0: 0x800072e6 (0x4bf90713) addi    a4, s2, 1215
core   0: 3 0x800072e6 (0x4bf90713) x14 0x000004c0
core   0: 0x800072ea (0x0000908e) c.add   ra, gp
core   0: 3 0x800072ea (0x908e) x 1 0x00000000
core   0: 0x800072ec (0x40a75d93) srai    s11, a4, 10
core   0: 3 0x800072ec (0x40a75d93) x27 0x00000001
core   0: 0x800072f0 (0x0000ea11) c.bnez  a2, pc + 20
core   0: 3 0x800072f0 (0xea11)
core   0: 0x800072f2 (0x000002ad) c.addi  t0, 11
core   0: 3 0x800072f2 (0x02ad) x 5 0x0000000b
core   0: 0x800072f4 (0x00000faa) c.slli  t6, 10
core   0: 3 0x800072f4 (0x0faa) x31 0x00011400
core   0: 0x800072f6 (0x03fd2b33) mulhsu  s6, s10, t6
core   0: 3 0x800072f6 (0x03fd2b33) x22 0x00000000
core   0: 0x800072fa (0x0000ed8d) c.bnez  a1, pc + 58
core   0: 3 0x800072fa (0xed8d)
core   0: 0x80007334 (0x03af59b3) divu    s3, t5, s10
core   0: 3 0x80007334 (0x03af59b3) x19 0x00000001
core   0: 0x80007338 (0x00008671) c.srai  a2, 28
core   0: 3 0x80007338 (0x8671) x12 0x00000000
core   0: 0x8000733a (0x40715413) srai    s0, sp, 7
core   0: 3 0x8000733a (0x40715413) x 8 0xff000539
core   0: 0x8000733e (0x00000eca) c.slli  t4, 18
core   0: 3 0x8000733e (0x0eca) x29 0x00000000
core   0: 0x80007340 (0x011fd213) srli    tp, t6, 17
core   0: 3 0x80007340 (0x011fd213) x 4 0x00000000
core   0: 0x80007344 (0x011701b3) add     gp, a4, a7
core   0: 3 0x80007344 (0x011701b3) x 3 0xffffffb3
core   0: 0x80007348 (0x00008cc5) c.or    s1, s1
core   0: 3 0x80007348 (0x8cc5) x 9 0x0000a000
core   0: 0x8000734a (0x00000f06) c.slli  t5, 1
core   0: 3 0x8000734a (0x0f06) x30 0x00000002
core   0: 0x8000734c (0x2b26b893) sltiu   a7, a3, 690
core   0: 3 0x8000734c (0x2b26b893) x17 0x00000000
core   0: 0x80007350 (0x027ae533) rem     a0, s5, t2
core   0: 3 0x80007350 (0x027ae533) x10 0x00000026
core   0: 0x80007354 (0x00008fa9) c.xor   a5, a0
core   0: 3 0x80007354 (0x8fa9) x15 0x00000026
core   0: 0x80007356 (0x0000eb9d) c.bnez  a5, pc + 54
core   0: 3 0x80007356 (0xeb9d)
core   0: 0x8000738c (0x0000e2b1) c.bnez  a3, pc + 68
core   0: 3 0x8000738c (0xe2b1)
core   0: 0x800073d0 (0x02448c33) mul     s8, s1, tp
core   0: 3 0x800073d0 (0x02448c33) x24 0x00000000
core   0: 0x800073d4 (0x01df6033) or      zero, t5, t4
core   0: 3 0x800073d4 (0x01df6033)
core   0: 0x800073d8 (0x00008f15) c.sub   a4, a3
core   0: 3 0x800073d8 (0x8f15) x14 0xfffe549a
core   0: 0x800073da (0x0000ef8d) c.bnez  a5, pc + 58
core   0: 3 0x800073da (0xef8d)
core   0: 0x80007414 (0x00008fe5) c.and   a5, s1
core   0: 3 0x80007414 (0x8fe5) x15 0x00000000
core   0: 0x80007416 (0x00008df6) c.mv    s11, t4
core   0: 3 0x80007416 (0x8df6) x27 0x00000000
core   0: 0x80007418 (0x00000001) c.nop
core   0: 3 0x80007418 (0x0001)
core   0: 0x8000741a (0x03723ab3) mulhu   s5, tp, s7
core   0: 3 0x8000741a (0x03723ab3) x21 0x00000000
core   0: 0x8000741e (0x01064563) blt     a2, a6, pc + 10
core   0: 3 0x8000741e (0x01064563)
core   0: 0x80007422 (0x000080cd) c.srli  s1, 19
core   0: 3 0x80007422 (0x80cd) x 9 0x00000000
core   0: 0x80007424 (0x013e67b3) or      a5, t3, s3
core   0: 3 0x80007424 (0x013e67b3) x15 0xffffffff
core   0: 0x80007428 (0x0240f533) remu    a0, ra, tp
core   0: 3 0x80007428 (0x0240f533) x10 0x00000000
core   0: 0x8000742c (0x00008451) c.srai  s0, 20
core   0: 3 0x8000742c (0x8451) x 8 0xfffffff0
core   0: 0x8000742e (0x000010fd) c.addi  ra, -1
core   0: 3 0x8000742e (0x10fd) x 1 0xffffffff
core   0: 0x80007430 (0x2ec6e093) ori     ra, a3, 748
core   0: 3 0x80007430 (0x2ec6e093) x 1 0x0001b2ee
core   0: 0x80007434 (0x24273013) sltiu   zero, a4, 578
core   0: 3 0x80007434 (0x24273013)
core   0: 0x80007438 (0x5b470993) addi    s3, a4, 1460
core   0: 3 0x80007438 (0x5b470993) x19 0xfffe5a4e
core   0: 0x8000743c (0x34fa9437) lui     s0, 0x34fa9
core   0: 3 0x8000743c (0x34fa9437) x 8 0x34fa9000
core   0: 0x80007440 (0x01366833) or      a6, a2, s3
core   0: 3 0x80007440 (0x01366833) x16 0xfffe5a4e
core   0: 0x80007444 (0x96a7fbb7) lui     s7, 0x96a7f
core   0: 3 0x80007444 (0x96a7fbb7) x23 0x96a7f000
core   0: 0x80007448 (0x00008ccd) c.or    s1, a1
core   0: 3 0x80007448 (0x8ccd) x 9 0x80000000
core   0: 0x8000744a (0x751e7693) andi    a3, t3, 1873
core   0: 3 0x8000744a (0x751e7693) x13 0x00000751
core   0: 0x8000744e (0x0276b533) mulhu   a0, a3, t2
core   0: 3 0x8000744e (0x0276b533) x10 0x00000000
core   0: 0x80007452 (0xaeff3b13) sltiu   s6, t5, -1297
core   0: 3 0x80007452 (0xaeff3b13) x22 0x00000001
core   0: 0x80007456 (0x0000040d) c.addi  s0, 3
core   0: 3 0x80007456 (0x040d) x 8 0x34fa9003
core   0: 0x80007458 (0x004bbd33) sltu    s10, s7, tp
core   0: 3 0x80007458 (0x004bbd33) x26 0x00000000
core   0: 0x8000745c (0x0073d793) srli    a5, t2, 7
core   0: 3 0x8000745c (0x0073d793) x15 0x00000000
core   0: 0x80007460 (0x0ff0000f) fence   iorw,iorw
core   0: 3 0x80007460 (0x0ff0000f)
core   0: 0x80007464 (0x0000932e) c.add   t1, a1
core   0: 3 0x80007464 (0x932e) x 6 0x7ffffaf3
core   0: 0x80007466 (0x02d9ff63) bgeu    s3, a3, pc + 62
core   0: 3 0x80007466 (0x02d9ff63)
core   0: 0x800074a4 (0x038dc063) blt     s11, s8, pc + 32
core   0: 3 0x800074a4 (0x038dc063)
core   0: 0x800074a8 (0x0358c863) blt     a7, s5, pc + 48
core   0: 3 0x800074a8 (0x0358c863)
core   0: 0x800074ac (0x0000eb0d) c.bnez  a4, pc + 50
core   0: 3 0x800074ac (0xeb0d)
core   0: 0x800074de (0xfdc19c37) lui     s8, 0xfdc19
core   0: 3 0x800074de (0xfdc19c37) x24 0xfdc19000
core   0: 0x800074e2 (0x00008b25) c.andi  a4, 9
core   0: 3 0x800074e2 (0x8b25) x14 0x00000008
core   0: 0x800074e4 (0x01202433) slt     s0, zero, s2
core   0: 3 0x800074e4 (0x01202433) x 8 0x00000001
core   0: 0x800074e8 (0x038a1533) mulh    a0, s4, s8
core   0: 3 0x800074e8 (0x038a1533) x10 0x011f32af
core   0: 0x800074ec (0x0290c633) div     a2, ra, s1
core   0: 3 0x800074ec (0x0290c633) x12 0x00000000
core   0: 0x800074f0 (0x006627b3) slt     a5, a2, t1
core   0: 3 0x800074f0 (0x006627b3) x15 0x00000001
core   0: 0x800074f4 (0x00009da2) c.add   s11, s0
core   0: 3 0x800074f4 (0x9da2) x27 0x00000001
core   0: 0x800074f6 (0x015efb33) and     s6, t4, s5
core   0: 3 0x800074f6 (0x015efb33) x22 0x00000000
core   0: 0x800074fa (0x00e40633) add     a2, s0, a4
core   0: 3 0x800074fa (0x00e40633) x12 0x00000009
core   0: 0x800074fe (0x825c0b13) addi    s6, s8, -2011
core   0: 3 0x800074fe (0x825c0b13) x22 0xfdc18825
core   0: 0x80007502 (0x001062b3) or      t0, zero, ra
core   0: 3 0x80007502 (0x001062b3) x 5 0x0001b2ee
core   0: 0x80007506 (0x0000c699) c.beqz  a3, pc + 14
core   0: 3 0x80007506 (0xc699)
core   0: 0x80007508 (0x0ff0000f) fence   iorw,iorw
core   0: 3 0x80007508 (0x0ff0000f)
core   0: 0x8000750c (0x025ca633) mulhsu  a2, s9, t0
core   0: 3 0x8000750c (0x025ca633) x12 0x00000000
core   0: 0x80007510 (0x02623f33) mulhu   t5, tp, t1
core   0: 3 0x80007510 (0x02623f33) x30 0x00000000
core   0: 0x80007514 (0x00008b2e) c.mv    s6, a1
core   0: 3 0x80007514 (0x8b2e) x22 0x80000000
core   0: 0x80007516 (0x03ca8363) beq     s5, t3, pc + 38
core   0: 3 0x80007516 (0x03ca8363)
core   0: 0x8000751a (0x00008c7d) c.and   s0, a5
core   0: 3 0x8000751a (0x8c7d) x 8 0x00000001
core   0: 0x8000751c (0x00000fd2) c.slli  t6, 20
core   0: 3 0x8000751c (0x0fd2) x31 0x40000000
core   0: 0x8000751e (0x000571b3) and     gp, a0, zero
core   0: 3 0x8000751e (0x000571b3) x 3 0x00000000
core   0: 0x80007522 (0x000064b1) c.lui   s1, 0xc
core   0: 3 0x80007522 (0x64b1) x 9 0x0000c000
core   0: 0x80007524 (0x41c98d33) sub     s10, s3, t3
core   0: 3 0x80007524 (0x41c98d33) x26 0xfffe5a4f
core   0: 0x80007528 (0x95d72e17) auipc   t3, 0x95d72
core   0: 3 0x80007528 (0x95d72e17) x28 0x15d79528
core   0: 0x8000752c (0x00008e4d) c.or    a2, a1
core   0: 3 0x8000752c (0x8e4d) x12 0x80000000
core   0: 0x8000752e (0x00008d39) c.xor   a0, a4
core   0: 3 0x8000752e (0x8d39) x10 0x011f32a7
core   0: 0x80007530 (0x0000c3a1) c.beqz  a5, pc + 64
core   0: 3 0x80007530 (0xc3a1)
core   0: 0x80007532 (0x03fe80b3) mul     ra, t4, t6
core   0: 3 0x80007532 (0x03fe80b3) x 1 0x00000000
core   0: 0x80007536 (0x000082d1) c.srli  a3, 20
core   0: 3 0x80007536 (0x82d1) x13 0x00000000
core   0: 0x80007538 (0x029e48b3) div     a7, t3, s1
core   0: 3 0x80007538 (0x029e48b3) x17 0x00001d1f
core   0: 0x8000753c (0x000011fd) c.addi  gp, -1
core   0: 3 0x8000753c (0x11fd) x 3 0xffffffff
core   0: 0x8000753e (0x019b0663) beq     s6, s9, pc + 12
core   0: 3 0x8000753e (0x019b0663)
core   0: 0x80007542 (0x015016b3) sll     a3, zero, s5
core   0: 3 0x80007542 (0x015016b3) x13 0x00000000
core   0: 0x80007546 (0x417f5d93) srai    s11, t5, 23
core   0: 3 0x80007546 (0x417f5d93) x27 0x00000000
core   0: 0x8000754a (0x037fc1b3) div     gp, t6, s7
core   0: 3 0x8000754a (0x037fc1b3) x 3 0x00000000
core   0: 0x8000754e (0x00008cdd) c.or    s1, a5
core   0: 3 0x8000754e (0x8cdd) x 9 0x0000c001
core   0: 0x80007550 (0x87f99037) lui     zero, 0x87f99
core   0: 3 0x80007550 (0x87f99037)
core   0: 0x80007554 (0x0335afb3) mulhsu  t6, a1, s3
core   0: 3 0x80007554 (0x0335afb3) x31 0x8000d2d9
core   0: 0x80007558 (0x00000c92) c.slli  s9, 4
core   0: 3 0x80007558 (0x0c92) x25 0x00000260
core   0: 0x8000755a (0x00618433) add     s0, gp, t1
core   0: 3 0x8000755a (0x00618433) x 8 0x7ffffaf3
core   0: 0x8000755e (0x02646963) bltu    s0, t1, pc + 50
core   0: 3 0x8000755e (0x02646963)
core   0: 0x80007562 (0x014f1513) slli    a0, t5, 20
core   0: 3 0x80007562 (0x014f1513) x10 0x00000000
core   0: 0x80007566 (0x02da86b3) mul     a3, s5, a3
core   0: 3 0x80007566 (0x02da86b3) x13 0x00000000
core   0: 0x8000756a (0x01eff2b3) and     t0, t6, t5
core   0: 3 0x8000756a (0x01eff2b3) x 5 0x00000000
core   0: 0x8000756e (0x00008fd9) c.or    a5, a4
core   0: 3 0x8000756e (0x8fd9) x15 0x00000009
core   0: 0x80007570 (0x00008151) c.srli  a0, 20
core   0: 3 0x80007570 (0x8151) x10 0x00000000
core   0: 0x80007572 (0x00008ced) c.and   s1, a1
core   0: 3 0x80007572 (0x8ced) x 9 0x00000000
core   0: 0x80007574 (0x02baa633) mulhsu  a2, s5, a1
core   0: 3 0x80007574 (0x02baa633) x12 0x00000000
core   0: 0x80007578 (0x000011fd) c.addi  gp, -1
core   0: 3 0x80007578 (0x11fd) x 3 0xffffffff
core   0: 0x8000757a (0x00008bb9) c.andi  a5, 14
core   0: 3 0x8000757a (0x8bb9) x15 0x00000008
core   0: 0x8000757c (0x0158a533) slt     a0, a7, s5
core   0: 3 0x8000757c (0x0158a533) x10 0x00000000
core   0: 0x80007580 (0x00008ee9) c.and   a3, a0
core   0: 3 0x80007580 (0x8ee9) x13 0x00000000
core   0: 0x80007582 (0x0099f9b3) and     s3, s3, s1
core   0: 3 0x80007582 (0x0099f9b3) x19 0x00000000
core   0: 0x80007586 (0x000082fd) c.srli  a3, 31
core   0: 3 0x80007586 (0x82fd) x13 0x00000000
core   0: 0x80007588 (0x00923933) sltu    s2, tp, s1
core   0: 3 0x80007588 (0x00923933) x18 0x00000000
core   0: 0x8000758c (0x00e41d63) bne     s0, a4, pc + 26
core   0: 3 0x8000758c (0x00e41d63)
core   0: 0x800075a6 (0x41a7d013) srai    zero, a5, 26
core   0: 3 0x800075a6 (0x41a7d013)
core   0: 0x800075aa (0x031e2e33) mulhsu  t3, t3, a7
core   0: 3 0x800075aa (0x031e2e33) x28 0x0000027c
core   0: 0x800075ae (0x000084d5) c.srai  s1, 21
core   0: 3 0x800075ae (0x84d5) x 9 0x00000000
core   0: 0x800075b0 (0x00008fdd) c.or    a5, a5
core   0: 3 0x800075b0 (0x8fdd) x15 0x00000008
core   0: 0x800075b2 (0x00008d5d) c.or    a0, a5
core   0: 3 0x800075b2 (0x8d5d) x10 0x00000008
core   0: 0x800075b4 (0x02dcf263) bgeu    s9, a3, pc + 36
core   0: 3 0x800075b4 (0x02dcf263)
core   0: 0x800075d8 (0x00008cf9) c.and   s1, a4
core   0: 3 0x800075d8 (0x8cf9) x 9 0x00000000
core   0: 0x800075da (0x01500c63) beq     zero, s5, pc + 24
core   0: 3 0x800075da (0x01500c63)
core   0: 0x800075f2 (0x0021f7b3) and     a5, gp, sp
core   0: 3 0x800075f2 (0x0021f7b3) x15 0x80029ce4
core   0: 0x800075f6 (0x0000c819) c.beqz  s0, pc + 22
core   0: 3 0x800075f6 (0xc819)
core   0: 0x800075f8 (0x00008c15) c.sub   s0, a3
core   0: 3 0x800075f8 (0x8c15) x 8 0x7ffffaf3
core   0: 0x800075fa (0x019a1b93) slli    s7, s4, 25
core   0: 3 0x800075fa (0x019a1b93) x23 0xc8000000
core   0: 0x800075fe (0x3a482713) slti    a4, a6, 932
core   0: 3 0x800075fe (0x3a482713) x14 0x00000001
core   0: 0x80007602 (0x1d161b37) lui     s6, 0x1d161
core   0: 3 0x80007602 (0x1d161b37) x22 0x1d161000
core   0: 0x80007606 (0x00001cfd) c.addi  s9, -1
core   0: 3 0x80007606 (0x1cfd) x25 0x0000025f
core   0: 0x80007608 (0xf8fef513) andi    a0, t4, -113
core   0: 3 0x80007608 (0xf8fef513) x10 0x00000000
core   0: 0x8000760c (0x03e3b833) mulhu   a6, t2, t5
core   0: 3 0x8000760c (0x03e3b833) x16 0x00000000
core   0: 0x80007610 (0x4074dfb3) sra     t6, s1, t2
core   0: 3 0x80007610 (0x4074dfb3) x31 0x00000000
core   0: 0x80007614 (0x60fc0513) addi    a0, s8, 1551
core   0: 3 0x80007614 (0x60fc0513) x10 0xfdc1960f
core   0: 0x80007618 (0x0a6bcd97) auipc   s11, 0xa6bc
core   0: 3 0x80007618 (0x0a6bcd97) x27 0x8a6c3618
core   0: 0x8000761c (0xfb082f17) auipc   t5, 0xfb082
core   0: 3 0x8000761c (0xfb082f17) x30 0x7b08961c
core   0: 0x80007620 (0x03a1feb3) remu    t4, gp, s10
core   0: 3 0x80007620 (0x03a1feb3) x29 0x0001a5b0
core   0: 0x80007624 (0x0000656d) c.lui   a0, 0x1b
core   0: 3 0x80007624 (0x656d) x10 0x0001b000
core   0: 0x80007626 (0x00006955) c.lui   s2, 0x15
core   0: 3 0x80007626 (0x6955) x18 0x00015000
core   0: 0x80007628 (0x013fb9b3) sltu    s3, t6, s3
core   0: 3 0x80007628 (0x013fb9b3) x19 0x00000000
core   0: 0x8000762c (0x02147433) remu    s0, s0, ra
core   0: 3 0x8000762c (0x02147433) x 8 0x7ffffaf3
core   0: 0x80007630 (0x0000100f) fence.i
core   0: 3 0x80007630 (0x0000100f)
core   0: 0x80007634 (0x036d1963) bne     s10, s6, pc + 50
core   0: 3 0x80007634 (0x036d1963)
core   0: 0x80007666 (0x03df07b3) mul     a5, t5, t4
core   0: 3 0x80007666 (0x03df07b3) x15 0xb4c33f40
core   0: 0x8000766a (0x01da6f63) bltu    s4, t4, pc + 30
core   0: 3 0x8000766a (0x01da6f63)
core   0: 0x8000766e (0x4120d893) srai    a7, ra, 18
core   0: 3 0x8000766e (0x4120d893) x17 0x00000000
core   0: 0x80007672 (0x18a5e193) ori     gp, a1, 394
core   0: 3 0x80007672 (0x18a5e193) x 3 0x8000018a
core   0: 0x80007676 (0x03bd31b3) mulhu   gp, s10, s11
core   0: 3 0x80007676 (0x03bd31b3) x 3 0x8a6b5214
core   0: 0x8000767a (0x018eab33) slt     s6, t4, s8
core   0: 3 0x8000767a (0x018eab33) x22 0x00000000
core   0: 0x8000767e (0x00008c79) c.and   s0, a4
core   0: 3 0x8000767e (0x8c79) x 8 0x00000001
core   0: 0x80007680 (0x00775f63) bge     a4, t2, pc + 30
core   0: 3 0x80007680 (0x00775f63)
core   0: 0x8000769e (0x00008d75) c.and   a0, a3
core   0: 3 0x8000769e (0x8d75) x10 0x00000000
core   0: 0x800076a0 (0x00000d86) c.slli  s11, 1
core   0: 3 0x800076a0 (0x0d86) x27 0x14d86c30
core   0: 0x800076a2 (0x417e0833) sub     a6, t3, s7
core   0: 3 0x800076a2 (0x417e0833) x16 0x3800027c
core   0: 0x800076a6 (0x0028e963) bltu    a7, sp, pc + 18
core   0: 3 0x800076a6 (0x0028e963)
core   0: 0x800076b8 (0x0126e263) bltu    a3, s2, pc + 4
core   0: 3 0x800076b8 (0x0126e263)
core   0: 0x800076bc (0x02ceb233) mulhu   tp, t4, a2
core   0: 3 0x800076bc (0x02ceb233) x 4 0x00000000
core   0: 0x800076c0 (0x41f25993) srai    s3, tp, 31
core   0: 3 0x800076c0 (0x41f25993) x19 0x00000000
core   0: 0x800076c4 (0x02ee6c63) bltu    t3, a4, pc + 56
core   0: 3 0x800076c4 (0x02ee6c63)
core   0: 0x800076c8 (0x00000001) c.nop
core   0: 3 0x800076c8 (0x0001)
core   0: 0x800076ca (0xa88fe293) ori     t0, t6, -1400
core   0: 3 0x800076ca (0xa88fe293) x 5 0xfffffa88
core   0: 0x800076ce (0x0000ec19) c.bnez  s0, pc + 30
core   0: 3 0x800076ce (0xec19)
core   0: 0x800076ec (0xcfcbae13) slti    t3, s7, -772
core   0: 3 0x800076ec (0xcfcbae13) x28 0x00000001
core   0: 0x800076f0 (0x0000100f) fence.i
core   0: 3 0x800076f0 (0x0000100f)
core   0: 0x800076f4 (0x0a75c717) auipc   a4, 0xa75c
core   0: 3 0x800076f4 (0x0a75c717) x14 0x8a7636f4
core   0: 0x800076f8 (0x026626b3) mulhsu  a3, a2, t1
core   0: 3 0x800076f8 (0x026626b3) x13 0x00000000
core   0: 0x800076fc (0x002c3233) sltu    tp, s8, sp
core   0: 3 0x800076fc (0x002c3233) x 4 0x00000000
core   0: 0x80007700 (0x03ba8233) mul     tp, s5, s11
core   0: 3 0x80007700 (0x03ba8233) x 4 0x00000000
core   0: 0x80007704 (0x02cac6b3) div     a3, s5, a2
core   0: 3 0x80007704 (0x02cac6b3) x13 0xffffffff
core   0: 0x80007708 (0x00ab4833) xor     a6, s6, a0
core   0: 3 0x80007708 (0x00ab4833) x16 0x00000000
core   0: 0x8000770c (0x00df7e33) and     t3, t5, a3
core   0: 3 0x8000770c (0x00df7e33) x28 0x7b08961c
core   0: 0x80007710 (0x00000001) c.nop
core   0: 3 0x80007710 (0x0001)
core   0: 0x80007712 (0x0150bf33) sltu    t5, ra, s5
core   0: 3 0x80007712 (0x0150bf33) x30 0x00000000
core   0: 0x80007716 (0x00abc1b3) xor     gp, s7, a0
core   0: 3 0x80007716 (0x00abc1b3) x 3 0xc8000000
core   0: 0x8000771a (0x038f9663) bne     t6, s8, pc + 44
core   0: 3 0x8000771a (0x038f9663)
core   0: 0x80007746 (0x00009bfd) c.andi  a5, -1
core   0: 3 0x80007746 (0x9bfd) x15 0xb4c33f40
core   0: 0x80007748 (0x0000c499) c.beqz  s1, pc + 14
core   0: 3 0x80007748 (0xc499)
core   0: 0x80007756 (0x0106dc63) bge     a3, a6, pc + 24
core   0: 3 0x80007756 (0x0106dc63)
core   0: 0x8000775a (0x02527933) remu    s2, tp, t0
core   0: 3 0x8000775a (0x02527933) x18 0x00000000
core   0: 0x8000775e (0x03b0fb33) remu    s6, ra, s11
core   0: 3 0x8000775e (0x03b0fb33) x22 0x00000000
core   0: 0x80007762 (0x003f0233) add     tp, t5, gp
core   0: 3 0x80007762 (0x003f0233) x 4 0xc8000000
core   0: 0x80007766 (0x00008bea) c.mv    s7, s10
core   0: 3 0x80007766 (0x8bea) x23 0xfffe5a4f
core   0: 0x80007768 (0x000061a9) c.lui   gp, 0xa
core   0: 3 0x80007768 (0x61a9) x 3 0x0000a000
core   0: 0x8000776a (0x024fe033) rem     zero, t6, tp
core   0: 3 0x8000776a (0x024fe033)
core   0: 0x8000776e (0x00e7c4b3) xor     s1, a5, a4
core   0: 3 0x8000776e (0x00e7c4b3) x 9 0x3eb509b4
core   0: 0x80007772 (0x00008045) c.srli  s0, 17
core   0: 3 0x80007772 (0x8045) x 8 0x00000000
core   0: 0x80007774 (0x021404b3) mul     s1, s0, ra
core   0: 3 0x80007774 (0x021404b3) x 9 0x00000000
core   0: 0x80007778 (0x0060a6b3) slt     a3, ra, t1
core   0: 3 0x80007778 (0x0060a6b3) x13 0x00000001
core   0: 0x8000777c (0x03702fb3) mulhsu  t6, zero, s7
core   0: 3 0x8000777c (0x03702fb3) x31 0x00000000
core   0: 0x80007780 (0x0000567d) c.li    a2, -1
core   0: 3 0x80007780 (0x567d) x12 0xffffffff
core   0: 0x80007782 (0x006d1b63) bne     s10, t1, pc + 22
core   0: 3 0x80007782 (0x006d1b63)
core   0: 0x80007798 (0xbf497893) andi    a7, s2, -1036
core   0: 3 0x80007798 (0xbf497893) x17 0x00000000
core   0: 0x8000779c (0x028f12b3) mulh    t0, t5, s0
core   0: 3 0x8000779c (0x028f12b3) x 5 0x00000000
core   0: 0x800077a0 (0x41705c13) srai    s8, zero, 23
core   0: 3 0x800077a0 (0x41705c13) x24 0x00000000
core   0: 0x800077a4 (0x00008bd5) c.andi  a5, 21
core   0: 3 0x800077a4 (0x8bd5) x15 0x00000000
core   0: 0x800077a6 (0x01d71233) sll     tp, a4, t4
core   0: 3 0x800077a6 (0x01d71233) x 4 0x36f40000
core   0: 0x800077aa (0x03a119b3) mulh    s3, sp, s10
core   0: 3 0x800077aa (0x03a119b3) x19 0x0000d2d4
core   0: 0x800077ae (0x023b0233) mul     tp, s6, gp
core   0: 3 0x800077ae (0x023b0233) x 4 0x00000000
core   0: 0x800077b2 (0x018cc663) blt     s9, s8, pc + 12
core   0: 3 0x800077b2 (0x018cc663)
core   0: 0x800077b6 (0x38ecf297) auipc   t0, 0x38ecf
core   0: 3 0x800077b6 (0x38ecf297) x 5 0xb8ed67b6
core   0: 0x800077ba (0x029a3233) mulhu   tp, s4, s1
core   0: 3 0x800077ba (0x029a3233) x 4 0x00000000
core   0: 0x800077be (0xc0597e93) andi    t4, s2, -1019
core   0: 3 0x800077be (0xc0597e93) x29 0x00000000
core   0: 0x800077c2 (0x0284a8b3) mulhsu  a7, s1, s0
core   0: 3 0x800077c2 (0x0284a8b3) x17 0x00000000
core   0: 0x800077c6 (0x0000924e) c.add   tp, s3
core   0: 3 0x800077c6 (0x924e) x 4 0x0000d2d4
core   0: 0x800077c8 (0x037e3ab3) mulhu   s5, t3, s7
core   0: 3 0x800077c8 (0x037e3ab3) x21 0x7b07cb71
core   0: 0x800077cc (0x62c3f493) andi    s1, t2, 1580
core   0: 3 0x800077cc (0x62c3f493) x 9 0x00000000
core   0: 0x800077d0 (0xfca5eb13) ori     s6, a1, -54
core   0: 3 0x800077d0 (0xfca5eb13) x22 0xffffffca
core   0: 0x800077d4 (0x01225d33) srl     s10, tp, s2
core   0: 3 0x800077d4 (0x01225d33) x26 0x0000d2d4
core   0: 0x800077d8 (0x0000c611) c.beqz  a2, pc + 12
core   0: 3 0x800077d8 (0xc611)
core   0: 0x800077da (0x00000001) c.nop
core   0: 3 0x800077da (0x0001)
core   0: 0x800077dc (0x0275df63) bge     a1, t2, pc + 62
core   0: 3 0x800077dc (0x0275df63)
core   0: 0x800077e0 (0x6e632713) slti    a4, t1, 1766
core   0: 3 0x800077e0 (0x6e632713) x14 0x00000000
core   0: 0x800077e4 (0x00d6b9b3) sltu    s3, a3, a3
core   0: 3 0x800077e4 (0x00d6b9b3) x19 0x00000000
core   0: 0x800077e8 (0x000083a9) c.srli  a5, 10
core   0: 3 0x800077e8 (0x83a9) x15 0x00000000
core   0: 0x800077ea (0xbd8b1537) lui     a0, 0xbd8b1
core   0: 3 0x800077ea (0xbd8b1537) x10 0xbd8b1000
core   0: 0x800077ee (0x00008369) c.srli  a4, 26
core   0: 3 0x800077ee (0x8369) x14 0x00000000
core   0: 0x800077f0 (0x0000100f) fence.i
core   0: 3 0x800077f0 (0x0000100f)
core   0: 0x800077f4 (0x001f6633) or      a2, t5, ra
core   0: 3 0x800077f4 (0x001f6633) x12 0x00000000
core   0: 0x800077f8 (0x03662233) mulhsu  tp, a2, s6
core   0: 3 0x800077f8 (0x03662233) x 4 0x00000000
core   0: 0x800077fc (0x00151813) slli    a6, a0, 1
core   0: 3 0x800077fc (0x00151813) x16 0x7b162000
core   0: 0x80007800 (0x03b17c63) bgeu    sp, s11, pc + 56
core   0: 3 0x80007800 (0x03b17c63)
core   0: 0x80007838 (0x01719293) slli    t0, gp, 23
core   0: 3 0x80007838 (0x01719293) x 5 0x00000000
core   0: 0x8000783c (0x40ea5f13) srai    t5, s4, 14
core   0: 3 0x8000783c (0x40ea5f13) x30 0xfffe0009
core   0: 0x80007840 (0x02ecf6b3) remu    a3, s9, a4
core   0: 3 0x80007840 (0x02ecf6b3) x13 0x0000025f
core   0: 0x80007844 (0x00009af2) c.add   s5, t3
core   0: 3 0x80007844 (0x9af2) x21 0xf610618d
core   0: 0x80007846 (0x00008061) c.srli  s0, 24
core   0: 3 0x80007846 (0x8061) x 8 0x00000000
core   0: 0x80007848 (0x0000087d) c.addi  a6, 31
core   0: 3 0x80007848 (0x087d) x16 0x7b16201f
core   0: 0x8000784a (0x00018c17) auipc   s8, 0x18
core   0: 3 0x8000784a (0x00018c17) x24 0x8001f84a
core   0: 0x8000784e (0x6cac0c13) addi    s8, s8, 1738
core   0: 3 0x8000784e (0x6cac0c13) x24 0x8001ff14
core   0: 0x80007852 (0x029c0323) sb      s1, 38(s8)
core   0: 3 0x80007852 (0x029c0323) mem 0x8001ff3a 0x0
core   0: 0x80007856 (0x0004cbb3) xor     s7, s1, zero
core   0: 3 0x80007856 (0x0004cbb3) x23 0x00000000
core   0: 0x8000785a (0x028729b3) mulhsu  s3, a4, s0
core   0: 3 0x8000785a (0x028729b3) x19 0x00000000
core   0: 0x8000785e (0xf3cc2b83) lw      s7, -196(s8)
core   0: 3 0x8000785e (0xf3cc2b83) x23 0x08090a0b mem 0x8001fe50
core   0: 0x80007862 (0x0000974e) c.add   a4, s3
core   0: 3 0x80007862 (0x974e) x14 0x00000000
core   0: 0x80007864 (0x02971433) mulh    s0, a4, s1
core   0: 3 0x80007864 (0x02971433) x 8 0x00000000
core   0: 0x80007868 (0xfcfc4003) lbu     zero, -49(s8)
core   0: 3 0x80007868 (0xfcfc4003) mem 0x8001fee3
core   0: 0x8000786c (0x000084e5) c.srai  s1, 25
core   0: 3 0x8000786c (0x84e5) x 9 0x00000000
core   0: 0x8000786e (0x00008cf9) c.and   s1, a4
core   0: 3 0x8000786e (0x8cf9) x 9 0x00000000
core   0: 0x80007870 (0x00000001) c.nop
core   0: 3 0x80007870 (0x0001)
core   0: 0x80007872 (0x02e4d433) divu    s0, s1, a4
core   0: 3 0x80007872 (0x02e4d433) x 8 0xffffffff
core   0: 0x80007876 (0x00ac0983) lb      s3, 10(s8)
core   0: 3 0x80007876 (0x00ac0983) x19 0xffffffd5 mem 0x8001ff1e
core   0: 0x8000787a (0x024c2983) lw      s3, 36(s8)
core   0: 3 0x8000787a (0x024c2983) x19 0xf000f200 mem 0x8001ff38
core   0: 0x8000787e (0x02905033) divu    zero, zero, s1
core   0: 3 0x8000787e (0x02905033)
core   0: 0x80007882 (0x00009722) c.add   a4, s0
core   0: 3 0x80007882 (0x9722) x14 0xffffffff
core   0: 0x80007884 (0xacc4c413) xori    s0, s1, -1332
core   0: 3 0x80007884 (0xacc4c413) x 8 0xfffffacc
core   0: 0x80007888 (0x41a75413) srai    s0, a4, 26
core   0: 3 0x80007888 (0x41a75413) x 8 0xffffffff
core   0: 0x8000788c (0x0000675d) c.lui   a4, 0x17
core   0: 3 0x8000788c (0x675d) x14 0x00017000
core   0: 0x8000788e (0x9e247713) andi    a4, s0, -1566
core   0: 3 0x8000788e (0x9e247713) x14 0xfffff9e2
core   0: 0x80007892 (0x00008f41) c.or    a4, s0
core   0: 3 0x80007892 (0x8f41) x14 0xffffffff
core   0: 0x80007894 (0x73373493) sltiu   s1, a4, 1843
core   0: 3 0x80007894 (0x73373493) x 9 0x00000000
core   0: 0x80007898 (0x000080ed) c.srli  s1, 27
core   0: 3 0x80007898 (0x80ed) x 9 0x00000000
core   0: 0x8000789a (0x000098fd) c.andi  s1, -1
core   0: 3 0x8000789a (0x98fd) x 9 0x00000000
core   0: 0x8000789c (0x00008cb9) c.xor   s1, a4
core   0: 3 0x8000789c (0x8cb9) x 9 0xffffffff
core   0: 0x8000789e (0xf44c2483) lw      s1, -188(s8)
core   0: 3 0x8000789e (0xf44c2483) x 9 0x10111213 mem 0x8001fe58
core   0: 0x800078a2 (0xf39c4983) lbu     s3, -199(s8)
core   0: 3 0x800078a2 (0xf39c4983) x19 0x00000006 mem 0x8001fe4d
core   0: 0x800078a6 (0xfb4c5003) lhu     zero, -76(s8)
core   0: 3 0x800078a6 (0xfb4c5003) mem 0x8001fec8
core   0: 0x800078aa (0x057c01a3) sb      s7, 67(s8)
core   0: 3 0x800078aa (0x057c01a3) mem 0x8001ff57 0xb
core   0: 0x800078ae (0x0d3c04a3) sb      s3, 201(s8)
core   0: 3 0x800078ae (0x0d3c04a3) mem 0x8001ffdd 0x6
core   0: 0x800078b2 (0x00008881) c.andi  s1, 0
core   0: 3 0x800078b2 (0x8881) x 9 0x00000000
core   0: 0x800078b4 (0x0ff0000f) fence   iorw,iorw
core   0: 3 0x800078b4 (0x0ff0000f)
core   0: 0x800078b8 (0x408009b3) sub     s3, zero, s0
core   0: 3 0x800078b8 (0x408009b3) x19 0x00000001
core   0: 0x800078bc (0x00008f21) c.xor   a4, s0
core   0: 3 0x800078bc (0x8f21) x14 0x00000000
core   0: 0x800078be (0x017019b3) sll     s3, zero, s7
core   0: 3 0x800078be (0x017019b3) x19 0x00000000
core   0: 0x800078c2 (0x0179f733) and     a4, s3, s7
core   0: 3 0x800078c2 (0x0179f733) x14 0x00000000
core   0: 0x800078c6 (0xf9bc0983) lb      s3, -101(s8)
core   0: 3 0x800078c6 (0xf9bc0983) x19 0x00000064 mem 0x8001feaf
core   0: 0x800078ca (0x0000eb99) c.bnez  a5, pc + 22
core   0: 3 0x800078ca (0xeb99)
core   0: 0x800078cc (0x00004bcd) c.li    s7, 19
core   0: 3 0x800078cc (0x4bcd) x23 0x00000013
core   0: 0x800078ce (0xe7efa913) slti    s2, t6, -386
core   0: 3 0x800078ce (0xe7efa913) x18 0x00000000
core   0: 0x800078d2 (0x018911b3) sll     gp, s2, s8
core   0: 3 0x800078d2 (0x018911b3) x 3 0x00000000
core   0: 0x800078d6 (0x0133e433) or      s0, t2, s3
core   0: 3 0x800078d6 (0x0133e433) x 8 0x00000064
core   0: 0x800078da (0x03841b33) mulh    s6, s0, s8
core   0: 3 0x800078da (0x03841b33) x22 0xffffffce
core   0: 0x800078de (0x000080bd) c.srli  s1, 15
core   0: 3 0x800078de (0x80bd) x 9 0x00000000
core   0: 0x800078e0 (0x00008979) c.andi  a0, 30
core   0: 3 0x800078e0 (0x8979) x10 0x00000000
core   0: 0x800078e2 (0x0000c09d) c.beqz  s1, pc + 38
core   0: 3 0x800078e2 (0xc09d)
core   0: 0x80007908 (0x01f422b3) slt     t0, s0, t6
core   0: 3 0x80007908 (0x01f422b3) x 5 0x00000000
core   0: 0x8000790c (0xdd160e93) addi    t4, a2, -559
core   0: 3 0x8000790c (0xdd160e93) x29 0xfffffdd1
core   0: 0x80007910 (0x00008ce1) c.and   s1, s0
core   0: 3 0x80007910 (0x8ce1) x 9 0x00000000
core   0: 0x80007912 (0x00009b6a) c.add   s6, s10
core   0: 3 0x80007912 (0x9b6a) x22 0x0000d2a2
core   0: 0x80007914 (0x00008e75) c.and   a2, a3
core   0: 3 0x80007914 (0x8e75) x12 0x00000000
core   0: 0x80007916 (0x451ba693) slti    a3, s7, 1105
core   0: 3 0x80007916 (0x451ba693) x13 0x00000001
core   0: 0x8000791a (0x0000e8a9) c.bnez  s1, pc + 82
core   0: 3 0x8000791a (0xe8a9)
core   0: 0x8000791c (0x00019217) auipc   tp, 0x19
core   0: 3 0x8000791c (0x00019217) x 4 0x8002091c
core   0: 0x80007920 (0xcba20213) addi    tp, tp, -838
core   0: 3 0x80007920 (0xcba20213) x 4 0x800205d6
core   0: 0x80007924 (0x018203a3) sb      s8, 7(tp)
core   0: 3 0x80007924 (0x018203a3) mem 0x800205dd 0x14
core   0: 0x80007928 (0x00009917) auipc   s2, 0x9
core   0: 3 0x80007928 (0x00009917) x18 0x80010928
core   0: 0x8000792c (0x34b90913) addi    s2, s2, 843
core   0: 3 0x8000792c (0x34b90913) x18 0x80010c73
core   0: 0x80007930 (0xffe20e83) lb      t4, -2(tp)
core   0: 3 0x80007930 (0xffe20e83) x29 0xffffff8f mem 0x800205d4
core   0: 0x80007934 (0xff490403) lb      s0, -12(s2)
core   0: 3 0x80007934 (0xff490403) x 8 0x0000001c mem 0x80010c67
core   0: 0x80007938 (0xff791403) lh      s0, -9(s2)
core   0: 3 0x80007938 (0xff791403) x 8 0x00002021 mem 0x80010c6a
core   0: 0x8000793c (0xffc94f83) lbu     t6, -4(s2)
core   0: 3 0x8000793c (0xffc94f83) x31 0x00000024 mem 0x80010c6f
core   0: 0x80007940 (0xff724003) lbu     zero, -9(tp)
core   0: 3 0x80007940 (0xff724003) mem 0x800205cd
core   0: 0x80007944 (0xfe490d23) sb      tp, -6(s2)
core   0: 3 0x80007944 (0xfe490d23) mem 0x80010c6d 0xd6
core   0: 0x80007948 (0xff320fa3) sb      s3, -1(tp)
core   0: 3 0x80007948 (0xff320fa3) mem 0x800205d5 0x64
core   0: 0x8000794c (0xfe520c23) sb      t0, -8(tp)
core   0: 3 0x8000794c (0xfe520c23) mem 0x800205ce 0x0
core   0: 0x80007950 (0xff294703) lbu     a4, -14(s2)
core   0: 3 0x80007950 (0xff294703) x14 0x0000001e mem 0x80010c65
core   0: 0x80007954 (0x0000167d) c.addi  a2, -1
core   0: 3 0x80007954 (0x167d) x12 0xffffffff
core   0: 0x80007956 (0x000083dd) c.srli  a5, 23
core   0: 3 0x80007956 (0x83dd) x15 0x00000000
core   0: 0x80007958 (0x01376933) or      s2, a4, s3
core   0: 3 0x80007958 (0x01376933) x18 0x0000007e
core   0: 0x8000795c (0x059e6463) bltu    t3, s9, pc + 72
core   0: 3 0x8000795c (0x059e6463)
core   0: 0x80007960 (0x0ff0000f) fence   iorw,iorw
core   0: 3 0x80007960 (0x0ff0000f)
core   0: 0x80007964 (0x006d33b3) sltu    t2, s10, t1
core   0: 3 0x80007964 (0x006d33b3) x 7 0x00000001
core   0: 0x80007968 (0x79693d93) sltiu   s11, s2, 1942
core   0: 3 0x80007968 (0x79693d93) x27 0x00000001
core   0: 0x8000796c (0x00e4b9b3) sltu    s3, s1, a4
core   0: 3 0x8000796c (0x00e4b9b3) x19 0x00000001
core   0: 0x80007970 (0x02234ab3) div     s5, t1, sp
core   0: 3 0x80007970 (0x02234ab3) x21 0xffffffff
core   0: 0x80007974 (0x034d9363) bne     s11, s4, pc + 38
core   0: 3 0x80007974 (0x034d9363)
core   0: 0x8000799a (0x00008bf1) c.andi  a5, 28
core   0: 3 0x8000799a (0x8bf1) x15 0x00000000
core   0: 0x8000799c (0x186eef13) ori     t5, t4, 390
core   0: 3 0x8000799c (0x186eef13) x30 0xffffff8f
core   0: 0x800079a0 (0x02dcc6b3) div     a3, s9, a3
core   0: 3 0x800079a0 (0x02dcc6b3) x13 0x0000025f
core   0: 0x800079a4 (0x021e5333) divu    t1, t3, ra
core   0: 3 0x800079a4 (0x021e5333) x 6 0xffffffff
core   0: 0x800079a8 (0x00000001) c.nop
core   0: 3 0x800079a8 (0x0001)
core   0: 0x800079aa (0x00008cb5) c.xor   s1, a3
core   0: 3 0x800079aa (0x8cb5) x 9 0x0000025f
core   0: 0x800079ac (0x0ff0000f) fence   iorw,iorw
core   0: 3 0x800079ac (0x0ff0000f)
core   0: 0x800079b0 (0x0000eb0d) c.bnez  a4, pc + 50
core   0: 3 0x800079b0 (0xeb0d)
core   0: 0x800079e2 (0x020e97b3) mulh    a5, t4, zero
core   0: 3 0x800079e2 (0x020e97b3) x15 0x00000000
core   0: 0x800079e6 (0x00e0d793) srli    a5, ra, 14
core   0: 3 0x800079e6 (0x00e0d793) x15 0x00000000
core   0: 0x800079ea (0x01d63eb3) sltu    t4, a2, t4
core   0: 3 0x800079ea (0x01d63eb3) x29 0x00000000
core   0: 0x800079ee (0x00008e7d) c.and   a2, a5
core   0: 3 0x800079ee (0x8e7d) x12 0x00000000
core   0: 0x800079f0 (0x01595293) srli    t0, s2, 21
core   0: 3 0x800079f0 (0x01595293) x 5 0x00000000
core   0: 0x800079f4 (0x012d23b3) slt     t2, s10, s2
core   0: 3 0x800079f4 (0x012d23b3) x 7 0x00000000
core   0: 0x800079f8 (0x0319be33) mulhu   t3, s3, a7
core   0: 3 0x800079f8 (0x0319be33) x28 0x00000000
core   0: 0x800079fc (0x016bce33) xor     t3, s7, s6
core   0: 3 0x800079fc (0x016bce33) x28 0x0000d2b1
core   0: 0x80007a00 (0x00008c05) c.sub   s0, s1
core   0: 3 0x80007a00 (0x8c05) x 8 0x00001dc2
core   0: 0x80007a02 (0x40d057b3) sra     a5, zero, a3
core   0: 3 0x80007a02 (0x40d057b3) x15 0x00000000
core   0: 0x80007a06 (0x00001bfd) c.addi  s7, -1
core   0: 3 0x80007a06 (0x1bfd) x23 0x00000012
core   0: 0x80007a08 (0x000064b5) c.lui   s1, 0xd
core   0: 3 0x80007a08 (0x64b5) x 9 0x0000d000
core   0: 0x80007a0a (0x0ff0000f) fence   iorw,iorw
core   0: 3 0x80007a0a (0x0ff0000f)
core   0: 0x80007a0e (0x00008bc1) c.andi  a5, 16
core   0: 3 0x80007a0e (0x8bc1) x15 0x00000000
core   0: 0x80007a10 (0x013d6333) or      t1, s10, s3
core   0: 3 0x80007a10 (0x013d6333) x 6 0x0000d2d5
core   0: 0x80007a14 (0x02f71463) bne     a4, a5, pc + 40
core   0: 3 0x80007a14 (0x02f71463)
core   0: 0x80007a3c (0x0000ea95) c.bnez  a3, pc + 52
core   0: 3 0x80007a3c (0xea95)
core   0: 0x80007a70 (0x61d4c7b7) lui     a5, 0x61d4c
core   0: 3 0x80007a70 (0x61d4c7b7) x15 0x61d4c000
core   0: 0x80007a74 (0x017a47b3) xor     a5, s4, s7
core   0: 3 0x80007a74 (0x017a47b3) x15 0x80025e76
core   0: 0x80007a78 (0x411f80b3) sub     ra, t6, a7
core   0: 3 0x80007a78 (0x411f80b3) x 1 0x00000024
core   0: 0x80007a7c (0x00008cf5) c.and   s1, a3
core   0: 3 0x80007a7c (0x8cf5) x 9 0x00000000
core   0: 0x80007a7e (0x1efaa793) slti    a5, s5, 495
core   0: 3 0x80007a7e (0x1efaa793) x15 0x00000001
core   0: 0x80007a82 (0x00f11cb3) sll     s9, sp, a5
core   0: 3 0x80007a82 (0x00f11cb3) x25 0x000539c8
core   0: 0x80007a86 (0x029de1b3) rem     gp, s11, s1
core   0: 3 0x80007a86 (0x029de1b3) x 3 0x00000001
core   0: 0x80007a8a (0x00008ffd) c.and   a5, a5
core   0: 3 0x80007a8a (0x8ffd) x15 0x00000001
core   0: 0x80007a8c (0x0000995e) c.add   s2, s7
core   0: 3 0x80007a8c (0x995e) x18 0x00000090
core   0: 0x80007a8e (0x009a1ab3) sll     s5, s4, s1
core   0: 3 0x80007a8e (0x009a1ab3) x21 0x80025e64
core   0: 0x80007a92 (0x000098fd) c.andi  s1, -1
core   0: 3 0x80007a92 (0x98fd) x 9 0x00000000
core   0: 0x80007a94 (0x89972693) slti    a3, a4, -1895
core   0: 3 0x80007a94 (0x89972693) x13 0x00000000
core   0: 0x80007a98 (0x0384c0b3) div     ra, s1, s8
core   0: 3 0x80007a98 (0x0384c0b3) x 1 0x00000000
core   0: 0x80007a9c (0x000f0eb3) add     t4, t5, zero
core   0: 3 0x80007a9c (0x000f0eb3) x29 0xffffff8f
core   0: 0x80007aa0 (0xdac97b13) andi    s6, s2, -596
core   0: 3 0x80007aa0 (0xdac97b13) x22 0x00000080
core   0: 0x80007aa4 (0x00008f5d) c.or    a4, a5
core   0: 3 0x80007aa4 (0x8f5d) x14 0x0000001f
core   0: 0x80007aa6 (0x2f840b13) addi    s6, s0, 760
core   0: 3 0x80007aa6 (0x2f840b13) x22 0x000020ba
core   0: 0x80007aaa (0x03af01b3) mul     gp, t5, s10
core   0: 3 0x80007aaa (0x03af01b3) x 3 0xffa2f06c
core   0: 0x80007aae (0x0ff0000f) fence   iorw,iorw
core   0: 3 0x80007aae (0x0ff0000f)
core   0: 0x80007ab2 (0x00e354b3) srl     s1, t1, a4
core   0: 3 0x80007ab2 (0x00e354b3) x 9 0x00000000
core   0: 0x80007ab6 (0x00008ee9) c.and   a3, a0
core   0: 3 0x80007ab6 (0x8ee9) x13 0x00000000
core   0: 0x80007ab8 (0x417c08b3) sub     a7, s8, s7
core   0: 3 0x80007ab8 (0x417c08b3) x17 0x8001ff02
core   0: 0x80007abc (0x64094613) xori    a2, s2, 1600
core   0: 3 0x80007abc (0x64094613) x12 0x000006d0
core   0: 0x80007ac0 (0x01abd613) srli    a2, s7, 26
core   0: 3 0x80007ac0 (0x01abd613) x12 0x00000000
core   0: 0x80007ac4 (0x01a9d4b3) srl     s1, s3, s10
core   0: 3 0x80007ac4 (0x01a9d4b3) x 9 0x00000000
core   0: 0x80007ac8 (0x0000ee85) c.bnez  a3, pc + 56
core   0: 3 0x80007ac8 (0xee85)
core   0: 0x80007aca (0x96cb4717) auipc   a4, 0x96cb4
core   0: 3 0x80007aca (0x96cb4717) x14 0x16cbbaca
core   0: 0x80007ace (0x41918633) sub     a2, gp, s9
core   0: 3 0x80007ace (0x41918633) x12 0xff9db6a4
core   0: 0x80007ad2 (0x0006d013) srli    zero, a3, 0
core   0: 3 0x80007ad2 (0x0006d013)
core   0: 0x80007ad6 (0x0000100f) fence.i
core   0: 3 0x80007ad6 (0x0000100f)
core   0: 0x80007ada (0x00000001) c.nop
core   0: 3 0x80007ada (0x0001)
core   0: 0x80007adc (0x84336b13) ori     s6, t1, -1981
core   0: 3 0x80007adc (0x84336b13) x22 0xfffffad7
core   0: 0x80007ae0 (0x020b9033) mulh    zero, s7, zero
core   0: 3 0x80007ae0 (0x020b9033)
core   0: 0x80007ae4 (0x01ba0333) add     t1, s4, s11
core   0: 3 0x80007ae4 (0x01ba0333) x 6 0x80025e65
core   0: 0x80007ae8 (0x03c77863) bgeu    a4, t3, pc + 48
core   0: 3 0x80007ae8 (0x03c77863)
core   0: 0x80007b18 (0x03145563) bge     s0, a7, pc + 42
core   0: 3 0x80007b18 (0x03145563)
core   0: 0x80007b42 (0x00008d4d) c.or    a0, a1
core   0: 3 0x80007b42 (0x8d4d) x10 0x80000000
core   0: 0x80007b44 (0x00da4c63) blt     s4, a3, pc + 24
core   0: 3 0x80007b44 (0x00da4c63)
core   0: 0x80007b5c (0x00977cb3) and     s9, a4, s1
core   0: 3 0x80007b5c (0x00977cb3) x25 0x00000000
core   0: 0x80007b60 (0x00008f61) c.and   a4, s0
core   0: 3 0x80007b60 (0x8f61) x14 0x000018c2
core   0: 0x80007b62 (0x00008c21) c.xor   s0, s0
core   0: 3 0x80007b62 (0x8c21) x 8 0x00000000
core   0: 0x80007b64 (0x00bfbdb3) sltu    s11, t6, a1
core   0: 3 0x80007b64 (0x00bfbdb3) x27 0x00000001
core   0: 0x80007b68 (0x0249cf63) blt     s3, tp, pc + 62
core   0: 3 0x80007b68 (0x0249cf63)
core   0: 0x80007b6c (0x0000931e) c.add   t1, t2
core   0: 3 0x80007b6c (0x931e) x 6 0x80025e65
core   0: 0x80007b6e (0x022a66b3) rem     a3, s4, sp
core   0: 3 0x80007b6e (0x022a66b3) x13 0xffffc180
core   0: 0x80007b72 (0x024026b3) mulhsu  a3, zero, tp
core   0: 3 0x80007b72 (0x024026b3) x13 0x00000000
core   0: 0x80007b76 (0x02f234b3) mulhu   s1, tp, a5
core   0: 3 0x80007b76 (0x02f234b3) x 9 0x00000000
core   0: 0x80007b7a (0x00fb8e33) add     t3, s7, a5
core   0: 3 0x80007b7a (0x00fb8e33) x28 0x00000013
core   0: 0x80007b7e (0x017e4ab3) xor     s5, t3, s7
core   0: 3 0x80007b7e (0x017e4ab3) x21 0x00000001
core   0: 0x80007b82 (0x0027f533) and     a0, a5, sp
core   0: 3 0x80007b82 (0x0027f533) x10 0x00000000
core   0: 0x80007b86 (0x0378ffb3) remu    t6, a7, s7
core   0: 3 0x80007b86 (0x0378ffb3) x31 0x0000000e
core   0: 0x80007b8a (0x0000c711) c.beqz  a4, pc + 12
core   0: 3 0x80007b8a (0xc711)
core   0: 0x80007b8c (0x0312f3b3) remu    t2, t0, a7
core   0: 3 0x80007b8c (0x0312f3b3) x 7 0x00000000
core   0: 0x80007b90 (0x00008415) c.srai  s0, 5
core   0: 3 0x80007b90 (0x8415) x 8 0x00000000
core   0: 0x80007b92 (0x03efa733) mulhsu  a4, t6, t5
core   0: 3 0x80007b92 (0x03efa733) x14 0x0000000d
core   0: 0x80007b96 (0x0c89e013) ori     zero, s3, 200
core   0: 3 0x80007b96 (0x0c89e013)
core   0: 0x80007b9a (0x0000829a) c.mv    t0, t1
core   0: 3 0x80007b9a (0x829a) x 5 0x80025e65
core   0: 0x80007b9c (0xc6b78e93) addi    t4, a5, -917
core   0: 3 0x80007b9c (0xc6b78e93) x29 0xfffffc6c
core   0: 0x80007ba0 (0x000040dd) c.li    ra, 23
core   0: 3 0x80007ba0 (0x40dd) x 1 0x00000017
core   0: 0x80007ba2 (0x00001cfd) c.addi  s9, -1
core   0: 3 0x80007ba2 (0x1cfd) x25 0xffffffff
core   0: 0x80007ba4 (0x00000e45) c.addi  t3, 17
core   0: 3 0x80007ba4 (0x0e45) x28 0x00000024
core   0: 0x80007ba6 (0x01eb1763) bne     s6, t5, pc + 14
core   0: 3 0x80007ba6 (0x01eb1763)
core   0: 0x80007bb4 (0x0000eb89) c.bnez  a5, pc + 18
core   0: 3 0x80007bb4 (0xeb89)
core   0: 0x80007bc6 (0x01874f33) xor     t5, a4, s8
core   0: 3 0x80007bc6 (0x01874f33) x30 0x8001ff19
core   0: 0x80007bca (0x00008ebd) c.xor   a3, a5
core   0: 3 0x80007bca (0x8ebd) x13 0x00000001
core   0: 0x80007bcc (0x026944b3) div     s1, s2, t1
core   0: 3 0x80007bcc (0x026944b3) x 9 0x00000000
core   0: 0x80007bd0 (0x03541bb3) mulh    s7, s0, s5
core   0: 3 0x80007bd0 (0x03541bb3) x23 0x00000000
core   0: 0x80007bd4 (0x03172eb3) mulhsu  t4, a4, a7
core   0: 3 0x80007bd4 (0x03172eb3) x29 0x00000006
core   0: 0x80007bd8 (0x0196ca63) blt     a3, s9, pc + 20
core   0: 3 0x80007bd8 (0x0196ca63)
core   0: 0x80007bdc (0x0000885a) c.mv    a6, s6
core   0: 3 0x80007bdc (0x885a) x16 0xfffffad7
core   0: 0x80007bde (0x03b6e563) bltu    a3, s11, pc + 42
core   0: 3 0x80007bde (0x03b6e563)
core   0: 0x80007be2 (0x0000e09d) c.bnez  s1, pc + 38
core   0: 3 0x80007be2 (0xe09d)
core   0: 0x80007be4 (0x000083b1) c.srli  a5, 12
core   0: 3 0x80007be4 (0x83b1) x15 0x00000000
core   0: 0x80007be6 (0x00004291) c.li    t0, 4
core   0: 3 0x80007be6 (0x4291) x 5 0x00000004
core   0: 0x80007be8 (0x41a55d13) srai    s10, a0, 26
core   0: 3 0x80007be8 (0x41a55d13) x26 0x00000000
core   0: 0x80007bec (0x00004e21) c.li    t3, 8
core   0: 3 0x80007bec (0x4e21) x28 0x00000008
core   0: 0x80007bee (0xc73e2b37) lui     s6, 0xc73e2
core   0: 3 0x80007bee (0xc73e2b37) x22 0xc73e2000
core   0: 0x80007bf2 (0x00000001) c.nop
core   0: 3 0x80007bf2 (0x0001)
core   0: 0x80007bf4 (0x02b58233) mul     tp, a1, a1
core   0: 3 0x80007bf4 (0x02b58233) x 4 0x00000000
core   0: 0x80007bf8 (0x41468833) sub     a6, a3, s4
core   0: 3 0x80007bf8 (0x41468833) x16 0x7ffda19d
core   0: 0x80007bfc (0x00000362) c.slli  t1, 24
core   0: 3 0x80007bfc (0x0362) x 6 0x65000000
core   0: 0x80007bfe (0x00000001) c.nop
core   0: 3 0x80007bfe (0x0001)
core   0: 0x80007c00 (0x00008229) c.srli  a2, 10
core   0: 3 0x80007c00 (0x8229) x12 0x003fe76d
core   0: 0x80007c02 (0x4099db93) srai    s7, s3, 9
core   0: 3 0x80007c02 (0x4099db93) x23 0x00000000
core   0: 0x80007c06 (0x0000cf01) c.beqz  a4, pc + 24
core   0: 3 0x80007c06 (0xcf01)
core   0: 0x80007c08 (0x240d9537) lui     a0, 0x240d9
core   0: 3 0x80007c08 (0x240d9537) x10 0x240d9000
core   0: 0x80007c0c (0x039eaeb3) mulhsu  t4, t4, s9
core   0: 3 0x80007c0c (0x039eaeb3) x29 0x00000005
core   0: 0x80007c10 (0x00000001) c.nop
core   0: 3 0x80007c10 (0x0001)
core   0: 0x80007c12 (0x02b4e163) bltu    s1, a1, pc + 34
core   0: 3 0x80007c12 (0x02b4e163)
core   0: 0x80007c34 (0x00008d29) c.xor   a0, a0
core   0: 3 0x80007c34 (0x8d29) x10 0x00000000
core   0: 0x80007c36 (0x03f79433) mulh    s0, a5, t6
core   0: 3 0x80007c36 (0x03f79433) x 8 0x00000000
core   0: 0x80007c3a (0xe77b8d93) addi    s11, s7, -393
core   0: 3 0x80007c3a (0xe77b8d93) x27 0xfffffe77
core   0: 0x80007c3e (0xbf9e0a93) addi    s5, t3, -1031
core   0: 3 0x80007c3e (0xbf9e0a93) x21 0xfffffc01
core   0: 0x80007c42 (0x019191b3) sll     gp, gp, s9
core   0: 3 0x80007c42 (0x019191b3) x 3 0x00000000
core   0: 0x80007c46 (0x41ecd833) sra     a6, s9, t5
core   0: 3 0x80007c46 (0x41ecd833) x16 0xffffffff
core   0: 0x80007c4a (0x00008b79) c.andi  a4, 30
core   0: 3 0x80007c4a (0x8b79) x14 0x0000000c
core   0: 0x80007c4c (0x00909f33) sll     t5, ra, s1
core   0: 3 0x80007c4c (0x00909f33) x30 0x00000017
core   0: 0x80007c50 (0x015ad813) srli    a6, s5, 21
core   0: 3 0x80007c50 (0x015ad813) x16 0x000007ff
core   0: 0x80007c54 (0x000006c1) c.addi  a3, 16
core   0: 3 0x80007c54 (0x06c1) x13 0x00000011
core   0: 0x80007c56 (0x402b8333) sub     t1, s7, sp
core   0: 3 0x80007c56 (0x402b8333) x 6 0x7ffd631c
core   0: 0x80007c5a (0x00572b33) slt     s6, a4, t0
core   0: 3 0x80007c5a (0x00572b33) x22 0x00000000
core   0: 0x80007c5e (0x00991033) sll     zero, s2, s1
core   0: 3 0x80007c5e (0x00991033)
core   0: 0x80007c62 (0x009e94b3) sll     s1, t4, s1
core   0: 3 0x80007c62 (0x009e94b3) x 9 0x00000005
core   0: 0x80007c66 (0x41bc88b3) sub     a7, s9, s11
core   0: 3 0x80007c66 (0x41bc88b3) x17 0x00000188
core   0: 0x80007c6a (0x000098fd) c.andi  s1, -1
core   0: 3 0x80007c6a (0x98fd) x 9 0x00000005
core   0: 0x80007c6c (0x83903637) lui     a2, 0x83903
core   0: 3 0x80007c6c (0x83903637) x12 0x83903000
core   0: 0x80007c70 (0x032ce933) rem     s2, s9, s2
core   0: 3 0x80007c70 (0x032ce933) x18 0xffffffff
core   0: 0x80007c74 (0x00008f95) c.sub   a5, a3
core   0: 3 0x80007c74 (0x8f95) x15 0xffffffef
core   0: 0x80007c76 (0x03936533) rem     a0, t1, s9
core   0: 3 0x80007c76 (0x03936533) x10 0x00000000
core   0: 0x80007c7a (0x00008cf1) c.and   s1, a2
core   0: 3 0x80007c7a (0x8cf1) x 9 0x00000000
core   0: 0x80007c7c (0x00004495) c.li    s1, 5
core   0: 3 0x80007c7c (0x4495) x 9 0x00000005
core   0: 0x80007c7e (0x02e4c663) blt     s1, a4, pc + 44
core   0: 3 0x80007c7e (0x02e4c663)
core   0: 0x80007caa (0x415c8b33) sub     s6, s9, s5
core   0: 3 0x80007caa (0x415c8b33) x22 0x000003fe
core   0: 0x80007cae (0x00008511) c.srai  a0, 4
core   0: 3 0x80007cae (0x8511) x10 0x00000000
core   0: 0x80007cb0 (0x0000889a) c.mv    a7, t1
core   0: 3 0x80007cb0 (0x889a) x17 0x7ffd631c
core   0: 0x80007cb2 (0x013e1813) slli    a6, t3, 19
core   0: 3 0x80007cb2 (0x013e1813) x16 0x00400000
core   0: 0x80007cb6 (0x00000001) c.nop
core   0: 3 0x80007cb6 (0x0001)
core   0: 0x80007cb8 (0x0228b4b3) mulhu   s1, a7, sp
core   0: 3 0x80007cb8 (0x0228b4b3) x 9 0x3ffffff9
core   0: 0x80007cbc (0x01381eb3) sll     t4, a6, s3
core   0: 3 0x80007cbc (0x01381eb3) x29 0x00800000
core   0: 0x80007cc0 (0x02af5663) bge     t5, a0, pc + 44
core   0: 3 0x80007cc0 (0x02af5663)
core   0: 0x80007cec (0x000080bd) c.srli  s1, 15
core   0: 3 0x80007cec (0x80bd) x 9 0x00007fff
core   0: 0x80007cee (0xec3a3d13) sltiu   s10, s4, -317
core   0: 3 0x80007cee (0xec3a3d13) x26 0x00000001
core   0: 0x80007cf2 (0x00008edd) c.or    a3, a5
core   0: 3 0x80007cf2 (0x8edd) x13 0xffffffff
core   0: 0x80007cf4 (0x005dd9b3) srl     s3, s11, t0
core   0: 3 0x80007cf4 (0x005dd9b3) x19 0x0fffffe7
core   0: 0x80007cf8 (0x0ff0000f) fence   iorw,iorw
core   0: 3 0x80007cf8 (0x0ff0000f)
core   0: 0x80007cfc (0x00000001) c.nop
core   0: 3 0x80007cfc (0x0001)
core   0: 0x80007cfe (0x02b06e63) bltu    zero, a1, pc + 60
core   0: 3 0x80007cfe (0x02b06e63)
core   0: 0x80007d3a (0x07b37d13) andi    s10, t1, 123
core   0: 3 0x80007d3a (0x07b37d13) x26 0x00000018
core   0: 0x80007d3e (0x0000100f) fence.i
core   0: 3 0x80007d3e (0x0000100f)
core   0: 0x80007d42 (0x51b29617) auipc   a2, 0x51b29
core   0: 3 0x80007d42 (0x51b29617) x12 0xd1b30d42
core   0: 0x80007d46 (0x00000ebe) c.slli  t4, 15
core   0: 3 0x80007d46 (0x0ebe) x29 0x00000000
core   0: 0x80007d48 (0x00008b2d) c.andi  a4, 11
core   0: 3 0x80007d48 (0x8b2d) x14 0x00000008
core   0: 0x80007d4a (0x03c5ab17) auipc   s6, 0x3c5a
core   0: 3 0x80007d4a (0x03c5ab17) x22 0x83c61d4a
core   0: 0x80007d4e (0x00008fe1) c.and   a5, s0
core   0: 3 0x80007d4e (0x8fe1) x15 0x00000000
core   0: 0x80007d50 (0x011e5c13) srli    s8, t3, 17
core   0: 3 0x80007d50 (0x011e5c13) x24 0x00000000
core   0: 0x80007d54 (0x006c43b3) xor     t2, s8, t1
core   0: 3 0x80007d54 (0x006c43b3) x 7 0x7ffd631c
core   0: 0x80007d58 (0x02940ab3) mul     s5, s0, s1
core   0: 3 0x80007d58 (0x02940ab3) x21 0x00000000
core   0: 0x80007d5c (0x00d77d33) and     s10, a4, a3
core   0: 3 0x80007d5c (0x00d77d33) x26 0x00000008
core   0: 0x80007d60 (0x00008411) c.srai  s0, 4
core   0: 3 0x80007d60 (0x8411) x 8 0x00000000
core   0: 0x80007d62 (0x00008e39) c.xor   a2, a4
core   0: 3 0x80007d62 (0x8e39) x12 0xd1b30d4a
core   0: 0x80007d64 (0x2e046413) ori     s0, s0, 736
core   0: 3 0x80007d64 (0x2e046413) x 8 0x000002e0
core   0: 0x80007d68 (0x01635913) srli    s2, t1, 22
core   0: 3 0x80007d68 (0x01635913) x18 0x000001ff
core   0: 0x80007d6c (0x000086e2) c.mv    a3, s8
core   0: 3 0x80007d6c (0x86e2) x13 0x00000000
core   0: 0x80007d6e (0x053ed163) bge     t4, s3, pc + 66
core   0: 3 0x80007d6e (0x053ed163)
core   0: 0x80007d72 (0x019a6e33) or      t3, s4, s9
core   0: 3 0x80007d72 (0x019a6e33) x28 0xffffffff
core   0: 0x80007d76 (0xf6fc6193) ori     gp, s8, -145
core   0: 3 0x80007d76 (0xf6fc6193) x 3 0xffffff6f
core   0: 0x80007d7a (0x030fb4b3) mulhu   s1, t6, a6
core   0: 3 0x80007d7a (0x030fb4b3) x 9 0x00000000
core   0: 0x80007d7e (0x00008eb9) c.xor   a3, a4
core   0: 3 0x80007d7e (0x8eb9) x13 0x00000008
core   0: 0x80007d80 (0x01be7ab3) and     s5, t3, s11
core   0: 3 0x80007d80 (0x01be7ab3) x21 0xfffffe77
core   0: 0x80007d84 (0x40de5a93) srai    s5, t3, 13
core   0: 3 0x80007d84 (0x40de5a93) x21 0xffffffff
core   0: 0x80007d88 (0x417e84b3) sub     s1, t4, s7
core   0: 3 0x80007d88 (0x417e84b3) x 9 0x00000000
core   0: 0x80007d8c (0x00000001) c.nop
core   0: 3 0x80007d8c (0x0001)
core   0: 0x80007d8e (0x00009242) c.add   tp, a6
core   0: 3 0x80007d8e (0x9242) x 4 0x00400000
core   0: 0x80007d90 (0x02a42cb3) mulhsu  s9, s0, a0
core   0: 3 0x80007d90 (0x02a42cb3) x25 0x00000000
core   0: 0x80007d94 (0x842bb513) sltiu   a0, s7, -1982
core   0: 3 0x80007d94 (0x842bb513) x10 0x00000001
core   0: 0x80007d98 (0xada84eb7) lui     t4, 0xada84
core   0: 3 0x80007d98 (0xada84eb7) x29 0xada84000
core   0: 0x80007d9c (0x02129263) bne     t0, ra, pc + 36
core   0: 3 0x80007d9c (0x02129263)
core   0: 0x80007dc0 (0x00000846) c.slli  a6, 17
core   0: 3 0x80007dc0 (0x0846) x16 0x00000000
core   0: 0x80007dc2 (0x027e1833) mulh    a6, t3, t2
core   0: 3 0x80007dc2 (0x027e1833) x16 0xffffffff
core   0: 0x80007dc6 (0x0000100f) fence.i
core   0: 3 0x80007dc6 (0x0000100f)
core   0: 0x80007dca (0x00bc47b3) xor     a5, s8, a1
core   0: 3 0x80007dca (0x00bc47b3) x15 0x80000000
core   0: 0x80007dce (0x00000fc1) c.addi  t6, 16
core   0: 3 0x80007dce (0x0fc1) x31 0x0000001e
core   0: 0x80007dd0 (0x000062fd) c.lui   t0, 0x1f
core   0: 3 0x80007dd0 (0x62fd) x 5 0x0001f000
core   0: 0x80007dd2 (0x0b4b3813) sltiu   a6, s6, 180
core   0: 3 0x80007dd2 (0x0b4b3813) x16 0x00000000
core   0: 0x80007dd6 (0x02b01e63) bne     zero, a1, pc + 60
core   0: 3 0x80007dd6 (0x02b01e63)
core   0: 0x80007e12 (0x00000c72) c.slli  s8, 28
core   0: 3 0x80007e12 (0x0c72) x24 0x00000000
core   0: 0x80007e14 (0x40fcd893) srai    a7, s9, 15
core   0: 3 0x80007e14 (0x40fcd893) x17 0x00000000
core   0: 0x80007e18 (0x00e06433) or      s0, zero, a4
core   0: 3 0x80007e18 (0x00e06433) x 8 0x00000008
core   0: 0x80007e1c (0xdf4c6693) ori     a3, s8, -524
core   0: 3 0x80007e1c (0xdf4c6693) x13 0xfffffdf4
core   0: 0x80007e20 (0x006a74b3) and     s1, s4, t1
core   0: 3 0x80007e20 (0x006a74b3) x 9 0x00004204
core   0: 0x80007e24 (0x000061fd) c.lui   gp, 0x1f
core   0: 3 0x80007e24 (0x61fd) x 3 0x0001f000
core   0: 0x80007e26 (0x00008f91) c.sub   a5, a2
core   0: 3 0x80007e26 (0x8f91) x15 0xae4cf2b6
core   0: 0x80007e28 (0x00008ffd) c.and   a5, a5
core   0: 3 0x80007e28 (0x8ffd) x15 0xae4cf2b6
core   0: 0x80007e2a (0xe5a2ac13) slti    s8, t0, -422
core   0: 3 0x80007e2a (0xe5a2ac13) x24 0x00000000
core   0: 0x80007e2e (0x0003d433) srl     s0, t2, zero
core   0: 3 0x80007e2e (0x0003d433) x 8 0x7ffd631c
core   0: 0x80007e32 (0x03a09963) bne     ra, s10, pc + 50
core   0: 3 0x80007e32 (0x03a09963)
core   0: 0x80007e64 (0xdffc1717) auipc   a4, 0xdffc1
core   0: 3 0x80007e64 (0xdffc1717) x14 0x5ffc8e64
core   0: 0x80007e68 (0x00008b61) c.andi  a4, 24
core   0: 3 0x80007e68 (0x8b61) x14 0x00000000
core   0: 0x80007e6a (0x00008de6) c.mv    s11, s9
core   0: 3 0x80007e6a (0x8de6) x27 0x00000000
core   0: 0x80007e6c (0x02a75233) divu    tp, a4, a0
core   0: 3 0x80007e6c (0x02a75233) x 4 0x00000000
core   0: 0x80007e70 (0x02be5bb3) divu    s7, t3, a1
core   0: 3 0x80007e70 (0x02be5bb3) x23 0x00000001
core   0: 0x80007e74 (0x00008521) c.srai  a0, 8
core   0: 3 0x80007e74 (0x8521) x10 0x00000000
core   0: 0x80007e76 (0x038ee3b3) rem     t2, t4, s8
core   0: 3 0x80007e76 (0x038ee3b3) x 7 0xada84000
core   0: 0x80007e7a (0x02204863) blt     zero, sp, pc + 48
core   0: 3 0x80007e7a (0x02204863)
core   0: 0x80007e7e (0x77c63193) sltiu   gp, a2, 1916
core   0: 3 0x80007e7e (0x77c63193) x 3 0x00000000
core   0: 0x80007e82 (0x285d0693) addi    a3, s10, 645
core   0: 3 0x80007e82 (0x285d0693) x13 0x0000028d
core   0: 0x80007e86 (0x000094be) c.add   s1, a5
core   0: 3 0x80007e86 (0x94be) x 9 0xae4d34ba
core   0: 0x80007e88 (0x00006325) c.lui   t1, 0x9
core   0: 3 0x80007e88 (0x6325) x 6 0x00009000
core   0: 0x80007e8a (0x4114d3b3) sra     t2, s1, a7
core   0: 3 0x80007e8a (0x4114d3b3) x 7 0xae4d34ba
core   0: 0x80007e8e (0x0290df33) divu    t5, ra, s1
core   0: 3 0x80007e8e (0x0290df33) x30 0x00000000
core   0: 0x80007e92 (0x00006b2d) c.lui   s6, 0xb
core   0: 3 0x80007e92 (0x6b2d) x22 0x0000b000
core   0: 0x80007e94 (0x0000eb19) c.bnez  a4, pc + 22
core   0: 3 0x80007e94 (0xeb19)
core   0: 0x80007e96 (0x00000001) c.nop
core   0: 3 0x80007e96 (0x0001)
core   0: 0x80007e98 (0x035d6863) bltu    s10, s5, pc + 48
core   0: 3 0x80007e98 (0x035d6863)
core   0: 0x80007ec8 (0x03771db3) mulh    s11, a4, s7
core   0: 3 0x80007ec8 (0x03771db3) x27 0x00000000
core   0: 0x80007ecc (0x02a9dc63) bge     s3, a0, pc + 56
core   0: 3 0x80007ecc (0x02a9dc63)
core   0: 0x80007f04 (0x00300633) add     a2, zero, gp
core   0: 3 0x80007f04 (0x00300633) x12 0x00000000
core   0: 0x80007f08 (0x00006e59) c.lui   t3, 0x16
core   0: 3 0x80007f08 (0x6e59) x28 0x00016000
core   0: 0x80007f0a (0x01407433) and     s0, zero, s4
core   0: 3 0x80007f0a (0x01407433) x 8 0x00000000
core   0: 0x80007f0e (0x00efed33) or      s10, t6, a4
core   0: 3 0x80007f0e (0x00efed33) x26 0x0000001e
core   0: 0x80007f12 (0x00cb2233) slt     tp, s6, a2
core   0: 3 0x80007f12 (0x00cb2233) x 4 0x00000000
core   0: 0x80007f16 (0x00000001) c.nop
core   0: 3 0x80007f16 (0x0001)
core   0: 0x80007f18 (0x0ff0000f) fence   iorw,iorw
core   0: 3 0x80007f18 (0x0ff0000f)
core   0: 0x80007f1c (0x022d8b33) mul     s6, s11, sp
core   0: 3 0x80007f1c (0x022d8b33) x22 0x00000000
core   0: 0x80007f20 (0x03761eb3) mulh    t4, a2, s7
core   0: 3 0x80007f20 (0x03761eb3) x29 0x00000000
core   0: 0x80007f24 (0x01b7bc33) sltu    s8, a5, s11
core   0: 3 0x80007f24 (0x01b7bc33) x24 0x00000000
core   0: 0x80007f28 (0x0200f933) remu    s2, ra, zero
core   0: 3 0x80007f28 (0x0200f933) x18 0x00000017
core   0: 0x80007f2c (0x00008f8d) c.sub   a5, a1
core   0: 3 0x80007f2c (0x8f8d) x15 0x2e4cf2b6
core   0: 0x80007f2e (0x00008f89) c.sub   a5, a0
core   0: 3 0x80007f2e (0x8f89) x15 0x2e4cf2b6
core   0: 0x80007f30 (0xa59a8193) addi    gp, s5, -1447
core   0: 3 0x80007f30 (0xa59a8193) x 3 0xfffffa58
core   0: 0x80007f34 (0x00b0fc33) and     s8, ra, a1
core   0: 3 0x80007f34 (0x00b0fc33) x24 0x00000000
core   0: 0x80007f38 (0x00006811) c.lui   a6, 0x4
core   0: 3 0x80007f38 (0x6811) x16 0x00004000
core   0: 0x80007f3a (0x025a53b3) divu    t2, s4, t0
core   0: 3 0x80007f3a (0x025a53b3) x 7 0x00004211
core   0: 0x80007f3e (0x0178b6b3) sltu    a3, a7, s7
core   0: 3 0x80007f3e (0x0178b6b3) x13 0x00000001
core   0: 0x80007f42 (0x00000001) c.nop
core   0: 3 0x80007f42 (0x0001)
core   0: 0x80007f44 (0x000084b5) c.srai  s1, 13
core   0: 3 0x80007f44 (0x84b5) x 9 0xfffd7269
core   0: 0x80007f46 (0x000080c1) c.srli  s1, 16
core   0: 3 0x80007f46 (0x80c1) x 9 0x0000fffd
core   0: 0x80007f48 (0x0000cc95) c.beqz  s1, pc + 60
core   0: 3 0x80007f48 (0xcc95)
core   0: 0x80007f4a (0x0130c0b3) xor     ra, ra, s3
core   0: 3 0x80007f4a (0x0130c0b3) x 1 0x0ffffff0
core   0: 0x80007f4e (0x006bb833) sltu    a6, s7, t1
core   0: 3 0x80007f4e (0x006bb833) x16 0x00000001
core   0: 0x80007f52 (0x00008475) c.srai  s0, 29
core   0: 3 0x80007f52 (0x8475) x 8 0x00000000
core   0: 0x80007f54 (0x03016fb3) rem     t6, sp, a6
core   0: 3 0x80007f54 (0x03016fb3) x31 0x00000000
core   0: 0x80007f58 (0x000084e9) c.srai  s1, 26
core   0: 3 0x80007f58 (0x84e9) x 9 0x00000000
core   0: 0x80007f5a (0x01990b33) add     s6, s2, s9
core   0: 3 0x80007f5a (0x01990b33) x22 0x00000017
core   0: 0x80007f5e (0x4158d093) srai    ra, a7, 21
core   0: 3 0x80007f5e (0x4158d093) x 1 0x00000000
core   0: 0x80007f62 (0x00340633) add     a2, s0, gp
core   0: 3 0x80007f62 (0x00340633) x12 0xfffffa58
core   0: 0x80007f66 (0x9d550517) auipc   a0, 0x9d550
core   0: 3 0x80007f66 (0x9d550517) x10 0x1d557f66
core   0: 0x80007f6a (0x0286b533) mulhu   a0, a3, s0
core   0: 3 0x80007f6a (0x0286b533) x10 0x00000000
core   0: 0x80007f6e (0xac678237) lui     tp, 0xac678
core   0: 3 0x80007f6e (0xac678237) x 4 0xac678000
core   0: 0x80007f72 (0x037dbab3) mulhu   s5, s11, s7
core   0: 3 0x80007f72 (0x037dbab3) x21 0x00000000
core   0: 0x80007f76 (0x2c17bc93) sltiu   s9, a5, 705
core   0: 3 0x80007f76 (0x2c17bc93) x25 0x00000000
core   0: 0x80007f7a (0x51353d13) sltiu   s10, a0, 1299
core   0: 3 0x80007f7a (0x51353d13) x26 0x00000001
core   0: 0x80007f7e (0x005c5993) srli    s3, s8, 5
core   0: 3 0x80007f7e (0x005c5993) x19 0x00000000
core   0: 0x80007f82 (0x00000001) c.nop
core   0: 3 0x80007f82 (0x0001)
core   0: 0x80007f84 (0x01b98b33) add     s6, s3, s11
core   0: 3 0x80007f84 (0x01b98b33) x22 0x00000000
core   0: 0x80007f88 (0x7bec8eb7) lui     t4, 0x7bec8
core   0: 3 0x80007f88 (0x7bec8eb7) x29 0x7bec8000
core   0: 0x80007f8c (0x88007f13) andi    t5, zero, -1920
core   0: 3 0x80007f8c (0x88007f13) x30 0x00000000
core   0: 0x80007f90 (0x418bd033) sra     zero, s7, s8
core   0: 3 0x80007f90 (0x418bd033)
core   0: 0x80007f94 (0x0000867d) c.srai  a2, 31
core   0: 3 0x80007f94 (0x867d) x12 0xffffffff
core   0: 0x80007f96 (0x0000c33d) c.beqz  a4, pc + 102
core   0: 3 0x80007f96 (0xc33d)
core   0: 0x80007ffc (0x034c1333) mulh    t1, s8, s4
core   0: 3 0x80007ffc (0x034c1333) x 6 0x00000000
core   0: 0x80008000 (0x0181ac33) slt     s8, gp, s8
core   0: 3 0x80008000 (0x0181ac33) x24 0x00000001
core   0: 0x80008004 (0x00c65b33) srl     s6, a2, a2
core   0: 3 0x80008004 (0x00c65b33) x22 0x00000001
core   0: 0x80008008 (0x40d7dc33) sra     s8, a5, a3
core   0: 3 0x80008008 (0x40d7dc33) x24 0x1726795b
core   0: 0x8000800c (0x0000ee01) c.bnez  a2, pc + 24
core   0: 3 0x8000800c (0xee01)
core   0: 0x80008024 (0x00a204b3) add     s1, tp, a0
core   0: 3 0x80008024 (0x00a204b3) x 9 0xac678000
core   0: 0x80008028 (0xd9ea0093) addi    ra, s4, -610
core   0: 3 0x80008028 (0xd9ea0093) x 1 0x80025c02
core   0: 0x8000802c (0x0183afb3) slt     t6, t2, s8
core   0: 3 0x8000802c (0x0183afb3) x31 0x00000001
core   0: 0x80008030 (0x8a12a013) slti    zero, t0, -1887
core   0: 3 0x80008030 (0x8a12a013)
core   0: 0x80008034 (0x00250d33) add     s10, a0, sp
core   0: 3 0x80008034 (0x00250d33) x26 0x80029ce4
core   0: 0x80008038 (0x0000e09d) c.bnez  s1, pc + 38
core   0: 3 0x80008038 (0xe09d)
core   0: 0x8000805e (0x0000100f) fence.i
core   0: 3 0x8000805e (0x0000100f)
core   0: 0x80008062 (0x90ef6637) lui     a2, 0x90ef6
core   0: 3 0x80008062 (0x90ef6637) x12 0x90ef6000
core   0: 0x80008066 (0x0000e489) c.bnez  s1, pc + 10
core   0: 3 0x80008066 (0xe489)
core   0: 0x80008070 (0x0000095a) c.slli  s2, 22
core   0: 3 0x80008070 (0x095a) x18 0x05c00000
core   0: 0x80008072 (0x0000ed39) c.bnez  a0, pc + 94
core   0: 3 0x80008072 (0xed39)
core   0: 0x80008074 (0x00009dde) c.add   s11, s7
core   0: 3 0x80008074 (0x9dde) x27 0x00000001
core   0: 0x80008076 (0x00009c17) auipc   s8, 0x9
core   0: 3 0x80008076 (0x00009c17) x24 0x80011076
core   0: 0x8000807a (0x204c0c13) addi    s8, s8, 516
core   0: 3 0x8000807a (0x204c0c13) x24 0x8001127a
core   0: 0x8000807e (0x003c4283) lbu     t0, 3(s8)
core   0: 3 0x8000807e (0x003c4283) x 5 0x00000036 mem 0x8001127d
core   0: 0x80008082 (0x009c4f03) lbu     t5, 9(s8)
core   0: 3 0x80008082 (0x009c4f03) x30 0x00000038 mem 0x80011283
core   0: 0x80008086 (0xff2c0a83) lb      s5, -14(s8)
core   0: 3 0x80008086 (0xff2c0a83) x21 0x00000027 mem 0x8001126c
core   0: 0x8000808a (0xfebc2923) sw      a1, -14(s8)
core   0: 3 0x8000808a (0xfebc2923) mem 0x8001126c 0x80000000
core   0: 0x8000808e (0xff8c4483) lbu     s1, -8(s8)
core   0: 3 0x8000808e (0xff8c4483) x 9 0x00000029 mem 0x80011272
core   0: 0x80008092 (0xfe4c1923) sh      tp, -14(s8)
core   0: 3 0x80008092 (0xfe4c1923) mem 0x8001126c 0x8000
core   0: 0x80008096 (0xff2c1003) lh      zero, -14(s8)
core   0: 3 0x80008096 (0xff2c1003) mem 0x8001126c
core   0: 0x8000809a (0xff2c1403) lh      s0, -14(s8)
core   0: 3 0x8000809a (0xff2c1403) x 8 0xffff8000 mem 0x8001126c
core   0: 0x8000809e (0xff2c2403) lw      s0, -14(s8)
core   0: 3 0x8000809e (0xff2c2403) x 8 0x80008000 mem 0x8001126c
core   0: 0x800080a2 (0xfe8c0923) sb      s0, -14(s8)
core   0: 3 0x800080a2 (0xfe8c0923) mem 0x8001126c 0x0
core   0: 0x800080a6 (0xfe9c0923) sb      s1, -14(s8)
core   0: 3 0x800080a6 (0xfe9c0923) mem 0x8001126c 0x29
core   0: 0x800080aa (0xff2c1f03) lh      t5, -14(s8)
core   0: 3 0x800080aa (0xff2c1f03) x30 0xffff8029 mem 0x8001126c
core   0: 0x800080ae (0x00008ecd) c.or    a3, a1
core   0: 3 0x800080ae (0x8ecd) x13 0x80000001
core   0: 0x800080b0 (0x004c0483) lb      s1, 4(s8)
core   0: 3 0x800080b0 (0x004c0483) x 9 0x00000035 mem 0x8001127e
core   0: 0x800080b4 (0x004c4983) lbu     s3, 4(s8)
core   0: 3 0x800080b4 (0x004c4983) x19 0x00000035 mem 0x8001127e
core   0: 0x800080b8 (0x004c0f83) lb      t6, 4(s8)
core   0: 3 0x800080b8 (0x004c0f83) x31 0x00000035 mem 0x8001127e
core   0: 0x800080bc (0x014c1223) sh      s4, 4(s8)
core   0: 3 0x800080bc (0x014c1223) mem 0x8001127e 0x5e64
core   0: 0x800080c0 (0x25dd6f93) ori     t6, s10, 605
core   0: 3 0x800080c0 (0x25dd6f93) x31 0x80029efd
core   0: 0x800080c4 (0x03ca7b33) remu    s6, s4, t3
core   0: 3 0x800080c4 (0x03ca7b33) x22 0x00015e64
core   0: 0x800080c8 (0x00008fa9) c.xor   a5, a0
core   0: 3 0x800080c8 (0x8fa9) x15 0x2e4cf2b6
core   0: 0x800080ca (0x479df717) auipc   a4, 0x479df
core   0: 3 0x800080ca (0x479df717) x14 0xc79e70ca
core   0: 0x800080ce (0x00008edd) c.or    a3, a5
core   0: 3 0x800080ce (0x8edd) x13 0xae4cf2b7
core   0: 0x800080d0 (0x00000001) c.nop
core   0: 3 0x800080d0 (0x0001)
core   0: 0x800080d2 (0x0322e4b3) rem     s1, t0, s2
core   0: 3 0x800080d2 (0x0322e4b3) x 9 0x00000036
core   0: 0x800080d6 (0xe0677f93) andi    t6, a4, -506
core   0: 3 0x800080d6 (0xe0677f93) x31 0xc79e7002
core   0: 0x800080da (0x00008bfe) c.mv    s7, t6
core   0: 3 0x800080da (0x8bfe) x23 0xc79e7002
core   0: 0x800080dc (0x02bf6ab3) rem     s5, t5, a1
core   0: 3 0x800080dc (0x02bf6ab3) x21 0xffff8029
core   0: 0x800080e0 (0x032c8733) mul     a4, s9, s2
core   0: 3 0x800080e0 (0x032c8733) x14 0x00000000
core   0: 0x800080e4 (0x03557663) bgeu    a0, s5, pc + 44
core   0: 3 0x800080e4 (0x03557663)
core   0: 0x800080e8 (0x00709a63) bne     ra, t2, pc + 20
core   0: 3 0x800080e8 (0x00709a63)
core   0: 0x800080fc (0x0000869e) c.mv    a3, t2
core   0: 3 0x800080fc (0x869e) x13 0x00004211
core   0: 0x800080fe (0x776b6d93) ori     s11, s6, 1910
core   0: 3 0x800080fe (0x776b6d93) x27 0x00015f76
core   0: 0x80008102 (0x0000100f) fence.i
core   0: 3 0x80008102 (0x0000100f)
core   0: 0x80008106 (0x00008619) c.srai  a2, 6
core   0: 3 0x80008106 (0x8619) x12 0xfe43bd80
core   0: 0x80008108 (0x03007433) remu    s0, zero, a6
core   0: 3 0x80008108 (0x03007433) x 8 0x00000000
core   0: 0x8000810c (0x40a8dd33) sra     s10, a7, a0
core   0: 3 0x8000810c (0x40a8dd33) x26 0x00000000
core   0: 0x80008110 (0x00620933) add     s2, tp, t1
core   0: 3 0x80008110 (0x00620933) x18 0xac678000
core   0: 0x80008114 (0x00254d63) blt     a0, sp, pc + 26
core   0: 3 0x80008114 (0x00254d63)
core   0: 0x80008118 (0xf33a8393) addi    t2, s5, -205
core   0: 3 0x80008118 (0xf33a8393) x 7 0xffff7f5c
core   0: 0x8000811c (0x1091ba93) sltiu   s5, gp, 265
core   0: 3 0x8000811c (0x1091ba93) x21 0x00000000
core   0: 0x80008120 (0x008ede93) srli    t4, t4, 8
core   0: 3 0x80008120 (0x008ede93) x29 0x007bec80
core   0: 0x80008124 (0x01ae4d63) blt     t3, s10, pc + 26
core   0: 3 0x80008124 (0x01ae4d63)
core   0: 0x80008128 (0x00554333) xor     t1, a0, t0
core   0: 3 0x80008128 (0x00554333) x 6 0x00000036
core   0: 0x8000812c (0x00008fe1) c.and   a5, s0
core   0: 3 0x8000812c (0x8fe1) x15 0x00000000
core   0: 0x8000812e (0x55485437) lui     s0, 0x55485
core   0: 3 0x8000812e (0x55485437) x 8 0x55485000
core   0: 0x80008132 (0x03536f33) rem     t5, t1, s5
core   0: 3 0x80008132 (0x03536f33) x30 0x00000036
core   0: 0x80008136 (0x00f8ef33) or      t5, a7, a5
core   0: 3 0x80008136 (0x00f8ef33) x30 0x00000000
core   0: 0x8000813a (0x00289293) slli    t0, a7, 2
core   0: 3 0x8000813a (0x00289293) x 5 0x00000000
core   0: 0x8000813e (0x40685713) srai    a4, a6, 6
core   0: 3 0x8000813e (0x40685713) x14 0x00000000
core   0: 0x80008142 (0x71793793) sltiu   a5, s2, 1815
core   0: 3 0x80008142 (0x71793793) x15 0x00000000
core   0: 0x80008146 (0x000006a5) c.addi  a3, 9
core   0: 3 0x80008146 (0x06a5) x13 0x0000421a
core   0: 0x80008148 (0x00008091) c.srli  s1, 4
core   0: 3 0x80008148 (0x8091) x 9 0x00000003
core   0: 0x8000814a (0x0ff0000f) fence   iorw,iorw
core   0: 3 0x8000814a (0x0ff0000f)
core   0: 0x8000814e (0x03fad063) bge     s5, t6, pc + 32
core   0: 3 0x8000814e (0x03fad063)
core   0: 0x8000816e (0x03cc1363) bne     s8, t3, pc + 38
core   0: 3 0x8000816e (0x03cc1363)
core   0: 0x80008194 (0x3dc96293) ori     t0, s2, 988
core   0: 3 0x80008194 (0x3dc96293) x 5 0xac6783dc
core   0: 0x80008198 (0x00009bfd) c.andi  a5, -1
core   0: 3 0x80008198 (0x9bfd) x15 0x00000000
core   0: 0x8000819a (0x0153fe33) and     t3, t2, s5
core   0: 3 0x8000819a (0x0153fe33) x28 0x00000000
core   0: 0x8000819e (0x02a7c963) blt     a5, a0, pc + 50
core   0: 3 0x8000819e (0x02a7c963)
core   0: 0x800081a2 (0x006874b3) and     s1, a6, t1
core   0: 3 0x800081a2 (0x006874b3) x 9 0x00000000
core   0: 0x800081a6 (0x00665f13) srli    t5, a2, 6
core   0: 3 0x800081a6 (0x00665f13) x30 0x03f90ef6
core   0: 0x800081aa (0x404f03b3) sub     t2, t5, tp
core   0: 3 0x800081aa (0x404f03b3) x 7 0x57918ef6
core   0: 0x800081ae (0x41995e33) sra     t3, s2, s9
core   0: 3 0x800081ae (0x41995e33) x28 0xac678000
core   0: 0x800081b2 (0x019ad393) srli    t2, s5, 25
core   0: 3 0x800081b2 (0x019ad393) x 7 0x00000000
core   0: 0x800081b6 (0x0204bfb3) mulhu   t6, s1, zero
core   0: 3 0x800081b6 (0x0204bfb3) x31 0x00000000
core   0: 0x800081ba (0x01561b93) slli    s7, a2, 21
core   0: 3 0x800081ba (0x01561b93) x23 0xb0000000
core   0: 0x800081be (0x0000c409) c.beqz  s0, pc + 10
core   0: 3 0x800081be (0xc409)
core   0: 0x800081c0 (0x01c0e433) or      s0, ra, t3
core   0: 3 0x800081c0 (0x01c0e433) x 8 0xac67dc02
core   0: 0x800081c4 (0x010b1933) sll     s2, s6, a6
core   0: 3 0x800081c4 (0x010b1933) x18 0x0002bcc8
core   0: 0x800081c8 (0x000014fd) c.addi  s1, -1
core   0: 3 0x800081c8 (0x14fd) x 9 0xffffffff
core   0: 0x800081ca (0x000094da) c.add   s1, s6
core   0: 3 0x800081ca (0x94da) x 9 0x00015e63
core   0: 0x800081cc (0x0039d863) bge     s3, gp, pc + 16
core   0: 3 0x800081cc (0x0039d863)
core   0: 0x800081dc (0xe6e5c713) xori    a4, a1, -402
core   0: 3 0x800081dc (0xe6e5c713) x14 0x7ffffe6e
core   0: 0x800081e0 (0x00006545) c.lui   a0, 0x11
core   0: 3 0x800081e0 (0x6545) x10 0x00011000
core   0: 0x800081e2 (0xa5e46c13) ori     s8, s0, -1442
core   0: 3 0x800081e2 (0xa5e46c13) x24 0xfffffe5e
core   0: 0x800081e6 (0x411b8333) sub     t1, s7, a7
core   0: 3 0x800081e6 (0x411b8333) x 6 0xb0000000
core   0: 0x800081ea (0x000083f9) c.srli  a5, 30
core   0: 3 0x800081ea (0x83f9) x15 0x00000000
core   0: 0x800081ec (0x00000001) c.nop
core   0: 3 0x800081ec (0x0001)
core   0: 0x800081ee (0x01371b33) sll     s6, a4, s3
core   0: 3 0x800081ee (0x01371b33) x22 0xcdc00000
core   0: 0x800081f2 (0x03747263) bgeu    s0, s7, pc + 36
core   0: 3 0x800081f2 (0x03747263)
core   0: 0x800081f6 (0x00000001) c.nop
core   0: 3 0x800081f6 (0x0001)
core   0: 0x800081f8 (0x022668b3) rem     a7, a2, sp
core   0: 3 0x800081f8 (0x022668b3) x17 0xfe43bd80
core   0: 0x800081fc (0x74dbca93) xori    s5, s7, 1869
core   0: 3 0x800081fc (0x74dbca93) x21 0xb000074d
core   0: 0x80008200 (0x01d448b3) xor     a7, s0, t4
core   0: 3 0x80008200 (0x01d448b3) x17 0xac1c3082
core   0: 0x80008204 (0x9eba4413) xori    s0, s4, -1557
core   0: 3 0x80008204 (0x9eba4413) x 8 0x7ffda78f
core   0: 0x80008208 (0x02c4b833) mulhu   a6, s1, a2
core   0: 3 0x80008208 (0x02c4b833) x16 0x00015c02
core   0: 0x8000820c (0x00008ca9) c.xor   s1, a0
core   0: 3 0x8000820c (0x8ca9) x 9 0x00004e63
core   0: 0x8000820e (0xcc9d2813) slti    a6, s10, -823
core   0: 3 0x8000820e (0xcc9d2813) x16 0x00000000
core   0: 0x80008212 (0x01e3e833) or      a6, t2, t5
core   0: 3 0x80008212 (0x01e3e833) x16 0x03f90ef6
core   0: 0x80008216 (0x005bee63) bltu    s7, t0, pc + 28
core   0: 3 0x80008216 (0x005bee63)
core   0: 0x8000821a (0x014c6033) or      zero, s8, s4
core   0: 3 0x8000821a (0x014c6033)
core   0: 0x8000821e (0x00008b99) c.andi  a5, 6
core   0: 3 0x8000821e (0x8b99) x15 0x00000000
core   0: 0x80008220 (0x0000e79d) c.bnez  a5, pc + 46
core   0: 3 0x80008220 (0xe79d)
core   0: 0x80008222 (0x02864233) div     tp, a2, s0
core   0: 3 0x80008222 (0x02864233) x 4 0x00000000
core   0: 0x80008226 (0x02016833) rem     a6, sp, zero
core   0: 3 0x80008226 (0x02016833) x16 0x80029ce4
core   0: 0x8000822a (0x020d0c33) mul     s8, s10, zero
core   0: 3 0x8000822a (0x020d0c33) x24 0x00000000
core   0: 0x8000822e (0x006cd9b7) lui     s3, 0x6cd
core   0: 3 0x8000822e (0x006cd9b7) x19 0x006cd000
core   0: 0x80008232 (0xac12cb97) auipc   s7, 0xac12c
core   0: 3 0x80008232 (0xac12cb97) x23 0x2c134232
core   0: 0x80008236 (0x02ff4fb3) div     t6, t5, a5
core   0: 3 0x80008236 (0x02ff4fb3) x31 0xffffffff
core   0: 0x8000823a (0x00ddd7b3) srl     a5, s11, a3
core   0: 3 0x8000823a (0x00ddd7b3) x15 0x00000000
core   0: 0x8000823e (0x4febf693) andi    a3, s7, 1278
core   0: 3 0x8000823e (0x4febf693) x13 0x00000032
core   0: 0x80008242 (0x0000ef05) c.bnez  a4, pc + 56
core   0: 3 0x80008242 (0xef05)
core   0: 0x8000827a (0x296f3d93) sltiu   s11, t5, 662
core   0: 3 0x8000827a (0x296f3d93) x27 0x00000000
core   0: 0x8000827e (0x01b61293) slli    t0, a2, 27
core   0: 3 0x8000827e (0x01b61293) x 5 0x00000000
core   0: 0x80008282 (0x000099c2) c.add   s3, a6
core   0: 3 0x80008282 (0x99c2) x19 0x806f6ce4
core   0: 0x80008284 (0x00000001) c.nop
core   0: 3 0x80008284 (0x0001)
core   0: 0x80008286 (0x0198f1b3) and     gp, a7, s9
core   0: 3 0x80008286 (0x0198f1b3) x 3 0x00000000
core   0: 0x8000828a (0x0089af33) slt     t5, s3, s0
core   0: 3 0x8000828a (0x0089af33) x30 0x00000001
core   0: 0x8000828e (0x000082b9) c.srli  a3, 14
core   0: 3 0x8000828e (0x82b9) x13 0x00000000
core   0: 0x80008290 (0x030dec63) bltu    s11, a6, pc + 56
core   0: 3 0x80008290 (0x030dec63)
core   0: 0x800082c8 (0x00008cf1) c.and   s1, a2
core   0: 3 0x800082c8 (0x8cf1) x 9 0x00000c00
core   0: 0x800082ca (0x02c41fb3) mulh    t6, s0, a2
core   0: 3 0x800082ca (0x02c41fb3) x31 0xff21e2d1
core   0: 0x800082ce (0x0343fd63) bgeu    t2, s4, pc + 58
core   0: 3 0x800082ce (0x0343fd63)
core   0: 0x800082d2 (0x0ff0000f) fence   iorw,iorw
core   0: 3 0x800082d2 (0x0ff0000f)
core   0: 0x800082d6 (0x000050fd) c.li    ra, -1
core   0: 3 0x800082d6 (0x50fd) x 1 0xffffffff
core   0: 0x800082d8 (0x02679cb3) mulh    s9, a5, t1
core   0: 3 0x800082d8 (0x02679cb3) x25 0x00000000
core   0: 0x800082dc (0x00000001) c.nop
core   0: 3 0x800082dc (0x0001)
core   0: 0x800082de (0x001f9613) slli    a2, t6, 1
core   0: 3 0x800082de (0x001f9613) x12 0xfe43c5a2
core   0: 0x800082e2 (0x00008d19) c.sub   a0, a4
core   0: 3 0x800082e2 (0x8d19) x10 0x80011192
core   0: 0x800082e4 (0x004480b3) add     ra, s1, tp
core   0: 3 0x800082e4 (0x004480b3) x 1 0x00000c00
core   0: 0x800082e8 (0x02c596b3) mulh    a3, a1, a2
core   0: 3 0x800082e8 (0x02c596b3) x13 0x00de1d2f
core   0: 0x800082ec (0x0029c933) xor     s2, s3, sp
core   0: 3 0x800082ec (0x0029c933) x18 0x006df000
core   0: 0x800082f0 (0x0166c033) xor     zero, a3, s6
core   0: 3 0x800082f0 (0x0166c033)
core   0: 0x800082f4 (0x0109d7b3) srl     a5, s3, a6
core   0: 3 0x800082f4 (0x0109d7b3) x15 0x0806f6ce
core   0: 0x800082f8 (0x01faab33) slt     s6, s5, t6
core   0: 3 0x800082f8 (0x01faab33) x22 0x00000001
core   0: 0x800082fc (0x0070dab3) srl     s5, ra, t2
core   0: 3 0x800082fc (0x0070dab3) x21 0x00000c00
core   0: 0x80008300 (0x027ae933) rem     s2, s5, t2
core   0: 3 0x80008300 (0x027ae933) x18 0x00000c00
core   0: 0x80008304 (0x0195ea63) bltu    a1, s9, pc + 20
core   0: 3 0x80008304 (0x0195ea63)
core   0: 0x80008308 (0x40e3d533) sra     a0, t2, a4
core   0: 3 0x80008308 (0x40e3d533) x10 0x00000000
core   0: 0x8000830c (0x03269063) bne     a3, s2, pc + 32
core   0: 3 0x8000830c (0x03269063)
core   0: 0x8000832c (0x406d8933) sub     s2, s11, t1
core   0: 3 0x8000832c (0x406d8933) x18 0x50000000
core   0: 0x80008330 (0xd9842f13) slti    t5, s0, -616
core   0: 3 0x80008330 (0xd9842f13) x30 0x00000000
core   0: 0x80008334 (0x0ff0000f) fence   iorw,iorw
core   0: 3 0x80008334 (0x0ff0000f)
core   0: 0x80008338 (0x00008d69) c.and   a0, a0
core   0: 3 0x80008338 (0x8d69) x10 0x00000000
core   0: 0x8000833a (0x00008e91) c.sub   a3, a2
core   0: 3 0x8000833a (0x8e91) x13 0x029a578d
core   0: 0x8000833c (0x40c781b3) sub     gp, a5, a2
core   0: 3 0x8000833c (0x40c781b3) x 3 0x09c3312c
core   0: 0x80008340 (0x03398e63) beq     s3, s3, pc + 60
core   0: 3 0x80008340 (0x03398e63)
core   0: 0x8000837c (0x00008d7a) c.mv    s10, t5
core   0: 3 0x8000837c (0x8d7a) x26 0x00000000
core   0: 0x8000837e (0x031088b3) mul     a7, ra, a7
core   0: 3 0x8000837e (0x031088b3) x17 0x52461800
core   0: 0x80008382 (0x017b5313) srli    t1, s6, 23
core   0: 3 0x80008382 (0x017b5313) x 6 0x00000000
core   0: 0x80008386 (0x038ffb33) remu    s6, t6, s8
core   0: 3 0x80008386 (0x038ffb33) x22 0xff21e2d1
core   0: 0x8000838a (0x00008fcd) c.or    a5, a1
core   0: 3 0x8000838a (0x8fcd) x15 0x8806f6ce
core   0: 0x8000838c (0x01e64bb3) xor     s7, a2, t5
core   0: 3 0x8000838c (0x01e64bb3) x23 0xfe43c5a2
core   0: 0x80008390 (0xd9abd2b7) lui     t0, 0xd9abd
core   0: 3 0x80008390 (0xd9abd2b7) x 5 0xd9abd000
core   0: 0x80008394 (0x6f4dc817) auipc   a6, 0x6f4dc
core   0: 3 0x80008394 (0x6f4dc817) x16 0xef4e4394
core   0: 0x80008398 (0x03b48933) mul     s2, s1, s11
core   0: 3 0x80008398 (0x03b48933) x18 0x00000000
core   0: 0x8000839c (0x000008ce) c.slli  a7, 19
core   0: 3 0x8000839c (0x08ce) x17 0xc0000000
core   0: 0x8000839e (0x024be533) rem     a0, s7, tp
core   0: 3 0x8000839e (0x024be533) x10 0xfe43c5a2
core   0: 0x800083a2 (0xd336fb13) andi    s6, a3, -717
core   0: 3 0x800083a2 (0xd336fb13) x22 0x029a5501
core   0: 0x800083a6 (0x000d8eb3) add     t4, s11, zero
core   0: 3 0x800083a6 (0x000d8eb3) x29 0x00000000
core   0: 0x800083aa (0x0000100f) fence.i
core   0: 3 0x800083aa (0x0000100f)
core   0: 0x800083ae (0x671ee393) ori     t2, t4, 1649
core   0: 3 0x800083ae (0x671ee393) x 7 0x00000671
core   0: 0x800083b2 (0x419680b3) sub     ra, a3, s9
core   0: 3 0x800083b2 (0x419680b3) x 1 0x029a578d
core   0: 0x800083b6 (0x00c49e13) slli    t3, s1, 12
core   0: 3 0x800083b6 (0x00c49e13) x28 0x00c00000
core   0: 0x800083ba (0x5fd24d93) xori    s11, tp, 1533
core   0: 3 0x800083ba (0x5fd24d93) x27 0x000005fd
core   0: 0x800083be (0x00000b06) c.slli  s6, 1
core   0: 3 0x800083be (0x0b06) x22 0x0534aa02
core   0: 0x800083c0 (0x00008571) c.srai  a0, 28
core   0: 3 0x800083c0 (0x8571) x10 0xffffffff
core   0: 0x800083c2 (0x5adf7f13) andi    t5, t5, 1453
core   0: 3 0x800083c2 (0x5adf7f13) x30 0x00000000
core   0: 0x800083c6 (0x02209b63) bne     ra, sp, pc + 54
core   0: 3 0x800083c6 (0x02209b63)
core   0: 0x800083fc (0x035e3233) mulhu   tp, t3, s5
core   0: 3 0x800083fc (0x035e3233) x 4 0x00000009
core   0: 0x80008400 (0x000057fd) c.li    a5, -1
core   0: 3 0x80008400 (0x57fd) x15 0xffffffff
core   0: 0x80008402 (0x01183e33) sltu    t3, a6, a7
core   0: 3 0x80008402 (0x01183e33) x28 0x00000000
core   0: 0x80008406 (0x996e3213) sltiu   tp, t3, -1642
core   0: 3 0x80008406 (0x996e3213) x 4 0x00000001
core   0: 0x8000840a (0x00008651) c.srai  a2, 20
core   0: 3 0x8000840a (0x8651) x12 0xffffffe4
core   0: 0x8000840c (0xdab3a813) slti    a6, t2, -597
core   0: 3 0x8000840c (0xdab3a813) x16 0x00000000
core   0: 0x80008410 (0x00008d06) c.mv    s10, ra
core   0: 3 0x80008410 (0x8d06) x26 0x029a578d
core   0: 0x80008412 (0x0000c389) c.beqz  a5, pc + 2
core   0: 3 0x80008412 (0xc389)
core   0: 0x80008414 (0xa8de2b13) slti    s6, t3, -1395
core   0: 3 0x80008414 (0xa8de2b13) x22 0x00000000
core   0: 0x80008418 (0x03529563) bne     t0, s5, pc + 42
core   0: 3 0x80008418 (0x03529563)
core   0: 0x80008442 (0x0000e105) c.bnez  a0, pc + 32
core   0: 3 0x80008442 (0xe105)
core   0: 0x80008462 (0x00008509) c.srai  a0, 2
core   0: 3 0x80008462 (0x8509) x10 0xffffffff
core   0: 0x80008464 (0x0000e509) c.bnez  a0, pc + 10
core   0: 3 0x80008464 (0xe509)
core   0: 0x8000846e (0x002950b3) srl     ra, s2, sp
core   0: 3 0x8000846e (0x002950b3) x 1 0x00000000
core   0: 0x80008472 (0x00008f31) c.xor   a4, a2
core   0: 3 0x80008472 (0x8f31) x14 0x8000018a
core   0: 0x80008474 (0x03c012b3) mulh    t0, zero, t3
core   0: 3 0x80008474 (0x03c012b3) x 5 0x00000000
core   0: 0x80008478 (0x0ff0000f) fence   iorw,iorw
core   0: 3 0x80008478 (0x0ff0000f)
core   0: 0x8000847c (0xaac6ce97) auipc   t4, 0xaac6c
core   0: 3 0x8000847c (0xaac6ce97) x29 0x2ac7447c
core   0: 0x80008480 (0x030497b3) mulh    a5, s1, a6
core   0: 3 0x80008480 (0x030497b3) x15 0x00000000
core   0: 0x80008484 (0x0000021e) c.slli  tp, 7
core   0: 3 0x80008484 (0x021e) x 4 0x00000080
core   0: 0x80008486 (0x03463833) mulhu   a6, a2, s4
core   0: 3 0x80008486 (0x03463833) x16 0x80025e55
core   0: 0x8000848a (0x41f78ab3) sub     s5, a5, t6
core   0: 3 0x8000848a (0x41f78ab3) x21 0x00de1d2f
core   0: 0x8000848e (0x01aa9f33) sll     t5, s5, s10
core   0: 3 0x8000848e (0x01aa9f33) x30 0xc3a5e000
core   0: 0x80008492 (0x02d4beb3) mulhu   t4, s1, a3
core   0: 3 0x80008492 (0x02d4beb3) x29 0x0000001f
core   0: 0x80008496 (0x00000b2a) c.slli  s6, 10
core   0: 3 0x80008496 (0x0b2a) x22 0x00000000
core   0: 0x80008498 (0x03322233) mulhsu  tp, tp, s3
core   0: 3 0x80008498 (0x03322233) x 4 0x00000040
core   0: 0x8000849c (0x0364be33) mulhu   t3, s1, s6
core   0: 3 0x8000849c (0x0364be33) x28 0x00000000
core   0: 0x800084a0 (0x0386b7b3) mulhu   a5, a3, s8
core   0: 3 0x800084a0 (0x0386b7b3) x15 0x00000000
core   0: 0x800084a4 (0x00000001) c.nop
core   0: 3 0x800084a4 (0x0001)
core   0: 0x800084a6 (0x00000001) c.nop
core   0: 3 0x800084a6 (0x0001)
core   0: 0x800084a8 (0x00938d63) beq     t2, s1, pc + 26
core   0: 3 0x800084a8 (0x00938d63)
core   0: 0x800084ac (0x03bda7b3) mulhsu  a5, s11, s11
core   0: 3 0x800084ac (0x03bda7b3) x15 0x00000000
core   0: 0x800084b0 (0x0000ef85) c.bnez  a5, pc + 56
core   0: 3 0x800084b0 (0xef85)
core   0: 0x800084b2 (0xb2dc4693) xori    a3, s8, -1235
core   0: 3 0x800084b2 (0xb2dc4693) x13 0xfffffb2d
core   0: 0x800084b6 (0x0135bdb3) sltu    s11, a1, s3
core   0: 3 0x800084b6 (0x0135bdb3) x27 0x00000001
core   0: 0x800084ba (0xae11fc13) andi    s8, gp, -1311
core   0: 3 0x800084ba (0xae11fc13) x24 0x09c33020
core   0: 0x800084be (0x03e44d63) blt     s0, t5, pc + 58
core   0: 3 0x800084be (0x03e44d63)
core   0: 0x800084c2 (0x000067c9) c.lui   a5, 0x12
core   0: 3 0x800084c2 (0x67c9) x15 0x00012000
core   0: 0x800084c4 (0xf8867f13) andi    t5, a2, -120
core   0: 3 0x800084c4 (0xf8867f13) x30 0xffffff80
core   0: 0x800084c8 (0x000063bd) c.lui   t2, 0xf
core   0: 3 0x800084c8 (0x63bd) x 7 0x0000f000
core   0: 0x800084ca (0x00000001) c.nop
core   0: 3 0x800084ca (0x0001)
core   0: 0x800084cc (0x02450433) mul     s0, a0, tp
core   0: 3 0x800084cc (0x02450433) x 8 0xffffffc0
core   0: 0x800084d0 (0x0ff0000f) fence   iorw,iorw
core   0: 3 0x800084d0 (0x0ff0000f)
core   0: 0x800084d4 (0x01967ab3) and     s5, a2, s9
core   0: 3 0x800084d4 (0x01967ab3) x21 0x00000000
core   0: 0x800084d8 (0x036c9533) mulh    a0, s9, s6
core   0: 3 0x800084d8 (0x036c9533) x10 0x00000000
core   0: 0x800084dc (0x02ab6db3) rem     s11, s6, a0
core   0: 3 0x800084dc (0x02ab6db3) x27 0x00000000
core   0: 0x800084e0 (0x022cc0b3) div     ra, s9, sp
core   0: 3 0x800084e0 (0x022cc0b3) x 1 0x00000000
core   0: 0x800084e4 (0x000087c9) c.srai  a5, 18
core   0: 3 0x800084e4 (0x87c9) x15 0x00000000
core   0: 0x800084e6 (0x0000e909) c.bnez  a0, pc + 18
core   0: 3 0x800084e6 (0xe909)
core   0: 0x800084e8 (0x10242f13) slti    t5, s0, 258
core   0: 3 0x800084e8 (0x10242f13) x30 0x00000001
core   0: 0x800084ec (0x036a6063) bltu    s4, s6, pc + 32
core   0: 3 0x800084ec (0x036a6063)
core   0: 0x800084f0 (0x79f4ad13) slti    s10, s1, 1951
core   0: 3 0x800084f0 (0x79f4ad13) x26 0x00000000
core   0: 0x800084f4 (0x000083ed) c.srli  a5, 27
core   0: 3 0x800084f4 (0x83ed) x15 0x00000000
core   0: 0x800084f6 (0x00008522) c.mv    a0, s0
core   0: 3 0x800084f6 (0x8522) x10 0xffffffc0
core   0: 0x800084f8 (0x01285c13) srli    s8, a6, 18
core   0: 3 0x800084f8 (0x01285c13) x24 0x00002000
core   0: 0x800084fc (0x0000818a) c.mv    gp, sp
core   0: 3 0x800084fc (0x818a) x 3 0x80029ce4
core   0: 0x800084fe (0x00005b7d) c.li    s6, -1
core   0: 3 0x800084fe (0x5b7d) x22 0xffffffff
core   0: 0x80008500 (0x02065fb3) divu    t6, a2, zero
core   0: 3 0x80008500 (0x02065fb3) x31 0xffffffff
core   0: 0x80008504 (0x00000001) c.nop
core   0: 3 0x80008504 (0x0001)
core   0: 0x80008506 (0x0000809d) c.srli  s1, 7
core   0: 3 0x80008506 (0x809d) x 9 0x00000018
core   0: 0x80008508 (0x54a8fc93) andi    s9, a7, 1354
core   0: 3 0x80008508 (0x54a8fc93) x25 0x00000000
core   0: 0x8000850c (0x00008c99) c.sub   s1, a4
core   0: 3 0x8000850c (0x8c99) x 9 0x7ffffe8e
core   0: 0x8000850e (0x00008d1d) c.sub   a0, a5
core   0: 3 0x8000850e (0x8d1d) x10 0xffffffc0
core   0: 0x80008510 (0x00008fbd) c.xor   a5, a5
core   0: 3 0x80008510 (0x8fbd) x15 0x00000000
core   0: 0x80008512 (0x0000c609) c.beqz  a2, pc + 10
core   0: 3 0x80008512 (0xc609)
core   0: 0x80008514 (0x01db6f63) bltu    s6, t4, pc + 30
core   0: 3 0x80008514 (0x01db6f63)
core   0: 0x80008518 (0x007d1233) sll     tp, s10, t2
core   0: 3 0x80008518 (0x007d1233) x 4 0x00000000
core   0: 0x8000851c (0x03ace7b3) rem     a5, s9, s10
core   0: 3 0x8000851c (0x03ace7b3) x15 0x00000000
core   0: 0x80008520 (0x00008eb1) c.xor   a3, a2
core   0: 3 0x80008520 (0x8eb1) x13 0x000004c9
core   0: 0x80008522 (0xce238b13) addi    s6, t2, -798
core   0: 3 0x80008522 (0xce238b13) x22 0x0000ece2
core   0: 0x80008526 (0x6c37bc93) sltiu   s9, a5, 1731
core   0: 3 0x80008526 (0x6c37bc93) x25 0x00000001
core   0: 0x8000852a (0x005bb733) sltu    a4, s7, t0
core   0: 3 0x8000852a (0x005bb733) x14 0x00000000
core   0: 0x8000852e (0x0301d033) divu    zero, gp, a6
core   0: 3 0x8000852e (0x0301d033)
core   0: 0x80008532 (0x00000001) c.nop
core   0: 3 0x80008532 (0x0001)
core   0: 0x80008534 (0x4078dfb3) sra     t6, a7, t2
core   0: 3 0x80008534 (0x4078dfb3) x31 0xc0000000
core   0: 0x80008538 (0x01eb1c63) bne     s6, t5, pc + 24
core   0: 3 0x80008538 (0x01eb1c63)
core   0: 0x80008550 (0x020e4db3) div     s11, t3, zero
core   0: 3 0x80008550 (0x020e4db3) x27 0xffffffff
core   0: 0x80008554 (0x00e104b3) add     s1, sp, a4
core   0: 3 0x80008554 (0x00e104b3) x 9 0x80029ce4
core   0: 0x80008558 (0x00008ab6) c.mv    s5, a3
core   0: 3 0x80008558 (0x8ab6) x21 0x000004c9
core   0: 0x8000855a (0x00837a63) bgeu    t1, s0, pc + 20
core   0: 3 0x8000855a (0x00837a63)
core   0: 0x8000855e (0x000087e9) c.srai  a5, 26
core   0: 3 0x8000855e (0x87e9) x15 0x00000000
core   0: 0x80008560 (0x00008dda) c.mv    s11, s6
core   0: 3 0x80008560 (0x8dda) x27 0x0000ece2
core   0: 0x80008562 (0x012d6263) bltu    s10, s2, pc + 4
core   0: 3 0x80008562 (0x012d6263)
core   0: 0x80008566 (0x0000c331) c.beqz  a4, pc + 68
core   0: 3 0x80008566 (0xc331)
core   0: 0x800085aa (0x0334c333) div     t1, s1, s3
core   0: 3 0x800085aa (0x0334c333) x 6 0x00000001
core   0: 0x800085ae (0xda940493) addi    s1, s0, -599
core   0: 3 0x800085ae (0xda940493) x 9 0xfffffd69
core   0: 0x800085b2 (0xc5d6b093) sltiu   ra, a3, -931
core   0: 3 0x800085b2 (0xc5d6b093) x 1 0x00000001
core   0: 0x800085b6 (0x313af313) andi    t1, s5, 787
core   0: 3 0x800085b6 (0x313af313) x 6 0x00000001
core   0: 0x800085ba (0x00004c59) c.li    s8, 22
core   0: 3 0x800085ba (0x4c59) x24 0x00000016
core   0: 0x800085bc (0x41e8d513) srai    a0, a7, 30
core   0: 3 0x800085bc (0x41e8d513) x10 0xffffffff
core   0: 0x800085c0 (0x00e8d6b3) srl     a3, a7, a4
core   0: 3 0x800085c0 (0x00e8d6b3) x13 0xc0000000
core   0: 0x800085c4 (0x3e4a7193) andi    gp, s4, 996
core   0: 3 0x800085c4 (0x3e4a7193) x 3 0x00000264
core   0: 0x800085c8 (0x8e4fb737) lui     a4, 0x8e4fb
core   0: 3 0x800085c8 (0x8e4fb737) x14 0x8e4fb000
core   0: 0x800085cc (0x0000857a) c.mv    a0, t5
core   0: 3 0x800085cc (0x857a) x10 0x00000001
core   0: 0x800085ce (0x02aec6b3) div     a3, t4, a0
core   0: 3 0x800085ce (0x02aec6b3) x13 0x0000001f
core   0: 0x800085d2 (0x0129a733) slt     a4, s3, s2
core   0: 3 0x800085d2 (0x0129a733) x14 0x00000001
core   0: 0x800085d6 (0x0065a9b3) slt     s3, a1, t1
core   0: 3 0x800085d6 (0x0065a9b3) x19 0x00000001
core   0: 0x800085da (0x000006fe) c.slli  a3, 31
core   0: 3 0x800085da (0x06fe) x13 0x80000000
core   0: 0x800085dc (0x03bc9f63) bne     s9, s11, pc + 62
core   0: 3 0x800085dc (0x03bc9f63)
core   0: 0x8000861a (0x02341233) mulh    tp, s0, gp
core   0: 3 0x8000861a (0x02341233) x 4 0xffffffff
core   0: 0x8000861e (0x3b9d3937) lui     s2, 0x3b9d3
core   0: 3 0x8000861e (0x3b9d3937) x18 0x3b9d3000
core   0: 0x80008622 (0x00008f91) c.sub   a5, a2
core   0: 3 0x80008622 (0x8f91) x15 0x0000001c
core   0: 0x80008624 (0xefae6b93) ori     s7, t3, -262
core   0: 3 0x80008624 (0xefae6b93) x23 0xfffffefa
core   0: 0x80008628 (0x02455833) divu    a6, a0, tp
core   0: 3 0x80008628 (0x02455833) x16 0x00000000
core   0: 0x8000862c (0x00008f11) c.sub   a4, a2
core   0: 3 0x8000862c (0x8f11) x14 0x0000001d
core   0: 0x8000862e (0x016f9313) slli    t1, t6, 22
core   0: 3 0x8000862e (0x016f9313) x 6 0x00000000
core   0: 0x80008632 (0x49bb8a93) addi    s5, s7, 1179
core   0: 3 0x80008632 (0x49bb8a93) x21 0x00000395
core   0: 0x80008636 (0x00005efd) c.li    t4, -1
core   0: 3 0x80008636 (0x5efd) x29 0xffffffff
core   0: 0x80008638 (0x00009eee) c.add   t4, s11
core   0: 3 0x80008638 (0x9eee) x29 0x0000ece1
core   0: 0x8000863a (0x0169b7b3) sltu    a5, s3, s6
core   0: 3 0x8000863a (0x0169b7b3) x15 0x00000001
core   0: 0x8000863e (0x00008c21) c.xor   s0, s0
core   0: 3 0x8000863e (0x8c21) x 8 0x00000000
core   0: 0x80008640 (0x00008415) c.srai  s0, 5
core   0: 3 0x80008640 (0x8415) x 8 0x00000000
core   0: 0x80008642 (0x64178f93) addi    t6, a5, 1601
core   0: 3 0x80008642 (0x64178f93) x31 0x00000642
core   0: 0x80008646 (0x010ddf93) srli    t6, s11, 16
core   0: 3 0x80008646 (0x010ddf93) x31 0x00000000
core   0: 0x8000864a (0x00000001) c.nop
core   0: 3 0x8000864a (0x0001)
core   0: 0x8000864c (0x401fd433) sra     s0, t6, ra
core   0: 3 0x8000864c (0x401fd433) x 8 0x00000000
core   0: 0x80008650 (0x0000100f) fence.i
core   0: 3 0x80008650 (0x0000100f)
core   0: 0x80008654 (0xe9af2613) slti    a2, t5, -358
core   0: 3 0x80008654 (0xe9af2613) x12 0x00000000
core   0: 0x80008658 (0x0000c499) c.beqz  s1, pc + 14
core   0: 3 0x80008658 (0xc499)
core   0: 0x8000865a (0x01ee6c63) bltu    t3, t5, pc + 24
core   0: 3 0x8000865a (0x01ee6c63)
core   0: 0x80008672 (0x00008489) c.srai  s1, 2
core   0: 3 0x80008672 (0x8489) x 9 0xffffff5a
core   0: 0x80008674 (0x000084f1) c.srai  s1, 28
core   0: 3 0x80008674 (0x84f1) x 9 0xffffffff
core   0: 0x80008676 (0x62ebfa93) andi    s5, s7, 1582
core   0: 3 0x80008676 (0x62ebfa93) x21 0x0000062a
core   0: 0x8000867a (0x0000537d) c.li    t1, -1
core   0: 3 0x8000867a (0x537d) x 6 0xffffffff
core   0: 0x8000867c (0x03fdcd63) blt     s11, t6, pc + 58
core   0: 3 0x8000867c (0x03fdcd63)
core   0: 0x80008680 (0x00008f75) c.and   a4, a3
core   0: 3 0x80008680 (0x8f75) x14 0x00000000
core   0: 0x80008682 (0x419c84b3) sub     s1, s9, s9
core   0: 3 0x80008682 (0x419c84b3) x 9 0x00000000
core   0: 0x80008686 (0x4089d733) sra     a4, s3, s0
core   0: 3 0x80008686 (0x4089d733) x14 0x00000001
core   0: 0x8000868a (0x5b060213) addi    tp, a2, 1456
core   0: 3 0x8000868a (0x5b060213) x 4 0x000005b0
core   0: 0x8000868e (0x01e4d6b3) srl     a3, s1, t5
core   0: 3 0x8000868e (0x01e4d6b3) x13 0x00000000
core   0: 0x80008692 (0x01255e63) bge     a0, s2, pc + 28
core   0: 3 0x80008692 (0x01255e63)
core   0: 0x80008696 (0x0349f863) bgeu    s3, s4, pc + 48
core   0: 3 0x80008696 (0x0349f863)
core   0: 0x8000869a (0x0344b1b3) mulhu   gp, s1, s4
core   0: 3 0x8000869a (0x0344b1b3) x 3 0x00000000
core   0: 0x8000869e (0x030f11b3) mulh    gp, t5, a6
core   0: 3 0x8000869e (0x030f11b3) x 3 0x00000000
core   0: 0x800086a2 (0x0fa86d93) ori     s11, a6, 250
core   0: 3 0x800086a2 (0x0fa86d93) x27 0x000000fa
core   0: 0x800086a6 (0x001e7033) and     zero, t3, ra
core   0: 3 0x800086a6 (0x001e7033)
core   0: 0x800086aa (0x028bcb63) blt     s7, s0, pc + 54
core   0: 3 0x800086aa (0x028bcb63)
core   0: 0x800086e0 (0x00e4d193) srli    gp, s1, 14
core   0: 3 0x800086e0 (0x00e4d193) x 3 0x00000000
core   0: 0x800086e4 (0xfcef7213) andi    tp, t5, -50
core   0: 3 0x800086e4 (0xfcef7213) x 4 0x00000000
core   0: 0x800086e8 (0x031e5163) bge     t3, a7, pc + 34
core   0: 3 0x800086e8 (0x031e5163)
core   0: 0x8000870a (0x0000e505) c.bnez  a0, pc + 40
core   0: 3 0x8000870a (0xe505)
core   0: 0x80008732 (0x00008e09) c.sub   a2, a0
core   0: 3 0x80008732 (0x8e09) x12 0xffffffff
core   0: 0x80008734 (0x020fa933) mulhsu  s2, t6, zero
core   0: 3 0x80008734 (0x020fa933) x18 0x00000000
core   0: 0x80008738 (0x01f2f233) and     tp, t0, t6
core   0: 3 0x80008738 (0x01f2f233) x 4 0x00000000
core   0: 0x8000873c (0x02b85e33) divu    t3, a6, a1
core   0: 3 0x8000873c (0x02b85e33) x28 0x00000000
core   0: 0x80008740 (0x00004315) c.li    t1, 5
core   0: 3 0x80008740 (0x4315) x 6 0x00000005
core   0: 0x80008742 (0x0335c3b3) div     t2, a1, s3
core   0: 3 0x80008742 (0x0335c3b3) x 7 0x80000000
core   0: 0x80008746 (0x9a1ac313) xori    t1, s5, -1631
core   0: 3 0x80008746 (0x9a1ac313) x 6 0xffffff8b
core   0: 0x8000874a (0x03e57633) remu    a2, a0, t5
core   0: 3 0x8000874a (0x03e57633) x12 0x00000000
core   0: 0x8000874e (0x00009b7d) c.andi  a4, -1
core   0: 3 0x8000874e (0x9b7d) x14 0x00000001
core   0: 0x80008750 (0x03674163) blt     a4, s6, pc + 34
core   0: 3 0x80008750 (0x03674163)
core   0: 0x80008772 (0x01409f13) slli    t5, ra, 20
core   0: 3 0x80008772 (0x01409f13) x30 0x00100000
core   0: 0x80008776 (0x54c4f313) andi    t1, s1, 1356
core   0: 3 0x80008776 (0x54c4f313) x 6 0x00000000
core   0: 0x8000877a (0x00008bbe) c.mv    s7, a5
core   0: 3 0x8000877a (0x8bbe) x23 0x00000001
core   0: 0x8000877c (0x034902b3) mul     t0, s2, s4
core   0: 3 0x8000877c (0x034902b3) x 5 0x00000000
core   0: 0x80008780 (0x00004e25) c.li    t3, 9
core   0: 3 0x80008780 (0x4e25) x28 0x00000009
core   0: 0x80008782 (0x011c0ab3) add     s5, s8, a7
core   0: 3 0x80008782 (0x011c0ab3) x21 0xc0000016
core   0: 0x80008786 (0x035b63b3) rem     t2, s6, s5
core   0: 3 0x80008786 (0x035b63b3) x 7 0x0000ece2
core   0: 0x8000878a (0x0000849a) c.mv    s1, t1
core   0: 3 0x8000878a (0x849a) x 9 0x00000000
core   0: 0x8000878c (0x00009cca) c.add   s9, s2
core   0: 3 0x8000878c (0x9cca) x25 0x00000001
core   0: 0x8000878e (0x0050eab3) or      s5, ra, t0
core   0: 3 0x8000878e (0x0050eab3) x21 0x00000001
core   0: 0x80008792 (0x419d86b3) sub     a3, s11, s9
core   0: 3 0x80008792 (0x419d86b3) x13 0x000000f9
core   0: 0x80008796 (0x00001dfd) c.addi  s11, -1
core   0: 3 0x80008796 (0x1dfd) x27 0x000000f9
core   0: 0x80008798 (0x013bd193) srli    gp, s7, 19
core   0: 3 0x80008798 (0x013bd193) x 3 0x00000000
core   0: 0x8000879c (0x03078b63) beq     a5, a6, pc + 54
core   0: 3 0x8000879c (0x03078b63)
core   0: 0x800087a0 (0x03231263) bne     t1, s2, pc + 36
core   0: 3 0x800087a0 (0x03231263)
core   0: 0x800087a4 (0x00001dfd) c.addi  s11, -1
core   0: 3 0x800087a4 (0x1dfd) x27 0x000000f8
core   0: 0x800087a6 (0x000af733) and     a4, s5, zero
core   0: 3 0x800087a6 (0x000af733) x14 0x00000000
core   0: 0x800087aa (0x036dc863) blt     s11, s6, pc + 48
core   0: 3 0x800087aa (0x036dc863)
core   0: 0x800087da (0xd0cb4d93) xori    s11, s6, -756
core   0: 3 0x800087da (0xd0cb4d93) x27 0xffff11ee
core   0: 0x800087de (0x01b92c33) slt     s8, s2, s11
core   0: 3 0x800087de (0x01b92c33) x24 0x00000000
core   0: 0x800087e2 (0x00574a63) blt     a4, t0, pc + 20
core   0: 3 0x800087e2 (0x00574a63)
core   0: 0x800087e6 (0x00000001) c.nop
core   0: 3 0x800087e6 (0x0001)
core   0: 0x800087e8 (0x0ff0000f) fence   iorw,iorw
core   0: 3 0x800087e8 (0x0ff0000f)
core   0: 0x800087ec (0xb0993513) sltiu   a0, s2, -1271
core   0: 3 0x800087ec (0xb0993513) x10 0x00000001
core   0: 0x800087f0 (0x0000ef19) c.bnez  a4, pc + 30
core   0: 3 0x800087f0 (0xef19)
core   0: 0x800087f2 (0x027bcb63) blt     s7, t2, pc + 54
core   0: 3 0x800087f2 (0x027bcb63)
core   0: 0x80008828 (0x0000ce1d) c.beqz  a2, pc + 62
core   0: 3 0x80008828 (0xce1d)
core   0: 0x80008866 (0x59220693) addi    a3, tp, 1426
core   0: 3 0x80008866 (0x59220693) x13 0x00000592
core   0: 0x8000886a (0x0318bd33) mulhu   s10, a7, a7
core   0: 3 0x8000886a (0x0318bd33) x26 0x90000000
core   0: 0x8000886e (0x03648733) mul     a4, s1, s6
core   0: 3 0x8000886e (0x03648733) x14 0x00000000
core   0: 0x80008872 (0x0ff0000f) fence   iorw,iorw
core   0: 3 0x80008872 (0x0ff0000f)
core   0: 0x80008876 (0x32c80293) addi    t0, a6, 812
core   0: 3 0x80008876 (0x32c80293) x 5 0x0000032c
core   0: 0x8000887a (0x00000516) c.slli  a0, 5
core   0: 3 0x8000887a (0x0516) x10 0x00000020
core   0: 0x8000887c (0x7af7b893) sltiu   a7, a5, 1967
core   0: 3 0x8000887c (0x7af7b893) x17 0x00000001
core   0: 0x80008880 (0x01097533) and     a0, s2, a6
core   0: 3 0x80008880 (0x01097533) x10 0x00000000
core   0: 0x80008884 (0x6b542513) slti    a0, s0, 1717
core   0: 3 0x80008884 (0x6b542513) x10 0x00000001
core   0: 0x80008888 (0x00000001) c.nop
core   0: 3 0x80008888 (0x0001)
core   0: 0x8000888a (0x018476b3) and     a3, s0, s8
core   0: 3 0x8000888a (0x018476b3) x13 0x00000000
core   0: 0x8000888e (0xdf12ff93) andi    t6, t0, -527
core   0: 3 0x8000888e (0xdf12ff93) x31 0x00000120
core   0: 0x80008892 (0x0000ed01) c.bnez  a0, pc + 24
core   0: 3 0x80008892 (0xed01)
core   0: 0x800088aa (0x03889563) bne     a7, s8, pc + 42
core   0: 3 0x800088aa (0x03889563)
core   0: 0x800088d4 (0x01771833) sll     a6, a4, s7
core   0: 3 0x800088d4 (0x01771833) x16 0x00000000
core   0: 0x800088d8 (0x0021ccb3) xor     s9, gp, sp
core   0: 3 0x800088d8 (0x0021ccb3) x25 0x80029ce4
core   0: 0x800088dc (0x0ff0000f) fence   iorw,iorw
core   0: 3 0x800088dc (0x0ff0000f)
core   0: 0x800088e0 (0x01833d33) sltu    s10, t1, s8
core   0: 3 0x800088e0 (0x01833d33) x26 0x00000000
core   0: 0x800088e4 (0x373d6393) ori     t2, s10, 883
core   0: 3 0x800088e4 (0x373d6393) x 7 0x00000373
core   0: 0x800088e8 (0x00010317) auipc   t1, 0x10
core   0: 3 0x800088e8 (0x00010317) x 6 0x800188e8
core   0: 0x800088ec (0x82b30313) addi    t1, t1, -2005
core   0: 3 0x800088ec (0x82b30313) x 6 0x80018113
core   0: 0x800088f0 (0x03a30c83) lb      s9, 58(t1)
core   0: 3 0x800088f0 (0x03a30c83) x25 0x00000006 mem 0x8001814d
core   0: 0x800088f4 (0x03a30c23) sb      s10, 56(t1)
core   0: 3 0x800088f4 (0x03a30c23) mem 0x8001814b 0x0
core   0: 0x800088f8 (0x00a34c83) lbu     s9, 10(t1)
core   0: 3 0x800088f8 (0x00a34c83) x25 0x000000d6 mem 0x8001811d
core   0: 0x800088fc (0x78897213) andi    tp, s2, 1928
core   0: 3 0x800088fc (0x78897213) x 4 0x00000000
core   0: 0x80008900 (0xfc034203) lbu     tp, -64(t1)
core   0: 3 0x80008900 (0xfc034203) x 4 0x00000088 mem 0x800180d3
core   0: 0x80008904 (0x57223913) sltiu   s2, tp, 1394
core   0: 3 0x80008904 (0x57223913) x18 0x00000001
core   0: 0x80008908 (0xfc931203) lh      tp, -55(t1)
core   0: 3 0x80008908 (0xfc931203) x 4 0xffff9697 mem 0x800180dc
core   0: 0x8000890c (0xffa34203) lbu     tp, -6(t1)
core   0: 3 0x8000890c (0xffa34203) x 4 0x000000c6 mem 0x8001810d
core   0: 0x80008910 (0x00000932) c.slli  s2, 12
core   0: 3 0x80008910 (0x0932) x18 0x00001000
core   0: 0x80008912 (0x024c8cb3) mul     s9, s9, tp
core   0: 3 0x80008912 (0x024c8cb3) x25 0x0000a584
core   0: 0x80008916 (0x019d9cb3) sll     s9, s11, s9
core   0: 3 0x80008916 (0x019d9cb3) x25 0xfff11ee0
core   0: 0x8000891a (0x00008ffd) c.and   a5, a5
core   0: 3 0x8000891a (0x8ffd) x15 0x00000001
core   0: 0x8000891c (0x03a94233) div     tp, s2, s10
core   0: 3 0x8000891c (0x03a94233) x 4 0xffffffff
core   0: 0x80008920 (0x019312a3) sh      s9, 5(t1)
core   0: 3 0x80008920 (0x019312a3) mem 0x80018118 0x1ee0
core   0: 0x80008924 (0x03a319a3) sh      s10, 51(t1)
core   0: 3 0x80008924 (0x03a319a3) mem 0x80018146 0x0000
core   0: 0x80008928 (0x02f92cb3) mulhsu  s9, s2, a5
core   0: 3 0x80008928 (0x02f92cb3) x25 0x00000000
core   0: 0x8000892c (0x03230ca3) sb      s2, 57(t1)
core   0: 3 0x8000892c (0x03230ca3) mem 0x8001814c 0x0
core   0: 0x80008930 (0xff834d03) lbu     s10, -8(t1)
core   0: 3 0x80008930 (0xff834d03) x26 0x000000c0 mem 0x8001810b
core   0: 0x80008934 (0xfc694c97) auipc   s9, 0xfc694
core   0: 3 0x80008934 (0xfc694c97) x25 0x7c69c934
core   0: 0x80008938 (0x01534d03) lbu     s10, 21(t1)
core   0: 3 0x80008938 (0x01534d03) x26 0x000000e3 mem 0x80018128
core   0: 0x8000893c (0x01b27233) and     tp, tp, s11
core   0: 3 0x8000893c (0x01b27233) x 4 0xffff11ee
core   0: 0x80008940 (0xffb314a3) sh      s11, -23(t1)
core   0: 3 0x80008940 (0xffb314a3) mem 0x800180fc 0x11ee
core   0: 0x80008944 (0x00008966) c.mv    s2, s9
core   0: 3 0x80008944 (0x8966) x18 0x7c69c934
core   0: 0x80008946 (0x01acedb3) or      s11, s9, s10
core   0: 3 0x80008946 (0x01acedb3) x27 0x7c69c9f7
core   0: 0x8000894a (0xfd734783) lbu     a5, -41(t1)
core   0: 3 0x8000894a (0xfd734783) x15 0x000000a1 mem 0x800180ea
core   0: 0x8000894e (0xcf813213) sltiu   tp, sp, -776
core   0: 3 0x8000894e (0xcf813213) x 4 0x00000001
core   0: 0x80008952 (0xdb223713) sltiu   a4, tp, -590
core   0: 3 0x80008952 (0xdb223713) x14 0x00000001
core   0: 0x80008956 (0x0335dab3) divu    s5, a1, s3
core   0: 3 0x80008956 (0x0335dab3) x21 0x80000000
core   0: 0x8000895a (0x00000752) c.slli  a4, 20
core   0: 3 0x8000895a (0x0752) x14 0x00100000
core   0: 0x8000895c (0x02fa11b3) mulh    gp, s4, a5
core   0: 3 0x8000895c (0x02fa11b3) x 3 0xffffffaf
core   0: 0x80008960 (0x00008d75) c.and   a0, a3
core   0: 3 0x80008960 (0x8d75) x10 0x00000000
core   0: 0x80008962 (0x0ff0000f) fence   iorw,iorw
core   0: 3 0x80008962 (0x0ff0000f)
core   0: 0x80008966 (0x02b80f33) mul     t5, a6, a1
core   0: 3 0x80008966 (0x02b80f33) x30 0x00000000
core   0: 0x8000896a (0x0000100f) fence.i
core   0: 3 0x8000896a (0x0000100f)
core   0: 0x8000896e (0x01ba5293) srli    t0, s4, 27
core   0: 3 0x8000896e (0x01ba5293) x 5 0x00000010
core   0: 0x80008972 (0x5917ec13) ori     s8, a5, 1425
core   0: 3 0x80008972 (0x5917ec13) x24 0x000005b1
core   0: 0x80008976 (0x0000ce11) c.beqz  a2, pc + 28
core   0: 3 0x80008976 (0xce11)
core   0: 0x80008992 (0x0010a0b3) slt     ra, ra, ra
core   0: 3 0x80008992 (0x0010a0b3) x 1 0x00000000
core   0: 0x80008996 (0x01c55913) srli    s2, a0, 28
core   0: 3 0x80008996 (0x01c55913) x18 0x00000000
core   0: 0x8000899a (0x0000100f) fence.i
core   0: 3 0x8000899a (0x0000100f)
core   0: 0x8000899e (0x0039b733) sltu    a4, s3, gp
core   0: 3 0x8000899e (0x0039b733) x14 0x00000001
core   0: 0x800089a2 (0x02a8e533) rem     a0, a7, a0
core   0: 3 0x800089a2 (0x02a8e533) x10 0x00000001
core   0: 0x800089a6 (0x00000001) c.nop
core   0: 3 0x800089a6 (0x0001)
core   0: 0x800089a8 (0x0000e215) c.bnez  a2, pc + 36
core   0: 3 0x800089a8 (0xe215)
core   0: 0x800089aa (0x01ef2fb3) slt     t6, t5, t5
core   0: 3 0x800089aa (0x01ef2fb3) x31 0x00000000
core   0: 0x800089ae (0x0f660a93) addi    s5, a2, 246
core   0: 3 0x800089ae (0x0f660a93) x21 0x000000f6
core   0: 0x800089b2 (0x2aff8293) addi    t0, t6, 687
core   0: 3 0x800089b2 (0x2aff8293) x 5 0x000002af
core   0: 0x800089b6 (0x028acd63) blt     s5, s0, pc + 58
core   0: 3 0x800089b6 (0x028acd63)
core   0: 0x800089ba (0x0000ca11) c.beqz  a2, pc + 20
core   0: 3 0x800089ba (0xca11)
core   0: 0x800089ce (0x191e0413) addi    s0, t3, 401
core   0: 3 0x800089ce (0x191e0413) x 8 0x0000019a
core   0: 0x800089d2 (0x0000095d) c.addi  s2, 23
core   0: 3 0x800089d2 (0x095d) x18 0x00000017
core   0: 0x800089d4 (0x02548db3) mul     s11, s1, t0
core   0: 3 0x800089d4 (0x02548db3) x27 0x00000000
core   0: 0x800089d8 (0x01ccd733) srl     a4, s9, t3
core   0: 3 0x800089d8 (0x01ccd733) x14 0x003e34e4
core   0: 0x800089dc (0x00008c41) c.or    s0, s0
core   0: 3 0x800089dc (0x8c41) x 8 0x0000019a
core   0: 0x800089de (0x00f3c9b3) xor     s3, t2, a5
core   0: 3 0x800089de (0x00f3c9b3) x19 0x000003d2
core   0: 0x800089e2 (0x01b41b33) sll     s6, s0, s11
core   0: 3 0x800089e2 (0x01b41b33) x22 0x0000019a
core   0: 0x800089e6 (0x039e6bb3) rem     s7, t3, s9
core   0: 3 0x800089e6 (0x039e6bb3) x23 0x00000009
core   0: 0x800089ea (0x41820333) sub     t1, tp, s8
core   0: 3 0x800089ea (0x41820333) x 6 0xfffffa50
core   0: 0x800089ee (0x0000537d) c.li    t1, -1
core   0: 3 0x800089ee (0x537d) x 6 0xffffffff
core   0: 0x800089f0 (0x02b7cd33) div     s10, a5, a1
core   0: 3 0x800089f0 (0x02b7cd33) x26 0x00000000
core   0: 0x800089f4 (0x101ce913) ori     s2, s9, 257
core   0: 3 0x800089f4 (0x101ce913) x18 0x7c69c935
core   0: 0x800089f8 (0x00b4dd93) srli    s11, s1, 11
core   0: 3 0x800089f8 (0x00b4dd93) x27 0x00000000
core   0: 0x800089fc (0x02605233) divu    tp, zero, t1
core   0: 3 0x800089fc (0x02605233) x 4 0x00000000
core   0: 0x80008a00 (0x0000836d) c.srli  a4, 27
core   0: 3 0x80008a00 (0x836d) x14 0x00000000
core   0: 0x80008a02 (0x02d88db3) mul     s11, a7, a3
core   0: 3 0x80008a02 (0x02d88db3) x27 0x00000000
core   0: 0x80008a06 (0x4000db33) sra     s6, ra, zero
core   0: 3 0x80008a06 (0x4000db33) x22 0x00000000
core   0: 0x80008a0a (0x4e058293) addi    t0, a1, 1248
core   0: 3 0x80008a0a (0x4e058293) x 5 0x800004e0
core   0: 0x80008a0e (0x9bc63313) sltiu   t1, a2, -1604
core   0: 3 0x80008a0e (0x9bc63313) x 6 0x00000001
core   0: 0x80008a12 (0x000006e6) c.slli  a3, 25
core   0: 3 0x80008a12 (0x06e6) x13 0x00000000
core   0: 0x80008a14 (0x00000001) c.nop
core   0: 3 0x80008a14 (0x0001)
core   0: 0x80008a16 (0x40a8d093) srai    ra, a7, 10
core   0: 3 0x80008a16 (0x40a8d093) x 1 0x00000000
core   0: 0x80008a1a (0x00008c91) c.sub   s1, a2
core   0: 3 0x80008a1a (0x8c91) x 9 0x00000000
core   0: 0x80008a1c (0x0019ed33) or      s10, s3, ra
core   0: 3 0x80008a1c (0x0019ed33) x26 0x000003d2
core   0: 0x80008a20 (0x016bfd33) and     s10, s7, s6
core   0: 3 0x80008a20 (0x016bfd33) x26 0x00000000
core   0: 0x80008a24 (0x000084d5) c.srai  s1, 21
core   0: 3 0x80008a24 (0x84d5) x 9 0x00000000
core   0: 0x80008a26 (0x00009afd) c.andi  a3, -1
core   0: 3 0x80008a26 (0x9afd) x13 0x00000000
core   0: 0x80008a28 (0x000060c1) c.lui   ra, 0x10
core   0: 3 0x80008a28 (0x60c1) x 1 0x00010000
core   0: 0x80008a2a (0x025fc463) blt     t6, t0, pc + 40
core   0: 3 0x80008a2a (0x025fc463)
core   0: 0x80008a2e (0x035e9633) mulh    a2, t4, s5
core   0: 3 0x80008a2e (0x035e9633) x12 0x00000000
core   0: 0x80008a32 (0x02f314b3) mulh    s1, t1, a5
core   0: 3 0x80008a32 (0x02f314b3) x 9 0x00000000
core   0: 0x80008a36 (0x0000894e) c.mv    s2, s3
core   0: 3 0x80008a36 (0x894e) x18 0x000003d2
core   0: 0x80008a38 (0x000096de) c.add   a3, s7
core   0: 3 0x80008a38 (0x96de) x13 0x00000009
core   0: 0x80008a3a (0x01eb8f63) beq     s7, t5, pc + 30
core   0: 3 0x80008a3a (0x01eb8f63)
core   0: 0x80008a3e (0x0e2ff993) andi    s3, t6, 226
core   0: 3 0x80008a3e (0x0e2ff993) x19 0x00000000
core   0: 0x80008a42 (0x01719313) slli    t1, gp, 23
core   0: 3 0x80008a42 (0x01719313) x 6 0xd7800000
core   0: 0x80008a46 (0x02acf2b3) remu    t0, s9, a0
core   0: 3 0x80008a46 (0x02acf2b3) x 5 0x00000000
core   0: 0x80008a4a (0x00008c52) c.mv    s8, s4
core   0: 3 0x80008a4a (0x8c52) x24 0x80025e64
core   0: 0x80008a4c (0x40c4dfb3) sra     t6, s1, a2
core   0: 3 0x80008a4c (0x40c4dfb3) x31 0x00000000
core   0: 0x80008a50 (0x000047b9) c.li    a5, 14
core   0: 3 0x80008a50 (0x47b9) x15 0x0000000e
core   0: 0x80008a52 (0x00000786) c.slli  a5, 1
core   0: 3 0x80008a52 (0x0786) x15 0x0000001c
core   0: 0x80008a54 (0x01af8733) add     a4, t6, s10
core   0: 3 0x80008a54 (0x01af8733) x14 0x00000000
core   0: 0x80008a58 (0x0226a633) mulhsu  a2, a3, sp
core   0: 3 0x80008a58 (0x0226a633) x12 0x00000004
core   0: 0x80008a5c (0x41145033) sra     zero, s0, a7
core   0: 3 0x80008a5c (0x41145033)
core   0: 0x80008a60 (0x007810b3) sll     ra, a6, t2
core   0: 3 0x80008a60 (0x007810b3) x 1 0x00000000
core   0: 0x80008a64 (0x8ca42f93) slti    t6, s0, -1846
core   0: 3 0x80008a64 (0x8ca42f93) x31 0x00000000
core   0: 0x80008a68 (0x00008ca1) c.xor   s1, s0
core   0: 3 0x80008a68 (0x8ca1) x 9 0x0000019a
core   0: 0x80008a6a (0x00009cfe) c.add   s9, t6
core   0: 3 0x80008a6a (0x9cfe) x25 0x7c69c934
core   0: 0x80008a6c (0x015f5033) srl     zero, t5, s5
core   0: 3 0x80008a6c (0x015f5033)
core   0: 0x80008a70 (0x00000001) c.nop
core   0: 3 0x80008a70 (0x0001)
core   0: 0x80008a72 (0x02c17fb3) remu    t6, sp, a2
core   0: 3 0x80008a72 (0x02c17fb3) x31 0x00000000
core   0: 0x80008a76 (0x1413b2b7) lui     t0, 0x1413b
core   0: 3 0x80008a76 (0x1413b2b7) x 5 0x1413b000
core   0: 0x80008a7a (0x00cc6763) bltu    s8, a2, pc + 14
core   0: 3 0x80008a7a (0x00cc6763)
core   0: 0x80008a7e (0x01be6f33) or      t5, t3, s11
core   0: 3 0x80008a7e (0x01be6f33) x30 0x00000009
core   0: 0x80008a82 (0x0122ddb3) srl     s11, t0, s2
core   0: 3 0x80008a82 (0x0122ddb3) x27 0x00000504
core   0: 0x80008a86 (0x0000cb01) c.beqz  a4, pc + 16
core   0: 3 0x80008a86 (0xcb01)
core   0: 0x80008a96 (0xfd4f8513) addi    a0, t6, -44
core   0: 3 0x80008a96 (0xfd4f8513) x10 0xffffffd4
core   0: 0x80008a9a (0x0251dc33) divu    s8, gp, t0
core   0: 3 0x80008a9a (0x0251dc33) x24 0x0000000c
core   0: 0x80008a9e (0x00008775) c.srai  a4, 29
core   0: 3 0x80008a9e (0x8775) x14 0x00000000
core   0: 0x80008aa0 (0xc7937e17) auipc   t3, 0xc7937
core   0: 3 0x80008aa0 (0xc7937e17) x28 0x4793faa0
core   0: 0x80008aa4 (0x00009b8a) c.add   s7, sp
core   0: 3 0x80008aa4 (0x9b8a) x23 0x80029ced
core   0: 0x80008aa6 (0x35ce0d97) auipc   s11, 0x35ce0
core   0: 3 0x80008aa6 (0x35ce0d97) x27 0xb5ce8aa6
core   0: 0x80008aaa (0x039afbb3) remu    s7, s5, s9
core   0: 3 0x80008aaa (0x039afbb3) x23 0x000000f6
core   0: 0x80008aae (0x00fdac33) slt     s8, s11, a5
core   0: 3 0x80008aae (0x00fdac33) x24 0x00000001
core   0: 0x80008ab2 (0xc0590413) addi    s0, s2, -1019
core   0: 3 0x80008ab2 (0xc0590413) x 8 0xffffffd7
core   0: 0x80008ab6 (0x00000001) c.nop
core   0: 3 0x80008ab6 (0x0001)
core   0: 0x80008ab8 (0x00008525) c.srai  a0, 9
core   0: 3 0x80008ab8 (0x8525) x10 0xffffffff
core   0: 0x80008aba (0x01b06663) bltu    zero, s11, pc + 12
core   0: 3 0x80008aba (0x01b06663)
core   0: 0x80008ac6 (0x00006ed1) c.lui   t4, 0x14
core   0: 3 0x80008ac6 (0x6ed1) x29 0x00014000
core   0: 0x80008ac8 (0x01210cb3) add     s9, sp, s2
core   0: 3 0x80008ac8 (0x01210cb3) x25 0x8002a0b6
core   0: 0x80008acc (0x014334b3) sltu    s1, t1, s4
core   0: 3 0x80008acc (0x014334b3) x 9 0x00000000
core   0: 0x80008ad0 (0x032f7e33) remu    t3, t5, s2
core   0: 3 0x80008ad0 (0x032f7e33) x28 0x00000009
core   0: 0x80008ad4 (0x0ff0000f) fence   iorw,iorw
core   0: 3 0x80008ad4 (0x0ff0000f)
core   0: 0x80008ad8 (0x8d6dc813) xori    a6, s11, -1834
core   0: 3 0x80008ad8 (0x8d6dc813) x16 0x4a317270
core   0: 0x80008adc (0x0000e919) c.bnez  a0, pc + 22
core   0: 3 0x80008adc (0xe919)
core   0: 0x80008af2 (0x0000861d) c.srai  a2, 7
core   0: 3 0x80008af2 (0x861d) x12 0x00000000
core   0: 0x80008af4 (0x02214663) blt     sp, sp, pc + 44
core   0: 3 0x80008af4 (0x02214663)
core   0: 0x80008af8 (0xafbf7293) andi    t0, t5, -1285
core   0: 3 0x80008af8 (0xafbf7293) x 5 0x00000009
core   0: 0x80008afc (0x4067d7b3) sra     a5, a5, t1
core   0: 3 0x80008afc (0x4067d7b3) x15 0x0000001c
core   0: 0x80008b00 (0x00000001) c.nop
core   0: 3 0x80008b00 (0x0001)
core   0: 0x80008b02 (0x00004201) c.li    tp, 0
core   0: 3 0x80008b02 (0x4201) x 4 0x00000000
core   0: 0x80008b04 (0x0000ef09) c.bnez  a4, pc + 26
core   0: 3 0x80008b04 (0xef09)
core   0: 0x80008b06 (0x9a624c17) auipc   s8, 0x9a624
core   0: 3 0x80008b06 (0x9a624c17) x24 0x1a62cb06
core   0: 0x80008b0a (0x013df433) and     s0, s11, s3
core   0: 3 0x80008b0a (0x013df433) x 8 0x00000000
core   0: 0x80008b0e (0x08583997) auipc   s3, 0x8583
core   0: 3 0x80008b0e (0x08583997) x19 0x8858bb0e
core   0: 0x80008b12 (0x029df533) remu    a0, s11, s1
core   0: 3 0x80008b12 (0x029df533) x10 0xb5ce8aa6
core   0: 0x80008b16 (0x061e1463) bne     t3, ra, pc + 104
core   0: 3 0x80008b16 (0x061e1463)
core   0: 0x80008b7e (0x0000100f) fence.i
core   0: 3 0x80008b7e (0x0000100f)
core   0: 0x80008b82 (0x01570d63) beq     a4, s5, pc + 26
core   0: 3 0x80008b82 (0x01570d63)
core   0: 0x80008b86 (0x01a26b63) bltu    tp, s10, pc + 22
core   0: 3 0x80008b86 (0x01a26b63)
core   0: 0x80008b8a (0xa7b083b7) lui     t2, 0xa7b08
core   0: 3 0x80008b8a (0xa7b083b7) x 7 0xa7b08000
core   0: 0x80008b8e (0x01a72533) slt     a0, a4, s10
core   0: 3 0x80008b8e (0x01a72533) x10 0x00000000
core   0: 0x80008b92 (0x0000ca69) c.beqz  a2, pc + 210
core   0: 3 0x80008b92 (0xca69)
core   0: 0x80008c64 (0x01d7cb33) xor     s6, a5, t4
core   0: 3 0x80008c64 (0x01d7cb33) x22 0x0001401c
core   0: 0x80008c68 (0x00006425) c.lui   s0, 0x9
core   0: 3 0x80008c68 (0x6425) x 8 0x00009000
core   0: 0x80008c6a (0x038fd233) divu    tp, t6, s8
core   0: 3 0x80008c6a (0x038fd233) x 4 0x00000000
core   0: 0x80008c6e (0xdbd4ceb7) lui     t4, 0xdbd4c
core   0: 3 0x80008c6e (0xdbd4ceb7) x29 0xdbd4c000
core   0: 0x80008c72 (0x0ff0000f) fence   iorw,iorw
core   0: 3 0x80008c72 (0x0ff0000f)
core   0: 0x80008c76 (0x0000e891) c.bnez  s1, pc + 20
core   0: 3 0x80008c76 (0xe891)
core   0: 0x80008c78 (0x000098fd) c.andi  s1, -1
core   0: 3 0x80008c78 (0x98fd) x 9 0x00000000
core   0: 0x80008c7a (0x00e65fb3) srl     t6, a2, a4
core   0: 3 0x80008c7a (0x00e65fb3) x31 0x00000000
core   0: 0x80008c7e (0x030e2ab3) mulhsu  s5, t3, a6
core   0: 3 0x80008c7e (0x030e2ab3) x21 0x00000002
core   0: 0x80008c82 (0x00008cd5) c.or    s1, a3
core   0: 3 0x80008c82 (0x8cd5) x 9 0x00000009
core   0: 0x80008c84 (0x02b2f6b3) remu    a3, t0, a1
core   0: 3 0x80008c84 (0x02b2f6b3) x13 0x00000009
core   0: 0x80008c88 (0x00008cd6) c.mv    s9, s5
core   0: 3 0x80008c88 (0x8cd6) x25 0x00000002
core   0: 0x80008c8a (0x00008eb9) c.xor   a3, a4
core   0: 3 0x80008c8a (0x8eb9) x13 0x00000009
core   0: 0x80008c8c (0x00008cd9) c.or    s1, a4
core   0: 3 0x80008c8c (0x8cd9) x 9 0x00000009
core   0: 0x80008c8e (0xa6d94e13) xori    t3, s2, -1427
core   0: 3 0x80008c8e (0xa6d94e13) x28 0xfffff9bf
core   0: 0x80008c92 (0xaad00d37) lui     s10, 0xaad00
core   0: 3 0x80008c92 (0xaad00d37) x26 0xaad00000
core   0: 0x80008c96 (0x022499b3) mulh    s3, s1, sp
core   0: 3 0x80008c96 (0x022499b3) x19 0xfffffffb
core   0: 0x80008c9a (0x00004655) c.li    a2, 21
core   0: 3 0x80008c9a (0x4655) x12 0x00000015
core   0: 0x80008c9c (0x01f33933) sltu    s2, t1, t6
core   0: 3 0x80008c9c (0x01f33933) x18 0x00000000
core   0: 0x80008ca0 (0xcd1f0e93) addi    t4, t5, -815
core   0: 3 0x80008ca0 (0xcd1f0e93) x29 0xfffffcda
core   0: 0x80008ca4 (0x00009516) c.add   a0, t0
core   0: 3 0x80008ca4 (0x9516) x10 0x00000009
core   0: 0x80008ca6 (0x400bd333) sra     t1, s7, zero
core   0: 3 0x80008ca6 (0x400bd333) x 6 0x000000f6
core   0: 0x80008caa (0x006cd733) srl     a4, s9, t1
core   0: 3 0x80008caa (0x006cd733) x14 0x00000000
core   0: 0x80008cae (0x41935193) srai    gp, t1, 25
core   0: 3 0x80008cae (0x41935193) x 3 0x00000000
core   0: 0x80008cb2 (0x00006219) c.lui   tp, 0x6
core   0: 3 0x80008cb2 (0x6219) x 4 0x00006000
core   0: 0x80008cb4 (0x02310eb3) mul     t4, sp, gp
core   0: 3 0x80008cb4 (0x02310eb3) x29 0x00000000
core   0: 0x80008cb8 (0x00009732) c.add   a4, a2
core   0: 3 0x80008cb8 (0x9732) x14 0x00000015
core   0: 0x80008cba (0x41b154b3) sra     s1, sp, s11
core   0: 3 0x80008cba (0x41b154b3) x 9 0xfe000a73
core   0: 0x80008cbe (0x00008f39) c.xor   a4, a4
core   0: 3 0x80008cbe (0x8f39) x14 0x00000000
core   0: 0x80008cc0 (0x0068a3b3) slt     t2, a7, t1
core   0: 3 0x80008cc0 (0x0068a3b3) x 7 0x00000001
core   0: 0x80008cc4 (0x03b00c63) beq     zero, s11, pc + 56
core   0: 3 0x80008cc4 (0x03b00c63)
core   0: 0x80008cc8 (0x0000e789) c.bnez  a5, pc + 10
core   0: 3 0x80008cc8 (0xe789)
core   0: 0x80008cd2 (0x016fbeb3) sltu    t4, t6, s6
core   0: 3 0x80008cd2 (0x016fbeb3) x29 0x00000001
core   0: 0x80008cd6 (0x0000c389) c.beqz  a5, pc + 2
core   0: 3 0x80008cd6 (0xc389)
core   0: 0x80008cd8 (0x00008c51) c.or    s0, a2
core   0: 3 0x80008cd8 (0x8c51) x 8 0x00009015
core   0: 0x80008cda (0x019adc33) srl     s8, s5, s9
core   0: 3 0x80008cda (0x019adc33) x24 0x00000000
core   0: 0x80008cde (0x0269d433) divu    s0, s3, t1
core   0: 3 0x80008cde (0x0269d433) x 8 0x010a6810
core   0: 0x80008ce2 (0x00a35193) srli    gp, t1, 10
core   0: 3 0x80008ce2 (0x00a35193) x 3 0x00000000
core   0: 0x80008ce6 (0x48337d13) andi    s10, t1, 1155
core   0: 3 0x80008ce6 (0x48337d13) x26 0x00000082
core   0: 0x80008cea (0x0110c533) xor     a0, ra, a7
core   0: 3 0x80008cea (0x0110c533) x10 0x00000001
core   0: 0x80008cee (0x01cddd13) srli    s10, s11, 28
core   0: 3 0x80008cee (0x01cddd13) x26 0x0000000b
core   0: 0x80008cf2 (0x00008445) c.srai  s0, 17
core   0: 3 0x80008cf2 (0x8445) x 8 0x00000085
core   0: 0x80008cf4 (0x03ea13b3) mulh    t2, s4, t5
core   0: 3 0x80008cf4 (0x03ea13b3) x 7 0xfffffffb
core   0: 0x80008cf8 (0x0271e063) bltu    gp, t2, pc + 32
core   0: 3 0x80008cf8 (0x0271e063)
core   0: 0x80008d18 (0x09137293) andi    t0, t1, 145
core   0: 3 0x80008d18 (0x09137293) x 5 0x00000090
core   0: 0x80008d1c (0xfbaf2617) auipc   a2, 0xfbaf2
core   0: 3 0x80008d1c (0xfbaf2617) x12 0x7bafad1c
core   0: 0x80008d20 (0xd8dab893) sltiu   a7, s5, -627
core   0: 3 0x80008d20 (0xd8dab893) x17 0x00000001
core   0: 0x80008d24 (0x00004421) c.li    s0, 8
core   0: 3 0x80008d24 (0x4421) x 8 0x00000008
core   0: 0x80008d26 (0x0ff0000f) fence   iorw,iorw
core   0: 3 0x80008d26 (0x0ff0000f)
core   0: 0x80008d2a (0x021c3bb3) mulhu   s7, s8, ra
core   0: 3 0x80008d2a (0x021c3bb3) x23 0x00000000
core   0: 0x80008d2e (0x40d1d913) srai    s2, gp, 13
core   0: 3 0x80008d2e (0x40d1d913) x18 0x00000000
core   0: 0x80008d32 (0x0371da63) bge     gp, s7, pc + 52
core   0: 3 0x80008d32 (0x0371da63)
core   0: 0x80008d66 (0x0298e733) rem     a4, a7, s1
core   0: 3 0x80008d66 (0x0298e733) x14 0x00000001
core   0: 0x80008d6a (0x004d3db3) sltu    s11, s10, tp
core   0: 3 0x80008d6a (0x004d3db3) x27 0x00000001
core   0: 0x80008d6e (0x000090c6) c.add   ra, a7
core   0: 3 0x80008d6e (0x90c6) x 1 0x00000001
core   0: 0x80008d70 (0x99384b93) xori    s7, a6, -1645
core   0: 3 0x80008d70 (0x99384b93) x23 0xb5ce8be3
core   0: 0x80008d74 (0x01e3dd63) bge     t2, t5, pc + 26
core   0: 3 0x80008d74 (0x01e3dd63)
core   0: 0x80008d78 (0x01fdcb63) blt     s11, t6, pc + 22
core   0: 3 0x80008d78 (0x01fdcb63)
core   0: 0x80008d7c (0x00008ffd) c.and   a5, a5
core   0: 3 0x80008d7c (0x8ffd) x15 0x0000001c
core   0: 0x80008d7e (0x03d87e33) remu    t3, a6, t4
core   0: 3 0x80008d7e (0x03d87e33) x28 0x00000000
core   0: 0x80008d82 (0x0325d563) bge     a1, s2, pc + 42
core   0: 3 0x80008d82 (0x0325d563)
core   0: 0x80008d86 (0x02054e33) div     t3, a0, zero
core   0: 3 0x80008d86 (0x02054e33) x28 0xffffffff
core   0: 0x80008d8a (0x41d10fb3) sub     t6, sp, t4
core   0: 3 0x80008d8a (0x41d10fb3) x31 0x80029ce3
core   0: 0x80008d8e (0x0ff0000f) fence   iorw,iorw
core   0: 3 0x80008d8e (0x0ff0000f)
core   0: 0x80008d92 (0x02a66633) rem     a2, a2, a0
core   0: 3 0x80008d92 (0x02a66633) x12 0x00000000
core   0: 0x80008d96 (0x00004475) c.li    s0, 29
core   0: 3 0x80008d96 (0x4475) x 8 0x0000001d
core   0: 0x80008d98 (0xeda2abb7) lui     s7, 0xeda2a
core   0: 3 0x80008d98 (0xeda2abb7) x23 0xeda2a000
core   0: 0x80008d9c (0x03f033b3) mulhu   t2, zero, t6
core   0: 3 0x80008d9c (0x03f033b3) x 7 0x00000000
core   0: 0x80008da0 (0x00008c99) c.sub   s1, a4
core   0: 3 0x80008da0 (0x8c99) x 9 0xfe000a72
core   0: 0x80008da2 (0x0000061e) c.slli  a2, 7
core   0: 3 0x80008da2 (0x061e) x12 0x00000000
core   0: 0x80008da4 (0x02cf1d33) mulh    s10, t5, a2
core   0: 3 0x80008da4 (0x02cf1d33) x26 0x00000000
core   0: 0x80008da8 (0x002a4fb3) xor     t6, s4, sp
core   0: 3 0x80008da8 (0x002a4fb3) x31 0x0000c280
core   0: 0x80008dac (0x0ff0000f) fence   iorw,iorw
core   0: 3 0x80008dac (0x0ff0000f)
core   0: 0x80008db0 (0x02115eb3) divu    t4, sp, ra
core   0: 3 0x80008db0 (0x02115eb3) x29 0x80029ce4
core   0: 0x80008db4 (0x0000cb81) c.beqz  a5, pc + 16
core   0: 3 0x80008db4 (0xcb81)
core   0: 0x80008db6 (0x000093e6) c.add   t2, s9
core   0: 3 0x80008db6 (0x93e6) x 7 0x00000002
core   0: 0x80008db8 (0x026904b3) mul     s1, s2, t1
core   0: 3 0x80008db8 (0x026904b3) x 9 0x00000000
core   0: 0x80008dbc (0x0102b833) sltu    a6, t0, a6
core   0: 3 0x80008dbc (0x0102b833) x16 0x00000001
core   0: 0x80008dc0 (0x0202bf33) mulhu   t5, t0, zero
core   0: 3 0x80008dc0 (0x0202bf33) x30 0x00000000
core   0: 0x80008dc4 (0x00008c21) c.xor   s0, s0
core   0: 3 0x80008dc4 (0x8c21) x 8 0x00000000
core   0: 0x80008dc6 (0x0000e491) c.bnez  s1, pc + 12
core   0: 3 0x80008dc6 (0xe491)
core   0: 0x80008dc8 (0x8c48b513) sltiu   a0, a7, -1852
core   0: 3 0x80008dc8 (0x8c48b513) x10 0x00000001
core   0: 0x80008dcc (0x9bbe4613) xori    a2, t3, -1605
core   0: 3 0x80008dcc (0x9bbe4613) x12 0x00000644
core   0: 0x80008dd0 (0x00008d71) c.and   a0, a2
core   0: 3 0x80008dd0 (0x8d71) x10 0x00000000
core   0: 0x80008dd2 (0x02110c33) mul     s8, sp, ra
core   0: 3 0x80008dd2 (0x02110c33) x24 0x80029ce4
core   0: 0x80008dd6 (0x01f39e13) slli    t3, t2, 31
core   0: 3 0x80008dd6 (0x01f39e13) x28 0x00000000
core   0: 0x80008dda (0x000010fd) c.addi  ra, -1
core   0: 3 0x80008dda (0x10fd) x 1 0x00000000
core   0: 0x80008ddc (0x013df863) bgeu    s11, s3, pc + 16
core   0: 3 0x80008ddc (0x013df863)
core   0: 0x80008de0 (0x41c95bb3) sra     s7, s2, t3
core   0: 3 0x80008de0 (0x41c95bb3) x23 0x00000000
core   0: 0x80008de4 (0x41888d33) sub     s10, a7, s8
core   0: 3 0x80008de4 (0x41888d33) x26 0x7ffd631d
core   0: 0x80008de8 (0x029e5f33) divu    t5, t3, s1
core   0: 3 0x80008de8 (0x029e5f33) x30 0xffffffff
core   0: 0x80008dec (0x016cd0b3) srl     ra, s9, s6
core   0: 3 0x80008dec (0x016cd0b3) x 1 0x00000000
core   0: 0x80008df0 (0x02a1c263) blt     gp, a0, pc + 36
core   0: 3 0x80008df0 (0x02a1c263)
core   0: 0x80008df4 (0x03e877b3) remu    a5, a6, t5
core   0: 3 0x80008df4 (0x03e877b3) x15 0x00000001
core   0: 0x80008df8 (0x02120533) mul     a0, tp, ra
core   0: 3 0x80008df8 (0x02120533) x10 0x00000000
core   0: 0x80008dfc (0x01361513) slli    a0, a2, 19
core   0: 3 0x80008dfc (0x01361513) x10 0x32200000
core   0: 0x80008e00 (0x406a5313) srai    t1, s4, 6
core   0: 3 0x80008e00 (0x406a5313) x 6 0xfe000979
core   0: 0x80008e04 (0x41fbdb33) sra     s6, s7, t6
core   0: 3 0x80008e04 (0x41fbdb33) x22 0x00000000
core   0: 0x80008e08 (0xd5724713) xori    a4, tp, -681
core   0: 3 0x80008e08 (0xd5724713) x14 0xffff9d57
core   0: 0x80008e0c (0x00b25033) srl     zero, tp, a1
core   0: 3 0x80008e0c (0x00b25033)
core   0: 0x80008e10 (0xa352e993) ori     s3, t0, -1483
core   0: 3 0x80008e10 (0xa352e993) x19 0xfffffab5
core   0: 0x80008e14 (0x40fd8b33) sub     s6, s11, a5
core   0: 3 0x80008e14 (0x40fd8b33) x22 0x00000000
core   0: 0x80008e18 (0x01ff1193) slli    gp, t5, 31
core   0: 3 0x80008e18 (0x01ff1193) x 3 0x80000000
core   0: 0x80008e1c (0x0040a933) slt     s2, ra, tp
core   0: 3 0x80008e1c (0x0040a933) x18 0x00000001
core   0: 0x80008e20 (0x00000001) c.nop
core   0: 3 0x80008e20 (0x0001)
core   0: 0x80008e22 (0x03ae81b3) mul     gp, t4, s10
core   0: 3 0x80008e22 (0x03ae81b3) x 3 0xac4bf1d4
core   0: 0x80008e26 (0x037164b3) rem     s1, sp, s7
core   0: 3 0x80008e26 (0x037164b3) x 9 0x80029ce4
core   0: 0x80008e2a (0x00008135) c.srli  a0, 13
core   0: 3 0x80008e2a (0x8135) x10 0x00019100
core   0: 0x80008e2c (0x00008b39) c.andi  a4, 14
core   0: 3 0x80008e2c (0x8b39) x14 0x00000006
core   0: 0x80008e2e (0x01a002b3) add     t0, zero, s10
core   0: 3 0x80008e2e (0x01a002b3) x 5 0x7ffd631d
core   0: 0x80008e32 (0x74ac0213) addi    tp, s8, 1866
core   0: 3 0x80008e32 (0x74ac0213) x 4 0x8002a42e
core   0: 0x80008e36 (0x00008fe9) c.and   a5, a0
core   0: 3 0x80008e36 (0x8fe9) x15 0x00000000
core   0: 0x80008e38 (0x00cf39b3) sltu    s3, t5, a2
core   0: 3 0x80008e38 (0x00cf39b3) x19 0x00000000
core   0: 0x80008e3c (0x00fe1893) slli    a7, t3, 15
core   0: 3 0x80008e3c (0x00fe1893) x17 0x00000000
core   0: 0x80008e40 (0x01b36633) or      a2, t1, s11
core   0: 3 0x80008e40 (0x01b36633) x12 0xfe000979
core   0: 0x80008e44 (0x0000ce85) c.beqz  a3, pc + 56
core   0: 3 0x80008e44 (0xce85)
core   0: 0x80008e46 (0x0000100f) fence.i
core   0: 3 0x80008e46 (0x0000100f)
core   0: 0x80008e4a (0x0000ce01) c.beqz  a2, pc + 24
core   0: 3 0x80008e4a (0xce01)
core   0: 0x80008e4c (0x01595e93) srli    t4, s2, 21
core   0: 3 0x80008e4c (0x01595e93) x29 0x00000000
core   0: 0x80008e50 (0x00004ce1) c.li    s9, 24
core   0: 3 0x80008e50 (0x4ce1) x25 0x00000018
core   0: 0x80008e52 (0x035d5333) divu    t1, s10, s5
core   0: 3 0x80008e52 (0x035d5333) x 6 0x3ffeb18e
core   0: 0x80008e56 (0x02f8c863) blt     a7, a5, pc + 48
core   0: 3 0x80008e56 (0x02f8c863)
core   0: 0x80008e5a (0x05e88163) beq     a7, t5, pc + 66
core   0: 3 0x80008e5a (0x05e88163)
core   0: 0x80008e5e (0x03453733) mulhu   a4, a0, s4
core   0: 3 0x80008e5e (0x03453733) x14 0x0000c883
core   0: 0x80008e62 (0x03c3a2b3) mulhsu  t0, t2, t3
core   0: 3 0x80008e62 (0x03c3a2b3) x 5 0x00000000
core   0: 0x80008e66 (0x00004d69) c.li    s10, 26
core   0: 3 0x80008e66 (0x4d69) x26 0x0000001a
core   0: 0x80008e68 (0x00008d01) c.sub   a0, s0
core   0: 3 0x80008e68 (0x8d01) x10 0x00019100
core   0: 0x80008e6a (0x02f9cfb3) div     t6, s3, a5
core   0: 3 0x80008e6a (0x02f9cfb3) x31 0xffffffff
core   0: 0x80008e6e (0x00000b1e) c.slli  s6, 7
core   0: 3 0x80008e6e (0x0b1e) x22 0x00000000
core   0: 0x80008e70 (0x02db7eb3) remu    t4, s6, a3
core   0: 3 0x80008e70 (0x02db7eb3) x29 0x00000000
core   0: 0x80008e74 (0x03798663) beq     s3, s7, pc + 44
core   0: 3 0x80008e74 (0x03798663)
core   0: 0x80008ea0 (0x416d5b33) sra     s6, s10, s6
core   0: 3 0x80008ea0 (0x416d5b33) x22 0x0000001a
core   0: 0x80008ea4 (0x00008ea5) c.xor   a3, s1
core   0: 3 0x80008ea4 (0x8ea5) x13 0x80029ced
core   0: 0x80008ea6 (0x00000597) auipc   a1, 0x0
core   0: 3 0x80008ea6 (0x00000597) x11 0x80008ea6
core   0: 0x80008eaa (0x00c58593) addi    a1, a1, 12
core   0: 3 0x80008eaa (0x00c58593) x11 0x80008eb2
core   0: 0x80008eae (0x00058067) jr      a1
core   0: 3 0x80008eae (0x00058067)
core   0: 0x80008eb2 (0x00004185) c.li    gp, 1
core   0: 3 0x80008eb2 (0x4185) x 3 0x00000001
core   0: 0x80008eb4 (0x00000073) ecall
core   0: exception trap_machine_ecall, epc 0x80008eb4
core   0: >>>>  mtvec_handler
core   0: 0x8000ec54 (0x00001171) c.addi  sp, -4
core   0: 3 0x8000ec54 (0x1171) x 2 0x80029ce0
core   0: 0x8000ec56 (0x0000c052) c.swsp  s4, 0(sp)
core   0: 3 0x8000ec56 (0xc052) mem 0x80029ce0 0x80025e64
core   0: 0x8000ec58 (0x00010a33) add     s4, sp, zero
core   0: 3 0x8000ec58 (0x00010a33) x20 0x80029ce0
core   0: 0x8000ec5c (0xf80a0a13) addi    s4, s4, -128
core   0: 3 0x8000ec5c (0xf80a0a13) x20 0x80029c60
core   0: 0x8000ec60 (0x001a2223) sw      ra, 4(s4)
core   0: 3 0x8000ec60 (0x001a2223) mem 0x80029c64 0x00000000
core   0: 0x8000ec64 (0x002a2423) sw      sp, 8(s4)
core   0: 3 0x8000ec64 (0x002a2423) mem 0x80029c68 0x80029ce0
core   0: 0x8000ec68 (0x003a2623) sw      gp, 12(s4)
core   0: 3 0x8000ec68 (0x003a2623) mem 0x80029c6c 0x00000001
core   0: 0x8000ec6c (0x004a2823) sw      tp, 16(s4)
core   0: 3 0x8000ec6c (0x004a2823) mem 0x80029c70 0x8002a42e
core   0: 0x8000ec70 (0x005a2a23) sw      t0, 20(s4)
core   0: 3 0x8000ec70 (0x005a2a23) mem 0x80029c74 0x00000000
core   0: 0x8000ec74 (0x006a2c23) sw      t1, 24(s4)
core   0: 3 0x8000ec74 (0x006a2c23) mem 0x80029c78 0x3ffeb18e
core   0: 0x8000ec78 (0x007a2e23) sw      t2, 28(s4)
core   0: 3 0x8000ec78 (0x007a2e23) mem 0x80029c7c 0x00000002
core   0: 0x8000ec7c (0x028a2023) sw      s0, 32(s4)
core   0: 3 0x8000ec7c (0x028a2023) mem 0x80029c80 0x00000000
core   0: 0x8000ec80 (0x029a2223) sw      s1, 36(s4)
core   0: 3 0x8000ec80 (0x029a2223) mem 0x80029c84 0x80029ce4
core   0: 0x8000ec84 (0x02aa2423) sw      a0, 40(s4)
core   0: 3 0x8000ec84 (0x02aa2423) mem 0x80029c88 0x00019100
core   0: 0x8000ec88 (0x02ba2623) sw      a1, 44(s4)
core   0: 3 0x8000ec88 (0x02ba2623) mem 0x80029c8c 0x80008eb2
core   0: 0x8000ec8c (0x02ca2823) sw      a2, 48(s4)
core   0: 3 0x8000ec8c (0x02ca2823) mem 0x80029c90 0xfe000979
core   0: 0x8000ec90 (0x02da2a23) sw      a3, 52(s4)
core   0: 3 0x8000ec90 (0x02da2a23) mem 0x80029c94 0x80029ced
core   0: 0x8000ec94 (0x02ea2c23) sw      a4, 56(s4)
core   0: 3 0x8000ec94 (0x02ea2c23) mem 0x80029c98 0x0000c883
core   0: 0x8000ec98 (0x02fa2e23) sw      a5, 60(s4)
core   0: 3 0x8000ec98 (0x02fa2e23) mem 0x80029c9c 0x00000000
core   0: 0x8000ec9c (0x050a2023) sw      a6, 64(s4)
core   0: 3 0x8000ec9c (0x050a2023) mem 0x80029ca0 0x00000001
core   0: 0x8000eca0 (0x051a2223) sw      a7, 68(s4)
core   0: 3 0x8000eca0 (0x051a2223) mem 0x80029ca4 0x00000000
core   0: 0x8000eca4 (0x052a2423) sw      s2, 72(s4)
core   0: 3 0x8000eca4 (0x052a2423) mem 0x80029ca8 0x00000001
core   0: 0x8000eca8 (0x053a2623) sw      s3, 76(s4)
core   0: 3 0x8000eca8 (0x053a2623) mem 0x80029cac 0x00000000
core   0: 0x8000ecac (0x054a2823) sw      s4, 80(s4)
core   0: 3 0x8000ecac (0x054a2823) mem 0x80029cb0 0x80029c60
core   0: 0x8000ecb0 (0x055a2a23) sw      s5, 84(s4)
core   0: 3 0x8000ecb0 (0x055a2a23) mem 0x80029cb4 0x00000002
core   0: 0x8000ecb4 (0x056a2c23) sw      s6, 88(s4)
core   0: 3 0x8000ecb4 (0x056a2c23) mem 0x80029cb8 0x0000001a
core   0: 0x8000ecb8 (0x057a2e23) sw      s7, 92(s4)
core   0: 3 0x8000ecb8 (0x057a2e23) mem 0x80029cbc 0x00000000
core   0: 0x8000ecbc (0x078a2023) sw      s8, 96(s4)
core   0: 3 0x8000ecbc (0x078a2023) mem 0x80029cc0 0x80029ce4
core   0: 0x8000ecc0 (0x079a2223) sw      s9, 100(s4)
core   0: 3 0x8000ecc0 (0x079a2223) mem 0x80029cc4 0x00000018
core   0: 0x8000ecc4 (0x07aa2423) sw      s10, 104(s4)
core   0: 3 0x8000ecc4 (0x07aa2423) mem 0x80029cc8 0x0000001a
core   0: 0x8000ecc8 (0x07ba2623) sw      s11, 108(s4)
core   0: 3 0x8000ecc8 (0x07ba2623) mem 0x80029ccc 0x00000001
core   0: 0x8000eccc (0x07ca2823) sw      t3, 112(s4)
core   0: 3 0x8000eccc (0x07ca2823) mem 0x80029cd0 0x00000000
core   0: 0x8000ecd0 (0x07da2a23) sw      t4, 116(s4)
core   0: 3 0x8000ecd0 (0x07da2a23) mem 0x80029cd4 0x00000000
core   0: 0x8000ecd4 (0x07ea2c23) sw      t5, 120(s4)
core   0: 3 0x8000ecd4 (0x07ea2c23) mem 0x80029cd8 0xffffffff
core   0: 0x8000ecd8 (0x07fa2e23) sw      t6, 124(s4)
core   0: 3 0x8000ecd8 (0x07fa2e23) mem 0x80029cdc 0xffffffff
core   0: 0x8000ecdc (0x000a0133) add     sp, s4, zero
core   0: 3 0x8000ecdc (0x000a0133) x 2 0x80029c60
core   0: 0x8000ece0 (0x30002973) csrr    s2, mstatus
core   0: 3 0x8000ece0 (0x30002973) x18 0x00001800
core   0: 0x8000ece4 (0x34202973) csrr    s2, mcause
core   0: 3 0x8000ece4 (0x34202973) x18 0x0000000b
core   0: 0x8000ece8 (0x01f95913) srli    s2, s2, 31
core   0: 3 0x8000ece8 (0x01f95913) x18 0x00000000
core   0: 0x8000ecec (0x3c091c63) bnez    s2, pc + 984
core   0: 3 0x8000ecec (0x3c091c63)
core   0: 0x8000ecf0 (0x34102973) csrr    s2, mepc
core   0: 3 0x8000ecf0 (0x34102973) x18 0x80008eb4
core   0: 0x8000ecf4 (0x34202973) csrr    s2, mcause
core   0: 3 0x8000ecf4 (0x34202973) x18 0x0000000b
core   0: 0x8000ecf8 (0x0000488d) c.li    a7, 3
core   0: 3 0x8000ecf8 (0x488d) x17 0x00000003
core   0: 0x8000ecfa (0x29190a63) beq     s2, a7, pc + 660
core   0: 3 0x8000ecfa (0x29190a63)
core   0: 0x8000ecfe (0x000048a1) c.li    a7, 8
core   0: 3 0x8000ecfe (0x48a1) x17 0x00000008
core   0: 0x8000ed00 (0x05190563) beq     s2, a7, pc + 74
core   0: 3 0x8000ed00 (0x05190563)
core   0: 0x8000ed04 (0x000048a5) c.li    a7, 9
core   0: 3 0x8000ed04 (0x48a5) x17 0x00000009
core   0: 0x8000ed06 (0x05190263) beq     s2, a7, pc + 68
core   0: 3 0x8000ed06 (0x05190263)
core   0: 0x8000ed0a (0x000048ad) c.li    a7, 11
core   0: 3 0x8000ed0a (0x48ad) x17 0x0000000b
core   0: 0x8000ed0c (0x03190f63) beq     s2, a7, pc + 62
core   0: 3 0x8000ed0c (0x03190f63)
core   0: 0x8000ed4a (0xffff1917) auipc   s2, 0xffff1
core   0: 3 0x8000ed4a (0xffff1917) x18 0x7ffffd4a
core   0: 0x8000ed4e (0x2b690913) addi    s2, s2, 694
core   0: 3 0x8000ed4e (0x2b690913) x18 0x80000000
core   0: 0x8000ed52 (0x00092023) sw      zero, 0(s2)
core   0: 3 0x8000ed52 (0x00092023) mem 0x80000000 0x00000000
core   0: 0x8000ed56 (0x00192223) sw      ra, 4(s2)
core   0: 3 0x8000ed56 (0x00192223) mem 0x80000004 0x00000000
core   0: 0x8000ed5a (0x00292423) sw      sp, 8(s2)
core   0: 3 0x8000ed5a (0x00292423) mem 0x80000008 0x80029c60
core   0: 0x8000ed5e (0x00392623) sw      gp, 12(s2)
core   0: 3 0x8000ed5e (0x00392623) mem 0x8000000c 0x00000001
core   0: 0x8000ed62 (0x00492823) sw      tp, 16(s2)
core   0: 3 0x8000ed62 (0x00492823) mem 0x80000010 0x8002a42e
core   0: 0x8000ed66 (0x00592a23) sw      t0, 20(s2)
core   0: 3 0x8000ed66 (0x00592a23) mem 0x80000014 0x00000000
core   0: 0x8000ed6a (0x00692c23) sw      t1, 24(s2)
core   0: 3 0x8000ed6a (0x00692c23) mem 0x80000018 0x3ffeb18e
core   0: 0x8000ed6e (0x00792e23) sw      t2, 28(s2)
core   0: 3 0x8000ed6e (0x00792e23) mem 0x8000001c 0x00000002
core   0: 0x8000ed72 (0x02892023) sw      s0, 32(s2)
core   0: 3 0x8000ed72 (0x02892023) mem 0x80000020 0x00000000
core   0: 0x8000ed76 (0x02992223) sw      s1, 36(s2)
core   0: 3 0x8000ed76 (0x02992223) mem 0x80000024 0x80029ce4
core   0: 0x8000ed7a (0x02a92423) sw      a0, 40(s2)
core   0: 3 0x8000ed7a (0x02a92423) mem 0x80000028 0x00019100
core   0: 0x8000ed7e (0x02b92623) sw      a1, 44(s2)
core   0: 3 0x8000ed7e (0x02b92623) mem 0x8000002c 0x80008eb2
core   0: 0x8000ed82 (0x02c92823) sw      a2, 48(s2)
core   0: 3 0x8000ed82 (0x02c92823) mem 0x80000030 0xfe000979
core   0: 0x8000ed86 (0x02d92a23) sw      a3, 52(s2)
core   0: 3 0x8000ed86 (0x02d92a23) mem 0x80000034 0x80029ced
core   0: 0x8000ed8a (0x02e92c23) sw      a4, 56(s2)
core   0: 3 0x8000ed8a (0x02e92c23) mem 0x80000038 0x0000c883
core   0: 0x8000ed8e (0x02f92e23) sw      a5, 60(s2)
core   0: 3 0x8000ed8e (0x02f92e23) mem 0x8000003c 0x00000000
core   0: 0x8000ed92 (0x05092023) sw      a6, 64(s2)
core   0: 3 0x8000ed92 (0x05092023) mem 0x80000040 0x00000001
core   0: 0x8000ed96 (0x05192223) sw      a7, 68(s2)
core   0: 3 0x8000ed96 (0x05192223) mem 0x80000044 0x0000000b
core   0: 0x8000ed9a (0x05292423) sw      s2, 72(s2)
core   0: 3 0x8000ed9a (0x05292423) mem 0x80000048 0x80000000
core   0: 0x8000ed9e (0x05392623) sw      s3, 76(s2)
core   0: 3 0x8000ed9e (0x05392623) mem 0x8000004c 0x00000000
core   0: 0x8000eda2 (0x05492823) sw      s4, 80(s2)
core   0: 3 0x8000eda2 (0x05492823) mem 0x80000050 0x80029c60
core   0: 0x8000eda6 (0x05592a23) sw      s5, 84(s2)
core   0: 3 0x8000eda6 (0x05592a23) mem 0x80000054 0x00000002
core   0: 0x8000edaa (0x05692c23) sw      s6, 88(s2)
core   0: 3 0x8000edaa (0x05692c23) mem 0x80000058 0x0000001a
core   0: 0x8000edae (0x05792e23) sw      s7, 92(s2)
core   0: 3 0x8000edae (0x05792e23) mem 0x8000005c 0x00000000
core   0: 0x8000edb2 (0x07892023) sw      s8, 96(s2)
core   0: 3 0x8000edb2 (0x07892023) mem 0x80000060 0x80029ce4
core   0: 0x8000edb6 (0x07992223) sw      s9, 100(s2)
core   0: 3 0x8000edb6 (0x07992223) mem 0x80000064 0x00000018
core   0: 0x8000edba (0x07a92423) sw      s10, 104(s2)
core   0: 3 0x8000edba (0x07a92423) mem 0x80000068 0x0000001a
core   0: 0x8000edbe (0x07b92623) sw      s11, 108(s2)
core   0: 3 0x8000edbe (0x07b92623) mem 0x8000006c 0x00000001
core   0: 0x8000edc2 (0x07c92823) sw      t3, 112(s2)
core   0: 3 0x8000edc2 (0x07c92823) mem 0x80000070 0x00000000
core   0: 0x8000edc6 (0x07d92a23) sw      t4, 116(s2)
core   0: 3 0x8000edc6 (0x07d92a23) mem 0x80000074 0x00000000
core   0: 0x8000edca (0x07e92c23) sw      t5, 120(s2)
core   0: 3 0x8000edca (0x07e92c23) mem 0x80000078 0xffffffff
core   0: 0x8000edce (0x07f92e23) sw      t6, 124(s2)
core   0: 3 0x8000edce (0x07f92e23) mem 0x8000007c 0xffffffff
core   0: 0x8000edd2 (0x00000597) auipc   a1, 0x0
core   0: 3 0x8000edd2 (0x00000597) x11 0x8000edd2
core   0: 0x8000edd6 (0xe7658593) addi    a1, a1, -394
core   0: 3 0x8000edd6 (0xe7658593) x11 0x8000ec48
core   0: 0x8000edda (0x00058067) jr      a1
core   0: 3 0x8000edda (0x00058067)
core   0: 0x8000ec48 (0x00001f17) auipc   t5, 0x1
core   0: 3 0x8000ec48 (0x00001f17) x30 0x8000fc48
core   0: 0x8000ec4c (0x3a3f2c23) sw      gp, 952(t5)
core   0: 3 0x8000ec4c (0x3a3f2c23) mem 0x80010000 0x00000001
core   0: 0x8000ec50 (0x0000bfe5) c.j     pc - 8
core   0: 3 0x8000ec50 (0xbfe5)
core   0: 0x8000ec48 (0x00001f17) auipc   t5, 0x1
core   0: 3 0x8000ec48 (0x00001f17) x30 0x8000fc48
core   0: 0x8000ec4c (0x3a3f2c23) sw      gp, 952(t5)
core   0: 3 0x8000ec4c (0x3a3f2c23) mem 0x80010000 0x00000001
core   0: 0x8000ec50 (0x0000bfe5) c.j     pc - 8
core   0: 3 0x8000ec50 (0xbfe5)
core   0: 0x8000ec48 (0x00001f17) auipc   t5, 0x1
core   0: 3 0x8000ec48 (0x00001f17) x30 0x8000fc48
core   0: 0x8000ec4c (0x3a3f2c23) sw      gp, 952(t5)
core   0: 3 0x8000ec4c (0x3a3f2c23) mem 0x80010000 0x00000001
core   0: 0x8000ec50 (0x0000bfe5) c.j     pc - 8
core   0: 3 0x8000ec50 (0xbfe5)
core   0: 0x8000ec48 (0x00001f17) auipc   t5, 0x1
core   0: 3 0x8000ec48 (0x00001f17) x30 0x8000fc48
core   0: 0x8000ec4c (0x3a3f2c23) sw      gp, 952(t5)
core   0: 3 0x8000ec4c (0x3a3f2c23) mem 0x80010000 0x00000001
core   0: 0x8000ec50 (0x0000bfe5) c.j     pc - 8
core   0: 3 0x8000ec50 (0xbfe5)
core   0: 0x8000ec48 (0x00001f17) auipc   t5, 0x1
core   0: 3 0x8000ec48 (0x00001f17) x30 0x8000fc48
core   0: 0x8000ec4c (0x3a3f2c23) sw      gp, 952(t5)
core   0: 3 0x8000ec4c (0x3a3f2c23) mem 0x80010000 0x00000001
core   0: 0x8000ec50 (0x0000bfe5) c.j     pc - 8
core   0: 3 0x8000ec50 (0xbfe5)
core   0: 0x8000ec48 (0x00001f17) auipc   t5, 0x1
core   0: 3 0x8000ec48 (0x00001f17) x30 0x8000fc48
core   0: 0x8000ec4c (0x3a3f2c23) sw      gp, 952(t5)
core   0: 3 0x8000ec4c (0x3a3f2c23) mem 0x80010000 0x00000001
core   0: 0x8000ec50 (0x0000bfe5) c.j     pc - 8
core   0: 3 0x8000ec50 (0xbfe5)
core   0: 0x8000ec48 (0x00001f17) auipc   t5, 0x1
core   0: 3 0x8000ec48 (0x00001f17) x30 0x8000fc48
core   0: 0x8000ec4c (0x3a3f2c23) sw      gp, 952(t5)
core   0: 3 0x8000ec4c (0x3a3f2c23) mem 0x80010000 0x00000001
core   0: 0x8000ec50 (0x0000bfe5) c.j     pc - 8
core   0: 3 0x8000ec50 (0xbfe5)
core   0: 0x8000ec48 (0x00001f17) auipc   t5, 0x1
core   0: 3 0x8000ec48 (0x00001f17) x30 0x8000fc48
core   0: 0x8000ec4c (0x3a3f2c23) sw      gp, 952(t5)
core   0: 3 0x8000ec4c (0x3a3f2c23) mem 0x80010000 0x00000001
core   0: 0x8000ec50 (0x0000bfe5) c.j     pc - 8
core   0: 3 0x8000ec50 (0xbfe5)
core   0: 0x8000ec48 (0x00001f17) auipc   t5, 0x1
core   0: 3 0x8000ec48 (0x00001f17) x30 0x8000fc48
core   0: 0x8000ec4c (0x3a3f2c23) sw      gp, 952(t5)
core   0: 3 0x8000ec4c (0x3a3f2c23) mem 0x80010000 0x00000001
core   0: 0x8000ec50 (0x0000bfe5) c.j     pc - 8
core   0: 3 0x8000ec50 (0xbfe5)
core   0: 0x8000ec48 (0x00001f17) auipc   t5, 0x1
core   0: 3 0x8000ec48 (0x00001f17) x30 0x8000fc48
core   0: 0x8000ec4c (0x3a3f2c23) sw      gp, 952(t5)
core   0: 3 0x8000ec4c (0x3a3f2c23) mem 0x80010000 0x00000001
core   0: 0x8000ec50 (0x0000bfe5) c.j     pc - 8
core   0: 3 0x8000ec50 (0xbfe5)
core   0: 0x8000ec48 (0x00001f17) auipc   t5, 0x1
core   0: 3 0x8000ec48 (0x00001f17) x30 0x8000fc48
core   0: 0x8000ec4c (0x3a3f2c23) sw      gp, 952(t5)
core   0: 3 0x8000ec4c (0x3a3f2c23) mem 0x80010000 0x00000001
core   0: 0x8000ec50 (0x0000bfe5) c.j     pc - 8
core   0: 3 0x8000ec50 (0xbfe5)
core   0: 0x8000ec48 (0x00001f17) auipc   t5, 0x1
core   0: 3 0x8000ec48 (0x00001f17) x30 0x8000fc48
core   0: 0x8000ec4c (0x3a3f2c23) sw      gp, 952(t5)
core   0: 3 0x8000ec4c (0x3a3f2c23) mem 0x80010000 0x00000001
core   0: 0x8000ec50 (0x0000bfe5) c.j     pc - 8
core   0: 3 0x8000ec50 (0xbfe5)
core   0: 0x8000ec48 (0x00001f17) auipc   t5, 0x1
core   0: 3 0x8000ec48 (0x00001f17) x30 0x8000fc48
core   0: 0x8000ec4c (0x3a3f2c23) sw      gp, 952(t5)
core   0: 3 0x8000ec4c (0x3a3f2c23) mem 0x80010000 0x00000001
core   0: 0x8000ec50 (0x0000bfe5) c.j     pc - 8
core   0: 3 0x8000ec50 (0xbfe5)
core   0: 0x8000ec48 (0x00001f17) auipc   t5, 0x1
core   0: 3 0x8000ec48 (0x00001f17) x30 0x8000fc48
core   0: 0x8000ec4c (0x3a3f2c23) sw      gp, 952(t5)
core   0: 3 0x8000ec4c (0x3a3f2c23) mem 0x80010000 0x00000001
core   0: 0x8000ec50 (0x0000bfe5) c.j     pc - 8
core   0: 3 0x8000ec50 (0xbfe5)
core   0: 0x8000ec48 (0x00001f17) auipc   t5, 0x1
core   0: 3 0x8000ec48 (0x00001f17) x30 0x8000fc48
core   0: 0x8000ec4c (0x3a3f2c23) sw      gp, 952(t5)
core   0: 3 0x8000ec4c (0x3a3f2c23) mem 0x80010000 0x00000001
core   0: 0x8000ec50 (0x0000bfe5) c.j     pc - 8
core   0: 3 0x8000ec50 (0xbfe5)
core   0: 0x8000ec48 (0x00001f17) auipc   t5, 0x1
core   0: 3 0x8000ec48 (0x00001f17) x30 0x8000fc48
core   0: 0x8000ec4c (0x3a3f2c23) sw      gp, 952(t5)
core   0: 3 0x8000ec4c (0x3a3f2c23) mem 0x80010000 0x00000001
core   0: 0x8000ec50 (0x0000bfe5) c.j     pc - 8
core   0: 3 0x8000ec50 (0xbfe5)
core   0: 0x8000ec48 (0x00001f17) auipc   t5, 0x1
core   0: 3 0x8000ec48 (0x00001f17) x30 0x8000fc48
core   0: 0x8000ec4c (0x3a3f2c23) sw      gp, 952(t5)
core   0: 3 0x8000ec4c (0x3a3f2c23) mem 0x80010000 0x00000001
core   0: 0x8000ec50 (0x0000bfe5) c.j     pc - 8
core   0: 3 0x8000ec50 (0xbfe5)
core   0: 0x8000ec48 (0x00001f17) auipc   t5, 0x1
core   0: 3 0x8000ec48 (0x00001f17) x30 0x8000fc48
core   0: 0x8000ec4c (0x3a3f2c23) sw      gp, 952(t5)
core   0: 3 0x8000ec4c (0x3a3f2c23) mem 0x80010000 0x00000001
core   0: 0x8000ec50 (0x0000bfe5) c.j     pc - 8
core   0: 3 0x8000ec50 (0xbfe5)
core   0: 0x8000ec48 (0x00001f17) auipc   t5, 0x1
core   0: 3 0x8000ec48 (0x00001f17) x30 0x8000fc48
core   0: 0x8000ec4c (0x3a3f2c23) sw      gp, 952(t5)
core   0: 3 0x8000ec4c (0x3a3f2c23) mem 0x80010000 0x00000001
core   0: 0x8000ec50 (0x0000bfe5) c.j     pc - 8
core   0: 3 0x8000ec50 (0xbfe5)
core   0: 0x8000ec48 (0x00001f17) auipc   t5, 0x1
core   0: 3 0x8000ec48 (0x00001f17) x30 0x8000fc48
core   0: 0x8000ec4c (0x3a3f2c23) sw      gp, 952(t5)
core   0: 3 0x8000ec4c (0x3a3f2c23) mem 0x80010000 0x00000001
core   0: 0x8000ec50 (0x0000bfe5) c.j     pc - 8
core   0: 3 0x8000ec50 (0xbfe5)
core   0: 0x8000ec48 (0x00001f17) auipc   t5, 0x1
core   0: 3 0x8000ec48 (0x00001f17) x30 0x8000fc48
core   0: 0x8000ec4c (0x3a3f2c23) sw      gp, 952(t5)
core   0: 3 0x8000ec4c (0x3a3f2c23) mem 0x80010000 0x00000001
core   0: 0x8000ec50 (0x0000bfe5) c.j     pc - 8
core   0: 3 0x8000ec50 (0xbfe5)
core   0: 0x8000ec48 (0x00001f17) auipc   t5, 0x1
core   0: 3 0x8000ec48 (0x00001f17) x30 0x8000fc48
core   0: 0x8000ec4c (0x3a3f2c23) sw      gp, 952(t5)
core   0: 3 0x8000ec4c (0x3a3f2c23) mem 0x80010000 0x00000001
core   0: 0x8000ec50 (0x0000bfe5) c.j     pc - 8
core   0: 3 0x8000ec50 (0xbfe5)
core   0: 0x8000ec48 (0x00001f17) auipc   t5, 0x1
core   0: 3 0x8000ec48 (0x00001f17) x30 0x8000fc48
core   0: 0x8000ec4c (0x3a3f2c23) sw      gp, 952(t5)
core   0: 3 0x8000ec4c (0x3a3f2c23) mem 0x80010000 0x00000001
core   0: 0x8000ec50 (0x0000bfe5) c.j     pc - 8
core   0: 3 0x8000ec50 (0xbfe5)
core   0: 0x8000ec48 (0x00001f17) auipc   t5, 0x1
core   0: 3 0x8000ec48 (0x00001f17) x30 0x8000fc48
core   0: 0x8000ec4c (0x3a3f2c23) sw      gp, 952(t5)
core   0: 3 0x8000ec4c (0x3a3f2c23) mem 0x80010000 0x00000001
core   0: 0x8000ec50 (0x0000bfe5) c.j     pc - 8
core   0: 3 0x8000ec50 (0xbfe5)
core   0: 0x8000ec48 (0x00001f17) auipc   t5, 0x1
core   0: 3 0x8000ec48 (0x00001f17) x30 0x8000fc48
core   0: 0x8000ec4c (0x3a3f2c23) sw      gp, 952(t5)
core   0: 3 0x8000ec4c (0x3a3f2c23) mem 0x80010000 0x00000001
core   0: 0x8000ec50 (0x0000bfe5) c.j     pc - 8
core   0: 3 0x8000ec50 (0xbfe5)
core   0: 0x8000ec48 (0x00001f17) auipc   t5, 0x1
core   0: 3 0x8000ec48 (0x00001f17) x30 0x8000fc48
core   0: 0x8000ec4c (0x3a3f2c23) sw      gp, 952(t5)
core   0: 3 0x8000ec4c (0x3a3f2c23) mem 0x80010000 0x00000001
core   0: 0x8000ec50 (0x0000bfe5) c.j     pc - 8
core   0: 3 0x8000ec50 (0xbfe5)
core   0: 0x8000ec48 (0x00001f17) auipc   t5, 0x1
core   0: 3 0x8000ec48 (0x00001f17) x30 0x8000fc48
core   0: 0x8000ec4c (0x3a3f2c23) sw      gp, 952(t5)
core   0: 3 0x8000ec4c (0x3a3f2c23) mem 0x80010000 0x00000001
core   0: 0x8000ec50 (0x0000bfe5) c.j     pc - 8
core   0: 3 0x8000ec50 (0xbfe5)
core   0: 0x8000ec48 (0x00001f17) auipc   t5, 0x1
core   0: 3 0x8000ec48 (0x00001f17) x30 0x8000fc48
core   0: 0x8000ec4c (0x3a3f2c23) sw      gp, 952(t5)
core   0: 3 0x8000ec4c (0x3a3f2c23) mem 0x80010000 0x00000001
core   0: 0x8000ec50 (0x0000bfe5) c.j     pc - 8
core   0: 3 0x8000ec50 (0xbfe5)
core   0: 0x8000ec48 (0x00001f17) auipc   t5, 0x1
core   0: 3 0x8000ec48 (0x00001f17) x30 0x8000fc48
core   0: 0x8000ec4c (0x3a3f2c23) sw      gp, 952(t5)
core   0: 3 0x8000ec4c (0x3a3f2c23) mem 0x80010000 0x00000001
core   0: 0x8000ec50 (0x0000bfe5) c.j     pc - 8
core   0: 3 0x8000ec50 (0xbfe5)
core   0: 0x8000ec48 (0x00001f17) auipc   t5, 0x1
core   0: 3 0x8000ec48 (0x00001f17) x30 0x8000fc48
core   0: 0x8000ec4c (0x3a3f2c23) sw      gp, 952(t5)
core   0: 3 0x8000ec4c (0x3a3f2c23) mem 0x80010000 0x00000001
core   0: 0x8000ec50 (0x0000bfe5) c.j     pc - 8
core   0: 3 0x8000ec50 (0xbfe5)
core   0: 0x8000ec48 (0x00001f17) auipc   t5, 0x1
core   0: 3 0x8000ec48 (0x00001f17) x30 0x8000fc48
core   0: 0x8000ec4c (0x3a3f2c23) sw      gp, 952(t5)
core   0: 3 0x8000ec4c (0x3a3f2c23) mem 0x80010000 0x00000001
core   0: 0x8000ec50 (0x0000bfe5) c.j     pc - 8
core   0: 3 0x8000ec50 (0xbfe5)
core   0: 0x8000ec48 (0x00001f17) auipc   t5, 0x1
core   0: 3 0x8000ec48 (0x00001f17) x30 0x8000fc48
core   0: 0x8000ec4c (0x3a3f2c23) sw      gp, 952(t5)
core   0: 3 0x8000ec4c (0x3a3f2c23) mem 0x80010000 0x00000001
core   0: 0x8000ec50 (0x0000bfe5) c.j     pc - 8
core   0: 3 0x8000ec50 (0xbfe5)
core   0: 0x8000ec48 (0x00001f17) auipc   t5, 0x1
core   0: 3 0x8000ec48 (0x00001f17) x30 0x8000fc48
core   0: 0x8000ec4c (0x3a3f2c23) sw      gp, 952(t5)
core   0: 3 0x8000ec4c (0x3a3f2c23) mem 0x80010000 0x00000001
core   0: 0x8000ec50 (0x0000bfe5) c.j     pc - 8
core   0: 3 0x8000ec50 (0xbfe5)
core   0: 0x8000ec48 (0x00001f17) auipc   t5, 0x1
core   0: 3 0x8000ec48 (0x00001f17) x30 0x8000fc48
core   0: 0x8000ec4c (0x3a3f2c23) sw      gp, 952(t5)
core   0: 3 0x8000ec4c (0x3a3f2c23) mem 0x80010000 0x00000001
core   0: 0x8000ec50 (0x0000bfe5) c.j     pc - 8
core   0: 3 0x8000ec50 (0xbfe5)
core   0: 0x8000ec48 (0x00001f17) auipc   t5, 0x1
core   0: 3 0x8000ec48 (0x00001f17) x30 0x8000fc48
core   0: 0x8000ec4c (0x3a3f2c23) sw      gp, 952(t5)
core   0: 3 0x8000ec4c (0x3a3f2c23) mem 0x80010000 0x00000001
core   0: 0x8000ec50 (0x0000bfe5) c.j     pc - 8
core   0: 3 0x8000ec50 (0xbfe5)
core   0: 0x8000ec48 (0x00001f17) auipc   t5, 0x1
core   0: 3 0x8000ec48 (0x00001f17) x30 0x8000fc48
core   0: 0x8000ec4c (0x3a3f2c23) sw      gp, 952(t5)
core   0: 3 0x8000ec4c (0x3a3f2c23) mem 0x80010000 0x00000001
core   0: 0x8000ec50 (0x0000bfe5) c.j     pc - 8
core   0: 3 0x8000ec50 (0xbfe5)
core   0: 0x8000ec48 (0x00001f17) auipc   t5, 0x1
core   0: 3 0x8000ec48 (0x00001f17) x30 0x8000fc48
core   0: 0x8000ec4c (0x3a3f2c23) sw      gp, 952(t5)
core   0: 3 0x8000ec4c (0x3a3f2c23) mem 0x80010000 0x00000001
core   0: 0x8000ec50 (0x0000bfe5) c.j     pc - 8
core   0: 3 0x8000ec50 (0xbfe5)
core   0: 0x8000ec48 (0x00001f17) auipc   t5, 0x1
core   0: 3 0x8000ec48 (0x00001f17) x30 0x8000fc48
core   0: 0x8000ec4c (0x3a3f2c23) sw      gp, 952(t5)
core   0: 3 0x8000ec4c (0x3a3f2c23) mem 0x80010000 0x00000001
core   0: 0x8000ec50 (0x0000bfe5) c.j     pc - 8
core   0: 3 0x8000ec50 (0xbfe5)
core   0: 0x8000ec48 (0x00001f17) auipc   t5, 0x1
core   0: 3 0x8000ec48 (0x00001f17) x30 0x8000fc48
core   0: 0x8000ec4c (0x3a3f2c23) sw      gp, 952(t5)
core   0: 3 0x8000ec4c (0x3a3f2c23) mem 0x80010000 0x00000001
core   0: 0x8000ec50 (0x0000bfe5) c.j     pc - 8
core   0: 3 0x8000ec50 (0xbfe5)
core   0: 0x8000ec48 (0x00001f17) auipc   t5, 0x1
core   0: 3 0x8000ec48 (0x00001f17) x30 0x8000fc48
core   0: 0x8000ec4c (0x3a3f2c23) sw      gp, 952(t5)
core   0: 3 0x8000ec4c (0x3a3f2c23) mem 0x80010000 0x00000001
core   0: 0x8000ec50 (0x0000bfe5) c.j     pc - 8
core   0: 3 0x8000ec50 (0xbfe5)
core   0: 0x8000ec48 (0x00001f17) auipc   t5, 0x1
core   0: 3 0x8000ec48 (0x00001f17) x30 0x8000fc48
core   0: 0x8000ec4c (0x3a3f2c23) sw      gp, 952(t5)
core   0: 3 0x8000ec4c (0x3a3f2c23) mem 0x80010000 0x00000001
core   0: 0x8000ec50 (0x0000bfe5) c.j     pc - 8
core   0: 3 0x8000ec50 (0xbfe5)
core   0: 0x8000ec48 (0x00001f17) auipc   t5, 0x1
core   0: 3 0x8000ec48 (0x00001f17) x30 0x8000fc48
core   0: 0x8000ec4c (0x3a3f2c23) sw      gp, 952(t5)
core   0: 3 0x8000ec4c (0x3a3f2c23) mem 0x80010000 0x00000001
core   0: 0x8000ec50 (0x0000bfe5) c.j     pc - 8
core   0: 3 0x8000ec50 (0xbfe5)
core   0: 0x8000ec48 (0x00001f17) auipc   t5, 0x1
core   0: 3 0x8000ec48 (0x00001f17) x30 0x8000fc48
core   0: 0x8000ec4c (0x3a3f2c23) sw      gp, 952(t5)
core   0: 3 0x8000ec4c (0x3a3f2c23) mem 0x80010000 0x00000001
core   0: 0x8000ec50 (0x0000bfe5) c.j     pc - 8
core   0: 3 0x8000ec50 (0xbfe5)
core   0: 0x8000ec48 (0x00001f17) auipc   t5, 0x1
core   0: 3 0x8000ec48 (0x00001f17) x30 0x8000fc48
core   0: 0x8000ec4c (0x3a3f2c23) sw      gp, 952(t5)
core   0: 3 0x8000ec4c (0x3a3f2c23) mem 0x80010000 0x00000001
core   0: 0x8000ec50 (0x0000bfe5) c.j     pc - 8
core   0: 3 0x8000ec50 (0xbfe5)
core   0: 0x8000ec48 (0x00001f17) auipc   t5, 0x1
core   0: 3 0x8000ec48 (0x00001f17) x30 0x8000fc48
core   0: 0x8000ec4c (0x3a3f2c23) sw      gp, 952(t5)
core   0: 3 0x8000ec4c (0x3a3f2c23) mem 0x80010000 0x00000001
core   0: 0x8000ec50 (0x0000bfe5) c.j     pc - 8
core   0: 3 0x8000ec50 (0xbfe5)
core   0: 0x8000ec48 (0x00001f17) auipc   t5, 0x1
core   0: 3 0x8000ec48 (0x00001f17) x30 0x8000fc48
core   0: 0x8000ec4c (0x3a3f2c23) sw      gp, 952(t5)
core   0: 3 0x8000ec4c (0x3a3f2c23) mem 0x80010000 0x00000001
core   0: 0x8000ec50 (0x0000bfe5) c.j     pc - 8
core   0: 3 0x8000ec50 (0xbfe5)
core   0: 0x8000ec48 (0x00001f17) auipc   t5, 0x1
core   0: 3 0x8000ec48 (0x00001f17) x30 0x8000fc48
core   0: 0x8000ec4c (0x3a3f2c23) sw      gp, 952(t5)
core   0: 3 0x8000ec4c (0x3a3f2c23) mem 0x80010000 0x00000001
core   0: 0x8000ec50 (0x0000bfe5) c.j     pc - 8
core   0: 3 0x8000ec50 (0xbfe5)
core   0: 0x8000ec48 (0x00001f17) auipc   t5, 0x1
core   0: 3 0x8000ec48 (0x00001f17) x30 0x8000fc48
core   0: 0x8000ec4c (0x3a3f2c23) sw      gp, 952(t5)
core   0: 3 0x8000ec4c (0x3a3f2c23) mem 0x80010000 0x00000001
core   0: 0x8000ec50 (0x0000bfe5) c.j     pc - 8
core   0: 3 0x8000ec50 (0xbfe5)
core   0: 0x8000ec48 (0x00001f17) auipc   t5, 0x1
core   0: 3 0x8000ec48 (0x00001f17) x30 0x8000fc48
core   0: 0x8000ec4c (0x3a3f2c23) sw      gp, 952(t5)
core   0: 3 0x8000ec4c (0x3a3f2c23) mem 0x80010000 0x00000001
core   0: 0x8000ec50 (0x0000bfe5) c.j     pc - 8
core   0: 3 0x8000ec50 (0xbfe5)
core   0: 0x8000ec48 (0x00001f17) auipc   t5, 0x1
core   0: 3 0x8000ec48 (0x00001f17) x30 0x8000fc48
core   0: 0x8000ec4c (0x3a3f2c23) sw      gp, 952(t5)
core   0: 3 0x8000ec4c (0x3a3f2c23) mem 0x80010000 0x00000001
core   0: 0x8000ec50 (0x0000bfe5) c.j     pc - 8
core   0: 3 0x8000ec50 (0xbfe5)
core   0: 0x8000ec48 (0x00001f17) auipc   t5, 0x1
core   0: 3 0x8000ec48 (0x00001f17) x30 0x8000fc48
core   0: 0x8000ec4c (0x3a3f2c23) sw      gp, 952(t5)
core   0: 3 0x8000ec4c (0x3a3f2c23) mem 0x80010000 0x00000001
core   0: 0x8000ec50 (0x0000bfe5) c.j     pc - 8
core   0: 3 0x8000ec50 (0xbfe5)
core   0: 0x8000ec48 (0x00001f17) auipc   t5, 0x1
core   0: 3 0x8000ec48 (0x00001f17) x30 0x8000fc48
core   0: 0x8000ec4c (0x3a3f2c23) sw      gp, 952(t5)
core   0: 3 0x8000ec4c (0x3a3f2c23) mem 0x80010000 0x00000001
core   0: 0x8000ec50 (0x0000bfe5) c.j     pc - 8
core   0: 3 0x8000ec50 (0xbfe5)
core   0: 0x8000ec48 (0x00001f17) auipc   t5, 0x1
core   0: 3 0x8000ec48 (0x00001f17) x30 0x8000fc48
core   0: 0x8000ec4c (0x3a3f2c23) sw      gp, 952(t5)
core   0: 3 0x8000ec4c (0x3a3f2c23) mem 0x80010000 0x00000001
core   0: 0x8000ec50 (0x0000bfe5) c.j     pc - 8
core   0: 3 0x8000ec50 (0xbfe5)
core   0: 0x8000ec48 (0x00001f17) auipc   t5, 0x1
core   0: 3 0x8000ec48 (0x00001f17) x30 0x8000fc48
core   0: 0x8000ec4c (0x3a3f2c23) sw      gp, 952(t5)
core   0: 3 0x8000ec4c (0x3a3f2c23) mem 0x80010000 0x00000001
core   0: 0x8000ec50 (0x0000bfe5) c.j     pc - 8
core   0: 3 0x8000ec50 (0xbfe5)
core   0: 0x8000ec48 (0x00001f17) auipc   t5, 0x1
core   0: 3 0x8000ec48 (0x00001f17) x30 0x8000fc48
core   0: 0x8000ec4c (0x3a3f2c23) sw      gp, 952(t5)
core   0: 3 0x8000ec4c (0x3a3f2c23) mem 0x80010000 0x00000001
core   0: 0x8000ec50 (0x0000bfe5) c.j     pc - 8
core   0: 3 0x8000ec50 (0xbfe5)
core   0: 0x8000ec48 (0x00001f17) auipc   t5, 0x1
core   0: 3 0x8000ec48 (0x00001f17) x30 0x8000fc48
core   0: 0x8000ec4c (0x3a3f2c23) sw      gp, 952(t5)
core   0: 3 0x8000ec4c (0x3a3f2c23) mem 0x80010000 0x00000001
core   0: 0x8000ec50 (0x0000bfe5) c.j     pc - 8
core   0: 3 0x8000ec50 (0xbfe5)
core   0: 0x8000ec48 (0x00001f17) auipc   t5, 0x1
core   0: 3 0x8000ec48 (0x00001f17) x30 0x8000fc48
core   0: 0x8000ec4c (0x3a3f2c23) sw      gp, 952(t5)
core   0: 3 0x8000ec4c (0x3a3f2c23) mem 0x80010000 0x00000001
core   0: 0x8000ec50 (0x0000bfe5) c.j     pc - 8
core   0: 3 0x8000ec50 (0xbfe5)
core   0: 0x8000ec48 (0x00001f17) auipc   t5, 0x1
core   0: 3 0x8000ec48 (0x00001f17) x30 0x8000fc48
core   0: 0x8000ec4c (0x3a3f2c23) sw      gp, 952(t5)
core   0: 3 0x8000ec4c (0x3a3f2c23) mem 0x80010000 0x00000001
core   0: 0x8000ec50 (0x0000bfe5) c.j     pc - 8
core   0: 3 0x8000ec50 (0xbfe5)
core   0: 0x8000ec48 (0x00001f17) auipc   t5, 0x1
core   0: 3 0x8000ec48 (0x00001f17) x30 0x8000fc48
core   0: 0x8000ec4c (0x3a3f2c23) sw      gp, 952(t5)
core   0: 3 0x8000ec4c (0x3a3f2c23) mem 0x80010000 0x00000001
core   0: 0x8000ec50 (0x0000bfe5) c.j     pc - 8
core   0: 3 0x8000ec50 (0xbfe5)
core   0: 0x8000ec48 (0x00001f17) auipc   t5, 0x1
core   0: 3 0x8000ec48 (0x00001f17) x30 0x8000fc48
core   0: 0x8000ec4c (0x3a3f2c23) sw      gp, 952(t5)
core   0: 3 0x8000ec4c (0x3a3f2c23) mem 0x80010000 0x00000001
core   0: 0x8000ec50 (0x0000bfe5) c.j     pc - 8
core   0: 3 0x8000ec50 (0xbfe5)
core   0: 0x8000ec48 (0x00001f17) auipc   t5, 0x1
core   0: 3 0x8000ec48 (0x00001f17) x30 0x8000fc48
core   0: 0x8000ec4c (0x3a3f2c23) sw      gp, 952(t5)
core   0: 3 0x8000ec4c (0x3a3f2c23) mem 0x80010000 0x00000001
core   0: 0x8000ec50 (0x0000bfe5) c.j     pc - 8
core   0: 3 0x8000ec50 (0xbfe5)
core   0: 0x8000ec48 (0x00001f17) auipc   t5, 0x1
core   0: 3 0x8000ec48 (0x00001f17) x30 0x8000fc48
core   0: 0x8000ec4c (0x3a3f2c23) sw      gp, 952(t5)
core   0: 3 0x8000ec4c (0x3a3f2c23) mem 0x80010000 0x00000001
core   0: 0x8000ec50 (0x0000bfe5) c.j     pc - 8
core   0: 3 0x8000ec50 (0xbfe5)
core   0: 0x8000ec48 (0x00001f17) auipc   t5, 0x1
core   0: 3 0x8000ec48 (0x00001f17) x30 0x8000fc48
core   0: 0x8000ec4c (0x3a3f2c23) sw      gp, 952(t5)
core   0: 3 0x8000ec4c (0x3a3f2c23) mem 0x80010000 0x00000001
core   0: 0x8000ec50 (0x0000bfe5) c.j     pc - 8
core   0: 3 0x8000ec50 (0xbfe5)
core   0: 0x8000ec48 (0x00001f17) auipc   t5, 0x1
core   0: 3 0x8000ec48 (0x00001f17) x30 0x8000fc48
core   0: 0x8000ec4c (0x3a3f2c23) sw      gp, 952(t5)
core   0: 3 0x8000ec4c (0x3a3f2c23) mem 0x80010000 0x00000001
core   0: 0x8000ec50 (0x0000bfe5) c.j     pc - 8
core   0: 3 0x8000ec50 (0xbfe5)
core   0: 0x8000ec48 (0x00001f17) auipc   t5, 0x1
core   0: 3 0x8000ec48 (0x00001f17) x30 0x8000fc48
core   0: 0x8000ec4c (0x3a3f2c23) sw      gp, 952(t5)
core   0: 3 0x8000ec4c (0x3a3f2c23) mem 0x80010000 0x00000001
core   0: 0x8000ec50 (0x0000bfe5) c.j     pc - 8
core   0: 3 0x8000ec50 (0xbfe5)
core   0: 0x8000ec48 (0x00001f17) auipc   t5, 0x1
core   0: 3 0x8000ec48 (0x00001f17) x30 0x8000fc48
core   0: 0x8000ec4c (0x3a3f2c23) sw      gp, 952(t5)
core   0: 3 0x8000ec4c (0x3a3f2c23) mem 0x80010000 0x00000001
core   0: 0x8000ec50 (0x0000bfe5) c.j     pc - 8
core   0: 3 0x8000ec50 (0xbfe5)
core   0: 0x8000ec48 (0x00001f17) auipc   t5, 0x1
core   0: 3 0x8000ec48 (0x00001f17) x30 0x8000fc48
core   0: 0x8000ec4c (0x3a3f2c23) sw      gp, 952(t5)
core   0: 3 0x8000ec4c (0x3a3f2c23) mem 0x80010000 0x00000001
core   0: 0x8000ec50 (0x0000bfe5) c.j     pc - 8
core   0: 3 0x8000ec50 (0xbfe5)
core   0: 0x8000ec48 (0x00001f17) auipc   t5, 0x1
core   0: 3 0x8000ec48 (0x00001f17) x30 0x8000fc48
core   0: 0x8000ec4c (0x3a3f2c23) sw      gp, 952(t5)
core   0: 3 0x8000ec4c (0x3a3f2c23) mem 0x80010000 0x00000001
core   0: 0x8000ec50 (0x0000bfe5) c.j     pc - 8
core   0: 3 0x8000ec50 (0xbfe5)
core   0: 0x8000ec48 (0x00001f17) auipc   t5, 0x1
core   0: 3 0x8000ec48 (0x00001f17) x30 0x8000fc48
core   0: 0x8000ec4c (0x3a3f2c23) sw      gp, 952(t5)
core   0: 3 0x8000ec4c (0x3a3f2c23) mem 0x80010000 0x00000001
core   0: 0x8000ec50 (0x0000bfe5) c.j     pc - 8
core   0: 3 0x8000ec50 (0xbfe5)
core   0: 0x8000ec48 (0x00001f17) auipc   t5, 0x1
core   0: 3 0x8000ec48 (0x00001f17) x30 0x8000fc48
core   0: 0x8000ec4c (0x3a3f2c23) sw      gp, 952(t5)
core   0: 3 0x8000ec4c (0x3a3f2c23) mem 0x80010000 0x00000001
core   0: 0x8000ec50 (0x0000bfe5) c.j     pc - 8
core   0: 3 0x8000ec50 (0xbfe5)
core   0: 0x8000ec48 (0x00001f17) auipc   t5, 0x1
core   0: 3 0x8000ec48 (0x00001f17) x30 0x8000fc48
core   0: 0x8000ec4c (0x3a3f2c23) sw      gp, 952(t5)
core   0: 3 0x8000ec4c (0x3a3f2c23) mem 0x80010000 0x00000001
core   0: 0x8000ec50 (0x0000bfe5) c.j     pc - 8
core   0: 3 0x8000ec50 (0xbfe5)
core   0: 0x8000ec48 (0x00001f17) auipc   t5, 0x1
core   0: 3 0x8000ec48 (0x00001f17) x30 0x8000fc48
core   0: 0x8000ec4c (0x3a3f2c23) sw      gp, 952(t5)
core   0: 3 0x8000ec4c (0x3a3f2c23) mem 0x80010000 0x00000001
core   0: 0x8000ec50 (0x0000bfe5) c.j     pc - 8
core   0: 3 0x8000ec50 (0xbfe5)
core   0: 0x8000ec48 (0x00001f17) auipc   t5, 0x1
core   0: 3 0x8000ec48 (0x00001f17) x30 0x8000fc48
core   0: 0x8000ec4c (0x3a3f2c23) sw      gp, 952(t5)
core   0: 3 0x8000ec4c (0x3a3f2c23) mem 0x80010000 0x00000001
core   0: 0x8000ec50 (0x0000bfe5) c.j     pc - 8
core   0: 3 0x8000ec50 (0xbfe5)
core   0: 0x8000ec48 (0x00001f17) auipc   t5, 0x1
core   0: 3 0x8000ec48 (0x00001f17) x30 0x8000fc48
core   0: 0x8000ec4c (0x3a3f2c23) sw      gp, 952(t5)
core   0: 3 0x8000ec4c (0x3a3f2c23) mem 0x80010000 0x00000001
core   0: 0x8000ec50 (0x0000bfe5) c.j     pc - 8
core   0: 3 0x8000ec50 (0xbfe5)
core   0: 0x8000ec48 (0x00001f17) auipc   t5, 0x1
core   0: 3 0x8000ec48 (0x00001f17) x30 0x8000fc48
core   0: 0x8000ec4c (0x3a3f2c23) sw      gp, 952(t5)
core   0: 3 0x8000ec4c (0x3a3f2c23) mem 0x80010000 0x00000001
core   0: 0x8000ec50 (0x0000bfe5) c.j     pc - 8
core   0: 3 0x8000ec50 (0xbfe5)
core   0: 0x8000ec48 (0x00001f17) auipc   t5, 0x1
core   0: 3 0x8000ec48 (0x00001f17) x30 0x8000fc48
core   0: 0x8000ec4c (0x3a3f2c23) sw      gp, 952(t5)
core   0: 3 0x8000ec4c (0x3a3f2c23) mem 0x80010000 0x00000001
core   0: 0x8000ec50 (0x0000bfe5) c.j     pc - 8
core   0: 3 0x8000ec50 (0xbfe5)
core   0: 0x8000ec48 (0x00001f17) auipc   t5, 0x1
core   0: 3 0x8000ec48 (0x00001f17) x30 0x8000fc48
core   0: 0x8000ec4c (0x3a3f2c23) sw      gp, 952(t5)
core   0: 3 0x8000ec4c (0x3a3f2c23) mem 0x80010000 0x00000001
core   0: 0x8000ec50 (0x0000bfe5) c.j     pc - 8
core   0: 3 0x8000ec50 (0xbfe5)
core   0: 0x8000ec48 (0x00001f17) auipc   t5, 0x1
core   0: 3 0x8000ec48 (0x00001f17) x30 0x8000fc48
core   0: 0x8000ec4c (0x3a3f2c23) sw      gp, 952(t5)
core   0: 3 0x8000ec4c (0x3a3f2c23) mem 0x80010000 0x00000001
core   0: 0x8000ec50 (0x0000bfe5) c.j     pc - 8
core   0: 3 0x8000ec50 (0xbfe5)
core   0: 0x8000ec48 (0x00001f17) auipc   t5, 0x1
core   0: 3 0x8000ec48 (0x00001f17) x30 0x8000fc48
core   0: 0x8000ec4c (0x3a3f2c23) sw      gp, 952(t5)
core   0: 3 0x8000ec4c (0x3a3f2c23) mem 0x80010000 0x00000001
core   0: 0x8000ec50 (0x0000bfe5) c.j     pc - 8
core   0: 3 0x8000ec50 (0xbfe5)
core   0: 0x8000ec48 (0x00001f17) auipc   t5, 0x1
core   0: 3 0x8000ec48 (0x00001f17) x30 0x8000fc48
core   0: 0x8000ec4c (0x3a3f2c23) sw      gp, 952(t5)
core   0: 3 0x8000ec4c (0x3a3f2c23) mem 0x80010000 0x00000001
core   0: 0x8000ec50 (0x0000bfe5) c.j     pc - 8
core   0: 3 0x8000ec50 (0xbfe5)
core   0: 0x8000ec48 (0x00001f17) auipc   t5, 0x1
core   0: 3 0x8000ec48 (0x00001f17) x30 0x8000fc48
core   0: 0x8000ec4c (0x3a3f2c23) sw      gp, 952(t5)
core   0: 3 0x8000ec4c (0x3a3f2c23) mem 0x80010000 0x00000001
core   0: 0x8000ec50 (0x0000bfe5) c.j     pc - 8
core   0: 3 0x8000ec50 (0xbfe5)
core   0: 0x8000ec48 (0x00001f17) auipc   t5, 0x1
core   0: 3 0x8000ec48 (0x00001f17) x30 0x8000fc48
core   0: 0x8000ec4c (0x3a3f2c23) sw      gp, 952(t5)
core   0: 3 0x8000ec4c (0x3a3f2c23) mem 0x80010000 0x00000001
core   0: 0x8000ec50 (0x0000bfe5) c.j     pc - 8
core   0: 3 0x8000ec50 (0xbfe5)
core   0: 0x8000ec48 (0x00001f17) auipc   t5, 0x1
core   0: 3 0x8000ec48 (0x00001f17) x30 0x8000fc48
core   0: 0x8000ec4c (0x3a3f2c23) sw      gp, 952(t5)
core   0: 3 0x8000ec4c (0x3a3f2c23) mem 0x80010000 0x00000001
core   0: 0x8000ec50 (0x0000bfe5) c.j     pc - 8
core   0: 3 0x8000ec50 (0xbfe5)
core   0: 0x8000ec48 (0x00001f17) auipc   t5, 0x1
core   0: 3 0x8000ec48 (0x00001f17) x30 0x8000fc48
core   0: 0x8000ec4c (0x3a3f2c23) sw      gp, 952(t5)
core   0: 3 0x8000ec4c (0x3a3f2c23) mem 0x80010000 0x00000001
core   0: 0x8000ec50 (0x0000bfe5) c.j     pc - 8
core   0: 3 0x8000ec50 (0xbfe5)
core   0: 0x8000ec48 (0x00001f17) auipc   t5, 0x1
core   0: 3 0x8000ec48 (0x00001f17) x30 0x8000fc48
core   0: 0x8000ec4c (0x3a3f2c23) sw      gp, 952(t5)
core   0: 3 0x8000ec4c (0x3a3f2c23) mem 0x80010000 0x00000001
core   0: 0x8000ec50 (0x0000bfe5) c.j     pc - 8
core   0: 3 0x8000ec50 (0xbfe5)
core   0: 0x8000ec48 (0x00001f17) auipc   t5, 0x1
core   0: 3 0x8000ec48 (0x00001f17) x30 0x8000fc48
core   0: 0x8000ec4c (0x3a3f2c23) sw      gp, 952(t5)
core   0: 3 0x8000ec4c (0x3a3f2c23) mem 0x80010000 0x00000001
core   0: 0x8000ec50 (0x0000bfe5) c.j     pc - 8
core   0: 3 0x8000ec50 (0xbfe5)
core   0: 0x8000ec48 (0x00001f17) auipc   t5, 0x1
core   0: 3 0x8000ec48 (0x00001f17) x30 0x8000fc48
core   0: 0x8000ec4c (0x3a3f2c23) sw      gp, 952(t5)
core   0: 3 0x8000ec4c (0x3a3f2c23) mem 0x80010000 0x00000001
core   0: 0x8000ec50 (0x0000bfe5) c.j     pc - 8
core   0: 3 0x8000ec50 (0xbfe5)
core   0: 0x8000ec48 (0x00001f17) auipc   t5, 0x1
core   0: 3 0x8000ec48 (0x00001f17) x30 0x8000fc48
core   0: 0x8000ec4c (0x3a3f2c23) sw      gp, 952(t5)
core   0: 3 0x8000ec4c (0x3a3f2c23) mem 0x80010000 0x00000001
core   0: 0x8000ec50 (0x0000bfe5) c.j     pc - 8
core   0: 3 0x8000ec50 (0xbfe5)
core   0: 0x8000ec48 (0x00001f17) auipc   t5, 0x1
core   0: 3 0x8000ec48 (0x00001f17) x30 0x8000fc48
core   0: 0x8000ec4c (0x3a3f2c23) sw      gp, 952(t5)
core   0: 3 0x8000ec4c (0x3a3f2c23) mem 0x80010000 0x00000001
core   0: 0x8000ec50 (0x0000bfe5) c.j     pc - 8
core   0: 3 0x8000ec50 (0xbfe5)
core   0: 0x8000ec48 (0x00001f17) auipc   t5, 0x1
core   0: 3 0x8000ec48 (0x00001f17) x30 0x8000fc48
core   0: 0x8000ec4c (0x3a3f2c23) sw      gp, 952(t5)
core   0: 3 0x8000ec4c (0x3a3f2c23) mem 0x80010000 0x00000001
core   0: 0x8000ec50 (0x0000bfe5) c.j     pc - 8
core   0: 3 0x8000ec50 (0xbfe5)
core   0: 0x8000ec48 (0x00001f17) auipc   t5, 0x1
core   0: 3 0x8000ec48 (0x00001f17) x30 0x8000fc48
core   0: 0x8000ec4c (0x3a3f2c23) sw      gp, 952(t5)
core   0: 3 0x8000ec4c (0x3a3f2c23) mem 0x80010000 0x00000001
core   0: 0x8000ec50 (0x0000bfe5) c.j     pc - 8
core   0: 3 0x8000ec50 (0xbfe5)
core   0: 0x8000ec48 (0x00001f17) auipc   t5, 0x1
core   0: 3 0x8000ec48 (0x00001f17) x30 0x8000fc48
core   0: 0x8000ec4c (0x3a3f2c23) sw      gp, 952(t5)
core   0: 3 0x8000ec4c (0x3a3f2c23) mem 0x80010000 0x00000001
core   0: 0x8000ec50 (0x0000bfe5) c.j     pc - 8
core   0: 3 0x8000ec50 (0xbfe5)
core   0: 0x8000ec48 (0x00001f17) auipc   t5, 0x1
core   0: 3 0x8000ec48 (0x00001f17) x30 0x8000fc48
core   0: 0x8000ec4c (0x3a3f2c23) sw      gp, 952(t5)
core   0: 3 0x8000ec4c (0x3a3f2c23) mem 0x80010000 0x00000001
core   0: 0x8000ec50 (0x0000bfe5) c.j     pc - 8
core   0: 3 0x8000ec50 (0xbfe5)
core   0: 0x8000ec48 (0x00001f17) auipc   t5, 0x1
core   0: 3 0x8000ec48 (0x00001f17) x30 0x8000fc48
core   0: 0x8000ec4c (0x3a3f2c23) sw      gp, 952(t5)
core   0: 3 0x8000ec4c (0x3a3f2c23) mem 0x80010000 0x00000001
core   0: 0x8000ec50 (0x0000bfe5) c.j     pc - 8
core   0: 3 0x8000ec50 (0xbfe5)
core   0: 0x8000ec48 (0x00001f17) auipc   t5, 0x1
core   0: 3 0x8000ec48 (0x00001f17) x30 0x8000fc48
core   0: 0x8000ec4c (0x3a3f2c23) sw      gp, 952(t5)
core   0: 3 0x8000ec4c (0x3a3f2c23) mem 0x80010000 0x00000001
core   0: 0x8000ec50 (0x0000bfe5) c.j     pc - 8
core   0: 3 0x8000ec50 (0xbfe5)
core   0: 0x8000ec48 (0x00001f17) auipc   t5, 0x1
core   0: 3 0x8000ec48 (0x00001f17) x30 0x8000fc48
core   0: 0x8000ec4c (0x3a3f2c23) sw      gp, 952(t5)
core   0: 3 0x8000ec4c (0x3a3f2c23) mem 0x80010000 0x00000001
core   0: 0x8000ec50 (0x0000bfe5) c.j     pc - 8
core   0: 3 0x8000ec50 (0xbfe5)
core   0: 0x8000ec48 (0x00001f17) auipc   t5, 0x1
core   0: 3 0x8000ec48 (0x00001f17) x30 0x8000fc48
core   0: 0x8000ec4c (0x3a3f2c23) sw      gp, 952(t5)
core   0: 3 0x8000ec4c (0x3a3f2c23) mem 0x80010000 0x00000001
core   0: 0x8000ec50 (0x0000bfe5) c.j     pc - 8
core   0: 3 0x8000ec50 (0xbfe5)
core   0: 0x8000ec48 (0x00001f17) auipc   t5, 0x1
core   0: 3 0x8000ec48 (0x00001f17) x30 0x8000fc48
core   0: 0x8000ec4c (0x3a3f2c23) sw      gp, 952(t5)
core   0: 3 0x8000ec4c (0x3a3f2c23) mem 0x80010000 0x00000001
core   0: 0x8000ec50 (0x0000bfe5) c.j     pc - 8
core   0: 3 0x8000ec50 (0xbfe5)
core   0: 0x8000ec48 (0x00001f17) auipc   t5, 0x1
core   0: 3 0x8000ec48 (0x00001f17) x30 0x8000fc48
core   0: 0x8000ec4c (0x3a3f2c23) sw      gp, 952(t5)
core   0: 3 0x8000ec4c (0x3a3f2c23) mem 0x80010000 0x00000001
core   0: 0x8000ec50 (0x0000bfe5) c.j     pc - 8
core   0: 3 0x8000ec50 (0xbfe5)
core   0: 0x8000ec48 (0x00001f17) auipc   t5, 0x1
core   0: 3 0x8000ec48 (0x00001f17) x30 0x8000fc48
core   0: 0x8000ec4c (0x3a3f2c23) sw      gp, 952(t5)
core   0: 3 0x8000ec4c (0x3a3f2c23) mem 0x80010000 0x00000001
core   0: 0x8000ec50 (0x0000bfe5) c.j     pc - 8
core   0: 3 0x8000ec50 (0xbfe5)
core   0: 0x8000ec48 (0x00001f17) auipc   t5, 0x1
core   0: 3 0x8000ec48 (0x00001f17) x30 0x8000fc48
core   0: 0x8000ec4c (0x3a3f2c23) sw      gp, 952(t5)
core   0: 3 0x8000ec4c (0x3a3f2c23) mem 0x80010000 0x00000001
core   0: 0x8000ec50 (0x0000bfe5) c.j     pc - 8
core   0: 3 0x8000ec50 (0xbfe5)
core   0: 0x8000ec48 (0x00001f17) auipc   t5, 0x1
core   0: 3 0x8000ec48 (0x00001f17) x30 0x8000fc48
core   0: 0x8000ec4c (0x3a3f2c23) sw      gp, 952(t5)
core   0: 3 0x8000ec4c (0x3a3f2c23) mem 0x80010000 0x00000001
core   0: 0x8000ec50 (0x0000bfe5) c.j     pc - 8
core   0: 3 0x8000ec50 (0xbfe5)
core   0: 0x8000ec48 (0x00001f17) auipc   t5, 0x1
core   0: 3 0x8000ec48 (0x00001f17) x30 0x8000fc48
core   0: 0x8000ec4c (0x3a3f2c23) sw      gp, 952(t5)
core   0: 3 0x8000ec4c (0x3a3f2c23) mem 0x80010000 0x00000001
core   0: 0x8000ec50 (0x0000bfe5) c.j     pc - 8
core   0: 3 0x8000ec50 (0xbfe5)
core   0: 0x8000ec48 (0x00001f17) auipc   t5, 0x1
core   0: 3 0x8000ec48 (0x00001f17) x30 0x8000fc48
core   0: 0x8000ec4c (0x3a3f2c23) sw      gp, 952(t5)
core   0: 3 0x8000ec4c (0x3a3f2c23) mem 0x80010000 0x00000001
core   0: 0x8000ec50 (0x0000bfe5) c.j     pc - 8
core   0: 3 0x8000ec50 (0xbfe5)
core   0: 0x8000ec48 (0x00001f17) auipc   t5, 0x1
core   0: 3 0x8000ec48 (0x00001f17) x30 0x8000fc48
core   0: 0x8000ec4c (0x3a3f2c23) sw      gp, 952(t5)
core   0: 3 0x8000ec4c (0x3a3f2c23) mem 0x80010000 0x00000001
core   0: 0x8000ec50 (0x0000bfe5) c.j     pc - 8
core   0: 3 0x8000ec50 (0xbfe5)
core   0: 0x8000ec48 (0x00001f17) auipc   t5, 0x1
core   0: 3 0x8000ec48 (0x00001f17) x30 0x8000fc48
core   0: 0x8000ec4c (0x3a3f2c23) sw      gp, 952(t5)
core   0: 3 0x8000ec4c (0x3a3f2c23) mem 0x80010000 0x00000001
core   0: 0x8000ec50 (0x0000bfe5) c.j     pc - 8
core   0: 3 0x8000ec50 (0xbfe5)
core   0: 0x8000ec48 (0x00001f17) auipc   t5, 0x1
core   0: 3 0x8000ec48 (0x00001f17) x30 0x8000fc48
core   0: 0x8000ec4c (0x3a3f2c23) sw      gp, 952(t5)
core   0: 3 0x8000ec4c (0x3a3f2c23) mem 0x80010000 0x00000001
core   0: 0x8000ec50 (0x0000bfe5) c.j     pc - 8
core   0: 3 0x8000ec50 (0xbfe5)
core   0: 0x8000ec48 (0x00001f17) auipc   t5, 0x1
core   0: 3 0x8000ec48 (0x00001f17) x30 0x8000fc48
core   0: 0x8000ec4c (0x3a3f2c23) sw      gp, 952(t5)
core   0: 3 0x8000ec4c (0x3a3f2c23) mem 0x80010000 0x00000001
core   0: 0x8000ec50 (0x0000bfe5) c.j     pc - 8
core   0: 3 0x8000ec50 (0xbfe5)
core   0: 0x8000ec48 (0x00001f17) auipc   t5, 0x1
core   0: 3 0x8000ec48 (0x00001f17) x30 0x8000fc48
core   0: 0x8000ec4c (0x3a3f2c23) sw      gp, 952(t5)
core   0: 3 0x8000ec4c (0x3a3f2c23) mem 0x80010000 0x00000001
core   0: 0x8000ec50 (0x0000bfe5) c.j     pc - 8
core   0: 3 0x8000ec50 (0xbfe5)
core   0: 0x8000ec48 (0x00001f17) auipc   t5, 0x1
core   0: 3 0x8000ec48 (0x00001f17) x30 0x8000fc48
core   0: 0x8000ec4c (0x3a3f2c23) sw      gp, 952(t5)
core   0: 3 0x8000ec4c (0x3a3f2c23) mem 0x80010000 0x00000001
core   0: 0x8000ec50 (0x0000bfe5) c.j     pc - 8
core   0: 3 0x8000ec50 (0xbfe5)
core   0: 0x8000ec48 (0x00001f17) auipc   t5, 0x1
core   0: 3 0x8000ec48 (0x00001f17) x30 0x8000fc48
core   0: 0x8000ec4c (0x3a3f2c23) sw      gp, 952(t5)
core   0: 3 0x8000ec4c (0x3a3f2c23) mem 0x80010000 0x00000001
core   0: 0x8000ec50 (0x0000bfe5) c.j     pc - 8
core   0: 3 0x8000ec50 (0xbfe5)
core   0: 0x8000ec48 (0x00001f17) auipc   t5, 0x1
core   0: 3 0x8000ec48 (0x00001f17) x30 0x8000fc48
core   0: 0x8000ec4c (0x3a3f2c23) sw      gp, 952(t5)
core   0: 3 0x8000ec4c (0x3a3f2c23) mem 0x80010000 0x00000001
core   0: 0x8000ec50 (0x0000bfe5) c.j     pc - 8
core   0: 3 0x8000ec50 (0xbfe5)
core   0: 0x8000ec48 (0x00001f17) auipc   t5, 0x1
core   0: 3 0x8000ec48 (0x00001f17) x30 0x8000fc48
core   0: 0x8000ec4c (0x3a3f2c23) sw      gp, 952(t5)
core   0: 3 0x8000ec4c (0x3a3f2c23) mem 0x80010000 0x00000001
core   0: 0x8000ec50 (0x0000bfe5) c.j     pc - 8
core   0: 3 0x8000ec50 (0xbfe5)
core   0: 0x8000ec48 (0x00001f17) auipc   t5, 0x1
core   0: 3 0x8000ec48 (0x00001f17) x30 0x8000fc48
core   0: 0x8000ec4c (0x3a3f2c23) sw      gp, 952(t5)
core   0: 3 0x8000ec4c (0x3a3f2c23) mem 0x80010000 0x00000001
core   0: 0x8000ec50 (0x0000bfe5) c.j     pc - 8
core   0: 3 0x8000ec50 (0xbfe5)
core   0: 0x8000ec48 (0x00001f17) auipc   t5, 0x1
core   0: 3 0x8000ec48 (0x00001f17) x30 0x8000fc48
core   0: 0x8000ec4c (0x3a3f2c23) sw      gp, 952(t5)
core   0: 3 0x8000ec4c (0x3a3f2c23) mem 0x80010000 0x00000001
core   0: 0x8000ec50 (0x0000bfe5) c.j     pc - 8
core   0: 3 0x8000ec50 (0xbfe5)
core   0: 0x8000ec48 (0x00001f17) auipc   t5, 0x1
core   0: 3 0x8000ec48 (0x00001f17) x30 0x8000fc48
core   0: 0x8000ec4c (0x3a3f2c23) sw      gp, 952(t5)
core   0: 3 0x8000ec4c (0x3a3f2c23) mem 0x80010000 0x00000001
core   0: 0x8000ec50 (0x0000bfe5) c.j     pc - 8
core   0: 3 0x8000ec50 (0xbfe5)
core   0: 0x8000ec48 (0x00001f17) auipc   t5, 0x1
core   0: 3 0x8000ec48 (0x00001f17) x30 0x8000fc48
core   0: 0x8000ec4c (0x3a3f2c23) sw      gp, 952(t5)
core   0: 3 0x8000ec4c (0x3a3f2c23) mem 0x80010000 0x00000001
core   0: 0x8000ec50 (0x0000bfe5) c.j     pc - 8
core   0: 3 0x8000ec50 (0xbfe5)
core   0: 0x8000ec48 (0x00001f17) auipc   t5, 0x1
core   0: 3 0x8000ec48 (0x00001f17) x30 0x8000fc48
core   0: 0x8000ec4c (0x3a3f2c23) sw      gp, 952(t5)
core   0: 3 0x8000ec4c (0x3a3f2c23) mem 0x80010000 0x00000001
core   0: 0x8000ec50 (0x0000bfe5) c.j     pc - 8
core   0: 3 0x8000ec50 (0xbfe5)
core   0: 0x8000ec48 (0x00001f17) auipc   t5, 0x1
core   0: 3 0x8000ec48 (0x00001f17) x30 0x8000fc48
core   0: 0x8000ec4c (0x3a3f2c23) sw      gp, 952(t5)
core   0: 3 0x8000ec4c (0x3a3f2c23) mem 0x80010000 0x00000001
core   0: 0x8000ec50 (0x0000bfe5) c.j     pc - 8
core   0: 3 0x8000ec50 (0xbfe5)
core   0: 0x8000ec48 (0x00001f17) auipc   t5, 0x1
core   0: 3 0x8000ec48 (0x00001f17) x30 0x8000fc48
core   0: 0x8000ec4c (0x3a3f2c23) sw      gp, 952(t5)
core   0: 3 0x8000ec4c (0x3a3f2c23) mem 0x80010000 0x00000001
core   0: 0x8000ec50 (0x0000bfe5) c.j     pc - 8
core   0: 3 0x8000ec50 (0xbfe5)
core   0: 0x8000ec48 (0x00001f17) auipc   t5, 0x1
core   0: 3 0x8000ec48 (0x00001f17) x30 0x8000fc48
core   0: 0x8000ec4c (0x3a3f2c23) sw      gp, 952(t5)
core   0: 3 0x8000ec4c (0x3a3f2c23) mem 0x80010000 0x00000001
core   0: 0x8000ec50 (0x0000bfe5) c.j     pc - 8
core   0: 3 0x8000ec50 (0xbfe5)
core   0: 0x8000ec48 (0x00001f17) auipc   t5, 0x1
core   0: 3 0x8000ec48 (0x00001f17) x30 0x8000fc48
core   0: 0x8000ec4c (0x3a3f2c23) sw      gp, 952(t5)
core   0: 3 0x8000ec4c (0x3a3f2c23) mem 0x80010000 0x00000001
core   0: 0x8000ec50 (0x0000bfe5) c.j     pc - 8
core   0: 3 0x8000ec50 (0xbfe5)
core   0: 0x8000ec48 (0x00001f17) auipc   t5, 0x1
core   0: 3 0x8000ec48 (0x00001f17) x30 0x8000fc48
core   0: 0x8000ec4c (0x3a3f2c23) sw      gp, 952(t5)
core   0: 3 0x8000ec4c (0x3a3f2c23) mem 0x80010000 0x00000001
core   0: 0x8000ec50 (0x0000bfe5) c.j     pc - 8
core   0: 3 0x8000ec50 (0xbfe5)
core   0: 0x8000ec48 (0x00001f17) auipc   t5, 0x1
core   0: 3 0x8000ec48 (0x00001f17) x30 0x8000fc48
core   0: 0x8000ec4c (0x3a3f2c23) sw      gp, 952(t5)
core   0: 3 0x8000ec4c (0x3a3f2c23) mem 0x80010000 0x00000001
core   0: 0x8000ec50 (0x0000bfe5) c.j     pc - 8
core   0: 3 0x8000ec50 (0xbfe5)
core   0: 0x8000ec48 (0x00001f17) auipc   t5, 0x1
core   0: 3 0x8000ec48 (0x00001f17) x30 0x8000fc48
core   0: 0x8000ec4c (0x3a3f2c23) sw      gp, 952(t5)
core   0: 3 0x8000ec4c (0x3a3f2c23) mem 0x80010000 0x00000001
core   0: 0x8000ec50 (0x0000bfe5) c.j     pc - 8
core   0: 3 0x8000ec50 (0xbfe5)
core   0: 0x8000ec48 (0x00001f17) auipc   t5, 0x1
core   0: 3 0x8000ec48 (0x00001f17) x30 0x8000fc48
core   0: 0x8000ec4c (0x3a3f2c23) sw      gp, 952(t5)
core   0: 3 0x8000ec4c (0x3a3f2c23) mem 0x80010000 0x00000001
core   0: 0x8000ec50 (0x0000bfe5) c.j     pc - 8
core   0: 3 0x8000ec50 (0xbfe5)
core   0: 0x8000ec48 (0x00001f17) auipc   t5, 0x1
core   0: 3 0x8000ec48 (0x00001f17) x30 0x8000fc48
core   0: 0x8000ec4c (0x3a3f2c23) sw      gp, 952(t5)
core   0: 3 0x8000ec4c (0x3a3f2c23) mem 0x80010000 0x00000001
core   0: 0x8000ec50 (0x0000bfe5) c.j     pc - 8
core   0: 3 0x8000ec50 (0xbfe5)
core   0: 0x8000ec48 (0x00001f17) auipc   t5, 0x1
core   0: 3 0x8000ec48 (0x00001f17) x30 0x8000fc48
core   0: 0x8000ec4c (0x3a3f2c23) sw      gp, 952(t5)
core   0: 3 0x8000ec4c (0x3a3f2c23) mem 0x80010000 0x00000001
core   0: 0x8000ec50 (0x0000bfe5) c.j     pc - 8
core   0: 3 0x8000ec50 (0xbfe5)
core   0: 0x8000ec48 (0x00001f17) auipc   t5, 0x1
core   0: 3 0x8000ec48 (0x00001f17) x30 0x8000fc48
core   0: 0x8000ec4c (0x3a3f2c23) sw      gp, 952(t5)
core   0: 3 0x8000ec4c (0x3a3f2c23) mem 0x80010000 0x00000001
core   0: 0x8000ec50 (0x0000bfe5) c.j     pc - 8
core   0: 3 0x8000ec50 (0xbfe5)
core   0: 0x8000ec48 (0x00001f17) auipc   t5, 0x1
core   0: 3 0x8000ec48 (0x00001f17) x30 0x8000fc48
core   0: 0x8000ec4c (0x3a3f2c23) sw      gp, 952(t5)
core   0: 3 0x8000ec4c (0x3a3f2c23) mem 0x80010000 0x00000001
core   0: 0x8000ec50 (0x0000bfe5) c.j     pc - 8
core   0: 3 0x8000ec50 (0xbfe5)
core   0: 0x8000ec48 (0x00001f17) auipc   t5, 0x1
core   0: 3 0x8000ec48 (0x00001f17) x30 0x8000fc48
core   0: 0x8000ec4c (0x3a3f2c23) sw      gp, 952(t5)
core   0: 3 0x8000ec4c (0x3a3f2c23) mem 0x80010000 0x00000001
core   0: 0x8000ec50 (0x0000bfe5) c.j     pc - 8
core   0: 3 0x8000ec50 (0xbfe5)
core   0: 0x8000ec48 (0x00001f17) auipc   t5, 0x1
core   0: 3 0x8000ec48 (0x00001f17) x30 0x8000fc48
core   0: 0x8000ec4c (0x3a3f2c23) sw      gp, 952(t5)
core   0: 3 0x8000ec4c (0x3a3f2c23) mem 0x80010000 0x00000001
core   0: 0x8000ec50 (0x0000bfe5) c.j     pc - 8
core   0: 3 0x8000ec50 (0xbfe5)
core   0: 0x8000ec48 (0x00001f17) auipc   t5, 0x1
core   0: 3 0x8000ec48 (0x00001f17) x30 0x8000fc48
core   0: 0x8000ec4c (0x3a3f2c23) sw      gp, 952(t5)
core   0: 3 0x8000ec4c (0x3a3f2c23) mem 0x80010000 0x00000001
core   0: 0x8000ec50 (0x0000bfe5) c.j     pc - 8
core   0: 3 0x8000ec50 (0xbfe5)
core   0: 0x8000ec48 (0x00001f17) auipc   t5, 0x1
core   0: 3 0x8000ec48 (0x00001f17) x30 0x8000fc48
core   0: 0x8000ec4c (0x3a3f2c23) sw      gp, 952(t5)
core   0: 3 0x8000ec4c (0x3a3f2c23) mem 0x80010000 0x00000001
core   0: 0x8000ec50 (0x0000bfe5) c.j     pc - 8
core   0: 3 0x8000ec50 (0xbfe5)
core   0: 0x8000ec48 (0x00001f17) auipc   t5, 0x1
core   0: 3 0x8000ec48 (0x00001f17) x30 0x8000fc48
core   0: 0x8000ec4c (0x3a3f2c23) sw      gp, 952(t5)
core   0: 3 0x8000ec4c (0x3a3f2c23) mem 0x80010000 0x00000001
core   0: 0x8000ec50 (0x0000bfe5) c.j     pc - 8
core   0: 3 0x8000ec50 (0xbfe5)
core   0: 0x8000ec48 (0x00001f17) auipc   t5, 0x1
core   0: 3 0x8000ec48 (0x00001f17) x30 0x8000fc48
core   0: 0x8000ec4c (0x3a3f2c23) sw      gp, 952(t5)
core   0: 3 0x8000ec4c (0x3a3f2c23) mem 0x80010000 0x00000001
core   0: 0x8000ec50 (0x0000bfe5) c.j     pc - 8
core   0: 3 0x8000ec50 (0xbfe5)
core   0: 0x8000ec48 (0x00001f17) auipc   t5, 0x1
core   0: 3 0x8000ec48 (0x00001f17) x30 0x8000fc48
core   0: 0x8000ec4c (0x3a3f2c23) sw      gp, 952(t5)
core   0: 3 0x8000ec4c (0x3a3f2c23) mem 0x80010000 0x00000001
core   0: 0x8000ec50 (0x0000bfe5) c.j     pc - 8
core   0: 3 0x8000ec50 (0xbfe5)
core   0: 0x8000ec48 (0x00001f17) auipc   t5, 0x1
core   0: 3 0x8000ec48 (0x00001f17) x30 0x8000fc48
core   0: 0x8000ec4c (0x3a3f2c23) sw      gp, 952(t5)
core   0: 3 0x8000ec4c (0x3a3f2c23) mem 0x80010000 0x00000001
core   0: 0x8000ec50 (0x0000bfe5) c.j     pc - 8
core   0: 3 0x8000ec50 (0xbfe5)
core   0: 0x8000ec48 (0x00001f17) auipc   t5, 0x1
core   0: 3 0x8000ec48 (0x00001f17) x30 0x8000fc48
core   0: 0x8000ec4c (0x3a3f2c23) sw      gp, 952(t5)
core   0: 3 0x8000ec4c (0x3a3f2c23) mem 0x80010000 0x00000001
core   0: 0x8000ec50 (0x0000bfe5) c.j     pc - 8
core   0: 3 0x8000ec50 (0xbfe5)
core   0: 0x8000ec48 (0x00001f17) auipc   t5, 0x1
core   0: 3 0x8000ec48 (0x00001f17) x30 0x8000fc48
core   0: 0x8000ec4c (0x3a3f2c23) sw      gp, 952(t5)
core   0: 3 0x8000ec4c (0x3a3f2c23) mem 0x80010000 0x00000001
core   0: 0x8000ec50 (0x0000bfe5) c.j     pc - 8
core   0: 3 0x8000ec50 (0xbfe5)
core   0: 0x8000ec48 (0x00001f17) auipc   t5, 0x1
core   0: 3 0x8000ec48 (0x00001f17) x30 0x8000fc48
core   0: 0x8000ec4c (0x3a3f2c23) sw      gp, 952(t5)
core   0: 3 0x8000ec4c (0x3a3f2c23) mem 0x80010000 0x00000001
core   0: 0x8000ec50 (0x0000bfe5) c.j     pc - 8
core   0: 3 0x8000ec50 (0xbfe5)
core   0: 0x8000ec48 (0x00001f17) auipc   t5, 0x1
core   0: 3 0x8000ec48 (0x00001f17) x30 0x8000fc48
core   0: 0x8000ec4c (0x3a3f2c23) sw      gp, 952(t5)
core   0: 3 0x8000ec4c (0x3a3f2c23) mem 0x80010000 0x00000001
core   0: 0x8000ec50 (0x0000bfe5) c.j     pc - 8
core   0: 3 0x8000ec50 (0xbfe5)
core   0: 0x8000ec48 (0x00001f17) auipc   t5, 0x1
core   0: 3 0x8000ec48 (0x00001f17) x30 0x8000fc48
core   0: 0x8000ec4c (0x3a3f2c23) sw      gp, 952(t5)
core   0: 3 0x8000ec4c (0x3a3f2c23) mem 0x80010000 0x00000001
core   0: 0x8000ec50 (0x0000bfe5) c.j     pc - 8
core   0: 3 0x8000ec50 (0xbfe5)
core   0: 0x8000ec48 (0x00001f17) auipc   t5, 0x1
core   0: 3 0x8000ec48 (0x00001f17) x30 0x8000fc48
core   0: 0x8000ec4c (0x3a3f2c23) sw      gp, 952(t5)
core   0: 3 0x8000ec4c (0x3a3f2c23) mem 0x80010000 0x00000001
core   0: 0x8000ec50 (0x0000bfe5) c.j     pc - 8
core   0: 3 0x8000ec50 (0xbfe5)
core   0: 0x8000ec48 (0x00001f17) auipc   t5, 0x1
core   0: 3 0x8000ec48 (0x00001f17) x30 0x8000fc48
core   0: 0x8000ec4c (0x3a3f2c23) sw      gp, 952(t5)
core   0: 3 0x8000ec4c (0x3a3f2c23) mem 0x80010000 0x00000001
core   0: 0x8000ec50 (0x0000bfe5) c.j     pc - 8
core   0: 3 0x8000ec50 (0xbfe5)
core   0: 0x8000ec48 (0x00001f17) auipc   t5, 0x1
core   0: 3 0x8000ec48 (0x00001f17) x30 0x8000fc48
core   0: 0x8000ec4c (0x3a3f2c23) sw      gp, 952(t5)
core   0: 3 0x8000ec4c (0x3a3f2c23) mem 0x80010000 0x00000001
core   0: 0x8000ec50 (0x0000bfe5) c.j     pc - 8
core   0: 3 0x8000ec50 (0xbfe5)
core   0: 0x8000ec48 (0x00001f17) auipc   t5, 0x1
core   0: 3 0x8000ec48 (0x00001f17) x30 0x8000fc48
core   0: 0x8000ec4c (0x3a3f2c23) sw      gp, 952(t5)
core   0: 3 0x8000ec4c (0x3a3f2c23) mem 0x80010000 0x00000001
core   0: 0x8000ec50 (0x0000bfe5) c.j     pc - 8
core   0: 3 0x8000ec50 (0xbfe5)
core   0: 0x8000ec48 (0x00001f17) auipc   t5, 0x1
core   0: 3 0x8000ec48 (0x00001f17) x30 0x8000fc48
core   0: 0x8000ec4c (0x3a3f2c23) sw      gp, 952(t5)
core   0: 3 0x8000ec4c (0x3a3f2c23) mem 0x80010000 0x00000001
core   0: 0x8000ec50 (0x0000bfe5) c.j     pc - 8
core   0: 3 0x8000ec50 (0xbfe5)
core   0: 0x8000ec48 (0x00001f17) auipc   t5, 0x1
core   0: 3 0x8000ec48 (0x00001f17) x30 0x8000fc48
core   0: 0x8000ec4c (0x3a3f2c23) sw      gp, 952(t5)
core   0: 3 0x8000ec4c (0x3a3f2c23) mem 0x80010000 0x00000001
core   0: 0x8000ec50 (0x0000bfe5) c.j     pc - 8
core   0: 3 0x8000ec50 (0xbfe5)
core   0: 0x8000ec48 (0x00001f17) auipc   t5, 0x1
core   0: 3 0x8000ec48 (0x00001f17) x30 0x8000fc48
core   0: 0x8000ec4c (0x3a3f2c23) sw      gp, 952(t5)
core   0: 3 0x8000ec4c (0x3a3f2c23) mem 0x80010000 0x00000001
core   0: 0x8000ec50 (0x0000bfe5) c.j     pc - 8
core   0: 3 0x8000ec50 (0xbfe5)
core   0: 0x8000ec48 (0x00001f17) auipc   t5, 0x1
core   0: 3 0x8000ec48 (0x00001f17) x30 0x8000fc48
core   0: 0x8000ec4c (0x3a3f2c23) sw      gp, 952(t5)
core   0: 3 0x8000ec4c (0x3a3f2c23) mem 0x80010000 0x00000001
core   0: 0x8000ec50 (0x0000bfe5) c.j     pc - 8
core   0: 3 0x8000ec50 (0xbfe5)
core   0: 0x8000ec48 (0x00001f17) auipc   t5, 0x1
core   0: 3 0x8000ec48 (0x00001f17) x30 0x8000fc48
core   0: 0x8000ec4c (0x3a3f2c23) sw      gp, 952(t5)
core   0: 3 0x8000ec4c (0x3a3f2c23) mem 0x80010000 0x00000001
core   0: 0x8000ec50 (0x0000bfe5) c.j     pc - 8
core   0: 3 0x8000ec50 (0xbfe5)
core   0: 0x8000ec48 (0x00001f17) auipc   t5, 0x1
core   0: 3 0x8000ec48 (0x00001f17) x30 0x8000fc48
core   0: 0x8000ec4c (0x3a3f2c23) sw      gp, 952(t5)
core   0: 3 0x8000ec4c (0x3a3f2c23) mem 0x80010000 0x00000001
core   0: 0x8000ec50 (0x0000bfe5) c.j     pc - 8
core   0: 3 0x8000ec50 (0xbfe5)
core   0: 0x8000ec48 (0x00001f17) auipc   t5, 0x1
core   0: 3 0x8000ec48 (0x00001f17) x30 0x8000fc48
core   0: 0x8000ec4c (0x3a3f2c23) sw      gp, 952(t5)
core   0: 3 0x8000ec4c (0x3a3f2c23) mem 0x80010000 0x00000001
core   0: 0x8000ec50 (0x0000bfe5) c.j     pc - 8
core   0: 3 0x8000ec50 (0xbfe5)
core   0: 0x8000ec48 (0x00001f17) auipc   t5, 0x1
core   0: 3 0x8000ec48 (0x00001f17) x30 0x8000fc48
core   0: 0x8000ec4c (0x3a3f2c23) sw      gp, 952(t5)
core   0: 3 0x8000ec4c (0x3a3f2c23) mem 0x80010000 0x00000001
core   0: 0x8000ec50 (0x0000bfe5) c.j     pc - 8
core   0: 3 0x8000ec50 (0xbfe5)
core   0: 0x8000ec48 (0x00001f17) auipc   t5, 0x1
core   0: 3 0x8000ec48 (0x00001f17) x30 0x8000fc48
core   0: 0x8000ec4c (0x3a3f2c23) sw      gp, 952(t5)
core   0: 3 0x8000ec4c (0x3a3f2c23) mem 0x80010000 0x00000001
core   0: 0x8000ec50 (0x0000bfe5) c.j     pc - 8
core   0: 3 0x8000ec50 (0xbfe5)
core   0: 0x8000ec48 (0x00001f17) auipc   t5, 0x1
core   0: 3 0x8000ec48 (0x00001f17) x30 0x8000fc48
core   0: 0x8000ec4c (0x3a3f2c23) sw      gp, 952(t5)
core   0: 3 0x8000ec4c (0x3a3f2c23) mem 0x80010000 0x00000001
core   0: 0x8000ec50 (0x0000bfe5) c.j     pc - 8
core   0: 3 0x8000ec50 (0xbfe5)
core   0: 0x8000ec48 (0x00001f17) auipc   t5, 0x1
core   0: 3 0x8000ec48 (0x00001f17) x30 0x8000fc48
core   0: 0x8000ec4c (0x3a3f2c23) sw      gp, 952(t5)
core   0: 3 0x8000ec4c (0x3a3f2c23) mem 0x80010000 0x00000001
core   0: 0x8000ec50 (0x0000bfe5) c.j     pc - 8
core   0: 3 0x8000ec50 (0xbfe5)
core   0: 0x8000ec48 (0x00001f17) auipc   t5, 0x1
core   0: 3 0x8000ec48 (0x00001f17) x30 0x8000fc48
core   0: 0x8000ec4c (0x3a3f2c23) sw      gp, 952(t5)
core   0: 3 0x8000ec4c (0x3a3f2c23) mem 0x80010000 0x00000001
core   0: 0x8000ec50 (0x0000bfe5) c.j     pc - 8
core   0: 3 0x8000ec50 (0xbfe5)
core   0: 0x8000ec48 (0x00001f17) auipc   t5, 0x1
core   0: 3 0x8000ec48 (0x00001f17) x30 0x8000fc48
core   0: 0x8000ec4c (0x3a3f2c23) sw      gp, 952(t5)
core   0: 3 0x8000ec4c (0x3a3f2c23) mem 0x80010000 0x00000001
core   0: 0x8000ec50 (0x0000bfe5) c.j     pc - 8
core   0: 3 0x8000ec50 (0xbfe5)
core   0: 0x8000ec48 (0x00001f17) auipc   t5, 0x1
core   0: 3 0x8000ec48 (0x00001f17) x30 0x8000fc48
core   0: 0x8000ec4c (0x3a3f2c23) sw      gp, 952(t5)
core   0: 3 0x8000ec4c (0x3a3f2c23) mem 0x80010000 0x00000001
core   0: 0x8000ec50 (0x0000bfe5) c.j     pc - 8
core   0: 3 0x8000ec50 (0xbfe5)
core   0: 0x8000ec48 (0x00001f17) auipc   t5, 0x1
core   0: 3 0x8000ec48 (0x00001f17) x30 0x8000fc48
core   0: 0x8000ec4c (0x3a3f2c23) sw      gp, 952(t5)
core   0: 3 0x8000ec4c (0x3a3f2c23) mem 0x80010000 0x00000001
core   0: 0x8000ec50 (0x0000bfe5) c.j     pc - 8
core   0: 3 0x8000ec50 (0xbfe5)
core   0: 0x8000ec48 (0x00001f17) auipc   t5, 0x1
core   0: 3 0x8000ec48 (0x00001f17) x30 0x8000fc48
core   0: 0x8000ec4c (0x3a3f2c23) sw      gp, 952(t5)
core   0: 3 0x8000ec4c (0x3a3f2c23) mem 0x80010000 0x00000001
core   0: 0x8000ec50 (0x0000bfe5) c.j     pc - 8
core   0: 3 0x8000ec50 (0xbfe5)
core   0: 0x8000ec48 (0x00001f17) auipc   t5, 0x1
core   0: 3 0x8000ec48 (0x00001f17) x30 0x8000fc48
core   0: 0x8000ec4c (0x3a3f2c23) sw      gp, 952(t5)
core   0: 3 0x8000ec4c (0x3a3f2c23) mem 0x80010000 0x00000001
core   0: 0x8000ec50 (0x0000bfe5) c.j     pc - 8
core   0: 3 0x8000ec50 (0xbfe5)
core   0: 0x8000ec48 (0x00001f17) auipc   t5, 0x1
core   0: 3 0x8000ec48 (0x00001f17) x30 0x8000fc48
core   0: 0x8000ec4c (0x3a3f2c23) sw      gp, 952(t5)
core   0: 3 0x8000ec4c (0x3a3f2c23) mem 0x80010000 0x00000001
core   0: 0x8000ec50 (0x0000bfe5) c.j     pc - 8
core   0: 3 0x8000ec50 (0xbfe5)
core   0: 0x8000ec48 (0x00001f17) auipc   t5, 0x1
core   0: 3 0x8000ec48 (0x00001f17) x30 0x8000fc48
core   0: 0x8000ec4c (0x3a3f2c23) sw      gp, 952(t5)
core   0: 3 0x8000ec4c (0x3a3f2c23) mem 0x80010000 0x00000001
core   0: 0x8000ec50 (0x0000bfe5) c.j     pc - 8
core   0: 3 0x8000ec50 (0xbfe5)
core   0: 0x8000ec48 (0x00001f17) auipc   t5, 0x1
core   0: 3 0x8000ec48 (0x00001f17) x30 0x8000fc48
core   0: 0x8000ec4c (0x3a3f2c23) sw      gp, 952(t5)
core   0: 3 0x8000ec4c (0x3a3f2c23) mem 0x80010000 0x00000001
core   0: 0x8000ec50 (0x0000bfe5) c.j     pc - 8
core   0: 3 0x8000ec50 (0xbfe5)
core   0: 0x8000ec48 (0x00001f17) auipc   t5, 0x1
core   0: 3 0x8000ec48 (0x00001f17) x30 0x8000fc48
core   0: 0x8000ec4c (0x3a3f2c23) sw      gp, 952(t5)
core   0: 3 0x8000ec4c (0x3a3f2c23) mem 0x80010000 0x00000001
core   0: 0x8000ec50 (0x0000bfe5) c.j     pc - 8
core   0: 3 0x8000ec50 (0xbfe5)
core   0: 0x8000ec48 (0x00001f17) auipc   t5, 0x1
core   0: 3 0x8000ec48 (0x00001f17) x30 0x8000fc48
core   0: 0x8000ec4c (0x3a3f2c23) sw      gp, 952(t5)
core   0: 3 0x8000ec4c (0x3a3f2c23) mem 0x80010000 0x00000001
core   0: 0x8000ec50 (0x0000bfe5) c.j     pc - 8
core   0: 3 0x8000ec50 (0xbfe5)
core   0: 0x8000ec48 (0x00001f17) auipc   t5, 0x1
core   0: 3 0x8000ec48 (0x00001f17) x30 0x8000fc48
core   0: 0x8000ec4c (0x3a3f2c23) sw      gp, 952(t5)
core   0: 3 0x8000ec4c (0x3a3f2c23) mem 0x80010000 0x00000001
core   0: 0x8000ec50 (0x0000bfe5) c.j     pc - 8
core   0: 3 0x8000ec50 (0xbfe5)
core   0: 0x8000ec48 (0x00001f17) auipc   t5, 0x1
core   0: 3 0x8000ec48 (0x00001f17) x30 0x8000fc48
core   0: 0x8000ec4c (0x3a3f2c23) sw      gp, 952(t5)
core   0: 3 0x8000ec4c (0x3a3f2c23) mem 0x80010000 0x00000001
core   0: 0x8000ec50 (0x0000bfe5) c.j     pc - 8
core   0: 3 0x8000ec50 (0xbfe5)
core   0: 0x8000ec48 (0x00001f17) auipc   t5, 0x1
core   0: 3 0x8000ec48 (0x00001f17) x30 0x8000fc48
core   0: 0x8000ec4c (0x3a3f2c23) sw      gp, 952(t5)
core   0: 3 0x8000ec4c (0x3a3f2c23) mem 0x80010000 0x00000001
core   0: 0x8000ec50 (0x0000bfe5) c.j     pc - 8
core   0: 3 0x8000ec50 (0xbfe5)
core   0: 0x8000ec48 (0x00001f17) auipc   t5, 0x1
core   0: 3 0x8000ec48 (0x00001f17) x30 0x8000fc48
core   0: 0x8000ec4c (0x3a3f2c23) sw      gp, 952(t5)
core   0: 3 0x8000ec4c (0x3a3f2c23) mem 0x80010000 0x00000001
core   0: 0x8000ec50 (0x0000bfe5) c.j     pc - 8
core   0: 3 0x8000ec50 (0xbfe5)
core   0: 0x8000ec48 (0x00001f17) auipc   t5, 0x1
core   0: 3 0x8000ec48 (0x00001f17) x30 0x8000fc48
core   0: 0x8000ec4c (0x3a3f2c23) sw      gp, 952(t5)
core   0: 3 0x8000ec4c (0x3a3f2c23) mem 0x80010000 0x00000001
core   0: 0x8000ec50 (0x0000bfe5) c.j     pc - 8
core   0: 3 0x8000ec50 (0xbfe5)
core   0: 0x8000ec48 (0x00001f17) auipc   t5, 0x1
core   0: 3 0x8000ec48 (0x00001f17) x30 0x8000fc48
core   0: 0x8000ec4c (0x3a3f2c23) sw      gp, 952(t5)
core   0: 3 0x8000ec4c (0x3a3f2c23) mem 0x80010000 0x00000001
core   0: 0x8000ec50 (0x0000bfe5) c.j     pc - 8
core   0: 3 0x8000ec50 (0xbfe5)
core   0: 0x8000ec48 (0x00001f17) auipc   t5, 0x1
core   0: 3 0x8000ec48 (0x00001f17) x30 0x8000fc48
core   0: 0x8000ec4c (0x3a3f2c23) sw      gp, 952(t5)
core   0: 3 0x8000ec4c (0x3a3f2c23) mem 0x80010000 0x00000001
core   0: 0x8000ec50 (0x0000bfe5) c.j     pc - 8
core   0: 3 0x8000ec50 (0xbfe5)
core   0: 0x8000ec48 (0x00001f17) auipc   t5, 0x1
core   0: 3 0x8000ec48 (0x00001f17) x30 0x8000fc48
core   0: 0x8000ec4c (0x3a3f2c23) sw      gp, 952(t5)
core   0: 3 0x8000ec4c (0x3a3f2c23) mem 0x80010000 0x00000001
core   0: 0x8000ec50 (0x0000bfe5) c.j     pc - 8
core   0: 3 0x8000ec50 (0xbfe5)
core   0: 0x8000ec48 (0x00001f17) auipc   t5, 0x1
core   0: 3 0x8000ec48 (0x00001f17) x30 0x8000fc48
core   0: 0x8000ec4c (0x3a3f2c23) sw      gp, 952(t5)
core   0: 3 0x8000ec4c (0x3a3f2c23) mem 0x80010000 0x00000001
core   0: 0x8000ec50 (0x0000bfe5) c.j     pc - 8
core   0: 3 0x8000ec50 (0xbfe5)
core   0: 0x8000ec48 (0x00001f17) auipc   t5, 0x1
core   0: 3 0x8000ec48 (0x00001f17) x30 0x8000fc48
core   0: 0x8000ec4c (0x3a3f2c23) sw      gp, 952(t5)
core   0: 3 0x8000ec4c (0x3a3f2c23) mem 0x80010000 0x00000001
core   0: 0x8000ec50 (0x0000bfe5) c.j     pc - 8
core   0: 3 0x8000ec50 (0xbfe5)
core   0: 0x8000ec48 (0x00001f17) auipc   t5, 0x1
core   0: 3 0x8000ec48 (0x00001f17) x30 0x8000fc48
core   0: 0x8000ec4c (0x3a3f2c23) sw      gp, 952(t5)
core   0: 3 0x8000ec4c (0x3a3f2c23) mem 0x80010000 0x00000001
core   0: 0x8000ec50 (0x0000bfe5) c.j     pc - 8
core   0: 3 0x8000ec50 (0xbfe5)
core   0: 0x8000ec48 (0x00001f17) auipc   t5, 0x1
core   0: 3 0x8000ec48 (0x00001f17) x30 0x8000fc48
core   0: 0x8000ec4c (0x3a3f2c23) sw      gp, 952(t5)
core   0: 3 0x8000ec4c (0x3a3f2c23) mem 0x80010000 0x00000001
core   0: 0x8000ec50 (0x0000bfe5) c.j     pc - 8
core   0: 3 0x8000ec50 (0xbfe5)
core   0: 0x8000ec48 (0x00001f17) auipc   t5, 0x1
core   0: 3 0x8000ec48 (0x00001f17) x30 0x8000fc48
core   0: 0x8000ec4c (0x3a3f2c23) sw      gp, 952(t5)
core   0: 3 0x8000ec4c (0x3a3f2c23) mem 0x80010000 0x00000001
core   0: 0x8000ec50 (0x0000bfe5) c.j     pc - 8
core   0: 3 0x8000ec50 (0xbfe5)
core   0: 0x8000ec48 (0x00001f17) auipc   t5, 0x1
core   0: 3 0x8000ec48 (0x00001f17) x30 0x8000fc48
core   0: 0x8000ec4c (0x3a3f2c23) sw      gp, 952(t5)
core   0: 3 0x8000ec4c (0x3a3f2c23) mem 0x80010000 0x00000001
core   0: 0x8000ec50 (0x0000bfe5) c.j     pc - 8
core   0: 3 0x8000ec50 (0xbfe5)
core   0: 0x8000ec48 (0x00001f17) auipc   t5, 0x1
core   0: 3 0x8000ec48 (0x00001f17) x30 0x8000fc48
core   0: 0x8000ec4c (0x3a3f2c23) sw      gp, 952(t5)
core   0: 3 0x8000ec4c (0x3a3f2c23) mem 0x80010000 0x00000001
core   0: 0x8000ec50 (0x0000bfe5) c.j     pc - 8
core   0: 3 0x8000ec50 (0xbfe5)
core   0: 0x8000ec48 (0x00001f17) auipc   t5, 0x1
core   0: 3 0x8000ec48 (0x00001f17) x30 0x8000fc48
core   0: 0x8000ec4c (0x3a3f2c23) sw      gp, 952(t5)
core   0: 3 0x8000ec4c (0x3a3f2c23) mem 0x80010000 0x00000001
core   0: 0x8000ec50 (0x0000bfe5) c.j     pc - 8
core   0: 3 0x8000ec50 (0xbfe5)
core   0: 0x8000ec48 (0x00001f17) auipc   t5, 0x1
core   0: 3 0x8000ec48 (0x00001f17) x30 0x8000fc48
core   0: 0x8000ec4c (0x3a3f2c23) sw      gp, 952(t5)
core   0: 3 0x8000ec4c (0x3a3f2c23) mem 0x80010000 0x00000001
core   0: 0x8000ec50 (0x0000bfe5) c.j     pc - 8
core   0: 3 0x8000ec50 (0xbfe5)
core   0: 0x8000ec48 (0x00001f17) auipc   t5, 0x1
core   0: 3 0x8000ec48 (0x00001f17) x30 0x8000fc48
core   0: 0x8000ec4c (0x3a3f2c23) sw      gp, 952(t5)
core   0: 3 0x8000ec4c (0x3a3f2c23) mem 0x80010000 0x00000001
core   0: 0x8000ec50 (0x0000bfe5) c.j     pc - 8
core   0: 3 0x8000ec50 (0xbfe5)
core   0: 0x8000ec48 (0x00001f17) auipc   t5, 0x1
core   0: 3 0x8000ec48 (0x00001f17) x30 0x8000fc48
core   0: 0x8000ec4c (0x3a3f2c23) sw      gp, 952(t5)
core   0: 3 0x8000ec4c (0x3a3f2c23) mem 0x80010000 0x00000001
core   0: 0x8000ec50 (0x0000bfe5) c.j     pc - 8
core   0: 3 0x8000ec50 (0xbfe5)
core   0: 0x8000ec48 (0x00001f17) auipc   t5, 0x1
core   0: 3 0x8000ec48 (0x00001f17) x30 0x8000fc48
core   0: 0x8000ec4c (0x3a3f2c23) sw      gp, 952(t5)
core   0: 3 0x8000ec4c (0x3a3f2c23) mem 0x80010000 0x00000001
core   0: 0x8000ec50 (0x0000bfe5) c.j     pc - 8
core   0: 3 0x8000ec50 (0xbfe5)
core   0: 0x8000ec48 (0x00001f17) auipc   t5, 0x1
core   0: 3 0x8000ec48 (0x00001f17) x30 0x8000fc48
core   0: 0x8000ec4c (0x3a3f2c23) sw      gp, 952(t5)
core   0: 3 0x8000ec4c (0x3a3f2c23) mem 0x80010000 0x00000001
core   0: 0x8000ec50 (0x0000bfe5) c.j     pc - 8
core   0: 3 0x8000ec50 (0xbfe5)
core   0: 0x8000ec48 (0x00001f17) auipc   t5, 0x1
core   0: 3 0x8000ec48 (0x00001f17) x30 0x8000fc48
core   0: 0x8000ec4c (0x3a3f2c23) sw      gp, 952(t5)
core   0: 3 0x8000ec4c (0x3a3f2c23) mem 0x80010000 0x00000001
core   0: 0x8000ec50 (0x0000bfe5) c.j     pc - 8
core   0: 3 0x8000ec50 (0xbfe5)
core   0: 0x8000ec48 (0x00001f17) auipc   t5, 0x1
core   0: 3 0x8000ec48 (0x00001f17) x30 0x8000fc48
core   0: 0x8000ec4c (0x3a3f2c23) sw      gp, 952(t5)
core   0: 3 0x8000ec4c (0x3a3f2c23) mem 0x80010000 0x00000001
core   0: 0x8000ec50 (0x0000bfe5) c.j     pc - 8
core   0: 3 0x8000ec50 (0xbfe5)
core   0: 0x8000ec48 (0x00001f17) auipc   t5, 0x1
core   0: 3 0x8000ec48 (0x00001f17) x30 0x8000fc48
core   0: 0x8000ec4c (0x3a3f2c23) sw      gp, 952(t5)
core   0: 3 0x8000ec4c (0x3a3f2c23) mem 0x80010000 0x00000001
core   0: 0x8000ec50 (0x0000bfe5) c.j     pc - 8
core   0: 3 0x8000ec50 (0xbfe5)
core   0: 0x8000ec48 (0x00001f17) auipc   t5, 0x1
core   0: 3 0x8000ec48 (0x00001f17) x30 0x8000fc48
core   0: 0x8000ec4c (0x3a3f2c23) sw      gp, 952(t5)
core   0: 3 0x8000ec4c (0x3a3f2c23) mem 0x80010000 0x00000001
core   0: 0x8000ec50 (0x0000bfe5) c.j     pc - 8
core   0: 3 0x8000ec50 (0xbfe5)
core   0: 0x8000ec48 (0x00001f17) auipc   t5, 0x1
core   0: 3 0x8000ec48 (0x00001f17) x30 0x8000fc48
core   0: 0x8000ec4c (0x3a3f2c23) sw      gp, 952(t5)
core   0: 3 0x8000ec4c (0x3a3f2c23) mem 0x80010000 0x00000001
core   0: 0x8000ec50 (0x0000bfe5) c.j     pc - 8
core   0: 3 0x8000ec50 (0xbfe5)
core   0: 0x8000ec48 (0x00001f17) auipc   t5, 0x1
core   0: 3 0x8000ec48 (0x00001f17) x30 0x8000fc48
core   0: 0x8000ec4c (0x3a3f2c23) sw      gp, 952(t5)
core   0: 3 0x8000ec4c (0x3a3f2c23) mem 0x80010000 0x00000001
core   0: 0x8000ec50 (0x0000bfe5) c.j     pc - 8
core   0: 3 0x8000ec50 (0xbfe5)
core   0: 0x8000ec48 (0x00001f17) auipc   t5, 0x1
core   0: 3 0x8000ec48 (0x00001f17) x30 0x8000fc48
core   0: 0x8000ec4c (0x3a3f2c23) sw      gp, 952(t5)
core   0: 3 0x8000ec4c (0x3a3f2c23) mem 0x80010000 0x00000001
core   0: 0x8000ec50 (0x0000bfe5) c.j     pc - 8
core   0: 3 0x8000ec50 (0xbfe5)
core   0: 0x8000ec48 (0x00001f17) auipc   t5, 0x1
core   0: 3 0x8000ec48 (0x00001f17) x30 0x8000fc48
core   0: 0x8000ec4c (0x3a3f2c23) sw      gp, 952(t5)
core   0: 3 0x8000ec4c (0x3a3f2c23) mem 0x80010000 0x00000001
core   0: 0x8000ec50 (0x0000bfe5) c.j     pc - 8
core   0: 3 0x8000ec50 (0xbfe5)
core   0: 0x8000ec48 (0x00001f17) auipc   t5, 0x1
core   0: 3 0x8000ec48 (0x00001f17) x30 0x8000fc48
core   0: 0x8000ec4c (0x3a3f2c23) sw      gp, 952(t5)
core   0: 3 0x8000ec4c (0x3a3f2c23) mem 0x80010000 0x00000001
core   0: 0x8000ec50 (0x0000bfe5) c.j     pc - 8
core   0: 3 0x8000ec50 (0xbfe5)
core   0: 0x8000ec48 (0x00001f17) auipc   t5, 0x1
core   0: 3 0x8000ec48 (0x00001f17) x30 0x8000fc48
core   0: 0x8000ec4c (0x3a3f2c23) sw      gp, 952(t5)
core   0: 3 0x8000ec4c (0x3a3f2c23) mem 0x80010000 0x00000001
core   0: 0x8000ec50 (0x0000bfe5) c.j     pc - 8
core   0: 3 0x8000ec50 (0xbfe5)
core   0: 0x8000ec48 (0x00001f17) auipc   t5, 0x1
core   0: 3 0x8000ec48 (0x00001f17) x30 0x8000fc48
core   0: 0x8000ec4c (0x3a3f2c23) sw      gp, 952(t5)
core   0: 3 0x8000ec4c (0x3a3f2c23) mem 0x80010000 0x00000001
core   0: 0x8000ec50 (0x0000bfe5) c.j     pc - 8
core   0: 3 0x8000ec50 (0xbfe5)
core   0: 0x8000ec48 (0x00001f17) auipc   t5, 0x1
core   0: 3 0x8000ec48 (0x00001f17) x30 0x8000fc48
core   0: 0x8000ec4c (0x3a3f2c23) sw      gp, 952(t5)
core   0: 3 0x8000ec4c (0x3a3f2c23) mem 0x80010000 0x00000001
core   0: 0x8000ec50 (0x0000bfe5) c.j     pc - 8
core   0: 3 0x8000ec50 (0xbfe5)
core   0: 0x8000ec48 (0x00001f17) auipc   t5, 0x1
core   0: 3 0x8000ec48 (0x00001f17) x30 0x8000fc48
core   0: 0x8000ec4c (0x3a3f2c23) sw      gp, 952(t5)
core   0: 3 0x8000ec4c (0x3a3f2c23) mem 0x80010000 0x00000001
core   0: 0x8000ec50 (0x0000bfe5) c.j     pc - 8
core   0: 3 0x8000ec50 (0xbfe5)
core   0: 0x8000ec48 (0x00001f17) auipc   t5, 0x1
core   0: 3 0x8000ec48 (0x00001f17) x30 0x8000fc48
core   0: 0x8000ec4c (0x3a3f2c23) sw      gp, 952(t5)
core   0: 3 0x8000ec4c (0x3a3f2c23) mem 0x80010000 0x00000001
core   0: 0x8000ec50 (0x0000bfe5) c.j     pc - 8
core   0: 3 0x8000ec50 (0xbfe5)
core   0: 0x8000ec48 (0x00001f17) auipc   t5, 0x1
core   0: 3 0x8000ec48 (0x00001f17) x30 0x8000fc48
core   0: 0x8000ec4c (0x3a3f2c23) sw      gp, 952(t5)
core   0: 3 0x8000ec4c (0x3a3f2c23) mem 0x80010000 0x00000001
core   0: 0x8000ec50 (0x0000bfe5) c.j     pc - 8
core   0: 3 0x8000ec50 (0xbfe5)
core   0: 0x8000ec48 (0x00001f17) auipc   t5, 0x1
core   0: 3 0x8000ec48 (0x00001f17) x30 0x8000fc48
core   0: 0x8000ec4c (0x3a3f2c23) sw      gp, 952(t5)
core   0: 3 0x8000ec4c (0x3a3f2c23) mem 0x80010000 0x00000001
core   0: 0x8000ec50 (0x0000bfe5) c.j     pc - 8
core   0: 3 0x8000ec50 (0xbfe5)
core   0: 0x8000ec48 (0x00001f17) auipc   t5, 0x1
core   0: 3 0x8000ec48 (0x00001f17) x30 0x8000fc48
core   0: 0x8000ec4c (0x3a3f2c23) sw      gp, 952(t5)
core   0: 3 0x8000ec4c (0x3a3f2c23) mem 0x80010000 0x00000001
core   0: 0x8000ec50 (0x0000bfe5) c.j     pc - 8
core   0: 3 0x8000ec50 (0xbfe5)
core   0: 0x8000ec48 (0x00001f17) auipc   t5, 0x1
core   0: 3 0x8000ec48 (0x00001f17) x30 0x8000fc48
core   0: 0x8000ec4c (0x3a3f2c23) sw      gp, 952(t5)
core   0: 3 0x8000ec4c (0x3a3f2c23) mem 0x80010000 0x00000001
core   0: 0x8000ec50 (0x0000bfe5) c.j     pc - 8
core   0: 3 0x8000ec50 (0xbfe5)
core   0: 0x8000ec48 (0x00001f17) auipc   t5, 0x1
core   0: 3 0x8000ec48 (0x00001f17) x30 0x8000fc48
core   0: 0x8000ec4c (0x3a3f2c23) sw      gp, 952(t5)
core   0: 3 0x8000ec4c (0x3a3f2c23) mem 0x80010000 0x00000001
core   0: 0x8000ec50 (0x0000bfe5) c.j     pc - 8
core   0: 3 0x8000ec50 (0xbfe5)
core   0: 0x8000ec48 (0x00001f17) auipc   t5, 0x1
core   0: 3 0x8000ec48 (0x00001f17) x30 0x8000fc48
core   0: 0x8000ec4c (0x3a3f2c23) sw      gp, 952(t5)
core   0: 3 0x8000ec4c (0x3a3f2c23) mem 0x80010000 0x00000001
core   0: 0x8000ec50 (0x0000bfe5) c.j     pc - 8
core   0: 3 0x8000ec50 (0xbfe5)
core   0: 0x8000ec48 (0x00001f17) auipc   t5, 0x1
core   0: 3 0x8000ec48 (0x00001f17) x30 0x8000fc48
core   0: 0x8000ec4c (0x3a3f2c23) sw      gp, 952(t5)
core   0: 3 0x8000ec4c (0x3a3f2c23) mem 0x80010000 0x00000001
core   0: 0x8000ec50 (0x0000bfe5) c.j     pc - 8
core   0: 3 0x8000ec50 (0xbfe5)
core   0: 0x8000ec48 (0x00001f17) auipc   t5, 0x1
core   0: 3 0x8000ec48 (0x00001f17) x30 0x8000fc48
core   0: 0x8000ec4c (0x3a3f2c23) sw      gp, 952(t5)
core   0: 3 0x8000ec4c (0x3a3f2c23) mem 0x80010000 0x00000001
core   0: 0x8000ec50 (0x0000bfe5) c.j     pc - 8
core   0: 3 0x8000ec50 (0xbfe5)
core   0: 0x8000ec48 (0x00001f17) auipc   t5, 0x1
core   0: 3 0x8000ec48 (0x00001f17) x30 0x8000fc48
core   0: 0x8000ec4c (0x3a3f2c23) sw      gp, 952(t5)
core   0: 3 0x8000ec4c (0x3a3f2c23) mem 0x80010000 0x00000001
core   0: 0x8000ec50 (0x0000bfe5) c.j     pc - 8
core   0: 3 0x8000ec50 (0xbfe5)
core   0: 0x8000ec48 (0x00001f17) auipc   t5, 0x1
core   0: 3 0x8000ec48 (0x00001f17) x30 0x8000fc48
core   0: 0x8000ec4c (0x3a3f2c23) sw      gp, 952(t5)
core   0: 3 0x8000ec4c (0x3a3f2c23) mem 0x80010000 0x00000001
core   0: 0x8000ec50 (0x0000bfe5) c.j     pc - 8
core   0: 3 0x8000ec50 (0xbfe5)
core   0: 0x8000ec48 (0x00001f17) auipc   t5, 0x1
core   0: 3 0x8000ec48 (0x00001f17) x30 0x8000fc48
core   0: 0x8000ec4c (0x3a3f2c23) sw      gp, 952(t5)
core   0: 3 0x8000ec4c (0x3a3f2c23) mem 0x80010000 0x00000001
core   0: 0x8000ec50 (0x0000bfe5) c.j     pc - 8
core   0: 3 0x8000ec50 (0xbfe5)
core   0: 0x8000ec48 (0x00001f17) auipc   t5, 0x1
core   0: 3 0x8000ec48 (0x00001f17) x30 0x8000fc48
core   0: 0x8000ec4c (0x3a3f2c23) sw      gp, 952(t5)
core   0: 3 0x8000ec4c (0x3a3f2c23) mem 0x80010000 0x00000001
core   0: 0x8000ec50 (0x0000bfe5) c.j     pc - 8
core   0: 3 0x8000ec50 (0xbfe5)
core   0: 0x8000ec48 (0x00001f17) auipc   t5, 0x1
core   0: 3 0x8000ec48 (0x00001f17) x30 0x8000fc48
core   0: 0x8000ec4c (0x3a3f2c23) sw      gp, 952(t5)
core   0: 3 0x8000ec4c (0x3a3f2c23) mem 0x80010000 0x00000001
core   0: 0x8000ec50 (0x0000bfe5) c.j     pc - 8
core   0: 3 0x8000ec50 (0xbfe5)
core   0: 0x8000ec48 (0x00001f17) auipc   t5, 0x1
core   0: 3 0x8000ec48 (0x00001f17) x30 0x8000fc48
core   0: 0x8000ec4c (0x3a3f2c23) sw      gp, 952(t5)
core   0: 3 0x8000ec4c (0x3a3f2c23) mem 0x80010000 0x00000001
core   0: 0x8000ec50 (0x0000bfe5) c.j     pc - 8
core   0: 3 0x8000ec50 (0xbfe5)
core   0: 0x8000ec48 (0x00001f17) auipc   t5, 0x1
core   0: 3 0x8000ec48 (0x00001f17) x30 0x8000fc48
core   0: 0x8000ec4c (0x3a3f2c23) sw      gp, 952(t5)
core   0: 3 0x8000ec4c (0x3a3f2c23) mem 0x80010000 0x00000001
core   0: 0x8000ec50 (0x0000bfe5) c.j     pc - 8
core   0: 3 0x8000ec50 (0xbfe5)
core   0: 0x8000ec48 (0x00001f17) auipc   t5, 0x1
core   0: 3 0x8000ec48 (0x00001f17) x30 0x8000fc48
core   0: 0x8000ec4c (0x3a3f2c23) sw      gp, 952(t5)
core   0: 3 0x8000ec4c (0x3a3f2c23) mem 0x80010000 0x00000001
core   0: 0x8000ec50 (0x0000bfe5) c.j     pc - 8
core   0: 3 0x8000ec50 (0xbfe5)
core   0: 0x8000ec48 (0x00001f17) auipc   t5, 0x1
core   0: 3 0x8000ec48 (0x00001f17) x30 0x8000fc48
core   0: 0x8000ec4c (0x3a3f2c23) sw      gp, 952(t5)
core   0: 3 0x8000ec4c (0x3a3f2c23) mem 0x80010000 0x00000001
core   0: 0x8000ec50 (0x0000bfe5) c.j     pc - 8
core   0: 3 0x8000ec50 (0xbfe5)
core   0: 0x8000ec48 (0x00001f17) auipc   t5, 0x1
core   0: 3 0x8000ec48 (0x00001f17) x30 0x8000fc48
core   0: 0x8000ec4c (0x3a3f2c23) sw      gp, 952(t5)
core   0: 3 0x8000ec4c (0x3a3f2c23) mem 0x80010000 0x00000001
core   0: 0x8000ec50 (0x0000bfe5) c.j     pc - 8
core   0: 3 0x8000ec50 (0xbfe5)
core   0: 0x8000ec48 (0x00001f17) auipc   t5, 0x1
core   0: 3 0x8000ec48 (0x00001f17) x30 0x8000fc48
core   0: 0x8000ec4c (0x3a3f2c23) sw      gp, 952(t5)
core   0: 3 0x8000ec4c (0x3a3f2c23) mem 0x80010000 0x00000001
core   0: 0x8000ec50 (0x0000bfe5) c.j     pc - 8
core   0: 3 0x8000ec50 (0xbfe5)
core   0: 0x8000ec48 (0x00001f17) auipc   t5, 0x1
core   0: 3 0x8000ec48 (0x00001f17) x30 0x8000fc48
core   0: 0x8000ec4c (0x3a3f2c23) sw      gp, 952(t5)
core   0: 3 0x8000ec4c (0x3a3f2c23) mem 0x80010000 0x00000001
core   0: 0x8000ec50 (0x0000bfe5) c.j     pc - 8
core   0: 3 0x8000ec50 (0xbfe5)
core   0: 0x8000ec48 (0x00001f17) auipc   t5, 0x1
core   0: 3 0x8000ec48 (0x00001f17) x30 0x8000fc48
core   0: 0x8000ec4c (0x3a3f2c23) sw      gp, 952(t5)
core   0: 3 0x8000ec4c (0x3a3f2c23) mem 0x80010000 0x00000001
core   0: 0x8000ec50 (0x0000bfe5) c.j     pc - 8
core   0: 3 0x8000ec50 (0xbfe5)
core   0: 0x8000ec48 (0x00001f17) auipc   t5, 0x1
core   0: 3 0x8000ec48 (0x00001f17) x30 0x8000fc48
core   0: 0x8000ec4c (0x3a3f2c23) sw      gp, 952(t5)
core   0: 3 0x8000ec4c (0x3a3f2c23) mem 0x80010000 0x00000001
core   0: 0x8000ec50 (0x0000bfe5) c.j     pc - 8
core   0: 3 0x8000ec50 (0xbfe5)
core   0: 0x8000ec48 (0x00001f17) auipc   t5, 0x1
core   0: 3 0x8000ec48 (0x00001f17) x30 0x8000fc48
core   0: 0x8000ec4c (0x3a3f2c23) sw      gp, 952(t5)
core   0: 3 0x8000ec4c (0x3a3f2c23) mem 0x80010000 0x00000001
core   0: 0x8000ec50 (0x0000bfe5) c.j     pc - 8
core   0: 3 0x8000ec50 (0xbfe5)
core   0: 0x8000ec48 (0x00001f17) auipc   t5, 0x1
core   0: 3 0x8000ec48 (0x00001f17) x30 0x8000fc48
core   0: 0x8000ec4c (0x3a3f2c23) sw      gp, 952(t5)
core   0: 3 0x8000ec4c (0x3a3f2c23) mem 0x80010000 0x00000001
core   0: 0x8000ec50 (0x0000bfe5) c.j     pc - 8
core   0: 3 0x8000ec50 (0xbfe5)
core   0: 0x8000ec48 (0x00001f17) auipc   t5, 0x1
core   0: 3 0x8000ec48 (0x00001f17) x30 0x8000fc48
core   0: 0x8000ec4c (0x3a3f2c23) sw      gp, 952(t5)
core   0: 3 0x8000ec4c (0x3a3f2c23) mem 0x80010000 0x00000001
core   0: 0x8000ec50 (0x0000bfe5) c.j     pc - 8
core   0: 3 0x8000ec50 (0xbfe5)
core   0: 0x8000ec48 (0x00001f17) auipc   t5, 0x1
core   0: 3 0x8000ec48 (0x00001f17) x30 0x8000fc48
core   0: 0x8000ec4c (0x3a3f2c23) sw      gp, 952(t5)
core   0: 3 0x8000ec4c (0x3a3f2c23) mem 0x80010000 0x00000001
core   0: 0x8000ec50 (0x0000bfe5) c.j     pc - 8
core   0: 3 0x8000ec50 (0xbfe5)
core   0: 0x8000ec48 (0x00001f17) auipc   t5, 0x1
core   0: 3 0x8000ec48 (0x00001f17) x30 0x8000fc48
core   0: 0x8000ec4c (0x3a3f2c23) sw      gp, 952(t5)
core   0: 3 0x8000ec4c (0x3a3f2c23) mem 0x80010000 0x00000001
core   0: 0x8000ec50 (0x0000bfe5) c.j     pc - 8
core   0: 3 0x8000ec50 (0xbfe5)
core   0: 0x8000ec48 (0x00001f17) auipc   t5, 0x1
core   0: 3 0x8000ec48 (0x00001f17) x30 0x8000fc48
core   0: 0x8000ec4c (0x3a3f2c23) sw      gp, 952(t5)
core   0: 3 0x8000ec4c (0x3a3f2c23) mem 0x80010000 0x00000001
core   0: 0x8000ec50 (0x0000bfe5) c.j     pc - 8
core   0: 3 0x8000ec50 (0xbfe5)
core   0: 0x8000ec48 (0x00001f17) auipc   t5, 0x1
core   0: 3 0x8000ec48 (0x00001f17) x30 0x8000fc48
core   0: 0x8000ec4c (0x3a3f2c23) sw      gp, 952(t5)
core   0: 3 0x8000ec4c (0x3a3f2c23) mem 0x80010000 0x00000001
core   0: 0x8000ec50 (0x0000bfe5) c.j     pc - 8
core   0: 3 0x8000ec50 (0xbfe5)
core   0: 0x8000ec48 (0x00001f17) auipc   t5, 0x1
core   0: 3 0x8000ec48 (0x00001f17) x30 0x8000fc48
core   0: 0x8000ec4c (0x3a3f2c23) sw      gp, 952(t5)
core   0: 3 0x8000ec4c (0x3a3f2c23) mem 0x80010000 0x00000001
core   0: 0x8000ec50 (0x0000bfe5) c.j     pc - 8
core   0: 3 0x8000ec50 (0xbfe5)
core   0: 0x8000ec48 (0x00001f17) auipc   t5, 0x1
core   0: 3 0x8000ec48 (0x00001f17) x30 0x8000fc48
core   0: 0x8000ec4c (0x3a3f2c23) sw      gp, 952(t5)
core   0: 3 0x8000ec4c (0x3a3f2c23) mem 0x80010000 0x00000001
core   0: 0x8000ec50 (0x0000bfe5) c.j     pc - 8
core   0: 3 0x8000ec50 (0xbfe5)
core   0: 0x8000ec48 (0x00001f17) auipc   t5, 0x1
core   0: 3 0x8000ec48 (0x00001f17) x30 0x8000fc48
core   0: 0x8000ec4c (0x3a3f2c23) sw      gp, 952(t5)
core   0: 3 0x8000ec4c (0x3a3f2c23) mem 0x80010000 0x00000001
core   0: 0x8000ec50 (0x0000bfe5) c.j     pc - 8
core   0: 3 0x8000ec50 (0xbfe5)
core   0: 0x8000ec48 (0x00001f17) auipc   t5, 0x1
core   0: 3 0x8000ec48 (0x00001f17) x30 0x8000fc48
core   0: 0x8000ec4c (0x3a3f2c23) sw      gp, 952(t5)
core   0: 3 0x8000ec4c (0x3a3f2c23) mem 0x80010000 0x00000001
core   0: 0x8000ec50 (0x0000bfe5) c.j     pc - 8
core   0: 3 0x8000ec50 (0xbfe5)
core   0: 0x8000ec48 (0x00001f17) auipc   t5, 0x1
core   0: 3 0x8000ec48 (0x00001f17) x30 0x8000fc48
core   0: 0x8000ec4c (0x3a3f2c23) sw      gp, 952(t5)
core   0: 3 0x8000ec4c (0x3a3f2c23) mem 0x80010000 0x00000001
core   0: 0x8000ec50 (0x0000bfe5) c.j     pc - 8
core   0: 3 0x8000ec50 (0xbfe5)
core   0: 0x8000ec48 (0x00001f17) auipc   t5, 0x1
core   0: 3 0x8000ec48 (0x00001f17) x30 0x8000fc48
core   0: 0x8000ec4c (0x3a3f2c23) sw      gp, 952(t5)
core   0: 3 0x8000ec4c (0x3a3f2c23) mem 0x80010000 0x00000001
core   0: 0x8000ec50 (0x0000bfe5) c.j     pc - 8
core   0: 3 0x8000ec50 (0xbfe5)
core   0: 0x8000ec48 (0x00001f17) auipc   t5, 0x1
core   0: 3 0x8000ec48 (0x00001f17) x30 0x8000fc48
core   0: 0x8000ec4c (0x3a3f2c23) sw      gp, 952(t5)
core   0: 3 0x8000ec4c (0x3a3f2c23) mem 0x80010000 0x00000001
core   0: 0x8000ec50 (0x0000bfe5) c.j     pc - 8
core   0: 3 0x8000ec50 (0xbfe5)
core   0: 0x8000ec48 (0x00001f17) auipc   t5, 0x1
core   0: 3 0x8000ec48 (0x00001f17) x30 0x8000fc48
core   0: 0x8000ec4c (0x3a3f2c23) sw      gp, 952(t5)
core   0: 3 0x8000ec4c (0x3a3f2c23) mem 0x80010000 0x00000001
core   0: 0x8000ec50 (0x0000bfe5) c.j     pc - 8
core   0: 3 0x8000ec50 (0xbfe5)
core   0: 0x8000ec48 (0x00001f17) auipc   t5, 0x1
core   0: 3 0x8000ec48 (0x00001f17) x30 0x8000fc48
core   0: 0x8000ec4c (0x3a3f2c23) sw      gp, 952(t5)
core   0: 3 0x8000ec4c (0x3a3f2c23) mem 0x80010000 0x00000001
core   0: 0x8000ec50 (0x0000bfe5) c.j     pc - 8
core   0: 3 0x8000ec50 (0xbfe5)
core   0: 0x8000ec48 (0x00001f17) auipc   t5, 0x1
core   0: 3 0x8000ec48 (0x00001f17) x30 0x8000fc48
core   0: 0x8000ec4c (0x3a3f2c23) sw      gp, 952(t5)
core   0: 3 0x8000ec4c (0x3a3f2c23) mem 0x80010000 0x00000001
core   0: 0x8000ec50 (0x0000bfe5) c.j     pc - 8
core   0: 3 0x8000ec50 (0xbfe5)
core   0: 0x8000ec48 (0x00001f17) auipc   t5, 0x1
core   0: 3 0x8000ec48 (0x00001f17) x30 0x8000fc48
core   0: 0x8000ec4c (0x3a3f2c23) sw      gp, 952(t5)
core   0: 3 0x8000ec4c (0x3a3f2c23) mem 0x80010000 0x00000001
core   0: 0x8000ec50 (0x0000bfe5) c.j     pc - 8
core   0: 3 0x8000ec50 (0xbfe5)
core   0: 0x8000ec48 (0x00001f17) auipc   t5, 0x1
core   0: 3 0x8000ec48 (0x00001f17) x30 0x8000fc48
core   0: 0x8000ec4c (0x3a3f2c23) sw      gp, 952(t5)
core   0: 3 0x8000ec4c (0x3a3f2c23) mem 0x80010000 0x00000001
core   0: 0x8000ec50 (0x0000bfe5) c.j     pc - 8
core   0: 3 0x8000ec50 (0xbfe5)
core   0: 0x8000ec48 (0x00001f17) auipc   t5, 0x1
core   0: 3 0x8000ec48 (0x00001f17) x30 0x8000fc48
core   0: 0x8000ec4c (0x3a3f2c23) sw      gp, 952(t5)
core   0: 3 0x8000ec4c (0x3a3f2c23) mem 0x80010000 0x00000001
core   0: 0x8000ec50 (0x0000bfe5) c.j     pc - 8
core   0: 3 0x8000ec50 (0xbfe5)
core   0: 0x8000ec48 (0x00001f17) auipc   t5, 0x1
core   0: 3 0x8000ec48 (0x00001f17) x30 0x8000fc48
core   0: 0x8000ec4c (0x3a3f2c23) sw      gp, 952(t5)
core   0: 3 0x8000ec4c (0x3a3f2c23) mem 0x80010000 0x00000001
core   0: 0x8000ec50 (0x0000bfe5) c.j     pc - 8
core   0: 3 0x8000ec50 (0xbfe5)
core   0: 0x8000ec48 (0x00001f17) auipc   t5, 0x1
core   0: 3 0x8000ec48 (0x00001f17) x30 0x8000fc48
core   0: 0x8000ec4c (0x3a3f2c23) sw      gp, 952(t5)
core   0: 3 0x8000ec4c (0x3a3f2c23) mem 0x80010000 0x00000001
core   0: 0x8000ec50 (0x0000bfe5) c.j     pc - 8
core   0: 3 0x8000ec50 (0xbfe5)
core   0: 0x8000ec48 (0x00001f17) auipc   t5, 0x1
core   0: 3 0x8000ec48 (0x00001f17) x30 0x8000fc48
core   0: 0x8000ec4c (0x3a3f2c23) sw      gp, 952(t5)
core   0: 3 0x8000ec4c (0x3a3f2c23) mem 0x80010000 0x00000001
core   0: 0x8000ec50 (0x0000bfe5) c.j     pc - 8
core   0: 3 0x8000ec50 (0xbfe5)
core   0: 0x8000ec48 (0x00001f17) auipc   t5, 0x1
core   0: 3 0x8000ec48 (0x00001f17) x30 0x8000fc48
core   0: 0x8000ec4c (0x3a3f2c23) sw      gp, 952(t5)
core   0: 3 0x8000ec4c (0x3a3f2c23) mem 0x80010000 0x00000001
core   0: 0x8000ec50 (0x0000bfe5) c.j     pc - 8
core   0: 3 0x8000ec50 (0xbfe5)
core   0: 0x8000ec48 (0x00001f17) auipc   t5, 0x1
core   0: 3 0x8000ec48 (0x00001f17) x30 0x8000fc48
core   0: 0x8000ec4c (0x3a3f2c23) sw      gp, 952(t5)
core   0: 3 0x8000ec4c (0x3a3f2c23) mem 0x80010000 0x00000001
core   0: 0x8000ec50 (0x0000bfe5) c.j     pc - 8
core   0: 3 0x8000ec50 (0xbfe5)
core   0: 0x8000ec48 (0x00001f17) auipc   t5, 0x1
core   0: 3 0x8000ec48 (0x00001f17) x30 0x8000fc48
core   0: 0x8000ec4c (0x3a3f2c23) sw      gp, 952(t5)
core   0: 3 0x8000ec4c (0x3a3f2c23) mem 0x80010000 0x00000001
core   0: 0x8000ec50 (0x0000bfe5) c.j     pc - 8
core   0: 3 0x8000ec50 (0xbfe5)
core   0: 0x8000ec48 (0x00001f17) auipc   t5, 0x1
core   0: 3 0x8000ec48 (0x00001f17) x30 0x8000fc48
core   0: 0x8000ec4c (0x3a3f2c23) sw      gp, 952(t5)
core   0: 3 0x8000ec4c (0x3a3f2c23) mem 0x80010000 0x00000001
core   0: 0x8000ec50 (0x0000bfe5) c.j     pc - 8
core   0: 3 0x8000ec50 (0xbfe5)
core   0: 0x8000ec48 (0x00001f17) auipc   t5, 0x1
core   0: 3 0x8000ec48 (0x00001f17) x30 0x8000fc48
core   0: 0x8000ec4c (0x3a3f2c23) sw      gp, 952(t5)
core   0: 3 0x8000ec4c (0x3a3f2c23) mem 0x80010000 0x00000001
core   0: 0x8000ec50 (0x0000bfe5) c.j     pc - 8
core   0: 3 0x8000ec50 (0xbfe5)
core   0: 0x8000ec48 (0x00001f17) auipc   t5, 0x1
core   0: 3 0x8000ec48 (0x00001f17) x30 0x8000fc48
core   0: 0x8000ec4c (0x3a3f2c23) sw      gp, 952(t5)
core   0: 3 0x8000ec4c (0x3a3f2c23) mem 0x80010000 0x00000001
core   0: 0x8000ec50 (0x0000bfe5) c.j     pc - 8
core   0: 3 0x8000ec50 (0xbfe5)
core   0: 0x8000ec48 (0x00001f17) auipc   t5, 0x1
core   0: 3 0x8000ec48 (0x00001f17) x30 0x8000fc48
core   0: 0x8000ec4c (0x3a3f2c23) sw      gp, 952(t5)
core   0: 3 0x8000ec4c (0x3a3f2c23) mem 0x80010000 0x00000001
core   0: 0x8000ec50 (0x0000bfe5) c.j     pc - 8
core   0: 3 0x8000ec50 (0xbfe5)
core   0: 0x8000ec48 (0x00001f17) auipc   t5, 0x1
core   0: 3 0x8000ec48 (0x00001f17) x30 0x8000fc48
core   0: 0x8000ec4c (0x3a3f2c23) sw      gp, 952(t5)
core   0: 3 0x8000ec4c (0x3a3f2c23) mem 0x80010000 0x00000001
core   0: 0x8000ec50 (0x0000bfe5) c.j     pc - 8
core   0: 3 0x8000ec50 (0xbfe5)
core   0: 0x8000ec48 (0x00001f17) auipc   t5, 0x1
core   0: 3 0x8000ec48 (0x00001f17) x30 0x8000fc48
core   0: 0x8000ec4c (0x3a3f2c23) sw      gp, 952(t5)
core   0: 3 0x8000ec4c (0x3a3f2c23) mem 0x80010000 0x00000001
core   0: 0x8000ec50 (0x0000bfe5) c.j     pc - 8
core   0: 3 0x8000ec50 (0xbfe5)
core   0: 0x8000ec48 (0x00001f17) auipc   t5, 0x1
core   0: 3 0x8000ec48 (0x00001f17) x30 0x8000fc48
core   0: 0x8000ec4c (0x3a3f2c23) sw      gp, 952(t5)
core   0: 3 0x8000ec4c (0x3a3f2c23) mem 0x80010000 0x00000001
core   0: 0x8000ec50 (0x0000bfe5) c.j     pc - 8
core   0: 3 0x8000ec50 (0xbfe5)
core   0: 0x8000ec48 (0x00001f17) auipc   t5, 0x1
core   0: 3 0x8000ec48 (0x00001f17) x30 0x8000fc48
core   0: 0x8000ec4c (0x3a3f2c23) sw      gp, 952(t5)
core   0: 3 0x8000ec4c (0x3a3f2c23) mem 0x80010000 0x00000001
core   0: 0x8000ec50 (0x0000bfe5) c.j     pc - 8
core   0: 3 0x8000ec50 (0xbfe5)
core   0: 0x8000ec48 (0x00001f17) auipc   t5, 0x1
core   0: 3 0x8000ec48 (0x00001f17) x30 0x8000fc48
core   0: 0x8000ec4c (0x3a3f2c23) sw      gp, 952(t5)
core   0: 3 0x8000ec4c (0x3a3f2c23) mem 0x80010000 0x00000001
core   0: 0x8000ec50 (0x0000bfe5) c.j     pc - 8
core   0: 3 0x8000ec50 (0xbfe5)
core   0: 0x8000ec48 (0x00001f17) auipc   t5, 0x1
core   0: 3 0x8000ec48 (0x00001f17) x30 0x8000fc48
core   0: 0x8000ec4c (0x3a3f2c23) sw      gp, 952(t5)
core   0: 3 0x8000ec4c (0x3a3f2c23) mem 0x80010000 0x00000001
core   0: 0x8000ec50 (0x0000bfe5) c.j     pc - 8
core   0: 3 0x8000ec50 (0xbfe5)
core   0: 0x8000ec48 (0x00001f17) auipc   t5, 0x1
core   0: 3 0x8000ec48 (0x00001f17) x30 0x8000fc48
core   0: 0x8000ec4c (0x3a3f2c23) sw      gp, 952(t5)
core   0: 3 0x8000ec4c (0x3a3f2c23) mem 0x80010000 0x00000001
core   0: 0x8000ec50 (0x0000bfe5) c.j     pc - 8
core   0: 3 0x8000ec50 (0xbfe5)
core   0: 0x8000ec48 (0x00001f17) auipc   t5, 0x1
core   0: 3 0x8000ec48 (0x00001f17) x30 0x8000fc48
core   0: 0x8000ec4c (0x3a3f2c23) sw      gp, 952(t5)
core   0: 3 0x8000ec4c (0x3a3f2c23) mem 0x80010000 0x00000001
core   0: 0x8000ec50 (0x0000bfe5) c.j     pc - 8
core   0: 3 0x8000ec50 (0xbfe5)
core   0: 0x8000ec48 (0x00001f17) auipc   t5, 0x1
core   0: 3 0x8000ec48 (0x00001f17) x30 0x8000fc48
core   0: 0x8000ec4c (0x3a3f2c23) sw      gp, 952(t5)
core   0: 3 0x8000ec4c (0x3a3f2c23) mem 0x80010000 0x00000001
core   0: 0x8000ec50 (0x0000bfe5) c.j     pc - 8
core   0: 3 0x8000ec50 (0xbfe5)
core   0: 0x8000ec48 (0x00001f17) auipc   t5, 0x1
core   0: 3 0x8000ec48 (0x00001f17) x30 0x8000fc48
core   0: 0x8000ec4c (0x3a3f2c23) sw      gp, 952(t5)
core   0: 3 0x8000ec4c (0x3a3f2c23) mem 0x80010000 0x00000001
core   0: 0x8000ec50 (0x0000bfe5) c.j     pc - 8
core   0: 3 0x8000ec50 (0xbfe5)
core   0: 0x8000ec48 (0x00001f17) auipc   t5, 0x1
core   0: 3 0x8000ec48 (0x00001f17) x30 0x8000fc48
core   0: 0x8000ec4c (0x3a3f2c23) sw      gp, 952(t5)
core   0: 3 0x8000ec4c (0x3a3f2c23) mem 0x80010000 0x00000001
core   0: 0x8000ec50 (0x0000bfe5) c.j     pc - 8
core   0: 3 0x8000ec50 (0xbfe5)
core   0: 0x8000ec48 (0x00001f17) auipc   t5, 0x1
core   0: 3 0x8000ec48 (0x00001f17) x30 0x8000fc48
core   0: 0x8000ec4c (0x3a3f2c23) sw      gp, 952(t5)
core   0: 3 0x8000ec4c (0x3a3f2c23) mem 0x80010000 0x00000001
core   0: 0x8000ec50 (0x0000bfe5) c.j     pc - 8
core   0: 3 0x8000ec50 (0xbfe5)
core   0: 0x8000ec48 (0x00001f17) auipc   t5, 0x1
core   0: 3 0x8000ec48 (0x00001f17) x30 0x8000fc48
core   0: 0x8000ec4c (0x3a3f2c23) sw      gp, 952(t5)
core   0: 3 0x8000ec4c (0x3a3f2c23) mem 0x80010000 0x00000001
core   0: 0x8000ec50 (0x0000bfe5) c.j     pc - 8
core   0: 3 0x8000ec50 (0xbfe5)
core   0: 0x8000ec48 (0x00001f17) auipc   t5, 0x1
core   0: 3 0x8000ec48 (0x00001f17) x30 0x8000fc48
core   0: 0x8000ec4c (0x3a3f2c23) sw      gp, 952(t5)
core   0: 3 0x8000ec4c (0x3a3f2c23) mem 0x80010000 0x00000001
core   0: 0x8000ec50 (0x0000bfe5) c.j     pc - 8
core   0: 3 0x8000ec50 (0xbfe5)
core   0: 0x8000ec48 (0x00001f17) auipc   t5, 0x1
core   0: 3 0x8000ec48 (0x00001f17) x30 0x8000fc48
core   0: 0x8000ec4c (0x3a3f2c23) sw      gp, 952(t5)
core   0: 3 0x8000ec4c (0x3a3f2c23) mem 0x80010000 0x00000001
core   0: 0x8000ec50 (0x0000bfe5) c.j     pc - 8
core   0: 3 0x8000ec50 (0xbfe5)
core   0: 0x8000ec48 (0x00001f17) auipc   t5, 0x1
core   0: 3 0x8000ec48 (0x00001f17) x30 0x8000fc48
core   0: 0x8000ec4c (0x3a3f2c23) sw      gp, 952(t5)
core   0: 3 0x8000ec4c (0x3a3f2c23) mem 0x80010000 0x00000001
core   0: 0x8000ec50 (0x0000bfe5) c.j     pc - 8
core   0: 3 0x8000ec50 (0xbfe5)
core   0: 0x8000ec48 (0x00001f17) auipc   t5, 0x1
core   0: 3 0x8000ec48 (0x00001f17) x30 0x8000fc48
core   0: 0x8000ec4c (0x3a3f2c23) sw      gp, 952(t5)
core   0: 3 0x8000ec4c (0x3a3f2c23) mem 0x80010000 0x00000001
core   0: 0x8000ec50 (0x0000bfe5) c.j     pc - 8
core   0: 3 0x8000ec50 (0xbfe5)
core   0: 0x8000ec48 (0x00001f17) auipc   t5, 0x1
core   0: 3 0x8000ec48 (0x00001f17) x30 0x8000fc48
core   0: 0x8000ec4c (0x3a3f2c23) sw      gp, 952(t5)
core   0: 3 0x8000ec4c (0x3a3f2c23) mem 0x80010000 0x00000001
core   0: 0x8000ec50 (0x0000bfe5) c.j     pc - 8
core   0: 3 0x8000ec50 (0xbfe5)
core   0: 0x8000ec48 (0x00001f17) auipc   t5, 0x1
core   0: 3 0x8000ec48 (0x00001f17) x30 0x8000fc48
core   0: 0x8000ec4c (0x3a3f2c23) sw      gp, 952(t5)
core   0: 3 0x8000ec4c (0x3a3f2c23) mem 0x80010000 0x00000001
core   0: 0x8000ec50 (0x0000bfe5) c.j     pc - 8
core   0: 3 0x8000ec50 (0xbfe5)
core   0: 0x8000ec48 (0x00001f17) auipc   t5, 0x1
core   0: 3 0x8000ec48 (0x00001f17) x30 0x8000fc48
core   0: 0x8000ec4c (0x3a3f2c23) sw      gp, 952(t5)
core   0: 3 0x8000ec4c (0x3a3f2c23) mem 0x80010000 0x00000001
core   0: 0x8000ec50 (0x0000bfe5) c.j     pc - 8
core   0: 3 0x8000ec50 (0xbfe5)
core   0: 0x8000ec48 (0x00001f17) auipc   t5, 0x1
core   0: 3 0x8000ec48 (0x00001f17) x30 0x8000fc48
core   0: 0x8000ec4c (0x3a3f2c23) sw      gp, 952(t5)
core   0: 3 0x8000ec4c (0x3a3f2c23) mem 0x80010000 0x00000001
core   0: 0x8000ec50 (0x0000bfe5) c.j     pc - 8
core   0: 3 0x8000ec50 (0xbfe5)
core   0: 0x8000ec48 (0x00001f17) auipc   t5, 0x1
core   0: 3 0x8000ec48 (0x00001f17) x30 0x8000fc48
core   0: 0x8000ec4c (0x3a3f2c23) sw      gp, 952(t5)
core   0: 3 0x8000ec4c (0x3a3f2c23) mem 0x80010000 0x00000001
core   0: 0x8000ec50 (0x0000bfe5) c.j     pc - 8
core   0: 3 0x8000ec50 (0xbfe5)
core   0: 0x8000ec48 (0x00001f17) auipc   t5, 0x1
core   0: 3 0x8000ec48 (0x00001f17) x30 0x8000fc48
core   0: 0x8000ec4c (0x3a3f2c23) sw      gp, 952(t5)
core   0: 3 0x8000ec4c (0x3a3f2c23) mem 0x80010000 0x00000001
core   0: 0x8000ec50 (0x0000bfe5) c.j     pc - 8
core   0: 3 0x8000ec50 (0xbfe5)
core   0: 0x8000ec48 (0x00001f17) auipc   t5, 0x1
core   0: 3 0x8000ec48 (0x00001f17) x30 0x8000fc48
core   0: 0x8000ec4c (0x3a3f2c23) sw      gp, 952(t5)
core   0: 3 0x8000ec4c (0x3a3f2c23) mem 0x80010000 0x00000001
core   0: 0x8000ec50 (0x0000bfe5) c.j     pc - 8
core   0: 3 0x8000ec50 (0xbfe5)
core   0: 0x8000ec48 (0x00001f17) auipc   t5, 0x1
core   0: 3 0x8000ec48 (0x00001f17) x30 0x8000fc48
core   0: 0x8000ec4c (0x3a3f2c23) sw      gp, 952(t5)
core   0: 3 0x8000ec4c (0x3a3f2c23) mem 0x80010000 0x00000001
core   0: 0x8000ec50 (0x0000bfe5) c.j     pc - 8
core   0: 3 0x8000ec50 (0xbfe5)
core   0: 0x8000ec48 (0x00001f17) auipc   t5, 0x1
core   0: 3 0x8000ec48 (0x00001f17) x30 0x8000fc48
core   0: 0x8000ec4c (0x3a3f2c23) sw      gp, 952(t5)
core   0: 3 0x8000ec4c (0x3a3f2c23) mem 0x80010000 0x00000001
core   0: 0x8000ec50 (0x0000bfe5) c.j     pc - 8
core   0: 3 0x8000ec50 (0xbfe5)
core   0: 0x8000ec48 (0x00001f17) auipc   t5, 0x1
core   0: 3 0x8000ec48 (0x00001f17) x30 0x8000fc48
core   0: 0x8000ec4c (0x3a3f2c23) sw      gp, 952(t5)
core   0: 3 0x8000ec4c (0x3a3f2c23) mem 0x80010000 0x00000001
core   0: 0x8000ec50 (0x0000bfe5) c.j     pc - 8
core   0: 3 0x8000ec50 (0xbfe5)
core   0: 0x8000ec48 (0x00001f17) auipc   t5, 0x1
core   0: 3 0x8000ec48 (0x00001f17) x30 0x8000fc48
core   0: 0x8000ec4c (0x3a3f2c23) sw      gp, 952(t5)
core   0: 3 0x8000ec4c (0x3a3f2c23) mem 0x80010000 0x00000001
core   0: 0x8000ec50 (0x0000bfe5) c.j     pc - 8
core   0: 3 0x8000ec50 (0xbfe5)
core   0: 0x8000ec48 (0x00001f17) auipc   t5, 0x1
core   0: 3 0x8000ec48 (0x00001f17) x30 0x8000fc48
core   0: 0x8000ec4c (0x3a3f2c23) sw      gp, 952(t5)
core   0: 3 0x8000ec4c (0x3a3f2c23) mem 0x80010000 0x00000001
core   0: 0x8000ec50 (0x0000bfe5) c.j     pc - 8
core   0: 3 0x8000ec50 (0xbfe5)
core   0: 0x8000ec48 (0x00001f17) auipc   t5, 0x1
core   0: 3 0x8000ec48 (0x00001f17) x30 0x8000fc48
core   0: 0x8000ec4c (0x3a3f2c23) sw      gp, 952(t5)
core   0: 3 0x8000ec4c (0x3a3f2c23) mem 0x80010000 0x00000001
core   0: 0x8000ec50 (0x0000bfe5) c.j     pc - 8
core   0: 3 0x8000ec50 (0xbfe5)
core   0: 0x8000ec48 (0x00001f17) auipc   t5, 0x1
core   0: 3 0x8000ec48 (0x00001f17) x30 0x8000fc48
core   0: 0x8000ec4c (0x3a3f2c23) sw      gp, 952(t5)
core   0: 3 0x8000ec4c (0x3a3f2c23) mem 0x80010000 0x00000001
core   0: 0x8000ec50 (0x0000bfe5) c.j     pc - 8
core   0: 3 0x8000ec50 (0xbfe5)
core   0: 0x8000ec48 (0x00001f17) auipc   t5, 0x1
core   0: 3 0x8000ec48 (0x00001f17) x30 0x8000fc48
core   0: 0x8000ec4c (0x3a3f2c23) sw      gp, 952(t5)
core   0: 3 0x8000ec4c (0x3a3f2c23) mem 0x80010000 0x00000001
core   0: 0x8000ec50 (0x0000bfe5) c.j     pc - 8
core   0: 3 0x8000ec50 (0xbfe5)
core   0: 0x8000ec48 (0x00001f17) auipc   t5, 0x1
core   0: 3 0x8000ec48 (0x00001f17) x30 0x8000fc48
core   0: 0x8000ec4c (0x3a3f2c23) sw      gp, 952(t5)
core   0: 3 0x8000ec4c (0x3a3f2c23) mem 0x80010000 0x00000001
core   0: 0x8000ec50 (0x0000bfe5) c.j     pc - 8
core   0: 3 0x8000ec50 (0xbfe5)
core   0: 0x8000ec48 (0x00001f17) auipc   t5, 0x1
core   0: 3 0x8000ec48 (0x00001f17) x30 0x8000fc48
core   0: 0x8000ec4c (0x3a3f2c23) sw      gp, 952(t5)
core   0: 3 0x8000ec4c (0x3a3f2c23) mem 0x80010000 0x00000001
core   0: 0x8000ec50 (0x0000bfe5) c.j     pc - 8
core   0: 3 0x8000ec50 (0xbfe5)
core   0: 0x8000ec48 (0x00001f17) auipc   t5, 0x1
core   0: 3 0x8000ec48 (0x00001f17) x30 0x8000fc48
core   0: 0x8000ec4c (0x3a3f2c23) sw      gp, 952(t5)
core   0: 3 0x8000ec4c (0x3a3f2c23) mem 0x80010000 0x00000001
core   0: 0x8000ec50 (0x0000bfe5) c.j     pc - 8
core   0: 3 0x8000ec50 (0xbfe5)
core   0: 0x8000ec48 (0x00001f17) auipc   t5, 0x1
core   0: 3 0x8000ec48 (0x00001f17) x30 0x8000fc48
core   0: 0x8000ec4c (0x3a3f2c23) sw      gp, 952(t5)
core   0: 3 0x8000ec4c (0x3a3f2c23) mem 0x80010000 0x00000001
core   0: 0x8000ec50 (0x0000bfe5) c.j     pc - 8
core   0: 3 0x8000ec50 (0xbfe5)
core   0: 0x8000ec48 (0x00001f17) auipc   t5, 0x1
core   0: 3 0x8000ec48 (0x00001f17) x30 0x8000fc48
core   0: 0x8000ec4c (0x3a3f2c23) sw      gp, 952(t5)
core   0: 3 0x8000ec4c (0x3a3f2c23) mem 0x80010000 0x00000001
core   0: 0x8000ec50 (0x0000bfe5) c.j     pc - 8
core   0: 3 0x8000ec50 (0xbfe5)
core   0: 0x8000ec48 (0x00001f17) auipc   t5, 0x1
core   0: 3 0x8000ec48 (0x00001f17) x30 0x8000fc48
core   0: 0x8000ec4c (0x3a3f2c23) sw      gp, 952(t5)
core   0: 3 0x8000ec4c (0x3a3f2c23) mem 0x80010000 0x00000001
core   0: 0x8000ec50 (0x0000bfe5) c.j     pc - 8
core   0: 3 0x8000ec50 (0xbfe5)
core   0: 0x8000ec48 (0x00001f17) auipc   t5, 0x1
core   0: 3 0x8000ec48 (0x00001f17) x30 0x8000fc48
core   0: 0x8000ec4c (0x3a3f2c23) sw      gp, 952(t5)
core   0: 3 0x8000ec4c (0x3a3f2c23) mem 0x80010000 0x00000001
core   0: 0x8000ec50 (0x0000bfe5) c.j     pc - 8
core   0: 3 0x8000ec50 (0xbfe5)
core   0: 0x8000ec48 (0x00001f17) auipc   t5, 0x1
core   0: 3 0x8000ec48 (0x00001f17) x30 0x8000fc48
core   0: 0x8000ec4c (0x3a3f2c23) sw      gp, 952(t5)
core   0: 3 0x8000ec4c (0x3a3f2c23) mem 0x80010000 0x00000001
core   0: 0x8000ec50 (0x0000bfe5) c.j     pc - 8
core   0: 3 0x8000ec50 (0xbfe5)
core   0: 0x8000ec48 (0x00001f17) auipc   t5, 0x1
core   0: 3 0x8000ec48 (0x00001f17) x30 0x8000fc48
core   0: 0x8000ec4c (0x3a3f2c23) sw      gp, 952(t5)
core   0: 3 0x8000ec4c (0x3a3f2c23) mem 0x80010000 0x00000001
core   0: 0x8000ec50 (0x0000bfe5) c.j     pc - 8
core   0: 3 0x8000ec50 (0xbfe5)
core   0: 0x8000ec48 (0x00001f17) auipc   t5, 0x1
core   0: 3 0x8000ec48 (0x00001f17) x30 0x8000fc48
core   0: 0x8000ec4c (0x3a3f2c23) sw      gp, 952(t5)
core   0: 3 0x8000ec4c (0x3a3f2c23) mem 0x80010000 0x00000001
core   0: 0x8000ec50 (0x0000bfe5) c.j     pc - 8
core   0: 3 0x8000ec50 (0xbfe5)
core   0: 0x8000ec48 (0x00001f17) auipc   t5, 0x1
core   0: 3 0x8000ec48 (0x00001f17) x30 0x8000fc48
core   0: 0x8000ec4c (0x3a3f2c23) sw      gp, 952(t5)
core   0: 3 0x8000ec4c (0x3a3f2c23) mem 0x80010000 0x00000001
core   0: 0x8000ec50 (0x0000bfe5) c.j     pc - 8
core   0: 3 0x8000ec50 (0xbfe5)
core   0: 0x8000ec48 (0x00001f17) auipc   t5, 0x1
core   0: 3 0x8000ec48 (0x00001f17) x30 0x8000fc48
core   0: 0x8000ec4c (0x3a3f2c23) sw      gp, 952(t5)
core   0: 3 0x8000ec4c (0x3a3f2c23) mem 0x80010000 0x00000001
core   0: 0x8000ec50 (0x0000bfe5) c.j     pc - 8
core   0: 3 0x8000ec50 (0xbfe5)
core   0: 0x8000ec48 (0x00001f17) auipc   t5, 0x1
core   0: 3 0x8000ec48 (0x00001f17) x30 0x8000fc48
core   0: 0x8000ec4c (0x3a3f2c23) sw      gp, 952(t5)
core   0: 3 0x8000ec4c (0x3a3f2c23) mem 0x80010000 0x00000001
core   0: 0x8000ec50 (0x0000bfe5) c.j     pc - 8
core   0: 3 0x8000ec50 (0xbfe5)
core   0: 0x8000ec48 (0x00001f17) auipc   t5, 0x1
core   0: 3 0x8000ec48 (0x00001f17) x30 0x8000fc48
core   0: 0x8000ec4c (0x3a3f2c23) sw      gp, 952(t5)
core   0: 3 0x8000ec4c (0x3a3f2c23) mem 0x80010000 0x00000001
core   0: 0x8000ec50 (0x0000bfe5) c.j     pc - 8
core   0: 3 0x8000ec50 (0xbfe5)
core   0: 0x8000ec48 (0x00001f17) auipc   t5, 0x1
core   0: 3 0x8000ec48 (0x00001f17) x30 0x8000fc48
core   0: 0x8000ec4c (0x3a3f2c23) sw      gp, 952(t5)
core   0: 3 0x8000ec4c (0x3a3f2c23) mem 0x80010000 0x00000001
core   0: 0x8000ec50 (0x0000bfe5) c.j     pc - 8
core   0: 3 0x8000ec50 (0xbfe5)
core   0: 0x8000ec48 (0x00001f17) auipc   t5, 0x1
core   0: 3 0x8000ec48 (0x00001f17) x30 0x8000fc48
core   0: 0x8000ec4c (0x3a3f2c23) sw      gp, 952(t5)
core   0: 3 0x8000ec4c (0x3a3f2c23) mem 0x80010000 0x00000001
core   0: 0x8000ec50 (0x0000bfe5) c.j     pc - 8
core   0: 3 0x8000ec50 (0xbfe5)
core   0: 0x8000ec48 (0x00001f17) auipc   t5, 0x1
core   0: 3 0x8000ec48 (0x00001f17) x30 0x8000fc48
core   0: 0x8000ec4c (0x3a3f2c23) sw      gp, 952(t5)
core   0: 3 0x8000ec4c (0x3a3f2c23) mem 0x80010000 0x00000001
core   0: 0x8000ec50 (0x0000bfe5) c.j     pc - 8
core   0: 3 0x8000ec50 (0xbfe5)
core   0: 0x8000ec48 (0x00001f17) auipc   t5, 0x1
core   0: 3 0x8000ec48 (0x00001f17) x30 0x8000fc48
core   0: 0x8000ec4c (0x3a3f2c23) sw      gp, 952(t5)
core   0: 3 0x8000ec4c (0x3a3f2c23) mem 0x80010000 0x00000001
core   0: 0x8000ec50 (0x0000bfe5) c.j     pc - 8
core   0: 3 0x8000ec50 (0xbfe5)
core   0: 0x8000ec48 (0x00001f17) auipc   t5, 0x1
core   0: 3 0x8000ec48 (0x00001f17) x30 0x8000fc48
core   0: 0x8000ec4c (0x3a3f2c23) sw      gp, 952(t5)
core   0: 3 0x8000ec4c (0x3a3f2c23) mem 0x80010000 0x00000001
core   0: 0x8000ec50 (0x0000bfe5) c.j     pc - 8
core   0: 3 0x8000ec50 (0xbfe5)
core   0: 0x8000ec48 (0x00001f17) auipc   t5, 0x1
core   0: 3 0x8000ec48 (0x00001f17) x30 0x8000fc48
core   0: 0x8000ec4c (0x3a3f2c23) sw      gp, 952(t5)
core   0: 3 0x8000ec4c (0x3a3f2c23) mem 0x80010000 0x00000001
core   0: 0x8000ec50 (0x0000bfe5) c.j     pc - 8
core   0: 3 0x8000ec50 (0xbfe5)
core   0: 0x8000ec48 (0x00001f17) auipc   t5, 0x1
core   0: 3 0x8000ec48 (0x00001f17) x30 0x8000fc48
core   0: 0x8000ec4c (0x3a3f2c23) sw      gp, 952(t5)
core   0: 3 0x8000ec4c (0x3a3f2c23) mem 0x80010000 0x00000001
core   0: 0x8000ec50 (0x0000bfe5) c.j     pc - 8
core   0: 3 0x8000ec50 (0xbfe5)
core   0: 0x8000ec48 (0x00001f17) auipc   t5, 0x1
core   0: 3 0x8000ec48 (0x00001f17) x30 0x8000fc48
core   0: 0x8000ec4c (0x3a3f2c23) sw      gp, 952(t5)
core   0: 3 0x8000ec4c (0x3a3f2c23) mem 0x80010000 0x00000001
core   0: 0x8000ec50 (0x0000bfe5) c.j     pc - 8
core   0: 3 0x8000ec50 (0xbfe5)
core   0: 0x8000ec48 (0x00001f17) auipc   t5, 0x1
core   0: 3 0x8000ec48 (0x00001f17) x30 0x8000fc48
core   0: 0x8000ec4c (0x3a3f2c23) sw      gp, 952(t5)
core   0: 3 0x8000ec4c (0x3a3f2c23) mem 0x80010000 0x00000001
core   0: 0x8000ec50 (0x0000bfe5) c.j     pc - 8
core   0: 3 0x8000ec50 (0xbfe5)
core   0: 0x8000ec48 (0x00001f17) auipc   t5, 0x1
core   0: 3 0x8000ec48 (0x00001f17) x30 0x8000fc48
core   0: 0x8000ec4c (0x3a3f2c23) sw      gp, 952(t5)
core   0: 3 0x8000ec4c (0x3a3f2c23) mem 0x80010000 0x00000001
core   0: 0x8000ec50 (0x0000bfe5) c.j     pc - 8
core   0: 3 0x8000ec50 (0xbfe5)
core   0: 0x8000ec48 (0x00001f17) auipc   t5, 0x1
core   0: 3 0x8000ec48 (0x00001f17) x30 0x8000fc48
core   0: 0x8000ec4c (0x3a3f2c23) sw      gp, 952(t5)
core   0: 3 0x8000ec4c (0x3a3f2c23) mem 0x80010000 0x00000001
core   0: 0x8000ec50 (0x0000bfe5) c.j     pc - 8
core   0: 3 0x8000ec50 (0xbfe5)
core   0: 0x8000ec48 (0x00001f17) auipc   t5, 0x1
core   0: 3 0x8000ec48 (0x00001f17) x30 0x8000fc48
core   0: 0x8000ec4c (0x3a3f2c23) sw      gp, 952(t5)
core   0: 3 0x8000ec4c (0x3a3f2c23) mem 0x80010000 0x00000001
core   0: 0x8000ec50 (0x0000bfe5) c.j     pc - 8
core   0: 3 0x8000ec50 (0xbfe5)
core   0: 0x8000ec48 (0x00001f17) auipc   t5, 0x1
core   0: 3 0x8000ec48 (0x00001f17) x30 0x8000fc48
core   0: 0x8000ec4c (0x3a3f2c23) sw      gp, 952(t5)
core   0: 3 0x8000ec4c (0x3a3f2c23) mem 0x80010000 0x00000001
core   0: 0x8000ec50 (0x0000bfe5) c.j     pc - 8
core   0: 3 0x8000ec50 (0xbfe5)
core   0: 0x8000ec48 (0x00001f17) auipc   t5, 0x1
core   0: 3 0x8000ec48 (0x00001f17) x30 0x8000fc48
core   0: 0x8000ec4c (0x3a3f2c23) sw      gp, 952(t5)
core   0: 3 0x8000ec4c (0x3a3f2c23) mem 0x80010000 0x00000001
core   0: 0x8000ec50 (0x0000bfe5) c.j     pc - 8
core   0: 3 0x8000ec50 (0xbfe5)
core   0: 0x8000ec48 (0x00001f17) auipc   t5, 0x1
core   0: 3 0x8000ec48 (0x00001f17) x30 0x8000fc48
core   0: 0x8000ec4c (0x3a3f2c23) sw      gp, 952(t5)
core   0: 3 0x8000ec4c (0x3a3f2c23) mem 0x80010000 0x00000001
core   0: 0x8000ec50 (0x0000bfe5) c.j     pc - 8
core   0: 3 0x8000ec50 (0xbfe5)
core   0: 0x8000ec48 (0x00001f17) auipc   t5, 0x1
core   0: 3 0x8000ec48 (0x00001f17) x30 0x8000fc48
core   0: 0x8000ec4c (0x3a3f2c23) sw      gp, 952(t5)
core   0: 3 0x8000ec4c (0x3a3f2c23) mem 0x80010000 0x00000001
core   0: 0x8000ec50 (0x0000bfe5) c.j     pc - 8
core   0: 3 0x8000ec50 (0xbfe5)
core   0: 0x8000ec48 (0x00001f17) auipc   t5, 0x1
core   0: 3 0x8000ec48 (0x00001f17) x30 0x8000fc48
core   0: 0x8000ec4c (0x3a3f2c23) sw      gp, 952(t5)
core   0: 3 0x8000ec4c (0x3a3f2c23) mem 0x80010000 0x00000001
core   0: 0x8000ec50 (0x0000bfe5) c.j     pc - 8
core   0: 3 0x8000ec50 (0xbfe5)
core   0: 0x8000ec48 (0x00001f17) auipc   t5, 0x1
core   0: 3 0x8000ec48 (0x00001f17) x30 0x8000fc48
core   0: 0x8000ec4c (0x3a3f2c23) sw      gp, 952(t5)
core   0: 3 0x8000ec4c (0x3a3f2c23) mem 0x80010000 0x00000001
core   0: 0x8000ec50 (0x0000bfe5) c.j     pc - 8
core   0: 3 0x8000ec50 (0xbfe5)
core   0: 0x8000ec48 (0x00001f17) auipc   t5, 0x1
core   0: 3 0x8000ec48 (0x00001f17) x30 0x8000fc48
core   0: 0x8000ec4c (0x3a3f2c23) sw      gp, 952(t5)
core   0: 3 0x8000ec4c (0x3a3f2c23) mem 0x80010000 0x00000001
core   0: 0x8000ec50 (0x0000bfe5) c.j     pc - 8
core   0: 3 0x8000ec50 (0xbfe5)
core   0: 0x8000ec48 (0x00001f17) auipc   t5, 0x1
core   0: 3 0x8000ec48 (0x00001f17) x30 0x8000fc48
core   0: 0x8000ec4c (0x3a3f2c23) sw      gp, 952(t5)
core   0: 3 0x8000ec4c (0x3a3f2c23) mem 0x80010000 0x00000001
core   0: 0x8000ec50 (0x0000bfe5) c.j     pc - 8
core   0: 3 0x8000ec50 (0xbfe5)
core   0: 0x8000ec48 (0x00001f17) auipc   t5, 0x1
core   0: 3 0x8000ec48 (0x00001f17) x30 0x8000fc48
core   0: 0x8000ec4c (0x3a3f2c23) sw      gp, 952(t5)
core   0: 3 0x8000ec4c (0x3a3f2c23) mem 0x80010000 0x00000001
core   0: 0x8000ec50 (0x0000bfe5) c.j     pc - 8
core   0: 3 0x8000ec50 (0xbfe5)
core   0: 0x8000ec48 (0x00001f17) auipc   t5, 0x1
core   0: 3 0x8000ec48 (0x00001f17) x30 0x8000fc48
core   0: 0x8000ec4c (0x3a3f2c23) sw      gp, 952(t5)
core   0: 3 0x8000ec4c (0x3a3f2c23) mem 0x80010000 0x00000001
core   0: 0x8000ec50 (0x0000bfe5) c.j     pc - 8
core   0: 3 0x8000ec50 (0xbfe5)
core   0: 0x8000ec48 (0x00001f17) auipc   t5, 0x1
core   0: 3 0x8000ec48 (0x00001f17) x30 0x8000fc48
core   0: 0x8000ec4c (0x3a3f2c23) sw      gp, 952(t5)
core   0: 3 0x8000ec4c (0x3a3f2c23) mem 0x80010000 0x00000001
core   0: 0x8000ec50 (0x0000bfe5) c.j     pc - 8
core   0: 3 0x8000ec50 (0xbfe5)
core   0: 0x8000ec48 (0x00001f17) auipc   t5, 0x1
core   0: 3 0x8000ec48 (0x00001f17) x30 0x8000fc48
core   0: 0x8000ec4c (0x3a3f2c23) sw      gp, 952(t5)
core   0: 3 0x8000ec4c (0x3a3f2c23) mem 0x80010000 0x00000001
core   0: 0x8000ec50 (0x0000bfe5) c.j     pc - 8
core   0: 3 0x8000ec50 (0xbfe5)
core   0: 0x8000ec48 (0x00001f17) auipc   t5, 0x1
core   0: 3 0x8000ec48 (0x00001f17) x30 0x8000fc48
core   0: 0x8000ec4c (0x3a3f2c23) sw      gp, 952(t5)
core   0: 3 0x8000ec4c (0x3a3f2c23) mem 0x80010000 0x00000001
core   0: 0x8000ec50 (0x0000bfe5) c.j     pc - 8
core   0: 3 0x8000ec50 (0xbfe5)
core   0: 0x8000ec48 (0x00001f17) auipc   t5, 0x1
core   0: 3 0x8000ec48 (0x00001f17) x30 0x8000fc48
core   0: 0x8000ec4c (0x3a3f2c23) sw      gp, 952(t5)
core   0: 3 0x8000ec4c (0x3a3f2c23) mem 0x80010000 0x00000001
core   0: 0x8000ec50 (0x0000bfe5) c.j     pc - 8
core   0: 3 0x8000ec50 (0xbfe5)
core   0: 0x8000ec48 (0x00001f17) auipc   t5, 0x1
core   0: 3 0x8000ec48 (0x00001f17) x30 0x8000fc48
core   0: 0x8000ec4c (0x3a3f2c23) sw      gp, 952(t5)
core   0: 3 0x8000ec4c (0x3a3f2c23) mem 0x80010000 0x00000001
core   0: 0x8000ec50 (0x0000bfe5) c.j     pc - 8
core   0: 3 0x8000ec50 (0xbfe5)
core   0: 0x8000ec48 (0x00001f17) auipc   t5, 0x1
core   0: 3 0x8000ec48 (0x00001f17) x30 0x8000fc48
core   0: 0x8000ec4c (0x3a3f2c23) sw      gp, 952(t5)
core   0: 3 0x8000ec4c (0x3a3f2c23) mem 0x80010000 0x00000001
core   0: 0x8000ec50 (0x0000bfe5) c.j     pc - 8
core   0: 3 0x8000ec50 (0xbfe5)
core   0: 0x8000ec48 (0x00001f17) auipc   t5, 0x1
core   0: 3 0x8000ec48 (0x00001f17) x30 0x8000fc48
core   0: 0x8000ec4c (0x3a3f2c23) sw      gp, 952(t5)
core   0: 3 0x8000ec4c (0x3a3f2c23) mem 0x80010000 0x00000001
core   0: 0x8000ec50 (0x0000bfe5) c.j     pc - 8
core   0: 3 0x8000ec50 (0xbfe5)
core   0: 0x8000ec48 (0x00001f17) auipc   t5, 0x1
core   0: 3 0x8000ec48 (0x00001f17) x30 0x8000fc48
core   0: 0x8000ec4c (0x3a3f2c23) sw      gp, 952(t5)
core   0: 3 0x8000ec4c (0x3a3f2c23) mem 0x80010000 0x00000001
core   0: 0x8000ec50 (0x0000bfe5) c.j     pc - 8
core   0: 3 0x8000ec50 (0xbfe5)
core   0: 0x8000ec48 (0x00001f17) auipc   t5, 0x1
core   0: 3 0x8000ec48 (0x00001f17) x30 0x8000fc48
core   0: 0x8000ec4c (0x3a3f2c23) sw      gp, 952(t5)
core   0: 3 0x8000ec4c (0x3a3f2c23) mem 0x80010000 0x00000001
core   0: 0x8000ec50 (0x0000bfe5) c.j     pc - 8
core   0: 3 0x8000ec50 (0xbfe5)
core   0: 0x8000ec48 (0x00001f17) auipc   t5, 0x1
core   0: 3 0x8000ec48 (0x00001f17) x30 0x8000fc48
core   0: 0x8000ec4c (0x3a3f2c23) sw      gp, 952(t5)
core   0: 3 0x8000ec4c (0x3a3f2c23) mem 0x80010000 0x00000001
core   0: 0x8000ec50 (0x0000bfe5) c.j     pc - 8
core   0: 3 0x8000ec50 (0xbfe5)
core   0: 0x8000ec48 (0x00001f17) auipc   t5, 0x1
core   0: 3 0x8000ec48 (0x00001f17) x30 0x8000fc48
core   0: 0x8000ec4c (0x3a3f2c23) sw      gp, 952(t5)
core   0: 3 0x8000ec4c (0x3a3f2c23) mem 0x80010000 0x00000001
core   0: 0x8000ec50 (0x0000bfe5) c.j     pc - 8
core   0: 3 0x8000ec50 (0xbfe5)
core   0: 0x8000ec48 (0x00001f17) auipc   t5, 0x1
core   0: 3 0x8000ec48 (0x00001f17) x30 0x8000fc48
core   0: 0x8000ec4c (0x3a3f2c23) sw      gp, 952(t5)
core   0: 3 0x8000ec4c (0x3a3f2c23) mem 0x80010000 0x00000001
core   0: 0x8000ec50 (0x0000bfe5) c.j     pc - 8
core   0: 3 0x8000ec50 (0xbfe5)
core   0: 0x8000ec48 (0x00001f17) auipc   t5, 0x1
core   0: 3 0x8000ec48 (0x00001f17) x30 0x8000fc48
core   0: 0x8000ec4c (0x3a3f2c23) sw      gp, 952(t5)
core   0: 3 0x8000ec4c (0x3a3f2c23) mem 0x80010000 0x00000001
core   0: 0x8000ec50 (0x0000bfe5) c.j     pc - 8
core   0: 3 0x8000ec50 (0xbfe5)
core   0: 0x8000ec48 (0x00001f17) auipc   t5, 0x1
core   0: 3 0x8000ec48 (0x00001f17) x30 0x8000fc48
core   0: 0x8000ec4c (0x3a3f2c23) sw      gp, 952(t5)
core   0: 3 0x8000ec4c (0x3a3f2c23) mem 0x80010000 0x00000001
core   0: 0x8000ec50 (0x0000bfe5) c.j     pc - 8
core   0: 3 0x8000ec50 (0xbfe5)
core   0: 0x8000ec48 (0x00001f17) auipc   t5, 0x1
core   0: 3 0x8000ec48 (0x00001f17) x30 0x8000fc48
core   0: 0x8000ec4c (0x3a3f2c23) sw      gp, 952(t5)
core   0: 3 0x8000ec4c (0x3a3f2c23) mem 0x80010000 0x00000001
core   0: 0x8000ec50 (0x0000bfe5) c.j     pc - 8
core   0: 3 0x8000ec50 (0xbfe5)
core   0: 0x8000ec48 (0x00001f17) auipc   t5, 0x1
core   0: 3 0x8000ec48 (0x00001f17) x30 0x8000fc48
core   0: 0x8000ec4c (0x3a3f2c23) sw      gp, 952(t5)
core   0: 3 0x8000ec4c (0x3a3f2c23) mem 0x80010000 0x00000001
core   0: 0x8000ec50 (0x0000bfe5) c.j     pc - 8
core   0: 3 0x8000ec50 (0xbfe5)
core   0: 0x8000ec48 (0x00001f17) auipc   t5, 0x1
core   0: 3 0x8000ec48 (0x00001f17) x30 0x8000fc48
core   0: 0x8000ec4c (0x3a3f2c23) sw      gp, 952(t5)
core   0: 3 0x8000ec4c (0x3a3f2c23) mem 0x80010000 0x00000001
core   0: 0x8000ec50 (0x0000bfe5) c.j     pc - 8
core   0: 3 0x8000ec50 (0xbfe5)
core   0: 0x8000ec48 (0x00001f17) auipc   t5, 0x1
core   0: 3 0x8000ec48 (0x00001f17) x30 0x8000fc48
core   0: 0x8000ec4c (0x3a3f2c23) sw      gp, 952(t5)
core   0: 3 0x8000ec4c (0x3a3f2c23) mem 0x80010000 0x00000001
core   0: 0x8000ec50 (0x0000bfe5) c.j     pc - 8
core   0: 3 0x8000ec50 (0xbfe5)
core   0: 0x8000ec48 (0x00001f17) auipc   t5, 0x1
core   0: 3 0x8000ec48 (0x00001f17) x30 0x8000fc48
core   0: 0x8000ec4c (0x3a3f2c23) sw      gp, 952(t5)
core   0: 3 0x8000ec4c (0x3a3f2c23) mem 0x80010000 0x00000001
core   0: 0x8000ec50 (0x0000bfe5) c.j     pc - 8
core   0: 3 0x8000ec50 (0xbfe5)
core   0: 0x8000ec48 (0x00001f17) auipc   t5, 0x1
core   0: 3 0x8000ec48 (0x00001f17) x30 0x8000fc48
core   0: 0x8000ec4c (0x3a3f2c23) sw      gp, 952(t5)
core   0: 3 0x8000ec4c (0x3a3f2c23) mem 0x80010000 0x00000001
core   0: 0x8000ec50 (0x0000bfe5) c.j     pc - 8
core   0: 3 0x8000ec50 (0xbfe5)
core   0: 0x8000ec48 (0x00001f17) auipc   t5, 0x1
core   0: 3 0x8000ec48 (0x00001f17) x30 0x8000fc48
core   0: 0x8000ec4c (0x3a3f2c23) sw      gp, 952(t5)
core   0: 3 0x8000ec4c (0x3a3f2c23) mem 0x80010000 0x00000001
core   0: 0x8000ec50 (0x0000bfe5) c.j     pc - 8
core   0: 3 0x8000ec50 (0xbfe5)
core   0: 0x8000ec48 (0x00001f17) auipc   t5, 0x1
core   0: 3 0x8000ec48 (0x00001f17) x30 0x8000fc48
core   0: 0x8000ec4c (0x3a3f2c23) sw      gp, 952(t5)
core   0: 3 0x8000ec4c (0x3a3f2c23) mem 0x80010000 0x00000001
core   0: 0x8000ec50 (0x0000bfe5) c.j     pc - 8
core   0: 3 0x8000ec50 (0xbfe5)
core   0: 0x8000ec48 (0x00001f17) auipc   t5, 0x1
core   0: 3 0x8000ec48 (0x00001f17) x30 0x8000fc48
core   0: 0x8000ec4c (0x3a3f2c23) sw      gp, 952(t5)
core   0: 3 0x8000ec4c (0x3a3f2c23) mem 0x80010000 0x00000001
core   0: 0x8000ec50 (0x0000bfe5) c.j     pc - 8
core   0: 3 0x8000ec50 (0xbfe5)
core   0: 0x8000ec48 (0x00001f17) auipc   t5, 0x1
core   0: 3 0x8000ec48 (0x00001f17) x30 0x8000fc48
core   0: 0x8000ec4c (0x3a3f2c23) sw      gp, 952(t5)
core   0: 3 0x8000ec4c (0x3a3f2c23) mem 0x80010000 0x00000001
core   0: 0x8000ec50 (0x0000bfe5) c.j     pc - 8
core   0: 3 0x8000ec50 (0xbfe5)
core   0: 0x8000ec48 (0x00001f17) auipc   t5, 0x1
core   0: 3 0x8000ec48 (0x00001f17) x30 0x8000fc48
core   0: 0x8000ec4c (0x3a3f2c23) sw      gp, 952(t5)
core   0: 3 0x8000ec4c (0x3a3f2c23) mem 0x80010000 0x00000001
core   0: 0x8000ec50 (0x0000bfe5) c.j     pc - 8
core   0: 3 0x8000ec50 (0xbfe5)
core   0: 0x8000ec48 (0x00001f17) auipc   t5, 0x1
core   0: 3 0x8000ec48 (0x00001f17) x30 0x8000fc48
core   0: 0x8000ec4c (0x3a3f2c23) sw      gp, 952(t5)
core   0: 3 0x8000ec4c (0x3a3f2c23) mem 0x80010000 0x00000001
core   0: 0x8000ec50 (0x0000bfe5) c.j     pc - 8
core   0: 3 0x8000ec50 (0xbfe5)
core   0: 0x8000ec48 (0x00001f17) auipc   t5, 0x1
core   0: 3 0x8000ec48 (0x00001f17) x30 0x8000fc48
core   0: 0x8000ec4c (0x3a3f2c23) sw      gp, 952(t5)
core   0: 3 0x8000ec4c (0x3a3f2c23) mem 0x80010000 0x00000001
core   0: 0x8000ec50 (0x0000bfe5) c.j     pc - 8
core   0: 3 0x8000ec50 (0xbfe5)
core   0: 0x8000ec48 (0x00001f17) auipc   t5, 0x1
core   0: 3 0x8000ec48 (0x00001f17) x30 0x8000fc48
core   0: 0x8000ec4c (0x3a3f2c23) sw      gp, 952(t5)
core   0: 3 0x8000ec4c (0x3a3f2c23) mem 0x80010000 0x00000001
core   0: 0x8000ec50 (0x0000bfe5) c.j     pc - 8
core   0: 3 0x8000ec50 (0xbfe5)
core   0: 0x8000ec48 (0x00001f17) auipc   t5, 0x1
core   0: 3 0x8000ec48 (0x00001f17) x30 0x8000fc48
core   0: 0x8000ec4c (0x3a3f2c23) sw      gp, 952(t5)
core   0: 3 0x8000ec4c (0x3a3f2c23) mem 0x80010000 0x00000001
core   0: 0x8000ec50 (0x0000bfe5) c.j     pc - 8
core   0: 3 0x8000ec50 (0xbfe5)
core   0: 0x8000ec48 (0x00001f17) auipc   t5, 0x1
core   0: 3 0x8000ec48 (0x00001f17) x30 0x8000fc48
core   0: 0x8000ec4c (0x3a3f2c23) sw      gp, 952(t5)
core   0: 3 0x8000ec4c (0x3a3f2c23) mem 0x80010000 0x00000001
core   0: 0x8000ec50 (0x0000bfe5) c.j     pc - 8
core   0: 3 0x8000ec50 (0xbfe5)
core   0: 0x8000ec48 (0x00001f17) auipc   t5, 0x1
core   0: 3 0x8000ec48 (0x00001f17) x30 0x8000fc48
core   0: 0x8000ec4c (0x3a3f2c23) sw      gp, 952(t5)
core   0: 3 0x8000ec4c (0x3a3f2c23) mem 0x80010000 0x00000001
core   0: 0x8000ec50 (0x0000bfe5) c.j     pc - 8
core   0: 3 0x8000ec50 (0xbfe5)
core   0: 0x8000ec48 (0x00001f17) auipc   t5, 0x1
core   0: 3 0x8000ec48 (0x00001f17) x30 0x8000fc48
core   0: 0x8000ec4c (0x3a3f2c23) sw      gp, 952(t5)
core   0: 3 0x8000ec4c (0x3a3f2c23) mem 0x80010000 0x00000001
core   0: 0x8000ec50 (0x0000bfe5) c.j     pc - 8
core   0: 3 0x8000ec50 (0xbfe5)
core   0: 0x8000ec48 (0x00001f17) auipc   t5, 0x1
core   0: 3 0x8000ec48 (0x00001f17) x30 0x8000fc48
core   0: 0x8000ec4c (0x3a3f2c23) sw      gp, 952(t5)
core   0: 3 0x8000ec4c (0x3a3f2c23) mem 0x80010000 0x00000001
core   0: 0x8000ec50 (0x0000bfe5) c.j     pc - 8
core   0: 3 0x8000ec50 (0xbfe5)
core   0: 0x8000ec48 (0x00001f17) auipc   t5, 0x1
core   0: 3 0x8000ec48 (0x00001f17) x30 0x8000fc48
core   0: 0x8000ec4c (0x3a3f2c23) sw      gp, 952(t5)
core   0: 3 0x8000ec4c (0x3a3f2c23) mem 0x80010000 0x00000001
core   0: 0x8000ec50 (0x0000bfe5) c.j     pc - 8
core   0: 3 0x8000ec50 (0xbfe5)
core   0: 0x8000ec48 (0x00001f17) auipc   t5, 0x1
core   0: 3 0x8000ec48 (0x00001f17) x30 0x8000fc48
core   0: 0x8000ec4c (0x3a3f2c23) sw      gp, 952(t5)
core   0: 3 0x8000ec4c (0x3a3f2c23) mem 0x80010000 0x00000001
core   0: 0x8000ec50 (0x0000bfe5) c.j     pc - 8
core   0: 3 0x8000ec50 (0xbfe5)
core   0: 0x8000ec48 (0x00001f17) auipc   t5, 0x1
core   0: 3 0x8000ec48 (0x00001f17) x30 0x8000fc48
core   0: 0x8000ec4c (0x3a3f2c23) sw      gp, 952(t5)
core   0: 3 0x8000ec4c (0x3a3f2c23) mem 0x80010000 0x00000001
core   0: 0x8000ec50 (0x0000bfe5) c.j     pc - 8
core   0: 3 0x8000ec50 (0xbfe5)
core   0: 0x8000ec48 (0x00001f17) auipc   t5, 0x1
core   0: 3 0x8000ec48 (0x00001f17) x30 0x8000fc48
core   0: 0x8000ec4c (0x3a3f2c23) sw      gp, 952(t5)
core   0: 3 0x8000ec4c (0x3a3f2c23) mem 0x80010000 0x00000001
core   0: 0x8000ec50 (0x0000bfe5) c.j     pc - 8
core   0: 3 0x8000ec50 (0xbfe5)
core   0: 0x8000ec48 (0x00001f17) auipc   t5, 0x1
core   0: 3 0x8000ec48 (0x00001f17) x30 0x8000fc48
core   0: 0x8000ec4c (0x3a3f2c23) sw      gp, 952(t5)
core   0: 3 0x8000ec4c (0x3a3f2c23) mem 0x80010000 0x00000001
core   0: 0x8000ec50 (0x0000bfe5) c.j     pc - 8
core   0: 3 0x8000ec50 (0xbfe5)
core   0: 0x8000ec48 (0x00001f17) auipc   t5, 0x1
core   0: 3 0x8000ec48 (0x00001f17) x30 0x8000fc48
core   0: 0x8000ec4c (0x3a3f2c23) sw      gp, 952(t5)
core   0: 3 0x8000ec4c (0x3a3f2c23) mem 0x80010000 0x00000001
core   0: 0x8000ec50 (0x0000bfe5) c.j     pc - 8
core   0: 3 0x8000ec50 (0xbfe5)
core   0: 0x8000ec48 (0x00001f17) auipc   t5, 0x1
core   0: 3 0x8000ec48 (0x00001f17) x30 0x8000fc48
core   0: 0x8000ec4c (0x3a3f2c23) sw      gp, 952(t5)
core   0: 3 0x8000ec4c (0x3a3f2c23) mem 0x80010000 0x00000001
core   0: 0x8000ec50 (0x0000bfe5) c.j     pc - 8
core   0: 3 0x8000ec50 (0xbfe5)
core   0: 0x8000ec48 (0x00001f17) auipc   t5, 0x1
core   0: 3 0x8000ec48 (0x00001f17) x30 0x8000fc48
core   0: 0x8000ec4c (0x3a3f2c23) sw      gp, 952(t5)
core   0: 3 0x8000ec4c (0x3a3f2c23) mem 0x80010000 0x00000001
core   0: 0x8000ec50 (0x0000bfe5) c.j     pc - 8
core   0: 3 0x8000ec50 (0xbfe5)
core   0: 0x8000ec48 (0x00001f17) auipc   t5, 0x1
core   0: 3 0x8000ec48 (0x00001f17) x30 0x8000fc48
core   0: 0x8000ec4c (0x3a3f2c23) sw      gp, 952(t5)
core   0: 3 0x8000ec4c (0x3a3f2c23) mem 0x80010000 0x00000001
core   0: 0x8000ec50 (0x0000bfe5) c.j     pc - 8
core   0: 3 0x8000ec50 (0xbfe5)
core   0: 0x8000ec48 (0x00001f17) auipc   t5, 0x1
core   0: 3 0x8000ec48 (0x00001f17) x30 0x8000fc48
core   0: 0x8000ec4c (0x3a3f2c23) sw      gp, 952(t5)
core   0: 3 0x8000ec4c (0x3a3f2c23) mem 0x80010000 0x00000001
core   0: 0x8000ec50 (0x0000bfe5) c.j     pc - 8
core   0: 3 0x8000ec50 (0xbfe5)
core   0: 0x8000ec48 (0x00001f17) auipc   t5, 0x1
core   0: 3 0x8000ec48 (0x00001f17) x30 0x8000fc48
core   0: 0x8000ec4c (0x3a3f2c23) sw      gp, 952(t5)
core   0: 3 0x8000ec4c (0x3a3f2c23) mem 0x80010000 0x00000001
core   0: 0x8000ec50 (0x0000bfe5) c.j     pc - 8
core   0: 3 0x8000ec50 (0xbfe5)
core   0: 0x8000ec48 (0x00001f17) auipc   t5, 0x1
core   0: 3 0x8000ec48 (0x00001f17) x30 0x8000fc48
core   0: 0x8000ec4c (0x3a3f2c23) sw      gp, 952(t5)
core   0: 3 0x8000ec4c (0x3a3f2c23) mem 0x80010000 0x00000001
core   0: 0x8000ec50 (0x0000bfe5) c.j     pc - 8
core   0: 3 0x8000ec50 (0xbfe5)
core   0: 0x8000ec48 (0x00001f17) auipc   t5, 0x1
core   0: 3 0x8000ec48 (0x00001f17) x30 0x8000fc48
core   0: 0x8000ec4c (0x3a3f2c23) sw      gp, 952(t5)
core   0: 3 0x8000ec4c (0x3a3f2c23) mem 0x80010000 0x00000001
core   0: 0x8000ec50 (0x0000bfe5) c.j     pc - 8
core   0: 3 0x8000ec50 (0xbfe5)
core   0: 0x8000ec48 (0x00001f17) auipc   t5, 0x1
core   0: 3 0x8000ec48 (0x00001f17) x30 0x8000fc48
core   0: 0x8000ec4c (0x3a3f2c23) sw      gp, 952(t5)
core   0: 3 0x8000ec4c (0x3a3f2c23) mem 0x80010000 0x00000001
core   0: 0x8000ec50 (0x0000bfe5) c.j     pc - 8
core   0: 3 0x8000ec50 (0xbfe5)
core   0: 0x8000ec48 (0x00001f17) auipc   t5, 0x1
core   0: 3 0x8000ec48 (0x00001f17) x30 0x8000fc48
core   0: 0x8000ec4c (0x3a3f2c23) sw      gp, 952(t5)
core   0: 3 0x8000ec4c (0x3a3f2c23) mem 0x80010000 0x00000001
core   0: 0x8000ec50 (0x0000bfe5) c.j     pc - 8
core   0: 3 0x8000ec50 (0xbfe5)
core   0: 0x8000ec48 (0x00001f17) auipc   t5, 0x1
core   0: 3 0x8000ec48 (0x00001f17) x30 0x8000fc48
core   0: 0x8000ec4c (0x3a3f2c23) sw      gp, 952(t5)
core   0: 3 0x8000ec4c (0x3a3f2c23) mem 0x80010000 0x00000001
core   0: 0x8000ec50 (0x0000bfe5) c.j     pc - 8
core   0: 3 0x8000ec50 (0xbfe5)
core   0: 0x8000ec48 (0x00001f17) auipc   t5, 0x1
core   0: 3 0x8000ec48 (0x00001f17) x30 0x8000fc48
core   0: 0x8000ec4c (0x3a3f2c23) sw      gp, 952(t5)
core   0: 3 0x8000ec4c (0x3a3f2c23) mem 0x80010000 0x00000001
core   0: 0x8000ec50 (0x0000bfe5) c.j     pc - 8
core   0: 3 0x8000ec50 (0xbfe5)
core   0: 0x8000ec48 (0x00001f17) auipc   t5, 0x1
core   0: 3 0x8000ec48 (0x00001f17) x30 0x8000fc48
core   0: 0x8000ec4c (0x3a3f2c23) sw      gp, 952(t5)
core   0: 3 0x8000ec4c (0x3a3f2c23) mem 0x80010000 0x00000001
core   0: 0x8000ec50 (0x0000bfe5) c.j     pc - 8
core   0: 3 0x8000ec50 (0xbfe5)
core   0: 0x8000ec48 (0x00001f17) auipc   t5, 0x1
core   0: 3 0x8000ec48 (0x00001f17) x30 0x8000fc48
core   0: 0x8000ec4c (0x3a3f2c23) sw      gp, 952(t5)
core   0: 3 0x8000ec4c (0x3a3f2c23) mem 0x80010000 0x00000001
core   0: 0x8000ec50 (0x0000bfe5) c.j     pc - 8
core   0: 3 0x8000ec50 (0xbfe5)
core   0: 0x8000ec48 (0x00001f17) auipc   t5, 0x1
core   0: 3 0x8000ec48 (0x00001f17) x30 0x8000fc48
core   0: 0x8000ec4c (0x3a3f2c23) sw      gp, 952(t5)
core   0: 3 0x8000ec4c (0x3a3f2c23) mem 0x80010000 0x00000001
core   0: 0x8000ec50 (0x0000bfe5) c.j     pc - 8
core   0: 3 0x8000ec50 (0xbfe5)
core   0: 0x8000ec48 (0x00001f17) auipc   t5, 0x1
core   0: 3 0x8000ec48 (0x00001f17) x30 0x8000fc48
core   0: 0x8000ec4c (0x3a3f2c23) sw      gp, 952(t5)
core   0: 3 0x8000ec4c (0x3a3f2c23) mem 0x80010000 0x00000001
core   0: 0x8000ec50 (0x0000bfe5) c.j     pc - 8
core   0: 3 0x8000ec50 (0xbfe5)
core   0: 0x8000ec48 (0x00001f17) auipc   t5, 0x1
core   0: 3 0x8000ec48 (0x00001f17) x30 0x8000fc48
core   0: 0x8000ec4c (0x3a3f2c23) sw      gp, 952(t5)
core   0: 3 0x8000ec4c (0x3a3f2c23) mem 0x80010000 0x00000001
core   0: 0x8000ec50 (0x0000bfe5) c.j     pc - 8
core   0: 3 0x8000ec50 (0xbfe5)
core   0: 0x8000ec48 (0x00001f17) auipc   t5, 0x1
core   0: 3 0x8000ec48 (0x00001f17) x30 0x8000fc48
core   0: 0x8000ec4c (0x3a3f2c23) sw      gp, 952(t5)
core   0: 3 0x8000ec4c (0x3a3f2c23) mem 0x80010000 0x00000001
core   0: 0x8000ec50 (0x0000bfe5) c.j     pc - 8
core   0: 3 0x8000ec50 (0xbfe5)
core   0: 0x8000ec48 (0x00001f17) auipc   t5, 0x1
core   0: 3 0x8000ec48 (0x00001f17) x30 0x8000fc48
core   0: 0x8000ec4c (0x3a3f2c23) sw      gp, 952(t5)
core   0: 3 0x8000ec4c (0x3a3f2c23) mem 0x80010000 0x00000001
core   0: 0x8000ec50 (0x0000bfe5) c.j     pc - 8
core   0: 3 0x8000ec50 (0xbfe5)
core   0: 0x8000ec48 (0x00001f17) auipc   t5, 0x1
core   0: 3 0x8000ec48 (0x00001f17) x30 0x8000fc48
core   0: 0x8000ec4c (0x3a3f2c23) sw      gp, 952(t5)
core   0: 3 0x8000ec4c (0x3a3f2c23) mem 0x80010000 0x00000001
core   0: 0x8000ec50 (0x0000bfe5) c.j     pc - 8
core   0: 3 0x8000ec50 (0xbfe5)
core   0: 0x8000ec48 (0x00001f17) auipc   t5, 0x1
core   0: 3 0x8000ec48 (0x00001f17) x30 0x8000fc48
core   0: 0x8000ec4c (0x3a3f2c23) sw      gp, 952(t5)
core   0: 3 0x8000ec4c (0x3a3f2c23) mem 0x80010000 0x00000001
core   0: 0x8000ec50 (0x0000bfe5) c.j     pc - 8
core   0: 3 0x8000ec50 (0xbfe5)
core   0: 0x8000ec48 (0x00001f17) auipc   t5, 0x1
core   0: 3 0x8000ec48 (0x00001f17) x30 0x8000fc48
core   0: 0x8000ec4c (0x3a3f2c23) sw      gp, 952(t5)
core   0: 3 0x8000ec4c (0x3a3f2c23) mem 0x80010000 0x00000001
core   0: 0x8000ec50 (0x0000bfe5) c.j     pc - 8
core   0: 3 0x8000ec50 (0xbfe5)
core   0: 0x8000ec48 (0x00001f17) auipc   t5, 0x1
core   0: 3 0x8000ec48 (0x00001f17) x30 0x8000fc48
core   0: 0x8000ec4c (0x3a3f2c23) sw      gp, 952(t5)
core   0: 3 0x8000ec4c (0x3a3f2c23) mem 0x80010000 0x00000001
core   0: 0x8000ec50 (0x0000bfe5) c.j     pc - 8
core   0: 3 0x8000ec50 (0xbfe5)
core   0: 0x8000ec48 (0x00001f17) auipc   t5, 0x1
core   0: 3 0x8000ec48 (0x00001f17) x30 0x8000fc48
core   0: 0x8000ec4c (0x3a3f2c23) sw      gp, 952(t5)
core   0: 3 0x8000ec4c (0x3a3f2c23) mem 0x80010000 0x00000001
core   0: 0x8000ec50 (0x0000bfe5) c.j     pc - 8
core   0: 3 0x8000ec50 (0xbfe5)
core   0: 0x8000ec48 (0x00001f17) auipc   t5, 0x1
core   0: 3 0x8000ec48 (0x00001f17) x30 0x8000fc48
core   0: 0x8000ec4c (0x3a3f2c23) sw      gp, 952(t5)
core   0: 3 0x8000ec4c (0x3a3f2c23) mem 0x80010000 0x00000001
core   0: 0x8000ec50 (0x0000bfe5) c.j     pc - 8
core   0: 3 0x8000ec50 (0xbfe5)
core   0: 0x8000ec48 (0x00001f17) auipc   t5, 0x1
core   0: 3 0x8000ec48 (0x00001f17) x30 0x8000fc48
core   0: 0x8000ec4c (0x3a3f2c23) sw      gp, 952(t5)
core   0: 3 0x8000ec4c (0x3a3f2c23) mem 0x80010000 0x00000001
core   0: 0x8000ec50 (0x0000bfe5) c.j     pc - 8
core   0: 3 0x8000ec50 (0xbfe5)
core   0: 0x8000ec48 (0x00001f17) auipc   t5, 0x1
core   0: 3 0x8000ec48 (0x00001f17) x30 0x8000fc48
core   0: 0x8000ec4c (0x3a3f2c23) sw      gp, 952(t5)
core   0: 3 0x8000ec4c (0x3a3f2c23) mem 0x80010000 0x00000001
core   0: 0x8000ec50 (0x0000bfe5) c.j     pc - 8
core   0: 3 0x8000ec50 (0xbfe5)
core   0: 0x8000ec48 (0x00001f17) auipc   t5, 0x1
core   0: 3 0x8000ec48 (0x00001f17) x30 0x8000fc48
core   0: 0x8000ec4c (0x3a3f2c23) sw      gp, 952(t5)
core   0: 3 0x8000ec4c (0x3a3f2c23) mem 0x80010000 0x00000001
core   0: 0x8000ec50 (0x0000bfe5) c.j     pc - 8
core   0: 3 0x8000ec50 (0xbfe5)
core   0: 0x8000ec48 (0x00001f17) auipc   t5, 0x1
core   0: 3 0x8000ec48 (0x00001f17) x30 0x8000fc48
core   0: 0x8000ec4c (0x3a3f2c23) sw      gp, 952(t5)
core   0: 3 0x8000ec4c (0x3a3f2c23) mem 0x80010000 0x00000001
core   0: 0x8000ec50 (0x0000bfe5) c.j     pc - 8
core   0: 3 0x8000ec50 (0xbfe5)
core   0: 0x8000ec48 (0x00001f17) auipc   t5, 0x1
core   0: 3 0x8000ec48 (0x00001f17) x30 0x8000fc48
core   0: 0x8000ec4c (0x3a3f2c23) sw      gp, 952(t5)
core   0: 3 0x8000ec4c (0x3a3f2c23) mem 0x80010000 0x00000001
core   0: 0x8000ec50 (0x0000bfe5) c.j     pc - 8
core   0: 3 0x8000ec50 (0xbfe5)
core   0: 0x8000ec48 (0x00001f17) auipc   t5, 0x1
core   0: 3 0x8000ec48 (0x00001f17) x30 0x8000fc48
core   0: 0x8000ec4c (0x3a3f2c23) sw      gp, 952(t5)
core   0: 3 0x8000ec4c (0x3a3f2c23) mem 0x80010000 0x00000001
core   0: 0x8000ec50 (0x0000bfe5) c.j     pc - 8
core   0: 3 0x8000ec50 (0xbfe5)
core   0: 0x8000ec48 (0x00001f17) auipc   t5, 0x1
core   0: 3 0x8000ec48 (0x00001f17) x30 0x8000fc48
core   0: 0x8000ec4c (0x3a3f2c23) sw      gp, 952(t5)
core   0: 3 0x8000ec4c (0x3a3f2c23) mem 0x80010000 0x00000001
core   0: 0x8000ec50 (0x0000bfe5) c.j     pc - 8
core   0: 3 0x8000ec50 (0xbfe5)
core   0: 0x8000ec48 (0x00001f17) auipc   t5, 0x1
core   0: 3 0x8000ec48 (0x00001f17) x30 0x8000fc48
core   0: 0x8000ec4c (0x3a3f2c23) sw      gp, 952(t5)
core   0: 3 0x8000ec4c (0x3a3f2c23) mem 0x80010000 0x00000001
core   0: 0x8000ec50 (0x0000bfe5) c.j     pc - 8
core   0: 3 0x8000ec50 (0xbfe5)
core   0: 0x8000ec48 (0x00001f17) auipc   t5, 0x1
core   0: 3 0x8000ec48 (0x00001f17) x30 0x8000fc48
core   0: 0x8000ec4c (0x3a3f2c23) sw      gp, 952(t5)
core   0: 3 0x8000ec4c (0x3a3f2c23) mem 0x80010000 0x00000001
core   0: 0x8000ec50 (0x0000bfe5) c.j     pc - 8
core   0: 3 0x8000ec50 (0xbfe5)
core   0: 0x8000ec48 (0x00001f17) auipc   t5, 0x1
core   0: 3 0x8000ec48 (0x00001f17) x30 0x8000fc48
core   0: 0x8000ec4c (0x3a3f2c23) sw      gp, 952(t5)
core   0: 3 0x8000ec4c (0x3a3f2c23) mem 0x80010000 0x00000001
core   0: 0x8000ec50 (0x0000bfe5) c.j     pc - 8
core   0: 3 0x8000ec50 (0xbfe5)
core   0: 0x8000ec48 (0x00001f17) auipc   t5, 0x1
core   0: 3 0x8000ec48 (0x00001f17) x30 0x8000fc48
core   0: 0x8000ec4c (0x3a3f2c23) sw      gp, 952(t5)
core   0: 3 0x8000ec4c (0x3a3f2c23) mem 0x80010000 0x00000001
core   0: 0x8000ec50 (0x0000bfe5) c.j     pc - 8
core   0: 3 0x8000ec50 (0xbfe5)
core   0: 0x8000ec48 (0x00001f17) auipc   t5, 0x1
core   0: 3 0x8000ec48 (0x00001f17) x30 0x8000fc48
core   0: 0x8000ec4c (0x3a3f2c23) sw      gp, 952(t5)
core   0: 3 0x8000ec4c (0x3a3f2c23) mem 0x80010000 0x00000001
core   0: 0x8000ec50 (0x0000bfe5) c.j     pc - 8
core   0: 3 0x8000ec50 (0xbfe5)
core   0: 0x8000ec48 (0x00001f17) auipc   t5, 0x1
core   0: 3 0x8000ec48 (0x00001f17) x30 0x8000fc48
core   0: 0x8000ec4c (0x3a3f2c23) sw      gp, 952(t5)
core   0: 3 0x8000ec4c (0x3a3f2c23) mem 0x80010000 0x00000001
core   0: 0x8000ec50 (0x0000bfe5) c.j     pc - 8
core   0: 3 0x8000ec50 (0xbfe5)
core   0: 0x8000ec48 (0x00001f17) auipc   t5, 0x1
core   0: 3 0x8000ec48 (0x00001f17) x30 0x8000fc48
core   0: 0x8000ec4c (0x3a3f2c23) sw      gp, 952(t5)
core   0: 3 0x8000ec4c (0x3a3f2c23) mem 0x80010000 0x00000001
core   0: 0x8000ec50 (0x0000bfe5) c.j     pc - 8
core   0: 3 0x8000ec50 (0xbfe5)
core   0: 0x8000ec48 (0x00001f17) auipc   t5, 0x1
core   0: 3 0x8000ec48 (0x00001f17) x30 0x8000fc48
core   0: 0x8000ec4c (0x3a3f2c23) sw      gp, 952(t5)
core   0: 3 0x8000ec4c (0x3a3f2c23) mem 0x80010000 0x00000001
core   0: 0x8000ec50 (0x0000bfe5) c.j     pc - 8
core   0: 3 0x8000ec50 (0xbfe5)
core   0: 0x8000ec48 (0x00001f17) auipc   t5, 0x1
core   0: 3 0x8000ec48 (0x00001f17) x30 0x8000fc48
core   0: 0x8000ec4c (0x3a3f2c23) sw      gp, 952(t5)
core   0: 3 0x8000ec4c (0x3a3f2c23) mem 0x80010000 0x00000001
core   0: 0x8000ec50 (0x0000bfe5) c.j     pc - 8
core   0: 3 0x8000ec50 (0xbfe5)
core   0: 0x8000ec48 (0x00001f17) auipc   t5, 0x1
core   0: 3 0x8000ec48 (0x00001f17) x30 0x8000fc48
core   0: 0x8000ec4c (0x3a3f2c23) sw      gp, 952(t5)
core   0: 3 0x8000ec4c (0x3a3f2c23) mem 0x80010000 0x00000001
core   0: 0x8000ec50 (0x0000bfe5) c.j     pc - 8
core   0: 3 0x8000ec50 (0xbfe5)
core   0: 0x8000ec48 (0x00001f17) auipc   t5, 0x1
core   0: 3 0x8000ec48 (0x00001f17) x30 0x8000fc48
core   0: 0x8000ec4c (0x3a3f2c23) sw      gp, 952(t5)
core   0: 3 0x8000ec4c (0x3a3f2c23) mem 0x80010000 0x00000001
core   0: 0x8000ec50 (0x0000bfe5) c.j     pc - 8
core   0: 3 0x8000ec50 (0xbfe5)
core   0: 0x8000ec48 (0x00001f17) auipc   t5, 0x1
core   0: 3 0x8000ec48 (0x00001f17) x30 0x8000fc48
core   0: 0x8000ec4c (0x3a3f2c23) sw      gp, 952(t5)
core   0: 3 0x8000ec4c (0x3a3f2c23) mem 0x80010000 0x00000001
core   0: 0x8000ec50 (0x0000bfe5) c.j     pc - 8
core   0: 3 0x8000ec50 (0xbfe5)
core   0: 0x8000ec48 (0x00001f17) auipc   t5, 0x1
core   0: 3 0x8000ec48 (0x00001f17) x30 0x8000fc48
core   0: 0x8000ec4c (0x3a3f2c23) sw      gp, 952(t5)
core   0: 3 0x8000ec4c (0x3a3f2c23) mem 0x80010000 0x00000001
core   0: 0x8000ec50 (0x0000bfe5) c.j     pc - 8
core   0: 3 0x8000ec50 (0xbfe5)
core   0: 0x8000ec48 (0x00001f17) auipc   t5, 0x1
core   0: 3 0x8000ec48 (0x00001f17) x30 0x8000fc48
core   0: 0x8000ec4c (0x3a3f2c23) sw      gp, 952(t5)
core   0: 3 0x8000ec4c (0x3a3f2c23) mem 0x80010000 0x00000001
core   0: 0x8000ec50 (0x0000bfe5) c.j     pc - 8
core   0: 3 0x8000ec50 (0xbfe5)
core   0: 0x8000ec48 (0x00001f17) auipc   t5, 0x1
core   0: 3 0x8000ec48 (0x00001f17) x30 0x8000fc48
core   0: 0x8000ec4c (0x3a3f2c23) sw      gp, 952(t5)
core   0: 3 0x8000ec4c (0x3a3f2c23) mem 0x80010000 0x00000001
core   0: 0x8000ec50 (0x0000bfe5) c.j     pc - 8
core   0: 3 0x8000ec50 (0xbfe5)
core   0: 0x8000ec48 (0x00001f17) auipc   t5, 0x1
core   0: 3 0x8000ec48 (0x00001f17) x30 0x8000fc48
core   0: 0x8000ec4c (0x3a3f2c23) sw      gp, 952(t5)
core   0: 3 0x8000ec4c (0x3a3f2c23) mem 0x80010000 0x00000001
core   0: 0x8000ec50 (0x0000bfe5) c.j     pc - 8
core   0: 3 0x8000ec50 (0xbfe5)
core   0: 0x8000ec48 (0x00001f17) auipc   t5, 0x1
core   0: 3 0x8000ec48 (0x00001f17) x30 0x8000fc48
core   0: 0x8000ec4c (0x3a3f2c23) sw      gp, 952(t5)
core   0: 3 0x8000ec4c (0x3a3f2c23) mem 0x80010000 0x00000001
core   0: 0x8000ec50 (0x0000bfe5) c.j     pc - 8
core   0: 3 0x8000ec50 (0xbfe5)
core   0: 0x8000ec48 (0x00001f17) auipc   t5, 0x1
core   0: 3 0x8000ec48 (0x00001f17) x30 0x8000fc48
core   0: 0x8000ec4c (0x3a3f2c23) sw      gp, 952(t5)
core   0: 3 0x8000ec4c (0x3a3f2c23) mem 0x80010000 0x00000001
core   0: 0x8000ec50 (0x0000bfe5) c.j     pc - 8
core   0: 3 0x8000ec50 (0xbfe5)
core   0: 0x8000ec48 (0x00001f17) auipc   t5, 0x1
core   0: 3 0x8000ec48 (0x00001f17) x30 0x8000fc48
core   0: 0x8000ec4c (0x3a3f2c23) sw      gp, 952(t5)
core   0: 3 0x8000ec4c (0x3a3f2c23) mem 0x80010000 0x00000001
core   0: 0x8000ec50 (0x0000bfe5) c.j     pc - 8
core   0: 3 0x8000ec50 (0xbfe5)
core   0: 0x8000ec48 (0x00001f17) auipc   t5, 0x1
core   0: 3 0x8000ec48 (0x00001f17) x30 0x8000fc48
core   0: 0x8000ec4c (0x3a3f2c23) sw      gp, 952(t5)
core   0: 3 0x8000ec4c (0x3a3f2c23) mem 0x80010000 0x00000001
core   0: 0x8000ec50 (0x0000bfe5) c.j     pc - 8
core   0: 3 0x8000ec50 (0xbfe5)
core   0: 0x8000ec48 (0x00001f17) auipc   t5, 0x1
core   0: 3 0x8000ec48 (0x00001f17) x30 0x8000fc48
core   0: 0x8000ec4c (0x3a3f2c23) sw      gp, 952(t5)
core   0: 3 0x8000ec4c (0x3a3f2c23) mem 0x80010000 0x00000001
core   0: 0x8000ec50 (0x0000bfe5) c.j     pc - 8
core   0: 3 0x8000ec50 (0xbfe5)
core   0: 0x8000ec48 (0x00001f17) auipc   t5, 0x1
core   0: 3 0x8000ec48 (0x00001f17) x30 0x8000fc48
core   0: 0x8000ec4c (0x3a3f2c23) sw      gp, 952(t5)
core   0: 3 0x8000ec4c (0x3a3f2c23) mem 0x80010000 0x00000001
core   0: 0x8000ec50 (0x0000bfe5) c.j     pc - 8
core   0: 3 0x8000ec50 (0xbfe5)
core   0: 0x8000ec48 (0x00001f17) auipc   t5, 0x1
core   0: 3 0x8000ec48 (0x00001f17) x30 0x8000fc48
core   0: 0x8000ec4c (0x3a3f2c23) sw      gp, 952(t5)
core   0: 3 0x8000ec4c (0x3a3f2c23) mem 0x80010000 0x00000001
core   0: 0x8000ec50 (0x0000bfe5) c.j     pc - 8
core   0: 3 0x8000ec50 (0xbfe5)
core   0: 0x8000ec48 (0x00001f17) auipc   t5, 0x1
core   0: 3 0x8000ec48 (0x00001f17) x30 0x8000fc48
core   0: 0x8000ec4c (0x3a3f2c23) sw      gp, 952(t5)
core   0: 3 0x8000ec4c (0x3a3f2c23) mem 0x80010000 0x00000001
core   0: 0x8000ec50 (0x0000bfe5) c.j     pc - 8
core   0: 3 0x8000ec50 (0xbfe5)
core   0: 0x8000ec48 (0x00001f17) auipc   t5, 0x1
core   0: 3 0x8000ec48 (0x00001f17) x30 0x8000fc48
core   0: 0x8000ec4c (0x3a3f2c23) sw      gp, 952(t5)
core   0: 3 0x8000ec4c (0x3a3f2c23) mem 0x80010000 0x00000001
core   0: 0x8000ec50 (0x0000bfe5) c.j     pc - 8
core   0: 3 0x8000ec50 (0xbfe5)
core   0: 0x8000ec48 (0x00001f17) auipc   t5, 0x1
core   0: 3 0x8000ec48 (0x00001f17) x30 0x8000fc48
core   0: 0x8000ec4c (0x3a3f2c23) sw      gp, 952(t5)
core   0: 3 0x8000ec4c (0x3a3f2c23) mem 0x80010000 0x00000001
core   0: 0x8000ec50 (0x0000bfe5) c.j     pc - 8
core   0: 3 0x8000ec50 (0xbfe5)
core   0: 0x8000ec48 (0x00001f17) auipc   t5, 0x1
core   0: 3 0x8000ec48 (0x00001f17) x30 0x8000fc48
core   0: 0x8000ec4c (0x3a3f2c23) sw      gp, 952(t5)
core   0: 3 0x8000ec4c (0x3a3f2c23) mem 0x80010000 0x00000001
core   0: 0x8000ec50 (0x0000bfe5) c.j     pc - 8
core   0: 3 0x8000ec50 (0xbfe5)
core   0: 0x8000ec48 (0x00001f17) auipc   t5, 0x1
core   0: 3 0x8000ec48 (0x00001f17) x30 0x8000fc48
core   0: 0x8000ec4c (0x3a3f2c23) sw      gp, 952(t5)
core   0: 3 0x8000ec4c (0x3a3f2c23) mem 0x80010000 0x00000001
core   0: 0x8000ec50 (0x0000bfe5) c.j     pc - 8
core   0: 3 0x8000ec50 (0xbfe5)
core   0: 0x8000ec48 (0x00001f17) auipc   t5, 0x1
core   0: 3 0x8000ec48 (0x00001f17) x30 0x8000fc48
core   0: 0x8000ec4c (0x3a3f2c23) sw      gp, 952(t5)
core   0: 3 0x8000ec4c (0x3a3f2c23) mem 0x80010000 0x00000001
core   0: 0x8000ec50 (0x0000bfe5) c.j     pc - 8
core   0: 3 0x8000ec50 (0xbfe5)
core   0: 0x8000ec48 (0x00001f17) auipc   t5, 0x1
core   0: 3 0x8000ec48 (0x00001f17) x30 0x8000fc48
core   0: 0x8000ec4c (0x3a3f2c23) sw      gp, 952(t5)
core   0: 3 0x8000ec4c (0x3a3f2c23) mem 0x80010000 0x00000001
core   0: 0x8000ec50 (0x0000bfe5) c.j     pc - 8
core   0: 3 0x8000ec50 (0xbfe5)
core   0: 0x8000ec48 (0x00001f17) auipc   t5, 0x1
core   0: 3 0x8000ec48 (0x00001f17) x30 0x8000fc48
core   0: 0x8000ec4c (0x3a3f2c23) sw      gp, 952(t5)
core   0: 3 0x8000ec4c (0x3a3f2c23) mem 0x80010000 0x00000001
core   0: 0x8000ec50 (0x0000bfe5) c.j     pc - 8
core   0: 3 0x8000ec50 (0xbfe5)
core   0: 0x8000ec48 (0x00001f17) auipc   t5, 0x1
core   0: 3 0x8000ec48 (0x00001f17) x30 0x8000fc48
core   0: 0x8000ec4c (0x3a3f2c23) sw      gp, 952(t5)
core   0: 3 0x8000ec4c (0x3a3f2c23) mem 0x80010000 0x00000001
core   0: 0x8000ec50 (0x0000bfe5) c.j     pc - 8
core   0: 3 0x8000ec50 (0xbfe5)
core   0: 0x8000ec48 (0x00001f17) auipc   t5, 0x1
core   0: 3 0x8000ec48 (0x00001f17) x30 0x8000fc48
core   0: 0x8000ec4c (0x3a3f2c23) sw      gp, 952(t5)
core   0: 3 0x8000ec4c (0x3a3f2c23) mem 0x80010000 0x00000001
core   0: 0x8000ec50 (0x0000bfe5) c.j     pc - 8
core   0: 3 0x8000ec50 (0xbfe5)
core   0: 0x8000ec48 (0x00001f17) auipc   t5, 0x1
core   0: 3 0x8000ec48 (0x00001f17) x30 0x8000fc48
core   0: 0x8000ec4c (0x3a3f2c23) sw      gp, 952(t5)
core   0: 3 0x8000ec4c (0x3a3f2c23) mem 0x80010000 0x00000001
core   0: 0x8000ec50 (0x0000bfe5) c.j     pc - 8
core   0: 3 0x8000ec50 (0xbfe5)
core   0: 0x8000ec48 (0x00001f17) auipc   t5, 0x1
core   0: 3 0x8000ec48 (0x00001f17) x30 0x8000fc48
core   0: 0x8000ec4c (0x3a3f2c23) sw      gp, 952(t5)
core   0: 3 0x8000ec4c (0x3a3f2c23) mem 0x80010000 0x00000001
core   0: 0x8000ec50 (0x0000bfe5) c.j     pc - 8
core   0: 3 0x8000ec50 (0xbfe5)
core   0: 0x8000ec48 (0x00001f17) auipc   t5, 0x1
core   0: 3 0x8000ec48 (0x00001f17) x30 0x8000fc48
core   0: 0x8000ec4c (0x3a3f2c23) sw      gp, 952(t5)
core   0: 3 0x8000ec4c (0x3a3f2c23) mem 0x80010000 0x00000001
core   0: 0x8000ec50 (0x0000bfe5) c.j     pc - 8
core   0: 3 0x8000ec50 (0xbfe5)
core   0: 0x8000ec48 (0x00001f17) auipc   t5, 0x1
core   0: 3 0x8000ec48 (0x00001f17) x30 0x8000fc48
core   0: 0x8000ec4c (0x3a3f2c23) sw      gp, 952(t5)
core   0: 3 0x8000ec4c (0x3a3f2c23) mem 0x80010000 0x00000001
core   0: 0x8000ec50 (0x0000bfe5) c.j     pc - 8
core   0: 3 0x8000ec50 (0xbfe5)
core   0: 0x8000ec48 (0x00001f17) auipc   t5, 0x1
core   0: 3 0x8000ec48 (0x00001f17) x30 0x8000fc48
core   0: 0x8000ec4c (0x3a3f2c23) sw      gp, 952(t5)
core   0: 3 0x8000ec4c (0x3a3f2c23) mem 0x80010000 0x00000001
core   0: 0x8000ec50 (0x0000bfe5) c.j     pc - 8
core   0: 3 0x8000ec50 (0xbfe5)
core   0: 0x8000ec48 (0x00001f17) auipc   t5, 0x1
core   0: 3 0x8000ec48 (0x00001f17) x30 0x8000fc48
core   0: 0x8000ec4c (0x3a3f2c23) sw      gp, 952(t5)
core   0: 3 0x8000ec4c (0x3a3f2c23) mem 0x80010000 0x00000001
core   0: 0x8000ec50 (0x0000bfe5) c.j     pc - 8
core   0: 3 0x8000ec50 (0xbfe5)
core   0: 0x8000ec48 (0x00001f17) auipc   t5, 0x1
core   0: 3 0x8000ec48 (0x00001f17) x30 0x8000fc48
core   0: 0x8000ec4c (0x3a3f2c23) sw      gp, 952(t5)
core   0: 3 0x8000ec4c (0x3a3f2c23) mem 0x80010000 0x00000001
core   0: 0x8000ec50 (0x0000bfe5) c.j     pc - 8
core   0: 3 0x8000ec50 (0xbfe5)
core   0: 0x8000ec48 (0x00001f17) auipc   t5, 0x1
core   0: 3 0x8000ec48 (0x00001f17) x30 0x8000fc48
core   0: 0x8000ec4c (0x3a3f2c23) sw      gp, 952(t5)
core   0: 3 0x8000ec4c (0x3a3f2c23) mem 0x80010000 0x00000001
core   0: 0x8000ec50 (0x0000bfe5) c.j     pc - 8
core   0: 3 0x8000ec50 (0xbfe5)
core   0: 0x8000ec48 (0x00001f17) auipc   t5, 0x1
core   0: 3 0x8000ec48 (0x00001f17) x30 0x8000fc48
core   0: 0x8000ec4c (0x3a3f2c23) sw      gp, 952(t5)
core   0: 3 0x8000ec4c (0x3a3f2c23) mem 0x80010000 0x00000001
core   0: 0x8000ec50 (0x0000bfe5) c.j     pc - 8
core   0: 3 0x8000ec50 (0xbfe5)
core   0: 0x8000ec48 (0x00001f17) auipc   t5, 0x1
core   0: 3 0x8000ec48 (0x00001f17) x30 0x8000fc48
core   0: 0x8000ec4c (0x3a3f2c23) sw      gp, 952(t5)
core   0: 3 0x8000ec4c (0x3a3f2c23) mem 0x80010000 0x00000001
core   0: 0x8000ec50 (0x0000bfe5) c.j     pc - 8
core   0: 3 0x8000ec50 (0xbfe5)
core   0: 0x8000ec48 (0x00001f17) auipc   t5, 0x1
core   0: 3 0x8000ec48 (0x00001f17) x30 0x8000fc48
core   0: 0x8000ec4c (0x3a3f2c23) sw      gp, 952(t5)
core   0: 3 0x8000ec4c (0x3a3f2c23) mem 0x80010000 0x00000001
core   0: 0x8000ec50 (0x0000bfe5) c.j     pc - 8
core   0: 3 0x8000ec50 (0xbfe5)
core   0: 0x8000ec48 (0x00001f17) auipc   t5, 0x1
core   0: 3 0x8000ec48 (0x00001f17) x30 0x8000fc48
core   0: 0x8000ec4c (0x3a3f2c23) sw      gp, 952(t5)
core   0: 3 0x8000ec4c (0x3a3f2c23) mem 0x80010000 0x00000001
core   0: 0x8000ec50 (0x0000bfe5) c.j     pc - 8
core   0: 3 0x8000ec50 (0xbfe5)
core   0: 0x8000ec48 (0x00001f17) auipc   t5, 0x1
core   0: 3 0x8000ec48 (0x00001f17) x30 0x8000fc48
core   0: 0x8000ec4c (0x3a3f2c23) sw      gp, 952(t5)
core   0: 3 0x8000ec4c (0x3a3f2c23) mem 0x80010000 0x00000001
core   0: 0x8000ec50 (0x0000bfe5) c.j     pc - 8
core   0: 3 0x8000ec50 (0xbfe5)
core   0: 0x8000ec48 (0x00001f17) auipc   t5, 0x1
core   0: 3 0x8000ec48 (0x00001f17) x30 0x8000fc48
core   0: 0x8000ec4c (0x3a3f2c23) sw      gp, 952(t5)
core   0: 3 0x8000ec4c (0x3a3f2c23) mem 0x80010000 0x00000001
core   0: 0x8000ec50 (0x0000bfe5) c.j     pc - 8
core   0: 3 0x8000ec50 (0xbfe5)
core   0: 0x8000ec48 (0x00001f17) auipc   t5, 0x1
core   0: 3 0x8000ec48 (0x00001f17) x30 0x8000fc48
core   0: 0x8000ec4c (0x3a3f2c23) sw      gp, 952(t5)
core   0: 3 0x8000ec4c (0x3a3f2c23) mem 0x80010000 0x00000001
core   0: 0x8000ec50 (0x0000bfe5) c.j     pc - 8
core   0: 3 0x8000ec50 (0xbfe5)
core   0: 0x8000ec48 (0x00001f17) auipc   t5, 0x1
core   0: 3 0x8000ec48 (0x00001f17) x30 0x8000fc48
core   0: 0x8000ec4c (0x3a3f2c23) sw      gp, 952(t5)
core   0: 3 0x8000ec4c (0x3a3f2c23) mem 0x80010000 0x00000001
core   0: 0x8000ec50 (0x0000bfe5) c.j     pc - 8
core   0: 3 0x8000ec50 (0xbfe5)
core   0: 0x8000ec48 (0x00001f17) auipc   t5, 0x1
core   0: 3 0x8000ec48 (0x00001f17) x30 0x8000fc48
core   0: 0x8000ec4c (0x3a3f2c23) sw      gp, 952(t5)
core   0: 3 0x8000ec4c (0x3a3f2c23) mem 0x80010000 0x00000001
core   0: 0x8000ec50 (0x0000bfe5) c.j     pc - 8
core   0: 3 0x8000ec50 (0xbfe5)
core   0: 0x8000ec48 (0x00001f17) auipc   t5, 0x1
core   0: 3 0x8000ec48 (0x00001f17) x30 0x8000fc48
core   0: 0x8000ec4c (0x3a3f2c23) sw      gp, 952(t5)
core   0: 3 0x8000ec4c (0x3a3f2c23) mem 0x80010000 0x00000001
core   0: 0x8000ec50 (0x0000bfe5) c.j     pc - 8
core   0: 3 0x8000ec50 (0xbfe5)
core   0: 0x8000ec48 (0x00001f17) auipc   t5, 0x1
core   0: 3 0x8000ec48 (0x00001f17) x30 0x8000fc48
core   0: 0x8000ec4c (0x3a3f2c23) sw      gp, 952(t5)
core   0: 3 0x8000ec4c (0x3a3f2c23) mem 0x80010000 0x00000001
core   0: 0x8000ec50 (0x0000bfe5) c.j     pc - 8
core   0: 3 0x8000ec50 (0xbfe5)
core   0: 0x8000ec48 (0x00001f17) auipc   t5, 0x1
core   0: 3 0x8000ec48 (0x00001f17) x30 0x8000fc48
core   0: 0x8000ec4c (0x3a3f2c23) sw      gp, 952(t5)
core   0: 3 0x8000ec4c (0x3a3f2c23) mem 0x80010000 0x00000001
core   0: 0x8000ec50 (0x0000bfe5) c.j     pc - 8
core   0: 3 0x8000ec50 (0xbfe5)
core   0: 0x8000ec48 (0x00001f17) auipc   t5, 0x1
core   0: 3 0x8000ec48 (0x00001f17) x30 0x8000fc48
core   0: 0x8000ec4c (0x3a3f2c23) sw      gp, 952(t5)
core   0: 3 0x8000ec4c (0x3a3f2c23) mem 0x80010000 0x00000001
core   0: 0x8000ec50 (0x0000bfe5) c.j     pc - 8
core   0: 3 0x8000ec50 (0xbfe5)
core   0: 0x8000ec48 (0x00001f17) auipc   t5, 0x1
core   0: 3 0x8000ec48 (0x00001f17) x30 0x8000fc48
core   0: 0x8000ec4c (0x3a3f2c23) sw      gp, 952(t5)
core   0: 3 0x8000ec4c (0x3a3f2c23) mem 0x80010000 0x00000001
core   0: 0x8000ec50 (0x0000bfe5) c.j     pc - 8
core   0: 3 0x8000ec50 (0xbfe5)
core   0: 0x8000ec48 (0x00001f17) auipc   t5, 0x1
core   0: 3 0x8000ec48 (0x00001f17) x30 0x8000fc48
core   0: 0x8000ec4c (0x3a3f2c23) sw      gp, 952(t5)
core   0: 3 0x8000ec4c (0x3a3f2c23) mem 0x80010000 0x00000001
core   0: 0x8000ec50 (0x0000bfe5) c.j     pc - 8
core   0: 3 0x8000ec50 (0xbfe5)
core   0: 0x8000ec48 (0x00001f17) auipc   t5, 0x1
core   0: 3 0x8000ec48 (0x00001f17) x30 0x8000fc48
core   0: 0x8000ec4c (0x3a3f2c23) sw      gp, 952(t5)
core   0: 3 0x8000ec4c (0x3a3f2c23) mem 0x80010000 0x00000001
core   0: 0x8000ec50 (0x0000bfe5) c.j     pc - 8
core   0: 3 0x8000ec50 (0xbfe5)
core   0: 0x8000ec48 (0x00001f17) auipc   t5, 0x1
core   0: 3 0x8000ec48 (0x00001f17) x30 0x8000fc48
core   0: 0x8000ec4c (0x3a3f2c23) sw      gp, 952(t5)
core   0: 3 0x8000ec4c (0x3a3f2c23) mem 0x80010000 0x00000001
core   0: 0x8000ec50 (0x0000bfe5) c.j     pc - 8
core   0: 3 0x8000ec50 (0xbfe5)
core   0: 0x8000ec48 (0x00001f17) auipc   t5, 0x1
core   0: 3 0x8000ec48 (0x00001f17) x30 0x8000fc48
core   0: 0x8000ec4c (0x3a3f2c23) sw      gp, 952(t5)
core   0: 3 0x8000ec4c (0x3a3f2c23) mem 0x80010000 0x00000001
core   0: 0x8000ec50 (0x0000bfe5) c.j     pc - 8
core   0: 3 0x8000ec50 (0xbfe5)
core   0: 0x8000ec48 (0x00001f17) auipc   t5, 0x1
core   0: 3 0x8000ec48 (0x00001f17) x30 0x8000fc48
core   0: 0x8000ec4c (0x3a3f2c23) sw      gp, 952(t5)
core   0: 3 0x8000ec4c (0x3a3f2c23) mem 0x80010000 0x00000001
core   0: 0x8000ec50 (0x0000bfe5) c.j     pc - 8
core   0: 3 0x8000ec50 (0xbfe5)
core   0: 0x8000ec48 (0x00001f17) auipc   t5, 0x1
core   0: 3 0x8000ec48 (0x00001f17) x30 0x8000fc48
core   0: 0x8000ec4c (0x3a3f2c23) sw      gp, 952(t5)
core   0: 3 0x8000ec4c (0x3a3f2c23) mem 0x80010000 0x00000001
core   0: 0x8000ec50 (0x0000bfe5) c.j     pc - 8
core   0: 3 0x8000ec50 (0xbfe5)
core   0: 0x8000ec48 (0x00001f17) auipc   t5, 0x1
core   0: 3 0x8000ec48 (0x00001f17) x30 0x8000fc48
core   0: 0x8000ec4c (0x3a3f2c23) sw      gp, 952(t5)
core   0: 3 0x8000ec4c (0x3a3f2c23) mem 0x80010000 0x00000001
core   0: 0x8000ec50 (0x0000bfe5) c.j     pc - 8
core   0: 3 0x8000ec50 (0xbfe5)
core   0: 0x8000ec48 (0x00001f17) auipc   t5, 0x1
core   0: 3 0x8000ec48 (0x00001f17) x30 0x8000fc48
core   0: 0x8000ec4c (0x3a3f2c23) sw      gp, 952(t5)
core   0: 3 0x8000ec4c (0x3a3f2c23) mem 0x80010000 0x00000001
core   0: 0x8000ec50 (0x0000bfe5) c.j     pc - 8
core   0: 3 0x8000ec50 (0xbfe5)
core   0: 0x8000ec48 (0x00001f17) auipc   t5, 0x1
core   0: 3 0x8000ec48 (0x00001f17) x30 0x8000fc48
core   0: 0x8000ec4c (0x3a3f2c23) sw      gp, 952(t5)
core   0: 3 0x8000ec4c (0x3a3f2c23) mem 0x80010000 0x00000001
core   0: 0x8000ec50 (0x0000bfe5) c.j     pc - 8
core   0: 3 0x8000ec50 (0xbfe5)
core   0: 0x8000ec48 (0x00001f17) auipc   t5, 0x1
core   0: 3 0x8000ec48 (0x00001f17) x30 0x8000fc48
core   0: 0x8000ec4c (0x3a3f2c23) sw      gp, 952(t5)
core   0: 3 0x8000ec4c (0x3a3f2c23) mem 0x80010000 0x00000001
core   0: 0x8000ec50 (0x0000bfe5) c.j     pc - 8
core   0: 3 0x8000ec50 (0xbfe5)
core   0: 0x8000ec48 (0x00001f17) auipc   t5, 0x1
core   0: 3 0x8000ec48 (0x00001f17) x30 0x8000fc48
core   0: 0x8000ec4c (0x3a3f2c23) sw      gp, 952(t5)
core   0: 3 0x8000ec4c (0x3a3f2c23) mem 0x80010000 0x00000001
core   0: 0x8000ec50 (0x0000bfe5) c.j     pc - 8
core   0: 3 0x8000ec50 (0xbfe5)
core   0: 0x8000ec48 (0x00001f17) auipc   t5, 0x1
core   0: 3 0x8000ec48 (0x00001f17) x30 0x8000fc48
core   0: 0x8000ec4c (0x3a3f2c23) sw      gp, 952(t5)
core   0: 3 0x8000ec4c (0x3a3f2c23) mem 0x80010000 0x00000001
core   0: 0x8000ec50 (0x0000bfe5) c.j     pc - 8
core   0: 3 0x8000ec50 (0xbfe5)
core   0: 0x8000ec48 (0x00001f17) auipc   t5, 0x1
core   0: 3 0x8000ec48 (0x00001f17) x30 0x8000fc48
core   0: 0x8000ec4c (0x3a3f2c23) sw      gp, 952(t5)
core   0: 3 0x8000ec4c (0x3a3f2c23) mem 0x80010000 0x00000001
core   0: 0x8000ec50 (0x0000bfe5) c.j     pc - 8
core   0: 3 0x8000ec50 (0xbfe5)
core   0: 0x8000ec48 (0x00001f17) auipc   t5, 0x1
core   0: 3 0x8000ec48 (0x00001f17) x30 0x8000fc48
core   0: 0x8000ec4c (0x3a3f2c23) sw      gp, 952(t5)
core   0: 3 0x8000ec4c (0x3a3f2c23) mem 0x80010000 0x00000001
core   0: 0x8000ec50 (0x0000bfe5) c.j     pc - 8
core   0: 3 0x8000ec50 (0xbfe5)
core   0: 0x8000ec48 (0x00001f17) auipc   t5, 0x1
core   0: 3 0x8000ec48 (0x00001f17) x30 0x8000fc48
core   0: 0x8000ec4c (0x3a3f2c23) sw      gp, 952(t5)
core   0: 3 0x8000ec4c (0x3a3f2c23) mem 0x80010000 0x00000001
core   0: 0x8000ec50 (0x0000bfe5) c.j     pc - 8
core   0: 3 0x8000ec50 (0xbfe5)
core   0: 0x8000ec48 (0x00001f17) auipc   t5, 0x1
core   0: 3 0x8000ec48 (0x00001f17) x30 0x8000fc48
core   0: 0x8000ec4c (0x3a3f2c23) sw      gp, 952(t5)
core   0: 3 0x8000ec4c (0x3a3f2c23) mem 0x80010000 0x00000001
core   0: 0x8000ec50 (0x0000bfe5) c.j     pc - 8
core   0: 3 0x8000ec50 (0xbfe5)
core   0: 0x8000ec48 (0x00001f17) auipc   t5, 0x1
core   0: 3 0x8000ec48 (0x00001f17) x30 0x8000fc48
core   0: 0x8000ec4c (0x3a3f2c23) sw      gp, 952(t5)
core   0: 3 0x8000ec4c (0x3a3f2c23) mem 0x80010000 0x00000001
core   0: 0x8000ec50 (0x0000bfe5) c.j     pc - 8
core   0: 3 0x8000ec50 (0xbfe5)
core   0: 0x8000ec48 (0x00001f17) auipc   t5, 0x1
core   0: 3 0x8000ec48 (0x00001f17) x30 0x8000fc48
core   0: 0x8000ec4c (0x3a3f2c23) sw      gp, 952(t5)
core   0: 3 0x8000ec4c (0x3a3f2c23) mem 0x80010000 0x00000001
core   0: 0x8000ec50 (0x0000bfe5) c.j     pc - 8
core   0: 3 0x8000ec50 (0xbfe5)
core   0: 0x8000ec48 (0x00001f17) auipc   t5, 0x1
core   0: 3 0x8000ec48 (0x00001f17) x30 0x8000fc48
core   0: 0x8000ec4c (0x3a3f2c23) sw      gp, 952(t5)
core   0: 3 0x8000ec4c (0x3a3f2c23) mem 0x80010000 0x00000001
core   0: 0x8000ec50 (0x0000bfe5) c.j     pc - 8
core   0: 3 0x8000ec50 (0xbfe5)
core   0: 0x8000ec48 (0x00001f17) auipc   t5, 0x1
core   0: 3 0x8000ec48 (0x00001f17) x30 0x8000fc48
core   0: 0x8000ec4c (0x3a3f2c23) sw      gp, 952(t5)
core   0: 3 0x8000ec4c (0x3a3f2c23) mem 0x80010000 0x00000001
core   0: 0x8000ec50 (0x0000bfe5) c.j     pc - 8
core   0: 3 0x8000ec50 (0xbfe5)
core   0: 0x8000ec48 (0x00001f17) auipc   t5, 0x1
core   0: 3 0x8000ec48 (0x00001f17) x30 0x8000fc48
core   0: 0x8000ec4c (0x3a3f2c23) sw      gp, 952(t5)
core   0: 3 0x8000ec4c (0x3a3f2c23) mem 0x80010000 0x00000001
core   0: 0x8000ec50 (0x0000bfe5) c.j     pc - 8
core   0: 3 0x8000ec50 (0xbfe5)
core   0: 0x8000ec48 (0x00001f17) auipc   t5, 0x1
core   0: 3 0x8000ec48 (0x00001f17) x30 0x8000fc48
core   0: 0x8000ec4c (0x3a3f2c23) sw      gp, 952(t5)
core   0: 3 0x8000ec4c (0x3a3f2c23) mem 0x80010000 0x00000001
core   0: 0x8000ec50 (0x0000bfe5) c.j     pc - 8
core   0: 3 0x8000ec50 (0xbfe5)
core   0: 0x8000ec48 (0x00001f17) auipc   t5, 0x1
core   0: 3 0x8000ec48 (0x00001f17) x30 0x8000fc48
core   0: 0x8000ec4c (0x3a3f2c23) sw      gp, 952(t5)
core   0: 3 0x8000ec4c (0x3a3f2c23) mem 0x80010000 0x00000001
core   0: 0x8000ec50 (0x0000bfe5) c.j     pc - 8
core   0: 3 0x8000ec50 (0xbfe5)
core   0: 0x8000ec48 (0x00001f17) auipc   t5, 0x1
core   0: 3 0x8000ec48 (0x00001f17) x30 0x8000fc48
core   0: 0x8000ec4c (0x3a3f2c23) sw      gp, 952(t5)
core   0: 3 0x8000ec4c (0x3a3f2c23) mem 0x80010000 0x00000001
core   0: 0x8000ec50 (0x0000bfe5) c.j     pc - 8
core   0: 3 0x8000ec50 (0xbfe5)
core   0: 0x8000ec48 (0x00001f17) auipc   t5, 0x1
core   0: 3 0x8000ec48 (0x00001f17) x30 0x8000fc48
core   0: 0x8000ec4c (0x3a3f2c23) sw      gp, 952(t5)
core   0: 3 0x8000ec4c (0x3a3f2c23) mem 0x80010000 0x00000001
core   0: 0x8000ec50 (0x0000bfe5) c.j     pc - 8
core   0: 3 0x8000ec50 (0xbfe5)
core   0: 0x8000ec48 (0x00001f17) auipc   t5, 0x1
core   0: 3 0x8000ec48 (0x00001f17) x30 0x8000fc48
core   0: 0x8000ec4c (0x3a3f2c23) sw      gp, 952(t5)
core   0: 3 0x8000ec4c (0x3a3f2c23) mem 0x80010000 0x00000001
core   0: 0x8000ec50 (0x0000bfe5) c.j     pc - 8
core   0: 3 0x8000ec50 (0xbfe5)
core   0: 0x8000ec48 (0x00001f17) auipc   t5, 0x1
core   0: 3 0x8000ec48 (0x00001f17) x30 0x8000fc48
core   0: 0x8000ec4c (0x3a3f2c23) sw      gp, 952(t5)
core   0: 3 0x8000ec4c (0x3a3f2c23) mem 0x80010000 0x00000001
core   0: 0x8000ec50 (0x0000bfe5) c.j     pc - 8
core   0: 3 0x8000ec50 (0xbfe5)
core   0: 0x8000ec48 (0x00001f17) auipc   t5, 0x1
core   0: 3 0x8000ec48 (0x00001f17) x30 0x8000fc48
core   0: 0x8000ec4c (0x3a3f2c23) sw      gp, 952(t5)
core   0: 3 0x8000ec4c (0x3a3f2c23) mem 0x80010000 0x00000001
core   0: 0x8000ec50 (0x0000bfe5) c.j     pc - 8
core   0: 3 0x8000ec50 (0xbfe5)
core   0: 0x8000ec48 (0x00001f17) auipc   t5, 0x1
core   0: 3 0x8000ec48 (0x00001f17) x30 0x8000fc48
core   0: 0x8000ec4c (0x3a3f2c23) sw      gp, 952(t5)
core   0: 3 0x8000ec4c (0x3a3f2c23) mem 0x80010000 0x00000001
core   0: 0x8000ec50 (0x0000bfe5) c.j     pc - 8
core   0: 3 0x8000ec50 (0xbfe5)
core   0: 0x8000ec48 (0x00001f17) auipc   t5, 0x1
core   0: 3 0x8000ec48 (0x00001f17) x30 0x8000fc48
core   0: 0x8000ec4c (0x3a3f2c23) sw      gp, 952(t5)
core   0: 3 0x8000ec4c (0x3a3f2c23) mem 0x80010000 0x00000001
core   0: 0x8000ec50 (0x0000bfe5) c.j     pc - 8
core   0: 3 0x8000ec50 (0xbfe5)
core   0: 0x8000ec48 (0x00001f17) auipc   t5, 0x1
core   0: 3 0x8000ec48 (0x00001f17) x30 0x8000fc48
core   0: 0x8000ec4c (0x3a3f2c23) sw      gp, 952(t5)
core   0: 3 0x8000ec4c (0x3a3f2c23) mem 0x80010000 0x00000001
core   0: 0x8000ec50 (0x0000bfe5) c.j     pc - 8
core   0: 3 0x8000ec50 (0xbfe5)
core   0: 0x8000ec48 (0x00001f17) auipc   t5, 0x1
core   0: 3 0x8000ec48 (0x00001f17) x30 0x8000fc48
core   0: 0x8000ec4c (0x3a3f2c23) sw      gp, 952(t5)
core   0: 3 0x8000ec4c (0x3a3f2c23) mem 0x80010000 0x00000001
core   0: 0x8000ec50 (0x0000bfe5) c.j     pc - 8
core   0: 3 0x8000ec50 (0xbfe5)
core   0: 0x8000ec48 (0x00001f17) auipc   t5, 0x1
core   0: 3 0x8000ec48 (0x00001f17) x30 0x8000fc48
core   0: 0x8000ec4c (0x3a3f2c23) sw      gp, 952(t5)
core   0: 3 0x8000ec4c (0x3a3f2c23) mem 0x80010000 0x00000001
core   0: 0x8000ec50 (0x0000bfe5) c.j     pc - 8
core   0: 3 0x8000ec50 (0xbfe5)
core   0: 0x8000ec48 (0x00001f17) auipc   t5, 0x1
core   0: 3 0x8000ec48 (0x00001f17) x30 0x8000fc48
core   0: 0x8000ec4c (0x3a3f2c23) sw      gp, 952(t5)
core   0: 3 0x8000ec4c (0x3a3f2c23) mem 0x80010000 0x00000001
core   0: 0x8000ec50 (0x0000bfe5) c.j     pc - 8
core   0: 3 0x8000ec50 (0xbfe5)
core   0: 0x8000ec48 (0x00001f17) auipc   t5, 0x1
core   0: 3 0x8000ec48 (0x00001f17) x30 0x8000fc48
core   0: 0x8000ec4c (0x3a3f2c23) sw      gp, 952(t5)
core   0: 3 0x8000ec4c (0x3a3f2c23) mem 0x80010000 0x00000001
core   0: 0x8000ec50 (0x0000bfe5) c.j     pc - 8
core   0: 3 0x8000ec50 (0xbfe5)
core   0: 0x8000ec48 (0x00001f17) auipc   t5, 0x1
core   0: 3 0x8000ec48 (0x00001f17) x30 0x8000fc48
core   0: 0x8000ec4c (0x3a3f2c23) sw      gp, 952(t5)
core   0: 3 0x8000ec4c (0x3a3f2c23) mem 0x80010000 0x00000001
core   0: 0x8000ec50 (0x0000bfe5) c.j     pc - 8
core   0: 3 0x8000ec50 (0xbfe5)
core   0: 0x8000ec48 (0x00001f17) auipc   t5, 0x1
core   0: 3 0x8000ec48 (0x00001f17) x30 0x8000fc48
core   0: 0x8000ec4c (0x3a3f2c23) sw      gp, 952(t5)
core   0: 3 0x8000ec4c (0x3a3f2c23) mem 0x80010000 0x00000001
core   0: 0x8000ec50 (0x0000bfe5) c.j     pc - 8
core   0: 3 0x8000ec50 (0xbfe5)
core   0: 0x8000ec48 (0x00001f17) auipc   t5, 0x1
core   0: 3 0x8000ec48 (0x00001f17) x30 0x8000fc48
core   0: 0x8000ec4c (0x3a3f2c23) sw      gp, 952(t5)
core   0: 3 0x8000ec4c (0x3a3f2c23) mem 0x80010000 0x00000001
core   0: 0x8000ec50 (0x0000bfe5) c.j     pc - 8
core   0: 3 0x8000ec50 (0xbfe5)
core   0: 0x8000ec48 (0x00001f17) auipc   t5, 0x1
core   0: 3 0x8000ec48 (0x00001f17) x30 0x8000fc48
core   0: 0x8000ec4c (0x3a3f2c23) sw      gp, 952(t5)
core   0: 3 0x8000ec4c (0x3a3f2c23) mem 0x80010000 0x00000001
core   0: 0x8000ec50 (0x0000bfe5) c.j     pc - 8
core   0: 3 0x8000ec50 (0xbfe5)
core   0: 0x8000ec48 (0x00001f17) auipc   t5, 0x1
core   0: 3 0x8000ec48 (0x00001f17) x30 0x8000fc48
core   0: 0x8000ec4c (0x3a3f2c23) sw      gp, 952(t5)
core   0: 3 0x8000ec4c (0x3a3f2c23) mem 0x80010000 0x00000001
core   0: 0x8000ec50 (0x0000bfe5) c.j     pc - 8
core   0: 3 0x8000ec50 (0xbfe5)
core   0: 0x8000ec48 (0x00001f17) auipc   t5, 0x1
core   0: 3 0x8000ec48 (0x00001f17) x30 0x8000fc48
core   0: 0x8000ec4c (0x3a3f2c23) sw      gp, 952(t5)
core   0: 3 0x8000ec4c (0x3a3f2c23) mem 0x80010000 0x00000001
core   0: 0x8000ec50 (0x0000bfe5) c.j     pc - 8
core   0: 3 0x8000ec50 (0xbfe5)
core   0: 0x8000ec48 (0x00001f17) auipc   t5, 0x1
core   0: 3 0x8000ec48 (0x00001f17) x30 0x8000fc48
core   0: 0x8000ec4c (0x3a3f2c23) sw      gp, 952(t5)
core   0: 3 0x8000ec4c (0x3a3f2c23) mem 0x80010000 0x00000001
core   0: 0x8000ec50 (0x0000bfe5) c.j     pc - 8
core   0: 3 0x8000ec50 (0xbfe5)
core   0: 0x8000ec48 (0x00001f17) auipc   t5, 0x1
core   0: 3 0x8000ec48 (0x00001f17) x30 0x8000fc48
core   0: 0x8000ec4c (0x3a3f2c23) sw      gp, 952(t5)
core   0: 3 0x8000ec4c (0x3a3f2c23) mem 0x80010000 0x00000001
core   0: 0x8000ec50 (0x0000bfe5) c.j     pc - 8
core   0: 3 0x8000ec50 (0xbfe5)
core   0: 0x8000ec48 (0x00001f17) auipc   t5, 0x1
core   0: 3 0x8000ec48 (0x00001f17) x30 0x8000fc48
core   0: 0x8000ec4c (0x3a3f2c23) sw      gp, 952(t5)
core   0: 3 0x8000ec4c (0x3a3f2c23) mem 0x80010000 0x00000001
core   0: 0x8000ec50 (0x0000bfe5) c.j     pc - 8
core   0: 3 0x8000ec50 (0xbfe5)
core   0: 0x8000ec48 (0x00001f17) auipc   t5, 0x1
core   0: 3 0x8000ec48 (0x00001f17) x30 0x8000fc48
core   0: 0x8000ec4c (0x3a3f2c23) sw      gp, 952(t5)
core   0: 3 0x8000ec4c (0x3a3f2c23) mem 0x80010000 0x00000001
core   0: 0x8000ec50 (0x0000bfe5) c.j     pc - 8
core   0: 3 0x8000ec50 (0xbfe5)
core   0: 0x8000ec48 (0x00001f17) auipc   t5, 0x1
core   0: 3 0x8000ec48 (0x00001f17) x30 0x8000fc48
core   0: 0x8000ec4c (0x3a3f2c23) sw      gp, 952(t5)
core   0: 3 0x8000ec4c (0x3a3f2c23) mem 0x80010000 0x00000001
core   0: 0x8000ec50 (0x0000bfe5) c.j     pc - 8
core   0: 3 0x8000ec50 (0xbfe5)
core   0: 0x8000ec48 (0x00001f17) auipc   t5, 0x1
core   0: 3 0x8000ec48 (0x00001f17) x30 0x8000fc48
core   0: 0x8000ec4c (0x3a3f2c23) sw      gp, 952(t5)
core   0: 3 0x8000ec4c (0x3a3f2c23) mem 0x80010000 0x00000001
core   0: 0x8000ec50 (0x0000bfe5) c.j     pc - 8
core   0: 3 0x8000ec50 (0xbfe5)
core   0: 0x8000ec48 (0x00001f17) auipc   t5, 0x1
core   0: 3 0x8000ec48 (0x00001f17) x30 0x8000fc48
core   0: 0x8000ec4c (0x3a3f2c23) sw      gp, 952(t5)
core   0: 3 0x8000ec4c (0x3a3f2c23) mem 0x80010000 0x00000001
core   0: 0x8000ec50 (0x0000bfe5) c.j     pc - 8
core   0: 3 0x8000ec50 (0xbfe5)
core   0: 0x8000ec48 (0x00001f17) auipc   t5, 0x1
core   0: 3 0x8000ec48 (0x00001f17) x30 0x8000fc48
core   0: 0x8000ec4c (0x3a3f2c23) sw      gp, 952(t5)
core   0: 3 0x8000ec4c (0x3a3f2c23) mem 0x80010000 0x00000001
core   0: 0x8000ec50 (0x0000bfe5) c.j     pc - 8
core   0: 3 0x8000ec50 (0xbfe5)
core   0: 0x8000ec48 (0x00001f17) auipc   t5, 0x1
core   0: 3 0x8000ec48 (0x00001f17) x30 0x8000fc48
core   0: 0x8000ec4c (0x3a3f2c23) sw      gp, 952(t5)
core   0: 3 0x8000ec4c (0x3a3f2c23) mem 0x80010000 0x00000001
core   0: 0x8000ec50 (0x0000bfe5) c.j     pc - 8
core   0: 3 0x8000ec50 (0xbfe5)
core   0: 0x8000ec48 (0x00001f17) auipc   t5, 0x1
core   0: 3 0x8000ec48 (0x00001f17) x30 0x8000fc48
core   0: 0x8000ec4c (0x3a3f2c23) sw      gp, 952(t5)
core   0: 3 0x8000ec4c (0x3a3f2c23) mem 0x80010000 0x00000001
core   0: 0x8000ec50 (0x0000bfe5) c.j     pc - 8
core   0: 3 0x8000ec50 (0xbfe5)
core   0: 0x8000ec48 (0x00001f17) auipc   t5, 0x1
core   0: 3 0x8000ec48 (0x00001f17) x30 0x8000fc48
core   0: 0x8000ec4c (0x3a3f2c23) sw      gp, 952(t5)
core   0: 3 0x8000ec4c (0x3a3f2c23) mem 0x80010000 0x00000001
core   0: 0x8000ec50 (0x0000bfe5) c.j     pc - 8
core   0: 3 0x8000ec50 (0xbfe5)
core   0: 0x8000ec48 (0x00001f17) auipc   t5, 0x1
core   0: 3 0x8000ec48 (0x00001f17) x30 0x8000fc48
core   0: 0x8000ec4c (0x3a3f2c23) sw      gp, 952(t5)
core   0: 3 0x8000ec4c (0x3a3f2c23) mem 0x80010000 0x00000001
core   0: 0x8000ec50 (0x0000bfe5) c.j     pc - 8
core   0: 3 0x8000ec50 (0xbfe5)
core   0: 0x8000ec48 (0x00001f17) auipc   t5, 0x1
core   0: 3 0x8000ec48 (0x00001f17) x30 0x8000fc48
core   0: 0x8000ec4c (0x3a3f2c23) sw      gp, 952(t5)
core   0: 3 0x8000ec4c (0x3a3f2c23) mem 0x80010000 0x00000001
core   0: 0x8000ec50 (0x0000bfe5) c.j     pc - 8
core   0: 3 0x8000ec50 (0xbfe5)
core   0: 0x8000ec48 (0x00001f17) auipc   t5, 0x1
core   0: 3 0x8000ec48 (0x00001f17) x30 0x8000fc48
core   0: 0x8000ec4c (0x3a3f2c23) sw      gp, 952(t5)
core   0: 3 0x8000ec4c (0x3a3f2c23) mem 0x80010000 0x00000001
core   0: 0x8000ec50 (0x0000bfe5) c.j     pc - 8
core   0: 3 0x8000ec50 (0xbfe5)
core   0: 0x8000ec48 (0x00001f17) auipc   t5, 0x1
core   0: 3 0x8000ec48 (0x00001f17) x30 0x8000fc48
core   0: 0x8000ec4c (0x3a3f2c23) sw      gp, 952(t5)
core   0: 3 0x8000ec4c (0x3a3f2c23) mem 0x80010000 0x00000001
core   0: 0x8000ec50 (0x0000bfe5) c.j     pc - 8
core   0: 3 0x8000ec50 (0xbfe5)
core   0: 0x8000ec48 (0x00001f17) auipc   t5, 0x1
core   0: 3 0x8000ec48 (0x00001f17) x30 0x8000fc48
core   0: 0x8000ec4c (0x3a3f2c23) sw      gp, 952(t5)
core   0: 3 0x8000ec4c (0x3a3f2c23) mem 0x80010000 0x00000001
core   0: 0x8000ec50 (0x0000bfe5) c.j     pc - 8
core   0: 3 0x8000ec50 (0xbfe5)
core   0: 0x8000ec48 (0x00001f17) auipc   t5, 0x1
core   0: 3 0x8000ec48 (0x00001f17) x30 0x8000fc48
core   0: 0x8000ec4c (0x3a3f2c23) sw      gp, 952(t5)
core   0: 3 0x8000ec4c (0x3a3f2c23) mem 0x80010000 0x00000001
core   0: 0x8000ec50 (0x0000bfe5) c.j     pc - 8
core   0: 3 0x8000ec50 (0xbfe5)
core   0: 0x8000ec48 (0x00001f17) auipc   t5, 0x1
core   0: 3 0x8000ec48 (0x00001f17) x30 0x8000fc48
core   0: 0x8000ec4c (0x3a3f2c23) sw      gp, 952(t5)
core   0: 3 0x8000ec4c (0x3a3f2c23) mem 0x80010000 0x00000001
core   0: 0x8000ec50 (0x0000bfe5) c.j     pc - 8
core   0: 3 0x8000ec50 (0xbfe5)
core   0: 0x8000ec48 (0x00001f17) auipc   t5, 0x1
core   0: 3 0x8000ec48 (0x00001f17) x30 0x8000fc48
core   0: 0x8000ec4c (0x3a3f2c23) sw      gp, 952(t5)
core   0: 3 0x8000ec4c (0x3a3f2c23) mem 0x80010000 0x00000001
core   0: 0x8000ec50 (0x0000bfe5) c.j     pc - 8
core   0: 3 0x8000ec50 (0xbfe5)
core   0: 0x8000ec48 (0x00001f17) auipc   t5, 0x1
core   0: 3 0x8000ec48 (0x00001f17) x30 0x8000fc48
core   0: 0x8000ec4c (0x3a3f2c23) sw      gp, 952(t5)
core   0: 3 0x8000ec4c (0x3a3f2c23) mem 0x80010000 0x00000001
core   0: 0x8000ec50 (0x0000bfe5) c.j     pc - 8
core   0: 3 0x8000ec50 (0xbfe5)
core   0: 0x8000ec48 (0x00001f17) auipc   t5, 0x1
core   0: 3 0x8000ec48 (0x00001f17) x30 0x8000fc48
core   0: 0x8000ec4c (0x3a3f2c23) sw      gp, 952(t5)
core   0: 3 0x8000ec4c (0x3a3f2c23) mem 0x80010000 0x00000001
core   0: 0x8000ec50 (0x0000bfe5) c.j     pc - 8
core   0: 3 0x8000ec50 (0xbfe5)
core   0: 0x8000ec48 (0x00001f17) auipc   t5, 0x1
core   0: 3 0x8000ec48 (0x00001f17) x30 0x8000fc48
core   0: 0x8000ec4c (0x3a3f2c23) sw      gp, 952(t5)
core   0: 3 0x8000ec4c (0x3a3f2c23) mem 0x80010000 0x00000001
core   0: 0x8000ec50 (0x0000bfe5) c.j     pc - 8
core   0: 3 0x8000ec50 (0xbfe5)
core   0: 0x8000ec48 (0x00001f17) auipc   t5, 0x1
core   0: 3 0x8000ec48 (0x00001f17) x30 0x8000fc48
core   0: 0x8000ec4c (0x3a3f2c23) sw      gp, 952(t5)
core   0: 3 0x8000ec4c (0x3a3f2c23) mem 0x80010000 0x00000001
core   0: 0x8000ec50 (0x0000bfe5) c.j     pc - 8
core   0: 3 0x8000ec50 (0xbfe5)
core   0: 0x8000ec48 (0x00001f17) auipc   t5, 0x1
core   0: 3 0x8000ec48 (0x00001f17) x30 0x8000fc48
core   0: 0x8000ec4c (0x3a3f2c23) sw      gp, 952(t5)
core   0: 3 0x8000ec4c (0x3a3f2c23) mem 0x80010000 0x00000001
core   0: 0x8000ec50 (0x0000bfe5) c.j     pc - 8
core   0: 3 0x8000ec50 (0xbfe5)
core   0: 0x8000ec48 (0x00001f17) auipc   t5, 0x1
core   0: 3 0x8000ec48 (0x00001f17) x30 0x8000fc48
core   0: 0x8000ec4c (0x3a3f2c23) sw      gp, 952(t5)
core   0: 3 0x8000ec4c (0x3a3f2c23) mem 0x80010000 0x00000001
core   0: 0x8000ec50 (0x0000bfe5) c.j     pc - 8
core   0: 3 0x8000ec50 (0xbfe5)
core   0: 0x8000ec48 (0x00001f17) auipc   t5, 0x1
core   0: 3 0x8000ec48 (0x00001f17) x30 0x8000fc48
core   0: 0x8000ec4c (0x3a3f2c23) sw      gp, 952(t5)
core   0: 3 0x8000ec4c (0x3a3f2c23) mem 0x80010000 0x00000001
core   0: 0x8000ec50 (0x0000bfe5) c.j     pc - 8
core   0: 3 0x8000ec50 (0xbfe5)
core   0: 0x8000ec48 (0x00001f17) auipc   t5, 0x1
core   0: 3 0x8000ec48 (0x00001f17) x30 0x8000fc48
core   0: 0x8000ec4c (0x3a3f2c23) sw      gp, 952(t5)
core   0: 3 0x8000ec4c (0x3a3f2c23) mem 0x80010000 0x00000001
core   0: 0x8000ec50 (0x0000bfe5) c.j     pc - 8
core   0: 3 0x8000ec50 (0xbfe5)
core   0: 0x8000ec48 (0x00001f17) auipc   t5, 0x1
core   0: 3 0x8000ec48 (0x00001f17) x30 0x8000fc48
core   0: 0x8000ec4c (0x3a3f2c23) sw      gp, 952(t5)
core   0: 3 0x8000ec4c (0x3a3f2c23) mem 0x80010000 0x00000001
core   0: 0x8000ec50 (0x0000bfe5) c.j     pc - 8
core   0: 3 0x8000ec50 (0xbfe5)
core   0: 0x8000ec48 (0x00001f17) auipc   t5, 0x1
core   0: 3 0x8000ec48 (0x00001f17) x30 0x8000fc48
core   0: 0x8000ec4c (0x3a3f2c23) sw      gp, 952(t5)
core   0: 3 0x8000ec4c (0x3a3f2c23) mem 0x80010000 0x00000001
core   0: 0x8000ec50 (0x0000bfe5) c.j     pc - 8
core   0: 3 0x8000ec50 (0xbfe5)
core   0: 0x8000ec48 (0x00001f17) auipc   t5, 0x1
core   0: 3 0x8000ec48 (0x00001f17) x30 0x8000fc48
core   0: 0x8000ec4c (0x3a3f2c23) sw      gp, 952(t5)
core   0: 3 0x8000ec4c (0x3a3f2c23) mem 0x80010000 0x00000001
core   0: 0x8000ec50 (0x0000bfe5) c.j     pc - 8
core   0: 3 0x8000ec50 (0xbfe5)
core   0: 0x8000ec48 (0x00001f17) auipc   t5, 0x1
core   0: 3 0x8000ec48 (0x00001f17) x30 0x8000fc48
core   0: 0x8000ec4c (0x3a3f2c23) sw      gp, 952(t5)
core   0: 3 0x8000ec4c (0x3a3f2c23) mem 0x80010000 0x00000001
core   0: 0x8000ec50 (0x0000bfe5) c.j     pc - 8
core   0: 3 0x8000ec50 (0xbfe5)
core   0: 0x8000ec48 (0x00001f17) auipc   t5, 0x1
core   0: 3 0x8000ec48 (0x00001f17) x30 0x8000fc48
core   0: 0x8000ec4c (0x3a3f2c23) sw      gp, 952(t5)
core   0: 3 0x8000ec4c (0x3a3f2c23) mem 0x80010000 0x00000001
core   0: 0x8000ec50 (0x0000bfe5) c.j     pc - 8
core   0: 3 0x8000ec50 (0xbfe5)
core   0: 0x8000ec48 (0x00001f17) auipc   t5, 0x1
core   0: 3 0x8000ec48 (0x00001f17) x30 0x8000fc48
core   0: 0x8000ec4c (0x3a3f2c23) sw      gp, 952(t5)
core   0: 3 0x8000ec4c (0x3a3f2c23) mem 0x80010000 0x00000001
core   0: 0x8000ec50 (0x0000bfe5) c.j     pc - 8
core   0: 3 0x8000ec50 (0xbfe5)
core   0: 0x8000ec48 (0x00001f17) auipc   t5, 0x1
core   0: 3 0x8000ec48 (0x00001f17) x30 0x8000fc48
core   0: 0x8000ec4c (0x3a3f2c23) sw      gp, 952(t5)
core   0: 3 0x8000ec4c (0x3a3f2c23) mem 0x80010000 0x00000001
core   0: 0x8000ec50 (0x0000bfe5) c.j     pc - 8
core   0: 3 0x8000ec50 (0xbfe5)
core   0: 0x8000ec48 (0x00001f17) auipc   t5, 0x1
core   0: 3 0x8000ec48 (0x00001f17) x30 0x8000fc48
core   0: 0x8000ec4c (0x3a3f2c23) sw      gp, 952(t5)
core   0: 3 0x8000ec4c (0x3a3f2c23) mem 0x80010000 0x00000001
core   0: 0x8000ec50 (0x0000bfe5) c.j     pc - 8
core   0: 3 0x8000ec50 (0xbfe5)
core   0: 0x8000ec48 (0x00001f17) auipc   t5, 0x1
core   0: 3 0x8000ec48 (0x00001f17) x30 0x8000fc48
core   0: 0x8000ec4c (0x3a3f2c23) sw      gp, 952(t5)
core   0: 3 0x8000ec4c (0x3a3f2c23) mem 0x80010000 0x00000001
core   0: 0x8000ec50 (0x0000bfe5) c.j     pc - 8
core   0: 3 0x8000ec50 (0xbfe5)
core   0: 0x8000ec48 (0x00001f17) auipc   t5, 0x1
core   0: 3 0x8000ec48 (0x00001f17) x30 0x8000fc48
core   0: 0x8000ec4c (0x3a3f2c23) sw      gp, 952(t5)
core   0: 3 0x8000ec4c (0x3a3f2c23) mem 0x80010000 0x00000001
core   0: 0x8000ec50 (0x0000bfe5) c.j     pc - 8
core   0: 3 0x8000ec50 (0xbfe5)
core   0: 0x8000ec48 (0x00001f17) auipc   t5, 0x1
core   0: 3 0x8000ec48 (0x00001f17) x30 0x8000fc48
core   0: 0x8000ec4c (0x3a3f2c23) sw      gp, 952(t5)
core   0: 3 0x8000ec4c (0x3a3f2c23) mem 0x80010000 0x00000001
core   0: 0x8000ec50 (0x0000bfe5) c.j     pc - 8
core   0: 3 0x8000ec50 (0xbfe5)
core   0: 0x8000ec48 (0x00001f17) auipc   t5, 0x1
core   0: 3 0x8000ec48 (0x00001f17) x30 0x8000fc48
core   0: 0x8000ec4c (0x3a3f2c23) sw      gp, 952(t5)
core   0: 3 0x8000ec4c (0x3a3f2c23) mem 0x80010000 0x00000001
core   0: 0x8000ec50 (0x0000bfe5) c.j     pc - 8
core   0: 3 0x8000ec50 (0xbfe5)
core   0: 0x8000ec48 (0x00001f17) auipc   t5, 0x1
core   0: 3 0x8000ec48 (0x00001f17) x30 0x8000fc48
core   0: 0x8000ec4c (0x3a3f2c23) sw      gp, 952(t5)
core   0: 3 0x8000ec4c (0x3a3f2c23) mem 0x80010000 0x00000001
core   0: 0x8000ec50 (0x0000bfe5) c.j     pc - 8
core   0: 3 0x8000ec50 (0xbfe5)
core   0: 0x8000ec48 (0x00001f17) auipc   t5, 0x1
core   0: 3 0x8000ec48 (0x00001f17) x30 0x8000fc48
core   0: 0x8000ec4c (0x3a3f2c23) sw      gp, 952(t5)
core   0: 3 0x8000ec4c (0x3a3f2c23) mem 0x80010000 0x00000001
core   0: 0x8000ec50 (0x0000bfe5) c.j     pc - 8
core   0: 3 0x8000ec50 (0xbfe5)
core   0: 0x8000ec48 (0x00001f17) auipc   t5, 0x1
core   0: 3 0x8000ec48 (0x00001f17) x30 0x8000fc48
core   0: 0x8000ec4c (0x3a3f2c23) sw      gp, 952(t5)
core   0: 3 0x8000ec4c (0x3a3f2c23) mem 0x80010000 0x00000001
core   0: 0x8000ec50 (0x0000bfe5) c.j     pc - 8
core   0: 3 0x8000ec50 (0xbfe5)
core   0: 0x8000ec48 (0x00001f17) auipc   t5, 0x1
core   0: 3 0x8000ec48 (0x00001f17) x30 0x8000fc48
core   0: 0x8000ec4c (0x3a3f2c23) sw      gp, 952(t5)
core   0: 3 0x8000ec4c (0x3a3f2c23) mem 0x80010000 0x00000001
core   0: 0x8000ec50 (0x0000bfe5) c.j     pc - 8
core   0: 3 0x8000ec50 (0xbfe5)
core   0: 0x8000ec48 (0x00001f17) auipc   t5, 0x1
core   0: 3 0x8000ec48 (0x00001f17) x30 0x8000fc48
core   0: 0x8000ec4c (0x3a3f2c23) sw      gp, 952(t5)
core   0: 3 0x8000ec4c (0x3a3f2c23) mem 0x80010000 0x00000001
core   0: 0x8000ec50 (0x0000bfe5) c.j     pc - 8
core   0: 3 0x8000ec50 (0xbfe5)
core   0: 0x8000ec48 (0x00001f17) auipc   t5, 0x1
core   0: 3 0x8000ec48 (0x00001f17) x30 0x8000fc48
core   0: 0x8000ec4c (0x3a3f2c23) sw      gp, 952(t5)
core   0: 3 0x8000ec4c (0x3a3f2c23) mem 0x80010000 0x00000001
core   0: 0x8000ec50 (0x0000bfe5) c.j     pc - 8
core   0: 3 0x8000ec50 (0xbfe5)
core   0: 0x8000ec48 (0x00001f17) auipc   t5, 0x1
core   0: 3 0x8000ec48 (0x00001f17) x30 0x8000fc48
core   0: 0x8000ec4c (0x3a3f2c23) sw      gp, 952(t5)
core   0: 3 0x8000ec4c (0x3a3f2c23) mem 0x80010000 0x00000001
core   0: 0x8000ec50 (0x0000bfe5) c.j     pc - 8
core   0: 3 0x8000ec50 (0xbfe5)
core   0: 0x8000ec48 (0x00001f17) auipc   t5, 0x1
core   0: 3 0x8000ec48 (0x00001f17) x30 0x8000fc48
core   0: 0x8000ec4c (0x3a3f2c23) sw      gp, 952(t5)
core   0: 3 0x8000ec4c (0x3a3f2c23) mem 0x80010000 0x00000001
core   0: 0x8000ec50 (0x0000bfe5) c.j     pc - 8
core   0: 3 0x8000ec50 (0xbfe5)
core   0: 0x8000ec48 (0x00001f17) auipc   t5, 0x1
core   0: 3 0x8000ec48 (0x00001f17) x30 0x8000fc48
core   0: 0x8000ec4c (0x3a3f2c23) sw      gp, 952(t5)
core   0: 3 0x8000ec4c (0x3a3f2c23) mem 0x80010000 0x00000001
core   0: 0x8000ec50 (0x0000bfe5) c.j     pc - 8
core   0: 3 0x8000ec50 (0xbfe5)
core   0: 0x8000ec48 (0x00001f17) auipc   t5, 0x1
core   0: 3 0x8000ec48 (0x00001f17) x30 0x8000fc48
core   0: 0x8000ec4c (0x3a3f2c23) sw      gp, 952(t5)
core   0: 3 0x8000ec4c (0x3a3f2c23) mem 0x80010000 0x00000001
core   0: 0x8000ec50 (0x0000bfe5) c.j     pc - 8
core   0: 3 0x8000ec50 (0xbfe5)
core   0: 0x8000ec48 (0x00001f17) auipc   t5, 0x1
core   0: 3 0x8000ec48 (0x00001f17) x30 0x8000fc48
core   0: 0x8000ec4c (0x3a3f2c23) sw      gp, 952(t5)
core   0: 3 0x8000ec4c (0x3a3f2c23) mem 0x80010000 0x00000001
core   0: 0x8000ec50 (0x0000bfe5) c.j     pc - 8
core   0: 3 0x8000ec50 (0xbfe5)
core   0: 0x8000ec48 (0x00001f17) auipc   t5, 0x1
core   0: 3 0x8000ec48 (0x00001f17) x30 0x8000fc48
core   0: 0x8000ec4c (0x3a3f2c23) sw      gp, 952(t5)
core   0: 3 0x8000ec4c (0x3a3f2c23) mem 0x80010000 0x00000001
core   0: 0x8000ec50 (0x0000bfe5) c.j     pc - 8
core   0: 3 0x8000ec50 (0xbfe5)
core   0: 0x8000ec48 (0x00001f17) auipc   t5, 0x1
core   0: 3 0x8000ec48 (0x00001f17) x30 0x8000fc48
core   0: 0x8000ec4c (0x3a3f2c23) sw      gp, 952(t5)
core   0: 3 0x8000ec4c (0x3a3f2c23) mem 0x80010000 0x00000001
core   0: 0x8000ec50 (0x0000bfe5) c.j     pc - 8
core   0: 3 0x8000ec50 (0xbfe5)
core   0: 0x8000ec48 (0x00001f17) auipc   t5, 0x1
core   0: 3 0x8000ec48 (0x00001f17) x30 0x8000fc48
core   0: 0x8000ec4c (0x3a3f2c23) sw      gp, 952(t5)
core   0: 3 0x8000ec4c (0x3a3f2c23) mem 0x80010000 0x00000001
core   0: 0x8000ec50 (0x0000bfe5) c.j     pc - 8
core   0: 3 0x8000ec50 (0xbfe5)
core   0: 0x8000ec48 (0x00001f17) auipc   t5, 0x1
core   0: 3 0x8000ec48 (0x00001f17) x30 0x8000fc48
core   0: 0x8000ec4c (0x3a3f2c23) sw      gp, 952(t5)
core   0: 3 0x8000ec4c (0x3a3f2c23) mem 0x80010000 0x00000001
core   0: 0x8000ec50 (0x0000bfe5) c.j     pc - 8
core   0: 3 0x8000ec50 (0xbfe5)
core   0: 0x8000ec48 (0x00001f17) auipc   t5, 0x1
core   0: 3 0x8000ec48 (0x00001f17) x30 0x8000fc48
core   0: 0x8000ec4c (0x3a3f2c23) sw      gp, 952(t5)
core   0: 3 0x8000ec4c (0x3a3f2c23) mem 0x80010000 0x00000001
core   0: 0x8000ec50 (0x0000bfe5) c.j     pc - 8
core   0: 3 0x8000ec50 (0xbfe5)
core   0: 0x8000ec48 (0x00001f17) auipc   t5, 0x1
core   0: 3 0x8000ec48 (0x00001f17) x30 0x8000fc48
core   0: 0x8000ec4c (0x3a3f2c23) sw      gp, 952(t5)
core   0: 3 0x8000ec4c (0x3a3f2c23) mem 0x80010000 0x00000001
core   0: 0x8000ec50 (0x0000bfe5) c.j     pc - 8
core   0: 3 0x8000ec50 (0xbfe5)
core   0: 0x8000ec48 (0x00001f17) auipc   t5, 0x1
core   0: 3 0x8000ec48 (0x00001f17) x30 0x8000fc48
core   0: 0x8000ec4c (0x3a3f2c23) sw      gp, 952(t5)
core   0: 3 0x8000ec4c (0x3a3f2c23) mem 0x80010000 0x00000001
core   0: 0x8000ec50 (0x0000bfe5) c.j     pc - 8
core   0: 3 0x8000ec50 (0xbfe5)
core   0: 0x8000ec48 (0x00001f17) auipc   t5, 0x1
core   0: 3 0x8000ec48 (0x00001f17) x30 0x8000fc48
core   0: 0x8000ec4c (0x3a3f2c23) sw      gp, 952(t5)
core   0: 3 0x8000ec4c (0x3a3f2c23) mem 0x80010000 0x00000001
core   0: 0x8000ec50 (0x0000bfe5) c.j     pc - 8
core   0: 3 0x8000ec50 (0xbfe5)
core   0: 0x8000ec48 (0x00001f17) auipc   t5, 0x1
core   0: 3 0x8000ec48 (0x00001f17) x30 0x8000fc48
core   0: 0x8000ec4c (0x3a3f2c23) sw      gp, 952(t5)
core   0: 3 0x8000ec4c (0x3a3f2c23) mem 0x80010000 0x00000001
core   0: 0x8000ec50 (0x0000bfe5) c.j     pc - 8
core   0: 3 0x8000ec50 (0xbfe5)
core   0: 0x8000ec48 (0x00001f17) auipc   t5, 0x1
core   0: 3 0x8000ec48 (0x00001f17) x30 0x8000fc48
core   0: 0x8000ec4c (0x3a3f2c23) sw      gp, 952(t5)
core   0: 3 0x8000ec4c (0x3a3f2c23) mem 0x80010000 0x00000001
core   0: 0x8000ec50 (0x0000bfe5) c.j     pc - 8
core   0: 3 0x8000ec50 (0xbfe5)
core   0: 0x8000ec48 (0x00001f17) auipc   t5, 0x1
core   0: 3 0x8000ec48 (0x00001f17) x30 0x8000fc48
core   0: 0x8000ec4c (0x3a3f2c23) sw      gp, 952(t5)
core   0: 3 0x8000ec4c (0x3a3f2c23) mem 0x80010000 0x00000001
core   0: 0x8000ec50 (0x0000bfe5) c.j     pc - 8
core   0: 3 0x8000ec50 (0xbfe5)
core   0: 0x8000ec48 (0x00001f17) auipc   t5, 0x1
core   0: 3 0x8000ec48 (0x00001f17) x30 0x8000fc48
core   0: 0x8000ec4c (0x3a3f2c23) sw      gp, 952(t5)
core   0: 3 0x8000ec4c (0x3a3f2c23) mem 0x80010000 0x00000001
core   0: 0x8000ec50 (0x0000bfe5) c.j     pc - 8
core   0: 3 0x8000ec50 (0xbfe5)
core   0: 0x8000ec48 (0x00001f17) auipc   t5, 0x1
core   0: 3 0x8000ec48 (0x00001f17) x30 0x8000fc48
core   0: 0x8000ec4c (0x3a3f2c23) sw      gp, 952(t5)
core   0: 3 0x8000ec4c (0x3a3f2c23) mem 0x80010000 0x00000001
core   0: 0x8000ec50 (0x0000bfe5) c.j     pc - 8
core   0: 3 0x8000ec50 (0xbfe5)
core   0: 0x8000ec48 (0x00001f17) auipc   t5, 0x1
core   0: 3 0x8000ec48 (0x00001f17) x30 0x8000fc48
core   0: 0x8000ec4c (0x3a3f2c23) sw      gp, 952(t5)
core   0: 3 0x8000ec4c (0x3a3f2c23) mem 0x80010000 0x00000001
core   0: 0x8000ec50 (0x0000bfe5) c.j     pc - 8
core   0: 3 0x8000ec50 (0xbfe5)
core   0: 0x8000ec48 (0x00001f17) auipc   t5, 0x1
core   0: 3 0x8000ec48 (0x00001f17) x30 0x8000fc48
core   0: 0x8000ec4c (0x3a3f2c23) sw      gp, 952(t5)
core   0: 3 0x8000ec4c (0x3a3f2c23) mem 0x80010000 0x00000001
core   0: 0x8000ec50 (0x0000bfe5) c.j     pc - 8
core   0: 3 0x8000ec50 (0xbfe5)
core   0: 0x8000ec48 (0x00001f17) auipc   t5, 0x1
core   0: 3 0x8000ec48 (0x00001f17) x30 0x8000fc48
core   0: 0x8000ec4c (0x3a3f2c23) sw      gp, 952(t5)
core   0: 3 0x8000ec4c (0x3a3f2c23) mem 0x80010000 0x00000001
core   0: 0x8000ec50 (0x0000bfe5) c.j     pc - 8
core   0: 3 0x8000ec50 (0xbfe5)
core   0: 0x8000ec48 (0x00001f17) auipc   t5, 0x1
core   0: 3 0x8000ec48 (0x00001f17) x30 0x8000fc48
core   0: 0x8000ec4c (0x3a3f2c23) sw      gp, 952(t5)
core   0: 3 0x8000ec4c (0x3a3f2c23) mem 0x80010000 0x00000001
core   0: 0x8000ec50 (0x0000bfe5) c.j     pc - 8
core   0: 3 0x8000ec50 (0xbfe5)
core   0: 0x8000ec48 (0x00001f17) auipc   t5, 0x1
core   0: 3 0x8000ec48 (0x00001f17) x30 0x8000fc48
core   0: 0x8000ec4c (0x3a3f2c23) sw      gp, 952(t5)
core   0: 3 0x8000ec4c (0x3a3f2c23) mem 0x80010000 0x00000001
core   0: 0x8000ec50 (0x0000bfe5) c.j     pc - 8
core   0: 3 0x8000ec50 (0xbfe5)
core   0: 0x8000ec48 (0x00001f17) auipc   t5, 0x1
core   0: 3 0x8000ec48 (0x00001f17) x30 0x8000fc48
core   0: 0x8000ec4c (0x3a3f2c23) sw      gp, 952(t5)
core   0: 3 0x8000ec4c (0x3a3f2c23) mem 0x80010000 0x00000001
core   0: 0x8000ec50 (0x0000bfe5) c.j     pc - 8
core   0: 3 0x8000ec50 (0xbfe5)
core   0: 0x8000ec48 (0x00001f17) auipc   t5, 0x1
core   0: 3 0x8000ec48 (0x00001f17) x30 0x8000fc48
core   0: 0x8000ec4c (0x3a3f2c23) sw      gp, 952(t5)
core   0: 3 0x8000ec4c (0x3a3f2c23) mem 0x80010000 0x00000001
core   0: 0x8000ec50 (0x0000bfe5) c.j     pc - 8
core   0: 3 0x8000ec50 (0xbfe5)
core   0: 0x8000ec48 (0x00001f17) auipc   t5, 0x1
core   0: 3 0x8000ec48 (0x00001f17) x30 0x8000fc48
core   0: 0x8000ec4c (0x3a3f2c23) sw      gp, 952(t5)
core   0: 3 0x8000ec4c (0x3a3f2c23) mem 0x80010000 0x00000001
core   0: 0x8000ec50 (0x0000bfe5) c.j     pc - 8
core   0: 3 0x8000ec50 (0xbfe5)
core   0: 0x8000ec48 (0x00001f17) auipc   t5, 0x1
core   0: 3 0x8000ec48 (0x00001f17) x30 0x8000fc48
core   0: 0x8000ec4c (0x3a3f2c23) sw      gp, 952(t5)
core   0: 3 0x8000ec4c (0x3a3f2c23) mem 0x80010000 0x00000001
core   0: 0x8000ec50 (0x0000bfe5) c.j     pc - 8
core   0: 3 0x8000ec50 (0xbfe5)
core   0: 0x8000ec48 (0x00001f17) auipc   t5, 0x1
core   0: 3 0x8000ec48 (0x00001f17) x30 0x8000fc48
core   0: 0x8000ec4c (0x3a3f2c23) sw      gp, 952(t5)
core   0: 3 0x8000ec4c (0x3a3f2c23) mem 0x80010000 0x00000001
core   0: 0x8000ec50 (0x0000bfe5) c.j     pc - 8
core   0: 3 0x8000ec50 (0xbfe5)
core   0: 0x8000ec48 (0x00001f17) auipc   t5, 0x1
core   0: 3 0x8000ec48 (0x00001f17) x30 0x8000fc48
core   0: 0x8000ec4c (0x3a3f2c23) sw      gp, 952(t5)
core   0: 3 0x8000ec4c (0x3a3f2c23) mem 0x80010000 0x00000001
core   0: 0x8000ec50 (0x0000bfe5) c.j     pc - 8
core   0: 3 0x8000ec50 (0xbfe5)
core   0: 0x8000ec48 (0x00001f17) auipc   t5, 0x1
core   0: 3 0x8000ec48 (0x00001f17) x30 0x8000fc48
core   0: 0x8000ec4c (0x3a3f2c23) sw      gp, 952(t5)
core   0: 3 0x8000ec4c (0x3a3f2c23) mem 0x80010000 0x00000001
core   0: 0x8000ec50 (0x0000bfe5) c.j     pc - 8
core   0: 3 0x8000ec50 (0xbfe5)
core   0: 0x8000ec48 (0x00001f17) auipc   t5, 0x1
core   0: 3 0x8000ec48 (0x00001f17) x30 0x8000fc48
core   0: 0x8000ec4c (0x3a3f2c23) sw      gp, 952(t5)
core   0: 3 0x8000ec4c (0x3a3f2c23) mem 0x80010000 0x00000001
core   0: 0x8000ec50 (0x0000bfe5) c.j     pc - 8
core   0: 3 0x8000ec50 (0xbfe5)
core   0: 0x8000ec48 (0x00001f17) auipc   t5, 0x1
core   0: 3 0x8000ec48 (0x00001f17) x30 0x8000fc48
core   0: 0x8000ec4c (0x3a3f2c23) sw      gp, 952(t5)
core   0: 3 0x8000ec4c (0x3a3f2c23) mem 0x80010000 0x00000001
core   0: 0x8000ec50 (0x0000bfe5) c.j     pc - 8
core   0: 3 0x8000ec50 (0xbfe5)
core   0: 0x8000ec48 (0x00001f17) auipc   t5, 0x1
core   0: 3 0x8000ec48 (0x00001f17) x30 0x8000fc48
core   0: 0x8000ec4c (0x3a3f2c23) sw      gp, 952(t5)
core   0: 3 0x8000ec4c (0x3a3f2c23) mem 0x80010000 0x00000001
core   0: 0x8000ec50 (0x0000bfe5) c.j     pc - 8
core   0: 3 0x8000ec50 (0xbfe5)
core   0: 0x8000ec48 (0x00001f17) auipc   t5, 0x1
core   0: 3 0x8000ec48 (0x00001f17) x30 0x8000fc48
core   0: 0x8000ec4c (0x3a3f2c23) sw      gp, 952(t5)
core   0: 3 0x8000ec4c (0x3a3f2c23) mem 0x80010000 0x00000001
core   0: 0x8000ec50 (0x0000bfe5) c.j     pc - 8
core   0: 3 0x8000ec50 (0xbfe5)
core   0: 0x8000ec48 (0x00001f17) auipc   t5, 0x1
core   0: 3 0x8000ec48 (0x00001f17) x30 0x8000fc48
core   0: 0x8000ec4c (0x3a3f2c23) sw      gp, 952(t5)
core   0: 3 0x8000ec4c (0x3a3f2c23) mem 0x80010000 0x00000001
core   0: 0x8000ec50 (0x0000bfe5) c.j     pc - 8
core   0: 3 0x8000ec50 (0xbfe5)
core   0: 0x8000ec48 (0x00001f17) auipc   t5, 0x1
core   0: 3 0x8000ec48 (0x00001f17) x30 0x8000fc48
core   0: 0x8000ec4c (0x3a3f2c23) sw      gp, 952(t5)
core   0: 3 0x8000ec4c (0x3a3f2c23) mem 0x80010000 0x00000001
core   0: 0x8000ec50 (0x0000bfe5) c.j     pc - 8
core   0: 3 0x8000ec50 (0xbfe5)
core   0: 0x8000ec48 (0x00001f17) auipc   t5, 0x1
core   0: 3 0x8000ec48 (0x00001f17) x30 0x8000fc48
core   0: 0x8000ec4c (0x3a3f2c23) sw      gp, 952(t5)
core   0: 3 0x8000ec4c (0x3a3f2c23) mem 0x80010000 0x00000001
core   0: 0x8000ec50 (0x0000bfe5) c.j     pc - 8
core   0: 3 0x8000ec50 (0xbfe5)
core   0: 0x8000ec48 (0x00001f17) auipc   t5, 0x1
core   0: 3 0x8000ec48 (0x00001f17) x30 0x8000fc48
core   0: 0x8000ec4c (0x3a3f2c23) sw      gp, 952(t5)
core   0: 3 0x8000ec4c (0x3a3f2c23) mem 0x80010000 0x00000001
core   0: 0x8000ec50 (0x0000bfe5) c.j     pc - 8
core   0: 3 0x8000ec50 (0xbfe5)
core   0: 0x8000ec48 (0x00001f17) auipc   t5, 0x1
core   0: 3 0x8000ec48 (0x00001f17) x30 0x8000fc48
core   0: 0x8000ec4c (0x3a3f2c23) sw      gp, 952(t5)
core   0: 3 0x8000ec4c (0x3a3f2c23) mem 0x80010000 0x00000001
core   0: 0x8000ec50 (0x0000bfe5) c.j     pc - 8
core   0: 3 0x8000ec50 (0xbfe5)
core   0: 0x8000ec48 (0x00001f17) auipc   t5, 0x1
core   0: 3 0x8000ec48 (0x00001f17) x30 0x8000fc48
core   0: 0x8000ec4c (0x3a3f2c23) sw      gp, 952(t5)
core   0: 3 0x8000ec4c (0x3a3f2c23) mem 0x80010000 0x00000001
core   0: 0x8000ec50 (0x0000bfe5) c.j     pc - 8
core   0: 3 0x8000ec50 (0xbfe5)
core   0: 0x8000ec48 (0x00001f17) auipc   t5, 0x1
core   0: 3 0x8000ec48 (0x00001f17) x30 0x8000fc48
core   0: 0x8000ec4c (0x3a3f2c23) sw      gp, 952(t5)
core   0: 3 0x8000ec4c (0x3a3f2c23) mem 0x80010000 0x00000001
core   0: 0x8000ec50 (0x0000bfe5) c.j     pc - 8
core   0: 3 0x8000ec50 (0xbfe5)
core   0: 0x8000ec48 (0x00001f17) auipc   t5, 0x1
core   0: 3 0x8000ec48 (0x00001f17) x30 0x8000fc48
core   0: 0x8000ec4c (0x3a3f2c23) sw      gp, 952(t5)
core   0: 3 0x8000ec4c (0x3a3f2c23) mem 0x80010000 0x00000001
core   0: 0x8000ec50 (0x0000bfe5) c.j     pc - 8
core   0: 3 0x8000ec50 (0xbfe5)
core   0: 0x8000ec48 (0x00001f17) auipc   t5, 0x1
core   0: 3 0x8000ec48 (0x00001f17) x30 0x8000fc48
core   0: 0x8000ec4c (0x3a3f2c23) sw      gp, 952(t5)
core   0: 3 0x8000ec4c (0x3a3f2c23) mem 0x80010000 0x00000001
core   0: 0x8000ec50 (0x0000bfe5) c.j     pc - 8
core   0: 3 0x8000ec50 (0xbfe5)
core   0: 0x8000ec48 (0x00001f17) auipc   t5, 0x1
core   0: 3 0x8000ec48 (0x00001f17) x30 0x8000fc48
core   0: 0x8000ec4c (0x3a3f2c23) sw      gp, 952(t5)
core   0: 3 0x8000ec4c (0x3a3f2c23) mem 0x80010000 0x00000001
core   0: 0x8000ec50 (0x0000bfe5) c.j     pc - 8
core   0: 3 0x8000ec50 (0xbfe5)
core   0: 0x8000ec48 (0x00001f17) auipc   t5, 0x1
core   0: 3 0x8000ec48 (0x00001f17) x30 0x8000fc48
core   0: 0x8000ec4c (0x3a3f2c23) sw      gp, 952(t5)
core   0: 3 0x8000ec4c (0x3a3f2c23) mem 0x80010000 0x00000001
core   0: 0x8000ec50 (0x0000bfe5) c.j     pc - 8
core   0: 3 0x8000ec50 (0xbfe5)
core   0: 0x8000ec48 (0x00001f17) auipc   t5, 0x1
core   0: 3 0x8000ec48 (0x00001f17) x30 0x8000fc48
core   0: 0x8000ec4c (0x3a3f2c23) sw      gp, 952(t5)
core   0: 3 0x8000ec4c (0x3a3f2c23) mem 0x80010000 0x00000001
core   0: 0x8000ec50 (0x0000bfe5) c.j     pc - 8
core   0: 3 0x8000ec50 (0xbfe5)
core   0: 0x8000ec48 (0x00001f17) auipc   t5, 0x1
core   0: 3 0x8000ec48 (0x00001f17) x30 0x8000fc48
core   0: 0x8000ec4c (0x3a3f2c23) sw      gp, 952(t5)
core   0: 3 0x8000ec4c (0x3a3f2c23) mem 0x80010000 0x00000001
core   0: 0x8000ec50 (0x0000bfe5) c.j     pc - 8
core   0: 3 0x8000ec50 (0xbfe5)
core   0: 0x8000ec48 (0x00001f17) auipc   t5, 0x1
core   0: 3 0x8000ec48 (0x00001f17) x30 0x8000fc48
core   0: 0x8000ec4c (0x3a3f2c23) sw      gp, 952(t5)
core   0: 3 0x8000ec4c (0x3a3f2c23) mem 0x80010000 0x00000001
core   0: 0x8000ec50 (0x0000bfe5) c.j     pc - 8
core   0: 3 0x8000ec50 (0xbfe5)
core   0: 0x8000ec48 (0x00001f17) auipc   t5, 0x1
core   0: 3 0x8000ec48 (0x00001f17) x30 0x8000fc48
core   0: 0x8000ec4c (0x3a3f2c23) sw      gp, 952(t5)
core   0: 3 0x8000ec4c (0x3a3f2c23) mem 0x80010000 0x00000001
core   0: 0x8000ec50 (0x0000bfe5) c.j     pc - 8
core   0: 3 0x8000ec50 (0xbfe5)
core   0: 0x8000ec48 (0x00001f17) auipc   t5, 0x1
core   0: 3 0x8000ec48 (0x00001f17) x30 0x8000fc48
core   0: 0x8000ec4c (0x3a3f2c23) sw      gp, 952(t5)
core   0: 3 0x8000ec4c (0x3a3f2c23) mem 0x80010000 0x00000001
core   0: 0x8000ec50 (0x0000bfe5) c.j     pc - 8
core   0: 3 0x8000ec50 (0xbfe5)
core   0: 0x8000ec48 (0x00001f17) auipc   t5, 0x1
core   0: 3 0x8000ec48 (0x00001f17) x30 0x8000fc48
core   0: 0x8000ec4c (0x3a3f2c23) sw      gp, 952(t5)
core   0: 3 0x8000ec4c (0x3a3f2c23) mem 0x80010000 0x00000001
core   0: 0x8000ec50 (0x0000bfe5) c.j     pc - 8
core   0: 3 0x8000ec50 (0xbfe5)
core   0: 0x8000ec48 (0x00001f17) auipc   t5, 0x1
core   0: 3 0x8000ec48 (0x00001f17) x30 0x8000fc48
core   0: 0x8000ec4c (0x3a3f2c23) sw      gp, 952(t5)
core   0: 3 0x8000ec4c (0x3a3f2c23) mem 0x80010000 0x00000001
core   0: 0x8000ec50 (0x0000bfe5) c.j     pc - 8
core   0: 3 0x8000ec50 (0xbfe5)
core   0: 0x8000ec48 (0x00001f17) auipc   t5, 0x1
core   0: 3 0x8000ec48 (0x00001f17) x30 0x8000fc48
core   0: 0x8000ec4c (0x3a3f2c23) sw      gp, 952(t5)
core   0: 3 0x8000ec4c (0x3a3f2c23) mem 0x80010000 0x00000001
core   0: 0x8000ec50 (0x0000bfe5) c.j     pc - 8
core   0: 3 0x8000ec50 (0xbfe5)
core   0: 0x8000ec48 (0x00001f17) auipc   t5, 0x1
core   0: 3 0x8000ec48 (0x00001f17) x30 0x8000fc48
core   0: 0x8000ec4c (0x3a3f2c23) sw      gp, 952(t5)
core   0: 3 0x8000ec4c (0x3a3f2c23) mem 0x80010000 0x00000001
core   0: 0x8000ec50 (0x0000bfe5) c.j     pc - 8
core   0: 3 0x8000ec50 (0xbfe5)
core   0: 0x8000ec48 (0x00001f17) auipc   t5, 0x1
core   0: 3 0x8000ec48 (0x00001f17) x30 0x8000fc48
core   0: 0x8000ec4c (0x3a3f2c23) sw      gp, 952(t5)
core   0: 3 0x8000ec4c (0x3a3f2c23) mem 0x80010000 0x00000001
core   0: 0x8000ec50 (0x0000bfe5) c.j     pc - 8
core   0: 3 0x8000ec50 (0xbfe5)
core   0: 0x8000ec48 (0x00001f17) auipc   t5, 0x1
core   0: 3 0x8000ec48 (0x00001f17) x30 0x8000fc48
core   0: 0x8000ec4c (0x3a3f2c23) sw      gp, 952(t5)
core   0: 3 0x8000ec4c (0x3a3f2c23) mem 0x80010000 0x00000001
core   0: 0x8000ec50 (0x0000bfe5) c.j     pc - 8
core   0: 3 0x8000ec50 (0xbfe5)
core   0: 0x8000ec48 (0x00001f17) auipc   t5, 0x1
core   0: 3 0x8000ec48 (0x00001f17) x30 0x8000fc48
core   0: 0x8000ec4c (0x3a3f2c23) sw      gp, 952(t5)
core   0: 3 0x8000ec4c (0x3a3f2c23) mem 0x80010000 0x00000001
core   0: 0x8000ec50 (0x0000bfe5) c.j     pc - 8
core   0: 3 0x8000ec50 (0xbfe5)
core   0: 0x8000ec48 (0x00001f17) auipc   t5, 0x1
core   0: 3 0x8000ec48 (0x00001f17) x30 0x8000fc48
core   0: 0x8000ec4c (0x3a3f2c23) sw      gp, 952(t5)
core   0: 3 0x8000ec4c (0x3a3f2c23) mem 0x80010000 0x00000001
core   0: 0x8000ec50 (0x0000bfe5) c.j     pc - 8
core   0: 3 0x8000ec50 (0xbfe5)
core   0: 0x8000ec48 (0x00001f17) auipc   t5, 0x1
core   0: 3 0x8000ec48 (0x00001f17) x30 0x8000fc48
core   0: 0x8000ec4c (0x3a3f2c23) sw      gp, 952(t5)
core   0: 3 0x8000ec4c (0x3a3f2c23) mem 0x80010000 0x00000001
core   0: 0x8000ec50 (0x0000bfe5) c.j     pc - 8
core   0: 3 0x8000ec50 (0xbfe5)
core   0: 0x8000ec48 (0x00001f17) auipc   t5, 0x1
core   0: 3 0x8000ec48 (0x00001f17) x30 0x8000fc48
core   0: 0x8000ec4c (0x3a3f2c23) sw      gp, 952(t5)
core   0: 3 0x8000ec4c (0x3a3f2c23) mem 0x80010000 0x00000001
core   0: 0x8000ec50 (0x0000bfe5) c.j     pc - 8
core   0: 3 0x8000ec50 (0xbfe5)
core   0: 0x8000ec48 (0x00001f17) auipc   t5, 0x1
core   0: 3 0x8000ec48 (0x00001f17) x30 0x8000fc48
core   0: 0x8000ec4c (0x3a3f2c23) sw      gp, 952(t5)
core   0: 3 0x8000ec4c (0x3a3f2c23) mem 0x80010000 0x00000001
core   0: 0x8000ec50 (0x0000bfe5) c.j     pc - 8
core   0: 3 0x8000ec50 (0xbfe5)
core   0: 0x8000ec48 (0x00001f17) auipc   t5, 0x1
core   0: 3 0x8000ec48 (0x00001f17) x30 0x8000fc48
core   0: 0x8000ec4c (0x3a3f2c23) sw      gp, 952(t5)
core   0: 3 0x8000ec4c (0x3a3f2c23) mem 0x80010000 0x00000001
core   0: 0x8000ec50 (0x0000bfe5) c.j     pc - 8
core   0: 3 0x8000ec50 (0xbfe5)
core   0: 0x8000ec48 (0x00001f17) auipc   t5, 0x1
core   0: 3 0x8000ec48 (0x00001f17) x30 0x8000fc48
core   0: 0x8000ec4c (0x3a3f2c23) sw      gp, 952(t5)
core   0: 3 0x8000ec4c (0x3a3f2c23) mem 0x80010000 0x00000001
core   0: 0x8000ec50 (0x0000bfe5) c.j     pc - 8
core   0: 3 0x8000ec50 (0xbfe5)
core   0: 0x8000ec48 (0x00001f17) auipc   t5, 0x1
core   0: 3 0x8000ec48 (0x00001f17) x30 0x8000fc48
core   0: 0x8000ec4c (0x3a3f2c23) sw      gp, 952(t5)
core   0: 3 0x8000ec4c (0x3a3f2c23) mem 0x80010000 0x00000001
core   0: 0x8000ec50 (0x0000bfe5) c.j     pc - 8
core   0: 3 0x8000ec50 (0xbfe5)
core   0: 0x8000ec48 (0x00001f17) auipc   t5, 0x1
core   0: 3 0x8000ec48 (0x00001f17) x30 0x8000fc48
core   0: 0x8000ec4c (0x3a3f2c23) sw      gp, 952(t5)
core   0: 3 0x8000ec4c (0x3a3f2c23) mem 0x80010000 0x00000001
core   0: 0x8000ec50 (0x0000bfe5) c.j     pc - 8
core   0: 3 0x8000ec50 (0xbfe5)
core   0: 0x8000ec48 (0x00001f17) auipc   t5, 0x1
core   0: 3 0x8000ec48 (0x00001f17) x30 0x8000fc48
core   0: 0x8000ec4c (0x3a3f2c23) sw      gp, 952(t5)
core   0: 3 0x8000ec4c (0x3a3f2c23) mem 0x80010000 0x00000001
core   0: 0x8000ec50 (0x0000bfe5) c.j     pc - 8
core   0: 3 0x8000ec50 (0xbfe5)
core   0: 0x8000ec48 (0x00001f17) auipc   t5, 0x1
core   0: 3 0x8000ec48 (0x00001f17) x30 0x8000fc48
core   0: 0x8000ec4c (0x3a3f2c23) sw      gp, 952(t5)
core   0: 3 0x8000ec4c (0x3a3f2c23) mem 0x80010000 0x00000001
core   0: 0x8000ec50 (0x0000bfe5) c.j     pc - 8
core   0: 3 0x8000ec50 (0xbfe5)
core   0: 0x8000ec48 (0x00001f17) auipc   t5, 0x1
core   0: 3 0x8000ec48 (0x00001f17) x30 0x8000fc48
core   0: 0x8000ec4c (0x3a3f2c23) sw      gp, 952(t5)
core   0: 3 0x8000ec4c (0x3a3f2c23) mem 0x80010000 0x00000001
core   0: 0x8000ec50 (0x0000bfe5) c.j     pc - 8
core   0: 3 0x8000ec50 (0xbfe5)
core   0: 0x8000ec48 (0x00001f17) auipc   t5, 0x1
core   0: 3 0x8000ec48 (0x00001f17) x30 0x8000fc48
core   0: 0x8000ec4c (0x3a3f2c23) sw      gp, 952(t5)
core   0: 3 0x8000ec4c (0x3a3f2c23) mem 0x80010000 0x00000001
core   0: 0x8000ec50 (0x0000bfe5) c.j     pc - 8
core   0: 3 0x8000ec50 (0xbfe5)
core   0: 0x8000ec48 (0x00001f17) auipc   t5, 0x1
core   0: 3 0x8000ec48 (0x00001f17) x30 0x8000fc48
core   0: 0x8000ec4c (0x3a3f2c23) sw      gp, 952(t5)
core   0: 3 0x8000ec4c (0x3a3f2c23) mem 0x80010000 0x00000001
core   0: 0x8000ec50 (0x0000bfe5) c.j     pc - 8
core   0: 3 0x8000ec50 (0xbfe5)
core   0: 0x8000ec48 (0x00001f17) auipc   t5, 0x1
core   0: 3 0x8000ec48 (0x00001f17) x30 0x8000fc48
core   0: 0x8000ec4c (0x3a3f2c23) sw      gp, 952(t5)
core   0: 3 0x8000ec4c (0x3a3f2c23) mem 0x80010000 0x00000001
core   0: 0x8000ec50 (0x0000bfe5) c.j     pc - 8
core   0: 3 0x8000ec50 (0xbfe5)
core   0: 0x8000ec48 (0x00001f17) auipc   t5, 0x1
core   0: 3 0x8000ec48 (0x00001f17) x30 0x8000fc48
core   0: 0x8000ec4c (0x3a3f2c23) sw      gp, 952(t5)
core   0: 3 0x8000ec4c (0x3a3f2c23) mem 0x80010000 0x00000001
core   0: 0x8000ec50 (0x0000bfe5) c.j     pc - 8
core   0: 3 0x8000ec50 (0xbfe5)
core   0: 0x8000ec48 (0x00001f17) auipc   t5, 0x1
core   0: 3 0x8000ec48 (0x00001f17) x30 0x8000fc48
core   0: 0x8000ec4c (0x3a3f2c23) sw      gp, 952(t5)
core   0: 3 0x8000ec4c (0x3a3f2c23) mem 0x80010000 0x00000001
core   0: 0x8000ec50 (0x0000bfe5) c.j     pc - 8
core   0: 3 0x8000ec50 (0xbfe5)
core   0: 0x8000ec48 (0x00001f17) auipc   t5, 0x1
core   0: 3 0x8000ec48 (0x00001f17) x30 0x8000fc48
core   0: 0x8000ec4c (0x3a3f2c23) sw      gp, 952(t5)
core   0: 3 0x8000ec4c (0x3a3f2c23) mem 0x80010000 0x00000001
core   0: 0x8000ec50 (0x0000bfe5) c.j     pc - 8
core   0: 3 0x8000ec50 (0xbfe5)
core   0: 0x8000ec48 (0x00001f17) auipc   t5, 0x1
core   0: 3 0x8000ec48 (0x00001f17) x30 0x8000fc48
core   0: 0x8000ec4c (0x3a3f2c23) sw      gp, 952(t5)
core   0: 3 0x8000ec4c (0x3a3f2c23) mem 0x80010000 0x00000001
core   0: 0x8000ec50 (0x0000bfe5) c.j     pc - 8
core   0: 3 0x8000ec50 (0xbfe5)
core   0: 0x8000ec48 (0x00001f17) auipc   t5, 0x1
core   0: 3 0x8000ec48 (0x00001f17) x30 0x8000fc48
core   0: 0x8000ec4c (0x3a3f2c23) sw      gp, 952(t5)
core   0: 3 0x8000ec4c (0x3a3f2c23) mem 0x80010000 0x00000001
core   0: 0x8000ec50 (0x0000bfe5) c.j     pc - 8
core   0: 3 0x8000ec50 (0xbfe5)
core   0: 0x8000ec48 (0x00001f17) auipc   t5, 0x1
core   0: 3 0x8000ec48 (0x00001f17) x30 0x8000fc48
core   0: 0x8000ec4c (0x3a3f2c23) sw      gp, 952(t5)
core   0: 3 0x8000ec4c (0x3a3f2c23) mem 0x80010000 0x00000001
core   0: 0x8000ec50 (0x0000bfe5) c.j     pc - 8
core   0: 3 0x8000ec50 (0xbfe5)
core   0: 0x8000ec48 (0x00001f17) auipc   t5, 0x1
core   0: 3 0x8000ec48 (0x00001f17) x30 0x8000fc48
core   0: 0x8000ec4c (0x3a3f2c23) sw      gp, 952(t5)
core   0: 3 0x8000ec4c (0x3a3f2c23) mem 0x80010000 0x00000001
core   0: 0x8000ec50 (0x0000bfe5) c.j     pc - 8
core   0: 3 0x8000ec50 (0xbfe5)
core   0: 0x8000ec48 (0x00001f17) auipc   t5, 0x1
core   0: 3 0x8000ec48 (0x00001f17) x30 0x8000fc48
core   0: 0x8000ec4c (0x3a3f2c23) sw      gp, 952(t5)
core   0: 3 0x8000ec4c (0x3a3f2c23) mem 0x80010000 0x00000001
core   0: 0x8000ec50 (0x0000bfe5) c.j     pc - 8
core   0: 3 0x8000ec50 (0xbfe5)
core   0: 0x8000ec48 (0x00001f17) auipc   t5, 0x1
core   0: 3 0x8000ec48 (0x00001f17) x30 0x8000fc48
core   0: 0x8000ec4c (0x3a3f2c23) sw      gp, 952(t5)
core   0: 3 0x8000ec4c (0x3a3f2c23) mem 0x80010000 0x00000001
core   0: 0x8000ec50 (0x0000bfe5) c.j     pc - 8
core   0: 3 0x8000ec50 (0xbfe5)
core   0: 0x8000ec48 (0x00001f17) auipc   t5, 0x1
core   0: 3 0x8000ec48 (0x00001f17) x30 0x8000fc48
core   0: 0x8000ec4c (0x3a3f2c23) sw      gp, 952(t5)
core   0: 3 0x8000ec4c (0x3a3f2c23) mem 0x80010000 0x00000001
core   0: 0x8000ec50 (0x0000bfe5) c.j     pc - 8
core   0: 3 0x8000ec50 (0xbfe5)
core   0: 0x8000ec48 (0x00001f17) auipc   t5, 0x1
core   0: 3 0x8000ec48 (0x00001f17) x30 0x8000fc48
core   0: 0x8000ec4c (0x3a3f2c23) sw      gp, 952(t5)
core   0: 3 0x8000ec4c (0x3a3f2c23) mem 0x80010000 0x00000001
core   0: 0x8000ec50 (0x0000bfe5) c.j     pc - 8
core   0: 3 0x8000ec50 (0xbfe5)
core   0: 0x8000ec48 (0x00001f17) auipc   t5, 0x1
core   0: 3 0x8000ec48 (0x00001f17) x30 0x8000fc48
core   0: 0x8000ec4c (0x3a3f2c23) sw      gp, 952(t5)
core   0: 3 0x8000ec4c (0x3a3f2c23) mem 0x80010000 0x00000001
core   0: 0x8000ec50 (0x0000bfe5) c.j     pc - 8
core   0: 3 0x8000ec50 (0xbfe5)
core   0: 0x8000ec48 (0x00001f17) auipc   t5, 0x1
core   0: 3 0x8000ec48 (0x00001f17) x30 0x8000fc48
core   0: 0x8000ec4c (0x3a3f2c23) sw      gp, 952(t5)
core   0: 3 0x8000ec4c (0x3a3f2c23) mem 0x80010000 0x00000001
core   0: 0x8000ec50 (0x0000bfe5) c.j     pc - 8
core   0: 3 0x8000ec50 (0xbfe5)
core   0: 0x8000ec48 (0x00001f17) auipc   t5, 0x1
core   0: 3 0x8000ec48 (0x00001f17) x30 0x8000fc48
core   0: 0x8000ec4c (0x3a3f2c23) sw      gp, 952(t5)
core   0: 3 0x8000ec4c (0x3a3f2c23) mem 0x80010000 0x00000001
core   0: 0x8000ec50 (0x0000bfe5) c.j     pc - 8
core   0: 3 0x8000ec50 (0xbfe5)
core   0: 0x8000ec48 (0x00001f17) auipc   t5, 0x1
core   0: 3 0x8000ec48 (0x00001f17) x30 0x8000fc48
core   0: 0x8000ec4c (0x3a3f2c23) sw      gp, 952(t5)
core   0: 3 0x8000ec4c (0x3a3f2c23) mem 0x80010000 0x00000001
core   0: 0x8000ec50 (0x0000bfe5) c.j     pc - 8
core   0: 3 0x8000ec50 (0xbfe5)
core   0: 0x8000ec48 (0x00001f17) auipc   t5, 0x1
core   0: 3 0x8000ec48 (0x00001f17) x30 0x8000fc48
core   0: 0x8000ec4c (0x3a3f2c23) sw      gp, 952(t5)
core   0: 3 0x8000ec4c (0x3a3f2c23) mem 0x80010000 0x00000001
core   0: 0x8000ec50 (0x0000bfe5) c.j     pc - 8
core   0: 3 0x8000ec50 (0xbfe5)
core   0: 0x8000ec48 (0x00001f17) auipc   t5, 0x1
core   0: 3 0x8000ec48 (0x00001f17) x30 0x8000fc48
core   0: 0x8000ec4c (0x3a3f2c23) sw      gp, 952(t5)
core   0: 3 0x8000ec4c (0x3a3f2c23) mem 0x80010000 0x00000001
core   0: 0x8000ec50 (0x0000bfe5) c.j     pc - 8
core   0: 3 0x8000ec50 (0xbfe5)
core   0: 0x8000ec48 (0x00001f17) auipc   t5, 0x1
core   0: 3 0x8000ec48 (0x00001f17) x30 0x8000fc48
core   0: 0x8000ec4c (0x3a3f2c23) sw      gp, 952(t5)
core   0: 3 0x8000ec4c (0x3a3f2c23) mem 0x80010000 0x00000001
core   0: 0x8000ec50 (0x0000bfe5) c.j     pc - 8
core   0: 3 0x8000ec50 (0xbfe5)
core   0: 0x8000ec48 (0x00001f17) auipc   t5, 0x1
core   0: 3 0x8000ec48 (0x00001f17) x30 0x8000fc48
core   0: 0x8000ec4c (0x3a3f2c23) sw      gp, 952(t5)
core   0: 3 0x8000ec4c (0x3a3f2c23) mem 0x80010000 0x00000001
core   0: 0x8000ec50 (0x0000bfe5) c.j     pc - 8
core   0: 3 0x8000ec50 (0xbfe5)
core   0: 0x8000ec48 (0x00001f17) auipc   t5, 0x1
core   0: 3 0x8000ec48 (0x00001f17) x30 0x8000fc48
core   0: 0x8000ec4c (0x3a3f2c23) sw      gp, 952(t5)
core   0: 3 0x8000ec4c (0x3a3f2c23) mem 0x80010000 0x00000001
core   0: 0x8000ec50 (0x0000bfe5) c.j     pc - 8
core   0: 3 0x8000ec50 (0xbfe5)
core   0: 0x8000ec48 (0x00001f17) auipc   t5, 0x1
core   0: 3 0x8000ec48 (0x00001f17) x30 0x8000fc48
core   0: 0x8000ec4c (0x3a3f2c23) sw      gp, 952(t5)
core   0: 3 0x8000ec4c (0x3a3f2c23) mem 0x80010000 0x00000001
core   0: 0x8000ec50 (0x0000bfe5) c.j     pc - 8
core   0: 3 0x8000ec50 (0xbfe5)
core   0: 0x8000ec48 (0x00001f17) auipc   t5, 0x1
core   0: 3 0x8000ec48 (0x00001f17) x30 0x8000fc48
core   0: 0x8000ec4c (0x3a3f2c23) sw      gp, 952(t5)
core   0: 3 0x8000ec4c (0x3a3f2c23) mem 0x80010000 0x00000001
core   0: 0x8000ec50 (0x0000bfe5) c.j     pc - 8
core   0: 3 0x8000ec50 (0xbfe5)
core   0: 0x8000ec48 (0x00001f17) auipc   t5, 0x1
core   0: 3 0x8000ec48 (0x00001f17) x30 0x8000fc48
core   0: 0x8000ec4c (0x3a3f2c23) sw      gp, 952(t5)
core   0: 3 0x8000ec4c (0x3a3f2c23) mem 0x80010000 0x00000001
core   0: 0x8000ec50 (0x0000bfe5) c.j     pc - 8
core   0: 3 0x8000ec50 (0xbfe5)
core   0: 0x8000ec48 (0x00001f17) auipc   t5, 0x1
core   0: 3 0x8000ec48 (0x00001f17) x30 0x8000fc48
core   0: 0x8000ec4c (0x3a3f2c23) sw      gp, 952(t5)
core   0: 3 0x8000ec4c (0x3a3f2c23) mem 0x80010000 0x00000001
core   0: 0x8000ec50 (0x0000bfe5) c.j     pc - 8
core   0: 3 0x8000ec50 (0xbfe5)
core   0: 0x8000ec48 (0x00001f17) auipc   t5, 0x1
core   0: 3 0x8000ec48 (0x00001f17) x30 0x8000fc48
core   0: 0x8000ec4c (0x3a3f2c23) sw      gp, 952(t5)
core   0: 3 0x8000ec4c (0x3a3f2c23) mem 0x80010000 0x00000001
core   0: 0x8000ec50 (0x0000bfe5) c.j     pc - 8
core   0: 3 0x8000ec50 (0xbfe5)
core   0: 0x8000ec48 (0x00001f17) auipc   t5, 0x1
core   0: 3 0x8000ec48 (0x00001f17) x30 0x8000fc48
core   0: 0x8000ec4c (0x3a3f2c23) sw      gp, 952(t5)
core   0: 3 0x8000ec4c (0x3a3f2c23) mem 0x80010000 0x00000001
core   0: 0x8000ec50 (0x0000bfe5) c.j     pc - 8
core   0: 3 0x8000ec50 (0xbfe5)
core   0: 0x8000ec48 (0x00001f17) auipc   t5, 0x1
core   0: 3 0x8000ec48 (0x00001f17) x30 0x8000fc48
core   0: 0x8000ec4c (0x3a3f2c23) sw      gp, 952(t5)
core   0: 3 0x8000ec4c (0x3a3f2c23) mem 0x80010000 0x00000001
core   0: 0x8000ec50 (0x0000bfe5) c.j     pc - 8
core   0: 3 0x8000ec50 (0xbfe5)
core   0: 0x8000ec48 (0x00001f17) auipc   t5, 0x1
core   0: 3 0x8000ec48 (0x00001f17) x30 0x8000fc48
core   0: 0x8000ec4c (0x3a3f2c23) sw      gp, 952(t5)
core   0: 3 0x8000ec4c (0x3a3f2c23) mem 0x80010000 0x00000001
core   0: 0x8000ec50 (0x0000bfe5) c.j     pc - 8
core   0: 3 0x8000ec50 (0xbfe5)
core   0: 0x8000ec48 (0x00001f17) auipc   t5, 0x1
core   0: 3 0x8000ec48 (0x00001f17) x30 0x8000fc48
core   0: 0x8000ec4c (0x3a3f2c23) sw      gp, 952(t5)
core   0: 3 0x8000ec4c (0x3a3f2c23) mem 0x80010000 0x00000001
core   0: 0x8000ec50 (0x0000bfe5) c.j     pc - 8
core   0: 3 0x8000ec50 (0xbfe5)
core   0: 0x8000ec48 (0x00001f17) auipc   t5, 0x1
core   0: 3 0x8000ec48 (0x00001f17) x30 0x8000fc48
core   0: 0x8000ec4c (0x3a3f2c23) sw      gp, 952(t5)
core   0: 3 0x8000ec4c (0x3a3f2c23) mem 0x80010000 0x00000001
core   0: 0x8000ec50 (0x0000bfe5) c.j     pc - 8
core   0: 3 0x8000ec50 (0xbfe5)
core   0: 0x8000ec48 (0x00001f17) auipc   t5, 0x1
core   0: 3 0x8000ec48 (0x00001f17) x30 0x8000fc48
core   0: 0x8000ec4c (0x3a3f2c23) sw      gp, 952(t5)
core   0: 3 0x8000ec4c (0x3a3f2c23) mem 0x80010000 0x00000001
core   0: 0x8000ec50 (0x0000bfe5) c.j     pc - 8
core   0: 3 0x8000ec50 (0xbfe5)
core   0: 0x8000ec48 (0x00001f17) auipc   t5, 0x1
core   0: 3 0x8000ec48 (0x00001f17) x30 0x8000fc48
core   0: 0x8000ec4c (0x3a3f2c23) sw      gp, 952(t5)
core   0: 3 0x8000ec4c (0x3a3f2c23) mem 0x80010000 0x00000001
core   0: 0x8000ec50 (0x0000bfe5) c.j     pc - 8
core   0: 3 0x8000ec50 (0xbfe5)
core   0: 0x8000ec48 (0x00001f17) auipc   t5, 0x1
core   0: 3 0x8000ec48 (0x00001f17) x30 0x8000fc48
core   0: 0x8000ec4c (0x3a3f2c23) sw      gp, 952(t5)
core   0: 3 0x8000ec4c (0x3a3f2c23) mem 0x80010000 0x00000001
core   0: 0x8000ec50 (0x0000bfe5) c.j     pc - 8
core   0: 3 0x8000ec50 (0xbfe5)
core   0: 0x8000ec48 (0x00001f17) auipc   t5, 0x1
core   0: 3 0x8000ec48 (0x00001f17) x30 0x8000fc48
core   0: 0x8000ec4c (0x3a3f2c23) sw      gp, 952(t5)
core   0: 3 0x8000ec4c (0x3a3f2c23) mem 0x80010000 0x00000001
core   0: 0x8000ec50 (0x0000bfe5) c.j     pc - 8
core   0: 3 0x8000ec50 (0xbfe5)
core   0: 0x8000ec48 (0x00001f17) auipc   t5, 0x1
core   0: 3 0x8000ec48 (0x00001f17) x30 0x8000fc48
core   0: 0x8000ec4c (0x3a3f2c23) sw      gp, 952(t5)
core   0: 3 0x8000ec4c (0x3a3f2c23) mem 0x80010000 0x00000001
core   0: 0x8000ec50 (0x0000bfe5) c.j     pc - 8
core   0: 3 0x8000ec50 (0xbfe5)
core   0: 0x8000ec48 (0x00001f17) auipc   t5, 0x1
core   0: 3 0x8000ec48 (0x00001f17) x30 0x8000fc48
core   0: 0x8000ec4c (0x3a3f2c23) sw      gp, 952(t5)
core   0: 3 0x8000ec4c (0x3a3f2c23) mem 0x80010000 0x00000001
core   0: 0x8000ec50 (0x0000bfe5) c.j     pc - 8
core   0: 3 0x8000ec50 (0xbfe5)
core   0: 0x8000ec48 (0x00001f17) auipc   t5, 0x1
core   0: 3 0x8000ec48 (0x00001f17) x30 0x8000fc48
core   0: 0x8000ec4c (0x3a3f2c23) sw      gp, 952(t5)
core   0: 3 0x8000ec4c (0x3a3f2c23) mem 0x80010000 0x00000001
core   0: 0x8000ec50 (0x0000bfe5) c.j     pc - 8
core   0: 3 0x8000ec50 (0xbfe5)
core   0: 0x8000ec48 (0x00001f17) auipc   t5, 0x1
core   0: 3 0x8000ec48 (0x00001f17) x30 0x8000fc48
core   0: 0x8000ec4c (0x3a3f2c23) sw      gp, 952(t5)
core   0: 3 0x8000ec4c (0x3a3f2c23) mem 0x80010000 0x00000001
core   0: 0x8000ec50 (0x0000bfe5) c.j     pc - 8
core   0: 3 0x8000ec50 (0xbfe5)
core   0: 0x8000ec48 (0x00001f17) auipc   t5, 0x1
core   0: 3 0x8000ec48 (0x00001f17) x30 0x8000fc48
core   0: 0x8000ec4c (0x3a3f2c23) sw      gp, 952(t5)
core   0: 3 0x8000ec4c (0x3a3f2c23) mem 0x80010000 0x00000001
core   0: 0x8000ec50 (0x0000bfe5) c.j     pc - 8
core   0: 3 0x8000ec50 (0xbfe5)
core   0: 0x8000ec48 (0x00001f17) auipc   t5, 0x1
core   0: 3 0x8000ec48 (0x00001f17) x30 0x8000fc48
core   0: 0x8000ec4c (0x3a3f2c23) sw      gp, 952(t5)
core   0: 3 0x8000ec4c (0x3a3f2c23) mem 0x80010000 0x00000001
core   0: 0x8000ec50 (0x0000bfe5) c.j     pc - 8
core   0: 3 0x8000ec50 (0xbfe5)
core   0: 0x8000ec48 (0x00001f17) auipc   t5, 0x1
core   0: 3 0x8000ec48 (0x00001f17) x30 0x8000fc48
core   0: 0x8000ec4c (0x3a3f2c23) sw      gp, 952(t5)
core   0: 3 0x8000ec4c (0x3a3f2c23) mem 0x80010000 0x00000001
core   0: 0x8000ec50 (0x0000bfe5) c.j     pc - 8
core   0: 3 0x8000ec50 (0xbfe5)
core   0: 0x8000ec48 (0x00001f17) auipc   t5, 0x1
core   0: 3 0x8000ec48 (0x00001f17) x30 0x8000fc48
core   0: 0x8000ec4c (0x3a3f2c23) sw      gp, 952(t5)
core   0: 3 0x8000ec4c (0x3a3f2c23) mem 0x80010000 0x00000001
core   0: 0x8000ec50 (0x0000bfe5) c.j     pc - 8
core   0: 3 0x8000ec50 (0xbfe5)
core   0: 0x8000ec48 (0x00001f17) auipc   t5, 0x1
core   0: 3 0x8000ec48 (0x00001f17) x30 0x8000fc48
core   0: 0x8000ec4c (0x3a3f2c23) sw      gp, 952(t5)
core   0: 3 0x8000ec4c (0x3a3f2c23) mem 0x80010000 0x00000001
core   0: 0x8000ec50 (0x0000bfe5) c.j     pc - 8
core   0: 3 0x8000ec50 (0xbfe5)
core   0: 0x8000ec48 (0x00001f17) auipc   t5, 0x1
core   0: 3 0x8000ec48 (0x00001f17) x30 0x8000fc48
core   0: 0x8000ec4c (0x3a3f2c23) sw      gp, 952(t5)
core   0: 3 0x8000ec4c (0x3a3f2c23) mem 0x80010000 0x00000001
core   0: 0x8000ec50 (0x0000bfe5) c.j     pc - 8
core   0: 3 0x8000ec50 (0xbfe5)
core   0: 0x8000ec48 (0x00001f17) auipc   t5, 0x1
core   0: 3 0x8000ec48 (0x00001f17) x30 0x8000fc48
core   0: 0x8000ec4c (0x3a3f2c23) sw      gp, 952(t5)
core   0: 3 0x8000ec4c (0x3a3f2c23) mem 0x80010000 0x00000001
core   0: 0x8000ec50 (0x0000bfe5) c.j     pc - 8
core   0: 3 0x8000ec50 (0xbfe5)
core   0: 0x8000ec48 (0x00001f17) auipc   t5, 0x1
core   0: 3 0x8000ec48 (0x00001f17) x30 0x8000fc48
core   0: 0x8000ec4c (0x3a3f2c23) sw      gp, 952(t5)
core   0: 3 0x8000ec4c (0x3a3f2c23) mem 0x80010000 0x00000001
core   0: 0x8000ec50 (0x0000bfe5) c.j     pc - 8
core   0: 3 0x8000ec50 (0xbfe5)
core   0: 0x8000ec48 (0x00001f17) auipc   t5, 0x1
core   0: 3 0x8000ec48 (0x00001f17) x30 0x8000fc48
core   0: 0x8000ec4c (0x3a3f2c23) sw      gp, 952(t5)
core   0: 3 0x8000ec4c (0x3a3f2c23) mem 0x80010000 0x00000001
core   0: 0x8000ec50 (0x0000bfe5) c.j     pc - 8
core   0: 3 0x8000ec50 (0xbfe5)
core   0: 0x8000ec48 (0x00001f17) auipc   t5, 0x1
core   0: 3 0x8000ec48 (0x00001f17) x30 0x8000fc48
core   0: 0x8000ec4c (0x3a3f2c23) sw      gp, 952(t5)
core   0: 3 0x8000ec4c (0x3a3f2c23) mem 0x80010000 0x00000001
core   0: 0x8000ec50 (0x0000bfe5) c.j     pc - 8
core   0: 3 0x8000ec50 (0xbfe5)
core   0: 0x8000ec48 (0x00001f17) auipc   t5, 0x1
core   0: 3 0x8000ec48 (0x00001f17) x30 0x8000fc48
core   0: 0x8000ec4c (0x3a3f2c23) sw      gp, 952(t5)
core   0: 3 0x8000ec4c (0x3a3f2c23) mem 0x80010000 0x00000001
core   0: 0x8000ec50 (0x0000bfe5) c.j     pc - 8
core   0: 3 0x8000ec50 (0xbfe5)
core   0: 0x8000ec48 (0x00001f17) auipc   t5, 0x1
core   0: 3 0x8000ec48 (0x00001f17) x30 0x8000fc48
core   0: 0x8000ec4c (0x3a3f2c23) sw      gp, 952(t5)
core   0: 3 0x8000ec4c (0x3a3f2c23) mem 0x80010000 0x00000001
core   0: 0x8000ec50 (0x0000bfe5) c.j     pc - 8
core   0: 3 0x8000ec50 (0xbfe5)
core   0: 0x8000ec48 (0x00001f17) auipc   t5, 0x1
core   0: 3 0x8000ec48 (0x00001f17) x30 0x8000fc48
core   0: 0x8000ec4c (0x3a3f2c23) sw      gp, 952(t5)
core   0: 3 0x8000ec4c (0x3a3f2c23) mem 0x80010000 0x00000001
core   0: 0x8000ec50 (0x0000bfe5) c.j     pc - 8
core   0: 3 0x8000ec50 (0xbfe5)
core   0: 0x8000ec48 (0x00001f17) auipc   t5, 0x1
core   0: 3 0x8000ec48 (0x00001f17) x30 0x8000fc48
core   0: 0x8000ec4c (0x3a3f2c23) sw      gp, 952(t5)
core   0: 3 0x8000ec4c (0x3a3f2c23) mem 0x80010000 0x00000001
core   0: 0x8000ec50 (0x0000bfe5) c.j     pc - 8
core   0: 3 0x8000ec50 (0xbfe5)
core   0: 0x8000ec48 (0x00001f17) auipc   t5, 0x1
core   0: 3 0x8000ec48 (0x00001f17) x30 0x8000fc48
core   0: 0x8000ec4c (0x3a3f2c23) sw      gp, 952(t5)
core   0: 3 0x8000ec4c (0x3a3f2c23) mem 0x80010000 0x00000001
core   0: 0x8000ec50 (0x0000bfe5) c.j     pc - 8
core   0: 3 0x8000ec50 (0xbfe5)
core   0: 0x8000ec48 (0x00001f17) auipc   t5, 0x1
core   0: 3 0x8000ec48 (0x00001f17) x30 0x8000fc48
core   0: 0x8000ec4c (0x3a3f2c23) sw      gp, 952(t5)
core   0: 3 0x8000ec4c (0x3a3f2c23) mem 0x80010000 0x00000001
core   0: 0x8000ec50 (0x0000bfe5) c.j     pc - 8
core   0: 3 0x8000ec50 (0xbfe5)
core   0: 0x8000ec48 (0x00001f17) auipc   t5, 0x1
core   0: 3 0x8000ec48 (0x00001f17) x30 0x8000fc48
core   0: 0x8000ec4c (0x3a3f2c23) sw      gp, 952(t5)
core   0: 3 0x8000ec4c (0x3a3f2c23) mem 0x80010000 0x00000001
core   0: 0x8000ec50 (0x0000bfe5) c.j     pc - 8
core   0: 3 0x8000ec50 (0xbfe5)
core   0: 0x8000ec48 (0x00001f17) auipc   t5, 0x1
core   0: 3 0x8000ec48 (0x00001f17) x30 0x8000fc48
core   0: 0x8000ec4c (0x3a3f2c23) sw      gp, 952(t5)
core   0: 3 0x8000ec4c (0x3a3f2c23) mem 0x80010000 0x00000001
core   0: 0x8000ec50 (0x0000bfe5) c.j     pc - 8
core   0: 3 0x8000ec50 (0xbfe5)
core   0: 0x8000ec48 (0x00001f17) auipc   t5, 0x1
core   0: 3 0x8000ec48 (0x00001f17) x30 0x8000fc48
core   0: 0x8000ec4c (0x3a3f2c23) sw      gp, 952(t5)
core   0: 3 0x8000ec4c (0x3a3f2c23) mem 0x80010000 0x00000001
core   0: 0x8000ec50 (0x0000bfe5) c.j     pc - 8
core   0: 3 0x8000ec50 (0xbfe5)
core   0: 0x8000ec48 (0x00001f17) auipc   t5, 0x1
core   0: 3 0x8000ec48 (0x00001f17) x30 0x8000fc48
core   0: 0x8000ec4c (0x3a3f2c23) sw      gp, 952(t5)
core   0: 3 0x8000ec4c (0x3a3f2c23) mem 0x80010000 0x00000001
core   0: 0x8000ec50 (0x0000bfe5) c.j     pc - 8
core   0: 3 0x8000ec50 (0xbfe5)
core   0: 0x8000ec48 (0x00001f17) auipc   t5, 0x1
core   0: 3 0x8000ec48 (0x00001f17) x30 0x8000fc48
core   0: 0x8000ec4c (0x3a3f2c23) sw      gp, 952(t5)
core   0: 3 0x8000ec4c (0x3a3f2c23) mem 0x80010000 0x00000001
core   0: 0x8000ec50 (0x0000bfe5) c.j     pc - 8
core   0: 3 0x8000ec50 (0xbfe5)
core   0: 0x8000ec48 (0x00001f17) auipc   t5, 0x1
core   0: 3 0x8000ec48 (0x00001f17) x30 0x8000fc48
core   0: 0x8000ec4c (0x3a3f2c23) sw      gp, 952(t5)
core   0: 3 0x8000ec4c (0x3a3f2c23) mem 0x80010000 0x00000001
core   0: 0x8000ec50 (0x0000bfe5) c.j     pc - 8
core   0: 3 0x8000ec50 (0xbfe5)
core   0: 0x8000ec48 (0x00001f17) auipc   t5, 0x1
core   0: 3 0x8000ec48 (0x00001f17) x30 0x8000fc48
core   0: 0x8000ec4c (0x3a3f2c23) sw      gp, 952(t5)
core   0: 3 0x8000ec4c (0x3a3f2c23) mem 0x80010000 0x00000001
core   0: 0x8000ec50 (0x0000bfe5) c.j     pc - 8
core   0: 3 0x8000ec50 (0xbfe5)
core   0: 0x8000ec48 (0x00001f17) auipc   t5, 0x1
core   0: 3 0x8000ec48 (0x00001f17) x30 0x8000fc48
core   0: 0x8000ec4c (0x3a3f2c23) sw      gp, 952(t5)
core   0: 3 0x8000ec4c (0x3a3f2c23) mem 0x80010000 0x00000001
core   0: 0x8000ec50 (0x0000bfe5) c.j     pc - 8
core   0: 3 0x8000ec50 (0xbfe5)
core   0: 0x8000ec48 (0x00001f17) auipc   t5, 0x1
core   0: 3 0x8000ec48 (0x00001f17) x30 0x8000fc48
core   0: 0x8000ec4c (0x3a3f2c23) sw      gp, 952(t5)
core   0: 3 0x8000ec4c (0x3a3f2c23) mem 0x80010000 0x00000001
core   0: 0x8000ec50 (0x0000bfe5) c.j     pc - 8
core   0: 3 0x8000ec50 (0xbfe5)
core   0: 0x8000ec48 (0x00001f17) auipc   t5, 0x1
core   0: 3 0x8000ec48 (0x00001f17) x30 0x8000fc48
core   0: 0x8000ec4c (0x3a3f2c23) sw      gp, 952(t5)
core   0: 3 0x8000ec4c (0x3a3f2c23) mem 0x80010000 0x00000001
core   0: 0x8000ec50 (0x0000bfe5) c.j     pc - 8
core   0: 3 0x8000ec50 (0xbfe5)
core   0: 0x8000ec48 (0x00001f17) auipc   t5, 0x1
core   0: 3 0x8000ec48 (0x00001f17) x30 0x8000fc48
core   0: 0x8000ec4c (0x3a3f2c23) sw      gp, 952(t5)
core   0: 3 0x8000ec4c (0x3a3f2c23) mem 0x80010000 0x00000001
core   0: 0x8000ec50 (0x0000bfe5) c.j     pc - 8
core   0: 3 0x8000ec50 (0xbfe5)
core   0: 0x8000ec48 (0x00001f17) auipc   t5, 0x1
core   0: 3 0x8000ec48 (0x00001f17) x30 0x8000fc48
core   0: 0x8000ec4c (0x3a3f2c23) sw      gp, 952(t5)
core   0: 3 0x8000ec4c (0x3a3f2c23) mem 0x80010000 0x00000001
core   0: 0x8000ec50 (0x0000bfe5) c.j     pc - 8
core   0: 3 0x8000ec50 (0xbfe5)
core   0: 0x8000ec48 (0x00001f17) auipc   t5, 0x1
core   0: 3 0x8000ec48 (0x00001f17) x30 0x8000fc48
core   0: 0x8000ec4c (0x3a3f2c23) sw      gp, 952(t5)
core   0: 3 0x8000ec4c (0x3a3f2c23) mem 0x80010000 0x00000001
core   0: 0x8000ec50 (0x0000bfe5) c.j     pc - 8
core   0: 3 0x8000ec50 (0xbfe5)
core   0: 0x8000ec48 (0x00001f17) auipc   t5, 0x1
core   0: 3 0x8000ec48 (0x00001f17) x30 0x8000fc48
core   0: 0x8000ec4c (0x3a3f2c23) sw      gp, 952(t5)
core   0: 3 0x8000ec4c (0x3a3f2c23) mem 0x80010000 0x00000001
core   0: 0x8000ec50 (0x0000bfe5) c.j     pc - 8
core   0: 3 0x8000ec50 (0xbfe5)
core   0: 0x8000ec48 (0x00001f17) auipc   t5, 0x1
core   0: 3 0x8000ec48 (0x00001f17) x30 0x8000fc48
core   0: 0x8000ec4c (0x3a3f2c23) sw      gp, 952(t5)
core   0: 3 0x8000ec4c (0x3a3f2c23) mem 0x80010000 0x00000001
core   0: 0x8000ec50 (0x0000bfe5) c.j     pc - 8
core   0: 3 0x8000ec50 (0xbfe5)
core   0: 0x8000ec48 (0x00001f17) auipc   t5, 0x1
core   0: 3 0x8000ec48 (0x00001f17) x30 0x8000fc48
core   0: 0x8000ec4c (0x3a3f2c23) sw      gp, 952(t5)
core   0: 3 0x8000ec4c (0x3a3f2c23) mem 0x80010000 0x00000001
core   0: 0x8000ec50 (0x0000bfe5) c.j     pc - 8
core   0: 3 0x8000ec50 (0xbfe5)
core   0: 0x8000ec48 (0x00001f17) auipc   t5, 0x1
core   0: 3 0x8000ec48 (0x00001f17) x30 0x8000fc48
core   0: 0x8000ec4c (0x3a3f2c23) sw      gp, 952(t5)
core   0: 3 0x8000ec4c (0x3a3f2c23) mem 0x80010000 0x00000001
core   0: 0x8000ec50 (0x0000bfe5) c.j     pc - 8
core   0: 3 0x8000ec50 (0xbfe5)
core   0: 0x8000ec48 (0x00001f17) auipc   t5, 0x1
core   0: 3 0x8000ec48 (0x00001f17) x30 0x8000fc48
core   0: 0x8000ec4c (0x3a3f2c23) sw      gp, 952(t5)
core   0: 3 0x8000ec4c (0x3a3f2c23) mem 0x80010000 0x00000001
core   0: 0x8000ec50 (0x0000bfe5) c.j     pc - 8
core   0: 3 0x8000ec50 (0xbfe5)
core   0: 0x8000ec48 (0x00001f17) auipc   t5, 0x1
core   0: 3 0x8000ec48 (0x00001f17) x30 0x8000fc48
core   0: 0x8000ec4c (0x3a3f2c23) sw      gp, 952(t5)
core   0: 3 0x8000ec4c (0x3a3f2c23) mem 0x80010000 0x00000001
core   0: 0x8000ec50 (0x0000bfe5) c.j     pc - 8
core   0: 3 0x8000ec50 (0xbfe5)
core   0: 0x8000ec48 (0x00001f17) auipc   t5, 0x1
core   0: 3 0x8000ec48 (0x00001f17) x30 0x8000fc48
core   0: 0x8000ec4c (0x3a3f2c23) sw      gp, 952(t5)
core   0: 3 0x8000ec4c (0x3a3f2c23) mem 0x80010000 0x00000001
core   0: 0x8000ec50 (0x0000bfe5) c.j     pc - 8
core   0: 3 0x8000ec50 (0xbfe5)
core   0: 0x8000ec48 (0x00001f17) auipc   t5, 0x1
core   0: 3 0x8000ec48 (0x00001f17) x30 0x8000fc48
core   0: 0x8000ec4c (0x3a3f2c23) sw      gp, 952(t5)
core   0: 3 0x8000ec4c (0x3a3f2c23) mem 0x80010000 0x00000001
core   0: 0x8000ec50 (0x0000bfe5) c.j     pc - 8
core   0: 3 0x8000ec50 (0xbfe5)
core   0: 0x8000ec48 (0x00001f17) auipc   t5, 0x1
core   0: 3 0x8000ec48 (0x00001f17) x30 0x8000fc48
core   0: 0x8000ec4c (0x3a3f2c23) sw      gp, 952(t5)
core   0: 3 0x8000ec4c (0x3a3f2c23) mem 0x80010000 0x00000001
core   0: 0x8000ec50 (0x0000bfe5) c.j     pc - 8
core   0: 3 0x8000ec50 (0xbfe5)
core   0: 0x8000ec48 (0x00001f17) auipc   t5, 0x1
core   0: 3 0x8000ec48 (0x00001f17) x30 0x8000fc48
core   0: 0x8000ec4c (0x3a3f2c23) sw      gp, 952(t5)
core   0: 3 0x8000ec4c (0x3a3f2c23) mem 0x80010000 0x00000001
core   0: 0x8000ec50 (0x0000bfe5) c.j     pc - 8
core   0: 3 0x8000ec50 (0xbfe5)
core   0: 0x8000ec48 (0x00001f17) auipc   t5, 0x1
core   0: 3 0x8000ec48 (0x00001f17) x30 0x8000fc48
core   0: 0x8000ec4c (0x3a3f2c23) sw      gp, 952(t5)
core   0: 3 0x8000ec4c (0x3a3f2c23) mem 0x80010000 0x00000001
core   0: 0x8000ec50 (0x0000bfe5) c.j     pc - 8
core   0: 3 0x8000ec50 (0xbfe5)
core   0: 0x8000ec48 (0x00001f17) auipc   t5, 0x1
core   0: 3 0x8000ec48 (0x00001f17) x30 0x8000fc48
core   0: 0x8000ec4c (0x3a3f2c23) sw      gp, 952(t5)
core   0: 3 0x8000ec4c (0x3a3f2c23) mem 0x80010000 0x00000001
core   0: 0x8000ec50 (0x0000bfe5) c.j     pc - 8
core   0: 3 0x8000ec50 (0xbfe5)
core   0: 0x8000ec48 (0x00001f17) auipc   t5, 0x1
core   0: 3 0x8000ec48 (0x00001f17) x30 0x8000fc48
core   0: 0x8000ec4c (0x3a3f2c23) sw      gp, 952(t5)
core   0: 3 0x8000ec4c (0x3a3f2c23) mem 0x80010000 0x00000001
core   0: 0x8000ec50 (0x0000bfe5) c.j     pc - 8
core   0: 3 0x8000ec50 (0xbfe5)
core   0: 0x8000ec48 (0x00001f17) auipc   t5, 0x1
core   0: 3 0x8000ec48 (0x00001f17) x30 0x8000fc48
core   0: 0x8000ec4c (0x3a3f2c23) sw      gp, 952(t5)
core   0: 3 0x8000ec4c (0x3a3f2c23) mem 0x80010000 0x00000001
core   0: 0x8000ec50 (0x0000bfe5) c.j     pc - 8
core   0: 3 0x8000ec50 (0xbfe5)
core   0: 0x8000ec48 (0x00001f17) auipc   t5, 0x1
core   0: 3 0x8000ec48 (0x00001f17) x30 0x8000fc48
core   0: 0x8000ec4c (0x3a3f2c23) sw      gp, 952(t5)
core   0: 3 0x8000ec4c (0x3a3f2c23) mem 0x80010000 0x00000001
core   0: 0x8000ec50 (0x0000bfe5) c.j     pc - 8
core   0: 3 0x8000ec50 (0xbfe5)
core   0: 0x8000ec48 (0x00001f17) auipc   t5, 0x1
core   0: 3 0x8000ec48 (0x00001f17) x30 0x8000fc48
core   0: 0x8000ec4c (0x3a3f2c23) sw      gp, 952(t5)
core   0: 3 0x8000ec4c (0x3a3f2c23) mem 0x80010000 0x00000001
core   0: 0x8000ec50 (0x0000bfe5) c.j     pc - 8
core   0: 3 0x8000ec50 (0xbfe5)
core   0: 0x8000ec48 (0x00001f17) auipc   t5, 0x1
core   0: 3 0x8000ec48 (0x00001f17) x30 0x8000fc48
core   0: 0x8000ec4c (0x3a3f2c23) sw      gp, 952(t5)
core   0: 3 0x8000ec4c (0x3a3f2c23) mem 0x80010000 0x00000001
core   0: 0x8000ec50 (0x0000bfe5) c.j     pc - 8
core   0: 3 0x8000ec50 (0xbfe5)
core   0: 0x8000ec48 (0x00001f17) auipc   t5, 0x1
core   0: 3 0x8000ec48 (0x00001f17) x30 0x8000fc48
core   0: 0x8000ec4c (0x3a3f2c23) sw      gp, 952(t5)
core   0: 3 0x8000ec4c (0x3a3f2c23) mem 0x80010000 0x00000001
core   0: 0x8000ec50 (0x0000bfe5) c.j     pc - 8
core   0: 3 0x8000ec50 (0xbfe5)
core   0: 0x8000ec48 (0x00001f17) auipc   t5, 0x1
core   0: 3 0x8000ec48 (0x00001f17) x30 0x8000fc48
core   0: 0x8000ec4c (0x3a3f2c23) sw      gp, 952(t5)
core   0: 3 0x8000ec4c (0x3a3f2c23) mem 0x80010000 0x00000001
core   0: 0x8000ec50 (0x0000bfe5) c.j     pc - 8
core   0: 3 0x8000ec50 (0xbfe5)
core   0: 0x8000ec48 (0x00001f17) auipc   t5, 0x1
core   0: 3 0x8000ec48 (0x00001f17) x30 0x8000fc48
core   0: 0x8000ec4c (0x3a3f2c23) sw      gp, 952(t5)
core   0: 3 0x8000ec4c (0x3a3f2c23) mem 0x80010000 0x00000001
core   0: 0x8000ec50 (0x0000bfe5) c.j     pc - 8
core   0: 3 0x8000ec50 (0xbfe5)
core   0: 0x8000ec48 (0x00001f17) auipc   t5, 0x1
core   0: 3 0x8000ec48 (0x00001f17) x30 0x8000fc48
core   0: 0x8000ec4c (0x3a3f2c23) sw      gp, 952(t5)
core   0: 3 0x8000ec4c (0x3a3f2c23) mem 0x80010000 0x00000001
core   0: 0x8000ec50 (0x0000bfe5) c.j     pc - 8
core   0: 3 0x8000ec50 (0xbfe5)
core   0: 0x8000ec48 (0x00001f17) auipc   t5, 0x1
core   0: 3 0x8000ec48 (0x00001f17) x30 0x8000fc48
core   0: 0x8000ec4c (0x3a3f2c23) sw      gp, 952(t5)
core   0: 3 0x8000ec4c (0x3a3f2c23) mem 0x80010000 0x00000001
core   0: 0x8000ec50 (0x0000bfe5) c.j     pc - 8
core   0: 3 0x8000ec50 (0xbfe5)
core   0: 0x8000ec48 (0x00001f17) auipc   t5, 0x1
core   0: 3 0x8000ec48 (0x00001f17) x30 0x8000fc48
core   0: 0x8000ec4c (0x3a3f2c23) sw      gp, 952(t5)
core   0: 3 0x8000ec4c (0x3a3f2c23) mem 0x80010000 0x00000001
core   0: 0x8000ec50 (0x0000bfe5) c.j     pc - 8
core   0: 3 0x8000ec50 (0xbfe5)
core   0: 0x8000ec48 (0x00001f17) auipc   t5, 0x1
core   0: 3 0x8000ec48 (0x00001f17) x30 0x8000fc48
core   0: 0x8000ec4c (0x3a3f2c23) sw      gp, 952(t5)
core   0: 3 0x8000ec4c (0x3a3f2c23) mem 0x80010000 0x00000001
core   0: 0x8000ec50 (0x0000bfe5) c.j     pc - 8
core   0: 3 0x8000ec50 (0xbfe5)
core   0: 0x8000ec48 (0x00001f17) auipc   t5, 0x1
core   0: 3 0x8000ec48 (0x00001f17) x30 0x8000fc48
core   0: 0x8000ec4c (0x3a3f2c23) sw      gp, 952(t5)
core   0: 3 0x8000ec4c (0x3a3f2c23) mem 0x80010000 0x00000001
core   0: 0x8000ec50 (0x0000bfe5) c.j     pc - 8
core   0: 3 0x8000ec50 (0xbfe5)
core   0: 0x8000ec48 (0x00001f17) auipc   t5, 0x1
core   0: 3 0x8000ec48 (0x00001f17) x30 0x8000fc48
core   0: 0x8000ec4c (0x3a3f2c23) sw      gp, 952(t5)
core   0: 3 0x8000ec4c (0x3a3f2c23) mem 0x80010000 0x00000001
core   0: 0x8000ec50 (0x0000bfe5) c.j     pc - 8
core   0: 3 0x8000ec50 (0xbfe5)
core   0: 0x8000ec48 (0x00001f17) auipc   t5, 0x1
core   0: 3 0x8000ec48 (0x00001f17) x30 0x8000fc48
core   0: 0x8000ec4c (0x3a3f2c23) sw      gp, 952(t5)
core   0: 3 0x8000ec4c (0x3a3f2c23) mem 0x80010000 0x00000001
core   0: 0x8000ec50 (0x0000bfe5) c.j     pc - 8
core   0: 3 0x8000ec50 (0xbfe5)
core   0: 0x8000ec48 (0x00001f17) auipc   t5, 0x1
core   0: 3 0x8000ec48 (0x00001f17) x30 0x8000fc48
core   0: 0x8000ec4c (0x3a3f2c23) sw      gp, 952(t5)
core   0: 3 0x8000ec4c (0x3a3f2c23) mem 0x80010000 0x00000001
core   0: 0x8000ec50 (0x0000bfe5) c.j     pc - 8
core   0: 3 0x8000ec50 (0xbfe5)
core   0: 0x8000ec48 (0x00001f17) auipc   t5, 0x1
core   0: 3 0x8000ec48 (0x00001f17) x30 0x8000fc48
core   0: 0x8000ec4c (0x3a3f2c23) sw      gp, 952(t5)
core   0: 3 0x8000ec4c (0x3a3f2c23) mem 0x80010000 0x00000001
core   0: 0x8000ec50 (0x0000bfe5) c.j     pc - 8
core   0: 3 0x8000ec50 (0xbfe5)
core   0: 0x8000ec48 (0x00001f17) auipc   t5, 0x1
core   0: 3 0x8000ec48 (0x00001f17) x30 0x8000fc48
core   0: 0x8000ec4c (0x3a3f2c23) sw      gp, 952(t5)
core   0: 3 0x8000ec4c (0x3a3f2c23) mem 0x80010000 0x00000001
core   0: 0x8000ec50 (0x0000bfe5) c.j     pc - 8
core   0: 3 0x8000ec50 (0xbfe5)
core   0: 0x8000ec48 (0x00001f17) auipc   t5, 0x1
core   0: 3 0x8000ec48 (0x00001f17) x30 0x8000fc48
core   0: 0x8000ec4c (0x3a3f2c23) sw      gp, 952(t5)
core   0: 3 0x8000ec4c (0x3a3f2c23) mem 0x80010000 0x00000001
core   0: 0x8000ec50 (0x0000bfe5) c.j     pc - 8
core   0: 3 0x8000ec50 (0xbfe5)
core   0: 0x8000ec48 (0x00001f17) auipc   t5, 0x1
core   0: 3 0x8000ec48 (0x00001f17) x30 0x8000fc48
core   0: 0x8000ec4c (0x3a3f2c23) sw      gp, 952(t5)
core   0: 3 0x8000ec4c (0x3a3f2c23) mem 0x80010000 0x00000001
core   0: 0x8000ec50 (0x0000bfe5) c.j     pc - 8
core   0: 3 0x8000ec50 (0xbfe5)
core   0: 0x8000ec48 (0x00001f17) auipc   t5, 0x1
core   0: 3 0x8000ec48 (0x00001f17) x30 0x8000fc48
core   0: 0x8000ec4c (0x3a3f2c23) sw      gp, 952(t5)
core   0: 3 0x8000ec4c (0x3a3f2c23) mem 0x80010000 0x00000001
core   0: 0x8000ec50 (0x0000bfe5) c.j     pc - 8
core   0: 3 0x8000ec50 (0xbfe5)
core   0: 0x8000ec48 (0x00001f17) auipc   t5, 0x1
core   0: 3 0x8000ec48 (0x00001f17) x30 0x8000fc48
core   0: 0x8000ec4c (0x3a3f2c23) sw      gp, 952(t5)
core   0: 3 0x8000ec4c (0x3a3f2c23) mem 0x80010000 0x00000001
core   0: 0x8000ec50 (0x0000bfe5) c.j     pc - 8
core   0: 3 0x8000ec50 (0xbfe5)
core   0: 0x8000ec48 (0x00001f17) auipc   t5, 0x1
core   0: 3 0x8000ec48 (0x00001f17) x30 0x8000fc48
core   0: 0x8000ec4c (0x3a3f2c23) sw      gp, 952(t5)
core   0: 3 0x8000ec4c (0x3a3f2c23) mem 0x80010000 0x00000001
core   0: 0x8000ec50 (0x0000bfe5) c.j     pc - 8
core   0: 3 0x8000ec50 (0xbfe5)
core   0: 0x8000ec48 (0x00001f17) auipc   t5, 0x1
core   0: 3 0x8000ec48 (0x00001f17) x30 0x8000fc48
core   0: 0x8000ec4c (0x3a3f2c23) sw      gp, 952(t5)
core   0: 3 0x8000ec4c (0x3a3f2c23) mem 0x80010000 0x00000001
core   0: 0x8000ec50 (0x0000bfe5) c.j     pc - 8
core   0: 3 0x8000ec50 (0xbfe5)
core   0: 0x8000ec48 (0x00001f17) auipc   t5, 0x1
core   0: 3 0x8000ec48 (0x00001f17) x30 0x8000fc48
core   0: 0x8000ec4c (0x3a3f2c23) sw      gp, 952(t5)
core   0: 3 0x8000ec4c (0x3a3f2c23) mem 0x80010000 0x00000001
core   0: 0x8000ec50 (0x0000bfe5) c.j     pc - 8
core   0: 3 0x8000ec50 (0xbfe5)
core   0: 0x8000ec48 (0x00001f17) auipc   t5, 0x1
core   0: 3 0x8000ec48 (0x00001f17) x30 0x8000fc48
core   0: 0x8000ec4c (0x3a3f2c23) sw      gp, 952(t5)
core   0: 3 0x8000ec4c (0x3a3f2c23) mem 0x80010000 0x00000001
core   0: 0x8000ec50 (0x0000bfe5) c.j     pc - 8
core   0: 3 0x8000ec50 (0xbfe5)
core   0: 0x8000ec48 (0x00001f17) auipc   t5, 0x1
core   0: 3 0x8000ec48 (0x00001f17) x30 0x8000fc48
core   0: 0x8000ec4c (0x3a3f2c23) sw      gp, 952(t5)
core   0: 3 0x8000ec4c (0x3a3f2c23) mem 0x80010000 0x00000001
core   0: 0x8000ec50 (0x0000bfe5) c.j     pc - 8
core   0: 3 0x8000ec50 (0xbfe5)
core   0: 0x8000ec48 (0x00001f17) auipc   t5, 0x1
core   0: 3 0x8000ec48 (0x00001f17) x30 0x8000fc48
core   0: 0x8000ec4c (0x3a3f2c23) sw      gp, 952(t5)
core   0: 3 0x8000ec4c (0x3a3f2c23) mem 0x80010000 0x00000001
core   0: 0x8000ec50 (0x0000bfe5) c.j     pc - 8
core   0: 3 0x8000ec50 (0xbfe5)
core   0: 0x8000ec48 (0x00001f17) auipc   t5, 0x1
core   0: 3 0x8000ec48 (0x00001f17) x30 0x8000fc48
core   0: 0x8000ec4c (0x3a3f2c23) sw      gp, 952(t5)
core   0: 3 0x8000ec4c (0x3a3f2c23) mem 0x80010000 0x00000001
core   0: 0x8000ec50 (0x0000bfe5) c.j     pc - 8
core   0: 3 0x8000ec50 (0xbfe5)
core   0: 0x8000ec48 (0x00001f17) auipc   t5, 0x1
core   0: 3 0x8000ec48 (0x00001f17) x30 0x8000fc48
core   0: 0x8000ec4c (0x3a3f2c23) sw      gp, 952(t5)
core   0: 3 0x8000ec4c (0x3a3f2c23) mem 0x80010000 0x00000001
core   0: 0x8000ec50 (0x0000bfe5) c.j     pc - 8
core   0: 3 0x8000ec50 (0xbfe5)
core   0: 0x8000ec48 (0x00001f17) auipc   t5, 0x1
core   0: 3 0x8000ec48 (0x00001f17) x30 0x8000fc48
core   0: 0x8000ec4c (0x3a3f2c23) sw      gp, 952(t5)
core   0: 3 0x8000ec4c (0x3a3f2c23) mem 0x80010000 0x00000001
core   0: 0x8000ec50 (0x0000bfe5) c.j     pc - 8
core   0: 3 0x8000ec50 (0xbfe5)
core   0: 0x8000ec48 (0x00001f17) auipc   t5, 0x1
core   0: 3 0x8000ec48 (0x00001f17) x30 0x8000fc48
core   0: 0x8000ec4c (0x3a3f2c23) sw      gp, 952(t5)
core   0: 3 0x8000ec4c (0x3a3f2c23) mem 0x80010000 0x00000001
core   0: 0x8000ec50 (0x0000bfe5) c.j     pc - 8
core   0: 3 0x8000ec50 (0xbfe5)
core   0: 0x8000ec48 (0x00001f17) auipc   t5, 0x1
core   0: 3 0x8000ec48 (0x00001f17) x30 0x8000fc48
core   0: 0x8000ec4c (0x3a3f2c23) sw      gp, 952(t5)
core   0: 3 0x8000ec4c (0x3a3f2c23) mem 0x80010000 0x00000001
core   0: 0x8000ec50 (0x0000bfe5) c.j     pc - 8
core   0: 3 0x8000ec50 (0xbfe5)
core   0: 0x8000ec48 (0x00001f17) auipc   t5, 0x1
core   0: 3 0x8000ec48 (0x00001f17) x30 0x8000fc48
core   0: 0x8000ec4c (0x3a3f2c23) sw      gp, 952(t5)
core   0: 3 0x8000ec4c (0x3a3f2c23) mem 0x80010000 0x00000001
core   0: 0x8000ec50 (0x0000bfe5) c.j     pc - 8
core   0: 3 0x8000ec50 (0xbfe5)
core   0: 0x8000ec48 (0x00001f17) auipc   t5, 0x1
core   0: 3 0x8000ec48 (0x00001f17) x30 0x8000fc48
core   0: 0x8000ec4c (0x3a3f2c23) sw      gp, 952(t5)
core   0: 3 0x8000ec4c (0x3a3f2c23) mem 0x80010000 0x00000001
core   0: 0x8000ec50 (0x0000bfe5) c.j     pc - 8
core   0: 3 0x8000ec50 (0xbfe5)
core   0: 0x8000ec48 (0x00001f17) auipc   t5, 0x1
core   0: 3 0x8000ec48 (0x00001f17) x30 0x8000fc48
core   0: 0x8000ec4c (0x3a3f2c23) sw      gp, 952(t5)
core   0: 3 0x8000ec4c (0x3a3f2c23) mem 0x80010000 0x00000001
core   0: 0x8000ec50 (0x0000bfe5) c.j     pc - 8
core   0: 3 0x8000ec50 (0xbfe5)
core   0: 0x8000ec48 (0x00001f17) auipc   t5, 0x1
core   0: 3 0x8000ec48 (0x00001f17) x30 0x8000fc48
core   0: 0x8000ec4c (0x3a3f2c23) sw      gp, 952(t5)
core   0: 3 0x8000ec4c (0x3a3f2c23) mem 0x80010000 0x00000001
core   0: 0x8000ec50 (0x0000bfe5) c.j     pc - 8
core   0: 3 0x8000ec50 (0xbfe5)
core   0: 0x8000ec48 (0x00001f17) auipc   t5, 0x1
core   0: 3 0x8000ec48 (0x00001f17) x30 0x8000fc48
core   0: 0x8000ec4c (0x3a3f2c23) sw      gp, 952(t5)
core   0: 3 0x8000ec4c (0x3a3f2c23) mem 0x80010000 0x00000001
core   0: 0x8000ec50 (0x0000bfe5) c.j     pc - 8
core   0: 3 0x8000ec50 (0xbfe5)
core   0: 0x8000ec48 (0x00001f17) auipc   t5, 0x1
core   0: 3 0x8000ec48 (0x00001f17) x30 0x8000fc48
core   0: 0x8000ec4c (0x3a3f2c23) sw      gp, 952(t5)
core   0: 3 0x8000ec4c (0x3a3f2c23) mem 0x80010000 0x00000001
core   0: 0x8000ec50 (0x0000bfe5) c.j     pc - 8
core   0: 3 0x8000ec50 (0xbfe5)
core   0: 0x8000ec48 (0x00001f17) auipc   t5, 0x1
core   0: 3 0x8000ec48 (0x00001f17) x30 0x8000fc48
core   0: 0x8000ec4c (0x3a3f2c23) sw      gp, 952(t5)
core   0: 3 0x8000ec4c (0x3a3f2c23) mem 0x80010000 0x00000001
core   0: 0x8000ec50 (0x0000bfe5) c.j     pc - 8
core   0: 3 0x8000ec50 (0xbfe5)
core   0: 0x8000ec48 (0x00001f17) auipc   t5, 0x1
core   0: 3 0x8000ec48 (0x00001f17) x30 0x8000fc48
core   0: 0x8000ec4c (0x3a3f2c23) sw      gp, 952(t5)
core   0: 3 0x8000ec4c (0x3a3f2c23) mem 0x80010000 0x00000001
core   0: 0x8000ec50 (0x0000bfe5) c.j     pc - 8
core   0: 3 0x8000ec50 (0xbfe5)
core   0: 0x8000ec48 (0x00001f17) auipc   t5, 0x1
core   0: 3 0x8000ec48 (0x00001f17) x30 0x8000fc48
core   0: 0x8000ec4c (0x3a3f2c23) sw      gp, 952(t5)
core   0: 3 0x8000ec4c (0x3a3f2c23) mem 0x80010000 0x00000001
core   0: 0x8000ec50 (0x0000bfe5) c.j     pc - 8
core   0: 3 0x8000ec50 (0xbfe5)
core   0: 0x8000ec48 (0x00001f17) auipc   t5, 0x1
core   0: 3 0x8000ec48 (0x00001f17) x30 0x8000fc48
core   0: 0x8000ec4c (0x3a3f2c23) sw      gp, 952(t5)
core   0: 3 0x8000ec4c (0x3a3f2c23) mem 0x80010000 0x00000001
core   0: 0x8000ec50 (0x0000bfe5) c.j     pc - 8
core   0: 3 0x8000ec50 (0xbfe5)
core   0: 0x8000ec48 (0x00001f17) auipc   t5, 0x1
core   0: 3 0x8000ec48 (0x00001f17) x30 0x8000fc48
core   0: 0x8000ec4c (0x3a3f2c23) sw      gp, 952(t5)
core   0: 3 0x8000ec4c (0x3a3f2c23) mem 0x80010000 0x00000001
core   0: 0x8000ec50 (0x0000bfe5) c.j     pc - 8
core   0: 3 0x8000ec50 (0xbfe5)
core   0: 0x8000ec48 (0x00001f17) auipc   t5, 0x1
core   0: 3 0x8000ec48 (0x00001f17) x30 0x8000fc48
core   0: 0x8000ec4c (0x3a3f2c23) sw      gp, 952(t5)
core   0: 3 0x8000ec4c (0x3a3f2c23) mem 0x80010000 0x00000001
core   0: 0x8000ec50 (0x0000bfe5) c.j     pc - 8
core   0: 3 0x8000ec50 (0xbfe5)
core   0: 0x8000ec48 (0x00001f17) auipc   t5, 0x1
core   0: 3 0x8000ec48 (0x00001f17) x30 0x8000fc48
core   0: 0x8000ec4c (0x3a3f2c23) sw      gp, 952(t5)
core   0: 3 0x8000ec4c (0x3a3f2c23) mem 0x80010000 0x00000001
core   0: 0x8000ec50 (0x0000bfe5) c.j     pc - 8
core   0: 3 0x8000ec50 (0xbfe5)
core   0: 0x8000ec48 (0x00001f17) auipc   t5, 0x1
core   0: 3 0x8000ec48 (0x00001f17) x30 0x8000fc48
core   0: 0x8000ec4c (0x3a3f2c23) sw      gp, 952(t5)
core   0: 3 0x8000ec4c (0x3a3f2c23) mem 0x80010000 0x00000001
core   0: 0x8000ec50 (0x0000bfe5) c.j     pc - 8
core   0: 3 0x8000ec50 (0xbfe5)
core   0: 0x8000ec48 (0x00001f17) auipc   t5, 0x1
core   0: 3 0x8000ec48 (0x00001f17) x30 0x8000fc48
core   0: 0x8000ec4c (0x3a3f2c23) sw      gp, 952(t5)
core   0: 3 0x8000ec4c (0x3a3f2c23) mem 0x80010000 0x00000001
core   0: 0x8000ec50 (0x0000bfe5) c.j     pc - 8
core   0: 3 0x8000ec50 (0xbfe5)
core   0: 0x8000ec48 (0x00001f17) auipc   t5, 0x1
core   0: 3 0x8000ec48 (0x00001f17) x30 0x8000fc48
core   0: 0x8000ec4c (0x3a3f2c23) sw      gp, 952(t5)
core   0: 3 0x8000ec4c (0x3a3f2c23) mem 0x80010000 0x00000001
core   0: 0x8000ec50 (0x0000bfe5) c.j     pc - 8
core   0: 3 0x8000ec50 (0xbfe5)
core   0: 0x8000ec48 (0x00001f17) auipc   t5, 0x1
core   0: 3 0x8000ec48 (0x00001f17) x30 0x8000fc48
core   0: 0x8000ec4c (0x3a3f2c23) sw      gp, 952(t5)
core   0: 3 0x8000ec4c (0x3a3f2c23) mem 0x80010000 0x00000001
core   0: 0x8000ec50 (0x0000bfe5) c.j     pc - 8
core   0: 3 0x8000ec50 (0xbfe5)
core   0: 0x8000ec48 (0x00001f17) auipc   t5, 0x1
core   0: 3 0x8000ec48 (0x00001f17) x30 0x8000fc48
core   0: 0x8000ec4c (0x3a3f2c23) sw      gp, 952(t5)
core   0: 3 0x8000ec4c (0x3a3f2c23) mem 0x80010000 0x00000001
core   0: 0x8000ec50 (0x0000bfe5) c.j     pc - 8
core   0: 3 0x8000ec50 (0xbfe5)
core   0: 0x8000ec48 (0x00001f17) auipc   t5, 0x1
core   0: 3 0x8000ec48 (0x00001f17) x30 0x8000fc48
core   0: 0x8000ec4c (0x3a3f2c23) sw      gp, 952(t5)
core   0: 3 0x8000ec4c (0x3a3f2c23) mem 0x80010000 0x00000001
core   0: 0x8000ec50 (0x0000bfe5) c.j     pc - 8
core   0: 3 0x8000ec50 (0xbfe5)
core   0: 0x8000ec48 (0x00001f17) auipc   t5, 0x1
core   0: 3 0x8000ec48 (0x00001f17) x30 0x8000fc48
core   0: 0x8000ec4c (0x3a3f2c23) sw      gp, 952(t5)
core   0: 3 0x8000ec4c (0x3a3f2c23) mem 0x80010000 0x00000001
core   0: 0x8000ec50 (0x0000bfe5) c.j     pc - 8
core   0: 3 0x8000ec50 (0xbfe5)
core   0: 0x8000ec48 (0x00001f17) auipc   t5, 0x1
core   0: 3 0x8000ec48 (0x00001f17) x30 0x8000fc48
core   0: 0x8000ec4c (0x3a3f2c23) sw      gp, 952(t5)
core   0: 3 0x8000ec4c (0x3a3f2c23) mem 0x80010000 0x00000001
core   0: 0x8000ec50 (0x0000bfe5) c.j     pc - 8
core   0: 3 0x8000ec50 (0xbfe5)
core   0: 0x8000ec48 (0x00001f17) auipc   t5, 0x1
core   0: 3 0x8000ec48 (0x00001f17) x30 0x8000fc48
core   0: 0x8000ec4c (0x3a3f2c23) sw      gp, 952(t5)
core   0: 3 0x8000ec4c (0x3a3f2c23) mem 0x80010000 0x00000001
core   0: 0x8000ec50 (0x0000bfe5) c.j     pc - 8
core   0: 3 0x8000ec50 (0xbfe5)
core   0: 0x8000ec48 (0x00001f17) auipc   t5, 0x1
core   0: 3 0x8000ec48 (0x00001f17) x30 0x8000fc48
core   0: 0x8000ec4c (0x3a3f2c23) sw      gp, 952(t5)
core   0: 3 0x8000ec4c (0x3a3f2c23) mem 0x80010000 0x00000001
core   0: 0x8000ec50 (0x0000bfe5) c.j     pc - 8
core   0: 3 0x8000ec50 (0xbfe5)
core   0: 0x8000ec48 (0x00001f17) auipc   t5, 0x1
core   0: 3 0x8000ec48 (0x00001f17) x30 0x8000fc48
core   0: 0x8000ec4c (0x3a3f2c23) sw      gp, 952(t5)
core   0: 3 0x8000ec4c (0x3a3f2c23) mem 0x80010000 0x00000001
core   0: 0x8000ec50 (0x0000bfe5) c.j     pc - 8
core   0: 3 0x8000ec50 (0xbfe5)
core   0: 0x8000ec48 (0x00001f17) auipc   t5, 0x1
core   0: 3 0x8000ec48 (0x00001f17) x30 0x8000fc48
core   0: 0x8000ec4c (0x3a3f2c23) sw      gp, 952(t5)
core   0: 3 0x8000ec4c (0x3a3f2c23) mem 0x80010000 0x00000001
core   0: 0x8000ec50 (0x0000bfe5) c.j     pc - 8
core   0: 3 0x8000ec50 (0xbfe5)
core   0: 0x8000ec48 (0x00001f17) auipc   t5, 0x1
core   0: 3 0x8000ec48 (0x00001f17) x30 0x8000fc48
core   0: 0x8000ec4c (0x3a3f2c23) sw      gp, 952(t5)
core   0: 3 0x8000ec4c (0x3a3f2c23) mem 0x80010000 0x00000001
core   0: 0x8000ec50 (0x0000bfe5) c.j     pc - 8
core   0: 3 0x8000ec50 (0xbfe5)
core   0: 0x8000ec48 (0x00001f17) auipc   t5, 0x1
core   0: 3 0x8000ec48 (0x00001f17) x30 0x8000fc48
core   0: 0x8000ec4c (0x3a3f2c23) sw      gp, 952(t5)
core   0: 3 0x8000ec4c (0x3a3f2c23) mem 0x80010000 0x00000001
core   0: 0x8000ec50 (0x0000bfe5) c.j     pc - 8
core   0: 3 0x8000ec50 (0xbfe5)
core   0: 0x8000ec48 (0x00001f17) auipc   t5, 0x1
core   0: 3 0x8000ec48 (0x00001f17) x30 0x8000fc48
core   0: 0x8000ec4c (0x3a3f2c23) sw      gp, 952(t5)
core   0: 3 0x8000ec4c (0x3a3f2c23) mem 0x80010000 0x00000001
core   0: 0x8000ec50 (0x0000bfe5) c.j     pc - 8
core   0: 3 0x8000ec50 (0xbfe5)
core   0: 0x8000ec48 (0x00001f17) auipc   t5, 0x1
core   0: 3 0x8000ec48 (0x00001f17) x30 0x8000fc48
core   0: 0x8000ec4c (0x3a3f2c23) sw      gp, 952(t5)
core   0: 3 0x8000ec4c (0x3a3f2c23) mem 0x80010000 0x00000001
core   0: 0x8000ec50 (0x0000bfe5) c.j     pc - 8
core   0: 3 0x8000ec50 (0xbfe5)
core   0: 0x8000ec48 (0x00001f17) auipc   t5, 0x1
core   0: 3 0x8000ec48 (0x00001f17) x30 0x8000fc48
core   0: 0x8000ec4c (0x3a3f2c23) sw      gp, 952(t5)
core   0: 3 0x8000ec4c (0x3a3f2c23) mem 0x80010000 0x00000001
core   0: 0x8000ec50 (0x0000bfe5) c.j     pc - 8
core   0: 3 0x8000ec50 (0xbfe5)
core   0: 0x8000ec48 (0x00001f17) auipc   t5, 0x1
core   0: 3 0x8000ec48 (0x00001f17) x30 0x8000fc48
core   0: 0x8000ec4c (0x3a3f2c23) sw      gp, 952(t5)
core   0: 3 0x8000ec4c (0x3a3f2c23) mem 0x80010000 0x00000001
core   0: 0x8000ec50 (0x0000bfe5) c.j     pc - 8
core   0: 3 0x8000ec50 (0xbfe5)
core   0: 0x8000ec48 (0x00001f17) auipc   t5, 0x1
core   0: 3 0x8000ec48 (0x00001f17) x30 0x8000fc48
core   0: 0x8000ec4c (0x3a3f2c23) sw      gp, 952(t5)
core   0: 3 0x8000ec4c (0x3a3f2c23) mem 0x80010000 0x00000001
core   0: 0x8000ec50 (0x0000bfe5) c.j     pc - 8
core   0: 3 0x8000ec50 (0xbfe5)
core   0: 0x8000ec48 (0x00001f17) auipc   t5, 0x1
core   0: 3 0x8000ec48 (0x00001f17) x30 0x8000fc48
core   0: 0x8000ec4c (0x3a3f2c23) sw      gp, 952(t5)
core   0: 3 0x8000ec4c (0x3a3f2c23) mem 0x80010000 0x00000001
core   0: 0x8000ec50 (0x0000bfe5) c.j     pc - 8
core   0: 3 0x8000ec50 (0xbfe5)
core   0: 0x8000ec48 (0x00001f17) auipc   t5, 0x1
core   0: 3 0x8000ec48 (0x00001f17) x30 0x8000fc48
core   0: 0x8000ec4c (0x3a3f2c23) sw      gp, 952(t5)
core   0: 3 0x8000ec4c (0x3a3f2c23) mem 0x80010000 0x00000001
core   0: 0x8000ec50 (0x0000bfe5) c.j     pc - 8
core   0: 3 0x8000ec50 (0xbfe5)
core   0: 0x8000ec48 (0x00001f17) auipc   t5, 0x1
core   0: 3 0x8000ec48 (0x00001f17) x30 0x8000fc48
core   0: 0x8000ec4c (0x3a3f2c23) sw      gp, 952(t5)
core   0: 3 0x8000ec4c (0x3a3f2c23) mem 0x80010000 0x00000001
core   0: 0x8000ec50 (0x0000bfe5) c.j     pc - 8
core   0: 3 0x8000ec50 (0xbfe5)
core   0: 0x8000ec48 (0x00001f17) auipc   t5, 0x1
core   0: 3 0x8000ec48 (0x00001f17) x30 0x8000fc48
core   0: 0x8000ec4c (0x3a3f2c23) sw      gp, 952(t5)
core   0: 3 0x8000ec4c (0x3a3f2c23) mem 0x80010000 0x00000001
core   0: 0x8000ec50 (0x0000bfe5) c.j     pc - 8
core   0: 3 0x8000ec50 (0xbfe5)
core   0: 0x8000ec48 (0x00001f17) auipc   t5, 0x1
core   0: 3 0x8000ec48 (0x00001f17) x30 0x8000fc48
core   0: 0x8000ec4c (0x3a3f2c23) sw      gp, 952(t5)
core   0: 3 0x8000ec4c (0x3a3f2c23) mem 0x80010000 0x00000001
core   0: 0x8000ec50 (0x0000bfe5) c.j     pc - 8
core   0: 3 0x8000ec50 (0xbfe5)
core   0: 0x8000ec48 (0x00001f17) auipc   t5, 0x1
core   0: 3 0x8000ec48 (0x00001f17) x30 0x8000fc48
core   0: 0x8000ec4c (0x3a3f2c23) sw      gp, 952(t5)
core   0: 3 0x8000ec4c (0x3a3f2c23) mem 0x80010000 0x00000001
core   0: 0x8000ec50 (0x0000bfe5) c.j     pc - 8
core   0: 3 0x8000ec50 (0xbfe5)
core   0: 0x8000ec48 (0x00001f17) auipc   t5, 0x1
core   0: 3 0x8000ec48 (0x00001f17) x30 0x8000fc48
core   0: 0x8000ec4c (0x3a3f2c23) sw      gp, 952(t5)
core   0: 3 0x8000ec4c (0x3a3f2c23) mem 0x80010000 0x00000001
core   0: 0x8000ec50 (0x0000bfe5) c.j     pc - 8
core   0: 3 0x8000ec50 (0xbfe5)
core   0: 0x8000ec48 (0x00001f17) auipc   t5, 0x1
core   0: 3 0x8000ec48 (0x00001f17) x30 0x8000fc48
core   0: 0x8000ec4c (0x3a3f2c23) sw      gp, 952(t5)
core   0: 3 0x8000ec4c (0x3a3f2c23) mem 0x80010000 0x00000001
core   0: 0x8000ec50 (0x0000bfe5) c.j     pc - 8
core   0: 3 0x8000ec50 (0xbfe5)
core   0: 0x8000ec48 (0x00001f17) auipc   t5, 0x1
core   0: 3 0x8000ec48 (0x00001f17) x30 0x8000fc48
core   0: 0x8000ec4c (0x3a3f2c23) sw      gp, 952(t5)
core   0: 3 0x8000ec4c (0x3a3f2c23) mem 0x80010000 0x00000001
core   0: 0x8000ec50 (0x0000bfe5) c.j     pc - 8
core   0: 3 0x8000ec50 (0xbfe5)
core   0: 0x8000ec48 (0x00001f17) auipc   t5, 0x1
core   0: 3 0x8000ec48 (0x00001f17) x30 0x8000fc48
core   0: 0x8000ec4c (0x3a3f2c23) sw      gp, 952(t5)
core   0: 3 0x8000ec4c (0x3a3f2c23) mem 0x80010000 0x00000001
core   0: 0x8000ec50 (0x0000bfe5) c.j     pc - 8
core   0: 3 0x8000ec50 (0xbfe5)
core   0: 0x8000ec48 (0x00001f17) auipc   t5, 0x1
core   0: 3 0x8000ec48 (0x00001f17) x30 0x8000fc48
core   0: 0x8000ec4c (0x3a3f2c23) sw      gp, 952(t5)
core   0: 3 0x8000ec4c (0x3a3f2c23) mem 0x80010000 0x00000001
core   0: 0x8000ec50 (0x0000bfe5) c.j     pc - 8
core   0: 3 0x8000ec50 (0xbfe5)
core   0: 0x8000ec48 (0x00001f17) auipc   t5, 0x1
core   0: 3 0x8000ec48 (0x00001f17) x30 0x8000fc48
core   0: 0x8000ec4c (0x3a3f2c23) sw      gp, 952(t5)
core   0: 3 0x8000ec4c (0x3a3f2c23) mem 0x80010000 0x00000001
core   0: 0x8000ec50 (0x0000bfe5) c.j     pc - 8
core   0: 3 0x8000ec50 (0xbfe5)
core   0: 0x8000ec48 (0x00001f17) auipc   t5, 0x1
core   0: 3 0x8000ec48 (0x00001f17) x30 0x8000fc48
core   0: 0x8000ec4c (0x3a3f2c23) sw      gp, 952(t5)
core   0: 3 0x8000ec4c (0x3a3f2c23) mem 0x80010000 0x00000001
core   0: 0x8000ec50 (0x0000bfe5) c.j     pc - 8
core   0: 3 0x8000ec50 (0xbfe5)
core   0: 0x8000ec48 (0x00001f17) auipc   t5, 0x1
core   0: 3 0x8000ec48 (0x00001f17) x30 0x8000fc48
core   0: 0x8000ec4c (0x3a3f2c23) sw      gp, 952(t5)
core   0: 3 0x8000ec4c (0x3a3f2c23) mem 0x80010000 0x00000001
core   0: 0x8000ec50 (0x0000bfe5) c.j     pc - 8
core   0: 3 0x8000ec50 (0xbfe5)
core   0: 0x8000ec48 (0x00001f17) auipc   t5, 0x1
core   0: 3 0x8000ec48 (0x00001f17) x30 0x8000fc48
core   0: 0x8000ec4c (0x3a3f2c23) sw      gp, 952(t5)
core   0: 3 0x8000ec4c (0x3a3f2c23) mem 0x80010000 0x00000001
core   0: 0x8000ec50 (0x0000bfe5) c.j     pc - 8
core   0: 3 0x8000ec50 (0xbfe5)
core   0: 0x8000ec48 (0x00001f17) auipc   t5, 0x1
core   0: 3 0x8000ec48 (0x00001f17) x30 0x8000fc48
core   0: 0x8000ec4c (0x3a3f2c23) sw      gp, 952(t5)
core   0: 3 0x8000ec4c (0x3a3f2c23) mem 0x80010000 0x00000001
core   0: 0x8000ec50 (0x0000bfe5) c.j     pc - 8
core   0: 3 0x8000ec50 (0xbfe5)
core   0: 0x8000ec48 (0x00001f17) auipc   t5, 0x1
core   0: 3 0x8000ec48 (0x00001f17) x30 0x8000fc48
core   0: 0x8000ec4c (0x3a3f2c23) sw      gp, 952(t5)
core   0: 3 0x8000ec4c (0x3a3f2c23) mem 0x80010000 0x00000001
core   0: 0x8000ec50 (0x0000bfe5) c.j     pc - 8
core   0: 3 0x8000ec50 (0xbfe5)
core   0: 0x8000ec48 (0x00001f17) auipc   t5, 0x1
core   0: 3 0x8000ec48 (0x00001f17) x30 0x8000fc48
core   0: 0x8000ec4c (0x3a3f2c23) sw      gp, 952(t5)
core   0: 3 0x8000ec4c (0x3a3f2c23) mem 0x80010000 0x00000001
core   0: 0x8000ec50 (0x0000bfe5) c.j     pc - 8
core   0: 3 0x8000ec50 (0xbfe5)
core   0: 0x8000ec48 (0x00001f17) auipc   t5, 0x1
core   0: 3 0x8000ec48 (0x00001f17) x30 0x8000fc48
core   0: 0x8000ec4c (0x3a3f2c23) sw      gp, 952(t5)
core   0: 3 0x8000ec4c (0x3a3f2c23) mem 0x80010000 0x00000001
core   0: 0x8000ec50 (0x0000bfe5) c.j     pc - 8
core   0: 3 0x8000ec50 (0xbfe5)
core   0: 0x8000ec48 (0x00001f17) auipc   t5, 0x1
core   0: 3 0x8000ec48 (0x00001f17) x30 0x8000fc48
core   0: 0x8000ec4c (0x3a3f2c23) sw      gp, 952(t5)
core   0: 3 0x8000ec4c (0x3a3f2c23) mem 0x80010000 0x00000001
core   0: 0x8000ec50 (0x0000bfe5) c.j     pc - 8
core   0: 3 0x8000ec50 (0xbfe5)
core   0: 0x8000ec48 (0x00001f17) auipc   t5, 0x1
core   0: 3 0x8000ec48 (0x00001f17) x30 0x8000fc48
core   0: 0x8000ec4c (0x3a3f2c23) sw      gp, 952(t5)
core   0: 3 0x8000ec4c (0x3a3f2c23) mem 0x80010000 0x00000001
core   0: 0x8000ec50 (0x0000bfe5) c.j     pc - 8
core   0: 3 0x8000ec50 (0xbfe5)
core   0: 0x8000ec48 (0x00001f17) auipc   t5, 0x1
core   0: 3 0x8000ec48 (0x00001f17) x30 0x8000fc48
core   0: 0x8000ec4c (0x3a3f2c23) sw      gp, 952(t5)
core   0: 3 0x8000ec4c (0x3a3f2c23) mem 0x80010000 0x00000001
core   0: 0x8000ec50 (0x0000bfe5) c.j     pc - 8
core   0: 3 0x8000ec50 (0xbfe5)
core   0: 0x8000ec48 (0x00001f17) auipc   t5, 0x1
core   0: 3 0x8000ec48 (0x00001f17) x30 0x8000fc48
core   0: 0x8000ec4c (0x3a3f2c23) sw      gp, 952(t5)
core   0: 3 0x8000ec4c (0x3a3f2c23) mem 0x80010000 0x00000001
core   0: 0x8000ec50 (0x0000bfe5) c.j     pc - 8
core   0: 3 0x8000ec50 (0xbfe5)
core   0: 0x8000ec48 (0x00001f17) auipc   t5, 0x1
core   0: 3 0x8000ec48 (0x00001f17) x30 0x8000fc48
core   0: 0x8000ec4c (0x3a3f2c23) sw      gp, 952(t5)
core   0: 3 0x8000ec4c (0x3a3f2c23) mem 0x80010000 0x00000001
core   0: 0x8000ec50 (0x0000bfe5) c.j     pc - 8
core   0: 3 0x8000ec50 (0xbfe5)
core   0: 0x8000ec48 (0x00001f17) auipc   t5, 0x1
core   0: 3 0x8000ec48 (0x00001f17) x30 0x8000fc48
core   0: 0x8000ec4c (0x3a3f2c23) sw      gp, 952(t5)
core   0: 3 0x8000ec4c (0x3a3f2c23) mem 0x80010000 0x00000001
core   0: 0x8000ec50 (0x0000bfe5) c.j     pc - 8
core   0: 3 0x8000ec50 (0xbfe5)
core   0: 0x8000ec48 (0x00001f17) auipc   t5, 0x1
core   0: 3 0x8000ec48 (0x00001f17) x30 0x8000fc48
core   0: 0x8000ec4c (0x3a3f2c23) sw      gp, 952(t5)
core   0: 3 0x8000ec4c (0x3a3f2c23) mem 0x80010000 0x00000001
core   0: 0x8000ec50 (0x0000bfe5) c.j     pc - 8
core   0: 3 0x8000ec50 (0xbfe5)
core   0: 0x8000ec48 (0x00001f17) auipc   t5, 0x1
core   0: 3 0x8000ec48 (0x00001f17) x30 0x8000fc48
core   0: 0x8000ec4c (0x3a3f2c23) sw      gp, 952(t5)
core   0: 3 0x8000ec4c (0x3a3f2c23) mem 0x80010000 0x00000001
core   0: 0x8000ec50 (0x0000bfe5) c.j     pc - 8
core   0: 3 0x8000ec50 (0xbfe5)
core   0: 0x8000ec48 (0x00001f17) auipc   t5, 0x1
core   0: 3 0x8000ec48 (0x00001f17) x30 0x8000fc48
core   0: 0x8000ec4c (0x3a3f2c23) sw      gp, 952(t5)
core   0: 3 0x8000ec4c (0x3a3f2c23) mem 0x80010000 0x00000001
core   0: 0x8000ec50 (0x0000bfe5) c.j     pc - 8
core   0: 3 0x8000ec50 (0xbfe5)
core   0: 0x8000ec48 (0x00001f17) auipc   t5, 0x1
core   0: 3 0x8000ec48 (0x00001f17) x30 0x8000fc48
core   0: 0x8000ec4c (0x3a3f2c23) sw      gp, 952(t5)
core   0: 3 0x8000ec4c (0x3a3f2c23) mem 0x80010000 0x00000001
core   0: 0x8000ec50 (0x0000bfe5) c.j     pc - 8
core   0: 3 0x8000ec50 (0xbfe5)
core   0: 0x8000ec48 (0x00001f17) auipc   t5, 0x1
core   0: 3 0x8000ec48 (0x00001f17) x30 0x8000fc48
core   0: 0x8000ec4c (0x3a3f2c23) sw      gp, 952(t5)
core   0: 3 0x8000ec4c (0x3a3f2c23) mem 0x80010000 0x00000001
core   0: 0x8000ec50 (0x0000bfe5) c.j     pc - 8
core   0: 3 0x8000ec50 (0xbfe5)
core   0: 0x8000ec48 (0x00001f17) auipc   t5, 0x1
core   0: 3 0x8000ec48 (0x00001f17) x30 0x8000fc48
core   0: 0x8000ec4c (0x3a3f2c23) sw      gp, 952(t5)
core   0: 3 0x8000ec4c (0x3a3f2c23) mem 0x80010000 0x00000001
core   0: 0x8000ec50 (0x0000bfe5) c.j     pc - 8
core   0: 3 0x8000ec50 (0xbfe5)
core   0: 0x8000ec48 (0x00001f17) auipc   t5, 0x1
core   0: 3 0x8000ec48 (0x00001f17) x30 0x8000fc48
core   0: 0x8000ec4c (0x3a3f2c23) sw      gp, 952(t5)
core   0: 3 0x8000ec4c (0x3a3f2c23) mem 0x80010000 0x00000001
core   0: 0x8000ec50 (0x0000bfe5) c.j     pc - 8
core   0: 3 0x8000ec50 (0xbfe5)
core   0: 0x8000ec48 (0x00001f17) auipc   t5, 0x1
core   0: 3 0x8000ec48 (0x00001f17) x30 0x8000fc48
core   0: 0x8000ec4c (0x3a3f2c23) sw      gp, 952(t5)
core   0: 3 0x8000ec4c (0x3a3f2c23) mem 0x80010000 0x00000001
core   0: 0x8000ec50 (0x0000bfe5) c.j     pc - 8
core   0: 3 0x8000ec50 (0xbfe5)
core   0: 0x8000ec48 (0x00001f17) auipc   t5, 0x1
core   0: 3 0x8000ec48 (0x00001f17) x30 0x8000fc48
core   0: 0x8000ec4c (0x3a3f2c23) sw      gp, 952(t5)
core   0: 3 0x8000ec4c (0x3a3f2c23) mem 0x80010000 0x00000001
core   0: 0x8000ec50 (0x0000bfe5) c.j     pc - 8
core   0: 3 0x8000ec50 (0xbfe5)
core   0: 0x8000ec48 (0x00001f17) auipc   t5, 0x1
core   0: 3 0x8000ec48 (0x00001f17) x30 0x8000fc48
core   0: 0x8000ec4c (0x3a3f2c23) sw      gp, 952(t5)
core   0: 3 0x8000ec4c (0x3a3f2c23) mem 0x80010000 0x00000001
core   0: 0x8000ec50 (0x0000bfe5) c.j     pc - 8
core   0: 3 0x8000ec50 (0xbfe5)
core   0: 0x8000ec48 (0x00001f17) auipc   t5, 0x1
core   0: 3 0x8000ec48 (0x00001f17) x30 0x8000fc48
core   0: 0x8000ec4c (0x3a3f2c23) sw      gp, 952(t5)
core   0: 3 0x8000ec4c (0x3a3f2c23) mem 0x80010000 0x00000001
core   0: 0x8000ec50 (0x0000bfe5) c.j     pc - 8
core   0: 3 0x8000ec50 (0xbfe5)
core   0: 0x8000ec48 (0x00001f17) auipc   t5, 0x1
core   0: 3 0x8000ec48 (0x00001f17) x30 0x8000fc48
core   0: 0x8000ec4c (0x3a3f2c23) sw      gp, 952(t5)
core   0: 3 0x8000ec4c (0x3a3f2c23) mem 0x80010000 0x00000001
core   0: 0x8000ec50 (0x0000bfe5) c.j     pc - 8
core   0: 3 0x8000ec50 (0xbfe5)
core   0: 0x8000ec48 (0x00001f17) auipc   t5, 0x1
core   0: 3 0x8000ec48 (0x00001f17) x30 0x8000fc48
core   0: 0x8000ec4c (0x3a3f2c23) sw      gp, 952(t5)
core   0: 3 0x8000ec4c (0x3a3f2c23) mem 0x80010000 0x00000001
core   0: 0x8000ec50 (0x0000bfe5) c.j     pc - 8
core   0: 3 0x8000ec50 (0xbfe5)
core   0: 0x8000ec48 (0x00001f17) auipc   t5, 0x1
core   0: 3 0x8000ec48 (0x00001f17) x30 0x8000fc48
core   0: 0x8000ec4c (0x3a3f2c23) sw      gp, 952(t5)
core   0: 3 0x8000ec4c (0x3a3f2c23) mem 0x80010000 0x00000001
core   0: 0x8000ec50 (0x0000bfe5) c.j     pc - 8
core   0: 3 0x8000ec50 (0xbfe5)
core   0: 0x8000ec48 (0x00001f17) auipc   t5, 0x1
core   0: 3 0x8000ec48 (0x00001f17) x30 0x8000fc48
core   0: 0x8000ec4c (0x3a3f2c23) sw      gp, 952(t5)
core   0: 3 0x8000ec4c (0x3a3f2c23) mem 0x80010000 0x00000001
core   0: 0x8000ec50 (0x0000bfe5) c.j     pc - 8
core   0: 3 0x8000ec50 (0xbfe5)
core   0: 0x8000ec48 (0x00001f17) auipc   t5, 0x1
core   0: 3 0x8000ec48 (0x00001f17) x30 0x8000fc48
core   0: 0x8000ec4c (0x3a3f2c23) sw      gp, 952(t5)
core   0: 3 0x8000ec4c (0x3a3f2c23) mem 0x80010000 0x00000001
core   0: 0x8000ec50 (0x0000bfe5) c.j     pc - 8
core   0: 3 0x8000ec50 (0xbfe5)
core   0: 0x8000ec48 (0x00001f17) auipc   t5, 0x1
core   0: 3 0x8000ec48 (0x00001f17) x30 0x8000fc48
core   0: 0x8000ec4c (0x3a3f2c23) sw      gp, 952(t5)
core   0: 3 0x8000ec4c (0x3a3f2c23) mem 0x80010000 0x00000001
core   0: 0x8000ec50 (0x0000bfe5) c.j     pc - 8
core   0: 3 0x8000ec50 (0xbfe5)
core   0: 0x8000ec48 (0x00001f17) auipc   t5, 0x1
core   0: 3 0x8000ec48 (0x00001f17) x30 0x8000fc48
core   0: 0x8000ec4c (0x3a3f2c23) sw      gp, 952(t5)
core   0: 3 0x8000ec4c (0x3a3f2c23) mem 0x80010000 0x00000001
core   0: 0x8000ec50 (0x0000bfe5) c.j     pc - 8
core   0: 3 0x8000ec50 (0xbfe5)
core   0: 0x8000ec48 (0x00001f17) auipc   t5, 0x1
core   0: 3 0x8000ec48 (0x00001f17) x30 0x8000fc48
core   0: 0x8000ec4c (0x3a3f2c23) sw      gp, 952(t5)
core   0: 3 0x8000ec4c (0x3a3f2c23) mem 0x80010000 0x00000001
core   0: 0x8000ec50 (0x0000bfe5) c.j     pc - 8
core   0: 3 0x8000ec50 (0xbfe5)
core   0: 0x8000ec48 (0x00001f17) auipc   t5, 0x1
core   0: 3 0x8000ec48 (0x00001f17) x30 0x8000fc48
core   0: 0x8000ec4c (0x3a3f2c23) sw      gp, 952(t5)
core   0: 3 0x8000ec4c (0x3a3f2c23) mem 0x80010000 0x00000001
core   0: 0x8000ec50 (0x0000bfe5) c.j     pc - 8
core   0: 3 0x8000ec50 (0xbfe5)
core   0: 0x8000ec48 (0x00001f17) auipc   t5, 0x1
core   0: 3 0x8000ec48 (0x00001f17) x30 0x8000fc48
core   0: 0x8000ec4c (0x3a3f2c23) sw      gp, 952(t5)
core   0: 3 0x8000ec4c (0x3a3f2c23) mem 0x80010000 0x00000001
core   0: 0x8000ec50 (0x0000bfe5) c.j     pc - 8
core   0: 3 0x8000ec50 (0xbfe5)
core   0: 0x8000ec48 (0x00001f17) auipc   t5, 0x1
core   0: 3 0x8000ec48 (0x00001f17) x30 0x8000fc48
core   0: 0x8000ec4c (0x3a3f2c23) sw      gp, 952(t5)
core   0: 3 0x8000ec4c (0x3a3f2c23) mem 0x80010000 0x00000001
core   0: 0x8000ec50 (0x0000bfe5) c.j     pc - 8
core   0: 3 0x8000ec50 (0xbfe5)
core   0: 0x8000ec48 (0x00001f17) auipc   t5, 0x1
core   0: 3 0x8000ec48 (0x00001f17) x30 0x8000fc48
core   0: 0x8000ec4c (0x3a3f2c23) sw      gp, 952(t5)
core   0: 3 0x8000ec4c (0x3a3f2c23) mem 0x80010000 0x00000001
core   0: 0x8000ec50 (0x0000bfe5) c.j     pc - 8
core   0: 3 0x8000ec50 (0xbfe5)
core   0: 0x8000ec48 (0x00001f17) auipc   t5, 0x1
core   0: 3 0x8000ec48 (0x00001f17) x30 0x8000fc48
core   0: 0x8000ec4c (0x3a3f2c23) sw      gp, 952(t5)
core   0: 3 0x8000ec4c (0x3a3f2c23) mem 0x80010000 0x00000001
core   0: 0x8000ec50 (0x0000bfe5) c.j     pc - 8
core   0: 3 0x8000ec50 (0xbfe5)
core   0: 0x8000ec48 (0x00001f17) auipc   t5, 0x1
core   0: 3 0x8000ec48 (0x00001f17) x30 0x8000fc48
core   0: 0x8000ec4c (0x3a3f2c23) sw      gp, 952(t5)
core   0: 3 0x8000ec4c (0x3a3f2c23) mem 0x80010000 0x00000001
core   0: 0x8000ec50 (0x0000bfe5) c.j     pc - 8
core   0: 3 0x8000ec50 (0xbfe5)
core   0: 0x8000ec48 (0x00001f17) auipc   t5, 0x1
core   0: 3 0x8000ec48 (0x00001f17) x30 0x8000fc48
core   0: 0x8000ec4c (0x3a3f2c23) sw      gp, 952(t5)
core   0: 3 0x8000ec4c (0x3a3f2c23) mem 0x80010000 0x00000001
core   0: 0x8000ec50 (0x0000bfe5) c.j     pc - 8
core   0: 3 0x8000ec50 (0xbfe5)
core   0: 0x8000ec48 (0x00001f17) auipc   t5, 0x1
core   0: 3 0x8000ec48 (0x00001f17) x30 0x8000fc48
core   0: 0x8000ec4c (0x3a3f2c23) sw      gp, 952(t5)
core   0: 3 0x8000ec4c (0x3a3f2c23) mem 0x80010000 0x00000001
core   0: 0x8000ec50 (0x0000bfe5) c.j     pc - 8
core   0: 3 0x8000ec50 (0xbfe5)
core   0: 0x8000ec48 (0x00001f17) auipc   t5, 0x1
core   0: 3 0x8000ec48 (0x00001f17) x30 0x8000fc48
core   0: 0x8000ec4c (0x3a3f2c23) sw      gp, 952(t5)
core   0: 3 0x8000ec4c (0x3a3f2c23) mem 0x80010000 0x00000001
core   0: 0x8000ec50 (0x0000bfe5) c.j     pc - 8
core   0: 3 0x8000ec50 (0xbfe5)
core   0: 0x8000ec48 (0x00001f17) auipc   t5, 0x1
core   0: 3 0x8000ec48 (0x00001f17) x30 0x8000fc48
core   0: 0x8000ec4c (0x3a3f2c23) sw      gp, 952(t5)
core   0: 3 0x8000ec4c (0x3a3f2c23) mem 0x80010000 0x00000001
core   0: 0x8000ec50 (0x0000bfe5) c.j     pc - 8
core   0: 3 0x8000ec50 (0xbfe5)
core   0: 0x8000ec48 (0x00001f17) auipc   t5, 0x1
core   0: 3 0x8000ec48 (0x00001f17) x30 0x8000fc48
core   0: 0x8000ec4c (0x3a3f2c23) sw      gp, 952(t5)
core   0: 3 0x8000ec4c (0x3a3f2c23) mem 0x80010000 0x00000001
core   0: 0x8000ec50 (0x0000bfe5) c.j     pc - 8
core   0: 3 0x8000ec50 (0xbfe5)
core   0: 0x8000ec48 (0x00001f17) auipc   t5, 0x1
core   0: 3 0x8000ec48 (0x00001f17) x30 0x8000fc48
core   0: 0x8000ec4c (0x3a3f2c23) sw      gp, 952(t5)
core   0: 3 0x8000ec4c (0x3a3f2c23) mem 0x80010000 0x00000001
core   0: 0x8000ec50 (0x0000bfe5) c.j     pc - 8
core   0: 3 0x8000ec50 (0xbfe5)
core   0: 0x8000ec48 (0x00001f17) auipc   t5, 0x1
core   0: 3 0x8000ec48 (0x00001f17) x30 0x8000fc48
core   0: 0x8000ec4c (0x3a3f2c23) sw      gp, 952(t5)
core   0: 3 0x8000ec4c (0x3a3f2c23) mem 0x80010000 0x00000001
core   0: 0x8000ec50 (0x0000bfe5) c.j     pc - 8
core   0: 3 0x8000ec50 (0xbfe5)
core   0: 0x8000ec48 (0x00001f17) auipc   t5, 0x1
core   0: 3 0x8000ec48 (0x00001f17) x30 0x8000fc48
core   0: 0x8000ec4c (0x3a3f2c23) sw      gp, 952(t5)
core   0: 3 0x8000ec4c (0x3a3f2c23) mem 0x80010000 0x00000001
core   0: 0x8000ec50 (0x0000bfe5) c.j     pc - 8
core   0: 3 0x8000ec50 (0xbfe5)
core   0: 0x8000ec48 (0x00001f17) auipc   t5, 0x1
core   0: 3 0x8000ec48 (0x00001f17) x30 0x8000fc48
core   0: 0x8000ec4c (0x3a3f2c23) sw      gp, 952(t5)
core   0: 3 0x8000ec4c (0x3a3f2c23) mem 0x80010000 0x00000001
core   0: 0x8000ec50 (0x0000bfe5) c.j     pc - 8
core   0: 3 0x8000ec50 (0xbfe5)
core   0: 0x8000ec48 (0x00001f17) auipc   t5, 0x1
core   0: 3 0x8000ec48 (0x00001f17) x30 0x8000fc48
core   0: 0x8000ec4c (0x3a3f2c23) sw      gp, 952(t5)
core   0: 3 0x8000ec4c (0x3a3f2c23) mem 0x80010000 0x00000001
core   0: 0x8000ec50 (0x0000bfe5) c.j     pc - 8
core   0: 3 0x8000ec50 (0xbfe5)
core   0: 0x8000ec48 (0x00001f17) auipc   t5, 0x1
core   0: 3 0x8000ec48 (0x00001f17) x30 0x8000fc48
core   0: 0x8000ec4c (0x3a3f2c23) sw      gp, 952(t5)
core   0: 3 0x8000ec4c (0x3a3f2c23) mem 0x80010000 0x00000001
core   0: 0x8000ec50 (0x0000bfe5) c.j     pc - 8
core   0: 3 0x8000ec50 (0xbfe5)
core   0: 0x8000ec48 (0x00001f17) auipc   t5, 0x1
core   0: 3 0x8000ec48 (0x00001f17) x30 0x8000fc48
core   0: 0x8000ec4c (0x3a3f2c23) sw      gp, 952(t5)
core   0: 3 0x8000ec4c (0x3a3f2c23) mem 0x80010000 0x00000001
core   0: 0x8000ec50 (0x0000bfe5) c.j     pc - 8
core   0: 3 0x8000ec50 (0xbfe5)
core   0: 0x8000ec48 (0x00001f17) auipc   t5, 0x1
core   0: 3 0x8000ec48 (0x00001f17) x30 0x8000fc48
core   0: 0x8000ec4c (0x3a3f2c23) sw      gp, 952(t5)
core   0: 3 0x8000ec4c (0x3a3f2c23) mem 0x80010000 0x00000001
core   0: 0x8000ec50 (0x0000bfe5) c.j     pc - 8
core   0: 3 0x8000ec50 (0xbfe5)
core   0: 0x8000ec48 (0x00001f17) auipc   t5, 0x1
core   0: 3 0x8000ec48 (0x00001f17) x30 0x8000fc48
core   0: 0x8000ec4c (0x3a3f2c23) sw      gp, 952(t5)
core   0: 3 0x8000ec4c (0x3a3f2c23) mem 0x80010000 0x00000001
core   0: 0x8000ec50 (0x0000bfe5) c.j     pc - 8
core   0: 3 0x8000ec50 (0xbfe5)
core   0: 0x8000ec48 (0x00001f17) auipc   t5, 0x1
core   0: 3 0x8000ec48 (0x00001f17) x30 0x8000fc48
core   0: 0x8000ec4c (0x3a3f2c23) sw      gp, 952(t5)
core   0: 3 0x8000ec4c (0x3a3f2c23) mem 0x80010000 0x00000001
core   0: 0x8000ec50 (0x0000bfe5) c.j     pc - 8
core   0: 3 0x8000ec50 (0xbfe5)
core   0: 0x8000ec48 (0x00001f17) auipc   t5, 0x1
core   0: 3 0x8000ec48 (0x00001f17) x30 0x8000fc48
core   0: 0x8000ec4c (0x3a3f2c23) sw      gp, 952(t5)
core   0: 3 0x8000ec4c (0x3a3f2c23) mem 0x80010000 0x00000001
core   0: 0x8000ec50 (0x0000bfe5) c.j     pc - 8
core   0: 3 0x8000ec50 (0xbfe5)
core   0: 0x8000ec48 (0x00001f17) auipc   t5, 0x1
core   0: 3 0x8000ec48 (0x00001f17) x30 0x8000fc48
core   0: 0x8000ec4c (0x3a3f2c23) sw      gp, 952(t5)
core   0: 3 0x8000ec4c (0x3a3f2c23) mem 0x80010000 0x00000001
core   0: 0x8000ec50 (0x0000bfe5) c.j     pc - 8
core   0: 3 0x8000ec50 (0xbfe5)
core   0: 0x8000ec48 (0x00001f17) auipc   t5, 0x1
core   0: 3 0x8000ec48 (0x00001f17) x30 0x8000fc48
core   0: 0x8000ec4c (0x3a3f2c23) sw      gp, 952(t5)
core   0: 3 0x8000ec4c (0x3a3f2c23) mem 0x80010000 0x00000001
core   0: 0x8000ec50 (0x0000bfe5) c.j     pc - 8
core   0: 3 0x8000ec50 (0xbfe5)
core   0: 0x8000ec48 (0x00001f17) auipc   t5, 0x1
core   0: 3 0x8000ec48 (0x00001f17) x30 0x8000fc48
core   0: 0x8000ec4c (0x3a3f2c23) sw      gp, 952(t5)
core   0: 3 0x8000ec4c (0x3a3f2c23) mem 0x80010000 0x00000001
core   0: 0x8000ec50 (0x0000bfe5) c.j     pc - 8
core   0: 3 0x8000ec50 (0xbfe5)
core   0: 0x8000ec48 (0x00001f17) auipc   t5, 0x1
core   0: 3 0x8000ec48 (0x00001f17) x30 0x8000fc48
core   0: 0x8000ec4c (0x3a3f2c23) sw      gp, 952(t5)
core   0: 3 0x8000ec4c (0x3a3f2c23) mem 0x80010000 0x00000001
core   0: 0x8000ec50 (0x0000bfe5) c.j     pc - 8
core   0: 3 0x8000ec50 (0xbfe5)
core   0: 0x8000ec48 (0x00001f17) auipc   t5, 0x1
core   0: 3 0x8000ec48 (0x00001f17) x30 0x8000fc48
core   0: 0x8000ec4c (0x3a3f2c23) sw      gp, 952(t5)
core   0: 3 0x8000ec4c (0x3a3f2c23) mem 0x80010000 0x00000001
core   0: 0x8000ec50 (0x0000bfe5) c.j     pc - 8
core   0: 3 0x8000ec50 (0xbfe5)
core   0: 0x8000ec48 (0x00001f17) auipc   t5, 0x1
core   0: 3 0x8000ec48 (0x00001f17) x30 0x8000fc48
core   0: 0x8000ec4c (0x3a3f2c23) sw      gp, 952(t5)
core   0: 3 0x8000ec4c (0x3a3f2c23) mem 0x80010000 0x00000001
core   0: 0x8000ec50 (0x0000bfe5) c.j     pc - 8
core   0: 3 0x8000ec50 (0xbfe5)
core   0: 0x8000ec48 (0x00001f17) auipc   t5, 0x1
core   0: 3 0x8000ec48 (0x00001f17) x30 0x8000fc48
core   0: 0x8000ec4c (0x3a3f2c23) sw      gp, 952(t5)
core   0: 3 0x8000ec4c (0x3a3f2c23) mem 0x80010000 0x00000001
core   0: 0x8000ec50 (0x0000bfe5) c.j     pc - 8
core   0: 3 0x8000ec50 (0xbfe5)
core   0: 0x8000ec48 (0x00001f17) auipc   t5, 0x1
core   0: 3 0x8000ec48 (0x00001f17) x30 0x8000fc48
core   0: 0x8000ec4c (0x3a3f2c23) sw      gp, 952(t5)
core   0: 3 0x8000ec4c (0x3a3f2c23) mem 0x80010000 0x00000001
core   0: 0x8000ec50 (0x0000bfe5) c.j     pc - 8
core   0: 3 0x8000ec50 (0xbfe5)
core   0: 0x8000ec48 (0x00001f17) auipc   t5, 0x1
core   0: 3 0x8000ec48 (0x00001f17) x30 0x8000fc48
core   0: 0x8000ec4c (0x3a3f2c23) sw      gp, 952(t5)
core   0: 3 0x8000ec4c (0x3a3f2c23) mem 0x80010000 0x00000001
core   0: 0x8000ec50 (0x0000bfe5) c.j     pc - 8
core   0: 3 0x8000ec50 (0xbfe5)
core   0: 0x8000ec48 (0x00001f17) auipc   t5, 0x1
core   0: 3 0x8000ec48 (0x00001f17) x30 0x8000fc48
core   0: 0x8000ec4c (0x3a3f2c23) sw      gp, 952(t5)
core   0: 3 0x8000ec4c (0x3a3f2c23) mem 0x80010000 0x00000001
core   0: 0x8000ec50 (0x0000bfe5) c.j     pc - 8
core   0: 3 0x8000ec50 (0xbfe5)
core   0: 0x8000ec48 (0x00001f17) auipc   t5, 0x1
core   0: 3 0x8000ec48 (0x00001f17) x30 0x8000fc48
core   0: 0x8000ec4c (0x3a3f2c23) sw      gp, 952(t5)
core   0: 3 0x8000ec4c (0x3a3f2c23) mem 0x80010000 0x00000001
core   0: 0x8000ec50 (0x0000bfe5) c.j     pc - 8
core   0: 3 0x8000ec50 (0xbfe5)
core   0: 0x8000ec48 (0x00001f17) auipc   t5, 0x1
core   0: 3 0x8000ec48 (0x00001f17) x30 0x8000fc48
core   0: 0x8000ec4c (0x3a3f2c23) sw      gp, 952(t5)
core   0: 3 0x8000ec4c (0x3a3f2c23) mem 0x80010000 0x00000001
core   0: 0x8000ec50 (0x0000bfe5) c.j     pc - 8
core   0: 3 0x8000ec50 (0xbfe5)
core   0: 0x8000ec48 (0x00001f17) auipc   t5, 0x1
core   0: 3 0x8000ec48 (0x00001f17) x30 0x8000fc48
core   0: 0x8000ec4c (0x3a3f2c23) sw      gp, 952(t5)
core   0: 3 0x8000ec4c (0x3a3f2c23) mem 0x80010000 0x00000001
core   0: 0x8000ec50 (0x0000bfe5) c.j     pc - 8
core   0: 3 0x8000ec50 (0xbfe5)
core   0: 0x8000ec48 (0x00001f17) auipc   t5, 0x1
core   0: 3 0x8000ec48 (0x00001f17) x30 0x8000fc48
core   0: 0x8000ec4c (0x3a3f2c23) sw      gp, 952(t5)
core   0: 3 0x8000ec4c (0x3a3f2c23) mem 0x80010000 0x00000001
core   0: 0x8000ec50 (0x0000bfe5) c.j     pc - 8
core   0: 3 0x8000ec50 (0xbfe5)
core   0: 0x8000ec48 (0x00001f17) auipc   t5, 0x1
core   0: 3 0x8000ec48 (0x00001f17) x30 0x8000fc48
core   0: 0x8000ec4c (0x3a3f2c23) sw      gp, 952(t5)
core   0: 3 0x8000ec4c (0x3a3f2c23) mem 0x80010000 0x00000001
core   0: 0x8000ec50 (0x0000bfe5) c.j     pc - 8
core   0: 3 0x8000ec50 (0xbfe5)
core   0: 0x8000ec48 (0x00001f17) auipc   t5, 0x1
core   0: 3 0x8000ec48 (0x00001f17) x30 0x8000fc48
core   0: 0x8000ec4c (0x3a3f2c23) sw      gp, 952(t5)
core   0: 3 0x8000ec4c (0x3a3f2c23) mem 0x80010000 0x00000001
core   0: 0x8000ec50 (0x0000bfe5) c.j     pc - 8
core   0: 3 0x8000ec50 (0xbfe5)
core   0: 0x8000ec48 (0x00001f17) auipc   t5, 0x1
core   0: 3 0x8000ec48 (0x00001f17) x30 0x8000fc48
core   0: 0x8000ec4c (0x3a3f2c23) sw      gp, 952(t5)
core   0: 3 0x8000ec4c (0x3a3f2c23) mem 0x80010000 0x00000001
core   0: 0x8000ec50 (0x0000bfe5) c.j     pc - 8
core   0: 3 0x8000ec50 (0xbfe5)
core   0: 0x8000ec48 (0x00001f17) auipc   t5, 0x1
core   0: 3 0x8000ec48 (0x00001f17) x30 0x8000fc48
core   0: 0x8000ec4c (0x3a3f2c23) sw      gp, 952(t5)
core   0: 3 0x8000ec4c (0x3a3f2c23) mem 0x80010000 0x00000001
core   0: 0x8000ec50 (0x0000bfe5) c.j     pc - 8
core   0: 3 0x8000ec50 (0xbfe5)
core   0: 0x8000ec48 (0x00001f17) auipc   t5, 0x1
core   0: 3 0x8000ec48 (0x00001f17) x30 0x8000fc48
core   0: 0x8000ec4c (0x3a3f2c23) sw      gp, 952(t5)
core   0: 3 0x8000ec4c (0x3a3f2c23) mem 0x80010000 0x00000001
core   0: 0x8000ec50 (0x0000bfe5) c.j     pc - 8
core   0: 3 0x8000ec50 (0xbfe5)
core   0: 0x8000ec48 (0x00001f17) auipc   t5, 0x1
core   0: 3 0x8000ec48 (0x00001f17) x30 0x8000fc48
core   0: 0x8000ec4c (0x3a3f2c23) sw      gp, 952(t5)
core   0: 3 0x8000ec4c (0x3a3f2c23) mem 0x80010000 0x00000001
core   0: 0x8000ec50 (0x0000bfe5) c.j     pc - 8
core   0: 3 0x8000ec50 (0xbfe5)
core   0: 0x8000ec48 (0x00001f17) auipc   t5, 0x1
core   0: 3 0x8000ec48 (0x00001f17) x30 0x8000fc48
core   0: 0x8000ec4c (0x3a3f2c23) sw      gp, 952(t5)
core   0: 3 0x8000ec4c (0x3a3f2c23) mem 0x80010000 0x00000001
core   0: 0x8000ec50 (0x0000bfe5) c.j     pc - 8
core   0: 3 0x8000ec50 (0xbfe5)
core   0: 0x8000ec48 (0x00001f17) auipc   t5, 0x1
core   0: 3 0x8000ec48 (0x00001f17) x30 0x8000fc48
core   0: 0x8000ec4c (0x3a3f2c23) sw      gp, 952(t5)
core   0: 3 0x8000ec4c (0x3a3f2c23) mem 0x80010000 0x00000001
core   0: 0x8000ec50 (0x0000bfe5) c.j     pc - 8
core   0: 3 0x8000ec50 (0xbfe5)
core   0: 0x8000ec48 (0x00001f17) auipc   t5, 0x1
core   0: 3 0x8000ec48 (0x00001f17) x30 0x8000fc48
core   0: 0x8000ec4c (0x3a3f2c23) sw      gp, 952(t5)
core   0: 3 0x8000ec4c (0x3a3f2c23) mem 0x80010000 0x00000001
core   0: 0x8000ec50 (0x0000bfe5) c.j     pc - 8
core   0: 3 0x8000ec50 (0xbfe5)
core   0: 0x8000ec48 (0x00001f17) auipc   t5, 0x1
core   0: 3 0x8000ec48 (0x00001f17) x30 0x8000fc48
core   0: 0x8000ec4c (0x3a3f2c23) sw      gp, 952(t5)
core   0: 3 0x8000ec4c (0x3a3f2c23) mem 0x80010000 0x00000001
core   0: 0x8000ec50 (0x0000bfe5) c.j     pc - 8
core   0: 3 0x8000ec50 (0xbfe5)
core   0: 0x8000ec48 (0x00001f17) auipc   t5, 0x1
core   0: 3 0x8000ec48 (0x00001f17) x30 0x8000fc48
core   0: 0x8000ec4c (0x3a3f2c23) sw      gp, 952(t5)
core   0: 3 0x8000ec4c (0x3a3f2c23) mem 0x80010000 0x00000001
core   0: 0x8000ec50 (0x0000bfe5) c.j     pc - 8
core   0: 3 0x8000ec50 (0xbfe5)
core   0: 0x8000ec48 (0x00001f17) auipc   t5, 0x1
core   0: 3 0x8000ec48 (0x00001f17) x30 0x8000fc48
core   0: 0x8000ec4c (0x3a3f2c23) sw      gp, 952(t5)
core   0: 3 0x8000ec4c (0x3a3f2c23) mem 0x80010000 0x00000001
core   0: 0x8000ec50 (0x0000bfe5) c.j     pc - 8
core   0: 3 0x8000ec50 (0xbfe5)
core   0: 0x8000ec48 (0x00001f17) auipc   t5, 0x1
core   0: 3 0x8000ec48 (0x00001f17) x30 0x8000fc48
core   0: 0x8000ec4c (0x3a3f2c23) sw      gp, 952(t5)
core   0: 3 0x8000ec4c (0x3a3f2c23) mem 0x80010000 0x00000001
core   0: 0x8000ec50 (0x0000bfe5) c.j     pc - 8
core   0: 3 0x8000ec50 (0xbfe5)
core   0: 0x8000ec48 (0x00001f17) auipc   t5, 0x1
core   0: 3 0x8000ec48 (0x00001f17) x30 0x8000fc48
core   0: 0x8000ec4c (0x3a3f2c23) sw      gp, 952(t5)
core   0: 3 0x8000ec4c (0x3a3f2c23) mem 0x80010000 0x00000001
core   0: 0x8000ec50 (0x0000bfe5) c.j     pc - 8
core   0: 3 0x8000ec50 (0xbfe5)
core   0: 0x8000ec48 (0x00001f17) auipc   t5, 0x1
core   0: 3 0x8000ec48 (0x00001f17) x30 0x8000fc48
core   0: 0x8000ec4c (0x3a3f2c23) sw      gp, 952(t5)
core   0: 3 0x8000ec4c (0x3a3f2c23) mem 0x80010000 0x00000001
core   0: 0x8000ec50 (0x0000bfe5) c.j     pc - 8
core   0: 3 0x8000ec50 (0xbfe5)
core   0: 0x8000ec48 (0x00001f17) auipc   t5, 0x1
core   0: 3 0x8000ec48 (0x00001f17) x30 0x8000fc48
core   0: 0x8000ec4c (0x3a3f2c23) sw      gp, 952(t5)
core   0: 3 0x8000ec4c (0x3a3f2c23) mem 0x80010000 0x00000001
core   0: 0x8000ec50 (0x0000bfe5) c.j     pc - 8
core   0: 3 0x8000ec50 (0xbfe5)
core   0: 0x8000ec48 (0x00001f17) auipc   t5, 0x1
core   0: 3 0x8000ec48 (0x00001f17) x30 0x8000fc48
core   0: 0x8000ec4c (0x3a3f2c23) sw      gp, 952(t5)
core   0: 3 0x8000ec4c (0x3a3f2c23) mem 0x80010000 0x00000001
core   0: 0x8000ec50 (0x0000bfe5) c.j     pc - 8
core   0: 3 0x8000ec50 (0xbfe5)
core   0: 0x8000ec48 (0x00001f17) auipc   t5, 0x1
core   0: 3 0x8000ec48 (0x00001f17) x30 0x8000fc48
core   0: 0x8000ec4c (0x3a3f2c23) sw      gp, 952(t5)
core   0: 3 0x8000ec4c (0x3a3f2c23) mem 0x80010000 0x00000001
core   0: 0x8000ec50 (0x0000bfe5) c.j     pc - 8
core   0: 3 0x8000ec50 (0xbfe5)
core   0: 0x8000ec48 (0x00001f17) auipc   t5, 0x1
core   0: 3 0x8000ec48 (0x00001f17) x30 0x8000fc48
core   0: 0x8000ec4c (0x3a3f2c23) sw      gp, 952(t5)
core   0: 3 0x8000ec4c (0x3a3f2c23) mem 0x80010000 0x00000001
core   0: 0x8000ec50 (0x0000bfe5) c.j     pc - 8
core   0: 3 0x8000ec50 (0xbfe5)
core   0: 0x8000ec48 (0x00001f17) auipc   t5, 0x1
core   0: 3 0x8000ec48 (0x00001f17) x30 0x8000fc48
core   0: 0x8000ec4c (0x3a3f2c23) sw      gp, 952(t5)
core   0: 3 0x8000ec4c (0x3a3f2c23) mem 0x80010000 0x00000001
core   0: 0x8000ec50 (0x0000bfe5) c.j     pc - 8
core   0: 3 0x8000ec50 (0xbfe5)
core   0: 0x8000ec48 (0x00001f17) auipc   t5, 0x1
core   0: 3 0x8000ec48 (0x00001f17) x30 0x8000fc48
core   0: 0x8000ec4c (0x3a3f2c23) sw      gp, 952(t5)
core   0: 3 0x8000ec4c (0x3a3f2c23) mem 0x80010000 0x00000001
core   0: 0x8000ec50 (0x0000bfe5) c.j     pc - 8
core   0: 3 0x8000ec50 (0xbfe5)
core   0: 0x8000ec48 (0x00001f17) auipc   t5, 0x1
core   0: 3 0x8000ec48 (0x00001f17) x30 0x8000fc48
core   0: 0x8000ec4c (0x3a3f2c23) sw      gp, 952(t5)
core   0: 3 0x8000ec4c (0x3a3f2c23) mem 0x80010000 0x00000001
core   0: 0x8000ec50 (0x0000bfe5) c.j     pc - 8
core   0: 3 0x8000ec50 (0xbfe5)
core   0: 0x8000ec48 (0x00001f17) auipc   t5, 0x1
core   0: 3 0x8000ec48 (0x00001f17) x30 0x8000fc48
core   0: 0x8000ec4c (0x3a3f2c23) sw      gp, 952(t5)
core   0: 3 0x8000ec4c (0x3a3f2c23) mem 0x80010000 0x00000001
core   0: 0x8000ec50 (0x0000bfe5) c.j     pc - 8
core   0: 3 0x8000ec50 (0xbfe5)
core   0: 0x8000ec48 (0x00001f17) auipc   t5, 0x1
core   0: 3 0x8000ec48 (0x00001f17) x30 0x8000fc48
core   0: 0x8000ec4c (0x3a3f2c23) sw      gp, 952(t5)
core   0: 3 0x8000ec4c (0x3a3f2c23) mem 0x80010000 0x00000001
core   0: 0x8000ec50 (0x0000bfe5) c.j     pc - 8
core   0: 3 0x8000ec50 (0xbfe5)
core   0: 0x8000ec48 (0x00001f17) auipc   t5, 0x1
core   0: 3 0x8000ec48 (0x00001f17) x30 0x8000fc48
core   0: 0x8000ec4c (0x3a3f2c23) sw      gp, 952(t5)
core   0: 3 0x8000ec4c (0x3a3f2c23) mem 0x80010000 0x00000001
core   0: 0x8000ec50 (0x0000bfe5) c.j     pc - 8
core   0: 3 0x8000ec50 (0xbfe5)
core   0: 0x8000ec48 (0x00001f17) auipc   t5, 0x1
core   0: 3 0x8000ec48 (0x00001f17) x30 0x8000fc48
core   0: 0x8000ec4c (0x3a3f2c23) sw      gp, 952(t5)
core   0: 3 0x8000ec4c (0x3a3f2c23) mem 0x80010000 0x00000001
core   0: 0x8000ec50 (0x0000bfe5) c.j     pc - 8
core   0: 3 0x8000ec50 (0xbfe5)
core   0: 0x8000ec48 (0x00001f17) auipc   t5, 0x1
core   0: 3 0x8000ec48 (0x00001f17) x30 0x8000fc48
core   0: 0x8000ec4c (0x3a3f2c23) sw      gp, 952(t5)
core   0: 3 0x8000ec4c (0x3a3f2c23) mem 0x80010000 0x00000001
core   0: 0x8000ec50 (0x0000bfe5) c.j     pc - 8
core   0: 3 0x8000ec50 (0xbfe5)
core   0: 0x8000ec48 (0x00001f17) auipc   t5, 0x1
core   0: 3 0x8000ec48 (0x00001f17) x30 0x8000fc48
core   0: 0x8000ec4c (0x3a3f2c23) sw      gp, 952(t5)
core   0: 3 0x8000ec4c (0x3a3f2c23) mem 0x80010000 0x00000001
core   0: 0x8000ec50 (0x0000bfe5) c.j     pc - 8
core   0: 3 0x8000ec50 (0xbfe5)
core   0: 0x8000ec48 (0x00001f17) auipc   t5, 0x1
core   0: 3 0x8000ec48 (0x00001f17) x30 0x8000fc48
core   0: 0x8000ec4c (0x3a3f2c23) sw      gp, 952(t5)
core   0: 3 0x8000ec4c (0x3a3f2c23) mem 0x80010000 0x00000001
core   0: 0x8000ec50 (0x0000bfe5) c.j     pc - 8
core   0: 3 0x8000ec50 (0xbfe5)
core   0: 0x8000ec48 (0x00001f17) auipc   t5, 0x1
core   0: 3 0x8000ec48 (0x00001f17) x30 0x8000fc48
core   0: 0x8000ec4c (0x3a3f2c23) sw      gp, 952(t5)
core   0: 3 0x8000ec4c (0x3a3f2c23) mem 0x80010000 0x00000001
core   0: 0x8000ec50 (0x0000bfe5) c.j     pc - 8
core   0: 3 0x8000ec50 (0xbfe5)
core   0: 0x8000ec48 (0x00001f17) auipc   t5, 0x1
core   0: 3 0x8000ec48 (0x00001f17) x30 0x8000fc48
core   0: 0x8000ec4c (0x3a3f2c23) sw      gp, 952(t5)
core   0: 3 0x8000ec4c (0x3a3f2c23) mem 0x80010000 0x00000001
core   0: 0x8000ec50 (0x0000bfe5) c.j     pc - 8
core   0: 3 0x8000ec50 (0xbfe5)
core   0: 0x8000ec48 (0x00001f17) auipc   t5, 0x1
core   0: 3 0x8000ec48 (0x00001f17) x30 0x8000fc48
core   0: 0x8000ec4c (0x3a3f2c23) sw      gp, 952(t5)
core   0: 3 0x8000ec4c (0x3a3f2c23) mem 0x80010000 0x00000001
core   0: 0x8000ec50 (0x0000bfe5) c.j     pc - 8
core   0: 3 0x8000ec50 (0xbfe5)
core   0: 0x8000ec48 (0x00001f17) auipc   t5, 0x1
core   0: 3 0x8000ec48 (0x00001f17) x30 0x8000fc48
core   0: 0x8000ec4c (0x3a3f2c23) sw      gp, 952(t5)
core   0: 3 0x8000ec4c (0x3a3f2c23) mem 0x80010000 0x00000001
core   0: 0x8000ec50 (0x0000bfe5) c.j     pc - 8
core   0: 3 0x8000ec50 (0xbfe5)
core   0: 0x8000ec48 (0x00001f17) auipc   t5, 0x1
core   0: 3 0x8000ec48 (0x00001f17) x30 0x8000fc48
core   0: 0x8000ec4c (0x3a3f2c23) sw      gp, 952(t5)
core   0: 3 0x8000ec4c (0x3a3f2c23) mem 0x80010000 0x00000001
core   0: 0x8000ec50 (0x0000bfe5) c.j     pc - 8
core   0: 3 0x8000ec50 (0xbfe5)
core   0: 0x8000ec48 (0x00001f17) auipc   t5, 0x1
core   0: 3 0x8000ec48 (0x00001f17) x30 0x8000fc48
core   0: 0x8000ec4c (0x3a3f2c23) sw      gp, 952(t5)
core   0: 3 0x8000ec4c (0x3a3f2c23) mem 0x80010000 0x00000001
core   0: 0x8000ec50 (0x0000bfe5) c.j     pc - 8
core   0: 3 0x8000ec50 (0xbfe5)
core   0: 0x8000ec48 (0x00001f17) auipc   t5, 0x1
core   0: 3 0x8000ec48 (0x00001f17) x30 0x8000fc48
core   0: 0x8000ec4c (0x3a3f2c23) sw      gp, 952(t5)
core   0: 3 0x8000ec4c (0x3a3f2c23) mem 0x80010000 0x00000001
core   0: 0x8000ec50 (0x0000bfe5) c.j     pc - 8
core   0: 3 0x8000ec50 (0xbfe5)
core   0: 0x8000ec48 (0x00001f17) auipc   t5, 0x1
core   0: 3 0x8000ec48 (0x00001f17) x30 0x8000fc48
core   0: 0x8000ec4c (0x3a3f2c23) sw      gp, 952(t5)
core   0: 3 0x8000ec4c (0x3a3f2c23) mem 0x80010000 0x00000001
core   0: 0x8000ec50 (0x0000bfe5) c.j     pc - 8
core   0: 3 0x8000ec50 (0xbfe5)
core   0: 0x8000ec48 (0x00001f17) auipc   t5, 0x1
core   0: 3 0x8000ec48 (0x00001f17) x30 0x8000fc48
core   0: 0x8000ec4c (0x3a3f2c23) sw      gp, 952(t5)
core   0: 3 0x8000ec4c (0x3a3f2c23) mem 0x80010000 0x00000001
core   0: 0x8000ec50 (0x0000bfe5) c.j     pc - 8
core   0: 3 0x8000ec50 (0xbfe5)
core   0: 0x8000ec48 (0x00001f17) auipc   t5, 0x1
core   0: 3 0x8000ec48 (0x00001f17) x30 0x8000fc48
core   0: 0x8000ec4c (0x3a3f2c23) sw      gp, 952(t5)
core   0: 3 0x8000ec4c (0x3a3f2c23) mem 0x80010000 0x00000001
core   0: 0x8000ec50 (0x0000bfe5) c.j     pc - 8
core   0: 3 0x8000ec50 (0xbfe5)
core   0: 0x8000ec48 (0x00001f17) auipc   t5, 0x1
core   0: 3 0x8000ec48 (0x00001f17) x30 0x8000fc48
core   0: 0x8000ec4c (0x3a3f2c23) sw      gp, 952(t5)
core   0: 3 0x8000ec4c (0x3a3f2c23) mem 0x80010000 0x00000001
core   0: 0x8000ec50 (0x0000bfe5) c.j     pc - 8
core   0: 3 0x8000ec50 (0xbfe5)
core   0: 0x8000ec48 (0x00001f17) auipc   t5, 0x1
core   0: 3 0x8000ec48 (0x00001f17) x30 0x8000fc48
core   0: 0x8000ec4c (0x3a3f2c23) sw      gp, 952(t5)
core   0: 3 0x8000ec4c (0x3a3f2c23) mem 0x80010000 0x00000001
core   0: 0x8000ec50 (0x0000bfe5) c.j     pc - 8
core   0: 3 0x8000ec50 (0xbfe5)
core   0: 0x8000ec48 (0x00001f17) auipc   t5, 0x1
core   0: 3 0x8000ec48 (0x00001f17) x30 0x8000fc48
core   0: 0x8000ec4c (0x3a3f2c23) sw      gp, 952(t5)
core   0: 3 0x8000ec4c (0x3a3f2c23) mem 0x80010000 0x00000001
core   0: 0x8000ec50 (0x0000bfe5) c.j     pc - 8
core   0: 3 0x8000ec50 (0xbfe5)
core   0: 0x8000ec48 (0x00001f17) auipc   t5, 0x1
core   0: 3 0x8000ec48 (0x00001f17) x30 0x8000fc48
core   0: 0x8000ec4c (0x3a3f2c23) sw      gp, 952(t5)
core   0: 3 0x8000ec4c (0x3a3f2c23) mem 0x80010000 0x00000001
core   0: 0x8000ec50 (0x0000bfe5) c.j     pc - 8
core   0: 3 0x8000ec50 (0xbfe5)
core   0: 0x8000ec48 (0x00001f17) auipc   t5, 0x1
core   0: 3 0x8000ec48 (0x00001f17) x30 0x8000fc48
core   0: 0x8000ec4c (0x3a3f2c23) sw      gp, 952(t5)
core   0: 3 0x8000ec4c (0x3a3f2c23) mem 0x80010000 0x00000001
core   0: 0x8000ec50 (0x0000bfe5) c.j     pc - 8
core   0: 3 0x8000ec50 (0xbfe5)
core   0: 0x8000ec48 (0x00001f17) auipc   t5, 0x1
core   0: 3 0x8000ec48 (0x00001f17) x30 0x8000fc48
core   0: 0x8000ec4c (0x3a3f2c23) sw      gp, 952(t5)
core   0: 3 0x8000ec4c (0x3a3f2c23) mem 0x80010000 0x00000001
core   0: 0x8000ec50 (0x0000bfe5) c.j     pc - 8
core   0: 3 0x8000ec50 (0xbfe5)
core   0: 0x8000ec48 (0x00001f17) auipc   t5, 0x1
core   0: 3 0x8000ec48 (0x00001f17) x30 0x8000fc48
core   0: 0x8000ec4c (0x3a3f2c23) sw      gp, 952(t5)
core   0: 3 0x8000ec4c (0x3a3f2c23) mem 0x80010000 0x00000001
core   0: 0x8000ec50 (0x0000bfe5) c.j     pc - 8
core   0: 3 0x8000ec50 (0xbfe5)
core   0: 0x8000ec48 (0x00001f17) auipc   t5, 0x1
core   0: 3 0x8000ec48 (0x00001f17) x30 0x8000fc48
core   0: 0x8000ec4c (0x3a3f2c23) sw      gp, 952(t5)
core   0: 3 0x8000ec4c (0x3a3f2c23) mem 0x80010000 0x00000001
core   0: 0x8000ec50 (0x0000bfe5) c.j     pc - 8
core   0: 3 0x8000ec50 (0xbfe5)
core   0: 0x8000ec48 (0x00001f17) auipc   t5, 0x1
core   0: 3 0x8000ec48 (0x00001f17) x30 0x8000fc48
core   0: 0x8000ec4c (0x3a3f2c23) sw      gp, 952(t5)
core   0: 3 0x8000ec4c (0x3a3f2c23) mem 0x80010000 0x00000001
core   0: 0x8000ec50 (0x0000bfe5) c.j     pc - 8
core   0: 3 0x8000ec50 (0xbfe5)
core   0: 0x8000ec48 (0x00001f17) auipc   t5, 0x1
core   0: 3 0x8000ec48 (0x00001f17) x30 0x8000fc48
core   0: 0x8000ec4c (0x3a3f2c23) sw      gp, 952(t5)
core   0: 3 0x8000ec4c (0x3a3f2c23) mem 0x80010000 0x00000001
core   0: 0x8000ec50 (0x0000bfe5) c.j     pc - 8
core   0: 3 0x8000ec50 (0xbfe5)
core   0: 0x8000ec48 (0x00001f17) auipc   t5, 0x1
core   0: 3 0x8000ec48 (0x00001f17) x30 0x8000fc48
core   0: 0x8000ec4c (0x3a3f2c23) sw      gp, 952(t5)
core   0: 3 0x8000ec4c (0x3a3f2c23) mem 0x80010000 0x00000001
core   0: 0x8000ec50 (0x0000bfe5) c.j     pc - 8
core   0: 3 0x8000ec50 (0xbfe5)
core   0: 0x8000ec48 (0x00001f17) auipc   t5, 0x1
core   0: 3 0x8000ec48 (0x00001f17) x30 0x8000fc48
core   0: 0x8000ec4c (0x3a3f2c23) sw      gp, 952(t5)
core   0: 3 0x8000ec4c (0x3a3f2c23) mem 0x80010000 0x00000001
core   0: 0x8000ec50 (0x0000bfe5) c.j     pc - 8
core   0: 3 0x8000ec50 (0xbfe5)
core   0: 0x8000ec48 (0x00001f17) auipc   t5, 0x1
core   0: 3 0x8000ec48 (0x00001f17) x30 0x8000fc48
core   0: 0x8000ec4c (0x3a3f2c23) sw      gp, 952(t5)
core   0: 3 0x8000ec4c (0x3a3f2c23) mem 0x80010000 0x00000001
core   0: 0x8000ec50 (0x0000bfe5) c.j     pc - 8
core   0: 3 0x8000ec50 (0xbfe5)
core   0: 0x8000ec48 (0x00001f17) auipc   t5, 0x1
core   0: 3 0x8000ec48 (0x00001f17) x30 0x8000fc48
core   0: 0x8000ec4c (0x3a3f2c23) sw      gp, 952(t5)
core   0: 3 0x8000ec4c (0x3a3f2c23) mem 0x80010000 0x00000001
core   0: 0x8000ec50 (0x0000bfe5) c.j     pc - 8
core   0: 3 0x8000ec50 (0xbfe5)
core   0: 0x8000ec48 (0x00001f17) auipc   t5, 0x1
core   0: 3 0x8000ec48 (0x00001f17) x30 0x8000fc48
core   0: 0x8000ec4c (0x3a3f2c23) sw      gp, 952(t5)
core   0: 3 0x8000ec4c (0x3a3f2c23) mem 0x80010000 0x00000001
core   0: 0x8000ec50 (0x0000bfe5) c.j     pc - 8
core   0: 3 0x8000ec50 (0xbfe5)
core   0: 0x8000ec48 (0x00001f17) auipc   t5, 0x1
core   0: 3 0x8000ec48 (0x00001f17) x30 0x8000fc48
core   0: 0x8000ec4c (0x3a3f2c23) sw      gp, 952(t5)
core   0: 3 0x8000ec4c (0x3a3f2c23) mem 0x80010000 0x00000001
core   0: 0x8000ec50 (0x0000bfe5) c.j     pc - 8
core   0: 3 0x8000ec50 (0xbfe5)
core   0: 0x8000ec48 (0x00001f17) auipc   t5, 0x1
core   0: 3 0x8000ec48 (0x00001f17) x30 0x8000fc48
core   0: 0x8000ec4c (0x3a3f2c23) sw      gp, 952(t5)
core   0: 3 0x8000ec4c (0x3a3f2c23) mem 0x80010000 0x00000001
core   0: 0x8000ec50 (0x0000bfe5) c.j     pc - 8
core   0: 3 0x8000ec50 (0xbfe5)
core   0: 0x8000ec48 (0x00001f17) auipc   t5, 0x1
core   0: 3 0x8000ec48 (0x00001f17) x30 0x8000fc48
core   0: 0x8000ec4c (0x3a3f2c23) sw      gp, 952(t5)
core   0: 3 0x8000ec4c (0x3a3f2c23) mem 0x80010000 0x00000001
core   0: 0x8000ec50 (0x0000bfe5) c.j     pc - 8
core   0: 3 0x8000ec50 (0xbfe5)
core   0: 0x8000ec48 (0x00001f17) auipc   t5, 0x1
core   0: 3 0x8000ec48 (0x00001f17) x30 0x8000fc48
core   0: 0x8000ec4c (0x3a3f2c23) sw      gp, 952(t5)
core   0: 3 0x8000ec4c (0x3a3f2c23) mem 0x80010000 0x00000001
core   0: 0x8000ec50 (0x0000bfe5) c.j     pc - 8
core   0: 3 0x8000ec50 (0xbfe5)
core   0: 0x8000ec48 (0x00001f17) auipc   t5, 0x1
core   0: 3 0x8000ec48 (0x00001f17) x30 0x8000fc48
core   0: 0x8000ec4c (0x3a3f2c23) sw      gp, 952(t5)
core   0: 3 0x8000ec4c (0x3a3f2c23) mem 0x80010000 0x00000001
core   0: 0x8000ec50 (0x0000bfe5) c.j     pc - 8
core   0: 3 0x8000ec50 (0xbfe5)
core   0: 0x8000ec48 (0x00001f17) auipc   t5, 0x1
core   0: 3 0x8000ec48 (0x00001f17) x30 0x8000fc48
core   0: 0x8000ec4c (0x3a3f2c23) sw      gp, 952(t5)
core   0: 3 0x8000ec4c (0x3a3f2c23) mem 0x80010000 0x00000001
core   0: 0x8000ec50 (0x0000bfe5) c.j     pc - 8
core   0: 3 0x8000ec50 (0xbfe5)
core   0: 0x8000ec48 (0x00001f17) auipc   t5, 0x1
core   0: 3 0x8000ec48 (0x00001f17) x30 0x8000fc48
core   0: 0x8000ec4c (0x3a3f2c23) sw      gp, 952(t5)
core   0: 3 0x8000ec4c (0x3a3f2c23) mem 0x80010000 0x00000001
core   0: 0x8000ec50 (0x0000bfe5) c.j     pc - 8
core   0: 3 0x8000ec50 (0xbfe5)
core   0: 0x8000ec48 (0x00001f17) auipc   t5, 0x1
core   0: 3 0x8000ec48 (0x00001f17) x30 0x8000fc48
core   0: 0x8000ec4c (0x3a3f2c23) sw      gp, 952(t5)
core   0: 3 0x8000ec4c (0x3a3f2c23) mem 0x80010000 0x00000001
core   0: 0x8000ec50 (0x0000bfe5) c.j     pc - 8
core   0: 3 0x8000ec50 (0xbfe5)
core   0: 0x8000ec48 (0x00001f17) auipc   t5, 0x1
core   0: 3 0x8000ec48 (0x00001f17) x30 0x8000fc48
core   0: 0x8000ec4c (0x3a3f2c23) sw      gp, 952(t5)
core   0: 3 0x8000ec4c (0x3a3f2c23) mem 0x80010000 0x00000001
core   0: 0x8000ec50 (0x0000bfe5) c.j     pc - 8
core   0: 3 0x8000ec50 (0xbfe5)
core   0: 0x8000ec48 (0x00001f17) auipc   t5, 0x1
core   0: 3 0x8000ec48 (0x00001f17) x30 0x8000fc48
core   0: 0x8000ec4c (0x3a3f2c23) sw      gp, 952(t5)
core   0: 3 0x8000ec4c (0x3a3f2c23) mem 0x80010000 0x00000001
core   0: 0x8000ec50 (0x0000bfe5) c.j     pc - 8
core   0: 3 0x8000ec50 (0xbfe5)
core   0: 0x8000ec48 (0x00001f17) auipc   t5, 0x1
core   0: 3 0x8000ec48 (0x00001f17) x30 0x8000fc48
core   0: 0x8000ec4c (0x3a3f2c23) sw      gp, 952(t5)
core   0: 3 0x8000ec4c (0x3a3f2c23) mem 0x80010000 0x00000001
core   0: 0x8000ec50 (0x0000bfe5) c.j     pc - 8
core   0: 3 0x8000ec50 (0xbfe5)
core   0: 0x8000ec48 (0x00001f17) auipc   t5, 0x1
core   0: 3 0x8000ec48 (0x00001f17) x30 0x8000fc48
core   0: 0x8000ec4c (0x3a3f2c23) sw      gp, 952(t5)
core   0: 3 0x8000ec4c (0x3a3f2c23) mem 0x80010000 0x00000001
core   0: 0x8000ec50 (0x0000bfe5) c.j     pc - 8
core   0: 3 0x8000ec50 (0xbfe5)
core   0: 0x8000ec48 (0x00001f17) auipc   t5, 0x1
core   0: 3 0x8000ec48 (0x00001f17) x30 0x8000fc48
core   0: 0x8000ec4c (0x3a3f2c23) sw      gp, 952(t5)
core   0: 3 0x8000ec4c (0x3a3f2c23) mem 0x80010000 0x00000001
core   0: 0x8000ec50 (0x0000bfe5) c.j     pc - 8
core   0: 3 0x8000ec50 (0xbfe5)
core   0: 0x8000ec48 (0x00001f17) auipc   t5, 0x1
core   0: 3 0x8000ec48 (0x00001f17) x30 0x8000fc48
core   0: 0x8000ec4c (0x3a3f2c23) sw      gp, 952(t5)
core   0: 3 0x8000ec4c (0x3a3f2c23) mem 0x80010000 0x00000001
core   0: 0x8000ec50 (0x0000bfe5) c.j     pc - 8
core   0: 3 0x8000ec50 (0xbfe5)
core   0: 0x8000ec48 (0x00001f17) auipc   t5, 0x1
core   0: 3 0x8000ec48 (0x00001f17) x30 0x8000fc48
core   0: 0x8000ec4c (0x3a3f2c23) sw      gp, 952(t5)
core   0: 3 0x8000ec4c (0x3a3f2c23) mem 0x80010000 0x00000001
core   0: 0x8000ec50 (0x0000bfe5) c.j     pc - 8
core   0: 3 0x8000ec50 (0xbfe5)
core   0: 0x8000ec48 (0x00001f17) auipc   t5, 0x1
core   0: 3 0x8000ec48 (0x00001f17) x30 0x8000fc48
core   0: 0x8000ec4c (0x3a3f2c23) sw      gp, 952(t5)
core   0: 3 0x8000ec4c (0x3a3f2c23) mem 0x80010000 0x00000001
core   0: 0x8000ec50 (0x0000bfe5) c.j     pc - 8
core   0: 3 0x8000ec50 (0xbfe5)
core   0: 0x8000ec48 (0x00001f17) auipc   t5, 0x1
core   0: 3 0x8000ec48 (0x00001f17) x30 0x8000fc48
core   0: 0x8000ec4c (0x3a3f2c23) sw      gp, 952(t5)
core   0: 3 0x8000ec4c (0x3a3f2c23) mem 0x80010000 0x00000001
core   0: 0x8000ec50 (0x0000bfe5) c.j     pc - 8
core   0: 3 0x8000ec50 (0xbfe5)
core   0: 0x8000ec48 (0x00001f17) auipc   t5, 0x1
core   0: 3 0x8000ec48 (0x00001f17) x30 0x8000fc48
core   0: 0x8000ec4c (0x3a3f2c23) sw      gp, 952(t5)
core   0: 3 0x8000ec4c (0x3a3f2c23) mem 0x80010000 0x00000001
core   0: 0x8000ec50 (0x0000bfe5) c.j     pc - 8
core   0: 3 0x8000ec50 (0xbfe5)
core   0: 0x8000ec48 (0x00001f17) auipc   t5, 0x1
core   0: 3 0x8000ec48 (0x00001f17) x30 0x8000fc48
core   0: 0x8000ec4c (0x3a3f2c23) sw      gp, 952(t5)
core   0: 3 0x8000ec4c (0x3a3f2c23) mem 0x80010000 0x00000001
core   0: 0x8000ec50 (0x0000bfe5) c.j     pc - 8
core   0: 3 0x8000ec50 (0xbfe5)
core   0: 0x8000ec48 (0x00001f17) auipc   t5, 0x1
core   0: 3 0x8000ec48 (0x00001f17) x30 0x8000fc48
core   0: 0x8000ec4c (0x3a3f2c23) sw      gp, 952(t5)
core   0: 3 0x8000ec4c (0x3a3f2c23) mem 0x80010000 0x00000001
core   0: 0x8000ec50 (0x0000bfe5) c.j     pc - 8
core   0: 3 0x8000ec50 (0xbfe5)
core   0: 0x8000ec48 (0x00001f17) auipc   t5, 0x1
core   0: 3 0x8000ec48 (0x00001f17) x30 0x8000fc48
core   0: 0x8000ec4c (0x3a3f2c23) sw      gp, 952(t5)
core   0: 3 0x8000ec4c (0x3a3f2c23) mem 0x80010000 0x00000001
core   0: 0x8000ec50 (0x0000bfe5) c.j     pc - 8
core   0: 3 0x8000ec50 (0xbfe5)
core   0: 0x8000ec48 (0x00001f17) auipc   t5, 0x1
core   0: 3 0x8000ec48 (0x00001f17) x30 0x8000fc48
core   0: 0x8000ec4c (0x3a3f2c23) sw      gp, 952(t5)
core   0: 3 0x8000ec4c (0x3a3f2c23) mem 0x80010000 0x00000001
core   0: 0x8000ec50 (0x0000bfe5) c.j     pc - 8
core   0: 3 0x8000ec50 (0xbfe5)
core   0: 0x8000ec48 (0x00001f17) auipc   t5, 0x1
core   0: 3 0x8000ec48 (0x00001f17) x30 0x8000fc48
core   0: 0x8000ec4c (0x3a3f2c23) sw      gp, 952(t5)
core   0: 3 0x8000ec4c (0x3a3f2c23) mem 0x80010000 0x00000001
core   0: 0x8000ec50 (0x0000bfe5) c.j     pc - 8
core   0: 3 0x8000ec50 (0xbfe5)
core   0: 0x8000ec48 (0x00001f17) auipc   t5, 0x1
core   0: 3 0x8000ec48 (0x00001f17) x30 0x8000fc48
core   0: 0x8000ec4c (0x3a3f2c23) sw      gp, 952(t5)
core   0: 3 0x8000ec4c (0x3a3f2c23) mem 0x80010000 0x00000001
core   0: 0x8000ec50 (0x0000bfe5) c.j     pc - 8
core   0: 3 0x8000ec50 (0xbfe5)
core   0: 0x8000ec48 (0x00001f17) auipc   t5, 0x1
core   0: 3 0x8000ec48 (0x00001f17) x30 0x8000fc48
core   0: 0x8000ec4c (0x3a3f2c23) sw      gp, 952(t5)
core   0: 3 0x8000ec4c (0x3a3f2c23) mem 0x80010000 0x00000001
core   0: 0x8000ec50 (0x0000bfe5) c.j     pc - 8
core   0: 3 0x8000ec50 (0xbfe5)
core   0: 0x8000ec48 (0x00001f17) auipc   t5, 0x1
core   0: 3 0x8000ec48 (0x00001f17) x30 0x8000fc48
core   0: 0x8000ec4c (0x3a3f2c23) sw      gp, 952(t5)
core   0: 3 0x8000ec4c (0x3a3f2c23) mem 0x80010000 0x00000001
core   0: 0x8000ec50 (0x0000bfe5) c.j     pc - 8
core   0: 3 0x8000ec50 (0xbfe5)
core   0: 0x8000ec48 (0x00001f17) auipc   t5, 0x1
core   0: 3 0x8000ec48 (0x00001f17) x30 0x8000fc48
core   0: 0x8000ec4c (0x3a3f2c23) sw      gp, 952(t5)
core   0: 3 0x8000ec4c (0x3a3f2c23) mem 0x80010000 0x00000001
core   0: 0x8000ec50 (0x0000bfe5) c.j     pc - 8
core   0: 3 0x8000ec50 (0xbfe5)
core   0: 0x8000ec48 (0x00001f17) auipc   t5, 0x1
core   0: 3 0x8000ec48 (0x00001f17) x30 0x8000fc48
core   0: 0x8000ec4c (0x3a3f2c23) sw      gp, 952(t5)
core   0: 3 0x8000ec4c (0x3a3f2c23) mem 0x80010000 0x00000001
core   0: 0x8000ec50 (0x0000bfe5) c.j     pc - 8
core   0: 3 0x8000ec50 (0xbfe5)
core   0: 0x8000ec48 (0x00001f17) auipc   t5, 0x1
core   0: 3 0x8000ec48 (0x00001f17) x30 0x8000fc48
core   0: 0x8000ec4c (0x3a3f2c23) sw      gp, 952(t5)
core   0: 3 0x8000ec4c (0x3a3f2c23) mem 0x80010000 0x00000001
core   0: 0x8000ec50 (0x0000bfe5) c.j     pc - 8
core   0: 3 0x8000ec50 (0xbfe5)
core   0: 0x8000ec48 (0x00001f17) auipc   t5, 0x1
core   0: 3 0x8000ec48 (0x00001f17) x30 0x8000fc48
core   0: 0x8000ec4c (0x3a3f2c23) sw      gp, 952(t5)
core   0: 3 0x8000ec4c (0x3a3f2c23) mem 0x80010000 0x00000001
core   0: 0x8000ec50 (0x0000bfe5) c.j     pc - 8
core   0: 3 0x8000ec50 (0xbfe5)
core   0: 0x8000ec48 (0x00001f17) auipc   t5, 0x1
core   0: 3 0x8000ec48 (0x00001f17) x30 0x8000fc48
core   0: 0x8000ec4c (0x3a3f2c23) sw      gp, 952(t5)
core   0: 3 0x8000ec4c (0x3a3f2c23) mem 0x80010000 0x00000001
core   0: 0x8000ec50 (0x0000bfe5) c.j     pc - 8
core   0: 3 0x8000ec50 (0xbfe5)
core   0: 0x8000ec48 (0x00001f17) auipc   t5, 0x1
core   0: 3 0x8000ec48 (0x00001f17) x30 0x8000fc48
core   0: 0x8000ec4c (0x3a3f2c23) sw      gp, 952(t5)
core   0: 3 0x8000ec4c (0x3a3f2c23) mem 0x80010000 0x00000001
core   0: 0x8000ec50 (0x0000bfe5) c.j     pc - 8
core   0: 3 0x8000ec50 (0xbfe5)
core   0: 0x8000ec48 (0x00001f17) auipc   t5, 0x1
core   0: 3 0x8000ec48 (0x00001f17) x30 0x8000fc48
core   0: 0x8000ec4c (0x3a3f2c23) sw      gp, 952(t5)
core   0: 3 0x8000ec4c (0x3a3f2c23) mem 0x80010000 0x00000001
core   0: 0x8000ec50 (0x0000bfe5) c.j     pc - 8
core   0: 3 0x8000ec50 (0xbfe5)
core   0: 0x8000ec48 (0x00001f17) auipc   t5, 0x1
core   0: 3 0x8000ec48 (0x00001f17) x30 0x8000fc48
core   0: 0x8000ec4c (0x3a3f2c23) sw      gp, 952(t5)
core   0: 3 0x8000ec4c (0x3a3f2c23) mem 0x80010000 0x00000001
core   0: 0x8000ec50 (0x0000bfe5) c.j     pc - 8
core   0: 3 0x8000ec50 (0xbfe5)
core   0: 0x8000ec48 (0x00001f17) auipc   t5, 0x1
core   0: 3 0x8000ec48 (0x00001f17) x30 0x8000fc48
core   0: 0x8000ec4c (0x3a3f2c23) sw      gp, 952(t5)
core   0: 3 0x8000ec4c (0x3a3f2c23) mem 0x80010000 0x00000001
core   0: 0x8000ec50 (0x0000bfe5) c.j     pc - 8
core   0: 3 0x8000ec50 (0xbfe5)
core   0: 0x8000ec48 (0x00001f17) auipc   t5, 0x1
core   0: 3 0x8000ec48 (0x00001f17) x30 0x8000fc48
core   0: 0x8000ec4c (0x3a3f2c23) sw      gp, 952(t5)
core   0: 3 0x8000ec4c (0x3a3f2c23) mem 0x80010000 0x00000001
core   0: 0x8000ec50 (0x0000bfe5) c.j     pc - 8
core   0: 3 0x8000ec50 (0xbfe5)
core   0: 0x8000ec48 (0x00001f17) auipc   t5, 0x1
core   0: 3 0x8000ec48 (0x00001f17) x30 0x8000fc48
core   0: 0x8000ec4c (0x3a3f2c23) sw      gp, 952(t5)
core   0: 3 0x8000ec4c (0x3a3f2c23) mem 0x80010000 0x00000001
core   0: 0x8000ec50 (0x0000bfe5) c.j     pc - 8
core   0: 3 0x8000ec50 (0xbfe5)
core   0: 0x8000ec48 (0x00001f17) auipc   t5, 0x1
core   0: 3 0x8000ec48 (0x00001f17) x30 0x8000fc48
core   0: 0x8000ec4c (0x3a3f2c23) sw      gp, 952(t5)
core   0: 3 0x8000ec4c (0x3a3f2c23) mem 0x80010000 0x00000001
core   0: 0x8000ec50 (0x0000bfe5) c.j     pc - 8
core   0: 3 0x8000ec50 (0xbfe5)
core   0: 0x8000ec48 (0x00001f17) auipc   t5, 0x1
core   0: 3 0x8000ec48 (0x00001f17) x30 0x8000fc48
core   0: 0x8000ec4c (0x3a3f2c23) sw      gp, 952(t5)
core   0: 3 0x8000ec4c (0x3a3f2c23) mem 0x80010000 0x00000001
core   0: 0x8000ec50 (0x0000bfe5) c.j     pc - 8
core   0: 3 0x8000ec50 (0xbfe5)
core   0: 0x8000ec48 (0x00001f17) auipc   t5, 0x1
core   0: 3 0x8000ec48 (0x00001f17) x30 0x8000fc48
core   0: 0x8000ec4c (0x3a3f2c23) sw      gp, 952(t5)
core   0: 3 0x8000ec4c (0x3a3f2c23) mem 0x80010000 0x00000001
core   0: 0x8000ec50 (0x0000bfe5) c.j     pc - 8
core   0: 3 0x8000ec50 (0xbfe5)
core   0: 0x8000ec48 (0x00001f17) auipc   t5, 0x1
core   0: 3 0x8000ec48 (0x00001f17) x30 0x8000fc48
core   0: 0x8000ec4c (0x3a3f2c23) sw      gp, 952(t5)
core   0: 3 0x8000ec4c (0x3a3f2c23) mem 0x80010000 0x00000001
core   0: 0x8000ec50 (0x0000bfe5) c.j     pc - 8
core   0: 3 0x8000ec50 (0xbfe5)
core   0: 0x8000ec48 (0x00001f17) auipc   t5, 0x1
core   0: 3 0x8000ec48 (0x00001f17) x30 0x8000fc48
core   0: 0x8000ec4c (0x3a3f2c23) sw      gp, 952(t5)
core   0: 3 0x8000ec4c (0x3a3f2c23) mem 0x80010000 0x00000001
core   0: 0x8000ec50 (0x0000bfe5) c.j     pc - 8
core   0: 3 0x8000ec50 (0xbfe5)
core   0: 0x8000ec48 (0x00001f17) auipc   t5, 0x1
core   0: 3 0x8000ec48 (0x00001f17) x30 0x8000fc48
core   0: 0x8000ec4c (0x3a3f2c23) sw      gp, 952(t5)
core   0: 3 0x8000ec4c (0x3a3f2c23) mem 0x80010000 0x00000001
core   0: 0x8000ec50 (0x0000bfe5) c.j     pc - 8
core   0: 3 0x8000ec50 (0xbfe5)
core   0: 0x8000ec48 (0x00001f17) auipc   t5, 0x1
core   0: 3 0x8000ec48 (0x00001f17) x30 0x8000fc48
core   0: 0x8000ec4c (0x3a3f2c23) sw      gp, 952(t5)
core   0: 3 0x8000ec4c (0x3a3f2c23) mem 0x80010000 0x00000001
core   0: 0x8000ec50 (0x0000bfe5) c.j     pc - 8
core   0: 3 0x8000ec50 (0xbfe5)
core   0: 0x8000ec48 (0x00001f17) auipc   t5, 0x1
core   0: 3 0x8000ec48 (0x00001f17) x30 0x8000fc48
core   0: 0x8000ec4c (0x3a3f2c23) sw      gp, 952(t5)
core   0: 3 0x8000ec4c (0x3a3f2c23) mem 0x80010000 0x00000001
core   0: 0x8000ec50 (0x0000bfe5) c.j     pc - 8
core   0: 3 0x8000ec50 (0xbfe5)
core   0: 0x8000ec48 (0x00001f17) auipc   t5, 0x1
core   0: 3 0x8000ec48 (0x00001f17) x30 0x8000fc48
core   0: 0x8000ec4c (0x3a3f2c23) sw      gp, 952(t5)
core   0: 3 0x8000ec4c (0x3a3f2c23) mem 0x80010000 0x00000001
core   0: 0x8000ec50 (0x0000bfe5) c.j     pc - 8
core   0: 3 0x8000ec50 (0xbfe5)
core   0: 0x8000ec48 (0x00001f17) auipc   t5, 0x1
core   0: 3 0x8000ec48 (0x00001f17) x30 0x8000fc48
core   0: 0x8000ec4c (0x3a3f2c23) sw      gp, 952(t5)
core   0: 3 0x8000ec4c (0x3a3f2c23) mem 0x80010000 0x00000001
core   0: 0x8000ec50 (0x0000bfe5) c.j     pc - 8
core   0: 3 0x8000ec50 (0xbfe5)
core   0: 0x8000ec48 (0x00001f17) auipc   t5, 0x1
core   0: 3 0x8000ec48 (0x00001f17) x30 0x8000fc48
core   0: 0x8000ec4c (0x3a3f2c23) sw      gp, 952(t5)
core   0: 3 0x8000ec4c (0x3a3f2c23) mem 0x80010000 0x00000001
core   0: 0x8000ec50 (0x0000bfe5) c.j     pc - 8
core   0: 3 0x8000ec50 (0xbfe5)
core   0: 0x8000ec48 (0x00001f17) auipc   t5, 0x1
core   0: 3 0x8000ec48 (0x00001f17) x30 0x8000fc48
core   0: 0x8000ec4c (0x3a3f2c23) sw      gp, 952(t5)
core   0: 3 0x8000ec4c (0x3a3f2c23) mem 0x80010000 0x00000001
core   0: 0x8000ec50 (0x0000bfe5) c.j     pc - 8
core   0: 3 0x8000ec50 (0xbfe5)
core   0: 0x8000ec48 (0x00001f17) auipc   t5, 0x1
core   0: 3 0x8000ec48 (0x00001f17) x30 0x8000fc48
core   0: 0x8000ec4c (0x3a3f2c23) sw      gp, 952(t5)
core   0: 3 0x8000ec4c (0x3a3f2c23) mem 0x80010000 0x00000001
core   0: 0x8000ec50 (0x0000bfe5) c.j     pc - 8
core   0: 3 0x8000ec50 (0xbfe5)
core   0: 0x8000ec48 (0x00001f17) auipc   t5, 0x1
core   0: 3 0x8000ec48 (0x00001f17) x30 0x8000fc48
core   0: 0x8000ec4c (0x3a3f2c23) sw      gp, 952(t5)
core   0: 3 0x8000ec4c (0x3a3f2c23) mem 0x80010000 0x00000001
core   0: 0x8000ec50 (0x0000bfe5) c.j     pc - 8
core   0: 3 0x8000ec50 (0xbfe5)
core   0: 0x8000ec48 (0x00001f17) auipc   t5, 0x1
core   0: 3 0x8000ec48 (0x00001f17) x30 0x8000fc48
core   0: 0x8000ec4c (0x3a3f2c23) sw      gp, 952(t5)
core   0: 3 0x8000ec4c (0x3a3f2c23) mem 0x80010000 0x00000001
core   0: 0x8000ec50 (0x0000bfe5) c.j     pc - 8
core   0: 3 0x8000ec50 (0xbfe5)
core   0: 0x8000ec48 (0x00001f17) auipc   t5, 0x1
core   0: 3 0x8000ec48 (0x00001f17) x30 0x8000fc48
core   0: 0x8000ec4c (0x3a3f2c23) sw      gp, 952(t5)
core   0: 3 0x8000ec4c (0x3a3f2c23) mem 0x80010000 0x00000001
core   0: 0x8000ec50 (0x0000bfe5) c.j     pc - 8
core   0: 3 0x8000ec50 (0xbfe5)
core   0: 0x8000ec48 (0x00001f17) auipc   t5, 0x1
core   0: 3 0x8000ec48 (0x00001f17) x30 0x8000fc48
core   0: 0x8000ec4c (0x3a3f2c23) sw      gp, 952(t5)
core   0: 3 0x8000ec4c (0x3a3f2c23) mem 0x80010000 0x00000001
core   0: 0x8000ec50 (0x0000bfe5) c.j     pc - 8
core   0: 3 0x8000ec50 (0xbfe5)
core   0: 0x8000ec48 (0x00001f17) auipc   t5, 0x1
core   0: 3 0x8000ec48 (0x00001f17) x30 0x8000fc48
core   0: 0x8000ec4c (0x3a3f2c23) sw      gp, 952(t5)
core   0: 3 0x8000ec4c (0x3a3f2c23) mem 0x80010000 0x00000001
core   0: 0x8000ec50 (0x0000bfe5) c.j     pc - 8
core   0: 3 0x8000ec50 (0xbfe5)
core   0: 0x8000ec48 (0x00001f17) auipc   t5, 0x1
core   0: 3 0x8000ec48 (0x00001f17) x30 0x8000fc48
core   0: 0x8000ec4c (0x3a3f2c23) sw      gp, 952(t5)
core   0: 3 0x8000ec4c (0x3a3f2c23) mem 0x80010000 0x00000001
core   0: 0x8000ec50 (0x0000bfe5) c.j     pc - 8
core   0: 3 0x8000ec50 (0xbfe5)
core   0: 0x8000ec48 (0x00001f17) auipc   t5, 0x1
core   0: 3 0x8000ec48 (0x00001f17) x30 0x8000fc48
core   0: 0x8000ec4c (0x3a3f2c23) sw      gp, 952(t5)
core   0: 3 0x8000ec4c (0x3a3f2c23) mem 0x80010000 0x00000001
core   0: 0x8000ec50 (0x0000bfe5) c.j     pc - 8
core   0: 3 0x8000ec50 (0xbfe5)
core   0: 0x8000ec48 (0x00001f17) auipc   t5, 0x1
core   0: 3 0x8000ec48 (0x00001f17) x30 0x8000fc48
core   0: 0x8000ec4c (0x3a3f2c23) sw      gp, 952(t5)
core   0: 3 0x8000ec4c (0x3a3f2c23) mem 0x80010000 0x00000001
core   0: 0x8000ec50 (0x0000bfe5) c.j     pc - 8
core   0: 3 0x8000ec50 (0xbfe5)
core   0: 0x8000ec48 (0x00001f17) auipc   t5, 0x1
core   0: 3 0x8000ec48 (0x00001f17) x30 0x8000fc48
core   0: 0x8000ec4c (0x3a3f2c23) sw      gp, 952(t5)
core   0: 3 0x8000ec4c (0x3a3f2c23) mem 0x80010000 0x00000001
core   0: 0x8000ec50 (0x0000bfe5) c.j     pc - 8
core   0: 3 0x8000ec50 (0xbfe5)
core   0: 0x8000ec48 (0x00001f17) auipc   t5, 0x1
core   0: 3 0x8000ec48 (0x00001f17) x30 0x8000fc48
core   0: 0x8000ec4c (0x3a3f2c23) sw      gp, 952(t5)
core   0: 3 0x8000ec4c (0x3a3f2c23) mem 0x80010000 0x00000001
core   0: 0x8000ec50 (0x0000bfe5) c.j     pc - 8
core   0: 3 0x8000ec50 (0xbfe5)
core   0: 0x8000ec48 (0x00001f17) auipc   t5, 0x1
core   0: 3 0x8000ec48 (0x00001f17) x30 0x8000fc48
core   0: 0x8000ec4c (0x3a3f2c23) sw      gp, 952(t5)
core   0: 3 0x8000ec4c (0x3a3f2c23) mem 0x80010000 0x00000001
core   0: 0x8000ec50 (0x0000bfe5) c.j     pc - 8
core   0: 3 0x8000ec50 (0xbfe5)
core   0: 0x8000ec48 (0x00001f17) auipc   t5, 0x1
core   0: 3 0x8000ec48 (0x00001f17) x30 0x8000fc48
core   0: 0x8000ec4c (0x3a3f2c23) sw      gp, 952(t5)
core   0: 3 0x8000ec4c (0x3a3f2c23) mem 0x80010000 0x00000001
core   0: 0x8000ec50 (0x0000bfe5) c.j     pc - 8
core   0: 3 0x8000ec50 (0xbfe5)
core   0: 0x8000ec48 (0x00001f17) auipc   t5, 0x1
core   0: 3 0x8000ec48 (0x00001f17) x30 0x8000fc48
core   0: 0x8000ec4c (0x3a3f2c23) sw      gp, 952(t5)
core   0: 3 0x8000ec4c (0x3a3f2c23) mem 0x80010000 0x00000001
core   0: 0x8000ec50 (0x0000bfe5) c.j     pc - 8
core   0: 3 0x8000ec50 (0xbfe5)
core   0: 0x8000ec48 (0x00001f17) auipc   t5, 0x1
core   0: 3 0x8000ec48 (0x00001f17) x30 0x8000fc48
core   0: 0x8000ec4c (0x3a3f2c23) sw      gp, 952(t5)
core   0: 3 0x8000ec4c (0x3a3f2c23) mem 0x80010000 0x00000001
core   0: 0x8000ec50 (0x0000bfe5) c.j     pc - 8
core   0: 3 0x8000ec50 (0xbfe5)
core   0: 0x8000ec48 (0x00001f17) auipc   t5, 0x1
core   0: 3 0x8000ec48 (0x00001f17) x30 0x8000fc48
core   0: 0x8000ec4c (0x3a3f2c23) sw      gp, 952(t5)
core   0: 3 0x8000ec4c (0x3a3f2c23) mem 0x80010000 0x00000001
core   0: 0x8000ec50 (0x0000bfe5) c.j     pc - 8
core   0: 3 0x8000ec50 (0xbfe5)
core   0: 0x8000ec48 (0x00001f17) auipc   t5, 0x1
core   0: 3 0x8000ec48 (0x00001f17) x30 0x8000fc48
core   0: 0x8000ec4c (0x3a3f2c23) sw      gp, 952(t5)
core   0: 3 0x8000ec4c (0x3a3f2c23) mem 0x80010000 0x00000001
core   0: 0x8000ec50 (0x0000bfe5) c.j     pc - 8
core   0: 3 0x8000ec50 (0xbfe5)
core   0: 0x8000ec48 (0x00001f17) auipc   t5, 0x1
core   0: 3 0x8000ec48 (0x00001f17) x30 0x8000fc48
core   0: 0x8000ec4c (0x3a3f2c23) sw      gp, 952(t5)
core   0: 3 0x8000ec4c (0x3a3f2c23) mem 0x80010000 0x00000001
core   0: 0x8000ec50 (0x0000bfe5) c.j     pc - 8
core   0: 3 0x8000ec50 (0xbfe5)
core   0: 0x8000ec48 (0x00001f17) auipc   t5, 0x1
core   0: 3 0x8000ec48 (0x00001f17) x30 0x8000fc48
core   0: 0x8000ec4c (0x3a3f2c23) sw      gp, 952(t5)
core   0: 3 0x8000ec4c (0x3a3f2c23) mem 0x80010000 0x00000001
core   0: 0x8000ec50 (0x0000bfe5) c.j     pc - 8
core   0: 3 0x8000ec50 (0xbfe5)
core   0: 0x8000ec48 (0x00001f17) auipc   t5, 0x1
core   0: 3 0x8000ec48 (0x00001f17) x30 0x8000fc48
core   0: 0x8000ec4c (0x3a3f2c23) sw      gp, 952(t5)
core   0: 3 0x8000ec4c (0x3a3f2c23) mem 0x80010000 0x00000001
core   0: 0x8000ec50 (0x0000bfe5) c.j     pc - 8
core   0: 3 0x8000ec50 (0xbfe5)
core   0: 0x8000ec48 (0x00001f17) auipc   t5, 0x1
core   0: 3 0x8000ec48 (0x00001f17) x30 0x8000fc48
core   0: 0x8000ec4c (0x3a3f2c23) sw      gp, 952(t5)
core   0: 3 0x8000ec4c (0x3a3f2c23) mem 0x80010000 0x00000001
core   0: 0x8000ec50 (0x0000bfe5) c.j     pc - 8
core   0: 3 0x8000ec50 (0xbfe5)
core   0: 0x8000ec48 (0x00001f17) auipc   t5, 0x1
core   0: 3 0x8000ec48 (0x00001f17) x30 0x8000fc48
core   0: 0x8000ec4c (0x3a3f2c23) sw      gp, 952(t5)
core   0: 3 0x8000ec4c (0x3a3f2c23) mem 0x80010000 0x00000001
core   0: 0x8000ec50 (0x0000bfe5) c.j     pc - 8
core   0: 3 0x8000ec50 (0xbfe5)
core   0: 0x8000ec48 (0x00001f17) auipc   t5, 0x1
core   0: 3 0x8000ec48 (0x00001f17) x30 0x8000fc48
core   0: 0x8000ec4c (0x3a3f2c23) sw      gp, 952(t5)
core   0: 3 0x8000ec4c (0x3a3f2c23) mem 0x80010000 0x00000001
core   0: 0x8000ec50 (0x0000bfe5) c.j     pc - 8
core   0: 3 0x8000ec50 (0xbfe5)
core   0: 0x8000ec48 (0x00001f17) auipc   t5, 0x1
core   0: 3 0x8000ec48 (0x00001f17) x30 0x8000fc48
core   0: 0x8000ec4c (0x3a3f2c23) sw      gp, 952(t5)
core   0: 3 0x8000ec4c (0x3a3f2c23) mem 0x80010000 0x00000001
core   0: 0x8000ec50 (0x0000bfe5) c.j     pc - 8
core   0: 3 0x8000ec50 (0xbfe5)
core   0: 0x8000ec48 (0x00001f17) auipc   t5, 0x1
core   0: 3 0x8000ec48 (0x00001f17) x30 0x8000fc48
core   0: 0x8000ec4c (0x3a3f2c23) sw      gp, 952(t5)
core   0: 3 0x8000ec4c (0x3a3f2c23) mem 0x80010000 0x00000001
core   0: 0x8000ec50 (0x0000bfe5) c.j     pc - 8
core   0: 3 0x8000ec50 (0xbfe5)
core   0: 0x8000ec48 (0x00001f17) auipc   t5, 0x1
core   0: 3 0x8000ec48 (0x00001f17) x30 0x8000fc48
core   0: 0x8000ec4c (0x3a3f2c23) sw      gp, 952(t5)
core   0: 3 0x8000ec4c (0x3a3f2c23) mem 0x80010000 0x00000001
core   0: 0x8000ec50 (0x0000bfe5) c.j     pc - 8
core   0: 3 0x8000ec50 (0xbfe5)
core   0: 0x8000ec48 (0x00001f17) auipc   t5, 0x1
core   0: 3 0x8000ec48 (0x00001f17) x30 0x8000fc48
core   0: 0x8000ec4c (0x3a3f2c23) sw      gp, 952(t5)
core   0: 3 0x8000ec4c (0x3a3f2c23) mem 0x80010000 0x00000001
core   0: 0x8000ec50 (0x0000bfe5) c.j     pc - 8
core   0: 3 0x8000ec50 (0xbfe5)
core   0: 0x8000ec48 (0x00001f17) auipc   t5, 0x1
core   0: 3 0x8000ec48 (0x00001f17) x30 0x8000fc48
core   0: 0x8000ec4c (0x3a3f2c23) sw      gp, 952(t5)
core   0: 3 0x8000ec4c (0x3a3f2c23) mem 0x80010000 0x00000001
core   0: 0x8000ec50 (0x0000bfe5) c.j     pc - 8
core   0: 3 0x8000ec50 (0xbfe5)
core   0: 0x8000ec48 (0x00001f17) auipc   t5, 0x1
core   0: 3 0x8000ec48 (0x00001f17) x30 0x8000fc48
core   0: 0x8000ec4c (0x3a3f2c23) sw      gp, 952(t5)
core   0: 3 0x8000ec4c (0x3a3f2c23) mem 0x80010000 0x00000001
core   0: 0x8000ec50 (0x0000bfe5) c.j     pc - 8
core   0: 3 0x8000ec50 (0xbfe5)
core   0: 0x8000ec48 (0x00001f17) auipc   t5, 0x1
core   0: 3 0x8000ec48 (0x00001f17) x30 0x8000fc48
core   0: 0x8000ec4c (0x3a3f2c23) sw      gp, 952(t5)
core   0: 3 0x8000ec4c (0x3a3f2c23) mem 0x80010000 0x00000001
core   0: 0x8000ec50 (0x0000bfe5) c.j     pc - 8
core   0: 3 0x8000ec50 (0xbfe5)
core   0: 0x8000ec48 (0x00001f17) auipc   t5, 0x1
core   0: 3 0x8000ec48 (0x00001f17) x30 0x8000fc48
core   0: 0x8000ec4c (0x3a3f2c23) sw      gp, 952(t5)
core   0: 3 0x8000ec4c (0x3a3f2c23) mem 0x80010000 0x00000001
core   0: 0x8000ec50 (0x0000bfe5) c.j     pc - 8
core   0: 3 0x8000ec50 (0xbfe5)
core   0: 0x8000ec48 (0x00001f17) auipc   t5, 0x1
core   0: 3 0x8000ec48 (0x00001f17) x30 0x8000fc48
core   0: 0x8000ec4c (0x3a3f2c23) sw      gp, 952(t5)
core   0: 3 0x8000ec4c (0x3a3f2c23) mem 0x80010000 0x00000001
core   0: 0x8000ec50 (0x0000bfe5) c.j     pc - 8
core   0: 3 0x8000ec50 (0xbfe5)
core   0: 0x8000ec48 (0x00001f17) auipc   t5, 0x1
core   0: 3 0x8000ec48 (0x00001f17) x30 0x8000fc48
core   0: 0x8000ec4c (0x3a3f2c23) sw      gp, 952(t5)
core   0: 3 0x8000ec4c (0x3a3f2c23) mem 0x80010000 0x00000001
core   0: 0x8000ec50 (0x0000bfe5) c.j     pc - 8
core   0: 3 0x8000ec50 (0xbfe5)
core   0: 0x8000ec48 (0x00001f17) auipc   t5, 0x1
core   0: 3 0x8000ec48 (0x00001f17) x30 0x8000fc48
core   0: 0x8000ec4c (0x3a3f2c23) sw      gp, 952(t5)
core   0: 3 0x8000ec4c (0x3a3f2c23) mem 0x80010000 0x00000001
core   0: 0x8000ec50 (0x0000bfe5) c.j     pc - 8
core   0: 3 0x8000ec50 (0xbfe5)
core   0: 0x8000ec48 (0x00001f17) auipc   t5, 0x1
core   0: 3 0x8000ec48 (0x00001f17) x30 0x8000fc48
core   0: 0x8000ec4c (0x3a3f2c23) sw      gp, 952(t5)
core   0: 3 0x8000ec4c (0x3a3f2c23) mem 0x80010000 0x00000001
core   0: 0x8000ec50 (0x0000bfe5) c.j     pc - 8
core   0: 3 0x8000ec50 (0xbfe5)
core   0: 0x8000ec48 (0x00001f17) auipc   t5, 0x1
core   0: 3 0x8000ec48 (0x00001f17) x30 0x8000fc48
core   0: 0x8000ec4c (0x3a3f2c23) sw      gp, 952(t5)
core   0: 3 0x8000ec4c (0x3a3f2c23) mem 0x80010000 0x00000001
core   0: 0x8000ec50 (0x0000bfe5) c.j     pc - 8
core   0: 3 0x8000ec50 (0xbfe5)
core   0: 0x8000ec48 (0x00001f17) auipc   t5, 0x1
core   0: 3 0x8000ec48 (0x00001f17) x30 0x8000fc48
core   0: 0x8000ec4c (0x3a3f2c23) sw      gp, 952(t5)
core   0: 3 0x8000ec4c (0x3a3f2c23) mem 0x80010000 0x00000001
core   0: 0x8000ec50 (0x0000bfe5) c.j     pc - 8
core   0: 3 0x8000ec50 (0xbfe5)
core   0: 0x8000ec48 (0x00001f17) auipc   t5, 0x1
core   0: 3 0x8000ec48 (0x00001f17) x30 0x8000fc48
core   0: 0x8000ec4c (0x3a3f2c23) sw      gp, 952(t5)
core   0: 3 0x8000ec4c (0x3a3f2c23) mem 0x80010000 0x00000001
core   0: 0x8000ec50 (0x0000bfe5) c.j     pc - 8
core   0: 3 0x8000ec50 (0xbfe5)
core   0: 0x8000ec48 (0x00001f17) auipc   t5, 0x1
core   0: 3 0x8000ec48 (0x00001f17) x30 0x8000fc48
core   0: 0x8000ec4c (0x3a3f2c23) sw      gp, 952(t5)
core   0: 3 0x8000ec4c (0x3a3f2c23) mem 0x80010000 0x00000001
core   0: 0x8000ec50 (0x0000bfe5) c.j     pc - 8
core   0: 3 0x8000ec50 (0xbfe5)
core   0: 0x8000ec48 (0x00001f17) auipc   t5, 0x1
core   0: 3 0x8000ec48 (0x00001f17) x30 0x8000fc48
core   0: 0x8000ec4c (0x3a3f2c23) sw      gp, 952(t5)
core   0: 3 0x8000ec4c (0x3a3f2c23) mem 0x80010000 0x00000001
core   0: 0x8000ec50 (0x0000bfe5) c.j     pc - 8
core   0: 3 0x8000ec50 (0xbfe5)
core   0: 0x8000ec48 (0x00001f17) auipc   t5, 0x1
core   0: 3 0x8000ec48 (0x00001f17) x30 0x8000fc48
core   0: 0x8000ec4c (0x3a3f2c23) sw      gp, 952(t5)
core   0: 3 0x8000ec4c (0x3a3f2c23) mem 0x80010000 0x00000001
core   0: 0x8000ec50 (0x0000bfe5) c.j     pc - 8
core   0: 3 0x8000ec50 (0xbfe5)
core   0: 0x8000ec48 (0x00001f17) auipc   t5, 0x1
core   0: 3 0x8000ec48 (0x00001f17) x30 0x8000fc48
core   0: 0x8000ec4c (0x3a3f2c23) sw      gp, 952(t5)
core   0: 3 0x8000ec4c (0x3a3f2c23) mem 0x80010000 0x00000001
core   0: 0x8000ec50 (0x0000bfe5) c.j     pc - 8
core   0: 3 0x8000ec50 (0xbfe5)
core   0: 0x8000ec48 (0x00001f17) auipc   t5, 0x1
core   0: 3 0x8000ec48 (0x00001f17) x30 0x8000fc48
core   0: 0x8000ec4c (0x3a3f2c23) sw      gp, 952(t5)
core   0: 3 0x8000ec4c (0x3a3f2c23) mem 0x80010000 0x00000001
core   0: 0x8000ec50 (0x0000bfe5) c.j     pc - 8
core   0: 3 0x8000ec50 (0xbfe5)
core   0: 0x8000ec48 (0x00001f17) auipc   t5, 0x1
core   0: 3 0x8000ec48 (0x00001f17) x30 0x8000fc48
core   0: 0x8000ec4c (0x3a3f2c23) sw      gp, 952(t5)
core   0: 3 0x8000ec4c (0x3a3f2c23) mem 0x80010000 0x00000001
core   0: 0x8000ec50 (0x0000bfe5) c.j     pc - 8
core   0: 3 0x8000ec50 (0xbfe5)
core   0: 0x8000ec48 (0x00001f17) auipc   t5, 0x1
core   0: 3 0x8000ec48 (0x00001f17) x30 0x8000fc48
core   0: 0x8000ec4c (0x3a3f2c23) sw      gp, 952(t5)
core   0: 3 0x8000ec4c (0x3a3f2c23) mem 0x80010000 0x00000001
core   0: 0x8000ec50 (0x0000bfe5) c.j     pc - 8
core   0: 3 0x8000ec50 (0xbfe5)
core   0: 0x8000ec48 (0x00001f17) auipc   t5, 0x1
core   0: 3 0x8000ec48 (0x00001f17) x30 0x8000fc48
core   0: 0x8000ec4c (0x3a3f2c23) sw      gp, 952(t5)
core   0: 3 0x8000ec4c (0x3a3f2c23) mem 0x80010000 0x00000001
core   0: 0x8000ec50 (0x0000bfe5) c.j     pc - 8
core   0: 3 0x8000ec50 (0xbfe5)
core   0: 0x8000ec48 (0x00001f17) auipc   t5, 0x1
core   0: 3 0x8000ec48 (0x00001f17) x30 0x8000fc48
core   0: 0x8000ec4c (0x3a3f2c23) sw      gp, 952(t5)
core   0: 3 0x8000ec4c (0x3a3f2c23) mem 0x80010000 0x00000001
core   0: 0x8000ec50 (0x0000bfe5) c.j     pc - 8
core   0: 3 0x8000ec50 (0xbfe5)
core   0: 0x8000ec48 (0x00001f17) auipc   t5, 0x1
core   0: 3 0x8000ec48 (0x00001f17) x30 0x8000fc48
core   0: 0x8000ec4c (0x3a3f2c23) sw      gp, 952(t5)
core   0: 3 0x8000ec4c (0x3a3f2c23) mem 0x80010000 0x00000001
core   0: 0x8000ec50 (0x0000bfe5) c.j     pc - 8
core   0: 3 0x8000ec50 (0xbfe5)
core   0: 0x8000ec48 (0x00001f17) auipc   t5, 0x1
core   0: 3 0x8000ec48 (0x00001f17) x30 0x8000fc48
core   0: 0x8000ec4c (0x3a3f2c23) sw      gp, 952(t5)
core   0: 3 0x8000ec4c (0x3a3f2c23) mem 0x80010000 0x00000001
core   0: 0x8000ec50 (0x0000bfe5) c.j     pc - 8
core   0: 3 0x8000ec50 (0xbfe5)
core   0: 0x8000ec48 (0x00001f17) auipc   t5, 0x1
core   0: 3 0x8000ec48 (0x00001f17) x30 0x8000fc48
core   0: 0x8000ec4c (0x3a3f2c23) sw      gp, 952(t5)
core   0: 3 0x8000ec4c (0x3a3f2c23) mem 0x80010000 0x00000001
core   0: 0x8000ec50 (0x0000bfe5) c.j     pc - 8
core   0: 3 0x8000ec50 (0xbfe5)
core   0: 0x8000ec48 (0x00001f17) auipc   t5, 0x1
core   0: 3 0x8000ec48 (0x00001f17) x30 0x8000fc48
core   0: 0x8000ec4c (0x3a3f2c23) sw      gp, 952(t5)
core   0: 3 0x8000ec4c (0x3a3f2c23) mem 0x80010000 0x00000001
core   0: 0x8000ec50 (0x0000bfe5) c.j     pc - 8
core   0: 3 0x8000ec50 (0xbfe5)
core   0: 0x8000ec48 (0x00001f17) auipc   t5, 0x1
core   0: 3 0x8000ec48 (0x00001f17) x30 0x8000fc48
core   0: 0x8000ec4c (0x3a3f2c23) sw      gp, 952(t5)
core   0: 3 0x8000ec4c (0x3a3f2c23) mem 0x80010000 0x00000001
core   0: 0x8000ec50 (0x0000bfe5) c.j     pc - 8
core   0: 3 0x8000ec50 (0xbfe5)
core   0: 0x8000ec48 (0x00001f17) auipc   t5, 0x1
core   0: 3 0x8000ec48 (0x00001f17) x30 0x8000fc48
core   0: 0x8000ec4c (0x3a3f2c23) sw      gp, 952(t5)
core   0: 3 0x8000ec4c (0x3a3f2c23) mem 0x80010000 0x00000001
core   0: 0x8000ec50 (0x0000bfe5) c.j     pc - 8
core   0: 3 0x8000ec50 (0xbfe5)
core   0: 0x8000ec48 (0x00001f17) auipc   t5, 0x1
core   0: 3 0x8000ec48 (0x00001f17) x30 0x8000fc48
core   0: 0x8000ec4c (0x3a3f2c23) sw      gp, 952(t5)
core   0: 3 0x8000ec4c (0x3a3f2c23) mem 0x80010000 0x00000001
core   0: 0x8000ec50 (0x0000bfe5) c.j     pc - 8
core   0: 3 0x8000ec50 (0xbfe5)
core   0: 0x8000ec48 (0x00001f17) auipc   t5, 0x1
core   0: 3 0x8000ec48 (0x00001f17) x30 0x8000fc48
core   0: 0x8000ec4c (0x3a3f2c23) sw      gp, 952(t5)
core   0: 3 0x8000ec4c (0x3a3f2c23) mem 0x80010000 0x00000001
core   0: 0x8000ec50 (0x0000bfe5) c.j     pc - 8
core   0: 3 0x8000ec50 (0xbfe5)
core   0: 0x8000ec48 (0x00001f17) auipc   t5, 0x1
core   0: 3 0x8000ec48 (0x00001f17) x30 0x8000fc48
core   0: 0x8000ec4c (0x3a3f2c23) sw      gp, 952(t5)
core   0: 3 0x8000ec4c (0x3a3f2c23) mem 0x80010000 0x00000001
core   0: 0x8000ec50 (0x0000bfe5) c.j     pc - 8
core   0: 3 0x8000ec50 (0xbfe5)
core   0: 0x8000ec48 (0x00001f17) auipc   t5, 0x1
core   0: 3 0x8000ec48 (0x00001f17) x30 0x8000fc48
core   0: 0x8000ec4c (0x3a3f2c23) sw      gp, 952(t5)
core   0: 3 0x8000ec4c (0x3a3f2c23) mem 0x80010000 0x00000001
core   0: 0x8000ec50 (0x0000bfe5) c.j     pc - 8
core   0: 3 0x8000ec50 (0xbfe5)
core   0: 0x8000ec48 (0x00001f17) auipc   t5, 0x1
core   0: 3 0x8000ec48 (0x00001f17) x30 0x8000fc48
core   0: 0x8000ec4c (0x3a3f2c23) sw      gp, 952(t5)
core   0: 3 0x8000ec4c (0x3a3f2c23) mem 0x80010000 0x00000001
core   0: 0x8000ec50 (0x0000bfe5) c.j     pc - 8
core   0: 3 0x8000ec50 (0xbfe5)
core   0: 0x8000ec48 (0x00001f17) auipc   t5, 0x1
core   0: 3 0x8000ec48 (0x00001f17) x30 0x8000fc48
core   0: 0x8000ec4c (0x3a3f2c23) sw      gp, 952(t5)
core   0: 3 0x8000ec4c (0x3a3f2c23) mem 0x80010000 0x00000001
core   0: 0x8000ec50 (0x0000bfe5) c.j     pc - 8
core   0: 3 0x8000ec50 (0xbfe5)
core   0: 0x8000ec48 (0x00001f17) auipc   t5, 0x1
core   0: 3 0x8000ec48 (0x00001f17) x30 0x8000fc48
core   0: 0x8000ec4c (0x3a3f2c23) sw      gp, 952(t5)
core   0: 3 0x8000ec4c (0x3a3f2c23) mem 0x80010000 0x00000001
core   0: 0x8000ec50 (0x0000bfe5) c.j     pc - 8
core   0: 3 0x8000ec50 (0xbfe5)
core   0: 0x8000ec48 (0x00001f17) auipc   t5, 0x1
core   0: 3 0x8000ec48 (0x00001f17) x30 0x8000fc48
core   0: 0x8000ec4c (0x3a3f2c23) sw      gp, 952(t5)
core   0: 3 0x8000ec4c (0x3a3f2c23) mem 0x80010000 0x00000001
core   0: 0x8000ec50 (0x0000bfe5) c.j     pc - 8
core   0: 3 0x8000ec50 (0xbfe5)
core   0: 0x8000ec48 (0x00001f17) auipc   t5, 0x1
core   0: 3 0x8000ec48 (0x00001f17) x30 0x8000fc48
core   0: 0x8000ec4c (0x3a3f2c23) sw      gp, 952(t5)
core   0: 3 0x8000ec4c (0x3a3f2c23) mem 0x80010000 0x00000001
core   0: 0x8000ec50 (0x0000bfe5) c.j     pc - 8
core   0: 3 0x8000ec50 (0xbfe5)
core   0: 0x8000ec48 (0x00001f17) auipc   t5, 0x1
core   0: 3 0x8000ec48 (0x00001f17) x30 0x8000fc48
core   0: 0x8000ec4c (0x3a3f2c23) sw      gp, 952(t5)
core   0: 3 0x8000ec4c (0x3a3f2c23) mem 0x80010000 0x00000001
core   0: 0x8000ec50 (0x0000bfe5) c.j     pc - 8
core   0: 3 0x8000ec50 (0xbfe5)
core   0: 0x8000ec48 (0x00001f17) auipc   t5, 0x1
core   0: 3 0x8000ec48 (0x00001f17) x30 0x8000fc48
core   0: 0x8000ec4c (0x3a3f2c23) sw      gp, 952(t5)
core   0: 3 0x8000ec4c (0x3a3f2c23) mem 0x80010000 0x00000001
core   0: 0x8000ec50 (0x0000bfe5) c.j     pc - 8
core   0: 3 0x8000ec50 (0xbfe5)
core   0: 0x8000ec48 (0x00001f17) auipc   t5, 0x1
core   0: 3 0x8000ec48 (0x00001f17) x30 0x8000fc48
core   0: 0x8000ec4c (0x3a3f2c23) sw      gp, 952(t5)
core   0: 3 0x8000ec4c (0x3a3f2c23) mem 0x80010000 0x00000001
core   0: 0x8000ec50 (0x0000bfe5) c.j     pc - 8
core   0: 3 0x8000ec50 (0xbfe5)
core   0: 0x8000ec48 (0x00001f17) auipc   t5, 0x1
core   0: 3 0x8000ec48 (0x00001f17) x30 0x8000fc48
core   0: 0x8000ec4c (0x3a3f2c23) sw      gp, 952(t5)
core   0: 3 0x8000ec4c (0x3a3f2c23) mem 0x80010000 0x00000001
core   0: 0x8000ec50 (0x0000bfe5) c.j     pc - 8
core   0: 3 0x8000ec50 (0xbfe5)
core   0: 0x8000ec48 (0x00001f17) auipc   t5, 0x1
core   0: 3 0x8000ec48 (0x00001f17) x30 0x8000fc48
core   0: 0x8000ec4c (0x3a3f2c23) sw      gp, 952(t5)
core   0: 3 0x8000ec4c (0x3a3f2c23) mem 0x80010000 0x00000001
core   0: 0x8000ec50 (0x0000bfe5) c.j     pc - 8
core   0: 3 0x8000ec50 (0xbfe5)
core   0: 0x8000ec48 (0x00001f17) auipc   t5, 0x1
core   0: 3 0x8000ec48 (0x00001f17) x30 0x8000fc48
core   0: 0x8000ec4c (0x3a3f2c23) sw      gp, 952(t5)
core   0: 3 0x8000ec4c (0x3a3f2c23) mem 0x80010000 0x00000001
core   0: 0x8000ec50 (0x0000bfe5) c.j     pc - 8
core   0: 3 0x8000ec50 (0xbfe5)
core   0: 0x8000ec48 (0x00001f17) auipc   t5, 0x1
core   0: 3 0x8000ec48 (0x00001f17) x30 0x8000fc48
core   0: 0x8000ec4c (0x3a3f2c23) sw      gp, 952(t5)
core   0: 3 0x8000ec4c (0x3a3f2c23) mem 0x80010000 0x00000001
core   0: 0x8000ec50 (0x0000bfe5) c.j     pc - 8
core   0: 3 0x8000ec50 (0xbfe5)
core   0: 0x8000ec48 (0x00001f17) auipc   t5, 0x1
core   0: 3 0x8000ec48 (0x00001f17) x30 0x8000fc48
core   0: 0x8000ec4c (0x3a3f2c23) sw      gp, 952(t5)
core   0: 3 0x8000ec4c (0x3a3f2c23) mem 0x80010000 0x00000001
core   0: 0x8000ec50 (0x0000bfe5) c.j     pc - 8
core   0: 3 0x8000ec50 (0xbfe5)
core   0: 0x8000ec48 (0x00001f17) auipc   t5, 0x1
core   0: 3 0x8000ec48 (0x00001f17) x30 0x8000fc48
core   0: 0x8000ec4c (0x3a3f2c23) sw      gp, 952(t5)
core   0: 3 0x8000ec4c (0x3a3f2c23) mem 0x80010000 0x00000001
core   0: 0x8000ec50 (0x0000bfe5) c.j     pc - 8
core   0: 3 0x8000ec50 (0xbfe5)
core   0: 0x8000ec48 (0x00001f17) auipc   t5, 0x1
core   0: 3 0x8000ec48 (0x00001f17) x30 0x8000fc48
core   0: 0x8000ec4c (0x3a3f2c23) sw      gp, 952(t5)
core   0: 3 0x8000ec4c (0x3a3f2c23) mem 0x80010000 0x00000001
core   0: 0x8000ec50 (0x0000bfe5) c.j     pc - 8
core   0: 3 0x8000ec50 (0xbfe5)
core   0: 0x8000ec48 (0x00001f17) auipc   t5, 0x1
core   0: 3 0x8000ec48 (0x00001f17) x30 0x8000fc48
core   0: 0x8000ec4c (0x3a3f2c23) sw      gp, 952(t5)
core   0: 3 0x8000ec4c (0x3a3f2c23) mem 0x80010000 0x00000001
core   0: 0x8000ec50 (0x0000bfe5) c.j     pc - 8
core   0: 3 0x8000ec50 (0xbfe5)
core   0: 0x8000ec48 (0x00001f17) auipc   t5, 0x1
core   0: 3 0x8000ec48 (0x00001f17) x30 0x8000fc48
core   0: 0x8000ec4c (0x3a3f2c23) sw      gp, 952(t5)
core   0: 3 0x8000ec4c (0x3a3f2c23) mem 0x80010000 0x00000001
core   0: 0x8000ec50 (0x0000bfe5) c.j     pc - 8
core   0: 3 0x8000ec50 (0xbfe5)
core   0: 0x8000ec48 (0x00001f17) auipc   t5, 0x1
core   0: 3 0x8000ec48 (0x00001f17) x30 0x8000fc48
core   0: 0x8000ec4c (0x3a3f2c23) sw      gp, 952(t5)
core   0: 3 0x8000ec4c (0x3a3f2c23) mem 0x80010000 0x00000001
core   0: 0x8000ec50 (0x0000bfe5) c.j     pc - 8
core   0: 3 0x8000ec50 (0xbfe5)
core   0: 0x8000ec48 (0x00001f17) auipc   t5, 0x1
core   0: 3 0x8000ec48 (0x00001f17) x30 0x8000fc48
core   0: 0x8000ec4c (0x3a3f2c23) sw      gp, 952(t5)
core   0: 3 0x8000ec4c (0x3a3f2c23) mem 0x80010000 0x00000001
core   0: 0x8000ec50 (0x0000bfe5) c.j     pc - 8
core   0: 3 0x8000ec50 (0xbfe5)
core   0: 0x8000ec48 (0x00001f17) auipc   t5, 0x1
core   0: 3 0x8000ec48 (0x00001f17) x30 0x8000fc48
core   0: 0x8000ec4c (0x3a3f2c23) sw      gp, 952(t5)
core   0: 3 0x8000ec4c (0x3a3f2c23) mem 0x80010000 0x00000001
core   0: 0x8000ec50 (0x0000bfe5) c.j     pc - 8
core   0: 3 0x8000ec50 (0xbfe5)
core   0: 0x8000ec48 (0x00001f17) auipc   t5, 0x1
core   0: 3 0x8000ec48 (0x00001f17) x30 0x8000fc48
core   0: 0x8000ec4c (0x3a3f2c23) sw      gp, 952(t5)
core   0: 3 0x8000ec4c (0x3a3f2c23) mem 0x80010000 0x00000001
core   0: 0x8000ec50 (0x0000bfe5) c.j     pc - 8
core   0: 3 0x8000ec50 (0xbfe5)
core   0: 0x8000ec48 (0x00001f17) auipc   t5, 0x1
core   0: 3 0x8000ec48 (0x00001f17) x30 0x8000fc48
core   0: 0x8000ec4c (0x3a3f2c23) sw      gp, 952(t5)
core   0: 3 0x8000ec4c (0x3a3f2c23) mem 0x80010000 0x00000001
core   0: 0x8000ec50 (0x0000bfe5) c.j     pc - 8
core   0: 3 0x8000ec50 (0xbfe5)
core   0: 0x8000ec48 (0x00001f17) auipc   t5, 0x1
core   0: 3 0x8000ec48 (0x00001f17) x30 0x8000fc48
core   0: 0x8000ec4c (0x3a3f2c23) sw      gp, 952(t5)
core   0: 3 0x8000ec4c (0x3a3f2c23) mem 0x80010000 0x00000001
core   0: 0x8000ec50 (0x0000bfe5) c.j     pc - 8
core   0: 3 0x8000ec50 (0xbfe5)
core   0: 0x8000ec48 (0x00001f17) auipc   t5, 0x1
core   0: 3 0x8000ec48 (0x00001f17) x30 0x8000fc48
core   0: 0x8000ec4c (0x3a3f2c23) sw      gp, 952(t5)
core   0: 3 0x8000ec4c (0x3a3f2c23) mem 0x80010000 0x00000001
core   0: 0x8000ec50 (0x0000bfe5) c.j     pc - 8
core   0: 3 0x8000ec50 (0xbfe5)
core   0: 0x8000ec48 (0x00001f17) auipc   t5, 0x1
core   0: 3 0x8000ec48 (0x00001f17) x30 0x8000fc48
core   0: 0x8000ec4c (0x3a3f2c23) sw      gp, 952(t5)
core   0: 3 0x8000ec4c (0x3a3f2c23) mem 0x80010000 0x00000001
core   0: 0x8000ec50 (0x0000bfe5) c.j     pc - 8
core   0: 3 0x8000ec50 (0xbfe5)
core   0: 0x8000ec48 (0x00001f17) auipc   t5, 0x1
core   0: 3 0x8000ec48 (0x00001f17) x30 0x8000fc48
core   0: 0x8000ec4c (0x3a3f2c23) sw      gp, 952(t5)
core   0: 3 0x8000ec4c (0x3a3f2c23) mem 0x80010000 0x00000001
core   0: 0x8000ec50 (0x0000bfe5) c.j     pc - 8
core   0: 3 0x8000ec50 (0xbfe5)
core   0: 0x8000ec48 (0x00001f17) auipc   t5, 0x1
core   0: 3 0x8000ec48 (0x00001f17) x30 0x8000fc48
core   0: 0x8000ec4c (0x3a3f2c23) sw      gp, 952(t5)
core   0: 3 0x8000ec4c (0x3a3f2c23) mem 0x80010000 0x00000001
core   0: 0x8000ec50 (0x0000bfe5) c.j     pc - 8
core   0: 3 0x8000ec50 (0xbfe5)
core   0: 0x8000ec48 (0x00001f17) auipc   t5, 0x1
core   0: 3 0x8000ec48 (0x00001f17) x30 0x8000fc48
core   0: 0x8000ec4c (0x3a3f2c23) sw      gp, 952(t5)
core   0: 3 0x8000ec4c (0x3a3f2c23) mem 0x80010000 0x00000001
core   0: 0x8000ec50 (0x0000bfe5) c.j     pc - 8
core   0: 3 0x8000ec50 (0xbfe5)
core   0: 0x8000ec48 (0x00001f17) auipc   t5, 0x1
core   0: 3 0x8000ec48 (0x00001f17) x30 0x8000fc48
core   0: 0x8000ec4c (0x3a3f2c23) sw      gp, 952(t5)
core   0: 3 0x8000ec4c (0x3a3f2c23) mem 0x80010000 0x00000001
core   0: 0x8000ec50 (0x0000bfe5) c.j     pc - 8
core   0: 3 0x8000ec50 (0xbfe5)
core   0: 0x8000ec48 (0x00001f17) auipc   t5, 0x1
core   0: 3 0x8000ec48 (0x00001f17) x30 0x8000fc48
core   0: 0x8000ec4c (0x3a3f2c23) sw      gp, 952(t5)
core   0: 3 0x8000ec4c (0x3a3f2c23) mem 0x80010000 0x00000001
core   0: 0x8000ec50 (0x0000bfe5) c.j     pc - 8
core   0: 3 0x8000ec50 (0xbfe5)
core   0: 0x8000ec48 (0x00001f17) auipc   t5, 0x1
core   0: 3 0x8000ec48 (0x00001f17) x30 0x8000fc48
core   0: 0x8000ec4c (0x3a3f2c23) sw      gp, 952(t5)
core   0: 3 0x8000ec4c (0x3a3f2c23) mem 0x80010000 0x00000001
core   0: 0x8000ec50 (0x0000bfe5) c.j     pc - 8
core   0: 3 0x8000ec50 (0xbfe5)
core   0: 0x8000ec48 (0x00001f17) auipc   t5, 0x1
core   0: 3 0x8000ec48 (0x00001f17) x30 0x8000fc48
core   0: 0x8000ec4c (0x3a3f2c23) sw      gp, 952(t5)
core   0: 3 0x8000ec4c (0x3a3f2c23) mem 0x80010000 0x00000001
core   0: 0x8000ec50 (0x0000bfe5) c.j     pc - 8
core   0: 3 0x8000ec50 (0xbfe5)
core   0: 0x8000ec48 (0x00001f17) auipc   t5, 0x1
core   0: 3 0x8000ec48 (0x00001f17) x30 0x8000fc48
core   0: 0x8000ec4c (0x3a3f2c23) sw      gp, 952(t5)
core   0: 3 0x8000ec4c (0x3a3f2c23) mem 0x80010000 0x00000001
core   0: 0x8000ec50 (0x0000bfe5) c.j     pc - 8
core   0: 3 0x8000ec50 (0xbfe5)
core   0: 0x8000ec48 (0x00001f17) auipc   t5, 0x1
core   0: 3 0x8000ec48 (0x00001f17) x30 0x8000fc48
core   0: 0x8000ec4c (0x3a3f2c23) sw      gp, 952(t5)
core   0: 3 0x8000ec4c (0x3a3f2c23) mem 0x80010000 0x00000001
core   0: 0x8000ec50 (0x0000bfe5) c.j     pc - 8
core   0: 3 0x8000ec50 (0xbfe5)
core   0: 0x8000ec48 (0x00001f17) auipc   t5, 0x1
core   0: 3 0x8000ec48 (0x00001f17) x30 0x8000fc48
core   0: 0x8000ec4c (0x3a3f2c23) sw      gp, 952(t5)
core   0: 3 0x8000ec4c (0x3a3f2c23) mem 0x80010000 0x00000001
core   0: 0x8000ec50 (0x0000bfe5) c.j     pc - 8
core   0: 3 0x8000ec50 (0xbfe5)
core   0: 0x8000ec48 (0x00001f17) auipc   t5, 0x1
core   0: 3 0x8000ec48 (0x00001f17) x30 0x8000fc48
core   0: 0x8000ec4c (0x3a3f2c23) sw      gp, 952(t5)
core   0: 3 0x8000ec4c (0x3a3f2c23) mem 0x80010000 0x00000001
core   0: 0x8000ec50 (0x0000bfe5) c.j     pc - 8
core   0: 3 0x8000ec50 (0xbfe5)
core   0: 0x8000ec48 (0x00001f17) auipc   t5, 0x1
core   0: 3 0x8000ec48 (0x00001f17) x30 0x8000fc48
core   0: 0x8000ec4c (0x3a3f2c23) sw      gp, 952(t5)
core   0: 3 0x8000ec4c (0x3a3f2c23) mem 0x80010000 0x00000001
core   0: 0x8000ec50 (0x0000bfe5) c.j     pc - 8
core   0: 3 0x8000ec50 (0xbfe5)
core   0: 0x8000ec48 (0x00001f17) auipc   t5, 0x1
core   0: 3 0x8000ec48 (0x00001f17) x30 0x8000fc48
core   0: 0x8000ec4c (0x3a3f2c23) sw      gp, 952(t5)
core   0: 3 0x8000ec4c (0x3a3f2c23) mem 0x80010000 0x00000001
core   0: 0x8000ec50 (0x0000bfe5) c.j     pc - 8
core   0: 3 0x8000ec50 (0xbfe5)
core   0: 0x8000ec48 (0x00001f17) auipc   t5, 0x1
core   0: 3 0x8000ec48 (0x00001f17) x30 0x8000fc48
core   0: 0x8000ec4c (0x3a3f2c23) sw      gp, 952(t5)
core   0: 3 0x8000ec4c (0x3a3f2c23) mem 0x80010000 0x00000001
core   0: 0x8000ec50 (0x0000bfe5) c.j     pc - 8
core   0: 3 0x8000ec50 (0xbfe5)
core   0: 0x8000ec48 (0x00001f17) auipc   t5, 0x1
core   0: 3 0x8000ec48 (0x00001f17) x30 0x8000fc48
core   0: 0x8000ec4c (0x3a3f2c23) sw      gp, 952(t5)
core   0: 3 0x8000ec4c (0x3a3f2c23) mem 0x80010000 0x00000001
core   0: 0x8000ec50 (0x0000bfe5) c.j     pc - 8
core   0: 3 0x8000ec50 (0xbfe5)
core   0: 0x8000ec48 (0x00001f17) auipc   t5, 0x1
core   0: 3 0x8000ec48 (0x00001f17) x30 0x8000fc48
core   0: 0x8000ec4c (0x3a3f2c23) sw      gp, 952(t5)
core   0: 3 0x8000ec4c (0x3a3f2c23) mem 0x80010000 0x00000001
core   0: 0x8000ec50 (0x0000bfe5) c.j     pc - 8
core   0: 3 0x8000ec50 (0xbfe5)
core   0: 0x8000ec48 (0x00001f17) auipc   t5, 0x1
core   0: 3 0x8000ec48 (0x00001f17) x30 0x8000fc48
core   0: 0x8000ec4c (0x3a3f2c23) sw      gp, 952(t5)
core   0: 3 0x8000ec4c (0x3a3f2c23) mem 0x80010000 0x00000001
core   0: 0x8000ec50 (0x0000bfe5) c.j     pc - 8
core   0: 3 0x8000ec50 (0xbfe5)
core   0: 0x8000ec48 (0x00001f17) auipc   t5, 0x1
core   0: 3 0x8000ec48 (0x00001f17) x30 0x8000fc48
core   0: 0x8000ec4c (0x3a3f2c23) sw      gp, 952(t5)
core   0: 3 0x8000ec4c (0x3a3f2c23) mem 0x80010000 0x00000001
core   0: 0x8000ec50 (0x0000bfe5) c.j     pc - 8
core   0: 3 0x8000ec50 (0xbfe5)
core   0: 0x8000ec48 (0x00001f17) auipc   t5, 0x1
core   0: 3 0x8000ec48 (0x00001f17) x30 0x8000fc48
core   0: 0x8000ec4c (0x3a3f2c23) sw      gp, 952(t5)
core   0: 3 0x8000ec4c (0x3a3f2c23) mem 0x80010000 0x00000001
core   0: 0x8000ec50 (0x0000bfe5) c.j     pc - 8
core   0: 3 0x8000ec50 (0xbfe5)
core   0: 0x8000ec48 (0x00001f17) auipc   t5, 0x1
core   0: 3 0x8000ec48 (0x00001f17) x30 0x8000fc48
core   0: 0x8000ec4c (0x3a3f2c23) sw      gp, 952(t5)
core   0: 3 0x8000ec4c (0x3a3f2c23) mem 0x80010000 0x00000001
core   0: 0x8000ec50 (0x0000bfe5) c.j     pc - 8
core   0: 3 0x8000ec50 (0xbfe5)
core   0: 0x8000ec48 (0x00001f17) auipc   t5, 0x1
core   0: 3 0x8000ec48 (0x00001f17) x30 0x8000fc48
core   0: 0x8000ec4c (0x3a3f2c23) sw      gp, 952(t5)
core   0: 3 0x8000ec4c (0x3a3f2c23) mem 0x80010000 0x00000001
core   0: 0x8000ec50 (0x0000bfe5) c.j     pc - 8
core   0: 3 0x8000ec50 (0xbfe5)
core   0: 0x8000ec48 (0x00001f17) auipc   t5, 0x1
core   0: 3 0x8000ec48 (0x00001f17) x30 0x8000fc48
core   0: 0x8000ec4c (0x3a3f2c23) sw      gp, 952(t5)
core   0: 3 0x8000ec4c (0x3a3f2c23) mem 0x80010000 0x00000001
core   0: 0x8000ec50 (0x0000bfe5) c.j     pc - 8
core   0: 3 0x8000ec50 (0xbfe5)
core   0: 0x8000ec48 (0x00001f17) auipc   t5, 0x1
core   0: 3 0x8000ec48 (0x00001f17) x30 0x8000fc48
core   0: 0x8000ec4c (0x3a3f2c23) sw      gp, 952(t5)
core   0: 3 0x8000ec4c (0x3a3f2c23) mem 0x80010000 0x00000001
core   0: 0x8000ec50 (0x0000bfe5) c.j     pc - 8
core   0: 3 0x8000ec50 (0xbfe5)
core   0: 0x8000ec48 (0x00001f17) auipc   t5, 0x1
core   0: 3 0x8000ec48 (0x00001f17) x30 0x8000fc48
core   0: 0x8000ec4c (0x3a3f2c23) sw      gp, 952(t5)
core   0: 3 0x8000ec4c (0x3a3f2c23) mem 0x80010000 0x00000001
core   0: 0x8000ec50 (0x0000bfe5) c.j     pc - 8
core   0: 3 0x8000ec50 (0xbfe5)
core   0: 0x8000ec48 (0x00001f17) auipc   t5, 0x1
core   0: 3 0x8000ec48 (0x00001f17) x30 0x8000fc48
core   0: 0x8000ec4c (0x3a3f2c23) sw      gp, 952(t5)
core   0: 3 0x8000ec4c (0x3a3f2c23) mem 0x80010000 0x00000001
core   0: 0x8000ec50 (0x0000bfe5) c.j     pc - 8
core   0: 3 0x8000ec50 (0xbfe5)
core   0: 0x8000ec48 (0x00001f17) auipc   t5, 0x1
core   0: 3 0x8000ec48 (0x00001f17) x30 0x8000fc48
core   0: 0x8000ec4c (0x3a3f2c23) sw      gp, 952(t5)
core   0: 3 0x8000ec4c (0x3a3f2c23) mem 0x80010000 0x00000001
core   0: 0x8000ec50 (0x0000bfe5) c.j     pc - 8
core   0: 3 0x8000ec50 (0xbfe5)
core   0: 0x8000ec48 (0x00001f17) auipc   t5, 0x1
core   0: 3 0x8000ec48 (0x00001f17) x30 0x8000fc48
core   0: 0x8000ec4c (0x3a3f2c23) sw      gp, 952(t5)
core   0: 3 0x8000ec4c (0x3a3f2c23) mem 0x80010000 0x00000001
core   0: 0x8000ec50 (0x0000bfe5) c.j     pc - 8
core   0: 3 0x8000ec50 (0xbfe5)
core   0: 0x8000ec48 (0x00001f17) auipc   t5, 0x1
core   0: 3 0x8000ec48 (0x00001f17) x30 0x8000fc48
core   0: 0x8000ec4c (0x3a3f2c23) sw      gp, 952(t5)
core   0: 3 0x8000ec4c (0x3a3f2c23) mem 0x80010000 0x00000001
core   0: 0x8000ec50 (0x0000bfe5) c.j     pc - 8
core   0: 3 0x8000ec50 (0xbfe5)
core   0: 0x8000ec48 (0x00001f17) auipc   t5, 0x1
core   0: 3 0x8000ec48 (0x00001f17) x30 0x8000fc48
core   0: 0x8000ec4c (0x3a3f2c23) sw      gp, 952(t5)
core   0: 3 0x8000ec4c (0x3a3f2c23) mem 0x80010000 0x00000001
core   0: 0x8000ec50 (0x0000bfe5) c.j     pc - 8
core   0: 3 0x8000ec50 (0xbfe5)
core   0: 0x8000ec48 (0x00001f17) auipc   t5, 0x1
core   0: 3 0x8000ec48 (0x00001f17) x30 0x8000fc48
core   0: 0x8000ec4c (0x3a3f2c23) sw      gp, 952(t5)
core   0: 3 0x8000ec4c (0x3a3f2c23) mem 0x80010000 0x00000001
core   0: 0x8000ec50 (0x0000bfe5) c.j     pc - 8
core   0: 3 0x8000ec50 (0xbfe5)
core   0: 0x8000ec48 (0x00001f17) auipc   t5, 0x1
core   0: 3 0x8000ec48 (0x00001f17) x30 0x8000fc48
core   0: 0x8000ec4c (0x3a3f2c23) sw      gp, 952(t5)
core   0: 3 0x8000ec4c (0x3a3f2c23) mem 0x80010000 0x00000001
core   0: 0x8000ec50 (0x0000bfe5) c.j     pc - 8
core   0: 3 0x8000ec50 (0xbfe5)
core   0: 0x8000ec48 (0x00001f17) auipc   t5, 0x1
core   0: 3 0x8000ec48 (0x00001f17) x30 0x8000fc48
core   0: 0x8000ec4c (0x3a3f2c23) sw      gp, 952(t5)
core   0: 3 0x8000ec4c (0x3a3f2c23) mem 0x80010000 0x00000001
core   0: 0x8000ec50 (0x0000bfe5) c.j     pc - 8
core   0: 3 0x8000ec50 (0xbfe5)
core   0: 0x8000ec48 (0x00001f17) auipc   t5, 0x1
core   0: 3 0x8000ec48 (0x00001f17) x30 0x8000fc48
core   0: 0x8000ec4c (0x3a3f2c23) sw      gp, 952(t5)
core   0: 3 0x8000ec4c (0x3a3f2c23) mem 0x80010000 0x00000001
core   0: 0x8000ec50 (0x0000bfe5) c.j     pc - 8
core   0: 3 0x8000ec50 (0xbfe5)
core   0: 0x8000ec48 (0x00001f17) auipc   t5, 0x1
core   0: 3 0x8000ec48 (0x00001f17) x30 0x8000fc48
core   0: 0x8000ec4c (0x3a3f2c23) sw      gp, 952(t5)
core   0: 3 0x8000ec4c (0x3a3f2c23) mem 0x80010000 0x00000001
core   0: 0x8000ec50 (0x0000bfe5) c.j     pc - 8
core   0: 3 0x8000ec50 (0xbfe5)
core   0: 0x8000ec48 (0x00001f17) auipc   t5, 0x1
core   0: 3 0x8000ec48 (0x00001f17) x30 0x8000fc48
core   0: 0x8000ec4c (0x3a3f2c23) sw      gp, 952(t5)
core   0: 3 0x8000ec4c (0x3a3f2c23) mem 0x80010000 0x00000001
core   0: 0x8000ec50 (0x0000bfe5) c.j     pc - 8
core   0: 3 0x8000ec50 (0xbfe5)
core   0: 0x8000ec48 (0x00001f17) auipc   t5, 0x1
core   0: 3 0x8000ec48 (0x00001f17) x30 0x8000fc48
core   0: 0x8000ec4c (0x3a3f2c23) sw      gp, 952(t5)
core   0: 3 0x8000ec4c (0x3a3f2c23) mem 0x80010000 0x00000001
core   0: 0x8000ec50 (0x0000bfe5) c.j     pc - 8
core   0: 3 0x8000ec50 (0xbfe5)
core   0: 0x8000ec48 (0x00001f17) auipc   t5, 0x1
core   0: 3 0x8000ec48 (0x00001f17) x30 0x8000fc48
core   0: 0x8000ec4c (0x3a3f2c23) sw      gp, 952(t5)
core   0: 3 0x8000ec4c (0x3a3f2c23) mem 0x80010000 0x00000001
core   0: 0x8000ec50 (0x0000bfe5) c.j     pc - 8
core   0: 3 0x8000ec50 (0xbfe5)
core   0: 0x8000ec48 (0x00001f17) auipc   t5, 0x1
core   0: 3 0x8000ec48 (0x00001f17) x30 0x8000fc48
core   0: 0x8000ec4c (0x3a3f2c23) sw      gp, 952(t5)
core   0: 3 0x8000ec4c (0x3a3f2c23) mem 0x80010000 0x00000001
core   0: 0x8000ec50 (0x0000bfe5) c.j     pc - 8
core   0: 3 0x8000ec50 (0xbfe5)
core   0: 0x8000ec48 (0x00001f17) auipc   t5, 0x1
core   0: 3 0x8000ec48 (0x00001f17) x30 0x8000fc48
core   0: 0x8000ec4c (0x3a3f2c23) sw      gp, 952(t5)
core   0: 3 0x8000ec4c (0x3a3f2c23) mem 0x80010000 0x00000001
core   0: 0x8000ec50 (0x0000bfe5) c.j     pc - 8
core   0: 3 0x8000ec50 (0xbfe5)
core   0: 0x8000ec48 (0x00001f17) auipc   t5, 0x1
core   0: 3 0x8000ec48 (0x00001f17) x30 0x8000fc48
core   0: 0x8000ec4c (0x3a3f2c23) sw      gp, 952(t5)
core   0: 3 0x8000ec4c (0x3a3f2c23) mem 0x80010000 0x00000001
core   0: 0x8000ec50 (0x0000bfe5) c.j     pc - 8
core   0: 3 0x8000ec50 (0xbfe5)
core   0: 0x8000ec48 (0x00001f17) auipc   t5, 0x1
core   0: 3 0x8000ec48 (0x00001f17) x30 0x8000fc48
core   0: 0x8000ec4c (0x3a3f2c23) sw      gp, 952(t5)
core   0: 3 0x8000ec4c (0x3a3f2c23) mem 0x80010000 0x00000001
core   0: 0x8000ec50 (0x0000bfe5) c.j     pc - 8
core   0: 3 0x8000ec50 (0xbfe5)
core   0: 0x8000ec48 (0x00001f17) auipc   t5, 0x1
core   0: 3 0x8000ec48 (0x00001f17) x30 0x8000fc48
core   0: 0x8000ec4c (0x3a3f2c23) sw      gp, 952(t5)
core   0: 3 0x8000ec4c (0x3a3f2c23) mem 0x80010000 0x00000001
core   0: 0x8000ec50 (0x0000bfe5) c.j     pc - 8
core   0: 3 0x8000ec50 (0xbfe5)
core   0: 0x8000ec48 (0x00001f17) auipc   t5, 0x1
core   0: 3 0x8000ec48 (0x00001f17) x30 0x8000fc48
core   0: 0x8000ec4c (0x3a3f2c23) sw      gp, 952(t5)
core   0: 3 0x8000ec4c (0x3a3f2c23) mem 0x80010000 0x00000001
core   0: 0x8000ec50 (0x0000bfe5) c.j     pc - 8
core   0: 3 0x8000ec50 (0xbfe5)
core   0: 0x8000ec48 (0x00001f17) auipc   t5, 0x1
core   0: 3 0x8000ec48 (0x00001f17) x30 0x8000fc48
core   0: 0x8000ec4c (0x3a3f2c23) sw      gp, 952(t5)
core   0: 3 0x8000ec4c (0x3a3f2c23) mem 0x80010000 0x00000001
core   0: 0x8000ec50 (0x0000bfe5) c.j     pc - 8
core   0: 3 0x8000ec50 (0xbfe5)
core   0: 0x8000ec48 (0x00001f17) auipc   t5, 0x1
core   0: 3 0x8000ec48 (0x00001f17) x30 0x8000fc48
core   0: 0x8000ec4c (0x3a3f2c23) sw      gp, 952(t5)
core   0: 3 0x8000ec4c (0x3a3f2c23) mem 0x80010000 0x00000001
core   0: 0x8000ec50 (0x0000bfe5) c.j     pc - 8
core   0: 3 0x8000ec50 (0xbfe5)
core   0: 0x8000ec48 (0x00001f17) auipc   t5, 0x1
core   0: 3 0x8000ec48 (0x00001f17) x30 0x8000fc48
core   0: 0x8000ec4c (0x3a3f2c23) sw      gp, 952(t5)
core   0: 3 0x8000ec4c (0x3a3f2c23) mem 0x80010000 0x00000001
core   0: 0x8000ec50 (0x0000bfe5) c.j     pc - 8
core   0: 3 0x8000ec50 (0xbfe5)
core   0: 0x8000ec48 (0x00001f17) auipc   t5, 0x1
core   0: 3 0x8000ec48 (0x00001f17) x30 0x8000fc48
core   0: 0x8000ec4c (0x3a3f2c23) sw      gp, 952(t5)
core   0: 3 0x8000ec4c (0x3a3f2c23) mem 0x80010000 0x00000001
core   0: 0x8000ec50 (0x0000bfe5) c.j     pc - 8
core   0: 3 0x8000ec50 (0xbfe5)
core   0: 0x8000ec48 (0x00001f17) auipc   t5, 0x1
core   0: 3 0x8000ec48 (0x00001f17) x30 0x8000fc48
core   0: 0x8000ec4c (0x3a3f2c23) sw      gp, 952(t5)
core   0: 3 0x8000ec4c (0x3a3f2c23) mem 0x80010000 0x00000001
core   0: 0x8000ec50 (0x0000bfe5) c.j     pc - 8
core   0: 3 0x8000ec50 (0xbfe5)
core   0: 0x8000ec48 (0x00001f17) auipc   t5, 0x1
core   0: 3 0x8000ec48 (0x00001f17) x30 0x8000fc48
core   0: 0x8000ec4c (0x3a3f2c23) sw      gp, 952(t5)
core   0: 3 0x8000ec4c (0x3a3f2c23) mem 0x80010000 0x00000001
core   0: 0x8000ec50 (0x0000bfe5) c.j     pc - 8
core   0: 3 0x8000ec50 (0xbfe5)
core   0: 0x8000ec48 (0x00001f17) auipc   t5, 0x1
core   0: 3 0x8000ec48 (0x00001f17) x30 0x8000fc48
core   0: 0x8000ec4c (0x3a3f2c23) sw      gp, 952(t5)
core   0: 3 0x8000ec4c (0x3a3f2c23) mem 0x80010000 0x00000001
core   0: 0x8000ec50 (0x0000bfe5) c.j     pc - 8
core   0: 3 0x8000ec50 (0xbfe5)
core   0: 0x8000ec48 (0x00001f17) auipc   t5, 0x1
core   0: 3 0x8000ec48 (0x00001f17) x30 0x8000fc48
core   0: 0x8000ec4c (0x3a3f2c23) sw      gp, 952(t5)
core   0: 3 0x8000ec4c (0x3a3f2c23) mem 0x80010000 0x00000001
core   0: 0x8000ec50 (0x0000bfe5) c.j     pc - 8
core   0: 3 0x8000ec50 (0xbfe5)
core   0: 0x8000ec48 (0x00001f17) auipc   t5, 0x1
core   0: 3 0x8000ec48 (0x00001f17) x30 0x8000fc48
core   0: 0x8000ec4c (0x3a3f2c23) sw      gp, 952(t5)
core   0: 3 0x8000ec4c (0x3a3f2c23) mem 0x80010000 0x00000001
core   0: 0x8000ec50 (0x0000bfe5) c.j     pc - 8
core   0: 3 0x8000ec50 (0xbfe5)
core   0: 0x8000ec48 (0x00001f17) auipc   t5, 0x1
core   0: 3 0x8000ec48 (0x00001f17) x30 0x8000fc48
core   0: 0x8000ec4c (0x3a3f2c23) sw      gp, 952(t5)
core   0: 3 0x8000ec4c (0x3a3f2c23) mem 0x80010000 0x00000001
core   0: 0x8000ec50 (0x0000bfe5) c.j     pc - 8
core   0: 3 0x8000ec50 (0xbfe5)
core   0: 0x8000ec48 (0x00001f17) auipc   t5, 0x1
core   0: 3 0x8000ec48 (0x00001f17) x30 0x8000fc48
core   0: 0x8000ec4c (0x3a3f2c23) sw      gp, 952(t5)
core   0: 3 0x8000ec4c (0x3a3f2c23) mem 0x80010000 0x00000001
core   0: 0x8000ec50 (0x0000bfe5) c.j     pc - 8
core   0: 3 0x8000ec50 (0xbfe5)
core   0: 0x8000ec48 (0x00001f17) auipc   t5, 0x1
core   0: 3 0x8000ec48 (0x00001f17) x30 0x8000fc48
core   0: 0x8000ec4c (0x3a3f2c23) sw      gp, 952(t5)
core   0: 3 0x8000ec4c (0x3a3f2c23) mem 0x80010000 0x00000001
core   0: 0x8000ec50 (0x0000bfe5) c.j     pc - 8
core   0: 3 0x8000ec50 (0xbfe5)
core   0: 0x8000ec48 (0x00001f17) auipc   t5, 0x1
core   0: 3 0x8000ec48 (0x00001f17) x30 0x8000fc48
core   0: 0x8000ec4c (0x3a3f2c23) sw      gp, 952(t5)
core   0: 3 0x8000ec4c (0x3a3f2c23) mem 0x80010000 0x00000001
core   0: 0x8000ec50 (0x0000bfe5) c.j     pc - 8
core   0: 3 0x8000ec50 (0xbfe5)
core   0: 0x8000ec48 (0x00001f17) auipc   t5, 0x1
core   0: 3 0x8000ec48 (0x00001f17) x30 0x8000fc48
core   0: 0x8000ec4c (0x3a3f2c23) sw      gp, 952(t5)
core   0: 3 0x8000ec4c (0x3a3f2c23) mem 0x80010000 0x00000001
core   0: 0x8000ec50 (0x0000bfe5) c.j     pc - 8
core   0: 3 0x8000ec50 (0xbfe5)
core   0: 0x8000ec48 (0x00001f17) auipc   t5, 0x1
core   0: 3 0x8000ec48 (0x00001f17) x30 0x8000fc48
core   0: 0x8000ec4c (0x3a3f2c23) sw      gp, 952(t5)
core   0: 3 0x8000ec4c (0x3a3f2c23) mem 0x80010000 0x00000001
core   0: 0x8000ec50 (0x0000bfe5) c.j     pc - 8
core   0: 3 0x8000ec50 (0xbfe5)
core   0: 0x8000ec48 (0x00001f17) auipc   t5, 0x1
core   0: 3 0x8000ec48 (0x00001f17) x30 0x8000fc48
core   0: 0x8000ec4c (0x3a3f2c23) sw      gp, 952(t5)
core   0: 3 0x8000ec4c (0x3a3f2c23) mem 0x80010000 0x00000001
core   0: 0x8000ec50 (0x0000bfe5) c.j     pc - 8
core   0: 3 0x8000ec50 (0xbfe5)
core   0: 0x8000ec48 (0x00001f17) auipc   t5, 0x1
core   0: 3 0x8000ec48 (0x00001f17) x30 0x8000fc48
core   0: 0x8000ec4c (0x3a3f2c23) sw      gp, 952(t5)
core   0: 3 0x8000ec4c (0x3a3f2c23) mem 0x80010000 0x00000001
core   0: 0x8000ec50 (0x0000bfe5) c.j     pc - 8
core   0: 3 0x8000ec50 (0xbfe5)
core   0: 0x8000ec48 (0x00001f17) auipc   t5, 0x1
core   0: 3 0x8000ec48 (0x00001f17) x30 0x8000fc48
core   0: 0x8000ec4c (0x3a3f2c23) sw      gp, 952(t5)
core   0: 3 0x8000ec4c (0x3a3f2c23) mem 0x80010000 0x00000001
core   0: 0x8000ec50 (0x0000bfe5) c.j     pc - 8
core   0: 3 0x8000ec50 (0xbfe5)
core   0: 0x8000ec48 (0x00001f17) auipc   t5, 0x1
core   0: 3 0x8000ec48 (0x00001f17) x30 0x8000fc48
core   0: 0x8000ec4c (0x3a3f2c23) sw      gp, 952(t5)
core   0: 3 0x8000ec4c (0x3a3f2c23) mem 0x80010000 0x00000001
core   0: 0x8000ec50 (0x0000bfe5) c.j     pc - 8
core   0: 3 0x8000ec50 (0xbfe5)
core   0: 0x8000ec48 (0x00001f17) auipc   t5, 0x1
core   0: 3 0x8000ec48 (0x00001f17) x30 0x8000fc48
core   0: 0x8000ec4c (0x3a3f2c23) sw      gp, 952(t5)
core   0: 3 0x8000ec4c (0x3a3f2c23) mem 0x80010000 0x00000001
core   0: 0x8000ec50 (0x0000bfe5) c.j     pc - 8
core   0: 3 0x8000ec50 (0xbfe5)
core   0: 0x8000ec48 (0x00001f17) auipc   t5, 0x1
core   0: 3 0x8000ec48 (0x00001f17) x30 0x8000fc48
core   0: 0x8000ec4c (0x3a3f2c23) sw      gp, 952(t5)
core   0: 3 0x8000ec4c (0x3a3f2c23) mem 0x80010000 0x00000001
core   0: 0x8000ec50 (0x0000bfe5) c.j     pc - 8
core   0: 3 0x8000ec50 (0xbfe5)
core   0: 0x8000ec48 (0x00001f17) auipc   t5, 0x1
core   0: 3 0x8000ec48 (0x00001f17) x30 0x8000fc48
core   0: 0x8000ec4c (0x3a3f2c23) sw      gp, 952(t5)
core   0: 3 0x8000ec4c (0x3a3f2c23) mem 0x80010000 0x00000001
core   0: 0x8000ec50 (0x0000bfe5) c.j     pc - 8
core   0: 3 0x8000ec50 (0xbfe5)
core   0: 0x8000ec48 (0x00001f17) auipc   t5, 0x1
core   0: 3 0x8000ec48 (0x00001f17) x30 0x8000fc48
core   0: 0x8000ec4c (0x3a3f2c23) sw      gp, 952(t5)
core   0: 3 0x8000ec4c (0x3a3f2c23) mem 0x80010000 0x00000001
core   0: 0x8000ec50 (0x0000bfe5) c.j     pc - 8
core   0: 3 0x8000ec50 (0xbfe5)
core   0: 0x8000ec48 (0x00001f17) auipc   t5, 0x1
core   0: 3 0x8000ec48 (0x00001f17) x30 0x8000fc48
core   0: 0x8000ec4c (0x3a3f2c23) sw      gp, 952(t5)
core   0: 3 0x8000ec4c (0x3a3f2c23) mem 0x80010000 0x00000001
core   0: 0x8000ec50 (0x0000bfe5) c.j     pc - 8
core   0: 3 0x8000ec50 (0xbfe5)
core   0: 0x8000ec48 (0x00001f17) auipc   t5, 0x1
core   0: 3 0x8000ec48 (0x00001f17) x30 0x8000fc48
core   0: 0x8000ec4c (0x3a3f2c23) sw      gp, 952(t5)
core   0: 3 0x8000ec4c (0x3a3f2c23) mem 0x80010000 0x00000001
core   0: 0x8000ec50 (0x0000bfe5) c.j     pc - 8
core   0: 3 0x8000ec50 (0xbfe5)
core   0: 0x8000ec48 (0x00001f17) auipc   t5, 0x1
core   0: 3 0x8000ec48 (0x00001f17) x30 0x8000fc48
core   0: 0x8000ec4c (0x3a3f2c23) sw      gp, 952(t5)
core   0: 3 0x8000ec4c (0x3a3f2c23) mem 0x80010000 0x00000001
core   0: 0x8000ec50 (0x0000bfe5) c.j     pc - 8
core   0: 3 0x8000ec50 (0xbfe5)
core   0: 0x8000ec48 (0x00001f17) auipc   t5, 0x1
core   0: 3 0x8000ec48 (0x00001f17) x30 0x8000fc48
core   0: 0x8000ec4c (0x3a3f2c23) sw      gp, 952(t5)
core   0: 3 0x8000ec4c (0x3a3f2c23) mem 0x80010000 0x00000001
core   0: 0x8000ec50 (0x0000bfe5) c.j     pc - 8
core   0: 3 0x8000ec50 (0xbfe5)
core   0: 0x8000ec48 (0x00001f17) auipc   t5, 0x1
core   0: 3 0x8000ec48 (0x00001f17) x30 0x8000fc48
core   0: 0x8000ec4c (0x3a3f2c23) sw      gp, 952(t5)
core   0: 3 0x8000ec4c (0x3a3f2c23) mem 0x80010000 0x00000001
core   0: 0x8000ec50 (0x0000bfe5) c.j     pc - 8
core   0: 3 0x8000ec50 (0xbfe5)
core   0: 0x8000ec48 (0x00001f17) auipc   t5, 0x1
core   0: 3 0x8000ec48 (0x00001f17) x30 0x8000fc48
core   0: 0x8000ec4c (0x3a3f2c23) sw      gp, 952(t5)
core   0: 3 0x8000ec4c (0x3a3f2c23) mem 0x80010000 0x00000001
core   0: 0x8000ec50 (0x0000bfe5) c.j     pc - 8
core   0: 3 0x8000ec50 (0xbfe5)
core   0: 0x8000ec48 (0x00001f17) auipc   t5, 0x1
core   0: 3 0x8000ec48 (0x00001f17) x30 0x8000fc48
core   0: 0x8000ec4c (0x3a3f2c23) sw      gp, 952(t5)
core   0: 3 0x8000ec4c (0x3a3f2c23) mem 0x80010000 0x00000001
core   0: 0x8000ec50 (0x0000bfe5) c.j     pc - 8
core   0: 3 0x8000ec50 (0xbfe5)
core   0: 0x8000ec48 (0x00001f17) auipc   t5, 0x1
core   0: 3 0x8000ec48 (0x00001f17) x30 0x8000fc48
core   0: 0x8000ec4c (0x3a3f2c23) sw      gp, 952(t5)
core   0: 3 0x8000ec4c (0x3a3f2c23) mem 0x80010000 0x00000001
core   0: 0x8000ec50 (0x0000bfe5) c.j     pc - 8
core   0: 3 0x8000ec50 (0xbfe5)
core   0: 0x8000ec48 (0x00001f17) auipc   t5, 0x1
core   0: 3 0x8000ec48 (0x00001f17) x30 0x8000fc48
core   0: 0x8000ec4c (0x3a3f2c23) sw      gp, 952(t5)
core   0: 3 0x8000ec4c (0x3a3f2c23) mem 0x80010000 0x00000001
core   0: 0x8000ec50 (0x0000bfe5) c.j     pc - 8
core   0: 3 0x8000ec50 (0xbfe5)
core   0: 0x8000ec48 (0x00001f17) auipc   t5, 0x1
core   0: 3 0x8000ec48 (0x00001f17) x30 0x8000fc48
core   0: 0x8000ec4c (0x3a3f2c23) sw      gp, 952(t5)
core   0: 3 0x8000ec4c (0x3a3f2c23) mem 0x80010000 0x00000001
core   0: 0x8000ec50 (0x0000bfe5) c.j     pc - 8
core   0: 3 0x8000ec50 (0xbfe5)
core   0: 0x8000ec48 (0x00001f17) auipc   t5, 0x1
core   0: 3 0x8000ec48 (0x00001f17) x30 0x8000fc48
core   0: 0x8000ec4c (0x3a3f2c23) sw      gp, 952(t5)
core   0: 3 0x8000ec4c (0x3a3f2c23) mem 0x80010000 0x00000001
core   0: 0x8000ec50 (0x0000bfe5) c.j     pc - 8
core   0: 3 0x8000ec50 (0xbfe5)
core   0: 0x8000ec48 (0x00001f17) auipc   t5, 0x1
core   0: 3 0x8000ec48 (0x00001f17) x30 0x8000fc48
core   0: 0x8000ec4c (0x3a3f2c23) sw      gp, 952(t5)
core   0: 3 0x8000ec4c (0x3a3f2c23) mem 0x80010000 0x00000001
core   0: 0x8000ec50 (0x0000bfe5) c.j     pc - 8
core   0: 3 0x8000ec50 (0xbfe5)
core   0: 0x8000ec48 (0x00001f17) auipc   t5, 0x1
core   0: 3 0x8000ec48 (0x00001f17) x30 0x8000fc48
core   0: 0x8000ec4c (0x3a3f2c23) sw      gp, 952(t5)
core   0: 3 0x8000ec4c (0x3a3f2c23) mem 0x80010000 0x00000001
core   0: 0x8000ec50 (0x0000bfe5) c.j     pc - 8
core   0: 3 0x8000ec50 (0xbfe5)
core   0: 0x8000ec48 (0x00001f17) auipc   t5, 0x1
core   0: 3 0x8000ec48 (0x00001f17) x30 0x8000fc48
core   0: 0x8000ec4c (0x3a3f2c23) sw      gp, 952(t5)
core   0: 3 0x8000ec4c (0x3a3f2c23) mem 0x80010000 0x00000001
core   0: 0x8000ec50 (0x0000bfe5) c.j     pc - 8
core   0: 3 0x8000ec50 (0xbfe5)
core   0: 0x8000ec48 (0x00001f17) auipc   t5, 0x1
core   0: 3 0x8000ec48 (0x00001f17) x30 0x8000fc48
core   0: 0x8000ec4c (0x3a3f2c23) sw      gp, 952(t5)
core   0: 3 0x8000ec4c (0x3a3f2c23) mem 0x80010000 0x00000001
core   0: 0x8000ec50 (0x0000bfe5) c.j     pc - 8
core   0: 3 0x8000ec50 (0xbfe5)
core   0: 0x8000ec48 (0x00001f17) auipc   t5, 0x1
core   0: 3 0x8000ec48 (0x00001f17) x30 0x8000fc48
core   0: 0x8000ec4c (0x3a3f2c23) sw      gp, 952(t5)
core   0: 3 0x8000ec4c (0x3a3f2c23) mem 0x80010000 0x00000001
core   0: 0x8000ec50 (0x0000bfe5) c.j     pc - 8
core   0: 3 0x8000ec50 (0xbfe5)
core   0: 0x8000ec48 (0x00001f17) auipc   t5, 0x1
core   0: 3 0x8000ec48 (0x00001f17) x30 0x8000fc48
core   0: 0x8000ec4c (0x3a3f2c23) sw      gp, 952(t5)
core   0: 3 0x8000ec4c (0x3a3f2c23) mem 0x80010000 0x00000001
core   0: 0x8000ec50 (0x0000bfe5) c.j     pc - 8
core   0: 3 0x8000ec50 (0xbfe5)
core   0: 0x8000ec48 (0x00001f17) auipc   t5, 0x1
core   0: 3 0x8000ec48 (0x00001f17) x30 0x8000fc48
core   0: 0x8000ec4c (0x3a3f2c23) sw      gp, 952(t5)
core   0: 3 0x8000ec4c (0x3a3f2c23) mem 0x80010000 0x00000001
core   0: 0x8000ec50 (0x0000bfe5) c.j     pc - 8
core   0: 3 0x8000ec50 (0xbfe5)
core   0: 0x8000ec48 (0x00001f17) auipc   t5, 0x1
core   0: 3 0x8000ec48 (0x00001f17) x30 0x8000fc48
core   0: 0x8000ec4c (0x3a3f2c23) sw      gp, 952(t5)
core   0: 3 0x8000ec4c (0x3a3f2c23) mem 0x80010000 0x00000001
core   0: 0x8000ec50 (0x0000bfe5) c.j     pc - 8
core   0: 3 0x8000ec50 (0xbfe5)
core   0: 0x8000ec48 (0x00001f17) auipc   t5, 0x1
core   0: 3 0x8000ec48 (0x00001f17) x30 0x8000fc48
core   0: 0x8000ec4c (0x3a3f2c23) sw      gp, 952(t5)
core   0: 3 0x8000ec4c (0x3a3f2c23) mem 0x80010000 0x00000001
core   0: 0x8000ec50 (0x0000bfe5) c.j     pc - 8
core   0: 3 0x8000ec50 (0xbfe5)
core   0: 0x8000ec48 (0x00001f17) auipc   t5, 0x1
core   0: 3 0x8000ec48 (0x00001f17) x30 0x8000fc48
core   0: 0x8000ec4c (0x3a3f2c23) sw      gp, 952(t5)
core   0: 3 0x8000ec4c (0x3a3f2c23) mem 0x80010000 0x00000001
core   0: 0x8000ec50 (0x0000bfe5) c.j     pc - 8
core   0: 3 0x8000ec50 (0xbfe5)
core   0: 0x8000ec48 (0x00001f17) auipc   t5, 0x1
core   0: 3 0x8000ec48 (0x00001f17) x30 0x8000fc48
core   0: 0x8000ec4c (0x3a3f2c23) sw      gp, 952(t5)
core   0: 3 0x8000ec4c (0x3a3f2c23) mem 0x80010000 0x00000001
core   0: 0x8000ec50 (0x0000bfe5) c.j     pc - 8
core   0: 3 0x8000ec50 (0xbfe5)
core   0: 0x8000ec48 (0x00001f17) auipc   t5, 0x1
core   0: 3 0x8000ec48 (0x00001f17) x30 0x8000fc48
core   0: 0x8000ec4c (0x3a3f2c23) sw      gp, 952(t5)
core   0: 3 0x8000ec4c (0x3a3f2c23) mem 0x80010000 0x00000001
core   0: 0x8000ec50 (0x0000bfe5) c.j     pc - 8
core   0: 3 0x8000ec50 (0xbfe5)
core   0: 0x8000ec48 (0x00001f17) auipc   t5, 0x1
core   0: 3 0x8000ec48 (0x00001f17) x30 0x8000fc48
core   0: 0x8000ec4c (0x3a3f2c23) sw      gp, 952(t5)
core   0: 3 0x8000ec4c (0x3a3f2c23) mem 0x80010000 0x00000001
core   0: 0x8000ec50 (0x0000bfe5) c.j     pc - 8
core   0: 3 0x8000ec50 (0xbfe5)
core   0: 0x8000ec48 (0x00001f17) auipc   t5, 0x1
core   0: 3 0x8000ec48 (0x00001f17) x30 0x8000fc48
core   0: 0x8000ec4c (0x3a3f2c23) sw      gp, 952(t5)
core   0: 3 0x8000ec4c (0x3a3f2c23) mem 0x80010000 0x00000001
core   0: 0x8000ec50 (0x0000bfe5) c.j     pc - 8
core   0: 3 0x8000ec50 (0xbfe5)
core   0: 0x8000ec48 (0x00001f17) auipc   t5, 0x1
core   0: 3 0x8000ec48 (0x00001f17) x30 0x8000fc48
core   0: 0x8000ec4c (0x3a3f2c23) sw      gp, 952(t5)
core   0: 3 0x8000ec4c (0x3a3f2c23) mem 0x80010000 0x00000001
core   0: 0x8000ec50 (0x0000bfe5) c.j     pc - 8
core   0: 3 0x8000ec50 (0xbfe5)
core   0: 0x8000ec48 (0x00001f17) auipc   t5, 0x1
core   0: 3 0x8000ec48 (0x00001f17) x30 0x8000fc48
core   0: 0x8000ec4c (0x3a3f2c23) sw      gp, 952(t5)
core   0: 3 0x8000ec4c (0x3a3f2c23) mem 0x80010000 0x00000001
core   0: 0x8000ec50 (0x0000bfe5) c.j     pc - 8
core   0: 3 0x8000ec50 (0xbfe5)
core   0: 0x8000ec48 (0x00001f17) auipc   t5, 0x1
core   0: 3 0x8000ec48 (0x00001f17) x30 0x8000fc48
core   0: 0x8000ec4c (0x3a3f2c23) sw      gp, 952(t5)
core   0: 3 0x8000ec4c (0x3a3f2c23) mem 0x80010000 0x00000001
core   0: 0x8000ec50 (0x0000bfe5) c.j     pc - 8
core   0: 3 0x8000ec50 (0xbfe5)
core   0: 0x8000ec48 (0x00001f17) auipc   t5, 0x1
core   0: 3 0x8000ec48 (0x00001f17) x30 0x8000fc48
core   0: 0x8000ec4c (0x3a3f2c23) sw      gp, 952(t5)
core   0: 3 0x8000ec4c (0x3a3f2c23) mem 0x80010000 0x00000001
core   0: 0x8000ec50 (0x0000bfe5) c.j     pc - 8
core   0: 3 0x8000ec50 (0xbfe5)
core   0: 0x8000ec48 (0x00001f17) auipc   t5, 0x1
core   0: 3 0x8000ec48 (0x00001f17) x30 0x8000fc48
core   0: 0x8000ec4c (0x3a3f2c23) sw      gp, 952(t5)
core   0: 3 0x8000ec4c (0x3a3f2c23) mem 0x80010000 0x00000001
core   0: 0x8000ec50 (0x0000bfe5) c.j     pc - 8
core   0: 3 0x8000ec50 (0xbfe5)
core   0: 0x8000ec48 (0x00001f17) auipc   t5, 0x1
core   0: 3 0x8000ec48 (0x00001f17) x30 0x8000fc48
core   0: 0x8000ec4c (0x3a3f2c23) sw      gp, 952(t5)
core   0: 3 0x8000ec4c (0x3a3f2c23) mem 0x80010000 0x00000001
core   0: 0x8000ec50 (0x0000bfe5) c.j     pc - 8
core   0: 3 0x8000ec50 (0xbfe5)
core   0: 0x8000ec48 (0x00001f17) auipc   t5, 0x1
core   0: 3 0x8000ec48 (0x00001f17) x30 0x8000fc48
core   0: 0x8000ec4c (0x3a3f2c23) sw      gp, 952(t5)
core   0: 3 0x8000ec4c (0x3a3f2c23) mem 0x80010000 0x00000001
core   0: 0x8000ec50 (0x0000bfe5) c.j     pc - 8
core   0: 3 0x8000ec50 (0xbfe5)
core   0: 0x8000ec48 (0x00001f17) auipc   t5, 0x1
core   0: 3 0x8000ec48 (0x00001f17) x30 0x8000fc48
core   0: 0x8000ec4c (0x3a3f2c23) sw      gp, 952(t5)
core   0: 3 0x8000ec4c (0x3a3f2c23) mem 0x80010000 0x00000001
core   0: 0x8000ec50 (0x0000bfe5) c.j     pc - 8
core   0: 3 0x8000ec50 (0xbfe5)
core   0: 0x8000ec48 (0x00001f17) auipc   t5, 0x1
core   0: 3 0x8000ec48 (0x00001f17) x30 0x8000fc48
core   0: 0x8000ec4c (0x3a3f2c23) sw      gp, 952(t5)
core   0: 3 0x8000ec4c (0x3a3f2c23) mem 0x80010000 0x00000001
core   0: 0x8000ec50 (0x0000bfe5) c.j     pc - 8
core   0: 3 0x8000ec50 (0xbfe5)
core   0: 0x8000ec48 (0x00001f17) auipc   t5, 0x1
core   0: 3 0x8000ec48 (0x00001f17) x30 0x8000fc48
core   0: 0x8000ec4c (0x3a3f2c23) sw      gp, 952(t5)
core   0: 3 0x8000ec4c (0x3a3f2c23) mem 0x80010000 0x00000001
core   0: 0x8000ec50 (0x0000bfe5) c.j     pc - 8
core   0: 3 0x8000ec50 (0xbfe5)
core   0: 0x8000ec48 (0x00001f17) auipc   t5, 0x1
core   0: 3 0x8000ec48 (0x00001f17) x30 0x8000fc48
core   0: 0x8000ec4c (0x3a3f2c23) sw      gp, 952(t5)
core   0: 3 0x8000ec4c (0x3a3f2c23) mem 0x80010000 0x00000001
core   0: 0x8000ec50 (0x0000bfe5) c.j     pc - 8
core   0: 3 0x8000ec50 (0xbfe5)
core   0: 0x8000ec48 (0x00001f17) auipc   t5, 0x1
core   0: 3 0x8000ec48 (0x00001f17) x30 0x8000fc48
core   0: 0x8000ec4c (0x3a3f2c23) sw      gp, 952(t5)
core   0: 3 0x8000ec4c (0x3a3f2c23) mem 0x80010000 0x00000001
core   0: 0x8000ec50 (0x0000bfe5) c.j     pc - 8
core   0: 3 0x8000ec50 (0xbfe5)
core   0: 0x8000ec48 (0x00001f17) auipc   t5, 0x1
core   0: 3 0x8000ec48 (0x00001f17) x30 0x8000fc48
core   0: 0x8000ec4c (0x3a3f2c23) sw      gp, 952(t5)
core   0: 3 0x8000ec4c (0x3a3f2c23) mem 0x80010000 0x00000001
core   0: 0x8000ec50 (0x0000bfe5) c.j     pc - 8
core   0: 3 0x8000ec50 (0xbfe5)
core   0: 0x8000ec48 (0x00001f17) auipc   t5, 0x1
core   0: 3 0x8000ec48 (0x00001f17) x30 0x8000fc48
core   0: 0x8000ec4c (0x3a3f2c23) sw      gp, 952(t5)
core   0: 3 0x8000ec4c (0x3a3f2c23) mem 0x80010000 0x00000001
core   0: 0x8000ec50 (0x0000bfe5) c.j     pc - 8
core   0: 3 0x8000ec50 (0xbfe5)
core   0: 0x8000ec48 (0x00001f17) auipc   t5, 0x1
core   0: 3 0x8000ec48 (0x00001f17) x30 0x8000fc48
core   0: 0x8000ec4c (0x3a3f2c23) sw      gp, 952(t5)
core   0: 3 0x8000ec4c (0x3a3f2c23) mem 0x80010000 0x00000001
core   0: 0x8000ec50 (0x0000bfe5) c.j     pc - 8
core   0: 3 0x8000ec50 (0xbfe5)
core   0: 0x8000ec48 (0x00001f17) auipc   t5, 0x1
core   0: 3 0x8000ec48 (0x00001f17) x30 0x8000fc48
core   0: 0x8000ec4c (0x3a3f2c23) sw      gp, 952(t5)
core   0: 3 0x8000ec4c (0x3a3f2c23) mem 0x80010000 0x00000001
core   0: 0x8000ec50 (0x0000bfe5) c.j     pc - 8
core   0: 3 0x8000ec50 (0xbfe5)
core   0: 0x8000ec48 (0x00001f17) auipc   t5, 0x1
core   0: 3 0x8000ec48 (0x00001f17) x30 0x8000fc48
core   0: 0x8000ec4c (0x3a3f2c23) sw      gp, 952(t5)
core   0: 3 0x8000ec4c (0x3a3f2c23) mem 0x80010000 0x00000001
core   0: 0x8000ec50 (0x0000bfe5) c.j     pc - 8
core   0: 3 0x8000ec50 (0xbfe5)
core   0: 0x8000ec48 (0x00001f17) auipc   t5, 0x1
core   0: 3 0x8000ec48 (0x00001f17) x30 0x8000fc48
core   0: 0x8000ec4c (0x3a3f2c23) sw      gp, 952(t5)
core   0: 3 0x8000ec4c (0x3a3f2c23) mem 0x80010000 0x00000001
core   0: 0x8000ec50 (0x0000bfe5) c.j     pc - 8
core   0: 3 0x8000ec50 (0xbfe5)
core   0: 0x8000ec48 (0x00001f17) auipc   t5, 0x1
core   0: 3 0x8000ec48 (0x00001f17) x30 0x8000fc48
core   0: 0x8000ec4c (0x3a3f2c23) sw      gp, 952(t5)
core   0: 3 0x8000ec4c (0x3a3f2c23) mem 0x80010000 0x00000001
core   0: 0x8000ec50 (0x0000bfe5) c.j     pc - 8
core   0: 3 0x8000ec50 (0xbfe5)
core   0: 0x8000ec48 (0x00001f17) auipc   t5, 0x1
core   0: 3 0x8000ec48 (0x00001f17) x30 0x8000fc48
core   0: 0x8000ec4c (0x3a3f2c23) sw      gp, 952(t5)
core   0: 3 0x8000ec4c (0x3a3f2c23) mem 0x80010000 0x00000001
core   0: 0x8000ec50 (0x0000bfe5) c.j     pc - 8
core   0: 3 0x8000ec50 (0xbfe5)
core   0: 0x8000ec48 (0x00001f17) auipc   t5, 0x1
core   0: 3 0x8000ec48 (0x00001f17) x30 0x8000fc48
core   0: 0x8000ec4c (0x3a3f2c23) sw      gp, 952(t5)
core   0: 3 0x8000ec4c (0x3a3f2c23) mem 0x80010000 0x00000001
core   0: 0x8000ec50 (0x0000bfe5) c.j     pc - 8
core   0: 3 0x8000ec50 (0xbfe5)
core   0: 0x8000ec48 (0x00001f17) auipc   t5, 0x1
core   0: 3 0x8000ec48 (0x00001f17) x30 0x8000fc48
core   0: 0x8000ec4c (0x3a3f2c23) sw      gp, 952(t5)
core   0: 3 0x8000ec4c (0x3a3f2c23) mem 0x80010000 0x00000001
core   0: 0x8000ec50 (0x0000bfe5) c.j     pc - 8
core   0: 3 0x8000ec50 (0xbfe5)
core   0: 0x8000ec48 (0x00001f17) auipc   t5, 0x1
core   0: 3 0x8000ec48 (0x00001f17) x30 0x8000fc48
core   0: 0x8000ec4c (0x3a3f2c23) sw      gp, 952(t5)
core   0: 3 0x8000ec4c (0x3a3f2c23) mem 0x80010000 0x00000001
core   0: 0x8000ec50 (0x0000bfe5) c.j     pc - 8
core   0: 3 0x8000ec50 (0xbfe5)
core   0: 0x8000ec48 (0x00001f17) auipc   t5, 0x1
core   0: 3 0x8000ec48 (0x00001f17) x30 0x8000fc48
core   0: 0x8000ec4c (0x3a3f2c23) sw      gp, 952(t5)
core   0: 3 0x8000ec4c (0x3a3f2c23) mem 0x80010000 0x00000001
core   0: 0x8000ec50 (0x0000bfe5) c.j     pc - 8
core   0: 3 0x8000ec50 (0xbfe5)
core   0: 0x8000ec48 (0x00001f17) auipc   t5, 0x1
core   0: 3 0x8000ec48 (0x00001f17) x30 0x8000fc48
core   0: 0x8000ec4c (0x3a3f2c23) sw      gp, 952(t5)
core   0: 3 0x8000ec4c (0x3a3f2c23) mem 0x80010000 0x00000001
core   0: 0x8000ec50 (0x0000bfe5) c.j     pc - 8
core   0: 3 0x8000ec50 (0xbfe5)
core   0: 0x8000ec48 (0x00001f17) auipc   t5, 0x1
core   0: 3 0x8000ec48 (0x00001f17) x30 0x8000fc48
core   0: 0x8000ec4c (0x3a3f2c23) sw      gp, 952(t5)
core   0: 3 0x8000ec4c (0x3a3f2c23) mem 0x80010000 0x00000001
core   0: 0x8000ec50 (0x0000bfe5) c.j     pc - 8
core   0: 3 0x8000ec50 (0xbfe5)
core   0: 0x8000ec48 (0x00001f17) auipc   t5, 0x1
core   0: 3 0x8000ec48 (0x00001f17) x30 0x8000fc48
core   0: 0x8000ec4c (0x3a3f2c23) sw      gp, 952(t5)
core   0: 3 0x8000ec4c (0x3a3f2c23) mem 0x80010000 0x00000001
core   0: 0x8000ec50 (0x0000bfe5) c.j     pc - 8
core   0: 3 0x8000ec50 (0xbfe5)
core   0: 0x8000ec48 (0x00001f17) auipc   t5, 0x1
core   0: 3 0x8000ec48 (0x00001f17) x30 0x8000fc48
core   0: 0x8000ec4c (0x3a3f2c23) sw      gp, 952(t5)
core   0: 3 0x8000ec4c (0x3a3f2c23) mem 0x80010000 0x00000001
core   0: 0x8000ec50 (0x0000bfe5) c.j     pc - 8
core   0: 3 0x8000ec50 (0xbfe5)
core   0: 0x8000ec48 (0x00001f17) auipc   t5, 0x1
core   0: 3 0x8000ec48 (0x00001f17) x30 0x8000fc48
core   0: 0x8000ec4c (0x3a3f2c23) sw      gp, 952(t5)
core   0: 3 0x8000ec4c (0x3a3f2c23) mem 0x80010000 0x00000001
core   0: 0x8000ec50 (0x0000bfe5) c.j     pc - 8
core   0: 3 0x8000ec50 (0xbfe5)
core   0: 0x8000ec48 (0x00001f17) auipc   t5, 0x1
core   0: 3 0x8000ec48 (0x00001f17) x30 0x8000fc48
core   0: 0x8000ec4c (0x3a3f2c23) sw      gp, 952(t5)
core   0: 3 0x8000ec4c (0x3a3f2c23) mem 0x80010000 0x00000001
core   0: 0x8000ec50 (0x0000bfe5) c.j     pc - 8
core   0: 3 0x8000ec50 (0xbfe5)
core   0: 0x8000ec48 (0x00001f17) auipc   t5, 0x1
core   0: 3 0x8000ec48 (0x00001f17) x30 0x8000fc48
core   0: 0x8000ec4c (0x3a3f2c23) sw      gp, 952(t5)
core   0: 3 0x8000ec4c (0x3a3f2c23) mem 0x80010000 0x00000001
core   0: 0x8000ec50 (0x0000bfe5) c.j     pc - 8
core   0: 3 0x8000ec50 (0xbfe5)
core   0: 0x8000ec48 (0x00001f17) auipc   t5, 0x1
core   0: 3 0x8000ec48 (0x00001f17) x30 0x8000fc48
core   0: 0x8000ec4c (0x3a3f2c23) sw      gp, 952(t5)
core   0: 3 0x8000ec4c (0x3a3f2c23) mem 0x80010000 0x00000001
core   0: 0x8000ec50 (0x0000bfe5) c.j     pc - 8
core   0: 3 0x8000ec50 (0xbfe5)
core   0: 0x8000ec48 (0x00001f17) auipc   t5, 0x1
core   0: 3 0x8000ec48 (0x00001f17) x30 0x8000fc48
core   0: 0x8000ec4c (0x3a3f2c23) sw      gp, 952(t5)
core   0: 3 0x8000ec4c (0x3a3f2c23) mem 0x80010000 0x00000001
core   0: 0x8000ec50 (0x0000bfe5) c.j     pc - 8
core   0: 3 0x8000ec50 (0xbfe5)
core   0: 0x8000ec48 (0x00001f17) auipc   t5, 0x1
core   0: 3 0x8000ec48 (0x00001f17) x30 0x8000fc48
core   0: 0x8000ec4c (0x3a3f2c23) sw      gp, 952(t5)
core   0: 3 0x8000ec4c (0x3a3f2c23) mem 0x80010000 0x00000001
core   0: 0x8000ec50 (0x0000bfe5) c.j     pc - 8
core   0: 3 0x8000ec50 (0xbfe5)
core   0: 0x8000ec48 (0x00001f17) auipc   t5, 0x1
core   0: 3 0x8000ec48 (0x00001f17) x30 0x8000fc48
core   0: 0x8000ec4c (0x3a3f2c23) sw      gp, 952(t5)
core   0: 3 0x8000ec4c (0x3a3f2c23) mem 0x80010000 0x00000001
core   0: 0x8000ec50 (0x0000bfe5) c.j     pc - 8
core   0: 3 0x8000ec50 (0xbfe5)
core   0: 0x8000ec48 (0x00001f17) auipc   t5, 0x1
core   0: 3 0x8000ec48 (0x00001f17) x30 0x8000fc48
core   0: 0x8000ec4c (0x3a3f2c23) sw      gp, 952(t5)
core   0: 3 0x8000ec4c (0x3a3f2c23) mem 0x80010000 0x00000001
core   0: 0x8000ec50 (0x0000bfe5) c.j     pc - 8
core   0: 3 0x8000ec50 (0xbfe5)
core   0: 0x8000ec48 (0x00001f17) auipc   t5, 0x1
core   0: 3 0x8000ec48 (0x00001f17) x30 0x8000fc48
core   0: 0x8000ec4c (0x3a3f2c23) sw      gp, 952(t5)
core   0: 3 0x8000ec4c (0x3a3f2c23) mem 0x80010000 0x00000001
core   0: 0x8000ec50 (0x0000bfe5) c.j     pc - 8
core   0: 3 0x8000ec50 (0xbfe5)
core   0: 0x8000ec48 (0x00001f17) auipc   t5, 0x1
core   0: 3 0x8000ec48 (0x00001f17) x30 0x8000fc48
core   0: 0x8000ec4c (0x3a3f2c23) sw      gp, 952(t5)
core   0: 3 0x8000ec4c (0x3a3f2c23) mem 0x80010000 0x00000001
core   0: 0x8000ec50 (0x0000bfe5) c.j     pc - 8
core   0: 3 0x8000ec50 (0xbfe5)
core   0: 0x8000ec48 (0x00001f17) auipc   t5, 0x1
core   0: 3 0x8000ec48 (0x00001f17) x30 0x8000fc48
core   0: 0x8000ec4c (0x3a3f2c23) sw      gp, 952(t5)
core   0: 3 0x8000ec4c (0x3a3f2c23) mem 0x80010000 0x00000001
core   0: 0x8000ec50 (0x0000bfe5) c.j     pc - 8
core   0: 3 0x8000ec50 (0xbfe5)
core   0: 0x8000ec48 (0x00001f17) auipc   t5, 0x1
core   0: 3 0x8000ec48 (0x00001f17) x30 0x8000fc48
core   0: 0x8000ec4c (0x3a3f2c23) sw      gp, 952(t5)
core   0: 3 0x8000ec4c (0x3a3f2c23) mem 0x80010000 0x00000001
core   0: 0x8000ec50 (0x0000bfe5) c.j     pc - 8
core   0: 3 0x8000ec50 (0xbfe5)
core   0: 0x8000ec48 (0x00001f17) auipc   t5, 0x1
core   0: 3 0x8000ec48 (0x00001f17) x30 0x8000fc48
core   0: 0x8000ec4c (0x3a3f2c23) sw      gp, 952(t5)
core   0: 3 0x8000ec4c (0x3a3f2c23) mem 0x80010000 0x00000001
core   0: 0x8000ec50 (0x0000bfe5) c.j     pc - 8
core   0: 3 0x8000ec50 (0xbfe5)
core   0: 0x8000ec48 (0x00001f17) auipc   t5, 0x1
core   0: 3 0x8000ec48 (0x00001f17) x30 0x8000fc48
core   0: 0x8000ec4c (0x3a3f2c23) sw      gp, 952(t5)
core   0: 3 0x8000ec4c (0x3a3f2c23) mem 0x80010000 0x00000001
core   0: 0x8000ec50 (0x0000bfe5) c.j     pc - 8
core   0: 3 0x8000ec50 (0xbfe5)
core   0: 0x8000ec48 (0x00001f17) auipc   t5, 0x1
core   0: 3 0x8000ec48 (0x00001f17) x30 0x8000fc48
core   0: 0x8000ec4c (0x3a3f2c23) sw      gp, 952(t5)
core   0: 3 0x8000ec4c (0x3a3f2c23) mem 0x80010000 0x00000001
core   0: 0x8000ec50 (0x0000bfe5) c.j     pc - 8
core   0: 3 0x8000ec50 (0xbfe5)
core   0: 0x8000ec48 (0x00001f17) auipc   t5, 0x1
core   0: 3 0x8000ec48 (0x00001f17) x30 0x8000fc48
core   0: 0x8000ec4c (0x3a3f2c23) sw      gp, 952(t5)
core   0: 3 0x8000ec4c (0x3a3f2c23) mem 0x80010000 0x00000001
core   0: 0x8000ec50 (0x0000bfe5) c.j     pc - 8
core   0: 3 0x8000ec50 (0xbfe5)
core   0: 0x8000ec48 (0x00001f17) auipc   t5, 0x1
core   0: 3 0x8000ec48 (0x00001f17) x30 0x8000fc48
core   0: 0x8000ec4c (0x3a3f2c23) sw      gp, 952(t5)
core   0: 3 0x8000ec4c (0x3a3f2c23) mem 0x80010000 0x00000001
core   0: 0x8000ec50 (0x0000bfe5) c.j     pc - 8
core   0: 3 0x8000ec50 (0xbfe5)
core   0: 0x8000ec48 (0x00001f17) auipc   t5, 0x1
core   0: 3 0x8000ec48 (0x00001f17) x30 0x8000fc48
core   0: 0x8000ec4c (0x3a3f2c23) sw      gp, 952(t5)
core   0: 3 0x8000ec4c (0x3a3f2c23) mem 0x80010000 0x00000001
core   0: 0x8000ec50 (0x0000bfe5) c.j     pc - 8
core   0: 3 0x8000ec50 (0xbfe5)
core   0: 0x8000ec48 (0x00001f17) auipc   t5, 0x1
core   0: 3 0x8000ec48 (0x00001f17) x30 0x8000fc48
core   0: 0x8000ec4c (0x3a3f2c23) sw      gp, 952(t5)
core   0: 3 0x8000ec4c (0x3a3f2c23) mem 0x80010000 0x00000001
core   0: 0x8000ec50 (0x0000bfe5) c.j     pc - 8
core   0: 3 0x8000ec50 (0xbfe5)
core   0: 0x8000ec48 (0x00001f17) auipc   t5, 0x1
core   0: 3 0x8000ec48 (0x00001f17) x30 0x8000fc48
core   0: 0x8000ec4c (0x3a3f2c23) sw      gp, 952(t5)
core   0: 3 0x8000ec4c (0x3a3f2c23) mem 0x80010000 0x00000001
core   0: 0x8000ec50 (0x0000bfe5) c.j     pc - 8
core   0: 3 0x8000ec50 (0xbfe5)
core   0: 0x8000ec48 (0x00001f17) auipc   t5, 0x1
core   0: 3 0x8000ec48 (0x00001f17) x30 0x8000fc48
core   0: 0x8000ec4c (0x3a3f2c23) sw      gp, 952(t5)
core   0: 3 0x8000ec4c (0x3a3f2c23) mem 0x80010000 0x00000001
core   0: 0x8000ec50 (0x0000bfe5) c.j     pc - 8
core   0: 3 0x8000ec50 (0xbfe5)
core   0: 0x8000ec48 (0x00001f17) auipc   t5, 0x1
core   0: 3 0x8000ec48 (0x00001f17) x30 0x8000fc48
core   0: 0x8000ec4c (0x3a3f2c23) sw      gp, 952(t5)
core   0: 3 0x8000ec4c (0x3a3f2c23) mem 0x80010000 0x00000001
core   0: 0x8000ec50 (0x0000bfe5) c.j     pc - 8
core   0: 3 0x8000ec50 (0xbfe5)
core   0: 0x8000ec48 (0x00001f17) auipc   t5, 0x1
core   0: 3 0x8000ec48 (0x00001f17) x30 0x8000fc48
core   0: 0x8000ec4c (0x3a3f2c23) sw      gp, 952(t5)
core   0: 3 0x8000ec4c (0x3a3f2c23) mem 0x80010000 0x00000001
core   0: 0x8000ec50 (0x0000bfe5) c.j     pc - 8
core   0: 3 0x8000ec50 (0xbfe5)
core   0: 0x8000ec48 (0x00001f17) auipc   t5, 0x1
core   0: 3 0x8000ec48 (0x00001f17) x30 0x8000fc48
core   0: 0x8000ec4c (0x3a3f2c23) sw      gp, 952(t5)
core   0: 3 0x8000ec4c (0x3a3f2c23) mem 0x80010000 0x00000001
core   0: 0x8000ec50 (0x0000bfe5) c.j     pc - 8
core   0: 3 0x8000ec50 (0xbfe5)
core   0: 0x8000ec48 (0x00001f17) auipc   t5, 0x1
core   0: 3 0x8000ec48 (0x00001f17) x30 0x8000fc48
core   0: 0x8000ec4c (0x3a3f2c23) sw      gp, 952(t5)
core   0: 3 0x8000ec4c (0x3a3f2c23) mem 0x80010000 0x00000001
core   0: 0x8000ec50 (0x0000bfe5) c.j     pc - 8
core   0: 3 0x8000ec50 (0xbfe5)
core   0: 0x8000ec48 (0x00001f17) auipc   t5, 0x1
core   0: 3 0x8000ec48 (0x00001f17) x30 0x8000fc48
core   0: 0x8000ec4c (0x3a3f2c23) sw      gp, 952(t5)
core   0: 3 0x8000ec4c (0x3a3f2c23) mem 0x80010000 0x00000001
core   0: 0x8000ec50 (0x0000bfe5) c.j     pc - 8
core   0: 3 0x8000ec50 (0xbfe5)
core   0: 0x8000ec48 (0x00001f17) auipc   t5, 0x1
core   0: 3 0x8000ec48 (0x00001f17) x30 0x8000fc48
core   0: 0x8000ec4c (0x3a3f2c23) sw      gp, 952(t5)
core   0: 3 0x8000ec4c (0x3a3f2c23) mem 0x80010000 0x00000001
core   0: 0x8000ec50 (0x0000bfe5) c.j     pc - 8
core   0: 3 0x8000ec50 (0xbfe5)
core   0: 0x8000ec48 (0x00001f17) auipc   t5, 0x1
core   0: 3 0x8000ec48 (0x00001f17) x30 0x8000fc48
core   0: 0x8000ec4c (0x3a3f2c23) sw      gp, 952(t5)
core   0: 3 0x8000ec4c (0x3a3f2c23) mem 0x80010000 0x00000001
core   0: 0x8000ec50 (0x0000bfe5) c.j     pc - 8
core   0: 3 0x8000ec50 (0xbfe5)
core   0: 0x8000ec48 (0x00001f17) auipc   t5, 0x1
core   0: 3 0x8000ec48 (0x00001f17) x30 0x8000fc48
core   0: 0x8000ec4c (0x3a3f2c23) sw      gp, 952(t5)
core   0: 3 0x8000ec4c (0x3a3f2c23) mem 0x80010000 0x00000001
core   0: 0x8000ec50 (0x0000bfe5) c.j     pc - 8
core   0: 3 0x8000ec50 (0xbfe5)
core   0: 0x8000ec48 (0x00001f17) auipc   t5, 0x1
core   0: 3 0x8000ec48 (0x00001f17) x30 0x8000fc48
core   0: 0x8000ec4c (0x3a3f2c23) sw      gp, 952(t5)
core   0: 3 0x8000ec4c (0x3a3f2c23) mem 0x80010000 0x00000001
core   0: 0x8000ec50 (0x0000bfe5) c.j     pc - 8
core   0: 3 0x8000ec50 (0xbfe5)
core   0: 0x8000ec48 (0x00001f17) auipc   t5, 0x1
core   0: 3 0x8000ec48 (0x00001f17) x30 0x8000fc48
core   0: 0x8000ec4c (0x3a3f2c23) sw      gp, 952(t5)
core   0: 3 0x8000ec4c (0x3a3f2c23) mem 0x80010000 0x00000001
core   0: 0x8000ec50 (0x0000bfe5) c.j     pc - 8
core   0: 3 0x8000ec50 (0xbfe5)
core   0: 0x8000ec48 (0x00001f17) auipc   t5, 0x1
core   0: 3 0x8000ec48 (0x00001f17) x30 0x8000fc48
core   0: 0x8000ec4c (0x3a3f2c23) sw      gp, 952(t5)
core   0: 3 0x8000ec4c (0x3a3f2c23) mem 0x80010000 0x00000001
core   0: 0x8000ec50 (0x0000bfe5) c.j     pc - 8
core   0: 3 0x8000ec50 (0xbfe5)
core   0: 0x8000ec48 (0x00001f17) auipc   t5, 0x1
core   0: 3 0x8000ec48 (0x00001f17) x30 0x8000fc48
core   0: 0x8000ec4c (0x3a3f2c23) sw      gp, 952(t5)
core   0: 3 0x8000ec4c (0x3a3f2c23) mem 0x80010000 0x00000001
core   0: 0x8000ec50 (0x0000bfe5) c.j     pc - 8
core   0: 3 0x8000ec50 (0xbfe5)
core   0: 0x8000ec48 (0x00001f17) auipc   t5, 0x1
core   0: 3 0x8000ec48 (0x00001f17) x30 0x8000fc48
core   0: 0x8000ec4c (0x3a3f2c23) sw      gp, 952(t5)
core   0: 3 0x8000ec4c (0x3a3f2c23) mem 0x80010000 0x00000001
core   0: 0x8000ec50 (0x0000bfe5) c.j     pc - 8
core   0: 3 0x8000ec50 (0xbfe5)
core   0: 0x8000ec48 (0x00001f17) auipc   t5, 0x1
core   0: 3 0x8000ec48 (0x00001f17) x30 0x8000fc48
core   0: 0x8000ec4c (0x3a3f2c23) sw      gp, 952(t5)
core   0: 3 0x8000ec4c (0x3a3f2c23) mem 0x80010000 0x00000001
core   0: 0x8000ec50 (0x0000bfe5) c.j     pc - 8
core   0: 3 0x8000ec50 (0xbfe5)
core   0: 0x8000ec48 (0x00001f17) auipc   t5, 0x1
core   0: 3 0x8000ec48 (0x00001f17) x30 0x8000fc48
core   0: 0x8000ec4c (0x3a3f2c23) sw      gp, 952(t5)
core   0: 3 0x8000ec4c (0x3a3f2c23) mem 0x80010000 0x00000001
core   0: 0x8000ec50 (0x0000bfe5) c.j     pc - 8
core   0: 3 0x8000ec50 (0xbfe5)
core   0: 0x8000ec48 (0x00001f17) auipc   t5, 0x1
core   0: 3 0x8000ec48 (0x00001f17) x30 0x8000fc48
core   0: 0x8000ec4c (0x3a3f2c23) sw      gp, 952(t5)
core   0: 3 0x8000ec4c (0x3a3f2c23) mem 0x80010000 0x00000001
core   0: 0x8000ec50 (0x0000bfe5) c.j     pc - 8
core   0: 3 0x8000ec50 (0xbfe5)
core   0: 0x8000ec48 (0x00001f17) auipc   t5, 0x1
core   0: 3 0x8000ec48 (0x00001f17) x30 0x8000fc48
core   0: 0x8000ec4c (0x3a3f2c23) sw      gp, 952(t5)
core   0: 3 0x8000ec4c (0x3a3f2c23) mem 0x80010000 0x00000001
core   0: 0x8000ec50 (0x0000bfe5) c.j     pc - 8
core   0: 3 0x8000ec50 (0xbfe5)
core   0: 0x8000ec48 (0x00001f17) auipc   t5, 0x1
core   0: 3 0x8000ec48 (0x00001f17) x30 0x8000fc48
core   0: 0x8000ec4c (0x3a3f2c23) sw      gp, 952(t5)
core   0: 3 0x8000ec4c (0x3a3f2c23) mem 0x80010000 0x00000001
core   0: 0x8000ec50 (0x0000bfe5) c.j     pc - 8
core   0: 3 0x8000ec50 (0xbfe5)
core   0: 0x8000ec48 (0x00001f17) auipc   t5, 0x1
core   0: 3 0x8000ec48 (0x00001f17) x30 0x8000fc48
core   0: 0x8000ec4c (0x3a3f2c23) sw      gp, 952(t5)
core   0: 3 0x8000ec4c (0x3a3f2c23) mem 0x80010000 0x00000001
core   0: 0x8000ec50 (0x0000bfe5) c.j     pc - 8
core   0: 3 0x8000ec50 (0xbfe5)
core   0: 0x8000ec48 (0x00001f17) auipc   t5, 0x1
core   0: 3 0x8000ec48 (0x00001f17) x30 0x8000fc48
core   0: 0x8000ec4c (0x3a3f2c23) sw      gp, 952(t5)
core   0: 3 0x8000ec4c (0x3a3f2c23) mem 0x80010000 0x00000001
core   0: 0x8000ec50 (0x0000bfe5) c.j     pc - 8
core   0: 3 0x8000ec50 (0xbfe5)
core   0: 0x8000ec48 (0x00001f17) auipc   t5, 0x1
core   0: 3 0x8000ec48 (0x00001f17) x30 0x8000fc48
core   0: 0x8000ec4c (0x3a3f2c23) sw      gp, 952(t5)
core   0: 3 0x8000ec4c (0x3a3f2c23) mem 0x80010000 0x00000001
core   0: 0x8000ec50 (0x0000bfe5) c.j     pc - 8
core   0: 3 0x8000ec50 (0xbfe5)
core   0: 0x8000ec48 (0x00001f17) auipc   t5, 0x1
core   0: 3 0x8000ec48 (0x00001f17) x30 0x8000fc48
core   0: 0x8000ec4c (0x3a3f2c23) sw      gp, 952(t5)
core   0: 3 0x8000ec4c (0x3a3f2c23) mem 0x80010000 0x00000001
core   0: 0x8000ec50 (0x0000bfe5) c.j     pc - 8
core   0: 3 0x8000ec50 (0xbfe5)
core   0: 0x8000ec48 (0x00001f17) auipc   t5, 0x1
core   0: 3 0x8000ec48 (0x00001f17) x30 0x8000fc48
core   0: 0x8000ec4c (0x3a3f2c23) sw      gp, 952(t5)
core   0: 3 0x8000ec4c (0x3a3f2c23) mem 0x80010000 0x00000001
core   0: 0x8000ec50 (0x0000bfe5) c.j     pc - 8
core   0: 3 0x8000ec50 (0xbfe5)
core   0: 0x8000ec48 (0x00001f17) auipc   t5, 0x1
core   0: 3 0x8000ec48 (0x00001f17) x30 0x8000fc48
core   0: 0x8000ec4c (0x3a3f2c23) sw      gp, 952(t5)
core   0: 3 0x8000ec4c (0x3a3f2c23) mem 0x80010000 0x00000001
core   0: 0x8000ec50 (0x0000bfe5) c.j     pc - 8
core   0: 3 0x8000ec50 (0xbfe5)
core   0: 0x8000ec48 (0x00001f17) auipc   t5, 0x1
core   0: 3 0x8000ec48 (0x00001f17) x30 0x8000fc48
core   0: 0x8000ec4c (0x3a3f2c23) sw      gp, 952(t5)
core   0: 3 0x8000ec4c (0x3a3f2c23) mem 0x80010000 0x00000001
core   0: 0x8000ec50 (0x0000bfe5) c.j     pc - 8
core   0: 3 0x8000ec50 (0xbfe5)
core   0: 0x8000ec48 (0x00001f17) auipc   t5, 0x1
core   0: 3 0x8000ec48 (0x00001f17) x30 0x8000fc48
core   0: 0x8000ec4c (0x3a3f2c23) sw      gp, 952(t5)
core   0: 3 0x8000ec4c (0x3a3f2c23) mem 0x80010000 0x00000001
core   0: 0x8000ec50 (0x0000bfe5) c.j     pc - 8
core   0: 3 0x8000ec50 (0xbfe5)
core   0: 0x8000ec48 (0x00001f17) auipc   t5, 0x1
core   0: 3 0x8000ec48 (0x00001f17) x30 0x8000fc48
core   0: 0x8000ec4c (0x3a3f2c23) sw      gp, 952(t5)
core   0: 3 0x8000ec4c (0x3a3f2c23) mem 0x80010000 0x00000001
core   0: 0x8000ec50 (0x0000bfe5) c.j     pc - 8
core   0: 3 0x8000ec50 (0xbfe5)
core   0: 0x8000ec48 (0x00001f17) auipc   t5, 0x1
core   0: 3 0x8000ec48 (0x00001f17) x30 0x8000fc48
core   0: 0x8000ec4c (0x3a3f2c23) sw      gp, 952(t5)
core   0: 3 0x8000ec4c (0x3a3f2c23) mem 0x80010000 0x00000001
core   0: 0x8000ec50 (0x0000bfe5) c.j     pc - 8
core   0: 3 0x8000ec50 (0xbfe5)
core   0: 0x8000ec48 (0x00001f17) auipc   t5, 0x1
core   0: 3 0x8000ec48 (0x00001f17) x30 0x8000fc48
core   0: 0x8000ec4c (0x3a3f2c23) sw      gp, 952(t5)
core   0: 3 0x8000ec4c (0x3a3f2c23) mem 0x80010000 0x00000001
core   0: 0x8000ec50 (0x0000bfe5) c.j     pc - 8
core   0: 3 0x8000ec50 (0xbfe5)
core   0: 0x8000ec48 (0x00001f17) auipc   t5, 0x1
core   0: 3 0x8000ec48 (0x00001f17) x30 0x8000fc48
core   0: 0x8000ec4c (0x3a3f2c23) sw      gp, 952(t5)
core   0: 3 0x8000ec4c (0x3a3f2c23) mem 0x80010000 0x00000001
core   0: 0x8000ec50 (0x0000bfe5) c.j     pc - 8
core   0: 3 0x8000ec50 (0xbfe5)
core   0: 0x8000ec48 (0x00001f17) auipc   t5, 0x1
core   0: 3 0x8000ec48 (0x00001f17) x30 0x8000fc48
core   0: 0x8000ec4c (0x3a3f2c23) sw      gp, 952(t5)
core   0: 3 0x8000ec4c (0x3a3f2c23) mem 0x80010000 0x00000001
core   0: 0x8000ec50 (0x0000bfe5) c.j     pc - 8
core   0: 3 0x8000ec50 (0xbfe5)
core   0: 0x8000ec48 (0x00001f17) auipc   t5, 0x1
core   0: 3 0x8000ec48 (0x00001f17) x30 0x8000fc48
core   0: 0x8000ec4c (0x3a3f2c23) sw      gp, 952(t5)
core   0: 3 0x8000ec4c (0x3a3f2c23) mem 0x80010000 0x00000001
core   0: 0x8000ec50 (0x0000bfe5) c.j     pc - 8
core   0: 3 0x8000ec50 (0xbfe5)
core   0: 0x8000ec48 (0x00001f17) auipc   t5, 0x1
core   0: 3 0x8000ec48 (0x00001f17) x30 0x8000fc48
core   0: 0x8000ec4c (0x3a3f2c23) sw      gp, 952(t5)
core   0: 3 0x8000ec4c (0x3a3f2c23) mem 0x80010000 0x00000001
core   0: 0x8000ec50 (0x0000bfe5) c.j     pc - 8
core   0: 3 0x8000ec50 (0xbfe5)
core   0: 0x8000ec48 (0x00001f17) auipc   t5, 0x1
core   0: 3 0x8000ec48 (0x00001f17) x30 0x8000fc48
core   0: 0x8000ec4c (0x3a3f2c23) sw      gp, 952(t5)
core   0: 3 0x8000ec4c (0x3a3f2c23) mem 0x80010000 0x00000001
core   0: 0x8000ec50 (0x0000bfe5) c.j     pc - 8
core   0: 3 0x8000ec50 (0xbfe5)
core   0: 0x8000ec48 (0x00001f17) auipc   t5, 0x1
core   0: 3 0x8000ec48 (0x00001f17) x30 0x8000fc48
core   0: 0x8000ec4c (0x3a3f2c23) sw      gp, 952(t5)
core   0: 3 0x8000ec4c (0x3a3f2c23) mem 0x80010000 0x00000001
core   0: 0x8000ec50 (0x0000bfe5) c.j     pc - 8
core   0: 3 0x8000ec50 (0xbfe5)
core   0: 0x8000ec48 (0x00001f17) auipc   t5, 0x1
core   0: 3 0x8000ec48 (0x00001f17) x30 0x8000fc48
core   0: 0x8000ec4c (0x3a3f2c23) sw      gp, 952(t5)
core   0: 3 0x8000ec4c (0x3a3f2c23) mem 0x80010000 0x00000001
core   0: 0x8000ec50 (0x0000bfe5) c.j     pc - 8
core   0: 3 0x8000ec50 (0xbfe5)
core   0: 0x8000ec48 (0x00001f17) auipc   t5, 0x1
core   0: 3 0x8000ec48 (0x00001f17) x30 0x8000fc48
core   0: 0x8000ec4c (0x3a3f2c23) sw      gp, 952(t5)
core   0: 3 0x8000ec4c (0x3a3f2c23) mem 0x80010000 0x00000001
core   0: 0x8000ec50 (0x0000bfe5) c.j     pc - 8
core   0: 3 0x8000ec50 (0xbfe5)
core   0: 0x8000ec48 (0x00001f17) auipc   t5, 0x1
core   0: 3 0x8000ec48 (0x00001f17) x30 0x8000fc48
core   0: 0x8000ec4c (0x3a3f2c23) sw      gp, 952(t5)
core   0: 3 0x8000ec4c (0x3a3f2c23) mem 0x80010000 0x00000001
core   0: 0x8000ec50 (0x0000bfe5) c.j     pc - 8
core   0: 3 0x8000ec50 (0xbfe5)
core   0: 0x8000ec48 (0x00001f17) auipc   t5, 0x1
core   0: 3 0x8000ec48 (0x00001f17) x30 0x8000fc48
core   0: 0x8000ec4c (0x3a3f2c23) sw      gp, 952(t5)
core   0: 3 0x8000ec4c (0x3a3f2c23) mem 0x80010000 0x00000001
core   0: 0x8000ec50 (0x0000bfe5) c.j     pc - 8
core   0: 3 0x8000ec50 (0xbfe5)
core   0: 0x8000ec48 (0x00001f17) auipc   t5, 0x1
core   0: 3 0x8000ec48 (0x00001f17) x30 0x8000fc48
core   0: 0x8000ec4c (0x3a3f2c23) sw      gp, 952(t5)
core   0: 3 0x8000ec4c (0x3a3f2c23) mem 0x80010000 0x00000001
core   0: 0x8000ec50 (0x0000bfe5) c.j     pc - 8
core   0: 3 0x8000ec50 (0xbfe5)
core   0: 0x8000ec48 (0x00001f17) auipc   t5, 0x1
core   0: 3 0x8000ec48 (0x00001f17) x30 0x8000fc48
core   0: 0x8000ec4c (0x3a3f2c23) sw      gp, 952(t5)
core   0: 3 0x8000ec4c (0x3a3f2c23) mem 0x80010000 0x00000001
core   0: 0x8000ec50 (0x0000bfe5) c.j     pc - 8
core   0: 3 0x8000ec50 (0xbfe5)
core   0: 0x8000ec48 (0x00001f17) auipc   t5, 0x1
core   0: 3 0x8000ec48 (0x00001f17) x30 0x8000fc48
core   0: 0x8000ec4c (0x3a3f2c23) sw      gp, 952(t5)
core   0: 3 0x8000ec4c (0x3a3f2c23) mem 0x80010000 0x00000001
core   0: 0x8000ec50 (0x0000bfe5) c.j     pc - 8
core   0: 3 0x8000ec50 (0xbfe5)
core   0: 0x8000ec48 (0x00001f17) auipc   t5, 0x1
core   0: 3 0x8000ec48 (0x00001f17) x30 0x8000fc48
core   0: 0x8000ec4c (0x3a3f2c23) sw      gp, 952(t5)
core   0: 3 0x8000ec4c (0x3a3f2c23) mem 0x80010000 0x00000001
core   0: 0x8000ec50 (0x0000bfe5) c.j     pc - 8
core   0: 3 0x8000ec50 (0xbfe5)
core   0: 0x8000ec48 (0x00001f17) auipc   t5, 0x1
core   0: 3 0x8000ec48 (0x00001f17) x30 0x8000fc48
core   0: 0x8000ec4c (0x3a3f2c23) sw      gp, 952(t5)
core   0: 3 0x8000ec4c (0x3a3f2c23) mem 0x80010000 0x00000001
core   0: 0x8000ec50 (0x0000bfe5) c.j     pc - 8
core   0: 3 0x8000ec50 (0xbfe5)
core   0: 0x8000ec48 (0x00001f17) auipc   t5, 0x1
core   0: 3 0x8000ec48 (0x00001f17) x30 0x8000fc48
core   0: 0x8000ec4c (0x3a3f2c23) sw      gp, 952(t5)
core   0: 3 0x8000ec4c (0x3a3f2c23) mem 0x80010000 0x00000001
core   0: 0x8000ec50 (0x0000bfe5) c.j     pc - 8
core   0: 3 0x8000ec50 (0xbfe5)
core   0: 0x8000ec48 (0x00001f17) auipc   t5, 0x1
core   0: 3 0x8000ec48 (0x00001f17) x30 0x8000fc48
core   0: 0x8000ec4c (0x3a3f2c23) sw      gp, 952(t5)
core   0: 3 0x8000ec4c (0x3a3f2c23) mem 0x80010000 0x00000001
core   0: 0x8000ec50 (0x0000bfe5) c.j     pc - 8
core   0: 3 0x8000ec50 (0xbfe5)
core   0: 0x8000ec48 (0x00001f17) auipc   t5, 0x1
core   0: 3 0x8000ec48 (0x00001f17) x30 0x8000fc48
core   0: 0x8000ec4c (0x3a3f2c23) sw      gp, 952(t5)
core   0: 3 0x8000ec4c (0x3a3f2c23) mem 0x80010000 0x00000001
core   0: 0x8000ec50 (0x0000bfe5) c.j     pc - 8
core   0: 3 0x8000ec50 (0xbfe5)
core   0: 0x8000ec48 (0x00001f17) auipc   t5, 0x1
core   0: 3 0x8000ec48 (0x00001f17) x30 0x8000fc48
core   0: 0x8000ec4c (0x3a3f2c23) sw      gp, 952(t5)
core   0: 3 0x8000ec4c (0x3a3f2c23) mem 0x80010000 0x00000001
core   0: 0x8000ec50 (0x0000bfe5) c.j     pc - 8
core   0: 3 0x8000ec50 (0xbfe5)
core   0: 0x8000ec48 (0x00001f17) auipc   t5, 0x1
core   0: 3 0x8000ec48 (0x00001f17) x30 0x8000fc48
core   0: 0x8000ec4c (0x3a3f2c23) sw      gp, 952(t5)
core   0: 3 0x8000ec4c (0x3a3f2c23) mem 0x80010000 0x00000001
core   0: 0x8000ec50 (0x0000bfe5) c.j     pc - 8
core   0: 3 0x8000ec50 (0xbfe5)
core   0: 0x8000ec48 (0x00001f17) auipc   t5, 0x1
core   0: 3 0x8000ec48 (0x00001f17) x30 0x8000fc48
core   0: 0x8000ec4c (0x3a3f2c23) sw      gp, 952(t5)
core   0: 3 0x8000ec4c (0x3a3f2c23) mem 0x80010000 0x00000001
core   0: 0x8000ec50 (0x0000bfe5) c.j     pc - 8
core   0: 3 0x8000ec50 (0xbfe5)
core   0: 0x8000ec48 (0x00001f17) auipc   t5, 0x1
core   0: 3 0x8000ec48 (0x00001f17) x30 0x8000fc48
core   0: 0x8000ec4c (0x3a3f2c23) sw      gp, 952(t5)
core   0: 3 0x8000ec4c (0x3a3f2c23) mem 0x80010000 0x00000001
core   0: 0x8000ec50 (0x0000bfe5) c.j     pc - 8
core   0: 3 0x8000ec50 (0xbfe5)
core   0: 0x8000ec48 (0x00001f17) auipc   t5, 0x1
core   0: 3 0x8000ec48 (0x00001f17) x30 0x8000fc48
core   0: 0x8000ec4c (0x3a3f2c23) sw      gp, 952(t5)
core   0: 3 0x8000ec4c (0x3a3f2c23) mem 0x80010000 0x00000001
core   0: 0x8000ec50 (0x0000bfe5) c.j     pc - 8
core   0: 3 0x8000ec50 (0xbfe5)
core   0: 0x8000ec48 (0x00001f17) auipc   t5, 0x1
core   0: 3 0x8000ec48 (0x00001f17) x30 0x8000fc48
core   0: 0x8000ec4c (0x3a3f2c23) sw      gp, 952(t5)
core   0: 3 0x8000ec4c (0x3a3f2c23) mem 0x80010000 0x00000001
core   0: 0x8000ec50 (0x0000bfe5) c.j     pc - 8
core   0: 3 0x8000ec50 (0xbfe5)
core   0: 0x8000ec48 (0x00001f17) auipc   t5, 0x1
core   0: 3 0x8000ec48 (0x00001f17) x30 0x8000fc48
core   0: 0x8000ec4c (0x3a3f2c23) sw      gp, 952(t5)
core   0: 3 0x8000ec4c (0x3a3f2c23) mem 0x80010000 0x00000001
core   0: 0x8000ec50 (0x0000bfe5) c.j     pc - 8
core   0: 3 0x8000ec50 (0xbfe5)
core   0: 0x8000ec48 (0x00001f17) auipc   t5, 0x1
core   0: 3 0x8000ec48 (0x00001f17) x30 0x8000fc48
core   0: 0x8000ec4c (0x3a3f2c23) sw      gp, 952(t5)
core   0: 3 0x8000ec4c (0x3a3f2c23) mem 0x80010000 0x00000001
core   0: 0x8000ec50 (0x0000bfe5) c.j     pc - 8
core   0: 3 0x8000ec50 (0xbfe5)
core   0: 0x8000ec48 (0x00001f17) auipc   t5, 0x1
core   0: 3 0x8000ec48 (0x00001f17) x30 0x8000fc48
core   0: 0x8000ec4c (0x3a3f2c23) sw      gp, 952(t5)
core   0: 3 0x8000ec4c (0x3a3f2c23) mem 0x80010000 0x00000001
core   0: 0x8000ec50 (0x0000bfe5) c.j     pc - 8
core   0: 3 0x8000ec50 (0xbfe5)
core   0: 0x8000ec48 (0x00001f17) auipc   t5, 0x1
core   0: 3 0x8000ec48 (0x00001f17) x30 0x8000fc48
core   0: 0x8000ec4c (0x3a3f2c23) sw      gp, 952(t5)
core   0: 3 0x8000ec4c (0x3a3f2c23) mem 0x80010000 0x00000001
core   0: 0x8000ec50 (0x0000bfe5) c.j     pc - 8
core   0: 3 0x8000ec50 (0xbfe5)
core   0: 0x8000ec48 (0x00001f17) auipc   t5, 0x1
core   0: 3 0x8000ec48 (0x00001f17) x30 0x8000fc48
core   0: 0x8000ec4c (0x3a3f2c23) sw      gp, 952(t5)
core   0: 3 0x8000ec4c (0x3a3f2c23) mem 0x80010000 0x00000001
core   0: 0x8000ec50 (0x0000bfe5) c.j     pc - 8
core   0: 3 0x8000ec50 (0xbfe5)
core   0: 0x8000ec48 (0x00001f17) auipc   t5, 0x1
core   0: 3 0x8000ec48 (0x00001f17) x30 0x8000fc48
core   0: 0x8000ec4c (0x3a3f2c23) sw      gp, 952(t5)
core   0: 3 0x8000ec4c (0x3a3f2c23) mem 0x80010000 0x00000001
core   0: 0x8000ec50 (0x0000bfe5) c.j     pc - 8
core   0: 3 0x8000ec50 (0xbfe5)
core   0: 0x8000ec48 (0x00001f17) auipc   t5, 0x1
core   0: 3 0x8000ec48 (0x00001f17) x30 0x8000fc48
core   0: 0x8000ec4c (0x3a3f2c23) sw      gp, 952(t5)
core   0: 3 0x8000ec4c (0x3a3f2c23) mem 0x80010000 0x00000001
core   0: 0x8000ec50 (0x0000bfe5) c.j     pc - 8
core   0: 3 0x8000ec50 (0xbfe5)
core   0: 0x8000ec48 (0x00001f17) auipc   t5, 0x1
core   0: 3 0x8000ec48 (0x00001f17) x30 0x8000fc48
core   0: 0x8000ec4c (0x3a3f2c23) sw      gp, 952(t5)
core   0: 3 0x8000ec4c (0x3a3f2c23) mem 0x80010000 0x00000001
core   0: 0x8000ec50 (0x0000bfe5) c.j     pc - 8
core   0: 3 0x8000ec50 (0xbfe5)
core   0: 0x8000ec48 (0x00001f17) auipc   t5, 0x1
core   0: 3 0x8000ec48 (0x00001f17) x30 0x8000fc48
core   0: 0x8000ec4c (0x3a3f2c23) sw      gp, 952(t5)
core   0: 3 0x8000ec4c (0x3a3f2c23) mem 0x80010000 0x00000001
core   0: 0x8000ec50 (0x0000bfe5) c.j     pc - 8
core   0: 3 0x8000ec50 (0xbfe5)
core   0: 0x8000ec48 (0x00001f17) auipc   t5, 0x1
core   0: 3 0x8000ec48 (0x00001f17) x30 0x8000fc48
core   0: 0x8000ec4c (0x3a3f2c23) sw      gp, 952(t5)
core   0: 3 0x8000ec4c (0x3a3f2c23) mem 0x80010000 0x00000001
core   0: 0x8000ec50 (0x0000bfe5) c.j     pc - 8
core   0: 3 0x8000ec50 (0xbfe5)
core   0: 0x8000ec48 (0x00001f17) auipc   t5, 0x1
core   0: 3 0x8000ec48 (0x00001f17) x30 0x8000fc48
core   0: 0x8000ec4c (0x3a3f2c23) sw      gp, 952(t5)
core   0: 3 0x8000ec4c (0x3a3f2c23) mem 0x80010000 0x00000001
core   0: 0x8000ec50 (0x0000bfe5) c.j     pc - 8
core   0: 3 0x8000ec50 (0xbfe5)
core   0: 0x8000ec48 (0x00001f17) auipc   t5, 0x1
core   0: 3 0x8000ec48 (0x00001f17) x30 0x8000fc48
core   0: 0x8000ec4c (0x3a3f2c23) sw      gp, 952(t5)
core   0: 3 0x8000ec4c (0x3a3f2c23) mem 0x80010000 0x00000001
core   0: 0x8000ec50 (0x0000bfe5) c.j     pc - 8
core   0: 3 0x8000ec50 (0xbfe5)
core   0: 0x8000ec48 (0x00001f17) auipc   t5, 0x1
core   0: 3 0x8000ec48 (0x00001f17) x30 0x8000fc48
core   0: 0x8000ec4c (0x3a3f2c23) sw      gp, 952(t5)
core   0: 3 0x8000ec4c (0x3a3f2c23) mem 0x80010000 0x00000001
core   0: 0x8000ec50 (0x0000bfe5) c.j     pc - 8
core   0: 3 0x8000ec50 (0xbfe5)
core   0: 0x8000ec48 (0x00001f17) auipc   t5, 0x1
core   0: 3 0x8000ec48 (0x00001f17) x30 0x8000fc48
core   0: 0x8000ec4c (0x3a3f2c23) sw      gp, 952(t5)
core   0: 3 0x8000ec4c (0x3a3f2c23) mem 0x80010000 0x00000001
core   0: 0x8000ec50 (0x0000bfe5) c.j     pc - 8
core   0: 3 0x8000ec50 (0xbfe5)
core   0: 0x8000ec48 (0x00001f17) auipc   t5, 0x1
core   0: 3 0x8000ec48 (0x00001f17) x30 0x8000fc48
core   0: 0x8000ec4c (0x3a3f2c23) sw      gp, 952(t5)
core   0: 3 0x8000ec4c (0x3a3f2c23) mem 0x80010000 0x00000001
core   0: 0x8000ec50 (0x0000bfe5) c.j     pc - 8
core   0: 3 0x8000ec50 (0xbfe5)
core   0: 0x8000ec48 (0x00001f17) auipc   t5, 0x1
core   0: 3 0x8000ec48 (0x00001f17) x30 0x8000fc48
core   0: 0x8000ec4c (0x3a3f2c23) sw      gp, 952(t5)
core   0: 3 0x8000ec4c (0x3a3f2c23) mem 0x80010000 0x00000001
core   0: 0x8000ec50 (0x0000bfe5) c.j     pc - 8
core   0: 3 0x8000ec50 (0xbfe5)
core   0: 0x8000ec48 (0x00001f17) auipc   t5, 0x1
core   0: 3 0x8000ec48 (0x00001f17) x30 0x8000fc48
core   0: 0x8000ec4c (0x3a3f2c23) sw      gp, 952(t5)
core   0: 3 0x8000ec4c (0x3a3f2c23) mem 0x80010000 0x00000001
core   0: 0x8000ec50 (0x0000bfe5) c.j     pc - 8
core   0: 3 0x8000ec50 (0xbfe5)
core   0: 0x8000ec48 (0x00001f17) auipc   t5, 0x1
core   0: 3 0x8000ec48 (0x00001f17) x30 0x8000fc48
core   0: 0x8000ec4c (0x3a3f2c23) sw      gp, 952(t5)
core   0: 3 0x8000ec4c (0x3a3f2c23) mem 0x80010000 0x00000001
core   0: 0x8000ec50 (0x0000bfe5) c.j     pc - 8
core   0: 3 0x8000ec50 (0xbfe5)
core   0: 0x8000ec48 (0x00001f17) auipc   t5, 0x1
core   0: 3 0x8000ec48 (0x00001f17) x30 0x8000fc48
core   0: 0x8000ec4c (0x3a3f2c23) sw      gp, 952(t5)
core   0: 3 0x8000ec4c (0x3a3f2c23) mem 0x80010000 0x00000001
core   0: 0x8000ec50 (0x0000bfe5) c.j     pc - 8
core   0: 3 0x8000ec50 (0xbfe5)
core   0: 0x8000ec48 (0x00001f17) auipc   t5, 0x1
core   0: 3 0x8000ec48 (0x00001f17) x30 0x8000fc48
core   0: 0x8000ec4c (0x3a3f2c23) sw      gp, 952(t5)
core   0: 3 0x8000ec4c (0x3a3f2c23) mem 0x80010000 0x00000001
core   0: 0x8000ec50 (0x0000bfe5) c.j     pc - 8
core   0: 3 0x8000ec50 (0xbfe5)
core   0: 0x8000ec48 (0x00001f17) auipc   t5, 0x1
core   0: 3 0x8000ec48 (0x00001f17) x30 0x8000fc48
core   0: 0x8000ec4c (0x3a3f2c23) sw      gp, 952(t5)
core   0: 3 0x8000ec4c (0x3a3f2c23) mem 0x80010000 0x00000001
core   0: 0x8000ec50 (0x0000bfe5) c.j     pc - 8
core   0: 3 0x8000ec50 (0xbfe5)
core   0: 0x8000ec48 (0x00001f17) auipc   t5, 0x1
core   0: 3 0x8000ec48 (0x00001f17) x30 0x8000fc48
core   0: 0x8000ec4c (0x3a3f2c23) sw      gp, 952(t5)
core   0: 3 0x8000ec4c (0x3a3f2c23) mem 0x80010000 0x00000001
core   0: 0x8000ec50 (0x0000bfe5) c.j     pc - 8
core   0: 3 0x8000ec50 (0xbfe5)
core   0: 0x8000ec48 (0x00001f17) auipc   t5, 0x1
core   0: 3 0x8000ec48 (0x00001f17) x30 0x8000fc48
core   0: 0x8000ec4c (0x3a3f2c23) sw      gp, 952(t5)
core   0: 3 0x8000ec4c (0x3a3f2c23) mem 0x80010000 0x00000001
core   0: 0x8000ec50 (0x0000bfe5) c.j     pc - 8
core   0: 3 0x8000ec50 (0xbfe5)
core   0: 0x8000ec48 (0x00001f17) auipc   t5, 0x1
core   0: 3 0x8000ec48 (0x00001f17) x30 0x8000fc48
core   0: 0x8000ec4c (0x3a3f2c23) sw      gp, 952(t5)
core   0: 3 0x8000ec4c (0x3a3f2c23) mem 0x80010000 0x00000001
core   0: 0x8000ec50 (0x0000bfe5) c.j     pc - 8
core   0: 3 0x8000ec50 (0xbfe5)
core   0: 0x8000ec48 (0x00001f17) auipc   t5, 0x1
core   0: 3 0x8000ec48 (0x00001f17) x30 0x8000fc48
core   0: 0x8000ec4c (0x3a3f2c23) sw      gp, 952(t5)
core   0: 3 0x8000ec4c (0x3a3f2c23) mem 0x80010000 0x00000001
core   0: 0x8000ec50 (0x0000bfe5) c.j     pc - 8
core   0: 3 0x8000ec50 (0xbfe5)
core   0: 0x8000ec48 (0x00001f17) auipc   t5, 0x1
core   0: 3 0x8000ec48 (0x00001f17) x30 0x8000fc48
core   0: 0x8000ec4c (0x3a3f2c23) sw      gp, 952(t5)
core   0: 3 0x8000ec4c (0x3a3f2c23) mem 0x80010000 0x00000001
core   0: 0x8000ec50 (0x0000bfe5) c.j     pc - 8
core   0: 3 0x8000ec50 (0xbfe5)
core   0: 0x8000ec48 (0x00001f17) auipc   t5, 0x1
core   0: 3 0x8000ec48 (0x00001f17) x30 0x8000fc48
core   0: 0x8000ec4c (0x3a3f2c23) sw      gp, 952(t5)
core   0: 3 0x8000ec4c (0x3a3f2c23) mem 0x80010000 0x00000001
core   0: 0x8000ec50 (0x0000bfe5) c.j     pc - 8
core   0: 3 0x8000ec50 (0xbfe5)
core   0: 0x8000ec48 (0x00001f17) auipc   t5, 0x1
core   0: 3 0x8000ec48 (0x00001f17) x30 0x8000fc48
core   0: 0x8000ec4c (0x3a3f2c23) sw      gp, 952(t5)
core   0: 3 0x8000ec4c (0x3a3f2c23) mem 0x80010000 0x00000001
core   0: 0x8000ec50 (0x0000bfe5) c.j     pc - 8
core   0: 3 0x8000ec50 (0xbfe5)
core   0: 0x8000ec48 (0x00001f17) auipc   t5, 0x1
core   0: 3 0x8000ec48 (0x00001f17) x30 0x8000fc48
core   0: 0x8000ec4c (0x3a3f2c23) sw      gp, 952(t5)
core   0: 3 0x8000ec4c (0x3a3f2c23) mem 0x80010000 0x00000001
core   0: 0x8000ec50 (0x0000bfe5) c.j     pc - 8
core   0: 3 0x8000ec50 (0xbfe5)
core   0: 0x8000ec48 (0x00001f17) auipc   t5, 0x1
core   0: 3 0x8000ec48 (0x00001f17) x30 0x8000fc48
core   0: 0x8000ec4c (0x3a3f2c23) sw      gp, 952(t5)
core   0: 3 0x8000ec4c (0x3a3f2c23) mem 0x80010000 0x00000001
core   0: 0x8000ec50 (0x0000bfe5) c.j     pc - 8
core   0: 3 0x8000ec50 (0xbfe5)
core   0: 0x8000ec48 (0x00001f17) auipc   t5, 0x1
core   0: 3 0x8000ec48 (0x00001f17) x30 0x8000fc48
core   0: 0x8000ec4c (0x3a3f2c23) sw      gp, 952(t5)
core   0: 3 0x8000ec4c (0x3a3f2c23) mem 0x80010000 0x00000001
core   0: 0x8000ec50 (0x0000bfe5) c.j     pc - 8
core   0: 3 0x8000ec50 (0xbfe5)
core   0: 0x8000ec48 (0x00001f17) auipc   t5, 0x1
core   0: 3 0x8000ec48 (0x00001f17) x30 0x8000fc48
core   0: 0x8000ec4c (0x3a3f2c23) sw      gp, 952(t5)
core   0: 3 0x8000ec4c (0x3a3f2c23) mem 0x80010000 0x00000001
core   0: 0x8000ec50 (0x0000bfe5) c.j     pc - 8
core   0: 3 0x8000ec50 (0xbfe5)
core   0: 0x8000ec48 (0x00001f17) auipc   t5, 0x1
core   0: 3 0x8000ec48 (0x00001f17) x30 0x8000fc48
core   0: 0x8000ec4c (0x3a3f2c23) sw      gp, 952(t5)
core   0: 3 0x8000ec4c (0x3a3f2c23) mem 0x80010000 0x00000001
core   0: 0x8000ec50 (0x0000bfe5) c.j     pc - 8
core   0: 3 0x8000ec50 (0xbfe5)
core   0: 0x8000ec48 (0x00001f17) auipc   t5, 0x1
core   0: 3 0x8000ec48 (0x00001f17) x30 0x8000fc48
core   0: 0x8000ec4c (0x3a3f2c23) sw      gp, 952(t5)
core   0: 3 0x8000ec4c (0x3a3f2c23) mem 0x80010000 0x00000001
core   0: 0x8000ec50 (0x0000bfe5) c.j     pc - 8
core   0: 3 0x8000ec50 (0xbfe5)
core   0: 0x8000ec48 (0x00001f17) auipc   t5, 0x1
core   0: 3 0x8000ec48 (0x00001f17) x30 0x8000fc48
core   0: 0x8000ec4c (0x3a3f2c23) sw      gp, 952(t5)
core   0: 3 0x8000ec4c (0x3a3f2c23) mem 0x80010000 0x00000001
core   0: 0x8000ec50 (0x0000bfe5) c.j     pc - 8
core   0: 3 0x8000ec50 (0xbfe5)
core   0: 0x8000ec48 (0x00001f17) auipc   t5, 0x1
core   0: 3 0x8000ec48 (0x00001f17) x30 0x8000fc48
core   0: 0x8000ec4c (0x3a3f2c23) sw      gp, 952(t5)
core   0: 3 0x8000ec4c (0x3a3f2c23) mem 0x80010000 0x00000001
core   0: 0x8000ec50 (0x0000bfe5) c.j     pc - 8
core   0: 3 0x8000ec50 (0xbfe5)
core   0: 0x8000ec48 (0x00001f17) auipc   t5, 0x1
core   0: 3 0x8000ec48 (0x00001f17) x30 0x8000fc48
core   0: 0x8000ec4c (0x3a3f2c23) sw      gp, 952(t5)
core   0: 3 0x8000ec4c (0x3a3f2c23) mem 0x80010000 0x00000001
core   0: 0x8000ec50 (0x0000bfe5) c.j     pc - 8
core   0: 3 0x8000ec50 (0xbfe5)
core   0: 0x8000ec48 (0x00001f17) auipc   t5, 0x1
core   0: 3 0x8000ec48 (0x00001f17) x30 0x8000fc48
core   0: 0x8000ec4c (0x3a3f2c23) sw      gp, 952(t5)
core   0: 3 0x8000ec4c (0x3a3f2c23) mem 0x80010000 0x00000001
core   0: 0x8000ec50 (0x0000bfe5) c.j     pc - 8
core   0: 3 0x8000ec50 (0xbfe5)
core   0: 0x8000ec48 (0x00001f17) auipc   t5, 0x1
core   0: 3 0x8000ec48 (0x00001f17) x30 0x8000fc48
core   0: 0x8000ec4c (0x3a3f2c23) sw      gp, 952(t5)
core   0: 3 0x8000ec4c (0x3a3f2c23) mem 0x80010000 0x00000001
core   0: 0x8000ec50 (0x0000bfe5) c.j     pc - 8
core   0: 3 0x8000ec50 (0xbfe5)
core   0: 0x8000ec48 (0x00001f17) auipc   t5, 0x1
core   0: 3 0x8000ec48 (0x00001f17) x30 0x8000fc48
core   0: 0x8000ec4c (0x3a3f2c23) sw      gp, 952(t5)
core   0: 3 0x8000ec4c (0x3a3f2c23) mem 0x80010000 0x00000001
core   0: 0x8000ec50 (0x0000bfe5) c.j     pc - 8
core   0: 3 0x8000ec50 (0xbfe5)
core   0: 0x8000ec48 (0x00001f17) auipc   t5, 0x1
core   0: 3 0x8000ec48 (0x00001f17) x30 0x8000fc48
core   0: 0x8000ec4c (0x3a3f2c23) sw      gp, 952(t5)
core   0: 3 0x8000ec4c (0x3a3f2c23) mem 0x80010000 0x00000001
core   0: 0x8000ec50 (0x0000bfe5) c.j     pc - 8
core   0: 3 0x8000ec50 (0xbfe5)
core   0: 0x8000ec48 (0x00001f17) auipc   t5, 0x1
core   0: 3 0x8000ec48 (0x00001f17) x30 0x8000fc48
core   0: 0x8000ec4c (0x3a3f2c23) sw      gp, 952(t5)
core   0: 3 0x8000ec4c (0x3a3f2c23) mem 0x80010000 0x00000001
core   0: 0x8000ec50 (0x0000bfe5) c.j     pc - 8
core   0: 3 0x8000ec50 (0xbfe5)
core   0: 0x8000ec48 (0x00001f17) auipc   t5, 0x1
core   0: 3 0x8000ec48 (0x00001f17) x30 0x8000fc48
core   0: 0x8000ec4c (0x3a3f2c23) sw      gp, 952(t5)
core   0: 3 0x8000ec4c (0x3a3f2c23) mem 0x80010000 0x00000001
core   0: 0x8000ec50 (0x0000bfe5) c.j     pc - 8
core   0: 3 0x8000ec50 (0xbfe5)
core   0: 0x8000ec48 (0x00001f17) auipc   t5, 0x1
core   0: 3 0x8000ec48 (0x00001f17) x30 0x8000fc48
core   0: 0x8000ec4c (0x3a3f2c23) sw      gp, 952(t5)
core   0: 3 0x8000ec4c (0x3a3f2c23) mem 0x80010000 0x00000001
core   0: 0x8000ec50 (0x0000bfe5) c.j     pc - 8
core   0: 3 0x8000ec50 (0xbfe5)
core   0: 0x8000ec48 (0x00001f17) auipc   t5, 0x1
core   0: 3 0x8000ec48 (0x00001f17) x30 0x8000fc48
core   0: 0x8000ec4c (0x3a3f2c23) sw      gp, 952(t5)
core   0: 3 0x8000ec4c (0x3a3f2c23) mem 0x80010000 0x00000001
core   0: 0x8000ec50 (0x0000bfe5) c.j     pc - 8
core   0: 3 0x8000ec50 (0xbfe5)
core   0: 0x8000ec48 (0x00001f17) auipc   t5, 0x1
core   0: 3 0x8000ec48 (0x00001f17) x30 0x8000fc48
core   0: 0x8000ec4c (0x3a3f2c23) sw      gp, 952(t5)
core   0: 3 0x8000ec4c (0x3a3f2c23) mem 0x80010000 0x00000001
core   0: 0x8000ec50 (0x0000bfe5) c.j     pc - 8
core   0: 3 0x8000ec50 (0xbfe5)
core   0: 0x8000ec48 (0x00001f17) auipc   t5, 0x1
core   0: 3 0x8000ec48 (0x00001f17) x30 0x8000fc48
core   0: 0x8000ec4c (0x3a3f2c23) sw      gp, 952(t5)
core   0: 3 0x8000ec4c (0x3a3f2c23) mem 0x80010000 0x00000001
core   0: 0x8000ec50 (0x0000bfe5) c.j     pc - 8
core   0: 3 0x8000ec50 (0xbfe5)
core   0: 0x8000ec48 (0x00001f17) auipc   t5, 0x1
core   0: 3 0x8000ec48 (0x00001f17) x30 0x8000fc48
core   0: 0x8000ec4c (0x3a3f2c23) sw      gp, 952(t5)
core   0: 3 0x8000ec4c (0x3a3f2c23) mem 0x80010000 0x00000001
core   0: 0x8000ec50 (0x0000bfe5) c.j     pc - 8
core   0: 3 0x8000ec50 (0xbfe5)
core   0: 0x8000ec48 (0x00001f17) auipc   t5, 0x1
core   0: 3 0x8000ec48 (0x00001f17) x30 0x8000fc48
core   0: 0x8000ec4c (0x3a3f2c23) sw      gp, 952(t5)
core   0: 3 0x8000ec4c (0x3a3f2c23) mem 0x80010000 0x00000001
core   0: 0x8000ec50 (0x0000bfe5) c.j     pc - 8
core   0: 3 0x8000ec50 (0xbfe5)
core   0: 0x8000ec48 (0x00001f17) auipc   t5, 0x1
core   0: 3 0x8000ec48 (0x00001f17) x30 0x8000fc48
core   0: 0x8000ec4c (0x3a3f2c23) sw      gp, 952(t5)
core   0: 3 0x8000ec4c (0x3a3f2c23) mem 0x80010000 0x00000001
core   0: 0x8000ec50 (0x0000bfe5) c.j     pc - 8
core   0: 3 0x8000ec50 (0xbfe5)
core   0: 0x8000ec48 (0x00001f17) auipc   t5, 0x1
core   0: 3 0x8000ec48 (0x00001f17) x30 0x8000fc48
core   0: 0x8000ec4c (0x3a3f2c23) sw      gp, 952(t5)
core   0: 3 0x8000ec4c (0x3a3f2c23) mem 0x80010000 0x00000001
core   0: 0x8000ec50 (0x0000bfe5) c.j     pc - 8
core   0: 3 0x8000ec50 (0xbfe5)
core   0: 0x8000ec48 (0x00001f17) auipc   t5, 0x1
core   0: 3 0x8000ec48 (0x00001f17) x30 0x8000fc48
core   0: 0x8000ec4c (0x3a3f2c23) sw      gp, 952(t5)
core   0: 3 0x8000ec4c (0x3a3f2c23) mem 0x80010000 0x00000001
core   0: 0x8000ec50 (0x0000bfe5) c.j     pc - 8
core   0: 3 0x8000ec50 (0xbfe5)
core   0: 0x8000ec48 (0x00001f17) auipc   t5, 0x1
core   0: 3 0x8000ec48 (0x00001f17) x30 0x8000fc48
core   0: 0x8000ec4c (0x3a3f2c23) sw      gp, 952(t5)
core   0: 3 0x8000ec4c (0x3a3f2c23) mem 0x80010000 0x00000001
core   0: 0x8000ec50 (0x0000bfe5) c.j     pc - 8
core   0: 3 0x8000ec50 (0xbfe5)
core   0: 0x8000ec48 (0x00001f17) auipc   t5, 0x1
core   0: 3 0x8000ec48 (0x00001f17) x30 0x8000fc48
core   0: 0x8000ec4c (0x3a3f2c23) sw      gp, 952(t5)
core   0: 3 0x8000ec4c (0x3a3f2c23) mem 0x80010000 0x00000001
core   0: 0x8000ec50 (0x0000bfe5) c.j     pc - 8
core   0: 3 0x8000ec50 (0xbfe5)
core   0: 0x8000ec48 (0x00001f17) auipc   t5, 0x1
core   0: 3 0x8000ec48 (0x00001f17) x30 0x8000fc48
core   0: 0x8000ec4c (0x3a3f2c23) sw      gp, 952(t5)
core   0: 3 0x8000ec4c (0x3a3f2c23) mem 0x80010000 0x00000001
core   0: 0x8000ec50 (0x0000bfe5) c.j     pc - 8
core   0: 3 0x8000ec50 (0xbfe5)
core   0: 0x8000ec48 (0x00001f17) auipc   t5, 0x1
core   0: 3 0x8000ec48 (0x00001f17) x30 0x8000fc48
core   0: 0x8000ec4c (0x3a3f2c23) sw      gp, 952(t5)
core   0: 3 0x8000ec4c (0x3a3f2c23) mem 0x80010000 0x00000001
core   0: 0x8000ec50 (0x0000bfe5) c.j     pc - 8
core   0: 3 0x8000ec50 (0xbfe5)
core   0: 0x8000ec48 (0x00001f17) auipc   t5, 0x1
core   0: 3 0x8000ec48 (0x00001f17) x30 0x8000fc48
core   0: 0x8000ec4c (0x3a3f2c23) sw      gp, 952(t5)
core   0: 3 0x8000ec4c (0x3a3f2c23) mem 0x80010000 0x00000001
core   0: 0x8000ec50 (0x0000bfe5) c.j     pc - 8
core   0: 3 0x8000ec50 (0xbfe5)
core   0: 0x8000ec48 (0x00001f17) auipc   t5, 0x1
core   0: 3 0x8000ec48 (0x00001f17) x30 0x8000fc48
core   0: 0x8000ec4c (0x3a3f2c23) sw      gp, 952(t5)
core   0: 3 0x8000ec4c (0x3a3f2c23) mem 0x80010000 0x00000001
core   0: 0x8000ec50 (0x0000bfe5) c.j     pc - 8
core   0: 3 0x8000ec50 (0xbfe5)
core   0: 0x8000ec48 (0x00001f17) auipc   t5, 0x1
core   0: 3 0x8000ec48 (0x00001f17) x30 0x8000fc48
core   0: 0x8000ec4c (0x3a3f2c23) sw      gp, 952(t5)
core   0: 3 0x8000ec4c (0x3a3f2c23) mem 0x80010000 0x00000001
core   0: 0x8000ec50 (0x0000bfe5) c.j     pc - 8
core   0: 3 0x8000ec50 (0xbfe5)
core   0: 0x8000ec48 (0x00001f17) auipc   t5, 0x1
core   0: 3 0x8000ec48 (0x00001f17) x30 0x8000fc48
core   0: 0x8000ec4c (0x3a3f2c23) sw      gp, 952(t5)
core   0: 3 0x8000ec4c (0x3a3f2c23) mem 0x80010000 0x00000001
core   0: 0x8000ec50 (0x0000bfe5) c.j     pc - 8
core   0: 3 0x8000ec50 (0xbfe5)
core   0: 0x8000ec48 (0x00001f17) auipc   t5, 0x1
core   0: 3 0x8000ec48 (0x00001f17) x30 0x8000fc48
core   0: 0x8000ec4c (0x3a3f2c23) sw      gp, 952(t5)
core   0: 3 0x8000ec4c (0x3a3f2c23) mem 0x80010000 0x00000001
core   0: 0x8000ec50 (0x0000bfe5) c.j     pc - 8
core   0: 3 0x8000ec50 (0xbfe5)
core   0: 0x8000ec48 (0x00001f17) auipc   t5, 0x1
core   0: 3 0x8000ec48 (0x00001f17) x30 0x8000fc48
core   0: 0x8000ec4c (0x3a3f2c23) sw      gp, 952(t5)
core   0: 3 0x8000ec4c (0x3a3f2c23) mem 0x80010000 0x00000001
core   0: 0x8000ec50 (0x0000bfe5) c.j     pc - 8
core   0: 3 0x8000ec50 (0xbfe5)
core   0: 0x8000ec48 (0x00001f17) auipc   t5, 0x1
core   0: 3 0x8000ec48 (0x00001f17) x30 0x8000fc48
core   0: 0x8000ec4c (0x3a3f2c23) sw      gp, 952(t5)
core   0: 3 0x8000ec4c (0x3a3f2c23) mem 0x80010000 0x00000001
core   0: 0x8000ec50 (0x0000bfe5) c.j     pc - 8
core   0: 3 0x8000ec50 (0xbfe5)
core   0: 0x8000ec48 (0x00001f17) auipc   t5, 0x1
core   0: 3 0x8000ec48 (0x00001f17) x30 0x8000fc48
core   0: 0x8000ec4c (0x3a3f2c23) sw      gp, 952(t5)
core   0: 3 0x8000ec4c (0x3a3f2c23) mem 0x80010000 0x00000001
core   0: 0x8000ec50 (0x0000bfe5) c.j     pc - 8
core   0: 3 0x8000ec50 (0xbfe5)
core   0: 0x8000ec48 (0x00001f17) auipc   t5, 0x1
core   0: 3 0x8000ec48 (0x00001f17) x30 0x8000fc48
core   0: 0x8000ec4c (0x3a3f2c23) sw      gp, 952(t5)
core   0: 3 0x8000ec4c (0x3a3f2c23) mem 0x80010000 0x00000001
core   0: 0x8000ec50 (0x0000bfe5) c.j     pc - 8
core   0: 3 0x8000ec50 (0xbfe5)
core   0: 0x8000ec48 (0x00001f17) auipc   t5, 0x1
core   0: 3 0x8000ec48 (0x00001f17) x30 0x8000fc48
core   0: 0x8000ec4c (0x3a3f2c23) sw      gp, 952(t5)
core   0: 3 0x8000ec4c (0x3a3f2c23) mem 0x80010000 0x00000001
core   0: 0x8000ec50 (0x0000bfe5) c.j     pc - 8
core   0: 3 0x8000ec50 (0xbfe5)
core   0: 0x8000ec48 (0x00001f17) auipc   t5, 0x1
core   0: 3 0x8000ec48 (0x00001f17) x30 0x8000fc48
core   0: 0x8000ec4c (0x3a3f2c23) sw      gp, 952(t5)
core   0: 3 0x8000ec4c (0x3a3f2c23) mem 0x80010000 0x00000001
core   0: 0x8000ec50 (0x0000bfe5) c.j     pc - 8
core   0: 3 0x8000ec50 (0xbfe5)
core   0: 0x8000ec48 (0x00001f17) auipc   t5, 0x1
core   0: 3 0x8000ec48 (0x00001f17) x30 0x8000fc48
core   0: 0x8000ec4c (0x3a3f2c23) sw      gp, 952(t5)
core   0: 3 0x8000ec4c (0x3a3f2c23) mem 0x80010000 0x00000001
core   0: 0x8000ec50 (0x0000bfe5) c.j     pc - 8
core   0: 3 0x8000ec50 (0xbfe5)
core   0: 0x8000ec48 (0x00001f17) auipc   t5, 0x1
core   0: 3 0x8000ec48 (0x00001f17) x30 0x8000fc48
core   0: 0x8000ec4c (0x3a3f2c23) sw      gp, 952(t5)
core   0: 3 0x8000ec4c (0x3a3f2c23) mem 0x80010000 0x00000001
core   0: 0x8000ec50 (0x0000bfe5) c.j     pc - 8
core   0: 3 0x8000ec50 (0xbfe5)
core   0: 0x8000ec48 (0x00001f17) auipc   t5, 0x1
core   0: 3 0x8000ec48 (0x00001f17) x30 0x8000fc48
core   0: 0x8000ec4c (0x3a3f2c23) sw      gp, 952(t5)
core   0: 3 0x8000ec4c (0x3a3f2c23) mem 0x80010000 0x00000001
core   0: 0x8000ec50 (0x0000bfe5) c.j     pc - 8
core   0: 3 0x8000ec50 (0xbfe5)
core   0: 0x8000ec48 (0x00001f17) auipc   t5, 0x1
core   0: 3 0x8000ec48 (0x00001f17) x30 0x8000fc48
core   0: 0x8000ec4c (0x3a3f2c23) sw      gp, 952(t5)
core   0: 3 0x8000ec4c (0x3a3f2c23) mem 0x80010000 0x00000001
core   0: 0x8000ec50 (0x0000bfe5) c.j     pc - 8
core   0: 3 0x8000ec50 (0xbfe5)
core   0: 0x8000ec48 (0x00001f17) auipc   t5, 0x1
core   0: 3 0x8000ec48 (0x00001f17) x30 0x8000fc48
core   0: 0x8000ec4c (0x3a3f2c23) sw      gp, 952(t5)
core   0: 3 0x8000ec4c (0x3a3f2c23) mem 0x80010000 0x00000001
core   0: 0x8000ec50 (0x0000bfe5) c.j     pc - 8
core   0: 3 0x8000ec50 (0xbfe5)
core   0: 0x8000ec48 (0x00001f17) auipc   t5, 0x1
core   0: 3 0x8000ec48 (0x00001f17) x30 0x8000fc48
core   0: 0x8000ec4c (0x3a3f2c23) sw      gp, 952(t5)
core   0: 3 0x8000ec4c (0x3a3f2c23) mem 0x80010000 0x00000001
core   0: 0x8000ec50 (0x0000bfe5) c.j     pc - 8
core   0: 3 0x8000ec50 (0xbfe5)
core   0: 0x8000ec48 (0x00001f17) auipc   t5, 0x1
core   0: 3 0x8000ec48 (0x00001f17) x30 0x8000fc48
core   0: 0x8000ec4c (0x3a3f2c23) sw      gp, 952(t5)
core   0: 3 0x8000ec4c (0x3a3f2c23) mem 0x80010000 0x00000001
core   0: 0x8000ec50 (0x0000bfe5) c.j     pc - 8
core   0: 3 0x8000ec50 (0xbfe5)
core   0: 0x8000ec48 (0x00001f17) auipc   t5, 0x1
core   0: 3 0x8000ec48 (0x00001f17) x30 0x8000fc48
core   0: 0x8000ec4c (0x3a3f2c23) sw      gp, 952(t5)
core   0: 3 0x8000ec4c (0x3a3f2c23) mem 0x80010000 0x00000001
core   0: 0x8000ec50 (0x0000bfe5) c.j     pc - 8
core   0: 3 0x8000ec50 (0xbfe5)
core   0: 0x8000ec48 (0x00001f17) auipc   t5, 0x1
core   0: 3 0x8000ec48 (0x00001f17) x30 0x8000fc48
core   0: 0x8000ec4c (0x3a3f2c23) sw      gp, 952(t5)
core   0: 3 0x8000ec4c (0x3a3f2c23) mem 0x80010000 0x00000001
core   0: 0x8000ec50 (0x0000bfe5) c.j     pc - 8
core   0: 3 0x8000ec50 (0xbfe5)
core   0: 0x8000ec48 (0x00001f17) auipc   t5, 0x1
core   0: 3 0x8000ec48 (0x00001f17) x30 0x8000fc48
core   0: 0x8000ec4c (0x3a3f2c23) sw      gp, 952(t5)
core   0: 3 0x8000ec4c (0x3a3f2c23) mem 0x80010000 0x00000001
core   0: 0x8000ec50 (0x0000bfe5) c.j     pc - 8
core   0: 3 0x8000ec50 (0xbfe5)
core   0: 0x8000ec48 (0x00001f17) auipc   t5, 0x1
core   0: 3 0x8000ec48 (0x00001f17) x30 0x8000fc48
core   0: 0x8000ec4c (0x3a3f2c23) sw      gp, 952(t5)
core   0: 3 0x8000ec4c (0x3a3f2c23) mem 0x80010000 0x00000001
core   0: 0x8000ec50 (0x0000bfe5) c.j     pc - 8
core   0: 3 0x8000ec50 (0xbfe5)
core   0: 0x8000ec48 (0x00001f17) auipc   t5, 0x1
core   0: 3 0x8000ec48 (0x00001f17) x30 0x8000fc48
core   0: 0x8000ec4c (0x3a3f2c23) sw      gp, 952(t5)
core   0: 3 0x8000ec4c (0x3a3f2c23) mem 0x80010000 0x00000001
core   0: 0x8000ec50 (0x0000bfe5) c.j     pc - 8
core   0: 3 0x8000ec50 (0xbfe5)
core   0: 0x8000ec48 (0x00001f17) auipc   t5, 0x1
core   0: 3 0x8000ec48 (0x00001f17) x30 0x8000fc48
core   0: 0x8000ec4c (0x3a3f2c23) sw      gp, 952(t5)
core   0: 3 0x8000ec4c (0x3a3f2c23) mem 0x80010000 0x00000001
core   0: 0x8000ec50 (0x0000bfe5) c.j     pc - 8
core   0: 3 0x8000ec50 (0xbfe5)
core   0: 0x8000ec48 (0x00001f17) auipc   t5, 0x1
core   0: 3 0x8000ec48 (0x00001f17) x30 0x8000fc48
core   0: 0x8000ec4c (0x3a3f2c23) sw      gp, 952(t5)
core   0: 3 0x8000ec4c (0x3a3f2c23) mem 0x80010000 0x00000001
core   0: 0x8000ec50 (0x0000bfe5) c.j     pc - 8
core   0: 3 0x8000ec50 (0xbfe5)
core   0: 0x8000ec48 (0x00001f17) auipc   t5, 0x1
core   0: 3 0x8000ec48 (0x00001f17) x30 0x8000fc48
core   0: 0x8000ec4c (0x3a3f2c23) sw      gp, 952(t5)
core   0: 3 0x8000ec4c (0x3a3f2c23) mem 0x80010000 0x00000001
core   0: 0x8000ec50 (0x0000bfe5) c.j     pc - 8
core   0: 3 0x8000ec50 (0xbfe5)
core   0: 0x8000ec48 (0x00001f17) auipc   t5, 0x1
core   0: 3 0x8000ec48 (0x00001f17) x30 0x8000fc48
core   0: 0x8000ec4c (0x3a3f2c23) sw      gp, 952(t5)
core   0: 3 0x8000ec4c (0x3a3f2c23) mem 0x80010000 0x00000001
core   0: 0x8000ec50 (0x0000bfe5) c.j     pc - 8
core   0: 3 0x8000ec50 (0xbfe5)
core   0: 0x8000ec48 (0x00001f17) auipc   t5, 0x1
core   0: 3 0x8000ec48 (0x00001f17) x30 0x8000fc48
core   0: 0x8000ec4c (0x3a3f2c23) sw      gp, 952(t5)
core   0: 3 0x8000ec4c (0x3a3f2c23) mem 0x80010000 0x00000001
core   0: 0x8000ec50 (0x0000bfe5) c.j     pc - 8
core   0: 3 0x8000ec50 (0xbfe5)
core   0: 0x8000ec48 (0x00001f17) auipc   t5, 0x1
core   0: 3 0x8000ec48 (0x00001f17) x30 0x8000fc48
core   0: 0x8000ec4c (0x3a3f2c23) sw      gp, 952(t5)
core   0: 3 0x8000ec4c (0x3a3f2c23) mem 0x80010000 0x00000001
core   0: 0x8000ec50 (0x0000bfe5) c.j     pc - 8
core   0: 3 0x8000ec50 (0xbfe5)
core   0: 0x8000ec48 (0x00001f17) auipc   t5, 0x1
core   0: 3 0x8000ec48 (0x00001f17) x30 0x8000fc48
core   0: 0x8000ec4c (0x3a3f2c23) sw      gp, 952(t5)
core   0: 3 0x8000ec4c (0x3a3f2c23) mem 0x80010000 0x00000001
core   0: 0x8000ec50 (0x0000bfe5) c.j     pc - 8
core   0: 3 0x8000ec50 (0xbfe5)
core   0: 0x8000ec48 (0x00001f17) auipc   t5, 0x1
core   0: 3 0x8000ec48 (0x00001f17) x30 0x8000fc48
core   0: 0x8000ec4c (0x3a3f2c23) sw      gp, 952(t5)
core   0: 3 0x8000ec4c (0x3a3f2c23) mem 0x80010000 0x00000001
core   0: 0x8000ec50 (0x0000bfe5) c.j     pc - 8
core   0: 3 0x8000ec50 (0xbfe5)
core   0: 0x8000ec48 (0x00001f17) auipc   t5, 0x1
core   0: 3 0x8000ec48 (0x00001f17) x30 0x8000fc48
core   0: 0x8000ec4c (0x3a3f2c23) sw      gp, 952(t5)
core   0: 3 0x8000ec4c (0x3a3f2c23) mem 0x80010000 0x00000001
core   0: 0x8000ec50 (0x0000bfe5) c.j     pc - 8
core   0: 3 0x8000ec50 (0xbfe5)
core   0: 0x8000ec48 (0x00001f17) auipc   t5, 0x1
core   0: 3 0x8000ec48 (0x00001f17) x30 0x8000fc48
core   0: 0x8000ec4c (0x3a3f2c23) sw      gp, 952(t5)
core   0: 3 0x8000ec4c (0x3a3f2c23) mem 0x80010000 0x00000001
core   0: 0x8000ec50 (0x0000bfe5) c.j     pc - 8
core   0: 3 0x8000ec50 (0xbfe5)
core   0: 0x8000ec48 (0x00001f17) auipc   t5, 0x1
core   0: 3 0x8000ec48 (0x00001f17) x30 0x8000fc48
core   0: 0x8000ec4c (0x3a3f2c23) sw      gp, 952(t5)
core   0: 3 0x8000ec4c (0x3a3f2c23) mem 0x80010000 0x00000001
core   0: 0x8000ec50 (0x0000bfe5) c.j     pc - 8
core   0: 3 0x8000ec50 (0xbfe5)
core   0: 0x8000ec48 (0x00001f17) auipc   t5, 0x1
core   0: 3 0x8000ec48 (0x00001f17) x30 0x8000fc48
core   0: 0x8000ec4c (0x3a3f2c23) sw      gp, 952(t5)
core   0: 3 0x8000ec4c (0x3a3f2c23) mem 0x80010000 0x00000001
core   0: 0x8000ec50 (0x0000bfe5) c.j     pc - 8
core   0: 3 0x8000ec50 (0xbfe5)
core   0: 0x8000ec48 (0x00001f17) auipc   t5, 0x1
core   0: 3 0x8000ec48 (0x00001f17) x30 0x8000fc48
core   0: 0x8000ec4c (0x3a3f2c23) sw      gp, 952(t5)
core   0: 3 0x8000ec4c (0x3a3f2c23) mem 0x80010000 0x00000001
core   0: 0x8000ec50 (0x0000bfe5) c.j     pc - 8
core   0: 3 0x8000ec50 (0xbfe5)
core   0: 0x8000ec48 (0x00001f17) auipc   t5, 0x1
core   0: 3 0x8000ec48 (0x00001f17) x30 0x8000fc48
core   0: 0x8000ec4c (0x3a3f2c23) sw      gp, 952(t5)
core   0: 3 0x8000ec4c (0x3a3f2c23) mem 0x80010000 0x00000001
core   0: 0x8000ec50 (0x0000bfe5) c.j     pc - 8
core   0: 3 0x8000ec50 (0xbfe5)
core   0: 0x8000ec48 (0x00001f17) auipc   t5, 0x1
core   0: 3 0x8000ec48 (0x00001f17) x30 0x8000fc48
core   0: 0x8000ec4c (0x3a3f2c23) sw      gp, 952(t5)
core   0: 3 0x8000ec4c (0x3a3f2c23) mem 0x80010000 0x00000001
core   0: 0x8000ec50 (0x0000bfe5) c.j     pc - 8
core   0: 3 0x8000ec50 (0xbfe5)
core   0: 0x8000ec48 (0x00001f17) auipc   t5, 0x1
core   0: 3 0x8000ec48 (0x00001f17) x30 0x8000fc48
core   0: 0x8000ec4c (0x3a3f2c23) sw      gp, 952(t5)
core   0: 3 0x8000ec4c (0x3a3f2c23) mem 0x80010000 0x00000001
core   0: 0x8000ec50 (0x0000bfe5) c.j     pc - 8
core   0: 3 0x8000ec50 (0xbfe5)
core   0: 0x8000ec48 (0x00001f17) auipc   t5, 0x1
core   0: 3 0x8000ec48 (0x00001f17) x30 0x8000fc48
core   0: 0x8000ec4c (0x3a3f2c23) sw      gp, 952(t5)
core   0: 3 0x8000ec4c (0x3a3f2c23) mem 0x80010000 0x00000001
core   0: 0x8000ec50 (0x0000bfe5) c.j     pc - 8
core   0: 3 0x8000ec50 (0xbfe5)
core   0: 0x8000ec48 (0x00001f17) auipc   t5, 0x1
core   0: 3 0x8000ec48 (0x00001f17) x30 0x8000fc48
core   0: 0x8000ec4c (0x3a3f2c23) sw      gp, 952(t5)
core   0: 3 0x8000ec4c (0x3a3f2c23) mem 0x80010000 0x00000001
core   0: 0x8000ec50 (0x0000bfe5) c.j     pc - 8
core   0: 3 0x8000ec50 (0xbfe5)
core   0: 0x8000ec48 (0x00001f17) auipc   t5, 0x1
core   0: 3 0x8000ec48 (0x00001f17) x30 0x8000fc48
core   0: 0x8000ec4c (0x3a3f2c23) sw      gp, 952(t5)
core   0: 3 0x8000ec4c (0x3a3f2c23) mem 0x80010000 0x00000001
core   0: 0x8000ec50 (0x0000bfe5) c.j     pc - 8
core   0: 3 0x8000ec50 (0xbfe5)
core   0: 0x8000ec48 (0x00001f17) auipc   t5, 0x1
core   0: 3 0x8000ec48 (0x00001f17) x30 0x8000fc48
core   0: 0x8000ec4c (0x3a3f2c23) sw      gp, 952(t5)
core   0: 3 0x8000ec4c (0x3a3f2c23) mem 0x80010000 0x00000001
core   0: 0x8000ec50 (0x0000bfe5) c.j     pc - 8
core   0: 3 0x8000ec50 (0xbfe5)
core   0: 0x8000ec48 (0x00001f17) auipc   t5, 0x1
core   0: 3 0x8000ec48 (0x00001f17) x30 0x8000fc48
core   0: 0x8000ec4c (0x3a3f2c23) sw      gp, 952(t5)
core   0: 3 0x8000ec4c (0x3a3f2c23) mem 0x80010000 0x00000001
core   0: 0x8000ec50 (0x0000bfe5) c.j     pc - 8
core   0: 3 0x8000ec50 (0xbfe5)
core   0: 0x8000ec48 (0x00001f17) auipc   t5, 0x1
core   0: 3 0x8000ec48 (0x00001f17) x30 0x8000fc48
core   0: 0x8000ec4c (0x3a3f2c23) sw      gp, 952(t5)
core   0: 3 0x8000ec4c (0x3a3f2c23) mem 0x80010000 0x00000001
core   0: 0x8000ec50 (0x0000bfe5) c.j     pc - 8
core   0: 3 0x8000ec50 (0xbfe5)
core   0: 0x8000ec48 (0x00001f17) auipc   t5, 0x1
core   0: 3 0x8000ec48 (0x00001f17) x30 0x8000fc48
core   0: 0x8000ec4c (0x3a3f2c23) sw      gp, 952(t5)
core   0: 3 0x8000ec4c (0x3a3f2c23) mem 0x80010000 0x00000001
core   0: 0x8000ec50 (0x0000bfe5) c.j     pc - 8
core   0: 3 0x8000ec50 (0xbfe5)
core   0: 0x8000ec48 (0x00001f17) auipc   t5, 0x1
core   0: 3 0x8000ec48 (0x00001f17) x30 0x8000fc48
core   0: 0x8000ec4c (0x3a3f2c23) sw      gp, 952(t5)
core   0: 3 0x8000ec4c (0x3a3f2c23) mem 0x80010000 0x00000001
core   0: 0x8000ec50 (0x0000bfe5) c.j     pc - 8
core   0: 3 0x8000ec50 (0xbfe5)
core   0: 0x8000ec48 (0x00001f17) auipc   t5, 0x1
core   0: 3 0x8000ec48 (0x00001f17) x30 0x8000fc48
core   0: 0x8000ec4c (0x3a3f2c23) sw      gp, 952(t5)
core   0: 3 0x8000ec4c (0x3a3f2c23) mem 0x80010000 0x00000001
core   0: 0x8000ec50 (0x0000bfe5) c.j     pc - 8
core   0: 3 0x8000ec50 (0xbfe5)
core   0: 0x8000ec48 (0x00001f17) auipc   t5, 0x1
core   0: 3 0x8000ec48 (0x00001f17) x30 0x8000fc48
core   0: 0x8000ec4c (0x3a3f2c23) sw      gp, 952(t5)
core   0: 3 0x8000ec4c (0x3a3f2c23) mem 0x80010000 0x00000001
core   0: 0x8000ec50 (0x0000bfe5) c.j     pc - 8
core   0: 3 0x8000ec50 (0xbfe5)
core   0: 0x8000ec48 (0x00001f17) auipc   t5, 0x1
core   0: 3 0x8000ec48 (0x00001f17) x30 0x8000fc48
core   0: 0x8000ec4c (0x3a3f2c23) sw      gp, 952(t5)
core   0: 3 0x8000ec4c (0x3a3f2c23) mem 0x80010000 0x00000001
core   0: 0x8000ec50 (0x0000bfe5) c.j     pc - 8
core   0: 3 0x8000ec50 (0xbfe5)
core   0: 0x8000ec48 (0x00001f17) auipc   t5, 0x1
core   0: 3 0x8000ec48 (0x00001f17) x30 0x8000fc48
core   0: 0x8000ec4c (0x3a3f2c23) sw      gp, 952(t5)
core   0: 3 0x8000ec4c (0x3a3f2c23) mem 0x80010000 0x00000001
core   0: 0x8000ec50 (0x0000bfe5) c.j     pc - 8
core   0: 3 0x8000ec50 (0xbfe5)
core   0: 0x8000ec48 (0x00001f17) auipc   t5, 0x1
core   0: 3 0x8000ec48 (0x00001f17) x30 0x8000fc48
core   0: 0x8000ec4c (0x3a3f2c23) sw      gp, 952(t5)
core   0: 3 0x8000ec4c (0x3a3f2c23) mem 0x80010000 0x00000001
core   0: 0x8000ec50 (0x0000bfe5) c.j     pc - 8
core   0: 3 0x8000ec50 (0xbfe5)
core   0: 0x8000ec48 (0x00001f17) auipc   t5, 0x1
core   0: 3 0x8000ec48 (0x00001f17) x30 0x8000fc48
core   0: 0x8000ec4c (0x3a3f2c23) sw      gp, 952(t5)
core   0: 3 0x8000ec4c (0x3a3f2c23) mem 0x80010000 0x00000001
core   0: 0x8000ec50 (0x0000bfe5) c.j     pc - 8
core   0: 3 0x8000ec50 (0xbfe5)
core   0: 0x8000ec48 (0x00001f17) auipc   t5, 0x1
core   0: 3 0x8000ec48 (0x00001f17) x30 0x8000fc48
core   0: 0x8000ec4c (0x3a3f2c23) sw      gp, 952(t5)
core   0: 3 0x8000ec4c (0x3a3f2c23) mem 0x80010000 0x00000001
core   0: 0x8000ec50 (0x0000bfe5) c.j     pc - 8
core   0: 3 0x8000ec50 (0xbfe5)
core   0: 0x8000ec48 (0x00001f17) auipc   t5, 0x1
core   0: 3 0x8000ec48 (0x00001f17) x30 0x8000fc48
core   0: 0x8000ec4c (0x3a3f2c23) sw      gp, 952(t5)
core   0: 3 0x8000ec4c (0x3a3f2c23) mem 0x80010000 0x00000001
core   0: 0x8000ec50 (0x0000bfe5) c.j     pc - 8
core   0: 3 0x8000ec50 (0xbfe5)
core   0: 0x8000ec48 (0x00001f17) auipc   t5, 0x1
core   0: 3 0x8000ec48 (0x00001f17) x30 0x8000fc48
core   0: 0x8000ec4c (0x3a3f2c23) sw      gp, 952(t5)
core   0: 3 0x8000ec4c (0x3a3f2c23) mem 0x80010000 0x00000001
core   0: 0x8000ec50 (0x0000bfe5) c.j     pc - 8
core   0: 3 0x8000ec50 (0xbfe5)
core   0: 0x8000ec48 (0x00001f17) auipc   t5, 0x1
core   0: 3 0x8000ec48 (0x00001f17) x30 0x8000fc48
core   0: 0x8000ec4c (0x3a3f2c23) sw      gp, 952(t5)
core   0: 3 0x8000ec4c (0x3a3f2c23) mem 0x80010000 0x00000001
core   0: 0x8000ec50 (0x0000bfe5) c.j     pc - 8
core   0: 3 0x8000ec50 (0xbfe5)
core   0: 0x8000ec48 (0x00001f17) auipc   t5, 0x1
core   0: 3 0x8000ec48 (0x00001f17) x30 0x8000fc48
core   0: 0x8000ec4c (0x3a3f2c23) sw      gp, 952(t5)
core   0: 3 0x8000ec4c (0x3a3f2c23) mem 0x80010000 0x00000001
core   0: 0x8000ec50 (0x0000bfe5) c.j     pc - 8
core   0: 3 0x8000ec50 (0xbfe5)
core   0: 0x8000ec48 (0x00001f17) auipc   t5, 0x1
core   0: 3 0x8000ec48 (0x00001f17) x30 0x8000fc48
core   0: 0x8000ec4c (0x3a3f2c23) sw      gp, 952(t5)
core   0: 3 0x8000ec4c (0x3a3f2c23) mem 0x80010000 0x00000001
core   0: 0x8000ec50 (0x0000bfe5) c.j     pc - 8
core   0: 3 0x8000ec50 (0xbfe5)
core   0: 0x8000ec48 (0x00001f17) auipc   t5, 0x1
core   0: 3 0x8000ec48 (0x00001f17) x30 0x8000fc48
core   0: 0x8000ec4c (0x3a3f2c23) sw      gp, 952(t5)
core   0: 3 0x8000ec4c (0x3a3f2c23) mem 0x80010000 0x00000001
core   0: 0x8000ec50 (0x0000bfe5) c.j     pc - 8
core   0: 3 0x8000ec50 (0xbfe5)
core   0: 0x8000ec48 (0x00001f17) auipc   t5, 0x1
core   0: 3 0x8000ec48 (0x00001f17) x30 0x8000fc48
core   0: 0x8000ec4c (0x3a3f2c23) sw      gp, 952(t5)
core   0: 3 0x8000ec4c (0x3a3f2c23) mem 0x80010000 0x00000001
core   0: 0x8000ec50 (0x0000bfe5) c.j     pc - 8
core   0: 3 0x8000ec50 (0xbfe5)
core   0: 0x8000ec48 (0x00001f17) auipc   t5, 0x1
core   0: 3 0x8000ec48 (0x00001f17) x30 0x8000fc48
core   0: 0x8000ec4c (0x3a3f2c23) sw      gp, 952(t5)
core   0: 3 0x8000ec4c (0x3a3f2c23) mem 0x80010000 0x00000001
core   0: 0x8000ec50 (0x0000bfe5) c.j     pc - 8
core   0: 3 0x8000ec50 (0xbfe5)
core   0: 0x8000ec48 (0x00001f17) auipc   t5, 0x1
core   0: 3 0x8000ec48 (0x00001f17) x30 0x8000fc48
core   0: 0x8000ec4c (0x3a3f2c23) sw      gp, 952(t5)
core   0: 3 0x8000ec4c (0x3a3f2c23) mem 0x80010000 0x00000001
core   0: 0x8000ec50 (0x0000bfe5) c.j     pc - 8
core   0: 3 0x8000ec50 (0xbfe5)
core   0: 0x8000ec48 (0x00001f17) auipc   t5, 0x1
core   0: 3 0x8000ec48 (0x00001f17) x30 0x8000fc48
core   0: 0x8000ec4c (0x3a3f2c23) sw      gp, 952(t5)
core   0: 3 0x8000ec4c (0x3a3f2c23) mem 0x80010000 0x00000001
core   0: 0x8000ec50 (0x0000bfe5) c.j     pc - 8
core   0: 3 0x8000ec50 (0xbfe5)
core   0: 0x8000ec48 (0x00001f17) auipc   t5, 0x1
core   0: 3 0x8000ec48 (0x00001f17) x30 0x8000fc48
core   0: 0x8000ec4c (0x3a3f2c23) sw      gp, 952(t5)
core   0: 3 0x8000ec4c (0x3a3f2c23) mem 0x80010000 0x00000001
core   0: 0x8000ec50 (0x0000bfe5) c.j     pc - 8
core   0: 3 0x8000ec50 (0xbfe5)
core   0: 0x8000ec48 (0x00001f17) auipc   t5, 0x1
core   0: 3 0x8000ec48 (0x00001f17) x30 0x8000fc48
core   0: 0x8000ec4c (0x3a3f2c23) sw      gp, 952(t5)
core   0: 3 0x8000ec4c (0x3a3f2c23) mem 0x80010000 0x00000001
core   0: 0x8000ec50 (0x0000bfe5) c.j     pc - 8
core   0: 3 0x8000ec50 (0xbfe5)
core   0: 0x8000ec48 (0x00001f17) auipc   t5, 0x1
core   0: 3 0x8000ec48 (0x00001f17) x30 0x8000fc48
core   0: 0x8000ec4c (0x3a3f2c23) sw      gp, 952(t5)
core   0: 3 0x8000ec4c (0x3a3f2c23) mem 0x80010000 0x00000001
core   0: 0x8000ec50 (0x0000bfe5) c.j     pc - 8
core   0: 3 0x8000ec50 (0xbfe5)
core   0: 0x8000ec48 (0x00001f17) auipc   t5, 0x1
core   0: 3 0x8000ec48 (0x00001f17) x30 0x8000fc48
core   0: 0x8000ec4c (0x3a3f2c23) sw      gp, 952(t5)
core   0: 3 0x8000ec4c (0x3a3f2c23) mem 0x80010000 0x00000001
core   0: 0x8000ec50 (0x0000bfe5) c.j     pc - 8
core   0: 3 0x8000ec50 (0xbfe5)
core   0: 0x8000ec48 (0x00001f17) auipc   t5, 0x1
core   0: 3 0x8000ec48 (0x00001f17) x30 0x8000fc48
core   0: 0x8000ec4c (0x3a3f2c23) sw      gp, 952(t5)
core   0: 3 0x8000ec4c (0x3a3f2c23) mem 0x80010000 0x00000001
core   0: 0x8000ec50 (0x0000bfe5) c.j     pc - 8
core   0: 3 0x8000ec50 (0xbfe5)
core   0: 0x8000ec48 (0x00001f17) auipc   t5, 0x1
core   0: 3 0x8000ec48 (0x00001f17) x30 0x8000fc48
core   0: 0x8000ec4c (0x3a3f2c23) sw      gp, 952(t5)
core   0: 3 0x8000ec4c (0x3a3f2c23) mem 0x80010000 0x00000001
core   0: 0x8000ec50 (0x0000bfe5) c.j     pc - 8
core   0: 3 0x8000ec50 (0xbfe5)
core   0: 0x8000ec48 (0x00001f17) auipc   t5, 0x1
core   0: 3 0x8000ec48 (0x00001f17) x30 0x8000fc48
core   0: 0x8000ec4c (0x3a3f2c23) sw      gp, 952(t5)
core   0: 3 0x8000ec4c (0x3a3f2c23) mem 0x80010000 0x00000001
core   0: 0x8000ec50 (0x0000bfe5) c.j     pc - 8
core   0: 3 0x8000ec50 (0xbfe5)
core   0: 0x8000ec48 (0x00001f17) auipc   t5, 0x1
core   0: 3 0x8000ec48 (0x00001f17) x30 0x8000fc48
core   0: 0x8000ec4c (0x3a3f2c23) sw      gp, 952(t5)
core   0: 3 0x8000ec4c (0x3a3f2c23) mem 0x80010000 0x00000001
core   0: 0x8000ec50 (0x0000bfe5) c.j     pc - 8
core   0: 3 0x8000ec50 (0xbfe5)
core   0: 0x8000ec48 (0x00001f17) auipc   t5, 0x1
core   0: 3 0x8000ec48 (0x00001f17) x30 0x8000fc48
core   0: 0x8000ec4c (0x3a3f2c23) sw      gp, 952(t5)
core   0: 3 0x8000ec4c (0x3a3f2c23) mem 0x80010000 0x00000001
core   0: 0x8000ec50 (0x0000bfe5) c.j     pc - 8
core   0: 3 0x8000ec50 (0xbfe5)
core   0: 0x8000ec48 (0x00001f17) auipc   t5, 0x1
core   0: 3 0x8000ec48 (0x00001f17) x30 0x8000fc48
core   0: 0x8000ec4c (0x3a3f2c23) sw      gp, 952(t5)
core   0: 3 0x8000ec4c (0x3a3f2c23) mem 0x80010000 0x00000001
core   0: 0x8000ec50 (0x0000bfe5) c.j     pc - 8
core   0: 3 0x8000ec50 (0xbfe5)
core   0: 0x8000ec48 (0x00001f17) auipc   t5, 0x1
core   0: 3 0x8000ec48 (0x00001f17) x30 0x8000fc48
core   0: 0x8000ec4c (0x3a3f2c23) sw      gp, 952(t5)
core   0: 3 0x8000ec4c (0x3a3f2c23) mem 0x80010000 0x00000001
core   0: 0x8000ec50 (0x0000bfe5) c.j     pc - 8
core   0: 3 0x8000ec50 (0xbfe5)
core   0: 0x8000ec48 (0x00001f17) auipc   t5, 0x1
core   0: 3 0x8000ec48 (0x00001f17) x30 0x8000fc48
core   0: 0x8000ec4c (0x3a3f2c23) sw      gp, 952(t5)
core   0: 3 0x8000ec4c (0x3a3f2c23) mem 0x80010000 0x00000001
core   0: 0x8000ec50 (0x0000bfe5) c.j     pc - 8
core   0: 3 0x8000ec50 (0xbfe5)
core   0: 0x8000ec48 (0x00001f17) auipc   t5, 0x1
core   0: 3 0x8000ec48 (0x00001f17) x30 0x8000fc48
core   0: 0x8000ec4c (0x3a3f2c23) sw      gp, 952(t5)
core   0: 3 0x8000ec4c (0x3a3f2c23) mem 0x80010000 0x00000001
core   0: 0x8000ec50 (0x0000bfe5) c.j     pc - 8
core   0: 3 0x8000ec50 (0xbfe5)
core   0: 0x8000ec48 (0x00001f17) auipc   t5, 0x1
core   0: 3 0x8000ec48 (0x00001f17) x30 0x8000fc48
core   0: 0x8000ec4c (0x3a3f2c23) sw      gp, 952(t5)
core   0: 3 0x8000ec4c (0x3a3f2c23) mem 0x80010000 0x00000001
core   0: 0x8000ec50 (0x0000bfe5) c.j     pc - 8
core   0: 3 0x8000ec50 (0xbfe5)
core   0: 0x8000ec48 (0x00001f17) auipc   t5, 0x1
core   0: 3 0x8000ec48 (0x00001f17) x30 0x8000fc48
core   0: 0x8000ec4c (0x3a3f2c23) sw      gp, 952(t5)
core   0: 3 0x8000ec4c (0x3a3f2c23) mem 0x80010000 0x00000001
core   0: 0x8000ec50 (0x0000bfe5) c.j     pc - 8
core   0: 3 0x8000ec50 (0xbfe5)
core   0: 0x8000ec48 (0x00001f17) auipc   t5, 0x1
core   0: 3 0x8000ec48 (0x00001f17) x30 0x8000fc48
core   0: 0x8000ec4c (0x3a3f2c23) sw      gp, 952(t5)
core   0: 3 0x8000ec4c (0x3a3f2c23) mem 0x80010000 0x00000001
core   0: 0x8000ec50 (0x0000bfe5) c.j     pc - 8
core   0: 3 0x8000ec50 (0xbfe5)
core   0: 0x8000ec48 (0x00001f17) auipc   t5, 0x1
core   0: 3 0x8000ec48 (0x00001f17) x30 0x8000fc48
core   0: 0x8000ec4c (0x3a3f2c23) sw      gp, 952(t5)
core   0: 3 0x8000ec4c (0x3a3f2c23) mem 0x80010000 0x00000001
core   0: 0x8000ec50 (0x0000bfe5) c.j     pc - 8
core   0: 3 0x8000ec50 (0xbfe5)
core   0: 0x8000ec48 (0x00001f17) auipc   t5, 0x1
core   0: 3 0x8000ec48 (0x00001f17) x30 0x8000fc48
core   0: 0x8000ec4c (0x3a3f2c23) sw      gp, 952(t5)
core   0: 3 0x8000ec4c (0x3a3f2c23) mem 0x80010000 0x00000001
core   0: 0x8000ec50 (0x0000bfe5) c.j     pc - 8
core   0: 3 0x8000ec50 (0xbfe5)
core   0: 0x8000ec48 (0x00001f17) auipc   t5, 0x1
core   0: 3 0x8000ec48 (0x00001f17) x30 0x8000fc48
core   0: 0x8000ec4c (0x3a3f2c23) sw      gp, 952(t5)
core   0: 3 0x8000ec4c (0x3a3f2c23) mem 0x80010000 0x00000001
core   0: 0x8000ec50 (0x0000bfe5) c.j     pc - 8
core   0: 3 0x8000ec50 (0xbfe5)
core   0: 0x8000ec48 (0x00001f17) auipc   t5, 0x1
core   0: 3 0x8000ec48 (0x00001f17) x30 0x8000fc48
core   0: 0x8000ec4c (0x3a3f2c23) sw      gp, 952(t5)
core   0: 3 0x8000ec4c (0x3a3f2c23) mem 0x80010000 0x00000001
core   0: 0x8000ec50 (0x0000bfe5) c.j     pc - 8
core   0: 3 0x8000ec50 (0xbfe5)
core   0: 0x8000ec48 (0x00001f17) auipc   t5, 0x1
core   0: 3 0x8000ec48 (0x00001f17) x30 0x8000fc48
core   0: 0x8000ec4c (0x3a3f2c23) sw      gp, 952(t5)
core   0: 3 0x8000ec4c (0x3a3f2c23) mem 0x80010000 0x00000001
core   0: 0x8000ec50 (0x0000bfe5) c.j     pc - 8
core   0: 3 0x8000ec50 (0xbfe5)
core   0: 0x8000ec48 (0x00001f17) auipc   t5, 0x1
core   0: 3 0x8000ec48 (0x00001f17) x30 0x8000fc48
core   0: 0x8000ec4c (0x3a3f2c23) sw      gp, 952(t5)
core   0: 3 0x8000ec4c (0x3a3f2c23) mem 0x80010000 0x00000001
core   0: 0x8000ec50 (0x0000bfe5) c.j     pc - 8
core   0: 3 0x8000ec50 (0xbfe5)
core   0: 0x8000ec48 (0x00001f17) auipc   t5, 0x1
core   0: 3 0x8000ec48 (0x00001f17) x30 0x8000fc48
core   0: 0x8000ec4c (0x3a3f2c23) sw      gp, 952(t5)
core   0: 3 0x8000ec4c (0x3a3f2c23) mem 0x80010000 0x00000001
core   0: 0x8000ec50 (0x0000bfe5) c.j     pc - 8
core   0: 3 0x8000ec50 (0xbfe5)
core   0: 0x8000ec48 (0x00001f17) auipc   t5, 0x1
core   0: 3 0x8000ec48 (0x00001f17) x30 0x8000fc48
core   0: 0x8000ec4c (0x3a3f2c23) sw      gp, 952(t5)
core   0: 3 0x8000ec4c (0x3a3f2c23) mem 0x80010000 0x00000001
core   0: 0x8000ec50 (0x0000bfe5) c.j     pc - 8
core   0: 3 0x8000ec50 (0xbfe5)
core   0: 0x8000ec48 (0x00001f17) auipc   t5, 0x1
core   0: 3 0x8000ec48 (0x00001f17) x30 0x8000fc48
core   0: 0x8000ec4c (0x3a3f2c23) sw      gp, 952(t5)
core   0: 3 0x8000ec4c (0x3a3f2c23) mem 0x80010000 0x00000001
core   0: 0x8000ec50 (0x0000bfe5) c.j     pc - 8
core   0: 3 0x8000ec50 (0xbfe5)
core   0: 0x8000ec48 (0x00001f17) auipc   t5, 0x1
core   0: 3 0x8000ec48 (0x00001f17) x30 0x8000fc48
core   0: 0x8000ec4c (0x3a3f2c23) sw      gp, 952(t5)
core   0: 3 0x8000ec4c (0x3a3f2c23) mem 0x80010000 0x00000001
core   0: 0x8000ec50 (0x0000bfe5) c.j     pc - 8
core   0: 3 0x8000ec50 (0xbfe5)
core   0: 0x8000ec48 (0x00001f17) auipc   t5, 0x1
core   0: 3 0x8000ec48 (0x00001f17) x30 0x8000fc48
core   0: 0x8000ec4c (0x3a3f2c23) sw      gp, 952(t5)
core   0: 3 0x8000ec4c (0x3a3f2c23) mem 0x80010000 0x00000001
core   0: 0x8000ec50 (0x0000bfe5) c.j     pc - 8
core   0: 3 0x8000ec50 (0xbfe5)
core   0: 0x8000ec48 (0x00001f17) auipc   t5, 0x1
core   0: 3 0x8000ec48 (0x00001f17) x30 0x8000fc48
core   0: 0x8000ec4c (0x3a3f2c23) sw      gp, 952(t5)
core   0: 3 0x8000ec4c (0x3a3f2c23) mem 0x80010000 0x00000001
core   0: 0x8000ec50 (0x0000bfe5) c.j     pc - 8
core   0: 3 0x8000ec50 (0xbfe5)
core   0: 0x8000ec48 (0x00001f17) auipc   t5, 0x1
core   0: 3 0x8000ec48 (0x00001f17) x30 0x8000fc48
core   0: 0x8000ec4c (0x3a3f2c23) sw      gp, 952(t5)
core   0: 3 0x8000ec4c (0x3a3f2c23) mem 0x80010000 0x00000001
core   0: 0x8000ec50 (0x0000bfe5) c.j     pc - 8
core   0: 3 0x8000ec50 (0xbfe5)
core   0: 0x8000ec48 (0x00001f17) auipc   t5, 0x1
core   0: 3 0x8000ec48 (0x00001f17) x30 0x8000fc48
core   0: 0x8000ec4c (0x3a3f2c23) sw      gp, 952(t5)
core   0: 3 0x8000ec4c (0x3a3f2c23) mem 0x80010000 0x00000001
core   0: 0x8000ec50 (0x0000bfe5) c.j     pc - 8
core   0: 3 0x8000ec50 (0xbfe5)
core   0: 0x8000ec48 (0x00001f17) auipc   t5, 0x1
core   0: 3 0x8000ec48 (0x00001f17) x30 0x8000fc48
core   0: 0x8000ec4c (0x3a3f2c23) sw      gp, 952(t5)
core   0: 3 0x8000ec4c (0x3a3f2c23) mem 0x80010000 0x00000001
core   0: 0x8000ec50 (0x0000bfe5) c.j     pc - 8
core   0: 3 0x8000ec50 (0xbfe5)
core   0: 0x8000ec48 (0x00001f17) auipc   t5, 0x1
core   0: 3 0x8000ec48 (0x00001f17) x30 0x8000fc48
core   0: 0x8000ec4c (0x3a3f2c23) sw      gp, 952(t5)
core   0: 3 0x8000ec4c (0x3a3f2c23) mem 0x80010000 0x00000001
core   0: 0x8000ec50 (0x0000bfe5) c.j     pc - 8
core   0: 3 0x8000ec50 (0xbfe5)
core   0: 0x8000ec48 (0x00001f17) auipc   t5, 0x1
core   0: 3 0x8000ec48 (0x00001f17) x30 0x8000fc48
core   0: 0x8000ec4c (0x3a3f2c23) sw      gp, 952(t5)
core   0: 3 0x8000ec4c (0x3a3f2c23) mem 0x80010000 0x00000001
core   0: 0x8000ec50 (0x0000bfe5) c.j     pc - 8
core   0: 3 0x8000ec50 (0xbfe5)
core   0: 0x8000ec48 (0x00001f17) auipc   t5, 0x1
core   0: 3 0x8000ec48 (0x00001f17) x30 0x8000fc48
core   0: 0x8000ec4c (0x3a3f2c23) sw      gp, 952(t5)
core   0: 3 0x8000ec4c (0x3a3f2c23) mem 0x80010000 0x00000001
core   0: 0x8000ec50 (0x0000bfe5) c.j     pc - 8
core   0: 3 0x8000ec50 (0xbfe5)
core   0: 0x8000ec48 (0x00001f17) auipc   t5, 0x1
core   0: 3 0x8000ec48 (0x00001f17) x30 0x8000fc48
core   0: 0x8000ec4c (0x3a3f2c23) sw      gp, 952(t5)
core   0: 3 0x8000ec4c (0x3a3f2c23) mem 0x80010000 0x00000001
core   0: 0x8000ec50 (0x0000bfe5) c.j     pc - 8
core   0: 3 0x8000ec50 (0xbfe5)
core   0: 0x8000ec48 (0x00001f17) auipc   t5, 0x1
core   0: 3 0x8000ec48 (0x00001f17) x30 0x8000fc48
core   0: 0x8000ec4c (0x3a3f2c23) sw      gp, 952(t5)
core   0: 3 0x8000ec4c (0x3a3f2c23) mem 0x80010000 0x00000001
core   0: 0x8000ec50 (0x0000bfe5) c.j     pc - 8
core   0: 3 0x8000ec50 (0xbfe5)
core   0: 0x8000ec48 (0x00001f17) auipc   t5, 0x1
core   0: 3 0x8000ec48 (0x00001f17) x30 0x8000fc48
core   0: 0x8000ec4c (0x3a3f2c23) sw      gp, 952(t5)
core   0: 3 0x8000ec4c (0x3a3f2c23) mem 0x80010000 0x00000001
core   0: 0x8000ec50 (0x0000bfe5) c.j     pc - 8
core   0: 3 0x8000ec50 (0xbfe5)
core   0: 0x8000ec48 (0x00001f17) auipc   t5, 0x1
core   0: 3 0x8000ec48 (0x00001f17) x30 0x8000fc48
core   0: 0x8000ec4c (0x3a3f2c23) sw      gp, 952(t5)
core   0: 3 0x8000ec4c (0x3a3f2c23) mem 0x80010000 0x00000001
core   0: 0x8000ec50 (0x0000bfe5) c.j     pc - 8
core   0: 3 0x8000ec50 (0xbfe5)
core   0: 0x8000ec48 (0x00001f17) auipc   t5, 0x1
core   0: 3 0x8000ec48 (0x00001f17) x30 0x8000fc48
core   0: 0x8000ec4c (0x3a3f2c23) sw      gp, 952(t5)
core   0: 3 0x8000ec4c (0x3a3f2c23) mem 0x80010000 0x00000001
core   0: 0x8000ec50 (0x0000bfe5) c.j     pc - 8
core   0: 3 0x8000ec50 (0xbfe5)
core   0: 0x8000ec48 (0x00001f17) auipc   t5, 0x1
core   0: 3 0x8000ec48 (0x00001f17) x30 0x8000fc48
core   0: 0x8000ec4c (0x3a3f2c23) sw      gp, 952(t5)
core   0: 3 0x8000ec4c (0x3a3f2c23) mem 0x80010000 0x00000001
core   0: 0x8000ec50 (0x0000bfe5) c.j     pc - 8
core   0: 3 0x8000ec50 (0xbfe5)
core   0: 0x8000ec48 (0x00001f17) auipc   t5, 0x1
core   0: 3 0x8000ec48 (0x00001f17) x30 0x8000fc48
core   0: 0x8000ec4c (0x3a3f2c23) sw      gp, 952(t5)
core   0: 3 0x8000ec4c (0x3a3f2c23) mem 0x80010000 0x00000001
core   0: 0x8000ec50 (0x0000bfe5) c.j     pc - 8
core   0: 3 0x8000ec50 (0xbfe5)
core   0: 0x8000ec48 (0x00001f17) auipc   t5, 0x1
core   0: 3 0x8000ec48 (0x00001f17) x30 0x8000fc48
core   0: 0x8000ec4c (0x3a3f2c23) sw      gp, 952(t5)
core   0: 3 0x8000ec4c (0x3a3f2c23) mem 0x80010000 0x00000001
core   0: 0x8000ec50 (0x0000bfe5) c.j     pc - 8
core   0: 3 0x8000ec50 (0xbfe5)
core   0: 0x8000ec48 (0x00001f17) auipc   t5, 0x1
core   0: 3 0x8000ec48 (0x00001f17) x30 0x8000fc48
core   0: 0x8000ec4c (0x3a3f2c23) sw      gp, 952(t5)
core   0: 3 0x8000ec4c (0x3a3f2c23) mem 0x80010000 0x00000001
core   0: 0x8000ec50 (0x0000bfe5) c.j     pc - 8
core   0: 3 0x8000ec50 (0xbfe5)
core   0: 0x8000ec48 (0x00001f17) auipc   t5, 0x1
core   0: 3 0x8000ec48 (0x00001f17) x30 0x8000fc48
core   0: 0x8000ec4c (0x3a3f2c23) sw      gp, 952(t5)
core   0: 3 0x8000ec4c (0x3a3f2c23) mem 0x80010000 0x00000001
core   0: 0x8000ec50 (0x0000bfe5) c.j     pc - 8
core   0: 3 0x8000ec50 (0xbfe5)
core   0: 0x8000ec48 (0x00001f17) auipc   t5, 0x1
core   0: 3 0x8000ec48 (0x00001f17) x30 0x8000fc48
core   0: 0x8000ec4c (0x3a3f2c23) sw      gp, 952(t5)
core   0: 3 0x8000ec4c (0x3a3f2c23) mem 0x80010000 0x00000001
core   0: 0x8000ec50 (0x0000bfe5) c.j     pc - 8
core   0: 3 0x8000ec50 (0xbfe5)
core   0: 0x8000ec48 (0x00001f17) auipc   t5, 0x1
core   0: 3 0x8000ec48 (0x00001f17) x30 0x8000fc48
core   0: 0x8000ec4c (0x3a3f2c23) sw      gp, 952(t5)
core   0: 3 0x8000ec4c (0x3a3f2c23) mem 0x80010000 0x00000001
core   0: 0x8000ec50 (0x0000bfe5) c.j     pc - 8
core   0: 3 0x8000ec50 (0xbfe5)
core   0: 0x8000ec48 (0x00001f17) auipc   t5, 0x1
core   0: 3 0x8000ec48 (0x00001f17) x30 0x8000fc48
core   0: 0x8000ec4c (0x3a3f2c23) sw      gp, 952(t5)
core   0: 3 0x8000ec4c (0x3a3f2c23) mem 0x80010000 0x00000001
core   0: 0x8000ec50 (0x0000bfe5) c.j     pc - 8
core   0: 3 0x8000ec50 (0xbfe5)
core   0: 0x8000ec48 (0x00001f17) auipc   t5, 0x1
core   0: 3 0x8000ec48 (0x00001f17) x30 0x8000fc48
core   0: 0x8000ec4c (0x3a3f2c23) sw      gp, 952(t5)
core   0: 3 0x8000ec4c (0x3a3f2c23) mem 0x80010000 0x00000001
core   0: 0x8000ec50 (0x0000bfe5) c.j     pc - 8
core   0: 3 0x8000ec50 (0xbfe5)
core   0: 0x8000ec48 (0x00001f17) auipc   t5, 0x1
core   0: 3 0x8000ec48 (0x00001f17) x30 0x8000fc48
core   0: 0x8000ec4c (0x3a3f2c23) sw      gp, 952(t5)
core   0: 3 0x8000ec4c (0x3a3f2c23) mem 0x80010000 0x00000001
core   0: 0x8000ec50 (0x0000bfe5) c.j     pc - 8
core   0: 3 0x8000ec50 (0xbfe5)
core   0: 0x8000ec48 (0x00001f17) auipc   t5, 0x1
core   0: 3 0x8000ec48 (0x00001f17) x30 0x8000fc48
core   0: 0x8000ec4c (0x3a3f2c23) sw      gp, 952(t5)
core   0: 3 0x8000ec4c (0x3a3f2c23) mem 0x80010000 0x00000001
core   0: 0x8000ec50 (0x0000bfe5) c.j     pc - 8
core   0: 3 0x8000ec50 (0xbfe5)
core   0: 0x8000ec48 (0x00001f17) auipc   t5, 0x1
core   0: 3 0x8000ec48 (0x00001f17) x30 0x8000fc48
core   0: 0x8000ec4c (0x3a3f2c23) sw      gp, 952(t5)
core   0: 3 0x8000ec4c (0x3a3f2c23) mem 0x80010000 0x00000001
core   0: 0x8000ec50 (0x0000bfe5) c.j     pc - 8
core   0: 3 0x8000ec50 (0xbfe5)
core   0: 0x8000ec48 (0x00001f17) auipc   t5, 0x1
core   0: 3 0x8000ec48 (0x00001f17) x30 0x8000fc48
core   0: 0x8000ec4c (0x3a3f2c23) sw      gp, 952(t5)
core   0: 3 0x8000ec4c (0x3a3f2c23) mem 0x80010000 0x00000001
core   0: 0x8000ec50 (0x0000bfe5) c.j     pc - 8
core   0: 3 0x8000ec50 (0xbfe5)
core   0: 0x8000ec48 (0x00001f17) auipc   t5, 0x1
core   0: 3 0x8000ec48 (0x00001f17) x30 0x8000fc48
core   0: 0x8000ec4c (0x3a3f2c23) sw      gp, 952(t5)
core   0: 3 0x8000ec4c (0x3a3f2c23) mem 0x80010000 0x00000001
core   0: 0x8000ec50 (0x0000bfe5) c.j     pc - 8
core   0: 3 0x8000ec50 (0xbfe5)
core   0: 0x8000ec48 (0x00001f17) auipc   t5, 0x1
core   0: 3 0x8000ec48 (0x00001f17) x30 0x8000fc48
core   0: 0x8000ec4c (0x3a3f2c23) sw      gp, 952(t5)
core   0: 3 0x8000ec4c (0x3a3f2c23) mem 0x80010000 0x00000001
core   0: 0x8000ec50 (0x0000bfe5) c.j     pc - 8
core   0: 3 0x8000ec50 (0xbfe5)
core   0: 0x8000ec48 (0x00001f17) auipc   t5, 0x1
core   0: 3 0x8000ec48 (0x00001f17) x30 0x8000fc48
core   0: 0x8000ec4c (0x3a3f2c23) sw      gp, 952(t5)
core   0: 3 0x8000ec4c (0x3a3f2c23) mem 0x80010000 0x00000001
core   0: 0x8000ec50 (0x0000bfe5) c.j     pc - 8
core   0: 3 0x8000ec50 (0xbfe5)
core   0: 0x8000ec48 (0x00001f17) auipc   t5, 0x1
core   0: 3 0x8000ec48 (0x00001f17) x30 0x8000fc48
core   0: 0x8000ec4c (0x3a3f2c23) sw      gp, 952(t5)
core   0: 3 0x8000ec4c (0x3a3f2c23) mem 0x80010000 0x00000001
core   0: 0x8000ec50 (0x0000bfe5) c.j     pc - 8
core   0: 3 0x8000ec50 (0xbfe5)
core   0: 0x8000ec48 (0x00001f17) auipc   t5, 0x1
core   0: 3 0x8000ec48 (0x00001f17) x30 0x8000fc48
core   0: 0x8000ec4c (0x3a3f2c23) sw      gp, 952(t5)
core   0: 3 0x8000ec4c (0x3a3f2c23) mem 0x80010000 0x00000001
core   0: 0x8000ec50 (0x0000bfe5) c.j     pc - 8
core   0: 3 0x8000ec50 (0xbfe5)
core   0: 0x8000ec48 (0x00001f17) auipc   t5, 0x1
core   0: 3 0x8000ec48 (0x00001f17) x30 0x8000fc48
core   0: 0x8000ec4c (0x3a3f2c23) sw      gp, 952(t5)
core   0: 3 0x8000ec4c (0x3a3f2c23) mem 0x80010000 0x00000001
core   0: 0x8000ec50 (0x0000bfe5) c.j     pc - 8
core   0: 3 0x8000ec50 (0xbfe5)
core   0: 0x8000ec48 (0x00001f17) auipc   t5, 0x1
core   0: 3 0x8000ec48 (0x00001f17) x30 0x8000fc48
core   0: 0x8000ec4c (0x3a3f2c23) sw      gp, 952(t5)
core   0: 3 0x8000ec4c (0x3a3f2c23) mem 0x80010000 0x00000001
core   0: 0x8000ec50 (0x0000bfe5) c.j     pc - 8
core   0: 3 0x8000ec50 (0xbfe5)
core   0: 0x8000ec48 (0x00001f17) auipc   t5, 0x1
core   0: 3 0x8000ec48 (0x00001f17) x30 0x8000fc48
core   0: 0x8000ec4c (0x3a3f2c23) sw      gp, 952(t5)
core   0: 3 0x8000ec4c (0x3a3f2c23) mem 0x80010000 0x00000001
core   0: 0x8000ec50 (0x0000bfe5) c.j     pc - 8
core   0: 3 0x8000ec50 (0xbfe5)
core   0: 0x8000ec48 (0x00001f17) auipc   t5, 0x1
core   0: 3 0x8000ec48 (0x00001f17) x30 0x8000fc48
core   0: 0x8000ec4c (0x3a3f2c23) sw      gp, 952(t5)
core   0: 3 0x8000ec4c (0x3a3f2c23) mem 0x80010000 0x00000001
core   0: 0x8000ec50 (0x0000bfe5) c.j     pc - 8
core   0: 3 0x8000ec50 (0xbfe5)
core   0: 0x8000ec48 (0x00001f17) auipc   t5, 0x1
core   0: 3 0x8000ec48 (0x00001f17) x30 0x8000fc48
core   0: 0x8000ec4c (0x3a3f2c23) sw      gp, 952(t5)
core   0: 3 0x8000ec4c (0x3a3f2c23) mem 0x80010000 0x00000001
core   0: 0x8000ec50 (0x0000bfe5) c.j     pc - 8
core   0: 3 0x8000ec50 (0xbfe5)
core   0: 0x8000ec48 (0x00001f17) auipc   t5, 0x1
core   0: 3 0x8000ec48 (0x00001f17) x30 0x8000fc48
core   0: 0x8000ec4c (0x3a3f2c23) sw      gp, 952(t5)
core   0: 3 0x8000ec4c (0x3a3f2c23) mem 0x80010000 0x00000001
core   0: 0x8000ec50 (0x0000bfe5) c.j     pc - 8
core   0: 3 0x8000ec50 (0xbfe5)
core   0: 0x8000ec48 (0x00001f17) auipc   t5, 0x1
core   0: 3 0x8000ec48 (0x00001f17) x30 0x8000fc48
core   0: 0x8000ec4c (0x3a3f2c23) sw      gp, 952(t5)
core   0: 3 0x8000ec4c (0x3a3f2c23) mem 0x80010000 0x00000001
core   0: 0x8000ec50 (0x0000bfe5) c.j     pc - 8
core   0: 3 0x8000ec50 (0xbfe5)
core   0: 0x8000ec48 (0x00001f17) auipc   t5, 0x1
core   0: 3 0x8000ec48 (0x00001f17) x30 0x8000fc48
core   0: 0x8000ec4c (0x3a3f2c23) sw      gp, 952(t5)
core   0: 3 0x8000ec4c (0x3a3f2c23) mem 0x80010000 0x00000001
core   0: 0x8000ec50 (0x0000bfe5) c.j     pc - 8
core   0: 3 0x8000ec50 (0xbfe5)
core   0: 0x8000ec48 (0x00001f17) auipc   t5, 0x1
core   0: 3 0x8000ec48 (0x00001f17) x30 0x8000fc48
core   0: 0x8000ec4c (0x3a3f2c23) sw      gp, 952(t5)
core   0: 3 0x8000ec4c (0x3a3f2c23) mem 0x80010000 0x00000001
core   0: 0x8000ec50 (0x0000bfe5) c.j     pc - 8
core   0: 3 0x8000ec50 (0xbfe5)
core   0: 0x8000ec48 (0x00001f17) auipc   t5, 0x1
core   0: 3 0x8000ec48 (0x00001f17) x30 0x8000fc48
core   0: 0x8000ec4c (0x3a3f2c23) sw      gp, 952(t5)
core   0: 3 0x8000ec4c (0x3a3f2c23) mem 0x80010000 0x00000001
core   0: 0x8000ec50 (0x0000bfe5) c.j     pc - 8
core   0: 3 0x8000ec50 (0xbfe5)
core   0: 0x8000ec48 (0x00001f17) auipc   t5, 0x1
core   0: 3 0x8000ec48 (0x00001f17) x30 0x8000fc48
core   0: 0x8000ec4c (0x3a3f2c23) sw      gp, 952(t5)
core   0: 3 0x8000ec4c (0x3a3f2c23) mem 0x80010000 0x00000001
core   0: 0x8000ec50 (0x0000bfe5) c.j     pc - 8
core   0: 3 0x8000ec50 (0xbfe5)
core   0: 0x8000ec48 (0x00001f17) auipc   t5, 0x1
core   0: 3 0x8000ec48 (0x00001f17) x30 0x8000fc48
core   0: 0x8000ec4c (0x3a3f2c23) sw      gp, 952(t5)
core   0: 3 0x8000ec4c (0x3a3f2c23) mem 0x80010000 0x00000001
core   0: 0x8000ec50 (0x0000bfe5) c.j     pc - 8
core   0: 3 0x8000ec50 (0xbfe5)
core   0: 0x8000ec48 (0x00001f17) auipc   t5, 0x1
core   0: 3 0x8000ec48 (0x00001f17) x30 0x8000fc48
core   0: 0x8000ec4c (0x3a3f2c23) sw      gp, 952(t5)
core   0: 3 0x8000ec4c (0x3a3f2c23) mem 0x80010000 0x00000001
core   0: 0x8000ec50 (0x0000bfe5) c.j     pc - 8
core   0: 3 0x8000ec50 (0xbfe5)
core   0: 0x8000ec48 (0x00001f17) auipc   t5, 0x1
core   0: 3 0x8000ec48 (0x00001f17) x30 0x8000fc48
core   0: 0x8000ec4c (0x3a3f2c23) sw      gp, 952(t5)
core   0: 3 0x8000ec4c (0x3a3f2c23) mem 0x80010000 0x00000001
core   0: 0x8000ec50 (0x0000bfe5) c.j     pc - 8
core   0: 3 0x8000ec50 (0xbfe5)
core   0: 0x8000ec48 (0x00001f17) auipc   t5, 0x1
core   0: 3 0x8000ec48 (0x00001f17) x30 0x8000fc48
core   0: 0x8000ec4c (0x3a3f2c23) sw      gp, 952(t5)
core   0: 3 0x8000ec4c (0x3a3f2c23) mem 0x80010000 0x00000001
core   0: 0x8000ec50 (0x0000bfe5) c.j     pc - 8
core   0: 3 0x8000ec50 (0xbfe5)
core   0: 0x8000ec48 (0x00001f17) auipc   t5, 0x1
core   0: 3 0x8000ec48 (0x00001f17) x30 0x8000fc48
core   0: 0x8000ec4c (0x3a3f2c23) sw      gp, 952(t5)
core   0: 3 0x8000ec4c (0x3a3f2c23) mem 0x80010000 0x00000001
core   0: 0x8000ec50 (0x0000bfe5) c.j     pc - 8
core   0: 3 0x8000ec50 (0xbfe5)
core   0: 0x8000ec48 (0x00001f17) auipc   t5, 0x1
core   0: 3 0x8000ec48 (0x00001f17) x30 0x8000fc48
core   0: 0x8000ec4c (0x3a3f2c23) sw      gp, 952(t5)
core   0: 3 0x8000ec4c (0x3a3f2c23) mem 0x80010000 0x00000001
core   0: 0x8000ec50 (0x0000bfe5) c.j     pc - 8
core   0: 3 0x8000ec50 (0xbfe5)
core   0: 0x8000ec48 (0x00001f17) auipc   t5, 0x1
core   0: 3 0x8000ec48 (0x00001f17) x30 0x8000fc48
core   0: 0x8000ec4c (0x3a3f2c23) sw      gp, 952(t5)
core   0: 3 0x8000ec4c (0x3a3f2c23) mem 0x80010000 0x00000001
core   0: 0x8000ec50 (0x0000bfe5) c.j     pc - 8
core   0: 3 0x8000ec50 (0xbfe5)
core   0: 0x8000ec48 (0x00001f17) auipc   t5, 0x1
core   0: 3 0x8000ec48 (0x00001f17) x30 0x8000fc48
core   0: 0x8000ec4c (0x3a3f2c23) sw      gp, 952(t5)
core   0: 3 0x8000ec4c (0x3a3f2c23) mem 0x80010000 0x00000001
core   0: 0x8000ec50 (0x0000bfe5) c.j     pc - 8
core   0: 3 0x8000ec50 (0xbfe5)
core   0: 0x8000ec48 (0x00001f17) auipc   t5, 0x1
core   0: 3 0x8000ec48 (0x00001f17) x30 0x8000fc48
core   0: 0x8000ec4c (0x3a3f2c23) sw      gp, 952(t5)
core   0: 3 0x8000ec4c (0x3a3f2c23) mem 0x80010000 0x00000001
core   0: 0x8000ec50 (0x0000bfe5) c.j     pc - 8
core   0: 3 0x8000ec50 (0xbfe5)
core   0: 0x8000ec48 (0x00001f17) auipc   t5, 0x1
core   0: 3 0x8000ec48 (0x00001f17) x30 0x8000fc48
core   0: 0x8000ec4c (0x3a3f2c23) sw      gp, 952(t5)
core   0: 3 0x8000ec4c (0x3a3f2c23) mem 0x80010000 0x00000001
core   0: 0x8000ec50 (0x0000bfe5) c.j     pc - 8
core   0: 3 0x8000ec50 (0xbfe5)
core   0: 0x8000ec48 (0x00001f17) auipc   t5, 0x1
core   0: 3 0x8000ec48 (0x00001f17) x30 0x8000fc48
core   0: 0x8000ec4c (0x3a3f2c23) sw      gp, 952(t5)
core   0: 3 0x8000ec4c (0x3a3f2c23) mem 0x80010000 0x00000001
core   0: 0x8000ec50 (0x0000bfe5) c.j     pc - 8
core   0: 3 0x8000ec50 (0xbfe5)
core   0: 0x8000ec48 (0x00001f17) auipc   t5, 0x1
core   0: 3 0x8000ec48 (0x00001f17) x30 0x8000fc48
core   0: 0x8000ec4c (0x3a3f2c23) sw      gp, 952(t5)
core   0: 3 0x8000ec4c (0x3a3f2c23) mem 0x80010000 0x00000001
core   0: 0x8000ec50 (0x0000bfe5) c.j     pc - 8
core   0: 3 0x8000ec50 (0xbfe5)
core   0: 0x8000ec48 (0x00001f17) auipc   t5, 0x1
core   0: 3 0x8000ec48 (0x00001f17) x30 0x8000fc48
core   0: 0x8000ec4c (0x3a3f2c23) sw      gp, 952(t5)
core   0: 3 0x8000ec4c (0x3a3f2c23) mem 0x80010000 0x00000001
core   0: 0x8000ec50 (0x0000bfe5) c.j     pc - 8
core   0: 3 0x8000ec50 (0xbfe5)
core   0: 0x8000ec48 (0x00001f17) auipc   t5, 0x1
core   0: 3 0x8000ec48 (0x00001f17) x30 0x8000fc48
core   0: 0x8000ec4c (0x3a3f2c23) sw      gp, 952(t5)
core   0: 3 0x8000ec4c (0x3a3f2c23) mem 0x80010000 0x00000001
core   0: 0x8000ec50 (0x0000bfe5) c.j     pc - 8
core   0: 3 0x8000ec50 (0xbfe5)
core   0: 0x8000ec48 (0x00001f17) auipc   t5, 0x1
core   0: 3 0x8000ec48 (0x00001f17) x30 0x8000fc48
core   0: 0x8000ec4c (0x3a3f2c23) sw      gp, 952(t5)
core   0: 3 0x8000ec4c (0x3a3f2c23) mem 0x80010000 0x00000001
core   0: 0x8000ec50 (0x0000bfe5) c.j     pc - 8
core   0: 3 0x8000ec50 (0xbfe5)
core   0: 0x8000ec48 (0x00001f17) auipc   t5, 0x1
core   0: 3 0x8000ec48 (0x00001f17) x30 0x8000fc48
core   0: 0x8000ec4c (0x3a3f2c23) sw      gp, 952(t5)
core   0: 3 0x8000ec4c (0x3a3f2c23) mem 0x80010000 0x00000001
core   0: 0x8000ec50 (0x0000bfe5) c.j     pc - 8
core   0: 3 0x8000ec50 (0xbfe5)
core   0: 0x8000ec48 (0x00001f17) auipc   t5, 0x1
core   0: 3 0x8000ec48 (0x00001f17) x30 0x8000fc48
core   0: 0x8000ec4c (0x3a3f2c23) sw      gp, 952(t5)
core   0: 3 0x8000ec4c (0x3a3f2c23) mem 0x80010000 0x00000001
core   0: 0x8000ec50 (0x0000bfe5) c.j     pc - 8
core   0: 3 0x8000ec50 (0xbfe5)
core   0: 0x8000ec48 (0x00001f17) auipc   t5, 0x1
core   0: 3 0x8000ec48 (0x00001f17) x30 0x8000fc48
core   0: 0x8000ec4c (0x3a3f2c23) sw      gp, 952(t5)
core   0: 3 0x8000ec4c (0x3a3f2c23) mem 0x80010000 0x00000001
core   0: 0x8000ec50 (0x0000bfe5) c.j     pc - 8
core   0: 3 0x8000ec50 (0xbfe5)
core   0: 0x8000ec48 (0x00001f17) auipc   t5, 0x1
core   0: 3 0x8000ec48 (0x00001f17) x30 0x8000fc48
core   0: 0x8000ec4c (0x3a3f2c23) sw      gp, 952(t5)
core   0: 3 0x8000ec4c (0x3a3f2c23) mem 0x80010000 0x00000001
core   0: 0x8000ec50 (0x0000bfe5) c.j     pc - 8
core   0: 3 0x8000ec50 (0xbfe5)
core   0: 0x8000ec48 (0x00001f17) auipc   t5, 0x1
core   0: 3 0x8000ec48 (0x00001f17) x30 0x8000fc48
core   0: 0x8000ec4c (0x3a3f2c23) sw      gp, 952(t5)
core   0: 3 0x8000ec4c (0x3a3f2c23) mem 0x80010000 0x00000001
core   0: 0x8000ec50 (0x0000bfe5) c.j     pc - 8
core   0: 3 0x8000ec50 (0xbfe5)
core   0: 0x8000ec48 (0x00001f17) auipc   t5, 0x1
core   0: 3 0x8000ec48 (0x00001f17) x30 0x8000fc48
core   0: 0x8000ec4c (0x3a3f2c23) sw      gp, 952(t5)
core   0: 3 0x8000ec4c (0x3a3f2c23) mem 0x80010000 0x00000001
core   0: 0x8000ec50 (0x0000bfe5) c.j     pc - 8
core   0: 3 0x8000ec50 (0xbfe5)
core   0: 0x8000ec48 (0x00001f17) auipc   t5, 0x1
core   0: 3 0x8000ec48 (0x00001f17) x30 0x8000fc48
core   0: 0x8000ec4c (0x3a3f2c23) sw      gp, 952(t5)
core   0: 3 0x8000ec4c (0x3a3f2c23) mem 0x80010000 0x00000001
core   0: 0x8000ec50 (0x0000bfe5) c.j     pc - 8
core   0: 3 0x8000ec50 (0xbfe5)
core   0: 0x8000ec48 (0x00001f17) auipc   t5, 0x1
core   0: 3 0x8000ec48 (0x00001f17) x30 0x8000fc48
core   0: 0x8000ec4c (0x3a3f2c23) sw      gp, 952(t5)
core   0: 3 0x8000ec4c (0x3a3f2c23) mem 0x80010000 0x00000001
core   0: 0x8000ec50 (0x0000bfe5) c.j     pc - 8
core   0: 3 0x8000ec50 (0xbfe5)
core   0: 0x8000ec48 (0x00001f17) auipc   t5, 0x1
core   0: 3 0x8000ec48 (0x00001f17) x30 0x8000fc48
core   0: 0x8000ec4c (0x3a3f2c23) sw      gp, 952(t5)
core   0: 3 0x8000ec4c (0x3a3f2c23) mem 0x80010000 0x00000001
core   0: 0x8000ec50 (0x0000bfe5) c.j     pc - 8
core   0: 3 0x8000ec50 (0xbfe5)
core   0: 0x8000ec48 (0x00001f17) auipc   t5, 0x1
core   0: 3 0x8000ec48 (0x00001f17) x30 0x8000fc48
core   0: 0x8000ec4c (0x3a3f2c23) sw      gp, 952(t5)
core   0: 3 0x8000ec4c (0x3a3f2c23) mem 0x80010000 0x00000001
core   0: 0x8000ec50 (0x0000bfe5) c.j     pc - 8
core   0: 3 0x8000ec50 (0xbfe5)
core   0: 0x8000ec48 (0x00001f17) auipc   t5, 0x1
core   0: 3 0x8000ec48 (0x00001f17) x30 0x8000fc48
core   0: 0x8000ec4c (0x3a3f2c23) sw      gp, 952(t5)
core   0: 3 0x8000ec4c (0x3a3f2c23) mem 0x80010000 0x00000001
core   0: 0x8000ec50 (0x0000bfe5) c.j     pc - 8
core   0: 3 0x8000ec50 (0xbfe5)
core   0: 0x8000ec48 (0x00001f17) auipc   t5, 0x1
core   0: 3 0x8000ec48 (0x00001f17) x30 0x8000fc48
core   0: 0x8000ec4c (0x3a3f2c23) sw      gp, 952(t5)
core   0: 3 0x8000ec4c (0x3a3f2c23) mem 0x80010000 0x00000001
core   0: 0x8000ec50 (0x0000bfe5) c.j     pc - 8
core   0: 3 0x8000ec50 (0xbfe5)
core   0: 0x8000ec48 (0x00001f17) auipc   t5, 0x1
core   0: 3 0x8000ec48 (0x00001f17) x30 0x8000fc48
core   0: 0x8000ec4c (0x3a3f2c23) sw      gp, 952(t5)
core   0: 3 0x8000ec4c (0x3a3f2c23) mem 0x80010000 0x00000001
core   0: 0x8000ec50 (0x0000bfe5) c.j     pc - 8
core   0: 3 0x8000ec50 (0xbfe5)
core   0: 0x8000ec48 (0x00001f17) auipc   t5, 0x1
core   0: 3 0x8000ec48 (0x00001f17) x30 0x8000fc48
core   0: 0x8000ec4c (0x3a3f2c23) sw      gp, 952(t5)
core   0: 3 0x8000ec4c (0x3a3f2c23) mem 0x80010000 0x00000001
core   0: 0x8000ec50 (0x0000bfe5) c.j     pc - 8
core   0: 3 0x8000ec50 (0xbfe5)
core   0: 0x8000ec48 (0x00001f17) auipc   t5, 0x1
core   0: 3 0x8000ec48 (0x00001f17) x30 0x8000fc48
core   0: 0x8000ec4c (0x3a3f2c23) sw      gp, 952(t5)
core   0: 3 0x8000ec4c (0x3a3f2c23) mem 0x80010000 0x00000001
core   0: 0x8000ec50 (0x0000bfe5) c.j     pc - 8
core   0: 3 0x8000ec50 (0xbfe5)
core   0: 0x8000ec48 (0x00001f17) auipc   t5, 0x1
core   0: 3 0x8000ec48 (0x00001f17) x30 0x8000fc48
core   0: 0x8000ec4c (0x3a3f2c23) sw      gp, 952(t5)
core   0: 3 0x8000ec4c (0x3a3f2c23) mem 0x80010000 0x00000001
core   0: 0x8000ec50 (0x0000bfe5) c.j     pc - 8
core   0: 3 0x8000ec50 (0xbfe5)
core   0: 0x8000ec48 (0x00001f17) auipc   t5, 0x1
core   0: 3 0x8000ec48 (0x00001f17) x30 0x8000fc48
core   0: 0x8000ec4c (0x3a3f2c23) sw      gp, 952(t5)
core   0: 3 0x8000ec4c (0x3a3f2c23) mem 0x80010000 0x00000001
core   0: 0x8000ec50 (0x0000bfe5) c.j     pc - 8
core   0: 3 0x8000ec50 (0xbfe5)
core   0: 0x8000ec48 (0x00001f17) auipc   t5, 0x1
core   0: 3 0x8000ec48 (0x00001f17) x30 0x8000fc48
core   0: 0x8000ec4c (0x3a3f2c23) sw      gp, 952(t5)
core   0: 3 0x8000ec4c (0x3a3f2c23) mem 0x80010000 0x00000001
core   0: 0x8000ec50 (0x0000bfe5) c.j     pc - 8
core   0: 3 0x8000ec50 (0xbfe5)
core   0: 0x8000ec48 (0x00001f17) auipc   t5, 0x1
core   0: 3 0x8000ec48 (0x00001f17) x30 0x8000fc48
core   0: 0x8000ec4c (0x3a3f2c23) sw      gp, 952(t5)
core   0: 3 0x8000ec4c (0x3a3f2c23) mem 0x80010000 0x00000001
core   0: 0x8000ec50 (0x0000bfe5) c.j     pc - 8
core   0: 3 0x8000ec50 (0xbfe5)
core   0: 0x8000ec48 (0x00001f17) auipc   t5, 0x1
core   0: 3 0x8000ec48 (0x00001f17) x30 0x8000fc48
core   0: 0x8000ec4c (0x3a3f2c23) sw      gp, 952(t5)
core   0: 3 0x8000ec4c (0x3a3f2c23) mem 0x80010000 0x00000001
core   0: 0x8000ec50 (0x0000bfe5) c.j     pc - 8
core   0: 3 0x8000ec50 (0xbfe5)
core   0: 0x8000ec48 (0x00001f17) auipc   t5, 0x1
core   0: 3 0x8000ec48 (0x00001f17) x30 0x8000fc48
core   0: 0x8000ec4c (0x3a3f2c23) sw      gp, 952(t5)
core   0: 3 0x8000ec4c (0x3a3f2c23) mem 0x80010000 0x00000001
core   0: 0x8000ec50 (0x0000bfe5) c.j     pc - 8
core   0: 3 0x8000ec50 (0xbfe5)
core   0: 0x8000ec48 (0x00001f17) auipc   t5, 0x1
core   0: 3 0x8000ec48 (0x00001f17) x30 0x8000fc48
core   0: 0x8000ec4c (0x3a3f2c23) sw      gp, 952(t5)
core   0: 3 0x8000ec4c (0x3a3f2c23) mem 0x80010000 0x00000001
core   0: 0x8000ec50 (0x0000bfe5) c.j     pc - 8
core   0: 3 0x8000ec50 (0xbfe5)
core   0: 0x8000ec48 (0x00001f17) auipc   t5, 0x1
core   0: 3 0x8000ec48 (0x00001f17) x30 0x8000fc48
core   0: 0x8000ec4c (0x3a3f2c23) sw      gp, 952(t5)
core   0: 3 0x8000ec4c (0x3a3f2c23) mem 0x80010000 0x00000001
core   0: 0x8000ec50 (0x0000bfe5) c.j     pc - 8
core   0: 3 0x8000ec50 (0xbfe5)
core   0: 0x8000ec48 (0x00001f17) auipc   t5, 0x1
core   0: 3 0x8000ec48 (0x00001f17) x30 0x8000fc48
core   0: 0x8000ec4c (0x3a3f2c23) sw      gp, 952(t5)
core   0: 3 0x8000ec4c (0x3a3f2c23) mem 0x80010000 0x00000001
core   0: 0x8000ec50 (0x0000bfe5) c.j     pc - 8
core   0: 3 0x8000ec50 (0xbfe5)
core   0: 0x8000ec48 (0x00001f17) auipc   t5, 0x1
core   0: 3 0x8000ec48 (0x00001f17) x30 0x8000fc48
core   0: 0x8000ec4c (0x3a3f2c23) sw      gp, 952(t5)
core   0: 3 0x8000ec4c (0x3a3f2c23) mem 0x80010000 0x00000001
core   0: 0x8000ec50 (0x0000bfe5) c.j     pc - 8
core   0: 3 0x8000ec50 (0xbfe5)
core   0: 0x8000ec48 (0x00001f17) auipc   t5, 0x1
core   0: 3 0x8000ec48 (0x00001f17) x30 0x8000fc48
core   0: 0x8000ec4c (0x3a3f2c23) sw      gp, 952(t5)
core   0: 3 0x8000ec4c (0x3a3f2c23) mem 0x80010000 0x00000001
core   0: 0x8000ec50 (0x0000bfe5) c.j     pc - 8
core   0: 3 0x8000ec50 (0xbfe5)
core   0: 0x8000ec48 (0x00001f17) auipc   t5, 0x1
core   0: 3 0x8000ec48 (0x00001f17) x30 0x8000fc48
core   0: 0x8000ec4c (0x3a3f2c23) sw      gp, 952(t5)
core   0: 3 0x8000ec4c (0x3a3f2c23) mem 0x80010000 0x00000001
core   0: 0x8000ec50 (0x0000bfe5) c.j     pc - 8
core   0: 3 0x8000ec50 (0xbfe5)
core   0: 0x8000ec48 (0x00001f17) auipc   t5, 0x1
core   0: 3 0x8000ec48 (0x00001f17) x30 0x8000fc48
core   0: 0x8000ec4c (0x3a3f2c23) sw      gp, 952(t5)
core   0: 3 0x8000ec4c (0x3a3f2c23) mem 0x80010000 0x00000001
core   0: 0x8000ec50 (0x0000bfe5) c.j     pc - 8
core   0: 3 0x8000ec50 (0xbfe5)
core   0: 0x8000ec48 (0x00001f17) auipc   t5, 0x1
core   0: 3 0x8000ec48 (0x00001f17) x30 0x8000fc48
core   0: 0x8000ec4c (0x3a3f2c23) sw      gp, 952(t5)
core   0: 3 0x8000ec4c (0x3a3f2c23) mem 0x80010000 0x00000001
core   0: 0x8000ec50 (0x0000bfe5) c.j     pc - 8
core   0: 3 0x8000ec50 (0xbfe5)
core   0: 0x8000ec48 (0x00001f17) auipc   t5, 0x1
core   0: 3 0x8000ec48 (0x00001f17) x30 0x8000fc48
core   0: 0x8000ec4c (0x3a3f2c23) sw      gp, 952(t5)
core   0: 3 0x8000ec4c (0x3a3f2c23) mem 0x80010000 0x00000001
core   0: 0x8000ec50 (0x0000bfe5) c.j     pc - 8
core   0: 3 0x8000ec50 (0xbfe5)
core   0: 0x8000ec48 (0x00001f17) auipc   t5, 0x1
core   0: 3 0x8000ec48 (0x00001f17) x30 0x8000fc48
core   0: 0x8000ec4c (0x3a3f2c23) sw      gp, 952(t5)
core   0: 3 0x8000ec4c (0x3a3f2c23) mem 0x80010000 0x00000001
core   0: 0x8000ec50 (0x0000bfe5) c.j     pc - 8
core   0: 3 0x8000ec50 (0xbfe5)
core   0: 0x8000ec48 (0x00001f17) auipc   t5, 0x1
core   0: 3 0x8000ec48 (0x00001f17) x30 0x8000fc48
core   0: 0x8000ec4c (0x3a3f2c23) sw      gp, 952(t5)
core   0: 3 0x8000ec4c (0x3a3f2c23) mem 0x80010000 0x00000001
core   0: 0x8000ec50 (0x0000bfe5) c.j     pc - 8
core   0: 3 0x8000ec50 (0xbfe5)
core   0: 0x8000ec48 (0x00001f17) auipc   t5, 0x1
core   0: 3 0x8000ec48 (0x00001f17) x30 0x8000fc48
core   0: 0x8000ec4c (0x3a3f2c23) sw      gp, 952(t5)
core   0: 3 0x8000ec4c (0x3a3f2c23) mem 0x80010000 0x00000001
core   0: 0x8000ec50 (0x0000bfe5) c.j     pc - 8
core   0: 3 0x8000ec50 (0xbfe5)
core   0: 0x8000ec48 (0x00001f17) auipc   t5, 0x1
core   0: 3 0x8000ec48 (0x00001f17) x30 0x8000fc48
core   0: 0x8000ec4c (0x3a3f2c23) sw      gp, 952(t5)
core   0: 3 0x8000ec4c (0x3a3f2c23) mem 0x80010000 0x00000001
core   0: 0x8000ec50 (0x0000bfe5) c.j     pc - 8
core   0: 3 0x8000ec50 (0xbfe5)
core   0: 0x8000ec48 (0x00001f17) auipc   t5, 0x1
core   0: 3 0x8000ec48 (0x00001f17) x30 0x8000fc48
core   0: 0x8000ec4c (0x3a3f2c23) sw      gp, 952(t5)
core   0: 3 0x8000ec4c (0x3a3f2c23) mem 0x80010000 0x00000001
core   0: 0x8000ec50 (0x0000bfe5) c.j     pc - 8
core   0: 3 0x8000ec50 (0xbfe5)
core   0: 0x8000ec48 (0x00001f17) auipc   t5, 0x1
core   0: 3 0x8000ec48 (0x00001f17) x30 0x8000fc48
core   0: 0x8000ec4c (0x3a3f2c23) sw      gp, 952(t5)
core   0: 3 0x8000ec4c (0x3a3f2c23) mem 0x80010000 0x00000001
core   0: 0x8000ec50 (0x0000bfe5) c.j     pc - 8
core   0: 3 0x8000ec50 (0xbfe5)
core   0: 0x8000ec48 (0x00001f17) auipc   t5, 0x1
core   0: 3 0x8000ec48 (0x00001f17) x30 0x8000fc48
core   0: 0x8000ec4c (0x3a3f2c23) sw      gp, 952(t5)
core   0: 3 0x8000ec4c (0x3a3f2c23) mem 0x80010000 0x00000001
core   0: 0x8000ec50 (0x0000bfe5) c.j     pc - 8
core   0: 3 0x8000ec50 (0xbfe5)
core   0: 0x8000ec48 (0x00001f17) auipc   t5, 0x1
core   0: 3 0x8000ec48 (0x00001f17) x30 0x8000fc48
core   0: 0x8000ec4c (0x3a3f2c23) sw      gp, 952(t5)
core   0: 3 0x8000ec4c (0x3a3f2c23) mem 0x80010000 0x00000001
core   0: 0x8000ec50 (0x0000bfe5) c.j     pc - 8
core   0: 3 0x8000ec50 (0xbfe5)
core   0: 0x8000ec48 (0x00001f17) auipc   t5, 0x1
core   0: 3 0x8000ec48 (0x00001f17) x30 0x8000fc48
core   0: 0x8000ec4c (0x3a3f2c23) sw      gp, 952(t5)
core   0: 3 0x8000ec4c (0x3a3f2c23) mem 0x80010000 0x00000001
core   0: 0x8000ec50 (0x0000bfe5) c.j     pc - 8
core   0: 3 0x8000ec50 (0xbfe5)
core   0: 0x8000ec48 (0x00001f17) auipc   t5, 0x1
core   0: 3 0x8000ec48 (0x00001f17) x30 0x8000fc48
core   0: 0x8000ec4c (0x3a3f2c23) sw      gp, 952(t5)
core   0: 3 0x8000ec4c (0x3a3f2c23) mem 0x80010000 0x00000001
core   0: 0x8000ec50 (0x0000bfe5) c.j     pc - 8
core   0: 3 0x8000ec50 (0xbfe5)
core   0: 0x8000ec48 (0x00001f17) auipc   t5, 0x1
core   0: 3 0x8000ec48 (0x00001f17) x30 0x8000fc48
core   0: 0x8000ec4c (0x3a3f2c23) sw      gp, 952(t5)
core   0: 3 0x8000ec4c (0x3a3f2c23) mem 0x80010000 0x00000001
core   0: 0x8000ec50 (0x0000bfe5) c.j     pc - 8
core   0: 3 0x8000ec50 (0xbfe5)
core   0: 0x8000ec48 (0x00001f17) auipc   t5, 0x1
core   0: 3 0x8000ec48 (0x00001f17) x30 0x8000fc48
core   0: 0x8000ec4c (0x3a3f2c23) sw      gp, 952(t5)
core   0: 3 0x8000ec4c (0x3a3f2c23) mem 0x80010000 0x00000001
core   0: 0x8000ec50 (0x0000bfe5) c.j     pc - 8
core   0: 3 0x8000ec50 (0xbfe5)
core   0: 0x8000ec48 (0x00001f17) auipc   t5, 0x1
core   0: 3 0x8000ec48 (0x00001f17) x30 0x8000fc48
core   0: 0x8000ec4c (0x3a3f2c23) sw      gp, 952(t5)
core   0: 3 0x8000ec4c (0x3a3f2c23) mem 0x80010000 0x00000001
core   0: 0x8000ec50 (0x0000bfe5) c.j     pc - 8
core   0: 3 0x8000ec50 (0xbfe5)
core   0: 0x8000ec48 (0x00001f17) auipc   t5, 0x1
core   0: 3 0x8000ec48 (0x00001f17) x30 0x8000fc48
core   0: 0x8000ec4c (0x3a3f2c23) sw      gp, 952(t5)
core   0: 3 0x8000ec4c (0x3a3f2c23) mem 0x80010000 0x00000001
core   0: 0x8000ec50 (0x0000bfe5) c.j     pc - 8
core   0: 3 0x8000ec50 (0xbfe5)
core   0: 0x8000ec48 (0x00001f17) auipc   t5, 0x1
core   0: 3 0x8000ec48 (0x00001f17) x30 0x8000fc48
core   0: 0x8000ec4c (0x3a3f2c23) sw      gp, 952(t5)
core   0: 3 0x8000ec4c (0x3a3f2c23) mem 0x80010000 0x00000001
core   0: 0x8000ec50 (0x0000bfe5) c.j     pc - 8
core   0: 3 0x8000ec50 (0xbfe5)
core   0: 0x8000ec48 (0x00001f17) auipc   t5, 0x1
core   0: 3 0x8000ec48 (0x00001f17) x30 0x8000fc48
core   0: 0x8000ec4c (0x3a3f2c23) sw      gp, 952(t5)
core   0: 3 0x8000ec4c (0x3a3f2c23) mem 0x80010000 0x00000001
core   0: 0x8000ec50 (0x0000bfe5) c.j     pc - 8
core   0: 3 0x8000ec50 (0xbfe5)
core   0: 0x8000ec48 (0x00001f17) auipc   t5, 0x1
core   0: 3 0x8000ec48 (0x00001f17) x30 0x8000fc48
core   0: 0x8000ec4c (0x3a3f2c23) sw      gp, 952(t5)
core   0: 3 0x8000ec4c (0x3a3f2c23) mem 0x80010000 0x00000001
core   0: 0x8000ec50 (0x0000bfe5) c.j     pc - 8
core   0: 3 0x8000ec50 (0xbfe5)
core   0: 0x8000ec48 (0x00001f17) auipc   t5, 0x1
core   0: 3 0x8000ec48 (0x00001f17) x30 0x8000fc48
core   0: 0x8000ec4c (0x3a3f2c23) sw      gp, 952(t5)
core   0: 3 0x8000ec4c (0x3a3f2c23) mem 0x80010000 0x00000001
core   0: 0x8000ec50 (0x0000bfe5) c.j     pc - 8
core   0: 3 0x8000ec50 (0xbfe5)
core   0: 0x8000ec48 (0x00001f17) auipc   t5, 0x1
core   0: 3 0x8000ec48 (0x00001f17) x30 0x8000fc48
core   0: 0x8000ec4c (0x3a3f2c23) sw      gp, 952(t5)
core   0: 3 0x8000ec4c (0x3a3f2c23) mem 0x80010000 0x00000001
core   0: 0x8000ec50 (0x0000bfe5) c.j     pc - 8
core   0: 3 0x8000ec50 (0xbfe5)
core   0: 0x8000ec48 (0x00001f17) auipc   t5, 0x1
core   0: 3 0x8000ec48 (0x00001f17) x30 0x8000fc48
core   0: 0x8000ec4c (0x3a3f2c23) sw      gp, 952(t5)
core   0: 3 0x8000ec4c (0x3a3f2c23) mem 0x80010000 0x00000001
core   0: 0x8000ec50 (0x0000bfe5) c.j     pc - 8
core   0: 3 0x8000ec50 (0xbfe5)
core   0: 0x8000ec48 (0x00001f17) auipc   t5, 0x1
core   0: 3 0x8000ec48 (0x00001f17) x30 0x8000fc48
core   0: 0x8000ec4c (0x3a3f2c23) sw      gp, 952(t5)
core   0: 3 0x8000ec4c (0x3a3f2c23) mem 0x80010000 0x00000001
core   0: 0x8000ec50 (0x0000bfe5) c.j     pc - 8
core   0: 3 0x8000ec50 (0xbfe5)
core   0: 0x8000ec48 (0x00001f17) auipc   t5, 0x1
core   0: 3 0x8000ec48 (0x00001f17) x30 0x8000fc48
core   0: 0x8000ec4c (0x3a3f2c23) sw      gp, 952(t5)
core   0: 3 0x8000ec4c (0x3a3f2c23) mem 0x80010000 0x00000001
core   0: 0x8000ec50 (0x0000bfe5) c.j     pc - 8
core   0: 3 0x8000ec50 (0xbfe5)
core   0: 0x8000ec48 (0x00001f17) auipc   t5, 0x1
core   0: 3 0x8000ec48 (0x00001f17) x30 0x8000fc48
core   0: 0x8000ec4c (0x3a3f2c23) sw      gp, 952(t5)
core   0: 3 0x8000ec4c (0x3a3f2c23) mem 0x80010000 0x00000001
core   0: 0x8000ec50 (0x0000bfe5) c.j     pc - 8
core   0: 3 0x8000ec50 (0xbfe5)
core   0: 0x8000ec48 (0x00001f17) auipc   t5, 0x1
core   0: 3 0x8000ec48 (0x00001f17) x30 0x8000fc48
core   0: 0x8000ec4c (0x3a3f2c23) sw      gp, 952(t5)
core   0: 3 0x8000ec4c (0x3a3f2c23) mem 0x80010000 0x00000001
core   0: 0x8000ec50 (0x0000bfe5) c.j     pc - 8
core   0: 3 0x8000ec50 (0xbfe5)
core   0: 0x8000ec48 (0x00001f17) auipc   t5, 0x1
core   0: 3 0x8000ec48 (0x00001f17) x30 0x8000fc48
core   0: 0x8000ec4c (0x3a3f2c23) sw      gp, 952(t5)
core   0: 3 0x8000ec4c (0x3a3f2c23) mem 0x80010000 0x00000001
core   0: 0x8000ec50 (0x0000bfe5) c.j     pc - 8
core   0: 3 0x8000ec50 (0xbfe5)
core   0: 0x8000ec48 (0x00001f17) auipc   t5, 0x1
core   0: 3 0x8000ec48 (0x00001f17) x30 0x8000fc48
core   0: 0x8000ec4c (0x3a3f2c23) sw      gp, 952(t5)
core   0: 3 0x8000ec4c (0x3a3f2c23) mem 0x80010000 0x00000001
core   0: 0x8000ec50 (0x0000bfe5) c.j     pc - 8
core   0: 3 0x8000ec50 (0xbfe5)
core   0: 0x8000ec48 (0x00001f17) auipc   t5, 0x1
core   0: 3 0x8000ec48 (0x00001f17) x30 0x8000fc48
core   0: 0x8000ec4c (0x3a3f2c23) sw      gp, 952(t5)
core   0: 3 0x8000ec4c (0x3a3f2c23) mem 0x80010000 0x00000001
core   0: 0x8000ec50 (0x0000bfe5) c.j     pc - 8
core   0: 3 0x8000ec50 (0xbfe5)
core   0: 0x8000ec48 (0x00001f17) auipc   t5, 0x1
core   0: 3 0x8000ec48 (0x00001f17) x30 0x8000fc48
core   0: 0x8000ec4c (0x3a3f2c23) sw      gp, 952(t5)
core   0: 3 0x8000ec4c (0x3a3f2c23) mem 0x80010000 0x00000001
core   0: 0x8000ec50 (0x0000bfe5) c.j     pc - 8
core   0: 3 0x8000ec50 (0xbfe5)
core   0: 0x8000ec48 (0x00001f17) auipc   t5, 0x1
core   0: 3 0x8000ec48 (0x00001f17) x30 0x8000fc48
core   0: 0x8000ec4c (0x3a3f2c23) sw      gp, 952(t5)
core   0: 3 0x8000ec4c (0x3a3f2c23) mem 0x80010000 0x00000001
core   0: 0x8000ec50 (0x0000bfe5) c.j     pc - 8
core   0: 3 0x8000ec50 (0xbfe5)
core   0: 0x8000ec48 (0x00001f17) auipc   t5, 0x1
core   0: 3 0x8000ec48 (0x00001f17) x30 0x8000fc48
core   0: 0x8000ec4c (0x3a3f2c23) sw      gp, 952(t5)
core   0: 3 0x8000ec4c (0x3a3f2c23) mem 0x80010000 0x00000001
core   0: 0x8000ec50 (0x0000bfe5) c.j     pc - 8
core   0: 3 0x8000ec50 (0xbfe5)
core   0: 0x8000ec48 (0x00001f17) auipc   t5, 0x1
core   0: 3 0x8000ec48 (0x00001f17) x30 0x8000fc48
core   0: 0x8000ec4c (0x3a3f2c23) sw      gp, 952(t5)
core   0: 3 0x8000ec4c (0x3a3f2c23) mem 0x80010000 0x00000001
core   0: 0x8000ec50 (0x0000bfe5) c.j     pc - 8
core   0: 3 0x8000ec50 (0xbfe5)
core   0: 0x8000ec48 (0x00001f17) auipc   t5, 0x1
core   0: 3 0x8000ec48 (0x00001f17) x30 0x8000fc48
core   0: 0x8000ec4c (0x3a3f2c23) sw      gp, 952(t5)
core   0: 3 0x8000ec4c (0x3a3f2c23) mem 0x80010000 0x00000001
core   0: 0x8000ec50 (0x0000bfe5) c.j     pc - 8
core   0: 3 0x8000ec50 (0xbfe5)
core   0: 0x8000ec48 (0x00001f17) auipc   t5, 0x1
core   0: 3 0x8000ec48 (0x00001f17) x30 0x8000fc48
core   0: 0x8000ec4c (0x3a3f2c23) sw      gp, 952(t5)
core   0: 3 0x8000ec4c (0x3a3f2c23) mem 0x80010000 0x00000001
core   0: 0x8000ec50 (0x0000bfe5) c.j     pc - 8
core   0: 3 0x8000ec50 (0xbfe5)
core   0: 0x8000ec48 (0x00001f17) auipc   t5, 0x1
core   0: 3 0x8000ec48 (0x00001f17) x30 0x8000fc48
core   0: 0x8000ec4c (0x3a3f2c23) sw      gp, 952(t5)
core   0: 3 0x8000ec4c (0x3a3f2c23) mem 0x80010000 0x00000001
core   0: 0x8000ec50 (0x0000bfe5) c.j     pc - 8
core   0: 3 0x8000ec50 (0xbfe5)
core   0: 0x8000ec48 (0x00001f17) auipc   t5, 0x1
core   0: 3 0x8000ec48 (0x00001f17) x30 0x8000fc48
core   0: 0x8000ec4c (0x3a3f2c23) sw      gp, 952(t5)
core   0: 3 0x8000ec4c (0x3a3f2c23) mem 0x80010000 0x00000001
core   0: 0x8000ec50 (0x0000bfe5) c.j     pc - 8
core   0: 3 0x8000ec50 (0xbfe5)
core   0: 0x8000ec48 (0x00001f17) auipc   t5, 0x1
core   0: 3 0x8000ec48 (0x00001f17) x30 0x8000fc48
core   0: 0x8000ec4c (0x3a3f2c23) sw      gp, 952(t5)
core   0: 3 0x8000ec4c (0x3a3f2c23) mem 0x80010000 0x00000001
core   0: 0x8000ec50 (0x0000bfe5) c.j     pc - 8
core   0: 3 0x8000ec50 (0xbfe5)
core   0: 0x8000ec48 (0x00001f17) auipc   t5, 0x1
core   0: 3 0x8000ec48 (0x00001f17) x30 0x8000fc48
core   0: 0x8000ec4c (0x3a3f2c23) sw      gp, 952(t5)
core   0: 3 0x8000ec4c (0x3a3f2c23) mem 0x80010000 0x00000001
core   0: 0x8000ec50 (0x0000bfe5) c.j     pc - 8
core   0: 3 0x8000ec50 (0xbfe5)
core   0: 0x8000ec48 (0x00001f17) auipc   t5, 0x1
core   0: 3 0x8000ec48 (0x00001f17) x30 0x8000fc48
core   0: 0x8000ec4c (0x3a3f2c23) sw      gp, 952(t5)
core   0: 3 0x8000ec4c (0x3a3f2c23) mem 0x80010000 0x00000001
core   0: 0x8000ec50 (0x0000bfe5) c.j     pc - 8
core   0: 3 0x8000ec50 (0xbfe5)
core   0: 0x8000ec48 (0x00001f17) auipc   t5, 0x1
core   0: 3 0x8000ec48 (0x00001f17) x30 0x8000fc48
core   0: 0x8000ec4c (0x3a3f2c23) sw      gp, 952(t5)
core   0: 3 0x8000ec4c (0x3a3f2c23) mem 0x80010000 0x00000001
core   0: 0x8000ec50 (0x0000bfe5) c.j     pc - 8
core   0: 3 0x8000ec50 (0xbfe5)
core   0: 0x8000ec48 (0x00001f17) auipc   t5, 0x1
core   0: 3 0x8000ec48 (0x00001f17) x30 0x8000fc48
core   0: 0x8000ec4c (0x3a3f2c23) sw      gp, 952(t5)
core   0: 3 0x8000ec4c (0x3a3f2c23) mem 0x80010000 0x00000001
core   0: 0x8000ec50 (0x0000bfe5) c.j     pc - 8
core   0: 3 0x8000ec50 (0xbfe5)
core   0: 0x8000ec48 (0x00001f17) auipc   t5, 0x1
core   0: 3 0x8000ec48 (0x00001f17) x30 0x8000fc48
core   0: 0x8000ec4c (0x3a3f2c23) sw      gp, 952(t5)
core   0: 3 0x8000ec4c (0x3a3f2c23) mem 0x80010000 0x00000001
core   0: 0x8000ec50 (0x0000bfe5) c.j     pc - 8
core   0: 3 0x8000ec50 (0xbfe5)
core   0: 0x8000ec48 (0x00001f17) auipc   t5, 0x1
core   0: 3 0x8000ec48 (0x00001f17) x30 0x8000fc48
core   0: 0x8000ec4c (0x3a3f2c23) sw      gp, 952(t5)
core   0: 3 0x8000ec4c (0x3a3f2c23) mem 0x80010000 0x00000001
core   0: 0x8000ec50 (0x0000bfe5) c.j     pc - 8
core   0: 3 0x8000ec50 (0xbfe5)
core   0: 0x8000ec48 (0x00001f17) auipc   t5, 0x1
core   0: 3 0x8000ec48 (0x00001f17) x30 0x8000fc48
core   0: 0x8000ec4c (0x3a3f2c23) sw      gp, 952(t5)
core   0: 3 0x8000ec4c (0x3a3f2c23) mem 0x80010000 0x00000001
core   0: 0x8000ec50 (0x0000bfe5) c.j     pc - 8
core   0: 3 0x8000ec50 (0xbfe5)
core   0: 0x8000ec48 (0x00001f17) auipc   t5, 0x1
core   0: 3 0x8000ec48 (0x00001f17) x30 0x8000fc48
core   0: 0x8000ec4c (0x3a3f2c23) sw      gp, 952(t5)
core   0: 3 0x8000ec4c (0x3a3f2c23) mem 0x80010000 0x00000001
core   0: 0x8000ec50 (0x0000bfe5) c.j     pc - 8
core   0: 3 0x8000ec50 (0xbfe5)
core   0: 0x8000ec48 (0x00001f17) auipc   t5, 0x1
core   0: 3 0x8000ec48 (0x00001f17) x30 0x8000fc48
core   0: 0x8000ec4c (0x3a3f2c23) sw      gp, 952(t5)
core   0: 3 0x8000ec4c (0x3a3f2c23) mem 0x80010000 0x00000001
core   0: 0x8000ec50 (0x0000bfe5) c.j     pc - 8
core   0: 3 0x8000ec50 (0xbfe5)
core   0: 0x8000ec48 (0x00001f17) auipc   t5, 0x1
core   0: 3 0x8000ec48 (0x00001f17) x30 0x8000fc48
core   0: 0x8000ec4c (0x3a3f2c23) sw      gp, 952(t5)
core   0: 3 0x8000ec4c (0x3a3f2c23) mem 0x80010000 0x00000001
core   0: 0x8000ec50 (0x0000bfe5) c.j     pc - 8
core   0: 3 0x8000ec50 (0xbfe5)
core   0: 0x8000ec48 (0x00001f17) auipc   t5, 0x1
core   0: 3 0x8000ec48 (0x00001f17) x30 0x8000fc48
core   0: 0x8000ec4c (0x3a3f2c23) sw      gp, 952(t5)
core   0: 3 0x8000ec4c (0x3a3f2c23) mem 0x80010000 0x00000001
core   0: 0x8000ec50 (0x0000bfe5) c.j     pc - 8
core   0: 3 0x8000ec50 (0xbfe5)
core   0: 0x8000ec48 (0x00001f17) auipc   t5, 0x1
core   0: 3 0x8000ec48 (0x00001f17) x30 0x8000fc48
core   0: 0x8000ec4c (0x3a3f2c23) sw      gp, 952(t5)
core   0: 3 0x8000ec4c (0x3a3f2c23) mem 0x80010000 0x00000001
core   0: 0x8000ec50 (0x0000bfe5) c.j     pc - 8
core   0: 3 0x8000ec50 (0xbfe5)
core   0: 0x8000ec48 (0x00001f17) auipc   t5, 0x1
core   0: 3 0x8000ec48 (0x00001f17) x30 0x8000fc48
core   0: 0x8000ec4c (0x3a3f2c23) sw      gp, 952(t5)
core   0: 3 0x8000ec4c (0x3a3f2c23) mem 0x80010000 0x00000001
core   0: 0x8000ec50 (0x0000bfe5) c.j     pc - 8
core   0: 3 0x8000ec50 (0xbfe5)
core   0: 0x8000ec48 (0x00001f17) auipc   t5, 0x1
core   0: 3 0x8000ec48 (0x00001f17) x30 0x8000fc48
core   0: 0x8000ec4c (0x3a3f2c23) sw      gp, 952(t5)
core   0: 3 0x8000ec4c (0x3a3f2c23) mem 0x80010000 0x00000001
core   0: 0x8000ec50 (0x0000bfe5) c.j     pc - 8
core   0: 3 0x8000ec50 (0xbfe5)
core   0: 0x8000ec48 (0x00001f17) auipc   t5, 0x1
core   0: 3 0x8000ec48 (0x00001f17) x30 0x8000fc48
core   0: 0x8000ec4c (0x3a3f2c23) sw      gp, 952(t5)
core   0: 3 0x8000ec4c (0x3a3f2c23) mem 0x80010000 0x00000001
core   0: 0x8000ec50 (0x0000bfe5) c.j     pc - 8
core   0: 3 0x8000ec50 (0xbfe5)
core   0: 0x8000ec48 (0x00001f17) auipc   t5, 0x1
core   0: 3 0x8000ec48 (0x00001f17) x30 0x8000fc48
core   0: 0x8000ec4c (0x3a3f2c23) sw      gp, 952(t5)
core   0: 3 0x8000ec4c (0x3a3f2c23) mem 0x80010000 0x00000001
core   0: 0x8000ec50 (0x0000bfe5) c.j     pc - 8
core   0: 3 0x8000ec50 (0xbfe5)
core   0: 0x8000ec48 (0x00001f17) auipc   t5, 0x1
core   0: 3 0x8000ec48 (0x00001f17) x30 0x8000fc48
core   0: 0x8000ec4c (0x3a3f2c23) sw      gp, 952(t5)
core   0: 3 0x8000ec4c (0x3a3f2c23) mem 0x80010000 0x00000001
core   0: 0x8000ec50 (0x0000bfe5) c.j     pc - 8
core   0: 3 0x8000ec50 (0xbfe5)
core   0: 0x8000ec48 (0x00001f17) auipc   t5, 0x1
core   0: 3 0x8000ec48 (0x00001f17) x30 0x8000fc48
core   0: 0x8000ec4c (0x3a3f2c23) sw      gp, 952(t5)
core   0: 3 0x8000ec4c (0x3a3f2c23) mem 0x80010000 0x00000001
core   0: 0x8000ec50 (0x0000bfe5) c.j     pc - 8
core   0: 3 0x8000ec50 (0xbfe5)
core   0: 0x8000ec48 (0x00001f17) auipc   t5, 0x1
core   0: 3 0x8000ec48 (0x00001f17) x30 0x8000fc48
core   0: 0x8000ec4c (0x3a3f2c23) sw      gp, 952(t5)
core   0: 3 0x8000ec4c (0x3a3f2c23) mem 0x80010000 0x00000001
core   0: 0x8000ec50 (0x0000bfe5) c.j     pc - 8
core   0: 3 0x8000ec50 (0xbfe5)
core   0: 0x8000ec48 (0x00001f17) auipc   t5, 0x1
core   0: 3 0x8000ec48 (0x00001f17) x30 0x8000fc48
core   0: 0x8000ec4c (0x3a3f2c23) sw      gp, 952(t5)
core   0: 3 0x8000ec4c (0x3a3f2c23) mem 0x80010000 0x00000001
core   0: 0x8000ec50 (0x0000bfe5) c.j     pc - 8
core   0: 3 0x8000ec50 (0xbfe5)
core   0: 0x8000ec48 (0x00001f17) auipc   t5, 0x1
core   0: 3 0x8000ec48 (0x00001f17) x30 0x8000fc48
core   0: 0x8000ec4c (0x3a3f2c23) sw      gp, 952(t5)
core   0: 3 0x8000ec4c (0x3a3f2c23) mem 0x80010000 0x00000001
core   0: 0x8000ec50 (0x0000bfe5) c.j     pc - 8
core   0: 3 0x8000ec50 (0xbfe5)
core   0: 0x8000ec48 (0x00001f17) auipc   t5, 0x1
core   0: 3 0x8000ec48 (0x00001f17) x30 0x8000fc48
core   0: 0x8000ec4c (0x3a3f2c23) sw      gp, 952(t5)
core   0: 3 0x8000ec4c (0x3a3f2c23) mem 0x80010000 0x00000001
core   0: 0x8000ec50 (0x0000bfe5) c.j     pc - 8
core   0: 3 0x8000ec50 (0xbfe5)
core   0: 0x8000ec48 (0x00001f17) auipc   t5, 0x1
core   0: 3 0x8000ec48 (0x00001f17) x30 0x8000fc48
core   0: 0x8000ec4c (0x3a3f2c23) sw      gp, 952(t5)
core   0: 3 0x8000ec4c (0x3a3f2c23) mem 0x80010000 0x00000001
core   0: 0x8000ec50 (0x0000bfe5) c.j     pc - 8
core   0: 3 0x8000ec50 (0xbfe5)
core   0: 0x8000ec48 (0x00001f17) auipc   t5, 0x1
core   0: 3 0x8000ec48 (0x00001f17) x30 0x8000fc48
core   0: 0x8000ec4c (0x3a3f2c23) sw      gp, 952(t5)
core   0: 3 0x8000ec4c (0x3a3f2c23) mem 0x80010000 0x00000001
core   0: 0x8000ec50 (0x0000bfe5) c.j     pc - 8
core   0: 3 0x8000ec50 (0xbfe5)
core   0: 0x8000ec48 (0x00001f17) auipc   t5, 0x1
core   0: 3 0x8000ec48 (0x00001f17) x30 0x8000fc48
core   0: 0x8000ec4c (0x3a3f2c23) sw      gp, 952(t5)
core   0: 3 0x8000ec4c (0x3a3f2c23) mem 0x80010000 0x00000001
core   0: 0x8000ec50 (0x0000bfe5) c.j     pc - 8
core   0: 3 0x8000ec50 (0xbfe5)
core   0: 0x8000ec48 (0x00001f17) auipc   t5, 0x1
core   0: 3 0x8000ec48 (0x00001f17) x30 0x8000fc48
core   0: 0x8000ec4c (0x3a3f2c23) sw      gp, 952(t5)
core   0: 3 0x8000ec4c (0x3a3f2c23) mem 0x80010000 0x00000001
core   0: 0x8000ec50 (0x0000bfe5) c.j     pc - 8
core   0: 3 0x8000ec50 (0xbfe5)
core   0: 0x8000ec48 (0x00001f17) auipc   t5, 0x1
core   0: 3 0x8000ec48 (0x00001f17) x30 0x8000fc48
core   0: 0x8000ec4c (0x3a3f2c23) sw      gp, 952(t5)
core   0: 3 0x8000ec4c (0x3a3f2c23) mem 0x80010000 0x00000001
core   0: 0x8000ec50 (0x0000bfe5) c.j     pc - 8
core   0: 3 0x8000ec50 (0xbfe5)
core   0: 0x8000ec48 (0x00001f17) auipc   t5, 0x1
core   0: 3 0x8000ec48 (0x00001f17) x30 0x8000fc48
core   0: 0x8000ec4c (0x3a3f2c23) sw      gp, 952(t5)
core   0: 3 0x8000ec4c (0x3a3f2c23) mem 0x80010000 0x00000001
core   0: 0x8000ec50 (0x0000bfe5) c.j     pc - 8
core   0: 3 0x8000ec50 (0xbfe5)
core   0: 0x8000ec48 (0x00001f17) auipc   t5, 0x1
core   0: 3 0x8000ec48 (0x00001f17) x30 0x8000fc48
core   0: 0x8000ec4c (0x3a3f2c23) sw      gp, 952(t5)
core   0: 3 0x8000ec4c (0x3a3f2c23) mem 0x80010000 0x00000001
core   0: 0x8000ec50 (0x0000bfe5) c.j     pc - 8
core   0: 3 0x8000ec50 (0xbfe5)
core   0: 0x8000ec48 (0x00001f17) auipc   t5, 0x1
core   0: 3 0x8000ec48 (0x00001f17) x30 0x8000fc48
core   0: 0x8000ec4c (0x3a3f2c23) sw      gp, 952(t5)
core   0: 3 0x8000ec4c (0x3a3f2c23) mem 0x80010000 0x00000001
core   0: 0x8000ec50 (0x0000bfe5) c.j     pc - 8
core   0: 3 0x8000ec50 (0xbfe5)
core   0: 0x8000ec48 (0x00001f17) auipc   t5, 0x1
core   0: 3 0x8000ec48 (0x00001f17) x30 0x8000fc48
core   0: 0x8000ec4c (0x3a3f2c23) sw      gp, 952(t5)
core   0: 3 0x8000ec4c (0x3a3f2c23) mem 0x80010000 0x00000001
core   0: 0x8000ec50 (0x0000bfe5) c.j     pc - 8
core   0: 3 0x8000ec50 (0xbfe5)
core   0: 0x8000ec48 (0x00001f17) auipc   t5, 0x1
core   0: 3 0x8000ec48 (0x00001f17) x30 0x8000fc48
core   0: 0x8000ec4c (0x3a3f2c23) sw      gp, 952(t5)
core   0: 3 0x8000ec4c (0x3a3f2c23) mem 0x80010000 0x00000001
core   0: 0x8000ec50 (0x0000bfe5) c.j     pc - 8
core   0: 3 0x8000ec50 (0xbfe5)
core   0: 0x8000ec48 (0x00001f17) auipc   t5, 0x1
core   0: 3 0x8000ec48 (0x00001f17) x30 0x8000fc48
core   0: 0x8000ec4c (0x3a3f2c23) sw      gp, 952(t5)
core   0: 3 0x8000ec4c (0x3a3f2c23) mem 0x80010000 0x00000001
core   0: 0x8000ec50 (0x0000bfe5) c.j     pc - 8
core   0: 3 0x8000ec50 (0xbfe5)
core   0: 0x8000ec48 (0x00001f17) auipc   t5, 0x1
core   0: 3 0x8000ec48 (0x00001f17) x30 0x8000fc48
core   0: 0x8000ec4c (0x3a3f2c23) sw      gp, 952(t5)
core   0: 3 0x8000ec4c (0x3a3f2c23) mem 0x80010000 0x00000001
core   0: 0x8000ec50 (0x0000bfe5) c.j     pc - 8
core   0: 3 0x8000ec50 (0xbfe5)
core   0: 0x8000ec48 (0x00001f17) auipc   t5, 0x1
core   0: 3 0x8000ec48 (0x00001f17) x30 0x8000fc48
core   0: 0x8000ec4c (0x3a3f2c23) sw      gp, 952(t5)
core   0: 3 0x8000ec4c (0x3a3f2c23) mem 0x80010000 0x00000001
core   0: 0x8000ec50 (0x0000bfe5) c.j     pc - 8
core   0: 3 0x8000ec50 (0xbfe5)
core   0: 0x8000ec48 (0x00001f17) auipc   t5, 0x1
core   0: 3 0x8000ec48 (0x00001f17) x30 0x8000fc48
core   0: 0x8000ec4c (0x3a3f2c23) sw      gp, 952(t5)
core   0: 3 0x8000ec4c (0x3a3f2c23) mem 0x80010000 0x00000001
core   0: 0x8000ec50 (0x0000bfe5) c.j     pc - 8
core   0: 3 0x8000ec50 (0xbfe5)
core   0: 0x8000ec48 (0x00001f17) auipc   t5, 0x1
core   0: 3 0x8000ec48 (0x00001f17) x30 0x8000fc48
core   0: 0x8000ec4c (0x3a3f2c23) sw      gp, 952(t5)
core   0: 3 0x8000ec4c (0x3a3f2c23) mem 0x80010000 0x00000001
core   0: 0x8000ec50 (0x0000bfe5) c.j     pc - 8
core   0: 3 0x8000ec50 (0xbfe5)
core   0: 0x8000ec48 (0x00001f17) auipc   t5, 0x1
core   0: 3 0x8000ec48 (0x00001f17) x30 0x8000fc48
core   0: 0x8000ec4c (0x3a3f2c23) sw      gp, 952(t5)
core   0: 3 0x8000ec4c (0x3a3f2c23) mem 0x80010000 0x00000001
core   0: 0x8000ec50 (0x0000bfe5) c.j     pc - 8
core   0: 3 0x8000ec50 (0xbfe5)
core   0: 0x8000ec48 (0x00001f17) auipc   t5, 0x1
core   0: 3 0x8000ec48 (0x00001f17) x30 0x8000fc48
core   0: 0x8000ec4c (0x3a3f2c23) sw      gp, 952(t5)
core   0: 3 0x8000ec4c (0x3a3f2c23) mem 0x80010000 0x00000001
core   0: 0x8000ec50 (0x0000bfe5) c.j     pc - 8
core   0: 3 0x8000ec50 (0xbfe5)
core   0: 0x8000ec48 (0x00001f17) auipc   t5, 0x1
core   0: 3 0x8000ec48 (0x00001f17) x30 0x8000fc48
core   0: 0x8000ec4c (0x3a3f2c23) sw      gp, 952(t5)
core   0: 3 0x8000ec4c (0x3a3f2c23) mem 0x80010000 0x00000001
core   0: 0x8000ec50 (0x0000bfe5) c.j     pc - 8
core   0: 3 0x8000ec50 (0xbfe5)
core   0: 0x8000ec48 (0x00001f17) auipc   t5, 0x1
core   0: 3 0x8000ec48 (0x00001f17) x30 0x8000fc48
core   0: 0x8000ec4c (0x3a3f2c23) sw      gp, 952(t5)
core   0: 3 0x8000ec4c (0x3a3f2c23) mem 0x80010000 0x00000001
core   0: 0x8000ec50 (0x0000bfe5) c.j     pc - 8
core   0: 3 0x8000ec50 (0xbfe5)
core   0: 0x8000ec48 (0x00001f17) auipc   t5, 0x1
core   0: 3 0x8000ec48 (0x00001f17) x30 0x8000fc48
core   0: 0x8000ec4c (0x3a3f2c23) sw      gp, 952(t5)
core   0: 3 0x8000ec4c (0x3a3f2c23) mem 0x80010000 0x00000001
core   0: 0x8000ec50 (0x0000bfe5) c.j     pc - 8
core   0: 3 0x8000ec50 (0xbfe5)
core   0: 0x8000ec48 (0x00001f17) auipc   t5, 0x1
core   0: 3 0x8000ec48 (0x00001f17) x30 0x8000fc48
core   0: 0x8000ec4c (0x3a3f2c23) sw      gp, 952(t5)
core   0: 3 0x8000ec4c (0x3a3f2c23) mem 0x80010000 0x00000001
core   0: 0x8000ec50 (0x0000bfe5) c.j     pc - 8
core   0: 3 0x8000ec50 (0xbfe5)
core   0: 0x8000ec48 (0x00001f17) auipc   t5, 0x1
core   0: 3 0x8000ec48 (0x00001f17) x30 0x8000fc48
core   0: 0x8000ec4c (0x3a3f2c23) sw      gp, 952(t5)
core   0: 3 0x8000ec4c (0x3a3f2c23) mem 0x80010000 0x00000001
core   0: 0x8000ec50 (0x0000bfe5) c.j     pc - 8
core   0: 3 0x8000ec50 (0xbfe5)
core   0: 0x8000ec48 (0x00001f17) auipc   t5, 0x1
core   0: 3 0x8000ec48 (0x00001f17) x30 0x8000fc48
core   0: 0x8000ec4c (0x3a3f2c23) sw      gp, 952(t5)
core   0: 3 0x8000ec4c (0x3a3f2c23) mem 0x80010000 0x00000001
core   0: 0x8000ec50 (0x0000bfe5) c.j     pc - 8
core   0: 3 0x8000ec50 (0xbfe5)
core   0: 0x8000ec48 (0x00001f17) auipc   t5, 0x1
core   0: 3 0x8000ec48 (0x00001f17) x30 0x8000fc48
core   0: 0x8000ec4c (0x3a3f2c23) sw      gp, 952(t5)
core   0: 3 0x8000ec4c (0x3a3f2c23) mem 0x80010000 0x00000001
core   0: 0x8000ec50 (0x0000bfe5) c.j     pc - 8
core   0: 3 0x8000ec50 (0xbfe5)
core   0: 0x8000ec48 (0x00001f17) auipc   t5, 0x1
core   0: 3 0x8000ec48 (0x00001f17) x30 0x8000fc48
core   0: 0x8000ec4c (0x3a3f2c23) sw      gp, 952(t5)
core   0: 3 0x8000ec4c (0x3a3f2c23) mem 0x80010000 0x00000001
core   0: 0x8000ec50 (0x0000bfe5) c.j     pc - 8
core   0: 3 0x8000ec50 (0xbfe5)
core   0: 0x8000ec48 (0x00001f17) auipc   t5, 0x1
core   0: 3 0x8000ec48 (0x00001f17) x30 0x8000fc48
core   0: 0x8000ec4c (0x3a3f2c23) sw      gp, 952(t5)
core   0: 3 0x8000ec4c (0x3a3f2c23) mem 0x80010000 0x00000001
core   0: 0x8000ec50 (0x0000bfe5) c.j     pc - 8
core   0: 3 0x8000ec50 (0xbfe5)
core   0: 0x8000ec48 (0x00001f17) auipc   t5, 0x1
core   0: 3 0x8000ec48 (0x00001f17) x30 0x8000fc48
core   0: 0x8000ec4c (0x3a3f2c23) sw      gp, 952(t5)
core   0: 3 0x8000ec4c (0x3a3f2c23) mem 0x80010000 0x00000001
core   0: 0x8000ec50 (0x0000bfe5) c.j     pc - 8
core   0: 3 0x8000ec50 (0xbfe5)
core   0: 0x8000ec48 (0x00001f17) auipc   t5, 0x1
core   0: 3 0x8000ec48 (0x00001f17) x30 0x8000fc48
core   0: 0x8000ec4c (0x3a3f2c23) sw      gp, 952(t5)
core   0: 3 0x8000ec4c (0x3a3f2c23) mem 0x80010000 0x00000001
core   0: 0x8000ec50 (0x0000bfe5) c.j     pc - 8
core   0: 3 0x8000ec50 (0xbfe5)
core   0: 0x8000ec48 (0x00001f17) auipc   t5, 0x1
core   0: 3 0x8000ec48 (0x00001f17) x30 0x8000fc48
core   0: 0x8000ec4c (0x3a3f2c23) sw      gp, 952(t5)
core   0: 3 0x8000ec4c (0x3a3f2c23) mem 0x80010000 0x00000001
core   0: 0x8000ec50 (0x0000bfe5) c.j     pc - 8
core   0: 3 0x8000ec50 (0xbfe5)
core   0: 0x8000ec48 (0x00001f17) auipc   t5, 0x1
core   0: 3 0x8000ec48 (0x00001f17) x30 0x8000fc48
core   0: 0x8000ec4c (0x3a3f2c23) sw      gp, 952(t5)
core   0: 3 0x8000ec4c (0x3a3f2c23) mem 0x80010000 0x00000001
core   0: 0x8000ec50 (0x0000bfe5) c.j     pc - 8
core   0: 3 0x8000ec50 (0xbfe5)
core   0: 0x8000ec48 (0x00001f17) auipc   t5, 0x1
core   0: 3 0x8000ec48 (0x00001f17) x30 0x8000fc48
core   0: 0x8000ec4c (0x3a3f2c23) sw      gp, 952(t5)
core   0: 3 0x8000ec4c (0x3a3f2c23) mem 0x80010000 0x00000001
core   0: 0x8000ec50 (0x0000bfe5) c.j     pc - 8
core   0: 3 0x8000ec50 (0xbfe5)
core   0: 0x8000ec48 (0x00001f17) auipc   t5, 0x1
core   0: 3 0x8000ec48 (0x00001f17) x30 0x8000fc48
core   0: 0x8000ec4c (0x3a3f2c23) sw      gp, 952(t5)
core   0: 3 0x8000ec4c (0x3a3f2c23) mem 0x80010000 0x00000001
core   0: 0x8000ec50 (0x0000bfe5) c.j     pc - 8
core   0: 3 0x8000ec50 (0xbfe5)
core   0: 0x8000ec48 (0x00001f17) auipc   t5, 0x1
core   0: 3 0x8000ec48 (0x00001f17) x30 0x8000fc48
core   0: 0x8000ec4c (0x3a3f2c23) sw      gp, 952(t5)
core   0: 3 0x8000ec4c (0x3a3f2c23) mem 0x80010000 0x00000001
core   0: 0x8000ec50 (0x0000bfe5) c.j     pc - 8
core   0: 3 0x8000ec50 (0xbfe5)
core   0: 0x8000ec48 (0x00001f17) auipc   t5, 0x1
core   0: 3 0x8000ec48 (0x00001f17) x30 0x8000fc48
core   0: 0x8000ec4c (0x3a3f2c23) sw      gp, 952(t5)
core   0: 3 0x8000ec4c (0x3a3f2c23) mem 0x80010000 0x00000001
core   0: 0x8000ec50 (0x0000bfe5) c.j     pc - 8
core   0: 3 0x8000ec50 (0xbfe5)
core   0: 0x8000ec48 (0x00001f17) auipc   t5, 0x1
core   0: 3 0x8000ec48 (0x00001f17) x30 0x8000fc48
core   0: 0x8000ec4c (0x3a3f2c23) sw      gp, 952(t5)
core   0: 3 0x8000ec4c (0x3a3f2c23) mem 0x80010000 0x00000001
core   0: 0x8000ec50 (0x0000bfe5) c.j     pc - 8
core   0: 3 0x8000ec50 (0xbfe5)
core   0: 0x8000ec48 (0x00001f17) auipc   t5, 0x1
core   0: 3 0x8000ec48 (0x00001f17) x30 0x8000fc48
core   0: 0x8000ec4c (0x3a3f2c23) sw      gp, 952(t5)
core   0: 3 0x8000ec4c (0x3a3f2c23) mem 0x80010000 0x00000001
core   0: 0x8000ec50 (0x0000bfe5) c.j     pc - 8
core   0: 3 0x8000ec50 (0xbfe5)
core   0: 0x8000ec48 (0x00001f17) auipc   t5, 0x1
core   0: 3 0x8000ec48 (0x00001f17) x30 0x8000fc48
core   0: 0x8000ec4c (0x3a3f2c23) sw      gp, 952(t5)
core   0: 3 0x8000ec4c (0x3a3f2c23) mem 0x80010000 0x00000001
core   0: 0x8000ec50 (0x0000bfe5) c.j     pc - 8
core   0: 3 0x8000ec50 (0xbfe5)
core   0: 0x8000ec48 (0x00001f17) auipc   t5, 0x1
core   0: 3 0x8000ec48 (0x00001f17) x30 0x8000fc48
core   0: 0x8000ec4c (0x3a3f2c23) sw      gp, 952(t5)
core   0: 3 0x8000ec4c (0x3a3f2c23) mem 0x80010000 0x00000001
core   0: 0x8000ec50 (0x0000bfe5) c.j     pc - 8
core   0: 3 0x8000ec50 (0xbfe5)
core   0: 0x8000ec48 (0x00001f17) auipc   t5, 0x1
core   0: 3 0x8000ec48 (0x00001f17) x30 0x8000fc48
core   0: 0x8000ec4c (0x3a3f2c23) sw      gp, 952(t5)
core   0: 3 0x8000ec4c (0x3a3f2c23) mem 0x80010000 0x00000001
core   0: 0x8000ec50 (0x0000bfe5) c.j     pc - 8
core   0: 3 0x8000ec50 (0xbfe5)
core   0: 0x8000ec48 (0x00001f17) auipc   t5, 0x1
core   0: 3 0x8000ec48 (0x00001f17) x30 0x8000fc48
core   0: 0x8000ec4c (0x3a3f2c23) sw      gp, 952(t5)
core   0: 3 0x8000ec4c (0x3a3f2c23) mem 0x80010000 0x00000001
core   0: 0x8000ec50 (0x0000bfe5) c.j     pc - 8
core   0: 3 0x8000ec50 (0xbfe5)
core   0: 0x8000ec48 (0x00001f17) auipc   t5, 0x1
core   0: 3 0x8000ec48 (0x00001f17) x30 0x8000fc48
core   0: 0x8000ec4c (0x3a3f2c23) sw      gp, 952(t5)
core   0: 3 0x8000ec4c (0x3a3f2c23) mem 0x80010000 0x00000001
core   0: 0x8000ec50 (0x0000bfe5) c.j     pc - 8
core   0: 3 0x8000ec50 (0xbfe5)
core   0: 0x8000ec48 (0x00001f17) auipc   t5, 0x1
core   0: 3 0x8000ec48 (0x00001f17) x30 0x8000fc48
core   0: 0x8000ec4c (0x3a3f2c23) sw      gp, 952(t5)
core   0: 3 0x8000ec4c (0x3a3f2c23) mem 0x80010000 0x00000001
core   0: 0x8000ec50 (0x0000bfe5) c.j     pc - 8
core   0: 3 0x8000ec50 (0xbfe5)
core   0: 0x8000ec48 (0x00001f17) auipc   t5, 0x1
core   0: 3 0x8000ec48 (0x00001f17) x30 0x8000fc48
core   0: 0x8000ec4c (0x3a3f2c23) sw      gp, 952(t5)
core   0: 3 0x8000ec4c (0x3a3f2c23) mem 0x80010000 0x00000001
core   0: 0x8000ec50 (0x0000bfe5) c.j     pc - 8
core   0: 3 0x8000ec50 (0xbfe5)
core   0: 0x8000ec48 (0x00001f17) auipc   t5, 0x1
core   0: 3 0x8000ec48 (0x00001f17) x30 0x8000fc48
core   0: 0x8000ec4c (0x3a3f2c23) sw      gp, 952(t5)
core   0: 3 0x8000ec4c (0x3a3f2c23) mem 0x80010000 0x00000001
core   0: 0x8000ec50 (0x0000bfe5) c.j     pc - 8
core   0: 3 0x8000ec50 (0xbfe5)
core   0: 0x8000ec48 (0x00001f17) auipc   t5, 0x1
core   0: 3 0x8000ec48 (0x00001f17) x30 0x8000fc48
core   0: 0x8000ec4c (0x3a3f2c23) sw      gp, 952(t5)
core   0: 3 0x8000ec4c (0x3a3f2c23) mem 0x80010000 0x00000001
core   0: 0x8000ec50 (0x0000bfe5) c.j     pc - 8
core   0: 3 0x8000ec50 (0xbfe5)
core   0: 0x8000ec48 (0x00001f17) auipc   t5, 0x1
core   0: 3 0x8000ec48 (0x00001f17) x30 0x8000fc48
core   0: 0x8000ec4c (0x3a3f2c23) sw      gp, 952(t5)
core   0: 3 0x8000ec4c (0x3a3f2c23) mem 0x80010000 0x00000001
core   0: 0x8000ec50 (0x0000bfe5) c.j     pc - 8
core   0: 3 0x8000ec50 (0xbfe5)
core   0: 0x8000ec48 (0x00001f17) auipc   t5, 0x1
core   0: 3 0x8000ec48 (0x00001f17) x30 0x8000fc48
core   0: 0x8000ec4c (0x3a3f2c23) sw      gp, 952(t5)
core   0: 3 0x8000ec4c (0x3a3f2c23) mem 0x80010000 0x00000001
core   0: 0x8000ec50 (0x0000bfe5) c.j     pc - 8
core   0: 3 0x8000ec50 (0xbfe5)
core   0: 0x8000ec48 (0x00001f17) auipc   t5, 0x1
core   0: 3 0x8000ec48 (0x00001f17) x30 0x8000fc48
core   0: 0x8000ec4c (0x3a3f2c23) sw      gp, 952(t5)
core   0: 3 0x8000ec4c (0x3a3f2c23) mem 0x80010000 0x00000001
core   0: 0x8000ec50 (0x0000bfe5) c.j     pc - 8
core   0: 3 0x8000ec50 (0xbfe5)
core   0: 0x8000ec48 (0x00001f17) auipc   t5, 0x1
core   0: 3 0x8000ec48 (0x00001f17) x30 0x8000fc48
core   0: 0x8000ec4c (0x3a3f2c23) sw      gp, 952(t5)
core   0: 3 0x8000ec4c (0x3a3f2c23) mem 0x80010000 0x00000001
core   0: 0x8000ec50 (0x0000bfe5) c.j     pc - 8
core   0: 3 0x8000ec50 (0xbfe5)
core   0: 0x8000ec48 (0x00001f17) auipc   t5, 0x1
core   0: 3 0x8000ec48 (0x00001f17) x30 0x8000fc48
core   0: 0x8000ec4c (0x3a3f2c23) sw      gp, 952(t5)
core   0: 3 0x8000ec4c (0x3a3f2c23) mem 0x80010000 0x00000001
core   0: 0x8000ec50 (0x0000bfe5) c.j     pc - 8
core   0: 3 0x8000ec50 (0xbfe5)
core   0: 0x8000ec48 (0x00001f17) auipc   t5, 0x1
core   0: 3 0x8000ec48 (0x00001f17) x30 0x8000fc48
core   0: 0x8000ec4c (0x3a3f2c23) sw      gp, 952(t5)
core   0: 3 0x8000ec4c (0x3a3f2c23) mem 0x80010000 0x00000001
core   0: 0x8000ec50 (0x0000bfe5) c.j     pc - 8
core   0: 3 0x8000ec50 (0xbfe5)
core   0: 0x8000ec48 (0x00001f17) auipc   t5, 0x1
core   0: 3 0x8000ec48 (0x00001f17) x30 0x8000fc48
core   0: 0x8000ec4c (0x3a3f2c23) sw      gp, 952(t5)
core   0: 3 0x8000ec4c (0x3a3f2c23) mem 0x80010000 0x00000001
core   0: 0x8000ec50 (0x0000bfe5) c.j     pc - 8
core   0: 3 0x8000ec50 (0xbfe5)
core   0: 0x8000ec48 (0x00001f17) auipc   t5, 0x1
core   0: 3 0x8000ec48 (0x00001f17) x30 0x8000fc48
core   0: 0x8000ec4c (0x3a3f2c23) sw      gp, 952(t5)
core   0: 3 0x8000ec4c (0x3a3f2c23) mem 0x80010000 0x00000001
core   0: 0x8000ec50 (0x0000bfe5) c.j     pc - 8
core   0: 3 0x8000ec50 (0xbfe5)
core   0: 0x8000ec48 (0x00001f17) auipc   t5, 0x1
core   0: 3 0x8000ec48 (0x00001f17) x30 0x8000fc48
core   0: 0x8000ec4c (0x3a3f2c23) sw      gp, 952(t5)
core   0: 3 0x8000ec4c (0x3a3f2c23) mem 0x80010000 0x00000001
core   0: 0x8000ec50 (0x0000bfe5) c.j     pc - 8
core   0: 3 0x8000ec50 (0xbfe5)
core   0: 0x8000ec48 (0x00001f17) auipc   t5, 0x1
core   0: 3 0x8000ec48 (0x00001f17) x30 0x8000fc48
core   0: 0x8000ec4c (0x3a3f2c23) sw      gp, 952(t5)
core   0: 3 0x8000ec4c (0x3a3f2c23) mem 0x80010000 0x00000001
core   0: 0x8000ec50 (0x0000bfe5) c.j     pc - 8
core   0: 3 0x8000ec50 (0xbfe5)
core   0: 0x8000ec48 (0x00001f17) auipc   t5, 0x1
core   0: 3 0x8000ec48 (0x00001f17) x30 0x8000fc48
core   0: 0x8000ec4c (0x3a3f2c23) sw      gp, 952(t5)
core   0: 3 0x8000ec4c (0x3a3f2c23) mem 0x80010000 0x00000001
core   0: 0x8000ec50 (0x0000bfe5) c.j     pc - 8
core   0: 3 0x8000ec50 (0xbfe5)
core   0: 0x8000ec48 (0x00001f17) auipc   t5, 0x1
core   0: 3 0x8000ec48 (0x00001f17) x30 0x8000fc48
core   0: 0x8000ec4c (0x3a3f2c23) sw      gp, 952(t5)
core   0: 3 0x8000ec4c (0x3a3f2c23) mem 0x80010000 0x00000001
core   0: 0x8000ec50 (0x0000bfe5) c.j     pc - 8
core   0: 3 0x8000ec50 (0xbfe5)
core   0: 0x8000ec48 (0x00001f17) auipc   t5, 0x1
core   0: 3 0x8000ec48 (0x00001f17) x30 0x8000fc48
core   0: 0x8000ec4c (0x3a3f2c23) sw      gp, 952(t5)
core   0: 3 0x8000ec4c (0x3a3f2c23) mem 0x80010000 0x00000001
core   0: 0x8000ec50 (0x0000bfe5) c.j     pc - 8
core   0: 3 0x8000ec50 (0xbfe5)
core   0: 0x8000ec48 (0x00001f17) auipc   t5, 0x1
core   0: 3 0x8000ec48 (0x00001f17) x30 0x8000fc48
core   0: 0x8000ec4c (0x3a3f2c23) sw      gp, 952(t5)
core   0: 3 0x8000ec4c (0x3a3f2c23) mem 0x80010000 0x00000001
core   0: 0x8000ec50 (0x0000bfe5) c.j     pc - 8
core   0: 3 0x8000ec50 (0xbfe5)
core   0: 0x8000ec48 (0x00001f17) auipc   t5, 0x1
core   0: 3 0x8000ec48 (0x00001f17) x30 0x8000fc48
core   0: 0x8000ec4c (0x3a3f2c23) sw      gp, 952(t5)
core   0: 3 0x8000ec4c (0x3a3f2c23) mem 0x80010000 0x00000001
core   0: 0x8000ec50 (0x0000bfe5) c.j     pc - 8
core   0: 3 0x8000ec50 (0xbfe5)
core   0: 0x8000ec48 (0x00001f17) auipc   t5, 0x1
core   0: 3 0x8000ec48 (0x00001f17) x30 0x8000fc48
core   0: 0x8000ec4c (0x3a3f2c23) sw      gp, 952(t5)
core   0: 3 0x8000ec4c (0x3a3f2c23) mem 0x80010000 0x00000001
core   0: 0x8000ec50 (0x0000bfe5) c.j     pc - 8
core   0: 3 0x8000ec50 (0xbfe5)
core   0: 0x8000ec48 (0x00001f17) auipc   t5, 0x1
core   0: 3 0x8000ec48 (0x00001f17) x30 0x8000fc48
core   0: 0x8000ec4c (0x3a3f2c23) sw      gp, 952(t5)
core   0: 3 0x8000ec4c (0x3a3f2c23) mem 0x80010000 0x00000001
core   0: 0x8000ec50 (0x0000bfe5) c.j     pc - 8
core   0: 3 0x8000ec50 (0xbfe5)
core   0: 0x8000ec48 (0x00001f17) auipc   t5, 0x1
core   0: 3 0x8000ec48 (0x00001f17) x30 0x8000fc48
core   0: 0x8000ec4c (0x3a3f2c23) sw      gp, 952(t5)
core   0: 3 0x8000ec4c (0x3a3f2c23) mem 0x80010000 0x00000001
core   0: 0x8000ec50 (0x0000bfe5) c.j     pc - 8
core   0: 3 0x8000ec50 (0xbfe5)
core   0: 0x8000ec48 (0x00001f17) auipc   t5, 0x1
core   0: 3 0x8000ec48 (0x00001f17) x30 0x8000fc48
core   0: 0x8000ec4c (0x3a3f2c23) sw      gp, 952(t5)
core   0: 3 0x8000ec4c (0x3a3f2c23) mem 0x80010000 0x00000001
core   0: 0x8000ec50 (0x0000bfe5) c.j     pc - 8
core   0: 3 0x8000ec50 (0xbfe5)
core   0: 0x8000ec48 (0x00001f17) auipc   t5, 0x1
core   0: 3 0x8000ec48 (0x00001f17) x30 0x8000fc48
core   0: 0x8000ec4c (0x3a3f2c23) sw      gp, 952(t5)
core   0: 3 0x8000ec4c (0x3a3f2c23) mem 0x80010000 0x00000001
core   0: 0x8000ec50 (0x0000bfe5) c.j     pc - 8
core   0: 3 0x8000ec50 (0xbfe5)
core   0: 0x8000ec48 (0x00001f17) auipc   t5, 0x1
core   0: 3 0x8000ec48 (0x00001f17) x30 0x8000fc48
core   0: 0x8000ec4c (0x3a3f2c23) sw      gp, 952(t5)
core   0: 3 0x8000ec4c (0x3a3f2c23) mem 0x80010000 0x00000001
core   0: 0x8000ec50 (0x0000bfe5) c.j     pc - 8
core   0: 3 0x8000ec50 (0xbfe5)
core   0: 0x8000ec48 (0x00001f17) auipc   t5, 0x1
core   0: 3 0x8000ec48 (0x00001f17) x30 0x8000fc48
core   0: 0x8000ec4c (0x3a3f2c23) sw      gp, 952(t5)
core   0: 3 0x8000ec4c (0x3a3f2c23) mem 0x80010000 0x00000001
core   0: 0x8000ec50 (0x0000bfe5) c.j     pc - 8
core   0: 3 0x8000ec50 (0xbfe5)
core   0: 0x8000ec48 (0x00001f17) auipc   t5, 0x1
core   0: 3 0x8000ec48 (0x00001f17) x30 0x8000fc48
core   0: 0x8000ec4c (0x3a3f2c23) sw      gp, 952(t5)
core   0: 3 0x8000ec4c (0x3a3f2c23) mem 0x80010000 0x00000001
core   0: 0x8000ec50 (0x0000bfe5) c.j     pc - 8
core   0: 3 0x8000ec50 (0xbfe5)
core   0: 0x8000ec48 (0x00001f17) auipc   t5, 0x1
core   0: 3 0x8000ec48 (0x00001f17) x30 0x8000fc48
core   0: 0x8000ec4c (0x3a3f2c23) sw      gp, 952(t5)
core   0: 3 0x8000ec4c (0x3a3f2c23) mem 0x80010000 0x00000001
core   0: 0x8000ec50 (0x0000bfe5) c.j     pc - 8
core   0: 3 0x8000ec50 (0xbfe5)
core   0: 0x8000ec48 (0x00001f17) auipc   t5, 0x1
core   0: 3 0x8000ec48 (0x00001f17) x30 0x8000fc48
core   0: 0x8000ec4c (0x3a3f2c23) sw      gp, 952(t5)
core   0: 3 0x8000ec4c (0x3a3f2c23) mem 0x80010000 0x00000001
core   0: 0x8000ec50 (0x0000bfe5) c.j     pc - 8
core   0: 3 0x8000ec50 (0xbfe5)
core   0: 0x8000ec48 (0x00001f17) auipc   t5, 0x1
core   0: 3 0x8000ec48 (0x00001f17) x30 0x8000fc48
core   0: 0x8000ec4c (0x3a3f2c23) sw      gp, 952(t5)
core   0: 3 0x8000ec4c (0x3a3f2c23) mem 0x80010000 0x00000001
core   0: 0x8000ec50 (0x0000bfe5) c.j     pc - 8
core   0: 3 0x8000ec50 (0xbfe5)
core   0: 0x8000ec48 (0x00001f17) auipc   t5, 0x1
core   0: 3 0x8000ec48 (0x00001f17) x30 0x8000fc48
core   0: 0x8000ec4c (0x3a3f2c23) sw      gp, 952(t5)
core   0: 3 0x8000ec4c (0x3a3f2c23) mem 0x80010000 0x00000001
core   0: 0x8000ec50 (0x0000bfe5) c.j     pc - 8
core   0: 3 0x8000ec50 (0xbfe5)
core   0: 0x8000ec48 (0x00001f17) auipc   t5, 0x1
core   0: 3 0x8000ec48 (0x00001f17) x30 0x8000fc48
core   0: 0x8000ec4c (0x3a3f2c23) sw      gp, 952(t5)
core   0: 3 0x8000ec4c (0x3a3f2c23) mem 0x80010000 0x00000001
core   0: 0x8000ec50 (0x0000bfe5) c.j     pc - 8
core   0: 3 0x8000ec50 (0xbfe5)
core   0: 0x8000ec48 (0x00001f17) auipc   t5, 0x1
core   0: 3 0x8000ec48 (0x00001f17) x30 0x8000fc48
core   0: 0x8000ec4c (0x3a3f2c23) sw      gp, 952(t5)
core   0: 3 0x8000ec4c (0x3a3f2c23) mem 0x80010000 0x00000001
core   0: 0x8000ec50 (0x0000bfe5) c.j     pc - 8
core   0: 3 0x8000ec50 (0xbfe5)
core   0: 0x8000ec48 (0x00001f17) auipc   t5, 0x1
core   0: 3 0x8000ec48 (0x00001f17) x30 0x8000fc48
core   0: 0x8000ec4c (0x3a3f2c23) sw      gp, 952(t5)
core   0: 3 0x8000ec4c (0x3a3f2c23) mem 0x80010000 0x00000001
core   0: 0x8000ec50 (0x0000bfe5) c.j     pc - 8
core   0: 3 0x8000ec50 (0xbfe5)
core   0: 0x8000ec48 (0x00001f17) auipc   t5, 0x1
core   0: 3 0x8000ec48 (0x00001f17) x30 0x8000fc48
core   0: 0x8000ec4c (0x3a3f2c23) sw      gp, 952(t5)
core   0: 3 0x8000ec4c (0x3a3f2c23) mem 0x80010000 0x00000001
core   0: 0x8000ec50 (0x0000bfe5) c.j     pc - 8
core   0: 3 0x8000ec50 (0xbfe5)
core   0: 0x8000ec48 (0x00001f17) auipc   t5, 0x1
core   0: 3 0x8000ec48 (0x00001f17) x30 0x8000fc48
core   0: 0x8000ec4c (0x3a3f2c23) sw      gp, 952(t5)
core   0: 3 0x8000ec4c (0x3a3f2c23) mem 0x80010000 0x00000001
core   0: 0x8000ec50 (0x0000bfe5) c.j     pc - 8
core   0: 3 0x8000ec50 (0xbfe5)
core   0: 0x8000ec48 (0x00001f17) auipc   t5, 0x1
core   0: 3 0x8000ec48 (0x00001f17) x30 0x8000fc48
core   0: 0x8000ec4c (0x3a3f2c23) sw      gp, 952(t5)
core   0: 3 0x8000ec4c (0x3a3f2c23) mem 0x80010000 0x00000001
core   0: 0x8000ec50 (0x0000bfe5) c.j     pc - 8
core   0: 3 0x8000ec50 (0xbfe5)
core   0: 0x8000ec48 (0x00001f17) auipc   t5, 0x1
core   0: 3 0x8000ec48 (0x00001f17) x30 0x8000fc48
core   0: 0x8000ec4c (0x3a3f2c23) sw      gp, 952(t5)
core   0: 3 0x8000ec4c (0x3a3f2c23) mem 0x80010000 0x00000001
core   0: 0x8000ec50 (0x0000bfe5) c.j     pc - 8
core   0: 3 0x8000ec50 (0xbfe5)
core   0: 0x8000ec48 (0x00001f17) auipc   t5, 0x1
core   0: 3 0x8000ec48 (0x00001f17) x30 0x8000fc48
core   0: 0x8000ec4c (0x3a3f2c23) sw      gp, 952(t5)
core   0: 3 0x8000ec4c (0x3a3f2c23) mem 0x80010000 0x00000001
core   0: 0x8000ec50 (0x0000bfe5) c.j     pc - 8
core   0: 3 0x8000ec50 (0xbfe5)
core   0: 0x8000ec48 (0x00001f17) auipc   t5, 0x1
core   0: 3 0x8000ec48 (0x00001f17) x30 0x8000fc48
core   0: 0x8000ec4c (0x3a3f2c23) sw      gp, 952(t5)
core   0: 3 0x8000ec4c (0x3a3f2c23) mem 0x80010000 0x00000001
core   0: 0x8000ec50 (0x0000bfe5) c.j     pc - 8
core   0: 3 0x8000ec50 (0xbfe5)
core   0: 0x8000ec48 (0x00001f17) auipc   t5, 0x1
core   0: 3 0x8000ec48 (0x00001f17) x30 0x8000fc48
core   0: 0x8000ec4c (0x3a3f2c23) sw      gp, 952(t5)
core   0: 3 0x8000ec4c (0x3a3f2c23) mem 0x80010000 0x00000001
core   0: 0x8000ec50 (0x0000bfe5) c.j     pc - 8
core   0: 3 0x8000ec50 (0xbfe5)
core   0: 0x8000ec48 (0x00001f17) auipc   t5, 0x1
core   0: 3 0x8000ec48 (0x00001f17) x30 0x8000fc48
core   0: 0x8000ec4c (0x3a3f2c23) sw      gp, 952(t5)
core   0: 3 0x8000ec4c (0x3a3f2c23) mem 0x80010000 0x00000001
core   0: 0x8000ec50 (0x0000bfe5) c.j     pc - 8
core   0: 3 0x8000ec50 (0xbfe5)
core   0: 0x8000ec48 (0x00001f17) auipc   t5, 0x1
core   0: 3 0x8000ec48 (0x00001f17) x30 0x8000fc48
core   0: 0x8000ec4c (0x3a3f2c23) sw      gp, 952(t5)
core   0: 3 0x8000ec4c (0x3a3f2c23) mem 0x80010000 0x00000001
core   0: 0x8000ec50 (0x0000bfe5) c.j     pc - 8
core   0: 3 0x8000ec50 (0xbfe5)
core   0: 0x8000ec48 (0x00001f17) auipc   t5, 0x1
core   0: 3 0x8000ec48 (0x00001f17) x30 0x8000fc48
core   0: 0x8000ec4c (0x3a3f2c23) sw      gp, 952(t5)
core   0: 3 0x8000ec4c (0x3a3f2c23) mem 0x80010000 0x00000001
core   0: 0x8000ec50 (0x0000bfe5) c.j     pc - 8
core   0: 3 0x8000ec50 (0xbfe5)
core   0: 0x8000ec48 (0x00001f17) auipc   t5, 0x1
core   0: 3 0x8000ec48 (0x00001f17) x30 0x8000fc48
core   0: 0x8000ec4c (0x3a3f2c23) sw      gp, 952(t5)
core   0: 3 0x8000ec4c (0x3a3f2c23) mem 0x80010000 0x00000001
core   0: 0x8000ec50 (0x0000bfe5) c.j     pc - 8
core   0: 3 0x8000ec50 (0xbfe5)
core   0: 0x8000ec48 (0x00001f17) auipc   t5, 0x1
core   0: 3 0x8000ec48 (0x00001f17) x30 0x8000fc48
core   0: 0x8000ec4c (0x3a3f2c23) sw      gp, 952(t5)
core   0: 3 0x8000ec4c (0x3a3f2c23) mem 0x80010000 0x00000001
core   0: 0x8000ec50 (0x0000bfe5) c.j     pc - 8
core   0: 3 0x8000ec50 (0xbfe5)
core   0: 0x8000ec48 (0x00001f17) auipc   t5, 0x1
core   0: 3 0x8000ec48 (0x00001f17) x30 0x8000fc48
core   0: 0x8000ec4c (0x3a3f2c23) sw      gp, 952(t5)
core   0: 3 0x8000ec4c (0x3a3f2c23) mem 0x80010000 0x00000001
core   0: 0x8000ec50 (0x0000bfe5) c.j     pc - 8
core   0: 3 0x8000ec50 (0xbfe5)
core   0: 0x8000ec48 (0x00001f17) auipc   t5, 0x1
core   0: 3 0x8000ec48 (0x00001f17) x30 0x8000fc48
core   0: 0x8000ec4c (0x3a3f2c23) sw      gp, 952(t5)
core   0: 3 0x8000ec4c (0x3a3f2c23) mem 0x80010000 0x00000001
core   0: 0x8000ec50 (0x0000bfe5) c.j     pc - 8
core   0: 3 0x8000ec50 (0xbfe5)
core   0: 0x8000ec48 (0x00001f17) auipc   t5, 0x1
core   0: 3 0x8000ec48 (0x00001f17) x30 0x8000fc48
core   0: 0x8000ec4c (0x3a3f2c23) sw      gp, 952(t5)
core   0: 3 0x8000ec4c (0x3a3f2c23) mem 0x80010000 0x00000001
core   0: 0x8000ec50 (0x0000bfe5) c.j     pc - 8
core   0: 3 0x8000ec50 (0xbfe5)
core   0: 0x8000ec48 (0x00001f17) auipc   t5, 0x1
core   0: 3 0x8000ec48 (0x00001f17) x30 0x8000fc48
core   0: 0x8000ec4c (0x3a3f2c23) sw      gp, 952(t5)
core   0: 3 0x8000ec4c (0x3a3f2c23) mem 0x80010000 0x00000001
core   0: 0x8000ec50 (0x0000bfe5) c.j     pc - 8
core   0: 3 0x8000ec50 (0xbfe5)
core   0: 0x8000ec48 (0x00001f17) auipc   t5, 0x1
core   0: 3 0x8000ec48 (0x00001f17) x30 0x8000fc48
core   0: 0x8000ec4c (0x3a3f2c23) sw      gp, 952(t5)
core   0: 3 0x8000ec4c (0x3a3f2c23) mem 0x80010000 0x00000001
core   0: 0x8000ec50 (0x0000bfe5) c.j     pc - 8
core   0: 3 0x8000ec50 (0xbfe5)
core   0: 0x8000ec48 (0x00001f17) auipc   t5, 0x1
core   0: 3 0x8000ec48 (0x00001f17) x30 0x8000fc48
core   0: 0x8000ec4c (0x3a3f2c23) sw      gp, 952(t5)
core   0: 3 0x8000ec4c (0x3a3f2c23) mem 0x80010000 0x00000001
core   0: 0x8000ec50 (0x0000bfe5) c.j     pc - 8
core   0: 3 0x8000ec50 (0xbfe5)
core   0: 0x8000ec48 (0x00001f17) auipc   t5, 0x1
core   0: 3 0x8000ec48 (0x00001f17) x30 0x8000fc48
core   0: 0x8000ec4c (0x3a3f2c23) sw      gp, 952(t5)
core   0: 3 0x8000ec4c (0x3a3f2c23) mem 0x80010000 0x00000001
core   0: 0x8000ec50 (0x0000bfe5) c.j     pc - 8
core   0: 3 0x8000ec50 (0xbfe5)
core   0: 0x8000ec48 (0x00001f17) auipc   t5, 0x1
core   0: 3 0x8000ec48 (0x00001f17) x30 0x8000fc48
core   0: 0x8000ec4c (0x3a3f2c23) sw      gp, 952(t5)
core   0: 3 0x8000ec4c (0x3a3f2c23) mem 0x80010000 0x00000001
core   0: 0x8000ec50 (0x0000bfe5) c.j     pc - 8
core   0: 3 0x8000ec50 (0xbfe5)
core   0: 0x8000ec48 (0x00001f17) auipc   t5, 0x1
core   0: 3 0x8000ec48 (0x00001f17) x30 0x8000fc48
core   0: 0x8000ec4c (0x3a3f2c23) sw      gp, 952(t5)
core   0: 3 0x8000ec4c (0x3a3f2c23) mem 0x80010000 0x00000001
core   0: 0x8000ec50 (0x0000bfe5) c.j     pc - 8
core   0: 3 0x8000ec50 (0xbfe5)
core   0: 0x8000ec48 (0x00001f17) auipc   t5, 0x1
core   0: 3 0x8000ec48 (0x00001f17) x30 0x8000fc48
core   0: 0x8000ec4c (0x3a3f2c23) sw      gp, 952(t5)
core   0: 3 0x8000ec4c (0x3a3f2c23) mem 0x80010000 0x00000001
core   0: 0x8000ec50 (0x0000bfe5) c.j     pc - 8
core   0: 3 0x8000ec50 (0xbfe5)
core   0: 0x8000ec48 (0x00001f17) auipc   t5, 0x1
core   0: 3 0x8000ec48 (0x00001f17) x30 0x8000fc48
core   0: 0x8000ec4c (0x3a3f2c23) sw      gp, 952(t5)
core   0: 3 0x8000ec4c (0x3a3f2c23) mem 0x80010000 0x00000001
core   0: 0x8000ec50 (0x0000bfe5) c.j     pc - 8
core   0: 3 0x8000ec50 (0xbfe5)
core   0: 0x8000ec48 (0x00001f17) auipc   t5, 0x1
core   0: 3 0x8000ec48 (0x00001f17) x30 0x8000fc48
core   0: 0x8000ec4c (0x3a3f2c23) sw      gp, 952(t5)
core   0: 3 0x8000ec4c (0x3a3f2c23) mem 0x80010000 0x00000001
core   0: 0x8000ec50 (0x0000bfe5) c.j     pc - 8
core   0: 3 0x8000ec50 (0xbfe5)
core   0: 0x8000ec48 (0x00001f17) auipc   t5, 0x1
core   0: 3 0x8000ec48 (0x00001f17) x30 0x8000fc48
core   0: 0x8000ec4c (0x3a3f2c23) sw      gp, 952(t5)
core   0: 3 0x8000ec4c (0x3a3f2c23) mem 0x80010000 0x00000001
core   0: 0x8000ec50 (0x0000bfe5) c.j     pc - 8
core   0: 3 0x8000ec50 (0xbfe5)
core   0: 0x8000ec48 (0x00001f17) auipc   t5, 0x1
core   0: 3 0x8000ec48 (0x00001f17) x30 0x8000fc48
core   0: 0x8000ec4c (0x3a3f2c23) sw      gp, 952(t5)
core   0: 3 0x8000ec4c (0x3a3f2c23) mem 0x80010000 0x00000001
core   0: 0x8000ec50 (0x0000bfe5) c.j     pc - 8
core   0: 3 0x8000ec50 (0xbfe5)
core   0: 0x8000ec48 (0x00001f17) auipc   t5, 0x1
core   0: 3 0x8000ec48 (0x00001f17) x30 0x8000fc48
core   0: 0x8000ec4c (0x3a3f2c23) sw      gp, 952(t5)
core   0: 3 0x8000ec4c (0x3a3f2c23) mem 0x80010000 0x00000001
core   0: 0x8000ec50 (0x0000bfe5) c.j     pc - 8
core   0: 3 0x8000ec50 (0xbfe5)
core   0: 0x8000ec48 (0x00001f17) auipc   t5, 0x1
core   0: 3 0x8000ec48 (0x00001f17) x30 0x8000fc48
core   0: 0x8000ec4c (0x3a3f2c23) sw      gp, 952(t5)
core   0: 3 0x8000ec4c (0x3a3f2c23) mem 0x80010000 0x00000001
core   0: 0x8000ec50 (0x0000bfe5) c.j     pc - 8
core   0: 3 0x8000ec50 (0xbfe5)
core   0: 0x8000ec48 (0x00001f17) auipc   t5, 0x1
core   0: 3 0x8000ec48 (0x00001f17) x30 0x8000fc48
core   0: 0x8000ec4c (0x3a3f2c23) sw      gp, 952(t5)
core   0: 3 0x8000ec4c (0x3a3f2c23) mem 0x80010000 0x00000001
core   0: 0x8000ec50 (0x0000bfe5) c.j     pc - 8
core   0: 3 0x8000ec50 (0xbfe5)
core   0: 0x8000ec48 (0x00001f17) auipc   t5, 0x1
core   0: 3 0x8000ec48 (0x00001f17) x30 0x8000fc48
core   0: 0x8000ec4c (0x3a3f2c23) sw      gp, 952(t5)
core   0: 3 0x8000ec4c (0x3a3f2c23) mem 0x80010000 0x00000001
core   0: 0x8000ec50 (0x0000bfe5) c.j     pc - 8
core   0: 3 0x8000ec50 (0xbfe5)
core   0: 0x8000ec48 (0x00001f17) auipc   t5, 0x1
core   0: 3 0x8000ec48 (0x00001f17) x30 0x8000fc48
core   0: 0x8000ec4c (0x3a3f2c23) sw      gp, 952(t5)
core   0: 3 0x8000ec4c (0x3a3f2c23) mem 0x80010000 0x00000001
core   0: 0x8000ec50 (0x0000bfe5) c.j     pc - 8
core   0: 3 0x8000ec50 (0xbfe5)
core   0: 0x8000ec48 (0x00001f17) auipc   t5, 0x1
core   0: 3 0x8000ec48 (0x00001f17) x30 0x8000fc48
core   0: 0x8000ec4c (0x3a3f2c23) sw      gp, 952(t5)
core   0: 3 0x8000ec4c (0x3a3f2c23) mem 0x80010000 0x00000001
core   0: 0x8000ec50 (0x0000bfe5) c.j     pc - 8
core   0: 3 0x8000ec50 (0xbfe5)
core   0: 0x8000ec48 (0x00001f17) auipc   t5, 0x1
core   0: 3 0x8000ec48 (0x00001f17) x30 0x8000fc48
core   0: 0x8000ec4c (0x3a3f2c23) sw      gp, 952(t5)
core   0: 3 0x8000ec4c (0x3a3f2c23) mem 0x80010000 0x00000001
core   0: 0x8000ec50 (0x0000bfe5) c.j     pc - 8
core   0: 3 0x8000ec50 (0xbfe5)
core   0: 0x8000ec48 (0x00001f17) auipc   t5, 0x1
core   0: 3 0x8000ec48 (0x00001f17) x30 0x8000fc48
core   0: 0x8000ec4c (0x3a3f2c23) sw      gp, 952(t5)
core   0: 3 0x8000ec4c (0x3a3f2c23) mem 0x80010000 0x00000001
core   0: 0x8000ec50 (0x0000bfe5) c.j     pc - 8
core   0: 3 0x8000ec50 (0xbfe5)
core   0: 0x8000ec48 (0x00001f17) auipc   t5, 0x1
core   0: 3 0x8000ec48 (0x00001f17) x30 0x8000fc48
core   0: 0x8000ec4c (0x3a3f2c23) sw      gp, 952(t5)
core   0: 3 0x8000ec4c (0x3a3f2c23) mem 0x80010000 0x00000001
core   0: 0x8000ec50 (0x0000bfe5) c.j     pc - 8
core   0: 3 0x8000ec50 (0xbfe5)
core   0: 0x8000ec48 (0x00001f17) auipc   t5, 0x1
core   0: 3 0x8000ec48 (0x00001f17) x30 0x8000fc48
core   0: 0x8000ec4c (0x3a3f2c23) sw      gp, 952(t5)
core   0: 3 0x8000ec4c (0x3a3f2c23) mem 0x80010000 0x00000001
core   0: 0x8000ec50 (0x0000bfe5) c.j     pc - 8
core   0: 3 0x8000ec50 (0xbfe5)
core   0: 0x8000ec48 (0x00001f17) auipc   t5, 0x1
core   0: 3 0x8000ec48 (0x00001f17) x30 0x8000fc48
core   0: 0x8000ec4c (0x3a3f2c23) sw      gp, 952(t5)
core   0: 3 0x8000ec4c (0x3a3f2c23) mem 0x80010000 0x00000001
core   0: 0x8000ec50 (0x0000bfe5) c.j     pc - 8
core   0: 3 0x8000ec50 (0xbfe5)
core   0: 0x8000ec48 (0x00001f17) auipc   t5, 0x1
core   0: 3 0x8000ec48 (0x00001f17) x30 0x8000fc48
core   0: 0x8000ec4c (0x3a3f2c23) sw      gp, 952(t5)
core   0: 3 0x8000ec4c (0x3a3f2c23) mem 0x80010000 0x00000001
core   0: 0x8000ec50 (0x0000bfe5) c.j     pc - 8
core   0: 3 0x8000ec50 (0xbfe5)
core   0: 0x8000ec48 (0x00001f17) auipc   t5, 0x1
core   0: 3 0x8000ec48 (0x00001f17) x30 0x8000fc48
core   0: 0x8000ec4c (0x3a3f2c23) sw      gp, 952(t5)
core   0: 3 0x8000ec4c (0x3a3f2c23) mem 0x80010000 0x00000001
core   0: 0x8000ec50 (0x0000bfe5) c.j     pc - 8
core   0: 3 0x8000ec50 (0xbfe5)
core   0: 0x8000ec48 (0x00001f17) auipc   t5, 0x1
core   0: 3 0x8000ec48 (0x00001f17) x30 0x8000fc48
core   0: 0x8000ec4c (0x3a3f2c23) sw      gp, 952(t5)
core   0: 3 0x8000ec4c (0x3a3f2c23) mem 0x80010000 0x00000001
core   0: 0x8000ec50 (0x0000bfe5) c.j     pc - 8
core   0: 3 0x8000ec50 (0xbfe5)
core   0: 0x8000ec48 (0x00001f17) auipc   t5, 0x1
core   0: 3 0x8000ec48 (0x00001f17) x30 0x8000fc48
core   0: 0x8000ec4c (0x3a3f2c23) sw      gp, 952(t5)
core   0: 3 0x8000ec4c (0x3a3f2c23) mem 0x80010000 0x00000001
core   0: 0x8000ec50 (0x0000bfe5) c.j     pc - 8
core   0: 3 0x8000ec50 (0xbfe5)
core   0: 0x8000ec48 (0x00001f17) auipc   t5, 0x1
core   0: 3 0x8000ec48 (0x00001f17) x30 0x8000fc48
core   0: 0x8000ec4c (0x3a3f2c23) sw      gp, 952(t5)
core   0: 3 0x8000ec4c (0x3a3f2c23) mem 0x80010000 0x00000001
core   0: 0x8000ec50 (0x0000bfe5) c.j     pc - 8
core   0: 3 0x8000ec50 (0xbfe5)
core   0: 0x8000ec48 (0x00001f17) auipc   t5, 0x1
core   0: 3 0x8000ec48 (0x00001f17) x30 0x8000fc48
core   0: 0x8000ec4c (0x3a3f2c23) sw      gp, 952(t5)
core   0: 3 0x8000ec4c (0x3a3f2c23) mem 0x80010000 0x00000001
core   0: 0x8000ec50 (0x0000bfe5) c.j     pc - 8
core   0: 3 0x8000ec50 (0xbfe5)
core   0: 0x8000ec48 (0x00001f17) auipc   t5, 0x1
core   0: 3 0x8000ec48 (0x00001f17) x30 0x8000fc48
core   0: 0x8000ec4c (0x3a3f2c23) sw      gp, 952(t5)
core   0: 3 0x8000ec4c (0x3a3f2c23) mem 0x80010000 0x00000001
core   0: 0x8000ec50 (0x0000bfe5) c.j     pc - 8
core   0: 3 0x8000ec50 (0xbfe5)
core   0: 0x8000ec48 (0x00001f17) auipc   t5, 0x1
core   0: 3 0x8000ec48 (0x00001f17) x30 0x8000fc48
core   0: 0x8000ec4c (0x3a3f2c23) sw      gp, 952(t5)
core   0: 3 0x8000ec4c (0x3a3f2c23) mem 0x80010000 0x00000001
core   0: 0x8000ec50 (0x0000bfe5) c.j     pc - 8
core   0: 3 0x8000ec50 (0xbfe5)
core   0: 0x8000ec48 (0x00001f17) auipc   t5, 0x1
core   0: 3 0x8000ec48 (0x00001f17) x30 0x8000fc48
core   0: 0x8000ec4c (0x3a3f2c23) sw      gp, 952(t5)
core   0: 3 0x8000ec4c (0x3a3f2c23) mem 0x80010000 0x00000001
core   0: 0x8000ec50 (0x0000bfe5) c.j     pc - 8
core   0: 3 0x8000ec50 (0xbfe5)
core   0: 0x8000ec48 (0x00001f17) auipc   t5, 0x1
core   0: 3 0x8000ec48 (0x00001f17) x30 0x8000fc48
core   0: 0x8000ec4c (0x3a3f2c23) sw      gp, 952(t5)
core   0: 3 0x8000ec4c (0x3a3f2c23) mem 0x80010000 0x00000001
core   0: 0x8000ec50 (0x0000bfe5) c.j     pc - 8
core   0: 3 0x8000ec50 (0xbfe5)
core   0: 0x8000ec48 (0x00001f17) auipc   t5, 0x1
core   0: 3 0x8000ec48 (0x00001f17) x30 0x8000fc48
core   0: 0x8000ec4c (0x3a3f2c23) sw      gp, 952(t5)
core   0: 3 0x8000ec4c (0x3a3f2c23) mem 0x80010000 0x00000001
core   0: 0x8000ec50 (0x0000bfe5) c.j     pc - 8
core   0: 3 0x8000ec50 (0xbfe5)
core   0: 0x8000ec48 (0x00001f17) auipc   t5, 0x1
core   0: 3 0x8000ec48 (0x00001f17) x30 0x8000fc48
core   0: 0x8000ec4c (0x3a3f2c23) sw      gp, 952(t5)
core   0: 3 0x8000ec4c (0x3a3f2c23) mem 0x80010000 0x00000001
core   0: 0x8000ec50 (0x0000bfe5) c.j     pc - 8
core   0: 3 0x8000ec50 (0xbfe5)
core   0: 0x8000ec48 (0x00001f17) auipc   t5, 0x1
core   0: 3 0x8000ec48 (0x00001f17) x30 0x8000fc48
core   0: 0x8000ec4c (0x3a3f2c23) sw      gp, 952(t5)
core   0: 3 0x8000ec4c (0x3a3f2c23) mem 0x80010000 0x00000001
core   0: 0x8000ec50 (0x0000bfe5) c.j     pc - 8
core   0: 3 0x8000ec50 (0xbfe5)
core   0: 0x8000ec48 (0x00001f17) auipc   t5, 0x1
core   0: 3 0x8000ec48 (0x00001f17) x30 0x8000fc48
core   0: 0x8000ec4c (0x3a3f2c23) sw      gp, 952(t5)
core   0: 3 0x8000ec4c (0x3a3f2c23) mem 0x80010000 0x00000001
core   0: 0x8000ec50 (0x0000bfe5) c.j     pc - 8
core   0: 3 0x8000ec50 (0xbfe5)
core   0: 0x8000ec48 (0x00001f17) auipc   t5, 0x1
core   0: 3 0x8000ec48 (0x00001f17) x30 0x8000fc48
core   0: 0x8000ec4c (0x3a3f2c23) sw      gp, 952(t5)
core   0: 3 0x8000ec4c (0x3a3f2c23) mem 0x80010000 0x00000001
core   0: 0x8000ec50 (0x0000bfe5) c.j     pc - 8
core   0: 3 0x8000ec50 (0xbfe5)
core   0: 0x8000ec48 (0x00001f17) auipc   t5, 0x1
core   0: 3 0x8000ec48 (0x00001f17) x30 0x8000fc48
core   0: 0x8000ec4c (0x3a3f2c23) sw      gp, 952(t5)
core   0: 3 0x8000ec4c (0x3a3f2c23) mem 0x80010000 0x00000001
core   0: 0x8000ec50 (0x0000bfe5) c.j     pc - 8
core   0: 3 0x8000ec50 (0xbfe5)
core   0: 0x8000ec48 (0x00001f17) auipc   t5, 0x1
core   0: 3 0x8000ec48 (0x00001f17) x30 0x8000fc48
core   0: 0x8000ec4c (0x3a3f2c23) sw      gp, 952(t5)
core   0: 3 0x8000ec4c (0x3a3f2c23) mem 0x80010000 0x00000001
core   0: 0x8000ec50 (0x0000bfe5) c.j     pc - 8
core   0: 3 0x8000ec50 (0xbfe5)
core   0: 0x8000ec48 (0x00001f17) auipc   t5, 0x1
core   0: 3 0x8000ec48 (0x00001f17) x30 0x8000fc48
core   0: 0x8000ec4c (0x3a3f2c23) sw      gp, 952(t5)
core   0: 3 0x8000ec4c (0x3a3f2c23) mem 0x80010000 0x00000001
core   0: 0x8000ec50 (0x0000bfe5) c.j     pc - 8
core   0: 3 0x8000ec50 (0xbfe5)
core   0: 0x8000ec48 (0x00001f17) auipc   t5, 0x1
core   0: 3 0x8000ec48 (0x00001f17) x30 0x8000fc48
core   0: 0x8000ec4c (0x3a3f2c23) sw      gp, 952(t5)
core   0: 3 0x8000ec4c (0x3a3f2c23) mem 0x80010000 0x00000001
core   0: 0x8000ec50 (0x0000bfe5) c.j     pc - 8
core   0: 3 0x8000ec50 (0xbfe5)
core   0: 0x8000ec48 (0x00001f17) auipc   t5, 0x1
core   0: 3 0x8000ec48 (0x00001f17) x30 0x8000fc48
core   0: 0x8000ec4c (0x3a3f2c23) sw      gp, 952(t5)
core   0: 3 0x8000ec4c (0x3a3f2c23) mem 0x80010000 0x00000001
core   0: 0x8000ec50 (0x0000bfe5) c.j     pc - 8
core   0: 3 0x8000ec50 (0xbfe5)
core   0: 0x8000ec48 (0x00001f17) auipc   t5, 0x1
core   0: 3 0x8000ec48 (0x00001f17) x30 0x8000fc48
core   0: 0x8000ec4c (0x3a3f2c23) sw      gp, 952(t5)
core   0: 3 0x8000ec4c (0x3a3f2c23) mem 0x80010000 0x00000001
core   0: 0x8000ec50 (0x0000bfe5) c.j     pc - 8
core   0: 3 0x8000ec50 (0xbfe5)
core   0: 0x8000ec48 (0x00001f17) auipc   t5, 0x1
core   0: 3 0x8000ec48 (0x00001f17) x30 0x8000fc48
core   0: 0x8000ec4c (0x3a3f2c23) sw      gp, 952(t5)
core   0: 3 0x8000ec4c (0x3a3f2c23) mem 0x80010000 0x00000001
core   0: 0x8000ec50 (0x0000bfe5) c.j     pc - 8
core   0: 3 0x8000ec50 (0xbfe5)
core   0: 0x8000ec48 (0x00001f17) auipc   t5, 0x1
core   0: 3 0x8000ec48 (0x00001f17) x30 0x8000fc48
core   0: 0x8000ec4c (0x3a3f2c23) sw      gp, 952(t5)
core   0: 3 0x8000ec4c (0x3a3f2c23) mem 0x80010000 0x00000001
core   0: 0x8000ec50 (0x0000bfe5) c.j     pc - 8
core   0: 3 0x8000ec50 (0xbfe5)
core   0: 0x8000ec48 (0x00001f17) auipc   t5, 0x1
core   0: 3 0x8000ec48 (0x00001f17) x30 0x8000fc48
core   0: 0x8000ec4c (0x3a3f2c23) sw      gp, 952(t5)
core   0: 3 0x8000ec4c (0x3a3f2c23) mem 0x80010000 0x00000001
core   0: 0x8000ec50 (0x0000bfe5) c.j     pc - 8
core   0: 3 0x8000ec50 (0xbfe5)
core   0: 0x8000ec48 (0x00001f17) auipc   t5, 0x1
core   0: 3 0x8000ec48 (0x00001f17) x30 0x8000fc48
core   0: 0x8000ec4c (0x3a3f2c23) sw      gp, 952(t5)
core   0: 3 0x8000ec4c (0x3a3f2c23) mem 0x80010000 0x00000001
core   0: 0x8000ec50 (0x0000bfe5) c.j     pc - 8
core   0: 3 0x8000ec50 (0xbfe5)
core   0: 0x8000ec48 (0x00001f17) auipc   t5, 0x1
core   0: 3 0x8000ec48 (0x00001f17) x30 0x8000fc48
core   0: 0x8000ec4c (0x3a3f2c23) sw      gp, 952(t5)
core   0: 3 0x8000ec4c (0x3a3f2c23) mem 0x80010000 0x00000001
core   0: 0x8000ec50 (0x0000bfe5) c.j     pc - 8
core   0: 3 0x8000ec50 (0xbfe5)
core   0: 0x8000ec48 (0x00001f17) auipc   t5, 0x1
core   0: 3 0x8000ec48 (0x00001f17) x30 0x8000fc48
core   0: 0x8000ec4c (0x3a3f2c23) sw      gp, 952(t5)
core   0: 3 0x8000ec4c (0x3a3f2c23) mem 0x80010000 0x00000001
