core   0: 0x00001000 (0x00000297) auipc   t0, 0x0
core   0: 3 0x00001000 (0x00000297) x5  0x00001000
core   0: 0x00001004 (0x02028593) addi    a1, t0, 32
core   0: 3 0x00001004 (0x02028593) x11 0x00001020
core   0: 0x00001008 (0xf1402573) csrr    a0, mhartid
core   0: 3 0x00001008 (0xf1402573) x10 0x00000000
core   0: 0x0000100c (0x0182a283) lw      t0, 24(t0)
core   0: 3 0x0000100c (0x0182a283) x5  0x80000000 mem 0x00001018
core   0: 0x00001010 (0x00028067) jr      t0
core   0: 3 0x00001010 (0x00028067)
core   0: 0x80000000 (0xf14022f3) csrr    t0, mhartid
core   0: 3 0x80000000 (0xf14022f3) x5  0x00000000
core   0: 0x80000004 (0x00004301) c.li    t1, 0
core   0: 3 0x80000004 (0x4301) x6  0x00000000
core   0: 0x80000006 (0x00628263) beq     t0, t1, pc + 4
core   0: 3 0x80000006 (0x00628263)
core   0: 0x8000000a (0x00000917) auipc   s2, 0x0
core   0: 3 0x8000000a (0x00000917) x18 0x8000000a
core   0: 0x8000000e (0x00c90913) addi    s2, s2, 12
core   0: 3 0x8000000e (0x00c90913) x18 0x80000016
core   0: 0x80000012 (0x00090067) jr      s2
core   0: 3 0x80000012 (0x00090067)
core   0: 0x80000016 (0x400017b7) lui     a5, 0x40001
core   0: 3 0x80000016 (0x400017b7) x15 0x40001000
core   0: 0x8000001a (0x10478793) addi    a5, a5, 260
core   0: 3 0x8000001a (0x10478793) x15 0x40001104
core   0: 0x8000001e (0x30179073) csrw    misa, a5
core   0: 3 0x8000001e (0x30179073) c769_misa 0x40141104
core   0: 0x80000022 (0x0002a897) auipc   a7, 0x2a
core   0: 3 0x80000022 (0x0002a897) x17 0x8002a022
core   0: 0x80000026 (0xcc288893) addi    a7, a7, -830
core   0: 3 0x80000026 (0xcc288893) x17 0x80029ce4
core   0: 0x8000002a (0x0000b797) auipc   a5, 0xb
core   0: 3 0x8000002a (0x0000b797) x15 0x8000b02a
core   0: 0x8000002e (0x00678793) addi    a5, a5, 6
core   0: 3 0x8000002e (0x00678793) x15 0x8000b030
core   0: 0x80000032 (0x0017e793) ori     a5, a5, 1
core   0: 3 0x80000032 (0x0017e793) x15 0x8000b031
core   0: 0x80000036 (0x30579073) csrw    mtvec, a5
core   0: 3 0x80000036 (0x30579073) c773_mtvec 0x8000b031
core   0: 0x8000003a (0x00000797) auipc   a5, 0x0
core   0: 3 0x8000003a (0x00000797) x15 0x8000003a
core   0: 0x8000003e (0x02278793) addi    a5, a5, 34
core   0: 3 0x8000003e (0x02278793) x15 0x8000005c
core   0: 0x80000042 (0x34179073) csrw    mepc, a5
core   0: 3 0x80000042 (0x34179073) c833_mepc 0x8000005c
core   0: 0x80000046 (0x00000001) c.nop
core   0: 3 0x80000046 (0x0001)
core   0: 0x80000048 (0x00006789) c.lui   a5, 0x2
core   0: 3 0x80000048 (0x6789) x15 0x00002000
core   0: 0x8000004a (0x80078793) addi    a5, a5, -2048
core   0: 3 0x8000004a (0x80078793) x15 0x00001800
core   0: 0x8000004e (0x30079073) csrw    mstatus, a5
core   0: 3 0x8000004e (0x30079073) c768_mstatus 0x00001800
core   0: 0x80000052 (0x00004781) c.li    a5, 0
core   0: 3 0x80000052 (0x4781) x15 0x00000000
core   0: 0x80000054 (0x30479073) csrw    mie, a5
core   0: 3 0x80000054 (0x30479073) c772_mie 0x00000000
core   0: 0x80000058 (0x30200073) mret
core   0: 3 0x80000058 (0x30200073) c784_mstatush 0x00000000 c768_mstatus 0x00000080
core   0: >>>>  init
core   0: 0x8000005c (0x80000037) lui     zero, 0x80000
core   0: 3 0x8000005c (0x80000037)
core   0: 0x80000060 (0x00000001) c.nop
core   0: 3 0x80000060 (0x0001)
core   0: 0x80000062 (0x3ea020b7) lui     ra, 0x3ea02
core   0: 3 0x80000062 (0x3ea020b7) x1  0x3ea02000
core   0: 0x80000066 (0x78d08093) addi    ra, ra, 1933
core   0: 3 0x80000066 (0x78d08093) x1  0x3ea0278d
core   0: 0x8000006a (0xf505a137) lui     sp, 0xf505a
core   0: 3 0x8000006a (0xf505a137) x2  0xf505a000
core   0: 0x8000006e (0xa2a10113) addi    sp, sp, -1494
core   0: 3 0x8000006e (0xa2a10113) x2  0xf5059a2a
core   0: 0x80000072 (0x00004181) c.li    gp, 0
core   0: 3 0x80000072 (0x4181) x3  0x00000000
core   0: 0x80000074 (0x80000237) lui     tp, 0x80000
core   0: 3 0x80000074 (0x80000237) x4  0x80000000
core   0: 0x80000078 (0x800002b7) lui     t0, 0x80000
core   0: 3 0x80000078 (0x800002b7) x5  0x80000000
core   0: 0x8000007c (0x00004301) c.li    t1, 0
core   0: 3 0x8000007c (0x4301) x6  0x00000000
core   0: 0x8000007e (0xf48993b7) lui     t2, 0xf4899
core   0: 3 0x8000007e (0xf48993b7) x7  0xf4899000
core   0: 0x80000082 (0x98938393) addi    t2, t2, -1655
core   0: 3 0x80000082 (0x98938393) x7  0xf4898989
core   0: 0x80000086 (0x00004419) c.li    s0, 6
core   0: 3 0x80000086 (0x4419) x8  0x00000006
core   0: 0x80000088 (0xf73df4b7) lui     s1, 0xf73df
core   0: 3 0x80000088 (0xf73df4b7) x9  0xf73df000
core   0: 0x8000008c (0xb8e48493) addi    s1, s1, -1138
core   0: 3 0x8000008c (0xb8e48493) x9  0xf73deb8e
core   0: 0x80000090 (0x80000537) lui     a0, 0x80000
core   0: 3 0x80000090 (0x80000537) x10 0x80000000
core   0: 0x80000094 (0xfbad35b7) lui     a1, 0xfbad3
core   0: 3 0x80000094 (0xfbad35b7) x11 0xfbad3000
core   0: 0x80000098 (0x55758593) addi    a1, a1, 1367
core   0: 3 0x80000098 (0x55758593) x11 0xfbad3557
core   0: 0x8000009c (0x80000637) lui     a2, 0x80000
core   0: 3 0x8000009c (0x80000637) x12 0x80000000
core   0: 0x800000a0 (0x00004681) c.li    a3, 0
core   0: 3 0x800000a0 (0x4681) x13 0x00000000
core   0: 0x800000a2 (0x80000737) lui     a4, 0x80000
core   0: 3 0x800000a2 (0x80000737) x14 0x80000000
core   0: 0x800000a6 (0xd8a6d7b7) lui     a5, 0xd8a6d
core   0: 3 0x800000a6 (0xd8a6d7b7) x15 0xd8a6d000
core   0: 0x800000aa (0x0c178793) addi    a5, a5, 193
core   0: 3 0x800000aa (0x0c178793) x15 0xd8a6d0c1
core   0: 0x800000ae (0xe27d5837) lui     a6, 0xe27d5
core   0: 3 0x800000ae (0xe27d5837) x16 0xe27d5000
core   0: 0x800000b2 (0x8d480813) addi    a6, a6, -1836
core   0: 3 0x800000b2 (0x8d480813) x16 0xe27d48d4
core   0: 0x800000b6 (0x8c90b937) lui     s2, 0x8c90b
core   0: 3 0x800000b6 (0x8c90b937) x18 0x8c90b000
core   0: 0x800000ba (0xa2990913) addi    s2, s2, -1495
core   0: 3 0x800000ba (0xa2990913) x18 0x8c90aa29
core   0: 0x800000be (0x00004981) c.li    s3, 0
core   0: 3 0x800000be (0x4981) x19 0x00000000
core   0: 0x800000c0 (0x71bc4a37) lui     s4, 0x71bc4
core   0: 3 0x800000c0 (0x71bc4a37) x20 0x71bc4000
core   0: 0x800000c4 (0x00001a4d) c.addi  s4, -13
core   0: 3 0x800000c4 (0x1a4d) x20 0x71bc3ff3
core   0: 0x800000c6 (0x00004ab9) c.li    s5, 14
core   0: 3 0x800000c6 (0x4ab9) x21 0x0000000e
core   0: 0x800000c8 (0x00004b01) c.li    s6, 0
core   0: 3 0x800000c8 (0x4b01) x22 0x00000000
core   0: 0x800000ca (0x80000c37) lui     s8, 0x80000
core   0: 3 0x800000ca (0x80000c37) x24 0x80000000
core   0: 0x800000ce (0x80000cb7) lui     s9, 0x80000
core   0: 3 0x800000ce (0x80000cb7) x25 0x80000000
core   0: 0x800000d2 (0x00004d01) c.li    s10, 0
core   0: 3 0x800000d2 (0x4d01) x26 0x00000000
core   0: 0x800000d4 (0x00004d81) c.li    s11, 0
core   0: 3 0x800000d4 (0x4d81) x27 0x00000000
core   0: 0x800000d6 (0xcc29be37) lui     t3, 0xcc29b
core   0: 3 0x800000d6 (0xcc29be37) x28 0xcc29b000
core   0: 0x800000da (0xca8e0e13) addi    t3, t3, -856
core   0: 3 0x800000da (0xca8e0e13) x28 0xcc29aca8
core   0: 0x800000de (0x0835aeb7) lui     t4, 0x835a
core   0: 3 0x800000de (0x0835aeb7) x29 0x0835a000
core   0: 0x800000e2 (0x910e8e93) addi    t4, t4, -1776
core   0: 3 0x800000e2 (0x910e8e93) x29 0x08359910
core   0: 0x800000e6 (0x00004f01) c.li    t5, 0
core   0: 3 0x800000e6 (0x4f01) x30 0x00000000
core   0: 0x800000e8 (0x00004f95) c.li    t6, 5
core   0: 3 0x800000e8 (0x4f95) x31 0x00000005
core   0: 0x800000ea (0x00026b97) auipc   s7, 0x26
core   0: 3 0x800000ea (0x00026b97) x23 0x800260ea
core   0: 0x800000ee (0xd7ab8b93) addi    s7, s7, -646
core   0: 3 0x800000ee (0xd7ab8b93) x23 0x80025e64
core   0: 0x800000f2 (0x00004c21) c.li    s8, 8
core   0: 3 0x800000f2 (0x4c21) x24 0x00000008
core   0: 0x800000f4 (0x00006191) c.lui   gp, 0x4
core   0: 3 0x800000f4 (0x6191) x3  0x00004000
core   0: 0x800000f6 (0xd91bf313) andi    t1, s7, -623
core   0: 3 0x800000f6 (0xd91bf313) x6  0x80025c00
core   0: 0x800000fa (0x02b70033) mul     zero, a4, a1
core   0: 3 0x800000fa (0x02b70033)
core   0: 0x800000fe (0x0053dc93) srli    s9, t2, 5
core   0: 3 0x800000fe (0x0053dc93) x25 0x07a44c4c
core   0: 0x80000102 (0x00004521) c.li    a0, 8
core   0: 3 0x80000102 (0x4521) x10 0x00000008
core   0: 0x80000104 (0x0000933e) c.add   t1, a5
core   0: 3 0x80000104 (0x933e) x6  0x58a92cc1
core   0: 0x80000106 (0x00000190) c.addi4spn a2, sp, 192
core   0: 3 0x80000106 (0x0190) x12 0xf5059aea
core   0: 0x80000108 (0x00008df9) c.and   a1, a4
core   0: 3 0x80000108 (0x8df9) x11 0x80000000
core   0: 0x8000010a (0x00008cb5) c.xor   s1, a3
core   0: 3 0x8000010a (0x8cb5) x9  0xf73deb8e
core   0: 0x8000010c (0x3842e993) ori     s3, t0, 900
core   0: 3 0x8000010c (0x3842e993) x19 0x80000384
core   0: 0x80000110 (0x03554b33) div     s6, a0, s5
core   0: 3 0x80000110 (0x03554b33) x22 0x00000000
core   0: 0x80000114 (0x00008c9e) c.mv    s9, t2
core   0: 3 0x80000114 (0x8c9e) x25 0xf4898989
core   0: 0x80000116 (0x00000001) c.nop
core   0: 3 0x80000116 (0x0001)
core   0: 0x80000118 (0x41b65f33) sra     t5, a2, s11
core   0: 3 0x80000118 (0x41b65f33) x30 0xf5059aea
core   0: 0x8000011c (0x00269113) slli    sp, a3, 2
core   0: 3 0x8000011c (0x00269113) x2  0x00000000
core   0: 0x80000120 (0x00000001) c.nop
core   0: 3 0x80000120 (0x0001)
core   0: 0x80000122 (0x00001c69) c.addi  s8, -6
core   0: 3 0x80000122 (0x1c69) x24 0x00000002
core   0: 0x80000124 (0x01d5de13) srli    t3, a1, 29
core   0: 3 0x80000124 (0x01d5de13) x28 0x00000004
core   0: 0x80000128 (0x004c4633) xor     a2, s8, tp
core   0: 3 0x80000128 (0x004c4633) x12 0x80000002
core   0: 0x8000012c (0x41ce05b3) sub     a1, t3, t3
core   0: 3 0x8000012c (0x41ce05b3) x11 0x00000000
core   0: 0x80000130 (0xfeac73e3) bgeu    s8, a0, pc - 26
core   0: 3 0x80000130 (0xfeac73e3)
core   0: 0x80000134 (0x000050fd) c.li    ra, -1
core   0: 3 0x80000134 (0x50fd) x1  0xffffffff
core   0: 0x80000136 (0x00e0076f) jal     a4, pc + 0xe
core   0: 3 0x80000136 (0x00e0076f) x14 0x8000013a
core   0: 0x80000144 (0x0000201d) c.jal   pc + 38
core   0: 3 0x80000144 (0x201d) x1  0x80000146
core   0: 0x8000016a (0xff1ff0ef) jal     pc - 0x10
core   0: 3 0x8000016a (0xff1ff0ef) x1  0x8000016e
core   0: 0x8000015a (0x000037cd) c.jal   pc - 30
core   0: 3 0x8000015a (0x37cd) x1  0x8000015c
core   0: 0x8000013c (0x0000a81d) c.j     pc + 54
core   0: 3 0x8000013c (0xa81d)
core   0: 0x80000172 (0x0000b7f9) c.j     pc - 50
core   0: 3 0x80000172 (0xb7f9)
core   0: 0x80000140 (0x02000a6f) jal     s4, pc + 0x20
core   0: 3 0x80000140 (0x02000a6f) x20 0x80000144
core   0: 0x80000160 (0x0100016f) jal     sp, pc + 0x10
core   0: 3 0x80000160 (0x0100016f) x2  0x80000164
core   0: 0x80000170 (0x0000b7f5) c.j     pc - 20
core   0: 3 0x80000170 (0xb7f5)
core   0: 0x8000015c (0x012000ef) jal     pc + 0x12
core   0: 3 0x8000015c (0x012000ef) x1  0x80000160
core   0: 0x8000016e (0x0000bfe9) c.j     pc - 38
core   0: 3 0x8000016e (0xbfe9)
core   0: 0x80000148 (0x0000a831) c.j     pc + 28
core   0: 3 0x80000148 (0xa831)
core   0: 0x80000164 (0x0000b7f5) c.j     pc - 20
core   0: 3 0x80000164 (0xb7f5)
core   0: 0x80000150 (0x0000a015) c.j     pc + 36
core   0: 3 0x80000150 (0xa015)
core   0: 0x80000174 (0x0000bfc9) c.j     pc - 46
core   0: 3 0x80000174 (0xbfc9)
core   0: 0x80000146 (0x00003fe5) c.jal   pc - 8
core   0: 3 0x80000146 (0x3fe5) x1  0x80000148
core   0: 0x8000013e (0x00002819) c.jal   pc + 22
core   0: 3 0x8000013e (0x2819) x1  0x80000140
core   0: 0x80000154 (0x0000a009) c.j     pc + 2
core   0: 3 0x80000154 (0xa009)
core   0: 0x80000156 (0xfe5ffcef) jal     s9, pc - 0x1c
core   0: 3 0x80000156 (0xfe5ffcef) x25 0x8000015a
core   0: 0x8000013a (0x00002821) c.jal   pc + 24
core   0: 3 0x8000013a (0x2821) x1  0x8000013c
core   0: 0x80000152 (0x0000a811) c.j     pc + 20
core   0: 3 0x80000152 (0xa811)
core   0: 0x80000166 (0xfe9ff0ef) jal     pc - 0x18
core   0: 3 0x80000166 (0xfe9ff0ef) x1  0x8000016a
core   0: 0x8000014e (0x00003ff5) c.jal   pc - 4
core   0: 3 0x8000014e (0x3ff5) x1  0x80000150
core   0: 0x8000014a (0x02c0036f) jal     t1, pc + 0x2c
core   0: 3 0x8000014a (0x02c0036f) x6  0x8000014e
core   0: 0x80000176 (0x00002009) c.jal   pc + 2
core   0: 3 0x80000176 (0x2009) x1  0x80000178
core   0: 0x80000178 (0x00008c41) c.or    s0, s0
core   0: 3 0x80000178 (0x8c41) x8  0x00000006
core   0: 0x8000017a (0x0001f697) auipc   a3, 0x1f
core   0: 3 0x8000017a (0x0001f697) x13 0x8001f17a
core   0: 0x8000017e (0xefb68693) addi    a3, a3, -261
core   0: 3 0x8000017e (0xefb68693) x13 0x8001f075
core   0: 0x80000182 (0x00a6cd83) lbu     s11, 10(a3)
core   0: 3 0x80000182 (0x00a6cd83) x27 0x00000000 mem 0x8001f07f
core   0: 0x80000186 (0xa2984f93) xori    t6, a6, -1495
core   0: 3 0x80000186 (0xa2984f93) x31 0x1d82b2fd
core   0: 0x8000018a (0x00a68283) lb      t0, 10(a3)
core   0: 3 0x8000018a (0x00a68283) x5  0x00000000 mem 0x8001f07f
core   0: 0x8000018e (0xff66cc83) lbu     s9, -10(a3)
core   0: 3 0x8000018e (0xff66cc83) x25 0x00000000 mem 0x8001f06b
core   0: 0x80000192 (0xff468fa3) sb      s4, -1(a3)
core   0: 3 0x80000192 (0xff468fa3) mem 0x8001f074 0x44
core   0: 0x80000196 (0x01568323) sb      s5, 6(a3)
core   0: 3 0x80000196 (0x01568323) mem 0x8001f07b 0x0e
core   0: 0x8000019a (0x0066c703) lbu     a4, 6(a3)
core   0: 3 0x8000019a (0x0066c703) x14 0x0000000e mem 0x8001f07b
core   0: 0x8000019e (0x0066cd03) lbu     s10, 6(a3)
core   0: 3 0x8000019e (0x0066cd03) x26 0x0000000e mem 0x8001f07b
core   0: 0x800001a2 (0xffc68a23) sb      t3, -12(a3)
core   0: 3 0x800001a2 (0xffc68a23) mem 0x8001f069 0x04
core   0: 0x800001a6 (0x02961233) mulh    tp, a2, s1
core   0: 3 0x800001a6 (0x02961233) x4  0x04610a38
core   0: 0x800001aa (0x0016cd83) lbu     s11, 1(a3)
core   0: 3 0x800001aa (0x0016cd83) x27 0x00000000 mem 0x8001f076
core   0: 0x800001ae (0xffe68a83) lb      s5, -2(a3)
core   0: 3 0x800001ae (0xffe68a83) x21 0x00000000 mem 0x8001f073
core   0: 0x800001b2 (0x00b69b03) lh      s6, 11(a3)
core   0: 3 0x800001b2 (0x00b69b03) x22 0x00000000 mem 0x8001f080
core   0: 0x800001b6 (0x00c6c383) lbu     t2, 12(a3)
core   0: 3 0x800001b6 (0x00c6c383) x7  0x00000000 mem 0x8001f081
core   0: 0x800001ba (0x01d68623) sb      t4, 12(a3)
core   0: 3 0x800001ba (0x01d68623) mem 0x8001f081 0x10
core   0: 0x800001be (0x0036ce83) lbu     t4, 3(a3)
core   0: 3 0x800001be (0x0036ce83) x29 0x00000000 mem 0x8001f078
core   0: 0x800001c2 (0xfff6ad03) lw      s10, -1(a3)
core   0: 3 0x800001c2 (0xfff6ad03) x26 0x00000044 mem 0x8001f074
core   0: 0x800001c6 (0xffb6a083) lw      ra, -5(a3)
core   0: 3 0x800001c6 (0xffb6a083) x1  0x00000000 mem 0x8001f070
core   0: 0x800001ca (0x00168723) sb      ra, 14(a3)
core   0: 3 0x800001ca (0x00168723) mem 0x8001f083 0x00
core   0: 0x800001ce (0x00e68f83) lb      t6, 14(a3)
core   0: 3 0x800001ce (0x00e68f83) x31 0x00000000 mem 0x8001f083
core   0: 0x800001d2 (0x00868e03) lb      t3, 8(a3)
core   0: 3 0x800001d2 (0x00868e03) x28 0x00000000 mem 0x8001f07d
core   0: 0x800001d6 (0x00968f83) lb      t6, 9(a3)
core   0: 3 0x800001d6 (0x00968f83) x31 0x00000000 mem 0x8001f07e
core   0: 0x800001da (0x0001c697) auipc   a3, 0x1c
core   0: 3 0x800001da (0x0001c697) x13 0x8001c1da
core   0: 0x800001de (0xe3268693) addi    a3, a3, -462
core   0: 3 0x800001de (0xe3268693) x13 0x8001c00c
core   0: 0x800001e2 (0x00268223) sb      sp, 4(a3)
core   0: 3 0x800001e2 (0x00268223) mem 0x8001c010 0x64
core   0: 0x800001e6 (0x0246aa23) sw      tp, 52(a3)
core   0: 3 0x800001e6 (0x0246aa23) mem 0x8001c040 0x04610a38
core   0: 0x800001ea (0x02219c33) mulh    s8, gp, sp
core   0: 3 0x800001ea (0x02219c33) x24 0xffffe000
core   0: 0x800001ee (0x00008e15) c.sub   a2, a3
core   0: 3 0x800001ee (0x8e15) x12 0xfffe3ff6
core   0: 0x800001f0 (0x0000c2c4) c.sw    s1, 4(a3)
core   0: 3 0x800001f0 (0xc2c4) mem 0x8001c010 0xf73deb8e
core   0: 0x800001f2 (0xfd46d403) lhu     s0, -44(a3)
core   0: 3 0x800001f2 (0xfd46d403) x8  0x00000000 mem 0x8001bfe0
core   0: 0x800001f6 (0xfc5681a3) sb      t0, -61(a3)
core   0: 3 0x800001f6 (0xfc5681a3) mem 0x8001bfcf 0x00
core   0: 0x800001fa (0x06ff6b13) ori     s6, t5, 111
core   0: 3 0x800001fa (0x06ff6b13) x22 0xf5059aef
core   0: 0x800001fe (0xfc869f83) lh      t6, -56(a3)
core   0: 3 0x800001fe (0xfc869f83) x31 0x00000000 mem 0x8001bfd4
core   0: 0x80000202 (0x000099aa) c.add   s3, a0
core   0: 3 0x80000202 (0x99aa) x19 0x8000038c
core   0: 0x80000204 (0x01f68e03) lb      t3, 31(a3)
core   0: 3 0x80000204 (0x01f68e03) x28 0x00000000 mem 0x8001c02b
core   0: 0x80000208 (0xfc368383) lb      t2, -61(a3)
core   0: 3 0x80000208 (0xfc368383) x7  0x00000000 mem 0x8001bfcf
core   0: 0x8000020c (0x03f68283) lb      t0, 63(a3)
core   0: 3 0x8000020c (0x03f68283) x5  0x00000000 mem 0x8001c04b
core   0: 0x80000210 (0x1cb73713) sltiu   a4, a4, 459
core   0: 3 0x80000210 (0x1cb73713) x14 0x00000001
core   0: 0x80000214 (0xffa686a3) sb      s10, -19(a3)
core   0: 3 0x80000214 (0xffa686a3) mem 0x8001bff9 0x44
core   0: 0x80000218 (0x26436393) ori     t2, t1, 612
core   0: 3 0x80000218 (0x26436393) x7  0x8000036e
core   0: 0x8000021c (0x00001d7d) c.addi  s10, -1
core   0: 3 0x8000021c (0x1d7d) x26 0x00000043
core   0: 0x8000021e (0xfef6c403) lbu     s0, -17(a3)
core   0: 3 0x8000021e (0xfef6c403) x8  0x00000000 mem 0x8001bffb
core   0: 0x80000222 (0x0000717d) c.addi16sp sp, -16
core   0: 3 0x80000222 (0x717d) x2  0x80000154
core   0: 0x80000224 (0xfc86a303) lw      t1, -56(a3)
core   0: 3 0x80000224 (0xfc86a303) x6  0x00000000 mem 0x8001bfd4
core   0: 0x80000228 (0xfc66dc83) lhu     s9, -58(a3)
core   0: 3 0x80000228 (0xfc66dc83) x25 0x00000000 mem 0x8001bfd2
core   0: 0x8000022c (0x0156cf03) lbu     t5, 21(a3)
core   0: 3 0x8000022c (0x0156cf03) x30 0x00000000 mem 0x8001c021
core   0: 0x80000230 (0x02068ba3) sb      zero, 55(a3)
core   0: 3 0x80000230 (0x02068ba3) mem 0x8001c043 0x00
core   0: 0x80000234 (0xfc56c083) lbu     ra, -59(a3)
core   0: 3 0x80000234 (0xfc56c083) x1  0x00000000 mem 0x8001bfd1
core   0: 0x80000238 (0xff668723) sb      s6, -18(a3)
core   0: 3 0x80000238 (0xff668723) mem 0x8001bffa 0xef
core   0: 0x8000023c (0x0000139c) c.addi4spn a5, sp, 480
core   0: 3 0x8000023c (0x139c) x15 0x80000334
core   0: 0x8000023e (0x00008d66) c.mv    s10, s9
core   0: 3 0x8000023e (0x8d66) x26 0x00000000
core   0: 0x80000240 (0x00000b39) c.addi  s6, 14
core   0: 3 0x80000240 (0x0b39) x22 0xf5059afd
core   0: 0x80000242 (0x00000cbe) c.slli  s9, 15
core   0: 3 0x80000242 (0x0cbe) x25 0x00000000
core   0: 0x80000244 (0x0006a183) lw      gp, 0(a3)
core   0: 3 0x80000244 (0x0006a183) x3  0x00000000 mem 0x8001c00c
core   0: 0x80000248 (0x02955233) divu    tp, a0, s1
core   0: 3 0x80000248 (0x02955233) x4  0x00000000
core   0: 0x8000024c (0x02f709b3) mul     s3, a4, a5
core   0: 3 0x8000024c (0x02f709b3) x19 0x80000334
core   0: 0x80000250 (0x02a3a7b3) mulhsu  a5, t2, a0
core   0: 3 0x80000250 (0x02a3a7b3) x15 0xfffffffc
core   0: 0x80000254 (0xfd46d403) lhu     s0, -44(a3)
core   0: 3 0x80000254 (0xfd46d403) x8  0x00000000 mem 0x8001bfe0
core   0: 0x80000258 (0xfd968403) lb      s0, -39(a3)
core   0: 3 0x80000258 (0xfd968403) x8  0x00000000 mem 0x8001bfe5
core   0: 0x8000025c (0x003b7533) and     a0, s6, gp
core   0: 3 0x8000025c (0x003b7533) x10 0x00000000
core   0: 0x80000260 (0x00008d51) c.or    a0, a2
core   0: 3 0x80000260 (0x8d51) x10 0xfffe3ff6
core   0: 0x80000262 (0xfca68283) lb      t0, -54(a3)
core   0: 3 0x80000262 (0xfca68283) x5  0x00000000 mem 0x8001bfd6
core   0: 0x80000266 (0xfcb68303) lb      t1, -53(a3)
core   0: 3 0x80000266 (0xfcb68303) x6  0x00000000 mem 0x8001bfd7
core   0: 0x8000026a (0x0160076f) jal     a4, pc + 0x16
core   0: 3 0x8000026a (0x0160076f) x14 0x8000026e
core   0: 0x80000280 (0x006000ef) jal     pc + 0x6
core   0: 3 0x80000280 (0x006000ef) x1  0x80000284
core   0: 0x80000286 (0x00002009) c.jal   pc + 2
core   0: 3 0x80000286 (0x2009) x1  0x80000288
core   0: 0x80000288 (0xfe7ff0ef) jal     pc - 0x1a
core   0: 3 0x80000288 (0xfe7ff0ef) x1  0x8000028c
core   0: 0x8000026e (0x0000a801) c.j     pc + 16
core   0: 3 0x8000026e (0xa801)
core   0: 0x8000027e (0x0000bfe5) c.j     pc - 8
core   0: 3 0x8000027e (0xbfe5)
core   0: 0x80000276 (0xffbff36f) jal     t1, pc - 0x6
core   0: 3 0x80000276 (0xffbff36f) x6  0x8000027a
core   0: 0x80000270 (0x0000a811) c.j     pc + 20
core   0: 3 0x80000270 (0xa811)
core   0: 0x80000284 (0x0000a029) c.j     pc + 10
core   0: 3 0x80000284 (0xa029)
core   0: 0x8000028e (0xfefff1ef) jal     gp, pc - 0x12
core   0: 3 0x8000028e (0xfefff1ef) x3  0x80000292
core   0: 0x8000027c (0x00003fe5) c.jal   pc - 8
core   0: 3 0x8000027c (0x3fe5) x1  0x8000027e
core   0: 0x80000274 (0x00002821) c.jal   pc + 24
core   0: 3 0x80000274 (0x2821) x1  0x80000276
core   0: 0x8000028c (0x00002019) c.jal   pc + 6
core   0: 3 0x8000028c (0x2019) x1  0x8000028e
core   0: 0x80000292 (0x000037e5) c.jal   pc - 24
core   0: 3 0x80000292 (0x37e5) x1  0x80000294
core   0: 0x8000027a (0x00003fe5) c.jal   pc - 8
core   0: 3 0x8000027a (0x3fe5) x1  0x8000027c
core   0: 0x80000272 (0x0000200d) c.jal   pc + 34
core   0: 3 0x80000272 (0x200d) x1  0x80000274
core   0: 0x80000294 (0x0000884a) c.mv    a6, s2
core   0: 3 0x80000294 (0x884a) x16 0x8c90aa29
core   0: 0x80000296 (0x0001b497) auipc   s1, 0x1b
core   0: 3 0x80000296 (0x0001b497) x9  0x8001b296
core   0: 0x8000029a (0x9bc48493) addi    s1, s1, -1604
core   0: 3 0x8000029a (0x9bc48493) x9  0x8001ac52
core   0: 0x8000029e (0x00348783) lb      a5, 3(s1)
core   0: 3 0x8000029e (0x00348783) x15 0x00000000 mem 0x8001ac55
core   0: 0x800002a2 (0xff64dc03) lhu     s8, -10(s1)
core   0: 3 0x800002a2 (0xff64dc03) x24 0x00000000 mem 0x8001ac48
core   0: 0x800002a6 (0x6b19e417) auipc   s0, 0x6b19e
core   0: 3 0x800002a6 (0x6b19e417) x8  0xeb19e2a6
core   0: 0x800002aa (0x015480a3) sb      s5, 1(s1)
core   0: 3 0x800002aa (0x015480a3) mem 0x8001ac53 0x00
core   0: 0x800002ae (0x00d4cb03) lbu     s6, 13(s1)
core   0: 3 0x800002ae (0x00d4cb03) x22 0x00000000 mem 0x8001ac5f
core   0: 0x800002b2 (0xff849d03) lh      s10, -8(s1)
core   0: 3 0x800002b2 (0xff849d03) x26 0x00000000 mem 0x8001ac4a
core   0: 0x800002b6 (0xff748c03) lb      s8, -9(s1)
core   0: 3 0x800002b6 (0xff748c03) x24 0x00000000 mem 0x8001ac49
core   0: 0x800002ba (0xffb48aa3) sb      s11, -11(s1)
core   0: 3 0x800002ba (0xffb48aa3) mem 0x8001ac47 0x00
core   0: 0x800002be (0x4096d093) srai    ra, a3, 9
core   0: 3 0x800002be (0x4096d093) x1  0xffc000e0
core   0: 0x800002c2 (0x010a8133) add     sp, s5, a6
core   0: 3 0x800002c2 (0x010a8133) x2  0x8c90aa29
core   0: 0x800002c6 (0xff94c203) lbu     tp, -7(s1)
core   0: 3 0x800002c6 (0xff94c203) x4  0x00000000 mem 0x8001ac4b
core   0: 0x800002ca (0x00000d59) c.addi  s10, 22
core   0: 3 0x800002ca (0x0d59) x26 0x00000016
core   0: 0x800002cc (0x00009bfd) c.andi  a5, -1
core   0: 3 0x800002cc (0x9bfd) x15 0x00000000
core   0: 0x800002ce (0x008d4cb3) xor     s9, s10, s0
core   0: 3 0x800002ce (0x008d4cb3) x25 0xeb19e2b0
core   0: 0x800002d2 (0x00c4d203) lhu     tp, 12(s1)
core   0: 3 0x800002d2 (0x00c4d203) x4  0x00000000 mem 0x8001ac5e
core   0: 0x800002d6 (0x00887433) and     s0, a6, s0
core   0: 3 0x800002d6 (0x00887433) x8  0x8810a220
core   0: 0x800002da (0xfff48403) lb      s0, -1(s1)
core   0: 3 0x800002da (0xfff48403) x8  0x00000000 mem 0x8001ac51
core   0: 0x800002de (0xfe048923) sb      zero, -14(s1)
core   0: 3 0x800002de (0xfe048923) mem 0x8001ac44 0x00
core   0: 0x800002e2 (0x02c3d033) divu    zero, t2, a2
core   0: 3 0x800002e2 (0x02c3d033)
core   0: 0x800002e6 (0x00649303) lh      t1, 6(s1)
core   0: 3 0x800002e6 (0x00649303) x6  0x00000000 mem 0x8001ac58
core   0: 0x800002ea (0x000082cd) c.srli  a3, 19
core   0: 3 0x800002ea (0x82cd) x13 0x00001000
core   0: 0x800002ec (0x00b48f03) lb      t5, 11(s1)
core   0: 3 0x800002ec (0x00b48f03) x30 0x00000000 mem 0x8001ac5d
core   0: 0x800002f0 (0x00548623) sb      t0, 12(s1)
core   0: 3 0x800002f0 (0x00548623) mem 0x8001ac5e 0x00
core   0: 0x800002f4 (0xff34cd03) lbu     s10, -13(s1)
core   0: 3 0x800002f4 (0xff34cd03) x26 0x00000000 mem 0x8001ac45
core   0: 0x800002f8 (0xffc48d23) sb      t3, -6(s1)
core   0: 3 0x800002f8 (0xffc48d23) mem 0x8001ac4c 0x00
core   0: 0x800002fc (0x00911433) sll     s0, sp, s1
core   0: 3 0x800002fc (0x00911433) x8  0xa8a40000
core   0: 0x80000300 (0x0054c683) lbu     a3, 5(s1)
core   0: 3 0x80000300 (0x0054c683) x13 0x00000000 mem 0x8001ac57
core   0: 0x80000304 (0x8cfc0313) addi    t1, s8, -1841
core   0: 3 0x80000304 (0x8cfc0313) x6  0xfffff8cf
core   0: 0x80000308 (0xfea48923) sb      a0, -14(s1)
core   0: 3 0x80000308 (0xfea48923) mem 0x8001ac44 0xf6
core   0: 0x8000030c (0x00b48183) lb      gp, 11(s1)
core   0: 3 0x8000030c (0x00b48183) x3  0x00000000 mem 0x8001ac5d
core   0: 0x80000310 (0x00448323) sb      tp, 6(s1)
core   0: 3 0x80000310 (0x00448323) mem 0x8001ac58 0x00
core   0: 0x80000314 (0x0064cd83) lbu     s11, 6(s1)
core   0: 3 0x80000314 (0x0064cd83) x27 0x00000000 mem 0x8001ac58
core   0: 0x80000318 (0x00c49e03) lh      t3, 12(s1)
core   0: 3 0x80000318 (0x00c49e03) x28 0x00000000 mem 0x8001ac5e
core   0: 0x8000031c (0x03f4f2b3) remu    t0, s1, t6
core   0: 3 0x8000031c (0x03f4f2b3) x5  0x8001ac52
core   0: 0x80000320 (0x5c900713) li      a4, 1481
core   0: 3 0x80000320 (0x5c900713) x14 0x000005c9
core   0: 0x80000324 (0x00000001) c.nop
core   0: 3 0x80000324 (0x0001)
core   0: 0x80000326 (0x0000987d) c.andi  s0, -1
core   0: 3 0x80000326 (0x987d) x8  0xa8a40000
core   0: 0x80000328 (0x0000950a) c.add   a0, sp
core   0: 3 0x80000328 (0x950a) x10 0x8c8eea1f
core   0: 0x8000032a (0x00000001) c.nop
core   0: 3 0x8000032a (0x0001)
core   0: 0x8000032c (0x00008c75) c.and   s0, a3
core   0: 3 0x8000032c (0x8c75) x8  0x00000000
core   0: 0x8000032e (0x7ea0e413) ori     s0, ra, 2026
core   0: 3 0x8000032e (0x7ea0e413) x8  0xffc007ea
core   0: 0x80000332 (0x0044dd83) lhu     s11, 4(s1)
core   0: 3 0x80000332 (0x0044dd83) x27 0x00000000 mem 0x8001ac56
core   0: 0x80000336 (0xff249303) lh      t1, -14(s1)
core   0: 3 0x80000336 (0xff249303) x6  0x000000f6 mem 0x8001ac44
core   0: 0x8000033a (0xff348fa3) sb      s3, -1(s1)
core   0: 3 0x8000033a (0xff348fa3) mem 0x8001ac51 0x34
core   0: 0x8000033e (0xffe48fa3) sb      t5, -1(s1)
core   0: 3 0x8000033e (0xffe48fa3) mem 0x8001ac51 0x00
core   0: 0x80000342 (0x00849423) sh      s0, 8(s1)
core   0: 3 0x80000342 (0x00849423) mem 0x8001ac5a 0x07ea
core   0: 0x80000346 (0x00148823) sb      ra, 16(s1)
core   0: 3 0x80000346 (0x00148823) mem 0x8001ac62 0xe0
core   0: 0x8000034a (0xff04d003) lhu     zero, -16(s1)
core   0: 3 0x8000034a (0xff04d003) mem 0x8001ac42
core   0: 0x8000034e (0xfe1488a3) sb      ra, -15(s1)
core   0: 3 0x8000034e (0xfe1488a3) mem 0x8001ac43 0xe0
core   0: 0x80000352 (0x00011e17) auipc   t3, 0x11
core   0: 3 0x80000352 (0x00011e17) x28 0x80011352
core   0: 0x80000356 (0x997e0e13) addi    t3, t3, -1641
core   0: 3 0x80000356 (0x997e0e13) x28 0x80010ce9
core   0: 0x8000035a (0x00ee0823) sb      a4, 16(t3)
core   0: 3 0x8000035a (0x00ee0823) mem 0x80010cf9 0xc9
core   0: 0x8000035e (0xff6e0703) lb      a4, -10(t3)
core   0: 3 0x8000035e (0xff6e0703) x14 0x00000000 mem 0x80010cdf
core   0: 0x80000362 (0x00be2083) lw      ra, 11(t3)
core   0: 3 0x80000362 (0x00be2083) x1  0x00000000 mem 0x80010cf4
core   0: 0x80000366 (0xff0e4e83) lbu     t4, -16(t3)
core   0: 3 0x80000366 (0xff0e4e83) x29 0x00000000 mem 0x80010cd9
core   0: 0x8000036a (0x008e23a3) sw      s0, 7(t3)
core   0: 3 0x8000036a (0x008e23a3) mem 0x80010cf0 0xffc007ea
core   0: 0x8000036e (0x00150eb3) add     t4, a0, ra
core   0: 3 0x8000036e (0x00150eb3) x29 0x8c8eea1f
core   0: 0x80000372 (0x40e50433) sub     s0, a0, a4
core   0: 3 0x80000372 (0x40e50433) x8  0x8c8eea1f
core   0: 0x80000376 (0xff9e1483) lh      s1, -7(t3)
core   0: 3 0x80000376 (0xff9e1483) x9  0x00000000 mem 0x80010ce2
core   0: 0x8000037a (0x00fe2703) lw      a4, 15(t3)
core   0: 3 0x8000037a (0x00fe2703) x14 0x0000c900 mem 0x80010cf8
core   0: 0x8000037e (0x00fe5e83) lhu     t4, 15(t3)
core   0: 3 0x8000037e (0x00fe5e83) x29 0x0000c900 mem 0x80010cf8
core   0: 0x80000382 (0x00008d49) c.or    a0, a0
core   0: 3 0x80000382 (0x8d49) x10 0x8c8eea1f
core   0: 0x80000384 (0x4fcff437) lui     s0, 0x4fcff
core   0: 3 0x80000384 (0x4fcff437) x8  0x4fcff000
core   0: 0x80000388 (0x01975513) srli    a0, a4, 25
core   0: 3 0x80000388 (0x01975513) x10 0x00000000
core   0: 0x8000038c (0x008e0823) sb      s0, 16(t3)
core   0: 3 0x8000038c (0x008e0823) mem 0x80010cf9 0x00
core   0: 0x80000390 (0x01b48413) addi    s0, s1, 27
core   0: 3 0x80000390 (0x01b48413) x8  0x0000001b
core   0: 0x80000394 (0xffee0e83) lb      t4, -2(t3)
core   0: 3 0x80000394 (0xffee0e83) x29 0x00000000 mem 0x80010ce7
core   0: 0x80000398 (0xff9e4e83) lbu     t4, -7(t3)
core   0: 3 0x80000398 (0xff9e4e83) x29 0x00000000 mem 0x80010ce2
core   0: 0x8000039c (0x005e1503) lh      a0, 5(t3)
core   0: 3 0x8000039c (0x005e1503) x10 0x00000000 mem 0x80010cee
core   0: 0x800003a0 (0x010e4403) lbu     s0, 16(t3)
core   0: 3 0x800003a0 (0x010e4403) x8  0x00000000 mem 0x80010cf9
core   0: 0x800003a4 (0x005e1403) lh      s0, 5(t3)
core   0: 3 0x800003a4 (0x005e1403) x8  0x00000000 mem 0x80010cee
core   0: 0x800003a8 (0xc7154493) xori    s1, a0, -911
core   0: 3 0x800003a8 (0xc7154493) x9  0xfffffc71
core   0: 0x800003ac (0x010e4403) lbu     s0, 16(t3)
core   0: 3 0x800003ac (0x010e4403) x8  0x00000000 mem 0x80010cf9
core   0: 0x800003b0 (0x02a0b4b3) mulhu   s1, ra, a0
core   0: 3 0x800003b0 (0x02a0b4b3) x9  0x00000000
core   0: 0x800003b4 (0xfe9e0c23) sb      s1, -8(t3)
core   0: 3 0x800003b4 (0xfe9e0c23) mem 0x80010ce1 0x00
core   0: 0x800003b8 (0x01dec533) xor     a0, t4, t4
core   0: 3 0x800003b8 (0x01dec533) x10 0x00000000
core   0: 0x800003bc (0x00ee00a3) sb      a4, 1(t3)
core   0: 3 0x800003bc (0x00ee00a3) mem 0x80010cea 0x00
core   0: 0x800003c0 (0xfffe2703) lw      a4, -1(t3)
core   0: 3 0x800003c0 (0xfffe2703) x14 0x00000000 mem 0x80010ce8
core   0: 0x800003c4 (0x00008d59) c.or    a0, a4
core   0: 3 0x800003c4 (0x8d59) x10 0x00000000
core   0: 0x800003c6 (0x00143eb3) sltu    t4, s0, ra
core   0: 3 0x800003c6 (0x00143eb3) x29 0x00000000
core   0: 0x800003ca (0x00008f25) c.xor   a4, s1
core   0: 3 0x800003ca (0x8f25) x14 0x00000000
core   0: 0x800003cc (0x00000416) c.slli  s0, 5
core   0: 3 0x800003cc (0x0416) x8  0x00000000
core   0: 0x800003ce (0x00008f05) c.sub   a4, s1
core   0: 3 0x800003ce (0x8f05) x14 0x00000000
core   0: 0x800003d0 (0x0000953a) c.add   a0, a4
core   0: 3 0x800003d0 (0x953a) x10 0x00000000
core   0: 0x800003d2 (0x03ded4b3) divu    s1, t4, t4
core   0: 3 0x800003d2 (0x03ded4b3) x9  0xffffffff
core   0: 0x800003d6 (0xe3f77413) andi    s0, a4, -449
core   0: 3 0x800003d6 (0xe3f77413) x8  0x00000000
core   0: 0x800003da (0xef84c713) xori    a4, s1, -264
core   0: 3 0x800003da (0xef84c713) x14 0x00000107
core   0: 0x800003de (0x00008f41) c.or    a4, s0
core   0: 3 0x800003de (0x8f41) x14 0x00000107
core   0: 0x800003e0 (0x0e272493) slti    s1, a4, 226
core   0: 3 0x800003e0 (0x0e272493) x9  0x00000000
core   0: 0x800003e4 (0x03d494b3) mulh    s1, s1, t4
core   0: 3 0x800003e4 (0x03d494b3) x9  0x00000000
core   0: 0x800003e8 (0x00a74eb3) xor     t4, a4, a0
core   0: 3 0x800003e8 (0x00a74eb3) x29 0x00000107
core   0: 0x800003ec (0xffee4503) lbu     a0, -2(t3)
core   0: 3 0x800003ec (0xffee4503) x10 0x00000000 mem 0x80010ce7
core   0: 0x800003f0 (0x00e730b3) sltu    ra, a4, a4
core   0: 3 0x800003f0 (0x00e730b3) x1  0x00000000
core   0: 0x800003f4 (0x021ea0b3) mulhsu  ra, t4, ra
core   0: 3 0x800003f4 (0x021ea0b3) x1  0x00000000
core   0: 0x800003f8 (0x009e0323) sb      s1, 6(t3)
core   0: 3 0x800003f8 (0x009e0323) mem 0x80010cef 0x00
core   0: 0x800003fc (0x00008cf9) c.and   s1, a4
core   0: 3 0x800003fc (0x8cf9) x9  0x00000000
core   0: 0x800003fe (0xfffe4083) lbu     ra, -1(t3)
core   0: 3 0x800003fe (0xfffe4083) x1  0x00000000 mem 0x80010ce8
core   0: 0x80000402 (0x00c0076f) jal     a4, pc + 0xc
core   0: 3 0x80000402 (0x00c0076f) x14 0x80000406
core   0: 0x8000040e (0x0380036f) jal     t1, pc + 0x38
core   0: 3 0x8000040e (0x0380036f) x6  0x80000412
core   0: 0x80000446 (0x0000b7c1) c.j     pc - 64
core   0: 3 0x80000446 (0xb7c1)
core   0: 0x80000406 (0x0300036f) jal     t1, pc + 0x30
core   0: 3 0x80000406 (0x0300036f) x6  0x8000040a
core   0: 0x80000436 (0x0000b7cd) c.j     pc - 30
core   0: 3 0x80000436 (0xb7cd)
core   0: 0x80000418 (0x0000bffd) c.j     pc - 2
core   0: 3 0x80000418 (0xbffd)
core   0: 0x80000416 (0x00002019) c.jal   pc + 6
core   0: 3 0x80000416 (0x2019) x1  0x80000418
core   0: 0x8000041c (0x0000b7fd) c.j     pc - 18
core   0: 3 0x8000041c (0xb7fd)
core   0: 0x8000040a (0x00002009) c.jal   pc + 2
core   0: 3 0x8000040a (0x2009) x1  0x8000040c
core   0: 0x8000040c (0x00002815) c.jal   pc + 52
core   0: 3 0x8000040c (0x2815) x1  0x8000040e
core   0: 0x80000440 (0xffdff0ef) jal     pc - 0x4
core   0: 3 0x80000440 (0xffdff0ef) x1  0x80000444
core   0: 0x8000043c (0x000037cd) c.jal   pc - 30
core   0: 3 0x8000043c (0x37cd) x1  0x8000043e
core   0: 0x8000041e (0x02c00e6f) jal     t3, pc + 0x2c
core   0: 3 0x8000041e (0x02c00e6f) x28 0x80000422
core   0: 0x8000044a (0x00003ffd) c.jal   pc - 2
core   0: 3 0x8000044a (0x3ffd) x1  0x8000044c
core   0: 0x80000448 (0x0000bfc5) c.j     pc - 16
core   0: 3 0x80000448 (0xbfc5)
core   0: 0x80000438 (0x00c000ef) jal     pc + 0xc
core   0: 3 0x80000438 (0x00c000ef) x1  0x8000043c
core   0: 0x80000444 (0x000037dd) c.jal   pc - 26
core   0: 3 0x80000444 (0x37dd) x1  0x80000446
core   0: 0x8000042a (0xff9ff0ef) jal     pc - 0x8
core   0: 3 0x8000042a (0xff9ff0ef) x1  0x8000042e
core   0: 0x80000422 (0xff9ff0ef) jal     pc - 0x8
core   0: 3 0x80000422 (0xff9ff0ef) x1  0x80000426
core   0: 0x8000041a (0x00003fed) c.jal   pc - 6
core   0: 3 0x8000041a (0x3fed) x1  0x8000041c
core   0: 0x80000414 (0x00002829) c.jal   pc + 26
core   0: 3 0x80000414 (0x2829) x1  0x80000416
core   0: 0x8000042e (0x00003fe5) c.jal   pc - 8
core   0: 3 0x8000042e (0x3fe5) x1  0x80000430
core   0: 0x80000426 (0x00c001ef) jal     gp, pc + 0xc
core   0: 3 0x80000426 (0x00c001ef) x3  0x8000042a
core   0: 0x80000432 (0xfe1ffaef) jal     s5, pc - 0x20
core   0: 3 0x80000432 (0xfe1ffaef) x21 0x80000436
core   0: 0x80000412 (0x00002839) c.jal   pc + 30
core   0: 3 0x80000412 (0x2839) x1  0x80000414
core   0: 0x80000430 (0x00002039) c.jal   pc + 14
core   0: 3 0x80000430 (0x2039) x1  0x80000432
core   0: 0x8000043e (0x00002039) c.jal   pc + 14
core   0: 3 0x8000043e (0x2039) x1  0x80000440
core   0: 0x8000044c (0x02ddc733) div     a4, s11, a3
core   0: 3 0x8000044c (0x02ddc733) x14 0xffffffff
core   0: 0x80000450 (0x00013c97) auipc   s9, 0x13
core   0: 3 0x80000450 (0x00013c97) x25 0x80013450
core   0: 0x80000454 (0x851c8c93) addi    s9, s9, -1967
core   0: 3 0x80000454 (0x851c8c93) x25 0x80012ca1
core   0: 0x80000458 (0xfe5c8e23) sb      t0, -4(s9)
core   0: 3 0x80000458 (0xfe5c8e23) mem 0x80012c9d 0x52
core   0: 0x8000045c (0xffac8e23) sb      s10, -4(s9)
core   0: 3 0x8000045c (0xffac8e23) mem 0x80012c9d 0x00
core   0: 0x80000460 (0xfffcd503) lhu     a0, -1(s9)
core   0: 3 0x80000460 (0xfffcd503) x10 0x00000000 mem 0x80012ca0
core   0: 0x80000464 (0x002cc983) lbu     s3, 2(s9)
core   0: 3 0x80000464 (0x002cc983) x19 0x00000000 mem 0x80012ca3
core   0: 0x80000468 (0x002cc683) lbu     a3, 2(s9)
core   0: 3 0x80000468 (0x002cc683) x13 0x00000000 mem 0x80012ca3
core   0: 0x8000046c (0x002cc983) lbu     s3, 2(s9)
core   0: 3 0x8000046c (0x002cc983) x19 0x00000000 mem 0x80012ca3
core   0: 0x80000470 (0x00cc8123) sb      a2, 2(s9)
core   0: 3 0x80000470 (0x00cc8123) mem 0x80012ca3 0xf6
core   0: 0x80000474 (0xff0c8d83) lb      s11, -16(s9)
core   0: 3 0x80000474 (0xff0c8d83) x27 0x00000000 mem 0x80012c91
core   0: 0x80000478 (0xff0cc083) lbu     ra, -16(s9)
core   0: 3 0x80000478 (0xff0cc083) x1  0x00000000 mem 0x80012c91
core   0: 0x8000047c (0xd7f66093) ori     ra, a2, -641
core   0: 3 0x8000047c (0xd7f66093) x1  0xffffffff
core   0: 0x80000480 (0xff8ccf03) lbu     t5, -8(s9)
core   0: 3 0x80000480 (0xff8ccf03) x30 0x00000000 mem 0x80012c99
core   0: 0x80000484 (0x00bcc803) lbu     a6, 11(s9)
core   0: 3 0x80000484 (0x00bcc803) x16 0x00000000 mem 0x80012cac
core   0: 0x80000488 (0x00bc8b03) lb      s6, 11(s9)
core   0: 3 0x80000488 (0x00bc8b03) x22 0x00000000 mem 0x80012cac
core   0: 0x8000048c (0x012c81a3) sb      s2, 3(s9)
core   0: 3 0x8000048c (0x012c81a3) mem 0x80012ca4 0x29
core   0: 0x80000490 (0x007c8723) sb      t2, 14(s9)
core   0: 3 0x80000490 (0x007c8723) mem 0x80012caf 0x6e
core   0: 0x80000494 (0x00fc8d03) lb      s10, 15(s9)
core   0: 3 0x80000494 (0x00fc8d03) x26 0x00000000 mem 0x80012cb0
core   0: 0x80000498 (0x012c81a3) sb      s2, 3(s9)
core   0: 3 0x80000498 (0x012c81a3) mem 0x80012ca4 0x29
core   0: 0x8000049c (0x00010117) auipc   sp, 0x10
core   0: 3 0x8000049c (0x00010117) x2  0x8001049c
core   0: 0x800004a0 (0x57f10113) addi    sp, sp, 1407
core   0: 3 0x800004a0 (0x57f10113) x2  0x80010a1b
core   0: 0x800004a4 (0xff115c03) lhu     s8, -15(sp)
core   0: 3 0x800004a4 (0xff115c03) x24 0x00000000 mem 0x80010a0c
core   0: 0x800004a8 (0x02c66fb3) rem     t6, a2, a2
core   0: 3 0x800004a8 (0x02c66fb3) x31 0x00000000
core   0: 0x800004ac (0x000069cd) c.lui   s3, 0x13
core   0: 3 0x800004ac (0x69cd) x19 0x00013000
core   0: 0x800004ae (0x00008e11) c.sub   a2, a2
core   0: 3 0x800004ae (0x8e11) x12 0x00000000
core   0: 0x800004b0 (0x00000001) c.nop
core   0: 3 0x800004b0 (0x0001)
core   0: 0x800004b2 (0x7adc0613) addi    a2, s8, 1965
core   0: 3 0x800004b2 (0x7adc0613) x12 0x000007ad
core   0: 0x800004b6 (0xfd810ba3) sb      s8, -41(sp)
core   0: 3 0x800004b6 (0xfd810ba3) mem 0x800109f2 0x00
core   0: 0x800004ba (0x03410603) lb      a2, 52(sp)
core   0: 3 0x800004ba (0x03410603) x12 0x00000000 mem 0x80010a4f
core   0: 0x800004be (0x00000001) c.nop
core   0: 3 0x800004be (0x0001)
core   0: 0x800004c0 (0x42bc4993) xori    s3, s8, 1067
core   0: 3 0x800004c0 (0x42bc4993) x19 0x0000042b
core   0: 0x800004c4 (0x00111fa3) sh      ra, 31(sp)
core   0: 3 0x800004c4 (0x00111fa3) mem 0x80010a3a 0xffff
core   0: 0x800004c8 (0x02515f83) lhu     t6, 37(sp)
core   0: 3 0x800004c8 (0x02515f83) x31 0x00000000 mem 0x80010a40
core   0: 0x800004cc (0x023c2c33) mulhsu  s8, s8, gp
core   0: 3 0x800004cc (0x023c2c33) x24 0x00000000
core   0: 0x800004d0 (0x02f11f83) lh      t6, 47(sp)
core   0: 3 0x800004d0 (0x02f11f83) x31 0x00000000 mem 0x80010a4a
core   0: 0x800004d4 (0x00008e11) c.sub   a2, a2
core   0: 3 0x800004d4 (0x8e11) x12 0x00000000
core   0: 0x800004d6 (0x00008e71) c.and   a2, a2
core   0: 3 0x800004d6 (0x8e71) x12 0x00000000
core   0: 0x800004d8 (0x00810603) lb      a2, 8(sp)
core   0: 3 0x800004d8 (0x00810603) x12 0x00000000 mem 0x80010a23
core   0: 0x800004dc (0x02c10b23) sb      a2, 54(sp)
core   0: 3 0x800004dc (0x02c10b23) mem 0x80010a51 0x00
core   0: 0x800004e0 (0xfd514183) lbu     gp, -43(sp)
core   0: 3 0x800004e0 (0xfd514183) x3  0x00000000 mem 0x800109f0
core   0: 0x800004e4 (0x02312ea3) sw      gp, 61(sp)
core   0: 3 0x800004e4 (0x02312ea3) mem 0x80010a58 0x00000000
core   0: 0x800004e8 (0x00008e71) c.and   a2, a2
core   0: 3 0x800004e8 (0x8e71) x12 0x00000000
core   0: 0x800004ea (0x00008e11) c.sub   a2, a2
core   0: 3 0x800004ea (0x8e11) x12 0x00000000
core   0: 0x800004ec (0x000010fd) c.addi  ra, -1
core   0: 3 0x800004ec (0x10fd) x1  0xfffffffe
core   0: 0x800004ee (0x01c10c03) lb      s8, 28(sp)
core   0: 3 0x800004ee (0x01c10c03) x24 0x00000000 mem 0x80010a37
core   0: 0x800004f2 (0x00210f83) lb      t6, 2(sp)
core   0: 3 0x800004f2 (0x00210f83) x31 0x00000000 mem 0x80010a1d
core   0: 0x800004f6 (0x00010617) auipc   a2, 0x10
core   0: 3 0x800004f6 (0x00010617) x12 0x800104f6
core   0: 0x800004fa (0x4bd60613) addi    a2, a2, 1213
core   0: 3 0x800004fa (0x4bd60613) x12 0x800109b3
core   0: 0x800004fe (0x013c9cb3) sll     s9, s9, s3
core   0: 3 0x800004fe (0x013c9cb3) x25 0x09650800
core   0: 0x80000502 (0x0137ccb3) xor     s9, a5, s3
core   0: 3 0x80000502 (0x0137ccb3) x25 0x0000042b
core   0: 0x80000506 (0x00000001) c.nop
core   0: 3 0x80000506 (0x0001)
core   0: 0x80000508 (0x01f64083) lbu     ra, 31(a2)
core   0: 3 0x80000508 (0x01f64083) x1  0x00000000 mem 0x800109d2
core   0: 0x8000050c (0x00008f8d) c.sub   a5, a1
core   0: 3 0x8000050c (0x8f8d) x15 0x00000000
core   0: 0x8000050e (0x00001cfd) c.addi  s9, -1
core   0: 3 0x8000050e (0x1cfd) x25 0x0000042a
core   0: 0x80000510 (0xf0760123) sb      t2, -254(a2)
core   0: 3 0x80000510 (0xf0760123) mem 0x800108b5 0x6e
core   0: 0x80000514 (0x0217acb3) mulhsu  s9, a5, ra
core   0: 3 0x80000514 (0x0217acb3) x25 0x00000000
core   0: 0x80000518 (0x000003de) c.slli  t2, 23
core   0: 3 0x80000518 (0x03de) x7  0xb7000000
core   0: 0x8000051a (0xf2162aa3) sw      ra, -203(a2)
core   0: 3 0x8000051a (0xf2162aa3) mem 0x800108e8 0x00000000
core   0: 0x8000051e (0x027087b3) mul     a5, ra, t2
core   0: 3 0x8000051e (0x027087b3) x15 0x00000000
core   0: 0x80000522 (0xf8160123) sb      ra, -126(a2)
core   0: 3 0x80000522 (0xf8160123) mem 0x80010935 0x00
core   0: 0x80000526 (0x3297a993) slti    s3, a5, 809
core   0: 3 0x80000526 (0x3297a993) x19 0x00000001
core   0: 0x8000052a (0x02b5f0b3) remu    ra, a1, a1
core   0: 3 0x8000052a (0x02b5f0b3) x1  0x00000000
core   0: 0x8000052e (0x07360b23) sb      s3, 118(a2)
core   0: 3 0x8000052e (0x07360b23) mem 0x80010a29 0x01
core   0: 0x80000532 (0x00008dad) c.xor   a1, a1
core   0: 3 0x80000532 (0x8dad) x11 0x00000000
core   0: 0x80000534 (0x00008fbd) c.xor   a5, a5
core   0: 3 0x80000534 (0x8fbd) x15 0x00000000
core   0: 0x80000536 (0xf6560083) lb      ra, -155(a2)
core   0: 3 0x80000536 (0xf6560083) x1  0x00000000 mem 0x80010918
core   0: 0x8000053a (0xa997a593) slti    a1, a5, -1383
core   0: 3 0x8000053a (0xa997a593) x11 0x00000000
core   0: 0x8000053e (0x027993b3) mulh    t2, s3, t2
core   0: 3 0x8000053e (0x027993b3) x7  0xffffffff
core   0: 0x80000542 (0x013cd9b3) srl     s3, s9, s3
core   0: 3 0x80000542 (0x013cd9b3) x19 0x00000000
core   0: 0x80000546 (0x4143d093) srai    ra, t2, 20
core   0: 3 0x80000546 (0x4143d093) x1  0xffffffff
core   0: 0x8000054a (0x00008ded) c.and   a1, a1
core   0: 3 0x8000054a (0x8ded) x11 0x00000000
core   0: 0x8000054c (0x00008ddd) c.or    a1, a5
core   0: 3 0x8000054c (0x8ddd) x11 0x00000000
core   0: 0x8000054e (0x00000001) c.nop
core   0: 3 0x8000054e (0x0001)
core   0: 0x80000550 (0x027999b3) mulh    s3, s3, t2
core   0: 3 0x80000550 (0x027999b3) x19 0x00000000
core   0: 0x80000554 (0xf3660c83) lb      s9, -202(a2)
core   0: 3 0x80000554 (0xf3660c83) x25 0x00000000 mem 0x800108e9
core   0: 0x80000558 (0x00008fdd) c.or    a5, a5
core   0: 3 0x80000558 (0x8fdd) x15 0x00000000
core   0: 0x8000055a (0x00008dcd) c.or    a1, a1
core   0: 3 0x8000055a (0x8dcd) x11 0x00000000
core   0: 0x8000055c (0x0075bcb3) sltu    s9, a1, t2
core   0: 3 0x8000055c (0x0075bcb3) x25 0x00000001
core   0: 0x80000560 (0x0ab613a3) sh      a1, 167(a2)
core   0: 3 0x80000560 (0x0ab613a3) mem 0x80010a5a 0x0000
core   0: 0x80000564 (0x0e560083) lb      ra, 229(a2)
core   0: 3 0x80000564 (0x0e560083) x1  0x00000000 mem 0x80010a98
core   0: 0x80000568 (0x02364783) lbu     a5, 35(a2)
core   0: 3 0x80000568 (0x02364783) x15 0x00000000 mem 0x800109d6
core   0: 0x8000056c (0x000093be) c.add   t2, a5
core   0: 3 0x8000056c (0x93be) x7  0xffffffff
core   0: 0x8000056e (0xf8b604a3) sb      a1, -119(a2)
core   0: 3 0x8000056e (0xf8b604a3) mem 0x8001093c 0x00
core   0: 0x80000572 (0xf0161583) lh      a1, -255(a2)
core   0: 3 0x80000572 (0xf0161583) x11 0x00006e00 mem 0x800108b4
core   0: 0x80000576 (0x00008ded) c.and   a1, a1
core   0: 3 0x80000576 (0x8ded) x11 0x00006e00
core   0: 0x80000578 (0x013993b3) sll     t2, s3, s3
core   0: 3 0x80000578 (0x013993b3) x7  0x00000000
core   0: 0x8000057c (0x013cb0b3) sltu    ra, s9, s3
core   0: 3 0x8000057c (0x013cb0b3) x1  0x00000000
core   0: 0x80000580 (0x00008386) c.mv    t2, ra
core   0: 3 0x80000580 (0x8386) x7  0x00000000
core   0: 0x80000582 (0xf6161aa3) sh      ra, -139(a2)
core   0: 3 0x80000582 (0xf6161aa3) mem 0x80010928 0x0000
core   0: 0x80000586 (0x00000001) c.nop
core   0: 3 0x80000586 (0x0001)
core   0: 0x80000588 (0x02760923) sb      t2, 50(a2)
core   0: 3 0x80000588 (0x02760923) mem 0x800109e5 0x00
core   0: 0x8000058c (0xfef60223) sb      a5, -28(a2)
core   0: 3 0x8000058c (0xfef60223) mem 0x80010997 0x00
core   0: 0x80000590 (0x0ea64583) lbu     a1, 234(a2)
core   0: 3 0x80000590 (0x0ea64583) x11 0x00000000 mem 0x80010a9d
core   0: 0x80000594 (0x00008bdd) c.andi  a5, 23
core   0: 3 0x80000594 (0x8bdd) x15 0x00000000
core   0: 0x80000596 (0x00864c83) lbu     s9, 8(a2)
core   0: 3 0x80000596 (0x00864c83) x25 0x00000000 mem 0x800109bb
core   0: 0x8000059a (0x00004429) c.li    s0, 10
core   0: 3 0x8000059a (0x4429) x8  0x0000000a
core   0: 0x8000059c (0x00ff0d33) add     s10, t5, a5
core   0: 3 0x8000059c (0x00ff0d33) x26 0x00000000
core   0: 0x800005a0 (0x01a55f33) srl     t5, a0, s10
core   0: 3 0x800005a0 (0x01a55f33) x30 0x00000000
core   0: 0x800005a4 (0x03a275b3) remu    a1, tp, s10
core   0: 3 0x800005a4 (0x03a275b3) x11 0x00000000
core   0: 0x800005a8 (0xf844bd13) sltiu   s10, s1, -124
core   0: 3 0x800005a8 (0xf844bd13) x26 0x00000001
core   0: 0x800005ac (0x000066f1) c.lui   a3, 0x1c
core   0: 3 0x800005ac (0x66f1) x13 0x0001c000
core   0: 0x800005ae (0x03648633) mul     a2, s1, s6
core   0: 3 0x800005ae (0x03648633) x12 0x00000000
core   0: 0x800005b2 (0x00009f5e) c.add   t5, s7
core   0: 3 0x800005b2 (0x9f5e) x30 0x80025e64
core   0: 0x800005b4 (0x000082fd) c.srli  a3, 31
core   0: 3 0x800005b4 (0x82fd) x13 0x00000000
core   0: 0x800005b6 (0x00004825) c.li    a6, 9
core   0: 3 0x800005b6 (0x4825) x16 0x00000009
core   0: 0x800005b8 (0x03028ab3) mul     s5, t0, a6
core   0: 3 0x800005b8 (0x03028ab3) x21 0x800f0ee2
core   0: 0x800005bc (0x002e4a33) xor     s4, t3, sp
core   0: 3 0x800005bc (0x002e4a33) x20 0x00010e39
core   0: 0x800005c0 (0x000057fd) c.li    a5, -1
core   0: 3 0x800005c0 (0x57fd) x15 0xffffffff
core   0: 0x800005c2 (0x414a5113) srai    sp, s4, 20
core   0: 3 0x800005c2 (0x414a5113) x2  0x00000000
core   0: 0x800005c6 (0x00001461) c.addi  s0, -8
core   0: 3 0x800005c6 (0x1461) x8  0x00000002
core   0: 0x800005c8 (0x00009d96) c.add   s11, t0
core   0: 3 0x800005c8 (0x9d96) x27 0x8001ac52
core   0: 0x800005ca (0x0000438d) c.li    t2, 3
core   0: 3 0x800005ca (0x438d) x7  0x00000003
core   0: 0x800005cc (0xe5068193) addi    gp, a3, -432
core   0: 3 0x800005cc (0xe5068193) x3  0xfffffe50
core   0: 0x800005d0 (0x0182f133) and     sp, t0, s8
core   0: 3 0x800005d0 (0x0182f133) x2  0x00000000
core   0: 0x800005d4 (0x037a19b3) mulh    s3, s4, s7
core   0: 3 0x800005d4 (0x037a19b3) x19 0xffff78e6
core   0: 0x800005d8 (0x01895693) srli    a3, s2, 24
core   0: 3 0x800005d8 (0x01895693) x13 0x0000008c
core   0: 0x800005dc (0x00005571) c.li    a0, -4
core   0: 3 0x800005dc (0x5571) x10 0xfffffffc
core   0: 0x800005de (0x02b09db3) mulh    s11, ra, a1
core   0: 3 0x800005de (0x02b09db3) x27 0x00000000
core   0: 0x800005e2 (0x1eca4493) xori    s1, s4, 492
core   0: 3 0x800005e2 (0x1eca4493) x9  0x00010fd5
core   0: 0x800005e6 (0x180dac13) slti    s8, s11, 384
core   0: 3 0x800005e6 (0x180dac13) x24 0x00000001
core   0: 0x800005ea (0x0110d493) srli    s1, ra, 17
core   0: 3 0x800005ea (0x0110d493) x9  0x00000000
core   0: 0x800005ee (0x8cb42613) slti    a2, s0, -1845
core   0: 3 0x800005ee (0x8cb42613) x12 0x00000000
core   0: 0x800005f2 (0x000013e5) c.addi  t2, -7
core   0: 3 0x800005f2 (0x13e5) x7  0xfffffffc
core   0: 0x800005f4 (0xfea387e3) beq     t2, a0, pc - 18
core   0: 3 0x800005f4 (0xfea387e3)
core   0: 0x800005e2 (0x1eca4493) xori    s1, s4, 492
core   0: 3 0x800005e2 (0x1eca4493) x9  0x00010fd5
core   0: 0x800005e6 (0x180dac13) slti    s8, s11, 384
core   0: 3 0x800005e6 (0x180dac13) x24 0x00000001
core   0: 0x800005ea (0x0110d493) srli    s1, ra, 17
core   0: 3 0x800005ea (0x0110d493) x9  0x00000000
core   0: 0x800005ee (0x8cb42613) slti    a2, s0, -1845
core   0: 3 0x800005ee (0x8cb42613) x12 0x00000000
core   0: 0x800005f2 (0x000013e5) c.addi  t2, -7
core   0: 3 0x800005f2 (0x13e5) x7  0xfffffff5
core   0: 0x800005f4 (0xfea387e3) beq     t2, a0, pc - 18
core   0: 3 0x800005f4 (0xfea387e3)
core   0: 0x800005f8 (0x00008dc5) c.or    a1, s1
core   0: 3 0x800005f8 (0x8dc5) x11 0x00000000
core   0: 0x800005fa (0x000091aa) c.add   gp, a0
core   0: 3 0x800005fa (0x91aa) x3  0xfffffe4c
core   0: 0x800005fc (0xfd0472e3) bgeu    s0, a6, pc - 60
core   0: 3 0x800005fc (0xfd0472e3)
core   0: 0x80000600 (0x021bd4b3) divu    s1, s7, ra
core   0: 3 0x80000600 (0x021bd4b3) x9  0xffffffff
core   0: 0x80000604 (0x00004525) c.li    a0, 9
core   0: 3 0x80000604 (0x4525) x10 0x00000009
core   0: 0x80000606 (0x02013d33) mulhu   s10, sp, zero
core   0: 3 0x80000606 (0x02013d33) x26 0x00000000
core   0: 0x8000060a (0x01a0e833) or      a6, ra, s10
core   0: 3 0x8000060a (0x01a0e833) x16 0x00000000
core   0: 0x8000060e (0x00008e45) c.or    a2, s1
core   0: 3 0x8000060e (0x8e45) x12 0xffffffff
core   0: 0x80000610 (0x0191f433) and     s0, gp, s9
core   0: 3 0x80000610 (0x0191f433) x8  0x00000000
core   0: 0x80000614 (0x0339ea33) rem     s4, s3, s3
core   0: 3 0x80000614 (0x0339ea33) x20 0x00000000
core   0: 0x80000618 (0x00000001) c.nop
core   0: 3 0x80000618 (0x0001)
core   0: 0x8000061a (0x0179d733) srl     a4, s3, s7
core   0: 3 0x8000061a (0x0179d733) x14 0x0ffff78e
core   0: 0x8000061e (0xbeee0797) auipc   a5, 0xbeee0
core   0: 3 0x8000061e (0xbeee0797) x15 0x3eee061e
core   0: 0x80000622 (0xe880b313) sltiu   t1, ra, -376
core   0: 3 0x80000622 (0xe880b313) x6  0x00000001
core   0: 0x80000626 (0x012e4733) xor     a4, t3, s2
core   0: 3 0x80000626 (0x012e4733) x14 0x0c90ae0b
core   0: 0x8000062a (0x2cec24b7) lui     s1, 0x2cec2
core   0: 3 0x8000062a (0x2cec24b7) x9  0x2cec2000
core   0: 0x8000062e (0x00586833) or      a6, a6, t0
core   0: 3 0x8000062e (0x00586833) x16 0x8001ac52
core   0: 0x80000632 (0xf5afa393) slti    t2, t6, -166
core   0: 3 0x80000632 (0xf5afa393) x7  0x00000000
core   0: 0x80000636 (0x00008c69) c.and   s0, a0
core   0: 3 0x80000636 (0x8c69) x8  0x00000000
core   0: 0x80000638 (0x00d65633) srl     a2, a2, a3
core   0: 3 0x80000638 (0x00d65633) x12 0x000fffff
core   0: 0x8000063c (0x000049c1) c.li    s3, 16
core   0: 3 0x8000063c (0x49c1) x19 0x00000010
core   0: 0x8000063e (0x0000806d) c.srli  s0, 27
core   0: 3 0x8000063e (0x806d) x8  0x00000000
core   0: 0x80000640 (0x03ea1133) mulh    sp, s4, t5
core   0: 3 0x80000640 (0x03ea1133) x2  0x00000000
core   0: 0x80000644 (0x00000001) c.nop
core   0: 3 0x80000644 (0x0001)
core   0: 0x80000646 (0x0361f833) remu    a6, gp, s6
core   0: 3 0x80000646 (0x0361f833) x16 0xfffffe4c
core   0: 0x8000064a (0x0150d2b3) srl     t0, ra, s5
core   0: 3 0x8000064a (0x0150d2b3) x5  0x00000000
core   0: 0x8000064e (0x000052fd) c.li    t0, -1
core   0: 3 0x8000064e (0x52fd) x5  0xffffffff
core   0: 0x80000650 (0x00000525) c.addi  a0, 9
core   0: 3 0x80000650 (0x0525) x10 0x00000012
core   0: 0x80000652 (0xafc5cf93) xori    t6, a1, -1284
core   0: 3 0x80000652 (0xafc5cf93) x31 0xfffffafc
core   0: 0x80000656 (0x0000679d) c.lui   a5, 0x7
core   0: 3 0x80000656 (0x679d) x15 0x00007000
core   0: 0x80000658 (0x02d9e5b3) rem     a1, s3, a3
core   0: 3 0x80000658 (0x02d9e5b3) x11 0x00000010
core   0: 0x8000065c (0x0000985a) c.add   a6, s6
core   0: 3 0x8000065c (0x985a) x16 0xfffffe4c
core   0: 0x8000065e (0xff3568e3) bltu    a0, s3, pc - 16
core   0: 3 0x8000065e (0xff3568e3)
core   0: 0x80000662 (0x00008741) c.srai  a4, 16
core   0: 3 0x80000662 (0x8741) x14 0x00000c90
core   0: 0x80000664 (0x00010397) auipc   t2, 0x10
core   0: 3 0x80000664 (0x00010397) x7  0x80010664
core   0: 0x80000668 (0xa0d38393) addi    t2, t2, -1523
core   0: 3 0x80000668 (0xa0d38393) x7  0x80010071
core   0: 0x8000066c (0x030a4633) div     a2, s4, a6
core   0: 3 0x8000066c (0x030a4633) x12 0x00000000
core   0: 0x80000670 (0xff438a23) sb      s4, -12(t2)
core   0: 3 0x80000670 (0xff438a23) mem 0x80010065 0x00
core   0: 0x80000674 (0x00008e71) c.and   a2, a2
core   0: 3 0x80000674 (0x8e71) x12 0x00000000
core   0: 0x80000676 (0x019a8633) add     a2, s5, s9
core   0: 3 0x80000676 (0x019a8633) x12 0x800f0ee2
core   0: 0x8000067a (0x15ea4c93) xori    s9, s4, 350
core   0: 3 0x8000067a (0x15ea4c93) x25 0x0000015e
core   0: 0x8000067e (0x41e85c93) srai    s9, a6, 30
core   0: 3 0x8000067e (0x41e85c93) x25 0xffffffff
core   0: 0x80000682 (0x00008e51) c.or    a2, a2
core   0: 3 0x80000682 (0x8e51) x12 0x800f0ee2
core   0: 0x80000684 (0x03460ab3) mul     s5, a2, s4
core   0: 3 0x80000684 (0x03460ab3) x21 0x00000000
core   0: 0x80000688 (0x0000825d) c.srli  a2, 23
core   0: 3 0x80000688 (0x825d) x12 0x00000100
core   0: 0x8000068a (0x00c38a83) lb      s5, 12(t2)
core   0: 3 0x8000068a (0x00c38a83) x21 0x00000000 mem 0x8001007d
core   0: 0x8000068e (0xffd38a83) lb      s5, -3(t2)
core   0: 3 0x8000068e (0xffd38a83) x21 0x00000000 mem 0x8001006e
core   0: 0x80000692 (0x001a5993) srli    s3, s4, 1
core   0: 3 0x80000692 (0x001a5993) x19 0x00000000
core   0: 0x80000696 (0x0243c983) lbu     s3, 36(t2)
core   0: 3 0x80000696 (0x0243c983) x19 0x00000000 mem 0x80010095
core   0: 0x8000069a (0x02e3c603) lbu     a2, 46(t2)
core   0: 3 0x8000069a (0x02e3c603) x12 0x00000000 mem 0x8001009f
core   0: 0x8000069e (0x02c3c603) lbu     a2, 44(t2)
core   0: 3 0x8000069e (0x02c3c603) x12 0x00000000 mem 0x8001009d
core   0: 0x800006a2 (0x01387a33) and     s4, a6, s3
core   0: 3 0x800006a2 (0x01387a33) x20 0x00000000
core   0: 0x800006a6 (0x00008e11) c.sub   a2, a2
core   0: 3 0x800006a6 (0x8e11) x12 0x00000000
core   0: 0x800006a8 (0x00000001) c.nop
core   0: 3 0x800006a8 (0x0001)
core   0: 0x800006aa (0x02c390a3) sh      a2, 33(t2)
core   0: 3 0x800006aa (0x02c390a3) mem 0x80010092 0x0000
core   0: 0x800006ae (0x41f9d613) srai    a2, s3, 31
core   0: 3 0x800006ae (0x41f9d613) x12 0x00000000
core   0: 0x800006b2 (0x03038b23) sb      a6, 54(t2)
core   0: 3 0x800006b2 (0x03038b23) mem 0x800100a7 0x4c
core   0: 0x800006b6 (0x019ac633) xor     a2, s5, s9
core   0: 3 0x800006b6 (0x019ac633) x12 0xffffffff
core   0: 0x800006ba (0x01361633) sll     a2, a2, s3
core   0: 3 0x800006ba (0x01361633) x12 0xffffffff
core   0: 0x800006be (0x0000860d) c.srai  a2, 3
core   0: 3 0x800006be (0x860d) x12 0xffffffff
core   0: 0x800006c0 (0x56483a13) sltiu   s4, a6, 1380
core   0: 3 0x800006c0 (0x56483a13) x20 0x00000000
core   0: 0x800006c4 (0x01d85813) srli    a6, a6, 29
core   0: 3 0x800006c4 (0x01d85813) x16 0x00000007
core   0: 0x800006c8 (0x00b38983) lb      s3, 11(t2)
core   0: 3 0x800006c8 (0x00b38983) x19 0x00000000 mem 0x8001007c
core   0: 0x800006cc (0x00006ce1) c.lui   s9, 0x18
core   0: 3 0x800006cc (0x6ce1) x25 0x00018000
core   0: 0x800006ce (0x03538323) sb      s5, 38(t2)
core   0: 3 0x800006ce (0x03538323) mem 0x80010097 0x00
core   0: 0x800006d2 (0xfed38603) lb      a2, -19(t2)
core   0: 3 0x800006d2 (0xfed38603) x12 0x00000000 mem 0x8001005e
core   0: 0x800006d6 (0x0283ca83) lbu     s5, 40(t2)
core   0: 3 0x800006d6 (0x0283ca83) x21 0x00000000 mem 0x80010099
core   0: 0x800006da (0x00017117) auipc   sp, 0x17
core   0: 3 0x800006da (0x00017117) x2  0x800176da
core   0: 0x800006de (0xde310113) addi    sp, sp, -541
core   0: 3 0x800006de (0xde310113) x2  0x800174bd
core   0: 0x800006e2 (0xf9710083) lb      ra, -105(sp)
core   0: 3 0x800006e2 (0xf9710083) x1  0x00000000 mem 0x80017454
core   0: 0x800006e6 (0xf9712083) lw      ra, -105(sp)
core   0: 3 0x800006e6 (0xf9712083) x1  0x00000000 mem 0x80017454
core   0: 0x800006ea (0x00008e25) c.xor   a2, s1
core   0: 3 0x800006ea (0x8e25) x12 0x2cec2000
core   0: 0x800006ec (0xf9714a03) lbu     s4, -105(sp)
core   0: 3 0x800006ec (0xf9714a03) x20 0x00000000 mem 0x80017454
core   0: 0x800006f0 (0x02b11503) lh      a0, 43(sp)
core   0: 3 0x800006f0 (0x02b11503) x10 0x00000000 mem 0x800174e8
core   0: 0x800006f4 (0x00008d31) c.xor   a0, a2
core   0: 3 0x800006f4 (0x8d31) x10 0x2cec2000
core   0: 0x800006f6 (0xf2810383) lb      t2, -216(sp)
core   0: 3 0x800006f6 (0xf2810383) x7  0x00000000 mem 0x800173e5
core   0: 0x800006fa (0xff315f83) lhu     t6, -13(sp)
core   0: 3 0x800006fa (0xff315f83) x31 0x00000000 mem 0x800174b0
core   0: 0x800006fe (0x1bc6cc13) xori    s8, a3, 444
core   0: 3 0x800006fe (0x1bc6cc13) x24 0x00000130
core   0: 0x80000702 (0xf6510503) lb      a0, -155(sp)
core   0: 3 0x80000702 (0xf6510503) x10 0x00000000 mem 0x80017422
core   0: 0x80000706 (0xf6910023) sb      s1, -160(sp)
core   0: 3 0x80000706 (0xf6910023) mem 0x8001741d 0x00
core   0: 0x8000070a (0xc2c7a793) slti    a5, a5, -980
core   0: 3 0x8000070a (0xc2c7a793) x15 0x00000000
core   0: 0x8000070e (0xf6010383) lb      t2, -160(sp)
core   0: 3 0x8000070e (0xf6010383) x7  0x00000000 mem 0x8001741d
core   0: 0x80000712 (0xf6014a03) lbu     s4, -160(sp)
core   0: 3 0x80000712 (0xf6014a03) x20 0x00000000 mem 0x8001741d
core   0: 0x80000716 (0x00008f69) c.and   a4, a0
core   0: 3 0x80000716 (0x8f69) x14 0x00000000
core   0: 0x80000718 (0x06610023) sb      t1, 96(sp)
core   0: 3 0x80000718 (0x06610023) mem 0x8001751d 0x01
core   0: 0x8000071c (0x06014603) lbu     a2, 96(sp)
core   0: 3 0x8000071c (0x06014603) x12 0x00000001 mem 0x8001751d
core   0: 0x80000720 (0x018a3cb3) sltu    s9, s4, s8
core   0: 3 0x80000720 (0x018a3cb3) x25 0x00000001
core   0: 0x80000724 (0x0f110a83) lb      s5, 241(sp)
core   0: 3 0x80000724 (0x0f110a83) x21 0x00000000 mem 0x800175ae
core   0: 0x80000728 (0x00004305) c.li    t1, 1
core   0: 3 0x80000728 (0x4305) x6  0x00000001
core   0: 0x8000072a (0x011341b3) xor     gp, t1, a7
core   0: 3 0x8000072a (0x011341b3) x3  0x80029ce5
core   0: 0x8000072e (0x000745b3) xor     a1, a4, zero
core   0: 3 0x8000072e (0x000745b3) x11 0x00000000
core   0: 0x80000732 (0x00008cd1) c.or    s1, a2
core   0: 3 0x80000732 (0x8cd1) x9  0x2cec2001
core   0: 0x80000734 (0x6da97c13) andi    s8, s2, 1754
core   0: 3 0x80000734 (0x6da97c13) x24 0x00000208
core   0: 0x80000738 (0x014f97b3) sll     a5, t6, s4
core   0: 3 0x80000738 (0x014f97b3) x15 0x00000000
core   0: 0x8000073c (0x032a03b3) mul     t2, s4, s2
core   0: 3 0x8000073c (0x032a03b3) x7  0x00000000
core   0: 0x80000740 (0x02a8ecb3) rem     s9, a7, a0
core   0: 3 0x80000740 (0x02a8ecb3) x25 0x80029ce4
core   0: 0x80000744 (0x00008d5e) c.mv    s10, s7
core   0: 3 0x80000744 (0x8d5e) x26 0x80025e64
core   0: 0x80000746 (0xd9f7d137) lui     sp, 0xd9f7d
core   0: 3 0x80000746 (0xd9f7d137) x2  0xd9f7d000
core   0: 0x8000074a (0x00004515) c.li    a0, 5
core   0: 3 0x8000074a (0x4515) x10 0x00000005
core   0: 0x8000074c (0x48567713) andi    a4, a2, 1157
core   0: 3 0x8000074c (0x48567713) x14 0x00000001
core   0: 0x80000750 (0x01fd6233) or      tp, s10, t6
core   0: 3 0x80000750 (0x01fd6233) x4  0x80025e64
core   0: 0x80000754 (0x01311ab3) sll     s5, sp, s3
core   0: 3 0x80000754 (0x01311ab3) x21 0xd9f7d000
core   0: 0x80000758 (0x000eb7b3) sltu    a5, t4, zero
core   0: 3 0x80000758 (0x000eb7b3) x15 0x00000000
core   0: 0x8000075c (0x416883b3) sub     t2, a7, s6
core   0: 3 0x8000075c (0x416883b3) x7  0x80029ce4
core   0: 0x80000760 (0x5c0e4613) xori    a2, t3, 1472
core   0: 3 0x80000760 (0x5c0e4613) x12 0x800001e2
core   0: 0x80000764 (0x00008e15) c.sub   a2, a3
core   0: 3 0x80000764 (0x8e15) x12 0x80000156
core   0: 0x80000766 (0x00000305) c.addi  t1, 1
core   0: 3 0x80000766 (0x0305) x6  0x00000002
core   0: 0x80000768 (0xfb9b3593) sltiu   a1, s6, -71
core   0: 3 0x80000768 (0xfb9b3593) x11 0x00000001
core   0: 0x8000076c (0x000056fd) c.li    a3, -1
core   0: 3 0x8000076c (0x56fd) x13 0xffffffff
core   0: 0x8000076e (0x01d32233) slt     tp, t1, t4
core   0: 3 0x8000076e (0x01d32233) x4  0x00000001
core   0: 0x80000772 (0x00000001) c.nop
core   0: 3 0x80000772 (0x0001)
core   0: 0x80000774 (0x0270ab33) mulhsu  s6, ra, t2
core   0: 3 0x80000774 (0x0270ab33) x22 0x00000000
core   0: 0x80000778 (0x017aab33) slt     s6, s5, s7
core   0: 3 0x80000778 (0x017aab33) x22 0x00000000
core   0: 0x8000077c (0x000085cd) c.srai  a1, 19
core   0: 3 0x8000077c (0x85cd) x11 0x00000000
core   0: 0x8000077e (0x00000685) c.addi  a3, 1
core   0: 3 0x8000077e (0x0685) x13 0x00000000
core   0: 0x80000780 (0x00006acd) c.lui   s5, 0x13
core   0: 3 0x80000780 (0x6acd) x21 0x00013000
core   0: 0x80000782 (0x00008cdd) c.or    s1, a5
core   0: 3 0x80000782 (0x8cdd) x9  0x2cec2001
core   0: 0x80000784 (0x0000faf5) c.bnez  a3, pc - 12
core   0: 3 0x80000784 (0xfaf5)
core   0: 0x80000786 (0x03ec2b33) mulhsu  s6, s8, t5
core   0: 3 0x80000786 (0x03ec2b33) x22 0x00000104
core   0: 0x8000078a (0xfca34be3) blt     t1, a0, pc - 42
core   0: 3 0x8000078a (0xfca34be3)
core   0: 0x80000760 (0x5c0e4613) xori    a2, t3, 1472
core   0: 3 0x80000760 (0x5c0e4613) x12 0x800001e2
core   0: 0x80000764 (0x00008e15) c.sub   a2, a3
core   0: 3 0x80000764 (0x8e15) x12 0x800001e2
core   0: 0x80000766 (0x00000305) c.addi  t1, 1
core   0: 3 0x80000766 (0x0305) x6  0x00000003
core   0: 0x80000768 (0xfb9b3593) sltiu   a1, s6, -71
core   0: 3 0x80000768 (0xfb9b3593) x11 0x00000001
core   0: 0x8000076c (0x000056fd) c.li    a3, -1
core   0: 3 0x8000076c (0x56fd) x13 0xffffffff
core   0: 0x8000076e (0x01d32233) slt     tp, t1, t4
core   0: 3 0x8000076e (0x01d32233) x4  0x00000001
core   0: 0x80000772 (0x00000001) c.nop
core   0: 3 0x80000772 (0x0001)
core   0: 0x80000774 (0x0270ab33) mulhsu  s6, ra, t2
core   0: 3 0x80000774 (0x0270ab33) x22 0x00000000
core   0: 0x80000778 (0x017aab33) slt     s6, s5, s7
core   0: 3 0x80000778 (0x017aab33) x22 0x00000000
core   0: 0x8000077c (0x000085cd) c.srai  a1, 19
core   0: 3 0x8000077c (0x85cd) x11 0x00000000
core   0: 0x8000077e (0x00000685) c.addi  a3, 1
core   0: 3 0x8000077e (0x0685) x13 0x00000000
core   0: 0x80000780 (0x00006acd) c.lui   s5, 0x13
core   0: 3 0x80000780 (0x6acd) x21 0x00013000
core   0: 0x80000782 (0x00008cdd) c.or    s1, a5
core   0: 3 0x80000782 (0x8cdd) x9  0x2cec2001
core   0: 0x80000784 (0x0000faf5) c.bnez  a3, pc - 12
core   0: 3 0x80000784 (0xfaf5)
core   0: 0x80000786 (0x03ec2b33) mulhsu  s6, s8, t5
core   0: 3 0x80000786 (0x03ec2b33) x22 0x00000104
core   0: 0x8000078a (0xfca34be3) blt     t1, a0, pc - 42
core   0: 3 0x8000078a (0xfca34be3)
core   0: 0x80000760 (0x5c0e4613) xori    a2, t3, 1472
core   0: 3 0x80000760 (0x5c0e4613) x12 0x800001e2
core   0: 0x80000764 (0x00008e15) c.sub   a2, a3
core   0: 3 0x80000764 (0x8e15) x12 0x800001e2
core   0: 0x80000766 (0x00000305) c.addi  t1, 1
core   0: 3 0x80000766 (0x0305) x6  0x00000004
core   0: 0x80000768 (0xfb9b3593) sltiu   a1, s6, -71
core   0: 3 0x80000768 (0xfb9b3593) x11 0x00000001
core   0: 0x8000076c (0x000056fd) c.li    a3, -1
core   0: 3 0x8000076c (0x56fd) x13 0xffffffff
core   0: 0x8000076e (0x01d32233) slt     tp, t1, t4
core   0: 3 0x8000076e (0x01d32233) x4  0x00000001
core   0: 0x80000772 (0x00000001) c.nop
core   0: 3 0x80000772 (0x0001)
core   0: 0x80000774 (0x0270ab33) mulhsu  s6, ra, t2
core   0: 3 0x80000774 (0x0270ab33) x22 0x00000000
core   0: 0x80000778 (0x017aab33) slt     s6, s5, s7
core   0: 3 0x80000778 (0x017aab33) x22 0x00000000
core   0: 0x8000077c (0x000085cd) c.srai  a1, 19
core   0: 3 0x8000077c (0x85cd) x11 0x00000000
core   0: 0x8000077e (0x00000685) c.addi  a3, 1
core   0: 3 0x8000077e (0x0685) x13 0x00000000
core   0: 0x80000780 (0x00006acd) c.lui   s5, 0x13
core   0: 3 0x80000780 (0x6acd) x21 0x00013000
core   0: 0x80000782 (0x00008cdd) c.or    s1, a5
core   0: 3 0x80000782 (0x8cdd) x9  0x2cec2001
core   0: 0x80000784 (0x0000faf5) c.bnez  a3, pc - 12
core   0: 3 0x80000784 (0xfaf5)
core   0: 0x80000786 (0x03ec2b33) mulhsu  s6, s8, t5
core   0: 3 0x80000786 (0x03ec2b33) x22 0x00000104
core   0: 0x8000078a (0xfca34be3) blt     t1, a0, pc - 42
core   0: 3 0x8000078a (0xfca34be3)
core   0: 0x80000760 (0x5c0e4613) xori    a2, t3, 1472
core   0: 3 0x80000760 (0x5c0e4613) x12 0x800001e2
core   0: 0x80000764 (0x00008e15) c.sub   a2, a3
core   0: 3 0x80000764 (0x8e15) x12 0x800001e2
core   0: 0x80000766 (0x00000305) c.addi  t1, 1
core   0: 3 0x80000766 (0x0305) x6  0x00000005
core   0: 0x80000768 (0xfb9b3593) sltiu   a1, s6, -71
core   0: 3 0x80000768 (0xfb9b3593) x11 0x00000001
core   0: 0x8000076c (0x000056fd) c.li    a3, -1
core   0: 3 0x8000076c (0x56fd) x13 0xffffffff
core   0: 0x8000076e (0x01d32233) slt     tp, t1, t4
core   0: 3 0x8000076e (0x01d32233) x4  0x00000001
core   0: 0x80000772 (0x00000001) c.nop
core   0: 3 0x80000772 (0x0001)
core   0: 0x80000774 (0x0270ab33) mulhsu  s6, ra, t2
core   0: 3 0x80000774 (0x0270ab33) x22 0x00000000
core   0: 0x80000778 (0x017aab33) slt     s6, s5, s7
core   0: 3 0x80000778 (0x017aab33) x22 0x00000000
core   0: 0x8000077c (0x000085cd) c.srai  a1, 19
core   0: 3 0x8000077c (0x85cd) x11 0x00000000
core   0: 0x8000077e (0x00000685) c.addi  a3, 1
core   0: 3 0x8000077e (0x0685) x13 0x00000000
core   0: 0x80000780 (0x00006acd) c.lui   s5, 0x13
core   0: 3 0x80000780 (0x6acd) x21 0x00013000
core   0: 0x80000782 (0x00008cdd) c.or    s1, a5
core   0: 3 0x80000782 (0x8cdd) x9  0x2cec2001
core   0: 0x80000784 (0x0000faf5) c.bnez  a3, pc - 12
core   0: 3 0x80000784 (0xfaf5)
core   0: 0x80000786 (0x03ec2b33) mulhsu  s6, s8, t5
core   0: 3 0x80000786 (0x03ec2b33) x22 0x00000104
core   0: 0x8000078a (0xfca34be3) blt     t1, a0, pc - 42
core   0: 3 0x8000078a (0xfca34be3)
core   0: 0x8000078e (0x00008bdd) c.andi  a5, 23
core   0: 3 0x8000078e (0x8bdd) x15 0x00000000
core   0: 0x80000790 (0x00a0076f) jal     a4, pc + 0xa
core   0: 3 0x80000790 (0x00a0076f) x14 0x80000794
core   0: 0x8000079a (0x01e00cef) jal     s9, pc + 0x1e
core   0: 3 0x8000079a (0x01e00cef) x25 0x8000079e
core   0: 0x800007b8 (0xfe1ff36f) jal     t1, pc - 0x20
core   0: 3 0x800007b8 (0xfe1ff36f) x6  0x800007bc
core   0: 0x80000798 (0x00002811) c.jal   pc + 20
core   0: 3 0x80000798 (0x2811) x1  0x8000079a
core   0: 0x800007ac (0x00003fcd) c.jal   pc - 14
core   0: 3 0x800007ac (0x3fcd) x1  0x800007ae
core   0: 0x8000079e (0x0000a005) c.j     pc + 32
core   0: 3 0x8000079e (0xa005)
core   0: 0x800007be (0x0000b7f5) c.j     pc - 20
core   0: 3 0x800007be (0xb7f5)
core   0: 0x800007aa (0x0000a005) c.j     pc + 32
core   0: 3 0x800007aa (0xa005)
core   0: 0x800007ca (0x00003ff5) c.jal   pc - 4
core   0: 3 0x800007ca (0x3ff5) x1  0x800007cc
core   0: 0x800007c6 (0xfe1ff0ef) jal     pc - 0x20
core   0: 3 0x800007c6 (0xfe1ff0ef) x1  0x800007ca
core   0: 0x800007a6 (0x00e000ef) jal     pc + 0xe
core   0: 3 0x800007a6 (0x00e000ef) x1  0x800007aa
core   0: 0x800007b4 (0x00e0036f) jal     t1, pc + 0xe
core   0: 3 0x800007b4 (0x00e0036f) x6  0x800007b8
core   0: 0x800007c2 (0x00002009) c.jal   pc + 2
core   0: 3 0x800007c2 (0x2009) x1  0x800007c4
core   0: 0x800007c4 (0x0000b7c5) c.j     pc - 32
core   0: 3 0x800007c4 (0xb7c5)
core   0: 0x800007a4 (0x0000a831) c.j     pc + 28
core   0: 3 0x800007a4 (0xa831)
core   0: 0x800007c0 (0x0000a831) c.j     pc + 28
core   0: 3 0x800007c0 (0xa831)
core   0: 0x800007dc (0x00003ff5) c.jal   pc - 4
core   0: 3 0x800007dc (0x3ff5) x1  0x800007de
core   0: 0x800007d8 (0xfd7ff0ef) jal     pc - 0x2a
core   0: 3 0x800007d8 (0xfd7ff0ef) x1  0x800007dc
core   0: 0x800007ae (0x0000bfd5) c.j     pc - 12
core   0: 3 0x800007ae (0xbfd5)
core   0: 0x800007a2 (0x0000bfcd) c.j     pc - 14
core   0: 3 0x800007a2 (0xbfcd)
core   0: 0x80000794 (0x03c0016f) jal     sp, pc + 0x3c
core   0: 3 0x80000794 (0x03c0016f) x2  0x80000798
core   0: 0x800007d0 (0xfe1ffb6f) jal     s6, pc - 0x20
core   0: 3 0x800007d0 (0xfe1ffb6f) x22 0x800007d4
core   0: 0x800007b0 (0x02e000ef) jal     pc + 0x2e
core   0: 3 0x800007b0 (0x02e000ef) x1  0x800007b4
core   0: 0x800007de (0x000037c9) c.jal   pc - 62
core   0: 3 0x800007de (0x37c9) x1  0x800007e0
core   0: 0x800007a0 (0x00002831) c.jal   pc + 28
core   0: 3 0x800007a0 (0x2831) x1  0x800007a2
core   0: 0x800007bc (0x00002821) c.jal   pc + 24
core   0: 3 0x800007bc (0x2821) x1  0x800007be
core   0: 0x800007d4 (0x0000a009) c.j     pc + 2
core   0: 3 0x800007d4 (0xa009)
core   0: 0x800007d6 (0x00003fdd) c.jal   pc - 10
core   0: 3 0x800007d6 (0x3fdd) x1  0x800007d8
core   0: 0x800007cc (0x014000ef) jal     pc + 0x14
core   0: 3 0x800007cc (0x014000ef) x1  0x800007d0
core   0: 0x800007e0 (0x00001b7d) c.addi  s6, -1
core   0: 3 0x800007e0 (0x1b7d) x22 0x800007d3
core   0: 0x800007e2 (0x0001ba17) auipc   s4, 0x1b
core   0: 3 0x800007e2 (0x0001ba17) x20 0x8001b7e2
core   0: 0x800007e6 (0xfbba0a13) addi    s4, s4, -69
core   0: 3 0x800007e6 (0xfbba0a13) x20 0x8001b79d
core   0: 0x800007ea (0xfa9a5403) lhu     s0, -87(s4)
core   0: 3 0x800007ea (0xfa9a5403) x8  0x00000000 mem 0x8001b746
core   0: 0x800007ee (0x09fa2703) lw      a4, 159(s4)
core   0: 3 0x800007ee (0x09fa2703) x14 0x00000000 mem 0x8001b83c
core   0: 0x800007f2 (0xf4042793) slti    a5, s0, -192
core   0: 3 0x800007f2 (0xf4042793) x15 0x00000000
core   0: 0x800007f6 (0x81bec7b7) lui     a5, 0x81bec
core   0: 3 0x800007f6 (0x81bec7b7) x15 0x81bec000
core   0: 0x800007fa (0x09ca0023) sb      t3, 128(s4)
core   0: 3 0x800007fa (0x09ca0023) mem 0x8001b81d 0x22
core   0: 0x800007fe (0x09ca21a3) sw      t3, 131(s4)
core   0: 3 0x800007fe (0x09ca21a3) mem 0x8001b820 0x80000422
core   0: 0x80000802 (0x09da0403) lb      s0, 157(s4)
core   0: 3 0x80000802 (0x09da0403) x8  0x00000000 mem 0x8001b83a
core   0: 0x80000806 (0xf89a5783) lhu     a5, -119(s4)
core   0: 3 0x80000806 (0xf89a5783) x15 0x00000000 mem 0x8001b726
core   0: 0x8000080a (0x092a4703) lbu     a4, 146(s4)
core   0: 3 0x8000080a (0x092a4703) x14 0x00000000 mem 0x8001b82f
core   0: 0x8000080e (0x01f46433) or      s0, s0, t6
core   0: 3 0x8000080e (0x01f46433) x8  0x00000000
core   0: 0x80000812 (0x0e8a0b23) sb      s0, 246(s4)
core   0: 3 0x80000812 (0x0e8a0b23) mem 0x8001b893 0x00
core   0: 0x80000816 (0x0000803d) c.srli  s0, 15
core   0: 3 0x80000816 (0x803d) x8  0x00000000
core   0: 0x80000818 (0x0bca27a3) sw      t3, 175(s4)
core   0: 3 0x80000818 (0x0bca27a3) mem 0x8001b84c 0x80000422
core   0: 0x8000081c (0xffea0f83) lb      t6, -2(s4)
core   0: 3 0x8000081c (0xffea0f83) x31 0x00000000 mem 0x8001b79b
core   0: 0x80000820 (0x03ff97b3) mulh    a5, t6, t6
core   0: 3 0x80000820 (0x03ff97b3) x15 0x00000000
core   0: 0x80000824 (0x00008c59) c.or    s0, a4
core   0: 3 0x80000824 (0x8c59) x8  0x00000000
core   0: 0x80000826 (0x028a1fa3) sh      s0, 63(s4)
core   0: 3 0x80000826 (0x028a1fa3) mem 0x8001b7dc 0x0000
core   0: 0x8000082a (0x02e46e33) rem     t3, s0, a4
core   0: 3 0x8000082a (0x02e46e33) x28 0x00000000
core   0: 0x8000082e (0x00fe5733) srl     a4, t3, a5
core   0: 3 0x8000082e (0x00fe5733) x14 0x00000000
core   0: 0x80000832 (0x4a5e6f93) ori     t6, t3, 1189
core   0: 3 0x80000832 (0x4a5e6f93) x31 0x000004a5
core   0: 0x80000836 (0x01e7f433) and     s0, a5, t5
core   0: 3 0x80000836 (0x01e7f433) x8  0x00000000
core   0: 0x8000083a (0x00f79433) sll     s0, a5, a5
core   0: 3 0x8000083a (0x00f79433) x8  0x00000000
core   0: 0x8000083e (0x008f07b3) add     a5, t5, s0
core   0: 3 0x8000083e (0x008f07b3) x15 0x80025e64
core   0: 0x80000842 (0x00008c61) c.and   s0, s0
core   0: 3 0x80000842 (0x8c61) x8  0x00000000
core   0: 0x80000844 (0xfa4a4403) lbu     s0, -92(s4)
core   0: 3 0x80000844 (0xfa4a4403) x8  0x00000000 mem 0x8001b741
core   0: 0x80000848 (0xf7ca4403) lbu     s0, -132(s4)
core   0: 3 0x80000848 (0xf7ca4403) x8  0x00000000 mem 0x8001b719
core   0: 0x8000084c (0x00008c7d) c.and   s0, a5
core   0: 3 0x8000084c (0x8c7d) x8  0x00000000
core   0: 0x8000084e (0x01fa0123) sb      t6, 2(s4)
core   0: 3 0x8000084e (0x01fa0123) mem 0x8001b79f 0xa5
core   0: 0x80000852 (0x008e0733) add     a4, t3, s0
core   0: 3 0x80000852 (0x008e0733) x14 0x00000000
core   0: 0x80000856 (0x02ee27b3) mulhsu  a5, t3, a4
core   0: 3 0x80000856 (0x02ee27b3) x15 0x00000000
core   0: 0x8000085a (0xf6ea16a3) sh      a4, -147(s4)
core   0: 3 0x8000085a (0xf6ea16a3) mem 0x8001b70a 0x0000
core   0: 0x8000085e (0x00008c59) c.or    s0, a4
core   0: 3 0x8000085e (0x8c59) x8  0x00000000
core   0: 0x80000860 (0xe73ff793) andi    a5, t6, -397
core   0: 3 0x80000860 (0xe73ff793) x15 0x00000421
core   0: 0x80000864 (0xf3470f93) addi    t6, a4, -204
core   0: 3 0x80000864 (0xf3470f93) x31 0xffffff34
core   0: 0x80000868 (0xfaea10a3) sh      a4, -95(s4)
core   0: 3 0x80000868 (0xfaea10a3) mem 0x8001b73e 0x0000
core   0: 0x8000086c (0x00000faa) c.slli  t6, 10
core   0: 3 0x8000086c (0x0faa) x31 0xfffcd000
core   0: 0x8000086e (0x00008e22) c.mv    t3, s0
core   0: 3 0x8000086e (0x8e22) x28 0x00000000
core   0: 0x80000870 (0x048a29a3) sw      s0, 83(s4)
core   0: 3 0x80000870 (0x048a29a3) mem 0x8001b7f0 0x00000000
core   0: 0x80000874 (0x00014117) auipc   sp, 0x14
core   0: 3 0x80000874 (0x00014117) x2  0x80014874
core   0: 0x80000878 (0xbce10113) addi    sp, sp, -1074
core   0: 3 0x80000878 (0xbce10113) x2  0x80014442
core   0: 0x8000087c (0x02814283) lbu     t0, 40(sp)
core   0: 3 0x8000087c (0x02814283) x5  0x00000000 mem 0x8001446a
core   0: 0x80000880 (0x02811a83) lh      s5, 40(sp)
core   0: 3 0x80000880 (0x02811a83) x21 0x00000000 mem 0x8001446a
core   0: 0x80000884 (0x02811703) lh      a4, 40(sp)
core   0: 3 0x80000884 (0x02811703) x14 0x00000000 mem 0x8001446a
core   0: 0x80000888 (0xff612283) lw      t0, -10(sp)
core   0: 3 0x80000888 (0xff612283) x5  0x00000000 mem 0x80014438
core   0: 0x8000088c (0x00006435) c.lui   s0, 0xd
core   0: 3 0x8000088c (0x6435) x8  0x0000d000
core   0: 0x8000088e (0xff614a83) lbu     s5, -10(sp)
core   0: 3 0x8000088e (0xff614a83) x21 0x00000000 mem 0x80014438
core   0: 0x80000892 (0xff612b23) sw      s6, -10(sp)
core   0: 3 0x80000892 (0xff612b23) mem 0x80014438 0x800007d3
core   0: 0x80000896 (0xff610d83) lb      s11, -10(sp)
core   0: 3 0x80000896 (0xff610d83) x27 0xffffffd3 mem 0x80014438
core   0: 0x8000089a (0xff610e83) lb      t4, -10(sp)
core   0: 3 0x8000089a (0xff610e83) x29 0xffffffd3 mem 0x80014438
core   0: 0x8000089e (0xfe810b23) sb      s0, -10(sp)
core   0: 3 0x8000089e (0xfe810b23) mem 0x80014438 0x00
core   0: 0x800008a2 (0xfd512b23) sw      s5, -42(sp)
core   0: 3 0x800008a2 (0xfd512b23) mem 0x80014418 0x00000000
core   0: 0x800008a6 (0x02110b03) lb      s6, 33(sp)
core   0: 3 0x800008a6 (0x02110b03) x22 0x00000000 mem 0x80014463
core   0: 0x800008aa (0x039100a3) sb      s9, 33(sp)
core   0: 3 0x800008aa (0x039100a3) mem 0x80014463 0x9e
core   0: 0x800008ae (0xffed4413) xori    s0, s10, -2
core   0: 3 0x800008ae (0xffed4413) x8  0x7ffda19a
core   0: 0x800008b2 (0xff310fa3) sb      s3, -1(sp)
core   0: 3 0x800008b2 (0xff310fa3) mem 0x80014441 0x00
core   0: 0x800008b6 (0x00000001) c.nop
core   0: 3 0x800008b6 (0x0001)
core   0: 0x800008b8 (0xfff14983) lbu     s3, -1(sp)
core   0: 3 0x800008b8 (0xfff14983) x19 0x00000000 mem 0x80014441
core   0: 0x800008bc (0xfff14283) lbu     t0, -1(sp)
core   0: 3 0x800008bc (0xfff14283) x5  0x00000000 mem 0x80014441
core   0: 0x800008c0 (0xfff14e83) lbu     t4, -1(sp)
core   0: 3 0x800008c0 (0xfff14e83) x29 0x00000000 mem 0x80014441
core   0: 0x800008c4 (0xfff10503) lb      a0, -1(sp)
core   0: 3 0x800008c4 (0xfff10503) x10 0x00000000 mem 0x80014441
core   0: 0x800008c8 (0xfff14083) lbu     ra, -1(sp)
core   0: 3 0x800008c8 (0xfff14083) x1  0x00000000 mem 0x80014441
core   0: 0x800008cc (0x03e11c83) lh      s9, 62(sp)
core   0: 3 0x800008cc (0x03e11c83) x25 0x00000000 mem 0x80014480
core   0: 0x800008d0 (0x02b10f23) sb      a1, 62(sp)
core   0: 3 0x800008d0 (0x02b10f23) mem 0x80014480 0x00
core   0: 0x800008d4 (0x00013117) auipc   sp, 0x13
core   0: 3 0x800008d4 (0x00013117) x2  0x800138d4
core   0: 0x800008d8 (0x13810113) addi    sp, sp, 312
core   0: 3 0x800008d8 (0x13810113) x2  0x80013a0c
core   0: 0x800008dc (0x41e05313) srai    t1, zero, 30
core   0: 3 0x800008dc (0x41e05313) x6  0x00000000
core   0: 0x800008e0 (0xffb14303) lbu     t1, -5(sp)
core   0: 3 0x800008e0 (0xffb14303) x6  0x00000000 mem 0x80013a07
core   0: 0x800008e4 (0xfe110ba3) sb      ra, -9(sp)
core   0: 3 0x800008e4 (0xfe110ba3) mem 0x80013a03 0x00
core   0: 0x800008e8 (0x0000c002) c.swsp  zero, 0(sp)
core   0: 3 0x800008e8 (0xc002) mem 0x80013a0c 0x00000000
core   0: 0x800008ea (0x0000c016) c.swsp  t0, 0(sp)
core   0: 3 0x800008ea (0xc016) mem 0x80013a0c 0x00000000
core   0: 0x800008ec (0x00004182) c.lwsp  gp, 0(sp)
core   0: 3 0x800008ec (0x4182) x3  0x00000000 mem 0x80013a0c
core   0: 0x800008ee (0x00004202) c.lwsp  tp, 0(sp)
core   0: 3 0x800008ee (0x4202) x4  0x00000000 mem 0x80013a0c
core   0: 0x800008f0 (0x00215383) lhu     t2, 2(sp)
core   0: 3 0x800008f0 (0x00215383) x7  0x00000000 mem 0x80013a0e
core   0: 0x800008f4 (0x01e10123) sb      t5, 2(sp)
core   0: 3 0x800008f4 (0x01e10123) mem 0x80013a0e 0x64
core   0: 0x800008f8 (0xffc11803) lh      a6, -4(sp)
core   0: 3 0x800008f8 (0xffc11803) x16 0x00000000 mem 0x80013a08
core   0: 0x800008fc (0xffc11383) lh      t2, -4(sp)
core   0: 3 0x800008fc (0xffc11383) x7  0x00000000 mem 0x80013a08
core   0: 0x80000900 (0xfe810fa3) sb      s0, -1(sp)
core   0: 3 0x80000900 (0xfe810fa3) mem 0x80013a0b 0x9a
core   0: 0x80000904 (0xfe810fa3) sb      s0, -1(sp)
core   0: 3 0x80000904 (0xfe810fa3) mem 0x80013a0b 0x9a
core   0: 0x80000908 (0x000043a2) c.lwsp  t2, 8(sp)
core   0: 3 0x80000908 (0x43a2) x7  0x00000000 mem 0x80013a14
core   0: 0x8000090a (0x000044a2) c.lwsp  s1, 8(sp)
core   0: 3 0x8000090a (0x44a2) x9  0x00000000 mem 0x80013a14
core   0: 0x8000090c (0x00010417) auipc   s0, 0x10
core   0: 3 0x8000090c (0x00010417) x8  0x8001090c
core   0: 0x80000910 (0xceb40413) addi    s0, s0, -789
core   0: 3 0x80000910 (0xceb40413) x8  0x800105f7
core   0: 0x80000914 (0x00008ae2) c.mv    s5, s8
core   0: 3 0x80000914 (0x8ae2) x21 0x00000208
core   0: 0x80000916 (0x00000001) c.nop
core   0: 3 0x80000916 (0x0001)
core   0: 0x80000918 (0x3b745983) lhu     s3, 951(s0)
core   0: 3 0x80000918 (0x3b745983) x19 0x00000000 mem 0x800109ae
core   0: 0x8000091c (0xb2644d83) lbu     s11, -1242(s0)
core   0: 3 0x8000091c (0xb2644d83) x27 0x00000000 mem 0x8001011d
core   0: 0x80000920 (0xc7840383) lb      t2, -904(s0)
core   0: 3 0x80000920 (0xc7840383) x7  0x00000000 mem 0x8001026f
core   0: 0x80000924 (0x02b183b3) mul     t2, gp, a1
core   0: 3 0x80000924 (0x02b183b3) x7  0x00000000
core   0: 0x80000928 (0xac144483) lbu     s1, -1343(s0)
core   0: 3 0x80000928 (0xac144483) x9  0x00000000 mem 0x800100b8
core   0: 0x8000092c (0x2bd41ba3) sh      t4, 695(s0)
core   0: 3 0x8000092c (0x2bd41ba3) mem 0x800108ae 0x0000
core   0: 0x80000930 (0xd8e1d837) lui     a6, 0xd8e1d
core   0: 3 0x80000930 (0xd8e1d837) x16 0xd8e1d000
core   0: 0x80000934 (0x03455fb3) divu    t6, a0, s4
core   0: 3 0x80000934 (0x03455fb3) x31 0x00000000
core   0: 0x80000938 (0xb6c40183) lb      gp, -1172(s0)
core   0: 3 0x80000938 (0xb6c40183) x3  0x00000000 mem 0x80010163
core   0: 0x8000093c (0x40ffd9b3) sra     s3, t6, a5
core   0: 3 0x8000093c (0x40ffd9b3) x19 0x00000000
core   0: 0x80000940 (0x66141783) lh      a5, 1633(s0)
core   0: 3 0x80000940 (0x66141783) x15 0x00000000 mem 0x80010c58
core   0: 0x80000944 (0xe99e2513) slti    a0, t3, -359
core   0: 3 0x80000944 (0xe99e2513) x10 0x00000000
core   0: 0x80000948 (0x00001a90) c.addi4spn a2, sp, 368
core   0: 3 0x80000948 (0x1a90) x12 0x80013b7c
core   0: 0x8000094a (0x41785ab3) sra     s5, a6, s7
core   0: 3 0x8000094a (0x41785ab3) x21 0xfd8e1d00
core   0: 0x8000094e (0x05b409a3) sb      s11, 83(s0)
core   0: 3 0x8000094e (0x05b409a3) mem 0x8001064a 0x00
core   0: 0x80000952 (0x54e40503) lb      a0, 1358(s0)
core   0: 3 0x80000952 (0x54e40503) x10 0x00000000 mem 0x80010b45
core   0: 0x80000956 (0x7a040503) lb      a0, 1952(s0)
core   0: 3 0x80000956 (0x7a040503) x10 0x00000000 mem 0x80010d97
core   0: 0x8000095a (0x42942103) lw      sp, 1065(s0)
core   0: 3 0x8000095a (0x42942103) x2  0x00000000 mem 0x80010a20
core   0: 0x8000095e (0x0000717d) c.addi16sp sp, -16
core   0: 3 0x8000095e (0x717d) x2  0xfffffff0
core   0: 0x80000960 (0xe2f44c83) lbu     s9, -465(s0)
core   0: 3 0x80000960 (0xe2f44c83) x25 0x00000000 mem 0x80010426
core   0: 0x80000964 (0x38c40623) sb      a2, 908(s0)
core   0: 3 0x80000964 (0x38c40623) mem 0x80010983 0x7c
core   0: 0x80000968 (0x68040283) lb      t0, 1664(s0)
core   0: 3 0x80000968 (0x68040283) x5  0x00000000 mem 0x80010c77
core   0: 0x8000096c (0xff140c23) sb      a7, -8(s0)
core   0: 3 0x8000096c (0xff140c23) mem 0x800105ef 0xe4
core   0: 0x80000970 (0x57944e83) lbu     t4, 1401(s0)
core   0: 3 0x80000970 (0x57944e83) x29 0x00000000 mem 0x80010b70
core   0: 0x80000974 (0x02e83d33) mulhu   s10, a6, a4
core   0: 3 0x80000974 (0x02e83d33) x26 0x00000000
core   0: 0x80000978 (0x70541983) lh      s3, 1797(s0)
core   0: 3 0x80000978 (0x70541983) x19 0x00000000 mem 0x80010cfc
core   0: 0x8000097c (0x03b0aa33) mulhsu  s4, ra, s11
core   0: 3 0x8000097c (0x03b0aa33) x20 0x00000000
core   0: 0x80000980 (0x02cedab3) divu    s5, t4, a2
core   0: 3 0x80000980 (0x02cedab3) x21 0x00000000
core   0: 0x80000984 (0x00000b21) c.addi  s6, 8
core   0: 3 0x80000984 (0x0b21) x22 0x00000008
core   0: 0x80000986 (0x73640423) sb      s6, 1832(s0)
core   0: 3 0x80000986 (0x73640423) mem 0x80010d1f 0x08
core   0: 0x8000098a (0x59740d23) sb      s7, 1434(s0)
core   0: 3 0x8000098a (0x59740d23) mem 0x80010b91 0x64
core   0: 0x8000098e (0x2e340c23) sb      gp, 760(s0)
core   0: 3 0x8000098e (0x2e340c23) mem 0x800108ef 0x00
core   0: 0x80000992 (0x0000455d) c.li    a0, 23
core   0: 3 0x80000992 (0x455d) x10 0x00000017
core   0: 0x80000994 (0x3e945e03) lhu     t3, 1001(s0)
core   0: 3 0x80000994 (0x3e945e03) x28 0x00000000 mem 0x800109e0
core   0: 0x80000998 (0x4dc44803) lbu     a6, 1244(s0)
core   0: 3 0x80000998 (0x4dc44803) x16 0x00000000 mem 0x80010ad3
core   0: 0x8000099c (0x42244083) lbu     ra, 1058(s0)
core   0: 3 0x8000099c (0x42244083) x1  0x00000000 mem 0x80010a19
core   0: 0x800009a0 (0xdb644f83) lbu     t6, -586(s0)
core   0: 3 0x800009a0 (0xdb644f83) x31 0x00000000 mem 0x800103ad
core   0: 0x800009a4 (0x0260076f) jal     a4, pc + 0x26
core   0: 3 0x800009a4 (0x0260076f) x14 0x800009a8
core   0: 0x800009ca (0x0000bfcd) c.j     pc - 14
core   0: 3 0x800009ca (0xbfcd)
core   0: 0x800009bc (0x0000a829) c.j     pc + 26
core   0: 3 0x800009bc (0xa829)
core   0: 0x800009d6 (0x0000b7d5) c.j     pc - 28
core   0: 3 0x800009d6 (0xb7d5)
core   0: 0x800009ba (0x0000a035) c.j     pc + 44
core   0: 3 0x800009ba (0xa035)
core   0: 0x800009e6 (0xffbff0ef) jal     pc - 0x6
core   0: 3 0x800009e6 (0xffbff0ef) x1  0x800009ea
core   0: 0x800009e0 (0xff9ffa6f) jal     s4, pc - 0x8
core   0: 3 0x800009e0 (0xff9ffa6f) x20 0x800009e4
core   0: 0x800009d8 (0x00003fe9) c.jal   pc - 38
core   0: 3 0x800009d8 (0x3fe9) x1  0x800009da
core   0: 0x800009b2 (0x02c00def) jal     s11, pc + 0x2c
core   0: 3 0x800009b2 (0x02c00def) x27 0x800009b6
core   0: 0x800009de (0x000037e5) c.jal   pc - 24
core   0: 3 0x800009de (0x37e5) x1  0x800009e0
core   0: 0x800009c6 (0xfe5ff0ef) jal     pc - 0x1c
core   0: 3 0x800009c6 (0xfe5ff0ef) x1  0x800009ca
core   0: 0x800009aa (0x02a0036f) jal     t1, pc + 0x2a
core   0: 3 0x800009aa (0x02a0036f) x6  0x800009ae
core   0: 0x800009d4 (0x0000b7cd) c.j     pc - 30
core   0: 3 0x800009d4 (0xb7cd)
core   0: 0x800009b6 (0x00c000ef) jal     pc + 0xc
core   0: 3 0x800009b6 (0x00c000ef) x1  0x800009ba
core   0: 0x800009c2 (0x00a001ef) jal     gp, pc + 0xa
core   0: 3 0x800009c2 (0x00a001ef) x3  0x800009c6
core   0: 0x800009cc (0xfe3ff0ef) jal     pc - 0x1e
core   0: 3 0x800009cc (0xfe3ff0ef) x1  0x800009d0
core   0: 0x800009ae (0xffbff36f) jal     t1, pc - 0x6
core   0: 3 0x800009ae (0xffbff36f) x6  0x800009b2
core   0: 0x800009a8 (0x0000a821) c.j     pc + 24
core   0: 3 0x800009a8 (0xa821)
core   0: 0x800009c0 (0x0000202d) c.jal   pc + 42
core   0: 3 0x800009c0 (0x202d) x1  0x800009c2
core   0: 0x800009ea (0x0000bfd1) c.j     pc - 44
core   0: 3 0x800009ea (0xbfd1)
core   0: 0x800009be (0x00002809) c.jal   pc + 18
core   0: 3 0x800009be (0x2809) x1  0x800009c0
core   0: 0x800009d0 (0x00a000ef) jal     pc + 0xa
core   0: 3 0x800009d0 (0x00a000ef) x1  0x800009d4
core   0: 0x800009da (0x00a005ef) jal     a1, pc + 0xa
core   0: 3 0x800009da (0x00a005ef) x11 0x800009de
core   0: 0x800009e4 (0x00002021) c.jal   pc + 8
core   0: 3 0x800009e4 (0x2021) x1  0x800009e6
core   0: 0x800009ec (0x00000711) c.addi  a4, 4
core   0: 3 0x800009ec (0x0711) x14 0x800009ac
core   0: 0x800009ee (0x0001c997) auipc   s3, 0x1c
core   0: 3 0x800009ee (0x0001c997) x19 0x8001c9ee
core   0: 0x800009f2 (0x35398993) addi    s3, s3, 851
core   0: 3 0x800009f2 (0x35398993) x19 0x8001cd41
core   0: 0x800009f6 (0x03ce6433) rem     s0, t3, t3
core   0: 3 0x800009f6 (0x03ce6433) x8  0x00000000
core   0: 0x800009fa (0xf519cd03) lbu     s10, -175(s3)
core   0: 3 0x800009fa (0xf519cd03) x26 0x00000000 mem 0x8001cc92
core   0: 0x800009fe (0x53047e13) andi    t3, s0, 1328
core   0: 3 0x800009fe (0x53047e13) x28 0x00000000
core   0: 0x80000a02 (0xf789c403) lbu     s0, -136(s3)
core   0: 3 0x80000a02 (0xf789c403) x8  0x00000000 mem 0x8001ccb9
core   0: 0x80000a06 (0x008f8333) add     t1, t6, s0
core   0: 3 0x80000a06 (0x008f8333) x6  0x00000000
core   0: 0x80000a0a (0x00006f91) c.lui   t6, 0x4
core   0: 3 0x80000a0a (0x6f91) x31 0x00004000
core   0: 0x80000a0c (0x0fc98423) sb      t3, 232(s3)
core   0: 3 0x80000a0c (0x0fc98423) mem 0x8001ce29 0x00
core   0: 0x80000a10 (0x04798d03) lb      s10, 71(s3)
core   0: 3 0x80000a10 (0x04798d03) x26 0x00000000 mem 0x8001cd88
core   0: 0x80000a14 (0xfd59df83) lhu     t6, -43(s3)
core   0: 3 0x80000a14 (0xfd59df83) x31 0x00000000 mem 0x8001cd16
core   0: 0x80000a18 (0x00630433) add     s0, t1, t1
core   0: 3 0x80000a18 (0x00630433) x8  0x00000000
core   0: 0x80000a1c (0xf5c98023) sb      t3, -192(s3)
core   0: 3 0x80000a1c (0xf5c98023) mem 0x8001cc81 0x00
core   0: 0x80000a20 (0x40645433) sra     s0, s0, t1
core   0: 3 0x80000a20 (0x40645433) x8  0x00000000
core   0: 0x80000a24 (0x02841333) mulh    t1, s0, s0
core   0: 3 0x80000a24 (0x02841333) x6  0x00000000
core   0: 0x80000a28 (0xf4d9dd03) lhu     s10, -179(s3)
core   0: 3 0x80000a28 (0xf4d9dd03) x26 0x00000000 mem 0x8001cc8e
core   0: 0x80000a2c (0x06498923) sb      tp, 114(s3)
core   0: 3 0x80000a2c (0x06498923) mem 0x8001cdb3 0x00
core   0: 0x80000a30 (0x01a36333) or      t1, t1, s10
core   0: 3 0x80000a30 (0x01a36333) x6  0x00000000
core   0: 0x80000a34 (0x00008c01) c.sub   s0, s0
core   0: 3 0x80000a34 (0x8c01) x8  0x00000000
core   0: 0x80000a36 (0x00000fe1) c.addi  t6, 24
core   0: 3 0x80000a36 (0x0fe1) x31 0x00000018
core   0: 0x80000a38 (0x03fd6e33) rem     t3, s10, t6
core   0: 3 0x80000a38 (0x03fd6e33) x28 0x00000000
core   0: 0x80000a3c (0x00000001) c.nop
core   0: 3 0x80000a3c (0x0001)
core   0: 0x80000a3e (0x07c98e03) lb      t3, 124(s3)
core   0: 3 0x80000a3e (0x07c98e03) x28 0x00000000 mem 0x8001cdbd
core   0: 0x80000a42 (0x028e4d33) div     s10, t3, s0
core   0: 3 0x80000a42 (0x028e4d33) x26 0xffffffff
core   0: 0x80000a46 (0x0089a7a3) sw      s0, 15(s3)
core   0: 3 0x80000a46 (0x0089a7a3) mem 0x8001cd50 0x00000000
core   0: 0x80000a4a (0x00008c41) c.or    s0, s0
core   0: 3 0x80000a4a (0x8c41) x8  0x00000000
core   0: 0x80000a4c (0xfcf9cf83) lbu     t6, -49(s3)
core   0: 3 0x80000a4c (0xfcf9cf83) x31 0x00000000 mem 0x8001cd10
core   0: 0x80000a50 (0x01cfed33) or      s10, t6, t3
core   0: 3 0x80000a50 (0x01cfed33) x26 0x00000000
core   0: 0x80000a54 (0x00008c01) c.sub   s0, s0
core   0: 3 0x80000a54 (0x8c01) x8  0x00000000
core   0: 0x80000a56 (0x0000807d) c.srli  s0, 31
core   0: 3 0x80000a56 (0x807d) x8  0x00000000
core   0: 0x80000a58 (0x03c21233) mulh    tp, tp, t3
core   0: 3 0x80000a58 (0x03c21233) x4  0x00000000
core   0: 0x80000a5c (0xe43d7413) andi    s0, s10, -445
core   0: 3 0x80000a5c (0xe43d7413) x8  0x00000000
core   0: 0x80000a60 (0x00008c01) c.sub   s0, s0
core   0: 3 0x80000a60 (0x8c01) x8  0x00000000
core   0: 0x80000a62 (0xf1a98203) lb      tp, -230(s3)
core   0: 3 0x80000a62 (0xf1a98203) x4  0x00000000 mem 0x8001cc5b
core   0: 0x80000a66 (0x00006f9d) c.lui   t6, 0x7
core   0: 3 0x80000a66 (0x6f9d) x31 0x00007000
core   0: 0x80000a68 (0xf4498da3) sb      tp, -165(s3)
core   0: 3 0x80000a68 (0xf4498da3) mem 0x8001cc9c 0x00
core   0: 0x80000a6c (0xfc19d203) lhu     tp, -63(s3)
core   0: 3 0x80000a6c (0xfc19d203) x4  0x00000000 mem 0x8001cd02
core   0: 0x80000a70 (0x006ff333) and     t1, t6, t1
core   0: 3 0x80000a70 (0x006ff333) x6  0x00000000
core   0: 0x80000a74 (0x41a35433) sra     s0, t1, s10
core   0: 3 0x80000a74 (0x41a35433) x8  0x00000000
core   0: 0x80000a78 (0x00008e72) c.mv    t3, t3
core   0: 3 0x80000a78 (0x8e72) x28 0x00000000
core   0: 0x80000a7a (0xfad99f83) lh      t6, -83(s3)
core   0: 3 0x80000a7a (0xfad99f83) x31 0x00000000 mem 0x8001ccee
core   0: 0x80000a7e (0x0349cd03) lbu     s10, 52(s3)
core   0: 3 0x80000a7e (0x0349cd03) x26 0x00000000 mem 0x8001cd75
core   0: 0x80000a82 (0xf8898823) sb      s0, -112(s3)
core   0: 3 0x80000a82 (0xf8898823) mem 0x8001ccd1 0x00
core   0: 0x80000a86 (0xff59cf83) lbu     t6, -11(s3)
core   0: 3 0x80000a86 (0xff59cf83) x31 0x00000000 mem 0x8001cd36
core   0: 0x80000a8a (0x00898723) sb      s0, 14(s3)
core   0: 3 0x80000a8a (0x00898723) mem 0x8001cd4f 0x00
core   0: 0x80000a8e (0x04598f83) lb      t6, 69(s3)
core   0: 3 0x80000a8e (0x04598f83) x31 0x00000000 mem 0x8001cd86
core   0: 0x80000a92 (0x0be98303) lb      t1, 190(s3)
core   0: 3 0x80000a92 (0x0be98303) x6  0x00000000 mem 0x8001cdff
core   0: 0x80000a96 (0xf7a984a3) sb      s10, -151(s3)
core   0: 3 0x80000a96 (0xf7a984a3) mem 0x8001ccaa 0x00
core   0: 0x80000a9a (0xfbf98a23) sb      t6, -76(s3)
core   0: 3 0x80000a9a (0xfbf98a23) mem 0x8001ccf5 0x00
core   0: 0x80000a9e (0x00019117) auipc   sp, 0x19
core   0: 3 0x80000a9e (0x00019117) x2  0x80019a9e
core   0: 0x80000aa2 (0x07e10113) addi    sp, sp, 126
core   0: 3 0x80000aa2 (0x07e10113) x2  0x80019b1c
core   0: 0x80000aa6 (0xfef12423) sw      a5, -24(sp)
core   0: 3 0x80000aa6 (0xfef12423) mem 0x80019b04 0x00000000
core   0: 0x80000aaa (0xfe314e83) lbu     t4, -29(sp)
core   0: 3 0x80000aaa (0xfe314e83) x29 0x00000000 mem 0x80019aff
core   0: 0x80000aae (0x6a058e93) addi    t4, a1, 1696
core   0: 3 0x80000aae (0x6a058e93) x29 0x8000107e
core   0: 0x80000ab2 (0x00008e0d) c.sub   a2, a1
core   0: 3 0x80000ab2 (0x8e0d) x12 0x0001319e
core   0: 0x80000ab4 (0x02010ca3) sb      zero, 57(sp)
core   0: 3 0x80000ab4 (0x02010ca3) mem 0x80019b55 0x00
core   0: 0x80000ab8 (0x41b35b33) sra     s6, t1, s11
core   0: 3 0x80000ab8 (0x41b35b33) x22 0x00000000
core   0: 0x80000abc (0xfe914283) lbu     t0, -23(sp)
core   0: 3 0x80000abc (0xfe914283) x5  0x00000000 mem 0x80019b05
core   0: 0x80000ac0 (0x408c8733) sub     a4, s9, s0
core   0: 3 0x80000ac0 (0x408c8733) x14 0x00000000
core   0: 0x80000ac4 (0x4078dcb3) sra     s9, a7, t2
core   0: 3 0x80000ac4 (0x4078dcb3) x25 0x80029ce4
core   0: 0x80000ac8 (0x0949cb37) lui     s6, 0x949c
core   0: 3 0x80000ac8 (0x0949cb37) x22 0x0949c000
core   0: 0x80000acc (0x00006769) c.lui   a4, 0x1a
core   0: 3 0x80000acc (0x6769) x14 0x0001a000
core   0: 0x80000ace (0x00005482) c.lwsp  s1, 32(sp)
core   0: 3 0x80000ace (0x5482) x9  0x00000000 mem 0x80019b3c
core   0: 0x80000ad0 (0x02610ba3) sb      t1, 55(sp)
core   0: 3 0x80000ad0 (0x02610ba3) mem 0x80019b53 0x00
core   0: 0x80000ad4 (0x00008629) c.srai  a2, 10
core   0: 3 0x80000ad4 (0x8629) x12 0x0000004c
core   0: 0x80000ad6 (0x00a14a83) lbu     s5, 10(sp)
core   0: 3 0x80000ad6 (0x00a14a83) x21 0x00000000 mem 0x80019b26
core   0: 0x80000ada (0x68a7ba17) auipc   s4, 0x68a7b
core   0: 3 0x80000ada (0x68a7ba17) x20 0xe8a7bada
core   0: 0x80000ade (0x02a14083) lbu     ra, 42(sp)
core   0: 3 0x80000ade (0x02a14083) x1  0x00000000 mem 0x80019b46
core   0: 0x80000ae2 (0x00008dad) c.xor   a1, a1
core   0: 3 0x80000ae2 (0x8dad) x11 0x00000000
core   0: 0x80000ae4 (0x0000ca3e) c.swsp  a5, 20(sp)
core   0: 3 0x80000ae4 (0xca3e) mem 0x80019b30 0x00000000
core   0: 0x80000ae6 (0xfdc15583) lhu     a1, -36(sp)
core   0: 3 0x80000ae6 (0xfdc15583) x11 0x00000000 mem 0x80019af8
core   0: 0x80000aea (0xfd610ba3) sb      s6, -41(sp)
core   0: 3 0x80000aea (0xfd610ba3) mem 0x80019af3 0x00
core   0: 0x80000aee (0x00008fcd) c.or    a5, a1
core   0: 3 0x80000aee (0x8fcd) x15 0x00000000
core   0: 0x80000af0 (0xfd812b03) lw      s6, -40(sp)
core   0: 3 0x80000af0 (0xfd812b03) x22 0x00000000 mem 0x80019af4
core   0: 0x80000af4 (0xfdd14b03) lbu     s6, -35(sp)
core   0: 3 0x80000af4 (0xfdd14b03) x22 0x00000000 mem 0x80019af9
core   0: 0x80000af8 (0x00f01f93) slli    t6, zero, 15
core   0: 3 0x80000af8 (0x00f01f93) x31 0x00000000
core   0: 0x80000afc (0x019b1993) slli    s3, s6, 25
core   0: 3 0x80000afc (0x019b1993) x19 0x00000000
core   0: 0x80000b00 (0xe46c8413) addi    s0, s9, -442
core   0: 3 0x80000b00 (0xe46c8413) x8  0x80029b2a
core   0: 0x80000b04 (0xbdfa2693) slti    a3, s4, -1057
core   0: 3 0x80000b04 (0xbdfa2693) x13 0x00000001
core   0: 0x80000b08 (0xff414983) lbu     s3, -12(sp)
core   0: 3 0x80000b08 (0xff414983) x19 0x00000000 mem 0x80019b10
core   0: 0x80000b0c (0x00004582) c.lwsp  a1, 0(sp)
core   0: 3 0x80000b0c (0x4582) x11 0x00000000 mem 0x80019b1c
core   0: 0x80000b0e (0xfeb11d23) sh      a1, -6(sp)
core   0: 3 0x80000b0e (0xfeb11d23) mem 0x80019b16 0x0000
core   0: 0x80000b12 (0x00b10a03) lb      s4, 11(sp)
core   0: 3 0x80000b12 (0x00b10a03) x20 0x00000000 mem 0x80019b27
core   0: 0x80000b16 (0xfc012183) lw      gp, -64(sp)
core   0: 3 0x80000b16 (0xfc012183) x3  0x00000000 mem 0x80019adc
core   0: 0x80000b1a (0x01c91513) slli    a0, s2, 28
core   0: 3 0x80000b1a (0x01c91513) x10 0x90000000
core   0: 0x80000b1e (0x00e6d713) srli    a4, a3, 14
core   0: 3 0x80000b1e (0x00e6d713) x14 0x00000000
core   0: 0x80000b22 (0x03a71f33) mulh    t5, a4, s10
core   0: 3 0x80000b22 (0x03a71f33) x30 0x00000000
core   0: 0x80000b26 (0x000093aa) c.add   t2, a0
core   0: 3 0x80000b26 (0x93aa) x7  0x90000000
core   0: 0x80000b28 (0x03067e33) remu    t3, a2, a6
core   0: 3 0x80000b28 (0x03067e33) x28 0x0000004c
core   0: 0x80000b2c (0x40aadcb3) sra     s9, s5, a0
core   0: 3 0x80000b2c (0x40aadcb3) x25 0x00000000
core   0: 0x80000b30 (0x01d14b03) lbu     s6, 29(sp)
core   0: 3 0x80000b30 (0x01d14b03) x22 0x00000000 mem 0x80019b39
core   0: 0x80000b34 (0x0031d193) srli    gp, gp, 3
core   0: 3 0x80000b34 (0x0031d193) x3  0x00000000
core   0: 0x80000b38 (0xfd110683) lb      a3, -47(sp)
core   0: 3 0x80000b38 (0xfd110683) x13 0x00000000 mem 0x80019aed
core   0: 0x80000b3c (0x01514683) lbu     a3, 21(sp)
core   0: 3 0x80000b3c (0x01514683) x13 0x00000000 mem 0x80019b31
core   0: 0x80000b40 (0x02266fb3) rem     t6, a2, sp
core   0: 3 0x80000b40 (0x02266fb3) x31 0x0000004c
core   0: 0x80000b44 (0x0000d862) c.swsp  s8, 48(sp)
core   0: 3 0x80000b44 (0xd862) mem 0x80019b4c 0x00000208
core   0: 0x80000b46 (0x0320076f) jal     a4, pc + 0x32
core   0: 3 0x80000b46 (0x0320076f) x14 0x80000b4a
core   0: 0x80000b78 (0xffdff0ef) jal     pc - 0x4
core   0: 3 0x80000b78 (0xffdff0ef) x1  0x80000b7c
core   0: 0x80000b74 (0xfddff56f) jal     a0, pc - 0x24
core   0: 3 0x80000b74 (0xfddff56f) x10 0x80000b78
core   0: 0x80000b50 (0x0000203d) c.jal   pc + 46
core   0: 3 0x80000b50 (0x203d) x1  0x80000b52
core   0: 0x80000b7e (0x000037ed) c.jal   pc - 22
core   0: 3 0x80000b7e (0x37ed) x1  0x80000b80
core   0: 0x80000b68 (0x0000bfd5) c.j     pc - 12
core   0: 3 0x80000b68 (0xbfd5)
core   0: 0x80000b5c (0x00002009) c.jal   pc + 2
core   0: 3 0x80000b5c (0x2009) x1  0x80000b5e
core   0: 0x80000b5e (0x000037f5) c.jal   pc - 20
core   0: 3 0x80000b5e (0x37f5) x1  0x80000b60
core   0: 0x80000b4a (0x0360036f) jal     t1, pc + 0x36
core   0: 3 0x80000b4a (0x0360036f) x6  0x80000b4e
core   0: 0x80000b80 (0x0000b7ed) c.j     pc - 22
core   0: 3 0x80000b80 (0xb7ed)
core   0: 0x80000b6a (0xff7ff5ef) jal     a1, pc - 0xa
core   0: 3 0x80000b6a (0xff7ff5ef) x11 0x80000b6e
core   0: 0x80000b60 (0xfefff0ef) jal     pc - 0x12
core   0: 3 0x80000b60 (0xfefff0ef) x1  0x80000b64
core   0: 0x80000b4e (0x00002015) c.jal   pc + 36
core   0: 3 0x80000b4e (0x2015) x1  0x80000b50
core   0: 0x80000b72 (0x0000bfcd) c.j     pc - 14
core   0: 3 0x80000b72 (0xbfcd)
core   0: 0x80000b64 (0xff7ff36f) jal     t1, pc - 0xa
core   0: 3 0x80000b64 (0xff7ff36f) x6  0x80000b68
core   0: 0x80000b5a (0x00003ff5) c.jal   pc - 4
core   0: 3 0x80000b5a (0x3ff5) x1  0x80000b5c
core   0: 0x80000b56 (0xffdff3ef) jal     t2, pc - 0x4
core   0: 3 0x80000b56 (0xffdff3ef) x7  0x80000b5a
core   0: 0x80000b52 (0x0000202d) c.jal   pc + 42
core   0: 3 0x80000b52 (0x202d) x1  0x80000b54
core   0: 0x80000b7c (0x00002019) c.jal   pc + 6
core   0: 3 0x80000b7c (0x2019) x1  0x80000b7e
core   0: 0x80000b82 (0xfd3ff0ef) jal     pc - 0x2e
core   0: 3 0x80000b82 (0xfd3ff0ef) x1  0x80000b86
core   0: 0x80000b54 (0x0000a829) c.j     pc + 26
core   0: 3 0x80000b54 (0xa829)
core   0: 0x80000b6e (0x018000ef) jal     pc + 0x18
core   0: 3 0x80000b6e (0x018000ef) x1  0x80000b72
core   0: 0x80000b86 (0x00006179) c.addi16sp sp, 464
core   0: 3 0x80000b86 (0x6179) x2  0x80019cec
core   0: 0x80000b88 (0x0220076f) jal     a4, pc + 0x22
core   0: 3 0x80000b88 (0x0220076f) x14 0x80000b8c
core   0: 0x80000baa (0x0000a021) c.j     pc + 8
core   0: 3 0x80000baa (0xa021)
core   0: 0x80000bb2 (0x0000b7cd) c.j     pc - 30
core   0: 3 0x80000bb2 (0xb7cd)
core   0: 0x80000b94 (0x00002809) c.jal   pc + 18
core   0: 3 0x80000b94 (0x2809) x1  0x80000b96
core   0: 0x80000ba6 (0xff7ff0ef) jal     pc - 0xa
core   0: 3 0x80000ba6 (0xff7ff0ef) x1  0x80000baa
core   0: 0x80000b9c (0x00003fc5) c.jal   pc - 16
core   0: 3 0x80000b9c (0x3fc5) x1  0x80000b9e
core   0: 0x80000b8c (0x00a000ef) jal     pc + 0xa
core   0: 3 0x80000b8c (0x00a000ef) x1  0x80000b90
core   0: 0x80000b96 (0x020000ef) jal     pc + 0x20
core   0: 3 0x80000b96 (0x020000ef) x1  0x80000b9a
core   0: 0x80000bb6 (0x0000bff1) c.j     pc - 36
core   0: 3 0x80000bb6 (0xbff1)
core   0: 0x80000b92 (0x0000a839) c.j     pc + 30
core   0: 3 0x80000b92 (0xa839)
core   0: 0x80000bb0 (0x0000b7ed) c.j     pc - 22
core   0: 3 0x80000bb0 (0xb7ed)
core   0: 0x80000b9a (0x0000a019) c.j     pc + 6
core   0: 3 0x80000b9a (0xa019)
core   0: 0x80000ba0 (0x0000a009) c.j     pc + 2
core   0: 3 0x80000ba0 (0xa009)
core   0: 0x80000ba2 (0x012000ef) jal     pc + 0x12
core   0: 3 0x80000ba2 (0x012000ef) x1  0x80000ba6
core   0: 0x80000bb4 (0x0000b7ed) c.j     pc - 22
core   0: 3 0x80000bb4 (0xb7ed)
core   0: 0x80000b9e (0x00003fcd) c.jal   pc - 14
core   0: 3 0x80000b9e (0x3fcd) x1  0x80000ba0
core   0: 0x80000b90 (0x00002831) c.jal   pc + 28
core   0: 3 0x80000b90 (0x2831) x1  0x80000b92
core   0: 0x80000bac (0x00c0036f) jal     t1, pc + 0xc
core   0: 3 0x80000bac (0x00c0036f) x6  0x80000bb0
core   0: 0x80000bb8 (0x0000717d) c.addi16sp sp, -16
core   0: 3 0x80000bb8 (0x717d) x2  0x80019cdc
core   0: 0x80000bba (0x0340076f) jal     a4, pc + 0x34
core   0: 3 0x80000bba (0x0340076f) x14 0x80000bbe
core   0: 0x80000bee (0x00003fd9) c.jal   pc - 42
core   0: 3 0x80000bee (0x3fd9) x1  0x80000bf0
core   0: 0x80000bc4 (0x01c000ef) jal     pc + 0x1c
core   0: 3 0x80000bc4 (0x01c000ef) x1  0x80000bc8
core   0: 0x80000be0 (0xfffff0ef) jal     pc - 0x2
core   0: 3 0x80000be0 (0xfffff0ef) x1  0x80000be4
core   0: 0x80000bde (0x00002809) c.jal   pc + 18
core   0: 3 0x80000bde (0x2809) x1  0x80000be0
core   0: 0x80000bf0 (0x0000b7f5) c.j     pc - 20
core   0: 3 0x80000bf0 (0xb7f5)
core   0: 0x80000bdc (0x000037f5) c.jal   pc - 20
core   0: 3 0x80000bdc (0x37f5) x1  0x80000bde
core   0: 0x80000bc8 (0x00c000ef) jal     pc + 0xc
core   0: 3 0x80000bc8 (0x00c000ef) x1  0x80000bcc
core   0: 0x80000bd4 (0xfebff0ef) jal     pc - 0x16
core   0: 3 0x80000bd4 (0xfebff0ef) x1  0x80000bd8
core   0: 0x80000bbe (0x0000a025) c.j     pc + 40
core   0: 3 0x80000bbe (0xa025)
core   0: 0x80000be6 (0x0000a031) c.j     pc + 12
core   0: 3 0x80000be6 (0xa031)
core   0: 0x80000bf2 (0x0000bfed) c.j     pc - 6
core   0: 3 0x80000bf2 (0xbfed)
core   0: 0x80000bec (0x0000b7d5) c.j     pc - 28
core   0: 3 0x80000bec (0xb7d5)
core   0: 0x80000bd0 (0x00003ffd) c.jal   pc - 2
core   0: 3 0x80000bd0 (0x3ffd) x1  0x80000bd2
core   0: 0x80000bce (0x0000a01d) c.j     pc + 38
core   0: 3 0x80000bce (0xa01d)
core   0: 0x80000bf4 (0x0000bff9) c.j     pc - 34
core   0: 3 0x80000bf4 (0xbff9)
core   0: 0x80000bd2 (0x0000a819) c.j     pc + 22
core   0: 3 0x80000bd2 (0xa819)
core   0: 0x80000be8 (0x00003fc5) c.jal   pc - 16
core   0: 3 0x80000be8 (0x3fc5) x1  0x80000bea
core   0: 0x80000bd8 (0xff5ffb6f) jal     s6, pc - 0xc
core   0: 3 0x80000bd8 (0xff5ffb6f) x22 0x80000bdc
core   0: 0x80000bcc (0x00002821) c.jal   pc + 24
core   0: 3 0x80000bcc (0x2821) x1  0x80000bce
core   0: 0x80000be4 (0x0000a019) c.j     pc + 6
core   0: 3 0x80000be4 (0xa019)
core   0: 0x80000bea (0x0000a031) c.j     pc + 12
core   0: 3 0x80000bea (0xa031)
core   0: 0x80000bf6 (0x0000b7e9) c.j     pc - 54
core   0: 3 0x80000bf6 (0xb7e9)
core   0: 0x80000bc0 (0x0380036f) jal     t1, pc + 0x38
core   0: 3 0x80000bc0 (0x0380036f) x6  0x80000bc4
core   0: 0x80000bf8 (0x00000001) c.nop
core   0: 3 0x80000bf8 (0x0001)
core   0: 0x80000bfa (0x00c0076f) jal     a4, pc + 0xc
core   0: 3 0x80000bfa (0x00c0076f) x14 0x80000bfe
core   0: 0x80000c06 (0x00002831) c.jal   pc + 28
core   0: 3 0x80000c06 (0x2831) x1  0x80000c08
core   0: 0x80000c22 (0x00002029) c.jal   pc + 10
core   0: 3 0x80000c22 (0x2029) x1  0x80000c24
core   0: 0x80000c2c (0x000037fd) c.jal   pc - 18
core   0: 3 0x80000c2c (0x37fd) x1  0x80000c2e
core   0: 0x80000c1a (0x0000b7e5) c.j     pc - 24
core   0: 3 0x80000c1a (0xb7e5)
core   0: 0x80000c02 (0x0000a031) c.j     pc + 12
core   0: 3 0x80000c02 (0xa031)
core   0: 0x80000c0e (0x0000a009) c.j     pc + 2
core   0: 3 0x80000c0e (0xa009)
core   0: 0x80000c10 (0xff9ff0ef) jal     pc - 0x8
core   0: 3 0x80000c10 (0xff9ff0ef) x1  0x80000c14
core   0: 0x80000c08 (0x02c000ef) jal     pc + 0x2c
core   0: 3 0x80000c08 (0x02c000ef) x1  0x80000c0c
core   0: 0x80000c34 (0x00003ff5) c.jal   pc - 4
core   0: 3 0x80000c34 (0x3ff5) x1  0x80000c36
core   0: 0x80000c30 (0x000037dd) c.jal   pc - 26
core   0: 3 0x80000c30 (0x37dd) x1  0x80000c32
core   0: 0x80000c16 (0x00e000ef) jal     pc + 0xe
core   0: 3 0x80000c16 (0x00e000ef) x1  0x80000c1a
core   0: 0x80000c24 (0x0000a809) c.j     pc + 18
core   0: 3 0x80000c24 (0xa809)
core   0: 0x80000c36 (0x0000bfd5) c.j     pc - 12
core   0: 3 0x80000c36 (0xbfd5)
core   0: 0x80000c2a (0x00003ffd) c.jal   pc - 2
core   0: 3 0x80000c2a (0x3ffd) x1  0x80000c2c
core   0: 0x80000c28 (0x0000bfd5) c.j     pc - 12
core   0: 3 0x80000c28 (0xbfd5)
core   0: 0x80000c1c (0x0000a809) c.j     pc + 18
core   0: 3 0x80000c1c (0xa809)
core   0: 0x80000c2e (0x00003fe5) c.jal   pc - 8
core   0: 3 0x80000c2e (0x3fe5) x1  0x80000c30
core   0: 0x80000c26 (0x0000bff9) c.j     pc - 34
core   0: 3 0x80000c26 (0xbff9)
core   0: 0x80000c04 (0x0000a021) c.j     pc + 8
core   0: 3 0x80000c04 (0xa021)
core   0: 0x80000c0c (0x00003fcd) c.jal   pc - 14
core   0: 3 0x80000c0c (0x3fcd) x1  0x80000c0e
core   0: 0x80000bfe (0x0340026f) jal     tp, pc + 0x34
core   0: 3 0x80000bfe (0x0340026f) x4  0x80000c02
core   0: 0x80000c32 (0x0000b7f5) c.j     pc - 20
core   0: 3 0x80000c32 (0xb7f5)
core   0: 0x80000c1e (0xff7ff36f) jal     t1, pc - 0xa
core   0: 3 0x80000c1e (0xff7ff36f) x6  0x80000c22
core   0: 0x80000c14 (0x00002015) c.jal   pc + 36
core   0: 3 0x80000c14 (0x2015) x1  0x80000c16
core   0: 0x80000c38 (0xf0088613) addi    a2, a7, -256
core   0: 3 0x80000c38 (0xf0088613) x12 0x80029be4
core   0: 0x80000c3c (0x0300076f) jal     a4, pc + 0x30
core   0: 3 0x80000c3c (0x0300076f) x14 0x80000c40
core   0: 0x80000c6c (0x0000bfd5) c.j     pc - 12
core   0: 3 0x80000c6c (0xbfd5)
core   0: 0x80000c60 (0x0000bfc5) c.j     pc - 16
core   0: 3 0x80000c60 (0xbfc5)
core   0: 0x80000c50 (0x0000a031) c.j     pc + 12
core   0: 3 0x80000c50 (0xa031)
core   0: 0x80000c5c (0x0000b7dd) c.j     pc - 26
core   0: 3 0x80000c5c (0xb7dd)
core   0: 0x80000c42 (0x0000201d) c.jal   pc + 38
core   0: 3 0x80000c42 (0x201d) x1  0x80000c44
core   0: 0x80000c68 (0x00002009) c.jal   pc + 2
core   0: 3 0x80000c68 (0x2009) x1  0x80000c6a
core   0: 0x80000c6a (0x00003fe9) c.jal   pc - 38
core   0: 3 0x80000c6a (0x3fe9) x1  0x80000c6c
core   0: 0x80000c44 (0x020006ef) jal     a3, pc + 0x20
core   0: 3 0x80000c44 (0x020006ef) x13 0x80000c48
core   0: 0x80000c64 (0xff7ff0ef) jal     pc - 0xa
core   0: 3 0x80000c64 (0xff7ff0ef) x1  0x80000c68
core   0: 0x80000c5a (0x000037dd) c.jal   pc - 26
core   0: 3 0x80000c5a (0x37dd) x1  0x80000c5c
core   0: 0x80000c40 (0x00002839) c.jal   pc + 30
core   0: 3 0x80000c40 (0x2839) x1  0x80000c42
core   0: 0x80000c5e (0x000037f5) c.jal   pc - 20
core   0: 3 0x80000c5e (0x37f5) x1  0x80000c60
core   0: 0x80000c4a (0x0000a015) c.j     pc + 36
core   0: 3 0x80000c4a (0xa015)
core   0: 0x80000c6e (0x0000bfe9) c.j     pc - 38
core   0: 3 0x80000c6e (0xbfe9)
core   0: 0x80000c48 (0x00002801) c.jal   pc + 16
core   0: 3 0x80000c48 (0x2801) x1  0x80000c4a
core   0: 0x80000c58 (0x00003ff5) c.jal   pc - 4
core   0: 3 0x80000c58 (0x3ff5) x1  0x80000c5a
core   0: 0x80000c54 (0x0000bffd) c.j     pc - 2
core   0: 3 0x80000c54 (0xbffd)
core   0: 0x80000c52 (0x00003fed) c.jal   pc - 6
core   0: 3 0x80000c52 (0x3fed) x1  0x80000c54
core   0: 0x80000c4c (0x016000ef) jal     pc + 0x16
core   0: 3 0x80000c4c (0x016000ef) x1  0x80000c50
core   0: 0x80000c62 (0x0000bfd5) c.j     pc - 12
core   0: 3 0x80000c62 (0xbfd5)
core   0: 0x80000c56 (0x0000a829) c.j     pc + 26
core   0: 3 0x80000c56 (0xa829)
core   0: 0x80000c70 (0x414a8833) sub     a6, s5, s4
core   0: 3 0x80000c70 (0x414a8833) x16 0x00000000
core   0: 0x80000c74 (0x00017117) auipc   sp, 0x17
core   0: 3 0x80000c74 (0x00017117) x2  0x80017c74
core   0: 0x80000c78 (0xfb910113) addi    sp, sp, -71
core   0: 3 0x80000c78 (0xfb910113) x2  0x80017c2d
core   0: 0x80000c7c (0x00008d01) c.sub   a0, s0
core   0: 3 0x80000c7c (0x8d01) x10 0xfffd704e
core   0: 0x80000c7e (0x03c85b33) divu    s6, a6, t3
core   0: 3 0x80000c7e (0x03c85b33) x22 0x00000000
core   0: 0x80000c82 (0xfc114d83) lbu     s11, -63(sp)
core   0: 3 0x80000c82 (0xfc114d83) x27 0x00000000 mem 0x80017bee
core   0: 0x80000c86 (0xf8414983) lbu     s3, -124(sp)
core   0: 3 0x80000c86 (0xf8414983) x19 0x00000000 mem 0x80017bb1
core   0: 0x80000c8a (0x02a11fa3) sh      a0, 63(sp)
core   0: 3 0x80000c8a (0x02a11fa3) mem 0x80017c6c 0x704e
core   0: 0x80000c8e (0xfcf10523) sb      a5, -54(sp)
core   0: 3 0x80000c8e (0xfcf10523) mem 0x80017bf7 0x00
core   0: 0x80000c92 (0xf5010f23) sb      a6, -162(sp)
core   0: 3 0x80000c92 (0xf5010f23) mem 0x80017b8b 0x00
core   0: 0x80000c96 (0xf3510203) lb      tp, -203(sp)
core   0: 3 0x80000c96 (0xf3510203) x4  0x00000000 mem 0x80017b62
core   0: 0x80000c9a (0xf7f10523) sb      t6, -150(sp)
core   0: 3 0x80000c9a (0xf7f10523) mem 0x80017b97 0x4c
core   0: 0x80000c9e (0x03115983) lhu     s3, 49(sp)
core   0: 3 0x80000c9e (0x03115983) x19 0x00000000 mem 0x80017c5e
core   0: 0x80000ca2 (0x02493cb3) mulhu   s9, s2, tp
core   0: 3 0x80000ca2 (0x02493cb3) x25 0x00000000
core   0: 0x80000ca6 (0xf1014483) lbu     s1, -240(sp)
core   0: 3 0x80000ca6 (0xf1014483) x9  0x00000000 mem 0x80017b3d
core   0: 0x80000caa (0xbb3b4813) xori    a6, s6, -1101
core   0: 3 0x80000caa (0xbb3b4813) x16 0xfffffbb3
core   0: 0x80000cae (0x09e14083) lbu     ra, 158(sp)
core   0: 3 0x80000cae (0x09e14083) x1  0x00000000 mem 0x80017ccb
core   0: 0x80000cb2 (0x03a2af33) mulhsu  t5, t0, s10
core   0: 3 0x80000cb2 (0x03a2af33) x30 0x00000000
core   0: 0x80000cb6 (0x000055fd) c.li    a1, -1
core   0: 3 0x80000cb6 (0x55fd) x11 0xffffffff
core   0: 0x80000cb8 (0xf08104a3) sb      s0, -247(sp)
core   0: 3 0x80000cb8 (0xf08104a3) mem 0x80017b36 0x2a
core   0: 0x80000cbc (0x0f7110a3) sh      s7, 225(sp)
core   0: 3 0x80000cbc (0x0f7110a3) mem 0x80017d0e 0x5e64
core   0: 0x80000cc0 (0xf77114a3) sh      s7, -151(sp)
core   0: 3 0x80000cc0 (0xf77114a3) mem 0x80017b96 0x5e64
core   0: 0x80000cc4 (0x00000216) c.slli  tp, 5
core   0: 3 0x80000cc4 (0x0216) x4  0x00000000
core   0: 0x80000cc6 (0x0c311ba3) sh      gp, 215(sp)
core   0: 3 0x80000cc6 (0x0c311ba3) mem 0x80017d04 0x0000
core   0: 0x80000cca (0x0fd10d83) lb      s11, 253(sp)
core   0: 3 0x80000cca (0x0fd10d83) x27 0x00000000 mem 0x80017d2a
core   0: 0x80000cce (0x788c4093) xori    ra, s8, 1928
core   0: 3 0x80000cce (0x788c4093) x1  0x00000580
core   0: 0x80000cd2 (0x0000839d) c.srli  a5, 7
core   0: 3 0x80000cd2 (0x839d) x15 0x00000000
core   0: 0x80000cd4 (0xf8014e83) lbu     t4, -128(sp)
core   0: 3 0x80000cd4 (0xf8014e83) x29 0x00000000 mem 0x80017bad
core   0: 0x80000cd8 (0x039c87b3) mul     a5, s9, s9
core   0: 3 0x80000cd8 (0x039c87b3) x15 0x00000000
core   0: 0x80000cdc (0x06214083) lbu     ra, 98(sp)
core   0: 3 0x80000cdc (0x06214083) x1  0x00000000 mem 0x80017c8f
core   0: 0x80000ce0 (0x00000001) c.nop
core   0: 3 0x80000ce0 (0x0001)
core   0: 0x80000ce2 (0x00d10d23) sb      a3, 26(sp)
core   0: 3 0x80000ce2 (0x00d10d23) mem 0x80017c47 0x48
core   0: 0x80000ce6 (0x00ae3533) sltu    a0, t3, a0
core   0: 3 0x80000ce6 (0x00ae3533) x10 0x00000001
core   0: 0x80000cea (0xf3410483) lb      s1, -204(sp)
core   0: 3 0x80000cea (0xf3410483) x9  0x00000000 mem 0x80017b61
core   0: 0x80000cee (0x0000fa17) auipc   s4, 0xf
core   0: 3 0x80000cee (0x0000fa17) x20 0x8000fcee
core   0: 0x80000cf2 (0x5f5a0a13) addi    s4, s4, 1525
core   0: 3 0x80000cf2 (0x5f5a0a13) x20 0x800102e3
core   0: 0x80000cf6 (0x63d13b13) sltiu   s6, sp, 1597
core   0: 3 0x80000cf6 (0x63d13b13) x22 0x00000000
core   0: 0x80000cfa (0x02196ab3) rem     s5, s2, ra
core   0: 3 0x80000cfa (0x02196ab3) x21 0x8c90aa29
core   0: 0x80000cfe (0xdd5a26a3) sw      s5, -563(s4)
core   0: 3 0x80000cfe (0xdd5a26a3) mem 0x800100b0 0x8c90aa29
core   0: 0x80000d02 (0x006c4033) xor     zero, s8, t1
core   0: 3 0x80000d02 (0x006c4033)
core   0: 0x80000d06 (0x306bb613) sltiu   a2, s7, 774
core   0: 3 0x80000d06 (0x306bb613) x12 0x00000000
core   0: 0x80000d0a (0x2daa0103) lb      sp, 730(s4)
core   0: 3 0x80000d0a (0x2daa0103) x2  0x00000000 mem 0x800105bd
core   0: 0x80000d0e (0x57ea0d83) lb      s11, 1406(s4)
core   0: 3 0x80000d0e (0x57ea0d83) x27 0x00000000 mem 0x80010861
core   0: 0x80000d12 (0x0eca0a23) sb      a2, 244(s4)
core   0: 3 0x80000d12 (0x0eca0a23) mem 0x800103d7 0x00
core   0: 0x80000d16 (0x00008632) c.mv    a2, a2
core   0: 3 0x80000d16 (0x8632) x12 0x00000000
core   0: 0x80000d18 (0x372a4c83) lbu     s9, 882(s4)
core   0: 3 0x80000d18 (0x372a4c83) x25 0x00000000 mem 0x80010655
core   0: 0x80000d1c (0x002ed233) srl     tp, t4, sp
core   0: 3 0x80000d1c (0x002ed233) x4  0x00000000
core   0: 0x80000d20 (0x58aa13a3) sh      a0, 1415(s4)
core   0: 3 0x80000d20 (0x58aa13a3) mem 0x8001086a 0x0001
core   0: 0x80000d24 (0x6daa4f03) lbu     t5, 1754(s4)
core   0: 3 0x80000d24 (0x6daa4f03) x30 0x00000000 mem 0x800109bd
core   0: 0x80000d28 (0x00000001) c.nop
core   0: 3 0x80000d28 (0x0001)
core   0: 0x80000d2a (0x63fa1ca3) sh      t6, 1593(s4)
core   0: 3 0x80000d2a (0x63fa1ca3) mem 0x8001091c 0x004c
core   0: 0x80000d2e (0x00717b33) and     s6, sp, t2
core   0: 3 0x80000d2e (0x00717b33) x22 0x00000000
core   0: 0x80000d32 (0x6c5a15a3) sh      t0, 1739(s4)
core   0: 3 0x80000d32 (0x6c5a15a3) mem 0x800109ae 0x0000
core   0: 0x80000d36 (0x422a0803) lb      a6, 1058(s4)
core   0: 3 0x80000d36 (0x422a0803) x16 0x00000000 mem 0x80010705
core   0: 0x80000d3a (0x2f1a5803) lhu     a6, 753(s4)
core   0: 3 0x80000d3a (0x2f1a5803) x16 0x00000000 mem 0x800105d4
core   0: 0x80000d3e (0x4a9a0723) sb      s1, 1198(s4)
core   0: 3 0x80000d3e (0x4a9a0723) mem 0x80010791 0x00
core   0: 0x80000d42 (0xe1ba1f83) lh      t6, -485(s4)
core   0: 3 0x80000d42 (0xe1ba1f83) x31 0x00000000 mem 0x800100fe
core   0: 0x80000d46 (0x7c7a1403) lh      s0, 1991(s4)
core   0: 3 0x80000d46 (0x7c7a1403) x8  0x00000000 mem 0x80010aaa
core   0: 0x80000d4a (0x413e53b3) sra     t2, t3, s3
core   0: 3 0x80000d4a (0x413e53b3) x7  0x0000004c
core   0: 0x80000d4e (0x00008005) c.srli  s0, 1
core   0: 3 0x80000d4e (0x8005) x8  0x00000000
core   0: 0x80000d50 (0x00008551) c.srai  a0, 20
core   0: 3 0x80000d50 (0x8551) x10 0x00000000
core   0: 0x80000d52 (0x03feadb3) mulhsu  s11, t4, t6
core   0: 3 0x80000d52 (0x03feadb3) x27 0x00000000
core   0: 0x80000d56 (0x00008fad) c.xor   a5, a1
core   0: 3 0x80000d56 (0x8fad) x15 0xffffffff
core   0: 0x80000d58 (0x6bda5083) lhu     ra, 1725(s4)
core   0: 3 0x80000d58 (0x6bda5083) x1  0x00000000 mem 0x800109a0
core   0: 0x80000d5c (0x085bb113) sltiu   sp, s7, 133
core   0: 3 0x80000d5c (0x085bb113) x2  0x00000000
core   0: 0x80000d60 (0xfada4283) lbu     t0, -83(s4)
core   0: 3 0x80000d60 (0xfada4283) x5  0x00000000 mem 0x80010290
core   0: 0x80000d64 (0x0000043a) c.slli  s0, 14
core   0: 3 0x80000d64 (0x043a) x8  0x00000000
core   0: 0x80000d66 (0x658a11a3) sh      s8, 1603(s4)
core   0: 3 0x80000d66 (0x658a11a3) mem 0x80010926 0x0208
core   0: 0x80000d6a (0x53fa4403) lbu     s0, 1343(s4)
core   0: 3 0x80000d6a (0x53fa4403) x8  0x00000000 mem 0x80010822
core   0: 0x80000d6e (0x40768eb3) sub     t4, a3, t2
core   0: 3 0x80000d6e (0x40768eb3) x29 0x80000bfc
core   0: 0x80000d72 (0x219a1da3) sh      s9, 539(s4)
core   0: 3 0x80000d72 (0x219a1da3) mem 0x800104fe 0x0000
core   0: 0x80000d76 (0x016779b3) and     s3, a4, s6
core   0: 3 0x80000d76 (0x016779b3) x19 0x00000000
core   0: 0x80000d7a (0x361a18a3) sh      ra, 881(s4)
core   0: 3 0x80000d7a (0x361a18a3) mem 0x80010654 0x0000
core   0: 0x80000d7e (0x19aa0f83) lb      t6, 410(s4)
core   0: 3 0x80000d7e (0x19aa0f83) x31 0x00000000 mem 0x8001047d
core   0: 0x80000d82 (0x437a1283) lh      t0, 1079(s4)
core   0: 3 0x80000d82 (0x437a1283) x5  0x00000000 mem 0x8001071a
core   0: 0x80000d86 (0x0c2a0e83) lb      t4, 194(s4)
core   0: 3 0x80000d86 (0x0c2a0e83) x29 0x00000000 mem 0x800103a5
core   0: 0x80000d8a (0x20ca0223) sb      a2, 516(s4)
core   0: 3 0x80000d8a (0x20ca0223) mem 0x800104e7 0x00
core   0: 0x80000d8e (0x0040076f) jal     a4, pc + 0x4
core   0: 3 0x80000d8e (0x0040076f) x14 0x80000d92
core   0: 0x80000d92 (0x01400e6f) jal     t3, pc + 0x14
core   0: 3 0x80000d92 (0x01400e6f) x28 0x80000d96
core   0: 0x80000da6 (0xff3ff0ef) jal     pc - 0xe
core   0: 3 0x80000da6 (0xff3ff0ef) x1  0x80000daa
core   0: 0x80000d98 (0x00002819) c.jal   pc + 22
core   0: 3 0x80000d98 (0x2819) x1  0x80000d9a
core   0: 0x80000dae (0xff7ff9ef) jal     s3, pc - 0xa
core   0: 3 0x80000dae (0xff7ff9ef) x19 0x80000db2
core   0: 0x80000da4 (0x00003ff5) c.jal   pc - 4
core   0: 3 0x80000da4 (0x3ff5) x1  0x80000da6
core   0: 0x80000da0 (0x00a000ef) jal     pc + 0xa
core   0: 3 0x80000da0 (0x00a000ef) x1  0x80000da4
core   0: 0x80000daa (0xff1ffe6f) jal     t3, pc - 0x10
core   0: 3 0x80000daa (0xff1ffe6f) x28 0x80000dae
core   0: 0x80000d9a (0x0040026f) jal     tp, pc + 0x4
core   0: 3 0x80000d9a (0x0040026f) x4  0x80000d9e
core   0: 0x80000d9e (0x00003fe5) c.jal   pc - 8
core   0: 3 0x80000d9e (0x3fe5) x1  0x80000da0
core   0: 0x80000d96 (0x0000a831) c.j     pc + 28
core   0: 3 0x80000d96 (0xa831)
core   0: 0x80000db2 (0xb11ae493) ori     s1, s5, -1263
core   0: 3 0x80000db2 (0xb11ae493) x9  0xfffffb39
core   0: 0x80000db6 (0x00010e17) auipc   t3, 0x10
core   0: 3 0x80000db6 (0x00010e17) x28 0x80010db6
core   0: 0x80000dba (0x1f1e0e13) addi    t3, t3, 497
core   0: 3 0x80000dba (0x1f1e0e13) x28 0x80010fa7
core   0: 0x80000dbe (0xfc0e0483) lb      s1, -64(t3)
core   0: 3 0x80000dbe (0xfc0e0483) x9  0x00000000 mem 0x80010f67
core   0: 0x80000dc2 (0x02531ab3) mulh    s5, t1, t0
core   0: 3 0x80000dc2 (0x02531ab3) x21 0x00000000
core   0: 0x80000dc6 (0x03c02b33) mulhsu  s6, zero, t3
core   0: 3 0x80000dc6 (0x03c02b33) x22 0x00000000
core   0: 0x80000dca (0xfc0e4383) lbu     t2, -64(t3)
core   0: 3 0x80000dca (0xfc0e4383) x7  0x00000000 mem 0x80010f67
core   0: 0x80000dce (0x69739a37) lui     s4, 0x69739
core   0: 3 0x80000dce (0x69739a37) x20 0x69739000
core   0: 0x80000dd2 (0x00008c29) c.xor   s0, a0
core   0: 3 0x80000dd2 (0x8c29) x8  0x00000000
core   0: 0x80000dd4 (0xa8f74837) lui     a6, 0xa8f74
core   0: 3 0x80000dd4 (0xa8f74837) x16 0xa8f74000
core   0: 0x80000dd8 (0xfc0e0f03) lb      t5, -64(t3)
core   0: 3 0x80000dd8 (0xfc0e0f03) x30 0x00000000 mem 0x80010f67
core   0: 0x80000ddc (0x02b49033) mulh    zero, s1, a1
core   0: 3 0x80000ddc (0x02b49033)
core   0: 0x80000de0 (0x02502f33) mulhsu  t5, zero, t0
core   0: 3 0x80000de0 (0x02502f33) x30 0x00000000
core   0: 0x80000de4 (0xfdde0023) sb      t4, -64(t3)
core   0: 3 0x80000de4 (0xfdde0023) mem 0x80010f67 0x00
core   0: 0x80000de8 (0xfc0e4683) lbu     a3, -64(t3)
core   0: 3 0x80000de8 (0xfc0e4683) x13 0x00000000 mem 0x80010f67
core   0: 0x80000dec (0xfc0e4683) lbu     a3, -64(t3)
core   0: 3 0x80000dec (0xfc0e4683) x13 0x00000000 mem 0x80010f67
core   0: 0x80000df0 (0xfc0e0383) lb      t2, -64(t3)
core   0: 3 0x80000df0 (0xfc0e0383) x7  0x00000000 mem 0x80010f67
core   0: 0x80000df4 (0xfcbe0023) sb      a1, -64(t3)
core   0: 3 0x80000df4 (0xfcbe0023) mem 0x80010f67 0xff
core   0: 0x80000df8 (0xfc2e4a03) lbu     s4, -62(t3)
core   0: 3 0x80000df8 (0xfc2e4a03) x20 0x00000000 mem 0x80010f69
core   0: 0x80000dfc (0xfc2e4a03) lbu     s4, -62(t3)
core   0: 3 0x80000dfc (0xfc2e4a03) x20 0x00000000 mem 0x80010f69
core   0: 0x80000e00 (0x019e2283) lw      t0, 25(t3)
core   0: 3 0x80000e00 (0x019e2283) x5  0x00000000 mem 0x80010fc0
core   0: 0x80000e04 (0x019e0a03) lb      s4, 25(t3)
core   0: 3 0x80000e04 (0x019e0a03) x20 0x00000000 mem 0x80010fc0
core   0: 0x80000e08 (0x019e5703) lhu     a4, 25(t3)
core   0: 3 0x80000e08 (0x019e5703) x14 0x00000000 mem 0x80010fc0
core   0: 0x80000e0c (0x00ce2ca3) sw      a2, 25(t3)
core   0: 3 0x80000e0c (0x00ce2ca3) mem 0x80010fc0 0x00000000
core   0: 0x80000e10 (0x019e5583) lhu     a1, 25(t3)
core   0: 3 0x80000e10 (0x019e5583) x11 0x00000000 mem 0x80010fc0
core   0: 0x80000e14 (0x001e2ca3) sw      ra, 25(t3)
core   0: 3 0x80000e14 (0x001e2ca3) mem 0x80010fc0 0x80000da0
core   0: 0x80000e18 (0x012e1ca3) sh      s2, 25(t3)
core   0: 3 0x80000e18 (0x012e1ca3) mem 0x80010fc0 0xaa29
core   0: 0x80000e1c (0x0000f117) auipc   sp, 0xf
core   0: 3 0x80000e1c (0x0000f117) x2  0x8000fe1c
core   0: 0x80000e20 (0x50b10113) addi    sp, sp, 1291
core   0: 3 0x80000e20 (0x50b10113) x2  0x80010327
core   0: 0x80000e24 (0x4520ff93) andi    t6, ra, 1106
core   0: 3 0x80000e24 (0x4520ff93) x31 0x00000400
core   0: 0x80000e28 (0xff214503) lbu     a0, -14(sp)
core   0: 3 0x80000e28 (0xff214503) x10 0x00000000 mem 0x80010319
core   0: 0x80000e2c (0x00008791) c.srai  a5, 4
core   0: 3 0x80000e2c (0x8791) x15 0xffffffff
core   0: 0x80000e2e (0xffb15983) lhu     s3, -5(sp)
core   0: 3 0x80000e2e (0xffb15983) x19 0x00000000 mem 0x80010322
core   0: 0x80000e32 (0x00000de2) c.slli  s11, 24
core   0: 3 0x80000e32 (0x0de2) x27 0x00000000
core   0: 0x80000e34 (0xe995cd93) xori    s11, a1, -359
core   0: 3 0x80000e34 (0xe995cd93) x27 0xfffffe99
core   0: 0x80000e38 (0xff711e83) lh      t4, -9(sp)
core   0: 3 0x80000e38 (0xff711e83) x29 0x00000000 mem 0x8001031e
core   0: 0x80000e3c (0xfe210c23) sb      sp, -8(sp)
core   0: 3 0x80000e3c (0xfe210c23) mem 0x8001031f 0x27
core   0: 0x80000e40 (0x00115603) lhu     a2, 1(sp)
core   0: 3 0x80000e40 (0x00115603) x12 0x00000000 mem 0x80010328
core   0: 0x80000e44 (0x02b26cb3) rem     s9, tp, a1
core   0: 3 0x80000e44 (0x02b26cb3) x25 0x80000d9e
core   0: 0x80000e48 (0x00482433) slt     s0, a6, tp
core   0: 3 0x80000e48 (0x00482433) x8  0x00000000
core   0: 0x80000e4c (0x03930b33) mul     s6, t1, s9
core   0: 3 0x80000e4c (0x03930b33) x22 0x00a536fc
core   0: 0x80000e50 (0x00b11f83) lh      t6, 11(sp)
core   0: 3 0x80000e50 (0x00b11f83) x31 0x00000000 mem 0x80010332
core   0: 0x80000e54 (0x00008579) c.srai  a0, 30
core   0: 3 0x80000e54 (0x8579) x10 0x00000000
core   0: 0x80000e56 (0xff410983) lb      s3, -12(sp)
core   0: 3 0x80000e56 (0xff410983) x19 0x00000000 mem 0x8001031b
core   0: 0x80000e5a (0xfec10ca3) sb      a2, -7(sp)
core   0: 3 0x80000e5a (0xfec10ca3) mem 0x80010320 0x00
core   0: 0x80000e5e (0x41635013) srai    zero, t1, 22
core   0: 3 0x80000e5e (0x41635013)
core   0: 0x80000e62 (0x41e98cb3) sub     s9, s3, t5
core   0: 3 0x80000e62 (0x41e98cb3) x25 0x00000000
core   0: 0x80000e66 (0xff512f03) lw      t5, -11(sp)
core   0: 3 0x80000e66 (0xff512f03) x30 0x27000000 mem 0x8001031c
core   0: 0x80000e6a (0x01ab5e33) srl     t3, s6, s10
core   0: 3 0x80000e6a (0x01ab5e33) x28 0x00a536fc
core   0: 0x80000e6e (0x00000cce) c.slli  s9, 19
core   0: 3 0x80000e6e (0x0cce) x25 0x00000000
core   0: 0x80000e70 (0xff110b23) sb      a7, -10(sp)
core   0: 3 0x80000e70 (0xff110b23) mem 0x8001031d 0xe4
core   0: 0x80000e74 (0xff110a03) lb      s4, -15(sp)
core   0: 3 0x80000e74 (0xff110a03) x20 0x00000000 mem 0x80010318
core   0: 0x80000e78 (0x00000001) c.nop
core   0: 3 0x80000e78 (0x0001)
core   0: 0x80000e7a (0xce42bd13) sltiu   s10, t0, -796
core   0: 3 0x80000e7a (0xce42bd13) x26 0x00000001
core   0: 0x80000e7e (0x01555433) srl     s0, a0, s5
core   0: 3 0x80000e7e (0x01555433) x8  0x00000000
core   0: 0x80000e82 (0x40e706b3) sub     a3, a4, a4
core   0: 3 0x80000e82 (0x40e706b3) x13 0x00000000
core   0: 0x80000e86 (0x010ae7b3) or      a5, s5, a6
core   0: 3 0x80000e86 (0x010ae7b3) x15 0xa8f74000
core   0: 0x80000e8a (0x02b5ba33) mulhu   s4, a1, a1
core   0: 3 0x80000e8a (0x02b5ba33) x20 0x00000000
core   0: 0x80000e8e (0x0189f633) and     a2, s3, s8
core   0: 3 0x80000e8e (0x0189f633) x12 0x00000000
core   0: 0x80000e92 (0xfef10f23) sb      a5, -2(sp)
core   0: 3 0x80000e92 (0xfef10f23) mem 0x80010325 0x00
core   0: 0x80000e96 (0x00b10303) lb      t1, 11(sp)
core   0: 3 0x80000e96 (0x00b10303) x6  0x00000000 mem 0x80010332
core   0: 0x80000e9a (0x000087f5) c.srai  a5, 29
core   0: 3 0x80000e9a (0x87f5) x15 0xfffffffd
core   0: 0x80000e9c (0x533ea793) slti    a5, t4, 1331
core   0: 3 0x80000e9c (0x533ea793) x15 0x00000001
core   0: 0x80000ea0 (0x00710723) sb      t2, 14(sp)
core   0: 3 0x80000ea0 (0x00710723) mem 0x80010335 0x00
core   0: 0x80000ea4 (0x03a0d333) divu    t1, ra, s10
core   0: 3 0x80000ea4 (0x03a0d333) x6  0x80000da0
core   0: 0x80000ea8 (0x01014183) lbu     gp, 16(sp)
core   0: 3 0x80000ea8 (0x01014183) x3  0x00000000 mem 0x80010337
core   0: 0x80000eac (0x00714a83) lbu     s5, 7(sp)
core   0: 3 0x80000eac (0x00714a83) x21 0x00000000 mem 0x8001032e
core   0: 0x80000eb0 (0x018115a3) sh      s8, 11(sp)
core   0: 3 0x80000eb0 (0x018115a3) mem 0x80010332 0x0208
core   0: 0x80000eb4 (0xff210783) lb      a5, -14(sp)
core   0: 3 0x80000eb4 (0xff210783) x15 0x00000000 mem 0x80010319
core   0: 0x80000eb8 (0x00008c85) c.sub   s1, s1
core   0: 3 0x80000eb8 (0x8c85) x9  0x00000000
core   0: 0x80000eba (0x025666b3) rem     a3, a2, t0
core   0: 3 0x80000eba (0x025666b3) x13 0x00000000
core   0: 0x80000ebe (0x00510183) lb      gp, 5(sp)
core   0: 3 0x80000ebe (0x00510183) x3  0x00000000 mem 0x8001032c
core   0: 0x80000ec2 (0x02100cb3) mul     s9, zero, ra
core   0: 3 0x80000ec2 (0x02100cb3) x25 0x00000000
core   0: 0x80000ec6 (0x01889693) slli    a3, a7, 24
core   0: 3 0x80000ec6 (0x01889693) x13 0xe4000000
core   0: 0x80000eca (0xffb11803) lh      a6, -5(sp)
core   0: 3 0x80000eca (0xffb11803) x16 0x00000000 mem 0x80010322
core   0: 0x80000ece (0x00020097) auipc   ra, 0x20
core   0: 3 0x80000ece (0x00020097) x1  0x80020ece
core   0: 0x80000ed2 (0xc0f08093) addi    ra, ra, -1009
core   0: 3 0x80000ed2 (0xc0f08093) x1  0x80020add
core   0: 0x80000ed6 (0xfd108283) lb      t0, -47(ra)
core   0: 3 0x80000ed6 (0xfd108283) x5  0x00000000 mem 0x80020aae
core   0: 0x80000eda (0x417153b3) sra     t2, sp, s7
core   0: 3 0x80000eda (0x417153b3) x7  0xf8001032
core   0: 0x80000ede (0x000005ea) c.slli  a1, 26
core   0: 3 0x80000ede (0x05ea) x11 0x00000000
core   0: 0x80000ee0 (0xf100ce83) lbu     t4, -240(ra)
core   0: 3 0x80000ee0 (0xf100ce83) x29 0x00000000 mem 0x800209ed
core   0: 0x80000ee4 (0xfb908203) lb      tp, -71(ra)
core   0: 3 0x80000ee4 (0xfb908203) x4  0x00000000 mem 0x80020a96
core   0: 0x80000ee8 (0x034889b3) mul     s3, a7, s4
core   0: 3 0x80000ee8 (0x034889b3) x19 0x00000000
core   0: 0x80000eec (0xfcc0c103) lbu     sp, -52(ra)
core   0: 3 0x80000eec (0xfcc0c103) x2  0x00000000 mem 0x80020aa9
core   0: 0x80000ef0 (0x00008c5d) c.or    s0, a5
core   0: 3 0x80000ef0 (0x8c5d) x8  0x00000000
core   0: 0x80000ef2 (0x0000059c) c.addi4spn a5, sp, 704
core   0: 3 0x80000ef2 (0x059c) x15 0x000002c0
core   0: 0x80000ef4 (0x0cf08a23) sb      a5, 212(ra)
core   0: 3 0x80000ef4 (0x0cf08a23) mem 0x80020bb1 0xc0
core   0: 0x80000ef8 (0x01b7d2b3) srl     t0, a5, s11
core   0: 3 0x80000ef8 (0x01b7d2b3) x5  0x00000000
core   0: 0x80000efc (0x00009d66) c.add   s10, s9
core   0: 3 0x80000efc (0x9d66) x26 0x00000001
core   0: 0x80000efe (0xfec08403) lb      s0, -20(ra)
core   0: 3 0x80000efe (0xfec08403) x8  0x00000000 mem 0x80020ac9
core   0: 0x80000f02 (0x03629e33) mulh    t3, t0, s6
core   0: 3 0x80000f02 (0x03629e33) x28 0x00000000
core   0: 0x80000f06 (0x0c508d23) sb      t0, 218(ra)
core   0: 3 0x80000f06 (0x0c508d23) mem 0x80020bb7 0x00
core   0: 0x80000f0a (0x810e0593) addi    a1, t3, -2032
core   0: 3 0x80000f0a (0x810e0593) x11 0xfffff810
core   0: 0x80000f0e (0xf7a08003) lb      zero, -134(ra)
core   0: 3 0x80000f0e (0xf7a08003) mem 0x80020a57
core   0: 0x80000f12 (0x0d908f23) sb      s9, 222(ra)
core   0: 3 0x80000f12 (0x0d908f23) mem 0x80020bbb 0x00
core   0: 0x80000f16 (0x04f08003) lb      zero, 79(ra)
core   0: 3 0x80000f16 (0x04f08003) mem 0x80020b2c
core   0: 0x80000f1a (0xf460ce03) lbu     t3, -186(ra)
core   0: 3 0x80000f1a (0xf460ce03) x28 0x00000000 mem 0x80020a23
core   0: 0x80000f1e (0x006c22b3) slt     t0, s8, t1
core   0: 3 0x80000f1e (0x006c22b3) x5  0x00000000
core   0: 0x80000f22 (0x01d726b3) slt     a3, a4, t4
core   0: 3 0x80000f22 (0x01d726b3) x13 0x00000000
core   0: 0x80000f26 (0xfd60cb03) lbu     s6, -42(ra)
core   0: 3 0x80000f26 (0xfd60cb03) x22 0x00000000 mem 0x80020ab3
core   0: 0x80000f2a (0x00d8ccb3) xor     s9, a7, a3
core   0: 3 0x80000f2a (0x00d8ccb3) x25 0x80029ce4
core   0: 0x80000f2e (0xf1908c83) lb      s9, -231(ra)
core   0: 3 0x80000f2e (0xf1908c83) x25 0x00000000 mem 0x800209f6
core   0: 0x80000f32 (0x8ae64993) xori    s3, a2, -1874
core   0: 3 0x80000f32 (0x8ae64993) x19 0xfffff8ae
core   0: 0x80000f36 (0xfcb08b23) sb      a1, -42(ra)
core   0: 3 0x80000f36 (0xfcb08b23) mem 0x80020ab3 0x10
core   0: 0x80000f3a (0x03c4a033) mulhsu  zero, s1, t3
core   0: 3 0x80000f3a (0x03c4a033)
core   0: 0x80000f3e (0x06c0c383) lbu     t2, 108(ra)
core   0: 3 0x80000f3e (0x06c0c383) x7  0x00000000 mem 0x80020b49
core   0: 0x80000f42 (0xf710c203) lbu     tp, -143(ra)
core   0: 3 0x80000f42 (0xf710c203) x4  0x00000000 mem 0x80020a4e
core   0: 0x80000f46 (0x01a097b3) sll     a5, ra, s10
core   0: 3 0x80000f46 (0x01a097b3) x15 0x000415ba
core   0: 0x80000f4a (0x01709b03) lh      s6, 23(ra)
core   0: 3 0x80000f4a (0x01709b03) x22 0x00000000 mem 0x80020af4
core   0: 0x80000f4e (0x41ba57b3) sra     a5, s4, s11
core   0: 3 0x80000f4e (0x41ba57b3) x15 0x00000000
core   0: 0x80000f52 (0x02f106b3) mul     a3, sp, a5
core   0: 3 0x80000f52 (0x02f106b3) x13 0x00000000
core   0: 0x80000f56 (0x40d68e33) sub     t3, a3, a3
core   0: 3 0x80000f56 (0x40d68e33) x28 0x00000000
core   0: 0x80000f5a (0xf080c103) lbu     sp, -248(ra)
core   0: 3 0x80000f5a (0xf080c103) x2  0x00000000 mem 0x800209e5
core   0: 0x80000f5e (0x5fb1f393) andi    t2, gp, 1531
core   0: 3 0x80000f5e (0x5fb1f393) x7  0x00000000
core   0: 0x80000f62 (0x01556d33) or      s10, a0, s5
core   0: 3 0x80000f62 (0x01556d33) x26 0x00000000
core   0: 0x80000f66 (0x40d25d93) srai    s11, tp, 13
core   0: 3 0x80000f66 (0x40d25d93) x27 0x00000000
core   0: 0x80000f6a (0xf1508d23) sb      s5, -230(ra)
core   0: 3 0x80000f6a (0xf1508d23) mem 0x800209f7 0x00
core   0: 0x80000f6e (0x1670ec13) ori     s8, ra, 359
core   0: 3 0x80000f6e (0x1670ec13) x24 0x80020bff
core   0: 0x80000f72 (0x00005afd) c.li    s5, -1
core   0: 3 0x80000f72 (0x5afd) x21 0xffffffff
core   0: 0x80000f74 (0xf9094237) lui     tp, 0xf9094
core   0: 3 0x80000f74 (0xf9094237) x4  0xf9094000
core   0: 0x80000f78 (0xfcd0da03) lhu     s4, -51(ra)
core   0: 3 0x80000f78 (0xfcd0da03) x20 0x00000000 mem 0x80020aaa
core   0: 0x80000f7c (0x00825a93) srli    s5, tp, 8
core   0: 3 0x80000f7c (0x00825a93) x21 0x00f90940
core   0: 0x80000f80 (0x05109f03) lh      t5, 81(ra)
core   0: 3 0x80000f80 (0x05109f03) x30 0x00000000 mem 0x80020b2e
core   0: 0x80000f84 (0x02df3533) mulhu   a0, t5, a3
core   0: 3 0x80000f84 (0x02df3533) x10 0x00000000
core   0: 0x80000f88 (0x41d0da13) srai    s4, ra, 29
core   0: 3 0x80000f88 (0x41d0da13) x20 0xfffffffc
core   0: 0x80000f8c (0xf3408503) lb      a0, -204(ra)
core   0: 3 0x80000f8c (0xf3408503) x10 0x00000000 mem 0x80020a11
core   0: 0x80000f90 (0x02746fb3) rem     t6, s0, t2
core   0: 3 0x80000f90 (0x02746fb3) x31 0x00000000
core   0: 0x80000f94 (0x02c0cc03) lbu     s8, 44(ra)
core   0: 3 0x80000f94 (0x02c0cc03) x24 0x00000000 mem 0x80020b09
core   0: 0x80000f98 (0x001a1493) slli    s1, s4, 1
core   0: 3 0x80000f98 (0x001a1493) x9  0xfffffff8
core   0: 0x80000f9c (0x00708803) lb      a6, 7(ra)
core   0: 3 0x80000f9c (0x00708803) x16 0x00000000 mem 0x80020ae4
core   0: 0x80000fa0 (0xf93087a3) sb      s3, -113(ra)
core   0: 3 0x80000fa0 (0xf93087a3) mem 0x80020a6c 0xae
core   0: 0x80000fa4 (0x0160076f) jal     a4, pc + 0x16
core   0: 3 0x80000fa4 (0x0160076f) x14 0x80000fa8
core   0: 0x80000fba (0x0000a031) c.j     pc + 12
core   0: 3 0x80000fba (0xa031)
core   0: 0x80000fc6 (0x0000bfc5) c.j     pc - 16
core   0: 3 0x80000fc6 (0xbfc5)
core   0: 0x80000fb6 (0xff3ff36f) jal     t1, pc - 0xe
core   0: 3 0x80000fb6 (0xff3ff36f) x6  0x80000fba
core   0: 0x80000fa8 (0x0180036f) jal     t1, pc + 0x18
core   0: 3 0x80000fa8 (0x0180036f) x6  0x80000fac
core   0: 0x80000fc0 (0x0000bfcd) c.j     pc - 14
core   0: 3 0x80000fc0 (0xbfcd)
core   0: 0x80000fb2 (0xffbff9ef) jal     s3, pc - 0x6
core   0: 3 0x80000fb2 (0xffbff9ef) x19 0x80000fb6
core   0: 0x80000fac (0x00002819) c.jal   pc + 22
core   0: 3 0x80000fac (0x2819) x1  0x80000fae
core   0: 0x80000fc2 (0xfedff2ef) jal     t0, pc - 0x14
core   0: 3 0x80000fc2 (0xfedff2ef) x5  0x80000fc6
core   0: 0x80000fae (0x0000a009) c.j     pc + 2
core   0: 3 0x80000fae (0xa009)
core   0: 0x80000fb0 (0x0000a031) c.j     pc + 12
core   0: 3 0x80000fb0 (0xa031)
core   0: 0x80000fbc (0x00c0016f) jal     sp, pc + 0xc
core   0: 3 0x80000fbc (0x00c0016f) x2  0x80000fc0
core   0: 0x80000fc8 (0x02335b33) divu    s6, t1, gp
core   0: 3 0x80000fc8 (0x02335b33) x22 0xffffffff
core   0: 0x80000fcc (0x0000470d) c.li    a4, 3
core   0: 3 0x80000fcc (0x470d) x14 0x00000003
core   0: 0x80000fce (0x00004d45) c.li    s10, 17
core   0: 3 0x80000fce (0x4d45) x26 0x00000011
core   0: 0x80000fd0 (0x0281ef33) rem     t5, gp, s0
core   0: 3 0x80000fd0 (0x0281ef33) x30 0x00000000
core   0: 0x80000fd4 (0x00000725) c.addi  a4, 9
core   0: 3 0x80000fd4 (0x0725) x14 0x0000000c
core   0: 0x80000fd6 (0x0ca35817) auipc   a6, 0xca35
core   0: 3 0x80000fd6 (0x0ca35817) x16 0x8ca35fd6
core   0: 0x80000fda (0x007f8e33) add     t3, t6, t2
core   0: 3 0x80000fda (0x007f8e33) x28 0x00000000
core   0: 0x80000fde (0x00004f95) c.li    t6, 5
core   0: 3 0x80000fde (0x4f95) x31 0x00000005
core   0: 0x80000fe0 (0x019c5533) srl     a0, s8, s9
core   0: 3 0x80000fe0 (0x019c5533) x10 0x00000000
core   0: 0x80000fe4 (0x00004c81) c.li    s9, 0
core   0: 3 0x80000fe4 (0x4c81) x25 0x00000000
core   0: 0x80000fe6 (0x00008d21) c.xor   a0, s0
core   0: 3 0x80000fe6 (0x8d21) x10 0x00000000
core   0: 0x80000fe8 (0x03237133) remu    sp, t1, s2
core   0: 3 0x80000fe8 (0x03237133) x2  0x80000fac
core   0: 0x80000fec (0x00001fd9) c.addi  t6, -10
core   0: 3 0x80000fec (0x1fd9) x31 0xfffffffb
core   0: 0x80000fee (0xff9fdde3) bge     t6, s9, pc - 6
core   0: 3 0x80000fee (0xff9fdde3)
core   0: 0x80000ff2 (0x03d53c33) mulhu   s8, a0, t4
core   0: 3 0x80000ff2 (0x03d53c33) x24 0x00000000
core   0: 0x80000ff6 (0xfda74de3) blt     a4, s10, pc - 38
core   0: 3 0x80000ff6 (0xfda74de3)
core   0: 0x80000fd0 (0x0281ef33) rem     t5, gp, s0
core   0: 3 0x80000fd0 (0x0281ef33) x30 0x00000000
core   0: 0x80000fd4 (0x00000725) c.addi  a4, 9
core   0: 3 0x80000fd4 (0x0725) x14 0x00000015
core   0: 0x80000fd6 (0x0ca35817) auipc   a6, 0xca35
core   0: 3 0x80000fd6 (0x0ca35817) x16 0x8ca35fd6
core   0: 0x80000fda (0x007f8e33) add     t3, t6, t2
core   0: 3 0x80000fda (0x007f8e33) x28 0xfffffffb
core   0: 0x80000fde (0x00004f95) c.li    t6, 5
core   0: 3 0x80000fde (0x4f95) x31 0x00000005
core   0: 0x80000fe0 (0x019c5533) srl     a0, s8, s9
core   0: 3 0x80000fe0 (0x019c5533) x10 0x00000000
core   0: 0x80000fe4 (0x00004c81) c.li    s9, 0
core   0: 3 0x80000fe4 (0x4c81) x25 0x00000000
core   0: 0x80000fe6 (0x00008d21) c.xor   a0, s0
core   0: 3 0x80000fe6 (0x8d21) x10 0x00000000
core   0: 0x80000fe8 (0x03237133) remu    sp, t1, s2
core   0: 3 0x80000fe8 (0x03237133) x2  0x80000fac
core   0: 0x80000fec (0x00001fd9) c.addi  t6, -10
core   0: 3 0x80000fec (0x1fd9) x31 0xfffffffb
core   0: 0x80000fee (0xff9fdde3) bge     t6, s9, pc - 6
core   0: 3 0x80000fee (0xff9fdde3)
core   0: 0x80000ff2 (0x03d53c33) mulhu   s8, a0, t4
core   0: 3 0x80000ff2 (0x03d53c33) x24 0x00000000
core   0: 0x80000ff6 (0xfda74de3) blt     a4, s10, pc - 38
core   0: 3 0x80000ff6 (0xfda74de3)
core   0: 0x80000ffa (0x00000001) c.nop
core   0: 3 0x80000ffa (0x0001)
core   0: 0x80000ffc (0x00020117) auipc   sp, 0x20
core   0: 3 0x80000ffc (0x00020117) x2  0x80020ffc
core   0: 0x80001000 (0xd9a10113) addi    sp, sp, -614
core   0: 3 0x80001000 (0xd9a10113) x2  0x80020d96
core   0: 0x80001004 (0xe28103a3) sb      s0, -473(sp)
core   0: 3 0x80001004 (0xe28103a3) mem 0x80020bbd 0x00
core   0: 0x80001008 (0xe3414403) lbu     s0, -460(sp)
core   0: 3 0x80001008 (0xe3414403) x8  0x00000000 mem 0x80020bca
core   0: 0x8000100c (0x02ba0533) mul     a0, s4, a1
core   0: 3 0x8000100c (0x02ba0533) x10 0x00001fc0
core   0: 0x80001010 (0x000086a5) c.srai  a3, 9
core   0: 3 0x80001010 (0x86a5) x13 0x00000000
core   0: 0x80001012 (0xc4411283) lh      t0, -956(sp)
core   0: 3 0x80001012 (0xc4411283) x5  0x00000000 mem 0x800209da
core   0: 0x80001016 (0x038d1fb3) mulh    t6, s10, s8
core   0: 3 0x80001016 (0x038d1fb3) x31 0x00000000
core   0: 0x8000101a (0x00008561) c.srai  a0, 24
core   0: 3 0x8000101a (0x8561) x10 0x00000000
core   0: 0x8000101c (0xc2b11d23) sh      a1, -966(sp)
core   0: 3 0x8000101c (0xc2b11d23) mem 0x800209d0 0xf810
core   0: 0x80001020 (0x1176e593) ori     a1, a3, 279
core   0: 3 0x80001020 (0x1176e593) x11 0x00000117
core   0: 0x80001024 (0xed411723) sh      s4, -306(sp)
core   0: 3 0x80001024 (0xed411723) mem 0x80020c64 0xfffc
core   0: 0x80001028 (0xaa8f6a13) ori     s4, t5, -1368
core   0: 3 0x80001028 (0xaa8f6a13) x20 0xfffffaa8
core   0: 0x8000102c (0x1c993193) sltiu   gp, s2, 457
core   0: 3 0x8000102c (0x1c993193) x3  0x00000000
core   0: 0x80001030 (0xd4910c83) lb      s9, -695(sp)
core   0: 3 0x80001030 (0xd4910c83) x25 0x00000000 mem 0x80020adf
core   0: 0x80001034 (0x7e826497) auipc   s1, 0x7e826
core   0: 3 0x80001034 (0x7e826497) x9  0xfe827034
core   0: 0x80001038 (0x0000527d) c.li    tp, -1
core   0: 3 0x80001038 (0x527d) x4  0xffffffff
core   0: 0x8000103a (0xba910803) lb      a6, -1111(sp)
core   0: 3 0x8000103a (0xba910803) x16 0x00000000 mem 0x8002093f
core   0: 0x8000103e (0x00375b33) srl     s6, a4, gp
core   0: 3 0x8000103e (0x00375b33) x22 0x00000015
core   0: 0x80001042 (0x00008485) c.srai  s1, 1
core   0: 3 0x80001042 (0x8485) x9  0xff41381a
core   0: 0x80001044 (0xc6d10803) lb      a6, -915(sp)
core   0: 3 0x80001044 (0xc6d10803) x16 0x00000000 mem 0x80020a03
core   0: 0x80001048 (0x000082ed) c.srli  a3, 27
core   0: 3 0x80001048 (0x82ed) x13 0x00000000
core   0: 0x8000104a (0xf4214c83) lbu     s9, -190(sp)
core   0: 3 0x8000104a (0xf4214c83) x25 0x00000000 mem 0x80020cd8
core   0: 0x8000104e (0xe4e10423) sb      a4, -440(sp)
core   0: 3 0x8000104e (0xe4e10423) mem 0x80020bde 0x15
core   0: 0x80001052 (0x0340eeb3) rem     t4, ra, s4
core   0: 3 0x80001052 (0x0340eeb3) x29 0xffffffb6
core   0: 0x80001056 (0xdd8108a3) sb      s8, -559(sp)
core   0: 3 0x80001056 (0xdd8108a3) mem 0x80020b67 0x00
core   0: 0x8000105a (0xb3811523) sh      s8, -1238(sp)
core   0: 3 0x8000105a (0xb3811523) mem 0x800208c0 0x0000
core   0: 0x8000105e (0x9ac106a3) sb      a2, -1619(sp)
core   0: 3 0x8000105e (0x9ac106a3) mem 0x80020743 0x00
core   0: 0x80001062 (0x276106a3) sb      s6, 621(sp)
core   0: 3 0x80001062 (0x276106a3) mem 0x80021003 0x15
core   0: 0x80001066 (0x00008d19) c.sub   a0, a4
core   0: 3 0x80001066 (0x8d19) x10 0xffffffeb
core   0: 0x80001068 (0xc5010f23) sb      a6, -930(sp)
core   0: 3 0x80001068 (0xc5010f23) mem 0x800209f4 0x00
core   0: 0x8000106c (0xf6310a03) lb      s4, -157(sp)
core   0: 3 0x8000106c (0xf6310a03) x20 0x00000000 mem 0x80020cf9
core   0: 0x80001070 (0x00000001) c.nop
core   0: 3 0x80001070 (0x0001)
core   0: 0x80001072 (0xe1340193) addi    gp, s0, -493
core   0: 3 0x80001072 (0xe1340193) x3  0xfffffe13
core   0: 0x80001076 (0xd4610a03) lb      s4, -698(sp)
core   0: 3 0x80001076 (0xd4610a03) x20 0x00000000 mem 0x80020adc
core   0: 0x8000107a (0xcec3b837) lui     a6, 0xcec3b
core   0: 3 0x8000107a (0xcec3b837) x16 0xcec3b000
core   0: 0x8000107e (0xab810a23) sb      s8, -1356(sp)
core   0: 3 0x8000107e (0xab810a23) mem 0x8002084a 0x00
core   0: 0x80001082 (0x03cb42b3) div     t0, s6, t3
core   0: 3 0x80001082 (0x03cb42b3) x5  0xfffffffc
core   0: 0x80001086 (0x27314f83) lbu     t6, 627(sp)
core   0: 3 0x80001086 (0x27314f83) x31 0x00000000 mem 0x80021009
core   0: 0x8000108a (0x8c614b03) lbu     s6, -1850(sp)
core   0: 3 0x8000108a (0x8c614b03) x22 0x00000000 mem 0x8002065c
core   0: 0x8000108e (0xf6811303) lh      t1, -152(sp)
core   0: 3 0x8000108e (0xf6811303) x6  0x00000000 mem 0x80020cfe
core   0: 0x80001092 (0x00159513) slli    a0, a1, 1
core   0: 3 0x80001092 (0x00159513) x10 0x0000022e
core   0: 0x80001096 (0x2ac10483) lb      s1, 684(sp)
core   0: 3 0x80001096 (0x2ac10483) x9  0x00000000 mem 0x80021042
core   0: 0x8000109a (0xd3a14003) lbu     zero, -710(sp)
core   0: 3 0x8000109a (0xd3a14003) mem 0x80020ad0
core   0: 0x8000109e (0xad210d23) sb      s2, -1318(sp)
core   0: 3 0x8000109e (0xad210d23) mem 0x80020870 0x29
core   0: 0x800010a2 (0x40645e13) srai    t3, s0, 6
core   0: 3 0x800010a2 (0x40645e13) x28 0x00000000
core   0: 0x800010a6 (0xba611c83) lh      s9, -1114(sp)
core   0: 3 0x800010a6 (0xba611c83) x25 0x00000000 mem 0x8002093c
core   0: 0x800010aa (0x00016417) auipc   s0, 0x16
core   0: 3 0x800010aa (0x00016417) x8  0x800170aa
core   0: 0x800010ae (0x55340413) addi    s0, s0, 1363
core   0: 3 0x800010ae (0x55340413) x8  0x800175fd
core   0: 0x800010b2 (0xffb41ea3) sh      s11, -3(s0)
core   0: 3 0x800010b2 (0xffb41ea3) mem 0x800175fa 0x0000
core   0: 0x800010b6 (0x02cdda33) divu    s4, s11, a2
core   0: 3 0x800010b6 (0x02cdda33) x20 0xffffffff
core   0: 0x800010ba (0x00540583) lb      a1, 5(s0)
core   0: 3 0x800010ba (0x00540583) x11 0x00000000 mem 0x80017602
core   0: 0x800010be (0x00c44a83) lbu     s5, 12(s0)
core   0: 3 0x800010be (0x00c44a83) x21 0x00000000 mem 0x80017609
core   0: 0x800010c2 (0x03560633) mul     a2, a2, s5
core   0: 3 0x800010c2 (0x03560633) x12 0x00000000
core   0: 0x800010c6 (0xfeb41fa3) sh      a1, -1(s0)
core   0: 3 0x800010c6 (0xfeb41fa3) mem 0x800175fc 0x0000
core   0: 0x800010ca (0x415a8ab3) sub     s5, s5, s5
core   0: 3 0x800010ca (0x415a8ab3) x21 0x00000000
core   0: 0x800010ce (0x00008df1) c.and   a1, a2
core   0: 3 0x800010ce (0x8df1) x11 0x00000000
core   0: 0x800010d0 (0xffd45d83) lhu     s11, -3(s0)
core   0: 3 0x800010d0 (0xffd45d83) x27 0x00000000 mem 0x800175fa
core   0: 0x800010d4 (0x00340423) sb      gp, 8(s0)
core   0: 3 0x800010d4 (0x00340423) mem 0x80017605 0x13
core   0: 0x800010d8 (0xfff44d83) lbu     s11, -1(s0)
core   0: 3 0x800010d8 (0xfff44d83) x27 0x00000000 mem 0x800175fc
core   0: 0x800010dc (0x561a2193) slti    gp, s4, 1377
core   0: 3 0x800010dc (0x561a2193) x3  0x00000001
core   0: 0x800010e0 (0xff644183) lbu     gp, -10(s0)
core   0: 3 0x800010e0 (0xff644183) x3  0x00000000 mem 0x800175f3
core   0: 0x800010e4 (0x3d31cd93) xori    s11, gp, 979
core   0: 3 0x800010e4 (0x3d31cd93) x27 0x000003d3
core   0: 0x800010e8 (0xff444d83) lbu     s11, -12(s0)
core   0: 3 0x800010e8 (0xff444d83) x27 0x00000000 mem 0x800175f1
core   0: 0x800010ec (0xffe44583) lbu     a1, -2(s0)
core   0: 3 0x800010ec (0xffe44583) x11 0x00000000 mem 0x800175fb
core   0: 0x800010f0 (0x03baf1b3) remu    gp, s5, s11
core   0: 3 0x800010f0 (0x03baf1b3) x3  0x00000000
core   0: 0x800010f4 (0x000091ae) c.add   gp, a1
core   0: 3 0x800010f4 (0x91ae) x3  0x00000000
core   0: 0x800010f6 (0x01559a33) sll     s4, a1, s5
core   0: 3 0x800010f6 (0x01559a33) x20 0x00000000
core   0: 0x800010fa (0xff341d83) lh      s11, -13(s0)
core   0: 3 0x800010fa (0xff341d83) x27 0x00000000 mem 0x800175f0
core   0: 0x800010fe (0xfff45183) lhu     gp, -1(s0)
core   0: 3 0x800010fe (0xfff45183) x3  0x00000000 mem 0x800175fc
core   0: 0x80001102 (0x00141183) lh      gp, 1(s0)
core   0: 3 0x80001102 (0x00141183) x3  0x00000000 mem 0x800175fe
core   0: 0x80001106 (0x00008d8d) c.sub   a1, a1
core   0: 3 0x80001106 (0x8d8d) x11 0x00000000
core   0: 0x80001108 (0xff244d83) lbu     s11, -14(s0)
core   0: 3 0x80001108 (0xff244d83) x27 0x00000000 mem 0x800175ef
core   0: 0x8000110c (0xff540a23) sb      s5, -12(s0)
core   0: 3 0x8000110c (0xff540a23) mem 0x800175f1 0x00
core   0: 0x80001110 (0xfec41da3) sh      a2, -5(s0)
core   0: 3 0x80001110 (0xfec41da3) mem 0x800175f8 0x0000
core   0: 0x80001114 (0x00e44603) lbu     a2, 14(s0)
core   0: 3 0x80001114 (0x00e44603) x12 0x00000000 mem 0x8001760b
core   0: 0x80001118 (0xffd45603) lhu     a2, -3(s0)
core   0: 3 0x80001118 (0xffd45603) x12 0x00000000 mem 0x800175fa
core   0: 0x8000111c (0xfec42fa3) sw      a2, -1(s0)
core   0: 3 0x8000111c (0xfec42fa3) mem 0x800175fc 0x00000000
core   0: 0x80001120 (0x00a44a83) lbu     s5, 10(s0)
core   0: 3 0x80001120 (0x00a44a83) x21 0x00000000 mem 0x80017607
core   0: 0x80001124 (0x00004585) c.li    a1, 1
core   0: 3 0x80001124 (0x4585) x11 0x00000001
core   0: 0x80001126 (0x02001f33) mulh    t5, zero, zero
core   0: 3 0x80001126 (0x02001f33) x30 0x00000000
core   0: 0x8000112a (0x00008d49) c.or    a0, a0
core   0: 3 0x8000112a (0x8d49) x10 0x0000022e
core   0: 0x8000112c (0x03d64ab3) div     s5, a2, t4
core   0: 3 0x8000112c (0x03d64ab3) x21 0x00000000
core   0: 0x80001130 (0x0000527d) c.li    tp, -1
core   0: 3 0x80001130 (0x527d) x4  0xffffffff
core   0: 0x80001132 (0x00008d7d) c.and   a0, a5
core   0: 3 0x80001132 (0x8d7d) x10 0x00000000
core   0: 0x80001134 (0x00008c19) c.sub   s0, a4
core   0: 3 0x80001134 (0x8c19) x8  0x800175e8
core   0: 0x80001136 (0x01bb79b3) and     s3, s6, s11
core   0: 3 0x80001136 (0x01bb79b3) x19 0x00000000
core   0: 0x8000113a (0x00000304) c.addi4spn s1, sp, 384
core   0: 3 0x8000113a (0x0304) x9  0x80020f16
core   0: 0x8000113c (0x0000837a) c.mv    t1, t5
core   0: 3 0x8000113c (0x837a) x6  0x00000000
core   0: 0x8000113e (0x00000a04) c.addi4spn s1, sp, 272
core   0: 3 0x8000113e (0x0a04) x9  0x80020ea6
core   0: 0x80001140 (0x00000001) c.nop
core   0: 3 0x80001140 (0x0001)
core   0: 0x80001142 (0x41708633) sub     a2, ra, s7
core   0: 3 0x80001142 (0x41708633) x12 0xfffdb14a
core   0: 0x80001146 (0x01609633) sll     a2, ra, s6
core   0: 3 0x80001146 (0x01609633) x12 0x80000fae
core   0: 0x8000114a (0x000015e1) c.addi  a1, -8
core   0: 3 0x8000114a (0x15e1) x11 0xfffffff9
core   0: 0x8000114c (0x40a78eb3) sub     t4, a5, a0
core   0: 3 0x8000114c (0x40a78eb3) x29 0x00000000
core   0: 0x80001150 (0x021a0333) mul     t1, s4, ra
core   0: 3 0x80001150 (0x021a0333) x6  0x00000000
core   0: 0x80001154 (0x02012d33) mulhsu  s10, sp, zero
core   0: 3 0x80001154 (0x02012d33) x26 0x00000000
core   0: 0x80001158 (0x00000001) c.nop
core   0: 3 0x80001158 (0x0001)
core   0: 0x8000115a (0x013923b3) slt     t2, s2, s3
core   0: 3 0x8000115a (0x013923b3) x7  0x00000001
core   0: 0x8000115e (0x417a8633) sub     a2, s5, s7
core   0: 3 0x8000115e (0x417a8633) x12 0x7ffda19c
core   0: 0x80001162 (0x00008c91) c.sub   s1, a2
core   0: 3 0x80001162 (0x8c91) x9  0x00046d0a
core   0: 0x80001164 (0x00cbce33) xor     t3, s7, a2
core   0: 3 0x80001164 (0x00cbce33) x28 0xfffffff8
core   0: 0x80001168 (0x02f20533) mul     a0, tp, a5
core   0: 3 0x80001168 (0x02f20533) x10 0x00000000
core   0: 0x8000116c (0x000004da) c.slli  s1, 22
core   0: 3 0x8000116c (0x04da) x9  0x42800000
core   0: 0x8000116e (0xfc45d4e3) bge     a1, tp, pc - 56
core   0: 3 0x8000116e (0xfc45d4e3)
core   0: 0x80001172 (0xa4af96b7) lui     a3, 0xa4af9
core   0: 3 0x80001172 (0xa4af96b7) x13 0xa4af9000
core   0: 0x80001176 (0x0180076f) jal     a4, pc + 0x18
core   0: 3 0x80001176 (0x0180076f) x14 0x8000117a
core   0: 0x8000118e (0xff9ff36f) jal     t1, pc - 0x8
core   0: 3 0x8000118e (0xff9ff36f) x6  0x80001192
core   0: 0x80001186 (0xffdff0ef) jal     pc - 0x4
core   0: 3 0x80001186 (0xffdff0ef) x1  0x8000118a
core   0: 0x80001182 (0x02e000ef) jal     pc + 0x2e
core   0: 3 0x80001182 (0x02e000ef) x1  0x80001186
core   0: 0x800011b0 (0x000037fd) c.jal   pc - 18
core   0: 3 0x800011b0 (0x37fd) x1  0x800011b2
core   0: 0x8000119e (0xff9ff36f) jal     t1, pc - 0x8
core   0: 3 0x8000119e (0xff9ff36f) x6  0x800011a2
core   0: 0x80001196 (0x00002009) c.jal   pc + 2
core   0: 3 0x80001196 (0x2009) x1  0x80001198
core   0: 0x80001198 (0x000037d5) c.jal   pc - 28
core   0: 3 0x80001198 (0x37d5) x1  0x8000119a
core   0: 0x8000117c (0x0000a009) c.j     pc + 2
core   0: 3 0x8000117c (0xa009)
core   0: 0x8000117e (0xffdff36f) jal     t1, pc - 0x4
core   0: 3 0x8000117e (0xffdff36f) x6  0x80001182
core   0: 0x8000117a (0x0000200d) c.jal   pc + 34
core   0: 3 0x8000117a (0x200d) x1  0x8000117c
core   0: 0x8000119c (0x00002029) c.jal   pc + 10
core   0: 3 0x8000119c (0x2029) x1  0x8000119e
core   0: 0x800011a6 (0x006000ef) jal     pc + 0x6
core   0: 3 0x800011a6 (0x006000ef) x1  0x800011aa
core   0: 0x800011ac (0xff9ff0ef) jal     pc - 0x8
core   0: 3 0x800011ac (0xff9ff0ef) x1  0x800011b0
core   0: 0x800011a4 (0x00002019) c.jal   pc + 6
core   0: 3 0x800011a4 (0x2019) x1  0x800011a6
core   0: 0x800011aa (0x0000a021) c.j     pc + 8
core   0: 3 0x800011aa (0xa021)
core   0: 0x800011b2 (0xfd9ff0ef) jal     pc - 0x28
core   0: 3 0x800011b2 (0xfd9ff0ef) x1  0x800011b6
core   0: 0x8000118a (0x02e000ef) jal     pc + 0x2e
core   0: 3 0x8000118a (0x02e000ef) x1  0x8000118e
core   0: 0x800011b8 (0x000037cd) c.jal   pc - 30
core   0: 3 0x800011b8 (0x37cd) x1  0x800011ba
core   0: 0x8000119a (0x0000a021) c.j     pc + 8
core   0: 3 0x8000119a (0xa021)
core   0: 0x800011a2 (0x00002811) c.jal   pc + 20
core   0: 3 0x800011a2 (0x2811) x1  0x800011a4
core   0: 0x800011b6 (0x00003ff9) c.jal   pc - 34
core   0: 3 0x800011b6 (0x3ff9) x1  0x800011b8
core   0: 0x80001194 (0x00003ffd) c.jal   pc - 2
core   0: 3 0x80001194 (0x3ffd) x1  0x80001196
core   0: 0x80001192 (0x0000a025) c.j     pc + 40
core   0: 3 0x80001192 (0xa025)
core   0: 0x800011ba (0x01af3633) sltu    a2, t5, s10
core   0: 3 0x800011ba (0x01af3633) x12 0x00000000
core   0: 0x800011be (0x0000fc97) auipc   s9, 0xf
core   0: 3 0x800011be (0x0000fc97) x25 0x800101be
core   0: 0x800011c2 (0x0f2c8c93) addi    s9, s9, 242
core   0: 3 0x800011c2 (0x0f2c8c93) x25 0x800102b0
core   0: 0x800011c6 (0x008c9383) lh      t2, 8(s9)
core   0: 3 0x800011c6 (0x008c9383) x7  0x00000000 mem 0x800102b8
core   0: 0x800011ca (0x008cc583) lbu     a1, 8(s9)
core   0: 3 0x800011ca (0x008cc583) x11 0x00000000 mem 0x800102b8
core   0: 0x800011ce (0x008ca083) lw      ra, 8(s9)
core   0: 3 0x800011ce (0x008ca083) x1  0x00000000 mem 0x800102b8
core   0: 0x800011d2 (0x008c8423) sb      s0, 8(s9)
core   0: 3 0x800011d2 (0x008c8423) mem 0x800102b8 0xe8
core   0: 0x800011d6 (0x008cc603) lbu     a2, 8(s9)
core   0: 3 0x800011d6 (0x008cc603) x12 0x000000e8 mem 0x800102b8
core   0: 0x800011da (0x008cd583) lhu     a1, 8(s9)
core   0: 3 0x800011da (0x008cd583) x11 0x000000e8 mem 0x800102b8
core   0: 0x800011de (0x010c9423) sh      a6, 8(s9)
core   0: 3 0x800011de (0x010c9423) mem 0x800102b8 0xb000
core   0: 0x800011e2 (0x003c9423) sh      gp, 8(s9)
core   0: 3 0x800011e2 (0x003c9423) mem 0x800102b8 0x0000
core   0: 0x800011e6 (0x015ca423) sw      s5, 8(s9)
core   0: 3 0x800011e6 (0x015ca423) mem 0x800102b8 0x00000000
core   0: 0x800011ea (0x0000617d) c.addi16sp sp, 496
core   0: 3 0x800011ea (0x617d) x2  0x80020f86
core   0: 0x800011ec (0x004c9483) lh      s1, 4(s9)
core   0: 3 0x800011ec (0x004c9483) x9  0x00000000 mem 0x800102b4
core   0: 0x800011f0 (0x01fca223) sw      t6, 4(s9)
core   0: 3 0x800011f0 (0x01fca223) mem 0x800102b4 0x00000000
core   0: 0x800011f4 (0xff8cd203) lhu     tp, -8(s9)
core   0: 3 0x800011f4 (0xff8cd203) x4  0x00000000 mem 0x800102a8
core   0: 0x800011f8 (0x0000f117) auipc   sp, 0xf
core   0: 3 0x800011f8 (0x0000f117) x2  0x800101f8
core   0: 0x800011fc (0xf2410113) addi    sp, sp, -220
core   0: 3 0x800011fc (0xf2410113) x2  0x8001011c
core   0: 0x80001200 (0xfd110f03) lb      t5, -47(sp)
core   0: 3 0x80001200 (0xfd110f03) x30 0x00000000 mem 0x800100ed
core   0: 0x80001204 (0xfc5108a3) sb      t0, -47(sp)
core   0: 3 0x80001204 (0xfc5108a3) mem 0x800100ed 0xfc
core   0: 0x80001208 (0xd65abe13) sltiu   t3, s5, -667
core   0: 3 0x80001208 (0xd65abe13) x28 0x00000001
core   0: 0x8000120c (0xfd815d03) lhu     s10, -40(sp)
core   0: 3 0x8000120c (0xfd815d03) x26 0x00000000 mem 0x800100f4
core   0: 0x80001210 (0xfd815303) lhu     t1, -40(sp)
core   0: 3 0x80001210 (0xfd815303) x6  0x00000000 mem 0x800100f4
core   0: 0x80001214 (0x20b5e597) auipc   a1, 0x20b5e
core   0: 3 0x80001214 (0x20b5e597) x11 0xa0b5f214
core   0: 0x80001218 (0x01e14683) lbu     a3, 30(sp)
core   0: 3 0x80001218 (0x01e14683) x13 0x00000000 mem 0x8001013a
core   0: 0x8000121c (0x00111613) slli    a2, sp, 1
core   0: 3 0x8000121c (0x00111613) x12 0x00020238
core   0: 0x80001220 (0x01e10a03) lb      s4, 30(sp)
core   0: 3 0x80001220 (0x01e10a03) x20 0x00000000 mem 0x8001013a
core   0: 0x80001224 (0x01e11d83) lh      s11, 30(sp)
core   0: 3 0x80001224 (0x01e11d83) x27 0x00000000 mem 0x8001013a
core   0: 0x80001228 (0x01911f23) sh      s9, 30(sp)
core   0: 3 0x80001228 (0x01911f23) mem 0x8001013a 0x02b0
core   0: 0x8000122c (0x01e14303) lbu     t1, 30(sp)
core   0: 3 0x8000122c (0x01e14303) x6  0x000000b0 mem 0x8001013a
core   0: 0x80001230 (0x00a11f23) sh      a0, 30(sp)
core   0: 3 0x80001230 (0x00a11f23) mem 0x8001013a 0x0000
core   0: 0x80001234 (0x01f10b03) lb      s6, 31(sp)
core   0: 3 0x80001234 (0x01f10b03) x22 0x00000000 mem 0x8001013b
core   0: 0x80001238 (0x01f10783) lb      a5, 31(sp)
core   0: 3 0x80001238 (0x01f10783) x15 0x00000000 mem 0x8001013b
core   0: 0x8000123c (0x00000001) c.nop
core   0: 3 0x8000123c (0x0001)
core   0: 0x8000123e (0x00110fa3) sb      ra, 31(sp)
core   0: 3 0x8000123e (0x00110fa3) mem 0x8001013b 0x00
core   0: 0x80001242 (0x01f10483) lb      s1, 31(sp)
core   0: 3 0x80001242 (0x01f10483) x9  0x00000000 mem 0x8001013b
core   0: 0x80001246 (0x00000001) c.nop
core   0: 3 0x80001246 (0x0001)
core   0: 0x80001248 (0x00310fa3) sb      gp, 31(sp)
core   0: 3 0x80001248 (0x00310fa3) mem 0x8001013b 0x00
core   0: 0x8000124c (0x01f10b03) lb      s6, 31(sp)
core   0: 3 0x8000124c (0x01f10b03) x22 0x00000000 mem 0x8001013b
core   0: 0x80001250 (0x00d10fa3) sb      a3, 31(sp)
core   0: 3 0x80001250 (0x00d10fa3) mem 0x8001013b 0x00
core   0: 0x80001254 (0x01f14483) lbu     s1, 31(sp)
core   0: 3 0x80001254 (0x01f14483) x9  0x00000000 mem 0x8001013b
core   0: 0x80001258 (0x00210fa3) sb      sp, 31(sp)
core   0: 3 0x80001258 (0x00210fa3) mem 0x8001013b 0x1c
core   0: 0x8000125c (0x01f10403) lb      s0, 31(sp)
core   0: 3 0x8000125c (0x01f10403) x8  0x0000001c mem 0x8001013b
core   0: 0x80001260 (0x00004619) c.li    a2, 6
core   0: 3 0x80001260 (0x4619) x12 0x00000006
core   0: 0x80001262 (0x0225f9b3) remu    s3, a1, sp
core   0: 3 0x80001262 (0x0225f9b3) x19 0x20b4f0f8
core   0: 0x80001266 (0x00000001) c.nop
core   0: 3 0x80001266 (0x0001)
core   0: 0x80001268 (0x00009392) c.add   t2, tp
core   0: 3 0x80001268 (0x9392) x7  0x00000000
core   0: 0x8000126a (0x02d982b3) mul     t0, s3, a3
core   0: 3 0x8000126a (0x02d982b3) x5  0x00000000
core   0: 0x8000126e (0x000081e1) c.srli  a1, 24
core   0: 3 0x8000126e (0x81e1) x11 0x000000a0
core   0: 0x80001270 (0xaf570c13) addi    s8, a4, -1291
core   0: 3 0x80001270 (0xaf570c13) x24 0x80000c6f
core   0: 0x80001274 (0x00000001) c.nop
core   0: 3 0x80001274 (0x0001)
core   0: 0x80001276 (0x00000e8c) c.addi4spn a1, sp, 848
core   0: 3 0x80001276 (0x0e8c) x11 0x8001046c
core   0: 0x80001278 (0x017cf133) and     sp, s9, s7
core   0: 3 0x80001278 (0x017cf133) x2  0x80000220
core   0: 0x8000127c (0x03db9a33) mulh    s4, s7, t4
core   0: 3 0x8000127c (0x03db9a33) x20 0x00000000
core   0: 0x80001280 (0x00001679) c.addi  a2, -2
core   0: 3 0x80001280 (0x1679) x12 0x00000004
core   0: 0x80001282 (0x003d50b3) srl     ra, s10, gp
core   0: 3 0x80001282 (0x003d50b3) x1  0x00000000
core   0: 0x80001286 (0x00009252) c.add   tp, s4
core   0: 3 0x80001286 (0x9252) x4  0x00000000
core   0: 0x80001288 (0x00001c14) c.addi4spn a3, sp, 560
core   0: 3 0x80001288 (0x1c14) x13 0x80000450
core   0: 0x8000128a (0x00008216) c.mv    tp, t0
core   0: 3 0x8000128a (0x8216) x4  0x00000000
core   0: 0x8000128c (0x0000fe71) c.bnez  a2, pc - 36
core   0: 3 0x8000128c (0xfe71)
core   0: 0x80001268 (0x00009392) c.add   t2, tp
core   0: 3 0x80001268 (0x9392) x7  0x00000000
core   0: 0x8000126a (0x02d982b3) mul     t0, s3, a3
core   0: 3 0x8000126a (0x02d982b3) x5  0x0c4f2d80
core   0: 0x8000126e (0x000081e1) c.srli  a1, 24
core   0: 3 0x8000126e (0x81e1) x11 0x00000080
core   0: 0x80001270 (0xaf570c13) addi    s8, a4, -1291
core   0: 3 0x80001270 (0xaf570c13) x24 0x80000c6f
core   0: 0x80001274 (0x00000001) c.nop
core   0: 3 0x80001274 (0x0001)
core   0: 0x80001276 (0x00000e8c) c.addi4spn a1, sp, 848
core   0: 3 0x80001276 (0x0e8c) x11 0x80000570
core   0: 0x80001278 (0x017cf133) and     sp, s9, s7
core   0: 3 0x80001278 (0x017cf133) x2  0x80000220
core   0: 0x8000127c (0x03db9a33) mulh    s4, s7, t4
core   0: 3 0x8000127c (0x03db9a33) x20 0x00000000
core   0: 0x80001280 (0x00001679) c.addi  a2, -2
core   0: 3 0x80001280 (0x1679) x12 0x00000002
core   0: 0x80001282 (0x003d50b3) srl     ra, s10, gp
core   0: 3 0x80001282 (0x003d50b3) x1  0x00000000
core   0: 0x80001286 (0x00009252) c.add   tp, s4
core   0: 3 0x80001286 (0x9252) x4  0x00000000
core   0: 0x80001288 (0x00001c14) c.addi4spn a3, sp, 560
core   0: 3 0x80001288 (0x1c14) x13 0x80000450
core   0: 0x8000128a (0x00008216) c.mv    tp, t0
core   0: 3 0x8000128a (0x8216) x4  0x0c4f2d80
core   0: 0x8000128c (0x0000fe71) c.bnez  a2, pc - 36
core   0: 3 0x8000128c (0xfe71)
core   0: 0x80001268 (0x00009392) c.add   t2, tp
core   0: 3 0x80001268 (0x9392) x7  0x0c4f2d80
core   0: 0x8000126a (0x02d982b3) mul     t0, s3, a3
core   0: 3 0x8000126a (0x02d982b3) x5  0x0c4f2d80
core   0: 0x8000126e (0x000081e1) c.srli  a1, 24
core   0: 3 0x8000126e (0x81e1) x11 0x00000080
core   0: 0x80001270 (0xaf570c13) addi    s8, a4, -1291
core   0: 3 0x80001270 (0xaf570c13) x24 0x80000c6f
core   0: 0x80001274 (0x00000001) c.nop
core   0: 3 0x80001274 (0x0001)
core   0: 0x80001276 (0x00000e8c) c.addi4spn a1, sp, 848
core   0: 3 0x80001276 (0x0e8c) x11 0x80000570
core   0: 0x80001278 (0x017cf133) and     sp, s9, s7
core   0: 3 0x80001278 (0x017cf133) x2  0x80000220
core   0: 0x8000127c (0x03db9a33) mulh    s4, s7, t4
core   0: 3 0x8000127c (0x03db9a33) x20 0x00000000
core   0: 0x80001280 (0x00001679) c.addi  a2, -2
core   0: 3 0x80001280 (0x1679) x12 0x00000000
core   0: 0x80001282 (0x003d50b3) srl     ra, s10, gp
core   0: 3 0x80001282 (0x003d50b3) x1  0x00000000
core   0: 0x80001286 (0x00009252) c.add   tp, s4
core   0: 3 0x80001286 (0x9252) x4  0x0c4f2d80
core   0: 0x80001288 (0x00001c14) c.addi4spn a3, sp, 560
core   0: 3 0x80001288 (0x1c14) x13 0x80000450
core   0: 0x8000128a (0x00008216) c.mv    tp, t0
core   0: 3 0x8000128a (0x8216) x4  0x0c4f2d80
core   0: 0x8000128c (0x0000fe71) c.bnez  a2, pc - 36
core   0: 3 0x8000128c (0xfe71)
core   0: 0x8000128e (0x000015fd) c.addi  a1, -1
core   0: 3 0x8000128e (0x15fd) x11 0x8000056f
core   0: 0x80001290 (0x0000ff17) auipc   t5, 0xf
core   0: 3 0x80001290 (0x0000ff17) x30 0x80010290
core   0: 0x80001294 (0xea0f0f13) addi    t5, t5, -352
core   0: 3 0x80001294 (0xea0f0f13) x30 0x80010130
core   0: 0x80001298 (0x02bf4283) lbu     t0, 43(t5)
core   0: 3 0x80001298 (0x02bf4283) x5  0x00000000 mem 0x8001015b
core   0: 0x8000129c (0x02bf0303) lb      t1, 43(t5)
core   0: 3 0x8000129c (0x02bf0303) x6  0x00000000 mem 0x8001015b
core   0: 0x800012a0 (0x00009642) c.add   a2, a6
core   0: 3 0x800012a0 (0x9642) x12 0xcec3b000
core   0: 0x800012a2 (0x036533b3) mulhu   t2, a0, s6
core   0: 3 0x800012a2 (0x036533b3) x7  0x00000000
core   0: 0x800012a6 (0x008f5f83) lhu     t6, 8(t5)
core   0: 3 0x800012a6 (0x008f5f83) x31 0x00000000 mem 0x80010138
core   0: 0x800012aa (0x000086b1) c.srai  a3, 12
core   0: 3 0x800012aa (0x86b1) x13 0xfff80000
core   0: 0x800012ac (0xff9f4283) lbu     t0, -7(t5)
core   0: 3 0x800012ac (0xff9f4283) x5  0x00000000 mem 0x80010129
core   0: 0x800012b0 (0x029f4683) lbu     a3, 41(t5)
core   0: 3 0x800012b0 (0x029f4683) x13 0x00000000 mem 0x80010159
core   0: 0x800012b4 (0x029f4d03) lbu     s10, 41(t5)
core   0: 3 0x800012b4 (0x029f4d03) x26 0x00000000 mem 0x80010159
core   0: 0x800012b8 (0x006f04a3) sb      t1, 9(t5)
core   0: 3 0x800012b8 (0x006f04a3) mem 0x80010139 0x00
core   0: 0x800012bc (0x0000846d) c.srai  s0, 27
core   0: 3 0x800012bc (0x846d) x8  0x00000000
core   0: 0x800012be (0x009f0c03) lb      s8, 9(t5)
core   0: 3 0x800012be (0x009f0c03) x24 0x00000000 mem 0x80010139
core   0: 0x800012c2 (0xb863fa93) andi    s5, t2, -1146
core   0: 3 0x800012c2 (0xb863fa93) x21 0x00000000
core   0: 0x800012c6 (0x01df0c83) lb      s9, 29(t5)
core   0: 3 0x800012c6 (0x01df0c83) x25 0x00000000 mem 0x8001014d
core   0: 0x800012ca (0x01af1b03) lh      s6, 26(t5)
core   0: 3 0x800012ca (0x01af1b03) x22 0x00000000 mem 0x8001014a
core   0: 0x800012ce (0xfecf0d23) sb      a2, -6(t5)
core   0: 3 0x800012ce (0xfecf0d23) mem 0x8001012a 0x00
core   0: 0x800012d2 (0xffaf5083) lhu     ra, -6(t5)
core   0: 3 0x800012d2 (0xffaf5083) x1  0x00000000 mem 0x8001012a
core   0: 0x800012d6 (0x0000f797) auipc   a5, 0xf
core   0: 3 0x800012d6 (0x0000f797) x15 0x800102d6
core   0: 0x800012da (0x4f478793) addi    a5, a5, 1268
core   0: 3 0x800012da (0x4f478793) x15 0x800107ca
core   0: 0x800012de (0x00958033) add     zero, a1, s1
core   0: 3 0x800012de (0x00958033)
core   0: 0x800012e2 (0x015db0b3) sltu    ra, s11, s5
core   0: 3 0x800012e2 (0x015db0b3) x1  0x00000000
core   0: 0x800012e6 (0xd8678a83) lb      s5, -634(a5)
core   0: 3 0x800012e6 (0xd8678a83) x21 0x00000000 mem 0x80010550
core   0: 0x800012ea (0x0bd78383) lb      t2, 189(a5)
core   0: 3 0x800012ea (0x0bd78383) x7  0x00000000 mem 0x80010887
core   0: 0x800012ee (0xb1b7cf03) lbu     t5, -1253(a5)
core   0: 3 0x800012ee (0xb1b7cf03) x30 0x00000000 mem 0x800102e5
core   0: 0x800012f2 (0x4b3ba093) slti    ra, s7, 1203
core   0: 3 0x800012f2 (0x4b3ba093) x1  0x00000001
core   0: 0x800012f6 (0xfaa78123) sb      a0, -94(a5)
core   0: 3 0x800012f6 (0xfaa78123) mem 0x8001076c 0x00
core   0: 0x800012fa (0xdc47dd83) lhu     s11, -572(a5)
core   0: 3 0x800012fa (0xdc47dd83) x27 0x00000000 mem 0x8001058e
core   0: 0x800012fe (0x22b7c283) lbu     t0, 555(a5)
core   0: 3 0x800012fe (0x22b7c283) x5  0x00000000 mem 0x800109f5
core   0: 0x80001302 (0x419a5db3) sra     s11, s4, s9
core   0: 3 0x80001302 (0x419a5db3) x27 0x00000000
core   0: 0x80001306 (0x62978e83) lb      t4, 1577(a5)
core   0: 3 0x80001306 (0x62978e83) x29 0x00000000 mem 0x80010df3
core   0: 0x8000130a (0x407d5c33) sra     s8, s10, t2
core   0: 3 0x8000130a (0x407d5c33) x24 0x00000000
core   0: 0x8000130e (0xcdc7d983) lhu     s3, -804(a5)
core   0: 3 0x8000130e (0xcdc7d983) x19 0x00000000 mem 0x800104a6
core   0: 0x80001312 (0x0170a2b3) slt     t0, ra, s7
core   0: 3 0x80001312 (0x0170a2b3) x5  0x00000000
core   0: 0x80001316 (0x0000717d) c.addi16sp sp, -16
core   0: 3 0x80001316 (0x717d) x2  0x80000210
core   0: 0x80001318 (0x6907db03) lhu     s6, 1680(a5)
core   0: 3 0x80001318 (0x6907db03) x22 0x00000000 mem 0x80010e5a
core   0: 0x8000131c (0x48278a23) sb      sp, 1172(a5)
core   0: 3 0x8000131c (0x48278a23) mem 0x80010c5e 0x10
core   0: 0x80001320 (0xd3879583) lh      a1, -712(a5)
core   0: 3 0x80001320 (0xd3879583) x11 0x00000000 mem 0x80010502
core   0: 0x80001324 (0x7aa7a123) sw      a0, 1954(a5)
core   0: 3 0x80001324 (0x7aa7a123) mem 0x80010f6c 0x00000000
core   0: 0x80001328 (0x00008f29) c.xor   a4, a0
core   0: 3 0x80001328 (0x8f29) x14 0x8000117a
core   0: 0x8000132a (0xf2879083) lh      ra, -216(a5)
core   0: 3 0x8000132a (0xf2879083) x1  0x00000000 mem 0x800106f2
core   0: 0x8000132e (0x6fa78223) sb      s10, 1764(a5)
core   0: 3 0x8000132e (0x6fa78223) mem 0x80010eae 0x00
core   0: 0x80001332 (0x5f878383) lb      t2, 1528(a5)
core   0: 3 0x80001332 (0x5f878383) x7  0x00000000 mem 0x80010dc2
core   0: 0x80001336 (0x56b7a013) slti    zero, a5, 1387
core   0: 3 0x80001336 (0x56b7a013)
core   0: 0x8000133a (0xe297c503) lbu     a0, -471(a5)
core   0: 3 0x8000133a (0xe297c503) x10 0x00000000 mem 0x800105f3
core   0: 0x8000133e (0x02d78d23) sb      a3, 58(a5)
core   0: 3 0x8000133e (0x02d78d23) mem 0x80010804 0x00
core   0: 0x80001342 (0xc2578a83) lb      s5, -987(a5)
core   0: 3 0x80001342 (0xc2578a83) x21 0x00000000 mem 0x800103ef
core   0: 0x80001346 (0x5a57c983) lbu     s3, 1445(a5)
core   0: 3 0x80001346 (0x5a57c983) x19 0x00000000 mem 0x80010d6f
core   0: 0x8000134a (0x1b879b23) sh      s8, 438(a5)
core   0: 3 0x8000134a (0x1b879b23) mem 0x80010980 0x0000
core   0: 0x8000134e (0x0fd78fa3) sb      t4, 255(a5)
core   0: 3 0x8000134e (0x0fd78fa3) mem 0x800108c9 0x00
core   0: 0x80001352 (0x03a82cb3) mulhsu  s9, a6, s10
core   0: 3 0x80001352 (0x03a82cb3) x25 0x00000000
core   0: 0x80001356 (0xfd178403) lb      s0, -47(a5)
core   0: 3 0x80001356 (0xfd178403) x8  0x00000000 mem 0x8001079b
core   0: 0x8000135a (0x94c79403) lh      s0, -1716(a5)
core   0: 3 0x8000135a (0x94c79403) x8  0x00000000 mem 0x80010116
core   0: 0x8000135e (0x0180076f) jal     a4, pc + 0x18
core   0: 3 0x8000135e (0x0180076f) x14 0x80001362
core   0: 0x80001376 (0x00002821) c.jal   pc + 24
core   0: 3 0x80001376 (0x2821) x1  0x80001378
core   0: 0x8000138e (0xff3ff2ef) jal     t0, pc - 0xe
core   0: 3 0x8000138e (0xff3ff2ef) x5  0x80001392
core   0: 0x80001380 (0xff3ff1ef) jal     gp, pc - 0xe
core   0: 3 0x80001380 (0xff3ff1ef) x3  0x80001384
core   0: 0x80001372 (0x008000ef) jal     pc + 0x8
core   0: 3 0x80001372 (0x008000ef) x1  0x80001376
core   0: 0x8000137a (0x00a000ef) jal     pc + 0xa
core   0: 3 0x8000137a (0x00a000ef) x1  0x8000137e
core   0: 0x80001384 (0xfe3ff36f) jal     t1, pc - 0x1e
core   0: 3 0x80001384 (0xfe3ff36f) x6  0x80001388
core   0: 0x80001366 (0x0000bff5) c.j     pc - 4
core   0: 3 0x80001366 (0xbff5)
core   0: 0x80001362 (0x054000ef) jal     pc + 0x54
core   0: 3 0x80001362 (0x054000ef) x1  0x80001366
core   0: 0x800013b6 (0x0000b7dd) c.j     pc - 26
core   0: 3 0x800013b6 (0xb7dd)
core   0: 0x8000139c (0xff1ff5ef) jal     a1, pc - 0x10
core   0: 3 0x8000139c (0xff1ff5ef) x11 0x800013a0
core   0: 0x8000138c (0x0000a029) c.j     pc + 10
core   0: 3 0x8000138c (0xa029)
core   0: 0x80001396 (0x01c000ef) jal     pc + 0x1c
core   0: 3 0x80001396 (0x01c000ef) x1  0x8000139a
core   0: 0x800013b2 (0xff5ff0ef) jal     pc - 0xc
core   0: 3 0x800013b2 (0xff5ff0ef) x1  0x800013b6
core   0: 0x800013a6 (0xfc7ff0ef) jal     pc - 0x3a
core   0: 3 0x800013a6 (0xfc7ff0ef) x1  0x800013aa
core   0: 0x8000136c (0x04e000ef) jal     pc + 0x4e
core   0: 3 0x8000136c (0x04e000ef) x1  0x80001370
core   0: 0x800013ba (0x000037ed) c.jal   pc - 22
core   0: 3 0x800013ba (0x37ed) x1  0x800013bc
core   0: 0x800013a4 (0x0000a811) c.j     pc + 20
core   0: 3 0x800013a4 (0xa811)
core   0: 0x800013b8 (0x000037ed) c.jal   pc - 22
core   0: 3 0x800013b8 (0x37ed) x1  0x800013ba
core   0: 0x800013a2 (0x00003fd9) c.jal   pc - 42
core   0: 3 0x800013a2 (0x3fd9) x1  0x800013a4
core   0: 0x80001378 (0x0000281d) c.jal   pc + 54
core   0: 3 0x80001378 (0x281d) x1  0x8000137a
core   0: 0x800013ae (0xfc3ff36f) jal     t1, pc - 0x3e
core   0: 3 0x800013ae (0xfc3ff36f) x6  0x800013b2
core   0: 0x80001370 (0x0000a00d) c.j     pc + 34
core   0: 3 0x80001370 (0xa00d)
core   0: 0x80001392 (0x0080056f) jal     a0, pc + 0x8
core   0: 3 0x80001392 (0x0080056f) x10 0x80001396
core   0: 0x8000139a (0x0000b7f9) c.j     pc - 50
core   0: 3 0x8000139a (0xb7f9)
core   0: 0x80001368 (0x016000ef) jal     pc + 0x16
core   0: 3 0x80001368 (0x016000ef) x1  0x8000136c
core   0: 0x8000137e (0x0000a035) c.j     pc + 44
core   0: 3 0x8000137e (0xa035)
core   0: 0x800013aa (0xff7ff0ef) jal     pc - 0xa
core   0: 3 0x800013aa (0xff7ff0ef) x1  0x800013ae
core   0: 0x800013a0 (0x000037e5) c.jal   pc - 24
core   0: 3 0x800013a0 (0x37e5) x1  0x800013a2
core   0: 0x80001388 (0x03400e6f) jal     t3, pc + 0x34
core   0: 3 0x80001388 (0x03400e6f) x28 0x8000138c
core   0: 0x800013bc (0x020f1a33) mulh    s4, t5, zero
core   0: 3 0x800013bc (0x020f1a33) x20 0x00000000
core   0: 0x800013c0 (0x0000441d) c.li    s0, 7
core   0: 3 0x800013c0 (0x441d) x8  0x00000007
core   0: 0x800013c2 (0x000083cd) c.srli  a5, 19
core   0: 3 0x800013c2 (0x83cd) x15 0x00001000
core   0: 0x800013c4 (0x039aa733) mulhsu  a4, s5, s9
core   0: 3 0x800013c4 (0x039aa733) x14 0x00000000
core   0: 0x800013c8 (0x02062ab3) mulhsu  s5, a2, zero
core   0: 3 0x800013c8 (0x02062ab3) x21 0x00000000
core   0: 0x800013cc (0x00000001) c.nop
core   0: 3 0x800013cc (0x0001)
core   0: 0x800013ce (0x41da8733) sub     a4, s5, t4
core   0: 3 0x800013ce (0x41da8733) x14 0x00000000
core   0: 0x800013d2 (0x02ae36b3) mulhu   a3, t3, a0
core   0: 3 0x800013d2 (0x02ae36b3) x13 0x40001391
core   0: 0x800013d6 (0x00001465) c.addi  s0, -7
core   0: 3 0x800013d6 (0x1465) x8  0x00000000
core   0: 0x800013d8 (0x00008d6d) c.and   a0, a1
core   0: 3 0x800013d8 (0x8d6d) x10 0x80001380
core   0: 0x800013da (0x00004125) c.li    sp, 9
core   0: 3 0x800013da (0x4125) x2  0x00000009
core   0: 0x800013dc (0x00008d29) c.xor   a0, a0
core   0: 3 0x800013dc (0x8d29) x10 0x00000000
core   0: 0x800013de (0x000040cd) c.li    ra, 19
core   0: 3 0x800013de (0x40cd) x1  0x00000013
core   0: 0x800013e0 (0x003bccb3) xor     s9, s7, gp
core   0: 3 0x800013e0 (0x003bccb3) x25 0x00024de0
core   0: 0x800013e4 (0x517f3e13) sltiu   t3, t5, 1303
core   0: 3 0x800013e4 (0x517f3e13) x28 0x00000001
core   0: 0x800013e8 (0x4b45d4b7) lui     s1, 0x4b45d
core   0: 3 0x800013e8 (0x4b45d4b7) x9  0x4b45d000
core   0: 0x800013ec (0x4ed67193) andi    gp, a2, 1261
core   0: 3 0x800013ec (0x4ed67193) x3  0x00000000
core   0: 0x800013f0 (0x0000062a) c.slli  a2, 10
core   0: 3 0x800013f0 (0x062a) x12 0x0ec00000
core   0: 0x800013f2 (0x00000105) c.addi  sp, 1
core   0: 3 0x800013f2 (0x0105) x2  0x0000000a
core   0: 0x800013f4 (0x02126c33) rem     s8, tp, ra
core   0: 3 0x800013f4 (0x02126c33) x24 0x00000005
core   0: 0x800013f8 (0x026fe9b3) rem     s3, t6, t1
core   0: 3 0x800013f8 (0x026fe9b3) x19 0x00000000
core   0: 0x800013fc (0x03f4f233) remu    tp, s1, t6
core   0: 3 0x800013fc (0x03f4f233) x4  0x4b45d000
core   0: 0x80001400 (0xfe1102e3) beq     sp, ra, pc - 28
core   0: 3 0x80001400 (0xfe1102e3)
core   0: 0x80001404 (0x00006e1d) c.lui   t3, 0x7
core   0: 3 0x80001404 (0x6e1d) x28 0x00007000
core   0: 0x80001406 (0x01764833) xor     a6, a2, s7
core   0: 3 0x80001406 (0x01764833) x16 0x8ec25e64
core   0: 0x8000140a (0xf8043593) sltiu   a1, s0, -128
core   0: 3 0x8000140a (0xf8043593) x11 0x00000001
core   0: 0x8000140e (0x0000d061) c.beqz  s0, pc - 64
core   0: 3 0x8000140e (0xd061)
core   0: 0x800013ce (0x41da8733) sub     a4, s5, t4
core   0: 3 0x800013ce (0x41da8733) x14 0x00000000
core   0: 0x800013d2 (0x02ae36b3) mulhu   a3, t3, a0
core   0: 3 0x800013d2 (0x02ae36b3) x13 0x00000000
core   0: 0x800013d6 (0x00001465) c.addi  s0, -7
core   0: 3 0x800013d6 (0x1465) x8  0xfffffff9
core   0: 0x800013d8 (0x00008d6d) c.and   a0, a1
core   0: 3 0x800013d8 (0x8d6d) x10 0x00000000
core   0: 0x800013da (0x00004125) c.li    sp, 9
core   0: 3 0x800013da (0x4125) x2  0x00000009
core   0: 0x800013dc (0x00008d29) c.xor   a0, a0
core   0: 3 0x800013dc (0x8d29) x10 0x00000000
core   0: 0x800013de (0x000040cd) c.li    ra, 19
core   0: 3 0x800013de (0x40cd) x1  0x00000013
core   0: 0x800013e0 (0x003bccb3) xor     s9, s7, gp
core   0: 3 0x800013e0 (0x003bccb3) x25 0x80025e64
core   0: 0x800013e4 (0x517f3e13) sltiu   t3, t5, 1303
core   0: 3 0x800013e4 (0x517f3e13) x28 0x00000001
core   0: 0x800013e8 (0x4b45d4b7) lui     s1, 0x4b45d
core   0: 3 0x800013e8 (0x4b45d4b7) x9  0x4b45d000
core   0: 0x800013ec (0x4ed67193) andi    gp, a2, 1261
core   0: 3 0x800013ec (0x4ed67193) x3  0x00000000
core   0: 0x800013f0 (0x0000062a) c.slli  a2, 10
core   0: 3 0x800013f0 (0x062a) x12 0x00000000
core   0: 0x800013f2 (0x00000105) c.addi  sp, 1
core   0: 3 0x800013f2 (0x0105) x2  0x0000000a
core   0: 0x800013f4 (0x02126c33) rem     s8, tp, ra
core   0: 3 0x800013f4 (0x02126c33) x24 0x00000006
core   0: 0x800013f8 (0x026fe9b3) rem     s3, t6, t1
core   0: 3 0x800013f8 (0x026fe9b3) x19 0x00000000
core   0: 0x800013fc (0x03f4f233) remu    tp, s1, t6
core   0: 3 0x800013fc (0x03f4f233) x4  0x4b45d000
core   0: 0x80001400 (0xfe1102e3) beq     sp, ra, pc - 28
core   0: 3 0x80001400 (0xfe1102e3)
core   0: 0x80001404 (0x00006e1d) c.lui   t3, 0x7
core   0: 3 0x80001404 (0x6e1d) x28 0x00007000
core   0: 0x80001406 (0x01764833) xor     a6, a2, s7
core   0: 3 0x80001406 (0x01764833) x16 0x80025e64
core   0: 0x8000140a (0xf8043593) sltiu   a1, s0, -128
core   0: 3 0x8000140a (0xf8043593) x11 0x00000000
core   0: 0x8000140e (0x0000d061) c.beqz  s0, pc - 64
core   0: 3 0x8000140e (0xd061)
core   0: 0x80001410 (0x03e8c533) div     a0, a7, t5
core   0: 3 0x80001410 (0x03e8c533) x10 0xffffffff
core   0: 0x80001414 (0x0160076f) jal     a4, pc + 0x16
core   0: 3 0x80001414 (0x0160076f) x14 0x80001418
core   0: 0x8000142a (0x004000ef) jal     pc + 0x4
core   0: 3 0x8000142a (0x004000ef) x1  0x8000142e
core   0: 0x8000142e (0x00002839) c.jal   pc + 30
core   0: 3 0x8000142e (0x2839) x1  0x80001430
core   0: 0x8000144c (0x00003fe9) c.jal   pc - 38
core   0: 3 0x8000144c (0x3fe9) x1  0x8000144e
core   0: 0x80001426 (0xffdff0ef) jal     pc - 0x4
core   0: 3 0x80001426 (0xffdff0ef) x1  0x8000142a
core   0: 0x80001422 (0x00002809) c.jal   pc + 18
core   0: 3 0x80001422 (0x2809) x1  0x80001424
core   0: 0x80001434 (0x0140066f) jal     a2, pc + 0x14
core   0: 3 0x80001434 (0x0140066f) x12 0x80001438
core   0: 0x80001448 (0x0000bfcd) c.j     pc - 14
core   0: 3 0x80001448 (0xbfcd)
core   0: 0x8000143a (0xfe3ff0ef) jal     pc - 0x1e
core   0: 3 0x8000143a (0xfe3ff0ef) x1  0x8000143e
core   0: 0x8000141c (0x0000200d) c.jal   pc + 34
core   0: 3 0x8000141c (0x200d) x1  0x8000141e
core   0: 0x8000143e (0x00003fcd) c.jal   pc - 14
core   0: 3 0x8000143e (0x3fcd) x1  0x80001440
core   0: 0x80001430 (0x0000a819) c.j     pc + 22
core   0: 3 0x80001430 (0xa819)
core   0: 0x80001446 (0x0000bfcd) c.j     pc - 14
core   0: 3 0x80001446 (0xbfcd)
core   0: 0x80001438 (0x0000a029) c.j     pc + 10
core   0: 3 0x80001438 (0xa029)
core   0: 0x80001442 (0xfd9ffd6f) jal     s10, pc - 0x28
core   0: 3 0x80001442 (0xfd9ffd6f) x26 0x80001446
core   0: 0x8000141a (0x0000201d) c.jal   pc + 38
core   0: 3 0x8000141a (0x201d) x1  0x8000141c
core   0: 0x80001440 (0x000037d5) c.jal   pc - 28
core   0: 3 0x80001440 (0x37d5) x1  0x80001442
core   0: 0x80001424 (0x0000a01d) c.j     pc + 38
core   0: 3 0x80001424 (0xa01d)
core   0: 0x8000144a (0x00003fd1) c.jal   pc - 44
core   0: 3 0x8000144a (0x3fd1) x1  0x8000144c
core   0: 0x8000141e (0x0000a811) c.j     pc + 20
core   0: 3 0x8000141e (0xa811)
core   0: 0x80001432 (0x0000b7fd) c.j     pc - 18
core   0: 3 0x80001432 (0xb7fd)
core   0: 0x80001420 (0x0000bfe5) c.j     pc - 8
core   0: 3 0x80001420 (0xbfe5)
core   0: 0x80001418 (0x0000a81d) c.j     pc + 54
core   0: 3 0x80001418 (0xa81d)
core   0: 0x8000144e (0x001b9ab3) sll     s5, s7, ra
core   0: 3 0x8000144e (0x001b9ab3) x21 0x25e64000
core   0: 0x80001452 (0x0300076f) jal     a4, pc + 0x30
core   0: 3 0x80001452 (0x0300076f) x14 0x80001456
core   0: 0x80001482 (0x00003fcd) c.jal   pc - 14
core   0: 3 0x80001482 (0x3fcd) x1  0x80001484
core   0: 0x80001474 (0x00003fe5) c.jal   pc - 8
core   0: 3 0x80001474 (0x3fe5) x1  0x80001476
core   0: 0x8000146c (0x032000ef) jal     pc + 0x32
core   0: 3 0x8000146c (0x032000ef) x1  0x80001470
core   0: 0x8000149e (0xfffff0ef) jal     pc - 0x2
core   0: 3 0x8000149e (0xfffff0ef) x1  0x800014a2
core   0: 0x8000149c (0x000037ed) c.jal   pc - 22
core   0: 3 0x8000149c (0x37ed) x1  0x8000149e
core   0: 0x80001486 (0xfedff0ef) jal     pc - 0x14
core   0: 3 0x80001486 (0xfedff0ef) x1  0x8000148a
core   0: 0x80001472 (0x0000a809) c.j     pc + 18
core   0: 3 0x80001472 (0xa809)
core   0: 0x80001484 (0x0000b7cd) c.j     pc - 30
core   0: 3 0x80001484 (0xb7cd)
core   0: 0x80001466 (0x0000bfed) c.j     pc - 6
core   0: 3 0x80001466 (0xbfed)
core   0: 0x80001460 (0x00002839) c.jal   pc + 30
core   0: 3 0x80001460 (0x2839) x1  0x80001462
core   0: 0x8000147e (0x018000ef) jal     pc + 0x18
core   0: 3 0x8000147e (0x018000ef) x1  0x80001482
core   0: 0x80001496 (0xfcdff0ef) jal     pc - 0x34
core   0: 3 0x80001496 (0xfcdff0ef) x1  0x8000149a
core   0: 0x80001462 (0x0000a829) c.j     pc + 26
core   0: 3 0x80001462 (0xa829)
core   0: 0x8000147c (0x0000bff1) c.j     pc - 36
core   0: 3 0x8000147c (0xbff1)
core   0: 0x80001458 (0x0000a005) c.j     pc + 32
core   0: 3 0x80001458 (0xa005)
core   0: 0x80001478 (0x0000a809) c.j     pc + 18
core   0: 3 0x80001478 (0xa809)
core   0: 0x8000148a (0x000037f1) c.jal   pc - 52
core   0: 3 0x8000148a (0x37f1) x1  0x8000148c
core   0: 0x80001456 (0x00002019) c.jal   pc + 6
core   0: 3 0x80001456 (0x2019) x1  0x80001458
core   0: 0x8000145c (0x0080036f) jal     t1, pc + 0x8
core   0: 3 0x8000145c (0x0080036f) x6  0x80001460
core   0: 0x80001464 (0x00002809) c.jal   pc + 18
core   0: 3 0x80001464 (0x2809) x1  0x80001466
core   0: 0x80001476 (0x00002821) c.jal   pc + 24
core   0: 3 0x80001476 (0x2821) x1  0x80001478
core   0: 0x8000148e (0x00002031) c.jal   pc + 12
core   0: 3 0x8000148e (0x2031) x1  0x80001490
core   0: 0x8000149a (0x00003fdd) c.jal   pc - 10
core   0: 3 0x8000149a (0x3fdd) x1  0x8000149c
core   0: 0x80001490 (0x0000b7ed) c.j     pc - 22
core   0: 3 0x80001490 (0xb7ed)
core   0: 0x8000147a (0x000037c5) c.jal   pc - 32
core   0: 3 0x8000147a (0x37c5) x1  0x8000147c
core   0: 0x8000145a (0x0000a819) c.j     pc + 22
core   0: 3 0x8000145a (0xa819)
core   0: 0x80001470 (0x0000a831) c.j     pc + 28
core   0: 3 0x80001470 (0xa831)
core   0: 0x8000148c (0x00003ff1) c.jal   pc - 36
core   0: 3 0x8000148c (0x3ff1) x1  0x8000148e
core   0: 0x80001468 (0x02a000ef) jal     pc + 0x2a
core   0: 3 0x80001468 (0x02a000ef) x1  0x8000146c
core   0: 0x80001492 (0x0100036f) jal     t1, pc + 0x10
core   0: 3 0x80001492 (0x0100036f) x6  0x80001496
core   0: 0x800014a2 (0x00000090) c.addi4spn a2, sp, 64
core   0: 3 0x800014a2 (0x0090) x12 0x0000004a
core   0: 0x800014a4 (0x0000f117) auipc   sp, 0xf
core   0: 3 0x800014a4 (0x0000f117) x2  0x800104a4
core   0: 0x800014a8 (0x6e810113) addi    sp, sp, 1768
core   0: 3 0x800014a8 (0x6e810113) x2  0x80010b8c
core   0: 0x800014ac (0xd8311c23) sh      gp, -616(sp)
core   0: 3 0x800014ac (0xd8311c23) mem 0x80010924 0x0000
core   0: 0x800014b0 (0x21114183) lbu     gp, 529(sp)
core   0: 3 0x800014b0 (0x21114183) x3  0x00000000 mem 0x80010d9d
core   0: 0x800014b4 (0x00008d35) c.xor   a0, a3
core   0: 3 0x800014b4 (0x8d35) x10 0xffffffff
core   0: 0x800014b6 (0xfc510183) lb      gp, -59(sp)
core   0: 3 0x800014b6 (0xfc510183) x3  0x00000000 mem 0x80010b51
core   0: 0x800014ba (0xb861c193) xori    gp, gp, -1146
core   0: 3 0x800014ba (0xb861c193) x3  0xfffffb86
core   0: 0x800014be (0x00008135) c.srli  a0, 13
core   0: 3 0x800014be (0x8135) x10 0x0007ffff
core   0: 0x800014c0 (0x00000e1e) c.slli  t3, 7
core   0: 3 0x800014c0 (0x0e1e) x28 0x00380000
core   0: 0x800014c2 (0x0ff6c693) xori    a3, a3, 255
core   0: 3 0x800014c2 (0x0ff6c693) x13 0x000000ff
core   0: 0x800014c6 (0x8c611803) lh      a6, -1850(sp)
core   0: 3 0x800014c6 (0x8c611803) x16 0x00000000 mem 0x80010452
core   0: 0x800014ca (0xda411603) lh      a2, -604(sp)
core   0: 3 0x800014ca (0xda411603) x12 0x00000000 mem 0x80010930
core   0: 0x800014ce (0x98a11523) sh      a0, -1654(sp)
core   0: 3 0x800014ce (0x98a11523) mem 0x80010516 0xffff
core   0: 0x800014d2 (0xe0310fa3) sb      gp, -481(sp)
core   0: 3 0x800014d2 (0xe0310fa3) mem 0x800109ab 0x86
core   0: 0x800014d6 (0x80310c23) sb      gp, -2024(sp)
core   0: 3 0x800014d6 (0x80310c23) mem 0x800103a4 0x86
core   0: 0x800014da (0x03c546b3) div     a3, a0, t3
core   0: 3 0x800014da (0x03c546b3) x13 0x00000000
core   0: 0x800014de (0x26310aa3) sb      gp, 629(sp)
core   0: 3 0x800014de (0x26310aa3) mem 0x80010e01 0x86
core   0: 0x800014e2 (0x03c86833) rem     a6, a6, t3
core   0: 3 0x800014e2 (0x03c86833) x16 0x00000000
core   0: 0x800014e6 (0xc4b14183) lbu     gp, -949(sp)
core   0: 3 0x800014e6 (0xc4b14183) x3  0x00000000 mem 0x800107d7
core   0: 0x800014ea (0x13d14183) lbu     gp, 317(sp)
core   0: 3 0x800014ea (0x13d14183) x3  0x00000000 mem 0x80010cc9
core   0: 0x800014ee (0x1da15e03) lhu     t3, 474(sp)
core   0: 3 0x800014ee (0x1da15e03) x28 0x00000000 mem 0x80010d66
core   0: 0x800014f2 (0xd7b14183) lbu     gp, -645(sp)
core   0: 3 0x800014f2 (0xd7b14183) x3  0x00000000 mem 0x80010907
core   0: 0x800014f6 (0xa9714183) lbu     gp, -1385(sp)
core   0: 3 0x800014f6 (0xa9714183) x3  0x00000000 mem 0x80010623
core   0: 0x800014fa (0x97412683) lw      a3, -1676(sp)
core   0: 3 0x800014fa (0x97412683) x13 0x00000000 mem 0x80010500
core   0: 0x800014fe (0x41b85513) srai    a0, a6, 27
core   0: 3 0x800014fe (0x41b85513) x10 0x00000000
core   0: 0x80001502 (0x22214183) lbu     gp, 546(sp)
core   0: 3 0x80001502 (0x22214183) x3  0x00000000 mem 0x80010dae
core   0: 0x80001506 (0x2bc10ea3) sb      t3, 701(sp)
core   0: 3 0x80001506 (0x2bc10ea3) mem 0x80010e49 0x00
core   0: 0x8000150a (0x00008d75) c.and   a0, a3
core   0: 3 0x8000150a (0x8d75) x10 0x00000000
core   0: 0x8000150c (0x0236c1b3) div     gp, a3, gp
core   0: 3 0x8000150c (0x0236c1b3) x3  0xffffffff
core   0: 0x80001510 (0x00008e51) c.or    a2, a2
core   0: 3 0x80001510 (0x8e51) x12 0x00000000
core   0: 0x80001512 (0x41c1d1b3) sra     gp, gp, t3
core   0: 3 0x80001512 (0x41c1d1b3) x3  0xffffffff
core   0: 0x80001516 (0x37914683) lbu     a3, 889(sp)
core   0: 3 0x80001516 (0x37914683) x13 0x00000000 mem 0x80010f05
core   0: 0x8000151a (0x8f014183) lbu     gp, -1808(sp)
core   0: 3 0x8000151a (0x8f014183) x3  0x00000000 mem 0x8001047c
core   0: 0x8000151e (0xffc10ea3) sb      t3, -3(sp)
core   0: 3 0x8000151e (0xffc10ea3) mem 0x80010b89 0x00
core   0: 0x80001522 (0x003866b3) or      a3, a6, gp
core   0: 3 0x80001522 (0x003866b3) x13 0x00000000
core   0: 0x80001526 (0x00a1b833) sltu    a6, gp, a0
core   0: 3 0x80001526 (0x00a1b833) x16 0x00000000
core   0: 0x8000152a (0xedf10183) lb      gp, -289(sp)
core   0: 3 0x8000152a (0xedf10183) x3  0x00000000 mem 0x80010a6b
core   0: 0x8000152e (0x00004429) c.li    s0, 10
core   0: 3 0x8000152e (0x4429) x8  0x0000000a
core   0: 0x80001530 (0x00004d81) c.li    s11, 0
core   0: 3 0x80001530 (0x4d81) x27 0x00000000
core   0: 0x80001532 (0x0dce0593) addi    a1, t3, 220
core   0: 3 0x80001532 (0x0dce0593) x11 0x000000dc
core   0: 0x80001536 (0x00001459) c.addi  s0, -10
core   0: 3 0x80001536 (0x1459) x8  0x00000000
core   0: 0x80001538 (0x0000479d) c.li    a5, 7
core   0: 3 0x80001538 (0x479d) x15 0x00000007
core   0: 0x8000153a (0x00004615) c.li    a2, 5
core   0: 3 0x8000153a (0x4615) x12 0x00000005
core   0: 0x8000153c (0x00000001) c.nop
core   0: 3 0x8000153c (0x0001)
core   0: 0x8000153e (0x03084ab3) div     s5, a6, a6
core   0: 3 0x8000153e (0x03084ab3) x21 0xffffffff
core   0: 0x80001542 (0x03d4a533) mulhsu  a0, s1, t4
core   0: 3 0x80001542 (0x03d4a533) x10 0x00000000
core   0: 0x80001546 (0x0000166d) c.addi  a2, -5
core   0: 3 0x80001546 (0x166d) x12 0x00000000
core   0: 0x80001548 (0x0000da7d) c.beqz  a2, pc - 10
core   0: 3 0x80001548 (0xda7d)
core   0: 0x8000153e (0x03084ab3) div     s5, a6, a6
core   0: 3 0x8000153e (0x03084ab3) x21 0xffffffff
core   0: 0x80001542 (0x03d4a533) mulhsu  a0, s1, t4
core   0: 3 0x80001542 (0x03d4a533) x10 0x00000000
core   0: 0x80001546 (0x0000166d) c.addi  a2, -5
core   0: 3 0x80001546 (0x166d) x12 0xfffffffb
core   0: 0x80001548 (0x0000da7d) c.beqz  a2, pc - 10
core   0: 3 0x80001548 (0xda7d)
core   0: 0x8000154a (0xffb454e3) bge     s0, s11, pc - 24
core   0: 3 0x8000154a (0xffb454e3)
core   0: 0x80001532 (0x0dce0593) addi    a1, t3, 220
core   0: 3 0x80001532 (0x0dce0593) x11 0x000000dc
core   0: 0x80001536 (0x00001459) c.addi  s0, -10
core   0: 3 0x80001536 (0x1459) x8  0xfffffff6
core   0: 0x80001538 (0x0000479d) c.li    a5, 7
core   0: 3 0x80001538 (0x479d) x15 0x00000007
core   0: 0x8000153a (0x00004615) c.li    a2, 5
core   0: 3 0x8000153a (0x4615) x12 0x00000005
core   0: 0x8000153c (0x00000001) c.nop
core   0: 3 0x8000153c (0x0001)
core   0: 0x8000153e (0x03084ab3) div     s5, a6, a6
core   0: 3 0x8000153e (0x03084ab3) x21 0xffffffff
core   0: 0x80001542 (0x03d4a533) mulhsu  a0, s1, t4
core   0: 3 0x80001542 (0x03d4a533) x10 0x00000000
core   0: 0x80001546 (0x0000166d) c.addi  a2, -5
core   0: 3 0x80001546 (0x166d) x12 0x00000000
core   0: 0x80001548 (0x0000da7d) c.beqz  a2, pc - 10
core   0: 3 0x80001548 (0xda7d)
core   0: 0x8000153e (0x03084ab3) div     s5, a6, a6
core   0: 3 0x8000153e (0x03084ab3) x21 0xffffffff
core   0: 0x80001542 (0x03d4a533) mulhsu  a0, s1, t4
core   0: 3 0x80001542 (0x03d4a533) x10 0x00000000
core   0: 0x80001546 (0x0000166d) c.addi  a2, -5
core   0: 3 0x80001546 (0x166d) x12 0xfffffffb
core   0: 0x80001548 (0x0000da7d) c.beqz  a2, pc - 10
core   0: 3 0x80001548 (0xda7d)
core   0: 0x8000154a (0xffb454e3) bge     s0, s11, pc - 24
core   0: 3 0x8000154a (0xffb454e3)
core   0: 0x8000154e (0x0000485d) c.li    a6, 23
core   0: 3 0x8000154e (0x485d) x16 0x00000017
core   0: 0x80001550 (0x0320076f) jal     a4, pc + 0x32
core   0: 3 0x80001550 (0x0320076f) x14 0x80001554
core   0: 0x80001582 (0xfddff36f) jal     t1, pc - 0x24
core   0: 3 0x80001582 (0xfddff36f) x6  0x80001586
core   0: 0x8000155e (0x00002031) c.jal   pc + 12
core   0: 3 0x8000155e (0x2031) x1  0x80001560
core   0: 0x8000156a (0x008002ef) jal     t0, pc + 0x8
core   0: 3 0x8000156a (0x008002ef) x5  0x8000156e
core   0: 0x80001572 (0x0000bfd5) c.j     pc - 12
core   0: 3 0x80001572 (0xbfd5)
core   0: 0x80001566 (0x0180036f) jal     t1, pc + 0x18
core   0: 3 0x80001566 (0x0180036f) x6  0x8000156a
core   0: 0x8000157e (0xfe7ff0ef) jal     pc - 0x1a
core   0: 3 0x8000157e (0xfe7ff0ef) x1  0x80001582
core   0: 0x80001564 (0x00003fc5) c.jal   pc - 16
core   0: 3 0x80001564 (0x3fc5) x1  0x80001566
core   0: 0x80001554 (0x0000a825) c.j     pc + 56
core   0: 3 0x80001554 (0xa825)
core   0: 0x8000158c (0x0000a029) c.j     pc + 10
core   0: 3 0x8000158c (0xa029)
core   0: 0x80001596 (0x00002019) c.jal   pc + 6
core   0: 3 0x80001596 (0x2019) x1  0x80001598
core   0: 0x8000159c (0xfd9ff0ef) jal     pc - 0x28
core   0: 3 0x8000159c (0xfd9ff0ef) x1  0x800015a0
core   0: 0x80001574 (0x0000a009) c.j     pc + 2
core   0: 3 0x80001574 (0xa009)
core   0: 0x80001576 (0x00002801) c.jal   pc + 16
core   0: 3 0x80001576 (0x2801) x1  0x80001578
core   0: 0x80001586 (0x000037e5) c.jal   pc - 24
core   0: 3 0x80001586 (0x37e5) x1  0x80001588
core   0: 0x8000156e (0x0000a02d) c.j     pc + 42
core   0: 3 0x8000156e (0xa02d)
core   0: 0x80001598 (0x000037c5) c.jal   pc - 32
core   0: 3 0x80001598 (0x37c5) x1  0x8000159a
core   0: 0x80001578 (0x000037d5) c.jal   pc - 28
core   0: 3 0x80001578 (0x37d5) x1  0x8000157a
core   0: 0x8000155c (0x00002011) c.jal   pc + 4
core   0: 3 0x8000155c (0x2011) x1  0x8000155e
core   0: 0x80001560 (0x0280036f) jal     t1, pc + 0x28
core   0: 3 0x80001560 (0x0280036f) x6  0x80001564
core   0: 0x80001588 (0x0000b7f9) c.j     pc - 50
core   0: 3 0x80001588 (0xb7f9)
core   0: 0x80001556 (0x0000a009) c.j     pc + 2
core   0: 3 0x80001556 (0xa009)
core   0: 0x80001558 (0x018000ef) jal     pc + 0x18
core   0: 3 0x80001558 (0x018000ef) x1  0x8000155c
core   0: 0x80001570 (0x0000200d) c.jal   pc + 34
core   0: 3 0x80001570 (0x200d) x1  0x80001572
core   0: 0x80001592 (0xff9ff2ef) jal     t0, pc - 0x8
core   0: 3 0x80001592 (0xff9ff2ef) x5  0x80001596
core   0: 0x8000158a (0x00003fc5) c.jal   pc - 16
core   0: 3 0x8000158a (0x3fc5) x1  0x8000158c
core   0: 0x8000157a (0x020000ef) jal     pc + 0x20
core   0: 3 0x8000157a (0x020000ef) x1  0x8000157e
core   0: 0x8000159a (0x00003fd5) c.jal   pc - 12
core   0: 3 0x8000159a (0x3fd5) x1  0x8000159c
core   0: 0x8000158e (0x0120036f) jal     t1, pc + 0x12
core   0: 3 0x8000158e (0x0120036f) x6  0x80001592
core   0: 0x800015a0 (0x000061dd) c.lui   gp, 0x17
core   0: 3 0x800015a0 (0x61dd) x3  0x00017000
core   0: 0x800015a2 (0x0000f517) auipc   a0, 0xf
core   0: 3 0x800015a2 (0x0000f517) x10 0x800105a2
core   0: 0x800015a6 (0xcf150513) addi    a0, a0, -783
core   0: 3 0x800015a6 (0xcf150513) x10 0x80010293
core   0: 0x800015aa (0xfd850203) lb      tp, -40(a0)
core   0: 3 0x800015aa (0xfd850203) x4  0x00000000 mem 0x8001026b
core   0: 0x800015ae (0xfe954703) lbu     a4, -23(a0)
core   0: 3 0x800015ae (0xfe954703) x14 0x00000000 mem 0x8001027c
core   0: 0x800015b2 (0x00000001) c.nop
core   0: 3 0x800015b2 (0x0001)
core   0: 0x800015b4 (0x8dae0813) addi    a6, t3, -1830
core   0: 3 0x800015b4 (0x8dae0813) x16 0xfffff8da
core   0: 0x800015b8 (0xfc254d83) lbu     s11, -62(a0)
core   0: 3 0x800015b8 (0xfc254d83) x27 0x00000000 mem 0x80010255
core   0: 0x800015bc (0xfd2516a3) sh      s2, -51(a0)
core   0: 3 0x800015bc (0xfd2516a3) mem 0x80010260 0xaa29
core   0: 0x800015c0 (0x00667033) and     zero, a2, t1
core   0: 3 0x800015c0 (0x00667033)
core   0: 0x800015c4 (0xb89ea997) auipc   s3, 0xb89ea
core   0: 3 0x800015c4 (0xb89ea997) x19 0x389eb5c4
core   0: 0x800015c8 (0xfcb54283) lbu     t0, -53(a0)
core   0: 3 0x800015c8 (0xfcb54283) x5  0x00000000 mem 0x8001025e
core   0: 0x800015cc (0x01955e03) lhu     t3, 25(a0)
core   0: 3 0x800015cc (0x01955e03) x28 0x00000000 mem 0x800102ac
core   0: 0x800015d0 (0xff6515a3) sh      s6, -21(a0)
core   0: 3 0x800015d0 (0xff6515a3) mem 0x8001027e 0x0000
core   0: 0x800015d4 (0x033b6333) rem     t1, s6, s3
core   0: 3 0x800015d4 (0x033b6333) x6  0x00000000
core   0: 0x800015d8 (0x02754783) lbu     a5, 39(a0)
core   0: 3 0x800015d8 (0x02754783) x15 0x00000000 mem 0x800102ba
core   0: 0x800015dc (0xfe750523) sb      t2, -22(a0)
core   0: 3 0x800015dc (0xfe750523) mem 0x8001027d 0x00
core   0: 0x800015e0 (0xfca54583) lbu     a1, -54(a0)
core   0: 3 0x800015e0 (0xfca54583) x11 0x00000000 mem 0x8001025d
core   0: 0x800015e4 (0x03a3f333) remu    t1, t2, s10
core   0: 3 0x800015e4 (0x03a3f333) x6  0x00000000
core   0: 0x800015e8 (0x03693833) mulhu   a6, s2, s6
core   0: 3 0x800015e8 (0x03693833) x16 0x00000000
core   0: 0x800015ec (0xffc50223) sb      t3, -28(a0)
core   0: 3 0x800015ec (0xffc50223) mem 0x80010277 0x00
core   0: 0x800015f0 (0x00354b03) lbu     s6, 3(a0)
core   0: 3 0x800015f0 (0x00354b03) x22 0x00000000 mem 0x80010296
core   0: 0x800015f4 (0xfe254083) lbu     ra, -30(a0)
core   0: 3 0x800015f4 (0xfe254083) x1  0x00000000 mem 0x80010275
core   0: 0x800015f8 (0x00950823) sb      s1, 16(a0)
core   0: 3 0x800015f8 (0x00950823) mem 0x800102a3 0x00
core   0: 0x800015fc (0xff2509a3) sb      s2, -13(a0)
core   0: 3 0x800015fc (0xff2509a3) mem 0x80010286 0x29
core   0: 0x80001600 (0x02d50183) lb      gp, 45(a0)
core   0: 3 0x80001600 (0x02d50183) x3  0x00000000 mem 0x800102c0
core   0: 0x80001604 (0x00e50103) lb      sp, 14(a0)
core   0: 3 0x80001604 (0x00e50103) x2  0x00000000 mem 0x800102a1
core   0: 0x80001608 (0xb2f6ad13) slti    s10, a3, -1233
core   0: 3 0x80001608 (0xb2f6ad13) x26 0x00000000
core   0: 0x8000160c (0x2390de37) lui     t3, 0x2390d
core   0: 3 0x8000160c (0x2390de37) x28 0x2390d000
core   0: 0x80001610 (0x01155e83) lhu     t4, 17(a0)
core   0: 3 0x80001610 (0x01155e83) x29 0x00000000 mem 0x800102a4
core   0: 0x80001614 (0x00b01cb3) sll     s9, zero, a1
core   0: 3 0x80001614 (0x00b01cb3) x25 0x00000000
core   0: 0x80001618 (0x011503a3) sb      a7, 7(a0)
core   0: 3 0x80001618 (0x011503a3) mem 0x8001029a 0xe4
core   0: 0x8000161c (0x64aa4193) xori    gp, s4, 1610
core   0: 3 0x8000161c (0x64aa4193) x3  0x0000064a
core   0: 0x80001620 (0x01815633) srl     a2, sp, s8
core   0: 3 0x80001620 (0x01815633) x12 0x00000000
core   0: 0x80001624 (0x0000517d) c.li    sp, -1
core   0: 3 0x80001624 (0x517d) x2  0xffffffff
core   0: 0x80001626 (0x0292dab3) divu    s5, t0, s1
core   0: 3 0x80001626 (0x0292dab3) x21 0x00000000
core   0: 0x8000162a (0xfd854803) lbu     a6, -40(a0)
core   0: 3 0x8000162a (0xfd854803) x16 0x00000000 mem 0x8001026b
core   0: 0x8000162e (0xff951da3) sh      s9, -5(a0)
core   0: 3 0x8000162e (0xff951da3) mem 0x8001028e 0x0000
core   0: 0x80001632 (0x00001510) c.addi4spn a2, sp, 672
core   0: 3 0x80001632 (0x1510) x12 0x0000029f
core   0: 0x80001634 (0x02254703) lbu     a4, 34(a0)
core   0: 3 0x80001634 (0x02254703) x14 0x00000000 mem 0x800102b5
core   0: 0x80001638 (0x038b5233) divu    tp, s6, s8
core   0: 3 0x80001638 (0x038b5233) x4  0x00000000
core   0: 0x8000163c (0xfcb55103) lhu     sp, -53(a0)
core   0: 3 0x8000163c (0xfcb55103) x2  0x00000000 mem 0x8001025e
core   0: 0x80001640 (0x025ba1b3) mulhsu  gp, s7, t0
core   0: 3 0x80001640 (0x025ba1b3) x3  0x00000000
core   0: 0x80001644 (0x00275493) srli    s1, a4, 2
core   0: 3 0x80001644 (0x00275493) x9  0x00000000
core   0: 0x80001648 (0x0012dd33) srl     s10, t0, ra
core   0: 3 0x80001648 (0x0012dd33) x26 0x00000000
core   0: 0x8000164c (0xfc254f03) lbu     t5, -62(a0)
core   0: 3 0x8000164c (0xfc254f03) x30 0x00000000 mem 0x80010255
core   0: 0x80001650 (0x00000001) c.nop
core   0: 3 0x80001650 (0x0001)
core   0: 0x80001652 (0xce646313) ori     t1, s0, -794
core   0: 3 0x80001652 (0xce646313) x6  0xfffffff6
core   0: 0x80001656 (0x03fabd33) mulhu   s10, s5, t6
core   0: 3 0x80001656 (0x03fabd33) x26 0x00000000
core   0: 0x8000165a (0xc81bca93) xori    s5, s7, -895
core   0: 3 0x8000165a (0xc81bca93) x21 0x7ffda2e5
core   0: 0x8000165e (0x01754983) lbu     s3, 23(a0)
core   0: 3 0x8000165e (0x01754983) x19 0x00000000 mem 0x800102aa
core   0: 0x80001662 (0x00006235) c.lui   tp, 0xd
core   0: 3 0x80001662 (0x6235) x4  0x0000d000
core   0: 0x80001664 (0x01ebb4b3) sltu    s1, s7, t5
core   0: 3 0x80001664 (0x01ebb4b3) x9  0x00000000
core   0: 0x80001668 (0xfe250983) lb      s3, -30(a0)
core   0: 3 0x80001668 (0xfe250983) x19 0x00000000 mem 0x80010275
core   0: 0x8000166c (0x0000f117) auipc   sp, 0xf
core   0: 3 0x8000166c (0x0000f117) x2  0x8001066c
core   0: 0x80001670 (0x3b710113) addi    sp, sp, 951
core   0: 3 0x80001670 (0x3b710113) x2  0x80010a23
core   0: 0x80001674 (0x07b15583) lhu     a1, 123(sp)
core   0: 3 0x80001674 (0x07b15583) x11 0x00000000 mem 0x80010a9e
core   0: 0x80001678 (0x07b11603) lh      a2, 123(sp)
core   0: 3 0x80001678 (0x07b11603) x12 0x00000000 mem 0x80010a9e
core   0: 0x8000167c (0x07911da3) sh      s9, 123(sp)
core   0: 3 0x8000167c (0x07911da3) mem 0x80010a9e 0x0000
core   0: 0x80001680 (0x01614803) lbu     a6, 22(sp)
core   0: 3 0x80001680 (0x01614803) x16 0x00000000 mem 0x80010a39
core   0: 0x80001684 (0x01610f03) lb      t5, 22(sp)
core   0: 3 0x80001684 (0x01610f03) x30 0x00000000 mem 0x80010a39
core   0: 0x80001688 (0x01610f83) lb      t6, 22(sp)
core   0: 3 0x80001688 (0x01610f83) x31 0x00000000 mem 0x80010a39
core   0: 0x8000168c (0x01614a83) lbu     s5, 22(sp)
core   0: 3 0x8000168c (0x01614a83) x21 0x00000000 mem 0x80010a39
core   0: 0x80001690 (0x01614383) lbu     t2, 22(sp)
core   0: 3 0x80001690 (0x01614383) x7  0x00000000 mem 0x80010a39
core   0: 0x80001694 (0x01610983) lb      s3, 22(sp)
core   0: 3 0x80001694 (0x01610983) x19 0x00000000 mem 0x80010a39
core   0: 0x80001698 (0xf4014c83) lbu     s9, -192(sp)
core   0: 3 0x80001698 (0xf4014c83) x25 0x00000000 mem 0x80010963
core   0: 0x8000169c (0xf4010e83) lb      t4, -192(sp)
core   0: 3 0x8000169c (0xf4010e83) x29 0x00000000 mem 0x80010963
core   0: 0x800016a0 (0xf5510023) sb      s5, -192(sp)
core   0: 3 0x800016a0 (0xf5510023) mem 0x80010963 0x00
core   0: 0x800016a4 (0xf4410023) sb      tp, -192(sp)
core   0: 3 0x800016a4 (0xf4410023) mem 0x80010963 0x00
core   0: 0x800016a8 (0x4163d813) srai    a6, t2, 22
core   0: 3 0x800016a8 (0x4163d813) x16 0x00000000
core   0: 0x800016ac (0xf4014983) lbu     s3, -192(sp)
core   0: 3 0x800016ac (0xf4014983) x19 0x00000000 mem 0x80010963
core   0: 0x800016b0 (0xf4014703) lbu     a4, -192(sp)
core   0: 3 0x800016b0 (0xf4014703) x14 0x00000000 mem 0x80010963
core   0: 0x800016b4 (0xf5710023) sb      s7, -192(sp)
core   0: 3 0x800016b4 (0xf5710023) mem 0x80010963 0x64
core   0: 0x800016b8 (0x0000f117) auipc   sp, 0xf
core   0: 3 0x800016b8 (0x0000f117) x2  0x800106b8
core   0: 0x800016bc (0xf3b10113) addi    sp, sp, -197
core   0: 3 0x800016bc (0xf3b10113) x2  0x800105f3
core   0: 0x800016c0 (0x000015fd) c.addi  a1, -1
core   0: 3 0x800016c0 (0x15fd) x11 0xffffffff
core   0: 0x800016c2 (0x00008119) c.srli  a0, 6
core   0: 3 0x800016c2 (0x8119) x10 0x0200040a
core   0: 0x800016c4 (0x058f5c37) lui     s8, 0x58f5
core   0: 3 0x800016c4 (0x058f5c37) x24 0x058f5000
core   0: 0x800016c8 (0x05010283) lb      t0, 80(sp)
core   0: 3 0x800016c8 (0x05010283) x5  0x00000000 mem 0x80010643
core   0: 0x800016cc (0xf4a10423) sb      a0, -184(sp)
core   0: 3 0x800016cc (0xf4a10423) mem 0x8001053b 0x0a
core   0: 0x800016d0 (0x01881533) sll     a0, a6, s8
core   0: 3 0x800016d0 (0x01881533) x10 0x00000000
core   0: 0x800016d4 (0x00a87833) and     a6, a6, a0
core   0: 3 0x800016d4 (0x00a87833) x16 0x00000000
core   0: 0x800016d8 (0xe7153293) sltiu   t0, a0, -399
core   0: 3 0x800016d8 (0xe7153293) x5  0x00000001
core   0: 0x800016dc (0x00008de9) c.and   a1, a0
core   0: 3 0x800016dc (0x8de9) x11 0x00000000
core   0: 0x800016de (0x08214803) lbu     a6, 130(sp)
core   0: 3 0x800016de (0x08214803) x16 0x00000000 mem 0x80010675
core   0: 0x800016e2 (0x0cc10283) lb      t0, 204(sp)
core   0: 3 0x800016e2 (0x0cc10283) x5  0x00000000 mem 0x800106bf
core   0: 0x800016e6 (0x02a2e2b3) rem     t0, t0, a0
core   0: 3 0x800016e6 (0x02a2e2b3) x5  0x00000000
core   0: 0x800016ea (0x0cf10283) lb      t0, 207(sp)
core   0: 3 0x800016ea (0x0cf10283) x5  0x00000000 mem 0x800106c2
core   0: 0x800016ee (0x00008d89) c.sub   a1, a0
core   0: 3 0x800016ee (0x8d89) x11 0x00000000
core   0: 0x800016f0 (0x0192bcb3) sltu    s9, t0, s9
core   0: 3 0x800016f0 (0x0192bcb3) x25 0x00000000
core   0: 0x800016f4 (0x3125b593) sltiu   a1, a1, 786
core   0: 3 0x800016f4 (0x3125b593) x11 0x00000001
core   0: 0x800016f8 (0x010112a3) sh      a6, 5(sp)
core   0: 3 0x800016f8 (0x010112a3) mem 0x800105f8 0x0000
core   0: 0x800016fc (0xfee10583) lb      a1, -18(sp)
core   0: 3 0x800016fc (0xfee10583) x11 0x00000000 mem 0x800105e1
core   0: 0x80001700 (0x06210803) lb      a6, 98(sp)
core   0: 3 0x80001700 (0x06210803) x16 0x00000000 mem 0x80010655
core   0: 0x80001704 (0x06b116a3) sh      a1, 109(sp)
core   0: 3 0x80001704 (0x06b116a3) mem 0x80010660 0x0000
core   0: 0x80001708 (0x07715c83) lhu     s9, 119(sp)
core   0: 3 0x80001708 (0x07715c83) x25 0x00000000 mem 0x8001066a
core   0: 0x8000170c (0x0052b2b3) sltu    t0, t0, t0
core   0: 3 0x8000170c (0x0052b2b3) x5  0x00000000
core   0: 0x80001710 (0xc1bab537) lui     a0, 0xc1bab
core   0: 3 0x80001710 (0xc1bab537) x10 0xc1bab000
core   0: 0x80001714 (0x02b542b3) div     t0, a0, a1
core   0: 3 0x80001714 (0x02b542b3) x5  0xffffffff
core   0: 0x80001718 (0x64956513) ori     a0, a0, 1609
core   0: 3 0x80001718 (0x64956513) x10 0xc1bab649
core   0: 0x8000171c (0xf0d12c03) lw      s8, -243(sp)
core   0: 3 0x8000171c (0xf0d12c03) x24 0x00000000 mem 0x80010500
core   0: 0x80001720 (0x03084533) div     a0, a6, a6
core   0: 3 0x80001720 (0x03084533) x10 0xffffffff
core   0: 0x80001724 (0xfa315283) lhu     t0, -93(sp)
core   0: 3 0x80001724 (0xfa315283) x5  0x00000000 mem 0x80010596
core   0: 0x80001728 (0x00008d29) c.xor   a0, a0
core   0: 3 0x80001728 (0x8d29) x10 0x00000000
core   0: 0x8000172a (0xfc810c03) lb      s8, -56(sp)
core   0: 3 0x8000172a (0xfc810c03) x24 0x00000000 mem 0x800105bb
core   0: 0x8000172e (0x01010823) sb      a6, 16(sp)
core   0: 3 0x8000172e (0x01010823) mem 0x80010603 0x00
core   0: 0x80001732 (0x00000862) c.slli  a6, 24
core   0: 3 0x80001732 (0x0862) x16 0x00000000
core   0: 0x80001734 (0xf6cc3c93) sltiu   s9, s8, -148
core   0: 3 0x80001734 (0xf6cc3c93) x25 0x00000001
core   0: 0x80001738 (0x0c950293) addi    t0, a0, 201
core   0: 3 0x80001738 (0x0c950293) x5  0x000000c9
core   0: 0x8000173c (0x000055fd) c.li    a1, -1
core   0: 3 0x8000173c (0x55fd) x11 0xffffffff
core   0: 0x8000173e (0xf8410583) lb      a1, -124(sp)
core   0: 3 0x8000173e (0xf8410583) x11 0x00000000 mem 0x80010577
core   0: 0x80001742 (0x0001a997) auipc   s3, 0x1a
core   0: 3 0x80001742 (0x0001a997) x19 0x8001b742
core   0: 0x80001746 (0xdc298993) addi    s3, s3, -574
core   0: 3 0x80001746 (0xdc298993) x19 0x8001b504
core   0: 0x8000174a (0x00098a03) lb      s4, 0(s3)
core   0: 3 0x8000174a (0x00098a03) x20 0x00000000 mem 0x8001b504
core   0: 0x8000174e (0x0009d383) lhu     t2, 0(s3)
core   0: 3 0x8000174e (0x0009d383) x7  0x00000000 mem 0x8001b504
core   0: 0x80001752 (0x015984a3) sb      s5, 9(s3)
core   0: 3 0x80001752 (0x015984a3) mem 0x8001b50d 0x00
core   0: 0x80001756 (0x0099c283) lbu     t0, 9(s3)
core   0: 3 0x80001756 (0x0099c283) x5  0x00000000 mem 0x8001b50d
core   0: 0x8000175a (0x00008f79) c.and   a4, a4
core   0: 3 0x8000175a (0x8f79) x14 0x00000000
core   0: 0x8000175c (0x01b984a3) sb      s11, 9(s3)
core   0: 3 0x8000175c (0x01b984a3) mem 0x8001b50d 0x00
core   0: 0x80001760 (0x00998d03) lb      s10, 9(s3)
core   0: 3 0x80001760 (0x00998d03) x26 0x00000000 mem 0x8001b50d
core   0: 0x80001764 (0x00998b03) lb      s6, 9(s3)
core   0: 3 0x80001764 (0x00998b03) x22 0x00000000 mem 0x8001b50d
core   0: 0x80001768 (0x00998083) lb      ra, 9(s3)
core   0: 3 0x80001768 (0x00998083) x1  0x00000000 mem 0x8001b50d
core   0: 0x8000176c (0x00998a83) lb      s5, 9(s3)
core   0: 3 0x8000176c (0x00998a83) x21 0x00000000 mem 0x8001b50d
core   0: 0x80001770 (0x0099cc83) lbu     s9, 9(s3)
core   0: 3 0x80001770 (0x0099cc83) x25 0x00000000 mem 0x8001b50d
core   0: 0x80001774 (0x004984a3) sb      tp, 9(s3)
core   0: 3 0x80001774 (0x004984a3) mem 0x8001b50d 0x00
core   0: 0x80001778 (0x003984a3) sb      gp, 9(s3)
core   0: 3 0x80001778 (0x003984a3) mem 0x8001b50d 0x00
core   0: 0x8000177c (0x00000a80) c.addi4spn s0, sp, 336
core   0: 3 0x8000177c (0x0a80) x8  0x80010743
core   0: 0x8000177e (0x00d9c183) lbu     gp, 13(s3)
core   0: 3 0x8000177e (0x00d9c183) x3  0x00000000 mem 0x8001b511
core   0: 0x80001782 (0x00d9ca03) lbu     s4, 13(s3)
core   0: 3 0x80001782 (0x00d9ca03) x20 0x00000000 mem 0x8001b511
core   0: 0x80001786 (0x01a986a3) sb      s10, 13(s3)
core   0: 3 0x80001786 (0x01a986a3) mem 0x8001b511 0x00
core   0: 0x8000178a (0x012986a3) sb      s2, 13(s3)
core   0: 3 0x8000178a (0x012986a3) mem 0x8001b511 0x29
core   0: 0x8000178e (0x018986a3) sb      s8, 13(s3)
core   0: 3 0x8000178e (0x018986a3) mem 0x8001b511 0x00
core   0: 0x80001792 (0x00d9ca83) lbu     s5, 13(s3)
core   0: 3 0x80001792 (0x00d9ca83) x21 0x00000000 mem 0x8001b511
core   0: 0x80001796 (0x00d98a03) lb      s4, 13(s3)
core   0: 3 0x80001796 (0x00d98a03) x20 0x00000000 mem 0x8001b511
core   0: 0x8000179a (0x00011117) auipc   sp, 0x11
core   0: 3 0x8000179a (0x00011117) x2  0x8001279a
core   0: 0x8000179e (0xdb810113) addi    sp, sp, -584
core   0: 3 0x8000179e (0xdb810113) x2  0x80012552
core   0: 0x800017a2 (0x00000fd6) c.slli  t6, 21
core   0: 3 0x800017a2 (0x0fd6) x31 0x00000000
core   0: 0x800017a4 (0x023e4233) div     tp, t3, gp
core   0: 3 0x800017a4 (0x023e4233) x4  0xffffffff
core   0: 0x800017a8 (0x03210e03) lb      t3, 50(sp)
core   0: 3 0x800017a8 (0x03210e03) x28 0x00000000 mem 0x80012584
core   0: 0x800017ac (0x01ffe4b3) or      s1, t6, t6
core   0: 3 0x800017ac (0x01ffe4b3) x9  0x00000000
core   0: 0x800017b0 (0x000001aa) c.slli  gp, 10
core   0: 3 0x800017b0 (0x01aa) x3  0x00000000
core   0: 0x800017b2 (0xfe911d23) sh      s1, -6(sp)
core   0: 3 0x800017b2 (0xfe911d23) mem 0x8001254c 0x0000
core   0: 0x800017b6 (0x00ee4e33) xor     t3, t3, a4
core   0: 3 0x800017b6 (0x00ee4e33) x28 0x00000000
core   0: 0x800017ba (0x00d14f83) lbu     t6, 13(sp)
core   0: 3 0x800017ba (0x00d14f83) x31 0x00000000 mem 0x8001255f
core   0: 0x800017be (0x01114183) lbu     gp, 17(sp)
core   0: 3 0x800017be (0x01114183) x3  0x00000000 mem 0x80012563
core   0: 0x800017c2 (0x00e107a3) sb      a4, 15(sp)
core   0: 3 0x800017c2 (0x00e107a3) mem 0x80012561 0x00
core   0: 0x800017c6 (0x00008e12) c.mv    t3, tp
core   0: 3 0x800017c6 (0x8e12) x28 0xffffffff
core   0: 0x800017c8 (0xff211183) lh      gp, -14(sp)
core   0: 3 0x800017c8 (0xff211183) x3  0x00000000 mem 0x80012544
core   0: 0x800017cc (0x0000018e) c.slli  gp, 3
core   0: 3 0x800017cc (0x018e) x3  0x00000000
core   0: 0x800017ce (0xfc510e03) lb      t3, -59(sp)
core   0: 3 0x800017ce (0xfc510e03) x28 0x00000000 mem 0x80012517
core   0: 0x800017d2 (0x02ee5fb3) divu    t6, t3, a4
core   0: 3 0x800017d2 (0x02ee5fb3) x31 0xffffffff
core   0: 0x800017d6 (0x33422f93) slti    t6, tp, 820
core   0: 3 0x800017d6 (0x33422f93) x31 0x00000001
core   0: 0x800017da (0x3a923f93) sltiu   t6, tp, 937
core   0: 3 0x800017da (0x3a923f93) x31 0x00000000
core   0: 0x800017de (0x0091a233) slt     tp, gp, s1
core   0: 3 0x800017de (0x0091a233) x4  0x00000000
core   0: 0x800017e2 (0x00006fcd) c.lui   t6, 0x13
core   0: 3 0x800017e2 (0x6fcd) x31 0x00013000
core   0: 0x800017e4 (0x14a4b213) sltiu   tp, s1, 330
core   0: 3 0x800017e4 (0x14a4b213) x4  0x00000001
core   0: 0x800017e8 (0x00009272) c.add   tp, t3
core   0: 3 0x800017e8 (0x9272) x4  0x00000001
core   0: 0x800017ea (0x02e15e03) lhu     t3, 46(sp)
core   0: 3 0x800017ea (0x02e15e03) x28 0x00000000 mem 0x80012580
core   0: 0x800017ee (0x00008489) c.srai  s1, 2
core   0: 3 0x800017ee (0x8489) x9  0x00000000
core   0: 0x800017f0 (0x029494b3) mulh    s1, s1, s1
core   0: 3 0x800017f0 (0x029494b3) x9  0x00000000
core   0: 0x800017f4 (0x00e10da3) sb      a4, 27(sp)
core   0: 3 0x800017f4 (0x00e10da3) mem 0x8001256d 0x00
core   0: 0x800017f8 (0x01171e13) slli    t3, a4, 17
core   0: 3 0x800017f8 (0x01171e13) x28 0x00000000
core   0: 0x800017fc (0x00910483) lb      s1, 9(sp)
core   0: 3 0x800017fc (0x00910483) x9  0x00000000 mem 0x8001255b
core   0: 0x80001800 (0xfe910f23) sb      s1, -2(sp)
core   0: 3 0x80001800 (0xfe910f23) mem 0x80012550 0x00
core   0: 0x80001804 (0xff815703) lhu     a4, -8(sp)
core   0: 3 0x80001804 (0xff815703) x14 0x00000000 mem 0x8001254a
core   0: 0x80001808 (0x00e10423) sb      a4, 8(sp)
core   0: 3 0x80001808 (0x00e10423) mem 0x8001255a 0x00
core   0: 0x8000180c (0x4091de13) srai    t3, gp, 9
core   0: 3 0x8000180c (0x4091de13) x28 0x00000000
core   0: 0x80001810 (0x01e12183) lw      gp, 30(sp)
core   0: 3 0x80001810 (0x01e12183) x3  0x00000000 mem 0x80012570
core   0: 0x80001814 (0x02ee04b3) mul     s1, t3, a4
core   0: 3 0x80001814 (0x02ee04b3) x9  0x00000000
core   0: 0x80001818 (0x02ee01b3) mul     gp, t3, a4
core   0: 3 0x80001818 (0x02ee01b3) x3  0x00000000
core   0: 0x8000181c (0x00008cc5) c.or    s1, s1
core   0: 3 0x8000181c (0x8cc5) x9  0x00000000
core   0: 0x8000181e (0x01f10183) lb      gp, 31(sp)
core   0: 3 0x8000181e (0x01f10183) x3  0x00000000 mem 0x80012571
core   0: 0x80001822 (0xd1626f93) ori     t6, tp, -746
core   0: 3 0x80001822 (0xd1626f93) x31 0xfffffd17
core   0: 0x80001826 (0x02348fb3) mul     t6, s1, gp
core   0: 3 0x80001826 (0x02348fb3) x31 0x00000000
core   0: 0x8000182a (0x02921fb3) mulh    t6, tp, s1
core   0: 3 0x8000182a (0x02921fb3) x31 0x00000000
core   0: 0x8000182e (0xfcf14203) lbu     tp, -49(sp)
core   0: 3 0x8000182e (0xfcf14203) x4  0x00000000 mem 0x80012521
core   0: 0x80001832 (0x0001c797) auipc   a5, 0x1c
core   0: 3 0x80001832 (0x0001c797) x15 0x8001d832
core   0: 0x80001836 (0x1f178793) addi    a5, a5, 497
core   0: 3 0x80001836 (0x1f178793) x15 0x8001da23
core   0: 0x8000183a (0x00008da1) c.xor   a1, s0
core   0: 3 0x8000183a (0x8da1) x11 0x80010743
core   0: 0x8000183c (0x02b78b23) sb      a1, 54(a5)
core   0: 3 0x8000183c (0x02b78b23) mem 0x8001da59 0x43
core   0: 0x80001840 (0x047a6a13) ori     s4, s4, 71
core   0: 3 0x80001840 (0x047a6a13) x20 0x00000047
core   0: 0x80001844 (0x028780a3) sb      s0, 33(a5)
core   0: 3 0x80001844 (0x028780a3) mem 0x8001da44 0x43
core   0: 0x80001848 (0x000055fd) c.li    a1, -1
core   0: 3 0x80001848 (0x55fd) x11 0xffffffff
core   0: 0x8000184a (0x00000001) c.nop
core   0: 3 0x8000184a (0x0001)
core   0: 0x8000184c (0xfcc78403) lb      s0, -52(a5)
core   0: 3 0x8000184c (0xfcc78403) x8  0x00000000 mem 0x8001d9ef
core   0: 0x80001850 (0xfdc78403) lb      s0, -36(a5)
core   0: 3 0x80001850 (0xfdc78403) x8  0x00000000 mem 0x8001d9ff
core   0: 0x80001854 (0xfc078f03) lb      t5, -64(a5)
core   0: 3 0x80001854 (0xfc078f03) x30 0x00000000 mem 0x8001d9e3
core   0: 0x80001858 (0xfec793a3) sh      a2, -25(a5)
core   0: 3 0x80001858 (0xfec793a3) mem 0x8001da0a 0x0000
core   0: 0x8000185c (0x02b42f33) mulhsu  t5, s0, a1
core   0: 3 0x8000185c (0x02b42f33) x30 0x00000000
core   0: 0x80001860 (0x02c41f33) mulh    t5, s0, a2
core   0: 3 0x80001860 (0x02c41f33) x30 0x00000000
core   0: 0x80001864 (0x168f7f13) andi    t5, t5, 360
core   0: 3 0x80001864 (0x168f7f13) x30 0x00000000
core   0: 0x80001868 (0x0407c583) lbu     a1, 64(a5)
core   0: 3 0x80001868 (0x0407c583) x11 0x00000000 mem 0x8001da63
core   0: 0x8000186c (0xfd078a03) lb      s4, -48(a5)
core   0: 3 0x8000186c (0xfd078a03) x20 0x00000000 mem 0x8001d9f3
core   0: 0x80001870 (0x000065cd) c.lui   a1, 0x13
core   0: 3 0x80001870 (0x65cd) x11 0x00013000
core   0: 0x80001872 (0x02b78123) sb      a1, 34(a5)
core   0: 3 0x80001872 (0x02b78123) mem 0x8001da45 0x00
core   0: 0x80001876 (0x00979f03) lh      t5, 9(a5)
core   0: 3 0x80001876 (0x00979f03) x30 0x00000000 mem 0x8001da2c
core   0: 0x8000187a (0x00008ead) c.xor   a3, a1
core   0: 3 0x8000187a (0x8ead) x13 0x00013000
core   0: 0x8000187c (0x000081e9) c.srli  a1, 26
core   0: 3 0x8000187c (0x81e9) x11 0x00000000
core   0: 0x8000187e (0x034a66b3) rem     a3, s4, s4
core   0: 3 0x8000187e (0x034a66b3) x13 0x00000000
core   0: 0x80001882 (0x01c78603) lb      a2, 28(a5)
core   0: 3 0x80001882 (0x01c78603) x12 0x00000000 mem 0x8001da3f
core   0: 0x80001886 (0x00b7a8a3) sw      a1, 17(a5)
core   0: 3 0x80001886 (0x00b7a8a3) mem 0x8001da34 0x00000000
core   0: 0x8000188a (0x03e466b3) rem     a3, s0, t5
core   0: 3 0x8000188a (0x03e466b3) x13 0x00000000
core   0: 0x8000188e (0xfcc7aca3) sw      a2, -39(a5)
core   0: 3 0x8000188e (0xfcc7aca3) mem 0x8001d9fc 0x00000000
core   0: 0x80001892 (0x01f7da03) lhu     s4, 31(a5)
core   0: 3 0x80001892 (0x01f7da03) x20 0x00000000 mem 0x8001da42
core   0: 0x80001896 (0x01a78f03) lb      t5, 26(a5)
core   0: 3 0x80001896 (0x01a78f03) x30 0x00000000 mem 0x8001da3d
core   0: 0x8000189a (0x02c7aaa3) sw      a2, 53(a5)
core   0: 3 0x8000189a (0x02c7aaa3) mem 0x8001da58 0x00000000
core   0: 0x8000189e (0x03e78d23) sb      t5, 58(a5)
core   0: 3 0x8000189e (0x03e78d23) mem 0x8001da5d 0x00
core   0: 0x800018a2 (0x000056fd) c.li    a3, -1
core   0: 3 0x800018a2 (0x56fd) x13 0xffffffff
core   0: 0x800018a4 (0x01b7ca03) lbu     s4, 27(a5)
core   0: 3 0x800018a4 (0x01b7ca03) x20 0x00000000 mem 0x8001da3e
core   0: 0x800018a8 (0x02b6c433) div     s0, a3, a1
core   0: 3 0x800018a8 (0x02b6c433) x8  0xffffffff
core   0: 0x800018ac (0x0377d583) lhu     a1, 55(a5)
core   0: 3 0x800018ac (0x0377d583) x11 0x00000000 mem 0x8001da5a
core   0: 0x800018b0 (0xfd4798a3) sh      s4, -47(a5)
core   0: 3 0x800018b0 (0xfd4798a3) mem 0x8001d9f4 0x0000
core   0: 0x800018b4 (0xfd87ca03) lbu     s4, -40(a5)
core   0: 3 0x800018b4 (0xfd87ca03) x20 0x00000000 mem 0x8001d9fb
core   0: 0x800018b8 (0x03478f23) sb      s4, 62(a5)
core   0: 3 0x800018b8 (0x03478f23) mem 0x8001da61 0x00
core   0: 0x800018bc (0xfcb78523) sb      a1, -54(a5)
core   0: 3 0x800018bc (0xfcb78523) mem 0x8001d9ed 0x00
core   0: 0x800018c0 (0x00000001) c.nop
core   0: 3 0x800018c0 (0x0001)
core   0: 0x800018c2 (0xfc77da03) lhu     s4, -57(a5)
core   0: 3 0x800018c2 (0xfc77da03) x20 0x00000000 mem 0x8001d9ea
core   0: 0x800018c6 (0x01b7d603) lhu     a2, 27(a5)
core   0: 3 0x800018c6 (0x01b7d603) x12 0x00000000 mem 0x8001da3e
core   0: 0x800018ca (0x02b43433) mulhu   s0, s0, a1
core   0: 3 0x800018ca (0x02b43433) x8  0x00000000
core   0: 0x800018ce (0x00008639) c.srai  a2, 14
core   0: 3 0x800018ce (0x8639) x12 0x00000000
core   0: 0x800018d0 (0x01b79a03) lh      s4, 27(a5)
core   0: 3 0x800018d0 (0x01b79a03) x20 0x00000000 mem 0x8001da3e
core   0: 0x800018d4 (0x012a5a13) srli    s4, s4, 18
core   0: 3 0x800018d4 (0x012a5a13) x20 0x00000000
core   0: 0x800018d8 (0x00d41f13) slli    t5, s0, 13
core   0: 3 0x800018d8 (0x00d41f13) x30 0x00000000
core   0: 0x800018dc (0x03445633) divu    a2, s0, s4
core   0: 3 0x800018dc (0x03445633) x12 0xffffffff
core   0: 0x800018e0 (0x014789a3) sb      s4, 19(a5)
core   0: 3 0x800018e0 (0x014789a3) mem 0x8001da36 0x00
core   0: 0x800018e4 (0x008f65b3) or      a1, t5, s0
core   0: 3 0x800018e4 (0x008f65b3) x11 0x00000000
core   0: 0x800018e8 (0x6bdf2a13) slti    s4, t5, 1725
core   0: 3 0x800018e8 (0x6bdf2a13) x20 0x00000001
core   0: 0x800018ec (0x028f6f33) rem     t5, t5, s0
core   0: 3 0x800018ec (0x028f6f33) x30 0x00000000
core   0: 0x800018f0 (0x0145aa33) slt     s4, a1, s4
core   0: 3 0x800018f0 (0x0145aa33) x20 0x00000001
core   0: 0x800018f4 (0xfc17d583) lhu     a1, -63(a5)
core   0: 3 0x800018f4 (0xfc17d583) x11 0x00000000 mem 0x8001d9e4
core   0: 0x800018f8 (0x000066ed) c.lui   a3, 0x1b
core   0: 3 0x800018f8 (0x66ed) x13 0x0001b000
core   0: 0x800018fa (0x02879ea3) sh      s0, 61(a5)
core   0: 3 0x800018fa (0x02879ea3) mem 0x8001da60 0x0000
core   0: 0x800018fe (0x00018117) auipc   sp, 0x18
core   0: 3 0x800018fe (0x00018117) x2  0x800198fe
core   0: 0x80001902 (0x90410113) addi    sp, sp, -1788
core   0: 3 0x80001902 (0x90410113) x2  0x80019202
core   0: 0x80001906 (0x004aaab3) slt     s5, s5, tp
core   0: 3 0x80001906 (0x004aaab3) x21 0x00000000
core   0: 0x8000190a (0x024c6c33) rem     s8, s8, tp
core   0: 3 0x8000190a (0x024c6c33) x24 0x00000000
core   0: 0x8000190e (0x02baa833) mulhsu  a6, s5, a1
core   0: 3 0x8000190e (0x02baa833) x16 0x00000000
core   0: 0x80001912 (0x00f25a93) srli    s5, tp, 15
core   0: 3 0x80001912 (0x00f25a93) x21 0x00000000
core   0: 0x80001916 (0x00006c05) c.lui   s8, 0x1
core   0: 3 0x80001916 (0x6c05) x24 0x00001000
core   0: 0x80001918 (0x09010fa3) sb      a6, 159(sp)
core   0: 3 0x80001918 (0x09010fa3) mem 0x800192a1 0x00
core   0: 0x8000191c (0xfb414a83) lbu     s5, -76(sp)
core   0: 3 0x8000191c (0xfb414a83) x21 0x00000000 mem 0x800191b6
core   0: 0x80001920 (0x00000001) c.nop
core   0: 3 0x80001920 (0x0001)
core   0: 0x80001922 (0x0db14203) lbu     tp, 219(sp)
core   0: 3 0x80001922 (0x0db14203) x4  0x00000000 mem 0x800192dd
core   0: 0x80001926 (0xf1c15c03) lhu     s8, -228(sp)
core   0: 3 0x80001926 (0xf1c15c03) x24 0x00000000 mem 0x8001911e
core   0: 0x8000192a (0xfdb10203) lb      tp, -37(sp)
core   0: 3 0x8000192a (0xfdb10203) x4  0x00000000 mem 0x800191dd
core   0: 0x8000192e (0x02414a83) lbu     s5, 36(sp)
core   0: 3 0x8000192e (0x02414a83) x21 0x00000000 mem 0x80019226
core   0: 0x80001932 (0x02310803) lb      a6, 35(sp)
core   0: 3 0x80001932 (0x02310803) x16 0x00000000 mem 0x80019225
core   0: 0x80001936 (0x04110ca3) sb      ra, 89(sp)
core   0: 3 0x80001936 (0x04110ca3) mem 0x8001925b 0x00
core   0: 0x8000193a (0x0c014a83) lbu     s5, 192(sp)
core   0: 3 0x8000193a (0x0c014a83) x21 0x00000000 mem 0x800192c2
core   0: 0x8000193e (0x0045fab3) and     s5, a1, tp
core   0: 3 0x8000193e (0x0045fab3) x21 0x00000000
core   0: 0x80001942 (0x02410c23) sb      tp, 56(sp)
core   0: 3 0x80001942 (0x02410c23) mem 0x8001923a 0x00
core   0: 0x80001946 (0xf1510623) sb      s5, -244(sp)
core   0: 3 0x80001946 (0xf1510623) mem 0x8001910e 0x00
core   0: 0x8000194a (0x706aaa93) slti    s5, s5, 1798
core   0: 3 0x8000194a (0x706aaa93) x21 0x00000001
core   0: 0x8000194e (0x000089a5) c.andi  a1, 9
core   0: 3 0x8000194e (0x89a5) x11 0x00000000
core   0: 0x80001950 (0xf2210083) lb      ra, -222(sp)
core   0: 3 0x80001950 (0xf2210083) x1  0x00000000 mem 0x80019124
core   0: 0x80001954 (0xf4b100a3) sb      a1, -191(sp)
core   0: 3 0x80001954 (0xf4b100a3) mem 0x80019143 0x00
core   0: 0x80001958 (0xfd0103a3) sb      a6, -57(sp)
core   0: 3 0x80001958 (0xfd0103a3) mem 0x800191c9 0x00
core   0: 0x8000195c (0x0fd10203) lb      tp, 253(sp)
core   0: 3 0x8000195c (0x0fd10203) x4  0x00000000 mem 0x800192ff
core   0: 0x80001960 (0x0f714803) lbu     a6, 247(sp)
core   0: 3 0x80001960 (0x0f714803) x16 0x00000000 mem 0x800192f9
core   0: 0x80001964 (0xa0fc3c37) lui     s8, 0xa0fc3
core   0: 3 0x80001964 (0xa0fc3c37) x24 0xa0fc3000
core   0: 0x80001968 (0x0305a5b3) mulhsu  a1, a1, a6
core   0: 3 0x80001968 (0x0305a5b3) x11 0x00000000
core   0: 0x8000196c (0x0c310c03) lb      s8, 195(sp)
core   0: 3 0x8000196c (0x0c310c03) x24 0x00000000 mem 0x800192c5
core   0: 0x80001970 (0xf1f14583) lbu     a1, -225(sp)
core   0: 3 0x80001970 (0xf1f14583) x11 0x00000000 mem 0x80019121
core   0: 0x80001974 (0x0000ef17) auipc   t5, 0xe
core   0: 3 0x80001974 (0x0000ef17) x30 0x8000f974
core   0: 0x80001978 (0x749f0f13) addi    t5, t5, 1865
core   0: 3 0x80001978 (0x749f0f13) x30 0x800100bd
core   0: 0x8000197c (0x01c47ab3) and     s5, s0, t3
core   0: 3 0x8000197c (0x01c47ab3) x21 0x00000000
core   0: 0x80001980 (0x000f4b03) lbu     s6, 0(t5)
core   0: 3 0x80001980 (0x000f4b03) x22 0x00000000 mem 0x800100bd
core   0: 0x80001984 (0x010f0703) lb      a4, 16(t5)
core   0: 3 0x80001984 (0x010f0703) x14 0x00000000 mem 0x800100cd
core   0: 0x80001988 (0x66b1e113) ori     sp, gp, 1643
core   0: 3 0x80001988 (0x66b1e113) x2  0x0000066b
core   0: 0x8000198c (0x40db80b3) sub     ra, s7, a3
core   0: 3 0x8000198c (0x40db80b3) x1  0x8000ae64
core   0: 0x80001990 (0xffef4d83) lbu     s11, -2(t5)
core   0: 3 0x80001990 (0xffef4d83) x27 0x00000000 mem 0x800100bb
core   0: 0x80001994 (0x403cd693) srai    a3, s9, 3
core   0: 3 0x80001994 (0x403cd693) x13 0x00000000
core   0: 0x80001998 (0x02e58d33) mul     s10, a1, a4
core   0: 3 0x80001998 (0x02e58d33) x26 0x00000000
core   0: 0x8000199c (0xffff0f23) sb      t6, -2(t5)
core   0: 3 0x8000199c (0xffff0f23) mem 0x800100bb 0x00
core   0: 0x800019a0 (0x015f13a3) sh      s5, 7(t5)
core   0: 3 0x800019a0 (0x015f13a3) mem 0x800100c4 0x0000
core   0: 0x800019a4 (0x003f00a3) sb      gp, 1(t5)
core   0: 3 0x800019a4 (0x003f00a3) mem 0x800100be 0x00
core   0: 0x800019a8 (0xff6f4a83) lbu     s5, -10(t5)
core   0: 3 0x800019a8 (0xff6f4a83) x21 0x0000008c mem 0x800100b3
core   0: 0x800019ac (0x007f5e03) lhu     t3, 7(t5)
core   0: 3 0x800019ac (0x007f5e03) x28 0x00000000 mem 0x800100c4
core   0: 0x800019b0 (0xffcf4983) lbu     s3, -4(t5)
core   0: 3 0x800019b0 (0xffcf4983) x19 0x00000000 mem 0x800100b9
core   0: 0x800019b4 (0x01ff0623) sb      t6, 12(t5)
core   0: 3 0x800019b4 (0x01ff0623) mem 0x800100c9 0x00
core   0: 0x800019b8 (0x01df0423) sb      t4, 8(t5)
core   0: 3 0x800019b8 (0x01df0423) mem 0x800100c5 0x00
core   0: 0x800019bc (0x00000001) c.nop
core   0: 3 0x800019bc (0x0001)
core   0: 0x800019be (0x008f25a3) sw      s0, 11(t5)
core   0: 3 0x800019be (0x008f25a3) mem 0x800100c8 0x00000000
core   0: 0x800019c2 (0x02a8c333) div     t1, a7, a0
core   0: 3 0x800019c2 (0x02a8c333) x6  0xffffffff
core   0: 0x800019c6 (0x03ea2633) mulhsu  a2, s4, t5
core   0: 3 0x800019c6 (0x03ea2633) x12 0x00000000
core   0: 0x800019ca (0x006c8b33) add     s6, s9, t1
core   0: 3 0x800019ca (0x006c8b33) x22 0xffffffff
core   0: 0x800019ce (0x03b415b3) mulh    a1, s0, s11
core   0: 3 0x800019ce (0x03b415b3) x11 0x00000000
core   0: 0x800019d2 (0x00000001) c.nop
core   0: 3 0x800019d2 (0x0001)
core   0: 0x800019d4 (0x000057fd) c.li    a5, -1
core   0: 3 0x800019d4 (0x57fd) x15 0xffffffff
core   0: 0x800019d6 (0x02fe29b3) mulhsu  s3, t3, a5
core   0: 3 0x800019d6 (0x02fe29b3) x19 0x00000000
core   0: 0x800019da (0x006f4983) lbu     s3, 6(t5)
core   0: 3 0x800019da (0x006f4983) x19 0x00000000 mem 0x800100c3
core   0: 0x800019de (0x024e43b3) div     t2, t3, tp
core   0: 3 0x800019de (0x024e43b3) x7  0xffffffff
core   0: 0x800019e2 (0xff1f5103) lhu     sp, -15(t5)
core   0: 3 0x800019e2 (0xff1f5103) x2  0x00000000 mem 0x800100ae
core   0: 0x800019e6 (0x0171c633) xor     a2, gp, s7
core   0: 3 0x800019e6 (0x0171c633) x12 0x80025e64
core   0: 0x800019ea (0x413b5293) srai    t0, s6, 19
core   0: 3 0x800019ea (0x413b5293) x5  0xffffffff
core   0: 0x800019ee (0x74decab7) lui     s5, 0x74dec
core   0: 3 0x800019ee (0x74decab7) x21 0x74dec000
core   0: 0x800019f2 (0x00ef0a83) lb      s5, 14(t5)
core   0: 3 0x800019f2 (0x00ef0a83) x21 0x00000000 mem 0x800100cb
core   0: 0x800019f6 (0x00a7fc33) and     s8, a5, a0
core   0: 3 0x800019f6 (0x00a7fc33) x24 0x00000000
core   0: 0x800019fa (0x01df23a3) sw      t4, 7(t5)
core   0: 3 0x800019fa (0x01df23a3) mem 0x800100c4 0x00000000
core   0: 0x800019fe (0x016b1793) slli    a5, s6, 22
core   0: 3 0x800019fe (0x016b1793) x15 0xffc00000
core   0: 0x80001a02 (0x0302d5b3) divu    a1, t0, a6
core   0: 3 0x80001a02 (0x0302d5b3) x11 0xffffffff
core   0: 0x80001a06 (0x00000141) c.addi  sp, 16
core   0: 3 0x80001a06 (0x0141) x2  0x00000010
core   0: 0x80001a08 (0x00008352) c.mv    t1, s4
core   0: 3 0x80001a08 (0x8352) x6  0x00000001
core   0: 0x80001a0a (0xfe7f08a3) sb      t2, -15(t5)
core   0: 3 0x80001a0a (0xfe7f08a3) mem 0x800100ae 0xff
core   0: 0x80001a0e (0x00011117) auipc   sp, 0x11
core   0: 3 0x80001a0e (0x00011117) x2  0x80012a0e
core   0: 0x80001a12 (0x8fc10113) addi    sp, sp, -1796
core   0: 3 0x80001a12 (0x8fc10113) x2  0x8001230a
core   0: 0x80001a16 (0x09714803) lbu     a6, 151(sp)
core   0: 3 0x80001a16 (0x09714803) x16 0x00000000 mem 0x800123a1
core   0: 0x80001a1a (0x03f03833) mulhu   a6, zero, t6
core   0: 3 0x80001a1a (0x03f03833) x16 0x00000000
core   0: 0x80001a1e (0xf5f10383) lb      t2, -161(sp)
core   0: 3 0x80001a1e (0xf5f10383) x7  0x00000000 mem 0x80012269
core   0: 0x80001a22 (0x003f9013) slli    zero, t6, 3
core   0: 3 0x80001a22 (0x003f9013)
core   0: 0x80001a26 (0xfd815383) lhu     t2, -40(sp)
core   0: 3 0x80001a26 (0xfd815383) x7  0x00000000 mem 0x800122e2
core   0: 0x80001a2a (0x5f39f037) lui     zero, 0x5f39f
core   0: 3 0x80001a2a (0x5f39f037)
core   0: 0x80001a2e (0x01ff6f33) or      t5, t5, t6
core   0: 3 0x80001a2e (0x01ff6f33) x30 0x800100bd
core   0: 0x80001a32 (0x00ef1013) slli    zero, t5, 14
core   0: 3 0x80001a32 (0x00ef1013)
core   0: 0x80001a36 (0x04a10803) lb      a6, 74(sp)
core   0: 3 0x80001a36 (0x04a10803) x16 0x00000000 mem 0x80012354
core   0: 0x80001a3a (0xfaf11423) sh      a5, -88(sp)
core   0: 3 0x80001a3a (0xfaf11423) mem 0x800122b2 0x0000
core   0: 0x80001a3e (0x0f710803) lb      a6, 247(sp)
core   0: 3 0x80001a3e (0x0f710803) x16 0x00000000 mem 0x80012401
core   0: 0x80001a42 (0x010ff3b3) and     t2, t6, a6
core   0: 3 0x80001a42 (0x010ff3b3) x7  0x00000000
core   0: 0x80001a46 (0x010ff033) and     zero, t6, a6
core   0: 3 0x80001a46 (0x010ff033)
core   0: 0x80001a4a (0xff214803) lbu     a6, -14(sp)
core   0: 3 0x80001a4a (0xff214803) x16 0x00000000 mem 0x800122fc
core   0: 0x80001a4e (0x00000001) c.nop
core   0: 3 0x80001a4e (0x0001)
core   0: 0x80001a50 (0xf0110383) lb      t2, -255(sp)
core   0: 3 0x80001a50 (0xf0110383) x7  0x00000000 mem 0x8001220b
core   0: 0x80001a54 (0x01f02833) slt     a6, zero, t6
core   0: 3 0x80001a54 (0x01f02833) x16 0x00000000
core   0: 0x80001a58 (0x00008fdd) c.or    a5, a5
core   0: 3 0x80001a58 (0x8fdd) x15 0xffc00000
core   0: 0x80001a5a (0x030f57b3) divu    a5, t5, a6
core   0: 3 0x80001a5a (0x030f57b3) x15 0xffffffff
core   0: 0x80001a5e (0x08011623) sh      zero, 140(sp)
core   0: 3 0x80001a5e (0x08011623) mem 0x80012396 0x0000
core   0: 0x80001a62 (0x0f010e23) sb      a6, 252(sp)
core   0: 3 0x80001a62 (0x0f010e23) mem 0x80012406 0x00
core   0: 0x80001a66 (0x21a7b393) sltiu   t2, a5, 538
core   0: 3 0x80001a66 (0x21a7b393) x7  0x00000000
core   0: 0x80001a6a (0x00f83033) sltu    zero, a6, a5
core   0: 3 0x80001a6a (0x00f83033)
core   0: 0x80001a6e (0x00000832) c.slli  a6, 12
core   0: 3 0x80001a6e (0x0832) x16 0x00000000
core   0: 0x80001a70 (0x00087033) and     zero, a6, zero
core   0: 3 0x80001a70 (0x00087033)
core   0: 0x80001a74 (0x92cfef13) ori     t5, t6, -1748
core   0: 3 0x80001a74 (0x92cfef13) x30 0xfffff92c
core   0: 0x80001a78 (0x000093fe) c.add   t2, t6
core   0: 3 0x80001a78 (0x93fe) x7  0x00000000
core   0: 0x80001a7a (0x07914783) lbu     a5, 121(sp)
core   0: 3 0x80001a7a (0x07914783) x15 0x00000000 mem 0x80012383
core   0: 0x80001a7e (0x000087b1) c.srai  a5, 12
core   0: 3 0x80001a7e (0x87b1) x15 0x00000000
core   0: 0x80001a80 (0x00008fdd) c.or    a5, a5
core   0: 3 0x80001a80 (0x8fdd) x15 0x00000000
core   0: 0x80001a82 (0x019f5393) srli    t2, t5, 25
core   0: 3 0x80001a82 (0x019f5393) x7  0x0000007f
core   0: 0x80001a86 (0x00000001) c.nop
core   0: 3 0x80001a86 (0x0001)
core   0: 0x80001a88 (0x00000001) c.nop
core   0: 3 0x80001a88 (0x0001)
core   0: 0x80001a8a (0x00008ffd) c.and   a5, a5
core   0: 3 0x80001a8a (0x8ffd) x15 0x00000000
core   0: 0x80001a8c (0xf20102a3) sb      zero, -219(sp)
core   0: 3 0x80001a8c (0xf20102a3) mem 0x8001222f 0x00
core   0: 0x80001a90 (0xfc710323) sb      t2, -58(sp)
core   0: 3 0x80001a90 (0xfc710323) mem 0x800122d0 0x7f
core   0: 0x80001a94 (0xfdf11123) sh      t6, -62(sp)
core   0: 3 0x80001a94 (0xfdf11123) mem 0x800122cc 0x0000
core   0: 0x80001a98 (0x0000fd97) auipc   s11, 0xf
core   0: 3 0x80001a98 (0x0000fd97) x27 0x80010a98
core   0: 0x80001a9c (0x22fd8d93) addi    s11, s11, 559
core   0: 3 0x80001a9c (0x22fd8d93) x27 0x80010cc7
core   0: 0x80001aa0 (0x007da6a3) sw      t2, 13(s11)
core   0: 3 0x80001aa0 (0x007da6a3) mem 0x80010cd4 0x0000007f
core   0: 0x80001aa4 (0x00dd8403) lb      s0, 13(s11)
core   0: 3 0x80001aa4 (0x00dd8403) x8  0x0000007f mem 0x80010cd4
core   0: 0x80001aa8 (0x00dd9403) lh      s0, 13(s11)
core   0: 3 0x80001aa8 (0x00dd9403) x8  0x0000007f mem 0x80010cd4
core   0: 0x80001aac (0x00dd8503) lb      a0, 13(s11)
core   0: 3 0x80001aac (0x00dd8503) x10 0x0000007f mem 0x80010cd4
core   0: 0x80001ab0 (0x03df0133) mul     sp, t5, t4
core   0: 3 0x80001ab0 (0x03df0133) x2  0x00000000
core   0: 0x80001ab4 (0x010d96a3) sh      a6, 13(s11)
core   0: 3 0x80001ab4 (0x010d96a3) mem 0x80010cd4 0x0000
core   0: 0x80001ab8 (0x00dd9003) lh      zero, 13(s11)
core   0: 3 0x80001ab8 (0x00dd9003) mem 0x80010cd4
core   0: 0x80001abc (0x012d96a3) sh      s2, 13(s11)
core   0: 3 0x80001abc (0x012d96a3) mem 0x80010cd4 0xaa29
core   0: 0x80001ac0 (0x00ddc803) lbu     a6, 13(s11)
core   0: 3 0x80001ac0 (0x00ddc803) x16 0x00000029 mem 0x80010cd4
core   0: 0x80001ac4 (0x00ecf2b3) and     t0, s9, a4
core   0: 3 0x80001ac4 (0x00ecf2b3) x5  0x00000000
core   0: 0x80001ac8 (0x00ddd103) lhu     sp, 13(s11)
core   0: 3 0x80001ac8 (0x00ddd103) x2  0x0000aa29 mem 0x80010cd4
core   0: 0x80001acc (0xffbdd003) lhu     zero, -5(s11)
core   0: 3 0x80001acc (0xffbdd003) mem 0x80010cc2
core   0: 0x80001ad0 (0x00015c17) auipc   s8, 0x15
core   0: 3 0x80001ad0 (0x00015c17) x24 0x80016ad0
core   0: 0x80001ad4 (0xd89c0c13) addi    s8, s8, -631
core   0: 3 0x80001ad4 (0xd89c0c13) x24 0x80016859
core   0: 0x80001ad8 (0x4b9fed93) ori     s11, t6, 1209
core   0: 3 0x80001ad8 (0x4b9fed93) x27 0x000004b9
core   0: 0x80001adc (0x56af2393) slti    t2, t5, 1386
core   0: 3 0x80001adc (0x56af2393) x7  0x00000001
core   0: 0x80001ae0 (0x01ee1f33) sll     t5, t3, t5
core   0: 3 0x80001ae0 (0x01ee1f33) x30 0x00000000
core   0: 0x80001ae4 (0x56ed11b7) lui     gp, 0x56ed1
core   0: 3 0x80001ae4 (0x56ed11b7) x3  0x56ed1000
core   0: 0x80001ae8 (0x01332cb3) slt     s9, t1, s3
core   0: 3 0x80001ae8 (0x01332cb3) x25 0x00000000
core   0: 0x80001aec (0x7c9c1303) lh      t1, 1993(s8)
core   0: 3 0x80001aec (0x7c9c1303) x6  0x00000000 mem 0x80017022
core   0: 0x80001af0 (0x02f30033) mul     zero, t1, a5
core   0: 3 0x80001af0 (0x02f30033)
core   0: 0x80001af4 (0x00006125) c.addi16sp sp, 96
core   0: 3 0x80001af4 (0x6125) x2  0x0000aa89
core   0: 0x80001af6 (0x40c2d333) sra     t1, t0, a2
core   0: 3 0x80001af6 (0x40c2d333) x6  0x00000000
core   0: 0x80001afa (0x677b0d17) auipc   s10, 0x677b0
core   0: 3 0x80001afa (0x677b0d17) x26 0xe77b1afa
core   0: 0x80001afe (0xe67c23a3) sw      t2, -409(s8)
core   0: 3 0x80001afe (0xe67c23a3) mem 0x800166c0 0x00000001
core   0: 0x80001b02 (0x21a11d17) auipc   s10, 0x21a11
core   0: 3 0x80001b02 (0x21a11d17) x26 0xa1a12b02
core   0: 0x80001b06 (0x00008c0d) c.sub   s0, a1
core   0: 3 0x80001b06 (0x8c0d) x8  0x00000080
core   0: 0x80001b08 (0x00d3a5b3) slt     a1, t2, a3
core   0: 3 0x80001b08 (0x00d3a5b3) x11 0x00000000
core   0: 0x80001b0c (0x024087b3) mul     a5, ra, tp
core   0: 3 0x80001b0c (0x024087b3) x15 0x00000000
core   0: 0x80001b10 (0xb70c0803) lb      a6, -1168(s8)
core   0: 3 0x80001b10 (0xb70c0803) x16 0x00000000 mem 0x800163c9
core   0: 0x80001b14 (0x000019fd) c.addi  s3, -1
core   0: 3 0x80001b14 (0x19fd) x19 0xffffffff
core   0: 0x80001b16 (0x827c1fa3) sh      t2, -1985(s8)
core   0: 3 0x80001b16 (0x827c1fa3) mem 0x80016098 0x0001
core   0: 0x80001b1a (0x02643a33) mulhu   s4, s0, t1
core   0: 3 0x80001b1a (0x02643a33) x20 0x00000000
core   0: 0x80001b1e (0x1f5c1603) lh      a2, 501(s8)
core   0: 3 0x80001b1e (0x1f5c1603) x12 0x00000000 mem 0x80016a4e
core   0: 0x80001b22 (0x00875b33) srl     s6, a4, s0
core   0: 3 0x80001b22 (0x00875b33) x22 0x00000000
core   0: 0x80001b26 (0x03837333) remu    t1, t1, s8
core   0: 3 0x80001b26 (0x03837333) x6  0x00000000
core   0: 0x80001b2a (0xd53c0f23) sb      s3, -674(s8)
core   0: 3 0x80001b2a (0xd53c0f23) mem 0x800165b7 0xff
core   0: 0x80001b2e (0x03f8cab3) div     s5, a7, t6
core   0: 3 0x80001b2e (0x03f8cab3) x21 0xffffffff
core   0: 0x80001b32 (0xfbac0583) lb      a1, -70(s8)
core   0: 3 0x80001b32 (0xfbac0583) x11 0x00000000 mem 0x80016813
core   0: 0x80001b36 (0x00dc10a3) sh      a3, 1(s8)
core   0: 3 0x80001b36 (0x00dc10a3) mem 0x8001685a 0x0000
core   0: 0x80001b3a (0x00a1e633) or      a2, gp, a0
core   0: 3 0x80001b3a (0x00a1e633) x12 0x56ed107f
core   0: 0x80001b3e (0x0000717d) c.addi16sp sp, -16
core   0: 3 0x80001b3e (0x717d) x2  0x0000aa79
core   0: 0x80001b40 (0x31658193) addi    gp, a1, 790
core   0: 3 0x80001b40 (0x31658193) x3  0x00000316
core   0: 0x80001b44 (0x8f8c0f03) lb      t5, -1800(s8)
core   0: 3 0x80001b44 (0x8f8c0f03) x30 0x00000000 mem 0x80016151
core   0: 0x80001b48 (0x41975a13) srai    s4, a4, 25
core   0: 3 0x80001b48 (0x41975a13) x20 0x00000000
core   0: 0x80001b4c (0x856c0123) sb      s6, -1982(s8)
core   0: 3 0x80001b4c (0x856c0123) mem 0x8001609b 0x00
core   0: 0x80001b50 (0xa74c4f03) lbu     t5, -1420(s8)
core   0: 3 0x80001b50 (0xa74c4f03) x30 0x00000000 mem 0x800162cd
core   0: 0x80001b54 (0x0174d833) srl     a6, s1, s7
core   0: 3 0x80001b54 (0x0174d833) x16 0x00000000
core   0: 0x80001b58 (0x00008b5d) c.andi  a4, 23
core   0: 3 0x80001b58 (0x8b5d) x14 0x00000000
core   0: 0x80001b5a (0x079c0a03) lb      s4, 121(s8)
core   0: 3 0x80001b5a (0x079c0a03) x20 0x00000000 mem 0x800168d2
core   0: 0x80001b5e (0xec0c0b03) lb      s6, -320(s8)
core   0: 3 0x80001b5e (0xec0c0b03) x22 0x00000000 mem 0x80016719
core   0: 0x80001b62 (0x17ac4783) lbu     a5, 378(s8)
core   0: 3 0x80001b62 (0x17ac4783) x15 0x00000000 mem 0x800169d3
core   0: 0x80001b66 (0x40c9d1b3) sra     gp, s3, a2
core   0: 3 0x80001b66 (0x40c9d1b3) x3  0xffffffff
core   0: 0x80001b6a (0x91fc4e83) lbu     t4, -1761(s8)
core   0: 3 0x80001b6a (0x91fc4e83) x29 0x00000000 mem 0x80016178
core   0: 0x80001b6e (0x07bc1983) lh      s3, 123(s8)
core   0: 3 0x80001b6e (0x07bc1983) x19 0x00000000 mem 0x800168d4
core   0: 0x80001b72 (0x40945d33) sra     s10, s0, s1
core   0: 3 0x80001b72 (0x40945d33) x26 0x00000080
core   0: 0x80001b76 (0xd40c0a83) lb      s5, -704(s8)
core   0: 3 0x80001b76 (0xd40c0a83) x21 0x00000000 mem 0x80016599
core   0: 0x80001b7a (0x0000f317) auipc   t1, 0xf
core   0: 3 0x80001b7a (0x0000f317) x6  0x80010b7a
core   0: 0x80001b7e (0xaa530313) addi    t1, t1, -1371
core   0: 3 0x80001b7e (0xaa530313) x6  0x8001061f
core   0: 0x80001b82 (0xc41cb037) lui     zero, 0xc41cb
core   0: 3 0x80001b82 (0xc41cb037)
core   0: 0x80001b86 (0xff631ba3) sh      s6, -9(t1)
core   0: 3 0x80001b86 (0xff631ba3) mem 0x80010616 0x0000
core   0: 0x80001b8a (0xfe730ba3) sb      t2, -9(t1)
core   0: 3 0x80001b8a (0xfe730ba3) mem 0x80010616 0x01
core   0: 0x80001b8e (0xff730e83) lb      t4, -9(t1)
core   0: 3 0x80001b8e (0xff730e83) x29 0x00000001 mem 0x80010616
core   0: 0x80001b92 (0x9ce0f1b7) lui     gp, 0x9ce0f
core   0: 3 0x80001b92 (0x9ce0f1b7) x3  0x9ce0f000
core   0: 0x80001b96 (0xff630ba3) sb      s6, -9(t1)
core   0: 3 0x80001b96 (0xff630ba3) mem 0x80010616 0x00
core   0: 0x80001b9a (0xff731783) lh      a5, -9(t1)
core   0: 3 0x80001b9a (0xff731783) x15 0x00000000 mem 0x80010616
core   0: 0x80001b9e (0x00734183) lbu     gp, 7(t1)
core   0: 3 0x80001b9e (0x00734183) x3  0x00000000 mem 0x80010626
core   0: 0x80001ba2 (0x0000613d) c.addi16sp sp, 480
core   0: 3 0x80001ba2 (0x613d) x2  0x0000ac59
core   0: 0x80001ba4 (0x002ce733) or      a4, s9, sp
core   0: 3 0x80001ba4 (0x002ce733) x14 0x0000ac59
core   0: 0x80001ba8 (0x002303a3) sb      sp, 7(t1)
core   0: 3 0x80001ba8 (0x002303a3) mem 0x80010626 0x59
core   0: 0x80001bac (0x00f31e83) lh      t4, 15(t1)
core   0: 3 0x80001bac (0x00f31e83) x29 0x00000000 mem 0x8001062e
core   0: 0x80001bb0 (0x00f31203) lh      tp, 15(t1)
core   0: 3 0x80001bb0 (0x00f31203) x4  0x00000000 mem 0x8001062e
core   0: 0x80001bb4 (0x00f31203) lh      tp, 15(t1)
core   0: 3 0x80001bb4 (0x00f31203) x4  0x00000000 mem 0x8001062e
core   0: 0x80001bb8 (0x00f34703) lbu     a4, 15(t1)
core   0: 3 0x80001bb8 (0x00f34703) x14 0x00000000 mem 0x8001062e
core   0: 0x80001bbc (0x00b54ab3) xor     s5, a0, a1
core   0: 3 0x80001bbc (0x00b54ab3) x21 0x0000007f
core   0: 0x80001bc0 (0x00006119) c.addi16sp sp, 384
core   0: 3 0x80001bc0 (0x6119) x2  0x0000add9
core   0: 0x80001bc2 (0x00f31083) lh      ra, 15(t1)
core   0: 3 0x80001bc2 (0x00f31083) x1  0x00000000 mem 0x8001062e
core   0: 0x80001bc6 (0x03ab6a33) rem     s4, s6, s10
core   0: 3 0x80001bc6 (0x03ab6a33) x20 0x00000000
core   0: 0x80001bca (0x019317a3) sh      s9, 15(t1)
core   0: 3 0x80001bca (0x019317a3) mem 0x8001062e 0x0000
core   0: 0x80001bce (0x00f31603) lh      a2, 15(t1)
core   0: 3 0x80001bce (0x00f31603) x12 0x00000000 mem 0x8001062e
core   0: 0x80001bd2 (0x0001e217) auipc   tp, 0x1e
core   0: 3 0x80001bd2 (0x0001e217) x4  0x8001fbd2
core   0: 0x80001bd6 (0x3a220213) addi    tp, tp, 930
core   0: 3 0x80001bd6 (0x3a220213) x4  0x8001ff74
core   0: 0x80001bda (0x01c201a3) sb      t3, 3(tp)
core   0: 3 0x80001bda (0x01c201a3) mem 0x8001ff77 0x00
core   0: 0x80001bde (0x000001c6) c.slli  gp, 17
core   0: 3 0x80001bde (0x01c6) x3  0x00000000
core   0: 0x80001be0 (0x00009122) c.add   sp, s0
core   0: 3 0x80001be0 (0x9122) x2  0x0000ae59
core   0: 0x80001be2 (0x00009b76) c.add   s6, t4
core   0: 3 0x80001be2 (0x9b76) x22 0x00000000
core   0: 0x80001be4 (0x00621783) lh      a5, 6(tp)
core   0: 3 0x80001be4 (0x00621783) x15 0x00000000 mem 0x8001ff7a
core   0: 0x80001be8 (0x0000137d) c.addi  t1, -1
core   0: 3 0x80001be8 (0x137d) x6  0x8001061e
core   0: 0x80001bea (0x00005c7d) c.li    s8, -1
core   0: 3 0x80001bea (0x5c7d) x24 0xffffffff
core   0: 0x80001bec (0xff722223) sw      s7, -28(tp)
core   0: 3 0x80001bec (0xff722223) mem 0x8001ff58 0x80025e64
core   0: 0x80001bf0 (0x00beeeb3) or      t4, t4, a1
core   0: 3 0x80001bf0 (0x00beeeb3) x29 0x00000000
core   0: 0x80001bf4 (0x00008c31) c.xor   s0, a2
core   0: 3 0x80001bf4 (0x8c31) x8  0x00000080
core   0: 0x80001bf6 (0x029f24b3) mulhsu  s1, t5, s1
core   0: 3 0x80001bf6 (0x029f24b3) x9  0x00000000
core   0: 0x80001bfa (0xffb22c23) sw      s11, -8(tp)
core   0: 3 0x80001bfa (0xffb22c23) mem 0x8001ff6c 0x000004b9
core   0: 0x80001bfe (0x03d20a03) lb      s4, 61(tp)
core   0: 3 0x80001bfe (0x03d20a03) x20 0x00000000 mem 0x8001ffb1
core   0: 0x80001c02 (0xfe224103) lbu     sp, -30(tp)
core   0: 3 0x80001c02 (0xfe224103) x2  0x00000000 mem 0x8001ff56
core   0: 0x80001c06 (0xe50969b7) lui     s3, 0xe5096
core   0: 3 0x80001c06 (0xe50969b7) x19 0xe5096000
core   0: 0x80001c0a (0x03fb0533) mul     a0, s6, t6
core   0: 3 0x80001c0a (0x03fb0533) x10 0x00000000
core   0: 0x80001c0e (0x009cbcb3) sltu    s9, s9, s1
core   0: 3 0x80001c0e (0x009cbcb3) x25 0x00000000
core   0: 0x80001c12 (0x52508a93) addi    s5, ra, 1317
core   0: 3 0x80001c12 (0x52508a93) x21 0x00000525
core   0: 0x80001c16 (0xfeb20303) lb      t1, -21(tp)
core   0: 3 0x80001c16 (0xfeb20303) x6  0x00000000 mem 0x8001ff5f
core   0: 0x80001c1a (0x02a20403) lb      s0, 42(tp)
core   0: 3 0x80001c1a (0x02a20403) x8  0x00000000 mem 0x8001ff9e
core   0: 0x80001c1e (0x3c396093) ori     ra, s2, 963
core   0: 3 0x80001c1e (0x3c396093) x1  0x8c90abeb
core   0: 0x80001c22 (0x66a38793) addi    a5, t2, 1642
core   0: 3 0x80001c22 (0x66a38793) x15 0x0000066b
core   0: 0x80001c26 (0x147687b7) lui     a5, 0x14768
core   0: 3 0x80001c26 (0x147687b7) x15 0x14768000
core   0: 0x80001c2a (0xfcb20e03) lb      t3, -53(tp)
core   0: 3 0x80001c2a (0xfcb20e03) x28 0x00000000 mem 0x8001ff3f
core   0: 0x80001c2e (0x00000f36) c.slli  t5, 13
core   0: 3 0x80001c2e (0x0f36) x30 0x00000000
core   0: 0x80001c30 (0xfe224103) lbu     sp, -30(tp)
core   0: 3 0x80001c30 (0xfe224103) x2  0x00000000 mem 0x8001ff56
core   0: 0x80001c34 (0xfe122a23) sw      ra, -12(tp)
core   0: 3 0x80001c34 (0xfe122a23) mem 0x8001ff68 0x8c90abeb
core   0: 0x80001c38 (0x00000001) c.nop
core   0: 3 0x80001c38 (0x0001)
core   0: 0x80001c3a (0x00320a83) lb      s5, 3(tp)
core   0: 3 0x80001c3a (0x00320a83) x21 0x00000000 mem 0x8001ff77
core   0: 0x80001c3e (0x01405193) srli    gp, zero, 20
core   0: 3 0x80001c3e (0x01405193) x3  0x00000000
core   0: 0x80001c42 (0x00008c81) c.sub   s1, s0
core   0: 3 0x80001c42 (0x8c81) x9  0x00000000
core   0: 0x80001c44 (0x0193fdb3) and     s11, t2, s9
core   0: 3 0x80001c44 (0x0193fdb3) x27 0x00000000
core   0: 0x80001c48 (0x64764017) auipc   zero, 0x64764
core   0: 3 0x80001c48 (0x64764017)
core   0: 0x80001c4c (0x00008e49) c.or    a2, a0
core   0: 3 0x80001c4c (0x8e49) x12 0x00000000
core   0: 0x80001c4e (0x9adb0293) addi    t0, s6, -1619
core   0: 3 0x80001c4e (0x9adb0293) x5  0xfffff9ad
core   0: 0x80001c52 (0x024209a3) sb      tp, 51(tp)
core   0: 3 0x80001c52 (0x024209a3) mem 0x8001ffa7 0x74
core   0: 0x80001c56 (0x00004425) c.li    s0, 9
core   0: 3 0x80001c56 (0x4425) x8  0x00000009
core   0: 0x80001c58 (0x0000717d) c.addi16sp sp, -16
core   0: 3 0x80001c58 (0x717d) x2  0xfffffff0
core   0: 0x80001c5a (0x02203fb3) mulhu   t6, zero, sp
core   0: 3 0x80001c5a (0x02203fb3) x31 0x00000000
core   0: 0x80001c5e (0xe7e6cd13) xori    s10, a3, -386
core   0: 3 0x80001c5e (0xe7e6cd13) x26 0xfffffe7e
core   0: 0x80001c62 (0x00008215) c.srli  a2, 5
core   0: 3 0x80001c62 (0x8215) x12 0x00000000
core   0: 0x80001c64 (0x00004abd) c.li    s5, 15
core   0: 3 0x80001c64 (0x4abd) x21 0x0000000f
core   0: 0x80001c66 (0x0000179c) c.addi4spn a5, sp, 992
core   0: 3 0x80001c66 (0x179c) x15 0x000003d0
core   0: 0x80001c68 (0x000098fd) c.andi  s1, -1
core   0: 3 0x80001c68 (0x98fd) x9  0x00000000
core   0: 0x80001c6a (0x037b7033) remu    zero, s6, s7
core   0: 3 0x80001c6a (0x037b7033)
core   0: 0x80001c6e (0x01fd9cb3) sll     s9, s11, t6
core   0: 3 0x80001c6e (0x01fd9cb3) x25 0x00000000
core   0: 0x80001c72 (0x00e0df93) srli    t6, ra, 14
core   0: 3 0x80001c72 (0x00e0df93) x31 0x00023242
core   0: 0x80001c76 (0x006b0533) add     a0, s6, t1
core   0: 3 0x80001c76 (0x006b0533) x10 0x00000000
core   0: 0x80001c7a (0x0000997d) c.andi  a0, -1
core   0: 3 0x80001c7a (0x997d) x10 0x00000000
core   0: 0x80001c7c (0x071ce693) ori     a3, s9, 113
core   0: 3 0x80001c7c (0x071ce693) x13 0x00000071
core   0: 0x80001c80 (0x0000680d) c.lui   a6, 0x3
core   0: 3 0x80001c80 (0x680d) x16 0x00003000
core   0: 0x80001c82 (0x00000409) c.addi  s0, 2
core   0: 3 0x80001c82 (0x0409) x8  0x0000000b
core   0: 0x80001c84 (0x026970b3) remu    ra, s2, t1
core   0: 3 0x80001c84 (0x026970b3) x1  0x8c90aa29
core   0: 0x80001c88 (0x035f7533) remu    a0, t5, s5
core   0: 3 0x80001c88 (0x035f7533) x10 0x00000000
core   0: 0x80001c8c (0x02eb3fb3) mulhu   t6, s6, a4
core   0: 3 0x80001c8c (0x02eb3fb3) x31 0x00000000
core   0: 0x80001c90 (0x000080b5) c.srli  s1, 13
core   0: 3 0x80001c90 (0x80b5) x9  0x00000000
core   0: 0x80001c92 (0x01407733) and     a4, zero, s4
core   0: 3 0x80001c92 (0x01407733) x14 0x00000000
core   0: 0x80001c96 (0x01494333) xor     t1, s2, s4
core   0: 3 0x80001c96 (0x01494333) x6  0x8c90aa29
core   0: 0x80001c9a (0xfd5417e3) bne     s0, s5, pc - 50
core   0: 3 0x80001c9a (0xfd5417e3)
core   0: 0x80001c68 (0x000098fd) c.andi  s1, -1
core   0: 3 0x80001c68 (0x98fd) x9  0x00000000
core   0: 0x80001c6a (0x037b7033) remu    zero, s6, s7
core   0: 3 0x80001c6a (0x037b7033)
core   0: 0x80001c6e (0x01fd9cb3) sll     s9, s11, t6
core   0: 3 0x80001c6e (0x01fd9cb3) x25 0x00000000
core   0: 0x80001c72 (0x00e0df93) srli    t6, ra, 14
core   0: 3 0x80001c72 (0x00e0df93) x31 0x00023242
core   0: 0x80001c76 (0x006b0533) add     a0, s6, t1
core   0: 3 0x80001c76 (0x006b0533) x10 0x8c90aa29
core   0: 0x80001c7a (0x0000997d) c.andi  a0, -1
core   0: 3 0x80001c7a (0x997d) x10 0x8c90aa29
core   0: 0x80001c7c (0x071ce693) ori     a3, s9, 113
core   0: 3 0x80001c7c (0x071ce693) x13 0x00000071
core   0: 0x80001c80 (0x0000680d) c.lui   a6, 0x3
core   0: 3 0x80001c80 (0x680d) x16 0x00003000
core   0: 0x80001c82 (0x00000409) c.addi  s0, 2
core   0: 3 0x80001c82 (0x0409) x8  0x0000000d
core   0: 0x80001c84 (0x026970b3) remu    ra, s2, t1
core   0: 3 0x80001c84 (0x026970b3) x1  0x00000000
core   0: 0x80001c88 (0x035f7533) remu    a0, t5, s5
core   0: 3 0x80001c88 (0x035f7533) x10 0x00000000
core   0: 0x80001c8c (0x02eb3fb3) mulhu   t6, s6, a4
core   0: 3 0x80001c8c (0x02eb3fb3) x31 0x00000000
core   0: 0x80001c90 (0x000080b5) c.srli  s1, 13
core   0: 3 0x80001c90 (0x80b5) x9  0x00000000
core   0: 0x80001c92 (0x01407733) and     a4, zero, s4
core   0: 3 0x80001c92 (0x01407733) x14 0x00000000
core   0: 0x80001c96 (0x01494333) xor     t1, s2, s4
core   0: 3 0x80001c96 (0x01494333) x6  0x8c90aa29
core   0: 0x80001c9a (0xfd5417e3) bne     s0, s5, pc - 50
core   0: 3 0x80001c9a (0xfd5417e3)
core   0: 0x80001c68 (0x000098fd) c.andi  s1, -1
core   0: 3 0x80001c68 (0x98fd) x9  0x00000000
core   0: 0x80001c6a (0x037b7033) remu    zero, s6, s7
core   0: 3 0x80001c6a (0x037b7033)
core   0: 0x80001c6e (0x01fd9cb3) sll     s9, s11, t6
core   0: 3 0x80001c6e (0x01fd9cb3) x25 0x00000000
core   0: 0x80001c72 (0x00e0df93) srli    t6, ra, 14
core   0: 3 0x80001c72 (0x00e0df93) x31 0x00000000
core   0: 0x80001c76 (0x006b0533) add     a0, s6, t1
core   0: 3 0x80001c76 (0x006b0533) x10 0x8c90aa29
core   0: 0x80001c7a (0x0000997d) c.andi  a0, -1
core   0: 3 0x80001c7a (0x997d) x10 0x8c90aa29
core   0: 0x80001c7c (0x071ce693) ori     a3, s9, 113
core   0: 3 0x80001c7c (0x071ce693) x13 0x00000071
core   0: 0x80001c80 (0x0000680d) c.lui   a6, 0x3
core   0: 3 0x80001c80 (0x680d) x16 0x00003000
core   0: 0x80001c82 (0x00000409) c.addi  s0, 2
core   0: 3 0x80001c82 (0x0409) x8  0x0000000f
core   0: 0x80001c84 (0x026970b3) remu    ra, s2, t1
core   0: 3 0x80001c84 (0x026970b3) x1  0x00000000
core   0: 0x80001c88 (0x035f7533) remu    a0, t5, s5
core   0: 3 0x80001c88 (0x035f7533) x10 0x00000000
core   0: 0x80001c8c (0x02eb3fb3) mulhu   t6, s6, a4
core   0: 3 0x80001c8c (0x02eb3fb3) x31 0x00000000
core   0: 0x80001c90 (0x000080b5) c.srli  s1, 13
core   0: 3 0x80001c90 (0x80b5) x9  0x00000000
core   0: 0x80001c92 (0x01407733) and     a4, zero, s4
core   0: 3 0x80001c92 (0x01407733) x14 0x00000000
core   0: 0x80001c96 (0x01494333) xor     t1, s2, s4
core   0: 3 0x80001c96 (0x01494333) x6  0x8c90aa29
core   0: 0x80001c9a (0xfd5417e3) bne     s0, s5, pc - 50
core   0: 3 0x80001c9a (0xfd5417e3)
core   0: 0x80001c9e (0x01018cb3) add     s9, gp, a6
core   0: 3 0x80001c9e (0x01018cb3) x25 0x00003000
core   0: 0x80001ca2 (0x0000f117) auipc   sp, 0xf
core   0: 3 0x80001ca2 (0x0000f117) x2  0x80010ca2
core   0: 0x80001ca6 (0xc5010113) addi    sp, sp, -944
core   0: 3 0x80001ca6 (0xc5010113) x2  0x800108f2
core   0: 0x80001caa (0x66de7313) andi    t1, t3, 1645
core   0: 3 0x80001caa (0x66de7313) x6  0x00000000
core   0: 0x80001cae (0x88710e03) lb      t3, -1913(sp)
core   0: 3 0x80001cae (0x88710e03) x28 0x00000000 mem 0x80010179
core   0: 0x80001cb2 (0xc772f693) andi    a3, t0, -905
core   0: 3 0x80001cb2 (0xc772f693) x13 0xfffff825
core   0: 0x80001cb6 (0x0057b2b3) sltu    t0, a5, t0
core   0: 3 0x80001cb6 (0x0057b2b3) x5  0x00000001
core   0: 0x80001cba (0x0267d333) divu    t1, a5, t1
core   0: 3 0x80001cba (0x0267d333) x6  0xffffffff
core   0: 0x80001cbe (0x026e17b3) mulh    a5, t3, t1
core   0: 3 0x80001cbe (0x026e17b3) x15 0x00000000
core   0: 0x80001cc2 (0x026314b3) mulh    s1, t1, t1
core   0: 3 0x80001cc2 (0x026314b3) x9  0x00000000
core   0: 0x80001cc6 (0xe3c15683) lhu     a3, -452(sp)
core   0: 3 0x80001cc6 (0xe3c15683) x13 0x00000000 mem 0x8001072e
core   0: 0x80001cca (0xdb87e313) ori     t1, a5, -584
core   0: 3 0x80001cca (0xdb87e313) x6  0xfffffdb8
core   0: 0x80001cce (0xdde10783) lb      a5, -546(sp)
core   0: 3 0x80001cce (0xdde10783) x15 0x00000000 mem 0x800106d0
core   0: 0x80001cd2 (0x43811483) lh      s1, 1080(sp)
core   0: 3 0x80001cd2 (0x43811483) x9  0x00000000 mem 0x80010d2a
core   0: 0x80001cd6 (0x00008fa5) c.xor   a5, s1
core   0: 3 0x80001cd6 (0x8fa5) x15 0x00000000
core   0: 0x80001cd8 (0x34d109a3) sb      a3, 851(sp)
core   0: 3 0x80001cd8 (0x34d109a3) mem 0x80010c45 0x00
core   0: 0x80001cdc (0xabe15e03) lhu     t3, -1346(sp)
core   0: 3 0x80001cdc (0xabe15e03) x28 0x00000000 mem 0x800103b0
core   0: 0x80001ce0 (0xba615783) lhu     a5, -1114(sp)
core   0: 3 0x80001ce0 (0xba615783) x15 0x00000000 mem 0x80010498
core   0: 0x80001ce4 (0x01535493) srli    s1, t1, 21
core   0: 3 0x80001ce4 (0x01535493) x9  0x000007ff
core   0: 0x80001ce8 (0x6fc14683) lbu     a3, 1788(sp)
core   0: 3 0x80001ce8 (0x6fc14683) x13 0x00000000 mem 0x80010fee
core   0: 0x80001cec (0x4fb32293) slti    t0, t1, 1275
core   0: 3 0x80001cec (0x4fb32293) x5  0x00000001
core   0: 0x80001cf0 (0x42510323) sb      t0, 1062(sp)
core   0: 3 0x80001cf0 (0x42510323) mem 0x80010d18 0x01
core   0: 0x80001cf4 (0x3ed12123) sw      a3, 994(sp)
core   0: 3 0x80001cf4 (0x3ed12123) mem 0x80010cd4 0x00000000
core   0: 0x80001cf8 (0xdc814303) lbu     t1, -568(sp)
core   0: 3 0x80001cf8 (0xdc814303) x6  0x00000000 mem 0x800106ba
core   0: 0x80001cfc (0x68610c23) sb      t1, 1688(sp)
core   0: 3 0x80001cfc (0x68610c23) mem 0x80010f8a 0x00
core   0: 0x80001d00 (0x02d7fe33) remu    t3, a5, a3
core   0: 3 0x80001d00 (0x02d7fe33) x28 0x00000000
core   0: 0x80001d04 (0x40611b23) sh      t1, 1046(sp)
core   0: 3 0x80001d04 (0x40611b23) mem 0x80010d08 0x0000
core   0: 0x80001d08 (0x12410483) lb      s1, 292(sp)
core   0: 3 0x80001d08 (0x12410483) x9  0x00000000 mem 0x80010a16
core   0: 0x80001d0c (0x000088ad) c.andi  s1, 11
core   0: 3 0x80001d0c (0x88ad) x9  0x00000000
core   0: 0x80001d0e (0x30910b23) sb      s1, 790(sp)
core   0: 3 0x80001d0e (0x30910b23) mem 0x80010c08 0x00
core   0: 0x80001d12 (0x3414ee13) ori     t3, s1, 833
core   0: 3 0x80001d12 (0x3414ee13) x28 0x00000341
core   0: 0x80001d16 (0xffa14e03) lbu     t3, -6(sp)
core   0: 3 0x80001d16 (0xffa14e03) x28 0x00000000 mem 0x800108ec
core   0: 0x80001d1a (0x0000f117) auipc   sp, 0xf
core   0: 3 0x80001d1a (0x0000f117) x2  0x80010d1a
core   0: 0x80001d1e (0xdd910113) addi    sp, sp, -551
core   0: 3 0x80001d1e (0xdd910113) x2  0x80010af3
core   0: 0x80001d22 (0xffc10d83) lb      s11, -4(sp)
core   0: 3 0x80001d22 (0xffc10d83) x27 0x00000000 mem 0x80010aef
core   0: 0x80001d26 (0x01e122a3) sw      t5, 5(sp)
core   0: 3 0x80001d26 (0x01e122a3) mem 0x80010af8 0x00000000
core   0: 0x80001d2a (0x00c14803) lbu     a6, 12(sp)
core   0: 3 0x80001d2a (0x00c14803) x16 0x00000000 mem 0x80010aff
core   0: 0x80001d2e (0x00210623) sb      sp, 12(sp)
core   0: 3 0x80001d2e (0x00210623) mem 0x80010aff 0xf3
core   0: 0x80001d32 (0x01e74db3) xor     s11, a4, t5
core   0: 3 0x80001d32 (0x01e74db3) x27 0x00000000
core   0: 0x80001d36 (0x00c14583) lbu     a1, 12(sp)
core   0: 3 0x80001d36 (0x00c14583) x11 0x000000f3 mem 0x80010aff
core   0: 0x80001d3a (0xff1108a3) sb      a7, -15(sp)
core   0: 3 0x80001d3a (0xff1108a3) mem 0x80010ae4 0xe4
core   0: 0x80001d3e (0x00112983) lw      s3, 1(sp)
core   0: 3 0x80001d3e (0x00112983) x19 0x00000000 mem 0x80010af4
core   0: 0x80001d42 (0x00112083) lw      ra, 1(sp)
core   0: 3 0x80001d42 (0x00112083) x1  0x00000000 mem 0x80010af4
core   0: 0x80001d46 (0x00214983) lbu     s3, 2(sp)
core   0: 3 0x80001d46 (0x00214983) x19 0x00000000 mem 0x80010af5
core   0: 0x80001d4a (0x00008e5a) c.mv    t3, s6
core   0: 3 0x80001d4a (0x8e5a) x28 0x00000000
core   0: 0x80001d4c (0xffe10d03) lb      s10, -2(sp)
core   0: 3 0x80001d4c (0xffe10d03) x26 0x00000000 mem 0x80010af1
core   0: 0x80001d50 (0x01a10523) sb      s10, 10(sp)
core   0: 3 0x80001d50 (0x01a10523) mem 0x80010afd 0x00
core   0: 0x80001d54 (0xff814783) lbu     a5, -8(sp)
core   0: 3 0x80001d54 (0xff814783) x15 0x00000000 mem 0x80010aeb
core   0: 0x80001d58 (0xffa10683) lb      a3, -6(sp)
core   0: 3 0x80001d58 (0xffa10683) x13 0x00000000 mem 0x80010aed
core   0: 0x80001d5c (0x012117a3) sh      s2, 15(sp)
core   0: 3 0x80001d5c (0x012117a3) mem 0x80010b02 0xaa29
core   0: 0x80001d60 (0xffc10183) lb      gp, -4(sp)
core   0: 3 0x80001d60 (0xffc10183) x3  0x00000000 mem 0x80010aef
core   0: 0x80001d64 (0xff614f03) lbu     t5, -10(sp)
core   0: 3 0x80001d64 (0xff614f03) x30 0x00000000 mem 0x80010ae9
core   0: 0x80001d68 (0x0270bb33) mulhu   s6, ra, t2
core   0: 3 0x80001d68 (0x0270bb33) x22 0x00000000
core   0: 0x80001d6c (0x00714d03) lbu     s10, 7(sp)
core   0: 3 0x80001d6c (0x00714d03) x26 0x00000000 mem 0x80010afa
core   0: 0x80001d70 (0x00d12303) lw      t1, 13(sp)
core   0: 3 0x80001d70 (0x00d12303) x6  0xaa290000 mem 0x80010b00
core   0: 0x80001d74 (0x0000fe17) auipc   t3, 0xf
core   0: 3 0x80001d74 (0x0000fe17) x28 0x80010d74
core   0: 0x80001d78 (0xfe0e0e13) addi    t3, t3, -32
core   0: 3 0x80001d78 (0xfe0e0e13) x28 0x80010d54
core   0: 0x80001d7c (0xc62e0603) lb      a2, -926(t3)
core   0: 3 0x80001d7c (0xc62e0603) x12 0x00000000 mem 0x800109b6
core   0: 0x80001d80 (0x9c8e00a3) sb      s0, -1599(t3)
core   0: 3 0x80001d80 (0x9c8e00a3) mem 0x80010715 0x0f
core   0: 0x80001d84 (0x0115bc33) sltu    s8, a1, a7
core   0: 3 0x80001d84 (0x0115bc33) x24 0x00000001
core   0: 0x80001d88 (0xf96e0203) lb      tp, -106(t3)
core   0: 3 0x80001d88 (0xf96e0203) x4  0x00000000 mem 0x80010cea
core   0: 0x80001d8c (0x0d2e0823) sb      s2, 208(t3)
core   0: 3 0x80001d8c (0x0d2e0823) mem 0x80010e24 0x29
core   0: 0x80001d90 (0x50ade693) ori     a3, s11, 1290
core   0: 3 0x80001d90 (0x50ade693) x13 0x0000050a
core   0: 0x80001d94 (0xf94e0483) lb      s1, -108(t3)
core   0: 3 0x80001d94 (0xf94e0483) x9  0x00000000 mem 0x80010ce8
core   0: 0x80001d98 (0xa49e4b03) lbu     s6, -1463(t3)
core   0: 3 0x80001d98 (0xa49e4b03) x22 0x00000000 mem 0x8001079d
core   0: 0x80001d9c (0xe6ee1e83) lh      t4, -402(t3)
core   0: 3 0x80001d9c (0xe6ee1e83) x29 0x00000000 mem 0x80010bc2
core   0: 0x80001da0 (0x807e09a3) sb      t2, -2029(t3)
core   0: 3 0x80001da0 (0x807e09a3) mem 0x80010567 0x01
core   0: 0x80001da4 (0x055e4a83) lbu     s5, 85(t3)
core   0: 3 0x80001da4 (0x055e4a83) x21 0x00000000 mem 0x80010da9
core   0: 0x80001da8 (0x0c6e1f83) lh      t6, 198(t3)
core   0: 3 0x80001da8 (0x0c6e1f83) x31 0x00000000 mem 0x80010e1a
core   0: 0x80001dac (0x153e0083) lb      ra, 339(t3)
core   0: 3 0x80001dac (0x153e0083) x1  0x00000000 mem 0x80010ea7
core   0: 0x80001db0 (0x000092c2) c.add   t0, a6
core   0: 3 0x80001db0 (0x92c2) x5  0x00000001
core   0: 0x80001db2 (0xf3be0603) lb      a2, -197(t3)
core   0: 3 0x80001db2 (0xf3be0603) x12 0x00000000 mem 0x80010c8f
core   0: 0x80001db6 (0x7cb26093) ori     ra, tp, 1995
core   0: 3 0x80001db6 (0x7cb26093) x1  0x000007cb
core   0: 0x80001dba (0x239e4103) lbu     sp, 569(t3)
core   0: 3 0x80001dba (0x239e4103) x2  0x00000000 mem 0x80010f8d
core   0: 0x80001dbe (0x411e5793) srai    a5, t3, 17
core   0: 3 0x80001dbe (0x411e5793) x15 0xffffc000
core   0: 0x80001dc2 (0x29be1f23) sh      s11, 670(t3)
core   0: 3 0x80001dc2 (0x29be1f23) mem 0x80010ff2 0x0000
core   0: 0x80001dc6 (0xc00e2983) lw      s3, -1024(t3)
core   0: 3 0x80001dc6 (0xc00e2983) x19 0x00000000 mem 0x80010954
core   0: 0x80001dca (0x033ab633) mulhu   a2, s5, s3
core   0: 3 0x80001dca (0x033ab633) x12 0x00000000
core   0: 0x80001dce (0x00005afd) c.li    s5, -1
core   0: 3 0x80001dce (0x5afd) x21 0xffffffff
core   0: 0x80001dd0 (0x9b0e1803) lh      a6, -1616(t3)
core   0: 3 0x80001dd0 (0x9b0e1803) x16 0x00000000 mem 0x80010704
core   0: 0x80001dd4 (0x99de0c83) lb      s9, -1635(t3)
core   0: 3 0x80001dd4 (0x99de0c83) x25 0x00000000 mem 0x800106f1
core   0: 0x80001dd8 (0xef3e4783) lbu     a5, -269(t3)
core   0: 3 0x80001dd8 (0xef3e4783) x15 0x00000000 mem 0x80010c47
core   0: 0x80001ddc (0x7244e713) ori     a4, s1, 1828
core   0: 3 0x80001ddc (0x7244e713) x14 0x00000724
core   0: 0x80001de0 (0xa5ce1383) lh      t2, -1444(t3)
core   0: 3 0x80001de0 (0xa5ce1383) x7  0x00000000 mem 0x800107b0
core   0: 0x80001de4 (0x03169ab3) mulh    s5, a3, a7
core   0: 3 0x80001de4 (0x03169ab3) x21 0xfffffd7b
core   0: 0x80001de8 (0x0110e833) or      a6, ra, a7
core   0: 3 0x80001de8 (0x0110e833) x16 0x80029fef
core   0: 0x80001dec (0xf9ce2d03) lw      s10, -100(t3)
core   0: 3 0x80001dec (0xf9ce2d03) x26 0xffc007ea mem 0x80010cf0
core   0: 0x80001df0 (0x000087fd) c.srai  a5, 31
core   0: 3 0x80001df0 (0x87fd) x15 0x00000000
core   0: 0x80001df2 (0xa82e5a03) lhu     s4, -1406(t3)
core   0: 3 0x80001df2 (0xa82e5a03) x20 0x00000000 mem 0x800107d6
core   0: 0x80001df6 (0x265e0803) lb      a6, 613(t3)
core   0: 3 0x80001df6 (0x265e0803) x16 0x00000000 mem 0x80010fb9
core   0: 0x80001dfa (0x94ee4683) lbu     a3, -1714(t3)
core   0: 3 0x80001dfa (0x94ee4683) x13 0x00000000 mem 0x800106a2
core   0: 0x80001dfe (0x194e0923) sb      s4, 402(t3)
core   0: 3 0x80001dfe (0x194e0923) mem 0x80010ee6 0x00
core   0: 0x80001e02 (0x82be0103) lb      sp, -2005(t3)
core   0: 3 0x80001e02 (0x82be0103) x2  0x00000000 mem 0x8001057f
core   0: 0x80001e06 (0xc0ae5103) lhu     sp, -1014(t3)
core   0: 3 0x80001e06 (0xc0ae5103) x2  0x00000000 mem 0x8001095e
core   0: 0x80001e0a (0x9bee0d03) lb      s10, -1602(t3)
core   0: 3 0x80001e0a (0x9bee0d03) x26 0x00000000 mem 0x80010712
core   0: 0x80001e0e (0x8c5e0d03) lb      s10, -1851(t3)
core   0: 3 0x80001e0e (0x8c5e0d03) x26 0x00000000 mem 0x80010619
core   0: 0x80001e12 (0xc24e1523) sh      tp, -982(t3)
core   0: 3 0x80001e12 (0xc24e1523) mem 0x8001097e 0x0000
core   0: 0x80001e16 (0xec1e0fa3) sb      ra, -289(t3)
core   0: 3 0x80001e16 (0xec1e0fa3) mem 0x80010c33 0xcb
core   0: 0x80001e1a (0x0060076f) jal     a4, pc + 0x6
core   0: 3 0x80001e1a (0x0060076f) x14 0x80001e1e
core   0: 0x80001e20 (0x01c0026f) jal     tp, pc + 0x1c
core   0: 3 0x80001e20 (0x01c0026f) x4  0x80001e24
core   0: 0x80001e3c (0x0000b7ed) c.j     pc - 22
core   0: 3 0x80001e3c (0xb7ed)
core   0: 0x80001e26 (0x0040026f) jal     tp, pc + 0x4
core   0: 3 0x80001e26 (0x0040026f) x4  0x80001e2a
core   0: 0x80001e2a (0x018000ef) jal     pc + 0x18
core   0: 3 0x80001e2a (0x018000ef) x1  0x80001e2e
core   0: 0x80001e42 (0x00003fc5) c.jal   pc - 16
core   0: 3 0x80001e42 (0x3fc5) x1  0x80001e44
core   0: 0x80001e32 (0x0000bff5) c.j     pc - 4
core   0: 3 0x80001e32 (0xbff5)
core   0: 0x80001e2e (0x00a00aef) jal     s5, pc + 0xa
core   0: 3 0x80001e2e (0x00a00aef) x21 0x80001e32
core   0: 0x80001e38 (0x006000ef) jal     pc + 0x6
core   0: 3 0x80001e38 (0x006000ef) x1  0x80001e3c
core   0: 0x80001e3e (0x000037dd) c.jal   pc - 26
core   0: 3 0x80001e3e (0x37dd) x1  0x80001e40
core   0: 0x80001e24 (0x00002831) c.jal   pc + 28
core   0: 3 0x80001e24 (0x2831) x1  0x80001e26
core   0: 0x80001e40 (0x0000bff9) c.j     pc - 34
core   0: 3 0x80001e40 (0xbff9)
core   0: 0x80001e1e (0x0000a819) c.j     pc + 22
core   0: 3 0x80001e1e (0xa819)
core   0: 0x80001e34 (0x00002009) c.jal   pc + 2
core   0: 3 0x80001e34 (0x2009) x1  0x80001e36
core   0: 0x80001e36 (0x00002039) c.jal   pc + 14
core   0: 3 0x80001e36 (0x2039) x1  0x80001e38
core   0: 0x80001e44 (0x0000859d) c.srai  a1, 7
core   0: 3 0x80001e44 (0x859d) x11 0x00000001
core   0: 0x80001e46 (0x02e0076f) jal     a4, pc + 0x2e
core   0: 3 0x80001e46 (0x02e0076f) x14 0x80001e4a
core   0: 0x80001e74 (0x0000bff1) c.j     pc - 36
core   0: 3 0x80001e74 (0xbff1)
core   0: 0x80001e50 (0x008000ef) jal     pc + 0x8
core   0: 3 0x80001e50 (0x008000ef) x1  0x80001e54
core   0: 0x80001e58 (0x00002025) c.jal   pc + 40
core   0: 3 0x80001e58 (0x2025) x1  0x80001e5a
core   0: 0x80001e80 (0xfe1ff0ef) jal     pc - 0x20
core   0: 3 0x80001e80 (0xfe1ff0ef) x1  0x80001e84
core   0: 0x80001e60 (0x0000a035) c.j     pc + 44
core   0: 3 0x80001e60 (0xa035)
core   0: 0x80001e8c (0x0000a019) c.j     pc + 6
core   0: 3 0x80001e8c (0xa019)
core   0: 0x80001e92 (0x00003fe9) c.jal   pc - 38
core   0: 3 0x80001e92 (0x3fe9) x1  0x80001e94
core   0: 0x80001e6c (0x0000bffd) c.j     pc - 2
core   0: 3 0x80001e6c (0xbffd)
core   0: 0x80001e6a (0x00003fc5) c.jal   pc - 16
core   0: 3 0x80001e6a (0x3fc5) x1  0x80001e6c
core   0: 0x80001e5a (0x00002009) c.jal   pc + 2
core   0: 3 0x80001e5a (0x2009) x1  0x80001e5c
core   0: 0x80001e5c (0x0320086f) jal     a6, pc + 0x32
core   0: 3 0x80001e5c (0x0320086f) x16 0x80001e60
core   0: 0x80001e8e (0x006009ef) jal     s3, pc + 0x6
core   0: 3 0x80001e8e (0x006009ef) x19 0x80001e92
core   0: 0x80001e94 (0xfbbff36f) jal     t1, pc - 0x46
core   0: 3 0x80001e94 (0xfbbff36f) x6  0x80001e98
core   0: 0x80001e4e (0x00002025) c.jal   pc + 40
core   0: 3 0x80001e4e (0x2025) x1  0x80001e50
core   0: 0x80001e76 (0x00003ff5) c.jal   pc - 4
core   0: 3 0x80001e76 (0x3ff5) x1  0x80001e78
core   0: 0x80001e72 (0x0000bfe1) c.j     pc - 40
core   0: 3 0x80001e72 (0xbfe1)
core   0: 0x80001e4a (0x0000a015) c.j     pc + 36
core   0: 3 0x80001e4a (0xa015)
core   0: 0x80001e6e (0x00002039) c.jal   pc + 14
core   0: 3 0x80001e6e (0x2039) x1  0x80001e70
core   0: 0x80001e7c (0x000037dd) c.jal   pc - 26
core   0: 3 0x80001e7c (0x37dd) x1  0x80001e7e
core   0: 0x80001e62 (0x00002819) c.jal   pc + 22
core   0: 3 0x80001e62 (0x2819) x1  0x80001e64
core   0: 0x80001e78 (0x0100036f) jal     t1, pc + 0x10
core   0: 3 0x80001e78 (0x0100036f) x6  0x80001e7c
core   0: 0x80001e88 (0xfc5ff0ef) jal     pc - 0x3c
core   0: 3 0x80001e88 (0xfc5ff0ef) x1  0x80001e8c
core   0: 0x80001e4c (0x0000a015) c.j     pc + 36
core   0: 3 0x80001e4c (0xa015)
core   0: 0x80001e70 (0x00003fd5) c.jal   pc - 12
core   0: 3 0x80001e70 (0x3fd5) x1  0x80001e72
core   0: 0x80001e64 (0xff1ff0ef) jal     pc - 0x10
core   0: 3 0x80001e64 (0xff1ff0ef) x1  0x80001e68
core   0: 0x80001e54 (0x0300016f) jal     sp, pc + 0x30
core   0: 3 0x80001e54 (0x0300016f) x2  0x80001e58
core   0: 0x80001e84 (0xffbff4ef) jal     s1, pc - 0x6
core   0: 3 0x80001e84 (0xffbff4ef) x9  0x80001e88
core   0: 0x80001e7e (0x000037ed) c.jal   pc - 22
core   0: 3 0x80001e7e (0x37ed) x1  0x80001e80
core   0: 0x80001e68 (0x0000a805) c.j     pc + 48
core   0: 3 0x80001e68 (0xa805)
core   0: 0x80001e98 (0x41815a93) srai    s5, sp, 24
core   0: 3 0x80001e98 (0x41815a93) x21 0xffffff80
core   0: 0x80001e9c (0x00004691) c.li    a3, 4
core   0: 3 0x80001e9c (0x4691) x13 0x00000004
core   0: 0x80001e9e (0x00008aca) c.mv    s5, s2
core   0: 3 0x80001e9e (0x8aca) x21 0x8c90aa29
core   0: 0x80001ea0 (0x00004091) c.li    ra, 4
core   0: 3 0x80001ea0 (0x4091) x1  0x00000004
core   0: 0x80001ea2 (0x99f93193) sltiu   gp, s2, -1633
core   0: 3 0x80001ea2 (0x99f93193) x3  0x00000001
core   0: 0x80001ea6 (0x0000018e) c.slli  gp, 3
core   0: 3 0x80001ea6 (0x018e) x3  0x00000008
core   0: 0x80001ea8 (0x579c4813) xori    a6, s8, 1401
core   0: 3 0x80001ea8 (0x579c4813) x16 0x00000578
core   0: 0x80001eac (0x6a7b8e93) addi    t4, s7, 1703
core   0: 3 0x80001eac (0x6a7b8e93) x29 0x8002650b
core   0: 0x80001eb0 (0x000005d9) c.addi  a1, 22
core   0: 3 0x80001eb0 (0x05d9) x11 0x00000017
core   0: 0x80001eb2 (0x000016f5) c.addi  a3, -3
core   0: 3 0x80001eb2 (0x16f5) x13 0x00000001
core   0: 0x80001eb4 (0x0000567d) c.li    a2, -1
core   0: 3 0x80001eb4 (0x567d) x12 0xffffffff
core   0: 0x80001eb6 (0x01d85433) srl     s0, a6, t4
core   0: 3 0x80001eb6 (0x01d85433) x8  0x00000000
core   0: 0x80001eba (0x00005cfd) c.li    s9, -1
core   0: 3 0x80001eba (0x5cfd) x25 0xffffffff
core   0: 0x80001ebc (0xf7af6493) ori     s1, t5, -134
core   0: 3 0x80001ebc (0xf7af6493) x9  0xffffff7a
core   0: 0x80001ec0 (0x00cfcb33) xor     s6, t6, a2
core   0: 3 0x80001ec0 (0x00cfcb33) x22 0xffffffff
core   0: 0x80001ec4 (0x00008df9) c.and   a1, a4
core   0: 3 0x80001ec4 (0x8df9) x11 0x00000002
core   0: 0x80001ec6 (0x00000001) c.nop
core   0: 3 0x80001ec6 (0x0001)
core   0: 0x80001ec8 (0x0000165d) c.addi  a2, -9
core   0: 3 0x80001ec8 (0x165d) x12 0xfffffff6
core   0: 0x80001eca (0x00008ca5) c.xor   s1, s1
core   0: 3 0x80001eca (0x8ca5) x9  0x00000000
core   0: 0x80001ecc (0x6c48fb13) andi    s6, a7, 1732
core   0: 3 0x80001ecc (0x6c48fb13) x22 0x000004c4
core   0: 0x80001ed0 (0xff9658e3) bge     a2, s9, pc - 16
core   0: 3 0x80001ed0 (0xff9658e3)
core   0: 0x80001ed4 (0x0000717d) c.addi16sp sp, -16
core   0: 3 0x80001ed4 (0x717d) x2  0x80001e48
core   0: 0x80001ed6 (0x32b9fd93) andi    s11, s3, 811
core   0: 3 0x80001ed6 (0x32b9fd93) x27 0x00000202
core   0: 0x80001eda (0x24def313) andi    t1, t4, 589
core   0: 3 0x80001eda (0x24def313) x6  0x00000009
core   0: 0x80001ede (0x4069d193) srai    gp, s3, 6
core   0: 3 0x80001ede (0x4069d193) x3  0xfe00007a
core   0: 0x80001ee2 (0xfc16f3e3) bgeu    a3, ra, pc - 58
core   0: 3 0x80001ee2 (0xfc16f3e3)
core   0: 0x80001ee6 (0x00008cb9) c.xor   s1, a4
core   0: 3 0x80001ee6 (0x8cb9) x9  0x80001e4a
core   0: 0x80001ee8 (0x0280076f) jal     a4, pc + 0x28
core   0: 3 0x80001ee8 (0x0280076f) x14 0x80001eec
core   0: 0x80001f10 (0x0100036f) jal     t1, pc + 0x10
core   0: 3 0x80001f10 (0x0100036f) x6  0x80001f14
core   0: 0x80001f20 (0x0000b7dd) c.j     pc - 26
core   0: 3 0x80001f20 (0xb7dd)
core   0: 0x80001f06 (0x0000a821) c.j     pc + 24
core   0: 3 0x80001f06 (0xa821)
core   0: 0x80001f1e (0x000037cd) c.jal   pc - 30
core   0: 3 0x80001f1e (0x37cd) x1  0x80001f20
core   0: 0x80001f00 (0x014000ef) jal     pc + 0x14
core   0: 3 0x80001f00 (0x014000ef) x1  0x80001f04
core   0: 0x80001f14 (0x0000bfc5) c.j     pc - 16
core   0: 3 0x80001f14 (0xbfc5)
core   0: 0x80001f04 (0x0000b7ed) c.j     pc - 22
core   0: 3 0x80001f04 (0xb7ed)
core   0: 0x80001eee (0x00002829) c.jal   pc + 26
core   0: 3 0x80001eee (0x2829) x1  0x80001ef0
core   0: 0x80001f08 (0x00002811) c.jal   pc + 20
core   0: 3 0x80001f08 (0x2811) x1  0x80001f0a
core   0: 0x80001f1c (0x0000bfed) c.j     pc - 6
core   0: 3 0x80001f1c (0xbfed)
core   0: 0x80001f16 (0x000037dd) c.jal   pc - 26
core   0: 3 0x80001f16 (0x37dd) x1  0x80001f18
core   0: 0x80001efc (0xfffff0ef) jal     pc - 0x2
core   0: 3 0x80001efc (0xfffff0ef) x1  0x80001f00
core   0: 0x80001efa (0x0000a811) c.j     pc + 20
core   0: 3 0x80001efa (0xa811)
core   0: 0x80001f0e (0x000037dd) c.jal   pc - 26
core   0: 3 0x80001f0e (0x37dd) x1  0x80001f10
core   0: 0x80001ef4 (0x00003ff5) c.jal   pc - 4
core   0: 3 0x80001ef4 (0x3ff5) x1  0x80001ef6
core   0: 0x80001ef0 (0x0060016f) jal     sp, pc + 0x6
core   0: 3 0x80001ef0 (0x0060016f) x2  0x80001ef4
core   0: 0x80001ef6 (0x022001ef) jal     gp, pc + 0x22
core   0: 3 0x80001ef6 (0x022001ef) x3  0x80001efa
core   0: 0x80001f18 (0x0000a009) c.j     pc + 2
core   0: 3 0x80001f18 (0xa009)
core   0: 0x80001f1a (0x0000bfc5) c.j     pc - 16
core   0: 3 0x80001f1a (0xbfc5)
core   0: 0x80001f0a (0xfe3ff0ef) jal     pc - 0x1e
core   0: 3 0x80001f0a (0xfe3ff0ef) x1  0x80001f0e
core   0: 0x80001eec (0x0000281d) c.jal   pc + 54
core   0: 3 0x80001eec (0x281d) x1  0x80001eee
core   0: 0x80001f22 (0x00001f7d) c.addi  t5, -1
core   0: 3 0x80001f22 (0x1f7d) x30 0xffffffff
core   0: 0x80001f24 (0x0080076f) jal     a4, pc + 0x8
core   0: 3 0x80001f24 (0x0080076f) x14 0x80001f28
core   0: 0x80001f2c (0x00400cef) jal     s9, pc + 0x4
core   0: 3 0x80001f2c (0x00400cef) x25 0x80001f30
core   0: 0x80001f30 (0x018009ef) jal     s3, pc + 0x18
core   0: 3 0x80001f30 (0x018009ef) x19 0x80001f34
core   0: 0x80001f48 (0x000037cd) c.jal   pc - 30
core   0: 3 0x80001f48 (0x37cd) x1  0x80001f4a
core   0: 0x80001f2a (0x0000a005) c.j     pc + 32
core   0: 3 0x80001f2a (0xa005)
core   0: 0x80001f4a (0x00003fcd) c.jal   pc - 14
core   0: 3 0x80001f4a (0x3fcd) x1  0x80001f4c
core   0: 0x80001f3c (0xffdff0ef) jal     pc - 0x4
core   0: 3 0x80001f3c (0xffdff0ef) x1  0x80001f40
core   0: 0x80001f38 (0x00c0036f) jal     t1, pc + 0xc
core   0: 3 0x80001f38 (0x00c0036f) x6  0x80001f3c
core   0: 0x80001f44 (0xfffff0ef) jal     pc - 0x2
core   0: 3 0x80001f44 (0xfffff0ef) x1  0x80001f48
core   0: 0x80001f42 (0x00003fcd) c.jal   pc - 14
core   0: 3 0x80001f42 (0x3fcd) x1  0x80001f44
core   0: 0x80001f34 (0x0000a031) c.j     pc + 12
core   0: 3 0x80001f34 (0xa031)
core   0: 0x80001f40 (0x000037e5) c.jal   pc - 24
core   0: 3 0x80001f40 (0x37e5) x1  0x80001f42
core   0: 0x80001f28 (0x0000a039) c.j     pc + 14
core   0: 3 0x80001f28 (0xa039)
core   0: 0x80001f36 (0x00002819) c.jal   pc + 22
core   0: 3 0x80001f36 (0x2819) x1  0x80001f38
core   0: 0x80001f4c (0x002544b3) xor     s1, a0, sp
core   0: 3 0x80001f4c (0x002544b3) x9  0x80001ef4
core   0: 0x80001f50 (0x00004a81) c.li    s5, 0
core   0: 3 0x80001f50 (0x4a81) x21 0x00000000
core   0: 0x80001f52 (0x00000001) c.nop
core   0: 3 0x80001f52 (0x0001)
core   0: 0x80001f54 (0x03e7fdb3) remu    s11, a5, t5
core   0: 3 0x80001f54 (0x03e7fdb3) x27 0x00000000
core   0: 0x80001f58 (0x00144f33) xor     t5, s0, ra
core   0: 3 0x80001f58 (0x00144f33) x30 0x80001f38
core   0: 0x80001f5c (0x00005ff9) c.li    t6, -2
core   0: 3 0x80001f5c (0x5ff9) x31 0xfffffffe
core   0: 0x80001f5e (0x035c81b3) mul     gp, s9, s5
core   0: 3 0x80001f5e (0x035c81b3) x3  0x00000000
core   0: 0x80001f62 (0x0000075a) c.slli  a4, 22
core   0: 3 0x80001f62 (0x075a) x14 0xca000000
core   0: 0x80001f64 (0x02e41633) mulh    a2, s0, a4
core   0: 3 0x80001f64 (0x02e41633) x12 0x00000000
core   0: 0x80001f68 (0x403a59b3) sra     s3, s4, gp
core   0: 3 0x80001f68 (0x403a59b3) x19 0x00000000
core   0: 0x80001f6c (0x00001af9) c.addi  s5, -2
core   0: 3 0x80001f6c (0x1af9) x21 0xfffffffe
core   0: 0x80001f6e (0x000677b3) and     a5, a2, zero
core   0: 3 0x80001f6e (0x000677b3) x15 0x00000000
core   0: 0x80001f72 (0x01d1a3b3) slt     t2, gp, t4
core   0: 3 0x80001f72 (0x01d1a3b3) x7  0x00000000
core   0: 0x80001f76 (0xfffa87e3) beq     s5, t6, pc - 18
core   0: 3 0x80001f76 (0xfffa87e3)
core   0: 0x80001f64 (0x02e41633) mulh    a2, s0, a4
core   0: 3 0x80001f64 (0x02e41633) x12 0x00000000
core   0: 0x80001f68 (0x403a59b3) sra     s3, s4, gp
core   0: 3 0x80001f68 (0x403a59b3) x19 0x00000000
core   0: 0x80001f6c (0x00001af9) c.addi  s5, -2
core   0: 3 0x80001f6c (0x1af9) x21 0xfffffffc
core   0: 0x80001f6e (0x000677b3) and     a5, a2, zero
core   0: 3 0x80001f6e (0x000677b3) x15 0x00000000
core   0: 0x80001f72 (0x01d1a3b3) slt     t2, gp, t4
core   0: 3 0x80001f72 (0x01d1a3b3) x7  0x00000000
core   0: 0x80001f76 (0xfffa87e3) beq     s5, t6, pc - 18
core   0: 3 0x80001f76 (0xfffa87e3)
core   0: 0x80001f7a (0x00e79393) slli    t2, a5, 14
core   0: 3 0x80001f7a (0x00e79393) x7  0x00000000
core   0: 0x80001f7e (0x0000f117) auipc   sp, 0xf
core   0: 3 0x80001f7e (0x0000f117) x2  0x80010f7e
core   0: 0x80001f82 (0xe4510113) addi    sp, sp, -443
core   0: 3 0x80001f82 (0xe4510113) x2  0x80010dc3
core   0: 0x80001f86 (0xf5814803) lbu     a6, -168(sp)
core   0: 3 0x80001f86 (0xf5814803) x16 0x00000000 mem 0x80010d1b
core   0: 0x80001f8a (0xf5814203) lbu     tp, -168(sp)
core   0: 3 0x80001f8a (0xf5814203) x4  0x00000000 mem 0x80010d1b
core   0: 0x80001f8e (0xf5814b03) lbu     s6, -168(sp)
core   0: 3 0x80001f8e (0xf5814b03) x22 0x00000000 mem 0x80010d1b
core   0: 0x80001f92 (0xf5810983) lb      s3, -168(sp)
core   0: 3 0x80001f92 (0xf5810983) x19 0x00000000 mem 0x80010d1b
core   0: 0x80001f96 (0x404206b3) sub     a3, tp, tp
core   0: 3 0x80001f96 (0x404206b3) x13 0x00000000
core   0: 0x80001f9a (0x00149513) slli    a0, s1, 1
core   0: 3 0x80001f9a (0x00149513) x10 0x00003de8
core   0: 0x80001f9e (0x02297f33) remu    t5, s2, sp
core   0: 3 0x80001f9e (0x02297f33) x30 0x0c8f9c66
core   0: 0x80001fa2 (0xf5814303) lbu     t1, -168(sp)
core   0: 3 0x80001fa2 (0xf5814303) x6  0x00000000 mem 0x80010d1b
core   0: 0x80001fa6 (0xf5810083) lb      ra, -168(sp)
core   0: 3 0x80001fa6 (0xf5810083) x1  0x00000000 mem 0x80010d1b
core   0: 0x80001faa (0xf5814003) lbu     zero, -168(sp)
core   0: 3 0x80001faa (0xf5814003) mem 0x80010d1b
core   0: 0x80001fae (0x01f34433) xor     s0, t1, t6
core   0: 3 0x80001fae (0x01f34433) x8  0xfffffffe
core   0: 0x80001fb2 (0xf5810d03) lb      s10, -168(sp)
core   0: 3 0x80001fb2 (0xf5810d03) x26 0x00000000 mem 0x80010d1b
core   0: 0x80001fb6 (0x0028a6b3) slt     a3, a7, sp
core   0: 3 0x80001fb6 (0x0028a6b3) x13 0x00000000
core   0: 0x80001fba (0xf5814803) lbu     a6, -168(sp)
core   0: 3 0x80001fba (0xf5814803) x16 0x00000000 mem 0x80010d1b
core   0: 0x80001fbe (0xf5810303) lb      t1, -168(sp)
core   0: 3 0x80001fbe (0xf5810303) x6  0x00000000 mem 0x80010d1b
core   0: 0x80001fc2 (0xf5210c23) sb      s2, -168(sp)
core   0: 3 0x80001fc2 (0xf5210c23) mem 0x80010d1b 0x29
core   0: 0x80001fc6 (0xf5810503) lb      a0, -168(sp)
core   0: 3 0x80001fc6 (0xf5810503) x10 0x00000029 mem 0x80010d1b
core   0: 0x80001fca (0xf4e10c23) sb      a4, -168(sp)
core   0: 3 0x80001fca (0xf4e10c23) mem 0x80010d1b 0x00
core   0: 0x80001fce (0xf5814f03) lbu     t5, -168(sp)
core   0: 3 0x80001fce (0xf5814f03) x30 0x00000000 mem 0x80010d1b
core   0: 0x80001fd2 (0xf5810983) lb      s3, -168(sp)
core   0: 3 0x80001fd2 (0xf5810983) x19 0x00000000 mem 0x80010d1b
core   0: 0x80001fd6 (0xf5810e83) lb      t4, -168(sp)
core   0: 3 0x80001fd6 (0xf5810e83) x29 0x00000000 mem 0x80010d1b
core   0: 0x80001fda (0xf5814783) lbu     a5, -168(sp)
core   0: 3 0x80001fda (0xf5814783) x15 0x00000000 mem 0x80010d1b
core   0: 0x80001fde (0xf5810783) lb      a5, -168(sp)
core   0: 3 0x80001fde (0xf5810783) x15 0x00000000 mem 0x80010d1b
core   0: 0x80001fe2 (0xf5810f03) lb      t5, -168(sp)
core   0: 3 0x80001fe2 (0xf5810f03) x30 0x00000000 mem 0x80010d1b
core   0: 0x80001fe6 (0x0001e117) auipc   sp, 0x1e
core   0: 3 0x80001fe6 (0x0001e117) x2  0x8001ffe6
core   0: 0x80001fea (0x6cb10113) addi    sp, sp, 1739
core   0: 3 0x80001fea (0x6cb10113) x2  0x800206b1
core   0: 0x80001fee (0xdb911783) lh      a5, -583(sp)
core   0: 3 0x80001fee (0xdb911783) x15 0x00000000 mem 0x8002046a
core   0: 0x80001ff2 (0x0c37e413) ori     s0, a5, 195
core   0: 3 0x80001ff2 (0x0c37e413) x8  0x000000c3
core   0: 0x80001ff6 (0x02810923) sb      s0, 50(sp)
core   0: 3 0x80001ff6 (0x02810923) mem 0x800206e3 0xc3
core   0: 0x80001ffa (0x9ee10923) sb      a4, -1550(sp)
core   0: 3 0x80001ffa (0x9ee10923) mem 0x800200a3 0x00
core   0: 0x80001ffe (0x5f442713) slti    a4, s0, 1524
core   0: 3 0x80001ffe (0x5f442713) x14 0x00000001
core   0: 0x80002002 (0xb8b10703) lb      a4, -1141(sp)
core   0: 3 0x80002002 (0xb8b10703) x14 0x00000000 mem 0x8002023c
core   0: 0x80002006 (0x00e799b3) sll     s3, a5, a4
core   0: 3 0x80002006 (0x00e799b3) x19 0x00000000
core   0: 0x8000200a (0xae410423) sb      tp, -1304(sp)
core   0: 3 0x8000200a (0xae410423) mem 0x80020199 0x00
core   0: 0x8000200e (0x169110a3) sh      s1, 353(sp)
core   0: 3 0x8000200e (0x169110a3) mem 0x80020812 0x1ef4
core   0: 0x80002012 (0x0b610403) lb      s0, 182(sp)
core   0: 3 0x80002012 (0x0b610403) x8  0x00000000 mem 0x80020767
core   0: 0x80002016 (0xb0714983) lbu     s3, -1273(sp)
core   0: 3 0x80002016 (0xb0714983) x19 0x00000000 mem 0x800201b8
core   0: 0x8000201a (0x7da23993) sltiu   s3, tp, 2010
core   0: 3 0x8000201a (0x7da23993) x19 0x00000001
core   0: 0x8000201e (0x000097ba) c.add   a5, a4
core   0: 3 0x8000201e (0x97ba) x15 0x00000000
core   0: 0x80002020 (0x32a9b493) sltiu   s1, s3, 810
core   0: 3 0x80002020 (0x32a9b493) x9  0x00000001
core   0: 0x80002024 (0xdad10437) lui     s0, 0xdad10
core   0: 3 0x80002024 (0xdad10437) x8  0xdad10000
core   0: 0x80002028 (0xd8914483) lbu     s1, -631(sp)
core   0: 3 0x80002028 (0xd8914483) x9  0x00000000 mem 0x8002043a
core   0: 0x8000202c (0x00008359) c.srli  a4, 22
core   0: 3 0x8000202c (0x8359) x14 0x00000000
core   0: 0x8000202e (0xc5e10983) lb      s3, -930(sp)
core   0: 3 0x8000202e (0xc5e10983) x19 0x00000000 mem 0x8002030f
core   0: 0x80002032 (0x57124993) xori    s3, tp, 1393
core   0: 3 0x80002032 (0x57124993) x19 0x00000571
core   0: 0x80002036 (0xda098993) addi    s3, s3, -608
core   0: 3 0x80002036 (0xda098993) x19 0x00000311
core   0: 0x8000203a (0xcbe14983) lbu     s3, -834(sp)
core   0: 3 0x8000203a (0xcbe14983) x19 0x00000000 mem 0x8002036f
core   0: 0x8000203e (0x00008fa1) c.xor   a5, s0
core   0: 3 0x8000203e (0x8fa1) x15 0xdad10000
core   0: 0x80002040 (0xccc14703) lbu     a4, -820(sp)
core   0: 3 0x80002040 (0xccc14703) x14 0x00000000 mem 0x8002037d
core   0: 0x80002044 (0x0dd10403) lb      s0, 221(sp)
core   0: 3 0x80002044 (0x0dd10403) x8  0x00000000 mem 0x8002078e
core   0: 0x80002048 (0x98f10e23) sb      a5, -1636(sp)
core   0: 3 0x80002048 (0x98f10e23) mem 0x8002004d 0x00
core   0: 0x8000204c (0x2e114983) lbu     s3, 737(sp)
core   0: 3 0x8000204c (0x2e114983) x19 0x00000000 mem 0x80020992
core   0: 0x80002050 (0x000009ce) c.slli  s3, 19
core   0: 3 0x80002050 (0x09ce) x19 0x00000000
core   0: 0x80002052 (0x273105a3) sb      s3, 619(sp)
core   0: 3 0x80002052 (0x273105a3) mem 0x8002091c 0x00
core   0: 0x80002056 (0xbf310983) lb      s3, -1037(sp)
core   0: 3 0x80002056 (0xbf310983) x19 0x00000000 mem 0x800202a4
core   0: 0x8000205a (0x0000802d) c.srli  s0, 11
core   0: 3 0x8000205a (0x802d) x8  0x00000000
core   0: 0x8000205c (0x9ae10983) lb      s3, -1618(sp)
core   0: 3 0x8000205c (0x9ae10983) x19 0x00000000 mem 0x8002005f
core   0: 0x80002060 (0x69111203) lh      tp, 1681(sp)
core   0: 3 0x80002060 (0x69111203) x4  0x00000000 mem 0x80020d42
core   0: 0x80002064 (0x3c87c793) xori    a5, a5, 968
core   0: 3 0x80002064 (0x3c87c793) x15 0xdad103c8
core   0: 0x80002068 (0x00008412) c.mv    s0, tp
core   0: 3 0x80002068 (0x8412) x8  0x00000000
core   0: 0x8000206a (0xbd310aa3) sb      s3, -1067(sp)
core   0: 3 0x8000206a (0xbd310aa3) mem 0x80020286 0x00
core   0: 0x8000206e (0x0289d9b3) divu    s3, s3, s0
core   0: 3 0x8000206e (0x0289d9b3) x19 0xffffffff
core   0: 0x80002072 (0x4e214203) lbu     tp, 1250(sp)
core   0: 3 0x80002072 (0x4e214203) x4  0x00000000 mem 0x80020b93
core   0: 0x80002076 (0x00008bed) c.andi  a5, 27
core   0: 3 0x80002076 (0x8bed) x15 0x00000008
core   0: 0x80002078 (0x0244d233) divu    tp, s1, tp
core   0: 3 0x80002078 (0x0244d233) x4  0xffffffff
core   0: 0x8000207c (0x00399213) slli    tp, s3, 3
core   0: 3 0x8000207c (0x00399213) x4  0xfffffff8
core   0: 0x80002080 (0x00004791) c.li    a5, 4
core   0: 3 0x80002080 (0x4791) x15 0x00000004
core   0: 0x80002082 (0xa1010983) lb      s3, -1520(sp)
core   0: 3 0x80002082 (0xa1010983) x19 0x00000000 mem 0x800200c1
core   0: 0x80002086 (0x5c910203) lb      tp, 1481(sp)
core   0: 3 0x80002086 (0x5c910203) x4  0x00000000 mem 0x80020c7a
core   0: 0x8000208a (0x013739b3) sltu    s3, a4, s3
core   0: 3 0x8000208a (0x013739b3) x19 0x00000000
core   0: 0x8000208e (0xb5911703) lh      a4, -1191(sp)
core   0: 3 0x8000208e (0xb5911703) x14 0x00000000 mem 0x8002020a
core   0: 0x80002092 (0x00009bfd) c.andi  a5, -1
core   0: 3 0x80002092 (0x9bfd) x15 0x00000004
core   0: 0x80002094 (0x02e4c733) div     a4, s1, a4
core   0: 3 0x80002094 (0x02e4c733) x14 0xffffffff
core   0: 0x80002098 (0xdeb7c713) xori    a4, a5, -533
core   0: 3 0x80002098 (0xdeb7c713) x14 0xfffffdef
core   0: 0x8000209c (0x4cf10aa3) sb      a5, 1237(sp)
core   0: 3 0x8000209c (0x4cf10aa3) mem 0x80020b86 0x04
core   0: 0x800020a0 (0x4f314983) lbu     s3, 1267(sp)
core   0: 3 0x800020a0 (0x4f314983) x19 0x00000000 mem 0x80020ba4
core   0: 0x800020a4 (0xbef10f23) sb      a5, -1026(sp)
core   0: 3 0x800020a4 (0xbef10f23) mem 0x800202af 0x04
core   0: 0x800020a8 (0x00004721) c.li    a4, 8
core   0: 3 0x800020a8 (0x4721) x14 0x00000008
core   0: 0x800020aa (0x3ac9d137) lui     sp, 0x3ac9d
core   0: 3 0x800020aa (0x3ac9d137) x2  0x3ac9d000
core   0: 0x800020ae (0x000083b5) c.srli  a5, 13
core   0: 3 0x800020ae (0x83b5) x15 0x00000000
core   0: 0x800020b0 (0xbbd52113) slti    sp, a0, -1091
core   0: 3 0x800020b0 (0xbbd52113) x2  0x00000000
core   0: 0x800020b4 (0x00004081) c.li    ra, 0
core   0: 3 0x800020b4 (0x4081) x1  0x00000000
core   0: 0x800020b6 (0x52856793) ori     a5, a0, 1320
core   0: 3 0x800020b6 (0x52856793) x15 0x00000529
core   0: 0x800020ba (0xf8998d13) addi    s10, s3, -119
core   0: 3 0x800020ba (0xf8998d13) x26 0xffffff89
core   0: 0x800020be (0x000063e1) c.lui   t2, 0x18
core   0: 3 0x800020be (0x63e1) x7  0x00018000
core   0: 0x800020c0 (0x01994c33) xor     s8, s2, s9
core   0: 3 0x800020c0 (0x01994c33) x24 0x0c90b519
core   0: 0x800020c4 (0xbcaa1397) auipc   t2, 0xbcaa1
core   0: 3 0x800020c4 (0xbcaa1397) x7  0x3caa30c4
core   0: 0x800020c8 (0x000004a1) c.addi  s1, 8
core   0: 3 0x800020c8 (0x04a1) x9  0x00000008
core   0: 0x800020ca (0xf62e0593) addi    a1, t3, -158
core   0: 3 0x800020ca (0xf62e0593) x11 0x80010cb6
core   0: 0x800020ce (0x00001761) c.addi  a4, -8
core   0: 3 0x800020ce (0x1761) x14 0x00000000
core   0: 0x800020d0 (0x02e88033) mul     zero, a7, a4
core   0: 3 0x800020d0 (0x02e88033)
core   0: 0x800020d4 (0x00000609) c.addi  a2, 2
core   0: 3 0x800020d4 (0x0609) x12 0x00000002
core   0: 0x800020d6 (0x000004ce) c.slli  s1, 19
core   0: 3 0x800020d6 (0x04ce) x9  0x00400000
core   0: 0x800020d8 (0x69e83d17) auipc   s10, 0x69e83
core   0: 3 0x800020d8 (0x69e83d17) x26 0xe9e850d8
core   0: 0x800020dc (0x00006531) c.lui   a0, 0xc
core   0: 3 0x800020dc (0x6531) x10 0x0000c000
core   0: 0x800020de (0xfe1705e3) beq     a4, ra, pc - 22
core   0: 3 0x800020de (0xfe1705e3)
core   0: 0x800020c8 (0x000004a1) c.addi  s1, 8
core   0: 3 0x800020c8 (0x04a1) x9  0x00400008
core   0: 0x800020ca (0xf62e0593) addi    a1, t3, -158
core   0: 3 0x800020ca (0xf62e0593) x11 0x80010cb6
core   0: 0x800020ce (0x00001761) c.addi  a4, -8
core   0: 3 0x800020ce (0x1761) x14 0xfffffff8
core   0: 0x800020d0 (0x02e88033) mul     zero, a7, a4
core   0: 3 0x800020d0 (0x02e88033)
core   0: 0x800020d4 (0x00000609) c.addi  a2, 2
core   0: 3 0x800020d4 (0x0609) x12 0x00000004
core   0: 0x800020d6 (0x000004ce) c.slli  s1, 19
core   0: 3 0x800020d6 (0x04ce) x9  0x00400000
core   0: 0x800020d8 (0x69e83d17) auipc   s10, 0x69e83
core   0: 3 0x800020d8 (0x69e83d17) x26 0xe9e850d8
core   0: 0x800020dc (0x00006531) c.lui   a0, 0xc
core   0: 3 0x800020dc (0x6531) x10 0x0000c000
core   0: 0x800020de (0xfe1705e3) beq     a4, ra, pc - 22
core   0: 3 0x800020de (0xfe1705e3)
core   0: 0x800020e2 (0x40280033) sub     zero, a6, sp
core   0: 3 0x800020e2 (0x40280033)
core   0: 0x800020e6 (0x00015d97) auipc   s11, 0x15
core   0: 3 0x800020e6 (0x00015d97) x27 0x800170e6
core   0: 0x800020ea (0x580d8d93) addi    s11, s11, 1408
core   0: 3 0x800020ea (0x580d8d93) x27 0x80017666
core   0: 0x800020ee (0xd8fd9b23) sh      a5, -618(s11)
core   0: 3 0x800020ee (0xd8fd9b23) mem 0x800173fc 0x0529
core   0: 0x800020f2 (0x020b6cb3) rem     s9, s6, zero
core   0: 3 0x800020f2 (0x020b6cb3) x25 0x00000000
core   0: 0x800020f6 (0x09ad8003) lb      zero, 154(s11)
core   0: 3 0x800020f6 (0x09ad8003) mem 0x80017700
core   0: 0x800020fa (0x2b6d8423) sb      s6, 680(s11)
core   0: 3 0x800020fa (0x2b6d8423) mem 0x8001790e 0x00
core   0: 0x800020fe (0x0d713017) auipc   zero, 0xd713
core   0: 3 0x800020fe (0x0d713017)
core   0: 0x80002102 (0x00008799) c.srai  a5, 6
core   0: 3 0x80002102 (0x8799) x15 0x00000014
core   0: 0x80002104 (0x618d81a3) sb      s8, 1539(s11)
core   0: 3 0x80002104 (0x618d81a3) mem 0x80017c69 0x19
core   0: 0x80002108 (0x1add8003) lb      zero, 429(s11)
core   0: 3 0x80002108 (0x1add8003) mem 0x80017813
core   0: 0x8000210c (0xb07dc783) lbu     a5, -1273(s11)
core   0: 3 0x8000210c (0xb07dc783) x15 0x00000000 mem 0x8001716d
core   0: 0x80002110 (0xe19d8783) lb      a5, -487(s11)
core   0: 3 0x80002110 (0xe19d8783) x15 0x00000000 mem 0x8001747f
core   0: 0x80002114 (0xa2ad8c83) lb      s9, -1494(s11)
core   0: 3 0x80002114 (0xa2ad8c83) x25 0x00000000 mem 0x80017090
core   0: 0x80002118 (0x538d81a3) sb      s8, 1315(s11)
core   0: 3 0x80002118 (0x538d81a3) mem 0x80017b89 0x19
core   0: 0x8000211c (0x8a6d8123) sb      t1, -1886(s11)
core   0: 3 0x8000211c (0x8a6d8123) mem 0x80016f08 0x00
core   0: 0x80002120 (0x618d80a3) sb      s8, 1537(s11)
core   0: 3 0x80002120 (0x618d80a3) mem 0x80017c67 0x19
core   0: 0x80002124 (0x000097e2) c.add   a5, s8
core   0: 3 0x80002124 (0x97e2) x15 0x0c90b519
core   0: 0x80002126 (0x038cbb33) mulhu   s6, s9, s8
core   0: 3 0x80002126 (0x038cbb33) x22 0x00000000
core   0: 0x8000212a (0xd00d8723) sb      zero, -754(s11)
core   0: 3 0x8000212a (0xd00d8723) mem 0x80017374 0x00
core   0: 0x8000212e (0xe26d83a3) sb      t1, -473(s11)
core   0: 3 0x8000212e (0xe26d83a3) mem 0x8001748d 0x00
core   0: 0x80002132 (0xa94d8b03) lb      s6, -1388(s11)
core   0: 3 0x80002132 (0xa94d8b03) x22 0x00000000 mem 0x800170fa
core   0: 0x80002136 (0x267cb313) sltiu   t1, s9, 615
core   0: 3 0x80002136 (0x267cb313) x6  0x00000001
core   0: 0x8000213a (0x00006b55) c.lui   s6, 0x15
core   0: 3 0x8000213a (0x6b55) x22 0x00015000
core   0: 0x8000213c (0x00008f9d) c.sub   a5, a5
core   0: 3 0x8000213c (0x8f9d) x15 0x00000000
core   0: 0x8000213e (0x533dc783) lbu     a5, 1331(s11)
core   0: 3 0x8000213e (0x533dc783) x15 0x00000000 mem 0x80017b99
core   0: 0x80002142 (0xfdedab03) lw      s6, -34(s11)
core   0: 3 0x80002142 (0xfdedab03) x22 0x00000000 mem 0x80017644
core   0: 0x80002146 (0xef6d9c83) lh      s9, -266(s11)
core   0: 3 0x80002146 (0xef6d9c83) x25 0x00000000 mem 0x8001755c
core   0: 0x8000214a (0x0c2d8b03) lb      s6, 194(s11)
core   0: 3 0x8000214a (0x0c2d8b03) x22 0x00000000 mem 0x80017728
core   0: 0x8000214e (0x000087b9) c.srai  a5, 14
core   0: 3 0x8000214e (0x87b9) x15 0x00000000
core   0: 0x80002150 (0x038067b3) rem     a5, zero, s8
core   0: 3 0x80002150 (0x038067b3) x15 0x00000000
core   0: 0x80002154 (0x7b6d8523) sb      s6, 1962(s11)
core   0: 3 0x80002154 (0x7b6d8523) mem 0x80017e10 0x00
core   0: 0x80002158 (0x3f6dcc03) lbu     s8, 1014(s11)
core   0: 3 0x80002158 (0x3f6dcc03) x24 0x00000000 mem 0x80017a5c
core   0: 0x8000215c (0x2afd8323) sb      a5, 678(s11)
core   0: 3 0x8000215c (0x2afd8323) mem 0x8001790c 0x00
core   0: 0x80002160 (0x00009c9a) c.add   s9, t1
core   0: 3 0x80002160 (0x9c9a) x25 0x00000001
core   0: 0x80002162 (0xa50dc003) lbu     zero, -1456(s11)
core   0: 3 0x80002162 (0xa50dc003) mem 0x800170b6
core   0: 0x80002166 (0x0300076f) jal     a4, pc + 0x30
core   0: 3 0x80002166 (0x0300076f) x14 0x8000216a
core   0: 0x80002196 (0x0000b7fd) c.j     pc - 18
core   0: 3 0x80002196 (0xb7fd)
core   0: 0x80002184 (0x0000a031) c.j     pc + 12
core   0: 3 0x80002184 (0xa031)
core   0: 0x80002190 (0xff7fff6f) jal     t5, pc - 0xa
core   0: 3 0x80002190 (0xff7fff6f) x30 0x80002194
core   0: 0x80002186 (0x01e0036f) jal     t1, pc + 0x1e
core   0: 3 0x80002186 (0x01e0036f) x6  0x8000218a
core   0: 0x800021a4 (0x0000bfc5) c.j     pc - 16
core   0: 3 0x800021a4 (0xbfc5)
core   0: 0x80002194 (0x000037cd) c.jal   pc - 30
core   0: 3 0x80002194 (0x37cd) x1  0x80002196
core   0: 0x80002176 (0x0000201d) c.jal   pc + 38
core   0: 3 0x80002176 (0x201d) x1  0x80002178
core   0: 0x8000219c (0xfd1ff0ef) jal     pc - 0x30
core   0: 3 0x8000219c (0xfd1ff0ef) x1  0x800021a0
core   0: 0x8000216c (0x022000ef) jal     pc + 0x22
core   0: 3 0x8000216c (0x022000ef) x1  0x80002170
core   0: 0x8000218e (0x0000a005) c.j     pc + 32
core   0: 3 0x8000218e (0xa005)
core   0: 0x800021ae (0x00003f75) c.jal   pc - 68
core   0: 3 0x800021ae (0x3f75) x1  0x800021b0
core   0: 0x8000216a (0x00002825) c.jal   pc + 56
core   0: 3 0x8000216a (0x2825) x1  0x8000216c
core   0: 0x800021a2 (0x00003fdd) c.jal   pc - 10
core   0: 3 0x800021a2 (0x3fdd) x1  0x800021a4
core   0: 0x80002198 (0x008001ef) jal     gp, pc + 0x8
core   0: 3 0x80002198 (0x008001ef) x3  0x8000219c
core   0: 0x800021a0 (0x00002821) c.jal   pc + 24
core   0: 3 0x800021a0 (0x2821) x1  0x800021a2
core   0: 0x800021b8 (0x0000b7fd) c.j     pc - 18
core   0: 3 0x800021b8 (0xb7fd)
core   0: 0x800021a6 (0x00003fd1) c.jal   pc - 44
core   0: 3 0x800021a6 (0x3fd1) x1  0x800021a8
core   0: 0x8000217a (0x00002801) c.jal   pc + 16
core   0: 3 0x8000217a (0x2801) x1  0x8000217c
core   0: 0x8000218a (0x020000ef) jal     pc + 0x20
core   0: 3 0x8000218a (0x020000ef) x1  0x8000218e
core   0: 0x800021aa (0xfd3ff7ef) jal     a5, pc - 0x2e
core   0: 3 0x800021aa (0xfd3ff7ef) x15 0x800021ae
core   0: 0x8000217c (0x00002815) c.jal   pc + 52
core   0: 3 0x8000217c (0x2815) x1  0x8000217e
core   0: 0x800021b0 (0xff9ff0ef) jal     pc - 0x8
core   0: 3 0x800021b0 (0xff9ff0ef) x1  0x800021b4
core   0: 0x800021a8 (0x0000bfd9) c.j     pc - 42
core   0: 3 0x800021a8 (0xbfd9)
core   0: 0x8000217e (0xff7ff36f) jal     t1, pc - 0xa
core   0: 3 0x8000217e (0xff7ff36f) x6  0x80002182
core   0: 0x80002174 (0x00002011) c.jal   pc + 4
core   0: 3 0x80002174 (0x2011) x1  0x80002176
core   0: 0x80002178 (0x0000a835) c.j     pc + 60
core   0: 3 0x80002178 (0xa835)
core   0: 0x800021b4 (0xfbdff36f) jal     t1, pc - 0x44
core   0: 3 0x800021b4 (0xfbdff36f) x6  0x800021b8
core   0: 0x80002170 (0x012000ef) jal     pc + 0x12
core   0: 3 0x80002170 (0x012000ef) x1  0x80002174
core   0: 0x80002182 (0x00002825) c.jal   pc + 56
core   0: 3 0x80002182 (0x2825) x1  0x80002184
core   0: 0x800021ba (0x00008722) c.mv    a4, s0
core   0: 3 0x800021ba (0x8722) x14 0x00000000
core   0: 0x800021bc (0x000049a9) c.li    s3, 10
core   0: 3 0x800021bc (0x49a9) x19 0x0000000a
core   0: 0x800021be (0x00006149) c.addi16sp sp, 144
core   0: 3 0x800021be (0x6149) x2  0x00000090
core   0: 0x800021c0 (0x00009fca) c.add   t6, s2
core   0: 3 0x800021c0 (0x9fca) x31 0x8c90aa27
core   0: 0x800021c2 (0x40f450b3) sra     ra, s0, a5
core   0: 3 0x800021c2 (0x40f450b3) x1  0x00000000
core   0: 0x800021c6 (0x0000680d) c.lui   a6, 0x3
core   0: 3 0x800021c6 (0x680d) x16 0x00003000
core   0: 0x800021c8 (0x4189df13) srai    t5, s3, 24
core   0: 3 0x800021c8 (0x4189df13) x30 0x00000000
core   0: 0x800021cc (0x90ad6d97) auipc   s11, 0x90ad6
core   0: 3 0x800021cc (0x90ad6d97) x27 0x10ad81cc
core   0: 0x800021d0 (0x00718ab3) add     s5, gp, t2
core   0: 3 0x800021d0 (0x00718ab3) x21 0xbcaa5260
core   0: 0x800021d4 (0x00004425) c.li    s0, 9
core   0: 3 0x800021d4 (0x4425) x8  0x00000009
core   0: 0x800021d6 (0x000080e6) c.mv    ra, s9
core   0: 3 0x800021d6 (0x80e6) x1  0x00000001
core   0: 0x800021d8 (0x03b9d833) divu    a6, s3, s11
core   0: 3 0x800021d8 (0x03b9d833) x16 0x00000000
core   0: 0x800021dc (0x01a924b3) slt     s1, s2, s10
core   0: 3 0x800021dc (0x01a924b3) x9  0x00000001
core   0: 0x800021e0 (0x00008f5d) c.or    a4, a5
core   0: 3 0x800021e0 (0x8f5d) x14 0x800021ae
core   0: 0x800021e2 (0x00008d46) c.mv    s10, a7
core   0: 3 0x800021e2 (0x8d46) x26 0x80029ce4
core   0: 0x800021e4 (0x7b977393) andi    t2, a4, 1977
core   0: 3 0x800021e4 (0x7b977393) x7  0x000001a8
core   0: 0x800021e8 (0x0277e333) rem     t1, a5, t2
core   0: 3 0x800021e8 (0x0277e333) x6  0xffffff06
core   0: 0x800021ec (0x00009b4a) c.add   s6, s2
core   0: 3 0x800021ec (0x9b4a) x22 0x8c90aa29
core   0: 0x800021ee (0x000019f1) c.addi  s3, -4
core   0: 3 0x800021ee (0x19f1) x19 0x00000006
core   0: 0x800021f0 (0x000057fd) c.li    a5, -1
core   0: 3 0x800021f0 (0x57fd) x15 0xffffffff
core   0: 0x800021f2 (0x013c90b3) sll     ra, s9, s3
core   0: 3 0x800021f2 (0x013c90b3) x1  0x00000040
core   0: 0x800021f6 (0x00000001) c.nop
core   0: 3 0x800021f6 (0x0001)
core   0: 0x800021f8 (0x01bb6233) or      tp, s6, s11
core   0: 3 0x800021f8 (0x01bb6233) x4  0x9cbdabed
core   0: 0x800021fc (0x02880eb3) mul     t4, a6, s0
core   0: 3 0x800021fc (0x02880eb3) x29 0x00000000
core   0: 0x80002200 (0x02489533) mulh    a0, a7, tp
core   0: 3 0x80002200 (0x02489533) x10 0x31a026b0
core   0: 0x80002204 (0x00000785) c.addi  a5, 1
core   0: 3 0x80002204 (0x0785) x15 0x00000000
core   0: 0x80002206 (0x4163dc33) sra     s8, t2, s6
core   0: 3 0x80002206 (0x4163dc33) x24 0x00000000
core   0: 0x8000220a (0x00001c10) c.addi4spn a2, sp, 560
core   0: 3 0x8000220a (0x1c10) x12 0x000002c0
core   0: 0x8000220c (0x01849c13) slli    s8, s1, 24
core   0: 3 0x8000220c (0x01849c13) x24 0x01000000
core   0: 0x80002210 (0x0000dbe5) c.beqz  a5, pc - 16
core   0: 3 0x80002210 (0xdbe5)
core   0: 0x80002200 (0x02489533) mulh    a0, a7, tp
core   0: 3 0x80002200 (0x02489533) x10 0x31a026b0
core   0: 0x80002204 (0x00000785) c.addi  a5, 1
core   0: 3 0x80002204 (0x0785) x15 0x00000001
core   0: 0x80002206 (0x4163dc33) sra     s8, t2, s6
core   0: 3 0x80002206 (0x4163dc33) x24 0x00000000
core   0: 0x8000220a (0x00001c10) c.addi4spn a2, sp, 560
core   0: 3 0x8000220a (0x1c10) x12 0x000002c0
core   0: 0x8000220c (0x01849c13) slli    s8, s1, 24
core   0: 3 0x8000220c (0x01849c13) x24 0x01000000
core   0: 0x80002210 (0x0000dbe5) c.beqz  a5, pc - 16
core   0: 3 0x80002210 (0xdbe5)
core   0: 0x80002212 (0xfc89f9e3) bgeu    s3, s0, pc - 46
core   0: 3 0x80002212 (0xfc89f9e3)
core   0: 0x80002216 (0x00008125) c.srli  a0, 9
core   0: 3 0x80002216 (0x8125) x10 0x0018d013
core   0: 0x80002218 (0x0001c117) auipc   sp, 0x1c
core   0: 3 0x80002218 (0x0001c117) x2  0x8001e218
core   0: 0x8000221c (0x96310113) addi    sp, sp, -1693
core   0: 3 0x8000221c (0x96310113) x2  0x8001db7b
core   0: 0x80002220 (0x00008e71) c.and   a2, a2
core   0: 3 0x80002220 (0x8e71) x12 0x000002c0
core   0: 0x80002222 (0xf86100a3) sb      t1, -127(sp)
core   0: 3 0x80002222 (0xf86100a3) mem 0x8001dafc 0x06
core   0: 0x80002226 (0xdbb10e23) sb      s11, -580(sp)
core   0: 3 0x80002226 (0xdbb10e23) mem 0x8001d937 0xcc
core   0: 0x8000222a (0x00cdd633) srl     a2, s11, a2
core   0: 3 0x8000222a (0x00cdd633) x12 0x10ad81cc
core   0: 0x8000222e (0x2ac10e23) sb      a2, 700(sp)
core   0: 3 0x8000222e (0x2ac10e23) mem 0x8001de37 0xcc
core   0: 0x80002232 (0x00008e71) c.and   a2, a2
core   0: 3 0x80002232 (0x8e71) x12 0x10ad81cc
core   0: 0x80002234 (0x8c814383) lbu     t2, -1848(sp)
core   0: 3 0x80002234 (0x8c814383) x7  0x00000000 mem 0x8001d443
core   0: 0x80002238 (0x00008e51) c.or    a2, a2
core   0: 3 0x80002238 (0x8e51) x12 0x10ad81cc
core   0: 0x8000223a (0x006a4633) xor     a2, s4, t1
core   0: 3 0x8000223a (0x006a4633) x12 0xffffff06
core   0: 0x8000223e (0x00008e51) c.or    a2, a2
core   0: 3 0x8000223e (0x8e51) x12 0xffffff06
core   0: 0x80002240 (0xaf410723) sb      s4, -1298(sp)
core   0: 3 0x80002240 (0xaf410723) mem 0x8001d669 0x00
core   0: 0x80002244 (0xe9414603) lbu     a2, -364(sp)
core   0: 3 0x80002244 (0xe9414603) x12 0x00000000 mem 0x8001da0f
core   0: 0x80002248 (0x0d410023) sb      s4, 192(sp)
core   0: 3 0x80002248 (0x0d410023) mem 0x8001dc3b 0x00
core   0: 0x8000224c (0x016a1d93) slli    s11, s4, 22
core   0: 3 0x8000224c (0x016a1d93) x27 0x00000000
core   0: 0x80002250 (0x00008e11) c.sub   a2, a2
core   0: 3 0x80002250 (0x8e11) x12 0x00000000
core   0: 0x80002252 (0xc3f14383) lbu     t2, -961(sp)
core   0: 3 0x80002252 (0xc3f14383) x7  0x00000000 mem 0x8001d7ba
core   0: 0x80002256 (0x70c11aa3) sh      a2, 1813(sp)
core   0: 3 0x80002256 (0x70c11aa3) mem 0x8001e290 0x0000
core   0: 0x8000225a (0x02cdd333) divu    t1, s11, a2
core   0: 3 0x8000225a (0x02cdd333) x6  0xffffffff
core   0: 0x8000225e (0xc7610383) lb      t2, -906(sp)
core   0: 3 0x8000225e (0xc7610383) x7  0x00000000 mem 0x8001d7f1
core   0: 0x80002262 (0xbbf10603) lb      a2, -1089(sp)
core   0: 3 0x80002262 (0xbbf10603) x12 0x00000000 mem 0x8001d73a
core   0: 0x80002266 (0x01b62d33) slt     s10, a2, s11
core   0: 3 0x80002266 (0x01b62d33) x26 0x00000000
core   0: 0x8000226a (0x16310a03) lb      s4, 355(sp)
core   0: 3 0x8000226a (0x16310a03) x20 0x00000000 mem 0x8001dcde
core   0: 0x8000226e (0x41311603) lh      a2, 1043(sp)
core   0: 3 0x8000226e (0x41311603) x12 0x00000000 mem 0x8001df8e
core   0: 0x80002272 (0x8f810d83) lb      s11, -1800(sp)
core   0: 3 0x80002272 (0x8f810d83) x27 0x00000000 mem 0x8001d473
core   0: 0x80002276 (0xe4410d03) lb      s10, -444(sp)
core   0: 3 0x80002276 (0xe4410d03) x26 0x00000000 mem 0x8001d9bf
core   0: 0x8000227a (0x00008e71) c.and   a2, a2
core   0: 3 0x8000227a (0x8e71) x12 0x00000000
core   0: 0x8000227c (0x66214603) lbu     a2, 1634(sp)
core   0: 3 0x8000227c (0x66214603) x12 0x00000000 mem 0x8001e1dd
core   0: 0x80002280 (0xe6610a23) sb      t1, -396(sp)
core   0: 3 0x80002280 (0xe6610a23) mem 0x8001d9ef 0xff
core   0: 0x80002284 (0xe6112d83) lw      s11, -415(sp)
core   0: 3 0x80002284 (0xe6112d83) x27 0x00000000 mem 0x8001d9dc
core   0: 0x80002288 (0x03ada633) mulhsu  a2, s11, s10
core   0: 3 0x80002288 (0x03ada633) x12 0x00000000
core   0: 0x8000228c (0x00008e71) c.and   a2, a2
core   0: 3 0x8000228c (0x8e71) x12 0x00000000
core   0: 0x8000228e (0xe9d11a03) lh      s4, -355(sp)
core   0: 3 0x8000228e (0xe9d11a03) x20 0x00000000 mem 0x8001da18
core   0: 0x80002292 (0x02764db3) div     s11, a2, t2
core   0: 3 0x80002292 (0x02764db3) x27 0xffffffff
core   0: 0x80002296 (0x0073c633) xor     a2, t2, t2
core   0: 3 0x80002296 (0x0073c633) x12 0x00000000
core   0: 0x8000229a (0x13115383) lhu     t2, 305(sp)
core   0: 3 0x8000229a (0x13115383) x7  0x00000000 mem 0x8001dcac
core   0: 0x8000229e (0xeba10603) lb      a2, -326(sp)
core   0: 3 0x8000229e (0xeba10603) x12 0x00000000 mem 0x8001da35
core   0: 0x800022a2 (0x00009a7d) c.andi  a2, -1
core   0: 3 0x800022a2 (0x9a7d) x12 0x00000000
core   0: 0x800022a4 (0x4b614303) lbu     t1, 1206(sp)
core   0: 3 0x800022a4 (0x4b614303) x6  0x00000000 mem 0x8001e031
core   0: 0x800022a8 (0x32c11da3) sh      a2, 827(sp)
core   0: 3 0x800022a8 (0x32c11da3) mem 0x8001deb6 0x0000
core   0: 0x800022ac (0x2ac10ca3) sb      a2, 697(sp)
core   0: 3 0x800022ac (0x2ac10ca3) mem 0x8001de34 0x00
core   0: 0x800022b0 (0x00636d33) or      s10, t1, t1
core   0: 3 0x800022b0 (0x00636d33) x26 0x00000000
core   0: 0x800022b4 (0x01861a13) slli    s4, a2, 24
core   0: 3 0x800022b4 (0x01861a13) x20 0x00000000
core   0: 0x800022b8 (0x16a10303) lb      t1, 362(sp)
core   0: 3 0x800022b8 (0x16a10303) x6  0x00000000 mem 0x8001dce5
core   0: 0x800022bc (0x01aa03b3) add     t2, s4, s10
core   0: 3 0x800022bc (0x01aa03b3) x7  0x00000000
core   0: 0x800022c0 (0x57a119a3) sh      s10, 1395(sp)
core   0: 3 0x800022c0 (0x57a119a3) mem 0x8001e0ee 0x0000
core   0: 0x800022c4 (0x89a112a3) sh      s10, -1915(sp)
core   0: 3 0x800022c4 (0x89a112a3) mem 0x8001d400 0x0000
core   0: 0x800022c8 (0x0001b517) auipc   a0, 0x1b
core   0: 3 0x800022c8 (0x0001b517) x10 0x8001d2c8
core   0: 0x800022cc (0x68650513) addi    a0, a0, 1670
core   0: 3 0x800022cc (0x68650513) x10 0x8001d94e
core   0: 0x800022d0 (0xff650d83) lb      s11, -10(a0)
core   0: 3 0x800022d0 (0xff650d83) x27 0x00000000 mem 0x8001d944
core   0: 0x800022d4 (0xff454c03) lbu     s8, -12(a0)
core   0: 3 0x800022d4 (0xff454c03) x24 0x00000000 mem 0x8001d942
core   0: 0x800022d8 (0x0061aa33) slt     s4, gp, t1
core   0: 3 0x800022d8 (0x0061aa33) x20 0x00000001
core   0: 0x800022dc (0x00954583) lbu     a1, 9(a0)
core   0: 3 0x800022dc (0x00954583) x11 0x00000000 mem 0x8001d957
core   0: 0x800022e0 (0xcbd44137) lui     sp, 0xcbd44
core   0: 3 0x800022e0 (0xcbd44137) x2  0xcbd44000
core   0: 0x800022e4 (0xfd954203) lbu     tp, -39(a0)
core   0: 3 0x800022e4 (0xfd954203) x4  0x00000000 mem 0x8001d927
core   0: 0x800022e8 (0x00954b03) lbu     s6, 9(a0)
core   0: 3 0x800022e8 (0x00954b03) x22 0x00000000 mem 0x8001d957
core   0: 0x800022ec (0x002504a3) sb      sp, 9(a0)
core   0: 3 0x800022ec (0x002504a3) mem 0x8001d957 0x00
core   0: 0x800022f0 (0x03790eb3) mul     t4, s2, s7
core   0: 3 0x800022f0 (0x03790eb3) x29 0xdb4f8604
core   0: 0x800022f4 (0x00950483) lb      s1, 9(a0)
core   0: 3 0x800022f4 (0x00950483) x9  0x00000000 mem 0x8001d957
core   0: 0x800022f8 (0x00950083) lb      ra, 9(a0)
core   0: 3 0x800022f8 (0x00950083) x1  0x00000000 mem 0x8001d957
core   0: 0x800022fc (0xfc850003) lb      zero, -56(a0)
core   0: 3 0x800022fc (0xfc850003) mem 0x8001d916
core   0: 0x80002300 (0xfee50aa3) sb      a4, -11(a0)
core   0: 3 0x80002300 (0xfee50aa3) mem 0x8001d943 0xae
core   0: 0x80002304 (0x00005df5) c.li    s11, -3
core   0: 3 0x80002304 (0x5df5) x27 0xfffffffd
core   0: 0x80002306 (0x0256f4b3) remu    s1, a3, t0
core   0: 3 0x80002306 (0x0256f4b3) x9  0x00000000
core   0: 0x8000230a (0x012fa133) slt     sp, t6, s2
core   0: 3 0x8000230a (0x012fa133) x2  0x00000001
core   0: 0x8000230e (0x40f85b33) sra     s6, a6, a5
core   0: 3 0x8000230e (0x40f85b33) x22 0x00000000
core   0: 0x80002312 (0x00001898) c.addi4spn a4, sp, 112
core   0: 3 0x80002312 (0x1898) x14 0x00000071
core   0: 0x80002314 (0x00008fe5) c.and   a5, s1
core   0: 3 0x80002314 (0x8fe5) x15 0x00000000
core   0: 0x80002316 (0x00004fa5) c.li    t6, 9
core   0: 3 0x80002316 (0x4fa5) x31 0x00000009
core   0: 0x80002318 (0x00009392) c.add   t2, tp
core   0: 3 0x80002318 (0x9392) x7  0x00000000
core   0: 0x8000231a (0x024da1b3) mulhsu  gp, s11, tp
core   0: 3 0x8000231a (0x024da1b3) x3  0x00000000
core   0: 0x8000231e (0x00008d09) c.sub   a0, a0
core   0: 3 0x8000231e (0x8d09) x10 0x00000000
core   0: 0x80002320 (0x0000622d) c.lui   tp, 0xb
core   0: 3 0x80002320 (0x622d) x4  0x0000b000
core   0: 0x80002322 (0x03b73533) mulhu   a0, a4, s11
core   0: 3 0x80002322 (0x03b73533) x10 0x00000070
core   0: 0x80002326 (0x9361f297) auipc   t0, 0x9361f
core   0: 3 0x80002326 (0x9361f297) x5  0x13621326
core   0: 0x8000232a (0x008554b3) srl     s1, a0, s0
core   0: 3 0x8000232a (0x008554b3) x9  0x00000000
core   0: 0x8000232e (0x0356f233) remu    tp, a3, s5
core   0: 3 0x8000232e (0x0356f233) x4  0x00000000
core   0: 0x80002332 (0x00008f95) c.sub   a5, a3
core   0: 3 0x80002332 (0x8f95) x15 0x00000000
core   0: 0x80002334 (0x027825b3) mulhsu  a1, a6, t2
core   0: 3 0x80002334 (0x027825b3) x11 0x00000000
core   0: 0x80002338 (0x436ed217) auipc   tp, 0x436ed
core   0: 3 0x80002338 (0x436ed217) x4  0xc36ef338
core   0: 0x8000233c (0x019a1213) slli    tp, s4, 25
core   0: 3 0x8000233c (0x019a1213) x4  0x02000000
core   0: 0x80002340 (0x00000d91) c.addi  s11, 4
core   0: 3 0x80002340 (0x0d91) x27 0x00000001
core   0: 0x80002342 (0x00008ae2) c.mv    s5, s8
core   0: 3 0x80002342 (0x8ae2) x21 0x00000000
core   0: 0x80002344 (0x402cdc13) srai    s8, s9, 2
core   0: 3 0x80002344 (0x402cdc13) x24 0x00000000
core   0: 0x80002348 (0x00008d09) c.sub   a0, a0
core   0: 3 0x80002348 (0x8d09) x10 0x00000000
core   0: 0x8000234a (0x41eb84b3) sub     s1, s7, t5
core   0: 3 0x8000234a (0x41eb84b3) x9  0x80025e64
core   0: 0x8000234e (0x4056d2b3) sra     t0, a3, t0
core   0: 3 0x8000234e (0x4056d2b3) x5  0x00000000
core   0: 0x80002352 (0xfffd83e3) beq     s11, t6, pc - 26
core   0: 3 0x80002352 (0xfffd83e3)
core   0: 0x80002356 (0x00008fe5) c.and   a5, s1
core   0: 3 0x80002356 (0x8fe5) x15 0x00000000
core   0: 0x80002358 (0x00011997) auipc   s3, 0x11
core   0: 3 0x80002358 (0x00011997) x19 0x80013358
core   0: 0x8000235c (0xd4598993) addi    s3, s3, -699
core   0: 3 0x8000235c (0xd4598993) x19 0x8001309d
core   0: 0x80002360 (0x0000042a) c.slli  s0, 10
core   0: 3 0x80002360 (0x042a) x8  0x00002400
core   0: 0x80002362 (0xfd1995a3) sh      a7, -53(s3)
core   0: 3 0x80002362 (0xfd1995a3) mem 0x80013068 0x9ce4
core   0: 0x80002366 (0x00b34433) xor     s0, t1, a1
core   0: 3 0x80002366 (0x00b34433) x8  0x00000000
core   0: 0x8000236a (0x00b996a3) sh      a1, 13(s3)
core   0: 3 0x8000236a (0x00b996a3) mem 0x800130aa 0x0000
core   0: 0x8000236e (0x00008c71) c.and   s0, a2
core   0: 3 0x8000236e (0x8c71) x8  0x00000000
core   0: 0x80002370 (0x413d8333) sub     t1, s11, s3
core   0: 3 0x80002370 (0x413d8333) x6  0x7ffecf64
core   0: 0x80002374 (0x02a6e633) rem     a2, a3, a0
core   0: 3 0x80002374 (0x02a6e633) x12 0x00000000
core   0: 0x80002378 (0x02491533) mulh    a0, s2, tp
core   0: 3 0x80002378 (0x02491533) x10 0xff192154
core   0: 0x8000237c (0xdd5ca213) slti    tp, s9, -555
core   0: 3 0x8000237c (0xdd5ca213) x4  0x00000000
core   0: 0x80002380 (0x00d9c803) lbu     a6, 13(s3)
core   0: 3 0x80002380 (0x00d9c803) x16 0x00000000 mem 0x800130aa
core   0: 0x80002384 (0x006d21b3) slt     gp, s10, t1
core   0: 3 0x80002384 (0x006d21b3) x3  0x00000001
core   0: 0x80002388 (0x02f98f03) lb      t5, 47(s3)
core   0: 3 0x80002388 (0x02f98f03) x30 0x00000000 mem 0x800130cc
core   0: 0x8000238c (0x000089c5) c.andi  a1, 17
core   0: 3 0x8000238c (0x89c5) x11 0x00000000
core   0: 0x8000238e (0x02a3d0b3) divu    ra, t2, a0
core   0: 3 0x8000238e (0x02a3d0b3) x1  0x00000000
core   0: 0x80002392 (0x40d6d393) srai    t2, a3, 13
core   0: 3 0x80002392 (0x40d6d393) x7  0x00000000
core   0: 0x80002396 (0x00008df5) c.and   a1, a3
core   0: 3 0x80002396 (0x8df5) x11 0x00000000
core   0: 0x80002398 (0x03e521b3) mulhsu  gp, a0, t5
core   0: 3 0x80002398 (0x03e521b3) x3  0x00000000
core   0: 0x8000239c (0x00c99ea3) sh      a2, 29(s3)
core   0: 3 0x8000239c (0x00c99ea3) mem 0x800130ba 0x0000
core   0: 0x800023a0 (0x01d98e23) sb      t4, 28(s3)
core   0: 3 0x800023a0 (0x01d98e23) mem 0x800130b9 0x04
core   0: 0x800023a4 (0xfcc9c483) lbu     s1, -52(s3)
core   0: 3 0x800023a4 (0xfcc9c483) x9  0x0000009c mem 0x80013069
core   0: 0x800023a8 (0x0089b4b3) sltu    s1, s3, s0
core   0: 3 0x800023a8 (0x0089b4b3) x9  0x00000000
core   0: 0x800023ac (0x00967fb3) and     t6, a2, s1
core   0: 3 0x800023ac (0x00967fb3) x31 0x00000000
core   0: 0x800023b0 (0x00108eb3) add     t4, ra, ra
core   0: 3 0x800023b0 (0x00108eb3) x29 0x00000000
core   0: 0x800023b4 (0xff09cb03) lbu     s6, -16(s3)
core   0: 3 0x800023b4 (0xff09cb03) x22 0x00000000 mem 0x8001308d
core   0: 0x800023b8 (0x0399cb03) lbu     s6, 57(s3)
core   0: 3 0x800023b8 (0x0399cb03) x22 0x00000000 mem 0x800130d6
core   0: 0x800023bc (0xff298023) sb      s2, -32(s3)
core   0: 3 0x800023bc (0xff298023) mem 0x8001307d 0x29
core   0: 0x800023c0 (0xfd89c583) lbu     a1, -40(s3)
core   0: 3 0x800023c0 (0xfd89c583) x11 0x00000000 mem 0x80013075
core   0: 0x800023c4 (0xfc498803) lb      a6, -60(s3)
core   0: 3 0x800023c4 (0xfc498803) x16 0x00000000 mem 0x80013061
core   0: 0x800023c8 (0x01bc3ab3) sltu    s5, s8, s11
core   0: 3 0x800023c8 (0x01bc3ab3) x21 0x00000001
core   0: 0x800023cc (0x05de8b13) addi    s6, t4, 93
core   0: 3 0x800023cc (0x05de8b13) x22 0x0000005d
core   0: 0x800023d0 (0xfc19c003) lbu     zero, -63(s3)
core   0: 3 0x800023d0 (0xfc19c003) mem 0x8001305e
core   0: 0x800023d4 (0x00008f81) c.sub   a5, s0
core   0: 3 0x800023d4 (0x8f81) x15 0x00000000
core   0: 0x800023d6 (0x015982a3) sb      s5, 5(s3)
core   0: 3 0x800023d6 (0x015982a3) mem 0x800130a2 0x01
core   0: 0x800023da (0x0000717d) c.addi16sp sp, -16
core   0: 3 0x800023da (0x717d) x2  0xfffffff1
core   0: 0x800023dc (0x00000001) c.nop
core   0: 3 0x800023dc (0x0001)
core   0: 0x800023de (0x85363e13) sltiu   t3, a2, -1965
core   0: 3 0x800023de (0x85363e13) x28 0x00000001
core   0: 0x800023e2 (0x03a07f33) remu    t5, zero, s10
core   0: 3 0x800023e2 (0x03a07f33) x30 0x00000000
core   0: 0x800023e6 (0x00000001) c.nop
core   0: 3 0x800023e6 (0x0001)
core   0: 0x800023e8 (0x006c1cb3) sll     s9, s8, t1
core   0: 3 0x800023e8 (0x006c1cb3) x25 0x00000000
core   0: 0x800023ec (0xfcb99603) lh      a2, -53(s3)
core   0: 3 0x800023ec (0xfcb99603) x12 0xffff9ce4 mem 0x80013068
core   0: 0x800023f0 (0x000083e9) c.srli  a5, 26
core   0: 3 0x800023f0 (0x83e9) x15 0x00000000
core   0: 0x800023f2 (0xfce98403) lb      s0, -50(s3)
core   0: 3 0x800023f2 (0xfce98403) x8  0x00000000 mem 0x8001306b
core   0: 0x800023f6 (0x0099ca83) lbu     s5, 9(s3)
core   0: 3 0x800023f6 (0x0099ca83) x21 0x00000000 mem 0x800130a6
core   0: 0x800023fa (0xffd99c03) lh      s8, -3(s3)
core   0: 3 0x800023fa (0xffd99c03) x24 0x00000000 mem 0x8001309a
core   0: 0x800023fe (0x02398b23) sb      gp, 54(s3)
core   0: 3 0x800023fe (0x02398b23) mem 0x800130d3 0x00
core   0: 0x80002402 (0x030996a3) sh      a6, 45(s3)
core   0: 3 0x80002402 (0x030996a3) mem 0x800130ca 0x0000
core   0: 0x80002406 (0xfef98d83) lb      s11, -17(s3)
core   0: 3 0x80002406 (0xfef98d83) x27 0x00000000 mem 0x8001308c
core   0: 0x8000240a (0x01df0733) add     a4, t5, t4
core   0: 3 0x8000240a (0x01df0733) x14 0x00000000
core   0: 0x8000240e (0x00008fd5) c.or    a5, a3
core   0: 3 0x8000240e (0x8fd5) x15 0x00000000
core   0: 0x80002410 (0x012f1c93) slli    s9, t5, 18
core   0: 3 0x80002410 (0x012f1c93) x25 0x00000000
core   0: 0x80002414 (0xfeb9a083) lw      ra, -21(s3)
core   0: 3 0x80002414 (0xfeb9a083) x1  0x00000000 mem 0x80013088
core   0: 0x80002418 (0xfc399a03) lh      s4, -61(s3)
core   0: 3 0x80002418 (0xfc399a03) x20 0x00000000 mem 0x80013060
core   0: 0x8000241c (0xfe798783) lb      a5, -25(s3)
core   0: 3 0x8000241c (0xfe798783) x15 0x00000000 mem 0x80013084
core   0: 0x80002420 (0x0000e117) auipc   sp, 0xe
core   0: 3 0x80002420 (0x0000e117) x2  0x80010420
core   0: 0x80002424 (0x08410113) addi    sp, sp, 132
core   0: 3 0x80002424 (0x08410113) x2  0x800104a4
core   0: 0x80002428 (0xffb14b03) lbu     s6, -5(sp)
core   0: 3 0x80002428 (0xffb14b03) x22 0x00000000 mem 0x8001049f
core   0: 0x8000242c (0x0000877d) c.srai  a4, 31
core   0: 3 0x8000242c (0x877d) x14 0x00000000
core   0: 0x8000242e (0xff011483) lh      s1, -16(sp)
core   0: 3 0x8000242e (0xff011483) x9  0x00000000 mem 0x80010494
core   0: 0x80002432 (0xff014703) lbu     a4, -16(sp)
core   0: 3 0x80002432 (0xff014703) x14 0x00000000 mem 0x80010494
core   0: 0x80002436 (0x00611c83) lh      s9, 6(sp)
core   0: 3 0x80002436 (0x00611c83) x25 0x00000000 mem 0x800104aa
core   0: 0x8000243a (0x00f10783) lb      a5, 15(sp)
core   0: 3 0x8000243a (0x00f10783) x15 0x00000000 mem 0x800104b3
core   0: 0x8000243e (0x01a105a3) sb      s10, 11(sp)
core   0: 3 0x8000243e (0x01a105a3) mem 0x800104af 0x00
core   0: 0x80002442 (0x10678c13) addi    s8, a5, 262
core   0: 3 0x80002442 (0x10678c13) x24 0x00000106
core   0: 0x80002446 (0x01a1d513) srli    a0, gp, 26
core   0: 3 0x80002446 (0x01a1d513) x10 0x00000000
core   0: 0x8000244a (0x0348f4b3) remu    s1, a7, s4
core   0: 3 0x8000244a (0x0348f4b3) x9  0x80029ce4
core   0: 0x8000244e (0xff714a83) lbu     s5, -9(sp)
core   0: 3 0x8000244e (0xff714a83) x21 0x00000000 mem 0x8001049b
core   0: 0x80002452 (0x00f929b3) slt     s3, s2, a5
core   0: 3 0x80002452 (0x00f929b3) x19 0x00000001
core   0: 0x80002456 (0x41130db3) sub     s11, t1, a7
core   0: 3 0x80002456 (0x41130db3) x27 0xfffc3280
core   0: 0x8000245a (0xfed10ba3) sb      a3, -9(sp)
core   0: 3 0x8000245a (0xfed10ba3) mem 0x8001049b 0x00
core   0: 0x8000245e (0x000006c2) c.slli  a3, 16
core   0: 3 0x8000245e (0x06c2) x13 0x00000000
core   0: 0x80002460 (0xfff10ba3) sb      t6, -9(sp)
core   0: 3 0x80002460 (0xfff10ba3) mem 0x8001049b 0x00
core   0: 0x80002464 (0xff610ba3) sb      s6, -9(sp)
core   0: 3 0x80002464 (0xff610ba3) mem 0x8001049b 0x00
core   0: 0x80002468 (0xffd10ba3) sb      t4, -9(sp)
core   0: 3 0x80002468 (0xffd10ba3) mem 0x8001049b 0x00
core   0: 0x8000246c (0xff710583) lb      a1, -9(sp)
core   0: 3 0x8000246c (0xff710583) x11 0x00000000 mem 0x8001049b
core   0: 0x80002470 (0xff714003) lbu     zero, -9(sp)
core   0: 3 0x80002470 (0xff714003) mem 0x8001049b
core   0: 0x80002474 (0x000054f1) c.li    s1, -4
core   0: 3 0x80002474 (0x54f1) x9  0xfffffffc
core   0: 0x80002476 (0x00008fc9) c.or    a5, a0
core   0: 3 0x80002476 (0x8fc9) x15 0x00000000
core   0: 0x80002478 (0x4d69f513) andi    a0, s3, 1238
core   0: 3 0x80002478 (0x4d69f513) x10 0x00000000
core   0: 0x8000247c (0x014dfa33) and     s4, s11, s4
core   0: 3 0x8000247c (0x014dfa33) x20 0x00000000
core   0: 0x80002480 (0x012d5613) srli    a2, s10, 18
core   0: 3 0x80002480 (0x012d5613) x12 0x00000000
core   0: 0x80002484 (0x0000138c) c.addi4spn a1, sp, 480
core   0: 3 0x80002484 (0x138c) x11 0x80010684
core   0: 0x80002486 (0x00008e55) c.or    a2, a3
core   0: 3 0x80002486 (0x8e55) x12 0x00000000
core   0: 0x80002488 (0x00828f33) add     t5, t0, s0
core   0: 3 0x80002488 (0x00828f33) x30 0x00000000
core   0: 0x8000248c (0x40440e33) sub     t3, s0, tp
core   0: 3 0x8000248c (0x40440e33) x28 0x00000000
core   0: 0x80002490 (0x010e13b3) sll     t2, t3, a6
core   0: 3 0x80002490 (0x010e13b3) x7  0x00000000
core   0: 0x80002494 (0x0000922e) c.add   tp, a1
core   0: 3 0x80002494 (0x922e) x4  0x80010684
core   0: 0x80002496 (0x00000001) c.nop
core   0: 3 0x80002496 (0x0001)
core   0: 0x80002498 (0x1f34f693) andi    a3, s1, 499
core   0: 3 0x80002498 (0x1f34f693) x13 0x000001f0
core   0: 0x8000249c (0x40d75993) srai    s3, a4, 13
core   0: 3 0x8000249c (0x40d75993) x19 0x00000000
core   0: 0x800024a0 (0x000040d1) c.li    ra, 20
core   0: 3 0x800024a0 (0x40d1) x1  0x00000014
core   0: 0x800024a2 (0x5126ef93) ori     t6, a3, 1298
core   0: 3 0x800024a2 (0x5126ef93) x31 0x000005f2
core   0: 0x800024a6 (0x03d09633) mulh    a2, ra, t4
core   0: 3 0x800024a6 (0x03d09633) x12 0x00000000
core   0: 0x800024aa (0x00000b98) c.addi4spn a4, sp, 464
core   0: 3 0x800024aa (0x0b98) x14 0x80010674
core   0: 0x800024ac (0x000087e5) c.srai  a5, 25
core   0: 3 0x800024ac (0x87e5) x15 0x00000000
core   0: 0x800024ae (0x000004a9) c.addi  s1, 10
core   0: 3 0x800024ae (0x04a9) x9  0x00000006
core   0: 0x800024b0 (0xfe14ede3) bltu    s1, ra, pc - 6
core   0: 3 0x800024b0 (0xfe14ede3)
core   0: 0x800024aa (0x00000b98) c.addi4spn a4, sp, 464
core   0: 3 0x800024aa (0x0b98) x14 0x80010674
core   0: 0x800024ac (0x000087e5) c.srai  a5, 25
core   0: 3 0x800024ac (0x87e5) x15 0x00000000
core   0: 0x800024ae (0x000004a9) c.addi  s1, 10
core   0: 3 0x800024ae (0x04a9) x9  0x00000010
core   0: 0x800024b0 (0xfe14ede3) bltu    s1, ra, pc - 6
core   0: 3 0x800024b0 (0xfe14ede3)
core   0: 0x800024aa (0x00000b98) c.addi4spn a4, sp, 464
core   0: 3 0x800024aa (0x0b98) x14 0x80010674
core   0: 0x800024ac (0x000087e5) c.srai  a5, 25
core   0: 3 0x800024ac (0x87e5) x15 0x00000000
core   0: 0x800024ae (0x000004a9) c.addi  s1, 10
core   0: 3 0x800024ae (0x04a9) x9  0x0000001a
core   0: 0x800024b0 (0xfe14ede3) bltu    s1, ra, pc - 6
core   0: 3 0x800024b0 (0xfe14ede3)
core   0: 0x800024b4 (0x013dec33) or      s8, s11, s3
core   0: 3 0x800024b4 (0x013dec33) x24 0xfffc3280
core   0: 0x800024b8 (0x0000ed97) auipc   s11, 0xe
core   0: 3 0x800024b8 (0x0000ed97) x27 0x800104b8
core   0: 0x800024bc (0x1c8d8d93) addi    s11, s11, 456
core   0: 3 0x800024bc (0x1c8d8d93) x27 0x80010680
core   0: 0x800024c0 (0x00008f05) c.sub   a4, s1
core   0: 3 0x800024c0 (0x8f05) x14 0x8001065a
core   0: 0x800024c2 (0x02e4bcb3) mulhu   s9, s1, a4
core   0: 3 0x800024c2 (0x02e4bcb3) x25 0x0000000d
core   0: 0x800024c6 (0x00008f05) c.sub   a4, s1
core   0: 3 0x800024c6 (0x8f05) x14 0x80010640
core   0: 0x800024c8 (0x5b422213) slti    tp, tp, 1460
core   0: 3 0x800024c8 (0x5b422213) x4  0x00000001
core   0: 0x800024cc (0x00ed9c83) lh      s9, 14(s11)
core   0: 3 0x800024cc (0x00ed9c83) x25 0x00000000 mem 0x8001068e
core   0: 0x800024d0 (0x007d8703) lb      a4, 7(s11)
core   0: 3 0x800024d0 (0x007d8703) x14 0x00000000 mem 0x80010687
core   0: 0x800024d4 (0xff6d9c03) lh      s8, -10(s11)
core   0: 3 0x800024d4 (0xff6d9c03) x24 0x00000000 mem 0x80010676
core   0: 0x800024d8 (0x008d8303) lb      t1, 8(s11)
core   0: 3 0x800024d8 (0x008d8303) x6  0x00000000 mem 0x80010688
core   0: 0x800024dc (0xff3dc703) lbu     a4, -13(s11)
core   0: 3 0x800024dc (0xff3dc703) x14 0x00000000 mem 0x80010673
core   0: 0x800024e0 (0xa0f19337) lui     t1, 0xa0f19
core   0: 3 0x800024e0 (0xa0f19337) x6  0xa0f19000
core   0: 0x800024e4 (0x006d83a3) sb      t1, 7(s11)
core   0: 3 0x800024e4 (0x006d83a3) mem 0x80010687 0x00
core   0: 0x800024e8 (0x006d84a3) sb      t1, 9(s11)
core   0: 3 0x800024e8 (0x006d84a3) mem 0x80010689 0x00
core   0: 0x800024ec (0x010d9483) lh      s1, 16(s11)
core   0: 3 0x800024ec (0x010d9483) x9  0x00000000 mem 0x80010690
core   0: 0x800024f0 (0xfeedae23) sw      a4, -4(s11)
core   0: 3 0x800024f0 (0xfeedae23) mem 0x8001067c 0x00000000
core   0: 0x800024f4 (0x002d8203) lb      tp, 2(s11)
core   0: 3 0x800024f4 (0x002d8203) x4  0x00000000 mem 0x80010682
core   0: 0x800024f8 (0x02e74c33) div     s8, a4, a4
core   0: 3 0x800024f8 (0x02e74c33) x24 0xffffffff
core   0: 0x800024fc (0x00008f05) c.sub   a4, s1
core   0: 3 0x800024fc (0x8f05) x14 0x00000000
core   0: 0x800024fe (0x00008f45) c.or    a4, s1
core   0: 3 0x800024fe (0x8f45) x14 0x00000000
core   0: 0x80002500 (0x00006755) c.lui   a4, 0x15
core   0: 3 0x80002500 (0x6755) x14 0x00015000
core   0: 0x80002502 (0x41735713) srai    a4, t1, 23
core   0: 3 0x80002502 (0x41735713) x14 0xffffff41
core   0: 0x80002506 (0xff9dae23) sw      s9, -4(s11)
core   0: 3 0x80002506 (0xff9dae23) mem 0x8001067c 0x00000000
core   0: 0x8000250a (0x039cccb3) div     s9, s9, s9
core   0: 3 0x8000250a (0x039cccb3) x25 0xffffffff
core   0: 0x8000250e (0xff9d8fa3) sb      s9, -1(s11)
core   0: 3 0x8000250e (0xff9d8fa3) mem 0x8001067f 0xff
core   0: 0x80002512 (0x018d81a3) sb      s8, 3(s11)
core   0: 3 0x80002512 (0x018d81a3) mem 0x80010683 0xff
core   0: 0x80002516 (0xff9d8a23) sb      s9, -12(s11)
core   0: 3 0x80002516 (0xff9d8a23) mem 0x80010674 0xff
core   0: 0x8000251a (0x003dcc83) lbu     s9, 3(s11)
core   0: 3 0x8000251a (0x003dcc83) x25 0x000000ff mem 0x80010683
core   0: 0x8000251e (0xff7d8703) lb      a4, -9(s11)
core   0: 3 0x8000251e (0xff7d8703) x14 0x00000000 mem 0x80010677
core   0: 0x80002522 (0x00000321) c.addi  t1, 8
core   0: 3 0x80002522 (0x0321) x6  0xa0f19008
core   0: 0x80002524 (0x02ecb233) mulhu   tp, s9, a4
core   0: 3 0x80002524 (0x02ecb233) x4  0x00000000
core   0: 0x80002528 (0x019d81a3) sb      s9, 3(s11)
core   0: 3 0x80002528 (0x019d81a3) mem 0x80010683 0xff
core   0: 0x8000252c (0x00ed8123) sb      a4, 2(s11)
core   0: 3 0x8000252c (0x00ed8123) mem 0x80010682 0x00
core   0: 0x80002530 (0x005dc203) lbu     tp, 5(s11)
core   0: 3 0x80002530 (0x005dc203) x4  0x00000000 mem 0x80010685
core   0: 0x80002534 (0x00008f45) c.or    a4, s1
core   0: 3 0x80002534 (0x8f45) x14 0x00000000
core   0: 0x80002536 (0x00adc203) lbu     tp, 10(s11)
core   0: 3 0x80002536 (0x00adc203) x4  0x00000000 mem 0x8001068a
core   0: 0x8000253a (0x00936cb3) or      s9, t1, s1
core   0: 3 0x8000253a (0x00936cb3) x25 0xa0f19008
core   0: 0x8000253e (0x04ec6493) ori     s1, s8, 78
core   0: 3 0x8000253e (0x04ec6493) x9  0xffffffff
core   0: 0x80002542 (0x038cb333) mulhu   t1, s9, s8
core   0: 3 0x80002542 (0x038cb333) x6  0xa0f19007
core   0: 0x80002546 (0x40e4d233) sra     tp, s1, a4
core   0: 3 0x80002546 (0x40e4d233) x4  0xffffffff
core   0: 0x8000254a (0x01a49213) slli    tp, s1, 26
core   0: 3 0x8000254a (0x01a49213) x4  0xfc000000
core   0: 0x8000254e (0x0571b237) lui     tp, 0x571b
core   0: 3 0x8000254e (0x0571b237) x4  0x0571b000
core   0: 0x80002552 (0xff6d8303) lb      t1, -10(s11)
core   0: 3 0x80002552 (0xff6d8303) x6  0x00000000 mem 0x80010676
core   0: 0x80002556 (0xff9d8ea3) sb      s9, -3(s11)
core   0: 3 0x80002556 (0xff9d8ea3) mem 0x8001067d 0x08
core   0: 0x8000255a (0x01e0076f) jal     a4, pc + 0x1e
core   0: 3 0x8000255a (0x01e0076f) x14 0x8000255e
core   0: 0x80002578 (0x00002011) c.jal   pc + 4
core   0: 3 0x80002578 (0x2011) x1  0x8000257a
core   0: 0x8000257c (0xff1ff16f) jal     sp, pc - 0x10
core   0: 3 0x8000257c (0xff1ff16f) x2  0x80002580
core   0: 0x8000256c (0xffdff0ef) jal     pc - 0x4
core   0: 3 0x8000256c (0xffdff0ef) x1  0x80002570
core   0: 0x80002568 (0x0000a809) c.j     pc + 18
core   0: 3 0x80002568 (0xa809)
core   0: 0x8000257a (0x00003fed) c.jal   pc - 6
core   0: 3 0x8000257a (0x3fed) x1  0x8000257c
core   0: 0x80002574 (0x000037ed) c.jal   pc - 22
core   0: 3 0x80002574 (0x37ed) x1  0x80002576
core   0: 0x8000255e (0x00002009) c.jal   pc + 2
core   0: 3 0x8000255e (0x2009) x1  0x80002560
core   0: 0x80002560 (0x00a0036f) jal     t1, pc + 0xa
core   0: 3 0x80002560 (0x00a0036f) x6  0x80002564
core   0: 0x8000256a (0x0000a031) c.j     pc + 12
core   0: 3 0x8000256a (0xa031)
core   0: 0x80002576 (0x00002029) c.jal   pc + 10
core   0: 3 0x80002576 (0x2029) x1  0x80002578
core   0: 0x80002580 (0x00003fc5) c.jal   pc - 16
core   0: 3 0x80002580 (0x3fc5) x1  0x80002582
core   0: 0x80002570 (0x00002009) c.jal   pc + 2
core   0: 3 0x80002570 (0x2009) x1  0x80002572
core   0: 0x80002572 (0x00003fcd) c.jal   pc - 14
core   0: 3 0x80002572 (0x3fcd) x1  0x80002574
core   0: 0x80002564 (0x01e000ef) jal     pc + 0x1e
core   0: 3 0x80002564 (0x01e000ef) x1  0x80002568
core   0: 0x80002582 (0x406e57b3) sra     a5, t3, t1
core   0: 3 0x80002582 (0x406e57b3) x15 0x00000000
core   0: 0x80002586 (0x0000e117) auipc   sp, 0xe
core   0: 3 0x80002586 (0x0000e117) x2  0x80010586
core   0: 0x8000258a (0x08f10113) addi    sp, sp, 143
core   0: 3 0x8000258a (0x08f10113) x2  0x80010615
core   0: 0x8000258e (0x46268693) addi    a3, a3, 1122
core   0: 3 0x8000258e (0x46268693) x13 0x00000652
core   0: 0x80002592 (0x00008a99) c.andi  a3, 6
core   0: 3 0x80002592 (0x8a99) x13 0x00000002
core   0: 0x80002594 (0x0206e6b3) rem     a3, a3, zero
core   0: 3 0x80002594 (0x0206e6b3) x13 0x00000002
core   0: 0x80002598 (0x36110b03) lb      s6, 865(sp)
core   0: 3 0x80002598 (0x36110b03) x22 0x00000000 mem 0x80010976
core   0: 0x8000259c (0x409684b3) sub     s1, a3, s1
core   0: 3 0x8000259c (0x409684b3) x9  0x00000003
core   0: 0x800025a0 (0x7b414b03) lbu     s6, 1972(sp)
core   0: 3 0x800025a0 (0x7b414b03) x22 0x00000000 mem 0x80010dc9
core   0: 0x800025a4 (0x0204bb33) mulhu   s6, s1, zero
core   0: 3 0x800025a4 (0x0204bb33) x22 0x00000000
core   0: 0x800025a8 (0x78c14b03) lbu     s6, 1932(sp)
core   0: 3 0x800025a8 (0x78c14b03) x22 0x00000000 mem 0x80010da1
core   0: 0x800025ac (0x021474b3) remu    s1, s0, ra
core   0: 3 0x800025ac (0x021474b3) x9  0x00000000
core   0: 0x800025b0 (0x0016db33) srl     s6, a3, ra
core   0: 3 0x800025b0 (0x0016db33) x22 0x00000000
core   0: 0x800025b4 (0x19810b03) lb      s6, 408(sp)
core   0: 3 0x800025b4 (0x19810b03) x22 0x00000000 mem 0x800107ad
core   0: 0x800025b8 (0x00d4db13) srli    s6, s1, 13
core   0: 3 0x800025b8 (0x00d4db13) x22 0x00000000
core   0: 0x800025bc (0x4ac14b03) lbu     s6, 1196(sp)
core   0: 3 0x800025bc (0x4ac14b03) x22 0x00000000 mem 0x80010ac1
core   0: 0x800025c0 (0x4f010483) lb      s1, 1264(sp)
core   0: 3 0x800025c0 (0x4f010483) x9  0x00000000 mem 0x80010b05
core   0: 0x800025c4 (0xac0b4b13) xori    s6, s6, -1344
core   0: 3 0x800025c4 (0xac0b4b13) x22 0xfffffac0
core   0: 0x800025c8 (0x4d6100a3) sb      s6, 1217(sp)
core   0: 3 0x800025c8 (0x4d6100a3) mem 0x80010ad6 0xc0
core   0: 0x800025cc (0x25e14483) lbu     s1, 606(sp)
core   0: 3 0x800025cc (0x25e14483) x9  0x00000000 mem 0x80010873
core   0: 0x800025d0 (0xfed113a3) sh      a3, -25(sp)
core   0: 3 0x800025d0 (0xfed113a3) mem 0x800105fc 0x0002
core   0: 0x800025d4 (0x26910a23) sb      s1, 628(sp)
core   0: 3 0x800025d4 (0x26910a23) mem 0x80010889 0x00
core   0: 0x800025d8 (0x0b910683) lb      a3, 185(sp)
core   0: 3 0x800025d8 (0x0b910683) x13 0x00000000 mem 0x800106ce
core   0: 0x800025dc (0x028096b3) mulh    a3, ra, s0
core   0: 3 0x800025dc (0x028096b3) x13 0x00000000
core   0: 0x800025e0 (0xf8010223) sb      zero, -124(sp)
core   0: 3 0x800025e0 (0xf8010223) mem 0x80010599 0x00
core   0: 0x800025e4 (0x02140b33) mul     s6, s0, ra
core   0: 3 0x800025e4 (0x02140b33) x22 0x00000000
core   0: 0x800025e8 (0x02840b33) mul     s6, s0, s0
core   0: 3 0x800025e8 (0x02840b33) x22 0x00000000
core   0: 0x800025ec (0x0010fb33) and     s6, ra, ra
core   0: 3 0x800025ec (0x0010fb33) x22 0x80002568
core   0: 0x800025f0 (0xcd610ea3) sb      s6, -803(sp)
core   0: 3 0x800025f0 (0xcd610ea3) mem 0x800102f2 0x68
core   0: 0x800025f4 (0x02db7b33) remu    s6, s6, a3
core   0: 3 0x800025f4 (0x02db7b33) x22 0x80002568
core   0: 0x800025f8 (0x30010623) sb      zero, 780(sp)
core   0: 3 0x800025f8 (0x30010623) mem 0x80010921 0x00
core   0: 0x800025fc (0x00008ce1) c.and   s1, s0
core   0: 3 0x800025fc (0x8ce1) x9  0x00000000
core   0: 0x800025fe (0x02db3b33) mulhu   s6, s6, a3
core   0: 3 0x800025fe (0x02db3b33) x22 0x00000000
core   0: 0x80002602 (0xa9614403) lbu     s0, -1386(sp)
core   0: 3 0x80002602 (0xa9614403) x8  0x00000000 mem 0x800100ab
core   0: 0x80002606 (0x18010e23) sb      zero, 412(sp)
core   0: 3 0x80002606 (0x18010e23) mem 0x800107b1 0x00
core   0: 0x8000260a (0x02d426b3) mulhsu  a3, s0, a3
core   0: 3 0x8000260a (0x02d426b3) x13 0x00000000
core   0: 0x8000260e (0x001b5b13) srli    s6, s6, 1
core   0: 3 0x8000260e (0x001b5b13) x22 0x00000000
core   0: 0x80002612 (0x00009686) c.add   a3, ra
core   0: 3 0x80002612 (0x9686) x13 0x80002568
core   0: 0x80002614 (0xe8d12ba3) sw      a3, -361(sp)
core   0: 3 0x80002614 (0xe8d12ba3) mem 0x800104ac 0x80002568
core   0: 0x80002618 (0xc266ab13) slti    s6, a3, -986
core   0: 3 0x80002618 (0xc266ab13) x22 0x00000001
core   0: 0x8000261c (0x036b5033) divu    zero, s6, s6
core   0: 3 0x8000261c (0x036b5033)
core   0: 0x80002620 (0xd0614683) lbu     a3, -762(sp)
core   0: 3 0x80002620 (0xd0614683) x13 0x00000000 mem 0x8001031b
core   0: 0x80002624 (0x6c010403) lb      s0, 1728(sp)
core   0: 3 0x80002624 (0x6c010403) x8  0x00000000 mem 0x80010cd5
core   0: 0x80002628 (0x020b54b3) divu    s1, s6, zero
core   0: 3 0x80002628 (0x020b54b3) x9  0xffffffff
core   0: 0x8000262c (0x00102433) slt     s0, zero, ra
core   0: 3 0x8000262c (0x00102433) x8  0x00000000
core   0: 0x80002630 (0x23010083) lb      ra, 560(sp)
core   0: 3 0x80002630 (0x23010083) x1  0x00000000 mem 0x80010845
core   0: 0x80002634 (0x0214f4b3) remu    s1, s1, ra
core   0: 3 0x80002634 (0x0214f4b3) x9  0xffffffff
core   0: 0x80002638 (0x5f311403) lh      s0, 1523(sp)
core   0: 3 0x80002638 (0x5f311403) x8  0x00000000 mem 0x80010c08
core   0: 0x8000263c (0x67610023) sb      s6, 1632(sp)
core   0: 3 0x8000263c (0x67610023) mem 0x80010c75 0x01
core   0: 0x80002640 (0x0000e697) auipc   a3, 0xe
core   0: 3 0x80002640 (0x0000e697) x13 0x80010640
core   0: 0x80002644 (0xaa968693) addi    a3, a3, -1367
core   0: 3 0x80002644 (0xaa968693) x13 0x800100e9
core   0: 0x80002648 (0x000098fd) c.andi  s1, -1
core   0: 3 0x80002648 (0x98fd) x9  0xffffffff
core   0: 0x8000264a (0x01a68003) lb      zero, 26(a3)
core   0: 3 0x8000264a (0x01a68003) mem 0x80010103
core   0: 0x8000264e (0x29677313) andi    t1, a4, 662
core   0: 3 0x8000264e (0x29677313) x6  0x00000016
core   0: 0x80002652 (0x000081bd) c.srli  a1, 15
core   0: 3 0x80002652 (0x81bd) x11 0x00010002
core   0: 0x80002654 (0x0311d833) divu    a6, gp, a7
core   0: 3 0x80002654 (0x0311d833) x16 0x00000000
core   0: 0x80002658 (0x03968c23) sb      s9, 56(a3)
core   0: 3 0x80002658 (0x03968c23) mem 0x80010121 0x08
core   0: 0x8000265c (0x012da433) slt     s0, s11, s2
core   0: 3 0x8000265c (0x012da433) x8  0x00000001
core   0: 0x80002660 (0x02068d23) sb      zero, 58(a3)
core   0: 3 0x80002660 (0x02068d23) mem 0x80010123 0x00
core   0: 0x80002664 (0x00006165) c.addi16sp sp, 112
core   0: 3 0x80002664 (0x6165) x2  0x80010685
core   0: 0x80002666 (0x00008fed) c.and   a5, a1
core   0: 3 0x80002666 (0x8fed) x15 0x00000000
core   0: 0x80002668 (0x011f1493) slli    s1, t5, 17
core   0: 3 0x80002668 (0x011f1493) x9  0x00000000
core   0: 0x8000266c (0x03769a83) lh      s5, 55(a3)
core   0: 3 0x8000266c (0x03769a83) x21 0x00000800 mem 0x80010120
core   0: 0x80002670 (0xfea69ba3) sh      a0, -9(a3)
core   0: 3 0x80002670 (0xfea69ba3) mem 0x800100e0 0x0000
core   0: 0x80002674 (0x00000001) c.nop
core   0: 3 0x80002674 (0x0001)
core   0: 0x80002676 (0x006a3a33) sltu    s4, s4, t1
core   0: 3 0x80002676 (0x006a3a33) x20 0x00000001
core   0: 0x8000267a (0x00000001) c.nop
core   0: 3 0x8000267a (0x0001)
core   0: 0x8000267c (0x00005cfd) c.li    s9, -1
core   0: 3 0x8000267c (0x5cfd) x25 0xffffffff
core   0: 0x8000267e (0x00d69003) lh      zero, 13(a3)
core   0: 3 0x8000267e (0x00d69003) mem 0x800100f6
core   0: 0x80002682 (0x0da59fb7) lui     t6, 0xda59
core   0: 3 0x80002682 (0x0da59fb7) x31 0x0da59000
core   0: 0x80002686 (0x03bb0233) mul     tp, s6, s11
core   0: 3 0x80002686 (0x03bb0233) x4  0x80010680
core   0: 0x8000268a (0x00008cf5) c.and   s1, a3
core   0: 3 0x8000268a (0x8cf5) x9  0x00000000
core   0: 0x8000268c (0xfc66c303) lbu     t1, -58(a3)
core   0: 3 0x8000268c (0xfc66c303) x6  0x00000000 mem 0x800100af
core   0: 0x80002690 (0x019a1833) sll     a6, s4, s9
core   0: 3 0x80002690 (0x019a1833) x16 0x80000000
core   0: 0x80002694 (0xfe76a983) lw      s3, -25(a3)
core   0: 3 0x80002694 (0xfe76a983) x19 0x00000000 mem 0x800100d0
core   0: 0x80002698 (0xfdf685a3) sb      t6, -53(a3)
core   0: 3 0x80002698 (0xfdf685a3) mem 0x800100b4 0x00
core   0: 0x8000269c (0x00008196) c.mv    gp, t0
core   0: 3 0x8000269c (0x8196) x3  0x00000000
core   0: 0x8000269e (0x000082f2) c.mv    t0, t3
core   0: 3 0x8000269e (0x82f2) x5  0x00000000
core   0: 0x800026a0 (0x00000001) c.nop
core   0: 3 0x800026a0 (0x0001)
core   0: 0x800026a2 (0x03868483) lb      s1, 56(a3)
core   0: 3 0x800026a2 (0x03868483) x9  0x00000008 mem 0x80010121
core   0: 0x800026a6 (0x00000001) c.nop
core   0: 3 0x800026a6 (0x0001)
core   0: 0x800026a8 (0xffa6c203) lbu     tp, -6(a3)
core   0: 3 0x800026a8 (0xffa6c203) x4  0x00000000 mem 0x800100e3
core   0: 0x800026ac (0x00768323) sb      t2, 6(a3)
core   0: 3 0x800026ac (0x00768323) mem 0x800100ef 0x00
core   0: 0x800026b0 (0x410c05b3) sub     a1, s8, a6
core   0: 3 0x800026b0 (0x410c05b3) x11 0x7fffffff
core   0: 0x800026b4 (0x000001ca) c.slli  gp, 18
core   0: 3 0x800026b4 (0x01ca) x3  0x00000000
core   0: 0x800026b6 (0xb00fa013) slti    zero, t6, -1280
core   0: 3 0x800026b6 (0xb00fa013)
core   0: 0x800026ba (0xfef6a703) lw      a4, -17(a3)
core   0: 3 0x800026ba (0xfef6a703) x14 0x00000000 mem 0x800100d8
core   0: 0x800026be (0x01f68f23) sb      t6, 30(a3)
core   0: 3 0x800026be (0x01f68f23) mem 0x80010107 0x00
core   0: 0x800026c2 (0xfe16df03) lhu     t5, -31(a3)
core   0: 3 0x800026c2 (0xfe16df03) x30 0x00000000 mem 0x800100ca
core   0: 0x800026c6 (0x0386c383) lbu     t2, 56(a3)
core   0: 3 0x800026c6 (0x0386c383) x7  0x00000008 mem 0x80010121
core   0: 0x800026ca (0xfe96de03) lhu     t3, -23(a3)
core   0: 3 0x800026ca (0xfe96de03) x28 0x00000000 mem 0x800100d2
core   0: 0x800026ce (0x006c3d33) sltu    s10, s8, t1
core   0: 3 0x800026ce (0x006c3d33) x26 0x00000000
core   0: 0x800026d2 (0x000061f5) c.lui   gp, 0x1d
core   0: 3 0x800026d2 (0x61f5) x3  0x0001d000
core   0: 0x800026d4 (0x02a68203) lb      tp, 42(a3)
core   0: 3 0x800026d4 (0x02a68203) x4  0x00000000 mem 0x80010113
core   0: 0x800026d8 (0x6d583817) auipc   a6, 0x6d583
core   0: 3 0x800026d8 (0x6d583817) x16 0xed5856d8
core   0: 0x800026dc (0x00008ddd) c.or    a1, a5
core   0: 3 0x800026dc (0x8ddd) x11 0x7fffffff
core   0: 0x800026de (0x0186c503) lbu     a0, 24(a3)
core   0: 3 0x800026de (0x0186c503) x10 0x00000000 mem 0x80010101
core   0: 0x800026e2 (0x0000e117) auipc   sp, 0xe
core   0: 3 0x800026e2 (0x0000e117) x2  0x800106e2
core   0: 0x800026e6 (0xf3f10113) addi    sp, sp, -193
core   0: 3 0x800026e6 (0xf3f10113) x2  0x80010621
core   0: 0x800026ea (0x00008ed1) c.or    a3, a2
core   0: 3 0x800026ea (0x8ed1) x13 0x800100e9
core   0: 0x800026ec (0x00008f29) c.xor   a4, a0
core   0: 3 0x800026ec (0x8f29) x14 0x00000000
core   0: 0x800026ee (0x02e118a3) sh      a4, 49(sp)
core   0: 3 0x800026ee (0x02e118a3) mem 0x80010652 0x0000
core   0: 0x800026f2 (0xffd11183) lh      gp, -3(sp)
core   0: 3 0x800026f2 (0xffd11183) x3  0x00000000 mem 0x8001061e
core   0: 0x800026f6 (0x0000477d) c.li    a4, 31
core   0: 3 0x800026f6 (0x477d) x14 0x0000001f
core   0: 0x800026f8 (0x00214083) lbu     ra, 2(sp)
core   0: 3 0x800026f8 (0x00214083) x1  0x00000000 mem 0x80010623
core   0: 0x800026fc (0x00e10283) lb      t0, 14(sp)
core   0: 3 0x800026fc (0x00e10283) x5  0x00000000 mem 0x8001062f
core   0: 0x80002700 (0x02d112a3) sh      a3, 37(sp)
core   0: 3 0x80002700 (0x02d112a3) mem 0x80010646 0x00e9
core   0: 0x80002704 (0x00008099) c.srli  s1, 6
core   0: 3 0x80002704 (0x8099) x9  0x00000000
core   0: 0x80002706 (0x03010403) lb      s0, 48(sp)
core   0: 3 0x80002706 (0x03010403) x8  0x00000000 mem 0x80010651
core   0: 0x8000270a (0xffc100a3) sb      t3, -31(sp)
core   0: 3 0x8000270a (0xffc100a3) mem 0x80010602 0x00
core   0: 0x8000270e (0x003a1313) slli    t1, s4, 3
core   0: 3 0x8000270e (0x003a1313) x6  0x00000008
core   0: 0x80002712 (0x016052b3) srl     t0, zero, s6
core   0: 3 0x80002712 (0x016052b3) x5  0x00000000
core   0: 0x80002716 (0xfdf10b23) sb      t6, -42(sp)
core   0: 3 0x80002716 (0xfdf10b23) mem 0x800105f7 0x00
core   0: 0x8000271a (0xfd711e03) lh      t3, -41(sp)
core   0: 3 0x8000271a (0xfd711e03) x28 0x00000000 mem 0x800105f8
core   0: 0x8000271e (0xfdc10c03) lb      s8, -36(sp)
core   0: 3 0x8000271e (0xfdc10c03) x24 0x00000000 mem 0x800105fd
core   0: 0x80002722 (0x02814083) lbu     ra, 40(sp)
core   0: 3 0x80002722 (0x02814083) x1  0x00000000 mem 0x80010649
core   0: 0x80002726 (0x41d3d633) sra     a2, t2, t4
core   0: 3 0x80002726 (0x41d3d633) x12 0x00000008
core   0: 0x8000272a (0xfd710503) lb      a0, -41(sp)
core   0: 3 0x8000272a (0xfd710503) x10 0x00000000 mem 0x800105f8
core   0: 0x8000272e (0x414dd833) sra     a6, s11, s4
core   0: 3 0x8000272e (0x414dd833) x16 0xc0008340
core   0: 0x80002732 (0x0259ac33) mulhsu  s8, s3, t0
core   0: 3 0x80002732 (0x0259ac33) x24 0x00000000
core   0: 0x80002736 (0xfcf14603) lbu     a2, -49(sp)
core   0: 3 0x80002736 (0xfcf14603) x12 0x00000000 mem 0x800105f0
core   0: 0x8000273a (0x000098fd) c.andi  s1, -1
core   0: 3 0x8000273a (0x98fd) x9  0x00000000
core   0: 0x8000273c (0x00008b21) c.andi  a4, 8
core   0: 3 0x8000273c (0x8b21) x14 0x00000008
core   0: 0x8000273e (0x01b10e23) sb      s11, 28(sp)
core   0: 3 0x8000273e (0x01b10e23) mem 0x8001063d 0x80
core   0: 0x80002742 (0x02e14a83) lbu     s5, 46(sp)
core   0: 3 0x80002742 (0x02e14a83) x21 0x00000000 mem 0x8001064f
core   0: 0x80002746 (0x00008096) c.mv    ra, t0
core   0: 3 0x80002746 (0x8096) x1  0x00000000
core   0: 0x80002748 (0x0377a2b3) mulhsu  t0, a5, s7
core   0: 3 0x80002748 (0x0377a2b3) x5  0x00000000
core   0: 0x8000274c (0x018c4e33) xor     t3, s8, s8
core   0: 3 0x8000274c (0x018c4e33) x28 0x00000000
core   0: 0x80002750 (0x01610623) sb      s6, 12(sp)
core   0: 3 0x80002750 (0x01610623) mem 0x8001062d 0x01
core   0: 0x80002754 (0x00f10fa3) sb      a5, 31(sp)
core   0: 3 0x80002754 (0x00f10fa3) mem 0x80010640 0x00
core   0: 0x80002758 (0x01810583) lb      a1, 24(sp)
core   0: 3 0x80002758 (0x01810583) x11 0x00000000 mem 0x80010639
core   0: 0x8000275c (0x00019997) auipc   s3, 0x19
core   0: 3 0x8000275c (0x00019997) x19 0x8001b75c
core   0: 0x80002760 (0x41b98993) addi    s3, s3, 1051
core   0: 3 0x80002760 (0x41b98993) x19 0x8001bb77
core   0: 0x80002764 (0x0037e1b3) or      gp, a5, gp
core   0: 3 0x80002764 (0x0037e1b3) x3  0x00000000
core   0: 0x80002768 (0xfc29c183) lbu     gp, -62(s3)
core   0: 3 0x80002768 (0xfc29c183) x3  0x00000000 mem 0x8001bb39
core   0: 0x8000276c (0x02799483) lh      s1, 39(s3)
core   0: 3 0x8000276c (0x02799483) x9  0x00000000 mem 0x8001bb9e
core   0: 0x80002770 (0x00354c33) xor     s8, a0, gp
core   0: 3 0x80002770 (0x00354c33) x24 0x00000000
core   0: 0x80002774 (0x000001fe) c.slli  gp, 31
core   0: 3 0x80002774 (0x01fe) x3  0x00000000
core   0: 0x80002776 (0x00398d23) sb      gp, 26(s3)
core   0: 3 0x80002776 (0x00398d23) mem 0x8001bb91 0x00
core   0: 0x8000277a (0x00008cc5) c.or    s1, s1
core   0: 3 0x8000277a (0x8cc5) x9  0x00000000
core   0: 0x8000277c (0x010c5c13) srli    s8, s8, 16
core   0: 3 0x8000277c (0x010c5c13) x24 0x00000000
core   0: 0x80002780 (0x035c61b3) rem     gp, s8, s5
core   0: 3 0x80002780 (0x035c61b3) x3  0x00000000
core   0: 0x80002784 (0x0039d183) lhu     gp, 3(s3)
core   0: 3 0x80002784 (0x0039d183) x3  0x00000000 mem 0x8001bb7a
core   0: 0x80002788 (0x03798483) lb      s1, 55(s3)
core   0: 3 0x80002788 (0x03798483) x9  0x00000000 mem 0x8001bbae
core   0: 0x8000278c (0x13c57c13) andi    s8, a0, 316
core   0: 3 0x8000278c (0x13c57c13) x24 0x00000000
core   0: 0x80002790 (0x04098183) lb      gp, 64(s3)
core   0: 3 0x80002790 (0x04098183) x3  0x00000000 mem 0x8001bbb7
core   0: 0x80002794 (0x02a98783) lb      a5, 42(s3)
core   0: 3 0x80002794 (0x02a98783) x15 0x00000000 mem 0x8001bba1
core   0: 0x80002798 (0x00a988a3) sb      a0, 17(s3)
core   0: 3 0x80002798 (0x00a988a3) mem 0x8001bb88 0x00
core   0: 0x8000279c (0xfe998023) sb      s1, -32(s3)
core   0: 3 0x8000279c (0xfe998023) mem 0x8001bb57 0x00
core   0: 0x800027a0 (0x00f18ab3) add     s5, gp, a5
core   0: 3 0x800027a0 (0x00f18ab3) x21 0x00000000
core   0: 0x800027a4 (0x0000997d) c.andi  a0, -1
core   0: 3 0x800027a4 (0x997d) x10 0x00000000
core   0: 0x800027a6 (0x02f51c33) mulh    s8, a0, a5
core   0: 3 0x800027a6 (0x02f51c33) x24 0x00000000
core   0: 0x800027aa (0x00008fbd) c.xor   a5, a5
core   0: 3 0x800027aa (0x8fbd) x15 0x00000000
core   0: 0x800027ac (0xfcf9cc03) lbu     s8, -49(s3)
core   0: 3 0x800027ac (0xfcf9cc03) x24 0x00000000 mem 0x8001bb46
core   0: 0x800027b0 (0x051aaa93) slti    s5, s5, 81
core   0: 3 0x800027b0 (0x051aaa93) x21 0x00000001
core   0: 0x800027b4 (0xb3d0a4b7) lui     s1, 0xb3d0a
core   0: 3 0x800027b4 (0xb3d0a4b7) x9  0xb3d0a000
core   0: 0x800027b8 (0x02f4c7b3) div     a5, s1, a5
core   0: 3 0x800027b8 (0x02f4c7b3) x15 0xffffffff
core   0: 0x800027bc (0x00a98c23) sb      a0, 24(s3)
core   0: 3 0x800027bc (0x00a98c23) mem 0x8001bb8f 0x00
core   0: 0x800027c0 (0x00e98783) lb      a5, 14(s3)
core   0: 3 0x800027c0 (0x00e98783) x15 0x00000000 mem 0x8001bb85
core   0: 0x800027c4 (0x0039cc03) lbu     s8, 3(s3)
core   0: 3 0x800027c4 (0x0039cc03) x24 0x00000000 mem 0x8001bb7a
core   0: 0x800027c8 (0x93dc7793) andi    a5, s8, -1731
core   0: 3 0x800027c8 (0x93dc7793) x15 0x00000000
core   0: 0x800027cc (0x00000aed) c.addi  s5, 27
core   0: 3 0x800027cc (0x0aed) x21 0x0000001c
core   0: 0x800027ce (0x63e7c513) xori    a0, a5, 1598
core   0: 3 0x800027ce (0x63e7c513) x10 0x0000063e
core   0: 0x800027d2 (0x00000abe) c.slli  s5, 15
core   0: 3 0x800027d2 (0x0abe) x21 0x000e0000
core   0: 0x800027d4 (0xfe399783) lh      a5, -29(s3)
core   0: 3 0x800027d4 (0xfe399783) x15 0x00000000 mem 0x8001bb5a
core   0: 0x800027d8 (0x00000786) c.slli  a5, 1
core   0: 3 0x800027d8 (0x0786) x15 0x00000000
core   0: 0x800027da (0x0000812d) c.srli  a0, 11
core   0: 3 0x800027da (0x812d) x10 0x00000000
core   0: 0x800027dc (0xfc59dc03) lhu     s8, -59(s3)
core   0: 3 0x800027dc (0xfc59dc03) x24 0x00000000 mem 0x8001bb3c
core   0: 0x800027e0 (0xfdf9da83) lhu     s5, -33(s3)
core   0: 3 0x800027e0 (0xfdf9da83) x21 0x00000000 mem 0x8001bb56
core   0: 0x800027e4 (0xfca983a3) sb      a0, -57(s3)
core   0: 3 0x800027e4 (0xfca983a3) mem 0x8001bb3e 0x00
core   0: 0x800027e8 (0xfe59da83) lhu     s5, -27(s3)
core   0: 3 0x800027e8 (0xfe59da83) x21 0x00000000 mem 0x8001bb5c
core   0: 0x800027ec (0x0000451d) c.li    a0, 7
core   0: 3 0x800027ec (0x451d) x10 0x00000007
core   0: 0x800027ee (0x00004e99) c.li    t4, 6
core   0: 3 0x800027ee (0x4e99) x29 0x00000006
core   0: 0x800027f0 (0x28092113) slti    sp, s2, 640
core   0: 3 0x800027f0 (0x28092113) x2  0x00000001
core   0: 0x800027f4 (0x0000156d) c.addi  a0, -5
core   0: 3 0x800027f4 (0x156d) x10 0x00000002
core   0: 0x800027f6 (0x000057e5) c.li    a5, -7
core   0: 3 0x800027f6 (0x57e5) x15 0xfffffff9
core   0: 0x800027f8 (0x00004db9) c.li    s11, 14
core   0: 3 0x800027f8 (0x4db9) x27 0x0000000e
core   0: 0x800027fa (0x01a41213) slli    tp, s0, 26
core   0: 3 0x800027fa (0x01a41213) x4  0x00000000
core   0: 0x800027fe (0x01377fb3) and     t6, a4, s3
core   0: 3 0x800027fe (0x01377fb3) x31 0x00000000
core   0: 0x80002802 (0x00000785) c.addi  a5, 1
core   0: 3 0x80002802 (0x0785) x15 0xfffffffa
core   0: 0x80002804 (0xffb78de3) beq     a5, s11, pc - 6
core   0: 3 0x80002804 (0xffb78de3)
core   0: 0x80002808 (0xffd574e3) bgeu    a0, t4, pc - 24
core   0: 3 0x80002808 (0xffd574e3)
core   0: 0x8000280c (0x00c96d33) or      s10, s2, a2
core   0: 3 0x8000280c (0x00c96d33) x26 0x8c90aa29
core   0: 0x80002810 (0x0000e797) auipc   a5, 0xe
core   0: 3 0x80002810 (0x0000e797) x15 0x80010810
core   0: 0x80002814 (0x59c78793) addi    a5, a5, 1436
core   0: 3 0x80002814 (0x59c78793) x15 0x80010dac
core   0: 0x80002818 (0xff57c803) lbu     a6, -11(a5)
core   0: 3 0x80002818 (0xff57c803) x16 0x00000000 mem 0x80010da1
core   0: 0x8000281c (0x00008e91) c.sub   a3, a2
core   0: 3 0x8000281c (0x8e91) x13 0x800100e9
core   0: 0x8000281e (0x000043b8) c.lw    a4, 64(a5)
core   0: 3 0x8000281e (0x43b8) x14 0x00000000 mem 0x80010dec
core   0: 0x80002820 (0x006c8a33) add     s4, s9, t1
core   0: 3 0x80002820 (0x006c8a33) x20 0x00000007
core   0: 0x80002824 (0x00d56f33) or      t5, a0, a3
core   0: 3 0x80002824 (0x00d56f33) x30 0x800100eb
core   0: 0x80002828 (0x00478c83) lb      s9, 4(a5)
core   0: 3 0x80002828 (0x00478c83) x25 0x00000000 mem 0x80010db0
core   0: 0x8000282c (0xfde7da03) lhu     s4, -34(a5)
core   0: 3 0x8000282c (0xfde7da03) x20 0x00000000 mem 0x80010d8a
core   0: 0x80002830 (0xfd579f23) sh      s5, -34(a5)
core   0: 3 0x80002830 (0xfd579f23) mem 0x80010d8a 0x0000
core   0: 0x80002834 (0xfe0784a3) sb      zero, -23(a5)
core   0: 3 0x80002834 (0xfe0784a3) mem 0x80010d95 0x00
core   0: 0x80002838 (0xfe97ca83) lbu     s5, -23(a5)
core   0: 3 0x80002838 (0xfe97ca83) x21 0x00000000 mem 0x80010d95
core   0: 0x8000283c (0x01578103) lb      sp, 21(a5)
core   0: 3 0x8000283c (0x01578103) x2  0x00000000 mem 0x80010dc1
core   0: 0x80002840 (0x03978703) lb      a4, 57(a5)
core   0: 3 0x80002840 (0x03978703) x14 0x00000000 mem 0x80010de5
core   0: 0x80002844 (0xffa78b23) sb      s10, -10(a5)
core   0: 3 0x80002844 (0xffa78b23) mem 0x80010da2 0x29
core   0: 0x80002848 (0x01b79923) sh      s11, 18(a5)
core   0: 3 0x80002848 (0x01b79923) mem 0x80010dbe 0x000e
core   0: 0x8000284c (0x0000962e) c.add   a2, a1
core   0: 3 0x8000284c (0x962e) x12 0x00000000
core   0: 0x8000284e (0x0127d983) lhu     s3, 18(a5)
core   0: 3 0x8000284e (0x0127d983) x19 0x0000000e mem 0x80010dbe
core   0: 0x80002852 (0x00004415) c.li    s0, 5
core   0: 3 0x80002852 (0x4415) x8  0x00000005
core   0: 0x80002854 (0x6cfee393) ori     t2, t4, 1743
core   0: 3 0x80002854 (0x6cfee393) x7  0x000006cf
core   0: 0x80002858 (0x00005dcd) c.li    s11, -13
core   0: 3 0x80002858 (0x5dcd) x27 0xfffffff3
core   0: 0x8000285a (0x41b08733) sub     a4, ra, s11
core   0: 3 0x8000285a (0x41b08733) x14 0x0000000d
core   0: 0x8000285e (0x40fb00b3) sub     ra, s6, a5
core   0: 3 0x8000285e (0x40fb00b3) x1  0x7ffef255
core   0: 0x80002862 (0x00008fc5) c.or    a5, s1
core   0: 3 0x80002862 (0x8fc5) x15 0xb3d1adac
core   0: 0x80002864 (0x0000145d) c.addi  s0, -9
core   0: 3 0x80002864 (0x145d) x8  0xfffffffc
core   0: 0x80002866 (0x016e03b3) add     t2, t3, s6
core   0: 3 0x80002866 (0x016e03b3) x7  0x00000001
core   0: 0x8000286a (0x0202db33) divu    s6, t0, zero
core   0: 3 0x8000286a (0x0202db33) x22 0xffffffff
core   0: 0x8000286e (0x000089d5) c.andi  a1, 21
core   0: 3 0x8000286e (0x89d5) x11 0x00000000
core   0: 0x80002870 (0x00004f19) c.li    t5, 6
core   0: 3 0x80002870 (0x4f19) x30 0x00000006
core   0: 0x80002872 (0x00004845) c.li    a6, 17
core   0: 3 0x80002872 (0x4845) x16 0x00000011
core   0: 0x80002874 (0xeef0c337) lui     t1, 0xeef0c
core   0: 3 0x80002874 (0xeef0c337) x6  0xeef0c000
core   0: 0x80002878 (0x00451333) sll     t1, a0, tp
core   0: 3 0x80002878 (0x00451333) x6  0x00000002
core   0: 0x8000287c (0x03000c33) mul     s8, zero, a6
core   0: 3 0x8000287c (0x03000c33) x24 0x00000000
core   0: 0x80002880 (0x00000f19) c.addi  t5, 6
core   0: 3 0x80002880 (0x0f19) x30 0x0000000c
core   0: 0x80002882 (0x00006279) c.lui   tp, 0x1e
core   0: 3 0x80002882 (0x6279) x4  0x0001e000
core   0: 0x80002884 (0x030cd033) divu    zero, s9, a6
core   0: 3 0x80002884 (0x030cd033)
core   0: 0x80002888 (0x000009c5) c.addi  s3, 17
core   0: 3 0x80002888 (0x09c5) x19 0x0000001f
core   0: 0x8000288a (0xff0f65e3) bltu    t5, a6, pc - 22
core   0: 3 0x8000288a (0xff0f65e3)
core   0: 0x80002874 (0xeef0c337) lui     t1, 0xeef0c
core   0: 3 0x80002874 (0xeef0c337) x6  0xeef0c000
core   0: 0x80002878 (0x00451333) sll     t1, a0, tp
core   0: 3 0x80002878 (0x00451333) x6  0x00000002
core   0: 0x8000287c (0x03000c33) mul     s8, zero, a6
core   0: 3 0x8000287c (0x03000c33) x24 0x00000000
core   0: 0x80002880 (0x00000f19) c.addi  t5, 6
core   0: 3 0x80002880 (0x0f19) x30 0x00000012
core   0: 0x80002882 (0x00006279) c.lui   tp, 0x1e
core   0: 3 0x80002882 (0x6279) x4  0x0001e000
core   0: 0x80002884 (0x030cd033) divu    zero, s9, a6
core   0: 3 0x80002884 (0x030cd033)
core   0: 0x80002888 (0x000009c5) c.addi  s3, 17
core   0: 3 0x80002888 (0x09c5) x19 0x00000030
core   0: 0x8000288a (0xff0f65e3) bltu    t5, a6, pc - 22
core   0: 3 0x8000288a (0xff0f65e3)
core   0: 0x8000288e (0x00009afd) c.andi  a3, -1
core   0: 3 0x8000288e (0x9afd) x13 0x800100e9
core   0: 0x80002890 (0xfdb407e3) beq     s0, s11, pc - 50
core   0: 3 0x80002890 (0xfdb407e3)
core   0: 0x80002894 (0x03db51b3) divu    gp, s6, t4
core   0: 3 0x80002894 (0x03db51b3) x3  0x2aaaaaaa
core   0: 0x80002898 (0x00018a97) auipc   s5, 0x18
core   0: 3 0x80002898 (0x00018a97) x21 0x8001a898
core   0: 0x8000289c (0x97ea8a93) addi    s5, s5, -1666
core   0: 3 0x8000289c (0x97ea8a93) x21 0x8001a216
core   0: 0x800028a0 (0x021a8523) sb      ra, 42(s5)
core   0: 3 0x800028a0 (0x021a8523) mem 0x8001a240 0x55
core   0: 0x800028a4 (0x021139b3) mulhu   s3, sp, ra
core   0: 3 0x800028a4 (0x021139b3) x19 0x00000000
core   0: 0x800028a8 (0xfe2aa323) sw      sp, -26(s5)
core   0: 3 0x800028a8 (0xfe2aa323) mem 0x8001a1fc 0x00000000
core   0: 0x800028ac (0xff3ac983) lbu     s3, -13(s5)
core   0: 3 0x800028ac (0xff3ac983) x19 0x00000000 mem 0x8001a209
core   0: 0x800028b0 (0xfd4a9103) lh      sp, -44(s5)
core   0: 3 0x800028b0 (0xfd4a9103) x2  0x00000000 mem 0x8001a1ea
core   0: 0x800028b4 (0x00008ce5) c.and   s1, s1
core   0: 3 0x800028b4 (0x8ce5) x9  0xb3d0a000
core   0: 0x800028b6 (0x029aa323) sw      s1, 38(s5)
core   0: 3 0x800028b6 (0x029aa323) mem 0x8001a23c 0xb3d0a000
core   0: 0x800028ba (0x033499b3) mulh    s3, s1, s3
core   0: 3 0x800028ba (0x033499b3) x19 0x00000000
core   0: 0x800028be (0xfd0a8ca3) sb      a6, -39(s5)
core   0: 3 0x800028be (0xfd0a8ca3) mem 0x8001a1ef 0x11
core   0: 0x800028c2 (0xfe0a8403) lb      s0, -32(s5)
core   0: 3 0x800028c2 (0xfe0a8403) x8  0x00000000 mem 0x8001a1f6
core   0: 0x800028c6 (0x017a8483) lb      s1, 23(s5)
core   0: 3 0x800028c6 (0x017a8483) x9  0x00000000 mem 0x8001a22d
core   0: 0x800028ca (0x00008c45) c.or    s0, s1
core   0: 3 0x800028ca (0x8c45) x8  0x00000000
core   0: 0x800028cc (0x000009f6) c.slli  s3, 29
core   0: 3 0x800028cc (0x09f6) x19 0x00000000
core   0: 0x800028ce (0x030a9803) lh      a6, 48(s5)
core   0: 3 0x800028ce (0x030a9803) x16 0x00000000 mem 0x8001a246
core   0: 0x800028d2 (0x00946833) or      a6, s0, s1
core   0: 3 0x800028d2 (0x00946833) x16 0x00000000
core   0: 0x800028d6 (0x03cad983) lhu     s3, 60(s5)
core   0: 3 0x800028d6 (0x03cad983) x19 0x00000000 mem 0x8001a252
core   0: 0x800028da (0xfdba8483) lb      s1, -37(s5)
core   0: 3 0x800028da (0xfdba8483) x9  0x00000000 mem 0x8001a1f1
core   0: 0x800028de (0x00008122) c.mv    sp, s0
core   0: 3 0x800028de (0x8122) x2  0x00000000
core   0: 0x800028e0 (0x00008842) c.mv    a6, a6
core   0: 3 0x800028e0 (0x8842) x16 0x00000000
core   0: 0x800028e2 (0x00006111) c.addi16sp sp, 256
core   0: 3 0x800028e2 (0x6111) x2  0x00000100
core   0: 0x800028e4 (0xfe8a84a3) sb      s0, -23(s5)
core   0: 3 0x800028e4 (0xfe8a84a3) mem 0x8001a1ff 0x00
core   0: 0x800028e8 (0xfe1a8323) sb      ra, -26(s5)
core   0: 3 0x800028e8 (0xfe1a8323) mem 0x8001a1fc 0x55
core   0: 0x800028ec (0xfd3a83a3) sb      s3, -57(s5)
core   0: 3 0x800028ec (0xfd3a83a3) mem 0x8001a1dd 0x00
core   0: 0x800028f0 (0x021aaf23) sw      ra, 62(s5)
core   0: 3 0x800028f0 (0x021aaf23) mem 0x8001a254 0x7ffef255
core   0: 0x800028f4 (0x00008c21) c.xor   s0, s0
core   0: 3 0x800028f4 (0x8c21) x8  0x00000000
core   0: 0x800028f6 (0x01aaa803) lw      a6, 26(s5)
core   0: 3 0x800028f6 (0x01aaa803) x16 0x00000000 mem 0x8001a230
core   0: 0x800028fa (0x000084ed) c.srai  s1, 27
core   0: 3 0x800028fa (0x84ed) x9  0x00000000
core   0: 0x800028fc (0x00006439) c.lui   s0, 0xe
core   0: 3 0x800028fc (0x6439) x8  0x0000e000
core   0: 0x800028fe (0xff0a9c23) sh      a6, -8(s5)
core   0: 3 0x800028fe (0xff0a9c23) mem 0x8001a20e 0x0000
core   0: 0x80002902 (0x033a8403) lb      s0, 51(s5)
core   0: 3 0x80002902 (0x033a8403) x8  0x00000000 mem 0x8001a249
core   0: 0x80002906 (0x0104a9b3) slt     s3, s1, a6
core   0: 3 0x80002906 (0x0104a9b3) x19 0x00000000
core   0: 0x8000290a (0x5fc16493) ori     s1, sp, 1532
core   0: 3 0x8000290a (0x5fc16493) x9  0x000005fc
core   0: 0x8000290e (0x033a8523) sb      s3, 42(s5)
core   0: 3 0x8000290e (0x033a8523) mem 0x8001a240 0x00
core   0: 0x80002912 (0xfe1a8803) lb      a6, -31(s5)
core   0: 3 0x80002912 (0xfe1a8803) x16 0x00000000 mem 0x8001a1f7
core   0: 0x80002916 (0x010824b3) slt     s1, a6, a6
core   0: 3 0x80002916 (0x010824b3) x9  0x00000000
core   0: 0x8000291a (0x030a9323) sh      a6, 38(s5)
core   0: 3 0x8000291a (0x030a9323) mem 0x8001a23c 0x0000
core   0: 0x8000291e (0x40215133) sra     sp, sp, sp
core   0: 3 0x8000291e (0x40215133) x2  0x00000100
core   0: 0x80002922 (0x00006109) c.addi16sp sp, 128
core   0: 3 0x80002922 (0x6109) x2  0x00000180
core   0: 0x80002924 (0x03ba8403) lb      s0, 59(s5)
core   0: 3 0x80002924 (0x03ba8403) x8  0x00000000 mem 0x8001a251
core   0: 0x80002928 (0x009a83a3) sb      s1, 7(s5)
core   0: 3 0x80002928 (0x009a83a3) mem 0x8001a21d 0x00
core   0: 0x8000292c (0x00000001) c.nop
core   0: 3 0x8000292c (0x0001)
core   0: 0x8000292e (0x01ca8483) lb      s1, 28(s5)
core   0: 3 0x8000292e (0x01ca8483) x9  0x00000000 mem 0x8001a232
core   0: 0x80002932 (0x029aa923) sw      s1, 50(s5)
core   0: 3 0x80002932 (0x029aa923) mem 0x8001a248 0x00000000
core   0: 0x80002936 (0x028aab23) sw      s0, 54(s5)
core   0: 3 0x80002936 (0x028aab23) mem 0x8001a24c 0x00000000
core   0: 0x8000293a (0x0100076f) jal     a4, pc + 0x10
core   0: 3 0x8000293a (0x0100076f) x14 0x8000293e
core   0: 0x8000294a (0x0000a809) c.j     pc + 18
core   0: 3 0x8000294a (0xa809)
core   0: 0x8000295c (0x0000bfd5) c.j     pc - 12
core   0: 3 0x8000295c (0xbfd5)
core   0: 0x80002950 (0x0000a039) c.j     pc + 14
core   0: 3 0x80002950 (0xa039)
core   0: 0x8000295e (0xfefff0ef) jal     pc - 0x12
core   0: 3 0x8000295e (0xfefff0ef) x1  0x80002962
core   0: 0x8000294c (0xff5ff0ef) jal     pc - 0xc
core   0: 3 0x8000294c (0xff5ff0ef) x1  0x80002950
core   0: 0x80002940 (0x0000a00d) c.j     pc + 34
core   0: 3 0x80002940 (0xa00d)
core   0: 0x80002962 (0x0000bff1) c.j     pc - 36
core   0: 3 0x80002962 (0xbff1)
core   0: 0x8000293e (0x0000a821) c.j     pc + 24
core   0: 3 0x8000293e (0xa821)
core   0: 0x80002956 (0xfefff4ef) jal     s1, pc - 0x12
core   0: 3 0x80002956 (0xfefff4ef) x9  0x8000295a
core   0: 0x80002944 (0x0000a819) c.j     pc + 22
core   0: 3 0x80002944 (0xa819)
core   0: 0x8000295a (0x0000b7e5) c.j     pc - 24
core   0: 3 0x8000295a (0xb7e5)
core   0: 0x80002942 (0x0000a801) c.j     pc + 16
core   0: 3 0x80002942 (0xa801)
core   0: 0x80002952 (0x00003fd5) c.jal   pc - 12
core   0: 3 0x80002952 (0x3fd5) x1  0x80002954
core   0: 0x80002946 (0x00e0036f) jal     t1, pc + 0xe
core   0: 3 0x80002946 (0x00e0036f) x6  0x8000294a
core   0: 0x80002954 (0x0000a801) c.j     pc + 16
core   0: 3 0x80002954 (0xa801)
core   0: 0x80002964 (0x000b7833) and     a6, s6, zero
core   0: 3 0x80002964 (0x000b7833) x16 0x00000000
core   0: 0x80002968 (0x000056d9) c.li    a3, -10
core   0: 3 0x80002968 (0x56d9) x13 0xfffffff6
core   0: 0x8000296a (0x00000001) c.nop
core   0: 3 0x8000296a (0x0001)
core   0: 0x8000296c (0x0203d9b3) divu    s3, t2, zero
core   0: 3 0x8000296c (0x0203d9b3) x19 0xffffffff
core   0: 0x80002970 (0x00000001) c.nop
core   0: 3 0x80002970 (0x0001)
core   0: 0x80002972 (0x03d7ee33) rem     t3, a5, t4
core   0: 3 0x80002972 (0x03d7ee33) x28 0x00000000
core   0: 0x80002976 (0x00000689) c.addi  a3, 2
core   0: 3 0x80002976 (0x0689) x13 0xfffffff8
core   0: 0x80002978 (0x5f32e313) ori     t1, t0, 1523
core   0: 3 0x80002978 (0x5f32e313) x6  0x000005f3
core   0: 0x8000297c (0x00009366) c.add   t1, s9
core   0: 3 0x8000297c (0x9366) x6  0x000005f3
core   0: 0x8000297e (0x000057f9) c.li    a5, -2
core   0: 3 0x8000297e (0x57f9) x15 0xfffffffe
core   0: 0x80002980 (0x00008d56) c.mv    s10, s5
core   0: 3 0x80002980 (0x8d56) x26 0x8001a216
core   0: 0x80002982 (0x00005f51) c.li    t5, -12
core   0: 3 0x80002982 (0x5f51) x30 0xfffffff4
core   0: 0x80002984 (0xcf9e5217) auipc   tp, 0xcf9e5
core   0: 3 0x80002984 (0xcf9e5217) x4  0x4f9e7984
core   0: 0x80002988 (0x03ede533) rem     a0, s11, t5
core   0: 3 0x80002988 (0x03ede533) x10 0xffffffff
core   0: 0x8000298c (0x0000624d) c.lui   tp, 0x13
core   0: 3 0x8000298c (0x624d) x4  0x00013000
core   0: 0x8000298e (0x0100dd93) srli    s11, ra, 16
core   0: 3 0x8000298e (0x0100dd93) x27 0x00008000
core   0: 0x80002992 (0x006d03b3) add     t2, s10, t1
core   0: 3 0x80002992 (0x006d03b3) x7  0x8001a809
core   0: 0x80002996 (0x03b84833) div     a6, a6, s11
core   0: 3 0x80002996 (0x03b84833) x16 0x00000000
core   0: 0x8000299a (0x000002f6) c.slli  t0, 29
core   0: 3 0x8000299a (0x02f6) x5  0x00000000
core   0: 0x8000299c (0x00008dc5) c.or    a1, s1
core   0: 3 0x8000299c (0x8dc5) x11 0x8000295a
core   0: 0x8000299e (0x000017d9) c.addi  a5, -10
core   0: 3 0x8000299e (0x17d9) x15 0xfffffff4
core   0: 0x800029a0 (0x00001d7d) c.addi  s10, -1
core   0: 3 0x800029a0 (0x1d7d) x26 0x8001a215
core   0: 0x800029a2 (0xffe7dde3) bge     a5, t5, pc - 6
core   0: 3 0x800029a2 (0xffe7dde3)
core   0: 0x8000299c (0x00008dc5) c.or    a1, s1
core   0: 3 0x8000299c (0x8dc5) x11 0x8000295a
core   0: 0x8000299e (0x000017d9) c.addi  a5, -10
core   0: 3 0x8000299e (0x17d9) x15 0xffffffea
core   0: 0x800029a0 (0x00001d7d) c.addi  s10, -1
core   0: 3 0x800029a0 (0x1d7d) x26 0x8001a214
core   0: 0x800029a2 (0xffe7dde3) bge     a5, t5, pc - 6
core   0: 3 0x800029a2 (0xffe7dde3)
core   0: 0x800029a6 (0x00008f19) c.sub   a4, a4
core   0: 3 0x800029a6 (0x8f19) x14 0x00000000
core   0: 0x800029a8 (0x0000d6e9) c.beqz  a3, pc - 54
core   0: 3 0x800029a8 (0xd6e9)
core   0: 0x800029aa (0x00001ffd) c.addi  t6, -1
core   0: 3 0x800029aa (0x1ffd) x31 0xffffffff
core   0: 0x800029ac (0x0000e297) auipc   t0, 0xe
core   0: 3 0x800029ac (0x0000e297) x5  0x800109ac
core   0: 0x800029b0 (0x50c28293) addi    t0, t0, 1292
core   0: 3 0x800029b0 (0x50c28293) x5  0x80010eb8
core   0: 0x800029b4 (0xdfe5c513) xori    a0, a1, -514
core   0: 3 0x800029b4 (0xdfe5c513) x10 0x7fffd4a4
core   0: 0x800029b8 (0xf4729623) sh      t2, -180(t0)
core   0: 3 0x800029b8 (0xf4729623) mem 0x80010e04 0xa809
core   0: 0x800029bc (0x13628a03) lb      s4, 310(t0)
core   0: 3 0x800029bc (0x13628a03) x20 0x00000000 mem 0x80010fee
core   0: 0x800029c0 (0x00008ee5) c.and   a3, s1
core   0: 3 0x800029c0 (0x8ee5) x13 0x80002958
core   0: 0x800029c2 (0x016f2b33) slt     s6, t5, s6
core   0: 3 0x800029c2 (0x016f2b33) x22 0x00000001
core   0: 0x800029c6 (0x038420b3) mulhsu  ra, s0, s8
core   0: 3 0x800029c6 (0x038420b3) x1  0x00000000
core   0: 0x800029ca (0xa502a423) sw      a6, -1464(t0)
core   0: 3 0x800029ca (0xa502a423) mem 0x80010900 0x00000000
core   0: 0x800029ce (0xd0128423) sb      ra, -760(t0)
core   0: 3 0x800029ce (0xd0128423) mem 0x80010bc0 0x00
core   0: 0x800029d2 (0x1112cc83) lbu     s9, 273(t0)
core   0: 3 0x800029d2 (0x1112cc83) x25 0x00000000 mem 0x80010fc9
core   0: 0x800029d6 (0xf4528683) lb      a3, -187(t0)
core   0: 3 0x800029d6 (0xf4528683) x13 0x00000000 mem 0x80010dfd
core   0: 0x800029da (0x8dc29983) lh      s3, -1828(t0)
core   0: 3 0x800029da (0x8dc29983) x19 0x00000000 mem 0x80010794
core   0: 0x800029de (0x9992ca03) lbu     s4, -1639(t0)
core   0: 3 0x800029de (0x9992ca03) x20 0x00000000 mem 0x80010851
core   0: 0x800029e2 (0x00008eb5) c.xor   a3, a3
core   0: 3 0x800029e2 (0x8eb5) x13 0x00000000
core   0: 0x800029e4 (0xa2028403) lb      s0, -1504(t0)
core   0: 3 0x800029e4 (0xa2028403) x8  0x00000000 mem 0x800108d8
core   0: 0x800029e8 (0xe9428303) lb      t1, -364(t0)
core   0: 3 0x800029e8 (0xe9428303) x6  0x00000000 mem 0x80010d4c
core   0: 0x800029ec (0xe9429803) lh      a6, -364(t0)
core   0: 3 0x800029ec (0xe9429803) x16 0x00000000 mem 0x80010d4c
core   0: 0x800029f0 (0xd2028ca3) sb      zero, -711(t0)
core   0: 3 0x800029f0 (0xd2028ca3) mem 0x80010bf1 0x00
core   0: 0x800029f4 (0x0622cc03) lbu     s8, 98(t0)
core   0: 3 0x800029f4 (0x0622cc03) x24 0x00000000 mem 0x80010f1a
core   0: 0x800029f8 (0xe5a29303) lh      t1, -422(t0)
core   0: 3 0x800029f8 (0xe5a29303) x6  0x00000000 mem 0x80010d12
core   0: 0x800029fc (0x0de2ca83) lbu     s5, 222(t0)
core   0: 3 0x800029fc (0x0de2ca83) x21 0x00000000 mem 0x80010f96
core   0: 0x80002a00 (0x8f22d183) lhu     gp, -1806(t0)
core   0: 3 0x80002a00 (0x8f22d183) x3  0x00000000 mem 0x800107aa
core   0: 0x80002a04 (0x0dc286a3) sb      t3, 205(t0)
core   0: 3 0x80002a04 (0x0dc286a3) mem 0x80010f85 0x00
core   0: 0x80002a08 (0x00019117) auipc   sp, 0x19
core   0: 3 0x80002a08 (0x00019117) x2  0x8001ba08
core   0: 0x80002a0c (0xdd210113) addi    sp, sp, -558
core   0: 3 0x80002a0c (0xdd210113) x2  0x8001b7da
core   0: 0x80002a10 (0x00314303) lbu     t1, 3(sp)
core   0: 3 0x80002a10 (0x00314303) x6  0x00000000 mem 0x8001b7dd
core   0: 0x80002a14 (0x00514a03) lbu     s4, 5(sp)
core   0: 3 0x80002a14 (0x00514a03) x20 0x00000000 mem 0x8001b7df
core   0: 0x80002a18 (0xff914a83) lbu     s5, -7(sp)
core   0: 3 0x80002a18 (0xff914a83) x21 0x00000000 mem 0x8001b7d3
core   0: 0x80002a1c (0xff910783) lb      a5, -7(sp)
core   0: 3 0x80002a1c (0xff910783) x15 0x00000000 mem 0x8001b7d3
core   0: 0x80002a20 (0x00014c03) lbu     s8, 0(sp)
core   0: 3 0x80002a20 (0x00014c03) x24 0x00000000 mem 0x8001b7da
core   0: 0x80002a24 (0x00b14983) lbu     s3, 11(sp)
core   0: 3 0x80002a24 (0x00b14983) x19 0x00000000 mem 0x8001b7e5
core   0: 0x80002a28 (0x01d73ab3) sltu    s5, a4, t4
core   0: 3 0x80002a28 (0x01d73ab3) x21 0x00000001
core   0: 0x80002a2c (0xbf81a413) slti    s0, gp, -1032
core   0: 3 0x80002a2c (0xbf81a413) x8  0x00000000
core   0: 0x80002a30 (0x00610e83) lb      t4, 6(sp)
core   0: 3 0x80002a30 (0x00610e83) x29 0x00000000 mem 0x8001b7e0
core   0: 0x80002a34 (0xff711d23) sh      s7, -6(sp)
core   0: 3 0x80002a34 (0xff711d23) mem 0x8001b7d4 0x5e64
core   0: 0x80002a38 (0x00004561) c.li    a0, 24
core   0: 3 0x80002a38 (0x4561) x10 0x00000018
core   0: 0x80002a3a (0x00000b7e) c.slli  s6, 31
core   0: 3 0x80002a3a (0x0b7e) x22 0x80000000
core   0: 0x80002a3c (0x009102a3) sb      s1, 5(sp)
core   0: 3 0x80002a3c (0x009102a3) mem 0x8001b7df 0x5a
core   0: 0x80002a40 (0xffd14d03) lbu     s10, -3(sp)
core   0: 3 0x80002a40 (0xffd14d03) x26 0x00000000 mem 0x8001b7d7
core   0: 0x80002a44 (0x01015483) lhu     s1, 16(sp)
core   0: 3 0x80002a44 (0x01015483) x9  0x00000000 mem 0x8001b7ea
core   0: 0x80002a48 (0x00f11023) sh      a5, 0(sp)
core   0: 3 0x80002a48 (0x00f11023) mem 0x8001b7da 0x0000
core   0: 0x80002a4c (0x0000f117) auipc   sp, 0xf
core   0: 3 0x80002a4c (0x0000f117) x2  0x80011a4c
core   0: 0x80002a50 (0x1ea10113) addi    sp, sp, 490
core   0: 3 0x80002a50 (0x1ea10113) x2  0x80011c36
core   0: 0x80002a54 (0x04211a03) lh      s4, 66(sp)
core   0: 3 0x80002a54 (0x04211a03) x20 0x00000000 mem 0x80011c78
core   0: 0x80002a58 (0x0b714403) lbu     s0, 183(sp)
core   0: 3 0x80002a58 (0x0b714403) x8  0x00000000 mem 0x80011ced
core   0: 0x80002a5c (0xf8c11a03) lh      s4, -116(sp)
core   0: 3 0x80002a5c (0xf8c11a03) x20 0x00000000 mem 0x80011bc2
core   0: 0x80002a60 (0x00000001) c.nop
core   0: 3 0x80002a60 (0x0001)
core   0: 0x80002a62 (0xfc810023) sb      s0, -64(sp)
core   0: 3 0x80002a62 (0xfc810023) mem 0x80011bf6 0x00
core   0: 0x80002a66 (0x0e310703) lb      a4, 227(sp)
core   0: 3 0x80002a66 (0x0e310703) x14 0x00000000 mem 0x80011d19
core   0: 0x80002a6a (0x0c114703) lbu     a4, 193(sp)
core   0: 3 0x80002a6a (0x0c114703) x14 0x00000000 mem 0x80011cf7
core   0: 0x80002a6e (0x00008f41) c.or    a4, s0
core   0: 3 0x80002a6e (0x8f41) x14 0x00000000
core   0: 0x80002a70 (0x00000001) c.nop
core   0: 3 0x80002a70 (0x0001)
core   0: 0x80002a72 (0xf2114483) lbu     s1, -223(sp)
core   0: 3 0x80002a72 (0xf2114483) x9  0x00000000 mem 0x80011b57
core   0: 0x80002a76 (0x0c914403) lbu     s0, 201(sp)
core   0: 3 0x80002a76 (0x0c914403) x8  0x00000000 mem 0x80011cff
core   0: 0x80002a7a (0xf6714403) lbu     s0, -153(sp)
core   0: 3 0x80002a7a (0xf6714403) x8  0x00000000 mem 0x80011b9d
core   0: 0x80002a7e (0x0c8104a3) sb      s0, 201(sp)
core   0: 3 0x80002a7e (0x0c8104a3) mem 0x80011cff 0x00
core   0: 0x80002a82 (0x0fa10a03) lb      s4, 250(sp)
core   0: 3 0x80002a82 (0x0fa10a03) x20 0x00000000 mem 0x80011d30
core   0: 0x80002a86 (0xfd614a03) lbu     s4, -42(sp)
core   0: 3 0x80002a86 (0xfd614a03) x20 0x00000000 mem 0x80011c0c
core   0: 0x80002a8a (0x0a810923) sb      s0, 178(sp)
core   0: 3 0x80002a8a (0x0a810923) mem 0x80011ce8 0x00
core   0: 0x80002a8e (0xf1c11703) lh      a4, -228(sp)
core   0: 3 0x80002a8e (0xf1c11703) x14 0x00000000 mem 0x80011b52
core   0: 0x80002a92 (0x00008f1d) c.sub   a4, a5
core   0: 3 0x80002a92 (0x8f1d) x14 0x00000000
core   0: 0x80002a94 (0xfd611a03) lh      s4, -42(sp)
core   0: 3 0x80002a94 (0xfd611a03) x20 0x00000000 mem 0x80011c0c
core   0: 0x80002a98 (0x00e12123) sw      a4, 2(sp)
core   0: 3 0x80002a98 (0x00e12123) mem 0x80011c38 0x00000000
core   0: 0x80002a9c (0x0aa10a03) lb      s4, 170(sp)
core   0: 3 0x80002a9c (0x0aa10a03) x20 0x00000000 mem 0x80011ce0
core   0: 0x80002aa0 (0x0b514403) lbu     s0, 181(sp)
core   0: 3 0x80002aa0 (0x0b514403) x8  0x00000000 mem 0x80011ceb
core   0: 0x80002aa4 (0x0fb10783) lb      a5, 251(sp)
core   0: 3 0x80002aa4 (0x0fb10783) x15 0x00000000 mem 0x80011d31
core   0: 0x80002aa8 (0xf2f10783) lb      a5, -209(sp)
core   0: 3 0x80002aa8 (0xf2f10783) x15 0x00000000 mem 0x80011b65
core   0: 0x80002aac (0xf0811e23) sh      s0, -228(sp)
core   0: 3 0x80002aac (0xf0811e23) mem 0x80011b52 0x0000
core   0: 0x80002ab0 (0xfe8102a3) sb      s0, -27(sp)
core   0: 3 0x80002ab0 (0xfe8102a3) mem 0x80011c1b 0x00
core   0: 0x80002ab4 (0x068100a3) sb      s0, 97(sp)
core   0: 3 0x80002ab4 (0x068100a3) mem 0x80011c97 0x00
core   0: 0x80002ab8 (0x034a14b3) mulh    s1, s4, s4
core   0: 3 0x80002ab8 (0x034a14b3) x9  0x00000000
core   0: 0x80002abc (0x0ee11423) sh      a4, 232(sp)
core   0: 3 0x80002abc (0x0ee11423) mem 0x80011d1e 0x0000
core   0: 0x80002ac0 (0x00008b65) c.andi  a4, 25
core   0: 3 0x80002ac0 (0x8b65) x14 0x00000000
core   0: 0x80002ac2 (0x02e77233) remu    tp, a4, a4
core   0: 3 0x80002ac2 (0x02e77233) x4  0x00000000
core   0: 0x80002ac6 (0x0e211a03) lh      s4, 226(sp)
core   0: 3 0x80002ac6 (0x0e211a03) x20 0x00000000 mem 0x80011d18
core   0: 0x80002aca (0x000080cd) c.srli  s1, 19
core   0: 3 0x80002aca (0x80cd) x9  0x00000000
core   0: 0x80002acc (0x014a77b3) and     a5, s4, s4
core   0: 3 0x80002acc (0x014a77b3) x15 0x00000000
core   0: 0x80002ad0 (0x0ff10203) lb      tp, 255(sp)
core   0: 3 0x80002ad0 (0x0ff10203) x4  0x00000000 mem 0x80011d35
core   0: 0x80002ad4 (0x00f404b3) add     s1, s0, a5
core   0: 3 0x80002ad4 (0x00f404b3) x9  0x00000000
core   0: 0x80002ad8 (0xfae11a03) lh      s4, -82(sp)
core   0: 3 0x80002ad8 (0xfae11a03) x20 0x00000000 mem 0x80011be4
core   0: 0x80002adc (0xfef10783) lb      a5, -17(sp)
core   0: 3 0x80002adc (0xfef10783) x15 0x00000000 mem 0x80011c25
core   0: 0x80002ae0 (0x0000e717) auipc   a4, 0xe
core   0: 3 0x80002ae0 (0x0000e717) x14 0x80010ae0
core   0: 0x80002ae4 (0x45b70713) addi    a4, a4, 1115
core   0: 3 0x80002ae4 (0x45b70713) x14 0x80010f3b
core   0: 0x80002ae8 (0xbc470103) lb      sp, -1084(a4)
core   0: 3 0x80002ae8 (0xbc470103) x2  0xfffffff3 mem 0x80010aff
core   0: 0x80002aec (0x2f520b13) addi    s6, tp, 757
core   0: 3 0x80002aec (0x2f520b13) x22 0x000002f5
core   0: 0x80002af0 (0xbc470203) lb      tp, -1084(a4)
core   0: 3 0x80002af0 (0xbc470203) x4  0xfffffff3 mem 0x80010aff
core   0: 0x80002af4 (0xe0274e83) lbu     t4, -510(a4)
core   0: 3 0x80002af4 (0xe0274e83) x29 0x00000000 mem 0x80010d3d
core   0: 0x80002af8 (0x009f1213) slli    tp, t5, 9
core   0: 3 0x80002af8 (0x009f1213) x4  0xffffe800
core   0: 0x80002afc (0xfe870383) lb      t2, -24(a4)
core   0: 3 0x80002afc (0xfe870383) x7  0x00000000 mem 0x80010f23
core   0: 0x80002b00 (0x94c726a3) sw      a2, -1715(a4)
core   0: 3 0x80002b00 (0x94c726a3) mem 0x80010888 0x00000000
core   0: 0x80002b04 (0xb59714a3) sh      s9, -1207(a4)
core   0: 3 0x80002b04 (0xb59714a3) mem 0x80010a84 0x0000
core   0: 0x80002b08 (0x00008efd) c.and   a3, a5
core   0: 3 0x80002b08 (0x8efd) x13 0x00000000
core   0: 0x80002b0a (0x6fc2a413) slti    s0, t0, 1788
core   0: 3 0x80002b0a (0x6fc2a413) x8  0x00000001
core   0: 0x80002b0e (0xc3f71e83) lh      t4, -961(a4)
core   0: 3 0x80002b0e (0xc3f71e83) x29 0x00000000 mem 0x80010b7a
core   0: 0x80002b12 (0x04e70083) lb      ra, 78(a4)
core   0: 3 0x80002b12 (0x04e70083) x1  0x00000000 mem 0x80010f89
core   0: 0x80002b16 (0xddf713a3) sh      t6, -569(a4)
core   0: 3 0x80002b16 (0xddf713a3) mem 0x80010d02 0xffff
core   0: 0x80002b1a (0xdc2713a3) sh      sp, -569(a4)
core   0: 3 0x80002b1a (0xdc2713a3) mem 0x80010d02 0xfff3
core   0: 0x80002b1e (0x03070f83) lb      t6, 48(a4)
core   0: 3 0x80002b1e (0x03070f83) x31 0x00000000 mem 0x80010f6b
core   0: 0x80002b22 (0x00008fc5) c.or    a5, s1
core   0: 3 0x80002b22 (0x8fc5) x15 0x00000000
core   0: 0x80002b24 (0x03074083) lbu     ra, 48(a4)
core   0: 3 0x80002b24 (0x03074083) x1  0x00000000 mem 0x80010f6b
core   0: 0x80002b28 (0x00000284) c.addi4spn s1, sp, 320
core   0: 3 0x80002b28 (0x0284) x9  0x00000133
core   0: 0x80002b2a (0x06870303) lb      t1, 104(a4)
core   0: 3 0x80002b2a (0x06870303) x6  0x00000000 mem 0x80010fa3
core   0: 0x80002b2e (0x0001b217) auipc   tp, 0x1b
core   0: 3 0x80002b2e (0x0001b217) x4  0x8001db2e
core   0: 0x80002b32 (0xa9e20213) addi    tp, tp, -1378
core   0: 3 0x80002b32 (0xa9e20213) x4  0x8001d5cc
core   0: 0x80002b36 (0x03420d23) sb      s4, 58(tp)
core   0: 3 0x80002b36 (0x03420d23) mem 0x8001d606 0x00
core   0: 0x80002b3a (0x00004301) c.li    t1, 0
core   0: 3 0x80002b3a (0x4301) x6  0x00000000
core   0: 0x80002b3c (0x00009a7d) c.andi  a2, -1
core   0: 3 0x80002b3c (0x9a7d) x12 0x00000000
core   0: 0x80002b3e (0x001a6633) or      a2, s4, ra
core   0: 3 0x80002b3e (0x001a6633) x12 0x00000000
core   0: 0x80002b42 (0x02d169b3) rem     s3, sp, a3
core   0: 3 0x80002b42 (0x02d169b3) x19 0xfffffff3
core   0: 0x80002b46 (0x0171f9b3) and     s3, gp, s7
core   0: 3 0x80002b46 (0x0171f9b3) x19 0x00000000
core   0: 0x80002b4a (0x01a20483) lb      s1, 26(tp)
core   0: 3 0x80002b4a (0x01a20483) x9  0x00000000 mem 0x8001d5e6
core   0: 0x80002b4e (0x01421103) lh      sp, 20(tp)
core   0: 3 0x80002b4e (0x01421103) x2  0x00000000 mem 0x8001d5e0
core   0: 0x80002b52 (0xfe7206a3) sb      t2, -19(tp)
core   0: 3 0x80002b52 (0xfe7206a3) mem 0x8001d5b9 0x00
core   0: 0x80002b56 (0xfda25803) lhu     a6, -38(tp)
core   0: 3 0x80002b56 (0xfda25803) x16 0x00000000 mem 0x8001d5a6
core   0: 0x80002b5a (0x00008e5d) c.or    a2, a5
core   0: 3 0x80002b5a (0x8e5d) x12 0x00000000
core   0: 0x80002b5c (0x40aadf13) srai    t5, s5, 10
core   0: 3 0x80002b5c (0x40aadf13) x30 0x00000000
core   0: 0x80002b60 (0x02822423) sw      s0, 40(tp)
core   0: 3 0x80002b60 (0x02822423) mem 0x8001d5f4 0x00000001
core   0: 0x80002b64 (0x01825383) lhu     t2, 24(tp)
core   0: 3 0x80002b64 (0x01825383) x7  0x00000000 mem 0x8001d5e4
core   0: 0x80002b68 (0xa9dffdb7) lui     s11, 0xa9dff
core   0: 3 0x80002b68 (0xa9dffdb7) x27 0xa9dff000
core   0: 0x80002b6c (0x00001a7d) c.addi  s4, -1
core   0: 3 0x80002b6c (0x1a7d) x20 0xffffffff
core   0: 0x80002b6e (0xff321b23) sh      s3, -10(tp)
core   0: 3 0x80002b6e (0xff321b23) mem 0x8001d5c2 0x0000
core   0: 0x80002b72 (0x014b5113) srli    sp, s6, 20
core   0: 3 0x80002b72 (0x014b5113) x2  0x00000000
core   0: 0x80002b76 (0x00008fb9) c.xor   a5, a4
core   0: 3 0x80002b76 (0x8fb9) x15 0x80010f3b
core   0: 0x80002b78 (0x27537b13) andi    s6, t1, 629
core   0: 3 0x80002b78 (0x27537b13) x22 0x00000000
core   0: 0x80002b7c (0x00008f8d) c.sub   a5, a1
core   0: 3 0x80002b7c (0x8f8d) x15 0x0000e5e1
core   0: 0x80002b7e (0xfc621583) lh      a1, -58(tp)
core   0: 3 0x80002b7e (0xfc621583) x11 0x00000000 mem 0x8001d592
core   0: 0x80002b82 (0xfce201a3) sb      a4, -61(tp)
core   0: 3 0x80002b82 (0xfce201a3) mem 0x8001d58f 0x3b
core   0: 0x80002b86 (0xff924e83) lbu     t4, -7(tp)
core   0: 3 0x80002b86 (0xff924e83) x29 0x00000000 mem 0x8001d5c5
core   0: 0x80002b8a (0x0000615d) c.addi16sp sp, 432
core   0: 3 0x80002b8a (0x615d) x2  0x000001b0
core   0: 0x80002b8c (0x03120a83) lb      s5, 49(tp)
core   0: 3 0x80002b8c (0x03120a83) x21 0x00000000 mem 0x8001d5fd
core   0: 0x80002b90 (0x00008e89) c.sub   a3, a0
core   0: 3 0x80002b90 (0x8e89) x13 0xffffffe8
core   0: 0x80002b92 (0x40d66593) ori     a1, a2, 1037
core   0: 3 0x80002b92 (0x40d66593) x11 0x0000040d
core   0: 0x80002b96 (0x03221483) lh      s1, 50(tp)
core   0: 3 0x80002b96 (0x03221483) x9  0x00000000 mem 0x8001d5fe
core   0: 0x80002b9a (0xf10b0993) addi    s3, s6, -240
core   0: 3 0x80002b9a (0xf10b0993) x19 0xffffff10
core   0: 0x80002b9e (0x00008fb5) c.xor   a5, a3
core   0: 3 0x80002b9e (0x8fb5) x15 0xffff1a09
core   0: 0x80002ba0 (0x00008f89) c.sub   a5, a0
core   0: 3 0x80002ba0 (0x8f89) x15 0xffff19f1
core   0: 0x80002ba2 (0x02b9f033) remu    zero, s3, a1
core   0: 3 0x80002ba2 (0x02b9f033)
core   0: 0x80002ba6 (0xfed22423) sw      a3, -24(tp)
core   0: 3 0x80002ba6 (0xfed22423) mem 0x8001d5b4 0xffffffe8
core   0: 0x80002baa (0xffe20d03) lb      s10, -2(tp)
core   0: 3 0x80002baa (0xffe20d03) x26 0x00000000 mem 0x8001d5ca
core   0: 0x80002bae (0x40fb8f33) sub     t5, s7, a5
core   0: 3 0x80002bae (0x40fb8f33) x30 0x80034473
core   0: 0x80002bb2 (0xfff20b03) lb      s6, -1(tp)
core   0: 3 0x80002bb2 (0xfff20b03) x22 0x00000000 mem 0x8001d5cb
core   0: 0x80002bb6 (0x0000ea97) auipc   s5, 0xe
core   0: 3 0x80002bb6 (0x0000ea97) x21 0x80010bb6
core   0: 0x80002bba (0x999a8a93) addi    s5, s5, -1639
core   0: 3 0x80002bba (0x999a8a93) x21 0x8001054f
core   0: 0x80002bbe (0x291a81a3) sb      a7, 643(s5)
core   0: 3 0x80002bbe (0x291a81a3) mem 0x800107d2 0xe4
core   0: 0x80002bc2 (0x283ac683) lbu     a3, 643(s5)
core   0: 3 0x80002bc2 (0x283ac683) x13 0x000000e4 mem 0x800107d2
core   0: 0x80002bc6 (0x283a8383) lb      t2, 643(s5)
core   0: 3 0x80002bc6 (0x283a8383) x7  0xffffffe4 mem 0x800107d2
core   0: 0x80002bca (0x4c0a81a3) sb      zero, 1219(s5)
core   0: 3 0x80002bca (0x4c0a81a3) mem 0x80010a12 0x00
core   0: 0x80002bce (0xd8cac003) lbu     zero, -628(s5)
core   0: 3 0x80002bce (0xd8cac003) mem 0x800102db
core   0: 0x80002bd2 (0x8f44ff13) andi    t5, s1, -1804
core   0: 3 0x80002bd2 (0x8f44ff13) x30 0x00000000
core   0: 0x80002bd6 (0xbb2acd03) lbu     s10, -1102(s5)
core   0: 3 0x80002bd6 (0xbb2acd03) x26 0x00000000 mem 0x80010101
core   0: 0x80002bda (0x45ba9d83) lh      s11, 1115(s5)
core   0: 3 0x80002bda (0x45ba9d83) x27 0xffff8600 mem 0x800109aa
core   0: 0x80002bde (0x454a9da3) sh      s4, 1115(s5)
core   0: 3 0x80002bde (0x454a9da3) mem 0x800109aa 0xffff
core   0: 0x80002be2 (0x0012de33) srl     t3, t0, ra
core   0: 3 0x80002be2 (0x0012de33) x28 0x80010eb8
core   0: 0x80002be6 (0x444a8da3) sb      tp, 1115(s5)
core   0: 3 0x80002be6 (0x444a8da3) mem 0x800109aa 0xcc
core   0: 0x80002bea (0x527ac283) lbu     t0, 1319(s5)
core   0: 3 0x80002bea (0x527ac283) x5  0x00000000 mem 0x80010a76
core   0: 0x80002bee (0x527a9383) lh      t2, 1319(s5)
core   0: 3 0x80002bee (0x527a9383) x7  0x00000000 mem 0x80010a76
core   0: 0x80002bf2 (0xc8fa8623) sb      a5, -884(s5)
core   0: 3 0x80002bf2 (0xc8fa8623) mem 0x800101db 0xf1
core   0: 0x80002bf6 (0x0001c197) auipc   gp, 0x1c
core   0: 3 0x80002bf6 (0x0001c197) x3  0x8001ebf6
core   0: 0x80002bfa (0xb6a18193) addi    gp, gp, -1174
core   0: 3 0x80002bfa (0xb6a18193) x3  0x8001e760
core   0: 0x80002bfe (0xff918c03) lb      s8, -7(gp)
core   0: 3 0x80002bfe (0xff918c03) x24 0x00000000 mem 0x8001e759
core   0: 0x80002c02 (0x0031c983) lbu     s3, 3(gp)
core   0: 3 0x80002c02 (0x0031c983) x19 0x00000000 mem 0x8001e763
core   0: 0x80002c06 (0x038e09b3) mul     s3, t3, s8
core   0: 3 0x80002c06 (0x038e09b3) x19 0x00000000
core   0: 0x80002c0a (0x03850733) mul     a4, a0, s8
core   0: 3 0x80002c0a (0x03850733) x14 0x00000000
core   0: 0x80002c0e (0x00006e05) c.lui   t3, 0x1
core   0: 3 0x80002c0e (0x6e05) x28 0x00001000
core   0: 0x80002c10 (0x00018e03) lb      t3, 0(gp)
core   0: 3 0x80002c10 (0x00018e03) x28 0x00000000 mem 0x8001e760
core   0: 0x80002c14 (0x00e182a3) sb      a4, 5(gp)
core   0: 3 0x80002c14 (0x00e182a3) mem 0x8001e765 0x00
core   0: 0x80002c18 (0x00004e61) c.li    t3, 24
core   0: 3 0x80002c18 (0x4e61) x28 0x00000018
core   0: 0x80002c1a (0x00009b7d) c.andi  a4, -1
core   0: 3 0x80002c1a (0x9b7d) x14 0x00000000
core   0: 0x80002c1c (0x01877833) and     a6, a4, s8
core   0: 3 0x80002c1c (0x01877833) x16 0x00000000
core   0: 0x80002c20 (0xff318803) lb      a6, -13(gp)
core   0: 3 0x80002c20 (0xff318803) x16 0x00000000 mem 0x8001e753
core   0: 0x80002c24 (0xff718803) lb      a6, -9(gp)
core   0: 3 0x80002c24 (0xff718803) x16 0x00000000 mem 0x8001e757
core   0: 0x80002c28 (0x00009c42) c.add   s8, a6
core   0: 3 0x80002c28 (0x9c42) x24 0x00000000
core   0: 0x80002c2a (0xffd1c703) lbu     a4, -3(gp)
core   0: 3 0x80002c2a (0xffd1c703) x14 0x00000000 mem 0x8001e75d
core   0: 0x80002c2e (0x0091c503) lbu     a0, 9(gp)
core   0: 3 0x80002c2e (0x0091c503) x10 0x00000000 mem 0x8001e769
core   0: 0x80002c32 (0xa3498993) addi    s3, s3, -1484
core   0: 3 0x80002c32 (0xa3498993) x19 0xfffffa34
core   0: 0x80002c36 (0x00d1c703) lbu     a4, 13(gp)
core   0: 3 0x80002c36 (0x00d1c703) x14 0x00000000 mem 0x8001e76d
core   0: 0x80002c3a (0x01ee1813) slli    a6, t3, 30
core   0: 3 0x80002c3a (0x01ee1813) x16 0x00000000
core   0: 0x80002c3e (0x00ae0c33) add     s8, t3, a0
core   0: 3 0x80002c3e (0x00ae0c33) x24 0x00000018
core   0: 0x80002c42 (0x00e9b9b3) sltu    s3, s3, a4
core   0: 3 0x80002c42 (0x00e9b9b3) x19 0x00000000
core   0: 0x80002c46 (0x01373733) sltu    a4, a4, s3
core   0: 3 0x80002c46 (0x01373733) x14 0x00000000
core   0: 0x80002c4a (0x9a3e6813) ori     a6, t3, -1629
core   0: 3 0x80002c4a (0x9a3e6813) x16 0xfffff9bb
core   0: 0x80002c4e (0x0001ae03) lw      t3, 0(gp)
core   0: 3 0x80002c4e (0x0001ae03) x28 0x00000000 mem 0x8001e760
core   0: 0x80002c52 (0x02a72833) mulhsu  a6, a4, a0
core   0: 3 0x80002c52 (0x02a72833) x16 0x00000000
core   0: 0x80002c56 (0x00008f29) c.xor   a4, a0
core   0: 3 0x80002c56 (0x8f29) x14 0x00000000
core   0: 0x80002c58 (0x000099ba) c.add   s3, a4
core   0: 3 0x80002c58 (0x99ba) x19 0x00000000
core   0: 0x80002c5a (0x013e0833) add     a6, t3, s3
core   0: 3 0x80002c5a (0x013e0833) x16 0x00000000
core   0: 0x80002c5e (0x00318503) lb      a0, 3(gp)
core   0: 3 0x80002c5e (0x00318503) x10 0x00000000 mem 0x8001e763
core   0: 0x80002c62 (0xff51c703) lbu     a4, -11(gp)
core   0: 3 0x80002c62 (0xff51c703) x14 0x00000000 mem 0x8001e755
core   0: 0x80002c66 (0xff71c703) lbu     a4, -9(gp)
core   0: 3 0x80002c66 (0xff71c703) x14 0x00000000 mem 0x8001e757
core   0: 0x80002c6a (0xffa19983) lh      s3, -6(gp)
core   0: 3 0x80002c6a (0xffa19983) x19 0x00000000 mem 0x8001e75a
core   0: 0x80002c6e (0x0000e117) auipc   sp, 0xe
core   0: 3 0x80002c6e (0x0000e117) x2  0x80010c6e
core   0: 0x80002c72 (0x2dd10113) addi    sp, sp, 733
core   0: 3 0x80002c72 (0x2dd10113) x2  0x80010f4b
core   0: 0x80002c76 (0x01112503) lw      a0, 17(sp)
core   0: 3 0x80002c76 (0x01112503) x10 0x00000000 mem 0x80010f5c
core   0: 0x80002c7a (0x00000001) c.nop
core   0: 3 0x80002c7a (0x0001)
core   0: 0x80002c7c (0x01111283) lh      t0, 17(sp)
core   0: 3 0x80002c7c (0x01111283) x5  0x00000000 mem 0x80010f5c
core   0: 0x80002c80 (0x01d128a3) sw      t4, 17(sp)
core   0: 3 0x80002c80 (0x01d128a3) mem 0x80010f5c 0x00000000
core   0: 0x80002c84 (0x20402713) slti    a4, zero, 516
core   0: 3 0x80002c84 (0x20402713) x14 0x00000001
core   0: 0x80002c88 (0x032b1233) mulh    tp, s6, s2
core   0: 3 0x80002c88 (0x032b1233) x4  0x00000000
core   0: 0x80002c8c (0x01115483) lhu     s1, 17(sp)
core   0: 3 0x80002c8c (0x01115483) x9  0x00000000 mem 0x80010f5c
core   0: 0x80002c90 (0x014128a3) sw      s4, 17(sp)
core   0: 3 0x80002c90 (0x014128a3) mem 0x80010f5c 0xffffffff
core   0: 0x80002c94 (0x01114a03) lbu     s4, 17(sp)
core   0: 3 0x80002c94 (0x01114a03) x20 0x000000ff mem 0x80010f5c
core   0: 0x80002c98 (0x01110f03) lb      t5, 17(sp)
core   0: 3 0x80002c98 (0x01110f03) x30 0xffffffff mem 0x80010f5c
core   0: 0x80002c9c (0x01111583) lh      a1, 17(sp)
core   0: 3 0x80002c9c (0x01111583) x11 0xffffffff mem 0x80010f5c
core   0: 0x80002ca0 (0x03922c33) mulhsu  s8, tp, s9
core   0: 3 0x80002ca0 (0x03922c33) x24 0x00000000
core   0: 0x80002ca4 (0x01baa333) slt     t1, s5, s11
core   0: 3 0x80002ca4 (0x01baa333) x6  0x00000001
core   0: 0x80002ca8 (0x01111403) lh      s0, 17(sp)
core   0: 3 0x80002ca8 (0x01111403) x8  0xffffffff mem 0x80010f5c
core   0: 0x80002cac (0x01110e03) lb      t3, 17(sp)
core   0: 3 0x80002cac (0x01110e03) x28 0xffffffff mem 0x80010f5c
core   0: 0x80002cb0 (0xff715f83) lhu     t6, -9(sp)
core   0: 3 0x80002cb0 (0xff715f83) x31 0x00000000 mem 0x80010f42
core   0: 0x80002cb4 (0xff711003) lh      zero, -9(sp)
core   0: 3 0x80002cb4 (0xff711003) mem 0x80010f42
core   0: 0x80002cb8 (0xff715c83) lhu     s9, -9(sp)
core   0: 3 0x80002cb8 (0xff715c83) x25 0x00000000 mem 0x80010f42
core   0: 0x80002cbc (0x0000d117) auipc   sp, 0xd
core   0: 3 0x80002cbc (0x0000d117) x2  0x8000fcbc
core   0: 0x80002cc0 (0x74110113) addi    sp, sp, 1857
core   0: 3 0x80002cc0 (0x74110113) x2  0x800103fd
core   0: 0x80002cc4 (0x78010e83) lb      t4, 1920(sp)
core   0: 3 0x80002cc4 (0x78010e83) x29 0x00000000 mem 0x80010b7d
core   0: 0x80002cc8 (0x78014703) lbu     a4, 1920(sp)
core   0: 3 0x80002cc8 (0x78014703) x14 0x00000000 mem 0x80010b7d
core   0: 0x80002ccc (0x78010c03) lb      s8, 1920(sp)
core   0: 3 0x80002ccc (0x78010c03) x24 0x00000000 mem 0x80010b7d
core   0: 0x80002cd0 (0xdd010023) sb      a6, -576(sp)
core   0: 3 0x80002cd0 (0xdd010023) mem 0x800101bd 0x00
core   0: 0x80002cd4 (0x407f6993) ori     s3, t5, 1031
core   0: 3 0x80002cd4 (0x407f6993) x19 0xffffffff
core   0: 0x80002cd8 (0xdc014c03) lbu     s8, -576(sp)
core   0: 3 0x80002cd8 (0xdc014c03) x24 0x00000000 mem 0x800101bd
core   0: 0x80002cdc (0xdd010023) sb      a6, -576(sp)
core   0: 3 0x80002cdc (0xdd010023) mem 0x800101bd 0x00
core   0: 0x80002ce0 (0xce210f03) lb      t5, -798(sp)
core   0: 3 0x80002ce0 (0xce210f03) x30 0x00000000 mem 0x800100df
core   0: 0x80002ce4 (0xe3814303) lbu     t1, -456(sp)
core   0: 3 0x80002ce4 (0xe3814303) x6  0x00000000 mem 0x80010235
core   0: 0x80002ce8 (0xe3110c23) sb      a7, -456(sp)
core   0: 3 0x80002ce8 (0xe3110c23) mem 0x80010235 0xe4
core   0: 0x80002cec (0x007b95b3) sll     a1, s7, t2
core   0: 3 0x80002cec (0x007b95b3) x11 0x80025e64
core   0: 0x80002cf0 (0x00008e51) c.or    a2, a2
core   0: 3 0x80002cf0 (0x8e51) x12 0x00000000
core   0: 0x80002cf2 (0x415a80b3) sub     ra, s5, s5
core   0: 3 0x80002cf2 (0x415a80b3) x1  0x00000000
core   0: 0x80002cf6 (0xe3810483) lb      s1, -456(sp)
core   0: 3 0x80002cf6 (0xe3810483) x9  0xffffffe4 mem 0x80010235
core   0: 0x80002cfa (0x0000ec17) auipc   s8, 0xe
core   0: 3 0x80002cfa (0x0000ec17) x24 0x80010cfa
core   0: 0x80002cfe (0xa9fc0c13) addi    s8, s8, -1377
core   0: 3 0x80002cfe (0xa9fc0c13) x24 0x80010799
core   0: 0x80002d02 (0x00000c80) c.addi4spn s0, sp, 592
core   0: 3 0x80002d02 (0x0c80) x8  0x8001064d
core   0: 0x80002d04 (0x02bc0f83) lb      t6, 43(s8)
core   0: 3 0x80002d04 (0x02bc0f83) x31 0x00000000 mem 0x800107c4
core   0: 0x80002d08 (0x02bc2b03) lw      s6, 43(s8)
core   0: 3 0x80002d08 (0x02bc2b03) x22 0x00000000 mem 0x800107c4
core   0: 0x80002d0c (0x09eff293) andi    t0, t6, 158
core   0: 3 0x80002d0c (0x09eff293) x5  0x00000000
core   0: 0x80002d10 (0x02bc4f03) lbu     t5, 43(s8)
core   0: 3 0x80002d10 (0x02bc4f03) x30 0x00000000 mem 0x800107c4
core   0: 0x80002d14 (0x02bc1403) lh      s0, 43(s8)
core   0: 3 0x80002d14 (0x02bc1403) x8  0x00000000 mem 0x800107c4
core   0: 0x80002d18 (0xfc5c1c83) lh      s9, -59(s8)
core   0: 3 0x80002d18 (0xfc5c1c83) x25 0x00000000 mem 0x8001075e
core   0: 0x80002d1c (0x03ac4383) lbu     t2, 58(s8)
core   0: 3 0x80002d1c (0x03ac4383) x7  0x00000000 mem 0x800107d3
core   0: 0x80002d20 (0xfc9c0123) sb      s1, -62(s8)
core   0: 3 0x80002d20 (0xfc9c0123) mem 0x8001075b 0xe4
core   0: 0x80002d24 (0x020c4783) lbu     a5, 32(s8)
core   0: 3 0x80002d24 (0x020c4783) x15 0x00000000 mem 0x800107b9
core   0: 0x80002d28 (0x020c4203) lbu     tp, 32(s8)
core   0: 3 0x80002d28 (0x020c4203) x4  0x00000000 mem 0x800107b9
core   0: 0x80002d2c (0x020c0a83) lb      s5, 32(s8)
core   0: 3 0x80002d2c (0x020c0a83) x21 0x00000000 mem 0x800107b9
core   0: 0x80002d30 (0x00341cb3) sll     s9, s0, gp
core   0: 3 0x80002d30 (0x00341cb3) x25 0x00000000
core   0: 0x80002d34 (0x033c0023) sb      s3, 32(s8)
core   0: 3 0x80002d34 (0x033c0023) mem 0x800107b9 0xff
core   0: 0x80002d38 (0xfcdc0983) lb      s3, -51(s8)
core   0: 3 0x80002d38 (0xfcdc0983) x19 0x00000000 mem 0x80010766
core   0: 0x80002d3c (0x0260076f) jal     a4, pc + 0x26
core   0: 3 0x80002d3c (0x0260076f) x14 0x80002d40
core   0: 0x80002d62 (0x0000b7dd) c.j     pc - 26
core   0: 3 0x80002d62 (0xb7dd)
core   0: 0x80002d48 (0x0000a809) c.j     pc + 18
core   0: 3 0x80002d48 (0xa809)
core   0: 0x80002d5a (0x0000bfed) c.j     pc - 6
core   0: 3 0x80002d5a (0xbfed)
core   0: 0x80002d54 (0x0000a021) c.j     pc + 8
core   0: 3 0x80002d54 (0xa021)
core   0: 0x80002d5c (0xff7ff0ef) jal     pc - 0xa
core   0: 3 0x80002d5c (0xff7ff0ef) x1  0x80002d60
core   0: 0x80002d52 (0x000037fd) c.jal   pc - 18
core   0: 3 0x80002d52 (0x37fd) x1  0x80002d54
core   0: 0x80002d40 (0x00002011) c.jal   pc + 4
core   0: 3 0x80002d40 (0x2011) x1  0x80002d42
core   0: 0x80002d44 (0x0000a019) c.j     pc + 6
core   0: 3 0x80002d44 (0xa019)
core   0: 0x80002d4a (0x004004ef) jal     s1, pc + 0x4
core   0: 3 0x80002d4a (0x004004ef) x9  0x80002d4e
core   0: 0x80002d4e (0x012009ef) jal     s3, pc + 0x12
core   0: 3 0x80002d4e (0x012009ef) x19 0x80002d52
core   0: 0x80002d60 (0x000037cd) c.jal   pc - 30
core   0: 3 0x80002d60 (0x37cd) x1  0x80002d62
core   0: 0x80002d42 (0x00002811) c.jal   pc + 20
core   0: 3 0x80002d42 (0x2811) x1  0x80002d44
core   0: 0x80002d56 (0xff1ff0ef) jal     pc - 0x10
core   0: 3 0x80002d56 (0xff1ff0ef) x1  0x80002d5a
core   0: 0x80002d46 (0x00002839) c.jal   pc + 30
core   0: 3 0x80002d46 (0x2839) x1  0x80002d48
core   0: 0x80002d64 (0x01829f33) sll     t5, t0, s8
core   0: 3 0x80002d64 (0x01829f33) x30 0x00000000
core   0: 0x80002d68 (0x00004499) c.li    s1, 6
core   0: 3 0x80002d68 (0x4499) x9  0x00000006
core   0: 0x80002d6a (0x00004d99) c.li    s11, 6
core   0: 3 0x80002d6a (0x4d99) x27 0x00000006
core   0: 0x80002d6c (0x00000001) c.nop
core   0: 3 0x80002d6c (0x0001)
core   0: 0x80002d6e (0x00000510) c.addi4spn a2, sp, 640
core   0: 3 0x80002d6e (0x0510) x12 0x8001067d
core   0: 0x80002d70 (0x000014f5) c.addi  s1, -3
core   0: 3 0x80002d70 (0x14f5) x9  0x00000003
core   0: 0x80002d72 (0x0118a233) slt     tp, a7, a7
core   0: 3 0x80002d72 (0x0118a233) x4  0x00000000
core   0: 0x80002d76 (0x00004395) c.li    t2, 5
core   0: 3 0x80002d76 (0x4395) x7  0x00000005
core   0: 0x80002d78 (0x00008866) c.mv    a6, s9
core   0: 3 0x80002d78 (0x8866) x16 0x00000000
core   0: 0x80002d7a (0x00004d31) c.li    s10, 12
core   0: 3 0x80002d7a (0x4d31) x26 0x0000000c
core   0: 0x80002d7c (0x0000843d) c.srai  s0, 15
core   0: 3 0x80002d7c (0x843d) x8  0x00000000
core   0: 0x80002d7e (0x9a4376b7) lui     a3, 0x9a437
core   0: 3 0x80002d7e (0x9a4376b7) x13 0x9a437000
core   0: 0x80002d82 (0x0000039d) c.addi  t2, 7
core   0: 3 0x80002d82 (0x039d) x7  0x0000000c
core   0: 0x80002d84 (0xffa39de3) bne     t2, s10, pc - 6
core   0: 3 0x80002d84 (0xffa39de3)
core   0: 0x80002d88 (0xc5f87f97) auipc   t6, 0xc5f87
core   0: 3 0x80002d88 (0xc5f87f97) x31 0x45f89d88
core   0: 0x80002d8c (0xffb4f0e3) bgeu    s1, s11, pc - 32
core   0: 3 0x80002d8c (0xffb4f0e3)
core   0: 0x80002d90 (0x0378a033) mulhsu  zero, a7, s7
core   0: 3 0x80002d90 (0x0378a033)
core   0: 0x80002d94 (0x0000e117) auipc   sp, 0xe
core   0: 3 0x80002d94 (0x0000e117) x2  0x80010d94
core   0: 0x80002d98 (0x8d010113) addi    sp, sp, -1840
core   0: 3 0x80002d98 (0x8d010113) x2  0x80010664
core   0: 0x80002d9c (0x34a14583) lbu     a1, 842(sp)
core   0: 3 0x80002d9c (0x34a14583) x11 0x00000000 mem 0x800109ae
core   0: 0x80002da0 (0x0000147d) c.addi  s0, -1
core   0: 3 0x80002da0 (0x147d) x8  0xffffffff
core   0: 0x80002da2 (0x00009c5a) c.add   s8, s6
core   0: 3 0x80002da2 (0x9c5a) x24 0x80010799
core   0: 0x80002da4 (0x03cb79b3) remu    s3, s6, t3
core   0: 3 0x80002da4 (0x03cb79b3) x19 0x00000000
core   0: 0x80002da8 (0x030c4b33) div     s6, s8, a6
core   0: 3 0x80002da8 (0x030c4b33) x22 0xffffffff
core   0: 0x80002dac (0x00008ae6) c.mv    s5, s9
core   0: 3 0x80002dac (0x8ae6) x21 0x00000000
core   0: 0x80002dae (0xd7a102a3) sb      s10, -667(sp)
core   0: 3 0x80002dae (0xd7a102a3) mem 0x800103c9 0x0c
core   0: 0x80002db2 (0x4dd10783) lb      a5, 1245(sp)
core   0: 3 0x80002db2 (0x4dd10783) x15 0x00000000 mem 0x80010b41
core   0: 0x80002db6 (0x000082e1) c.srli  a3, 24
core   0: 3 0x80002db6 (0x82e1) x13 0x0000009a
core   0: 0x80002db8 (0x00008d9d) c.sub   a1, a5
core   0: 3 0x80002db8 (0x8d9d) x11 0x00000000
core   0: 0x80002dba (0xb6714003) lbu     zero, -1177(sp)
core   0: 3 0x80002dba (0xb6714003) mem 0x800101cb
core   0: 0x80002dbe (0x5ce15c03) lhu     s8, 1486(sp)
core   0: 3 0x80002dbe (0x5ce15c03) x24 0x0000cb00 mem 0x80010c32
core   0: 0x80002dc2 (0xb7211d03) lh      s10, -1166(sp)
core   0: 3 0x80002dc2 (0xb7211d03) x26 0x00000000 mem 0x800101d6
core   0: 0x80002dc6 (0x4127d517) auipc   a0, 0x4127d
core   0: 3 0x80002dc6 (0x4127d517) x10 0xc127fdc6
core   0: 0x80002dca (0x030915b3) mulh    a1, s2, a6
core   0: 3 0x80002dca (0x030915b3) x11 0x00000000
core   0: 0x80002dce (0xc4a11a03) lh      s4, -950(sp)
core   0: 3 0x80002dce (0xc4a11a03) x20 0x00000000 mem 0x800102ae
core   0: 0x80002dd2 (0x002f3e33) sltu    t3, t5, sp
core   0: 3 0x80002dd2 (0x002f3e33) x28 0x00000001
core   0: 0x80002dd6 (0x012be2b3) or      t0, s7, s2
core   0: 3 0x80002dd6 (0x012be2b3) x5  0x8c92fe6d
core   0: 0x80002dda (0x407e5c93) srai    s9, t3, 7
core   0: 3 0x80002dda (0x407e5c93) x25 0x00000000
core   0: 0x80002dde (0x417eda93) srai    s5, t4, 23
core   0: 3 0x80002dde (0x417eda93) x21 0x00000000
core   0: 0x80002de2 (0xa13101a3) sb      s3, -1533(sp)
core   0: 3 0x80002de2 (0xa13101a3) mem 0x80010067 0x00
core   0: 0x80002de6 (0x42784013) xori    zero, a6, 1063
core   0: 3 0x80002de6 (0x42784013)
core   0: 0x80002dea (0x3c910f03) lb      t5, 969(sp)
core   0: 3 0x80002dea (0x3c910f03) x30 0x00000000 mem 0x80010a2d
core   0: 0x80002dee (0xe0a10423) sb      a0, -504(sp)
core   0: 3 0x80002dee (0xe0a10423) mem 0x8001046c 0xc6
core   0: 0x80002df2 (0x025364b3) rem     s1, t1, t0
core   0: 3 0x80002df2 (0x025364b3) x9  0x00000000
core   0: 0x80002df6 (0x0000923a) c.add   tp, a4
core   0: 3 0x80002df6 (0x923a) x4  0x80002d40
core   0: 0x80002df8 (0x2ed14803) lbu     a6, 749(sp)
core   0: 3 0x80002df8 (0x2ed14803) x16 0x00000000 mem 0x80010951
core   0: 0x80002dfc (0x0000682d) c.lui   a6, 0xb
core   0: 3 0x80002dfc (0x682d) x16 0x0000b000
core   0: 0x80002dfe (0x57f14c83) lbu     s9, 1407(sp)
core   0: 3 0x80002dfe (0x57f14c83) x25 0x00000000 mem 0x80010be3
core   0: 0x80002e02 (0x00015517) auipc   a0, 0x15
core   0: 3 0x80002e02 (0x00015517) x10 0x80017e02
core   0: 0x80002e06 (0x83050513) addi    a0, a0, -2000
core   0: 3 0x80002e06 (0x83050513) x10 0x80017632
core   0: 0x80002e0a (0x7e4c0c13) addi    s8, s8, 2020
core   0: 3 0x80002e0a (0x7e4c0c13) x24 0x0000d2e4
core   0: 0x80002e0e (0x03ec5733) divu    a4, s8, t5
core   0: 3 0x80002e0e (0x03ec5733) x14 0xffffffff
core   0: 0x80002e12 (0x40ec01b3) sub     gp, s8, a4
core   0: 3 0x80002e12 (0x40ec01b3) x3  0x0000d2e5
core   0: 0x80002e16 (0x00008795) c.srai  a5, 5
core   0: 3 0x80002e16 (0x8795) x15 0x00000000
core   0: 0x80002e18 (0x00f54703) lbu     a4, 15(a0)
core   0: 3 0x80002e18 (0x00f54703) x14 0x00000000 mem 0x80017641
core   0: 0x80002e1c (0x00c35c13) srli    s8, t1, 12
core   0: 3 0x80002e1c (0x00c35c13) x24 0x00000000
core   0: 0x80002e20 (0xff954183) lbu     gp, -7(a0)
core   0: 3 0x80002e20 (0xff954183) x3  0x00000000 mem 0x8001762b
core   0: 0x80002e24 (0x00c54183) lbu     gp, 12(a0)
core   0: 3 0x80002e24 (0x00c54183) x3  0x00000000 mem 0x8001763e
core   0: 0x80002e28 (0xff450303) lb      t1, -12(a0)
core   0: 3 0x80002e28 (0xff450303) x6  0x00000000 mem 0x80017626
core   0: 0x80002e2c (0x00e500a3) sb      a4, 1(a0)
core   0: 3 0x80002e2c (0x00e500a3) mem 0x80017633 0x00
core   0: 0x80002e30 (0xfef50f23) sb      a5, -2(a0)
core   0: 3 0x80002e30 (0xfef50f23) mem 0x80017630 0x00
core   0: 0x80002e34 (0xffe55183) lhu     gp, -2(a0)
core   0: 3 0x80002e34 (0xffe55183) x3  0x00000000 mem 0x80017630
core   0: 0x80002e38 (0xfff54c03) lbu     s8, -1(a0)
core   0: 3 0x80002e38 (0xfff54c03) x24 0x00000000 mem 0x80017631
core   0: 0x80002e3c (0x00855783) lhu     a5, 8(a0)
core   0: 3 0x80002e3c (0x00855783) x15 0x00000000 mem 0x8001763a
core   0: 0x80002e40 (0xff350183) lb      gp, -13(a0)
core   0: 3 0x80002e40 (0xff350183) x3  0x00000000 mem 0x80017625
core   0: 0x80002e44 (0xffe50fa3) sb      t5, -1(a0)
core   0: 3 0x80002e44 (0xffe50fa3) mem 0x80017631 0x00
core   0: 0x80002e48 (0xfee50ca3) sb      a4, -7(a0)
core   0: 3 0x80002e48 (0xfee50ca3) mem 0x8001762b 0x00
core   0: 0x80002e4c (0x00d50c03) lb      s8, 13(a0)
core   0: 3 0x80002e4c (0x00d50c03) x24 0x00000000 mem 0x8001763f
core   0: 0x80002e50 (0xfee50ea3) sb      a4, -3(a0)
core   0: 3 0x80002e50 (0xfee50ea3) mem 0x8001762f 0x00
core   0: 0x80002e54 (0xd8a33193) sltiu   gp, t1, -630
core   0: 3 0x80002e54 (0xd8a33193) x3  0x00000001
core   0: 0x80002e58 (0xff851923) sh      s8, -14(a0)
core   0: 3 0x80002e58 (0xff851923) mem 0x80017624 0x0000
core   0: 0x80002e5c (0x00008f39) c.xor   a4, a4
core   0: 3 0x80002e5c (0x8f39) x14 0x00000000
core   0: 0x80002e5e (0x00005c7d) c.li    s8, -1
core   0: 3 0x80002e5e (0x5c7d) x24 0xffffffff
core   0: 0x80002e60 (0x02e78733) mul     a4, a5, a4
core   0: 3 0x80002e60 (0x02e78733) x14 0x00000000
core   0: 0x80002e64 (0xff850183) lb      gp, -8(a0)
core   0: 3 0x80002e64 (0xff850183) x3  0x00000000 mem 0x8001762a
core   0: 0x80002e68 (0x00e50123) sb      a4, 2(a0)
core   0: 3 0x80002e68 (0x00e50123) mem 0x80017634 0x00
core   0: 0x80002e6c (0xffe51183) lh      gp, -2(a0)
core   0: 3 0x80002e6c (0xffe51183) x3  0x00000000 mem 0x80017630
core   0: 0x80002e70 (0x006500a3) sb      t1, 1(a0)
core   0: 3 0x80002e70 (0x006500a3) mem 0x80017633 0x00
core   0: 0x80002e74 (0x00b50703) lb      a4, 11(a0)
core   0: 3 0x80002e74 (0x00b50703) x14 0x00000000 mem 0x8001763d
core   0: 0x80002e78 (0x00d50783) lb      a5, 13(a0)
core   0: 3 0x80002e78 (0x00d50783) x15 0x00000000 mem 0x8001763f
core   0: 0x80002e7c (0x00000001) c.nop
core   0: 3 0x80002e7c (0x0001)
core   0: 0x80002e7e (0x00e504a3) sb      a4, 9(a0)
core   0: 3 0x80002e7e (0x00e504a3) mem 0x8001763b 0x00
core   0: 0x80002e82 (0x023f1333) mulh    t1, t5, gp
core   0: 3 0x80002e82 (0x023f1333) x6  0x00000000
core   0: 0x80002e86 (0x0057dc13) srli    s8, a5, 5
core   0: 3 0x80002e86 (0x0057dc13) x24 0x00000000
core   0: 0x80002e8a (0xff651c03) lh      s8, -10(a0)
core   0: 3 0x80002e8a (0xff651c03) x24 0x00000000 mem 0x80017628
core   0: 0x80002e8e (0xfe651823) sh      t1, -16(a0)
core   0: 3 0x80002e8e (0xfe651823) mem 0x80017622 0x0000
core   0: 0x80002e92 (0x02319333) mulh    t1, gp, gp
core   0: 3 0x80002e92 (0x02319333) x6  0x00000000
core   0: 0x80002e96 (0x00e51703) lh      a4, 14(a0)
core   0: 3 0x80002e96 (0x00e51703) x14 0x00000000 mem 0x80017640
core   0: 0x80002e9a (0xff954183) lbu     gp, -7(a0)
core   0: 3 0x80002e9a (0xff954183) x3  0x00000000 mem 0x8001762b
core   0: 0x80002e9e (0x00554303) lbu     t1, 5(a0)
core   0: 3 0x80002e9e (0x00554303) x6  0x00000000 mem 0x80017637
core   0: 0x80002ea2 (0x0000e117) auipc   sp, 0xe
core   0: 3 0x80002ea2 (0x0000e117) x2  0x80010ea2
core   0: 0x80002ea6 (0xa9810113) addi    sp, sp, -1384
core   0: 3 0x80002ea6 (0xa9810113) x2  0x8001093a
core   0: 0x80002eaa (0x00009c96) c.add   s9, t0
core   0: 3 0x80002eaa (0x9c96) x25 0x8c92fe6d
core   0: 0x80002eac (0xd88100a3) sb      s0, -639(sp)
core   0: 3 0x80002eac (0xd88100a3) mem 0x800106bb 0xff
core   0: 0x80002eb0 (0x5fc0b393) sltiu   t2, ra, 1532
core   0: 3 0x80002eb0 (0x5fc0b393) x7  0x00000000
core   0: 0x80002eb4 (0x42a10ea3) sb      a0, 1085(sp)
core   0: 3 0x80002eb4 (0x42a10ea3) mem 0x80010d77 0x32
core   0: 0x80002eb8 (0x286109a3) sb      t1, 659(sp)
core   0: 3 0x80002eb8 (0x286109a3) mem 0x80010bcd 0x00
core   0: 0x80002ebc (0x44d11523) sh      a3, 1098(sp)
core   0: 3 0x80002ebc (0x44d11523) mem 0x80010d84 0x009a
core   0: 0x80002ec0 (0x00001e7d) c.addi  t3, -1
core   0: 3 0x80002ec0 (0x1e7d) x28 0x00000000
core   0: 0x80002ec2 (0x17e10e83) lb      t4, 382(sp)
core   0: 3 0x80002ec2 (0x17e10e83) x29 0x00000000 mem 0x80010ab8
core   0: 0x80002ec6 (0x00008f55) c.or    a4, a3
core   0: 3 0x80002ec6 (0x8f55) x14 0x0000009a
core   0: 0x80002ec8 (0xcd114c83) lbu     s9, -815(sp)
core   0: 3 0x80002ec8 (0xcd114c83) x25 0x00000000 mem 0x8001060b
core   0: 0x80002ecc (0x00008c85) c.sub   s1, s1
core   0: 3 0x80002ecc (0x8c85) x9  0x00000000
core   0: 0x80002ece (0x36a10603) lb      a2, 874(sp)
core   0: 3 0x80002ece (0x36a10603) x12 0x00000000 mem 0x80010ca4
core   0: 0x80002ed2 (0x00008d75) c.and   a0, a3
core   0: 3 0x80002ed2 (0x8d75) x10 0x00000012
core   0: 0x80002ed4 (0x00009eba) c.add   t4, a4
core   0: 3 0x80002ed4 (0x9eba) x29 0x0000009a
core   0: 0x80002ed6 (0x00008a22) c.mv    s4, s0
core   0: 3 0x80002ed6 (0x8a22) x20 0xffffffff
core   0: 0x80002ed8 (0x6ef109a3) sb      a5, 1779(sp)
core   0: 3 0x80002ed8 (0x6ef109a3) mem 0x8001102d 0x00
core   0: 0x80002edc (0x009ede93) srli    t4, t4, 9
core   0: 3 0x80002edc (0x009ede93) x29 0x00000000
core   0: 0x80002ee0 (0x4ff2a813) slti    a6, t0, 1279
core   0: 3 0x80002ee0 (0x4ff2a813) x16 0x00000001
core   0: 0x80002ee4 (0x00008041) c.srli  s0, 16
core   0: 3 0x80002ee4 (0x8041) x8  0x0000ffff
core   0: 0x80002ee6 (0x029fb833) mulhu   a6, t6, s1
core   0: 3 0x80002ee6 (0x029fb833) x16 0x00000000
core   0: 0x80002eea (0x4fd14983) lbu     s3, 1277(sp)
core   0: 3 0x80002eea (0x4fd14983) x19 0x00000000 mem 0x80010e37
core   0: 0x80002eee (0xe4210723) sb      sp, -434(sp)
core   0: 3 0x80002eee (0xe4210723) mem 0x80010788 0x3a
core   0: 0x80002ef2 (0x00008d95) c.sub   a1, a3
core   0: 3 0x80002ef2 (0x8d95) x11 0xffffff66
core   0: 0x80002ef4 (0x40685d93) srai    s11, a6, 6
core   0: 3 0x80002ef4 (0x40685d93) x27 0x00000000
core   0: 0x80002ef8 (0x42410ba3) sb      tp, 1079(sp)
core   0: 3 0x80002ef8 (0x42410ba3) mem 0x80010d71 0x40
core   0: 0x80002efc (0x31914b03) lbu     s6, 793(sp)
core   0: 3 0x80002efc (0x31914b03) x22 0x00000000 mem 0x80010c53
core   0: 0x80002f00 (0x48214183) lbu     gp, 1154(sp)
core   0: 3 0x80002f00 (0x48214183) x3  0x00000000 mem 0x80010dbc
core   0: 0x80002f04 (0xe2b10d83) lb      s11, -469(sp)
core   0: 3 0x80002f04 (0xe2b10d83) x27 0x00000000 mem 0x80010765
core   0: 0x80002f08 (0x69111023) sh      a7, 1664(sp)
core   0: 3 0x80002f08 (0x69111023) mem 0x80010fba 0x9ce4
core   0: 0x80002f0c (0x4e914203) lbu     tp, 1257(sp)
core   0: 3 0x80002f0c (0x4e914203) x4  0x00000000 mem 0x80010e23
core   0: 0x80002f10 (0x000081cd) c.srli  a1, 19
core   0: 3 0x80002f10 (0x81cd) x11 0x00001fff
core   0: 0x80002f12 (0x000001da) c.slli  gp, 22
core   0: 3 0x80002f12 (0x01da) x3  0x00000000
core   0: 0x80002f14 (0x01609693) slli    a3, ra, 22
core   0: 3 0x80002f14 (0x01609693) x13 0x52000000
core   0: 0x80002f18 (0x000059fd) c.li    s3, -1
core   0: 3 0x80002f18 (0x59fd) x19 0xffffffff
core   0: 0x80002f1a (0x9d508c13) addi    s8, ra, -1579
core   0: 3 0x80002f1a (0x9d508c13) x24 0x8000271d
core   0: 0x80002f1e (0x403e8ab3) sub     s5, t4, gp
core   0: 3 0x80002f1e (0x403e8ab3) x21 0x00000000
core   0: 0x80002f22 (0x02cace33) div     t3, s5, a2
core   0: 3 0x80002f22 (0x02cace33) x28 0xffffffff
core   0: 0x80002f26 (0xbbdf2d13) slti    s10, t5, -1091
core   0: 3 0x80002f26 (0xbbdf2d13) x26 0x00000000
core   0: 0x80002f2a (0xeab103a3) sb      a1, -345(sp)
core   0: 3 0x80002f2a (0xeab103a3) mem 0x800107e1 0xff
core   0: 0x80002f2e (0x0000ee97) auipc   t4, 0xe
core   0: 3 0x80002f2e (0x0000ee97) x29 0x80010f2e
core   0: 0x80002f32 (0x07de8e93) addi    t4, t4, 125
core   0: 3 0x80002f32 (0x07de8e93) x29 0x80010fab
core   0: 0x80002f36 (0x0000071c) c.addi4spn a5, sp, 896
core   0: 3 0x80002f36 (0x071c) x15 0x80010cba
core   0: 0x80002f38 (0xa7ae8a23) sb      s10, -1420(t4)
core   0: 3 0x80002f38 (0xa7ae8a23) mem 0x80010a1f 0x00
core   0: 0x80002f3c (0xe7bedc83) lhu     s9, -389(t4)
core   0: 3 0x80002f3c (0xe7bedc83) x25 0x00000000 mem 0x80010e26
core   0: 0x80002f40 (0xd78ba017) auipc   zero, 0xd78ba
core   0: 3 0x80002f40 (0xd78ba017)
core   0: 0x80002f44 (0xa94e8583) lb      a1, -1388(t4)
core   0: 3 0x80002f44 (0xa94e8583) x11 0x00000000 mem 0x80010a3f
core   0: 0x80002f48 (0xaade8823) sb      a3, -1360(t4)
core   0: 3 0x80002f48 (0xaade8823) mem 0x80010a5b 0x00
core   0: 0x80002f4c (0xcf0e81a3) sb      a6, -797(t4)
core   0: 3 0x80002f4c (0xcf0e81a3) mem 0x80010c8e 0x00
core   0: 0x80002f50 (0x00000446) c.slli  s0, 17
core   0: 3 0x80002f50 (0x0446) x8  0xfffe0000
core   0: 0x80002f52 (0xfd4ec003) lbu     zero, -44(t4)
core   0: 3 0x80002f52 (0xfd4ec003) mem 0x80010f7f
core   0: 0x80002f56 (0xf91e87a3) sb      a7, -113(t4)
core   0: 3 0x80002f56 (0xf91e87a3) mem 0x80010f3a 0xe4
core   0: 0x80002f5a (0x9dae96a3) sh      s10, -1587(t4)
core   0: 3 0x80002f5a (0x9dae96a3) mem 0x80010978 0x0000
core   0: 0x80002f5e (0xef1e8923) sb      a7, -270(t4)
core   0: 3 0x80002f5e (0xef1e8923) mem 0x80010e9d 0xe4
core   0: 0x80002f62 (0x00008c5d) c.or    s0, a5
core   0: 3 0x80002f62 (0x8c5d) x8  0xffff0cba
core   0: 0x80002f64 (0xba0ea4a3) sw      zero, -1111(t4)
core   0: 3 0x80002f64 (0xba0ea4a3) mem 0x80010b54 0x00000000
core   0: 0x80002f68 (0x000080e1) c.srli  s1, 24
core   0: 3 0x80002f68 (0x80e1) x9  0x00000000
core   0: 0x80002f6a (0x00008011) c.srli  s0, 4
core   0: 3 0x80002f6a (0x8011) x8  0x0ffff0cb
core   0: 0x80002f6c (0x01ff6c33) or      s8, t5, t6
core   0: 3 0x80002f6c (0x01ff6c33) x24 0x45f89d88
core   0: 0x80002f70 (0x00008e1d) c.sub   a2, a5
core   0: 3 0x80002f70 (0x8e1d) x12 0x7ffef346
core   0: 0x80002f72 (0x890e8983) lb      s3, -1904(t4)
core   0: 3 0x80002f72 (0x890e8983) x19 0x00000000 mem 0x8001083b
core   0: 0x80002f76 (0x00000f04) c.addi4spn s1, sp, 912
core   0: 3 0x80002f76 (0x0f04) x9  0x80010cca
core   0: 0x80002f78 (0xed9ec683) lbu     a3, -295(t4)
core   0: 3 0x80002f78 (0xed9ec683) x13 0x00000000 mem 0x80010e84
core   0: 0x80002f7c (0x858e8083) lb      ra, -1960(t4)
core   0: 3 0x80002f7c (0x858e8083) x1  0x00000000 mem 0x80010803
core   0: 0x80002f80 (0x025e81b3) mul     gp, t4, t0
core   0: 3 0x80002f80 (0x025e81b3) x3  0x018555cf
core   0: 0x80002f84 (0x02059133) mulh    sp, a1, zero
core   0: 3 0x80002f84 (0x02059133) x2  0x00000000
core   0: 0x80002f88 (0x00000001) c.nop
core   0: 3 0x80002f88 (0x0001)
core   0: 0x80002f8a (0xe56e8d83) lb      s11, -426(t4)
core   0: 3 0x80002f8a (0xe56e8d83) x27 0xffffff86 mem 0x80010e01
core   0: 0x80002f8e (0x01d8d833) srl     a6, a7, t4
core   0: 3 0x80002f8e (0x01d8d833) x16 0x00100053
core   0: 0x80002f92 (0x00008dbd) c.xor   a1, a5
core   0: 3 0x80002f92 (0x8dbd) x11 0x80010cba
core   0: 0x80002f94 (0x93eecf83) lbu     t6, -1730(t4)
core   0: 3 0x80002f94 (0x93eecf83) x31 0x00000000 mem 0x800108e9
core   0: 0x80002f98 (0x01cbd633) srl     a2, s7, t3
core   0: 3 0x80002f98 (0x01cbd633) x12 0x00000001
core   0: 0x80002f9c (0xaa6e8603) lb      a2, -1370(t4)
core   0: 3 0x80002f9c (0xaa6e8603) x12 0x00000000 mem 0x80010a51
core   0: 0x80002fa0 (0x852e9fa3) sh      s2, -1953(t4)
core   0: 3 0x80002fa0 (0x852e9fa3) mem 0x8001080a 0xaa29
core   0: 0x80002fa4 (0x40dbd0b3) sra     ra, s7, a3
core   0: 3 0x80002fa4 (0x40dbd0b3) x1  0x80025e64
core   0: 0x80002fa8 (0x09de9ba3) sh      t4, 151(t4)
core   0: 3 0x80002fa8 (0x09de9ba3) mem 0x80011042 0x0fab
core   0: 0x80002fac (0xb64e8a83) lb      s5, -1180(t4)
core   0: 3 0x80002fac (0xb64e8a83) x21 0x00000000 mem 0x80010b0f
core   0: 0x80002fb0 (0x02437e33) remu    t3, t1, tp
core   0: 3 0x80002fb0 (0x02437e33) x28 0x00000000
core   0: 0x80002fb4 (0x9f2e8a23) sb      s2, -1548(t4)
core   0: 3 0x80002fb4 (0x9f2e8a23) mem 0x8001099f 0x29
core   0: 0x80002fb8 (0x00008c41) c.or    s0, s0
core   0: 3 0x80002fb8 (0x8c41) x8  0x0ffff0cb
core   0: 0x80002fba (0x000010fd) c.addi  ra, -1
core   0: 3 0x80002fba (0x10fd) x1  0x80025e63
core   0: 0x80002fbc (0x00000001) c.nop
core   0: 3 0x80002fbc (0x0001)
core   0: 0x80002fbe (0xa47e8783) lb      a5, -1465(t4)
core   0: 3 0x80002fbe (0xa47e8783) x15 0x00000000 mem 0x800109f2
core   0: 0x80002fc2 (0x039b12b3) mulh    t0, s6, s9
core   0: 3 0x80002fc2 (0x039b12b3) x5  0x00000000
core   0: 0x80002fc6 (0x00000685) c.addi  a3, 1
core   0: 3 0x80002fc6 (0x0685) x13 0x00000001
core   0: 0x80002fc8 (0x00009cca) c.add   s9, s2
core   0: 3 0x80002fc8 (0x9cca) x25 0x8c90aa29
core   0: 0x80002fca (0x9913a593) slti    a1, t2, -1647
core   0: 3 0x80002fca (0x9913a593) x11 0x00000000
core   0: 0x80002fce (0xddce8923) sb      t3, -558(t4)
core   0: 3 0x80002fce (0xddce8923) mem 0x80010d7d 0x00
core   0: 0x80002fd2 (0x000044a9) c.li    s1, 10
core   0: 3 0x80002fd2 (0x44a9) x9  0x0000000a
core   0: 0x80002fd4 (0x00055c33) srl     s8, a0, zero
core   0: 3 0x80002fd4 (0x00055c33) x24 0x00000012
core   0: 0x80002fd8 (0x000015fd) c.addi  a1, -1
core   0: 3 0x80002fd8 (0x15fd) x11 0xffffffff
core   0: 0x80002fda (0x00006125) c.addi16sp sp, 96
core   0: 3 0x80002fda (0x6125) x2  0x00000060
core   0: 0x80002fdc (0x000d20b3) slt     ra, s10, zero
core   0: 3 0x80002fdc (0x000d20b3) x1  0x00000000
core   0: 0x80002fe0 (0xe5c20837) lui     a6, 0xe5c20
core   0: 3 0x80002fe0 (0xe5c20837) x16 0xe5c20000
core   0: 0x80002fe4 (0x0374d2b3) divu    t0, s1, s7
core   0: 3 0x80002fe4 (0x0374d2b3) x5  0x00000000
core   0: 0x80002fe8 (0x005fcf33) xor     t5, t6, t0
core   0: 3 0x80002fe8 (0x005fcf33) x30 0x00000000
core   0: 0x80002fec (0x00008f79) c.and   a4, a4
core   0: 3 0x80002fec (0x8f79) x14 0x0000009a
core   0: 0x80002fee (0x00004229) c.li    tp, 10
core   0: 3 0x80002fee (0x4229) x4  0x0000000a
core   0: 0x80002ff0 (0x021ba833) mulhsu  a6, s7, ra
core   0: 3 0x80002ff0 (0x021ba833) x16 0x00000000
core   0: 0x80002ff4 (0x00001f0c) c.addi4spn a1, sp, 944
core   0: 3 0x80002ff4 (0x1f0c) x11 0x00000410
core   0: 0x80002ff6 (0x000014f9) c.addi  s1, -2
core   0: 3 0x80002ff6 (0x14f9) x9  0x00000008
core   0: 0x80002ff8 (0x00000f8d) c.addi  t6, 3
core   0: 3 0x80002ff8 (0x0f8d) x31 0x00000003
core   0: 0x80002ffa (0xe5b6e013) ori     zero, a3, -421
core   0: 3 0x80002ffa (0xe5b6e013)
core   0: 0x80002ffe (0x0131bab3) sltu    s5, gp, s3
core   0: 3 0x80002ffe (0x0131bab3) x21 0x00000000
core   0: 0x80003002 (0x00009846) c.add   a6, a7
core   0: 3 0x80003002 (0x9846) x16 0x80029ce4
core   0: 0x80003004 (0x907a2e93) slti    t4, s4, -1785
core   0: 3 0x80003004 (0x907a2e93) x29 0x00000000
core   0: 0x80003008 (0x00000001) c.nop
core   0: 3 0x80003008 (0x0001)
core   0: 0x8000300a (0x00000001) c.nop
core   0: 3 0x8000300a (0x0001)
core   0: 0x8000300c (0xfe44f4e3) bgeu    s1, tp, pc - 24
core   0: 3 0x8000300c (0xfe44f4e3)
core   0: 0x80003010 (0x00b4c0b3) xor     ra, s1, a1
core   0: 3 0x80003010 (0x00b4c0b3) x1  0x00000418
core   0: 0x80003014 (0x00c0076f) jal     a4, pc + 0xc
core   0: 3 0x80003014 (0x00c0076f) x14 0x80003018
core   0: 0x80003020 (0xffbff0ef) jal     pc - 0x6
core   0: 3 0x80003020 (0xffbff0ef) x1  0x80003024
core   0: 0x8000301a (0x00a0036f) jal     t1, pc + 0xa
core   0: 3 0x8000301a (0x00a0036f) x6  0x8000301e
core   0: 0x80003024 (0x0000bfd5) c.j     pc - 12
core   0: 3 0x80003024 (0xbfd5)
core   0: 0x80003018 (0x0000a039) c.j     pc + 14
core   0: 3 0x80003018 (0xa039)
core   0: 0x80003026 (0x00002019) c.jal   pc + 6
core   0: 3 0x80003026 (0x2019) x1  0x80003028
core   0: 0x8000302c (0x00002011) c.jal   pc + 4
core   0: 3 0x8000302c (0x2011) x1  0x8000302e
core   0: 0x80003030 (0xff9ffaef) jal     s5, pc - 0x8
core   0: 3 0x80003030 (0xff9ffaef) x21 0x80003034
core   0: 0x80003028 (0xff7ff0ef) jal     pc - 0xa
core   0: 3 0x80003028 (0xff7ff0ef) x1  0x8000302c
core   0: 0x8000301e (0x0000a801) c.j     pc + 16
core   0: 3 0x8000301e (0xa801)
core   0: 0x8000302e (0x00002019) c.jal   pc + 6
core   0: 3 0x8000302e (0x2019) x1  0x80003030
core   0: 0x80003034 (0x0040036f) jal     t1, pc + 0x4
core   0: 3 0x80003034 (0x0040036f) x6  0x80003038
core   0: 0x80003038 (0x00002009) c.jal   pc + 2
core   0: 3 0x80003038 (0x2009) x1  0x8000303a
core   0: 0x8000303a (0x02e65633) divu    a2, a2, a4
core   0: 3 0x8000303a (0x02e65633) x12 0x00000000
core   0: 0x8000303e (0x0000e117) auipc   sp, 0xe
core   0: 3 0x8000303e (0x0000e117) x2  0x8001103e
core   0: 0x80003042 (0xa0810113) addi    sp, sp, -1528
core   0: 3 0x80003042 (0xa0810113) x2  0x80010a46
core   0: 0x80003046 (0x0000809d) c.srli  s1, 7
core   0: 3 0x80003046 (0x809d) x9  0x00000000
core   0: 0x80003048 (0x5ff10083) lb      ra, 1535(sp)
core   0: 3 0x80003048 (0x5ff10083) x1  0x00000000 mem 0x80011045
core   0: 0x8000304c (0x0004d033) srl     zero, s1, zero
core   0: 3 0x8000304c (0x0004d033)
core   0: 0x80003050 (0x23414483) lbu     s1, 564(sp)
core   0: 3 0x80003050 (0x23414483) x9  0x00000000 mem 0x80010c7a
core   0: 0x80003054 (0x2b72f4b7) lui     s1, 0x2b72f
core   0: 3 0x80003054 (0x2b72f4b7) x9  0x2b72f000
core   0: 0x80003058 (0x00e41f93) slli    t6, s0, 14
core   0: 3 0x80003058 (0x00e41f93) x31 0xfc32c000
core   0: 0x8000305c (0x5d110083) lb      ra, 1489(sp)
core   0: 3 0x8000305c (0x5d110083) x1  0x00000000 mem 0x80011017
core   0: 0x80003060 (0x00000001) c.nop
core   0: 3 0x80003060 (0x0001)
core   0: 0x80003062 (0x00009ffe) c.add   t6, t6
core   0: 3 0x80003062 (0x9ffe) x31 0xf8658000
core   0: 0x80003064 (0x73b4cf93) xori    t6, s1, 1851
core   0: 3 0x80003064 (0x73b4cf93) x31 0x2b72f73b
core   0: 0x80003068 (0x593d0037) lui     zero, 0x593d0
core   0: 3 0x80003068 (0x593d0037)
core   0: 0x8000306c (0xfaf14f83) lbu     t6, -81(sp)
core   0: 3 0x8000306c (0xfaf14f83) x31 0x00000000 mem 0x800109f5
core   0: 0x80003070 (0xfe410f83) lb      t6, -28(sp)
core   0: 3 0x80003070 (0xfe410f83) x31 0x00000000 mem 0x80010a2a
core   0: 0x80003074 (0x14914003) lbu     zero, 329(sp)
core   0: 3 0x80003074 (0x14914003) mem 0x80010b8f
core   0: 0x80003078 (0xebe10083) lb      ra, -322(sp)
core   0: 3 0x80003078 (0xebe10083) x1  0x00000000 mem 0x80010904
core   0: 0x8000307c (0x00009486) c.add   s1, ra
core   0: 3 0x8000307c (0x9486) x9  0x2b72f000
core   0: 0x8000307e (0x97b10003) lb      zero, -1669(sp)
core   0: 3 0x8000307e (0x97b10003) mem 0x800103c1
core   0: 0x80003082 (0x40845433) sra     s0, s0, s0
core   0: 3 0x80003082 (0x40845433) x8  0x0001fffe
core   0: 0x80003086 (0x000f92b3) sll     t0, t6, zero
core   0: 3 0x80003086 (0x000f92b3) x5  0x00000000
core   0: 0x8000308a (0xb9c62497) auipc   s1, 0xb9c62
core   0: 3 0x8000308a (0xb9c62497) x9  0x39c6508a
core   0: 0x8000308e (0x32714483) lbu     s1, 807(sp)
core   0: 3 0x8000308e (0x32714483) x9  0x00000000 mem 0x80010d6d
core   0: 0x80003092 (0x0000147d) c.addi  s0, -1
core   0: 3 0x80003092 (0x147d) x8  0x0001fffd
core   0: 0x80003094 (0x02103433) mulhu   s0, zero, ra
core   0: 3 0x80003094 (0x02103433) x8  0x00000000
core   0: 0x80003098 (0x185102a3) sb      t0, 389(sp)
core   0: 3 0x80003098 (0x185102a3) mem 0x80010bcb 0x00
core   0: 0x8000309c (0xd0510483) lb      s1, -763(sp)
core   0: 3 0x8000309c (0xd0510483) x9  0x00000000 mem 0x8001074b
core   0: 0x800030a0 (0x01f2b033) sltu    zero, t0, t6
core   0: 3 0x800030a0 (0x01f2b033)
core   0: 0x800030a4 (0xe3a12283) lw      t0, -454(sp)
core   0: 3 0x800030a4 (0xe3a12283) x5  0x00000000 mem 0x80010880
core   0: 0x800030a8 (0x00015517) auipc   a0, 0x15
core   0: 3 0x800030a8 (0x00015517) x10 0x800180a8
core   0: 0x800030ac (0xf7050513) addi    a0, a0, -144
core   0: 3 0x800030ac (0xf7050513) x10 0x80018018
core   0: 0x800030b0 (0xf5451403) lh      s0, -172(a0)
core   0: 3 0x800030b0 (0xf5451403) x8  0x00000000 mem 0x80017f6c
core   0: 0x800030b4 (0xf5d50983) lb      s3, -163(a0)
core   0: 3 0x800030b4 (0xf5d50983) x19 0x00000000 mem 0x80017f75
core   0: 0x800030b8 (0x404c0eb3) sub     t4, s8, tp
core   0: 3 0x800030b8 (0x404c0eb3) x29 0x00000008
core   0: 0x800030bc (0x02191fb3) mulh    t6, s2, ra
core   0: 3 0x800030bc (0x02191fb3) x31 0x00000000
core   0: 0x800030c0 (0x00000001) c.nop
core   0: 3 0x800030c0 (0x0001)
core   0: 0x800030c2 (0x08255583) lhu     a1, 130(a0)
core   0: 3 0x800030c2 (0x08255583) x11 0x00000000 mem 0x8001809a
core   0: 0x800030c6 (0x0000717d) c.addi16sp sp, -16
core   0: 3 0x800030c6 (0x717d) x2  0x80010a36
core   0: 0x800030c8 (0xfcb54603) lbu     a2, -53(a0)
core   0: 3 0x800030c8 (0xfcb54603) x12 0x00000000 mem 0x80017fe3
core   0: 0x800030cc (0x00892433) slt     s0, s2, s0
core   0: 3 0x800030cc (0x00892433) x8  0x00000001
core   0: 0x800030d0 (0x00008a0d) c.andi  a2, 3
core   0: 3 0x800030d0 (0x8a0d) x12 0x00000000
core   0: 0x800030d2 (0x007f0433) add     s0, t5, t2
core   0: 3 0x800030d2 (0x007f0433) x8  0x00000000
core   0: 0x800030d6 (0x00c54f83) lbu     t6, 12(a0)
core   0: 3 0x800030d6 (0x00c54f83) x31 0x00000000 mem 0x80018024
core   0: 0x800030da (0x5fc53593) sltiu   a1, a0, 1532
core   0: 3 0x800030da (0x5fc53593) x11 0x00000000
core   0: 0x800030de (0x0cc51023) sh      a2, 192(a0)
core   0: 3 0x800030de (0x0cc51023) mem 0x800180d8 0x0000
core   0: 0x800030e2 (0x00008422) c.mv    s0, s0
core   0: 3 0x800030e2 (0x8422) x8  0x00000000
core   0: 0x800030e4 (0x34810717) auipc   a4, 0x34810
core   0: 3 0x800030e4 (0x34810717) x14 0xb48130e4
core   0: 0x800030e8 (0x0d255d83) lhu     s11, 210(a0)
core   0: 3 0x800030e8 (0x0d255d83) x27 0x00000000 mem 0x800180ea
core   0: 0x800030ec (0x001aa4b3) slt     s1, s5, ra
core   0: 3 0x800030ec (0x001aa4b3) x9  0x00000001
core   0: 0x800030f0 (0x0d651a83) lh      s5, 214(a0)
core   0: 3 0x800030f0 (0x0d651a83) x21 0x00000000 mem 0x800180ee
core   0: 0x800030f4 (0xf0f50203) lb      tp, -241(a0)
core   0: 3 0x800030f4 (0xf0f50203) x4  0x00000000 mem 0x80017f27
core   0: 0x800030f8 (0x0e150e83) lb      t4, 225(a0)
core   0: 3 0x800030f8 (0x0e150e83) x29 0x00000000 mem 0x800180f9
core   0: 0x800030fc (0x77224213) xori    tp, tp, 1906
core   0: 3 0x800030fc (0x77224213) x4  0x00000772
core   0: 0x80003100 (0x01089eb3) sll     t4, a7, a6
core   0: 3 0x80003100 (0x01089eb3) x29 0x0029ce40
core   0: 0x80003104 (0x09950203) lb      tp, 153(a0)
core   0: 3 0x80003104 (0x09950203) x4  0x00000000 mem 0x800180b1
core   0: 0x80003108 (0x00008ff5) c.and   a5, a3
core   0: 3 0x80003108 (0x8ff5) x15 0x00000000
core   0: 0x8000310a (0x01354703) lbu     a4, 19(a0)
core   0: 3 0x8000310a (0x01354703) x14 0x00000000 mem 0x8001802b
core   0: 0x8000310e (0xf72506a3) sb      s2, -147(a0)
core   0: 3 0x8000310e (0xf72506a3) mem 0x80017f85 0x29
core   0: 0x80003112 (0xfc5502a3) sb      t0, -59(a0)
core   0: 3 0x80003112 (0xfc5502a3) mem 0x80017fdd 0x00
core   0: 0x80003116 (0x019d9493) slli    s1, s11, 25
core   0: 3 0x80003116 (0x019d9493) x9  0x00000000
core   0: 0x8000311a (0xf5d50d03) lb      s10, -163(a0)
core   0: 3 0x8000311a (0xf5d50d03) x26 0x00000000 mem 0x80017f75
core   0: 0x8000311e (0x00005d7d) c.li    s10, -1
core   0: 3 0x8000311e (0x5d7d) x26 0xffffffff
core   0: 0x80003120 (0x00008e9d) c.sub   a3, a5
core   0: 3 0x80003120 (0x8e9d) x13 0x00000001
core   0: 0x80003122 (0x00008e9d) c.sub   a3, a5
core   0: 3 0x80003122 (0x8e9d) x13 0x00000001
core   0: 0x80003124 (0xf3650603) lb      a2, -202(a0)
core   0: 3 0x80003124 (0xf3650603) x12 0x00000000 mem 0x80017f4e
core   0: 0x80003128 (0x4078dab3) sra     s5, a7, t2
core   0: 3 0x80003128 (0x4078dab3) x21 0x80029ce4
core   0: 0x8000312c (0xf5652023) sw      s6, -192(a0)
core   0: 3 0x8000312c (0xf5652023) mem 0x80017f58 0x00000000
core   0: 0x80003130 (0x09054183) lbu     gp, 144(a0)
core   0: 3 0x80003130 (0x09054183) x3  0x00000000 mem 0x800180a8
core   0: 0x80003134 (0x02b12e33) mulhsu  t3, sp, a1
core   0: 3 0x80003134 (0x02b12e33) x28 0x00000000
core   0: 0x80003138 (0x00006f41) c.lui   t5, 0x10
core   0: 3 0x80003138 (0x6f41) x30 0x00010000
core   0: 0x8000313a (0x036b0733) mul     a4, s6, s6
core   0: 3 0x8000313a (0x036b0733) x14 0x00000000
core   0: 0x8000313e (0x00008eb5) c.xor   a3, a3
core   0: 3 0x8000313e (0x8eb5) x13 0x00000000
core   0: 0x80003140 (0x40b909b3) sub     s3, s2, a1
core   0: 3 0x80003140 (0x40b909b3) x19 0x8c90aa29
core   0: 0x80003144 (0x02d516b3) mulh    a3, a0, a3
core   0: 3 0x80003144 (0x02d516b3) x13 0x00000000
core   0: 0x80003148 (0x01ecb033) sltu    zero, s9, t5
core   0: 3 0x80003148 (0x01ecb033)
core   0: 0x8000314c (0x01765f33) srl     t5, a2, s7
core   0: 3 0x8000314c (0x01765f33) x30 0x00000000
core   0: 0x80003150 (0x02b524b3) mulhsu  s1, a0, a1
core   0: 3 0x80003150 (0x02b524b3) x9  0x00000000
core   0: 0x80003154 (0x408b0fb3) sub     t6, s6, s0
core   0: 3 0x80003154 (0x408b0fb3) x31 0x00000000
core   0: 0x80003158 (0x00008a45) c.andi  a2, 17
core   0: 3 0x80003158 (0x8a45) x12 0x00000000
core   0: 0x8000315a (0x64fb2393) slti    t2, s6, 1615
core   0: 3 0x8000315a (0x64fb2393) x7  0x00000001
core   0: 0x8000315e (0x03e25a63) bge     tp, t5, pc + 52
core   0: 3 0x8000315e (0x03e25a63)
core   0: 0x80003192 (0x0000615d) c.addi16sp sp, 432
core   0: 3 0x80003192 (0x615d) x2  0x80010be6
core   0: 0x80003194 (0x01245793) srli    a5, s0, 18
core   0: 3 0x80003194 (0x01245793) x15 0x00000000
core   0: 0x80003198 (0x41e20eb3) sub     t4, tp, t5
core   0: 3 0x80003198 (0x41e20eb3) x29 0x00000000
core   0: 0x8000319c (0x00008e31) c.xor   a2, a2
core   0: 3 0x8000319c (0x8e31) x12 0x00000000
core   0: 0x8000319e (0x02ba7033) remu    zero, s4, a1
core   0: 3 0x8000319e (0x02ba7033)
core   0: 0x800031a2 (0x00008c95) c.sub   s1, a3
core   0: 3 0x800031a2 (0x8c95) x9  0x00000000
core   0: 0x800031a4 (0x000f9663) bnez    t6, pc + 12
core   0: 3 0x800031a4 (0x000f9663)
core   0: 0x800031a8 (0xfb417513) andi    a0, sp, -76
core   0: 3 0x800031a8 (0xfb417513) x10 0x80010ba4
core   0: 0x800031ac (0x03a23533) mulhu   a0, tp, s10
core   0: 3 0x800031ac (0x03a23533) x10 0x00000000
core   0: 0x800031b0 (0x014082b3) add     t0, ra, s4
core   0: 3 0x800031b0 (0x014082b3) x5  0xffffffff
core   0: 0x800031b4 (0x00001c7d) c.addi  s8, -1
core   0: 3 0x800031b4 (0x1c7d) x24 0x00000011
core   0: 0x800031b6 (0x00008f4e) c.mv    t5, s3
core   0: 3 0x800031b6 (0x8f4e) x30 0x8c90aa29
core   0: 0x800031b8 (0x02bf1633) mulh    a2, t5, a1
core   0: 3 0x800031b8 (0x02bf1633) x12 0x00000000
core   0: 0x800031bc (0x00008e79) c.and   a2, a4
core   0: 3 0x800031bc (0x8e79) x12 0x00000000
core   0: 0x800031be (0xd8f1e213) ori     tp, gp, -625
core   0: 3 0x800031be (0xd8f1e213) x4  0xfffffd8f
core   0: 0x800031c2 (0xad847f13) andi    t5, s0, -1320
core   0: 3 0x800031c2 (0xad847f13) x30 0x00000000
core   0: 0x800031c6 (0x419d5093) srai    ra, s10, 25
core   0: 3 0x800031c6 (0x419d5093) x1  0xffffffff
core   0: 0x800031ca (0x02e1afb3) mulhsu  t6, gp, a4
core   0: 3 0x800031ca (0x02e1afb3) x31 0x00000000
core   0: 0x800031ce (0x00dcb733) sltu    a4, s9, a3
core   0: 3 0x800031ce (0x00dcb733) x14 0x00000000
core   0: 0x800031d2 (0x0220e7b3) rem     a5, ra, sp
core   0: 3 0x800031d2 (0x0220e7b3) x15 0xffffffff
core   0: 0x800031d6 (0x00006d49) c.lui   s10, 0x12
core   0: 3 0x800031d6 (0x6d49) x26 0x00012000
core   0: 0x800031d8 (0x69189e17) auipc   t3, 0x69189
core   0: 3 0x800031d8 (0x69189e17) x28 0xe918c1d8
core   0: 0x800031dc (0x000085a1) c.srai  a1, 8
core   0: 3 0x800031dc (0x85a1) x11 0x00000000
core   0: 0x800031de (0x02412333) mulhsu  t1, sp, tp
core   0: 3 0x800031de (0x02412333) x6  0x80010d1e
core   0: 0x800031e2 (0x000086a2) c.mv    a3, s0
core   0: 3 0x800031e2 (0x86a2) x13 0x00000000
core   0: 0x800031e4 (0x005abc33) sltu    s8, s5, t0
core   0: 3 0x800031e4 (0x005abc33) x24 0x00000001
core   0: 0x800031e8 (0x00868e33) add     t3, a3, s0
core   0: 3 0x800031e8 (0x00868e33) x28 0x00000000
core   0: 0x800031ec (0x000fe333) or      t1, t6, zero
core   0: 3 0x800031ec (0x000fe333) x6  0x00000000
core   0: 0x800031f0 (0x00007797) auipc   a5, 0x7
core   0: 3 0x800031f0 (0x00007797) x15 0x8000a1f0
core   0: 0x800031f4 (0x3e278793) addi    a5, a5, 994
core   0: 3 0x800031f4 (0x3e278793) x15 0x8000a5d2
core   0: 0x800031f8 (0x02f75033) divu    zero, a4, a5
core   0: 3 0x800031f8 (0x02f75033)
core   0: 0x800031fc (0x03797ab3) remu    s5, s2, s7
core   0: 3 0x800031fc (0x03797ab3) x21 0x0c8e4bc5
core   0: 0x80003200 (0xd9078793) addi    a5, a5, -624
core   0: 3 0x80003200 (0xd9078793) x15 0x8000a362
core   0: 0x80003204 (0x00000188) c.addi4spn a0, sp, 192
core   0: 3 0x80003204 (0x0188) x10 0x80010ca6
core   0: 0x80003206 (0x3310c113) xori    sp, ra, 817
core   0: 3 0x80003206 (0x3310c113) x2  0xfffffcce
core   0: 0x8000320a (0x03677d33) remu    s10, a4, s6
core   0: 3 0x8000320a (0x03677d33) x26 0x00000000
core   0: 0x8000320e (0x40398fb3) sub     t6, s3, gp
core   0: 3 0x8000320e (0x40398fb3) x31 0x8c90aa29
core   0: 0x80003212 (0xaa9d2f13) slti    t5, s10, -1367
core   0: 3 0x80003212 (0xaa9d2f13) x30 0x00000000
core   0: 0x80003216 (0x27178767) jalr    a4, a5, 625
core   0: 3 0x80003216 (0x27178767) x14 0x8000321a
core   0: 0x8000a5d2 (0x2a816093) ori     ra, sp, 680
core   0: 3 0x8000a5d2 (0x2a816093) x1  0xfffffeee
core   0: 0x8000a5d6 (0x019ecf33) xor     t5, t4, s9
core   0: 3 0x8000a5d6 (0x019ecf33) x30 0x8c90aa29
core   0: 0x8000a5da (0x001b5c33) srl     s8, s6, ra
core   0: 3 0x8000a5da (0x001b5c33) x24 0x00000000
core   0: 0x8000a5de (0x0000908a) c.add   ra, sp
core   0: 3 0x8000a5de (0x908a) x1  0xfffffbbc
core   0: 0x8000a5e0 (0x0000c391) c.beqz  a5, pc + 4
core   0: 3 0x8000a5e0 (0xc391)
core   0: 0x8000a5e2 (0x00008c59) c.or    s0, a4
core   0: 3 0x8000a5e2 (0x8c59) x8  0x8000321a
core   0: 0x8000a5e4 (0x00001b81) c.addi  s7, -32
core   0: 3 0x8000a5e4 (0x1b81) x23 0x80025e44
core   0: 0x8000a5e6 (0x0000997d) c.andi  a0, -1
core   0: 3 0x8000a5e6 (0x997d) x10 0x80010ca6
core   0: 0x8000a5e8 (0x00955a33) srl     s4, a0, s1
core   0: 3 0x8000a5e8 (0x00955a33) x20 0x80010ca6
core   0: 0x8000a5ec (0x02cd59b3) divu    s3, s10, a2
core   0: 3 0x8000a5ec (0x02cd59b3) x19 0xffffffff
core   0: 0x8000a5f0 (0x00eba223) sw      a4, 4(s7)
core   0: 3 0x8000a5f0 (0x00eba223) mem 0x80025e48 0x8000321a
core   0: 0x8000a5f4 (0x00008209) c.srli  a2, 2
core   0: 3 0x8000a5f4 (0x8209) x12 0x00000000
core   0: 0x8000a5f6 (0x00000001) c.nop
core   0: 3 0x8000a5f6 (0x0001)
core   0: 0x8000a5f8 (0x00956133) or      sp, a0, s1
core   0: 3 0x8000a5f8 (0x00956133) x2  0x80010ca6
core   0: 0x8000a5fc (0xa0830113) addi    sp, t1, -1528
core   0: 3 0x8000a5fc (0xa0830113) x2  0xfffffa08
core   0: 0x8000a600 (0x000003aa) c.slli  t2, 10
core   0: 3 0x8000a600 (0x03aa) x7  0x00000400
core   0: 0x8000a602 (0xc4a83337) lui     t1, 0xc4a83
core   0: 3 0x8000a602 (0xc4a83337) x6  0xc4a83000
core   0: 0x8000a606 (0x00008efd) c.and   a3, a5
core   0: 3 0x8000a606 (0x8efd) x13 0x00000000
core   0: 0x8000a608 (0x02e70c33) mul     s8, a4, a4
core   0: 3 0x8000a608 (0x02e70c33) x24 0x09ce2aa4
core   0: 0x8000a60c (0x921ff76f) jal     a4, pc - 0x6e0
core   0: 3 0x8000a60c (0x921ff76f) x14 0x8000a610
core   0: 0x80009f2c (0x00001b81) c.addi  s7, -32
core   0: 3 0x80009f2c (0x1b81) x23 0x80025e24
core   0: 0x80009f2e (0x0000717d) c.addi16sp sp, -16
core   0: 3 0x80009f2e (0x717d) x2  0xfffff9f8
core   0: 0x80009f30 (0x023b50b3) divu    ra, s6, gp
core   0: 3 0x80009f30 (0x023b50b3) x1  0xffffffff
core   0: 0x80009f34 (0x02b126b3) mulhsu  a3, sp, a1
core   0: 3 0x80009f34 (0x02b126b3) x13 0x00000000
core   0: 0x80009f38 (0x00acd813) srli    a6, s9, 10
core   0: 3 0x80009f38 (0x00acd813) x16 0x0023242a
core   0: 0x80009f3c (0x0000537d) c.li    t1, -1
core   0: 3 0x80009f3c (0x537d) x6  0xffffffff
core   0: 0x80009f3e (0x00427833) and     a6, tp, tp
core   0: 3 0x80009f3e (0x00427833) x16 0xfffffd8f
core   0: 0x80009f42 (0xdf3aa993) slti    s3, s5, -525
core   0: 3 0x80009f42 (0xdf3aa993) x19 0x00000000
core   0: 0x80009f46 (0x000016fd) c.addi  a3, -1
core   0: 3 0x80009f46 (0x16fd) x13 0xffffffff
core   0: 0x80009f48 (0x00eba223) sw      a4, 4(s7)
core   0: 3 0x80009f48 (0x00eba223) mem 0x80025e28 0x8000a610
core   0: 0x80009f4c (0x00008441) c.srai  s0, 16
core   0: 3 0x80009f4c (0x8441) x8  0xffff8000
core   0: 0x80009f4e (0x0330fc33) remu    s8, ra, s3
core   0: 3 0x80009f4e (0x0330fc33) x24 0xffffffff
core   0: 0x80009f52 (0x0260076f) jal     a4, pc + 0x26
core   0: 3 0x80009f52 (0x0260076f) x14 0x80009f56
core   0: 0x80009f78 (0x0000b7dd) c.j     pc - 26
core   0: 3 0x80009f78 (0xb7dd)
core   0: 0x80009f5e (0x0000a039) c.j     pc + 14
core   0: 3 0x80009f5e (0xa039)
core   0: 0x80009f6c (0xfefffe6f) jal     t3, pc - 0x12
core   0: 3 0x80009f6c (0xfefffe6f) x28 0x80009f70
core   0: 0x80009f5a (0x00a00f6f) jal     t5, pc + 0xa
core   0: 3 0x80009f5a (0x00a00f6f) x30 0x80009f5e
core   0: 0x80009f64 (0x00002819) c.jal   pc + 22
core   0: 3 0x80009f64 (0x2819) x1  0x80009f66
core   0: 0x80009f7a (0x0000a009) c.j     pc + 2
core   0: 3 0x80009f7a (0xa009)
core   0: 0x80009f7c (0x0000a021) c.j     pc + 8
core   0: 3 0x80009f7c (0xa021)
core   0: 0x80009f84 (0x00a00def) jal     s11, pc + 0xa
core   0: 3 0x80009f84 (0x00a00def) x27 0x80009f88
core   0: 0x80009f8e (0x00003fc9) c.jal   pc - 46
core   0: 3 0x80009f8e (0x3fc9) x1  0x80009f90
core   0: 0x80009f60 (0x0280036f) jal     t1, pc + 0x28
core   0: 3 0x80009f60 (0x0280036f) x6  0x80009f64
core   0: 0x80009f88 (0x0000b7e5) c.j     pc - 24
core   0: 3 0x80009f88 (0xb7e5)
core   0: 0x80009f70 (0x00002831) c.jal   pc + 28
core   0: 3 0x80009f70 (0x2831) x1  0x80009f72
core   0: 0x80009f8c (0x00003ff1) c.jal   pc - 36
core   0: 3 0x80009f8c (0x3ff1) x1  0x80009f8e
core   0: 0x80009f68 (0x00003ffd) c.jal   pc - 2
core   0: 3 0x80009f68 (0x3ffd) x1  0x80009f6a
core   0: 0x80009f66 (0x0000203d) c.jal   pc + 46
core   0: 3 0x80009f66 (0x203d) x1  0x80009f68
core   0: 0x80009f94 (0x000037c9) c.jal   pc - 62
core   0: 3 0x80009f94 (0x37c9) x1  0x80009f96
core   0: 0x80009f56 (0x0000a831) c.j     pc + 28
core   0: 3 0x80009f56 (0xa831)
core   0: 0x80009f72 (0x00002839) c.jal   pc + 30
core   0: 3 0x80009f72 (0x2839) x1  0x80009f74
core   0: 0x80009f90 (0x000037fd) c.jal   pc - 18
core   0: 3 0x80009f90 (0x37fd) x1  0x80009f92
core   0: 0x80009f7e (0x01400c6f) jal     s8, pc + 0x14
core   0: 3 0x80009f7e (0x01400c6f) x24 0x80009f82
core   0: 0x80009f92 (0x0000bfc5) c.j     pc - 16
core   0: 3 0x80009f92 (0xbfc5)
core   0: 0x80009f82 (0x0000bfd9) c.j     pc - 42
core   0: 3 0x80009f82 (0xbfd9)
core   0: 0x80009f58 (0x0000a809) c.j     pc + 18
core   0: 3 0x80009f58 (0xa809)
core   0: 0x80009f6a (0x0000a029) c.j     pc + 10
core   0: 3 0x80009f6a (0xa029)
core   0: 0x80009f74 (0x0000a819) c.j     pc + 22
core   0: 3 0x80009f74 (0xa819)
core   0: 0x80009f8a (0x0000b7f5) c.j     pc - 20
core   0: 3 0x80009f8a (0xb7f5)
core   0: 0x80009f76 (0x0000a005) c.j     pc + 32
core   0: 3 0x80009f76 (0xa005)
core   0: 0x80009f96 (0x00008f06) c.mv    t5, ra
core   0: 3 0x80009f96 (0x8f06) x30 0x80009f92
core   0: 0x80009f98 (0x00007817) auipc   a6, 0x7
core   0: 3 0x80009f98 (0x00007817) x16 0x80010f98
core   0: 0x80009f9c (0xc7d80813) addi    a6, a6, -899
core   0: 3 0x80009f9c (0xc7d80813) x16 0x80010c15
core   0: 0x80009fa0 (0x03180483) lb      s1, 49(a6)
core   0: 3 0x80009fa0 (0x03180483) x9  0x00000000 mem 0x80010c46
core   0: 0x80009fa4 (0x03181e83) lh      t4, 49(a6)
core   0: 3 0x80009fa4 (0x03181e83) x29 0x00000000 mem 0x80010c46
core   0: 0x80009fa8 (0x412b07b3) sub     a5, s6, s2
core   0: 3 0x80009fa8 (0x412b07b3) x15 0x736f55d7
core   0: 0x80009fac (0x014803a3) sb      s4, 7(a6)
core   0: 3 0x80009fac (0x014803a3) mem 0x80010c1c 0xa6
core   0: 0x80009fb0 (0x03280683) lb      a3, 50(a6)
core   0: 3 0x80009fb0 (0x03280683) x13 0x00000000 mem 0x80010c47
core   0: 0x80009fb4 (0xfff81e83) lh      t4, -1(a6)
core   0: 3 0x80009fb4 (0xfff81e83) x29 0x00000000 mem 0x80010c14
core   0: 0x80009fb8 (0xffe80fa3) sb      t5, -1(a6)
core   0: 3 0x80009fb8 (0xffe80fa3) mem 0x80010c14 0x92
core   0: 0x80009fbc (0xfe580fa3) sb      t0, -1(a6)
core   0: 3 0x80009fbc (0xfe580fa3) mem 0x80010c14 0xff
core   0: 0x80009fc0 (0x01c80123) sb      t3, 2(a6)
core   0: 3 0x80009fc0 (0x01c80123) mem 0x80010c17 0x70
core   0: 0x80009fc4 (0x41fdda93) srai    s5, s11, 31
core   0: 3 0x80009fc4 (0x41fdda93) x21 0xffffffff
core   0: 0x80009fc8 (0x00009e86) c.add   t4, ra
core   0: 3 0x80009fc8 (0x9e86) x29 0x80009f92
core   0: 0x80009fca (0x01580b03) lb      s6, 21(a6)
core   0: 3 0x80009fca (0x01580b03) x22 0x00000000 mem 0x80010c2a
core   0: 0x80009fce (0x00a4c9b3) xor     s3, s1, a0
core   0: 3 0x80009fce (0x00a4c9b3) x19 0x80010ca6
core   0: 0x80009fd2 (0x00353433) sltu    s0, a0, gp
core   0: 3 0x80009fd2 (0x00353433) x8  0x00000000
core   0: 0x80009fd6 (0x00080623) sb      zero, 12(a6)
core   0: 3 0x80009fd6 (0x00080623) mem 0x80010c21 0x00
core   0: 0x80009fda (0xfca80e83) lb      t4, -54(a6)
core   0: 3 0x80009fda (0xfca80e83) x29 0x00000000 mem 0x80010bdf
core   0: 0x80009fde (0x02c18c33) mul     s8, gp, a2
core   0: 3 0x80009fde (0x02c18c33) x24 0x00000000
core   0: 0x80009fe2 (0x00680c23) sb      t1, 24(a6)
core   0: 3 0x80009fe2 (0x00680c23) mem 0x80010c2d 0x64
core   0: 0x80009fe6 (0xfc785203) lhu     tp, -57(a6)
core   0: 3 0x80009fe6 (0xfc785203) x4  0x00000000 mem 0x80010bdc
core   0: 0x80009fea (0xfd080d03) lb      s10, -48(a6)
core   0: 3 0x80009fea (0xfd080d03) x26 0x00000000 mem 0x80010be5
core   0: 0x80009fee (0x00c80d03) lb      s10, 12(a6)
core   0: 3 0x80009fee (0x00c80d03) x26 0x00000000 mem 0x80010c21
core   0: 0x80009ff2 (0xfc880323) sb      s0, -58(a6)
core   0: 3 0x80009ff2 (0xfc880323) mem 0x80010bdb 0x00
core   0: 0x80009ff6 (0x03484d83) lbu     s11, 52(a6)
core   0: 3 0x80009ff6 (0x03484d83) x27 0x00000000 mem 0x80010c49
core   0: 0x80009ffa (0x00006c17) auipc   s8, 0x6
core   0: 3 0x80009ffa (0x00006c17) x24 0x8000fffa
core   0: 0x80009ffe (0x223c0c13) addi    s8, s8, 547
core   0: 3 0x80009ffe (0x223c0c13) x24 0x8001021d
core   0: 0x8000a002 (0x02fc5783) lhu     a5, 47(s8)
core   0: 3 0x8000a002 (0x02fc5783) x15 0x00000000 mem 0x8001024c
core   0: 0x8000a006 (0xbd010113) addi    sp, sp, -1072
core   0: 3 0x8000a006 (0xbd010113) x2  0xfffff5c8
core   0: 0x8000a00a (0x00008df1) c.and   a1, a2
core   0: 3 0x8000a00a (0x8df1) x11 0x00000000
core   0: 0x8000a00c (0x4093d6b3) sra     a3, t2, s1
core   0: 3 0x8000a00c (0x4093d6b3) x13 0x00000400
core   0: 0x8000a010 (0x03f8e833) rem     a6, a7, t6
core   0: 3 0x8000a010 (0x03f8e833) x16 0xf371f2bb
core   0: 0x8000a014 (0x01c16cb3) or      s9, sp, t3
core   0: 3 0x8000a014 (0x01c16cb3) x25 0xfffffff8
core   0: 0x8000a018 (0x03dc0983) lb      s3, 61(s8)
core   0: 3 0x8000a018 (0x03dc0983) x19 0x00000000 mem 0x8001025a
core   0: 0x8000a01c (0xfd5c0423) sb      s5, -56(s8)
core   0: 3 0x8000a01c (0xfd5c0423) mem 0x800101e5 0xff
core   0: 0x8000a020 (0x0a1c4103) lbu     sp, 161(s8)
core   0: 3 0x8000a020 (0x0a1c4103) x2  0x00000000 mem 0x800102be
core   0: 0x8000a024 (0x00000100) c.addi4spn s0, sp, 128
core   0: 3 0x8000a024 (0x0100) x8  0x00000080
core   0: 0x8000a026 (0x045c4603) lbu     a2, 69(s8)
core   0: 3 0x8000a026 (0x045c4603) x12 0x00000000 mem 0x80010262
core   0: 0x8000a02a (0x006c02a3) sb      t1, 5(s8)
core   0: 3 0x8000a02a (0x006c02a3) mem 0x80010222 0x64
core   0: 0x8000a02e (0x07bc5b03) lhu     s6, 123(s8)
core   0: 3 0x8000a02e (0x07bc5b03) x22 0x00000000 mem 0x80010298
core   0: 0x8000a032 (0xfd7c4f03) lbu     t5, -41(s8)
core   0: 3 0x8000a032 (0xfd7c4f03) x30 0x00000000 mem 0x800101f4
core   0: 0x8000a036 (0x00000001) c.nop
core   0: 3 0x8000a036 (0x0001)
core   0: 0x8000a038 (0x0ccc0383) lb      t2, 204(s8)
core   0: 3 0x8000a038 (0x0ccc0383) x7  0x00000000 mem 0x800102e9
core   0: 0x8000a03c (0x7f5c8837) lui     a6, 0x7f5c8
core   0: 3 0x8000a03c (0x7f5c8837) x16 0x7f5c8000
core   0: 0x8000a040 (0x000c4803) lbu     a6, 0(s8)
core   0: 3 0x8000a040 (0x000c4803) x16 0x00000000 mem 0x8001021d
core   0: 0x8000a044 (0x00001208) c.addi4spn a0, sp, 288
core   0: 3 0x8000a044 (0x1208) x10 0x00000120
core   0: 0x8000a046 (0x00ef9db3) sll     s11, t6, a4
core   0: 3 0x8000a046 (0x00ef9db3) x27 0x8a400000
core   0: 0x8000a04a (0x01cef333) and     t1, t4, t3
core   0: 3 0x8000a04a (0x01cef333) x6  0x00000000
core   0: 0x8000a04e (0x40735d13) srai    s10, t1, 7
core   0: 3 0x8000a04e (0x40735d13) x26 0x00000000
core   0: 0x8000a052 (0x00008c75) c.and   s0, a3
core   0: 3 0x8000a052 (0x8c75) x8  0x00000000
core   0: 0x8000a054 (0x05bc2303) lw      t1, 91(s8)
core   0: 3 0x8000a054 (0x05bc2303) x6  0x00000000 mem 0x80010278
core   0: 0x8000a058 (0xf11c0723) sb      a7, -242(s8)
core   0: 3 0x8000a058 (0xf11c0723) mem 0x8001012b 0xe4
core   0: 0x8000a05c (0xf62c21a3) sw      sp, -157(s8)
core   0: 3 0x8000a05c (0xf62c21a3) mem 0x80010180 0x00000000
core   0: 0x8000a060 (0x00004c29) c.li    s8, 10
core   0: 3 0x8000a060 (0x4c29) x24 0x0000000a
core   0: 0x8000a062 (0x03b60033) mul     zero, a2, s11
core   0: 3 0x8000a062 (0x03b60033)
core   0: 0x8000a066 (0x000005a2) c.slli  a1, 8
core   0: 3 0x8000a066 (0x05a2) x11 0x00000000
core   0: 0x8000a068 (0x0298b133) mulhu   sp, a7, s1
core   0: 3 0x8000a068 (0x0298b133) x2  0x00000000
core   0: 0x8000a06c (0x00000001) c.nop
core   0: 3 0x8000a06c (0x0001)
core   0: 0x8000a06e (0x000041a9) c.li    gp, 10
core   0: 3 0x8000a06e (0x41a9) x3  0x0000000a
core   0: 0x8000a070 (0x00008215) c.srli  a2, 5
core   0: 3 0x8000a070 (0x8215) x12 0x00000000
core   0: 0x8000a072 (0x021d5eb3) divu    t4, s10, ra
core   0: 3 0x8000a072 (0x021d5eb3) x29 0x00000000
core   0: 0x8000a076 (0xcf826f17) auipc   t5, 0xcf826
core   0: 3 0x8000a076 (0xcf826f17) x30 0x4f830076
core   0: 0x8000a07a (0x03beafb3) mulhsu  t6, t4, s11
core   0: 3 0x8000a07a (0x03beafb3) x31 0x00000000
core   0: 0x8000a07e (0x00000001) c.nop
core   0: 3 0x8000a07e (0x0001)
core   0: 0x8000a080 (0x00001c5d) c.addi  s8, -9
core   0: 3 0x8000a080 (0x1c5d) x24 0x00000001
core   0: 0x8000a082 (0x4059d133) sra     sp, s3, t0
core   0: 3 0x8000a082 (0x4059d133) x2  0x00000000
core   0: 0x8000a086 (0x005a9d13) slli    s10, s5, 5
core   0: 3 0x8000a086 (0x005a9d13) x26 0xffffffe0
core   0: 0x8000a08a (0x00004401) c.li    s0, 0
core   0: 3 0x8000a08a (0x4401) x8  0x00000000
core   0: 0x8000a08c (0x00005259) c.li    tp, -10
core   0: 3 0x8000a08c (0x5259) x4  0xfffffff6
core   0: 0x8000a08e (0x00602d33) slt     s10, zero, t1
core   0: 3 0x8000a08e (0x00602d33) x26 0x00000000
core   0: 0x8000a092 (0x694acf97) auipc   t6, 0x694ac
core   0: 3 0x8000a092 (0x694acf97) x31 0xe94b6092
core   0: 0x8000a096 (0x0011c133) xor     sp, gp, ra
core   0: 3 0x8000a096 (0x0011c133) x2  0x80009f98
core   0: 0x8000a09a (0x00001459) c.addi  s0, -10
core   0: 3 0x8000a09a (0x1459) x8  0xfffffff6
core   0: 0x8000a09c (0x000003c2) c.slli  t2, 16
core   0: 3 0x8000a09c (0x03c2) x7  0x00000000
core   0: 0x8000a09e (0xfe441ae3) bne     s0, tp, pc - 12
core   0: 3 0x8000a09e (0xfe441ae3)
core   0: 0x8000a0a2 (0x00008241) c.srli  a2, 16
core   0: 3 0x8000a0a2 (0x8241) x12 0x00000000
core   0: 0x8000a0a4 (0xb9668017) auipc   zero, 0xb9668
core   0: 3 0x8000a0a4 (0xb9668017)
core   0: 0x8000a0a8 (0xd818ba13) sltiu   s4, a7, -639
core   0: 3 0x8000a0a8 (0xd818ba13) x20 0x00000001
core   0: 0x8000a0ac (0xfc3c75e3) bgeu    s8, gp, pc - 54
core   0: 3 0x8000a0ac (0xfc3c75e3)
core   0: 0x8000a0b0 (0x00008caa) c.mv    s9, a0
core   0: 3 0x8000a0b0 (0x8caa) x25 0x00000120
core   0: 0x8000a0b2 (0x00001408) c.addi4spn a0, sp, 544
core   0: 3 0x8000a0b2 (0x1408) x10 0x8000a1b8
core   0: 0x8000a0b4 (0x00000c15) c.addi  s8, 5
core   0: 3 0x8000a0b4 (0x0c15) x24 0x00000006
core   0: 0x8000a0b6 (0x4023d813) srai    a6, t2, 2
core   0: 3 0x8000a0b6 (0x4023d813) x16 0x00000000
core   0: 0x8000a0ba (0x41110333) sub     t1, sp, a7
core   0: 3 0x8000a0ba (0x41110333) x6  0xfffe02b4
core   0: 0x8000a0be (0x03f1b633) mulhu   a2, gp, t6
core   0: 3 0x8000a0be (0x03f1b633) x12 0x00000009
core   0: 0x8000a0c2 (0x545b4e93) xori    t4, s6, 1349
core   0: 3 0x8000a0c2 (0x545b4e93) x29 0x00000545
core   0: 0x8000a0c6 (0x032cf813) andi    a6, s9, 50
core   0: 3 0x8000a0c6 (0x032cf813) x16 0x00000020
core   0: 0x8000a0ca (0x00000442) c.slli  s0, 16
core   0: 3 0x8000a0ca (0x0442) x8  0xfff60000
core   0: 0x8000a0cc (0x00d20763) beq     tp, a3, pc + 14
core   0: 3 0x8000a0cc (0x00d20763)
core   0: 0x8000a0d0 (0x03d697b3) mulh    a5, a3, t4
core   0: 3 0x8000a0d0 (0x03d697b3) x15 0x00000000
core   0: 0x8000a0d4 (0x01051993) slli    s3, a0, 16
core   0: 3 0x8000a0d4 (0x01051993) x19 0xa1b80000
core   0: 0x8000a0d8 (0x00001cfd) c.addi  s9, -1
core   0: 3 0x8000a0d8 (0x1cfd) x25 0x0000011f
core   0: 0x8000a0da (0xfa99a393) slti    t2, s3, -87
core   0: 3 0x8000a0da (0xfa99a393) x7  0x00000001
core   0: 0x8000a0de (0x007f1c33) sll     s8, t5, t2
core   0: 3 0x8000a0de (0x007f1c33) x24 0x9f0600ec
core   0: 0x8000a0e2 (0x00254d33) xor     s10, a0, sp
core   0: 3 0x8000a0e2 (0x00254d33) x26 0x00003e20
core   0: 0x8000a0e6 (0xe21bb337) lui     t1, 0xe21bb
core   0: 3 0x8000a0e6 (0xe21bb337) x6  0xe21bb000
core   0: 0x8000a0ea (0x02e5d2b3) divu    t0, a1, a4
core   0: 3 0x8000a0ea (0x02e5d2b3) x5  0x00000000
core   0: 0x8000a0ee (0x8156c213) xori    tp, a3, -2027
core   0: 3 0x8000a0ee (0x8156c213) x4  0xfffffc15
core   0: 0x8000a0f2 (0x12c8c813) xori    a6, a7, 300
core   0: 3 0x8000a0f2 (0x12c8c813) x16 0x80029dc8
core   0: 0x8000a0f6 (0x41e18433) sub     s0, gp, t5
core   0: 3 0x8000a0f6 (0x41e18433) x8  0xb07cff94
core   0: 0x8000a0fa (0x41fedfb3) sra     t6, t4, t6
core   0: 3 0x8000a0fa (0x41fedfb3) x31 0x00000000
core   0: 0x8000a0fe (0x01524563) blt     tp, s5, pc + 10
core   0: 3 0x8000a0fe (0x01524563)
core   0: 0x8000a108 (0x00000001) c.nop
core   0: 3 0x8000a108 (0x0001)
core   0: 0x8000a10a (0x02b0fd33) remu    s10, ra, a1
core   0: 3 0x8000a10a (0x02b0fd33) x26 0x80009f92
core   0: 0x8000a10e (0x027e5363) bge     t3, t2, pc + 38
core   0: 3 0x8000a10e (0x027e5363)
core   0: 0x8000a112 (0xc111e513) ori     a0, gp, -1007
core   0: 3 0x8000a112 (0xc111e513) x10 0xfffffc1b
core   0: 0x8000a116 (0x3cc16097) auipc   ra, 0x3cc16
core   0: 3 0x8000a116 (0x3cc16097) x1  0xbcc20116
core   0: 0x8000a11a (0x00001afd) c.addi  s5, -1
core   0: 3 0x8000a11a (0x1afd) x21 0xfffffffe
core   0: 0x8000a11c (0x01ecdc63) bge     s9, t5, pc + 24
core   0: 3 0x8000a11c (0x01ecdc63)
core   0: 0x8000a120 (0x00008a5a) c.mv    s4, s6
core   0: 3 0x8000a120 (0x8a5a) x20 0x00000000
core   0: 0x8000a122 (0x0000e28d) c.bnez  a3, pc + 34
core   0: 3 0x8000a122 (0xe28d)
core   0: 0x8000a144 (0x00000598) c.addi4spn a4, sp, 704
core   0: 3 0x8000a144 (0x0598) x14 0x8000a258
core   0: 0x8000a146 (0x0ae8c313) xori    t1, a7, 174
core   0: 3 0x8000a146 (0x0ae8c313) x6  0x80029c4a
core   0: 0x8000a14a (0x0000567d) c.li    a2, -1
core   0: 3 0x8000a14a (0x567d) x12 0xffffffff
core   0: 0x8000a14c (0x0164a2b3) slt     t0, s1, s6
core   0: 3 0x8000a14c (0x0164a2b3) x5  0x00000000
core   0: 0x8000a150 (0x0000cc89) c.beqz  s1, pc + 26
core   0: 3 0x8000a150 (0xcc89)
core   0: 0x8000a16a (0x008d1c63) bne     s10, s0, pc + 24
core   0: 3 0x8000a16a (0x008d1c63)
core   0: 0x8000a182 (0x00000001) c.nop
core   0: 3 0x8000a182 (0x0001)
core   0: 0x8000a184 (0x0000929a) c.add   t0, t1
core   0: 3 0x8000a184 (0x929a) x5  0x80029c4a
core   0: 0x8000a186 (0x01a01a93) slli    s5, zero, 26
core   0: 3 0x8000a186 (0x01a01a93) x21 0x00000000
core   0: 0x8000a18a (0x4154d333) sra     t1, s1, s5
core   0: 3 0x8000a18a (0x4154d333) x6  0x00000000
core   0: 0x8000a18e (0x02c34833) div     a6, t1, a2
core   0: 3 0x8000a18e (0x02c34833) x16 0x00000000
core   0: 0x8000a192 (0x015ccd33) xor     s10, s9, s5
core   0: 3 0x8000a192 (0x015ccd33) x26 0x0000011f
core   0: 0x8000a196 (0x000054fd) c.li    s1, -1
core   0: 3 0x8000a196 (0x54fd) x9  0xffffffff
core   0: 0x8000a198 (0x0000717d) c.addi16sp sp, -16
core   0: 3 0x8000a198 (0x717d) x2  0x80009f88
core   0: 0x8000a19a (0x01025263) bge     tp, a6, pc + 4
core   0: 3 0x8000a19a (0x01025263)
core   0: 0x8000a19e (0x011bce33) xor     t3, s7, a7
core   0: 3 0x8000a19e (0x011bce33) x28 0x0000c2c0
core   0: 0x8000a1a2 (0xf5f14c13) xori    s8, sp, -161
core   0: 3 0x8000a1a2 (0xf5f14c13) x24 0x7fff60d7
core   0: 0x8000a1a6 (0x001e4033) xor     zero, t3, ra
core   0: 3 0x8000a1a6 (0x001e4033)
core   0: 0x8000a1aa (0x037086b3) mul     a3, ra, s7
core   0: 3 0x8000a1aa (0x037086b3) x13 0xc9da3b18
core   0: 0x8000a1ae (0x025e4833) div     a6, t3, t0
core   0: 3 0x8000a1ae (0x025e4833) x16 0x00000000
core   0: 0x8000a1b2 (0x026e9663) bne     t4, t1, pc + 44
core   0: 3 0x8000a1b2 (0x026e9663)
core   0: 0x8000a1de (0x000060fd) c.lui   ra, 0x1f
core   0: 3 0x8000a1de (0x60fd) x1  0x0001f000
core   0: 0x8000a1e0 (0x020600b3) mul     ra, a2, zero
core   0: 3 0x8000a1e0 (0x020600b3) x1  0x00000000
core   0: 0x8000a1e4 (0x019374b3) and     s1, t1, s9
core   0: 3 0x8000a1e4 (0x019374b3) x9  0x00000000
core   0: 0x8000a1e8 (0x00006ae1) c.lui   s5, 0x18
core   0: 3 0x8000a1e8 (0x6ae1) x21 0x00018000
core   0: 0x8000a1ea (0x0388d633) divu    a2, a7, s8
core   0: 3 0x8000a1ea (0x0388d633) x12 0x00000001
core   0: 0x8000a1ee (0x085d4013) xori    zero, s10, 133
core   0: 3 0x8000a1ee (0x085d4013)
core   0: 0x8000a1f2 (0x00000569) c.addi  a0, 26
core   0: 3 0x8000a1f2 (0x0569) x10 0xfffffc35
core   0: 0x8000a1f4 (0xc4baeb13) ori     s6, s5, -949
core   0: 3 0x8000a1f4 (0xc4baeb13) x22 0xfffffc4b
core   0: 0x8000a1f8 (0x4b32eb17) auipc   s6, 0x4b32e
core   0: 3 0x8000a1f8 (0x4b32eb17) x22 0xcb3381f8
core   0: 0x8000a1fc (0x00008e85) c.sub   a3, s1
core   0: 3 0x8000a1fc (0x8e85) x13 0xc9da3b18
core   0: 0x8000a1fe (0x00000fda) c.slli  t6, 22
core   0: 3 0x8000a1fe (0x0fda) x31 0x00000000
core   0: 0x8000a200 (0x00008dd9) c.or    a1, a4
core   0: 3 0x8000a200 (0x8dd9) x11 0x8000a258
core   0: 0x8000a202 (0x03d7f0b3) remu    ra, a5, t4
core   0: 3 0x8000a202 (0x03d7f0b3) x1  0x00000000
core   0: 0x8000a206 (0xb9557797) auipc   a5, 0xb9557
core   0: 3 0x8000a206 (0xb9557797) x15 0x39561206
core   0: 0x8000a20a (0x02edab33) mulhsu  s6, s11, a4
core   0: 3 0x8000a20a (0x02edab33) x22 0xc51fb554
core   0: 0x8000a20e (0x418504b3) sub     s1, a0, s8
core   0: 3 0x8000a20e (0x418504b3) x9  0x80009b5e
core   0: 0x8000a212 (0x00f25033) srl     zero, tp, a5
core   0: 3 0x8000a212 (0x00f25033)
core   0: 0x8000a216 (0x00008f5d) c.or    a4, a5
core   0: 3 0x8000a216 (0x8f5d) x14 0xb956b25e
core   0: 0x8000a218 (0x4049deb3) sra     t4, s3, tp
core   0: 3 0x8000a218 (0x4049deb3) x29 0xfffffd0d
core   0: 0x8000a21c (0xeacefa93) andi    s5, t4, -340
core   0: 3 0x8000a21c (0xeacefa93) x21 0xfffffc0c
core   0: 0x8000a220 (0x023a5333) divu    t1, s4, gp
core   0: 3 0x8000a220 (0x023a5333) x6  0x00000000
core   0: 0x8000a224 (0x5c392537) lui     a0, 0x5c392
core   0: 3 0x8000a224 (0x5c392537) x10 0x5c392000
core   0: 0x8000a228 (0x9d357a17) auipc   s4, 0x9d357
core   0: 3 0x8000a228 (0x9d357a17) x20 0x1d361228
core   0: 0x8000a22c (0x0000946e) c.add   s0, s11
core   0: 3 0x8000a22c (0x946e) x8  0x3abcff94
core   0: 0x8000a22e (0x000097fe) c.add   a5, t6
core   0: 3 0x8000a22e (0x97fe) x15 0x39561206
core   0: 0x8000a230 (0x0000527d) c.li    tp, -1
core   0: 3 0x8000a230 (0x527d) x4  0xffffffff
core   0: 0x8000a232 (0x00008cdd) c.or    s1, a5
core   0: 3 0x8000a232 (0x8cdd) x9  0xb9569b5e
core   0: 0x8000a234 (0x00421d63) bne     tp, tp, pc + 26
core   0: 3 0x8000a234 (0x00421d63)
core   0: 0x8000a238 (0x01b8dc33) srl     s8, a7, s11
core   0: 3 0x8000a238 (0x01b8dc33) x24 0x80029ce4
core   0: 0x8000a23c (0x0082bf33) sltu    t5, t0, s0
core   0: 3 0x8000a23c (0x0082bf33) x30 0x00000000
core   0: 0x8000a240 (0x0000854e) c.mv    a0, s3
core   0: 3 0x8000a240 (0x854e) x10 0xa1b80000
core   0: 0x8000a242 (0x00000001) c.nop
core   0: 3 0x8000a242 (0x0001)
core   0: 0x8000a244 (0x406dd113) srai    sp, s11, 6
core   0: 3 0x8000a244 (0x406dd113) x2  0xfe290000
core   0: 0x8000a248 (0x00008d6d) c.and   a0, a1
core   0: 3 0x8000a248 (0x8d6d) x10 0x80000000
core   0: 0x8000a24a (0x41065793) srai    a5, a2, 16
core   0: 3 0x8000a24a (0x41065793) x15 0x00000000
core   0: 0x8000a24e (0x026390b3) mulh    ra, t2, t1
core   0: 3 0x8000a24e (0x026390b3) x1  0x00000000
core   0: 0x8000a252 (0x02c20d33) mul     s10, tp, a2
core   0: 3 0x8000a252 (0x02c20d33) x26 0xffffffff
core   0: 0x8000a256 (0xbea9a397) auipc   t2, 0xbea9a
core   0: 3 0x8000a256 (0xbea9a397) x7  0x3eaa4256
core   0: 0x8000a25a (0x0000c289) c.beqz  a3, pc + 2
core   0: 3 0x8000a25a (0xc289)
core   0: 0x8000a25c (0x4063dd93) srai    s11, t2, 6
core   0: 3 0x8000a25c (0x4063dd93) x27 0x00faa909
core   0: 0x8000a260 (0x01469e13) slli    t3, a3, 20
core   0: 3 0x8000a260 (0x01469e13) x28 0xb1800000
core   0: 0x8000a264 (0x0335b533) mulhu   a0, a1, s3
core   0: 3 0x8000a264 (0x0335b533) x10 0x50dc668e
core   0: 0x8000a268 (0x00008caa) c.mv    s9, a0
core   0: 3 0x8000a268 (0x8caa) x25 0x50dc668e
core   0: 0x8000a26a (0x00005b7d) c.li    s6, -1
core   0: 3 0x8000a26a (0x5b7d) x22 0xffffffff
core   0: 0x8000a26c (0x00008162) c.mv    sp, s8
core   0: 3 0x8000a26c (0x8162) x2  0x80029ce4
core   0: 0x8000a26e (0x00008d79) c.and   a0, a4
core   0: 3 0x8000a26e (0x8d79) x10 0x1054220e
core   0: 0x8000a270 (0x00008c0d) c.sub   s0, a1
core   0: 3 0x8000a270 (0x8c0d) x8  0xbabc5d3c
core   0: 0x8000a272 (0x029dab33) mulhsu  s6, s11, s1
core   0: 3 0x8000a272 (0x029dab33) x22 0x00b578f4
core   0: 0x8000a276 (0x000099fe) c.add   s3, t6
core   0: 3 0x8000a276 (0x99fe) x19 0xa1b80000
core   0: 0x8000a278 (0x00008d41) c.or    a0, s0
core   0: 3 0x8000a278 (0x8d41) x10 0xbafc7f3e
core   0: 0x8000a27a (0x4862cd93) xori    s11, t0, 1158
core   0: 3 0x8000a27a (0x4862cd93) x27 0x800298cc
core   0: 0x8000a27e (0x01f706b3) add     a3, a4, t6
core   0: 3 0x8000a27e (0x01f706b3) x13 0xb956b25e
core   0: 0x8000a282 (0x01a4dfb3) srl     t6, s1, s10
core   0: 3 0x8000a282 (0x01a4dfb3) x31 0x00000001
core   0: 0x8000a286 (0x0000e115) c.bnez  a0, pc + 36
core   0: 3 0x8000a286 (0xe115)
core   0: 0x8000a2aa (0x02eb0fb3) mul     t6, s6, a4
core   0: 3 0x8000a2aa (0x02eb0fb3) x31 0x66b41198
core   0: 0x8000a2ae (0x00004f55) c.li    t5, 21
core   0: 3 0x8000a2ae (0x4f55) x30 0x00000015
core   0: 0x8000a2b0 (0x000083f1) c.srli  a5, 28
core   0: 3 0x8000a2b0 (0x83f1) x15 0x00000000
core   0: 0x8000a2b2 (0x0000061a) c.slli  a2, 6
core   0: 3 0x8000a2b2 (0x061a) x12 0x00000040
core   0: 0x8000a2b4 (0x0000977e) c.add   a4, t6
core   0: 3 0x8000a2b4 (0x977e) x14 0x200ac3f6
core   0: 0x8000a2b6 (0x96ceca93) xori    s5, t4, -1684
core   0: 3 0x8000a2b6 (0x96ceca93) x21 0x00000461
core   0: 0x8000a2ba (0x01e8c5b3) xor     a1, a7, t5
core   0: 3 0x8000a2ba (0x01e8c5b3) x11 0x80029cf1
core   0: 0x8000a2be (0x2528b413) sltiu   s0, a7, 594
core   0: 3 0x8000a2be (0x2528b413) x8  0x00000000
core   0: 0x8000a2c2 (0x00007517) auipc   a0, 0x7
core   0: 3 0x8000a2c2 (0x00007517) x10 0x800112c2
core   0: 0x8000a2c6 (0x8cf50513) addi    a0, a0, -1841
core   0: 3 0x8000a2c6 (0x8cf50513) x10 0x80010b91
core   0: 0x8000a2ca (0x020857b3) divu    a5, a6, zero
core   0: 3 0x8000a2ca (0x020857b3) x15 0xffffffff
core   0: 0x8000a2ce (0x020069b3) rem     s3, zero, zero
core   0: 3 0x8000a2ce (0x020069b3) x19 0x00000000
core   0: 0x8000a2d2 (0x0109d633) srl     a2, s3, a6
core   0: 3 0x8000a2d2 (0x0109d633) x12 0x00000000
core   0: 0x8000a2d6 (0x00006795) c.lui   a5, 0x5
core   0: 3 0x8000a2d6 (0x6795) x15 0x00005000
core   0: 0x8000a2d8 (0xfc555603) lhu     a2, -59(a0)
core   0: 3 0x8000a2d8 (0xfc555603) x12 0x00000000 mem 0x80010b56
core   0: 0x8000a2dc (0x01350fa3) sb      s3, 31(a0)
core   0: 3 0x8000a2dc (0x01350fa3) mem 0x80010bb0 0x00
core   0: 0x8000a2e0 (0x00c1f633) and     a2, gp, a2
core   0: 3 0x8000a2e0 (0x00c1f633) x12 0x00000000
core   0: 0x8000a2e4 (0xfc650183) lb      gp, -58(a0)
core   0: 3 0x8000a2e4 (0xfc650183) x3  0x00000000 mem 0x80010b57
core   0: 0x8000a2e8 (0x01a7d813) srli    a6, a5, 26
core   0: 3 0x8000a2e8 (0x01a7d813) x16 0x00000000
core   0: 0x8000a2ec (0xfef519a3) sh      a5, -13(a0)
core   0: 3 0x8000a2ec (0xfef519a3) mem 0x80010b84 0x5000
core   0: 0x8000a2f0 (0x8131d637) lui     a2, 0x8131d
core   0: 3 0x8000a2f0 (0x8131d637) x12 0x8131d000
core   0: 0x8000a2f4 (0x01654183) lbu     gp, 22(a0)
core   0: 3 0x8000a2f4 (0x01654183) x3  0x00000000 mem 0x80010ba7
core   0: 0x8000a2f8 (0xfdf52803) lw      a6, -33(a0)
core   0: 3 0x8000a2f8 (0xfdf52803) x16 0x00000000 mem 0x80010b70
core   0: 0x8000a2fc (0x01050c23) sb      a6, 24(a0)
core   0: 3 0x8000a2fc (0x01050c23) mem 0x80010ba9 0x00
core   0: 0x8000a300 (0x01350f23) sb      s3, 30(a0)
core   0: 3 0x8000a300 (0x01350f23) mem 0x80010baf 0x00
core   0: 0x8000a304 (0xfe0509a3) sb      zero, -13(a0)
core   0: 3 0x8000a304 (0xfe0509a3) mem 0x80010b84 0x00
core   0: 0x8000a308 (0x00052fa3) sw      zero, 31(a0)
core   0: 3 0x8000a308 (0x00052fa3) mem 0x80010bb0 0x00000000
core   0: 0x8000a30c (0x0000983e) c.add   a6, a5
core   0: 3 0x8000a30c (0x983e) x16 0x00005000
core   0: 0x8000a30e (0xfd350223) sb      s3, -60(a0)
core   0: 3 0x8000a30e (0xfd350223) mem 0x80010b55 0x00
core   0: 0x8000a312 (0xfc350523) sb      gp, -54(a0)
core   0: 3 0x8000a312 (0xfc350523) mem 0x80010b5b 0x00
core   0: 0x8000a316 (0x010507a3) sb      a6, 15(a0)
core   0: 3 0x8000a316 (0x010507a3) mem 0x80010ba0 0x00
core   0: 0x8000a31a (0x03367033) remu    zero, a2, s3
core   0: 3 0x8000a31a (0x03367033)
core   0: 0x8000a31e (0x00650183) lb      gp, 6(a0)
core   0: 3 0x8000a31e (0x00650183) x3  0x00000000 mem 0x80010b97
core   0: 0x8000a322 (0x02755603) lhu     a2, 39(a0)
core   0: 3 0x8000a322 (0x02755603) x12 0x00000000 mem 0x80010bb8
core   0: 0x8000a326 (0xfcc50323) sb      a2, -58(a0)
core   0: 3 0x8000a326 (0xfcc50323) mem 0x80010b57 0x00
core   0: 0x8000a32a (0xfcd51983) lh      s3, -51(a0)
core   0: 3 0x8000a32a (0xfcd51983) x19 0x00000000 mem 0x80010b5e
core   0: 0x8000a32e (0x03650983) lb      s3, 54(a0)
core   0: 3 0x8000a32e (0x03650983) x19 0x00000000 mem 0x80010bc7
core   0: 0x8000a332 (0x01350983) lb      s3, 19(a0)
core   0: 3 0x8000a332 (0x01350983) x19 0x00000000 mem 0x80010ba4
core   0: 0x8000a336 (0x000047bd) c.li    a5, 15
core   0: 3 0x8000a336 (0x47bd) x15 0x0000000f
core   0: 0x8000a338 (0x03150783) lb      a5, 49(a0)
core   0: 3 0x8000a338 (0x03150783) x15 0x00000000 mem 0x80010bc2
core   0: 0x8000a33c (0xfd254003) lbu     zero, -46(a0)
core   0: 3 0x8000a33c (0xfd254003) mem 0x80010b63
core   0: 0x8000a340 (0x02e54783) lbu     a5, 46(a0)
core   0: 3 0x8000a340 (0x02e54783) x15 0x00000000 mem 0x80010bbf
core   0: 0x8000a344 (0xff054003) lbu     zero, -16(a0)
core   0: 3 0x8000a344 (0xff054003) mem 0x80010b81
core   0: 0x8000a348 (0x01a50783) lb      a5, 26(a0)
core   0: 3 0x8000a348 (0x01a50783) x15 0x00000000 mem 0x80010bab
core   0: 0x8000a34c (0x00654783) lbu     a5, 6(a0)
core   0: 3 0x8000a34c (0x00654783) x15 0x00000000 mem 0x80010b97
core   0: 0x8000a350 (0x00008e7d) c.and   a2, a5
core   0: 3 0x8000a350 (0x8e7d) x12 0x00000000
core   0: 0x8000a352 (0xfec514a3) sh      a2, -23(a0)
core   0: 3 0x8000a352 (0xfec514a3) mem 0x80010b7a 0x0000
core   0: 0x8000a356 (0x00450783) lb      a5, 4(a0)
core   0: 3 0x8000a356 (0x00450783) x15 0x00000000 mem 0x80010b95
core   0: 0x8000a35a (0x0339f7b3) remu    a5, s3, s3
core   0: 3 0x8000a35a (0x0339f7b3) x15 0x00000000
core   0: 0x8000a35e (0x02f55183) lhu     gp, 47(a0)
core   0: 3 0x8000a35e (0x02f55183) x3  0x00000000 mem 0x80010bc0
core   0: 0x8000a362 (0x00000001) c.nop
core   0: 3 0x8000a362 (0x0001)
core   0: 0x8000a364 (0x00008c09) c.sub   s0, a0
core   0: 3 0x8000a364 (0x8c09) x8  0x7ffef46f
core   0: 0x8000a366 (0x02573cb3) mulhu   s9, a4, t0
core   0: 3 0x8000a366 (0x02573cb3) x25 0x1005b5a0
core   0: 0x8000a36a (0x00000d90) c.addi4spn a2, sp, 720
core   0: 3 0x8000a36a (0x0d90) x12 0x80029fb4
core   0: 0x8000a36c (0x035c6b33) rem     s6, s8, s5
core   0: 3 0x8000a36c (0x035c6b33) x22 0xfffffbf0
core   0: 0x8000a370 (0x00009bfd) c.andi  a5, -1
core   0: 3 0x8000a370 (0x9bfd) x15 0x00000000
core   0: 0x8000a372 (0x01999113) slli    sp, s3, 25
core   0: 3 0x8000a372 (0x01999113) x2  0x00000000
core   0: 0x8000a376 (0x00000001) c.nop
core   0: 3 0x8000a376 (0x0001)
core   0: 0x8000a378 (0x00ef6263) bltu    t5, a4, pc + 4
core   0: 3 0x8000a378 (0x00ef6263)
core   0: 0x8000a37c (0x4173d033) sra     zero, t2, s7
core   0: 3 0x8000a37c (0x4173d033)
core   0: 0x8000a380 (0x0000c009) c.beqz  s0, pc + 2
core   0: 3 0x8000a380 (0xc009)
core   0: 0x8000a382 (0x00008e65) c.and   a2, s1
core   0: 3 0x8000a382 (0x8e65) x12 0x80029b14
core   0: 0x8000a384 (0x00008362) c.mv    t1, s8
core   0: 3 0x8000a384 (0x8362) x6  0x80029ce4
core   0: 0x8000a386 (0x00001d0c) c.addi4spn a1, sp, 688
core   0: 3 0x8000a386 (0x1d0c) x11 0x000002b0
core   0: 0x8000a388 (0x0000e485) c.bnez  s1, pc + 40
core   0: 3 0x8000a388 (0xe485)
core   0: 0x8000a3b0 (0x00ffceb3) xor     t4, t6, a5
core   0: 3 0x8000a3b0 (0x00ffceb3) x29 0x66b41198
core   0: 0x8000a3b4 (0x0000167d) c.addi  a2, -1
core   0: 3 0x8000a3b4 (0x167d) x12 0x80029b13
core   0: 0x8000a3b6 (0x1d912613) slti    a2, sp, 473
core   0: 3 0x8000a3b6 (0x1d912613) x12 0x00000001
core   0: 0x8000a3ba (0x0475c163) blt     a1, t2, pc + 66
core   0: 3 0x8000a3ba (0x0475c163)
core   0: 0x8000a3fc (0x004d5a93) srli    s5, s10, 4
core   0: 3 0x8000a3fc (0x004d5a93) x21 0x0fffffff
core   0: 0x8000a400 (0x00d55293) srli    t0, a0, 13
core   0: 3 0x8000a400 (0x00d55293) x5  0x00040008
core   0: 0x8000a404 (0x01593b33) sltu    s6, s2, s5
core   0: 3 0x8000a404 (0x01593b33) x22 0x00000000
core   0: 0x8000a408 (0x15907b17) auipc   s6, 0x15907
core   0: 3 0x8000a408 (0x15907b17) x22 0x95911408
core   0: 0x8000a40c (0x0000e289) c.bnez  a3, pc + 2
core   0: 3 0x8000a40c (0xe289)
core   0: 0x8000a40e (0x00000001) c.nop
core   0: 3 0x8000a40e (0x0001)
core   0: 0x8000a410 (0x00c69533) sll     a0, a3, a2
core   0: 3 0x8000a410 (0x00c69533) x10 0x72ad64bc
core   0: 0x8000a414 (0x03c7c9b3) div     s3, a5, t3
core   0: 3 0x8000a414 (0x03c7c9b3) x19 0x00000000
core   0: 0x8000a418 (0x03d93cb3) mulhu   s9, s2, t4
core   0: 3 0x8000a418 (0x03d93cb3) x25 0x3864832d
core   0: 0x8000a41c (0x00000ff6) c.slli  t6, 29
core   0: 3 0x8000a41c (0x0ff6) x31 0x00000000
core   0: 0x8000a41e (0x00008329) c.srli  a4, 10
core   0: 3 0x8000a41e (0x8329) x14 0x000802b0
core   0: 0x8000a420 (0x0000997d) c.andi  a0, -1
core   0: 3 0x8000a420 (0x997d) x10 0x72ad64bc
core   0: 0x8000a422 (0x00008b1d) c.andi  a4, 7
core   0: 3 0x8000a422 (0x8b1d) x14 0x00000000
core   0: 0x8000a424 (0x002a1b13) slli    s6, s4, 2
core   0: 3 0x8000a424 (0x002a1b13) x22 0x74d848a0
core   0: 0x8000a428 (0x022fc533) div     a0, t6, sp
core   0: 3 0x8000a428 (0x022fc533) x10 0xffffffff
core   0: 0x8000a42c (0x00000001) c.nop
core   0: 3 0x8000a42c (0x0001)
core   0: 0x8000a42e (0x02a59633) mulh    a2, a1, a0
core   0: 3 0x8000a42e (0x02a59633) x12 0xffffffff
core   0: 0x8000a432 (0x0000c3a1) c.beqz  a5, pc + 64
core   0: 3 0x8000a432 (0xc3a1)
core   0: 0x8000a472 (0x6bccae93) slti    t4, s9, 1724
core   0: 3 0x8000a472 (0x6bccae93) x29 0x00000000
core   0: 0x8000a476 (0x006ddf33) srl     t5, s11, t1
core   0: 3 0x8000a476 (0x006ddf33) x30 0x0800298c
core   0: 0x8000a47a (0x0000c029) c.beqz  s0, pc + 66
core   0: 3 0x8000a47a (0xc029)
core   0: 0x8000a47c (0x405e0133) sub     sp, t3, t0
core   0: 3 0x8000a47c (0x405e0133) x2  0xb17bfff8
core   0: 0x8000a480 (0x02285533) divu    a0, a6, sp
core   0: 3 0x8000a480 (0x02285533) x10 0x00000000
core   0: 0x8000a484 (0x85cd5597) auipc   a1, 0x85cd5
core   0: 3 0x8000a484 (0x85cd5597) x11 0x05cdf484
core   0: 0x8000a488 (0x000080cd) c.srli  s1, 19
core   0: 3 0x8000a488 (0x80cd) x9  0x0000172a
core   0: 0x8000a48a (0x00008369) c.srli  a4, 26
core   0: 3 0x8000a48a (0x8369) x14 0x00000000
core   0: 0x8000a48c (0x00008fd1) c.or    a5, a2
core   0: 3 0x8000a48c (0x8fd1) x15 0xffffffff
core   0: 0x8000a48e (0x416c52b3) sra     t0, s8, s6
core   0: 3 0x8000a48e (0x416c52b3) x5  0x80029ce4
core   0: 0x8000a492 (0x0000948a) c.add   s1, sp
core   0: 3 0x8000a492 (0x948a) x9  0xb17c1722
core   0: 0x8000a494 (0x00000001) c.nop
core   0: 3 0x8000a494 (0x0001)
core   0: 0x8000a496 (0x02cbd033) divu    zero, s7, a2
core   0: 3 0x8000a496 (0x02cbd033)
core   0: 0x8000a49a (0x64d18e17) auipc   t3, 0x64d18
core   0: 3 0x8000a49a (0x64d18e17) x28 0xe4d2249a
core   0: 0x8000a49e (0x039a5233) divu    tp, s4, s9
core   0: 3 0x8000a49e (0x039a5233) x4  0x00000000
core   0: 0x8000a4a2 (0x4117dc93) srai    s9, a5, 17
core   0: 3 0x8000a4a2 (0x4117dc93) x25 0xffffffff
core   0: 0x8000a4a6 (0xed437f13) andi    t5, t1, -300
core   0: 3 0x8000a4a6 (0xed437f13) x30 0x80029cc4
core   0: 0x8000a4aa (0x0000717d) c.addi16sp sp, -16
core   0: 3 0x8000a4aa (0x717d) x2  0xb17bffe8
core   0: 0x8000a4ac (0x007b1393) slli    t2, s6, 7
core   0: 3 0x8000a4ac (0x007b1393) x7  0x6c245000
core   0: 0x8000a4b0 (0xe5227a93) andi    s5, tp, -430
core   0: 3 0x8000a4b0 (0xe5227a93) x21 0x00000000
core   0: 0x8000a4b4 (0x406d89b3) sub     s3, s11, t1
core   0: 3 0x8000a4b4 (0x406d89b3) x19 0xfffffbe8
core   0: 0x8000a4b8 (0x01831c93) slli    s9, t1, 24
core   0: 3 0x8000a4b8 (0x01831c93) x25 0xe4000000
core   0: 0x8000a4bc (0x00c69f13) slli    t5, a3, 12
core   0: 3 0x8000a4bc (0x00c69f13) x30 0x6b25e000
core   0: 0x8000a4c0 (0x00008d0d) c.sub   a0, a1
core   0: 3 0x8000a4c0 (0x8d0d) x10 0xfa320b7c
core   0: 0x8000a4c2 (0x00008955) c.andi  a0, 21
core   0: 3 0x8000a4c2 (0x8955) x10 0x00000014
core   0: 0x8000a4c4 (0x01f94c63) blt     s2, t6, pc + 24
core   0: 3 0x8000a4c4 (0x01f94c63)
core   0: 0x8000a4dc (0x00005d7d) c.li    s10, -1
core   0: 3 0x8000a4dc (0x5d7d) x26 0xffffffff
core   0: 0x8000a4de (0x004ba703) lw      a4, 4(s7)
core   0: 3 0x8000a4de (0x004ba703) x14 0x8000a610 mem 0x80025e28
core   0: 0x8000a4e2 (0x2d358437) lui     s0, 0x2d358
core   0: 3 0x8000a4e2 (0x2d358437) x8  0x2d358000
core   0: 0x8000a4e6 (0xf93ba093) slti    ra, s7, -109
core   0: 3 0x8000a4e6 (0xf93ba093) x1  0x00000001
core   0: 0x8000a4ea (0x029f5ab3) divu    s5, t5, s1
core   0: 3 0x8000a4ea (0x029f5ab3) x21 0x00000000
core   0: 0x8000a4ee (0x41a7d013) srai    zero, a5, 26
core   0: 3 0x8000a4ee (0x41a7d013)
core   0: 0x8000a4f2 (0x00006155) c.addi16sp sp, 304
core   0: 3 0x8000a4f2 (0x6155) x2  0xb17c0118
core   0: 0x8000a4f4 (0x020b8b93) addi    s7, s7, 32
core   0: 3 0x8000a4f4 (0x020b8b93) x23 0x80025e44
core   0: 0x8000a4f8 (0xcbbb6013) ori     zero, s6, -837
core   0: 3 0x8000a4f8 (0xcbbb6013)
core   0: 0x8000a4fc (0x01eddeb3) srl     t4, s11, t5
core   0: 3 0x8000a4fc (0x01eddeb3) x29 0x800298cc
core   0: 0x8000a500 (0x00070793) mv      a5, a4
core   0: 3 0x8000a500 (0x00070793) x15 0x8000a610
core   0: 0x8000a504 (0x00009782) c.jalr  a5
core   0: 3 0x8000a504 (0x9782) x1  0x8000a506
core   0: 0x8000a610 (0x00006259) c.lui   tp, 0x16
core   0: 3 0x8000a610 (0x6259) x4  0x00016000
core   0: 0x8000a612 (0x0348bd33) mulhu   s10, a7, s4
core   0: 3 0x8000a612 (0x0348bd33) x26 0x0e9b5567
core   0: 0x8000a616 (0x41ab06b3) sub     a3, s6, s10
core   0: 3 0x8000a616 (0x41ab06b3) x13 0x663cf339
core   0: 0x8000a61a (0x0944ea13) ori     s4, s1, 148
core   0: 3 0x8000a61a (0x0944ea13) x20 0xb17c17b6
core   0: 0x8000a61e (0x414cd233) sra     tp, s9, s4
core   0: 3 0x8000a61e (0x414cd233) x4  0xffffff90
core   0: 0x8000a622 (0x00000001) c.nop
core   0: 3 0x8000a622 (0x0001)
core   0: 0x8000a624 (0x004c7a33) and     s4, s8, tp
core   0: 3 0x8000a624 (0x004c7a33) x20 0x80029c80
core   0: 0x8000a628 (0x01b276b3) and     a3, tp, s11
core   0: 3 0x8000a628 (0x01b276b3) x13 0x80029880
core   0: 0x8000a62c (0x40768533) sub     a0, a3, t2
core   0: 3 0x8000a62c (0x40768533) x10 0x13de4880
core   0: 0x8000a630 (0xc4ffe76f) jal     a4, pc - 0x13b2
core   0: 3 0x8000a630 (0xc4ffe76f) x14 0x8000a634
core   0: 0x8000927e (0x01bce463) bltu    s9, s11, pc + 8
core   0: 3 0x8000927e (0x01bce463)
core   0: 0x80009282 (0x41890233) sub     tp, s2, s8
core   0: 3 0x80009282 (0x41890233) x4  0x0c8e0d45
core   0: 0x80009286 (0xfd8b8b93) addi    s7, s7, -40
core   0: 3 0x80009286 (0xfd8b8b93) x23 0x80025e1c
core   0: 0x8000928a (0x00eba223) sw      a4, 4(s7)
core   0: 3 0x8000928a (0x00eba223) mem 0x80025e20 0x8000a634
core   0: 0x8000928e (0x00008879) c.andi  s0, 30
core   0: 3 0x8000928e (0x8879) x8  0x00000000
core   0: 0x80009290 (0x03ed2033) mulhsu  zero, s10, t5
core   0: 3 0x80009290 (0x03ed2033)
core   0: 0x80009294 (0x00007397) auipc   t2, 0x7
core   0: 3 0x80009294 (0x00007397) x7  0x80010294
core   0: 0x80009298 (0xef938393) addi    t2, t2, -263
core   0: 3 0x80009298 (0xef938393) x7  0x8001018d
core   0: 0x8000929c (0x00000001) c.nop
core   0: 3 0x8000929c (0x0001)
core   0: 0x8000929e (0x0097b7b3) sltu    a5, a5, s1
core   0: 3 0x8000929e (0x0097b7b3) x15 0x00000001
core   0: 0x800092a2 (0x76d39603) lh      a2, 1901(t2)
core   0: 3 0x800092a2 (0x76d39603) x12 0x00000000 mem 0x800108fa
core   0: 0x800092a6 (0x98121637) lui     a2, 0x98121
core   0: 3 0x800092a6 (0x98121637) x12 0x98121000
core   0: 0x800092aa (0x0ef397a3) sh      a5, 239(t2)
core   0: 3 0x800092aa (0x0ef397a3) mem 0x8001027c 0x0001
core   0: 0x800092ae (0x4ba38223) sb      s10, 1188(t2)
core   0: 3 0x800092ae (0x4ba38223) mem 0x80010631 0x67
core   0: 0x800092b2 (0x000084a6) c.mv    s1, s1
core   0: 3 0x800092b2 (0x84a6) x9  0xb17c1722
core   0: 0x800092b4 (0x14938c23) sb      s1, 344(t2)
core   0: 3 0x800092b4 (0x14938c23) mem 0x800102e5 0x22
core   0: 0x800092b8 (0x00bc1793) slli    a5, s8, 11
core   0: 3 0x800092b8 (0x00bc1793) x15 0x14e72000
core   0: 0x800092bc (0x5433cc03) lbu     s8, 1347(t2)
core   0: 3 0x800092bc (0x5433cc03) x24 0x00000000 mem 0x800106d0
core   0: 0x800092c0 (0x0f038783) lb      a5, 240(t2)
core   0: 3 0x800092c0 (0x0f038783) x15 0x00000000 mem 0x8001027d
core   0: 0x800092c4 (0x281f4f13) xori    t5, t5, 641
core   0: 3 0x800092c4 (0x281f4f13) x30 0x6b25e281
core   0: 0x800092c8 (0x00c66f33) or      t5, a2, a2
core   0: 3 0x800092c8 (0x00c66f33) x30 0x98121000
core   0: 0x800092cc (0x00cd74b3) and     s1, s10, a2
core   0: 3 0x800092cc (0x00cd74b3) x9  0x08121000
core   0: 0x800092d0 (0x1143cf03) lbu     t5, 276(t2)
core   0: 3 0x800092d0 (0x1143cf03) x30 0x00000000 mem 0x800102a1
core   0: 0x800092d4 (0x00008e3d) c.xor   a2, a5
core   0: 3 0x800092d4 (0x8e3d) x12 0x98121000
core   0: 0x800092d6 (0x5c43cf03) lbu     t5, 1476(t2)
core   0: 3 0x800092d6 (0x5c43cf03) x30 0x00000000 mem 0x80010751
core   0: 0x800092da (0x40965c33) sra     s8, a2, s1
core   0: 3 0x800092da (0x40965c33) x24 0x98121000
core   0: 0x800092de (0x0d73df03) lhu     t5, 215(t2)
core   0: 3 0x800092de (0x0d73df03) x30 0x00000000 mem 0x80010264
core   0: 0x800092e2 (0x00000001) c.nop
core   0: 3 0x800092e2 (0x0001)
core   0: 0x800092e4 (0x000094ea) c.add   s1, s10
core   0: 3 0x800092e4 (0x94ea) x9  0x16ad6567
core   0: 0x800092e6 (0x00008f91) c.sub   a5, a2
core   0: 3 0x800092e6 (0x8f91) x15 0x67edf000
core   0: 0x800092e8 (0x2b03c783) lbu     a5, 688(t2)
core   0: 3 0x800092e8 (0x2b03c783) x15 0x00000000 mem 0x8001043d
core   0: 0x800092ec (0x0b238d03) lb      s10, 178(t2)
core   0: 3 0x800092ec (0x0b238d03) x26 0x00000000 mem 0x8001023f
core   0: 0x800092f0 (0x02fd4633) div     a2, s10, a5
core   0: 3 0x800092f0 (0x02fd4633) x12 0xffffffff
core   0: 0x800092f4 (0x41c3cc03) lbu     s8, 1052(t2)
core   0: 3 0x800092f4 (0x41c3cc03) x24 0x00000000 mem 0x800105a9
core   0: 0x800092f8 (0x75a38603) lb      a2, 1882(t2)
core   0: 3 0x800092f8 (0x75a38603) x12 0x00000000 mem 0x800108e7
core   0: 0x800092fc (0x00000001) c.nop
core   0: 3 0x800092fc (0x0001)
core   0: 0x800092fe (0x0187d7b3) srl     a5, a5, s8
core   0: 3 0x800092fe (0x0187d7b3) x15 0x00000000
core   0: 0x80009302 (0xfac397a3) sh      a2, -81(t2)
core   0: 3 0x80009302 (0xfac397a3) mem 0x8001013c 0x0000
core   0: 0x80009306 (0x00008e51) c.or    a2, a2
core   0: 3 0x80009306 (0x8e51) x12 0x00000000
core   0: 0x80009308 (0x13139c03) lh      s8, 305(t2)
core   0: 3 0x80009308 (0x13139c03) x24 0x00000000 mem 0x800102be
core   0: 0x8000930c (0x18c38ca3) sb      a2, 409(t2)
core   0: 3 0x8000930c (0x18c38ca3) mem 0x80010326 0x00
core   0: 0x80009310 (0x41cf5f13) srai    t5, t5, 28
core   0: 3 0x80009310 (0x41cf5f13) x30 0x00000000
core   0: 0x80009314 (0xed73d783) lhu     a5, -297(t2)
core   0: 3 0x80009314 (0xed73d783) x15 0x00000000 mem 0x80010064
core   0: 0x80009318 (0x00009bfd) c.andi  a5, -1
core   0: 3 0x80009318 (0x9bfd) x15 0x00000000
core   0: 0x8000931a (0x7613c603) lbu     a2, 1889(t2)
core   0: 3 0x8000931a (0x7613c603) x12 0x00000000 mem 0x800108ee
core   0: 0x8000931e (0x0fb39483) lh      s1, 251(t2)
core   0: 3 0x8000931e (0x0fb39483) x9  0x00000000 mem 0x80010288
core   0: 0x80009322 (0x0773df03) lhu     t5, 119(t2)
core   0: 3 0x80009322 (0x0773df03) x30 0x00000000 mem 0x80010204
core   0: 0x80009326 (0x00007117) auipc   sp, 0x7
core   0: 3 0x80009326 (0x00007117) x2  0x80010326
core   0: 0x8000932a (0xd3e10113) addi    sp, sp, -706
core   0: 3 0x8000932a (0xd3e10113) x2  0x80010064
core   0: 0x8000932e (0xffa14803) lbu     a6, -6(sp)
core   0: 3 0x8000932e (0xffa14803) x16 0x00000000 mem 0x8001005e
core   0: 0x80009332 (0xffa15b03) lhu     s6, -6(sp)
core   0: 3 0x80009332 (0xffa15b03) x22 0x00000000 mem 0x8001005e
core   0: 0x80009336 (0x03a11323) sh      s10, 38(sp)
core   0: 3 0x80009336 (0x03a11323) mem 0x8001008a 0x0000
core   0: 0x8000933a (0x02610a03) lb      s4, 38(sp)
core   0: 3 0x8000933a (0x02610a03) x20 0x00000000 mem 0x8001008a
core   0: 0x8000933e (0x00006d25) c.lui   s10, 0x9
core   0: 3 0x8000933e (0x6d25) x26 0x00009000
core   0: 0x80009340 (0x09714503) lbu     a0, 151(sp)
core   0: 3 0x80009340 (0x09714503) x10 0x00000000 mem 0x800100fb
core   0: 0x80009344 (0x031511b3) mulh    gp, a0, a7
core   0: 3 0x80009344 (0x031511b3) x3  0x00000000
core   0: 0x80009348 (0x09610ba3) sb      s6, 151(sp)
core   0: 3 0x80009348 (0x09610ba3) mem 0x800100fb 0x00
core   0: 0x8000934c (0x00a15f03) lhu     t5, 10(sp)
core   0: 3 0x8000934c (0x00a15f03) x30 0x00000000 mem 0x8001006e
core   0: 0x80009350 (0xff311723) sh      s3, -18(sp)
core   0: 3 0x80009350 (0xff311723) mem 0x80010052 0xfbe8
core   0: 0x80009354 (0xfee15d83) lhu     s11, -18(sp)
core   0: 3 0x80009354 (0xfee15d83) x27 0x0000fbe8 mem 0x80010052
core   0: 0x80009358 (0x0d114b03) lbu     s6, 209(sp)
core   0: 3 0x80009358 (0x0d114b03) x22 0x00000000 mem 0x80010135
core   0: 0x8000935c (0x0d114403) lbu     s0, 209(sp)
core   0: 3 0x8000935c (0x0d114403) x8  0x00000000 mem 0x80010135
core   0: 0x80009360 (0x0d114003) lbu     zero, 209(sp)
core   0: 3 0x80009360 (0x0d114003) mem 0x80010135
core   0: 0x80009364 (0x05e11403) lh      s0, 94(sp)
core   0: 3 0x80009364 (0x05e11403) x8  0x00000000 mem 0x800100c2
core   0: 0x80009368 (0x01cf6fb3) or      t6, t5, t3
core   0: 3 0x80009368 (0x01cf6fb3) x31 0xe4d2249a
core   0: 0x8000936c (0xff3eb613) sltiu   a2, t4, -13
core   0: 3 0x8000936c (0xff3eb613) x12 0x00000001
core   0: 0x80009370 (0x03c6a5b3) mulhsu  a1, a3, t3
core   0: 3 0x80009370 (0x03c6a5b3) x11 0x8d993fa6
core   0: 0x80009374 (0x02cf2c33) mulhsu  s8, t5, a2
core   0: 3 0x80009374 (0x02cf2c33) x24 0x00000000
core   0: 0x80009378 (0x01054d33) xor     s10, a0, a6
core   0: 3 0x80009378 (0x01054d33) x26 0x00000000
core   0: 0x8000937c (0x05810f23) sb      s8, 94(sp)
core   0: 3 0x8000937c (0x05810f23) mem 0x800100c2 0x00
core   0: 0x80009380 (0x0fb14803) lbu     a6, 251(sp)
core   0: 3 0x80009380 (0x0fb14803) x16 0x00000000 mem 0x8001015f
core   0: 0x80009384 (0x00a109a3) sb      a0, 19(sp)
core   0: 3 0x80009384 (0x00a109a3) mem 0x80010077 0x00
core   0: 0x80009388 (0x07f10d03) lb      s10, 127(sp)
core   0: 3 0x80009388 (0x07f10d03) x26 0x00000000 mem 0x800100e3
core   0: 0x8000938c (0x00004d9d) c.li    s11, 7
core   0: 3 0x8000938c (0x4d9d) x27 0x00000007
core   0: 0x8000938e (0x00008611) c.srai  a2, 4
core   0: 3 0x8000938e (0x8611) x12 0x00000000
core   0: 0x80009390 (0x00008e29) c.xor   a2, a0
core   0: 3 0x80009390 (0x8e29) x12 0x00000000
core   0: 0x80009392 (0x00fa7433) and     s0, s4, a5
core   0: 3 0x80009392 (0x00fa7433) x8  0x00000000
core   0: 0x80009396 (0x00008035) c.srli  s0, 13
core   0: 3 0x80009396 (0x8035) x8  0x00000000
core   0: 0x80009398 (0x00004e11) c.li    t3, 4
core   0: 3 0x80009398 (0x4e11) x28 0x00000004
core   0: 0x8000939a (0x00008cbd) c.xor   s1, a5
core   0: 3 0x8000939a (0x8cbd) x9  0x00000000
core   0: 0x8000939c (0x0300e533) rem     a0, ra, a6
core   0: 3 0x8000939c (0x0300e533) x10 0x8000a506
core   0: 0x800093a0 (0x0000868d) c.srai  a3, 3
core   0: 3 0x800093a0 (0x868d) x13 0xf0005310
core   0: 0x800093a2 (0x0000089c) c.addi4spn a5, sp, 80
core   0: 3 0x800093a2 (0x089c) x15 0x800100b4
core   0: 0x800093a4 (0x01d95433) srl     s0, s2, t4
core   0: 3 0x800093a4 (0x01d95433) x8  0x0008c90a
core   0: 0x800093a8 (0x006761b3) or      gp, a4, t1
core   0: 3 0x800093a8 (0x006761b3) x3  0x8002bef4
core   0: 0x800093ac (0x00008025) c.srli  s0, 9
core   0: 3 0x800093ac (0x8025) x8  0x00000464
core   0: 0x800093ae (0x00004ffd) c.li    t6, 31
core   0: 3 0x800093ae (0x4ffd) x31 0x0000001f
core   0: 0x800093b0 (0x00000ab6) c.slli  s5, 13
core   0: 3 0x800093b0 (0x0ab6) x21 0x00000000
core   0: 0x800093b2 (0x00009a16) c.add   s4, t0
core   0: 3 0x800093b2 (0x9a16) x20 0x80029ce4
core   0: 0x800093b4 (0x00a944b3) xor     s1, s2, a0
core   0: 3 0x800093b4 (0x00a944b3) x9  0x0c900f2f
core   0: 0x800093b8 (0x0112db33) srl     s6, t0, a7
core   0: 3 0x800093b8 (0x0112db33) x22 0x080029ce
core   0: 0x800093bc (0x00001df5) c.addi  s11, -3
core   0: 3 0x800093bc (0x1df5) x27 0x00000004
core   0: 0x800093be (0x00045193) srli    gp, s0, 0
core   0: 3 0x800093be (0x00045193) x3  0x00000464
core   0: 0x800093c2 (0x000081e5) c.srli  a1, 25
core   0: 3 0x800093c2 (0x81e5) x11 0x00000046
core   0: 0x800093c4 (0x59f24e93) xori    t4, tp, 1439
core   0: 3 0x800093c4 (0x59f24e93) x29 0x0c8e08da
core   0: 0x800093c8 (0x026eff33) remu    t5, t4, t1
core   0: 3 0x800093c8 (0x026eff33) x30 0x0c8e08da
core   0: 0x800093cc (0xfdcdfbe3) bgeu    s11, t3, pc - 42
core   0: 3 0x800093cc (0xfdcdfbe3)
core   0: 0x800093a2 (0x0000089c) c.addi4spn a5, sp, 80
core   0: 3 0x800093a2 (0x089c) x15 0x800100b4
core   0: 0x800093a4 (0x01d95433) srl     s0, s2, t4
core   0: 3 0x800093a4 (0x01d95433) x8  0x00000023
core   0: 0x800093a8 (0x006761b3) or      gp, a4, t1
core   0: 3 0x800093a8 (0x006761b3) x3  0x8002bef4
core   0: 0x800093ac (0x00008025) c.srli  s0, 9
core   0: 3 0x800093ac (0x8025) x8  0x00000000
core   0: 0x800093ae (0x00004ffd) c.li    t6, 31
core   0: 3 0x800093ae (0x4ffd) x31 0x0000001f
core   0: 0x800093b0 (0x00000ab6) c.slli  s5, 13
core   0: 3 0x800093b0 (0x0ab6) x21 0x00000000
core   0: 0x800093b2 (0x00009a16) c.add   s4, t0
core   0: 3 0x800093b2 (0x9a16) x20 0x000539c8
core   0: 0x800093b4 (0x00a944b3) xor     s1, s2, a0
core   0: 3 0x800093b4 (0x00a944b3) x9  0x0c900f2f
core   0: 0x800093b8 (0x0112db33) srl     s6, t0, a7
core   0: 3 0x800093b8 (0x0112db33) x22 0x080029ce
core   0: 0x800093bc (0x00001df5) c.addi  s11, -3
core   0: 3 0x800093bc (0x1df5) x27 0x00000001
core   0: 0x800093be (0x00045193) srli    gp, s0, 0
core   0: 3 0x800093be (0x00045193) x3  0x00000000
core   0: 0x800093c2 (0x000081e5) c.srli  a1, 25
core   0: 3 0x800093c2 (0x81e5) x11 0x00000000
core   0: 0x800093c4 (0x59f24e93) xori    t4, tp, 1439
core   0: 3 0x800093c4 (0x59f24e93) x29 0x0c8e08da
core   0: 0x800093c8 (0x026eff33) remu    t5, t4, t1
core   0: 3 0x800093c8 (0x026eff33) x30 0x0c8e08da
core   0: 0x800093cc (0xfdcdfbe3) bgeu    s11, t3, pc - 42
core   0: 3 0x800093cc (0xfdcdfbe3)
core   0: 0x800093d0 (0x01bfe833) or      a6, t6, s11
core   0: 3 0x800093d0 (0x01bfe833) x16 0x0000001f
core   0: 0x800093d4 (0x00012117) auipc   sp, 0x12
core   0: 3 0x800093d4 (0x00012117) x2  0x8001b3d4
core   0: 0x800093d8 (0x85510113) addi    sp, sp, -1963
core   0: 3 0x800093d8 (0x85510113) x2  0x8001ac29
core   0: 0x800093dc (0xfd010823) sb      a6, -48(sp)
core   0: 3 0x800093dc (0xfd010823) mem 0x8001abf9 0x1f
core   0: 0x800093e0 (0xfd014603) lbu     a2, -48(sp)
core   0: 3 0x800093e0 (0xfd014603) x12 0x0000001f mem 0x8001abf9
core   0: 0x800093e4 (0xfe410503) lb      a0, -28(sp)
core   0: 3 0x800093e4 (0xfe410503) x10 0x00000000 mem 0x8001ac0d
core   0: 0x800093e8 (0xf4515303) lhu     t1, -187(sp)
core   0: 3 0x800093e8 (0xf4515303) x6  0x00000000 mem 0x8001ab6e
core   0: 0x800093ec (0xfb710e23) sb      s7, -68(sp)
core   0: 3 0x800093ec (0xfb710e23) mem 0x8001abe5 0x1c
core   0: 0x800093f0 (0x03d03f33) mulhu   t5, zero, t4
core   0: 3 0x800093f0 (0x03d03f33) x30 0x00000000
core   0: 0x800093f4 (0x0bf113a3) sh      t6, 167(sp)
core   0: 3 0x800093f4 (0x0bf113a3) mem 0x8001acd0 0x001f
core   0: 0x800093f8 (0xffc10503) lb      a0, -4(sp)
core   0: 3 0x800093f8 (0xffc10503) x10 0x00000000 mem 0x8001ac25
core   0: 0x800093fc (0xffc14983) lbu     s3, -4(sp)
core   0: 3 0x800093fc (0xffc14983) x19 0x00000000 mem 0x8001ac25
core   0: 0x80009400 (0xffc10d83) lb      s11, -4(sp)
core   0: 3 0x80009400 (0xffc10d83) x27 0x00000000 mem 0x8001ac25
core   0: 0x80009404 (0xfd3118a3) sh      s3, -47(sp)
core   0: 3 0x80009404 (0xfd3118a3) mem 0x8001abfa 0x0000
core   0: 0x80009408 (0xfd111503) lh      a0, -47(sp)
core   0: 3 0x80009408 (0xfd111503) x10 0x00000000 mem 0x8001abfa
core   0: 0x8000940c (0x04115683) lhu     a3, 65(sp)
core   0: 3 0x8000940c (0x04115683) x13 0x00000000 mem 0x8001ac6a
core   0: 0x80009410 (0xf6814303) lbu     t1, -152(sp)
core   0: 3 0x80009410 (0xf6814303) x6  0x00000000 mem 0x8001ab91
core   0: 0x80009414 (0xf63117a3) sh      gp, -145(sp)
core   0: 3 0x80009414 (0xf63117a3) mem 0x8001ab98 0x0000
core   0: 0x80009418 (0xf6410503) lb      a0, -156(sp)
core   0: 3 0x80009418 (0xf6410503) x10 0x00000000 mem 0x8001ab8d
core   0: 0x8000941c (0xf7010223) sb      a6, -156(sp)
core   0: 3 0x8000941c (0xf7010223) mem 0x8001ab8d 0x1f
core   0: 0x80009420 (0x05910703) lb      a4, 89(sp)
core   0: 3 0x80009420 (0x05910703) x14 0x00000000 mem 0x8001ac82
core   0: 0x80009424 (0x05915483) lhu     s1, 89(sp)
core   0: 3 0x80009424 (0x05915483) x9  0x00000000 mem 0x8001ac82
core   0: 0x80009428 (0x00008797) auipc   a5, 0x8
core   0: 3 0x80009428 (0x00008797) x15 0x80011428
core   0: 0x8000942c (0xaa878793) addi    a5, a5, -1368
core   0: 3 0x8000942c (0xaa878793) x15 0x80010ed0
core   0: 0x80009430 (0x00006cb5) c.lui   s9, 0xd
core   0: 3 0x80009430 (0x6cb5) x25 0x0000d000
core   0: 0x80009432 (0xff279603) lh      a2, -14(a5)
core   0: 3 0x80009432 (0xff279603) x12 0x00000000 mem 0x80010ec2
core   0: 0x80009436 (0x00008e39) c.xor   a2, a4
core   0: 3 0x80009436 (0x8e39) x12 0x00000000
core   0: 0x80009438 (0xff178c83) lb      s9, -15(a5)
core   0: 3 0x80009438 (0xff178c83) x25 0x00000000 mem 0x80010ec1
core   0: 0x8000943c (0x0067a423) sw      t1, 8(a5)
core   0: 3 0x8000943c (0x0067a423) mem 0x80010ed8 0x00000000
core   0: 0x80009440 (0x00008f31) c.xor   a4, a2
core   0: 3 0x80009440 (0x8f31) x14 0x00000000
core   0: 0x80009442 (0x406e5333) sra     t1, t3, t1
core   0: 3 0x80009442 (0x406e5333) x6  0x00000004
core   0: 0x80009446 (0xff178c83) lb      s9, -15(a5)
core   0: 3 0x80009446 (0xff178c83) x25 0x00000000 mem 0x80010ec1
core   0: 0x8000944a (0x0047de03) lhu     t3, 4(a5)
core   0: 3 0x8000944a (0x0047de03) x28 0x00000000 mem 0x80010ed4
core   0: 0x8000944e (0x00c731b3) sltu    gp, a4, a2
core   0: 3 0x8000944e (0x00c731b3) x3  0x00000000
core   0: 0x80009452 (0xffc78ba3) sb      t3, -9(a5)
core   0: 3 0x80009452 (0xffc78ba3) mem 0x80010ec7 0x00
core   0: 0x80009456 (0x00008e11) c.sub   a2, a2
core   0: 3 0x80009456 (0x8e11) x12 0x00000000
core   0: 0x80009458 (0x00a78183) lb      gp, 10(a5)
core   0: 3 0x80009458 (0x00a78183) x3  0x00000000 mem 0x80010eda
core   0: 0x8000945c (0x039e0333) mul     t1, t3, s9
core   0: 3 0x8000945c (0x039e0333) x6  0x00000000
core   0: 0x80009460 (0xffc78923) sb      t3, -14(a5)
core   0: 3 0x80009460 (0xffc78923) mem 0x80010ec2 0x00
core   0: 0x80009464 (0x0000077a) c.slli  a4, 30
core   0: 3 0x80009464 (0x077a) x14 0x00000000
core   0: 0x80009466 (0xfee7ae23) sw      a4, -4(a5)
core   0: 3 0x80009466 (0xfee7ae23) mem 0x80010ecc 0x00000000
core   0: 0x8000946a (0xffc79183) lh      gp, -4(a5)
core   0: 3 0x8000946a (0xffc79183) x3  0x00000000 mem 0x80010ecc
core   0: 0x8000946e (0x000081e6) c.mv    gp, s9
core   0: 3 0x8000946e (0x81e6) x3  0x00000000
core   0: 0x80009470 (0xfe6788a3) sb      t1, -15(a5)
core   0: 3 0x80009470 (0xfe6788a3) mem 0x80010ec1 0x00
core   0: 0x80009474 (0x0000c790) c.sw    a2, 8(a5)
core   0: 3 0x80009474 (0xc790) mem 0x80010ed8 0x00000000
core   0: 0x80009476 (0xff17c603) lbu     a2, -15(a5)
core   0: 3 0x80009476 (0xff17c603) x12 0x00000000 mem 0x80010ec1
core   0: 0x8000947a (0x00009a7d) c.andi  a2, -1
core   0: 3 0x8000947a (0x9a7d) x12 0x00000000
core   0: 0x8000947c (0x00acd613) srli    a2, s9, 10
core   0: 3 0x8000947c (0x00acd613) x12 0x00000000
core   0: 0x80009480 (0x40ecd1b3) sra     gp, s9, a4
core   0: 3 0x80009480 (0x40ecd1b3) x3  0x00000000
core   0: 0x80009484 (0x00a1dc93) srli    s9, gp, 10
core   0: 3 0x80009484 (0x00a1dc93) x25 0x00000000
core   0: 0x80009488 (0x00008765) c.srai  a4, 25
core   0: 3 0x80009488 (0x8765) x14 0x00000000
core   0: 0x8000948a (0xfe678b23) sb      t1, -10(a5)
core   0: 3 0x8000948a (0xfe678b23) mem 0x80010ec6 0x00
core   0: 0x8000948e (0x00678223) sb      t1, 4(a5)
core   0: 3 0x8000948e (0x00678223) mem 0x80010ed4 0x00
core   0: 0x80009492 (0x00379523) sh      gp, 10(a5)
core   0: 3 0x80009492 (0x00379523) mem 0x80010eda 0x0000
core   0: 0x80009496 (0x039cfcb3) remu    s9, s9, s9
core   0: 3 0x80009496 (0x039cfcb3) x25 0x00000000
core   0: 0x8000949a (0x02e371b3) remu    gp, t1, a4
core   0: 3 0x8000949a (0x02e371b3) x3  0x00000000
core   0: 0x8000949e (0x6e87f717) auipc   a4, 0x6e87f
core   0: 3 0x8000949e (0x6e87f717) x14 0xee88849e
core   0: 0x800094a2 (0x00004b90) c.lw    a2, 16(a5)
core   0: 3 0x800094a2 (0x4b90) x12 0x00000000 mem 0x80010ee0
core   0: 0x800094a4 (0x405e5313) srai    t1, t3, 5
core   0: 3 0x800094a4 (0x405e5313) x6  0x00000000
core   0: 0x800094a8 (0x00c74e33) xor     t3, a4, a2
core   0: 3 0x800094a8 (0x00c74e33) x28 0xee88849e
core   0: 0x800094ac (0x00001cfd) c.addi  s9, -1
core   0: 3 0x800094ac (0x1cfd) x25 0xffffffff
core   0: 0x800094ae (0x00678123) sb      t1, 2(a5)
core   0: 3 0x800094ae (0x00678123) mem 0x80010ed2 0x00
core   0: 0x800094b2 (0x00008e39) c.xor   a2, a4
core   0: 3 0x800094b2 (0x8e39) x12 0xee88849e
core   0: 0x800094b4 (0x40ee0733) sub     a4, t3, a4
core   0: 3 0x800094b4 (0x40ee0733) x14 0x00000000
core   0: 0x800094b8 (0xfe678aa3) sb      t1, -11(a5)
core   0: 3 0x800094b8 (0xfe678aa3) mem 0x80010ec5 0x00
core   0: 0x800094bc (0x0000826d) c.srli  a2, 27
core   0: 3 0x800094bc (0x826d) x12 0x0000001d
core   0: 0x800094be (0xe14cf193) andi    gp, s9, -492
core   0: 3 0x800094be (0xe14cf193) x3  0xfffffe14
core   0: 0x800094c2 (0xffc788a3) sb      t3, -15(a5)
core   0: 3 0x800094c2 (0xffc788a3) mem 0x80010ec1 0x9e
core   0: 0x800094c6 (0x0280076f) jal     a4, pc + 0x28
core   0: 3 0x800094c6 (0x0280076f) x14 0x800094ca
core   0: 0x800094ee (0x00003ff9) c.jal   pc - 34
core   0: 3 0x800094ee (0x3ff9) x1  0x800094f0
core   0: 0x800094cc (0x01a000ef) jal     pc + 0x1a
core   0: 3 0x800094cc (0x01a000ef) x1  0x800094d0
core   0: 0x800094e6 (0xfefff0ef) jal     pc - 0x12
core   0: 3 0x800094e6 (0xfefff0ef) x1  0x800094ea
core   0: 0x800094d4 (0x00003fdd) c.jal   pc - 10
core   0: 3 0x800094d4 (0x3fdd) x1  0x800094d6
core   0: 0x800094ca (0x00002819) c.jal   pc + 22
core   0: 3 0x800094ca (0x2819) x1  0x800094cc
core   0: 0x800094e0 (0xffdff36f) jal     t1, pc - 0x4
core   0: 3 0x800094e0 (0xffdff36f) x6  0x800094e4
core   0: 0x800094dc (0x00002009) c.jal   pc + 2
core   0: 3 0x800094dc (0x2009) x1  0x800094de
core   0: 0x800094de (0x0000bfcd) c.j     pc - 14
core   0: 3 0x800094de (0xbfcd)
core   0: 0x800094d0 (0x01a00b6f) jal     s6, pc + 0x1a
core   0: 3 0x800094d0 (0x01a00b6f) x22 0x800094d4
core   0: 0x800094ea (0x00003fc5) c.jal   pc - 16
core   0: 3 0x800094ea (0x3fc5) x1  0x800094ec
core   0: 0x800094da (0x0000bff5) c.j     pc - 4
core   0: 3 0x800094da (0xbff5)
core   0: 0x800094d6 (0x016002ef) jal     t0, pc + 0x16
core   0: 3 0x800094d6 (0x016002ef) x5  0x800094da
core   0: 0x800094ec (0x0000bfe5) c.j     pc - 8
core   0: 3 0x800094ec (0xbfe5)
core   0: 0x800094e4 (0x0000a031) c.j     pc + 12
core   0: 3 0x800094e4 (0xa031)
core   0: 0x800094f0 (0x00008e5a) c.mv    t3, s6
core   0: 3 0x800094f0 (0x8e5a) x28 0x800094d4
core   0: 0x800094f2 (0x02a0076f) jal     a4, pc + 0x2a
core   0: 3 0x800094f2 (0x02a0076f) x14 0x800094f6
core   0: 0x8000951c (0x0000a011) c.j     pc + 4
core   0: 3 0x8000951c (0xa011)
core   0: 0x80009520 (0x0000bffd) c.j     pc - 2
core   0: 3 0x80009520 (0xbffd)
core   0: 0x8000951e (0x00003ff5) c.jal   pc - 4
core   0: 3 0x8000951e (0x3ff5) x1  0x80009520
core   0: 0x8000951a (0x0000bfed) c.j     pc - 6
core   0: 3 0x8000951a (0xbfed)
core   0: 0x80009514 (0xff7ffdef) jal     s11, pc - 0xa
core   0: 3 0x80009514 (0xff7ffdef) x27 0x80009518
core   0: 0x8000950a (0x00003fe5) c.jal   pc - 8
core   0: 3 0x8000950a (0x3fe5) x1  0x8000950c
core   0: 0x80009502 (0x00003fe5) c.jal   pc - 8
core   0: 3 0x80009502 (0x3fe5) x1  0x80009504
core   0: 0x800094fa (0x012000ef) jal     pc + 0x12
core   0: 3 0x800094fa (0x012000ef) x1  0x800094fe
core   0: 0x8000950c (0x0000a009) c.j     pc + 2
core   0: 3 0x8000950c (0xa009)
core   0: 0x8000950e (0xff9fffef) jal     t6, pc - 0x8
core   0: 3 0x8000950e (0xff9fffef) x31 0x80009512
core   0: 0x80009506 (0xfffff16f) jal     sp, pc - 0x2
core   0: 3 0x80009506 (0xfffff16f) x2  0x8000950a
core   0: 0x80009504 (0x00002039) c.jal   pc + 14
core   0: 3 0x80009504 (0x2039) x1  0x80009506
core   0: 0x80009512 (0x000037d5) c.jal   pc - 28
core   0: 3 0x80009512 (0x37d5) x1  0x80009514
core   0: 0x800094f6 (0x008000ef) jal     pc + 0x8
core   0: 3 0x800094f6 (0x008000ef) x1  0x800094fa
core   0: 0x800094fe (0x00002009) c.jal   pc + 2
core   0: 3 0x800094fe (0x2009) x1  0x80009500
core   0: 0x80009500 (0x0000a821) c.j     pc + 24
core   0: 3 0x80009500 (0xa821)
core   0: 0x80009518 (0x0000a029) c.j     pc + 10
core   0: 3 0x80009518 (0xa029)
core   0: 0x80009522 (0x00008ed5) c.or    a3, a3
core   0: 3 0x80009522 (0x8ed5) x13 0x00000000
core   0: 0x80009524 (0x00012117) auipc   sp, 0x12
core   0: 3 0x80009524 (0x00012117) x2  0x8001b524
core   0: 0x80009528 (0x45e10113) addi    sp, sp, 1118
core   0: 3 0x80009528 (0x45e10113) x2  0x8001b982
core   0: 0x8000952c (0x8dd577b7) lui     a5, 0x8dd57
core   0: 3 0x8000952c (0x8dd577b7) x15 0x8dd57000
core   0: 0x80009530 (0x06e11683) lh      a3, 110(sp)
core   0: 3 0x80009530 (0x06e11683) x13 0x00000000 mem 0x8001b9f0
core   0: 0x80009534 (0xcbfc6b13) ori     s6, s8, -833
core   0: 3 0x80009534 (0xcbfc6b13) x22 0xfffffcbf
core   0: 0x80009538 (0x0df14b03) lbu     s6, 223(sp)
core   0: 3 0x80009538 (0x0df14b03) x22 0x00000000 mem 0x8001ba61
core   0: 0x8000953c (0xfca11603) lh      a2, -54(sp)
core   0: 3 0x8000953c (0xfca11603) x12 0x00000000 mem 0x8001b94c
core   0: 0x80009540 (0x0bc14c03) lbu     s8, 188(sp)
core   0: 3 0x80009540 (0x0bc14c03) x24 0x00000000 mem 0x8001ba3e
core   0: 0x80009544 (0x000099fd) c.andi  a1, -1
core   0: 3 0x80009544 (0x99fd) x11 0x00000000
core   0: 0x80009546 (0x03309f33) mulh    t5, ra, s3
core   0: 3 0x80009546 (0x03309f33) x30 0x00000000
core   0: 0x8000954a (0xf1d14503) lbu     a0, -227(sp)
core   0: 3 0x8000954a (0xf1d14503) x10 0x00000000 mem 0x8001b89f
core   0: 0x8000954e (0x0c111923) sh      ra, 210(sp)
core   0: 3 0x8000954e (0x0c111923) mem 0x8001ba54 0x9500
core   0: 0x80009552 (0x02415783) lhu     a5, 36(sp)
core   0: 3 0x80009552 (0x02415783) x15 0x00000000 mem 0x8001b9a6
core   0: 0x80009556 (0x0000945a) c.add   s0, s6
core   0: 3 0x80009556 (0x945a) x8  0x00000000
core   0: 0x80009558 (0x00000a62) c.slli  s4, 24
core   0: 3 0x80009558 (0x0a62) x20 0xc8000000
core   0: 0x8000955a (0x5b757f93) andi    t6, a0, 1463
core   0: 3 0x8000955a (0x5b757f93) x31 0x00000000
core   0: 0x8000955e (0x00006775) c.lui   a4, 0x1d
core   0: 3 0x8000955e (0x6775) x14 0x0001d000
core   0: 0x80009560 (0xff711123) sh      s7, -30(sp)
core   0: 3 0x80009560 (0xff711123) mem 0x8001b964 0x5e1c
core   0: 0x80009564 (0x06110e83) lb      t4, 97(sp)
core   0: 3 0x80009564 (0x06110e83) x29 0x00000000 mem 0x8001b9e3
core   0: 0x80009568 (0x031dd1b3) divu    gp, s11, a7
core   0: 3 0x80009568 (0x031dd1b3) x3  0x00000000
core   0: 0x8000956c (0xd637c613) xori    a2, a5, -669
core   0: 3 0x8000956c (0xd637c613) x12 0xfffffd63
core   0: 0x80009570 (0xf6d10503) lb      a0, -147(sp)
core   0: 3 0x80009570 (0xf6d10503) x10 0x00000000 mem 0x8001b8ef
core   0: 0x80009574 (0x00006b25) c.lui   s6, 0x9
core   0: 3 0x80009574 (0x6b25) x22 0x00009000
core   0: 0x80009576 (0xf3d10503) lb      a0, -195(sp)
core   0: 3 0x80009576 (0xf3d10503) x10 0x00000000 mem 0x8001b8bf
core   0: 0x8000957a (0x267fbb17) auipc   s6, 0x267fb
core   0: 3 0x8000957a (0x267fbb17) x22 0xa680457a
core   0: 0x8000957e (0x40c85b13) srai    s6, a6, 12
core   0: 3 0x8000957e (0x40c85b13) x22 0x00000000
core   0: 0x80009582 (0x4062d493) srai    s1, t0, 6
core   0: 3 0x80009582 (0x4062d493) x9  0xfe000253
core   0: 0x80009586 (0x038a2c33) mulhsu  s8, s4, s8
core   0: 3 0x80009586 (0x038a2c33) x24 0x00000000
core   0: 0x8000958a (0x039189b3) mul     s3, gp, s9
core   0: 3 0x8000958a (0x039189b3) x19 0x00000000
core   0: 0x8000958e (0x02bf86b3) mul     a3, t6, a1
core   0: 3 0x8000958e (0x02bf86b3) x13 0x00000000
core   0: 0x80009592 (0x0237fd33) remu    s10, a5, gp
core   0: 3 0x80009592 (0x0237fd33) x26 0x00000000
core   0: 0x80009596 (0x00000001) c.nop
core   0: 3 0x80009596 (0x0001)
core   0: 0x80009598 (0x032dcc33) div     s8, s11, s2
core   0: 3 0x80009598 (0x032dcc33) x24 0x00000001
core   0: 0x8000959c (0x01110f23) sb      a7, 30(sp)
core   0: 3 0x8000959c (0x01110f23) mem 0x8001b9a0 0xe4
core   0: 0x800095a0 (0x00000001) c.nop
core   0: 3 0x800095a0 (0x0001)
core   0: 0x800095a2 (0x001894b3) sll     s1, a7, ra
core   0: 3 0x800095a2 (0x001894b3) x9  0x80029ce4
core   0: 0x800095a6 (0xdc616b13) ori     s6, sp, -570
core   0: 3 0x800095a6 (0xdc616b13) x22 0xfffffdc6
core   0: 0x800095aa (0x0ad107a3) sb      a3, 175(sp)
core   0: 3 0x800095aa (0x0ad107a3) mem 0x8001ba31 0x00
core   0: 0x800095ae (0x0000671d) c.lui   a4, 0x7
core   0: 3 0x800095ae (0x671d) x14 0x00007000
core   0: 0x800095b0 (0x02710423) sb      t2, 40(sp)
core   0: 3 0x800095b0 (0x02710423) mem 0x8001b9aa 0x8d
core   0: 0x800095b4 (0x09410803) lb      a6, 148(sp)
core   0: 3 0x800095b4 (0x09410803) x16 0x00000000 mem 0x8001ba16
core   0: 0x800095b8 (0x01da96b3) sll     a3, s5, t4
core   0: 3 0x800095b8 (0x01da96b3) x13 0x00000000
core   0: 0x800095bc (0x00000001) c.nop
core   0: 3 0x800095bc (0x0001)
core   0: 0x800095be (0x00355263) bge     a0, gp, pc + 4
core   0: 3 0x800095be (0x00355263)
core   0: 0x800095c2 (0x000085dd) c.srai  a1, 23
core   0: 3 0x800095c2 (0x85dd) x11 0x00000000
core   0: 0x800095c4 (0x01f5e733) or      a4, a1, t6
core   0: 3 0x800095c4 (0x01f5e733) x14 0x00000000
core   0: 0x800095c8 (0x00008cb5) c.xor   s1, a3
core   0: 3 0x800095c8 (0x8cb5) x9  0x80029ce4
core   0: 0x800095ca (0x00000536) c.slli  a0, 13
core   0: 3 0x800095ca (0x0536) x10 0x00000000
core   0: 0x800095cc (0x00004a3d) c.li    s4, 15
core   0: 3 0x800095cc (0x4a3d) x20 0x0000000f
core   0: 0x800095ce (0x01e17663) bgeu    sp, t5, pc + 12
core   0: 3 0x800095ce (0x01e17663)
core   0: 0x800095da (0x018859b3) srl     s3, a6, s8
core   0: 3 0x800095da (0x018859b3) x19 0x00000000
core   0: 0x800095de (0x015392b3) sll     t0, t2, s5
core   0: 3 0x800095de (0x015392b3) x5  0x8001018d
core   0: 0x800095e2 (0xcb8fea97) auipc   s5, 0xcb8fe
core   0: 3 0x800095e2 (0xcb8fea97) x21 0x4b9075e2
core   0: 0x800095e6 (0x01b6ccb3) xor     s9, a3, s11
core   0: 3 0x800095e6 (0x01b6ccb3) x25 0x80009518
core   0: 0x800095ea (0x00008f8d) c.sub   a5, a1
core   0: 3 0x800095ea (0x8f8d) x15 0x00000000
core   0: 0x800095ec (0x0321f133) remu    sp, gp, s2
core   0: 3 0x800095ec (0x0321f133) x2  0x00000000
core   0: 0x800095f0 (0x02cd9833) mulh    a6, s11, a2
core   0: 3 0x800095f0 (0x02cd9833) x16 0x0000014e
core   0: 0x800095f4 (0x01601c93) slli    s9, zero, 22
core   0: 3 0x800095f4 (0x01601c93) x25 0x00000000
core   0: 0x800095f8 (0x0000e891) c.bnez  s1, pc + 20
core   0: 3 0x800095f8 (0xe891)
core   0: 0x8000960c (0x00008525) c.srai  a0, 9
core   0: 3 0x8000960c (0x8525) x10 0x00000000
core   0: 0x8000960e (0x00000001) c.nop
core   0: 3 0x8000960e (0x0001)
core   0: 0x80009610 (0x00008cad) c.xor   s1, a1
core   0: 3 0x80009610 (0x8cad) x9  0x80029ce4
core   0: 0x80009612 (0x00772733) slt     a4, a4, t2
core   0: 3 0x80009612 (0x00772733) x14 0x00000000
core   0: 0x80009616 (0x00000001) c.nop
core   0: 3 0x80009616 (0x0001)
core   0: 0x80009618 (0x018c9c63) bne     s9, s8, pc + 24
core   0: 3 0x80009618 (0x018c9c63)
core   0: 0x80009630 (0x02651163) bne     a0, t1, pc + 34
core   0: 3 0x80009630 (0x02651163)
core   0: 0x80009652 (0x000007e6) c.slli  a5, 25
core   0: 3 0x80009652 (0x07e6) x15 0x00000000
core   0: 0x80009654 (0x000004ce) c.slli  s1, 19
core   0: 3 0x80009654 (0x04ce) x9  0xe7200000
core   0: 0x80009656 (0x002b1c13) slli    s8, s6, 2
core   0: 3 0x80009656 (0x002b1c13) x24 0xfffff718
core   0: 0x8000965a (0x00943b33) sltu    s6, s0, s1
core   0: 3 0x8000965a (0x00943b33) x22 0x00000001
core   0: 0x8000965e (0x00008aae) c.mv    s5, a1
core   0: 3 0x8000965e (0x8aae) x21 0x00000000
core   0: 0x80009660 (0x40af8b33) sub     s6, t6, a0
core   0: 3 0x80009660 (0x40af8b33) x22 0x00000000
core   0: 0x80009664 (0xb851e193) ori     gp, gp, -1147
core   0: 3 0x80009664 (0xb851e193) x3  0xfffffb85
core   0: 0x80009668 (0x000014fd) c.addi  s1, -1
core   0: 3 0x80009668 (0x14fd) x9  0xe71fffff
core   0: 0x8000966a (0x13aa2413) slti    s0, s4, 314
core   0: 3 0x8000966a (0x13aa2413) x8  0x00000001
core   0: 0x8000966e (0x00ef7333) and     t1, t5, a4
core   0: 3 0x8000966e (0x00ef7333) x6  0x00000000
core   0: 0x80009672 (0x01e4e3b3) or      t2, s1, t5
core   0: 3 0x80009672 (0x01e4e3b3) x7  0xe71fffff
core   0: 0x80009676 (0x00000229) c.addi  tp, 10
core   0: 3 0x80009676 (0x0229) x4  0x0c8e0d4f
core   0: 0x80009678 (0xa0b76317) auipc   t1, 0xa0b76
core   0: 3 0x80009678 (0xa0b76317) x6  0x20b7f678
core   0: 0x8000967c (0x01ed71b3) and     gp, s10, t5
core   0: 3 0x8000967c (0x01ed71b3) x3  0x00000000
core   0: 0x80009680 (0x01704133) xor     sp, zero, s7
core   0: 3 0x80009680 (0x01704133) x2  0x80025e1c
core   0: 0x80009684 (0x001d5993) srli    s3, s10, 1
core   0: 3 0x80009684 (0x001d5993) x19 0x00000000
core   0: 0x80009688 (0x00000001) c.nop
core   0: 3 0x80009688 (0x0001)
core   0: 0x8000968a (0x021d7ab3) remu    s5, s10, ra
core   0: 3 0x8000968a (0x021d7ab3) x21 0x00000000
core   0: 0x8000968e (0x00008fd9) c.or    a5, a4
core   0: 3 0x8000968e (0x8fd9) x15 0x00000000
core   0: 0x80009690 (0x00008461) c.srai  s0, 24
core   0: 3 0x80009690 (0x8461) x8  0x00000000
core   0: 0x80009692 (0x5fef6d37) lui     s10, 0x5fef6
core   0: 3 0x80009692 (0x5fef6d37) x26 0x5fef6000
core   0: 0x80009696 (0xf1e32193) slti    gp, t1, -226
core   0: 3 0x80009696 (0xf1e32193) x3  0x00000000
core   0: 0x8000969a (0x036a5f63) bge     s4, s6, pc + 62
core   0: 3 0x8000969a (0x036a5f63)
core   0: 0x800096d8 (0x00006345) c.lui   t1, 0x11
core   0: 3 0x800096d8 (0x6345) x6  0x00011000
core   0: 0x800096da (0x384cfc37) lui     s8, 0x384cf
core   0: 3 0x800096da (0x384cfc37) x24 0x384cf000
core   0: 0x800096de (0x00008b3a) c.mv    s6, a4
core   0: 3 0x800096de (0x8b3a) x22 0x00000000
core   0: 0x800096e0 (0x410350b3) sra     ra, t1, a6
core   0: 3 0x800096e0 (0x410350b3) x1  0x00000004
core   0: 0x800096e4 (0x000087dd) c.srai  a5, 23
core   0: 3 0x800096e4 (0x87dd) x15 0x00000000
core   0: 0x800096e6 (0x000000a1) c.addi  ra, 8
core   0: 3 0x800096e6 (0x00a1) x1  0x0000000c
core   0: 0x800096e8 (0x0257aab3) mulhsu  s5, a5, t0
core   0: 3 0x800096e8 (0x0257aab3) x21 0x00000000
core   0: 0x800096ec (0x034a9263) bne     s5, s4, pc + 36
core   0: 3 0x800096ec (0x034a9263)
core   0: 0x80009710 (0x01e15b63) bge     sp, t5, pc + 22
core   0: 3 0x80009710 (0x01e15b63)
core   0: 0x80009714 (0x024c97b3) mulh    a5, s9, tp
core   0: 3 0x80009714 (0x024c97b3) x15 0x00000000
core   0: 0x80009718 (0x022daab3) mulhsu  s5, s11, sp
core   0: 3 0x80009718 (0x022daab3) x21 0xbfff1b7f
core   0: 0x8000971c (0x02e98733) mul     a4, s3, a4
core   0: 3 0x8000971c (0x02e98733) x14 0x00000000
core   0: 0x80009720 (0x00000001) c.nop
core   0: 3 0x80009720 (0x0001)
core   0: 0x80009722 (0x00000dca) c.slli  s11, 18
core   0: 3 0x80009722 (0x0dca) x27 0x54600000
core   0: 0x80009724 (0x00008e19) c.sub   a2, a4
core   0: 3 0x80009724 (0x8e19) x12 0xfffffd63
core   0: 0x80009726 (0x028700b3) mul     ra, a4, s0
core   0: 3 0x80009726 (0x028700b3) x1  0x00000000
core   0: 0x8000972a (0x860b1e97) auipc   t4, 0x860b1
core   0: 3 0x8000972a (0x860b1e97) x29 0x060ba72a
core   0: 0x8000972e (0x581a92b7) lui     t0, 0x581a9
core   0: 3 0x8000972e (0x581a92b7) x5  0x581a9000
core   0: 0x80009732 (0x023e92b3) mulh    t0, t4, gp
core   0: 3 0x80009732 (0x023e92b3) x5  0x00000000
core   0: 0x80009736 (0x003773b3) and     t2, a4, gp
core   0: 3 0x80009736 (0x003773b3) x7  0x00000000
core   0: 0x8000973a (0x00794cb3) xor     s9, s2, t2
core   0: 3 0x8000973a (0x00794cb3) x25 0x8c90aa29
core   0: 0x8000973e (0x40bdd0b3) sra     ra, s11, a1
core   0: 3 0x8000973e (0x40bdd0b3) x1  0x54600000
core   0: 0x80009742 (0x402482b3) sub     t0, s1, sp
core   0: 3 0x80009742 (0x402482b3) x5  0x671da1e3
core   0: 0x80009746 (0x000010fd) c.addi  ra, -1
core   0: 3 0x80009746 (0x10fd) x1  0x545fffff
core   0: 0x80009748 (0x00008fc5) c.or    a5, s1
core   0: 3 0x80009748 (0x8fc5) x15 0xe71fffff
core   0: 0x8000974a (0xe8863593) sltiu   a1, a2, -376
core   0: 3 0x8000974a (0xe8863593) x11 0x00000001
core   0: 0x8000974e (0x01f39f63) bne     t2, t6, pc + 30
core   0: 3 0x8000974e (0x01f39f63)
core   0: 0x80009752 (0x00000284) c.addi4spn s1, sp, 320
core   0: 3 0x80009752 (0x0284) x9  0x80025f5c
core   0: 0x80009754 (0x017cc963) blt     s9, s7, pc + 18
core   0: 3 0x80009754 (0x017cc963)
core   0: 0x80009758 (0x0475f363) bgeu    a1, t2, pc + 70
core   0: 3 0x80009758 (0x0475f363)
core   0: 0x8000979e (0xbd097393) andi    t2, s2, -1072
core   0: 3 0x8000979e (0xbd097393) x7  0x8c90aa00
core   0: 0x800097a2 (0x00008a49) c.andi  a2, 18
core   0: 3 0x800097a2 (0x8a49) x12 0x00000002
core   0: 0x800097a4 (0x00008de9) c.and   a1, a0
core   0: 3 0x800097a4 (0x8de9) x11 0x00000000
core   0: 0x800097a6 (0x0224f233) remu    tp, s1, sp
core   0: 3 0x800097a6 (0x0224f233) x4  0x00000140
core   0: 0x800097aa (0x029f5763) bge     t5, s1, pc + 46
core   0: 3 0x800097aa (0x029f5763)
core   0: 0x800097d8 (0x03013cb3) mulhu   s9, sp, a6
core   0: 3 0x800097d8 (0x03013cb3) x25 0x000000a7
core   0: 0x800097dc (0x00000001) c.nop
core   0: 3 0x800097dc (0x0001)
core   0: 0x800097de (0x00b01263) bne     zero, a1, pc + 4
core   0: 3 0x800097de (0x00b01263)
core   0: 0x800097e2 (0x00008e69) c.and   a2, a0
core   0: 3 0x800097e2 (0x8e69) x12 0x00000000
core   0: 0x800097e4 (0x00008d99) c.sub   a1, a4
core   0: 3 0x800097e4 (0x8d99) x11 0x00000000
core   0: 0x800097e6 (0x03ac8463) beq     s9, s10, pc + 40
core   0: 3 0x800097e6 (0x03ac8463)
core   0: 0x800097ea (0x013637b3) sltu    a5, a2, s3
core   0: 3 0x800097ea (0x013637b3) x15 0x00000000
core   0: 0x800097ee (0x41c559b3) sra     s3, a0, t3
core   0: 3 0x800097ee (0x41c559b3) x19 0x00000000
core   0: 0x800097f2 (0x417d5233) sra     tp, s10, s7
core   0: 3 0x800097f2 (0x417d5233) x4  0x00000005
core   0: 0x800097f6 (0x01c85713) srli    a4, a6, 28
core   0: 3 0x800097f6 (0x01c85713) x14 0x00000000
core   0: 0x800097fa (0x034b0f33) mul     t5, s6, s4
core   0: 3 0x800097fa (0x034b0f33) x30 0x00000000
core   0: 0x800097fe (0x41eedd13) srai    s10, t4, 30
core   0: 3 0x800097fe (0x41eedd13) x26 0x00000000
core   0: 0x80009802 (0x01b1bfb3) sltu    t6, gp, s11
core   0: 3 0x80009802 (0x01b1bfb3) x31 0x00000001
core   0: 0x80009806 (0x417b0fb3) sub     t6, s6, s7
core   0: 3 0x80009806 (0x417b0fb3) x31 0x7ffda1e4
core   0: 0x8000980a (0x0000ee95) c.bnez  a3, pc + 60
core   0: 3 0x8000980a (0xee95)
core   0: 0x8000980c (0x00008c25) c.xor   s0, s1
core   0: 3 0x8000980c (0x8c25) x8  0x80025f5c
core   0: 0x8000980e (0x000084cd) c.srai  s1, 19
core   0: 3 0x8000980e (0x84cd) x9  0xfffff000
core   0: 0x80009810 (0xa94de593) ori     a1, s11, -1388
core   0: 3 0x80009810 (0xa94de593) x11 0xfffffa94
core   0: 0x80009814 (0x02de3633) mulhu   a2, t3, a3
core   0: 3 0x80009814 (0x02de3633) x12 0x00000000
core   0: 0x80009818 (0x03f022b3) mulhsu  t0, zero, t6
core   0: 3 0x80009818 (0x03f022b3) x5  0x00000000
core   0: 0x8000981c (0x006f19b3) sll     s3, t5, t1
core   0: 3 0x8000981c (0x006f19b3) x19 0x00000000
core   0: 0x80009820 (0x01468e33) add     t3, a3, s4
core   0: 3 0x80009820 (0x01468e33) x28 0x0000000f
core   0: 0x80009824 (0x02d99233) mulh    tp, s3, a3
core   0: 3 0x80009824 (0x02d99233) x4  0x00000000
core   0: 0x80009828 (0x00008e91) c.sub   a3, a2
core   0: 3 0x80009828 (0x8e91) x13 0x00000000
core   0: 0x8000982a (0x03e1ae33) mulhsu  t3, gp, t5
core   0: 3 0x8000982a (0x03e1ae33) x28 0x00000000
core   0: 0x8000982e (0x01ee1793) slli    a5, t3, 30
core   0: 3 0x8000982e (0x01ee1793) x15 0x00000000
core   0: 0x80009832 (0x002b5f93) srli    t6, s6, 2
core   0: 3 0x80009832 (0x002b5f93) x31 0x00000000
core   0: 0x80009836 (0x000087c1) c.srai  a5, 16
core   0: 3 0x80009836 (0x87c1) x15 0x00000000
core   0: 0x80009838 (0x00008341) c.srli  a4, 16
core   0: 3 0x80009838 (0x8341) x14 0x00000000
core   0: 0x8000983a (0x005c8b33) add     s6, s9, t0
core   0: 3 0x8000983a (0x005c8b33) x22 0x000000a7
core   0: 0x8000983e (0xbbb54ab7) lui     s5, 0xbbb54
core   0: 3 0x8000983e (0xbbb54ab7) x21 0xbbb54000
core   0: 0x80009842 (0x00001508) c.addi4spn a0, sp, 672
core   0: 3 0x80009842 (0x1508) x10 0x800260bc
core   0: 0x80009844 (0x000085f5) c.srai  a1, 29
core   0: 3 0x80009844 (0x85f5) x11 0xffffffff
core   0: 0x80009846 (0x00008ed9) c.or    a3, a4
core   0: 3 0x80009846 (0x8ed9) x13 0x00000000
core   0: 0x80009848 (0xdbb62613) slti    a2, a2, -581
core   0: 3 0x80009848 (0xdbb62613) x12 0x00000000
core   0: 0x8000984c (0x00006215) c.lui   tp, 0x5
core   0: 3 0x8000984c (0x6215) x4  0x00005000
core   0: 0x8000984e (0x02a8aeb3) mulhsu  t4, a7, a0
core   0: 3 0x8000984e (0x02a8aeb3) x29 0xc0001e1a
core   0: 0x80009852 (0x03f711b3) mulh    gp, a4, t6
core   0: 3 0x80009852 (0x03f711b3) x3  0x00000000
core   0: 0x80009856 (0x03d4cd33) div     s10, s1, t4
core   0: 3 0x80009856 (0x03d4cd33) x26 0x00000000
core   0: 0x8000985a (0x00001e7d) c.addi  t3, -1
core   0: 3 0x8000985a (0x1e7d) x28 0xffffffff
core   0: 0x8000985c (0x010b1413) slli    s0, s6, 16
core   0: 3 0x8000985c (0x010b1413) x8  0x00a70000
core   0: 0x80009860 (0x032ae1b3) rem     gp, s5, s2
core   0: 3 0x80009860 (0x032ae1b3) x3  0xbbb54000
core   0: 0x80009864 (0x00008835) c.andi  s0, 13
core   0: 3 0x80009864 (0x8835) x8  0x00000000
core   0: 0x80009866 (0x40345433) sra     s0, s0, gp
core   0: 3 0x80009866 (0x40345433) x8  0x00000000
core   0: 0x8000986a (0x6b8d6f13) ori     t5, s10, 1720
core   0: 3 0x8000986a (0x6b8d6f13) x30 0x000006b8
core   0: 0x8000986e (0x00afbb33) sltu    s6, t6, a0
core   0: 3 0x8000986e (0x00afbb33) x22 0x00000001
core   0: 0x80009872 (0x02401cb3) mulh    s9, zero, tp
core   0: 3 0x80009872 (0x02401cb3) x25 0x00000000
core   0: 0x80009876 (0x0486d163) bge     a3, s0, pc + 66
core   0: 3 0x80009876 (0x0486d163)
core   0: 0x800098b8 (0x026efd33) remu    s10, t4, t1
core   0: 3 0x800098b8 (0x026efd33) x26 0x0000de1a
core   0: 0x800098bc (0x7cc78f13) addi    t5, a5, 1996
core   0: 3 0x800098bc (0x7cc78f13) x30 0x000007cc
core   0: 0x800098c0 (0x03e21fb3) mulh    t6, tp, t5
core   0: 3 0x800098c0 (0x03e21fb3) x31 0x00000000
core   0: 0x800098c4 (0x004e0733) add     a4, t3, tp
core   0: 3 0x800098c4 (0x004e0733) x14 0x00004fff
core   0: 0x800098c8 (0x01229533) sll     a0, t0, s2
core   0: 3 0x800098c8 (0x01229533) x10 0x00000000
core   0: 0x800098cc (0x00000d42) c.slli  s10, 16
core   0: 3 0x800098cc (0x0d42) x26 0xde1a0000
core   0: 0x800098ce (0x0000717d) c.addi16sp sp, -16
core   0: 3 0x800098ce (0x717d) x2  0x80025e0c
core   0: 0x800098d0 (0x17290013) addi    zero, s2, 370
core   0: 3 0x800098d0 (0x17290013)
core   0: 0x800098d4 (0x02e8b3b3) mulhu   t2, a7, a4
core   0: 3 0x800098d4 (0x02e8b3b3) x7  0x00002800
core   0: 0x800098d8 (0x00008c65) c.and   s0, s1
core   0: 3 0x800098d8 (0x8c65) x8  0x00000000
core   0: 0x800098da (0x00000d3a) c.slli  s10, 14
core   0: 3 0x800098da (0x0d3a) x26 0x80000000
core   0: 0x800098dc (0x03f58763) beq     a1, t6, pc + 46
core   0: 3 0x800098dc (0x03f58763)
core   0: 0x800098e0 (0x0000026e) c.slli  tp, 27
core   0: 3 0x800098e0 (0x026e) x4  0x00000000
core   0: 0x800098e2 (0x03a8d433) divu    s0, a7, s10
core   0: 3 0x800098e2 (0x03a8d433) x8  0x00000001
core   0: 0x800098e6 (0x00000839) c.addi  a6, 14
core   0: 3 0x800098e6 (0x0839) x16 0x0000015c
core   0: 0x800098e8 (0x000080e9) c.srli  s1, 26
core   0: 3 0x800098e8 (0x80e9) x9  0x0000003f
core   0: 0x800098ea (0x031643b3) div     t2, a2, a7
core   0: 3 0x800098ea (0x031643b3) x7  0x00000000
core   0: 0x800098ee (0x0332e063) bltu    t0, s3, pc + 32
core   0: 3 0x800098ee (0x0332e063)
core   0: 0x800098f2 (0x03d13cb3) mulhu   s9, sp, t4
core   0: 3 0x800098f2 (0x03d13cb3) x25 0x6001d596
core   0: 0x800098f6 (0x026cf963) bgeu    s9, t1, pc + 50
core   0: 3 0x800098f6 (0x026cf963)
core   0: 0x80009928 (0x400f0db3) sub     s11, t5, zero
core   0: 3 0x80009928 (0x400f0db3) x27 0x000007cc
core   0: 0x8000992c (0x7f87aa13) slti    s4, a5, 2040
core   0: 3 0x8000992c (0x7f87aa13) x20 0x00000001
core   0: 0x80009930 (0x005bcc33) xor     s8, s7, t0
core   0: 3 0x80009930 (0x005bcc33) x24 0x80025e1c
core   0: 0x80009934 (0x41d38db3) sub     s11, t2, t4
core   0: 3 0x80009934 (0x41d38db3) x27 0x3fffe1e6
core   0: 0x80009938 (0x33e38a93) addi    s5, t2, 830
core   0: 3 0x80009938 (0x33e38a93) x21 0x0000033e
core   0: 0x8000993c (0x00ce1133) sll     sp, t3, a2
core   0: 3 0x8000993c (0x00ce1133) x2  0xffffffff
core   0: 0x80009940 (0x000086cd) c.srai  a3, 19
core   0: 3 0x80009940 (0x86cd) x13 0x00000000
core   0: 0x80009942 (0x0000e195) c.bnez  a1, pc + 36
core   0: 3 0x80009942 (0xe195)
core   0: 0x80009966 (0x000007ca) c.slli  a5, 18
core   0: 3 0x80009966 (0x07ca) x15 0x00000000
core   0: 0x80009968 (0x0000987d) c.andi  s0, -1
core   0: 3 0x80009968 (0x987d) x8  0x00000001
core   0: 0x8000996a (0x00000001) c.nop
core   0: 3 0x8000996a (0x0001)
core   0: 0x8000996c (0x01b2f0b3) and     ra, t0, s11
core   0: 3 0x8000996c (0x01b2f0b3) x1  0x00000000
core   0: 0x80009970 (0x00213eb3) sltu    t4, sp, sp
core   0: 3 0x80009970 (0x00213eb3) x29 0x00000000
core   0: 0x80009974 (0x0151d0b3) srl     ra, gp, s5
core   0: 3 0x80009974 (0x0151d0b3) x1  0x00000002
core   0: 0x80009978 (0x0000527d) c.li    tp, -1
core   0: 3 0x80009978 (0x527d) x4  0xffffffff
core   0: 0x8000997a (0x0000e99d) c.bnez  a1, pc + 54
core   0: 3 0x8000997a (0xe99d)
core   0: 0x800099b0 (0x0278d4b3) divu    s1, a7, t2
core   0: 3 0x800099b0 (0x0278d4b3) x9  0xffffffff
core   0: 0x800099b4 (0x0000983a) c.add   a6, a4
core   0: 3 0x800099b4 (0x983a) x16 0x0000515b
core   0: 0x800099b6 (0xf6246a93) ori     s5, s0, -158
core   0: 3 0x800099b6 (0xf6246a93) x21 0xffffff63
core   0: 0x800099ba (0x08e26e63) bltu    tp, a4, pc + 156
core   0: 3 0x800099ba (0x08e26e63)
core   0: 0x800099be (0x028b9363) bne     s7, s0, pc + 38
core   0: 3 0x800099be (0x028b9363)
core   0: 0x800099e4 (0x00008c65) c.and   s0, s1
core   0: 3 0x800099e4 (0x8c65) x8  0x00000001
core   0: 0x800099e6 (0x013bb833) sltu    a6, s7, s3
core   0: 3 0x800099e6 (0x013bb833) x16 0x00000000
core   0: 0x800099ea (0x1f427213) andi    tp, tp, 500
core   0: 3 0x800099ea (0x1f427213) x4  0x000001f4
core   0: 0x800099ee (0x00721d13) slli    s10, tp, 7
core   0: 3 0x800099ee (0x00721d13) x26 0x0000fa00
core   0: 0x800099f2 (0x00009b1e) c.add   s6, t2
core   0: 3 0x800099f2 (0x9b1e) x22 0x00000001
core   0: 0x800099f4 (0xa239a493) slti    s1, s3, -1501
core   0: 3 0x800099f4 (0xa239a493) x9  0x00000000
core   0: 0x800099f8 (0x00005d7d) c.li    s10, -1
core   0: 3 0x800099f8 (0x5d7d) x26 0xffffffff
core   0: 0x800099fa (0x00004419) c.li    s0, 6
core   0: 3 0x800099fa (0x4419) x8  0x00000006
core   0: 0x800099fc (0x00006389) c.lui   t2, 0x2
core   0: 3 0x800099fc (0x6389) x7  0x00002000
core   0: 0x800099fe (0x2cc1a093) slti    ra, gp, 716
core   0: 3 0x800099fe (0x2cc1a093) x1  0x00000001
core   0: 0x80009a02 (0x0000810a) c.mv    sp, sp
core   0: 3 0x80009a02 (0x810a) x2  0xffffffff
core   0: 0x80009a04 (0x08ba6d93) ori     s11, s4, 139
core   0: 3 0x80009a04 (0x08ba6d93) x27 0x0000008b
core   0: 0x80009a08 (0x0059a9b3) slt     s3, s3, t0
core   0: 3 0x80009a08 (0x0059a9b3) x19 0x00000000
core   0: 0x80009a0c (0x00008cbe) c.mv    s9, a5
core   0: 3 0x80009a0c (0x8cbe) x25 0x00000000
core   0: 0x80009a0e (0x000061c5) c.lui   gp, 0x11
core   0: 3 0x80009a0e (0x61c5) x3  0x00011000
core   0: 0x80009a10 (0x000052c5) c.li    t0, -15
core   0: 3 0x80009a10 (0x52c5) x5  0xfffffff1
core   0: 0x80009a12 (0x00008cd1) c.or    s1, a2
core   0: 3 0x80009a12 (0x8cd1) x9  0x00000000
core   0: 0x80009a14 (0x00001475) c.addi  s0, -3
core   0: 3 0x80009a14 (0x1475) x8  0x00000003
core   0: 0x80009a16 (0x5da3cb13) xori    s6, t2, 1498
core   0: 3 0x80009a16 (0x5da3cb13) x22 0x000025da
core   0: 0x80009a1a (0x00979533) sll     a0, a5, s1
core   0: 3 0x80009a1a (0x00979533) x10 0x00000000
core   0: 0x80009a1e (0x00005fe1) c.li    t6, -8
core   0: 3 0x80009a1e (0x5fe1) x31 0xfffffff8
core   0: 0x80009a20 (0x00009496) c.add   s1, t0
core   0: 3 0x80009a20 (0x9496) x9  0xfffffff1
core   0: 0x80009a22 (0x00004ea1) c.li    t4, 8
core   0: 3 0x80009a22 (0x4ea1) x29 0x00000008
core   0: 0x80009a24 (0x0334f233) remu    tp, s1, s3
core   0: 3 0x80009a24 (0x0334f233) x4  0xfffffff1
core   0: 0x80009a28 (0xb3670613) addi    a2, a4, -1226
core   0: 3 0x80009a28 (0xb3670613) x12 0x00004b35
core   0: 0x80009a2c (0x00008e69) c.and   a2, a0
core   0: 3 0x80009a2c (0x8e69) x12 0x00000000
core   0: 0x80009a2e (0x00000f85) c.addi  t6, 1
core   0: 3 0x80009a2e (0x0f85) x31 0xfffffff9
core   0: 0x80009a30 (0x75dda093) slti    ra, s11, 1885
core   0: 3 0x80009a30 (0x75dda093) x1  0x00000001
core   0: 0x80009a34 (0xffdf9ce3) bne     t6, t4, pc - 8
core   0: 3 0x80009a34 (0xffdf9ce3)
core   0: 0x80009a2c (0x00008e69) c.and   a2, a0
core   0: 3 0x80009a2c (0x8e69) x12 0x00000000
core   0: 0x80009a2e (0x00000f85) c.addi  t6, 1
core   0: 3 0x80009a2e (0x0f85) x31 0xfffffffa
core   0: 0x80009a30 (0x75dda093) slti    ra, s11, 1885
core   0: 3 0x80009a30 (0x75dda093) x1  0x00000001
core   0: 0x80009a34 (0xffdf9ce3) bne     t6, t4, pc - 8
core   0: 3 0x80009a34 (0xffdf9ce3)
core   0: 0x80009a2c (0x00008e69) c.and   a2, a0
core   0: 3 0x80009a2c (0x8e69) x12 0x00000000
core   0: 0x80009a2e (0x00000f85) c.addi  t6, 1
core   0: 3 0x80009a2e (0x0f85) x31 0xfffffffb
core   0: 0x80009a30 (0x75dda093) slti    ra, s11, 1885
core   0: 3 0x80009a30 (0x75dda093) x1  0x00000001
core   0: 0x80009a34 (0xffdf9ce3) bne     t6, t4, pc - 8
core   0: 3 0x80009a34 (0xffdf9ce3)
core   0: 0x80009a2c (0x00008e69) c.and   a2, a0
core   0: 3 0x80009a2c (0x8e69) x12 0x00000000
core   0: 0x80009a2e (0x00000f85) c.addi  t6, 1
core   0: 3 0x80009a2e (0x0f85) x31 0xfffffffc
core   0: 0x80009a30 (0x75dda093) slti    ra, s11, 1885
core   0: 3 0x80009a30 (0x75dda093) x1  0x00000001
core   0: 0x80009a34 (0xffdf9ce3) bne     t6, t4, pc - 8
core   0: 3 0x80009a34 (0xffdf9ce3)
core   0: 0x80009a2c (0x00008e69) c.and   a2, a0
core   0: 3 0x80009a2c (0x8e69) x12 0x00000000
core   0: 0x80009a2e (0x00000f85) c.addi  t6, 1
core   0: 3 0x80009a2e (0x0f85) x31 0xfffffffd
core   0: 0x80009a30 (0x75dda093) slti    ra, s11, 1885
core   0: 3 0x80009a30 (0x75dda093) x1  0x00000001
core   0: 0x80009a34 (0xffdf9ce3) bne     t6, t4, pc - 8
core   0: 3 0x80009a34 (0xffdf9ce3)
core   0: 0x80009a2c (0x00008e69) c.and   a2, a0
core   0: 3 0x80009a2c (0x8e69) x12 0x00000000
core   0: 0x80009a2e (0x00000f85) c.addi  t6, 1
core   0: 3 0x80009a2e (0x0f85) x31 0xfffffffe
core   0: 0x80009a30 (0x75dda093) slti    ra, s11, 1885
core   0: 3 0x80009a30 (0x75dda093) x1  0x00000001
core   0: 0x80009a34 (0xffdf9ce3) bne     t6, t4, pc - 8
core   0: 3 0x80009a34 (0xffdf9ce3)
core   0: 0x80009a2c (0x00008e69) c.and   a2, a0
core   0: 3 0x80009a2c (0x8e69) x12 0x00000000
core   0: 0x80009a2e (0x00000f85) c.addi  t6, 1
core   0: 3 0x80009a2e (0x0f85) x31 0xffffffff
core   0: 0x80009a30 (0x75dda093) slti    ra, s11, 1885
core   0: 3 0x80009a30 (0x75dda093) x1  0x00000001
core   0: 0x80009a34 (0xffdf9ce3) bne     t6, t4, pc - 8
core   0: 3 0x80009a34 (0xffdf9ce3)
core   0: 0x80009a2c (0x00008e69) c.and   a2, a0
core   0: 3 0x80009a2c (0x8e69) x12 0x00000000
core   0: 0x80009a2e (0x00000f85) c.addi  t6, 1
core   0: 3 0x80009a2e (0x0f85) x31 0x00000000
core   0: 0x80009a30 (0x75dda093) slti    ra, s11, 1885
core   0: 3 0x80009a30 (0x75dda093) x1  0x00000001
core   0: 0x80009a34 (0xffdf9ce3) bne     t6, t4, pc - 8
core   0: 3 0x80009a34 (0xffdf9ce3)
core   0: 0x80009a2c (0x00008e69) c.and   a2, a0
core   0: 3 0x80009a2c (0x8e69) x12 0x00000000
core   0: 0x80009a2e (0x00000f85) c.addi  t6, 1
core   0: 3 0x80009a2e (0x0f85) x31 0x00000001
core   0: 0x80009a30 (0x75dda093) slti    ra, s11, 1885
core   0: 3 0x80009a30 (0x75dda093) x1  0x00000001
core   0: 0x80009a34 (0xffdf9ce3) bne     t6, t4, pc - 8
core   0: 3 0x80009a34 (0xffdf9ce3)
core   0: 0x80009a2c (0x00008e69) c.and   a2, a0
core   0: 3 0x80009a2c (0x8e69) x12 0x00000000
core   0: 0x80009a2e (0x00000f85) c.addi  t6, 1
core   0: 3 0x80009a2e (0x0f85) x31 0x00000002
core   0: 0x80009a30 (0x75dda093) slti    ra, s11, 1885
core   0: 3 0x80009a30 (0x75dda093) x1  0x00000001
core   0: 0x80009a34 (0xffdf9ce3) bne     t6, t4, pc - 8
core   0: 3 0x80009a34 (0xffdf9ce3)
core   0: 0x80009a2c (0x00008e69) c.and   a2, a0
core   0: 3 0x80009a2c (0x8e69) x12 0x00000000
core   0: 0x80009a2e (0x00000f85) c.addi  t6, 1
core   0: 3 0x80009a2e (0x0f85) x31 0x00000003
core   0: 0x80009a30 (0x75dda093) slti    ra, s11, 1885
core   0: 3 0x80009a30 (0x75dda093) x1  0x00000001
core   0: 0x80009a34 (0xffdf9ce3) bne     t6, t4, pc - 8
core   0: 3 0x80009a34 (0xffdf9ce3)
core   0: 0x80009a2c (0x00008e69) c.and   a2, a0
core   0: 3 0x80009a2c (0x8e69) x12 0x00000000
core   0: 0x80009a2e (0x00000f85) c.addi  t6, 1
core   0: 3 0x80009a2e (0x0f85) x31 0x00000004
core   0: 0x80009a30 (0x75dda093) slti    ra, s11, 1885
core   0: 3 0x80009a30 (0x75dda093) x1  0x00000001
core   0: 0x80009a34 (0xffdf9ce3) bne     t6, t4, pc - 8
core   0: 3 0x80009a34 (0xffdf9ce3)
core   0: 0x80009a2c (0x00008e69) c.and   a2, a0
core   0: 3 0x80009a2c (0x8e69) x12 0x00000000
core   0: 0x80009a2e (0x00000f85) c.addi  t6, 1
core   0: 3 0x80009a2e (0x0f85) x31 0x00000005
core   0: 0x80009a30 (0x75dda093) slti    ra, s11, 1885
core   0: 3 0x80009a30 (0x75dda093) x1  0x00000001
core   0: 0x80009a34 (0xffdf9ce3) bne     t6, t4, pc - 8
core   0: 3 0x80009a34 (0xffdf9ce3)
core   0: 0x80009a2c (0x00008e69) c.and   a2, a0
core   0: 3 0x80009a2c (0x8e69) x12 0x00000000
core   0: 0x80009a2e (0x00000f85) c.addi  t6, 1
core   0: 3 0x80009a2e (0x0f85) x31 0x00000006
core   0: 0x80009a30 (0x75dda093) slti    ra, s11, 1885
core   0: 3 0x80009a30 (0x75dda093) x1  0x00000001
core   0: 0x80009a34 (0xffdf9ce3) bne     t6, t4, pc - 8
core   0: 3 0x80009a34 (0xffdf9ce3)
core   0: 0x80009a2c (0x00008e69) c.and   a2, a0
core   0: 3 0x80009a2c (0x8e69) x12 0x00000000
core   0: 0x80009a2e (0x00000f85) c.addi  t6, 1
core   0: 3 0x80009a2e (0x0f85) x31 0x00000007
core   0: 0x80009a30 (0x75dda093) slti    ra, s11, 1885
core   0: 3 0x80009a30 (0x75dda093) x1  0x00000001
core   0: 0x80009a34 (0xffdf9ce3) bne     t6, t4, pc - 8
core   0: 3 0x80009a34 (0xffdf9ce3)
core   0: 0x80009a2c (0x00008e69) c.and   a2, a0
core   0: 3 0x80009a2c (0x8e69) x12 0x00000000
core   0: 0x80009a2e (0x00000f85) c.addi  t6, 1
core   0: 3 0x80009a2e (0x0f85) x31 0x00000008
core   0: 0x80009a30 (0x75dda093) slti    ra, s11, 1885
core   0: 3 0x80009a30 (0x75dda093) x1  0x00000001
core   0: 0x80009a34 (0xffdf9ce3) bne     t6, t4, pc - 8
core   0: 3 0x80009a34 (0xffdf9ce3)
core   0: 0x80009a38 (0xc839b113) sltiu   sp, s3, -893
core   0: 3 0x80009a38 (0xc839b113) x2  0x00000001
core   0: 0x80009a3c (0x02d587b3) mul     a5, a1, a3
core   0: 3 0x80009a3c (0x02d587b3) x15 0x00000000
core   0: 0x80009a40 (0x40d7d993) srai    s3, a5, 13
core   0: 3 0x80009a40 (0x40d7d993) x19 0x00000000
core   0: 0x80009a44 (0x006837b3) sltu    a5, a6, t1
core   0: 3 0x80009a44 (0x006837b3) x15 0x00000001
core   0: 0x80009a48 (0x01855393) srli    t2, a0, 24
core   0: 3 0x80009a48 (0x01855393) x7  0x00000000
core   0: 0x80009a4c (0xfc5453e3) bge     s0, t0, pc - 58
core   0: 3 0x80009a4c (0xfc5453e3)
core   0: 0x80009a12 (0x00008cd1) c.or    s1, a2
core   0: 3 0x80009a12 (0x8cd1) x9  0xfffffff1
core   0: 0x80009a14 (0x00001475) c.addi  s0, -3
core   0: 3 0x80009a14 (0x1475) x8  0x00000000
core   0: 0x80009a16 (0x5da3cb13) xori    s6, t2, 1498
core   0: 3 0x80009a16 (0x5da3cb13) x22 0x000005da
core   0: 0x80009a1a (0x00979533) sll     a0, a5, s1
core   0: 3 0x80009a1a (0x00979533) x10 0x00020000
core   0: 0x80009a1e (0x00005fe1) c.li    t6, -8
core   0: 3 0x80009a1e (0x5fe1) x31 0xfffffff8
core   0: 0x80009a20 (0x00009496) c.add   s1, t0
core   0: 3 0x80009a20 (0x9496) x9  0xffffffe2
core   0: 0x80009a22 (0x00004ea1) c.li    t4, 8
core   0: 3 0x80009a22 (0x4ea1) x29 0x00000008
core   0: 0x80009a24 (0x0334f233) remu    tp, s1, s3
core   0: 3 0x80009a24 (0x0334f233) x4  0xffffffe2
core   0: 0x80009a28 (0xb3670613) addi    a2, a4, -1226
core   0: 3 0x80009a28 (0xb3670613) x12 0x00004b35
core   0: 0x80009a2c (0x00008e69) c.and   a2, a0
core   0: 3 0x80009a2c (0x8e69) x12 0x00000000
core   0: 0x80009a2e (0x00000f85) c.addi  t6, 1
core   0: 3 0x80009a2e (0x0f85) x31 0xfffffff9
core   0: 0x80009a30 (0x75dda093) slti    ra, s11, 1885
core   0: 3 0x80009a30 (0x75dda093) x1  0x00000001
core   0: 0x80009a34 (0xffdf9ce3) bne     t6, t4, pc - 8
core   0: 3 0x80009a34 (0xffdf9ce3)
core   0: 0x80009a2c (0x00008e69) c.and   a2, a0
core   0: 3 0x80009a2c (0x8e69) x12 0x00000000
core   0: 0x80009a2e (0x00000f85) c.addi  t6, 1
core   0: 3 0x80009a2e (0x0f85) x31 0xfffffffa
core   0: 0x80009a30 (0x75dda093) slti    ra, s11, 1885
core   0: 3 0x80009a30 (0x75dda093) x1  0x00000001
core   0: 0x80009a34 (0xffdf9ce3) bne     t6, t4, pc - 8
core   0: 3 0x80009a34 (0xffdf9ce3)
core   0: 0x80009a2c (0x00008e69) c.and   a2, a0
core   0: 3 0x80009a2c (0x8e69) x12 0x00000000
core   0: 0x80009a2e (0x00000f85) c.addi  t6, 1
core   0: 3 0x80009a2e (0x0f85) x31 0xfffffffb
core   0: 0x80009a30 (0x75dda093) slti    ra, s11, 1885
core   0: 3 0x80009a30 (0x75dda093) x1  0x00000001
core   0: 0x80009a34 (0xffdf9ce3) bne     t6, t4, pc - 8
core   0: 3 0x80009a34 (0xffdf9ce3)
core   0: 0x80009a2c (0x00008e69) c.and   a2, a0
core   0: 3 0x80009a2c (0x8e69) x12 0x00000000
core   0: 0x80009a2e (0x00000f85) c.addi  t6, 1
core   0: 3 0x80009a2e (0x0f85) x31 0xfffffffc
core   0: 0x80009a30 (0x75dda093) slti    ra, s11, 1885
core   0: 3 0x80009a30 (0x75dda093) x1  0x00000001
core   0: 0x80009a34 (0xffdf9ce3) bne     t6, t4, pc - 8
core   0: 3 0x80009a34 (0xffdf9ce3)
core   0: 0x80009a2c (0x00008e69) c.and   a2, a0
core   0: 3 0x80009a2c (0x8e69) x12 0x00000000
core   0: 0x80009a2e (0x00000f85) c.addi  t6, 1
core   0: 3 0x80009a2e (0x0f85) x31 0xfffffffd
core   0: 0x80009a30 (0x75dda093) slti    ra, s11, 1885
core   0: 3 0x80009a30 (0x75dda093) x1  0x00000001
core   0: 0x80009a34 (0xffdf9ce3) bne     t6, t4, pc - 8
core   0: 3 0x80009a34 (0xffdf9ce3)
core   0: 0x80009a2c (0x00008e69) c.and   a2, a0
core   0: 3 0x80009a2c (0x8e69) x12 0x00000000
core   0: 0x80009a2e (0x00000f85) c.addi  t6, 1
core   0: 3 0x80009a2e (0x0f85) x31 0xfffffffe
core   0: 0x80009a30 (0x75dda093) slti    ra, s11, 1885
core   0: 3 0x80009a30 (0x75dda093) x1  0x00000001
core   0: 0x80009a34 (0xffdf9ce3) bne     t6, t4, pc - 8
core   0: 3 0x80009a34 (0xffdf9ce3)
core   0: 0x80009a2c (0x00008e69) c.and   a2, a0
core   0: 3 0x80009a2c (0x8e69) x12 0x00000000
core   0: 0x80009a2e (0x00000f85) c.addi  t6, 1
core   0: 3 0x80009a2e (0x0f85) x31 0xffffffff
core   0: 0x80009a30 (0x75dda093) slti    ra, s11, 1885
core   0: 3 0x80009a30 (0x75dda093) x1  0x00000001
core   0: 0x80009a34 (0xffdf9ce3) bne     t6, t4, pc - 8
core   0: 3 0x80009a34 (0xffdf9ce3)
core   0: 0x80009a2c (0x00008e69) c.and   a2, a0
core   0: 3 0x80009a2c (0x8e69) x12 0x00000000
core   0: 0x80009a2e (0x00000f85) c.addi  t6, 1
core   0: 3 0x80009a2e (0x0f85) x31 0x00000000
core   0: 0x80009a30 (0x75dda093) slti    ra, s11, 1885
core   0: 3 0x80009a30 (0x75dda093) x1  0x00000001
core   0: 0x80009a34 (0xffdf9ce3) bne     t6, t4, pc - 8
core   0: 3 0x80009a34 (0xffdf9ce3)
core   0: 0x80009a2c (0x00008e69) c.and   a2, a0
core   0: 3 0x80009a2c (0x8e69) x12 0x00000000
core   0: 0x80009a2e (0x00000f85) c.addi  t6, 1
core   0: 3 0x80009a2e (0x0f85) x31 0x00000001
core   0: 0x80009a30 (0x75dda093) slti    ra, s11, 1885
core   0: 3 0x80009a30 (0x75dda093) x1  0x00000001
core   0: 0x80009a34 (0xffdf9ce3) bne     t6, t4, pc - 8
core   0: 3 0x80009a34 (0xffdf9ce3)
core   0: 0x80009a2c (0x00008e69) c.and   a2, a0
core   0: 3 0x80009a2c (0x8e69) x12 0x00000000
core   0: 0x80009a2e (0x00000f85) c.addi  t6, 1
core   0: 3 0x80009a2e (0x0f85) x31 0x00000002
core   0: 0x80009a30 (0x75dda093) slti    ra, s11, 1885
core   0: 3 0x80009a30 (0x75dda093) x1  0x00000001
core   0: 0x80009a34 (0xffdf9ce3) bne     t6, t4, pc - 8
core   0: 3 0x80009a34 (0xffdf9ce3)
core   0: 0x80009a2c (0x00008e69) c.and   a2, a0
core   0: 3 0x80009a2c (0x8e69) x12 0x00000000
core   0: 0x80009a2e (0x00000f85) c.addi  t6, 1
core   0: 3 0x80009a2e (0x0f85) x31 0x00000003
core   0: 0x80009a30 (0x75dda093) slti    ra, s11, 1885
core   0: 3 0x80009a30 (0x75dda093) x1  0x00000001
core   0: 0x80009a34 (0xffdf9ce3) bne     t6, t4, pc - 8
core   0: 3 0x80009a34 (0xffdf9ce3)
core   0: 0x80009a2c (0x00008e69) c.and   a2, a0
core   0: 3 0x80009a2c (0x8e69) x12 0x00000000
core   0: 0x80009a2e (0x00000f85) c.addi  t6, 1
core   0: 3 0x80009a2e (0x0f85) x31 0x00000004
core   0: 0x80009a30 (0x75dda093) slti    ra, s11, 1885
core   0: 3 0x80009a30 (0x75dda093) x1  0x00000001
core   0: 0x80009a34 (0xffdf9ce3) bne     t6, t4, pc - 8
core   0: 3 0x80009a34 (0xffdf9ce3)
core   0: 0x80009a2c (0x00008e69) c.and   a2, a0
core   0: 3 0x80009a2c (0x8e69) x12 0x00000000
core   0: 0x80009a2e (0x00000f85) c.addi  t6, 1
core   0: 3 0x80009a2e (0x0f85) x31 0x00000005
core   0: 0x80009a30 (0x75dda093) slti    ra, s11, 1885
core   0: 3 0x80009a30 (0x75dda093) x1  0x00000001
core   0: 0x80009a34 (0xffdf9ce3) bne     t6, t4, pc - 8
core   0: 3 0x80009a34 (0xffdf9ce3)
core   0: 0x80009a2c (0x00008e69) c.and   a2, a0
core   0: 3 0x80009a2c (0x8e69) x12 0x00000000
core   0: 0x80009a2e (0x00000f85) c.addi  t6, 1
core   0: 3 0x80009a2e (0x0f85) x31 0x00000006
core   0: 0x80009a30 (0x75dda093) slti    ra, s11, 1885
core   0: 3 0x80009a30 (0x75dda093) x1  0x00000001
core   0: 0x80009a34 (0xffdf9ce3) bne     t6, t4, pc - 8
core   0: 3 0x80009a34 (0xffdf9ce3)
core   0: 0x80009a2c (0x00008e69) c.and   a2, a0
core   0: 3 0x80009a2c (0x8e69) x12 0x00000000
core   0: 0x80009a2e (0x00000f85) c.addi  t6, 1
core   0: 3 0x80009a2e (0x0f85) x31 0x00000007
core   0: 0x80009a30 (0x75dda093) slti    ra, s11, 1885
core   0: 3 0x80009a30 (0x75dda093) x1  0x00000001
core   0: 0x80009a34 (0xffdf9ce3) bne     t6, t4, pc - 8
core   0: 3 0x80009a34 (0xffdf9ce3)
core   0: 0x80009a2c (0x00008e69) c.and   a2, a0
core   0: 3 0x80009a2c (0x8e69) x12 0x00000000
core   0: 0x80009a2e (0x00000f85) c.addi  t6, 1
core   0: 3 0x80009a2e (0x0f85) x31 0x00000008
core   0: 0x80009a30 (0x75dda093) slti    ra, s11, 1885
core   0: 3 0x80009a30 (0x75dda093) x1  0x00000001
core   0: 0x80009a34 (0xffdf9ce3) bne     t6, t4, pc - 8
core   0: 3 0x80009a34 (0xffdf9ce3)
core   0: 0x80009a38 (0xc839b113) sltiu   sp, s3, -893
core   0: 3 0x80009a38 (0xc839b113) x2  0x00000001
core   0: 0x80009a3c (0x02d587b3) mul     a5, a1, a3
core   0: 3 0x80009a3c (0x02d587b3) x15 0x00000000
core   0: 0x80009a40 (0x40d7d993) srai    s3, a5, 13
core   0: 3 0x80009a40 (0x40d7d993) x19 0x00000000
core   0: 0x80009a44 (0x006837b3) sltu    a5, a6, t1
core   0: 3 0x80009a44 (0x006837b3) x15 0x00000001
core   0: 0x80009a48 (0x01855393) srli    t2, a0, 24
core   0: 3 0x80009a48 (0x01855393) x7  0x00000000
core   0: 0x80009a4c (0xfc5453e3) bge     s0, t0, pc - 58
core   0: 3 0x80009a4c (0xfc5453e3)
core   0: 0x80009a12 (0x00008cd1) c.or    s1, a2
core   0: 3 0x80009a12 (0x8cd1) x9  0xffffffe2
core   0: 0x80009a14 (0x00001475) c.addi  s0, -3
core   0: 3 0x80009a14 (0x1475) x8  0xfffffffd
core   0: 0x80009a16 (0x5da3cb13) xori    s6, t2, 1498
core   0: 3 0x80009a16 (0x5da3cb13) x22 0x000005da
core   0: 0x80009a1a (0x00979533) sll     a0, a5, s1
core   0: 3 0x80009a1a (0x00979533) x10 0x00000004
core   0: 0x80009a1e (0x00005fe1) c.li    t6, -8
core   0: 3 0x80009a1e (0x5fe1) x31 0xfffffff8
core   0: 0x80009a20 (0x00009496) c.add   s1, t0
core   0: 3 0x80009a20 (0x9496) x9  0xffffffd3
core   0: 0x80009a22 (0x00004ea1) c.li    t4, 8
core   0: 3 0x80009a22 (0x4ea1) x29 0x00000008
core   0: 0x80009a24 (0x0334f233) remu    tp, s1, s3
core   0: 3 0x80009a24 (0x0334f233) x4  0xffffffd3
core   0: 0x80009a28 (0xb3670613) addi    a2, a4, -1226
core   0: 3 0x80009a28 (0xb3670613) x12 0x00004b35
core   0: 0x80009a2c (0x00008e69) c.and   a2, a0
core   0: 3 0x80009a2c (0x8e69) x12 0x00000004
core   0: 0x80009a2e (0x00000f85) c.addi  t6, 1
core   0: 3 0x80009a2e (0x0f85) x31 0xfffffff9
core   0: 0x80009a30 (0x75dda093) slti    ra, s11, 1885
core   0: 3 0x80009a30 (0x75dda093) x1  0x00000001
core   0: 0x80009a34 (0xffdf9ce3) bne     t6, t4, pc - 8
core   0: 3 0x80009a34 (0xffdf9ce3)
core   0: 0x80009a2c (0x00008e69) c.and   a2, a0
core   0: 3 0x80009a2c (0x8e69) x12 0x00000004
core   0: 0x80009a2e (0x00000f85) c.addi  t6, 1
core   0: 3 0x80009a2e (0x0f85) x31 0xfffffffa
core   0: 0x80009a30 (0x75dda093) slti    ra, s11, 1885
core   0: 3 0x80009a30 (0x75dda093) x1  0x00000001
core   0: 0x80009a34 (0xffdf9ce3) bne     t6, t4, pc - 8
core   0: 3 0x80009a34 (0xffdf9ce3)
core   0: 0x80009a2c (0x00008e69) c.and   a2, a0
core   0: 3 0x80009a2c (0x8e69) x12 0x00000004
core   0: 0x80009a2e (0x00000f85) c.addi  t6, 1
core   0: 3 0x80009a2e (0x0f85) x31 0xfffffffb
core   0: 0x80009a30 (0x75dda093) slti    ra, s11, 1885
core   0: 3 0x80009a30 (0x75dda093) x1  0x00000001
core   0: 0x80009a34 (0xffdf9ce3) bne     t6, t4, pc - 8
core   0: 3 0x80009a34 (0xffdf9ce3)
core   0: 0x80009a2c (0x00008e69) c.and   a2, a0
core   0: 3 0x80009a2c (0x8e69) x12 0x00000004
core   0: 0x80009a2e (0x00000f85) c.addi  t6, 1
core   0: 3 0x80009a2e (0x0f85) x31 0xfffffffc
core   0: 0x80009a30 (0x75dda093) slti    ra, s11, 1885
core   0: 3 0x80009a30 (0x75dda093) x1  0x00000001
core   0: 0x80009a34 (0xffdf9ce3) bne     t6, t4, pc - 8
core   0: 3 0x80009a34 (0xffdf9ce3)
core   0: 0x80009a2c (0x00008e69) c.and   a2, a0
core   0: 3 0x80009a2c (0x8e69) x12 0x00000004
core   0: 0x80009a2e (0x00000f85) c.addi  t6, 1
core   0: 3 0x80009a2e (0x0f85) x31 0xfffffffd
core   0: 0x80009a30 (0x75dda093) slti    ra, s11, 1885
core   0: 3 0x80009a30 (0x75dda093) x1  0x00000001
core   0: 0x80009a34 (0xffdf9ce3) bne     t6, t4, pc - 8
core   0: 3 0x80009a34 (0xffdf9ce3)
core   0: 0x80009a2c (0x00008e69) c.and   a2, a0
core   0: 3 0x80009a2c (0x8e69) x12 0x00000004
core   0: 0x80009a2e (0x00000f85) c.addi  t6, 1
core   0: 3 0x80009a2e (0x0f85) x31 0xfffffffe
core   0: 0x80009a30 (0x75dda093) slti    ra, s11, 1885
core   0: 3 0x80009a30 (0x75dda093) x1  0x00000001
core   0: 0x80009a34 (0xffdf9ce3) bne     t6, t4, pc - 8
core   0: 3 0x80009a34 (0xffdf9ce3)
core   0: 0x80009a2c (0x00008e69) c.and   a2, a0
core   0: 3 0x80009a2c (0x8e69) x12 0x00000004
core   0: 0x80009a2e (0x00000f85) c.addi  t6, 1
core   0: 3 0x80009a2e (0x0f85) x31 0xffffffff
core   0: 0x80009a30 (0x75dda093) slti    ra, s11, 1885
core   0: 3 0x80009a30 (0x75dda093) x1  0x00000001
core   0: 0x80009a34 (0xffdf9ce3) bne     t6, t4, pc - 8
core   0: 3 0x80009a34 (0xffdf9ce3)
core   0: 0x80009a2c (0x00008e69) c.and   a2, a0
core   0: 3 0x80009a2c (0x8e69) x12 0x00000004
core   0: 0x80009a2e (0x00000f85) c.addi  t6, 1
core   0: 3 0x80009a2e (0x0f85) x31 0x00000000
core   0: 0x80009a30 (0x75dda093) slti    ra, s11, 1885
core   0: 3 0x80009a30 (0x75dda093) x1  0x00000001
core   0: 0x80009a34 (0xffdf9ce3) bne     t6, t4, pc - 8
core   0: 3 0x80009a34 (0xffdf9ce3)
core   0: 0x80009a2c (0x00008e69) c.and   a2, a0
core   0: 3 0x80009a2c (0x8e69) x12 0x00000004
core   0: 0x80009a2e (0x00000f85) c.addi  t6, 1
core   0: 3 0x80009a2e (0x0f85) x31 0x00000001
core   0: 0x80009a30 (0x75dda093) slti    ra, s11, 1885
core   0: 3 0x80009a30 (0x75dda093) x1  0x00000001
core   0: 0x80009a34 (0xffdf9ce3) bne     t6, t4, pc - 8
core   0: 3 0x80009a34 (0xffdf9ce3)
core   0: 0x80009a2c (0x00008e69) c.and   a2, a0
core   0: 3 0x80009a2c (0x8e69) x12 0x00000004
core   0: 0x80009a2e (0x00000f85) c.addi  t6, 1
core   0: 3 0x80009a2e (0x0f85) x31 0x00000002
core   0: 0x80009a30 (0x75dda093) slti    ra, s11, 1885
core   0: 3 0x80009a30 (0x75dda093) x1  0x00000001
core   0: 0x80009a34 (0xffdf9ce3) bne     t6, t4, pc - 8
core   0: 3 0x80009a34 (0xffdf9ce3)
core   0: 0x80009a2c (0x00008e69) c.and   a2, a0
core   0: 3 0x80009a2c (0x8e69) x12 0x00000004
core   0: 0x80009a2e (0x00000f85) c.addi  t6, 1
core   0: 3 0x80009a2e (0x0f85) x31 0x00000003
core   0: 0x80009a30 (0x75dda093) slti    ra, s11, 1885
core   0: 3 0x80009a30 (0x75dda093) x1  0x00000001
core   0: 0x80009a34 (0xffdf9ce3) bne     t6, t4, pc - 8
core   0: 3 0x80009a34 (0xffdf9ce3)
core   0: 0x80009a2c (0x00008e69) c.and   a2, a0
core   0: 3 0x80009a2c (0x8e69) x12 0x00000004
core   0: 0x80009a2e (0x00000f85) c.addi  t6, 1
core   0: 3 0x80009a2e (0x0f85) x31 0x00000004
core   0: 0x80009a30 (0x75dda093) slti    ra, s11, 1885
core   0: 3 0x80009a30 (0x75dda093) x1  0x00000001
core   0: 0x80009a34 (0xffdf9ce3) bne     t6, t4, pc - 8
core   0: 3 0x80009a34 (0xffdf9ce3)
core   0: 0x80009a2c (0x00008e69) c.and   a2, a0
core   0: 3 0x80009a2c (0x8e69) x12 0x00000004
core   0: 0x80009a2e (0x00000f85) c.addi  t6, 1
core   0: 3 0x80009a2e (0x0f85) x31 0x00000005
core   0: 0x80009a30 (0x75dda093) slti    ra, s11, 1885
core   0: 3 0x80009a30 (0x75dda093) x1  0x00000001
core   0: 0x80009a34 (0xffdf9ce3) bne     t6, t4, pc - 8
core   0: 3 0x80009a34 (0xffdf9ce3)
core   0: 0x80009a2c (0x00008e69) c.and   a2, a0
core   0: 3 0x80009a2c (0x8e69) x12 0x00000004
core   0: 0x80009a2e (0x00000f85) c.addi  t6, 1
core   0: 3 0x80009a2e (0x0f85) x31 0x00000006
core   0: 0x80009a30 (0x75dda093) slti    ra, s11, 1885
core   0: 3 0x80009a30 (0x75dda093) x1  0x00000001
core   0: 0x80009a34 (0xffdf9ce3) bne     t6, t4, pc - 8
core   0: 3 0x80009a34 (0xffdf9ce3)
core   0: 0x80009a2c (0x00008e69) c.and   a2, a0
core   0: 3 0x80009a2c (0x8e69) x12 0x00000004
core   0: 0x80009a2e (0x00000f85) c.addi  t6, 1
core   0: 3 0x80009a2e (0x0f85) x31 0x00000007
core   0: 0x80009a30 (0x75dda093) slti    ra, s11, 1885
core   0: 3 0x80009a30 (0x75dda093) x1  0x00000001
core   0: 0x80009a34 (0xffdf9ce3) bne     t6, t4, pc - 8
core   0: 3 0x80009a34 (0xffdf9ce3)
core   0: 0x80009a2c (0x00008e69) c.and   a2, a0
core   0: 3 0x80009a2c (0x8e69) x12 0x00000004
core   0: 0x80009a2e (0x00000f85) c.addi  t6, 1
core   0: 3 0x80009a2e (0x0f85) x31 0x00000008
core   0: 0x80009a30 (0x75dda093) slti    ra, s11, 1885
core   0: 3 0x80009a30 (0x75dda093) x1  0x00000001
core   0: 0x80009a34 (0xffdf9ce3) bne     t6, t4, pc - 8
core   0: 3 0x80009a34 (0xffdf9ce3)
core   0: 0x80009a38 (0xc839b113) sltiu   sp, s3, -893
core   0: 3 0x80009a38 (0xc839b113) x2  0x00000001
core   0: 0x80009a3c (0x02d587b3) mul     a5, a1, a3
core   0: 3 0x80009a3c (0x02d587b3) x15 0x00000000
core   0: 0x80009a40 (0x40d7d993) srai    s3, a5, 13
core   0: 3 0x80009a40 (0x40d7d993) x19 0x00000000
core   0: 0x80009a44 (0x006837b3) sltu    a5, a6, t1
core   0: 3 0x80009a44 (0x006837b3) x15 0x00000001
core   0: 0x80009a48 (0x01855393) srli    t2, a0, 24
core   0: 3 0x80009a48 (0x01855393) x7  0x00000000
core   0: 0x80009a4c (0xfc5453e3) bge     s0, t0, pc - 58
core   0: 3 0x80009a4c (0xfc5453e3)
core   0: 0x80009a12 (0x00008cd1) c.or    s1, a2
core   0: 3 0x80009a12 (0x8cd1) x9  0xffffffd7
core   0: 0x80009a14 (0x00001475) c.addi  s0, -3
core   0: 3 0x80009a14 (0x1475) x8  0xfffffffa
core   0: 0x80009a16 (0x5da3cb13) xori    s6, t2, 1498
core   0: 3 0x80009a16 (0x5da3cb13) x22 0x000005da
core   0: 0x80009a1a (0x00979533) sll     a0, a5, s1
core   0: 3 0x80009a1a (0x00979533) x10 0x00800000
core   0: 0x80009a1e (0x00005fe1) c.li    t6, -8
core   0: 3 0x80009a1e (0x5fe1) x31 0xfffffff8
core   0: 0x80009a20 (0x00009496) c.add   s1, t0
core   0: 3 0x80009a20 (0x9496) x9  0xffffffc8
core   0: 0x80009a22 (0x00004ea1) c.li    t4, 8
core   0: 3 0x80009a22 (0x4ea1) x29 0x00000008
core   0: 0x80009a24 (0x0334f233) remu    tp, s1, s3
core   0: 3 0x80009a24 (0x0334f233) x4  0xffffffc8
core   0: 0x80009a28 (0xb3670613) addi    a2, a4, -1226
core   0: 3 0x80009a28 (0xb3670613) x12 0x00004b35
core   0: 0x80009a2c (0x00008e69) c.and   a2, a0
core   0: 3 0x80009a2c (0x8e69) x12 0x00000000
core   0: 0x80009a2e (0x00000f85) c.addi  t6, 1
core   0: 3 0x80009a2e (0x0f85) x31 0xfffffff9
core   0: 0x80009a30 (0x75dda093) slti    ra, s11, 1885
core   0: 3 0x80009a30 (0x75dda093) x1  0x00000001
core   0: 0x80009a34 (0xffdf9ce3) bne     t6, t4, pc - 8
core   0: 3 0x80009a34 (0xffdf9ce3)
core   0: 0x80009a2c (0x00008e69) c.and   a2, a0
core   0: 3 0x80009a2c (0x8e69) x12 0x00000000
core   0: 0x80009a2e (0x00000f85) c.addi  t6, 1
core   0: 3 0x80009a2e (0x0f85) x31 0xfffffffa
core   0: 0x80009a30 (0x75dda093) slti    ra, s11, 1885
core   0: 3 0x80009a30 (0x75dda093) x1  0x00000001
core   0: 0x80009a34 (0xffdf9ce3) bne     t6, t4, pc - 8
core   0: 3 0x80009a34 (0xffdf9ce3)
core   0: 0x80009a2c (0x00008e69) c.and   a2, a0
core   0: 3 0x80009a2c (0x8e69) x12 0x00000000
core   0: 0x80009a2e (0x00000f85) c.addi  t6, 1
core   0: 3 0x80009a2e (0x0f85) x31 0xfffffffb
core   0: 0x80009a30 (0x75dda093) slti    ra, s11, 1885
core   0: 3 0x80009a30 (0x75dda093) x1  0x00000001
core   0: 0x80009a34 (0xffdf9ce3) bne     t6, t4, pc - 8
core   0: 3 0x80009a34 (0xffdf9ce3)
core   0: 0x80009a2c (0x00008e69) c.and   a2, a0
core   0: 3 0x80009a2c (0x8e69) x12 0x00000000
core   0: 0x80009a2e (0x00000f85) c.addi  t6, 1
core   0: 3 0x80009a2e (0x0f85) x31 0xfffffffc
core   0: 0x80009a30 (0x75dda093) slti    ra, s11, 1885
core   0: 3 0x80009a30 (0x75dda093) x1  0x00000001
core   0: 0x80009a34 (0xffdf9ce3) bne     t6, t4, pc - 8
core   0: 3 0x80009a34 (0xffdf9ce3)
core   0: 0x80009a2c (0x00008e69) c.and   a2, a0
core   0: 3 0x80009a2c (0x8e69) x12 0x00000000
core   0: 0x80009a2e (0x00000f85) c.addi  t6, 1
core   0: 3 0x80009a2e (0x0f85) x31 0xfffffffd
core   0: 0x80009a30 (0x75dda093) slti    ra, s11, 1885
core   0: 3 0x80009a30 (0x75dda093) x1  0x00000001
core   0: 0x80009a34 (0xffdf9ce3) bne     t6, t4, pc - 8
core   0: 3 0x80009a34 (0xffdf9ce3)
core   0: 0x80009a2c (0x00008e69) c.and   a2, a0
core   0: 3 0x80009a2c (0x8e69) x12 0x00000000
core   0: 0x80009a2e (0x00000f85) c.addi  t6, 1
core   0: 3 0x80009a2e (0x0f85) x31 0xfffffffe
core   0: 0x80009a30 (0x75dda093) slti    ra, s11, 1885
core   0: 3 0x80009a30 (0x75dda093) x1  0x00000001
core   0: 0x80009a34 (0xffdf9ce3) bne     t6, t4, pc - 8
core   0: 3 0x80009a34 (0xffdf9ce3)
core   0: 0x80009a2c (0x00008e69) c.and   a2, a0
core   0: 3 0x80009a2c (0x8e69) x12 0x00000000
core   0: 0x80009a2e (0x00000f85) c.addi  t6, 1
core   0: 3 0x80009a2e (0x0f85) x31 0xffffffff
core   0: 0x80009a30 (0x75dda093) slti    ra, s11, 1885
core   0: 3 0x80009a30 (0x75dda093) x1  0x00000001
core   0: 0x80009a34 (0xffdf9ce3) bne     t6, t4, pc - 8
core   0: 3 0x80009a34 (0xffdf9ce3)
core   0: 0x80009a2c (0x00008e69) c.and   a2, a0
core   0: 3 0x80009a2c (0x8e69) x12 0x00000000
core   0: 0x80009a2e (0x00000f85) c.addi  t6, 1
core   0: 3 0x80009a2e (0x0f85) x31 0x00000000
core   0: 0x80009a30 (0x75dda093) slti    ra, s11, 1885
core   0: 3 0x80009a30 (0x75dda093) x1  0x00000001
core   0: 0x80009a34 (0xffdf9ce3) bne     t6, t4, pc - 8
core   0: 3 0x80009a34 (0xffdf9ce3)
core   0: 0x80009a2c (0x00008e69) c.and   a2, a0
core   0: 3 0x80009a2c (0x8e69) x12 0x00000000
core   0: 0x80009a2e (0x00000f85) c.addi  t6, 1
core   0: 3 0x80009a2e (0x0f85) x31 0x00000001
core   0: 0x80009a30 (0x75dda093) slti    ra, s11, 1885
core   0: 3 0x80009a30 (0x75dda093) x1  0x00000001
core   0: 0x80009a34 (0xffdf9ce3) bne     t6, t4, pc - 8
core   0: 3 0x80009a34 (0xffdf9ce3)
core   0: 0x80009a2c (0x00008e69) c.and   a2, a0
core   0: 3 0x80009a2c (0x8e69) x12 0x00000000
core   0: 0x80009a2e (0x00000f85) c.addi  t6, 1
core   0: 3 0x80009a2e (0x0f85) x31 0x00000002
core   0: 0x80009a30 (0x75dda093) slti    ra, s11, 1885
core   0: 3 0x80009a30 (0x75dda093) x1  0x00000001
core   0: 0x80009a34 (0xffdf9ce3) bne     t6, t4, pc - 8
core   0: 3 0x80009a34 (0xffdf9ce3)
core   0: 0x80009a2c (0x00008e69) c.and   a2, a0
core   0: 3 0x80009a2c (0x8e69) x12 0x00000000
core   0: 0x80009a2e (0x00000f85) c.addi  t6, 1
core   0: 3 0x80009a2e (0x0f85) x31 0x00000003
core   0: 0x80009a30 (0x75dda093) slti    ra, s11, 1885
core   0: 3 0x80009a30 (0x75dda093) x1  0x00000001
core   0: 0x80009a34 (0xffdf9ce3) bne     t6, t4, pc - 8
core   0: 3 0x80009a34 (0xffdf9ce3)
core   0: 0x80009a2c (0x00008e69) c.and   a2, a0
core   0: 3 0x80009a2c (0x8e69) x12 0x00000000
core   0: 0x80009a2e (0x00000f85) c.addi  t6, 1
core   0: 3 0x80009a2e (0x0f85) x31 0x00000004
core   0: 0x80009a30 (0x75dda093) slti    ra, s11, 1885
core   0: 3 0x80009a30 (0x75dda093) x1  0x00000001
core   0: 0x80009a34 (0xffdf9ce3) bne     t6, t4, pc - 8
core   0: 3 0x80009a34 (0xffdf9ce3)
core   0: 0x80009a2c (0x00008e69) c.and   a2, a0
core   0: 3 0x80009a2c (0x8e69) x12 0x00000000
core   0: 0x80009a2e (0x00000f85) c.addi  t6, 1
core   0: 3 0x80009a2e (0x0f85) x31 0x00000005
core   0: 0x80009a30 (0x75dda093) slti    ra, s11, 1885
core   0: 3 0x80009a30 (0x75dda093) x1  0x00000001
core   0: 0x80009a34 (0xffdf9ce3) bne     t6, t4, pc - 8
core   0: 3 0x80009a34 (0xffdf9ce3)
core   0: 0x80009a2c (0x00008e69) c.and   a2, a0
core   0: 3 0x80009a2c (0x8e69) x12 0x00000000
core   0: 0x80009a2e (0x00000f85) c.addi  t6, 1
core   0: 3 0x80009a2e (0x0f85) x31 0x00000006
core   0: 0x80009a30 (0x75dda093) slti    ra, s11, 1885
core   0: 3 0x80009a30 (0x75dda093) x1  0x00000001
core   0: 0x80009a34 (0xffdf9ce3) bne     t6, t4, pc - 8
core   0: 3 0x80009a34 (0xffdf9ce3)
core   0: 0x80009a2c (0x00008e69) c.and   a2, a0
core   0: 3 0x80009a2c (0x8e69) x12 0x00000000
core   0: 0x80009a2e (0x00000f85) c.addi  t6, 1
core   0: 3 0x80009a2e (0x0f85) x31 0x00000007
core   0: 0x80009a30 (0x75dda093) slti    ra, s11, 1885
core   0: 3 0x80009a30 (0x75dda093) x1  0x00000001
core   0: 0x80009a34 (0xffdf9ce3) bne     t6, t4, pc - 8
core   0: 3 0x80009a34 (0xffdf9ce3)
core   0: 0x80009a2c (0x00008e69) c.and   a2, a0
core   0: 3 0x80009a2c (0x8e69) x12 0x00000000
core   0: 0x80009a2e (0x00000f85) c.addi  t6, 1
core   0: 3 0x80009a2e (0x0f85) x31 0x00000008
core   0: 0x80009a30 (0x75dda093) slti    ra, s11, 1885
core   0: 3 0x80009a30 (0x75dda093) x1  0x00000001
core   0: 0x80009a34 (0xffdf9ce3) bne     t6, t4, pc - 8
core   0: 3 0x80009a34 (0xffdf9ce3)
core   0: 0x80009a38 (0xc839b113) sltiu   sp, s3, -893
core   0: 3 0x80009a38 (0xc839b113) x2  0x00000001
core   0: 0x80009a3c (0x02d587b3) mul     a5, a1, a3
core   0: 3 0x80009a3c (0x02d587b3) x15 0x00000000
core   0: 0x80009a40 (0x40d7d993) srai    s3, a5, 13
core   0: 3 0x80009a40 (0x40d7d993) x19 0x00000000
core   0: 0x80009a44 (0x006837b3) sltu    a5, a6, t1
core   0: 3 0x80009a44 (0x006837b3) x15 0x00000001
core   0: 0x80009a48 (0x01855393) srli    t2, a0, 24
core   0: 3 0x80009a48 (0x01855393) x7  0x00000000
core   0: 0x80009a4c (0xfc5453e3) bge     s0, t0, pc - 58
core   0: 3 0x80009a4c (0xfc5453e3)
core   0: 0x80009a12 (0x00008cd1) c.or    s1, a2
core   0: 3 0x80009a12 (0x8cd1) x9  0xffffffc8
core   0: 0x80009a14 (0x00001475) c.addi  s0, -3
core   0: 3 0x80009a14 (0x1475) x8  0xfffffff7
core   0: 0x80009a16 (0x5da3cb13) xori    s6, t2, 1498
core   0: 3 0x80009a16 (0x5da3cb13) x22 0x000005da
core   0: 0x80009a1a (0x00979533) sll     a0, a5, s1
core   0: 3 0x80009a1a (0x00979533) x10 0x00000100
core   0: 0x80009a1e (0x00005fe1) c.li    t6, -8
core   0: 3 0x80009a1e (0x5fe1) x31 0xfffffff8
core   0: 0x80009a20 (0x00009496) c.add   s1, t0
core   0: 3 0x80009a20 (0x9496) x9  0xffffffb9
core   0: 0x80009a22 (0x00004ea1) c.li    t4, 8
core   0: 3 0x80009a22 (0x4ea1) x29 0x00000008
core   0: 0x80009a24 (0x0334f233) remu    tp, s1, s3
core   0: 3 0x80009a24 (0x0334f233) x4  0xffffffb9
core   0: 0x80009a28 (0xb3670613) addi    a2, a4, -1226
core   0: 3 0x80009a28 (0xb3670613) x12 0x00004b35
core   0: 0x80009a2c (0x00008e69) c.and   a2, a0
core   0: 3 0x80009a2c (0x8e69) x12 0x00000100
core   0: 0x80009a2e (0x00000f85) c.addi  t6, 1
core   0: 3 0x80009a2e (0x0f85) x31 0xfffffff9
core   0: 0x80009a30 (0x75dda093) slti    ra, s11, 1885
core   0: 3 0x80009a30 (0x75dda093) x1  0x00000001
core   0: 0x80009a34 (0xffdf9ce3) bne     t6, t4, pc - 8
core   0: 3 0x80009a34 (0xffdf9ce3)
core   0: 0x80009a2c (0x00008e69) c.and   a2, a0
core   0: 3 0x80009a2c (0x8e69) x12 0x00000100
core   0: 0x80009a2e (0x00000f85) c.addi  t6, 1
core   0: 3 0x80009a2e (0x0f85) x31 0xfffffffa
core   0: 0x80009a30 (0x75dda093) slti    ra, s11, 1885
core   0: 3 0x80009a30 (0x75dda093) x1  0x00000001
core   0: 0x80009a34 (0xffdf9ce3) bne     t6, t4, pc - 8
core   0: 3 0x80009a34 (0xffdf9ce3)
core   0: 0x80009a2c (0x00008e69) c.and   a2, a0
core   0: 3 0x80009a2c (0x8e69) x12 0x00000100
core   0: 0x80009a2e (0x00000f85) c.addi  t6, 1
core   0: 3 0x80009a2e (0x0f85) x31 0xfffffffb
core   0: 0x80009a30 (0x75dda093) slti    ra, s11, 1885
core   0: 3 0x80009a30 (0x75dda093) x1  0x00000001
core   0: 0x80009a34 (0xffdf9ce3) bne     t6, t4, pc - 8
core   0: 3 0x80009a34 (0xffdf9ce3)
core   0: 0x80009a2c (0x00008e69) c.and   a2, a0
core   0: 3 0x80009a2c (0x8e69) x12 0x00000100
core   0: 0x80009a2e (0x00000f85) c.addi  t6, 1
core   0: 3 0x80009a2e (0x0f85) x31 0xfffffffc
core   0: 0x80009a30 (0x75dda093) slti    ra, s11, 1885
core   0: 3 0x80009a30 (0x75dda093) x1  0x00000001
core   0: 0x80009a34 (0xffdf9ce3) bne     t6, t4, pc - 8
core   0: 3 0x80009a34 (0xffdf9ce3)
core   0: 0x80009a2c (0x00008e69) c.and   a2, a0
core   0: 3 0x80009a2c (0x8e69) x12 0x00000100
core   0: 0x80009a2e (0x00000f85) c.addi  t6, 1
core   0: 3 0x80009a2e (0x0f85) x31 0xfffffffd
core   0: 0x80009a30 (0x75dda093) slti    ra, s11, 1885
core   0: 3 0x80009a30 (0x75dda093) x1  0x00000001
core   0: 0x80009a34 (0xffdf9ce3) bne     t6, t4, pc - 8
core   0: 3 0x80009a34 (0xffdf9ce3)
core   0: 0x80009a2c (0x00008e69) c.and   a2, a0
core   0: 3 0x80009a2c (0x8e69) x12 0x00000100
core   0: 0x80009a2e (0x00000f85) c.addi  t6, 1
core   0: 3 0x80009a2e (0x0f85) x31 0xfffffffe
core   0: 0x80009a30 (0x75dda093) slti    ra, s11, 1885
core   0: 3 0x80009a30 (0x75dda093) x1  0x00000001
core   0: 0x80009a34 (0xffdf9ce3) bne     t6, t4, pc - 8
core   0: 3 0x80009a34 (0xffdf9ce3)
core   0: 0x80009a2c (0x00008e69) c.and   a2, a0
core   0: 3 0x80009a2c (0x8e69) x12 0x00000100
core   0: 0x80009a2e (0x00000f85) c.addi  t6, 1
core   0: 3 0x80009a2e (0x0f85) x31 0xffffffff
core   0: 0x80009a30 (0x75dda093) slti    ra, s11, 1885
core   0: 3 0x80009a30 (0x75dda093) x1  0x00000001
core   0: 0x80009a34 (0xffdf9ce3) bne     t6, t4, pc - 8
core   0: 3 0x80009a34 (0xffdf9ce3)
core   0: 0x80009a2c (0x00008e69) c.and   a2, a0
core   0: 3 0x80009a2c (0x8e69) x12 0x00000100
core   0: 0x80009a2e (0x00000f85) c.addi  t6, 1
core   0: 3 0x80009a2e (0x0f85) x31 0x00000000
core   0: 0x80009a30 (0x75dda093) slti    ra, s11, 1885
core   0: 3 0x80009a30 (0x75dda093) x1  0x00000001
core   0: 0x80009a34 (0xffdf9ce3) bne     t6, t4, pc - 8
core   0: 3 0x80009a34 (0xffdf9ce3)
core   0: 0x80009a2c (0x00008e69) c.and   a2, a0
core   0: 3 0x80009a2c (0x8e69) x12 0x00000100
core   0: 0x80009a2e (0x00000f85) c.addi  t6, 1
core   0: 3 0x80009a2e (0x0f85) x31 0x00000001
core   0: 0x80009a30 (0x75dda093) slti    ra, s11, 1885
core   0: 3 0x80009a30 (0x75dda093) x1  0x00000001
core   0: 0x80009a34 (0xffdf9ce3) bne     t6, t4, pc - 8
core   0: 3 0x80009a34 (0xffdf9ce3)
core   0: 0x80009a2c (0x00008e69) c.and   a2, a0
core   0: 3 0x80009a2c (0x8e69) x12 0x00000100
core   0: 0x80009a2e (0x00000f85) c.addi  t6, 1
core   0: 3 0x80009a2e (0x0f85) x31 0x00000002
core   0: 0x80009a30 (0x75dda093) slti    ra, s11, 1885
core   0: 3 0x80009a30 (0x75dda093) x1  0x00000001
core   0: 0x80009a34 (0xffdf9ce3) bne     t6, t4, pc - 8
core   0: 3 0x80009a34 (0xffdf9ce3)
core   0: 0x80009a2c (0x00008e69) c.and   a2, a0
core   0: 3 0x80009a2c (0x8e69) x12 0x00000100
core   0: 0x80009a2e (0x00000f85) c.addi  t6, 1
core   0: 3 0x80009a2e (0x0f85) x31 0x00000003
core   0: 0x80009a30 (0x75dda093) slti    ra, s11, 1885
core   0: 3 0x80009a30 (0x75dda093) x1  0x00000001
core   0: 0x80009a34 (0xffdf9ce3) bne     t6, t4, pc - 8
core   0: 3 0x80009a34 (0xffdf9ce3)
core   0: 0x80009a2c (0x00008e69) c.and   a2, a0
core   0: 3 0x80009a2c (0x8e69) x12 0x00000100
core   0: 0x80009a2e (0x00000f85) c.addi  t6, 1
core   0: 3 0x80009a2e (0x0f85) x31 0x00000004
core   0: 0x80009a30 (0x75dda093) slti    ra, s11, 1885
core   0: 3 0x80009a30 (0x75dda093) x1  0x00000001
core   0: 0x80009a34 (0xffdf9ce3) bne     t6, t4, pc - 8
core   0: 3 0x80009a34 (0xffdf9ce3)
core   0: 0x80009a2c (0x00008e69) c.and   a2, a0
core   0: 3 0x80009a2c (0x8e69) x12 0x00000100
core   0: 0x80009a2e (0x00000f85) c.addi  t6, 1
core   0: 3 0x80009a2e (0x0f85) x31 0x00000005
core   0: 0x80009a30 (0x75dda093) slti    ra, s11, 1885
core   0: 3 0x80009a30 (0x75dda093) x1  0x00000001
core   0: 0x80009a34 (0xffdf9ce3) bne     t6, t4, pc - 8
core   0: 3 0x80009a34 (0xffdf9ce3)
core   0: 0x80009a2c (0x00008e69) c.and   a2, a0
core   0: 3 0x80009a2c (0x8e69) x12 0x00000100
core   0: 0x80009a2e (0x00000f85) c.addi  t6, 1
core   0: 3 0x80009a2e (0x0f85) x31 0x00000006
core   0: 0x80009a30 (0x75dda093) slti    ra, s11, 1885
core   0: 3 0x80009a30 (0x75dda093) x1  0x00000001
core   0: 0x80009a34 (0xffdf9ce3) bne     t6, t4, pc - 8
core   0: 3 0x80009a34 (0xffdf9ce3)
core   0: 0x80009a2c (0x00008e69) c.and   a2, a0
core   0: 3 0x80009a2c (0x8e69) x12 0x00000100
core   0: 0x80009a2e (0x00000f85) c.addi  t6, 1
core   0: 3 0x80009a2e (0x0f85) x31 0x00000007
core   0: 0x80009a30 (0x75dda093) slti    ra, s11, 1885
core   0: 3 0x80009a30 (0x75dda093) x1  0x00000001
core   0: 0x80009a34 (0xffdf9ce3) bne     t6, t4, pc - 8
core   0: 3 0x80009a34 (0xffdf9ce3)
core   0: 0x80009a2c (0x00008e69) c.and   a2, a0
core   0: 3 0x80009a2c (0x8e69) x12 0x00000100
core   0: 0x80009a2e (0x00000f85) c.addi  t6, 1
core   0: 3 0x80009a2e (0x0f85) x31 0x00000008
core   0: 0x80009a30 (0x75dda093) slti    ra, s11, 1885
core   0: 3 0x80009a30 (0x75dda093) x1  0x00000001
core   0: 0x80009a34 (0xffdf9ce3) bne     t6, t4, pc - 8
core   0: 3 0x80009a34 (0xffdf9ce3)
core   0: 0x80009a38 (0xc839b113) sltiu   sp, s3, -893
core   0: 3 0x80009a38 (0xc839b113) x2  0x00000001
core   0: 0x80009a3c (0x02d587b3) mul     a5, a1, a3
core   0: 3 0x80009a3c (0x02d587b3) x15 0x00000000
core   0: 0x80009a40 (0x40d7d993) srai    s3, a5, 13
core   0: 3 0x80009a40 (0x40d7d993) x19 0x00000000
core   0: 0x80009a44 (0x006837b3) sltu    a5, a6, t1
core   0: 3 0x80009a44 (0x006837b3) x15 0x00000001
core   0: 0x80009a48 (0x01855393) srli    t2, a0, 24
core   0: 3 0x80009a48 (0x01855393) x7  0x00000000
core   0: 0x80009a4c (0xfc5453e3) bge     s0, t0, pc - 58
core   0: 3 0x80009a4c (0xfc5453e3)
core   0: 0x80009a12 (0x00008cd1) c.or    s1, a2
core   0: 3 0x80009a12 (0x8cd1) x9  0xffffffb9
core   0: 0x80009a14 (0x00001475) c.addi  s0, -3
core   0: 3 0x80009a14 (0x1475) x8  0xfffffff4
core   0: 0x80009a16 (0x5da3cb13) xori    s6, t2, 1498
core   0: 3 0x80009a16 (0x5da3cb13) x22 0x000005da
core   0: 0x80009a1a (0x00979533) sll     a0, a5, s1
core   0: 3 0x80009a1a (0x00979533) x10 0x02000000
core   0: 0x80009a1e (0x00005fe1) c.li    t6, -8
core   0: 3 0x80009a1e (0x5fe1) x31 0xfffffff8
core   0: 0x80009a20 (0x00009496) c.add   s1, t0
core   0: 3 0x80009a20 (0x9496) x9  0xffffffaa
core   0: 0x80009a22 (0x00004ea1) c.li    t4, 8
core   0: 3 0x80009a22 (0x4ea1) x29 0x00000008
core   0: 0x80009a24 (0x0334f233) remu    tp, s1, s3
core   0: 3 0x80009a24 (0x0334f233) x4  0xffffffaa
core   0: 0x80009a28 (0xb3670613) addi    a2, a4, -1226
core   0: 3 0x80009a28 (0xb3670613) x12 0x00004b35
core   0: 0x80009a2c (0x00008e69) c.and   a2, a0
core   0: 3 0x80009a2c (0x8e69) x12 0x00000000
core   0: 0x80009a2e (0x00000f85) c.addi  t6, 1
core   0: 3 0x80009a2e (0x0f85) x31 0xfffffff9
core   0: 0x80009a30 (0x75dda093) slti    ra, s11, 1885
core   0: 3 0x80009a30 (0x75dda093) x1  0x00000001
core   0: 0x80009a34 (0xffdf9ce3) bne     t6, t4, pc - 8
core   0: 3 0x80009a34 (0xffdf9ce3)
core   0: 0x80009a2c (0x00008e69) c.and   a2, a0
core   0: 3 0x80009a2c (0x8e69) x12 0x00000000
core   0: 0x80009a2e (0x00000f85) c.addi  t6, 1
core   0: 3 0x80009a2e (0x0f85) x31 0xfffffffa
core   0: 0x80009a30 (0x75dda093) slti    ra, s11, 1885
core   0: 3 0x80009a30 (0x75dda093) x1  0x00000001
core   0: 0x80009a34 (0xffdf9ce3) bne     t6, t4, pc - 8
core   0: 3 0x80009a34 (0xffdf9ce3)
core   0: 0x80009a2c (0x00008e69) c.and   a2, a0
core   0: 3 0x80009a2c (0x8e69) x12 0x00000000
core   0: 0x80009a2e (0x00000f85) c.addi  t6, 1
core   0: 3 0x80009a2e (0x0f85) x31 0xfffffffb
core   0: 0x80009a30 (0x75dda093) slti    ra, s11, 1885
core   0: 3 0x80009a30 (0x75dda093) x1  0x00000001
core   0: 0x80009a34 (0xffdf9ce3) bne     t6, t4, pc - 8
core   0: 3 0x80009a34 (0xffdf9ce3)
core   0: 0x80009a2c (0x00008e69) c.and   a2, a0
core   0: 3 0x80009a2c (0x8e69) x12 0x00000000
core   0: 0x80009a2e (0x00000f85) c.addi  t6, 1
core   0: 3 0x80009a2e (0x0f85) x31 0xfffffffc
core   0: 0x80009a30 (0x75dda093) slti    ra, s11, 1885
core   0: 3 0x80009a30 (0x75dda093) x1  0x00000001
core   0: 0x80009a34 (0xffdf9ce3) bne     t6, t4, pc - 8
core   0: 3 0x80009a34 (0xffdf9ce3)
core   0: 0x80009a2c (0x00008e69) c.and   a2, a0
core   0: 3 0x80009a2c (0x8e69) x12 0x00000000
core   0: 0x80009a2e (0x00000f85) c.addi  t6, 1
core   0: 3 0x80009a2e (0x0f85) x31 0xfffffffd
core   0: 0x80009a30 (0x75dda093) slti    ra, s11, 1885
core   0: 3 0x80009a30 (0x75dda093) x1  0x00000001
core   0: 0x80009a34 (0xffdf9ce3) bne     t6, t4, pc - 8
core   0: 3 0x80009a34 (0xffdf9ce3)
core   0: 0x80009a2c (0x00008e69) c.and   a2, a0
core   0: 3 0x80009a2c (0x8e69) x12 0x00000000
core   0: 0x80009a2e (0x00000f85) c.addi  t6, 1
core   0: 3 0x80009a2e (0x0f85) x31 0xfffffffe
core   0: 0x80009a30 (0x75dda093) slti    ra, s11, 1885
core   0: 3 0x80009a30 (0x75dda093) x1  0x00000001
core   0: 0x80009a34 (0xffdf9ce3) bne     t6, t4, pc - 8
core   0: 3 0x80009a34 (0xffdf9ce3)
core   0: 0x80009a2c (0x00008e69) c.and   a2, a0
core   0: 3 0x80009a2c (0x8e69) x12 0x00000000
core   0: 0x80009a2e (0x00000f85) c.addi  t6, 1
core   0: 3 0x80009a2e (0x0f85) x31 0xffffffff
core   0: 0x80009a30 (0x75dda093) slti    ra, s11, 1885
core   0: 3 0x80009a30 (0x75dda093) x1  0x00000001
core   0: 0x80009a34 (0xffdf9ce3) bne     t6, t4, pc - 8
core   0: 3 0x80009a34 (0xffdf9ce3)
core   0: 0x80009a2c (0x00008e69) c.and   a2, a0
core   0: 3 0x80009a2c (0x8e69) x12 0x00000000
core   0: 0x80009a2e (0x00000f85) c.addi  t6, 1
core   0: 3 0x80009a2e (0x0f85) x31 0x00000000
core   0: 0x80009a30 (0x75dda093) slti    ra, s11, 1885
core   0: 3 0x80009a30 (0x75dda093) x1  0x00000001
core   0: 0x80009a34 (0xffdf9ce3) bne     t6, t4, pc - 8
core   0: 3 0x80009a34 (0xffdf9ce3)
core   0: 0x80009a2c (0x00008e69) c.and   a2, a0
core   0: 3 0x80009a2c (0x8e69) x12 0x00000000
core   0: 0x80009a2e (0x00000f85) c.addi  t6, 1
core   0: 3 0x80009a2e (0x0f85) x31 0x00000001
core   0: 0x80009a30 (0x75dda093) slti    ra, s11, 1885
core   0: 3 0x80009a30 (0x75dda093) x1  0x00000001
core   0: 0x80009a34 (0xffdf9ce3) bne     t6, t4, pc - 8
core   0: 3 0x80009a34 (0xffdf9ce3)
core   0: 0x80009a2c (0x00008e69) c.and   a2, a0
core   0: 3 0x80009a2c (0x8e69) x12 0x00000000
core   0: 0x80009a2e (0x00000f85) c.addi  t6, 1
core   0: 3 0x80009a2e (0x0f85) x31 0x00000002
core   0: 0x80009a30 (0x75dda093) slti    ra, s11, 1885
core   0: 3 0x80009a30 (0x75dda093) x1  0x00000001
core   0: 0x80009a34 (0xffdf9ce3) bne     t6, t4, pc - 8
core   0: 3 0x80009a34 (0xffdf9ce3)
core   0: 0x80009a2c (0x00008e69) c.and   a2, a0
core   0: 3 0x80009a2c (0x8e69) x12 0x00000000
core   0: 0x80009a2e (0x00000f85) c.addi  t6, 1
core   0: 3 0x80009a2e (0x0f85) x31 0x00000003
core   0: 0x80009a30 (0x75dda093) slti    ra, s11, 1885
core   0: 3 0x80009a30 (0x75dda093) x1  0x00000001
core   0: 0x80009a34 (0xffdf9ce3) bne     t6, t4, pc - 8
core   0: 3 0x80009a34 (0xffdf9ce3)
core   0: 0x80009a2c (0x00008e69) c.and   a2, a0
core   0: 3 0x80009a2c (0x8e69) x12 0x00000000
core   0: 0x80009a2e (0x00000f85) c.addi  t6, 1
core   0: 3 0x80009a2e (0x0f85) x31 0x00000004
core   0: 0x80009a30 (0x75dda093) slti    ra, s11, 1885
core   0: 3 0x80009a30 (0x75dda093) x1  0x00000001
core   0: 0x80009a34 (0xffdf9ce3) bne     t6, t4, pc - 8
core   0: 3 0x80009a34 (0xffdf9ce3)
core   0: 0x80009a2c (0x00008e69) c.and   a2, a0
core   0: 3 0x80009a2c (0x8e69) x12 0x00000000
core   0: 0x80009a2e (0x00000f85) c.addi  t6, 1
core   0: 3 0x80009a2e (0x0f85) x31 0x00000005
core   0: 0x80009a30 (0x75dda093) slti    ra, s11, 1885
core   0: 3 0x80009a30 (0x75dda093) x1  0x00000001
core   0: 0x80009a34 (0xffdf9ce3) bne     t6, t4, pc - 8
core   0: 3 0x80009a34 (0xffdf9ce3)
core   0: 0x80009a2c (0x00008e69) c.and   a2, a0
core   0: 3 0x80009a2c (0x8e69) x12 0x00000000
core   0: 0x80009a2e (0x00000f85) c.addi  t6, 1
core   0: 3 0x80009a2e (0x0f85) x31 0x00000006
core   0: 0x80009a30 (0x75dda093) slti    ra, s11, 1885
core   0: 3 0x80009a30 (0x75dda093) x1  0x00000001
core   0: 0x80009a34 (0xffdf9ce3) bne     t6, t4, pc - 8
core   0: 3 0x80009a34 (0xffdf9ce3)
core   0: 0x80009a2c (0x00008e69) c.and   a2, a0
core   0: 3 0x80009a2c (0x8e69) x12 0x00000000
core   0: 0x80009a2e (0x00000f85) c.addi  t6, 1
core   0: 3 0x80009a2e (0x0f85) x31 0x00000007
core   0: 0x80009a30 (0x75dda093) slti    ra, s11, 1885
core   0: 3 0x80009a30 (0x75dda093) x1  0x00000001
core   0: 0x80009a34 (0xffdf9ce3) bne     t6, t4, pc - 8
core   0: 3 0x80009a34 (0xffdf9ce3)
core   0: 0x80009a2c (0x00008e69) c.and   a2, a0
core   0: 3 0x80009a2c (0x8e69) x12 0x00000000
core   0: 0x80009a2e (0x00000f85) c.addi  t6, 1
core   0: 3 0x80009a2e (0x0f85) x31 0x00000008
core   0: 0x80009a30 (0x75dda093) slti    ra, s11, 1885
core   0: 3 0x80009a30 (0x75dda093) x1  0x00000001
core   0: 0x80009a34 (0xffdf9ce3) bne     t6, t4, pc - 8
core   0: 3 0x80009a34 (0xffdf9ce3)
core   0: 0x80009a38 (0xc839b113) sltiu   sp, s3, -893
core   0: 3 0x80009a38 (0xc839b113) x2  0x00000001
core   0: 0x80009a3c (0x02d587b3) mul     a5, a1, a3
core   0: 3 0x80009a3c (0x02d587b3) x15 0x00000000
core   0: 0x80009a40 (0x40d7d993) srai    s3, a5, 13
core   0: 3 0x80009a40 (0x40d7d993) x19 0x00000000
core   0: 0x80009a44 (0x006837b3) sltu    a5, a6, t1
core   0: 3 0x80009a44 (0x006837b3) x15 0x00000001
core   0: 0x80009a48 (0x01855393) srli    t2, a0, 24
core   0: 3 0x80009a48 (0x01855393) x7  0x00000002
core   0: 0x80009a4c (0xfc5453e3) bge     s0, t0, pc - 58
core   0: 3 0x80009a4c (0xfc5453e3)
core   0: 0x80009a12 (0x00008cd1) c.or    s1, a2
core   0: 3 0x80009a12 (0x8cd1) x9  0xffffffaa
core   0: 0x80009a14 (0x00001475) c.addi  s0, -3
core   0: 3 0x80009a14 (0x1475) x8  0xfffffff1
core   0: 0x80009a16 (0x5da3cb13) xori    s6, t2, 1498
core   0: 3 0x80009a16 (0x5da3cb13) x22 0x000005d8
core   0: 0x80009a1a (0x00979533) sll     a0, a5, s1
core   0: 3 0x80009a1a (0x00979533) x10 0x00000400
core   0: 0x80009a1e (0x00005fe1) c.li    t6, -8
core   0: 3 0x80009a1e (0x5fe1) x31 0xfffffff8
core   0: 0x80009a20 (0x00009496) c.add   s1, t0
core   0: 3 0x80009a20 (0x9496) x9  0xffffff9b
core   0: 0x80009a22 (0x00004ea1) c.li    t4, 8
core   0: 3 0x80009a22 (0x4ea1) x29 0x00000008
core   0: 0x80009a24 (0x0334f233) remu    tp, s1, s3
core   0: 3 0x80009a24 (0x0334f233) x4  0xffffff9b
core   0: 0x80009a28 (0xb3670613) addi    a2, a4, -1226
core   0: 3 0x80009a28 (0xb3670613) x12 0x00004b35
core   0: 0x80009a2c (0x00008e69) c.and   a2, a0
core   0: 3 0x80009a2c (0x8e69) x12 0x00000000
core   0: 0x80009a2e (0x00000f85) c.addi  t6, 1
core   0: 3 0x80009a2e (0x0f85) x31 0xfffffff9
core   0: 0x80009a30 (0x75dda093) slti    ra, s11, 1885
core   0: 3 0x80009a30 (0x75dda093) x1  0x00000001
core   0: 0x80009a34 (0xffdf9ce3) bne     t6, t4, pc - 8
core   0: 3 0x80009a34 (0xffdf9ce3)
core   0: 0x80009a2c (0x00008e69) c.and   a2, a0
core   0: 3 0x80009a2c (0x8e69) x12 0x00000000
core   0: 0x80009a2e (0x00000f85) c.addi  t6, 1
core   0: 3 0x80009a2e (0x0f85) x31 0xfffffffa
core   0: 0x80009a30 (0x75dda093) slti    ra, s11, 1885
core   0: 3 0x80009a30 (0x75dda093) x1  0x00000001
core   0: 0x80009a34 (0xffdf9ce3) bne     t6, t4, pc - 8
core   0: 3 0x80009a34 (0xffdf9ce3)
core   0: 0x80009a2c (0x00008e69) c.and   a2, a0
core   0: 3 0x80009a2c (0x8e69) x12 0x00000000
core   0: 0x80009a2e (0x00000f85) c.addi  t6, 1
core   0: 3 0x80009a2e (0x0f85) x31 0xfffffffb
core   0: 0x80009a30 (0x75dda093) slti    ra, s11, 1885
core   0: 3 0x80009a30 (0x75dda093) x1  0x00000001
core   0: 0x80009a34 (0xffdf9ce3) bne     t6, t4, pc - 8
core   0: 3 0x80009a34 (0xffdf9ce3)
core   0: 0x80009a2c (0x00008e69) c.and   a2, a0
core   0: 3 0x80009a2c (0x8e69) x12 0x00000000
core   0: 0x80009a2e (0x00000f85) c.addi  t6, 1
core   0: 3 0x80009a2e (0x0f85) x31 0xfffffffc
core   0: 0x80009a30 (0x75dda093) slti    ra, s11, 1885
core   0: 3 0x80009a30 (0x75dda093) x1  0x00000001
core   0: 0x80009a34 (0xffdf9ce3) bne     t6, t4, pc - 8
core   0: 3 0x80009a34 (0xffdf9ce3)
core   0: 0x80009a2c (0x00008e69) c.and   a2, a0
core   0: 3 0x80009a2c (0x8e69) x12 0x00000000
core   0: 0x80009a2e (0x00000f85) c.addi  t6, 1
core   0: 3 0x80009a2e (0x0f85) x31 0xfffffffd
core   0: 0x80009a30 (0x75dda093) slti    ra, s11, 1885
core   0: 3 0x80009a30 (0x75dda093) x1  0x00000001
core   0: 0x80009a34 (0xffdf9ce3) bne     t6, t4, pc - 8
core   0: 3 0x80009a34 (0xffdf9ce3)
core   0: 0x80009a2c (0x00008e69) c.and   a2, a0
core   0: 3 0x80009a2c (0x8e69) x12 0x00000000
core   0: 0x80009a2e (0x00000f85) c.addi  t6, 1
core   0: 3 0x80009a2e (0x0f85) x31 0xfffffffe
core   0: 0x80009a30 (0x75dda093) slti    ra, s11, 1885
core   0: 3 0x80009a30 (0x75dda093) x1  0x00000001
core   0: 0x80009a34 (0xffdf9ce3) bne     t6, t4, pc - 8
core   0: 3 0x80009a34 (0xffdf9ce3)
core   0: 0x80009a2c (0x00008e69) c.and   a2, a0
core   0: 3 0x80009a2c (0x8e69) x12 0x00000000
core   0: 0x80009a2e (0x00000f85) c.addi  t6, 1
core   0: 3 0x80009a2e (0x0f85) x31 0xffffffff
core   0: 0x80009a30 (0x75dda093) slti    ra, s11, 1885
core   0: 3 0x80009a30 (0x75dda093) x1  0x00000001
core   0: 0x80009a34 (0xffdf9ce3) bne     t6, t4, pc - 8
core   0: 3 0x80009a34 (0xffdf9ce3)
core   0: 0x80009a2c (0x00008e69) c.and   a2, a0
core   0: 3 0x80009a2c (0x8e69) x12 0x00000000
core   0: 0x80009a2e (0x00000f85) c.addi  t6, 1
core   0: 3 0x80009a2e (0x0f85) x31 0x00000000
core   0: 0x80009a30 (0x75dda093) slti    ra, s11, 1885
core   0: 3 0x80009a30 (0x75dda093) x1  0x00000001
core   0: 0x80009a34 (0xffdf9ce3) bne     t6, t4, pc - 8
core   0: 3 0x80009a34 (0xffdf9ce3)
core   0: 0x80009a2c (0x00008e69) c.and   a2, a0
core   0: 3 0x80009a2c (0x8e69) x12 0x00000000
core   0: 0x80009a2e (0x00000f85) c.addi  t6, 1
core   0: 3 0x80009a2e (0x0f85) x31 0x00000001
core   0: 0x80009a30 (0x75dda093) slti    ra, s11, 1885
core   0: 3 0x80009a30 (0x75dda093) x1  0x00000001
core   0: 0x80009a34 (0xffdf9ce3) bne     t6, t4, pc - 8
core   0: 3 0x80009a34 (0xffdf9ce3)
core   0: 0x80009a2c (0x00008e69) c.and   a2, a0
core   0: 3 0x80009a2c (0x8e69) x12 0x00000000
core   0: 0x80009a2e (0x00000f85) c.addi  t6, 1
core   0: 3 0x80009a2e (0x0f85) x31 0x00000002
core   0: 0x80009a30 (0x75dda093) slti    ra, s11, 1885
core   0: 3 0x80009a30 (0x75dda093) x1  0x00000001
core   0: 0x80009a34 (0xffdf9ce3) bne     t6, t4, pc - 8
core   0: 3 0x80009a34 (0xffdf9ce3)
core   0: 0x80009a2c (0x00008e69) c.and   a2, a0
core   0: 3 0x80009a2c (0x8e69) x12 0x00000000
core   0: 0x80009a2e (0x00000f85) c.addi  t6, 1
core   0: 3 0x80009a2e (0x0f85) x31 0x00000003
core   0: 0x80009a30 (0x75dda093) slti    ra, s11, 1885
core   0: 3 0x80009a30 (0x75dda093) x1  0x00000001
core   0: 0x80009a34 (0xffdf9ce3) bne     t6, t4, pc - 8
core   0: 3 0x80009a34 (0xffdf9ce3)
core   0: 0x80009a2c (0x00008e69) c.and   a2, a0
core   0: 3 0x80009a2c (0x8e69) x12 0x00000000
core   0: 0x80009a2e (0x00000f85) c.addi  t6, 1
core   0: 3 0x80009a2e (0x0f85) x31 0x00000004
core   0: 0x80009a30 (0x75dda093) slti    ra, s11, 1885
core   0: 3 0x80009a30 (0x75dda093) x1  0x00000001
core   0: 0x80009a34 (0xffdf9ce3) bne     t6, t4, pc - 8
core   0: 3 0x80009a34 (0xffdf9ce3)
core   0: 0x80009a2c (0x00008e69) c.and   a2, a0
core   0: 3 0x80009a2c (0x8e69) x12 0x00000000
core   0: 0x80009a2e (0x00000f85) c.addi  t6, 1
core   0: 3 0x80009a2e (0x0f85) x31 0x00000005
core   0: 0x80009a30 (0x75dda093) slti    ra, s11, 1885
core   0: 3 0x80009a30 (0x75dda093) x1  0x00000001
core   0: 0x80009a34 (0xffdf9ce3) bne     t6, t4, pc - 8
core   0: 3 0x80009a34 (0xffdf9ce3)
core   0: 0x80009a2c (0x00008e69) c.and   a2, a0
core   0: 3 0x80009a2c (0x8e69) x12 0x00000000
core   0: 0x80009a2e (0x00000f85) c.addi  t6, 1
core   0: 3 0x80009a2e (0x0f85) x31 0x00000006
core   0: 0x80009a30 (0x75dda093) slti    ra, s11, 1885
core   0: 3 0x80009a30 (0x75dda093) x1  0x00000001
core   0: 0x80009a34 (0xffdf9ce3) bne     t6, t4, pc - 8
core   0: 3 0x80009a34 (0xffdf9ce3)
core   0: 0x80009a2c (0x00008e69) c.and   a2, a0
core   0: 3 0x80009a2c (0x8e69) x12 0x00000000
core   0: 0x80009a2e (0x00000f85) c.addi  t6, 1
core   0: 3 0x80009a2e (0x0f85) x31 0x00000007
core   0: 0x80009a30 (0x75dda093) slti    ra, s11, 1885
core   0: 3 0x80009a30 (0x75dda093) x1  0x00000001
core   0: 0x80009a34 (0xffdf9ce3) bne     t6, t4, pc - 8
core   0: 3 0x80009a34 (0xffdf9ce3)
core   0: 0x80009a2c (0x00008e69) c.and   a2, a0
core   0: 3 0x80009a2c (0x8e69) x12 0x00000000
core   0: 0x80009a2e (0x00000f85) c.addi  t6, 1
core   0: 3 0x80009a2e (0x0f85) x31 0x00000008
core   0: 0x80009a30 (0x75dda093) slti    ra, s11, 1885
core   0: 3 0x80009a30 (0x75dda093) x1  0x00000001
core   0: 0x80009a34 (0xffdf9ce3) bne     t6, t4, pc - 8
core   0: 3 0x80009a34 (0xffdf9ce3)
core   0: 0x80009a38 (0xc839b113) sltiu   sp, s3, -893
core   0: 3 0x80009a38 (0xc839b113) x2  0x00000001
core   0: 0x80009a3c (0x02d587b3) mul     a5, a1, a3
core   0: 3 0x80009a3c (0x02d587b3) x15 0x00000000
core   0: 0x80009a40 (0x40d7d993) srai    s3, a5, 13
core   0: 3 0x80009a40 (0x40d7d993) x19 0x00000000
core   0: 0x80009a44 (0x006837b3) sltu    a5, a6, t1
core   0: 3 0x80009a44 (0x006837b3) x15 0x00000001
core   0: 0x80009a48 (0x01855393) srli    t2, a0, 24
core   0: 3 0x80009a48 (0x01855393) x7  0x00000000
core   0: 0x80009a4c (0xfc5453e3) bge     s0, t0, pc - 58
core   0: 3 0x80009a4c (0xfc5453e3)
core   0: 0x80009a12 (0x00008cd1) c.or    s1, a2
core   0: 3 0x80009a12 (0x8cd1) x9  0xffffff9b
core   0: 0x80009a14 (0x00001475) c.addi  s0, -3
core   0: 3 0x80009a14 (0x1475) x8  0xffffffee
core   0: 0x80009a16 (0x5da3cb13) xori    s6, t2, 1498
core   0: 3 0x80009a16 (0x5da3cb13) x22 0x000005da
core   0: 0x80009a1a (0x00979533) sll     a0, a5, s1
core   0: 3 0x80009a1a (0x00979533) x10 0x08000000
core   0: 0x80009a1e (0x00005fe1) c.li    t6, -8
core   0: 3 0x80009a1e (0x5fe1) x31 0xfffffff8
core   0: 0x80009a20 (0x00009496) c.add   s1, t0
core   0: 3 0x80009a20 (0x9496) x9  0xffffff8c
core   0: 0x80009a22 (0x00004ea1) c.li    t4, 8
core   0: 3 0x80009a22 (0x4ea1) x29 0x00000008
core   0: 0x80009a24 (0x0334f233) remu    tp, s1, s3
core   0: 3 0x80009a24 (0x0334f233) x4  0xffffff8c
core   0: 0x80009a28 (0xb3670613) addi    a2, a4, -1226
core   0: 3 0x80009a28 (0xb3670613) x12 0x00004b35
core   0: 0x80009a2c (0x00008e69) c.and   a2, a0
core   0: 3 0x80009a2c (0x8e69) x12 0x00000000
core   0: 0x80009a2e (0x00000f85) c.addi  t6, 1
core   0: 3 0x80009a2e (0x0f85) x31 0xfffffff9
core   0: 0x80009a30 (0x75dda093) slti    ra, s11, 1885
core   0: 3 0x80009a30 (0x75dda093) x1  0x00000001
core   0: 0x80009a34 (0xffdf9ce3) bne     t6, t4, pc - 8
core   0: 3 0x80009a34 (0xffdf9ce3)
core   0: 0x80009a2c (0x00008e69) c.and   a2, a0
core   0: 3 0x80009a2c (0x8e69) x12 0x00000000
core   0: 0x80009a2e (0x00000f85) c.addi  t6, 1
core   0: 3 0x80009a2e (0x0f85) x31 0xfffffffa
core   0: 0x80009a30 (0x75dda093) slti    ra, s11, 1885
core   0: 3 0x80009a30 (0x75dda093) x1  0x00000001
core   0: 0x80009a34 (0xffdf9ce3) bne     t6, t4, pc - 8
core   0: 3 0x80009a34 (0xffdf9ce3)
core   0: 0x80009a2c (0x00008e69) c.and   a2, a0
core   0: 3 0x80009a2c (0x8e69) x12 0x00000000
core   0: 0x80009a2e (0x00000f85) c.addi  t6, 1
core   0: 3 0x80009a2e (0x0f85) x31 0xfffffffb
core   0: 0x80009a30 (0x75dda093) slti    ra, s11, 1885
core   0: 3 0x80009a30 (0x75dda093) x1  0x00000001
core   0: 0x80009a34 (0xffdf9ce3) bne     t6, t4, pc - 8
core   0: 3 0x80009a34 (0xffdf9ce3)
core   0: 0x80009a2c (0x00008e69) c.and   a2, a0
core   0: 3 0x80009a2c (0x8e69) x12 0x00000000
core   0: 0x80009a2e (0x00000f85) c.addi  t6, 1
core   0: 3 0x80009a2e (0x0f85) x31 0xfffffffc
core   0: 0x80009a30 (0x75dda093) slti    ra, s11, 1885
core   0: 3 0x80009a30 (0x75dda093) x1  0x00000001
core   0: 0x80009a34 (0xffdf9ce3) bne     t6, t4, pc - 8
core   0: 3 0x80009a34 (0xffdf9ce3)
core   0: 0x80009a2c (0x00008e69) c.and   a2, a0
core   0: 3 0x80009a2c (0x8e69) x12 0x00000000
core   0: 0x80009a2e (0x00000f85) c.addi  t6, 1
core   0: 3 0x80009a2e (0x0f85) x31 0xfffffffd
core   0: 0x80009a30 (0x75dda093) slti    ra, s11, 1885
core   0: 3 0x80009a30 (0x75dda093) x1  0x00000001
core   0: 0x80009a34 (0xffdf9ce3) bne     t6, t4, pc - 8
core   0: 3 0x80009a34 (0xffdf9ce3)
core   0: 0x80009a2c (0x00008e69) c.and   a2, a0
core   0: 3 0x80009a2c (0x8e69) x12 0x00000000
core   0: 0x80009a2e (0x00000f85) c.addi  t6, 1
core   0: 3 0x80009a2e (0x0f85) x31 0xfffffffe
core   0: 0x80009a30 (0x75dda093) slti    ra, s11, 1885
core   0: 3 0x80009a30 (0x75dda093) x1  0x00000001
core   0: 0x80009a34 (0xffdf9ce3) bne     t6, t4, pc - 8
core   0: 3 0x80009a34 (0xffdf9ce3)
core   0: 0x80009a2c (0x00008e69) c.and   a2, a0
core   0: 3 0x80009a2c (0x8e69) x12 0x00000000
core   0: 0x80009a2e (0x00000f85) c.addi  t6, 1
core   0: 3 0x80009a2e (0x0f85) x31 0xffffffff
core   0: 0x80009a30 (0x75dda093) slti    ra, s11, 1885
core   0: 3 0x80009a30 (0x75dda093) x1  0x00000001
core   0: 0x80009a34 (0xffdf9ce3) bne     t6, t4, pc - 8
core   0: 3 0x80009a34 (0xffdf9ce3)
core   0: 0x80009a2c (0x00008e69) c.and   a2, a0
core   0: 3 0x80009a2c (0x8e69) x12 0x00000000
core   0: 0x80009a2e (0x00000f85) c.addi  t6, 1
core   0: 3 0x80009a2e (0x0f85) x31 0x00000000
core   0: 0x80009a30 (0x75dda093) slti    ra, s11, 1885
core   0: 3 0x80009a30 (0x75dda093) x1  0x00000001
core   0: 0x80009a34 (0xffdf9ce3) bne     t6, t4, pc - 8
core   0: 3 0x80009a34 (0xffdf9ce3)
core   0: 0x80009a2c (0x00008e69) c.and   a2, a0
core   0: 3 0x80009a2c (0x8e69) x12 0x00000000
core   0: 0x80009a2e (0x00000f85) c.addi  t6, 1
core   0: 3 0x80009a2e (0x0f85) x31 0x00000001
core   0: 0x80009a30 (0x75dda093) slti    ra, s11, 1885
core   0: 3 0x80009a30 (0x75dda093) x1  0x00000001
core   0: 0x80009a34 (0xffdf9ce3) bne     t6, t4, pc - 8
core   0: 3 0x80009a34 (0xffdf9ce3)
core   0: 0x80009a2c (0x00008e69) c.and   a2, a0
core   0: 3 0x80009a2c (0x8e69) x12 0x00000000
core   0: 0x80009a2e (0x00000f85) c.addi  t6, 1
core   0: 3 0x80009a2e (0x0f85) x31 0x00000002
core   0: 0x80009a30 (0x75dda093) slti    ra, s11, 1885
core   0: 3 0x80009a30 (0x75dda093) x1  0x00000001
core   0: 0x80009a34 (0xffdf9ce3) bne     t6, t4, pc - 8
core   0: 3 0x80009a34 (0xffdf9ce3)
core   0: 0x80009a2c (0x00008e69) c.and   a2, a0
core   0: 3 0x80009a2c (0x8e69) x12 0x00000000
core   0: 0x80009a2e (0x00000f85) c.addi  t6, 1
core   0: 3 0x80009a2e (0x0f85) x31 0x00000003
core   0: 0x80009a30 (0x75dda093) slti    ra, s11, 1885
core   0: 3 0x80009a30 (0x75dda093) x1  0x00000001
core   0: 0x80009a34 (0xffdf9ce3) bne     t6, t4, pc - 8
core   0: 3 0x80009a34 (0xffdf9ce3)
core   0: 0x80009a2c (0x00008e69) c.and   a2, a0
core   0: 3 0x80009a2c (0x8e69) x12 0x00000000
core   0: 0x80009a2e (0x00000f85) c.addi  t6, 1
core   0: 3 0x80009a2e (0x0f85) x31 0x00000004
core   0: 0x80009a30 (0x75dda093) slti    ra, s11, 1885
core   0: 3 0x80009a30 (0x75dda093) x1  0x00000001
core   0: 0x80009a34 (0xffdf9ce3) bne     t6, t4, pc - 8
core   0: 3 0x80009a34 (0xffdf9ce3)
core   0: 0x80009a2c (0x00008e69) c.and   a2, a0
core   0: 3 0x80009a2c (0x8e69) x12 0x00000000
core   0: 0x80009a2e (0x00000f85) c.addi  t6, 1
core   0: 3 0x80009a2e (0x0f85) x31 0x00000005
core   0: 0x80009a30 (0x75dda093) slti    ra, s11, 1885
core   0: 3 0x80009a30 (0x75dda093) x1  0x00000001
core   0: 0x80009a34 (0xffdf9ce3) bne     t6, t4, pc - 8
core   0: 3 0x80009a34 (0xffdf9ce3)
core   0: 0x80009a2c (0x00008e69) c.and   a2, a0
core   0: 3 0x80009a2c (0x8e69) x12 0x00000000
core   0: 0x80009a2e (0x00000f85) c.addi  t6, 1
core   0: 3 0x80009a2e (0x0f85) x31 0x00000006
core   0: 0x80009a30 (0x75dda093) slti    ra, s11, 1885
core   0: 3 0x80009a30 (0x75dda093) x1  0x00000001
core   0: 0x80009a34 (0xffdf9ce3) bne     t6, t4, pc - 8
core   0: 3 0x80009a34 (0xffdf9ce3)
core   0: 0x80009a2c (0x00008e69) c.and   a2, a0
core   0: 3 0x80009a2c (0x8e69) x12 0x00000000
core   0: 0x80009a2e (0x00000f85) c.addi  t6, 1
core   0: 3 0x80009a2e (0x0f85) x31 0x00000007
core   0: 0x80009a30 (0x75dda093) slti    ra, s11, 1885
core   0: 3 0x80009a30 (0x75dda093) x1  0x00000001
core   0: 0x80009a34 (0xffdf9ce3) bne     t6, t4, pc - 8
core   0: 3 0x80009a34 (0xffdf9ce3)
core   0: 0x80009a2c (0x00008e69) c.and   a2, a0
core   0: 3 0x80009a2c (0x8e69) x12 0x00000000
core   0: 0x80009a2e (0x00000f85) c.addi  t6, 1
core   0: 3 0x80009a2e (0x0f85) x31 0x00000008
core   0: 0x80009a30 (0x75dda093) slti    ra, s11, 1885
core   0: 3 0x80009a30 (0x75dda093) x1  0x00000001
core   0: 0x80009a34 (0xffdf9ce3) bne     t6, t4, pc - 8
core   0: 3 0x80009a34 (0xffdf9ce3)
core   0: 0x80009a38 (0xc839b113) sltiu   sp, s3, -893
core   0: 3 0x80009a38 (0xc839b113) x2  0x00000001
core   0: 0x80009a3c (0x02d587b3) mul     a5, a1, a3
core   0: 3 0x80009a3c (0x02d587b3) x15 0x00000000
core   0: 0x80009a40 (0x40d7d993) srai    s3, a5, 13
core   0: 3 0x80009a40 (0x40d7d993) x19 0x00000000
core   0: 0x80009a44 (0x006837b3) sltu    a5, a6, t1
core   0: 3 0x80009a44 (0x006837b3) x15 0x00000001
core   0: 0x80009a48 (0x01855393) srli    t2, a0, 24
core   0: 3 0x80009a48 (0x01855393) x7  0x00000008
core   0: 0x80009a4c (0xfc5453e3) bge     s0, t0, pc - 58
core   0: 3 0x80009a4c (0xfc5453e3)
core   0: 0x80009a50 (0x039f66b3) rem     a3, t5, s9
core   0: 3 0x80009a50 (0x039f66b3) x13 0x000007cc
core   0: 0x80009a54 (0x000061c1) c.lui   gp, 0x10
core   0: 3 0x80009a54 (0x61c1) x3  0x00010000
core   0: 0x80009a56 (0x03508d33) mul     s10, ra, s5
core   0: 3 0x80009a56 (0x03508d33) x26 0xffffff63
core   0: 0x80009a5a (0x0debe613) ori     a2, s7, 222
core   0: 3 0x80009a5a (0x0debe613) x12 0x80025ede
core   0: 0x80009a5e (0x00008279) c.srli  a2, 30
core   0: 3 0x80009a5e (0x8279) x12 0x00000002
core   0: 0x80009a60 (0x00000001) c.nop
core   0: 3 0x80009a60 (0x0001)
core   0: 0x80009a62 (0x0000090c) c.addi4spn a1, sp, 144
core   0: 3 0x80009a62 (0x090c) x11 0x00000091
core   0: 0x80009a64 (0x00a1bcb3) sltu    s9, gp, a0
core   0: 3 0x80009a64 (0x00a1bcb3) x25 0x00000001
core   0: 0x80009a68 (0x00006f59) c.lui   t5, 0x16
core   0: 3 0x80009a68 (0x6f59) x30 0x00016000
core   0: 0x80009a6a (0x00f60233) add     tp, a2, a5
core   0: 3 0x80009a6a (0x00f60233) x4  0x00000003
core   0: 0x80009a6e (0x02d9ec33) rem     s8, s3, a3
core   0: 3 0x80009a6e (0x02d9ec33) x24 0x00000000
core   0: 0x80009a72 (0x039e96b3) mulh    a3, t4, s9
core   0: 3 0x80009a72 (0x039e96b3) x13 0x00000000
core   0: 0x80009a76 (0x02f02033) mulhsu  zero, zero, a5
core   0: 3 0x80009a76 (0x02f02033)
core   0: 0x80009a7a (0x000006d2) c.slli  a3, 20
core   0: 3 0x80009a7a (0x06d2) x13 0x00000000
core   0: 0x80009a7c (0xa4e56013) ori     zero, a0, -1458
core   0: 3 0x80009a7c (0xa4e56013)
core   0: 0x80009a80 (0x02d88733) mul     a4, a7, a3
core   0: 3 0x80009a80 (0x02d88733) x14 0x00000000
core   0: 0x80009a84 (0x50e2cd93) xori    s11, t0, 1294
core   0: 3 0x80009a84 (0x50e2cd93) x27 0xfffffaff
core   0: 0x80009a88 (0x0ddb7cb7) lui     s9, 0xddb7
core   0: 3 0x80009a88 (0x0ddb7cb7) x25 0x0ddb7000
core   0: 0x80009a8c (0xdb7db593) sltiu   a1, s11, -585
core   0: 3 0x80009a8c (0xdb7db593) x11 0x00000001
core   0: 0x80009a90 (0x00000001) c.nop
core   0: 3 0x80009a90 (0x0001)
core   0: 0x80009a92 (0x00550a63) beq     a0, t0, pc + 20
core   0: 3 0x80009a92 (0x00550a63)
core   0: 0x80009a96 (0x00000de6) c.slli  s11, 25
core   0: 3 0x80009a96 (0x0de6) x27 0xfe000000
core   0: 0x80009a98 (0x0000030c) c.addi4spn a1, sp, 384
core   0: 3 0x80009a98 (0x030c) x11 0x00000181
core   0: 0x80009a9a (0x02827c63) bgeu    tp, s0, pc + 56
core   0: 3 0x80009a9a (0x02827c63)
core   0: 0x80009a9e (0x00919fb3) sll     t6, gp, s1
core   0: 3 0x80009a9e (0x00919fb3) x31 0x10000000
core   0: 0x80009aa2 (0x0313a4b3) mulhsu  s1, t2, a7
core   0: 3 0x80009aa2 (0x0313a4b3) x9  0x00000004
core   0: 0x80009aa6 (0x0000e209) c.bnez  a2, pc + 2
core   0: 3 0x80009aa6 (0xe209)
core   0: 0x80009aa8 (0x1b6d2e97) auipc   t4, 0x1b6d2
core   0: 3 0x80009aa8 (0x1b6d2e97) x29 0x9b6dbaa8
core   0: 0x80009aac (0x02d4efb3) rem     t6, s1, a3
core   0: 3 0x80009aac (0x02d4efb3) x31 0x00000004
core   0: 0x80009ab0 (0x90abf613) andi    a2, s7, -1782
core   0: 3 0x80009ab0 (0x90abf613) x12 0x80025808
core   0: 0x80009ab4 (0x0317e763) bltu    a5, a7, pc + 46
core   0: 3 0x80009ab4 (0x0317e763)
core   0: 0x80009ae2 (0x01cb6c33) or      s8, s6, t3
core   0: 3 0x80009ae2 (0x01cb6c33) x24 0xffffffff
core   0: 0x80009ae6 (0x01f05ab3) srl     s5, zero, t6
core   0: 3 0x80009ae6 (0x01f05ab3) x21 0x00000000
core   0: 0x80009aea (0xea312813) slti    a6, sp, -349
core   0: 3 0x80009aea (0xea312813) x16 0x00000000
core   0: 0x80009aee (0x024f7233) remu    tp, t5, tp
core   0: 3 0x80009aee (0x024f7233) x4  0x00000001
core   0: 0x80009af2 (0x00008fb1) c.xor   a5, a2
core   0: 3 0x80009af2 (0x8fb1) x15 0x80025809
core   0: 0x80009af4 (0x023feb63) bltu    t6, gp, pc + 54
core   0: 3 0x80009af4 (0x023feb63)
core   0: 0x80009b2a (0x00b31ab3) sll     s5, t1, a1
core   0: 3 0x80009b2a (0x00b31ab3) x21 0x00022000
core   0: 0x80009b2e (0x0ff50013) addi    zero, a0, 255
core   0: 3 0x80009b2e (0x0ff50013)
core   0: 0x80009b32 (0x00539733) sll     a4, t2, t0
core   0: 3 0x80009b32 (0x00539733) x14 0x00100000
core   0: 0x80009b36 (0xff91b013) sltiu   zero, gp, -7
core   0: 3 0x80009b36 (0xff91b013)
core   0: 0x80009b3a (0x1e4b7b13) andi    s6, s6, 484
core   0: 3 0x80009b3a (0x1e4b7b13) x22 0x000001c0
core   0: 0x80009b3e (0x02a29b63) bne     t0, a0, pc + 54
core   0: 3 0x80009b3e (0x02a29b63)
core   0: 0x80009b74 (0x01719213) slli    tp, gp, 23
core   0: 3 0x80009b74 (0x01719213) x4  0x00000000
core   0: 0x80009b78 (0x013ad093) srli    ra, s5, 19
core   0: 3 0x80009b78 (0x013ad093) x1  0x00000000
core   0: 0x80009b7c (0x416d8733) sub     a4, s11, s6
core   0: 3 0x80009b7c (0x416d8733) x14 0xfdfffe40
core   0: 0x80009b80 (0x018a9693) slli    a3, s5, 24
core   0: 3 0x80009b80 (0x018a9693) x13 0x00000000
core   0: 0x80009b84 (0x00006179) c.addi16sp sp, 464
core   0: 3 0x80009b84 (0x6179) x2  0x000001d1
core   0: 0x80009b86 (0x00009b4a) c.add   s6, s2
core   0: 3 0x80009b86 (0x9b4a) x22 0x8c90abe9
core   0: 0x80009b88 (0x000086c5) c.srai  a3, 17
core   0: 3 0x80009b88 (0x86c5) x13 0x00000000
core   0: 0x80009b8a (0xc7ac3d37) lui     s10, 0xc7ac3
core   0: 3 0x80009b8a (0xc7ac3d37) x26 0xc7ac3000
core   0: 0x80009b8e (0x00267133) and     sp, a2, sp
core   0: 3 0x80009b8e (0x00267133) x2  0x00000000
core   0: 0x80009b92 (0x0292c333) div     t1, t0, s1
core   0: 3 0x80009b92 (0x0292c333) x6  0xfffffffd
core   0: 0x80009b96 (0x006ea433) slt     s0, t4, t1
core   0: 3 0x80009b96 (0x006ea433) x8  0x00000001
core   0: 0x80009b9a (0x0122d733) srl     a4, t0, s2
core   0: 3 0x80009b9a (0x0122d733) x14 0x007fffff
core   0: 0x80009b9e (0x031b35b3) mulhu   a1, s6, a7
core   0: 3 0x80009b9e (0x031b35b3) x11 0x4649c53b
core   0: 0x80009ba2 (0x00008e55) c.or    a2, a3
core   0: 3 0x80009ba2 (0x8e55) x12 0x80025808
core   0: 0x80009ba4 (0x00008d05) c.sub   a0, s1
core   0: 3 0x80009ba4 (0x8d05) x10 0x07fffffc
core   0: 0x80009ba6 (0x02731d33) mulh    s10, t1, t2
core   0: 3 0x80009ba6 (0x02731d33) x26 0xffffffff
core   0: 0x80009baa (0x00008149) c.srli  a0, 18
core   0: 3 0x80009baa (0x8149) x10 0x000001ff
core   0: 0x80009bac (0x016ec263) blt     t4, s6, pc + 4
core   0: 3 0x80009bac (0x016ec263)
core   0: 0x80009bb0 (0x000042d5) c.li    t0, 21
core   0: 3 0x80009bb0 (0x42d5) x5  0x00000015
core   0: 0x80009bb2 (0x01fad113) srli    sp, s5, 31
core   0: 3 0x80009bb2 (0x01fad113) x2  0x00000000
core   0: 0x80009bb6 (0x00008709) c.srai  a4, 2
core   0: 3 0x80009bb6 (0x8709) x14 0x001fffff
core   0: 0x80009bb8 (0x00190e63) beq     s2, ra, pc + 28
core   0: 3 0x80009bb8 (0x00190e63)
core   0: 0x80009bbc (0x01daf733) and     a4, s5, t4
core   0: 3 0x80009bbc (0x01daf733) x14 0x00002000
core   0: 0x80009bc0 (0x811cc2b7) lui     t0, 0x811cc
core   0: 3 0x80009bc0 (0x811cc2b7) x5  0x811cc000
core   0: 0x80009bc4 (0x40b40b33) sub     s6, s0, a1
core   0: 3 0x80009bc4 (0x40b40b33) x22 0xb9b63ac6
core   0: 0x80009bc8 (0x03ee7863) bgeu    t3, t5, pc + 48
core   0: 3 0x80009bc8 (0x03ee7863)
core   0: 0x80009bf8 (0x0000ea15) c.bnez  a2, pc + 52
core   0: 3 0x80009bf8 (0xea15)
core   0: 0x80009c2c (0x05ebe163) bltu    s7, t5, pc + 66
core   0: 3 0x80009c2c (0x05ebe163)
core   0: 0x80009c30 (0x6ab1d737) lui     a4, 0x6ab1d
core   0: 3 0x80009c30 (0x6ab1d737) x14 0x6ab1d000
core   0: 0x80009c34 (0x02e107b3) mul     a5, sp, a4
core   0: 3 0x80009c34 (0x02e107b3) x15 0x00000000
core   0: 0x80009c38 (0x00000a88) c.addi4spn a0, sp, 336
core   0: 3 0x80009c38 (0x0a88) x10 0x00000150
core   0: 0x80009c3a (0xe25f0113) addi    sp, t5, -475
core   0: 3 0x80009c3a (0xe25f0113) x2  0x00015e25
core   0: 0x80009c3e (0x002665b3) or      a1, a2, sp
core   0: 3 0x80009c3e (0x002665b3) x11 0x80035e2d
core   0: 0x80009c42 (0x01f4ee63) bltu    s1, t6, pc + 28
core   0: 3 0x80009c42 (0x01f4ee63)
core   0: 0x80009c46 (0x000000f2) c.slli  ra, 28
core   0: 3 0x80009c46 (0x00f2) x1  0x00000000
core   0: 0x80009c48 (0x00001784) c.addi4spn s1, sp, 992
core   0: 3 0x80009c48 (0x1784) x9  0x00016205
core   0: 0x80009c4a (0x60610d93) addi    s11, sp, 1542
core   0: 3 0x80009c4a (0x60610d93) x27 0x0001642b
core   0: 0x80009c4e (0xfcc9fb13) andi    s6, s3, -52
core   0: 3 0x80009c4e (0xfcc9fb13) x22 0x00000000
core   0: 0x80009c52 (0x00008ef9) c.and   a3, a4
core   0: 3 0x80009c52 (0x8ef9) x13 0x00000000
core   0: 0x80009c54 (0x00008cb5) c.xor   s1, a3
core   0: 3 0x80009c54 (0x8cb5) x9  0x00016205
core   0: 0x80009c56 (0xcfed8113) addi    sp, s11, -770
core   0: 3 0x80009c56 (0xcfed8113) x2  0x00016129
core   0: 0x80009c5a (0x0108b1b3) sltu    gp, a7, a6
core   0: 3 0x80009c5a (0x0108b1b3) x3  0x00000000
core   0: 0x80009c5e (0x00008c75) c.and   s0, a3
core   0: 3 0x80009c5e (0x8c75) x8  0x00000000
core   0: 0x80009c60 (0x02397f33) remu    t5, s2, gp
core   0: 3 0x80009c60 (0x02397f33) x30 0x8c90aa29
core   0: 0x80009c64 (0x00d69313) slli    t1, a3, 13
core   0: 3 0x80009c64 (0x00d69313) x6  0x00000000
core   0: 0x80009c68 (0x0032f033) and     zero, t0, gp
core   0: 3 0x80009c68 (0x0032f033)
core   0: 0x80009c6c (0x00000001) c.nop
core   0: 3 0x80009c6c (0x0001)
core   0: 0x80009c6e (0x017ad0b3) srl     ra, s5, s7
core   0: 3 0x80009c6e (0x017ad0b3) x1  0x00000000
core   0: 0x80009c72 (0x0397c633) div     a2, a5, s9
core   0: 3 0x80009c72 (0x0397c633) x12 0x00000000
core   0: 0x80009c76 (0x0000517d) c.li    sp, -1
core   0: 3 0x80009c76 (0x517d) x2  0xffffffff
core   0: 0x80009c78 (0x03b0c4b3) div     s1, ra, s11
core   0: 3 0x80009c78 (0x03b0c4b3) x9  0x00000000
core   0: 0x80009c7c (0x000065a1) c.lui   a1, 0x8
core   0: 3 0x80009c7c (0x65a1) x11 0x00008000
core   0: 0x80009c7e (0x02943e33) mulhu   t3, s0, s1
core   0: 3 0x80009c7e (0x02943e33) x28 0x00000000
core   0: 0x80009c82 (0x00006317) auipc   t1, 0x6
core   0: 3 0x80009c82 (0x00006317) x6  0x8000fc82
core   0: 0x80009c86 (0x5b030313) addi    t1, t1, 1456
core   0: 3 0x80009c86 (0x5b030313) x6  0x80010232
core   0: 0x80009c8a (0x00000001) c.nop
core   0: 3 0x80009c8a (0x0001)
core   0: 0x80009c8c (0x00d34103) lbu     sp, 13(t1)
core   0: 3 0x80009c8c (0x00d34103) x2  0x00000000 mem 0x8001023f
core   0: 0x80009c90 (0x00d34b03) lbu     s6, 13(t1)
core   0: 3 0x80009c90 (0x00d34b03) x22 0x00000000 mem 0x8001023f
core   0: 0x80009c94 (0x032d8cb3) mul     s9, s11, s2
core   0: 3 0x80009c94 (0x032d8cb3) x25 0xc8ed98e3
core   0: 0x80009c98 (0xff534783) lbu     a5, -11(t1)
core   0: 3 0x80009c98 (0xff534783) x15 0x00000000 mem 0x80010227
core   0: 0x80009c9c (0x01718033) add     zero, gp, s7
core   0: 3 0x80009c9c (0x01718033)
core   0: 0x80009ca0 (0x0247fd33) remu    s10, a5, tp
core   0: 3 0x80009ca0 (0x0247fd33) x26 0x00000000
core   0: 0x80009ca4 (0xffa34383) lbu     t2, -6(t1)
core   0: 3 0x80009ca4 (0xffa34383) x7  0x00000000 mem 0x8001022c
core   0: 0x80009ca8 (0x00a30203) lb      tp, 10(t1)
core   0: 3 0x80009ca8 (0x00a30203) x4  0x00000000 mem 0x8001023c
core   0: 0x80009cac (0xff632583) lw      a1, -10(t1)
core   0: 3 0x80009cac (0xff632583) x11 0x00000000 mem 0x80010228
core   0: 0x80009cb0 (0x00008d7d) c.and   a0, a5
core   0: 3 0x80009cb0 (0x8d7d) x10 0x00000000
core   0: 0x80009cb2 (0x01034003) lbu     zero, 16(t1)
core   0: 3 0x80009cb2 (0x01034003) mem 0x80010242
core   0: 0x80009cb6 (0x00000001) c.nop
core   0: 3 0x80009cb6 (0x0001)
core   0: 0x80009cb8 (0x014bc2b3) xor     t0, s7, s4
core   0: 3 0x80009cb8 (0x014bc2b3) x5  0x80025e1d
core   0: 0x80009cbc (0xfef32b23) sw      a5, -10(t1)
core   0: 3 0x80009cbc (0xfef32b23) mem 0x80010228 0x00000000
core   0: 0x80009cc0 (0x00930d83) lb      s11, 9(t1)
core   0: 3 0x80009cc0 (0x00930d83) x27 0x00000000 mem 0x8001023b
core   0: 0x80009cc4 (0x40bf8133) sub     sp, t6, a1
core   0: 3 0x80009cc4 (0x40bf8133) x2  0x00000004
core   0: 0x80009cc8 (0x007305a3) sb      t2, 11(t1)
core   0: 3 0x80009cc8 (0x007305a3) mem 0x8001023d 0x00
core   0: 0x80009ccc (0x3a084413) xori    s0, a6, 928
core   0: 3 0x80009ccc (0x3a084413) x8  0x000003a0
core   0: 0x80009cd0 (0x014305a3) sb      s4, 11(t1)
core   0: 3 0x80009cd0 (0x014305a3) mem 0x8001023d 0x01
core   0: 0x80009cd4 (0x00000001) c.nop
core   0: 3 0x80009cd4 (0x0001)
core   0: 0x80009cd6 (0x009302a3) sb      s1, 5(t1)
core   0: 3 0x80009cd6 (0x009302a3) mem 0x80010237 0x00
core   0: 0x80009cda (0xfff30d83) lb      s11, -1(t1)
core   0: 3 0x80009cda (0xfff30d83) x27 0x00000000 mem 0x80010231
core   0: 0x80009cde (0x00008d4d) c.or    a0, a1
core   0: 3 0x80009cde (0x8d4d) x10 0x00000000
core   0: 0x80009ce0 (0xffb30003) lb      zero, -5(t1)
core   0: 3 0x80009ce0 (0xffb30003) mem 0x8001022d
core   0: 0x80009ce4 (0x007300a3) sb      t2, 1(t1)
core   0: 3 0x80009ce4 (0x007300a3) mem 0x80010233 0x00
core   0: 0x80009ce8 (0x40cb0033) sub     zero, s6, a2
core   0: 3 0x80009ce8 (0x40cb0033)
core   0: 0x80009cec (0x01f76033) or      zero, a4, t6
core   0: 3 0x80009cec (0x01f76033)
core   0: 0x80009cf0 (0x01181413) slli    s0, a6, 17
core   0: 3 0x80009cf0 (0x01181413) x8  0x00000000
core   0: 0x80009cf4 (0x0342d033) divu    zero, t0, s4
core   0: 3 0x80009cf4 (0x0342d033)
core   0: 0x80009cf8 (0x752ea837) lui     a6, 0x752ea
core   0: 3 0x80009cf8 (0x752ea837) x16 0x752ea000
core   0: 0x80009cfc (0x037925b3) mulhsu  a1, s2, s7
core   0: 3 0x80009cfc (0x037925b3) x11 0xc64743c6
core   0: 0x80009d00 (0x00e30d03) lb      s10, 14(t1)
core   0: 3 0x80009d00 (0x00e30d03) x26 0x00000000 mem 0x80010240
core   0: 0x80009d04 (0x015303a3) sb      s5, 7(t1)
core   0: 3 0x80009d04 (0x015303a3) mem 0x80010239 0x00
core   0: 0x80009d08 (0x00021a13) slli    s4, tp, 0
core   0: 3 0x80009d08 (0x00021a13) x20 0x00000000
core   0: 0x80009d0c (0x00d34b03) lbu     s6, 13(t1)
core   0: 3 0x80009d0c (0x00d34b03) x22 0x00000000 mem 0x8001023f
core   0: 0x80009d10 (0x03b849b3) div     s3, a6, s11
core   0: 3 0x80009d10 (0x03b849b3) x19 0xffffffff
core   0: 0x80009d14 (0x00008465) c.srai  s0, 25
core   0: 3 0x80009d14 (0x8465) x8  0x00000000
core   0: 0x80009d16 (0x00008dbd) c.xor   a1, a5
core   0: 3 0x80009d16 (0x8dbd) x11 0xc64743c6
core   0: 0x80009d18 (0x00d1c963) blt     gp, a3, pc + 18
core   0: 3 0x80009d18 (0x00d1c963)
core   0: 0x80009d1c (0x03c0adb3) mulhsu  s11, ra, t3
core   0: 3 0x80009d1c (0x03c0adb3) x27 0x00000000
core   0: 0x80009d20 (0x00b79493) slli    s1, a5, 11
core   0: 3 0x80009d20 (0x00b79493) x9  0x00000000
core   0: 0x80009d24 (0x01cd8ab3) add     s5, s11, t3
core   0: 3 0x80009d24 (0x01cd8ab3) x21 0x00000000
core   0: 0x80009d28 (0x000082d6) c.mv    t0, s5
core   0: 3 0x80009d28 (0x82d6) x5  0x00000000
core   0: 0x80009d2a (0x001c9263) bne     s9, ra, pc + 4
core   0: 3 0x80009d2a (0x001c9263)
core   0: 0x80009d2e (0x4130dd33) sra     s10, ra, s3
core   0: 3 0x80009d2e (0x4130dd33) x26 0x00000000
core   0: 0x80009d32 (0x00000e1d) c.addi  t3, 7
core   0: 3 0x80009d32 (0x0e1d) x28 0x00000007
core   0: 0x80009d34 (0x00a576b3) and     a3, a0, a0
core   0: 3 0x80009d34 (0x00a576b3) x13 0x00000000
core   0: 0x80009d38 (0x00008f81) c.sub   a5, s0
core   0: 3 0x80009d38 (0x8f81) x15 0x00000000
core   0: 0x80009d3a (0x0084a833) slt     a6, s1, s0
core   0: 3 0x80009d3a (0x0084a833) x16 0x00000000
core   0: 0x80009d3e (0x00a0fd33) and     s10, ra, a0
core   0: 3 0x80009d3e (0x00a0fd33) x26 0x00000000
core   0: 0x80009d42 (0x02c4de63) bge     s1, a2, pc + 60
core   0: 3 0x80009d42 (0x02c4de63)
core   0: 0x80009d7e (0x03979063) bne     a5, s9, pc + 32
core   0: 3 0x80009d7e (0x03979063)
core   0: 0x80009d9e (0x00008e81) c.sub   a3, s0
core   0: 3 0x80009d9e (0x8e81) x13 0x00000000
core   0: 0x80009da0 (0x00a4b433) sltu    s0, s1, a0
core   0: 3 0x80009da0 (0x00a4b433) x8  0x00000000
core   0: 0x80009da4 (0x0113c833) xor     a6, t2, a7
core   0: 3 0x80009da4 (0x0113c833) x16 0x80029ce4
core   0: 0x80009da8 (0x027afc33) remu    s8, s5, t2
core   0: 3 0x80009da8 (0x027afc33) x24 0x00000000
core   0: 0x80009dac (0x40a3d793) srai    a5, t2, 10
core   0: 3 0x80009dac (0x40a3d793) x15 0x00000000
core   0: 0x80009db0 (0x03226b33) rem     s6, tp, s2
core   0: 3 0x80009db0 (0x03226b33) x22 0x00000000
core   0: 0x80009db4 (0x000095be) c.add   a1, a5
core   0: 3 0x80009db4 (0x95be) x11 0xc64743c6
core   0: 0x80009db6 (0x541eb537) lui     a0, 0x541eb
core   0: 3 0x80009db6 (0x541eb537) x10 0x541eb000
core   0: 0x80009dba (0x034501b3) mul     gp, a0, s4
core   0: 3 0x80009dba (0x034501b3) x3  0x00000000
core   0: 0x80009dbe (0x1e128eb7) lui     t4, 0x1e128
core   0: 3 0x80009dbe (0x1e128eb7) x29 0x1e128000
core   0: 0x80009dc2 (0x00000c39) c.addi  s8, 14
core   0: 3 0x80009dc2 (0x0c39) x24 0x0000000e
core   0: 0x80009dc4 (0x012e8733) add     a4, t4, s2
core   0: 3 0x80009dc4 (0x012e8733) x14 0xaaa32a29
core   0: 0x80009dc8 (0x41f10d33) sub     s10, sp, t6
core   0: 3 0x80009dc8 (0x41f10d33) x26 0x00000000
core   0: 0x80009dcc (0x000089da) c.mv    s3, s6
core   0: 3 0x80009dcc (0x89da) x19 0x00000000
core   0: 0x80009dce (0xb15a8993) addi    s3, s5, -1259
core   0: 3 0x80009dce (0xb15a8993) x19 0xfffffb15
core   0: 0x80009dd2 (0x4237ee13) ori     t3, a5, 1059
core   0: 3 0x80009dd2 (0x4237ee13) x28 0x00000423
core   0: 0x80009dd6 (0x4116d0b3) sra     ra, a3, a7
core   0: 3 0x80009dd6 (0x4116d0b3) x1  0x00000000
core   0: 0x80009dda (0x0000717d) c.addi16sp sp, -16
core   0: 3 0x80009dda (0x717d) x2  0xfffffff4
core   0: 0x80009ddc (0x03bd5e63) bge     s10, s11, pc + 60
core   0: 3 0x80009ddc (0x03bd5e63)
core   0: 0x80009e18 (0x000099aa) c.add   s3, a0
core   0: 3 0x80009e18 (0x99aa) x19 0x541eab15
core   0: 0x80009e1a (0x00001f7d) c.addi  t5, -1
core   0: 3 0x80009e1a (0x1f7d) x30 0x8c90aa28
core   0: 0x80009e1c (0x0000818d) c.srli  a1, 3
core   0: 3 0x80009e1c (0x818d) x11 0x18c8e878
core   0: 0x80009e1e (0x03437fb3) remu    t6, t1, s4
core   0: 3 0x80009e1e (0x03437fb3) x31 0x80010232
core   0: 0x80009e22 (0xa4dfe813) ori     a6, t6, -1459
core   0: 3 0x80009e22 (0xa4dfe813) x16 0xfffffa7f
core   0: 0x80009e26 (0x02dd9663) bne     s11, a3, pc + 44
core   0: 3 0x80009e26 (0x02dd9663)
core   0: 0x80009e2a (0xd9c1fd13) andi    s10, gp, -612
core   0: 3 0x80009e2a (0xd9c1fd13) x26 0x00000000
core   0: 0x80009e2e (0x00000001) c.nop
core   0: 3 0x80009e2e (0x0001)
core   0: 0x80009e30 (0x41500433) sub     s0, zero, s5
core   0: 3 0x80009e30 (0x41500433) x8  0x00000000
core   0: 0x80009e34 (0x00426a63) bltu    tp, tp, pc + 20
core   0: 3 0x80009e34 (0x00426a63)
core   0: 0x80009e38 (0x3d878693) addi    a3, a5, 984
core   0: 3 0x80009e38 (0x3d878693) x13 0x000003d8
core   0: 0x80009e3c (0x014a20b3) slt     ra, s4, s4
core   0: 3 0x80009e3c (0x014a20b3) x1  0x00000000
core   0: 0x80009e40 (0x0000875a) c.mv    a4, s6
core   0: 3 0x80009e40 (0x875a) x14 0x00000000
core   0: 0x80009e42 (0x000096b2) c.add   a3, a2
core   0: 3 0x80009e42 (0x96b2) x13 0x000003d8
core   0: 0x80009e44 (0x0000587d) c.li    a6, -1
core   0: 3 0x80009e44 (0x587d) x16 0xffffffff
core   0: 0x80009e46 (0x00008522) c.mv    a0, s0
core   0: 3 0x80009e46 (0x8522) x10 0x00000000
core   0: 0x80009e48 (0x023086b3) mul     a3, ra, gp
core   0: 3 0x80009e48 (0x023086b3) x13 0x00000000
core   0: 0x80009e4c (0x00da12b3) sll     t0, s4, a3
core   0: 3 0x80009e4c (0x00da12b3) x5  0x00000000
core   0: 0x80009e50 (0x0000c305) c.beqz  a4, pc + 32
core   0: 3 0x80009e50 (0xc305)
core   0: 0x80009e70 (0x765a0337) lui     t1, 0x765a0
core   0: 3 0x80009e70 (0x765a0337) x6  0x765a0000
core   0: 0x80009e74 (0x03653cb3) mulhu   s9, a0, s6
core   0: 3 0x80009e74 (0x03653cb3) x25 0x00000000
core   0: 0x80009e78 (0x0000611d) c.addi16sp sp, 416
core   0: 3 0x80009e78 (0x611d) x2  0x00000194
core   0: 0x80009e7a (0x0000e805) c.bnez  s0, pc + 48
core   0: 3 0x80009e7a (0xe805)
core   0: 0x80009e7c (0x033c0cb3) mul     s9, s8, s3
core   0: 3 0x80009e7c (0x033c0cb3) x25 0x99ad5b26
core   0: 0x80009e80 (0x00001e8c) c.addi4spn a1, sp, 880
core   0: 3 0x80009e80 (0x1e8c) x11 0x00000504
core   0: 0x80009e82 (0x763ab0b7) lui     ra, 0x763ab
core   0: 3 0x80009e82 (0x763ab0b7) x1  0x763ab000
core   0: 0x80009e86 (0x02d3f063) bgeu    t2, a3, pc + 32
core   0: 3 0x80009e86 (0x02d3f063)
core   0: 0x80009ea6 (0x69263f93) sltiu   t6, a2, 1682
core   0: 3 0x80009ea6 (0x69263f93) x31 0x00000001
core   0: 0x80009eaa (0x41acde93) srai    t4, s9, 26
core   0: 3 0x80009eaa (0x41acde93) x29 0xffffffe6
core   0: 0x80009eae (0x3291cb37) lui     s6, 0x3291c
core   0: 3 0x80009eae (0x3291cb37) x22 0x3291c000
core   0: 0x80009eb2 (0xc1f45397) auipc   t2, 0xc1f45
core   0: 3 0x80009eb2 (0xc1f45397) x7  0x41f4eeb2
core   0: 0x80009eb6 (0x002549b3) xor     s3, a0, sp
core   0: 3 0x80009eb6 (0x002549b3) x19 0x00000194
core   0: 0x80009eba (0x035117b3) mulh    a5, sp, s5
core   0: 3 0x80009eba (0x035117b3) x15 0x00000000
core   0: 0x80009ebe (0x0340d7b3) divu    a5, ra, s4
core   0: 3 0x80009ebe (0x0340d7b3) x15 0xffffffff
core   0: 0x80009ec2 (0x4af0d617) auipc   a2, 0x4af0d
core   0: 3 0x80009ec2 (0x4af0d617) x12 0xcaf16ec2
core   0: 0x80009ec6 (0x005d44b3) xor     s1, s10, t0
core   0: 3 0x80009ec6 (0x005d44b3) x9  0x00000000
core   0: 0x80009eca (0x02b11563) bne     sp, a1, pc + 42
core   0: 3 0x80009eca (0x02b11563)
core   0: 0x80009ef4 (0x00000ada) c.slli  s5, 22
core   0: 3 0x80009ef4 (0x0ada) x21 0x00000000
core   0: 0x80009ef6 (0x51bf4713) xori    a4, t5, 1307
core   0: 3 0x80009ef6 (0x51bf4713) x14 0x8c90af33
core   0: 0x80009efa (0x00000001) c.nop
core   0: 3 0x80009efa (0x0001)
core   0: 0x80009efc (0x00dc5b63) bge     s8, a3, pc + 22
core   0: 3 0x80009efc (0x00dc5b63)
core   0: 0x80009f12 (0x01f5af33) slt     t5, a1, t6
core   0: 3 0x80009f12 (0x01f5af33) x30 0x00000000
core   0: 0x80009f16 (0x004ba703) lw      a4, 4(s7)
core   0: 3 0x80009f16 (0x004ba703) x14 0x8000a634 mem 0x80025e20
core   0: 0x80009f1a (0x028b8b93) addi    s7, s7, 40
core   0: 3 0x80009f1a (0x028b8b93) x23 0x80025e44
core   0: 0x80009f1e (0x000063f1) c.lui   t2, 0x1c
core   0: 3 0x80009f1e (0x63f1) x7  0x0001c000
core   0: 0x80009f20 (0x01877cb3) and     s9, a4, s8
core   0: 3 0x80009f20 (0x01877cb3) x25 0x00000004
core   0: 0x80009f24 (0xafbfcd97) auipc   s11, 0xafbfc
core   0: 3 0x80009f24 (0xafbfcd97) x27 0x2fc05f24
core   0: 0x80009f28 (0x00000705) c.addi  a4, 1
core   0: 3 0x80009f28 (0x0705) x14 0x8000a635
core   0: 0x80009f2a (0x00009702) c.jalr  a4
core   0: 3 0x80009f2a (0x9702) x1  0x80009f2c
core   0: 0x8000a634 (0x000089e2) c.mv    s3, s8
core   0: 3 0x8000a634 (0x89e2) x19 0x0000000e
core   0: 0x8000a636 (0x00009a7d) c.andi  a2, -1
core   0: 3 0x8000a636 (0x9a7d) x12 0xcaf16ec2
core   0: 0x8000a638 (0x405085b3) sub     a1, ra, t0
core   0: 3 0x8000a638 (0x405085b3) x11 0x80009f2c
core   0: 0x8000a63c (0x403c89b3) sub     s3, s9, gp
core   0: 3 0x8000a63c (0x403c89b3) x19 0x00000004
core   0: 0x8000a640 (0x0151be33) sltu    t3, gp, s5
core   0: 3 0x8000a640 (0x0151be33) x28 0x00000000
core   0: 0x8000a644 (0x00000f9c) c.addi4spn a5, sp, 976
core   0: 3 0x8000a644 (0x0f9c) x15 0x00000564
core   0: 0x8000a646 (0x00008cf9) c.and   s1, a4
core   0: 3 0x8000a646 (0x8cf9) x9  0x00000000
core   0: 0x8000a648 (0x00008505) c.srai  a0, 1
core   0: 3 0x8000a648 (0x8505) x10 0x00000000
core   0: 0x8000a64a (0x9e915ab7) lui     s5, 0x9e915
core   0: 3 0x8000a64a (0x9e915ab7) x21 0x9e915000
core   0: 0x8000a64e (0x7c22bf37) lui     t5, 0x7c22b
core   0: 3 0x8000a64e (0x7c22bf37) x30 0x7c22b000
core   0: 0x8000a652 (0xaf0f6793) ori     a5, t5, -1296
core   0: 3 0x8000a652 (0xaf0f6793) x15 0xfffffaf0
core   0: 0x8000a656 (0x01684db3) xor     s11, a6, s6
core   0: 3 0x8000a656 (0x01684db3) x27 0xcd6e3fff
core   0: 0x8000a65a (0x004ba703) lw      a4, 4(s7)
core   0: 3 0x8000a65a (0x004ba703) x14 0x8000321a mem 0x80025e48
core   0: 0x8000a65e (0x020b8b93) addi    s7, s7, 32
core   0: 3 0x8000a65e (0x020b8b93) x23 0x80025e64
core   0: 0x8000a662 (0x02273c33) mulhu   s8, a4, sp
core   0: 3 0x8000a662 (0x02273c33) x24 0x000000ca
core   0: 0x8000a666 (0x03c0de33) divu    t3, ra, t3
core   0: 3 0x8000a666 (0x03c0de33) x28 0xffffffff
core   0: 0x8000a66a (0x00170a13) addi    s4, a4, 1
core   0: 3 0x8000a66a (0x00170a13) x20 0x8000321b
core   0: 0x8000a66e (0x00008a02) c.jr    s4
core   0: 3 0x8000a66e (0x8a02)
core   0: 0x8000321a (0x40070633) sub     a2, a4, zero
core   0: 3 0x8000321a (0x40070633) x12 0x8000321a
core   0: 0x8000321e (0x41dfd693) srai    a3, t6, 29
core   0: 3 0x8000321e (0x41dfd693) x13 0x00000000
core   0: 0x80003222 (0x01c745b3) xor     a1, a4, t3
core   0: 3 0x80003222 (0x01c745b3) x11 0x7fffcde5
core   0: 0x80003226 (0x406d00b3) sub     ra, s10, t1
core   0: 3 0x80003226 (0x406d00b3) x1  0x89a60000
core   0: 0x8000322a (0x0000637d) c.lui   t1, 0x1f
core   0: 3 0x8000322a (0x637d) x6  0x0001f000
core   0: 0x8000322c (0x44884193) xori    gp, a6, 1096
core   0: 3 0x8000322c (0x44884193) x3  0xfffffbb7
core   0: 0x80003230 (0x006f1cb3) sll     s9, t5, t1
core   0: 3 0x80003230 (0x006f1cb3) x25 0x7c22b000
core   0: 0x80003234 (0x023573b3) remu    t2, a0, gp
core   0: 3 0x80003234 (0x023573b3) x7  0x00000000
core   0: 0x80003238 (0x02e122b3) mulhsu  t0, sp, a4
core   0: 3 0x80003238 (0x02e122b3) x5  0x000000ca
core   0: 0x8000323c (0x00be1f93) slli    t6, t3, 11
core   0: 3 0x8000323c (0x00be1f93) x31 0xfffff800
core   0: 0x80003240 (0x01a90d63) beq     s2, s10, pc + 26
core   0: 3 0x80003240 (0x01a90d63)
core   0: 0x80003244 (0x00008dd1) c.or    a1, a2
core   0: 3 0x80003244 (0x8dd1) x11 0xffffffff
core   0: 0x80003246 (0x00137433) and     s0, t1, ra
core   0: 3 0x80003246 (0x00137433) x8  0x00000000
core   0: 0x8000324a (0x00191ab3) sll     s5, s2, ra
core   0: 3 0x8000324a (0x00191ab3) x21 0x8c90aa29
core   0: 0x8000324e (0x85d7f413) andi    s0, a5, -1955
core   0: 3 0x8000324e (0x85d7f413) x8  0xfffff850
core   0: 0x80003252 (0x0000177d) c.addi  a4, -1
core   0: 3 0x80003252 (0x177d) x14 0x80003219
core   0: 0x80003254 (0x00008c95) c.sub   s1, a3
core   0: 3 0x80003254 (0x8c95) x9  0x00000000
core   0: 0x80003256 (0x02e4cf63) blt     s1, a4, pc + 62
core   0: 3 0x80003256 (0x02e4cf63)
core   0: 0x8000325a (0x41905393) srai    t2, zero, 25
core   0: 3 0x8000325a (0x41905393) x7  0x00000000
core   0: 0x8000325e (0xb3600493) li      s1, -1226
core   0: 3 0x8000325e (0xb3600493) x9  0xfffffb36
core   0: 0x80003262 (0x00009456) c.add   s0, s5
core   0: 3 0x80003262 (0x9456) x8  0x8c90a279
core   0: 0x80003264 (0x41048833) sub     a6, s1, a6
core   0: 3 0x80003264 (0x41048833) x16 0xfffffb37
core   0: 0x80003268 (0x004cd213) srli    tp, s9, 4
core   0: 3 0x80003268 (0x004cd213) x4  0x07c22b00
core   0: 0x8000326c (0x09f13113) sltiu   sp, sp, 159
core   0: 3 0x8000326c (0x09f13113) x2  0x00000000
core   0: 0x80003270 (0x02af9963) bne     t6, a0, pc + 50
core   0: 3 0x80003270 (0x02af9963)
core   0: 0x800032a2 (0x03930b33) mul     s6, t1, s9
core   0: 3 0x800032a2 (0x03930b33) x22 0x35000000
core   0: 0x800032a6 (0x0129e3b3) or      t2, s3, s2
core   0: 3 0x800032a6 (0x0129e3b3) x7  0x8c90aa2d
core   0: 0x800032aa (0x00000001) c.nop
core   0: 3 0x800032aa (0x0001)
core   0: 0x800032ac (0x41db0a33) sub     s4, s6, t4
core   0: 3 0x800032ac (0x41db0a33) x20 0x3500001a
core   0: 0x800032b0 (0x0000cb81) c.beqz  a5, pc + 16
core   0: 3 0x800032b0 (0xcb81)
core   0: 0x800032b2 (0x00001c04) c.addi4spn s1, sp, 560
core   0: 3 0x800032b2 (0x1c04) x9  0x00000230
core   0: 0x800032b4 (0x012e45b3) xor     a1, t3, s2
core   0: 3 0x800032b4 (0x012e45b3) x11 0x736f55d6
core   0: 0x800032b8 (0x41248c33) sub     s8, s1, s2
core   0: 3 0x800032b8 (0x41248c33) x24 0x736f5807
core   0: 0x800032bc (0x41bddd93) srai    s11, s11, 27
core   0: 3 0x800032bc (0x41bddd93) x27 0xfffffff9
core   0: 0x800032c0 (0x00008cad) c.xor   s1, a1
core   0: 3 0x800032c0 (0x8cad) x9  0x736f57e6
core   0: 0x800032c2 (0x00006dd9) c.lui   s11, 0x16
core   0: 3 0x800032c2 (0x6dd9) x27 0x00016000
core   0: 0x800032c4 (0x01e922b3) slt     t0, s2, t5
core   0: 3 0x800032c4 (0x01e922b3) x5  0x00000001
core   0: 0x800032c8 (0x00009fde) c.add   t6, s7
core   0: 3 0x800032c8 (0x9fde) x31 0x80025664
core   0: 0x800032ca (0x119aa093) slti    ra, s5, 281
core   0: 3 0x800032ca (0x119aa093) x1  0x00000001
core   0: 0x800032ce (0x0000802d) c.srli  s0, 11
core   0: 3 0x800032ce (0x802d) x8  0x00119214
core   0: 0x800032d0 (0x00008c4d) c.or    s0, a1
core   0: 3 0x800032d0 (0x8c4d) x8  0x737fd7d6
core   0: 0x800032d2 (0x60728f13) addi    t5, t0, 1543
core   0: 3 0x800032d2 (0x60728f13) x30 0x00000608
core   0: 0x800032d6 (0x03f5c133) div     sp, a1, t6
core   0: 3 0x800032d6 (0x03f5c133) x2  0x00000000
core   0: 0x800032da (0x0150bdb3) sltu    s11, ra, s5
core   0: 3 0x800032da (0x0150bdb3) x27 0x00000001
core   0: 0x800032de (0x723dc017) auipc   zero, 0x723dc
core   0: 3 0x800032de (0x723dc017)
core   0: 0x800032e2 (0x00c31f33) sll     t5, t1, a2
core   0: 3 0x800032e2 (0x00c31f33) x30 0x00000000
core   0: 0x800032e6 (0x0091a333) slt     t1, gp, s1
core   0: 3 0x800032e6 (0x0091a333) x6  0x00000001
core   0: 0x800032ea (0x02730db3) mul     s11, t1, t2
core   0: 3 0x800032ea (0x02730db3) x27 0x8c90aa2d
core   0: 0x800032ee (0x1f7f0413) addi    s0, t5, 503
core   0: 3 0x800032ee (0x1f7f0413) x8  0x000001f7
core   0: 0x800032f2 (0x4163da13) srai    s4, t2, 22
core   0: 3 0x800032f2 (0x4163da13) x20 0xfffffe32
core   0: 0x800032f6 (0x01d48d63) beq     s1, t4, pc + 26
core   0: 3 0x800032f6 (0x01d48d63)
core   0: 0x800032fa (0x04fe7063) bgeu    t3, a5, pc + 64
core   0: 3 0x800032fa (0x04fe7063)
core   0: 0x8000333a (0x0000ee95) c.bnez  a3, pc + 60
core   0: 3 0x8000333a (0xee95)
core   0: 0x8000333c (0xca262c13) slti    s8, a2, -862
core   0: 3 0x8000333c (0xca262c13) x24 0x00000001
core   0: 0x80003340 (0x00fc9d63) bne     s9, a5, pc + 26
core   0: 3 0x80003340 (0x00fc9d63)
core   0: 0x8000335a (0x00906f33) or      t5, zero, s1
core   0: 3 0x8000335a (0x00906f33) x30 0x736f57e6
core   0: 0x8000335e (0x01cab133) sltu    sp, s5, t3
core   0: 3 0x8000335e (0x01cab133) x2  0x00000001
core   0: 0x80003362 (0x0000811a) c.mv    sp, t1
core   0: 3 0x80003362 (0x811a) x2  0x00000001
core   0: 0x80003364 (0x00000001) c.nop
core   0: 3 0x80003364 (0x0001)
core   0: 0x80003366 (0x00adeab3) or      s5, s11, a0
core   0: 3 0x80003366 (0x00adeab3) x21 0x8c90aa2d
core   0: 0x8000336a (0x00008fad) c.xor   a5, a1
core   0: 3 0x8000336a (0x8fad) x15 0x8c90af26
core   0: 0x8000336c (0x02e0d1b3) divu    gp, ra, a4
core   0: 3 0x8000336c (0x02e0d1b3) x3  0x00000000
core   0: 0x80003370 (0x00000a14) c.addi4spn a3, sp, 272
core   0: 3 0x80003370 (0x0a14) x13 0x00000111
core   0: 0x80003372 (0x0000ed19) c.bnez  a0, pc + 30
core   0: 3 0x80003372 (0xed19)
core   0: 0x80003374 (0x000084c9) c.srai  s1, 18
core   0: 3 0x80003374 (0x84c9) x9  0x00001cdb
core   0: 0x80003376 (0x03c27363) bgeu    tp, t3, pc + 38
core   0: 3 0x80003376 (0x03c27363)
core   0: 0x8000337a (0x03bb5a63) bge     s6, s11, pc + 52
core   0: 3 0x8000337a (0x03bb5a63)
core   0: 0x800033ae (0x00409563) bne     ra, tp, pc + 10
core   0: 3 0x800033ae (0x00409563)
core   0: 0x800033b8 (0x001e9093) slli    ra, t4, 1
core   0: 3 0x800033b8 (0x001e9093) x1  0xffffffcc
core   0: 0x800033bc (0x00008bf5) c.andi  a5, 29
core   0: 3 0x800033bc (0x8bf5) x15 0x00000004
core   0: 0x800033be (0x01901663) bne     zero, s9, pc + 12
core   0: 3 0x800033be (0x01901663)
core   0: 0x800033ca (0x01aaa733) slt     a4, s5, s10
core   0: 3 0x800033ca (0x01aaa733) x14 0x00000001
core   0: 0x800033ce (0x00008c85) c.sub   s1, s1
core   0: 3 0x800033ce (0x8c85) x9  0x00000000
core   0: 0x800033d0 (0x03311ab3) mulh    s5, sp, s3
core   0: 3 0x800033d0 (0x03311ab3) x21 0x00000000
core   0: 0x800033d4 (0x03ba7ab3) remu    s5, s4, s11
core   0: 3 0x800033d4 (0x03ba7ab3) x21 0x736f5405
core   0: 0x800033d8 (0x00d27733) and     a4, tp, a3
core   0: 3 0x800033d8 (0x00d27733) x14 0x00000100
core   0: 0x800033dc (0x00008dfd) c.and   a1, a5
core   0: 3 0x800033dc (0x8dfd) x11 0x00000004
core   0: 0x800033de (0x00529463) bne     t0, t0, pc + 8
core   0: 3 0x800033de (0x00529463)
core   0: 0x800033e2 (0x01b57833) and     a6, a0, s11
core   0: 3 0x800033e2 (0x01b57833) x16 0x00000000
core   0: 0x800033e6 (0x00005f7d) c.li    t5, -1
core   0: 3 0x800033e6 (0x5f7d) x30 0xffffffff
core   0: 0x800033e8 (0x01619563) bne     gp, s6, pc + 10
core   0: 3 0x800033e8 (0x01619563)
core   0: 0x800033f2 (0x000080ad) c.srli  s1, 11
core   0: 3 0x800033f2 (0x80ad) x9  0x00000000
core   0: 0x800033f4 (0x000002e6) c.slli  t0, 25
core   0: 3 0x800033f4 (0x02e6) x5  0x02000000
core   0: 0x800033f6 (0x0000e215) c.bnez  a2, pc + 36
core   0: 3 0x800033f6 (0xe215)
core   0: 0x8000341a (0x0000472d) c.li    a4, 11
core   0: 3 0x8000341a (0x472d) x14 0x0000000b
core   0: 0x8000341c (0x00f51fb3) sll     t6, a0, a5
core   0: 3 0x8000341c (0x00f51fb3) x31 0x00000000
core   0: 0x80003420 (0x01a9a5b3) slt     a1, s3, s10
core   0: 3 0x80003420 (0x01a9a5b3) x11 0x00000000
core   0: 0x80003424 (0x030b9633) mulh    a2, s7, a6
core   0: 3 0x80003424 (0x030b9633) x12 0x00000000
core   0: 0x80003428 (0x12de1b17) auipc   s6, 0x12de1
core   0: 3 0x80003428 (0x12de1b17) x22 0x92de4428
core   0: 0x8000342c (0x0000ea9d) c.bnez  a3, pc + 54
core   0: 3 0x8000342c (0xea9d)
core   0: 0x80003462 (0x01a94e33) xor     t3, s2, s10
core   0: 3 0x80003462 (0x01a94e33) x28 0x8c90aa29
core   0: 0x80003466 (0x02e890b3) mulh    ra, a7, a4
core   0: 3 0x80003466 (0x02e890b3) x1  0xfffffffa
core   0: 0x8000346a (0x44d52137) lui     sp, 0x44d52
core   0: 3 0x8000346a (0x44d52137) x2  0x44d52000
core   0: 0x8000346e (0x411400b3) sub     ra, s0, a7
core   0: 3 0x8000346e (0x411400b3) x1  0x7ffd6513
core   0: 0x80003472 (0x009dab33) slt     s6, s11, s1
core   0: 3 0x80003472 (0x009dab33) x22 0x00000001
core   0: 0x80003476 (0x0000034d) c.addi  t1, 19
core   0: 3 0x80003476 (0x034d) x6  0x00000014
core   0: 0x80003478 (0x00008f79) c.and   a4, a4
core   0: 3 0x80003478 (0x8f79) x14 0x0000000b
core   0: 0x8000347a (0x0000517d) c.li    sp, -1
core   0: 3 0x8000347a (0x517d) x2  0xffffffff
core   0: 0x8000347c (0x037d02b3) mul     t0, s10, s7
core   0: 3 0x8000347c (0x037d02b3) x5  0x00000000
core   0: 0x80003480 (0x01744863) blt     s0, s7, pc + 16
core   0: 3 0x80003480 (0x01744863)
core   0: 0x80003484 (0x00029e13) slli    t3, t0, 0
core   0: 3 0x80003484 (0x00029e13) x28 0x00000000
core   0: 0x80003488 (0x02303233) mulhu   tp, zero, gp
core   0: 3 0x80003488 (0x02303233) x4  0x00000000
core   0: 0x8000348c (0x00009672) c.add   a2, t3
core   0: 3 0x8000348c (0x9672) x12 0x00000000
core   0: 0x8000348e (0x00008ebd) c.xor   a3, a5
core   0: 3 0x8000348e (0x8ebd) x13 0x00000115
core   0: 0x80003490 (0x00008d61) c.and   a0, s0
core   0: 3 0x80003490 (0x8d61) x10 0x00000000
core   0: 0x80003492 (0x0000c591) c.beqz  a1, pc + 12
core   0: 3 0x80003492 (0xc591)
core   0: 0x8000349e (0x0000844d) c.srai  s0, 19
core   0: 3 0x8000349e (0x844d) x8  0x00000000
core   0: 0x800034a0 (0x019d3cb3) sltu    s9, s10, s9
core   0: 3 0x800034a0 (0x019d3cb3) x25 0x00000001
core   0: 0x800034a4 (0x00ec9733) sll     a4, s9, a4
core   0: 3 0x800034a4 (0x00ec9733) x14 0x00000800
core   0: 0x800034a8 (0x00b6d6b3) srl     a3, a3, a1
core   0: 3 0x800034a8 (0x00b6d6b3) x13 0x00000115
core   0: 0x800034ac (0x0378e0b3) rem     ra, a7, s7
core   0: 3 0x800034ac (0x0378e0b3) x1  0x80029ce4
core   0: 0x800034b0 (0x0280d633) divu    a2, ra, s0
core   0: 3 0x800034b0 (0x0280d633) x12 0xffffffff
core   0: 0x800034b4 (0x0127e1b3) or      gp, a5, s2
core   0: 3 0x800034b4 (0x0127e1b3) x3  0x8c90aa2d
core   0: 0x800034b8 (0xa02c4713) xori    a4, s8, -1534
core   0: 3 0x800034b8 (0xa02c4713) x14 0xfffffa03
core   0: 0x800034bc (0x000084b9) c.srai  s1, 14
core   0: 3 0x800034bc (0x84b9) x9  0x00000000
core   0: 0x800034be (0x01c68e63) beq     a3, t3, pc + 28
core   0: 3 0x800034be (0x01c68e63)
core   0: 0x800034c2 (0x038ac063) blt     s5, s8, pc + 32
core   0: 3 0x800034c2 (0x038ac063)
core   0: 0x800034c6 (0x0000820e) c.mv    tp, gp
core   0: 3 0x800034c6 (0x820e) x4  0x8c90aa2d
core   0: 0x800034c8 (0x41fad6b3) sra     a3, s5, t6
core   0: 3 0x800034c8 (0x41fad6b3) x13 0x736f5405
core   0: 0x800034cc (0x00008f69) c.and   a4, a0
core   0: 3 0x800034cc (0x8f69) x14 0x00000000
core   0: 0x800034ce (0x000043a1) c.li    t2, 8
core   0: 3 0x800034ce (0x43a1) x7  0x00000008
core   0: 0x800034d0 (0x03abab33) mulhsu  s6, s7, s10
core   0: 3 0x800034d0 (0x03abab33) x22 0x00000000
core   0: 0x800034d4 (0x00008209) c.srli  a2, 2
core   0: 3 0x800034d4 (0x8209) x12 0x3fffffff
core   0: 0x800034d6 (0xf0252f13) slti    t5, a0, -254
core   0: 3 0x800034d6 (0xf0252f13) x30 0x00000000
core   0: 0x800034da (0x00008e61) c.and   a2, s0
core   0: 3 0x800034da (0x8e61) x12 0x00000000
core   0: 0x800034dc (0x0255bb33) mulhu   s6, a1, t0
core   0: 3 0x800034dc (0x0255bb33) x22 0x00000000
core   0: 0x800034e0 (0x0000617d) c.addi16sp sp, 496
core   0: 3 0x800034e0 (0x617d) x2  0x000001ef
core   0: 0x800034e2 (0xfb3ee613) ori     a2, t4, -77
core   0: 3 0x800034e2 (0xfb3ee613) x12 0xfffffff7
core   0: 0x800034e6 (0x00000001) c.nop
core   0: 3 0x800034e6 (0x0001)
core   0: 0x800034e8 (0x010d7463) bgeu    s10, a6, pc + 8
core   0: 3 0x800034e8 (0x010d7463)
core   0: 0x800034f0 (0x02eced13) ori     s10, s9, 46
core   0: 3 0x800034f0 (0x02eced13) x26 0x0000002f
core   0: 0x800034f4 (0x00000001) c.nop
core   0: 3 0x800034f4 (0x0001)
core   0: 0x800034f6 (0x00000a90) c.addi4spn a2, sp, 336
core   0: 3 0x800034f6 (0x0a90) x12 0x0000033f
core   0: 0x800034f8 (0x00000001) c.nop
core   0: 3 0x800034f8 (0x0001)
core   0: 0x800034fa (0x02c1e133) rem     sp, gp, a2
core   0: 3 0x800034fa (0x02c1e133) x2  0xffffffc4
core   0: 0x800034fe (0x0000e789) c.bnez  a5, pc + 10
core   0: 3 0x800034fe (0xe789)
core   0: 0x80003508 (0x982b6213) ori     tp, s6, -1662
core   0: 3 0x80003508 (0x982b6213) x4  0xfffff982
core   0: 0x8000350c (0xb6b23793) sltiu   a5, tp, -1173
core   0: 3 0x8000350c (0xb6b23793) x15 0x00000001
core   0: 0x80003510 (0x00008679) c.srai  a2, 30
core   0: 3 0x80003510 (0x8679) x12 0x00000000
core   0: 0x80003512 (0x000087fd) c.srai  a5, 31
core   0: 3 0x80003512 (0x87fd) x15 0x00000000
core   0: 0x80003514 (0x41e40b33) sub     s6, s0, t5
core   0: 3 0x80003514 (0x41e40b33) x22 0x00000000
core   0: 0x80003518 (0x02b2e9b3) rem     s3, t0, a1
core   0: 3 0x80003518 (0x02b2e9b3) x19 0x00000000
core   0: 0x8000351c (0x00008c49) c.or    s0, a0
core   0: 3 0x8000351c (0x8c49) x8  0x00000000
core   0: 0x8000351e (0x00000190) c.addi4spn a2, sp, 192
core   0: 3 0x8000351e (0x0190) x12 0x00000084
core   0: 0x80003520 (0x000080c9) c.srli  s1, 18
core   0: 3 0x80003520 (0x80c9) x9  0x00000000
core   0: 0x80003522 (0x02106233) rem     tp, zero, ra
core   0: 3 0x80003522 (0x02106233) x4  0x00000000
core   0: 0x80003526 (0xf6730497) auipc   s1, 0xf6730
core   0: 3 0x80003526 (0xf6730497) x9  0x76733526
core   0: 0x8000352a (0x02288a33) mul     s4, a7, sp
core   0: 3 0x8000352a (0x02288a33) x20 0xff633a90
core   0: 0x8000352e (0x4255ce13) xori    t3, a1, 1061
core   0: 3 0x8000352e (0x4255ce13) x28 0x00000425
core   0: 0x80003532 (0x00008c29) c.xor   s0, a0
core   0: 3 0x80003532 (0x8c29) x8  0x00000000
core   0: 0x80003534 (0x03cce9b3) rem     s3, s9, t3
core   0: 3 0x80003534 (0x03cce9b3) x19 0x00000001
core   0: 0x80003538 (0x0197d813) srli    a6, a5, 25
core   0: 3 0x80003538 (0x0197d813) x16 0x00000000
core   0: 0x8000353c (0x01b45a93) srli    s5, s0, 27
core   0: 3 0x8000353c (0x01b45a93) x21 0x00000000
core   0: 0x80003540 (0x02671963) bne     a4, t1, pc + 50
core   0: 3 0x80003540 (0x02671963)
core   0: 0x80003572 (0x00439cb3) sll     s9, t2, tp
core   0: 3 0x80003572 (0x00439cb3) x25 0x00000008
core   0: 0x80003576 (0x024ecf33) div     t5, t4, tp
core   0: 3 0x80003576 (0x024ecf33) x30 0xffffffff
core   0: 0x8000357a (0x014dd463) bge     s11, s4, pc + 8
core   0: 3 0x8000357a (0x014dd463)
core   0: 0x8000357e (0x05290463) beq     s2, s2, pc + 72
core   0: 3 0x8000357e (0x05290463)
core   0: 0x800035c6 (0x02880c33) mul     s8, a6, s0
core   0: 3 0x800035c6 (0x02880c33) x24 0x00000000
core   0: 0x800035ca (0x01391e33) sll     t3, s2, s3
core   0: 3 0x800035ca (0x01391e33) x28 0x19215452
core   0: 0x800035ce (0x018f3ab3) sltu    s5, t5, s8
core   0: 3 0x800035ce (0x018f3ab3) x21 0x00000000
core   0: 0x800035d2 (0x02e11a63) bne     sp, a4, pc + 52
core   0: 3 0x800035d2 (0x02e11a63)
core   0: 0x80003606 (0x0000010d) c.addi  sp, 3
core   0: 3 0x80003606 (0x010d) x2  0xffffffc7
core   0: 0x80003608 (0x00008621) c.srai  a2, 8
core   0: 3 0x80003608 (0x8621) x12 0x00000000
core   0: 0x8000360a (0x019aee33) or      t3, s5, s9
core   0: 3 0x8000360a (0x019aee33) x28 0x00000008
core   0: 0x8000360e (0x02e72f13) slti    t5, a4, 46
core   0: 3 0x8000360e (0x02e72f13) x30 0x00000001
core   0: 0x80003612 (0x02d16f33) rem     t5, sp, a3
core   0: 3 0x80003612 (0x02d16f33) x30 0xffffffc7
core   0: 0x80003616 (0x02748b33) mul     s6, s1, t2
core   0: 3 0x80003616 (0x02748b33) x22 0xb399a930
core   0: 0x8000361a (0x0328c533) div     a0, a7, s2
core   0: 3 0x8000361a (0x0328c533) x10 0x00000001
core   0: 0x8000361e (0x0ac8f493) andi    s1, a7, 172
core   0: 3 0x8000361e (0x0ac8f493) x9  0x000000a4
core   0: 0x80003622 (0x417c8fb3) sub     t6, s9, s7
core   0: 3 0x80003622 (0x417c8fb3) x31 0x7ffda1a4
core   0: 0x80003626 (0x03d027b3) mulhsu  a5, zero, t4
core   0: 3 0x80003626 (0x03d027b3) x15 0x00000000
core   0: 0x8000362a (0x01d675b3) and     a1, a2, t4
core   0: 3 0x8000362a (0x01d675b3) x11 0x00000000
core   0: 0x8000362e (0x02c00d33) mul     s10, zero, a2
core   0: 3 0x8000362e (0x02c00d33) x26 0x00000000
core   0: 0x80003632 (0x0000822a) c.mv    tp, a0
core   0: 3 0x80003632 (0x822a) x4  0x00000001
core   0: 0x80003634 (0x000083f6) c.mv    t2, t4
core   0: 3 0x80003634 (0x83f6) x7  0xffffffe6
core   0: 0x80003636 (0x0000717d) c.addi16sp sp, -16
core   0: 3 0x80003636 (0x717d) x2  0xffffffb7
core   0: 0x80003638 (0x4c0e6993) ori     s3, t3, 1216
core   0: 3 0x80003638 (0x4c0e6993) x19 0x000004c8
core   0: 0x8000363c (0x0000997d) c.andi  a0, -1
core   0: 3 0x8000363c (0x997d) x10 0x00000001
core   0: 0x8000363e (0x00008ea5) c.xor   a3, s1
core   0: 3 0x8000363e (0x8ea5) x13 0x736f54a1
core   0: 0x80003640 (0x002d8233) add     tp, s11, sp
core   0: 3 0x80003640 (0x002d8233) x4  0x8c90a9e4
core   0: 0x80003644 (0x00008b81) c.andi  a5, 0
core   0: 3 0x80003644 (0x8b81) x15 0x00000000
core   0: 0x80003646 (0x00009a5e) c.add   s4, s7
core   0: 3 0x80003646 (0x9a5e) x20 0x7f6598f4
core   0: 0x80003648 (0x02d61163) bne     a2, a3, pc + 34
core   0: 3 0x80003648 (0x02d61163)
core   0: 0x8000366a (0xd30fa313) slti    t1, t6, -720
core   0: 3 0x8000366a (0xd30fa313) x6  0x00000000
core   0: 0x8000366e (0x00001e14) c.addi4spn a3, sp, 816
core   0: 3 0x8000366e (0x1e14) x13 0x000002e7
core   0: 0x80003670 (0x00008d7d) c.and   a0, a5
core   0: 3 0x80003670 (0x8d7d) x10 0x00000000
core   0: 0x80003672 (0x404e8eb3) sub     t4, t4, tp
core   0: 3 0x80003672 (0x404e8eb3) x29 0x736f5602
core   0: 0x80003676 (0x01749563) bne     s1, s7, pc + 10
core   0: 3 0x80003676 (0x01749563)
core   0: 0x80003680 (0x00008c7d) c.and   s0, a5
core   0: 3 0x80003680 (0x8c7d) x8  0x00000000
core   0: 0x80003682 (0x032f5ab3) divu    s5, t5, s2
core   0: 3 0x80003682 (0x032f5ab3) x21 0x00000001
core   0: 0x80003686 (0x409a5c13) srai    s8, s4, 9
core   0: 3 0x80003686 (0x409a5c13) x24 0x003fb2cc
core   0: 0x8000368a (0x036040b3) div     ra, zero, s6
core   0: 3 0x8000368a (0x036040b3) x1  0x00000000
core   0: 0x8000368e (0x01bccf33) xor     t5, s9, s11
core   0: 3 0x8000368e (0x01bccf33) x30 0x8c90aa25
core   0: 0x80003692 (0x00008eb1) c.xor   a3, a2
core   0: 3 0x80003692 (0x8eb1) x13 0x000002e7
core   0: 0x80003694 (0x00a11413) slli    s0, sp, 10
core   0: 3 0x80003694 (0x00a11413) x8  0xfffedc00
core   0: 0x80003698 (0xc8c8ba93) sltiu   s5, a7, -884
core   0: 3 0x80003698 (0xc8c8ba93) x21 0x00000001
core   0: 0x8000369c (0x03a38a33) mul     s4, t2, s10
core   0: 3 0x8000369c (0x03a38a33) x20 0x00000000
core   0: 0x800036a0 (0x00000452) c.slli  s0, 20
core   0: 3 0x800036a0 (0x0452) x8  0xc0000000
core   0: 0x800036a2 (0x03109663) bne     ra, a7, pc + 44
core   0: 3 0x800036a2 (0x03109663)
core   0: 0x800036ce (0x925ecf93) xori    t6, t4, -1755
core   0: 3 0x800036ce (0x925ecf93) x31 0x8c90af27
core   0: 0x800036d2 (0x0046d493) srli    s1, a3, 4
core   0: 3 0x800036d2 (0x0046d493) x9  0x0000002e
core   0: 0x800036d6 (0x405c04b3) sub     s1, s8, t0
core   0: 3 0x800036d6 (0x405c04b3) x9  0x003fb2cc
core   0: 0x800036da (0x00006af5) c.lui   s5, 0x1d
core   0: 3 0x800036da (0x6af5) x21 0x0001d000
core   0: 0x800036dc (0x00000001) c.nop
core   0: 3 0x800036dc (0x0001)
core   0: 0x800036de (0x005233b3) sltu    t2, tp, t0
core   0: 3 0x800036de (0x005233b3) x7  0x00000000
core   0: 0x800036e2 (0x00008cf1) c.and   s1, a2
core   0: 3 0x800036e2 (0x8cf1) x9  0x00000000
core   0: 0x800036e4 (0x00000001) c.nop
core   0: 3 0x800036e4 (0x0001)
core   0: 0x800036e6 (0x027dee33) rem     t3, s11, t2
core   0: 3 0x800036e6 (0x027dee33) x28 0x8c90aa2d
core   0: 0x800036ea (0x029a8e33) mul     t3, s5, s1
core   0: 3 0x800036ea (0x029a8e33) x28 0x00000000
core   0: 0x800036ee (0x00008f31) c.xor   a4, a2
core   0: 3 0x800036ee (0x8f31) x14 0x00000000
core   0: 0x800036f0 (0x01bfb533) sltu    a0, t6, s11
core   0: 3 0x800036f0 (0x01bfb533) x10 0x00000000
core   0: 0x800036f4 (0x01c8d613) srli    a2, a7, 28
core   0: 3 0x800036f4 (0x01c8d613) x12 0x00000008
core   0: 0x800036f8 (0x013eacb3) slt     s9, t4, s3
core   0: 3 0x800036f8 (0x013eacb3) x25 0x00000000
core   0: 0x800036fc (0x03657333) remu    t1, a0, s6
core   0: 3 0x800036fc (0x03657333) x6  0x00000000
core   0: 0x80003700 (0x00006ce9) c.lui   s9, 0x1a
core   0: 3 0x80003700 (0x6ce9) x25 0x0001a000
core   0: 0x80003702 (0x0bb0f413) andi    s0, ra, 187
core   0: 3 0x80003702 (0x0bb0f413) x8  0x00000000
core   0: 0x80003706 (0x00008e21) c.xor   a2, s0
core   0: 3 0x80003706 (0x8e21) x12 0x00000008
core   0: 0x80003708 (0x0000873d) c.srai  a4, 15
core   0: 3 0x80003708 (0x873d) x14 0x00000000
core   0: 0x8000370a (0x0177a533) slt     a0, a5, s7
core   0: 3 0x8000370a (0x0177a533) x10 0x00000000
core   0: 0x8000370e (0x0190f9b3) and     s3, ra, s9
core   0: 3 0x8000370e (0x0190f9b3) x19 0x00000000
core   0: 0x80003712 (0x0000177d) c.addi  a4, -1
core   0: 3 0x80003712 (0x177d) x14 0xffffffff
core   0: 0x80003714 (0x0000987d) c.andi  s0, -1
core   0: 3 0x80003714 (0x987d) x8  0x00000000
core   0: 0x80003716 (0x017434b3) sltu    s1, s0, s7
core   0: 3 0x80003716 (0x017434b3) x9  0x00000001
core   0: 0x8000371a (0x00008c65) c.and   s0, s1
core   0: 3 0x8000371a (0x8c65) x8  0x00000000
core   0: 0x8000371c (0x00006c19) c.lui   s8, 0x6
core   0: 3 0x8000371c (0x6c19) x24 0x00006000
core   0: 0x8000371e (0x40b5dab3) sra     s5, a1, a1
core   0: 3 0x8000371e (0x40b5dab3) x21 0x00000000
core   0: 0x80003722 (0x00001000) c.addi4spn s0, sp, 32
core   0: 3 0x80003722 (0x1000) x8  0xffffffd7
core   0: 0x80003724 (0xb8c1a017) auipc   zero, 0xb8c1a
core   0: 3 0x80003724 (0xb8c1a017)
core   0: 0x80003728 (0x042a0a13) addi    s4, s4, 66
core   0: 3 0x80003728 (0x042a0a13) x20 0x00000042
core   0: 0x8000372c (0x0000017a) c.slli  sp, 30
core   0: 3 0x8000372c (0x017a) x2  0xc0000000
core   0: 0x8000372e (0x00004b05) c.li    s6, 1
core   0: 3 0x8000372e (0x4b05) x22 0x00000001
core   0: 0x80003730 (0x3f131817) auipc   a6, 0x3f131
core   0: 3 0x80003730 (0x3f131817) x16 0xbf134730
core   0: 0x80003734 (0x1ce6ff13) andi    t5, a3, 462
core   0: 3 0x80003734 (0x1ce6ff13) x30 0x000000c6
core   0: 0x80003738 (0x0000cc1d) c.beqz  s0, pc + 62
core   0: 3 0x80003738 (0xcc1d)
core   0: 0x8000373a (0x000087b9) c.srai  a5, 14
core   0: 3 0x8000373a (0x87b9) x15 0x00000000
core   0: 0x8000373c (0x004954b3) srl     s1, s2, tp
core   0: 3 0x8000373c (0x004954b3) x9  0x08c90aa2
core   0: 0x80003740 (0x00000001) c.nop
core   0: 3 0x80003740 (0x0001)
core   0: 0x80003742 (0x027179b3) remu    s3, sp, t2
core   0: 3 0x80003742 (0x027179b3) x19 0xc0000000
core   0: 0x80003746 (0x000066ed) c.lui   a3, 0x1b
core   0: 3 0x80003746 (0x66ed) x13 0x0001b000
core   0: 0x80003748 (0xf66bb493) sltiu   s1, s7, -154
core   0: 3 0x80003748 (0xf66bb493) x9  0x00000001
core   0: 0x8000374c (0x00000001) c.nop
core   0: 3 0x8000374c (0x0001)
core   0: 0x8000374e (0x025a9963) bne     s5, t0, pc + 50
core   0: 3 0x8000374e (0x025a9963)
core   0: 0x80003752 (0x00fbd213) srli    tp, s7, 15
core   0: 3 0x80003752 (0x00fbd213) x4  0x00010004
core   0: 0x80003756 (0x00008c39) c.xor   s0, a4
core   0: 3 0x80003756 (0x8c39) x8  0x00000028
core   0: 0x80003758 (0x40550533) sub     a0, a0, t0
core   0: 3 0x80003758 (0x40550533) x10 0x00000000
core   0: 0x8000375c (0x40e4da93) srai    s5, s1, 14
core   0: 3 0x8000375c (0x40e4da93) x21 0x00000000
core   0: 0x80003760 (0x01a85793) srli    a5, a6, 26
core   0: 3 0x80003760 (0x01a85793) x15 0x0000002f
core   0: 0x80003764 (0x016ac633) xor     a2, s5, s6
core   0: 3 0x80003764 (0x016ac633) x12 0x00000001
core   0: 0x80003768 (0x000000ea) c.slli  ra, 26
core   0: 3 0x80003768 (0x00ea) x1  0x00000000
core   0: 0x8000376a (0x00000001) c.nop
core   0: 3 0x8000376a (0x0001)
core   0: 0x8000376c (0x00004e49) c.li    t3, 18
core   0: 3 0x8000376c (0x4e49) x28 0x00000012
core   0: 0x8000376e (0x03dbbb33) mulhu   s6, s7, t4
core   0: 3 0x8000376e (0x03dbbb33) x22 0x39b8bc6f
core   0: 0x80003772 (0x00286c33) or      s8, a6, sp
core   0: 3 0x80003772 (0x00286c33) x24 0xff134730
core   0: 0x80003776 (0x018f2733) slt     a4, t5, s8
core   0: 3 0x80003776 (0x018f2733) x14 0x00000000
core   0: 0x8000377a (0x00000ac6) c.slli  s5, 17
core   0: 3 0x8000377a (0x0ac6) x21 0x00000000
core   0: 0x8000377c (0x01ecc663) blt     s9, t5, pc + 12
core   0: 3 0x8000377c (0x01ecc663)
core   0: 0x80003780 (0x0340c563) blt     ra, s4, pc + 42
core   0: 3 0x80003780 (0x0340c563)
core   0: 0x800037aa (0x0000ea05) c.bnez  a2, pc + 48
core   0: 3 0x800037aa (0xea05)
core   0: 0x800037da (0x00001218) c.addi4spn a4, sp, 288
core   0: 3 0x800037da (0x1218) x14 0xc0000120
core   0: 0x800037dc (0x00008e21) c.xor   a2, s0
core   0: 3 0x800037dc (0x8e21) x12 0x00000029
core   0: 0x800037de (0xe7716713) ori     a4, sp, -393
core   0: 3 0x800037de (0xe7716713) x14 0xfffffe77
core   0: 0x800037e2 (0x0031d4b3) srl     s1, gp, gp
core   0: 3 0x800037e2 (0x0031d4b3) x9  0x00046485
core   0: 0x800037e6 (0x0000063d) c.addi  a2, 15
core   0: 3 0x800037e6 (0x063d) x12 0x00000038
core   0: 0x800037e8 (0x000081e9) c.srli  a1, 26
core   0: 3 0x800037e8 (0x81e9) x11 0x00000000
core   0: 0x800037ea (0x00008f49) c.or    a4, a0
core   0: 3 0x800037ea (0x8f49) x14 0xfffffe77
core   0: 0x800037ec (0x030f8d33) mul     s10, t6, a6
core   0: 3 0x800037ec (0x030f8d33) x26 0x9499a850
core   0: 0x800037f0 (0x26317db7) lui     s11, 0x26317
core   0: 3 0x800037f0 (0x26317db7) x27 0x26317000
core   0: 0x800037f4 (0x00008dcd) c.or    a1, a1
core   0: 3 0x800037f4 (0x8dcd) x11 0x00000000
core   0: 0x800037f6 (0x3cad6c13) ori     s8, s10, 970
core   0: 3 0x800037f6 (0x3cad6c13) x24 0x9499abda
core   0: 0x800037fa (0x00008019) c.srli  s0, 6
core   0: 3 0x800037fa (0x8019) x8  0x00000000
core   0: 0x800037fc (0x00609993) slli    s3, ra, 6
core   0: 3 0x800037fc (0x00609993) x19 0x00000000
core   0: 0x80003800 (0x021aaab3) mulhsu  s5, s5, ra
core   0: 3 0x80003800 (0x021aaab3) x21 0x00000000
core   0: 0x80003804 (0x02149563) bne     s1, ra, pc + 42
core   0: 3 0x80003804 (0x02149563)
core   0: 0x8000382e (0x025c9e33) mulh    t3, s9, t0
core   0: 3 0x8000382e (0x025c9e33) x28 0x00000000
core   0: 0x80003832 (0x68a76c13) ori     s8, a4, 1674
core   0: 3 0x80003832 (0x68a76c13) x24 0xfffffeff
core   0: 0x80003836 (0x500fb437) lui     s0, 0x500fb
core   0: 3 0x80003836 (0x500fb437) x8  0x500fb000
core   0: 0x8000383a (0x00f8ec33) or      s8, a7, a5
core   0: 3 0x8000383a (0x00f8ec33) x24 0x80029cef
core   0: 0x8000383e (0x00008859) c.andi  s0, 22
core   0: 3 0x8000383e (0x8859) x8  0x00000000
core   0: 0x80003840 (0x00000001) c.nop
core   0: 3 0x80003840 (0x0001)
core   0: 0x80003842 (0x030ae263) bltu    s5, a6, pc + 36
core   0: 3 0x80003842 (0x030ae263)
core   0: 0x80003866 (0x41fa5ab3) sra     s5, s4, t6
core   0: 3 0x80003866 (0x41fa5ab3) x21 0x00000000
core   0: 0x8000386a (0xbcb43c93) sltiu   s9, s0, -1077
core   0: 3 0x8000386a (0xbcb43c93) x25 0x00000001
core   0: 0x8000386e (0x41b505b3) sub     a1, a0, s11
core   0: 3 0x8000386e (0x41b505b3) x11 0xd9ce9000
core   0: 0x80003872 (0x003c42b3) xor     t0, s8, gp
core   0: 3 0x80003872 (0x003c42b3) x5  0x0c9236c2
core   0: 0x80003876 (0x0000c609) c.beqz  a2, pc + 10
core   0: 3 0x80003876 (0xc609)
core   0: 0x80003878 (0x02d340b3) div     ra, t1, a3
core   0: 3 0x80003878 (0x02d340b3) x1  0x00000000
core   0: 0x8000387c (0x00640c33) add     s8, s0, t1
core   0: 3 0x8000387c (0x00640c33) x24 0x00000000
core   0: 0x80003880 (0x00ad5713) srli    a4, s10, 10
core   0: 3 0x80003880 (0x00ad5713) x14 0x0025266a
core   0: 0x80003884 (0x00b70833) add     a6, a4, a1
core   0: 3 0x80003884 (0x00b70833) x16 0xd9f3b66a
core   0: 0x80003888 (0x01e3f7b3) and     a5, t2, t5
core   0: 3 0x80003888 (0x01e3f7b3) x15 0x00000000
core   0: 0x8000388c (0x00000001) c.nop
core   0: 3 0x8000388c (0x0001)
core   0: 0x8000388e (0x0224f263) bgeu    s1, sp, pc + 36
core   0: 3 0x8000388e (0x0224f263)
core   0: 0x80003892 (0x01479113) slli    sp, a5, 20
core   0: 3 0x80003892 (0x01479113) x2  0x00000000
core   0: 0x80003896 (0x958489b7) lui     s3, 0x95848
core   0: 3 0x80003896 (0x958489b7) x19 0x95848000
core   0: 0x8000389a (0xc0dbae13) slti    t3, s7, -1011
core   0: 3 0x8000389a (0xc0dbae13) x28 0x00000001
core   0: 0x8000389e (0x91122c93) slti    s9, tp, -1775
core   0: 3 0x8000389e (0x91122c93) x25 0x00000000
core   0: 0x800038a2 (0x00009caa) c.add   s9, a0
core   0: 3 0x800038a2 (0x9caa) x25 0x00000000
core   0: 0x800038a4 (0x01219993) slli    s3, gp, 18
core   0: 3 0x800038a4 (0x01219993) x19 0xa8b40000
core   0: 0x800038a8 (0x0000884e) c.mv    a6, s3
core   0: 3 0x800038a8 (0x884e) x16 0xa8b40000
core   0: 0x800038aa (0x02aafc63) bgeu    s5, a0, pc + 56
core   0: 3 0x800038aa (0x02aafc63)
core   0: 0x800038e2 (0x03365533) divu    a0, a2, s3
core   0: 3 0x800038e2 (0x03365533) x10 0x00000000
core   0: 0x800038e6 (0x018a7eb3) and     t4, s4, s8
core   0: 3 0x800038e6 (0x018a7eb3) x29 0x00000000
core   0: 0x800038ea (0x00000b5a) c.slli  s6, 22
core   0: 3 0x800038ea (0x0b5a) x22 0x1bc00000
core   0: 0x800038ec (0x000050fd) c.li    ra, -1
core   0: 3 0x800038ec (0x50fd) x1  0xffffffff
core   0: 0x800038ee (0x97eb5617) auipc   a2, 0x97eb5
core   0: 3 0x800038ee (0x97eb5617) x12 0x17eb88ee
core   0: 0x800038f2 (0x01974b33) xor     s6, a4, s9
core   0: 3 0x800038f2 (0x01974b33) x22 0x0025266a
core   0: 0x800038f6 (0x011c4633) xor     a2, s8, a7
core   0: 3 0x800038f6 (0x011c4633) x12 0x80029ce4
core   0: 0x800038fa (0x03cf9863) bne     t6, t3, pc + 48
core   0: 3 0x800038fa (0x03cf9863)
core   0: 0x8000392a (0x03d3f363) bgeu    t2, t4, pc + 38
core   0: 3 0x8000392a (0x03d3f363)
core   0: 0x80003950 (0x00000d2d) c.addi  s10, 11
core   0: 3 0x80003950 (0x0d2d) x26 0x9499a85b
core   0: 0x80003952 (0x032fe863) bltu    t6, s2, pc + 48
core   0: 3 0x80003952 (0x032fe863)
core   0: 0x80003956 (0x6b9cca13) xori    s4, s9, 1721
core   0: 3 0x80003956 (0x6b9cca13) x20 0x000006b9
core   0: 0x8000395a (0x01bce133) or      sp, s9, s11
core   0: 3 0x8000395a (0x01bce133) x2  0x26317000
core   0: 0x8000395e (0x02c8ecb3) rem     s9, a7, a2
core   0: 3 0x8000395e (0x02c8ecb3) x25 0x00000000
core   0: 0x80003962 (0x405c5193) srai    gp, s8, 5
core   0: 3 0x80003962 (0x405c5193) x3  0x00000000
core   0: 0x80003966 (0x000099ea) c.add   s3, s10
core   0: 3 0x80003966 (0x99ea) x19 0x3d4da85b
core   0: 0x80003968 (0x00008c89) c.sub   s1, a0
core   0: 3 0x80003968 (0x8c89) x9  0x00046485
core   0: 0x8000396a (0x0000038a) c.slli  t2, 2
core   0: 3 0x8000396a (0x038a) x7  0x00000000
core   0: 0x8000396c (0x00006675) c.lui   a2, 0x1d
core   0: 3 0x8000396c (0x6675) x12 0x0001d000
core   0: 0x8000396e (0x0251cf33) div     t5, gp, t0
core   0: 3 0x8000396e (0x0251cf33) x30 0x00000000
core   0: 0x80003972 (0x41650833) sub     a6, a0, s6
core   0: 3 0x80003972 (0x41650833) x16 0xffdad996
core   0: 0x80003976 (0x0000ce11) c.beqz  a2, pc + 28
core   0: 3 0x80003976 (0xce11)
core   0: 0x80003978 (0x0001dd33) srl     s10, gp, zero
core   0: 3 0x80003978 (0x0001dd33) x26 0x00000000
core   0: 0x8000397c (0x036bd963) bge     s7, s6, pc + 50
core   0: 3 0x8000397c (0x036bd963)
core   0: 0x80003980 (0x000053fd) c.li    t2, -1
core   0: 3 0x80003980 (0x53fd) x7  0xffffffff
core   0: 0x80003982 (0x00008d1a) c.mv    s10, t1
core   0: 3 0x80003982 (0x8d1a) x26 0x00000000
core   0: 0x80003984 (0x0000449d) c.li    s1, 7
core   0: 3 0x80003984 (0x449d) x9  0x00000007
core   0: 0x80003986 (0x00ecf533) and     a0, s9, a4
core   0: 3 0x80003986 (0x00ecf533) x10 0x00000000
core   0: 0x8000398a (0x01e29e93) slli    t4, t0, 30
core   0: 3 0x8000398a (0x01e29e93) x29 0x80000000
core   0: 0x8000398e (0x03289eb3) mulh    t4, a7, s2
core   0: 3 0x8000398e (0x03289eb3) x29 0x39b67d4e
core   0: 0x80003992 (0x03f93833) mulhu   a6, s2, t6
core   0: 3 0x80003992 (0x03f93833) x16 0x4d2e8e9a
core   0: 0x80003996 (0x000081d5) c.srli  a1, 21
core   0: 3 0x80003996 (0x81d5) x11 0x000006ce
core   0: 0x80003998 (0x000080a1) c.srli  s1, 8
core   0: 3 0x80003998 (0x80a1) x9  0x00000000
core   0: 0x8000399a (0x00008029) c.srli  s0, 10
core   0: 3 0x8000399a (0x8029) x8  0x00000000
core   0: 0x8000399c (0x000019fd) c.addi  s3, -1
core   0: 3 0x8000399c (0x19fd) x19 0x3d4da85a
core   0: 0x8000399e (0x00000001) c.nop
core   0: 3 0x8000399e (0x0001)
core   0: 0x800039a0 (0x000046c5) c.li    a3, 17
core   0: 3 0x800039a0 (0x46c5) x13 0x00000011
core   0: 0x800039a2 (0x0000987d) c.andi  s0, -1
core   0: 3 0x800039a2 (0x987d) x8  0x00000000
core   0: 0x800039a4 (0x00000f84) c.addi4spn s1, sp, 976
core   0: 3 0x800039a4 (0x0f84) x9  0x263173d0
core   0: 0x800039a6 (0x01a87633) and     a2, a6, s10
core   0: 3 0x800039a6 (0x01a87633) x12 0x00000000
core   0: 0x800039aa (0x00890db3) add     s11, s2, s0
core   0: 3 0x800039aa (0x00890db3) x27 0x8c90aa29
core   0: 0x800039ae (0x01500f63) beq     zero, s5, pc + 30
core   0: 3 0x800039ae (0x01500f63)
core   0: 0x800039cc (0x01d71ab3) sll     s5, a4, t4
core   0: 3 0x800039cc (0x01d71ab3) x21 0x499a8000
core   0: 0x800039d0 (0xd2301817) auipc   a6, 0xd2301
core   0: 3 0x800039d0 (0xd2301817) x16 0x523049d0
core   0: 0x800039d4 (0x00868463) beq     a3, s0, pc + 8
core   0: 3 0x800039d4 (0x00868463)
core   0: 0x800039d8 (0x00008dad) c.xor   a1, a1
core   0: 3 0x800039d8 (0x8dad) x11 0x00000000
core   0: 0x800039da (0x0000c609) c.beqz  a2, pc + 10
core   0: 3 0x800039da (0xc609)
core   0: 0x800039e4 (0x05bd7363) bgeu    s10, s11, pc + 70
core   0: 3 0x800039e4 (0x05bd7363)
core   0: 0x800039e8 (0x68b8ed93) ori     s11, a7, 1675
core   0: 3 0x800039e8 (0x68b8ed93) x27 0x80029eef
core   0: 0x800039ec (0x00008801) c.andi  s0, 0
core   0: 3 0x800039ec (0x8801) x8  0x00000000
core   0: 0x800039ee (0x0220e533) rem     a0, ra, sp
core   0: 3 0x800039ee (0x0220e533) x10 0xffffffff
core   0: 0x800039f2 (0x00008221) c.srli  a2, 8
core   0: 3 0x800039f2 (0x8221) x12 0x00000000
core   0: 0x800039f4 (0x029832b3) mulhu   t0, a6, s1
core   0: 3 0x800039f4 (0x029832b3) x5  0x0c430b61
core   0: 0x800039f8 (0x037cffb3) remu    t6, s9, s7
core   0: 3 0x800039f8 (0x037cffb3) x31 0x00000000
core   0: 0x800039fc (0x00000766) c.slli  a4, 25
core   0: 3 0x800039fc (0x0766) x14 0xd4000000
core   0: 0x800039fe (0x02198463) beq     s3, ra, pc + 40
core   0: 3 0x800039fe (0x02198463)
core   0: 0x80003a02 (0x034131b3) mulhu   gp, sp, s4
core   0: 3 0x80003a02 (0x034131b3) x3  0x00000100
core   0: 0x80003a06 (0x00ac5533) srl     a0, s8, a0
core   0: 3 0x80003a06 (0x00ac5533) x10 0x00000000
core   0: 0x80003a0a (0x41f0d7b3) sra     a5, ra, t6
core   0: 3 0x80003a0a (0x41f0d7b3) x15 0xffffffff
core   0: 0x80003a0e (0xaf5dc9b7) lui     s3, 0xaf5dc
core   0: 3 0x80003a0e (0xaf5dc9b7) x19 0xaf5dc000
core   0: 0x80003a12 (0x026e9063) bne     t4, t1, pc + 32
core   0: 3 0x80003a12 (0x026e9063)
core   0: 0x80003a32 (0x00008c65) c.and   s0, s1
core   0: 3 0x80003a32 (0x8c65) x8  0x00000000
core   0: 0x80003a34 (0x0283cf33) div     t5, t2, s0
core   0: 3 0x80003a34 (0x0283cf33) x30 0xffffffff
core   0: 0x80003a38 (0x41650a33) sub     s4, a0, s6
core   0: 3 0x80003a38 (0x41650a33) x20 0xffdad996
core   0: 0x80003a3c (0x01281633) sll     a2, a6, s2
core   0: 3 0x80003a3c (0x01281633) x12 0x6093a000
core   0: 0x80003a40 (0x00009afd) c.andi  a3, -1
core   0: 3 0x80003a40 (0x9afd) x13 0x00000011
core   0: 0x80003a42 (0x00fa5d93) srli    s11, s4, 15
core   0: 3 0x80003a42 (0x00fa5d93) x27 0x0001ffb5
core   0: 0x80003a46 (0x01d55193) srli    gp, a0, 29
core   0: 3 0x80003a46 (0x01d55193) x3  0x00000000
core   0: 0x80003a4a (0x000081a9) c.srli  a1, 10
core   0: 3 0x80003a4a (0x81a9) x11 0x00000000
core   0: 0x80003a4c (0x0000072a) c.slli  a4, 10
core   0: 3 0x80003a4c (0x072a) x14 0x00000000
core   0: 0x80003a4e (0x00106e63) bltu    zero, ra, pc + 28
core   0: 3 0x80003a4e (0x00106e63)
core   0: 0x80003a6a (0x03cb6563) bltu    s6, t3, pc + 42
core   0: 3 0x80003a6a (0x03cb6563)
core   0: 0x80003a6e (0xaa123f13) sltiu   t5, tp, -1375
core   0: 3 0x80003a6e (0xaa123f13) x30 0x00000001
core   0: 0x80003a72 (0x033925b3) mulhsu  a1, s2, s3
core   0: 3 0x80003a72 (0x033925b3) x11 0xb0ec9e4c
core   0: 0x80003a76 (0x002e9013) slli    zero, t4, 2
core   0: 3 0x80003a76 (0x002e9013)
core   0: 0x80003a7a (0x00ce7233) and     tp, t3, a2
core   0: 3 0x80003a7a (0x00ce7233) x4  0x00000000
core   0: 0x80003a7e (0x0276d533) divu    a0, a3, t2
core   0: 3 0x80003a7e (0x0276d533) x10 0x00000000
core   0: 0x80003a82 (0x0244f963) bgeu    s1, tp, pc + 50
core   0: 3 0x80003a82 (0x0244f963)
core   0: 0x80003ab4 (0x2b45a393) slti    t2, a1, 692
core   0: 3 0x80003ab4 (0x2b45a393) x7  0x00000001
core   0: 0x80003ab8 (0x00000001) c.nop
core   0: 3 0x80003ab8 (0x0001)
core   0: 0x80003aba (0x2c86c513) xori    a0, a3, 712
core   0: 3 0x80003aba (0x2c86c513) x10 0x000002d9
core   0: 0x80003abe (0x41e8d693) srai    a3, a7, 30
core   0: 3 0x80003abe (0x41e8d693) x13 0xfffffffe
core   0: 0x80003ac2 (0x014b9ab3) sll     s5, s7, s4
core   0: 3 0x80003ac2 (0x014b9ab3) x21 0x99000000
core   0: 0x80003ac6 (0x00ca6963) bltu    s4, a2, pc + 18
core   0: 3 0x80003ac6 (0x00ca6963)
core   0: 0x80003aca (0x03ddac33) mulhsu  s8, s11, t4
core   0: 3 0x80003aca (0x03ddac33) x24 0x0000735c
core   0: 0x80003ace (0x00008ff1) c.and   a5, a2
core   0: 3 0x80003ace (0x8ff1) x15 0x6093a000
core   0: 0x80003ad0 (0x01eb13b3) sll     t2, s6, t5
core   0: 3 0x80003ad0 (0x01eb13b3) x7  0x004a4cd4
core   0: 0x80003ad4 (0x00c9f3b3) and     t2, s3, a2
core   0: 3 0x80003ad4 (0x00c9f3b3) x7  0x20118000
core   0: 0x80003ad8 (0x00008651) c.srai  a2, 20
core   0: 3 0x80003ad8 (0x8651) x12 0x00000609
core   0: 0x80003ada (0x0257f863) bgeu    a5, t0, pc + 48
core   0: 3 0x80003ada (0x0257f863)
core   0: 0x80003b0a (0xb351b093) sltiu   ra, gp, -1227
core   0: 3 0x80003b0a (0xb351b093) x1  0x00000001
core   0: 0x80003b0e (0x00000001) c.nop
core   0: 3 0x80003b0e (0x0001)
core   0: 0x80003b10 (0x080fee13) ori     t3, t6, 128
core   0: 3 0x80003b10 (0x080fee13) x28 0x00000080
core   0: 0x80003b14 (0x024446b3) div     a3, s0, tp
core   0: 3 0x80003b14 (0x024446b3) x13 0xffffffff
core   0: 0x80003b18 (0x07528563) beq     t0, s5, pc + 106
core   0: 3 0x80003b18 (0x07528563)
core   0: 0x80003b1c (0x000099fd) c.andi  a1, -1
core   0: 3 0x80003b1c (0x99fd) x11 0xb0ec9e4c
core   0: 0x80003b1e (0x0184a0b3) slt     ra, s1, s8
core   0: 3 0x80003b1e (0x0184a0b3) x1  0x00000000
core   0: 0x80003b22 (0x01c9f033) and     zero, s3, t3
core   0: 3 0x80003b22 (0x01c9f033)
core   0: 0x80003b26 (0x00c35993) srli    s3, t1, 12
core   0: 3 0x80003b26 (0x00c35993) x19 0x00000000
core   0: 0x80003b2a (0xbe95a493) slti    s1, a1, -1047
core   0: 3 0x80003b2a (0xbe95a493) x9  0x00000001
core   0: 0x80003b2e (0x039d90b3) mulh    ra, s11, s9
core   0: 3 0x80003b2e (0x039d90b3) x1  0x00000000
core   0: 0x80003b32 (0x025922b3) mulhsu  t0, s2, t0
core   0: 3 0x80003b32 (0x025922b3) x5  0xfa788cb4
core   0: 0x80003b36 (0x0000db17) auipc   s6, 0xd
core   0: 3 0x80003b36 (0x0000db17) x22 0x80010b36
core   0: 0x80003b3a (0x19ab0b13) addi    s6, s6, 410
core   0: 3 0x80003b3a (0x19ab0b13) x22 0x80010cd0
core   0: 0x80003b3e (0xd8fb0323) sb      a5, -634(s6)
core   0: 3 0x80003b3e (0xd8fb0323) mem 0x80010a56 0x00
core   0: 0x80003b42 (0xd8db1323) sh      a3, -634(s6)
core   0: 3 0x80003b42 (0xd8db1323) mem 0x80010a56 0xffff
core   0: 0x80003b46 (0xd86b5683) lhu     a3, -634(s6)
core   0: 3 0x80003b46 (0xd86b5683) x13 0x0000ffff mem 0x80010a56
core   0: 0x80003b4a (0xd86b5303) lhu     t1, -634(s6)
core   0: 3 0x80003b4a (0xd86b5303) x6  0x0000ffff mem 0x80010a56
core   0: 0x80003b4e (0xd86b0583) lb      a1, -634(s6)
core   0: 3 0x80003b4e (0xd86b0583) x11 0xffffffff mem 0x80010a56
core   0: 0x80003b52 (0x0a5dcc17) auipc   s8, 0xa5dc
core   0: 3 0x80003b52 (0x0a5dcc17) x24 0x8a5dfb52
core   0: 0x80003b56 (0x325b4a03) lbu     s4, 805(s6)
core   0: 3 0x80003b56 (0x325b4a03) x20 0x00000000 mem 0x80010ff5
core   0: 0x80003b5a (0x325b4783) lbu     a5, 805(s6)
core   0: 3 0x80003b5a (0x325b4783) x15 0x00000000 mem 0x80010ff5
core   0: 0x80003b5e (0x332b02a3) sb      s2, 805(s6)
core   0: 3 0x80003b5e (0x332b02a3) mem 0x80010ff5 0x29
core   0: 0x80003b62 (0xa2ab5483) lhu     s1, -1494(s6)
core   0: 3 0x80003b62 (0xa2ab5483) x9  0x00000000 mem 0x800106fa
core   0: 0x80003b66 (0xa2ab1703) lh      a4, -1494(s6)
core   0: 3 0x80003b66 (0xa2ab1703) x14 0x00000000 mem 0x800106fa
core   0: 0x80003b6a (0xa2ab1503) lh      a0, -1494(s6)
core   0: 3 0x80003b6a (0xa2ab1503) x10 0x00000000 mem 0x800106fa
core   0: 0x80003b6e (0xb87b0183) lb      gp, -1145(s6)
core   0: 3 0x80003b6e (0xb87b0183) x3  0x00000000 mem 0x80010857
core   0: 0x80003b72 (0xb87b0a83) lb      s5, -1145(s6)
core   0: 3 0x80003b72 (0xb87b0a83) x21 0x00000000 mem 0x80010857
core   0: 0x80003b76 (0xf18b5603) lhu     a2, -232(s6)
core   0: 3 0x80003b76 (0xf18b5603) x12 0x00000000 mem 0x80010be8
core   0: 0x80003b7a (0xec1b0783) lb      a5, -319(s6)
core   0: 3 0x80003b7a (0xec1b0783) x15 0x00000064 mem 0x80010b91
core   0: 0x80003b7e (0xec1b4683) lbu     a3, -319(s6)
core   0: 3 0x80003b7e (0xec1b4683) x13 0x00000064 mem 0x80010b91
core   0: 0x80003b82 (0x86067d13) andi    s10, a2, -1952
core   0: 3 0x80003b82 (0x86067d13) x26 0x00000000
core   0: 0x80003b86 (0x0000030c) c.addi4spn a1, sp, 384
core   0: 3 0x80003b86 (0x030c) x11 0x26317180
core   0: 0x80003b88 (0x40375e13) srai    t3, a4, 3
core   0: 3 0x80003b88 (0x40375e13) x28 0x00000000
core   0: 0x80003b8c (0x035e63b3) rem     t2, t3, s5
core   0: 3 0x80003b8c (0x035e63b3) x7  0x00000000
core   0: 0x80003b90 (0x02cb94b3) mulh    s1, s7, a2
core   0: 3 0x80003b90 (0x02cb94b3) x9  0x00000000
core   0: 0x80003b94 (0x038da113) slti    sp, s11, 56
core   0: 3 0x80003b94 (0x038da113) x2  0x00000000
core   0: 0x80003b98 (0x0000997d) c.andi  a0, -1
core   0: 3 0x80003b98 (0x997d) x10 0x00000000
core   0: 0x80003b9a (0xd6dcd297) auipc   t0, 0xd6dcd
core   0: 3 0x80003b9a (0xd6dcd297) x5  0x56dd0b9a
core   0: 0x80003b9e (0x00008dc5) c.or    a1, s1
core   0: 3 0x80003b9e (0x8dc5) x11 0x26317180
core   0: 0x80003ba0 (0x0000ed01) c.bnez  a0, pc + 24
core   0: 3 0x80003ba0 (0xed01)
core   0: 0x80003ba2 (0x6bcb0793) addi    a5, s6, 1724
core   0: 3 0x80003ba2 (0x6bcb0793) x15 0x8001138c
core   0: 0x80003ba6 (0x03948863) beq     s1, s9, pc + 48
core   0: 3 0x80003ba6 (0x03948863)
core   0: 0x80003bd6 (0x00dbc263) blt     s7, a3, pc + 4
core   0: 3 0x80003bd6 (0x00dbc263)
core   0: 0x80003bda (0x00008ed1) c.or    a3, a2
core   0: 3 0x80003bda (0x8ed1) x13 0x00000064
core   0: 0x80003bdc (0x00aeb2b3) sltu    t0, t4, a0
core   0: 3 0x80003bdc (0x00aeb2b3) x5  0x00000000
core   0: 0x80003be0 (0x0214dab3) divu    s5, s1, ra
core   0: 3 0x80003be0 (0x0214dab3) x21 0xffffffff
core   0: 0x80003be4 (0x00009aa2) c.add   s5, s0
core   0: 3 0x80003be4 (0x9aa2) x21 0xffffffff
core   0: 0x80003be6 (0x66a6ec93) ori     s9, a3, 1642
core   0: 3 0x80003be6 (0x66a6ec93) x25 0x0000066e
core   0: 0x80003bea (0x0000880d) c.andi  s0, 3
core   0: 3 0x80003bea (0x880d) x8  0x00000000
core   0: 0x80003bec (0x6071fa93) andi    s5, gp, 1543
core   0: 3 0x80003bec (0x6071fa93) x21 0x00000000
core   0: 0x80003bf0 (0x17d7e313) ori     t1, a5, 381
core   0: 3 0x80003bf0 (0x17d7e313) x6  0x800113fd
core   0: 0x80003bf4 (0x008a9db3) sll     s11, s5, s0
core   0: 3 0x80003bf4 (0x008a9db3) x27 0x00000000
core   0: 0x80003bf8 (0x00000162) c.slli  sp, 24
core   0: 3 0x80003bf8 (0x0162) x2  0x00000000
core   0: 0x80003bfa (0x0000c415) c.beqz  s0, pc + 44
core   0: 3 0x80003bfa (0xc415)
core   0: 0x80003c26 (0x00008ea1) c.xor   a3, s0
core   0: 3 0x80003c26 (0x8ea1) x13 0x00000064
core   0: 0x80003c28 (0x01addf93) srli    t6, s11, 26
core   0: 3 0x80003c28 (0x01addf93) x31 0x00000000
core   0: 0x80003c2c (0x00009afd) c.andi  a3, -1
core   0: 3 0x80003c2c (0x9afd) x13 0x00000064
core   0: 0x80003c2e (0x000002ee) c.slli  t0, 27
core   0: 3 0x80003c2e (0x02ee) x5  0x00000000
core   0: 0x80003c30 (0x01b2da33) srl     s4, t0, s11
core   0: 3 0x80003c30 (0x01b2da33) x20 0x00000000
core   0: 0x80003c34 (0x00009f5a) c.add   t5, s6
core   0: 3 0x80003c34 (0x9f5a) x30 0x80010cd1
core   0: 0x80003c36 (0xe0176413) ori     s0, a4, -511
core   0: 3 0x80003c36 (0xe0176413) x8  0xfffffe01
core   0: 0x80003c3a (0x034e71b3) remu    gp, t3, s4
core   0: 3 0x80003c3a (0x034e71b3) x3  0x00000000
core   0: 0x80003c3e (0x000060c1) c.lui   ra, 0x10
core   0: 3 0x80003c3e (0x60c1) x1  0x00010000
core   0: 0x80003c40 (0x02f7bdb3) mulhu   s11, a5, a5
core   0: 3 0x80003c40 (0x02f7bdb3) x27 0x4001138d
core   0: 0x80003c44 (0x028fc263) blt     t6, s0, pc + 36
core   0: 3 0x80003c44 (0x028fc263)
core   0: 0x80003c48 (0x0409fc93) andi    s9, s3, 64
core   0: 3 0x80003c48 (0x0409fc93) x25 0x00000000
core   0: 0x80003c4c (0x6614ef93) ori     t6, s1, 1633
core   0: 3 0x80003c4c (0x6614ef93) x31 0x00000661
core   0: 0x80003c50 (0x000094ee) c.add   s1, s11
core   0: 3 0x80003c50 (0x94ee) x9  0x4001138d
core   0: 0x80003c52 (0x02b69e33) mulh    t3, a3, a1
core   0: 3 0x80003c52 (0x02b69e33) x28 0x0000000e
core   0: 0x80003c56 (0x0000e705) c.bnez  a4, pc + 40
core   0: 3 0x80003c56 (0xe705)
core   0: 0x80003c58 (0x90b18137) lui     sp, 0x90b18
core   0: 3 0x80003c58 (0x90b18137) x2  0x90b18000
core   0: 0x80003c5c (0xeb7af293) andi    t0, s5, -329
core   0: 3 0x80003c5c (0xeb7af293) x5  0x00000000
core   0: 0x80003c60 (0x2c0c0e93) addi    t4, s8, 704
core   0: 3 0x80003c60 (0x2c0c0e93) x29 0x8a5dfe12
core   0: 0x80003c64 (0x418c5317) auipc   t1, 0x418c5
core   0: 3 0x80003c64 (0x418c5317) x6  0xc18c8c64
core   0: 0x80003c68 (0x00004c01) c.li    s8, 0
core   0: 3 0x80003c68 (0x4c01) x24 0x00000000
core   0: 0x80003c6a (0x00008eb9) c.xor   a3, a4
core   0: 3 0x80003c6a (0x8eb9) x13 0x00000064
core   0: 0x80003c6c (0x41145c93) srai    s9, s0, 17
core   0: 3 0x80003c6c (0x41145c93) x25 0xffffffff
core   0: 0x80003c70 (0x00008fed) c.and   a5, a1
core   0: 3 0x80003c70 (0x8fed) x15 0x00011180
core   0: 0x80003c72 (0x0000577d) c.li    a4, -1
core   0: 3 0x80003c72 (0x577d) x14 0xffffffff
core   0: 0x80003c74 (0x000089a9) c.andi  a1, 10
core   0: 3 0x80003c74 (0x89a9) x11 0x00000000
core   0: 0x80003c76 (0x023bc133) div     sp, s7, gp
core   0: 3 0x80003c76 (0x023bc133) x2  0xffffffff
core   0: 0x80003c7a (0x000083e9) c.srli  a5, 26
core   0: 3 0x80003c7a (0x83e9) x15 0x00000000
core   0: 0x80003c7c (0x00000001) c.nop
core   0: 3 0x80003c7c (0x0001)
core   0: 0x80003c7e (0x0229a733) mulhsu  a4, s3, sp
core   0: 3 0x80003c7e (0x0229a733) x14 0x00000000
core   0: 0x80003c82 (0xf07d6413) ori     s0, s10, -249
core   0: 3 0x80003c82 (0xf07d6413) x8  0xffffff07
core   0: 0x80003c86 (0x025524b3) mulhsu  s1, a0, t0
core   0: 3 0x80003c86 (0x025524b3) x9  0x00000000
core   0: 0x80003c8a (0x03dbda63) bge     s7, t4, pc + 52
core   0: 3 0x80003c8a (0x03dbda63)
core   0: 0x80003c8e (0x0000c59d) c.beqz  a1, pc + 46
core   0: 3 0x80003c8e (0xc59d)
core   0: 0x80003cbc (0x00008c5a) c.mv    s8, s6
core   0: 3 0x80003cbc (0x8c5a) x24 0x80010cd0
core   0: 0x80003cbe (0x02645663) bge     s0, t1, pc + 44
core   0: 3 0x80003cbe (0x02645663)
core   0: 0x80003cea (0x00a3da93) srli    s5, t2, 10
core   0: 3 0x80003cea (0x00a3da93) x21 0x00000000
core   0: 0x80003cee (0x03f6f733) remu    a4, a3, t6
core   0: 3 0x80003cee (0x03f6f733) x14 0x00000064
core   0: 0x80003cf2 (0x02886db3) rem     s11, a6, s0
core   0: 3 0x80003cf2 (0x02886db3) x27 0x00000048
core   0: 0x80003cf6 (0x0069dd93) srli    s11, s3, 6
core   0: 3 0x80003cf6 (0x0069dd93) x27 0x00000000
core   0: 0x80003cfa (0x000090fe) c.add   ra, t6
core   0: 3 0x80003cfa (0x90fe) x1  0x00010661
core   0: 0x80003cfc (0x03e14db3) div     s11, sp, t5
core   0: 3 0x80003cfc (0x03e14db3) x27 0x00000000
core   0: 0x80003d00 (0x416c5b33) sra     s6, s8, s6
core   0: 3 0x80003d00 (0x416c5b33) x22 0xffff8001
core   0: 0x80003d04 (0x00008f65) c.and   a4, s1
core   0: 3 0x80003d04 (0x8f65) x14 0x00000000
core   0: 0x80003d06 (0x000017fd) c.addi  a5, -1
core   0: 3 0x80003d06 (0x17fd) x15 0xffffffff
core   0: 0x80003d08 (0x00008c69) c.and   s0, a0
core   0: 3 0x80003d08 (0x8c69) x8  0x00000000
core   0: 0x80003d0a (0x01849633) sll     a2, s1, s8
core   0: 3 0x80003d0a (0x01849633) x12 0x00000000
core   0: 0x80003d0e (0x00922833) slt     a6, tp, s1
core   0: 3 0x80003d0e (0x00922833) x16 0x00000000
core   0: 0x80003d12 (0x00e3bd33) sltu    s10, t2, a4
core   0: 3 0x80003d12 (0x00e3bd33) x26 0x00000000
core   0: 0x80003d16 (0x018e81b3) add     gp, t4, s8
core   0: 3 0x80003d16 (0x018e81b3) x3  0x0a5f0ae2
core   0: 0x80003d1a (0x00008646) c.mv    a2, a7
core   0: 3 0x80003d1a (0x8646) x12 0x80029ce4
core   0: 0x80003d1c (0x00685133) srl     sp, a6, t1
core   0: 3 0x80003d1c (0x00685133) x2  0x00000000
core   0: 0x80003d20 (0x00000688) c.addi4spn a0, sp, 832
core   0: 3 0x80003d20 (0x0688) x10 0x00000340
core   0: 0x80003d22 (0x00008fbe) c.mv    t6, a5
core   0: 3 0x80003d22 (0x8fbe) x31 0xffffffff
core   0: 0x80003d24 (0x000092e2) c.add   t0, s8
core   0: 3 0x80003d24 (0x92e2) x5  0x80010cd0
core   0: 0x80003d26 (0x01555f33) srl     t5, a0, s5
core   0: 3 0x80003d26 (0x01555f33) x30 0x00000340
core   0: 0x80003d2a (0x40e13813) sltiu   a6, sp, 1038
core   0: 3 0x80003d2a (0x40e13813) x16 0x00000001
core   0: 0x80003d2e (0x0313e363) bltu    t2, a7, pc + 38
core   0: 3 0x80003d2e (0x0313e363)
core   0: 0x80003d54 (0x01fd9713) slli    a4, s11, 31
core   0: 3 0x80003d54 (0x01fd9713) x14 0x00000000
core   0: 0x80003d58 (0x976a6093) ori     ra, s4, -1674
core   0: 3 0x80003d58 (0x976a6093) x1  0xfffff976
core   0: 0x80003d5c (0x00000810) c.addi4spn a2, sp, 16
core   0: 3 0x80003d5c (0x0810) x12 0x00000010
core   0: 0x80003d5e (0x00a74763) blt     a4, a0, pc + 14
core   0: 3 0x80003d5e (0x00a74763)
core   0: 0x80003d6c (0x00009b22) c.add   s6, s0
core   0: 3 0x80003d6c (0x9b22) x22 0xffff8001
core   0: 0x80003d6e (0x0000c395) c.beqz  a5, pc + 36
core   0: 3 0x80003d6e (0xc395)
core   0: 0x80003d70 (0x0000717d) c.addi16sp sp, -16
core   0: 3 0x80003d70 (0x717d) x2  0xfffffff0
core   0: 0x80003d72 (0xa14f3093) sltiu   ra, t5, -1516
core   0: 3 0x80003d72 (0xa14f3093) x1  0x00000001
core   0: 0x80003d76 (0x000044cd) c.li    s1, 19
core   0: 3 0x80003d76 (0x44cd) x9  0x00000013
core   0: 0x80003d78 (0x00008e91) c.sub   a3, a2
core   0: 3 0x80003d78 (0x8e91) x13 0x00000054
core   0: 0x80003d7a (0x01e39eb3) sll     t4, t2, t5
core   0: 3 0x80003d7a (0x01e39eb3) x29 0x00000000
core   0: 0x80003d7e (0x5803d797) auipc   a5, 0x5803d
core   0: 3 0x80003d7e (0x5803d797) x15 0xd8040d7e
core   0: 0x80003d82 (0x01d41ab3) sll     s5, s0, t4
core   0: 3 0x80003d82 (0x01d41ab3) x21 0x00000000
core   0: 0x80003d86 (0x17ecc693) xori    a3, s9, 382
core   0: 3 0x80003d86 (0x17ecc693) x13 0xfffffe81
core   0: 0x80003d8a (0xaad4d137) lui     sp, 0xaad4d
core   0: 3 0x80003d8a (0xaad4d137) x2  0xaad4d000
core   0: 0x80003d8e (0x00365a93) srli    s5, a2, 3
core   0: 3 0x80003d8e (0x00365a93) x21 0x00000002
core   0: 0x80003d92 (0x0147df93) srli    t6, a5, 20
core   0: 3 0x80003d92 (0x0147df93) x31 0x00000d80
core   0: 0x80003d96 (0x03ac84b3) mul     s1, s9, s10
core   0: 3 0x80003d96 (0x03ac84b3) x9  0x00000000
core   0: 0x80003d9a (0x01b46e63) bltu    s0, s11, pc + 28
core   0: 3 0x80003d9a (0x01b46e63)
core   0: 0x80003d9e (0x02d3f1b3) remu    gp, t2, a3
core   0: 3 0x80003d9e (0x02d3f1b3) x3  0x00000000
core   0: 0x80003da2 (0x00000110) c.addi4spn a2, sp, 128
core   0: 3 0x80003da2 (0x0110) x12 0xaad4d080
core   0: 0x80003da4 (0x00008e35) c.xor   a2, a3
core   0: 3 0x80003da4 (0x8e35) x12 0x552b2e01
core   0: 0x80003da6 (0x419ed033) sra     zero, t4, s9
core   0: 3 0x80003da6 (0x419ed033)
core   0: 0x80003daa (0x0216c0b3) div     ra, a3, ra
core   0: 3 0x80003daa (0x0216c0b3) x1  0xfffffe81
core   0: 0x80003dae (0x02065533) divu    a0, a2, zero
core   0: 3 0x80003dae (0x02065533) x10 0xffffffff
core   0: 0x80003db2 (0x0146c2b3) xor     t0, a3, s4
core   0: 3 0x80003db2 (0x0146c2b3) x5  0xfffffe81
core   0: 0x80003db6 (0x01af70b3) and     ra, t5, s10
core   0: 3 0x80003db6 (0x01af70b3) x1  0x00000000
core   0: 0x80003dba (0x317db793) sltiu   a5, s11, 791
core   0: 3 0x80003dba (0x317db793) x15 0x00000001
core   0: 0x80003dbe (0x000085b1) c.srai  a1, 12
core   0: 3 0x80003dbe (0x85b1) x11 0x00000000
core   0: 0x80003dc0 (0x000086b5) c.srai  a3, 13
core   0: 3 0x80003dc0 (0x86b5) x13 0xffffffff
core   0: 0x80003dc2 (0x01a39f33) sll     t5, t2, s10
core   0: 3 0x80003dc2 (0x01a39f33) x30 0x00000000
core   0: 0x80003dc6 (0x016c1263) bne     s8, s6, pc + 4
core   0: 3 0x80003dc6 (0x016c1263)
core   0: 0x80003dca (0x71817093) andi    ra, sp, 1816
core   0: 3 0x80003dca (0x71817093) x1  0x00000000
core   0: 0x80003dce (0x03bb0eb3) mul     t4, s6, s11
core   0: 3 0x80003dce (0x03bb0eb3) x29 0x00000000
core   0: 0x80003dd2 (0x0000461d) c.li    a2, 7
core   0: 3 0x80003dd2 (0x461d) x12 0x00000007
core   0: 0x80003dd4 (0x0000ea11) c.bnez  a2, pc + 20
core   0: 3 0x80003dd4 (0xea11)
core   0: 0x80003de8 (0x0fcc2e13) slti    t3, s8, 252
core   0: 3 0x80003de8 (0x0fcc2e13) x28 0x00000001
core   0: 0x80003dec (0x00000001) c.nop
core   0: 3 0x80003dec (0x0001)
core   0: 0x80003dee (0x00064c33) xor     s8, a2, zero
core   0: 3 0x80003dee (0x00064c33) x24 0x00000007
core   0: 0x80003df2 (0xe1a1f193) andi    gp, gp, -486
core   0: 3 0x80003df2 (0xe1a1f193) x3  0x00000000
core   0: 0x80003df6 (0x014fb633) sltu    a2, t6, s4
core   0: 3 0x80003df6 (0x014fb633) x12 0x00000000
core   0: 0x80003dfa (0x00000676) c.slli  a2, 29
core   0: 3 0x80003dfa (0x0676) x12 0x00000000
core   0: 0x80003dfc (0x049f0363) beq     t5, s1, pc + 70
core   0: 3 0x80003dfc (0x049f0363)
core   0: 0x80003e42 (0x03edc433) div     s0, s11, t5
core   0: 3 0x80003e42 (0x03edc433) x8  0xffffffff
core   0: 0x80003e46 (0x01220eb3) add     t4, tp, s2
core   0: 3 0x80003e46 (0x01220eb3) x29 0x8c90aa29
core   0: 0x80003e4a (0x004903b3) add     t2, s2, tp
core   0: 3 0x80003e4a (0x004903b3) x7  0x8c90aa29
core   0: 0x80003e4e (0x0000cc05) c.beqz  s0, pc + 56
core   0: 3 0x80003e4e (0xcc05)
core   0: 0x80003e50 (0x00008d91) c.sub   a1, a2
core   0: 3 0x80003e50 (0x8d91) x11 0x00000000
core   0: 0x80003e52 (0x5640a693) slti    a3, ra, 1380
core   0: 3 0x80003e52 (0x5640a693) x13 0x00000001
core   0: 0x80003e56 (0x02da50b3) divu    ra, s4, a3
core   0: 3 0x80003e56 (0x02da50b3) x1  0x00000000
core   0: 0x80003e5a (0x00001490) c.addi4spn a2, sp, 608
core   0: 3 0x80003e5a (0x1490) x12 0xaad4d260
core   0: 0x80003e5c (0x01605b13) srli    s6, zero, 22
core   0: 3 0x80003e5c (0x01605b13) x22 0x00000000
core   0: 0x80003e60 (0x016f3433) sltu    s0, t5, s6
core   0: 3 0x80003e60 (0x016f3433) x8  0x00000000
core   0: 0x80003e64 (0x00008afd) c.andi  a3, 31
core   0: 3 0x80003e64 (0x8afd) x13 0x00000001
core   0: 0x80003e66 (0x00008d89) c.sub   a1, a0
core   0: 3 0x80003e66 (0x8d89) x11 0x00000001
core   0: 0x80003e68 (0x00741d93) slli    s11, s0, 7
core   0: 3 0x80003e68 (0x00741d93) x27 0x00000000
core   0: 0x80003e6c (0x40655ab3) sra     s5, a0, t1
core   0: 3 0x80003e6c (0x40655ab3) x21 0xffffffff
core   0: 0x80003e70 (0x00008e81) c.sub   a3, s0
core   0: 3 0x80003e70 (0x8e81) x13 0x00000001
core   0: 0x80003e72 (0x5ed93cb7) lui     s9, 0x5ed93
core   0: 3 0x80003e72 (0x5ed93cb7) x25 0x5ed93000
core   0: 0x80003e76 (0x40f05333) sra     t1, zero, a5
core   0: 3 0x80003e76 (0x40f05333) x6  0x00000000
core   0: 0x80003e7a (0x0000eb8d) c.bnez  a5, pc + 50
core   0: 3 0x80003e7a (0xeb8d)
core   0: 0x80003eac (0xd94deb13) ori     s6, s11, -620
core   0: 3 0x80003eac (0xd94deb13) x22 0xfffffd94
core   0: 0x80003eb0 (0x00008aba) c.mv    s5, a4
core   0: 3 0x80003eb0 (0x8aba) x21 0x00000000
core   0: 0x80003eb2 (0x0000c611) c.beqz  a2, pc + 12
core   0: 3 0x80003eb2 (0xc611)
core   0: 0x80003eb4 (0x03ac7033) remu    zero, s8, s10
core   0: 3 0x80003eb4 (0x03ac7033)
core   0: 0x80003eb8 (0x0000e219) c.bnez  a2, pc + 6
core   0: 3 0x80003eb8 (0xe219)
core   0: 0x80003ebe (0x02a139b3) mulhu   s3, sp, a0
core   0: 3 0x80003ebe (0x02a139b3) x19 0xaad4cfff
core   0: 0x80003ec2 (0x0000eb9d) c.bnez  a5, pc + 54
core   0: 3 0x80003ec2 (0xeb9d)
core   0: 0x80003ef8 (0x0179deb3) srl     t4, s3, s7
core   0: 3 0x80003ef8 (0x0179deb3) x29 0x0aad4cff
core   0: 0x80003efc (0x41875993) srai    s3, a4, 24
core   0: 3 0x80003efc (0x41875993) x19 0x00000000
core   0: 0x80003f00 (0x000084a5) c.srai  s1, 9
core   0: 3 0x80003f00 (0x84a5) x9  0x00000000
core   0: 0x80003f02 (0x00eff733) and     a4, t6, a4
core   0: 3 0x80003f02 (0x00eff733) x14 0x00000000
core   0: 0x80003f06 (0x004d73b3) and     t2, s10, tp
core   0: 3 0x80003f06 (0x004d73b3) x7  0x00000000
core   0: 0x80003f0a (0x060fb237) lui     tp, 0x60fb
core   0: 3 0x80003f0a (0x060fb237) x4  0x060fb000
core   0: 0x80003f0e (0x015575b3) and     a1, a0, s5
core   0: 3 0x80003f0e (0x015575b3) x11 0x00000000
core   0: 0x80003f12 (0x41f5d4b3) sra     s1, a1, t6
core   0: 3 0x80003f12 (0x41f5d4b3) x9  0x00000000
core   0: 0x80003f16 (0x91dfc513) xori    a0, t6, -1763
core   0: 3 0x80003f16 (0x91dfc513) x10 0xfffff49d
core   0: 0x80003f1a (0x00008ea9) c.xor   a3, a0
core   0: 3 0x80003f1a (0x8ea9) x13 0xfffff49c
core   0: 0x80003f1c (0x00000001) c.nop
core   0: 3 0x80003f1c (0x0001)
core   0: 0x80003f1e (0x02b8efb3) rem     t6, a7, a1
core   0: 3 0x80003f1e (0x02b8efb3) x31 0x80029ce4
core   0: 0x80003f22 (0x023d5063) bge     s10, gp, pc + 32
core   0: 3 0x80003f22 (0x023d5063)
core   0: 0x80003f42 (0x03152633) mulhsu  a2, a0, a7
core   0: 3 0x80003f42 (0x03152633) x12 0xfffffa4e
core   0: 0x80003f46 (0x00008e99) c.sub   a3, a4
core   0: 3 0x80003f46 (0x8e99) x13 0xfffff49c
core   0: 0x80003f48 (0x033b6d33) rem     s10, s6, s3
core   0: 3 0x80003f48 (0x033b6d33) x26 0xfffffd94
core   0: 0x80003f4c (0x0d58e963) bltu    a7, s5, pc + 210
core   0: 3 0x80003f4c (0x0d58e963)
core   0: 0x80003f50 (0x0808e493) ori     s1, a7, 128
core   0: 3 0x80003f50 (0x0808e493) x9  0x80029ce4
core   0: 0x80003f54 (0x41e403b3) sub     t2, s0, t5
core   0: 3 0x80003f54 (0x41e403b3) x7  0x00000000
core   0: 0x80003f58 (0x00856e33) or      t3, a0, s0
core   0: 3 0x80003f58 (0x00856e33) x28 0xfffff49d
core   0: 0x80003f5c (0x0369e833) rem     a6, s3, s6
core   0: 3 0x80003f5c (0x0369e833) x16 0x00000000
core   0: 0x80003f60 (0x6d2b0b13) addi    s6, s6, 1746
core   0: 3 0x80003f60 (0x6d2b0b13) x22 0x00000466
core   0: 0x80003f64 (0x037404b3) mul     s1, s0, s7
core   0: 3 0x80003f64 (0x037404b3) x9  0x00000000
core   0: 0x80003f68 (0x16446c93) ori     s9, s0, 356
core   0: 3 0x80003f68 (0x16446c93) x25 0x00000164
core   0: 0x80003f6c (0x172ae997) auipc   s3, 0x172ae
core   0: 3 0x80003f6c (0x172ae997) x19 0x972b1f6c
core   0: 0x80003f70 (0x0000ea17) auipc   s4, 0xe
core   0: 3 0x80003f70 (0x0000ea17) x20 0x80011f70
core   0: 0x80003f74 (0xc52a0a13) addi    s4, s4, -942
core   0: 3 0x80003f74 (0xc52a0a13) x20 0x80011bc2
core   0: 0x80003f78 (0xfffa4103) lbu     sp, -1(s4)
core   0: 3 0x80003f78 (0xfffa4103) x2  0x00000000 mem 0x80011bc1
core   0: 0x80003f7c (0x00931993) slli    s3, t1, 9
core   0: 3 0x80003f7c (0x00931993) x19 0x00000000
core   0: 0x80003f80 (0x0000078e) c.slli  a5, 3
core   0: 3 0x80003f80 (0x078e) x15 0x00000008
core   0: 0x80003f82 (0xffda0e83) lb      t4, -3(s4)
core   0: 3 0x80003f82 (0xffda0e83) x29 0x00000000 mem 0x80011bbf
core   0: 0x80003f86 (0xb5394c13) xori    s8, s2, -1197
core   0: 3 0x80003f86 (0xb5394c13) x24 0x736f517a
core   0: 0x80003f8a (0x0168c733) xor     a4, a7, s6
core   0: 3 0x80003f8a (0x0168c733) x14 0x80029882
core   0: 0x80003f8e (0x03bec433) div     s0, t4, s11
core   0: 3 0x80003f8e (0x03bec433) x8  0xffffffff
core   0: 0x80003f92 (0x4033d333) sra     t1, t2, gp
core   0: 3 0x80003f92 (0x4033d333) x6  0x00000000
core   0: 0x80003f96 (0x00fa4403) lbu     s0, 15(s4)
core   0: 3 0x80003f96 (0x00fa4403) x8  0x00000000 mem 0x80011bd1
core   0: 0x80003f9a (0x40a58233) sub     tp, a1, a0
core   0: 3 0x80003f9a (0x40a58233) x4  0x00000b63
core   0: 0x80003f9e (0x00327033) and     zero, tp, gp
core   0: 3 0x80003f9e (0x00327033)
core   0: 0x80003fa2 (0x0312b4b3) mulhu   s1, t0, a7
core   0: 3 0x80003fa2 (0x0312b4b3) x9  0x80029c24
core   0: 0x80003fa6 (0x01044fb3) xor     t6, s0, a6
core   0: 3 0x80003fa6 (0x01044fb3) x31 0x00000000
core   0: 0x80003faa (0xfeda08a3) sb      a3, -15(s4)
core   0: 3 0x80003faa (0xfeda08a3) mem 0x80011bb3 0x9c
core   0: 0x80003fae (0x00008162) c.mv    sp, s8
core   0: 3 0x80003fae (0x8162) x2  0x736f517a
core   0: 0x80003fb0 (0x00008b3e) c.mv    s6, a5
core   0: 3 0x80003fb0 (0x8b3e) x22 0x00000008
core   0: 0x80003fb2 (0xff3a0003) lb      zero, -13(s4)
core   0: 3 0x80003fb2 (0xff3a0003) mem 0x80011bb5
core   0: 0x80003fb6 (0x07dff417) auipc   s0, 0x7dff
core   0: 3 0x80003fb6 (0x07dff417) x8  0x87e02fb6
core   0: 0x80003fba (0xffea0d03) lb      s10, -2(s4)
core   0: 3 0x80003fba (0xffea0d03) x26 0x00000000 mem 0x80011bc0
core   0: 0x80003fbe (0x000059fd) c.li    s3, -1
core   0: 3 0x80003fbe (0x59fd) x19 0xffffffff
core   0: 0x80003fc0 (0xff8a5f83) lhu     t6, -8(s4)
core   0: 3 0x80003fc0 (0xff8a5f83) x31 0x00000000 mem 0x80011bba
core   0: 0x80003fc4 (0x00da4403) lbu     s0, 13(s4)
core   0: 3 0x80003fc4 (0x00da4403) x8  0x00000000 mem 0x80011bcf
core   0: 0x80003fc8 (0x0000808e) c.mv    ra, gp
core   0: 3 0x80003fc8 (0x808e) x1  0x00000000
core   0: 0x80003fca (0x01ea1423) sh      t5, 8(s4)
core   0: 3 0x80003fca (0x01ea1423) mem 0x80011bca 0x0000
core   0: 0x80003fce (0xff8a0b03) lb      s6, -8(s4)
core   0: 3 0x80003fce (0xff8a0b03) x22 0x00000000 mem 0x80011bba
core   0: 0x80003fd2 (0x016a0523) sb      s6, 10(s4)
core   0: 3 0x80003fd2 (0x016a0523) mem 0x80011bcc 0x00
core   0: 0x80003fd6 (0xff1a4a83) lbu     s5, -15(s4)
core   0: 3 0x80003fd6 (0xff1a4a83) x21 0x0000009c mem 0x80011bb3
core   0: 0x80003fda (0x824c2d93) slti    s11, s8, -2012
core   0: 3 0x80003fda (0x824c2d93) x27 0x00000000
core   0: 0x80003fde (0x033ead33) mulhsu  s10, t4, s3
core   0: 3 0x80003fde (0x033ead33) x26 0x00000000
core   0: 0x80003fe2 (0x0000028c) c.addi4spn a1, sp, 320
core   0: 3 0x80003fe2 (0x028c) x11 0x736f52ba
core   0: 0x80003fe4 (0xfffa4203) lbu     tp, -1(s4)
core   0: 3 0x80003fe4 (0xfffa4203) x4  0x00000000 mem 0x80011bc1
core   0: 0x80003fe8 (0x015276b3) and     a3, tp, s5
core   0: 3 0x80003fe8 (0x015276b3) x13 0x00000000
core   0: 0x80003fec (0x00da4403) lbu     s0, 13(s4)
core   0: 3 0x80003fec (0x00da4403) x8  0x00000000 mem 0x80011bcf
core   0: 0x80003ff0 (0x00008cad) c.xor   s1, a1
core   0: 3 0x80003ff0 (0x8cad) x9  0xf36dce9e
core   0: 0x80003ff2 (0xd9476b13) ori     s6, a4, -620
core   0: 3 0x80003ff2 (0xd9476b13) x22 0xfffffd96
core   0: 0x80003ff6 (0x00ba4203) lbu     tp, 11(s4)
core   0: 3 0x80003ff6 (0x00ba4203) x4  0x00000000 mem 0x80011bcd
core   0: 0x80003ffa (0x0175d393) srli    t2, a1, 23
core   0: 3 0x80003ffa (0x0175d393) x7  0x000000e6
core   0: 0x80003ffe (0x00000001) c.nop
core   0: 3 0x80003ffe (0x0001)
core   0: 0x80004000 (0x4067d133) sra     sp, a5, t1
core   0: 3 0x80004000 (0x4067d133) x2  0x00000008
core   0: 0x80004004 (0x0000417d) c.li    sp, 31
core   0: 3 0x80004004 (0x417d) x2  0x0000001f
core   0: 0x80004006 (0x005a0e03) lb      t3, 5(s4)
core   0: 3 0x80004006 (0x005a0e03) x28 0x00000000 mem 0x80011bc7
core   0: 0x8000400a (0xf66ca493) slti    s1, s9, -154
core   0: 3 0x8000400a (0xf66ca493) x9  0x00000000
core   0: 0x8000400e (0x0cbb3513) sltiu   a0, s6, 203
core   0: 3 0x8000400e (0x0cbb3513) x10 0x00000000
core   0: 0x80004012 (0x00005e7d) c.li    t3, -1
core   0: 3 0x80004012 (0x5e7d) x28 0xffffffff
core   0: 0x80004014 (0x004a1103) lh      sp, 4(s4)
core   0: 3 0x80004014 (0x004a1103) x2  0x00000000 mem 0x80011bc6
core   0: 0x80004018 (0x000014fd) c.addi  s1, -1
core   0: 3 0x80004018 (0x14fd) x9  0xffffffff
core   0: 0x8000401a (0x011a07a3) sb      a7, 15(s4)
core   0: 3 0x8000401a (0x011a07a3) mem 0x80011bd1 0xe4
core   0: 0x8000401e (0xa0198d13) addi    s10, s3, -1535
core   0: 3 0x8000401e (0xa0198d13) x26 0xfffffa00
core   0: 0x80004022 (0x00006b6d) c.lui   s6, 0x1b
core   0: 3 0x80004022 (0x6b6d) x22 0x0001b000
core   0: 0x80004024 (0x40970d33) sub     s10, a4, s1
core   0: 3 0x80004024 (0x40970d33) x26 0x80029883
core   0: 0x80004028 (0x40c05813) srai    a6, zero, 12
core   0: 3 0x80004028 (0x40c05813) x16 0x00000000
core   0: 0x8000402c (0x00009642) c.add   a2, a6
core   0: 3 0x8000402c (0x9642) x12 0xfffffa4e
core   0: 0x8000402e (0x000085d5) c.srai  a1, 21
core   0: 3 0x8000402e (0x85d5) x11 0x0000039b
core   0: 0x80004030 (0x00461833) sll     a6, a2, tp
core   0: 3 0x80004030 (0x00461833) x16 0xfffffa4e
core   0: 0x80004034 (0x03aa7ab3) remu    s5, s4, s10
core   0: 3 0x80004034 (0x03aa7ab3) x21 0x80011bc2
core   0: 0x80004038 (0x01ece563) bltu    s9, t5, pc + 10
core   0: 3 0x80004038 (0x01ece563)
core   0: 0x8000403c (0xf1860e13) addi    t3, a2, -232
core   0: 3 0x8000403c (0xf1860e13) x28 0xfffff966
core   0: 0x80004040 (0x00000001) c.nop
core   0: 3 0x80004040 (0x0001)
core   0: 0x80004042 (0x00008f25) c.xor   a4, s1
core   0: 3 0x80004042 (0x8f25) x14 0x7ffd677d
core   0: 0x80004044 (0x41ab5293) srai    t0, s6, 26
core   0: 3 0x80004044 (0x41ab5293) x5  0x00000000
core   0: 0x80004048 (0x01f31c13) slli    s8, t1, 31
core   0: 3 0x80004048 (0x01f31c13) x24 0x00000000
core   0: 0x8000404c (0x03080333) mul     t1, a6, a6
core   0: 3 0x8000404c (0x03080333) x6  0x00206fc4
core   0: 0x80004050 (0x02d8d863) bge     a7, a3, pc + 48
core   0: 3 0x80004050 (0x02d8d863)
core   0: 0x80004054 (0x0000eb05) c.bnez  a4, pc + 48
core   0: 3 0x80004054 (0xeb05)
core   0: 0x80004084 (0x018ff4b3) and     s1, t6, s8
core   0: 3 0x80004084 (0x018ff4b3) x9  0x00000000
core   0: 0x80004088 (0x00008e61) c.and   a2, s0
core   0: 3 0x80004088 (0x8e61) x12 0x00000000
core   0: 0x8000408a (0x40dcd693) srai    a3, s9, 13
core   0: 3 0x8000408a (0x40dcd693) x13 0x00000000
core   0: 0x8000408e (0x031ae863) bltu    s5, a7, pc + 48
core   0: 3 0x8000408e (0x031ae863)
core   0: 0x800040be (0x00ab9663) bne     s7, a0, pc + 12
core   0: 3 0x800040be (0x00ab9663)
core   0: 0x800040ca (0xe6497113) andi    sp, s2, -412
core   0: 3 0x800040ca (0xe6497113) x2  0x8c90aa20
core   0: 0x800040ce (0x027c3133) mulhu   sp, s8, t2
core   0: 3 0x800040ce (0x027c3133) x2  0x00000000
core   0: 0x800040d2 (0x00008de5) c.and   a1, s1
core   0: 3 0x800040d2 (0x8de5) x11 0x00000000
core   0: 0x800040d4 (0x00009b7d) c.andi  a4, -1
core   0: 3 0x800040d4 (0x9b7d) x14 0x7ffd677d
core   0: 0x800040d6 (0x2a3aa013) slti    zero, s5, 675
core   0: 3 0x800040d6 (0x2a3aa013)
core   0: 0x800040da (0x0003df33) srl     t5, t2, zero
core   0: 3 0x800040da (0x0003df33) x30 0x000000e6
core   0: 0x800040de (0x000090f6) c.add   ra, t4
core   0: 3 0x800040de (0x90f6) x1  0x00000000
core   0: 0x800040e0 (0x0195c833) xor     a6, a1, s9
core   0: 3 0x800040e0 (0x0195c833) x16 0x00000164
core   0: 0x800040e4 (0xa7490513) addi    a0, s2, -1420
core   0: 3 0x800040e4 (0xa7490513) x10 0x8c90a49d
core   0: 0x800040e8 (0x03edc433) div     s0, s11, t5
core   0: 3 0x800040e8 (0x03edc433) x8  0x00000000
core   0: 0x800040ec (0x03ef6d33) rem     s10, t5, t5
core   0: 3 0x800040ec (0x03ef6d33) x26 0x00000000
core   0: 0x800040f0 (0x3b528e93) addi    t4, t0, 949
core   0: 3 0x800040f0 (0x3b528e93) x29 0x000003b5
core   0: 0x800040f4 (0x00ca1963) bne     s4, a2, pc + 18
core   0: 3 0x800040f4 (0x00ca1963)
core   0: 0x80004106 (0x00b99013) slli    zero, s3, 11
core   0: 3 0x80004106 (0x00b99013)
core   0: 0x8000410a (0x000091da) c.add   gp, s6
core   0: 3 0x8000410a (0x91da) x3  0x0001b000
core   0: 0x8000410c (0xdd272093) slti    ra, a4, -558
core   0: 3 0x8000410c (0xdd272093) x1  0x00000000
core   0: 0x80004110 (0x0222c833) div     a6, t0, sp
core   0: 3 0x80004110 (0x0222c833) x16 0xffffffff
core   0: 0x80004114 (0x00695e33) srl     t3, s2, t1
core   0: 3 0x80004114 (0x00695e33) x28 0x08c90aa2
core   0: 0x80004118 (0xfe266313) ori     t1, a2, -30
core   0: 3 0x80004118 (0xfe266313) x6  0xffffffe2
core   0: 0x8000411c (0x014d3cb3) sltu    s9, s10, s4
core   0: 3 0x8000411c (0x014d3cb3) x25 0x00000001
core   0: 0x80004120 (0x03c99b33) mulh    s6, s3, t3
core   0: 3 0x80004120 (0x03c99b33) x22 0xffffffff
core   0: 0x80004124 (0x024a1f63) bne     s4, tp, pc + 62
core   0: 3 0x80004124 (0x024a1f63)
core   0: 0x80004162 (0x00008ea9) c.xor   a3, a0
core   0: 3 0x80004162 (0x8ea9) x13 0x8c90a49d
core   0: 0x80004164 (0x548a7a17) auipc   s4, 0x548a7
core   0: 3 0x80004164 (0x548a7a17) x20 0xd48ab164
core   0: 0x80004168 (0xfde12613) slti    a2, sp, -34
core   0: 3 0x80004168 (0xfde12613) x12 0x00000000
core   0: 0x8000416c (0x00008d7d) c.and   a0, a5
core   0: 3 0x8000416c (0x8d7d) x10 0x00000008
core   0: 0x8000416e (0x01f95033) srl     zero, s2, t6
core   0: 3 0x8000416e (0x01f95033)
core   0: 0x80004172 (0x0000717d) c.addi16sp sp, -16
core   0: 3 0x80004172 (0x717d) x2  0xfffffff0
core   0: 0x80004174 (0x000003dd) c.addi  t2, 23
core   0: 3 0x80004174 (0x03dd) x7  0x000000fd
core   0: 0x80004176 (0x00ff8633) add     a2, t6, a5
core   0: 3 0x80004176 (0x00ff8633) x12 0x00000008
core   0: 0x8000417a (0x00008eed) c.and   a3, a1
core   0: 3 0x8000417a (0x8eed) x13 0x00000000
core   0: 0x8000417c (0x027103b3) mul     t2, sp, t2
core   0: 3 0x8000417c (0x027103b3) x7  0xfffff030
core   0: 0x80004180 (0x00000a6a) c.slli  s4, 26
core   0: 3 0x80004180 (0x0a6a) x20 0x90000000
core   0: 0x80004182 (0x00008ff1) c.and   a5, a2
core   0: 3 0x80004182 (0x8ff1) x15 0x00000008
core   0: 0x80004184 (0x00000e8c) c.addi4spn a1, sp, 848
core   0: 3 0x80004184 (0x0e8c) x11 0x00000340
core   0: 0x80004186 (0x0087f563) bgeu    a5, s0, pc + 10
core   0: 3 0x80004186 (0x0087f563)
core   0: 0x80004190 (0x1b2aee93) ori     t4, s5, 434
core   0: 3 0x80004190 (0x1b2aee93) x29 0x80011bf2
core   0: 0x80004194 (0x0000e209) c.bnez  a2, pc + 2
core   0: 3 0x80004194 (0xe209)
core   0: 0x80004196 (0x00008fd5) c.or    a5, a3
core   0: 3 0x80004196 (0x8fd5) x15 0x00000008
core   0: 0x80004198 (0x00001b08) c.addi4spn a0, sp, 432
core   0: 3 0x80004198 (0x1b08) x10 0x000001a0
core   0: 0x8000419a (0x000080c9) c.srli  s1, 18
core   0: 3 0x8000419a (0x80c9) x9  0x00000000
core   0: 0x8000419c (0x00c2ee33) or      t3, t0, a2
core   0: 3 0x8000419c (0x00c2ee33) x28 0x00000008
core   0: 0x800041a0 (0x0116c763) blt     a3, a7, pc + 14
core   0: 3 0x800041a0 (0x0116c763)
core   0: 0x800041a4 (0x0000612d) c.addi16sp sp, 224
core   0: 3 0x800041a4 (0x612d) x2  0x000000d0
core   0: 0x800041a6 (0x009ff533) and     a0, t6, s1
core   0: 3 0x800041a6 (0x009ff533) x10 0x00000000
core   0: 0x800041aa (0x020f5963) bgez    t5, pc + 50
core   0: 3 0x800041aa (0x020f5963)
core   0: 0x800041dc (0x0212d4b3) divu    s1, t0, ra
core   0: 3 0x800041dc (0x0212d4b3) x9  0xffffffff
core   0: 0x800041e0 (0x025e4163) blt     t3, t0, pc + 34
core   0: 3 0x800041e0 (0x025e4163)
core   0: 0x800041e4 (0x00008f69) c.and   a4, a0
core   0: 3 0x800041e4 (0x8f69) x14 0x00000000
core   0: 0x800041e6 (0x401e56b3) sra     a3, t3, ra
core   0: 3 0x800041e6 (0x401e56b3) x13 0x00000008
core   0: 0x800041ea (0x6866cf17) auipc   t5, 0x6866c
core   0: 3 0x800041ea (0x6866cf17) x30 0xe86701ea
core   0: 0x800041ee (0x0000ce11) c.beqz  a2, pc + 28
core   0: 3 0x800041ee (0xce11)
core   0: 0x800041f0 (0x00000ef5) c.addi  t4, 29
core   0: 3 0x800041f0 (0x0ef5) x29 0x80011c0f
core   0: 0x800041f2 (0x0145bc33) sltu    s8, a1, s4
core   0: 3 0x800041f2 (0x0145bc33) x24 0x00000001
core   0: 0x800041f6 (0x57697d37) lui     s10, 0x57697
core   0: 3 0x800041f6 (0x57697d37) x26 0x57697000
core   0: 0x800041fa (0xa5436f13) ori     t5, t1, -1452
core   0: 3 0x800041fa (0xa5436f13) x30 0xfffffff6
core   0: 0x800041fe (0x011d8ab3) add     s5, s11, a7
core   0: 3 0x800041fe (0x011d8ab3) x21 0x80029ce4
core   0: 0x80004202 (0x02d5ca33) div     s4, a1, a3
core   0: 3 0x80004202 (0x02d5ca33) x20 0x00000068
core   0: 0x80004206 (0x41f853b3) sra     t2, a6, t6
core   0: 3 0x80004206 (0x41f853b3) x7  0xffffffff
core   0: 0x8000420a (0x00000001) c.nop
core   0: 3 0x8000420a (0x0001)
core   0: 0x8000420c (0x00e97463) bgeu    s2, a4, pc + 8
core   0: 3 0x8000420c (0x00e97463)
core   0: 0x80004214 (0x01429413) slli    s0, t0, 20
core   0: 3 0x80004214 (0x01429413) x8  0x00000000
core   0: 0x80004218 (0x000085ca) c.mv    a1, s2
core   0: 3 0x80004218 (0x85ca) x11 0x8c90aa29
core   0: 0x8000421a (0x01d91813) slli    a6, s2, 29
core   0: 3 0x8000421a (0x01d91813) x16 0x20000000
core   0: 0x8000421e (0x0000c015) c.beqz  s0, pc + 36
core   0: 3 0x8000421e (0xc015)
core   0: 0x80004242 (0x032f56b3) divu    a3, t5, s2
core   0: 3 0x80004242 (0x032f56b3) x13 0x00000001
core   0: 0x80004246 (0x025d84b3) mul     s1, s11, t0
core   0: 3 0x80004246 (0x025d84b3) x9  0x00000000
core   0: 0x8000424a (0x001256b3) srl     a3, tp, ra
core   0: 3 0x8000424a (0x001256b3) x13 0x00000000
core   0: 0x8000424e (0x02417d33) remu    s10, sp, tp
core   0: 3 0x8000424e (0x02417d33) x26 0x000000d0
core   0: 0x80004252 (0x0280d563) bge     ra, s0, pc + 42
core   0: 3 0x80004252 (0x0280d563)
core   0: 0x8000427c (0x00000108) c.addi4spn a0, sp, 128
core   0: 3 0x8000427c (0x0108) x10 0x00000150
core   0: 0x8000427e (0x01835313) srli    t1, t1, 24
core   0: 3 0x8000427e (0x01835313) x6  0x000000ff
core   0: 0x80004282 (0xb17f6237) lui     tp, 0xb17f6
core   0: 3 0x80004282 (0xb17f6237) x4  0xb17f6000
core   0: 0x80004286 (0x00006095) c.lui   ra, 0x5
core   0: 3 0x80004286 (0x6095) x1  0x00005000
core   0: 0x80004288 (0x039c4463) blt     s8, s9, pc + 40
core   0: 3 0x80004288 (0x039c4463)
core   0: 0x8000428c (0x00008cad) c.xor   s1, a1
core   0: 3 0x8000428c (0x8cad) x9  0x8c90aa29
core   0: 0x8000428e (0x01d01813) slli    a6, zero, 29
core   0: 3 0x8000428e (0x01d01813) x16 0x00000000
core   0: 0x80004292 (0x0000686d) c.lui   a6, 0x1b
core   0: 3 0x80004292 (0x686d) x16 0x0001b000
core   0: 0x80004294 (0x40f60293) addi    t0, a2, 1039
core   0: 3 0x80004294 (0x40f60293) x5  0x00000417
core   0: 0x80004298 (0x41765c93) srai    s9, a2, 23
core   0: 3 0x80004298 (0x41765c93) x25 0x00000000
core   0: 0x8000429c (0x00008641) c.srai  a2, 16
core   0: 3 0x8000429c (0x8641) x12 0x00000000
core   0: 0x8000429e (0x0000c985) c.beqz  a1, pc + 48
core   0: 3 0x8000429e (0xc985)
core   0: 0x800042a0 (0x459e3a93) sltiu   s5, t3, 1113
core   0: 3 0x800042a0 (0x459e3a93) x21 0x00000001
core   0: 0x800042a4 (0x00000f08) c.addi4spn a0, sp, 912
core   0: 3 0x800042a4 (0x0f08) x10 0x00000460
core   0: 0x800042a6 (0x00aaed33) or      s10, s5, a0
core   0: 3 0x800042a6 (0x00aaed33) x26 0x00000461
core   0: 0x800042aa (0x011b42b3) xor     t0, s6, a7
core   0: 3 0x800042aa (0x011b42b3) x5  0x7ffd631b
core   0: 0x800042ae (0x00008c25) c.xor   s0, s1
core   0: 3 0x800042ae (0x8c25) x8  0x8c90aa29
core   0: 0x800042b0 (0x518e4393) xori    t2, t3, 1304
core   0: 3 0x800042b0 (0x518e4393) x7  0x00000510
core   0: 0x800042b4 (0x410a56b3) sra     a3, s4, a6
core   0: 3 0x800042b4 (0x410a56b3) x13 0x00000068
core   0: 0x800042b8 (0x00489993) slli    s3, a7, 4
core   0: 3 0x800042b8 (0x00489993) x19 0x0029ce40
core   0: 0x800042bc (0xcb9f8713) addi    a4, t6, -839
core   0: 3 0x800042bc (0xcb9f8713) x14 0xfffffcb9
core   0: 0x800042c0 (0x00008f5d) c.or    a4, a5
core   0: 3 0x800042c0 (0x8f5d) x14 0xfffffcb9
core   0: 0x800042c2 (0x00001f84) c.addi4spn s1, sp, 1008
core   0: 3 0x800042c2 (0x1f84) x9  0x000004c0
core   0: 0x800042c4 (0x00008499) c.srai  s1, 6
core   0: 3 0x800042c4 (0x8499) x9  0x00000013
core   0: 0x800042c6 (0x4cf5c193) xori    gp, a1, 1231
core   0: 3 0x800042c6 (0x4cf5c193) x3  0x8c90aee6
core   0: 0x800042ca (0x400d89b3) sub     s3, s11, zero
core   0: 3 0x800042ca (0x400d89b3) x19 0x00000000
core   0: 0x800042ce (0x00009f0a) c.add   t5, sp
core   0: 3 0x800042ce (0x9f0a) x30 0x000000c6
core   0: 0x800042d0 (0x03567063) bgeu    a2, s5, pc + 32
core   0: 3 0x800042d0 (0x03567063)
core   0: 0x800042d4 (0x1c5d7c17) auipc   s8, 0x1c5d7
core   0: 3 0x800042d4 (0x1c5d7c17) x24 0x9c5db2d4
core   0: 0x800042d8 (0x733bce13) xori    t3, s7, 1843
core   0: 3 0x800042d8 (0x733bce13) x28 0x80025957
core   0: 0x800042dc (0x00006aa5) c.lui   s5, 0x9
core   0: 3 0x800042dc (0x6aa5) x21 0x00009000
core   0: 0x800042de (0x417f0cb3) sub     s9, t5, s7
core   0: 3 0x800042de (0x417f0cb3) x25 0x7ffda262
core   0: 0x800042e2 (0x01038f33) add     t5, t2, a6
core   0: 3 0x800042e2 (0x01038f33) x30 0x0001b510
core   0: 0x800042e6 (0x4107ad93) slti    s11, a5, 1040
core   0: 3 0x800042e6 (0x4107ad93) x27 0x00000001
core   0: 0x800042ea (0x0023c0b3) xor     ra, t2, sp
core   0: 3 0x800042ea (0x0023c0b3) x1  0x000005c0
core   0: 0x800042ee (0x00009c76) c.add   s8, t4
core   0: 3 0x800042ee (0x9c76) x24 0x1c5ecee3
core   0: 0x800042f0 (0x000084b9) c.srai  s1, 14
core   0: 3 0x800042f0 (0x84b9) x9  0x00000000
core   0: 0x800042f2 (0x0000717d) c.addi16sp sp, -16
core   0: 3 0x800042f2 (0x717d) x2  0x000000c0
core   0: 0x800042f4 (0x0000e415) c.bnez  s0, pc + 44
core   0: 3 0x800042f4 (0xe415)
core   0: 0x80004320 (0x026a6e33) rem     t3, s4, t1
core   0: 3 0x80004320 (0x026a6e33) x28 0x00000068
core   0: 0x80004324 (0xc3e84817) auipc   a6, 0xc3e84
core   0: 3 0x80004324 (0xc3e84817) x16 0x43e88324
core   0: 0x80004328 (0x034ccfb3) div     t6, s9, s4
core   0: 3 0x80004328 (0x034ccfb3) x31 0x013b0dde
core   0: 0x8000432c (0x0068f563) bgeu    a7, t1, pc + 10
core   0: 3 0x8000432c (0x0068f563)
core   0: 0x80004336 (0x4db9f713) andi    a4, s3, 1243
core   0: 3 0x80004336 (0x4db9f713) x14 0x00000000
core   0: 0x8000433a (0x00d6ef63) bltu    a3, a3, pc + 30
core   0: 3 0x8000433a (0x00d6ef63)
core   0: 0x8000433e (0x0096d863) bge     a3, s1, pc + 16
core   0: 3 0x8000433e (0x0096d863)
core   0: 0x8000434e (0x01ba69b3) or      s3, s4, s11
core   0: 3 0x8000434e (0x01ba69b3) x19 0x00000069
core   0: 0x80004352 (0x00db1e63) bne     s6, a3, pc + 28
core   0: 3 0x80004352 (0x00db1e63)
core   0: 0x8000436e (0x00008f61) c.and   a4, s0
core   0: 3 0x8000436e (0x8f61) x14 0x00000000
core   0: 0x80004370 (0x00000d6e) c.slli  s10, 27
core   0: 3 0x80004370 (0x0d6e) x26 0x08000000
core   0: 0x80004372 (0x416b0633) sub     a2, s6, s6
core   0: 3 0x80004372 (0x416b0633) x12 0x00000000
core   0: 0x80004376 (0x027a9533) mulh    a0, s5, t2
core   0: 3 0x80004376 (0x027a9533) x10 0x00000000
core   0: 0x8000437a (0x402059b3) sra     s3, zero, sp
core   0: 3 0x8000437a (0x402059b3) x19 0x00000000
core   0: 0x8000437e (0x03ca5863) bge     s4, t3, pc + 48
core   0: 3 0x8000437e (0x03ca5863)
core   0: 0x800043ae (0x0000517d) c.li    sp, -1
core   0: 3 0x800043ae (0x517d) x2  0xffffffff
core   0: 0x800043b0 (0x038e4b33) div     s6, t3, s8
core   0: 3 0x800043b0 (0x038e4b33) x22 0x00000000
core   0: 0x800043b4 (0x00008c01) c.sub   s0, s0
core   0: 3 0x800043b4 (0x8c01) x8  0x00000000
core   0: 0x800043b6 (0x030b3fb3) mulhu   t6, s6, a6
core   0: 3 0x800043b6 (0x030b3fb3) x31 0x00000000
core   0: 0x800043ba (0x00006f91) c.lui   t6, 0x4
core   0: 3 0x800043ba (0x6f91) x31 0x00004000
core   0: 0x800043bc (0x000080ed) c.srli  s1, 27
core   0: 3 0x800043bc (0x80ed) x9  0x00000000
core   0: 0x800043be (0xbdf3ed13) ori     s10, t2, -1057
core   0: 3 0x800043be (0xbdf3ed13) x26 0xffffffdf
core   0: 0x800043c2 (0xdce4e713) ori     a4, s1, -562
core   0: 3 0x800043c2 (0xdce4e713) x14 0xfffffdce
core   0: 0x800043c6 (0x024b9863) bne     s7, tp, pc + 48
core   0: 3 0x800043c6 (0x024b9863)
core   0: 0x800043f6 (0x84f3ad97) auipc   s11, 0x84f3a
core   0: 3 0x800043f6 (0x84f3ad97) x27 0x04f3e3f6
core   0: 0x800043fa (0x01a46663) bltu    s0, s10, pc + 12
core   0: 3 0x800043fa (0x01a46663)
core   0: 0x80004406 (0x00000565) c.addi  a0, 25
core   0: 3 0x80004406 (0x0565) x10 0x00000019
core   0: 0x80004408 (0x02f11063) bne     sp, a5, pc + 32
core   0: 3 0x80004408 (0x02f11063)
core   0: 0x80004428 (0x01560833) add     a6, a2, s5
core   0: 3 0x80004428 (0x01560833) x16 0x00009000
core   0: 0x8000442c (0x0000079a) c.slli  a5, 6
core   0: 3 0x8000442c (0x079a) x15 0x00000200
core   0: 0x8000442e (0x03980c33) mul     s8, a6, s9
core   0: 3 0x8000442e (0x03980c33) x24 0xab572000
core   0: 0x80004432 (0x00236cb3) or      s9, t1, sp
core   0: 3 0x80004432 (0x00236cb3) x25 0xffffffff
core   0: 0x80004436 (0x00000001) c.nop
core   0: 3 0x80004436 (0x0001)
core   0: 0x80004438 (0x017d4eb3) xor     t4, s10, s7
core   0: 3 0x80004438 (0x017d4eb3) x29 0x7ffda1bb
core   0: 0x8000443c (0x40285f13) srai    t5, a6, 2
core   0: 3 0x8000443c (0x40285f13) x30 0x00002400
core   0: 0x80004440 (0x00008d05) c.sub   a0, s1
core   0: 3 0x80004440 (0x8d05) x10 0x00000019
core   0: 0x80004442 (0x01cff4b3) and     s1, t6, t3
core   0: 3 0x80004442 (0x01cff4b3) x9  0x00000000
core   0: 0x80004446 (0x03911863) bne     sp, s9, pc + 48
core   0: 3 0x80004446 (0x03911863)
core   0: 0x8000444a (0x00008b01) c.andi  a4, 0
core   0: 3 0x8000444a (0x8b01) x14 0x00000000
core   0: 0x8000444c (0x0093ec33) or      s8, t2, s1
core   0: 3 0x8000444c (0x0093ec33) x24 0x00000510
core   0: 0x80004450 (0x000081fa) c.mv    gp, t5
core   0: 3 0x80004450 (0x81fa) x3  0x00002400
core   0: 0x80004452 (0x0000517d) c.li    sp, -1
core   0: 3 0x80004452 (0x517d) x2  0xffffffff
core   0: 0x80004454 (0x40a35713) srai    a4, t1, 10
core   0: 3 0x80004454 (0x40a35713) x14 0x00000000
core   0: 0x80004458 (0x02a9b7b3) mulhu   a5, s3, a0
core   0: 3 0x80004458 (0x02a9b7b3) x15 0x00000000
core   0: 0x8000445c (0xcf51a693) slti    a3, gp, -779
core   0: 3 0x8000445c (0xcf51a693) x13 0x00000000
core   0: 0x80004460 (0x0000c88d) c.beqz  s1, pc + 50
core   0: 3 0x80004460 (0xc88d)
core   0: 0x80004492 (0x017af263) bgeu    s5, s7, pc + 4
core   0: 3 0x80004492 (0x017af263)
core   0: 0x80004496 (0x00b39213) slli    tp, t2, 11
core   0: 3 0x80004496 (0x00b39213) x4  0x00288000
core   0: 0x8000449a (0x00000d86) c.slli  s11, 1
core   0: 3 0x8000449a (0x0d86) x27 0x09e7c7ec
core   0: 0x8000449c (0x033d93b3) mulh    t2, s11, s3
core   0: 3 0x8000449c (0x033d93b3) x7  0x00000000
core   0: 0x800044a0 (0x040dc263) bltz    s11, pc + 68
core   0: 3 0x800044a0 (0x040dc263)
core   0: 0x800044a4 (0x00008e49) c.or    a2, a0
core   0: 3 0x800044a4 (0x8e49) x12 0x00000019
core   0: 0x800044a6 (0x01e67833) and     a6, a2, t5
core   0: 3 0x800044a6 (0x01e67833) x16 0x00000000
core   0: 0x800044aa (0x00d68663) beq     a3, a3, pc + 12
core   0: 3 0x800044aa (0x00d68663)
core   0: 0x800044b6 (0xec38f7b7) lui     a5, 0xec38f
core   0: 3 0x800044b6 (0xec38f7b7) x15 0xec38f000
core   0: 0x800044ba (0x01f90133) add     sp, s2, t6
core   0: 3 0x800044ba (0x01f90133) x2  0x8c90ea29
core   0: 0x800044be (0x02e4bdb3) mulhu   s11, s1, a4
core   0: 3 0x800044be (0x02e4bdb3) x27 0x00000000
core   0: 0x800044c2 (0x00005efd) c.li    t4, -1
core   0: 3 0x800044c2 (0x5efd) x29 0xffffffff
core   0: 0x800044c4 (0x60878793) addi    a5, a5, 1544
core   0: 3 0x800044c4 (0x60878793) x15 0xec38f608
core   0: 0x800044c8 (0x02333633) mulhu   a2, t1, gp
core   0: 3 0x800044c8 (0x02333633) x12 0x00000000
core   0: 0x800044cc (0x06008063) beqz    ra, pc + 96
core   0: 3 0x800044cc (0x06008063)
core   0: 0x800044d0 (0x0000c581) c.beqz  a1, pc + 8
core   0: 3 0x800044d0 (0xc581)
core   0: 0x800044d2 (0x43267113) andi    sp, a2, 1074
core   0: 3 0x800044d2 (0x43267113) x2  0x00000000
core   0: 0x800044d6 (0x00000f55) c.addi  t5, 21
core   0: 3 0x800044d6 (0x0f55) x30 0x00002415
core   0: 0x800044d8 (0x000080e6) c.mv    ra, s9
core   0: 3 0x800044d8 (0x80e6) x1  0xffffffff
core   0: 0x800044da (0x030383b3) mul     t2, t2, a6
core   0: 3 0x800044da (0x030383b3) x7  0x00000000
core   0: 0x800044de (0x00c34663) blt     t1, a2, pc + 12
core   0: 3 0x800044de (0x00c34663)
core   0: 0x800044e2 (0x00008405) c.srai  s0, 1
core   0: 3 0x800044e2 (0x8405) x8  0x00000000
core   0: 0x800044e4 (0x899e8c17) auipc   s8, 0x899e8
core   0: 3 0x800044e4 (0x899e8c17) x24 0x099ec4e4
core   0: 0x800044e8 (0x0000857d) c.srai  a0, 31
core   0: 3 0x800044e8 (0x857d) x10 0x00000000
core   0: 0x800044ea (0x00008c61) c.and   s0, s0
core   0: 3 0x800044ea (0x8c61) x8  0x00000000
core   0: 0x800044ec (0x05016763) bltu    sp, a6, pc + 78
core   0: 3 0x800044ec (0x05016763)
core   0: 0x800044f0 (0x00008d75) c.and   a0, a3
core   0: 3 0x800044f0 (0x8d75) x10 0x00000000
core   0: 0x800044f2 (0x32a9ed93) ori     s11, s3, 810
core   0: 3 0x800044f2 (0x32a9ed93) x27 0x0000032a
core   0: 0x800044f6 (0x04a2f763) bgeu    t0, a0, pc + 78
core   0: 3 0x800044f6 (0x04a2f763)
core   0: 0x80004544 (0x026fa033) mulhsu  zero, t6, t1
core   0: 3 0x80004544 (0x026fa033)
core   0: 0x80004548 (0x00565293) srli    t0, a2, 5
core   0: 3 0x80004548 (0x00565293) x5  0x00000000
core   0: 0x8000454c (0x0040c033) xor     zero, ra, tp
core   0: 3 0x8000454c (0x0040c033)
core   0: 0x80004550 (0x00008c65) c.and   s0, s1
core   0: 3 0x80004550 (0x8c65) x8  0x00000000
core   0: 0x80004552 (0x00000001) c.nop
core   0: 3 0x80004552 (0x0001)
core   0: 0x80004554 (0x000088c5) c.andi  s1, 17
core   0: 3 0x80004554 (0x88c5) x9  0x00000000
core   0: 0x80004556 (0xc7982f13) slti    t5, a6, -903
core   0: 3 0x80004556 (0xc7982f13) x30 0x00000000
core   0: 0x8000455a (0xd94fdeb7) lui     t4, 0xd94fd
core   0: 3 0x8000455a (0xd94fdeb7) x29 0xd94fd000
core   0: 0x8000455e (0x0000861e) c.mv    a2, t2
core   0: 3 0x8000455e (0x861e) x12 0x00000000
core   0: 0x80004560 (0x538ecd13) xori    s10, t4, 1336
core   0: 3 0x80004560 (0x538ecd13) x26 0xd94fd538
core   0: 0x80004564 (0x0000824d) c.srli  a2, 19
core   0: 3 0x80004564 (0x824d) x12 0x00000000
core   0: 0x80004566 (0x010784b3) add     s1, a5, a6
core   0: 3 0x80004566 (0x010784b3) x9  0xec38f608
core   0: 0x8000456a (0x00004cb9) c.li    s9, 14
core   0: 3 0x8000456a (0x4cb9) x25 0x0000000e
core   0: 0x8000456c (0x00000001) c.nop
core   0: 3 0x8000456c (0x0001)
core   0: 0x8000456e (0x0000e889) c.bnez  s1, pc + 18
core   0: 3 0x8000456e (0xe889)
core   0: 0x80004580 (0x000086c6) c.mv    a3, a7
core   0: 3 0x80004580 (0x86c6) x13 0x80029ce4
core   0: 0x80004582 (0x0000717d) c.addi16sp sp, -16
core   0: 3 0x80004582 (0x717d) x2  0xfffffff0
core   0: 0x80004584 (0x0030d493) srli    s1, ra, 3
core   0: 3 0x80004584 (0x0030d493) x9  0x1fffffff
core   0: 0x80004588 (0x025d59b3) divu    s3, s10, t0
core   0: 3 0x80004588 (0x025d59b3) x19 0xffffffff
core   0: 0x8000458c (0x00e31593) slli    a1, t1, 14
core   0: 3 0x8000458c (0x00e31593) x11 0x003fc000
core   0: 0x80004590 (0x00eeecb3) or      s9, t4, a4
core   0: 3 0x80004590 (0x00eeecb3) x25 0xd94fd000
core   0: 0x80004594 (0x00008e49) c.or    a2, a0
core   0: 3 0x80004594 (0x8e49) x12 0x00000000
core   0: 0x80004596 (0x019db4b3) sltu    s1, s11, s9
core   0: 3 0x80004596 (0x019db4b3) x9  0x00000001
core   0: 0x8000459a (0x00801f63) bne     zero, s0, pc + 30
core   0: 3 0x8000459a (0x00801f63)
core   0: 0x8000459e (0x40b607b3) sub     a5, a2, a1
core   0: 3 0x8000459e (0x40b607b3) x15 0xffc04000
core   0: 0x800045a2 (0x00008dd5) c.or    a1, a3
core   0: 3 0x800045a2 (0x8dd5) x11 0x803fdce4
core   0: 0x800045a4 (0x78f49237) lui     tp, 0x78f49
core   0: 3 0x800045a4 (0x78f49237) x4  0x78f49000
core   0: 0x800045a8 (0x412d5313) srai    t1, s10, 18
core   0: 3 0x800045a8 (0x412d5313) x6  0xfffff653
core   0: 0x800045ac (0x013f52b3) srl     t0, t5, s3
core   0: 3 0x800045ac (0x013f52b3) x5  0x00000000
core   0: 0x800045b0 (0x0100f563) bgeu    ra, a6, pc + 10
core   0: 3 0x800045b0 (0x0100f563)
core   0: 0x800045ba (0x731dc593) xori    a1, s11, 1841
core   0: 3 0x800045ba (0x731dc593) x11 0x0000041b
core   0: 0x800045be (0x000086fe) c.mv    a3, t6
core   0: 3 0x800045be (0x86fe) x13 0x00004000
core   0: 0x800045c0 (0x000019fd) c.addi  s3, -1
core   0: 3 0x800045c0 (0x19fd) x19 0xfffffffe
core   0: 0x800045c2 (0x40bbdfb3) sra     t6, s7, a1
core   0: 3 0x800045c2 (0x40bbdfb3) x31 0xfffffff0
core   0: 0x800045c6 (0x40bf8a33) sub     s4, t6, a1
core   0: 3 0x800045c6 (0x40bf8a33) x20 0xfffffbd5
core   0: 0x800045ca (0x40cfde33) sra     t3, t6, a2
core   0: 3 0x800045ca (0x40cfde33) x28 0xfffffff0
core   0: 0x800045ce (0x0105d093) srli    ra, a1, 16
core   0: 3 0x800045ce (0x0105d093) x1  0x00000000
core   0: 0x800045d2 (0x02a1ecb3) rem     s9, gp, a0
core   0: 3 0x800045d2 (0x02a1ecb3) x25 0x00002400
core   0: 0x800045d6 (0xa3074f93) xori    t6, a4, -1488
core   0: 3 0x800045d6 (0xa3074f93) x31 0xfffffa30
core   0: 0x800045da (0x037cc563) blt     s9, s7, pc + 42
core   0: 3 0x800045da (0x037cc563)
core   0: 0x800045de (0x029cbf33) mulhu   t5, s9, s1
core   0: 3 0x800045de (0x029cbf33) x30 0x00000000
core   0: 0x800045e2 (0x000084dd) c.srai  s1, 23
core   0: 3 0x800045e2 (0x84dd) x9  0x00000000
core   0: 0x800045e4 (0xd834c613) xori    a2, s1, -637
core   0: 3 0x800045e4 (0xd834c613) x12 0xfffffd83
core   0: 0x800045e8 (0x02a0d363) bge     ra, a0, pc + 38
core   0: 3 0x800045e8 (0x02a0d363)
core   0: 0x8000460e (0x899e6c13) ori     s8, t3, -1895
core   0: 3 0x8000460e (0x899e6c13) x24 0xfffffff9
core   0: 0x80004612 (0x02f0a433) mulhsu  s0, ra, a5
core   0: 3 0x80004612 (0x02f0a433) x8  0x00000000
core   0: 0x80004616 (0x411d5633) sra     a2, s10, a7
core   0: 3 0x80004616 (0x411d5633) x12 0xfd94fd53
core   0: 0x8000461a (0x0293e9b3) rem     s3, t2, s1
core   0: 3 0x8000461a (0x0293e9b3) x19 0x00000000
core   0: 0x8000461e (0x599cee93) ori     t4, s9, 1433
core   0: 3 0x8000461e (0x599cee93) x29 0x00002599
core   0: 0x80004622 (0x037422b3) mulhsu  t0, s0, s7
core   0: 3 0x80004622 (0x037422b3) x5  0x00000000
core   0: 0x80004626 (0x00000001) c.nop
core   0: 3 0x80004626 (0x0001)
core   0: 0x80004628 (0x41b1deb3) sra     t4, gp, s11
core   0: 3 0x80004628 (0x41b1deb3) x29 0x00000009
core   0: 0x8000462c (0x030c57b3) divu    a5, s8, a6
core   0: 3 0x8000462c (0x030c57b3) x15 0xffffffff
core   0: 0x80004630 (0x053a7063) bgeu    s4, s3, pc + 64
core   0: 3 0x80004630 (0x053a7063)
core   0: 0x80004670 (0x03dd7a33) remu    s4, s10, t4
core   0: 3 0x80004670 (0x03dd7a33) x20 0x00000004
core   0: 0x80004674 (0x01404c63) blt     zero, s4, pc + 24
core   0: 3 0x80004674 (0x01404c63)
core   0: 0x8000468c (0x00f41993) slli    s3, s0, 15
core   0: 3 0x8000468c (0x00f41993) x19 0x00000000
core   0: 0x80004690 (0xdee20b17) auipc   s6, 0xdee20
core   0: 3 0x80004690 (0xdee20b17) x22 0x5ee24690
core   0: 0x80004694 (0x03dae9b3) rem     s3, s5, t4
core   0: 3 0x80004694 (0x03dae9b3) x19 0x00000000
core   0: 0x80004698 (0x03d09763) bne     ra, t4, pc + 46
core   0: 3 0x80004698 (0x03d09763)
core   0: 0x800046c6 (0x031fdb33) divu    s6, t6, a7
core   0: 3 0x800046c6 (0x031fdb33) x22 0x00000001
core   0: 0x800046ca (0x000086c9) c.srai  a3, 18
core   0: 3 0x800046ca (0x86c9) x13 0x00000000
core   0: 0x800046cc (0x03330963) beq     t1, s3, pc + 50
core   0: 3 0x800046cc (0x03330963)
core   0: 0x800046d0 (0x00008d9d) c.sub   a1, a5
core   0: 3 0x800046d0 (0x8d9d) x11 0x0000041c
core   0: 0x800046d2 (0x00eeda63) bge     t4, a4, pc + 20
core   0: 3 0x800046d2 (0x00eeda63)
core   0: 0x800046e6 (0x0000964a) c.add   a2, s2
core   0: 3 0x800046e6 (0x964a) x12 0x8a25a77c
core   0: 0x800046e8 (0x01c83533) sltu    a0, a6, t3
core   0: 3 0x800046e8 (0x01c83533) x10 0x00000001
core   0: 0x800046ec (0x0000c781) c.beqz  a5, pc + 8
core   0: 3 0x800046ec (0xc781)
core   0: 0x800046ee (0x0000717d) c.addi16sp sp, -16
core   0: 3 0x800046ee (0x717d) x2  0xffffffe0
core   0: 0x800046f0 (0x037e4133) div     sp, t3, s7
core   0: 3 0x800046f0 (0x037e4133) x2  0x00000000
core   0: 0x800046f4 (0xf829f713) andi    a4, s3, -126
core   0: 3 0x800046f4 (0xf829f713) x14 0x00000000
core   0: 0x800046f8 (0x00006eb9) c.lui   t4, 0xe
core   0: 3 0x800046f8 (0x6eb9) x29 0x0000e000
core   0: 0x800046fa (0x03b1d5b3) divu    a1, gp, s11
core   0: 3 0x800046fa (0x03b1d5b3) x11 0x0000000b
core   0: 0x800046fe (0x0000e389) c.bnez  a5, pc + 2
core   0: 3 0x800046fe (0xe389)
core   0: 0x80004700 (0x7a4b2c17) auipc   s8, 0x7a4b2
core   0: 3 0x80004700 (0x7a4b2c17) x24 0xfa4b6700
core   0: 0x80004704 (0x6c506e93) ori     t4, zero, 1733
core   0: 3 0x80004704 (0x6c506e93) x29 0x000006c5
core   0: 0x80004708 (0x00000d51) c.addi  s10, 20
core   0: 3 0x80004708 (0x0d51) x26 0xd94fd54c
core   0: 0x8000470a (0x00001dfd) c.addi  s11, -1
core   0: 3 0x8000470a (0x1dfd) x27 0x00000329
core   0: 0x8000470c (0x84a76493) ori     s1, a4, -1974
core   0: 3 0x8000470c (0x84a76493) x9  0xfffff84a
core   0: 0x80004710 (0x00008b81) c.andi  a5, 0
core   0: 3 0x80004710 (0x8b81) x15 0x00000000
core   0: 0x80004712 (0x01a7a533) slt     a0, a5, s10
core   0: 3 0x80004712 (0x01a7a533) x10 0x00000000
core   0: 0x80004716 (0x01231e93) slli    t4, t1, 18
core   0: 3 0x80004716 (0x01231e93) x29 0xd94c0000
core   0: 0x8000471a (0x000042b9) c.li    t0, 14
core   0: 3 0x8000471a (0x42b9) x5  0x0000000e
core   0: 0x8000471c (0x0527f163) bgeu    a5, s2, pc + 66
core   0: 3 0x8000471c (0x0527f163)
core   0: 0x80004720 (0x000085d9) c.srai  a1, 22
core   0: 3 0x80004720 (0x85d9) x11 0x00000000
core   0: 0x80004722 (0x01e82f33) slt     t5, a6, t5
core   0: 3 0x80004722 (0x01e82f33) x30 0x00000000
core   0: 0x80004726 (0x00000b5a) c.slli  s6, 22
core   0: 3 0x80004726 (0x0b5a) x22 0x00400000
core   0: 0x80004728 (0x01b7a033) slt     zero, a5, s11
core   0: 3 0x80004728 (0x01b7a033)
core   0: 0x8000472c (0x01c94833) xor     a6, s2, t3
core   0: 3 0x8000472c (0x01c94833) x16 0x736f55d9
core   0: 0x80004730 (0x03055963) bge     a0, a6, pc + 50
core   0: 3 0x80004730 (0x03055963)
core   0: 0x80004734 (0x0243e063) bltu    t2, tp, pc + 32
core   0: 3 0x80004734 (0x0243e063)
core   0: 0x80004754 (0x00006111) c.addi16sp sp, 256
core   0: 3 0x80004754 (0x6111) x2  0x00000100
core   0: 0x80004756 (0x02d6c833) div     a6, a3, a3
core   0: 3 0x80004756 (0x02d6c833) x16 0xffffffff
core   0: 0x8000475a (0x00a4eab3) or      s5, s1, a0
core   0: 3 0x8000475a (0x00a4eab3) x21 0xfffff84a
core   0: 0x8000475e (0x02c97ab3) remu    s5, s2, a2
core   0: 3 0x8000475e (0x02c97ab3) x21 0x026b02ad
core   0: 0x80004762 (0xdcc3cc97) auipc   s9, 0xdcc3c
core   0: 3 0x80004762 (0xdcc3cc97) x25 0x5cc40762
core   0: 0x80004766 (0x9c31c093) xori    ra, gp, -1597
core   0: 3 0x80004766 (0x9c31c093) x1  0xffffddc3
core   0: 0x8000476a (0x01dfd5b3) srl     a1, t6, t4
core   0: 3 0x8000476a (0x01dfd5b3) x11 0xfffffa30
core   0: 0x8000476e (0x027a5963) bge     s4, t2, pc + 50
core   0: 3 0x8000476e (0x027a5963)
core   0: 0x800047a0 (0x0000c11d) c.beqz  a0, pc + 38
core   0: 3 0x800047a0 (0xc11d)
core   0: 0x800047c6 (0x0000717d) c.addi16sp sp, -16
core   0: 3 0x800047c6 (0x717d) x2  0x000000f0
core   0: 0x800047c8 (0x03d6ba33) mulhu   s4, a3, t4
core   0: 3 0x800047c8 (0x03d6ba33) x20 0x00000000
core   0: 0x800047cc (0x00008792) c.mv    a5, tp
core   0: 3 0x800047cc (0x8792) x15 0x78f49000
core   0: 0x800047ce (0x000063dd) c.lui   t2, 0x17
core   0: 3 0x800047ce (0x63dd) x7  0x00017000
core   0: 0x800047d0 (0xa5b97a13) andi    s4, s2, -1445
core   0: 3 0x800047d0 (0xa5b97a13) x20 0x8c90aa09
core   0: 0x800047d4 (0x000017fd) c.addi  a5, -1
core   0: 3 0x800047d4 (0x17fd) x15 0x78f48fff
core   0: 0x800047d6 (0x0141c363) blt     gp, s4, pc + 6
core   0: 3 0x800047d6 (0x0141c363)
core   0: 0x800047da (0x00000001) c.nop
core   0: 3 0x800047da (0x0001)
core   0: 0x800047dc (0x0039d313) srli    t1, s3, 3
core   0: 3 0x800047dc (0x0039d313) x6  0x00000000
core   0: 0x800047e0 (0x0000527d) c.li    tp, -1
core   0: 3 0x800047e0 (0x527d) x4  0xffffffff
core   0: 0x800047e2 (0x00008789) c.srai  a5, 2
core   0: 3 0x800047e2 (0x8789) x15 0x1e3d23ff
core   0: 0x800047e4 (0x8f100393) li      t2, -1807
core   0: 3 0x800047e4 (0x8f100393) x7  0xfffff8f1
core   0: 0x800047e8 (0x1206c493) xori    s1, a3, 288
core   0: 3 0x800047e8 (0x1206c493) x9  0x00000120
core   0: 0x800047ec (0x012fe0b3) or      ra, t6, s2
core   0: 3 0x800047ec (0x012fe0b3) x1  0xfffffa39
core   0: 0x800047f0 (0x00000a10) c.addi4spn a2, sp, 272
core   0: 3 0x800047f0 (0x0a10) x12 0x00000200
core   0: 0x800047f2 (0x00d14233) xor     tp, sp, a3
core   0: 3 0x800047f2 (0x00d14233) x4  0x000000f0
core   0: 0x800047f6 (0x040d2c13) slti    s8, s10, 64
core   0: 3 0x800047f6 (0x040d2c13) x24 0x00000001
core   0: 0x800047fa (0xcf4d2813) slti    a6, s10, -780
core   0: 3 0x800047fa (0xcf4d2813) x16 0x00000001
core   0: 0x800047fe (0x01fdde93) srli    t4, s11, 31
core   0: 3 0x800047fe (0x01fdde93) x29 0x00000000
core   0: 0x80004802 (0x0000e509) c.bnez  a0, pc + 10
core   0: 3 0x80004802 (0xe509)
core   0: 0x80004804 (0x407dd7b3) sra     a5, s11, t2
core   0: 3 0x80004804 (0x407dd7b3) x15 0x00000000
core   0: 0x80004808 (0x00008c39) c.xor   s0, a4
core   0: 3 0x80004808 (0x8c39) x8  0x00000000
core   0: 0x8000480a (0x00000ea2) c.slli  t4, 8
core   0: 3 0x8000480a (0x0ea2) x29 0x00000000
core   0: 0x8000480c (0x33cf4813) xori    a6, t5, 828
core   0: 3 0x8000480c (0x33cf4813) x16 0x0000033c
core   0: 0x80004810 (0x87bd8793) addi    a5, s11, -1925
core   0: 3 0x80004810 (0x87bd8793) x15 0xfffffba4
core   0: 0x80004814 (0x85064f97) auipc   t6, 0x85064
core   0: 3 0x80004814 (0x85064f97) x31 0x05068814
core   0: 0x80004818 (0x02316663) bltu    sp, gp, pc + 44
core   0: 3 0x80004818 (0x02316663)
core   0: 0x80004844 (0x41f95493) srai    s1, s2, 31
core   0: 3 0x80004844 (0x41f95493) x9  0xffffffff
core   0: 0x80004848 (0x00006d5d) c.lui   s10, 0x17
core   0: 3 0x80004848 (0x6d5d) x26 0x00017000
core   0: 0x8000484a (0x40845e93) srai    t4, s0, 8
core   0: 3 0x8000484a (0x40845e93) x29 0x00000000
core   0: 0x8000484e (0x00000884) c.addi4spn s1, sp, 80
core   0: 3 0x8000484e (0x0884) x9  0x00000140
core   0: 0x80004850 (0x0000cc95) c.beqz  s1, pc + 60
core   0: 3 0x80004850 (0xcc95)
core   0: 0x80004852 (0x00d7ae33) slt     t3, a5, a3
core   0: 3 0x80004852 (0x00d7ae33) x28 0x00000001
core   0: 0x80004856 (0x7e93d7b7) lui     a5, 0x7e93d
core   0: 3 0x80004856 (0x7e93d7b7) x15 0x7e93d000
core   0: 0x8000485a (0x03909ab3) mulh    s5, ra, s9
core   0: 3 0x8000485a (0x03909ab3) x21 0xfffffde8
core   0: 0x8000485e (0x00006171) c.addi16sp sp, 336
core   0: 3 0x8000485e (0x6171) x2  0x00000240
core   0: 0x80004860 (0x41a904b3) sub     s1, s2, s10
core   0: 3 0x80004860 (0x41a904b3) x9  0x8c8f3a29
core   0: 0x80004864 (0x0130b333) sltu    t1, ra, s3
core   0: 3 0x80004864 (0x0130b333) x6  0x00000000
core   0: 0x80004868 (0x0000ed99) c.bnez  a1, pc + 30
core   0: 3 0x80004868 (0xed99)
core   0: 0x80004886 (0x00000662) c.slli  a2, 24
core   0: 3 0x80004886 (0x0662) x12 0x00000000
core   0: 0x80004888 (0x00006afd) c.lui   s5, 0x1f
core   0: 3 0x80004888 (0x6afd) x21 0x0001f000
core   0: 0x8000488a (0x000001fe) c.slli  gp, 31
core   0: 3 0x8000488a (0x01fe) x3  0x00000000
core   0: 0x8000488c (0x23c6e213) ori     tp, a3, 572
core   0: 3 0x8000488c (0x23c6e213) x4  0x0000023c
core   0: 0x80004890 (0x02f580b3) mul     ra, a1, a5
core   0: 3 0x80004890 (0x02f580b3) x1  0x44d70000
core   0: 0x80004894 (0x40095db3) sra     s11, s2, zero
core   0: 3 0x80004894 (0x40095db3) x27 0x8c90aa29
core   0: 0x80004898 (0x02c559b3) divu    s3, a0, a2
core   0: 3 0x80004898 (0x02c559b3) x19 0xffffffff
core   0: 0x8000489c (0x00006e2d) c.lui   t3, 0xb
core   0: 3 0x8000489c (0x6e2d) x28 0x0000b000
core   0: 0x8000489e (0xfd4e6113) ori     sp, t3, -44
core   0: 3 0x8000489e (0xfd4e6113) x2  0xffffffd4
core   0: 0x800048a2 (0x033b4463) blt     s6, s3, pc + 40
core   0: 3 0x800048a2 (0x033b4463)
core   0: 0x800048a6 (0x0000c619) c.beqz  a2, pc + 14
core   0: 3 0x800048a6 (0xc619)
core   0: 0x800048b4 (0x00000001) c.nop
core   0: 3 0x800048b4 (0x0001)
core   0: 0x800048b6 (0x00006145) c.addi16sp sp, 48
core   0: 3 0x800048b6 (0x6145) x2  0x00000004
core   0: 0x800048b8 (0x015f41b3) xor     gp, t5, s5
core   0: 3 0x800048b8 (0x015f41b3) x3  0x0001f000
core   0: 0x800048bc (0x00000001) c.nop
core   0: 3 0x800048bc (0x0001)
core   0: 0x800048be (0x41d9d013) srai    zero, s3, 29
core   0: 3 0x800048be (0x41d9d013)
core   0: 0x800048c2 (0x4007dab3) sra     s5, a5, zero
core   0: 3 0x800048c2 (0x4007dab3) x21 0x7e93d000
core   0: 0x800048c6 (0xf4da4793) xori    a5, s4, -179
core   0: 3 0x800048c6 (0xf4da4793) x15 0x736f5544
core   0: 0x800048ca (0x03e0f2b3) remu    t0, ra, t5
core   0: 3 0x800048ca (0x03e0f2b3) x5  0x44d70000
core   0: 0x800048ce (0x0098d713) srli    a4, a7, 9
core   0: 3 0x800048ce (0x0098d713) x14 0x0040014e
core   0: 0x800048d2 (0x06360063) beq     a2, gp, pc + 96
core   0: 3 0x800048d2 (0x06360063)
core   0: 0x800048d6 (0xa14d9d97) auipc   s11, 0xa14d9
core   0: 3 0x800048d6 (0xa14d9d97) x27 0x214dd8d6
core   0: 0x800048da (0x02d61133) mulh    sp, a2, a3
core   0: 3 0x800048da (0x02d61133) x2  0x00000000
core   0: 0x800048de (0x00006e79) c.lui   t3, 0x1e
core   0: 3 0x800048de (0x6e79) x28 0x0001e000
core   0: 0x800048e0 (0x013ddf93) srli    t6, s11, 19
core   0: 3 0x800048e0 (0x013ddf93) x31 0x00000429
core   0: 0x800048e4 (0x06b89963) bne     a7, a1, pc + 114
core   0: 3 0x800048e4 (0x06b89963)
core   0: 0x80004956 (0x4132d293) srai    t0, t0, 19
core   0: 3 0x80004956 (0x4132d293) x5  0x0000089a
core   0: 0x8000495a (0x003c5e93) srli    t4, s8, 3
core   0: 3 0x8000495a (0x003c5e93) x29 0x00000000
core   0: 0x8000495e (0x05391463) bne     s2, s3, pc + 72
core   0: 3 0x8000495e (0x05391463)
core   0: 0x800049a6 (0x41e55a33) sra     s4, a0, t5
core   0: 3 0x800049a6 (0x41e55a33) x20 0x00000000
core   0: 0x800049aa (0x0037e333) or      t1, a5, gp
core   0: 3 0x800049aa (0x0037e333) x6  0x736ff544
core   0: 0x800049ae (0x81a22013) slti    zero, tp, -2022
core   0: 3 0x800049ae (0x81a22013)
core   0: 0x800049b2 (0x034e39b3) mulhu   s3, t3, s4
core   0: 3 0x800049b2 (0x034e39b3) x19 0x00000000
core   0: 0x800049b6 (0xffd8ca37) lui     s4, 0xffd8c
core   0: 3 0x800049b6 (0xffd8ca37) x20 0xffd8c000
core   0: 0x800049ba (0x00dd0e33) add     t3, s10, a3
core   0: 3 0x800049ba (0x00dd0e33) x28 0x00017000
core   0: 0x800049be (0x00009dfe) c.add   s11, t6
core   0: 3 0x800049be (0x9dfe) x27 0x214ddcff
core   0: 0x800049c0 (0x000084f1) c.srai  s1, 28
core   0: 3 0x800049c0 (0x84f1) x9  0xfffffff8
core   0: 0x800049c2 (0x000081ad) c.srli  a1, 11
core   0: 3 0x800049c2 (0x81ad) x11 0x001fffff
core   0: 0x800049c4 (0x03e58a63) beq     a1, t5, pc + 52
core   0: 3 0x800049c4 (0x03e58a63)
core   0: 0x800049c8 (0x01020663) beq     tp, a6, pc + 12
core   0: 3 0x800049c8 (0x01020663)
core   0: 0x800049cc (0x010d5663) bge     s10, a6, pc + 12
core   0: 3 0x800049cc (0x010d5663)
core   0: 0x800049d8 (0x023f8363) beq     t6, gp, pc + 38
core   0: 3 0x800049d8 (0x023f8363)
core   0: 0x800049dc (0x6439ad13) slti    s10, s3, 1603
core   0: 3 0x800049dc (0x6439ad13) x26 0x00000001
core   0: 0x800049e0 (0x0000071a) c.slli  a4, 6
core   0: 3 0x800049e0 (0x071a) x14 0x10005380
core   0: 0x800049e2 (0x00001314) c.addi4spn a3, sp, 416
core   0: 3 0x800049e2 (0x1314) x13 0x000001a0
core   0: 0x800049e4 (0x0121efb3) or      t6, gp, s2
core   0: 3 0x800049e4 (0x0121efb3) x31 0x8c91fa29
core   0: 0x800049e8 (0x00e98763) beq     s3, a4, pc + 14
core   0: 3 0x800049e8 (0x00e98763)
core   0: 0x800049ec (0x01aa4eb3) xor     t4, s4, s10
core   0: 3 0x800049ec (0x01aa4eb3) x29 0xffd8c001
core   0: 0x800049f0 (0x00008d8e) c.mv    s11, gp
core   0: 3 0x800049f0 (0x8d8e) x27 0x0001f000
core   0: 0x800049f2 (0x01f63b33) sltu    s6, a2, t6
core   0: 3 0x800049f2 (0x01f63b33) x22 0x00000001
core   0: 0x800049f6 (0x0000ea99) c.bnez  a3, pc + 22
core   0: 3 0x800049f6 (0xea99)
core   0: 0x80004a0c (0x000a10b3) sll     ra, s4, zero
core   0: 3 0x80004a0c (0x000a10b3) x1  0xffd8c000
core   0: 0x80004a10 (0x0000c701) c.beqz  a4, pc + 8
core   0: 3 0x80004a10 (0xc701)
core   0: 0x80004a12 (0x0000031c) c.addi4spn a5, sp, 384
core   0: 3 0x80004a12 (0x031c) x15 0x00000180
core   0: 0x80004a14 (0x05996063) bltu    s2, s9, pc + 64
core   0: 3 0x80004a14 (0x05996063)
core   0: 0x80004a18 (0x0000018d) c.addi  gp, 3
core   0: 3 0x80004a18 (0x018d) x3  0x0001f003
core   0: 0x80004a1a (0x035b11b3) mulh    gp, s6, s5
core   0: 3 0x80004a1a (0x035b11b3) x3  0x00000000
core   0: 0x80004a1e (0x01c8d293) srli    t0, a7, 28
core   0: 3 0x80004a1e (0x01c8d293) x5  0x00000008
core   0: 0x80004a22 (0x00009b46) c.add   s6, a7
core   0: 3 0x80004a22 (0x9b46) x22 0x80029ce5
core   0: 0x80004a24 (0x40615db3) sra     s11, sp, t1
core   0: 3 0x80004a24 (0x40615db3) x27 0x00000000
core   0: 0x80004a28 (0x025d43b3) div     t2, s10, t0
core   0: 3 0x80004a28 (0x025d43b3) x7  0x00000000
core   0: 0x80004a2c (0x00bc17b3) sll     a5, s8, a1
core   0: 3 0x80004a2c (0x00bc17b3) x15 0x80000000
core   0: 0x80004a30 (0x515bed93) ori     s11, s7, 1301
core   0: 3 0x80004a30 (0x515bed93) x27 0x80025f75
core   0: 0x80004a34 (0xff3b5e17) auipc   t3, 0xff3b5
core   0: 3 0x80004a34 (0xff3b5e17) x28 0x7f3b9a34
core   0: 0x80004a38 (0x999cac13) slti    s8, s9, -1639
core   0: 3 0x80004a38 (0x999cac13) x24 0x00000000
core   0: 0x80004a3c (0x00000001) c.nop
core   0: 3 0x80004a3c (0x0001)
core   0: 0x80004a3e (0x02da94b3) mulh    s1, s5, a3
core   0: 3 0x80004a3e (0x02da94b3) x9  0x000000cd
core   0: 0x80004a42 (0x0000c80d) c.beqz  s0, pc + 50
core   0: 3 0x80004a42 (0xc80d)
core   0: 0x80004a74 (0x003ad633) srl     a2, s5, gp
core   0: 3 0x80004a74 (0x003ad633) x12 0x7e93d000
core   0: 0x80004a78 (0x00a040b3) xor     ra, zero, a0
core   0: 3 0x80004a78 (0x00a040b3) x1  0x00000000
core   0: 0x80004a7c (0xa25f6b13) ori     s6, t5, -1499
core   0: 3 0x80004a7c (0xa25f6b13) x22 0xfffffa25
core   0: 0x80004a80 (0x00000001) c.nop
core   0: 3 0x80004a80 (0x0001)
core   0: 0x80004a82 (0xf1bb7537) lui     a0, 0xf1bb7
core   0: 3 0x80004a82 (0xf1bb7537) x10 0xf1bb7000
core   0: 0x80004a86 (0x012c1233) sll     tp, s8, s2
core   0: 3 0x80004a86 (0x012c1233) x4  0x00000000
core   0: 0x80004a8a (0x00b55d63) bge     a0, a1, pc + 26
core   0: 3 0x80004a8a (0x00b55d63)
core   0: 0x80004a8e (0x404f00b3) sub     ra, t5, tp
core   0: 3 0x80004a8e (0x404f00b3) x1  0x00000000
core   0: 0x80004a92 (0x000e5463) bgez    t3, pc + 8
core   0: 3 0x80004a92 (0x000e5463)
core   0: 0x80004a9a (0x86c7fb13) andi    s6, a5, -1940
core   0: 3 0x80004a9a (0x86c7fb13) x22 0x80000000
core   0: 0x80004a9e (0x00000001) c.nop
core   0: 3 0x80004a9e (0x0001)
core   0: 0x80004aa0 (0xb379e813) ori     a6, s3, -1225
core   0: 3 0x80004aa0 (0xb379e813) x16 0xfffffb37
core   0: 0x80004aa4 (0x0000035a) c.slli  t1, 22
core   0: 3 0x80004aa4 (0x035a) x6  0x51000000
core   0: 0x80004aa6 (0x000060f1) c.lui   ra, 0x1c
core   0: 3 0x80004aa6 (0x60f1) x1  0x0001c000
core   0: 0x80004aa8 (0x02fe82b3) mul     t0, t4, a5
core   0: 3 0x80004aa8 (0x02fe82b3) x5  0x80000000
core   0: 0x80004aac (0x405e0d33) sub     s10, t3, t0
core   0: 3 0x80004aac (0x405e0d33) x26 0xff3b9a34
core   0: 0x80004ab0 (0x41125693) srai    a3, tp, 17
core   0: 3 0x80004ab0 (0x41125693) x13 0x00000000
core   0: 0x80004ab4 (0x0000e90d) c.bnez  a0, pc + 50
core   0: 3 0x80004ab4 (0xe90d)
core   0: 0x80004ae6 (0x00000001) c.nop
core   0: 3 0x80004ae6 (0x0001)
core   0: 0x80004ae8 (0x02b38063) beq     t2, a1, pc + 32
core   0: 3 0x80004ae8 (0x02b38063)
core   0: 0x80004aec (0xd994e813) ori     a6, s1, -615
core   0: 3 0x80004aec (0xd994e813) x16 0xfffffddd
core   0: 0x80004af0 (0xd36da013) slti    zero, s11, -714
core   0: 3 0x80004af0 (0xd36da013)
core   0: 0x80004af4 (0x01a41cb3) sll     s9, s0, s10
core   0: 3 0x80004af4 (0x01a41cb3) x25 0x00000000
core   0: 0x80004af8 (0x0000c511) c.beqz  a0, pc + 12
core   0: 3 0x80004af8 (0xc511)
core   0: 0x80004afa (0x03f6cf33) div     t5, a3, t6
core   0: 3 0x80004afa (0x03f6cf33) x30 0x00000000
core   0: 0x80004afe (0x00000001) c.nop
core   0: 3 0x80004afe (0x0001)
core   0: 0x80004b00 (0x762d0f13) addi    t5, s10, 1890
core   0: 3 0x80004b00 (0x762d0f13) x30 0xff3ba196
core   0: 0x80004b04 (0x40ca86b3) sub     a3, s5, a2
core   0: 3 0x80004b04 (0x40ca86b3) x13 0x00000000
core   0: 0x80004b08 (0x00008b65) c.andi  a4, 25
core   0: 3 0x80004b08 (0x8b65) x14 0x00000000
core   0: 0x80004b0a (0x00165993) srli    s3, a2, 1
core   0: 3 0x80004b0a (0x00165993) x19 0x3f49e800
core   0: 0x80004b0e (0x00008ff9) c.and   a5, a4
core   0: 3 0x80004b0e (0x8ff9) x15 0x00000000
core   0: 0x80004b10 (0x0000c40d) c.beqz  s0, pc + 42
core   0: 3 0x80004b10 (0xc40d)
core   0: 0x80004b3a (0x0000616d) c.addi16sp sp, 240
core   0: 3 0x80004b3a (0x616d) x2  0x000000f0
core   0: 0x80004b3c (0x00008d29) c.xor   a0, a0
core   0: 3 0x80004b3c (0x8d29) x10 0x00000000
core   0: 0x80004b3e (0x006c75b3) and     a1, s8, t1
core   0: 3 0x80004b3e (0x006c75b3) x11 0x00000000
core   0: 0x80004b42 (0x0051f763) bgeu    gp, t0, pc + 14
core   0: 3 0x80004b42 (0x0051f763)
core   0: 0x80004b46 (0x0000e215) c.bnez  a2, pc + 36
core   0: 3 0x80004b46 (0xe215)
core   0: 0x80004b6a (0x0298c7b3) div     a5, a7, s1
core   0: 3 0x80004b6a (0x0298c7b3) x15 0xff602b3a
core   0: 0x80004b6e (0x0044c7b3) xor     a5, s1, tp
core   0: 3 0x80004b6e (0x0044c7b3) x15 0x000000cd
core   0: 0x80004b72 (0x000051fd) c.li    gp, -1
core   0: 3 0x80004b72 (0x51fd) x3  0xffffffff
core   0: 0x80004b74 (0x00000b05) c.addi  s6, 1
core   0: 3 0x80004b74 (0x0b05) x22 0x80000001
core   0: 0x80004b76 (0x00008109) c.srli  a0, 2
core   0: 3 0x80004b76 (0x8109) x10 0x00000000
core   0: 0x80004b78 (0x00008e21) c.xor   a2, s0
core   0: 3 0x80004b78 (0x8e21) x12 0x7e93d000
core   0: 0x80004b7a (0x016a1a63) bne     s4, s6, pc + 20
core   0: 3 0x80004b7a (0x016a1a63)
core   0: 0x80004b8e (0x00780f63) beq     a6, t2, pc + 30
core   0: 3 0x80004b8e (0x00780f63)
core   0: 0x80004b92 (0x03bc34b3) mulhu   s1, s8, s11
core   0: 3 0x80004b92 (0x03bc34b3) x9  0x00000000
core   0: 0x80004b96 (0x025d89b3) mul     s3, s11, t0
core   0: 3 0x80004b96 (0x025d89b3) x19 0x80000000
core   0: 0x80004b9a (0x026fa6b3) mulhsu  a3, t6, t1
core   0: 3 0x80004b9a (0x026fa6b3) x13 0xdb7a3026
core   0: 0x80004b9e (0x00000001) c.nop
core   0: 3 0x80004b9e (0x0001)
core   0: 0x80004ba0 (0xdc61b613) sltiu   a2, gp, -570
core   0: 3 0x80004ba0 (0xdc61b613) x12 0x00000000
core   0: 0x80004ba4 (0x03546063) bltu    s0, s5, pc + 32
core   0: 3 0x80004ba4 (0x03546063)
core   0: 0x80004bc4 (0x038a77b3) remu    a5, s4, s8
core   0: 3 0x80004bc4 (0x038a77b3) x15 0xffd8c000
core   0: 0x80004bc8 (0x00de24b3) slt     s1, t3, a3
core   0: 3 0x80004bc8 (0x00de24b3) x9  0x00000000
core   0: 0x80004bcc (0x03fd5433) divu    s0, s10, t6
core   0: 3 0x80004bcc (0x03fd5433) x8  0x00000001
core   0: 0x80004bd0 (0x14a0f013) andi    zero, ra, 330
core   0: 3 0x80004bd0 (0x14a0f013)
core   0: 0x80004bd4 (0x01f27cb3) and     s9, tp, t6
core   0: 3 0x80004bd4 (0x01f27cb3) x25 0x00000000
core   0: 0x80004bd8 (0x012b8db3) add     s11, s7, s2
core   0: 3 0x80004bd8 (0x012b8db3) x27 0x0c93088d
core   0: 0x80004bdc (0x00008c39) c.xor   s0, a4
core   0: 3 0x80004bdc (0x8c39) x8  0x00000001
core   0: 0x80004bde (0x00008cc1) c.or    s1, s0
core   0: 3 0x80004bde (0x8cc1) x9  0x00000001
core   0: 0x80004be0 (0x73fc51b7) lui     gp, 0x73fc5
core   0: 3 0x80004be0 (0x73fc51b7) x3  0x73fc5000
core   0: 0x80004be4 (0x012b5b13) srli    s6, s6, 18
core   0: 3 0x80004be4 (0x012b5b13) x22 0x00002000
core   0: 0x80004be8 (0x4041dcb3) sra     s9, gp, tp
core   0: 3 0x80004be8 (0x4041dcb3) x25 0x73fc5000
core   0: 0x80004bec (0x40185313) srai    t1, a6, 1
core   0: 3 0x80004bec (0x40185313) x6  0xfffffeee
core   0: 0x80004bf0 (0x00000001) c.nop
core   0: 3 0x80004bf0 (0x0001)
core   0: 0x80004bf2 (0x00008521) c.srai  a0, 8
core   0: 3 0x80004bf2 (0x8521) x10 0x00000000
core   0: 0x80004bf4 (0x00008bf9) c.andi  a5, 30
core   0: 3 0x80004bf4 (0x8bf9) x15 0x00000000
core   0: 0x80004bf6 (0x00008e1d) c.sub   a2, a5
core   0: 3 0x80004bf6 (0x8e1d) x12 0x00000000
core   0: 0x80004bf8 (0x03942833) mulhsu  a6, s0, s9
core   0: 3 0x80004bf8 (0x03942833) x16 0x00000000
core   0: 0x80004bfc (0x010b9b13) slli    s6, s7, 16
core   0: 3 0x80004bfc (0x010b9b13) x22 0x5e640000
core   0: 0x80004c00 (0x012cd393) srli    t2, s9, 18
core   0: 3 0x80004c00 (0x012cd393) x7  0x00001cff
core   0: 0x80004c04 (0x60ce0d17) auipc   s10, 0x60ce0
core   0: 3 0x80004c04 (0x60ce0d17) x26 0xe0ce4c04
core   0: 0x80004c08 (0x5edc7413) andi    s0, s8, 1517
core   0: 3 0x80004c08 (0x5edc7413) x8  0x00000000
core   0: 0x80004c0c (0x00008d59) c.or    a0, a4
core   0: 3 0x80004c0c (0x8d59) x10 0x00000000
core   0: 0x80004c0e (0x037ac3b3) div     t2, s5, s7
core   0: 3 0x80004c0e (0x037ac3b3) x7  0x00000000
core   0: 0x80004c12 (0x0000717d) c.addi16sp sp, -16
core   0: 3 0x80004c12 (0x717d) x2  0x000000e0
core   0: 0x80004c14 (0x0000c1a1) c.beqz  a1, pc + 64
core   0: 3 0x80004c14 (0xc1a1)
core   0: 0x80004c54 (0x40bad693) srai    a3, s5, 11
core   0: 3 0x80004c54 (0x40bad693) x13 0x000fd27a
core   0: 0x80004c58 (0x00008df1) c.and   a1, a2
core   0: 3 0x80004c58 (0x8df1) x11 0x00000000
core   0: 0x80004c5a (0x00001dfd) c.addi  s11, -1
core   0: 3 0x80004c5a (0x1dfd) x27 0x0c93088c
core   0: 0x80004c5c (0x0000072a) c.slli  a4, 10
core   0: 3 0x80004c5c (0x072a) x14 0x00000000
core   0: 0x80004c5e (0x0000e78d) c.bnez  a5, pc + 42
core   0: 3 0x80004c5e (0xe78d)
core   0: 0x80004c60 (0x01cecb33) xor     s6, t4, t3
core   0: 3 0x80004c60 (0x01cecb33) x22 0x80e35a35
core   0: 0x80004c64 (0x02a6f233) remu    tp, a3, a0
core   0: 3 0x80004c64 (0x02a6f233) x4  0x000fd27a
core   0: 0x80004c68 (0x40e60ab3) sub     s5, a2, a4
core   0: 3 0x80004c68 (0x40e60ab3) x21 0x00000000
core   0: 0x80004c6c (0x0000e299) c.bnez  a3, pc + 6
core   0: 3 0x80004c6c (0xe299)
core   0: 0x80004c72 (0x00008e4d) c.or    a2, a1
core   0: 3 0x80004c72 (0x8e4d) x12 0x00000000
core   0: 0x80004c74 (0x00004fe9) c.li    t6, 26
core   0: 3 0x80004c74 (0x4fe9) x31 0x0000001a
core   0: 0x80004c76 (0x02c129b3) mulhsu  s3, sp, a2
core   0: 3 0x80004c76 (0x02c129b3) x19 0x00000000
core   0: 0x80004c7a (0x0000c70d) c.beqz  a4, pc + 42
core   0: 3 0x80004c7a (0xc70d)
core   0: 0x80004ca4 (0x02b80663) beq     a6, a1, pc + 44
core   0: 3 0x80004ca4 (0x02b80663)
core   0: 0x80004cd0 (0x000069cd) c.lui   s3, 0x13
core   0: 3 0x80004cd0 (0x69cd) x19 0x00013000
core   0: 0x80004cd2 (0x0211d863) bge     gp, ra, pc + 48
core   0: 3 0x80004cd2 (0x0211d863)
core   0: 0x80004d02 (0x0000c3c9) c.beqz  a5, pc + 130
core   0: 3 0x80004d02 (0xc3c9)
core   0: 0x80004d84 (0x03fcd863) bge     s9, t6, pc + 48
core   0: 3 0x80004d84 (0x03fcd863)
core   0: 0x80004db4 (0x02c63633) mulhu   a2, a2, a2
core   0: 3 0x80004db4 (0x02c63633) x12 0x00000000
core   0: 0x80004db8 (0x01718633) add     a2, gp, s7
core   0: 3 0x80004db8 (0x01718633) x12 0xf3feae64
core   0: 0x80004dbc (0x01d1eb63) bltu    gp, t4, pc + 22
core   0: 3 0x80004dbc (0x01d1eb63)
core   0: 0x80004dd2 (0x406704b3) sub     s1, a4, t1
core   0: 3 0x80004dd2 (0x406704b3) x9  0x00000112
core   0: 0x80004dd6 (0x036a8f33) mul     t5, s5, s6
core   0: 3 0x80004dd6 (0x036a8f33) x30 0x00000000
core   0: 0x80004dda (0x00a49263) bne     s1, a0, pc + 4
core   0: 3 0x80004dda (0x00a49263)
core   0: 0x80004dde (0x405c5e93) srai    t4, s8, 5
core   0: 3 0x80004dde (0x405c5e93) x29 0x00000000
core   0: 0x80004de2 (0x016a5293) srli    t0, s4, 22
core   0: 3 0x80004de2 (0x016a5293) x5  0x000003ff
core   0: 0x80004de6 (0x03020463) beq     tp, a6, pc + 40
core   0: 3 0x80004de6 (0x03020463)
core   0: 0x80004dea (0x00008f11) c.sub   a4, a2
core   0: 3 0x80004dea (0x8f11) x14 0x0c01519c
core   0: 0x80004dec (0x406f50b3) sra     ra, t5, t1
core   0: 3 0x80004dec (0x406f50b3) x1  0x00000000
core   0: 0x80004df0 (0x41610f33) sub     t5, sp, s6
core   0: 3 0x80004df0 (0x41610f33) x30 0x7f1ca6ab
core   0: 0x80004df4 (0x00000001) c.nop
core   0: 3 0x80004df4 (0x0001)
core   0: 0x80004df6 (0x01564eb3) xor     t4, a2, s5
core   0: 3 0x80004df6 (0x01564eb3) x29 0xf3feae64
core   0: 0x80004dfa (0x0273d5b3) divu    a1, t2, t2
core   0: 3 0x80004dfa (0x0273d5b3) x11 0xffffffff
core   0: 0x80004dfe (0x5ae9bc13) sltiu   s8, s3, 1454
core   0: 3 0x80004dfe (0x5ae9bc13) x24 0x00000000
core   0: 0x80004e02 (0x41385813) srai    a6, a6, 19
core   0: 3 0x80004e02 (0x41385813) x16 0x00000000
core   0: 0x80004e06 (0x003cf563) bgeu    s9, gp, pc + 10
core   0: 3 0x80004e06 (0x003cf563)
core   0: 0x80004e10 (0x1014e463) bltu    s1, ra, pc + 264
core   0: 3 0x80004e10 (0x1014e463)
core   0: 0x80004e14 (0x009ed033) srl     zero, t4, s1
core   0: 3 0x80004e14 (0x009ed033)
core   0: 0x80004e18 (0x0000e265) c.bnez  a2, pc + 224
core   0: 3 0x80004e18 (0xe265)
core   0: 0x80004ef8 (0x003ad013) srli    zero, s5, 3
core   0: 3 0x80004ef8 (0x003ad013)
core   0: 0x80004efc (0x01270533) add     a0, a4, s2
core   0: 3 0x80004efc (0x01270533) x10 0x9891fbc5
core   0: 0x80004f00 (0x00008a45) c.andi  a2, 17
core   0: 3 0x80004f00 (0x8a45) x12 0x00000000
core   0: 0x80004f02 (0x00000001) c.nop
core   0: 3 0x80004f02 (0x0001)
core   0: 0x80004f04 (0x00000001) c.nop
core   0: 3 0x80004f04 (0x0001)
core   0: 0x80004f06 (0x4044d813) srai    a6, s1, 4
core   0: 3 0x80004f06 (0x4044d813) x16 0x00000011
core   0: 0x80004f0a (0x01b697b3) sll     a5, a3, s11
core   0: 3 0x80004f0a (0x01b697b3) x15 0xfd27a000
core   0: 0x80004f0e (0x0000008a) c.slli  ra, 2
core   0: 3 0x80004f0e (0x008a) x1  0x00000000
core   0: 0x80004f10 (0x002d5e63) bge     s10, sp, pc + 28
core   0: 3 0x80004f10 (0x002d5e63)
core   0: 0x80004f14 (0x0091b9b3) sltu    s3, gp, s1
core   0: 3 0x80004f14 (0x0091b9b3) x19 0x00000000
core   0: 0x80004f18 (0x0000e501) c.bnez  a0, pc + 8
core   0: 3 0x80004f18 (0xe501)
core   0: 0x80004f20 (0x02d380b3) mul     ra, t2, a3
core   0: 3 0x80004f20 (0x02d380b3) x1  0x00000000
core   0: 0x80004f24 (0x585e7013) andi    zero, t3, 1413
core   0: 3 0x80004f24 (0x585e7013)
core   0: 0x80004f28 (0x0000984a) c.add   a6, s2
core   0: 3 0x80004f28 (0x984a) x16 0x8c90aa3a
core   0: 0x80004f2a (0x00008c39) c.xor   s0, a4
core   0: 3 0x80004f2a (0x8c39) x8  0x0c01519c
core   0: 0x80004f2c (0x010c3533) sltu    a0, s8, a6
core   0: 3 0x80004f2c (0x010c3533) x10 0x00000001
core   0: 0x80004f30 (0x40945493) srai    s1, s0, 9
core   0: 3 0x80004f30 (0x40945493) x9  0x000600a8
core   0: 0x80004f34 (0x01040563) beq     s0, a6, pc + 10
core   0: 3 0x80004f34 (0x01040563)
core   0: 0x80004f38 (0x000083e5) c.srli  a5, 25
core   0: 3 0x80004f38 (0x83e5) x15 0x0000007e
core   0: 0x80004f3a (0x03de72b3) remu    t0, t3, t4
core   0: 3 0x80004f3a (0x03de72b3) x5  0x7f3b9a34
core   0: 0x80004f3e (0x409bdf33) sra     t5, s7, s1
core   0: 3 0x80004f3e (0x409bdf33) x30 0xff80025e
core   0: 0x80004f42 (0x033e02b3) mul     t0, t3, s3
core   0: 3 0x80004f42 (0x033e02b3) x5  0x00000000
core   0: 0x80004f46 (0x0201f963) bgeu    gp, zero, pc + 50
core   0: 3 0x80004f46 (0x0201f963)
core   0: 0x80004f78 (0x038bcb63) blt     s7, s8, pc + 54
core   0: 3 0x80004f78 (0x038bcb63)
core   0: 0x80004fae (0x00d34833) xor     a6, t1, a3
core   0: 3 0x80004fae (0x00d34833) x16 0xfff02c94
core   0: 0x80004fb2 (0x10c23117) auipc   sp, 0x10c23
core   0: 3 0x80004fb2 (0x10c23117) x2  0x90c27fb2
core   0: 0x80004fb6 (0x02651cb3) mulh    s9, a0, t1
core   0: 3 0x80004fb6 (0x02651cb3) x25 0xffffffff
core   0: 0x80004fba (0x000003cd) c.addi  t2, 19
core   0: 3 0x80004fba (0x03cd) x7  0x00000013
core   0: 0x80004fbc (0x4f702613) slti    a2, zero, 1271
core   0: 3 0x80004fbc (0x4f702613) x12 0x00000001
core   0: 0x80004fc0 (0x00006ed1) c.lui   t4, 0x14
core   0: 3 0x80004fc0 (0x6ed1) x29 0x00014000
core   0: 0x80004fc2 (0x01a0fc33) and     s8, ra, s10
core   0: 3 0x80004fc2 (0x01a0fc33) x24 0x00000000
core   0: 0x80004fc6 (0x6a876217) auipc   tp, 0x6a876
core   0: 3 0x80004fc6 (0x6a876217) x4  0xea87afc6
core   0: 0x80004fca (0x0254fd33) remu    s10, s1, t0
core   0: 3 0x80004fca (0x0254fd33) x26 0x000600a8
core   0: 0x80004fce (0x0326bab3) mulhu   s5, a3, s2
core   0: 3 0x80004fce (0x0326bab3) x21 0x0008b00b
core   0: 0x80004fd2 (0x000082e9) c.srli  a3, 26
core   0: 3 0x80004fd2 (0x82e9) x13 0x00000000
core   0: 0x80004fd4 (0x03891733) mulh    a4, s2, s8
core   0: 3 0x80004fd4 (0x03891733) x14 0x00000000
core   0: 0x80004fd8 (0x00fdc9b3) xor     s3, s11, a5
core   0: 3 0x80004fd8 (0x00fdc9b3) x19 0x0c9308f2
core   0: 0x80004fdc (0x189c3337) lui     t1, 0x189c3
core   0: 3 0x80004fdc (0x189c3337) x6  0x189c3000
core   0: 0x80004fe0 (0x009e8f33) add     t5, t4, s1
core   0: 3 0x80004fe0 (0x009e8f33) x30 0x000740a8
core   0: 0x80004fe4 (0x00008c65) c.and   s0, s1
core   0: 3 0x80004fe4 (0x8c65) x8  0x00000088
core   0: 0x80004fe6 (0x000066fd) c.lui   a3, 0x1f
core   0: 3 0x80004fe6 (0x66fd) x13 0x0001f000
core   0: 0x80004fe8 (0x00389513) slli    a0, a7, 3
core   0: 3 0x80004fe8 (0x00389513) x10 0x0014e720
core   0: 0x80004fec (0x00008c25) c.xor   s0, s1
core   0: 3 0x80004fec (0x8c25) x8  0x00060020
core   0: 0x80004fee (0x00008d7d) c.and   a0, a5
core   0: 3 0x80004fee (0x8d7d) x10 0x00000020
core   0: 0x80004ff0 (0x038774b3) remu    s1, a4, s8
core   0: 3 0x80004ff0 (0x038774b3) x9  0x00000000
core   0: 0x80004ff4 (0x008b4033) xor     zero, s6, s0
core   0: 3 0x80004ff4 (0x008b4033)
core   0: 0x80004ff8 (0x1cbef613) andi    a2, t4, 459
core   0: 3 0x80004ff8 (0x1cbef613) x12 0x00000000
core   0: 0x80004ffc (0x000003b5) c.addi  t2, 13
core   0: 3 0x80004ffc (0x03b5) x7  0x00000020
core   0: 0x80004ffe (0xe4c50cb7) lui     s9, 0xe4c50
core   0: 3 0x80004ffe (0xe4c50cb7) x25 0xe4c50000
core   0: 0x80005002 (0xbba8a013) slti    zero, a7, -1094
core   0: 3 0x80005002 (0xbba8a013)
core   0: 0x80005006 (0xf90ca2b7) lui     t0, 0xf90ca
core   0: 3 0x80005006 (0xf90ca2b7) x5  0xf90ca000
core   0: 0x8000500a (0x0000997d) c.andi  a0, -1
core   0: 3 0x8000500a (0x997d) x10 0x00000020
core   0: 0x8000500c (0x00000001) c.nop
core   0: 3 0x8000500c (0x0001)
core   0: 0x8000500e (0x00f1feb3) and     t4, gp, a5
core   0: 3 0x8000500e (0x00f1feb3) x29 0x00000000
core   0: 0x80005012 (0x40cb01b3) sub     gp, s6, a2
core   0: 3 0x80005012 (0x40cb01b3) x3  0x80e35a35
core   0: 0x80005016 (0x03b61b63) bne     a2, s11, pc + 54
core   0: 3 0x80005016 (0x03b61b63)
core   0: 0x8000504c (0x000004c2) c.slli  s1, 16
core   0: 3 0x8000504c (0x04c2) x9  0x00000000
core   0: 0x8000504e (0x01b02233) slt     tp, zero, s11
core   0: 3 0x8000504e (0x01b02233) x4  0x00000001
core   0: 0x80005052 (0x02785833) divu    a6, a6, t2
core   0: 3 0x80005052 (0x02785833) x16 0x07ff8164
core   0: 0x80005056 (0x034710b3) mulh    ra, a4, s4
core   0: 3 0x80005056 (0x034710b3) x1  0x00000000
core   0: 0x8000505a (0x00c5a4b3) slt     s1, a1, a2
core   0: 3 0x8000505a (0x00c5a4b3) x9  0x00000001
core   0: 0x8000505e (0x0000ea85) c.bnez  a3, pc + 48
core   0: 3 0x8000505e (0xea85)
core   0: 0x8000508e (0x034ca6b3) mulhsu  a3, s9, s4
core   0: 3 0x8000508e (0x034ca6b3) x13 0xe4c92ccb
core   0: 0x80005092 (0x02dc00b3) mul     ra, s8, a3
core   0: 3 0x80005092 (0x02dc00b3) x1  0x00000000
core   0: 0x80005096 (0x02ec5533) divu    a0, s8, a4
core   0: 3 0x80005096 (0x02ec5533) x10 0xffffffff
core   0: 0x8000509a (0x00ea59b3) srl     s3, s4, a4
core   0: 3 0x8000509a (0x00ea59b3) x19 0xffd8c000
core   0: 0x8000509e (0x5c23a713) slti    a4, t2, 1474
core   0: 3 0x8000509e (0x5c23a713) x14 0x00000001
core   0: 0x800050a2 (0x00008e15) c.sub   a2, a3
core   0: 3 0x800050a2 (0x8e15) x12 0x1b36d335
core   0: 0x800050a4 (0x03c69763) bne     a3, t3, pc + 46
core   0: 3 0x800050a4 (0x03c69763)
core   0: 0x800050d2 (0x117be6b7) lui     a3, 0x117be
core   0: 3 0x800050d2 (0x117be6b7) x13 0x117be000
core   0: 0x800050d6 (0x584bf3b7) lui     t2, 0x584bf
core   0: 3 0x800050d6 (0x584bf3b7) x7  0x584bf000
core   0: 0x800050da (0x004b6eb3) or      t4, s6, tp
core   0: 3 0x800050da (0x004b6eb3) x29 0x80e35a35
core   0: 0x800050de (0x00008fcd) c.or    a5, a1
core   0: 3 0x800050de (0x8fcd) x15 0xffffffff
core   0: 0x800050e0 (0x000082ce) c.mv    t0, s3
core   0: 3 0x800050e0 (0x82ce) x5  0xffd8c000
core   0: 0x800050e2 (0x0098c0b3) xor     ra, a7, s1
core   0: 3 0x800050e2 (0x0098c0b3) x1  0x80029ce5
core   0: 0x800050e6 (0x00000001) c.nop
core   0: 3 0x800050e6 (0x0001)
core   0: 0x800050e8 (0x00000a2a) c.slli  s4, 10
core   0: 3 0x800050e8 (0x0a2a) x20 0x63000000
core   0: 0x800050ea (0x00008d91) c.sub   a1, a2
core   0: 3 0x800050ea (0x8d91) x11 0xe4c92cca
core   0: 0x800050ec (0x00008c11) c.sub   s0, a2
core   0: 3 0x800050ec (0x8c11) x8  0xe4cf2ceb
core   0: 0x800050ee (0x00d45813) srli    a6, s0, 13
core   0: 3 0x800050ee (0x00d45813) x16 0x00072679
core   0: 0x800050f2 (0xd50d7d17) auipc   s10, 0xd50d7
core   0: 3 0x800050f2 (0xd50d7d17) x26 0x550dc0f2
core   0: 0x800050f6 (0x021d53b3) divu    t2, s10, ra
core   0: 3 0x800050f6 (0x021d53b3) x7  0x00000000
core   0: 0x800050fa (0x01f48563) beq     s1, t6, pc + 10
core   0: 3 0x800050fa (0x01f48563)
core   0: 0x800050fe (0x40a23c93) sltiu   s9, tp, 1034
core   0: 3 0x800050fe (0x40a23c93) x25 0x00000001
core   0: 0x80005102 (0x00006179) c.addi16sp sp, 464
core   0: 3 0x80005102 (0x6179) x2  0x90c28182
core   0: 0x80005104 (0x020f4733) div     a4, t5, zero
core   0: 3 0x80005104 (0x020f4733) x14 0xffffffff
core   0: 0x80005108 (0x03062cb3) mulhsu  s9, a2, a6
core   0: 3 0x80005108 (0x03062cb3) x25 0x0000c296
core   0: 0x8000510c (0x00000b9c) c.addi4spn a5, sp, 464
core   0: 3 0x8000510c (0x0b9c) x15 0x90c28352
core   0: 0x8000510e (0xfaceb513) sltiu   a0, t4, -84
core   0: 3 0x8000510e (0xfaceb513) x10 0x00000001
core   0: 0x80005112 (0x00008f81) c.sub   a5, s0
core   0: 3 0x80005112 (0x8f81) x15 0xabf35667
core   0: 0x80005114 (0x40168cb3) sub     s9, a3, ra
core   0: 3 0x80005114 (0x40168cb3) x25 0x9179431b
core   0: 0x80005118 (0x04769363) bne     a3, t2, pc + 70
core   0: 3 0x80005118 (0x04769363)
core   0: 0x8000515e (0x00008ec6) c.mv    t4, a7
core   0: 3 0x8000515e (0x8ec6) x29 0x80029ce4
core   0: 0x80005160 (0xfafee413) ori     s0, t4, -81
core   0: 3 0x80005160 (0xfafee413) x8  0xffffffef
core   0: 0x80005164 (0x0000e905) c.bnez  a0, pc + 48
core   0: 3 0x80005164 (0xe905)
core   0: 0x80005194 (0x00008c09) c.sub   s0, a0
core   0: 3 0x80005194 (0x8c09) x8  0xffffffee
core   0: 0x80005196 (0x000080be) c.mv    ra, a5
core   0: 3 0x80005196 (0x80be) x1  0xabf35667
core   0: 0x80005198 (0x00008e3a) c.mv    t3, a4
core   0: 3 0x80005198 (0x8e3a) x28 0xffffffff
core   0: 0x8000519a (0x00008f95) c.sub   a5, a3
core   0: 3 0x8000519a (0x8f95) x15 0x9a777667
core   0: 0x8000519c (0x3ca35817) auipc   a6, 0x3ca35
core   0: 3 0x8000519c (0x3ca35817) x16 0xbca3a19c
core   0: 0x800051a0 (0x037d4833) div     a6, s10, s7
core   0: 3 0x800051a0 (0x037d4833) x16 0x00000000
core   0: 0x800051a4 (0x269d7993) andi    s3, s10, 617
core   0: 3 0x800051a4 (0x269d7993) x19 0x00000060
core   0: 0x800051a8 (0x03821c33) mulh    s8, tp, s8
core   0: 3 0x800051a8 (0x03821c33) x24 0x00000000
core   0: 0x800051ac (0x00008b06) c.mv    s6, ra
core   0: 3 0x800051ac (0x8b06) x22 0xabf35667
core   0: 0x800051ae (0x035b5063) bge     s6, s5, pc + 32
core   0: 3 0x800051ae (0x035b5063)
core   0: 0x800051b2 (0x00008d51) c.or    a0, a2
core   0: 3 0x800051b2 (0x8d51) x10 0x1b36d335
core   0: 0x800051b4 (0x01d09d13) slli    s10, ra, 29
core   0: 3 0x800051b4 (0x01d09d13) x26 0xe0000000
core   0: 0x800051b8 (0x032e5963) bge     t3, s2, pc + 50
core   0: 3 0x800051b8 (0x032e5963)
core   0: 0x800051ea (0x00001310) c.addi4spn a2, sp, 416
core   0: 3 0x800051ea (0x1310) x12 0x90c28322
core   0: 0x800051ec (0x023e1d33) mulh    s10, t3, gp
core   0: 3 0x800051ec (0x023e1d33) x26 0x00000000
core   0: 0x800051f0 (0x0326c833) div     a6, a3, s2
core   0: 3 0x800051f0 (0x0326c833) x16 0x00000000
core   0: 0x800051f4 (0x00e47b63) bgeu    s0, a4, pc + 22
core   0: 3 0x800051f4 (0x00e47b63)
core   0: 0x800051f8 (0xc469a7b7) lui     a5, 0xc469a
core   0: 3 0x800051f8 (0xc469a7b7) x15 0xc469a000
core   0: 0x800051fc (0x000083a1) c.srli  a5, 8
core   0: 3 0x800051fc (0x83a1) x15 0x00c469a0
core   0: 0x800051fe (0x0000e81d) c.bnez  s0, pc + 54
core   0: 3 0x800051fe (0xe81d)
core   0: 0x80005234 (0x0395cd33) div     s10, a1, s9
core   0: 3 0x80005234 (0x0395cd33) x26 0x00000000
core   0: 0x80005238 (0x000083ad) c.srli  a5, 11
core   0: 3 0x80005238 (0x83ad) x15 0x0000188d
core   0: 0x8000523a (0x02da7cb3) remu    s9, s4, a3
core   0: 3 0x8000523a (0x02da7cb3) x25 0x0b94a000
core   0: 0x8000523e (0x99438293) addi    t0, t2, -1644
core   0: 3 0x8000523e (0x99438293) x5  0xfffff994
core   0: 0x80005242 (0x4103db33) sra     s6, t2, a6
core   0: 3 0x80005242 (0x4103db33) x22 0x00000000
core   0: 0x80005246 (0x03d450b3) divu    ra, s0, t4
core   0: 3 0x80005246 (0x03d450b3) x1  0x00000001
core   0: 0x8000524a (0x41365b33) sra     s6, a2, s3
core   0: 3 0x8000524a (0x41365b33) x22 0x90c28322
core   0: 0x8000524e (0x038a9133) mulh    sp, s5, s8
core   0: 3 0x8000524e (0x038a9133) x2  0x00000000
core   0: 0x80005252 (0x00000001) c.nop
core   0: 3 0x80005252 (0x0001)
core   0: 0x80005254 (0x00890db3) add     s11, s2, s0
core   0: 3 0x80005254 (0x00890db3) x27 0x8c90aa17
core   0: 0x80005258 (0x417e0833) sub     a6, t3, s7
core   0: 3 0x80005258 (0x417e0833) x16 0x7ffda19b
core   0: 0x8000525c (0x000083b6) c.mv    t2, a3
core   0: 3 0x8000525c (0x83b6) x7  0x117be000
core   0: 0x8000525e (0x00008935) c.andi  a0, 13
core   0: 3 0x8000525e (0x8935) x10 0x00000005
core   0: 0x80005260 (0x9cfb6297) auipc   t0, 0x9cfb6
core   0: 3 0x80005260 (0x9cfb6297) x5  0x1cfbb260
core   0: 0x80005264 (0x00008de9) c.and   a1, a0
core   0: 3 0x80005264 (0x8de9) x11 0x00000000
core   0: 0x80005266 (0x00008d85) c.sub   a1, s1
core   0: 3 0x80005266 (0x8d85) x11 0xffffffff
core   0: 0x80005268 (0x03f68eb3) mul     t4, a3, t6
core   0: 3 0x80005268 (0x03f68eb3) x29 0xc694c000
core   0: 0x8000526c (0x00638033) add     zero, t2, t1
core   0: 3 0x8000526c (0x00638033)
core   0: 0x80005270 (0x000082aa) c.mv    t0, a0
core   0: 3 0x80005270 (0x82aa) x5  0x00000005
core   0: 0x80005272 (0x00008d69) c.and   a0, a0
core   0: 3 0x80005272 (0x8d69) x10 0x00000005
core   0: 0x80005274 (0x012bf0b3) and     ra, s7, s2
core   0: 3 0x80005274 (0x012bf0b3) x1  0x80000a20
core   0: 0x80005278 (0x00000af2) c.slli  s5, 28
core   0: 3 0x80005278 (0x0af2) x21 0xb0000000
core   0: 0x8000527a (0x002c9f33) sll     t5, s9, sp
core   0: 3 0x8000527a (0x002c9f33) x30 0x0b94a000
core   0: 0x8000527e (0x00c29363) bne     t0, a2, pc + 6
core   0: 3 0x8000527e (0x00c29363)
core   0: 0x80005284 (0x00008d6d) c.and   a0, a1
core   0: 3 0x80005284 (0x8d6d) x10 0x00000005
core   0: 0x80005286 (0x603c6e93) ori     t4, s8, 1539
core   0: 3 0x80005286 (0x603c6e93) x29 0x00000603
core   0: 0x8000528a (0x00008db1) c.xor   a1, a2
core   0: 3 0x8000528a (0x8db1) x11 0x6f3d7cdd
core   0: 0x8000528c (0x40a754b3) sra     s1, a4, a0
core   0: 3 0x8000528c (0x40a754b3) x9  0xffffffff
core   0: 0x80005290 (0x037ec763) blt     t4, s7, pc + 46
core   0: 3 0x80005290 (0x037ec763)
core   0: 0x80005294 (0x010cc1b3) xor     gp, s9, a6
core   0: 3 0x80005294 (0x010cc1b3) x3  0x7469019b
core   0: 0x80005298 (0x00008c05) c.sub   s0, s1
core   0: 3 0x80005298 (0x8c05) x8  0xffffffef
core   0: 0x8000529a (0x01d087b3) add     a5, ra, t4
core   0: 3 0x8000529a (0x01d087b3) x15 0x80001023
core   0: 0x8000529e (0x01b86663) bltu    a6, s11, pc + 12
core   0: 3 0x8000529e (0x01b86663)
core   0: 0x800052aa (0x01128fb3) add     t6, t0, a7
core   0: 3 0x800052aa (0x01128fb3) x31 0x80029ce9
core   0: 0x800052ae (0x02fcdeb3) divu    t4, s9, a5
core   0: 3 0x800052ae (0x02fcdeb3) x29 0x00000000
core   0: 0x800052b2 (0x03496133) rem     sp, s2, s4
core   0: 3 0x800052b2 (0x03496133) x2  0xef90aa29
core   0: 0x800052b6 (0x874e2a97) auipc   s5, 0x874e2
core   0: 3 0x800052b6 (0x874e2a97) x21 0x074e72b6
core   0: 0x800052ba (0x00415533) srl     a0, sp, tp
core   0: 3 0x800052ba (0x00415533) x10 0x77c85514
core   0: 0x800052be (0x00e07a63) bgeu    zero, a4, pc + 20
core   0: 3 0x800052be (0x00e07a63)
core   0: 0x800052c2 (0x00bbf7b3) and     a5, s7, a1
core   0: 3 0x800052c2 (0x00bbf7b3) x15 0x00005c44
core   0: 0x800052c6 (0x41345db3) sra     s11, s0, s3
core   0: 3 0x800052c6 (0x41345db3) x27 0xffffffef
core   0: 0x800052ca (0x02929733) mulh    a4, t0, s1
core   0: 3 0x800052ca (0x02929733) x14 0xffffffff
core   0: 0x800052ce (0xedb3a713) slti    a4, t2, -293
core   0: 3 0x800052ce (0xedb3a713) x14 0x00000000
core   0: 0x800052d2 (0x0000c69d) c.beqz  a3, pc + 46
core   0: 3 0x800052d2 (0xc69d)
core   0: 0x800052d4 (0x1c2ce293) ori     t0, s9, 450
core   0: 3 0x800052d4 (0x1c2ce293) x5  0x0b94a1c2
core   0: 0x800052d8 (0x2126c993) xori    s3, a3, 530
core   0: 3 0x800052d8 (0x2126c993) x19 0x117be212
core   0: 0x800052dc (0x009d9733) sll     a4, s11, s1
core   0: 3 0x800052dc (0x009d9733) x14 0x80000000
core   0: 0x800052e0 (0x00008f09) c.sub   a4, a0
core   0: 3 0x800052e0 (0x8f09) x14 0x0837aaec
core   0: 0x800052e2 (0xf5b45f97) auipc   t6, 0xf5b45
core   0: 3 0x800052e2 (0xf5b45f97) x31 0x75b4a2e2
core   0: 0x800052e6 (0x0000958e) c.add   a1, gp
core   0: 3 0x800052e6 (0x958e) x11 0xe3a67e78
core   0: 0x800052e8 (0x01184663) blt     a6, a7, pc + 12
core   0: 3 0x800052e8 (0x01184663)
core   0: 0x800052ec (0x02c3ceb3) div     t4, t2, a2
core   0: 3 0x800052ec (0x02c3ceb3) x29 0x00000000
core   0: 0x800052f0 (0xe8b64813) xori    a6, a2, -373
core   0: 3 0x800052f0 (0xe8b64813) x16 0x6f3d7da9
core   0: 0x800052f4 (0x00331d33) sll     s10, t1, gp
core   0: 3 0x800052f4 (0x00331d33) x26 0x00000000
core   0: 0x800052f8 (0x733bcc13) xori    s8, s7, 1843
core   0: 3 0x800052f8 (0x733bcc13) x24 0x80025957
core   0: 0x800052fc (0x03642c33) mulhsu  s8, s0, s6
core   0: 3 0x800052fc (0x03642c33) x24 0xfffffff6
core   0: 0x80005300 (0x003b5793) srli    a5, s6, 3
core   0: 3 0x80005300 (0x003b5793) x15 0x12185064
core   0: 0x80005304 (0x0148fab3) and     s5, a7, s4
core   0: 3 0x80005304 (0x0148fab3) x21 0x00000000
core   0: 0x80005308 (0x0284e9b3) rem     s3, s1, s0
core   0: 3 0x80005308 (0x0284e9b3) x19 0xffffffff
core   0: 0x8000530c (0x0200a5b3) mulhsu  a1, ra, zero
core   0: 3 0x8000530c (0x0200a5b3) x11 0x00000000
core   0: 0x80005310 (0x00008db5) c.xor   a1, a3
core   0: 3 0x80005310 (0x8db5) x11 0x117be000
core   0: 0x80005312 (0x00006141) c.addi16sp sp, 16
core   0: 3 0x80005312 (0x6141) x2  0xef90aa39
core   0: 0x80005314 (0x007c87b3) add     a5, s9, t2
core   0: 3 0x80005314 (0x007c87b3) x15 0x1d108000
core   0: 0x80005318 (0x0010df33) srl     t5, ra, ra
core   0: 3 0x80005318 (0x0010df33) x30 0x80000a20
core   0: 0x8000531c (0x0000438d) c.li    t2, 3
core   0: 3 0x8000531c (0x438d) x7  0x00000003
core   0: 0x8000531e (0x01b7f463) bgeu    a5, s11, pc + 8
core   0: 3 0x8000531e (0x01b7f463)
core   0: 0x80005322 (0x00004119) c.li    sp, 6
core   0: 3 0x80005322 (0x4119) x2  0x00000006
core   0: 0x80005324 (0x00008e7d) c.and   a2, a5
core   0: 3 0x80005324 (0x8e7d) x12 0x10008000
core   0: 0x80005326 (0x03215a63) bge     sp, s2, pc + 52
core   0: 3 0x80005326 (0x03215a63)
core   0: 0x8000535a (0x03dec533) div     a0, t4, t4
core   0: 3 0x8000535a (0x03dec533) x10 0xffffffff
core   0: 0x8000535e (0x40205193) srai    gp, zero, 2
core   0: 3 0x8000535e (0x40205193) x3  0x00000000
core   0: 0x80005362 (0x0000e619) c.bnez  a2, pc + 14
core   0: 3 0x80005362 (0xe619)
core   0: 0x80005370 (0x000087b5) c.srai  a5, 13
core   0: 3 0x80005370 (0x87b5) x15 0x0000e884
core   0: 0x80005372 (0x01cec733) xor     a4, t4, t3
core   0: 3 0x80005372 (0x01cec733) x14 0xffffffff
core   0: 0x80005376 (0x03887f63) bgeu    a6, s8, pc + 62
core   0: 3 0x80005376 (0x03887f63)
core   0: 0x8000537a (0x0352db33) divu    s6, t0, s5
core   0: 3 0x8000537a (0x0352db33) x22 0xffffffff
core   0: 0x8000537e (0x025a2c33) mulhsu  s8, s4, t0
core   0: 3 0x8000537e (0x025a2c33) x24 0x047a7a8e
core   0: 0x80005382 (0x00008149) c.srli  a0, 18
core   0: 3 0x80005382 (0x8149) x10 0x00003fff
core   0: 0x80005384 (0x05598163) beq     s3, s5, pc + 66
core   0: 3 0x80005384 (0x05598163)
core   0: 0x80005388 (0x001060b3) or      ra, zero, ra
core   0: 3 0x80005388 (0x001060b3) x1  0x80000a20
core   0: 0x8000538c (0x000175b3) and     a1, sp, zero
core   0: 3 0x8000538c (0x000175b3) x11 0x00000000
core   0: 0x80005390 (0x40eed713) srai    a4, t4, 14
core   0: 3 0x80005390 (0x40eed713) x14 0x00000000
core   0: 0x80005394 (0x00009326) c.add   t1, s1
core   0: 3 0x80005394 (0x9326) x6  0x189c2fff
core   0: 0x80005396 (0x00006d41) c.lui   s10, 0x10
core   0: 3 0x80005396 (0x6d41) x26 0x00010000
core   0: 0x80005398 (0x00009c32) c.add   s8, a2
core   0: 3 0x80005398 (0x9c32) x24 0x147afa8e
core   0: 0x8000539a (0x0000687d) c.lui   a6, 0x1f
core   0: 3 0x8000539a (0x687d) x16 0x0001f000
core   0: 0x8000539c (0x54d8b993) sltiu   s3, a7, 1357
core   0: 3 0x8000539c (0x54d8b993) x19 0x00000000
core   0: 0x800053a0 (0x03e27863) bgeu    tp, t5, pc + 48
core   0: 3 0x800053a0 (0x03e27863)
core   0: 0x800053a4 (0x00b33c33) sltu    s8, t1, a1
core   0: 3 0x800053a4 (0x00b33c33) x24 0x00000000
core   0: 0x800053a8 (0xd6032393) slti    t2, t1, -672
core   0: 3 0x800053a8 (0xd6032393) x7  0x00000000
core   0: 0x800053ac (0x41ad53b3) sra     t2, s10, s10
core   0: 3 0x800053ac (0x41ad53b3) x7  0x00010000
core   0: 0x800053b0 (0x03467363) bgeu    a2, s4, pc + 38
core   0: 3 0x800053b0 (0x03467363)
core   0: 0x800053b4 (0x0158e463) bltu    a7, s5, pc + 8
core   0: 3 0x800053b4 (0x0158e463)
core   0: 0x800053b8 (0x0177a7b3) slt     a5, a5, s7
core   0: 3 0x800053b8 (0x0177a7b3) x15 0x00000000
core   0: 0x800053bc (0x0000717d) c.addi16sp sp, -16
core   0: 3 0x800053bc (0x717d) x2  0xfffffff6
core   0: 0x800053be (0x00009b7d) c.andi  a4, -1
core   0: 3 0x800053be (0x9b7d) x14 0x00000000
core   0: 0x800053c0 (0x0000ef01) c.bnez  a4, pc + 24
core   0: 3 0x800053c0 (0xef01)
core   0: 0x800053c2 (0x01a206b3) add     a3, tp, s10
core   0: 3 0x800053c2 (0x01a206b3) x13 0x00010001
core   0: 0x800053c6 (0x400c8233) sub     tp, s9, zero
core   0: 3 0x800053c6 (0x400c8233) x4  0x0b94a000
core   0: 0x800053ca (0x00008315) c.srli  a4, 5
core   0: 3 0x800053ca (0x8315) x14 0x00000000
core   0: 0x800053cc (0x00008fa2) c.mv    t6, s0
core   0: 3 0x800053cc (0x8fa2) x31 0xffffffef
core   0: 0x800053ce (0x000092fe) c.add   t0, t6
core   0: 3 0x800053ce (0x92fe) x5  0x0b94a1b1
core   0: 0x800053d0 (0x01e495b3) sll     a1, s1, t5
core   0: 3 0x800053d0 (0x01e495b3) x11 0xffffffff
core   0: 0x800053d4 (0x00000001) c.nop
core   0: 3 0x800053d4 (0x0001)
core   0: 0x800053d6 (0x00006139) c.addi16sp sp, 448
core   0: 3 0x800053d6 (0x6139) x2  0x000001b6
core   0: 0x800053d8 (0x037c0963) beq     s8, s7, pc + 50
core   0: 3 0x800053d8 (0x037c0963)
core   0: 0x800053dc (0x0397d833) divu    a6, a5, s9
core   0: 3 0x800053dc (0x0397d833) x16 0x00000000
core   0: 0x800053e0 (0x03120463) beq     tp, a7, pc + 40
core   0: 3 0x800053e0 (0x03120463)
core   0: 0x800053e4 (0x01f5d013) srli    zero, a1, 31
core   0: 3 0x800053e4 (0x01f5d013)
core   0: 0x800053e8 (0x0000e109) c.bnez  a0, pc + 2
core   0: 3 0x800053e8 (0xe109)
core   0: 0x800053ea (0x36cf7d93) andi    s11, t5, 876
core   0: 3 0x800053ea (0x36cf7d93) x27 0x00000220
core   0: 0x800053ee (0x017ca3b3) slt     t2, s9, s7
core   0: 3 0x800053ee (0x017ca3b3) x7  0x00000000
core   0: 0x800053f2 (0x00008e55) c.or    a2, a3
core   0: 3 0x800053f2 (0x8e55) x12 0x10018001
core   0: 0x800053f4 (0x00008665) c.srai  a2, 25
core   0: 3 0x800053f4 (0x8665) x12 0x00000008
core   0: 0x800053f6 (0xb43e4013) xori    zero, t3, -1213
core   0: 3 0x800053f6 (0xb43e4013)
core   0: 0x800053fa (0x02e0cab3) div     s5, ra, a4
core   0: 3 0x800053fa (0x02e0cab3) x21 0xffffffff
core   0: 0x800053fe (0x41518833) sub     a6, gp, s5
core   0: 3 0x800053fe (0x41518833) x16 0x00000001
core   0: 0x80005402 (0x000099a6) c.add   s3, s1
core   0: 3 0x80005402 (0x99a6) x19 0xffffffff
core   0: 0x80005404 (0x03a8cb33) div     s6, a7, s10
core   0: 3 0x80005404 (0x03a8cb33) x22 0xffff8003
core   0: 0x80005408 (0x00000115) c.addi  sp, 5
core   0: 3 0x80005408 (0x0115) x2  0x000001bb
core   0: 0x8000540a (0x00004411) c.li    s0, 4
core   0: 3 0x8000540a (0x4411) x8  0x00000004
core   0: 0x8000540c (0x03889533) mulh    a0, a7, s8
core   0: 3 0x8000540c (0x03889533) x10 0x00000000
core   0: 0x80005410 (0x02338fb3) mul     t6, t2, gp
core   0: 3 0x80005410 (0x02338fb3) x31 0x00000000
core   0: 0x80005414 (0x0000187d) c.addi  a6, -1
core   0: 3 0x80005414 (0x187d) x16 0x00000000
core   0: 0x80005416 (0x00e95393) srli    t2, s2, 14
core   0: 3 0x80005416 (0x00e95393) x7  0x00023242
core   0: 0x8000541a (0x00000001) c.nop
core   0: 3 0x8000541a (0x0001)
core   0: 0x8000541c (0xaeddaab7) lui     s5, 0xaedda
core   0: 3 0x8000541c (0xaeddaab7) x21 0xaedda000
core   0: 0x80005420 (0x033332b3) mulhu   t0, t1, s3
core   0: 3 0x80005420 (0x033332b3) x5  0x189c2ffe
core   0: 0x80005424 (0x004789b3) add     s3, a5, tp
core   0: 3 0x80005424 (0x004789b3) x19 0x0b94a000
core   0: 0x80005428 (0x000005f2) c.slli  a1, 28
core   0: 3 0x80005428 (0x05f2) x11 0xf0000000
core   0: 0x8000542a (0x0000717d) c.addi16sp sp, -16
core   0: 3 0x8000542a (0x717d) x2  0x000001ab
core   0: 0x8000542c (0x00008c8d) c.sub   s1, a1
core   0: 3 0x8000542c (0x8c8d) x9  0x0fffffff
core   0: 0x8000542e (0x0089de63) bge     s3, s0, pc + 28
core   0: 3 0x8000542e (0x0089de63)
core   0: 0x8000544a (0x013f5c13) srli    s8, t5, 19
core   0: 3 0x8000544a (0x013f5c13) x24 0x00001000
core   0: 0x8000544e (0x03c56a63) bltu    a0, t3, pc + 52
core   0: 3 0x8000544e (0x03c56a63)
core   0: 0x80005482 (0x00008b7a) c.mv    s6, t5
core   0: 3 0x80005482 (0x8b7a) x22 0x80000a20
core   0: 0x80005484 (0x00000172) c.slli  sp, 28
core   0: 3 0x80005484 (0x0172) x2  0xb0000000
core   0: 0x80005486 (0x005eadb3) slt     s11, t4, t0
core   0: 3 0x80005486 (0x005eadb3) x27 0x00000001
core   0: 0x8000548a (0x012fd293) srli    t0, t6, 18
core   0: 3 0x8000548a (0x012fd293) x5  0x00000000
core   0: 0x8000548e (0x000061a9) c.lui   gp, 0xa
core   0: 3 0x8000548e (0x61a9) x3  0x0000a000
core   0: 0x80005490 (0x03e17a33) remu    s4, sp, t5
core   0: 3 0x80005490 (0x03e17a33) x20 0x2ffff5e0
core   0: 0x80005494 (0x0000882a) c.mv    a6, a0
core   0: 3 0x80005494 (0x882a) x16 0x00000000
core   0: 0x80005496 (0xfc637b13) andi    s6, t1, -58
core   0: 3 0x80005496 (0xfc637b13) x22 0x189c2fc6
core   0: 0x8000549a (0x003ac133) xor     sp, s5, gp
core   0: 3 0x8000549a (0x003ac133) x2  0xaedd0000
core   0: 0x8000549e (0x01237533) and     a0, t1, s2
core   0: 3 0x8000549e (0x01237533) x10 0x08902a29
core   0: 0x800054a2 (0x01ee8333) add     t1, t4, t5
core   0: 3 0x800054a2 (0x01ee8333) x6  0x80000a20
core   0: 0x800054a6 (0x02912633) mulhsu  a2, sp, s1
core   0: 3 0x800054a6 (0x02912633) x12 0xfaedd000
core   0: 0x800054aa (0x301e3b13) sltiu   s6, t3, 769
core   0: 3 0x800054aa (0x301e3b13) x22 0x00000000
core   0: 0x800054ae (0x035456b3) divu    a3, s0, s5
core   0: 3 0x800054ae (0x035456b3) x13 0x00000000
core   0: 0x800054b2 (0x02ed0533) mul     a0, s10, a4
core   0: 3 0x800054b2 (0x02ed0533) x10 0x00000000
core   0: 0x800054b6 (0x037f5433) divu    s0, t5, s7
core   0: 3 0x800054b6 (0x037f5433) x8  0x00000000
core   0: 0x800054ba (0x0000117d) c.addi  sp, -1
core   0: 3 0x800054ba (0x117d) x2  0xaedcffff
core   0: 0x800054bc (0x41465e93) srai    t4, a2, 20
core   0: 3 0x800054bc (0x41465e93) x29 0xffffffae
core   0: 0x800054c0 (0x033a5d63) bge     s4, s3, pc + 58
core   0: 3 0x800054c0 (0x033a5d63)
core   0: 0x800054fa (0x01715463) bge     sp, s7, pc + 8
core   0: 3 0x800054fa (0x01715463)
core   0: 0x80005502 (0x00510fb3) add     t6, sp, t0
core   0: 3 0x80005502 (0x00510fb3) x31 0xaedcffff
core   0: 0x80005506 (0x000612b3) sll     t0, a2, zero
core   0: 3 0x80005506 (0x000612b3) x5  0xfaedd000
core   0: 0x8000550a (0x0338e0b3) rem     ra, a7, s3
core   0: 3 0x8000550a (0x0338e0b3) x1  0xff657ce4
core   0: 0x8000550e (0x03b869b3) rem     s3, a6, s11
core   0: 3 0x8000550e (0x03b869b3) x19 0x00000000
core   0: 0x80005512 (0x0000ee91) c.bnez  a3, pc + 28
core   0: 3 0x80005512 (0xee91)
core   0: 0x80005514 (0x40a405b3) sub     a1, s0, a0
core   0: 3 0x80005514 (0x40a405b3) x11 0x00000000
core   0: 0x80005518 (0x00158e63) beq     a1, ra, pc + 28
core   0: 3 0x80005518 (0x00158e63)
core   0: 0x8000551c (0x00027fb3) and     t6, tp, zero
core   0: 3 0x8000551c (0x00027fb3) x31 0x00000000
core   0: 0x80005520 (0x03962db3) mulhsu  s11, a2, s9
core   0: 3 0x80005520 (0x03962db3) x27 0xffc54640
core   0: 0x80005524 (0x00009aaa) c.add   s5, a0
core   0: 3 0x80005524 (0x9aaa) x21 0xaedda000
core   0: 0x80005526 (0x41464293) xori    t0, a2, 1044
core   0: 3 0x80005526 (0x41464293) x5  0xfaedd414
core   0: 0x8000552a (0x13e700b7) lui     ra, 0x13e70
core   0: 3 0x8000552a (0x13e700b7) x1  0x13e70000
core   0: 0x8000552e (0x414d8e33) sub     t3, s11, s4
core   0: 3 0x8000552e (0x414d8e33) x28 0xcfc55060
core   0: 0x80005532 (0x00004271) c.li    tp, 28
core   0: 3 0x80005532 (0x4271) x4  0x0000001c
core   0: 0x80005534 (0x0120fa33) and     s4, ra, s2
core   0: 3 0x80005534 (0x0120fa33) x20 0x00800000
core   0: 0x80005538 (0x0553cb63) blt     t2, s5, pc + 86
core   0: 3 0x80005538 (0x0553cb63)
core   0: 0x8000553c (0x05f30963) beq     t1, t6, pc + 82
core   0: 3 0x8000553c (0x05f30963)
core   0: 0x80005540 (0x00000001) c.nop
core   0: 3 0x80005540 (0x0001)
core   0: 0x80005542 (0x00005f17) auipc   t5, 0x5
core   0: 3 0x80005542 (0x00005f17) x30 0x8000a542
core   0: 0x80005546 (0x090f0f13) addi    t5, t5, 144
core   0: 3 0x80005546 (0x090f0f13) x30 0x8000a5d2
core   0: 0x8000554a (0x000067c1) c.lui   a5, 0x10
core   0: 3 0x8000554a (0x67c1) x15 0x00010000
core   0: 0x8000554c (0xce3f0f13) addi    t5, t5, -797
core   0: 3 0x8000554c (0xce3f0f13) x30 0x8000a2b5
core   0: 0x80005550 (0x03b34d33) div     s10, t1, s11
core   0: 3 0x80005550 (0x03b34d33) x26 0x0000022d
core   0: 0x80005554 (0x497eaa37) lui     s4, 0x497ea
core   0: 3 0x80005554 (0x497eaa37) x20 0x497ea000
core   0: 0x80005558 (0x00008f99) c.sub   a5, a4
core   0: 3 0x80005558 (0x8f99) x15 0x00010000
core   0: 0x8000555a (0x41b252b3) sra     t0, tp, s11
core   0: 3 0x8000555a (0x41b252b3) x5  0x0000001c
core   0: 0x8000555e (0x026960b3) rem     ra, s2, t1
core   0: 3 0x8000555e (0x026960b3) x1  0x8c90aa29
core   0: 0x80005562 (0x01aa0763) beq     s4, s10, pc + 14
core   0: 3 0x80005562 (0x01aa0763)
core   0: 0x80005566 (0x0311adb3) mulhsu  s11, gp, a7
core   0: 3 0x80005566 (0x0311adb3) x27 0x00005001
core   0: 0x8000556a (0x00008c55) c.or    s0, a3
core   0: 3 0x8000556a (0x8c55) x8  0x00000000
core   0: 0x8000556c (0xae8a5797) auipc   a5, 0xae8a5
core   0: 3 0x8000556c (0xae8a5797) x15 0x2e8aa56c
core   0: 0x80005570 (0x31df0767) jalr    a4, t5, 797
core   0: 3 0x80005570 (0x31df0767) x14 0x80005574
core   0: 0x8000a5d2 (0x2a816093) ori     ra, sp, 680
core   0: 3 0x8000a5d2 (0x2a816093) x1  0xaedcffff
core   0: 0x8000a5d6 (0x019ecf33) xor     t5, t4, s9
core   0: 3 0x8000a5d6 (0x019ecf33) x30 0xf46b5fae
core   0: 0x8000a5da (0x001b5c33) srl     s8, s6, ra
core   0: 3 0x8000a5da (0x001b5c33) x24 0x00000000
core   0: 0x8000a5de (0x0000908a) c.add   ra, sp
core   0: 3 0x8000a5de (0x908a) x1  0x5db9fffe
core   0: 0x8000a5e0 (0x0000c391) c.beqz  a5, pc + 4
core   0: 3 0x8000a5e0 (0xc391)
core   0: 0x8000a5e2 (0x00008c59) c.or    s0, a4
core   0: 3 0x8000a5e2 (0x8c59) x8  0x80005574
core   0: 0x8000a5e4 (0x00001b81) c.addi  s7, -32
core   0: 3 0x8000a5e4 (0x1b81) x23 0x80025e44
core   0: 0x8000a5e6 (0x0000997d) c.andi  a0, -1
core   0: 3 0x8000a5e6 (0x997d) x10 0x00000000
core   0: 0x8000a5e8 (0x00955a33) srl     s4, a0, s1
core   0: 3 0x8000a5e8 (0x00955a33) x20 0x00000000
core   0: 0x8000a5ec (0x02cd59b3) divu    s3, s10, a2
core   0: 3 0x8000a5ec (0x02cd59b3) x19 0x00000000
core   0: 0x8000a5f0 (0x00eba223) sw      a4, 4(s7)
core   0: 3 0x8000a5f0 (0x00eba223) mem 0x80025e48 0x80005574
core   0: 0x8000a5f4 (0x00008209) c.srli  a2, 2
core   0: 3 0x8000a5f4 (0x8209) x12 0x3ebb7400
core   0: 0x8000a5f6 (0x00000001) c.nop
core   0: 3 0x8000a5f6 (0x0001)
core   0: 0x8000a5f8 (0x00956133) or      sp, a0, s1
core   0: 3 0x8000a5f8 (0x00956133) x2  0x0fffffff
core   0: 0x8000a5fc (0xa0830113) addi    sp, t1, -1528
core   0: 3 0x8000a5fc (0xa0830113) x2  0x80000428
core   0: 0x8000a600 (0x000003aa) c.slli  t2, 10
core   0: 3 0x8000a600 (0x03aa) x7  0x08c90800
core   0: 0x8000a602 (0xc4a83337) lui     t1, 0xc4a83
core   0: 3 0x8000a602 (0xc4a83337) x6  0xc4a83000
core   0: 0x8000a606 (0x00008efd) c.and   a3, a5
core   0: 3 0x8000a606 (0x8efd) x13 0x00000000
core   0: 0x8000a608 (0x02e70c33) mul     s8, a4, a4
core   0: 3 0x8000a608 (0x02e70c33) x24 0x1c863c90
core   0: 0x8000a60c (0x921ff76f) jal     a4, pc - 0x6e0
core   0: 3 0x8000a60c (0x921ff76f) x14 0x8000a610
core   0: 0x80009f2c (0x00001b81) c.addi  s7, -32
core   0: 3 0x80009f2c (0x1b81) x23 0x80025e24
core   0: 0x80009f2e (0x0000717d) c.addi16sp sp, -16
core   0: 3 0x80009f2e (0x717d) x2  0x80000418
core   0: 0x80009f30 (0x023b50b3) divu    ra, s6, gp
core   0: 3 0x80009f30 (0x023b50b3) x1  0x00000000
core   0: 0x80009f34 (0x02b126b3) mulhsu  a3, sp, a1
core   0: 3 0x80009f34 (0x02b126b3) x13 0x00000000
core   0: 0x80009f38 (0x00acd813) srli    a6, s9, 10
core   0: 3 0x80009f38 (0x00acd813) x16 0x0002e528
core   0: 0x80009f3c (0x0000537d) c.li    t1, -1
core   0: 3 0x80009f3c (0x537d) x6  0xffffffff
core   0: 0x80009f3e (0x00427833) and     a6, tp, tp
core   0: 3 0x80009f3e (0x00427833) x16 0x0000001c
core   0: 0x80009f42 (0xdf3aa993) slti    s3, s5, -525
core   0: 3 0x80009f42 (0xdf3aa993) x19 0x00000001
core   0: 0x80009f46 (0x000016fd) c.addi  a3, -1
core   0: 3 0x80009f46 (0x16fd) x13 0xffffffff
core   0: 0x80009f48 (0x00eba223) sw      a4, 4(s7)
core   0: 3 0x80009f48 (0x00eba223) mem 0x80025e28 0x8000a610
core   0: 0x80009f4c (0x00008441) c.srai  s0, 16
core   0: 3 0x80009f4c (0x8441) x8  0xffff8000
core   0: 0x80009f4e (0x0330fc33) remu    s8, ra, s3
core   0: 3 0x80009f4e (0x0330fc33) x24 0x00000000
core   0: 0x80009f52 (0x0260076f) jal     a4, pc + 0x26
core   0: 3 0x80009f52 (0x0260076f) x14 0x80009f56
core   0: 0x80009f78 (0x0000b7dd) c.j     pc - 26
core   0: 3 0x80009f78 (0xb7dd)
core   0: 0x80009f5e (0x0000a039) c.j     pc + 14
core   0: 3 0x80009f5e (0xa039)
core   0: 0x80009f6c (0xfefffe6f) jal     t3, pc - 0x12
core   0: 3 0x80009f6c (0xfefffe6f) x28 0x80009f70
core   0: 0x80009f5a (0x00a00f6f) jal     t5, pc + 0xa
core   0: 3 0x80009f5a (0x00a00f6f) x30 0x80009f5e
core   0: 0x80009f64 (0x00002819) c.jal   pc + 22
core   0: 3 0x80009f64 (0x2819) x1  0x80009f66
core   0: 0x80009f7a (0x0000a009) c.j     pc + 2
core   0: 3 0x80009f7a (0xa009)
core   0: 0x80009f7c (0x0000a021) c.j     pc + 8
core   0: 3 0x80009f7c (0xa021)
core   0: 0x80009f84 (0x00a00def) jal     s11, pc + 0xa
core   0: 3 0x80009f84 (0x00a00def) x27 0x80009f88
core   0: 0x80009f8e (0x00003fc9) c.jal   pc - 46
core   0: 3 0x80009f8e (0x3fc9) x1  0x80009f90
core   0: 0x80009f60 (0x0280036f) jal     t1, pc + 0x28
core   0: 3 0x80009f60 (0x0280036f) x6  0x80009f64
core   0: 0x80009f88 (0x0000b7e5) c.j     pc - 24
core   0: 3 0x80009f88 (0xb7e5)
core   0: 0x80009f70 (0x00002831) c.jal   pc + 28
core   0: 3 0x80009f70 (0x2831) x1  0x80009f72
core   0: 0x80009f8c (0x00003ff1) c.jal   pc - 36
core   0: 3 0x80009f8c (0x3ff1) x1  0x80009f8e
core   0: 0x80009f68 (0x00003ffd) c.jal   pc - 2
core   0: 3 0x80009f68 (0x3ffd) x1  0x80009f6a
core   0: 0x80009f66 (0x0000203d) c.jal   pc + 46
core   0: 3 0x80009f66 (0x203d) x1  0x80009f68
core   0: 0x80009f94 (0x000037c9) c.jal   pc - 62
core   0: 3 0x80009f94 (0x37c9) x1  0x80009f96
core   0: 0x80009f56 (0x0000a831) c.j     pc + 28
core   0: 3 0x80009f56 (0xa831)
core   0: 0x80009f72 (0x00002839) c.jal   pc + 30
core   0: 3 0x80009f72 (0x2839) x1  0x80009f74
core   0: 0x80009f90 (0x000037fd) c.jal   pc - 18
core   0: 3 0x80009f90 (0x37fd) x1  0x80009f92
core   0: 0x80009f7e (0x01400c6f) jal     s8, pc + 0x14
core   0: 3 0x80009f7e (0x01400c6f) x24 0x80009f82
core   0: 0x80009f92 (0x0000bfc5) c.j     pc - 16
core   0: 3 0x80009f92 (0xbfc5)
core   0: 0x80009f82 (0x0000bfd9) c.j     pc - 42
core   0: 3 0x80009f82 (0xbfd9)
core   0: 0x80009f58 (0x0000a809) c.j     pc + 18
core   0: 3 0x80009f58 (0xa809)
core   0: 0x80009f6a (0x0000a029) c.j     pc + 10
core   0: 3 0x80009f6a (0xa029)
core   0: 0x80009f74 (0x0000a819) c.j     pc + 22
core   0: 3 0x80009f74 (0xa819)
core   0: 0x80009f8a (0x0000b7f5) c.j     pc - 20
core   0: 3 0x80009f8a (0xb7f5)
core   0: 0x80009f76 (0x0000a005) c.j     pc + 32
core   0: 3 0x80009f76 (0xa005)
core   0: 0x80009f96 (0x00008f06) c.mv    t5, ra
core   0: 3 0x80009f96 (0x8f06) x30 0x80009f92
core   0: 0x80009f98 (0x00007817) auipc   a6, 0x7
core   0: 3 0x80009f98 (0x00007817) x16 0x80010f98
core   0: 0x80009f9c (0xc7d80813) addi    a6, a6, -899
core   0: 3 0x80009f9c (0xc7d80813) x16 0x80010c15
core   0: 0x80009fa0 (0x03180483) lb      s1, 49(a6)
core   0: 3 0x80009fa0 (0x03180483) x9  0x00000000 mem 0x80010c46
core   0: 0x80009fa4 (0x03181e83) lh      t4, 49(a6)
core   0: 3 0x80009fa4 (0x03181e83) x29 0x00000000 mem 0x80010c46
core   0: 0x80009fa8 (0x412b07b3) sub     a5, s6, s2
core   0: 3 0x80009fa8 (0x412b07b3) x15 0x736f55d7
core   0: 0x80009fac (0x014803a3) sb      s4, 7(a6)
core   0: 3 0x80009fac (0x014803a3) mem 0x80010c1c 0x00
core   0: 0x80009fb0 (0x03280683) lb      a3, 50(a6)
core   0: 3 0x80009fb0 (0x03280683) x13 0x00000000 mem 0x80010c47
core   0: 0x80009fb4 (0xfff81e83) lh      t4, -1(a6)
core   0: 3 0x80009fb4 (0xfff81e83) x29 0x000000ff mem 0x80010c14
core   0: 0x80009fb8 (0xffe80fa3) sb      t5, -1(a6)
core   0: 3 0x80009fb8 (0xffe80fa3) mem 0x80010c14 0x92
core   0: 0x80009fbc (0xfe580fa3) sb      t0, -1(a6)
core   0: 3 0x80009fbc (0xfe580fa3) mem 0x80010c14 0x1c
core   0: 0x80009fc0 (0x01c80123) sb      t3, 2(a6)
core   0: 3 0x80009fc0 (0x01c80123) mem 0x80010c17 0x70
core   0: 0x80009fc4 (0x41fdda93) srai    s5, s11, 31
core   0: 3 0x80009fc4 (0x41fdda93) x21 0xffffffff
core   0: 0x80009fc8 (0x00009e86) c.add   t4, ra
core   0: 3 0x80009fc8 (0x9e86) x29 0x8000a091
core   0: 0x80009fca (0x01580b03) lb      s6, 21(a6)
core   0: 3 0x80009fca (0x01580b03) x22 0x00000000 mem 0x80010c2a
core   0: 0x80009fce (0x00a4c9b3) xor     s3, s1, a0
core   0: 3 0x80009fce (0x00a4c9b3) x19 0x00000000
core   0: 0x80009fd2 (0x00353433) sltu    s0, a0, gp
core   0: 3 0x80009fd2 (0x00353433) x8  0x00000001
core   0: 0x80009fd6 (0x00080623) sb      zero, 12(a6)
core   0: 3 0x80009fd6 (0x00080623) mem 0x80010c21 0x00
core   0: 0x80009fda (0xfca80e83) lb      t4, -54(a6)
core   0: 3 0x80009fda (0xfca80e83) x29 0x00000000 mem 0x80010bdf
core   0: 0x80009fde (0x02c18c33) mul     s8, gp, a2
core   0: 3 0x80009fde (0x02c18c33) x24 0x28800000
core   0: 0x80009fe2 (0x00680c23) sb      t1, 24(a6)
core   0: 3 0x80009fe2 (0x00680c23) mem 0x80010c2d 0x64
core   0: 0x80009fe6 (0xfc785203) lhu     tp, -57(a6)
core   0: 3 0x80009fe6 (0xfc785203) x4  0x00000000 mem 0x80010bdc
core   0: 0x80009fea (0xfd080d03) lb      s10, -48(a6)
core   0: 3 0x80009fea (0xfd080d03) x26 0x00000000 mem 0x80010be5
core   0: 0x80009fee (0x00c80d03) lb      s10, 12(a6)
core   0: 3 0x80009fee (0x00c80d03) x26 0x00000000 mem 0x80010c21
core   0: 0x80009ff2 (0xfc880323) sb      s0, -58(a6)
core   0: 3 0x80009ff2 (0xfc880323) mem 0x80010bdb 0x01
core   0: 0x80009ff6 (0x03484d83) lbu     s11, 52(a6)
core   0: 3 0x80009ff6 (0x03484d83) x27 0x00000000 mem 0x80010c49
core   0: 0x80009ffa (0x00006c17) auipc   s8, 0x6
core   0: 3 0x80009ffa (0x00006c17) x24 0x8000fffa
core   0: 0x80009ffe (0x223c0c13) addi    s8, s8, 547
core   0: 3 0x80009ffe (0x223c0c13) x24 0x8001021d
core   0: 0x8000a002 (0x02fc5783) lhu     a5, 47(s8)
core   0: 3 0x8000a002 (0x02fc5783) x15 0x00000000 mem 0x8001024c
core   0: 0x8000a006 (0xbd010113) addi    sp, sp, -1072
core   0: 3 0x8000a006 (0xbd010113) x2  0x7fffffe8
core   0: 0x8000a00a (0x00008df1) c.and   a1, a2
core   0: 3 0x8000a00a (0x8df1) x11 0x00000000
core   0: 0x8000a00c (0x4093d6b3) sra     a3, t2, s1
core   0: 3 0x8000a00c (0x4093d6b3) x13 0x08c90800
core   0: 0x8000a010 (0x03f8e833) rem     a6, a7, t6
core   0: 3 0x8000a010 (0x03f8e833) x16 0x80029ce4
core   0: 0x8000a014 (0x01c16cb3) or      s9, sp, t3
core   0: 3 0x8000a014 (0x01c16cb3) x25 0xfffffff8
core   0: 0x8000a018 (0x03dc0983) lb      s3, 61(s8)
core   0: 3 0x8000a018 (0x03dc0983) x19 0x00000000 mem 0x8001025a
core   0: 0x8000a01c (0xfd5c0423) sb      s5, -56(s8)
core   0: 3 0x8000a01c (0xfd5c0423) mem 0x800101e5 0xff
core   0: 0x8000a020 (0x0a1c4103) lbu     sp, 161(s8)
core   0: 3 0x8000a020 (0x0a1c4103) x2  0x00000000 mem 0x800102be
core   0: 0x8000a024 (0x00000100) c.addi4spn s0, sp, 128
core   0: 3 0x8000a024 (0x0100) x8  0x00000080
core   0: 0x8000a026 (0x045c4603) lbu     a2, 69(s8)
core   0: 3 0x8000a026 (0x045c4603) x12 0x00000000 mem 0x80010262
core   0: 0x8000a02a (0x006c02a3) sb      t1, 5(s8)
core   0: 3 0x8000a02a (0x006c02a3) mem 0x80010222 0x64
core   0: 0x8000a02e (0x07bc5b03) lhu     s6, 123(s8)
core   0: 3 0x8000a02e (0x07bc5b03) x22 0x00000000 mem 0x80010298
core   0: 0x8000a032 (0xfd7c4f03) lbu     t5, -41(s8)
core   0: 3 0x8000a032 (0xfd7c4f03) x30 0x00000000 mem 0x800101f4
core   0: 0x8000a036 (0x00000001) c.nop
core   0: 3 0x8000a036 (0x0001)
core   0: 0x8000a038 (0x0ccc0383) lb      t2, 204(s8)
core   0: 3 0x8000a038 (0x0ccc0383) x7  0x00000000 mem 0x800102e9
core   0: 0x8000a03c (0x7f5c8837) lui     a6, 0x7f5c8
core   0: 3 0x8000a03c (0x7f5c8837) x16 0x7f5c8000
core   0: 0x8000a040 (0x000c4803) lbu     a6, 0(s8)
core   0: 3 0x8000a040 (0x000c4803) x16 0x00000000 mem 0x8001021d
core   0: 0x8000a044 (0x00001208) c.addi4spn a0, sp, 288
core   0: 3 0x8000a044 (0x1208) x10 0x00000120
core   0: 0x8000a046 (0x00ef9db3) sll     s11, t6, a4
core   0: 3 0x8000a046 (0x00ef9db3) x27 0x00000000
core   0: 0x8000a04a (0x01cef333) and     t1, t4, t3
core   0: 3 0x8000a04a (0x01cef333) x6  0x00000000
core   0: 0x8000a04e (0x40735d13) srai    s10, t1, 7
core   0: 3 0x8000a04e (0x40735d13) x26 0x00000000
core   0: 0x8000a052 (0x00008c75) c.and   s0, a3
core   0: 3 0x8000a052 (0x8c75) x8  0x00000000
core   0: 0x8000a054 (0x05bc2303) lw      t1, 91(s8)
core   0: 3 0x8000a054 (0x05bc2303) x6  0x00000000 mem 0x80010278
core   0: 0x8000a058 (0xf11c0723) sb      a7, -242(s8)
core   0: 3 0x8000a058 (0xf11c0723) mem 0x8001012b 0xe4
core   0: 0x8000a05c (0xf62c21a3) sw      sp, -157(s8)
core   0: 3 0x8000a05c (0xf62c21a3) mem 0x80010180 0x00000000
core   0: 0x8000a060 (0x00004c29) c.li    s8, 10
core   0: 3 0x8000a060 (0x4c29) x24 0x0000000a
core   0: 0x8000a062 (0x03b60033) mul     zero, a2, s11
core   0: 3 0x8000a062 (0x03b60033)
core   0: 0x8000a066 (0x000005a2) c.slli  a1, 8
core   0: 3 0x8000a066 (0x05a2) x11 0x00000000
core   0: 0x8000a068 (0x0298b133) mulhu   sp, a7, s1
core   0: 3 0x8000a068 (0x0298b133) x2  0x00000000
core   0: 0x8000a06c (0x00000001) c.nop
core   0: 3 0x8000a06c (0x0001)
core   0: 0x8000a06e (0x000041a9) c.li    gp, 10
core   0: 3 0x8000a06e (0x41a9) x3  0x0000000a
core   0: 0x8000a070 (0x00008215) c.srli  a2, 5
core   0: 3 0x8000a070 (0x8215) x12 0x00000000
core   0: 0x8000a072 (0x021d5eb3) divu    t4, s10, ra
core   0: 3 0x8000a072 (0x021d5eb3) x29 0x00000000
core   0: 0x8000a076 (0xcf826f17) auipc   t5, 0xcf826
core   0: 3 0x8000a076 (0xcf826f17) x30 0x4f830076
core   0: 0x8000a07a (0x03beafb3) mulhsu  t6, t4, s11
core   0: 3 0x8000a07a (0x03beafb3) x31 0x00000000
core   0: 0x8000a07e (0x00000001) c.nop
core   0: 3 0x8000a07e (0x0001)
core   0: 0x8000a080 (0x00001c5d) c.addi  s8, -9
core   0: 3 0x8000a080 (0x1c5d) x24 0x00000001
core   0: 0x8000a082 (0x4059d133) sra     sp, s3, t0
core   0: 3 0x8000a082 (0x4059d133) x2  0x00000000
core   0: 0x8000a086 (0x005a9d13) slli    s10, s5, 5
core   0: 3 0x8000a086 (0x005a9d13) x26 0xffffffe0
core   0: 0x8000a08a (0x00004401) c.li    s0, 0
core   0: 3 0x8000a08a (0x4401) x8  0x00000000
core   0: 0x8000a08c (0x00005259) c.li    tp, -10
core   0: 3 0x8000a08c (0x5259) x4  0xfffffff6
core   0: 0x8000a08e (0x00602d33) slt     s10, zero, t1
core   0: 3 0x8000a08e (0x00602d33) x26 0x00000000
core   0: 0x8000a092 (0x694acf97) auipc   t6, 0x694ac
core   0: 3 0x8000a092 (0x694acf97) x31 0xe94b6092
core   0: 0x8000a096 (0x0011c133) xor     sp, gp, ra
core   0: 3 0x8000a096 (0x0011c133) x2  0x80009f98
core   0: 0x8000a09a (0x00001459) c.addi  s0, -10
core   0: 3 0x8000a09a (0x1459) x8  0xfffffff6
core   0: 0x8000a09c (0x000003c2) c.slli  t2, 16
core   0: 3 0x8000a09c (0x03c2) x7  0x00000000
core   0: 0x8000a09e (0xfe441ae3) bne     s0, tp, pc - 12
core   0: 3 0x8000a09e (0xfe441ae3)
core   0: 0x8000a0a2 (0x00008241) c.srli  a2, 16
core   0: 3 0x8000a0a2 (0x8241) x12 0x00000000
core   0: 0x8000a0a4 (0xb9668017) auipc   zero, 0xb9668
core   0: 3 0x8000a0a4 (0xb9668017)
core   0: 0x8000a0a8 (0xd818ba13) sltiu   s4, a7, -639
core   0: 3 0x8000a0a8 (0xd818ba13) x20 0x00000001
core   0: 0x8000a0ac (0xfc3c75e3) bgeu    s8, gp, pc - 54
core   0: 3 0x8000a0ac (0xfc3c75e3)
core   0: 0x8000a0b0 (0x00008caa) c.mv    s9, a0
core   0: 3 0x8000a0b0 (0x8caa) x25 0x00000120
core   0: 0x8000a0b2 (0x00001408) c.addi4spn a0, sp, 544
core   0: 3 0x8000a0b2 (0x1408) x10 0x8000a1b8
core   0: 0x8000a0b4 (0x00000c15) c.addi  s8, 5
core   0: 3 0x8000a0b4 (0x0c15) x24 0x00000006
core   0: 0x8000a0b6 (0x4023d813) srai    a6, t2, 2
core   0: 3 0x8000a0b6 (0x4023d813) x16 0x00000000
core   0: 0x8000a0ba (0x41110333) sub     t1, sp, a7
core   0: 3 0x8000a0ba (0x41110333) x6  0xfffe02b4
core   0: 0x8000a0be (0x03f1b633) mulhu   a2, gp, t6
core   0: 3 0x8000a0be (0x03f1b633) x12 0x00000009
core   0: 0x8000a0c2 (0x545b4e93) xori    t4, s6, 1349
core   0: 3 0x8000a0c2 (0x545b4e93) x29 0x00000545
core   0: 0x8000a0c6 (0x032cf813) andi    a6, s9, 50
core   0: 3 0x8000a0c6 (0x032cf813) x16 0x00000020
core   0: 0x8000a0ca (0x00000442) c.slli  s0, 16
core   0: 3 0x8000a0ca (0x0442) x8  0xfff60000
core   0: 0x8000a0cc (0x00d20763) beq     tp, a3, pc + 14
core   0: 3 0x8000a0cc (0x00d20763)
core   0: 0x8000a0d0 (0x03d697b3) mulh    a5, a3, t4
core   0: 3 0x8000a0d0 (0x03d697b3) x15 0x0000002e
core   0: 0x8000a0d4 (0x01051993) slli    s3, a0, 16
core   0: 3 0x8000a0d4 (0x01051993) x19 0xa1b80000
core   0: 0x8000a0d8 (0x00001cfd) c.addi  s9, -1
core   0: 3 0x8000a0d8 (0x1cfd) x25 0x0000011f
core   0: 0x8000a0da (0xfa99a393) slti    t2, s3, -87
core   0: 3 0x8000a0da (0xfa99a393) x7  0x00000001
core   0: 0x8000a0de (0x007f1c33) sll     s8, t5, t2
core   0: 3 0x8000a0de (0x007f1c33) x24 0x9f0600ec
core   0: 0x8000a0e2 (0x00254d33) xor     s10, a0, sp
core   0: 3 0x8000a0e2 (0x00254d33) x26 0x00003e20
core   0: 0x8000a0e6 (0xe21bb337) lui     t1, 0xe21bb
core   0: 3 0x8000a0e6 (0xe21bb337) x6  0xe21bb000
core   0: 0x8000a0ea (0x02e5d2b3) divu    t0, a1, a4
core   0: 3 0x8000a0ea (0x02e5d2b3) x5  0x00000000
core   0: 0x8000a0ee (0x8156c213) xori    tp, a3, -2027
core   0: 3 0x8000a0ee (0x8156c213) x4  0xf736f015
core   0: 0x8000a0f2 (0x12c8c813) xori    a6, a7, 300
core   0: 3 0x8000a0f2 (0x12c8c813) x16 0x80029dc8
core   0: 0x8000a0f6 (0x41e18433) sub     s0, gp, t5
core   0: 3 0x8000a0f6 (0x41e18433) x8  0xb07cff94
core   0: 0x8000a0fa (0x41fedfb3) sra     t6, t4, t6
core   0: 3 0x8000a0fa (0x41fedfb3) x31 0x00000000
core   0: 0x8000a0fe (0x01524563) blt     tp, s5, pc + 10
core   0: 3 0x8000a0fe (0x01524563)
core   0: 0x8000a108 (0x00000001) c.nop
core   0: 3 0x8000a108 (0x0001)
core   0: 0x8000a10a (0x02b0fd33) remu    s10, ra, a1
core   0: 3 0x8000a10a (0x02b0fd33) x26 0x80009f92
core   0: 0x8000a10e (0x027e5363) bge     t3, t2, pc + 38
core   0: 3 0x8000a10e (0x027e5363)
core   0: 0x8000a112 (0xc111e513) ori     a0, gp, -1007
core   0: 3 0x8000a112 (0xc111e513) x10 0xfffffc1b
core   0: 0x8000a116 (0x3cc16097) auipc   ra, 0x3cc16
core   0: 3 0x8000a116 (0x3cc16097) x1  0xbcc20116
core   0: 0x8000a11a (0x00001afd) c.addi  s5, -1
core   0: 3 0x8000a11a (0x1afd) x21 0xfffffffe
core   0: 0x8000a11c (0x01ecdc63) bge     s9, t5, pc + 24
core   0: 3 0x8000a11c (0x01ecdc63)
core   0: 0x8000a120 (0x00008a5a) c.mv    s4, s6
core   0: 3 0x8000a120 (0x8a5a) x20 0x00000000
core   0: 0x8000a122 (0x0000e28d) c.bnez  a3, pc + 34
core   0: 3 0x8000a122 (0xe28d)
core   0: 0x8000a144 (0x00000598) c.addi4spn a4, sp, 704
core   0: 3 0x8000a144 (0x0598) x14 0x8000a258
core   0: 0x8000a146 (0x0ae8c313) xori    t1, a7, 174
core   0: 3 0x8000a146 (0x0ae8c313) x6  0x80029c4a
core   0: 0x8000a14a (0x0000567d) c.li    a2, -1
core   0: 3 0x8000a14a (0x567d) x12 0xffffffff
core   0: 0x8000a14c (0x0164a2b3) slt     t0, s1, s6
core   0: 3 0x8000a14c (0x0164a2b3) x5  0x00000000
core   0: 0x8000a150 (0x0000cc89) c.beqz  s1, pc + 26
core   0: 3 0x8000a150 (0xcc89)
core   0: 0x8000a16a (0x008d1c63) bne     s10, s0, pc + 24
core   0: 3 0x8000a16a (0x008d1c63)
core   0: 0x8000a182 (0x00000001) c.nop
core   0: 3 0x8000a182 (0x0001)
core   0: 0x8000a184 (0x0000929a) c.add   t0, t1
core   0: 3 0x8000a184 (0x929a) x5  0x80029c4a
core   0: 0x8000a186 (0x01a01a93) slli    s5, zero, 26
core   0: 3 0x8000a186 (0x01a01a93) x21 0x00000000
core   0: 0x8000a18a (0x4154d333) sra     t1, s1, s5
core   0: 3 0x8000a18a (0x4154d333) x6  0x00000000
core   0: 0x8000a18e (0x02c34833) div     a6, t1, a2
core   0: 3 0x8000a18e (0x02c34833) x16 0x00000000
core   0: 0x8000a192 (0x015ccd33) xor     s10, s9, s5
core   0: 3 0x8000a192 (0x015ccd33) x26 0x0000011f
core   0: 0x8000a196 (0x000054fd) c.li    s1, -1
core   0: 3 0x8000a196 (0x54fd) x9  0xffffffff
core   0: 0x8000a198 (0x0000717d) c.addi16sp sp, -16
core   0: 3 0x8000a198 (0x717d) x2  0x80009f88
core   0: 0x8000a19a (0x01025263) bge     tp, a6, pc + 4
core   0: 3 0x8000a19a (0x01025263)
core   0: 0x8000a19e (0x011bce33) xor     t3, s7, a7
core   0: 3 0x8000a19e (0x011bce33) x28 0x0000c2c0
core   0: 0x8000a1a2 (0xf5f14c13) xori    s8, sp, -161
core   0: 3 0x8000a1a2 (0xf5f14c13) x24 0x7fff60d7
core   0: 0x8000a1a6 (0x001e4033) xor     zero, t3, ra
core   0: 3 0x8000a1a6 (0x001e4033)
core   0: 0x8000a1aa (0x037086b3) mul     a3, ra, s7
core   0: 3 0x8000a1aa (0x037086b3) x13 0xc9da3b18
core   0: 0x8000a1ae (0x025e4833) div     a6, t3, t0
core   0: 3 0x8000a1ae (0x025e4833) x16 0x00000000
core   0: 0x8000a1b2 (0x026e9663) bne     t4, t1, pc + 44
core   0: 3 0x8000a1b2 (0x026e9663)
core   0: 0x8000a1de (0x000060fd) c.lui   ra, 0x1f
core   0: 3 0x8000a1de (0x60fd) x1  0x0001f000
core   0: 0x8000a1e0 (0x020600b3) mul     ra, a2, zero
core   0: 3 0x8000a1e0 (0x020600b3) x1  0x00000000
core   0: 0x8000a1e4 (0x019374b3) and     s1, t1, s9
core   0: 3 0x8000a1e4 (0x019374b3) x9  0x00000000
core   0: 0x8000a1e8 (0x00006ae1) c.lui   s5, 0x18
core   0: 3 0x8000a1e8 (0x6ae1) x21 0x00018000
core   0: 0x8000a1ea (0x0388d633) divu    a2, a7, s8
core   0: 3 0x8000a1ea (0x0388d633) x12 0x00000001
core   0: 0x8000a1ee (0x085d4013) xori    zero, s10, 133
core   0: 3 0x8000a1ee (0x085d4013)
core   0: 0x8000a1f2 (0x00000569) c.addi  a0, 26
core   0: 3 0x8000a1f2 (0x0569) x10 0xfffffc35
core   0: 0x8000a1f4 (0xc4baeb13) ori     s6, s5, -949
core   0: 3 0x8000a1f4 (0xc4baeb13) x22 0xfffffc4b
core   0: 0x8000a1f8 (0x4b32eb17) auipc   s6, 0x4b32e
core   0: 3 0x8000a1f8 (0x4b32eb17) x22 0xcb3381f8
core   0: 0x8000a1fc (0x00008e85) c.sub   a3, s1
core   0: 3 0x8000a1fc (0x8e85) x13 0xc9da3b18
core   0: 0x8000a1fe (0x00000fda) c.slli  t6, 22
core   0: 3 0x8000a1fe (0x0fda) x31 0x00000000
core   0: 0x8000a200 (0x00008dd9) c.or    a1, a4
core   0: 3 0x8000a200 (0x8dd9) x11 0x8000a258
core   0: 0x8000a202 (0x03d7f0b3) remu    ra, a5, t4
core   0: 3 0x8000a202 (0x03d7f0b3) x1  0x0000002e
core   0: 0x8000a206 (0xb9557797) auipc   a5, 0xb9557
core   0: 3 0x8000a206 (0xb9557797) x15 0x39561206
core   0: 0x8000a20a (0x02edab33) mulhsu  s6, s11, a4
core   0: 3 0x8000a20a (0x02edab33) x22 0x00000000
core   0: 0x8000a20e (0x418504b3) sub     s1, a0, s8
core   0: 3 0x8000a20e (0x418504b3) x9  0x80009b5e
core   0: 0x8000a212 (0x00f25033) srl     zero, tp, a5
core   0: 3 0x8000a212 (0x00f25033)
core   0: 0x8000a216 (0x00008f5d) c.or    a4, a5
core   0: 3 0x8000a216 (0x8f5d) x14 0xb956b25e
core   0: 0x8000a218 (0x4049deb3) sra     t4, s3, tp
core   0: 3 0x8000a218 (0x4049deb3) x29 0xfffffd0d
core   0: 0x8000a21c (0xeacefa93) andi    s5, t4, -340
core   0: 3 0x8000a21c (0xeacefa93) x21 0xfffffc0c
core   0: 0x8000a220 (0x023a5333) divu    t1, s4, gp
core   0: 3 0x8000a220 (0x023a5333) x6  0x00000000
core   0: 0x8000a224 (0x5c392537) lui     a0, 0x5c392
core   0: 3 0x8000a224 (0x5c392537) x10 0x5c392000
core   0: 0x8000a228 (0x9d357a17) auipc   s4, 0x9d357
core   0: 3 0x8000a228 (0x9d357a17) x20 0x1d361228
core   0: 0x8000a22c (0x0000946e) c.add   s0, s11
core   0: 3 0x8000a22c (0x946e) x8  0xb07cff94
core   0: 0x8000a22e (0x000097fe) c.add   a5, t6
core   0: 3 0x8000a22e (0x97fe) x15 0x39561206
core   0: 0x8000a230 (0x0000527d) c.li    tp, -1
core   0: 3 0x8000a230 (0x527d) x4  0xffffffff
core   0: 0x8000a232 (0x00008cdd) c.or    s1, a5
core   0: 3 0x8000a232 (0x8cdd) x9  0xb9569b5e
core   0: 0x8000a234 (0x00421d63) bne     tp, tp, pc + 26
core   0: 3 0x8000a234 (0x00421d63)
core   0: 0x8000a238 (0x01b8dc33) srl     s8, a7, s11
core   0: 3 0x8000a238 (0x01b8dc33) x24 0x80029ce4
core   0: 0x8000a23c (0x0082bf33) sltu    t5, t0, s0
core   0: 3 0x8000a23c (0x0082bf33) x30 0x00000001
core   0: 0x8000a240 (0x0000854e) c.mv    a0, s3
core   0: 3 0x8000a240 (0x854e) x10 0xa1b80000
core   0: 0x8000a242 (0x00000001) c.nop
core   0: 3 0x8000a242 (0x0001)
core   0: 0x8000a244 (0x406dd113) srai    sp, s11, 6
core   0: 3 0x8000a244 (0x406dd113) x2  0x00000000
core   0: 0x8000a248 (0x00008d6d) c.and   a0, a1
core   0: 3 0x8000a248 (0x8d6d) x10 0x80000000
core   0: 0x8000a24a (0x41065793) srai    a5, a2, 16
core   0: 3 0x8000a24a (0x41065793) x15 0x00000000
core   0: 0x8000a24e (0x026390b3) mulh    ra, t2, t1
core   0: 3 0x8000a24e (0x026390b3) x1  0x00000000
core   0: 0x8000a252 (0x02c20d33) mul     s10, tp, a2
core   0: 3 0x8000a252 (0x02c20d33) x26 0xffffffff
core   0: 0x8000a256 (0xbea9a397) auipc   t2, 0xbea9a
core   0: 3 0x8000a256 (0xbea9a397) x7  0x3eaa4256
core   0: 0x8000a25a (0x0000c289) c.beqz  a3, pc + 2
core   0: 3 0x8000a25a (0xc289)
core   0: 0x8000a25c (0x4063dd93) srai    s11, t2, 6
core   0: 3 0x8000a25c (0x4063dd93) x27 0x00faa909
core   0: 0x8000a260 (0x01469e13) slli    t3, a3, 20
core   0: 3 0x8000a260 (0x01469e13) x28 0xb1800000
core   0: 0x8000a264 (0x0335b533) mulhu   a0, a1, s3
core   0: 3 0x8000a264 (0x0335b533) x10 0x50dc668e
core   0: 0x8000a268 (0x00008caa) c.mv    s9, a0
core   0: 3 0x8000a268 (0x8caa) x25 0x50dc668e
core   0: 0x8000a26a (0x00005b7d) c.li    s6, -1
core   0: 3 0x8000a26a (0x5b7d) x22 0xffffffff
core   0: 0x8000a26c (0x00008162) c.mv    sp, s8
core   0: 3 0x8000a26c (0x8162) x2  0x80029ce4
core   0: 0x8000a26e (0x00008d79) c.and   a0, a4
core   0: 3 0x8000a26e (0x8d79) x10 0x1054220e
core   0: 0x8000a270 (0x00008c0d) c.sub   s0, a1
core   0: 3 0x8000a270 (0x8c0d) x8  0x307c5d3c
core   0: 0x8000a272 (0x029dab33) mulhsu  s6, s11, s1
core   0: 3 0x8000a272 (0x029dab33) x22 0x00b578f4
core   0: 0x8000a276 (0x000099fe) c.add   s3, t6
core   0: 3 0x8000a276 (0x99fe) x19 0xa1b80000
core   0: 0x8000a278 (0x00008d41) c.or    a0, s0
core   0: 3 0x8000a278 (0x8d41) x10 0x307c7f3e
core   0: 0x8000a27a (0x4862cd93) xori    s11, t0, 1158
core   0: 3 0x8000a27a (0x4862cd93) x27 0x800298cc
core   0: 0x8000a27e (0x01f706b3) add     a3, a4, t6
core   0: 3 0x8000a27e (0x01f706b3) x13 0xb956b25e
core   0: 0x8000a282 (0x01a4dfb3) srl     t6, s1, s10
core   0: 3 0x8000a282 (0x01a4dfb3) x31 0x00000001
core   0: 0x8000a286 (0x0000e115) c.bnez  a0, pc + 36
core   0: 3 0x8000a286 (0xe115)
core   0: 0x8000a2aa (0x02eb0fb3) mul     t6, s6, a4
core   0: 3 0x8000a2aa (0x02eb0fb3) x31 0x66b41198
core   0: 0x8000a2ae (0x00004f55) c.li    t5, 21
core   0: 3 0x8000a2ae (0x4f55) x30 0x00000015
core   0: 0x8000a2b0 (0x000083f1) c.srli  a5, 28
core   0: 3 0x8000a2b0 (0x83f1) x15 0x00000000
core   0: 0x8000a2b2 (0x0000061a) c.slli  a2, 6
core   0: 3 0x8000a2b2 (0x061a) x12 0x00000040
core   0: 0x8000a2b4 (0x0000977e) c.add   a4, t6
core   0: 3 0x8000a2b4 (0x977e) x14 0x200ac3f6
core   0: 0x8000a2b6 (0x96ceca93) xori    s5, t4, -1684
core   0: 3 0x8000a2b6 (0x96ceca93) x21 0x00000461
core   0: 0x8000a2ba (0x01e8c5b3) xor     a1, a7, t5
core   0: 3 0x8000a2ba (0x01e8c5b3) x11 0x80029cf1
core   0: 0x8000a2be (0x2528b413) sltiu   s0, a7, 594
core   0: 3 0x8000a2be (0x2528b413) x8  0x00000000
core   0: 0x8000a2c2 (0x00007517) auipc   a0, 0x7
core   0: 3 0x8000a2c2 (0x00007517) x10 0x800112c2
core   0: 0x8000a2c6 (0x8cf50513) addi    a0, a0, -1841
core   0: 3 0x8000a2c6 (0x8cf50513) x10 0x80010b91
core   0: 0x8000a2ca (0x020857b3) divu    a5, a6, zero
core   0: 3 0x8000a2ca (0x020857b3) x15 0xffffffff
core   0: 0x8000a2ce (0x020069b3) rem     s3, zero, zero
core   0: 3 0x8000a2ce (0x020069b3) x19 0x00000000
core   0: 0x8000a2d2 (0x0109d633) srl     a2, s3, a6
core   0: 3 0x8000a2d2 (0x0109d633) x12 0x00000000
core   0: 0x8000a2d6 (0x00006795) c.lui   a5, 0x5
core   0: 3 0x8000a2d6 (0x6795) x15 0x00005000
core   0: 0x8000a2d8 (0xfc555603) lhu     a2, -59(a0)
core   0: 3 0x8000a2d8 (0xfc555603) x12 0x00000000 mem 0x80010b56
core   0: 0x8000a2dc (0x01350fa3) sb      s3, 31(a0)
core   0: 3 0x8000a2dc (0x01350fa3) mem 0x80010bb0 0x00
core   0: 0x8000a2e0 (0x00c1f633) and     a2, gp, a2
core   0: 3 0x8000a2e0 (0x00c1f633) x12 0x00000000
core   0: 0x8000a2e4 (0xfc650183) lb      gp, -58(a0)
core   0: 3 0x8000a2e4 (0xfc650183) x3  0x00000000 mem 0x80010b57
core   0: 0x8000a2e8 (0x01a7d813) srli    a6, a5, 26
core   0: 3 0x8000a2e8 (0x01a7d813) x16 0x00000000
core   0: 0x8000a2ec (0xfef519a3) sh      a5, -13(a0)
core   0: 3 0x8000a2ec (0xfef519a3) mem 0x80010b84 0x5000
core   0: 0x8000a2f0 (0x8131d637) lui     a2, 0x8131d
core   0: 3 0x8000a2f0 (0x8131d637) x12 0x8131d000
core   0: 0x8000a2f4 (0x01654183) lbu     gp, 22(a0)
core   0: 3 0x8000a2f4 (0x01654183) x3  0x00000000 mem 0x80010ba7
core   0: 0x8000a2f8 (0xfdf52803) lw      a6, -33(a0)
core   0: 3 0x8000a2f8 (0xfdf52803) x16 0x00000000 mem 0x80010b70
core   0: 0x8000a2fc (0x01050c23) sb      a6, 24(a0)
core   0: 3 0x8000a2fc (0x01050c23) mem 0x80010ba9 0x00
core   0: 0x8000a300 (0x01350f23) sb      s3, 30(a0)
core   0: 3 0x8000a300 (0x01350f23) mem 0x80010baf 0x00
core   0: 0x8000a304 (0xfe0509a3) sb      zero, -13(a0)
core   0: 3 0x8000a304 (0xfe0509a3) mem 0x80010b84 0x00
core   0: 0x8000a308 (0x00052fa3) sw      zero, 31(a0)
core   0: 3 0x8000a308 (0x00052fa3) mem 0x80010bb0 0x00000000
core   0: 0x8000a30c (0x0000983e) c.add   a6, a5
core   0: 3 0x8000a30c (0x983e) x16 0x00005000
core   0: 0x8000a30e (0xfd350223) sb      s3, -60(a0)
core   0: 3 0x8000a30e (0xfd350223) mem 0x80010b55 0x00
core   0: 0x8000a312 (0xfc350523) sb      gp, -54(a0)
core   0: 3 0x8000a312 (0xfc350523) mem 0x80010b5b 0x00
core   0: 0x8000a316 (0x010507a3) sb      a6, 15(a0)
core   0: 3 0x8000a316 (0x010507a3) mem 0x80010ba0 0x00
core   0: 0x8000a31a (0x03367033) remu    zero, a2, s3
core   0: 3 0x8000a31a (0x03367033)
core   0: 0x8000a31e (0x00650183) lb      gp, 6(a0)
core   0: 3 0x8000a31e (0x00650183) x3  0x00000000 mem 0x80010b97
core   0: 0x8000a322 (0x02755603) lhu     a2, 39(a0)
core   0: 3 0x8000a322 (0x02755603) x12 0x00000000 mem 0x80010bb8
core   0: 0x8000a326 (0xfcc50323) sb      a2, -58(a0)
core   0: 3 0x8000a326 (0xfcc50323) mem 0x80010b57 0x00
core   0: 0x8000a32a (0xfcd51983) lh      s3, -51(a0)
core   0: 3 0x8000a32a (0xfcd51983) x19 0x00000000 mem 0x80010b5e
core   0: 0x8000a32e (0x03650983) lb      s3, 54(a0)
core   0: 3 0x8000a32e (0x03650983) x19 0x00000000 mem 0x80010bc7
core   0: 0x8000a332 (0x01350983) lb      s3, 19(a0)
core   0: 3 0x8000a332 (0x01350983) x19 0x00000000 mem 0x80010ba4
core   0: 0x8000a336 (0x000047bd) c.li    a5, 15
core   0: 3 0x8000a336 (0x47bd) x15 0x0000000f
core   0: 0x8000a338 (0x03150783) lb      a5, 49(a0)
core   0: 3 0x8000a338 (0x03150783) x15 0x00000000 mem 0x80010bc2
core   0: 0x8000a33c (0xfd254003) lbu     zero, -46(a0)
core   0: 3 0x8000a33c (0xfd254003) mem 0x80010b63
core   0: 0x8000a340 (0x02e54783) lbu     a5, 46(a0)
core   0: 3 0x8000a340 (0x02e54783) x15 0x00000000 mem 0x80010bbf
core   0: 0x8000a344 (0xff054003) lbu     zero, -16(a0)
core   0: 3 0x8000a344 (0xff054003) mem 0x80010b81
core   0: 0x8000a348 (0x01a50783) lb      a5, 26(a0)
core   0: 3 0x8000a348 (0x01a50783) x15 0x00000000 mem 0x80010bab
core   0: 0x8000a34c (0x00654783) lbu     a5, 6(a0)
core   0: 3 0x8000a34c (0x00654783) x15 0x00000000 mem 0x80010b97
core   0: 0x8000a350 (0x00008e7d) c.and   a2, a5
core   0: 3 0x8000a350 (0x8e7d) x12 0x00000000
core   0: 0x8000a352 (0xfec514a3) sh      a2, -23(a0)
core   0: 3 0x8000a352 (0xfec514a3) mem 0x80010b7a 0x0000
core   0: 0x8000a356 (0x00450783) lb      a5, 4(a0)
core   0: 3 0x8000a356 (0x00450783) x15 0x00000000 mem 0x80010b95
core   0: 0x8000a35a (0x0339f7b3) remu    a5, s3, s3
core   0: 3 0x8000a35a (0x0339f7b3) x15 0x00000000
core   0: 0x8000a35e (0x02f55183) lhu     gp, 47(a0)
core   0: 3 0x8000a35e (0x02f55183) x3  0x00000000 mem 0x80010bc0
core   0: 0x8000a362 (0x00000001) c.nop
core   0: 3 0x8000a362 (0x0001)
core   0: 0x8000a364 (0x00008c09) c.sub   s0, a0
core   0: 3 0x8000a364 (0x8c09) x8  0x7ffef46f
core   0: 0x8000a366 (0x02573cb3) mulhu   s9, a4, t0
core   0: 3 0x8000a366 (0x02573cb3) x25 0x1005b5a0
core   0: 0x8000a36a (0x00000d90) c.addi4spn a2, sp, 720
core   0: 3 0x8000a36a (0x0d90) x12 0x80029fb4
core   0: 0x8000a36c (0x035c6b33) rem     s6, s8, s5
core   0: 3 0x8000a36c (0x035c6b33) x22 0xfffffbf0
core   0: 0x8000a370 (0x00009bfd) c.andi  a5, -1
core   0: 3 0x8000a370 (0x9bfd) x15 0x00000000
core   0: 0x8000a372 (0x01999113) slli    sp, s3, 25
core   0: 3 0x8000a372 (0x01999113) x2  0x00000000
core   0: 0x8000a376 (0x00000001) c.nop
core   0: 3 0x8000a376 (0x0001)
core   0: 0x8000a378 (0x00ef6263) bltu    t5, a4, pc + 4
core   0: 3 0x8000a378 (0x00ef6263)
core   0: 0x8000a37c (0x4173d033) sra     zero, t2, s7
core   0: 3 0x8000a37c (0x4173d033)
core   0: 0x8000a380 (0x0000c009) c.beqz  s0, pc + 2
core   0: 3 0x8000a380 (0xc009)
core   0: 0x8000a382 (0x00008e65) c.and   a2, s1
core   0: 3 0x8000a382 (0x8e65) x12 0x80029b14
core   0: 0x8000a384 (0x00008362) c.mv    t1, s8
core   0: 3 0x8000a384 (0x8362) x6  0x80029ce4
core   0: 0x8000a386 (0x00001d0c) c.addi4spn a1, sp, 688
core   0: 3 0x8000a386 (0x1d0c) x11 0x000002b0
core   0: 0x8000a388 (0x0000e485) c.bnez  s1, pc + 40
core   0: 3 0x8000a388 (0xe485)
core   0: 0x8000a3b0 (0x00ffceb3) xor     t4, t6, a5
core   0: 3 0x8000a3b0 (0x00ffceb3) x29 0x66b41198
core   0: 0x8000a3b4 (0x0000167d) c.addi  a2, -1
core   0: 3 0x8000a3b4 (0x167d) x12 0x80029b13
core   0: 0x8000a3b6 (0x1d912613) slti    a2, sp, 473
core   0: 3 0x8000a3b6 (0x1d912613) x12 0x00000001
core   0: 0x8000a3ba (0x0475c163) blt     a1, t2, pc + 66
core   0: 3 0x8000a3ba (0x0475c163)
core   0: 0x8000a3fc (0x004d5a93) srli    s5, s10, 4
core   0: 3 0x8000a3fc (0x004d5a93) x21 0x0fffffff
core   0: 0x8000a400 (0x00d55293) srli    t0, a0, 13
core   0: 3 0x8000a400 (0x00d55293) x5  0x00040008
core   0: 0x8000a404 (0x01593b33) sltu    s6, s2, s5
core   0: 3 0x8000a404 (0x01593b33) x22 0x00000000
core   0: 0x8000a408 (0x15907b17) auipc   s6, 0x15907
core   0: 3 0x8000a408 (0x15907b17) x22 0x95911408
core   0: 0x8000a40c (0x0000e289) c.bnez  a3, pc + 2
core   0: 3 0x8000a40c (0xe289)
core   0: 0x8000a40e (0x00000001) c.nop
core   0: 3 0x8000a40e (0x0001)
core   0: 0x8000a410 (0x00c69533) sll     a0, a3, a2
core   0: 3 0x8000a410 (0x00c69533) x10 0x72ad64bc
core   0: 0x8000a414 (0x03c7c9b3) div     s3, a5, t3
core   0: 3 0x8000a414 (0x03c7c9b3) x19 0x00000000
core   0: 0x8000a418 (0x03d93cb3) mulhu   s9, s2, t4
core   0: 3 0x8000a418 (0x03d93cb3) x25 0x3864832d
core   0: 0x8000a41c (0x00000ff6) c.slli  t6, 29
core   0: 3 0x8000a41c (0x0ff6) x31 0x00000000
core   0: 0x8000a41e (0x00008329) c.srli  a4, 10
core   0: 3 0x8000a41e (0x8329) x14 0x000802b0
core   0: 0x8000a420 (0x0000997d) c.andi  a0, -1
core   0: 3 0x8000a420 (0x997d) x10 0x72ad64bc
core   0: 0x8000a422 (0x00008b1d) c.andi  a4, 7
core   0: 3 0x8000a422 (0x8b1d) x14 0x00000000
core   0: 0x8000a424 (0x002a1b13) slli    s6, s4, 2
core   0: 3 0x8000a424 (0x002a1b13) x22 0x74d848a0
core   0: 0x8000a428 (0x022fc533) div     a0, t6, sp
core   0: 3 0x8000a428 (0x022fc533) x10 0xffffffff
core   0: 0x8000a42c (0x00000001) c.nop
core   0: 3 0x8000a42c (0x0001)
core   0: 0x8000a42e (0x02a59633) mulh    a2, a1, a0
core   0: 3 0x8000a42e (0x02a59633) x12 0xffffffff
core   0: 0x8000a432 (0x0000c3a1) c.beqz  a5, pc + 64
core   0: 3 0x8000a432 (0xc3a1)
core   0: 0x8000a472 (0x6bccae93) slti    t4, s9, 1724
core   0: 3 0x8000a472 (0x6bccae93) x29 0x00000000
core   0: 0x8000a476 (0x006ddf33) srl     t5, s11, t1
core   0: 3 0x8000a476 (0x006ddf33) x30 0x0800298c
core   0: 0x8000a47a (0x0000c029) c.beqz  s0, pc + 66
core   0: 3 0x8000a47a (0xc029)
core   0: 0x8000a47c (0x405e0133) sub     sp, t3, t0
core   0: 3 0x8000a47c (0x405e0133) x2  0xb17bfff8
core   0: 0x8000a480 (0x02285533) divu    a0, a6, sp
core   0: 3 0x8000a480 (0x02285533) x10 0x00000000
core   0: 0x8000a484 (0x85cd5597) auipc   a1, 0x85cd5
core   0: 3 0x8000a484 (0x85cd5597) x11 0x05cdf484
core   0: 0x8000a488 (0x000080cd) c.srli  s1, 19
core   0: 3 0x8000a488 (0x80cd) x9  0x0000172a
core   0: 0x8000a48a (0x00008369) c.srli  a4, 26
core   0: 3 0x8000a48a (0x8369) x14 0x00000000
core   0: 0x8000a48c (0x00008fd1) c.or    a5, a2
core   0: 3 0x8000a48c (0x8fd1) x15 0xffffffff
core   0: 0x8000a48e (0x416c52b3) sra     t0, s8, s6
core   0: 3 0x8000a48e (0x416c52b3) x5  0x80029ce4
core   0: 0x8000a492 (0x0000948a) c.add   s1, sp
core   0: 3 0x8000a492 (0x948a) x9  0xb17c1722
core   0: 0x8000a494 (0x00000001) c.nop
core   0: 3 0x8000a494 (0x0001)
core   0: 0x8000a496 (0x02cbd033) divu    zero, s7, a2
core   0: 3 0x8000a496 (0x02cbd033)
core   0: 0x8000a49a (0x64d18e17) auipc   t3, 0x64d18
core   0: 3 0x8000a49a (0x64d18e17) x28 0xe4d2249a
core   0: 0x8000a49e (0x039a5233) divu    tp, s4, s9
core   0: 3 0x8000a49e (0x039a5233) x4  0x00000000
core   0: 0x8000a4a2 (0x4117dc93) srai    s9, a5, 17
core   0: 3 0x8000a4a2 (0x4117dc93) x25 0xffffffff
core   0: 0x8000a4a6 (0xed437f13) andi    t5, t1, -300
core   0: 3 0x8000a4a6 (0xed437f13) x30 0x80029cc4
core   0: 0x8000a4aa (0x0000717d) c.addi16sp sp, -16
core   0: 3 0x8000a4aa (0x717d) x2  0xb17bffe8
core   0: 0x8000a4ac (0x007b1393) slli    t2, s6, 7
core   0: 3 0x8000a4ac (0x007b1393) x7  0x6c245000
core   0: 0x8000a4b0 (0xe5227a93) andi    s5, tp, -430
core   0: 3 0x8000a4b0 (0xe5227a93) x21 0x00000000
core   0: 0x8000a4b4 (0x406d89b3) sub     s3, s11, t1
core   0: 3 0x8000a4b4 (0x406d89b3) x19 0xfffffbe8
core   0: 0x8000a4b8 (0x01831c93) slli    s9, t1, 24
core   0: 3 0x8000a4b8 (0x01831c93) x25 0xe4000000
core   0: 0x8000a4bc (0x00c69f13) slli    t5, a3, 12
core   0: 3 0x8000a4bc (0x00c69f13) x30 0x6b25e000
core   0: 0x8000a4c0 (0x00008d0d) c.sub   a0, a1
core   0: 3 0x8000a4c0 (0x8d0d) x10 0xfa320b7c
core   0: 0x8000a4c2 (0x00008955) c.andi  a0, 21
core   0: 3 0x8000a4c2 (0x8955) x10 0x00000014
core   0: 0x8000a4c4 (0x01f94c63) blt     s2, t6, pc + 24
core   0: 3 0x8000a4c4 (0x01f94c63)
core   0: 0x8000a4dc (0x00005d7d) c.li    s10, -1
core   0: 3 0x8000a4dc (0x5d7d) x26 0xffffffff
core   0: 0x8000a4de (0x004ba703) lw      a4, 4(s7)
core   0: 3 0x8000a4de (0x004ba703) x14 0x8000a610 mem 0x80025e28
core   0: 0x8000a4e2 (0x2d358437) lui     s0, 0x2d358
core   0: 3 0x8000a4e2 (0x2d358437) x8  0x2d358000
core   0: 0x8000a4e6 (0xf93ba093) slti    ra, s7, -109
core   0: 3 0x8000a4e6 (0xf93ba093) x1  0x00000001
core   0: 0x8000a4ea (0x029f5ab3) divu    s5, t5, s1
core   0: 3 0x8000a4ea (0x029f5ab3) x21 0x00000000
core   0: 0x8000a4ee (0x41a7d013) srai    zero, a5, 26
core   0: 3 0x8000a4ee (0x41a7d013)
core   0: 0x8000a4f2 (0x00006155) c.addi16sp sp, 304
core   0: 3 0x8000a4f2 (0x6155) x2  0xb17c0118
core   0: 0x8000a4f4 (0x020b8b93) addi    s7, s7, 32
core   0: 3 0x8000a4f4 (0x020b8b93) x23 0x80025e44
core   0: 0x8000a4f8 (0xcbbb6013) ori     zero, s6, -837
core   0: 3 0x8000a4f8 (0xcbbb6013)
core   0: 0x8000a4fc (0x01eddeb3) srl     t4, s11, t5
core   0: 3 0x8000a4fc (0x01eddeb3) x29 0x800298cc
core   0: 0x8000a500 (0x00070793) mv      a5, a4
core   0: 3 0x8000a500 (0x00070793) x15 0x8000a610
core   0: 0x8000a504 (0x00009782) c.jalr  a5
core   0: 3 0x8000a504 (0x9782) x1  0x8000a506
core   0: 0x8000a610 (0x00006259) c.lui   tp, 0x16
core   0: 3 0x8000a610 (0x6259) x4  0x00016000
core   0: 0x8000a612 (0x0348bd33) mulhu   s10, a7, s4
core   0: 3 0x8000a612 (0x0348bd33) x26 0x0e9b5567
core   0: 0x8000a616 (0x41ab06b3) sub     a3, s6, s10
core   0: 3 0x8000a616 (0x41ab06b3) x13 0x663cf339
core   0: 0x8000a61a (0x0944ea13) ori     s4, s1, 148
core   0: 3 0x8000a61a (0x0944ea13) x20 0xb17c17b6
core   0: 0x8000a61e (0x414cd233) sra     tp, s9, s4
core   0: 3 0x8000a61e (0x414cd233) x4  0xffffff90
core   0: 0x8000a622 (0x00000001) c.nop
core   0: 3 0x8000a622 (0x0001)
core   0: 0x8000a624 (0x004c7a33) and     s4, s8, tp
core   0: 3 0x8000a624 (0x004c7a33) x20 0x80029c80
core   0: 0x8000a628 (0x01b276b3) and     a3, tp, s11
core   0: 3 0x8000a628 (0x01b276b3) x13 0x80029880
core   0: 0x8000a62c (0x40768533) sub     a0, a3, t2
core   0: 3 0x8000a62c (0x40768533) x10 0x13de4880
core   0: 0x8000a630 (0xc4ffe76f) jal     a4, pc - 0x13b2
core   0: 3 0x8000a630 (0xc4ffe76f) x14 0x8000a634
core   0: 0x8000927e (0x01bce463) bltu    s9, s11, pc + 8
core   0: 3 0x8000927e (0x01bce463)
core   0: 0x80009282 (0x41890233) sub     tp, s2, s8
core   0: 3 0x80009282 (0x41890233) x4  0x0c8e0d45
core   0: 0x80009286 (0xfd8b8b93) addi    s7, s7, -40
core   0: 3 0x80009286 (0xfd8b8b93) x23 0x80025e1c
core   0: 0x8000928a (0x00eba223) sw      a4, 4(s7)
core   0: 3 0x8000928a (0x00eba223) mem 0x80025e20 0x8000a634
core   0: 0x8000928e (0x00008879) c.andi  s0, 30
core   0: 3 0x8000928e (0x8879) x8  0x00000000
core   0: 0x80009290 (0x03ed2033) mulhsu  zero, s10, t5
core   0: 3 0x80009290 (0x03ed2033)
core   0: 0x80009294 (0x00007397) auipc   t2, 0x7
core   0: 3 0x80009294 (0x00007397) x7  0x80010294
core   0: 0x80009298 (0xef938393) addi    t2, t2, -263
core   0: 3 0x80009298 (0xef938393) x7  0x8001018d
core   0: 0x8000929c (0x00000001) c.nop
core   0: 3 0x8000929c (0x0001)
core   0: 0x8000929e (0x0097b7b3) sltu    a5, a5, s1
core   0: 3 0x8000929e (0x0097b7b3) x15 0x00000001
core   0: 0x800092a2 (0x76d39603) lh      a2, 1901(t2)
core   0: 3 0x800092a2 (0x76d39603) x12 0x00000000 mem 0x800108fa
core   0: 0x800092a6 (0x98121637) lui     a2, 0x98121
core   0: 3 0x800092a6 (0x98121637) x12 0x98121000
core   0: 0x800092aa (0x0ef397a3) sh      a5, 239(t2)
core   0: 3 0x800092aa (0x0ef397a3) mem 0x8001027c 0x0001
core   0: 0x800092ae (0x4ba38223) sb      s10, 1188(t2)
core   0: 3 0x800092ae (0x4ba38223) mem 0x80010631 0x67
core   0: 0x800092b2 (0x000084a6) c.mv    s1, s1
core   0: 3 0x800092b2 (0x84a6) x9  0xb17c1722
core   0: 0x800092b4 (0x14938c23) sb      s1, 344(t2)
core   0: 3 0x800092b4 (0x14938c23) mem 0x800102e5 0x22
core   0: 0x800092b8 (0x00bc1793) slli    a5, s8, 11
core   0: 3 0x800092b8 (0x00bc1793) x15 0x14e72000
core   0: 0x800092bc (0x5433cc03) lbu     s8, 1347(t2)
core   0: 3 0x800092bc (0x5433cc03) x24 0x00000000 mem 0x800106d0
core   0: 0x800092c0 (0x0f038783) lb      a5, 240(t2)
core   0: 3 0x800092c0 (0x0f038783) x15 0x00000000 mem 0x8001027d
core   0: 0x800092c4 (0x281f4f13) xori    t5, t5, 641
core   0: 3 0x800092c4 (0x281f4f13) x30 0x6b25e281
core   0: 0x800092c8 (0x00c66f33) or      t5, a2, a2
core   0: 3 0x800092c8 (0x00c66f33) x30 0x98121000
core   0: 0x800092cc (0x00cd74b3) and     s1, s10, a2
core   0: 3 0x800092cc (0x00cd74b3) x9  0x08121000
core   0: 0x800092d0 (0x1143cf03) lbu     t5, 276(t2)
core   0: 3 0x800092d0 (0x1143cf03) x30 0x00000000 mem 0x800102a1
core   0: 0x800092d4 (0x00008e3d) c.xor   a2, a5
core   0: 3 0x800092d4 (0x8e3d) x12 0x98121000
core   0: 0x800092d6 (0x5c43cf03) lbu     t5, 1476(t2)
core   0: 3 0x800092d6 (0x5c43cf03) x30 0x00000000 mem 0x80010751
core   0: 0x800092da (0x40965c33) sra     s8, a2, s1
core   0: 3 0x800092da (0x40965c33) x24 0x98121000
core   0: 0x800092de (0x0d73df03) lhu     t5, 215(t2)
core   0: 3 0x800092de (0x0d73df03) x30 0x00000000 mem 0x80010264
core   0: 0x800092e2 (0x00000001) c.nop
core   0: 3 0x800092e2 (0x0001)
core   0: 0x800092e4 (0x000094ea) c.add   s1, s10
core   0: 3 0x800092e4 (0x94ea) x9  0x16ad6567
core   0: 0x800092e6 (0x00008f91) c.sub   a5, a2
core   0: 3 0x800092e6 (0x8f91) x15 0x67edf000
core   0: 0x800092e8 (0x2b03c783) lbu     a5, 688(t2)
core   0: 3 0x800092e8 (0x2b03c783) x15 0x00000000 mem 0x8001043d
core   0: 0x800092ec (0x0b238d03) lb      s10, 178(t2)
core   0: 3 0x800092ec (0x0b238d03) x26 0x00000000 mem 0x8001023f
core   0: 0x800092f0 (0x02fd4633) div     a2, s10, a5
core   0: 3 0x800092f0 (0x02fd4633) x12 0xffffffff
core   0: 0x800092f4 (0x41c3cc03) lbu     s8, 1052(t2)
core   0: 3 0x800092f4 (0x41c3cc03) x24 0x00000000 mem 0x800105a9
core   0: 0x800092f8 (0x75a38603) lb      a2, 1882(t2)
core   0: 3 0x800092f8 (0x75a38603) x12 0x00000000 mem 0x800108e7
core   0: 0x800092fc (0x00000001) c.nop
core   0: 3 0x800092fc (0x0001)
core   0: 0x800092fe (0x0187d7b3) srl     a5, a5, s8
core   0: 3 0x800092fe (0x0187d7b3) x15 0x00000000
core   0: 0x80009302 (0xfac397a3) sh      a2, -81(t2)
core   0: 3 0x80009302 (0xfac397a3) mem 0x8001013c 0x0000
core   0: 0x80009306 (0x00008e51) c.or    a2, a2
core   0: 3 0x80009306 (0x8e51) x12 0x00000000
core   0: 0x80009308 (0x13139c03) lh      s8, 305(t2)
core   0: 3 0x80009308 (0x13139c03) x24 0x00000000 mem 0x800102be
core   0: 0x8000930c (0x18c38ca3) sb      a2, 409(t2)
core   0: 3 0x8000930c (0x18c38ca3) mem 0x80010326 0x00
core   0: 0x80009310 (0x41cf5f13) srai    t5, t5, 28
core   0: 3 0x80009310 (0x41cf5f13) x30 0x00000000
core   0: 0x80009314 (0xed73d783) lhu     a5, -297(t2)
core   0: 3 0x80009314 (0xed73d783) x15 0x00000000 mem 0x80010064
core   0: 0x80009318 (0x00009bfd) c.andi  a5, -1
core   0: 3 0x80009318 (0x9bfd) x15 0x00000000
core   0: 0x8000931a (0x7613c603) lbu     a2, 1889(t2)
core   0: 3 0x8000931a (0x7613c603) x12 0x00000000 mem 0x800108ee
core   0: 0x8000931e (0x0fb39483) lh      s1, 251(t2)
core   0: 3 0x8000931e (0x0fb39483) x9  0x00000000 mem 0x80010288
core   0: 0x80009322 (0x0773df03) lhu     t5, 119(t2)
core   0: 3 0x80009322 (0x0773df03) x30 0x00000000 mem 0x80010204
core   0: 0x80009326 (0x00007117) auipc   sp, 0x7
core   0: 3 0x80009326 (0x00007117) x2  0x80010326
core   0: 0x8000932a (0xd3e10113) addi    sp, sp, -706
core   0: 3 0x8000932a (0xd3e10113) x2  0x80010064
core   0: 0x8000932e (0xffa14803) lbu     a6, -6(sp)
core   0: 3 0x8000932e (0xffa14803) x16 0x00000000 mem 0x8001005e
core   0: 0x80009332 (0xffa15b03) lhu     s6, -6(sp)
core   0: 3 0x80009332 (0xffa15b03) x22 0x00000000 mem 0x8001005e
core   0: 0x80009336 (0x03a11323) sh      s10, 38(sp)
core   0: 3 0x80009336 (0x03a11323) mem 0x8001008a 0x0000
core   0: 0x8000933a (0x02610a03) lb      s4, 38(sp)
core   0: 3 0x8000933a (0x02610a03) x20 0x00000000 mem 0x8001008a
core   0: 0x8000933e (0x00006d25) c.lui   s10, 0x9
core   0: 3 0x8000933e (0x6d25) x26 0x00009000
core   0: 0x80009340 (0x09714503) lbu     a0, 151(sp)
core   0: 3 0x80009340 (0x09714503) x10 0x00000000 mem 0x800100fb
core   0: 0x80009344 (0x031511b3) mulh    gp, a0, a7
core   0: 3 0x80009344 (0x031511b3) x3  0x00000000
core   0: 0x80009348 (0x09610ba3) sb      s6, 151(sp)
core   0: 3 0x80009348 (0x09610ba3) mem 0x800100fb 0x00
core   0: 0x8000934c (0x00a15f03) lhu     t5, 10(sp)
core   0: 3 0x8000934c (0x00a15f03) x30 0x00000000 mem 0x8001006e
core   0: 0x80009350 (0xff311723) sh      s3, -18(sp)
core   0: 3 0x80009350 (0xff311723) mem 0x80010052 0xfbe8
core   0: 0x80009354 (0xfee15d83) lhu     s11, -18(sp)
core   0: 3 0x80009354 (0xfee15d83) x27 0x0000fbe8 mem 0x80010052
core   0: 0x80009358 (0x0d114b03) lbu     s6, 209(sp)
core   0: 3 0x80009358 (0x0d114b03) x22 0x00000000 mem 0x80010135
core   0: 0x8000935c (0x0d114403) lbu     s0, 209(sp)
core   0: 3 0x8000935c (0x0d114403) x8  0x00000000 mem 0x80010135
core   0: 0x80009360 (0x0d114003) lbu     zero, 209(sp)
core   0: 3 0x80009360 (0x0d114003) mem 0x80010135
core   0: 0x80009364 (0x05e11403) lh      s0, 94(sp)
core   0: 3 0x80009364 (0x05e11403) x8  0x00000000 mem 0x800100c2
core   0: 0x80009368 (0x01cf6fb3) or      t6, t5, t3
core   0: 3 0x80009368 (0x01cf6fb3) x31 0xe4d2249a
core   0: 0x8000936c (0xff3eb613) sltiu   a2, t4, -13
core   0: 3 0x8000936c (0xff3eb613) x12 0x00000001
core   0: 0x80009370 (0x03c6a5b3) mulhsu  a1, a3, t3
core   0: 3 0x80009370 (0x03c6a5b3) x11 0x8d993fa6
core   0: 0x80009374 (0x02cf2c33) mulhsu  s8, t5, a2
core   0: 3 0x80009374 (0x02cf2c33) x24 0x00000000
core   0: 0x80009378 (0x01054d33) xor     s10, a0, a6
core   0: 3 0x80009378 (0x01054d33) x26 0x00000000
core   0: 0x8000937c (0x05810f23) sb      s8, 94(sp)
core   0: 3 0x8000937c (0x05810f23) mem 0x800100c2 0x00
core   0: 0x80009380 (0x0fb14803) lbu     a6, 251(sp)
core   0: 3 0x80009380 (0x0fb14803) x16 0x00000000 mem 0x8001015f
core   0: 0x80009384 (0x00a109a3) sb      a0, 19(sp)
core   0: 3 0x80009384 (0x00a109a3) mem 0x80010077 0x00
core   0: 0x80009388 (0x07f10d03) lb      s10, 127(sp)
core   0: 3 0x80009388 (0x07f10d03) x26 0x00000000 mem 0x800100e3
core   0: 0x8000938c (0x00004d9d) c.li    s11, 7
core   0: 3 0x8000938c (0x4d9d) x27 0x00000007
core   0: 0x8000938e (0x00008611) c.srai  a2, 4
core   0: 3 0x8000938e (0x8611) x12 0x00000000
core   0: 0x80009390 (0x00008e29) c.xor   a2, a0
core   0: 3 0x80009390 (0x8e29) x12 0x00000000
core   0: 0x80009392 (0x00fa7433) and     s0, s4, a5
core   0: 3 0x80009392 (0x00fa7433) x8  0x00000000
core   0: 0x80009396 (0x00008035) c.srli  s0, 13
core   0: 3 0x80009396 (0x8035) x8  0x00000000
core   0: 0x80009398 (0x00004e11) c.li    t3, 4
core   0: 3 0x80009398 (0x4e11) x28 0x00000004
core   0: 0x8000939a (0x00008cbd) c.xor   s1, a5
core   0: 3 0x8000939a (0x8cbd) x9  0x00000000
core   0: 0x8000939c (0x0300e533) rem     a0, ra, a6
core   0: 3 0x8000939c (0x0300e533) x10 0x8000a506
core   0: 0x800093a0 (0x0000868d) c.srai  a3, 3
core   0: 3 0x800093a0 (0x868d) x13 0xf0005310
core   0: 0x800093a2 (0x0000089c) c.addi4spn a5, sp, 80
core   0: 3 0x800093a2 (0x089c) x15 0x800100b4
core   0: 0x800093a4 (0x01d95433) srl     s0, s2, t4
core   0: 3 0x800093a4 (0x01d95433) x8  0x0008c90a
core   0: 0x800093a8 (0x006761b3) or      gp, a4, t1
core   0: 3 0x800093a8 (0x006761b3) x3  0x8002bef4
core   0: 0x800093ac (0x00008025) c.srli  s0, 9
core   0: 3 0x800093ac (0x8025) x8  0x00000464
core   0: 0x800093ae (0x00004ffd) c.li    t6, 31
core   0: 3 0x800093ae (0x4ffd) x31 0x0000001f
core   0: 0x800093b0 (0x00000ab6) c.slli  s5, 13
core   0: 3 0x800093b0 (0x0ab6) x21 0x00000000
core   0: 0x800093b2 (0x00009a16) c.add   s4, t0
core   0: 3 0x800093b2 (0x9a16) x20 0x80029ce4
core   0: 0x800093b4 (0x00a944b3) xor     s1, s2, a0
core   0: 3 0x800093b4 (0x00a944b3) x9  0x0c900f2f
core   0: 0x800093b8 (0x0112db33) srl     s6, t0, a7
core   0: 3 0x800093b8 (0x0112db33) x22 0x080029ce
core   0: 0x800093bc (0x00001df5) c.addi  s11, -3
core   0: 3 0x800093bc (0x1df5) x27 0x00000004
core   0: 0x800093be (0x00045193) srli    gp, s0, 0
core   0: 3 0x800093be (0x00045193) x3  0x00000464
core   0: 0x800093c2 (0x000081e5) c.srli  a1, 25
core   0: 3 0x800093c2 (0x81e5) x11 0x00000046
core   0: 0x800093c4 (0x59f24e93) xori    t4, tp, 1439
core   0: 3 0x800093c4 (0x59f24e93) x29 0x0c8e08da
core   0: 0x800093c8 (0x026eff33) remu    t5, t4, t1
core   0: 3 0x800093c8 (0x026eff33) x30 0x0c8e08da
core   0: 0x800093cc (0xfdcdfbe3) bgeu    s11, t3, pc - 42
core   0: 3 0x800093cc (0xfdcdfbe3)
core   0: 0x800093a2 (0x0000089c) c.addi4spn a5, sp, 80
core   0: 3 0x800093a2 (0x089c) x15 0x800100b4
core   0: 0x800093a4 (0x01d95433) srl     s0, s2, t4
core   0: 3 0x800093a4 (0x01d95433) x8  0x00000023
core   0: 0x800093a8 (0x006761b3) or      gp, a4, t1
core   0: 3 0x800093a8 (0x006761b3) x3  0x8002bef4
core   0: 0x800093ac (0x00008025) c.srli  s0, 9
core   0: 3 0x800093ac (0x8025) x8  0x00000000
core   0: 0x800093ae (0x00004ffd) c.li    t6, 31
core   0: 3 0x800093ae (0x4ffd) x31 0x0000001f
core   0: 0x800093b0 (0x00000ab6) c.slli  s5, 13
core   0: 3 0x800093b0 (0x0ab6) x21 0x00000000
core   0: 0x800093b2 (0x00009a16) c.add   s4, t0
core   0: 3 0x800093b2 (0x9a16) x20 0x000539c8
core   0: 0x800093b4 (0x00a944b3) xor     s1, s2, a0
core   0: 3 0x800093b4 (0x00a944b3) x9  0x0c900f2f
core   0: 0x800093b8 (0x0112db33) srl     s6, t0, a7
core   0: 3 0x800093b8 (0x0112db33) x22 0x080029ce
core   0: 0x800093bc (0x00001df5) c.addi  s11, -3
core   0: 3 0x800093bc (0x1df5) x27 0x00000001
core   0: 0x800093be (0x00045193) srli    gp, s0, 0
core   0: 3 0x800093be (0x00045193) x3  0x00000000
core   0: 0x800093c2 (0x000081e5) c.srli  a1, 25
core   0: 3 0x800093c2 (0x81e5) x11 0x00000000
core   0: 0x800093c4 (0x59f24e93) xori    t4, tp, 1439
core   0: 3 0x800093c4 (0x59f24e93) x29 0x0c8e08da
core   0: 0x800093c8 (0x026eff33) remu    t5, t4, t1
core   0: 3 0x800093c8 (0x026eff33) x30 0x0c8e08da
core   0: 0x800093cc (0xfdcdfbe3) bgeu    s11, t3, pc - 42
core   0: 3 0x800093cc (0xfdcdfbe3)
core   0: 0x800093d0 (0x01bfe833) or      a6, t6, s11
core   0: 3 0x800093d0 (0x01bfe833) x16 0x0000001f
core   0: 0x800093d4 (0x00012117) auipc   sp, 0x12
core   0: 3 0x800093d4 (0x00012117) x2  0x8001b3d4
core   0: 0x800093d8 (0x85510113) addi    sp, sp, -1963
core   0: 3 0x800093d8 (0x85510113) x2  0x8001ac29
core   0: 0x800093dc (0xfd010823) sb      a6, -48(sp)
core   0: 3 0x800093dc (0xfd010823) mem 0x8001abf9 0x1f
core   0: 0x800093e0 (0xfd014603) lbu     a2, -48(sp)
core   0: 3 0x800093e0 (0xfd014603) x12 0x0000001f mem 0x8001abf9
core   0: 0x800093e4 (0xfe410503) lb      a0, -28(sp)
core   0: 3 0x800093e4 (0xfe410503) x10 0x00000000 mem 0x8001ac0d
core   0: 0x800093e8 (0xf4515303) lhu     t1, -187(sp)
core   0: 3 0x800093e8 (0xf4515303) x6  0x00000000 mem 0x8001ab6e
core   0: 0x800093ec (0xfb710e23) sb      s7, -68(sp)
core   0: 3 0x800093ec (0xfb710e23) mem 0x8001abe5 0x1c
core   0: 0x800093f0 (0x03d03f33) mulhu   t5, zero, t4
core   0: 3 0x800093f0 (0x03d03f33) x30 0x00000000
core   0: 0x800093f4 (0x0bf113a3) sh      t6, 167(sp)
core   0: 3 0x800093f4 (0x0bf113a3) mem 0x8001acd0 0x001f
core   0: 0x800093f8 (0xffc10503) lb      a0, -4(sp)
core   0: 3 0x800093f8 (0xffc10503) x10 0x00000000 mem 0x8001ac25
core   0: 0x800093fc (0xffc14983) lbu     s3, -4(sp)
core   0: 3 0x800093fc (0xffc14983) x19 0x00000000 mem 0x8001ac25
core   0: 0x80009400 (0xffc10d83) lb      s11, -4(sp)
core   0: 3 0x80009400 (0xffc10d83) x27 0x00000000 mem 0x8001ac25
core   0: 0x80009404 (0xfd3118a3) sh      s3, -47(sp)
core   0: 3 0x80009404 (0xfd3118a3) mem 0x8001abfa 0x0000
core   0: 0x80009408 (0xfd111503) lh      a0, -47(sp)
core   0: 3 0x80009408 (0xfd111503) x10 0x00000000 mem 0x8001abfa
core   0: 0x8000940c (0x04115683) lhu     a3, 65(sp)
core   0: 3 0x8000940c (0x04115683) x13 0x00000000 mem 0x8001ac6a
core   0: 0x80009410 (0xf6814303) lbu     t1, -152(sp)
core   0: 3 0x80009410 (0xf6814303) x6  0x00000000 mem 0x8001ab91
core   0: 0x80009414 (0xf63117a3) sh      gp, -145(sp)
core   0: 3 0x80009414 (0xf63117a3) mem 0x8001ab98 0x0000
core   0: 0x80009418 (0xf6410503) lb      a0, -156(sp)
core   0: 3 0x80009418 (0xf6410503) x10 0x0000001f mem 0x8001ab8d
core   0: 0x8000941c (0xf7010223) sb      a6, -156(sp)
core   0: 3 0x8000941c (0xf7010223) mem 0x8001ab8d 0x1f
core   0: 0x80009420 (0x05910703) lb      a4, 89(sp)
core   0: 3 0x80009420 (0x05910703) x14 0x00000000 mem 0x8001ac82
core   0: 0x80009424 (0x05915483) lhu     s1, 89(sp)
core   0: 3 0x80009424 (0x05915483) x9  0x00000000 mem 0x8001ac82
core   0: 0x80009428 (0x00008797) auipc   a5, 0x8
core   0: 3 0x80009428 (0x00008797) x15 0x80011428
core   0: 0x8000942c (0xaa878793) addi    a5, a5, -1368
core   0: 3 0x8000942c (0xaa878793) x15 0x80010ed0
core   0: 0x80009430 (0x00006cb5) c.lui   s9, 0xd
core   0: 3 0x80009430 (0x6cb5) x25 0x0000d000
core   0: 0x80009432 (0xff279603) lh      a2, -14(a5)
core   0: 3 0x80009432 (0xff279603) x12 0x00000000 mem 0x80010ec2
core   0: 0x80009436 (0x00008e39) c.xor   a2, a4
core   0: 3 0x80009436 (0x8e39) x12 0x00000000
core   0: 0x80009438 (0xff178c83) lb      s9, -15(a5)
core   0: 3 0x80009438 (0xff178c83) x25 0xffffff9e mem 0x80010ec1
core   0: 0x8000943c (0x0067a423) sw      t1, 8(a5)
core   0: 3 0x8000943c (0x0067a423) mem 0x80010ed8 0x00000000
core   0: 0x80009440 (0x00008f31) c.xor   a4, a2
core   0: 3 0x80009440 (0x8f31) x14 0x00000000
core   0: 0x80009442 (0x406e5333) sra     t1, t3, t1
core   0: 3 0x80009442 (0x406e5333) x6  0x00000004
core   0: 0x80009446 (0xff178c83) lb      s9, -15(a5)
core   0: 3 0x80009446 (0xff178c83) x25 0xffffff9e mem 0x80010ec1
core   0: 0x8000944a (0x0047de03) lhu     t3, 4(a5)
core   0: 3 0x8000944a (0x0047de03) x28 0x00000000 mem 0x80010ed4
core   0: 0x8000944e (0x00c731b3) sltu    gp, a4, a2
core   0: 3 0x8000944e (0x00c731b3) x3  0x00000000
core   0: 0x80009452 (0xffc78ba3) sb      t3, -9(a5)
core   0: 3 0x80009452 (0xffc78ba3) mem 0x80010ec7 0x00
core   0: 0x80009456 (0x00008e11) c.sub   a2, a2
core   0: 3 0x80009456 (0x8e11) x12 0x00000000
core   0: 0x80009458 (0x00a78183) lb      gp, 10(a5)
core   0: 3 0x80009458 (0x00a78183) x3  0x00000000 mem 0x80010eda
core   0: 0x8000945c (0x039e0333) mul     t1, t3, s9
core   0: 3 0x8000945c (0x039e0333) x6  0x00000000
core   0: 0x80009460 (0xffc78923) sb      t3, -14(a5)
core   0: 3 0x80009460 (0xffc78923) mem 0x80010ec2 0x00
core   0: 0x80009464 (0x0000077a) c.slli  a4, 30
core   0: 3 0x80009464 (0x077a) x14 0x00000000
core   0: 0x80009466 (0xfee7ae23) sw      a4, -4(a5)
core   0: 3 0x80009466 (0xfee7ae23) mem 0x80010ecc 0x00000000
core   0: 0x8000946a (0xffc79183) lh      gp, -4(a5)
core   0: 3 0x8000946a (0xffc79183) x3  0x00000000 mem 0x80010ecc
core   0: 0x8000946e (0x000081e6) c.mv    gp, s9
core   0: 3 0x8000946e (0x81e6) x3  0xffffff9e
core   0: 0x80009470 (0xfe6788a3) sb      t1, -15(a5)
core   0: 3 0x80009470 (0xfe6788a3) mem 0x80010ec1 0x00
core   0: 0x80009474 (0x0000c790) c.sw    a2, 8(a5)
core   0: 3 0x80009474 (0xc790) mem 0x80010ed8 0x00000000
core   0: 0x80009476 (0xff17c603) lbu     a2, -15(a5)
core   0: 3 0x80009476 (0xff17c603) x12 0x00000000 mem 0x80010ec1
core   0: 0x8000947a (0x00009a7d) c.andi  a2, -1
core   0: 3 0x8000947a (0x9a7d) x12 0x00000000
core   0: 0x8000947c (0x00acd613) srli    a2, s9, 10
core   0: 3 0x8000947c (0x00acd613) x12 0x003fffff
core   0: 0x80009480 (0x40ecd1b3) sra     gp, s9, a4
core   0: 3 0x80009480 (0x40ecd1b3) x3  0xffffff9e
core   0: 0x80009484 (0x00a1dc93) srli    s9, gp, 10
core   0: 3 0x80009484 (0x00a1dc93) x25 0x003fffff
core   0: 0x80009488 (0x00008765) c.srai  a4, 25
core   0: 3 0x80009488 (0x8765) x14 0x00000000
core   0: 0x8000948a (0xfe678b23) sb      t1, -10(a5)
core   0: 3 0x8000948a (0xfe678b23) mem 0x80010ec6 0x00
core   0: 0x8000948e (0x00678223) sb      t1, 4(a5)
core   0: 3 0x8000948e (0x00678223) mem 0x80010ed4 0x00
core   0: 0x80009492 (0x00379523) sh      gp, 10(a5)
core   0: 3 0x80009492 (0x00379523) mem 0x80010eda 0xff9e
core   0: 0x80009496 (0x039cfcb3) remu    s9, s9, s9
core   0: 3 0x80009496 (0x039cfcb3) x25 0x00000000
core   0: 0x8000949a (0x02e371b3) remu    gp, t1, a4
core   0: 3 0x8000949a (0x02e371b3) x3  0x00000000
core   0: 0x8000949e (0x6e87f717) auipc   a4, 0x6e87f
core   0: 3 0x8000949e (0x6e87f717) x14 0xee88849e
core   0: 0x800094a2 (0x00004b90) c.lw    a2, 16(a5)
core   0: 3 0x800094a2 (0x4b90) x12 0x00000000 mem 0x80010ee0
core   0: 0x800094a4 (0x405e5313) srai    t1, t3, 5
core   0: 3 0x800094a4 (0x405e5313) x6  0x00000000
core   0: 0x800094a8 (0x00c74e33) xor     t3, a4, a2
core   0: 3 0x800094a8 (0x00c74e33) x28 0xee88849e
core   0: 0x800094ac (0x00001cfd) c.addi  s9, -1
core   0: 3 0x800094ac (0x1cfd) x25 0xffffffff
core   0: 0x800094ae (0x00678123) sb      t1, 2(a5)
core   0: 3 0x800094ae (0x00678123) mem 0x80010ed2 0x00
core   0: 0x800094b2 (0x00008e39) c.xor   a2, a4
core   0: 3 0x800094b2 (0x8e39) x12 0xee88849e
core   0: 0x800094b4 (0x40ee0733) sub     a4, t3, a4
core   0: 3 0x800094b4 (0x40ee0733) x14 0x00000000
core   0: 0x800094b8 (0xfe678aa3) sb      t1, -11(a5)
core   0: 3 0x800094b8 (0xfe678aa3) mem 0x80010ec5 0x00
core   0: 0x800094bc (0x0000826d) c.srli  a2, 27
core   0: 3 0x800094bc (0x826d) x12 0x0000001d
core   0: 0x800094be (0xe14cf193) andi    gp, s9, -492
core   0: 3 0x800094be (0xe14cf193) x3  0xfffffe14
core   0: 0x800094c2 (0xffc788a3) sb      t3, -15(a5)
core   0: 3 0x800094c2 (0xffc788a3) mem 0x80010ec1 0x9e
core   0: 0x800094c6 (0x0280076f) jal     a4, pc + 0x28
core   0: 3 0x800094c6 (0x0280076f) x14 0x800094ca
core   0: 0x800094ee (0x00003ff9) c.jal   pc - 34
core   0: 3 0x800094ee (0x3ff9) x1  0x800094f0
core   0: 0x800094cc (0x01a000ef) jal     pc + 0x1a
core   0: 3 0x800094cc (0x01a000ef) x1  0x800094d0
core   0: 0x800094e6 (0xfefff0ef) jal     pc - 0x12
core   0: 3 0x800094e6 (0xfefff0ef) x1  0x800094ea
core   0: 0x800094d4 (0x00003fdd) c.jal   pc - 10
core   0: 3 0x800094d4 (0x3fdd) x1  0x800094d6
core   0: 0x800094ca (0x00002819) c.jal   pc + 22
core   0: 3 0x800094ca (0x2819) x1  0x800094cc
core   0: 0x800094e0 (0xffdff36f) jal     t1, pc - 0x4
core   0: 3 0x800094e0 (0xffdff36f) x6  0x800094e4
core   0: 0x800094dc (0x00002009) c.jal   pc + 2
core   0: 3 0x800094dc (0x2009) x1  0x800094de
core   0: 0x800094de (0x0000bfcd) c.j     pc - 14
core   0: 3 0x800094de (0xbfcd)
core   0: 0x800094d0 (0x01a00b6f) jal     s6, pc + 0x1a
core   0: 3 0x800094d0 (0x01a00b6f) x22 0x800094d4
core   0: 0x800094ea (0x00003fc5) c.jal   pc - 16
core   0: 3 0x800094ea (0x3fc5) x1  0x800094ec
core   0: 0x800094da (0x0000bff5) c.j     pc - 4
core   0: 3 0x800094da (0xbff5)
core   0: 0x800094d6 (0x016002ef) jal     t0, pc + 0x16
core   0: 3 0x800094d6 (0x016002ef) x5  0x800094da
core   0: 0x800094ec (0x0000bfe5) c.j     pc - 8
core   0: 3 0x800094ec (0xbfe5)
core   0: 0x800094e4 (0x0000a031) c.j     pc + 12
core   0: 3 0x800094e4 (0xa031)
core   0: 0x800094f0 (0x00008e5a) c.mv    t3, s6
core   0: 3 0x800094f0 (0x8e5a) x28 0x800094d4
core   0: 0x800094f2 (0x02a0076f) jal     a4, pc + 0x2a
core   0: 3 0x800094f2 (0x02a0076f) x14 0x800094f6
core   0: 0x8000951c (0x0000a011) c.j     pc + 4
core   0: 3 0x8000951c (0xa011)
core   0: 0x80009520 (0x0000bffd) c.j     pc - 2
core   0: 3 0x80009520 (0xbffd)
core   0: 0x8000951e (0x00003ff5) c.jal   pc - 4
core   0: 3 0x8000951e (0x3ff5) x1  0x80009520
core   0: 0x8000951a (0x0000bfed) c.j     pc - 6
core   0: 3 0x8000951a (0xbfed)
core   0: 0x80009514 (0xff7ffdef) jal     s11, pc - 0xa
core   0: 3 0x80009514 (0xff7ffdef) x27 0x80009518
core   0: 0x8000950a (0x00003fe5) c.jal   pc - 8
core   0: 3 0x8000950a (0x3fe5) x1  0x8000950c
core   0: 0x80009502 (0x00003fe5) c.jal   pc - 8
core   0: 3 0x80009502 (0x3fe5) x1  0x80009504
core   0: 0x800094fa (0x012000ef) jal     pc + 0x12
core   0: 3 0x800094fa (0x012000ef) x1  0x800094fe
core   0: 0x8000950c (0x0000a009) c.j     pc + 2
core   0: 3 0x8000950c (0xa009)
core   0: 0x8000950e (0xff9fffef) jal     t6, pc - 0x8
core   0: 3 0x8000950e (0xff9fffef) x31 0x80009512
core   0: 0x80009506 (0xfffff16f) jal     sp, pc - 0x2
core   0: 3 0x80009506 (0xfffff16f) x2  0x8000950a
core   0: 0x80009504 (0x00002039) c.jal   pc + 14
core   0: 3 0x80009504 (0x2039) x1  0x80009506
core   0: 0x80009512 (0x000037d5) c.jal   pc - 28
core   0: 3 0x80009512 (0x37d5) x1  0x80009514
core   0: 0x800094f6 (0x008000ef) jal     pc + 0x8
core   0: 3 0x800094f6 (0x008000ef) x1  0x800094fa
core   0: 0x800094fe (0x00002009) c.jal   pc + 2
core   0: 3 0x800094fe (0x2009) x1  0x80009500
core   0: 0x80009500 (0x0000a821) c.j     pc + 24
core   0: 3 0x80009500 (0xa821)
core   0: 0x80009518 (0x0000a029) c.j     pc + 10
core   0: 3 0x80009518 (0xa029)
core   0: 0x80009522 (0x00008ed5) c.or    a3, a3
core   0: 3 0x80009522 (0x8ed5) x13 0x00000000
core   0: 0x80009524 (0x00012117) auipc   sp, 0x12
core   0: 3 0x80009524 (0x00012117) x2  0x8001b524
core   0: 0x80009528 (0x45e10113) addi    sp, sp, 1118
core   0: 3 0x80009528 (0x45e10113) x2  0x8001b982
core   0: 0x8000952c (0x8dd577b7) lui     a5, 0x8dd57
core   0: 3 0x8000952c (0x8dd577b7) x15 0x8dd57000
core   0: 0x80009530 (0x06e11683) lh      a3, 110(sp)
core   0: 3 0x80009530 (0x06e11683) x13 0x00000000 mem 0x8001b9f0
core   0: 0x80009534 (0xcbfc6b13) ori     s6, s8, -833
core   0: 3 0x80009534 (0xcbfc6b13) x22 0xfffffcbf
core   0: 0x80009538 (0x0df14b03) lbu     s6, 223(sp)
core   0: 3 0x80009538 (0x0df14b03) x22 0x00000000 mem 0x8001ba61
core   0: 0x8000953c (0xfca11603) lh      a2, -54(sp)
core   0: 3 0x8000953c (0xfca11603) x12 0x00000000 mem 0x8001b94c
core   0: 0x80009540 (0x0bc14c03) lbu     s8, 188(sp)
core   0: 3 0x80009540 (0x0bc14c03) x24 0x00000000 mem 0x8001ba3e
core   0: 0x80009544 (0x000099fd) c.andi  a1, -1
core   0: 3 0x80009544 (0x99fd) x11 0x00000000
core   0: 0x80009546 (0x03309f33) mulh    t5, ra, s3
core   0: 3 0x80009546 (0x03309f33) x30 0x00000000
core   0: 0x8000954a (0xf1d14503) lbu     a0, -227(sp)
core   0: 3 0x8000954a (0xf1d14503) x10 0x00000000 mem 0x8001b89f
core   0: 0x8000954e (0x0c111923) sh      ra, 210(sp)
core   0: 3 0x8000954e (0x0c111923) mem 0x8001ba54 0x9500
core   0: 0x80009552 (0x02415783) lhu     a5, 36(sp)
core   0: 3 0x80009552 (0x02415783) x15 0x00000000 mem 0x8001b9a6
core   0: 0x80009556 (0x0000945a) c.add   s0, s6
core   0: 3 0x80009556 (0x945a) x8  0x00000000
core   0: 0x80009558 (0x00000a62) c.slli  s4, 24
core   0: 3 0x80009558 (0x0a62) x20 0xc8000000
core   0: 0x8000955a (0x5b757f93) andi    t6, a0, 1463
core   0: 3 0x8000955a (0x5b757f93) x31 0x00000000
core   0: 0x8000955e (0x00006775) c.lui   a4, 0x1d
core   0: 3 0x8000955e (0x6775) x14 0x0001d000
core   0: 0x80009560 (0xff711123) sh      s7, -30(sp)
core   0: 3 0x80009560 (0xff711123) mem 0x8001b964 0x5e1c
core   0: 0x80009564 (0x06110e83) lb      t4, 97(sp)
core   0: 3 0x80009564 (0x06110e83) x29 0x00000000 mem 0x8001b9e3
core   0: 0x80009568 (0x031dd1b3) divu    gp, s11, a7
core   0: 3 0x80009568 (0x031dd1b3) x3  0x00000000
core   0: 0x8000956c (0xd637c613) xori    a2, a5, -669
core   0: 3 0x8000956c (0xd637c613) x12 0xfffffd63
core   0: 0x80009570 (0xf6d10503) lb      a0, -147(sp)
core   0: 3 0x80009570 (0xf6d10503) x10 0x00000000 mem 0x8001b8ef
core   0: 0x80009574 (0x00006b25) c.lui   s6, 0x9
core   0: 3 0x80009574 (0x6b25) x22 0x00009000
core   0: 0x80009576 (0xf3d10503) lb      a0, -195(sp)
core   0: 3 0x80009576 (0xf3d10503) x10 0x00000000 mem 0x8001b8bf
core   0: 0x8000957a (0x267fbb17) auipc   s6, 0x267fb
core   0: 3 0x8000957a (0x267fbb17) x22 0xa680457a
core   0: 0x8000957e (0x40c85b13) srai    s6, a6, 12
core   0: 3 0x8000957e (0x40c85b13) x22 0x00000000
core   0: 0x80009582 (0x4062d493) srai    s1, t0, 6
core   0: 3 0x80009582 (0x4062d493) x9  0xfe000253
core   0: 0x80009586 (0x038a2c33) mulhsu  s8, s4, s8
core   0: 3 0x80009586 (0x038a2c33) x24 0x00000000
core   0: 0x8000958a (0x039189b3) mul     s3, gp, s9
core   0: 3 0x8000958a (0x039189b3) x19 0x00000000
core   0: 0x8000958e (0x02bf86b3) mul     a3, t6, a1
core   0: 3 0x8000958e (0x02bf86b3) x13 0x00000000
core   0: 0x80009592 (0x0237fd33) remu    s10, a5, gp
core   0: 3 0x80009592 (0x0237fd33) x26 0x00000000
core   0: 0x80009596 (0x00000001) c.nop
core   0: 3 0x80009596 (0x0001)
core   0: 0x80009598 (0x032dcc33) div     s8, s11, s2
core   0: 3 0x80009598 (0x032dcc33) x24 0x00000001
core   0: 0x8000959c (0x01110f23) sb      a7, 30(sp)
core   0: 3 0x8000959c (0x01110f23) mem 0x8001b9a0 0xe4
core   0: 0x800095a0 (0x00000001) c.nop
core   0: 3 0x800095a0 (0x0001)
core   0: 0x800095a2 (0x001894b3) sll     s1, a7, ra
core   0: 3 0x800095a2 (0x001894b3) x9  0x80029ce4
core   0: 0x800095a6 (0xdc616b13) ori     s6, sp, -570
core   0: 3 0x800095a6 (0xdc616b13) x22 0xfffffdc6
core   0: 0x800095aa (0x0ad107a3) sb      a3, 175(sp)
core   0: 3 0x800095aa (0x0ad107a3) mem 0x8001ba31 0x00
core   0: 0x800095ae (0x0000671d) c.lui   a4, 0x7
core   0: 3 0x800095ae (0x671d) x14 0x00007000
core   0: 0x800095b0 (0x02710423) sb      t2, 40(sp)
core   0: 3 0x800095b0 (0x02710423) mem 0x8001b9aa 0x8d
core   0: 0x800095b4 (0x09410803) lb      a6, 148(sp)
core   0: 3 0x800095b4 (0x09410803) x16 0x00000000 mem 0x8001ba16
core   0: 0x800095b8 (0x01da96b3) sll     a3, s5, t4
core   0: 3 0x800095b8 (0x01da96b3) x13 0x00000000
core   0: 0x800095bc (0x00000001) c.nop
core   0: 3 0x800095bc (0x0001)
core   0: 0x800095be (0x00355263) bge     a0, gp, pc + 4
core   0: 3 0x800095be (0x00355263)
core   0: 0x800095c2 (0x000085dd) c.srai  a1, 23
core   0: 3 0x800095c2 (0x85dd) x11 0x00000000
core   0: 0x800095c4 (0x01f5e733) or      a4, a1, t6
core   0: 3 0x800095c4 (0x01f5e733) x14 0x00000000
core   0: 0x800095c8 (0x00008cb5) c.xor   s1, a3
core   0: 3 0x800095c8 (0x8cb5) x9  0x80029ce4
core   0: 0x800095ca (0x00000536) c.slli  a0, 13
core   0: 3 0x800095ca (0x0536) x10 0x00000000
core   0: 0x800095cc (0x00004a3d) c.li    s4, 15
core   0: 3 0x800095cc (0x4a3d) x20 0x0000000f
core   0: 0x800095ce (0x01e17663) bgeu    sp, t5, pc + 12
core   0: 3 0x800095ce (0x01e17663)
core   0: 0x800095da (0x018859b3) srl     s3, a6, s8
core   0: 3 0x800095da (0x018859b3) x19 0x00000000
core   0: 0x800095de (0x015392b3) sll     t0, t2, s5
core   0: 3 0x800095de (0x015392b3) x5  0x8001018d
core   0: 0x800095e2 (0xcb8fea97) auipc   s5, 0xcb8fe
core   0: 3 0x800095e2 (0xcb8fea97) x21 0x4b9075e2
core   0: 0x800095e6 (0x01b6ccb3) xor     s9, a3, s11
core   0: 3 0x800095e6 (0x01b6ccb3) x25 0x80009518
core   0: 0x800095ea (0x00008f8d) c.sub   a5, a1
core   0: 3 0x800095ea (0x8f8d) x15 0x00000000
core   0: 0x800095ec (0x0321f133) remu    sp, gp, s2
core   0: 3 0x800095ec (0x0321f133) x2  0x00000000
core   0: 0x800095f0 (0x02cd9833) mulh    a6, s11, a2
core   0: 3 0x800095f0 (0x02cd9833) x16 0x0000014e
core   0: 0x800095f4 (0x01601c93) slli    s9, zero, 22
core   0: 3 0x800095f4 (0x01601c93) x25 0x00000000
core   0: 0x800095f8 (0x0000e891) c.bnez  s1, pc + 20
core   0: 3 0x800095f8 (0xe891)
core   0: 0x8000960c (0x00008525) c.srai  a0, 9
core   0: 3 0x8000960c (0x8525) x10 0x00000000
core   0: 0x8000960e (0x00000001) c.nop
core   0: 3 0x8000960e (0x0001)
core   0: 0x80009610 (0x00008cad) c.xor   s1, a1
core   0: 3 0x80009610 (0x8cad) x9  0x80029ce4
core   0: 0x80009612 (0x00772733) slt     a4, a4, t2
core   0: 3 0x80009612 (0x00772733) x14 0x00000000
core   0: 0x80009616 (0x00000001) c.nop
core   0: 3 0x80009616 (0x0001)
core   0: 0x80009618 (0x018c9c63) bne     s9, s8, pc + 24
core   0: 3 0x80009618 (0x018c9c63)
core   0: 0x80009630 (0x02651163) bne     a0, t1, pc + 34
core   0: 3 0x80009630 (0x02651163)
core   0: 0x80009652 (0x000007e6) c.slli  a5, 25
core   0: 3 0x80009652 (0x07e6) x15 0x00000000
core   0: 0x80009654 (0x000004ce) c.slli  s1, 19
core   0: 3 0x80009654 (0x04ce) x9  0xe7200000
core   0: 0x80009656 (0x002b1c13) slli    s8, s6, 2
core   0: 3 0x80009656 (0x002b1c13) x24 0xfffff718
core   0: 0x8000965a (0x00943b33) sltu    s6, s0, s1
core   0: 3 0x8000965a (0x00943b33) x22 0x00000001
core   0: 0x8000965e (0x00008aae) c.mv    s5, a1
core   0: 3 0x8000965e (0x8aae) x21 0x00000000
core   0: 0x80009660 (0x40af8b33) sub     s6, t6, a0
core   0: 3 0x80009660 (0x40af8b33) x22 0x00000000
core   0: 0x80009664 (0xb851e193) ori     gp, gp, -1147
core   0: 3 0x80009664 (0xb851e193) x3  0xfffffb85
core   0: 0x80009668 (0x000014fd) c.addi  s1, -1
core   0: 3 0x80009668 (0x14fd) x9  0xe71fffff
core   0: 0x8000966a (0x13aa2413) slti    s0, s4, 314
core   0: 3 0x8000966a (0x13aa2413) x8  0x00000001
core   0: 0x8000966e (0x00ef7333) and     t1, t5, a4
core   0: 3 0x8000966e (0x00ef7333) x6  0x00000000
core   0: 0x80009672 (0x01e4e3b3) or      t2, s1, t5
core   0: 3 0x80009672 (0x01e4e3b3) x7  0xe71fffff
core   0: 0x80009676 (0x00000229) c.addi  tp, 10
core   0: 3 0x80009676 (0x0229) x4  0x0c8e0d4f
core   0: 0x80009678 (0xa0b76317) auipc   t1, 0xa0b76
core   0: 3 0x80009678 (0xa0b76317) x6  0x20b7f678
core   0: 0x8000967c (0x01ed71b3) and     gp, s10, t5
core   0: 3 0x8000967c (0x01ed71b3) x3  0x00000000
core   0: 0x80009680 (0x01704133) xor     sp, zero, s7
core   0: 3 0x80009680 (0x01704133) x2  0x80025e1c
core   0: 0x80009684 (0x001d5993) srli    s3, s10, 1
core   0: 3 0x80009684 (0x001d5993) x19 0x00000000
core   0: 0x80009688 (0x00000001) c.nop
core   0: 3 0x80009688 (0x0001)
core   0: 0x8000968a (0x021d7ab3) remu    s5, s10, ra
core   0: 3 0x8000968a (0x021d7ab3) x21 0x00000000
core   0: 0x8000968e (0x00008fd9) c.or    a5, a4
core   0: 3 0x8000968e (0x8fd9) x15 0x00000000
core   0: 0x80009690 (0x00008461) c.srai  s0, 24
core   0: 3 0x80009690 (0x8461) x8  0x00000000
core   0: 0x80009692 (0x5fef6d37) lui     s10, 0x5fef6
core   0: 3 0x80009692 (0x5fef6d37) x26 0x5fef6000
core   0: 0x80009696 (0xf1e32193) slti    gp, t1, -226
core   0: 3 0x80009696 (0xf1e32193) x3  0x00000000
core   0: 0x8000969a (0x036a5f63) bge     s4, s6, pc + 62
core   0: 3 0x8000969a (0x036a5f63)
core   0: 0x800096d8 (0x00006345) c.lui   t1, 0x11
core   0: 3 0x800096d8 (0x6345) x6  0x00011000
core   0: 0x800096da (0x384cfc37) lui     s8, 0x384cf
core   0: 3 0x800096da (0x384cfc37) x24 0x384cf000
core   0: 0x800096de (0x00008b3a) c.mv    s6, a4
core   0: 3 0x800096de (0x8b3a) x22 0x00000000
core   0: 0x800096e0 (0x410350b3) sra     ra, t1, a6
core   0: 3 0x800096e0 (0x410350b3) x1  0x00000004
core   0: 0x800096e4 (0x000087dd) c.srai  a5, 23
core   0: 3 0x800096e4 (0x87dd) x15 0x00000000
core   0: 0x800096e6 (0x000000a1) c.addi  ra, 8
core   0: 3 0x800096e6 (0x00a1) x1  0x0000000c
core   0: 0x800096e8 (0x0257aab3) mulhsu  s5, a5, t0
core   0: 3 0x800096e8 (0x0257aab3) x21 0x00000000
core   0: 0x800096ec (0x034a9263) bne     s5, s4, pc + 36
core   0: 3 0x800096ec (0x034a9263)
core   0: 0x80009710 (0x01e15b63) bge     sp, t5, pc + 22
core   0: 3 0x80009710 (0x01e15b63)
core   0: 0x80009714 (0x024c97b3) mulh    a5, s9, tp
core   0: 3 0x80009714 (0x024c97b3) x15 0x00000000
core   0: 0x80009718 (0x022daab3) mulhsu  s5, s11, sp
core   0: 3 0x80009718 (0x022daab3) x21 0xbfff1b7f
core   0: 0x8000971c (0x02e98733) mul     a4, s3, a4
core   0: 3 0x8000971c (0x02e98733) x14 0x00000000
core   0: 0x80009720 (0x00000001) c.nop
core   0: 3 0x80009720 (0x0001)
core   0: 0x80009722 (0x00000dca) c.slli  s11, 18
core   0: 3 0x80009722 (0x0dca) x27 0x54600000
core   0: 0x80009724 (0x00008e19) c.sub   a2, a4
core   0: 3 0x80009724 (0x8e19) x12 0xfffffd63
core   0: 0x80009726 (0x028700b3) mul     ra, a4, s0
core   0: 3 0x80009726 (0x028700b3) x1  0x00000000
core   0: 0x8000972a (0x860b1e97) auipc   t4, 0x860b1
core   0: 3 0x8000972a (0x860b1e97) x29 0x060ba72a
core   0: 0x8000972e (0x581a92b7) lui     t0, 0x581a9
core   0: 3 0x8000972e (0x581a92b7) x5  0x581a9000
core   0: 0x80009732 (0x023e92b3) mulh    t0, t4, gp
core   0: 3 0x80009732 (0x023e92b3) x5  0x00000000
core   0: 0x80009736 (0x003773b3) and     t2, a4, gp
core   0: 3 0x80009736 (0x003773b3) x7  0x00000000
core   0: 0x8000973a (0x00794cb3) xor     s9, s2, t2
core   0: 3 0x8000973a (0x00794cb3) x25 0x8c90aa29
core   0: 0x8000973e (0x40bdd0b3) sra     ra, s11, a1
core   0: 3 0x8000973e (0x40bdd0b3) x1  0x54600000
core   0: 0x80009742 (0x402482b3) sub     t0, s1, sp
core   0: 3 0x80009742 (0x402482b3) x5  0x671da1e3
core   0: 0x80009746 (0x000010fd) c.addi  ra, -1
core   0: 3 0x80009746 (0x10fd) x1  0x545fffff
core   0: 0x80009748 (0x00008fc5) c.or    a5, s1
core   0: 3 0x80009748 (0x8fc5) x15 0xe71fffff
core   0: 0x8000974a (0xe8863593) sltiu   a1, a2, -376
core   0: 3 0x8000974a (0xe8863593) x11 0x00000001
core   0: 0x8000974e (0x01f39f63) bne     t2, t6, pc + 30
core   0: 3 0x8000974e (0x01f39f63)
core   0: 0x80009752 (0x00000284) c.addi4spn s1, sp, 320
core   0: 3 0x80009752 (0x0284) x9  0x80025f5c
core   0: 0x80009754 (0x017cc963) blt     s9, s7, pc + 18
core   0: 3 0x80009754 (0x017cc963)
core   0: 0x80009758 (0x0475f363) bgeu    a1, t2, pc + 70
core   0: 3 0x80009758 (0x0475f363)
core   0: 0x8000979e (0xbd097393) andi    t2, s2, -1072
core   0: 3 0x8000979e (0xbd097393) x7  0x8c90aa00
core   0: 0x800097a2 (0x00008a49) c.andi  a2, 18
core   0: 3 0x800097a2 (0x8a49) x12 0x00000002
core   0: 0x800097a4 (0x00008de9) c.and   a1, a0
core   0: 3 0x800097a4 (0x8de9) x11 0x00000000
core   0: 0x800097a6 (0x0224f233) remu    tp, s1, sp
core   0: 3 0x800097a6 (0x0224f233) x4  0x00000140
core   0: 0x800097aa (0x029f5763) bge     t5, s1, pc + 46
core   0: 3 0x800097aa (0x029f5763)
core   0: 0x800097d8 (0x03013cb3) mulhu   s9, sp, a6
core   0: 3 0x800097d8 (0x03013cb3) x25 0x000000a7
core   0: 0x800097dc (0x00000001) c.nop
core   0: 3 0x800097dc (0x0001)
core   0: 0x800097de (0x00b01263) bne     zero, a1, pc + 4
core   0: 3 0x800097de (0x00b01263)
core   0: 0x800097e2 (0x00008e69) c.and   a2, a0
core   0: 3 0x800097e2 (0x8e69) x12 0x00000000
core   0: 0x800097e4 (0x00008d99) c.sub   a1, a4
core   0: 3 0x800097e4 (0x8d99) x11 0x00000000
core   0: 0x800097e6 (0x03ac8463) beq     s9, s10, pc + 40
core   0: 3 0x800097e6 (0x03ac8463)
core   0: 0x800097ea (0x013637b3) sltu    a5, a2, s3
core   0: 3 0x800097ea (0x013637b3) x15 0x00000000
core   0: 0x800097ee (0x41c559b3) sra     s3, a0, t3
core   0: 3 0x800097ee (0x41c559b3) x19 0x00000000
core   0: 0x800097f2 (0x417d5233) sra     tp, s10, s7
core   0: 3 0x800097f2 (0x417d5233) x4  0x00000005
core   0: 0x800097f6 (0x01c85713) srli    a4, a6, 28
core   0: 3 0x800097f6 (0x01c85713) x14 0x00000000
core   0: 0x800097fa (0x034b0f33) mul     t5, s6, s4
core   0: 3 0x800097fa (0x034b0f33) x30 0x00000000
core   0: 0x800097fe (0x41eedd13) srai    s10, t4, 30
core   0: 3 0x800097fe (0x41eedd13) x26 0x00000000
core   0: 0x80009802 (0x01b1bfb3) sltu    t6, gp, s11
core   0: 3 0x80009802 (0x01b1bfb3) x31 0x00000001
core   0: 0x80009806 (0x417b0fb3) sub     t6, s6, s7
core   0: 3 0x80009806 (0x417b0fb3) x31 0x7ffda1e4
core   0: 0x8000980a (0x0000ee95) c.bnez  a3, pc + 60
core   0: 3 0x8000980a (0xee95)
core   0: 0x8000980c (0x00008c25) c.xor   s0, s1
core   0: 3 0x8000980c (0x8c25) x8  0x80025f5c
core   0: 0x8000980e (0x000084cd) c.srai  s1, 19
core   0: 3 0x8000980e (0x84cd) x9  0xfffff000
core   0: 0x80009810 (0xa94de593) ori     a1, s11, -1388
core   0: 3 0x80009810 (0xa94de593) x11 0xfffffa94
core   0: 0x80009814 (0x02de3633) mulhu   a2, t3, a3
core   0: 3 0x80009814 (0x02de3633) x12 0x00000000
core   0: 0x80009818 (0x03f022b3) mulhsu  t0, zero, t6
core   0: 3 0x80009818 (0x03f022b3) x5  0x00000000
core   0: 0x8000981c (0x006f19b3) sll     s3, t5, t1
core   0: 3 0x8000981c (0x006f19b3) x19 0x00000000
core   0: 0x80009820 (0x01468e33) add     t3, a3, s4
core   0: 3 0x80009820 (0x01468e33) x28 0x0000000f
core   0: 0x80009824 (0x02d99233) mulh    tp, s3, a3
core   0: 3 0x80009824 (0x02d99233) x4  0x00000000
core   0: 0x80009828 (0x00008e91) c.sub   a3, a2
core   0: 3 0x80009828 (0x8e91) x13 0x00000000
core   0: 0x8000982a (0x03e1ae33) mulhsu  t3, gp, t5
core   0: 3 0x8000982a (0x03e1ae33) x28 0x00000000
core   0: 0x8000982e (0x01ee1793) slli    a5, t3, 30
core   0: 3 0x8000982e (0x01ee1793) x15 0x00000000
core   0: 0x80009832 (0x002b5f93) srli    t6, s6, 2
core   0: 3 0x80009832 (0x002b5f93) x31 0x00000000
core   0: 0x80009836 (0x000087c1) c.srai  a5, 16
core   0: 3 0x80009836 (0x87c1) x15 0x00000000
core   0: 0x80009838 (0x00008341) c.srli  a4, 16
core   0: 3 0x80009838 (0x8341) x14 0x00000000
core   0: 0x8000983a (0x005c8b33) add     s6, s9, t0
core   0: 3 0x8000983a (0x005c8b33) x22 0x000000a7
core   0: 0x8000983e (0xbbb54ab7) lui     s5, 0xbbb54
core   0: 3 0x8000983e (0xbbb54ab7) x21 0xbbb54000
core   0: 0x80009842 (0x00001508) c.addi4spn a0, sp, 672
core   0: 3 0x80009842 (0x1508) x10 0x800260bc
core   0: 0x80009844 (0x000085f5) c.srai  a1, 29
core   0: 3 0x80009844 (0x85f5) x11 0xffffffff
core   0: 0x80009846 (0x00008ed9) c.or    a3, a4
core   0: 3 0x80009846 (0x8ed9) x13 0x00000000
core   0: 0x80009848 (0xdbb62613) slti    a2, a2, -581
core   0: 3 0x80009848 (0xdbb62613) x12 0x00000000
core   0: 0x8000984c (0x00006215) c.lui   tp, 0x5
core   0: 3 0x8000984c (0x6215) x4  0x00005000
core   0: 0x8000984e (0x02a8aeb3) mulhsu  t4, a7, a0
core   0: 3 0x8000984e (0x02a8aeb3) x29 0xc0001e1a
core   0: 0x80009852 (0x03f711b3) mulh    gp, a4, t6
core   0: 3 0x80009852 (0x03f711b3) x3  0x00000000
core   0: 0x80009856 (0x03d4cd33) div     s10, s1, t4
core   0: 3 0x80009856 (0x03d4cd33) x26 0x00000000
core   0: 0x8000985a (0x00001e7d) c.addi  t3, -1
core   0: 3 0x8000985a (0x1e7d) x28 0xffffffff
core   0: 0x8000985c (0x010b1413) slli    s0, s6, 16
core   0: 3 0x8000985c (0x010b1413) x8  0x00a70000
core   0: 0x80009860 (0x032ae1b3) rem     gp, s5, s2
core   0: 3 0x80009860 (0x032ae1b3) x3  0xbbb54000
core   0: 0x80009864 (0x00008835) c.andi  s0, 13
core   0: 3 0x80009864 (0x8835) x8  0x00000000
core   0: 0x80009866 (0x40345433) sra     s0, s0, gp
core   0: 3 0x80009866 (0x40345433) x8  0x00000000
core   0: 0x8000986a (0x6b8d6f13) ori     t5, s10, 1720
core   0: 3 0x8000986a (0x6b8d6f13) x30 0x000006b8
core   0: 0x8000986e (0x00afbb33) sltu    s6, t6, a0
core   0: 3 0x8000986e (0x00afbb33) x22 0x00000001
core   0: 0x80009872 (0x02401cb3) mulh    s9, zero, tp
core   0: 3 0x80009872 (0x02401cb3) x25 0x00000000
core   0: 0x80009876 (0x0486d163) bge     a3, s0, pc + 66
core   0: 3 0x80009876 (0x0486d163)
core   0: 0x800098b8 (0x026efd33) remu    s10, t4, t1
core   0: 3 0x800098b8 (0x026efd33) x26 0x0000de1a
core   0: 0x800098bc (0x7cc78f13) addi    t5, a5, 1996
core   0: 3 0x800098bc (0x7cc78f13) x30 0x000007cc
core   0: 0x800098c0 (0x03e21fb3) mulh    t6, tp, t5
core   0: 3 0x800098c0 (0x03e21fb3) x31 0x00000000
core   0: 0x800098c4 (0x004e0733) add     a4, t3, tp
core   0: 3 0x800098c4 (0x004e0733) x14 0x00004fff
core   0: 0x800098c8 (0x01229533) sll     a0, t0, s2
core   0: 3 0x800098c8 (0x01229533) x10 0x00000000
core   0: 0x800098cc (0x00000d42) c.slli  s10, 16
core   0: 3 0x800098cc (0x0d42) x26 0xde1a0000
core   0: 0x800098ce (0x0000717d) c.addi16sp sp, -16
core   0: 3 0x800098ce (0x717d) x2  0x80025e0c
core   0: 0x800098d0 (0x17290013) addi    zero, s2, 370
core   0: 3 0x800098d0 (0x17290013)
core   0: 0x800098d4 (0x02e8b3b3) mulhu   t2, a7, a4
core   0: 3 0x800098d4 (0x02e8b3b3) x7  0x00002800
core   0: 0x800098d8 (0x00008c65) c.and   s0, s1
core   0: 3 0x800098d8 (0x8c65) x8  0x00000000
core   0: 0x800098da (0x00000d3a) c.slli  s10, 14
core   0: 3 0x800098da (0x0d3a) x26 0x80000000
core   0: 0x800098dc (0x03f58763) beq     a1, t6, pc + 46
core   0: 3 0x800098dc (0x03f58763)
core   0: 0x800098e0 (0x0000026e) c.slli  tp, 27
core   0: 3 0x800098e0 (0x026e) x4  0x00000000
core   0: 0x800098e2 (0x03a8d433) divu    s0, a7, s10
core   0: 3 0x800098e2 (0x03a8d433) x8  0x00000001
core   0: 0x800098e6 (0x00000839) c.addi  a6, 14
core   0: 3 0x800098e6 (0x0839) x16 0x0000015c
core   0: 0x800098e8 (0x000080e9) c.srli  s1, 26
core   0: 3 0x800098e8 (0x80e9) x9  0x0000003f
core   0: 0x800098ea (0x031643b3) div     t2, a2, a7
core   0: 3 0x800098ea (0x031643b3) x7  0x00000000
core   0: 0x800098ee (0x0332e063) bltu    t0, s3, pc + 32
core   0: 3 0x800098ee (0x0332e063)
core   0: 0x800098f2 (0x03d13cb3) mulhu   s9, sp, t4
core   0: 3 0x800098f2 (0x03d13cb3) x25 0x6001d596
core   0: 0x800098f6 (0x026cf963) bgeu    s9, t1, pc + 50
core   0: 3 0x800098f6 (0x026cf963)
core   0: 0x80009928 (0x400f0db3) sub     s11, t5, zero
core   0: 3 0x80009928 (0x400f0db3) x27 0x000007cc
core   0: 0x8000992c (0x7f87aa13) slti    s4, a5, 2040
core   0: 3 0x8000992c (0x7f87aa13) x20 0x00000001
core   0: 0x80009930 (0x005bcc33) xor     s8, s7, t0
core   0: 3 0x80009930 (0x005bcc33) x24 0x80025e1c
core   0: 0x80009934 (0x41d38db3) sub     s11, t2, t4
core   0: 3 0x80009934 (0x41d38db3) x27 0x3fffe1e6
core   0: 0x80009938 (0x33e38a93) addi    s5, t2, 830
core   0: 3 0x80009938 (0x33e38a93) x21 0x0000033e
core   0: 0x8000993c (0x00ce1133) sll     sp, t3, a2
core   0: 3 0x8000993c (0x00ce1133) x2  0xffffffff
core   0: 0x80009940 (0x000086cd) c.srai  a3, 19
core   0: 3 0x80009940 (0x86cd) x13 0x00000000
core   0: 0x80009942 (0x0000e195) c.bnez  a1, pc + 36
core   0: 3 0x80009942 (0xe195)
core   0: 0x80009966 (0x000007ca) c.slli  a5, 18
core   0: 3 0x80009966 (0x07ca) x15 0x00000000
core   0: 0x80009968 (0x0000987d) c.andi  s0, -1
core   0: 3 0x80009968 (0x987d) x8  0x00000001
core   0: 0x8000996a (0x00000001) c.nop
core   0: 3 0x8000996a (0x0001)
core   0: 0x8000996c (0x01b2f0b3) and     ra, t0, s11
core   0: 3 0x8000996c (0x01b2f0b3) x1  0x00000000
core   0: 0x80009970 (0x00213eb3) sltu    t4, sp, sp
core   0: 3 0x80009970 (0x00213eb3) x29 0x00000000
core   0: 0x80009974 (0x0151d0b3) srl     ra, gp, s5
core   0: 3 0x80009974 (0x0151d0b3) x1  0x00000002
core   0: 0x80009978 (0x0000527d) c.li    tp, -1
core   0: 3 0x80009978 (0x527d) x4  0xffffffff
core   0: 0x8000997a (0x0000e99d) c.bnez  a1, pc + 54
core   0: 3 0x8000997a (0xe99d)
core   0: 0x800099b0 (0x0278d4b3) divu    s1, a7, t2
core   0: 3 0x800099b0 (0x0278d4b3) x9  0xffffffff
core   0: 0x800099b4 (0x0000983a) c.add   a6, a4
core   0: 3 0x800099b4 (0x983a) x16 0x0000515b
core   0: 0x800099b6 (0xf6246a93) ori     s5, s0, -158
core   0: 3 0x800099b6 (0xf6246a93) x21 0xffffff63
core   0: 0x800099ba (0x08e26e63) bltu    tp, a4, pc + 156
core   0: 3 0x800099ba (0x08e26e63)
core   0: 0x800099be (0x028b9363) bne     s7, s0, pc + 38
core   0: 3 0x800099be (0x028b9363)
core   0: 0x800099e4 (0x00008c65) c.and   s0, s1
core   0: 3 0x800099e4 (0x8c65) x8  0x00000001
core   0: 0x800099e6 (0x013bb833) sltu    a6, s7, s3
core   0: 3 0x800099e6 (0x013bb833) x16 0x00000000
core   0: 0x800099ea (0x1f427213) andi    tp, tp, 500
core   0: 3 0x800099ea (0x1f427213) x4  0x000001f4
core   0: 0x800099ee (0x00721d13) slli    s10, tp, 7
core   0: 3 0x800099ee (0x00721d13) x26 0x0000fa00
core   0: 0x800099f2 (0x00009b1e) c.add   s6, t2
core   0: 3 0x800099f2 (0x9b1e) x22 0x00000001
core   0: 0x800099f4 (0xa239a493) slti    s1, s3, -1501
core   0: 3 0x800099f4 (0xa239a493) x9  0x00000000
core   0: 0x800099f8 (0x00005d7d) c.li    s10, -1
core   0: 3 0x800099f8 (0x5d7d) x26 0xffffffff
core   0: 0x800099fa (0x00004419) c.li    s0, 6
core   0: 3 0x800099fa (0x4419) x8  0x00000006
core   0: 0x800099fc (0x00006389) c.lui   t2, 0x2
core   0: 3 0x800099fc (0x6389) x7  0x00002000
core   0: 0x800099fe (0x2cc1a093) slti    ra, gp, 716
core   0: 3 0x800099fe (0x2cc1a093) x1  0x00000001
core   0: 0x80009a02 (0x0000810a) c.mv    sp, sp
core   0: 3 0x80009a02 (0x810a) x2  0xffffffff
core   0: 0x80009a04 (0x08ba6d93) ori     s11, s4, 139
core   0: 3 0x80009a04 (0x08ba6d93) x27 0x0000008b
core   0: 0x80009a08 (0x0059a9b3) slt     s3, s3, t0
core   0: 3 0x80009a08 (0x0059a9b3) x19 0x00000000
core   0: 0x80009a0c (0x00008cbe) c.mv    s9, a5
core   0: 3 0x80009a0c (0x8cbe) x25 0x00000000
core   0: 0x80009a0e (0x000061c5) c.lui   gp, 0x11
core   0: 3 0x80009a0e (0x61c5) x3  0x00011000
core   0: 0x80009a10 (0x000052c5) c.li    t0, -15
core   0: 3 0x80009a10 (0x52c5) x5  0xfffffff1
core   0: 0x80009a12 (0x00008cd1) c.or    s1, a2
core   0: 3 0x80009a12 (0x8cd1) x9  0x00000000
core   0: 0x80009a14 (0x00001475) c.addi  s0, -3
core   0: 3 0x80009a14 (0x1475) x8  0x00000003
core   0: 0x80009a16 (0x5da3cb13) xori    s6, t2, 1498
core   0: 3 0x80009a16 (0x5da3cb13) x22 0x000025da
core   0: 0x80009a1a (0x00979533) sll     a0, a5, s1
core   0: 3 0x80009a1a (0x00979533) x10 0x00000000
core   0: 0x80009a1e (0x00005fe1) c.li    t6, -8
core   0: 3 0x80009a1e (0x5fe1) x31 0xfffffff8
core   0: 0x80009a20 (0x00009496) c.add   s1, t0
core   0: 3 0x80009a20 (0x9496) x9  0xfffffff1
core   0: 0x80009a22 (0x00004ea1) c.li    t4, 8
core   0: 3 0x80009a22 (0x4ea1) x29 0x00000008
core   0: 0x80009a24 (0x0334f233) remu    tp, s1, s3
core   0: 3 0x80009a24 (0x0334f233) x4  0xfffffff1
core   0: 0x80009a28 (0xb3670613) addi    a2, a4, -1226
core   0: 3 0x80009a28 (0xb3670613) x12 0x00004b35
core   0: 0x80009a2c (0x00008e69) c.and   a2, a0
core   0: 3 0x80009a2c (0x8e69) x12 0x00000000
core   0: 0x80009a2e (0x00000f85) c.addi  t6, 1
core   0: 3 0x80009a2e (0x0f85) x31 0xfffffff9
core   0: 0x80009a30 (0x75dda093) slti    ra, s11, 1885
core   0: 3 0x80009a30 (0x75dda093) x1  0x00000001
core   0: 0x80009a34 (0xffdf9ce3) bne     t6, t4, pc - 8
core   0: 3 0x80009a34 (0xffdf9ce3)
core   0: 0x80009a2c (0x00008e69) c.and   a2, a0
core   0: 3 0x80009a2c (0x8e69) x12 0x00000000
core   0: 0x80009a2e (0x00000f85) c.addi  t6, 1
core   0: 3 0x80009a2e (0x0f85) x31 0xfffffffa
core   0: 0x80009a30 (0x75dda093) slti    ra, s11, 1885
core   0: 3 0x80009a30 (0x75dda093) x1  0x00000001
core   0: 0x80009a34 (0xffdf9ce3) bne     t6, t4, pc - 8
core   0: 3 0x80009a34 (0xffdf9ce3)
core   0: 0x80009a2c (0x00008e69) c.and   a2, a0
core   0: 3 0x80009a2c (0x8e69) x12 0x00000000
core   0: 0x80009a2e (0x00000f85) c.addi  t6, 1
core   0: 3 0x80009a2e (0x0f85) x31 0xfffffffb
core   0: 0x80009a30 (0x75dda093) slti    ra, s11, 1885
core   0: 3 0x80009a30 (0x75dda093) x1  0x00000001
core   0: 0x80009a34 (0xffdf9ce3) bne     t6, t4, pc - 8
core   0: 3 0x80009a34 (0xffdf9ce3)
core   0: 0x80009a2c (0x00008e69) c.and   a2, a0
core   0: 3 0x80009a2c (0x8e69) x12 0x00000000
core   0: 0x80009a2e (0x00000f85) c.addi  t6, 1
core   0: 3 0x80009a2e (0x0f85) x31 0xfffffffc
core   0: 0x80009a30 (0x75dda093) slti    ra, s11, 1885
core   0: 3 0x80009a30 (0x75dda093) x1  0x00000001
core   0: 0x80009a34 (0xffdf9ce3) bne     t6, t4, pc - 8
core   0: 3 0x80009a34 (0xffdf9ce3)
core   0: 0x80009a2c (0x00008e69) c.and   a2, a0
core   0: 3 0x80009a2c (0x8e69) x12 0x00000000
core   0: 0x80009a2e (0x00000f85) c.addi  t6, 1
core   0: 3 0x80009a2e (0x0f85) x31 0xfffffffd
core   0: 0x80009a30 (0x75dda093) slti    ra, s11, 1885
core   0: 3 0x80009a30 (0x75dda093) x1  0x00000001
core   0: 0x80009a34 (0xffdf9ce3) bne     t6, t4, pc - 8
core   0: 3 0x80009a34 (0xffdf9ce3)
core   0: 0x80009a2c (0x00008e69) c.and   a2, a0
core   0: 3 0x80009a2c (0x8e69) x12 0x00000000
core   0: 0x80009a2e (0x00000f85) c.addi  t6, 1
core   0: 3 0x80009a2e (0x0f85) x31 0xfffffffe
core   0: 0x80009a30 (0x75dda093) slti    ra, s11, 1885
core   0: 3 0x80009a30 (0x75dda093) x1  0x00000001
core   0: 0x80009a34 (0xffdf9ce3) bne     t6, t4, pc - 8
core   0: 3 0x80009a34 (0xffdf9ce3)
core   0: 0x80009a2c (0x00008e69) c.and   a2, a0
core   0: 3 0x80009a2c (0x8e69) x12 0x00000000
core   0: 0x80009a2e (0x00000f85) c.addi  t6, 1
core   0: 3 0x80009a2e (0x0f85) x31 0xffffffff
core   0: 0x80009a30 (0x75dda093) slti    ra, s11, 1885
core   0: 3 0x80009a30 (0x75dda093) x1  0x00000001
core   0: 0x80009a34 (0xffdf9ce3) bne     t6, t4, pc - 8
core   0: 3 0x80009a34 (0xffdf9ce3)
core   0: 0x80009a2c (0x00008e69) c.and   a2, a0
core   0: 3 0x80009a2c (0x8e69) x12 0x00000000
core   0: 0x80009a2e (0x00000f85) c.addi  t6, 1
core   0: 3 0x80009a2e (0x0f85) x31 0x00000000
core   0: 0x80009a30 (0x75dda093) slti    ra, s11, 1885
core   0: 3 0x80009a30 (0x75dda093) x1  0x00000001
core   0: 0x80009a34 (0xffdf9ce3) bne     t6, t4, pc - 8
core   0: 3 0x80009a34 (0xffdf9ce3)
core   0: 0x80009a2c (0x00008e69) c.and   a2, a0
core   0: 3 0x80009a2c (0x8e69) x12 0x00000000
core   0: 0x80009a2e (0x00000f85) c.addi  t6, 1
core   0: 3 0x80009a2e (0x0f85) x31 0x00000001
core   0: 0x80009a30 (0x75dda093) slti    ra, s11, 1885
core   0: 3 0x80009a30 (0x75dda093) x1  0x00000001
core   0: 0x80009a34 (0xffdf9ce3) bne     t6, t4, pc - 8
core   0: 3 0x80009a34 (0xffdf9ce3)
core   0: 0x80009a2c (0x00008e69) c.and   a2, a0
core   0: 3 0x80009a2c (0x8e69) x12 0x00000000
core   0: 0x80009a2e (0x00000f85) c.addi  t6, 1
core   0: 3 0x80009a2e (0x0f85) x31 0x00000002
core   0: 0x80009a30 (0x75dda093) slti    ra, s11, 1885
core   0: 3 0x80009a30 (0x75dda093) x1  0x00000001
core   0: 0x80009a34 (0xffdf9ce3) bne     t6, t4, pc - 8
core   0: 3 0x80009a34 (0xffdf9ce3)
core   0: 0x80009a2c (0x00008e69) c.and   a2, a0
core   0: 3 0x80009a2c (0x8e69) x12 0x00000000
core   0: 0x80009a2e (0x00000f85) c.addi  t6, 1
core   0: 3 0x80009a2e (0x0f85) x31 0x00000003
core   0: 0x80009a30 (0x75dda093) slti    ra, s11, 1885
core   0: 3 0x80009a30 (0x75dda093) x1  0x00000001
core   0: 0x80009a34 (0xffdf9ce3) bne     t6, t4, pc - 8
core   0: 3 0x80009a34 (0xffdf9ce3)
core   0: 0x80009a2c (0x00008e69) c.and   a2, a0
core   0: 3 0x80009a2c (0x8e69) x12 0x00000000
core   0: 0x80009a2e (0x00000f85) c.addi  t6, 1
core   0: 3 0x80009a2e (0x0f85) x31 0x00000004
core   0: 0x80009a30 (0x75dda093) slti    ra, s11, 1885
core   0: 3 0x80009a30 (0x75dda093) x1  0x00000001
core   0: 0x80009a34 (0xffdf9ce3) bne     t6, t4, pc - 8
core   0: 3 0x80009a34 (0xffdf9ce3)
core   0: 0x80009a2c (0x00008e69) c.and   a2, a0
core   0: 3 0x80009a2c (0x8e69) x12 0x00000000
core   0: 0x80009a2e (0x00000f85) c.addi  t6, 1
core   0: 3 0x80009a2e (0x0f85) x31 0x00000005
core   0: 0x80009a30 (0x75dda093) slti    ra, s11, 1885
core   0: 3 0x80009a30 (0x75dda093) x1  0x00000001
core   0: 0x80009a34 (0xffdf9ce3) bne     t6, t4, pc - 8
core   0: 3 0x80009a34 (0xffdf9ce3)
core   0: 0x80009a2c (0x00008e69) c.and   a2, a0
core   0: 3 0x80009a2c (0x8e69) x12 0x00000000
core   0: 0x80009a2e (0x00000f85) c.addi  t6, 1
core   0: 3 0x80009a2e (0x0f85) x31 0x00000006
core   0: 0x80009a30 (0x75dda093) slti    ra, s11, 1885
core   0: 3 0x80009a30 (0x75dda093) x1  0x00000001
core   0: 0x80009a34 (0xffdf9ce3) bne     t6, t4, pc - 8
core   0: 3 0x80009a34 (0xffdf9ce3)
core   0: 0x80009a2c (0x00008e69) c.and   a2, a0
core   0: 3 0x80009a2c (0x8e69) x12 0x00000000
core   0: 0x80009a2e (0x00000f85) c.addi  t6, 1
core   0: 3 0x80009a2e (0x0f85) x31 0x00000007
core   0: 0x80009a30 (0x75dda093) slti    ra, s11, 1885
core   0: 3 0x80009a30 (0x75dda093) x1  0x00000001
core   0: 0x80009a34 (0xffdf9ce3) bne     t6, t4, pc - 8
core   0: 3 0x80009a34 (0xffdf9ce3)
core   0: 0x80009a2c (0x00008e69) c.and   a2, a0
core   0: 3 0x80009a2c (0x8e69) x12 0x00000000
core   0: 0x80009a2e (0x00000f85) c.addi  t6, 1
core   0: 3 0x80009a2e (0x0f85) x31 0x00000008
core   0: 0x80009a30 (0x75dda093) slti    ra, s11, 1885
core   0: 3 0x80009a30 (0x75dda093) x1  0x00000001
core   0: 0x80009a34 (0xffdf9ce3) bne     t6, t4, pc - 8
core   0: 3 0x80009a34 (0xffdf9ce3)
core   0: 0x80009a38 (0xc839b113) sltiu   sp, s3, -893
core   0: 3 0x80009a38 (0xc839b113) x2  0x00000001
core   0: 0x80009a3c (0x02d587b3) mul     a5, a1, a3
core   0: 3 0x80009a3c (0x02d587b3) x15 0x00000000
core   0: 0x80009a40 (0x40d7d993) srai    s3, a5, 13
core   0: 3 0x80009a40 (0x40d7d993) x19 0x00000000
core   0: 0x80009a44 (0x006837b3) sltu    a5, a6, t1
core   0: 3 0x80009a44 (0x006837b3) x15 0x00000001
core   0: 0x80009a48 (0x01855393) srli    t2, a0, 24
core   0: 3 0x80009a48 (0x01855393) x7  0x00000000
core   0: 0x80009a4c (0xfc5453e3) bge     s0, t0, pc - 58
core   0: 3 0x80009a4c (0xfc5453e3)
core   0: 0x80009a12 (0x00008cd1) c.or    s1, a2
core   0: 3 0x80009a12 (0x8cd1) x9  0xfffffff1
core   0: 0x80009a14 (0x00001475) c.addi  s0, -3
core   0: 3 0x80009a14 (0x1475) x8  0x00000000
core   0: 0x80009a16 (0x5da3cb13) xori    s6, t2, 1498
core   0: 3 0x80009a16 (0x5da3cb13) x22 0x000005da
core   0: 0x80009a1a (0x00979533) sll     a0, a5, s1
core   0: 3 0x80009a1a (0x00979533) x10 0x00020000
core   0: 0x80009a1e (0x00005fe1) c.li    t6, -8
core   0: 3 0x80009a1e (0x5fe1) x31 0xfffffff8
core   0: 0x80009a20 (0x00009496) c.add   s1, t0
core   0: 3 0x80009a20 (0x9496) x9  0xffffffe2
core   0: 0x80009a22 (0x00004ea1) c.li    t4, 8
core   0: 3 0x80009a22 (0x4ea1) x29 0x00000008
core   0: 0x80009a24 (0x0334f233) remu    tp, s1, s3
core   0: 3 0x80009a24 (0x0334f233) x4  0xffffffe2
core   0: 0x80009a28 (0xb3670613) addi    a2, a4, -1226
core   0: 3 0x80009a28 (0xb3670613) x12 0x00004b35
core   0: 0x80009a2c (0x00008e69) c.and   a2, a0
core   0: 3 0x80009a2c (0x8e69) x12 0x00000000
core   0: 0x80009a2e (0x00000f85) c.addi  t6, 1
core   0: 3 0x80009a2e (0x0f85) x31 0xfffffff9
core   0: 0x80009a30 (0x75dda093) slti    ra, s11, 1885
core   0: 3 0x80009a30 (0x75dda093) x1  0x00000001
core   0: 0x80009a34 (0xffdf9ce3) bne     t6, t4, pc - 8
core   0: 3 0x80009a34 (0xffdf9ce3)
core   0: 0x80009a2c (0x00008e69) c.and   a2, a0
core   0: 3 0x80009a2c (0x8e69) x12 0x00000000
core   0: 0x80009a2e (0x00000f85) c.addi  t6, 1
core   0: 3 0x80009a2e (0x0f85) x31 0xfffffffa
core   0: 0x80009a30 (0x75dda093) slti    ra, s11, 1885
core   0: 3 0x80009a30 (0x75dda093) x1  0x00000001
core   0: 0x80009a34 (0xffdf9ce3) bne     t6, t4, pc - 8
core   0: 3 0x80009a34 (0xffdf9ce3)
core   0: 0x80009a2c (0x00008e69) c.and   a2, a0
core   0: 3 0x80009a2c (0x8e69) x12 0x00000000
core   0: 0x80009a2e (0x00000f85) c.addi  t6, 1
core   0: 3 0x80009a2e (0x0f85) x31 0xfffffffb
core   0: 0x80009a30 (0x75dda093) slti    ra, s11, 1885
core   0: 3 0x80009a30 (0x75dda093) x1  0x00000001
core   0: 0x80009a34 (0xffdf9ce3) bne     t6, t4, pc - 8
core   0: 3 0x80009a34 (0xffdf9ce3)
core   0: 0x80009a2c (0x00008e69) c.and   a2, a0
core   0: 3 0x80009a2c (0x8e69) x12 0x00000000
core   0: 0x80009a2e (0x00000f85) c.addi  t6, 1
core   0: 3 0x80009a2e (0x0f85) x31 0xfffffffc
core   0: 0x80009a30 (0x75dda093) slti    ra, s11, 1885
core   0: 3 0x80009a30 (0x75dda093) x1  0x00000001
core   0: 0x80009a34 (0xffdf9ce3) bne     t6, t4, pc - 8
core   0: 3 0x80009a34 (0xffdf9ce3)
core   0: 0x80009a2c (0x00008e69) c.and   a2, a0
core   0: 3 0x80009a2c (0x8e69) x12 0x00000000
core   0: 0x80009a2e (0x00000f85) c.addi  t6, 1
core   0: 3 0x80009a2e (0x0f85) x31 0xfffffffd
core   0: 0x80009a30 (0x75dda093) slti    ra, s11, 1885
core   0: 3 0x80009a30 (0x75dda093) x1  0x00000001
core   0: 0x80009a34 (0xffdf9ce3) bne     t6, t4, pc - 8
core   0: 3 0x80009a34 (0xffdf9ce3)
core   0: 0x80009a2c (0x00008e69) c.and   a2, a0
core   0: 3 0x80009a2c (0x8e69) x12 0x00000000
core   0: 0x80009a2e (0x00000f85) c.addi  t6, 1
core   0: 3 0x80009a2e (0x0f85) x31 0xfffffffe
core   0: 0x80009a30 (0x75dda093) slti    ra, s11, 1885
core   0: 3 0x80009a30 (0x75dda093) x1  0x00000001
core   0: 0x80009a34 (0xffdf9ce3) bne     t6, t4, pc - 8
core   0: 3 0x80009a34 (0xffdf9ce3)
core   0: 0x80009a2c (0x00008e69) c.and   a2, a0
core   0: 3 0x80009a2c (0x8e69) x12 0x00000000
core   0: 0x80009a2e (0x00000f85) c.addi  t6, 1
core   0: 3 0x80009a2e (0x0f85) x31 0xffffffff
core   0: 0x80009a30 (0x75dda093) slti    ra, s11, 1885
core   0: 3 0x80009a30 (0x75dda093) x1  0x00000001
core   0: 0x80009a34 (0xffdf9ce3) bne     t6, t4, pc - 8
core   0: 3 0x80009a34 (0xffdf9ce3)
core   0: 0x80009a2c (0x00008e69) c.and   a2, a0
core   0: 3 0x80009a2c (0x8e69) x12 0x00000000
core   0: 0x80009a2e (0x00000f85) c.addi  t6, 1
core   0: 3 0x80009a2e (0x0f85) x31 0x00000000
core   0: 0x80009a30 (0x75dda093) slti    ra, s11, 1885
core   0: 3 0x80009a30 (0x75dda093) x1  0x00000001
core   0: 0x80009a34 (0xffdf9ce3) bne     t6, t4, pc - 8
core   0: 3 0x80009a34 (0xffdf9ce3)
core   0: 0x80009a2c (0x00008e69) c.and   a2, a0
core   0: 3 0x80009a2c (0x8e69) x12 0x00000000
core   0: 0x80009a2e (0x00000f85) c.addi  t6, 1
core   0: 3 0x80009a2e (0x0f85) x31 0x00000001
core   0: 0x80009a30 (0x75dda093) slti    ra, s11, 1885
core   0: 3 0x80009a30 (0x75dda093) x1  0x00000001
core   0: 0x80009a34 (0xffdf9ce3) bne     t6, t4, pc - 8
core   0: 3 0x80009a34 (0xffdf9ce3)
core   0: 0x80009a2c (0x00008e69) c.and   a2, a0
core   0: 3 0x80009a2c (0x8e69) x12 0x00000000
core   0: 0x80009a2e (0x00000f85) c.addi  t6, 1
core   0: 3 0x80009a2e (0x0f85) x31 0x00000002
core   0: 0x80009a30 (0x75dda093) slti    ra, s11, 1885
core   0: 3 0x80009a30 (0x75dda093) x1  0x00000001
core   0: 0x80009a34 (0xffdf9ce3) bne     t6, t4, pc - 8
core   0: 3 0x80009a34 (0xffdf9ce3)
core   0: 0x80009a2c (0x00008e69) c.and   a2, a0
core   0: 3 0x80009a2c (0x8e69) x12 0x00000000
core   0: 0x80009a2e (0x00000f85) c.addi  t6, 1
core   0: 3 0x80009a2e (0x0f85) x31 0x00000003
core   0: 0x80009a30 (0x75dda093) slti    ra, s11, 1885
core   0: 3 0x80009a30 (0x75dda093) x1  0x00000001
core   0: 0x80009a34 (0xffdf9ce3) bne     t6, t4, pc - 8
core   0: 3 0x80009a34 (0xffdf9ce3)
core   0: 0x80009a2c (0x00008e69) c.and   a2, a0
core   0: 3 0x80009a2c (0x8e69) x12 0x00000000
core   0: 0x80009a2e (0x00000f85) c.addi  t6, 1
core   0: 3 0x80009a2e (0x0f85) x31 0x00000004
core   0: 0x80009a30 (0x75dda093) slti    ra, s11, 1885
core   0: 3 0x80009a30 (0x75dda093) x1  0x00000001
core   0: 0x80009a34 (0xffdf9ce3) bne     t6, t4, pc - 8
core   0: 3 0x80009a34 (0xffdf9ce3)
core   0: 0x80009a2c (0x00008e69) c.and   a2, a0
core   0: 3 0x80009a2c (0x8e69) x12 0x00000000
core   0: 0x80009a2e (0x00000f85) c.addi  t6, 1
core   0: 3 0x80009a2e (0x0f85) x31 0x00000005
core   0: 0x80009a30 (0x75dda093) slti    ra, s11, 1885
core   0: 3 0x80009a30 (0x75dda093) x1  0x00000001
core   0: 0x80009a34 (0xffdf9ce3) bne     t6, t4, pc - 8
core   0: 3 0x80009a34 (0xffdf9ce3)
core   0: 0x80009a2c (0x00008e69) c.and   a2, a0
core   0: 3 0x80009a2c (0x8e69) x12 0x00000000
core   0: 0x80009a2e (0x00000f85) c.addi  t6, 1
core   0: 3 0x80009a2e (0x0f85) x31 0x00000006
core   0: 0x80009a30 (0x75dda093) slti    ra, s11, 1885
core   0: 3 0x80009a30 (0x75dda093) x1  0x00000001
core   0: 0x80009a34 (0xffdf9ce3) bne     t6, t4, pc - 8
core   0: 3 0x80009a34 (0xffdf9ce3)
core   0: 0x80009a2c (0x00008e69) c.and   a2, a0
core   0: 3 0x80009a2c (0x8e69) x12 0x00000000
core   0: 0x80009a2e (0x00000f85) c.addi  t6, 1
core   0: 3 0x80009a2e (0x0f85) x31 0x00000007
core   0: 0x80009a30 (0x75dda093) slti    ra, s11, 1885
core   0: 3 0x80009a30 (0x75dda093) x1  0x00000001
core   0: 0x80009a34 (0xffdf9ce3) bne     t6, t4, pc - 8
core   0: 3 0x80009a34 (0xffdf9ce3)
core   0: 0x80009a2c (0x00008e69) c.and   a2, a0
core   0: 3 0x80009a2c (0x8e69) x12 0x00000000
core   0: 0x80009a2e (0x00000f85) c.addi  t6, 1
core   0: 3 0x80009a2e (0x0f85) x31 0x00000008
core   0: 0x80009a30 (0x75dda093) slti    ra, s11, 1885
core   0: 3 0x80009a30 (0x75dda093) x1  0x00000001
core   0: 0x80009a34 (0xffdf9ce3) bne     t6, t4, pc - 8
core   0: 3 0x80009a34 (0xffdf9ce3)
core   0: 0x80009a38 (0xc839b113) sltiu   sp, s3, -893
core   0: 3 0x80009a38 (0xc839b113) x2  0x00000001
core   0: 0x80009a3c (0x02d587b3) mul     a5, a1, a3
core   0: 3 0x80009a3c (0x02d587b3) x15 0x00000000
core   0: 0x80009a40 (0x40d7d993) srai    s3, a5, 13
core   0: 3 0x80009a40 (0x40d7d993) x19 0x00000000
core   0: 0x80009a44 (0x006837b3) sltu    a5, a6, t1
core   0: 3 0x80009a44 (0x006837b3) x15 0x00000001
core   0: 0x80009a48 (0x01855393) srli    t2, a0, 24
core   0: 3 0x80009a48 (0x01855393) x7  0x00000000
core   0: 0x80009a4c (0xfc5453e3) bge     s0, t0, pc - 58
core   0: 3 0x80009a4c (0xfc5453e3)
core   0: 0x80009a12 (0x00008cd1) c.or    s1, a2
core   0: 3 0x80009a12 (0x8cd1) x9  0xffffffe2
core   0: 0x80009a14 (0x00001475) c.addi  s0, -3
core   0: 3 0x80009a14 (0x1475) x8  0xfffffffd
core   0: 0x80009a16 (0x5da3cb13) xori    s6, t2, 1498
core   0: 3 0x80009a16 (0x5da3cb13) x22 0x000005da
core   0: 0x80009a1a (0x00979533) sll     a0, a5, s1
core   0: 3 0x80009a1a (0x00979533) x10 0x00000004
core   0: 0x80009a1e (0x00005fe1) c.li    t6, -8
core   0: 3 0x80009a1e (0x5fe1) x31 0xfffffff8
core   0: 0x80009a20 (0x00009496) c.add   s1, t0
core   0: 3 0x80009a20 (0x9496) x9  0xffffffd3
core   0: 0x80009a22 (0x00004ea1) c.li    t4, 8
core   0: 3 0x80009a22 (0x4ea1) x29 0x00000008
core   0: 0x80009a24 (0x0334f233) remu    tp, s1, s3
core   0: 3 0x80009a24 (0x0334f233) x4  0xffffffd3
core   0: 0x80009a28 (0xb3670613) addi    a2, a4, -1226
core   0: 3 0x80009a28 (0xb3670613) x12 0x00004b35
core   0: 0x80009a2c (0x00008e69) c.and   a2, a0
core   0: 3 0x80009a2c (0x8e69) x12 0x00000004
core   0: 0x80009a2e (0x00000f85) c.addi  t6, 1
core   0: 3 0x80009a2e (0x0f85) x31 0xfffffff9
core   0: 0x80009a30 (0x75dda093) slti    ra, s11, 1885
core   0: 3 0x80009a30 (0x75dda093) x1  0x00000001
core   0: 0x80009a34 (0xffdf9ce3) bne     t6, t4, pc - 8
core   0: 3 0x80009a34 (0xffdf9ce3)
core   0: 0x80009a2c (0x00008e69) c.and   a2, a0
core   0: 3 0x80009a2c (0x8e69) x12 0x00000004
core   0: 0x80009a2e (0x00000f85) c.addi  t6, 1
core   0: 3 0x80009a2e (0x0f85) x31 0xfffffffa
core   0: 0x80009a30 (0x75dda093) slti    ra, s11, 1885
core   0: 3 0x80009a30 (0x75dda093) x1  0x00000001
core   0: 0x80009a34 (0xffdf9ce3) bne     t6, t4, pc - 8
core   0: 3 0x80009a34 (0xffdf9ce3)
core   0: 0x80009a2c (0x00008e69) c.and   a2, a0
core   0: 3 0x80009a2c (0x8e69) x12 0x00000004
core   0: 0x80009a2e (0x00000f85) c.addi  t6, 1
core   0: 3 0x80009a2e (0x0f85) x31 0xfffffffb
core   0: 0x80009a30 (0x75dda093) slti    ra, s11, 1885
core   0: 3 0x80009a30 (0x75dda093) x1  0x00000001
core   0: 0x80009a34 (0xffdf9ce3) bne     t6, t4, pc - 8
core   0: 3 0x80009a34 (0xffdf9ce3)
core   0: 0x80009a2c (0x00008e69) c.and   a2, a0
core   0: 3 0x80009a2c (0x8e69) x12 0x00000004
core   0: 0x80009a2e (0x00000f85) c.addi  t6, 1
core   0: 3 0x80009a2e (0x0f85) x31 0xfffffffc
core   0: 0x80009a30 (0x75dda093) slti    ra, s11, 1885
core   0: 3 0x80009a30 (0x75dda093) x1  0x00000001
core   0: 0x80009a34 (0xffdf9ce3) bne     t6, t4, pc - 8
core   0: 3 0x80009a34 (0xffdf9ce3)
core   0: 0x80009a2c (0x00008e69) c.and   a2, a0
core   0: 3 0x80009a2c (0x8e69) x12 0x00000004
core   0: 0x80009a2e (0x00000f85) c.addi  t6, 1
core   0: 3 0x80009a2e (0x0f85) x31 0xfffffffd
core   0: 0x80009a30 (0x75dda093) slti    ra, s11, 1885
core   0: 3 0x80009a30 (0x75dda093) x1  0x00000001
core   0: 0x80009a34 (0xffdf9ce3) bne     t6, t4, pc - 8
core   0: 3 0x80009a34 (0xffdf9ce3)
core   0: 0x80009a2c (0x00008e69) c.and   a2, a0
core   0: 3 0x80009a2c (0x8e69) x12 0x00000004
core   0: 0x80009a2e (0x00000f85) c.addi  t6, 1
core   0: 3 0x80009a2e (0x0f85) x31 0xfffffffe
core   0: 0x80009a30 (0x75dda093) slti    ra, s11, 1885
core   0: 3 0x80009a30 (0x75dda093) x1  0x00000001
core   0: 0x80009a34 (0xffdf9ce3) bne     t6, t4, pc - 8
core   0: 3 0x80009a34 (0xffdf9ce3)
core   0: 0x80009a2c (0x00008e69) c.and   a2, a0
core   0: 3 0x80009a2c (0x8e69) x12 0x00000004
core   0: 0x80009a2e (0x00000f85) c.addi  t6, 1
core   0: 3 0x80009a2e (0x0f85) x31 0xffffffff
core   0: 0x80009a30 (0x75dda093) slti    ra, s11, 1885
core   0: 3 0x80009a30 (0x75dda093) x1  0x00000001
core   0: 0x80009a34 (0xffdf9ce3) bne     t6, t4, pc - 8
core   0: 3 0x80009a34 (0xffdf9ce3)
core   0: 0x80009a2c (0x00008e69) c.and   a2, a0
core   0: 3 0x80009a2c (0x8e69) x12 0x00000004
core   0: 0x80009a2e (0x00000f85) c.addi  t6, 1
core   0: 3 0x80009a2e (0x0f85) x31 0x00000000
core   0: 0x80009a30 (0x75dda093) slti    ra, s11, 1885
core   0: 3 0x80009a30 (0x75dda093) x1  0x00000001
core   0: 0x80009a34 (0xffdf9ce3) bne     t6, t4, pc - 8
core   0: 3 0x80009a34 (0xffdf9ce3)
core   0: 0x80009a2c (0x00008e69) c.and   a2, a0
core   0: 3 0x80009a2c (0x8e69) x12 0x00000004
core   0: 0x80009a2e (0x00000f85) c.addi  t6, 1
core   0: 3 0x80009a2e (0x0f85) x31 0x00000001
core   0: 0x80009a30 (0x75dda093) slti    ra, s11, 1885
core   0: 3 0x80009a30 (0x75dda093) x1  0x00000001
core   0: 0x80009a34 (0xffdf9ce3) bne     t6, t4, pc - 8
core   0: 3 0x80009a34 (0xffdf9ce3)
core   0: 0x80009a2c (0x00008e69) c.and   a2, a0
core   0: 3 0x80009a2c (0x8e69) x12 0x00000004
core   0: 0x80009a2e (0x00000f85) c.addi  t6, 1
core   0: 3 0x80009a2e (0x0f85) x31 0x00000002
core   0: 0x80009a30 (0x75dda093) slti    ra, s11, 1885
core   0: 3 0x80009a30 (0x75dda093) x1  0x00000001
core   0: 0x80009a34 (0xffdf9ce3) bne     t6, t4, pc - 8
core   0: 3 0x80009a34 (0xffdf9ce3)
core   0: 0x80009a2c (0x00008e69) c.and   a2, a0
core   0: 3 0x80009a2c (0x8e69) x12 0x00000004
core   0: 0x80009a2e (0x00000f85) c.addi  t6, 1
core   0: 3 0x80009a2e (0x0f85) x31 0x00000003
core   0: 0x80009a30 (0x75dda093) slti    ra, s11, 1885
core   0: 3 0x80009a30 (0x75dda093) x1  0x00000001
core   0: 0x80009a34 (0xffdf9ce3) bne     t6, t4, pc - 8
core   0: 3 0x80009a34 (0xffdf9ce3)
core   0: 0x80009a2c (0x00008e69) c.and   a2, a0
core   0: 3 0x80009a2c (0x8e69) x12 0x00000004
core   0: 0x80009a2e (0x00000f85) c.addi  t6, 1
core   0: 3 0x80009a2e (0x0f85) x31 0x00000004
core   0: 0x80009a30 (0x75dda093) slti    ra, s11, 1885
core   0: 3 0x80009a30 (0x75dda093) x1  0x00000001
core   0: 0x80009a34 (0xffdf9ce3) bne     t6, t4, pc - 8
core   0: 3 0x80009a34 (0xffdf9ce3)
core   0: 0x80009a2c (0x00008e69) c.and   a2, a0
core   0: 3 0x80009a2c (0x8e69) x12 0x00000004
core   0: 0x80009a2e (0x00000f85) c.addi  t6, 1
core   0: 3 0x80009a2e (0x0f85) x31 0x00000005
core   0: 0x80009a30 (0x75dda093) slti    ra, s11, 1885
core   0: 3 0x80009a30 (0x75dda093) x1  0x00000001
core   0: 0x80009a34 (0xffdf9ce3) bne     t6, t4, pc - 8
core   0: 3 0x80009a34 (0xffdf9ce3)
core   0: 0x80009a2c (0x00008e69) c.and   a2, a0
core   0: 3 0x80009a2c (0x8e69) x12 0x00000004
core   0: 0x80009a2e (0x00000f85) c.addi  t6, 1
core   0: 3 0x80009a2e (0x0f85) x31 0x00000006
core   0: 0x80009a30 (0x75dda093) slti    ra, s11, 1885
core   0: 3 0x80009a30 (0x75dda093) x1  0x00000001
core   0: 0x80009a34 (0xffdf9ce3) bne     t6, t4, pc - 8
core   0: 3 0x80009a34 (0xffdf9ce3)
core   0: 0x80009a2c (0x00008e69) c.and   a2, a0
core   0: 3 0x80009a2c (0x8e69) x12 0x00000004
core   0: 0x80009a2e (0x00000f85) c.addi  t6, 1
core   0: 3 0x80009a2e (0x0f85) x31 0x00000007
core   0: 0x80009a30 (0x75dda093) slti    ra, s11, 1885
core   0: 3 0x80009a30 (0x75dda093) x1  0x00000001
core   0: 0x80009a34 (0xffdf9ce3) bne     t6, t4, pc - 8
core   0: 3 0x80009a34 (0xffdf9ce3)
core   0: 0x80009a2c (0x00008e69) c.and   a2, a0
core   0: 3 0x80009a2c (0x8e69) x12 0x00000004
core   0: 0x80009a2e (0x00000f85) c.addi  t6, 1
core   0: 3 0x80009a2e (0x0f85) x31 0x00000008
core   0: 0x80009a30 (0x75dda093) slti    ra, s11, 1885
core   0: 3 0x80009a30 (0x75dda093) x1  0x00000001
core   0: 0x80009a34 (0xffdf9ce3) bne     t6, t4, pc - 8
core   0: 3 0x80009a34 (0xffdf9ce3)
core   0: 0x80009a38 (0xc839b113) sltiu   sp, s3, -893
core   0: 3 0x80009a38 (0xc839b113) x2  0x00000001
core   0: 0x80009a3c (0x02d587b3) mul     a5, a1, a3
core   0: 3 0x80009a3c (0x02d587b3) x15 0x00000000
core   0: 0x80009a40 (0x40d7d993) srai    s3, a5, 13
core   0: 3 0x80009a40 (0x40d7d993) x19 0x00000000
core   0: 0x80009a44 (0x006837b3) sltu    a5, a6, t1
core   0: 3 0x80009a44 (0x006837b3) x15 0x00000001
core   0: 0x80009a48 (0x01855393) srli    t2, a0, 24
core   0: 3 0x80009a48 (0x01855393) x7  0x00000000
core   0: 0x80009a4c (0xfc5453e3) bge     s0, t0, pc - 58
core   0: 3 0x80009a4c (0xfc5453e3)
core   0: 0x80009a12 (0x00008cd1) c.or    s1, a2
core   0: 3 0x80009a12 (0x8cd1) x9  0xffffffd7
core   0: 0x80009a14 (0x00001475) c.addi  s0, -3
core   0: 3 0x80009a14 (0x1475) x8  0xfffffffa
core   0: 0x80009a16 (0x5da3cb13) xori    s6, t2, 1498
core   0: 3 0x80009a16 (0x5da3cb13) x22 0x000005da
core   0: 0x80009a1a (0x00979533) sll     a0, a5, s1
core   0: 3 0x80009a1a (0x00979533) x10 0x00800000
core   0: 0x80009a1e (0x00005fe1) c.li    t6, -8
core   0: 3 0x80009a1e (0x5fe1) x31 0xfffffff8
core   0: 0x80009a20 (0x00009496) c.add   s1, t0
core   0: 3 0x80009a20 (0x9496) x9  0xffffffc8
core   0: 0x80009a22 (0x00004ea1) c.li    t4, 8
core   0: 3 0x80009a22 (0x4ea1) x29 0x00000008
core   0: 0x80009a24 (0x0334f233) remu    tp, s1, s3
core   0: 3 0x80009a24 (0x0334f233) x4  0xffffffc8
core   0: 0x80009a28 (0xb3670613) addi    a2, a4, -1226
core   0: 3 0x80009a28 (0xb3670613) x12 0x00004b35
core   0: 0x80009a2c (0x00008e69) c.and   a2, a0
core   0: 3 0x80009a2c (0x8e69) x12 0x00000000
core   0: 0x80009a2e (0x00000f85) c.addi  t6, 1
core   0: 3 0x80009a2e (0x0f85) x31 0xfffffff9
core   0: 0x80009a30 (0x75dda093) slti    ra, s11, 1885
core   0: 3 0x80009a30 (0x75dda093) x1  0x00000001
core   0: 0x80009a34 (0xffdf9ce3) bne     t6, t4, pc - 8
core   0: 3 0x80009a34 (0xffdf9ce3)
core   0: 0x80009a2c (0x00008e69) c.and   a2, a0
core   0: 3 0x80009a2c (0x8e69) x12 0x00000000
core   0: 0x80009a2e (0x00000f85) c.addi  t6, 1
core   0: 3 0x80009a2e (0x0f85) x31 0xfffffffa
core   0: 0x80009a30 (0x75dda093) slti    ra, s11, 1885
core   0: 3 0x80009a30 (0x75dda093) x1  0x00000001
core   0: 0x80009a34 (0xffdf9ce3) bne     t6, t4, pc - 8
core   0: 3 0x80009a34 (0xffdf9ce3)
core   0: 0x80009a2c (0x00008e69) c.and   a2, a0
core   0: 3 0x80009a2c (0x8e69) x12 0x00000000
core   0: 0x80009a2e (0x00000f85) c.addi  t6, 1
core   0: 3 0x80009a2e (0x0f85) x31 0xfffffffb
core   0: 0x80009a30 (0x75dda093) slti    ra, s11, 1885
core   0: 3 0x80009a30 (0x75dda093) x1  0x00000001
core   0: 0x80009a34 (0xffdf9ce3) bne     t6, t4, pc - 8
core   0: 3 0x80009a34 (0xffdf9ce3)
core   0: 0x80009a2c (0x00008e69) c.and   a2, a0
core   0: 3 0x80009a2c (0x8e69) x12 0x00000000
core   0: 0x80009a2e (0x00000f85) c.addi  t6, 1
core   0: 3 0x80009a2e (0x0f85) x31 0xfffffffc
core   0: 0x80009a30 (0x75dda093) slti    ra, s11, 1885
core   0: 3 0x80009a30 (0x75dda093) x1  0x00000001
core   0: 0x80009a34 (0xffdf9ce3) bne     t6, t4, pc - 8
core   0: 3 0x80009a34 (0xffdf9ce3)
core   0: 0x80009a2c (0x00008e69) c.and   a2, a0
core   0: 3 0x80009a2c (0x8e69) x12 0x00000000
core   0: 0x80009a2e (0x00000f85) c.addi  t6, 1
core   0: 3 0x80009a2e (0x0f85) x31 0xfffffffd
core   0: 0x80009a30 (0x75dda093) slti    ra, s11, 1885
core   0: 3 0x80009a30 (0x75dda093) x1  0x00000001
core   0: 0x80009a34 (0xffdf9ce3) bne     t6, t4, pc - 8
core   0: 3 0x80009a34 (0xffdf9ce3)
core   0: 0x80009a2c (0x00008e69) c.and   a2, a0
core   0: 3 0x80009a2c (0x8e69) x12 0x00000000
core   0: 0x80009a2e (0x00000f85) c.addi  t6, 1
core   0: 3 0x80009a2e (0x0f85) x31 0xfffffffe
core   0: 0x80009a30 (0x75dda093) slti    ra, s11, 1885
core   0: 3 0x80009a30 (0x75dda093) x1  0x00000001
core   0: 0x80009a34 (0xffdf9ce3) bne     t6, t4, pc - 8
core   0: 3 0x80009a34 (0xffdf9ce3)
core   0: 0x80009a2c (0x00008e69) c.and   a2, a0
core   0: 3 0x80009a2c (0x8e69) x12 0x00000000
core   0: 0x80009a2e (0x00000f85) c.addi  t6, 1
core   0: 3 0x80009a2e (0x0f85) x31 0xffffffff
core   0: 0x80009a30 (0x75dda093) slti    ra, s11, 1885
core   0: 3 0x80009a30 (0x75dda093) x1  0x00000001
core   0: 0x80009a34 (0xffdf9ce3) bne     t6, t4, pc - 8
core   0: 3 0x80009a34 (0xffdf9ce3)
core   0: 0x80009a2c (0x00008e69) c.and   a2, a0
core   0: 3 0x80009a2c (0x8e69) x12 0x00000000
core   0: 0x80009a2e (0x00000f85) c.addi  t6, 1
core   0: 3 0x80009a2e (0x0f85) x31 0x00000000
core   0: 0x80009a30 (0x75dda093) slti    ra, s11, 1885
core   0: 3 0x80009a30 (0x75dda093) x1  0x00000001
core   0: 0x80009a34 (0xffdf9ce3) bne     t6, t4, pc - 8
core   0: 3 0x80009a34 (0xffdf9ce3)
core   0: 0x80009a2c (0x00008e69) c.and   a2, a0
core   0: 3 0x80009a2c (0x8e69) x12 0x00000000
core   0: 0x80009a2e (0x00000f85) c.addi  t6, 1
core   0: 3 0x80009a2e (0x0f85) x31 0x00000001
core   0: 0x80009a30 (0x75dda093) slti    ra, s11, 1885
core   0: 3 0x80009a30 (0x75dda093) x1  0x00000001
core   0: 0x80009a34 (0xffdf9ce3) bne     t6, t4, pc - 8
core   0: 3 0x80009a34 (0xffdf9ce3)
core   0: 0x80009a2c (0x00008e69) c.and   a2, a0
core   0: 3 0x80009a2c (0x8e69) x12 0x00000000
core   0: 0x80009a2e (0x00000f85) c.addi  t6, 1
core   0: 3 0x80009a2e (0x0f85) x31 0x00000002
core   0: 0x80009a30 (0x75dda093) slti    ra, s11, 1885
core   0: 3 0x80009a30 (0x75dda093) x1  0x00000001
core   0: 0x80009a34 (0xffdf9ce3) bne     t6, t4, pc - 8
core   0: 3 0x80009a34 (0xffdf9ce3)
core   0: 0x80009a2c (0x00008e69) c.and   a2, a0
core   0: 3 0x80009a2c (0x8e69) x12 0x00000000
core   0: 0x80009a2e (0x00000f85) c.addi  t6, 1
core   0: 3 0x80009a2e (0x0f85) x31 0x00000003
core   0: 0x80009a30 (0x75dda093) slti    ra, s11, 1885
core   0: 3 0x80009a30 (0x75dda093) x1  0x00000001
core   0: 0x80009a34 (0xffdf9ce3) bne     t6, t4, pc - 8
core   0: 3 0x80009a34 (0xffdf9ce3)
core   0: 0x80009a2c (0x00008e69) c.and   a2, a0
core   0: 3 0x80009a2c (0x8e69) x12 0x00000000
core   0: 0x80009a2e (0x00000f85) c.addi  t6, 1
core   0: 3 0x80009a2e (0x0f85) x31 0x00000004
core   0: 0x80009a30 (0x75dda093) slti    ra, s11, 1885
core   0: 3 0x80009a30 (0x75dda093) x1  0x00000001
core   0: 0x80009a34 (0xffdf9ce3) bne     t6, t4, pc - 8
core   0: 3 0x80009a34 (0xffdf9ce3)
core   0: 0x80009a2c (0x00008e69) c.and   a2, a0
core   0: 3 0x80009a2c (0x8e69) x12 0x00000000
core   0: 0x80009a2e (0x00000f85) c.addi  t6, 1
core   0: 3 0x80009a2e (0x0f85) x31 0x00000005
core   0: 0x80009a30 (0x75dda093) slti    ra, s11, 1885
core   0: 3 0x80009a30 (0x75dda093) x1  0x00000001
core   0: 0x80009a34 (0xffdf9ce3) bne     t6, t4, pc - 8
core   0: 3 0x80009a34 (0xffdf9ce3)
core   0: 0x80009a2c (0x00008e69) c.and   a2, a0
core   0: 3 0x80009a2c (0x8e69) x12 0x00000000
core   0: 0x80009a2e (0x00000f85) c.addi  t6, 1
core   0: 3 0x80009a2e (0x0f85) x31 0x00000006
core   0: 0x80009a30 (0x75dda093) slti    ra, s11, 1885
core   0: 3 0x80009a30 (0x75dda093) x1  0x00000001
core   0: 0x80009a34 (0xffdf9ce3) bne     t6, t4, pc - 8
core   0: 3 0x80009a34 (0xffdf9ce3)
core   0: 0x80009a2c (0x00008e69) c.and   a2, a0
core   0: 3 0x80009a2c (0x8e69) x12 0x00000000
core   0: 0x80009a2e (0x00000f85) c.addi  t6, 1
core   0: 3 0x80009a2e (0x0f85) x31 0x00000007
core   0: 0x80009a30 (0x75dda093) slti    ra, s11, 1885
core   0: 3 0x80009a30 (0x75dda093) x1  0x00000001
core   0: 0x80009a34 (0xffdf9ce3) bne     t6, t4, pc - 8
core   0: 3 0x80009a34 (0xffdf9ce3)
core   0: 0x80009a2c (0x00008e69) c.and   a2, a0
core   0: 3 0x80009a2c (0x8e69) x12 0x00000000
core   0: 0x80009a2e (0x00000f85) c.addi  t6, 1
core   0: 3 0x80009a2e (0x0f85) x31 0x00000008
core   0: 0x80009a30 (0x75dda093) slti    ra, s11, 1885
core   0: 3 0x80009a30 (0x75dda093) x1  0x00000001
core   0: 0x80009a34 (0xffdf9ce3) bne     t6, t4, pc - 8
core   0: 3 0x80009a34 (0xffdf9ce3)
core   0: 0x80009a38 (0xc839b113) sltiu   sp, s3, -893
core   0: 3 0x80009a38 (0xc839b113) x2  0x00000001
core   0: 0x80009a3c (0x02d587b3) mul     a5, a1, a3
core   0: 3 0x80009a3c (0x02d587b3) x15 0x00000000
core   0: 0x80009a40 (0x40d7d993) srai    s3, a5, 13
core   0: 3 0x80009a40 (0x40d7d993) x19 0x00000000
core   0: 0x80009a44 (0x006837b3) sltu    a5, a6, t1
core   0: 3 0x80009a44 (0x006837b3) x15 0x00000001
core   0: 0x80009a48 (0x01855393) srli    t2, a0, 24
core   0: 3 0x80009a48 (0x01855393) x7  0x00000000
core   0: 0x80009a4c (0xfc5453e3) bge     s0, t0, pc - 58
core   0: 3 0x80009a4c (0xfc5453e3)
core   0: 0x80009a12 (0x00008cd1) c.or    s1, a2
core   0: 3 0x80009a12 (0x8cd1) x9  0xffffffc8
core   0: 0x80009a14 (0x00001475) c.addi  s0, -3
core   0: 3 0x80009a14 (0x1475) x8  0xfffffff7
core   0: 0x80009a16 (0x5da3cb13) xori    s6, t2, 1498
core   0: 3 0x80009a16 (0x5da3cb13) x22 0x000005da
core   0: 0x80009a1a (0x00979533) sll     a0, a5, s1
core   0: 3 0x80009a1a (0x00979533) x10 0x00000100
core   0: 0x80009a1e (0x00005fe1) c.li    t6, -8
core   0: 3 0x80009a1e (0x5fe1) x31 0xfffffff8
core   0: 0x80009a20 (0x00009496) c.add   s1, t0
core   0: 3 0x80009a20 (0x9496) x9  0xffffffb9
core   0: 0x80009a22 (0x00004ea1) c.li    t4, 8
core   0: 3 0x80009a22 (0x4ea1) x29 0x00000008
core   0: 0x80009a24 (0x0334f233) remu    tp, s1, s3
core   0: 3 0x80009a24 (0x0334f233) x4  0xffffffb9
core   0: 0x80009a28 (0xb3670613) addi    a2, a4, -1226
core   0: 3 0x80009a28 (0xb3670613) x12 0x00004b35
core   0: 0x80009a2c (0x00008e69) c.and   a2, a0
core   0: 3 0x80009a2c (0x8e69) x12 0x00000100
core   0: 0x80009a2e (0x00000f85) c.addi  t6, 1
core   0: 3 0x80009a2e (0x0f85) x31 0xfffffff9
core   0: 0x80009a30 (0x75dda093) slti    ra, s11, 1885
core   0: 3 0x80009a30 (0x75dda093) x1  0x00000001
core   0: 0x80009a34 (0xffdf9ce3) bne     t6, t4, pc - 8
core   0: 3 0x80009a34 (0xffdf9ce3)
core   0: 0x80009a2c (0x00008e69) c.and   a2, a0
core   0: 3 0x80009a2c (0x8e69) x12 0x00000100
core   0: 0x80009a2e (0x00000f85) c.addi  t6, 1
core   0: 3 0x80009a2e (0x0f85) x31 0xfffffffa
core   0: 0x80009a30 (0x75dda093) slti    ra, s11, 1885
core   0: 3 0x80009a30 (0x75dda093) x1  0x00000001
core   0: 0x80009a34 (0xffdf9ce3) bne     t6, t4, pc - 8
core   0: 3 0x80009a34 (0xffdf9ce3)
core   0: 0x80009a2c (0x00008e69) c.and   a2, a0
core   0: 3 0x80009a2c (0x8e69) x12 0x00000100
core   0: 0x80009a2e (0x00000f85) c.addi  t6, 1
core   0: 3 0x80009a2e (0x0f85) x31 0xfffffffb
core   0: 0x80009a30 (0x75dda093) slti    ra, s11, 1885
core   0: 3 0x80009a30 (0x75dda093) x1  0x00000001
core   0: 0x80009a34 (0xffdf9ce3) bne     t6, t4, pc - 8
core   0: 3 0x80009a34 (0xffdf9ce3)
core   0: 0x80009a2c (0x00008e69) c.and   a2, a0
core   0: 3 0x80009a2c (0x8e69) x12 0x00000100
core   0: 0x80009a2e (0x00000f85) c.addi  t6, 1
core   0: 3 0x80009a2e (0x0f85) x31 0xfffffffc
core   0: 0x80009a30 (0x75dda093) slti    ra, s11, 1885
core   0: 3 0x80009a30 (0x75dda093) x1  0x00000001
core   0: 0x80009a34 (0xffdf9ce3) bne     t6, t4, pc - 8
core   0: 3 0x80009a34 (0xffdf9ce3)
core   0: 0x80009a2c (0x00008e69) c.and   a2, a0
core   0: 3 0x80009a2c (0x8e69) x12 0x00000100
core   0: 0x80009a2e (0x00000f85) c.addi  t6, 1
core   0: 3 0x80009a2e (0x0f85) x31 0xfffffffd
core   0: 0x80009a30 (0x75dda093) slti    ra, s11, 1885
core   0: 3 0x80009a30 (0x75dda093) x1  0x00000001
core   0: 0x80009a34 (0xffdf9ce3) bne     t6, t4, pc - 8
core   0: 3 0x80009a34 (0xffdf9ce3)
core   0: 0x80009a2c (0x00008e69) c.and   a2, a0
core   0: 3 0x80009a2c (0x8e69) x12 0x00000100
core   0: 0x80009a2e (0x00000f85) c.addi  t6, 1
core   0: 3 0x80009a2e (0x0f85) x31 0xfffffffe
core   0: 0x80009a30 (0x75dda093) slti    ra, s11, 1885
core   0: 3 0x80009a30 (0x75dda093) x1  0x00000001
core   0: 0x80009a34 (0xffdf9ce3) bne     t6, t4, pc - 8
core   0: 3 0x80009a34 (0xffdf9ce3)
core   0: 0x80009a2c (0x00008e69) c.and   a2, a0
core   0: 3 0x80009a2c (0x8e69) x12 0x00000100
core   0: 0x80009a2e (0x00000f85) c.addi  t6, 1
core   0: 3 0x80009a2e (0x0f85) x31 0xffffffff
core   0: 0x80009a30 (0x75dda093) slti    ra, s11, 1885
core   0: 3 0x80009a30 (0x75dda093) x1  0x00000001
core   0: 0x80009a34 (0xffdf9ce3) bne     t6, t4, pc - 8
core   0: 3 0x80009a34 (0xffdf9ce3)
core   0: 0x80009a2c (0x00008e69) c.and   a2, a0
core   0: 3 0x80009a2c (0x8e69) x12 0x00000100
core   0: 0x80009a2e (0x00000f85) c.addi  t6, 1
core   0: 3 0x80009a2e (0x0f85) x31 0x00000000
core   0: 0x80009a30 (0x75dda093) slti    ra, s11, 1885
core   0: 3 0x80009a30 (0x75dda093) x1  0x00000001
core   0: 0x80009a34 (0xffdf9ce3) bne     t6, t4, pc - 8
core   0: 3 0x80009a34 (0xffdf9ce3)
core   0: 0x80009a2c (0x00008e69) c.and   a2, a0
core   0: 3 0x80009a2c (0x8e69) x12 0x00000100
core   0: 0x80009a2e (0x00000f85) c.addi  t6, 1
core   0: 3 0x80009a2e (0x0f85) x31 0x00000001
core   0: 0x80009a30 (0x75dda093) slti    ra, s11, 1885
core   0: 3 0x80009a30 (0x75dda093) x1  0x00000001
core   0: 0x80009a34 (0xffdf9ce3) bne     t6, t4, pc - 8
core   0: 3 0x80009a34 (0xffdf9ce3)
core   0: 0x80009a2c (0x00008e69) c.and   a2, a0
core   0: 3 0x80009a2c (0x8e69) x12 0x00000100
core   0: 0x80009a2e (0x00000f85) c.addi  t6, 1
core   0: 3 0x80009a2e (0x0f85) x31 0x00000002
core   0: 0x80009a30 (0x75dda093) slti    ra, s11, 1885
core   0: 3 0x80009a30 (0x75dda093) x1  0x00000001
core   0: 0x80009a34 (0xffdf9ce3) bne     t6, t4, pc - 8
core   0: 3 0x80009a34 (0xffdf9ce3)
core   0: 0x80009a2c (0x00008e69) c.and   a2, a0
core   0: 3 0x80009a2c (0x8e69) x12 0x00000100
core   0: 0x80009a2e (0x00000f85) c.addi  t6, 1
core   0: 3 0x80009a2e (0x0f85) x31 0x00000003
core   0: 0x80009a30 (0x75dda093) slti    ra, s11, 1885
core   0: 3 0x80009a30 (0x75dda093) x1  0x00000001
core   0: 0x80009a34 (0xffdf9ce3) bne     t6, t4, pc - 8
core   0: 3 0x80009a34 (0xffdf9ce3)
core   0: 0x80009a2c (0x00008e69) c.and   a2, a0
core   0: 3 0x80009a2c (0x8e69) x12 0x00000100
core   0: 0x80009a2e (0x00000f85) c.addi  t6, 1
core   0: 3 0x80009a2e (0x0f85) x31 0x00000004
core   0: 0x80009a30 (0x75dda093) slti    ra, s11, 1885
core   0: 3 0x80009a30 (0x75dda093) x1  0x00000001
core   0: 0x80009a34 (0xffdf9ce3) bne     t6, t4, pc - 8
core   0: 3 0x80009a34 (0xffdf9ce3)
core   0: 0x80009a2c (0x00008e69) c.and   a2, a0
core   0: 3 0x80009a2c (0x8e69) x12 0x00000100
core   0: 0x80009a2e (0x00000f85) c.addi  t6, 1
core   0: 3 0x80009a2e (0x0f85) x31 0x00000005
core   0: 0x80009a30 (0x75dda093) slti    ra, s11, 1885
core   0: 3 0x80009a30 (0x75dda093) x1  0x00000001
core   0: 0x80009a34 (0xffdf9ce3) bne     t6, t4, pc - 8
core   0: 3 0x80009a34 (0xffdf9ce3)
core   0: 0x80009a2c (0x00008e69) c.and   a2, a0
core   0: 3 0x80009a2c (0x8e69) x12 0x00000100
core   0: 0x80009a2e (0x00000f85) c.addi  t6, 1
core   0: 3 0x80009a2e (0x0f85) x31 0x00000006
core   0: 0x80009a30 (0x75dda093) slti    ra, s11, 1885
core   0: 3 0x80009a30 (0x75dda093) x1  0x00000001
core   0: 0x80009a34 (0xffdf9ce3) bne     t6, t4, pc - 8
core   0: 3 0x80009a34 (0xffdf9ce3)
core   0: 0x80009a2c (0x00008e69) c.and   a2, a0
core   0: 3 0x80009a2c (0x8e69) x12 0x00000100
core   0: 0x80009a2e (0x00000f85) c.addi  t6, 1
core   0: 3 0x80009a2e (0x0f85) x31 0x00000007
core   0: 0x80009a30 (0x75dda093) slti    ra, s11, 1885
core   0: 3 0x80009a30 (0x75dda093) x1  0x00000001
core   0: 0x80009a34 (0xffdf9ce3) bne     t6, t4, pc - 8
core   0: 3 0x80009a34 (0xffdf9ce3)
core   0: 0x80009a2c (0x00008e69) c.and   a2, a0
core   0: 3 0x80009a2c (0x8e69) x12 0x00000100
core   0: 0x80009a2e (0x00000f85) c.addi  t6, 1
core   0: 3 0x80009a2e (0x0f85) x31 0x00000008
core   0: 0x80009a30 (0x75dda093) slti    ra, s11, 1885
core   0: 3 0x80009a30 (0x75dda093) x1  0x00000001
core   0: 0x80009a34 (0xffdf9ce3) bne     t6, t4, pc - 8
core   0: 3 0x80009a34 (0xffdf9ce3)
core   0: 0x80009a38 (0xc839b113) sltiu   sp, s3, -893
core   0: 3 0x80009a38 (0xc839b113) x2  0x00000001
core   0: 0x80009a3c (0x02d587b3) mul     a5, a1, a3
core   0: 3 0x80009a3c (0x02d587b3) x15 0x00000000
core   0: 0x80009a40 (0x40d7d993) srai    s3, a5, 13
core   0: 3 0x80009a40 (0x40d7d993) x19 0x00000000
core   0: 0x80009a44 (0x006837b3) sltu    a5, a6, t1
core   0: 3 0x80009a44 (0x006837b3) x15 0x00000001
core   0: 0x80009a48 (0x01855393) srli    t2, a0, 24
core   0: 3 0x80009a48 (0x01855393) x7  0x00000000
core   0: 0x80009a4c (0xfc5453e3) bge     s0, t0, pc - 58
core   0: 3 0x80009a4c (0xfc5453e3)
core   0: 0x80009a12 (0x00008cd1) c.or    s1, a2
core   0: 3 0x80009a12 (0x8cd1) x9  0xffffffb9
core   0: 0x80009a14 (0x00001475) c.addi  s0, -3
core   0: 3 0x80009a14 (0x1475) x8  0xfffffff4
core   0: 0x80009a16 (0x5da3cb13) xori    s6, t2, 1498
core   0: 3 0x80009a16 (0x5da3cb13) x22 0x000005da
core   0: 0x80009a1a (0x00979533) sll     a0, a5, s1
core   0: 3 0x80009a1a (0x00979533) x10 0x02000000
core   0: 0x80009a1e (0x00005fe1) c.li    t6, -8
core   0: 3 0x80009a1e (0x5fe1) x31 0xfffffff8
core   0: 0x80009a20 (0x00009496) c.add   s1, t0
core   0: 3 0x80009a20 (0x9496) x9  0xffffffaa
core   0: 0x80009a22 (0x00004ea1) c.li    t4, 8
core   0: 3 0x80009a22 (0x4ea1) x29 0x00000008
core   0: 0x80009a24 (0x0334f233) remu    tp, s1, s3
core   0: 3 0x80009a24 (0x0334f233) x4  0xffffffaa
core   0: 0x80009a28 (0xb3670613) addi    a2, a4, -1226
core   0: 3 0x80009a28 (0xb3670613) x12 0x00004b35
core   0: 0x80009a2c (0x00008e69) c.and   a2, a0
core   0: 3 0x80009a2c (0x8e69) x12 0x00000000
core   0: 0x80009a2e (0x00000f85) c.addi  t6, 1
core   0: 3 0x80009a2e (0x0f85) x31 0xfffffff9
core   0: 0x80009a30 (0x75dda093) slti    ra, s11, 1885
core   0: 3 0x80009a30 (0x75dda093) x1  0x00000001
core   0: 0x80009a34 (0xffdf9ce3) bne     t6, t4, pc - 8
core   0: 3 0x80009a34 (0xffdf9ce3)
core   0: 0x80009a2c (0x00008e69) c.and   a2, a0
core   0: 3 0x80009a2c (0x8e69) x12 0x00000000
core   0: 0x80009a2e (0x00000f85) c.addi  t6, 1
core   0: 3 0x80009a2e (0x0f85) x31 0xfffffffa
core   0: 0x80009a30 (0x75dda093) slti    ra, s11, 1885
core   0: 3 0x80009a30 (0x75dda093) x1  0x00000001
core   0: 0x80009a34 (0xffdf9ce3) bne     t6, t4, pc - 8
core   0: 3 0x80009a34 (0xffdf9ce3)
core   0: 0x80009a2c (0x00008e69) c.and   a2, a0
core   0: 3 0x80009a2c (0x8e69) x12 0x00000000
core   0: 0x80009a2e (0x00000f85) c.addi  t6, 1
core   0: 3 0x80009a2e (0x0f85) x31 0xfffffffb
core   0: 0x80009a30 (0x75dda093) slti    ra, s11, 1885
core   0: 3 0x80009a30 (0x75dda093) x1  0x00000001
core   0: 0x80009a34 (0xffdf9ce3) bne     t6, t4, pc - 8
core   0: 3 0x80009a34 (0xffdf9ce3)
core   0: 0x80009a2c (0x00008e69) c.and   a2, a0
core   0: 3 0x80009a2c (0x8e69) x12 0x00000000
core   0: 0x80009a2e (0x00000f85) c.addi  t6, 1
core   0: 3 0x80009a2e (0x0f85) x31 0xfffffffc
core   0: 0x80009a30 (0x75dda093) slti    ra, s11, 1885
core   0: 3 0x80009a30 (0x75dda093) x1  0x00000001
core   0: 0x80009a34 (0xffdf9ce3) bne     t6, t4, pc - 8
core   0: 3 0x80009a34 (0xffdf9ce3)
core   0: 0x80009a2c (0x00008e69) c.and   a2, a0
core   0: 3 0x80009a2c (0x8e69) x12 0x00000000
core   0: 0x80009a2e (0x00000f85) c.addi  t6, 1
core   0: 3 0x80009a2e (0x0f85) x31 0xfffffffd
core   0: 0x80009a30 (0x75dda093) slti    ra, s11, 1885
core   0: 3 0x80009a30 (0x75dda093) x1  0x00000001
core   0: 0x80009a34 (0xffdf9ce3) bne     t6, t4, pc - 8
core   0: 3 0x80009a34 (0xffdf9ce3)
core   0: 0x80009a2c (0x00008e69) c.and   a2, a0
core   0: 3 0x80009a2c (0x8e69) x12 0x00000000
core   0: 0x80009a2e (0x00000f85) c.addi  t6, 1
core   0: 3 0x80009a2e (0x0f85) x31 0xfffffffe
core   0: 0x80009a30 (0x75dda093) slti    ra, s11, 1885
core   0: 3 0x80009a30 (0x75dda093) x1  0x00000001
core   0: 0x80009a34 (0xffdf9ce3) bne     t6, t4, pc - 8
core   0: 3 0x80009a34 (0xffdf9ce3)
core   0: 0x80009a2c (0x00008e69) c.and   a2, a0
core   0: 3 0x80009a2c (0x8e69) x12 0x00000000
core   0: 0x80009a2e (0x00000f85) c.addi  t6, 1
core   0: 3 0x80009a2e (0x0f85) x31 0xffffffff
core   0: 0x80009a30 (0x75dda093) slti    ra, s11, 1885
core   0: 3 0x80009a30 (0x75dda093) x1  0x00000001
core   0: 0x80009a34 (0xffdf9ce3) bne     t6, t4, pc - 8
core   0: 3 0x80009a34 (0xffdf9ce3)
core   0: 0x80009a2c (0x00008e69) c.and   a2, a0
core   0: 3 0x80009a2c (0x8e69) x12 0x00000000
core   0: 0x80009a2e (0x00000f85) c.addi  t6, 1
core   0: 3 0x80009a2e (0x0f85) x31 0x00000000
core   0: 0x80009a30 (0x75dda093) slti    ra, s11, 1885
core   0: 3 0x80009a30 (0x75dda093) x1  0x00000001
core   0: 0x80009a34 (0xffdf9ce3) bne     t6, t4, pc - 8
core   0: 3 0x80009a34 (0xffdf9ce3)
core   0: 0x80009a2c (0x00008e69) c.and   a2, a0
core   0: 3 0x80009a2c (0x8e69) x12 0x00000000
core   0: 0x80009a2e (0x00000f85) c.addi  t6, 1
core   0: 3 0x80009a2e (0x0f85) x31 0x00000001
core   0: 0x80009a30 (0x75dda093) slti    ra, s11, 1885
core   0: 3 0x80009a30 (0x75dda093) x1  0x00000001
core   0: 0x80009a34 (0xffdf9ce3) bne     t6, t4, pc - 8
core   0: 3 0x80009a34 (0xffdf9ce3)
core   0: 0x80009a2c (0x00008e69) c.and   a2, a0
core   0: 3 0x80009a2c (0x8e69) x12 0x00000000
core   0: 0x80009a2e (0x00000f85) c.addi  t6, 1
core   0: 3 0x80009a2e (0x0f85) x31 0x00000002
core   0: 0x80009a30 (0x75dda093) slti    ra, s11, 1885
core   0: 3 0x80009a30 (0x75dda093) x1  0x00000001
core   0: 0x80009a34 (0xffdf9ce3) bne     t6, t4, pc - 8
core   0: 3 0x80009a34 (0xffdf9ce3)
core   0: 0x80009a2c (0x00008e69) c.and   a2, a0
core   0: 3 0x80009a2c (0x8e69) x12 0x00000000
core   0: 0x80009a2e (0x00000f85) c.addi  t6, 1
core   0: 3 0x80009a2e (0x0f85) x31 0x00000003
core   0: 0x80009a30 (0x75dda093) slti    ra, s11, 1885
core   0: 3 0x80009a30 (0x75dda093) x1  0x00000001
core   0: 0x80009a34 (0xffdf9ce3) bne     t6, t4, pc - 8
core   0: 3 0x80009a34 (0xffdf9ce3)
core   0: 0x80009a2c (0x00008e69) c.and   a2, a0
core   0: 3 0x80009a2c (0x8e69) x12 0x00000000
core   0: 0x80009a2e (0x00000f85) c.addi  t6, 1
core   0: 3 0x80009a2e (0x0f85) x31 0x00000004
core   0: 0x80009a30 (0x75dda093) slti    ra, s11, 1885
core   0: 3 0x80009a30 (0x75dda093) x1  0x00000001
core   0: 0x80009a34 (0xffdf9ce3) bne     t6, t4, pc - 8
core   0: 3 0x80009a34 (0xffdf9ce3)
core   0: 0x80009a2c (0x00008e69) c.and   a2, a0
core   0: 3 0x80009a2c (0x8e69) x12 0x00000000
core   0: 0x80009a2e (0x00000f85) c.addi  t6, 1
core   0: 3 0x80009a2e (0x0f85) x31 0x00000005
core   0: 0x80009a30 (0x75dda093) slti    ra, s11, 1885
core   0: 3 0x80009a30 (0x75dda093) x1  0x00000001
core   0: 0x80009a34 (0xffdf9ce3) bne     t6, t4, pc - 8
core   0: 3 0x80009a34 (0xffdf9ce3)
core   0: 0x80009a2c (0x00008e69) c.and   a2, a0
core   0: 3 0x80009a2c (0x8e69) x12 0x00000000
core   0: 0x80009a2e (0x00000f85) c.addi  t6, 1
core   0: 3 0x80009a2e (0x0f85) x31 0x00000006
core   0: 0x80009a30 (0x75dda093) slti    ra, s11, 1885
core   0: 3 0x80009a30 (0x75dda093) x1  0x00000001
core   0: 0x80009a34 (0xffdf9ce3) bne     t6, t4, pc - 8
core   0: 3 0x80009a34 (0xffdf9ce3)
core   0: 0x80009a2c (0x00008e69) c.and   a2, a0
core   0: 3 0x80009a2c (0x8e69) x12 0x00000000
core   0: 0x80009a2e (0x00000f85) c.addi  t6, 1
core   0: 3 0x80009a2e (0x0f85) x31 0x00000007
core   0: 0x80009a30 (0x75dda093) slti    ra, s11, 1885
core   0: 3 0x80009a30 (0x75dda093) x1  0x00000001
core   0: 0x80009a34 (0xffdf9ce3) bne     t6, t4, pc - 8
core   0: 3 0x80009a34 (0xffdf9ce3)
core   0: 0x80009a2c (0x00008e69) c.and   a2, a0
core   0: 3 0x80009a2c (0x8e69) x12 0x00000000
core   0: 0x80009a2e (0x00000f85) c.addi  t6, 1
core   0: 3 0x80009a2e (0x0f85) x31 0x00000008
core   0: 0x80009a30 (0x75dda093) slti    ra, s11, 1885
core   0: 3 0x80009a30 (0x75dda093) x1  0x00000001
core   0: 0x80009a34 (0xffdf9ce3) bne     t6, t4, pc - 8
core   0: 3 0x80009a34 (0xffdf9ce3)
core   0: 0x80009a38 (0xc839b113) sltiu   sp, s3, -893
core   0: 3 0x80009a38 (0xc839b113) x2  0x00000001
core   0: 0x80009a3c (0x02d587b3) mul     a5, a1, a3
core   0: 3 0x80009a3c (0x02d587b3) x15 0x00000000
core   0: 0x80009a40 (0x40d7d993) srai    s3, a5, 13
core   0: 3 0x80009a40 (0x40d7d993) x19 0x00000000
core   0: 0x80009a44 (0x006837b3) sltu    a5, a6, t1
core   0: 3 0x80009a44 (0x006837b3) x15 0x00000001
core   0: 0x80009a48 (0x01855393) srli    t2, a0, 24
core   0: 3 0x80009a48 (0x01855393) x7  0x00000002
core   0: 0x80009a4c (0xfc5453e3) bge     s0, t0, pc - 58
core   0: 3 0x80009a4c (0xfc5453e3)
core   0: 0x80009a12 (0x00008cd1) c.or    s1, a2
core   0: 3 0x80009a12 (0x8cd1) x9  0xffffffaa
core   0: 0x80009a14 (0x00001475) c.addi  s0, -3
core   0: 3 0x80009a14 (0x1475) x8  0xfffffff1
core   0: 0x80009a16 (0x5da3cb13) xori    s6, t2, 1498
core   0: 3 0x80009a16 (0x5da3cb13) x22 0x000005d8
core   0: 0x80009a1a (0x00979533) sll     a0, a5, s1
core   0: 3 0x80009a1a (0x00979533) x10 0x00000400
core   0: 0x80009a1e (0x00005fe1) c.li    t6, -8
core   0: 3 0x80009a1e (0x5fe1) x31 0xfffffff8
core   0: 0x80009a20 (0x00009496) c.add   s1, t0
core   0: 3 0x80009a20 (0x9496) x9  0xffffff9b
core   0: 0x80009a22 (0x00004ea1) c.li    t4, 8
core   0: 3 0x80009a22 (0x4ea1) x29 0x00000008
core   0: 0x80009a24 (0x0334f233) remu    tp, s1, s3
core   0: 3 0x80009a24 (0x0334f233) x4  0xffffff9b
core   0: 0x80009a28 (0xb3670613) addi    a2, a4, -1226
core   0: 3 0x80009a28 (0xb3670613) x12 0x00004b35
core   0: 0x80009a2c (0x00008e69) c.and   a2, a0
core   0: 3 0x80009a2c (0x8e69) x12 0x00000000
core   0: 0x80009a2e (0x00000f85) c.addi  t6, 1
core   0: 3 0x80009a2e (0x0f85) x31 0xfffffff9
core   0: 0x80009a30 (0x75dda093) slti    ra, s11, 1885
core   0: 3 0x80009a30 (0x75dda093) x1  0x00000001
core   0: 0x80009a34 (0xffdf9ce3) bne     t6, t4, pc - 8
core   0: 3 0x80009a34 (0xffdf9ce3)
core   0: 0x80009a2c (0x00008e69) c.and   a2, a0
core   0: 3 0x80009a2c (0x8e69) x12 0x00000000
core   0: 0x80009a2e (0x00000f85) c.addi  t6, 1
core   0: 3 0x80009a2e (0x0f85) x31 0xfffffffa
core   0: 0x80009a30 (0x75dda093) slti    ra, s11, 1885
core   0: 3 0x80009a30 (0x75dda093) x1  0x00000001
core   0: 0x80009a34 (0xffdf9ce3) bne     t6, t4, pc - 8
core   0: 3 0x80009a34 (0xffdf9ce3)
core   0: 0x80009a2c (0x00008e69) c.and   a2, a0
core   0: 3 0x80009a2c (0x8e69) x12 0x00000000
core   0: 0x80009a2e (0x00000f85) c.addi  t6, 1
core   0: 3 0x80009a2e (0x0f85) x31 0xfffffffb
core   0: 0x80009a30 (0x75dda093) slti    ra, s11, 1885
core   0: 3 0x80009a30 (0x75dda093) x1  0x00000001
core   0: 0x80009a34 (0xffdf9ce3) bne     t6, t4, pc - 8
core   0: 3 0x80009a34 (0xffdf9ce3)
core   0: 0x80009a2c (0x00008e69) c.and   a2, a0
core   0: 3 0x80009a2c (0x8e69) x12 0x00000000
core   0: 0x80009a2e (0x00000f85) c.addi  t6, 1
core   0: 3 0x80009a2e (0x0f85) x31 0xfffffffc
core   0: 0x80009a30 (0x75dda093) slti    ra, s11, 1885
core   0: 3 0x80009a30 (0x75dda093) x1  0x00000001
core   0: 0x80009a34 (0xffdf9ce3) bne     t6, t4, pc - 8
core   0: 3 0x80009a34 (0xffdf9ce3)
core   0: 0x80009a2c (0x00008e69) c.and   a2, a0
core   0: 3 0x80009a2c (0x8e69) x12 0x00000000
core   0: 0x80009a2e (0x00000f85) c.addi  t6, 1
core   0: 3 0x80009a2e (0x0f85) x31 0xfffffffd
core   0: 0x80009a30 (0x75dda093) slti    ra, s11, 1885
core   0: 3 0x80009a30 (0x75dda093) x1  0x00000001
core   0: 0x80009a34 (0xffdf9ce3) bne     t6, t4, pc - 8
core   0: 3 0x80009a34 (0xffdf9ce3)
core   0: 0x80009a2c (0x00008e69) c.and   a2, a0
core   0: 3 0x80009a2c (0x8e69) x12 0x00000000
core   0: 0x80009a2e (0x00000f85) c.addi  t6, 1
core   0: 3 0x80009a2e (0x0f85) x31 0xfffffffe
core   0: 0x80009a30 (0x75dda093) slti    ra, s11, 1885
core   0: 3 0x80009a30 (0x75dda093) x1  0x00000001
core   0: 0x80009a34 (0xffdf9ce3) bne     t6, t4, pc - 8
core   0: 3 0x80009a34 (0xffdf9ce3)
core   0: 0x80009a2c (0x00008e69) c.and   a2, a0
core   0: 3 0x80009a2c (0x8e69) x12 0x00000000
core   0: 0x80009a2e (0x00000f85) c.addi  t6, 1
core   0: 3 0x80009a2e (0x0f85) x31 0xffffffff
core   0: 0x80009a30 (0x75dda093) slti    ra, s11, 1885
core   0: 3 0x80009a30 (0x75dda093) x1  0x00000001
core   0: 0x80009a34 (0xffdf9ce3) bne     t6, t4, pc - 8
core   0: 3 0x80009a34 (0xffdf9ce3)
core   0: 0x80009a2c (0x00008e69) c.and   a2, a0
core   0: 3 0x80009a2c (0x8e69) x12 0x00000000
core   0: 0x80009a2e (0x00000f85) c.addi  t6, 1
core   0: 3 0x80009a2e (0x0f85) x31 0x00000000
core   0: 0x80009a30 (0x75dda093) slti    ra, s11, 1885
core   0: 3 0x80009a30 (0x75dda093) x1  0x00000001
core   0: 0x80009a34 (0xffdf9ce3) bne     t6, t4, pc - 8
core   0: 3 0x80009a34 (0xffdf9ce3)
core   0: 0x80009a2c (0x00008e69) c.and   a2, a0
core   0: 3 0x80009a2c (0x8e69) x12 0x00000000
core   0: 0x80009a2e (0x00000f85) c.addi  t6, 1
core   0: 3 0x80009a2e (0x0f85) x31 0x00000001
core   0: 0x80009a30 (0x75dda093) slti    ra, s11, 1885
core   0: 3 0x80009a30 (0x75dda093) x1  0x00000001
core   0: 0x80009a34 (0xffdf9ce3) bne     t6, t4, pc - 8
core   0: 3 0x80009a34 (0xffdf9ce3)
core   0: 0x80009a2c (0x00008e69) c.and   a2, a0
core   0: 3 0x80009a2c (0x8e69) x12 0x00000000
core   0: 0x80009a2e (0x00000f85) c.addi  t6, 1
core   0: 3 0x80009a2e (0x0f85) x31 0x00000002
core   0: 0x80009a30 (0x75dda093) slti    ra, s11, 1885
core   0: 3 0x80009a30 (0x75dda093) x1  0x00000001
core   0: 0x80009a34 (0xffdf9ce3) bne     t6, t4, pc - 8
core   0: 3 0x80009a34 (0xffdf9ce3)
core   0: 0x80009a2c (0x00008e69) c.and   a2, a0
core   0: 3 0x80009a2c (0x8e69) x12 0x00000000
core   0: 0x80009a2e (0x00000f85) c.addi  t6, 1
core   0: 3 0x80009a2e (0x0f85) x31 0x00000003
core   0: 0x80009a30 (0x75dda093) slti    ra, s11, 1885
core   0: 3 0x80009a30 (0x75dda093) x1  0x00000001
core   0: 0x80009a34 (0xffdf9ce3) bne     t6, t4, pc - 8
core   0: 3 0x80009a34 (0xffdf9ce3)
core   0: 0x80009a2c (0x00008e69) c.and   a2, a0
core   0: 3 0x80009a2c (0x8e69) x12 0x00000000
core   0: 0x80009a2e (0x00000f85) c.addi  t6, 1
core   0: 3 0x80009a2e (0x0f85) x31 0x00000004
core   0: 0x80009a30 (0x75dda093) slti    ra, s11, 1885
core   0: 3 0x80009a30 (0x75dda093) x1  0x00000001
core   0: 0x80009a34 (0xffdf9ce3) bne     t6, t4, pc - 8
core   0: 3 0x80009a34 (0xffdf9ce3)
core   0: 0x80009a2c (0x00008e69) c.and   a2, a0
core   0: 3 0x80009a2c (0x8e69) x12 0x00000000
core   0: 0x80009a2e (0x00000f85) c.addi  t6, 1
core   0: 3 0x80009a2e (0x0f85) x31 0x00000005
core   0: 0x80009a30 (0x75dda093) slti    ra, s11, 1885
core   0: 3 0x80009a30 (0x75dda093) x1  0x00000001
core   0: 0x80009a34 (0xffdf9ce3) bne     t6, t4, pc - 8
core   0: 3 0x80009a34 (0xffdf9ce3)
core   0: 0x80009a2c (0x00008e69) c.and   a2, a0
core   0: 3 0x80009a2c (0x8e69) x12 0x00000000
core   0: 0x80009a2e (0x00000f85) c.addi  t6, 1
core   0: 3 0x80009a2e (0x0f85) x31 0x00000006
core   0: 0x80009a30 (0x75dda093) slti    ra, s11, 1885
core   0: 3 0x80009a30 (0x75dda093) x1  0x00000001
core   0: 0x80009a34 (0xffdf9ce3) bne     t6, t4, pc - 8
core   0: 3 0x80009a34 (0xffdf9ce3)
core   0: 0x80009a2c (0x00008e69) c.and   a2, a0
core   0: 3 0x80009a2c (0x8e69) x12 0x00000000
core   0: 0x80009a2e (0x00000f85) c.addi  t6, 1
core   0: 3 0x80009a2e (0x0f85) x31 0x00000007
core   0: 0x80009a30 (0x75dda093) slti    ra, s11, 1885
core   0: 3 0x80009a30 (0x75dda093) x1  0x00000001
core   0: 0x80009a34 (0xffdf9ce3) bne     t6, t4, pc - 8
core   0: 3 0x80009a34 (0xffdf9ce3)
core   0: 0x80009a2c (0x00008e69) c.and   a2, a0
core   0: 3 0x80009a2c (0x8e69) x12 0x00000000
core   0: 0x80009a2e (0x00000f85) c.addi  t6, 1
core   0: 3 0x80009a2e (0x0f85) x31 0x00000008
core   0: 0x80009a30 (0x75dda093) slti    ra, s11, 1885
core   0: 3 0x80009a30 (0x75dda093) x1  0x00000001
core   0: 0x80009a34 (0xffdf9ce3) bne     t6, t4, pc - 8
core   0: 3 0x80009a34 (0xffdf9ce3)
core   0: 0x80009a38 (0xc839b113) sltiu   sp, s3, -893
core   0: 3 0x80009a38 (0xc839b113) x2  0x00000001
core   0: 0x80009a3c (0x02d587b3) mul     a5, a1, a3
core   0: 3 0x80009a3c (0x02d587b3) x15 0x00000000
core   0: 0x80009a40 (0x40d7d993) srai    s3, a5, 13
core   0: 3 0x80009a40 (0x40d7d993) x19 0x00000000
core   0: 0x80009a44 (0x006837b3) sltu    a5, a6, t1
core   0: 3 0x80009a44 (0x006837b3) x15 0x00000001
core   0: 0x80009a48 (0x01855393) srli    t2, a0, 24
core   0: 3 0x80009a48 (0x01855393) x7  0x00000000
core   0: 0x80009a4c (0xfc5453e3) bge     s0, t0, pc - 58
core   0: 3 0x80009a4c (0xfc5453e3)
core   0: 0x80009a12 (0x00008cd1) c.or    s1, a2
core   0: 3 0x80009a12 (0x8cd1) x9  0xffffff9b
core   0: 0x80009a14 (0x00001475) c.addi  s0, -3
core   0: 3 0x80009a14 (0x1475) x8  0xffffffee
core   0: 0x80009a16 (0x5da3cb13) xori    s6, t2, 1498
core   0: 3 0x80009a16 (0x5da3cb13) x22 0x000005da
core   0: 0x80009a1a (0x00979533) sll     a0, a5, s1
core   0: 3 0x80009a1a (0x00979533) x10 0x08000000
core   0: 0x80009a1e (0x00005fe1) c.li    t6, -8
core   0: 3 0x80009a1e (0x5fe1) x31 0xfffffff8
core   0: 0x80009a20 (0x00009496) c.add   s1, t0
core   0: 3 0x80009a20 (0x9496) x9  0xffffff8c
core   0: 0x80009a22 (0x00004ea1) c.li    t4, 8
core   0: 3 0x80009a22 (0x4ea1) x29 0x00000008
core   0: 0x80009a24 (0x0334f233) remu    tp, s1, s3
core   0: 3 0x80009a24 (0x0334f233) x4  0xffffff8c
core   0: 0x80009a28 (0xb3670613) addi    a2, a4, -1226
core   0: 3 0x80009a28 (0xb3670613) x12 0x00004b35
core   0: 0x80009a2c (0x00008e69) c.and   a2, a0
core   0: 3 0x80009a2c (0x8e69) x12 0x00000000
core   0: 0x80009a2e (0x00000f85) c.addi  t6, 1
core   0: 3 0x80009a2e (0x0f85) x31 0xfffffff9
core   0: 0x80009a30 (0x75dda093) slti    ra, s11, 1885
core   0: 3 0x80009a30 (0x75dda093) x1  0x00000001
core   0: 0x80009a34 (0xffdf9ce3) bne     t6, t4, pc - 8
core   0: 3 0x80009a34 (0xffdf9ce3)
core   0: 0x80009a2c (0x00008e69) c.and   a2, a0
core   0: 3 0x80009a2c (0x8e69) x12 0x00000000
core   0: 0x80009a2e (0x00000f85) c.addi  t6, 1
core   0: 3 0x80009a2e (0x0f85) x31 0xfffffffa
core   0: 0x80009a30 (0x75dda093) slti    ra, s11, 1885
core   0: 3 0x80009a30 (0x75dda093) x1  0x00000001
core   0: 0x80009a34 (0xffdf9ce3) bne     t6, t4, pc - 8
core   0: 3 0x80009a34 (0xffdf9ce3)
core   0: 0x80009a2c (0x00008e69) c.and   a2, a0
core   0: 3 0x80009a2c (0x8e69) x12 0x00000000
core   0: 0x80009a2e (0x00000f85) c.addi  t6, 1
core   0: 3 0x80009a2e (0x0f85) x31 0xfffffffb
core   0: 0x80009a30 (0x75dda093) slti    ra, s11, 1885
core   0: 3 0x80009a30 (0x75dda093) x1  0x00000001
core   0: 0x80009a34 (0xffdf9ce3) bne     t6, t4, pc - 8
core   0: 3 0x80009a34 (0xffdf9ce3)
core   0: 0x80009a2c (0x00008e69) c.and   a2, a0
core   0: 3 0x80009a2c (0x8e69) x12 0x00000000
core   0: 0x80009a2e (0x00000f85) c.addi  t6, 1
core   0: 3 0x80009a2e (0x0f85) x31 0xfffffffc
core   0: 0x80009a30 (0x75dda093) slti    ra, s11, 1885
core   0: 3 0x80009a30 (0x75dda093) x1  0x00000001
core   0: 0x80009a34 (0xffdf9ce3) bne     t6, t4, pc - 8
core   0: 3 0x80009a34 (0xffdf9ce3)
core   0: 0x80009a2c (0x00008e69) c.and   a2, a0
core   0: 3 0x80009a2c (0x8e69) x12 0x00000000
core   0: 0x80009a2e (0x00000f85) c.addi  t6, 1
core   0: 3 0x80009a2e (0x0f85) x31 0xfffffffd
core   0: 0x80009a30 (0x75dda093) slti    ra, s11, 1885
core   0: 3 0x80009a30 (0x75dda093) x1  0x00000001
core   0: 0x80009a34 (0xffdf9ce3) bne     t6, t4, pc - 8
core   0: 3 0x80009a34 (0xffdf9ce3)
core   0: 0x80009a2c (0x00008e69) c.and   a2, a0
core   0: 3 0x80009a2c (0x8e69) x12 0x00000000
core   0: 0x80009a2e (0x00000f85) c.addi  t6, 1
core   0: 3 0x80009a2e (0x0f85) x31 0xfffffffe
core   0: 0x80009a30 (0x75dda093) slti    ra, s11, 1885
core   0: 3 0x80009a30 (0x75dda093) x1  0x00000001
core   0: 0x80009a34 (0xffdf9ce3) bne     t6, t4, pc - 8
core   0: 3 0x80009a34 (0xffdf9ce3)
core   0: 0x80009a2c (0x00008e69) c.and   a2, a0
core   0: 3 0x80009a2c (0x8e69) x12 0x00000000
core   0: 0x80009a2e (0x00000f85) c.addi  t6, 1
core   0: 3 0x80009a2e (0x0f85) x31 0xffffffff
core   0: 0x80009a30 (0x75dda093) slti    ra, s11, 1885
core   0: 3 0x80009a30 (0x75dda093) x1  0x00000001
core   0: 0x80009a34 (0xffdf9ce3) bne     t6, t4, pc - 8
core   0: 3 0x80009a34 (0xffdf9ce3)
core   0: 0x80009a2c (0x00008e69) c.and   a2, a0
core   0: 3 0x80009a2c (0x8e69) x12 0x00000000
core   0: 0x80009a2e (0x00000f85) c.addi  t6, 1
core   0: 3 0x80009a2e (0x0f85) x31 0x00000000
core   0: 0x80009a30 (0x75dda093) slti    ra, s11, 1885
core   0: 3 0x80009a30 (0x75dda093) x1  0x00000001
core   0: 0x80009a34 (0xffdf9ce3) bne     t6, t4, pc - 8
core   0: 3 0x80009a34 (0xffdf9ce3)
core   0: 0x80009a2c (0x00008e69) c.and   a2, a0
core   0: 3 0x80009a2c (0x8e69) x12 0x00000000
core   0: 0x80009a2e (0x00000f85) c.addi  t6, 1
core   0: 3 0x80009a2e (0x0f85) x31 0x00000001
core   0: 0x80009a30 (0x75dda093) slti    ra, s11, 1885
core   0: 3 0x80009a30 (0x75dda093) x1  0x00000001
core   0: 0x80009a34 (0xffdf9ce3) bne     t6, t4, pc - 8
core   0: 3 0x80009a34 (0xffdf9ce3)
core   0: 0x80009a2c (0x00008e69) c.and   a2, a0
core   0: 3 0x80009a2c (0x8e69) x12 0x00000000
core   0: 0x80009a2e (0x00000f85) c.addi  t6, 1
core   0: 3 0x80009a2e (0x0f85) x31 0x00000002
core   0: 0x80009a30 (0x75dda093) slti    ra, s11, 1885
core   0: 3 0x80009a30 (0x75dda093) x1  0x00000001
core   0: 0x80009a34 (0xffdf9ce3) bne     t6, t4, pc - 8
core   0: 3 0x80009a34 (0xffdf9ce3)
core   0: 0x80009a2c (0x00008e69) c.and   a2, a0
core   0: 3 0x80009a2c (0x8e69) x12 0x00000000
core   0: 0x80009a2e (0x00000f85) c.addi  t6, 1
core   0: 3 0x80009a2e (0x0f85) x31 0x00000003
core   0: 0x80009a30 (0x75dda093) slti    ra, s11, 1885
core   0: 3 0x80009a30 (0x75dda093) x1  0x00000001
core   0: 0x80009a34 (0xffdf9ce3) bne     t6, t4, pc - 8
core   0: 3 0x80009a34 (0xffdf9ce3)
core   0: 0x80009a2c (0x00008e69) c.and   a2, a0
core   0: 3 0x80009a2c (0x8e69) x12 0x00000000
core   0: 0x80009a2e (0x00000f85) c.addi  t6, 1
core   0: 3 0x80009a2e (0x0f85) x31 0x00000004
core   0: 0x80009a30 (0x75dda093) slti    ra, s11, 1885
core   0: 3 0x80009a30 (0x75dda093) x1  0x00000001
core   0: 0x80009a34 (0xffdf9ce3) bne     t6, t4, pc - 8
core   0: 3 0x80009a34 (0xffdf9ce3)
core   0: 0x80009a2c (0x00008e69) c.and   a2, a0
core   0: 3 0x80009a2c (0x8e69) x12 0x00000000
core   0: 0x80009a2e (0x00000f85) c.addi  t6, 1
core   0: 3 0x80009a2e (0x0f85) x31 0x00000005
core   0: 0x80009a30 (0x75dda093) slti    ra, s11, 1885
core   0: 3 0x80009a30 (0x75dda093) x1  0x00000001
core   0: 0x80009a34 (0xffdf9ce3) bne     t6, t4, pc - 8
core   0: 3 0x80009a34 (0xffdf9ce3)
core   0: 0x80009a2c (0x00008e69) c.and   a2, a0
core   0: 3 0x80009a2c (0x8e69) x12 0x00000000
core   0: 0x80009a2e (0x00000f85) c.addi  t6, 1
core   0: 3 0x80009a2e (0x0f85) x31 0x00000006
core   0: 0x80009a30 (0x75dda093) slti    ra, s11, 1885
core   0: 3 0x80009a30 (0x75dda093) x1  0x00000001
core   0: 0x80009a34 (0xffdf9ce3) bne     t6, t4, pc - 8
core   0: 3 0x80009a34 (0xffdf9ce3)
core   0: 0x80009a2c (0x00008e69) c.and   a2, a0
core   0: 3 0x80009a2c (0x8e69) x12 0x00000000
core   0: 0x80009a2e (0x00000f85) c.addi  t6, 1
core   0: 3 0x80009a2e (0x0f85) x31 0x00000007
core   0: 0x80009a30 (0x75dda093) slti    ra, s11, 1885
core   0: 3 0x80009a30 (0x75dda093) x1  0x00000001
core   0: 0x80009a34 (0xffdf9ce3) bne     t6, t4, pc - 8
core   0: 3 0x80009a34 (0xffdf9ce3)
core   0: 0x80009a2c (0x00008e69) c.and   a2, a0
core   0: 3 0x80009a2c (0x8e69) x12 0x00000000
core   0: 0x80009a2e (0x00000f85) c.addi  t6, 1
core   0: 3 0x80009a2e (0x0f85) x31 0x00000008
core   0: 0x80009a30 (0x75dda093) slti    ra, s11, 1885
core   0: 3 0x80009a30 (0x75dda093) x1  0x00000001
core   0: 0x80009a34 (0xffdf9ce3) bne     t6, t4, pc - 8
core   0: 3 0x80009a34 (0xffdf9ce3)
core   0: 0x80009a38 (0xc839b113) sltiu   sp, s3, -893
core   0: 3 0x80009a38 (0xc839b113) x2  0x00000001
core   0: 0x80009a3c (0x02d587b3) mul     a5, a1, a3
core   0: 3 0x80009a3c (0x02d587b3) x15 0x00000000
core   0: 0x80009a40 (0x40d7d993) srai    s3, a5, 13
core   0: 3 0x80009a40 (0x40d7d993) x19 0x00000000
core   0: 0x80009a44 (0x006837b3) sltu    a5, a6, t1
core   0: 3 0x80009a44 (0x006837b3) x15 0x00000001
core   0: 0x80009a48 (0x01855393) srli    t2, a0, 24
core   0: 3 0x80009a48 (0x01855393) x7  0x00000008
core   0: 0x80009a4c (0xfc5453e3) bge     s0, t0, pc - 58
core   0: 3 0x80009a4c (0xfc5453e3)
core   0: 0x80009a50 (0x039f66b3) rem     a3, t5, s9
core   0: 3 0x80009a50 (0x039f66b3) x13 0x000007cc
core   0: 0x80009a54 (0x000061c1) c.lui   gp, 0x10
core   0: 3 0x80009a54 (0x61c1) x3  0x00010000
core   0: 0x80009a56 (0x03508d33) mul     s10, ra, s5
core   0: 3 0x80009a56 (0x03508d33) x26 0xffffff63
core   0: 0x80009a5a (0x0debe613) ori     a2, s7, 222
core   0: 3 0x80009a5a (0x0debe613) x12 0x80025ede
core   0: 0x80009a5e (0x00008279) c.srli  a2, 30
core   0: 3 0x80009a5e (0x8279) x12 0x00000002
core   0: 0x80009a60 (0x00000001) c.nop
core   0: 3 0x80009a60 (0x0001)
core   0: 0x80009a62 (0x0000090c) c.addi4spn a1, sp, 144
core   0: 3 0x80009a62 (0x090c) x11 0x00000091
core   0: 0x80009a64 (0x00a1bcb3) sltu    s9, gp, a0
core   0: 3 0x80009a64 (0x00a1bcb3) x25 0x00000001
core   0: 0x80009a68 (0x00006f59) c.lui   t5, 0x16
core   0: 3 0x80009a68 (0x6f59) x30 0x00016000
core   0: 0x80009a6a (0x00f60233) add     tp, a2, a5
core   0: 3 0x80009a6a (0x00f60233) x4  0x00000003
core   0: 0x80009a6e (0x02d9ec33) rem     s8, s3, a3
core   0: 3 0x80009a6e (0x02d9ec33) x24 0x00000000
core   0: 0x80009a72 (0x039e96b3) mulh    a3, t4, s9
core   0: 3 0x80009a72 (0x039e96b3) x13 0x00000000
core   0: 0x80009a76 (0x02f02033) mulhsu  zero, zero, a5
core   0: 3 0x80009a76 (0x02f02033)
core   0: 0x80009a7a (0x000006d2) c.slli  a3, 20
core   0: 3 0x80009a7a (0x06d2) x13 0x00000000
core   0: 0x80009a7c (0xa4e56013) ori     zero, a0, -1458
core   0: 3 0x80009a7c (0xa4e56013)
core   0: 0x80009a80 (0x02d88733) mul     a4, a7, a3
core   0: 3 0x80009a80 (0x02d88733) x14 0x00000000
core   0: 0x80009a84 (0x50e2cd93) xori    s11, t0, 1294
core   0: 3 0x80009a84 (0x50e2cd93) x27 0xfffffaff
core   0: 0x80009a88 (0x0ddb7cb7) lui     s9, 0xddb7
core   0: 3 0x80009a88 (0x0ddb7cb7) x25 0x0ddb7000
core   0: 0x80009a8c (0xdb7db593) sltiu   a1, s11, -585
core   0: 3 0x80009a8c (0xdb7db593) x11 0x00000001
core   0: 0x80009a90 (0x00000001) c.nop
core   0: 3 0x80009a90 (0x0001)
core   0: 0x80009a92 (0x00550a63) beq     a0, t0, pc + 20
core   0: 3 0x80009a92 (0x00550a63)
core   0: 0x80009a96 (0x00000de6) c.slli  s11, 25
core   0: 3 0x80009a96 (0x0de6) x27 0xfe000000
core   0: 0x80009a98 (0x0000030c) c.addi4spn a1, sp, 384
core   0: 3 0x80009a98 (0x030c) x11 0x00000181
core   0: 0x80009a9a (0x02827c63) bgeu    tp, s0, pc + 56
core   0: 3 0x80009a9a (0x02827c63)
core   0: 0x80009a9e (0x00919fb3) sll     t6, gp, s1
core   0: 3 0x80009a9e (0x00919fb3) x31 0x10000000
core   0: 0x80009aa2 (0x0313a4b3) mulhsu  s1, t2, a7
core   0: 3 0x80009aa2 (0x0313a4b3) x9  0x00000004
core   0: 0x80009aa6 (0x0000e209) c.bnez  a2, pc + 2
core   0: 3 0x80009aa6 (0xe209)
core   0: 0x80009aa8 (0x1b6d2e97) auipc   t4, 0x1b6d2
core   0: 3 0x80009aa8 (0x1b6d2e97) x29 0x9b6dbaa8
core   0: 0x80009aac (0x02d4efb3) rem     t6, s1, a3
core   0: 3 0x80009aac (0x02d4efb3) x31 0x00000004
core   0: 0x80009ab0 (0x90abf613) andi    a2, s7, -1782
core   0: 3 0x80009ab0 (0x90abf613) x12 0x80025808
core   0: 0x80009ab4 (0x0317e763) bltu    a5, a7, pc + 46
core   0: 3 0x80009ab4 (0x0317e763)
core   0: 0x80009ae2 (0x01cb6c33) or      s8, s6, t3
core   0: 3 0x80009ae2 (0x01cb6c33) x24 0xffffffff
core   0: 0x80009ae6 (0x01f05ab3) srl     s5, zero, t6
core   0: 3 0x80009ae6 (0x01f05ab3) x21 0x00000000
core   0: 0x80009aea (0xea312813) slti    a6, sp, -349
core   0: 3 0x80009aea (0xea312813) x16 0x00000000
core   0: 0x80009aee (0x024f7233) remu    tp, t5, tp
core   0: 3 0x80009aee (0x024f7233) x4  0x00000001
core   0: 0x80009af2 (0x00008fb1) c.xor   a5, a2
core   0: 3 0x80009af2 (0x8fb1) x15 0x80025809
core   0: 0x80009af4 (0x023feb63) bltu    t6, gp, pc + 54
core   0: 3 0x80009af4 (0x023feb63)
core   0: 0x80009b2a (0x00b31ab3) sll     s5, t1, a1
core   0: 3 0x80009b2a (0x00b31ab3) x21 0x00022000
core   0: 0x80009b2e (0x0ff50013) addi    zero, a0, 255
core   0: 3 0x80009b2e (0x0ff50013)
core   0: 0x80009b32 (0x00539733) sll     a4, t2, t0
core   0: 3 0x80009b32 (0x00539733) x14 0x00100000
core   0: 0x80009b36 (0xff91b013) sltiu   zero, gp, -7
core   0: 3 0x80009b36 (0xff91b013)
core   0: 0x80009b3a (0x1e4b7b13) andi    s6, s6, 484
core   0: 3 0x80009b3a (0x1e4b7b13) x22 0x000001c0
core   0: 0x80009b3e (0x02a29b63) bne     t0, a0, pc + 54
core   0: 3 0x80009b3e (0x02a29b63)
core   0: 0x80009b74 (0x01719213) slli    tp, gp, 23
core   0: 3 0x80009b74 (0x01719213) x4  0x00000000
core   0: 0x80009b78 (0x013ad093) srli    ra, s5, 19
core   0: 3 0x80009b78 (0x013ad093) x1  0x00000000
core   0: 0x80009b7c (0x416d8733) sub     a4, s11, s6
core   0: 3 0x80009b7c (0x416d8733) x14 0xfdfffe40
core   0: 0x80009b80 (0x018a9693) slli    a3, s5, 24
core   0: 3 0x80009b80 (0x018a9693) x13 0x00000000
core   0: 0x80009b84 (0x00006179) c.addi16sp sp, 464
core   0: 3 0x80009b84 (0x6179) x2  0x000001d1
core   0: 0x80009b86 (0x00009b4a) c.add   s6, s2
core   0: 3 0x80009b86 (0x9b4a) x22 0x8c90abe9
core   0: 0x80009b88 (0x000086c5) c.srai  a3, 17
core   0: 3 0x80009b88 (0x86c5) x13 0x00000000
core   0: 0x80009b8a (0xc7ac3d37) lui     s10, 0xc7ac3
core   0: 3 0x80009b8a (0xc7ac3d37) x26 0xc7ac3000
core   0: 0x80009b8e (0x00267133) and     sp, a2, sp
core   0: 3 0x80009b8e (0x00267133) x2  0x00000000
core   0: 0x80009b92 (0x0292c333) div     t1, t0, s1
core   0: 3 0x80009b92 (0x0292c333) x6  0xfffffffd
core   0: 0x80009b96 (0x006ea433) slt     s0, t4, t1
core   0: 3 0x80009b96 (0x006ea433) x8  0x00000001
core   0: 0x80009b9a (0x0122d733) srl     a4, t0, s2
core   0: 3 0x80009b9a (0x0122d733) x14 0x007fffff
core   0: 0x80009b9e (0x031b35b3) mulhu   a1, s6, a7
core   0: 3 0x80009b9e (0x031b35b3) x11 0x4649c53b
core   0: 0x80009ba2 (0x00008e55) c.or    a2, a3
core   0: 3 0x80009ba2 (0x8e55) x12 0x80025808
core   0: 0x80009ba4 (0x00008d05) c.sub   a0, s1
core   0: 3 0x80009ba4 (0x8d05) x10 0x07fffffc
core   0: 0x80009ba6 (0x02731d33) mulh    s10, t1, t2
core   0: 3 0x80009ba6 (0x02731d33) x26 0xffffffff
core   0: 0x80009baa (0x00008149) c.srli  a0, 18
core   0: 3 0x80009baa (0x8149) x10 0x000001ff
core   0: 0x80009bac (0x016ec263) blt     t4, s6, pc + 4
core   0: 3 0x80009bac (0x016ec263)
core   0: 0x80009bb0 (0x000042d5) c.li    t0, 21
core   0: 3 0x80009bb0 (0x42d5) x5  0x00000015
core   0: 0x80009bb2 (0x01fad113) srli    sp, s5, 31
core   0: 3 0x80009bb2 (0x01fad113) x2  0x00000000
core   0: 0x80009bb6 (0x00008709) c.srai  a4, 2
core   0: 3 0x80009bb6 (0x8709) x14 0x001fffff
core   0: 0x80009bb8 (0x00190e63) beq     s2, ra, pc + 28
core   0: 3 0x80009bb8 (0x00190e63)
core   0: 0x80009bbc (0x01daf733) and     a4, s5, t4
core   0: 3 0x80009bbc (0x01daf733) x14 0x00002000
core   0: 0x80009bc0 (0x811cc2b7) lui     t0, 0x811cc
core   0: 3 0x80009bc0 (0x811cc2b7) x5  0x811cc000
core   0: 0x80009bc4 (0x40b40b33) sub     s6, s0, a1
core   0: 3 0x80009bc4 (0x40b40b33) x22 0xb9b63ac6
core   0: 0x80009bc8 (0x03ee7863) bgeu    t3, t5, pc + 48
core   0: 3 0x80009bc8 (0x03ee7863)
core   0: 0x80009bf8 (0x0000ea15) c.bnez  a2, pc + 52
core   0: 3 0x80009bf8 (0xea15)
core   0: 0x80009c2c (0x05ebe163) bltu    s7, t5, pc + 66
core   0: 3 0x80009c2c (0x05ebe163)
core   0: 0x80009c30 (0x6ab1d737) lui     a4, 0x6ab1d
core   0: 3 0x80009c30 (0x6ab1d737) x14 0x6ab1d000
core   0: 0x80009c34 (0x02e107b3) mul     a5, sp, a4
core   0: 3 0x80009c34 (0x02e107b3) x15 0x00000000
core   0: 0x80009c38 (0x00000a88) c.addi4spn a0, sp, 336
core   0: 3 0x80009c38 (0x0a88) x10 0x00000150
core   0: 0x80009c3a (0xe25f0113) addi    sp, t5, -475
core   0: 3 0x80009c3a (0xe25f0113) x2  0x00015e25
core   0: 0x80009c3e (0x002665b3) or      a1, a2, sp
core   0: 3 0x80009c3e (0x002665b3) x11 0x80035e2d
core   0: 0x80009c42 (0x01f4ee63) bltu    s1, t6, pc + 28
core   0: 3 0x80009c42 (0x01f4ee63)
core   0: 0x80009c46 (0x000000f2) c.slli  ra, 28
core   0: 3 0x80009c46 (0x00f2) x1  0x00000000
core   0: 0x80009c48 (0x00001784) c.addi4spn s1, sp, 992
core   0: 3 0x80009c48 (0x1784) x9  0x00016205
core   0: 0x80009c4a (0x60610d93) addi    s11, sp, 1542
core   0: 3 0x80009c4a (0x60610d93) x27 0x0001642b
core   0: 0x80009c4e (0xfcc9fb13) andi    s6, s3, -52
core   0: 3 0x80009c4e (0xfcc9fb13) x22 0x00000000
core   0: 0x80009c52 (0x00008ef9) c.and   a3, a4
core   0: 3 0x80009c52 (0x8ef9) x13 0x00000000
core   0: 0x80009c54 (0x00008cb5) c.xor   s1, a3
core   0: 3 0x80009c54 (0x8cb5) x9  0x00016205
core   0: 0x80009c56 (0xcfed8113) addi    sp, s11, -770
core   0: 3 0x80009c56 (0xcfed8113) x2  0x00016129
core   0: 0x80009c5a (0x0108b1b3) sltu    gp, a7, a6
core   0: 3 0x80009c5a (0x0108b1b3) x3  0x00000000
core   0: 0x80009c5e (0x00008c75) c.and   s0, a3
core   0: 3 0x80009c5e (0x8c75) x8  0x00000000
core   0: 0x80009c60 (0x02397f33) remu    t5, s2, gp
core   0: 3 0x80009c60 (0x02397f33) x30 0x8c90aa29
core   0: 0x80009c64 (0x00d69313) slli    t1, a3, 13
core   0: 3 0x80009c64 (0x00d69313) x6  0x00000000
core   0: 0x80009c68 (0x0032f033) and     zero, t0, gp
core   0: 3 0x80009c68 (0x0032f033)
core   0: 0x80009c6c (0x00000001) c.nop
core   0: 3 0x80009c6c (0x0001)
core   0: 0x80009c6e (0x017ad0b3) srl     ra, s5, s7
core   0: 3 0x80009c6e (0x017ad0b3) x1  0x00000000
core   0: 0x80009c72 (0x0397c633) div     a2, a5, s9
core   0: 3 0x80009c72 (0x0397c633) x12 0x00000000
core   0: 0x80009c76 (0x0000517d) c.li    sp, -1
core   0: 3 0x80009c76 (0x517d) x2  0xffffffff
core   0: 0x80009c78 (0x03b0c4b3) div     s1, ra, s11
core   0: 3 0x80009c78 (0x03b0c4b3) x9  0x00000000
core   0: 0x80009c7c (0x000065a1) c.lui   a1, 0x8
core   0: 3 0x80009c7c (0x65a1) x11 0x00008000
core   0: 0x80009c7e (0x02943e33) mulhu   t3, s0, s1
core   0: 3 0x80009c7e (0x02943e33) x28 0x00000000
core   0: 0x80009c82 (0x00006317) auipc   t1, 0x6
core   0: 3 0x80009c82 (0x00006317) x6  0x8000fc82
core   0: 0x80009c86 (0x5b030313) addi    t1, t1, 1456
core   0: 3 0x80009c86 (0x5b030313) x6  0x80010232
core   0: 0x80009c8a (0x00000001) c.nop
core   0: 3 0x80009c8a (0x0001)
core   0: 0x80009c8c (0x00d34103) lbu     sp, 13(t1)
core   0: 3 0x80009c8c (0x00d34103) x2  0x00000000 mem 0x8001023f
core   0: 0x80009c90 (0x00d34b03) lbu     s6, 13(t1)
core   0: 3 0x80009c90 (0x00d34b03) x22 0x00000000 mem 0x8001023f
core   0: 0x80009c94 (0x032d8cb3) mul     s9, s11, s2
core   0: 3 0x80009c94 (0x032d8cb3) x25 0xc8ed98e3
core   0: 0x80009c98 (0xff534783) lbu     a5, -11(t1)
core   0: 3 0x80009c98 (0xff534783) x15 0x00000000 mem 0x80010227
core   0: 0x80009c9c (0x01718033) add     zero, gp, s7
core   0: 3 0x80009c9c (0x01718033)
core   0: 0x80009ca0 (0x0247fd33) remu    s10, a5, tp
core   0: 3 0x80009ca0 (0x0247fd33) x26 0x00000000
core   0: 0x80009ca4 (0xffa34383) lbu     t2, -6(t1)
core   0: 3 0x80009ca4 (0xffa34383) x7  0x00000000 mem 0x8001022c
core   0: 0x80009ca8 (0x00a30203) lb      tp, 10(t1)
core   0: 3 0x80009ca8 (0x00a30203) x4  0x00000000 mem 0x8001023c
core   0: 0x80009cac (0xff632583) lw      a1, -10(t1)
core   0: 3 0x80009cac (0xff632583) x11 0x00000000 mem 0x80010228
core   0: 0x80009cb0 (0x00008d7d) c.and   a0, a5
core   0: 3 0x80009cb0 (0x8d7d) x10 0x00000000
core   0: 0x80009cb2 (0x01034003) lbu     zero, 16(t1)
core   0: 3 0x80009cb2 (0x01034003) mem 0x80010242
core   0: 0x80009cb6 (0x00000001) c.nop
core   0: 3 0x80009cb6 (0x0001)
core   0: 0x80009cb8 (0x014bc2b3) xor     t0, s7, s4
core   0: 3 0x80009cb8 (0x014bc2b3) x5  0x80025e1d
core   0: 0x80009cbc (0xfef32b23) sw      a5, -10(t1)
core   0: 3 0x80009cbc (0xfef32b23) mem 0x80010228 0x00000000
core   0: 0x80009cc0 (0x00930d83) lb      s11, 9(t1)
core   0: 3 0x80009cc0 (0x00930d83) x27 0x00000000 mem 0x8001023b
core   0: 0x80009cc4 (0x40bf8133) sub     sp, t6, a1
core   0: 3 0x80009cc4 (0x40bf8133) x2  0x00000004
core   0: 0x80009cc8 (0x007305a3) sb      t2, 11(t1)
core   0: 3 0x80009cc8 (0x007305a3) mem 0x8001023d 0x00
core   0: 0x80009ccc (0x3a084413) xori    s0, a6, 928
core   0: 3 0x80009ccc (0x3a084413) x8  0x000003a0
core   0: 0x80009cd0 (0x014305a3) sb      s4, 11(t1)
core   0: 3 0x80009cd0 (0x014305a3) mem 0x8001023d 0x01
core   0: 0x80009cd4 (0x00000001) c.nop
core   0: 3 0x80009cd4 (0x0001)
core   0: 0x80009cd6 (0x009302a3) sb      s1, 5(t1)
core   0: 3 0x80009cd6 (0x009302a3) mem 0x80010237 0x00
core   0: 0x80009cda (0xfff30d83) lb      s11, -1(t1)
core   0: 3 0x80009cda (0xfff30d83) x27 0x00000000 mem 0x80010231
core   0: 0x80009cde (0x00008d4d) c.or    a0, a1
core   0: 3 0x80009cde (0x8d4d) x10 0x00000000
core   0: 0x80009ce0 (0xffb30003) lb      zero, -5(t1)
core   0: 3 0x80009ce0 (0xffb30003) mem 0x8001022d
core   0: 0x80009ce4 (0x007300a3) sb      t2, 1(t1)
core   0: 3 0x80009ce4 (0x007300a3) mem 0x80010233 0x00
core   0: 0x80009ce8 (0x40cb0033) sub     zero, s6, a2
core   0: 3 0x80009ce8 (0x40cb0033)
core   0: 0x80009cec (0x01f76033) or      zero, a4, t6
core   0: 3 0x80009cec (0x01f76033)
core   0: 0x80009cf0 (0x01181413) slli    s0, a6, 17
core   0: 3 0x80009cf0 (0x01181413) x8  0x00000000
core   0: 0x80009cf4 (0x0342d033) divu    zero, t0, s4
core   0: 3 0x80009cf4 (0x0342d033)
core   0: 0x80009cf8 (0x752ea837) lui     a6, 0x752ea
core   0: 3 0x80009cf8 (0x752ea837) x16 0x752ea000
core   0: 0x80009cfc (0x037925b3) mulhsu  a1, s2, s7
core   0: 3 0x80009cfc (0x037925b3) x11 0xc64743c6
core   0: 0x80009d00 (0x00e30d03) lb      s10, 14(t1)
core   0: 3 0x80009d00 (0x00e30d03) x26 0x00000000 mem 0x80010240
core   0: 0x80009d04 (0x015303a3) sb      s5, 7(t1)
core   0: 3 0x80009d04 (0x015303a3) mem 0x80010239 0x00
core   0: 0x80009d08 (0x00021a13) slli    s4, tp, 0
core   0: 3 0x80009d08 (0x00021a13) x20 0x00000000
core   0: 0x80009d0c (0x00d34b03) lbu     s6, 13(t1)
core   0: 3 0x80009d0c (0x00d34b03) x22 0x00000000 mem 0x8001023f
core   0: 0x80009d10 (0x03b849b3) div     s3, a6, s11
core   0: 3 0x80009d10 (0x03b849b3) x19 0xffffffff
core   0: 0x80009d14 (0x00008465) c.srai  s0, 25
core   0: 3 0x80009d14 (0x8465) x8  0x00000000
core   0: 0x80009d16 (0x00008dbd) c.xor   a1, a5
core   0: 3 0x80009d16 (0x8dbd) x11 0xc64743c6
core   0: 0x80009d18 (0x00d1c963) blt     gp, a3, pc + 18
core   0: 3 0x80009d18 (0x00d1c963)
core   0: 0x80009d1c (0x03c0adb3) mulhsu  s11, ra, t3
core   0: 3 0x80009d1c (0x03c0adb3) x27 0x00000000
core   0: 0x80009d20 (0x00b79493) slli    s1, a5, 11
core   0: 3 0x80009d20 (0x00b79493) x9  0x00000000
core   0: 0x80009d24 (0x01cd8ab3) add     s5, s11, t3
core   0: 3 0x80009d24 (0x01cd8ab3) x21 0x00000000
core   0: 0x80009d28 (0x000082d6) c.mv    t0, s5
core   0: 3 0x80009d28 (0x82d6) x5  0x00000000
core   0: 0x80009d2a (0x001c9263) bne     s9, ra, pc + 4
core   0: 3 0x80009d2a (0x001c9263)
core   0: 0x80009d2e (0x4130dd33) sra     s10, ra, s3
core   0: 3 0x80009d2e (0x4130dd33) x26 0x00000000
core   0: 0x80009d32 (0x00000e1d) c.addi  t3, 7
core   0: 3 0x80009d32 (0x0e1d) x28 0x00000007
core   0: 0x80009d34 (0x00a576b3) and     a3, a0, a0
core   0: 3 0x80009d34 (0x00a576b3) x13 0x00000000
core   0: 0x80009d38 (0x00008f81) c.sub   a5, s0
core   0: 3 0x80009d38 (0x8f81) x15 0x00000000
core   0: 0x80009d3a (0x0084a833) slt     a6, s1, s0
core   0: 3 0x80009d3a (0x0084a833) x16 0x00000000
core   0: 0x80009d3e (0x00a0fd33) and     s10, ra, a0
core   0: 3 0x80009d3e (0x00a0fd33) x26 0x00000000
core   0: 0x80009d42 (0x02c4de63) bge     s1, a2, pc + 60
core   0: 3 0x80009d42 (0x02c4de63)
core   0: 0x80009d7e (0x03979063) bne     a5, s9, pc + 32
core   0: 3 0x80009d7e (0x03979063)
core   0: 0x80009d9e (0x00008e81) c.sub   a3, s0
core   0: 3 0x80009d9e (0x8e81) x13 0x00000000
core   0: 0x80009da0 (0x00a4b433) sltu    s0, s1, a0
core   0: 3 0x80009da0 (0x00a4b433) x8  0x00000000
core   0: 0x80009da4 (0x0113c833) xor     a6, t2, a7
core   0: 3 0x80009da4 (0x0113c833) x16 0x80029ce4
core   0: 0x80009da8 (0x027afc33) remu    s8, s5, t2
core   0: 3 0x80009da8 (0x027afc33) x24 0x00000000
core   0: 0x80009dac (0x40a3d793) srai    a5, t2, 10
core   0: 3 0x80009dac (0x40a3d793) x15 0x00000000
core   0: 0x80009db0 (0x03226b33) rem     s6, tp, s2
core   0: 3 0x80009db0 (0x03226b33) x22 0x00000000
core   0: 0x80009db4 (0x000095be) c.add   a1, a5
core   0: 3 0x80009db4 (0x95be) x11 0xc64743c6
core   0: 0x80009db6 (0x541eb537) lui     a0, 0x541eb
core   0: 3 0x80009db6 (0x541eb537) x10 0x541eb000
core   0: 0x80009dba (0x034501b3) mul     gp, a0, s4
core   0: 3 0x80009dba (0x034501b3) x3  0x00000000
core   0: 0x80009dbe (0x1e128eb7) lui     t4, 0x1e128
core   0: 3 0x80009dbe (0x1e128eb7) x29 0x1e128000
core   0: 0x80009dc2 (0x00000c39) c.addi  s8, 14
core   0: 3 0x80009dc2 (0x0c39) x24 0x0000000e
core   0: 0x80009dc4 (0x012e8733) add     a4, t4, s2
core   0: 3 0x80009dc4 (0x012e8733) x14 0xaaa32a29
core   0: 0x80009dc8 (0x41f10d33) sub     s10, sp, t6
core   0: 3 0x80009dc8 (0x41f10d33) x26 0x00000000
core   0: 0x80009dcc (0x000089da) c.mv    s3, s6
core   0: 3 0x80009dcc (0x89da) x19 0x00000000
core   0: 0x80009dce (0xb15a8993) addi    s3, s5, -1259
core   0: 3 0x80009dce (0xb15a8993) x19 0xfffffb15
core   0: 0x80009dd2 (0x4237ee13) ori     t3, a5, 1059
core   0: 3 0x80009dd2 (0x4237ee13) x28 0x00000423
core   0: 0x80009dd6 (0x4116d0b3) sra     ra, a3, a7
core   0: 3 0x80009dd6 (0x4116d0b3) x1  0x00000000
core   0: 0x80009dda (0x0000717d) c.addi16sp sp, -16
core   0: 3 0x80009dda (0x717d) x2  0xfffffff4
core   0: 0x80009ddc (0x03bd5e63) bge     s10, s11, pc + 60
core   0: 3 0x80009ddc (0x03bd5e63)
core   0: 0x80009e18 (0x000099aa) c.add   s3, a0
core   0: 3 0x80009e18 (0x99aa) x19 0x541eab15
core   0: 0x80009e1a (0x00001f7d) c.addi  t5, -1
core   0: 3 0x80009e1a (0x1f7d) x30 0x8c90aa28
core   0: 0x80009e1c (0x0000818d) c.srli  a1, 3
core   0: 3 0x80009e1c (0x818d) x11 0x18c8e878
core   0: 0x80009e1e (0x03437fb3) remu    t6, t1, s4
core   0: 3 0x80009e1e (0x03437fb3) x31 0x80010232
core   0: 0x80009e22 (0xa4dfe813) ori     a6, t6, -1459
core   0: 3 0x80009e22 (0xa4dfe813) x16 0xfffffa7f
core   0: 0x80009e26 (0x02dd9663) bne     s11, a3, pc + 44
core   0: 3 0x80009e26 (0x02dd9663)
core   0: 0x80009e2a (0xd9c1fd13) andi    s10, gp, -612
core   0: 3 0x80009e2a (0xd9c1fd13) x26 0x00000000
core   0: 0x80009e2e (0x00000001) c.nop
core   0: 3 0x80009e2e (0x0001)
core   0: 0x80009e30 (0x41500433) sub     s0, zero, s5
core   0: 3 0x80009e30 (0x41500433) x8  0x00000000
core   0: 0x80009e34 (0x00426a63) bltu    tp, tp, pc + 20
core   0: 3 0x80009e34 (0x00426a63)
core   0: 0x80009e38 (0x3d878693) addi    a3, a5, 984
core   0: 3 0x80009e38 (0x3d878693) x13 0x000003d8
core   0: 0x80009e3c (0x014a20b3) slt     ra, s4, s4
core   0: 3 0x80009e3c (0x014a20b3) x1  0x00000000
core   0: 0x80009e40 (0x0000875a) c.mv    a4, s6
core   0: 3 0x80009e40 (0x875a) x14 0x00000000
core   0: 0x80009e42 (0x000096b2) c.add   a3, a2
core   0: 3 0x80009e42 (0x96b2) x13 0x000003d8
core   0: 0x80009e44 (0x0000587d) c.li    a6, -1
core   0: 3 0x80009e44 (0x587d) x16 0xffffffff
core   0: 0x80009e46 (0x00008522) c.mv    a0, s0
core   0: 3 0x80009e46 (0x8522) x10 0x00000000
core   0: 0x80009e48 (0x023086b3) mul     a3, ra, gp
core   0: 3 0x80009e48 (0x023086b3) x13 0x00000000
core   0: 0x80009e4c (0x00da12b3) sll     t0, s4, a3
core   0: 3 0x80009e4c (0x00da12b3) x5  0x00000000
core   0: 0x80009e50 (0x0000c305) c.beqz  a4, pc + 32
core   0: 3 0x80009e50 (0xc305)
core   0: 0x80009e70 (0x765a0337) lui     t1, 0x765a0
core   0: 3 0x80009e70 (0x765a0337) x6  0x765a0000
core   0: 0x80009e74 (0x03653cb3) mulhu   s9, a0, s6
core   0: 3 0x80009e74 (0x03653cb3) x25 0x00000000
core   0: 0x80009e78 (0x0000611d) c.addi16sp sp, 416
core   0: 3 0x80009e78 (0x611d) x2  0x00000194
core   0: 0x80009e7a (0x0000e805) c.bnez  s0, pc + 48
core   0: 3 0x80009e7a (0xe805)
core   0: 0x80009e7c (0x033c0cb3) mul     s9, s8, s3
core   0: 3 0x80009e7c (0x033c0cb3) x25 0x99ad5b26
core   0: 0x80009e80 (0x00001e8c) c.addi4spn a1, sp, 880
core   0: 3 0x80009e80 (0x1e8c) x11 0x00000504
core   0: 0x80009e82 (0x763ab0b7) lui     ra, 0x763ab
core   0: 3 0x80009e82 (0x763ab0b7) x1  0x763ab000
core   0: 0x80009e86 (0x02d3f063) bgeu    t2, a3, pc + 32
core   0: 3 0x80009e86 (0x02d3f063)
core   0: 0x80009ea6 (0x69263f93) sltiu   t6, a2, 1682
core   0: 3 0x80009ea6 (0x69263f93) x31 0x00000001
core   0: 0x80009eaa (0x41acde93) srai    t4, s9, 26
core   0: 3 0x80009eaa (0x41acde93) x29 0xffffffe6
core   0: 0x80009eae (0x3291cb37) lui     s6, 0x3291c
core   0: 3 0x80009eae (0x3291cb37) x22 0x3291c000
core   0: 0x80009eb2 (0xc1f45397) auipc   t2, 0xc1f45
core   0: 3 0x80009eb2 (0xc1f45397) x7  0x41f4eeb2
core   0: 0x80009eb6 (0x002549b3) xor     s3, a0, sp
core   0: 3 0x80009eb6 (0x002549b3) x19 0x00000194
core   0: 0x80009eba (0x035117b3) mulh    a5, sp, s5
core   0: 3 0x80009eba (0x035117b3) x15 0x00000000
core   0: 0x80009ebe (0x0340d7b3) divu    a5, ra, s4
core   0: 3 0x80009ebe (0x0340d7b3) x15 0xffffffff
core   0: 0x80009ec2 (0x4af0d617) auipc   a2, 0x4af0d
core   0: 3 0x80009ec2 (0x4af0d617) x12 0xcaf16ec2
core   0: 0x80009ec6 (0x005d44b3) xor     s1, s10, t0
core   0: 3 0x80009ec6 (0x005d44b3) x9  0x00000000
core   0: 0x80009eca (0x02b11563) bne     sp, a1, pc + 42
core   0: 3 0x80009eca (0x02b11563)
core   0: 0x80009ef4 (0x00000ada) c.slli  s5, 22
core   0: 3 0x80009ef4 (0x0ada) x21 0x00000000
core   0: 0x80009ef6 (0x51bf4713) xori    a4, t5, 1307
core   0: 3 0x80009ef6 (0x51bf4713) x14 0x8c90af33
core   0: 0x80009efa (0x00000001) c.nop
core   0: 3 0x80009efa (0x0001)
core   0: 0x80009efc (0x00dc5b63) bge     s8, a3, pc + 22
core   0: 3 0x80009efc (0x00dc5b63)
core   0: 0x80009f12 (0x01f5af33) slt     t5, a1, t6
core   0: 3 0x80009f12 (0x01f5af33) x30 0x00000000
core   0: 0x80009f16 (0x004ba703) lw      a4, 4(s7)
core   0: 3 0x80009f16 (0x004ba703) x14 0x8000a634 mem 0x80025e20
core   0: 0x80009f1a (0x028b8b93) addi    s7, s7, 40
core   0: 3 0x80009f1a (0x028b8b93) x23 0x80025e44
core   0: 0x80009f1e (0x000063f1) c.lui   t2, 0x1c
core   0: 3 0x80009f1e (0x63f1) x7  0x0001c000
core   0: 0x80009f20 (0x01877cb3) and     s9, a4, s8
core   0: 3 0x80009f20 (0x01877cb3) x25 0x00000004
core   0: 0x80009f24 (0xafbfcd97) auipc   s11, 0xafbfc
core   0: 3 0x80009f24 (0xafbfcd97) x27 0x2fc05f24
core   0: 0x80009f28 (0x00000705) c.addi  a4, 1
core   0: 3 0x80009f28 (0x0705) x14 0x8000a635
core   0: 0x80009f2a (0x00009702) c.jalr  a4
core   0: 3 0x80009f2a (0x9702) x1  0x80009f2c
core   0: 0x8000a634 (0x000089e2) c.mv    s3, s8
core   0: 3 0x8000a634 (0x89e2) x19 0x0000000e
core   0: 0x8000a636 (0x00009a7d) c.andi  a2, -1
core   0: 3 0x8000a636 (0x9a7d) x12 0xcaf16ec2
core   0: 0x8000a638 (0x405085b3) sub     a1, ra, t0
core   0: 3 0x8000a638 (0x405085b3) x11 0x80009f2c
core   0: 0x8000a63c (0x403c89b3) sub     s3, s9, gp
core   0: 3 0x8000a63c (0x403c89b3) x19 0x00000004
core   0: 0x8000a640 (0x0151be33) sltu    t3, gp, s5
core   0: 3 0x8000a640 (0x0151be33) x28 0x00000000
core   0: 0x8000a644 (0x00000f9c) c.addi4spn a5, sp, 976
core   0: 3 0x8000a644 (0x0f9c) x15 0x00000564
core   0: 0x8000a646 (0x00008cf9) c.and   s1, a4
core   0: 3 0x8000a646 (0x8cf9) x9  0x00000000
core   0: 0x8000a648 (0x00008505) c.srai  a0, 1
core   0: 3 0x8000a648 (0x8505) x10 0x00000000
core   0: 0x8000a64a (0x9e915ab7) lui     s5, 0x9e915
core   0: 3 0x8000a64a (0x9e915ab7) x21 0x9e915000
core   0: 0x8000a64e (0x7c22bf37) lui     t5, 0x7c22b
core   0: 3 0x8000a64e (0x7c22bf37) x30 0x7c22b000
core   0: 0x8000a652 (0xaf0f6793) ori     a5, t5, -1296
core   0: 3 0x8000a652 (0xaf0f6793) x15 0xfffffaf0
core   0: 0x8000a656 (0x01684db3) xor     s11, a6, s6
core   0: 3 0x8000a656 (0x01684db3) x27 0xcd6e3fff
core   0: 0x8000a65a (0x004ba703) lw      a4, 4(s7)
core   0: 3 0x8000a65a (0x004ba703) x14 0x80005574 mem 0x80025e48
core   0: 0x8000a65e (0x020b8b93) addi    s7, s7, 32
core   0: 3 0x8000a65e (0x020b8b93) x23 0x80025e64
core   0: 0x8000a662 (0x02273c33) mulhu   s8, a4, sp
core   0: 3 0x8000a662 (0x02273c33) x24 0x000000ca
core   0: 0x8000a666 (0x03c0de33) divu    t3, ra, t3
core   0: 3 0x8000a666 (0x03c0de33) x28 0xffffffff
core   0: 0x8000a66a (0x00170a13) addi    s4, a4, 1
core   0: 3 0x8000a66a (0x00170a13) x20 0x80005575
core   0: 0x8000a66e (0x00008a02) c.jr    s4
core   0: 3 0x8000a66e (0x8a02)
core   0: 0x80005574 (0x00000c85) c.addi  s9, 1
core   0: 3 0x80005574 (0x0c85) x25 0x00000005
core   0: 0x80005576 (0x00ddb533) sltu    a0, s11, a3
core   0: 3 0x80005576 (0x00ddb533) x10 0x00000000
core   0: 0x8000557a (0x01c1efb3) or      t6, gp, t3
core   0: 3 0x8000557a (0x01c1efb3) x31 0xffffffff
core   0: 0x8000557e (0x46ca1db7) lui     s11, 0x46ca1
core   0: 3 0x8000557e (0x46ca1db7) x27 0x46ca1000
core   0: 0x80005582 (0x00008c85) c.sub   s1, s1
core   0: 3 0x80005582 (0x8c85) x9  0x00000000
core   0: 0x80005584 (0x0000c005) c.beqz  s0, pc + 32
core   0: 3 0x80005584 (0xc005)
core   0: 0x800055a4 (0x00001218) c.addi4spn a4, sp, 288
core   0: 3 0x800055a4 (0x1218) x14 0x000002b4
core   0: 0x800055a6 (0x0000038c) c.addi4spn a1, sp, 448
core   0: 3 0x800055a6 (0x038c) x11 0x00000354
core   0: 0x800055a8 (0x41e35a13) srai    s4, t1, 30
core   0: 3 0x800055a8 (0x41e35a13) x20 0x00000001
core   0: 0x800055ac (0x00f88433) add     s0, a7, a5
core   0: 3 0x800055ac (0x00f88433) x8  0x800297d4
core   0: 0x800055b0 (0x0000e789) c.bnez  a5, pc + 10
core   0: 3 0x800055b0 (0xe789)
core   0: 0x800055ba (0x013c4363) blt     s8, s3, pc + 6
core   0: 3 0x800055ba (0x013c4363)
core   0: 0x800055be (0x00009ae2) c.add   s5, s8
core   0: 3 0x800055be (0x9ae2) x21 0x9e9150ca
core   0: 0x800055c0 (0x82873b13) sltiu   s6, a4, -2008
core   0: 3 0x800055c0 (0x82873b13) x22 0x00000001
core   0: 0x800055c4 (0x000005b2) c.slli  a1, 12
core   0: 3 0x800055c4 (0x05b2) x11 0x00354000
core   0: 0x800055c6 (0x0000064a) c.slli  a2, 18
core   0: 3 0x800055c6 (0x064a) x12 0xbb080000
core   0: 0x800055c8 (0x41fad993) srai    s3, s5, 31
core   0: 3 0x800055c8 (0x41fad993) x19 0xffffffff
core   0: 0x800055cc (0x40b45813) srai    a6, s0, 11
core   0: 3 0x800055cc (0x40b45813) x16 0xfff00052
core   0: 0x800055d0 (0x02c48763) beq     s1, a2, pc + 46
core   0: 3 0x800055d0 (0x02c48763)
core   0: 0x800055d4 (0x0195af33) slt     t5, a1, s9
core   0: 3 0x800055d4 (0x0195af33) x30 0x00000000
core   0: 0x800055d8 (0x0067cc33) xor     s8, a5, t1
core   0: 3 0x800055d8 (0x0067cc33) x24 0x89a5faf0
core   0: 0x800055dc (0x00009846) c.add   a6, a7
core   0: 3 0x800055dc (0x9846) x16 0x7ff29d36
core   0: 0x800055de (0x01851693) slli    a3, a0, 24
core   0: 3 0x800055de (0x01851693) x13 0x00000000
core   0: 0x800055e2 (0xcbdc3993) sltiu   s3, s8, -835
core   0: 3 0x800055e2 (0xcbdc3993) x19 0x00000001
core   0: 0x800055e6 (0x02d2ddb3) divu    s11, t0, a3
core   0: 3 0x800055e6 (0x02d2ddb3) x27 0xffffffff
core   0: 0x800055ea (0x00009de6) c.add   s11, s9
core   0: 3 0x800055ea (0x9de6) x27 0x00000004
core   0: 0x800055ec (0x00008c59) c.or    s0, a4
core   0: 3 0x800055ec (0x8c59) x8  0x800297f4
core   0: 0x800055ee (0x03318d63) beq     gp, s3, pc + 58
core   0: 3 0x800055ee (0x03318d63)
core   0: 0x800055f2 (0x0000961e) c.add   a2, t2
core   0: 3 0x800055f2 (0x961e) x12 0xbb09c000
core   0: 0x800055f4 (0x00000fb2) c.slli  t6, 12
core   0: 3 0x800055f4 (0x0fb2) x31 0xfffff000
core   0: 0x800055f6 (0x00009fa6) c.add   t6, s1
core   0: 3 0x800055f6 (0x9fa6) x31 0xfffff000
core   0: 0x800055f8 (0x00006115) c.addi16sp sp, 288
core   0: 3 0x800055f8 (0x6115) x2  0x000002b4
core   0: 0x800055fa (0x4112d393) srai    t2, t0, 17
core   0: 3 0x800055fa (0x4112d393) x7  0x00000000
core   0: 0x800055fe (0x00008c6d) c.and   s0, a1
core   0: 3 0x800055fe (0x8c6d) x8  0x00000000
core   0: 0x80005600 (0x00008625) c.srai  a2, 9
core   0: 3 0x80005600 (0x8625) x12 0xffdd84e0
core   0: 0x80005602 (0x0064d293) srli    t0, s1, 6
core   0: 3 0x80005602 (0x0064d293) x5  0x00000000
core   0: 0x80005606 (0xcd29e413) ori     s0, s3, -814
core   0: 3 0x80005606 (0xcd29e413) x8  0xfffffcd3
core   0: 0x8000560a (0x00008c0d) c.sub   s0, a1
core   0: 3 0x8000560a (0x8c0d) x8  0xffcabcd3
core   0: 0x8000560c (0x00000001) c.nop
core   0: 3 0x8000560c (0x0001)
core   0: 0x8000560e (0x40f5dd93) srai    s11, a1, 15
core   0: 3 0x8000560e (0x40f5dd93) x27 0x0000006a
core   0: 0x80005612 (0x00008711) c.srai  a4, 4
core   0: 3 0x80005612 (0x8711) x14 0x0000002b
core   0: 0x80005614 (0x00000990) c.addi4spn a2, sp, 208
core   0: 3 0x80005614 (0x0990) x12 0x00000384
core   0: 0x80005616 (0x037842b3) div     t0, a6, s7
core   0: 3 0x80005616 (0x037842b3) x5  0x00000000
core   0: 0x8000561a (0x027c9263) bne     s9, t2, pc + 36
core   0: 3 0x8000561a (0x027c9263)
core   0: 0x8000563e (0x409dd9b3) sra     s3, s11, s1
core   0: 3 0x8000563e (0x409dd9b3) x19 0x0000006a
core   0: 0x80005642 (0x23d0bd93) sltiu   s11, ra, 573
core   0: 3 0x80005642 (0x23d0bd93) x27 0x00000000
core   0: 0x80005646 (0x02be45b3) div     a1, t3, a1
core   0: 3 0x80005646 (0x02be45b3) x11 0x00000000
core   0: 0x8000564a (0x0000587d) c.li    a6, -1
core   0: 3 0x8000564a (0x587d) x16 0xffffffff
core   0: 0x8000564c (0x00008dc1) c.or    a1, s0
core   0: 3 0x8000564c (0x8dc1) x11 0xffcabcd3
core   0: 0x8000564e (0x00008db9) c.xor   a1, a4
core   0: 3 0x8000564e (0x8db9) x11 0xffcabcf8
core   0: 0x80005650 (0x00cd49b3) xor     s3, s10, a2
core   0: 3 0x80005650 (0x00cd49b3) x19 0x00000384
core   0: 0x80005654 (0x007c9263) bne     s9, t2, pc + 4
core   0: 3 0x80005654 (0x007c9263)
core   0: 0x80005658 (0x00008c1d) c.sub   s0, a5
core   0: 3 0x80005658 (0x8c1d) x8  0xffcac1e3
core   0: 0x8000565a (0xd3787f93) andi    t6, a6, -713
core   0: 3 0x8000565a (0xd3787f93) x31 0xfffffd37
core   0: 0x8000565e (0x33974d13) xori    s10, a4, 825
core   0: 3 0x8000565e (0x33974d13) x26 0x00000312
core   0: 0x80005662 (0x037cf3b3) remu    t2, s9, s7
core   0: 3 0x80005662 (0x037cf3b3) x7  0x00000005
core   0: 0x80005666 (0x01fe4833) xor     a6, t3, t6
core   0: 3 0x80005666 (0x01fe4833) x16 0x000002c8
core   0: 0x8000566a (0x00008d0d) c.sub   a0, a1
core   0: 3 0x8000566a (0x8d0d) x10 0x00354308
core   0: 0x8000566c (0x00008d89) c.sub   a1, a0
core   0: 3 0x8000566c (0x8d89) x11 0xff9579f0
core   0: 0x8000566e (0x00008b72) c.mv    s6, t3
core   0: 3 0x8000566e (0x8b72) x22 0xffffffff
core   0: 0x80005670 (0x0138c663) blt     a7, s3, pc + 12
core   0: 3 0x80005670 (0x0138c663)
core   0: 0x8000567c (0x01b9b233) sltu    tp, s3, s11
core   0: 3 0x8000567c (0x01b9b233) x4  0x00000000
core   0: 0x80005680 (0x0330a233) mulhsu  tp, ra, s3
core   0: 3 0x80005680 (0x0330a233) x4  0xfffffe3e
core   0: 0x80005684 (0x03ee6363) bltu    t3, t5, pc + 38
core   0: 3 0x80005684 (0x03ee6363)
core   0: 0x80005688 (0x42c59137) lui     sp, 0x42c59
core   0: 3 0x80005688 (0x42c59137) x2  0x42c59000
core   0: 0x8000568c (0x00008ef5) c.and   a3, a3
core   0: 3 0x8000568c (0x8ef5) x13 0x00000000
core   0: 0x8000568e (0x93672a97) auipc   s5, 0x93672
core   0: 3 0x8000568e (0x93672a97) x21 0x1367768e
core   0: 0x80005692 (0x03aec433) div     s0, t4, s10
core   0: 3 0x80005692 (0x03aec433) x8  0x00000000
core   0: 0x80005696 (0x00006155) c.addi16sp sp, 304
core   0: 3 0x80005696 (0x6155) x2  0x42c59130
core   0: 0x80005698 (0x006e5b33) srl     s6, t3, t1
core   0: 3 0x80005698 (0x006e5b33) x22 0xffffffff
core   0: 0x8000569c (0x01f933b3) sltu    t2, s2, t6
core   0: 3 0x8000569c (0x01f933b3) x7  0x00000001
core   0: 0x800056a0 (0x000000fe) c.slli  ra, 31
core   0: 3 0x800056a0 (0x00fe) x1  0x00000000
core   0: 0x800056a2 (0x00008251) c.srli  a2, 20
core   0: 3 0x800056a2 (0x8251) x12 0x00000000
core   0: 0x800056a4 (0x00008f51) c.or    a4, a2
core   0: 3 0x800056a4 (0x8f51) x14 0x0000002b
core   0: 0x800056a6 (0x0153d233) srl     tp, t2, s5
core   0: 3 0x800056a6 (0x0153d233) x4  0x00000000
core   0: 0x800056aa (0x01439b33) sll     s6, t2, s4
core   0: 3 0x800056aa (0x01439b33) x22 0x00000002
core   0: 0x800056ae (0x00009a5a) c.add   s4, s6
core   0: 3 0x800056ae (0x9a5a) x20 0x00000003
core   0: 0x800056b0 (0x00006651) c.lui   a2, 0x14
core   0: 3 0x800056b0 (0x6651) x12 0x00014000
core   0: 0x800056b2 (0x00719233) sll     tp, gp, t2
core   0: 3 0x800056b2 (0x00719233) x4  0x00000000
core   0: 0x800056b6 (0x00d20f63) beq     tp, a3, pc + 30
core   0: 3 0x800056b6 (0x00d20f63)
core   0: 0x800056d4 (0x0000e995) c.bnez  a1, pc + 52
core   0: 3 0x800056d4 (0xe995)
core   0: 0x80005708 (0x0000026e) c.slli  tp, 27
core   0: 3 0x80005708 (0x026e) x4  0x00000000
core   0: 0x8000570a (0x01d35c63) bge     t1, t4, pc + 24
core   0: 3 0x8000570a (0x01d35c63)
core   0: 0x80005722 (0x03316463) bltu    sp, s3, pc + 40
core   0: 3 0x80005722 (0x03316463)
core   0: 0x80005726 (0x7ce2ec13) ori     s8, t0, 1998
core   0: 3 0x80005726 (0x7ce2ec13) x24 0x000007ce
core   0: 0x8000572a (0x019b1a13) slli    s4, s6, 25
core   0: 3 0x8000572a (0x019b1a13) x20 0x04000000
core   0: 0x8000572e (0x027dd5b3) divu    a1, s11, t2
core   0: 3 0x8000572e (0x027dd5b3) x11 0x00000000
core   0: 0x80005732 (0x03744533) div     a0, s0, s7
core   0: 3 0x80005732 (0x03744533) x10 0x00000000
core   0: 0x80005736 (0x015b6a63) bltu    s6, s5, pc + 20
core   0: 3 0x80005736 (0x015b6a63)
core   0: 0x8000574a (0x0000e115) c.bnez  a0, pc + 36
core   0: 3 0x8000574a (0xe115)
core   0: 0x8000574c (0x00008ee5) c.and   a3, s1
core   0: 3 0x8000574c (0x8ee5) x13 0x00000000
core   0: 0x8000574e (0x72bdbd97) auipc   s11, 0x72bdb
core   0: 3 0x8000574e (0x72bdbd97) x27 0xf2be074e
core   0: 0x80005752 (0x033116b3) mulh    a3, sp, s3
core   0: 3 0x80005752 (0x033116b3) x13 0x000000ea
core   0: 0x80005756 (0x02e64f63) blt     a2, a4, pc + 62
core   0: 3 0x80005756 (0x02e64f63)
core   0: 0x8000575a (0x023b2333) mulhsu  t1, s6, gp
core   0: 3 0x8000575a (0x023b2333) x6  0x00000000
core   0: 0x8000575e (0x00000001) c.nop
core   0: 3 0x8000575e (0x0001)
core   0: 0x80005760 (0x01040763) beq     s0, a6, pc + 14
core   0: 3 0x80005760 (0x01040763)
core   0: 0x80005764 (0x00006279) c.lui   tp, 0x1e
core   0: 3 0x80005764 (0x6279) x4  0x0001e000
core   0: 0x80005766 (0x0000011d) c.addi  sp, 7
core   0: 3 0x80005766 (0x011d) x2  0x42c59137
core   0: 0x80005768 (0x01ebb233) sltu    tp, s7, t5
core   0: 3 0x80005768 (0x01ebb233) x4  0x00000000
core   0: 0x8000576c (0x00001f08) c.addi4spn a0, sp, 944
core   0: 3 0x8000576c (0x1f08) x10 0x42c594e7
core   0: 0x8000576e (0xf7f32a93) slti    s5, t1, -129
core   0: 3 0x8000576e (0xf7f32a93) x21 0x00000000
core   0: 0x80005772 (0x40ad59b3) sra     s3, s10, a0
core   0: 3 0x80005772 (0x40ad59b3) x19 0x00000006
core   0: 0x80005776 (0x00008f95) c.sub   a5, a3
core   0: 3 0x80005776 (0x8f95) x15 0xfffffa06
core   0: 0x80005778 (0x000b9213) slli    tp, s7, 0
core   0: 3 0x80005778 (0x000b9213) x4  0x80025e64
core   0: 0x8000577c (0x0015ea33) or      s4, a1, ra
core   0: 3 0x8000577c (0x0015ea33) x20 0x00000000
core   0: 0x80005780 (0xeecaca93) xori    s5, s5, -276
core   0: 3 0x80005780 (0xeecaca93) x21 0xfffffeec
core   0: 0x80005784 (0x40d45fb3) sra     t6, s0, a3
core   0: 3 0x80005784 (0x40d45fb3) x31 0x00000000
core   0: 0x80005788 (0x02aa2cb3) mulhsu  s9, s4, a0
core   0: 3 0x80005788 (0x02aa2cb3) x25 0x00000000
core   0: 0x8000578c (0x01858b33) add     s6, a1, s8
core   0: 3 0x8000578c (0x01858b33) x22 0x000007ce
core   0: 0x80005790 (0x4d2a0593) addi    a1, s4, 1234
core   0: 3 0x80005790 (0x4d2a0593) x11 0x000004d2
core   0: 0x80005794 (0x00d51233) sll     tp, a0, a3
core   0: 3 0x80005794 (0x00d51233) x4  0x16539c00
core   0: 0x80005798 (0x0108f4b3) and     s1, a7, a6
core   0: 3 0x80005798 (0x0108f4b3) x9  0x000000c0
core   0: 0x8000579c (0x0000c58d) c.beqz  a1, pc + 42
core   0: 3 0x8000579c (0xc58d)
core   0: 0x8000579e (0x0378a733) mulhsu  a4, a7, s7
core   0: 3 0x8000579e (0x0378a733) x14 0xc0001f46
core   0: 0x800057a2 (0x91ddeb13) ori     s6, s11, -1763
core   0: 3 0x800057a2 (0x91ddeb13) x22 0xffffff5f
core   0: 0x800057a6 (0x01aeaf33) slt     t5, t4, s10
core   0: 3 0x800057a6 (0x01aeaf33) x30 0x00000001
core   0: 0x800057aa (0x02fe2c33) mulhsu  s8, t3, a5
core   0: 3 0x800057aa (0x02fe2c33) x24 0xffffffff
core   0: 0x800057ae (0x00008241) c.srli  a2, 16
core   0: 3 0x800057ae (0x8241) x12 0x00000001
core   0: 0x800057b0 (0x0f022837) lui     a6, 0xf022
core   0: 3 0x800057b0 (0x0f022837) x16 0x0f022000
core   0: 0x800057b4 (0x0000717d) c.addi16sp sp, -16
core   0: 3 0x800057b4 (0x717d) x2  0x42c59127
core   0: 0x800057b6 (0x1bf3e213) ori     tp, t2, 447
core   0: 3 0x800057b6 (0x1bf3e213) x4  0x000001bf
core   0: 0x800057ba (0x0000717d) c.addi16sp sp, -16
core   0: 3 0x800057ba (0x717d) x2  0x42c59117
core   0: 0x800057bc (0x00009316) c.add   t1, t0
core   0: 3 0x800057bc (0x9316) x6  0x00000000
core   0: 0x800057be (0x03953033) mulhu   zero, a0, s9
core   0: 3 0x800057be (0x03953033)
core   0: 0x800057c2 (0x0244f633) remu    a2, s1, tp
core   0: 3 0x800057c2 (0x0244f633) x12 0x000000c0
core   0: 0x800057c6 (0x33493e93) sltiu   t4, s2, 820
core   0: 3 0x800057c6 (0x33493e93) x29 0x00000000
core   0: 0x800057ca (0x01e91563) bne     s2, t5, pc + 10
core   0: 3 0x800057ca (0x01e91563)
core   0: 0x800057d4 (0x010c1313) slli    t1, s8, 16
core   0: 3 0x800057d4 (0x010c1313) x6  0xffff0000
core   0: 0x800057d8 (0x0000025d) c.addi  tp, 23
core   0: 3 0x800057d8 (0x025d) x4  0x000001d6
core   0: 0x800057da (0x00008e91) c.sub   a3, a2
core   0: 3 0x800057da (0x8e91) x13 0x0000002a
core   0: 0x800057dc (0xad7d2593) slti    a1, s10, -1321
core   0: 3 0x800057dc (0xad7d2593) x11 0x00000000
core   0: 0x800057e0 (0x0000717d) c.addi16sp sp, -16
core   0: 3 0x800057e0 (0x717d) x2  0x42c59107
core   0: 0x800057e2 (0x030af863) bgeu    s5, a6, pc + 48
core   0: 3 0x800057e2 (0x030af863)
core   0: 0x80005812 (0x00528b33) add     s6, t0, t0
core   0: 3 0x80005812 (0x00528b33) x22 0x00000000
core   0: 0x80005816 (0xf388df17) auipc   t5, 0xf388d
core   0: 3 0x80005816 (0xf388df17) x30 0x73892816
core   0: 0x8000581a (0x033b34b3) mulhu   s1, s6, s3
core   0: 3 0x8000581a (0x033b34b3) x9  0x00000000
core   0: 0x8000581e (0x014bed63) bltu    s7, s4, pc + 26
core   0: 3 0x8000581e (0x014bed63)
core   0: 0x80005822 (0x00009a1a) c.add   s4, t1
core   0: 3 0x80005822 (0x9a1a) x20 0xffff0000
core   0: 0x80005824 (0x036b4833) div     a6, s6, s6
core   0: 3 0x80005824 (0x036b4833) x16 0xffffffff
core   0: 0x80005828 (0xbe0dc513) xori    a0, s11, -1056
core   0: 3 0x80005828 (0xbe0dc513) x10 0x0d41fcae
core   0: 0x8000582c (0x01229d63) bne     t0, s2, pc + 26
core   0: 3 0x8000582c (0x01229d63)
core   0: 0x80005846 (0x01dc4d33) xor     s10, s8, t4
core   0: 3 0x80005846 (0x01dc4d33) x26 0xffffffff
core   0: 0x8000584a (0x025a7a33) remu    s4, s4, t0
core   0: 3 0x8000584a (0x025a7a33) x20 0xffff0000
core   0: 0x8000584e (0x000083e9) c.srli  a5, 26
core   0: 3 0x8000584e (0x83e9) x15 0x0000003f
core   0: 0x80005850 (0x01f99663) bne     s3, t6, pc + 12
core   0: 3 0x80005850 (0x01f99663)
core   0: 0x8000585c (0xba428c17) auipc   s8, 0xba428
core   0: 3 0x8000585c (0xba428c17) x24 0x3a42d85c
core   0: 0x80005860 (0x0226f117) auipc   sp, 0x226f
core   0: 3 0x80005860 (0x0226f117) x2  0x82274860
core   0: 0x80005864 (0x03eaadb3) mulhsu  s11, s5, t5
core   0: 3 0x80005864 (0x03eaadb3) x27 0xffffff83
core   0: 0x80005868 (0x01539513) slli    a0, t2, 21
core   0: 3 0x80005868 (0x01539513) x10 0x00200000
core   0: 0x8000586c (0x0000ed99) c.bnez  a1, pc + 30
core   0: 3 0x8000586c (0xed99)
core   0: 0x8000586e (0xdf8b4213) xori    tp, s6, -520
core   0: 3 0x8000586e (0xdf8b4213) x4  0xfffffdf8
core   0: 0x80005872 (0x03074833) div     a6, a4, a6
core   0: 3 0x80005872 (0x03074833) x16 0x3fffe0ba
core   0: 0x80005876 (0x00000001) c.nop
core   0: 3 0x80005876 (0x0001)
core   0: 0x80005878 (0x05ca0e13) addi    t3, s4, 92
core   0: 3 0x80005878 (0x05ca0e13) x28 0xffff005c
core   0: 0x8000587c (0x00fadd13) srli    s10, s5, 15
core   0: 3 0x8000587c (0x00fadd13) x26 0x0001ffff
core   0: 0x80005880 (0x0087e5b3) or      a1, a5, s0
core   0: 3 0x80005880 (0x0087e5b3) x11 0x0000003f
core   0: 0x80005884 (0x02ea6833) rem     a6, s4, a4
core   0: 3 0x80005884 (0x02ea6833) x16 0xffff0000
core   0: 0x80005888 (0x00001400) c.addi4spn s0, sp, 544
core   0: 3 0x80005888 (0x1400) x8  0x82274a80
core   0: 0x8000588a (0x01650a33) add     s4, a0, s6
core   0: 3 0x8000588a (0x01650a33) x20 0x00200000
core   0: 0x8000588e (0x00008f69) c.and   a4, a0
core   0: 3 0x8000588e (0x8f69) x14 0x00000000
core   0: 0x80005890 (0x553ff993) andi    s3, t6, 1363
core   0: 3 0x80005890 (0x553ff993) x19 0x00000000
core   0: 0x80005894 (0x00008e0d) c.sub   a2, a1
core   0: 3 0x80005894 (0x8e0d) x12 0x00000081
core   0: 0x80005896 (0xba742293) slti    t0, s0, -1113
core   0: 3 0x80005896 (0xba742293) x5  0x00000001
core   0: 0x8000589a (0x40bad493) srai    s1, s5, 11
core   0: 3 0x8000589a (0x40bad493) x9  0xffffffff
core   0: 0x8000589e (0x02e3edb3) rem     s11, t2, a4
core   0: 3 0x8000589e (0x02e3edb3) x27 0x00000001
core   0: 0x800058a2 (0x03ec7233) remu    tp, s8, t5
core   0: 3 0x800058a2 (0x03ec7233) x4  0x3a42d85c
core   0: 0x800058a6 (0x00ee5c63) bge     t3, a4, pc + 24
core   0: 3 0x800058a6 (0x00ee5c63)
core   0: 0x800058aa (0x4077d613) srai    a2, a5, 7
core   0: 3 0x800058aa (0x4077d613) x12 0x00000000
core   0: 0x800058ae (0x000087b1) c.srai  a5, 12
core   0: 3 0x800058ae (0x87b1) x15 0x00000000
core   0: 0x800058b0 (0x00009d72) c.add   s10, t3
core   0: 3 0x800058b0 (0x9d72) x26 0x0001005b
core   0: 0x800058b2 (0x01dd1133) sll     sp, s10, t4
core   0: 3 0x800058b2 (0x01dd1133) x2  0x0001005b
core   0: 0x800058b6 (0x41525213) srai    tp, tp, 21
core   0: 3 0x800058b6 (0x41525213) x4  0x000001d2
core   0: 0x800058ba (0xb30c1337) lui     t1, 0xb30c1
core   0: 3 0x800058ba (0xb30c1337) x6  0xb30c1000
core   0: 0x800058be (0x00940663) beq     s0, s1, pc + 12
core   0: 3 0x800058be (0x00940663)
core   0: 0x800058c2 (0x00ffa233) slt     tp, t6, a5
core   0: 3 0x800058c2 (0x00ffa233) x4  0x00000000
core   0: 0x800058c6 (0xbbbd4993) xori    s3, s10, -1093
core   0: 3 0x800058c6 (0xbbbd4993) x19 0xfffefbe0
core   0: 0x800058ca (0x00000df2) c.slli  s11, 28
core   0: 3 0x800058ca (0x0df2) x27 0x10000000
core   0: 0x800058cc (0x000004fa) c.slli  s1, 30
core   0: 3 0x800058cc (0x04fa) x9  0xc0000000
core   0: 0x800058ce (0x00000001) c.nop
core   0: 3 0x800058ce (0x0001)
core   0: 0x800058d0 (0x00009fca) c.add   t6, s2
core   0: 3 0x800058d0 (0x9fca) x31 0x8c90aa29
core   0: 0x800058d2 (0x01e61eb3) sll     t4, a2, t5
core   0: 3 0x800058d2 (0x01e61eb3) x29 0x00000000
core   0: 0x800058d6 (0x000080b9) c.srli  s1, 14
core   0: 3 0x800058d6 (0x80b9) x9  0x00030000
core   0: 0x800058d8 (0x01c92533) slt     a0, s2, t3
core   0: 3 0x800058d8 (0x01c92533) x10 0x00000001
core   0: 0x800058dc (0xea876e13) ori     t3, a4, -344
core   0: 3 0x800058dc (0xea876e13) x28 0xfffffea8
core   0: 0x800058e0 (0x000900b3) add     ra, s2, zero
core   0: 3 0x800058e0 (0x000900b3) x1  0x8c90aa29
core   0: 0x800058e4 (0x000883b3) add     t2, a7, zero
core   0: 3 0x800058e4 (0x000883b3) x7  0x80029ce4
core   0: 0x800058e8 (0x000084ed) c.srai  s1, 27
core   0: 3 0x800058e8 (0x84ed) x9  0x00000000
core   0: 0x800058ea (0x002a0233) add     tp, s4, sp
core   0: 3 0x800058ea (0x002a0233) x4  0x0021005b
core   0: 0x800058ee (0x00000a19) c.addi  s4, 6
core   0: 3 0x800058ee (0x0a19) x20 0x00200006
core   0: 0x800058f0 (0x00005efd) c.li    t4, -1
core   0: 3 0x800058f0 (0x5efd) x29 0xffffffff
core   0: 0x800058f2 (0x412e82b3) sub     t0, t4, s2
core   0: 3 0x800058f2 (0x412e82b3) x5  0x736f55d6
core   0: 0x800058f6 (0x00008d51) c.or    a0, a2
core   0: 3 0x800058f6 (0x8d51) x10 0x00000001
core   0: 0x800058f8 (0x000080e9) c.srli  s1, 26
core   0: 3 0x800058f8 (0x80e9) x9  0x00000000
core   0: 0x800058fa (0x63ff2f13) slti    t5, t5, 1599
core   0: 3 0x800058fa (0x63ff2f13) x30 0x00000000
core   0: 0x800058fe (0xeeb66193) ori     gp, a2, -277
core   0: 3 0x800058fe (0xeeb66193) x3  0xfffffeeb
core   0: 0x80005902 (0xde8b2d13) slti    s10, s6, -536
core   0: 3 0x80005902 (0xde8b2d13) x26 0x00000000
core   0: 0x80005906 (0x03663d33) mulhu   s10, a2, s6
core   0: 3 0x80005906 (0x03663d33) x26 0x00000000
core   0: 0x8000590a (0x017f1363) bne     t5, s7, pc + 6
core   0: 3 0x8000590a (0x017f1363)
core   0: 0x80005910 (0x000043c5) c.li    t2, 17
core   0: 3 0x80005910 (0x43c5) x7  0x00000011
core   0: 0x80005912 (0x04686e37) lui     t3, 0x4686
core   0: 3 0x80005912 (0x04686e37) x28 0x04686000
core   0: 0x80005916 (0x0000c68d) c.beqz  a3, pc + 42
core   0: 3 0x80005916 (0xc68d)
core   0: 0x80005918 (0x02b79b63) bne     a5, a1, pc + 54
core   0: 3 0x80005918 (0x02b79b63)
core   0: 0x8000594e (0x031e2b33) mulhsu  s6, t3, a7
core   0: 3 0x8000594e (0x031e2b33) x22 0x02343b84
core   0: 0x80005952 (0x00000001) c.nop
core   0: 3 0x80005952 (0x0001)
core   0: 0x80005954 (0x57bba493) slti    s1, s7, 1403
core   0: 3 0x80005954 (0x57bba493) x9  0x00000001
core   0: 0x80005958 (0x41ae8e33) sub     t3, t4, s10
core   0: 3 0x80005958 (0x41ae8e33) x28 0xffffffff
core   0: 0x8000595c (0x00000890) c.addi4spn a2, sp, 80
core   0: 3 0x8000595c (0x0890) x12 0x000100ab
core   0: 0x8000595e (0x417f0e33) sub     t3, t5, s7
core   0: 3 0x8000595e (0x417f0e33) x28 0x7ffda19c
core   0: 0x80005962 (0x00008fe6) c.mv    t6, s9
core   0: 3 0x80005962 (0x8fe6) x31 0x00000000
core   0: 0x80005964 (0x001e9533) sll     a0, t4, ra
core   0: 3 0x80005964 (0x001e9533) x10 0xfffffe00
core   0: 0x80005968 (0x00cff663) bgeu    t6, a2, pc + 12
core   0: 3 0x80005968 (0x00cff663)
core   0: 0x8000596c (0x000061d1) c.lui   gp, 0x14
core   0: 3 0x8000596c (0x61d1) x3  0x00014000
core   0: 0x8000596e (0x41c98b33) sub     s6, s3, t3
core   0: 3 0x8000596e (0x41c98b33) x22 0x80015a44
core   0: 0x80005972 (0x000097ba) c.add   a5, a4
core   0: 3 0x80005972 (0x97ba) x15 0x00000000
core   0: 0x80005974 (0x0243bcb3) mulhu   s9, t2, tp
core   0: 3 0x80005974 (0x0243bcb3) x25 0x00000000
core   0: 0x80005978 (0x5846fd93) andi    s11, a3, 1412
core   0: 3 0x80005978 (0x5846fd93) x27 0x00000000
core   0: 0x8000597c (0x02eff7b3) remu    a5, t6, a4
core   0: 3 0x8000597c (0x02eff7b3) x15 0x00000000
core   0: 0x80005980 (0x00005efd) c.li    t4, -1
core   0: 3 0x80005980 (0x5efd) x29 0xffffffff
core   0: 0x80005982 (0xf2c86293) ori     t0, a6, -212
core   0: 3 0x80005982 (0xf2c86293) x5  0xffffff2c
core   0: 0x80005986 (0x00005c7d) c.li    s8, -1
core   0: 3 0x80005986 (0x5c7d) x24 0xffffffff
core   0: 0x80005988 (0x01d54a33) xor     s4, a0, t4
core   0: 3 0x80005988 (0x01d54a33) x20 0x000001ff
core   0: 0x8000598c (0x01bac0b3) xor     ra, s5, s11
core   0: 3 0x8000598c (0x01bac0b3) x1  0xfffffeec
core   0: 0x80005990 (0x012af863) bgeu    s5, s2, pc + 16
core   0: 3 0x80005990 (0x012af863)
core   0: 0x800059a0 (0x4169d433) sra     s0, s3, s6
core   0: 3 0x800059a0 (0x4169d433) x8  0xffffefbe
core   0: 0x800059a4 (0x00000001) c.nop
core   0: 3 0x800059a4 (0x0001)
core   0: 0x800059a6 (0x000087a9) c.srai  a5, 10
core   0: 3 0x800059a6 (0x87a9) x15 0x00000000
core   0: 0x800059a8 (0x002b7eb3) and     t4, s6, sp
core   0: 3 0x800059a8 (0x002b7eb3) x29 0x00010040
core   0: 0x800059ac (0x0000831d) c.srli  a4, 7
core   0: 3 0x800059ac (0x831d) x14 0x00000000
core   0: 0x800059ae (0xadc0f293) andi    t0, ra, -1316
core   0: 3 0x800059ae (0xadc0f293) x5  0xfffffacc
core   0: 0x800059b2 (0x0000c615) c.beqz  a2, pc + 44
core   0: 3 0x800059b2 (0xc615)
core   0: 0x800059b4 (0x40685993) srai    s3, a6, 6
core   0: 3 0x800059b4 (0x40685993) x19 0xfffffc00
core   0: 0x800059b8 (0x00401d13) slli    s10, zero, 4
core   0: 3 0x800059b8 (0x00401d13) x26 0x00000000
core   0: 0x800059bc (0x0000612d) c.addi16sp sp, 224
core   0: 3 0x800059bc (0x612d) x2  0x0001013b
core   0: 0x800059be (0x03296063) bltu    s2, s2, pc + 32
core   0: 3 0x800059be (0x03296063)
core   0: 0x800059c2 (0xb9b72db7) lui     s11, 0xb9b72
core   0: 3 0x800059c2 (0xb9b72db7) x27 0xb9b72000
core   0: 0x800059c6 (0x037c0463) beq     s8, s7, pc + 40
core   0: 3 0x800059c6 (0x037c0463)
core   0: 0x800059ca (0x6106a193) slti    gp, a3, 1552
core   0: 3 0x800059ca (0x6106a193) x3  0x00000001
core   0: 0x800059ce (0x00000001) c.nop
core   0: 3 0x800059ce (0x0001)
core   0: 0x800059d0 (0x9853ba93) sltiu   s5, t2, -1659
core   0: 3 0x800059d0 (0x9853ba93) x21 0x00000001
core   0: 0x800059d4 (0x00000786) c.slli  a5, 1
core   0: 3 0x800059d4 (0x0786) x15 0x00000000
core   0: 0x800059d6 (0x00009afd) c.andi  a3, -1
core   0: 3 0x800059d6 (0x9afd) x13 0x0000002a
core   0: 0x800059d8 (0x00000001) c.nop
core   0: 3 0x800059d8 (0x0001)
core   0: 0x800059da (0x0000537d) c.li    t1, -1
core   0: 3 0x800059da (0x537d) x6  0xffffffff
core   0: 0x800059dc (0x000094da) c.add   s1, s6
core   0: 3 0x800059dc (0x94da) x9  0x80015a45
core   0: 0x800059de (0x6567fe93) andi    t4, a5, 1622
core   0: 3 0x800059de (0x6567fe93) x29 0x00000000
core   0: 0x800059e2 (0x41f60213) addi    tp, a2, 1055
core   0: 3 0x800059e2 (0x41f60213) x4  0x000104ca
core   0: 0x800059e6 (0x00794a33) xor     s4, s2, t2
core   0: 3 0x800059e6 (0x00794a33) x20 0x8c90aa38
core   0: 0x800059ea (0x03ff0f33) mul     t5, t5, t6
core   0: 3 0x800059ea (0x03ff0f33) x30 0x00000000
core   0: 0x800059ee (0x000099fd) c.andi  a1, -1
core   0: 3 0x800059ee (0x99fd) x11 0x0000003f
core   0: 0x800059f0 (0x0000086a) c.slli  a6, 26
core   0: 3 0x800059f0 (0x086a) x16 0x00000000
core   0: 0x800059f2 (0x00000001) c.nop
core   0: 3 0x800059f2 (0x0001)
core   0: 0x800059f4 (0xba986693) ori     a3, a6, -1111
core   0: 3 0x800059f4 (0xba986693) x13 0xfffffba9
core   0: 0x800059f8 (0x03045d63) bge     s0, a6, pc + 58
core   0: 3 0x800059f8 (0x03045d63)
core   0: 0x800059fc (0x00008709) c.srai  a4, 2
core   0: 3 0x800059fc (0x8709) x14 0x00000000
core   0: 0x800059fe (0x00970133) add     sp, a4, s1
core   0: 3 0x800059fe (0x00970133) x2  0x80015a45
core   0: 0x80005a02 (0x00009b1e) c.add   s6, t2
core   0: 3 0x80005a02 (0x9b1e) x22 0x80015a55
core   0: 0x80005a04 (0x025f8963) beq     t6, t0, pc + 50
core   0: 3 0x80005a04 (0x025f8963)
core   0: 0x80005a08 (0x9096fcb7) lui     s9, 0x9096f
core   0: 3 0x80005a08 (0x9096fcb7) x25 0x9096f000
core   0: 0x80005a0c (0x0000e389) c.bnez  a5, pc + 2
core   0: 3 0x80005a0c (0xe389)
core   0: 0x80005a0e (0x00008ff9) c.and   a5, a4
core   0: 3 0x80005a0e (0x8ff9) x15 0x00000000
core   0: 0x80005a10 (0x00008d89) c.sub   a1, a0
core   0: 3 0x80005a10 (0x8d89) x11 0x0000023f
core   0: 0x80005a12 (0x9d2b6e13) ori     t3, s6, -1582
core   0: 3 0x80005a12 (0x9d2b6e13) x28 0xfffffbd7
core   0: 0x80005a16 (0x00000001) c.nop
core   0: 3 0x80005a16 (0x0001)
core   0: 0x80005a18 (0x402c8613) addi    a2, s9, 1026
core   0: 3 0x80005a18 (0x402c8613) x12 0x9096f402
core   0: 0x80005a1c (0x00fabc33) sltu    s8, s5, a5
core   0: 3 0x80005a1c (0x00fabc33) x24 0x00000000
core   0: 0x80005a20 (0x03e91263) bne     s2, t5, pc + 36
core   0: 3 0x80005a20 (0x03e91263)
core   0: 0x80005a44 (0x00008e7d) c.and   a2, a5
core   0: 3 0x80005a44 (0x8e7d) x12 0x00000000
core   0: 0x80005a46 (0x41f1d613) srai    a2, gp, 31
core   0: 3 0x80005a46 (0x41f1d613) x12 0x00000000
core   0: 0x80005a4a (0x00000001) c.nop
core   0: 3 0x80005a4a (0x0001)
core   0: 0x80005a4c (0x05621363) bne     tp, s6, pc + 70
core   0: 3 0x80005a4c (0x05621363)
core   0: 0x80005a92 (0x73548313) addi    t1, s1, 1845
core   0: 3 0x80005a92 (0x73548313) x6  0x8001617a
core   0: 0x80005a96 (0x00008709) c.srai  a4, 2
core   0: 3 0x80005a96 (0x8709) x14 0x00000000
core   0: 0x80005a98 (0x00d871b3) and     gp, a6, a3
core   0: 3 0x80005a98 (0x00d871b3) x3  0x00000000
core   0: 0x80005a9c (0x00008ed1) c.or    a3, a2
core   0: 3 0x80005a9c (0x8ed1) x13 0xfffffba9
core   0: 0x80005a9e (0x00005dfd) c.li    s11, -1
core   0: 3 0x80005a9e (0x5dfd) x27 0xffffffff
core   0: 0x80005aa0 (0x00e73633) sltu    a2, a4, a4
core   0: 3 0x80005aa0 (0x00e73633) x12 0x00000000
core   0: 0x80005aa4 (0x01ed7363) bgeu    s10, t5, pc + 6
core   0: 3 0x80005aa4 (0x01ed7363)
core   0: 0x80005aaa (0xfed1ec93) ori     s9, gp, -19
core   0: 3 0x80005aaa (0xfed1ec93) x25 0xffffffed
core   0: 0x80005aae (0x0000614d) c.addi16sp sp, 176
core   0: 3 0x80005aae (0x614d) x2  0x80015af5
core   0: 0x80005ab0 (0x00004555) c.li    a0, 21
core   0: 3 0x80005ab0 (0x4555) x10 0x00000015
core   0: 0x80005ab2 (0x00009bfd) c.andi  a5, -1
core   0: 3 0x80005ab2 (0x9bfd) x15 0x00000000
core   0: 0x80005ab4 (0x00008e31) c.xor   a2, a2
core   0: 3 0x80005ab4 (0x8e31) x12 0x00000000
core   0: 0x80005ab6 (0x00719b13) slli    s6, gp, 7
core   0: 3 0x80005ab6 (0x00719b13) x22 0x00000000
core   0: 0x80005aba (0x00b0ffb3) and     t6, ra, a1
core   0: 3 0x80005aba (0x00b0ffb3) x31 0x0000022c
core   0: 0x80005abe (0x023e9e63) bne     t4, gp, pc + 60
core   0: 3 0x80005abe (0x023e9e63)
core   0: 0x80005ac2 (0x00009cde) c.add   s9, s7
core   0: 3 0x80005ac2 (0x9cde) x25 0x80025e51
core   0: 0x80005ac4 (0x03edc0b3) div     ra, s11, t5
core   0: 3 0x80005ac4 (0x03edc0b3) x1  0xffffffff
core   0: 0x80005ac8 (0xf2356d93) ori     s11, a0, -221
core   0: 3 0x80005ac8 (0xf2356d93) x27 0xffffff37
core   0: 0x80005acc (0x0000157d) c.addi  a0, -1
core   0: 3 0x80005acc (0x157d) x10 0x00000014
core   0: 0x80005ace (0x03877733) remu    a4, a4, s8
core   0: 3 0x80005ace (0x03877733) x14 0x00000000
core   0: 0x80005ad2 (0x00820f33) add     t5, tp, s0
core   0: 3 0x80005ad2 (0x00820f33) x30 0x0000f488
core   0: 0x80005ad6 (0x41cc8d33) sub     s10, s9, t3
core   0: 3 0x80005ad6 (0x41cc8d33) x26 0x8002627a
core   0: 0x80005ada (0x002ca333) slt     t1, s9, sp
core   0: 3 0x80005ada (0x002ca333) x6  0x00000000
core   0: 0x80005ade (0x01248763) beq     s1, s2, pc + 14
core   0: 3 0x80005ade (0x01248763)
core   0: 0x80005ae2 (0x03aea733) mulhsu  a4, t4, s10
core   0: 3 0x80005ae2 (0x03aea733) x14 0x00000000
core   0: 0x80005ae6 (0x00008039) c.srli  s0, 14
core   0: 3 0x80005ae6 (0x8039) x8  0x0003ffff
core   0: 0x80005ae8 (0x00199793) slli    a5, s3, 1
core   0: 3 0x80005ae8 (0x00199793) x15 0xfffff800
core   0: 0x80005aec (0x032889b3) mul     s3, a7, s2
core   0: 3 0x80005aec (0x032889b3) x19 0x2cda8884
core   0: 0x80005af0 (0x00001410) c.addi4spn a2, sp, 544
core   0: 3 0x80005af0 (0x1410) x12 0x80015d15
core   0: 0x80005af2 (0x2a273f13) sltiu   t5, a4, 674
core   0: 3 0x80005af2 (0x2a273f13) x30 0x00000001
core   0: 0x80005af6 (0x02c89ab3) mulh    s5, a7, a2
core   0: 3 0x80005af6 (0x02c89ab3) x21 0x3ffe0307
core   0: 0x80005afa (0x03b80463) beq     a6, s11, pc + 40
core   0: 3 0x80005afa (0x03b80463)
core   0: 0x80005afe (0x00ea8e63) beq     s5, a4, pc + 28
core   0: 3 0x80005afe (0x00ea8e63)
core   0: 0x80005b02 (0x023d09b3) mul     s3, s10, gp
core   0: 3 0x80005b02 (0x023d09b3) x19 0x00000000
core   0: 0x80005b06 (0x0000c209) c.beqz  a2, pc + 2
core   0: 3 0x80005b06 (0xc209)
core   0: 0x80005b08 (0x00deeab3) or      s5, t4, a3
core   0: 3 0x80005b08 (0x00deeab3) x21 0xfffffba9
core   0: 0x80005b0c (0x03a157b3) divu    a5, sp, s10
core   0: 3 0x80005b0c (0x03a157b3) x15 0x00000000
core   0: 0x80005b10 (0x03e31733) mulh    a4, t1, t5
core   0: 3 0x80005b10 (0x03e31733) x14 0x00000000
core   0: 0x80005b14 (0x00000fca) c.slli  t6, 18
core   0: 3 0x80005b14 (0x0fca) x31 0x08b00000
core   0: 0x80005b16 (0x01ab9433) sll     s0, s7, s10
core   0: 3 0x80005b16 (0x01ab9433) x8  0x90000000
core   0: 0x80005b1a (0xd515b193) sltiu   gp, a1, -687
core   0: 3 0x80005b1a (0xd515b193) x3  0x00000001
core   0: 0x80005b1e (0x046f5463) bge     t5, t1, pc + 72
core   0: 3 0x80005b1e (0x046f5463)
core   0: 0x80005b66 (0x0046e433) or      s0, a3, tp
core   0: 3 0x80005b66 (0x0046e433) x8  0xffffffeb
core   0: 0x80005b6a (0x0000ce1d) c.beqz  a2, pc + 62
core   0: 3 0x80005b6a (0xce1d)
core   0: 0x80005b6c (0x00000d9e) c.slli  s11, 7
core   0: 3 0x80005b6c (0x0d9e) x27 0xffff9b80
core   0: 0x80005b6e (0x00000001) c.nop
core   0: 3 0x80005b6e (0x0001)
core   0: 0x80005b70 (0x00008c4d) c.or    s0, a1
core   0: 3 0x80005b70 (0x8c4d) x8  0xffffffff
core   0: 0x80005b72 (0x0000c58d) c.beqz  a1, pc + 42
core   0: 3 0x80005b72 (0xc58d)
core   0: 0x80005b74 (0x03f41263) bne     s0, t6, pc + 36
core   0: 3 0x80005b74 (0x03f41263)
core   0: 0x80005b98 (0x410f8fb3) sub     t6, t6, a6
core   0: 3 0x80005b98 (0x410f8fb3) x31 0x08b00000
core   0: 0x80005b9c (0x19d28997) auipc   s3, 0x19d28
core   0: 3 0x80005b9c (0x19d28997) x19 0x99d2db9c
core   0: 0x80005ba0 (0x02f707b3) mul     a5, a4, a5
core   0: 3 0x80005ba0 (0x02f707b3) x15 0x00000000
core   0: 0x80005ba4 (0x02b53e33) mulhu   t3, a0, a1
core   0: 3 0x80005ba4 (0x02b53e33) x28 0x00000000
core   0: 0x80005ba8 (0x00008f55) c.or    a4, a3
core   0: 3 0x80005ba8 (0x8f55) x14 0xfffffba9
core   0: 0x80005baa (0x044fc363) blt     t6, tp, pc + 70
core   0: 3 0x80005baa (0x044fc363)
core   0: 0x80005bae (0x41c00133) sub     sp, zero, t3
core   0: 3 0x80005bae (0x41c00133) x2  0x00000000
core   0: 0x80005bb2 (0x000082e9) c.srli  a3, 26
core   0: 3 0x80005bb2 (0x82e9) x13 0x0000003f
core   0: 0x80005bb4 (0x014af833) and     a6, s5, s4
core   0: 3 0x80005bb4 (0x014af833) x16 0x8c90aa28
core   0: 0x80005bb8 (0x024a2cb3) mulhsu  s9, s4, tp
core   0: 3 0x80005bb8 (0x024a2cb3) x25 0xffff8a67
core   0: 0x80005bbc (0x01122cb3) slt     s9, tp, a7
core   0: 3 0x80005bbc (0x01122cb3) x25 0x00000000
core   0: 0x80005bc0 (0x00000001) c.nop
core   0: 3 0x80005bc0 (0x0001)
core   0: 0x80005bc2 (0x000330b3) sltu    ra, t1, zero
core   0: 3 0x80005bc2 (0x000330b3) x1  0x00000000
core   0: 0x80005bc6 (0x02bdf633) remu    a2, s11, a1
core   0: 3 0x80005bc6 (0x02bdf633) x12 0x00000157
core   0: 0x80005bca (0x03ca2833) mulhsu  a6, s4, t3
core   0: 3 0x80005bca (0x03ca2833) x16 0x00000000
core   0: 0x80005bce (0x00b9d4b3) srl     s1, s3, a1
core   0: 3 0x80005bce (0x00b9d4b3) x9  0x00000001
core   0: 0x80005bd2 (0x12633b13) sltiu   s6, t1, 294
core   0: 3 0x80005bd2 (0x12633b13) x22 0x00000001
core   0: 0x80005bd6 (0x40738cb3) sub     s9, t2, t2
core   0: 3 0x80005bd6 (0x40738cb3) x25 0x00000000
core   0: 0x80005bda (0x02fa7863) bgeu    s4, a5, pc + 48
core   0: 3 0x80005bda (0x02fa7863)
core   0: 0x80005c0a (0x00008d41) c.or    a0, s0
core   0: 3 0x80005c0a (0x8d41) x10 0xffffffff
core   0: 0x80005c0c (0x015a0963) beq     s4, s5, pc + 18
core   0: 3 0x80005c0c (0x015a0963)
core   0: 0x80005c10 (0x017a5b33) srl     s6, s4, s7
core   0: 3 0x80005c10 (0x017a5b33) x22 0x08c90aa3
core   0: 0x80005c14 (0x00008c55) c.or    s0, a3
core   0: 3 0x80005c14 (0x8c55) x8  0xffffffff
core   0: 0x80005c16 (0x00669393) slli    t2, a3, 6
core   0: 3 0x80005c16 (0x00669393) x7  0x00000fc0
core   0: 0x80005c1a (0xa76c0f93) addi    t6, s8, -1418
core   0: 3 0x80005c1a (0xa76c0f93) x31 0xfffffa76
core   0: 0x80005c1e (0x00009442) c.add   s0, a6
core   0: 3 0x80005c1e (0x9442) x8  0xffffffff
core   0: 0x80005c20 (0x0000c985) c.beqz  a1, pc + 48
core   0: 3 0x80005c20 (0xc985)
core   0: 0x80005c22 (0x00008fd5) c.or    a5, a3
core   0: 3 0x80005c22 (0x8fd5) x15 0x0000003f
core   0: 0x80005c24 (0x01405493) srli    s1, zero, 20
core   0: 3 0x80005c24 (0x01405493) x9  0x00000000
core   0: 0x80005c28 (0x029c0063) beq     s8, s1, pc + 32
core   0: 3 0x80005c28 (0x029c0063)
core   0: 0x80005c48 (0x0fb80013) addi    zero, a6, 251
core   0: 3 0x80005c48 (0x0fb80013)
core   0: 0x80005c4c (0x01f81ab3) sll     s5, a6, t6
core   0: 3 0x80005c4c (0x01f81ab3) x21 0x00000000
core   0: 0x80005c50 (0x0000636d) c.lui   t1, 0x1b
core   0: 3 0x80005c50 (0x636d) x6  0x0001b000
core   0: 0x80005c52 (0x0000c601) c.beqz  a2, pc + 8
core   0: 3 0x80005c52 (0xc601)
core   0: 0x80005c54 (0x782fb393) sltiu   t2, t6, 1922
core   0: 3 0x80005c54 (0x782fb393) x7  0x00000000
core   0: 0x80005c58 (0x00000001) c.nop
core   0: 3 0x80005c58 (0x0001)
core   0: 0x80005c5a (0x62ac2f13) slti    t5, s8, 1578
core   0: 3 0x80005c5a (0x62ac2f13) x30 0x00000001
core   0: 0x80005c5e (0x01167b33) and     s6, a2, a7
core   0: 3 0x80005c5e (0x01167b33) x22 0x00000044
core   0: 0x80005c62 (0x0203b533) mulhu   a0, t2, zero
core   0: 3 0x80005c62 (0x0203b533) x10 0x00000000
core   0: 0x80005c66 (0x0325e133) rem     sp, a1, s2
core   0: 3 0x80005c66 (0x0325e133) x2  0x0000023f
core   0: 0x80005c6a (0x40f55993) srai    s3, a0, 15
core   0: 3 0x80005c6a (0x40f55993) x19 0x00000000
core   0: 0x80005c6e (0x00e01093) slli    ra, zero, 14
core   0: 3 0x80005c6e (0x00e01093) x1  0x00000000
core   0: 0x80005c72 (0x018a2ab3) slt     s5, s4, s8
core   0: 3 0x80005c72 (0x018a2ab3) x21 0x00000001
core   0: 0x80005c76 (0x0334b5b3) mulhu   a1, s1, s3
core   0: 3 0x80005c76 (0x0334b5b3) x11 0x00000000
core   0: 0x80005c7a (0x0000997d) c.andi  a0, -1
core   0: 3 0x80005c7a (0x997d) x10 0x00000000
core   0: 0x80005c7c (0x00008ef9) c.and   a3, a4
core   0: 3 0x80005c7c (0x8ef9) x13 0x00000029
core   0: 0x80005c7e (0x00008ecd) c.or    a3, a1
core   0: 3 0x80005c7e (0x8ecd) x13 0x00000029
core   0: 0x80005c80 (0x00008b8d) c.andi  a5, 3
core   0: 3 0x80005c80 (0x8b8d) x15 0x00000003
core   0: 0x80005c82 (0x3a3a4d13) xori    s10, s4, 931
core   0: 3 0x80005c82 (0x3a3a4d13) x26 0x8c90a99b
core   0: 0x80005c86 (0x028c0e33) mul     t3, s8, s0
core   0: 3 0x80005c86 (0x028c0e33) x28 0x00000000
core   0: 0x80005c8a (0x00000001) c.nop
core   0: 3 0x80005c8a (0x0001)
core   0: 0x80005c8c (0x0000717d) c.addi16sp sp, -16
core   0: 3 0x80005c8c (0x717d) x2  0x0000022f
core   0: 0x80005c8e (0x0363b633) mulhu   a2, t2, s6
core   0: 3 0x80005c8e (0x0363b633) x12 0x00000000
core   0: 0x80005c92 (0x03226db3) rem     s11, tp, s2
core   0: 3 0x80005c92 (0x03226db3) x27 0x000104ca
core   0: 0x80005c96 (0x0000867d) c.srai  a2, 31
core   0: 3 0x80005c96 (0x867d) x12 0x00000000
core   0: 0x80005c98 (0x01d59b13) slli    s6, a1, 29
core   0: 3 0x80005c98 (0x01d59b13) x22 0x00000000
core   0: 0x80005c9c (0x00b19eb3) sll     t4, gp, a1
core   0: 3 0x80005c9c (0x00b19eb3) x29 0x00000001
core   0: 0x80005ca0 (0x026caeb3) mulhsu  t4, s9, t1
core   0: 3 0x80005ca0 (0x026caeb3) x29 0x00000000
core   0: 0x80005ca4 (0x0000527d) c.li    tp, -1
core   0: 3 0x80005ca4 (0x527d) x4  0xffffffff
core   0: 0x80005ca6 (0x40ee5993) srai    s3, t3, 14
core   0: 3 0x80005ca6 (0x40ee5993) x19 0x00000000
core   0: 0x80005caa (0x025429b3) mulhsu  s3, s0, t0
core   0: 3 0x80005caa (0x025429b3) x19 0xffffffff
core   0: 0x80005cae (0x01e9da63) bge     s3, t5, pc + 20
core   0: 3 0x80005cae (0x01e9da63)
core   0: 0x80005cb2 (0x02c6e1b3) rem     gp, a3, a2
core   0: 3 0x80005cb2 (0x02c6e1b3) x3  0x00000029
core   0: 0x80005cb6 (0x40b35813) srai    a6, t1, 11
core   0: 3 0x80005cb6 (0x40b35813) x16 0x00000036
core   0: 0x80005cba (0x419bd0b3) sra     ra, s7, s9
core   0: 3 0x80005cba (0x419bd0b3) x1  0x80025e64
core   0: 0x80005cbe (0x414f8033) sub     zero, t6, s4
core   0: 3 0x80005cbe (0x414f8033)
core   0: 0x80005cc2 (0x0000c505) c.beqz  a0, pc + 40
core   0: 3 0x80005cc2 (0xc505)
core   0: 0x80005cea (0x0000e71d) c.bnez  a4, pc + 46
core   0: 3 0x80005cea (0xe71d)
core   0: 0x80005d18 (0x00001e84) c.addi4spn s1, sp, 880
core   0: 3 0x80005d18 (0x1e84) x9  0x0000059f
core   0: 0x80005d1a (0x00f1d593) srli    a1, gp, 15
core   0: 3 0x80005d1a (0x00f1d593) x11 0x00000000
core   0: 0x80005d1e (0x01495133) srl     sp, s2, s4
core   0: 3 0x80005d1e (0x01495133) x2  0x0000008c
core   0: 0x80005d22 (0x40aa5e93) srai    t4, s4, 10
core   0: 3 0x80005d22 (0x40aa5e93) x29 0xffe3242a
core   0: 0x80005d26 (0x00008f1d) c.sub   a4, a5
core   0: 3 0x80005d26 (0x8f1d) x14 0xfffffba6
core   0: 0x80005d28 (0x00008dad) c.xor   a1, a1
core   0: 3 0x80005d28 (0x8dad) x11 0x00000000
core   0: 0x80005d2a (0x00009d2e) c.add   s10, a1
core   0: 3 0x80005d2a (0x9d2e) x26 0x8c90a99b
core   0: 0x80005d2c (0xc1079b17) auipc   s6, 0xc1079
core   0: 3 0x80005d2c (0xc1079b17) x22 0x4107ed2c
core   0: 0x80005d30 (0x00fa73b3) and     t2, s4, a5
core   0: 3 0x80005d30 (0x00fa73b3) x7  0x00000000
core   0: 0x80005d34 (0x03646533) rem     a0, s0, s6
core   0: 3 0x80005d34 (0x03646533) x10 0xffffffff
core   0: 0x80005d38 (0x03a7c263) blt     a5, s10, pc + 36
core   0: 3 0x80005d38 (0x03a7c263)
core   0: 0x80005d3c (0x000c8db3) add     s11, s9, zero
core   0: 3 0x80005d3c (0x000c8db3) x27 0x00000000
core   0: 0x80005d40 (0x00008251) c.srli  a2, 20
core   0: 3 0x80005d40 (0x8251) x12 0x00000000
core   0: 0x80005d42 (0x018c5533) srl     a0, s8, s8
core   0: 3 0x80005d42 (0x018c5533) x10 0x00000000
core   0: 0x80005d46 (0x0055acb3) slt     s9, a1, t0
core   0: 3 0x80005d46 (0x0055acb3) x25 0x00000000
core   0: 0x80005d4a (0x41dfd533) sra     a0, t6, t4
core   0: 3 0x80005d4a (0x41dfd533) x10 0xfffffffe
core   0: 0x80005d4e (0xa67c7313) andi    t1, s8, -1433
core   0: 3 0x80005d4e (0xa67c7313) x6  0x00000000
core   0: 0x80005d52 (0x000069f5) c.lui   s3, 0x1d
core   0: 3 0x80005d52 (0x69f5) x19 0x0001d000
core   0: 0x80005d54 (0x0294f6b3) remu    a3, s1, s1
core   0: 3 0x80005d54 (0x0294f6b3) x13 0x00000000
core   0: 0x80005d58 (0xe7d6f593) andi    a1, a3, -387
core   0: 3 0x80005d58 (0xe7d6f593) x11 0x00000000
core   0: 0x80005d5c (0x00001088) c.addi4spn a0, sp, 96
core   0: 3 0x80005d5c (0x1088) x10 0x000000ec
core   0: 0x80005d5e (0x00195ab3) srl     s5, s2, ra
core   0: 3 0x80005d5e (0x00195ab3) x21 0x08c90aa2
core   0: 0x80005d62 (0xefbb1137) lui     sp, 0xefbb1
core   0: 3 0x80005d62 (0xefbb1137) x2  0xefbb1000
core   0: 0x80005d66 (0x03f64533) div     a0, a2, t6
core   0: 3 0x80005d66 (0x03f64533) x10 0x00000000
core   0: 0x80005d6a (0x04736263) bltu    t1, t2, pc + 68
core   0: 3 0x80005d6a (0x04736263)
core   0: 0x80005d6e (0x0000e895) c.bnez  s1, pc + 52
core   0: 3 0x80005d6e (0xe895)
core   0: 0x80005da2 (0x009dbcb3) sltu    s9, s11, s1
core   0: 3 0x80005da2 (0x009dbcb3) x25 0x00000001
core   0: 0x80005da6 (0x0189d5b3) srl     a1, s3, s8
core   0: 3 0x80005da6 (0x0189d5b3) x11 0x0001d000
core   0: 0x80005daa (0x02234a63) blt     t1, sp, pc + 52
core   0: 3 0x80005daa (0x02234a63)
core   0: 0x80005dae (0x000081f5) c.srli  a1, 29
core   0: 3 0x80005dae (0x81f5) x11 0x00000000
core   0: 0x80005db0 (0x02585563) bge     a6, t0, pc + 42
core   0: 3 0x80005db0 (0x02585563)
core   0: 0x80005dda (0x00c071b3) and     gp, zero, a2
core   0: 3 0x80005dda (0x00c071b3) x3  0x00000000
core   0: 0x80005dde (0x00000998) c.addi4spn a4, sp, 208
core   0: 3 0x80005dde (0x0998) x14 0xefbb10d0
core   0: 0x80005de0 (0x02b45a63) bge     s0, a1, pc + 52
core   0: 3 0x80005de0 (0x02b45a63)
core   0: 0x80005de4 (0x00008d8d) c.sub   a1, a1
core   0: 3 0x80005de4 (0x8d8d) x11 0x00000000
core   0: 0x80005de6 (0x0000c519) c.beqz  a0, pc + 14
core   0: 3 0x80005de6 (0xc519)
core   0: 0x80005df4 (0x00008e8d) c.sub   a3, a1
core   0: 3 0x80005df4 (0x8e8d) x13 0x00000000
core   0: 0x80005df6 (0x00905963) bge     zero, s1, pc + 18
core   0: 3 0x80005df6 (0x00905963)
core   0: 0x80005dfa (0x0094d233) srl     tp, s1, s1
core   0: 3 0x80005dfa (0x0094d233) x4  0x00000000
core   0: 0x80005dfe (0x0000c309) c.beqz  a4, pc + 2
core   0: 3 0x80005dfe (0xc309)
core   0: 0x80005e00 (0x036db0b3) mulhu   ra, s11, s6
core   0: 3 0x80005e00 (0x036db0b3) x1  0x00000000
core   0: 0x80005e04 (0x024e4c33) div     s8, t3, tp
core   0: 3 0x80005e04 (0x024e4c33) x24 0xffffffff
core   0: 0x80005e08 (0x0281c663) blt     gp, s0, pc + 44
core   0: 3 0x80005e08 (0x0281c663)
core   0: 0x80005e0c (0x01239e63) bne     t2, s2, pc + 28
core   0: 3 0x80005e0c (0x01239e63)
core   0: 0x80005e28 (0x00008c91) c.sub   s1, a2
core   0: 3 0x80005e28 (0x8c91) x9  0x0000059f
core   0: 0x80005e2a (0x029d5f63) bge     s10, s1, pc + 62
core   0: 3 0x80005e2a (0x029d5f63)
core   0: 0x80005e2e (0x030b8633) mul     a2, s7, a6
core   0: 3 0x80005e2e (0x030b8633) x12 0x007fe918
core   0: 0x80005e32 (0x00000001) c.nop
core   0: 3 0x80005e32 (0x0001)
core   0: 0x80005e34 (0x0000815d) c.srli  a0, 23
core   0: 3 0x80005e34 (0x815d) x10 0x00000000
core   0: 0x80005e36 (0x01fa7ab3) and     s5, s4, t6
core   0: 3 0x80005e36 (0x01fa7ab3) x21 0x8c90aa30
core   0: 0x80005e3a (0x0099fcb3) and     s9, s3, s1
core   0: 3 0x80005e3a (0x0099fcb3) x25 0x00000000
core   0: 0x80005e3e (0xde64e013) ori     zero, s1, -538
core   0: 3 0x80005e3e (0xde64e013)
core   0: 0x80005e42 (0x0204cb63) bltz    s1, pc + 54
core   0: 3 0x80005e42 (0x0204cb63)
core   0: 0x80005e46 (0x0000e489) c.bnez  s1, pc + 10
core   0: 3 0x80005e46 (0xe489)
core   0: 0x80005e50 (0x0005d293) srli    t0, a1, 0
core   0: 3 0x80005e50 (0x0005d293) x5  0x00000000
core   0: 0x80005e54 (0x0000cd01) c.beqz  a0, pc + 24
core   0: 3 0x80005e54 (0xcd01)
core   0: 0x80005e6c (0x409882b3) sub     t0, a7, s1
core   0: 3 0x80005e6c (0x409882b3) x5  0x80029745
core   0: 0x80005e70 (0x015262b3) or      t0, tp, s5
core   0: 3 0x80005e70 (0x015262b3) x5  0x8c90aa30
core   0: 0x80005e74 (0x00009b7d) c.andi  a4, -1
core   0: 3 0x80005e74 (0x9b7d) x14 0xefbb10d0
core   0: 0x80005e76 (0x00008f6d) c.and   a4, a1
core   0: 3 0x80005e76 (0x8f6d) x14 0x00000000
core   0: 0x80005e78 (0x00602733) slt     a4, zero, t1
core   0: 3 0x80005e78 (0x00602733) x14 0x00000000
core   0: 0x80005e7c (0x01791013) slli    zero, s2, 23
core   0: 3 0x80005e7c (0x01791013)
core   0: 0x80005e80 (0x03deb233) mulhu   tp, t4, t4
core   0: 3 0x80005e80 (0x03deb233) x4  0xffc64b94
core   0: 0x80005e84 (0x00009d56) c.add   s10, s5
core   0: 3 0x80005e84 (0x9d56) x26 0x192153cb
core   0: 0x80005e86 (0x00000001) c.nop
core   0: 3 0x80005e86 (0x0001)
core   0: 0x80005e88 (0x038e04b3) mul     s1, t3, s8
core   0: 3 0x80005e88 (0x038e04b3) x9  0x00000000
core   0: 0x80005e8c (0x035c7fb3) remu    t6, s8, s5
core   0: 3 0x80005e8c (0x035c7fb3) x31 0x736f55cf
core   0: 0x80005e90 (0x036d4e63) blt     s10, s6, pc + 60
core   0: 3 0x80005e90 (0x036d4e63)
core   0: 0x80005ecc (0x03729fb3) mulh    t6, t0, s7
core   0: 3 0x80005ecc (0x03729fb3) x31 0x39b69979
core   0: 0x80005ed0 (0x00000e88) c.addi4spn a0, sp, 848
core   0: 3 0x80005ed0 (0x0e88) x10 0xefbb1350
core   0: 0x80005ed2 (0x0125e6b3) or      a3, a1, s2
core   0: 3 0x80005ed2 (0x0125e6b3) x13 0x8c90aa29
core   0: 0x80005ed6 (0x00a15b33) srl     s6, sp, a0
core   0: 3 0x80005ed6 (0x00a15b33) x22 0x0000efbb
core   0: 0x80005eda (0x00008d6d) c.and   a0, a1
core   0: 3 0x80005eda (0x8d6d) x10 0x00000000
core   0: 0x80005edc (0x0000c299) c.beqz  a3, pc + 6
core   0: 3 0x80005edc (0xc299)
core   0: 0x80005ede (0x008b1563) bne     s6, s0, pc + 10
core   0: 3 0x80005ede (0x008b1563)
core   0: 0x80005ee8 (0x02961cb3) mulh    s9, a2, s1
core   0: 3 0x80005ee8 (0x02961cb3) x25 0x00000000
core   0: 0x80005eec (0x020f3f33) mulhu   t5, t5, zero
core   0: 3 0x80005eec (0x020f3f33) x30 0x00000000
core   0: 0x80005ef0 (0x02d5dab3) divu    s5, a1, a3
core   0: 3 0x80005ef0 (0x02d5dab3) x21 0x00000000
core   0: 0x80005ef4 (0x03efc333) div     t1, t6, t5
core   0: 3 0x80005ef4 (0x03efc333) x6  0xffffffff
core   0: 0x80005ef8 (0x003e62b3) or      t0, t3, gp
core   0: 3 0x80005ef8 (0x003e62b3) x5  0x00000000
core   0: 0x80005efc (0x036d4c33) div     s8, s10, s6
core   0: 3 0x80005efc (0x036d4c33) x24 0x00001ad5
core   0: 0x80005f00 (0x00008039) c.srli  s0, 14
core   0: 3 0x80005f00 (0x8039) x8  0x0003ffff
core   0: 0x80005f02 (0x41be8e33) sub     t3, t4, s11
core   0: 3 0x80005f02 (0x41be8e33) x28 0xffe3242a
core   0: 0x80005f06 (0x0117cab3) xor     s5, a5, a7
core   0: 3 0x80005f06 (0x0117cab3) x21 0x80029ce7
core   0: 0x80005f0a (0x0359f263) bgeu    s3, s5, pc + 36
core   0: 3 0x80005f0a (0x0359f263)
core   0: 0x80005f0e (0x00738db3) add     s11, t2, t2
core   0: 3 0x80005f0e (0x00738db3) x27 0x00000000
core   0: 0x80005f12 (0x0000456d) c.li    a0, 27
core   0: 3 0x80005f12 (0x456d) x10 0x0000001b
core   0: 0x80005f14 (0x017df263) bgeu    s11, s7, pc + 4
core   0: 3 0x80005f14 (0x017df263)
core   0: 0x80005f18 (0x00000001) c.nop
core   0: 3 0x80005f18 (0x0001)
core   0: 0x80005f1a (0x0219d063) bge     s3, ra, pc + 32
core   0: 3 0x80005f1a (0x0219d063)
core   0: 0x80005f3a (0x029d01b3) mul     gp, s10, s1
core   0: 3 0x80005f3a (0x029d01b3) x3  0x00000000
core   0: 0x80005f3e (0x00009832) c.add   a6, a2
core   0: 3 0x80005f3e (0x9832) x16 0x007fe94e
core   0: 0x80005f40 (0x00000655) c.addi  a2, 21
core   0: 3 0x80005f40 (0x0655) x12 0x007fe92d
core   0: 0x80005f42 (0x00000001) c.nop
core   0: 3 0x80005f42 (0x0001)
core   0: 0x80005f44 (0x00000588) c.addi4spn a0, sp, 704
core   0: 3 0x80005f44 (0x0588) x10 0xefbb12c0
core   0: 0x80005f46 (0x025c4763) blt     s8, t0, pc + 46
core   0: 3 0x80005f46 (0x025c4763)
core   0: 0x80005f4a (0x00008561) c.srai  a0, 24
core   0: 3 0x80005f4a (0x8561) x10 0xffffffef
core   0: 0x80005f4c (0x000080cd) c.srli  s1, 19
core   0: 3 0x80005f4c (0x80cd) x9  0x00000000
core   0: 0x80005f4e (0x0000e699) c.bnez  a3, pc + 14
core   0: 3 0x80005f4e (0xe699)
core   0: 0x80005f5c (0x00495fb3) srl     t6, s2, tp
core   0: 3 0x80005f5c (0x00495fb3) x31 0x000008c9
core   0: 0x80005f60 (0x0319d7b3) divu    a5, s3, a7
core   0: 3 0x80005f60 (0x0319d7b3) x15 0x00000000
core   0: 0x80005f64 (0x42f6e713) ori     a4, a3, 1071
core   0: 3 0x80005f64 (0x42f6e713) x14 0x8c90ae2f
core   0: 0x80005f68 (0x01c57cb3) and     s9, a0, t3
core   0: 3 0x80005f68 (0x01c57cb3) x25 0xffe3242a
core   0: 0x80005f6c (0x018d0cb3) add     s9, s10, s8
core   0: 3 0x80005f6c (0x018d0cb3) x25 0x19216ea0
core   0: 0x80005f70 (0x0039e0b3) or      ra, s3, gp
core   0: 3 0x80005f70 (0x0039e0b3) x1  0x0001d000
core   0: 0x80005f74 (0x00008e3d) c.xor   a2, a5
core   0: 3 0x80005f74 (0x8e3d) x12 0x007fe92d
core   0: 0x80005f76 (0x00000001) c.nop
core   0: 3 0x80005f76 (0x0001)
core   0: 0x80005f78 (0x020a61b3) rem     gp, s4, zero
core   0: 3 0x80005f78 (0x020a61b3) x3  0x8c90aa38
core   0: 0x80005f7c (0x9488e993) ori     s3, a7, -1720
core   0: 3 0x80005f7c (0x9488e993) x19 0xfffffdec
core   0: 0x80005f80 (0x00000001) c.nop
core   0: 3 0x80005f80 (0x0001)
core   0: 0x80005f82 (0x02cd25b3) mulhsu  a1, s10, a2
core   0: 3 0x80005f82 (0x02cd25b3) x11 0x000c8e6c
core   0: 0x80005f86 (0x00008555) c.srai  a0, 21
core   0: 3 0x80005f86 (0x8555) x10 0xffffffff
core   0: 0x80005f88 (0x00008ad9) c.andi  a3, 22
core   0: 3 0x80005f88 (0x8ad9) x13 0x00000000
core   0: 0x80005f8a (0x0228ae33) mulhsu  t3, a7, sp
core   0: 3 0x80005f8a (0x0228ae33) x28 0x8824ea61
core   0: 0x80005f8e (0x4058dcb3) sra     s9, a7, t0
core   0: 3 0x80005f8e (0x4058dcb3) x25 0x80029ce4
core   0: 0x80005f92 (0x0030ec33) or      s8, ra, gp
core   0: 3 0x80005f92 (0x0030ec33) x24 0x8c91fa38
core   0: 0x80005f96 (0x03dbe263) bltu    s7, t4, pc + 36
core   0: 3 0x80005f96 (0x03dbe263)
core   0: 0x80005fba (0x00233d33) sltu    s10, t1, sp
core   0: 3 0x80005fba (0x00233d33) x26 0x00000000
core   0: 0x80005fbe (0x000081b2) c.mv    gp, a2
core   0: 3 0x80005fbe (0x81b2) x3  0x007fe92d
core   0: 0x80005fc0 (0x01705633) srl     a2, zero, s7
core   0: 3 0x80005fc0 (0x01705633) x12 0x00000000
core   0: 0x80005fc4 (0x0305ab33) mulhsu  s6, a1, a6
core   0: 3 0x80005fc4 (0x0305ab33) x22 0x00000646
core   0: 0x80005fc8 (0x00009b16) c.add   s6, t0
core   0: 3 0x80005fc8 (0x9b16) x22 0x00000646
core   0: 0x80005fca (0x00008c79) c.and   s0, a4
core   0: 3 0x80005fca (0x8c79) x8  0x0000ae2f
core   0: 0x80005fcc (0x00741193) slli    gp, s0, 7
core   0: 3 0x80005fcc (0x00741193) x3  0x00571780
core   0: 0x80005fd0 (0x00009106) c.add   sp, ra
core   0: 3 0x80005fd0 (0x9106) x2  0xefbce000
core   0: 0x80005fd2 (0x40b404b3) sub     s1, s0, a1
core   0: 3 0x80005fd2 (0x40b404b3) x9  0xfff41fc3
core   0: 0x80005fd6 (0x0186a733) slt     a4, a3, s8
core   0: 3 0x80005fd6 (0x0186a733) x14 0x00000000
core   0: 0x80005fda (0x00008f35) c.xor   a4, a3
core   0: 3 0x80005fda (0x8f35) x14 0x00000000
core   0: 0x80005fdc (0x01e3edb3) or      s11, t2, t5
core   0: 3 0x80005fdc (0x01e3edb3) x27 0x00000000
core   0: 0x80005fe0 (0x00005afd) c.li    s5, -1
core   0: 3 0x80005fe0 (0x5afd) x21 0xffffffff
core   0: 0x80005fe2 (0x00000001) c.nop
core   0: 3 0x80005fe2 (0x0001)
core   0: 0x80005fe4 (0x0397d1b3) divu    gp, a5, s9
core   0: 3 0x80005fe4 (0x0397d1b3) x3  0x00000000
core   0: 0x80005fe8 (0x026a8863) beq     s5, t1, pc + 48
core   0: 3 0x80005fe8 (0x026a8863)
core   0: 0x80006018 (0x00008da9) c.xor   a1, a0
core   0: 3 0x80006018 (0x8da9) x11 0xfff37193
core   0: 0x8000601a (0x0052fb33) and     s6, t0, t0
core   0: 3 0x8000601a (0x0052fb33) x22 0x00000000
core   0: 0x8000601e (0x00000001) c.nop
core   0: 3 0x8000601e (0x0001)
core   0: 0x80006020 (0x000004fd) c.addi  s1, 31
core   0: 3 0x80006020 (0x04fd) x9  0xfff41fe2
core   0: 0x80006022 (0x035e5763) bge     t3, s5, pc + 46
core   0: 3 0x80006022 (0x035e5763)
core   0: 0x80006026 (0x0000c295) c.beqz  a3, pc + 36
core   0: 3 0x80006026 (0xc295)
core   0: 0x8000604a (0x03687063) bgeu    a6, s6, pc + 32
core   0: 3 0x8000604a (0x03687063)
core   0: 0x8000606a (0x029e7d63) bgeu    t3, s1, pc + 58
core   0: 3 0x8000606a (0x029e7d63)
core   0: 0x8000606e (0x74893d93) sltiu   s11, s2, 1864
core   0: 3 0x8000606e (0x74893d93) x27 0x00000000
core   0: 0x80006072 (0x5ff3bc13) sltiu   s8, t2, 1535
core   0: 3 0x80006072 (0x5ff3bc13) x24 0x00000001
core   0: 0x80006076 (0x03470db3) mul     s11, a4, s4
core   0: 3 0x80006076 (0x03470db3) x27 0x00000000
core   0: 0x8000607a (0x00f16133) or      sp, sp, a5
core   0: 3 0x8000607a (0x00f16133) x2  0xefbce000
core   0: 0x8000607e (0x00006b2d) c.lui   s6, 0xb
core   0: 3 0x8000607e (0x6b2d) x22 0x0000b000
core   0: 0x80006080 (0x000004be) c.slli  s1, 15
core   0: 3 0x80006080 (0x04be) x9  0x0ff10000
core   0: 0x80006082 (0x0000940e) c.add   s0, gp
core   0: 3 0x80006082 (0x940e) x8  0x0000ae2f
core   0: 0x80006084 (0x01207cb3) and     s9, zero, s2
core   0: 3 0x80006084 (0x01207cb3) x25 0x00000000
core   0: 0x80006088 (0x01083ab3) sltu    s5, a6, a6
core   0: 3 0x80006088 (0x01083ab3) x21 0x00000000
core   0: 0x8000608c (0x0294d463) bge     s1, s1, pc + 40
core   0: 3 0x8000608c (0x0294d463)
core   0: 0x800060b4 (0x03856db3) rem     s11, a0, s8
core   0: 3 0x800060b4 (0x03856db3) x27 0x00000000
core   0: 0x800060b8 (0x00000001) c.nop
core   0: 3 0x800060b8 (0x0001)
core   0: 0x800060ba (0x026cf1b3) remu    gp, s9, t1
core   0: 3 0x800060ba (0x026cf1b3) x3  0x00000000
core   0: 0x800060be (0xe827c113) xori    sp, a5, -382
core   0: 3 0x800060be (0xe827c113) x2  0xfffffe82
core   0: 0x800060c2 (0x80a3b113) sltiu   sp, t2, -2038
core   0: 3 0x800060c2 (0x80a3b113) x2  0x00000001
core   0: 0x800060c6 (0x03fb35b3) mulhu   a1, s6, t6
core   0: 3 0x800060c6 (0x03fb35b3) x11 0x00000000
core   0: 0x800060ca (0x2bf0c193) xori    gp, ra, 703
core   0: 3 0x800060ca (0x2bf0c193) x3  0x0001d2bf
core   0: 0x800060ce (0x411f8d33) sub     s10, t6, a7
core   0: 3 0x800060ce (0x411f8d33) x26 0x7ffd6be5
core   0: 0x800060d2 (0x000003a1) c.addi  t2, 8
core   0: 3 0x800060d2 (0x03a1) x7  0x00000008
core   0: 0x800060d4 (0xd1662993) slti    s3, a2, -746
core   0: 3 0x800060d4 (0xd1662993) x19 0x00000000
core   0: 0x800060d8 (0x009a6763) bltu    s4, s1, pc + 14
core   0: 3 0x800060d8 (0x009a6763)
core   0: 0x800060dc (0x01af0c63) beq     t5, s10, pc + 24
core   0: 3 0x800060dc (0x01af0c63)
core   0: 0x800060e0 (0x00a9acb3) slt     s9, s3, a0
core   0: 3 0x800060e0 (0x00a9acb3) x25 0x00000000
core   0: 0x800060e4 (0x00006dcd) c.lui   s11, 0x13
core   0: 3 0x800060e4 (0x6dcd) x27 0x00013000
core   0: 0x800060e6 (0x00000ac6) c.slli  s5, 17
core   0: 3 0x800060e6 (0x0ac6) x21 0x00000000
core   0: 0x800060e8 (0x414fd3b3) sra     t2, t6, s4
core   0: 3 0x800060e8 (0x414fd3b3) x7  0x00000000
core   0: 0x800060ec (0x03a936b3) mulhu   a3, s2, s10
core   0: 3 0x800060ec (0x03a936b3) x13 0x4646eaa0
core   0: 0x800060f0 (0x0000127d) c.addi  tp, -1
core   0: 3 0x800060f0 (0x127d) x4  0xffc64b93
core   0: 0x800060f2 (0x0000c99d) c.beqz  a1, pc + 54
core   0: 3 0x800060f2 (0xc99d)
core   0: 0x80006128 (0x8b73ae13) slti    t3, t2, -1865
core   0: 3 0x80006128 (0x8b73ae13) x28 0x00000000
core   0: 0x8000612c (0x000312b3) sll     t0, t1, zero
core   0: 3 0x8000612c (0x000312b3) x5  0xffffffff
core   0: 0x80006130 (0x41f083b3) sub     t2, ra, t6
core   0: 3 0x80006130 (0x41f083b3) x7  0x0001c737
core   0: 0x80006134 (0x028c25b3) mulhsu  a1, s8, s0
core   0: 3 0x80006134 (0x028c25b3) x11 0x00000000
core   0: 0x80006138 (0x00008c2d) c.xor   s0, a1
core   0: 3 0x80006138 (0x8c2d) x8  0x0000ae2f
core   0: 0x8000613a (0x021d8a63) beq     s11, ra, pc + 52
core   0: 3 0x8000613a (0x021d8a63)
core   0: 0x8000613e (0x00fee963) bltu    t4, a5, pc + 18
core   0: 3 0x8000613e (0x00fee963)
core   0: 0x80006142 (0x02d76033) rem     zero, a4, a3
core   0: 3 0x80006142 (0x02d76033)
core   0: 0x80006146 (0x02bd4cb3) div     s9, s10, a1
core   0: 3 0x80006146 (0x02bd4cb3) x25 0xffffffff
core   0: 0x8000614a (0x09a93eb7) lui     t4, 0x9a93
core   0: 3 0x8000614a (0x09a93eb7) x29 0x09a93000
core   0: 0x8000614e (0x00008e8d) c.sub   a3, a1
core   0: 3 0x8000614e (0x8e8d) x13 0x4646eaa0
core   0: 0x80006150 (0x03cb80b3) mul     ra, s7, t3
core   0: 3 0x80006150 (0x03cb80b3) x1  0x00000000
core   0: 0x80006154 (0x016c7333) and     t1, s8, s6
core   0: 3 0x80006154 (0x016c7333) x6  0x00000000
core   0: 0x80006158 (0x016ed563) bge     t4, s6, pc + 10
core   0: 3 0x80006158 (0x016ed563)
core   0: 0x80006162 (0x00000d94) c.addi4spn a3, sp, 720
core   0: 3 0x80006162 (0x0d94) x13 0x000002d1
core   0: 0x80006164 (0x017554b3) srl     s1, a0, s7
core   0: 3 0x80006164 (0x017554b3) x9  0x0fffffff
core   0: 0x80006168 (0x0000717d) c.addi16sp sp, -16
core   0: 3 0x80006168 (0x717d) x2  0xfffffff1
core   0: 0x8000616a (0x00121c63) bne     tp, ra, pc + 24
core   0: 3 0x8000616a (0x00121c63)
core   0: 0x80006182 (0x00000001) c.nop
core   0: 3 0x80006182 (0x0001)
core   0: 0x80006184 (0x00825963) bge     tp, s0, pc + 18
core   0: 3 0x80006184 (0x00825963)
core   0: 0x80006188 (0x00e533b3) sltu    t2, a0, a4
core   0: 3 0x80006188 (0x00e533b3) x7  0x00000000
core   0: 0x8000618c (0x00000001) c.nop
core   0: 3 0x8000618c (0x0001)
core   0: 0x8000618e (0x00f690b3) sll     ra, a3, a5
core   0: 3 0x8000618e (0x00f690b3) x1  0x000002d1
core   0: 0x80006192 (0x0132e133) or      sp, t0, s3
core   0: 3 0x80006192 (0x0132e133) x2  0xffffffff
core   0: 0x80006196 (0x00006831) c.lui   a6, 0xc
core   0: 3 0x80006196 (0x6831) x16 0x0000c000
core   0: 0x80006198 (0x03d4c733) div     a4, s1, t4
core   0: 3 0x80006198 (0x03d4c733) x14 0x00000001
core   0: 0x8000619c (0x412fd293) srai    t0, t6, 18
core   0: 3 0x8000619c (0x412fd293) x5  0x00000000
core   0: 0x800061a0 (0x01fd0e63) beq     s10, t6, pc + 28
core   0: 3 0x800061a0 (0x01fd0e63)
core   0: 0x800061a4 (0x15e6b093) sltiu   ra, a3, 350
core   0: 3 0x800061a4 (0x15e6b093) x1  0x00000000
core   0: 0x800061a8 (0x01bd5413) srli    s0, s10, 27
core   0: 3 0x800061a8 (0x01bd5413) x8  0x0000000f
core   0: 0x800061ac (0x0246a633) mulhsu  a2, a3, tp
core   0: 3 0x800061ac (0x0246a633) x12 0x000002d0
core   0: 0x800061b0 (0x00009b7d) c.andi  a4, -1
core   0: 3 0x800061b0 (0x9b7d) x14 0x00000001
core   0: 0x800061b2 (0x00008ee5) c.and   a3, s1
core   0: 3 0x800061b2 (0x8ee5) x13 0x000002d1
core   0: 0x800061b4 (0x0008ce33) xor     t3, a7, zero
core   0: 3 0x800061b4 (0x0008ce33) x28 0x80029ce4
core   0: 0x800061b8 (0x01d8afb3) slt     t6, a7, t4
core   0: 3 0x800061b8 (0x01d8afb3) x31 0x00000001
core   0: 0x800061bc (0x0000ed81) c.bnez  a1, pc + 24
core   0: 3 0x800061bc (0xed81)
core   0: 0x800061be (0x00000001) c.nop
core   0: 3 0x800061be (0x0001)
core   0: 0x800061c0 (0x0127ac33) slt     s8, a5, s2
core   0: 3 0x800061c0 (0x0127ac33) x24 0x00000000
core   0: 0x800061c4 (0x0000127d) c.addi  tp, -1
core   0: 3 0x800061c4 (0x127d) x4  0xffc64b92
core   0: 0x800061c6 (0x00d8c7b3) xor     a5, a7, a3
core   0: 3 0x800061c6 (0x00d8c7b3) x15 0x80029e35
core   0: 0x800061ca (0x00000ed2) c.slli  t4, 20
core   0: 3 0x800061ca (0x0ed2) x29 0x00000000
core   0: 0x800061cc (0x00008c61) c.and   s0, s0
core   0: 3 0x800061cc (0x8c61) x8  0x0000000f
core   0: 0x800061ce (0x005d1f33) sll     t5, s10, t0
core   0: 3 0x800061ce (0x005d1f33) x30 0x7ffd6be5
core   0: 0x800061d2 (0x00000001) c.nop
core   0: 3 0x800061d2 (0x0001)
core   0: 0x800061d4 (0x9a4e2693) slti    a3, t3, -1628
core   0: 3 0x800061d4 (0x9a4e2693) x13 0x00000001
core   0: 0x800061d8 (0x005b5333) srl     t1, s6, t0
core   0: 3 0x800061d8 (0x005b5333) x6  0x0000b000
core   0: 0x800061dc (0x01eaaa33) slt     s4, s5, t5
core   0: 3 0x800061dc (0x01eaaa33) x20 0x00000001
core   0: 0x800061e0 (0x00009c0e) c.add   s8, gp
core   0: 3 0x800061e0 (0x9c0e) x24 0x0001d2bf
core   0: 0x800061e2 (0x00008311) c.srli  a4, 4
core   0: 3 0x800061e2 (0x8311) x14 0x00000000
core   0: 0x800061e4 (0x01645c63) bge     s0, s6, pc + 24
core   0: 3 0x800061e4 (0x01645c63)
core   0: 0x800061e8 (0x03fbfab3) remu    s5, s7, t6
core   0: 3 0x800061e8 (0x03fbfab3) x21 0x00000000
core   0: 0x800061ec (0x00000155) c.addi  sp, 21
core   0: 3 0x800061ec (0x0155) x2  0x00000014
core   0: 0x800061ee (0x00008f39) c.xor   a4, a4
core   0: 3 0x800061ee (0x8f39) x14 0x00000000
core   0: 0x800061f0 (0x409add33) sra     s10, s5, s1
core   0: 3 0x800061f0 (0x409add33) x26 0x00000000
core   0: 0x800061f4 (0x012c51b3) srl     gp, s8, s2
core   0: 3 0x800061f4 (0x012c51b3) x3  0x000000e9
core   0: 0x800061f8 (0x00425263) bge     tp, tp, pc + 4
core   0: 3 0x800061f8 (0x00425263)
core   0: 0x800061fc (0x52deec37) lui     s8, 0x52dee
core   0: 3 0x800061fc (0x52deec37) x24 0x52dee000
core   0: 0x80006200 (0x0000ca0d) c.beqz  a2, pc + 50
core   0: 3 0x80006200 (0xca0d)
core   0: 0x80006202 (0x00e08833) add     a6, ra, a4
core   0: 3 0x80006202 (0x00e08833) x16 0x00000000
core   0: 0x80006206 (0x00006151) c.addi16sp sp, 272
core   0: 3 0x80006206 (0x6151) x2  0x00000124
core   0: 0x80006208 (0x00005d7d) c.li    s10, -1
core   0: 3 0x80006208 (0x5d7d) x26 0xffffffff
core   0: 0x8000620a (0x00f59113) slli    sp, a1, 15
core   0: 3 0x8000620a (0x00f59113) x2  0x00000000
core   0: 0x8000620e (0x0000717d) c.addi16sp sp, -16
core   0: 3 0x8000620e (0x717d) x2  0xfffffff0
core   0: 0x80006210 (0x022df663) bgeu    s11, sp, pc + 44
core   0: 3 0x80006210 (0x022df663)
core   0: 0x80006214 (0x0000e501) c.bnez  a0, pc + 8
core   0: 3 0x80006214 (0xe501)
core   0: 0x8000621c (0x01d5f6b3) and     a3, a1, t4
core   0: 3 0x8000621c (0x01d5f6b3) x13 0x00000000
core   0: 0x80006220 (0x0000717d) c.addi16sp sp, -16
core   0: 3 0x80006220 (0x717d) x2  0xffffffe0
core   0: 0x80006222 (0x00132f33) slt     t5, t1, ra
core   0: 3 0x80006222 (0x00132f33) x30 0x00000000
core   0: 0x80006226 (0x000080d1) c.srli  s1, 20
core   0: 3 0x80006226 (0x80d1) x9  0x000000ff
core   0: 0x80006228 (0x0050d393) srli    t2, ra, 5
core   0: 3 0x80006228 (0x0050d393) x7  0x00000000
core   0: 0x8000622c (0x02d90863) beq     s2, a3, pc + 48
core   0: 3 0x8000622c (0x02d90863)
core   0: 0x80006230 (0x00008c01) c.sub   s0, s0
core   0: 3 0x80006230 (0x8c01) x8  0x00000000
core   0: 0x80006232 (0xa426ca97) auipc   s5, 0xa426c
core   0: 3 0x80006232 (0xa426ca97) x21 0x24272232
core   0: 0x80006236 (0x0018bdb3) sltu    s11, a7, ra
core   0: 3 0x80006236 (0x0018bdb3) x27 0x00000000
core   0: 0x8000623a (0x0000818a) c.mv    gp, sp
core   0: 3 0x8000623a (0x818a) x3  0xffffffe0
core   0: 0x8000623c (0x1b65c193) xori    gp, a1, 438
core   0: 3 0x8000623c (0x1b65c193) x3  0x000001b6
core   0: 0x80006240 (0x018cd733) srl     a4, s9, s8
core   0: 3 0x80006240 (0x018cd733) x14 0xffffffff
core   0: 0x80006244 (0x03e62ab3) mulhsu  s5, a2, t5
core   0: 3 0x80006244 (0x03e62ab3) x21 0x00000000
core   0: 0x80006248 (0xabbca193) slti    gp, s9, -1349
core   0: 3 0x80006248 (0xabbca193) x3  0x00000000
core   0: 0x8000624c (0x0000919e) c.add   gp, t2
core   0: 3 0x8000624c (0x919e) x3  0x00000000
core   0: 0x8000624e (0x00b41763) bne     s0, a1, pc + 14
core   0: 3 0x8000624e (0x00b41763)
core   0: 0x80006252 (0x00008315) c.srli  a4, 5
core   0: 3 0x80006252 (0x8315) x14 0x07ffffff
core   0: 0x80006254 (0x00000001) c.nop
core   0: 3 0x80006254 (0x0001)
core   0: 0x80006256 (0x01c01c13) slli    s8, zero, 28
core   0: 3 0x80006256 (0x01c01c13) x24 0x00000000
core   0: 0x8000625a (0x00008e52) c.mv    t3, s4
core   0: 3 0x8000625a (0x8e52) x28 0x00000001
core   0: 0x8000625c (0x0000160c) c.addi4spn a1, sp, 800
core   0: 3 0x8000625c (0x160c) x11 0x00000300
core   0: 0x8000625e (0x00008d5d) c.or    a0, a5
core   0: 3 0x8000625e (0x8d5d) x10 0xffffffff
core   0: 0x80006260 (0x03b06963) bltu    zero, s11, pc + 50
core   0: 3 0x80006260 (0x03b06963)
core   0: 0x80006264 (0xbdaba013) slti    zero, s7, -1062
core   0: 3 0x80006264 (0xbdaba013)
core   0: 0x80006268 (0x00008759) c.srai  a4, 22
core   0: 3 0x80006268 (0x8759) x14 0x0000001f
core   0: 0x8000626a (0x007530b3) sltu    ra, a0, t2
core   0: 3 0x8000626a (0x007530b3) x1  0x00000000
core   0: 0x8000626e (0x00fed663) bge     t4, a5, pc + 12
core   0: 3 0x8000626e (0x00fed663)
core   0: 0x8000627a (0x011243b3) xor     t2, tp, a7
core   0: 3 0x8000627a (0x011243b3) x7  0x7fc4d776
core   0: 0x8000627e (0x000053fd) c.li    t2, -1
core   0: 3 0x8000627e (0x53fd) x7  0xffffffff
core   0: 0x80006280 (0x419c07b3) sub     a5, s8, s9
core   0: 3 0x80006280 (0x419c07b3) x15 0x00000001
core   0: 0x80006284 (0x00008ded) c.and   a1, a1
core   0: 3 0x80006284 (0x8ded) x11 0x00000300
core   0: 0x80006286 (0x00004685) c.li    a3, 1
core   0: 3 0x80006286 (0x4685) x13 0x00000001
core   0: 0x80006288 (0x00008305) c.srli  a4, 1
core   0: 3 0x80006288 (0x8305) x14 0x0000000f
core   0: 0x8000628a (0x0324cb33) div     s6, s1, s2
core   0: 3 0x8000628a (0x0324cb33) x22 0x00000000
core   0: 0x8000628e (0x93e83513) sltiu   a0, a6, -1730
core   0: 3 0x8000628e (0x93e83513) x10 0x00000001
core   0: 0x80006292 (0x0000717d) c.addi16sp sp, -16
core   0: 3 0x80006292 (0x717d) x2  0xffffffd0
core   0: 0x80006294 (0x0000987d) c.andi  s0, -1
core   0: 3 0x80006294 (0x987d) x8  0x00000000
core   0: 0x80006296 (0x03edf433) remu    s0, s11, t5
core   0: 3 0x80006296 (0x03edf433) x8  0x00000000
core   0: 0x8000629a (0x00008c4d) c.or    s0, a1
core   0: 3 0x8000629a (0x8c4d) x8  0x00000300
core   0: 0x8000629c (0x00e211b3) sll     gp, tp, a4
core   0: 3 0x8000629c (0x00e211b3) x3  0x25c90000
core   0: 0x800062a0 (0x000012fd) c.addi  t0, -1
core   0: 3 0x800062a0 (0x12fd) x5  0xffffffff
core   0: 0x800062a2 (0x0097cd33) xor     s10, a5, s1
core   0: 3 0x800062a2 (0x0097cd33) x26 0x000000fe
core   0: 0x800062a6 (0x0032de93) srli    t4, t0, 3
core   0: 3 0x800062a6 (0x0032de93) x29 0x1fffffff
core   0: 0x800062aa (0x159ca717) auipc   a4, 0x159ca
core   0: 3 0x800062aa (0x159ca717) x14 0x959d02aa
core   0: 0x800062ae (0x02899fb3) mulh    t6, s3, s0
core   0: 3 0x800062ae (0x02899fb3) x31 0x00000000
core   0: 0x800062b2 (0x026ad533) divu    a0, s5, t1
core   0: 3 0x800062b2 (0x026ad533) x10 0x00000000
core   0: 0x800062b6 (0x00008ef9) c.and   a3, a4
core   0: 3 0x800062b6 (0x8ef9) x13 0x00000000
core   0: 0x800062b8 (0x025ecdb3) div     s11, t4, t0
core   0: 3 0x800062b8 (0x025ecdb3) x27 0xe0000001
core   0: 0x800062bc (0x00bc7463) bgeu    s8, a1, pc + 8
core   0: 3 0x800062bc (0x00bc7463)
core   0: 0x800062c0 (0x416cd493) srai    s1, s9, 22
core   0: 3 0x800062c0 (0x416cd493) x9  0xffffffff
core   0: 0x800062c4 (0x00f4bcb3) sltu    s9, s1, a5
core   0: 3 0x800062c4 (0x00f4bcb3) x25 0x00000000
core   0: 0x800062c8 (0xe8dafa93) andi    s5, s5, -371
core   0: 3 0x800062c8 (0xe8dafa93) x21 0x00000000
core   0: 0x800062cc (0x00005cfd) c.li    s9, -1
core   0: 3 0x800062cc (0x5cfd) x25 0xffffffff
core   0: 0x800062ce (0x021c9c33) mulh    s8, s9, ra
core   0: 3 0x800062ce (0x021c9c33) x24 0x00000000
core   0: 0x800062d2 (0x000045b1) c.li    a1, 12
core   0: 3 0x800062d2 (0x45b1) x11 0x0000000c
core   0: 0x800062d4 (0x019def33) or      t5, s11, s9
core   0: 3 0x800062d4 (0x019def33) x30 0xffffffff
core   0: 0x800062d8 (0x76d39997) auipc   s3, 0x76d39
core   0: 3 0x800062d8 (0x76d39997) x19 0xf6d3f2d8
core   0: 0x800062dc (0x000054d9) c.li    s1, -10
core   0: 3 0x800062dc (0x54d9) x9  0xfffffff6
core   0: 0x800062de (0xd4c65537) lui     a0, 0xd4c65
core   0: 3 0x800062de (0xd4c65537) x10 0xd4c65000
core   0: 0x800062e2 (0x40095c13) srai    s8, s2, 0
core   0: 3 0x800062e2 (0x40095c13) x24 0x8c90aa29
core   0: 0x800062e6 (0x03cc0db3) mul     s11, s8, t3
core   0: 3 0x800062e6 (0x03cc0db3) x27 0x8c90aa29
core   0: 0x800062ea (0x0000499d) c.li    s3, 7
core   0: 3 0x800062ea (0x499d) x19 0x00000007
core   0: 0x800062ec (0x002f3733) sltu    a4, t5, sp
core   0: 3 0x800062ec (0x002f3733) x14 0x00000000
core   0: 0x800062f0 (0x00008fa5) c.xor   a5, s1
core   0: 3 0x800062f0 (0x8fa5) x15 0xfffffff7
core   0: 0x800062f2 (0x00000518) c.addi4spn a4, sp, 640
core   0: 3 0x800062f2 (0x0518) x14 0x00000250
core   0: 0x800062f4 (0x00000eb6) c.slli  t4, 13
core   0: 3 0x800062f4 (0x0eb6) x29 0xffffe000
core   0: 0x800062f6 (0xbca68013) addi    zero, a3, -1078
core   0: 3 0x800062f6 (0xbca68013)
core   0: 0x800062fa (0x030447b3) div     a5, s0, a6
core   0: 3 0x800062fa (0x030447b3) x15 0xffffffff
core   0: 0x800062fe (0x006783b3) add     t2, a5, t1
core   0: 3 0x800062fe (0x006783b3) x7  0x0000afff
core   0: 0x80006302 (0x01b32133) slt     sp, t1, s11
core   0: 3 0x80006302 (0x01b32133) x2  0x00000000
core   0: 0x80006306 (0x00009bfd) c.andi  a5, -1
core   0: 3 0x80006306 (0x9bfd) x15 0xffffffff
core   0: 0x80006308 (0xe776cb13) xori    s6, a3, -393
core   0: 3 0x80006308 (0xe776cb13) x22 0xfffffe77
core   0: 0x8000630c (0x00fb2133) slt     sp, s6, a5
core   0: 3 0x8000630c (0x00fb2133) x2  0x00000001
core   0: 0x80006310 (0x000081a1) c.srli  a1, 8
core   0: 3 0x80006310 (0x81a1) x11 0x00000000
core   0: 0x80006312 (0x019e5133) srl     sp, t3, s9
core   0: 3 0x80006312 (0x019e5133) x2  0x00000000
core   0: 0x80006316 (0x01641a13) slli    s4, s0, 22
core   0: 3 0x80006316 (0x01641a13) x20 0xc0000000
core   0: 0x8000631a (0x00000001) c.nop
core   0: 3 0x8000631a (0x0001)
core   0: 0x8000631c (0x40ead533) sra     a0, s5, a4
core   0: 3 0x8000631c (0x40ead533) x10 0x00000000
core   0: 0x80006320 (0x01fcc6b3) xor     a3, s9, t6
core   0: 3 0x80006320 (0x01fcc6b3) x13 0xffffffff
core   0: 0x80006324 (0x0000109c) c.addi4spn a5, sp, 96
core   0: 3 0x80006324 (0x109c) x15 0x00000060
core   0: 0x80006326 (0x00000485) c.addi  s1, 1
core   0: 3 0x80006326 (0x0485) x9  0xfffffff7
core   0: 0x80006328 (0x00064833) xor     a6, a2, zero
core   0: 3 0x80006328 (0x00064833) x16 0x000002d0
core   0: 0x8000632c (0x01e88033) add     zero, a7, t5
core   0: 3 0x8000632c (0x01e88033)
core   0: 0x80006330 (0x00b58633) add     a2, a1, a1
core   0: 3 0x80006330 (0x00b58633) x12 0x00000000
core   0: 0x80006334 (0x00008451) c.srai  s0, 20
core   0: 3 0x80006334 (0x8451) x8  0x00000000
core   0: 0x80006336 (0xfd3498e3) bne     s1, s3, pc - 48
core   0: 3 0x80006336 (0xfd3498e3)
core   0: 0x80006306 (0x00009bfd) c.andi  a5, -1
core   0: 3 0x80006306 (0x9bfd) x15 0x00000060
core   0: 0x80006308 (0xe776cb13) xori    s6, a3, -393
core   0: 3 0x80006308 (0xe776cb13) x22 0x00000188
core   0: 0x8000630c (0x00fb2133) slt     sp, s6, a5
core   0: 3 0x8000630c (0x00fb2133) x2  0x00000000
core   0: 0x80006310 (0x000081a1) c.srli  a1, 8
core   0: 3 0x80006310 (0x81a1) x11 0x00000000
core   0: 0x80006312 (0x019e5133) srl     sp, t3, s9
core   0: 3 0x80006312 (0x019e5133) x2  0x00000000
core   0: 0x80006316 (0x01641a13) slli    s4, s0, 22
core   0: 3 0x80006316 (0x01641a13) x20 0x00000000
core   0: 0x8000631a (0x00000001) c.nop
core   0: 3 0x8000631a (0x0001)
core   0: 0x8000631c (0x40ead533) sra     a0, s5, a4
core   0: 3 0x8000631c (0x40ead533) x10 0x00000000
core   0: 0x80006320 (0x01fcc6b3) xor     a3, s9, t6
core   0: 3 0x80006320 (0x01fcc6b3) x13 0xffffffff
core   0: 0x80006324 (0x0000109c) c.addi4spn a5, sp, 96
core   0: 3 0x80006324 (0x109c) x15 0x00000060
core   0: 0x80006326 (0x00000485) c.addi  s1, 1
core   0: 3 0x80006326 (0x0485) x9  0xfffffff8
core   0: 0x80006328 (0x00064833) xor     a6, a2, zero
core   0: 3 0x80006328 (0x00064833) x16 0x00000000
core   0: 0x8000632c (0x01e88033) add     zero, a7, t5
core   0: 3 0x8000632c (0x01e88033)
core   0: 0x80006330 (0x00b58633) add     a2, a1, a1
core   0: 3 0x80006330 (0x00b58633) x12 0x00000000
core   0: 0x80006334 (0x00008451) c.srai  s0, 20
core   0: 3 0x80006334 (0x8451) x8  0x00000000
core   0: 0x80006336 (0xfd3498e3) bne     s1, s3, pc - 48
core   0: 3 0x80006336 (0xfd3498e3)
core   0: 0x80006306 (0x00009bfd) c.andi  a5, -1
core   0: 3 0x80006306 (0x9bfd) x15 0x00000060
core   0: 0x80006308 (0xe776cb13) xori    s6, a3, -393
core   0: 3 0x80006308 (0xe776cb13) x22 0x00000188
core   0: 0x8000630c (0x00fb2133) slt     sp, s6, a5
core   0: 3 0x8000630c (0x00fb2133) x2  0x00000000
core   0: 0x80006310 (0x000081a1) c.srli  a1, 8
core   0: 3 0x80006310 (0x81a1) x11 0x00000000
core   0: 0x80006312 (0x019e5133) srl     sp, t3, s9
core   0: 3 0x80006312 (0x019e5133) x2  0x00000000
core   0: 0x80006316 (0x01641a13) slli    s4, s0, 22
core   0: 3 0x80006316 (0x01641a13) x20 0x00000000
core   0: 0x8000631a (0x00000001) c.nop
core   0: 3 0x8000631a (0x0001)
core   0: 0x8000631c (0x40ead533) sra     a0, s5, a4
core   0: 3 0x8000631c (0x40ead533) x10 0x00000000
core   0: 0x80006320 (0x01fcc6b3) xor     a3, s9, t6
core   0: 3 0x80006320 (0x01fcc6b3) x13 0xffffffff
core   0: 0x80006324 (0x0000109c) c.addi4spn a5, sp, 96
core   0: 3 0x80006324 (0x109c) x15 0x00000060
core   0: 0x80006326 (0x00000485) c.addi  s1, 1
core   0: 3 0x80006326 (0x0485) x9  0xfffffff9
core   0: 0x80006328 (0x00064833) xor     a6, a2, zero
core   0: 3 0x80006328 (0x00064833) x16 0x00000000
core   0: 0x8000632c (0x01e88033) add     zero, a7, t5
core   0: 3 0x8000632c (0x01e88033)
core   0: 0x80006330 (0x00b58633) add     a2, a1, a1
core   0: 3 0x80006330 (0x00b58633) x12 0x00000000
core   0: 0x80006334 (0x00008451) c.srai  s0, 20
core   0: 3 0x80006334 (0x8451) x8  0x00000000
core   0: 0x80006336 (0xfd3498e3) bne     s1, s3, pc - 48
core   0: 3 0x80006336 (0xfd3498e3)
core   0: 0x80006306 (0x00009bfd) c.andi  a5, -1
core   0: 3 0x80006306 (0x9bfd) x15 0x00000060
core   0: 0x80006308 (0xe776cb13) xori    s6, a3, -393
core   0: 3 0x80006308 (0xe776cb13) x22 0x00000188
core   0: 0x8000630c (0x00fb2133) slt     sp, s6, a5
core   0: 3 0x8000630c (0x00fb2133) x2  0x00000000
core   0: 0x80006310 (0x000081a1) c.srli  a1, 8
core   0: 3 0x80006310 (0x81a1) x11 0x00000000
core   0: 0x80006312 (0x019e5133) srl     sp, t3, s9
core   0: 3 0x80006312 (0x019e5133) x2  0x00000000
core   0: 0x80006316 (0x01641a13) slli    s4, s0, 22
core   0: 3 0x80006316 (0x01641a13) x20 0x00000000
core   0: 0x8000631a (0x00000001) c.nop
core   0: 3 0x8000631a (0x0001)
core   0: 0x8000631c (0x40ead533) sra     a0, s5, a4
core   0: 3 0x8000631c (0x40ead533) x10 0x00000000
core   0: 0x80006320 (0x01fcc6b3) xor     a3, s9, t6
core   0: 3 0x80006320 (0x01fcc6b3) x13 0xffffffff
core   0: 0x80006324 (0x0000109c) c.addi4spn a5, sp, 96
core   0: 3 0x80006324 (0x109c) x15 0x00000060
core   0: 0x80006326 (0x00000485) c.addi  s1, 1
core   0: 3 0x80006326 (0x0485) x9  0xfffffffa
core   0: 0x80006328 (0x00064833) xor     a6, a2, zero
core   0: 3 0x80006328 (0x00064833) x16 0x00000000
core   0: 0x8000632c (0x01e88033) add     zero, a7, t5
core   0: 3 0x8000632c (0x01e88033)
core   0: 0x80006330 (0x00b58633) add     a2, a1, a1
core   0: 3 0x80006330 (0x00b58633) x12 0x00000000
core   0: 0x80006334 (0x00008451) c.srai  s0, 20
core   0: 3 0x80006334 (0x8451) x8  0x00000000
core   0: 0x80006336 (0xfd3498e3) bne     s1, s3, pc - 48
core   0: 3 0x80006336 (0xfd3498e3)
core   0: 0x80006306 (0x00009bfd) c.andi  a5, -1
core   0: 3 0x80006306 (0x9bfd) x15 0x00000060
core   0: 0x80006308 (0xe776cb13) xori    s6, a3, -393
core   0: 3 0x80006308 (0xe776cb13) x22 0x00000188
core   0: 0x8000630c (0x00fb2133) slt     sp, s6, a5
core   0: 3 0x8000630c (0x00fb2133) x2  0x00000000
core   0: 0x80006310 (0x000081a1) c.srli  a1, 8
core   0: 3 0x80006310 (0x81a1) x11 0x00000000
core   0: 0x80006312 (0x019e5133) srl     sp, t3, s9
core   0: 3 0x80006312 (0x019e5133) x2  0x00000000
core   0: 0x80006316 (0x01641a13) slli    s4, s0, 22
core   0: 3 0x80006316 (0x01641a13) x20 0x00000000
core   0: 0x8000631a (0x00000001) c.nop
core   0: 3 0x8000631a (0x0001)
core   0: 0x8000631c (0x40ead533) sra     a0, s5, a4
core   0: 3 0x8000631c (0x40ead533) x10 0x00000000
core   0: 0x80006320 (0x01fcc6b3) xor     a3, s9, t6
core   0: 3 0x80006320 (0x01fcc6b3) x13 0xffffffff
core   0: 0x80006324 (0x0000109c) c.addi4spn a5, sp, 96
core   0: 3 0x80006324 (0x109c) x15 0x00000060
core   0: 0x80006326 (0x00000485) c.addi  s1, 1
core   0: 3 0x80006326 (0x0485) x9  0xfffffffb
core   0: 0x80006328 (0x00064833) xor     a6, a2, zero
core   0: 3 0x80006328 (0x00064833) x16 0x00000000
core   0: 0x8000632c (0x01e88033) add     zero, a7, t5
core   0: 3 0x8000632c (0x01e88033)
core   0: 0x80006330 (0x00b58633) add     a2, a1, a1
core   0: 3 0x80006330 (0x00b58633) x12 0x00000000
core   0: 0x80006334 (0x00008451) c.srai  s0, 20
core   0: 3 0x80006334 (0x8451) x8  0x00000000
core   0: 0x80006336 (0xfd3498e3) bne     s1, s3, pc - 48
core   0: 3 0x80006336 (0xfd3498e3)
core   0: 0x80006306 (0x00009bfd) c.andi  a5, -1
core   0: 3 0x80006306 (0x9bfd) x15 0x00000060
core   0: 0x80006308 (0xe776cb13) xori    s6, a3, -393
core   0: 3 0x80006308 (0xe776cb13) x22 0x00000188
core   0: 0x8000630c (0x00fb2133) slt     sp, s6, a5
core   0: 3 0x8000630c (0x00fb2133) x2  0x00000000
core   0: 0x80006310 (0x000081a1) c.srli  a1, 8
core   0: 3 0x80006310 (0x81a1) x11 0x00000000
core   0: 0x80006312 (0x019e5133) srl     sp, t3, s9
core   0: 3 0x80006312 (0x019e5133) x2  0x00000000
core   0: 0x80006316 (0x01641a13) slli    s4, s0, 22
core   0: 3 0x80006316 (0x01641a13) x20 0x00000000
core   0: 0x8000631a (0x00000001) c.nop
core   0: 3 0x8000631a (0x0001)
core   0: 0x8000631c (0x40ead533) sra     a0, s5, a4
core   0: 3 0x8000631c (0x40ead533) x10 0x00000000
core   0: 0x80006320 (0x01fcc6b3) xor     a3, s9, t6
core   0: 3 0x80006320 (0x01fcc6b3) x13 0xffffffff
core   0: 0x80006324 (0x0000109c) c.addi4spn a5, sp, 96
core   0: 3 0x80006324 (0x109c) x15 0x00000060
core   0: 0x80006326 (0x00000485) c.addi  s1, 1
core   0: 3 0x80006326 (0x0485) x9  0xfffffffc
core   0: 0x80006328 (0x00064833) xor     a6, a2, zero
core   0: 3 0x80006328 (0x00064833) x16 0x00000000
core   0: 0x8000632c (0x01e88033) add     zero, a7, t5
core   0: 3 0x8000632c (0x01e88033)
core   0: 0x80006330 (0x00b58633) add     a2, a1, a1
core   0: 3 0x80006330 (0x00b58633) x12 0x00000000
core   0: 0x80006334 (0x00008451) c.srai  s0, 20
core   0: 3 0x80006334 (0x8451) x8  0x00000000
core   0: 0x80006336 (0xfd3498e3) bne     s1, s3, pc - 48
core   0: 3 0x80006336 (0xfd3498e3)
core   0: 0x80006306 (0x00009bfd) c.andi  a5, -1
core   0: 3 0x80006306 (0x9bfd) x15 0x00000060
core   0: 0x80006308 (0xe776cb13) xori    s6, a3, -393
core   0: 3 0x80006308 (0xe776cb13) x22 0x00000188
core   0: 0x8000630c (0x00fb2133) slt     sp, s6, a5
core   0: 3 0x8000630c (0x00fb2133) x2  0x00000000
core   0: 0x80006310 (0x000081a1) c.srli  a1, 8
core   0: 3 0x80006310 (0x81a1) x11 0x00000000
core   0: 0x80006312 (0x019e5133) srl     sp, t3, s9
core   0: 3 0x80006312 (0x019e5133) x2  0x00000000
core   0: 0x80006316 (0x01641a13) slli    s4, s0, 22
core   0: 3 0x80006316 (0x01641a13) x20 0x00000000
core   0: 0x8000631a (0x00000001) c.nop
core   0: 3 0x8000631a (0x0001)
core   0: 0x8000631c (0x40ead533) sra     a0, s5, a4
core   0: 3 0x8000631c (0x40ead533) x10 0x00000000
core   0: 0x80006320 (0x01fcc6b3) xor     a3, s9, t6
core   0: 3 0x80006320 (0x01fcc6b3) x13 0xffffffff
core   0: 0x80006324 (0x0000109c) c.addi4spn a5, sp, 96
core   0: 3 0x80006324 (0x109c) x15 0x00000060
core   0: 0x80006326 (0x00000485) c.addi  s1, 1
core   0: 3 0x80006326 (0x0485) x9  0xfffffffd
core   0: 0x80006328 (0x00064833) xor     a6, a2, zero
core   0: 3 0x80006328 (0x00064833) x16 0x00000000
core   0: 0x8000632c (0x01e88033) add     zero, a7, t5
core   0: 3 0x8000632c (0x01e88033)
core   0: 0x80006330 (0x00b58633) add     a2, a1, a1
core   0: 3 0x80006330 (0x00b58633) x12 0x00000000
core   0: 0x80006334 (0x00008451) c.srai  s0, 20
core   0: 3 0x80006334 (0x8451) x8  0x00000000
core   0: 0x80006336 (0xfd3498e3) bne     s1, s3, pc - 48
core   0: 3 0x80006336 (0xfd3498e3)
core   0: 0x80006306 (0x00009bfd) c.andi  a5, -1
core   0: 3 0x80006306 (0x9bfd) x15 0x00000060
core   0: 0x80006308 (0xe776cb13) xori    s6, a3, -393
core   0: 3 0x80006308 (0xe776cb13) x22 0x00000188
core   0: 0x8000630c (0x00fb2133) slt     sp, s6, a5
core   0: 3 0x8000630c (0x00fb2133) x2  0x00000000
core   0: 0x80006310 (0x000081a1) c.srli  a1, 8
core   0: 3 0x80006310 (0x81a1) x11 0x00000000
core   0: 0x80006312 (0x019e5133) srl     sp, t3, s9
core   0: 3 0x80006312 (0x019e5133) x2  0x00000000
core   0: 0x80006316 (0x01641a13) slli    s4, s0, 22
core   0: 3 0x80006316 (0x01641a13) x20 0x00000000
core   0: 0x8000631a (0x00000001) c.nop
core   0: 3 0x8000631a (0x0001)
core   0: 0x8000631c (0x40ead533) sra     a0, s5, a4
core   0: 3 0x8000631c (0x40ead533) x10 0x00000000
core   0: 0x80006320 (0x01fcc6b3) xor     a3, s9, t6
core   0: 3 0x80006320 (0x01fcc6b3) x13 0xffffffff
core   0: 0x80006324 (0x0000109c) c.addi4spn a5, sp, 96
core   0: 3 0x80006324 (0x109c) x15 0x00000060
core   0: 0x80006326 (0x00000485) c.addi  s1, 1
core   0: 3 0x80006326 (0x0485) x9  0xfffffffe
core   0: 0x80006328 (0x00064833) xor     a6, a2, zero
core   0: 3 0x80006328 (0x00064833) x16 0x00000000
core   0: 0x8000632c (0x01e88033) add     zero, a7, t5
core   0: 3 0x8000632c (0x01e88033)
core   0: 0x80006330 (0x00b58633) add     a2, a1, a1
core   0: 3 0x80006330 (0x00b58633) x12 0x00000000
core   0: 0x80006334 (0x00008451) c.srai  s0, 20
core   0: 3 0x80006334 (0x8451) x8  0x00000000
core   0: 0x80006336 (0xfd3498e3) bne     s1, s3, pc - 48
core   0: 3 0x80006336 (0xfd3498e3)
core   0: 0x80006306 (0x00009bfd) c.andi  a5, -1
core   0: 3 0x80006306 (0x9bfd) x15 0x00000060
core   0: 0x80006308 (0xe776cb13) xori    s6, a3, -393
core   0: 3 0x80006308 (0xe776cb13) x22 0x00000188
core   0: 0x8000630c (0x00fb2133) slt     sp, s6, a5
core   0: 3 0x8000630c (0x00fb2133) x2  0x00000000
core   0: 0x80006310 (0x000081a1) c.srli  a1, 8
core   0: 3 0x80006310 (0x81a1) x11 0x00000000
core   0: 0x80006312 (0x019e5133) srl     sp, t3, s9
core   0: 3 0x80006312 (0x019e5133) x2  0x00000000
core   0: 0x80006316 (0x01641a13) slli    s4, s0, 22
core   0: 3 0x80006316 (0x01641a13) x20 0x00000000
core   0: 0x8000631a (0x00000001) c.nop
core   0: 3 0x8000631a (0x0001)
core   0: 0x8000631c (0x40ead533) sra     a0, s5, a4
core   0: 3 0x8000631c (0x40ead533) x10 0x00000000
core   0: 0x80006320 (0x01fcc6b3) xor     a3, s9, t6
core   0: 3 0x80006320 (0x01fcc6b3) x13 0xffffffff
core   0: 0x80006324 (0x0000109c) c.addi4spn a5, sp, 96
core   0: 3 0x80006324 (0x109c) x15 0x00000060
core   0: 0x80006326 (0x00000485) c.addi  s1, 1
core   0: 3 0x80006326 (0x0485) x9  0xffffffff
core   0: 0x80006328 (0x00064833) xor     a6, a2, zero
core   0: 3 0x80006328 (0x00064833) x16 0x00000000
core   0: 0x8000632c (0x01e88033) add     zero, a7, t5
core   0: 3 0x8000632c (0x01e88033)
core   0: 0x80006330 (0x00b58633) add     a2, a1, a1
core   0: 3 0x80006330 (0x00b58633) x12 0x00000000
core   0: 0x80006334 (0x00008451) c.srai  s0, 20
core   0: 3 0x80006334 (0x8451) x8  0x00000000
core   0: 0x80006336 (0xfd3498e3) bne     s1, s3, pc - 48
core   0: 3 0x80006336 (0xfd3498e3)
core   0: 0x80006306 (0x00009bfd) c.andi  a5, -1
core   0: 3 0x80006306 (0x9bfd) x15 0x00000060
core   0: 0x80006308 (0xe776cb13) xori    s6, a3, -393
core   0: 3 0x80006308 (0xe776cb13) x22 0x00000188
core   0: 0x8000630c (0x00fb2133) slt     sp, s6, a5
core   0: 3 0x8000630c (0x00fb2133) x2  0x00000000
core   0: 0x80006310 (0x000081a1) c.srli  a1, 8
core   0: 3 0x80006310 (0x81a1) x11 0x00000000
core   0: 0x80006312 (0x019e5133) srl     sp, t3, s9
core   0: 3 0x80006312 (0x019e5133) x2  0x00000000
core   0: 0x80006316 (0x01641a13) slli    s4, s0, 22
core   0: 3 0x80006316 (0x01641a13) x20 0x00000000
core   0: 0x8000631a (0x00000001) c.nop
core   0: 3 0x8000631a (0x0001)
core   0: 0x8000631c (0x40ead533) sra     a0, s5, a4
core   0: 3 0x8000631c (0x40ead533) x10 0x00000000
core   0: 0x80006320 (0x01fcc6b3) xor     a3, s9, t6
core   0: 3 0x80006320 (0x01fcc6b3) x13 0xffffffff
core   0: 0x80006324 (0x0000109c) c.addi4spn a5, sp, 96
core   0: 3 0x80006324 (0x109c) x15 0x00000060
core   0: 0x80006326 (0x00000485) c.addi  s1, 1
core   0: 3 0x80006326 (0x0485) x9  0x00000000
core   0: 0x80006328 (0x00064833) xor     a6, a2, zero
core   0: 3 0x80006328 (0x00064833) x16 0x00000000
core   0: 0x8000632c (0x01e88033) add     zero, a7, t5
core   0: 3 0x8000632c (0x01e88033)
core   0: 0x80006330 (0x00b58633) add     a2, a1, a1
core   0: 3 0x80006330 (0x00b58633) x12 0x00000000
core   0: 0x80006334 (0x00008451) c.srai  s0, 20
core   0: 3 0x80006334 (0x8451) x8  0x00000000
core   0: 0x80006336 (0xfd3498e3) bne     s1, s3, pc - 48
core   0: 3 0x80006336 (0xfd3498e3)
core   0: 0x80006306 (0x00009bfd) c.andi  a5, -1
core   0: 3 0x80006306 (0x9bfd) x15 0x00000060
core   0: 0x80006308 (0xe776cb13) xori    s6, a3, -393
core   0: 3 0x80006308 (0xe776cb13) x22 0x00000188
core   0: 0x8000630c (0x00fb2133) slt     sp, s6, a5
core   0: 3 0x8000630c (0x00fb2133) x2  0x00000000
core   0: 0x80006310 (0x000081a1) c.srli  a1, 8
core   0: 3 0x80006310 (0x81a1) x11 0x00000000
core   0: 0x80006312 (0x019e5133) srl     sp, t3, s9
core   0: 3 0x80006312 (0x019e5133) x2  0x00000000
core   0: 0x80006316 (0x01641a13) slli    s4, s0, 22
core   0: 3 0x80006316 (0x01641a13) x20 0x00000000
core   0: 0x8000631a (0x00000001) c.nop
core   0: 3 0x8000631a (0x0001)
core   0: 0x8000631c (0x40ead533) sra     a0, s5, a4
core   0: 3 0x8000631c (0x40ead533) x10 0x00000000
core   0: 0x80006320 (0x01fcc6b3) xor     a3, s9, t6
core   0: 3 0x80006320 (0x01fcc6b3) x13 0xffffffff
core   0: 0x80006324 (0x0000109c) c.addi4spn a5, sp, 96
core   0: 3 0x80006324 (0x109c) x15 0x00000060
core   0: 0x80006326 (0x00000485) c.addi  s1, 1
core   0: 3 0x80006326 (0x0485) x9  0x00000001
core   0: 0x80006328 (0x00064833) xor     a6, a2, zero
core   0: 3 0x80006328 (0x00064833) x16 0x00000000
core   0: 0x8000632c (0x01e88033) add     zero, a7, t5
core   0: 3 0x8000632c (0x01e88033)
core   0: 0x80006330 (0x00b58633) add     a2, a1, a1
core   0: 3 0x80006330 (0x00b58633) x12 0x00000000
core   0: 0x80006334 (0x00008451) c.srai  s0, 20
core   0: 3 0x80006334 (0x8451) x8  0x00000000
core   0: 0x80006336 (0xfd3498e3) bne     s1, s3, pc - 48
core   0: 3 0x80006336 (0xfd3498e3)
core   0: 0x80006306 (0x00009bfd) c.andi  a5, -1
core   0: 3 0x80006306 (0x9bfd) x15 0x00000060
core   0: 0x80006308 (0xe776cb13) xori    s6, a3, -393
core   0: 3 0x80006308 (0xe776cb13) x22 0x00000188
core   0: 0x8000630c (0x00fb2133) slt     sp, s6, a5
core   0: 3 0x8000630c (0x00fb2133) x2  0x00000000
core   0: 0x80006310 (0x000081a1) c.srli  a1, 8
core   0: 3 0x80006310 (0x81a1) x11 0x00000000
core   0: 0x80006312 (0x019e5133) srl     sp, t3, s9
core   0: 3 0x80006312 (0x019e5133) x2  0x00000000
core   0: 0x80006316 (0x01641a13) slli    s4, s0, 22
core   0: 3 0x80006316 (0x01641a13) x20 0x00000000
core   0: 0x8000631a (0x00000001) c.nop
core   0: 3 0x8000631a (0x0001)
core   0: 0x8000631c (0x40ead533) sra     a0, s5, a4
core   0: 3 0x8000631c (0x40ead533) x10 0x00000000
core   0: 0x80006320 (0x01fcc6b3) xor     a3, s9, t6
core   0: 3 0x80006320 (0x01fcc6b3) x13 0xffffffff
core   0: 0x80006324 (0x0000109c) c.addi4spn a5, sp, 96
core   0: 3 0x80006324 (0x109c) x15 0x00000060
core   0: 0x80006326 (0x00000485) c.addi  s1, 1
core   0: 3 0x80006326 (0x0485) x9  0x00000002
core   0: 0x80006328 (0x00064833) xor     a6, a2, zero
core   0: 3 0x80006328 (0x00064833) x16 0x00000000
core   0: 0x8000632c (0x01e88033) add     zero, a7, t5
core   0: 3 0x8000632c (0x01e88033)
core   0: 0x80006330 (0x00b58633) add     a2, a1, a1
core   0: 3 0x80006330 (0x00b58633) x12 0x00000000
core   0: 0x80006334 (0x00008451) c.srai  s0, 20
core   0: 3 0x80006334 (0x8451) x8  0x00000000
core   0: 0x80006336 (0xfd3498e3) bne     s1, s3, pc - 48
core   0: 3 0x80006336 (0xfd3498e3)
core   0: 0x80006306 (0x00009bfd) c.andi  a5, -1
core   0: 3 0x80006306 (0x9bfd) x15 0x00000060
core   0: 0x80006308 (0xe776cb13) xori    s6, a3, -393
core   0: 3 0x80006308 (0xe776cb13) x22 0x00000188
core   0: 0x8000630c (0x00fb2133) slt     sp, s6, a5
core   0: 3 0x8000630c (0x00fb2133) x2  0x00000000
core   0: 0x80006310 (0x000081a1) c.srli  a1, 8
core   0: 3 0x80006310 (0x81a1) x11 0x00000000
core   0: 0x80006312 (0x019e5133) srl     sp, t3, s9
core   0: 3 0x80006312 (0x019e5133) x2  0x00000000
core   0: 0x80006316 (0x01641a13) slli    s4, s0, 22
core   0: 3 0x80006316 (0x01641a13) x20 0x00000000
core   0: 0x8000631a (0x00000001) c.nop
core   0: 3 0x8000631a (0x0001)
core   0: 0x8000631c (0x40ead533) sra     a0, s5, a4
core   0: 3 0x8000631c (0x40ead533) x10 0x00000000
core   0: 0x80006320 (0x01fcc6b3) xor     a3, s9, t6
core   0: 3 0x80006320 (0x01fcc6b3) x13 0xffffffff
core   0: 0x80006324 (0x0000109c) c.addi4spn a5, sp, 96
core   0: 3 0x80006324 (0x109c) x15 0x00000060
core   0: 0x80006326 (0x00000485) c.addi  s1, 1
core   0: 3 0x80006326 (0x0485) x9  0x00000003
core   0: 0x80006328 (0x00064833) xor     a6, a2, zero
core   0: 3 0x80006328 (0x00064833) x16 0x00000000
core   0: 0x8000632c (0x01e88033) add     zero, a7, t5
core   0: 3 0x8000632c (0x01e88033)
core   0: 0x80006330 (0x00b58633) add     a2, a1, a1
core   0: 3 0x80006330 (0x00b58633) x12 0x00000000
core   0: 0x80006334 (0x00008451) c.srai  s0, 20
core   0: 3 0x80006334 (0x8451) x8  0x00000000
core   0: 0x80006336 (0xfd3498e3) bne     s1, s3, pc - 48
core   0: 3 0x80006336 (0xfd3498e3)
core   0: 0x80006306 (0x00009bfd) c.andi  a5, -1
core   0: 3 0x80006306 (0x9bfd) x15 0x00000060
core   0: 0x80006308 (0xe776cb13) xori    s6, a3, -393
core   0: 3 0x80006308 (0xe776cb13) x22 0x00000188
core   0: 0x8000630c (0x00fb2133) slt     sp, s6, a5
core   0: 3 0x8000630c (0x00fb2133) x2  0x00000000
core   0: 0x80006310 (0x000081a1) c.srli  a1, 8
core   0: 3 0x80006310 (0x81a1) x11 0x00000000
core   0: 0x80006312 (0x019e5133) srl     sp, t3, s9
core   0: 3 0x80006312 (0x019e5133) x2  0x00000000
core   0: 0x80006316 (0x01641a13) slli    s4, s0, 22
core   0: 3 0x80006316 (0x01641a13) x20 0x00000000
core   0: 0x8000631a (0x00000001) c.nop
core   0: 3 0x8000631a (0x0001)
core   0: 0x8000631c (0x40ead533) sra     a0, s5, a4
core   0: 3 0x8000631c (0x40ead533) x10 0x00000000
core   0: 0x80006320 (0x01fcc6b3) xor     a3, s9, t6
core   0: 3 0x80006320 (0x01fcc6b3) x13 0xffffffff
core   0: 0x80006324 (0x0000109c) c.addi4spn a5, sp, 96
core   0: 3 0x80006324 (0x109c) x15 0x00000060
core   0: 0x80006326 (0x00000485) c.addi  s1, 1
core   0: 3 0x80006326 (0x0485) x9  0x00000004
core   0: 0x80006328 (0x00064833) xor     a6, a2, zero
core   0: 3 0x80006328 (0x00064833) x16 0x00000000
core   0: 0x8000632c (0x01e88033) add     zero, a7, t5
core   0: 3 0x8000632c (0x01e88033)
core   0: 0x80006330 (0x00b58633) add     a2, a1, a1
core   0: 3 0x80006330 (0x00b58633) x12 0x00000000
core   0: 0x80006334 (0x00008451) c.srai  s0, 20
core   0: 3 0x80006334 (0x8451) x8  0x00000000
core   0: 0x80006336 (0xfd3498e3) bne     s1, s3, pc - 48
core   0: 3 0x80006336 (0xfd3498e3)
core   0: 0x80006306 (0x00009bfd) c.andi  a5, -1
core   0: 3 0x80006306 (0x9bfd) x15 0x00000060
core   0: 0x80006308 (0xe776cb13) xori    s6, a3, -393
core   0: 3 0x80006308 (0xe776cb13) x22 0x00000188
core   0: 0x8000630c (0x00fb2133) slt     sp, s6, a5
core   0: 3 0x8000630c (0x00fb2133) x2  0x00000000
core   0: 0x80006310 (0x000081a1) c.srli  a1, 8
core   0: 3 0x80006310 (0x81a1) x11 0x00000000
core   0: 0x80006312 (0x019e5133) srl     sp, t3, s9
core   0: 3 0x80006312 (0x019e5133) x2  0x00000000
core   0: 0x80006316 (0x01641a13) slli    s4, s0, 22
core   0: 3 0x80006316 (0x01641a13) x20 0x00000000
core   0: 0x8000631a (0x00000001) c.nop
core   0: 3 0x8000631a (0x0001)
core   0: 0x8000631c (0x40ead533) sra     a0, s5, a4
core   0: 3 0x8000631c (0x40ead533) x10 0x00000000
core   0: 0x80006320 (0x01fcc6b3) xor     a3, s9, t6
core   0: 3 0x80006320 (0x01fcc6b3) x13 0xffffffff
core   0: 0x80006324 (0x0000109c) c.addi4spn a5, sp, 96
core   0: 3 0x80006324 (0x109c) x15 0x00000060
core   0: 0x80006326 (0x00000485) c.addi  s1, 1
core   0: 3 0x80006326 (0x0485) x9  0x00000005
core   0: 0x80006328 (0x00064833) xor     a6, a2, zero
core   0: 3 0x80006328 (0x00064833) x16 0x00000000
core   0: 0x8000632c (0x01e88033) add     zero, a7, t5
core   0: 3 0x8000632c (0x01e88033)
core   0: 0x80006330 (0x00b58633) add     a2, a1, a1
core   0: 3 0x80006330 (0x00b58633) x12 0x00000000
core   0: 0x80006334 (0x00008451) c.srai  s0, 20
core   0: 3 0x80006334 (0x8451) x8  0x00000000
core   0: 0x80006336 (0xfd3498e3) bne     s1, s3, pc - 48
core   0: 3 0x80006336 (0xfd3498e3)
core   0: 0x80006306 (0x00009bfd) c.andi  a5, -1
core   0: 3 0x80006306 (0x9bfd) x15 0x00000060
core   0: 0x80006308 (0xe776cb13) xori    s6, a3, -393
core   0: 3 0x80006308 (0xe776cb13) x22 0x00000188
core   0: 0x8000630c (0x00fb2133) slt     sp, s6, a5
core   0: 3 0x8000630c (0x00fb2133) x2  0x00000000
core   0: 0x80006310 (0x000081a1) c.srli  a1, 8
core   0: 3 0x80006310 (0x81a1) x11 0x00000000
core   0: 0x80006312 (0x019e5133) srl     sp, t3, s9
core   0: 3 0x80006312 (0x019e5133) x2  0x00000000
core   0: 0x80006316 (0x01641a13) slli    s4, s0, 22
core   0: 3 0x80006316 (0x01641a13) x20 0x00000000
core   0: 0x8000631a (0x00000001) c.nop
core   0: 3 0x8000631a (0x0001)
core   0: 0x8000631c (0x40ead533) sra     a0, s5, a4
core   0: 3 0x8000631c (0x40ead533) x10 0x00000000
core   0: 0x80006320 (0x01fcc6b3) xor     a3, s9, t6
core   0: 3 0x80006320 (0x01fcc6b3) x13 0xffffffff
core   0: 0x80006324 (0x0000109c) c.addi4spn a5, sp, 96
core   0: 3 0x80006324 (0x109c) x15 0x00000060
core   0: 0x80006326 (0x00000485) c.addi  s1, 1
core   0: 3 0x80006326 (0x0485) x9  0x00000006
core   0: 0x80006328 (0x00064833) xor     a6, a2, zero
core   0: 3 0x80006328 (0x00064833) x16 0x00000000
core   0: 0x8000632c (0x01e88033) add     zero, a7, t5
core   0: 3 0x8000632c (0x01e88033)
core   0: 0x80006330 (0x00b58633) add     a2, a1, a1
core   0: 3 0x80006330 (0x00b58633) x12 0x00000000
core   0: 0x80006334 (0x00008451) c.srai  s0, 20
core   0: 3 0x80006334 (0x8451) x8  0x00000000
core   0: 0x80006336 (0xfd3498e3) bne     s1, s3, pc - 48
core   0: 3 0x80006336 (0xfd3498e3)
core   0: 0x80006306 (0x00009bfd) c.andi  a5, -1
core   0: 3 0x80006306 (0x9bfd) x15 0x00000060
core   0: 0x80006308 (0xe776cb13) xori    s6, a3, -393
core   0: 3 0x80006308 (0xe776cb13) x22 0x00000188
core   0: 0x8000630c (0x00fb2133) slt     sp, s6, a5
core   0: 3 0x8000630c (0x00fb2133) x2  0x00000000
core   0: 0x80006310 (0x000081a1) c.srli  a1, 8
core   0: 3 0x80006310 (0x81a1) x11 0x00000000
core   0: 0x80006312 (0x019e5133) srl     sp, t3, s9
core   0: 3 0x80006312 (0x019e5133) x2  0x00000000
core   0: 0x80006316 (0x01641a13) slli    s4, s0, 22
core   0: 3 0x80006316 (0x01641a13) x20 0x00000000
core   0: 0x8000631a (0x00000001) c.nop
core   0: 3 0x8000631a (0x0001)
core   0: 0x8000631c (0x40ead533) sra     a0, s5, a4
core   0: 3 0x8000631c (0x40ead533) x10 0x00000000
core   0: 0x80006320 (0x01fcc6b3) xor     a3, s9, t6
core   0: 3 0x80006320 (0x01fcc6b3) x13 0xffffffff
core   0: 0x80006324 (0x0000109c) c.addi4spn a5, sp, 96
core   0: 3 0x80006324 (0x109c) x15 0x00000060
core   0: 0x80006326 (0x00000485) c.addi  s1, 1
core   0: 3 0x80006326 (0x0485) x9  0x00000007
core   0: 0x80006328 (0x00064833) xor     a6, a2, zero
core   0: 3 0x80006328 (0x00064833) x16 0x00000000
core   0: 0x8000632c (0x01e88033) add     zero, a7, t5
core   0: 3 0x8000632c (0x01e88033)
core   0: 0x80006330 (0x00b58633) add     a2, a1, a1
core   0: 3 0x80006330 (0x00b58633) x12 0x00000000
core   0: 0x80006334 (0x00008451) c.srai  s0, 20
core   0: 3 0x80006334 (0x8451) x8  0x00000000
core   0: 0x80006336 (0xfd3498e3) bne     s1, s3, pc - 48
core   0: 3 0x80006336 (0xfd3498e3)
core   0: 0x8000633a (0x00008efd) c.and   a3, a5
core   0: 3 0x8000633a (0x8efd) x13 0x00000060
core   0: 0x8000633c (0x00009746) c.add   a4, a7
core   0: 3 0x8000633c (0x9746) x14 0x80029f34
core   0: 0x8000633e (0x02a099b3) mulh    s3, ra, a0
core   0: 3 0x8000633e (0x02a099b3) x19 0x00000000
core   0: 0x80006342 (0x0341c1b3) div     gp, gp, s4
core   0: 3 0x80006342 (0x0341c1b3) x3  0xffffffff
core   0: 0x80006346 (0x00008c41) c.or    s0, s0
core   0: 3 0x80006346 (0x8c41) x8  0x00000000
core   0: 0x80006348 (0x020d65b3) rem     a1, s10, zero
core   0: 3 0x80006348 (0x020d65b3) x11 0x000000fe
core   0: 0x8000634c (0x005efa63) bgeu    t4, t0, pc + 20
core   0: 3 0x8000634c (0x005efa63)
core   0: 0x80006350 (0x0122ba33) sltu    s4, t0, s2
core   0: 3 0x80006350 (0x0122ba33) x20 0x00000000
core   0: 0x80006354 (0x01ee1663) bne     t3, t5, pc + 12
core   0: 3 0x80006354 (0x01ee1663)
core   0: 0x80006360 (0x00005b7d) c.li    s6, -1
core   0: 3 0x80006360 (0x5b7d) x22 0xffffffff
core   0: 0x80006362 (0x02edd763) bge     s11, a4, pc + 46
core   0: 3 0x80006362 (0x02edd763)
core   0: 0x80006390 (0x00008d05) c.sub   a0, s1
core   0: 3 0x80006390 (0x8d05) x10 0xfffffff9
core   0: 0x80006392 (0x03f69eb3) mulh    t4, a3, t6
core   0: 3 0x80006392 (0x03f69eb3) x29 0x00000000
core   0: 0x80006396 (0x00008e49) c.or    a2, a0
core   0: 3 0x80006396 (0x8e49) x12 0xfffffff9
core   0: 0x80006398 (0x0389f063) bgeu    s3, s8, pc + 32
core   0: 3 0x80006398 (0x0389f063)
core   0: 0x8000639c (0x0000c09d) c.beqz  s1, pc + 38
core   0: 3 0x8000639c (0xc09d)
core   0: 0x8000639e (0x0000c205) c.beqz  a2, pc + 32
core   0: 3 0x8000639e (0xc205)
core   0: 0x800063a0 (0x000084da) c.mv    s1, s6
core   0: 3 0x800063a0 (0x84da) x9  0xffffffff
core   0: 0x800063a2 (0x67dfbb13) sltiu   s6, t6, 1661
core   0: 3 0x800063a2 (0x67dfbb13) x22 0x00000001
core   0: 0x800063a6 (0x006e33b3) sltu    t2, t3, t1
core   0: 3 0x800063a6 (0x006e33b3) x7  0x00000001
core   0: 0x800063aa (0x00009a06) c.add   s4, ra
core   0: 3 0x800063aa (0x9a06) x20 0x00000000
core   0: 0x800063ac (0x0009ffb3) and     t6, s3, zero
core   0: 3 0x800063ac (0x0009ffb3) x31 0x00000000
core   0: 0x800063b0 (0x03eac333) div     t1, s5, t5
core   0: 3 0x800063b0 (0x03eac333) x6  0x00000000
core   0: 0x800063b4 (0x00ccca33) xor     s4, s9, a2
core   0: 3 0x800063b4 (0x00ccca33) x20 0x00000006
core   0: 0x800063b8 (0x41378233) sub     tp, a5, s3
core   0: 3 0x800063b8 (0x41378233) x4  0x00000060
core   0: 0x800063bc (0x0000814d) c.srli  a0, 19
core   0: 3 0x800063bc (0x814d) x10 0x00001fff
core   0: 0x800063be (0x016685b3) add     a1, a3, s6
core   0: 3 0x800063be (0x016685b3) x11 0x00000061
core   0: 0x800063c2 (0x00eed393) srli    t2, t4, 14
core   0: 3 0x800063c2 (0x00eed393) x7  0x00000000
core   0: 0x800063c6 (0x9b0cfa93) andi    s5, s9, -1616
core   0: 3 0x800063c6 (0x9b0cfa93) x21 0xfffff9b0
core   0: 0x800063ca (0x00a4cfb3) xor     t6, s1, a0
core   0: 3 0x800063ca (0x00a4cfb3) x31 0xffffe000
core   0: 0x800063ce (0x385cb093) sltiu   ra, s9, 901
core   0: 3 0x800063ce (0x385cb093) x1  0x00000000
core   0: 0x800063d2 (0x022b0233) mul     tp, s6, sp
core   0: 3 0x800063d2 (0x022b0233) x4  0x00000000
core   0: 0x800063d6 (0x00009e26) c.add   t3, s1
core   0: 3 0x800063d6 (0x9e26) x28 0x00000000
core   0: 0x800063d8 (0x00008965) c.andi  a0, 25
core   0: 3 0x800063d8 (0x8965) x10 0x00000019
core   0: 0x800063da (0x00004a6d) c.li    s4, 27
core   0: 3 0x800063da (0x4a6d) x20 0x0000001b
core   0: 0x800063dc (0x032c8e33) mul     t3, s9, s2
core   0: 3 0x800063dc (0x032c8e33) x28 0x736f55d7
core   0: 0x800063e0 (0x01406db3) or      s11, zero, s4
core   0: 3 0x800063e0 (0x01406db3) x27 0x0000001b
core   0: 0x800063e4 (0x3b4d4e93) xori    t4, s10, 948
core   0: 3 0x800063e4 (0x3b4d4e93) x29 0x0000034a
core   0: 0x800063e8 (0x00000d98) c.addi4spn a4, sp, 720
core   0: 3 0x800063e8 (0x0d98) x14 0x000002d0
core   0: 0x800063ea (0x011bd833) srl     a6, s7, a7
core   0: 3 0x800063ea (0x011bd833) x16 0x080025e6
core   0: 0x800063ee (0x953f7313) andi    t1, t5, -1709
core   0: 3 0x800063ee (0x953f7313) x6  0xfffff953
core   0: 0x800063f2 (0x33ee8693) addi    a3, t4, 830
core   0: 3 0x800063f2 (0x33ee8693) x13 0x00000688
core   0: 0x800063f6 (0x037ac6b3) div     a3, s5, s7
core   0: 3 0x800063f6 (0x037ac6b3) x13 0x00000000
core   0: 0x800063fa (0x030ba6b3) mulhsu  a3, s7, a6
core   0: 3 0x800063fa (0x030ba6b3) x13 0xfc000000
core   0: 0x800063fe (0x00006c55) c.lui   s8, 0x15
core   0: 3 0x800063fe (0x6c55) x24 0x00015000
core   0: 0x80006400 (0x000009b5) c.addi  s3, 13
core   0: 3 0x80006400 (0x09b5) x19 0x0000000d
core   0: 0x80006402 (0x00567963) bgeu    a2, t0, pc + 18
core   0: 3 0x80006402 (0x00567963)
core   0: 0x80006406 (0x960dc213) xori    tp, s11, -1696
core   0: 3 0x80006406 (0x960dc213) x4  0xfffff97b
core   0: 0x8000640a (0x02e17863) bgeu    sp, a4, pc + 48
core   0: 3 0x8000640a (0x02e17863)
core   0: 0x8000640e (0x00009afd) c.andi  a3, -1
core   0: 3 0x8000640e (0x9afd) x13 0xfc000000
core   0: 0x80006410 (0x001d9b33) sll     s6, s11, ra
core   0: 3 0x80006410 (0x001d9b33) x22 0x0000001b
core   0: 0x80006414 (0x31f2c113) xori    sp, t0, 799
core   0: 3 0x80006414 (0x31f2c113) x2  0xfffffce0
core   0: 0x80006418 (0x006b1cb3) sll     s9, s6, t1
core   0: 3 0x80006418 (0x006b1cb3) x25 0x00d80000
core   0: 0x8000641c (0x005607b3) add     a5, a2, t0
core   0: 3 0x8000641c (0x005607b3) x15 0xfffffff8
core   0: 0x80006420 (0x0000c819) c.beqz  s0, pc + 22
core   0: 3 0x80006420 (0xc819)
core   0: 0x80006436 (0x03c61733) mulh    a4, a2, t3
core   0: 3 0x80006436 (0x03c61733) x14 0xfffffffc
core   0: 0x8000643a (0x01aa50b3) srl     ra, s4, s10
core   0: 3 0x8000643a (0x01aa50b3) x1  0x00000000
core   0: 0x8000643e (0x000089ea) c.mv    s3, s10
core   0: 3 0x8000643e (0x89ea) x19 0x000000fe
core   0: 0x80006440 (0x03c45a63) bge     s0, t3, pc + 52
core   0: 3 0x80006440 (0x03c45a63)
core   0: 0x80006444 (0x32002993) slti    s3, zero, 800
core   0: 3 0x80006444 (0x32002993) x19 0x00000001
core   0: 0x80006448 (0x00008c65) c.and   s0, s1
core   0: 3 0x80006448 (0x8c65) x8  0x00000000
core   0: 0x8000644a (0x00001880) c.addi4spn s0, sp, 112
core   0: 3 0x8000644a (0x1880) x8  0xfffffd50
core   0: 0x8000644c (0x019b0db3) add     s11, s6, s9
core   0: 3 0x8000644c (0x019b0db3) x27 0x00d8001b
core   0: 0x80006450 (0x0f844393) xori    t2, s0, 248
core   0: 3 0x80006450 (0x0f844393) x7  0xfffffda8
core   0: 0x80006454 (0x037f2db3) mulhsu  s11, t5, s7
core   0: 3 0x80006454 (0x037f2db3) x27 0xffffffff
core   0: 0x80006458 (0x02937e63) bgeu    t1, s1, pc + 60
core   0: 3 0x80006458 (0x02937e63)
core   0: 0x8000645c (0x0000e295) c.bnez  a3, pc + 36
core   0: 3 0x8000645c (0xe295)
core   0: 0x80006480 (0x00008d15) c.sub   a0, a3
core   0: 3 0x80006480 (0x8d15) x10 0x04000019
core   0: 0x80006482 (0x000060b5) c.lui   ra, 0xd
core   0: 3 0x80006482 (0x60b5) x1  0x0000d000
core   0: 0x80006484 (0x0360dc63) bge     ra, s6, pc + 56
core   0: 3 0x80006484 (0x0360dc63)
core   0: 0x800064bc (0x00000390) c.addi4spn a2, sp, 448
core   0: 3 0x800064bc (0x0390) x12 0xfffffea0
core   0: 0x800064be (0x00001114) c.addi4spn a3, sp, 160
core   0: 3 0x800064be (0x1114) x13 0xfffffd80
core   0: 0x800064c0 (0x029840b3) div     ra, a6, s1
core   0: 3 0x800064c0 (0x029840b3) x1  0xf7ffda1a
core   0: 0x800064c4 (0x00ca9f63) bne     s5, a2, pc + 30
core   0: 3 0x800064c4 (0x00ca9f63)
core   0: 0x800064e2 (0x01889ab3) sll     s5, a7, s8
core   0: 3 0x800064e2 (0x01889ab3) x21 0x80029ce4
core   0: 0x800064e6 (0x81460a93) addi    s5, a2, -2028
core   0: 3 0x800064e6 (0x81460a93) x21 0xfffff6b4
core   0: 0x800064ea (0x00009e0e) c.add   t3, gp
core   0: 3 0x800064ea (0x9e0e) x28 0x736f55d6
core   0: 0x800064ec (0x60a35cb7) lui     s9, 0x60a35
core   0: 3 0x800064ec (0x60a35cb7) x25 0x60a35000
core   0: 0x800064f0 (0x028da0b3) mulhsu  ra, s11, s0
core   0: 3 0x800064f0 (0x028da0b3) x1  0xffffffff
core   0: 0x800064f4 (0x0334adb3) mulhsu  s11, s1, s3
core   0: 3 0x800064f4 (0x0334adb3) x27 0xffffffff
core   0: 0x800064f8 (0x01679133) sll     sp, a5, s6
core   0: 3 0x800064f8 (0x01679133) x2  0xc0000000
core   0: 0x800064fc (0x03994a63) blt     s2, s9, pc + 52
core   0: 3 0x800064fc (0x03994a63)
core   0: 0x80006530 (0x41545013) srai    zero, s0, 21
core   0: 3 0x80006530 (0x41545013)
core   0: 0x80006534 (0x0cfd4963) blt     s10, a5, pc + 210
core   0: 3 0x80006534 (0x0cfd4963)
core   0: 0x80006538 (0x02a52e33) mulhsu  t3, a0, a0
core   0: 3 0x80006538 (0x02a52e33) x28 0x00100000
core   0: 0x8000653c (0x41c6d0b3) sra     ra, a3, t3
core   0: 3 0x8000653c (0x41c6d0b3) x1  0xfffffd80
core   0: 0x80006540 (0x00009452) c.add   s0, s4
core   0: 3 0x80006540 (0x9452) x8  0xfffffd6b
core   0: 0x80006542 (0x00008c0e) c.mv    s8, gp
core   0: 3 0x80006542 (0x8c0e) x24 0xffffffff
core   0: 0x80006544 (0x9a6ca993) slti    s3, s9, -1626
core   0: 3 0x80006544 (0x9a6ca993) x19 0x00000000
core   0: 0x80006548 (0x00006f45) c.lui   t5, 0x11
core   0: 3 0x80006548 (0x6f45) x30 0x00011000
core   0: 0x8000654a (0x02812433) mulhsu  s0, sp, s0
core   0: 3 0x8000654a (0x02812433) x8  0xc00000a5
core   0: 0x8000654e (0x03341b33) mulh    s6, s0, s3
core   0: 3 0x8000654e (0x03341b33) x22 0x00000000
core   0: 0x80006552 (0x00000749) c.addi  a4, 18
core   0: 3 0x80006552 (0x0749) x14 0x0000000e
core   0: 0x80006554 (0x00006105) c.addi16sp sp, 32
core   0: 3 0x80006554 (0x6105) x2  0xc0000020
core   0: 0x80006556 (0x00015e97) auipc   t4, 0x15
core   0: 3 0x80006556 (0x00015e97) x29 0x8001b556
core   0: 0x8000655a (0xd74e8e93) addi    t4, t4, -652
core   0: 3 0x8000655a (0xd74e8e93) x29 0x8001b2ca
core   0: 0x8000655e (0x2bfec583) lbu     a1, 703(t4)
core   0: 3 0x8000655e (0x2bfec583) x11 0x00000000 mem 0x8001b589
core   0: 0x80006562 (0x34587293) andi    t0, a6, 837
core   0: 3 0x80006562 (0x34587293) x5  0x00000144
core   0: 0x80006566 (0xa60e85a3) sb      zero, -1429(t4)
core   0: 3 0x80006566 (0xa60e85a3) mem 0x8001ad35 0x00
core   0: 0x8000656a (0x023eeb33) rem     s6, t4, gp
core   0: 3 0x8000656a (0x023eeb33) x22 0x00000000
core   0: 0x8000656e (0x71be8ea3) sb      s11, 1821(t4)
core   0: 3 0x8000656e (0x71be8ea3) mem 0x8001b9e7 0xff
core   0: 0x80006572 (0x03595833) divu    a6, s2, s5
core   0: 3 0x80006572 (0x03595833) x16 0x00000000
core   0: 0x80006576 (0x330ed203) lhu     tp, 816(t4)
core   0: 3 0x80006576 (0x330ed203) x4  0x00000000 mem 0x8001b5fa
core   0: 0x8000657a (0x0cf43693) sltiu   a3, s0, 207
core   0: 3 0x8000657a (0x0cf43693) x13 0x00000000
core   0: 0x8000657e (0x0b5e8383) lb      t2, 181(t4)
core   0: 3 0x8000657e (0x0b5e8383) x7  0x00000000 mem 0x8001b37f
core   0: 0x80006582 (0x99be8f83) lb      t6, -1637(t4)
core   0: 3 0x80006582 (0x99be8f83) x31 0x00000000 mem 0x8001ac65
core   0: 0x80006586 (0x1a7ea923) sw      t2, 434(t4)
core   0: 3 0x80006586 (0x1a7ea923) mem 0x8001b47c 0x00000000
core   0: 0x8000658a (0x40b15993) srai    s3, sp, 11
core   0: 3 0x8000658a (0x40b15993) x19 0xfff80000
core   0: 0x8000658e (0x0036acb3) slt     s9, a3, gp
core   0: 3 0x8000658e (0x0036acb3) x25 0x00000000
core   0: 0x80006592 (0xd17e88a3) sb      s7, -751(t4)
core   0: 3 0x80006592 (0xd17e88a3) mem 0x8001afdb 0x64
core   0: 0x80006596 (0xbe5e86a3) sb      t0, -1043(t4)
core   0: 3 0x80006596 (0xbe5e86a3) mem 0x8001aeb7 0x44
core   0: 0x8000659a (0x3f047313) andi    t1, s0, 1008
core   0: 3 0x8000659a (0x3f047313) x6  0x000000a0
core   0: 0x8000659e (0x363e80a3) sb      gp, 865(t4)
core   0: 3 0x8000659e (0x363e80a3) mem 0x8001b62b 0xff
core   0: 0x800065a2 (0xaabec103) lbu     sp, -1365(t4)
core   0: 3 0x800065a2 (0xaabec103) x2  0x00000000 mem 0x8001ad75
core   0: 0x800065a6 (0x00000001) c.nop
core   0: 3 0x800065a6 (0x0001)
core   0: 0x800065a8 (0x690e8523) sb      a6, 1674(t4)
core   0: 3 0x800065a8 (0x690e8523) mem 0x8001b954 0x00
core   0: 0x800065ac (0x929ec303) lbu     t1, -1751(t4)
core   0: 3 0x800065ac (0x929ec303) x6  0x00000000 mem 0x8001abf3
core   0: 0x800065b0 (0xa7ae8fa3) sb      s10, -1409(t4)
core   0: 3 0x800065b0 (0xa7ae8fa3) mem 0x8001ad49 0xfe
core   0: 0x800065b4 (0xdbbec103) lbu     sp, -581(t4)
core   0: 3 0x800065b4 (0xdbbec103) x2  0x00000000 mem 0x8001b085
core   0: 0x800065b8 (0x040e8c03) lb      s8, 64(t4)
core   0: 3 0x800065b8 (0x040e8c03) x24 0x00000000 mem 0x8001b30a
core   0: 0x800065bc (0xc87e9c23) sh      t2, -872(t4)
core   0: 3 0x800065bc (0xc87e9c23) mem 0x8001af62 0x0000
core   0: 0x800065c0 (0xb9ae9f83) lh      t6, -1126(t4)
core   0: 3 0x800065c0 (0xb9ae9f83) x31 0x00000000 mem 0x8001ae64
core   0: 0x800065c4 (0x671e8603) lb      a2, 1649(t4)
core   0: 3 0x800065c4 (0x671e8603) x12 0x00000000 mem 0x8001b93b
core   0: 0x800065c8 (0x5c0e9123) sh      zero, 1474(t4)
core   0: 3 0x800065c8 (0x5c0e9123) mem 0x8001b88c 0x0000
core   0: 0x800065cc (0xf48e8ca3) sb      s0, -167(t4)
core   0: 3 0x800065cc (0xf48e8ca3) mem 0x8001b223 0xa5
core   0: 0x800065d0 (0x00008ecd) c.or    a3, a1
core   0: 3 0x800065d0 (0x8ecd) x13 0x00000000
core   0: 0x800065d2 (0x7e9e89a3) sb      s1, 2035(t4)
core   0: 3 0x800065d2 (0x7e9e89a3) mem 0x8001babd 0xff
core   0: 0x800065d6 (0xa41eca83) lbu     s5, -1471(t4)
core   0: 3 0x800065d6 (0xa41eca83) x21 0x00000000 mem 0x8001ad0b
core   0: 0x800065da (0x001a1db3) sll     s11, s4, ra
core   0: 3 0x800065da (0x001a1db3) x27 0x0000001b
core   0: 0x800065de (0x0b8e9c23) sh      s8, 184(t4)
core   0: 3 0x800065de (0x0b8e9c23) mem 0x8001b382 0x0000
core   0: 0x800065e2 (0xac9ecd83) lbu     s11, -1335(t4)
core   0: 3 0x800065e2 (0xac9ecd83) x27 0x00000000 mem 0x8001ad93
core   0: 0x800065e6 (0x5e9e87a3) sb      s1, 1519(t4)
core   0: 3 0x800065e6 (0x5e9e87a3) mem 0x8001b8b9 0xff
core   0: 0x800065ea (0x5bce9083) lh      ra, 1468(t4)
core   0: 3 0x800065ea (0x5bce9083) x1  0x00000000 mem 0x8001b886
core   0: 0x800065ee (0xb8760713) addi    a4, a2, -1145
core   0: 3 0x800065ee (0xb8760713) x14 0xfffffb87
core   0: 0x800065f2 (0x016f3cb3) sltu    s9, t5, s6
core   0: 3 0x800065f2 (0x016f3cb3) x25 0x00000000
core   0: 0x800065f6 (0x0339a9b3) mulhsu  s3, s3, s3
core   0: 3 0x800065f6 (0x0339a9b3) x19 0xfff80040
core   0: 0x800065fa (0x23c98a93) addi    s5, s3, 572
core   0: 3 0x800065fa (0x23c98a93) x21 0xfff8027c
core   0: 0x800065fe (0x027219b3) mulh    s3, tp, t2
core   0: 3 0x800065fe (0x027219b3) x19 0x00000000
core   0: 0x80006602 (0x00004755) c.li    a4, 21
core   0: 3 0x80006602 (0x4755) x14 0x00000015
core   0: 0x80006604 (0x000056fd) c.li    a3, -1
core   0: 3 0x80006604 (0x56fd) x13 0xffffffff
core   0: 0x80006606 (0x01ce0963) beq     t3, t3, pc + 18
core   0: 3 0x80006606 (0x01ce0963)
core   0: 0x80006618 (0x00009dd6) c.add   s11, s5
core   0: 3 0x80006618 (0x9dd6) x27 0xfff8027c
core   0: 0x8000661a (0xab3047b7) lui     a5, 0xab304
core   0: 3 0x8000661a (0xab3047b7) x15 0xab304000
core   0: 0x8000661e (0x028cc3b3) div     t2, s9, s0
core   0: 3 0x8000661e (0x028cc3b3) x7  0x00000000
core   0: 0x80006622 (0x009e6f33) or      t5, t3, s1
core   0: 3 0x80006622 (0x009e6f33) x30 0xffffffff
core   0: 0x80006626 (0x030085b3) mul     a1, ra, a6
core   0: 3 0x80006626 (0x030085b3) x11 0x00000000
core   0: 0x8000662a (0x026faab3) mulhsu  s5, t6, t1
core   0: 3 0x8000662a (0x026faab3) x21 0x00000000
core   0: 0x8000662e (0x004f6963) bltu    t5, tp, pc + 18
core   0: 3 0x8000662e (0x004f6963)
core   0: 0x80006632 (0xd9193113) sltiu   sp, s2, -623
core   0: 3 0x80006632 (0xd9193113) x2  0x00000001
core   0: 0x80006636 (0x0269d033) divu    zero, s3, t1
core   0: 3 0x80006636 (0x0269d033)
core   0: 0x8000663a (0x00b15fb3) srl     t6, sp, a1
core   0: 3 0x8000663a (0x00b15fb3) x31 0x00000001
core   0: 0x8000663e (0x0000ef9d) c.bnez  a5, pc + 62
core   0: 3 0x8000663e (0xef9d)
core   0: 0x8000667c (0x0000644d) c.lui   s0, 0x13
core   0: 3 0x8000667c (0x644d) x8  0x00013000
core   0: 0x8000667e (0x024940b3) div     ra, s2, tp
core   0: 3 0x8000667e (0x024940b3) x1  0xffffffff
core   0: 0x80006682 (0x00008f75) c.and   a4, a3
core   0: 3 0x80006682 (0x8f75) x14 0x00000015
core   0: 0x80006684 (0x02f8c033) div     zero, a7, a5
core   0: 3 0x80006684 (0x02f8c033)
core   0: 0x80006688 (0x0000717d) c.addi16sp sp, -16
core   0: 3 0x80006688 (0x717d) x2  0xfffffff1
core   0: 0x8000668a (0x00697633) and     a2, s2, t1
core   0: 3 0x8000668a (0x00697633) x12 0x00000000
core   0: 0x8000668e (0x00a2d833) srl     a6, t0, a0
core   0: 3 0x8000668e (0x00a2d833) x16 0x00000000
core   0: 0x80006692 (0x03875e33) divu    t3, a4, s8
core   0: 3 0x80006692 (0x03875e33) x28 0xffffffff
core   0: 0x80006696 (0xa6018093) addi    ra, gp, -1440
core   0: 3 0x80006696 (0xa6018093) x1  0xfffffa5f
core   0: 0x8000669a (0x010ed463) bge     t4, a6, pc + 8
core   0: 3 0x8000669a (0x010ed463)
core   0: 0x8000669e (0x41a5da33) sra     s4, a1, s10
core   0: 3 0x8000669e (0x41a5da33) x20 0x00000000
core   0: 0x800066a2 (0x01257463) bgeu    a0, s2, pc + 8
core   0: 3 0x800066a2 (0x01257463)
core   0: 0x800066a6 (0x00008cc9) c.or    s1, a0
core   0: 3 0x800066a6 (0x8cc9) x9  0xffffffff
core   0: 0x800066a8 (0x00000d00) c.addi4spn s0, sp, 656
core   0: 3 0x800066a8 (0x0d00) x8  0x00000281
core   0: 0x800066aa (0x02ce7363) bgeu    t3, a2, pc + 38
core   0: 3 0x800066aa (0x02ce7363)
core   0: 0x800066d0 (0x000080a9) c.srli  s1, 10
core   0: 3 0x800066d0 (0x80a9) x9  0x003fffff
core   0: 0x800066d2 (0xa02d8fb7) lui     t6, 0xa02d8
core   0: 3 0x800066d2 (0xa02d8fb7) x31 0xa02d8000
core   0: 0x800066d6 (0x00569093) slli    ra, a3, 5
core   0: 3 0x800066d6 (0x00569093) x1  0xffffffe0
core   0: 0x800066da (0x00008ece) c.mv    t4, s3
core   0: 3 0x800066da (0x8ece) x29 0x00000000
core   0: 0x800066dc (0x02c7d963) bge     a5, a2, pc + 50
core   0: 3 0x800066dc (0x02c7d963)
core   0: 0x800066e0 (0x00008c3d) c.xor   s0, a5
core   0: 3 0x800066e0 (0x8c3d) x8  0xab304281
core   0: 0x800066e2 (0xe1cf6513) ori     a0, t5, -484
core   0: 3 0x800066e2 (0xe1cf6513) x10 0xffffffff
core   0: 0x800066e6 (0x01d27633) and     a2, tp, t4
core   0: 3 0x800066e6 (0x01d27633) x12 0x00000000
core   0: 0x800066ea (0x022314b3) mulh    s1, t1, sp
core   0: 3 0x800066ea (0x022314b3) x9  0x00000000
core   0: 0x800066ee (0x0158dd63) bge     a7, s5, pc + 26
core   0: 3 0x800066ee (0x0158dd63)
core   0: 0x800066f2 (0x00008cb5) c.xor   s1, a3
core   0: 3 0x800066f2 (0x8cb5) x9  0xffffffff
core   0: 0x800066f4 (0x00b950b3) srl     ra, s2, a1
core   0: 3 0x800066f4 (0x00b950b3) x1  0x8c90aa29
core   0: 0x800066f8 (0xb3e14a93) xori    s5, sp, -1218
core   0: 3 0x800066f8 (0xb3e14a93) x21 0x000004cf
core   0: 0x800066fc (0x00000e61) c.addi  t3, 24
core   0: 3 0x800066fc (0x0e61) x28 0x00000017
core   0: 0x800066fe (0xf75a4697) auipc   a3, 0xf75a4
core   0: 3 0x800066fe (0xf75a4697) x13 0x775aa6fe
core   0: 0x80006702 (0x025dd1b3) divu    gp, s11, t0
core   0: 3 0x80006702 (0x025dd1b3) x3  0x00ca3f37
core   0: 0x80006706 (0x00000001) c.nop
core   0: 3 0x80006706 (0x0001)
core   0: 0x80006708 (0x00000001) c.nop
core   0: 3 0x80006708 (0x0001)
core   0: 0x8000670a (0x03f28263) beq     t0, t6, pc + 36
core   0: 3 0x8000670a (0x03f28263)
core   0: 0x8000670e (0x0000c909) c.beqz  a0, pc + 18
core   0: 3 0x8000670e (0xc909)
core   0: 0x80006710 (0x409301b3) sub     gp, t1, s1
core   0: 3 0x80006710 (0x409301b3) x3  0x00000001
core   0: 0x80006714 (0x01b15663) bge     sp, s11, pc + 12
core   0: 3 0x80006714 (0x01b15663)
core   0: 0x80006720 (0x1ce37f93) andi    t6, t1, 462
core   0: 3 0x80006720 (0x1ce37f93) x31 0x00000000
core   0: 0x80006724 (0x0072c5b3) xor     a1, t0, t2
core   0: 3 0x80006724 (0x0072c5b3) x11 0x00000144
core   0: 0x80006728 (0x00008d45) c.or    a0, s1
core   0: 3 0x80006728 (0x8d45) x10 0xffffffff
core   0: 0x8000672a (0x038bf0b3) remu    ra, s7, s8
core   0: 3 0x8000672a (0x038bf0b3) x1  0x80025e64
core   0: 0x8000672e (0x400b80b3) sub     ra, s7, zero
core   0: 3 0x8000672e (0x400b80b3) x1  0x80025e64
core   0: 0x80006732 (0x00008631) c.srai  a2, 12
core   0: 3 0x80006732 (0x8631) x12 0x00000000
core   0: 0x80006734 (0x4030c193) xori    gp, ra, 1027
core   0: 3 0x80006734 (0x4030c193) x3  0x80025a67
core   0: 0x80006738 (0x02747463) bgeu    s0, t2, pc + 40
core   0: 3 0x80006738 (0x02747463)
core   0: 0x80006760 (0xedce0093) addi    ra, t3, -292
core   0: 3 0x80006760 (0xedce0093) x1  0xfffffef3
core   0: 0x80006764 (0x00009772) c.add   a4, t3
core   0: 3 0x80006764 (0x9772) x14 0x0000002c
core   0: 0x80006766 (0x00000001) c.nop
core   0: 3 0x80006766 (0x0001)
core   0: 0x80006768 (0x00008fed) c.and   a5, a1
core   0: 3 0x80006768 (0x8fed) x15 0x00000000
core   0: 0x8000676a (0x0231c133) div     sp, gp, gp
core   0: 3 0x8000676a (0x0231c133) x2  0x00000001
core   0: 0x8000676e (0x00006d5d) c.lui   s10, 0x17
core   0: 3 0x8000676e (0x6d5d) x26 0x00017000
core   0: 0x80006770 (0x00008091) c.srli  s1, 4
core   0: 3 0x80006770 (0x8091) x9  0x0fffffff
core   0: 0x80006772 (0x00c8fa63) bgeu    a7, a2, pc + 20
core   0: 3 0x80006772 (0x00c8fa63)
core   0: 0x80006786 (0x00141593) slli    a1, s0, 1
core   0: 3 0x80006786 (0x00141593) x11 0x56608502
core   0: 0x8000678a (0x15950c17) auipc   s8, 0x15950
core   0: 3 0x8000678a (0x15950c17) x24 0x9595678a
core   0: 0x8000678e (0x00aae263) bltu    s5, a0, pc + 4
core   0: 3 0x8000678e (0x00aae263)
core   0: 0x80006792 (0x00008dc1) c.or    a1, s0
core   0: 3 0x80006792 (0x8dc1) x11 0xff70c783
core   0: 0x80006794 (0x00009c4e) c.add   s8, s3
core   0: 3 0x80006794 (0x9c4e) x24 0x9595678a
core   0: 0x80006796 (0x032b6db3) rem     s11, s6, s2
core   0: 3 0x80006796 (0x032b6db3) x27 0x00000000
core   0: 0x8000679a (0x0000c885) c.beqz  s1, pc + 48
core   0: 3 0x8000679a (0xc885)
core   0: 0x8000679c (0x0459c363) blt     s3, t0, pc + 70
core   0: 3 0x8000679c (0x0459c363)
core   0: 0x800067e2 (0x025fba33) mulhu   s4, t6, t0
core   0: 3 0x800067e2 (0x025fba33) x20 0x00000000
core   0: 0x800067e6 (0x00b44863) blt     s0, a1, pc + 16
core   0: 3 0x800067e6 (0x00b44863)
core   0: 0x800067f6 (0x000064cd) c.lui   s1, 0x13
core   0: 3 0x800067f6 (0x64cd) x9  0x00013000
core   0: 0x800067f8 (0x379aac93) slti    s9, s5, 889
core   0: 3 0x800067f8 (0x379aac93) x25 0x00000000
core   0: 0x800067fc (0x01a64733) xor     a4, a2, s10
core   0: 3 0x800067fc (0x01a64733) x14 0x00017000
core   0: 0x80006800 (0x00008fb5) c.xor   a5, a3
core   0: 3 0x80006800 (0x8fb5) x15 0x775aa6fe
core   0: 0x80006802 (0x00008d81) c.sub   a1, s0
core   0: 3 0x80006802 (0x8d81) x11 0x54408502
core   0: 0x80006804 (0x00baeb33) or      s6, s5, a1
core   0: 3 0x80006804 (0x00baeb33) x22 0x544085cf
core   0: 0x80006808 (0x00000001) c.nop
core   0: 3 0x80006808 (0x0001)
core   0: 0x8000680a (0x03a5a533) mulhsu  a0, a1, s10
core   0: 3 0x8000680a (0x03a5a533) x10 0x0000791c
core   0: 0x8000680e (0x029579b3) remu    s3, a0, s1
core   0: 3 0x8000680e (0x029579b3) x19 0x0000791c
core   0: 0x80006812 (0x032e6cb3) rem     s9, t3, s2
core   0: 3 0x80006812 (0x032e6cb3) x25 0x00000017
core   0: 0x80006816 (0x00000001) c.nop
core   0: 3 0x80006816 (0x0001)
core   0: 0x80006818 (0x02668fb3) mul     t6, a3, t1
core   0: 3 0x80006818 (0x02668fb3) x31 0x00000000
core   0: 0x8000681c (0x02cdfb63) bgeu    s11, a2, pc + 54
core   0: 3 0x8000681c (0x02cdfb63)
core   0: 0x80006852 (0xa18e2d93) slti    s11, t3, -1512
core   0: 3 0x80006852 (0xa18e2d93) x27 0x00000000
core   0: 0x80006856 (0x000041d1) c.li    gp, 20
core   0: 3 0x80006856 (0x41d1) x3  0x00000014
core   0: 0x80006858 (0x0000ea0d) c.bnez  a2, pc + 50
core   0: 3 0x80006858 (0xea0d)
core   0: 0x8000685a (0x01b23cb3) sltu    s9, tp, s11
core   0: 3 0x8000685a (0x01b23cb3) x25 0x00000000
core   0: 0x8000685e (0xad96e693) ori     a3, a3, -1319
core   0: 3 0x8000685e (0xad96e693) x13 0xfffffeff
core   0: 0x80006862 (0x0000c589) c.beqz  a1, pc + 10
core   0: 3 0x80006862 (0xc589)
core   0: 0x80006864 (0x02849963) bne     s1, s0, pc + 50
core   0: 3 0x80006864 (0x02849963)
core   0: 0x80006896 (0x000004b6) c.slli  s1, 13
core   0: 3 0x80006896 (0x04b6) x9  0x26000000
core   0: 0x80006898 (0x00009b7d) c.andi  a4, -1
core   0: 3 0x80006898 (0x9b7d) x14 0x00017000
core   0: 0x8000689a (0x000086b5) c.srai  a3, 13
core   0: 3 0x8000689a (0x86b5) x13 0xffffffff
core   0: 0x8000689c (0x9c8b5837) lui     a6, 0x9c8b5
core   0: 3 0x8000689c (0x9c8b5837) x16 0x9c8b5000
core   0: 0x800068a0 (0x0000717d) c.addi16sp sp, -16
core   0: 3 0x800068a0 (0x717d) x2  0xfffffff1
core   0: 0x800068a2 (0x0ded8493) addi    s1, s11, 222
core   0: 3 0x800068a2 (0x0ded8493) x9  0x000000de
core   0: 0x800068a6 (0x0177ed33) or      s10, a5, s7
core   0: 3 0x800068a6 (0x0177ed33) x26 0xf75afefe
core   0: 0x800068aa (0x01497133) and     sp, s2, s4
core   0: 3 0x800068aa (0x01497133) x2  0x00000000
core   0: 0x800068ae (0x57db2e93) slti    t4, s6, 1405
core   0: 3 0x800068ae (0x57db2e93) x29 0x00000000
core   0: 0x800068b2 (0x00006b45) c.lui   s6, 0x11
core   0: 3 0x800068b2 (0x6b45) x22 0x00011000
core   0: 0x800068b4 (0x44a70213) addi    tp, a4, 1098
core   0: 3 0x800068b4 (0x44a70213) x4  0x0001744a
core   0: 0x800068b8 (0x00000001) c.nop
core   0: 3 0x800068b8 (0x0001)
core   0: 0x800068ba (0x00000001) c.nop
core   0: 3 0x800068ba (0x0001)
core   0: 0x800068bc (0x02284633) div     a2, a6, sp
core   0: 3 0x800068bc (0x02284633) x12 0xffffffff
core   0: 0x800068c0 (0x00009a2a) c.add   s4, a0
core   0: 3 0x800068c0 (0x9a2a) x20 0x0000791c
core   0: 0x800068c2 (0xeb3fa793) slti    a5, t6, -333
core   0: 3 0x800068c2 (0xeb3fa793) x15 0x00000000
core   0: 0x800068c6 (0x02e7aeb3) mulhsu  t4, a5, a4
core   0: 3 0x800068c6 (0x02e7aeb3) x29 0x00000000
core   0: 0x800068ca (0x00009e92) c.add   t4, tp
core   0: 3 0x800068ca (0x9e92) x29 0x0001744a
core   0: 0x800068cc (0x01d88cb3) add     s9, a7, t4
core   0: 3 0x800068cc (0x01d88cb3) x25 0x8004112e
core   0: 0x800068d0 (0x00208563) beq     ra, sp, pc + 10
core   0: 3 0x800068d0 (0x00208563)
core   0: 0x800068d4 (0x0000717d) c.addi16sp sp, -16
core   0: 3 0x800068d4 (0x717d) x2  0xfffffff0
core   0: 0x800068d6 (0x0179bf33) sltu    t5, s3, s7
core   0: 3 0x800068d6 (0x0179bf33) x30 0x00000001
core   0: 0x800068da (0x004b0ab3) add     s5, s6, tp
core   0: 3 0x800068da (0x004b0ab3) x21 0x0002844a
core   0: 0x800068de (0x005e8033) add     zero, t4, t0
core   0: 3 0x800068de (0x005e8033)
core   0: 0x800068e2 (0x000321b3) slt     gp, t1, zero
core   0: 3 0x800068e2 (0x000321b3) x3  0x00000000
core   0: 0x800068e6 (0x2b8e2e93) slti    t4, t3, 696
core   0: 3 0x800068e6 (0x2b8e2e93) x29 0x00000001
core   0: 0x800068ea (0x025aaab3) mulhsu  s5, s5, t0
core   0: 3 0x800068ea (0x025aaab3) x21 0x00000000
core   0: 0x800068ee (0x0133e133) or      sp, t2, s3
core   0: 3 0x800068ee (0x0133e133) x2  0x0000791c
core   0: 0x800068f2 (0x00008bf9) c.andi  a5, 30
core   0: 3 0x800068f2 (0x8bf9) x15 0x00000000
core   0: 0x800068f4 (0xd1c7b993) sltiu   s3, a5, -740
core   0: 3 0x800068f4 (0xd1c7b993) x19 0x00000001
core   0: 0x800068f8 (0x00e77863) bgeu    a4, a4, pc + 16
core   0: 3 0x800068f8 (0x00e77863)
core   0: 0x80006908 (0x00008d79) c.and   a0, a4
core   0: 3 0x80006908 (0x8d79) x10 0x00007000
core   0: 0x8000690a (0x00009a7d) c.andi  a2, -1
core   0: 3 0x8000690a (0x9a7d) x12 0xffffffff
core   0: 0x8000690c (0x00cda6b3) slt     a3, s11, a2
core   0: 3 0x8000690c (0x00cda6b3) x13 0x00000000
core   0: 0x80006910 (0x8e650f13) addi    t5, a0, -1818
core   0: 3 0x80006910 (0x8e650f13) x30 0x000068e6
core   0: 0x80006914 (0x01739f13) slli    t5, t2, 23
core   0: 3 0x80006914 (0x01739f13) x30 0x00000000
core   0: 0x80006918 (0x41afde33) sra     t3, t6, s10
core   0: 3 0x80006918 (0x41afde33) x28 0x00000000
core   0: 0x8000691c (0x05f6a393) slti    t2, a3, 95
core   0: 3 0x8000691c (0x05f6a393) x7  0x00000001
core   0: 0x80006920 (0x41ba0ab3) sub     s5, s4, s11
core   0: 3 0x80006920 (0x41ba0ab3) x21 0x0000791c
core   0: 0x80006924 (0x36454993) xori    s3, a0, 868
core   0: 3 0x80006924 (0x36454993) x19 0x00007364
core   0: 0x80006928 (0x01c78d63) beq     a5, t3, pc + 26
core   0: 3 0x80006928 (0x01c78d63)
core   0: 0x80006942 (0x00530263) beq     t1, t0, pc + 4
core   0: 3 0x80006942 (0x00530263)
core   0: 0x80006946 (0x030b9d33) mulh    s10, s7, a6
core   0: 3 0x80006946 (0x030b9d33) x26 0x31b96c6a
core   0: 0x8000694a (0x03976063) bltu    a4, s9, pc + 32
core   0: 3 0x8000694a (0x03976063)
core   0: 0x8000696a (0x02fd6333) rem     t1, s10, a5
core   0: 3 0x8000696a (0x02fd6333) x6  0x31b96c6a
core   0: 0x8000696e (0x027460b3) rem     ra, s0, t2
core   0: 3 0x8000696e (0x027460b3) x1  0x00000000
core   0: 0x80006972 (0xfa929137) lui     sp, 0xfa929
core   0: 3 0x80006972 (0xfa929137) x2  0xfa929000
core   0: 0x80006976 (0x55073693) sltiu   a3, a4, 1360
core   0: 3 0x80006976 (0x55073693) x13 0x00000000
core   0: 0x8000697a (0x0c54b213) sltiu   tp, s1, 197
core   0: 3 0x8000697a (0x0c54b213) x4  0x00000000
core   0: 0x8000697e (0xf98c8b13) addi    s6, s9, -104
core   0: 3 0x8000697e (0xf98c8b13) x22 0x800410c6
core   0: 0x80006982 (0xb4cf6793) ori     a5, t5, -1204
core   0: 3 0x80006982 (0xb4cf6793) x15 0xfffffb4c
core   0: 0x80006986 (0x01542f33) slt     t5, s0, s5
core   0: 3 0x80006986 (0x01542f33) x30 0x00000001
core   0: 0x8000698a (0x0000037e) c.slli  t1, 31
core   0: 3 0x8000698a (0x037e) x6  0x00000000
core   0: 0x8000698c (0x02ace133) rem     sp, s9, a0
core   0: 3 0x8000698c (0x02ace133) x2  0xffff912e
core   0: 0x80006990 (0x4bfeea93) ori     s5, t4, 1215
core   0: 3 0x80006990 (0x4bfeea93) x21 0x000004bf
core   0: 0x80006994 (0x00008e0d) c.sub   a2, a1
core   0: 3 0x80006994 (0x8e0d) x12 0xabbf7afd
core   0: 0x80006996 (0x00db6733) or      a4, s6, a3
core   0: 3 0x80006996 (0x00db6733) x14 0x800410c6
core   0: 0x8000699a (0x032497b3) mulh    a5, s1, s2
core   0: 3 0x8000699a (0x032497b3) x15 0xffffff9b
core   0: 0x8000699e (0x031c0f33) mul     t5, s8, a7
core   0: 3 0x8000699e (0x031c0f33) x30 0x133c4ee8
core   0: 0x800069a2 (0x00008eb5) c.xor   a3, a3
core   0: 3 0x800069a2 (0x8eb5) x13 0x00000000
core   0: 0x800069a4 (0x004d5463) bge     s10, tp, pc + 8
core   0: 3 0x800069a4 (0x004d5463)
core   0: 0x800069ac (0x00000699) c.addi  a3, 6
core   0: 3 0x800069ac (0x0699) x13 0x00000006
core   0: 0x800069ae (0x6174f493) andi    s1, s1, 1559
core   0: 3 0x800069ae (0x6174f493) x9  0x00000016
core   0: 0x800069b2 (0x00001efd) c.addi  t4, -1
core   0: 3 0x800069b2 (0x1efd) x29 0x00000000
core   0: 0x800069b4 (0x0000137d) c.addi  t1, -1
core   0: 3 0x800069b4 (0x137d) x6  0xffffffff
core   0: 0x800069b6 (0x03f23a33) mulhu   s4, tp, t6
core   0: 3 0x800069b6 (0x03f23a33) x20 0x00000000
core   0: 0x800069ba (0xd873a493) slti    s1, t2, -633
core   0: 3 0x800069ba (0xd873a493) x9  0x00000000
core   0: 0x800069be (0x0101f3b3) and     t2, gp, a6
core   0: 3 0x800069be (0x0101f3b3) x7  0x00000000
core   0: 0x800069c2 (0x00005efd) c.li    t4, -1
core   0: 3 0x800069c2 (0x5efd) x29 0xffffffff
core   0: 0x800069c4 (0x03fd45b3) div     a1, s10, t6
core   0: 3 0x800069c4 (0x03fd45b3) x11 0xffffffff
core   0: 0x800069c8 (0x45707e13) andi    t3, zero, 1111
core   0: 3 0x800069c8 (0x45707e13) x28 0x00000000
core   0: 0x800069cc (0x00008c2d) c.xor   s0, a1
core   0: 3 0x800069cc (0x8c2d) x8  0x54cfbd7e
core   0: 0x800069ce (0x002fe0b3) or      ra, t6, sp
core   0: 3 0x800069ce (0x002fe0b3) x1  0xffff912e
core   0: 0x800069d2 (0x03d01633) mulh    a2, zero, t4
core   0: 3 0x800069d2 (0x03d01633) x12 0x00000000
core   0: 0x800069d6 (0x40a15c33) sra     s8, sp, a0
core   0: 3 0x800069d6 (0x40a15c33) x24 0xffff912e
core   0: 0x800069da (0x00008f95) c.sub   a5, a3
core   0: 3 0x800069da (0x8f95) x15 0xffffff95
core   0: 0x800069dc (0x020391b3) mulh    gp, t2, zero
core   0: 3 0x800069dc (0x020391b3) x3  0x00000000
core   0: 0x800069e0 (0x011f5c13) srli    s8, t5, 17
core   0: 3 0x800069e0 (0x011f5c13) x24 0x0000099e
core   0: 0x800069e4 (0x669d6593) ori     a1, s10, 1641
core   0: 3 0x800069e4 (0x669d6593) x11 0x31b96e6b
core   0: 0x800069e8 (0x00008f05) c.sub   a4, s1
core   0: 3 0x800069e8 (0x8f05) x14 0x800410c6
core   0: 0x800069ea (0x00000490) c.addi4spn a2, sp, 576
core   0: 3 0x800069ea (0x0490) x12 0xffff936e
core   0: 0x800069ec (0x03efd1b3) divu    gp, t6, t5
core   0: 3 0x800069ec (0x03efd1b3) x3  0x00000000
core   0: 0x800069f0 (0x0000644d) c.lui   s0, 0x13
core   0: 3 0x800069f0 (0x644d) x8  0x00013000
core   0: 0x800069f2 (0x03147f63) bgeu    s0, a7, pc + 62
core   0: 3 0x800069f2 (0x03147f63)
core   0: 0x800069f6 (0x03f76d33) rem     s10, a4, t6
core   0: 3 0x800069f6 (0x03f76d33) x26 0x800410c6
core   0: 0x800069fa (0xa80cb493) sltiu   s1, s9, -1408
core   0: 3 0x800069fa (0xa80cb493) x9  0x00000001
core   0: 0x800069fe (0x00008d49) c.or    a0, a0
core   0: 3 0x800069fe (0x8d49) x10 0x00007000
core   0: 0x80006a00 (0x00006149) c.addi16sp sp, 144
core   0: 3 0x80006a00 (0x6149) x2  0xffff91be
core   0: 0x80006a02 (0x000009e5) c.addi  s3, 25
core   0: 3 0x80006a02 (0x09e5) x19 0x0000737d
core   0: 0x80006a04 (0x40955393) srai    t2, a0, 9
core   0: 3 0x80006a04 (0x40955393) x7  0x00000038
core   0: 0x80006a08 (0x87fc4b13) xori    s6, s8, -1921
core   0: 3 0x80006a08 (0x87fc4b13) x22 0xfffff1e1
core   0: 0x80006a0c (0x03863db3) mulhu   s11, a2, s8
core   0: 3 0x80006a0c (0x03863db3) x27 0x0000099d
core   0: 0x80006a10 (0x03a279b3) remu    s3, tp, s10
core   0: 3 0x80006a10 (0x03a279b3) x19 0x00000000
core   0: 0x80006a14 (0x00008f79) c.and   a4, a4
core   0: 3 0x80006a14 (0x8f79) x14 0x800410c6
core   0: 0x80006a16 (0x0208feb3) remu    t4, a7, zero
core   0: 3 0x80006a16 (0x0208feb3) x29 0x80029ce4
core   0: 0x80006a1a (0x2e78fe13) andi    t3, a7, 743
core   0: 3 0x80006a1a (0x2e78fe13) x28 0x000000e4
core   0: 0x80006a1e (0x003896b3) sll     a3, a7, gp
core   0: 3 0x80006a1e (0x003896b3) x13 0x80029ce4
core   0: 0x80006a22 (0x0000c795) c.beqz  a5, pc + 44
core   0: 3 0x80006a22 (0xc795)
core   0: 0x80006a24 (0x00009a7d) c.andi  a2, -1
core   0: 3 0x80006a24 (0x9a7d) x12 0xffff936e
core   0: 0x80006a26 (0x00008c21) c.xor   s0, s0
core   0: 3 0x80006a26 (0x8c21) x8  0x00000000
core   0: 0x80006a28 (0x0179a0b3) slt     ra, s3, s7
core   0: 3 0x80006a28 (0x0179a0b3) x1  0x00000000
core   0: 0x80006a2c (0x0236bd13) sltiu   s10, a3, 35
core   0: 3 0x80006a2c (0x0236bd13) x26 0x00000000
core   0: 0x80006a30 (0x00004791) c.li    a5, 4
core   0: 3 0x80006a30 (0x4791) x15 0x00000004
core   0: 0x80006a32 (0x03cfef63) bltu    t6, t3, pc + 62
core   0: 3 0x80006a32 (0x03cfef63)
core   0: 0x80006a70 (0x00008c06) c.mv    s8, ra
core   0: 3 0x80006a70 (0x8c06) x24 0x00000000
core   0: 0x80006a72 (0x00b7e1b3) or      gp, a5, a1
core   0: 3 0x80006a72 (0x00b7e1b3) x3  0x31b96e6f
core   0: 0x80006a76 (0x00a41733) sll     a4, s0, a0
core   0: 3 0x80006a76 (0x00a41733) x14 0x00000000
core   0: 0x80006a7a (0x008566b3) or      a3, a0, s0
core   0: 3 0x80006a7a (0x008566b3) x13 0x00007000
core   0: 0x80006a7e (0x000c37b3) sltu    a5, s8, zero
core   0: 3 0x80006a7e (0x000c37b3) x15 0x00000000
core   0: 0x80006a82 (0x02c3db63) bge     t2, a2, pc + 54
core   0: 3 0x80006a82 (0x02c3db63)
core   0: 0x80006ab8 (0x00008476) c.mv    s0, t4
core   0: 3 0x80006ab8 (0x8476) x8  0x80029ce4
core   0: 0x80006aba (0x0000ce09) c.beqz  a2, pc + 26
core   0: 3 0x80006aba (0xce09)
core   0: 0x80006abc (0x00008c9d) c.sub   s1, a5
core   0: 3 0x80006abc (0x8c9d) x9  0x00000001
core   0: 0x80006abe (0x826b2f93) slti    t6, s6, -2010
core   0: 3 0x80006abe (0x826b2f93) x31 0x00000001
core   0: 0x80006ac2 (0x00008e89) c.sub   a3, a0
core   0: 3 0x80006ac2 (0x8e89) x13 0x00000000
core   0: 0x80006ac4 (0x17a86213) ori     tp, a6, 378
core   0: 3 0x80006ac4 (0x17a86213) x4  0x9c8b517a
core   0: 0x80006ac8 (0x32fe8c93) addi    s9, t4, 815
core   0: 3 0x80006ac8 (0x32fe8c93) x25 0x8002a013
core   0: 0x80006acc (0x01dc5e13) srli    t3, s8, 29
core   0: 3 0x80006acc (0x01dc5e13) x28 0x00000000
core   0: 0x80006ad0 (0x004d25b3) slt     a1, s10, tp
core   0: 3 0x80006ad0 (0x004d25b3) x11 0x00000000
core   0: 0x80006ad4 (0x00008e75) c.and   a2, a3
core   0: 3 0x80006ad4 (0x8e75) x12 0x00000000
core   0: 0x80006ad6 (0x00001b8c) c.addi4spn a1, sp, 496
core   0: 3 0x80006ad6 (0x1b8c) x11 0xffff93ae
core   0: 0x80006ad8 (0x00123233) sltu    tp, tp, ra
core   0: 3 0x80006ad8 (0x00123233) x4  0x00000000
core   0: 0x80006adc (0x000013fd) c.addi  t2, -1
core   0: 3 0x80006adc (0x13fd) x7  0x00000037
core   0: 0x80006ade (0x6f70bd13) sltiu   s10, ra, 1783
core   0: 3 0x80006ade (0x6f70bd13) x26 0x00000001
core   0: 0x80006ae2 (0x00000775) c.addi  a4, 29
core   0: 3 0x80006ae2 (0x0775) x14 0x0000001d
core   0: 0x80006ae4 (0x01b353b3) srl     t2, t1, s11
core   0: 3 0x80006ae4 (0x01b353b3) x7  0x00000007
core   0: 0x80006ae8 (0x01939d13) slli    s10, t2, 25
core   0: 3 0x80006ae8 (0x01939d13) x26 0x0e000000
core   0: 0x80006aec (0xb3b6bd93) sltiu   s11, a3, -1221
core   0: 3 0x80006aec (0xb3b6bd93) x27 0x00000001
core   0: 0x80006af0 (0x00008c15) c.sub   s0, a3
core   0: 3 0x80006af0 (0x8c15) x8  0x80029ce4
core   0: 0x80006af2 (0x01e804b3) add     s1, a6, t5
core   0: 3 0x80006af2 (0x01e804b3) x9  0xafc79ee8
core   0: 0x80006af6 (0x03a1a033) mulhsu  zero, gp, s10
core   0: 3 0x80006af6 (0x03a1a033)
core   0: 0x80006afa (0x00001f90) c.addi4spn a2, sp, 1008
core   0: 3 0x80006afa (0x1f90) x12 0xffff95ae
core   0: 0x80006afc (0x0000127d) c.addi  tp, -1
core   0: 3 0x80006afc (0x127d) x4  0xffffffff
core   0: 0x80006afe (0x0000e491) c.bnez  s1, pc + 12
core   0: 3 0x80006afe (0xe491)
core   0: 0x80006b0a (0xe7867693) andi    a3, a2, -392
core   0: 3 0x80006b0a (0xe7867693) x13 0xffff9428
core   0: 0x80006b0e (0x0000717d) c.addi16sp sp, -16
core   0: 3 0x80006b0e (0x717d) x2  0xffff91ae
core   0: 0x80006b10 (0x01aaadb3) slt     s11, s5, s10
core   0: 3 0x80006b10 (0x01aaadb3) x27 0x00000001
core   0: 0x80006b14 (0x03d219b3) mulh    s3, tp, t4
core   0: 3 0x80006b14 (0x03d219b3) x19 0x00000000
core   0: 0x80006b18 (0x00970a63) beq     a4, s1, pc + 20
core   0: 3 0x80006b18 (0x00970a63)
core   0: 0x80006b1c (0x02bcc833) div     a6, s9, a1
core   0: 3 0x80006b1c (0x02bcc833) x16 0x00012e7c
core   0: 0x80006b20 (0x4149d833) sra     a6, s3, s4
core   0: 3 0x80006b20 (0x4149d833) x16 0x00000000
core   0: 0x80006b24 (0xbb223437) lui     s0, 0xbb223
core   0: 3 0x80006b24 (0xbb223437) x8  0xbb223000
core   0: 0x80006b28 (0x0074c433) xor     s0, s1, t2
core   0: 3 0x80006b28 (0x0074c433) x8  0xafc79eef
core   0: 0x80006b2c (0x93546a13) ori     s4, s0, -1739
core   0: 3 0x80006b2c (0x93546a13) x20 0xffffffff
core   0: 0x80006b30 (0x00d2c663) blt     t0, a3, pc + 12
core   0: 3 0x80006b30 (0x00d2c663)
core   0: 0x80006b34 (0xa8c14a93) xori    s5, sp, -1396
core   0: 3 0x80006b34 (0xa8c14a93) x21 0x00006b22
core   0: 0x80006b38 (0x1707f513) andi    a0, a5, 368
core   0: 3 0x80006b38 (0x1707f513) x10 0x00000000
core   0: 0x80006b3c (0x00000001) c.nop
core   0: 3 0x80006b3c (0x0001)
core   0: 0x80006b3e (0x13e1b993) sltiu   s3, gp, 318
core   0: 3 0x80006b3e (0x13e1b993) x19 0x00000000
core   0: 0x80006b42 (0x68a4a193) slti    gp, s1, 1674
core   0: 3 0x80006b42 (0x68a4a193) x3  0x00000001
core   0: 0x80006b46 (0x00de4f63) blt     t3, a3, pc + 30
core   0: 3 0x80006b46 (0x00de4f63)
core   0: 0x80006b4a (0x4058d033) sra     zero, a7, t0
core   0: 3 0x80006b4a (0x4058d033)
core   0: 0x80006b4e (0x0000e609) c.bnez  a2, pc + 10
core   0: 3 0x80006b4e (0xe609)
core   0: 0x80006b58 (0x00008db5) c.xor   a1, a3
core   0: 3 0x80006b58 (0x8db5) x11 0x00000786
core   0: 0x80006b5a (0x00441db3) sll     s11, s0, tp
core   0: 3 0x80006b5a (0x00441db3) x27 0x80000000
core   0: 0x80006b5e (0x00000808) c.addi4spn a0, sp, 16
core   0: 3 0x80006b5e (0x0808) x10 0xffff91be
core   0: 0x80006b60 (0x00000001) c.nop
core   0: 3 0x80006b60 (0x0001)
core   0: 0x80006b62 (0x00000c84) c.addi4spn s1, sp, 592
core   0: 3 0x80006b62 (0x0c84) x9  0xffff93fe
core   0: 0x80006b64 (0x00008c75) c.and   s0, a3
core   0: 3 0x80006b64 (0x8c75) x8  0xafc79428
core   0: 0x80006b66 (0x038b0f33) mul     t5, s6, s8
core   0: 3 0x80006b66 (0x038b0f33) x30 0x00000000
core   0: 0x80006b6a (0x00008fc1) c.or    a5, s0
core   0: 3 0x80006b6a (0x8fc1) x15 0xafc79428
core   0: 0x80006b6c (0x5efd6293) ori     t0, s10, 1519
core   0: 3 0x80006b6c (0x5efd6293) x5  0x0e0005ef
core   0: 0x80006b70 (0x000066a1) c.lui   a3, 0x8
core   0: 3 0x80006b70 (0x66a1) x13 0x00008000
core   0: 0x80006b72 (0x00008b61) c.andi  a4, 24
core   0: 3 0x80006b72 (0x8b61) x14 0x00000018
core   0: 0x80006b74 (0x01f79493) slli    s1, a5, 31
core   0: 3 0x80006b74 (0x01f79493) x9  0x00000000
core   0: 0x80006b78 (0x03a20233) mul     tp, tp, s10
core   0: 3 0x80006b78 (0x03a20233) x4  0xf2000000
core   0: 0x80006b7c (0x02d9c463) blt     s3, a3, pc + 40
core   0: 3 0x80006b7c (0x02d9c463)
core   0: 0x80006ba4 (0x00aeb7b7) lui     a5, 0xaeb
core   0: 3 0x80006ba4 (0x00aeb7b7) x15 0x00aeb000
core   0: 0x80006ba8 (0x0000808d) c.srli  s1, 3
core   0: 3 0x80006ba8 (0x808d) x9  0x00000000
core   0: 0x80006baa (0x022c8a63) beq     s9, sp, pc + 52
core   0: 3 0x80006baa (0x022c8a63)
core   0: 0x80006bae (0x022d1f63) bne     s10, sp, pc + 62
core   0: 3 0x80006bae (0x022d1f63)
core   0: 0x80006bec (0x5d162b13) slti    s6, a2, 1489
core   0: 3 0x80006bec (0x5d162b13) x22 0x00000001
core   0: 0x80006bf0 (0x039219b3) mulh    s3, tp, s9
core   0: 3 0x80006bf0 (0x039219b3) x19 0x06ffdb3e
core   0: 0x80006bf4 (0x02bfba33) mulhu   s4, t6, a1
core   0: 3 0x80006bf4 (0x02bfba33) x20 0x00000000
core   0: 0x80006bf8 (0x00000001) c.nop
core   0: 3 0x80006bf8 (0x0001)
core   0: 0x80006bfa (0x0000717d) c.addi16sp sp, -16
core   0: 3 0x80006bfa (0x717d) x2  0xffff919e
core   0: 0x80006bfc (0x69604993) xori    s3, zero, 1686
core   0: 3 0x80006bfc (0x69604993) x19 0x00000696
core   0: 0x80006c00 (0x00008e91) c.sub   a3, a2
core   0: 3 0x80006c00 (0x8e91) x13 0x0000ea52
core   0: 0x80006c02 (0x00008d89) c.sub   a1, a0
core   0: 3 0x80006c02 (0x8d89) x11 0x000075c8
core   0: 0x80006c04 (0x00000d49) c.addi  s10, 18
core   0: 3 0x80006c04 (0x0d49) x26 0x0e000012
core   0: 0x80006c06 (0x00009a7d) c.andi  a2, -1
core   0: 3 0x80006c06 (0x9a7d) x12 0xffff95ae
core   0: 0x80006c08 (0x000ee433) or      s0, t4, zero
core   0: 3 0x80006c08 (0x000ee433) x8  0x80029ce4
core   0: 0x80006c0c (0x00004fa5) c.li    t6, 9
core   0: 3 0x80006c0c (0x4fa5) x31 0x00000009
core   0: 0x80006c0e (0x005704b3) add     s1, a4, t0
core   0: 3 0x80006c0e (0x005704b3) x9  0x0e000607
core   0: 0x80006c12 (0x00402fb3) slt     t6, zero, tp
core   0: 3 0x80006c12 (0x00402fb3) x31 0x00000000
core   0: 0x80006c16 (0x00001c84) c.addi4spn s1, sp, 624
core   0: 3 0x80006c16 (0x1c84) x9  0xffff940e
core   0: 0x80006c18 (0x02dcbe13) sltiu   t3, s9, 45
core   0: 3 0x80006c18 (0x02dcbe13) x28 0x00000000
core   0: 0x80006c1c (0x03f41e33) mulh    t3, s0, t6
core   0: 3 0x80006c1c (0x03f41e33) x28 0x00000000
core   0: 0x80006c20 (0x0368c3b3) div     t2, a7, s6
core   0: 3 0x80006c20 (0x0368c3b3) x7  0x80029ce4
core   0: 0x80006c24 (0x0000717d) c.addi16sp sp, -16
core   0: 3 0x80006c24 (0x717d) x2  0xffff918e
core   0: 0x80006c26 (0x405d5513) srai    a0, s10, 5
core   0: 3 0x80006c26 (0x405d5513) x10 0x00700000
core   0: 0x80006c2a (0x00006871) c.lui   a6, 0x1c
core   0: 3 0x80006c2a (0x6871) x16 0x0001c000
core   0: 0x80006c2c (0xc6f9fc13) andi    s8, s3, -913
core   0: 3 0x80006c2c (0xc6f9fc13) x24 0x00000406
core   0: 0x80006c30 (0x01a0f463) bgeu    ra, s10, pc + 8
core   0: 3 0x80006c30 (0x01a0f463)
core   0: 0x80006c34 (0x0000117d) c.addi  sp, -1
core   0: 3 0x80006c34 (0x117d) x2  0xffff918d
core   0: 0x80006c36 (0x00000001) c.nop
core   0: 3 0x80006c36 (0x0001)
core   0: 0x80006c38 (0x02581fb3) mulh    t6, a6, t0
core   0: 3 0x80006c38 (0x02581fb3) x31 0x00001880
core   0: 0x80006c3c (0x00969993) slli    s3, a3, 9
core   0: 3 0x80006c3c (0x00969993) x19 0x01d4a400
core   0: 0x80006c40 (0x00d36733) or      a4, t1, a3
core   0: 3 0x80006c40 (0x00d36733) x14 0xffffffff
core   0: 0x80006c44 (0xd1a1e193) ori     gp, gp, -742
core   0: 3 0x80006c44 (0xd1a1e193) x3  0xfffffd1b
core   0: 0x80006c48 (0x407fd213) srai    tp, t6, 7
core   0: 3 0x80006c48 (0x407fd213) x4  0x00000031
core   0: 0x80006c4c (0x026a0733) mul     a4, s4, t1
core   0: 3 0x80006c4c (0x026a0733) x14 0x00000000
core   0: 0x80006c50 (0xd5e6b813) sltiu   a6, a3, -674
core   0: 3 0x80006c50 (0xd5e6b813) x16 0x00000001
core   0: 0x80006c54 (0x00a040b3) xor     ra, zero, a0
core   0: 3 0x80006c54 (0x00a040b3) x1  0x00700000
core   0: 0x80006c58 (0x7c2f0413) addi    s0, t5, 1986
core   0: 3 0x80006c58 (0x7c2f0413) x8  0x000007c2
core   0: 0x80006c5c (0x020dfd33) remu    s10, s11, zero
core   0: 3 0x80006c5c (0x020dfd33) x26 0x80000000
core   0: 0x80006c60 (0x6d120793) addi    a5, tp, 1745
core   0: 3 0x80006c60 (0x6d120793) x15 0x00000702
core   0: 0x80006c64 (0x032fb9b3) mulhu   s3, t6, s2
core   0: 3 0x80006c64 (0x032fb9b3) x19 0x00000d73
core   0: 0x80006c68 (0x00119c33) sll     s8, gp, ra
core   0: 3 0x80006c68 (0x00119c33) x24 0xfffffd1b
core   0: 0x80006c6c (0x00008189) c.srli  a1, 2
core   0: 3 0x80006c6c (0x8189) x11 0x00001d72
core   0: 0x80006c6e (0x0000ca09) c.beqz  a2, pc + 18
core   0: 3 0x80006c6e (0xca09)
core   0: 0x80006c70 (0x0140c963) blt     ra, s4, pc + 18
core   0: 3 0x80006c70 (0x0140c963)
core   0: 0x80006c74 (0x414bda13) srai    s4, s7, 20
core   0: 3 0x80006c74 (0x414bda13) x20 0xfffff800
core   0: 0x80006c78 (0x028d2833) mulhsu  a6, s10, s0
core   0: 3 0x80006c78 (0x028d2833) x16 0xfffffc1f
core   0: 0x80006c7c (0x01151f33) sll     t5, a0, a7
core   0: 3 0x80006c7c (0x01151f33) x30 0x07000000
core   0: 0x80006c80 (0x00000d9d) c.addi  s11, 7
core   0: 3 0x80006c80 (0x0d9d) x27 0x80000007
core   0: 0x80006c82 (0x027fbc33) mulhu   s8, t6, t2
core   0: 3 0x80006c82 (0x027fbc33) x24 0x00000c40
core   0: 0x80006c86 (0x00af1793) slli    a5, t5, 10
core   0: 3 0x80006c86 (0x00af1793) x15 0x00000000
core   0: 0x80006c8a (0x02b486b3) mul     a3, s1, a1
core   0: 3 0x80006c8a (0x02b486b3) x13 0xf395843c
core   0: 0x80006c8e (0x00000f75) c.addi  t5, 29
core   0: 3 0x80006c8e (0x0f75) x30 0x0700001d
core   0: 0x80006c90 (0x022a1433) mulh    s0, s4, sp
core   0: 3 0x80006c90 (0x022a1433) x8  0x00000000
core   0: 0x80006c94 (0x000085ce) c.mv    a1, s3
core   0: 3 0x80006c94 (0x85ce) x11 0x00000d73
core   0: 0x80006c96 (0xc1b37593) andi    a1, t1, -997
core   0: 3 0x80006c96 (0xc1b37593) x11 0xfffffc1b
core   0: 0x80006c9a (0x00000362) c.slli  t1, 24
core   0: 3 0x80006c9a (0x0362) x6  0xff000000
core   0: 0x80006c9c (0x00008d35) c.xor   a0, a3
core   0: 3 0x80006c9c (0x8d35) x10 0xf3e5843c
core   0: 0x80006c9e (0x00008669) c.srai  a2, 26
core   0: 3 0x80006c9e (0x8669) x12 0xffffffff
core   0: 0x80006ca0 (0x01b77763) bgeu    a4, s11, pc + 14
core   0: 3 0x80006ca0 (0x01b77763)
core   0: 0x80006ca4 (0x02548c63) beq     s1, t0, pc + 56
core   0: 3 0x80006ca4 (0x02548c63)
core   0: 0x80006ca8 (0x000082f1) c.srli  a3, 28
core   0: 3 0x80006ca8 (0x82f1) x13 0x0000000f
core   0: 0x80006caa (0x028c8d33) mul     s10, s9, s0
core   0: 3 0x80006caa (0x028c8d33) x26 0x00000000
core   0: 0x80006cae (0x01efed33) or      s10, t6, t5
core   0: 3 0x80006cae (0x01efed33) x26 0x0700189d
core   0: 0x80006cb2 (0x48c06813) ori     a6, zero, 1164
core   0: 3 0x80006cb2 (0x48c06813) x16 0x0000048c
core   0: 0x80006cb6 (0x021d1b33) mulh    s6, s10, ra
core   0: 3 0x80006cb6 (0x021d1b33) x22 0x0003100a
core   0: 0x80006cba (0x00008c15) c.sub   s0, a3
core   0: 3 0x80006cba (0x8c15) x8  0xfffffff1
core   0: 0x80006cbc (0x0000cd09) c.beqz  a0, pc + 26
core   0: 3 0x80006cbc (0xcd09)
core   0: 0x80006cbe (0x00008c69) c.and   s0, a0
core   0: 3 0x80006cbe (0x8c69) x8  0xf3e58430
core   0: 0x80006cc0 (0x03807063) bgeu    zero, s8, pc + 32
core   0: 3 0x80006cc0 (0x03807063)
core   0: 0x80006cc4 (0x017e4e63) blt     t3, s7, pc + 28
core   0: 3 0x80006cc4 (0x017e4e63)
core   0: 0x80006cc8 (0x00d05033) srl     zero, zero, a3
core   0: 3 0x80006cc8 (0x00d05033)
core   0: 0x80006ccc (0x00be0fb3) add     t6, t3, a1
core   0: 3 0x80006ccc (0x00be0fb3) x31 0xfffffc1b
core   0: 0x80006cd0 (0x1c1a6ab7) lui     s5, 0x1c1a6
core   0: 3 0x80006cd0 (0x1c1a6ab7) x21 0x1c1a6000
core   0: 0x80006cd4 (0x00008dd1) c.or    a1, a2
core   0: 3 0x80006cd4 (0x8dd1) x11 0xffffffff
core   0: 0x80006cd6 (0x01ac5233) srl     tp, s8, s10
core   0: 3 0x80006cd6 (0x01ac5233) x4  0x00000000
core   0: 0x80006cda (0x0000717d) c.addi16sp sp, -16
core   0: 3 0x80006cda (0x717d) x2  0xffff917d
core   0: 0x80006cdc (0x0200e263) bltu    ra, zero, pc + 36
core   0: 3 0x80006cdc (0x0200e263)
core   0: 0x80006ce0 (0x0000ed89) c.bnez  a1, pc + 26
core   0: 3 0x80006ce0 (0xed89)
core   0: 0x80006cfa (0x00009626) c.add   a2, s1
core   0: 3 0x80006cfa (0x9626) x12 0xffff940d
core   0: 0x80006cfc (0x0207a133) mulhsu  sp, a5, zero
core   0: 3 0x80006cfc (0x0207a133) x2  0x00000000
core   0: 0x80006d00 (0x00008145) c.srli  a0, 17
core   0: 3 0x80006d00 (0x8145) x10 0x000079f2
core   0: 0x80006d02 (0x9a6cecb7) lui     s9, 0x9a6ce
core   0: 3 0x80006d02 (0x9a6cecb7) x25 0x9a6ce000
core   0: 0x80006d06 (0x00c9ff63) bgeu    s3, a2, pc + 30
core   0: 3 0x80006d06 (0x00c9ff63)
core   0: 0x80006d0a (0x00008d49) c.or    a0, a0
core   0: 3 0x80006d0a (0x8d49) x10 0x000079f2
core   0: 0x80006d0c (0x0000822e) c.mv    tp, a1
core   0: 3 0x80006d0c (0x822e) x4  0xffffffff
core   0: 0x80006d0e (0x00e923b3) slt     t2, s2, a4
core   0: 3 0x80006d0e (0x00e923b3) x7  0x00000001
core   0: 0x80006d12 (0xe3482c93) slti    s9, a6, -460
core   0: 3 0x80006d12 (0xe3482c93) x25 0x00000000
core   0: 0x80006d16 (0x00008565) c.srai  a0, 25
core   0: 3 0x80006d16 (0x8565) x10 0x00000000
core   0: 0x80006d18 (0x00006115) c.addi16sp sp, 288
core   0: 3 0x80006d18 (0x6115) x2  0x00000120
core   0: 0x80006d1a (0x001d6563) bltu    s10, ra, pc + 10
core   0: 3 0x80006d1a (0x001d6563)
core   0: 0x80006d1e (0x0000c50d) c.beqz  a0, pc + 42
core   0: 3 0x80006d1e (0xc50d)
core   0: 0x80006d48 (0x59cd6593) ori     a1, s10, 1436
core   0: 3 0x80006d48 (0x59cd6593) x11 0x07001d9d
core   0: 0x80006d4c (0x00001408) c.addi4spn a0, sp, 544
core   0: 3 0x80006d4c (0x1408) x10 0x00000340
core   0: 0x80006d4e (0x02b50eb3) mul     t4, a0, a1
core   0: 3 0x80006d4e (0x02b50eb3) x29 0xc0603e40
core   0: 0x80006d52 (0x01fd2733) slt     a4, s10, t6
core   0: 3 0x80006d52 (0x01fd2733) x14 0x00000000
core   0: 0x80006d56 (0x01886a63) bltu    a6, s8, pc + 20
core   0: 3 0x80006d56 (0x01886a63)
core   0: 0x80006d6a (0x4074db13) srai    s6, s1, 7
core   0: 3 0x80006d6a (0x4074db13) x22 0xffffff28
core   0: 0x80006d6e (0x012ec1b3) xor     gp, t4, s2
core   0: 3 0x80006d6e (0x012ec1b3) x3  0x4cf09469
core   0: 0x80006d72 (0x00b6dd63) bge     a3, a1, pc + 26
core   0: 3 0x80006d72 (0x00b6dd63)
core   0: 0x80006d76 (0x00001400) c.addi4spn s0, sp, 544
core   0: 3 0x80006d76 (0x1400) x8  0x00000340
core   0: 0x80006d78 (0x00008d2d) c.xor   a0, a1
core   0: 3 0x80006d78 (0x8d2d) x10 0x07001edd
core   0: 0x80006d7a (0x015c6c63) bltu    s8, s5, pc + 24
core   0: 3 0x80006d7a (0x015c6c63)
core   0: 0x80006d92 (0x002571b3) and     gp, a0, sp
core   0: 3 0x80006d92 (0x002571b3) x3  0x00000000
core   0: 0x80006d96 (0x00000e52) c.slli  t3, 20
core   0: 3 0x80006d96 (0x0e52) x28 0x00000000
core   0: 0x80006d98 (0x01aa3d33) sltu    s10, s4, s10
core   0: 3 0x80006d98 (0x01aa3d33) x26 0x00000000
core   0: 0x80006d9c (0x00f16233) or      tp, sp, a5
core   0: 3 0x80006d9c (0x00f16233) x4  0x00000120
core   0: 0x80006da0 (0xee5b2393) slti    t2, s6, -283
core   0: 3 0x80006da0 (0xee5b2393) x7  0x00000000
core   0: 0x80006da4 (0x1651f7b7) lui     a5, 0x1651f
core   0: 3 0x80006da4 (0x1651f7b7) x15 0x1651f000
core   0: 0x80006da8 (0x000086ad) c.srai  a3, 11
core   0: 3 0x80006da8 (0x86ad) x13 0x00000000
core   0: 0x80006daa (0x40710133) sub     sp, sp, t2
core   0: 3 0x80006daa (0x40710133) x2  0x00000120
core   0: 0x80006dae (0xeb3c3d93) sltiu   s11, s8, -333
core   0: 3 0x80006dae (0xeb3c3d93) x27 0x00000001
core   0: 0x80006db2 (0x0000717d) c.addi16sp sp, -16
core   0: 3 0x80006db2 (0x717d) x2  0x00000110
core   0: 0x80006db4 (0x0000167d) c.addi  a2, -1
core   0: 3 0x80006db4 (0x167d) x12 0xffff940c
core   0: 0x80006db6 (0x02afa1b3) mulhsu  gp, t6, a0
core   0: 3 0x80006db6 (0x02afa1b3) x3  0xffffffe4
core   0: 0x80006dba (0x000007f9) c.addi  a5, 30
core   0: 3 0x80006dba (0x07f9) x15 0x1651f01e
core   0: 0x80006dbc (0x000081cd) c.srli  a1, 19
core   0: 3 0x80006dbc (0x81cd) x11 0x000000e0
core   0: 0x80006dbe (0x00008e05) c.sub   a2, s1
core   0: 3 0x80006dbe (0x8e05) x12 0xfffffffe
core   0: 0x80006dc0 (0x0206cc63) bltz    a3, pc + 56
core   0: 3 0x80006dc0 (0x0206cc63)
core   0: 0x80006dc4 (0x00008e9d) c.sub   a3, a5
core   0: 3 0x80006dc4 (0x8e9d) x13 0xe9ae0fe2
core   0: 0x80006dc6 (0x006cba33) sltu    s4, s9, t1
core   0: 3 0x80006dc6 (0x006cba33) x20 0x00000001
core   0: 0x80006dca (0x00008c7d) c.and   s0, a5
core   0: 3 0x80006dca (0x8c7d) x8  0x00000000
core   0: 0x80006dcc (0x402989b3) sub     s3, s3, sp
core   0: 3 0x80006dcc (0x402989b3) x19 0x00000c63
core   0: 0x80006dd0 (0x00009086) c.add   ra, ra
core   0: 3 0x80006dd0 (0x9086) x1  0x00e00000
core   0: 0x80006dd2 (0x00008c9a) c.mv    s9, t1
core   0: 3 0x80006dd2 (0x8c9a) x25 0xff000000
core   0: 0x80006dd4 (0x0062c633) xor     a2, t0, t1
core   0: 3 0x80006dd4 (0x0062c633) x12 0xf10005ef
core   0: 0x80006dd8 (0xe1aa7b13) andi    s6, s4, -486
core   0: 3 0x80006dd8 (0xe1aa7b13) x22 0x00000000
core   0: 0x80006ddc (0x00104033) xor     zero, zero, ra
core   0: 3 0x80006ddc (0x00104033)
core   0: 0x80006de0 (0x037eeb33) rem     s6, t4, s7
core   0: 3 0x80006de0 (0x037eeb33) x22 0xc0603e40
core   0: 0x80006de4 (0x02e73633) mulhu   a2, a4, a4
core   0: 3 0x80006de4 (0x02e73633) x12 0x00000000
core   0: 0x80006de8 (0x00001518) c.addi4spn a4, sp, 672
core   0: 3 0x80006de8 (0x1518) x14 0x000003b0
core   0: 0x80006dea (0xf3cad3b7) lui     t2, 0xf3cad
core   0: 3 0x80006dea (0xf3cad3b7) x7  0xf3cad000
core   0: 0x80006dee (0x00008e52) c.mv    t3, s4
core   0: 3 0x80006dee (0x8e52) x28 0x00000001
core   0: 0x80006df0 (0x01fac663) blt     s5, t6, pc + 12
core   0: 3 0x80006df0 (0x01fac663)
core   0: 0x80006df4 (0x0587c163) blt     a5, s8, pc + 66
core   0: 3 0x80006df4 (0x0587c163)
core   0: 0x80006df8 (0x02033533) mulhu   a0, t1, zero
core   0: 3 0x80006df8 (0x02033533) x10 0x00000000
core   0: 0x80006dfc (0x03eff333) remu    t1, t6, t5
core   0: 3 0x80006dfc (0x03eff333) x6  0x03fff807
core   0: 0x80006e00 (0x0381c633) div     a2, gp, s8
core   0: 3 0x80006e00 (0x0381c633) x12 0x00000000
core   0: 0x80006e04 (0x01a3d533) srl     a0, t2, s10
core   0: 3 0x80006e04 (0x01a3d533) x10 0xf3cad000
core   0: 0x80006e08 (0x00008df1) c.and   a1, a2
core   0: 3 0x80006e08 (0x8df1) x11 0x00000000
core   0: 0x80006e0a (0x0000e815) c.bnez  s0, pc + 52
core   0: 3 0x80006e0a (0xe815)
core   0: 0x80006e0c (0x009e8333) add     t1, t4, s1
core   0: 3 0x80006e0c (0x009e8333) x6  0xc05fd24e
core   0: 0x80006e10 (0x000081ad) c.srli  a1, 11
core   0: 3 0x80006e10 (0x81ad) x11 0x00000000
core   0: 0x80006e12 (0x0000984a) c.add   a6, s2
core   0: 3 0x80006e12 (0x984a) x16 0x8c90aeb5
core   0: 0x80006e14 (0x401f0b33) sub     s6, t5, ra
core   0: 3 0x80006e14 (0x401f0b33) x22 0x0620001d
core   0: 0x80006e18 (0x00008571) c.srai  a0, 28
core   0: 3 0x80006e18 (0x8571) x10 0xffffffff
core   0: 0x80006e1a (0x02cd73b3) remu    t2, s10, a2
core   0: 3 0x80006e1a (0x02cd73b3) x7  0x00000000
core   0: 0x80006e1e (0x14764013) xori    zero, a2, 327
core   0: 3 0x80006e1e (0x14764013)
core   0: 0x80006e22 (0x00391593) slli    a1, s2, 3
core   0: 3 0x80006e22 (0x00391593) x11 0x64855148
core   0: 0x80006e26 (0x00ead193) srli    gp, s5, 14
core   0: 3 0x80006e26 (0x00ead193) x3  0x00007069
core   0: 0x80006e2a (0x416dd2b3) sra     t0, s11, s6
core   0: 3 0x80006e2a (0x416dd2b3) x5  0x00000000
core   0: 0x80006e2e (0x0027c963) blt     a5, sp, pc + 18
core   0: 3 0x80006e2e (0x0027c963)
core   0: 0x80006e32 (0x01a87f33) and     t5, a6, s10
core   0: 3 0x80006e32 (0x01a87f33) x30 0x00000000
core   0: 0x80006e36 (0x01df60b3) or      ra, t5, t4
core   0: 3 0x80006e36 (0x01df60b3) x1  0xc0603e40
core   0: 0x80006e3a (0x4135dd13) srai    s10, a1, 19
core   0: 3 0x80006e3a (0x4135dd13) x26 0x00000c90
core   0: 0x80006e3e (0x00004661) c.li    a2, 24
core   0: 3 0x80006e3e (0x4661) x12 0x00000018
core   0: 0x80006e40 (0x013af9b3) and     s3, s5, s3
core   0: 3 0x80006e40 (0x013af9b3) x19 0x00000000
core   0: 0x80006e44 (0x01092333) slt     t1, s2, a6
core   0: 3 0x80006e44 (0x01092333) x6  0x00000001
core   0: 0x80006e48 (0x41c75113) srai    sp, a4, 28
core   0: 3 0x80006e48 (0x41c75113) x2  0x00000000
core   0: 0x80006e4c (0x00008c79) c.and   s0, a4
core   0: 3 0x80006e4c (0x8c79) x8  0x00000000
core   0: 0x80006e4e (0x000060a9) c.lui   ra, 0xa
core   0: 3 0x80006e4e (0x60a9) x1  0x0000a000
core   0: 0x80006e50 (0x0000e295) c.bnez  a3, pc + 36
core   0: 3 0x80006e50 (0xe295)
core   0: 0x80006e74 (0x000085f6) c.mv    a1, t4
core   0: 3 0x80006e74 (0x85f6) x11 0xc0603e40
core   0: 0x80006e76 (0x00001a0c) c.addi4spn a1, sp, 304
core   0: 3 0x80006e76 (0x1a0c) x11 0x00000130
core   0: 0x80006e78 (0x00006431) c.lui   s0, 0xc
core   0: 3 0x80006e78 (0x6431) x8  0x0000c000
core   0: 0x80006e7a (0x02647533) remu    a0, s0, t1
core   0: 3 0x80006e7a (0x02647533) x10 0x00000000
core   0: 0x80006e7e (0x02670133) mul     sp, a4, t1
core   0: 3 0x80006e7e (0x02670133) x2  0x000003b0
core   0: 0x80006e82 (0x00004109) c.li    sp, 2
core   0: 3 0x80006e82 (0x4109) x2  0x00000002
core   0: 0x80006e84 (0x0393cd63) blt     t2, s9, pc + 58
core   0: 3 0x80006e84 (0x0393cd63)
core   0: 0x80006e88 (0x02d40033) mul     zero, s0, a3
core   0: 3 0x80006e88 (0x02d40033)
core   0: 0x80006e8c (0x03ae4633) div     a2, t3, s10
core   0: 3 0x80006e8c (0x03ae4633) x12 0x00000000
core   0: 0x80006e90 (0x0000c31d) c.beqz  a4, pc + 38
core   0: 3 0x80006e90 (0xc31d)
core   0: 0x80006e92 (0x00008f55) c.or    a4, a3
core   0: 3 0x80006e92 (0x8f55) x14 0xe9ae0ff2
core   0: 0x80006e94 (0x02d0c163) blt     ra, a3, pc + 34
core   0: 3 0x80006e94 (0x02d0c163)
core   0: 0x80006e98 (0x00001c84) c.addi4spn s1, sp, 624
core   0: 3 0x80006e98 (0x1c84) x9  0x00000272
core   0: 0x80006e9a (0x00000001) c.nop
core   0: 3 0x80006e9a (0x0001)
core   0: 0x80006e9c (0x03d7b433) mulhu   s0, a5, t4
core   0: 3 0x80006e9c (0x03d7b433) x8  0x10c5d83d
core   0: 0x80006ea0 (0x03f53433) mulhu   s0, a0, t6
core   0: 3 0x80006ea0 (0x03f53433) x8  0x00000000
core   0: 0x80006ea4 (0x00634f63) blt     t1, t1, pc + 30
core   0: 3 0x80006ea4 (0x00634f63)
core   0: 0x80006ea8 (0x00006859) c.lui   a6, 0x16
core   0: 3 0x80006ea8 (0x6859) x16 0x00016000
core   0: 0x80006eaa (0x7708b413) sltiu   s0, a7, 1904
core   0: 3 0x80006eaa (0x7708b413) x8  0x00000000
core   0: 0x80006eae (0x01f2df63) bge     t0, t6, pc + 30
core   0: 3 0x80006eae (0x01f2df63)
core   0: 0x80006ecc (0x00006799) c.lui   a5, 0x6
core   0: 3 0x80006ecc (0x6799) x15 0x00006000
core   0: 0x80006ece (0x02043eb3) mulhu   t4, s0, zero
core   0: 3 0x80006ece (0x02043eb3) x29 0x00000000
core   0: 0x80006ed2 (0x00008cad) c.xor   s1, a1
core   0: 3 0x80006ed2 (0x8cad) x9  0x00000342
core   0: 0x80006ed4 (0x00008862) c.mv    a6, s8
core   0: 3 0x80006ed4 (0x8862) x16 0x00000c40
core   0: 0x80006ed6 (0x00008389) c.srli  a5, 2
core   0: 3 0x80006ed6 (0x8389) x15 0x00001800
core   0: 0x80006ed8 (0x037f4333) div     t1, t5, s7
core   0: 3 0x80006ed8 (0x037f4333) x6  0x00000000
core   0: 0x80006edc (0x026a09b3) mul     s3, s4, t1
core   0: 3 0x80006edc (0x026a09b3) x19 0x00000000
core   0: 0x80006ee0 (0x00a10263) beq     sp, a0, pc + 4
core   0: 3 0x80006ee0 (0x00a10263)
core   0: 0x80006ee4 (0x024e2ab3) mulhsu  s5, t3, tp
core   0: 3 0x80006ee4 (0x024e2ab3) x21 0x00000000
core   0: 0x80006ee8 (0x03271033) mulh    zero, a4, s2
core   0: 3 0x80006ee8 (0x03271033)
core   0: 0x80006eec (0x00008a0e) c.mv    s4, gp
core   0: 3 0x80006eec (0x8a0e) x20 0x00007069
core   0: 0x80006eee (0x02b5e9b3) rem     s3, a1, a1
core   0: 3 0x80006eee (0x02b5e9b3) x19 0x00000000
core   0: 0x80006ef2 (0x00008d01) c.sub   a0, s0
core   0: 3 0x80006ef2 (0x8d01) x10 0x00000000
core   0: 0x80006ef4 (0xe39915b7) lui     a1, 0xe3991
core   0: 3 0x80006ef4 (0xe39915b7) x11 0xe3991000
core   0: 0x80006ef8 (0x00008ba1) c.andi  a5, 8
core   0: 3 0x80006ef8 (0x8ba1) x15 0x00000000
core   0: 0x80006efa (0x00006dd5) c.lui   s11, 0x15
core   0: 3 0x80006efa (0x6dd5) x27 0x00015000
core   0: 0x80006efc (0x00000001) c.nop
core   0: 3 0x80006efc (0x0001)
core   0: 0x80006efe (0x0394a233) mulhsu  tp, s1, s9
core   0: 3 0x80006efe (0x0394a233) x4  0x0000033e
core   0: 0x80006f02 (0x017d6b33) or      s6, s10, s7
core   0: 3 0x80006f02 (0x017d6b33) x22 0x80025ef4
core   0: 0x80006f06 (0x00ffedb3) or      s11, t6, a5
core   0: 3 0x80006f06 (0x00ffedb3) x27 0xfffffc1b
core   0: 0x80006f0a (0x00006465) c.lui   s0, 0x19
core   0: 3 0x80006f0a (0x6465) x8  0x00019000
core   0: 0x80006f0c (0x03d86db3) rem     s11, a6, t4
core   0: 3 0x80006f0c (0x03d86db3) x27 0x00000c40
core   0: 0x80006f10 (0x01839f13) slli    t5, t2, 24
core   0: 3 0x80006f10 (0x01839f13) x30 0x00000000
core   0: 0x80006f14 (0x022f7963) bgeu    t5, sp, pc + 50
core   0: 3 0x80006f14 (0x022f7963)
core   0: 0x80006f18 (0x0000987a) c.add   a6, t5
core   0: 3 0x80006f18 (0x987a) x16 0x00000c40
core   0: 0x80006f1a (0x00000001) c.nop
core   0: 3 0x80006f1a (0x0001)
core   0: 0x80006f1c (0x00123b33) sltu    s6, tp, ra
core   0: 3 0x80006f1c (0x00123b33) x22 0x00000001
core   0: 0x80006f20 (0x027fb9b3) mulhu   s3, t6, t2
core   0: 3 0x80006f20 (0x027fb9b3) x19 0x00000000
core   0: 0x80006f24 (0x00006d09) c.lui   s10, 0x2
core   0: 3 0x80006f24 (0x6d09) x26 0x00002000
core   0: 0x80006f26 (0x02ea9263) bne     s5, a4, pc + 36
core   0: 3 0x80006f26 (0x02ea9263)
core   0: 0x80006f4a (0x010c4363) blt     s8, a6, pc + 6
core   0: 3 0x80006f4a (0x010c4363)
core   0: 0x80006f4e (0x0000920e) c.add   tp, gp
core   0: 3 0x80006f4e (0x920e) x4  0x000073a7
core   0: 0x80006f50 (0x011da4b3) slt     s1, s11, a7
core   0: 3 0x80006f50 (0x011da4b3) x9  0x00000000
core   0: 0x80006f54 (0x018270b3) and     ra, tp, s8
core   0: 3 0x80006f54 (0x018270b3) x1  0x00000000
core   0: 0x80006f58 (0x0000717d) c.addi16sp sp, -16
core   0: 3 0x80006f58 (0x717d) x2  0xfffffff2
core   0: 0x80006f5a (0x7e34f093) andi    ra, s1, 2019
core   0: 3 0x80006f5a (0x7e34f093) x1  0x00000000
core   0: 0x80006f5e (0x00008e71) c.and   a2, a2
core   0: 3 0x80006f5e (0x8e71) x12 0x00000000
core   0: 0x80006f60 (0x0124ca33) xor     s4, s1, s2
core   0: 3 0x80006f60 (0x0124ca33) x20 0x8c90aa29
core   0: 0x80006f64 (0x000062a9) c.lui   t0, 0xa
core   0: 3 0x80006f64 (0x62a9) x5  0x0000a000
core   0: 0x80006f66 (0x00008cb9) c.xor   s1, a4
core   0: 3 0x80006f66 (0x8cb9) x9  0xe9ae0ff2
core   0: 0x80006f68 (0x000001ea) c.slli  gp, 26
core   0: 3 0x80006f68 (0x01ea) x3  0xa4000000
core   0: 0x80006f6a (0x00000461) c.addi  s0, 24
core   0: 3 0x80006f6a (0x0461) x8  0x00019018
core   0: 0x80006f6c (0x01eb5533) srl     a0, s6, t5
core   0: 3 0x80006f6c (0x01eb5533) x10 0x00000001
core   0: 0x80006f70 (0x01b9adb3) slt     s11, s3, s11
core   0: 3 0x80006f70 (0x01b9adb3) x27 0x00000001
core   0: 0x80006f74 (0x01c033b3) snez    t2, t3
core   0: 3 0x80006f74 (0x01c033b3) x7  0x00000001
core   0: 0x80006f78 (0x034cc533) div     a0, s9, s4
core   0: 3 0x80006f78 (0x034cc533) x10 0x00000000
core   0: 0x80006f7c (0x02bb7533) remu    a0, s6, a1
core   0: 3 0x80006f7c (0x02bb7533) x10 0x00000001
core   0: 0x80006f80 (0x0151e663) bltu    gp, s5, pc + 12
core   0: 3 0x80006f80 (0x0151e663)
core   0: 0x80006f84 (0x02466263) bltu    a2, tp, pc + 36
core   0: 3 0x80006f84 (0x02466263)
core   0: 0x80006fa8 (0x022739b3) mulhu   s3, a4, sp
core   0: 3 0x80006fa8 (0x022739b3) x19 0xe9ae0fe5
core   0: 0x80006fac (0x05087163) bgeu    a6, a6, pc + 66
core   0: 3 0x80006fac (0x05087163)
core   0: 0x80006fee (0x033fdb63) bge     t6, s3, pc + 54
core   0: 3 0x80006fee (0x033fdb63)
core   0: 0x80007024 (0x000087c5) c.srai  a5, 17
core   0: 3 0x80007024 (0x87c5) x15 0x00000000
core   0: 0x80007026 (0x4fa793b7) lui     t2, 0x4fa79
core   0: 3 0x80007026 (0x4fa793b7) x7  0x4fa79000
core   0: 0x8000702a (0x00009252) c.add   tp, s4
core   0: 3 0x8000702a (0x9252) x4  0x8c911dd0
core   0: 0x8000702c (0x0185dab3) srl     s5, a1, s8
core   0: 3 0x8000702c (0x0185dab3) x21 0xe3991000
core   0: 0x80007030 (0x00000811) c.addi  a6, 4
core   0: 3 0x80007030 (0x0811) x16 0x00000c44
core   0: 0x80007032 (0x00008f31) c.xor   a4, a2
core   0: 3 0x80007032 (0x8f31) x14 0xe9ae0ff2
core   0: 0x80007034 (0x79157c93) andi    s9, a0, 1937
core   0: 3 0x80007034 (0x79157c93) x25 0x00000001
core   0: 0x80007038 (0x01f7d233) srl     tp, a5, t6
core   0: 3 0x80007038 (0x01f7d233) x4  0x00000000
core   0: 0x8000703c (0x00000ebe) c.slli  t4, 15
core   0: 3 0x8000703c (0x0ebe) x29 0x00000000
core   0: 0x8000703e (0x00008fc9) c.or    a5, a0
core   0: 3 0x8000703e (0x8fc9) x15 0x00000001
core   0: 0x80007040 (0x017e75b3) and     a1, t3, s7
core   0: 3 0x80007040 (0x017e75b3) x11 0x00000000
core   0: 0x80007044 (0x00000001) c.nop
core   0: 3 0x80007044 (0x0001)
core   0: 0x80007046 (0x0281d7b3) divu    a5, gp, s0
core   0: 3 0x80007046 (0x0281d7b3) x15 0x000068ef
core   0: 0x8000704a (0x000096a6) c.add   a3, s1
core   0: 3 0x8000704a (0x96a6) x13 0xd35c1fd4
core   0: 0x8000704c (0x005bda13) srli    s4, s7, 5
core   0: 3 0x8000704c (0x005bda13) x20 0x040012f3
core   0: 0x80007050 (0x00008009) c.srli  s0, 2
core   0: 3 0x80007050 (0x8009) x8  0x00006406
core   0: 0x80007052 (0x00008f51) c.or    a4, a2
core   0: 3 0x80007052 (0x8f51) x14 0xe9ae0ff2
core   0: 0x80007054 (0x00000001) c.nop
core   0: 3 0x80007054 (0x0001)
core   0: 0x80007056 (0x00000a75) c.addi  s4, 29
core   0: 3 0x80007056 (0x0a75) x20 0x04001310
core   0: 0x80007058 (0x029f4863) blt     t5, s1, pc + 48
core   0: 3 0x80007058 (0x029f4863)
core   0: 0x8000705c (0x0000717d) c.addi16sp sp, -16
core   0: 3 0x8000705c (0x717d) x2  0xffffffe2
core   0: 0x8000705e (0x00000001) c.nop
core   0: 3 0x8000705e (0x0001)
core   0: 0x80007060 (0x000083fd) c.srli  a5, 31
core   0: 3 0x80007060 (0x83fd) x15 0x00000000
core   0: 0x80007062 (0x029fb2b3) mulhu   t0, t6, s1
core   0: 3 0x80007062 (0x029fb2b3) x5  0xe9ae0c63
core   0: 0x80007066 (0x0044c133) xor     sp, s1, tp
core   0: 3 0x80007066 (0x0044c133) x2  0xe9ae0ff2
core   0: 0x8000706a (0xbe408593) addi    a1, ra, -1052
core   0: 3 0x8000706a (0xbe408593) x11 0xfffffbe4
core   0: 0x8000706e (0x02bd29b3) mulhsu  s3, s10, a1
core   0: 3 0x8000706e (0x02bd29b3) x19 0x00001fff
core   0: 0x80007072 (0x0387eeb3) rem     t4, a5, s8
core   0: 3 0x80007072 (0x0387eeb3) x29 0x00000000
core   0: 0x80007076 (0x010f05b3) add     a1, t5, a6
core   0: 3 0x80007076 (0x010f05b3) x11 0x00000c44
core   0: 0x8000707a (0x0262ea33) rem     s4, t0, t1
core   0: 3 0x8000707a (0x0262ea33) x20 0xe9ae0c63
core   0: 0x8000707e (0x00008d95) c.sub   a1, a3
core   0: 3 0x8000707e (0x8d95) x11 0x2ca3ec70
core   0: 0x80007080 (0x0000e681) c.bnez  a3, pc + 8
core   0: 3 0x80007080 (0xe681)
core   0: 0x80007088 (0x00008f69) c.and   a4, a0
core   0: 3 0x80007088 (0x8f69) x14 0x00000000
core   0: 0x8000708a (0x00000001) c.nop
core   0: 3 0x8000708a (0x0001)
core   0: 0x8000708c (0x023e6863) bltu    t3, gp, pc + 48
core   0: 3 0x8000708c (0x023e6863)
core   0: 0x800070bc (0x006663b3) or      t2, a2, t1
core   0: 3 0x800070bc (0x006663b3) x7  0x00000000
core   0: 0x800070c0 (0x00008c91) c.sub   s1, a2
core   0: 3 0x800070c0 (0x8c91) x9  0xe9ae0ff2
core   0: 0x800070c2 (0x00921993) slli    s3, tp, 9
core   0: 3 0x800070c2 (0x00921993) x19 0x00000000
core   0: 0x800070c6 (0x00296d63) bltu    s2, sp, pc + 26
core   0: 3 0x800070c6 (0x00296d63)
core   0: 0x800070e0 (0x03c2b9b3) mulhu   s3, t0, t3
core   0: 3 0x800070e0 (0x03c2b9b3) x19 0x00000000
core   0: 0x800070e4 (0x0105e1b3) or      gp, a1, a6
core   0: 3 0x800070e4 (0x0105e1b3) x3  0x2ca3ec74
core   0: 0x800070e8 (0x00d8d033) srl     zero, a7, a3
core   0: 3 0x800070e8 (0x00d8d033)
core   0: 0x800070ec (0x000084e1) c.srai  s1, 24
core   0: 3 0x800070ec (0x84e1) x9  0xffffffe9
core   0: 0x800070ee (0xebf7aa13) slti    s4, a5, -321
core   0: 3 0x800070ee (0xebf7aa13) x20 0x00000000
core   0: 0x800070f2 (0x00000001) c.nop
core   0: 3 0x800070f2 (0x0001)
core   0: 0x800070f4 (0x00171e33) sll     t3, a4, ra
core   0: 3 0x800070f4 (0x00171e33) x28 0x00000000
core   0: 0x800070f8 (0xa36fe293) ori     t0, t6, -1482
core   0: 3 0x800070f8 (0xa36fe293) x5  0xfffffe3f
core   0: 0x800070fc (0x00008fed) c.and   a5, a1
core   0: 3 0x800070fc (0x8fed) x15 0x00000000
core   0: 0x800070fe (0x011ccf33) xor     t5, s9, a7
core   0: 3 0x800070fe (0x011ccf33) x30 0x80029ce5
core   0: 0x80007102 (0xfb767e13) andi    t3, a2, -73
core   0: 3 0x80007102 (0xfb767e13) x28 0x00000000
core   0: 0x80007106 (0x00008019) c.srli  s0, 6
core   0: 3 0x80007106 (0x8019) x8  0x00000190
core   0: 0x80007108 (0x037ddeb3) divu    t4, s11, s7
core   0: 3 0x80007108 (0x037ddeb3) x29 0x00000000
core   0: 0x8000710c (0x02e957b3) divu    a5, s2, a4
core   0: 3 0x8000710c (0x02e957b3) x15 0xffffffff
core   0: 0x80007110 (0x013f05b3) add     a1, t5, s3
core   0: 3 0x80007110 (0x013f05b3) x11 0x80029ce5
core   0: 0x80007114 (0x000063f9) c.lui   t2, 0x1e
core   0: 3 0x80007114 (0x63f9) x7  0x0001e000
core   0: 0x80007116 (0x0136fc63) bgeu    a3, s3, pc + 24
core   0: 3 0x80007116 (0x0136fc63)
core   0: 0x8000712e (0x015ac633) xor     a2, s5, s5
core   0: 3 0x8000712e (0x015ac633) x12 0x00000000
core   0: 0x80007132 (0x05dd9063) bne     s11, t4, pc + 64
core   0: 3 0x80007132 (0x05dd9063)
core   0: 0x80007172 (0x00001b8c) c.addi4spn a1, sp, 496
core   0: 3 0x80007172 (0x1b8c) x11 0xe9ae11e2
core   0: 0x80007174 (0x00ee7f33) and     t5, t3, a4
core   0: 3 0x80007174 (0x00ee7f33) x30 0x00000000
core   0: 0x80007178 (0x55e04e93) xori    t4, zero, 1374
core   0: 3 0x80007178 (0x55e04e93) x29 0x0000055e
core   0: 0x8000717c (0x0324e333) rem     t1, s1, s2
core   0: 3 0x8000717c (0x0324e333) x6  0xffffffe9
core   0: 0x80007180 (0x00008de1) c.and   a1, s0
core   0: 3 0x80007180 (0x8de1) x11 0x00000180
core   0: 0x80007182 (0x00009f36) c.add   t5, a3
core   0: 3 0x80007182 (0x9f36) x30 0xd35c1fd4
core   0: 0x80007184 (0x02754e33) div     t3, a0, t2
core   0: 3 0x80007184 (0x02754e33) x28 0x00000000
core   0: 0x80007188 (0x0185d093) srli    ra, a1, 24
core   0: 3 0x80007188 (0x0185d093) x1  0x00000000
core   0: 0x8000718c (0x02476fb3) rem     t6, a4, tp
core   0: 3 0x8000718c (0x02476fb3) x31 0x00000000
core   0: 0x80007190 (0x0226feb3) remu    t4, a3, sp
core   0: 3 0x80007190 (0x0226feb3) x29 0xd35c1fd4
core   0: 0x80007194 (0x000085d2) c.mv    a1, s4
core   0: 3 0x80007194 (0x85d2) x11 0x00000000
core   0: 0x80007196 (0x0000c599) c.beqz  a1, pc + 14
core   0: 3 0x80007196 (0xc599)
core   0: 0x800071a4 (0x00008cd9) c.or    s1, a4
core   0: 3 0x800071a4 (0x8cd9) x9  0xffffffe9
core   0: 0x800071a6 (0x40c8d6b3) sra     a3, a7, a2
core   0: 3 0x800071a6 (0x40c8d6b3) x13 0x80029ce4
core   0: 0x800071aa (0x00008db9) c.xor   a1, a4
core   0: 3 0x800071aa (0x8db9) x11 0x00000000
core   0: 0x800071ac (0x00008e81) c.sub   a3, s0
core   0: 3 0x800071ac (0x8e81) x13 0x80029b54
core   0: 0x800071ae (0x50d9c493) xori    s1, s3, 1293
core   0: 3 0x800071ae (0x50d9c493) x9  0x0000050d
core   0: 0x800071b2 (0x0e81d837) lui     a6, 0xe81d
core   0: 3 0x800071b2 (0x0e81d837) x16 0x0e81d000
core   0: 0x800071b6 (0x00000001) c.nop
core   0: 3 0x800071b6 (0x0001)
core   0: 0x800071b8 (0x6d1f2013) slti    zero, t5, 1745
core   0: 3 0x800071b8 (0x6d1f2013)
core   0: 0x800071bc (0x00008cfe) c.mv    s9, t6
core   0: 3 0x800071bc (0x8cfe) x25 0x00000000
core   0: 0x800071be (0x03874d33) div     s10, a4, s8
core   0: 3 0x800071be (0x03874d33) x26 0x00000000
core   0: 0x800071c2 (0xa27a8c93) addi    s9, s5, -1497
core   0: 3 0x800071c2 (0xa27a8c93) x25 0xe3990a27
core   0: 0x800071c6 (0x013dc0b3) xor     ra, s11, s3
core   0: 3 0x800071c6 (0x013dc0b3) x1  0x00000001
core   0: 0x800071ca (0x999be093) ori     ra, s7, -1639
core   0: 3 0x800071ca (0x999be093) x1  0xfffffffd
core   0: 0x800071ce (0x00ffc9b3) xor     s3, t6, a5
core   0: 3 0x800071ce (0x00ffc9b3) x19 0xffffffff
core   0: 0x800071d2 (0x025462b3) rem     t0, s0, t0
core   0: 3 0x800071d2 (0x025462b3) x5  0x00000190
core   0: 0x800071d6 (0x00eb0e33) add     t3, s6, a4
core   0: 3 0x800071d6 (0x00eb0e33) x28 0x00000001
core   0: 0x800071da (0x00000b80) c.addi4spn s0, sp, 464
core   0: 3 0x800071da (0x0b80) x8  0xe9ae11c2
core   0: 0x800071dc (0x00000001) c.nop
core   0: 3 0x800071dc (0x0001)
core   0: 0x800071de (0x00008f01) c.sub   a4, s0
core   0: 3 0x800071de (0x8f01) x14 0x1651ee3e
core   0: 0x800071e0 (0x52144c93) xori    s9, s0, 1313
core   0: 3 0x800071e0 (0x52144c93) x25 0xe9ae14e3
core   0: 0x800071e4 (0x00006109) c.addi16sp sp, 128
core   0: 3 0x800071e4 (0x6109) x2  0xe9ae1072
core   0: 0x800071e6 (0x03278eb3) mul     t4, a5, s2
core   0: 3 0x800071e6 (0x03278eb3) x29 0x736f55d7
core   0: 0x800071ea (0x409353b3) sra     t2, t1, s1
core   0: 3 0x800071ea (0x409353b3) x7  0xffffffff
core   0: 0x800071ee (0x0000090c) c.addi4spn a1, sp, 144
core   0: 3 0x800071ee (0x090c) x11 0xe9ae1102
core   0: 0x800071f0 (0x00000e8c) c.addi4spn a1, sp, 848
core   0: 3 0x800071f0 (0x0e8c) x11 0xe9ae13c2
core   0: 0x800071f2 (0x40a9d593) srai    a1, s3, 10
core   0: 3 0x800071f2 (0x40a9d593) x11 0xffffffff
core   0: 0x800071f6 (0x025690b3) mulh    ra, a3, t0
core   0: 3 0x800071f6 (0x025690b3) x1  0xffffff38
core   0: 0x800071fa (0x000096e6) c.add   a3, s9
core   0: 3 0x800071fa (0x96e6) x13 0x69b0b037
core   0: 0x800071fc (0x018590b3) sll     ra, a1, s8
core   0: 3 0x800071fc (0x018590b3) x1  0xffffffff
core   0: 0x80007200 (0x60826713) ori     a4, tp, 1544
core   0: 3 0x80007200 (0x60826713) x14 0x00000608
core   0: 0x80007204 (0x00008bb5) c.andi  a5, 13
core   0: 3 0x80007204 (0x8bb5) x15 0x0000000d
core   0: 0x80007206 (0x000089d6) c.mv    s3, s5
core   0: 3 0x80007206 (0x89d6) x19 0xe3991000
core   0: 0x80007208 (0x00000001) c.nop
core   0: 3 0x80007208 (0x0001)
core   0: 0x8000720a (0x000083f1) c.srli  a5, 28
core   0: 3 0x8000720a (0x83f1) x15 0x00000000
core   0: 0x8000720c (0x41775d13) srai    s10, a4, 23
core   0: 3 0x8000720c (0x41775d13) x26 0x00000000
core   0: 0x80007210 (0x0000e089) c.bnez  s1, pc + 2
core   0: 3 0x80007210 (0xe089)
core   0: 0x80007212 (0x00008ff1) c.and   a5, a2
core   0: 3 0x80007212 (0x8ff1) x15 0x00000000
core   0: 0x80007214 (0x00000fb5) c.addi  t6, 13
core   0: 3 0x80007214 (0x0fb5) x31 0x0000000d
core   0: 0x80007216 (0xd1fdcc93) xori    s9, s11, -737
core   0: 3 0x80007216 (0xd1fdcc93) x25 0xfffffd1e
core   0: 0x8000721a (0x00000001) c.nop
core   0: 3 0x8000721a (0x0001)
core   0: 0x8000721c (0x405f5013) srai    zero, t5, 5
core   0: 3 0x8000721c (0x405f5013)
core   0: 0x80007220 (0x03c586b3) mul     a3, a1, t3
core   0: 3 0x80007220 (0x03c586b3) x13 0xffffffff
core   0: 0x80007224 (0x00008211) c.srli  a2, 4
core   0: 3 0x80007224 (0x8211) x12 0x00000000
core   0: 0x80007226 (0x026dd463) bge     s11, t1, pc + 40
core   0: 3 0x80007226 (0x026dd463)
core   0: 0x8000724e (0x00ae9a63) bne     t4, a0, pc + 20
core   0: 3 0x8000724e (0x00ae9a63)
core   0: 0x80007262 (0x00c01b13) slli    s6, zero, 12
core   0: 3 0x80007262 (0x00c01b13) x22 0x00000000
core   0: 0x80007266 (0x467d2a93) slti    s5, s10, 1127
core   0: 3 0x80007266 (0x467d2a93) x21 0x00000001
core   0: 0x8000726a (0x000009be) c.slli  s3, 15
core   0: 3 0x8000726a (0x09be) x19 0x88000000
core   0: 0x8000726c (0x031e4833) div     a6, t3, a7
core   0: 3 0x8000726c (0x031e4833) x16 0x00000000
core   0: 0x80007270 (0x000055fd) c.li    a1, -1
core   0: 3 0x80007270 (0x55fd) x11 0xffffffff
core   0: 0x80007272 (0x4103da93) srai    s5, t2, 16
core   0: 3 0x80007272 (0x4103da93) x21 0xffffffff
core   0: 0x80007276 (0x0000eeb1) c.bnez  a3, pc + 92
core   0: 3 0x80007276 (0xeeb1)
core   0: 0x800072d2 (0x03bc4a33) div     s4, s8, s11
core   0: 3 0x800072d2 (0x03bc4a33) x20 0x00000c40
core   0: 0x800072d6 (0x02960163) beq     a2, s1, pc + 34
core   0: 3 0x800072d6 (0x02960163)
core   0: 0x800072da (0x00000cbd) c.addi  s9, 15
core   0: 3 0x800072da (0x0cbd) x25 0xfffffd2d
core   0: 0x800072dc (0x194a3597) auipc   a1, 0x194a3
core   0: 3 0x800072dc (0x194a3597) x11 0x994aa2dc
core   0: 0x800072e0 (0x0000085e) c.slli  a6, 23
core   0: 3 0x800072e0 (0x085e) x16 0x00000000
core   0: 0x800072e2 (0x00000a9a) c.slli  s5, 6
core   0: 3 0x800072e2 (0x0a9a) x21 0xffffffc0
core   0: 0x800072e4 (0x00000001) c.nop
core   0: 3 0x800072e4 (0x0001)
core   0: 0x800072e6 (0x00008c75) c.and   s0, a3
core   0: 3 0x800072e6 (0x8c75) x8  0xe9ae11c2
core   0: 0x800072e8 (0x00f07fb3) and     t6, zero, a5
core   0: 3 0x800072e8 (0x00f07fb3) x31 0x00000000
core   0: 0x800072ec (0x027e9063) bne     t4, t2, pc + 32
core   0: 3 0x800072ec (0x027e9063)
core   0: 0x8000730c (0x012d8133) add     sp, s11, s2
core   0: 3 0x8000730c (0x012d8133) x2  0x8c90aa2a
core   0: 0x80007310 (0x00006131) c.addi16sp sp, 320
core   0: 3 0x80007310 (0x6131) x2  0x8c90ab6a
core   0: 0x80007312 (0x02cfd033) divu    zero, t6, a2
core   0: 3 0x80007312 (0x02cfd033)
core   0: 0x80007316 (0x00000094) c.addi4spn a3, sp, 64
core   0: 3 0x80007316 (0x0094) x13 0x8c90abaa
core   0: 0x80007318 (0x00f41463) bne     s0, a5, pc + 8
core   0: 3 0x80007318 (0x00f41463)
core   0: 0x80007320 (0x000caab3) slt     s5, s9, zero
core   0: 3 0x80007320 (0x000caab3) x21 0x00000001
core   0: 0x80007324 (0x41c18ab3) sub     s5, gp, t3
core   0: 3 0x80007324 (0x41c18ab3) x21 0x2ca3ec73
core   0: 0x80007328 (0x070f8993) addi    s3, t6, 112
core   0: 3 0x80007328 (0x070f8993) x19 0x00000070
core   0: 0x8000732c (0x01f4dcb3) srl     s9, s1, t6
core   0: 3 0x8000732c (0x01f4dcb3) x25 0x0000050d
core   0: 0x80007330 (0x0228d033) divu    zero, a7, sp
core   0: 3 0x80007330 (0x0228d033)
core   0: 0x80007334 (0x037bfab3) remu    s5, s7, s7
core   0: 3 0x80007334 (0x037bfab3) x21 0x00000000
core   0: 0x80007338 (0x00008a55) c.andi  a2, 21
core   0: 3 0x80007338 (0x8a55) x12 0x00000000
core   0: 0x8000733a (0x35db3717) auipc   a4, 0x35db3
core   0: 3 0x8000733a (0x35db3717) x14 0xb5dba33a
core   0: 0x8000733e (0x00a2d133) srl     sp, t0, a0
core   0: 3 0x8000733e (0x00a2d133) x2  0x000000c8
core   0: 0x80007342 (0x021a8cb3) mul     s9, s5, ra
core   0: 3 0x80007342 (0x021a8cb3) x25 0x00000000
core   0: 0x80007346 (0x02584263) blt     a6, t0, pc + 36
core   0: 3 0x80007346 (0x02584263)
core   0: 0x8000736a (0x0000987d) c.andi  s0, -1
core   0: 3 0x8000736a (0x987d) x8  0xe9ae11c2
core   0: 0x8000736c (0x0313a433) mulhsu  s0, t2, a7
core   0: 3 0x8000736c (0x0313a433) x8  0xffffffff
core   0: 0x80007370 (0x023987b3) mul     a5, s3, gp
core   0: 3 0x80007370 (0x023987b3) x15 0x87b772c0
core   0: 0x80007374 (0x00841f93) slli    t6, s0, 8
core   0: 3 0x80007374 (0x00841f93) x31 0xffffff00
core   0: 0x80007378 (0x0000045a) c.slli  s0, 22
core   0: 3 0x80007378 (0x045a) x8  0xffc00000
core   0: 0x8000737a (0x03d730b3) mulhu   ra, a4, t4
core   0: 3 0x8000737a (0x03d730b3) x1  0x5200c189
core   0: 0x8000737e (0x036b4c33) div     s8, s6, s6
core   0: 3 0x8000737e (0x036b4c33) x24 0xffffffff
core   0: 0x80007382 (0x00008d3d) c.xor   a0, a5
core   0: 3 0x80007382 (0x8d3d) x10 0x87b772c1
core   0: 0x80007384 (0x024226b3) mulhsu  a3, tp, tp
core   0: 3 0x80007384 (0x024226b3) x13 0x00000000
core   0: 0x80007388 (0x0000717d) c.addi16sp sp, -16
core   0: 3 0x80007388 (0x717d) x2  0x000000b8
core   0: 0x8000738a (0x00008bbd) c.andi  a5, 15
core   0: 3 0x8000738a (0x8bbd) x15 0x00000000
core   0: 0x8000738c (0x40ed0733) sub     a4, s10, a4
core   0: 3 0x8000738c (0x40ed0733) x14 0x4a245cc6
core   0: 0x80007390 (0x14784eb7) lui     t4, 0x14784
core   0: 3 0x80007390 (0x14784eb7) x29 0x14784000
core   0: 0x80007394 (0x02892233) mulhsu  tp, s2, s0
core   0: 3 0x80007394 (0x02892233) x4  0x8cad85fe
core   0: 0x80007398 (0x00000855) c.addi  a6, 21
core   0: 3 0x80007398 (0x0855) x16 0x00000015
core   0: 0x8000739a (0x402e5f33) sra     t5, t3, sp
core   0: 3 0x8000739a (0x402e5f33) x30 0x00000000
core   0: 0x8000739e (0x00000ace) c.slli  s5, 19
core   0: 3 0x8000739e (0x0ace) x21 0x00000000
core   0: 0x800073a0 (0x4152de13) srai    t3, t0, 21
core   0: 3 0x800073a0 (0x4152de13) x28 0x00000000
core   0: 0x800073a4 (0x02365d33) divu    s10, a2, gp
core   0: 3 0x800073a4 (0x02365d33) x26 0x00000000
core   0: 0x800073a8 (0x01e9d2b3) srl     t0, s3, t5
core   0: 3 0x800073a8 (0x01e9d2b3) x5  0x00000070
core   0: 0x800073ac (0x036255b3) divu    a1, tp, s6
core   0: 3 0x800073ac (0x036255b3) x11 0xffffffff
core   0: 0x800073b0 (0x01c7e333) or      t1, a5, t3
core   0: 3 0x800073b0 (0x01c7e333) x6  0x00000000
core   0: 0x800073b4 (0x9ce2c493) xori    s1, t0, -1586
core   0: 3 0x800073b4 (0x9ce2c493) x9  0xfffff9be
core   0: 0x800073b8 (0x00000001) c.nop
core   0: 3 0x800073b8 (0x0001)
core   0: 0x800073ba (0x40528533) sub     a0, t0, t0
core   0: 3 0x800073ba (0x40528533) x10 0x00000000
core   0: 0x800073be (0x00008d16) c.mv    s10, t0
core   0: 3 0x800073be (0x8d16) x26 0x00000070
core   0: 0x800073c0 (0x023983b3) mul     t2, s3, gp
core   0: 3 0x800073c0 (0x023983b3) x7  0x87b772c0
core   0: 0x800073c4 (0x000088c9) c.andi  s1, 18
core   0: 3 0x800073c4 (0x88c9) x9  0x00000012
core   0: 0x800073c6 (0x01710563) beq     sp, s7, pc + 10
core   0: 3 0x800073c6 (0x01710563)
core   0: 0x800073ca (0x00004449) c.li    s0, 18
core   0: 3 0x800073ca (0x4449) x8  0x00000012
core   0: 0x800073cc (0x01831e13) slli    t3, t1, 24
core   0: 3 0x800073cc (0x01831e13) x28 0x00000000
core   0: 0x800073d0 (0x010b01b3) add     gp, s6, a6
core   0: 3 0x800073d0 (0x010b01b3) x3  0x00000015
core   0: 0x800073d4 (0x01881f63) bne     a6, s8, pc + 30
core   0: 3 0x800073d4 (0x01881f63)
core   0: 0x800073f2 (0x00006ed9) c.lui   t4, 0x16
core   0: 3 0x800073f2 (0x6ed9) x29 0x00016000
core   0: 0x800073f4 (0x03314eb3) div     t4, sp, s3
core   0: 3 0x800073f4 (0x03314eb3) x29 0x00000001
core   0: 0x800073f8 (0x58c1b513) sltiu   a0, gp, 1420
core   0: 3 0x800073f8 (0x58c1b513) x10 0x00000001
core   0: 0x800073fc (0x01ca9b13) slli    s6, s5, 28
core   0: 3 0x800073fc (0x01ca9b13) x22 0x00000000
core   0: 0x80007400 (0x3533e193) ori     gp, t2, 851
core   0: 3 0x80007400 (0x3533e193) x3  0x87b773d3
core   0: 0x80007404 (0x015c97b3) sll     a5, s9, s5
core   0: 3 0x80007404 (0x015c97b3) x15 0x00000000
core   0: 0x80007408 (0x005cfd63) bgeu    s9, t0, pc + 26
core   0: 3 0x80007408 (0x005cfd63)
core   0: 0x8000740c (0x00000001) c.nop
core   0: 3 0x8000740c (0x0001)
core   0: 0x8000740e (0x0000c98d) c.beqz  a1, pc + 50
core   0: 3 0x8000740e (0xc98d)
core   0: 0x80007410 (0x00008c5d) c.or    s0, a5
core   0: 3 0x80007410 (0x8c5d) x8  0x00000012
core   0: 0x80007412 (0xad30b493) sltiu   s1, ra, -1325
core   0: 3 0x80007412 (0xad30b493) x9  0x00000001
core   0: 0x80007416 (0x0000cf91) c.beqz  a5, pc + 28
core   0: 3 0x80007416 (0xcf91)
core   0: 0x80007432 (0x01f5c263) blt     a1, t6, pc + 4
core   0: 3 0x80007432 (0x01f5c263)
core   0: 0x80007436 (0x001176b3) and     a3, sp, ra
core   0: 3 0x80007436 (0x001176b3) x13 0x00000088
core   0: 0x8000743a (0x8ab239b7) lui     s3, 0x8ab23
core   0: 3 0x8000743a (0x8ab239b7) x19 0x8ab23000
core   0: 0x8000743e (0x000082d9) c.srli  a3, 22
core   0: 3 0x8000743e (0x82d9) x13 0x00000000
core   0: 0x80007440 (0x03bd8f33) mul     t5, s11, s11
core   0: 3 0x80007440 (0x03bd8f33) x30 0x00000001
core   0: 0x80007444 (0x404d5d13) srai    s10, s10, 4
core   0: 3 0x80007444 (0x404d5d13) x26 0x00000007
core   0: 0x80007448 (0x0111da63) bge     gp, a7, pc + 20
core   0: 3 0x80007448 (0x0111da63)
core   0: 0x8000745c (0x00008da1) c.xor   a1, s0
core   0: 3 0x8000745c (0x8da1) x11 0xffffffed
core   0: 0x8000745e (0x0221c5b3) div     a1, gp, sp
core   0: 3 0x8000745e (0x0221c5b3) x11 0xff58a632
core   0: 0x80007462 (0x86c60713) addi    a4, a2, -1940
core   0: 3 0x80007462 (0x86c60713) x14 0xfffff86c
core   0: 0x80007466 (0x000002d2) c.slli  t0, 20
core   0: 3 0x80007466 (0x02d2) x5  0x07000000
core   0: 0x80007468 (0x00006655) c.lui   a2, 0x15
core   0: 3 0x80007468 (0x6655) x12 0x00015000
core   0: 0x8000746a (0x033e99b3) mulh    s3, t4, s3
core   0: 3 0x8000746a (0x033e99b3) x19 0xffffffff
core   0: 0x8000746e (0x0fd5ee93) ori     t4, a1, 253
core   0: 3 0x8000746e (0x0fd5ee93) x29 0xff58a6ff
core   0: 0x80007472 (0x014837b3) sltu    a5, a6, s4
core   0: 3 0x80007472 (0x014837b3) x15 0x00000001
core   0: 0x80007476 (0x01b57ab3) and     s5, a0, s11
core   0: 3 0x80007476 (0x01b57ab3) x21 0x00000001
core   0: 0x8000747a (0x00347b33) and     s6, s0, gp
core   0: 3 0x8000747a (0x00347b33) x22 0x00000012
core   0: 0x8000747e (0x00008d71) c.and   a0, a2
core   0: 3 0x8000747e (0x8d71) x10 0x00000000
core   0: 0x80007480 (0x0000ea15) c.bnez  a2, pc + 52
core   0: 3 0x80007480 (0xea15)
core   0: 0x800074b4 (0x03a53333) mulhu   t1, a0, s10
core   0: 3 0x800074b4 (0x03a53333) x6  0x00000000
core   0: 0x800074b8 (0x02be2db3) mulhsu  s11, t3, a1
core   0: 3 0x800074b8 (0x02be2db3) x27 0x00000000
core   0: 0x800074bc (0xbd463313) sltiu   t1, a2, -1068
core   0: 3 0x800074bc (0xbd463313) x6  0x00000001
core   0: 0x800074c0 (0x00008cf9) c.and   s1, a4
core   0: 3 0x800074c0 (0x8cf9) x9  0x00000000
core   0: 0x800074c2 (0x02e13db3) mulhu   s11, sp, a4
core   0: 3 0x800074c2 (0x02e13db3) x27 0x000000b7
core   0: 0x800074c6 (0x6f57bc93) sltiu   s9, a5, 1781
core   0: 3 0x800074c6 (0x6f57bc93) x25 0x00000001
core   0: 0x800074ca (0x00008086) c.mv    ra, ra
core   0: 3 0x800074ca (0x8086) x1  0x5200c189
core   0: 0x800074cc (0x3e5fc713) xori    a4, t6, 997
core   0: 3 0x800074cc (0x3e5fc713) x14 0xfffffce5
core   0: 0x800074d0 (0x0065d633) srl     a2, a1, t1
core   0: 3 0x800074d0 (0x0065d633) x12 0x7fac5319
core   0: 0x800074d4 (0x0268ec33) rem     s8, a7, t1
core   0: 3 0x800074d4 (0x0268ec33) x24 0x00000000
core   0: 0x800074d8 (0x0311c9b3) div     s3, gp, a7
core   0: 3 0x800074d8 (0x0311c9b3) x19 0x00000000
core   0: 0x800074dc (0x011199b3) sll     s3, gp, a7
core   0: 3 0x800074dc (0x011199b3) x19 0x7b773d30
core   0: 0x800074e0 (0x10c2e993) ori     s3, t0, 268
core   0: 3 0x800074e0 (0x10c2e993) x19 0x0700010c
core   0: 0x800074e4 (0x0000e785) c.bnez  a5, pc + 40
core   0: 3 0x800074e4 (0xe785)
core   0: 0x8000750c (0x0246b733) mulhu   a4, a3, tp
core   0: 3 0x8000750c (0x0246b733) x14 0x00000000
core   0: 0x80007510 (0x00009b4e) c.add   s6, s3
core   0: 3 0x80007510 (0x9b4e) x22 0x0700011e
core   0: 0x80007512 (0x02d5fdb3) remu    s11, a1, a3
core   0: 3 0x80007512 (0x02d5fdb3) x27 0xff58a632
core   0: 0x80007516 (0xac69ae93) slti    t4, s3, -1338
core   0: 3 0x80007516 (0xac69ae93) x29 0x00000000
core   0: 0x8000751a (0x00008d81) c.sub   a1, s0
core   0: 3 0x8000751a (0x8d81) x11 0xff58a620
core   0: 0x8000751c (0x01820563) beq     tp, s8, pc + 10
core   0: 3 0x8000751c (0x01820563)
core   0: 0x80007520 (0x00000001) c.nop
core   0: 3 0x80007520 (0x0001)
core   0: 0x80007522 (0x006b0eb3) add     t4, s6, t1
core   0: 3 0x80007522 (0x006b0eb3) x29 0x0700011f
core   0: 0x80007526 (0x002d47b3) xor     a5, s10, sp
core   0: 3 0x80007526 (0x002d47b3) x15 0x000000bf
core   0: 0x8000752a (0x0000717d) c.addi16sp sp, -16
core   0: 3 0x8000752a (0x717d) x2  0x000000a8
core   0: 0x8000752c (0x03c51733) mulh    a4, a0, t3
core   0: 3 0x8000752c (0x03c51733) x14 0x00000000
core   0: 0x80007530 (0x00000b94) c.addi4spn a3, sp, 464
core   0: 3 0x80007530 (0x0b94) x13 0x00000278
core   0: 0x80007532 (0xb1247393) andi    t2, s0, -1262
core   0: 3 0x80007532 (0xb1247393) x7  0x00000012
core   0: 0x80007536 (0x01f8ae33) slt     t3, a7, t6
core   0: 3 0x80007536 (0x01f8ae33) x28 0x00000001
core   0: 0x8000753a (0x00008f85) c.sub   a5, s1
core   0: 3 0x8000753a (0x8f85) x15 0x000000bf
core   0: 0x8000753c (0xdd310b13) addi    s6, sp, -557
core   0: 3 0x8000753c (0xdd310b13) x22 0xfffffe7b
core   0: 0x80007540 (0x0046f763) bgeu    a3, tp, pc + 14
core   0: 3 0x80007540 (0x0046f763)
core   0: 0x80007544 (0x00001b14) c.addi4spn a3, sp, 432
core   0: 3 0x80007544 (0x1b14) x13 0x00000258
core   0: 0x80007546 (0x000066b1) c.lui   a3, 0xc
core   0: 3 0x80007546 (0x66b1) x13 0x0000c000
core   0: 0x80007548 (0x000085b9) c.srai  a1, 14
core   0: 3 0x80007548 (0x85b9) x11 0xfffffd62
core   0: 0x8000754a (0x03a94b33) div     s6, s2, s10
core   0: 3 0x8000754a (0x03a94b33) x22 0xef826174
core   0: 0x8000754e (0x00038033) add     zero, t2, zero
core   0: 3 0x8000754e (0x00038033)
core   0: 0x80007552 (0x0000867e) c.mv    a2, t6
core   0: 3 0x80007552 (0x867e) x12 0xffffff00
core   0: 0x80007554 (0x04c5d063) bge     a1, a2, pc + 64
core   0: 3 0x80007554 (0x04c5d063)
core   0: 0x80007558 (0x00008459) c.srai  s0, 22
core   0: 3 0x80007558 (0x8459) x8  0x00000000
core   0: 0x8000755a (0x3a670b13) addi    s6, a4, 934
core   0: 3 0x8000755a (0x3a670b13) x22 0x000003a6
core   0: 0x8000755e (0x00008ded) c.and   a1, a1
core   0: 3 0x8000755e (0x8ded) x11 0xfffffd62
core   0: 0x80007560 (0x02102633) mulhsu  a2, zero, ra
core   0: 3 0x80007560 (0x02102633) x12 0x00000000
core   0: 0x80007564 (0x9655ce13) xori    t3, a1, -1691
core   0: 3 0x80007564 (0x9655ce13) x28 0x00000407
core   0: 0x80007568 (0x40585013) srai    zero, a6, 5
core   0: 3 0x80007568 (0x40585013)
core   0: 0x8000756c (0x00008e7d) c.and   a2, a5
core   0: 3 0x8000756c (0x8e7d) x12 0x00000000
core   0: 0x8000756e (0x000086ad) c.srai  a3, 11
core   0: 3 0x8000756e (0x86ad) x13 0x00000018
core   0: 0x80007570 (0xba73f713) andi    a4, t2, -1113
core   0: 3 0x80007570 (0xba73f713) x14 0x00000002
core   0: 0x80007574 (0x00fe3533) sltu    a0, t3, a5
core   0: 3 0x80007574 (0x00fe3533) x10 0x00000000
core   0: 0x80007578 (0x000067d1) c.lui   a5, 0x14
core   0: 3 0x80007578 (0x67d1) x15 0x00014000
core   0: 0x8000757a (0x003b6563) bltu    s6, gp, pc + 10
core   0: 3 0x8000757a (0x003b6563)
core   0: 0x80007584 (0x0254e1b3) rem     gp, s1, t0
core   0: 3 0x80007584 (0x0254e1b3) x3  0x00000000
core   0: 0x80007588 (0xdd6ce113) ori     sp, s9, -554
core   0: 3 0x80007588 (0xdd6ce113) x2  0xfffffdd7
core   0: 0x8000758c (0x762eea93) ori     s5, t4, 1890
core   0: 3 0x8000758c (0x762eea93) x21 0x0700077f
core   0: 0x80007590 (0x40448b33) sub     s6, s1, tp
core   0: 3 0x80007590 (0x40448b33) x22 0x73527a02
core   0: 0x80007594 (0x00008ac1) c.andi  a3, 16
core   0: 3 0x80007594 (0x8ac1) x13 0x00000010
core   0: 0x80007596 (0x018ddeb3) srl     t4, s11, s8
core   0: 3 0x80007596 (0x018ddeb3) x29 0xff58a632
core   0: 0x8000759a (0x03eb9e33) mulh    t3, s7, t5
core   0: 3 0x8000759a (0x03eb9e33) x28 0xffffffff
core   0: 0x8000759e (0x00000001) c.nop
core   0: 3 0x8000759e (0x0001)
core   0: 0x800075a0 (0x02e9c963) blt     s3, a4, pc + 50
core   0: 3 0x800075a0 (0x02e9c963)
core   0: 0x800075a4 (0x00006fdd) c.lui   t6, 0x17
core   0: 3 0x800075a4 (0x6fdd) x31 0x00017000
core   0: 0x800075a6 (0x4189df93) srai    t6, s3, 24
core   0: 3 0x800075a6 (0x4189df93) x31 0x00000007
core   0: 0x800075aa (0x032c6463) bltu    s8, s2, pc + 40
core   0: 3 0x800075aa (0x032c6463)
core   0: 0x800075d2 (0x02210a33) mul     s4, sp, sp
core   0: 3 0x800075d2 (0x02210a33) x20 0x0004aa91
core   0: 0x800075d6 (0x021dd1b3) divu    gp, s11, ra
core   0: 3 0x800075d6 (0x021dd1b3) x3  0x00000003
core   0: 0x800075da (0x019d9233) sll     tp, s11, s9
core   0: 3 0x800075da (0x019d9233) x4  0xfeb14c64
core   0: 0x800075de (0x00005dfd) c.li    s11, -1
core   0: 3 0x800075de (0x5dfd) x27 0xffffffff
core   0: 0x800075e0 (0x00008bb9) c.andi  a5, 14
core   0: 3 0x800075e0 (0x8bb9) x15 0x00000000
core   0: 0x800075e2 (0x000098fd) c.andi  s1, -1
core   0: 3 0x800075e2 (0x98fd) x9  0x00000000
core   0: 0x800075e4 (0x00008509) c.srai  a0, 2
core   0: 3 0x800075e4 (0x8509) x10 0x00000000
core   0: 0x800075e6 (0x0976c663) blt     a3, s7, pc + 140
core   0: 3 0x800075e6 (0x0976c663)
core   0: 0x800075ea (0x0000e297) auipc   t0, 0xe
core   0: 3 0x800075ea (0x0000e297) x5  0x800155ea
core   0: 0x800075ee (0x19728293) addi    t0, t0, 407
core   0: 3 0x800075ee (0x19728293) x5  0x80015781
core   0: 0x800075f2 (0x00001a7d) c.addi  s4, -1
core   0: 3 0x800075f2 (0x1a7d) x20 0x0004aa90
core   0: 0x800075f4 (0x00008679) c.srai  a2, 30
core   0: 3 0x800075f4 (0x8679) x12 0x00000000
core   0: 0x800075f6 (0x00000001) c.nop
core   0: 3 0x800075f6 (0x0001)
core   0: 0x800075f8 (0x0b62c683) lbu     a3, 182(t0)
core   0: 3 0x800075f8 (0x0b62c683) x13 0x00000000 mem 0x80015837
core   0: 0x800075fc (0x2e42a513) slti    a0, t0, 740
core   0: 3 0x800075fc (0x2e42a513) x10 0x00000001
core   0: 0x80007600 (0x01f29d93) slli    s11, t0, 31
core   0: 3 0x80007600 (0x01f29d93) x27 0x80000000
core   0: 0x80007604 (0x40428a33) sub     s4, t0, tp
core   0: 3 0x80007604 (0x40428a33) x20 0x81500b1d
core   0: 0x80007608 (0x00000dae) c.slli  s11, 11
core   0: 3 0x80007608 (0x0dae) x27 0x00000000
core   0: 0x8000760a (0x00008d09) c.sub   a0, a0
core   0: 3 0x8000760a (0x8d09) x10 0x00000000
core   0: 0x8000760c (0x0000634d) c.lui   t1, 0x13
core   0: 3 0x8000760c (0x634d) x6  0x00013000
core   0: 0x8000760e (0xf62289a3) sb      sp, -141(t0)
core   0: 3 0x8000760e (0xf62289a3) mem 0x800156f4 0xd7
core   0: 0x80007612 (0xfd52c083) lbu     ra, -43(t0)
core   0: 3 0x80007612 (0xfd52c083) x1  0x00000000 mem 0x80015756
core   0: 0x80007616 (0x01c45d33) srl     s10, s0, t3
core   0: 3 0x80007616 (0x01c45d33) x26 0x00000000
core   0: 0x8000761a (0x00001093) slli    ra, zero, 0
core   0: 3 0x8000761a (0x00001093) x1  0x00000000
core   0: 0x8000761e (0x000060ad) c.lui   ra, 0xb
core   0: 3 0x8000761e (0x60ad) x1  0x0000b000
core   0: 0x80007620 (0x00008aa2) c.mv    s5, s0
core   0: 3 0x80007620 (0x8aa2) x21 0x00000000
core   0: 0x80007622 (0xf5428983) lb      s3, -172(t0)
core   0: 3 0x80007622 (0xf5428983) x19 0x00000000 mem 0x800156d5
core   0: 0x80007626 (0x00008975) c.andi  a0, 29
core   0: 3 0x80007626 (0x8975) x10 0x00000000
core   0: 0x80007628 (0xfe52a9a3) sw      t0, -13(t0)
core   0: 3 0x80007628 (0xfe52a9a3) mem 0x80015774 0x80015781
core   0: 0x8000762c (0xf172ac03) lw      s8, -233(t0)
core   0: 3 0x8000762c (0xf172ac03) x24 0x00000000 mem 0x80015698
core   0: 0x80007630 (0x0062c003) lbu     zero, 6(t0)
core   0: 3 0x80007630 (0x0062c003) mem 0x80015787
core   0: 0x80007634 (0xf6b2a783) lw      a5, -149(t0)
core   0: 3 0x80007634 (0xf6b2a783) x15 0x00000000 mem 0x800156ec
core   0: 0x80007638 (0xf2b28703) lb      a4, -213(t0)
core   0: 3 0x80007638 (0xf2b28703) x14 0x00000000 mem 0x800156ac
core   0: 0x8000763c (0x01003ab3) snez    s5, a6
core   0: 3 0x8000763c (0x01003ab3) x21 0x00000001
core   0: 0x80007640 (0x41be8e33) sub     t3, t4, s11
core   0: 3 0x80007640 (0x41be8e33) x28 0xff58a632
core   0: 0x80007644 (0x00008e1a) c.mv    t3, t1
core   0: 3 0x80007644 (0x8e1a) x28 0x00013000
core   0: 0x80007646 (0x0c42ca83) lbu     s5, 196(t0)
core   0: 3 0x80007646 (0x0c42ca83) x21 0x00000000 mem 0x80015845
core   0: 0x8000764a (0x011fdc33) srl     s8, t6, a7
core   0: 3 0x8000764a (0x011fdc33) x24 0x00000000
core   0: 0x8000764e (0x00009b06) c.add   s6, ra
core   0: 3 0x8000764e (0x9b06) x22 0x73532a02
core   0: 0x80007650 (0x9a234213) xori    tp, t1, -1630
core   0: 3 0x80007650 (0x9a234213) x4  0xfffec9a2
core   0: 0x80007654 (0x00009d92) c.add   s11, tp
core   0: 3 0x80007654 (0x9d92) x27 0xfffec9a2
core   0: 0x80007656 (0x030f5663) bge     t5, a6, pc + 44
core   0: 3 0x80007656 (0x030f5663)
core   0: 0x8000765a (0x000087a5) c.srai  a5, 9
core   0: 3 0x8000765a (0x87a5) x15 0x00000000
core   0: 0x8000765c (0x000080f5) c.srli  s1, 29
core   0: 3 0x8000765c (0x80f5) x9  0x00000000
core   0: 0x8000765e (0x02dfd6b3) divu    a3, t6, a3
core   0: 3 0x8000765e (0x02dfd6b3) x13 0xffffffff
core   0: 0x80007662 (0x01d5f4b3) and     s1, a1, t4
core   0: 3 0x80007662 (0x01d5f4b3) x9  0xff58a422
core   0: 0x80007666 (0x0000ec91) c.bnez  s1, pc + 28
core   0: 3 0x80007666 (0xec91)
core   0: 0x80007682 (0x00001400) c.addi4spn s0, sp, 544
core   0: 3 0x80007682 (0x1400) x8  0xfffffff7
core   0: 0x80007684 (0x0000e405) c.bnez  s0, pc + 40
core   0: 3 0x80007684 (0xe405)
core   0: 0x800076ac (0x00006999) c.lui   s3, 0x6
core   0: 3 0x800076ac (0x6999) x19 0x00006000
core   0: 0x800076ae (0x00a97ab3) and     s5, s2, a0
core   0: 3 0x800076ae (0x00a97ab3) x21 0x00000000
core   0: 0x800076b2 (0x00008ed9) c.or    a3, a4
core   0: 3 0x800076b2 (0x8ed9) x13 0xffffffff
core   0: 0x800076b4 (0x03e56533) rem     a0, a0, t5
core   0: 3 0x800076b4 (0x03e56533) x10 0x00000000
core   0: 0x800076b8 (0x00008f59) c.or    a4, a4
core   0: 3 0x800076b8 (0x8f59) x14 0x00000000
core   0: 0x800076ba (0x0000e581) c.bnez  a1, pc + 8
core   0: 3 0x800076ba (0xe581)
core   0: 0x800076c2 (0x00000001) c.nop
core   0: 3 0x800076c2 (0x0001)
core   0: 0x800076c4 (0x0000839e) c.mv    t2, t2
core   0: 3 0x800076c4 (0x839e) x7  0x00000012
core   0: 0x800076c6 (0xabd52993) slti    s3, a0, -1347
core   0: 3 0x800076c6 (0xabd52993) x19 0x00000000
core   0: 0x800076ca (0x00006fdd) c.lui   t6, 0x17
core   0: 3 0x800076ca (0x6fdd) x31 0x00017000
core   0: 0x800076cc (0x00644c63) blt     s0, t1, pc + 24
core   0: 3 0x800076cc (0x00644c63)
core   0: 0x800076e4 (0x00008f8d) c.sub   a5, a1
core   0: 3 0x800076e4 (0x8f8d) x15 0x0000029e
core   0: 0x800076e6 (0x0000717d) c.addi16sp sp, -16
core   0: 3 0x800076e6 (0x717d) x2  0xfffffdc7
core   0: 0x800076e8 (0x0049ea33) or      s4, s3, tp
core   0: 3 0x800076e8 (0x0049ea33) x20 0xfffec9a2
core   0: 0x800076ec (0x004c4833) xor     a6, s8, tp
core   0: 3 0x800076ec (0x004c4833) x16 0xfffec9a2
core   0: 0x800076f0 (0x01d8d463) bge     a7, t4, pc + 8
core   0: 3 0x800076f0 (0x01d8d463)
core   0: 0x800076f4 (0x000002e1) c.addi  t0, 24
core   0: 3 0x800076f4 (0x02e1) x5  0x80015799
core   0: 0x800076f6 (0x00008ded) c.and   a1, a1
core   0: 3 0x800076f6 (0x8ded) x11 0xfffffd62
core   0: 0x800076f8 (0x00008c9d) c.sub   s1, a5
core   0: 3 0x800076f8 (0x8c9d) x9  0xff58a184
core   0: 0x800076fa (0x00008f99) c.sub   a5, a4
core   0: 3 0x800076fa (0x8f99) x15 0x0000029e
core   0: 0x800076fc (0x03349363) bne     s1, s3, pc + 38
core   0: 3 0x800076fc (0x03349363)
core   0: 0x80007722 (0x00000ae5) c.addi  s5, 25
core   0: 3 0x80007722 (0x0ae5) x21 0x00000019
core   0: 0x80007724 (0x017057b3) srl     a5, zero, s7
core   0: 3 0x80007724 (0x017057b3) x15 0x00000000
core   0: 0x80007728 (0x02b9aab3) mulhsu  s5, s3, a1
core   0: 3 0x80007728 (0x02b9aab3) x21 0x00000000
core   0: 0x8000772c (0x00000001) c.nop
core   0: 3 0x8000772c (0x0001)
core   0: 0x8000772e (0x00001110) c.addi4spn a2, sp, 160
core   0: 3 0x8000772e (0x1110) x12 0xfffffe67
core   0: 0x80007730 (0xaa8e2713) slti    a4, t3, -1368
core   0: 3 0x80007730 (0xaa8e2713) x14 0x00000000
core   0: 0x80007734 (0x00004ec9) c.li    t4, 18
core   0: 3 0x80007734 (0x4ec9) x29 0x00000012
core   0: 0x80007736 (0x007fde13) srli    t3, t6, 7
core   0: 3 0x80007736 (0x007fde13) x28 0x000002e0
core   0: 0x8000773a (0x00008d29) c.xor   a0, a0
core   0: 3 0x8000773a (0x8d29) x10 0x00000000
core   0: 0x8000773c (0x412eddb3) sra     s11, t4, s2
core   0: 3 0x8000773c (0x412eddb3) x27 0x00000000
core   0: 0x80007740 (0x03239fb3) mulh    t6, t2, s2
core   0: 3 0x80007740 (0x03239fb3) x31 0xfffffff7
core   0: 0x80007744 (0x0294f633) remu    a2, s1, s1
core   0: 3 0x80007744 (0x0294f633) x12 0x00000000
core   0: 0x80007748 (0x00008fd9) c.or    a5, a4
core   0: 3 0x80007748 (0x8fd9) x15 0x00000000
core   0: 0x8000774a (0x4001db13) srai    s6, gp, 0
core   0: 3 0x8000774a (0x4001db13) x22 0x00000003
core   0: 0x8000774e (0x01142533) slt     a0, s0, a7
core   0: 3 0x8000774e (0x01142533) x10 0x00000000
core   0: 0x80007752 (0x00008d41) c.or    a0, s0
core   0: 3 0x80007752 (0x8d41) x10 0xfffffff7
core   0: 0x80007754 (0x01ec8363) beq     s9, t5, pc + 6
core   0: 3 0x80007754 (0x01ec8363)
core   0: 0x8000775a (0x00006111) c.addi16sp sp, 256
core   0: 3 0x8000775a (0x6111) x2  0xfffffec7
core   0: 0x8000775c (0x00008d95) c.sub   a1, a3
core   0: 3 0x8000775c (0x8d95) x11 0xfffffd63
core   0: 0x8000775e (0x00008f51) c.or    a4, a2
core   0: 3 0x8000775e (0x8f51) x14 0x00000000
core   0: 0x80007760 (0x00531333) sll     t1, t1, t0
core   0: 3 0x80007760 (0x00531333) x6  0x00000000
core   0: 0x80007764 (0x00006139) c.addi16sp sp, 448
core   0: 3 0x80007764 (0x6139) x2  0x00000087
core   0: 0x80007766 (0x00000001) c.nop
core   0: 3 0x80007766 (0x0001)
core   0: 0x80007768 (0x02f6efb3) rem     t6, a3, a5
core   0: 3 0x80007768 (0x02f6efb3) x31 0xffffffff
core   0: 0x8000776c (0x00001508) c.addi4spn a0, sp, 672
core   0: 3 0x8000776c (0x1508) x10 0x00000327
core   0: 0x8000776e (0x012c15b3) sll     a1, s8, s2
core   0: 3 0x8000776e (0x012c15b3) x11 0x00000000
core   0: 0x80007772 (0x00000001) c.nop
core   0: 3 0x80007772 (0x0001)
core   0: 0x80007774 (0x00b89c33) sll     s8, a7, a1
core   0: 3 0x80007774 (0x00b89c33) x24 0x80029ce4
core   0: 0x80007778 (0x00000d84) c.addi4spn s1, sp, 720
core   0: 3 0x80007778 (0x0d84) x9  0x00000357
core   0: 0x8000777a (0x02e70133) mul     sp, a4, a4
core   0: 3 0x8000777a (0x02e70133) x2  0x00000000
core   0: 0x8000777e (0x02bf6e33) rem     t3, t5, a1
core   0: 3 0x8000777e (0x02bf6e33) x28 0x00000001
core   0: 0x80007782 (0x00006dc1) c.lui   s11, 0x10
core   0: 3 0x80007782 (0x6dc1) x27 0x00010000
core   0: 0x80007784 (0x03cadcb3) divu    s9, s5, t3
core   0: 3 0x80007784 (0x03cadcb3) x25 0x00000000
core   0: 0x80007788 (0x000000aa) c.slli  ra, 10
core   0: 3 0x80007788 (0x00aa) x1  0x02c00000
core   0: 0x8000778a (0x40ca5493) srai    s1, s4, 12
core   0: 3 0x8000778a (0x40ca5493) x9  0xffffffec
core   0: 0x8000778e (0x400285b3) sub     a1, t0, zero
core   0: 3 0x8000778e (0x400285b3) x11 0x80015799
core   0: 0x80007792 (0x00008d31) c.xor   a0, a2
core   0: 3 0x80007792 (0x8d31) x10 0x00000327
core   0: 0x80007794 (0x403e01b3) sub     gp, t3, gp
core   0: 3 0x80007794 (0x403e01b3) x3  0xfffffffe
core   0: 0x80007798 (0x00008f79) c.and   a4, a4
core   0: 3 0x80007798 (0x8f79) x14 0x00000000
core   0: 0x8000779a (0x01775963) bge     a4, s7, pc + 18
core   0: 3 0x8000779a (0x01775963)
core   0: 0x800077ac (0x0000717d) c.addi16sp sp, -16
core   0: 3 0x800077ac (0x717d) x2  0xfffffff0
core   0: 0x800077ae (0x0000e28d) c.bnez  a3, pc + 34
core   0: 3 0x800077ae (0xe28d)
core   0: 0x800077d0 (0xd8f70813) addi    a6, a4, -625
core   0: 3 0x800077d0 (0xd8f70813) x16 0xfffffd8f
core   0: 0x800077d4 (0x0000e089) c.bnez  s1, pc + 2
core   0: 3 0x800077d4 (0xe089)
core   0: 0x800077d6 (0x023d2eb3) mulhsu  t4, s10, gp
core   0: 3 0x800077d6 (0x023d2eb3) x29 0x00000000
core   0: 0x800077da (0x0000e0a1) c.bnez  s1, pc + 64
core   0: 3 0x800077da (0xe0a1)
core   0: 0x8000781a (0x0000ec91) c.bnez  s1, pc + 28
core   0: 3 0x8000781a (0xec91)
core   0: 0x80007836 (0x00001510) c.addi4spn a2, sp, 672
core   0: 3 0x80007836 (0x1510) x12 0x00000290
core   0: 0x80007838 (0x009569b3) or      s3, a0, s1
core   0: 3 0x80007838 (0x009569b3) x19 0xffffffef
core   0: 0x8000783c (0x00dfd463) bge     t6, a3, pc + 8
core   0: 3 0x8000783c (0x00dfd463)
core   0: 0x80007844 (0x00008699) c.srai  a3, 6
core   0: 3 0x80007844 (0x8699) x13 0xffffffff
core   0: 0x80007846 (0x0000ca05) c.beqz  a2, pc + 48
core   0: 3 0x80007846 (0xca05)
core   0: 0x80007848 (0x00008785) c.srai  a5, 1
core   0: 3 0x80007848 (0x8785) x15 0x00000000
core   0: 0x8000784a (0x0000c401) c.beqz  s0, pc + 8
core   0: 3 0x8000784a (0xc401)
core   0: 0x8000784c (0x00006109) c.addi16sp sp, 128
core   0: 3 0x8000784c (0x6109) x2  0x00000070
core   0: 0x8000784e (0xa3d38713) addi    a4, t2, -1475
core   0: 3 0x8000784e (0xa3d38713) x14 0xfffffa4f
core   0: 0x80007852 (0x008d35b3) sltu    a1, s10, s0
core   0: 3 0x80007852 (0x008d35b3) x11 0x00000001
core   0: 0x80007856 (0x9bc0c593) xori    a1, ra, -1604
core   0: 3 0x80007856 (0x9bc0c593) x11 0xfd3ff9bc
core   0: 0x8000785a (0x76a8c997) auipc   s3, 0x76a8c
core   0: 3 0x8000785a (0x76a8c997) x19 0xf6a9385a
core   0: 0x8000785e (0x03ab0133) mul     sp, s6, s10
core   0: 3 0x8000785e (0x03ab0133) x2  0x00000000
core   0: 0x80007862 (0x02525b33) divu    s6, tp, t0
core   0: 3 0x80007862 (0x02525b33) x22 0x00000001
core   0: 0x80007866 (0x000060b5) c.lui   ra, 0xd
core   0: 3 0x80007866 (0x60b5) x1  0x0000d000
core   0: 0x80007868 (0x40cad713) srai    a4, s5, 12
core   0: 3 0x80007868 (0x40cad713) x14 0x00000000
core   0: 0x8000786c (0x410fd6b3) sra     a3, t6, a6
core   0: 3 0x8000786c (0x410fd6b3) x13 0xffffffff
core   0: 0x80007870 (0x00cbccb3) xor     s9, s7, a2
core   0: 3 0x80007870 (0x00cbccb3) x25 0x80025cf4
core   0: 0x80007874 (0x0000468d) c.li    a3, 3
core   0: 3 0x80007874 (0x468d) x13 0x00000003
core   0: 0x80007876 (0xf7606813) ori     a6, zero, -138
core   0: 3 0x80007876 (0xf7606813) x16 0xffffff76
core   0: 0x8000787a (0x009d1d33) sll     s10, s10, s1
core   0: 3 0x8000787a (0x009d1d33) x26 0x00000000
core   0: 0x8000787e (0x4015db13) srai    s6, a1, 1
core   0: 3 0x8000787e (0x4015db13) x22 0xfe9ffcde
core   0: 0x80007882 (0x01dc5113) srli    sp, s8, 29
core   0: 3 0x80007882 (0x01dc5113) x2  0x00000004
core   0: 0x80007886 (0x52cebd37) lui     s10, 0x52ceb
core   0: 3 0x80007886 (0x52cebd37) x26 0x52ceb000
core   0: 0x8000788a (0x00005efd) c.li    t4, -1
core   0: 3 0x8000788a (0x5efd) x29 0xffffffff
core   0: 0x8000788c (0x03c67a63) bgeu    a2, t3, pc + 52
core   0: 3 0x8000788c (0x03c67a63)
core   0: 0x800078c0 (0x03f30a33) mul     s4, t1, t6
core   0: 3 0x800078c0 (0x03f30a33) x20 0x00000000
core   0: 0x800078c4 (0x0302f3b3) remu    t2, t0, a6
core   0: 3 0x800078c4 (0x0302f3b3) x7  0x80015799
core   0: 0x800078c8 (0x0000cd89) c.beqz  a1, pc + 26
core   0: 3 0x800078c8 (0xcd89)
core   0: 0x800078ca (0x023e8e63) beq     t4, gp, pc + 60
core   0: 3 0x800078ca (0x023e8e63)
core   0: 0x800078ce (0x03f64333) div     t1, a2, t6
core   0: 3 0x800078ce (0x03f64333) x6  0xfffffd70
core   0: 0x800078d2 (0x0169f663) bgeu    s3, s6, pc + 12
core   0: 3 0x800078d2 (0x0169f663)
core   0: 0x800078d6 (0x02287c63) bgeu    a6, sp, pc + 56
core   0: 3 0x800078d6 (0x02287c63)
core   0: 0x8000790e (0x0385f233) remu    tp, a1, s8
core   0: 3 0x8000790e (0x0385f233) x4  0x7d3d5cd8
core   0: 0x80007912 (0x76458f13) addi    t5, a1, 1892
core   0: 3 0x80007912 (0x76458f13) x30 0xfd400120
core   0: 0x80007916 (0x0000c519) c.beqz  a0, pc + 14
core   0: 3 0x80007916 (0xc519)
core   0: 0x80007918 (0x0343a5b3) mulhsu  a1, t2, s4
core   0: 3 0x80007918 (0x0343a5b3) x11 0x00000000
core   0: 0x8000791c (0x000010fd) c.addi  ra, -1
core   0: 3 0x8000791c (0x10fd) x1  0x0000cfff
core   0: 0x8000791e (0x4102d2b3) sra     t0, t0, a6
core   0: 3 0x8000791e (0x4102d2b3) x5  0xfffffe00
core   0: 0x80007922 (0x0000436d) c.li    t1, 27
core   0: 3 0x80007922 (0x436d) x6  0x0000001b
core   0: 0x80007924 (0x0000ec99) c.bnez  s1, pc + 30
core   0: 3 0x80007924 (0xec99)
core   0: 0x80007942 (0x00000001) c.nop
core   0: 3 0x80007942 (0x0001)
core   0: 0x80007944 (0xb1498c97) auipc   s9, 0xb1498
core   0: 3 0x80007944 (0xb1498c97) x25 0x3149f944
core   0: 0x80007948 (0x54018a13) addi    s4, gp, 1344
core   0: 3 0x80007948 (0x54018a13) x20 0x0000053e
core   0: 0x8000794c (0x03010b33) mul     s6, sp, a6
core   0: 3 0x8000794c (0x03010b33) x22 0xfffffdd8
core   0: 0x80007950 (0x00a18833) add     a6, gp, a0
core   0: 3 0x80007950 (0x00a18833) x16 0x00000325
core   0: 0x80007954 (0x41300d33) sub     s10, zero, s3
core   0: 3 0x80007954 (0x41300d33) x26 0x0956c7a6
core   0: 0x80007958 (0xcad7cc93) xori    s9, a5, -851
core   0: 3 0x80007958 (0xcad7cc93) x25 0xfffffcad
core   0: 0x8000795c (0x018c1113) slli    sp, s8, 24
core   0: 3 0x8000795c (0x018c1113) x2  0xe4000000
core   0: 0x80007960 (0x00165ab3) srl     s5, a2, ra
core   0: 3 0x80007960 (0x00165ab3) x21 0x00000000
core   0: 0x80007964 (0x02d08cb3) mul     s9, ra, a3
core   0: 3 0x80007964 (0x02d08cb3) x25 0x00026ffd
core   0: 0x80007968 (0x00008519) c.srai  a0, 6
core   0: 3 0x80007968 (0x8519) x10 0x0000000c
core   0: 0x8000796a (0xc3823793) sltiu   a5, tp, -968
core   0: 3 0x8000796a (0xc3823793) x15 0x00000001
core   0: 0x8000796e (0x929d0993) addi    s3, s10, -1751
core   0: 3 0x8000796e (0x929d0993) x19 0x0956c0cf
core   0: 0x80007972 (0x00008099) c.srli  s1, 6
core   0: 3 0x80007972 (0x8099) x9  0x03ffffff
core   0: 0x80007974 (0x0000c885) c.beqz  s1, pc + 48
core   0: 3 0x80007974 (0xc885)
core   0: 0x80007976 (0x41ebd9b3) sra     s3, s7, t5
core   0: 3 0x80007976 (0x41ebd9b3) x19 0x80025e64
core   0: 0x8000797a (0x0219ad33) mulhsu  s10, s3, ra
core   0: 3 0x8000797a (0x0219ad33) x26 0xffff9802
core   0: 0x8000797e (0x038e4863) blt     t3, s8, pc + 48
core   0: 3 0x8000797e (0x038e4863)
core   0: 0x80007982 (0x000051fd) c.li    gp, -1
core   0: 3 0x80007982 (0x51fd) x3  0xffffffff
core   0: 0x80007984 (0x00000ec6) c.slli  t4, 17
core   0: 3 0x80007984 (0x0ec6) x29 0xfffe0000
core   0: 0x80007986 (0x4068d613) srai    a2, a7, 6
core   0: 3 0x80007986 (0x4068d613) x12 0xfe000a73
core   0: 0x8000798a (0x403b8433) sub     s0, s7, gp
core   0: 3 0x8000798a (0x403b8433) x8  0x80025e65
core   0: 0x8000798e (0x00009d66) c.add   s10, s9
core   0: 3 0x8000798e (0x9d66) x26 0x000207ff
core   0: 0x80007990 (0x017d5393) srli    t2, s10, 23
core   0: 3 0x80007990 (0x017d5393) x7  0x00000000
core   0: 0x80007994 (0x01e73d33) sltu    s10, a4, t5
core   0: 3 0x80007994 (0x01e73d33) x26 0x00000001
core   0: 0x80007998 (0x010cff33) and     t5, s9, a6
core   0: 3 0x80007998 (0x010cff33) x30 0x00000325
core   0: 0x8000799c (0x0370ea33) rem     s4, ra, s7
core   0: 3 0x8000799c (0x0370ea33) x20 0x0000cfff
core   0: 0x800079a0 (0x018d5463) bge     s10, s8, pc + 8
core   0: 3 0x800079a0 (0x018d5463)
core   0: 0x800079a8 (0x00008c55) c.or    s0, a3
core   0: 3 0x800079a8 (0x8c55) x8  0x80025e67
core   0: 0x800079aa (0x3458c593) xori    a1, a7, 837
core   0: 3 0x800079aa (0x3458c593) x11 0x80029fa1
core   0: 0x800079ae (0x03f809b3) mul     s3, a6, t6
core   0: 3 0x800079ae (0x03f809b3) x19 0xfffffcdb
core   0: 0x800079b2 (0x0061c1b3) xor     gp, gp, t1
core   0: 3 0x800079b2 (0x0061c1b3) x3  0xffffffe4
core   0: 0x800079b6 (0x006e0463) beq     t3, t1, pc + 8
core   0: 3 0x800079b6 (0x006e0463)
core   0: 0x800079ba (0x8fe9dd37) lui     s10, 0x8fe9d
core   0: 3 0x800079ba (0x8fe9dd37) x26 0x8fe9d000
core   0: 0x800079be (0x4168df13) srai    t5, a7, 22
core   0: 3 0x800079be (0x4168df13) x30 0xfffffe00
core   0: 0x800079c2 (0x000087b1) c.srai  a5, 12
core   0: 3 0x800079c2 (0x87b1) x15 0x00000000
core   0: 0x800079c4 (0x00c97963) bgeu    s2, a2, pc + 18
core   0: 3 0x800079c4 (0x00c97963)
core   0: 0x800079c8 (0x40bbdf33) sra     t5, s7, a1
core   0: 3 0x800079c8 (0x40bbdf33) x30 0xc0012f32
core   0: 0x800079cc (0x000005d6) c.slli  a1, 21
core   0: 3 0x800079cc (0x05d6) x11 0xf4200000
core   0: 0x800079ce (0x00298cb3) add     s9, s3, sp
core   0: 3 0x800079ce (0x00298cb3) x25 0xe3fffcdb
core   0: 0x800079d2 (0x02e77233) remu    tp, a4, a4
core   0: 3 0x800079d2 (0x02e77233) x4  0x00000000
core   0: 0x800079d6 (0x11114993) xori    s3, sp, 273
core   0: 3 0x800079d6 (0x11114993) x19 0xe4000111
core   0: 0x800079da (0x0000717d) c.addi16sp sp, -16
core   0: 3 0x800079da (0x717d) x2  0xe3fffff0
core   0: 0x800079dc (0x018e6a63) bltu    t3, s8, pc + 20
core   0: 3 0x800079dc (0x018e6a63)
core   0: 0x800079f0 (0x02803733) mulhu   a4, zero, s0
core   0: 3 0x800079f0 (0x02803733) x14 0x00000000
core   0: 0x800079f4 (0x00000001) c.nop
core   0: 3 0x800079f4 (0x0001)
core   0: 0x800079f6 (0x00008e6a) c.mv    t3, s10
core   0: 3 0x800079f6 (0x8e6a) x28 0x8fe9d000
core   0: 0x800079f8 (0x000062dd) c.lui   t0, 0x17
core   0: 3 0x800079f8 (0x62dd) x5  0x00017000
core   0: 0x800079fa (0x01605d63) bge     zero, s6, pc + 26
core   0: 3 0x800079fa (0x01605d63)
core   0: 0x80007a14 (0x00008f75) c.and   a4, a3
core   0: 3 0x80007a14 (0x8f75) x14 0x00000000
core   0: 0x80007a16 (0x00ca4a33) xor     s4, s4, a2
core   0: 3 0x80007a16 (0x00ca4a33) x20 0xfe00c58c
core   0: 0x80007a1a (0x7007e113) ori     sp, a5, 1792
core   0: 3 0x80007a1a (0x7007e113) x2  0x00000700
core   0: 0x80007a1e (0x41c95c13) srai    s8, s2, 28
core   0: 3 0x80007a1e (0x41c95c13) x24 0xfffffff8
core   0: 0x80007a22 (0x00008d89) c.sub   a1, a0
core   0: 3 0x80007a22 (0x8d89) x11 0xf41ffff4
core   0: 0x80007a24 (0x00000ce6) c.slli  s9, 25
core   0: 3 0x80007a24 (0x0ce6) x25 0xb6000000
core   0: 0x80007a26 (0x00008e61) c.and   a2, s0
core   0: 3 0x80007a26 (0x8e61) x12 0x80000a63
core   0: 0x80007a28 (0x00008e39) c.xor   a2, a4
core   0: 3 0x80007a28 (0x8e39) x12 0x80000a63
core   0: 0x80007a2a (0x00000001) c.nop
core   0: 3 0x80007a2a (0x0001)
core   0: 0x80007a2c (0x024bdeb3) divu    t4, s7, tp
core   0: 3 0x80007a2c (0x024bdeb3) x29 0xffffffff
core   0: 0x80007a30 (0x032d20b3) mulhsu  ra, s10, s2
core   0: 3 0x80007a30 (0x032d20b3) x1  0xc27486c4
core   0: 0x80007a34 (0x000099b2) c.add   s3, a2
core   0: 3 0x80007a34 (0x99b2) x19 0x64000b74
core   0: 0x80007a36 (0x036e6833) rem     a6, t3, s6
core   0: 3 0x80007a36 (0x036e6833) x16 0xfffffff8
core   0: 0x80007a3a (0x17438a37) lui     s4, 0x17438
core   0: 3 0x80007a3a (0x17438a37) x20 0x17438000
core   0: 0x80007a3e (0xb8ea0f93) addi    t6, s4, -1138
core   0: 3 0x80007a3e (0xb8ea0f93) x31 0x17437b8e
core   0: 0x80007a42 (0x00008d5a) c.mv    s10, s6
core   0: 3 0x80007a42 (0x8d5a) x26 0xfffffdd8
core   0: 0x80007a44 (0x00776eb3) or      t4, a4, t2
core   0: 3 0x80007a44 (0x00776eb3) x29 0x00000000
core   0: 0x80007a48 (0x0051a4b3) slt     s1, gp, t0
core   0: 3 0x80007a48 (0x0051a4b3) x9  0x00000001
core   0: 0x80007a4c (0x02a6b133) mulhu   sp, a3, a0
core   0: 3 0x80007a4c (0x02a6b133) x2  0x00000000
core   0: 0x80007a50 (0x0000016d) c.addi  sp, 27
core   0: 3 0x80007a50 (0x016d) x2  0x0000001b
core   0: 0x80007a52 (0x00001388) c.addi4spn a0, sp, 480
core   0: 3 0x80007a52 (0x1388) x10 0x000001fb
core   0: 0x80007a54 (0x028173b3) remu    t2, sp, s0
core   0: 3 0x80007a54 (0x028173b3) x7  0x0000001b
core   0: 0x80007a58 (0x0105b6b3) sltu    a3, a1, a6
core   0: 3 0x80007a58 (0x0105b6b3) x13 0x00000001
core   0: 0x80007a5c (0x011da9b3) slt     s3, s11, a7
core   0: 3 0x80007a5c (0x011da9b3) x19 0x00000000
core   0: 0x80007a60 (0x00c6f0b3) and     ra, a3, a2
core   0: 3 0x80007a60 (0x00c6f0b3) x1  0x00000001
core   0: 0x80007a64 (0x410e5613) srai    a2, t3, 16
core   0: 3 0x80007a64 (0x410e5613) x12 0xffff8fe9
core   0: 0x80007a68 (0x1d744a93) xori    s5, s0, 471
core   0: 3 0x80007a68 (0x1d744a93) x21 0x80025fb0
core   0: 0x80007a6c (0x93ff7b13) andi    s6, t5, -1729
core   0: 3 0x80007a6c (0x93ff7b13) x22 0xc0012932
core   0: 0x80007a70 (0x0bd20263) beq     tp, t4, pc + 164
core   0: 3 0x80007a70 (0x0bd20263)
core   0: 0x80007b14 (0x01f7c563) blt     a5, t6, pc + 10
core   0: 3 0x80007b14 (0x01f7c563)
core   0: 0x80007b1e (0x007f81b3) add     gp, t6, t2
core   0: 3 0x80007b1e (0x007f81b3) x3  0x17437ba9
core   0: 0x80007b22 (0x00008415) c.srai  s0, 5
core   0: 3 0x80007b22 (0x8415) x8  0xfc0012f3
core   0: 0x80007b24 (0x0000e49d) c.bnez  s1, pc + 46
core   0: 3 0x80007b24 (0xe49d)
core   0: 0x80007b52 (0x0000e405) c.bnez  s0, pc + 40
core   0: 3 0x80007b52 (0xe405)
core   0: 0x80007b7a (0x00004989) c.li    s3, 2
core   0: 3 0x80007b7a (0x4989) x19 0x00000002
core   0: 0x80007b7c (0x01dbc333) xor     t1, s7, t4
core   0: 3 0x80007b7c (0x01dbc333) x6  0x80025e64
core   0: 0x80007b80 (0x019b9713) slli    a4, s7, 25
core   0: 3 0x80007b80 (0x019b9713) x14 0xc8000000
core   0: 0x80007b84 (0x25232993) slti    s3, t1, 594
core   0: 3 0x80007b84 (0x25232993) x19 0x00000001
core   0: 0x80007b88 (0x011c9533) sll     a0, s9, a7
core   0: 3 0x80007b88 (0x011c9533) x10 0x60000000
core   0: 0x80007b8c (0x000080c5) c.srli  s1, 17
core   0: 3 0x80007b8c (0x80c5) x9  0x00000000
core   0: 0x80007b8e (0x007a4533) xor     a0, s4, t2
core   0: 3 0x80007b8e (0x007a4533) x10 0x1743801b
core   0: 0x80007b92 (0x13937493) andi    s1, t1, 313
core   0: 3 0x80007b92 (0x13937493) x9  0x00000020
core   0: 0x80007b96 (0x007c7d33) and     s10, s8, t2
core   0: 3 0x80007b96 (0x007c7d33) x26 0x00000018
core   0: 0x80007b9a (0x00000001) c.nop
core   0: 3 0x80007b9a (0x0001)
core   0: 0x80007b9c (0x00eba333) slt     t1, s7, a4
core   0: 3 0x80007b9c (0x00eba333) x6  0x00000001
core   0: 0x80007ba0 (0x00008065) c.srli  s0, 25
core   0: 3 0x80007ba0 (0x8065) x8  0x0000007e
core   0: 0x80007ba2 (0xbfb626b7) lui     a3, 0xbfb62
core   0: 3 0x80007ba2 (0xbfb626b7) x13 0xbfb62000
core   0: 0x80007ba6 (0x416583b3) sub     t2, a1, s6
core   0: 3 0x80007ba6 (0x416583b3) x7  0x341ed6c2
core   0: 0x80007baa (0x0080a5b3) slt     a1, ra, s0
core   0: 3 0x80007baa (0x0080a5b3) x11 0x00000001
core   0: 0x80007bae (0x00000d8e) c.slli  s11, 3
core   0: 3 0x80007bae (0x0d8e) x27 0x00080000
core   0: 0x80007bb0 (0x45d21817) auipc   a6, 0x45d21
core   0: 3 0x80007bb0 (0x45d21817) x16 0xc5d28bb0
core   0: 0x80007bb4 (0x00526033) or      zero, tp, t0
core   0: 3 0x80007bb4 (0x00526033)
core   0: 0x80007bb8 (0x033c9333) mulh    t1, s9, s3
core   0: 3 0x80007bb8 (0x033c9333) x6  0xffffffff
core   0: 0x80007bbc (0x410259b3) sra     s3, tp, a6
core   0: 3 0x80007bbc (0x410259b3) x19 0x00000000
core   0: 0x80007bc0 (0x40748833) sub     a6, s1, t2
core   0: 3 0x80007bc0 (0x40748833) x16 0xcbe1295e
core   0: 0x80007bc4 (0x01209593) slli    a1, ra, 18
core   0: 3 0x80007bc4 (0x01209593) x11 0x00040000
core   0: 0x80007bc8 (0x049f6063) bltu    t5, s1, pc + 64
core   0: 3 0x80007bc8 (0x049f6063)
core   0: 0x80007bcc (0x030709b3) mul     s3, a4, a6
core   0: 3 0x80007bcc (0x030709b3) x19 0x70000000
core   0: 0x80007bd0 (0x01aa1293) slli    t0, s4, 26
core   0: 3 0x80007bd0 (0x01aa1293) x5  0x00000000
core   0: 0x80007bd4 (0x0149ee63) bltu    s3, s4, pc + 28
core   0: 3 0x80007bd4 (0x0149ee63)
core   0: 0x80007bd8 (0x4021dfb3) sra     t6, gp, sp
core   0: 3 0x80007bd8 (0x4021dfb3) x31 0x00000002
core   0: 0x80007bdc (0x00006d2d) c.lui   s10, 0xb
core   0: 3 0x80007bdc (0x6d2d) x26 0x0000b000
core   0: 0x80007bde (0x000005a2) c.slli  a1, 8
core   0: 3 0x80007bde (0x05a2) x11 0x04000000
core   0: 0x80007be0 (0x00349563) bne     s1, gp, pc + 10
core   0: 3 0x80007be0 (0x00349563)
core   0: 0x80007bea (0x037e1b33) mulh    s6, t3, s7
core   0: 3 0x80007bea (0x037e1b33) x22 0x380a0e7f
core   0: 0x80007bee (0x0000617d) c.addi16sp sp, 496
core   0: 3 0x80007bee (0x617d) x2  0x0000020b
core   0: 0x80007bf0 (0x00004f19) c.li    t5, 6
core   0: 3 0x80007bf0 (0x4f19) x30 0x00000006
core   0: 0x80007bf2 (0x031593b3) mulh    t2, a1, a7
core   0: 3 0x80007bf2 (0x031593b3) x7  0xfe000a73
core   0: 0x80007bf6 (0x02abfcb3) remu    s9, s7, a0
core   0: 3 0x80007bf6 (0x02abfcb3) x25 0x0bb0dddd
core   0: 0x80007bfa (0x00008459) c.srai  s0, 22
core   0: 3 0x80007bfa (0x8459) x8  0x00000000
core   0: 0x80007bfc (0x023eaa33) mulhsu  s4, t4, gp
core   0: 3 0x80007bfc (0x023eaa33) x20 0x00000000
core   0: 0x80007c00 (0x01ded013) srli    zero, t4, 29
core   0: 3 0x80007c00 (0x01ded013)
core   0: 0x80007c04 (0x017ef833) and     a6, t4, s7
core   0: 3 0x80007c04 (0x017ef833) x16 0x00000000
core   0: 0x80007c08 (0x00005dfd) c.li    s11, -1
core   0: 3 0x80007c08 (0x5dfd) x27 0xffffffff
core   0: 0x80007c0a (0x00000141) c.addi  sp, 16
core   0: 3 0x80007c0a (0x0141) x2  0x0000021b
core   0: 0x80007c0c (0x0000717d) c.addi16sp sp, -16
core   0: 3 0x80007c0c (0x717d) x2  0x0000020b
core   0: 0x80007c0e (0xa898a317) auipc   t1, 0xa898a
core   0: 3 0x80007c0e (0xa898a317) x6  0x28991c0e
core   0: 0x80007c12 (0x0017eb33) or      s6, a5, ra
core   0: 3 0x80007c12 (0x0017eb33) x22 0x00000001
core   0: 0x80007c16 (0x0000c389) c.beqz  a5, pc + 2
core   0: 3 0x80007c16 (0xc389)
core   0: 0x80007c18 (0x00008ca9) c.xor   s1, a0
core   0: 3 0x80007c18 (0x8ca9) x9  0x1743803b
core   0: 0x80007c1a (0x03e39233) mulh    tp, t2, t5
core   0: 3 0x80007c1a (0x03e39233) x4  0xffffffff
core   0: 0x80007c1e (0xd68fa113) slti    sp, t6, -664
core   0: 3 0x80007c1e (0xd68fa113) x2  0x00000000
core   0: 0x80007c22 (0x000082d9) c.srli  a3, 22
core   0: 3 0x80007c22 (0x82d9) x13 0x000002fe
core   0: 0x80007c24 (0x0035d613) srli    a2, a1, 3
core   0: 3 0x80007c24 (0x0035d613) x12 0x00800000
core   0: 0x80007c28 (0x0000cba5) c.beqz  a5, pc + 112
core   0: 3 0x80007c28 (0xcba5)
core   0: 0x80007c98 (0x015c64b3) or      s1, s8, s5
core   0: 3 0x80007c98 (0x015c64b3) x9  0xfffffff8
core   0: 0x80007c9c (0x00000285) c.addi  t0, 1
core   0: 3 0x80007c9c (0x0285) x5  0x00000001
core   0: 0x80007c9e (0x03709cb3) mulh    s9, ra, s7
core   0: 3 0x80007c9e (0x03709cb3) x25 0xffffffff
core   0: 0x80007ca2 (0x02198eb3) mul     t4, s3, ra
core   0: 3 0x80007ca2 (0x02198eb3) x29 0x70000000
core   0: 0x80007ca6 (0x00a8e563) bltu    a7, a0, pc + 10
core   0: 3 0x80007ca6 (0x00a8e563)
core   0: 0x80007caa (0x0262f533) remu    a0, t0, t1
core   0: 3 0x80007caa (0x0262f533) x10 0x00000001
core   0: 0x80007cae (0x00004519) c.li    a0, 6
core   0: 3 0x80007cae (0x4519) x10 0x00000006
core   0: 0x80007cb0 (0x00b9d433) srl     s0, s3, a1
core   0: 3 0x80007cb0 (0x00b9d433) x8  0x70000000
core   0: 0x80007cb4 (0x000cc6b3) xor     a3, s9, zero
core   0: 3 0x80007cb4 (0x000cc6b3) x13 0xffffffff
core   0: 0x80007cb8 (0x0245e863) bltu    a1, tp, pc + 48
core   0: 3 0x80007cb8 (0x0245e863)
core   0: 0x80007ce8 (0x00008cb5) c.xor   s1, a3
core   0: 3 0x80007ce8 (0x8cb5) x9  0x00000007
core   0: 0x80007cea (0x020d7333) remu    t1, s10, zero
core   0: 3 0x80007cea (0x020d7333) x6  0x0000b000
core   0: 0x80007cee (0x015da5b3) slt     a1, s11, s5
core   0: 3 0x80007cee (0x015da5b3) x11 0x00000000
core   0: 0x80007cf2 (0x000080ce) c.mv    ra, s3
core   0: 3 0x80007cf2 (0x80ce) x1  0x70000000
core   0: 0x80007cf4 (0x00006165) c.addi16sp sp, 112
core   0: 3 0x80007cf4 (0x6165) x2  0x00000070
core   0: 0x80007cf6 (0x76486e13) ori     t3, a6, 1892
core   0: 3 0x80007cf6 (0x76486e13) x28 0x00000764
core   0: 0x80007cfa (0x00009476) c.add   s0, t4
core   0: 3 0x80007cfa (0x9476) x8  0xe0000000
core   0: 0x80007cfc (0x000097c6) c.add   a5, a7
core   0: 3 0x80007cfc (0x97c6) x15 0x80029ce4
core   0: 0x80007cfe (0x027e7b33) remu    s6, t3, t2
core   0: 3 0x80007cfe (0x027e7b33) x22 0x00000764
core   0: 0x80007d02 (0x00790cb3) add     s9, s2, t2
core   0: 3 0x80007d02 (0x00790cb3) x25 0x8a90b49c
core   0: 0x80007d06 (0x01196eb3) or      t4, s2, a7
core   0: 3 0x80007d06 (0x01196eb3) x29 0x8c92beed
core   0: 0x80007d0a (0x0158ea63) bltu    a7, s5, pc + 20
core   0: 3 0x80007d0a (0x0158ea63)
core   0: 0x80007d0e (0x01624ab3) xor     s5, tp, s6
core   0: 3 0x80007d0e (0x01624ab3) x21 0xfffff89b
core   0: 0x80007d12 (0x0289deb3) divu    t4, s3, s0
core   0: 3 0x80007d12 (0x0289deb3) x29 0x00000000
core   0: 0x80007d16 (0x3c272b37) lui     s6, 0x3c272
core   0: 3 0x80007d16 (0x3c272b37) x22 0x3c272000
core   0: 0x80007d1a (0x44d94713) xori    a4, s2, 1101
core   0: 3 0x80007d1a (0x44d94713) x14 0x8c90ae64
core   0: 0x80007d1e (0x1e723793) sltiu   a5, tp, 487
core   0: 3 0x80007d1e (0x1e723793) x15 0x00000000
core   0: 0x80007d22 (0x0138f433) and     s0, a7, s3
core   0: 3 0x80007d22 (0x0138f433) x8  0x00000000
core   0: 0x80007d26 (0xbf24e613) ori     a2, s1, -1038
core   0: 3 0x80007d26 (0xbf24e613) x12 0xfffffbf7
core   0: 0x80007d2a (0x00008c4d) c.or    s0, a1
core   0: 3 0x80007d2a (0x8c4d) x8  0x00000000
core   0: 0x80007d2c (0x01d17133) and     sp, sp, t4
core   0: 3 0x80007d2c (0x01d17133) x2  0x00000000
core   0: 0x80007d30 (0x408a8cb3) sub     s9, s5, s0
core   0: 3 0x80007d30 (0x408a8cb3) x25 0xfffff89b
core   0: 0x80007d34 (0x00008e71) c.and   a2, a2
core   0: 3 0x80007d34 (0x8e71) x12 0xfffffbf7
core   0: 0x80007d36 (0xdbf54f93) xori    t6, a0, -577
core   0: 3 0x80007d36 (0xdbf54f93) x31 0xfffffdb9
core   0: 0x80007d3a (0x00add5b3) srl     a1, s11, a0
core   0: 3 0x80007d3a (0x00add5b3) x11 0x03ffffff
core   0: 0x80007d3e (0xb35b8d93) addi    s11, s7, -1227
core   0: 3 0x80007d3e (0xb35b8d93) x27 0x80025999
core   0: 0x80007d42 (0x00008f69) c.and   a4, a0
core   0: 3 0x80007d42 (0x8f69) x14 0x00000004
core   0: 0x80007d44 (0x0cf78c63) beq     a5, a5, pc + 216
core   0: 3 0x80007d44 (0x0cf78c63)
core   0: 0x80007e1c (0x020b5763) bgez    s6, pc + 46
core   0: 3 0x80007e1c (0x020b5763)
core   0: 0x80007e4a (0x69fbdb17) auipc   s6, 0x69fbd
core   0: 3 0x80007e4a (0x69fbdb17) x22 0xe9fc4e4a
core   0: 0x80007e4e (0x00006fcd) c.lui   t6, 0x13
core   0: 3 0x80007e4e (0x6fcd) x31 0x00013000
core   0: 0x80007e50 (0x00008efa) c.mv    t4, t5
core   0: 3 0x80007e50 (0x8efa) x29 0x00000006
core   0: 0x80007e52 (0x404803b3) sub     t2, a6, tp
core   0: 3 0x80007e52 (0x404803b3) x7  0x00000001
core   0: 0x80007e56 (0x416f5b33) sra     s6, t5, s6
core   0: 3 0x80007e56 (0x416f5b33) x22 0x00000000
core   0: 0x80007e5a (0x027f4163) blt     t5, t2, pc + 34
core   0: 3 0x80007e5a (0x027f4163)
core   0: 0x80007e5e (0x0000cc81) c.beqz  s1, pc + 24
core   0: 3 0x80007e5e (0xcc81)
core   0: 0x80007e60 (0x40bfd293) srai    t0, t6, 11
core   0: 3 0x80007e60 (0x40bfd293) x5  0x00000026
core   0: 0x80007e64 (0x029d4433) div     s0, s10, s1
core   0: 3 0x80007e64 (0x029d4433) x8  0x00001924
core   0: 0x80007e68 (0x41435333) sra     t1, t1, s4
core   0: 3 0x80007e68 (0x41435333) x6  0x0000b000
core   0: 0x80007e6c (0x00008569) c.srai  a0, 26
core   0: 3 0x80007e6c (0x8569) x10 0x00000000
core   0: 0x80007e6e (0x020ffc63) bgeu    t6, zero, pc + 56
core   0: 3 0x80007e6e (0x020ffc63)
core   0: 0x80007ea6 (0x00000001) c.nop
core   0: 3 0x80007ea6 (0x0001)
core   0: 0x80007ea8 (0x01aaf5b3) and     a1, s5, s10
core   0: 3 0x80007ea8 (0x01aaf5b3) x11 0x0000b000
core   0: 0x80007eac (0x00008479) c.srai  s0, 30
core   0: 3 0x80007eac (0x8479) x8  0x00000000
core   0: 0x80007eae (0x03ea9063) bne     s5, t5, pc + 32
core   0: 3 0x80007eae (0x03ea9063)
core   0: 0x80007ece (0x4038df33) sra     t5, a7, gp
core   0: 3 0x80007ece (0x4038df33) x30 0xffc0014e
core   0: 0x80007ed2 (0x01db17b3) sll     a5, s6, t4
core   0: 3 0x80007ed2 (0x01db17b3) x15 0x00000000
core   0: 0x80007ed6 (0x4a3b3e37) lui     t3, 0x4a3b3
core   0: 3 0x80007ed6 (0x4a3b3e37) x28 0x4a3b3000
core   0: 0x80007eda (0x00000001) c.nop
core   0: 3 0x80007eda (0x0001)
core   0: 0x80007edc (0x791fc413) xori    s0, t6, 1937
core   0: 3 0x80007edc (0x791fc413) x8  0x00013791
core   0: 0x80007ee0 (0x25a0b613) sltiu   a2, ra, 602
core   0: 3 0x80007ee0 (0x25a0b613) x12 0x00000000
core   0: 0x80007ee4 (0x000086f9) c.srai  a3, 30
core   0: 3 0x80007ee4 (0x86f9) x13 0xffffffff
core   0: 0x80007ee6 (0x17c72f13) slti    t5, a4, 380
core   0: 3 0x80007ee6 (0x17c72f13) x30 0x00000001
core   0: 0x80007eea (0x00009ec2) c.add   t4, a6
core   0: 3 0x80007eea (0x9ec2) x29 0x00000006
core   0: 0x80007eec (0x02da9eb3) mulh    t4, s5, a3
core   0: 3 0x80007eec (0x02da9eb3) x29 0x00000000
core   0: 0x80007ef0 (0x0000717d) c.addi16sp sp, -16
core   0: 3 0x80007ef0 (0x717d) x2  0xfffffff0
core   0: 0x80007ef2 (0x012069b3) or      s3, zero, s2
core   0: 3 0x80007ef2 (0x012069b3) x19 0x8c90aa29
core   0: 0x80007ef6 (0x00008fe9) c.and   a5, a0
core   0: 3 0x80007ef6 (0x8fe9) x15 0x00000000
core   0: 0x80007ef8 (0x00008d75) c.and   a0, a3
core   0: 3 0x80007ef8 (0x8d75) x10 0x00000000
core   0: 0x80007efa (0x00a542b3) xor     t0, a0, a0
core   0: 3 0x80007efa (0x00a542b3) x5  0x00000000
core   0: 0x80007efe (0x40e5d1b3) sra     gp, a1, a4
core   0: 3 0x80007efe (0x40e5d1b3) x3  0x00000b00
core   0: 0x80007f02 (0x00008c89) c.sub   s1, a0
core   0: 3 0x80007f02 (0x8c89) x9  0x00000007
core   0: 0x80007f04 (0x0000c795) c.beqz  a5, pc + 44
core   0: 3 0x80007f04 (0xc795)
core   0: 0x80007f30 (0x41e2df93) srai    t6, t0, 30
core   0: 3 0x80007f30 (0x41e2df93) x31 0x00000000
core   0: 0x80007f34 (0x01b75733) srl     a4, a4, s11
core   0: 3 0x80007f34 (0x01b75733) x14 0x00000000
core   0: 0x80007f38 (0x00008f75) c.and   a4, a3
core   0: 3 0x80007f38 (0x8f75) x14 0x00000000
core   0: 0x80007f3a (0x41b40ab3) sub     s5, s0, s11
core   0: 3 0x80007f3a (0x41b40ab3) x21 0x7ffeddf8
core   0: 0x80007f3e (0x00000001) c.nop
core   0: 3 0x80007f3e (0x0001)
core   0: 0x80007f40 (0x000086e9) c.srai  a3, 26
core   0: 3 0x80007f40 (0x86e9) x13 0xffffffff
core   0: 0x80007f42 (0x307df517) auipc   a0, 0x307df
core   0: 3 0x80007f42 (0x307df517) x10 0xb07e6f42
core   0: 0x80007f46 (0x027dad33) mulhsu  s10, s11, t2
core   0: 3 0x80007f46 (0x027dad33) x26 0xffffffff
core   0: 0x80007f4a (0x01f3c4b3) xor     s1, t2, t6
core   0: 3 0x80007f4a (0x01f3c4b3) x9  0x00000001
core   0: 0x80007f4e (0xfd046b13) ori     s6, s0, -48
core   0: 3 0x80007f4e (0xfd046b13) x22 0xffffffd1
core   0: 0x80007f52 (0x05b27163) bgeu    tp, s11, pc + 66
core   0: 3 0x80007f52 (0x05b27163)
core   0: 0x80007f94 (0x01cd8863) beq     s11, t3, pc + 16
core   0: 3 0x80007f94 (0x01cd8863)
core   0: 0x80007f98 (0x026b6fb3) rem     t6, s6, t1
core   0: 3 0x80007f98 (0x026b6fb3) x31 0xffffffd1
core   0: 0x80007f9c (0x01cedf93) srli    t6, t4, 28
core   0: 3 0x80007f9c (0x01cedf93) x31 0x00000000
core   0: 0x80007fa0 (0x00770563) beq     a4, t2, pc + 10
core   0: 3 0x80007fa0 (0x00770563)
core   0: 0x80007fa4 (0x3e43ec13) ori     s8, t2, 996
core   0: 3 0x80007fa4 (0x3e43ec13) x24 0x000003e5
core   0: 0x80007fa8 (0x00000c15) c.addi  s8, 5
core   0: 3 0x80007fa8 (0x0c15) x24 0x000003ea
core   0: 0x80007faa (0xf529a013) slti    zero, s3, -174
core   0: 3 0x80007faa (0xf529a013)
core   0: 0x80007fae (0x0dbf3713) sltiu   a4, t5, 219
core   0: 3 0x80007fae (0x0dbf3713) x14 0x00000001
core   0: 0x80007fb2 (0x01917233) and     tp, sp, s9
core   0: 3 0x80007fb2 (0x01917233) x4  0xfffff890
core   0: 0x80007fb6 (0x00008ec1) c.or    a3, s0
core   0: 3 0x80007fb6 (0x8ec1) x13 0xffffffff
core   0: 0x80007fb8 (0x00008c29) c.xor   s0, a0
core   0: 3 0x80007fb8 (0x8c29) x8  0xb07f58d3
core   0: 0x80007fba (0x0000717d) c.addi16sp sp, -16
core   0: 3 0x80007fba (0x717d) x2  0xffffffe0
core   0: 0x80007fbc (0x00603693) sltiu   a3, zero, 6
core   0: 3 0x80007fbc (0x00603693) x13 0x00000001
core   0: 0x80007fc0 (0x01ffd533) srl     a0, t6, t6
core   0: 3 0x80007fc0 (0x01ffd533) x10 0x00000000
core   0: 0x80007fc4 (0x03da5563) bge     s4, t4, pc + 42
core   0: 3 0x80007fc4 (0x03da5563)
core   0: 0x80007fee (0x69f88cb7) lui     s9, 0x69f88
core   0: 3 0x80007fee (0x69f88cb7) x25 0x69f88000
core   0: 0x80007ff2 (0x00fd0e63) beq     s10, a5, pc + 28
core   0: 3 0x80007ff2 (0x00fd0e63)
core   0: 0x80007ff6 (0x000097b6) c.add   a5, a3
core   0: 3 0x80007ff6 (0x97b6) x15 0x00000001
core   0: 0x80007ff8 (0x01955593) srli    a1, a0, 25
core   0: 3 0x80007ff8 (0x01955593) x11 0x00000000
core   0: 0x80007ffc (0x01dab5b3) sltu    a1, s5, t4
core   0: 3 0x80007ffc (0x01dab5b3) x11 0x00000000
core   0: 0x80008000 (0x478ee837) lui     a6, 0x478ee
core   0: 3 0x80008000 (0x478ee837) x16 0x478ee000
core   0: 0x80008004 (0x0000c781) c.beqz  a5, pc + 8
core   0: 3 0x80008004 (0xc781)
core   0: 0x80008006 (0x00001dfd) c.addi  s11, -1
core   0: 3 0x80008006 (0x1dfd) x27 0x80025998
core   0: 0x80008008 (0xaea2e993) ori     s3, t0, -1302
core   0: 3 0x80008008 (0xaea2e993) x19 0xfffffaea
core   0: 0x8000800c (0x00000cd6) c.slli  s9, 21
core   0: 3 0x8000800c (0x0cd6) x25 0x00000000
core   0: 0x8000800e (0x001e0563) beq     t3, ra, pc + 10
core   0: 3 0x8000800e (0x001e0563)
core   0: 0x80008012 (0x00008685) c.srai  a3, 1
core   0: 3 0x80008012 (0x8685) x13 0x00000000
core   0: 0x80008014 (0x979e3193) sltiu   gp, t3, -1671
core   0: 3 0x80008014 (0x979e3193) x3  0x00000001
core   0: 0x80008018 (0x49622593) slti    a1, tp, 1174
core   0: 3 0x80008018 (0x49622593) x11 0x00000001
core   0: 0x8000801c (0x00008f6d) c.and   a4, a1
core   0: 3 0x8000801c (0x8f6d) x14 0x00000001
core   0: 0x8000801e (0x000098fd) c.andi  s1, -1
core   0: 3 0x8000801e (0x98fd) x9  0x00000001
core   0: 0x80008020 (0x00008e15) c.sub   a2, a3
core   0: 3 0x80008020 (0x8e15) x12 0x00000000
core   0: 0x80008022 (0x01cc1a93) slli    s5, s8, 28
core   0: 3 0x80008022 (0x01cc1a93) x21 0xa0000000
core   0: 0x80008026 (0x01f75763) bge     a4, t6, pc + 14
core   0: 3 0x80008026 (0x01f75763)
core   0: 0x80008034 (0x03652cb3) mulhsu  s9, a0, s6
core   0: 3 0x80008034 (0x03652cb3) x25 0x00000000
core   0: 0x80008038 (0x00008c7d) c.and   s0, a5
core   0: 3 0x80008038 (0x8c7d) x8  0x00000001
core   0: 0x8000803a (0x00001afd) c.addi  s5, -1
core   0: 3 0x8000803a (0x1afd) x21 0x9fffffff
core   0: 0x8000803c (0x01367e33) and     t3, a2, s3
core   0: 3 0x8000803c (0x01367e33) x28 0x00000000
core   0: 0x80008040 (0x02a6cfb3) div     t6, a3, a0
core   0: 3 0x80008040 (0x02a6cfb3) x31 0xffffffff
core   0: 0x80008044 (0x019ed213) srli    tp, t4, 25
core   0: 3 0x80008044 (0x019ed213) x4  0x00000000
core   0: 0x80008048 (0x032387b3) mul     a5, t2, s2
core   0: 3 0x80008048 (0x032387b3) x15 0x8c90aa29
core   0: 0x8000804c (0x03ccf9b3) remu    s3, s9, t3
core   0: 3 0x8000804c (0x03ccf9b3) x19 0x00000000
core   0: 0x80008050 (0x00000f5e) c.slli  t5, 23
core   0: 3 0x80008050 (0x0f5e) x30 0x00800000
core   0: 0x80008052 (0x7e206c93) ori     s9, zero, 2018
core   0: 3 0x80008052 (0x7e206c93) x25 0x000007e2
core   0: 0x80008056 (0x000005ce) c.slli  a1, 19
core   0: 3 0x80008056 (0x05ce) x11 0x00080000
core   0: 0x80008058 (0x41ff89b3) sub     s3, t6, t6
core   0: 3 0x80008058 (0x41ff89b3) x19 0x00000000
core   0: 0x8000805c (0xf8bc2613) slti    a2, s8, -117
core   0: 3 0x8000805c (0xf8bc2613) x12 0x00000000
core   0: 0x80008060 (0x00006545) c.lui   a0, 0x11
core   0: 3 0x80008060 (0x6545) x10 0x00011000
core   0: 0x80008062 (0x017be033) or      zero, s7, s7
core   0: 3 0x80008062 (0x017be033)
core   0: 0x80008066 (0x03c19033) mulh    zero, gp, t3
core   0: 3 0x80008066 (0x03c19033)
core   0: 0x8000806a (0x000081fe) c.mv    gp, t6
core   0: 3 0x8000806a (0x81fe) x3  0xffffffff
core   0: 0x8000806c (0x01ef6833) or      a6, t5, t5
core   0: 3 0x8000806c (0x01ef6833) x16 0x00800000
core   0: 0x80008070 (0x0038d763) bge     a7, gp, pc + 14
core   0: 3 0x80008070 (0x0038d763)
core   0: 0x80008074 (0x01466b33) or      s6, a2, s4
core   0: 3 0x80008074 (0x01466b33) x22 0x00000000
core   0: 0x80008078 (0x36d58193) addi    gp, a1, 877
core   0: 3 0x80008078 (0x36d58193) x3  0x0008036d
core   0: 0x8000807c (0x00008fb9) c.xor   a5, a4
core   0: 3 0x8000807c (0x8fb9) x15 0x8c90aa28
core   0: 0x8000807e (0x036c0e33) mul     t3, s8, s6
core   0: 3 0x8000807e (0x036c0e33) x28 0x00000000
core   0: 0x80008082 (0x01564d63) blt     a2, s5, pc + 26
core   0: 3 0x80008082 (0x01564d63)
core   0: 0x80008086 (0x00008ed9) c.or    a3, a4
core   0: 3 0x80008086 (0x8ed9) x13 0x00000001
core   0: 0x80008088 (0x03697563) bgeu    s2, s6, pc + 42
core   0: 3 0x80008088 (0x03697563)
core   0: 0x800080b2 (0x000016fd) c.addi  a3, -1
core   0: 3 0x800080b2 (0x16fd) x13 0x00000000
core   0: 0x800080b4 (0x024f3433) mulhu   s0, t5, tp
core   0: 3 0x800080b4 (0x024f3433) x8  0x00000000
core   0: 0x800080b8 (0x00f69633) sll     a2, a3, a5
core   0: 3 0x800080b8 (0x00f69633) x12 0x00000000
core   0: 0x800080bc (0x051ee263) bltu    t4, a7, pc + 68
core   0: 3 0x800080bc (0x051ee263)
core   0: 0x80008100 (0x03456f63) bltu    a0, s4, pc + 62
core   0: 3 0x80008100 (0x03456f63)
core   0: 0x80008104 (0x02f03ab3) mulhu   s5, zero, a5
core   0: 3 0x80008104 (0x02f03ab3) x21 0x00000000
core   0: 0x80008108 (0x000086e6) c.mv    a3, s9
core   0: 3 0x80008108 (0x86e6) x13 0x000007e2
core   0: 0x8000810a (0x00006ab9) c.lui   s5, 0xe
core   0: 3 0x8000810a (0x6ab9) x21 0x0000e000
core   0: 0x8000810c (0x02ef6833) rem     a6, t5, a4
core   0: 3 0x8000810c (0x02ef6833) x16 0x00000000
core   0: 0x80008110 (0x029fa333) mulhsu  t1, t6, s1
core   0: 3 0x80008110 (0x029fa333) x6  0xffffffff
core   0: 0x80008114 (0x00009a92) c.add   s5, tp
core   0: 3 0x80008114 (0x9a92) x21 0x0000e000
core   0: 0x80008116 (0x00008325) c.srli  a4, 9
core   0: 3 0x80008116 (0x8325) x14 0x00000000
core   0: 0x80008118 (0x0354b833) mulhu   a6, s1, s5
core   0: 3 0x80008118 (0x0354b833) x16 0x00000000
core   0: 0x8000811c (0x0181e463) bltu    gp, s8, pc + 8
core   0: 3 0x8000811c (0x0181e463)
core   0: 0x80008120 (0xb4c26813) ori     a6, tp, -1204
core   0: 3 0x80008120 (0xb4c26813) x16 0xfffffb4c
core   0: 0x80008124 (0x05e17f93) andi    t6, sp, 94
core   0: 3 0x80008124 (0x05e17f93) x31 0x00000040
core   0: 0x80008128 (0x0000717d) c.addi16sp sp, -16
core   0: 3 0x80008128 (0x717d) x2  0xffffffd0
core   0: 0x8000812a (0x016430b3) sltu    ra, s0, s6
core   0: 3 0x8000812a (0x016430b3) x1  0x00000000
core   0: 0x8000812e (0x0000043a) c.slli  s0, 14
core   0: 3 0x8000812e (0x043a) x8  0x00000000
core   0: 0x80008130 (0x002aaf33) slt     t5, s5, sp
core   0: 3 0x80008130 (0x002aaf33) x30 0x00000000
core   0: 0x80008134 (0x8b264713) xori    a4, a2, -1870
core   0: 3 0x80008134 (0x8b264713) x14 0xfffff8b2
core   0: 0x80008138 (0x00004d29) c.li    s10, 10
core   0: 3 0x80008138 (0x4d29) x26 0x0000000a
core   0: 0x8000813a (0x2676b597) auipc   a1, 0x2676b
core   0: 3 0x8000813a (0x2676b597) x11 0xa677313a
core   0: 0x8000813e (0x00000918) c.addi4spn a4, sp, 144
core   0: 3 0x8000813e (0x0918) x14 0x00000060
core   0: 0x80008140 (0x0114f3b3) and     t2, s1, a7
core   0: 3 0x80008140 (0x0114f3b3) x7  0x00000000
core   0: 0x80008144 (0x02403fb3) mulhu   t6, zero, tp
core   0: 3 0x80008144 (0x02403fb3) x31 0x00000000
core   0: 0x80008148 (0x00004c39) c.li    s8, 14
core   0: 3 0x80008148 (0x4c39) x24 0x0000000e
core   0: 0x8000814a (0x033d24b3) mulhsu  s1, s10, s3
core   0: 3 0x8000814a (0x033d24b3) x9  0x00000000
core   0: 0x8000814e (0x00006f2d) c.lui   t5, 0xb
core   0: 3 0x8000814e (0x6f2d) x30 0x0000b000
core   0: 0x80008150 (0x00a4ccb3) xor     s9, s1, a0
core   0: 3 0x80008150 (0x00a4ccb3) x25 0x00011000
core   0: 0x80008154 (0x00d3c033) xor     zero, t2, a3
core   0: 3 0x80008154 (0x00d3c033)
core   0: 0x80008158 (0x0343a1b3) mulhsu  gp, t2, s4
core   0: 3 0x80008158 (0x0343a1b3) x3  0x00000000
core   0: 0x8000815c (0x01d53fb3) sltu    t6, a0, t4
core   0: 3 0x8000815c (0x01d53fb3) x31 0x00000000
core   0: 0x80008160 (0x0000617d) c.addi16sp sp, 496
core   0: 3 0x80008160 (0x617d) x2  0x000001c0
core   0: 0x80008162 (0x00008d45) c.or    a0, s1
core   0: 3 0x80008162 (0x8d45) x10 0x00011000
core   0: 0x80008164 (0x0000e109) c.bnez  a0, pc + 2
core   0: 3 0x80008164 (0xe109)
core   0: 0x80008166 (0x0000875d) c.srai  a4, 23
core   0: 3 0x80008166 (0x875d) x14 0x00000000
core   0: 0x80008168 (0x026023b3) mulhsu  t2, zero, t1
core   0: 3 0x80008168 (0x026023b3) x7  0x00000000
core   0: 0x8000816c (0x00d984b3) add     s1, s3, a3
core   0: 3 0x8000816c (0x00d984b3) x9  0x000007e2
core   0: 0x80008170 (0x00000001) c.nop
core   0: 3 0x80008170 (0x0001)
core   0: 0x80008172 (0xe82ffc93) andi    s9, t6, -382
core   0: 3 0x80008172 (0xe82ffc93) x25 0x00000000
core   0: 0x80008176 (0x01ef9d93) slli    s11, t6, 30
core   0: 3 0x80008176 (0x01ef9d93) x27 0x00000000
core   0: 0x8000817a (0x00005a93) srli    s5, zero, 0
core   0: 3 0x8000817a (0x00005a93) x21 0x00000000
core   0: 0x8000817e (0x00006825) c.lui   a6, 0x9
core   0: 3 0x8000817e (0x6825) x16 0x00009000
core   0: 0x80008180 (0x01e05133) srl     sp, zero, t5
core   0: 3 0x80008180 (0x01e05133) x2  0x00000000
core   0: 0x80008184 (0x00006269) c.lui   tp, 0x1a
core   0: 3 0x80008184 (0x6269) x4  0x0001a000
core   0: 0x80008186 (0x006313b3) sll     t2, t1, t1
core   0: 3 0x80008186 (0x006313b3) x7  0x80000000
core   0: 0x8000818a (0x02573433) mulhu   s0, a4, t0
core   0: 3 0x8000818a (0x02573433) x8  0x00000000
core   0: 0x8000818e (0x032ae733) rem     a4, s5, s2
core   0: 3 0x8000818e (0x032ae733) x14 0x00000000
core   0: 0x80008192 (0x6b286013) ori     zero, a6, 1714
core   0: 3 0x80008192 (0x6b286013)
core   0: 0x80008196 (0x011d9493) slli    s1, s11, 17
core   0: 3 0x80008196 (0x011d9493) x9  0x00000000
core   0: 0x8000819a (0x00000001) c.nop
core   0: 3 0x8000819a (0x0001)
core   0: 0x8000819c (0x00000001) c.nop
core   0: 3 0x8000819c (0x0001)
core   0: 0x8000819e (0x004bc563) blt     s7, tp, pc + 10
core   0: 3 0x8000819e (0x004bc563)
core   0: 0x800081a8 (0x009b86b3) add     a3, s7, s1
core   0: 3 0x800081a8 (0x009b86b3) x13 0x80025e64
core   0: 0x800081ac (0x034486b3) mul     a3, s1, s4
core   0: 3 0x800081ac (0x034486b3) x13 0x00000000
core   0: 0x800081b0 (0x03b27c63) bgeu    tp, s11, pc + 56
core   0: 3 0x800081b0 (0x03b27c63)
core   0: 0x800081e8 (0x02e693b3) mulh    t2, a3, a4
core   0: 3 0x800081e8 (0x02e693b3) x7  0x00000000
core   0: 0x800081ec (0x00001218) c.addi4spn a4, sp, 288
core   0: 3 0x800081ec (0x1218) x14 0x00000120
core   0: 0x800081ee (0x00000001) c.nop
core   0: 3 0x800081ee (0x0001)
core   0: 0x800081f0 (0x41aa8d33) sub     s10, s5, s10
core   0: 3 0x800081f0 (0x41aa8d33) x26 0xfffffff6
core   0: 0x800081f4 (0x00851833) sll     a6, a0, s0
core   0: 3 0x800081f4 (0x00851833) x16 0x00011000
core   0: 0x800081f8 (0x9ad4c493) xori    s1, s1, -1619
core   0: 3 0x800081f8 (0x9ad4c493) x9  0xfffff9ad
core   0: 0x800081fc (0x631eca93) xori    s5, t4, 1585
core   0: 3 0x800081fc (0x631eca93) x21 0x00000631
core   0: 0x80008200 (0x0000881d) c.andi  s0, 7
core   0: 3 0x80008200 (0x881d) x8  0x00000000
core   0: 0x80008202 (0x000085c1) c.srai  a1, 16
core   0: 3 0x80008202 (0x85c1) x11 0xffffa677
core   0: 0x80008204 (0x01f48d63) beq     s1, t6, pc + 26
core   0: 3 0x80008204 (0x01f48d63)
core   0: 0x80008208 (0x014e2ab3) slt     s5, t3, s4
core   0: 3 0x80008208 (0x014e2ab3) x21 0x00000000
core   0: 0x8000820c (0x00e01013) slli    zero, zero, 14
core   0: 3 0x8000820c (0x00e01013)
core   0: 0x80008210 (0x001124b3) slt     s1, sp, ra
core   0: 3 0x80008210 (0x001124b3) x9  0x00000000
core   0: 0x80008214 (0x00001a7d) c.addi  s4, -1
core   0: 3 0x80008214 (0x1a7d) x20 0xffffffff
core   0: 0x80008216 (0x027f9b33) mulh    s6, t6, t2
core   0: 3 0x80008216 (0x027f9b33) x22 0x00000000
core   0: 0x8000821a (0x00008f55) c.or    a4, a3
core   0: 3 0x8000821a (0x8f55) x14 0x00000120
core   0: 0x8000821c (0x00000001) c.nop
core   0: 3 0x8000821c (0x0001)
core   0: 0x8000821e (0x01c595b3) sll     a1, a1, t3
core   0: 3 0x8000821e (0x01c595b3) x11 0xffffa677
core   0: 0x80008222 (0x00008a25) c.andi  a2, 9
core   0: 3 0x80008222 (0x8a25) x12 0x00000000
core   0: 0x80008224 (0x1f16b393) sltiu   t2, a3, 497
core   0: 3 0x80008224 (0x1f16b393) x7  0x00000001
core   0: 0x80008228 (0x01089593) slli    a1, a7, 16
core   0: 3 0x80008228 (0x01089593) x11 0x9ce40000
core   0: 0x8000822c (0x0000063a) c.slli  a2, 14
core   0: 3 0x8000822c (0x063a) x12 0x00000000
core   0: 0x8000822e (0x0000ce91) c.beqz  a3, pc + 28
core   0: 3 0x8000822e (0xce91)
core   0: 0x8000824a (0x00008d7d) c.and   a0, a5
core   0: 3 0x8000824a (0x8d7d) x10 0x00000000
core   0: 0x8000824c (0x01cd3633) sltu    a2, s10, t3
core   0: 3 0x8000824c (0x01cd3633) x12 0x00000000
core   0: 0x80008250 (0x00015cb3) srl     s9, sp, zero
core   0: 3 0x80008250 (0x00015cb3) x25 0x00000000
core   0: 0x80008254 (0x00000a90) c.addi4spn a2, sp, 336
core   0: 3 0x80008254 (0x0a90) x12 0x00000150
core   0: 0x80008256 (0x000006c2) c.slli  a3, 16
core   0: 3 0x80008256 (0x06c2) x13 0x00000000
core   0: 0x80008258 (0x00008152) c.mv    sp, s4
core   0: 3 0x80008258 (0x8152) x2  0xffffffff
core   0: 0x8000825a (0x54ecbe13) sltiu   t3, s9, 1358
core   0: 3 0x8000825a (0x54ecbe13) x28 0x00000001
core   0: 0x8000825e (0x01e5e9b3) or      s3, a1, t5
core   0: 3 0x8000825e (0x01e5e9b3) x19 0x9ce4b000
core   0: 0x80008262 (0x005e0133) add     sp, t3, t0
core   0: 3 0x80008262 (0x005e0133) x2  0x00000001
core   0: 0x80008266 (0x0000e58d) c.bnez  a1, pc + 42
core   0: 3 0x80008266 (0xe58d)
core   0: 0x80008290 (0xbdeac837) lui     a6, 0xbdeac
core   0: 3 0x80008290 (0xbdeac837) x16 0xbdeac000
core   0: 0x80008294 (0x03db1833) mulh    a6, s6, t4
core   0: 3 0x80008294 (0x03db1833) x16 0x00000000
core   0: 0x80008298 (0x95576493) ori     s1, a4, -1707
core   0: 3 0x80008298 (0x95576493) x9  0xfffff975
core   0: 0x8000829c (0x04444363) blt     s0, tp, pc + 70
core   0: 3 0x8000829c (0x04444363)
core   0: 0x800082e2 (0x00008191) c.srli  a1, 4
core   0: 3 0x800082e2 (0x8191) x11 0x09ce4000
core   0: 0x800082e4 (0x00008dad) c.xor   a1, a1
core   0: 3 0x800082e4 (0x8dad) x11 0x00000000
core   0: 0x800082e6 (0x016724b3) slt     s1, a4, s6
core   0: 3 0x800082e6 (0x016724b3) x9  0x00000000
core   0: 0x800082ea (0x11446e13) ori     t3, s0, 276
core   0: 3 0x800082ea (0x11446e13) x28 0x00000114
core   0: 0x800082ee (0x000095ba) c.add   a1, a4
core   0: 3 0x800082ee (0x95ba) x11 0x00000120
core   0: 0x800082f0 (0x001f5563) bge     t5, ra, pc + 10
core   0: 3 0x800082f0 (0x001f5563)
core   0: 0x800082fa (0x02c43e33) mulhu   t3, s0, a2
core   0: 3 0x800082fa (0x02c43e33) x28 0x00000000
core   0: 0x800082fe (0x00008981) c.andi  a1, 0
core   0: 3 0x800082fe (0x8981) x11 0x00000000
core   0: 0x80008300 (0x0126fb33) and     s6, a3, s2
core   0: 3 0x80008300 (0x0126fb33) x22 0x00000000
core   0: 0x80008304 (0x00008c35) c.xor   s0, a3
core   0: 3 0x80008304 (0x8c35) x8  0x00000000
core   0: 0x80008306 (0x018da9b3) slt     s3, s11, s8
core   0: 3 0x80008306 (0x018da9b3) x19 0x00000001
core   0: 0x8000830a (0x03cc87b3) mul     a5, s9, t3
core   0: 3 0x8000830a (0x03cc87b3) x15 0x00000000
core   0: 0x8000830e (0x0000985e) c.add   a6, s7
core   0: 3 0x8000830e (0x985e) x16 0x80025e64
core   0: 0x80008310 (0x417ddb33) sra     s6, s11, s7
core   0: 3 0x80008310 (0x417ddb33) x22 0x00000000
core   0: 0x80008314 (0x028e6b33) rem     s6, t3, s0
core   0: 3 0x80008314 (0x028e6b33) x22 0x00000000
core   0: 0x80008318 (0x00009c12) c.add   s8, tp
core   0: 3 0x80008318 (0x9c12) x24 0x0001a00e
core   0: 0x8000831a (0x4b7fa093) slti    ra, t6, 1207
core   0: 3 0x8000831a (0x4b7fa093) x1  0x00000001
core   0: 0x8000831e (0x000b8db3) add     s11, s7, zero
core   0: 3 0x8000831e (0x000b8db3) x27 0x80025e64
core   0: 0x80008322 (0x00709993) slli    s3, ra, 7
core   0: 3 0x80008322 (0x00709993) x19 0x00000080
core   0: 0x80008326 (0x009e9463) bne     t4, s1, pc + 8
core   0: 3 0x80008326 (0x009e9463)
core   0: 0x8000832a (0x41795ab3) sra     s5, s2, s7
core   0: 3 0x8000832a (0x41795ab3) x21 0xf8c90aa2
core   0: 0x8000832e (0x64630e37) lui     t3, 0x64630
core   0: 3 0x8000832e (0x64630e37) x28 0x64630000
core   0: 0x80008332 (0x00f09f93) slli    t6, ra, 15
core   0: 3 0x80008332 (0x00f09f93) x31 0x00008000
core   0: 0x80008336 (0x034e7e63) bgeu    t3, s4, pc + 60
core   0: 3 0x80008336 (0x034e7e63)
core   0: 0x8000833a (0x416bd793) srai    a5, s7, 22
core   0: 3 0x8000833a (0x416bd793) x15 0xfffffe00
core   0: 0x8000833e (0x00004729) c.li    a4, 10
core   0: 3 0x8000833e (0x4729) x14 0x0000000a
core   0: 0x80008340 (0x00009bfd) c.andi  a5, -1
core   0: 3 0x80008340 (0x9bfd) x15 0xfffffe00
core   0: 0x80008342 (0x03109233) mulh    tp, ra, a7
core   0: 3 0x80008342 (0x03109233) x4  0xffffffff
core   0: 0x80008346 (0x40aa5233) sra     tp, s4, a0
core   0: 3 0x80008346 (0x40aa5233) x4  0xffffffff
core   0: 0x8000834a (0xb9726a93) ori     s5, tp, -1129
core   0: 3 0x8000834a (0xb9726a93) x21 0xffffffff
core   0: 0x8000834e (0x03fae1b3) rem     gp, s5, t6
core   0: 3 0x8000834e (0x03fae1b3) x3  0xffffffff
core   0: 0x80008352 (0x03054063) blt     a0, a6, pc + 32
core   0: 3 0x80008352 (0x03054063)
core   0: 0x80008356 (0x00008c31) c.xor   s0, a2
core   0: 3 0x80008356 (0x8c31) x8  0x00000150
core   0: 0x80008358 (0x02f03fb3) mulhu   t6, zero, a5
core   0: 3 0x80008358 (0x02f03fb3) x31 0x00000000
core   0: 0x8000835c (0x02f0f7b3) remu    a5, ra, a5
core   0: 3 0x8000835c (0x02f0f7b3) x15 0x00000001
core   0: 0x80008360 (0x00b03fb3) snez    t6, a1
core   0: 3 0x80008360 (0x00b03fb3) x31 0x00000000
core   0: 0x80008364 (0x00008c66) c.mv    s8, s9
core   0: 3 0x80008364 (0x8c66) x24 0x00000000
core   0: 0x80008366 (0x00008341) c.srli  a4, 16
core   0: 3 0x80008366 (0x8341) x14 0x00000000
core   0: 0x80008368 (0x00000b14) c.addi4spn a3, sp, 400
core   0: 3 0x80008368 (0x0b14) x13 0x00000191
core   0: 0x8000836a (0x032c1ab3) mulh    s5, s8, s2
core   0: 3 0x8000836a (0x032c1ab3) x21 0x00000000
core   0: 0x8000836e (0x012490b3) sll     ra, s1, s2
core   0: 3 0x8000836e (0x012490b3) x1  0x00000000
core   0: 0x80008372 (0x038d9eb3) mulh    t4, s11, s8
core   0: 3 0x80008372 (0x038d9eb3) x29 0x00000000
core   0: 0x80008376 (0x000046e5) c.li    a3, 25
core   0: 3 0x80008376 (0x46e5) x13 0x00000019
core   0: 0x80008378 (0x013a1a93) slli    s5, s4, 19
core   0: 3 0x80008378 (0x013a1a93) x21 0xfff80000
core   0: 0x8000837c (0x1d1b4d13) xori    s10, s6, 465
core   0: 3 0x8000837c (0x1d1b4d13) x26 0x000001d1
core   0: 0x80008380 (0x025ce763) bltu    s9, t0, pc + 46
core   0: 3 0x80008380 (0x025ce763)
core   0: 0x80008384 (0x00008f71) c.and   a4, a2
core   0: 3 0x80008384 (0x8f71) x14 0x00000000
core   0: 0x80008386 (0x41585c33) sra     s8, a6, s5
core   0: 3 0x80008386 (0x41585c33) x24 0x80025e64
core   0: 0x8000838a (0x000063b9) c.lui   t2, 0xe
core   0: 3 0x8000838a (0x63b9) x7  0x0000e000
core   0: 0x8000838c (0x00000001) c.nop
core   0: 3 0x8000838c (0x0001)
core   0: 0x8000838e (0x03ac6563) bltu    s8, s10, pc + 42
core   0: 3 0x8000838e (0x03ac6563)
core   0: 0x80008392 (0x02de4063) blt     t3, a3, pc + 32
core   0: 3 0x80008392 (0x02de4063)
core   0: 0x80008396 (0x00008f55) c.or    a4, a3
core   0: 3 0x80008396 (0x8f55) x14 0x00000019
core   0: 0x80008398 (0x000060f9) c.lui   ra, 0x1e
core   0: 3 0x80008398 (0x60f9) x1  0x0001e000
core   0: 0x8000839a (0x02f29c63) bne     t0, a5, pc + 56
core   0: 3 0x8000839a (0x02f29c63)
core   0: 0x800083d2 (0x015a0263) beq     s4, s5, pc + 4
core   0: 3 0x800083d2 (0x015a0263)
core   0: 0x800083d6 (0x0342da63) bge     t0, s4, pc + 52
core   0: 3 0x800083d6 (0x0342da63)
core   0: 0x8000840a (0x00008eb1) c.xor   a3, a2
core   0: 3 0x8000840a (0x8eb1) x13 0x00000149
core   0: 0x8000840c (0x0000717d) c.addi16sp sp, -16
core   0: 3 0x8000840c (0x717d) x2  0xfffffff1
core   0: 0x8000840e (0x03ada1b3) mulhsu  gp, s11, s10
core   0: 3 0x8000840e (0x03ada1b3) x3  0xffffff17
core   0: 0x80008412 (0x024e16b3) mulh    a3, t3, tp
core   0: 3 0x80008412 (0x024e16b3) x13 0xffffffff
core   0: 0x80008416 (0x03afe463) bltu    t6, s10, pc + 40
core   0: 3 0x80008416 (0x03afe463)
core   0: 0x8000843e (0x000000fa) c.slli  ra, 30
core   0: 3 0x8000843e (0x00fa) x1  0x00000000
core   0: 0x80008440 (0x02f2a3b3) mulhsu  t2, t0, a5
core   0: 3 0x80008440 (0x02f2a3b3) x7  0x00000000
core   0: 0x80008444 (0x029adfb3) divu    t6, s5, s1
core   0: 3 0x80008444 (0x029adfb3) x31 0xffffffff
core   0: 0x80008448 (0x0131d963) bge     gp, s3, pc + 18
core   0: 3 0x80008448 (0x0131d963)
core   0: 0x8000844c (0x02d2ac33) mulhsu  s8, t0, a3
core   0: 3 0x8000844c (0x02d2ac33) x24 0x00000000
core   0: 0x80008450 (0x0213db33) divu    s6, t2, ra
core   0: 3 0x80008450 (0x0213db33) x22 0xffffffff
core   0: 0x80008454 (0x016edfb3) srl     t6, t4, s6
core   0: 3 0x80008454 (0x016edfb3) x31 0x00000000
core   0: 0x80008458 (0x00008941) c.andi  a0, 16
core   0: 3 0x80008458 (0x8941) x10 0x00000000
core   0: 0x8000845a (0x00006149) c.addi16sp sp, 144
core   0: 3 0x8000845a (0x6149) x2  0x00000081
core   0: 0x8000845c (0x4051d813) srai    a6, gp, 5
core   0: 3 0x8000845c (0x4051d813) x16 0xfffffff8
core   0: 0x80008460 (0x0000615d) c.addi16sp sp, 432
core   0: 3 0x80008460 (0x615d) x2  0x00000231
core   0: 0x80008462 (0x02195733) divu    a4, s2, ra
core   0: 3 0x80008462 (0x02195733) x14 0xffffffff
core   0: 0x80008466 (0x0000898e) c.mv    s3, gp
core   0: 3 0x80008466 (0x898e) x19 0xffffff17
core   0: 0x80008468 (0x000044e5) c.li    s1, 25
core   0: 3 0x80008468 (0x44e5) x9  0x00000019
core   0: 0x8000846a (0x03ac7433) remu    s0, s8, s10
core   0: 3 0x8000846a (0x03ac7433) x8  0x00000000
core   0: 0x8000846e (0x00006121) c.addi16sp sp, 64
core   0: 3 0x8000846e (0x6121) x2  0x00000271
core   0: 0x80008470 (0x00dc3833) sltu    a6, s8, a3
core   0: 3 0x80008470 (0x00dc3833) x16 0x00000001
core   0: 0x80008474 (0x011b9113) slli    sp, s7, 17
core   0: 3 0x80008474 (0x011b9113) x2  0xbcc80000
core   0: 0x80008478 (0x0069e963) bltu    s3, t1, pc + 18
core   0: 3 0x80008478 (0x0069e963)
core   0: 0x8000848a (0x03466433) rem     s0, a2, s4
core   0: 3 0x8000848a (0x03466433) x8  0x00000000
core   0: 0x8000848e (0xf0224593) xori    a1, tp, -254
core   0: 3 0x8000848e (0xf0224593) x11 0x000000fd
core   0: 0x80008492 (0x00006859) c.lui   a6, 0x16
core   0: 3 0x80008492 (0x6859) x16 0x00016000
core   0: 0x80008494 (0x40bbd833) sra     a6, s7, a1
core   0: 3 0x80008494 (0x40bbd833) x16 0xfffffffc
core   0: 0x80008498 (0x0011d593) srli    a1, gp, 1
core   0: 3 0x80008498 (0x0011d593) x11 0x7fffff8b
core   0: 0x8000849c (0x00008f4d) c.or    a4, a1
core   0: 3 0x8000849c (0x8f4d) x14 0xffffffff
core   0: 0x8000849e (0x0000c981) c.beqz  a1, pc + 16
core   0: 3 0x8000849e (0xc981)
core   0: 0x800084a0 (0x0000829e) c.mv    t0, t2
core   0: 3 0x800084a0 (0x829e) x5  0x00000000
core   0: 0x800084a2 (0x000009f2) c.slli  s3, 28
core   0: 3 0x800084a2 (0x09f2) x19 0x70000000
core   0: 0x800084a4 (0x0283bfb3) mulhu   t6, t2, s0
core   0: 3 0x800084a4 (0x0283bfb3) x31 0x00000000
core   0: 0x800084a8 (0x00008f25) c.xor   a4, s1
core   0: 3 0x800084a8 (0x8f25) x14 0xffffffe6
core   0: 0x800084aa (0x00000001) c.nop
core   0: 3 0x800084aa (0x0001)
core   0: 0x800084ac (0x00000001) c.nop
core   0: 3 0x800084ac (0x0001)
core   0: 0x800084ae (0x0000717d) c.addi16sp sp, -16
core   0: 3 0x800084ae (0x717d) x2  0xbcc7fff0
core   0: 0x800084b0 (0x03edecb3) rem     s9, s11, t5
core   0: 3 0x800084b0 (0x03edecb3) x25 0xffffee64
core   0: 0x800084b4 (0x022b5433) divu    s0, s6, sp
core   0: 3 0x800084b4 (0x022b5433) x8  0x00000001
core   0: 0x800084b8 (0x0000c905) c.beqz  a0, pc + 48
core   0: 3 0x800084b8 (0xc905)
core   0: 0x800084e8 (0x00005dfd) c.li    s11, -1
core   0: 3 0x800084e8 (0x5dfd) x27 0xffffffff
core   0: 0x800084ea (0x679baa93) slti    s5, s7, 1657
core   0: 3 0x800084ea (0x679baa93) x21 0x00000001
core   0: 0x800084ee (0x01239e93) slli    t4, t2, 18
core   0: 3 0x800084ee (0x01239e93) x29 0x00000000
core   0: 0x800084f2 (0x00008155) c.srli  a0, 21
core   0: 3 0x800084f2 (0x8155) x10 0x00000000
core   0: 0x800084f4 (0x001c7333) and     t1, s8, ra
core   0: 3 0x800084f4 (0x001c7333) x6  0x00000000
core   0: 0x800084f8 (0x02bf7f63) bgeu    t5, a1, pc + 62
core   0: 3 0x800084f8 (0x02bf7f63)
core   0: 0x800084fc (0x01279493) slli    s1, a5, 18
core   0: 3 0x800084fc (0x01279493) x9  0x00040000
core   0: 0x80008500 (0x410fdc13) srai    s8, t6, 16
core   0: 3 0x80008500 (0x410fdc13) x24 0x00000000
core   0: 0x80008504 (0x00004d59) c.li    s10, 22
core   0: 3 0x80008504 (0x4d59) x26 0x00000016
core   0: 0x80008506 (0x00008fb5) c.xor   a5, a3
core   0: 3 0x80008506 (0x8fb5) x15 0xfffffffe
core   0: 0x80008508 (0x40255113) srai    sp, a0, 2
core   0: 3 0x80008508 (0x40255113) x2  0x00000000
core   0: 0x8000850c (0x0000e119) c.bnez  a0, pc + 6
core   0: 3 0x8000850c (0xe119)
core   0: 0x8000850e (0x00000001) c.nop
core   0: 3 0x8000850e (0x0001)
core   0: 0x80008510 (0x00005dfd) c.li    s11, -1
core   0: 3 0x80008510 (0x5dfd) x27 0xffffffff
core   0: 0x80008512 (0x40b6d733) sra     a4, a3, a1
core   0: 3 0x80008512 (0x40b6d733) x14 0xffffffff
core   0: 0x80008516 (0x909eff13) andi    t5, t4, -1783
core   0: 3 0x80008516 (0x909eff13) x30 0x00000000
core   0: 0x8000851a (0x4fe3c313) xori    t1, t2, 1278
core   0: 3 0x8000851a (0x4fe3c313) x6  0x000004fe
core   0: 0x8000851e (0x00000001) c.nop
core   0: 3 0x8000851e (0x0001)
core   0: 0x80008520 (0x003d9ab3) sll     s5, s11, gp
core   0: 3 0x80008520 (0x003d9ab3) x21 0xff800000
core   0: 0x80008524 (0x00008a32) c.mv    s4, a2
core   0: 3 0x80008524 (0x8a32) x20 0x00000150
core   0: 0x80008526 (0x00001398) c.addi4spn a4, sp, 480
core   0: 3 0x80008526 (0x1398) x14 0x000001e0
core   0: 0x80008528 (0x5d1bf413) andi    s0, s7, 1489
core   0: 3 0x80008528 (0x5d1bf413) x8  0x00000440
core   0: 0x8000852c (0x00001808) c.addi4spn a0, sp, 48
core   0: 3 0x8000852c (0x1808) x10 0x00000030
core   0: 0x8000852e (0x01902e33) slt     t3, zero, s9
core   0: 3 0x8000852e (0x01902e33) x28 0x00000000
core   0: 0x80008532 (0xcef36f13) ori     t5, t1, -785
core   0: 3 0x80008532 (0xcef36f13) x30 0xfffffcff
core   0: 0x80008536 (0x3e46ba93) sltiu   s5, a3, 996
core   0: 3 0x80008536 (0x3e46ba93) x21 0x00000000
core   0: 0x8000853a (0x000099fd) c.andi  a1, -1
core   0: 3 0x8000853a (0x99fd) x11 0x7fffff8b
core   0: 0x8000853c (0x5876bd13) sltiu   s10, a3, 1415
core   0: 3 0x8000853c (0x5876bd13) x26 0x00000000
core   0: 0x80008540 (0x00008cc5) c.or    s1, s1
core   0: 3 0x80008540 (0x8cc5) x9  0x00040000
core   0: 0x80008542 (0x02ae5733) divu    a4, t3, a0
core   0: 3 0x80008542 (0x02ae5733) x14 0x00000000
core   0: 0x80008546 (0x00006375) c.lui   t1, 0x1d
core   0: 3 0x80008546 (0x6375) x6  0x0001d000
core   0: 0x80008548 (0x00008091) c.srli  s1, 4
core   0: 3 0x80008548 (0x8091) x9  0x00004000
core   0: 0x8000854a (0x0120eb33) or      s6, ra, s2
core   0: 3 0x8000854a (0x0120eb33) x22 0x8c90aa29
core   0: 0x8000854e (0xe3b40a93) addi    s5, s0, -453
core   0: 3 0x8000854e (0xe3b40a93) x21 0x0000027b
core   0: 0x80008552 (0x01fcbdb3) sltu    s11, s9, t6
core   0: 3 0x80008552 (0x01fcbdb3) x27 0x00000000
core   0: 0x80008556 (0x41e8dfb3) sra     t6, a7, t5
core   0: 3 0x80008556 (0x41e8dfb3) x31 0xffffffff
core   0: 0x8000855a (0x000095a6) c.add   a1, s1
core   0: 3 0x8000855a (0x95a6) x11 0x80003f8b
core   0: 0x8000855c (0x00008226) c.mv    tp, s1
core   0: 3 0x8000855c (0x8226) x4  0x00004000
core   0: 0x8000855e (0x016bc833) xor     a6, s7, s6
core   0: 3 0x8000855e (0x016bc833) x16 0x0c92f44d
core   0: 0x80008562 (0x00004985) c.li    s3, 1
core   0: 3 0x80008562 (0x4985) x19 0x00000001
core   0: 0x80008564 (0x00008f9d) c.sub   a5, a5
core   0: 3 0x80008564 (0x8f9d) x15 0x00000000
core   0: 0x80008566 (0x02e2d533) divu    a0, t0, a4
core   0: 3 0x80008566 (0x02e2d533) x10 0xffffffff
core   0: 0x8000856a (0x00000001) c.nop
core   0: 3 0x8000856a (0x0001)
core   0: 0x8000856c (0x0118b1b3) sltu    gp, a7, a7
core   0: 3 0x8000856c (0x0118b1b3) x3  0x00000000
core   0: 0x80008570 (0x00008ff1) c.and   a5, a2
core   0: 3 0x80008570 (0x8ff1) x15 0x00000000
core   0: 0x80008572 (0x00000001) c.nop
core   0: 3 0x80008572 (0x0001)
core   0: 0x80008574 (0x00000462) c.slli  s0, 24
core   0: 3 0x80008574 (0x0462) x8  0x40000000
core   0: 0x80008576 (0x41048133) sub     sp, s1, a6
core   0: 3 0x80008576 (0x41048133) x2  0xf36d4bb3
core   0: 0x8000857a (0x02f27333) remu    t1, tp, a5
core   0: 3 0x8000857a (0x02f27333) x6  0x00004000
core   0: 0x8000857e (0x00008f89) c.sub   a5, a0
core   0: 3 0x8000857e (0x8f89) x15 0x00000001
core   0: 0x80008580 (0x00008d2d) c.xor   a0, a1
core   0: 3 0x80008580 (0x8d2d) x10 0x7fffc074
core   0: 0x80008582 (0x0168d333) srl     t1, a7, s6
core   0: 3 0x80008582 (0x0168d333) x6  0x0040014e
core   0: 0x80008586 (0xfe0092b7) lui     t0, 0xfe009
core   0: 3 0x80008586 (0xfe0092b7) x5  0xfe009000
core   0: 0x8000858a (0x08148663) beq     s1, ra, pc + 140
core   0: 3 0x8000858a (0x08148663)
core   0: 0x8000858e (0x00006141) c.addi16sp sp, 16
core   0: 3 0x8000858e (0x6141) x2  0xf36d4bc3
core   0: 0x80008590 (0x0743d363) bge     t2, s4, pc + 102
core   0: 3 0x80008590 (0x0743d363)
core   0: 0x80008594 (0x00005461) c.li    s0, -8
core   0: 3 0x80008594 (0x5461) x8  0xfffffff8
core   0: 0x80008596 (0xb0be5197) auipc   gp, 0xb0be5
core   0: 3 0x80008596 (0xb0be5197) x3  0x30bed596
core   0: 0x8000859a (0x0000717d) c.addi16sp sp, -16
core   0: 3 0x8000859a (0x717d) x2  0xf36d4bb3
core   0: 0x8000859c (0x00004f1d) c.li    t5, 7
core   0: 3 0x8000859c (0x4f1d) x30 0x00000007
core   0: 0x8000859e (0x00ce9393) slli    t2, t4, 12
core   0: 3 0x8000859e (0x00ce9393) x7  0x00000000
core   0: 0x800085a2 (0x408a52b3) sra     t0, s4, s0
core   0: 3 0x800085a2 (0x408a52b3) x5  0x00000000
core   0: 0x800085a6 (0x00008f0d) c.sub   a4, a1
core   0: 3 0x800085a6 (0x8f0d) x14 0x7fffc075
core   0: 0x800085a8 (0xd7b56793) ori     a5, a0, -645
core   0: 3 0x800085a8 (0xd7b56793) x15 0xfffffd7f
core   0: 0x800085ac (0x41e9d4b3) sra     s1, s3, t5
core   0: 3 0x800085ac (0x41e9d4b3) x9  0x00000000
core   0: 0x800085b0 (0x21464e93) xori    t4, a2, 532
core   0: 3 0x800085b0 (0x21464e93) x29 0x00000344
core   0: 0x800085b4 (0xa1b6e793) ori     a5, a3, -1509
core   0: 3 0x800085b4 (0xa1b6e793) x15 0xffffffff
core   0: 0x800085b8 (0x01a435b3) sltu    a1, s0, s10
core   0: 3 0x800085b8 (0x01a435b3) x11 0x00000000
core   0: 0x800085bc (0x9fa4b813) sltiu   a6, s1, -1542
core   0: 3 0x800085bc (0x9fa4b813) x16 0x00000001
core   0: 0x800085c0 (0x417bdf93) srai    t6, s7, 23
core   0: 3 0x800085c0 (0x417bdf93) x31 0xffffff00
core   0: 0x800085c4 (0x00001d7d) c.addi  s10, -1
core   0: 3 0x800085c4 (0x1d7d) x26 0xffffffff
core   0: 0x800085c6 (0x01789eb3) sll     t4, a7, s7
core   0: 3 0x800085c6 (0x01789eb3) x29 0x0029ce40
core   0: 0x800085ca (0x40a304b3) sub     s1, t1, a0
core   0: 3 0x800085ca (0x40a304b3) x9  0x804040da
core   0: 0x800085ce (0x000067bd) c.lui   a5, 0xf
core   0: 3 0x800085ce (0x67bd) x15 0x0000f000
core   0: 0x800085d0 (0x00701093) slli    ra, zero, 7
core   0: 3 0x800085d0 (0x00701093) x1  0x00000000
core   0: 0x800085d4 (0x00008e29) c.xor   a2, a0
core   0: 3 0x800085d4 (0x8e29) x12 0x7fffc124
core   0: 0x800085d6 (0x000007d2) c.slli  a5, 20
core   0: 3 0x800085d6 (0x07d2) x15 0x00000000
core   0: 0x800085d8 (0x00000405) c.addi  s0, 1
core   0: 3 0x800085d8 (0x0405) x8  0xfffffff9
core   0: 0x800085da (0x00008e0a) c.mv    t3, sp
core   0: 3 0x800085da (0x8e0a) x28 0xf36d4bb3
core   0: 0x800085dc (0x00e2ec33) or      s8, t0, a4
core   0: 3 0x800085dc (0x00e2ec33) x24 0x7fffc075
core   0: 0x800085e0 (0x0000083a) c.slli  a6, 14
core   0: 3 0x800085e0 (0x083a) x16 0x00004000
core   0: 0x800085e2 (0xffe409e3) beq     s0, t5, pc - 14
core   0: 3 0x800085e2 (0xffe409e3)
core   0: 0x800085e6 (0xc3dc8e93) addi    t4, s9, -963
core   0: 3 0x800085e6 (0xc3dc8e93) x29 0xffffeaa1
core   0: 0x800085ea (0x00d13d33) sltu    s10, sp, a3
core   0: 3 0x800085ea (0x00d13d33) x26 0x00000001
core   0: 0x800085ee (0x007dde13) srli    t3, s11, 7
core   0: 3 0x800085ee (0x007dde13) x28 0x00000000
core   0: 0x800085f2 (0x000c5213) srli    tp, s8, 0
core   0: 3 0x800085f2 (0x000c5213) x4  0x7fffc075
core   0: 0x800085f6 (0x41855193) srai    gp, a0, 24
core   0: 3 0x800085f6 (0x41855193) x3  0x0000007f
core   0: 0x800085fa (0x00ea8c33) add     s8, s5, a4
core   0: 3 0x800085fa (0x00ea8c33) x24 0x7fffc2f0
core   0: 0x800085fe (0x5c138a13) addi    s4, t2, 1473
core   0: 3 0x800085fe (0x5c138a13) x20 0x000005c1
core   0: 0x80008602 (0x00008ff9) c.and   a5, a4
core   0: 3 0x80008602 (0x8ff9) x15 0x00000000
core   0: 0x80008604 (0x01d2e663) bltu    t0, t4, pc + 12
core   0: 3 0x80008604 (0x01d2e663)
core   0: 0x80008610 (0x00000001) c.nop
core   0: 3 0x80008610 (0x0001)
core   0: 0x80008612 (0x01b9c7b3) xor     a5, s3, s11
core   0: 3 0x80008612 (0x01b9c7b3) x15 0x00000001
core   0: 0x80008616 (0x000012fd) c.addi  t0, -1
core   0: 3 0x80008616 (0x12fd) x5  0xffffffff
core   0: 0x80008618 (0x00008712) c.mv    a4, tp
core   0: 3 0x80008618 (0x8712) x14 0x7fffc075
core   0: 0x8000861a (0x0000717d) c.addi16sp sp, -16
core   0: 3 0x8000861a (0x717d) x2  0xf36d4ba3
core   0: 0x8000861c (0x027643b3) div     t2, a2, t2
core   0: 3 0x8000861c (0x027643b3) x7  0xffffffff
core   0: 0x80008620 (0x007d9c63) bne     s11, t2, pc + 24
core   0: 3 0x80008620 (0x007d9c63)
core   0: 0x80008638 (0x8b473313) sltiu   t1, a4, -1868
core   0: 3 0x80008638 (0x8b473313) x6  0x00000001
core   0: 0x8000863c (0x01f95993) srli    s3, s2, 31
core   0: 3 0x8000863c (0x01f95993) x19 0x00000001
core   0: 0x80008640 (0x0000038e) c.slli  t2, 3
core   0: 3 0x80008640 (0x038e) x7  0xfffffff8
core   0: 0x80008642 (0x00000d1a) c.slli  s10, 6
core   0: 3 0x80008642 (0x0d1a) x26 0x00000040
core   0: 0x80008644 (0x00000001) c.nop
core   0: 3 0x80008644 (0x0001)
core   0: 0x80008646 (0x00000001) c.nop
core   0: 3 0x80008646 (0x0001)
core   0: 0x80008648 (0x406d5213) srai    tp, s10, 6
core   0: 3 0x80008648 (0x406d5213) x4  0x00000001
core   0: 0x8000864c (0x00000001) c.nop
core   0: 3 0x8000864c (0x0001)
core   0: 0x8000864e (0x01675113) srli    sp, a4, 22
core   0: 3 0x8000864e (0x01675113) x2  0x000001ff
core   0: 0x80008652 (0x00008429) c.srai  s0, 10
core   0: 3 0x80008652 (0x8429) x8  0xffffffff
core   0: 0x80008654 (0x030792b3) mulh    t0, a5, a6
core   0: 3 0x80008654 (0x030792b3) x5  0x00000000
core   0: 0x80008658 (0x4bd2e213) ori     tp, t0, 1213
core   0: 3 0x80008658 (0x4bd2e213) x4  0x000004bd
core   0: 0x8000865c (0x01d47633) and     a2, s0, t4
core   0: 3 0x8000865c (0x01d47633) x12 0xffffeaa1
core   0: 0x80008660 (0x00008de1) c.and   a1, s0
core   0: 3 0x80008660 (0x8de1) x11 0x00000000
core   0: 0x80008662 (0x418fd613) srai    a2, t6, 24
core   0: 3 0x80008662 (0x418fd613) x12 0xffffffff
core   0: 0x80008666 (0x01efd0b3) srl     ra, t6, t5
core   0: 3 0x80008666 (0x01efd0b3) x1  0x01fffffe
core   0: 0x8000866a (0x00008eb1) c.xor   a3, a2
core   0: 3 0x8000866a (0x8eb1) x13 0x00000000
core   0: 0x8000866c (0x02b06763) bltu    zero, a1, pc + 46
core   0: 3 0x8000866c (0x02b06763)
core   0: 0x80008670 (0x02b7b333) mulhu   t1, a5, a1
core   0: 3 0x80008670 (0x02b7b333) x6  0x00000000
core   0: 0x80008674 (0x0337c633) div     a2, a5, s3
core   0: 3 0x80008674 (0x0337c633) x12 0x00000001
core   0: 0x80008678 (0x01dd6033) or      zero, s10, t4
core   0: 3 0x80008678 (0x01dd6033)
core   0: 0x8000867c (0x000081b5) c.srli  a1, 13
core   0: 3 0x8000867c (0x81b5) x11 0x00000000
core   0: 0x8000867e (0x00001c90) c.addi4spn a2, sp, 624
core   0: 3 0x8000867e (0x1c90) x12 0x0000046f
core   0: 0x80008680 (0x026ab333) mulhu   t1, s5, t1
core   0: 3 0x80008680 (0x026ab333) x6  0x00000000
core   0: 0x80008684 (0x00008f01) c.sub   a4, s0
core   0: 3 0x80008684 (0x8f01) x14 0x7fffc076
core   0: 0x80008686 (0x0381f6b3) remu    a3, gp, s8
core   0: 3 0x80008686 (0x0381f6b3) x13 0x0000007f
core   0: 0x8000868a (0x0000717d) c.addi16sp sp, -16
core   0: 3 0x8000868a (0x717d) x2  0x000001ef
core   0: 0x8000868c (0x06ce4a93) xori    s5, t3, 108
core   0: 3 0x8000868c (0x06ce4a93) x21 0x0000006c
core   0: 0x80008690 (0x0000717d) c.addi16sp sp, -16
core   0: 3 0x80008690 (0x717d) x2  0x000001df
core   0: 0x80008692 (0x01e913b3) sll     t2, s2, t5
core   0: 3 0x80008692 (0x01e913b3) x7  0x48551480
core   0: 0x80008696 (0x49d2a693) slti    a3, t0, 1181
core   0: 3 0x80008696 (0x49d2a693) x13 0x00000001
core   0: 0x8000869a (0x01cf21b3) slt     gp, t5, t3
core   0: 3 0x8000869a (0x01cf21b3) x3  0x00000000
core   0: 0x8000869e (0x0000ec89) c.bnez  s1, pc + 26
core   0: 3 0x8000869e (0xec89)
core   0: 0x800086b8 (0x0000e08d) c.bnez  s1, pc + 34
core   0: 3 0x800086b8 (0xe08d)
core   0: 0x800086da (0x410352b3) sra     t0, t1, a6
core   0: 3 0x800086da (0x410352b3) x5  0x00000000
core   0: 0x800086de (0x40c4d413) srai    s0, s1, 12
core   0: 3 0x800086de (0x40c4d413) x8  0xfff80404
core   0: 0x800086e2 (0x05d36163) bltu    t1, t4, pc + 66
core   0: 3 0x800086e2 (0x05d36163)
core   0: 0x80008724 (0x000087ad) c.srai  a5, 11
core   0: 3 0x80008724 (0x87ad) x15 0x00000000
core   0: 0x80008726 (0x0000717d) c.addi16sp sp, -16
core   0: 3 0x80008726 (0x717d) x2  0x000001cf
core   0: 0x80008728 (0x40005f33) sra     t5, zero, zero
core   0: 3 0x80008728 (0x40005f33) x30 0x00000000
core   0: 0x8000872c (0x0000987d) c.andi  s0, -1
core   0: 3 0x8000872c (0x987d) x8  0xfff80404
core   0: 0x8000872e (0x00006105) c.addi16sp sp, 32
core   0: 3 0x8000872e (0x6105) x2  0x000001ef
core   0: 0x80008730 (0x038d4063) blt     s10, s8, pc + 32
core   0: 3 0x80008730 (0x038d4063)
core   0: 0x80008750 (0x02ddfa33) remu    s4, s11, a3
core   0: 3 0x80008750 (0x02ddfa33) x20 0x00000000
core   0: 0x80008754 (0x00008851) c.andi  s0, 20
core   0: 3 0x80008754 (0x8851) x8  0x00000004
core   0: 0x80008756 (0x02520863) beq     tp, t0, pc + 48
core   0: 3 0x80008756 (0x02520863)
core   0: 0x8000875a (0x71f9e413) ori     s0, s3, 1823
core   0: 3 0x8000875a (0x71f9e413) x8  0x0000071f
core   0: 0x8000875e (0x4100dc33) sra     s8, ra, a6
core   0: 3 0x8000875e (0x4100dc33) x24 0x01fffffe
core   0: 0x80008762 (0x01ce9563) bne     t4, t3, pc + 10
core   0: 3 0x80008762 (0x01ce9563)
core   0: 0x8000876c (0x00008fb5) c.xor   a5, a3
core   0: 3 0x8000876c (0x8fb5) x15 0x00000001
core   0: 0x8000876e (0x035d50b3) divu    ra, s10, s5
core   0: 3 0x8000876e (0x035d50b3) x1  0x00000000
core   0: 0x80008772 (0x00008d1d) c.sub   a0, a5
core   0: 3 0x80008772 (0x8d1d) x10 0x7fffc073
core   0: 0x80008774 (0x03e0db33) divu    s6, ra, t5
core   0: 3 0x80008774 (0x03e0db33) x22 0xffffffff
core   0: 0x80008778 (0x027d61b3) rem     gp, s10, t2
core   0: 3 0x80008778 (0x027d61b3) x3  0x00000040
core   0: 0x8000877c (0x000085c6) c.mv    a1, a7
core   0: 3 0x8000877c (0x85c6) x11 0x80029ce4
core   0: 0x8000877e (0x00008db5) c.xor   a1, a3
core   0: 3 0x8000877e (0x8db5) x11 0x80029ce5
core   0: 0x80008780 (0x000053fd) c.li    t2, -1
core   0: 3 0x80008780 (0x53fd) x7  0xffffffff
core   0: 0x80008782 (0x037fe4b3) rem     s1, t6, s7
core   0: 3 0x80008782 (0x037fe4b3) x9  0xffffff00
core   0: 0x80008786 (0x00008cf1) c.and   s1, a2
core   0: 3 0x80008786 (0x8cf1) x9  0x00000400
core   0: 0x80008788 (0x00e0b0b3) sltu    ra, ra, a4
core   0: 3 0x80008788 (0x00e0b0b3) x1  0x00000001
core   0: 0x8000878c (0x02c8a9b3) mulhsu  s3, a7, a2
core   0: 3 0x8000878c (0x02c8a9b3) x19 0xfffffdc8
core   0: 0x80008790 (0x02b71f63) bne     a4, a1, pc + 62
core   0: 3 0x80008790 (0x02b71f63)
core   0: 0x800087ce (0x0101fdb3) and     s11, gp, a6
core   0: 3 0x800087ce (0x0101fdb3) x27 0x00000000
core   0: 0x800087d2 (0xbb38f213) andi    tp, a7, -1101
core   0: 3 0x800087d2 (0xbb38f213) x4  0x800298a0
core   0: 0x800087d6 (0x00009d6a) c.add   s10, s10
core   0: 3 0x800087d6 (0x9d6a) x26 0x00000080
core   0: 0x800087d8 (0x01239833) sll     a6, t2, s2
core   0: 3 0x800087d8 (0x01239833) x16 0xfffffe00
core   0: 0x800087dc (0x014d8863) beq     s11, s4, pc + 16
core   0: 3 0x800087dc (0x014d8863)
core   0: 0x800087ec (0x00008de9) c.and   a1, a0
core   0: 3 0x800087ec (0x8de9) x11 0x00028061
core   0: 0x800087ee (0x00b60993) addi    s3, a2, 11
core   0: 3 0x800087ee (0x00b60993) x19 0x0000047a
core   0: 0x800087f2 (0x00000462) c.slli  s0, 24
core   0: 3 0x800087f2 (0x0462) x8  0x1f000000
core   0: 0x800087f4 (0x0000c98d) c.beqz  a1, pc + 50
core   0: 3 0x800087f4 (0xc98d)
core   0: 0x800087f6 (0x008b63b3) or      t2, s6, s0
core   0: 3 0x800087f6 (0x008b63b3) x7  0xffffffff
core   0: 0x800087fa (0x00000e14) c.addi4spn a3, sp, 784
core   0: 3 0x800087fa (0x0e14) x13 0x000004ff
core   0: 0x800087fc (0x00000001) c.nop
core   0: 3 0x800087fc (0x0001)
core   0: 0x800087fe (0x403a8833) sub     a6, s5, gp
core   0: 3 0x800087fe (0x403a8833) x16 0x0000002c
core   0: 0x80008802 (0x00497033) and     zero, s2, tp
core   0: 3 0x80008802 (0x00497033)
core   0: 0x80008806 (0x00008fe5) c.and   a5, s1
core   0: 3 0x80008806 (0x8fe5) x15 0x00000000
core   0: 0x80008808 (0x94e874b7) lui     s1, 0x94e87
core   0: 3 0x80008808 (0x94e874b7) x9  0x94e87000
core   0: 0x8000880c (0x013f5863) bge     t5, s3, pc + 16
core   0: 3 0x8000880c (0x013f5863)
core   0: 0x80008810 (0x4184d133) sra     sp, s1, s8
core   0: 3 0x80008810 (0x4184d133) x2  0xfffffffe
core   0: 0x80008814 (0x7e1c7593) andi    a1, s8, 2017
core   0: 3 0x80008814 (0x7e1c7593) x11 0x000007e0
core   0: 0x80008818 (0x03a16463) bltu    sp, s10, pc + 40
core   0: 3 0x80008818 (0x03a16463)
core   0: 0x8000881c (0x00000001) c.nop
core   0: 3 0x8000881c (0x0001)
core   0: 0x8000881e (0x02c313b3) mulh    t2, t1, a2
core   0: 3 0x8000881e (0x02c313b3) x7  0x00000000
core   0: 0x80008822 (0x00ba5713) srli    a4, s4, 11
core   0: 3 0x80008822 (0x00ba5713) x14 0x00000000
core   0: 0x80008826 (0x01ad9793) slli    a5, s11, 26
core   0: 3 0x80008826 (0x01ad9793) x15 0x00000000
core   0: 0x8000882a (0x00499213) slli    tp, s3, 4
core   0: 3 0x8000882a (0x00499213) x4  0x000047a0
core   0: 0x8000882e (0x4386ef37) lui     t5, 0x4386e
core   0: 3 0x8000882e (0x4386ef37) x30 0x4386e000
core   0: 0x80008832 (0x00008f79) c.and   a4, a4
core   0: 3 0x80008832 (0x8f79) x14 0x00000000
core   0: 0x80008834 (0x0206f9b3) remu    s3, a3, zero
core   0: 3 0x80008834 (0x0206f9b3) x19 0x000004ff
core   0: 0x80008838 (0x78be8f93) addi    t6, t4, 1931
core   0: 3 0x80008838 (0x78be8f93) x31 0xfffff22c
core   0: 0x8000883c (0x00000001) c.nop
core   0: 3 0x8000883c (0x0001)
core   0: 0x8000883e (0x00000001) c.nop
core   0: 3 0x8000883e (0x0001)
core   0: 0x80008840 (0x00008ded) c.and   a1, a1
core   0: 3 0x80008840 (0x8ded) x11 0x000007e0
core   0: 0x80008842 (0x001d0533) add     a0, s10, ra
core   0: 3 0x80008842 (0x001d0533) x10 0x00000081
core   0: 0x80008846 (0x0000c29d) c.beqz  a3, pc + 38
core   0: 3 0x80008846 (0xc29d)
core   0: 0x80008848 (0x0015cab3) xor     s5, a1, ra
core   0: 3 0x80008848 (0x0015cab3) x21 0x000007e1
core   0: 0x8000884c (0x01266cb3) or      s9, a2, s2
core   0: 3 0x8000884c (0x01266cb3) x25 0x8c90ae6f
core   0: 0x80008850 (0x0000ea01) c.bnez  a2, pc + 16
core   0: 3 0x80008850 (0xea01)
core   0: 0x80008860 (0x013c1fb3) sll     t6, s8, s3
core   0: 3 0x80008860 (0x013c1fb3) x31 0x00000000
core   0: 0x80008864 (0x00008e31) c.xor   a2, a2
core   0: 3 0x80008864 (0x8e31) x12 0x00000000
core   0: 0x80008866 (0x00000001) c.nop
core   0: 3 0x80008866 (0x0001)
core   0: 0x80008868 (0x00366d63) bltu    a2, gp, pc + 26
core   0: 3 0x80008868 (0x00366d63)
core   0: 0x80008882 (0x8e721817) auipc   a6, 0x8e721
core   0: 3 0x80008882 (0x8e721817) x16 0x0e729882
core   0: 0x80008886 (0x00000199) c.addi  gp, 6
core   0: 3 0x80008886 (0x0199) x3  0x00000046
core   0: 0x80008888 (0x033db6b3) mulhu   a3, s11, s3
core   0: 3 0x80008888 (0x033db6b3) x13 0x00000000
core   0: 0x8000888c (0x00d09fb3) sll     t6, ra, a3
core   0: 3 0x8000888c (0x00d09fb3) x31 0x00000001
core   0: 0x80008890 (0x037580b3) mul     ra, a1, s7
core   0: 3 0x80008890 (0x037580b3) x1  0x12a75380
core   0: 0x80008894 (0x028fec63) bltu    t6, s0, pc + 56
core   0: 3 0x80008894 (0x028fec63)
core   0: 0x800088cc (0x00004565) c.li    a0, 25
core   0: 3 0x800088cc (0x4565) x10 0x00000019
core   0: 0x800088ce (0x031a0db3) mul     s11, s4, a7
core   0: 3 0x800088ce (0x031a0db3) x27 0x00000000
core   0: 0x800088d2 (0x00000001) c.nop
core   0: 3 0x800088d2 (0x0001)
core   0: 0x800088d4 (0x00671033) sll     zero, a4, t1
core   0: 3 0x800088d4 (0x00671033)
core   0: 0x800088d8 (0x028a8b63) beq     s5, s0, pc + 54
core   0: 3 0x800088d8 (0x028a8b63)
core   0: 0x800088dc (0x000003ea) c.slli  t2, 26
core   0: 3 0x800088dc (0x03ea) x7  0x00000000
core   0: 0x800088de (0x2b596b37) lui     s6, 0x2b596
core   0: 3 0x800088de (0x2b596b37) x22 0x2b596000
core   0: 0x800088e2 (0x00008d5d) c.or    a0, a5
core   0: 3 0x800088e2 (0x8d5d) x10 0x00000019
core   0: 0x800088e4 (0x00000001) c.nop
core   0: 3 0x800088e4 (0x0001)
core   0: 0x800088e6 (0x00008cc1) c.or    s1, s0
core   0: 3 0x800088e6 (0x8cc1) x9  0x9fe87000
core   0: 0x800088e8 (0x02ca4733) div     a4, s4, a2
core   0: 3 0x800088e8 (0x02ca4733) x14 0xffffffff
core   0: 0x800088ec (0x97aaa713) slti    a4, s5, -1670
core   0: 3 0x800088ec (0x97aaa713) x14 0x00000000
core   0: 0x800088f0 (0x0202cab3) div     s5, t0, zero
core   0: 3 0x800088f0 (0x0202cab3) x21 0xffffffff
core   0: 0x800088f4 (0x000085bd) c.srai  a1, 15
core   0: 3 0x800088f4 (0x85bd) x11 0x00000000
core   0: 0x800088f6 (0x028d6463) bltu    s10, s0, pc + 40
core   0: 3 0x800088f6 (0x028d6463)
core   0: 0x8000891e (0x00eb0ab3) add     s5, s6, a4
core   0: 3 0x8000891e (0x00eb0ab3) x21 0x2b596000
core   0: 0x80008922 (0x00975963) bge     a4, s1, pc + 18
core   0: 3 0x80008922 (0x00975963)
core   0: 0x80008934 (0xd3198813) addi    a6, s3, -719
core   0: 3 0x80008934 (0xd3198813) x16 0x00000230
core   0: 0x80008938 (0x00fb4333) xor     t1, s6, a5
core   0: 3 0x80008938 (0x00fb4333) x6  0x2b596000
core   0: 0x8000893c (0x00008aa2) c.mv    s5, s0
core   0: 3 0x8000893c (0x8aa2) x21 0x1f000000
core   0: 0x8000893e (0x015fd333) srl     t1, t6, s5
core   0: 3 0x8000893e (0x015fd333) x6  0x00000001
core   0: 0x80008942 (0x406edf13) srai    t5, t4, 6
core   0: 3 0x80008942 (0x406edf13) x30 0xffffffaa
core   0: 0x80008946 (0x00009c92) c.add   s9, tp
core   0: 3 0x80008946 (0x9c92) x25 0x8c90f60f
core   0: 0x80008948 (0x00dc9193) slli    gp, s9, 13
core   0: 3 0x80008948 (0x00dc9193) x3  0x1ec1e000
core   0: 0x8000894c (0x00980463) beq     a6, s1, pc + 8
core   0: 3 0x8000894c (0x00980463)
core   0: 0x80008950 (0x02a94063) blt     s2, a0, pc + 32
core   0: 3 0x80008950 (0x02a94063)
core   0: 0x80008970 (0x00d7d833) srl     a6, a5, a3
core   0: 3 0x80008970 (0x00d7d833) x16 0x00000000
core   0: 0x80008974 (0x45742493) slti    s1, s0, 1111
core   0: 3 0x80008974 (0x45742493) x9  0x00000000
core   0: 0x80008978 (0x00008dc5) c.or    a1, s1
core   0: 3 0x80008978 (0x8dc5) x11 0x00000000
core   0: 0x8000897a (0x03d3cab3) div     s5, t2, t4
core   0: 3 0x8000897a (0x03d3cab3) x21 0x00000000
core   0: 0x8000897e (0x00006a9d) c.lui   s5, 0x7
core   0: 3 0x8000897e (0x6a9d) x21 0x00007000
core   0: 0x80008980 (0x000086f1) c.srai  a3, 28
core   0: 3 0x80008980 (0x86f1) x13 0x00000000
core   0: 0x80008982 (0x906b79b7) lui     s3, 0x906b7
core   0: 3 0x80008982 (0x906b79b7) x19 0x906b7000
core   0: 0x80008986 (0x00006119) c.addi16sp sp, 384
core   0: 3 0x80008986 (0x6119) x2  0x0000017e
core   0: 0x80008988 (0xcf3a5ab7) lui     s5, 0xcf3a5
core   0: 3 0x80008988 (0xcf3a5ab7) x21 0xcf3a5000
core   0: 0x8000898c (0x40510cb3) sub     s9, sp, t0
core   0: 3 0x8000898c (0x40510cb3) x25 0x0000017e
core   0: 0x80008990 (0x02622c33) mulhsu  s8, tp, t1
core   0: 3 0x80008990 (0x02622c33) x24 0x00000000
core   0: 0x80008994 (0x026064b3) rem     s1, zero, t1
core   0: 3 0x80008994 (0x026064b3) x9  0x00000000
core   0: 0x80008998 (0x024b8563) beq     s7, tp, pc + 42
core   0: 3 0x80008998 (0x024b8563)
core   0: 0x8000899c (0x00009dc6) c.add   s11, a7
core   0: 3 0x8000899c (0x9dc6) x27 0x80029ce4
core   0: 0x8000899e (0xf18dec97) auipc   s9, 0xf18de
core   0: 3 0x8000899e (0xf18dec97) x25 0x718e699e
core   0: 0x800089a2 (0x03a7f1b3) remu    gp, a5, s10
core   0: 3 0x800089a2 (0x03a7f1b3) x3  0x00000000
core   0: 0x800089a6 (0x0291fdb3) remu    s11, gp, s1
core   0: 3 0x800089a6 (0x0291fdb3) x27 0x00000000
core   0: 0x800089aa (0x00009afd) c.andi  a3, -1
core   0: 3 0x800089aa (0x9afd) x13 0x00000000
core   0: 0x800089ac (0x00fd5b33) srl     s6, s10, a5
core   0: 3 0x800089ac (0x00fd5b33) x22 0x00000080
core   0: 0x800089b0 (0xb8347a97) auipc   s5, 0xb8347
core   0: 3 0x800089b0 (0xb8347a97) x21 0x3834f9b0
core   0: 0x800089b4 (0x02692033) mulhsu  zero, s2, t1
core   0: 3 0x800089b4 (0x02692033)
core   0: 0x800089b8 (0x02e2fd63) bgeu    t0, a4, pc + 58
core   0: 3 0x800089b8 (0x02e2fd63)
core   0: 0x800089f2 (0x016f4533) xor     a0, t5, s6
core   0: 3 0x800089f2 (0x016f4533) x10 0xffffff2a
core   0: 0x800089f6 (0x0144da93) srli    s5, s1, 20
core   0: 3 0x800089f6 (0x0144da93) x21 0x00000000
core   0: 0x800089fa (0x0000627d) c.lui   tp, 0x1f
core   0: 3 0x800089fa (0x627d) x4  0x0001f000
core   0: 0x800089fc (0x03bd0f33) mul     t5, s10, s11
core   0: 3 0x800089fc (0x03bd0f33) x30 0x00000000
core   0: 0x80008a00 (0x03444133) div     sp, s0, s4
core   0: 3 0x80008a00 (0x03444133) x2  0xffffffff
core   0: 0x80008a04 (0x0154d763) bge     s1, s5, pc + 14
core   0: 3 0x80008a04 (0x0154d763)
core   0: 0x80008a12 (0x02a6a233) mulhsu  tp, a3, a0
core   0: 3 0x80008a12 (0x02a6a233) x4  0x00000000
core   0: 0x80008a16 (0xac013a93) sltiu   s5, sp, -1344
core   0: 3 0x80008a16 (0xac013a93) x21 0x00000000
core   0: 0x80008a1a (0x01694f63) blt     s2, s6, pc + 30
core   0: 3 0x80008a1a (0x01694f63)
core   0: 0x80008a38 (0x00008c45) c.or    s0, s1
core   0: 3 0x80008a38 (0x8c45) x8  0x1f000000
core   0: 0x80008a3a (0x41850fb3) sub     t6, a0, s8
core   0: 3 0x80008a3a (0x41850fb3) x31 0xffffff2a
core   0: 0x80008a3e (0x01048cb3) add     s9, s1, a6
core   0: 3 0x80008a3e (0x01048cb3) x25 0x00000000
core   0: 0x80008a42 (0x00008eb1) c.xor   a3, a2
core   0: 3 0x80008a42 (0x8eb1) x13 0x00000000
core   0: 0x80008a44 (0x40a5d2b3) sra     t0, a1, a0
core   0: 3 0x80008a44 (0x40a5d2b3) x5  0x00000000
core   0: 0x80008a48 (0x003a23b3) slt     t2, s4, gp
core   0: 3 0x80008a48 (0x003a23b3) x7  0x00000000
core   0: 0x80008a4c (0x03e27533) remu    a0, tp, t5
core   0: 3 0x80008a4c (0x03e27533) x10 0x00000000
core   0: 0x80008a50 (0x0000908e) c.add   ra, gp
core   0: 3 0x80008a50 (0x908e) x1  0x12a75380
core   0: 0x80008a52 (0xbcea2c93) slti    s9, s4, -1074
core   0: 3 0x80008a52 (0xbcea2c93) x25 0x00000000
core   0: 0x80008a56 (0x0000717d) c.addi16sp sp, -16
core   0: 3 0x80008a56 (0x717d) x2  0xffffffef
core   0: 0x80008a58 (0x039076b3) remu    a3, zero, s9
core   0: 3 0x80008a58 (0x039076b3) x13 0x00000000
core   0: 0x80008a5c (0x03a72f33) mulhsu  t5, a4, s10
core   0: 3 0x80008a5c (0x03a72f33) x30 0x00000000
core   0: 0x80008a60 (0x0059d833) srl     a6, s3, t0
core   0: 3 0x80008a60 (0x0059d833) x16 0x906b7000
core   0: 0x80008a64 (0x3be38193) addi    gp, t2, 958
core   0: 3 0x80008a64 (0x3be38193) x3  0x000003be
core   0: 0x80008a68 (0x00000001) c.nop
core   0: 3 0x80008a68 (0x0001)
core   0: 0x80008a6a (0xef73b113) sltiu   sp, t2, -265
core   0: 3 0x80008a6a (0xef73b113) x2  0x00000001
core   0: 0x80008a6e (0x00006d65) c.lui   s10, 0x19
core   0: 3 0x80008a6e (0x6d65) x26 0x00019000
core   0: 0x80008a70 (0x0000031a) c.slli  t1, 6
core   0: 3 0x80008a70 (0x031a) x6  0x00000040
core   0: 0x80008a72 (0x0000177d) c.addi  a4, -1
core   0: 3 0x80008a72 (0x177d) x14 0xffffffff
core   0: 0x80008a74 (0x00b19f93) slli    t6, gp, 11
core   0: 3 0x80008a74 (0x00b19f93) x31 0x001df000
core   0: 0x80008a78 (0x000084c1) c.srai  s1, 16
core   0: 3 0x80008a78 (0x84c1) x9  0x00000000
core   0: 0x80008a7a (0x00008cd1) c.or    s1, a2
core   0: 3 0x80008a7a (0x8cd1) x9  0x00000000
core   0: 0x80008a7c (0xf9404293) xori    t0, zero, -108
core   0: 3 0x80008a7c (0xf9404293) x5  0xffffff94
core   0: 0x80008a80 (0x00008eb5) c.xor   a3, a3
core   0: 3 0x80008a80 (0x8eb5) x13 0x00000000
core   0: 0x80008a82 (0x01ebbdb3) sltu    s11, s7, t5
core   0: 3 0x80008a82 (0x01ebbdb3) x27 0x00000000
core   0: 0x80008a86 (0x03b3c533) div     a0, t2, s11
core   0: 3 0x80008a86 (0x03b3c533) x10 0xffffffff
core   0: 0x80008a8a (0x00008139) c.srli  a0, 14
core   0: 3 0x80008a8a (0x8139) x10 0x0003ffff
core   0: 0x80008a8c (0x018fd4b3) srl     s1, t6, s8
core   0: 3 0x80008a8c (0x018fd4b3) x9  0x001df000
core   0: 0x80008a90 (0x02e8dfb3) divu    t6, a7, a4
core   0: 3 0x80008a90 (0x02e8dfb3) x31 0x00000000
core   0: 0x80008a94 (0x03556963) bltu    a0, s5, pc + 50
core   0: 3 0x80008a94 (0x03556963)
core   0: 0x80008a98 (0x00008fd9) c.or    a5, a4
core   0: 3 0x80008a98 (0x8fd9) x15 0xffffffff
core   0: 0x80008a9a (0x02a9acb3) mulhsu  s9, s3, a0
core   0: 3 0x80008a9a (0x02a9acb3) x25 0xfffe41ae
core   0: 0x80008a9e (0x61e9d837) lui     a6, 0x61e9d
core   0: 3 0x80008a9e (0x61e9d837) x16 0x61e9d000
core   0: 0x80008aa2 (0x000006da) c.slli  a3, 22
core   0: 3 0x80008aa2 (0x06da) x13 0x00000000
core   0: 0x80008aa4 (0x00000f5e) c.slli  t5, 23
core   0: 3 0x80008aa4 (0x0f5e) x30 0x00000000
core   0: 0x80008aa6 (0x000004f9) c.addi  s1, 30
core   0: 3 0x80008aa6 (0x04f9) x9  0x001df01e
core   0: 0x80008aa8 (0x00006ae1) c.lui   s5, 0x18
core   0: 3 0x80008aa8 (0x6ae1) x21 0x00018000
core   0: 0x80008aaa (0x005fd6b3) srl     a3, t6, t0
core   0: 3 0x80008aaa (0x005fd6b3) x13 0x00000000
core   0: 0x80008aae (0x02a48fb3) mul     t6, s1, a0
core   0: 3 0x80008aae (0x02a48fb3) x31 0xc05a0fe2
core   0: 0x80008ab2 (0x00008d62) c.mv    s10, s8
core   0: 3 0x80008ab2 (0x8d62) x26 0x00000000
core   0: 0x80008ab4 (0x413383b3) sub     t2, t2, s3
core   0: 3 0x80008ab4 (0x413383b3) x7  0x6f949000
core   0: 0x80008ab8 (0x00006159) c.addi16sp sp, 400
core   0: 3 0x80008ab8 (0x6159) x2  0x00000191
core   0: 0x80008aba (0x00b78eb3) add     t4, a5, a1
core   0: 3 0x80008aba (0x00b78eb3) x29 0xffffffff
core   0: 0x80008abe (0x000060ad) c.lui   ra, 0xb
core   0: 3 0x80008abe (0x60ad) x1  0x0000b000
core   0: 0x80008ac0 (0x0269a133) mulhsu  sp, s3, t1
core   0: 3 0x80008ac0 (0x0269a133) x2  0xffffffe4
core   0: 0x80008ac4 (0x000007ae) c.slli  a5, 11
core   0: 3 0x80008ac4 (0x07ae) x15 0xfffff800
core   0: 0x80008ac6 (0x000050fd) c.li    ra, -1
core   0: 3 0x80008ac6 (0x50fd) x1  0xffffffff
core   0: 0x80008ac8 (0x00008fd5) c.or    a5, a3
core   0: 3 0x80008ac8 (0x8fd5) x15 0xfffff800
core   0: 0x80008aca (0x013b8963) beq     s7, s3, pc + 18
core   0: 3 0x80008aca (0x013b8963)
core   0: 0x80008ace (0x01dfbfb3) sltu    t6, t6, t4
core   0: 3 0x80008ace (0x01dfbfb3) x31 0x00000001
core   0: 0x80008ad2 (0x02fc9033) mulh    zero, s9, a5
core   0: 3 0x80008ad2 (0x02fc9033)
core   0: 0x80008ad6 (0x00000001) c.nop
core   0: 3 0x80008ad6 (0x0001)
core   0: 0x80008ad8 (0x411981b3) sub     gp, s3, a7
core   0: 3 0x80008ad8 (0x411981b3) x3  0x1068d31c
core   0: 0x80008adc (0x00008b91) c.andi  a5, 4
core   0: 3 0x80008adc (0x8b91) x15 0x00000000
core   0: 0x80008ade (0x6c63a413) slti    s0, t2, 1734
core   0: 3 0x80008ade (0x6c63a413) x8  0x00000000
core   0: 0x80008ae2 (0x00337563) bgeu    t1, gp, pc + 10
core   0: 3 0x80008ae2 (0x00337563)
core   0: 0x80008ae6 (0xacc73693) sltiu   a3, a4, -1332
core   0: 3 0x80008ae6 (0xacc73693) x13 0x00000000
core   0: 0x80008aea (0x00000001) c.nop
core   0: 3 0x80008aea (0x0001)
core   0: 0x80008aec (0x00001e0c) c.addi4spn a1, sp, 816
core   0: 3 0x80008aec (0x1e0c) x11 0x00000314
core   0: 0x80008aee (0x00008ec9) c.or    a3, a0
core   0: 3 0x80008aee (0x8ec9) x13 0x0003ffff
core   0: 0x80008af0 (0x03921863) bne     tp, s9, pc + 48
core   0: 3 0x80008af0 (0x03921863)
core   0: 0x80008b20 (0x00c641b3) xor     gp, a2, a2
core   0: 3 0x80008b20 (0x00c641b3) x3  0x00000000
core   0: 0x80008b24 (0xf0a97113) andi    sp, s2, -246
core   0: 3 0x80008b24 (0xf0a97113) x2  0x8c90aa08
core   0: 0x80008b28 (0x02659f33) mulh    t5, a1, t1
core   0: 3 0x80008b28 (0x02659f33) x30 0x00000000
core   0: 0x80008b2c (0x01a0e033) or      zero, ra, s10
core   0: 3 0x80008b2c (0x01a0e033)
core   0: 0x80008b30 (0x0000ef11) c.bnez  a4, pc + 28
core   0: 3 0x80008b30 (0xef11)
core   0: 0x80008b4c (0x401e0133) sub     sp, t3, ra
core   0: 3 0x80008b4c (0x401e0133) x2  0x00000001
core   0: 0x80008b50 (0x012ee533) or      a0, t4, s2
core   0: 3 0x80008b50 (0x012ee533) x10 0xffffffff
core   0: 0x80008b54 (0x01cf11b3) sll     gp, t5, t3
core   0: 3 0x80008b54 (0x01cf11b3) x3  0x00000000
core   0: 0x80008b58 (0x0056d413) srli    s0, a3, 5
core   0: 3 0x80008b58 (0x0056d413) x8  0x00001fff
core   0: 0x80008b5c (0x01feb9b3) sltu    s3, t4, t6
core   0: 3 0x80008b5c (0x01feb9b3) x19 0x00000000
core   0: 0x80008b60 (0x72a1be97) auipc   t4, 0x72a1b
core   0: 3 0x80008b60 (0x72a1be97) x29 0xf2a23b60
core   0: 0x80008b64 (0x90eea193) slti    gp, t4, -1778
core   0: 3 0x80008b64 (0x90eea193) x3  0x00000001
core   0: 0x80008b68 (0x026b51b3) divu    gp, s6, t1
core   0: 3 0x80008b68 (0x026b51b3) x3  0x00000002
core   0: 0x80008b6c (0x0000c00d) c.beqz  s0, pc + 34
core   0: 3 0x80008b6c (0xc00d)
core   0: 0x80008b6e (0x03bae9b3) rem     s3, s5, s11
core   0: 3 0x80008b6e (0x03bae9b3) x19 0x00018000
core   0: 0x80008b72 (0x000009ce) c.slli  s3, 19
core   0: 3 0x80008b72 (0x09ce) x19 0x00000000
core   0: 0x80008b74 (0x033d3f33) mulhu   t5, s10, s3
core   0: 3 0x80008b74 (0x033d3f33) x30 0x00000000
core   0: 0x80008b78 (0x03a25433) divu    s0, tp, s10
core   0: 3 0x80008b78 (0x03a25433) x8  0xffffffff
core   0: 0x80008b7c (0x03999633) mulh    a2, s3, s9
core   0: 3 0x80008b7c (0x03999633) x12 0x00000000
core   0: 0x80008b80 (0x0388e833) rem     a6, a7, s8
core   0: 3 0x80008b80 (0x0388e833) x16 0x80029ce4
core   0: 0x80008b84 (0x00001004) c.addi4spn s1, sp, 32
core   0: 3 0x80008b84 (0x1004) x9  0x00000021
core   0: 0x80008b86 (0x015e8fb3) add     t6, t4, s5
core   0: 3 0x80008b86 (0x015e8fb3) x31 0xf2a3bb60
core   0: 0x80008b8a (0x8521cc13) xori    s8, gp, -1966
core   0: 3 0x80008b8a (0x8521cc13) x24 0xfffff850
core   0: 0x80008b8e (0x4093d1b3) sra     gp, t2, s1
core   0: 3 0x80008b8e (0x4093d1b3) x3  0x37ca4800
core   0: 0x80008b92 (0x02eaf0b3) remu    ra, s5, a4
core   0: 3 0x80008b92 (0x02eaf0b3) x1  0x00018000
core   0: 0x80008b96 (0x0029cfb3) xor     t6, s3, sp
core   0: 3 0x80008b96 (0x0029cfb3) x31 0x00000001
core   0: 0x80008b9a (0x03fa33b3) mulhu   t2, s4, t6
core   0: 3 0x80008b9a (0x03fa33b3) x7  0x00000000
core   0: 0x80008b9e (0x0058dd93) srli    s11, a7, 5
core   0: 3 0x80008b9e (0x0058dd93) x27 0x040014e7
core   0: 0x80008ba2 (0x00008bf1) c.andi  a5, 28
core   0: 3 0x80008ba2 (0x8bf1) x15 0x00000000
core   0: 0x80008ba4 (0x0210d533) divu    a0, ra, ra
core   0: 3 0x80008ba4 (0x0210d533) x10 0x00000001
core   0: 0x80008ba8 (0x03adcc33) div     s8, s11, s10
core   0: 3 0x80008ba8 (0x03adcc33) x24 0xffffffff
core   0: 0x80008bac (0x02763733) mulhu   a4, a2, t2
core   0: 3 0x80008bac (0x02763733) x14 0x00000000
core   0: 0x80008bb0 (0x032731b3) mulhu   gp, a4, s2
core   0: 3 0x80008bb0 (0x032731b3) x3  0x00000000
core   0: 0x80008bb4 (0x01d99263) bne     s3, t4, pc + 4
core   0: 3 0x80008bb4 (0x01d99263)
core   0: 0x80008bb8 (0x03557e63) bgeu    a0, s5, pc + 60
core   0: 3 0x80008bb8 (0x03557e63)
core   0: 0x80008bbc (0x00000446) c.slli  s0, 17
core   0: 3 0x80008bbc (0x0446) x8  0xfffe0000
core   0: 0x80008bbe (0x00008f05) c.sub   a4, s1
core   0: 3 0x80008bbe (0x8f05) x14 0xffffffdf
core   0: 0x80008bc0 (0x016f5133) srl     sp, t5, s6
core   0: 3 0x80008bc0 (0x016f5133) x2  0x00000000
core   0: 0x80008bc4 (0x00006135) c.addi16sp sp, 352
core   0: 3 0x80008bc4 (0x6135) x2  0x00000160
core   0: 0x80008bc6 (0x00008ef2) c.mv    t4, t3
core   0: 3 0x80008bc6 (0x8ef2) x29 0x00000000
core   0: 0x80008bc8 (0x00008e85) c.sub   a3, s1
core   0: 3 0x80008bc8 (0x8e85) x13 0x0003ffde
core   0: 0x80008bca (0x02c96b33) rem     s6, s2, a2
core   0: 3 0x80008bca (0x02c96b33) x22 0x8c90aa29
core   0: 0x80008bce (0x00008f95) c.sub   a5, a3
core   0: 3 0x80008bce (0x8f95) x15 0xfffc0022
core   0: 0x80008bd0 (0x03f18ab3) mul     s5, gp, t6
core   0: 3 0x80008bd0 (0x03f18ab3) x21 0x00000000
core   0: 0x80008bd4 (0x0000017a) c.slli  sp, 30
core   0: 3 0x80008bd4 (0x017a) x2  0x00000000
core   0: 0x80008bd6 (0x00000c00) c.addi4spn s0, sp, 528
core   0: 3 0x80008bd6 (0x0c00) x8  0x00000210
core   0: 0x80008bd8 (0x00008ce5) c.and   s1, s1
core   0: 3 0x80008bd8 (0x8ce5) x9  0x00000021
core   0: 0x80008bda (0xd4ebafb7) lui     t6, 0xd4eba
core   0: 3 0x80008bda (0xd4ebafb7) x31 0xd4eba000
core   0: 0x80008bde (0x02494833) div     a6, s2, tp
core   0: 3 0x80008bde (0x02494833) x16 0xffffffff
core   0: 0x80008be2 (0x03f68463) beq     a3, t6, pc + 40
core   0: 3 0x80008be2 (0x03f68463)
core   0: 0x80008be6 (0x00965f33) srl     t5, a2, s1
core   0: 3 0x80008be6 (0x00965f33) x30 0x00000000
core   0: 0x80008bea (0x0f87c613) xori    a2, a5, 248
core   0: 3 0x80008bea (0x0f87c613) x12 0xfffc00da
core   0: 0x80008bee (0x000089ea) c.mv    s3, s10
core   0: 3 0x80008bee (0x89ea) x19 0x00000000
core   0: 0x80008bf0 (0x02872f33) mulhsu  t5, a4, s0
core   0: 3 0x80008bf0 (0x02872f33) x30 0xffffffff
core   0: 0x80008bf4 (0x00b25093) srli    ra, tp, 11
core   0: 3 0x80008bf4 (0x00b25093) x1  0x00000000
core   0: 0x80008bf8 (0x01daf733) and     a4, s5, t4
core   0: 3 0x80008bf8 (0x01daf733) x14 0x00000000
core   0: 0x80008bfc (0x00008e8d) c.sub   a3, a1
core   0: 3 0x80008bfc (0x8e8d) x13 0x0003fcca
core   0: 0x80008bfe (0x40570c33) sub     s8, a4, t0
core   0: 3 0x80008bfe (0x40570c33) x24 0x0000006c
core   0: 0x80008c02 (0x01ffdab3) srl     s5, t6, t6
core   0: 3 0x80008c02 (0x01ffdab3) x21 0xd4eba000
core   0: 0x80008c06 (0x003385b3) add     a1, t2, gp
core   0: 3 0x80008c06 (0x003385b3) x11 0x00000000
core   0: 0x80008c0a (0x00008c16) c.mv    s8, t0
core   0: 3 0x80008c0a (0x8c16) x24 0xffffff94
core   0: 0x80008c0c (0x025af863) bgeu    s5, t0, pc + 48
core   0: 3 0x80008c0c (0x025af863)
core   0: 0x80008c10 (0x5ec83e37) lui     t3, 0x5ec83
core   0: 3 0x80008c10 (0x5ec83e37) x28 0x5ec83000
core   0: 0x80008c14 (0x0243d533) divu    a0, t2, tp
core   0: 3 0x80008c14 (0x0243d533) x10 0xffffffff
core   0: 0x80008c18 (0x00008f8d) c.sub   a5, a1
core   0: 3 0x80008c18 (0x8f8d) x15 0xfffc0022
core   0: 0x80008c1a (0x02f7e433) rem     s0, a5, a5
core   0: 3 0x80008c1a (0x02f7e433) x8  0x00000000
core   0: 0x80008c1e (0x029f1db3) mulh    s11, t5, s1
core   0: 3 0x80008c1e (0x029f1db3) x27 0xffffffff
core   0: 0x80008c22 (0x038ba833) mulhsu  a6, s7, s8
core   0: 3 0x80008c22 (0x038ba833) x16 0x80025e99
core   0: 0x80008c26 (0x000013fd) c.addi  t2, -1
core   0: 3 0x80008c26 (0x13fd) x7  0xffffffff
core   0: 0x80008c28 (0x00000001) c.nop
core   0: 3 0x80008c28 (0x0001)
core   0: 0x80008c2a (0x037ec233) div     tp, t4, s7
core   0: 3 0x80008c2a (0x037ec233) x4  0x00000000
core   0: 0x80008c2e (0x413dd713) srai    a4, s11, 19
core   0: 3 0x80008c2e (0x413dd713) x14 0xffffffff
core   0: 0x80008c32 (0x00008c79) c.and   s0, a4
core   0: 3 0x80008c32 (0x8c79) x8  0x00000000
core   0: 0x80008c34 (0x03bbfdb3) remu    s11, s7, s11
core   0: 3 0x80008c34 (0x03bbfdb3) x27 0x80025e64
core   0: 0x80008c38 (0x00006411) c.lui   s0, 0x4
core   0: 3 0x80008c38 (0x6411) x8  0x00004000
core   0: 0x80008c3a (0x0000957e) c.add   a0, t6
core   0: 3 0x80008c3a (0x957e) x10 0xd4eb9fff
core   0: 0x80008c3c (0x00f01d93) slli    s11, zero, 15
core   0: 3 0x80008c3c (0x00f01d93) x27 0x00000000
core   0: 0x80008c40 (0x02546db3) rem     s11, s0, t0
core   0: 3 0x80008c40 (0x02546db3) x27 0x0000004c
core   0: 0x80008c44 (0x00008cb5) c.xor   s1, a3
core   0: 3 0x80008c44 (0x8cb5) x9  0x0003fceb
core   0: 0x80008c46 (0x000009de) c.slli  s3, 23
core   0: 3 0x80008c46 (0x09de) x19 0x00000000
core   0: 0x80008c48 (0x00371e33) sll     t3, a4, gp
core   0: 3 0x80008c48 (0x00371e33) x28 0xffffffff
core   0: 0x80008c4c (0x00009296) c.add   t0, t0
core   0: 3 0x80008c4c (0x9296) x5  0xffffff28
core   0: 0x80008c4e (0x000087c1) c.srai  a5, 16
core   0: 3 0x80008c4e (0x87c1) x15 0xfffffffc
core   0: 0x80008c50 (0x005462b3) or      t0, s0, t0
core   0: 3 0x80008c50 (0x005462b3) x5  0xffffff28
core   0: 0x80008c54 (0x01c8d563) bge     a7, t3, pc + 10
core   0: 3 0x80008c54 (0x01c8d563)
core   0: 0x80008c58 (0xf6007b13) andi    s6, zero, -160
core   0: 3 0x80008c58 (0xf6007b13) x22 0x00000000
core   0: 0x80008c5c (0x00004175) c.li    sp, 29
core   0: 3 0x80008c5c (0x4175) x2  0x0000001d
core   0: 0x80008c5e (0x02024763) bltz    tp, pc + 46
core   0: 3 0x80008c5e (0x02024763)
core   0: 0x80008c62 (0x000089ba) c.mv    s3, a4
core   0: 3 0x80008c62 (0x89ba) x19 0xffffffff
core   0: 0x80008c64 (0x00008611) c.srai  a2, 4
core   0: 3 0x80008c64 (0x8611) x12 0xffffc00d
core   0: 0x80008c66 (0x01701263) bne     zero, s7, pc + 4
core   0: 3 0x80008c66 (0x01701263)
core   0: 0x80008c6a (0x02587733) remu    a4, a6, t0
core   0: 3 0x80008c6a (0x02587733) x14 0x80025e99
core   0: 0x80008c6e (0x00d3cb33) xor     s6, t2, a3
core   0: 3 0x80008c6e (0x00d3cb33) x22 0xfffc0335
core   0: 0x80008c72 (0x012f4b63) blt     t5, s2, pc + 22
core   0: 3 0x80008c72 (0x012f4b63)
core   0: 0x80008c76 (0x00008e22) c.mv    t3, s0
core   0: 3 0x80008c76 (0x8e22) x28 0x00004000
core   0: 0x80008c78 (0x00008e51) c.or    a2, a2
core   0: 3 0x80008c78 (0x8e51) x12 0xffffc00d
core   0: 0x80008c7a (0x40c05713) srai    a4, zero, 12
core   0: 3 0x80008c7a (0x40c05713) x14 0x00000000
core   0: 0x80008c7e (0x00009fba) c.add   t6, a4
core   0: 3 0x80008c7e (0x9fba) x31 0xd4eba000
core   0: 0x80008c80 (0x416c0d33) sub     s10, s8, s6
core   0: 3 0x80008c80 (0x416c0d33) x26 0x0003fc5f
core   0: 0x80008c84 (0x03feaab3) mulhsu  s5, t4, t6
core   0: 3 0x80008c84 (0x03feaab3) x21 0x00000000
core   0: 0x80008c88 (0x0348f863) bgeu    a7, s4, pc + 48
core   0: 3 0x80008c88 (0x0348f863)
core   0: 0x80008cb8 (0x008f2c33) slt     s8, t5, s0
core   0: 3 0x80008cb8 (0x008f2c33) x24 0x00000001
core   0: 0x80008cbc (0x01c14663) blt     sp, t3, pc + 12
core   0: 3 0x80008cbc (0x01c14663)
core   0: 0x80008cc8 (0x00bade63) bge     s5, a1, pc + 28
core   0: 3 0x80008cc8 (0x00bade63)
core   0: 0x80008ce4 (0x427cb213) sltiu   tp, s9, 1063
core   0: 3 0x80008ce4 (0x427cb213) x4  0x00000000
core   0: 0x80008ce8 (0x0000874d) c.srai  a4, 19
core   0: 3 0x80008ce8 (0x874d) x14 0x00000000
core   0: 0x80008cea (0x000086a9) c.srai  a3, 10
core   0: 3 0x80008cea (0x86a9) x13 0x000000ff
core   0: 0x80008cec (0x00000839) c.addi  a6, 14
core   0: 3 0x80008cec (0x0839) x16 0x80025ea7
core   0: 0x80008cee (0x41430db3) sub     s11, t1, s4
core   0: 3 0x80008cee (0x41430db3) x27 0x00000040
core   0: 0x80008cf2 (0xca61ca93) xori    s5, gp, -858
core   0: 3 0x80008cf2 (0xca61ca93) x21 0xfffffca6
core   0: 0x80008cf6 (0x1f558393) addi    t2, a1, 501
core   0: 3 0x80008cf6 (0x1f558393) x7  0x000001f5
core   0: 0x80008cfa (0x039e2b33) mulhsu  s6, t3, s9
core   0: 3 0x80008cfa (0x039e2b33) x22 0x00003fff
core   0: 0x80008cfe (0x0000483d) c.li    a6, 15
core   0: 3 0x80008cfe (0x483d) x16 0x0000000f
core   0: 0x80008d00 (0x0000e40d) c.bnez  s0, pc + 42
core   0: 3 0x80008d00 (0xe40d)
core   0: 0x80008d2a (0x036c6e33) rem     t3, s8, s6
core   0: 3 0x80008d2a (0x036c6e33) x28 0x00000001
core   0: 0x80008d2e (0x000082a1) c.srli  a3, 8
core   0: 3 0x80008d2e (0x82a1) x13 0x00000000
core   0: 0x80008d30 (0x00005b7d) c.li    s6, -1
core   0: 3 0x80008d30 (0x5b7d) x22 0xffffffff
core   0: 0x80008d32 (0x03260e33) mul     t3, a2, s2
core   0: 3 0x80008d32 (0x03260e33) x28 0xf8ce6415
core   0: 0x80008d36 (0x01bded63) bltu    s11, s11, pc + 26
core   0: 3 0x80008d36 (0x01bded63)
core   0: 0x80008d3a (0x0000935e) c.add   t1, s7
core   0: 3 0x80008d3a (0x935e) x6  0x80025ea4
core   0: 0x80008d3c (0x01099a13) slli    s4, s3, 16
core   0: 3 0x80008d3c (0x01099a13) x20 0xffff0000
core   0: 0x80008d40 (0xd8737a93) andi    s5, t1, -633
core   0: 3 0x80008d40 (0xd8737a93) x21 0x80025c84
core   0: 0x80008d44 (0x00008525) c.srai  a0, 9
core   0: 3 0x80008d44 (0x8525) x10 0xffea75cf
core   0: 0x80008d46 (0x00264d63) blt     a2, sp, pc + 26
core   0: 3 0x80008d46 (0x00264d63)
core   0: 0x80008d60 (0xfa38a493) slti    s1, a7, -93
core   0: 3 0x80008d60 (0xfa38a493) x9  0x00000001
core   0: 0x80008d64 (0x00000b80) c.addi4spn s0, sp, 464
core   0: 3 0x80008d64 (0x0b80) x8  0x000001ed
core   0: 0x80008d66 (0x00008c75) c.and   s0, a3
core   0: 3 0x80008d66 (0x8c75) x8  0x00000000
core   0: 0x80008d68 (0x796765b7) lui     a1, 0x79676
core   0: 3 0x80008d68 (0x796765b7) x11 0x79676000
core   0: 0x80008d6c (0x0000517d) c.li    sp, -1
core   0: 3 0x80008d6c (0x517d) x2  0xffffffff
core   0: 0x80008d6e (0x03cb1433) mulh    s0, s6, t3
core   0: 3 0x80008d6e (0x03cb1433) x8  0x00000000
core   0: 0x80008d72 (0x00000001) c.nop
core   0: 3 0x80008d72 (0x0001)
core   0: 0x80008d74 (0x05fddc97) auipc   s9, 0x5fdd
core   0: 3 0x80008d74 (0x05fddc97) x25 0x85fe5d74
core   0: 0x80008d78 (0x000085e1) c.srai  a1, 24
core   0: 3 0x80008d78 (0x85e1) x11 0x00000079
core   0: 0x80008d7a (0x00008fd5) c.or    a5, a3
core   0: 3 0x80008d7a (0x8fd5) x15 0xfffffffc
core   0: 0x80008d7c (0x02dea233) mulhsu  tp, t4, a3
core   0: 3 0x80008d7c (0x02dea233) x4  0x00000000
core   0: 0x80008d80 (0x00000001) c.nop
core   0: 3 0x80008d80 (0x0001)
core   0: 0x80008d82 (0x00928db3) add     s11, t0, s1
core   0: 3 0x80008d82 (0x00928db3) x27 0xffffff29
core   0: 0x80008d86 (0x00ff3033) sltu    zero, t5, a5
core   0: 3 0x80008d86 (0x00ff3033)
core   0: 0x80008d8a (0x05b44163) blt     s0, s11, pc + 66
core   0: 3 0x80008d8a (0x05b44163)
core   0: 0x80008d8e (0x05d29363) bne     t0, t4, pc + 70
core   0: 3 0x80008d8e (0x05d29363)
core   0: 0x80008dd4 (0x001222b3) slt     t0, tp, ra
core   0: 3 0x80008dd4 (0x001222b3) x5  0x00000000
core   0: 0x80008dd8 (0x0000610d) c.addi16sp sp, 160
core   0: 3 0x80008dd8 (0x610d) x2  0x0000009f
core   0: 0x80008dda (0x01f63133) sltu    sp, a2, t6
core   0: 3 0x80008dda (0x01f63133) x2  0x00000000
core   0: 0x80008dde (0x000060ed) c.lui   ra, 0x1b
core   0: 3 0x80008dde (0x60ed) x1  0x0001b000
core   0: 0x80008de0 (0xe0c53697) auipc   a3, 0xe0c53
core   0: 3 0x80008de0 (0xe0c53697) x13 0x60c5bde0
core   0: 0x80008de4 (0x005ad963) bge     s5, t0, pc + 18
core   0: 3 0x80008de4 (0x005ad963)
core   0: 0x80008de8 (0x0000e609) c.bnez  a2, pc + 10
core   0: 3 0x80008de8 (0xe609)
core   0: 0x80008df2 (0x41aad493) srai    s1, s5, 26
core   0: 3 0x80008df2 (0x41aad493) x9  0xffffffe0
core   0: 0x80008df6 (0x001c26b3) slt     a3, s8, ra
core   0: 3 0x80008df6 (0x001c26b3) x13 0x00000001
core   0: 0x80008dfa (0x00009afd) c.andi  a3, -1
core   0: 3 0x80008dfa (0x9afd) x13 0x00000001
core   0: 0x80008dfc (0x00008c0d) c.sub   s0, a1
core   0: 3 0x80008dfc (0x8c0d) x8  0xffffff87
core   0: 0x80008dfe (0x00009c56) c.add   s8, s5
core   0: 3 0x80008dfe (0x9c56) x24 0x80025c85
core   0: 0x80008e00 (0x00000b19) c.addi  s6, 6
core   0: 3 0x80008e00 (0x0b19) x22 0x00000005
core   0: 0x80008e02 (0x02382a33) mulhsu  s4, a6, gp
core   0: 3 0x80008e02 (0x02382a33) x20 0x00000000
core   0: 0x80008e06 (0x02ad6863) bltu    s10, a0, pc + 48
core   0: 3 0x80008e06 (0x02ad6863)
core   0: 0x80008e36 (0x000084d5) c.srai  s1, 21
core   0: 3 0x80008e36 (0x84d5) x9  0xffffffff
core   0: 0x80008e38 (0x000089e5) c.andi  a1, 25
core   0: 3 0x80008e38 (0x89e5) x11 0x00000019
core   0: 0x80008e3a (0x0268c3b3) div     t2, a7, t1
core   0: 3 0x80008e3a (0x0268c3b3) x7  0x00000000
core   0: 0x80008e3e (0x00000df6) c.slli  s11, 29
core   0: 3 0x80008e3e (0x0df6) x27 0x20000000
core   0: 0x80008e40 (0x00001b7d) c.addi  s6, -1
core   0: 3 0x80008e40 (0x1b7d) x22 0x00000004
core   0: 0x80008e42 (0x0087a833) slt     a6, a5, s0
core   0: 3 0x80008e42 (0x0087a833) x16 0x00000000
core   0: 0x80008e46 (0x000081dd) c.srli  a1, 23
core   0: 3 0x80008e46 (0x81dd) x11 0x00000000
core   0: 0x80008e48 (0x01be3b33) sltu    s6, t3, s11
core   0: 3 0x80008e48 (0x01be3b33) x22 0x00000000
core   0: 0x80008e4c (0x00008d22) c.mv    s10, s0
core   0: 3 0x80008e4c (0x8d22) x26 0xffffff87
core   0: 0x80008e4e (0x00004685) c.li    a3, 1
core   0: 3 0x80008e4e (0x4685) x13 0x00000001
core   0: 0x80008e50 (0x00008fdd) c.or    a5, a5
core   0: 3 0x80008e50 (0x8fdd) x15 0xfffffffc
core   0: 0x80008e52 (0x0009d733) srl     a4, s3, zero
core   0: 3 0x80008e52 (0x0009d733) x14 0xffffffff
core   0: 0x80008e56 (0x002977b3) and     a5, s2, sp
core   0: 3 0x80008e56 (0x002977b3) x15 0x00000000
core   0: 0x80008e5a (0x00000001) c.nop
core   0: 3 0x80008e5a (0x0001)
core   0: 0x80008e5c (0x00004ab1) c.li    s5, 12
core   0: 3 0x80008e5c (0x4ab1) x21 0x0000000c
core   0: 0x80008e5e (0x024b9733) mulh    a4, s7, tp
core   0: 3 0x80008e5e (0x024b9733) x14 0x00000000
core   0: 0x80008e62 (0x00006221) c.lui   tp, 0x8
core   0: 3 0x80008e62 (0x6221) x4  0x00008000
core   0: 0x80008e64 (0x00000001) c.nop
core   0: 3 0x80008e64 (0x0001)
core   0: 0x80008e66 (0x415c5ab3) sra     s5, s8, s5
core   0: 3 0x80008e66 (0x415c5ab3) x21 0xfff80025
core   0: 0x80008e6a (0x0286ccb3) div     s9, a3, s0
core   0: 3 0x80008e6a (0x0286ccb3) x25 0x00000000
core   0: 0x80008e6e (0x026827b3) mulhsu  a5, a6, t1
core   0: 3 0x80008e6e (0x026827b3) x15 0x00000000
core   0: 0x80008e72 (0x0000958a) c.add   a1, sp
core   0: 3 0x80008e72 (0x958a) x11 0x00000000
core   0: 0x80008e74 (0x029a1cb3) mulh    s9, s4, s1
core   0: 3 0x80008e74 (0x029a1cb3) x25 0x00000000
core   0: 0x80008e78 (0x009ce663) bltu    s9, s1, pc + 12
core   0: 3 0x80008e78 (0x009ce663)
core   0: 0x80008e84 (0x02e045b3) div     a1, zero, a4
core   0: 3 0x80008e84 (0x02e045b3) x11 0xffffffff
core   0: 0x80008e88 (0x011f1313) slli    t1, t5, 17
core   0: 3 0x80008e88 (0x011f1313) x6  0xfffe0000
core   0: 0x80008e8c (0x000092ce) c.add   t0, s3
core   0: 3 0x80008e8c (0x92ce) x5  0xffffffff
core   0: 0x80008e8e (0x00000001) c.nop
core   0: 3 0x80008e8e (0x0001)
core   0: 0x80008e90 (0x0306d063) bge     a3, a6, pc + 32
core   0: 3 0x80008e90 (0x0306d063)
core   0: 0x80008eb0 (0x00008c46) c.mv    s8, a7
core   0: 3 0x80008eb0 (0x8c46) x24 0x80029ce4
core   0: 0x80008eb2 (0x0537d463) bge     a5, s3, pc + 72
core   0: 3 0x80008eb2 (0x0537d463)
core   0: 0x80008efa (0x00008f49) c.or    a4, a0
core   0: 3 0x80008efa (0x8f49) x14 0xffea75cf
core   0: 0x80008efc (0x03845563) bge     s0, s8, pc + 42
core   0: 3 0x80008efc (0x03845563)
core   0: 0x80008f26 (0x01590133) add     sp, s2, s5
core   0: 3 0x80008f26 (0x01590133) x2  0x8c88aa4e
core   0: 0x80008f2a (0x00008ff5) c.and   a5, a3
core   0: 3 0x80008f2a (0x8ff5) x15 0x00000000
core   0: 0x80008f2c (0xe95c2c13) slti    s8, s8, -363
core   0: 3 0x80008f2c (0xe95c2c13) x24 0x00000001
core   0: 0x80008f30 (0x0b97f693) andi    a3, a5, 185
core   0: 3 0x80008f30 (0x0b97f693) x13 0x00000000
core   0: 0x80008f34 (0x020a7363) bgeu    s4, zero, pc + 38
core   0: 3 0x80008f34 (0x020a7363)
core   0: 0x80008f5a (0x03fc6e33) rem     t3, s8, t6
core   0: 3 0x80008f5a (0x03fc6e33) x28 0x00000001
core   0: 0x80008f5e (0x0377d533) divu    a0, a5, s7
core   0: 3 0x80008f5e (0x0377d533) x10 0x00000000
core   0: 0x80008f62 (0x03dfb133) mulhu   sp, t6, t4
core   0: 3 0x80008f62 (0x03dfb133) x2  0x00000000
core   0: 0x80008f66 (0x027c5133) divu    sp, s8, t2
core   0: 3 0x80008f66 (0x027c5133) x2  0xffffffff
core   0: 0x80008f6a (0x00a9e9b3) or      s3, s3, a0
core   0: 3 0x80008f6a (0x00a9e9b3) x19 0xffffffff
core   0: 0x80008f6e (0x002996b3) sll     a3, s3, sp
core   0: 3 0x80008f6e (0x002996b3) x13 0x80000000
core   0: 0x80008f72 (0x04960163) beq     a2, s1, pc + 66
core   0: 3 0x80008f72 (0x04960163)
core   0: 0x80008f76 (0x01535a13) srli    s4, t1, 21
core   0: 3 0x80008f76 (0x01535a13) x20 0x000007ff
core   0: 0x80008f7a (0x02d8eab3) rem     s5, a7, a3
core   0: 3 0x80008f7a (0x02d8eab3) x21 0x80029ce4
core   0: 0x80008f7e (0xc92df593) andi    a1, s11, -878
core   0: 3 0x80008f7e (0xc92df593) x11 0x20000000
core   0: 0x80008f82 (0x00af5e33) srl     t3, t5, a0
core   0: 3 0x80008f82 (0x00af5e33) x28 0xffffffff
core   0: 0x80008f86 (0x02b69a33) mulh    s4, a3, a1
core   0: 3 0x80008f86 (0x02b69a33) x20 0xf0000000
core   0: 0x80008f8a (0x8fba3493) sltiu   s1, s4, -1797
core   0: 3 0x80008f8a (0x8fba3493) x9  0x00000001
core   0: 0x80008f8e (0x01e6ceb3) xor     t4, a3, t5
core   0: 3 0x80008f8e (0x01e6ceb3) x29 0x7fffffff
core   0: 0x80008f92 (0x40afd293) srai    t0, t6, 10
core   0: 3 0x80008f92 (0x40afd293) x5  0xfff53ae8
core   0: 0x80008f96 (0x00def663) bgeu    t4, a3, pc + 12
core   0: 3 0x80008f96 (0x00def663)
core   0: 0x80008f9a (0x03484863) blt     a6, s4, pc + 48
core   0: 3 0x80008f9a (0x03484863)
core   0: 0x80008f9e (0x01f155b3) srl     a1, sp, t6
core   0: 3 0x80008f9e (0x01f155b3) x11 0xffffffff
core   0: 0x80008fa2 (0x0000717d) c.addi16sp sp, -16
core   0: 3 0x80008fa2 (0x717d) x2  0xffffffef
core   0: 0x80008fa4 (0x036ddab3) divu    s5, s11, s6
core   0: 3 0x80008fa4 (0x036ddab3) x21 0xffffffff
core   0: 0x80008fa8 (0x00008c89) c.sub   s1, a0
core   0: 3 0x80008fa8 (0x8c89) x9  0x00000001
core   0: 0x80008faa (0x022255b3) divu    a1, tp, sp
core   0: 3 0x80008faa (0x022255b3) x11 0x00000000
core   0: 0x80008fae (0x00005ffd) c.li    t6, -1
core   0: 3 0x80008fae (0x5ffd) x31 0xffffffff
core   0: 0x80008fb0 (0x01fcd213) srli    tp, s9, 31
core   0: 3 0x80008fb0 (0x01fcd213) x4  0x00000000
core   0: 0x80008fb4 (0x8d20cd93) xori    s11, ra, -1838
core   0: 3 0x80008fb4 (0x8d20cd93) x27 0xfffe48d2
core   0: 0x80008fb8 (0x00008aad) c.andi  a3, 11
core   0: 3 0x80008fb8 (0x8aad) x13 0x00000000
core   0: 0x80008fba (0x0196e9b3) or      s3, a3, s9
core   0: 3 0x80008fba (0x0196e9b3) x19 0x00000000
core   0: 0x80008fbe (0x029e4733) div     a4, t3, s1
core   0: 3 0x80008fbe (0x029e4733) x14 0xffffffff
core   0: 0x80008fc2 (0x0000cd19) c.beqz  a0, pc + 30
core   0: 3 0x80008fc2 (0xcd19)
core   0: 0x80008fe0 (0x009e8333) add     t1, t4, s1
core   0: 3 0x80008fe0 (0x009e8333) x6  0x80000000
core   0: 0x80008fe4 (0x003bd713) srli    a4, s7, 3
core   0: 3 0x80008fe4 (0x003bd713) x14 0x10004bcc
core   0: 0x80008fe8 (0x00006731) c.lui   a4, 0xc
core   0: 3 0x80008fe8 (0x6731) x14 0x0000c000
core   0: 0x80008fea (0x00000001) c.nop
core   0: 3 0x80008fea (0x0001)
core   0: 0x80008fec (0x0000717d) c.addi16sp sp, -16
core   0: 3 0x80008fec (0x717d) x2  0xffffffdf
core   0: 0x80008fee (0x036f6833) rem     a6, t5, s6
core   0: 3 0x80008fee (0x036f6833) x16 0xffffffff
core   0: 0x80008ff2 (0x0000850d) c.srai  a0, 3
core   0: 3 0x80008ff2 (0x850d) x10 0x00000000
core   0: 0x80008ff4 (0x033c8963) beq     s9, s3, pc + 50
core   0: 3 0x80008ff4 (0x033c8963)
core   0: 0x80009026 (0x6201e213) ori     tp, gp, 1568
core   0: 3 0x80009026 (0x6201e213) x4  0x00000620
core   0: 0x8000902a (0x025b4063) blt     s6, t0, pc + 32
core   0: 3 0x8000902a (0x025b4063)
core   0: 0x8000902e (0x0358d1b3) divu    gp, a7, s5
core   0: 3 0x8000902e (0x0358d1b3) x3  0x00000000
core   0: 0x80009032 (0x0000997d) c.andi  a0, -1
core   0: 3 0x80009032 (0x997d) x10 0x00000000
core   0: 0x80009034 (0x00ed9533) sll     a0, s11, a4
core   0: 3 0x80009034 (0x00ed9533) x10 0xfffe48d2
core   0: 0x80009038 (0x4b7ac493) xori    s1, s5, 1207
core   0: 3 0x80009038 (0x4b7ac493) x9  0xfffffb48
core   0: 0x8000903c (0x0000e319) c.bnez  a4, pc + 6
core   0: 3 0x8000903c (0xe319)
core   0: 0x80009042 (0x023cf7b3) remu    a5, s9, gp
core   0: 3 0x80009042 (0x023cf7b3) x15 0x00000000
core   0: 0x80009046 (0x01c36233) or      tp, t1, t3
core   0: 3 0x80009046 (0x01c36233) x4  0xffffffff
core   0: 0x8000904a (0x003116b3) sll     a3, sp, gp
core   0: 3 0x8000904a (0x003116b3) x13 0xffffffdf
core   0: 0x8000904e (0x0000940e) c.add   s0, gp
core   0: 3 0x8000904e (0x940e) x8  0xffffff87
core   0: 0x80009050 (0xb281b713) sltiu   a4, gp, -1240
core   0: 3 0x80009050 (0xb281b713) x14 0x00000001
core   0: 0x80009054 (0x02c69f63) bne     a3, a2, pc + 62
core   0: 3 0x80009054 (0x02c69f63)
core   0: 0x80009092 (0x006da4b3) slt     s1, s11, t1
core   0: 3 0x80009092 (0x006da4b3) x9  0x00000000
core   0: 0x80009096 (0x00008055) c.srli  s0, 21
core   0: 3 0x80009096 (0x8055) x8  0x000007ff
core   0: 0x80009098 (0x76495d17) auipc   s10, 0x76495
core   0: 3 0x80009098 (0x76495d17) x26 0xf649e098
core   0: 0x8000909c (0x00008539) c.srai  a0, 14
core   0: 3 0x8000909c (0x8539) x10 0xfffffff9
core   0: 0x8000909e (0x00000001) c.nop
core   0: 3 0x8000909e (0x0001)
core   0: 0x800090a0 (0x00000001) c.nop
core   0: 3 0x800090a0 (0x0001)
core   0: 0x800090a2 (0x000098fd) c.andi  s1, -1
core   0: 3 0x800090a2 (0x98fd) x9  0x00000000
core   0: 0x800090a4 (0x00181263) bne     a6, ra, pc + 4
core   0: 3 0x800090a4 (0x00181263)
core   0: 0x800090a8 (0x00607d33) and     s10, zero, t1
core   0: 3 0x800090a8 (0x00607d33) x26 0x00000000
core   0: 0x800090ac (0x00000a90) c.addi4spn a2, sp, 336
core   0: 3 0x800090ac (0x0a90) x12 0x0000012f
core   0: 0x800090ae (0x8b627793) andi    a5, tp, -1866
core   0: 3 0x800090ae (0x8b627793) x15 0xfffff8b6
core   0: 0x800090b2 (0x006c4f63) blt     s8, t1, pc + 30
core   0: 3 0x800090b2 (0x006c4f63)
core   0: 0x800090b6 (0xa0524497) auipc   s1, 0xa0524
core   0: 3 0x800090b6 (0xa0524497) x9  0x2052d0b6
core   0: 0x800090ba (0x02156333) rem     t1, a0, ra
core   0: 3 0x800090ba (0x02156333) x6  0xfffffff9
core   0: 0x800090be (0x000086f1) c.srai  a3, 28
core   0: 3 0x800090be (0x86f1) x13 0xffffffff
core   0: 0x800090c0 (0x037b7ab3) remu    s5, s6, s7
core   0: 3 0x800090c0 (0x037b7ab3) x21 0x00000000
core   0: 0x800090c4 (0x00b35a93) srli    s5, t1, 11
core   0: 3 0x800090c4 (0x00b35a93) x21 0x001fffff
core   0: 0x800090c8 (0x51f0e613) ori     a2, ra, 1311
core   0: 3 0x800090c8 (0x51f0e613) x12 0x0001b51f
core   0: 0x800090cc (0x4d1fa997) auipc   s3, 0x4d1fa
core   0: 3 0x800090cc (0x4d1fa997) x19 0xcd2030cc
core   0: 0x800090d0 (0x58098b13) addi    s6, s3, 1408
core   0: 3 0x800090d0 (0x58098b13) x22 0xcd20364c
core   0: 0x800090d4 (0x019cf533) and     a0, s9, s9
core   0: 3 0x800090d4 (0x019cf533) x10 0x00000000
core   0: 0x800090d8 (0x01863c33) sltu    s8, a2, s8
core   0: 3 0x800090d8 (0x01863c33) x24 0x00000000
core   0: 0x800090dc (0x000019fd) c.addi  s3, -1
core   0: 3 0x800090dc (0x19fd) x19 0xcd2030cb
core   0: 0x800090de (0x00008d91) c.sub   a1, a2
core   0: 3 0x800090de (0x8d91) x11 0xfffe4ae1
core   0: 0x800090e0 (0x00000e92) c.slli  t4, 4
core   0: 3 0x800090e0 (0x0e92) x29 0xfffffff0
core   0: 0x800090e2 (0x01b76f33) or      t5, a4, s11
core   0: 3 0x800090e2 (0x01b76f33) x30 0xfffe48d3
core   0: 0x800090e6 (0x015af833) and     a6, s5, s5
core   0: 3 0x800090e6 (0x015af833) x16 0x001fffff
core   0: 0x800090ea (0x00c076b3) and     a3, zero, a2
core   0: 3 0x800090ea (0x00c076b3) x13 0x00000000
core   0: 0x800090ee (0x0000717d) c.addi16sp sp, -16
core   0: 3 0x800090ee (0x717d) x2  0xffffffcf
core   0: 0x800090f0 (0x00009b42) c.add   s6, a6
core   0: 3 0x800090f0 (0x9b42) x22 0xcd40364b
core   0: 0x800090f2 (0x0123c663) blt     t2, s2, pc + 12
core   0: 3 0x800090f2 (0x0123c663)
core   0: 0x800090f6 (0x03474963) blt     a4, s4, pc + 50
core   0: 3 0x800090f6 (0x03474963)
core   0: 0x800090fa (0x9326fab7) lui     s5, 0x9326f
core   0: 3 0x800090fa (0x9326fab7) x21 0x9326f000
core   0: 0x800090fe (0x02525c33) divu    s8, tp, t0
core   0: 3 0x800090fe (0x02525c33) x24 0x00000001
core   0: 0x80009102 (0x00008559) c.srai  a0, 22
core   0: 3 0x80009102 (0x8559) x10 0x00000000
core   0: 0x80009104 (0x000005c6) c.slli  a1, 17
core   0: 3 0x80009104 (0x05c6) x11 0x95c20000
core   0: 0x80009106 (0x00008211) c.srli  a2, 4
core   0: 3 0x80009106 (0x8211) x12 0x00001b51
core   0: 0x80009108 (0x031a9633) mulh    a2, s5, a7
core   0: 3 0x80009108 (0x031a9633) x12 0x366b6b98
core   0: 0x8000910c (0x00132133) slt     sp, t1, ra
core   0: 3 0x8000910c (0x00132133) x2  0x00000001
core   0: 0x80009110 (0x00000866) c.slli  a6, 25
core   0: 3 0x80009110 (0x0866) x16 0xfe000000
core   0: 0x80009112 (0x006e4cb3) xor     s9, t3, t1
core   0: 3 0x80009112 (0x006e4cb3) x25 0x00000006
core   0: 0x80009116 (0x0000c195) c.beqz  a1, pc + 36
core   0: 3 0x80009116 (0xc195)
core   0: 0x80009118 (0x00008d4d) c.or    a0, a1
core   0: 3 0x80009118 (0x8d4d) x10 0x95c20000
core   0: 0x8000911a (0x00001ffd) c.addi  t6, -1
core   0: 3 0x8000911a (0x1ffd) x31 0xfffffffe
core   0: 0x8000911c (0x48030e93) addi    t4, t1, 1152
core   0: 3 0x8000911c (0x48030e93) x29 0x00000479
core   0: 0x80009120 (0x02e51263) bne     a0, a4, pc + 36
core   0: 3 0x80009120 (0x02e51263)
core   0: 0x80009144 (0x00000c88) c.addi4spn a0, sp, 592
core   0: 3 0x80009144 (0x0c88) x10 0x00000251
core   0: 0x80009146 (0x00000917) auipc   s2, 0x0
core   0: 3 0x80009146 (0x00000917) x18 0x80009146
core   0: 0x8000914a (0x00c90913) addi    s2, s2, 12
core   0: 3 0x8000914a (0x00c90913) x18 0x80009152
core   0: 0x8000914e (0x00090067) jr      s2
core   0: 3 0x8000914e (0x00090067)
core   0: 0x80009152 (0x00004185) c.li    gp, 1
core   0: 3 0x80009152 (0x4185) x3  0x00000001
core   0: 0x80009154 (0x00000073) ecall
core   0: exception trap_machine_ecall, epc 0x80009154
core   0: >>>>  mtvec_handler
core   0: 0x8000b030 (0x0400006f) j       pc + 0x40
core   0: 3 0x8000b030 (0x0400006f)
core   0: 0x8000b070 (0x000018f1) c.addi  a7, -4
core   0: 3 0x8000b070 (0x18f1) x17 0x80029ce0
core   0: 0x8000b072 (0x0178a023) sw      s7, 0(a7)
core   0: 3 0x8000b072 (0x0178a023) mem 0x80029ce0 0x80025e64
core   0: 0x8000b076 (0x00088bb3) add     s7, a7, zero
core   0: 3 0x8000b076 (0x00088bb3) x23 0x80029ce0
core   0: 0x8000b07a (0xf80b8b93) addi    s7, s7, -128
core   0: 3 0x8000b07a (0xf80b8b93) x23 0x80029c60
core   0: 0x8000b07e (0x001ba223) sw      ra, 4(s7)
core   0: 3 0x8000b07e (0x001ba223) mem 0x80029c64 0x0001b000
core   0: 0x8000b082 (0x002ba423) sw      sp, 8(s7)
core   0: 3 0x8000b082 (0x002ba423) mem 0x80029c68 0x00000001
core   0: 0x8000b086 (0x003ba623) sw      gp, 12(s7)
core   0: 3 0x8000b086 (0x003ba623) mem 0x80029c6c 0x00000001
core   0: 0x8000b08a (0x004ba823) sw      tp, 16(s7)
core   0: 3 0x8000b08a (0x004ba823) mem 0x80029c70 0xffffffff
core   0: 0x8000b08e (0x005baa23) sw      t0, 20(s7)
core   0: 3 0x8000b08e (0x005baa23) mem 0x80029c74 0xfff53ae8
core   0: 0x8000b092 (0x006bac23) sw      t1, 24(s7)
core   0: 3 0x8000b092 (0x006bac23) mem 0x80029c78 0xfffffff9
core   0: 0x8000b096 (0x007bae23) sw      t2, 28(s7)
core   0: 3 0x8000b096 (0x007bae23) mem 0x80029c7c 0x00000000
core   0: 0x8000b09a (0x028ba023) sw      s0, 32(s7)
core   0: 3 0x8000b09a (0x028ba023) mem 0x80029c80 0x000007ff
core   0: 0x8000b09e (0x029ba223) sw      s1, 36(s7)
core   0: 3 0x8000b09e (0x029ba223) mem 0x80029c84 0x2052d0b6
core   0: 0x8000b0a2 (0x02aba423) sw      a0, 40(s7)
core   0: 3 0x8000b0a2 (0x02aba423) mem 0x80029c88 0x00000251
core   0: 0x8000b0a6 (0x02bba623) sw      a1, 44(s7)
core   0: 3 0x8000b0a6 (0x02bba623) mem 0x80029c8c 0x95c20000
core   0: 0x8000b0aa (0x02cba823) sw      a2, 48(s7)
core   0: 3 0x8000b0aa (0x02cba823) mem 0x80029c90 0x366b6b98
core   0: 0x8000b0ae (0x02dbaa23) sw      a3, 52(s7)
core   0: 3 0x8000b0ae (0x02dbaa23) mem 0x80029c94 0x00000000
core   0: 0x8000b0b2 (0x02ebac23) sw      a4, 56(s7)
core   0: 3 0x8000b0b2 (0x02ebac23) mem 0x80029c98 0x00000001
core   0: 0x8000b0b6 (0x02fbae23) sw      a5, 60(s7)
core   0: 3 0x8000b0b6 (0x02fbae23) mem 0x80029c9c 0xfffff8b6
core   0: 0x8000b0ba (0x050ba023) sw      a6, 64(s7)
core   0: 3 0x8000b0ba (0x050ba023) mem 0x80029ca0 0xfe000000
core   0: 0x8000b0be (0x051ba223) sw      a7, 68(s7)
core   0: 3 0x8000b0be (0x051ba223) mem 0x80029ca4 0x80029ce0
core   0: 0x8000b0c2 (0x052ba423) sw      s2, 72(s7)
core   0: 3 0x8000b0c2 (0x052ba423) mem 0x80029ca8 0x80009152
core   0: 0x8000b0c6 (0x053ba623) sw      s3, 76(s7)
core   0: 3 0x8000b0c6 (0x053ba623) mem 0x80029cac 0xcd2030cb
core   0: 0x8000b0ca (0x054ba823) sw      s4, 80(s7)
core   0: 3 0x8000b0ca (0x054ba823) mem 0x80029cb0 0xf0000000
core   0: 0x8000b0ce (0x055baa23) sw      s5, 84(s7)
core   0: 3 0x8000b0ce (0x055baa23) mem 0x80029cb4 0x9326f000
core   0: 0x8000b0d2 (0x056bac23) sw      s6, 88(s7)
core   0: 3 0x8000b0d2 (0x056bac23) mem 0x80029cb8 0xcd40364b
core   0: 0x8000b0d6 (0x057bae23) sw      s7, 92(s7)
core   0: 3 0x8000b0d6 (0x057bae23) mem 0x80029cbc 0x80029c60
core   0: 0x8000b0da (0x078ba023) sw      s8, 96(s7)
core   0: 3 0x8000b0da (0x078ba023) mem 0x80029cc0 0x00000001
core   0: 0x8000b0de (0x079ba223) sw      s9, 100(s7)
core   0: 3 0x8000b0de (0x079ba223) mem 0x80029cc4 0x00000006
core   0: 0x8000b0e2 (0x07aba423) sw      s10, 104(s7)
core   0: 3 0x8000b0e2 (0x07aba423) mem 0x80029cc8 0x00000000
core   0: 0x8000b0e6 (0x07bba623) sw      s11, 108(s7)
core   0: 3 0x8000b0e6 (0x07bba623) mem 0x80029ccc 0xfffe48d2
core   0: 0x8000b0ea (0x07cba823) sw      t3, 112(s7)
core   0: 3 0x8000b0ea (0x07cba823) mem 0x80029cd0 0xffffffff
core   0: 0x8000b0ee (0x07dbaa23) sw      t4, 116(s7)
core   0: 3 0x8000b0ee (0x07dbaa23) mem 0x80029cd4 0x00000479
core   0: 0x8000b0f2 (0x07ebac23) sw      t5, 120(s7)
core   0: 3 0x8000b0f2 (0x07ebac23) mem 0x80029cd8 0xfffe48d3
core   0: 0x8000b0f6 (0x07fbae23) sw      t6, 124(s7)
core   0: 3 0x8000b0f6 (0x07fbae23) mem 0x80029cdc 0xfffffffe
core   0: 0x8000b0fa (0x000b88b3) add     a7, s7, zero
core   0: 3 0x8000b0fa (0x000b88b3) x17 0x80029c60
core   0: 0x8000b0fe (0x341027f3) csrr    a5, mepc
core   0: 3 0x8000b0fe (0x341027f3) x15 0x80009154
core   0: 0x8000b102 (0x342027f3) csrr    a5, mcause
core   0: 3 0x8000b102 (0x342027f3) x15 0x0000000b
core   0: 0x8000b106 (0x0000420d) c.li    tp, 3
core   0: 3 0x8000b106 (0x420d) x4  0x00000003
core   0: 0x8000b108 (0x28478563) beq     a5, tp, pc + 650
core   0: 3 0x8000b108 (0x28478563)
core   0: 0x8000b10c (0x00004221) c.li    tp, 8
core   0: 3 0x8000b10c (0x4221) x4  0x00000008
core   0: 0x8000b10e (0x04478563) beq     a5, tp, pc + 74
core   0: 3 0x8000b10e (0x04478563)
core   0: 0x8000b112 (0x00004225) c.li    tp, 9
core   0: 3 0x8000b112 (0x4225) x4  0x00000009
core   0: 0x8000b114 (0x04478263) beq     a5, tp, pc + 68
core   0: 3 0x8000b114 (0x04478263)
core   0: 0x8000b118 (0x0000422d) c.li    tp, 11
core   0: 3 0x8000b118 (0x422d) x4  0x0000000b
core   0: 0x8000b11a (0x02478f63) beq     a5, tp, pc + 62
core   0: 3 0x8000b11a (0x02478f63)
core   0: 0x8000b158 (0xffff5797) auipc   a5, 0xffff5
core   0: 3 0x8000b158 (0xffff5797) x15 0x80000158
core   0: 0x8000b15c (0xea878793) addi    a5, a5, -344
core   0: 3 0x8000b15c (0xea878793) x15 0x80000000
core   0: 0x8000b160 (0x0007a023) sw      zero, 0(a5)
core   0: 3 0x8000b160 (0x0007a023) mem 0x80000000 0x00000000
core   0: 0x8000b164 (0x0017a223) sw      ra, 4(a5)
core   0: 3 0x8000b164 (0x0017a223) mem 0x80000004 0x0001b000
core   0: 0x8000b168 (0x0027a423) sw      sp, 8(a5)
core   0: 3 0x8000b168 (0x0027a423) mem 0x80000008 0x00000001
core   0: 0x8000b16c (0x0037a623) sw      gp, 12(a5)
core   0: 3 0x8000b16c (0x0037a623) mem 0x8000000c 0x00000001
core   0: 0x8000b170 (0x0047a823) sw      tp, 16(a5)
core   0: 3 0x8000b170 (0x0047a823) mem 0x80000010 0x0000000b
core   0: 0x8000b174 (0x0057aa23) sw      t0, 20(a5)
core   0: 3 0x8000b174 (0x0057aa23) mem 0x80000014 0xfff53ae8
core   0: 0x8000b178 (0x0067ac23) sw      t1, 24(a5)
core   0: 3 0x8000b178 (0x0067ac23) mem 0x80000018 0xfffffff9
core   0: 0x8000b17c (0x0077ae23) sw      t2, 28(a5)
core   0: 3 0x8000b17c (0x0077ae23) mem 0x8000001c 0x00000000
core   0: 0x8000b180 (0x0000d380) c.sw    s0, 32(a5)
core   0: 3 0x8000b180 (0xd380) mem 0x80000020 0x000007ff
core   0: 0x8000b182 (0x0000d3c4) c.sw    s1, 36(a5)
core   0: 3 0x8000b182 (0xd3c4) mem 0x80000024 0x2052d0b6
core   0: 0x8000b184 (0x0000d788) c.sw    a0, 40(a5)
core   0: 3 0x8000b184 (0xd788) mem 0x80000028 0x00000251
core   0: 0x8000b186 (0x0000d7cc) c.sw    a1, 44(a5)
core   0: 3 0x8000b186 (0xd7cc) mem 0x8000002c 0x95c20000
core   0: 0x8000b188 (0x0000db90) c.sw    a2, 48(a5)
core   0: 3 0x8000b188 (0xdb90) mem 0x80000030 0x366b6b98
core   0: 0x8000b18a (0x0000dbd4) c.sw    a3, 52(a5)
core   0: 3 0x8000b18a (0xdbd4) mem 0x80000034 0x00000000
core   0: 0x8000b18c (0x0000df98) c.sw    a4, 56(a5)
core   0: 3 0x8000b18c (0xdf98) mem 0x80000038 0x00000001
core   0: 0x8000b18e (0x0000dfdc) c.sw    a5, 60(a5)
core   0: 3 0x8000b18e (0xdfdc) mem 0x8000003c 0x80000000
core   0: 0x8000b190 (0x0507a023) sw      a6, 64(a5)
core   0: 3 0x8000b190 (0x0507a023) mem 0x80000040 0xfe000000
core   0: 0x8000b194 (0x0517a223) sw      a7, 68(a5)
core   0: 3 0x8000b194 (0x0517a223) mem 0x80000044 0x80029c60
core   0: 0x8000b198 (0x0527a423) sw      s2, 72(a5)
core   0: 3 0x8000b198 (0x0527a423) mem 0x80000048 0x80009152
core   0: 0x8000b19c (0x0537a623) sw      s3, 76(a5)
core   0: 3 0x8000b19c (0x0537a623) mem 0x8000004c 0xcd2030cb
core   0: 0x8000b1a0 (0x0547a823) sw      s4, 80(a5)
core   0: 3 0x8000b1a0 (0x0547a823) mem 0x80000050 0xf0000000
core   0: 0x8000b1a4 (0x0557aa23) sw      s5, 84(a5)
core   0: 3 0x8000b1a4 (0x0557aa23) mem 0x80000054 0x9326f000
core   0: 0x8000b1a8 (0x0567ac23) sw      s6, 88(a5)
core   0: 3 0x8000b1a8 (0x0567ac23) mem 0x80000058 0xcd40364b
core   0: 0x8000b1ac (0x0577ae23) sw      s7, 92(a5)
core   0: 3 0x8000b1ac (0x0577ae23) mem 0x8000005c 0x80029c60
core   0: 0x8000b1b0 (0x0787a023) sw      s8, 96(a5)
core   0: 3 0x8000b1b0 (0x0787a023) mem 0x80000060 0x00000001
core   0: 0x8000b1b4 (0x0797a223) sw      s9, 100(a5)
core   0: 3 0x8000b1b4 (0x0797a223) mem 0x80000064 0x00000006
core   0: 0x8000b1b8 (0x07a7a423) sw      s10, 104(a5)
core   0: 3 0x8000b1b8 (0x07a7a423) mem 0x80000068 0x00000000
core   0: 0x8000b1bc (0x07b7a623) sw      s11, 108(a5)
core   0: 3 0x8000b1bc (0x07b7a623) mem 0x8000006c 0xfffe48d2
core   0: 0x8000b1c0 (0x07c7a823) sw      t3, 112(a5)
core   0: 3 0x8000b1c0 (0x07c7a823) mem 0x80000070 0xffffffff
core   0: 0x8000b1c4 (0x07d7aa23) sw      t4, 116(a5)
core   0: 3 0x8000b1c4 (0x07d7aa23) mem 0x80000074 0x00000479
core   0: 0x8000b1c8 (0x07e7ac23) sw      t5, 120(a5)
core   0: 3 0x8000b1c8 (0x07e7ac23) mem 0x80000078 0xfffe48d3
core   0: 0x8000b1cc (0x07f7ae23) sw      t6, 124(a5)
core   0: 3 0x8000b1cc (0x07f7ae23) mem 0x8000007c 0xfffffffe
core   0: 0x8000b1d0 (0xfffff917) auipc   s2, 0xfffff
core   0: 3 0x8000b1d0 (0xfffff917) x18 0x8000a1d0
core   0: 0x8000b1d4 (0x4a090913) addi    s2, s2, 1184
core   0: 3 0x8000b1d4 (0x4a090913) x18 0x8000a670
core   0: 0x8000b1d8 (0x00090067) jr      s2
core   0: 3 0x8000b1d8 (0x00090067)
core   0: 0x8000a670 (0x00006f17) auipc   t5, 0x6
core   0: 3 0x8000a670 (0x00006f17) x30 0x80010670
core   0: 0x8000a674 (0x983f2823) sw      gp, -1648(t5)
core   0: 3 0x8000a674 (0x983f2823) mem 0x80010000 0x00000001
core   0: 0x8000a678 (0x0000bfe5) c.j     pc - 8
core   0: 3 0x8000a678 (0xbfe5)
core   0: 0x8000a670 (0x00006f17) auipc   t5, 0x6
core   0: 3 0x8000a670 (0x00006f17) x30 0x80010670
core   0: 0x8000a674 (0x983f2823) sw      gp, -1648(t5)
core   0: 3 0x8000a674 (0x983f2823) mem 0x80010000 0x00000001
core   0: 0x8000a678 (0x0000bfe5) c.j     pc - 8
core   0: 3 0x8000a678 (0xbfe5)
core   0: 0x8000a670 (0x00006f17) auipc   t5, 0x6
core   0: 3 0x8000a670 (0x00006f17) x30 0x80010670
core   0: 0x8000a674 (0x983f2823) sw      gp, -1648(t5)
core   0: 3 0x8000a674 (0x983f2823) mem 0x80010000 0x00000001
core   0: 0x8000a678 (0x0000bfe5) c.j     pc - 8
core   0: 3 0x8000a678 (0xbfe5)
core   0: 0x8000a670 (0x00006f17) auipc   t5, 0x6
core   0: 3 0x8000a670 (0x00006f17) x30 0x80010670
core   0: 0x8000a674 (0x983f2823) sw      gp, -1648(t5)
core   0: 3 0x8000a674 (0x983f2823) mem 0x80010000 0x00000001
core   0: 0x8000a678 (0x0000bfe5) c.j     pc - 8
core   0: 3 0x8000a678 (0xbfe5)
core   0: 0x8000a670 (0x00006f17) auipc   t5, 0x6
core   0: 3 0x8000a670 (0x00006f17) x30 0x80010670
core   0: 0x8000a674 (0x983f2823) sw      gp, -1648(t5)
core   0: 3 0x8000a674 (0x983f2823) mem 0x80010000 0x00000001
core   0: 0x8000a678 (0x0000bfe5) c.j     pc - 8
core   0: 3 0x8000a678 (0xbfe5)
core   0: 0x8000a670 (0x00006f17) auipc   t5, 0x6
core   0: 3 0x8000a670 (0x00006f17) x30 0x80010670
core   0: 0x8000a674 (0x983f2823) sw      gp, -1648(t5)
core   0: 3 0x8000a674 (0x983f2823) mem 0x80010000 0x00000001
core   0: 0x8000a678 (0x0000bfe5) c.j     pc - 8
core   0: 3 0x8000a678 (0xbfe5)
core   0: 0x8000a670 (0x00006f17) auipc   t5, 0x6
core   0: 3 0x8000a670 (0x00006f17) x30 0x80010670
core   0: 0x8000a674 (0x983f2823) sw      gp, -1648(t5)
core   0: 3 0x8000a674 (0x983f2823) mem 0x80010000 0x00000001
core   0: 0x8000a678 (0x0000bfe5) c.j     pc - 8
core   0: 3 0x8000a678 (0xbfe5)
core   0: 0x8000a670 (0x00006f17) auipc   t5, 0x6
core   0: 3 0x8000a670 (0x00006f17) x30 0x80010670
core   0: 0x8000a674 (0x983f2823) sw      gp, -1648(t5)
core   0: 3 0x8000a674 (0x983f2823) mem 0x80010000 0x00000001
core   0: 0x8000a678 (0x0000bfe5) c.j     pc - 8
core   0: 3 0x8000a678 (0xbfe5)
core   0: 0x8000a670 (0x00006f17) auipc   t5, 0x6
core   0: 3 0x8000a670 (0x00006f17) x30 0x80010670
core   0: 0x8000a674 (0x983f2823) sw      gp, -1648(t5)
core   0: 3 0x8000a674 (0x983f2823) mem 0x80010000 0x00000001
core   0: 0x8000a678 (0x0000bfe5) c.j     pc - 8
core   0: 3 0x8000a678 (0xbfe5)
core   0: 0x8000a670 (0x00006f17) auipc   t5, 0x6
core   0: 3 0x8000a670 (0x00006f17) x30 0x80010670
core   0: 0x8000a674 (0x983f2823) sw      gp, -1648(t5)
core   0: 3 0x8000a674 (0x983f2823) mem 0x80010000 0x00000001
core   0: 0x8000a678 (0x0000bfe5) c.j     pc - 8
core   0: 3 0x8000a678 (0xbfe5)
core   0: 0x8000a670 (0x00006f17) auipc   t5, 0x6
core   0: 3 0x8000a670 (0x00006f17) x30 0x80010670
core   0: 0x8000a674 (0x983f2823) sw      gp, -1648(t5)
core   0: 3 0x8000a674 (0x983f2823) mem 0x80010000 0x00000001
core   0: 0x8000a678 (0x0000bfe5) c.j     pc - 8
core   0: 3 0x8000a678 (0xbfe5)
core   0: 0x8000a670 (0x00006f17) auipc   t5, 0x6
core   0: 3 0x8000a670 (0x00006f17) x30 0x80010670
core   0: 0x8000a674 (0x983f2823) sw      gp, -1648(t5)
core   0: 3 0x8000a674 (0x983f2823) mem 0x80010000 0x00000001
core   0: 0x8000a678 (0x0000bfe5) c.j     pc - 8
core   0: 3 0x8000a678 (0xbfe5)
core   0: 0x8000a670 (0x00006f17) auipc   t5, 0x6
core   0: 3 0x8000a670 (0x00006f17) x30 0x80010670
core   0: 0x8000a674 (0x983f2823) sw      gp, -1648(t5)
core   0: 3 0x8000a674 (0x983f2823) mem 0x80010000 0x00000001
core   0: 0x8000a678 (0x0000bfe5) c.j     pc - 8
core   0: 3 0x8000a678 (0xbfe5)
core   0: 0x8000a670 (0x00006f17) auipc   t5, 0x6
core   0: 3 0x8000a670 (0x00006f17) x30 0x80010670
core   0: 0x8000a674 (0x983f2823) sw      gp, -1648(t5)
core   0: 3 0x8000a674 (0x983f2823) mem 0x80010000 0x00000001
core   0: 0x8000a678 (0x0000bfe5) c.j     pc - 8
core   0: 3 0x8000a678 (0xbfe5)
core   0: 0x8000a670 (0x00006f17) auipc   t5, 0x6
core   0: 3 0x8000a670 (0x00006f17) x30 0x80010670
core   0: 0x8000a674 (0x983f2823) sw      gp, -1648(t5)
core   0: 3 0x8000a674 (0x983f2823) mem 0x80010000 0x00000001
core   0: 0x8000a678 (0x0000bfe5) c.j     pc - 8
core   0: 3 0x8000a678 (0xbfe5)
core   0: 0x8000a670 (0x00006f17) auipc   t5, 0x6
core   0: 3 0x8000a670 (0x00006f17) x30 0x80010670
core   0: 0x8000a674 (0x983f2823) sw      gp, -1648(t5)
core   0: 3 0x8000a674 (0x983f2823) mem 0x80010000 0x00000001
core   0: 0x8000a678 (0x0000bfe5) c.j     pc - 8
core   0: 3 0x8000a678 (0xbfe5)
core   0: 0x8000a670 (0x00006f17) auipc   t5, 0x6
core   0: 3 0x8000a670 (0x00006f17) x30 0x80010670
core   0: 0x8000a674 (0x983f2823) sw      gp, -1648(t5)
core   0: 3 0x8000a674 (0x983f2823) mem 0x80010000 0x00000001
core   0: 0x8000a678 (0x0000bfe5) c.j     pc - 8
core   0: 3 0x8000a678 (0xbfe5)
core   0: 0x8000a670 (0x00006f17) auipc   t5, 0x6
core   0: 3 0x8000a670 (0x00006f17) x30 0x80010670
core   0: 0x8000a674 (0x983f2823) sw      gp, -1648(t5)
core   0: 3 0x8000a674 (0x983f2823) mem 0x80010000 0x00000001
core   0: 0x8000a678 (0x0000bfe5) c.j     pc - 8
core   0: 3 0x8000a678 (0xbfe5)
core   0: 0x8000a670 (0x00006f17) auipc   t5, 0x6
core   0: 3 0x8000a670 (0x00006f17) x30 0x80010670
core   0: 0x8000a674 (0x983f2823) sw      gp, -1648(t5)
core   0: 3 0x8000a674 (0x983f2823) mem 0x80010000 0x00000001
core   0: 0x8000a678 (0x0000bfe5) c.j     pc - 8
core   0: 3 0x8000a678 (0xbfe5)
core   0: 0x8000a670 (0x00006f17) auipc   t5, 0x6
core   0: 3 0x8000a670 (0x00006f17) x30 0x80010670
core   0: 0x8000a674 (0x983f2823) sw      gp, -1648(t5)
core   0: 3 0x8000a674 (0x983f2823) mem 0x80010000 0x00000001
core   0: 0x8000a678 (0x0000bfe5) c.j     pc - 8
core   0: 3 0x8000a678 (0xbfe5)
core   0: 0x8000a670 (0x00006f17) auipc   t5, 0x6
core   0: 3 0x8000a670 (0x00006f17) x30 0x80010670
core   0: 0x8000a674 (0x983f2823) sw      gp, -1648(t5)
core   0: 3 0x8000a674 (0x983f2823) mem 0x80010000 0x00000001
core   0: 0x8000a678 (0x0000bfe5) c.j     pc - 8
core   0: 3 0x8000a678 (0xbfe5)
core   0: 0x8000a670 (0x00006f17) auipc   t5, 0x6
core   0: 3 0x8000a670 (0x00006f17) x30 0x80010670
core   0: 0x8000a674 (0x983f2823) sw      gp, -1648(t5)
core   0: 3 0x8000a674 (0x983f2823) mem 0x80010000 0x00000001
core   0: 0x8000a678 (0x0000bfe5) c.j     pc - 8
core   0: 3 0x8000a678 (0xbfe5)
core   0: 0x8000a670 (0x00006f17) auipc   t5, 0x6
core   0: 3 0x8000a670 (0x00006f17) x30 0x80010670
core   0: 0x8000a674 (0x983f2823) sw      gp, -1648(t5)
core   0: 3 0x8000a674 (0x983f2823) mem 0x80010000 0x00000001
core   0: 0x8000a678 (0x0000bfe5) c.j     pc - 8
core   0: 3 0x8000a678 (0xbfe5)
core   0: 0x8000a670 (0x00006f17) auipc   t5, 0x6
core   0: 3 0x8000a670 (0x00006f17) x30 0x80010670
core   0: 0x8000a674 (0x983f2823) sw      gp, -1648(t5)
core   0: 3 0x8000a674 (0x983f2823) mem 0x80010000 0x00000001
core   0: 0x8000a678 (0x0000bfe5) c.j     pc - 8
core   0: 3 0x8000a678 (0xbfe5)
core   0: 0x8000a670 (0x00006f17) auipc   t5, 0x6
core   0: 3 0x8000a670 (0x00006f17) x30 0x80010670
core   0: 0x8000a674 (0x983f2823) sw      gp, -1648(t5)
core   0: 3 0x8000a674 (0x983f2823) mem 0x80010000 0x00000001
core   0: 0x8000a678 (0x0000bfe5) c.j     pc - 8
core   0: 3 0x8000a678 (0xbfe5)
core   0: 0x8000a670 (0x00006f17) auipc   t5, 0x6
core   0: 3 0x8000a670 (0x00006f17) x30 0x80010670
core   0: 0x8000a674 (0x983f2823) sw      gp, -1648(t5)
core   0: 3 0x8000a674 (0x983f2823) mem 0x80010000 0x00000001
core   0: 0x8000a678 (0x0000bfe5) c.j     pc - 8
core   0: 3 0x8000a678 (0xbfe5)
core   0: 0x8000a670 (0x00006f17) auipc   t5, 0x6
core   0: 3 0x8000a670 (0x00006f17) x30 0x80010670
core   0: 0x8000a674 (0x983f2823) sw      gp, -1648(t5)
core   0: 3 0x8000a674 (0x983f2823) mem 0x80010000 0x00000001
core   0: 0x8000a678 (0x0000bfe5) c.j     pc - 8
core   0: 3 0x8000a678 (0xbfe5)
core   0: 0x8000a670 (0x00006f17) auipc   t5, 0x6
core   0: 3 0x8000a670 (0x00006f17) x30 0x80010670
core   0: 0x8000a674 (0x983f2823) sw      gp, -1648(t5)
core   0: 3 0x8000a674 (0x983f2823) mem 0x80010000 0x00000001
core   0: 0x8000a678 (0x0000bfe5) c.j     pc - 8
core   0: 3 0x8000a678 (0xbfe5)
core   0: 0x8000a670 (0x00006f17) auipc   t5, 0x6
core   0: 3 0x8000a670 (0x00006f17) x30 0x80010670
core   0: 0x8000a674 (0x983f2823) sw      gp, -1648(t5)
core   0: 3 0x8000a674 (0x983f2823) mem 0x80010000 0x00000001
core   0: 0x8000a678 (0x0000bfe5) c.j     pc - 8
core   0: 3 0x8000a678 (0xbfe5)
core   0: 0x8000a670 (0x00006f17) auipc   t5, 0x6
core   0: 3 0x8000a670 (0x00006f17) x30 0x80010670
core   0: 0x8000a674 (0x983f2823) sw      gp, -1648(t5)
core   0: 3 0x8000a674 (0x983f2823) mem 0x80010000 0x00000001
core   0: 0x8000a678 (0x0000bfe5) c.j     pc - 8
core   0: 3 0x8000a678 (0xbfe5)
core   0: 0x8000a670 (0x00006f17) auipc   t5, 0x6
core   0: 3 0x8000a670 (0x00006f17) x30 0x80010670
core   0: 0x8000a674 (0x983f2823) sw      gp, -1648(t5)
core   0: 3 0x8000a674 (0x983f2823) mem 0x80010000 0x00000001
core   0: 0x8000a678 (0x0000bfe5) c.j     pc - 8
core   0: 3 0x8000a678 (0xbfe5)
core   0: 0x8000a670 (0x00006f17) auipc   t5, 0x6
core   0: 3 0x8000a670 (0x00006f17) x30 0x80010670
core   0: 0x8000a674 (0x983f2823) sw      gp, -1648(t5)
core   0: 3 0x8000a674 (0x983f2823) mem 0x80010000 0x00000001
core   0: 0x8000a678 (0x0000bfe5) c.j     pc - 8
core   0: 3 0x8000a678 (0xbfe5)
core   0: 0x8000a670 (0x00006f17) auipc   t5, 0x6
core   0: 3 0x8000a670 (0x00006f17) x30 0x80010670
core   0: 0x8000a674 (0x983f2823) sw      gp, -1648(t5)
core   0: 3 0x8000a674 (0x983f2823) mem 0x80010000 0x00000001
core   0: 0x8000a678 (0x0000bfe5) c.j     pc - 8
core   0: 3 0x8000a678 (0xbfe5)
core   0: 0x8000a670 (0x00006f17) auipc   t5, 0x6
core   0: 3 0x8000a670 (0x00006f17) x30 0x80010670
core   0: 0x8000a674 (0x983f2823) sw      gp, -1648(t5)
core   0: 3 0x8000a674 (0x983f2823) mem 0x80010000 0x00000001
core   0: 0x8000a678 (0x0000bfe5) c.j     pc - 8
core   0: 3 0x8000a678 (0xbfe5)
core   0: 0x8000a670 (0x00006f17) auipc   t5, 0x6
core   0: 3 0x8000a670 (0x00006f17) x30 0x80010670
core   0: 0x8000a674 (0x983f2823) sw      gp, -1648(t5)
core   0: 3 0x8000a674 (0x983f2823) mem 0x80010000 0x00000001
core   0: 0x8000a678 (0x0000bfe5) c.j     pc - 8
core   0: 3 0x8000a678 (0xbfe5)
core   0: 0x8000a670 (0x00006f17) auipc   t5, 0x6
core   0: 3 0x8000a670 (0x00006f17) x30 0x80010670
core   0: 0x8000a674 (0x983f2823) sw      gp, -1648(t5)
core   0: 3 0x8000a674 (0x983f2823) mem 0x80010000 0x00000001
core   0: 0x8000a678 (0x0000bfe5) c.j     pc - 8
core   0: 3 0x8000a678 (0xbfe5)
core   0: 0x8000a670 (0x00006f17) auipc   t5, 0x6
core   0: 3 0x8000a670 (0x00006f17) x30 0x80010670
core   0: 0x8000a674 (0x983f2823) sw      gp, -1648(t5)
core   0: 3 0x8000a674 (0x983f2823) mem 0x80010000 0x00000001
core   0: 0x8000a678 (0x0000bfe5) c.j     pc - 8
core   0: 3 0x8000a678 (0xbfe5)
core   0: 0x8000a670 (0x00006f17) auipc   t5, 0x6
core   0: 3 0x8000a670 (0x00006f17) x30 0x80010670
core   0: 0x8000a674 (0x983f2823) sw      gp, -1648(t5)
core   0: 3 0x8000a674 (0x983f2823) mem 0x80010000 0x00000001
core   0: 0x8000a678 (0x0000bfe5) c.j     pc - 8
core   0: 3 0x8000a678 (0xbfe5)
core   0: 0x8000a670 (0x00006f17) auipc   t5, 0x6
core   0: 3 0x8000a670 (0x00006f17) x30 0x80010670
core   0: 0x8000a674 (0x983f2823) sw      gp, -1648(t5)
core   0: 3 0x8000a674 (0x983f2823) mem 0x80010000 0x00000001
core   0: 0x8000a678 (0x0000bfe5) c.j     pc - 8
core   0: 3 0x8000a678 (0xbfe5)
core   0: 0x8000a670 (0x00006f17) auipc   t5, 0x6
core   0: 3 0x8000a670 (0x00006f17) x30 0x80010670
core   0: 0x8000a674 (0x983f2823) sw      gp, -1648(t5)
core   0: 3 0x8000a674 (0x983f2823) mem 0x80010000 0x00000001
core   0: 0x8000a678 (0x0000bfe5) c.j     pc - 8
core   0: 3 0x8000a678 (0xbfe5)
core   0: 0x8000a670 (0x00006f17) auipc   t5, 0x6
core   0: 3 0x8000a670 (0x00006f17) x30 0x80010670
core   0: 0x8000a674 (0x983f2823) sw      gp, -1648(t5)
core   0: 3 0x8000a674 (0x983f2823) mem 0x80010000 0x00000001
core   0: 0x8000a678 (0x0000bfe5) c.j     pc - 8
core   0: 3 0x8000a678 (0xbfe5)
core   0: 0x8000a670 (0x00006f17) auipc   t5, 0x6
core   0: 3 0x8000a670 (0x00006f17) x30 0x80010670
core   0: 0x8000a674 (0x983f2823) sw      gp, -1648(t5)
core   0: 3 0x8000a674 (0x983f2823) mem 0x80010000 0x00000001
core   0: 0x8000a678 (0x0000bfe5) c.j     pc - 8
core   0: 3 0x8000a678 (0xbfe5)
core   0: 0x8000a670 (0x00006f17) auipc   t5, 0x6
core   0: 3 0x8000a670 (0x00006f17) x30 0x80010670
core   0: 0x8000a674 (0x983f2823) sw      gp, -1648(t5)
core   0: 3 0x8000a674 (0x983f2823) mem 0x80010000 0x00000001
core   0: 0x8000a678 (0x0000bfe5) c.j     pc - 8
core   0: 3 0x8000a678 (0xbfe5)
core   0: 0x8000a670 (0x00006f17) auipc   t5, 0x6
core   0: 3 0x8000a670 (0x00006f17) x30 0x80010670
core   0: 0x8000a674 (0x983f2823) sw      gp, -1648(t5)
core   0: 3 0x8000a674 (0x983f2823) mem 0x80010000 0x00000001
core   0: 0x8000a678 (0x0000bfe5) c.j     pc - 8
core   0: 3 0x8000a678 (0xbfe5)
core   0: 0x8000a670 (0x00006f17) auipc   t5, 0x6
core   0: 3 0x8000a670 (0x00006f17) x30 0x80010670
core   0: 0x8000a674 (0x983f2823) sw      gp, -1648(t5)
core   0: 3 0x8000a674 (0x983f2823) mem 0x80010000 0x00000001
core   0: 0x8000a678 (0x0000bfe5) c.j     pc - 8
core   0: 3 0x8000a678 (0xbfe5)
core   0: 0x8000a670 (0x00006f17) auipc   t5, 0x6
core   0: 3 0x8000a670 (0x00006f17) x30 0x80010670
core   0: 0x8000a674 (0x983f2823) sw      gp, -1648(t5)
core   0: 3 0x8000a674 (0x983f2823) mem 0x80010000 0x00000001
core   0: 0x8000a678 (0x0000bfe5) c.j     pc - 8
core   0: 3 0x8000a678 (0xbfe5)
core   0: 0x8000a670 (0x00006f17) auipc   t5, 0x6
core   0: 3 0x8000a670 (0x00006f17) x30 0x80010670
core   0: 0x8000a674 (0x983f2823) sw      gp, -1648(t5)
core   0: 3 0x8000a674 (0x983f2823) mem 0x80010000 0x00000001
core   0: 0x8000a678 (0x0000bfe5) c.j     pc - 8
core   0: 3 0x8000a678 (0xbfe5)
core   0: 0x8000a670 (0x00006f17) auipc   t5, 0x6
core   0: 3 0x8000a670 (0x00006f17) x30 0x80010670
core   0: 0x8000a674 (0x983f2823) sw      gp, -1648(t5)
core   0: 3 0x8000a674 (0x983f2823) mem 0x80010000 0x00000001
core   0: 0x8000a678 (0x0000bfe5) c.j     pc - 8
core   0: 3 0x8000a678 (0xbfe5)
core   0: 0x8000a670 (0x00006f17) auipc   t5, 0x6
core   0: 3 0x8000a670 (0x00006f17) x30 0x80010670
core   0: 0x8000a674 (0x983f2823) sw      gp, -1648(t5)
core   0: 3 0x8000a674 (0x983f2823) mem 0x80010000 0x00000001
core   0: 0x8000a678 (0x0000bfe5) c.j     pc - 8
core   0: 3 0x8000a678 (0xbfe5)
core   0: 0x8000a670 (0x00006f17) auipc   t5, 0x6
core   0: 3 0x8000a670 (0x00006f17) x30 0x80010670
core   0: 0x8000a674 (0x983f2823) sw      gp, -1648(t5)
core   0: 3 0x8000a674 (0x983f2823) mem 0x80010000 0x00000001
core   0: 0x8000a678 (0x0000bfe5) c.j     pc - 8
core   0: 3 0x8000a678 (0xbfe5)
core   0: 0x8000a670 (0x00006f17) auipc   t5, 0x6
core   0: 3 0x8000a670 (0x00006f17) x30 0x80010670
core   0: 0x8000a674 (0x983f2823) sw      gp, -1648(t5)
core   0: 3 0x8000a674 (0x983f2823) mem 0x80010000 0x00000001
core   0: 0x8000a678 (0x0000bfe5) c.j     pc - 8
core   0: 3 0x8000a678 (0xbfe5)
core   0: 0x8000a670 (0x00006f17) auipc   t5, 0x6
core   0: 3 0x8000a670 (0x00006f17) x30 0x80010670
core   0: 0x8000a674 (0x983f2823) sw      gp, -1648(t5)
core   0: 3 0x8000a674 (0x983f2823) mem 0x80010000 0x00000001
core   0: 0x8000a678 (0x0000bfe5) c.j     pc - 8
core   0: 3 0x8000a678 (0xbfe5)
core   0: 0x8000a670 (0x00006f17) auipc   t5, 0x6
core   0: 3 0x8000a670 (0x00006f17) x30 0x80010670
core   0: 0x8000a674 (0x983f2823) sw      gp, -1648(t5)
core   0: 3 0x8000a674 (0x983f2823) mem 0x80010000 0x00000001
core   0: 0x8000a678 (0x0000bfe5) c.j     pc - 8
core   0: 3 0x8000a678 (0xbfe5)
core   0: 0x8000a670 (0x00006f17) auipc   t5, 0x6
core   0: 3 0x8000a670 (0x00006f17) x30 0x80010670
core   0: 0x8000a674 (0x983f2823) sw      gp, -1648(t5)
core   0: 3 0x8000a674 (0x983f2823) mem 0x80010000 0x00000001
core   0: 0x8000a678 (0x0000bfe5) c.j     pc - 8
core   0: 3 0x8000a678 (0xbfe5)
core   0: 0x8000a670 (0x00006f17) auipc   t5, 0x6
core   0: 3 0x8000a670 (0x00006f17) x30 0x80010670
core   0: 0x8000a674 (0x983f2823) sw      gp, -1648(t5)
core   0: 3 0x8000a674 (0x983f2823) mem 0x80010000 0x00000001
core   0: 0x8000a678 (0x0000bfe5) c.j     pc - 8
core   0: 3 0x8000a678 (0xbfe5)
core   0: 0x8000a670 (0x00006f17) auipc   t5, 0x6
core   0: 3 0x8000a670 (0x00006f17) x30 0x80010670
core   0: 0x8000a674 (0x983f2823) sw      gp, -1648(t5)
core   0: 3 0x8000a674 (0x983f2823) mem 0x80010000 0x00000001
core   0: 0x8000a678 (0x0000bfe5) c.j     pc - 8
core   0: 3 0x8000a678 (0xbfe5)
core   0: 0x8000a670 (0x00006f17) auipc   t5, 0x6
core   0: 3 0x8000a670 (0x00006f17) x30 0x80010670
core   0: 0x8000a674 (0x983f2823) sw      gp, -1648(t5)
core   0: 3 0x8000a674 (0x983f2823) mem 0x80010000 0x00000001
core   0: 0x8000a678 (0x0000bfe5) c.j     pc - 8
core   0: 3 0x8000a678 (0xbfe5)
core   0: 0x8000a670 (0x00006f17) auipc   t5, 0x6
core   0: 3 0x8000a670 (0x00006f17) x30 0x80010670
core   0: 0x8000a674 (0x983f2823) sw      gp, -1648(t5)
core   0: 3 0x8000a674 (0x983f2823) mem 0x80010000 0x00000001
core   0: 0x8000a678 (0x0000bfe5) c.j     pc - 8
core   0: 3 0x8000a678 (0xbfe5)
core   0: 0x8000a670 (0x00006f17) auipc   t5, 0x6
core   0: 3 0x8000a670 (0x00006f17) x30 0x80010670
core   0: 0x8000a674 (0x983f2823) sw      gp, -1648(t5)
core   0: 3 0x8000a674 (0x983f2823) mem 0x80010000 0x00000001
core   0: 0x8000a678 (0x0000bfe5) c.j     pc - 8
core   0: 3 0x8000a678 (0xbfe5)
core   0: 0x8000a670 (0x00006f17) auipc   t5, 0x6
core   0: 3 0x8000a670 (0x00006f17) x30 0x80010670
core   0: 0x8000a674 (0x983f2823) sw      gp, -1648(t5)
core   0: 3 0x8000a674 (0x983f2823) mem 0x80010000 0x00000001
core   0: 0x8000a678 (0x0000bfe5) c.j     pc - 8
core   0: 3 0x8000a678 (0xbfe5)
core   0: 0x8000a670 (0x00006f17) auipc   t5, 0x6
core   0: 3 0x8000a670 (0x00006f17) x30 0x80010670
core   0: 0x8000a674 (0x983f2823) sw      gp, -1648(t5)
core   0: 3 0x8000a674 (0x983f2823) mem 0x80010000 0x00000001
core   0: 0x8000a678 (0x0000bfe5) c.j     pc - 8
core   0: 3 0x8000a678 (0xbfe5)
core   0: 0x8000a670 (0x00006f17) auipc   t5, 0x6
core   0: 3 0x8000a670 (0x00006f17) x30 0x80010670
core   0: 0x8000a674 (0x983f2823) sw      gp, -1648(t5)
core   0: 3 0x8000a674 (0x983f2823) mem 0x80010000 0x00000001
core   0: 0x8000a678 (0x0000bfe5) c.j     pc - 8
core   0: 3 0x8000a678 (0xbfe5)
core   0: 0x8000a670 (0x00006f17) auipc   t5, 0x6
core   0: 3 0x8000a670 (0x00006f17) x30 0x80010670
core   0: 0x8000a674 (0x983f2823) sw      gp, -1648(t5)
core   0: 3 0x8000a674 (0x983f2823) mem 0x80010000 0x00000001
core   0: 0x8000a678 (0x0000bfe5) c.j     pc - 8
core   0: 3 0x8000a678 (0xbfe5)
core   0: 0x8000a670 (0x00006f17) auipc   t5, 0x6
core   0: 3 0x8000a670 (0x00006f17) x30 0x80010670
core   0: 0x8000a674 (0x983f2823) sw      gp, -1648(t5)
core   0: 3 0x8000a674 (0x983f2823) mem 0x80010000 0x00000001
core   0: 0x8000a678 (0x0000bfe5) c.j     pc - 8
core   0: 3 0x8000a678 (0xbfe5)
core   0: 0x8000a670 (0x00006f17) auipc   t5, 0x6
core   0: 3 0x8000a670 (0x00006f17) x30 0x80010670
core   0: 0x8000a674 (0x983f2823) sw      gp, -1648(t5)
core   0: 3 0x8000a674 (0x983f2823) mem 0x80010000 0x00000001
core   0: 0x8000a678 (0x0000bfe5) c.j     pc - 8
core   0: 3 0x8000a678 (0xbfe5)
core   0: 0x8000a670 (0x00006f17) auipc   t5, 0x6
core   0: 3 0x8000a670 (0x00006f17) x30 0x80010670
core   0: 0x8000a674 (0x983f2823) sw      gp, -1648(t5)
core   0: 3 0x8000a674 (0x983f2823) mem 0x80010000 0x00000001
core   0: 0x8000a678 (0x0000bfe5) c.j     pc - 8
core   0: 3 0x8000a678 (0xbfe5)
core   0: 0x8000a670 (0x00006f17) auipc   t5, 0x6
core   0: 3 0x8000a670 (0x00006f17) x30 0x80010670
core   0: 0x8000a674 (0x983f2823) sw      gp, -1648(t5)
core   0: 3 0x8000a674 (0x983f2823) mem 0x80010000 0x00000001
core   0: 0x8000a678 (0x0000bfe5) c.j     pc - 8
core   0: 3 0x8000a678 (0xbfe5)
core   0: 0x8000a670 (0x00006f17) auipc   t5, 0x6
core   0: 3 0x8000a670 (0x00006f17) x30 0x80010670
core   0: 0x8000a674 (0x983f2823) sw      gp, -1648(t5)
core   0: 3 0x8000a674 (0x983f2823) mem 0x80010000 0x00000001
core   0: 0x8000a678 (0x0000bfe5) c.j     pc - 8
core   0: 3 0x8000a678 (0xbfe5)
core   0: 0x8000a670 (0x00006f17) auipc   t5, 0x6
core   0: 3 0x8000a670 (0x00006f17) x30 0x80010670
core   0: 0x8000a674 (0x983f2823) sw      gp, -1648(t5)
core   0: 3 0x8000a674 (0x983f2823) mem 0x80010000 0x00000001
core   0: 0x8000a678 (0x0000bfe5) c.j     pc - 8
core   0: 3 0x8000a678 (0xbfe5)
core   0: 0x8000a670 (0x00006f17) auipc   t5, 0x6
core   0: 3 0x8000a670 (0x00006f17) x30 0x80010670
core   0: 0x8000a674 (0x983f2823) sw      gp, -1648(t5)
core   0: 3 0x8000a674 (0x983f2823) mem 0x80010000 0x00000001
core   0: 0x8000a678 (0x0000bfe5) c.j     pc - 8
core   0: 3 0x8000a678 (0xbfe5)
core   0: 0x8000a670 (0x00006f17) auipc   t5, 0x6
core   0: 3 0x8000a670 (0x00006f17) x30 0x80010670
core   0: 0x8000a674 (0x983f2823) sw      gp, -1648(t5)
core   0: 3 0x8000a674 (0x983f2823) mem 0x80010000 0x00000001
core   0: 0x8000a678 (0x0000bfe5) c.j     pc - 8
core   0: 3 0x8000a678 (0xbfe5)
core   0: 0x8000a670 (0x00006f17) auipc   t5, 0x6
core   0: 3 0x8000a670 (0x00006f17) x30 0x80010670
core   0: 0x8000a674 (0x983f2823) sw      gp, -1648(t5)
core   0: 3 0x8000a674 (0x983f2823) mem 0x80010000 0x00000001
core   0: 0x8000a678 (0x0000bfe5) c.j     pc - 8
core   0: 3 0x8000a678 (0xbfe5)
core   0: 0x8000a670 (0x00006f17) auipc   t5, 0x6
core   0: 3 0x8000a670 (0x00006f17) x30 0x80010670
core   0: 0x8000a674 (0x983f2823) sw      gp, -1648(t5)
core   0: 3 0x8000a674 (0x983f2823) mem 0x80010000 0x00000001
core   0: 0x8000a678 (0x0000bfe5) c.j     pc - 8
core   0: 3 0x8000a678 (0xbfe5)
core   0: 0x8000a670 (0x00006f17) auipc   t5, 0x6
core   0: 3 0x8000a670 (0x00006f17) x30 0x80010670
core   0: 0x8000a674 (0x983f2823) sw      gp, -1648(t5)
core   0: 3 0x8000a674 (0x983f2823) mem 0x80010000 0x00000001
core   0: 0x8000a678 (0x0000bfe5) c.j     pc - 8
core   0: 3 0x8000a678 (0xbfe5)
core   0: 0x8000a670 (0x00006f17) auipc   t5, 0x6
core   0: 3 0x8000a670 (0x00006f17) x30 0x80010670
core   0: 0x8000a674 (0x983f2823) sw      gp, -1648(t5)
core   0: 3 0x8000a674 (0x983f2823) mem 0x80010000 0x00000001
core   0: 0x8000a678 (0x0000bfe5) c.j     pc - 8
core   0: 3 0x8000a678 (0xbfe5)
core   0: 0x8000a670 (0x00006f17) auipc   t5, 0x6
core   0: 3 0x8000a670 (0x00006f17) x30 0x80010670
core   0: 0x8000a674 (0x983f2823) sw      gp, -1648(t5)
core   0: 3 0x8000a674 (0x983f2823) mem 0x80010000 0x00000001
core   0: 0x8000a678 (0x0000bfe5) c.j     pc - 8
core   0: 3 0x8000a678 (0xbfe5)
core   0: 0x8000a670 (0x00006f17) auipc   t5, 0x6
core   0: 3 0x8000a670 (0x00006f17) x30 0x80010670
core   0: 0x8000a674 (0x983f2823) sw      gp, -1648(t5)
core   0: 3 0x8000a674 (0x983f2823) mem 0x80010000 0x00000001
core   0: 0x8000a678 (0x0000bfe5) c.j     pc - 8
core   0: 3 0x8000a678 (0xbfe5)
core   0: 0x8000a670 (0x00006f17) auipc   t5, 0x6
core   0: 3 0x8000a670 (0x00006f17) x30 0x80010670
core   0: 0x8000a674 (0x983f2823) sw      gp, -1648(t5)
core   0: 3 0x8000a674 (0x983f2823) mem 0x80010000 0x00000001
core   0: 0x8000a678 (0x0000bfe5) c.j     pc - 8
core   0: 3 0x8000a678 (0xbfe5)
core   0: 0x8000a670 (0x00006f17) auipc   t5, 0x6
core   0: 3 0x8000a670 (0x00006f17) x30 0x80010670
core   0: 0x8000a674 (0x983f2823) sw      gp, -1648(t5)
core   0: 3 0x8000a674 (0x983f2823) mem 0x80010000 0x00000001
core   0: 0x8000a678 (0x0000bfe5) c.j     pc - 8
core   0: 3 0x8000a678 (0xbfe5)
core   0: 0x8000a670 (0x00006f17) auipc   t5, 0x6
core   0: 3 0x8000a670 (0x00006f17) x30 0x80010670
core   0: 0x8000a674 (0x983f2823) sw      gp, -1648(t5)
core   0: 3 0x8000a674 (0x983f2823) mem 0x80010000 0x00000001
core   0: 0x8000a678 (0x0000bfe5) c.j     pc - 8
core   0: 3 0x8000a678 (0xbfe5)
core   0: 0x8000a670 (0x00006f17) auipc   t5, 0x6
core   0: 3 0x8000a670 (0x00006f17) x30 0x80010670
core   0: 0x8000a674 (0x983f2823) sw      gp, -1648(t5)
core   0: 3 0x8000a674 (0x983f2823) mem 0x80010000 0x00000001
core   0: 0x8000a678 (0x0000bfe5) c.j     pc - 8
core   0: 3 0x8000a678 (0xbfe5)
core   0: 0x8000a670 (0x00006f17) auipc   t5, 0x6
core   0: 3 0x8000a670 (0x00006f17) x30 0x80010670
core   0: 0x8000a674 (0x983f2823) sw      gp, -1648(t5)
core   0: 3 0x8000a674 (0x983f2823) mem 0x80010000 0x00000001
core   0: 0x8000a678 (0x0000bfe5) c.j     pc - 8
core   0: 3 0x8000a678 (0xbfe5)
core   0: 0x8000a670 (0x00006f17) auipc   t5, 0x6
core   0: 3 0x8000a670 (0x00006f17) x30 0x80010670
core   0: 0x8000a674 (0x983f2823) sw      gp, -1648(t5)
core   0: 3 0x8000a674 (0x983f2823) mem 0x80010000 0x00000001
core   0: 0x8000a678 (0x0000bfe5) c.j     pc - 8
core   0: 3 0x8000a678 (0xbfe5)
core   0: 0x8000a670 (0x00006f17) auipc   t5, 0x6
core   0: 3 0x8000a670 (0x00006f17) x30 0x80010670
core   0: 0x8000a674 (0x983f2823) sw      gp, -1648(t5)
core   0: 3 0x8000a674 (0x983f2823) mem 0x80010000 0x00000001
core   0: 0x8000a678 (0x0000bfe5) c.j     pc - 8
core   0: 3 0x8000a678 (0xbfe5)
core   0: 0x8000a670 (0x00006f17) auipc   t5, 0x6
core   0: 3 0x8000a670 (0x00006f17) x30 0x80010670
core   0: 0x8000a674 (0x983f2823) sw      gp, -1648(t5)
core   0: 3 0x8000a674 (0x983f2823) mem 0x80010000 0x00000001
core   0: 0x8000a678 (0x0000bfe5) c.j     pc - 8
core   0: 3 0x8000a678 (0xbfe5)
core   0: 0x8000a670 (0x00006f17) auipc   t5, 0x6
core   0: 3 0x8000a670 (0x00006f17) x30 0x80010670
core   0: 0x8000a674 (0x983f2823) sw      gp, -1648(t5)
core   0: 3 0x8000a674 (0x983f2823) mem 0x80010000 0x00000001
core   0: 0x8000a678 (0x0000bfe5) c.j     pc - 8
core   0: 3 0x8000a678 (0xbfe5)
core   0: 0x8000a670 (0x00006f17) auipc   t5, 0x6
core   0: 3 0x8000a670 (0x00006f17) x30 0x80010670
core   0: 0x8000a674 (0x983f2823) sw      gp, -1648(t5)
core   0: 3 0x8000a674 (0x983f2823) mem 0x80010000 0x00000001
core   0: 0x8000a678 (0x0000bfe5) c.j     pc - 8
core   0: 3 0x8000a678 (0xbfe5)
core   0: 0x8000a670 (0x00006f17) auipc   t5, 0x6
core   0: 3 0x8000a670 (0x00006f17) x30 0x80010670
core   0: 0x8000a674 (0x983f2823) sw      gp, -1648(t5)
core   0: 3 0x8000a674 (0x983f2823) mem 0x80010000 0x00000001
core   0: 0x8000a678 (0x0000bfe5) c.j     pc - 8
core   0: 3 0x8000a678 (0xbfe5)
core   0: 0x8000a670 (0x00006f17) auipc   t5, 0x6
core   0: 3 0x8000a670 (0x00006f17) x30 0x80010670
core   0: 0x8000a674 (0x983f2823) sw      gp, -1648(t5)
core   0: 3 0x8000a674 (0x983f2823) mem 0x80010000 0x00000001
core   0: 0x8000a678 (0x0000bfe5) c.j     pc - 8
core   0: 3 0x8000a678 (0xbfe5)
core   0: 0x8000a670 (0x00006f17) auipc   t5, 0x6
core   0: 3 0x8000a670 (0x00006f17) x30 0x80010670
core   0: 0x8000a674 (0x983f2823) sw      gp, -1648(t5)
core   0: 3 0x8000a674 (0x983f2823) mem 0x80010000 0x00000001
core   0: 0x8000a678 (0x0000bfe5) c.j     pc - 8
core   0: 3 0x8000a678 (0xbfe5)
core   0: 0x8000a670 (0x00006f17) auipc   t5, 0x6
core   0: 3 0x8000a670 (0x00006f17) x30 0x80010670
core   0: 0x8000a674 (0x983f2823) sw      gp, -1648(t5)
core   0: 3 0x8000a674 (0x983f2823) mem 0x80010000 0x00000001
core   0: 0x8000a678 (0x0000bfe5) c.j     pc - 8
core   0: 3 0x8000a678 (0xbfe5)
core   0: 0x8000a670 (0x00006f17) auipc   t5, 0x6
core   0: 3 0x8000a670 (0x00006f17) x30 0x80010670
core   0: 0x8000a674 (0x983f2823) sw      gp, -1648(t5)
core   0: 3 0x8000a674 (0x983f2823) mem 0x80010000 0x00000001
core   0: 0x8000a678 (0x0000bfe5) c.j     pc - 8
core   0: 3 0x8000a678 (0xbfe5)
core   0: 0x8000a670 (0x00006f17) auipc   t5, 0x6
core   0: 3 0x8000a670 (0x00006f17) x30 0x80010670
core   0: 0x8000a674 (0x983f2823) sw      gp, -1648(t5)
core   0: 3 0x8000a674 (0x983f2823) mem 0x80010000 0x00000001
core   0: 0x8000a678 (0x0000bfe5) c.j     pc - 8
core   0: 3 0x8000a678 (0xbfe5)
core   0: 0x8000a670 (0x00006f17) auipc   t5, 0x6
core   0: 3 0x8000a670 (0x00006f17) x30 0x80010670
core   0: 0x8000a674 (0x983f2823) sw      gp, -1648(t5)
core   0: 3 0x8000a674 (0x983f2823) mem 0x80010000 0x00000001
core   0: 0x8000a678 (0x0000bfe5) c.j     pc - 8
core   0: 3 0x8000a678 (0xbfe5)
core   0: 0x8000a670 (0x00006f17) auipc   t5, 0x6
core   0: 3 0x8000a670 (0x00006f17) x30 0x80010670
core   0: 0x8000a674 (0x983f2823) sw      gp, -1648(t5)
core   0: 3 0x8000a674 (0x983f2823) mem 0x80010000 0x00000001
core   0: 0x8000a678 (0x0000bfe5) c.j     pc - 8
core   0: 3 0x8000a678 (0xbfe5)
core   0: 0x8000a670 (0x00006f17) auipc   t5, 0x6
core   0: 3 0x8000a670 (0x00006f17) x30 0x80010670
core   0: 0x8000a674 (0x983f2823) sw      gp, -1648(t5)
core   0: 3 0x8000a674 (0x983f2823) mem 0x80010000 0x00000001
core   0: 0x8000a678 (0x0000bfe5) c.j     pc - 8
core   0: 3 0x8000a678 (0xbfe5)
core   0: 0x8000a670 (0x00006f17) auipc   t5, 0x6
core   0: 3 0x8000a670 (0x00006f17) x30 0x80010670
core   0: 0x8000a674 (0x983f2823) sw      gp, -1648(t5)
core   0: 3 0x8000a674 (0x983f2823) mem 0x80010000 0x00000001
core   0: 0x8000a678 (0x0000bfe5) c.j     pc - 8
core   0: 3 0x8000a678 (0xbfe5)
core   0: 0x8000a670 (0x00006f17) auipc   t5, 0x6
core   0: 3 0x8000a670 (0x00006f17) x30 0x80010670
core   0: 0x8000a674 (0x983f2823) sw      gp, -1648(t5)
core   0: 3 0x8000a674 (0x983f2823) mem 0x80010000 0x00000001
core   0: 0x8000a678 (0x0000bfe5) c.j     pc - 8
core   0: 3 0x8000a678 (0xbfe5)
core   0: 0x8000a670 (0x00006f17) auipc   t5, 0x6
core   0: 3 0x8000a670 (0x00006f17) x30 0x80010670
core   0: 0x8000a674 (0x983f2823) sw      gp, -1648(t5)
core   0: 3 0x8000a674 (0x983f2823) mem 0x80010000 0x00000001
core   0: 0x8000a678 (0x0000bfe5) c.j     pc - 8
core   0: 3 0x8000a678 (0xbfe5)
core   0: 0x8000a670 (0x00006f17) auipc   t5, 0x6
core   0: 3 0x8000a670 (0x00006f17) x30 0x80010670
core   0: 0x8000a674 (0x983f2823) sw      gp, -1648(t5)
core   0: 3 0x8000a674 (0x983f2823) mem 0x80010000 0x00000001
core   0: 0x8000a678 (0x0000bfe5) c.j     pc - 8
core   0: 3 0x8000a678 (0xbfe5)
core   0: 0x8000a670 (0x00006f17) auipc   t5, 0x6
core   0: 3 0x8000a670 (0x00006f17) x30 0x80010670
core   0: 0x8000a674 (0x983f2823) sw      gp, -1648(t5)
core   0: 3 0x8000a674 (0x983f2823) mem 0x80010000 0x00000001
core   0: 0x8000a678 (0x0000bfe5) c.j     pc - 8
core   0: 3 0x8000a678 (0xbfe5)
core   0: 0x8000a670 (0x00006f17) auipc   t5, 0x6
core   0: 3 0x8000a670 (0x00006f17) x30 0x80010670
core   0: 0x8000a674 (0x983f2823) sw      gp, -1648(t5)
core   0: 3 0x8000a674 (0x983f2823) mem 0x80010000 0x00000001
core   0: 0x8000a678 (0x0000bfe5) c.j     pc - 8
core   0: 3 0x8000a678 (0xbfe5)
core   0: 0x8000a670 (0x00006f17) auipc   t5, 0x6
core   0: 3 0x8000a670 (0x00006f17) x30 0x80010670
core   0: 0x8000a674 (0x983f2823) sw      gp, -1648(t5)
core   0: 3 0x8000a674 (0x983f2823) mem 0x80010000 0x00000001
core   0: 0x8000a678 (0x0000bfe5) c.j     pc - 8
core   0: 3 0x8000a678 (0xbfe5)
core   0: 0x8000a670 (0x00006f17) auipc   t5, 0x6
core   0: 3 0x8000a670 (0x00006f17) x30 0x80010670
core   0: 0x8000a674 (0x983f2823) sw      gp, -1648(t5)
core   0: 3 0x8000a674 (0x983f2823) mem 0x80010000 0x00000001
core   0: 0x8000a678 (0x0000bfe5) c.j     pc - 8
core   0: 3 0x8000a678 (0xbfe5)
core   0: 0x8000a670 (0x00006f17) auipc   t5, 0x6
core   0: 3 0x8000a670 (0x00006f17) x30 0x80010670
core   0: 0x8000a674 (0x983f2823) sw      gp, -1648(t5)
core   0: 3 0x8000a674 (0x983f2823) mem 0x80010000 0x00000001
core   0: 0x8000a678 (0x0000bfe5) c.j     pc - 8
core   0: 3 0x8000a678 (0xbfe5)
core   0: 0x8000a670 (0x00006f17) auipc   t5, 0x6
core   0: 3 0x8000a670 (0x00006f17) x30 0x80010670
core   0: 0x8000a674 (0x983f2823) sw      gp, -1648(t5)
core   0: 3 0x8000a674 (0x983f2823) mem 0x80010000 0x00000001
core   0: 0x8000a678 (0x0000bfe5) c.j     pc - 8
core   0: 3 0x8000a678 (0xbfe5)
core   0: 0x8000a670 (0x00006f17) auipc   t5, 0x6
core   0: 3 0x8000a670 (0x00006f17) x30 0x80010670
core   0: 0x8000a674 (0x983f2823) sw      gp, -1648(t5)
core   0: 3 0x8000a674 (0x983f2823) mem 0x80010000 0x00000001
core   0: 0x8000a678 (0x0000bfe5) c.j     pc - 8
core   0: 3 0x8000a678 (0xbfe5)
core   0: 0x8000a670 (0x00006f17) auipc   t5, 0x6
core   0: 3 0x8000a670 (0x00006f17) x30 0x80010670
core   0: 0x8000a674 (0x983f2823) sw      gp, -1648(t5)
core   0: 3 0x8000a674 (0x983f2823) mem 0x80010000 0x00000001
core   0: 0x8000a678 (0x0000bfe5) c.j     pc - 8
core   0: 3 0x8000a678 (0xbfe5)
core   0: 0x8000a670 (0x00006f17) auipc   t5, 0x6
core   0: 3 0x8000a670 (0x00006f17) x30 0x80010670
core   0: 0x8000a674 (0x983f2823) sw      gp, -1648(t5)
core   0: 3 0x8000a674 (0x983f2823) mem 0x80010000 0x00000001
core   0: 0x8000a678 (0x0000bfe5) c.j     pc - 8
core   0: 3 0x8000a678 (0xbfe5)
core   0: 0x8000a670 (0x00006f17) auipc   t5, 0x6
core   0: 3 0x8000a670 (0x00006f17) x30 0x80010670
core   0: 0x8000a674 (0x983f2823) sw      gp, -1648(t5)
core   0: 3 0x8000a674 (0x983f2823) mem 0x80010000 0x00000001
core   0: 0x8000a678 (0x0000bfe5) c.j     pc - 8
core   0: 3 0x8000a678 (0xbfe5)
core   0: 0x8000a670 (0x00006f17) auipc   t5, 0x6
core   0: 3 0x8000a670 (0x00006f17) x30 0x80010670
core   0: 0x8000a674 (0x983f2823) sw      gp, -1648(t5)
core   0: 3 0x8000a674 (0x983f2823) mem 0x80010000 0x00000001
core   0: 0x8000a678 (0x0000bfe5) c.j     pc - 8
core   0: 3 0x8000a678 (0xbfe5)
core   0: 0x8000a670 (0x00006f17) auipc   t5, 0x6
core   0: 3 0x8000a670 (0x00006f17) x30 0x80010670
core   0: 0x8000a674 (0x983f2823) sw      gp, -1648(t5)
core   0: 3 0x8000a674 (0x983f2823) mem 0x80010000 0x00000001
core   0: 0x8000a678 (0x0000bfe5) c.j     pc - 8
core   0: 3 0x8000a678 (0xbfe5)
core   0: 0x8000a670 (0x00006f17) auipc   t5, 0x6
core   0: 3 0x8000a670 (0x00006f17) x30 0x80010670
core   0: 0x8000a674 (0x983f2823) sw      gp, -1648(t5)
core   0: 3 0x8000a674 (0x983f2823) mem 0x80010000 0x00000001
core   0: 0x8000a678 (0x0000bfe5) c.j     pc - 8
core   0: 3 0x8000a678 (0xbfe5)
core   0: 0x8000a670 (0x00006f17) auipc   t5, 0x6
core   0: 3 0x8000a670 (0x00006f17) x30 0x80010670
core   0: 0x8000a674 (0x983f2823) sw      gp, -1648(t5)
core   0: 3 0x8000a674 (0x983f2823) mem 0x80010000 0x00000001
core   0: 0x8000a678 (0x0000bfe5) c.j     pc - 8
core   0: 3 0x8000a678 (0xbfe5)
core   0: 0x8000a670 (0x00006f17) auipc   t5, 0x6
core   0: 3 0x8000a670 (0x00006f17) x30 0x80010670
core   0: 0x8000a674 (0x983f2823) sw      gp, -1648(t5)
core   0: 3 0x8000a674 (0x983f2823) mem 0x80010000 0x00000001
core   0: 0x8000a678 (0x0000bfe5) c.j     pc - 8
core   0: 3 0x8000a678 (0xbfe5)
core   0: 0x8000a670 (0x00006f17) auipc   t5, 0x6
core   0: 3 0x8000a670 (0x00006f17) x30 0x80010670
core   0: 0x8000a674 (0x983f2823) sw      gp, -1648(t5)
core   0: 3 0x8000a674 (0x983f2823) mem 0x80010000 0x00000001
core   0: 0x8000a678 (0x0000bfe5) c.j     pc - 8
core   0: 3 0x8000a678 (0xbfe5)
core   0: 0x8000a670 (0x00006f17) auipc   t5, 0x6
core   0: 3 0x8000a670 (0x00006f17) x30 0x80010670
core   0: 0x8000a674 (0x983f2823) sw      gp, -1648(t5)
core   0: 3 0x8000a674 (0x983f2823) mem 0x80010000 0x00000001
core   0: 0x8000a678 (0x0000bfe5) c.j     pc - 8
core   0: 3 0x8000a678 (0xbfe5)
core   0: 0x8000a670 (0x00006f17) auipc   t5, 0x6
core   0: 3 0x8000a670 (0x00006f17) x30 0x80010670
core   0: 0x8000a674 (0x983f2823) sw      gp, -1648(t5)
core   0: 3 0x8000a674 (0x983f2823) mem 0x80010000 0x00000001
core   0: 0x8000a678 (0x0000bfe5) c.j     pc - 8
core   0: 3 0x8000a678 (0xbfe5)
core   0: 0x8000a670 (0x00006f17) auipc   t5, 0x6
core   0: 3 0x8000a670 (0x00006f17) x30 0x80010670
core   0: 0x8000a674 (0x983f2823) sw      gp, -1648(t5)
core   0: 3 0x8000a674 (0x983f2823) mem 0x80010000 0x00000001
core   0: 0x8000a678 (0x0000bfe5) c.j     pc - 8
core   0: 3 0x8000a678 (0xbfe5)
core   0: 0x8000a670 (0x00006f17) auipc   t5, 0x6
core   0: 3 0x8000a670 (0x00006f17) x30 0x80010670
core   0: 0x8000a674 (0x983f2823) sw      gp, -1648(t5)
core   0: 3 0x8000a674 (0x983f2823) mem 0x80010000 0x00000001
core   0: 0x8000a678 (0x0000bfe5) c.j     pc - 8
core   0: 3 0x8000a678 (0xbfe5)
core   0: 0x8000a670 (0x00006f17) auipc   t5, 0x6
core   0: 3 0x8000a670 (0x00006f17) x30 0x80010670
core   0: 0x8000a674 (0x983f2823) sw      gp, -1648(t5)
core   0: 3 0x8000a674 (0x983f2823) mem 0x80010000 0x00000001
core   0: 0x8000a678 (0x0000bfe5) c.j     pc - 8
core   0: 3 0x8000a678 (0xbfe5)
core   0: 0x8000a670 (0x00006f17) auipc   t5, 0x6
core   0: 3 0x8000a670 (0x00006f17) x30 0x80010670
core   0: 0x8000a674 (0x983f2823) sw      gp, -1648(t5)
core   0: 3 0x8000a674 (0x983f2823) mem 0x80010000 0x00000001
core   0: 0x8000a678 (0x0000bfe5) c.j     pc - 8
core   0: 3 0x8000a678 (0xbfe5)
core   0: 0x8000a670 (0x00006f17) auipc   t5, 0x6
core   0: 3 0x8000a670 (0x00006f17) x30 0x80010670
core   0: 0x8000a674 (0x983f2823) sw      gp, -1648(t5)
core   0: 3 0x8000a674 (0x983f2823) mem 0x80010000 0x00000001
core   0: 0x8000a678 (0x0000bfe5) c.j     pc - 8
core   0: 3 0x8000a678 (0xbfe5)
core   0: 0x8000a670 (0x00006f17) auipc   t5, 0x6
core   0: 3 0x8000a670 (0x00006f17) x30 0x80010670
core   0: 0x8000a674 (0x983f2823) sw      gp, -1648(t5)
core   0: 3 0x8000a674 (0x983f2823) mem 0x80010000 0x00000001
core   0: 0x8000a678 (0x0000bfe5) c.j     pc - 8
core   0: 3 0x8000a678 (0xbfe5)
core   0: 0x8000a670 (0x00006f17) auipc   t5, 0x6
core   0: 3 0x8000a670 (0x00006f17) x30 0x80010670
core   0: 0x8000a674 (0x983f2823) sw      gp, -1648(t5)
core   0: 3 0x8000a674 (0x983f2823) mem 0x80010000 0x00000001
core   0: 0x8000a678 (0x0000bfe5) c.j     pc - 8
core   0: 3 0x8000a678 (0xbfe5)
core   0: 0x8000a670 (0x00006f17) auipc   t5, 0x6
core   0: 3 0x8000a670 (0x00006f17) x30 0x80010670
core   0: 0x8000a674 (0x983f2823) sw      gp, -1648(t5)
core   0: 3 0x8000a674 (0x983f2823) mem 0x80010000 0x00000001
core   0: 0x8000a678 (0x0000bfe5) c.j     pc - 8
core   0: 3 0x8000a678 (0xbfe5)
core   0: 0x8000a670 (0x00006f17) auipc   t5, 0x6
core   0: 3 0x8000a670 (0x00006f17) x30 0x80010670
core   0: 0x8000a674 (0x983f2823) sw      gp, -1648(t5)
core   0: 3 0x8000a674 (0x983f2823) mem 0x80010000 0x00000001
core   0: 0x8000a678 (0x0000bfe5) c.j     pc - 8
core   0: 3 0x8000a678 (0xbfe5)
core   0: 0x8000a670 (0x00006f17) auipc   t5, 0x6
core   0: 3 0x8000a670 (0x00006f17) x30 0x80010670
core   0: 0x8000a674 (0x983f2823) sw      gp, -1648(t5)
core   0: 3 0x8000a674 (0x983f2823) mem 0x80010000 0x00000001
core   0: 0x8000a678 (0x0000bfe5) c.j     pc - 8
core   0: 3 0x8000a678 (0xbfe5)
core   0: 0x8000a670 (0x00006f17) auipc   t5, 0x6
core   0: 3 0x8000a670 (0x00006f17) x30 0x80010670
core   0: 0x8000a674 (0x983f2823) sw      gp, -1648(t5)
core   0: 3 0x8000a674 (0x983f2823) mem 0x80010000 0x00000001
core   0: 0x8000a678 (0x0000bfe5) c.j     pc - 8
core   0: 3 0x8000a678 (0xbfe5)
core   0: 0x8000a670 (0x00006f17) auipc   t5, 0x6
core   0: 3 0x8000a670 (0x00006f17) x30 0x80010670
core   0: 0x8000a674 (0x983f2823) sw      gp, -1648(t5)
core   0: 3 0x8000a674 (0x983f2823) mem 0x80010000 0x00000001
core   0: 0x8000a678 (0x0000bfe5) c.j     pc - 8
core   0: 3 0x8000a678 (0xbfe5)
core   0: 0x8000a670 (0x00006f17) auipc   t5, 0x6
core   0: 3 0x8000a670 (0x00006f17) x30 0x80010670
core   0: 0x8000a674 (0x983f2823) sw      gp, -1648(t5)
core   0: 3 0x8000a674 (0x983f2823) mem 0x80010000 0x00000001
core   0: 0x8000a678 (0x0000bfe5) c.j     pc - 8
core   0: 3 0x8000a678 (0xbfe5)
core   0: 0x8000a670 (0x00006f17) auipc   t5, 0x6
core   0: 3 0x8000a670 (0x00006f17) x30 0x80010670
core   0: 0x8000a674 (0x983f2823) sw      gp, -1648(t5)
core   0: 3 0x8000a674 (0x983f2823) mem 0x80010000 0x00000001
core   0: 0x8000a678 (0x0000bfe5) c.j     pc - 8
core   0: 3 0x8000a678 (0xbfe5)
core   0: 0x8000a670 (0x00006f17) auipc   t5, 0x6
core   0: 3 0x8000a670 (0x00006f17) x30 0x80010670
core   0: 0x8000a674 (0x983f2823) sw      gp, -1648(t5)
core   0: 3 0x8000a674 (0x983f2823) mem 0x80010000 0x00000001
core   0: 0x8000a678 (0x0000bfe5) c.j     pc - 8
core   0: 3 0x8000a678 (0xbfe5)
core   0: 0x8000a670 (0x00006f17) auipc   t5, 0x6
core   0: 3 0x8000a670 (0x00006f17) x30 0x80010670
core   0: 0x8000a674 (0x983f2823) sw      gp, -1648(t5)
core   0: 3 0x8000a674 (0x983f2823) mem 0x80010000 0x00000001
core   0: 0x8000a678 (0x0000bfe5) c.j     pc - 8
core   0: 3 0x8000a678 (0xbfe5)
core   0: 0x8000a670 (0x00006f17) auipc   t5, 0x6
core   0: 3 0x8000a670 (0x00006f17) x30 0x80010670
core   0: 0x8000a674 (0x983f2823) sw      gp, -1648(t5)
core   0: 3 0x8000a674 (0x983f2823) mem 0x80010000 0x00000001
core   0: 0x8000a678 (0x0000bfe5) c.j     pc - 8
core   0: 3 0x8000a678 (0xbfe5)
core   0: 0x8000a670 (0x00006f17) auipc   t5, 0x6
core   0: 3 0x8000a670 (0x00006f17) x30 0x80010670
core   0: 0x8000a674 (0x983f2823) sw      gp, -1648(t5)
core   0: 3 0x8000a674 (0x983f2823) mem 0x80010000 0x00000001
core   0: 0x8000a678 (0x0000bfe5) c.j     pc - 8
core   0: 3 0x8000a678 (0xbfe5)
core   0: 0x8000a670 (0x00006f17) auipc   t5, 0x6
core   0: 3 0x8000a670 (0x00006f17) x30 0x80010670
core   0: 0x8000a674 (0x983f2823) sw      gp, -1648(t5)
core   0: 3 0x8000a674 (0x983f2823) mem 0x80010000 0x00000001
core   0: 0x8000a678 (0x0000bfe5) c.j     pc - 8
core   0: 3 0x8000a678 (0xbfe5)
core   0: 0x8000a670 (0x00006f17) auipc   t5, 0x6
core   0: 3 0x8000a670 (0x00006f17) x30 0x80010670
core   0: 0x8000a674 (0x983f2823) sw      gp, -1648(t5)
core   0: 3 0x8000a674 (0x983f2823) mem 0x80010000 0x00000001
core   0: 0x8000a678 (0x0000bfe5) c.j     pc - 8
core   0: 3 0x8000a678 (0xbfe5)
core   0: 0x8000a670 (0x00006f17) auipc   t5, 0x6
core   0: 3 0x8000a670 (0x00006f17) x30 0x80010670
core   0: 0x8000a674 (0x983f2823) sw      gp, -1648(t5)
core   0: 3 0x8000a674 (0x983f2823) mem 0x80010000 0x00000001
core   0: 0x8000a678 (0x0000bfe5) c.j     pc - 8
core   0: 3 0x8000a678 (0xbfe5)
core   0: 0x8000a670 (0x00006f17) auipc   t5, 0x6
core   0: 3 0x8000a670 (0x00006f17) x30 0x80010670
core   0: 0x8000a674 (0x983f2823) sw      gp, -1648(t5)
core   0: 3 0x8000a674 (0x983f2823) mem 0x80010000 0x00000001
core   0: 0x8000a678 (0x0000bfe5) c.j     pc - 8
core   0: 3 0x8000a678 (0xbfe5)
core   0: 0x8000a670 (0x00006f17) auipc   t5, 0x6
core   0: 3 0x8000a670 (0x00006f17) x30 0x80010670
core   0: 0x8000a674 (0x983f2823) sw      gp, -1648(t5)
core   0: 3 0x8000a674 (0x983f2823) mem 0x80010000 0x00000001
core   0: 0x8000a678 (0x0000bfe5) c.j     pc - 8
core   0: 3 0x8000a678 (0xbfe5)
core   0: 0x8000a670 (0x00006f17) auipc   t5, 0x6
core   0: 3 0x8000a670 (0x00006f17) x30 0x80010670
core   0: 0x8000a674 (0x983f2823) sw      gp, -1648(t5)
core   0: 3 0x8000a674 (0x983f2823) mem 0x80010000 0x00000001
core   0: 0x8000a678 (0x0000bfe5) c.j     pc - 8
core   0: 3 0x8000a678 (0xbfe5)
core   0: 0x8000a670 (0x00006f17) auipc   t5, 0x6
core   0: 3 0x8000a670 (0x00006f17) x30 0x80010670
core   0: 0x8000a674 (0x983f2823) sw      gp, -1648(t5)
core   0: 3 0x8000a674 (0x983f2823) mem 0x80010000 0x00000001
core   0: 0x8000a678 (0x0000bfe5) c.j     pc - 8
core   0: 3 0x8000a678 (0xbfe5)
core   0: 0x8000a670 (0x00006f17) auipc   t5, 0x6
core   0: 3 0x8000a670 (0x00006f17) x30 0x80010670
core   0: 0x8000a674 (0x983f2823) sw      gp, -1648(t5)
core   0: 3 0x8000a674 (0x983f2823) mem 0x80010000 0x00000001
core   0: 0x8000a678 (0x0000bfe5) c.j     pc - 8
core   0: 3 0x8000a678 (0xbfe5)
core   0: 0x8000a670 (0x00006f17) auipc   t5, 0x6
core   0: 3 0x8000a670 (0x00006f17) x30 0x80010670
core   0: 0x8000a674 (0x983f2823) sw      gp, -1648(t5)
core   0: 3 0x8000a674 (0x983f2823) mem 0x80010000 0x00000001
core   0: 0x8000a678 (0x0000bfe5) c.j     pc - 8
core   0: 3 0x8000a678 (0xbfe5)
core   0: 0x8000a670 (0x00006f17) auipc   t5, 0x6
core   0: 3 0x8000a670 (0x00006f17) x30 0x80010670
core   0: 0x8000a674 (0x983f2823) sw      gp, -1648(t5)
core   0: 3 0x8000a674 (0x983f2823) mem 0x80010000 0x00000001
core   0: 0x8000a678 (0x0000bfe5) c.j     pc - 8
core   0: 3 0x8000a678 (0xbfe5)
core   0: 0x8000a670 (0x00006f17) auipc   t5, 0x6
core   0: 3 0x8000a670 (0x00006f17) x30 0x80010670
core   0: 0x8000a674 (0x983f2823) sw      gp, -1648(t5)
core   0: 3 0x8000a674 (0x983f2823) mem 0x80010000 0x00000001
core   0: 0x8000a678 (0x0000bfe5) c.j     pc - 8
core   0: 3 0x8000a678 (0xbfe5)
core   0: 0x8000a670 (0x00006f17) auipc   t5, 0x6
core   0: 3 0x8000a670 (0x00006f17) x30 0x80010670
core   0: 0x8000a674 (0x983f2823) sw      gp, -1648(t5)
core   0: 3 0x8000a674 (0x983f2823) mem 0x80010000 0x00000001
core   0: 0x8000a678 (0x0000bfe5) c.j     pc - 8
core   0: 3 0x8000a678 (0xbfe5)
core   0: 0x8000a670 (0x00006f17) auipc   t5, 0x6
core   0: 3 0x8000a670 (0x00006f17) x30 0x80010670
core   0: 0x8000a674 (0x983f2823) sw      gp, -1648(t5)
core   0: 3 0x8000a674 (0x983f2823) mem 0x80010000 0x00000001
core   0: 0x8000a678 (0x0000bfe5) c.j     pc - 8
core   0: 3 0x8000a678 (0xbfe5)
core   0: 0x8000a670 (0x00006f17) auipc   t5, 0x6
core   0: 3 0x8000a670 (0x00006f17) x30 0x80010670
core   0: 0x8000a674 (0x983f2823) sw      gp, -1648(t5)
core   0: 3 0x8000a674 (0x983f2823) mem 0x80010000 0x00000001
core   0: 0x8000a678 (0x0000bfe5) c.j     pc - 8
core   0: 3 0x8000a678 (0xbfe5)
core   0: 0x8000a670 (0x00006f17) auipc   t5, 0x6
core   0: 3 0x8000a670 (0x00006f17) x30 0x80010670
core   0: 0x8000a674 (0x983f2823) sw      gp, -1648(t5)
core   0: 3 0x8000a674 (0x983f2823) mem 0x80010000 0x00000001
core   0: 0x8000a678 (0x0000bfe5) c.j     pc - 8
core   0: 3 0x8000a678 (0xbfe5)
core   0: 0x8000a670 (0x00006f17) auipc   t5, 0x6
core   0: 3 0x8000a670 (0x00006f17) x30 0x80010670
core   0: 0x8000a674 (0x983f2823) sw      gp, -1648(t5)
core   0: 3 0x8000a674 (0x983f2823) mem 0x80010000 0x00000001
core   0: 0x8000a678 (0x0000bfe5) c.j     pc - 8
core   0: 3 0x8000a678 (0xbfe5)
core   0: 0x8000a670 (0x00006f17) auipc   t5, 0x6
core   0: 3 0x8000a670 (0x00006f17) x30 0x80010670
core   0: 0x8000a674 (0x983f2823) sw      gp, -1648(t5)
core   0: 3 0x8000a674 (0x983f2823) mem 0x80010000 0x00000001
core   0: 0x8000a678 (0x0000bfe5) c.j     pc - 8
core   0: 3 0x8000a678 (0xbfe5)
core   0: 0x8000a670 (0x00006f17) auipc   t5, 0x6
core   0: 3 0x8000a670 (0x00006f17) x30 0x80010670
core   0: 0x8000a674 (0x983f2823) sw      gp, -1648(t5)
core   0: 3 0x8000a674 (0x983f2823) mem 0x80010000 0x00000001
core   0: 0x8000a678 (0x0000bfe5) c.j     pc - 8
core   0: 3 0x8000a678 (0xbfe5)
core   0: 0x8000a670 (0x00006f17) auipc   t5, 0x6
core   0: 3 0x8000a670 (0x00006f17) x30 0x80010670
core   0: 0x8000a674 (0x983f2823) sw      gp, -1648(t5)
core   0: 3 0x8000a674 (0x983f2823) mem 0x80010000 0x00000001
core   0: 0x8000a678 (0x0000bfe5) c.j     pc - 8
core   0: 3 0x8000a678 (0xbfe5)
core   0: 0x8000a670 (0x00006f17) auipc   t5, 0x6
core   0: 3 0x8000a670 (0x00006f17) x30 0x80010670
core   0: 0x8000a674 (0x983f2823) sw      gp, -1648(t5)
core   0: 3 0x8000a674 (0x983f2823) mem 0x80010000 0x00000001
core   0: 0x8000a678 (0x0000bfe5) c.j     pc - 8
core   0: 3 0x8000a678 (0xbfe5)
core   0: 0x8000a670 (0x00006f17) auipc   t5, 0x6
core   0: 3 0x8000a670 (0x00006f17) x30 0x80010670
core   0: 0x8000a674 (0x983f2823) sw      gp, -1648(t5)
core   0: 3 0x8000a674 (0x983f2823) mem 0x80010000 0x00000001
core   0: 0x8000a678 (0x0000bfe5) c.j     pc - 8
core   0: 3 0x8000a678 (0xbfe5)
core   0: 0x8000a670 (0x00006f17) auipc   t5, 0x6
core   0: 3 0x8000a670 (0x00006f17) x30 0x80010670
core   0: 0x8000a674 (0x983f2823) sw      gp, -1648(t5)
core   0: 3 0x8000a674 (0x983f2823) mem 0x80010000 0x00000001
core   0: 0x8000a678 (0x0000bfe5) c.j     pc - 8
core   0: 3 0x8000a678 (0xbfe5)
core   0: 0x8000a670 (0x00006f17) auipc   t5, 0x6
core   0: 3 0x8000a670 (0x00006f17) x30 0x80010670
core   0: 0x8000a674 (0x983f2823) sw      gp, -1648(t5)
core   0: 3 0x8000a674 (0x983f2823) mem 0x80010000 0x00000001
core   0: 0x8000a678 (0x0000bfe5) c.j     pc - 8
core   0: 3 0x8000a678 (0xbfe5)
core   0: 0x8000a670 (0x00006f17) auipc   t5, 0x6
core   0: 3 0x8000a670 (0x00006f17) x30 0x80010670
core   0: 0x8000a674 (0x983f2823) sw      gp, -1648(t5)
core   0: 3 0x8000a674 (0x983f2823) mem 0x80010000 0x00000001
core   0: 0x8000a678 (0x0000bfe5) c.j     pc - 8
core   0: 3 0x8000a678 (0xbfe5)
core   0: 0x8000a670 (0x00006f17) auipc   t5, 0x6
core   0: 3 0x8000a670 (0x00006f17) x30 0x80010670
core   0: 0x8000a674 (0x983f2823) sw      gp, -1648(t5)
core   0: 3 0x8000a674 (0x983f2823) mem 0x80010000 0x00000001
core   0: 0x8000a678 (0x0000bfe5) c.j     pc - 8
core   0: 3 0x8000a678 (0xbfe5)
core   0: 0x8000a670 (0x00006f17) auipc   t5, 0x6
core   0: 3 0x8000a670 (0x00006f17) x30 0x80010670
core   0: 0x8000a674 (0x983f2823) sw      gp, -1648(t5)
core   0: 3 0x8000a674 (0x983f2823) mem 0x80010000 0x00000001
core   0: 0x8000a678 (0x0000bfe5) c.j     pc - 8
core   0: 3 0x8000a678 (0xbfe5)
core   0: 0x8000a670 (0x00006f17) auipc   t5, 0x6
core   0: 3 0x8000a670 (0x00006f17) x30 0x80010670
core   0: 0x8000a674 (0x983f2823) sw      gp, -1648(t5)
core   0: 3 0x8000a674 (0x983f2823) mem 0x80010000 0x00000001
core   0: 0x8000a678 (0x0000bfe5) c.j     pc - 8
core   0: 3 0x8000a678 (0xbfe5)
core   0: 0x8000a670 (0x00006f17) auipc   t5, 0x6
core   0: 3 0x8000a670 (0x00006f17) x30 0x80010670
core   0: 0x8000a674 (0x983f2823) sw      gp, -1648(t5)
core   0: 3 0x8000a674 (0x983f2823) mem 0x80010000 0x00000001
core   0: 0x8000a678 (0x0000bfe5) c.j     pc - 8
core   0: 3 0x8000a678 (0xbfe5)
core   0: 0x8000a670 (0x00006f17) auipc   t5, 0x6
core   0: 3 0x8000a670 (0x00006f17) x30 0x80010670
core   0: 0x8000a674 (0x983f2823) sw      gp, -1648(t5)
core   0: 3 0x8000a674 (0x983f2823) mem 0x80010000 0x00000001
core   0: 0x8000a678 (0x0000bfe5) c.j     pc - 8
core   0: 3 0x8000a678 (0xbfe5)
core   0: 0x8000a670 (0x00006f17) auipc   t5, 0x6
core   0: 3 0x8000a670 (0x00006f17) x30 0x80010670
core   0: 0x8000a674 (0x983f2823) sw      gp, -1648(t5)
core   0: 3 0x8000a674 (0x983f2823) mem 0x80010000 0x00000001
core   0: 0x8000a678 (0x0000bfe5) c.j     pc - 8
core   0: 3 0x8000a678 (0xbfe5)
core   0: 0x8000a670 (0x00006f17) auipc   t5, 0x6
core   0: 3 0x8000a670 (0x00006f17) x30 0x80010670
core   0: 0x8000a674 (0x983f2823) sw      gp, -1648(t5)
core   0: 3 0x8000a674 (0x983f2823) mem 0x80010000 0x00000001
core   0: 0x8000a678 (0x0000bfe5) c.j     pc - 8
core   0: 3 0x8000a678 (0xbfe5)
core   0: 0x8000a670 (0x00006f17) auipc   t5, 0x6
core   0: 3 0x8000a670 (0x00006f17) x30 0x80010670
core   0: 0x8000a674 (0x983f2823) sw      gp, -1648(t5)
core   0: 3 0x8000a674 (0x983f2823) mem 0x80010000 0x00000001
core   0: 0x8000a678 (0x0000bfe5) c.j     pc - 8
core   0: 3 0x8000a678 (0xbfe5)
core   0: 0x8000a670 (0x00006f17) auipc   t5, 0x6
core   0: 3 0x8000a670 (0x00006f17) x30 0x80010670
core   0: 0x8000a674 (0x983f2823) sw      gp, -1648(t5)
core   0: 3 0x8000a674 (0x983f2823) mem 0x80010000 0x00000001
core   0: 0x8000a678 (0x0000bfe5) c.j     pc - 8
core   0: 3 0x8000a678 (0xbfe5)
core   0: 0x8000a670 (0x00006f17) auipc   t5, 0x6
core   0: 3 0x8000a670 (0x00006f17) x30 0x80010670
core   0: 0x8000a674 (0x983f2823) sw      gp, -1648(t5)
core   0: 3 0x8000a674 (0x983f2823) mem 0x80010000 0x00000001
core   0: 0x8000a678 (0x0000bfe5) c.j     pc - 8
core   0: 3 0x8000a678 (0xbfe5)
core   0: 0x8000a670 (0x00006f17) auipc   t5, 0x6
core   0: 3 0x8000a670 (0x00006f17) x30 0x80010670
core   0: 0x8000a674 (0x983f2823) sw      gp, -1648(t5)
core   0: 3 0x8000a674 (0x983f2823) mem 0x80010000 0x00000001
core   0: 0x8000a678 (0x0000bfe5) c.j     pc - 8
core   0: 3 0x8000a678 (0xbfe5)
core   0: 0x8000a670 (0x00006f17) auipc   t5, 0x6
core   0: 3 0x8000a670 (0x00006f17) x30 0x80010670
core   0: 0x8000a674 (0x983f2823) sw      gp, -1648(t5)
core   0: 3 0x8000a674 (0x983f2823) mem 0x80010000 0x00000001
core   0: 0x8000a678 (0x0000bfe5) c.j     pc - 8
core   0: 3 0x8000a678 (0xbfe5)
core   0: 0x8000a670 (0x00006f17) auipc   t5, 0x6
core   0: 3 0x8000a670 (0x00006f17) x30 0x80010670
core   0: 0x8000a674 (0x983f2823) sw      gp, -1648(t5)
core   0: 3 0x8000a674 (0x983f2823) mem 0x80010000 0x00000001
core   0: 0x8000a678 (0x0000bfe5) c.j     pc - 8
core   0: 3 0x8000a678 (0xbfe5)
core   0: 0x8000a670 (0x00006f17) auipc   t5, 0x6
core   0: 3 0x8000a670 (0x00006f17) x30 0x80010670
core   0: 0x8000a674 (0x983f2823) sw      gp, -1648(t5)
core   0: 3 0x8000a674 (0x983f2823) mem 0x80010000 0x00000001
core   0: 0x8000a678 (0x0000bfe5) c.j     pc - 8
core   0: 3 0x8000a678 (0xbfe5)
core   0: 0x8000a670 (0x00006f17) auipc   t5, 0x6
core   0: 3 0x8000a670 (0x00006f17) x30 0x80010670
core   0: 0x8000a674 (0x983f2823) sw      gp, -1648(t5)
core   0: 3 0x8000a674 (0x983f2823) mem 0x80010000 0x00000001
core   0: 0x8000a678 (0x0000bfe5) c.j     pc - 8
core   0: 3 0x8000a678 (0xbfe5)
core   0: 0x8000a670 (0x00006f17) auipc   t5, 0x6
core   0: 3 0x8000a670 (0x00006f17) x30 0x80010670
core   0: 0x8000a674 (0x983f2823) sw      gp, -1648(t5)
core   0: 3 0x8000a674 (0x983f2823) mem 0x80010000 0x00000001
core   0: 0x8000a678 (0x0000bfe5) c.j     pc - 8
core   0: 3 0x8000a678 (0xbfe5)
core   0: 0x8000a670 (0x00006f17) auipc   t5, 0x6
core   0: 3 0x8000a670 (0x00006f17) x30 0x80010670
core   0: 0x8000a674 (0x983f2823) sw      gp, -1648(t5)
core   0: 3 0x8000a674 (0x983f2823) mem 0x80010000 0x00000001
core   0: 0x8000a678 (0x0000bfe5) c.j     pc - 8
core   0: 3 0x8000a678 (0xbfe5)
core   0: 0x8000a670 (0x00006f17) auipc   t5, 0x6
core   0: 3 0x8000a670 (0x00006f17) x30 0x80010670
core   0: 0x8000a674 (0x983f2823) sw      gp, -1648(t5)
core   0: 3 0x8000a674 (0x983f2823) mem 0x80010000 0x00000001
core   0: 0x8000a678 (0x0000bfe5) c.j     pc - 8
core   0: 3 0x8000a678 (0xbfe5)
core   0: 0x8000a670 (0x00006f17) auipc   t5, 0x6
core   0: 3 0x8000a670 (0x00006f17) x30 0x80010670
core   0: 0x8000a674 (0x983f2823) sw      gp, -1648(t5)
core   0: 3 0x8000a674 (0x983f2823) mem 0x80010000 0x00000001
core   0: 0x8000a678 (0x0000bfe5) c.j     pc - 8
core   0: 3 0x8000a678 (0xbfe5)
core   0: 0x8000a670 (0x00006f17) auipc   t5, 0x6
core   0: 3 0x8000a670 (0x00006f17) x30 0x80010670
core   0: 0x8000a674 (0x983f2823) sw      gp, -1648(t5)
core   0: 3 0x8000a674 (0x983f2823) mem 0x80010000 0x00000001
core   0: 0x8000a678 (0x0000bfe5) c.j     pc - 8
core   0: 3 0x8000a678 (0xbfe5)
core   0: 0x8000a670 (0x00006f17) auipc   t5, 0x6
core   0: 3 0x8000a670 (0x00006f17) x30 0x80010670
core   0: 0x8000a674 (0x983f2823) sw      gp, -1648(t5)
core   0: 3 0x8000a674 (0x983f2823) mem 0x80010000 0x00000001
core   0: 0x8000a678 (0x0000bfe5) c.j     pc - 8
core   0: 3 0x8000a678 (0xbfe5)
core   0: 0x8000a670 (0x00006f17) auipc   t5, 0x6
core   0: 3 0x8000a670 (0x00006f17) x30 0x80010670
core   0: 0x8000a674 (0x983f2823) sw      gp, -1648(t5)
core   0: 3 0x8000a674 (0x983f2823) mem 0x80010000 0x00000001
core   0: 0x8000a678 (0x0000bfe5) c.j     pc - 8
core   0: 3 0x8000a678 (0xbfe5)
core   0: 0x8000a670 (0x00006f17) auipc   t5, 0x6
core   0: 3 0x8000a670 (0x00006f17) x30 0x80010670
core   0: 0x8000a674 (0x983f2823) sw      gp, -1648(t5)
core   0: 3 0x8000a674 (0x983f2823) mem 0x80010000 0x00000001
core   0: 0x8000a678 (0x0000bfe5) c.j     pc - 8
core   0: 3 0x8000a678 (0xbfe5)
core   0: 0x8000a670 (0x00006f17) auipc   t5, 0x6
core   0: 3 0x8000a670 (0x00006f17) x30 0x80010670
core   0: 0x8000a674 (0x983f2823) sw      gp, -1648(t5)
core   0: 3 0x8000a674 (0x983f2823) mem 0x80010000 0x00000001
core   0: 0x8000a678 (0x0000bfe5) c.j     pc - 8
core   0: 3 0x8000a678 (0xbfe5)
core   0: 0x8000a670 (0x00006f17) auipc   t5, 0x6
core   0: 3 0x8000a670 (0x00006f17) x30 0x80010670
core   0: 0x8000a674 (0x983f2823) sw      gp, -1648(t5)
core   0: 3 0x8000a674 (0x983f2823) mem 0x80010000 0x00000001
core   0: 0x8000a678 (0x0000bfe5) c.j     pc - 8
core   0: 3 0x8000a678 (0xbfe5)
core   0: 0x8000a670 (0x00006f17) auipc   t5, 0x6
core   0: 3 0x8000a670 (0x00006f17) x30 0x80010670
core   0: 0x8000a674 (0x983f2823) sw      gp, -1648(t5)
core   0: 3 0x8000a674 (0x983f2823) mem 0x80010000 0x00000001
core   0: 0x8000a678 (0x0000bfe5) c.j     pc - 8
core   0: 3 0x8000a678 (0xbfe5)
core   0: 0x8000a670 (0x00006f17) auipc   t5, 0x6
core   0: 3 0x8000a670 (0x00006f17) x30 0x80010670
core   0: 0x8000a674 (0x983f2823) sw      gp, -1648(t5)
core   0: 3 0x8000a674 (0x983f2823) mem 0x80010000 0x00000001
core   0: 0x8000a678 (0x0000bfe5) c.j     pc - 8
core   0: 3 0x8000a678 (0xbfe5)
core   0: 0x8000a670 (0x00006f17) auipc   t5, 0x6
core   0: 3 0x8000a670 (0x00006f17) x30 0x80010670
core   0: 0x8000a674 (0x983f2823) sw      gp, -1648(t5)
core   0: 3 0x8000a674 (0x983f2823) mem 0x80010000 0x00000001
core   0: 0x8000a678 (0x0000bfe5) c.j     pc - 8
core   0: 3 0x8000a678 (0xbfe5)
core   0: 0x8000a670 (0x00006f17) auipc   t5, 0x6
core   0: 3 0x8000a670 (0x00006f17) x30 0x80010670
core   0: 0x8000a674 (0x983f2823) sw      gp, -1648(t5)
core   0: 3 0x8000a674 (0x983f2823) mem 0x80010000 0x00000001
core   0: 0x8000a678 (0x0000bfe5) c.j     pc - 8
core   0: 3 0x8000a678 (0xbfe5)
core   0: 0x8000a670 (0x00006f17) auipc   t5, 0x6
core   0: 3 0x8000a670 (0x00006f17) x30 0x80010670
core   0: 0x8000a674 (0x983f2823) sw      gp, -1648(t5)
core   0: 3 0x8000a674 (0x983f2823) mem 0x80010000 0x00000001
core   0: 0x8000a678 (0x0000bfe5) c.j     pc - 8
core   0: 3 0x8000a678 (0xbfe5)
core   0: 0x8000a670 (0x00006f17) auipc   t5, 0x6
core   0: 3 0x8000a670 (0x00006f17) x30 0x80010670
core   0: 0x8000a674 (0x983f2823) sw      gp, -1648(t5)
core   0: 3 0x8000a674 (0x983f2823) mem 0x80010000 0x00000001
core   0: 0x8000a678 (0x0000bfe5) c.j     pc - 8
core   0: 3 0x8000a678 (0xbfe5)
core   0: 0x8000a670 (0x00006f17) auipc   t5, 0x6
core   0: 3 0x8000a670 (0x00006f17) x30 0x80010670
core   0: 0x8000a674 (0x983f2823) sw      gp, -1648(t5)
core   0: 3 0x8000a674 (0x983f2823) mem 0x80010000 0x00000001
core   0: 0x8000a678 (0x0000bfe5) c.j     pc - 8
core   0: 3 0x8000a678 (0xbfe5)
core   0: 0x8000a670 (0x00006f17) auipc   t5, 0x6
core   0: 3 0x8000a670 (0x00006f17) x30 0x80010670
core   0: 0x8000a674 (0x983f2823) sw      gp, -1648(t5)
core   0: 3 0x8000a674 (0x983f2823) mem 0x80010000 0x00000001
core   0: 0x8000a678 (0x0000bfe5) c.j     pc - 8
core   0: 3 0x8000a678 (0xbfe5)
core   0: 0x8000a670 (0x00006f17) auipc   t5, 0x6
core   0: 3 0x8000a670 (0x00006f17) x30 0x80010670
core   0: 0x8000a674 (0x983f2823) sw      gp, -1648(t5)
core   0: 3 0x8000a674 (0x983f2823) mem 0x80010000 0x00000001
core   0: 0x8000a678 (0x0000bfe5) c.j     pc - 8
core   0: 3 0x8000a678 (0xbfe5)
core   0: 0x8000a670 (0x00006f17) auipc   t5, 0x6
core   0: 3 0x8000a670 (0x00006f17) x30 0x80010670
core   0: 0x8000a674 (0x983f2823) sw      gp, -1648(t5)
core   0: 3 0x8000a674 (0x983f2823) mem 0x80010000 0x00000001
core   0: 0x8000a678 (0x0000bfe5) c.j     pc - 8
core   0: 3 0x8000a678 (0xbfe5)
core   0: 0x8000a670 (0x00006f17) auipc   t5, 0x6
core   0: 3 0x8000a670 (0x00006f17) x30 0x80010670
core   0: 0x8000a674 (0x983f2823) sw      gp, -1648(t5)
core   0: 3 0x8000a674 (0x983f2823) mem 0x80010000 0x00000001
core   0: 0x8000a678 (0x0000bfe5) c.j     pc - 8
core   0: 3 0x8000a678 (0xbfe5)
core   0: 0x8000a670 (0x00006f17) auipc   t5, 0x6
core   0: 3 0x8000a670 (0x00006f17) x30 0x80010670
core   0: 0x8000a674 (0x983f2823) sw      gp, -1648(t5)
core   0: 3 0x8000a674 (0x983f2823) mem 0x80010000 0x00000001
core   0: 0x8000a678 (0x0000bfe5) c.j     pc - 8
core   0: 3 0x8000a678 (0xbfe5)
core   0: 0x8000a670 (0x00006f17) auipc   t5, 0x6
core   0: 3 0x8000a670 (0x00006f17) x30 0x80010670
core   0: 0x8000a674 (0x983f2823) sw      gp, -1648(t5)
core   0: 3 0x8000a674 (0x983f2823) mem 0x80010000 0x00000001
core   0: 0x8000a678 (0x0000bfe5) c.j     pc - 8
core   0: 3 0x8000a678 (0xbfe5)
core   0: 0x8000a670 (0x00006f17) auipc   t5, 0x6
core   0: 3 0x8000a670 (0x00006f17) x30 0x80010670
core   0: 0x8000a674 (0x983f2823) sw      gp, -1648(t5)
core   0: 3 0x8000a674 (0x983f2823) mem 0x80010000 0x00000001
core   0: 0x8000a678 (0x0000bfe5) c.j     pc - 8
core   0: 3 0x8000a678 (0xbfe5)
core   0: 0x8000a670 (0x00006f17) auipc   t5, 0x6
core   0: 3 0x8000a670 (0x00006f17) x30 0x80010670
core   0: 0x8000a674 (0x983f2823) sw      gp, -1648(t5)
core   0: 3 0x8000a674 (0x983f2823) mem 0x80010000 0x00000001
core   0: 0x8000a678 (0x0000bfe5) c.j     pc - 8
core   0: 3 0x8000a678 (0xbfe5)
core   0: 0x8000a670 (0x00006f17) auipc   t5, 0x6
core   0: 3 0x8000a670 (0x00006f17) x30 0x80010670
core   0: 0x8000a674 (0x983f2823) sw      gp, -1648(t5)
core   0: 3 0x8000a674 (0x983f2823) mem 0x80010000 0x00000001
core   0: 0x8000a678 (0x0000bfe5) c.j     pc - 8
core   0: 3 0x8000a678 (0xbfe5)
core   0: 0x8000a670 (0x00006f17) auipc   t5, 0x6
core   0: 3 0x8000a670 (0x00006f17) x30 0x80010670
core   0: 0x8000a674 (0x983f2823) sw      gp, -1648(t5)
core   0: 3 0x8000a674 (0x983f2823) mem 0x80010000 0x00000001
core   0: 0x8000a678 (0x0000bfe5) c.j     pc - 8
core   0: 3 0x8000a678 (0xbfe5)
core   0: 0x8000a670 (0x00006f17) auipc   t5, 0x6
core   0: 3 0x8000a670 (0x00006f17) x30 0x80010670
core   0: 0x8000a674 (0x983f2823) sw      gp, -1648(t5)
core   0: 3 0x8000a674 (0x983f2823) mem 0x80010000 0x00000001
core   0: 0x8000a678 (0x0000bfe5) c.j     pc - 8
core   0: 3 0x8000a678 (0xbfe5)
core   0: 0x8000a670 (0x00006f17) auipc   t5, 0x6
core   0: 3 0x8000a670 (0x00006f17) x30 0x80010670
core   0: 0x8000a674 (0x983f2823) sw      gp, -1648(t5)
core   0: 3 0x8000a674 (0x983f2823) mem 0x80010000 0x00000001
core   0: 0x8000a678 (0x0000bfe5) c.j     pc - 8
core   0: 3 0x8000a678 (0xbfe5)
core   0: 0x8000a670 (0x00006f17) auipc   t5, 0x6
core   0: 3 0x8000a670 (0x00006f17) x30 0x80010670
core   0: 0x8000a674 (0x983f2823) sw      gp, -1648(t5)
core   0: 3 0x8000a674 (0x983f2823) mem 0x80010000 0x00000001
core   0: 0x8000a678 (0x0000bfe5) c.j     pc - 8
core   0: 3 0x8000a678 (0xbfe5)
core   0: 0x8000a670 (0x00006f17) auipc   t5, 0x6
core   0: 3 0x8000a670 (0x00006f17) x30 0x80010670
core   0: 0x8000a674 (0x983f2823) sw      gp, -1648(t5)
core   0: 3 0x8000a674 (0x983f2823) mem 0x80010000 0x00000001
core   0: 0x8000a678 (0x0000bfe5) c.j     pc - 8
core   0: 3 0x8000a678 (0xbfe5)
core   0: 0x8000a670 (0x00006f17) auipc   t5, 0x6
core   0: 3 0x8000a670 (0x00006f17) x30 0x80010670
core   0: 0x8000a674 (0x983f2823) sw      gp, -1648(t5)
core   0: 3 0x8000a674 (0x983f2823) mem 0x80010000 0x00000001
core   0: 0x8000a678 (0x0000bfe5) c.j     pc - 8
core   0: 3 0x8000a678 (0xbfe5)
core   0: 0x8000a670 (0x00006f17) auipc   t5, 0x6
core   0: 3 0x8000a670 (0x00006f17) x30 0x80010670
core   0: 0x8000a674 (0x983f2823) sw      gp, -1648(t5)
core   0: 3 0x8000a674 (0x983f2823) mem 0x80010000 0x00000001
core   0: 0x8000a678 (0x0000bfe5) c.j     pc - 8
core   0: 3 0x8000a678 (0xbfe5)
core   0: 0x8000a670 (0x00006f17) auipc   t5, 0x6
core   0: 3 0x8000a670 (0x00006f17) x30 0x80010670
core   0: 0x8000a674 (0x983f2823) sw      gp, -1648(t5)
core   0: 3 0x8000a674 (0x983f2823) mem 0x80010000 0x00000001
core   0: 0x8000a678 (0x0000bfe5) c.j     pc - 8
core   0: 3 0x8000a678 (0xbfe5)
core   0: 0x8000a670 (0x00006f17) auipc   t5, 0x6
core   0: 3 0x8000a670 (0x00006f17) x30 0x80010670
core   0: 0x8000a674 (0x983f2823) sw      gp, -1648(t5)
core   0: 3 0x8000a674 (0x983f2823) mem 0x80010000 0x00000001
core   0: 0x8000a678 (0x0000bfe5) c.j     pc - 8
core   0: 3 0x8000a678 (0xbfe5)
core   0: 0x8000a670 (0x00006f17) auipc   t5, 0x6
core   0: 3 0x8000a670 (0x00006f17) x30 0x80010670
core   0: 0x8000a674 (0x983f2823) sw      gp, -1648(t5)
core   0: 3 0x8000a674 (0x983f2823) mem 0x80010000 0x00000001
core   0: 0x8000a678 (0x0000bfe5) c.j     pc - 8
core   0: 3 0x8000a678 (0xbfe5)
core   0: 0x8000a670 (0x00006f17) auipc   t5, 0x6
core   0: 3 0x8000a670 (0x00006f17) x30 0x80010670
core   0: 0x8000a674 (0x983f2823) sw      gp, -1648(t5)
core   0: 3 0x8000a674 (0x983f2823) mem 0x80010000 0x00000001
core   0: 0x8000a678 (0x0000bfe5) c.j     pc - 8
core   0: 3 0x8000a678 (0xbfe5)
core   0: 0x8000a670 (0x00006f17) auipc   t5, 0x6
core   0: 3 0x8000a670 (0x00006f17) x30 0x80010670
core   0: 0x8000a674 (0x983f2823) sw      gp, -1648(t5)
core   0: 3 0x8000a674 (0x983f2823) mem 0x80010000 0x00000001
core   0: 0x8000a678 (0x0000bfe5) c.j     pc - 8
core   0: 3 0x8000a678 (0xbfe5)
core   0: 0x8000a670 (0x00006f17) auipc   t5, 0x6
core   0: 3 0x8000a670 (0x00006f17) x30 0x80010670
core   0: 0x8000a674 (0x983f2823) sw      gp, -1648(t5)
core   0: 3 0x8000a674 (0x983f2823) mem 0x80010000 0x00000001
core   0: 0x8000a678 (0x0000bfe5) c.j     pc - 8
core   0: 3 0x8000a678 (0xbfe5)
core   0: 0x8000a670 (0x00006f17) auipc   t5, 0x6
core   0: 3 0x8000a670 (0x00006f17) x30 0x80010670
core   0: 0x8000a674 (0x983f2823) sw      gp, -1648(t5)
core   0: 3 0x8000a674 (0x983f2823) mem 0x80010000 0x00000001
core   0: 0x8000a678 (0x0000bfe5) c.j     pc - 8
core   0: 3 0x8000a678 (0xbfe5)
core   0: 0x8000a670 (0x00006f17) auipc   t5, 0x6
core   0: 3 0x8000a670 (0x00006f17) x30 0x80010670
core   0: 0x8000a674 (0x983f2823) sw      gp, -1648(t5)
core   0: 3 0x8000a674 (0x983f2823) mem 0x80010000 0x00000001
core   0: 0x8000a678 (0x0000bfe5) c.j     pc - 8
core   0: 3 0x8000a678 (0xbfe5)
core   0: 0x8000a670 (0x00006f17) auipc   t5, 0x6
core   0: 3 0x8000a670 (0x00006f17) x30 0x80010670
core   0: 0x8000a674 (0x983f2823) sw      gp, -1648(t5)
core   0: 3 0x8000a674 (0x983f2823) mem 0x80010000 0x00000001
core   0: 0x8000a678 (0x0000bfe5) c.j     pc - 8
core   0: 3 0x8000a678 (0xbfe5)
core   0: 0x8000a670 (0x00006f17) auipc   t5, 0x6
core   0: 3 0x8000a670 (0x00006f17) x30 0x80010670
core   0: 0x8000a674 (0x983f2823) sw      gp, -1648(t5)
core   0: 3 0x8000a674 (0x983f2823) mem 0x80010000 0x00000001
core   0: 0x8000a678 (0x0000bfe5) c.j     pc - 8
core   0: 3 0x8000a678 (0xbfe5)
core   0: 0x8000a670 (0x00006f17) auipc   t5, 0x6
core   0: 3 0x8000a670 (0x00006f17) x30 0x80010670
core   0: 0x8000a674 (0x983f2823) sw      gp, -1648(t5)
core   0: 3 0x8000a674 (0x983f2823) mem 0x80010000 0x00000001
core   0: 0x8000a678 (0x0000bfe5) c.j     pc - 8
core   0: 3 0x8000a678 (0xbfe5)
core   0: 0x8000a670 (0x00006f17) auipc   t5, 0x6
core   0: 3 0x8000a670 (0x00006f17) x30 0x80010670
core   0: 0x8000a674 (0x983f2823) sw      gp, -1648(t5)
core   0: 3 0x8000a674 (0x983f2823) mem 0x80010000 0x00000001
core   0: 0x8000a678 (0x0000bfe5) c.j     pc - 8
core   0: 3 0x8000a678 (0xbfe5)
core   0: 0x8000a670 (0x00006f17) auipc   t5, 0x6
core   0: 3 0x8000a670 (0x00006f17) x30 0x80010670
core   0: 0x8000a674 (0x983f2823) sw      gp, -1648(t5)
core   0: 3 0x8000a674 (0x983f2823) mem 0x80010000 0x00000001
core   0: 0x8000a678 (0x0000bfe5) c.j     pc - 8
core   0: 3 0x8000a678 (0xbfe5)
core   0: 0x8000a670 (0x00006f17) auipc   t5, 0x6
core   0: 3 0x8000a670 (0x00006f17) x30 0x80010670
core   0: 0x8000a674 (0x983f2823) sw      gp, -1648(t5)
core   0: 3 0x8000a674 (0x983f2823) mem 0x80010000 0x00000001
core   0: 0x8000a678 (0x0000bfe5) c.j     pc - 8
core   0: 3 0x8000a678 (0xbfe5)
core   0: 0x8000a670 (0x00006f17) auipc   t5, 0x6
core   0: 3 0x8000a670 (0x00006f17) x30 0x80010670
core   0: 0x8000a674 (0x983f2823) sw      gp, -1648(t5)
core   0: 3 0x8000a674 (0x983f2823) mem 0x80010000 0x00000001
core   0: 0x8000a678 (0x0000bfe5) c.j     pc - 8
core   0: 3 0x8000a678 (0xbfe5)
core   0: 0x8000a670 (0x00006f17) auipc   t5, 0x6
core   0: 3 0x8000a670 (0x00006f17) x30 0x80010670
core   0: 0x8000a674 (0x983f2823) sw      gp, -1648(t5)
core   0: 3 0x8000a674 (0x983f2823) mem 0x80010000 0x00000001
core   0: 0x8000a678 (0x0000bfe5) c.j     pc - 8
core   0: 3 0x8000a678 (0xbfe5)
core   0: 0x8000a670 (0x00006f17) auipc   t5, 0x6
core   0: 3 0x8000a670 (0x00006f17) x30 0x80010670
core   0: 0x8000a674 (0x983f2823) sw      gp, -1648(t5)
core   0: 3 0x8000a674 (0x983f2823) mem 0x80010000 0x00000001
core   0: 0x8000a678 (0x0000bfe5) c.j     pc - 8
core   0: 3 0x8000a678 (0xbfe5)
core   0: 0x8000a670 (0x00006f17) auipc   t5, 0x6
core   0: 3 0x8000a670 (0x00006f17) x30 0x80010670
core   0: 0x8000a674 (0x983f2823) sw      gp, -1648(t5)
core   0: 3 0x8000a674 (0x983f2823) mem 0x80010000 0x00000001
core   0: 0x8000a678 (0x0000bfe5) c.j     pc - 8
core   0: 3 0x8000a678 (0xbfe5)
core   0: 0x8000a670 (0x00006f17) auipc   t5, 0x6
core   0: 3 0x8000a670 (0x00006f17) x30 0x80010670
core   0: 0x8000a674 (0x983f2823) sw      gp, -1648(t5)
core   0: 3 0x8000a674 (0x983f2823) mem 0x80010000 0x00000001
core   0: 0x8000a678 (0x0000bfe5) c.j     pc - 8
core   0: 3 0x8000a678 (0xbfe5)
core   0: 0x8000a670 (0x00006f17) auipc   t5, 0x6
core   0: 3 0x8000a670 (0x00006f17) x30 0x80010670
core   0: 0x8000a674 (0x983f2823) sw      gp, -1648(t5)
core   0: 3 0x8000a674 (0x983f2823) mem 0x80010000 0x00000001
core   0: 0x8000a678 (0x0000bfe5) c.j     pc - 8
core   0: 3 0x8000a678 (0xbfe5)
core   0: 0x8000a670 (0x00006f17) auipc   t5, 0x6
core   0: 3 0x8000a670 (0x00006f17) x30 0x80010670
core   0: 0x8000a674 (0x983f2823) sw      gp, -1648(t5)
core   0: 3 0x8000a674 (0x983f2823) mem 0x80010000 0x00000001
core   0: 0x8000a678 (0x0000bfe5) c.j     pc - 8
core   0: 3 0x8000a678 (0xbfe5)
core   0: 0x8000a670 (0x00006f17) auipc   t5, 0x6
core   0: 3 0x8000a670 (0x00006f17) x30 0x80010670
core   0: 0x8000a674 (0x983f2823) sw      gp, -1648(t5)
core   0: 3 0x8000a674 (0x983f2823) mem 0x80010000 0x00000001
core   0: 0x8000a678 (0x0000bfe5) c.j     pc - 8
core   0: 3 0x8000a678 (0xbfe5)
core   0: 0x8000a670 (0x00006f17) auipc   t5, 0x6
core   0: 3 0x8000a670 (0x00006f17) x30 0x80010670
core   0: 0x8000a674 (0x983f2823) sw      gp, -1648(t5)
core   0: 3 0x8000a674 (0x983f2823) mem 0x80010000 0x00000001
core   0: 0x8000a678 (0x0000bfe5) c.j     pc - 8
core   0: 3 0x8000a678 (0xbfe5)
core   0: 0x8000a670 (0x00006f17) auipc   t5, 0x6
core   0: 3 0x8000a670 (0x00006f17) x30 0x80010670
core   0: 0x8000a674 (0x983f2823) sw      gp, -1648(t5)
core   0: 3 0x8000a674 (0x983f2823) mem 0x80010000 0x00000001
core   0: 0x8000a678 (0x0000bfe5) c.j     pc - 8
core   0: 3 0x8000a678 (0xbfe5)
core   0: 0x8000a670 (0x00006f17) auipc   t5, 0x6
core   0: 3 0x8000a670 (0x00006f17) x30 0x80010670
core   0: 0x8000a674 (0x983f2823) sw      gp, -1648(t5)
core   0: 3 0x8000a674 (0x983f2823) mem 0x80010000 0x00000001
core   0: 0x8000a678 (0x0000bfe5) c.j     pc - 8
core   0: 3 0x8000a678 (0xbfe5)
core   0: 0x8000a670 (0x00006f17) auipc   t5, 0x6
core   0: 3 0x8000a670 (0x00006f17) x30 0x80010670
core   0: 0x8000a674 (0x983f2823) sw      gp, -1648(t5)
core   0: 3 0x8000a674 (0x983f2823) mem 0x80010000 0x00000001
core   0: 0x8000a678 (0x0000bfe5) c.j     pc - 8
core   0: 3 0x8000a678 (0xbfe5)
core   0: 0x8000a670 (0x00006f17) auipc   t5, 0x6
core   0: 3 0x8000a670 (0x00006f17) x30 0x80010670
core   0: 0x8000a674 (0x983f2823) sw      gp, -1648(t5)
core   0: 3 0x8000a674 (0x983f2823) mem 0x80010000 0x00000001
core   0: 0x8000a678 (0x0000bfe5) c.j     pc - 8
core   0: 3 0x8000a678 (0xbfe5)
core   0: 0x8000a670 (0x00006f17) auipc   t5, 0x6
core   0: 3 0x8000a670 (0x00006f17) x30 0x80010670
core   0: 0x8000a674 (0x983f2823) sw      gp, -1648(t5)
core   0: 3 0x8000a674 (0x983f2823) mem 0x80010000 0x00000001
core   0: 0x8000a678 (0x0000bfe5) c.j     pc - 8
core   0: 3 0x8000a678 (0xbfe5)
core   0: 0x8000a670 (0x00006f17) auipc   t5, 0x6
core   0: 3 0x8000a670 (0x00006f17) x30 0x80010670
core   0: 0x8000a674 (0x983f2823) sw      gp, -1648(t5)
core   0: 3 0x8000a674 (0x983f2823) mem 0x80010000 0x00000001
core   0: 0x8000a678 (0x0000bfe5) c.j     pc - 8
core   0: 3 0x8000a678 (0xbfe5)
core   0: 0x8000a670 (0x00006f17) auipc   t5, 0x6
core   0: 3 0x8000a670 (0x00006f17) x30 0x80010670
core   0: 0x8000a674 (0x983f2823) sw      gp, -1648(t5)
core   0: 3 0x8000a674 (0x983f2823) mem 0x80010000 0x00000001
core   0: 0x8000a678 (0x0000bfe5) c.j     pc - 8
core   0: 3 0x8000a678 (0xbfe5)
core   0: 0x8000a670 (0x00006f17) auipc   t5, 0x6
core   0: 3 0x8000a670 (0x00006f17) x30 0x80010670
core   0: 0x8000a674 (0x983f2823) sw      gp, -1648(t5)
core   0: 3 0x8000a674 (0x983f2823) mem 0x80010000 0x00000001
core   0: 0x8000a678 (0x0000bfe5) c.j     pc - 8
core   0: 3 0x8000a678 (0xbfe5)
core   0: 0x8000a670 (0x00006f17) auipc   t5, 0x6
core   0: 3 0x8000a670 (0x00006f17) x30 0x80010670
core   0: 0x8000a674 (0x983f2823) sw      gp, -1648(t5)
core   0: 3 0x8000a674 (0x983f2823) mem 0x80010000 0x00000001
core   0: 0x8000a678 (0x0000bfe5) c.j     pc - 8
core   0: 3 0x8000a678 (0xbfe5)
core   0: 0x8000a670 (0x00006f17) auipc   t5, 0x6
core   0: 3 0x8000a670 (0x00006f17) x30 0x80010670
core   0: 0x8000a674 (0x983f2823) sw      gp, -1648(t5)
core   0: 3 0x8000a674 (0x983f2823) mem 0x80010000 0x00000001
core   0: 0x8000a678 (0x0000bfe5) c.j     pc - 8
core   0: 3 0x8000a678 (0xbfe5)
core   0: 0x8000a670 (0x00006f17) auipc   t5, 0x6
core   0: 3 0x8000a670 (0x00006f17) x30 0x80010670
core   0: 0x8000a674 (0x983f2823) sw      gp, -1648(t5)
core   0: 3 0x8000a674 (0x983f2823) mem 0x80010000 0x00000001
core   0: 0x8000a678 (0x0000bfe5) c.j     pc - 8
core   0: 3 0x8000a678 (0xbfe5)
core   0: 0x8000a670 (0x00006f17) auipc   t5, 0x6
core   0: 3 0x8000a670 (0x00006f17) x30 0x80010670
core   0: 0x8000a674 (0x983f2823) sw      gp, -1648(t5)
core   0: 3 0x8000a674 (0x983f2823) mem 0x80010000 0x00000001
core   0: 0x8000a678 (0x0000bfe5) c.j     pc - 8
core   0: 3 0x8000a678 (0xbfe5)
core   0: 0x8000a670 (0x00006f17) auipc   t5, 0x6
core   0: 3 0x8000a670 (0x00006f17) x30 0x80010670
core   0: 0x8000a674 (0x983f2823) sw      gp, -1648(t5)
core   0: 3 0x8000a674 (0x983f2823) mem 0x80010000 0x00000001
core   0: 0x8000a678 (0x0000bfe5) c.j     pc - 8
core   0: 3 0x8000a678 (0xbfe5)
core   0: 0x8000a670 (0x00006f17) auipc   t5, 0x6
core   0: 3 0x8000a670 (0x00006f17) x30 0x80010670
core   0: 0x8000a674 (0x983f2823) sw      gp, -1648(t5)
core   0: 3 0x8000a674 (0x983f2823) mem 0x80010000 0x00000001
core   0: 0x8000a678 (0x0000bfe5) c.j     pc - 8
core   0: 3 0x8000a678 (0xbfe5)
core   0: 0x8000a670 (0x00006f17) auipc   t5, 0x6
core   0: 3 0x8000a670 (0x00006f17) x30 0x80010670
core   0: 0x8000a674 (0x983f2823) sw      gp, -1648(t5)
core   0: 3 0x8000a674 (0x983f2823) mem 0x80010000 0x00000001
core   0: 0x8000a678 (0x0000bfe5) c.j     pc - 8
core   0: 3 0x8000a678 (0xbfe5)
core   0: 0x8000a670 (0x00006f17) auipc   t5, 0x6
core   0: 3 0x8000a670 (0x00006f17) x30 0x80010670
core   0: 0x8000a674 (0x983f2823) sw      gp, -1648(t5)
core   0: 3 0x8000a674 (0x983f2823) mem 0x80010000 0x00000001
core   0: 0x8000a678 (0x0000bfe5) c.j     pc - 8
core   0: 3 0x8000a678 (0xbfe5)
core   0: 0x8000a670 (0x00006f17) auipc   t5, 0x6
core   0: 3 0x8000a670 (0x00006f17) x30 0x80010670
core   0: 0x8000a674 (0x983f2823) sw      gp, -1648(t5)
core   0: 3 0x8000a674 (0x983f2823) mem 0x80010000 0x00000001
core   0: 0x8000a678 (0x0000bfe5) c.j     pc - 8
core   0: 3 0x8000a678 (0xbfe5)
core   0: 0x8000a670 (0x00006f17) auipc   t5, 0x6
core   0: 3 0x8000a670 (0x00006f17) x30 0x80010670
core   0: 0x8000a674 (0x983f2823) sw      gp, -1648(t5)
core   0: 3 0x8000a674 (0x983f2823) mem 0x80010000 0x00000001
core   0: 0x8000a678 (0x0000bfe5) c.j     pc - 8
core   0: 3 0x8000a678 (0xbfe5)
core   0: 0x8000a670 (0x00006f17) auipc   t5, 0x6
core   0: 3 0x8000a670 (0x00006f17) x30 0x80010670
core   0: 0x8000a674 (0x983f2823) sw      gp, -1648(t5)
core   0: 3 0x8000a674 (0x983f2823) mem 0x80010000 0x00000001
core   0: 0x8000a678 (0x0000bfe5) c.j     pc - 8
core   0: 3 0x8000a678 (0xbfe5)
core   0: 0x8000a670 (0x00006f17) auipc   t5, 0x6
core   0: 3 0x8000a670 (0x00006f17) x30 0x80010670
core   0: 0x8000a674 (0x983f2823) sw      gp, -1648(t5)
core   0: 3 0x8000a674 (0x983f2823) mem 0x80010000 0x00000001
core   0: 0x8000a678 (0x0000bfe5) c.j     pc - 8
core   0: 3 0x8000a678 (0xbfe5)
core   0: 0x8000a670 (0x00006f17) auipc   t5, 0x6
core   0: 3 0x8000a670 (0x00006f17) x30 0x80010670
core   0: 0x8000a674 (0x983f2823) sw      gp, -1648(t5)
core   0: 3 0x8000a674 (0x983f2823) mem 0x80010000 0x00000001
core   0: 0x8000a678 (0x0000bfe5) c.j     pc - 8
core   0: 3 0x8000a678 (0xbfe5)
core   0: 0x8000a670 (0x00006f17) auipc   t5, 0x6
core   0: 3 0x8000a670 (0x00006f17) x30 0x80010670
core   0: 0x8000a674 (0x983f2823) sw      gp, -1648(t5)
core   0: 3 0x8000a674 (0x983f2823) mem 0x80010000 0x00000001
core   0: 0x8000a678 (0x0000bfe5) c.j     pc - 8
core   0: 3 0x8000a678 (0xbfe5)
core   0: 0x8000a670 (0x00006f17) auipc   t5, 0x6
core   0: 3 0x8000a670 (0x00006f17) x30 0x80010670
core   0: 0x8000a674 (0x983f2823) sw      gp, -1648(t5)
core   0: 3 0x8000a674 (0x983f2823) mem 0x80010000 0x00000001
core   0: 0x8000a678 (0x0000bfe5) c.j     pc - 8
core   0: 3 0x8000a678 (0xbfe5)
core   0: 0x8000a670 (0x00006f17) auipc   t5, 0x6
core   0: 3 0x8000a670 (0x00006f17) x30 0x80010670
core   0: 0x8000a674 (0x983f2823) sw      gp, -1648(t5)
core   0: 3 0x8000a674 (0x983f2823) mem 0x80010000 0x00000001
core   0: 0x8000a678 (0x0000bfe5) c.j     pc - 8
core   0: 3 0x8000a678 (0xbfe5)
core   0: 0x8000a670 (0x00006f17) auipc   t5, 0x6
core   0: 3 0x8000a670 (0x00006f17) x30 0x80010670
core   0: 0x8000a674 (0x983f2823) sw      gp, -1648(t5)
core   0: 3 0x8000a674 (0x983f2823) mem 0x80010000 0x00000001
core   0: 0x8000a678 (0x0000bfe5) c.j     pc - 8
core   0: 3 0x8000a678 (0xbfe5)
core   0: 0x8000a670 (0x00006f17) auipc   t5, 0x6
core   0: 3 0x8000a670 (0x00006f17) x30 0x80010670
core   0: 0x8000a674 (0x983f2823) sw      gp, -1648(t5)
core   0: 3 0x8000a674 (0x983f2823) mem 0x80010000 0x00000001
core   0: 0x8000a678 (0x0000bfe5) c.j     pc - 8
core   0: 3 0x8000a678 (0xbfe5)
core   0: 0x8000a670 (0x00006f17) auipc   t5, 0x6
core   0: 3 0x8000a670 (0x00006f17) x30 0x80010670
core   0: 0x8000a674 (0x983f2823) sw      gp, -1648(t5)
core   0: 3 0x8000a674 (0x983f2823) mem 0x80010000 0x00000001
core   0: 0x8000a678 (0x0000bfe5) c.j     pc - 8
core   0: 3 0x8000a678 (0xbfe5)
core   0: 0x8000a670 (0x00006f17) auipc   t5, 0x6
core   0: 3 0x8000a670 (0x00006f17) x30 0x80010670
core   0: 0x8000a674 (0x983f2823) sw      gp, -1648(t5)
core   0: 3 0x8000a674 (0x983f2823) mem 0x80010000 0x00000001
core   0: 0x8000a678 (0x0000bfe5) c.j     pc - 8
core   0: 3 0x8000a678 (0xbfe5)
core   0: 0x8000a670 (0x00006f17) auipc   t5, 0x6
core   0: 3 0x8000a670 (0x00006f17) x30 0x80010670
core   0: 0x8000a674 (0x983f2823) sw      gp, -1648(t5)
core   0: 3 0x8000a674 (0x983f2823) mem 0x80010000 0x00000001
core   0: 0x8000a678 (0x0000bfe5) c.j     pc - 8
core   0: 3 0x8000a678 (0xbfe5)
core   0: 0x8000a670 (0x00006f17) auipc   t5, 0x6
core   0: 3 0x8000a670 (0x00006f17) x30 0x80010670
core   0: 0x8000a674 (0x983f2823) sw      gp, -1648(t5)
core   0: 3 0x8000a674 (0x983f2823) mem 0x80010000 0x00000001
core   0: 0x8000a678 (0x0000bfe5) c.j     pc - 8
core   0: 3 0x8000a678 (0xbfe5)
core   0: 0x8000a670 (0x00006f17) auipc   t5, 0x6
core   0: 3 0x8000a670 (0x00006f17) x30 0x80010670
core   0: 0x8000a674 (0x983f2823) sw      gp, -1648(t5)
core   0: 3 0x8000a674 (0x983f2823) mem 0x80010000 0x00000001
core   0: 0x8000a678 (0x0000bfe5) c.j     pc - 8
core   0: 3 0x8000a678 (0xbfe5)
core   0: 0x8000a670 (0x00006f17) auipc   t5, 0x6
core   0: 3 0x8000a670 (0x00006f17) x30 0x80010670
core   0: 0x8000a674 (0x983f2823) sw      gp, -1648(t5)
core   0: 3 0x8000a674 (0x983f2823) mem 0x80010000 0x00000001
core   0: 0x8000a678 (0x0000bfe5) c.j     pc - 8
core   0: 3 0x8000a678 (0xbfe5)
core   0: 0x8000a670 (0x00006f17) auipc   t5, 0x6
core   0: 3 0x8000a670 (0x00006f17) x30 0x80010670
core   0: 0x8000a674 (0x983f2823) sw      gp, -1648(t5)
core   0: 3 0x8000a674 (0x983f2823) mem 0x80010000 0x00000001
core   0: 0x8000a678 (0x0000bfe5) c.j     pc - 8
core   0: 3 0x8000a678 (0xbfe5)
core   0: 0x8000a670 (0x00006f17) auipc   t5, 0x6
core   0: 3 0x8000a670 (0x00006f17) x30 0x80010670
core   0: 0x8000a674 (0x983f2823) sw      gp, -1648(t5)
core   0: 3 0x8000a674 (0x983f2823) mem 0x80010000 0x00000001
core   0: 0x8000a678 (0x0000bfe5) c.j     pc - 8
core   0: 3 0x8000a678 (0xbfe5)
core   0: 0x8000a670 (0x00006f17) auipc   t5, 0x6
core   0: 3 0x8000a670 (0x00006f17) x30 0x80010670
core   0: 0x8000a674 (0x983f2823) sw      gp, -1648(t5)
core   0: 3 0x8000a674 (0x983f2823) mem 0x80010000 0x00000001
core   0: 0x8000a678 (0x0000bfe5) c.j     pc - 8
core   0: 3 0x8000a678 (0xbfe5)
core   0: 0x8000a670 (0x00006f17) auipc   t5, 0x6
core   0: 3 0x8000a670 (0x00006f17) x30 0x80010670
core   0: 0x8000a674 (0x983f2823) sw      gp, -1648(t5)
core   0: 3 0x8000a674 (0x983f2823) mem 0x80010000 0x00000001
core   0: 0x8000a678 (0x0000bfe5) c.j     pc - 8
core   0: 3 0x8000a678 (0xbfe5)
core   0: 0x8000a670 (0x00006f17) auipc   t5, 0x6
core   0: 3 0x8000a670 (0x00006f17) x30 0x80010670
core   0: 0x8000a674 (0x983f2823) sw      gp, -1648(t5)
core   0: 3 0x8000a674 (0x983f2823) mem 0x80010000 0x00000001
core   0: 0x8000a678 (0x0000bfe5) c.j     pc - 8
core   0: 3 0x8000a678 (0xbfe5)
core   0: 0x8000a670 (0x00006f17) auipc   t5, 0x6
core   0: 3 0x8000a670 (0x00006f17) x30 0x80010670
core   0: 0x8000a674 (0x983f2823) sw      gp, -1648(t5)
core   0: 3 0x8000a674 (0x983f2823) mem 0x80010000 0x00000001
core   0: 0x8000a678 (0x0000bfe5) c.j     pc - 8
core   0: 3 0x8000a678 (0xbfe5)
core   0: 0x8000a670 (0x00006f17) auipc   t5, 0x6
core   0: 3 0x8000a670 (0x00006f17) x30 0x80010670
core   0: 0x8000a674 (0x983f2823) sw      gp, -1648(t5)
core   0: 3 0x8000a674 (0x983f2823) mem 0x80010000 0x00000001
core   0: 0x8000a678 (0x0000bfe5) c.j     pc - 8
core   0: 3 0x8000a678 (0xbfe5)
core   0: 0x8000a670 (0x00006f17) auipc   t5, 0x6
core   0: 3 0x8000a670 (0x00006f17) x30 0x80010670
core   0: 0x8000a674 (0x983f2823) sw      gp, -1648(t5)
core   0: 3 0x8000a674 (0x983f2823) mem 0x80010000 0x00000001
core   0: 0x8000a678 (0x0000bfe5) c.j     pc - 8
core   0: 3 0x8000a678 (0xbfe5)
core   0: 0x8000a670 (0x00006f17) auipc   t5, 0x6
core   0: 3 0x8000a670 (0x00006f17) x30 0x80010670
core   0: 0x8000a674 (0x983f2823) sw      gp, -1648(t5)
core   0: 3 0x8000a674 (0x983f2823) mem 0x80010000 0x00000001
core   0: 0x8000a678 (0x0000bfe5) c.j     pc - 8
core   0: 3 0x8000a678 (0xbfe5)
core   0: 0x8000a670 (0x00006f17) auipc   t5, 0x6
core   0: 3 0x8000a670 (0x00006f17) x30 0x80010670
core   0: 0x8000a674 (0x983f2823) sw      gp, -1648(t5)
core   0: 3 0x8000a674 (0x983f2823) mem 0x80010000 0x00000001
core   0: 0x8000a678 (0x0000bfe5) c.j     pc - 8
core   0: 3 0x8000a678 (0xbfe5)
core   0: 0x8000a670 (0x00006f17) auipc   t5, 0x6
core   0: 3 0x8000a670 (0x00006f17) x30 0x80010670
core   0: 0x8000a674 (0x983f2823) sw      gp, -1648(t5)
core   0: 3 0x8000a674 (0x983f2823) mem 0x80010000 0x00000001
core   0: 0x8000a678 (0x0000bfe5) c.j     pc - 8
core   0: 3 0x8000a678 (0xbfe5)
core   0: 0x8000a670 (0x00006f17) auipc   t5, 0x6
core   0: 3 0x8000a670 (0x00006f17) x30 0x80010670
core   0: 0x8000a674 (0x983f2823) sw      gp, -1648(t5)
core   0: 3 0x8000a674 (0x983f2823) mem 0x80010000 0x00000001
core   0: 0x8000a678 (0x0000bfe5) c.j     pc - 8
core   0: 3 0x8000a678 (0xbfe5)
core   0: 0x8000a670 (0x00006f17) auipc   t5, 0x6
core   0: 3 0x8000a670 (0x00006f17) x30 0x80010670
core   0: 0x8000a674 (0x983f2823) sw      gp, -1648(t5)
core   0: 3 0x8000a674 (0x983f2823) mem 0x80010000 0x00000001
core   0: 0x8000a678 (0x0000bfe5) c.j     pc - 8
core   0: 3 0x8000a678 (0xbfe5)
core   0: 0x8000a670 (0x00006f17) auipc   t5, 0x6
core   0: 3 0x8000a670 (0x00006f17) x30 0x80010670
core   0: 0x8000a674 (0x983f2823) sw      gp, -1648(t5)
core   0: 3 0x8000a674 (0x983f2823) mem 0x80010000 0x00000001
core   0: 0x8000a678 (0x0000bfe5) c.j     pc - 8
core   0: 3 0x8000a678 (0xbfe5)
core   0: 0x8000a670 (0x00006f17) auipc   t5, 0x6
core   0: 3 0x8000a670 (0x00006f17) x30 0x80010670
core   0: 0x8000a674 (0x983f2823) sw      gp, -1648(t5)
core   0: 3 0x8000a674 (0x983f2823) mem 0x80010000 0x00000001
core   0: 0x8000a678 (0x0000bfe5) c.j     pc - 8
core   0: 3 0x8000a678 (0xbfe5)
core   0: 0x8000a670 (0x00006f17) auipc   t5, 0x6
core   0: 3 0x8000a670 (0x00006f17) x30 0x80010670
core   0: 0x8000a674 (0x983f2823) sw      gp, -1648(t5)
core   0: 3 0x8000a674 (0x983f2823) mem 0x80010000 0x00000001
core   0: 0x8000a678 (0x0000bfe5) c.j     pc - 8
core   0: 3 0x8000a678 (0xbfe5)
core   0: 0x8000a670 (0x00006f17) auipc   t5, 0x6
core   0: 3 0x8000a670 (0x00006f17) x30 0x80010670
core   0: 0x8000a674 (0x983f2823) sw      gp, -1648(t5)
core   0: 3 0x8000a674 (0x983f2823) mem 0x80010000 0x00000001
core   0: 0x8000a678 (0x0000bfe5) c.j     pc - 8
core   0: 3 0x8000a678 (0xbfe5)
core   0: 0x8000a670 (0x00006f17) auipc   t5, 0x6
core   0: 3 0x8000a670 (0x00006f17) x30 0x80010670
core   0: 0x8000a674 (0x983f2823) sw      gp, -1648(t5)
core   0: 3 0x8000a674 (0x983f2823) mem 0x80010000 0x00000001
core   0: 0x8000a678 (0x0000bfe5) c.j     pc - 8
core   0: 3 0x8000a678 (0xbfe5)
core   0: 0x8000a670 (0x00006f17) auipc   t5, 0x6
core   0: 3 0x8000a670 (0x00006f17) x30 0x80010670
core   0: 0x8000a674 (0x983f2823) sw      gp, -1648(t5)
core   0: 3 0x8000a674 (0x983f2823) mem 0x80010000 0x00000001
core   0: 0x8000a678 (0x0000bfe5) c.j     pc - 8
core   0: 3 0x8000a678 (0xbfe5)
core   0: 0x8000a670 (0x00006f17) auipc   t5, 0x6
core   0: 3 0x8000a670 (0x00006f17) x30 0x80010670
core   0: 0x8000a674 (0x983f2823) sw      gp, -1648(t5)
core   0: 3 0x8000a674 (0x983f2823) mem 0x80010000 0x00000001
core   0: 0x8000a678 (0x0000bfe5) c.j     pc - 8
core   0: 3 0x8000a678 (0xbfe5)
core   0: 0x8000a670 (0x00006f17) auipc   t5, 0x6
core   0: 3 0x8000a670 (0x00006f17) x30 0x80010670
core   0: 0x8000a674 (0x983f2823) sw      gp, -1648(t5)
core   0: 3 0x8000a674 (0x983f2823) mem 0x80010000 0x00000001
core   0: 0x8000a678 (0x0000bfe5) c.j     pc - 8
core   0: 3 0x8000a678 (0xbfe5)
core   0: 0x8000a670 (0x00006f17) auipc   t5, 0x6
core   0: 3 0x8000a670 (0x00006f17) x30 0x80010670
core   0: 0x8000a674 (0x983f2823) sw      gp, -1648(t5)
core   0: 3 0x8000a674 (0x983f2823) mem 0x80010000 0x00000001
core   0: 0x8000a678 (0x0000bfe5) c.j     pc - 8
core   0: 3 0x8000a678 (0xbfe5)
core   0: 0x8000a670 (0x00006f17) auipc   t5, 0x6
core   0: 3 0x8000a670 (0x00006f17) x30 0x80010670
core   0: 0x8000a674 (0x983f2823) sw      gp, -1648(t5)
core   0: 3 0x8000a674 (0x983f2823) mem 0x80010000 0x00000001
core   0: 0x8000a678 (0x0000bfe5) c.j     pc - 8
core   0: 3 0x8000a678 (0xbfe5)
core   0: 0x8000a670 (0x00006f17) auipc   t5, 0x6
core   0: 3 0x8000a670 (0x00006f17) x30 0x80010670
core   0: 0x8000a674 (0x983f2823) sw      gp, -1648(t5)
core   0: 3 0x8000a674 (0x983f2823) mem 0x80010000 0x00000001
core   0: 0x8000a678 (0x0000bfe5) c.j     pc - 8
core   0: 3 0x8000a678 (0xbfe5)
core   0: 0x8000a670 (0x00006f17) auipc   t5, 0x6
core   0: 3 0x8000a670 (0x00006f17) x30 0x80010670
core   0: 0x8000a674 (0x983f2823) sw      gp, -1648(t5)
core   0: 3 0x8000a674 (0x983f2823) mem 0x80010000 0x00000001
core   0: 0x8000a678 (0x0000bfe5) c.j     pc - 8
core   0: 3 0x8000a678 (0xbfe5)
core   0: 0x8000a670 (0x00006f17) auipc   t5, 0x6
core   0: 3 0x8000a670 (0x00006f17) x30 0x80010670
core   0: 0x8000a674 (0x983f2823) sw      gp, -1648(t5)
core   0: 3 0x8000a674 (0x983f2823) mem 0x80010000 0x00000001
core   0: 0x8000a678 (0x0000bfe5) c.j     pc - 8
core   0: 3 0x8000a678 (0xbfe5)
core   0: 0x8000a670 (0x00006f17) auipc   t5, 0x6
core   0: 3 0x8000a670 (0x00006f17) x30 0x80010670
core   0: 0x8000a674 (0x983f2823) sw      gp, -1648(t5)
core   0: 3 0x8000a674 (0x983f2823) mem 0x80010000 0x00000001
core   0: 0x8000a678 (0x0000bfe5) c.j     pc - 8
core   0: 3 0x8000a678 (0xbfe5)
core   0: 0x8000a670 (0x00006f17) auipc   t5, 0x6
core   0: 3 0x8000a670 (0x00006f17) x30 0x80010670
core   0: 0x8000a674 (0x983f2823) sw      gp, -1648(t5)
core   0: 3 0x8000a674 (0x983f2823) mem 0x80010000 0x00000001
core   0: 0x8000a678 (0x0000bfe5) c.j     pc - 8
core   0: 3 0x8000a678 (0xbfe5)
core   0: 0x8000a670 (0x00006f17) auipc   t5, 0x6
core   0: 3 0x8000a670 (0x00006f17) x30 0x80010670
core   0: 0x8000a674 (0x983f2823) sw      gp, -1648(t5)
core   0: 3 0x8000a674 (0x983f2823) mem 0x80010000 0x00000001
core   0: 0x8000a678 (0x0000bfe5) c.j     pc - 8
core   0: 3 0x8000a678 (0xbfe5)
core   0: 0x8000a670 (0x00006f17) auipc   t5, 0x6
core   0: 3 0x8000a670 (0x00006f17) x30 0x80010670
core   0: 0x8000a674 (0x983f2823) sw      gp, -1648(t5)
core   0: 3 0x8000a674 (0x983f2823) mem 0x80010000 0x00000001
core   0: 0x8000a678 (0x0000bfe5) c.j     pc - 8
core   0: 3 0x8000a678 (0xbfe5)
core   0: 0x8000a670 (0x00006f17) auipc   t5, 0x6
core   0: 3 0x8000a670 (0x00006f17) x30 0x80010670
core   0: 0x8000a674 (0x983f2823) sw      gp, -1648(t5)
core   0: 3 0x8000a674 (0x983f2823) mem 0x80010000 0x00000001
core   0: 0x8000a678 (0x0000bfe5) c.j     pc - 8
core   0: 3 0x8000a678 (0xbfe5)
core   0: 0x8000a670 (0x00006f17) auipc   t5, 0x6
core   0: 3 0x8000a670 (0x00006f17) x30 0x80010670
core   0: 0x8000a674 (0x983f2823) sw      gp, -1648(t5)
core   0: 3 0x8000a674 (0x983f2823) mem 0x80010000 0x00000001
core   0: 0x8000a678 (0x0000bfe5) c.j     pc - 8
core   0: 3 0x8000a678 (0xbfe5)
core   0: 0x8000a670 (0x00006f17) auipc   t5, 0x6
core   0: 3 0x8000a670 (0x00006f17) x30 0x80010670
core   0: 0x8000a674 (0x983f2823) sw      gp, -1648(t5)
core   0: 3 0x8000a674 (0x983f2823) mem 0x80010000 0x00000001
core   0: 0x8000a678 (0x0000bfe5) c.j     pc - 8
core   0: 3 0x8000a678 (0xbfe5)
core   0: 0x8000a670 (0x00006f17) auipc   t5, 0x6
core   0: 3 0x8000a670 (0x00006f17) x30 0x80010670
core   0: 0x8000a674 (0x983f2823) sw      gp, -1648(t5)
core   0: 3 0x8000a674 (0x983f2823) mem 0x80010000 0x00000001
core   0: 0x8000a678 (0x0000bfe5) c.j     pc - 8
core   0: 3 0x8000a678 (0xbfe5)
core   0: 0x8000a670 (0x00006f17) auipc   t5, 0x6
core   0: 3 0x8000a670 (0x00006f17) x30 0x80010670
core   0: 0x8000a674 (0x983f2823) sw      gp, -1648(t5)
core   0: 3 0x8000a674 (0x983f2823) mem 0x80010000 0x00000001
core   0: 0x8000a678 (0x0000bfe5) c.j     pc - 8
core   0: 3 0x8000a678 (0xbfe5)
core   0: 0x8000a670 (0x00006f17) auipc   t5, 0x6
core   0: 3 0x8000a670 (0x00006f17) x30 0x80010670
core   0: 0x8000a674 (0x983f2823) sw      gp, -1648(t5)
core   0: 3 0x8000a674 (0x983f2823) mem 0x80010000 0x00000001
core   0: 0x8000a678 (0x0000bfe5) c.j     pc - 8
core   0: 3 0x8000a678 (0xbfe5)
core   0: 0x8000a670 (0x00006f17) auipc   t5, 0x6
core   0: 3 0x8000a670 (0x00006f17) x30 0x80010670
core   0: 0x8000a674 (0x983f2823) sw      gp, -1648(t5)
core   0: 3 0x8000a674 (0x983f2823) mem 0x80010000 0x00000001
core   0: 0x8000a678 (0x0000bfe5) c.j     pc - 8
core   0: 3 0x8000a678 (0xbfe5)
core   0: 0x8000a670 (0x00006f17) auipc   t5, 0x6
core   0: 3 0x8000a670 (0x00006f17) x30 0x80010670
core   0: 0x8000a674 (0x983f2823) sw      gp, -1648(t5)
core   0: 3 0x8000a674 (0x983f2823) mem 0x80010000 0x00000001
core   0: 0x8000a678 (0x0000bfe5) c.j     pc - 8
core   0: 3 0x8000a678 (0xbfe5)
core   0: 0x8000a670 (0x00006f17) auipc   t5, 0x6
core   0: 3 0x8000a670 (0x00006f17) x30 0x80010670
core   0: 0x8000a674 (0x983f2823) sw      gp, -1648(t5)
core   0: 3 0x8000a674 (0x983f2823) mem 0x80010000 0x00000001
core   0: 0x8000a678 (0x0000bfe5) c.j     pc - 8
core   0: 3 0x8000a678 (0xbfe5)
core   0: 0x8000a670 (0x00006f17) auipc   t5, 0x6
core   0: 3 0x8000a670 (0x00006f17) x30 0x80010670
core   0: 0x8000a674 (0x983f2823) sw      gp, -1648(t5)
core   0: 3 0x8000a674 (0x983f2823) mem 0x80010000 0x00000001
core   0: 0x8000a678 (0x0000bfe5) c.j     pc - 8
core   0: 3 0x8000a678 (0xbfe5)
core   0: 0x8000a670 (0x00006f17) auipc   t5, 0x6
core   0: 3 0x8000a670 (0x00006f17) x30 0x80010670
core   0: 0x8000a674 (0x983f2823) sw      gp, -1648(t5)
core   0: 3 0x8000a674 (0x983f2823) mem 0x80010000 0x00000001
core   0: 0x8000a678 (0x0000bfe5) c.j     pc - 8
core   0: 3 0x8000a678 (0xbfe5)
core   0: 0x8000a670 (0x00006f17) auipc   t5, 0x6
core   0: 3 0x8000a670 (0x00006f17) x30 0x80010670
core   0: 0x8000a674 (0x983f2823) sw      gp, -1648(t5)
core   0: 3 0x8000a674 (0x983f2823) mem 0x80010000 0x00000001
core   0: 0x8000a678 (0x0000bfe5) c.j     pc - 8
core   0: 3 0x8000a678 (0xbfe5)
core   0: 0x8000a670 (0x00006f17) auipc   t5, 0x6
core   0: 3 0x8000a670 (0x00006f17) x30 0x80010670
core   0: 0x8000a674 (0x983f2823) sw      gp, -1648(t5)
core   0: 3 0x8000a674 (0x983f2823) mem 0x80010000 0x00000001
core   0: 0x8000a678 (0x0000bfe5) c.j     pc - 8
core   0: 3 0x8000a678 (0xbfe5)
core   0: 0x8000a670 (0x00006f17) auipc   t5, 0x6
core   0: 3 0x8000a670 (0x00006f17) x30 0x80010670
core   0: 0x8000a674 (0x983f2823) sw      gp, -1648(t5)
core   0: 3 0x8000a674 (0x983f2823) mem 0x80010000 0x00000001
core   0: 0x8000a678 (0x0000bfe5) c.j     pc - 8
core   0: 3 0x8000a678 (0xbfe5)
core   0: 0x8000a670 (0x00006f17) auipc   t5, 0x6
core   0: 3 0x8000a670 (0x00006f17) x30 0x80010670
core   0: 0x8000a674 (0x983f2823) sw      gp, -1648(t5)
core   0: 3 0x8000a674 (0x983f2823) mem 0x80010000 0x00000001
core   0: 0x8000a678 (0x0000bfe5) c.j     pc - 8
core   0: 3 0x8000a678 (0xbfe5)
core   0: 0x8000a670 (0x00006f17) auipc   t5, 0x6
core   0: 3 0x8000a670 (0x00006f17) x30 0x80010670
core   0: 0x8000a674 (0x983f2823) sw      gp, -1648(t5)
core   0: 3 0x8000a674 (0x983f2823) mem 0x80010000 0x00000001
core   0: 0x8000a678 (0x0000bfe5) c.j     pc - 8
core   0: 3 0x8000a678 (0xbfe5)
core   0: 0x8000a670 (0x00006f17) auipc   t5, 0x6
core   0: 3 0x8000a670 (0x00006f17) x30 0x80010670
core   0: 0x8000a674 (0x983f2823) sw      gp, -1648(t5)
core   0: 3 0x8000a674 (0x983f2823) mem 0x80010000 0x00000001
core   0: 0x8000a678 (0x0000bfe5) c.j     pc - 8
core   0: 3 0x8000a678 (0xbfe5)
core   0: 0x8000a670 (0x00006f17) auipc   t5, 0x6
core   0: 3 0x8000a670 (0x00006f17) x30 0x80010670
core   0: 0x8000a674 (0x983f2823) sw      gp, -1648(t5)
core   0: 3 0x8000a674 (0x983f2823) mem 0x80010000 0x00000001
core   0: 0x8000a678 (0x0000bfe5) c.j     pc - 8
core   0: 3 0x8000a678 (0xbfe5)
core   0: 0x8000a670 (0x00006f17) auipc   t5, 0x6
core   0: 3 0x8000a670 (0x00006f17) x30 0x80010670
core   0: 0x8000a674 (0x983f2823) sw      gp, -1648(t5)
core   0: 3 0x8000a674 (0x983f2823) mem 0x80010000 0x00000001
core   0: 0x8000a678 (0x0000bfe5) c.j     pc - 8
core   0: 3 0x8000a678 (0xbfe5)
core   0: 0x8000a670 (0x00006f17) auipc   t5, 0x6
core   0: 3 0x8000a670 (0x00006f17) x30 0x80010670
core   0: 0x8000a674 (0x983f2823) sw      gp, -1648(t5)
core   0: 3 0x8000a674 (0x983f2823) mem 0x80010000 0x00000001
core   0: 0x8000a678 (0x0000bfe5) c.j     pc - 8
core   0: 3 0x8000a678 (0xbfe5)
core   0: 0x8000a670 (0x00006f17) auipc   t5, 0x6
core   0: 3 0x8000a670 (0x00006f17) x30 0x80010670
core   0: 0x8000a674 (0x983f2823) sw      gp, -1648(t5)
core   0: 3 0x8000a674 (0x983f2823) mem 0x80010000 0x00000001
core   0: 0x8000a678 (0x0000bfe5) c.j     pc - 8
core   0: 3 0x8000a678 (0xbfe5)
core   0: 0x8000a670 (0x00006f17) auipc   t5, 0x6
core   0: 3 0x8000a670 (0x00006f17) x30 0x80010670
core   0: 0x8000a674 (0x983f2823) sw      gp, -1648(t5)
core   0: 3 0x8000a674 (0x983f2823) mem 0x80010000 0x00000001
core   0: 0x8000a678 (0x0000bfe5) c.j     pc - 8
core   0: 3 0x8000a678 (0xbfe5)
core   0: 0x8000a670 (0x00006f17) auipc   t5, 0x6
core   0: 3 0x8000a670 (0x00006f17) x30 0x80010670
core   0: 0x8000a674 (0x983f2823) sw      gp, -1648(t5)
core   0: 3 0x8000a674 (0x983f2823) mem 0x80010000 0x00000001
core   0: 0x8000a678 (0x0000bfe5) c.j     pc - 8
core   0: 3 0x8000a678 (0xbfe5)
core   0: 0x8000a670 (0x00006f17) auipc   t5, 0x6
core   0: 3 0x8000a670 (0x00006f17) x30 0x80010670
core   0: 0x8000a674 (0x983f2823) sw      gp, -1648(t5)
core   0: 3 0x8000a674 (0x983f2823) mem 0x80010000 0x00000001
core   0: 0x8000a678 (0x0000bfe5) c.j     pc - 8
core   0: 3 0x8000a678 (0xbfe5)
core   0: 0x8000a670 (0x00006f17) auipc   t5, 0x6
core   0: 3 0x8000a670 (0x00006f17) x30 0x80010670
core   0: 0x8000a674 (0x983f2823) sw      gp, -1648(t5)
core   0: 3 0x8000a674 (0x983f2823) mem 0x80010000 0x00000001
core   0: 0x8000a678 (0x0000bfe5) c.j     pc - 8
core   0: 3 0x8000a678 (0xbfe5)
core   0: 0x8000a670 (0x00006f17) auipc   t5, 0x6
core   0: 3 0x8000a670 (0x00006f17) x30 0x80010670
core   0: 0x8000a674 (0x983f2823) sw      gp, -1648(t5)
core   0: 3 0x8000a674 (0x983f2823) mem 0x80010000 0x00000001
core   0: 0x8000a678 (0x0000bfe5) c.j     pc - 8
core   0: 3 0x8000a678 (0xbfe5)
core   0: 0x8000a670 (0x00006f17) auipc   t5, 0x6
core   0: 3 0x8000a670 (0x00006f17) x30 0x80010670
core   0: 0x8000a674 (0x983f2823) sw      gp, -1648(t5)
core   0: 3 0x8000a674 (0x983f2823) mem 0x80010000 0x00000001
core   0: 0x8000a678 (0x0000bfe5) c.j     pc - 8
core   0: 3 0x8000a678 (0xbfe5)
core   0: 0x8000a670 (0x00006f17) auipc   t5, 0x6
core   0: 3 0x8000a670 (0x00006f17) x30 0x80010670
core   0: 0x8000a674 (0x983f2823) sw      gp, -1648(t5)
core   0: 3 0x8000a674 (0x983f2823) mem 0x80010000 0x00000001
core   0: 0x8000a678 (0x0000bfe5) c.j     pc - 8
core   0: 3 0x8000a678 (0xbfe5)
core   0: 0x8000a670 (0x00006f17) auipc   t5, 0x6
core   0: 3 0x8000a670 (0x00006f17) x30 0x80010670
core   0: 0x8000a674 (0x983f2823) sw      gp, -1648(t5)
core   0: 3 0x8000a674 (0x983f2823) mem 0x80010000 0x00000001
core   0: 0x8000a678 (0x0000bfe5) c.j     pc - 8
core   0: 3 0x8000a678 (0xbfe5)
core   0: 0x8000a670 (0x00006f17) auipc   t5, 0x6
core   0: 3 0x8000a670 (0x00006f17) x30 0x80010670
core   0: 0x8000a674 (0x983f2823) sw      gp, -1648(t5)
core   0: 3 0x8000a674 (0x983f2823) mem 0x80010000 0x00000001
core   0: 0x8000a678 (0x0000bfe5) c.j     pc - 8
core   0: 3 0x8000a678 (0xbfe5)
core   0: 0x8000a670 (0x00006f17) auipc   t5, 0x6
core   0: 3 0x8000a670 (0x00006f17) x30 0x80010670
core   0: 0x8000a674 (0x983f2823) sw      gp, -1648(t5)
core   0: 3 0x8000a674 (0x983f2823) mem 0x80010000 0x00000001
core   0: 0x8000a678 (0x0000bfe5) c.j     pc - 8
core   0: 3 0x8000a678 (0xbfe5)
core   0: 0x8000a670 (0x00006f17) auipc   t5, 0x6
core   0: 3 0x8000a670 (0x00006f17) x30 0x80010670
core   0: 0x8000a674 (0x983f2823) sw      gp, -1648(t5)
core   0: 3 0x8000a674 (0x983f2823) mem 0x80010000 0x00000001
core   0: 0x8000a678 (0x0000bfe5) c.j     pc - 8
core   0: 3 0x8000a678 (0xbfe5)
core   0: 0x8000a670 (0x00006f17) auipc   t5, 0x6
core   0: 3 0x8000a670 (0x00006f17) x30 0x80010670
core   0: 0x8000a674 (0x983f2823) sw      gp, -1648(t5)
core   0: 3 0x8000a674 (0x983f2823) mem 0x80010000 0x00000001
core   0: 0x8000a678 (0x0000bfe5) c.j     pc - 8
core   0: 3 0x8000a678 (0xbfe5)
core   0: 0x8000a670 (0x00006f17) auipc   t5, 0x6
core   0: 3 0x8000a670 (0x00006f17) x30 0x80010670
core   0: 0x8000a674 (0x983f2823) sw      gp, -1648(t5)
core   0: 3 0x8000a674 (0x983f2823) mem 0x80010000 0x00000001
core   0: 0x8000a678 (0x0000bfe5) c.j     pc - 8
core   0: 3 0x8000a678 (0xbfe5)
core   0: 0x8000a670 (0x00006f17) auipc   t5, 0x6
core   0: 3 0x8000a670 (0x00006f17) x30 0x80010670
core   0: 0x8000a674 (0x983f2823) sw      gp, -1648(t5)
core   0: 3 0x8000a674 (0x983f2823) mem 0x80010000 0x00000001
core   0: 0x8000a678 (0x0000bfe5) c.j     pc - 8
core   0: 3 0x8000a678 (0xbfe5)
core   0: 0x8000a670 (0x00006f17) auipc   t5, 0x6
core   0: 3 0x8000a670 (0x00006f17) x30 0x80010670
core   0: 0x8000a674 (0x983f2823) sw      gp, -1648(t5)
core   0: 3 0x8000a674 (0x983f2823) mem 0x80010000 0x00000001
core   0: 0x8000a678 (0x0000bfe5) c.j     pc - 8
core   0: 3 0x8000a678 (0xbfe5)
core   0: 0x8000a670 (0x00006f17) auipc   t5, 0x6
core   0: 3 0x8000a670 (0x00006f17) x30 0x80010670
core   0: 0x8000a674 (0x983f2823) sw      gp, -1648(t5)
core   0: 3 0x8000a674 (0x983f2823) mem 0x80010000 0x00000001
core   0: 0x8000a678 (0x0000bfe5) c.j     pc - 8
core   0: 3 0x8000a678 (0xbfe5)
core   0: 0x8000a670 (0x00006f17) auipc   t5, 0x6
core   0: 3 0x8000a670 (0x00006f17) x30 0x80010670
core   0: 0x8000a674 (0x983f2823) sw      gp, -1648(t5)
core   0: 3 0x8000a674 (0x983f2823) mem 0x80010000 0x00000001
core   0: 0x8000a678 (0x0000bfe5) c.j     pc - 8
core   0: 3 0x8000a678 (0xbfe5)
core   0: 0x8000a670 (0x00006f17) auipc   t5, 0x6
core   0: 3 0x8000a670 (0x00006f17) x30 0x80010670
core   0: 0x8000a674 (0x983f2823) sw      gp, -1648(t5)
core   0: 3 0x8000a674 (0x983f2823) mem 0x80010000 0x00000001
core   0: 0x8000a678 (0x0000bfe5) c.j     pc - 8
core   0: 3 0x8000a678 (0xbfe5)
core   0: 0x8000a670 (0x00006f17) auipc   t5, 0x6
core   0: 3 0x8000a670 (0x00006f17) x30 0x80010670
core   0: 0x8000a674 (0x983f2823) sw      gp, -1648(t5)
core   0: 3 0x8000a674 (0x983f2823) mem 0x80010000 0x00000001
core   0: 0x8000a678 (0x0000bfe5) c.j     pc - 8
core   0: 3 0x8000a678 (0xbfe5)
core   0: 0x8000a670 (0x00006f17) auipc   t5, 0x6
core   0: 3 0x8000a670 (0x00006f17) x30 0x80010670
core   0: 0x8000a674 (0x983f2823) sw      gp, -1648(t5)
core   0: 3 0x8000a674 (0x983f2823) mem 0x80010000 0x00000001
core   0: 0x8000a678 (0x0000bfe5) c.j     pc - 8
core   0: 3 0x8000a678 (0xbfe5)
core   0: 0x8000a670 (0x00006f17) auipc   t5, 0x6
core   0: 3 0x8000a670 (0x00006f17) x30 0x80010670
core   0: 0x8000a674 (0x983f2823) sw      gp, -1648(t5)
core   0: 3 0x8000a674 (0x983f2823) mem 0x80010000 0x00000001
core   0: 0x8000a678 (0x0000bfe5) c.j     pc - 8
core   0: 3 0x8000a678 (0xbfe5)
core   0: 0x8000a670 (0x00006f17) auipc   t5, 0x6
core   0: 3 0x8000a670 (0x00006f17) x30 0x80010670
core   0: 0x8000a674 (0x983f2823) sw      gp, -1648(t5)
core   0: 3 0x8000a674 (0x983f2823) mem 0x80010000 0x00000001
core   0: 0x8000a678 (0x0000bfe5) c.j     pc - 8
core   0: 3 0x8000a678 (0xbfe5)
core   0: 0x8000a670 (0x00006f17) auipc   t5, 0x6
core   0: 3 0x8000a670 (0x00006f17) x30 0x80010670
core   0: 0x8000a674 (0x983f2823) sw      gp, -1648(t5)
core   0: 3 0x8000a674 (0x983f2823) mem 0x80010000 0x00000001
core   0: 0x8000a678 (0x0000bfe5) c.j     pc - 8
core   0: 3 0x8000a678 (0xbfe5)
core   0: 0x8000a670 (0x00006f17) auipc   t5, 0x6
core   0: 3 0x8000a670 (0x00006f17) x30 0x80010670
core   0: 0x8000a674 (0x983f2823) sw      gp, -1648(t5)
core   0: 3 0x8000a674 (0x983f2823) mem 0x80010000 0x00000001
core   0: 0x8000a678 (0x0000bfe5) c.j     pc - 8
core   0: 3 0x8000a678 (0xbfe5)
core   0: 0x8000a670 (0x00006f17) auipc   t5, 0x6
core   0: 3 0x8000a670 (0x00006f17) x30 0x80010670
core   0: 0x8000a674 (0x983f2823) sw      gp, -1648(t5)
core   0: 3 0x8000a674 (0x983f2823) mem 0x80010000 0x00000001
core   0: 0x8000a678 (0x0000bfe5) c.j     pc - 8
core   0: 3 0x8000a678 (0xbfe5)
core   0: 0x8000a670 (0x00006f17) auipc   t5, 0x6
core   0: 3 0x8000a670 (0x00006f17) x30 0x80010670
core   0: 0x8000a674 (0x983f2823) sw      gp, -1648(t5)
core   0: 3 0x8000a674 (0x983f2823) mem 0x80010000 0x00000001
core   0: 0x8000a678 (0x0000bfe5) c.j     pc - 8
core   0: 3 0x8000a678 (0xbfe5)
core   0: 0x8000a670 (0x00006f17) auipc   t5, 0x6
core   0: 3 0x8000a670 (0x00006f17) x30 0x80010670
core   0: 0x8000a674 (0x983f2823) sw      gp, -1648(t5)
core   0: 3 0x8000a674 (0x983f2823) mem 0x80010000 0x00000001
core   0: 0x8000a678 (0x0000bfe5) c.j     pc - 8
core   0: 3 0x8000a678 (0xbfe5)
core   0: 0x8000a670 (0x00006f17) auipc   t5, 0x6
core   0: 3 0x8000a670 (0x00006f17) x30 0x80010670
core   0: 0x8000a674 (0x983f2823) sw      gp, -1648(t5)
core   0: 3 0x8000a674 (0x983f2823) mem 0x80010000 0x00000001
core   0: 0x8000a678 (0x0000bfe5) c.j     pc - 8
core   0: 3 0x8000a678 (0xbfe5)
core   0: 0x8000a670 (0x00006f17) auipc   t5, 0x6
core   0: 3 0x8000a670 (0x00006f17) x30 0x80010670
core   0: 0x8000a674 (0x983f2823) sw      gp, -1648(t5)
core   0: 3 0x8000a674 (0x983f2823) mem 0x80010000 0x00000001
core   0: 0x8000a678 (0x0000bfe5) c.j     pc - 8
core   0: 3 0x8000a678 (0xbfe5)
core   0: 0x8000a670 (0x00006f17) auipc   t5, 0x6
core   0: 3 0x8000a670 (0x00006f17) x30 0x80010670
core   0: 0x8000a674 (0x983f2823) sw      gp, -1648(t5)
core   0: 3 0x8000a674 (0x983f2823) mem 0x80010000 0x00000001
core   0: 0x8000a678 (0x0000bfe5) c.j     pc - 8
core   0: 3 0x8000a678 (0xbfe5)
core   0: 0x8000a670 (0x00006f17) auipc   t5, 0x6
core   0: 3 0x8000a670 (0x00006f17) x30 0x80010670
core   0: 0x8000a674 (0x983f2823) sw      gp, -1648(t5)
core   0: 3 0x8000a674 (0x983f2823) mem 0x80010000 0x00000001
core   0: 0x8000a678 (0x0000bfe5) c.j     pc - 8
core   0: 3 0x8000a678 (0xbfe5)
core   0: 0x8000a670 (0x00006f17) auipc   t5, 0x6
core   0: 3 0x8000a670 (0x00006f17) x30 0x80010670
core   0: 0x8000a674 (0x983f2823) sw      gp, -1648(t5)
core   0: 3 0x8000a674 (0x983f2823) mem 0x80010000 0x00000001
core   0: 0x8000a678 (0x0000bfe5) c.j     pc - 8
core   0: 3 0x8000a678 (0xbfe5)
core   0: 0x8000a670 (0x00006f17) auipc   t5, 0x6
core   0: 3 0x8000a670 (0x00006f17) x30 0x80010670
core   0: 0x8000a674 (0x983f2823) sw      gp, -1648(t5)
core   0: 3 0x8000a674 (0x983f2823) mem 0x80010000 0x00000001
core   0: 0x8000a678 (0x0000bfe5) c.j     pc - 8
core   0: 3 0x8000a678 (0xbfe5)
core   0: 0x8000a670 (0x00006f17) auipc   t5, 0x6
core   0: 3 0x8000a670 (0x00006f17) x30 0x80010670
core   0: 0x8000a674 (0x983f2823) sw      gp, -1648(t5)
core   0: 3 0x8000a674 (0x983f2823) mem 0x80010000 0x00000001
core   0: 0x8000a678 (0x0000bfe5) c.j     pc - 8
core   0: 3 0x8000a678 (0xbfe5)
core   0: 0x8000a670 (0x00006f17) auipc   t5, 0x6
core   0: 3 0x8000a670 (0x00006f17) x30 0x80010670
core   0: 0x8000a674 (0x983f2823) sw      gp, -1648(t5)
core   0: 3 0x8000a674 (0x983f2823) mem 0x80010000 0x00000001
core   0: 0x8000a678 (0x0000bfe5) c.j     pc - 8
core   0: 3 0x8000a678 (0xbfe5)
core   0: 0x8000a670 (0x00006f17) auipc   t5, 0x6
core   0: 3 0x8000a670 (0x00006f17) x30 0x80010670
core   0: 0x8000a674 (0x983f2823) sw      gp, -1648(t5)
core   0: 3 0x8000a674 (0x983f2823) mem 0x80010000 0x00000001
core   0: 0x8000a678 (0x0000bfe5) c.j     pc - 8
core   0: 3 0x8000a678 (0xbfe5)
core   0: 0x8000a670 (0x00006f17) auipc   t5, 0x6
core   0: 3 0x8000a670 (0x00006f17) x30 0x80010670
core   0: 0x8000a674 (0x983f2823) sw      gp, -1648(t5)
core   0: 3 0x8000a674 (0x983f2823) mem 0x80010000 0x00000001
core   0: 0x8000a678 (0x0000bfe5) c.j     pc - 8
core   0: 3 0x8000a678 (0xbfe5)
core   0: 0x8000a670 (0x00006f17) auipc   t5, 0x6
core   0: 3 0x8000a670 (0x00006f17) x30 0x80010670
core   0: 0x8000a674 (0x983f2823) sw      gp, -1648(t5)
core   0: 3 0x8000a674 (0x983f2823) mem 0x80010000 0x00000001
core   0: 0x8000a678 (0x0000bfe5) c.j     pc - 8
core   0: 3 0x8000a678 (0xbfe5)
core   0: 0x8000a670 (0x00006f17) auipc   t5, 0x6
core   0: 3 0x8000a670 (0x00006f17) x30 0x80010670
core   0: 0x8000a674 (0x983f2823) sw      gp, -1648(t5)
core   0: 3 0x8000a674 (0x983f2823) mem 0x80010000 0x00000001
core   0: 0x8000a678 (0x0000bfe5) c.j     pc - 8
core   0: 3 0x8000a678 (0xbfe5)
core   0: 0x8000a670 (0x00006f17) auipc   t5, 0x6
core   0: 3 0x8000a670 (0x00006f17) x30 0x80010670
core   0: 0x8000a674 (0x983f2823) sw      gp, -1648(t5)
core   0: 3 0x8000a674 (0x983f2823) mem 0x80010000 0x00000001
core   0: 0x8000a678 (0x0000bfe5) c.j     pc - 8
core   0: 3 0x8000a678 (0xbfe5)
core   0: 0x8000a670 (0x00006f17) auipc   t5, 0x6
core   0: 3 0x8000a670 (0x00006f17) x30 0x80010670
core   0: 0x8000a674 (0x983f2823) sw      gp, -1648(t5)
core   0: 3 0x8000a674 (0x983f2823) mem 0x80010000 0x00000001
core   0: 0x8000a678 (0x0000bfe5) c.j     pc - 8
core   0: 3 0x8000a678 (0xbfe5)
core   0: 0x8000a670 (0x00006f17) auipc   t5, 0x6
core   0: 3 0x8000a670 (0x00006f17) x30 0x80010670
core   0: 0x8000a674 (0x983f2823) sw      gp, -1648(t5)
core   0: 3 0x8000a674 (0x983f2823) mem 0x80010000 0x00000001
core   0: 0x8000a678 (0x0000bfe5) c.j     pc - 8
core   0: 3 0x8000a678 (0xbfe5)
core   0: 0x8000a670 (0x00006f17) auipc   t5, 0x6
core   0: 3 0x8000a670 (0x00006f17) x30 0x80010670
core   0: 0x8000a674 (0x983f2823) sw      gp, -1648(t5)
core   0: 3 0x8000a674 (0x983f2823) mem 0x80010000 0x00000001
core   0: 0x8000a678 (0x0000bfe5) c.j     pc - 8
core   0: 3 0x8000a678 (0xbfe5)
core   0: 0x8000a670 (0x00006f17) auipc   t5, 0x6
core   0: 3 0x8000a670 (0x00006f17) x30 0x80010670
core   0: 0x8000a674 (0x983f2823) sw      gp, -1648(t5)
core   0: 3 0x8000a674 (0x983f2823) mem 0x80010000 0x00000001
core   0: 0x8000a678 (0x0000bfe5) c.j     pc - 8
core   0: 3 0x8000a678 (0xbfe5)
core   0: 0x8000a670 (0x00006f17) auipc   t5, 0x6
core   0: 3 0x8000a670 (0x00006f17) x30 0x80010670
core   0: 0x8000a674 (0x983f2823) sw      gp, -1648(t5)
core   0: 3 0x8000a674 (0x983f2823) mem 0x80010000 0x00000001
core   0: 0x8000a678 (0x0000bfe5) c.j     pc - 8
core   0: 3 0x8000a678 (0xbfe5)
core   0: 0x8000a670 (0x00006f17) auipc   t5, 0x6
core   0: 3 0x8000a670 (0x00006f17) x30 0x80010670
core   0: 0x8000a674 (0x983f2823) sw      gp, -1648(t5)
core   0: 3 0x8000a674 (0x983f2823) mem 0x80010000 0x00000001
core   0: 0x8000a678 (0x0000bfe5) c.j     pc - 8
core   0: 3 0x8000a678 (0xbfe5)
core   0: 0x8000a670 (0x00006f17) auipc   t5, 0x6
core   0: 3 0x8000a670 (0x00006f17) x30 0x80010670
core   0: 0x8000a674 (0x983f2823) sw      gp, -1648(t5)
core   0: 3 0x8000a674 (0x983f2823) mem 0x80010000 0x00000001
core   0: 0x8000a678 (0x0000bfe5) c.j     pc - 8
core   0: 3 0x8000a678 (0xbfe5)
core   0: 0x8000a670 (0x00006f17) auipc   t5, 0x6
core   0: 3 0x8000a670 (0x00006f17) x30 0x80010670
core   0: 0x8000a674 (0x983f2823) sw      gp, -1648(t5)
core   0: 3 0x8000a674 (0x983f2823) mem 0x80010000 0x00000001
core   0: 0x8000a678 (0x0000bfe5) c.j     pc - 8
core   0: 3 0x8000a678 (0xbfe5)
core   0: 0x8000a670 (0x00006f17) auipc   t5, 0x6
core   0: 3 0x8000a670 (0x00006f17) x30 0x80010670
core   0: 0x8000a674 (0x983f2823) sw      gp, -1648(t5)
core   0: 3 0x8000a674 (0x983f2823) mem 0x80010000 0x00000001
core   0: 0x8000a678 (0x0000bfe5) c.j     pc - 8
core   0: 3 0x8000a678 (0xbfe5)
core   0: 0x8000a670 (0x00006f17) auipc   t5, 0x6
core   0: 3 0x8000a670 (0x00006f17) x30 0x80010670
core   0: 0x8000a674 (0x983f2823) sw      gp, -1648(t5)
core   0: 3 0x8000a674 (0x983f2823) mem 0x80010000 0x00000001
core   0: 0x8000a678 (0x0000bfe5) c.j     pc - 8
core   0: 3 0x8000a678 (0xbfe5)
core   0: 0x8000a670 (0x00006f17) auipc   t5, 0x6
core   0: 3 0x8000a670 (0x00006f17) x30 0x80010670
core   0: 0x8000a674 (0x983f2823) sw      gp, -1648(t5)
core   0: 3 0x8000a674 (0x983f2823) mem 0x80010000 0x00000001
core   0: 0x8000a678 (0x0000bfe5) c.j     pc - 8
core   0: 3 0x8000a678 (0xbfe5)
core   0: 0x8000a670 (0x00006f17) auipc   t5, 0x6
core   0: 3 0x8000a670 (0x00006f17) x30 0x80010670
core   0: 0x8000a674 (0x983f2823) sw      gp, -1648(t5)
core   0: 3 0x8000a674 (0x983f2823) mem 0x80010000 0x00000001
core   0: 0x8000a678 (0x0000bfe5) c.j     pc - 8
core   0: 3 0x8000a678 (0xbfe5)
core   0: 0x8000a670 (0x00006f17) auipc   t5, 0x6
core   0: 3 0x8000a670 (0x00006f17) x30 0x80010670
core   0: 0x8000a674 (0x983f2823) sw      gp, -1648(t5)
core   0: 3 0x8000a674 (0x983f2823) mem 0x80010000 0x00000001
core   0: 0x8000a678 (0x0000bfe5) c.j     pc - 8
core   0: 3 0x8000a678 (0xbfe5)
core   0: 0x8000a670 (0x00006f17) auipc   t5, 0x6
core   0: 3 0x8000a670 (0x00006f17) x30 0x80010670
core   0: 0x8000a674 (0x983f2823) sw      gp, -1648(t5)
core   0: 3 0x8000a674 (0x983f2823) mem 0x80010000 0x00000001
core   0: 0x8000a678 (0x0000bfe5) c.j     pc - 8
core   0: 3 0x8000a678 (0xbfe5)
core   0: 0x8000a670 (0x00006f17) auipc   t5, 0x6
core   0: 3 0x8000a670 (0x00006f17) x30 0x80010670
core   0: 0x8000a674 (0x983f2823) sw      gp, -1648(t5)
core   0: 3 0x8000a674 (0x983f2823) mem 0x80010000 0x00000001
core   0: 0x8000a678 (0x0000bfe5) c.j     pc - 8
core   0: 3 0x8000a678 (0xbfe5)
core   0: 0x8000a670 (0x00006f17) auipc   t5, 0x6
core   0: 3 0x8000a670 (0x00006f17) x30 0x80010670
core   0: 0x8000a674 (0x983f2823) sw      gp, -1648(t5)
core   0: 3 0x8000a674 (0x983f2823) mem 0x80010000 0x00000001
core   0: 0x8000a678 (0x0000bfe5) c.j     pc - 8
core   0: 3 0x8000a678 (0xbfe5)
core   0: 0x8000a670 (0x00006f17) auipc   t5, 0x6
core   0: 3 0x8000a670 (0x00006f17) x30 0x80010670
core   0: 0x8000a674 (0x983f2823) sw      gp, -1648(t5)
core   0: 3 0x8000a674 (0x983f2823) mem 0x80010000 0x00000001
core   0: 0x8000a678 (0x0000bfe5) c.j     pc - 8
core   0: 3 0x8000a678 (0xbfe5)
core   0: 0x8000a670 (0x00006f17) auipc   t5, 0x6
core   0: 3 0x8000a670 (0x00006f17) x30 0x80010670
core   0: 0x8000a674 (0x983f2823) sw      gp, -1648(t5)
core   0: 3 0x8000a674 (0x983f2823) mem 0x80010000 0x00000001
core   0: 0x8000a678 (0x0000bfe5) c.j     pc - 8
core   0: 3 0x8000a678 (0xbfe5)
core   0: 0x8000a670 (0x00006f17) auipc   t5, 0x6
core   0: 3 0x8000a670 (0x00006f17) x30 0x80010670
core   0: 0x8000a674 (0x983f2823) sw      gp, -1648(t5)
core   0: 3 0x8000a674 (0x983f2823) mem 0x80010000 0x00000001
core   0: 0x8000a678 (0x0000bfe5) c.j     pc - 8
core   0: 3 0x8000a678 (0xbfe5)
core   0: 0x8000a670 (0x00006f17) auipc   t5, 0x6
core   0: 3 0x8000a670 (0x00006f17) x30 0x80010670
core   0: 0x8000a674 (0x983f2823) sw      gp, -1648(t5)
core   0: 3 0x8000a674 (0x983f2823) mem 0x80010000 0x00000001
core   0: 0x8000a678 (0x0000bfe5) c.j     pc - 8
core   0: 3 0x8000a678 (0xbfe5)
core   0: 0x8000a670 (0x00006f17) auipc   t5, 0x6
core   0: 3 0x8000a670 (0x00006f17) x30 0x80010670
core   0: 0x8000a674 (0x983f2823) sw      gp, -1648(t5)
core   0: 3 0x8000a674 (0x983f2823) mem 0x80010000 0x00000001
core   0: 0x8000a678 (0x0000bfe5) c.j     pc - 8
core   0: 3 0x8000a678 (0xbfe5)
core   0: 0x8000a670 (0x00006f17) auipc   t5, 0x6
core   0: 3 0x8000a670 (0x00006f17) x30 0x80010670
core   0: 0x8000a674 (0x983f2823) sw      gp, -1648(t5)
core   0: 3 0x8000a674 (0x983f2823) mem 0x80010000 0x00000001
core   0: 0x8000a678 (0x0000bfe5) c.j     pc - 8
core   0: 3 0x8000a678 (0xbfe5)
core   0: 0x8000a670 (0x00006f17) auipc   t5, 0x6
core   0: 3 0x8000a670 (0x00006f17) x30 0x80010670
core   0: 0x8000a674 (0x983f2823) sw      gp, -1648(t5)
core   0: 3 0x8000a674 (0x983f2823) mem 0x80010000 0x00000001
core   0: 0x8000a678 (0x0000bfe5) c.j     pc - 8
core   0: 3 0x8000a678 (0xbfe5)
core   0: 0x8000a670 (0x00006f17) auipc   t5, 0x6
core   0: 3 0x8000a670 (0x00006f17) x30 0x80010670
core   0: 0x8000a674 (0x983f2823) sw      gp, -1648(t5)
core   0: 3 0x8000a674 (0x983f2823) mem 0x80010000 0x00000001
core   0: 0x8000a678 (0x0000bfe5) c.j     pc - 8
core   0: 3 0x8000a678 (0xbfe5)
core   0: 0x8000a670 (0x00006f17) auipc   t5, 0x6
core   0: 3 0x8000a670 (0x00006f17) x30 0x80010670
core   0: 0x8000a674 (0x983f2823) sw      gp, -1648(t5)
core   0: 3 0x8000a674 (0x983f2823) mem 0x80010000 0x00000001
core   0: 0x8000a678 (0x0000bfe5) c.j     pc - 8
core   0: 3 0x8000a678 (0xbfe5)
core   0: 0x8000a670 (0x00006f17) auipc   t5, 0x6
core   0: 3 0x8000a670 (0x00006f17) x30 0x80010670
core   0: 0x8000a674 (0x983f2823) sw      gp, -1648(t5)
core   0: 3 0x8000a674 (0x983f2823) mem 0x80010000 0x00000001
core   0: 0x8000a678 (0x0000bfe5) c.j     pc - 8
core   0: 3 0x8000a678 (0xbfe5)
core   0: 0x8000a670 (0x00006f17) auipc   t5, 0x6
core   0: 3 0x8000a670 (0x00006f17) x30 0x80010670
core   0: 0x8000a674 (0x983f2823) sw      gp, -1648(t5)
core   0: 3 0x8000a674 (0x983f2823) mem 0x80010000 0x00000001
core   0: 0x8000a678 (0x0000bfe5) c.j     pc - 8
core   0: 3 0x8000a678 (0xbfe5)
core   0: 0x8000a670 (0x00006f17) auipc   t5, 0x6
core   0: 3 0x8000a670 (0x00006f17) x30 0x80010670
core   0: 0x8000a674 (0x983f2823) sw      gp, -1648(t5)
core   0: 3 0x8000a674 (0x983f2823) mem 0x80010000 0x00000001
core   0: 0x8000a678 (0x0000bfe5) c.j     pc - 8
core   0: 3 0x8000a678 (0xbfe5)
core   0: 0x8000a670 (0x00006f17) auipc   t5, 0x6
core   0: 3 0x8000a670 (0x00006f17) x30 0x80010670
core   0: 0x8000a674 (0x983f2823) sw      gp, -1648(t5)
core   0: 3 0x8000a674 (0x983f2823) mem 0x80010000 0x00000001
core   0: 0x8000a678 (0x0000bfe5) c.j     pc - 8
core   0: 3 0x8000a678 (0xbfe5)
core   0: 0x8000a670 (0x00006f17) auipc   t5, 0x6
core   0: 3 0x8000a670 (0x00006f17) x30 0x80010670
core   0: 0x8000a674 (0x983f2823) sw      gp, -1648(t5)
core   0: 3 0x8000a674 (0x983f2823) mem 0x80010000 0x00000001
core   0: 0x8000a678 (0x0000bfe5) c.j     pc - 8
core   0: 3 0x8000a678 (0xbfe5)
core   0: 0x8000a670 (0x00006f17) auipc   t5, 0x6
core   0: 3 0x8000a670 (0x00006f17) x30 0x80010670
core   0: 0x8000a674 (0x983f2823) sw      gp, -1648(t5)
core   0: 3 0x8000a674 (0x983f2823) mem 0x80010000 0x00000001
core   0: 0x8000a678 (0x0000bfe5) c.j     pc - 8
core   0: 3 0x8000a678 (0xbfe5)
core   0: 0x8000a670 (0x00006f17) auipc   t5, 0x6
core   0: 3 0x8000a670 (0x00006f17) x30 0x80010670
core   0: 0x8000a674 (0x983f2823) sw      gp, -1648(t5)
core   0: 3 0x8000a674 (0x983f2823) mem 0x80010000 0x00000001
core   0: 0x8000a678 (0x0000bfe5) c.j     pc - 8
core   0: 3 0x8000a678 (0xbfe5)
core   0: 0x8000a670 (0x00006f17) auipc   t5, 0x6
core   0: 3 0x8000a670 (0x00006f17) x30 0x80010670
core   0: 0x8000a674 (0x983f2823) sw      gp, -1648(t5)
core   0: 3 0x8000a674 (0x983f2823) mem 0x80010000 0x00000001
core   0: 0x8000a678 (0x0000bfe5) c.j     pc - 8
core   0: 3 0x8000a678 (0xbfe5)
core   0: 0x8000a670 (0x00006f17) auipc   t5, 0x6
core   0: 3 0x8000a670 (0x00006f17) x30 0x80010670
core   0: 0x8000a674 (0x983f2823) sw      gp, -1648(t5)
core   0: 3 0x8000a674 (0x983f2823) mem 0x80010000 0x00000001
core   0: 0x8000a678 (0x0000bfe5) c.j     pc - 8
core   0: 3 0x8000a678 (0xbfe5)
core   0: 0x8000a670 (0x00006f17) auipc   t5, 0x6
core   0: 3 0x8000a670 (0x00006f17) x30 0x80010670
core   0: 0x8000a674 (0x983f2823) sw      gp, -1648(t5)
core   0: 3 0x8000a674 (0x983f2823) mem 0x80010000 0x00000001
core   0: 0x8000a678 (0x0000bfe5) c.j     pc - 8
core   0: 3 0x8000a678 (0xbfe5)
core   0: 0x8000a670 (0x00006f17) auipc   t5, 0x6
core   0: 3 0x8000a670 (0x00006f17) x30 0x80010670
core   0: 0x8000a674 (0x983f2823) sw      gp, -1648(t5)
core   0: 3 0x8000a674 (0x983f2823) mem 0x80010000 0x00000001
core   0: 0x8000a678 (0x0000bfe5) c.j     pc - 8
core   0: 3 0x8000a678 (0xbfe5)
core   0: 0x8000a670 (0x00006f17) auipc   t5, 0x6
core   0: 3 0x8000a670 (0x00006f17) x30 0x80010670
core   0: 0x8000a674 (0x983f2823) sw      gp, -1648(t5)
core   0: 3 0x8000a674 (0x983f2823) mem 0x80010000 0x00000001
core   0: 0x8000a678 (0x0000bfe5) c.j     pc - 8
core   0: 3 0x8000a678 (0xbfe5)
core   0: 0x8000a670 (0x00006f17) auipc   t5, 0x6
core   0: 3 0x8000a670 (0x00006f17) x30 0x80010670
core   0: 0x8000a674 (0x983f2823) sw      gp, -1648(t5)
core   0: 3 0x8000a674 (0x983f2823) mem 0x80010000 0x00000001
core   0: 0x8000a678 (0x0000bfe5) c.j     pc - 8
core   0: 3 0x8000a678 (0xbfe5)
core   0: 0x8000a670 (0x00006f17) auipc   t5, 0x6
core   0: 3 0x8000a670 (0x00006f17) x30 0x80010670
core   0: 0x8000a674 (0x983f2823) sw      gp, -1648(t5)
core   0: 3 0x8000a674 (0x983f2823) mem 0x80010000 0x00000001
core   0: 0x8000a678 (0x0000bfe5) c.j     pc - 8
core   0: 3 0x8000a678 (0xbfe5)
core   0: 0x8000a670 (0x00006f17) auipc   t5, 0x6
core   0: 3 0x8000a670 (0x00006f17) x30 0x80010670
core   0: 0x8000a674 (0x983f2823) sw      gp, -1648(t5)
core   0: 3 0x8000a674 (0x983f2823) mem 0x80010000 0x00000001
core   0: 0x8000a678 (0x0000bfe5) c.j     pc - 8
core   0: 3 0x8000a678 (0xbfe5)
core   0: 0x8000a670 (0x00006f17) auipc   t5, 0x6
core   0: 3 0x8000a670 (0x00006f17) x30 0x80010670
core   0: 0x8000a674 (0x983f2823) sw      gp, -1648(t5)
core   0: 3 0x8000a674 (0x983f2823) mem 0x80010000 0x00000001
core   0: 0x8000a678 (0x0000bfe5) c.j     pc - 8
core   0: 3 0x8000a678 (0xbfe5)
core   0: 0x8000a670 (0x00006f17) auipc   t5, 0x6
core   0: 3 0x8000a670 (0x00006f17) x30 0x80010670
core   0: 0x8000a674 (0x983f2823) sw      gp, -1648(t5)
core   0: 3 0x8000a674 (0x983f2823) mem 0x80010000 0x00000001
core   0: 0x8000a678 (0x0000bfe5) c.j     pc - 8
core   0: 3 0x8000a678 (0xbfe5)
core   0: 0x8000a670 (0x00006f17) auipc   t5, 0x6
core   0: 3 0x8000a670 (0x00006f17) x30 0x80010670
core   0: 0x8000a674 (0x983f2823) sw      gp, -1648(t5)
core   0: 3 0x8000a674 (0x983f2823) mem 0x80010000 0x00000001
core   0: 0x8000a678 (0x0000bfe5) c.j     pc - 8
core   0: 3 0x8000a678 (0xbfe5)
core   0: 0x8000a670 (0x00006f17) auipc   t5, 0x6
core   0: 3 0x8000a670 (0x00006f17) x30 0x80010670
core   0: 0x8000a674 (0x983f2823) sw      gp, -1648(t5)
core   0: 3 0x8000a674 (0x983f2823) mem 0x80010000 0x00000001
core   0: 0x8000a678 (0x0000bfe5) c.j     pc - 8
core   0: 3 0x8000a678 (0xbfe5)
core   0: 0x8000a670 (0x00006f17) auipc   t5, 0x6
core   0: 3 0x8000a670 (0x00006f17) x30 0x80010670
core   0: 0x8000a674 (0x983f2823) sw      gp, -1648(t5)
core   0: 3 0x8000a674 (0x983f2823) mem 0x80010000 0x00000001
core   0: 0x8000a678 (0x0000bfe5) c.j     pc - 8
core   0: 3 0x8000a678 (0xbfe5)
core   0: 0x8000a670 (0x00006f17) auipc   t5, 0x6
core   0: 3 0x8000a670 (0x00006f17) x30 0x80010670
core   0: 0x8000a674 (0x983f2823) sw      gp, -1648(t5)
core   0: 3 0x8000a674 (0x983f2823) mem 0x80010000 0x00000001
core   0: 0x8000a678 (0x0000bfe5) c.j     pc - 8
core   0: 3 0x8000a678 (0xbfe5)
core   0: 0x8000a670 (0x00006f17) auipc   t5, 0x6
core   0: 3 0x8000a670 (0x00006f17) x30 0x80010670
core   0: 0x8000a674 (0x983f2823) sw      gp, -1648(t5)
core   0: 3 0x8000a674 (0x983f2823) mem 0x80010000 0x00000001
core   0: 0x8000a678 (0x0000bfe5) c.j     pc - 8
core   0: 3 0x8000a678 (0xbfe5)
core   0: 0x8000a670 (0x00006f17) auipc   t5, 0x6
core   0: 3 0x8000a670 (0x00006f17) x30 0x80010670
core   0: 0x8000a674 (0x983f2823) sw      gp, -1648(t5)
core   0: 3 0x8000a674 (0x983f2823) mem 0x80010000 0x00000001
core   0: 0x8000a678 (0x0000bfe5) c.j     pc - 8
core   0: 3 0x8000a678 (0xbfe5)
core   0: 0x8000a670 (0x00006f17) auipc   t5, 0x6
core   0: 3 0x8000a670 (0x00006f17) x30 0x80010670
core   0: 0x8000a674 (0x983f2823) sw      gp, -1648(t5)
core   0: 3 0x8000a674 (0x983f2823) mem 0x80010000 0x00000001
core   0: 0x8000a678 (0x0000bfe5) c.j     pc - 8
core   0: 3 0x8000a678 (0xbfe5)
core   0: 0x8000a670 (0x00006f17) auipc   t5, 0x6
core   0: 3 0x8000a670 (0x00006f17) x30 0x80010670
core   0: 0x8000a674 (0x983f2823) sw      gp, -1648(t5)
core   0: 3 0x8000a674 (0x983f2823) mem 0x80010000 0x00000001
core   0: 0x8000a678 (0x0000bfe5) c.j     pc - 8
core   0: 3 0x8000a678 (0xbfe5)
core   0: 0x8000a670 (0x00006f17) auipc   t5, 0x6
core   0: 3 0x8000a670 (0x00006f17) x30 0x80010670
core   0: 0x8000a674 (0x983f2823) sw      gp, -1648(t5)
core   0: 3 0x8000a674 (0x983f2823) mem 0x80010000 0x00000001
core   0: 0x8000a678 (0x0000bfe5) c.j     pc - 8
core   0: 3 0x8000a678 (0xbfe5)
core   0: 0x8000a670 (0x00006f17) auipc   t5, 0x6
core   0: 3 0x8000a670 (0x00006f17) x30 0x80010670
core   0: 0x8000a674 (0x983f2823) sw      gp, -1648(t5)
core   0: 3 0x8000a674 (0x983f2823) mem 0x80010000 0x00000001
core   0: 0x8000a678 (0x0000bfe5) c.j     pc - 8
core   0: 3 0x8000a678 (0xbfe5)
core   0: 0x8000a670 (0x00006f17) auipc   t5, 0x6
core   0: 3 0x8000a670 (0x00006f17) x30 0x80010670
core   0: 0x8000a674 (0x983f2823) sw      gp, -1648(t5)
core   0: 3 0x8000a674 (0x983f2823) mem 0x80010000 0x00000001
core   0: 0x8000a678 (0x0000bfe5) c.j     pc - 8
core   0: 3 0x8000a678 (0xbfe5)
core   0: 0x8000a670 (0x00006f17) auipc   t5, 0x6
core   0: 3 0x8000a670 (0x00006f17) x30 0x80010670
core   0: 0x8000a674 (0x983f2823) sw      gp, -1648(t5)
core   0: 3 0x8000a674 (0x983f2823) mem 0x80010000 0x00000001
core   0: 0x8000a678 (0x0000bfe5) c.j     pc - 8
core   0: 3 0x8000a678 (0xbfe5)
core   0: 0x8000a670 (0x00006f17) auipc   t5, 0x6
core   0: 3 0x8000a670 (0x00006f17) x30 0x80010670
core   0: 0x8000a674 (0x983f2823) sw      gp, -1648(t5)
core   0: 3 0x8000a674 (0x983f2823) mem 0x80010000 0x00000001
core   0: 0x8000a678 (0x0000bfe5) c.j     pc - 8
core   0: 3 0x8000a678 (0xbfe5)
core   0: 0x8000a670 (0x00006f17) auipc   t5, 0x6
core   0: 3 0x8000a670 (0x00006f17) x30 0x80010670
core   0: 0x8000a674 (0x983f2823) sw      gp, -1648(t5)
core   0: 3 0x8000a674 (0x983f2823) mem 0x80010000 0x00000001
core   0: 0x8000a678 (0x0000bfe5) c.j     pc - 8
core   0: 3 0x8000a678 (0xbfe5)
core   0: 0x8000a670 (0x00006f17) auipc   t5, 0x6
core   0: 3 0x8000a670 (0x00006f17) x30 0x80010670
core   0: 0x8000a674 (0x983f2823) sw      gp, -1648(t5)
core   0: 3 0x8000a674 (0x983f2823) mem 0x80010000 0x00000001
core   0: 0x8000a678 (0x0000bfe5) c.j     pc - 8
core   0: 3 0x8000a678 (0xbfe5)
core   0: 0x8000a670 (0x00006f17) auipc   t5, 0x6
core   0: 3 0x8000a670 (0x00006f17) x30 0x80010670
core   0: 0x8000a674 (0x983f2823) sw      gp, -1648(t5)
core   0: 3 0x8000a674 (0x983f2823) mem 0x80010000 0x00000001
core   0: 0x8000a678 (0x0000bfe5) c.j     pc - 8
core   0: 3 0x8000a678 (0xbfe5)
core   0: 0x8000a670 (0x00006f17) auipc   t5, 0x6
core   0: 3 0x8000a670 (0x00006f17) x30 0x80010670
core   0: 0x8000a674 (0x983f2823) sw      gp, -1648(t5)
core   0: 3 0x8000a674 (0x983f2823) mem 0x80010000 0x00000001
core   0: 0x8000a678 (0x0000bfe5) c.j     pc - 8
core   0: 3 0x8000a678 (0xbfe5)
core   0: 0x8000a670 (0x00006f17) auipc   t5, 0x6
core   0: 3 0x8000a670 (0x00006f17) x30 0x80010670
core   0: 0x8000a674 (0x983f2823) sw      gp, -1648(t5)
core   0: 3 0x8000a674 (0x983f2823) mem 0x80010000 0x00000001
core   0: 0x8000a678 (0x0000bfe5) c.j     pc - 8
core   0: 3 0x8000a678 (0xbfe5)
core   0: 0x8000a670 (0x00006f17) auipc   t5, 0x6
core   0: 3 0x8000a670 (0x00006f17) x30 0x80010670
core   0: 0x8000a674 (0x983f2823) sw      gp, -1648(t5)
core   0: 3 0x8000a674 (0x983f2823) mem 0x80010000 0x00000001
core   0: 0x8000a678 (0x0000bfe5) c.j     pc - 8
core   0: 3 0x8000a678 (0xbfe5)
core   0: 0x8000a670 (0x00006f17) auipc   t5, 0x6
core   0: 3 0x8000a670 (0x00006f17) x30 0x80010670
core   0: 0x8000a674 (0x983f2823) sw      gp, -1648(t5)
core   0: 3 0x8000a674 (0x983f2823) mem 0x80010000 0x00000001
core   0: 0x8000a678 (0x0000bfe5) c.j     pc - 8
core   0: 3 0x8000a678 (0xbfe5)
core   0: 0x8000a670 (0x00006f17) auipc   t5, 0x6
core   0: 3 0x8000a670 (0x00006f17) x30 0x80010670
core   0: 0x8000a674 (0x983f2823) sw      gp, -1648(t5)
core   0: 3 0x8000a674 (0x983f2823) mem 0x80010000 0x00000001
core   0: 0x8000a678 (0x0000bfe5) c.j     pc - 8
core   0: 3 0x8000a678 (0xbfe5)
core   0: 0x8000a670 (0x00006f17) auipc   t5, 0x6
core   0: 3 0x8000a670 (0x00006f17) x30 0x80010670
core   0: 0x8000a674 (0x983f2823) sw      gp, -1648(t5)
core   0: 3 0x8000a674 (0x983f2823) mem 0x80010000 0x00000001
core   0: 0x8000a678 (0x0000bfe5) c.j     pc - 8
core   0: 3 0x8000a678 (0xbfe5)
core   0: 0x8000a670 (0x00006f17) auipc   t5, 0x6
core   0: 3 0x8000a670 (0x00006f17) x30 0x80010670
core   0: 0x8000a674 (0x983f2823) sw      gp, -1648(t5)
core   0: 3 0x8000a674 (0x983f2823) mem 0x80010000 0x00000001
core   0: 0x8000a678 (0x0000bfe5) c.j     pc - 8
core   0: 3 0x8000a678 (0xbfe5)
core   0: 0x8000a670 (0x00006f17) auipc   t5, 0x6
core   0: 3 0x8000a670 (0x00006f17) x30 0x80010670
core   0: 0x8000a674 (0x983f2823) sw      gp, -1648(t5)
core   0: 3 0x8000a674 (0x983f2823) mem 0x80010000 0x00000001
core   0: 0x8000a678 (0x0000bfe5) c.j     pc - 8
core   0: 3 0x8000a678 (0xbfe5)
core   0: 0x8000a670 (0x00006f17) auipc   t5, 0x6
core   0: 3 0x8000a670 (0x00006f17) x30 0x80010670
core   0: 0x8000a674 (0x983f2823) sw      gp, -1648(t5)
core   0: 3 0x8000a674 (0x983f2823) mem 0x80010000 0x00000001
core   0: 0x8000a678 (0x0000bfe5) c.j     pc - 8
core   0: 3 0x8000a678 (0xbfe5)
core   0: 0x8000a670 (0x00006f17) auipc   t5, 0x6
core   0: 3 0x8000a670 (0x00006f17) x30 0x80010670
core   0: 0x8000a674 (0x983f2823) sw      gp, -1648(t5)
core   0: 3 0x8000a674 (0x983f2823) mem 0x80010000 0x00000001
core   0: 0x8000a678 (0x0000bfe5) c.j     pc - 8
core   0: 3 0x8000a678 (0xbfe5)
core   0: 0x8000a670 (0x00006f17) auipc   t5, 0x6
core   0: 3 0x8000a670 (0x00006f17) x30 0x80010670
core   0: 0x8000a674 (0x983f2823) sw      gp, -1648(t5)
core   0: 3 0x8000a674 (0x983f2823) mem 0x80010000 0x00000001
core   0: 0x8000a678 (0x0000bfe5) c.j     pc - 8
core   0: 3 0x8000a678 (0xbfe5)
core   0: 0x8000a670 (0x00006f17) auipc   t5, 0x6
core   0: 3 0x8000a670 (0x00006f17) x30 0x80010670
core   0: 0x8000a674 (0x983f2823) sw      gp, -1648(t5)
core   0: 3 0x8000a674 (0x983f2823) mem 0x80010000 0x00000001
core   0: 0x8000a678 (0x0000bfe5) c.j     pc - 8
core   0: 3 0x8000a678 (0xbfe5)
core   0: 0x8000a670 (0x00006f17) auipc   t5, 0x6
core   0: 3 0x8000a670 (0x00006f17) x30 0x80010670
core   0: 0x8000a674 (0x983f2823) sw      gp, -1648(t5)
core   0: 3 0x8000a674 (0x983f2823) mem 0x80010000 0x00000001
core   0: 0x8000a678 (0x0000bfe5) c.j     pc - 8
core   0: 3 0x8000a678 (0xbfe5)
core   0: 0x8000a670 (0x00006f17) auipc   t5, 0x6
core   0: 3 0x8000a670 (0x00006f17) x30 0x80010670
core   0: 0x8000a674 (0x983f2823) sw      gp, -1648(t5)
core   0: 3 0x8000a674 (0x983f2823) mem 0x80010000 0x00000001
core   0: 0x8000a678 (0x0000bfe5) c.j     pc - 8
core   0: 3 0x8000a678 (0xbfe5)
core   0: 0x8000a670 (0x00006f17) auipc   t5, 0x6
core   0: 3 0x8000a670 (0x00006f17) x30 0x80010670
core   0: 0x8000a674 (0x983f2823) sw      gp, -1648(t5)
core   0: 3 0x8000a674 (0x983f2823) mem 0x80010000 0x00000001
core   0: 0x8000a678 (0x0000bfe5) c.j     pc - 8
core   0: 3 0x8000a678 (0xbfe5)
core   0: 0x8000a670 (0x00006f17) auipc   t5, 0x6
core   0: 3 0x8000a670 (0x00006f17) x30 0x80010670
core   0: 0x8000a674 (0x983f2823) sw      gp, -1648(t5)
core   0: 3 0x8000a674 (0x983f2823) mem 0x80010000 0x00000001
core   0: 0x8000a678 (0x0000bfe5) c.j     pc - 8
core   0: 3 0x8000a678 (0xbfe5)
core   0: 0x8000a670 (0x00006f17) auipc   t5, 0x6
core   0: 3 0x8000a670 (0x00006f17) x30 0x80010670
core   0: 0x8000a674 (0x983f2823) sw      gp, -1648(t5)
core   0: 3 0x8000a674 (0x983f2823) mem 0x80010000 0x00000001
core   0: 0x8000a678 (0x0000bfe5) c.j     pc - 8
core   0: 3 0x8000a678 (0xbfe5)
core   0: 0x8000a670 (0x00006f17) auipc   t5, 0x6
core   0: 3 0x8000a670 (0x00006f17) x30 0x80010670
core   0: 0x8000a674 (0x983f2823) sw      gp, -1648(t5)
core   0: 3 0x8000a674 (0x983f2823) mem 0x80010000 0x00000001
core   0: 0x8000a678 (0x0000bfe5) c.j     pc - 8
core   0: 3 0x8000a678 (0xbfe5)
core   0: 0x8000a670 (0x00006f17) auipc   t5, 0x6
core   0: 3 0x8000a670 (0x00006f17) x30 0x80010670
core   0: 0x8000a674 (0x983f2823) sw      gp, -1648(t5)
core   0: 3 0x8000a674 (0x983f2823) mem 0x80010000 0x00000001
core   0: 0x8000a678 (0x0000bfe5) c.j     pc - 8
core   0: 3 0x8000a678 (0xbfe5)
core   0: 0x8000a670 (0x00006f17) auipc   t5, 0x6
core   0: 3 0x8000a670 (0x00006f17) x30 0x80010670
core   0: 0x8000a674 (0x983f2823) sw      gp, -1648(t5)
core   0: 3 0x8000a674 (0x983f2823) mem 0x80010000 0x00000001
core   0: 0x8000a678 (0x0000bfe5) c.j     pc - 8
core   0: 3 0x8000a678 (0xbfe5)
core   0: 0x8000a670 (0x00006f17) auipc   t5, 0x6
core   0: 3 0x8000a670 (0x00006f17) x30 0x80010670
core   0: 0x8000a674 (0x983f2823) sw      gp, -1648(t5)
core   0: 3 0x8000a674 (0x983f2823) mem 0x80010000 0x00000001
core   0: 0x8000a678 (0x0000bfe5) c.j     pc - 8
core   0: 3 0x8000a678 (0xbfe5)
core   0: 0x8000a670 (0x00006f17) auipc   t5, 0x6
core   0: 3 0x8000a670 (0x00006f17) x30 0x80010670
core   0: 0x8000a674 (0x983f2823) sw      gp, -1648(t5)
core   0: 3 0x8000a674 (0x983f2823) mem 0x80010000 0x00000001
core   0: 0x8000a678 (0x0000bfe5) c.j     pc - 8
core   0: 3 0x8000a678 (0xbfe5)
core   0: 0x8000a670 (0x00006f17) auipc   t5, 0x6
core   0: 3 0x8000a670 (0x00006f17) x30 0x80010670
core   0: 0x8000a674 (0x983f2823) sw      gp, -1648(t5)
core   0: 3 0x8000a674 (0x983f2823) mem 0x80010000 0x00000001
core   0: 0x8000a678 (0x0000bfe5) c.j     pc - 8
core   0: 3 0x8000a678 (0xbfe5)
core   0: 0x8000a670 (0x00006f17) auipc   t5, 0x6
core   0: 3 0x8000a670 (0x00006f17) x30 0x80010670
core   0: 0x8000a674 (0x983f2823) sw      gp, -1648(t5)
core   0: 3 0x8000a674 (0x983f2823) mem 0x80010000 0x00000001
core   0: 0x8000a678 (0x0000bfe5) c.j     pc - 8
core   0: 3 0x8000a678 (0xbfe5)
core   0: 0x8000a670 (0x00006f17) auipc   t5, 0x6
core   0: 3 0x8000a670 (0x00006f17) x30 0x80010670
core   0: 0x8000a674 (0x983f2823) sw      gp, -1648(t5)
core   0: 3 0x8000a674 (0x983f2823) mem 0x80010000 0x00000001
core   0: 0x8000a678 (0x0000bfe5) c.j     pc - 8
core   0: 3 0x8000a678 (0xbfe5)
core   0: 0x8000a670 (0x00006f17) auipc   t5, 0x6
core   0: 3 0x8000a670 (0x00006f17) x30 0x80010670
core   0: 0x8000a674 (0x983f2823) sw      gp, -1648(t5)
core   0: 3 0x8000a674 (0x983f2823) mem 0x80010000 0x00000001
core   0: 0x8000a678 (0x0000bfe5) c.j     pc - 8
core   0: 3 0x8000a678 (0xbfe5)
core   0: 0x8000a670 (0x00006f17) auipc   t5, 0x6
core   0: 3 0x8000a670 (0x00006f17) x30 0x80010670
core   0: 0x8000a674 (0x983f2823) sw      gp, -1648(t5)
core   0: 3 0x8000a674 (0x983f2823) mem 0x80010000 0x00000001
core   0: 0x8000a678 (0x0000bfe5) c.j     pc - 8
core   0: 3 0x8000a678 (0xbfe5)
core   0: 0x8000a670 (0x00006f17) auipc   t5, 0x6
core   0: 3 0x8000a670 (0x00006f17) x30 0x80010670
core   0: 0x8000a674 (0x983f2823) sw      gp, -1648(t5)
core   0: 3 0x8000a674 (0x983f2823) mem 0x80010000 0x00000001
core   0: 0x8000a678 (0x0000bfe5) c.j     pc - 8
core   0: 3 0x8000a678 (0xbfe5)
core   0: 0x8000a670 (0x00006f17) auipc   t5, 0x6
core   0: 3 0x8000a670 (0x00006f17) x30 0x80010670
core   0: 0x8000a674 (0x983f2823) sw      gp, -1648(t5)
core   0: 3 0x8000a674 (0x983f2823) mem 0x80010000 0x00000001
core   0: 0x8000a678 (0x0000bfe5) c.j     pc - 8
core   0: 3 0x8000a678 (0xbfe5)
core   0: 0x8000a670 (0x00006f17) auipc   t5, 0x6
core   0: 3 0x8000a670 (0x00006f17) x30 0x80010670
core   0: 0x8000a674 (0x983f2823) sw      gp, -1648(t5)
core   0: 3 0x8000a674 (0x983f2823) mem 0x80010000 0x00000001
core   0: 0x8000a678 (0x0000bfe5) c.j     pc - 8
core   0: 3 0x8000a678 (0xbfe5)
core   0: 0x8000a670 (0x00006f17) auipc   t5, 0x6
core   0: 3 0x8000a670 (0x00006f17) x30 0x80010670
core   0: 0x8000a674 (0x983f2823) sw      gp, -1648(t5)
core   0: 3 0x8000a674 (0x983f2823) mem 0x80010000 0x00000001
core   0: 0x8000a678 (0x0000bfe5) c.j     pc - 8
core   0: 3 0x8000a678 (0xbfe5)
core   0: 0x8000a670 (0x00006f17) auipc   t5, 0x6
core   0: 3 0x8000a670 (0x00006f17) x30 0x80010670
core   0: 0x8000a674 (0x983f2823) sw      gp, -1648(t5)
core   0: 3 0x8000a674 (0x983f2823) mem 0x80010000 0x00000001
core   0: 0x8000a678 (0x0000bfe5) c.j     pc - 8
core   0: 3 0x8000a678 (0xbfe5)
core   0: 0x8000a670 (0x00006f17) auipc   t5, 0x6
core   0: 3 0x8000a670 (0x00006f17) x30 0x80010670
core   0: 0x8000a674 (0x983f2823) sw      gp, -1648(t5)
core   0: 3 0x8000a674 (0x983f2823) mem 0x80010000 0x00000001
core   0: 0x8000a678 (0x0000bfe5) c.j     pc - 8
core   0: 3 0x8000a678 (0xbfe5)
core   0: 0x8000a670 (0x00006f17) auipc   t5, 0x6
core   0: 3 0x8000a670 (0x00006f17) x30 0x80010670
core   0: 0x8000a674 (0x983f2823) sw      gp, -1648(t5)
core   0: 3 0x8000a674 (0x983f2823) mem 0x80010000 0x00000001
core   0: 0x8000a678 (0x0000bfe5) c.j     pc - 8
core   0: 3 0x8000a678 (0xbfe5)
core   0: 0x8000a670 (0x00006f17) auipc   t5, 0x6
core   0: 3 0x8000a670 (0x00006f17) x30 0x80010670
core   0: 0x8000a674 (0x983f2823) sw      gp, -1648(t5)
core   0: 3 0x8000a674 (0x983f2823) mem 0x80010000 0x00000001
core   0: 0x8000a678 (0x0000bfe5) c.j     pc - 8
core   0: 3 0x8000a678 (0xbfe5)
core   0: 0x8000a670 (0x00006f17) auipc   t5, 0x6
core   0: 3 0x8000a670 (0x00006f17) x30 0x80010670
core   0: 0x8000a674 (0x983f2823) sw      gp, -1648(t5)
core   0: 3 0x8000a674 (0x983f2823) mem 0x80010000 0x00000001
core   0: 0x8000a678 (0x0000bfe5) c.j     pc - 8
core   0: 3 0x8000a678 (0xbfe5)
core   0: 0x8000a670 (0x00006f17) auipc   t5, 0x6
core   0: 3 0x8000a670 (0x00006f17) x30 0x80010670
core   0: 0x8000a674 (0x983f2823) sw      gp, -1648(t5)
core   0: 3 0x8000a674 (0x983f2823) mem 0x80010000 0x00000001
core   0: 0x8000a678 (0x0000bfe5) c.j     pc - 8
core   0: 3 0x8000a678 (0xbfe5)
core   0: 0x8000a670 (0x00006f17) auipc   t5, 0x6
core   0: 3 0x8000a670 (0x00006f17) x30 0x80010670
core   0: 0x8000a674 (0x983f2823) sw      gp, -1648(t5)
core   0: 3 0x8000a674 (0x983f2823) mem 0x80010000 0x00000001
core   0: 0x8000a678 (0x0000bfe5) c.j     pc - 8
core   0: 3 0x8000a678 (0xbfe5)
core   0: 0x8000a670 (0x00006f17) auipc   t5, 0x6
core   0: 3 0x8000a670 (0x00006f17) x30 0x80010670
core   0: 0x8000a674 (0x983f2823) sw      gp, -1648(t5)
core   0: 3 0x8000a674 (0x983f2823) mem 0x80010000 0x00000001
core   0: 0x8000a678 (0x0000bfe5) c.j     pc - 8
core   0: 3 0x8000a678 (0xbfe5)
core   0: 0x8000a670 (0x00006f17) auipc   t5, 0x6
core   0: 3 0x8000a670 (0x00006f17) x30 0x80010670
core   0: 0x8000a674 (0x983f2823) sw      gp, -1648(t5)
core   0: 3 0x8000a674 (0x983f2823) mem 0x80010000 0x00000001
core   0: 0x8000a678 (0x0000bfe5) c.j     pc - 8
core   0: 3 0x8000a678 (0xbfe5)
core   0: 0x8000a670 (0x00006f17) auipc   t5, 0x6
core   0: 3 0x8000a670 (0x00006f17) x30 0x80010670
core   0: 0x8000a674 (0x983f2823) sw      gp, -1648(t5)
core   0: 3 0x8000a674 (0x983f2823) mem 0x80010000 0x00000001
core   0: 0x8000a678 (0x0000bfe5) c.j     pc - 8
core   0: 3 0x8000a678 (0xbfe5)
core   0: 0x8000a670 (0x00006f17) auipc   t5, 0x6
core   0: 3 0x8000a670 (0x00006f17) x30 0x80010670
core   0: 0x8000a674 (0x983f2823) sw      gp, -1648(t5)
core   0: 3 0x8000a674 (0x983f2823) mem 0x80010000 0x00000001
core   0: 0x8000a678 (0x0000bfe5) c.j     pc - 8
core   0: 3 0x8000a678 (0xbfe5)
core   0: 0x8000a670 (0x00006f17) auipc   t5, 0x6
core   0: 3 0x8000a670 (0x00006f17) x30 0x80010670
core   0: 0x8000a674 (0x983f2823) sw      gp, -1648(t5)
core   0: 3 0x8000a674 (0x983f2823) mem 0x80010000 0x00000001
core   0: 0x8000a678 (0x0000bfe5) c.j     pc - 8
core   0: 3 0x8000a678 (0xbfe5)
core   0: 0x8000a670 (0x00006f17) auipc   t5, 0x6
core   0: 3 0x8000a670 (0x00006f17) x30 0x80010670
core   0: 0x8000a674 (0x983f2823) sw      gp, -1648(t5)
core   0: 3 0x8000a674 (0x983f2823) mem 0x80010000 0x00000001
core   0: 0x8000a678 (0x0000bfe5) c.j     pc - 8
core   0: 3 0x8000a678 (0xbfe5)
core   0: 0x8000a670 (0x00006f17) auipc   t5, 0x6
core   0: 3 0x8000a670 (0x00006f17) x30 0x80010670
core   0: 0x8000a674 (0x983f2823) sw      gp, -1648(t5)
core   0: 3 0x8000a674 (0x983f2823) mem 0x80010000 0x00000001
core   0: 0x8000a678 (0x0000bfe5) c.j     pc - 8
core   0: 3 0x8000a678 (0xbfe5)
core   0: 0x8000a670 (0x00006f17) auipc   t5, 0x6
core   0: 3 0x8000a670 (0x00006f17) x30 0x80010670
core   0: 0x8000a674 (0x983f2823) sw      gp, -1648(t5)
core   0: 3 0x8000a674 (0x983f2823) mem 0x80010000 0x00000001
core   0: 0x8000a678 (0x0000bfe5) c.j     pc - 8
core   0: 3 0x8000a678 (0xbfe5)
core   0: 0x8000a670 (0x00006f17) auipc   t5, 0x6
core   0: 3 0x8000a670 (0x00006f17) x30 0x80010670
core   0: 0x8000a674 (0x983f2823) sw      gp, -1648(t5)
core   0: 3 0x8000a674 (0x983f2823) mem 0x80010000 0x00000001
core   0: 0x8000a678 (0x0000bfe5) c.j     pc - 8
core   0: 3 0x8000a678 (0xbfe5)
core   0: 0x8000a670 (0x00006f17) auipc   t5, 0x6
core   0: 3 0x8000a670 (0x00006f17) x30 0x80010670
core   0: 0x8000a674 (0x983f2823) sw      gp, -1648(t5)
core   0: 3 0x8000a674 (0x983f2823) mem 0x80010000 0x00000001
core   0: 0x8000a678 (0x0000bfe5) c.j     pc - 8
core   0: 3 0x8000a678 (0xbfe5)
core   0: 0x8000a670 (0x00006f17) auipc   t5, 0x6
core   0: 3 0x8000a670 (0x00006f17) x30 0x80010670
core   0: 0x8000a674 (0x983f2823) sw      gp, -1648(t5)
core   0: 3 0x8000a674 (0x983f2823) mem 0x80010000 0x00000001
core   0: 0x8000a678 (0x0000bfe5) c.j     pc - 8
core   0: 3 0x8000a678 (0xbfe5)
core   0: 0x8000a670 (0x00006f17) auipc   t5, 0x6
core   0: 3 0x8000a670 (0x00006f17) x30 0x80010670
core   0: 0x8000a674 (0x983f2823) sw      gp, -1648(t5)
core   0: 3 0x8000a674 (0x983f2823) mem 0x80010000 0x00000001
core   0: 0x8000a678 (0x0000bfe5) c.j     pc - 8
core   0: 3 0x8000a678 (0xbfe5)
core   0: 0x8000a670 (0x00006f17) auipc   t5, 0x6
core   0: 3 0x8000a670 (0x00006f17) x30 0x80010670
core   0: 0x8000a674 (0x983f2823) sw      gp, -1648(t5)
core   0: 3 0x8000a674 (0x983f2823) mem 0x80010000 0x00000001
core   0: 0x8000a678 (0x0000bfe5) c.j     pc - 8
core   0: 3 0x8000a678 (0xbfe5)
core   0: 0x8000a670 (0x00006f17) auipc   t5, 0x6
core   0: 3 0x8000a670 (0x00006f17) x30 0x80010670
core   0: 0x8000a674 (0x983f2823) sw      gp, -1648(t5)
core   0: 3 0x8000a674 (0x983f2823) mem 0x80010000 0x00000001
core   0: 0x8000a678 (0x0000bfe5) c.j     pc - 8
core   0: 3 0x8000a678 (0xbfe5)
core   0: 0x8000a670 (0x00006f17) auipc   t5, 0x6
core   0: 3 0x8000a670 (0x00006f17) x30 0x80010670
core   0: 0x8000a674 (0x983f2823) sw      gp, -1648(t5)
core   0: 3 0x8000a674 (0x983f2823) mem 0x80010000 0x00000001
core   0: 0x8000a678 (0x0000bfe5) c.j     pc - 8
core   0: 3 0x8000a678 (0xbfe5)
core   0: 0x8000a670 (0x00006f17) auipc   t5, 0x6
core   0: 3 0x8000a670 (0x00006f17) x30 0x80010670
core   0: 0x8000a674 (0x983f2823) sw      gp, -1648(t5)
core   0: 3 0x8000a674 (0x983f2823) mem 0x80010000 0x00000001
core   0: 0x8000a678 (0x0000bfe5) c.j     pc - 8
core   0: 3 0x8000a678 (0xbfe5)
core   0: 0x8000a670 (0x00006f17) auipc   t5, 0x6
core   0: 3 0x8000a670 (0x00006f17) x30 0x80010670
core   0: 0x8000a674 (0x983f2823) sw      gp, -1648(t5)
core   0: 3 0x8000a674 (0x983f2823) mem 0x80010000 0x00000001
core   0: 0x8000a678 (0x0000bfe5) c.j     pc - 8
core   0: 3 0x8000a678 (0xbfe5)
core   0: 0x8000a670 (0x00006f17) auipc   t5, 0x6
core   0: 3 0x8000a670 (0x00006f17) x30 0x80010670
core   0: 0x8000a674 (0x983f2823) sw      gp, -1648(t5)
core   0: 3 0x8000a674 (0x983f2823) mem 0x80010000 0x00000001
core   0: 0x8000a678 (0x0000bfe5) c.j     pc - 8
core   0: 3 0x8000a678 (0xbfe5)
core   0: 0x8000a670 (0x00006f17) auipc   t5, 0x6
core   0: 3 0x8000a670 (0x00006f17) x30 0x80010670
core   0: 0x8000a674 (0x983f2823) sw      gp, -1648(t5)
core   0: 3 0x8000a674 (0x983f2823) mem 0x80010000 0x00000001
core   0: 0x8000a678 (0x0000bfe5) c.j     pc - 8
core   0: 3 0x8000a678 (0xbfe5)
core   0: 0x8000a670 (0x00006f17) auipc   t5, 0x6
core   0: 3 0x8000a670 (0x00006f17) x30 0x80010670
core   0: 0x8000a674 (0x983f2823) sw      gp, -1648(t5)
core   0: 3 0x8000a674 (0x983f2823) mem 0x80010000 0x00000001
core   0: 0x8000a678 (0x0000bfe5) c.j     pc - 8
core   0: 3 0x8000a678 (0xbfe5)
core   0: 0x8000a670 (0x00006f17) auipc   t5, 0x6
core   0: 3 0x8000a670 (0x00006f17) x30 0x80010670
core   0: 0x8000a674 (0x983f2823) sw      gp, -1648(t5)
core   0: 3 0x8000a674 (0x983f2823) mem 0x80010000 0x00000001
core   0: 0x8000a678 (0x0000bfe5) c.j     pc - 8
core   0: 3 0x8000a678 (0xbfe5)
core   0: 0x8000a670 (0x00006f17) auipc   t5, 0x6
core   0: 3 0x8000a670 (0x00006f17) x30 0x80010670
core   0: 0x8000a674 (0x983f2823) sw      gp, -1648(t5)
core   0: 3 0x8000a674 (0x983f2823) mem 0x80010000 0x00000001
core   0: 0x8000a678 (0x0000bfe5) c.j     pc - 8
core   0: 3 0x8000a678 (0xbfe5)
core   0: 0x8000a670 (0x00006f17) auipc   t5, 0x6
core   0: 3 0x8000a670 (0x00006f17) x30 0x80010670
core   0: 0x8000a674 (0x983f2823) sw      gp, -1648(t5)
core   0: 3 0x8000a674 (0x983f2823) mem 0x80010000 0x00000001
core   0: 0x8000a678 (0x0000bfe5) c.j     pc - 8
core   0: 3 0x8000a678 (0xbfe5)
core   0: 0x8000a670 (0x00006f17) auipc   t5, 0x6
core   0: 3 0x8000a670 (0x00006f17) x30 0x80010670
core   0: 0x8000a674 (0x983f2823) sw      gp, -1648(t5)
core   0: 3 0x8000a674 (0x983f2823) mem 0x80010000 0x00000001
core   0: 0x8000a678 (0x0000bfe5) c.j     pc - 8
core   0: 3 0x8000a678 (0xbfe5)
core   0: 0x8000a670 (0x00006f17) auipc   t5, 0x6
core   0: 3 0x8000a670 (0x00006f17) x30 0x80010670
core   0: 0x8000a674 (0x983f2823) sw      gp, -1648(t5)
core   0: 3 0x8000a674 (0x983f2823) mem 0x80010000 0x00000001
core   0: 0x8000a678 (0x0000bfe5) c.j     pc - 8
core   0: 3 0x8000a678 (0xbfe5)
core   0: 0x8000a670 (0x00006f17) auipc   t5, 0x6
core   0: 3 0x8000a670 (0x00006f17) x30 0x80010670
core   0: 0x8000a674 (0x983f2823) sw      gp, -1648(t5)
core   0: 3 0x8000a674 (0x983f2823) mem 0x80010000 0x00000001
core   0: 0x8000a678 (0x0000bfe5) c.j     pc - 8
core   0: 3 0x8000a678 (0xbfe5)
core   0: 0x8000a670 (0x00006f17) auipc   t5, 0x6
core   0: 3 0x8000a670 (0x00006f17) x30 0x80010670
core   0: 0x8000a674 (0x983f2823) sw      gp, -1648(t5)
core   0: 3 0x8000a674 (0x983f2823) mem 0x80010000 0x00000001
core   0: 0x8000a678 (0x0000bfe5) c.j     pc - 8
core   0: 3 0x8000a678 (0xbfe5)
core   0: 0x8000a670 (0x00006f17) auipc   t5, 0x6
core   0: 3 0x8000a670 (0x00006f17) x30 0x80010670
core   0: 0x8000a674 (0x983f2823) sw      gp, -1648(t5)
core   0: 3 0x8000a674 (0x983f2823) mem 0x80010000 0x00000001
core   0: 0x8000a678 (0x0000bfe5) c.j     pc - 8
core   0: 3 0x8000a678 (0xbfe5)
core   0: 0x8000a670 (0x00006f17) auipc   t5, 0x6
core   0: 3 0x8000a670 (0x00006f17) x30 0x80010670
core   0: 0x8000a674 (0x983f2823) sw      gp, -1648(t5)
core   0: 3 0x8000a674 (0x983f2823) mem 0x80010000 0x00000001
core   0: 0x8000a678 (0x0000bfe5) c.j     pc - 8
core   0: 3 0x8000a678 (0xbfe5)
core   0: 0x8000a670 (0x00006f17) auipc   t5, 0x6
core   0: 3 0x8000a670 (0x00006f17) x30 0x80010670
core   0: 0x8000a674 (0x983f2823) sw      gp, -1648(t5)
core   0: 3 0x8000a674 (0x983f2823) mem 0x80010000 0x00000001
core   0: 0x8000a678 (0x0000bfe5) c.j     pc - 8
core   0: 3 0x8000a678 (0xbfe5)
core   0: 0x8000a670 (0x00006f17) auipc   t5, 0x6
core   0: 3 0x8000a670 (0x00006f17) x30 0x80010670
core   0: 0x8000a674 (0x983f2823) sw      gp, -1648(t5)
core   0: 3 0x8000a674 (0x983f2823) mem 0x80010000 0x00000001
core   0: 0x8000a678 (0x0000bfe5) c.j     pc - 8
core   0: 3 0x8000a678 (0xbfe5)
core   0: 0x8000a670 (0x00006f17) auipc   t5, 0x6
core   0: 3 0x8000a670 (0x00006f17) x30 0x80010670
core   0: 0x8000a674 (0x983f2823) sw      gp, -1648(t5)
core   0: 3 0x8000a674 (0x983f2823) mem 0x80010000 0x00000001
core   0: 0x8000a678 (0x0000bfe5) c.j     pc - 8
core   0: 3 0x8000a678 (0xbfe5)
core   0: 0x8000a670 (0x00006f17) auipc   t5, 0x6
core   0: 3 0x8000a670 (0x00006f17) x30 0x80010670
core   0: 0x8000a674 (0x983f2823) sw      gp, -1648(t5)
core   0: 3 0x8000a674 (0x983f2823) mem 0x80010000 0x00000001
core   0: 0x8000a678 (0x0000bfe5) c.j     pc - 8
core   0: 3 0x8000a678 (0xbfe5)
core   0: 0x8000a670 (0x00006f17) auipc   t5, 0x6
core   0: 3 0x8000a670 (0x00006f17) x30 0x80010670
core   0: 0x8000a674 (0x983f2823) sw      gp, -1648(t5)
core   0: 3 0x8000a674 (0x983f2823) mem 0x80010000 0x00000001
core   0: 0x8000a678 (0x0000bfe5) c.j     pc - 8
core   0: 3 0x8000a678 (0xbfe5)
core   0: 0x8000a670 (0x00006f17) auipc   t5, 0x6
core   0: 3 0x8000a670 (0x00006f17) x30 0x80010670
core   0: 0x8000a674 (0x983f2823) sw      gp, -1648(t5)
core   0: 3 0x8000a674 (0x983f2823) mem 0x80010000 0x00000001
core   0: 0x8000a678 (0x0000bfe5) c.j     pc - 8
core   0: 3 0x8000a678 (0xbfe5)
core   0: 0x8000a670 (0x00006f17) auipc   t5, 0x6
core   0: 3 0x8000a670 (0x00006f17) x30 0x80010670
core   0: 0x8000a674 (0x983f2823) sw      gp, -1648(t5)
core   0: 3 0x8000a674 (0x983f2823) mem 0x80010000 0x00000001
core   0: 0x8000a678 (0x0000bfe5) c.j     pc - 8
core   0: 3 0x8000a678 (0xbfe5)
core   0: 0x8000a670 (0x00006f17) auipc   t5, 0x6
core   0: 3 0x8000a670 (0x00006f17) x30 0x80010670
core   0: 0x8000a674 (0x983f2823) sw      gp, -1648(t5)
core   0: 3 0x8000a674 (0x983f2823) mem 0x80010000 0x00000001
core   0: 0x8000a678 (0x0000bfe5) c.j     pc - 8
core   0: 3 0x8000a678 (0xbfe5)
core   0: 0x8000a670 (0x00006f17) auipc   t5, 0x6
core   0: 3 0x8000a670 (0x00006f17) x30 0x80010670
core   0: 0x8000a674 (0x983f2823) sw      gp, -1648(t5)
core   0: 3 0x8000a674 (0x983f2823) mem 0x80010000 0x00000001
core   0: 0x8000a678 (0x0000bfe5) c.j     pc - 8
core   0: 3 0x8000a678 (0xbfe5)
core   0: 0x8000a670 (0x00006f17) auipc   t5, 0x6
core   0: 3 0x8000a670 (0x00006f17) x30 0x80010670
core   0: 0x8000a674 (0x983f2823) sw      gp, -1648(t5)
core   0: 3 0x8000a674 (0x983f2823) mem 0x80010000 0x00000001
core   0: 0x8000a678 (0x0000bfe5) c.j     pc - 8
core   0: 3 0x8000a678 (0xbfe5)
core   0: 0x8000a670 (0x00006f17) auipc   t5, 0x6
core   0: 3 0x8000a670 (0x00006f17) x30 0x80010670
core   0: 0x8000a674 (0x983f2823) sw      gp, -1648(t5)
core   0: 3 0x8000a674 (0x983f2823) mem 0x80010000 0x00000001
core   0: 0x8000a678 (0x0000bfe5) c.j     pc - 8
core   0: 3 0x8000a678 (0xbfe5)
core   0: 0x8000a670 (0x00006f17) auipc   t5, 0x6
core   0: 3 0x8000a670 (0x00006f17) x30 0x80010670
core   0: 0x8000a674 (0x983f2823) sw      gp, -1648(t5)
core   0: 3 0x8000a674 (0x983f2823) mem 0x80010000 0x00000001
core   0: 0x8000a678 (0x0000bfe5) c.j     pc - 8
core   0: 3 0x8000a678 (0xbfe5)
core   0: 0x8000a670 (0x00006f17) auipc   t5, 0x6
core   0: 3 0x8000a670 (0x00006f17) x30 0x80010670
core   0: 0x8000a674 (0x983f2823) sw      gp, -1648(t5)
core   0: 3 0x8000a674 (0x983f2823) mem 0x80010000 0x00000001
core   0: 0x8000a678 (0x0000bfe5) c.j     pc - 8
core   0: 3 0x8000a678 (0xbfe5)
core   0: 0x8000a670 (0x00006f17) auipc   t5, 0x6
core   0: 3 0x8000a670 (0x00006f17) x30 0x80010670
core   0: 0x8000a674 (0x983f2823) sw      gp, -1648(t5)
core   0: 3 0x8000a674 (0x983f2823) mem 0x80010000 0x00000001
core   0: 0x8000a678 (0x0000bfe5) c.j     pc - 8
core   0: 3 0x8000a678 (0xbfe5)
core   0: 0x8000a670 (0x00006f17) auipc   t5, 0x6
core   0: 3 0x8000a670 (0x00006f17) x30 0x80010670
core   0: 0x8000a674 (0x983f2823) sw      gp, -1648(t5)
core   0: 3 0x8000a674 (0x983f2823) mem 0x80010000 0x00000001
core   0: 0x8000a678 (0x0000bfe5) c.j     pc - 8
core   0: 3 0x8000a678 (0xbfe5)
core   0: 0x8000a670 (0x00006f17) auipc   t5, 0x6
core   0: 3 0x8000a670 (0x00006f17) x30 0x80010670
core   0: 0x8000a674 (0x983f2823) sw      gp, -1648(t5)
core   0: 3 0x8000a674 (0x983f2823) mem 0x80010000 0x00000001
core   0: 0x8000a678 (0x0000bfe5) c.j     pc - 8
core   0: 3 0x8000a678 (0xbfe5)
core   0: 0x8000a670 (0x00006f17) auipc   t5, 0x6
core   0: 3 0x8000a670 (0x00006f17) x30 0x80010670
core   0: 0x8000a674 (0x983f2823) sw      gp, -1648(t5)
core   0: 3 0x8000a674 (0x983f2823) mem 0x80010000 0x00000001
core   0: 0x8000a678 (0x0000bfe5) c.j     pc - 8
core   0: 3 0x8000a678 (0xbfe5)
core   0: 0x8000a670 (0x00006f17) auipc   t5, 0x6
core   0: 3 0x8000a670 (0x00006f17) x30 0x80010670
core   0: 0x8000a674 (0x983f2823) sw      gp, -1648(t5)
core   0: 3 0x8000a674 (0x983f2823) mem 0x80010000 0x00000001
core   0: 0x8000a678 (0x0000bfe5) c.j     pc - 8
core   0: 3 0x8000a678 (0xbfe5)
core   0: 0x8000a670 (0x00006f17) auipc   t5, 0x6
core   0: 3 0x8000a670 (0x00006f17) x30 0x80010670
core   0: 0x8000a674 (0x983f2823) sw      gp, -1648(t5)
core   0: 3 0x8000a674 (0x983f2823) mem 0x80010000 0x00000001
core   0: 0x8000a678 (0x0000bfe5) c.j     pc - 8
core   0: 3 0x8000a678 (0xbfe5)
core   0: 0x8000a670 (0x00006f17) auipc   t5, 0x6
core   0: 3 0x8000a670 (0x00006f17) x30 0x80010670
core   0: 0x8000a674 (0x983f2823) sw      gp, -1648(t5)
core   0: 3 0x8000a674 (0x983f2823) mem 0x80010000 0x00000001
core   0: 0x8000a678 (0x0000bfe5) c.j     pc - 8
core   0: 3 0x8000a678 (0xbfe5)
core   0: 0x8000a670 (0x00006f17) auipc   t5, 0x6
core   0: 3 0x8000a670 (0x00006f17) x30 0x80010670
core   0: 0x8000a674 (0x983f2823) sw      gp, -1648(t5)
core   0: 3 0x8000a674 (0x983f2823) mem 0x80010000 0x00000001
core   0: 0x8000a678 (0x0000bfe5) c.j     pc - 8
core   0: 3 0x8000a678 (0xbfe5)
core   0: 0x8000a670 (0x00006f17) auipc   t5, 0x6
core   0: 3 0x8000a670 (0x00006f17) x30 0x80010670
core   0: 0x8000a674 (0x983f2823) sw      gp, -1648(t5)
core   0: 3 0x8000a674 (0x983f2823) mem 0x80010000 0x00000001
core   0: 0x8000a678 (0x0000bfe5) c.j     pc - 8
core   0: 3 0x8000a678 (0xbfe5)
core   0: 0x8000a670 (0x00006f17) auipc   t5, 0x6
core   0: 3 0x8000a670 (0x00006f17) x30 0x80010670
core   0: 0x8000a674 (0x983f2823) sw      gp, -1648(t5)
core   0: 3 0x8000a674 (0x983f2823) mem 0x80010000 0x00000001
core   0: 0x8000a678 (0x0000bfe5) c.j     pc - 8
core   0: 3 0x8000a678 (0xbfe5)
core   0: 0x8000a670 (0x00006f17) auipc   t5, 0x6
core   0: 3 0x8000a670 (0x00006f17) x30 0x80010670
core   0: 0x8000a674 (0x983f2823) sw      gp, -1648(t5)
core   0: 3 0x8000a674 (0x983f2823) mem 0x80010000 0x00000001
core   0: 0x8000a678 (0x0000bfe5) c.j     pc - 8
core   0: 3 0x8000a678 (0xbfe5)
core   0: 0x8000a670 (0x00006f17) auipc   t5, 0x6
core   0: 3 0x8000a670 (0x00006f17) x30 0x80010670
core   0: 0x8000a674 (0x983f2823) sw      gp, -1648(t5)
core   0: 3 0x8000a674 (0x983f2823) mem 0x80010000 0x00000001
core   0: 0x8000a678 (0x0000bfe5) c.j     pc - 8
core   0: 3 0x8000a678 (0xbfe5)
core   0: 0x8000a670 (0x00006f17) auipc   t5, 0x6
core   0: 3 0x8000a670 (0x00006f17) x30 0x80010670
core   0: 0x8000a674 (0x983f2823) sw      gp, -1648(t5)
core   0: 3 0x8000a674 (0x983f2823) mem 0x80010000 0x00000001
core   0: 0x8000a678 (0x0000bfe5) c.j     pc - 8
core   0: 3 0x8000a678 (0xbfe5)
core   0: 0x8000a670 (0x00006f17) auipc   t5, 0x6
core   0: 3 0x8000a670 (0x00006f17) x30 0x80010670
core   0: 0x8000a674 (0x983f2823) sw      gp, -1648(t5)
core   0: 3 0x8000a674 (0x983f2823) mem 0x80010000 0x00000001
core   0: 0x8000a678 (0x0000bfe5) c.j     pc - 8
core   0: 3 0x8000a678 (0xbfe5)
core   0: 0x8000a670 (0x00006f17) auipc   t5, 0x6
core   0: 3 0x8000a670 (0x00006f17) x30 0x80010670
core   0: 0x8000a674 (0x983f2823) sw      gp, -1648(t5)
core   0: 3 0x8000a674 (0x983f2823) mem 0x80010000 0x00000001
core   0: 0x8000a678 (0x0000bfe5) c.j     pc - 8
core   0: 3 0x8000a678 (0xbfe5)
core   0: 0x8000a670 (0x00006f17) auipc   t5, 0x6
core   0: 3 0x8000a670 (0x00006f17) x30 0x80010670
core   0: 0x8000a674 (0x983f2823) sw      gp, -1648(t5)
core   0: 3 0x8000a674 (0x983f2823) mem 0x80010000 0x00000001
core   0: 0x8000a678 (0x0000bfe5) c.j     pc - 8
core   0: 3 0x8000a678 (0xbfe5)
core   0: 0x8000a670 (0x00006f17) auipc   t5, 0x6
core   0: 3 0x8000a670 (0x00006f17) x30 0x80010670
core   0: 0x8000a674 (0x983f2823) sw      gp, -1648(t5)
core   0: 3 0x8000a674 (0x983f2823) mem 0x80010000 0x00000001
core   0: 0x8000a678 (0x0000bfe5) c.j     pc - 8
core   0: 3 0x8000a678 (0xbfe5)
core   0: 0x8000a670 (0x00006f17) auipc   t5, 0x6
core   0: 3 0x8000a670 (0x00006f17) x30 0x80010670
core   0: 0x8000a674 (0x983f2823) sw      gp, -1648(t5)
core   0: 3 0x8000a674 (0x983f2823) mem 0x80010000 0x00000001
core   0: 0x8000a678 (0x0000bfe5) c.j     pc - 8
core   0: 3 0x8000a678 (0xbfe5)
core   0: 0x8000a670 (0x00006f17) auipc   t5, 0x6
core   0: 3 0x8000a670 (0x00006f17) x30 0x80010670
core   0: 0x8000a674 (0x983f2823) sw      gp, -1648(t5)
core   0: 3 0x8000a674 (0x983f2823) mem 0x80010000 0x00000001
core   0: 0x8000a678 (0x0000bfe5) c.j     pc - 8
core   0: 3 0x8000a678 (0xbfe5)
core   0: 0x8000a670 (0x00006f17) auipc   t5, 0x6
core   0: 3 0x8000a670 (0x00006f17) x30 0x80010670
core   0: 0x8000a674 (0x983f2823) sw      gp, -1648(t5)
core   0: 3 0x8000a674 (0x983f2823) mem 0x80010000 0x00000001
core   0: 0x8000a678 (0x0000bfe5) c.j     pc - 8
core   0: 3 0x8000a678 (0xbfe5)
core   0: 0x8000a670 (0x00006f17) auipc   t5, 0x6
core   0: 3 0x8000a670 (0x00006f17) x30 0x80010670
core   0: 0x8000a674 (0x983f2823) sw      gp, -1648(t5)
core   0: 3 0x8000a674 (0x983f2823) mem 0x80010000 0x00000001
core   0: 0x8000a678 (0x0000bfe5) c.j     pc - 8
core   0: 3 0x8000a678 (0xbfe5)
core   0: 0x8000a670 (0x00006f17) auipc   t5, 0x6
core   0: 3 0x8000a670 (0x00006f17) x30 0x80010670
core   0: 0x8000a674 (0x983f2823) sw      gp, -1648(t5)
core   0: 3 0x8000a674 (0x983f2823) mem 0x80010000 0x00000001
core   0: 0x8000a678 (0x0000bfe5) c.j     pc - 8
core   0: 3 0x8000a678 (0xbfe5)
core   0: 0x8000a670 (0x00006f17) auipc   t5, 0x6
core   0: 3 0x8000a670 (0x00006f17) x30 0x80010670
core   0: 0x8000a674 (0x983f2823) sw      gp, -1648(t5)
core   0: 3 0x8000a674 (0x983f2823) mem 0x80010000 0x00000001
core   0: 0x8000a678 (0x0000bfe5) c.j     pc - 8
core   0: 3 0x8000a678 (0xbfe5)
core   0: 0x8000a670 (0x00006f17) auipc   t5, 0x6
core   0: 3 0x8000a670 (0x00006f17) x30 0x80010670
core   0: 0x8000a674 (0x983f2823) sw      gp, -1648(t5)
core   0: 3 0x8000a674 (0x983f2823) mem 0x80010000 0x00000001
core   0: 0x8000a678 (0x0000bfe5) c.j     pc - 8
core   0: 3 0x8000a678 (0xbfe5)
core   0: 0x8000a670 (0x00006f17) auipc   t5, 0x6
core   0: 3 0x8000a670 (0x00006f17) x30 0x80010670
core   0: 0x8000a674 (0x983f2823) sw      gp, -1648(t5)
core   0: 3 0x8000a674 (0x983f2823) mem 0x80010000 0x00000001
core   0: 0x8000a678 (0x0000bfe5) c.j     pc - 8
core   0: 3 0x8000a678 (0xbfe5)
core   0: 0x8000a670 (0x00006f17) auipc   t5, 0x6
core   0: 3 0x8000a670 (0x00006f17) x30 0x80010670
core   0: 0x8000a674 (0x983f2823) sw      gp, -1648(t5)
core   0: 3 0x8000a674 (0x983f2823) mem 0x80010000 0x00000001
core   0: 0x8000a678 (0x0000bfe5) c.j     pc - 8
core   0: 3 0x8000a678 (0xbfe5)
core   0: 0x8000a670 (0x00006f17) auipc   t5, 0x6
core   0: 3 0x8000a670 (0x00006f17) x30 0x80010670
core   0: 0x8000a674 (0x983f2823) sw      gp, -1648(t5)
core   0: 3 0x8000a674 (0x983f2823) mem 0x80010000 0x00000001
core   0: 0x8000a678 (0x0000bfe5) c.j     pc - 8
core   0: 3 0x8000a678 (0xbfe5)
core   0: 0x8000a670 (0x00006f17) auipc   t5, 0x6
core   0: 3 0x8000a670 (0x00006f17) x30 0x80010670
core   0: 0x8000a674 (0x983f2823) sw      gp, -1648(t5)
core   0: 3 0x8000a674 (0x983f2823) mem 0x80010000 0x00000001
core   0: 0x8000a678 (0x0000bfe5) c.j     pc - 8
core   0: 3 0x8000a678 (0xbfe5)
core   0: 0x8000a670 (0x00006f17) auipc   t5, 0x6
core   0: 3 0x8000a670 (0x00006f17) x30 0x80010670
core   0: 0x8000a674 (0x983f2823) sw      gp, -1648(t5)
core   0: 3 0x8000a674 (0x983f2823) mem 0x80010000 0x00000001
core   0: 0x8000a678 (0x0000bfe5) c.j     pc - 8
core   0: 3 0x8000a678 (0xbfe5)
core   0: 0x8000a670 (0x00006f17) auipc   t5, 0x6
core   0: 3 0x8000a670 (0x00006f17) x30 0x80010670
core   0: 0x8000a674 (0x983f2823) sw      gp, -1648(t5)
core   0: 3 0x8000a674 (0x983f2823) mem 0x80010000 0x00000001
core   0: 0x8000a678 (0x0000bfe5) c.j     pc - 8
core   0: 3 0x8000a678 (0xbfe5)
core   0: 0x8000a670 (0x00006f17) auipc   t5, 0x6
core   0: 3 0x8000a670 (0x00006f17) x30 0x80010670
core   0: 0x8000a674 (0x983f2823) sw      gp, -1648(t5)
core   0: 3 0x8000a674 (0x983f2823) mem 0x80010000 0x00000001
core   0: 0x8000a678 (0x0000bfe5) c.j     pc - 8
core   0: 3 0x8000a678 (0xbfe5)
core   0: 0x8000a670 (0x00006f17) auipc   t5, 0x6
core   0: 3 0x8000a670 (0x00006f17) x30 0x80010670
core   0: 0x8000a674 (0x983f2823) sw      gp, -1648(t5)
core   0: 3 0x8000a674 (0x983f2823) mem 0x80010000 0x00000001
core   0: 0x8000a678 (0x0000bfe5) c.j     pc - 8
core   0: 3 0x8000a678 (0xbfe5)
core   0: 0x8000a670 (0x00006f17) auipc   t5, 0x6
core   0: 3 0x8000a670 (0x00006f17) x30 0x80010670
core   0: 0x8000a674 (0x983f2823) sw      gp, -1648(t5)
core   0: 3 0x8000a674 (0x983f2823) mem 0x80010000 0x00000001
core   0: 0x8000a678 (0x0000bfe5) c.j     pc - 8
core   0: 3 0x8000a678 (0xbfe5)
core   0: 0x8000a670 (0x00006f17) auipc   t5, 0x6
core   0: 3 0x8000a670 (0x00006f17) x30 0x80010670
core   0: 0x8000a674 (0x983f2823) sw      gp, -1648(t5)
core   0: 3 0x8000a674 (0x983f2823) mem 0x80010000 0x00000001
core   0: 0x8000a678 (0x0000bfe5) c.j     pc - 8
core   0: 3 0x8000a678 (0xbfe5)
core   0: 0x8000a670 (0x00006f17) auipc   t5, 0x6
core   0: 3 0x8000a670 (0x00006f17) x30 0x80010670
core   0: 0x8000a674 (0x983f2823) sw      gp, -1648(t5)
core   0: 3 0x8000a674 (0x983f2823) mem 0x80010000 0x00000001
core   0: 0x8000a678 (0x0000bfe5) c.j     pc - 8
core   0: 3 0x8000a678 (0xbfe5)
core   0: 0x8000a670 (0x00006f17) auipc   t5, 0x6
core   0: 3 0x8000a670 (0x00006f17) x30 0x80010670
core   0: 0x8000a674 (0x983f2823) sw      gp, -1648(t5)
core   0: 3 0x8000a674 (0x983f2823) mem 0x80010000 0x00000001
core   0: 0x8000a678 (0x0000bfe5) c.j     pc - 8
core   0: 3 0x8000a678 (0xbfe5)
core   0: 0x8000a670 (0x00006f17) auipc   t5, 0x6
core   0: 3 0x8000a670 (0x00006f17) x30 0x80010670
core   0: 0x8000a674 (0x983f2823) sw      gp, -1648(t5)
core   0: 3 0x8000a674 (0x983f2823) mem 0x80010000 0x00000001
core   0: 0x8000a678 (0x0000bfe5) c.j     pc - 8
core   0: 3 0x8000a678 (0xbfe5)
core   0: 0x8000a670 (0x00006f17) auipc   t5, 0x6
core   0: 3 0x8000a670 (0x00006f17) x30 0x80010670
core   0: 0x8000a674 (0x983f2823) sw      gp, -1648(t5)
core   0: 3 0x8000a674 (0x983f2823) mem 0x80010000 0x00000001
core   0: 0x8000a678 (0x0000bfe5) c.j     pc - 8
core   0: 3 0x8000a678 (0xbfe5)
core   0: 0x8000a670 (0x00006f17) auipc   t5, 0x6
core   0: 3 0x8000a670 (0x00006f17) x30 0x80010670
core   0: 0x8000a674 (0x983f2823) sw      gp, -1648(t5)
core   0: 3 0x8000a674 (0x983f2823) mem 0x80010000 0x00000001
core   0: 0x8000a678 (0x0000bfe5) c.j     pc - 8
core   0: 3 0x8000a678 (0xbfe5)
core   0: 0x8000a670 (0x00006f17) auipc   t5, 0x6
core   0: 3 0x8000a670 (0x00006f17) x30 0x80010670
core   0: 0x8000a674 (0x983f2823) sw      gp, -1648(t5)
core   0: 3 0x8000a674 (0x983f2823) mem 0x80010000 0x00000001
core   0: 0x8000a678 (0x0000bfe5) c.j     pc - 8
core   0: 3 0x8000a678 (0xbfe5)
core   0: 0x8000a670 (0x00006f17) auipc   t5, 0x6
core   0: 3 0x8000a670 (0x00006f17) x30 0x80010670
core   0: 0x8000a674 (0x983f2823) sw      gp, -1648(t5)
core   0: 3 0x8000a674 (0x983f2823) mem 0x80010000 0x00000001
core   0: 0x8000a678 (0x0000bfe5) c.j     pc - 8
core   0: 3 0x8000a678 (0xbfe5)
core   0: 0x8000a670 (0x00006f17) auipc   t5, 0x6
core   0: 3 0x8000a670 (0x00006f17) x30 0x80010670
core   0: 0x8000a674 (0x983f2823) sw      gp, -1648(t5)
core   0: 3 0x8000a674 (0x983f2823) mem 0x80010000 0x00000001
core   0: 0x8000a678 (0x0000bfe5) c.j     pc - 8
core   0: 3 0x8000a678 (0xbfe5)
core   0: 0x8000a670 (0x00006f17) auipc   t5, 0x6
core   0: 3 0x8000a670 (0x00006f17) x30 0x80010670
core   0: 0x8000a674 (0x983f2823) sw      gp, -1648(t5)
core   0: 3 0x8000a674 (0x983f2823) mem 0x80010000 0x00000001
core   0: 0x8000a678 (0x0000bfe5) c.j     pc - 8
core   0: 3 0x8000a678 (0xbfe5)
core   0: 0x8000a670 (0x00006f17) auipc   t5, 0x6
core   0: 3 0x8000a670 (0x00006f17) x30 0x80010670
core   0: 0x8000a674 (0x983f2823) sw      gp, -1648(t5)
core   0: 3 0x8000a674 (0x983f2823) mem 0x80010000 0x00000001
core   0: 0x8000a678 (0x0000bfe5) c.j     pc - 8
core   0: 3 0x8000a678 (0xbfe5)
core   0: 0x8000a670 (0x00006f17) auipc   t5, 0x6
core   0: 3 0x8000a670 (0x00006f17) x30 0x80010670
core   0: 0x8000a674 (0x983f2823) sw      gp, -1648(t5)
core   0: 3 0x8000a674 (0x983f2823) mem 0x80010000 0x00000001
core   0: 0x8000a678 (0x0000bfe5) c.j     pc - 8
core   0: 3 0x8000a678 (0xbfe5)
core   0: 0x8000a670 (0x00006f17) auipc   t5, 0x6
core   0: 3 0x8000a670 (0x00006f17) x30 0x80010670
core   0: 0x8000a674 (0x983f2823) sw      gp, -1648(t5)
core   0: 3 0x8000a674 (0x983f2823) mem 0x80010000 0x00000001
core   0: 0x8000a678 (0x0000bfe5) c.j     pc - 8
core   0: 3 0x8000a678 (0xbfe5)
core   0: 0x8000a670 (0x00006f17) auipc   t5, 0x6
core   0: 3 0x8000a670 (0x00006f17) x30 0x80010670
core   0: 0x8000a674 (0x983f2823) sw      gp, -1648(t5)
core   0: 3 0x8000a674 (0x983f2823) mem 0x80010000 0x00000001
core   0: 0x8000a678 (0x0000bfe5) c.j     pc - 8
core   0: 3 0x8000a678 (0xbfe5)
core   0: 0x8000a670 (0x00006f17) auipc   t5, 0x6
core   0: 3 0x8000a670 (0x00006f17) x30 0x80010670
core   0: 0x8000a674 (0x983f2823) sw      gp, -1648(t5)
core   0: 3 0x8000a674 (0x983f2823) mem 0x80010000 0x00000001
core   0: 0x8000a678 (0x0000bfe5) c.j     pc - 8
core   0: 3 0x8000a678 (0xbfe5)
core   0: 0x8000a670 (0x00006f17) auipc   t5, 0x6
core   0: 3 0x8000a670 (0x00006f17) x30 0x80010670
core   0: 0x8000a674 (0x983f2823) sw      gp, -1648(t5)
core   0: 3 0x8000a674 (0x983f2823) mem 0x80010000 0x00000001
core   0: 0x8000a678 (0x0000bfe5) c.j     pc - 8
core   0: 3 0x8000a678 (0xbfe5)
core   0: 0x8000a670 (0x00006f17) auipc   t5, 0x6
core   0: 3 0x8000a670 (0x00006f17) x30 0x80010670
core   0: 0x8000a674 (0x983f2823) sw      gp, -1648(t5)
core   0: 3 0x8000a674 (0x983f2823) mem 0x80010000 0x00000001
core   0: 0x8000a678 (0x0000bfe5) c.j     pc - 8
core   0: 3 0x8000a678 (0xbfe5)
core   0: 0x8000a670 (0x00006f17) auipc   t5, 0x6
core   0: 3 0x8000a670 (0x00006f17) x30 0x80010670
core   0: 0x8000a674 (0x983f2823) sw      gp, -1648(t5)
core   0: 3 0x8000a674 (0x983f2823) mem 0x80010000 0x00000001
core   0: 0x8000a678 (0x0000bfe5) c.j     pc - 8
core   0: 3 0x8000a678 (0xbfe5)
core   0: 0x8000a670 (0x00006f17) auipc   t5, 0x6
core   0: 3 0x8000a670 (0x00006f17) x30 0x80010670
core   0: 0x8000a674 (0x983f2823) sw      gp, -1648(t5)
core   0: 3 0x8000a674 (0x983f2823) mem 0x80010000 0x00000001
core   0: 0x8000a678 (0x0000bfe5) c.j     pc - 8
core   0: 3 0x8000a678 (0xbfe5)
core   0: 0x8000a670 (0x00006f17) auipc   t5, 0x6
core   0: 3 0x8000a670 (0x00006f17) x30 0x80010670
core   0: 0x8000a674 (0x983f2823) sw      gp, -1648(t5)
core   0: 3 0x8000a674 (0x983f2823) mem 0x80010000 0x00000001
core   0: 0x8000a678 (0x0000bfe5) c.j     pc - 8
core   0: 3 0x8000a678 (0xbfe5)
core   0: 0x8000a670 (0x00006f17) auipc   t5, 0x6
core   0: 3 0x8000a670 (0x00006f17) x30 0x80010670
core   0: 0x8000a674 (0x983f2823) sw      gp, -1648(t5)
core   0: 3 0x8000a674 (0x983f2823) mem 0x80010000 0x00000001
core   0: 0x8000a678 (0x0000bfe5) c.j     pc - 8
core   0: 3 0x8000a678 (0xbfe5)
core   0: 0x8000a670 (0x00006f17) auipc   t5, 0x6
core   0: 3 0x8000a670 (0x00006f17) x30 0x80010670
core   0: 0x8000a674 (0x983f2823) sw      gp, -1648(t5)
core   0: 3 0x8000a674 (0x983f2823) mem 0x80010000 0x00000001
core   0: 0x8000a678 (0x0000bfe5) c.j     pc - 8
core   0: 3 0x8000a678 (0xbfe5)
core   0: 0x8000a670 (0x00006f17) auipc   t5, 0x6
core   0: 3 0x8000a670 (0x00006f17) x30 0x80010670
core   0: 0x8000a674 (0x983f2823) sw      gp, -1648(t5)
core   0: 3 0x8000a674 (0x983f2823) mem 0x80010000 0x00000001
core   0: 0x8000a678 (0x0000bfe5) c.j     pc - 8
core   0: 3 0x8000a678 (0xbfe5)
core   0: 0x8000a670 (0x00006f17) auipc   t5, 0x6
core   0: 3 0x8000a670 (0x00006f17) x30 0x80010670
core   0: 0x8000a674 (0x983f2823) sw      gp, -1648(t5)
core   0: 3 0x8000a674 (0x983f2823) mem 0x80010000 0x00000001
core   0: 0x8000a678 (0x0000bfe5) c.j     pc - 8
core   0: 3 0x8000a678 (0xbfe5)
core   0: 0x8000a670 (0x00006f17) auipc   t5, 0x6
core   0: 3 0x8000a670 (0x00006f17) x30 0x80010670
core   0: 0x8000a674 (0x983f2823) sw      gp, -1648(t5)
core   0: 3 0x8000a674 (0x983f2823) mem 0x80010000 0x00000001
core   0: 0x8000a678 (0x0000bfe5) c.j     pc - 8
core   0: 3 0x8000a678 (0xbfe5)
core   0: 0x8000a670 (0x00006f17) auipc   t5, 0x6
core   0: 3 0x8000a670 (0x00006f17) x30 0x80010670
core   0: 0x8000a674 (0x983f2823) sw      gp, -1648(t5)
core   0: 3 0x8000a674 (0x983f2823) mem 0x80010000 0x00000001
core   0: 0x8000a678 (0x0000bfe5) c.j     pc - 8
core   0: 3 0x8000a678 (0xbfe5)
core   0: 0x8000a670 (0x00006f17) auipc   t5, 0x6
core   0: 3 0x8000a670 (0x00006f17) x30 0x80010670
core   0: 0x8000a674 (0x983f2823) sw      gp, -1648(t5)
core   0: 3 0x8000a674 (0x983f2823) mem 0x80010000 0x00000001
core   0: 0x8000a678 (0x0000bfe5) c.j     pc - 8
core   0: 3 0x8000a678 (0xbfe5)
core   0: 0x8000a670 (0x00006f17) auipc   t5, 0x6
core   0: 3 0x8000a670 (0x00006f17) x30 0x80010670
core   0: 0x8000a674 (0x983f2823) sw      gp, -1648(t5)
core   0: 3 0x8000a674 (0x983f2823) mem 0x80010000 0x00000001
core   0: 0x8000a678 (0x0000bfe5) c.j     pc - 8
core   0: 3 0x8000a678 (0xbfe5)
core   0: 0x8000a670 (0x00006f17) auipc   t5, 0x6
core   0: 3 0x8000a670 (0x00006f17) x30 0x80010670
core   0: 0x8000a674 (0x983f2823) sw      gp, -1648(t5)
core   0: 3 0x8000a674 (0x983f2823) mem 0x80010000 0x00000001
core   0: 0x8000a678 (0x0000bfe5) c.j     pc - 8
core   0: 3 0x8000a678 (0xbfe5)
core   0: 0x8000a670 (0x00006f17) auipc   t5, 0x6
core   0: 3 0x8000a670 (0x00006f17) x30 0x80010670
core   0: 0x8000a674 (0x983f2823) sw      gp, -1648(t5)
core   0: 3 0x8000a674 (0x983f2823) mem 0x80010000 0x00000001
core   0: 0x8000a678 (0x0000bfe5) c.j     pc - 8
core   0: 3 0x8000a678 (0xbfe5)
core   0: 0x8000a670 (0x00006f17) auipc   t5, 0x6
core   0: 3 0x8000a670 (0x00006f17) x30 0x80010670
core   0: 0x8000a674 (0x983f2823) sw      gp, -1648(t5)
core   0: 3 0x8000a674 (0x983f2823) mem 0x80010000 0x00000001
core   0: 0x8000a678 (0x0000bfe5) c.j     pc - 8
core   0: 3 0x8000a678 (0xbfe5)
core   0: 0x8000a670 (0x00006f17) auipc   t5, 0x6
core   0: 3 0x8000a670 (0x00006f17) x30 0x80010670
core   0: 0x8000a674 (0x983f2823) sw      gp, -1648(t5)
core   0: 3 0x8000a674 (0x983f2823) mem 0x80010000 0x00000001
core   0: 0x8000a678 (0x0000bfe5) c.j     pc - 8
core   0: 3 0x8000a678 (0xbfe5)
core   0: 0x8000a670 (0x00006f17) auipc   t5, 0x6
core   0: 3 0x8000a670 (0x00006f17) x30 0x80010670
core   0: 0x8000a674 (0x983f2823) sw      gp, -1648(t5)
core   0: 3 0x8000a674 (0x983f2823) mem 0x80010000 0x00000001
core   0: 0x8000a678 (0x0000bfe5) c.j     pc - 8
core   0: 3 0x8000a678 (0xbfe5)
core   0: 0x8000a670 (0x00006f17) auipc   t5, 0x6
core   0: 3 0x8000a670 (0x00006f17) x30 0x80010670
core   0: 0x8000a674 (0x983f2823) sw      gp, -1648(t5)
core   0: 3 0x8000a674 (0x983f2823) mem 0x80010000 0x00000001
core   0: 0x8000a678 (0x0000bfe5) c.j     pc - 8
core   0: 3 0x8000a678 (0xbfe5)
core   0: 0x8000a670 (0x00006f17) auipc   t5, 0x6
core   0: 3 0x8000a670 (0x00006f17) x30 0x80010670
core   0: 0x8000a674 (0x983f2823) sw      gp, -1648(t5)
core   0: 3 0x8000a674 (0x983f2823) mem 0x80010000 0x00000001
core   0: 0x8000a678 (0x0000bfe5) c.j     pc - 8
core   0: 3 0x8000a678 (0xbfe5)
core   0: 0x8000a670 (0x00006f17) auipc   t5, 0x6
core   0: 3 0x8000a670 (0x00006f17) x30 0x80010670
core   0: 0x8000a674 (0x983f2823) sw      gp, -1648(t5)
core   0: 3 0x8000a674 (0x983f2823) mem 0x80010000 0x00000001
core   0: 0x8000a678 (0x0000bfe5) c.j     pc - 8
core   0: 3 0x8000a678 (0xbfe5)
core   0: 0x8000a670 (0x00006f17) auipc   t5, 0x6
core   0: 3 0x8000a670 (0x00006f17) x30 0x80010670
core   0: 0x8000a674 (0x983f2823) sw      gp, -1648(t5)
core   0: 3 0x8000a674 (0x983f2823) mem 0x80010000 0x00000001
core   0: 0x8000a678 (0x0000bfe5) c.j     pc - 8
core   0: 3 0x8000a678 (0xbfe5)
core   0: 0x8000a670 (0x00006f17) auipc   t5, 0x6
core   0: 3 0x8000a670 (0x00006f17) x30 0x80010670
core   0: 0x8000a674 (0x983f2823) sw      gp, -1648(t5)
core   0: 3 0x8000a674 (0x983f2823) mem 0x80010000 0x00000001
core   0: 0x8000a678 (0x0000bfe5) c.j     pc - 8
core   0: 3 0x8000a678 (0xbfe5)
core   0: 0x8000a670 (0x00006f17) auipc   t5, 0x6
core   0: 3 0x8000a670 (0x00006f17) x30 0x80010670
core   0: 0x8000a674 (0x983f2823) sw      gp, -1648(t5)
core   0: 3 0x8000a674 (0x983f2823) mem 0x80010000 0x00000001
core   0: 0x8000a678 (0x0000bfe5) c.j     pc - 8
core   0: 3 0x8000a678 (0xbfe5)
core   0: 0x8000a670 (0x00006f17) auipc   t5, 0x6
core   0: 3 0x8000a670 (0x00006f17) x30 0x80010670
core   0: 0x8000a674 (0x983f2823) sw      gp, -1648(t5)
core   0: 3 0x8000a674 (0x983f2823) mem 0x80010000 0x00000001
core   0: 0x8000a678 (0x0000bfe5) c.j     pc - 8
core   0: 3 0x8000a678 (0xbfe5)
core   0: 0x8000a670 (0x00006f17) auipc   t5, 0x6
core   0: 3 0x8000a670 (0x00006f17) x30 0x80010670
core   0: 0x8000a674 (0x983f2823) sw      gp, -1648(t5)
core   0: 3 0x8000a674 (0x983f2823) mem 0x80010000 0x00000001
core   0: 0x8000a678 (0x0000bfe5) c.j     pc - 8
core   0: 3 0x8000a678 (0xbfe5)
core   0: 0x8000a670 (0x00006f17) auipc   t5, 0x6
core   0: 3 0x8000a670 (0x00006f17) x30 0x80010670
core   0: 0x8000a674 (0x983f2823) sw      gp, -1648(t5)
core   0: 3 0x8000a674 (0x983f2823) mem 0x80010000 0x00000001
core   0: 0x8000a678 (0x0000bfe5) c.j     pc - 8
core   0: 3 0x8000a678 (0xbfe5)
core   0: 0x8000a670 (0x00006f17) auipc   t5, 0x6
core   0: 3 0x8000a670 (0x00006f17) x30 0x80010670
core   0: 0x8000a674 (0x983f2823) sw      gp, -1648(t5)
core   0: 3 0x8000a674 (0x983f2823) mem 0x80010000 0x00000001
core   0: 0x8000a678 (0x0000bfe5) c.j     pc - 8
core   0: 3 0x8000a678 (0xbfe5)
core   0: 0x8000a670 (0x00006f17) auipc   t5, 0x6
core   0: 3 0x8000a670 (0x00006f17) x30 0x80010670
core   0: 0x8000a674 (0x983f2823) sw      gp, -1648(t5)
core   0: 3 0x8000a674 (0x983f2823) mem 0x80010000 0x00000001
core   0: 0x8000a678 (0x0000bfe5) c.j     pc - 8
core   0: 3 0x8000a678 (0xbfe5)
core   0: 0x8000a670 (0x00006f17) auipc   t5, 0x6
core   0: 3 0x8000a670 (0x00006f17) x30 0x80010670
core   0: 0x8000a674 (0x983f2823) sw      gp, -1648(t5)
core   0: 3 0x8000a674 (0x983f2823) mem 0x80010000 0x00000001
core   0: 0x8000a678 (0x0000bfe5) c.j     pc - 8
core   0: 3 0x8000a678 (0xbfe5)
core   0: 0x8000a670 (0x00006f17) auipc   t5, 0x6
core   0: 3 0x8000a670 (0x00006f17) x30 0x80010670
core   0: 0x8000a674 (0x983f2823) sw      gp, -1648(t5)
core   0: 3 0x8000a674 (0x983f2823) mem 0x80010000 0x00000001
core   0: 0x8000a678 (0x0000bfe5) c.j     pc - 8
core   0: 3 0x8000a678 (0xbfe5)
core   0: 0x8000a670 (0x00006f17) auipc   t5, 0x6
core   0: 3 0x8000a670 (0x00006f17) x30 0x80010670
core   0: 0x8000a674 (0x983f2823) sw      gp, -1648(t5)
core   0: 3 0x8000a674 (0x983f2823) mem 0x80010000 0x00000001
core   0: 0x8000a678 (0x0000bfe5) c.j     pc - 8
core   0: 3 0x8000a678 (0xbfe5)
core   0: 0x8000a670 (0x00006f17) auipc   t5, 0x6
core   0: 3 0x8000a670 (0x00006f17) x30 0x80010670
core   0: 0x8000a674 (0x983f2823) sw      gp, -1648(t5)
core   0: 3 0x8000a674 (0x983f2823) mem 0x80010000 0x00000001
core   0: 0x8000a678 (0x0000bfe5) c.j     pc - 8
core   0: 3 0x8000a678 (0xbfe5)
core   0: 0x8000a670 (0x00006f17) auipc   t5, 0x6
core   0: 3 0x8000a670 (0x00006f17) x30 0x80010670
core   0: 0x8000a674 (0x983f2823) sw      gp, -1648(t5)
core   0: 3 0x8000a674 (0x983f2823) mem 0x80010000 0x00000001
core   0: 0x8000a678 (0x0000bfe5) c.j     pc - 8
core   0: 3 0x8000a678 (0xbfe5)
core   0: 0x8000a670 (0x00006f17) auipc   t5, 0x6
core   0: 3 0x8000a670 (0x00006f17) x30 0x80010670
core   0: 0x8000a674 (0x983f2823) sw      gp, -1648(t5)
core   0: 3 0x8000a674 (0x983f2823) mem 0x80010000 0x00000001
core   0: 0x8000a678 (0x0000bfe5) c.j     pc - 8
core   0: 3 0x8000a678 (0xbfe5)
core   0: 0x8000a670 (0x00006f17) auipc   t5, 0x6
core   0: 3 0x8000a670 (0x00006f17) x30 0x80010670
core   0: 0x8000a674 (0x983f2823) sw      gp, -1648(t5)
core   0: 3 0x8000a674 (0x983f2823) mem 0x80010000 0x00000001
core   0: 0x8000a678 (0x0000bfe5) c.j     pc - 8
core   0: 3 0x8000a678 (0xbfe5)
core   0: 0x8000a670 (0x00006f17) auipc   t5, 0x6
core   0: 3 0x8000a670 (0x00006f17) x30 0x80010670
core   0: 0x8000a674 (0x983f2823) sw      gp, -1648(t5)
core   0: 3 0x8000a674 (0x983f2823) mem 0x80010000 0x00000001
core   0: 0x8000a678 (0x0000bfe5) c.j     pc - 8
core   0: 3 0x8000a678 (0xbfe5)
core   0: 0x8000a670 (0x00006f17) auipc   t5, 0x6
core   0: 3 0x8000a670 (0x00006f17) x30 0x80010670
core   0: 0x8000a674 (0x983f2823) sw      gp, -1648(t5)
core   0: 3 0x8000a674 (0x983f2823) mem 0x80010000 0x00000001
core   0: 0x8000a678 (0x0000bfe5) c.j     pc - 8
core   0: 3 0x8000a678 (0xbfe5)
core   0: 0x8000a670 (0x00006f17) auipc   t5, 0x6
core   0: 3 0x8000a670 (0x00006f17) x30 0x80010670
core   0: 0x8000a674 (0x983f2823) sw      gp, -1648(t5)
core   0: 3 0x8000a674 (0x983f2823) mem 0x80010000 0x00000001
core   0: 0x8000a678 (0x0000bfe5) c.j     pc - 8
core   0: 3 0x8000a678 (0xbfe5)
core   0: 0x8000a670 (0x00006f17) auipc   t5, 0x6
core   0: 3 0x8000a670 (0x00006f17) x30 0x80010670
core   0: 0x8000a674 (0x983f2823) sw      gp, -1648(t5)
core   0: 3 0x8000a674 (0x983f2823) mem 0x80010000 0x00000001
core   0: 0x8000a678 (0x0000bfe5) c.j     pc - 8
core   0: 3 0x8000a678 (0xbfe5)
core   0: 0x8000a670 (0x00006f17) auipc   t5, 0x6
core   0: 3 0x8000a670 (0x00006f17) x30 0x80010670
core   0: 0x8000a674 (0x983f2823) sw      gp, -1648(t5)
core   0: 3 0x8000a674 (0x983f2823) mem 0x80010000 0x00000001
core   0: 0x8000a678 (0x0000bfe5) c.j     pc - 8
core   0: 3 0x8000a678 (0xbfe5)
core   0: 0x8000a670 (0x00006f17) auipc   t5, 0x6
core   0: 3 0x8000a670 (0x00006f17) x30 0x80010670
core   0: 0x8000a674 (0x983f2823) sw      gp, -1648(t5)
core   0: 3 0x8000a674 (0x983f2823) mem 0x80010000 0x00000001
core   0: 0x8000a678 (0x0000bfe5) c.j     pc - 8
core   0: 3 0x8000a678 (0xbfe5)
core   0: 0x8000a670 (0x00006f17) auipc   t5, 0x6
core   0: 3 0x8000a670 (0x00006f17) x30 0x80010670
core   0: 0x8000a674 (0x983f2823) sw      gp, -1648(t5)
core   0: 3 0x8000a674 (0x983f2823) mem 0x80010000 0x00000001
core   0: 0x8000a678 (0x0000bfe5) c.j     pc - 8
core   0: 3 0x8000a678 (0xbfe5)
core   0: 0x8000a670 (0x00006f17) auipc   t5, 0x6
core   0: 3 0x8000a670 (0x00006f17) x30 0x80010670
core   0: 0x8000a674 (0x983f2823) sw      gp, -1648(t5)
core   0: 3 0x8000a674 (0x983f2823) mem 0x80010000 0x00000001
core   0: 0x8000a678 (0x0000bfe5) c.j     pc - 8
core   0: 3 0x8000a678 (0xbfe5)
core   0: 0x8000a670 (0x00006f17) auipc   t5, 0x6
core   0: 3 0x8000a670 (0x00006f17) x30 0x80010670
core   0: 0x8000a674 (0x983f2823) sw      gp, -1648(t5)
core   0: 3 0x8000a674 (0x983f2823) mem 0x80010000 0x00000001
core   0: 0x8000a678 (0x0000bfe5) c.j     pc - 8
core   0: 3 0x8000a678 (0xbfe5)
core   0: 0x8000a670 (0x00006f17) auipc   t5, 0x6
core   0: 3 0x8000a670 (0x00006f17) x30 0x80010670
core   0: 0x8000a674 (0x983f2823) sw      gp, -1648(t5)
core   0: 3 0x8000a674 (0x983f2823) mem 0x80010000 0x00000001
core   0: 0x8000a678 (0x0000bfe5) c.j     pc - 8
core   0: 3 0x8000a678 (0xbfe5)
core   0: 0x8000a670 (0x00006f17) auipc   t5, 0x6
core   0: 3 0x8000a670 (0x00006f17) x30 0x80010670
core   0: 0x8000a674 (0x983f2823) sw      gp, -1648(t5)
core   0: 3 0x8000a674 (0x983f2823) mem 0x80010000 0x00000001
core   0: 0x8000a678 (0x0000bfe5) c.j     pc - 8
core   0: 3 0x8000a678 (0xbfe5)
core   0: 0x8000a670 (0x00006f17) auipc   t5, 0x6
core   0: 3 0x8000a670 (0x00006f17) x30 0x80010670
core   0: 0x8000a674 (0x983f2823) sw      gp, -1648(t5)
core   0: 3 0x8000a674 (0x983f2823) mem 0x80010000 0x00000001
core   0: 0x8000a678 (0x0000bfe5) c.j     pc - 8
core   0: 3 0x8000a678 (0xbfe5)
core   0: 0x8000a670 (0x00006f17) auipc   t5, 0x6
core   0: 3 0x8000a670 (0x00006f17) x30 0x80010670
core   0: 0x8000a674 (0x983f2823) sw      gp, -1648(t5)
core   0: 3 0x8000a674 (0x983f2823) mem 0x80010000 0x00000001
core   0: 0x8000a678 (0x0000bfe5) c.j     pc - 8
core   0: 3 0x8000a678 (0xbfe5)
core   0: 0x8000a670 (0x00006f17) auipc   t5, 0x6
core   0: 3 0x8000a670 (0x00006f17) x30 0x80010670
core   0: 0x8000a674 (0x983f2823) sw      gp, -1648(t5)
core   0: 3 0x8000a674 (0x983f2823) mem 0x80010000 0x00000001
core   0: 0x8000a678 (0x0000bfe5) c.j     pc - 8
core   0: 3 0x8000a678 (0xbfe5)
core   0: 0x8000a670 (0x00006f17) auipc   t5, 0x6
core   0: 3 0x8000a670 (0x00006f17) x30 0x80010670
core   0: 0x8000a674 (0x983f2823) sw      gp, -1648(t5)
core   0: 3 0x8000a674 (0x983f2823) mem 0x80010000 0x00000001
core   0: 0x8000a678 (0x0000bfe5) c.j     pc - 8
core   0: 3 0x8000a678 (0xbfe5)
core   0: 0x8000a670 (0x00006f17) auipc   t5, 0x6
core   0: 3 0x8000a670 (0x00006f17) x30 0x80010670
core   0: 0x8000a674 (0x983f2823) sw      gp, -1648(t5)
core   0: 3 0x8000a674 (0x983f2823) mem 0x80010000 0x00000001
core   0: 0x8000a678 (0x0000bfe5) c.j     pc - 8
core   0: 3 0x8000a678 (0xbfe5)
core   0: 0x8000a670 (0x00006f17) auipc   t5, 0x6
core   0: 3 0x8000a670 (0x00006f17) x30 0x80010670
core   0: 0x8000a674 (0x983f2823) sw      gp, -1648(t5)
core   0: 3 0x8000a674 (0x983f2823) mem 0x80010000 0x00000001
core   0: 0x8000a678 (0x0000bfe5) c.j     pc - 8
core   0: 3 0x8000a678 (0xbfe5)
core   0: 0x8000a670 (0x00006f17) auipc   t5, 0x6
core   0: 3 0x8000a670 (0x00006f17) x30 0x80010670
core   0: 0x8000a674 (0x983f2823) sw      gp, -1648(t5)
core   0: 3 0x8000a674 (0x983f2823) mem 0x80010000 0x00000001
core   0: 0x8000a678 (0x0000bfe5) c.j     pc - 8
core   0: 3 0x8000a678 (0xbfe5)
core   0: 0x8000a670 (0x00006f17) auipc   t5, 0x6
core   0: 3 0x8000a670 (0x00006f17) x30 0x80010670
core   0: 0x8000a674 (0x983f2823) sw      gp, -1648(t5)
core   0: 3 0x8000a674 (0x983f2823) mem 0x80010000 0x00000001
core   0: 0x8000a678 (0x0000bfe5) c.j     pc - 8
core   0: 3 0x8000a678 (0xbfe5)
core   0: 0x8000a670 (0x00006f17) auipc   t5, 0x6
core   0: 3 0x8000a670 (0x00006f17) x30 0x80010670
core   0: 0x8000a674 (0x983f2823) sw      gp, -1648(t5)
core   0: 3 0x8000a674 (0x983f2823) mem 0x80010000 0x00000001
core   0: 0x8000a678 (0x0000bfe5) c.j     pc - 8
core   0: 3 0x8000a678 (0xbfe5)
core   0: 0x8000a670 (0x00006f17) auipc   t5, 0x6
core   0: 3 0x8000a670 (0x00006f17) x30 0x80010670
core   0: 0x8000a674 (0x983f2823) sw      gp, -1648(t5)
core   0: 3 0x8000a674 (0x983f2823) mem 0x80010000 0x00000001
core   0: 0x8000a678 (0x0000bfe5) c.j     pc - 8
core   0: 3 0x8000a678 (0xbfe5)
core   0: 0x8000a670 (0x00006f17) auipc   t5, 0x6
core   0: 3 0x8000a670 (0x00006f17) x30 0x80010670
core   0: 0x8000a674 (0x983f2823) sw      gp, -1648(t5)
core   0: 3 0x8000a674 (0x983f2823) mem 0x80010000 0x00000001
core   0: 0x8000a678 (0x0000bfe5) c.j     pc - 8
core   0: 3 0x8000a678 (0xbfe5)
core   0: 0x8000a670 (0x00006f17) auipc   t5, 0x6
core   0: 3 0x8000a670 (0x00006f17) x30 0x80010670
core   0: 0x8000a674 (0x983f2823) sw      gp, -1648(t5)
core   0: 3 0x8000a674 (0x983f2823) mem 0x80010000 0x00000001
core   0: 0x8000a678 (0x0000bfe5) c.j     pc - 8
core   0: 3 0x8000a678 (0xbfe5)
core   0: 0x8000a670 (0x00006f17) auipc   t5, 0x6
core   0: 3 0x8000a670 (0x00006f17) x30 0x80010670
core   0: 0x8000a674 (0x983f2823) sw      gp, -1648(t5)
core   0: 3 0x8000a674 (0x983f2823) mem 0x80010000 0x00000001
core   0: 0x8000a678 (0x0000bfe5) c.j     pc - 8
core   0: 3 0x8000a678 (0xbfe5)
core   0: 0x8000a670 (0x00006f17) auipc   t5, 0x6
core   0: 3 0x8000a670 (0x00006f17) x30 0x80010670
core   0: 0x8000a674 (0x983f2823) sw      gp, -1648(t5)
core   0: 3 0x8000a674 (0x983f2823) mem 0x80010000 0x00000001
core   0: 0x8000a678 (0x0000bfe5) c.j     pc - 8
core   0: 3 0x8000a678 (0xbfe5)
core   0: 0x8000a670 (0x00006f17) auipc   t5, 0x6
core   0: 3 0x8000a670 (0x00006f17) x30 0x80010670
core   0: 0x8000a674 (0x983f2823) sw      gp, -1648(t5)
core   0: 3 0x8000a674 (0x983f2823) mem 0x80010000 0x00000001
core   0: 0x8000a678 (0x0000bfe5) c.j     pc - 8
core   0: 3 0x8000a678 (0xbfe5)
core   0: 0x8000a670 (0x00006f17) auipc   t5, 0x6
core   0: 3 0x8000a670 (0x00006f17) x30 0x80010670
core   0: 0x8000a674 (0x983f2823) sw      gp, -1648(t5)
core   0: 3 0x8000a674 (0x983f2823) mem 0x80010000 0x00000001
core   0: 0x8000a678 (0x0000bfe5) c.j     pc - 8
core   0: 3 0x8000a678 (0xbfe5)
core   0: 0x8000a670 (0x00006f17) auipc   t5, 0x6
core   0: 3 0x8000a670 (0x00006f17) x30 0x80010670
core   0: 0x8000a674 (0x983f2823) sw      gp, -1648(t5)
core   0: 3 0x8000a674 (0x983f2823) mem 0x80010000 0x00000001
core   0: 0x8000a678 (0x0000bfe5) c.j     pc - 8
core   0: 3 0x8000a678 (0xbfe5)
core   0: 0x8000a670 (0x00006f17) auipc   t5, 0x6
core   0: 3 0x8000a670 (0x00006f17) x30 0x80010670
core   0: 0x8000a674 (0x983f2823) sw      gp, -1648(t5)
core   0: 3 0x8000a674 (0x983f2823) mem 0x80010000 0x00000001
core   0: 0x8000a678 (0x0000bfe5) c.j     pc - 8
core   0: 3 0x8000a678 (0xbfe5)
core   0: 0x8000a670 (0x00006f17) auipc   t5, 0x6
core   0: 3 0x8000a670 (0x00006f17) x30 0x80010670
core   0: 0x8000a674 (0x983f2823) sw      gp, -1648(t5)
core   0: 3 0x8000a674 (0x983f2823) mem 0x80010000 0x00000001
core   0: 0x8000a678 (0x0000bfe5) c.j     pc - 8
core   0: 3 0x8000a678 (0xbfe5)
core   0: 0x8000a670 (0x00006f17) auipc   t5, 0x6
core   0: 3 0x8000a670 (0x00006f17) x30 0x80010670
core   0: 0x8000a674 (0x983f2823) sw      gp, -1648(t5)
core   0: 3 0x8000a674 (0x983f2823) mem 0x80010000 0x00000001
core   0: 0x8000a678 (0x0000bfe5) c.j     pc - 8
core   0: 3 0x8000a678 (0xbfe5)
core   0: 0x8000a670 (0x00006f17) auipc   t5, 0x6
core   0: 3 0x8000a670 (0x00006f17) x30 0x80010670
core   0: 0x8000a674 (0x983f2823) sw      gp, -1648(t5)
core   0: 3 0x8000a674 (0x983f2823) mem 0x80010000 0x00000001
core   0: 0x8000a678 (0x0000bfe5) c.j     pc - 8
core   0: 3 0x8000a678 (0xbfe5)
core   0: 0x8000a670 (0x00006f17) auipc   t5, 0x6
core   0: 3 0x8000a670 (0x00006f17) x30 0x80010670
core   0: 0x8000a674 (0x983f2823) sw      gp, -1648(t5)
core   0: 3 0x8000a674 (0x983f2823) mem 0x80010000 0x00000001
core   0: 0x8000a678 (0x0000bfe5) c.j     pc - 8
core   0: 3 0x8000a678 (0xbfe5)
core   0: 0x8000a670 (0x00006f17) auipc   t5, 0x6
core   0: 3 0x8000a670 (0x00006f17) x30 0x80010670
core   0: 0x8000a674 (0x983f2823) sw      gp, -1648(t5)
core   0: 3 0x8000a674 (0x983f2823) mem 0x80010000 0x00000001
core   0: 0x8000a678 (0x0000bfe5) c.j     pc - 8
core   0: 3 0x8000a678 (0xbfe5)
core   0: 0x8000a670 (0x00006f17) auipc   t5, 0x6
core   0: 3 0x8000a670 (0x00006f17) x30 0x80010670
core   0: 0x8000a674 (0x983f2823) sw      gp, -1648(t5)
core   0: 3 0x8000a674 (0x983f2823) mem 0x80010000 0x00000001
core   0: 0x8000a678 (0x0000bfe5) c.j     pc - 8
core   0: 3 0x8000a678 (0xbfe5)
core   0: 0x8000a670 (0x00006f17) auipc   t5, 0x6
core   0: 3 0x8000a670 (0x00006f17) x30 0x80010670
core   0: 0x8000a674 (0x983f2823) sw      gp, -1648(t5)
core   0: 3 0x8000a674 (0x983f2823) mem 0x80010000 0x00000001
core   0: 0x8000a678 (0x0000bfe5) c.j     pc - 8
core   0: 3 0x8000a678 (0xbfe5)
core   0: 0x8000a670 (0x00006f17) auipc   t5, 0x6
core   0: 3 0x8000a670 (0x00006f17) x30 0x80010670
core   0: 0x8000a674 (0x983f2823) sw      gp, -1648(t5)
core   0: 3 0x8000a674 (0x983f2823) mem 0x80010000 0x00000001
core   0: 0x8000a678 (0x0000bfe5) c.j     pc - 8
core   0: 3 0x8000a678 (0xbfe5)
core   0: 0x8000a670 (0x00006f17) auipc   t5, 0x6
core   0: 3 0x8000a670 (0x00006f17) x30 0x80010670
core   0: 0x8000a674 (0x983f2823) sw      gp, -1648(t5)
core   0: 3 0x8000a674 (0x983f2823) mem 0x80010000 0x00000001
core   0: 0x8000a678 (0x0000bfe5) c.j     pc - 8
core   0: 3 0x8000a678 (0xbfe5)
core   0: 0x8000a670 (0x00006f17) auipc   t5, 0x6
core   0: 3 0x8000a670 (0x00006f17) x30 0x80010670
core   0: 0x8000a674 (0x983f2823) sw      gp, -1648(t5)
core   0: 3 0x8000a674 (0x983f2823) mem 0x80010000 0x00000001
core   0: 0x8000a678 (0x0000bfe5) c.j     pc - 8
core   0: 3 0x8000a678 (0xbfe5)
core   0: 0x8000a670 (0x00006f17) auipc   t5, 0x6
core   0: 3 0x8000a670 (0x00006f17) x30 0x80010670
core   0: 0x8000a674 (0x983f2823) sw      gp, -1648(t5)
core   0: 3 0x8000a674 (0x983f2823) mem 0x80010000 0x00000001
core   0: 0x8000a678 (0x0000bfe5) c.j     pc - 8
core   0: 3 0x8000a678 (0xbfe5)
core   0: 0x8000a670 (0x00006f17) auipc   t5, 0x6
core   0: 3 0x8000a670 (0x00006f17) x30 0x80010670
core   0: 0x8000a674 (0x983f2823) sw      gp, -1648(t5)
core   0: 3 0x8000a674 (0x983f2823) mem 0x80010000 0x00000001
core   0: 0x8000a678 (0x0000bfe5) c.j     pc - 8
core   0: 3 0x8000a678 (0xbfe5)
core   0: 0x8000a670 (0x00006f17) auipc   t5, 0x6
core   0: 3 0x8000a670 (0x00006f17) x30 0x80010670
core   0: 0x8000a674 (0x983f2823) sw      gp, -1648(t5)
core   0: 3 0x8000a674 (0x983f2823) mem 0x80010000 0x00000001
core   0: 0x8000a678 (0x0000bfe5) c.j     pc - 8
core   0: 3 0x8000a678 (0xbfe5)
core   0: 0x8000a670 (0x00006f17) auipc   t5, 0x6
core   0: 3 0x8000a670 (0x00006f17) x30 0x80010670
core   0: 0x8000a674 (0x983f2823) sw      gp, -1648(t5)
core   0: 3 0x8000a674 (0x983f2823) mem 0x80010000 0x00000001
core   0: 0x8000a678 (0x0000bfe5) c.j     pc - 8
core   0: 3 0x8000a678 (0xbfe5)
core   0: 0x8000a670 (0x00006f17) auipc   t5, 0x6
core   0: 3 0x8000a670 (0x00006f17) x30 0x80010670
core   0: 0x8000a674 (0x983f2823) sw      gp, -1648(t5)
core   0: 3 0x8000a674 (0x983f2823) mem 0x80010000 0x00000001
core   0: 0x8000a678 (0x0000bfe5) c.j     pc - 8
core   0: 3 0x8000a678 (0xbfe5)
core   0: 0x8000a670 (0x00006f17) auipc   t5, 0x6
core   0: 3 0x8000a670 (0x00006f17) x30 0x80010670
core   0: 0x8000a674 (0x983f2823) sw      gp, -1648(t5)
core   0: 3 0x8000a674 (0x983f2823) mem 0x80010000 0x00000001
core   0: 0x8000a678 (0x0000bfe5) c.j     pc - 8
core   0: 3 0x8000a678 (0xbfe5)
core   0: 0x8000a670 (0x00006f17) auipc   t5, 0x6
core   0: 3 0x8000a670 (0x00006f17) x30 0x80010670
core   0: 0x8000a674 (0x983f2823) sw      gp, -1648(t5)
core   0: 3 0x8000a674 (0x983f2823) mem 0x80010000 0x00000001
core   0: 0x8000a678 (0x0000bfe5) c.j     pc - 8
core   0: 3 0x8000a678 (0xbfe5)
core   0: 0x8000a670 (0x00006f17) auipc   t5, 0x6
core   0: 3 0x8000a670 (0x00006f17) x30 0x80010670
core   0: 0x8000a674 (0x983f2823) sw      gp, -1648(t5)
core   0: 3 0x8000a674 (0x983f2823) mem 0x80010000 0x00000001
core   0: 0x8000a678 (0x0000bfe5) c.j     pc - 8
core   0: 3 0x8000a678 (0xbfe5)
core   0: 0x8000a670 (0x00006f17) auipc   t5, 0x6
core   0: 3 0x8000a670 (0x00006f17) x30 0x80010670
core   0: 0x8000a674 (0x983f2823) sw      gp, -1648(t5)
core   0: 3 0x8000a674 (0x983f2823) mem 0x80010000 0x00000001
core   0: 0x8000a678 (0x0000bfe5) c.j     pc - 8
core   0: 3 0x8000a678 (0xbfe5)
core   0: 0x8000a670 (0x00006f17) auipc   t5, 0x6
core   0: 3 0x8000a670 (0x00006f17) x30 0x80010670
core   0: 0x8000a674 (0x983f2823) sw      gp, -1648(t5)
core   0: 3 0x8000a674 (0x983f2823) mem 0x80010000 0x00000001
core   0: 0x8000a678 (0x0000bfe5) c.j     pc - 8
core   0: 3 0x8000a678 (0xbfe5)
core   0: 0x8000a670 (0x00006f17) auipc   t5, 0x6
core   0: 3 0x8000a670 (0x00006f17) x30 0x80010670
core   0: 0x8000a674 (0x983f2823) sw      gp, -1648(t5)
core   0: 3 0x8000a674 (0x983f2823) mem 0x80010000 0x00000001
core   0: 0x8000a678 (0x0000bfe5) c.j     pc - 8
core   0: 3 0x8000a678 (0xbfe5)
core   0: 0x8000a670 (0x00006f17) auipc   t5, 0x6
core   0: 3 0x8000a670 (0x00006f17) x30 0x80010670
core   0: 0x8000a674 (0x983f2823) sw      gp, -1648(t5)
core   0: 3 0x8000a674 (0x983f2823) mem 0x80010000 0x00000001
core   0: 0x8000a678 (0x0000bfe5) c.j     pc - 8
core   0: 3 0x8000a678 (0xbfe5)
core   0: 0x8000a670 (0x00006f17) auipc   t5, 0x6
core   0: 3 0x8000a670 (0x00006f17) x30 0x80010670
core   0: 0x8000a674 (0x983f2823) sw      gp, -1648(t5)
core   0: 3 0x8000a674 (0x983f2823) mem 0x80010000 0x00000001
core   0: 0x8000a678 (0x0000bfe5) c.j     pc - 8
core   0: 3 0x8000a678 (0xbfe5)
core   0: 0x8000a670 (0x00006f17) auipc   t5, 0x6
core   0: 3 0x8000a670 (0x00006f17) x30 0x80010670
core   0: 0x8000a674 (0x983f2823) sw      gp, -1648(t5)
core   0: 3 0x8000a674 (0x983f2823) mem 0x80010000 0x00000001
core   0: 0x8000a678 (0x0000bfe5) c.j     pc - 8
core   0: 3 0x8000a678 (0xbfe5)
core   0: 0x8000a670 (0x00006f17) auipc   t5, 0x6
core   0: 3 0x8000a670 (0x00006f17) x30 0x80010670
core   0: 0x8000a674 (0x983f2823) sw      gp, -1648(t5)
core   0: 3 0x8000a674 (0x983f2823) mem 0x80010000 0x00000001
core   0: 0x8000a678 (0x0000bfe5) c.j     pc - 8
core   0: 3 0x8000a678 (0xbfe5)
core   0: 0x8000a670 (0x00006f17) auipc   t5, 0x6
core   0: 3 0x8000a670 (0x00006f17) x30 0x80010670
core   0: 0x8000a674 (0x983f2823) sw      gp, -1648(t5)
core   0: 3 0x8000a674 (0x983f2823) mem 0x80010000 0x00000001
core   0: 0x8000a678 (0x0000bfe5) c.j     pc - 8
core   0: 3 0x8000a678 (0xbfe5)
core   0: 0x8000a670 (0x00006f17) auipc   t5, 0x6
core   0: 3 0x8000a670 (0x00006f17) x30 0x80010670
core   0: 0x8000a674 (0x983f2823) sw      gp, -1648(t5)
core   0: 3 0x8000a674 (0x983f2823) mem 0x80010000 0x00000001
core   0: 0x8000a678 (0x0000bfe5) c.j     pc - 8
core   0: 3 0x8000a678 (0xbfe5)
core   0: 0x8000a670 (0x00006f17) auipc   t5, 0x6
core   0: 3 0x8000a670 (0x00006f17) x30 0x80010670
core   0: 0x8000a674 (0x983f2823) sw      gp, -1648(t5)
core   0: 3 0x8000a674 (0x983f2823) mem 0x80010000 0x00000001
core   0: 0x8000a678 (0x0000bfe5) c.j     pc - 8
core   0: 3 0x8000a678 (0xbfe5)
core   0: 0x8000a670 (0x00006f17) auipc   t5, 0x6
core   0: 3 0x8000a670 (0x00006f17) x30 0x80010670
core   0: 0x8000a674 (0x983f2823) sw      gp, -1648(t5)
core   0: 3 0x8000a674 (0x983f2823) mem 0x80010000 0x00000001
core   0: 0x8000a678 (0x0000bfe5) c.j     pc - 8
core   0: 3 0x8000a678 (0xbfe5)
core   0: 0x8000a670 (0x00006f17) auipc   t5, 0x6
core   0: 3 0x8000a670 (0x00006f17) x30 0x80010670
core   0: 0x8000a674 (0x983f2823) sw      gp, -1648(t5)
core   0: 3 0x8000a674 (0x983f2823) mem 0x80010000 0x00000001
core   0: 0x8000a678 (0x0000bfe5) c.j     pc - 8
core   0: 3 0x8000a678 (0xbfe5)
core   0: 0x8000a670 (0x00006f17) auipc   t5, 0x6
core   0: 3 0x8000a670 (0x00006f17) x30 0x80010670
core   0: 0x8000a674 (0x983f2823) sw      gp, -1648(t5)
core   0: 3 0x8000a674 (0x983f2823) mem 0x80010000 0x00000001
core   0: 0x8000a678 (0x0000bfe5) c.j     pc - 8
core   0: 3 0x8000a678 (0xbfe5)
core   0: 0x8000a670 (0x00006f17) auipc   t5, 0x6
core   0: 3 0x8000a670 (0x00006f17) x30 0x80010670
core   0: 0x8000a674 (0x983f2823) sw      gp, -1648(t5)
core   0: 3 0x8000a674 (0x983f2823) mem 0x80010000 0x00000001
core   0: 0x8000a678 (0x0000bfe5) c.j     pc - 8
core   0: 3 0x8000a678 (0xbfe5)
core   0: 0x8000a670 (0x00006f17) auipc   t5, 0x6
core   0: 3 0x8000a670 (0x00006f17) x30 0x80010670
core   0: 0x8000a674 (0x983f2823) sw      gp, -1648(t5)
core   0: 3 0x8000a674 (0x983f2823) mem 0x80010000 0x00000001
core   0: 0x8000a678 (0x0000bfe5) c.j     pc - 8
core   0: 3 0x8000a678 (0xbfe5)
core   0: 0x8000a670 (0x00006f17) auipc   t5, 0x6
core   0: 3 0x8000a670 (0x00006f17) x30 0x80010670
core   0: 0x8000a674 (0x983f2823) sw      gp, -1648(t5)
core   0: 3 0x8000a674 (0x983f2823) mem 0x80010000 0x00000001
core   0: 0x8000a678 (0x0000bfe5) c.j     pc - 8
core   0: 3 0x8000a678 (0xbfe5)
core   0: 0x8000a670 (0x00006f17) auipc   t5, 0x6
core   0: 3 0x8000a670 (0x00006f17) x30 0x80010670
core   0: 0x8000a674 (0x983f2823) sw      gp, -1648(t5)
core   0: 3 0x8000a674 (0x983f2823) mem 0x80010000 0x00000001
core   0: 0x8000a678 (0x0000bfe5) c.j     pc - 8
core   0: 3 0x8000a678 (0xbfe5)
core   0: 0x8000a670 (0x00006f17) auipc   t5, 0x6
core   0: 3 0x8000a670 (0x00006f17) x30 0x80010670
core   0: 0x8000a674 (0x983f2823) sw      gp, -1648(t5)
core   0: 3 0x8000a674 (0x983f2823) mem 0x80010000 0x00000001
core   0: 0x8000a678 (0x0000bfe5) c.j     pc - 8
core   0: 3 0x8000a678 (0xbfe5)
core   0: 0x8000a670 (0x00006f17) auipc   t5, 0x6
core   0: 3 0x8000a670 (0x00006f17) x30 0x80010670
core   0: 0x8000a674 (0x983f2823) sw      gp, -1648(t5)
core   0: 3 0x8000a674 (0x983f2823) mem 0x80010000 0x00000001
core   0: 0x8000a678 (0x0000bfe5) c.j     pc - 8
core   0: 3 0x8000a678 (0xbfe5)
core   0: 0x8000a670 (0x00006f17) auipc   t5, 0x6
core   0: 3 0x8000a670 (0x00006f17) x30 0x80010670
core   0: 0x8000a674 (0x983f2823) sw      gp, -1648(t5)
core   0: 3 0x8000a674 (0x983f2823) mem 0x80010000 0x00000001
core   0: 0x8000a678 (0x0000bfe5) c.j     pc - 8
core   0: 3 0x8000a678 (0xbfe5)
core   0: 0x8000a670 (0x00006f17) auipc   t5, 0x6
core   0: 3 0x8000a670 (0x00006f17) x30 0x80010670
core   0: 0x8000a674 (0x983f2823) sw      gp, -1648(t5)
core   0: 3 0x8000a674 (0x983f2823) mem 0x80010000 0x00000001
core   0: 0x8000a678 (0x0000bfe5) c.j     pc - 8
core   0: 3 0x8000a678 (0xbfe5)
core   0: 0x8000a670 (0x00006f17) auipc   t5, 0x6
core   0: 3 0x8000a670 (0x00006f17) x30 0x80010670
core   0: 0x8000a674 (0x983f2823) sw      gp, -1648(t5)
core   0: 3 0x8000a674 (0x983f2823) mem 0x80010000 0x00000001
core   0: 0x8000a678 (0x0000bfe5) c.j     pc - 8
core   0: 3 0x8000a678 (0xbfe5)
core   0: 0x8000a670 (0x00006f17) auipc   t5, 0x6
core   0: 3 0x8000a670 (0x00006f17) x30 0x80010670
core   0: 0x8000a674 (0x983f2823) sw      gp, -1648(t5)
core   0: 3 0x8000a674 (0x983f2823) mem 0x80010000 0x00000001
core   0: 0x8000a678 (0x0000bfe5) c.j     pc - 8
core   0: 3 0x8000a678 (0xbfe5)
core   0: 0x8000a670 (0x00006f17) auipc   t5, 0x6
core   0: 3 0x8000a670 (0x00006f17) x30 0x80010670
core   0: 0x8000a674 (0x983f2823) sw      gp, -1648(t5)
core   0: 3 0x8000a674 (0x983f2823) mem 0x80010000 0x00000001
core   0: 0x8000a678 (0x0000bfe5) c.j     pc - 8
core   0: 3 0x8000a678 (0xbfe5)
core   0: 0x8000a670 (0x00006f17) auipc   t5, 0x6
core   0: 3 0x8000a670 (0x00006f17) x30 0x80010670
core   0: 0x8000a674 (0x983f2823) sw      gp, -1648(t5)
core   0: 3 0x8000a674 (0x983f2823) mem 0x80010000 0x00000001
core   0: 0x8000a678 (0x0000bfe5) c.j     pc - 8
core   0: 3 0x8000a678 (0xbfe5)
core   0: 0x8000a670 (0x00006f17) auipc   t5, 0x6
core   0: 3 0x8000a670 (0x00006f17) x30 0x80010670
core   0: 0x8000a674 (0x983f2823) sw      gp, -1648(t5)
core   0: 3 0x8000a674 (0x983f2823) mem 0x80010000 0x00000001
core   0: 0x8000a678 (0x0000bfe5) c.j     pc - 8
core   0: 3 0x8000a678 (0xbfe5)
core   0: 0x8000a670 (0x00006f17) auipc   t5, 0x6
core   0: 3 0x8000a670 (0x00006f17) x30 0x80010670
core   0: 0x8000a674 (0x983f2823) sw      gp, -1648(t5)
core   0: 3 0x8000a674 (0x983f2823) mem 0x80010000 0x00000001
core   0: 0x8000a678 (0x0000bfe5) c.j     pc - 8
core   0: 3 0x8000a678 (0xbfe5)
core   0: 0x8000a670 (0x00006f17) auipc   t5, 0x6
core   0: 3 0x8000a670 (0x00006f17) x30 0x80010670
core   0: 0x8000a674 (0x983f2823) sw      gp, -1648(t5)
core   0: 3 0x8000a674 (0x983f2823) mem 0x80010000 0x00000001
core   0: 0x8000a678 (0x0000bfe5) c.j     pc - 8
core   0: 3 0x8000a678 (0xbfe5)
core   0: 0x8000a670 (0x00006f17) auipc   t5, 0x6
core   0: 3 0x8000a670 (0x00006f17) x30 0x80010670
core   0: 0x8000a674 (0x983f2823) sw      gp, -1648(t5)
core   0: 3 0x8000a674 (0x983f2823) mem 0x80010000 0x00000001
core   0: 0x8000a678 (0x0000bfe5) c.j     pc - 8
core   0: 3 0x8000a678 (0xbfe5)
core   0: 0x8000a670 (0x00006f17) auipc   t5, 0x6
core   0: 3 0x8000a670 (0x00006f17) x30 0x80010670
core   0: 0x8000a674 (0x983f2823) sw      gp, -1648(t5)
core   0: 3 0x8000a674 (0x983f2823) mem 0x80010000 0x00000001
core   0: 0x8000a678 (0x0000bfe5) c.j     pc - 8
core   0: 3 0x8000a678 (0xbfe5)
core   0: 0x8000a670 (0x00006f17) auipc   t5, 0x6
core   0: 3 0x8000a670 (0x00006f17) x30 0x80010670
core   0: 0x8000a674 (0x983f2823) sw      gp, -1648(t5)
core   0: 3 0x8000a674 (0x983f2823) mem 0x80010000 0x00000001
core   0: 0x8000a678 (0x0000bfe5) c.j     pc - 8
core   0: 3 0x8000a678 (0xbfe5)
core   0: 0x8000a670 (0x00006f17) auipc   t5, 0x6
core   0: 3 0x8000a670 (0x00006f17) x30 0x80010670
core   0: 0x8000a674 (0x983f2823) sw      gp, -1648(t5)
core   0: 3 0x8000a674 (0x983f2823) mem 0x80010000 0x00000001
core   0: 0x8000a678 (0x0000bfe5) c.j     pc - 8
core   0: 3 0x8000a678 (0xbfe5)
core   0: 0x8000a670 (0x00006f17) auipc   t5, 0x6
core   0: 3 0x8000a670 (0x00006f17) x30 0x80010670
core   0: 0x8000a674 (0x983f2823) sw      gp, -1648(t5)
core   0: 3 0x8000a674 (0x983f2823) mem 0x80010000 0x00000001
core   0: 0x8000a678 (0x0000bfe5) c.j     pc - 8
core   0: 3 0x8000a678 (0xbfe5)
core   0: 0x8000a670 (0x00006f17) auipc   t5, 0x6
core   0: 3 0x8000a670 (0x00006f17) x30 0x80010670
core   0: 0x8000a674 (0x983f2823) sw      gp, -1648(t5)
core   0: 3 0x8000a674 (0x983f2823) mem 0x80010000 0x00000001
core   0: 0x8000a678 (0x0000bfe5) c.j     pc - 8
core   0: 3 0x8000a678 (0xbfe5)
core   0: 0x8000a670 (0x00006f17) auipc   t5, 0x6
core   0: 3 0x8000a670 (0x00006f17) x30 0x80010670
core   0: 0x8000a674 (0x983f2823) sw      gp, -1648(t5)
core   0: 3 0x8000a674 (0x983f2823) mem 0x80010000 0x00000001
core   0: 0x8000a678 (0x0000bfe5) c.j     pc - 8
core   0: 3 0x8000a678 (0xbfe5)
core   0: 0x8000a670 (0x00006f17) auipc   t5, 0x6
core   0: 3 0x8000a670 (0x00006f17) x30 0x80010670
core   0: 0x8000a674 (0x983f2823) sw      gp, -1648(t5)
core   0: 3 0x8000a674 (0x983f2823) mem 0x80010000 0x00000001
core   0: 0x8000a678 (0x0000bfe5) c.j     pc - 8
core   0: 3 0x8000a678 (0xbfe5)
core   0: 0x8000a670 (0x00006f17) auipc   t5, 0x6
core   0: 3 0x8000a670 (0x00006f17) x30 0x80010670
core   0: 0x8000a674 (0x983f2823) sw      gp, -1648(t5)
core   0: 3 0x8000a674 (0x983f2823) mem 0x80010000 0x00000001
core   0: 0x8000a678 (0x0000bfe5) c.j     pc - 8
core   0: 3 0x8000a678 (0xbfe5)
core   0: 0x8000a670 (0x00006f17) auipc   t5, 0x6
core   0: 3 0x8000a670 (0x00006f17) x30 0x80010670
core   0: 0x8000a674 (0x983f2823) sw      gp, -1648(t5)
core   0: 3 0x8000a674 (0x983f2823) mem 0x80010000 0x00000001
core   0: 0x8000a678 (0x0000bfe5) c.j     pc - 8
core   0: 3 0x8000a678 (0xbfe5)
core   0: 0x8000a670 (0x00006f17) auipc   t5, 0x6
core   0: 3 0x8000a670 (0x00006f17) x30 0x80010670
core   0: 0x8000a674 (0x983f2823) sw      gp, -1648(t5)
core   0: 3 0x8000a674 (0x983f2823) mem 0x80010000 0x00000001
core   0: 0x8000a678 (0x0000bfe5) c.j     pc - 8
core   0: 3 0x8000a678 (0xbfe5)
core   0: 0x8000a670 (0x00006f17) auipc   t5, 0x6
core   0: 3 0x8000a670 (0x00006f17) x30 0x80010670
core   0: 0x8000a674 (0x983f2823) sw      gp, -1648(t5)
core   0: 3 0x8000a674 (0x983f2823) mem 0x80010000 0x00000001
core   0: 0x8000a678 (0x0000bfe5) c.j     pc - 8
core   0: 3 0x8000a678 (0xbfe5)
core   0: 0x8000a670 (0x00006f17) auipc   t5, 0x6
core   0: 3 0x8000a670 (0x00006f17) x30 0x80010670
core   0: 0x8000a674 (0x983f2823) sw      gp, -1648(t5)
core   0: 3 0x8000a674 (0x983f2823) mem 0x80010000 0x00000001
core   0: 0x8000a678 (0x0000bfe5) c.j     pc - 8
core   0: 3 0x8000a678 (0xbfe5)
core   0: 0x8000a670 (0x00006f17) auipc   t5, 0x6
core   0: 3 0x8000a670 (0x00006f17) x30 0x80010670
core   0: 0x8000a674 (0x983f2823) sw      gp, -1648(t5)
core   0: 3 0x8000a674 (0x983f2823) mem 0x80010000 0x00000001
core   0: 0x8000a678 (0x0000bfe5) c.j     pc - 8
core   0: 3 0x8000a678 (0xbfe5)
core   0: 0x8000a670 (0x00006f17) auipc   t5, 0x6
core   0: 3 0x8000a670 (0x00006f17) x30 0x80010670
core   0: 0x8000a674 (0x983f2823) sw      gp, -1648(t5)
core   0: 3 0x8000a674 (0x983f2823) mem 0x80010000 0x00000001
core   0: 0x8000a678 (0x0000bfe5) c.j     pc - 8
core   0: 3 0x8000a678 (0xbfe5)
core   0: 0x8000a670 (0x00006f17) auipc   t5, 0x6
core   0: 3 0x8000a670 (0x00006f17) x30 0x80010670
core   0: 0x8000a674 (0x983f2823) sw      gp, -1648(t5)
core   0: 3 0x8000a674 (0x983f2823) mem 0x80010000 0x00000001
core   0: 0x8000a678 (0x0000bfe5) c.j     pc - 8
core   0: 3 0x8000a678 (0xbfe5)
core   0: 0x8000a670 (0x00006f17) auipc   t5, 0x6
core   0: 3 0x8000a670 (0x00006f17) x30 0x80010670
core   0: 0x8000a674 (0x983f2823) sw      gp, -1648(t5)
core   0: 3 0x8000a674 (0x983f2823) mem 0x80010000 0x00000001
core   0: 0x8000a678 (0x0000bfe5) c.j     pc - 8
core   0: 3 0x8000a678 (0xbfe5)
core   0: 0x8000a670 (0x00006f17) auipc   t5, 0x6
core   0: 3 0x8000a670 (0x00006f17) x30 0x80010670
core   0: 0x8000a674 (0x983f2823) sw      gp, -1648(t5)
core   0: 3 0x8000a674 (0x983f2823) mem 0x80010000 0x00000001
core   0: 0x8000a678 (0x0000bfe5) c.j     pc - 8
core   0: 3 0x8000a678 (0xbfe5)
core   0: 0x8000a670 (0x00006f17) auipc   t5, 0x6
core   0: 3 0x8000a670 (0x00006f17) x30 0x80010670
core   0: 0x8000a674 (0x983f2823) sw      gp, -1648(t5)
core   0: 3 0x8000a674 (0x983f2823) mem 0x80010000 0x00000001
core   0: 0x8000a678 (0x0000bfe5) c.j     pc - 8
core   0: 3 0x8000a678 (0xbfe5)
core   0: 0x8000a670 (0x00006f17) auipc   t5, 0x6
core   0: 3 0x8000a670 (0x00006f17) x30 0x80010670
core   0: 0x8000a674 (0x983f2823) sw      gp, -1648(t5)
core   0: 3 0x8000a674 (0x983f2823) mem 0x80010000 0x00000001
core   0: 0x8000a678 (0x0000bfe5) c.j     pc - 8
core   0: 3 0x8000a678 (0xbfe5)
core   0: 0x8000a670 (0x00006f17) auipc   t5, 0x6
core   0: 3 0x8000a670 (0x00006f17) x30 0x80010670
core   0: 0x8000a674 (0x983f2823) sw      gp, -1648(t5)
core   0: 3 0x8000a674 (0x983f2823) mem 0x80010000 0x00000001
core   0: 0x8000a678 (0x0000bfe5) c.j     pc - 8
core   0: 3 0x8000a678 (0xbfe5)
core   0: 0x8000a670 (0x00006f17) auipc   t5, 0x6
core   0: 3 0x8000a670 (0x00006f17) x30 0x80010670
core   0: 0x8000a674 (0x983f2823) sw      gp, -1648(t5)
core   0: 3 0x8000a674 (0x983f2823) mem 0x80010000 0x00000001
core   0: 0x8000a678 (0x0000bfe5) c.j     pc - 8
core   0: 3 0x8000a678 (0xbfe5)
core   0: 0x8000a670 (0x00006f17) auipc   t5, 0x6
core   0: 3 0x8000a670 (0x00006f17) x30 0x80010670
core   0: 0x8000a674 (0x983f2823) sw      gp, -1648(t5)
core   0: 3 0x8000a674 (0x983f2823) mem 0x80010000 0x00000001
core   0: 0x8000a678 (0x0000bfe5) c.j     pc - 8
core   0: 3 0x8000a678 (0xbfe5)
core   0: 0x8000a670 (0x00006f17) auipc   t5, 0x6
core   0: 3 0x8000a670 (0x00006f17) x30 0x80010670
core   0: 0x8000a674 (0x983f2823) sw      gp, -1648(t5)
core   0: 3 0x8000a674 (0x983f2823) mem 0x80010000 0x00000001
core   0: 0x8000a678 (0x0000bfe5) c.j     pc - 8
core   0: 3 0x8000a678 (0xbfe5)
core   0: 0x8000a670 (0x00006f17) auipc   t5, 0x6
core   0: 3 0x8000a670 (0x00006f17) x30 0x80010670
core   0: 0x8000a674 (0x983f2823) sw      gp, -1648(t5)
core   0: 3 0x8000a674 (0x983f2823) mem 0x80010000 0x00000001
core   0: 0x8000a678 (0x0000bfe5) c.j     pc - 8
core   0: 3 0x8000a678 (0xbfe5)
core   0: 0x8000a670 (0x00006f17) auipc   t5, 0x6
core   0: 3 0x8000a670 (0x00006f17) x30 0x80010670
core   0: 0x8000a674 (0x983f2823) sw      gp, -1648(t5)
core   0: 3 0x8000a674 (0x983f2823) mem 0x80010000 0x00000001
core   0: 0x8000a678 (0x0000bfe5) c.j     pc - 8
core   0: 3 0x8000a678 (0xbfe5)
core   0: 0x8000a670 (0x00006f17) auipc   t5, 0x6
core   0: 3 0x8000a670 (0x00006f17) x30 0x80010670
core   0: 0x8000a674 (0x983f2823) sw      gp, -1648(t5)
core   0: 3 0x8000a674 (0x983f2823) mem 0x80010000 0x00000001
core   0: 0x8000a678 (0x0000bfe5) c.j     pc - 8
core   0: 3 0x8000a678 (0xbfe5)
core   0: 0x8000a670 (0x00006f17) auipc   t5, 0x6
core   0: 3 0x8000a670 (0x00006f17) x30 0x80010670
core   0: 0x8000a674 (0x983f2823) sw      gp, -1648(t5)
core   0: 3 0x8000a674 (0x983f2823) mem 0x80010000 0x00000001
core   0: 0x8000a678 (0x0000bfe5) c.j     pc - 8
core   0: 3 0x8000a678 (0xbfe5)
core   0: 0x8000a670 (0x00006f17) auipc   t5, 0x6
core   0: 3 0x8000a670 (0x00006f17) x30 0x80010670
core   0: 0x8000a674 (0x983f2823) sw      gp, -1648(t5)
core   0: 3 0x8000a674 (0x983f2823) mem 0x80010000 0x00000001
core   0: 0x8000a678 (0x0000bfe5) c.j     pc - 8
core   0: 3 0x8000a678 (0xbfe5)
core   0: 0x8000a670 (0x00006f17) auipc   t5, 0x6
core   0: 3 0x8000a670 (0x00006f17) x30 0x80010670
core   0: 0x8000a674 (0x983f2823) sw      gp, -1648(t5)
core   0: 3 0x8000a674 (0x983f2823) mem 0x80010000 0x00000001
core   0: 0x8000a678 (0x0000bfe5) c.j     pc - 8
core   0: 3 0x8000a678 (0xbfe5)
core   0: 0x8000a670 (0x00006f17) auipc   t5, 0x6
core   0: 3 0x8000a670 (0x00006f17) x30 0x80010670
core   0: 0x8000a674 (0x983f2823) sw      gp, -1648(t5)
core   0: 3 0x8000a674 (0x983f2823) mem 0x80010000 0x00000001
core   0: 0x8000a678 (0x0000bfe5) c.j     pc - 8
core   0: 3 0x8000a678 (0xbfe5)
core   0: 0x8000a670 (0x00006f17) auipc   t5, 0x6
core   0: 3 0x8000a670 (0x00006f17) x30 0x80010670
core   0: 0x8000a674 (0x983f2823) sw      gp, -1648(t5)
core   0: 3 0x8000a674 (0x983f2823) mem 0x80010000 0x00000001
core   0: 0x8000a678 (0x0000bfe5) c.j     pc - 8
core   0: 3 0x8000a678 (0xbfe5)
core   0: 0x8000a670 (0x00006f17) auipc   t5, 0x6
core   0: 3 0x8000a670 (0x00006f17) x30 0x80010670
core   0: 0x8000a674 (0x983f2823) sw      gp, -1648(t5)
core   0: 3 0x8000a674 (0x983f2823) mem 0x80010000 0x00000001
core   0: 0x8000a678 (0x0000bfe5) c.j     pc - 8
core   0: 3 0x8000a678 (0xbfe5)
core   0: 0x8000a670 (0x00006f17) auipc   t5, 0x6
core   0: 3 0x8000a670 (0x00006f17) x30 0x80010670
core   0: 0x8000a674 (0x983f2823) sw      gp, -1648(t5)
core   0: 3 0x8000a674 (0x983f2823) mem 0x80010000 0x00000001
core   0: 0x8000a678 (0x0000bfe5) c.j     pc - 8
core   0: 3 0x8000a678 (0xbfe5)
core   0: 0x8000a670 (0x00006f17) auipc   t5, 0x6
core   0: 3 0x8000a670 (0x00006f17) x30 0x80010670
core   0: 0x8000a674 (0x983f2823) sw      gp, -1648(t5)
core   0: 3 0x8000a674 (0x983f2823) mem 0x80010000 0x00000001
core   0: 0x8000a678 (0x0000bfe5) c.j     pc - 8
core   0: 3 0x8000a678 (0xbfe5)
core   0: 0x8000a670 (0x00006f17) auipc   t5, 0x6
core   0: 3 0x8000a670 (0x00006f17) x30 0x80010670
core   0: 0x8000a674 (0x983f2823) sw      gp, -1648(t5)
core   0: 3 0x8000a674 (0x983f2823) mem 0x80010000 0x00000001
core   0: 0x8000a678 (0x0000bfe5) c.j     pc - 8
core   0: 3 0x8000a678 (0xbfe5)
core   0: 0x8000a670 (0x00006f17) auipc   t5, 0x6
core   0: 3 0x8000a670 (0x00006f17) x30 0x80010670
core   0: 0x8000a674 (0x983f2823) sw      gp, -1648(t5)
core   0: 3 0x8000a674 (0x983f2823) mem 0x80010000 0x00000001
core   0: 0x8000a678 (0x0000bfe5) c.j     pc - 8
core   0: 3 0x8000a678 (0xbfe5)
core   0: 0x8000a670 (0x00006f17) auipc   t5, 0x6
core   0: 3 0x8000a670 (0x00006f17) x30 0x80010670
core   0: 0x8000a674 (0x983f2823) sw      gp, -1648(t5)
core   0: 3 0x8000a674 (0x983f2823) mem 0x80010000 0x00000001
core   0: 0x8000a678 (0x0000bfe5) c.j     pc - 8
core   0: 3 0x8000a678 (0xbfe5)
core   0: 0x8000a670 (0x00006f17) auipc   t5, 0x6
core   0: 3 0x8000a670 (0x00006f17) x30 0x80010670
core   0: 0x8000a674 (0x983f2823) sw      gp, -1648(t5)
core   0: 3 0x8000a674 (0x983f2823) mem 0x80010000 0x00000001
core   0: 0x8000a678 (0x0000bfe5) c.j     pc - 8
core   0: 3 0x8000a678 (0xbfe5)
core   0: 0x8000a670 (0x00006f17) auipc   t5, 0x6
core   0: 3 0x8000a670 (0x00006f17) x30 0x80010670
core   0: 0x8000a674 (0x983f2823) sw      gp, -1648(t5)
core   0: 3 0x8000a674 (0x983f2823) mem 0x80010000 0x00000001
core   0: 0x8000a678 (0x0000bfe5) c.j     pc - 8
core   0: 3 0x8000a678 (0xbfe5)
core   0: 0x8000a670 (0x00006f17) auipc   t5, 0x6
core   0: 3 0x8000a670 (0x00006f17) x30 0x80010670
core   0: 0x8000a674 (0x983f2823) sw      gp, -1648(t5)
core   0: 3 0x8000a674 (0x983f2823) mem 0x80010000 0x00000001
core   0: 0x8000a678 (0x0000bfe5) c.j     pc - 8
core   0: 3 0x8000a678 (0xbfe5)
core   0: 0x8000a670 (0x00006f17) auipc   t5, 0x6
core   0: 3 0x8000a670 (0x00006f17) x30 0x80010670
core   0: 0x8000a674 (0x983f2823) sw      gp, -1648(t5)
core   0: 3 0x8000a674 (0x983f2823) mem 0x80010000 0x00000001
core   0: 0x8000a678 (0x0000bfe5) c.j     pc - 8
core   0: 3 0x8000a678 (0xbfe5)
core   0: 0x8000a670 (0x00006f17) auipc   t5, 0x6
core   0: 3 0x8000a670 (0x00006f17) x30 0x80010670
core   0: 0x8000a674 (0x983f2823) sw      gp, -1648(t5)
core   0: 3 0x8000a674 (0x983f2823) mem 0x80010000 0x00000001
core   0: 0x8000a678 (0x0000bfe5) c.j     pc - 8
core   0: 3 0x8000a678 (0xbfe5)
core   0: 0x8000a670 (0x00006f17) auipc   t5, 0x6
core   0: 3 0x8000a670 (0x00006f17) x30 0x80010670
core   0: 0x8000a674 (0x983f2823) sw      gp, -1648(t5)
core   0: 3 0x8000a674 (0x983f2823) mem 0x80010000 0x00000001
core   0: 0x8000a678 (0x0000bfe5) c.j     pc - 8
core   0: 3 0x8000a678 (0xbfe5)
core   0: 0x8000a670 (0x00006f17) auipc   t5, 0x6
core   0: 3 0x8000a670 (0x00006f17) x30 0x80010670
core   0: 0x8000a674 (0x983f2823) sw      gp, -1648(t5)
core   0: 3 0x8000a674 (0x983f2823) mem 0x80010000 0x00000001
core   0: 0x8000a678 (0x0000bfe5) c.j     pc - 8
core   0: 3 0x8000a678 (0xbfe5)
core   0: 0x8000a670 (0x00006f17) auipc   t5, 0x6
core   0: 3 0x8000a670 (0x00006f17) x30 0x80010670
core   0: 0x8000a674 (0x983f2823) sw      gp, -1648(t5)
core   0: 3 0x8000a674 (0x983f2823) mem 0x80010000 0x00000001
core   0: 0x8000a678 (0x0000bfe5) c.j     pc - 8
core   0: 3 0x8000a678 (0xbfe5)
core   0: 0x8000a670 (0x00006f17) auipc   t5, 0x6
core   0: 3 0x8000a670 (0x00006f17) x30 0x80010670
core   0: 0x8000a674 (0x983f2823) sw      gp, -1648(t5)
core   0: 3 0x8000a674 (0x983f2823) mem 0x80010000 0x00000001
core   0: 0x8000a678 (0x0000bfe5) c.j     pc - 8
core   0: 3 0x8000a678 (0xbfe5)
core   0: 0x8000a670 (0x00006f17) auipc   t5, 0x6
core   0: 3 0x8000a670 (0x00006f17) x30 0x80010670
core   0: 0x8000a674 (0x983f2823) sw      gp, -1648(t5)
core   0: 3 0x8000a674 (0x983f2823) mem 0x80010000 0x00000001
core   0: 0x8000a678 (0x0000bfe5) c.j     pc - 8
core   0: 3 0x8000a678 (0xbfe5)
core   0: 0x8000a670 (0x00006f17) auipc   t5, 0x6
core   0: 3 0x8000a670 (0x00006f17) x30 0x80010670
core   0: 0x8000a674 (0x983f2823) sw      gp, -1648(t5)
core   0: 3 0x8000a674 (0x983f2823) mem 0x80010000 0x00000001
core   0: 0x8000a678 (0x0000bfe5) c.j     pc - 8
core   0: 3 0x8000a678 (0xbfe5)
core   0: 0x8000a670 (0x00006f17) auipc   t5, 0x6
core   0: 3 0x8000a670 (0x00006f17) x30 0x80010670
core   0: 0x8000a674 (0x983f2823) sw      gp, -1648(t5)
core   0: 3 0x8000a674 (0x983f2823) mem 0x80010000 0x00000001
core   0: 0x8000a678 (0x0000bfe5) c.j     pc - 8
core   0: 3 0x8000a678 (0xbfe5)
core   0: 0x8000a670 (0x00006f17) auipc   t5, 0x6
core   0: 3 0x8000a670 (0x00006f17) x30 0x80010670
core   0: 0x8000a674 (0x983f2823) sw      gp, -1648(t5)
core   0: 3 0x8000a674 (0x983f2823) mem 0x80010000 0x00000001
core   0: 0x8000a678 (0x0000bfe5) c.j     pc - 8
core   0: 3 0x8000a678 (0xbfe5)
core   0: 0x8000a670 (0x00006f17) auipc   t5, 0x6
core   0: 3 0x8000a670 (0x00006f17) x30 0x80010670
core   0: 0x8000a674 (0x983f2823) sw      gp, -1648(t5)
core   0: 3 0x8000a674 (0x983f2823) mem 0x80010000 0x00000001
core   0: 0x8000a678 (0x0000bfe5) c.j     pc - 8
core   0: 3 0x8000a678 (0xbfe5)
core   0: 0x8000a670 (0x00006f17) auipc   t5, 0x6
core   0: 3 0x8000a670 (0x00006f17) x30 0x80010670
core   0: 0x8000a674 (0x983f2823) sw      gp, -1648(t5)
core   0: 3 0x8000a674 (0x983f2823) mem 0x80010000 0x00000001
core   0: 0x8000a678 (0x0000bfe5) c.j     pc - 8
core   0: 3 0x8000a678 (0xbfe5)
core   0: 0x8000a670 (0x00006f17) auipc   t5, 0x6
core   0: 3 0x8000a670 (0x00006f17) x30 0x80010670
core   0: 0x8000a674 (0x983f2823) sw      gp, -1648(t5)
core   0: 3 0x8000a674 (0x983f2823) mem 0x80010000 0x00000001
core   0: 0x8000a678 (0x0000bfe5) c.j     pc - 8
core   0: 3 0x8000a678 (0xbfe5)
core   0: 0x8000a670 (0x00006f17) auipc   t5, 0x6
core   0: 3 0x8000a670 (0x00006f17) x30 0x80010670
core   0: 0x8000a674 (0x983f2823) sw      gp, -1648(t5)
core   0: 3 0x8000a674 (0x983f2823) mem 0x80010000 0x00000001
core   0: 0x8000a678 (0x0000bfe5) c.j     pc - 8
core   0: 3 0x8000a678 (0xbfe5)
core   0: 0x8000a670 (0x00006f17) auipc   t5, 0x6
core   0: 3 0x8000a670 (0x00006f17) x30 0x80010670
core   0: 0x8000a674 (0x983f2823) sw      gp, -1648(t5)
core   0: 3 0x8000a674 (0x983f2823) mem 0x80010000 0x00000001
core   0: 0x8000a678 (0x0000bfe5) c.j     pc - 8
core   0: 3 0x8000a678 (0xbfe5)
core   0: 0x8000a670 (0x00006f17) auipc   t5, 0x6
core   0: 3 0x8000a670 (0x00006f17) x30 0x80010670
core   0: 0x8000a674 (0x983f2823) sw      gp, -1648(t5)
core   0: 3 0x8000a674 (0x983f2823) mem 0x80010000 0x00000001
core   0: 0x8000a678 (0x0000bfe5) c.j     pc - 8
core   0: 3 0x8000a678 (0xbfe5)
core   0: 0x8000a670 (0x00006f17) auipc   t5, 0x6
core   0: 3 0x8000a670 (0x00006f17) x30 0x80010670
core   0: 0x8000a674 (0x983f2823) sw      gp, -1648(t5)
core   0: 3 0x8000a674 (0x983f2823) mem 0x80010000 0x00000001
core   0: 0x8000a678 (0x0000bfe5) c.j     pc - 8
core   0: 3 0x8000a678 (0xbfe5)
core   0: 0x8000a670 (0x00006f17) auipc   t5, 0x6
core   0: 3 0x8000a670 (0x00006f17) x30 0x80010670
core   0: 0x8000a674 (0x983f2823) sw      gp, -1648(t5)
core   0: 3 0x8000a674 (0x983f2823) mem 0x80010000 0x00000001
core   0: 0x8000a678 (0x0000bfe5) c.j     pc - 8
core   0: 3 0x8000a678 (0xbfe5)
core   0: 0x8000a670 (0x00006f17) auipc   t5, 0x6
core   0: 3 0x8000a670 (0x00006f17) x30 0x80010670
core   0: 0x8000a674 (0x983f2823) sw      gp, -1648(t5)
core   0: 3 0x8000a674 (0x983f2823) mem 0x80010000 0x00000001
core   0: 0x8000a678 (0x0000bfe5) c.j     pc - 8
core   0: 3 0x8000a678 (0xbfe5)
core   0: 0x8000a670 (0x00006f17) auipc   t5, 0x6
core   0: 3 0x8000a670 (0x00006f17) x30 0x80010670
core   0: 0x8000a674 (0x983f2823) sw      gp, -1648(t5)
core   0: 3 0x8000a674 (0x983f2823) mem 0x80010000 0x00000001
core   0: 0x8000a678 (0x0000bfe5) c.j     pc - 8
core   0: 3 0x8000a678 (0xbfe5)
core   0: 0x8000a670 (0x00006f17) auipc   t5, 0x6
core   0: 3 0x8000a670 (0x00006f17) x30 0x80010670
core   0: 0x8000a674 (0x983f2823) sw      gp, -1648(t5)
core   0: 3 0x8000a674 (0x983f2823) mem 0x80010000 0x00000001
core   0: 0x8000a678 (0x0000bfe5) c.j     pc - 8
core   0: 3 0x8000a678 (0xbfe5)
core   0: 0x8000a670 (0x00006f17) auipc   t5, 0x6
core   0: 3 0x8000a670 (0x00006f17) x30 0x80010670
core   0: 0x8000a674 (0x983f2823) sw      gp, -1648(t5)
core   0: 3 0x8000a674 (0x983f2823) mem 0x80010000 0x00000001
core   0: 0x8000a678 (0x0000bfe5) c.j     pc - 8
core   0: 3 0x8000a678 (0xbfe5)
core   0: 0x8000a670 (0x00006f17) auipc   t5, 0x6
core   0: 3 0x8000a670 (0x00006f17) x30 0x80010670
core   0: 0x8000a674 (0x983f2823) sw      gp, -1648(t5)
core   0: 3 0x8000a674 (0x983f2823) mem 0x80010000 0x00000001
core   0: 0x8000a678 (0x0000bfe5) c.j     pc - 8
core   0: 3 0x8000a678 (0xbfe5)
core   0: 0x8000a670 (0x00006f17) auipc   t5, 0x6
core   0: 3 0x8000a670 (0x00006f17) x30 0x80010670
core   0: 0x8000a674 (0x983f2823) sw      gp, -1648(t5)
core   0: 3 0x8000a674 (0x983f2823) mem 0x80010000 0x00000001
core   0: 0x8000a678 (0x0000bfe5) c.j     pc - 8
core   0: 3 0x8000a678 (0xbfe5)
core   0: 0x8000a670 (0x00006f17) auipc   t5, 0x6
core   0: 3 0x8000a670 (0x00006f17) x30 0x80010670
core   0: 0x8000a674 (0x983f2823) sw      gp, -1648(t5)
core   0: 3 0x8000a674 (0x983f2823) mem 0x80010000 0x00000001
core   0: 0x8000a678 (0x0000bfe5) c.j     pc - 8
core   0: 3 0x8000a678 (0xbfe5)
core   0: 0x8000a670 (0x00006f17) auipc   t5, 0x6
core   0: 3 0x8000a670 (0x00006f17) x30 0x80010670
core   0: 0x8000a674 (0x983f2823) sw      gp, -1648(t5)
core   0: 3 0x8000a674 (0x983f2823) mem 0x80010000 0x00000001
core   0: 0x8000a678 (0x0000bfe5) c.j     pc - 8
core   0: 3 0x8000a678 (0xbfe5)
core   0: 0x8000a670 (0x00006f17) auipc   t5, 0x6
core   0: 3 0x8000a670 (0x00006f17) x30 0x80010670
core   0: 0x8000a674 (0x983f2823) sw      gp, -1648(t5)
core   0: 3 0x8000a674 (0x983f2823) mem 0x80010000 0x00000001
core   0: 0x8000a678 (0x0000bfe5) c.j     pc - 8
core   0: 3 0x8000a678 (0xbfe5)
core   0: 0x8000a670 (0x00006f17) auipc   t5, 0x6
core   0: 3 0x8000a670 (0x00006f17) x30 0x80010670
core   0: 0x8000a674 (0x983f2823) sw      gp, -1648(t5)
core   0: 3 0x8000a674 (0x983f2823) mem 0x80010000 0x00000001
core   0: 0x8000a678 (0x0000bfe5) c.j     pc - 8
core   0: 3 0x8000a678 (0xbfe5)
core   0: 0x8000a670 (0x00006f17) auipc   t5, 0x6
core   0: 3 0x8000a670 (0x00006f17) x30 0x80010670
core   0: 0x8000a674 (0x983f2823) sw      gp, -1648(t5)
core   0: 3 0x8000a674 (0x983f2823) mem 0x80010000 0x00000001
core   0: 0x8000a678 (0x0000bfe5) c.j     pc - 8
core   0: 3 0x8000a678 (0xbfe5)
core   0: 0x8000a670 (0x00006f17) auipc   t5, 0x6
core   0: 3 0x8000a670 (0x00006f17) x30 0x80010670
core   0: 0x8000a674 (0x983f2823) sw      gp, -1648(t5)
core   0: 3 0x8000a674 (0x983f2823) mem 0x80010000 0x00000001
core   0: 0x8000a678 (0x0000bfe5) c.j     pc - 8
core   0: 3 0x8000a678 (0xbfe5)
core   0: 0x8000a670 (0x00006f17) auipc   t5, 0x6
core   0: 3 0x8000a670 (0x00006f17) x30 0x80010670
core   0: 0x8000a674 (0x983f2823) sw      gp, -1648(t5)
core   0: 3 0x8000a674 (0x983f2823) mem 0x80010000 0x00000001
core   0: 0x8000a678 (0x0000bfe5) c.j     pc - 8
core   0: 3 0x8000a678 (0xbfe5)
core   0: 0x8000a670 (0x00006f17) auipc   t5, 0x6
core   0: 3 0x8000a670 (0x00006f17) x30 0x80010670
core   0: 0x8000a674 (0x983f2823) sw      gp, -1648(t5)
core   0: 3 0x8000a674 (0x983f2823) mem 0x80010000 0x00000001
core   0: 0x8000a678 (0x0000bfe5) c.j     pc - 8
core   0: 3 0x8000a678 (0xbfe5)
core   0: 0x8000a670 (0x00006f17) auipc   t5, 0x6
core   0: 3 0x8000a670 (0x00006f17) x30 0x80010670
core   0: 0x8000a674 (0x983f2823) sw      gp, -1648(t5)
core   0: 3 0x8000a674 (0x983f2823) mem 0x80010000 0x00000001
core   0: 0x8000a678 (0x0000bfe5) c.j     pc - 8
core   0: 3 0x8000a678 (0xbfe5)
core   0: 0x8000a670 (0x00006f17) auipc   t5, 0x6
core   0: 3 0x8000a670 (0x00006f17) x30 0x80010670
core   0: 0x8000a674 (0x983f2823) sw      gp, -1648(t5)
core   0: 3 0x8000a674 (0x983f2823) mem 0x80010000 0x00000001
core   0: 0x8000a678 (0x0000bfe5) c.j     pc - 8
core   0: 3 0x8000a678 (0xbfe5)
core   0: 0x8000a670 (0x00006f17) auipc   t5, 0x6
core   0: 3 0x8000a670 (0x00006f17) x30 0x80010670
core   0: 0x8000a674 (0x983f2823) sw      gp, -1648(t5)
core   0: 3 0x8000a674 (0x983f2823) mem 0x80010000 0x00000001
core   0: 0x8000a678 (0x0000bfe5) c.j     pc - 8
core   0: 3 0x8000a678 (0xbfe5)
core   0: 0x8000a670 (0x00006f17) auipc   t5, 0x6
core   0: 3 0x8000a670 (0x00006f17) x30 0x80010670
core   0: 0x8000a674 (0x983f2823) sw      gp, -1648(t5)
core   0: 3 0x8000a674 (0x983f2823) mem 0x80010000 0x00000001
core   0: 0x8000a678 (0x0000bfe5) c.j     pc - 8
core   0: 3 0x8000a678 (0xbfe5)
core   0: 0x8000a670 (0x00006f17) auipc   t5, 0x6
core   0: 3 0x8000a670 (0x00006f17) x30 0x80010670
core   0: 0x8000a674 (0x983f2823) sw      gp, -1648(t5)
core   0: 3 0x8000a674 (0x983f2823) mem 0x80010000 0x00000001
core   0: 0x8000a678 (0x0000bfe5) c.j     pc - 8
core   0: 3 0x8000a678 (0xbfe5)
core   0: 0x8000a670 (0x00006f17) auipc   t5, 0x6
core   0: 3 0x8000a670 (0x00006f17) x30 0x80010670
core   0: 0x8000a674 (0x983f2823) sw      gp, -1648(t5)
core   0: 3 0x8000a674 (0x983f2823) mem 0x80010000 0x00000001
core   0: 0x8000a678 (0x0000bfe5) c.j     pc - 8
core   0: 3 0x8000a678 (0xbfe5)
core   0: 0x8000a670 (0x00006f17) auipc   t5, 0x6
core   0: 3 0x8000a670 (0x00006f17) x30 0x80010670
core   0: 0x8000a674 (0x983f2823) sw      gp, -1648(t5)
core   0: 3 0x8000a674 (0x983f2823) mem 0x80010000 0x00000001
core   0: 0x8000a678 (0x0000bfe5) c.j     pc - 8
core   0: 3 0x8000a678 (0xbfe5)
core   0: 0x8000a670 (0x00006f17) auipc   t5, 0x6
core   0: 3 0x8000a670 (0x00006f17) x30 0x80010670
core   0: 0x8000a674 (0x983f2823) sw      gp, -1648(t5)
core   0: 3 0x8000a674 (0x983f2823) mem 0x80010000 0x00000001
core   0: 0x8000a678 (0x0000bfe5) c.j     pc - 8
core   0: 3 0x8000a678 (0xbfe5)
core   0: 0x8000a670 (0x00006f17) auipc   t5, 0x6
core   0: 3 0x8000a670 (0x00006f17) x30 0x80010670
core   0: 0x8000a674 (0x983f2823) sw      gp, -1648(t5)
core   0: 3 0x8000a674 (0x983f2823) mem 0x80010000 0x00000001
core   0: 0x8000a678 (0x0000bfe5) c.j     pc - 8
core   0: 3 0x8000a678 (0xbfe5)
core   0: 0x8000a670 (0x00006f17) auipc   t5, 0x6
core   0: 3 0x8000a670 (0x00006f17) x30 0x80010670
core   0: 0x8000a674 (0x983f2823) sw      gp, -1648(t5)
core   0: 3 0x8000a674 (0x983f2823) mem 0x80010000 0x00000001
core   0: 0x8000a678 (0x0000bfe5) c.j     pc - 8
core   0: 3 0x8000a678 (0xbfe5)
core   0: 0x8000a670 (0x00006f17) auipc   t5, 0x6
core   0: 3 0x8000a670 (0x00006f17) x30 0x80010670
core   0: 0x8000a674 (0x983f2823) sw      gp, -1648(t5)
core   0: 3 0x8000a674 (0x983f2823) mem 0x80010000 0x00000001
core   0: 0x8000a678 (0x0000bfe5) c.j     pc - 8
core   0: 3 0x8000a678 (0xbfe5)
core   0: 0x8000a670 (0x00006f17) auipc   t5, 0x6
core   0: 3 0x8000a670 (0x00006f17) x30 0x80010670
core   0: 0x8000a674 (0x983f2823) sw      gp, -1648(t5)
core   0: 3 0x8000a674 (0x983f2823) mem 0x80010000 0x00000001
core   0: 0x8000a678 (0x0000bfe5) c.j     pc - 8
core   0: 3 0x8000a678 (0xbfe5)
core   0: 0x8000a670 (0x00006f17) auipc   t5, 0x6
core   0: 3 0x8000a670 (0x00006f17) x30 0x80010670
core   0: 0x8000a674 (0x983f2823) sw      gp, -1648(t5)
core   0: 3 0x8000a674 (0x983f2823) mem 0x80010000 0x00000001
core   0: 0x8000a678 (0x0000bfe5) c.j     pc - 8
core   0: 3 0x8000a678 (0xbfe5)
core   0: 0x8000a670 (0x00006f17) auipc   t5, 0x6
core   0: 3 0x8000a670 (0x00006f17) x30 0x80010670
core   0: 0x8000a674 (0x983f2823) sw      gp, -1648(t5)
core   0: 3 0x8000a674 (0x983f2823) mem 0x80010000 0x00000001
core   0: 0x8000a678 (0x0000bfe5) c.j     pc - 8
core   0: 3 0x8000a678 (0xbfe5)
core   0: 0x8000a670 (0x00006f17) auipc   t5, 0x6
core   0: 3 0x8000a670 (0x00006f17) x30 0x80010670
core   0: 0x8000a674 (0x983f2823) sw      gp, -1648(t5)
core   0: 3 0x8000a674 (0x983f2823) mem 0x80010000 0x00000001
core   0: 0x8000a678 (0x0000bfe5) c.j     pc - 8
core   0: 3 0x8000a678 (0xbfe5)
core   0: 0x8000a670 (0x00006f17) auipc   t5, 0x6
core   0: 3 0x8000a670 (0x00006f17) x30 0x80010670
core   0: 0x8000a674 (0x983f2823) sw      gp, -1648(t5)
core   0: 3 0x8000a674 (0x983f2823) mem 0x80010000 0x00000001
core   0: 0x8000a678 (0x0000bfe5) c.j     pc - 8
core   0: 3 0x8000a678 (0xbfe5)
core   0: 0x8000a670 (0x00006f17) auipc   t5, 0x6
core   0: 3 0x8000a670 (0x00006f17) x30 0x80010670
core   0: 0x8000a674 (0x983f2823) sw      gp, -1648(t5)
core   0: 3 0x8000a674 (0x983f2823) mem 0x80010000 0x00000001
core   0: 0x8000a678 (0x0000bfe5) c.j     pc - 8
core   0: 3 0x8000a678 (0xbfe5)
core   0: 0x8000a670 (0x00006f17) auipc   t5, 0x6
core   0: 3 0x8000a670 (0x00006f17) x30 0x80010670
core   0: 0x8000a674 (0x983f2823) sw      gp, -1648(t5)
core   0: 3 0x8000a674 (0x983f2823) mem 0x80010000 0x00000001
core   0: 0x8000a678 (0x0000bfe5) c.j     pc - 8
core   0: 3 0x8000a678 (0xbfe5)
core   0: 0x8000a670 (0x00006f17) auipc   t5, 0x6
core   0: 3 0x8000a670 (0x00006f17) x30 0x80010670
core   0: 0x8000a674 (0x983f2823) sw      gp, -1648(t5)
core   0: 3 0x8000a674 (0x983f2823) mem 0x80010000 0x00000001
core   0: 0x8000a678 (0x0000bfe5) c.j     pc - 8
core   0: 3 0x8000a678 (0xbfe5)
core   0: 0x8000a670 (0x00006f17) auipc   t5, 0x6
core   0: 3 0x8000a670 (0x00006f17) x30 0x80010670
core   0: 0x8000a674 (0x983f2823) sw      gp, -1648(t5)
core   0: 3 0x8000a674 (0x983f2823) mem 0x80010000 0x00000001
core   0: 0x8000a678 (0x0000bfe5) c.j     pc - 8
core   0: 3 0x8000a678 (0xbfe5)
core   0: 0x8000a670 (0x00006f17) auipc   t5, 0x6
core   0: 3 0x8000a670 (0x00006f17) x30 0x80010670
core   0: 0x8000a674 (0x983f2823) sw      gp, -1648(t5)
core   0: 3 0x8000a674 (0x983f2823) mem 0x80010000 0x00000001
core   0: 0x8000a678 (0x0000bfe5) c.j     pc - 8
core   0: 3 0x8000a678 (0xbfe5)
core   0: 0x8000a670 (0x00006f17) auipc   t5, 0x6
core   0: 3 0x8000a670 (0x00006f17) x30 0x80010670
core   0: 0x8000a674 (0x983f2823) sw      gp, -1648(t5)
core   0: 3 0x8000a674 (0x983f2823) mem 0x80010000 0x00000001
core   0: 0x8000a678 (0x0000bfe5) c.j     pc - 8
core   0: 3 0x8000a678 (0xbfe5)
core   0: 0x8000a670 (0x00006f17) auipc   t5, 0x6
core   0: 3 0x8000a670 (0x00006f17) x30 0x80010670
core   0: 0x8000a674 (0x983f2823) sw      gp, -1648(t5)
core   0: 3 0x8000a674 (0x983f2823) mem 0x80010000 0x00000001
core   0: 0x8000a678 (0x0000bfe5) c.j     pc - 8
core   0: 3 0x8000a678 (0xbfe5)
core   0: 0x8000a670 (0x00006f17) auipc   t5, 0x6
core   0: 3 0x8000a670 (0x00006f17) x30 0x80010670
core   0: 0x8000a674 (0x983f2823) sw      gp, -1648(t5)
core   0: 3 0x8000a674 (0x983f2823) mem 0x80010000 0x00000001
core   0: 0x8000a678 (0x0000bfe5) c.j     pc - 8
core   0: 3 0x8000a678 (0xbfe5)
core   0: 0x8000a670 (0x00006f17) auipc   t5, 0x6
core   0: 3 0x8000a670 (0x00006f17) x30 0x80010670
core   0: 0x8000a674 (0x983f2823) sw      gp, -1648(t5)
core   0: 3 0x8000a674 (0x983f2823) mem 0x80010000 0x00000001
core   0: 0x8000a678 (0x0000bfe5) c.j     pc - 8
core   0: 3 0x8000a678 (0xbfe5)
core   0: 0x8000a670 (0x00006f17) auipc   t5, 0x6
core   0: 3 0x8000a670 (0x00006f17) x30 0x80010670
core   0: 0x8000a674 (0x983f2823) sw      gp, -1648(t5)
core   0: 3 0x8000a674 (0x983f2823) mem 0x80010000 0x00000001
core   0: 0x8000a678 (0x0000bfe5) c.j     pc - 8
core   0: 3 0x8000a678 (0xbfe5)
core   0: 0x8000a670 (0x00006f17) auipc   t5, 0x6
core   0: 3 0x8000a670 (0x00006f17) x30 0x80010670
core   0: 0x8000a674 (0x983f2823) sw      gp, -1648(t5)
core   0: 3 0x8000a674 (0x983f2823) mem 0x80010000 0x00000001
core   0: 0x8000a678 (0x0000bfe5) c.j     pc - 8
core   0: 3 0x8000a678 (0xbfe5)
core   0: 0x8000a670 (0x00006f17) auipc   t5, 0x6
core   0: 3 0x8000a670 (0x00006f17) x30 0x80010670
core   0: 0x8000a674 (0x983f2823) sw      gp, -1648(t5)
core   0: 3 0x8000a674 (0x983f2823) mem 0x80010000 0x00000001
core   0: 0x8000a678 (0x0000bfe5) c.j     pc - 8
core   0: 3 0x8000a678 (0xbfe5)
core   0: 0x8000a670 (0x00006f17) auipc   t5, 0x6
core   0: 3 0x8000a670 (0x00006f17) x30 0x80010670
core   0: 0x8000a674 (0x983f2823) sw      gp, -1648(t5)
core   0: 3 0x8000a674 (0x983f2823) mem 0x80010000 0x00000001
core   0: 0x8000a678 (0x0000bfe5) c.j     pc - 8
core   0: 3 0x8000a678 (0xbfe5)
core   0: 0x8000a670 (0x00006f17) auipc   t5, 0x6
core   0: 3 0x8000a670 (0x00006f17) x30 0x80010670
core   0: 0x8000a674 (0x983f2823) sw      gp, -1648(t5)
core   0: 3 0x8000a674 (0x983f2823) mem 0x80010000 0x00000001
core   0: 0x8000a678 (0x0000bfe5) c.j     pc - 8
core   0: 3 0x8000a678 (0xbfe5)
core   0: 0x8000a670 (0x00006f17) auipc   t5, 0x6
core   0: 3 0x8000a670 (0x00006f17) x30 0x80010670
core   0: 0x8000a674 (0x983f2823) sw      gp, -1648(t5)
core   0: 3 0x8000a674 (0x983f2823) mem 0x80010000 0x00000001
core   0: 0x8000a678 (0x0000bfe5) c.j     pc - 8
core   0: 3 0x8000a678 (0xbfe5)
core   0: 0x8000a670 (0x00006f17) auipc   t5, 0x6
core   0: 3 0x8000a670 (0x00006f17) x30 0x80010670
core   0: 0x8000a674 (0x983f2823) sw      gp, -1648(t5)
core   0: 3 0x8000a674 (0x983f2823) mem 0x80010000 0x00000001
core   0: 0x8000a678 (0x0000bfe5) c.j     pc - 8
core   0: 3 0x8000a678 (0xbfe5)
core   0: 0x8000a670 (0x00006f17) auipc   t5, 0x6
core   0: 3 0x8000a670 (0x00006f17) x30 0x80010670
core   0: 0x8000a674 (0x983f2823) sw      gp, -1648(t5)
core   0: 3 0x8000a674 (0x983f2823) mem 0x80010000 0x00000001
core   0: 0x8000a678 (0x0000bfe5) c.j     pc - 8
core   0: 3 0x8000a678 (0xbfe5)
core   0: 0x8000a670 (0x00006f17) auipc   t5, 0x6
core   0: 3 0x8000a670 (0x00006f17) x30 0x80010670
core   0: 0x8000a674 (0x983f2823) sw      gp, -1648(t5)
core   0: 3 0x8000a674 (0x983f2823) mem 0x80010000 0x00000001
core   0: 0x8000a678 (0x0000bfe5) c.j     pc - 8
core   0: 3 0x8000a678 (0xbfe5)
core   0: 0x8000a670 (0x00006f17) auipc   t5, 0x6
core   0: 3 0x8000a670 (0x00006f17) x30 0x80010670
core   0: 0x8000a674 (0x983f2823) sw      gp, -1648(t5)
core   0: 3 0x8000a674 (0x983f2823) mem 0x80010000 0x00000001
core   0: 0x8000a678 (0x0000bfe5) c.j     pc - 8
core   0: 3 0x8000a678 (0xbfe5)
core   0: 0x8000a670 (0x00006f17) auipc   t5, 0x6
core   0: 3 0x8000a670 (0x00006f17) x30 0x80010670
core   0: 0x8000a674 (0x983f2823) sw      gp, -1648(t5)
core   0: 3 0x8000a674 (0x983f2823) mem 0x80010000 0x00000001
core   0: 0x8000a678 (0x0000bfe5) c.j     pc - 8
core   0: 3 0x8000a678 (0xbfe5)
core   0: 0x8000a670 (0x00006f17) auipc   t5, 0x6
core   0: 3 0x8000a670 (0x00006f17) x30 0x80010670
core   0: 0x8000a674 (0x983f2823) sw      gp, -1648(t5)
core   0: 3 0x8000a674 (0x983f2823) mem 0x80010000 0x00000001
core   0: 0x8000a678 (0x0000bfe5) c.j     pc - 8
core   0: 3 0x8000a678 (0xbfe5)
core   0: 0x8000a670 (0x00006f17) auipc   t5, 0x6
core   0: 3 0x8000a670 (0x00006f17) x30 0x80010670
core   0: 0x8000a674 (0x983f2823) sw      gp, -1648(t5)
core   0: 3 0x8000a674 (0x983f2823) mem 0x80010000 0x00000001
core   0: 0x8000a678 (0x0000bfe5) c.j     pc - 8
core   0: 3 0x8000a678 (0xbfe5)
core   0: 0x8000a670 (0x00006f17) auipc   t5, 0x6
core   0: 3 0x8000a670 (0x00006f17) x30 0x80010670
core   0: 0x8000a674 (0x983f2823) sw      gp, -1648(t5)
core   0: 3 0x8000a674 (0x983f2823) mem 0x80010000 0x00000001
core   0: 0x8000a678 (0x0000bfe5) c.j     pc - 8
core   0: 3 0x8000a678 (0xbfe5)
core   0: 0x8000a670 (0x00006f17) auipc   t5, 0x6
core   0: 3 0x8000a670 (0x00006f17) x30 0x80010670
core   0: 0x8000a674 (0x983f2823) sw      gp, -1648(t5)
core   0: 3 0x8000a674 (0x983f2823) mem 0x80010000 0x00000001
core   0: 0x8000a678 (0x0000bfe5) c.j     pc - 8
core   0: 3 0x8000a678 (0xbfe5)
core   0: 0x8000a670 (0x00006f17) auipc   t5, 0x6
core   0: 3 0x8000a670 (0x00006f17) x30 0x80010670
core   0: 0x8000a674 (0x983f2823) sw      gp, -1648(t5)
core   0: 3 0x8000a674 (0x983f2823) mem 0x80010000 0x00000001
core   0: 0x8000a678 (0x0000bfe5) c.j     pc - 8
core   0: 3 0x8000a678 (0xbfe5)
core   0: 0x8000a670 (0x00006f17) auipc   t5, 0x6
core   0: 3 0x8000a670 (0x00006f17) x30 0x80010670
core   0: 0x8000a674 (0x983f2823) sw      gp, -1648(t5)
core   0: 3 0x8000a674 (0x983f2823) mem 0x80010000 0x00000001
core   0: 0x8000a678 (0x0000bfe5) c.j     pc - 8
core   0: 3 0x8000a678 (0xbfe5)
core   0: 0x8000a670 (0x00006f17) auipc   t5, 0x6
core   0: 3 0x8000a670 (0x00006f17) x30 0x80010670
core   0: 0x8000a674 (0x983f2823) sw      gp, -1648(t5)
core   0: 3 0x8000a674 (0x983f2823) mem 0x80010000 0x00000001
core   0: 0x8000a678 (0x0000bfe5) c.j     pc - 8
core   0: 3 0x8000a678 (0xbfe5)
core   0: 0x8000a670 (0x00006f17) auipc   t5, 0x6
core   0: 3 0x8000a670 (0x00006f17) x30 0x80010670
core   0: 0x8000a674 (0x983f2823) sw      gp, -1648(t5)
core   0: 3 0x8000a674 (0x983f2823) mem 0x80010000 0x00000001
core   0: 0x8000a678 (0x0000bfe5) c.j     pc - 8
core   0: 3 0x8000a678 (0xbfe5)
core   0: 0x8000a670 (0x00006f17) auipc   t5, 0x6
core   0: 3 0x8000a670 (0x00006f17) x30 0x80010670
core   0: 0x8000a674 (0x983f2823) sw      gp, -1648(t5)
core   0: 3 0x8000a674 (0x983f2823) mem 0x80010000 0x00000001
core   0: 0x8000a678 (0x0000bfe5) c.j     pc - 8
core   0: 3 0x8000a678 (0xbfe5)
core   0: 0x8000a670 (0x00006f17) auipc   t5, 0x6
core   0: 3 0x8000a670 (0x00006f17) x30 0x80010670
core   0: 0x8000a674 (0x983f2823) sw      gp, -1648(t5)
core   0: 3 0x8000a674 (0x983f2823) mem 0x80010000 0x00000001
core   0: 0x8000a678 (0x0000bfe5) c.j     pc - 8
core   0: 3 0x8000a678 (0xbfe5)
core   0: 0x8000a670 (0x00006f17) auipc   t5, 0x6
core   0: 3 0x8000a670 (0x00006f17) x30 0x80010670
core   0: 0x8000a674 (0x983f2823) sw      gp, -1648(t5)
core   0: 3 0x8000a674 (0x983f2823) mem 0x80010000 0x00000001
core   0: 0x8000a678 (0x0000bfe5) c.j     pc - 8
core   0: 3 0x8000a678 (0xbfe5)
core   0: 0x8000a670 (0x00006f17) auipc   t5, 0x6
core   0: 3 0x8000a670 (0x00006f17) x30 0x80010670
core   0: 0x8000a674 (0x983f2823) sw      gp, -1648(t5)
core   0: 3 0x8000a674 (0x983f2823) mem 0x80010000 0x00000001
core   0: 0x8000a678 (0x0000bfe5) c.j     pc - 8
core   0: 3 0x8000a678 (0xbfe5)
core   0: 0x8000a670 (0x00006f17) auipc   t5, 0x6
core   0: 3 0x8000a670 (0x00006f17) x30 0x80010670
core   0: 0x8000a674 (0x983f2823) sw      gp, -1648(t5)
core   0: 3 0x8000a674 (0x983f2823) mem 0x80010000 0x00000001
core   0: 0x8000a678 (0x0000bfe5) c.j     pc - 8
core   0: 3 0x8000a678 (0xbfe5)
core   0: 0x8000a670 (0x00006f17) auipc   t5, 0x6
core   0: 3 0x8000a670 (0x00006f17) x30 0x80010670
core   0: 0x8000a674 (0x983f2823) sw      gp, -1648(t5)
core   0: 3 0x8000a674 (0x983f2823) mem 0x80010000 0x00000001
core   0: 0x8000a678 (0x0000bfe5) c.j     pc - 8
core   0: 3 0x8000a678 (0xbfe5)
core   0: 0x8000a670 (0x00006f17) auipc   t5, 0x6
core   0: 3 0x8000a670 (0x00006f17) x30 0x80010670
core   0: 0x8000a674 (0x983f2823) sw      gp, -1648(t5)
core   0: 3 0x8000a674 (0x983f2823) mem 0x80010000 0x00000001
core   0: 0x8000a678 (0x0000bfe5) c.j     pc - 8
core   0: 3 0x8000a678 (0xbfe5)
core   0: 0x8000a670 (0x00006f17) auipc   t5, 0x6
core   0: 3 0x8000a670 (0x00006f17) x30 0x80010670
core   0: 0x8000a674 (0x983f2823) sw      gp, -1648(t5)
core   0: 3 0x8000a674 (0x983f2823) mem 0x80010000 0x00000001
core   0: 0x8000a678 (0x0000bfe5) c.j     pc - 8
core   0: 3 0x8000a678 (0xbfe5)
core   0: 0x8000a670 (0x00006f17) auipc   t5, 0x6
core   0: 3 0x8000a670 (0x00006f17) x30 0x80010670
core   0: 0x8000a674 (0x983f2823) sw      gp, -1648(t5)
core   0: 3 0x8000a674 (0x983f2823) mem 0x80010000 0x00000001
core   0: 0x8000a678 (0x0000bfe5) c.j     pc - 8
core   0: 3 0x8000a678 (0xbfe5)
core   0: 0x8000a670 (0x00006f17) auipc   t5, 0x6
core   0: 3 0x8000a670 (0x00006f17) x30 0x80010670
core   0: 0x8000a674 (0x983f2823) sw      gp, -1648(t5)
core   0: 3 0x8000a674 (0x983f2823) mem 0x80010000 0x00000001
core   0: 0x8000a678 (0x0000bfe5) c.j     pc - 8
core   0: 3 0x8000a678 (0xbfe5)
core   0: 0x8000a670 (0x00006f17) auipc   t5, 0x6
core   0: 3 0x8000a670 (0x00006f17) x30 0x80010670
core   0: 0x8000a674 (0x983f2823) sw      gp, -1648(t5)
core   0: 3 0x8000a674 (0x983f2823) mem 0x80010000 0x00000001
core   0: 0x8000a678 (0x0000bfe5) c.j     pc - 8
core   0: 3 0x8000a678 (0xbfe5)
core   0: 0x8000a670 (0x00006f17) auipc   t5, 0x6
core   0: 3 0x8000a670 (0x00006f17) x30 0x80010670
core   0: 0x8000a674 (0x983f2823) sw      gp, -1648(t5)
core   0: 3 0x8000a674 (0x983f2823) mem 0x80010000 0x00000001
core   0: 0x8000a678 (0x0000bfe5) c.j     pc - 8
core   0: 3 0x8000a678 (0xbfe5)
core   0: 0x8000a670 (0x00006f17) auipc   t5, 0x6
core   0: 3 0x8000a670 (0x00006f17) x30 0x80010670
core   0: 0x8000a674 (0x983f2823) sw      gp, -1648(t5)
core   0: 3 0x8000a674 (0x983f2823) mem 0x80010000 0x00000001
core   0: 0x8000a678 (0x0000bfe5) c.j     pc - 8
core   0: 3 0x8000a678 (0xbfe5)
core   0: 0x8000a670 (0x00006f17) auipc   t5, 0x6
core   0: 3 0x8000a670 (0x00006f17) x30 0x80010670
core   0: 0x8000a674 (0x983f2823) sw      gp, -1648(t5)
core   0: 3 0x8000a674 (0x983f2823) mem 0x80010000 0x00000001
core   0: 0x8000a678 (0x0000bfe5) c.j     pc - 8
core   0: 3 0x8000a678 (0xbfe5)
core   0: 0x8000a670 (0x00006f17) auipc   t5, 0x6
core   0: 3 0x8000a670 (0x00006f17) x30 0x80010670
core   0: 0x8000a674 (0x983f2823) sw      gp, -1648(t5)
core   0: 3 0x8000a674 (0x983f2823) mem 0x80010000 0x00000001
core   0: 0x8000a678 (0x0000bfe5) c.j     pc - 8
core   0: 3 0x8000a678 (0xbfe5)
core   0: 0x8000a670 (0x00006f17) auipc   t5, 0x6
core   0: 3 0x8000a670 (0x00006f17) x30 0x80010670
core   0: 0x8000a674 (0x983f2823) sw      gp, -1648(t5)
core   0: 3 0x8000a674 (0x983f2823) mem 0x80010000 0x00000001
core   0: 0x8000a678 (0x0000bfe5) c.j     pc - 8
core   0: 3 0x8000a678 (0xbfe5)
core   0: 0x8000a670 (0x00006f17) auipc   t5, 0x6
core   0: 3 0x8000a670 (0x00006f17) x30 0x80010670
core   0: 0x8000a674 (0x983f2823) sw      gp, -1648(t5)
core   0: 3 0x8000a674 (0x983f2823) mem 0x80010000 0x00000001
core   0: 0x8000a678 (0x0000bfe5) c.j     pc - 8
core   0: 3 0x8000a678 (0xbfe5)
core   0: 0x8000a670 (0x00006f17) auipc   t5, 0x6
core   0: 3 0x8000a670 (0x00006f17) x30 0x80010670
core   0: 0x8000a674 (0x983f2823) sw      gp, -1648(t5)
core   0: 3 0x8000a674 (0x983f2823) mem 0x80010000 0x00000001
core   0: 0x8000a678 (0x0000bfe5) c.j     pc - 8
core   0: 3 0x8000a678 (0xbfe5)
core   0: 0x8000a670 (0x00006f17) auipc   t5, 0x6
core   0: 3 0x8000a670 (0x00006f17) x30 0x80010670
core   0: 0x8000a674 (0x983f2823) sw      gp, -1648(t5)
core   0: 3 0x8000a674 (0x983f2823) mem 0x80010000 0x00000001
core   0: 0x8000a678 (0x0000bfe5) c.j     pc - 8
core   0: 3 0x8000a678 (0xbfe5)
core   0: 0x8000a670 (0x00006f17) auipc   t5, 0x6
core   0: 3 0x8000a670 (0x00006f17) x30 0x80010670
core   0: 0x8000a674 (0x983f2823) sw      gp, -1648(t5)
core   0: 3 0x8000a674 (0x983f2823) mem 0x80010000 0x00000001
core   0: 0x8000a678 (0x0000bfe5) c.j     pc - 8
core   0: 3 0x8000a678 (0xbfe5)
core   0: 0x8000a670 (0x00006f17) auipc   t5, 0x6
core   0: 3 0x8000a670 (0x00006f17) x30 0x80010670
core   0: 0x8000a674 (0x983f2823) sw      gp, -1648(t5)
core   0: 3 0x8000a674 (0x983f2823) mem 0x80010000 0x00000001
core   0: 0x8000a678 (0x0000bfe5) c.j     pc - 8
core   0: 3 0x8000a678 (0xbfe5)
core   0: 0x8000a670 (0x00006f17) auipc   t5, 0x6
core   0: 3 0x8000a670 (0x00006f17) x30 0x80010670
core   0: 0x8000a674 (0x983f2823) sw      gp, -1648(t5)
core   0: 3 0x8000a674 (0x983f2823) mem 0x80010000 0x00000001
core   0: 0x8000a678 (0x0000bfe5) c.j     pc - 8
core   0: 3 0x8000a678 (0xbfe5)
core   0: 0x8000a670 (0x00006f17) auipc   t5, 0x6
core   0: 3 0x8000a670 (0x00006f17) x30 0x80010670
core   0: 0x8000a674 (0x983f2823) sw      gp, -1648(t5)
core   0: 3 0x8000a674 (0x983f2823) mem 0x80010000 0x00000001
core   0: 0x8000a678 (0x0000bfe5) c.j     pc - 8
core   0: 3 0x8000a678 (0xbfe5)
core   0: 0x8000a670 (0x00006f17) auipc   t5, 0x6
core   0: 3 0x8000a670 (0x00006f17) x30 0x80010670
core   0: 0x8000a674 (0x983f2823) sw      gp, -1648(t5)
core   0: 3 0x8000a674 (0x983f2823) mem 0x80010000 0x00000001
core   0: 0x8000a678 (0x0000bfe5) c.j     pc - 8
core   0: 3 0x8000a678 (0xbfe5)
core   0: 0x8000a670 (0x00006f17) auipc   t5, 0x6
core   0: 3 0x8000a670 (0x00006f17) x30 0x80010670
core   0: 0x8000a674 (0x983f2823) sw      gp, -1648(t5)
core   0: 3 0x8000a674 (0x983f2823) mem 0x80010000 0x00000001
core   0: 0x8000a678 (0x0000bfe5) c.j     pc - 8
core   0: 3 0x8000a678 (0xbfe5)
core   0: 0x8000a670 (0x00006f17) auipc   t5, 0x6
core   0: 3 0x8000a670 (0x00006f17) x30 0x80010670
core   0: 0x8000a674 (0x983f2823) sw      gp, -1648(t5)
core   0: 3 0x8000a674 (0x983f2823) mem 0x80010000 0x00000001
core   0: 0x8000a678 (0x0000bfe5) c.j     pc - 8
core   0: 3 0x8000a678 (0xbfe5)
core   0: 0x8000a670 (0x00006f17) auipc   t5, 0x6
core   0: 3 0x8000a670 (0x00006f17) x30 0x80010670
core   0: 0x8000a674 (0x983f2823) sw      gp, -1648(t5)
core   0: 3 0x8000a674 (0x983f2823) mem 0x80010000 0x00000001
core   0: 0x8000a678 (0x0000bfe5) c.j     pc - 8
core   0: 3 0x8000a678 (0xbfe5)
core   0: 0x8000a670 (0x00006f17) auipc   t5, 0x6
core   0: 3 0x8000a670 (0x00006f17) x30 0x80010670
core   0: 0x8000a674 (0x983f2823) sw      gp, -1648(t5)
core   0: 3 0x8000a674 (0x983f2823) mem 0x80010000 0x00000001
core   0: 0x8000a678 (0x0000bfe5) c.j     pc - 8
core   0: 3 0x8000a678 (0xbfe5)
core   0: 0x8000a670 (0x00006f17) auipc   t5, 0x6
core   0: 3 0x8000a670 (0x00006f17) x30 0x80010670
core   0: 0x8000a674 (0x983f2823) sw      gp, -1648(t5)
core   0: 3 0x8000a674 (0x983f2823) mem 0x80010000 0x00000001
core   0: 0x8000a678 (0x0000bfe5) c.j     pc - 8
core   0: 3 0x8000a678 (0xbfe5)
core   0: 0x8000a670 (0x00006f17) auipc   t5, 0x6
core   0: 3 0x8000a670 (0x00006f17) x30 0x80010670
core   0: 0x8000a674 (0x983f2823) sw      gp, -1648(t5)
core   0: 3 0x8000a674 (0x983f2823) mem 0x80010000 0x00000001
core   0: 0x8000a678 (0x0000bfe5) c.j     pc - 8
core   0: 3 0x8000a678 (0xbfe5)
core   0: 0x8000a670 (0x00006f17) auipc   t5, 0x6
core   0: 3 0x8000a670 (0x00006f17) x30 0x80010670
core   0: 0x8000a674 (0x983f2823) sw      gp, -1648(t5)
core   0: 3 0x8000a674 (0x983f2823) mem 0x80010000 0x00000001
core   0: 0x8000a678 (0x0000bfe5) c.j     pc - 8
core   0: 3 0x8000a678 (0xbfe5)
core   0: 0x8000a670 (0x00006f17) auipc   t5, 0x6
core   0: 3 0x8000a670 (0x00006f17) x30 0x80010670
core   0: 0x8000a674 (0x983f2823) sw      gp, -1648(t5)
core   0: 3 0x8000a674 (0x983f2823) mem 0x80010000 0x00000001
core   0: 0x8000a678 (0x0000bfe5) c.j     pc - 8
core   0: 3 0x8000a678 (0xbfe5)
core   0: 0x8000a670 (0x00006f17) auipc   t5, 0x6
core   0: 3 0x8000a670 (0x00006f17) x30 0x80010670
core   0: 0x8000a674 (0x983f2823) sw      gp, -1648(t5)
core   0: 3 0x8000a674 (0x983f2823) mem 0x80010000 0x00000001
core   0: 0x8000a678 (0x0000bfe5) c.j     pc - 8
core   0: 3 0x8000a678 (0xbfe5)
core   0: 0x8000a670 (0x00006f17) auipc   t5, 0x6
core   0: 3 0x8000a670 (0x00006f17) x30 0x80010670
core   0: 0x8000a674 (0x983f2823) sw      gp, -1648(t5)
core   0: 3 0x8000a674 (0x983f2823) mem 0x80010000 0x00000001
core   0: 0x8000a678 (0x0000bfe5) c.j     pc - 8
core   0: 3 0x8000a678 (0xbfe5)
core   0: 0x8000a670 (0x00006f17) auipc   t5, 0x6
core   0: 3 0x8000a670 (0x00006f17) x30 0x80010670
core   0: 0x8000a674 (0x983f2823) sw      gp, -1648(t5)
core   0: 3 0x8000a674 (0x983f2823) mem 0x80010000 0x00000001
core   0: 0x8000a678 (0x0000bfe5) c.j     pc - 8
core   0: 3 0x8000a678 (0xbfe5)
core   0: 0x8000a670 (0x00006f17) auipc   t5, 0x6
core   0: 3 0x8000a670 (0x00006f17) x30 0x80010670
core   0: 0x8000a674 (0x983f2823) sw      gp, -1648(t5)
core   0: 3 0x8000a674 (0x983f2823) mem 0x80010000 0x00000001
core   0: 0x8000a678 (0x0000bfe5) c.j     pc - 8
core   0: 3 0x8000a678 (0xbfe5)
core   0: 0x8000a670 (0x00006f17) auipc   t5, 0x6
core   0: 3 0x8000a670 (0x00006f17) x30 0x80010670
core   0: 0x8000a674 (0x983f2823) sw      gp, -1648(t5)
core   0: 3 0x8000a674 (0x983f2823) mem 0x80010000 0x00000001
core   0: 0x8000a678 (0x0000bfe5) c.j     pc - 8
core   0: 3 0x8000a678 (0xbfe5)
core   0: 0x8000a670 (0x00006f17) auipc   t5, 0x6
core   0: 3 0x8000a670 (0x00006f17) x30 0x80010670
core   0: 0x8000a674 (0x983f2823) sw      gp, -1648(t5)
core   0: 3 0x8000a674 (0x983f2823) mem 0x80010000 0x00000001
core   0: 0x8000a678 (0x0000bfe5) c.j     pc - 8
core   0: 3 0x8000a678 (0xbfe5)
core   0: 0x8000a670 (0x00006f17) auipc   t5, 0x6
core   0: 3 0x8000a670 (0x00006f17) x30 0x80010670
core   0: 0x8000a674 (0x983f2823) sw      gp, -1648(t5)
core   0: 3 0x8000a674 (0x983f2823) mem 0x80010000 0x00000001
core   0: 0x8000a678 (0x0000bfe5) c.j     pc - 8
core   0: 3 0x8000a678 (0xbfe5)
core   0: 0x8000a670 (0x00006f17) auipc   t5, 0x6
core   0: 3 0x8000a670 (0x00006f17) x30 0x80010670
core   0: 0x8000a674 (0x983f2823) sw      gp, -1648(t5)
core   0: 3 0x8000a674 (0x983f2823) mem 0x80010000 0x00000001
core   0: 0x8000a678 (0x0000bfe5) c.j     pc - 8
core   0: 3 0x8000a678 (0xbfe5)
core   0: 0x8000a670 (0x00006f17) auipc   t5, 0x6
core   0: 3 0x8000a670 (0x00006f17) x30 0x80010670
core   0: 0x8000a674 (0x983f2823) sw      gp, -1648(t5)
core   0: 3 0x8000a674 (0x983f2823) mem 0x80010000 0x00000001
core   0: 0x8000a678 (0x0000bfe5) c.j     pc - 8
core   0: 3 0x8000a678 (0xbfe5)
core   0: 0x8000a670 (0x00006f17) auipc   t5, 0x6
core   0: 3 0x8000a670 (0x00006f17) x30 0x80010670
core   0: 0x8000a674 (0x983f2823) sw      gp, -1648(t5)
core   0: 3 0x8000a674 (0x983f2823) mem 0x80010000 0x00000001
core   0: 0x8000a678 (0x0000bfe5) c.j     pc - 8
core   0: 3 0x8000a678 (0xbfe5)
core   0: 0x8000a670 (0x00006f17) auipc   t5, 0x6
core   0: 3 0x8000a670 (0x00006f17) x30 0x80010670
core   0: 0x8000a674 (0x983f2823) sw      gp, -1648(t5)
core   0: 3 0x8000a674 (0x983f2823) mem 0x80010000 0x00000001
core   0: 0x8000a678 (0x0000bfe5) c.j     pc - 8
core   0: 3 0x8000a678 (0xbfe5)
core   0: 0x8000a670 (0x00006f17) auipc   t5, 0x6
core   0: 3 0x8000a670 (0x00006f17) x30 0x80010670
core   0: 0x8000a674 (0x983f2823) sw      gp, -1648(t5)
core   0: 3 0x8000a674 (0x983f2823) mem 0x80010000 0x00000001
core   0: 0x8000a678 (0x0000bfe5) c.j     pc - 8
core   0: 3 0x8000a678 (0xbfe5)
core   0: 0x8000a670 (0x00006f17) auipc   t5, 0x6
core   0: 3 0x8000a670 (0x00006f17) x30 0x80010670
core   0: 0x8000a674 (0x983f2823) sw      gp, -1648(t5)
core   0: 3 0x8000a674 (0x983f2823) mem 0x80010000 0x00000001
core   0: 0x8000a678 (0x0000bfe5) c.j     pc - 8
core   0: 3 0x8000a678 (0xbfe5)
core   0: 0x8000a670 (0x00006f17) auipc   t5, 0x6
core   0: 3 0x8000a670 (0x00006f17) x30 0x80010670
core   0: 0x8000a674 (0x983f2823) sw      gp, -1648(t5)
core   0: 3 0x8000a674 (0x983f2823) mem 0x80010000 0x00000001
core   0: 0x8000a678 (0x0000bfe5) c.j     pc - 8
core   0: 3 0x8000a678 (0xbfe5)
core   0: 0x8000a670 (0x00006f17) auipc   t5, 0x6
core   0: 3 0x8000a670 (0x00006f17) x30 0x80010670
core   0: 0x8000a674 (0x983f2823) sw      gp, -1648(t5)
core   0: 3 0x8000a674 (0x983f2823) mem 0x80010000 0x00000001
core   0: 0x8000a678 (0x0000bfe5) c.j     pc - 8
core   0: 3 0x8000a678 (0xbfe5)
core   0: 0x8000a670 (0x00006f17) auipc   t5, 0x6
core   0: 3 0x8000a670 (0x00006f17) x30 0x80010670
core   0: 0x8000a674 (0x983f2823) sw      gp, -1648(t5)
core   0: 3 0x8000a674 (0x983f2823) mem 0x80010000 0x00000001
core   0: 0x8000a678 (0x0000bfe5) c.j     pc - 8
core   0: 3 0x8000a678 (0xbfe5)
core   0: 0x8000a670 (0x00006f17) auipc   t5, 0x6
core   0: 3 0x8000a670 (0x00006f17) x30 0x80010670
core   0: 0x8000a674 (0x983f2823) sw      gp, -1648(t5)
core   0: 3 0x8000a674 (0x983f2823) mem 0x80010000 0x00000001
core   0: 0x8000a678 (0x0000bfe5) c.j     pc - 8
core   0: 3 0x8000a678 (0xbfe5)
core   0: 0x8000a670 (0x00006f17) auipc   t5, 0x6
core   0: 3 0x8000a670 (0x00006f17) x30 0x80010670
core   0: 0x8000a674 (0x983f2823) sw      gp, -1648(t5)
core   0: 3 0x8000a674 (0x983f2823) mem 0x80010000 0x00000001
core   0: 0x8000a678 (0x0000bfe5) c.j     pc - 8
core   0: 3 0x8000a678 (0xbfe5)
core   0: 0x8000a670 (0x00006f17) auipc   t5, 0x6
core   0: 3 0x8000a670 (0x00006f17) x30 0x80010670
core   0: 0x8000a674 (0x983f2823) sw      gp, -1648(t5)
core   0: 3 0x8000a674 (0x983f2823) mem 0x80010000 0x00000001
core   0: 0x8000a678 (0x0000bfe5) c.j     pc - 8
core   0: 3 0x8000a678 (0xbfe5)
core   0: 0x8000a670 (0x00006f17) auipc   t5, 0x6
core   0: 3 0x8000a670 (0x00006f17) x30 0x80010670
core   0: 0x8000a674 (0x983f2823) sw      gp, -1648(t5)
core   0: 3 0x8000a674 (0x983f2823) mem 0x80010000 0x00000001
core   0: 0x8000a678 (0x0000bfe5) c.j     pc - 8
core   0: 3 0x8000a678 (0xbfe5)
core   0: 0x8000a670 (0x00006f17) auipc   t5, 0x6
core   0: 3 0x8000a670 (0x00006f17) x30 0x80010670
core   0: 0x8000a674 (0x983f2823) sw      gp, -1648(t5)
core   0: 3 0x8000a674 (0x983f2823) mem 0x80010000 0x00000001
core   0: 0x8000a678 (0x0000bfe5) c.j     pc - 8
core   0: 3 0x8000a678 (0xbfe5)
core   0: 0x8000a670 (0x00006f17) auipc   t5, 0x6
core   0: 3 0x8000a670 (0x00006f17) x30 0x80010670
core   0: 0x8000a674 (0x983f2823) sw      gp, -1648(t5)
core   0: 3 0x8000a674 (0x983f2823) mem 0x80010000 0x00000001
core   0: 0x8000a678 (0x0000bfe5) c.j     pc - 8
core   0: 3 0x8000a678 (0xbfe5)
core   0: 0x8000a670 (0x00006f17) auipc   t5, 0x6
core   0: 3 0x8000a670 (0x00006f17) x30 0x80010670
core   0: 0x8000a674 (0x983f2823) sw      gp, -1648(t5)
core   0: 3 0x8000a674 (0x983f2823) mem 0x80010000 0x00000001
core   0: 0x8000a678 (0x0000bfe5) c.j     pc - 8
core   0: 3 0x8000a678 (0xbfe5)
core   0: 0x8000a670 (0x00006f17) auipc   t5, 0x6
core   0: 3 0x8000a670 (0x00006f17) x30 0x80010670
core   0: 0x8000a674 (0x983f2823) sw      gp, -1648(t5)
core   0: 3 0x8000a674 (0x983f2823) mem 0x80010000 0x00000001
core   0: 0x8000a678 (0x0000bfe5) c.j     pc - 8
core   0: 3 0x8000a678 (0xbfe5)
core   0: 0x8000a670 (0x00006f17) auipc   t5, 0x6
core   0: 3 0x8000a670 (0x00006f17) x30 0x80010670
core   0: 0x8000a674 (0x983f2823) sw      gp, -1648(t5)
core   0: 3 0x8000a674 (0x983f2823) mem 0x80010000 0x00000001
core   0: 0x8000a678 (0x0000bfe5) c.j     pc - 8
core   0: 3 0x8000a678 (0xbfe5)
core   0: 0x8000a670 (0x00006f17) auipc   t5, 0x6
core   0: 3 0x8000a670 (0x00006f17) x30 0x80010670
core   0: 0x8000a674 (0x983f2823) sw      gp, -1648(t5)
core   0: 3 0x8000a674 (0x983f2823) mem 0x80010000 0x00000001
core   0: 0x8000a678 (0x0000bfe5) c.j     pc - 8
core   0: 3 0x8000a678 (0xbfe5)
core   0: 0x8000a670 (0x00006f17) auipc   t5, 0x6
core   0: 3 0x8000a670 (0x00006f17) x30 0x80010670
core   0: 0x8000a674 (0x983f2823) sw      gp, -1648(t5)
core   0: 3 0x8000a674 (0x983f2823) mem 0x80010000 0x00000001
core   0: 0x8000a678 (0x0000bfe5) c.j     pc - 8
core   0: 3 0x8000a678 (0xbfe5)
core   0: 0x8000a670 (0x00006f17) auipc   t5, 0x6
core   0: 3 0x8000a670 (0x00006f17) x30 0x80010670
core   0: 0x8000a674 (0x983f2823) sw      gp, -1648(t5)
core   0: 3 0x8000a674 (0x983f2823) mem 0x80010000 0x00000001
core   0: 0x8000a678 (0x0000bfe5) c.j     pc - 8
core   0: 3 0x8000a678 (0xbfe5)
core   0: 0x8000a670 (0x00006f17) auipc   t5, 0x6
core   0: 3 0x8000a670 (0x00006f17) x30 0x80010670
core   0: 0x8000a674 (0x983f2823) sw      gp, -1648(t5)
core   0: 3 0x8000a674 (0x983f2823) mem 0x80010000 0x00000001
core   0: 0x8000a678 (0x0000bfe5) c.j     pc - 8
core   0: 3 0x8000a678 (0xbfe5)
core   0: 0x8000a670 (0x00006f17) auipc   t5, 0x6
core   0: 3 0x8000a670 (0x00006f17) x30 0x80010670
core   0: 0x8000a674 (0x983f2823) sw      gp, -1648(t5)
core   0: 3 0x8000a674 (0x983f2823) mem 0x80010000 0x00000001
core   0: 0x8000a678 (0x0000bfe5) c.j     pc - 8
core   0: 3 0x8000a678 (0xbfe5)
core   0: 0x8000a670 (0x00006f17) auipc   t5, 0x6
core   0: 3 0x8000a670 (0x00006f17) x30 0x80010670
core   0: 0x8000a674 (0x983f2823) sw      gp, -1648(t5)
core   0: 3 0x8000a674 (0x983f2823) mem 0x80010000 0x00000001
core   0: 0x8000a678 (0x0000bfe5) c.j     pc - 8
core   0: 3 0x8000a678 (0xbfe5)
core   0: 0x8000a670 (0x00006f17) auipc   t5, 0x6
core   0: 3 0x8000a670 (0x00006f17) x30 0x80010670
core   0: 0x8000a674 (0x983f2823) sw      gp, -1648(t5)
core   0: 3 0x8000a674 (0x983f2823) mem 0x80010000 0x00000001
core   0: 0x8000a678 (0x0000bfe5) c.j     pc - 8
core   0: 3 0x8000a678 (0xbfe5)
core   0: 0x8000a670 (0x00006f17) auipc   t5, 0x6
core   0: 3 0x8000a670 (0x00006f17) x30 0x80010670
core   0: 0x8000a674 (0x983f2823) sw      gp, -1648(t5)
core   0: 3 0x8000a674 (0x983f2823) mem 0x80010000 0x00000001
core   0: 0x8000a678 (0x0000bfe5) c.j     pc - 8
core   0: 3 0x8000a678 (0xbfe5)
core   0: 0x8000a670 (0x00006f17) auipc   t5, 0x6
core   0: 3 0x8000a670 (0x00006f17) x30 0x80010670
core   0: 0x8000a674 (0x983f2823) sw      gp, -1648(t5)
core   0: 3 0x8000a674 (0x983f2823) mem 0x80010000 0x00000001
core   0: 0x8000a678 (0x0000bfe5) c.j     pc - 8
core   0: 3 0x8000a678 (0xbfe5)
core   0: 0x8000a670 (0x00006f17) auipc   t5, 0x6
core   0: 3 0x8000a670 (0x00006f17) x30 0x80010670
core   0: 0x8000a674 (0x983f2823) sw      gp, -1648(t5)
core   0: 3 0x8000a674 (0x983f2823) mem 0x80010000 0x00000001
core   0: 0x8000a678 (0x0000bfe5) c.j     pc - 8
core   0: 3 0x8000a678 (0xbfe5)
core   0: 0x8000a670 (0x00006f17) auipc   t5, 0x6
core   0: 3 0x8000a670 (0x00006f17) x30 0x80010670
core   0: 0x8000a674 (0x983f2823) sw      gp, -1648(t5)
core   0: 3 0x8000a674 (0x983f2823) mem 0x80010000 0x00000001
core   0: 0x8000a678 (0x0000bfe5) c.j     pc - 8
core   0: 3 0x8000a678 (0xbfe5)
core   0: 0x8000a670 (0x00006f17) auipc   t5, 0x6
core   0: 3 0x8000a670 (0x00006f17) x30 0x80010670
core   0: 0x8000a674 (0x983f2823) sw      gp, -1648(t5)
core   0: 3 0x8000a674 (0x983f2823) mem 0x80010000 0x00000001
core   0: 0x8000a678 (0x0000bfe5) c.j     pc - 8
core   0: 3 0x8000a678 (0xbfe5)
core   0: 0x8000a670 (0x00006f17) auipc   t5, 0x6
core   0: 3 0x8000a670 (0x00006f17) x30 0x80010670
core   0: 0x8000a674 (0x983f2823) sw      gp, -1648(t5)
core   0: 3 0x8000a674 (0x983f2823) mem 0x80010000 0x00000001
core   0: 0x8000a678 (0x0000bfe5) c.j     pc - 8
core   0: 3 0x8000a678 (0xbfe5)
core   0: 0x8000a670 (0x00006f17) auipc   t5, 0x6
core   0: 3 0x8000a670 (0x00006f17) x30 0x80010670
core   0: 0x8000a674 (0x983f2823) sw      gp, -1648(t5)
core   0: 3 0x8000a674 (0x983f2823) mem 0x80010000 0x00000001
core   0: 0x8000a678 (0x0000bfe5) c.j     pc - 8
core   0: 3 0x8000a678 (0xbfe5)
core   0: 0x8000a670 (0x00006f17) auipc   t5, 0x6
core   0: 3 0x8000a670 (0x00006f17) x30 0x80010670
core   0: 0x8000a674 (0x983f2823) sw      gp, -1648(t5)
core   0: 3 0x8000a674 (0x983f2823) mem 0x80010000 0x00000001
core   0: 0x8000a678 (0x0000bfe5) c.j     pc - 8
core   0: 3 0x8000a678 (0xbfe5)
core   0: 0x8000a670 (0x00006f17) auipc   t5, 0x6
core   0: 3 0x8000a670 (0x00006f17) x30 0x80010670
core   0: 0x8000a674 (0x983f2823) sw      gp, -1648(t5)
core   0: 3 0x8000a674 (0x983f2823) mem 0x80010000 0x00000001
core   0: 0x8000a678 (0x0000bfe5) c.j     pc - 8
core   0: 3 0x8000a678 (0xbfe5)
core   0: 0x8000a670 (0x00006f17) auipc   t5, 0x6
core   0: 3 0x8000a670 (0x00006f17) x30 0x80010670
core   0: 0x8000a674 (0x983f2823) sw      gp, -1648(t5)
core   0: 3 0x8000a674 (0x983f2823) mem 0x80010000 0x00000001
core   0: 0x8000a678 (0x0000bfe5) c.j     pc - 8
core   0: 3 0x8000a678 (0xbfe5)
core   0: 0x8000a670 (0x00006f17) auipc   t5, 0x6
core   0: 3 0x8000a670 (0x00006f17) x30 0x80010670
core   0: 0x8000a674 (0x983f2823) sw      gp, -1648(t5)
core   0: 3 0x8000a674 (0x983f2823) mem 0x80010000 0x00000001
core   0: 0x8000a678 (0x0000bfe5) c.j     pc - 8
core   0: 3 0x8000a678 (0xbfe5)
core   0: 0x8000a670 (0x00006f17) auipc   t5, 0x6
core   0: 3 0x8000a670 (0x00006f17) x30 0x80010670
core   0: 0x8000a674 (0x983f2823) sw      gp, -1648(t5)
core   0: 3 0x8000a674 (0x983f2823) mem 0x80010000 0x00000001
core   0: 0x8000a678 (0x0000bfe5) c.j     pc - 8
core   0: 3 0x8000a678 (0xbfe5)
core   0: 0x8000a670 (0x00006f17) auipc   t5, 0x6
core   0: 3 0x8000a670 (0x00006f17) x30 0x80010670
core   0: 0x8000a674 (0x983f2823) sw      gp, -1648(t5)
core   0: 3 0x8000a674 (0x983f2823) mem 0x80010000 0x00000001
core   0: 0x8000a678 (0x0000bfe5) c.j     pc - 8
core   0: 3 0x8000a678 (0xbfe5)
core   0: 0x8000a670 (0x00006f17) auipc   t5, 0x6
core   0: 3 0x8000a670 (0x00006f17) x30 0x80010670
core   0: 0x8000a674 (0x983f2823) sw      gp, -1648(t5)
core   0: 3 0x8000a674 (0x983f2823) mem 0x80010000 0x00000001
core   0: 0x8000a678 (0x0000bfe5) c.j     pc - 8
core   0: 3 0x8000a678 (0xbfe5)
core   0: 0x8000a670 (0x00006f17) auipc   t5, 0x6
core   0: 3 0x8000a670 (0x00006f17) x30 0x80010670
core   0: 0x8000a674 (0x983f2823) sw      gp, -1648(t5)
core   0: 3 0x8000a674 (0x983f2823) mem 0x80010000 0x00000001
core   0: 0x8000a678 (0x0000bfe5) c.j     pc - 8
core   0: 3 0x8000a678 (0xbfe5)
core   0: 0x8000a670 (0x00006f17) auipc   t5, 0x6
core   0: 3 0x8000a670 (0x00006f17) x30 0x80010670
core   0: 0x8000a674 (0x983f2823) sw      gp, -1648(t5)
core   0: 3 0x8000a674 (0x983f2823) mem 0x80010000 0x00000001
core   0: 0x8000a678 (0x0000bfe5) c.j     pc - 8
core   0: 3 0x8000a678 (0xbfe5)
core   0: 0x8000a670 (0x00006f17) auipc   t5, 0x6
core   0: 3 0x8000a670 (0x00006f17) x30 0x80010670
core   0: 0x8000a674 (0x983f2823) sw      gp, -1648(t5)
core   0: 3 0x8000a674 (0x983f2823) mem 0x80010000 0x00000001
core   0: 0x8000a678 (0x0000bfe5) c.j     pc - 8
core   0: 3 0x8000a678 (0xbfe5)
core   0: 0x8000a670 (0x00006f17) auipc   t5, 0x6
core   0: 3 0x8000a670 (0x00006f17) x30 0x80010670
core   0: 0x8000a674 (0x983f2823) sw      gp, -1648(t5)
core   0: 3 0x8000a674 (0x983f2823) mem 0x80010000 0x00000001
core   0: 0x8000a678 (0x0000bfe5) c.j     pc - 8
core   0: 3 0x8000a678 (0xbfe5)
core   0: 0x8000a670 (0x00006f17) auipc   t5, 0x6
core   0: 3 0x8000a670 (0x00006f17) x30 0x80010670
core   0: 0x8000a674 (0x983f2823) sw      gp, -1648(t5)
core   0: 3 0x8000a674 (0x983f2823) mem 0x80010000 0x00000001
core   0: 0x8000a678 (0x0000bfe5) c.j     pc - 8
core   0: 3 0x8000a678 (0xbfe5)
core   0: 0x8000a670 (0x00006f17) auipc   t5, 0x6
core   0: 3 0x8000a670 (0x00006f17) x30 0x80010670
core   0: 0x8000a674 (0x983f2823) sw      gp, -1648(t5)
core   0: 3 0x8000a674 (0x983f2823) mem 0x80010000 0x00000001
core   0: 0x8000a678 (0x0000bfe5) c.j     pc - 8
core   0: 3 0x8000a678 (0xbfe5)
core   0: 0x8000a670 (0x00006f17) auipc   t5, 0x6
core   0: 3 0x8000a670 (0x00006f17) x30 0x80010670
core   0: 0x8000a674 (0x983f2823) sw      gp, -1648(t5)
core   0: 3 0x8000a674 (0x983f2823) mem 0x80010000 0x00000001
core   0: 0x8000a678 (0x0000bfe5) c.j     pc - 8
core   0: 3 0x8000a678 (0xbfe5)
core   0: 0x8000a670 (0x00006f17) auipc   t5, 0x6
core   0: 3 0x8000a670 (0x00006f17) x30 0x80010670
core   0: 0x8000a674 (0x983f2823) sw      gp, -1648(t5)
core   0: 3 0x8000a674 (0x983f2823) mem 0x80010000 0x00000001
core   0: 0x8000a678 (0x0000bfe5) c.j     pc - 8
core   0: 3 0x8000a678 (0xbfe5)
core   0: 0x8000a670 (0x00006f17) auipc   t5, 0x6
core   0: 3 0x8000a670 (0x00006f17) x30 0x80010670
core   0: 0x8000a674 (0x983f2823) sw      gp, -1648(t5)
core   0: 3 0x8000a674 (0x983f2823) mem 0x80010000 0x00000001
core   0: 0x8000a678 (0x0000bfe5) c.j     pc - 8
core   0: 3 0x8000a678 (0xbfe5)
core   0: 0x8000a670 (0x00006f17) auipc   t5, 0x6
core   0: 3 0x8000a670 (0x00006f17) x30 0x80010670
core   0: 0x8000a674 (0x983f2823) sw      gp, -1648(t5)
core   0: 3 0x8000a674 (0x983f2823) mem 0x80010000 0x00000001
core   0: 0x8000a678 (0x0000bfe5) c.j     pc - 8
core   0: 3 0x8000a678 (0xbfe5)
core   0: 0x8000a670 (0x00006f17) auipc   t5, 0x6
core   0: 3 0x8000a670 (0x00006f17) x30 0x80010670
core   0: 0x8000a674 (0x983f2823) sw      gp, -1648(t5)
core   0: 3 0x8000a674 (0x983f2823) mem 0x80010000 0x00000001
core   0: 0x8000a678 (0x0000bfe5) c.j     pc - 8
core   0: 3 0x8000a678 (0xbfe5)
core   0: 0x8000a670 (0x00006f17) auipc   t5, 0x6
core   0: 3 0x8000a670 (0x00006f17) x30 0x80010670
core   0: 0x8000a674 (0x983f2823) sw      gp, -1648(t5)
core   0: 3 0x8000a674 (0x983f2823) mem 0x80010000 0x00000001
core   0: 0x8000a678 (0x0000bfe5) c.j     pc - 8
core   0: 3 0x8000a678 (0xbfe5)
core   0: 0x8000a670 (0x00006f17) auipc   t5, 0x6
core   0: 3 0x8000a670 (0x00006f17) x30 0x80010670
core   0: 0x8000a674 (0x983f2823) sw      gp, -1648(t5)
core   0: 3 0x8000a674 (0x983f2823) mem 0x80010000 0x00000001
core   0: 0x8000a678 (0x0000bfe5) c.j     pc - 8
core   0: 3 0x8000a678 (0xbfe5)
core   0: 0x8000a670 (0x00006f17) auipc   t5, 0x6
core   0: 3 0x8000a670 (0x00006f17) x30 0x80010670
core   0: 0x8000a674 (0x983f2823) sw      gp, -1648(t5)
core   0: 3 0x8000a674 (0x983f2823) mem 0x80010000 0x00000001
core   0: 0x8000a678 (0x0000bfe5) c.j     pc - 8
core   0: 3 0x8000a678 (0xbfe5)
core   0: 0x8000a670 (0x00006f17) auipc   t5, 0x6
core   0: 3 0x8000a670 (0x00006f17) x30 0x80010670
core   0: 0x8000a674 (0x983f2823) sw      gp, -1648(t5)
core   0: 3 0x8000a674 (0x983f2823) mem 0x80010000 0x00000001
core   0: 0x8000a678 (0x0000bfe5) c.j     pc - 8
core   0: 3 0x8000a678 (0xbfe5)
core   0: 0x8000a670 (0x00006f17) auipc   t5, 0x6
core   0: 3 0x8000a670 (0x00006f17) x30 0x80010670
core   0: 0x8000a674 (0x983f2823) sw      gp, -1648(t5)
core   0: 3 0x8000a674 (0x983f2823) mem 0x80010000 0x00000001
core   0: 0x8000a678 (0x0000bfe5) c.j     pc - 8
core   0: 3 0x8000a678 (0xbfe5)
core   0: 0x8000a670 (0x00006f17) auipc   t5, 0x6
core   0: 3 0x8000a670 (0x00006f17) x30 0x80010670
core   0: 0x8000a674 (0x983f2823) sw      gp, -1648(t5)
core   0: 3 0x8000a674 (0x983f2823) mem 0x80010000 0x00000001
core   0: 0x8000a678 (0x0000bfe5) c.j     pc - 8
core   0: 3 0x8000a678 (0xbfe5)
core   0: 0x8000a670 (0x00006f17) auipc   t5, 0x6
core   0: 3 0x8000a670 (0x00006f17) x30 0x80010670
core   0: 0x8000a674 (0x983f2823) sw      gp, -1648(t5)
core   0: 3 0x8000a674 (0x983f2823) mem 0x80010000 0x00000001
core   0: 0x8000a678 (0x0000bfe5) c.j     pc - 8
core   0: 3 0x8000a678 (0xbfe5)
core   0: 0x8000a670 (0x00006f17) auipc   t5, 0x6
core   0: 3 0x8000a670 (0x00006f17) x30 0x80010670
core   0: 0x8000a674 (0x983f2823) sw      gp, -1648(t5)
core   0: 3 0x8000a674 (0x983f2823) mem 0x80010000 0x00000001
core   0: 0x8000a678 (0x0000bfe5) c.j     pc - 8
core   0: 3 0x8000a678 (0xbfe5)
core   0: 0x8000a670 (0x00006f17) auipc   t5, 0x6
core   0: 3 0x8000a670 (0x00006f17) x30 0x80010670
core   0: 0x8000a674 (0x983f2823) sw      gp, -1648(t5)
core   0: 3 0x8000a674 (0x983f2823) mem 0x80010000 0x00000001
core   0: 0x8000a678 (0x0000bfe5) c.j     pc - 8
core   0: 3 0x8000a678 (0xbfe5)
core   0: 0x8000a670 (0x00006f17) auipc   t5, 0x6
core   0: 3 0x8000a670 (0x00006f17) x30 0x80010670
core   0: 0x8000a674 (0x983f2823) sw      gp, -1648(t5)
core   0: 3 0x8000a674 (0x983f2823) mem 0x80010000 0x00000001
core   0: 0x8000a678 (0x0000bfe5) c.j     pc - 8
core   0: 3 0x8000a678 (0xbfe5)
core   0: 0x8000a670 (0x00006f17) auipc   t5, 0x6
core   0: 3 0x8000a670 (0x00006f17) x30 0x80010670
core   0: 0x8000a674 (0x983f2823) sw      gp, -1648(t5)
core   0: 3 0x8000a674 (0x983f2823) mem 0x80010000 0x00000001
core   0: 0x8000a678 (0x0000bfe5) c.j     pc - 8
core   0: 3 0x8000a678 (0xbfe5)
core   0: 0x8000a670 (0x00006f17) auipc   t5, 0x6
core   0: 3 0x8000a670 (0x00006f17) x30 0x80010670
core   0: 0x8000a674 (0x983f2823) sw      gp, -1648(t5)
core   0: 3 0x8000a674 (0x983f2823) mem 0x80010000 0x00000001
core   0: 0x8000a678 (0x0000bfe5) c.j     pc - 8
core   0: 3 0x8000a678 (0xbfe5)
core   0: 0x8000a670 (0x00006f17) auipc   t5, 0x6
core   0: 3 0x8000a670 (0x00006f17) x30 0x80010670
core   0: 0x8000a674 (0x983f2823) sw      gp, -1648(t5)
core   0: 3 0x8000a674 (0x983f2823) mem 0x80010000 0x00000001
core   0: 0x8000a678 (0x0000bfe5) c.j     pc - 8
core   0: 3 0x8000a678 (0xbfe5)
core   0: 0x8000a670 (0x00006f17) auipc   t5, 0x6
core   0: 3 0x8000a670 (0x00006f17) x30 0x80010670
core   0: 0x8000a674 (0x983f2823) sw      gp, -1648(t5)
core   0: 3 0x8000a674 (0x983f2823) mem 0x80010000 0x00000001
core   0: 0x8000a678 (0x0000bfe5) c.j     pc - 8
core   0: 3 0x8000a678 (0xbfe5)
core   0: 0x8000a670 (0x00006f17) auipc   t5, 0x6
core   0: 3 0x8000a670 (0x00006f17) x30 0x80010670
core   0: 0x8000a674 (0x983f2823) sw      gp, -1648(t5)
core   0: 3 0x8000a674 (0x983f2823) mem 0x80010000 0x00000001
core   0: 0x8000a678 (0x0000bfe5) c.j     pc - 8
core   0: 3 0x8000a678 (0xbfe5)
core   0: 0x8000a670 (0x00006f17) auipc   t5, 0x6
core   0: 3 0x8000a670 (0x00006f17) x30 0x80010670
core   0: 0x8000a674 (0x983f2823) sw      gp, -1648(t5)
core   0: 3 0x8000a674 (0x983f2823) mem 0x80010000 0x00000001
core   0: 0x8000a678 (0x0000bfe5) c.j     pc - 8
core   0: 3 0x8000a678 (0xbfe5)
core   0: 0x8000a670 (0x00006f17) auipc   t5, 0x6
core   0: 3 0x8000a670 (0x00006f17) x30 0x80010670
core   0: 0x8000a674 (0x983f2823) sw      gp, -1648(t5)
core   0: 3 0x8000a674 (0x983f2823) mem 0x80010000 0x00000001
core   0: 0x8000a678 (0x0000bfe5) c.j     pc - 8
core   0: 3 0x8000a678 (0xbfe5)
core   0: 0x8000a670 (0x00006f17) auipc   t5, 0x6
core   0: 3 0x8000a670 (0x00006f17) x30 0x80010670
core   0: 0x8000a674 (0x983f2823) sw      gp, -1648(t5)
core   0: 3 0x8000a674 (0x983f2823) mem 0x80010000 0x00000001
core   0: 0x8000a678 (0x0000bfe5) c.j     pc - 8
core   0: 3 0x8000a678 (0xbfe5)
core   0: 0x8000a670 (0x00006f17) auipc   t5, 0x6
core   0: 3 0x8000a670 (0x00006f17) x30 0x80010670
core   0: 0x8000a674 (0x983f2823) sw      gp, -1648(t5)
core   0: 3 0x8000a674 (0x983f2823) mem 0x80010000 0x00000001
core   0: 0x8000a678 (0x0000bfe5) c.j     pc - 8
core   0: 3 0x8000a678 (0xbfe5)
core   0: 0x8000a670 (0x00006f17) auipc   t5, 0x6
core   0: 3 0x8000a670 (0x00006f17) x30 0x80010670
core   0: 0x8000a674 (0x983f2823) sw      gp, -1648(t5)
core   0: 3 0x8000a674 (0x983f2823) mem 0x80010000 0x00000001
core   0: 0x8000a678 (0x0000bfe5) c.j     pc - 8
core   0: 3 0x8000a678 (0xbfe5)
core   0: 0x8000a670 (0x00006f17) auipc   t5, 0x6
core   0: 3 0x8000a670 (0x00006f17) x30 0x80010670
core   0: 0x8000a674 (0x983f2823) sw      gp, -1648(t5)
core   0: 3 0x8000a674 (0x983f2823) mem 0x80010000 0x00000001
core   0: 0x8000a678 (0x0000bfe5) c.j     pc - 8
core   0: 3 0x8000a678 (0xbfe5)
core   0: 0x8000a670 (0x00006f17) auipc   t5, 0x6
core   0: 3 0x8000a670 (0x00006f17) x30 0x80010670
core   0: 0x8000a674 (0x983f2823) sw      gp, -1648(t5)
core   0: 3 0x8000a674 (0x983f2823) mem 0x80010000 0x00000001
core   0: 0x8000a678 (0x0000bfe5) c.j     pc - 8
core   0: 3 0x8000a678 (0xbfe5)
core   0: 0x8000a670 (0x00006f17) auipc   t5, 0x6
core   0: 3 0x8000a670 (0x00006f17) x30 0x80010670
core   0: 0x8000a674 (0x983f2823) sw      gp, -1648(t5)
core   0: 3 0x8000a674 (0x983f2823) mem 0x80010000 0x00000001
core   0: 0x8000a678 (0x0000bfe5) c.j     pc - 8
core   0: 3 0x8000a678 (0xbfe5)
core   0: 0x8000a670 (0x00006f17) auipc   t5, 0x6
core   0: 3 0x8000a670 (0x00006f17) x30 0x80010670
core   0: 0x8000a674 (0x983f2823) sw      gp, -1648(t5)
core   0: 3 0x8000a674 (0x983f2823) mem 0x80010000 0x00000001
core   0: 0x8000a678 (0x0000bfe5) c.j     pc - 8
core   0: 3 0x8000a678 (0xbfe5)
core   0: 0x8000a670 (0x00006f17) auipc   t5, 0x6
core   0: 3 0x8000a670 (0x00006f17) x30 0x80010670
core   0: 0x8000a674 (0x983f2823) sw      gp, -1648(t5)
core   0: 3 0x8000a674 (0x983f2823) mem 0x80010000 0x00000001
core   0: 0x8000a678 (0x0000bfe5) c.j     pc - 8
core   0: 3 0x8000a678 (0xbfe5)
core   0: 0x8000a670 (0x00006f17) auipc   t5, 0x6
core   0: 3 0x8000a670 (0x00006f17) x30 0x80010670
core   0: 0x8000a674 (0x983f2823) sw      gp, -1648(t5)
core   0: 3 0x8000a674 (0x983f2823) mem 0x80010000 0x00000001
core   0: 0x8000a678 (0x0000bfe5) c.j     pc - 8
core   0: 3 0x8000a678 (0xbfe5)
core   0: 0x8000a670 (0x00006f17) auipc   t5, 0x6
core   0: 3 0x8000a670 (0x00006f17) x30 0x80010670
core   0: 0x8000a674 (0x983f2823) sw      gp, -1648(t5)
core   0: 3 0x8000a674 (0x983f2823) mem 0x80010000 0x00000001
core   0: 0x8000a678 (0x0000bfe5) c.j     pc - 8
core   0: 3 0x8000a678 (0xbfe5)
core   0: 0x8000a670 (0x00006f17) auipc   t5, 0x6
core   0: 3 0x8000a670 (0x00006f17) x30 0x80010670
core   0: 0x8000a674 (0x983f2823) sw      gp, -1648(t5)
core   0: 3 0x8000a674 (0x983f2823) mem 0x80010000 0x00000001
core   0: 0x8000a678 (0x0000bfe5) c.j     pc - 8
core   0: 3 0x8000a678 (0xbfe5)
core   0: 0x8000a670 (0x00006f17) auipc   t5, 0x6
core   0: 3 0x8000a670 (0x00006f17) x30 0x80010670
core   0: 0x8000a674 (0x983f2823) sw      gp, -1648(t5)
core   0: 3 0x8000a674 (0x983f2823) mem 0x80010000 0x00000001
core   0: 0x8000a678 (0x0000bfe5) c.j     pc - 8
core   0: 3 0x8000a678 (0xbfe5)
core   0: 0x8000a670 (0x00006f17) auipc   t5, 0x6
core   0: 3 0x8000a670 (0x00006f17) x30 0x80010670
core   0: 0x8000a674 (0x983f2823) sw      gp, -1648(t5)
core   0: 3 0x8000a674 (0x983f2823) mem 0x80010000 0x00000001
core   0: 0x8000a678 (0x0000bfe5) c.j     pc - 8
core   0: 3 0x8000a678 (0xbfe5)
core   0: 0x8000a670 (0x00006f17) auipc   t5, 0x6
core   0: 3 0x8000a670 (0x00006f17) x30 0x80010670
core   0: 0x8000a674 (0x983f2823) sw      gp, -1648(t5)
core   0: 3 0x8000a674 (0x983f2823) mem 0x80010000 0x00000001
core   0: 0x8000a678 (0x0000bfe5) c.j     pc - 8
core   0: 3 0x8000a678 (0xbfe5)
core   0: 0x8000a670 (0x00006f17) auipc   t5, 0x6
core   0: 3 0x8000a670 (0x00006f17) x30 0x80010670
core   0: 0x8000a674 (0x983f2823) sw      gp, -1648(t5)
core   0: 3 0x8000a674 (0x983f2823) mem 0x80010000 0x00000001
core   0: 0x8000a678 (0x0000bfe5) c.j     pc - 8
core   0: 3 0x8000a678 (0xbfe5)
core   0: 0x8000a670 (0x00006f17) auipc   t5, 0x6
core   0: 3 0x8000a670 (0x00006f17) x30 0x80010670
core   0: 0x8000a674 (0x983f2823) sw      gp, -1648(t5)
core   0: 3 0x8000a674 (0x983f2823) mem 0x80010000 0x00000001
core   0: 0x8000a678 (0x0000bfe5) c.j     pc - 8
core   0: 3 0x8000a678 (0xbfe5)
core   0: 0x8000a670 (0x00006f17) auipc   t5, 0x6
core   0: 3 0x8000a670 (0x00006f17) x30 0x80010670
core   0: 0x8000a674 (0x983f2823) sw      gp, -1648(t5)
core   0: 3 0x8000a674 (0x983f2823) mem 0x80010000 0x00000001
core   0: 0x8000a678 (0x0000bfe5) c.j     pc - 8
core   0: 3 0x8000a678 (0xbfe5)
core   0: 0x8000a670 (0x00006f17) auipc   t5, 0x6
core   0: 3 0x8000a670 (0x00006f17) x30 0x80010670
core   0: 0x8000a674 (0x983f2823) sw      gp, -1648(t5)
core   0: 3 0x8000a674 (0x983f2823) mem 0x80010000 0x00000001
core   0: 0x8000a678 (0x0000bfe5) c.j     pc - 8
core   0: 3 0x8000a678 (0xbfe5)
core   0: 0x8000a670 (0x00006f17) auipc   t5, 0x6
core   0: 3 0x8000a670 (0x00006f17) x30 0x80010670
core   0: 0x8000a674 (0x983f2823) sw      gp, -1648(t5)
core   0: 3 0x8000a674 (0x983f2823) mem 0x80010000 0x00000001
core   0: 0x8000a678 (0x0000bfe5) c.j     pc - 8
core   0: 3 0x8000a678 (0xbfe5)
core   0: 0x8000a670 (0x00006f17) auipc   t5, 0x6
core   0: 3 0x8000a670 (0x00006f17) x30 0x80010670
core   0: 0x8000a674 (0x983f2823) sw      gp, -1648(t5)
core   0: 3 0x8000a674 (0x983f2823) mem 0x80010000 0x00000001
core   0: 0x8000a678 (0x0000bfe5) c.j     pc - 8
core   0: 3 0x8000a678 (0xbfe5)
core   0: 0x8000a670 (0x00006f17) auipc   t5, 0x6
core   0: 3 0x8000a670 (0x00006f17) x30 0x80010670
core   0: 0x8000a674 (0x983f2823) sw      gp, -1648(t5)
core   0: 3 0x8000a674 (0x983f2823) mem 0x80010000 0x00000001
core   0: 0x8000a678 (0x0000bfe5) c.j     pc - 8
core   0: 3 0x8000a678 (0xbfe5)
core   0: 0x8000a670 (0x00006f17) auipc   t5, 0x6
core   0: 3 0x8000a670 (0x00006f17) x30 0x80010670
core   0: 0x8000a674 (0x983f2823) sw      gp, -1648(t5)
core   0: 3 0x8000a674 (0x983f2823) mem 0x80010000 0x00000001
core   0: 0x8000a678 (0x0000bfe5) c.j     pc - 8
core   0: 3 0x8000a678 (0xbfe5)
core   0: 0x8000a670 (0x00006f17) auipc   t5, 0x6
core   0: 3 0x8000a670 (0x00006f17) x30 0x80010670
core   0: 0x8000a674 (0x983f2823) sw      gp, -1648(t5)
core   0: 3 0x8000a674 (0x983f2823) mem 0x80010000 0x00000001
core   0: 0x8000a678 (0x0000bfe5) c.j     pc - 8
core   0: 3 0x8000a678 (0xbfe5)
core   0: 0x8000a670 (0x00006f17) auipc   t5, 0x6
core   0: 3 0x8000a670 (0x00006f17) x30 0x80010670
core   0: 0x8000a674 (0x983f2823) sw      gp, -1648(t5)
core   0: 3 0x8000a674 (0x983f2823) mem 0x80010000 0x00000001
core   0: 0x8000a678 (0x0000bfe5) c.j     pc - 8
core   0: 3 0x8000a678 (0xbfe5)
core   0: 0x8000a670 (0x00006f17) auipc   t5, 0x6
core   0: 3 0x8000a670 (0x00006f17) x30 0x80010670
core   0: 0x8000a674 (0x983f2823) sw      gp, -1648(t5)
core   0: 3 0x8000a674 (0x983f2823) mem 0x80010000 0x00000001
core   0: 0x8000a678 (0x0000bfe5) c.j     pc - 8
core   0: 3 0x8000a678 (0xbfe5)
core   0: 0x8000a670 (0x00006f17) auipc   t5, 0x6
core   0: 3 0x8000a670 (0x00006f17) x30 0x80010670
core   0: 0x8000a674 (0x983f2823) sw      gp, -1648(t5)
core   0: 3 0x8000a674 (0x983f2823) mem 0x80010000 0x00000001
core   0: 0x8000a678 (0x0000bfe5) c.j     pc - 8
core   0: 3 0x8000a678 (0xbfe5)
core   0: 0x8000a670 (0x00006f17) auipc   t5, 0x6
core   0: 3 0x8000a670 (0x00006f17) x30 0x80010670
core   0: 0x8000a674 (0x983f2823) sw      gp, -1648(t5)
core   0: 3 0x8000a674 (0x983f2823) mem 0x80010000 0x00000001
core   0: 0x8000a678 (0x0000bfe5) c.j     pc - 8
core   0: 3 0x8000a678 (0xbfe5)
core   0: 0x8000a670 (0x00006f17) auipc   t5, 0x6
core   0: 3 0x8000a670 (0x00006f17) x30 0x80010670
core   0: 0x8000a674 (0x983f2823) sw      gp, -1648(t5)
core   0: 3 0x8000a674 (0x983f2823) mem 0x80010000 0x00000001
core   0: 0x8000a678 (0x0000bfe5) c.j     pc - 8
core   0: 3 0x8000a678 (0xbfe5)
core   0: 0x8000a670 (0x00006f17) auipc   t5, 0x6
core   0: 3 0x8000a670 (0x00006f17) x30 0x80010670
core   0: 0x8000a674 (0x983f2823) sw      gp, -1648(t5)
core   0: 3 0x8000a674 (0x983f2823) mem 0x80010000 0x00000001
core   0: 0x8000a678 (0x0000bfe5) c.j     pc - 8
core   0: 3 0x8000a678 (0xbfe5)
core   0: 0x8000a670 (0x00006f17) auipc   t5, 0x6
core   0: 3 0x8000a670 (0x00006f17) x30 0x80010670
core   0: 0x8000a674 (0x983f2823) sw      gp, -1648(t5)
core   0: 3 0x8000a674 (0x983f2823) mem 0x80010000 0x00000001
core   0: 0x8000a678 (0x0000bfe5) c.j     pc - 8
core   0: 3 0x8000a678 (0xbfe5)
core   0: 0x8000a670 (0x00006f17) auipc   t5, 0x6
core   0: 3 0x8000a670 (0x00006f17) x30 0x80010670
core   0: 0x8000a674 (0x983f2823) sw      gp, -1648(t5)
core   0: 3 0x8000a674 (0x983f2823) mem 0x80010000 0x00000001
core   0: 0x8000a678 (0x0000bfe5) c.j     pc - 8
core   0: 3 0x8000a678 (0xbfe5)
core   0: 0x8000a670 (0x00006f17) auipc   t5, 0x6
core   0: 3 0x8000a670 (0x00006f17) x30 0x80010670
core   0: 0x8000a674 (0x983f2823) sw      gp, -1648(t5)
core   0: 3 0x8000a674 (0x983f2823) mem 0x80010000 0x00000001
core   0: 0x8000a678 (0x0000bfe5) c.j     pc - 8
core   0: 3 0x8000a678 (0xbfe5)
core   0: 0x8000a670 (0x00006f17) auipc   t5, 0x6
core   0: 3 0x8000a670 (0x00006f17) x30 0x80010670
core   0: 0x8000a674 (0x983f2823) sw      gp, -1648(t5)
core   0: 3 0x8000a674 (0x983f2823) mem 0x80010000 0x00000001
core   0: 0x8000a678 (0x0000bfe5) c.j     pc - 8
core   0: 3 0x8000a678 (0xbfe5)
core   0: 0x8000a670 (0x00006f17) auipc   t5, 0x6
core   0: 3 0x8000a670 (0x00006f17) x30 0x80010670
core   0: 0x8000a674 (0x983f2823) sw      gp, -1648(t5)
core   0: 3 0x8000a674 (0x983f2823) mem 0x80010000 0x00000001
core   0: 0x8000a678 (0x0000bfe5) c.j     pc - 8
core   0: 3 0x8000a678 (0xbfe5)
core   0: 0x8000a670 (0x00006f17) auipc   t5, 0x6
core   0: 3 0x8000a670 (0x00006f17) x30 0x80010670
core   0: 0x8000a674 (0x983f2823) sw      gp, -1648(t5)
core   0: 3 0x8000a674 (0x983f2823) mem 0x80010000 0x00000001
core   0: 0x8000a678 (0x0000bfe5) c.j     pc - 8
core   0: 3 0x8000a678 (0xbfe5)
core   0: 0x8000a670 (0x00006f17) auipc   t5, 0x6
core   0: 3 0x8000a670 (0x00006f17) x30 0x80010670
core   0: 0x8000a674 (0x983f2823) sw      gp, -1648(t5)
core   0: 3 0x8000a674 (0x983f2823) mem 0x80010000 0x00000001
core   0: 0x8000a678 (0x0000bfe5) c.j     pc - 8
core   0: 3 0x8000a678 (0xbfe5)
core   0: 0x8000a670 (0x00006f17) auipc   t5, 0x6
core   0: 3 0x8000a670 (0x00006f17) x30 0x80010670
core   0: 0x8000a674 (0x983f2823) sw      gp, -1648(t5)
core   0: 3 0x8000a674 (0x983f2823) mem 0x80010000 0x00000001
core   0: 0x8000a678 (0x0000bfe5) c.j     pc - 8
core   0: 3 0x8000a678 (0xbfe5)
core   0: 0x8000a670 (0x00006f17) auipc   t5, 0x6
core   0: 3 0x8000a670 (0x00006f17) x30 0x80010670
core   0: 0x8000a674 (0x983f2823) sw      gp, -1648(t5)
core   0: 3 0x8000a674 (0x983f2823) mem 0x80010000 0x00000001
core   0: 0x8000a678 (0x0000bfe5) c.j     pc - 8
core   0: 3 0x8000a678 (0xbfe5)
core   0: 0x8000a670 (0x00006f17) auipc   t5, 0x6
core   0: 3 0x8000a670 (0x00006f17) x30 0x80010670
core   0: 0x8000a674 (0x983f2823) sw      gp, -1648(t5)
core   0: 3 0x8000a674 (0x983f2823) mem 0x80010000 0x00000001
core   0: 0x8000a678 (0x0000bfe5) c.j     pc - 8
core   0: 3 0x8000a678 (0xbfe5)
core   0: 0x8000a670 (0x00006f17) auipc   t5, 0x6
core   0: 3 0x8000a670 (0x00006f17) x30 0x80010670
core   0: 0x8000a674 (0x983f2823) sw      gp, -1648(t5)
core   0: 3 0x8000a674 (0x983f2823) mem 0x80010000 0x00000001
core   0: 0x8000a678 (0x0000bfe5) c.j     pc - 8
core   0: 3 0x8000a678 (0xbfe5)
core   0: 0x8000a670 (0x00006f17) auipc   t5, 0x6
core   0: 3 0x8000a670 (0x00006f17) x30 0x80010670
core   0: 0x8000a674 (0x983f2823) sw      gp, -1648(t5)
core   0: 3 0x8000a674 (0x983f2823) mem 0x80010000 0x00000001
core   0: 0x8000a678 (0x0000bfe5) c.j     pc - 8
core   0: 3 0x8000a678 (0xbfe5)
core   0: 0x8000a670 (0x00006f17) auipc   t5, 0x6
core   0: 3 0x8000a670 (0x00006f17) x30 0x80010670
core   0: 0x8000a674 (0x983f2823) sw      gp, -1648(t5)
core   0: 3 0x8000a674 (0x983f2823) mem 0x80010000 0x00000001
core   0: 0x8000a678 (0x0000bfe5) c.j     pc - 8
core   0: 3 0x8000a678 (0xbfe5)
core   0: 0x8000a670 (0x00006f17) auipc   t5, 0x6
core   0: 3 0x8000a670 (0x00006f17) x30 0x80010670
core   0: 0x8000a674 (0x983f2823) sw      gp, -1648(t5)
core   0: 3 0x8000a674 (0x983f2823) mem 0x80010000 0x00000001
core   0: 0x8000a678 (0x0000bfe5) c.j     pc - 8
core   0: 3 0x8000a678 (0xbfe5)
core   0: 0x8000a670 (0x00006f17) auipc   t5, 0x6
core   0: 3 0x8000a670 (0x00006f17) x30 0x80010670
core   0: 0x8000a674 (0x983f2823) sw      gp, -1648(t5)
core   0: 3 0x8000a674 (0x983f2823) mem 0x80010000 0x00000001
core   0: 0x8000a678 (0x0000bfe5) c.j     pc - 8
core   0: 3 0x8000a678 (0xbfe5)
core   0: 0x8000a670 (0x00006f17) auipc   t5, 0x6
core   0: 3 0x8000a670 (0x00006f17) x30 0x80010670
core   0: 0x8000a674 (0x983f2823) sw      gp, -1648(t5)
core   0: 3 0x8000a674 (0x983f2823) mem 0x80010000 0x00000001
core   0: 0x8000a678 (0x0000bfe5) c.j     pc - 8
core   0: 3 0x8000a678 (0xbfe5)
core   0: 0x8000a670 (0x00006f17) auipc   t5, 0x6
core   0: 3 0x8000a670 (0x00006f17) x30 0x80010670
core   0: 0x8000a674 (0x983f2823) sw      gp, -1648(t5)
core   0: 3 0x8000a674 (0x983f2823) mem 0x80010000 0x00000001
core   0: 0x8000a678 (0x0000bfe5) c.j     pc - 8
core   0: 3 0x8000a678 (0xbfe5)
core   0: 0x8000a670 (0x00006f17) auipc   t5, 0x6
core   0: 3 0x8000a670 (0x00006f17) x30 0x80010670
core   0: 0x8000a674 (0x983f2823) sw      gp, -1648(t5)
core   0: 3 0x8000a674 (0x983f2823) mem 0x80010000 0x00000001
core   0: 0x8000a678 (0x0000bfe5) c.j     pc - 8
core   0: 3 0x8000a678 (0xbfe5)
core   0: 0x8000a670 (0x00006f17) auipc   t5, 0x6
core   0: 3 0x8000a670 (0x00006f17) x30 0x80010670
core   0: 0x8000a674 (0x983f2823) sw      gp, -1648(t5)
core   0: 3 0x8000a674 (0x983f2823) mem 0x80010000 0x00000001
core   0: 0x8000a678 (0x0000bfe5) c.j     pc - 8
core   0: 3 0x8000a678 (0xbfe5)
core   0: 0x8000a670 (0x00006f17) auipc   t5, 0x6
core   0: 3 0x8000a670 (0x00006f17) x30 0x80010670
core   0: 0x8000a674 (0x983f2823) sw      gp, -1648(t5)
core   0: 3 0x8000a674 (0x983f2823) mem 0x80010000 0x00000001
core   0: 0x8000a678 (0x0000bfe5) c.j     pc - 8
core   0: 3 0x8000a678 (0xbfe5)
core   0: 0x8000a670 (0x00006f17) auipc   t5, 0x6
core   0: 3 0x8000a670 (0x00006f17) x30 0x80010670
core   0: 0x8000a674 (0x983f2823) sw      gp, -1648(t5)
core   0: 3 0x8000a674 (0x983f2823) mem 0x80010000 0x00000001
core   0: 0x8000a678 (0x0000bfe5) c.j     pc - 8
core   0: 3 0x8000a678 (0xbfe5)
core   0: 0x8000a670 (0x00006f17) auipc   t5, 0x6
core   0: 3 0x8000a670 (0x00006f17) x30 0x80010670
core   0: 0x8000a674 (0x983f2823) sw      gp, -1648(t5)
core   0: 3 0x8000a674 (0x983f2823) mem 0x80010000 0x00000001
core   0: 0x8000a678 (0x0000bfe5) c.j     pc - 8
core   0: 3 0x8000a678 (0xbfe5)
core   0: 0x8000a670 (0x00006f17) auipc   t5, 0x6
core   0: 3 0x8000a670 (0x00006f17) x30 0x80010670
core   0: 0x8000a674 (0x983f2823) sw      gp, -1648(t5)
core   0: 3 0x8000a674 (0x983f2823) mem 0x80010000 0x00000001
core   0: 0x8000a678 (0x0000bfe5) c.j     pc - 8
core   0: 3 0x8000a678 (0xbfe5)
core   0: 0x8000a670 (0x00006f17) auipc   t5, 0x6
core   0: 3 0x8000a670 (0x00006f17) x30 0x80010670
core   0: 0x8000a674 (0x983f2823) sw      gp, -1648(t5)
core   0: 3 0x8000a674 (0x983f2823) mem 0x80010000 0x00000001
core   0: 0x8000a678 (0x0000bfe5) c.j     pc - 8
core   0: 3 0x8000a678 (0xbfe5)
core   0: 0x8000a670 (0x00006f17) auipc   t5, 0x6
core   0: 3 0x8000a670 (0x00006f17) x30 0x80010670
core   0: 0x8000a674 (0x983f2823) sw      gp, -1648(t5)
core   0: 3 0x8000a674 (0x983f2823) mem 0x80010000 0x00000001
core   0: 0x8000a678 (0x0000bfe5) c.j     pc - 8
core   0: 3 0x8000a678 (0xbfe5)
core   0: 0x8000a670 (0x00006f17) auipc   t5, 0x6
core   0: 3 0x8000a670 (0x00006f17) x30 0x80010670
core   0: 0x8000a674 (0x983f2823) sw      gp, -1648(t5)
core   0: 3 0x8000a674 (0x983f2823) mem 0x80010000 0x00000001
core   0: 0x8000a678 (0x0000bfe5) c.j     pc - 8
core   0: 3 0x8000a678 (0xbfe5)
core   0: 0x8000a670 (0x00006f17) auipc   t5, 0x6
core   0: 3 0x8000a670 (0x00006f17) x30 0x80010670
core   0: 0x8000a674 (0x983f2823) sw      gp, -1648(t5)
core   0: 3 0x8000a674 (0x983f2823) mem 0x80010000 0x00000001
core   0: 0x8000a678 (0x0000bfe5) c.j     pc - 8
core   0: 3 0x8000a678 (0xbfe5)
core   0: 0x8000a670 (0x00006f17) auipc   t5, 0x6
core   0: 3 0x8000a670 (0x00006f17) x30 0x80010670
core   0: 0x8000a674 (0x983f2823) sw      gp, -1648(t5)
core   0: 3 0x8000a674 (0x983f2823) mem 0x80010000 0x00000001
core   0: 0x8000a678 (0x0000bfe5) c.j     pc - 8
core   0: 3 0x8000a678 (0xbfe5)
core   0: 0x8000a670 (0x00006f17) auipc   t5, 0x6
core   0: 3 0x8000a670 (0x00006f17) x30 0x80010670
core   0: 0x8000a674 (0x983f2823) sw      gp, -1648(t5)
core   0: 3 0x8000a674 (0x983f2823) mem 0x80010000 0x00000001
core   0: 0x8000a678 (0x0000bfe5) c.j     pc - 8
core   0: 3 0x8000a678 (0xbfe5)
core   0: 0x8000a670 (0x00006f17) auipc   t5, 0x6
core   0: 3 0x8000a670 (0x00006f17) x30 0x80010670
core   0: 0x8000a674 (0x983f2823) sw      gp, -1648(t5)
core   0: 3 0x8000a674 (0x983f2823) mem 0x80010000 0x00000001
core   0: 0x8000a678 (0x0000bfe5) c.j     pc - 8
core   0: 3 0x8000a678 (0xbfe5)
core   0: 0x8000a670 (0x00006f17) auipc   t5, 0x6
core   0: 3 0x8000a670 (0x00006f17) x30 0x80010670
core   0: 0x8000a674 (0x983f2823) sw      gp, -1648(t5)
core   0: 3 0x8000a674 (0x983f2823) mem 0x80010000 0x00000001
core   0: 0x8000a678 (0x0000bfe5) c.j     pc - 8
core   0: 3 0x8000a678 (0xbfe5)
core   0: 0x8000a670 (0x00006f17) auipc   t5, 0x6
core   0: 3 0x8000a670 (0x00006f17) x30 0x80010670
core   0: 0x8000a674 (0x983f2823) sw      gp, -1648(t5)
core   0: 3 0x8000a674 (0x983f2823) mem 0x80010000 0x00000001
core   0: 0x8000a678 (0x0000bfe5) c.j     pc - 8
core   0: 3 0x8000a678 (0xbfe5)
core   0: 0x8000a670 (0x00006f17) auipc   t5, 0x6
core   0: 3 0x8000a670 (0x00006f17) x30 0x80010670
core   0: 0x8000a674 (0x983f2823) sw      gp, -1648(t5)
core   0: 3 0x8000a674 (0x983f2823) mem 0x80010000 0x00000001
core   0: 0x8000a678 (0x0000bfe5) c.j     pc - 8
core   0: 3 0x8000a678 (0xbfe5)
core   0: 0x8000a670 (0x00006f17) auipc   t5, 0x6
core   0: 3 0x8000a670 (0x00006f17) x30 0x80010670
core   0: 0x8000a674 (0x983f2823) sw      gp, -1648(t5)
core   0: 3 0x8000a674 (0x983f2823) mem 0x80010000 0x00000001
core   0: 0x8000a678 (0x0000bfe5) c.j     pc - 8
core   0: 3 0x8000a678 (0xbfe5)
core   0: 0x8000a670 (0x00006f17) auipc   t5, 0x6
core   0: 3 0x8000a670 (0x00006f17) x30 0x80010670
core   0: 0x8000a674 (0x983f2823) sw      gp, -1648(t5)
core   0: 3 0x8000a674 (0x983f2823) mem 0x80010000 0x00000001
core   0: 0x8000a678 (0x0000bfe5) c.j     pc - 8
core   0: 3 0x8000a678 (0xbfe5)
core   0: 0x8000a670 (0x00006f17) auipc   t5, 0x6
core   0: 3 0x8000a670 (0x00006f17) x30 0x80010670
core   0: 0x8000a674 (0x983f2823) sw      gp, -1648(t5)
core   0: 3 0x8000a674 (0x983f2823) mem 0x80010000 0x00000001
core   0: 0x8000a678 (0x0000bfe5) c.j     pc - 8
core   0: 3 0x8000a678 (0xbfe5)
core   0: 0x8000a670 (0x00006f17) auipc   t5, 0x6
core   0: 3 0x8000a670 (0x00006f17) x30 0x80010670
core   0: 0x8000a674 (0x983f2823) sw      gp, -1648(t5)
core   0: 3 0x8000a674 (0x983f2823) mem 0x80010000 0x00000001
core   0: 0x8000a678 (0x0000bfe5) c.j     pc - 8
core   0: 3 0x8000a678 (0xbfe5)
core   0: 0x8000a670 (0x00006f17) auipc   t5, 0x6
core   0: 3 0x8000a670 (0x00006f17) x30 0x80010670
core   0: 0x8000a674 (0x983f2823) sw      gp, -1648(t5)
core   0: 3 0x8000a674 (0x983f2823) mem 0x80010000 0x00000001
core   0: 0x8000a678 (0x0000bfe5) c.j     pc - 8
core   0: 3 0x8000a678 (0xbfe5)
core   0: 0x8000a670 (0x00006f17) auipc   t5, 0x6
core   0: 3 0x8000a670 (0x00006f17) x30 0x80010670
core   0: 0x8000a674 (0x983f2823) sw      gp, -1648(t5)
core   0: 3 0x8000a674 (0x983f2823) mem 0x80010000 0x00000001
core   0: 0x8000a678 (0x0000bfe5) c.j     pc - 8
core   0: 3 0x8000a678 (0xbfe5)
core   0: 0x8000a670 (0x00006f17) auipc   t5, 0x6
core   0: 3 0x8000a670 (0x00006f17) x30 0x80010670
core   0: 0x8000a674 (0x983f2823) sw      gp, -1648(t5)
core   0: 3 0x8000a674 (0x983f2823) mem 0x80010000 0x00000001
core   0: 0x8000a678 (0x0000bfe5) c.j     pc - 8
core   0: 3 0x8000a678 (0xbfe5)
core   0: 0x8000a670 (0x00006f17) auipc   t5, 0x6
core   0: 3 0x8000a670 (0x00006f17) x30 0x80010670
core   0: 0x8000a674 (0x983f2823) sw      gp, -1648(t5)
core   0: 3 0x8000a674 (0x983f2823) mem 0x80010000 0x00000001
core   0: 0x8000a678 (0x0000bfe5) c.j     pc - 8
core   0: 3 0x8000a678 (0xbfe5)
core   0: 0x8000a670 (0x00006f17) auipc   t5, 0x6
core   0: 3 0x8000a670 (0x00006f17) x30 0x80010670
core   0: 0x8000a674 (0x983f2823) sw      gp, -1648(t5)
core   0: 3 0x8000a674 (0x983f2823) mem 0x80010000 0x00000001
core   0: 0x8000a678 (0x0000bfe5) c.j     pc - 8
core   0: 3 0x8000a678 (0xbfe5)
core   0: 0x8000a670 (0x00006f17) auipc   t5, 0x6
core   0: 3 0x8000a670 (0x00006f17) x30 0x80010670
core   0: 0x8000a674 (0x983f2823) sw      gp, -1648(t5)
core   0: 3 0x8000a674 (0x983f2823) mem 0x80010000 0x00000001
core   0: 0x8000a678 (0x0000bfe5) c.j     pc - 8
core   0: 3 0x8000a678 (0xbfe5)
core   0: 0x8000a670 (0x00006f17) auipc   t5, 0x6
core   0: 3 0x8000a670 (0x00006f17) x30 0x80010670
core   0: 0x8000a674 (0x983f2823) sw      gp, -1648(t5)
core   0: 3 0x8000a674 (0x983f2823) mem 0x80010000 0x00000001
core   0: 0x8000a678 (0x0000bfe5) c.j     pc - 8
core   0: 3 0x8000a678 (0xbfe5)
core   0: 0x8000a670 (0x00006f17) auipc   t5, 0x6
core   0: 3 0x8000a670 (0x00006f17) x30 0x80010670
core   0: 0x8000a674 (0x983f2823) sw      gp, -1648(t5)
core   0: 3 0x8000a674 (0x983f2823) mem 0x80010000 0x00000001
core   0: 0x8000a678 (0x0000bfe5) c.j     pc - 8
core   0: 3 0x8000a678 (0xbfe5)
core   0: 0x8000a670 (0x00006f17) auipc   t5, 0x6
core   0: 3 0x8000a670 (0x00006f17) x30 0x80010670
core   0: 0x8000a674 (0x983f2823) sw      gp, -1648(t5)
core   0: 3 0x8000a674 (0x983f2823) mem 0x80010000 0x00000001
core   0: 0x8000a678 (0x0000bfe5) c.j     pc - 8
core   0: 3 0x8000a678 (0xbfe5)
core   0: 0x8000a670 (0x00006f17) auipc   t5, 0x6
core   0: 3 0x8000a670 (0x00006f17) x30 0x80010670
core   0: 0x8000a674 (0x983f2823) sw      gp, -1648(t5)
core   0: 3 0x8000a674 (0x983f2823) mem 0x80010000 0x00000001
core   0: 0x8000a678 (0x0000bfe5) c.j     pc - 8
core   0: 3 0x8000a678 (0xbfe5)
core   0: 0x8000a670 (0x00006f17) auipc   t5, 0x6
core   0: 3 0x8000a670 (0x00006f17) x30 0x80010670
core   0: 0x8000a674 (0x983f2823) sw      gp, -1648(t5)
core   0: 3 0x8000a674 (0x983f2823) mem 0x80010000 0x00000001
core   0: 0x8000a678 (0x0000bfe5) c.j     pc - 8
core   0: 3 0x8000a678 (0xbfe5)
core   0: 0x8000a670 (0x00006f17) auipc   t5, 0x6
core   0: 3 0x8000a670 (0x00006f17) x30 0x80010670
core   0: 0x8000a674 (0x983f2823) sw      gp, -1648(t5)
core   0: 3 0x8000a674 (0x983f2823) mem 0x80010000 0x00000001
core   0: 0x8000a678 (0x0000bfe5) c.j     pc - 8
core   0: 3 0x8000a678 (0xbfe5)
core   0: 0x8000a670 (0x00006f17) auipc   t5, 0x6
core   0: 3 0x8000a670 (0x00006f17) x30 0x80010670
core   0: 0x8000a674 (0x983f2823) sw      gp, -1648(t5)
core   0: 3 0x8000a674 (0x983f2823) mem 0x80010000 0x00000001
core   0: 0x8000a678 (0x0000bfe5) c.j     pc - 8
core   0: 3 0x8000a678 (0xbfe5)
core   0: 0x8000a670 (0x00006f17) auipc   t5, 0x6
core   0: 3 0x8000a670 (0x00006f17) x30 0x80010670
core   0: 0x8000a674 (0x983f2823) sw      gp, -1648(t5)
core   0: 3 0x8000a674 (0x983f2823) mem 0x80010000 0x00000001
core   0: 0x8000a678 (0x0000bfe5) c.j     pc - 8
core   0: 3 0x8000a678 (0xbfe5)
core   0: 0x8000a670 (0x00006f17) auipc   t5, 0x6
core   0: 3 0x8000a670 (0x00006f17) x30 0x80010670
core   0: 0x8000a674 (0x983f2823) sw      gp, -1648(t5)
core   0: 3 0x8000a674 (0x983f2823) mem 0x80010000 0x00000001
core   0: 0x8000a678 (0x0000bfe5) c.j     pc - 8
core   0: 3 0x8000a678 (0xbfe5)
core   0: 0x8000a670 (0x00006f17) auipc   t5, 0x6
core   0: 3 0x8000a670 (0x00006f17) x30 0x80010670
core   0: 0x8000a674 (0x983f2823) sw      gp, -1648(t5)
core   0: 3 0x8000a674 (0x983f2823) mem 0x80010000 0x00000001
core   0: 0x8000a678 (0x0000bfe5) c.j     pc - 8
core   0: 3 0x8000a678 (0xbfe5)
core   0: 0x8000a670 (0x00006f17) auipc   t5, 0x6
core   0: 3 0x8000a670 (0x00006f17) x30 0x80010670
core   0: 0x8000a674 (0x983f2823) sw      gp, -1648(t5)
core   0: 3 0x8000a674 (0x983f2823) mem 0x80010000 0x00000001
core   0: 0x8000a678 (0x0000bfe5) c.j     pc - 8
core   0: 3 0x8000a678 (0xbfe5)
core   0: 0x8000a670 (0x00006f17) auipc   t5, 0x6
core   0: 3 0x8000a670 (0x00006f17) x30 0x80010670
core   0: 0x8000a674 (0x983f2823) sw      gp, -1648(t5)
core   0: 3 0x8000a674 (0x983f2823) mem 0x80010000 0x00000001
core   0: 0x8000a678 (0x0000bfe5) c.j     pc - 8
core   0: 3 0x8000a678 (0xbfe5)
core   0: 0x8000a670 (0x00006f17) auipc   t5, 0x6
core   0: 3 0x8000a670 (0x00006f17) x30 0x80010670
core   0: 0x8000a674 (0x983f2823) sw      gp, -1648(t5)
core   0: 3 0x8000a674 (0x983f2823) mem 0x80010000 0x00000001
core   0: 0x8000a678 (0x0000bfe5) c.j     pc - 8
core   0: 3 0x8000a678 (0xbfe5)
core   0: 0x8000a670 (0x00006f17) auipc   t5, 0x6
core   0: 3 0x8000a670 (0x00006f17) x30 0x80010670
core   0: 0x8000a674 (0x983f2823) sw      gp, -1648(t5)
core   0: 3 0x8000a674 (0x983f2823) mem 0x80010000 0x00000001
core   0: 0x8000a678 (0x0000bfe5) c.j     pc - 8
core   0: 3 0x8000a678 (0xbfe5)
core   0: 0x8000a670 (0x00006f17) auipc   t5, 0x6
core   0: 3 0x8000a670 (0x00006f17) x30 0x80010670
core   0: 0x8000a674 (0x983f2823) sw      gp, -1648(t5)
core   0: 3 0x8000a674 (0x983f2823) mem 0x80010000 0x00000001
core   0: 0x8000a678 (0x0000bfe5) c.j     pc - 8
core   0: 3 0x8000a678 (0xbfe5)
core   0: 0x8000a670 (0x00006f17) auipc   t5, 0x6
core   0: 3 0x8000a670 (0x00006f17) x30 0x80010670
core   0: 0x8000a674 (0x983f2823) sw      gp, -1648(t5)
core   0: 3 0x8000a674 (0x983f2823) mem 0x80010000 0x00000001
core   0: 0x8000a678 (0x0000bfe5) c.j     pc - 8
core   0: 3 0x8000a678 (0xbfe5)
core   0: 0x8000a670 (0x00006f17) auipc   t5, 0x6
core   0: 3 0x8000a670 (0x00006f17) x30 0x80010670
core   0: 0x8000a674 (0x983f2823) sw      gp, -1648(t5)
core   0: 3 0x8000a674 (0x983f2823) mem 0x80010000 0x00000001
core   0: 0x8000a678 (0x0000bfe5) c.j     pc - 8
core   0: 3 0x8000a678 (0xbfe5)
core   0: 0x8000a670 (0x00006f17) auipc   t5, 0x6
core   0: 3 0x8000a670 (0x00006f17) x30 0x80010670
core   0: 0x8000a674 (0x983f2823) sw      gp, -1648(t5)
core   0: 3 0x8000a674 (0x983f2823) mem 0x80010000 0x00000001
core   0: 0x8000a678 (0x0000bfe5) c.j     pc - 8
core   0: 3 0x8000a678 (0xbfe5)
core   0: 0x8000a670 (0x00006f17) auipc   t5, 0x6
core   0: 3 0x8000a670 (0x00006f17) x30 0x80010670
core   0: 0x8000a674 (0x983f2823) sw      gp, -1648(t5)
core   0: 3 0x8000a674 (0x983f2823) mem 0x80010000 0x00000001
core   0: 0x8000a678 (0x0000bfe5) c.j     pc - 8
core   0: 3 0x8000a678 (0xbfe5)
core   0: 0x8000a670 (0x00006f17) auipc   t5, 0x6
core   0: 3 0x8000a670 (0x00006f17) x30 0x80010670
core   0: 0x8000a674 (0x983f2823) sw      gp, -1648(t5)
core   0: 3 0x8000a674 (0x983f2823) mem 0x80010000 0x00000001
core   0: 0x8000a678 (0x0000bfe5) c.j     pc - 8
core   0: 3 0x8000a678 (0xbfe5)
core   0: 0x8000a670 (0x00006f17) auipc   t5, 0x6
core   0: 3 0x8000a670 (0x00006f17) x30 0x80010670
core   0: 0x8000a674 (0x983f2823) sw      gp, -1648(t5)
core   0: 3 0x8000a674 (0x983f2823) mem 0x80010000 0x00000001
core   0: 0x8000a678 (0x0000bfe5) c.j     pc - 8
core   0: 3 0x8000a678 (0xbfe5)
core   0: 0x8000a670 (0x00006f17) auipc   t5, 0x6
core   0: 3 0x8000a670 (0x00006f17) x30 0x80010670
core   0: 0x8000a674 (0x983f2823) sw      gp, -1648(t5)
core   0: 3 0x8000a674 (0x983f2823) mem 0x80010000 0x00000001
core   0: 0x8000a678 (0x0000bfe5) c.j     pc - 8
core   0: 3 0x8000a678 (0xbfe5)
core   0: 0x8000a670 (0x00006f17) auipc   t5, 0x6
core   0: 3 0x8000a670 (0x00006f17) x30 0x80010670
core   0: 0x8000a674 (0x983f2823) sw      gp, -1648(t5)
core   0: 3 0x8000a674 (0x983f2823) mem 0x80010000 0x00000001
core   0: 0x8000a678 (0x0000bfe5) c.j     pc - 8
core   0: 3 0x8000a678 (0xbfe5)
core   0: 0x8000a670 (0x00006f17) auipc   t5, 0x6
core   0: 3 0x8000a670 (0x00006f17) x30 0x80010670
core   0: 0x8000a674 (0x983f2823) sw      gp, -1648(t5)
core   0: 3 0x8000a674 (0x983f2823) mem 0x80010000 0x00000001
core   0: 0x8000a678 (0x0000bfe5) c.j     pc - 8
core   0: 3 0x8000a678 (0xbfe5)
core   0: 0x8000a670 (0x00006f17) auipc   t5, 0x6
core   0: 3 0x8000a670 (0x00006f17) x30 0x80010670
core   0: 0x8000a674 (0x983f2823) sw      gp, -1648(t5)
core   0: 3 0x8000a674 (0x983f2823) mem 0x80010000 0x00000001
core   0: 0x8000a678 (0x0000bfe5) c.j     pc - 8
core   0: 3 0x8000a678 (0xbfe5)
core   0: 0x8000a670 (0x00006f17) auipc   t5, 0x6
core   0: 3 0x8000a670 (0x00006f17) x30 0x80010670
core   0: 0x8000a674 (0x983f2823) sw      gp, -1648(t5)
core   0: 3 0x8000a674 (0x983f2823) mem 0x80010000 0x00000001
core   0: 0x8000a678 (0x0000bfe5) c.j     pc - 8
core   0: 3 0x8000a678 (0xbfe5)
core   0: 0x8000a670 (0x00006f17) auipc   t5, 0x6
core   0: 3 0x8000a670 (0x00006f17) x30 0x80010670
core   0: 0x8000a674 (0x983f2823) sw      gp, -1648(t5)
core   0: 3 0x8000a674 (0x983f2823) mem 0x80010000 0x00000001
core   0: 0x8000a678 (0x0000bfe5) c.j     pc - 8
core   0: 3 0x8000a678 (0xbfe5)
core   0: 0x8000a670 (0x00006f17) auipc   t5, 0x6
core   0: 3 0x8000a670 (0x00006f17) x30 0x80010670
core   0: 0x8000a674 (0x983f2823) sw      gp, -1648(t5)
core   0: 3 0x8000a674 (0x983f2823) mem 0x80010000 0x00000001
core   0: 0x8000a678 (0x0000bfe5) c.j     pc - 8
core   0: 3 0x8000a678 (0xbfe5)
core   0: 0x8000a670 (0x00006f17) auipc   t5, 0x6
core   0: 3 0x8000a670 (0x00006f17) x30 0x80010670
core   0: 0x8000a674 (0x983f2823) sw      gp, -1648(t5)
core   0: 3 0x8000a674 (0x983f2823) mem 0x80010000 0x00000001
core   0: 0x8000a678 (0x0000bfe5) c.j     pc - 8
core   0: 3 0x8000a678 (0xbfe5)
core   0: 0x8000a670 (0x00006f17) auipc   t5, 0x6
core   0: 3 0x8000a670 (0x00006f17) x30 0x80010670
core   0: 0x8000a674 (0x983f2823) sw      gp, -1648(t5)
core   0: 3 0x8000a674 (0x983f2823) mem 0x80010000 0x00000001
core   0: 0x8000a678 (0x0000bfe5) c.j     pc - 8
core   0: 3 0x8000a678 (0xbfe5)
core   0: 0x8000a670 (0x00006f17) auipc   t5, 0x6
core   0: 3 0x8000a670 (0x00006f17) x30 0x80010670
core   0: 0x8000a674 (0x983f2823) sw      gp, -1648(t5)
core   0: 3 0x8000a674 (0x983f2823) mem 0x80010000 0x00000001
core   0: 0x8000a678 (0x0000bfe5) c.j     pc - 8
core   0: 3 0x8000a678 (0xbfe5)
core   0: 0x8000a670 (0x00006f17) auipc   t5, 0x6
core   0: 3 0x8000a670 (0x00006f17) x30 0x80010670
core   0: 0x8000a674 (0x983f2823) sw      gp, -1648(t5)
core   0: 3 0x8000a674 (0x983f2823) mem 0x80010000 0x00000001
core   0: 0x8000a678 (0x0000bfe5) c.j     pc - 8
core   0: 3 0x8000a678 (0xbfe5)
core   0: 0x8000a670 (0x00006f17) auipc   t5, 0x6
core   0: 3 0x8000a670 (0x00006f17) x30 0x80010670
core   0: 0x8000a674 (0x983f2823) sw      gp, -1648(t5)
core   0: 3 0x8000a674 (0x983f2823) mem 0x80010000 0x00000001
core   0: 0x8000a678 (0x0000bfe5) c.j     pc - 8
core   0: 3 0x8000a678 (0xbfe5)
core   0: 0x8000a670 (0x00006f17) auipc   t5, 0x6
core   0: 3 0x8000a670 (0x00006f17) x30 0x80010670
core   0: 0x8000a674 (0x983f2823) sw      gp, -1648(t5)
core   0: 3 0x8000a674 (0x983f2823) mem 0x80010000 0x00000001
core   0: 0x8000a678 (0x0000bfe5) c.j     pc - 8
core   0: 3 0x8000a678 (0xbfe5)
core   0: 0x8000a670 (0x00006f17) auipc   t5, 0x6
core   0: 3 0x8000a670 (0x00006f17) x30 0x80010670
core   0: 0x8000a674 (0x983f2823) sw      gp, -1648(t5)
core   0: 3 0x8000a674 (0x983f2823) mem 0x80010000 0x00000001
core   0: 0x8000a678 (0x0000bfe5) c.j     pc - 8
core   0: 3 0x8000a678 (0xbfe5)
core   0: 0x8000a670 (0x00006f17) auipc   t5, 0x6
core   0: 3 0x8000a670 (0x00006f17) x30 0x80010670
core   0: 0x8000a674 (0x983f2823) sw      gp, -1648(t5)
core   0: 3 0x8000a674 (0x983f2823) mem 0x80010000 0x00000001
core   0: 0x8000a678 (0x0000bfe5) c.j     pc - 8
core   0: 3 0x8000a678 (0xbfe5)
core   0: 0x8000a670 (0x00006f17) auipc   t5, 0x6
core   0: 3 0x8000a670 (0x00006f17) x30 0x80010670
core   0: 0x8000a674 (0x983f2823) sw      gp, -1648(t5)
core   0: 3 0x8000a674 (0x983f2823) mem 0x80010000 0x00000001
core   0: 0x8000a678 (0x0000bfe5) c.j     pc - 8
core   0: 3 0x8000a678 (0xbfe5)
core   0: 0x8000a670 (0x00006f17) auipc   t5, 0x6
core   0: 3 0x8000a670 (0x00006f17) x30 0x80010670
core   0: 0x8000a674 (0x983f2823) sw      gp, -1648(t5)
core   0: 3 0x8000a674 (0x983f2823) mem 0x80010000 0x00000001
core   0: 0x8000a678 (0x0000bfe5) c.j     pc - 8
core   0: 3 0x8000a678 (0xbfe5)
core   0: 0x8000a670 (0x00006f17) auipc   t5, 0x6
core   0: 3 0x8000a670 (0x00006f17) x30 0x80010670
core   0: 0x8000a674 (0x983f2823) sw      gp, -1648(t5)
core   0: 3 0x8000a674 (0x983f2823) mem 0x80010000 0x00000001
core   0: 0x8000a678 (0x0000bfe5) c.j     pc - 8
core   0: 3 0x8000a678 (0xbfe5)
core   0: 0x8000a670 (0x00006f17) auipc   t5, 0x6
core   0: 3 0x8000a670 (0x00006f17) x30 0x80010670
core   0: 0x8000a674 (0x983f2823) sw      gp, -1648(t5)
core   0: 3 0x8000a674 (0x983f2823) mem 0x80010000 0x00000001
core   0: 0x8000a678 (0x0000bfe5) c.j     pc - 8
core   0: 3 0x8000a678 (0xbfe5)
core   0: 0x8000a670 (0x00006f17) auipc   t5, 0x6
core   0: 3 0x8000a670 (0x00006f17) x30 0x80010670
core   0: 0x8000a674 (0x983f2823) sw      gp, -1648(t5)
core   0: 3 0x8000a674 (0x983f2823) mem 0x80010000 0x00000001
core   0: 0x8000a678 (0x0000bfe5) c.j     pc - 8
core   0: 3 0x8000a678 (0xbfe5)
core   0: 0x8000a670 (0x00006f17) auipc   t5, 0x6
core   0: 3 0x8000a670 (0x00006f17) x30 0x80010670
core   0: 0x8000a674 (0x983f2823) sw      gp, -1648(t5)
core   0: 3 0x8000a674 (0x983f2823) mem 0x80010000 0x00000001
core   0: 0x8000a678 (0x0000bfe5) c.j     pc - 8
core   0: 3 0x8000a678 (0xbfe5)
core   0: 0x8000a670 (0x00006f17) auipc   t5, 0x6
core   0: 3 0x8000a670 (0x00006f17) x30 0x80010670
core   0: 0x8000a674 (0x983f2823) sw      gp, -1648(t5)
core   0: 3 0x8000a674 (0x983f2823) mem 0x80010000 0x00000001
core   0: 0x8000a678 (0x0000bfe5) c.j     pc - 8
core   0: 3 0x8000a678 (0xbfe5)
core   0: 0x8000a670 (0x00006f17) auipc   t5, 0x6
core   0: 3 0x8000a670 (0x00006f17) x30 0x80010670
core   0: 0x8000a674 (0x983f2823) sw      gp, -1648(t5)
core   0: 3 0x8000a674 (0x983f2823) mem 0x80010000 0x00000001
core   0: 0x8000a678 (0x0000bfe5) c.j     pc - 8
core   0: 3 0x8000a678 (0xbfe5)
core   0: 0x8000a670 (0x00006f17) auipc   t5, 0x6
core   0: 3 0x8000a670 (0x00006f17) x30 0x80010670
core   0: 0x8000a674 (0x983f2823) sw      gp, -1648(t5)
core   0: 3 0x8000a674 (0x983f2823) mem 0x80010000 0x00000001
core   0: 0x8000a678 (0x0000bfe5) c.j     pc - 8
core   0: 3 0x8000a678 (0xbfe5)
core   0: 0x8000a670 (0x00006f17) auipc   t5, 0x6
core   0: 3 0x8000a670 (0x00006f17) x30 0x80010670
core   0: 0x8000a674 (0x983f2823) sw      gp, -1648(t5)
core   0: 3 0x8000a674 (0x983f2823) mem 0x80010000 0x00000001
core   0: 0x8000a678 (0x0000bfe5) c.j     pc - 8
core   0: 3 0x8000a678 (0xbfe5)
core   0: 0x8000a670 (0x00006f17) auipc   t5, 0x6
core   0: 3 0x8000a670 (0x00006f17) x30 0x80010670
core   0: 0x8000a674 (0x983f2823) sw      gp, -1648(t5)
core   0: 3 0x8000a674 (0x983f2823) mem 0x80010000 0x00000001
core   0: 0x8000a678 (0x0000bfe5) c.j     pc - 8
core   0: 3 0x8000a678 (0xbfe5)
core   0: 0x8000a670 (0x00006f17) auipc   t5, 0x6
core   0: 3 0x8000a670 (0x00006f17) x30 0x80010670
core   0: 0x8000a674 (0x983f2823) sw      gp, -1648(t5)
core   0: 3 0x8000a674 (0x983f2823) mem 0x80010000 0x00000001
core   0: 0x8000a678 (0x0000bfe5) c.j     pc - 8
core   0: 3 0x8000a678 (0xbfe5)
core   0: 0x8000a670 (0x00006f17) auipc   t5, 0x6
core   0: 3 0x8000a670 (0x00006f17) x30 0x80010670
core   0: 0x8000a674 (0x983f2823) sw      gp, -1648(t5)
core   0: 3 0x8000a674 (0x983f2823) mem 0x80010000 0x00000001
core   0: 0x8000a678 (0x0000bfe5) c.j     pc - 8
core   0: 3 0x8000a678 (0xbfe5)
core   0: 0x8000a670 (0x00006f17) auipc   t5, 0x6
core   0: 3 0x8000a670 (0x00006f17) x30 0x80010670
core   0: 0x8000a674 (0x983f2823) sw      gp, -1648(t5)
core   0: 3 0x8000a674 (0x983f2823) mem 0x80010000 0x00000001
core   0: 0x8000a678 (0x0000bfe5) c.j     pc - 8
core   0: 3 0x8000a678 (0xbfe5)
core   0: 0x8000a670 (0x00006f17) auipc   t5, 0x6
core   0: 3 0x8000a670 (0x00006f17) x30 0x80010670
core   0: 0x8000a674 (0x983f2823) sw      gp, -1648(t5)
core   0: 3 0x8000a674 (0x983f2823) mem 0x80010000 0x00000001
core   0: 0x8000a678 (0x0000bfe5) c.j     pc - 8
core   0: 3 0x8000a678 (0xbfe5)
core   0: 0x8000a670 (0x00006f17) auipc   t5, 0x6
core   0: 3 0x8000a670 (0x00006f17) x30 0x80010670
core   0: 0x8000a674 (0x983f2823) sw      gp, -1648(t5)
core   0: 3 0x8000a674 (0x983f2823) mem 0x80010000 0x00000001
core   0: 0x8000a678 (0x0000bfe5) c.j     pc - 8
core   0: 3 0x8000a678 (0xbfe5)
core   0: 0x8000a670 (0x00006f17) auipc   t5, 0x6
core   0: 3 0x8000a670 (0x00006f17) x30 0x80010670
core   0: 0x8000a674 (0x983f2823) sw      gp, -1648(t5)
core   0: 3 0x8000a674 (0x983f2823) mem 0x80010000 0x00000001
core   0: 0x8000a678 (0x0000bfe5) c.j     pc - 8
core   0: 3 0x8000a678 (0xbfe5)
core   0: 0x8000a670 (0x00006f17) auipc   t5, 0x6
core   0: 3 0x8000a670 (0x00006f17) x30 0x80010670
core   0: 0x8000a674 (0x983f2823) sw      gp, -1648(t5)
core   0: 3 0x8000a674 (0x983f2823) mem 0x80010000 0x00000001
core   0: 0x8000a678 (0x0000bfe5) c.j     pc - 8
core   0: 3 0x8000a678 (0xbfe5)
core   0: 0x8000a670 (0x00006f17) auipc   t5, 0x6
core   0: 3 0x8000a670 (0x00006f17) x30 0x80010670
core   0: 0x8000a674 (0x983f2823) sw      gp, -1648(t5)
core   0: 3 0x8000a674 (0x983f2823) mem 0x80010000 0x00000001
core   0: 0x8000a678 (0x0000bfe5) c.j     pc - 8
core   0: 3 0x8000a678 (0xbfe5)
core   0: 0x8000a670 (0x00006f17) auipc   t5, 0x6
core   0: 3 0x8000a670 (0x00006f17) x30 0x80010670
core   0: 0x8000a674 (0x983f2823) sw      gp, -1648(t5)
core   0: 3 0x8000a674 (0x983f2823) mem 0x80010000 0x00000001
core   0: 0x8000a678 (0x0000bfe5) c.j     pc - 8
core   0: 3 0x8000a678 (0xbfe5)
core   0: 0x8000a670 (0x00006f17) auipc   t5, 0x6
core   0: 3 0x8000a670 (0x00006f17) x30 0x80010670
core   0: 0x8000a674 (0x983f2823) sw      gp, -1648(t5)
core   0: 3 0x8000a674 (0x983f2823) mem 0x80010000 0x00000001
core   0: 0x8000a678 (0x0000bfe5) c.j     pc - 8
core   0: 3 0x8000a678 (0xbfe5)
core   0: 0x8000a670 (0x00006f17) auipc   t5, 0x6
core   0: 3 0x8000a670 (0x00006f17) x30 0x80010670
core   0: 0x8000a674 (0x983f2823) sw      gp, -1648(t5)
core   0: 3 0x8000a674 (0x983f2823) mem 0x80010000 0x00000001
core   0: 0x8000a678 (0x0000bfe5) c.j     pc - 8
core   0: 3 0x8000a678 (0xbfe5)
core   0: 0x8000a670 (0x00006f17) auipc   t5, 0x6
core   0: 3 0x8000a670 (0x00006f17) x30 0x80010670
core   0: 0x8000a674 (0x983f2823) sw      gp, -1648(t5)
core   0: 3 0x8000a674 (0x983f2823) mem 0x80010000 0x00000001
core   0: 0x8000a678 (0x0000bfe5) c.j     pc - 8
core   0: 3 0x8000a678 (0xbfe5)
core   0: 0x8000a670 (0x00006f17) auipc   t5, 0x6
core   0: 3 0x8000a670 (0x00006f17) x30 0x80010670
core   0: 0x8000a674 (0x983f2823) sw      gp, -1648(t5)
core   0: 3 0x8000a674 (0x983f2823) mem 0x80010000 0x00000001
core   0: 0x8000a678 (0x0000bfe5) c.j     pc - 8
core   0: 3 0x8000a678 (0xbfe5)
core   0: 0x8000a670 (0x00006f17) auipc   t5, 0x6
core   0: 3 0x8000a670 (0x00006f17) x30 0x80010670
core   0: 0x8000a674 (0x983f2823) sw      gp, -1648(t5)
core   0: 3 0x8000a674 (0x983f2823) mem 0x80010000 0x00000001
core   0: 0x8000a678 (0x0000bfe5) c.j     pc - 8
core   0: 3 0x8000a678 (0xbfe5)
core   0: 0x8000a670 (0x00006f17) auipc   t5, 0x6
core   0: 3 0x8000a670 (0x00006f17) x30 0x80010670
core   0: 0x8000a674 (0x983f2823) sw      gp, -1648(t5)
core   0: 3 0x8000a674 (0x983f2823) mem 0x80010000 0x00000001
core   0: 0x8000a678 (0x0000bfe5) c.j     pc - 8
core   0: 3 0x8000a678 (0xbfe5)
core   0: 0x8000a670 (0x00006f17) auipc   t5, 0x6
core   0: 3 0x8000a670 (0x00006f17) x30 0x80010670
core   0: 0x8000a674 (0x983f2823) sw      gp, -1648(t5)
core   0: 3 0x8000a674 (0x983f2823) mem 0x80010000 0x00000001
core   0: 0x8000a678 (0x0000bfe5) c.j     pc - 8
core   0: 3 0x8000a678 (0xbfe5)
core   0: 0x8000a670 (0x00006f17) auipc   t5, 0x6
core   0: 3 0x8000a670 (0x00006f17) x30 0x80010670
core   0: 0x8000a674 (0x983f2823) sw      gp, -1648(t5)
core   0: 3 0x8000a674 (0x983f2823) mem 0x80010000 0x00000001
core   0: 0x8000a678 (0x0000bfe5) c.j     pc - 8
core   0: 3 0x8000a678 (0xbfe5)
core   0: 0x8000a670 (0x00006f17) auipc   t5, 0x6
core   0: 3 0x8000a670 (0x00006f17) x30 0x80010670
core   0: 0x8000a674 (0x983f2823) sw      gp, -1648(t5)
core   0: 3 0x8000a674 (0x983f2823) mem 0x80010000 0x00000001
core   0: 0x8000a678 (0x0000bfe5) c.j     pc - 8
core   0: 3 0x8000a678 (0xbfe5)
core   0: 0x8000a670 (0x00006f17) auipc   t5, 0x6
core   0: 3 0x8000a670 (0x00006f17) x30 0x80010670
core   0: 0x8000a674 (0x983f2823) sw      gp, -1648(t5)
core   0: 3 0x8000a674 (0x983f2823) mem 0x80010000 0x00000001
core   0: 0x8000a678 (0x0000bfe5) c.j     pc - 8
core   0: 3 0x8000a678 (0xbfe5)
core   0: 0x8000a670 (0x00006f17) auipc   t5, 0x6
core   0: 3 0x8000a670 (0x00006f17) x30 0x80010670
core   0: 0x8000a674 (0x983f2823) sw      gp, -1648(t5)
core   0: 3 0x8000a674 (0x983f2823) mem 0x80010000 0x00000001
core   0: 0x8000a678 (0x0000bfe5) c.j     pc - 8
core   0: 3 0x8000a678 (0xbfe5)
core   0: 0x8000a670 (0x00006f17) auipc   t5, 0x6
core   0: 3 0x8000a670 (0x00006f17) x30 0x80010670
core   0: 0x8000a674 (0x983f2823) sw      gp, -1648(t5)
core   0: 3 0x8000a674 (0x983f2823) mem 0x80010000 0x00000001
core   0: 0x8000a678 (0x0000bfe5) c.j     pc - 8
core   0: 3 0x8000a678 (0xbfe5)
core   0: 0x8000a670 (0x00006f17) auipc   t5, 0x6
core   0: 3 0x8000a670 (0x00006f17) x30 0x80010670
core   0: 0x8000a674 (0x983f2823) sw      gp, -1648(t5)
core   0: 3 0x8000a674 (0x983f2823) mem 0x80010000 0x00000001
core   0: 0x8000a678 (0x0000bfe5) c.j     pc - 8
core   0: 3 0x8000a678 (0xbfe5)
core   0: 0x8000a670 (0x00006f17) auipc   t5, 0x6
core   0: 3 0x8000a670 (0x00006f17) x30 0x80010670
core   0: 0x8000a674 (0x983f2823) sw      gp, -1648(t5)
core   0: 3 0x8000a674 (0x983f2823) mem 0x80010000 0x00000001
core   0: 0x8000a678 (0x0000bfe5) c.j     pc - 8
core   0: 3 0x8000a678 (0xbfe5)
core   0: 0x8000a670 (0x00006f17) auipc   t5, 0x6
core   0: 3 0x8000a670 (0x00006f17) x30 0x80010670
core   0: 0x8000a674 (0x983f2823) sw      gp, -1648(t5)
core   0: 3 0x8000a674 (0x983f2823) mem 0x80010000 0x00000001
core   0: 0x8000a678 (0x0000bfe5) c.j     pc - 8
core   0: 3 0x8000a678 (0xbfe5)
core   0: 0x8000a670 (0x00006f17) auipc   t5, 0x6
core   0: 3 0x8000a670 (0x00006f17) x30 0x80010670
core   0: 0x8000a674 (0x983f2823) sw      gp, -1648(t5)
core   0: 3 0x8000a674 (0x983f2823) mem 0x80010000 0x00000001
core   0: 0x8000a678 (0x0000bfe5) c.j     pc - 8
core   0: 3 0x8000a678 (0xbfe5)
core   0: 0x8000a670 (0x00006f17) auipc   t5, 0x6
core   0: 3 0x8000a670 (0x00006f17) x30 0x80010670
core   0: 0x8000a674 (0x983f2823) sw      gp, -1648(t5)
core   0: 3 0x8000a674 (0x983f2823) mem 0x80010000 0x00000001
core   0: 0x8000a678 (0x0000bfe5) c.j     pc - 8
core   0: 3 0x8000a678 (0xbfe5)
core   0: 0x8000a670 (0x00006f17) auipc   t5, 0x6
core   0: 3 0x8000a670 (0x00006f17) x30 0x80010670
core   0: 0x8000a674 (0x983f2823) sw      gp, -1648(t5)
core   0: 3 0x8000a674 (0x983f2823) mem 0x80010000 0x00000001
core   0: 0x8000a678 (0x0000bfe5) c.j     pc - 8
core   0: 3 0x8000a678 (0xbfe5)
core   0: 0x8000a670 (0x00006f17) auipc   t5, 0x6
core   0: 3 0x8000a670 (0x00006f17) x30 0x80010670
core   0: 0x8000a674 (0x983f2823) sw      gp, -1648(t5)
core   0: 3 0x8000a674 (0x983f2823) mem 0x80010000 0x00000001
core   0: 0x8000a678 (0x0000bfe5) c.j     pc - 8
core   0: 3 0x8000a678 (0xbfe5)
core   0: 0x8000a670 (0x00006f17) auipc   t5, 0x6
core   0: 3 0x8000a670 (0x00006f17) x30 0x80010670
core   0: 0x8000a674 (0x983f2823) sw      gp, -1648(t5)
core   0: 3 0x8000a674 (0x983f2823) mem 0x80010000 0x00000001
core   0: 0x8000a678 (0x0000bfe5) c.j     pc - 8
core   0: 3 0x8000a678 (0xbfe5)
core   0: 0x8000a670 (0x00006f17) auipc   t5, 0x6
core   0: 3 0x8000a670 (0x00006f17) x30 0x80010670
core   0: 0x8000a674 (0x983f2823) sw      gp, -1648(t5)
core   0: 3 0x8000a674 (0x983f2823) mem 0x80010000 0x00000001
core   0: 0x8000a678 (0x0000bfe5) c.j     pc - 8
core   0: 3 0x8000a678 (0xbfe5)
core   0: 0x8000a670 (0x00006f17) auipc   t5, 0x6
core   0: 3 0x8000a670 (0x00006f17) x30 0x80010670
core   0: 0x8000a674 (0x983f2823) sw      gp, -1648(t5)
core   0: 3 0x8000a674 (0x983f2823) mem 0x80010000 0x00000001
core   0: 0x8000a678 (0x0000bfe5) c.j     pc - 8
core   0: 3 0x8000a678 (0xbfe5)
core   0: 0x8000a670 (0x00006f17) auipc   t5, 0x6
core   0: 3 0x8000a670 (0x00006f17) x30 0x80010670
core   0: 0x8000a674 (0x983f2823) sw      gp, -1648(t5)
core   0: 3 0x8000a674 (0x983f2823) mem 0x80010000 0x00000001
core   0: 0x8000a678 (0x0000bfe5) c.j     pc - 8
core   0: 3 0x8000a678 (0xbfe5)
core   0: 0x8000a670 (0x00006f17) auipc   t5, 0x6
core   0: 3 0x8000a670 (0x00006f17) x30 0x80010670
core   0: 0x8000a674 (0x983f2823) sw      gp, -1648(t5)
core   0: 3 0x8000a674 (0x983f2823) mem 0x80010000 0x00000001
core   0: 0x8000a678 (0x0000bfe5) c.j     pc - 8
core   0: 3 0x8000a678 (0xbfe5)
core   0: 0x8000a670 (0x00006f17) auipc   t5, 0x6
core   0: 3 0x8000a670 (0x00006f17) x30 0x80010670
core   0: 0x8000a674 (0x983f2823) sw      gp, -1648(t5)
core   0: 3 0x8000a674 (0x983f2823) mem 0x80010000 0x00000001
core   0: 0x8000a678 (0x0000bfe5) c.j     pc - 8
core   0: 3 0x8000a678 (0xbfe5)
core   0: 0x8000a670 (0x00006f17) auipc   t5, 0x6
core   0: 3 0x8000a670 (0x00006f17) x30 0x80010670
core   0: 0x8000a674 (0x983f2823) sw      gp, -1648(t5)
core   0: 3 0x8000a674 (0x983f2823) mem 0x80010000 0x00000001
core   0: 0x8000a678 (0x0000bfe5) c.j     pc - 8
core   0: 3 0x8000a678 (0xbfe5)
core   0: 0x8000a670 (0x00006f17) auipc   t5, 0x6
core   0: 3 0x8000a670 (0x00006f17) x30 0x80010670
core   0: 0x8000a674 (0x983f2823) sw      gp, -1648(t5)
core   0: 3 0x8000a674 (0x983f2823) mem 0x80010000 0x00000001
core   0: 0x8000a678 (0x0000bfe5) c.j     pc - 8
core   0: 3 0x8000a678 (0xbfe5)
core   0: 0x8000a670 (0x00006f17) auipc   t5, 0x6
core   0: 3 0x8000a670 (0x00006f17) x30 0x80010670
core   0: 0x8000a674 (0x983f2823) sw      gp, -1648(t5)
core   0: 3 0x8000a674 (0x983f2823) mem 0x80010000 0x00000001
core   0: 0x8000a678 (0x0000bfe5) c.j     pc - 8
core   0: 3 0x8000a678 (0xbfe5)
core   0: 0x8000a670 (0x00006f17) auipc   t5, 0x6
core   0: 3 0x8000a670 (0x00006f17) x30 0x80010670
core   0: 0x8000a674 (0x983f2823) sw      gp, -1648(t5)
core   0: 3 0x8000a674 (0x983f2823) mem 0x80010000 0x00000001
core   0: 0x8000a678 (0x0000bfe5) c.j     pc - 8
core   0: 3 0x8000a678 (0xbfe5)
core   0: 0x8000a670 (0x00006f17) auipc   t5, 0x6
core   0: 3 0x8000a670 (0x00006f17) x30 0x80010670
core   0: 0x8000a674 (0x983f2823) sw      gp, -1648(t5)
core   0: 3 0x8000a674 (0x983f2823) mem 0x80010000 0x00000001
core   0: 0x8000a678 (0x0000bfe5) c.j     pc - 8
core   0: 3 0x8000a678 (0xbfe5)
core   0: 0x8000a670 (0x00006f17) auipc   t5, 0x6
core   0: 3 0x8000a670 (0x00006f17) x30 0x80010670
core   0: 0x8000a674 (0x983f2823) sw      gp, -1648(t5)
core   0: 3 0x8000a674 (0x983f2823) mem 0x80010000 0x00000001
core   0: 0x8000a678 (0x0000bfe5) c.j     pc - 8
core   0: 3 0x8000a678 (0xbfe5)
core   0: 0x8000a670 (0x00006f17) auipc   t5, 0x6
core   0: 3 0x8000a670 (0x00006f17) x30 0x80010670
core   0: 0x8000a674 (0x983f2823) sw      gp, -1648(t5)
core   0: 3 0x8000a674 (0x983f2823) mem 0x80010000 0x00000001
core   0: 0x8000a678 (0x0000bfe5) c.j     pc - 8
core   0: 3 0x8000a678 (0xbfe5)
core   0: 0x8000a670 (0x00006f17) auipc   t5, 0x6
core   0: 3 0x8000a670 (0x00006f17) x30 0x80010670
core   0: 0x8000a674 (0x983f2823) sw      gp, -1648(t5)
core   0: 3 0x8000a674 (0x983f2823) mem 0x80010000 0x00000001
core   0: 0x8000a678 (0x0000bfe5) c.j     pc - 8
core   0: 3 0x8000a678 (0xbfe5)
core   0: 0x8000a670 (0x00006f17) auipc   t5, 0x6
core   0: 3 0x8000a670 (0x00006f17) x30 0x80010670
core   0: 0x8000a674 (0x983f2823) sw      gp, -1648(t5)
core   0: 3 0x8000a674 (0x983f2823) mem 0x80010000 0x00000001
core   0: 0x8000a678 (0x0000bfe5) c.j     pc - 8
core   0: 3 0x8000a678 (0xbfe5)
core   0: 0x8000a670 (0x00006f17) auipc   t5, 0x6
core   0: 3 0x8000a670 (0x00006f17) x30 0x80010670
core   0: 0x8000a674 (0x983f2823) sw      gp, -1648(t5)
core   0: 3 0x8000a674 (0x983f2823) mem 0x80010000 0x00000001
core   0: 0x8000a678 (0x0000bfe5) c.j     pc - 8
core   0: 3 0x8000a678 (0xbfe5)
core   0: 0x8000a670 (0x00006f17) auipc   t5, 0x6
core   0: 3 0x8000a670 (0x00006f17) x30 0x80010670
core   0: 0x8000a674 (0x983f2823) sw      gp, -1648(t5)
core   0: 3 0x8000a674 (0x983f2823) mem 0x80010000 0x00000001
core   0: 0x8000a678 (0x0000bfe5) c.j     pc - 8
core   0: 3 0x8000a678 (0xbfe5)
core   0: 0x8000a670 (0x00006f17) auipc   t5, 0x6
core   0: 3 0x8000a670 (0x00006f17) x30 0x80010670
core   0: 0x8000a674 (0x983f2823) sw      gp, -1648(t5)
core   0: 3 0x8000a674 (0x983f2823) mem 0x80010000 0x00000001
core   0: 0x8000a678 (0x0000bfe5) c.j     pc - 8
core   0: 3 0x8000a678 (0xbfe5)
core   0: 0x8000a670 (0x00006f17) auipc   t5, 0x6
core   0: 3 0x8000a670 (0x00006f17) x30 0x80010670
core   0: 0x8000a674 (0x983f2823) sw      gp, -1648(t5)
core   0: 3 0x8000a674 (0x983f2823) mem 0x80010000 0x00000001
core   0: 0x8000a678 (0x0000bfe5) c.j     pc - 8
core   0: 3 0x8000a678 (0xbfe5)
core   0: 0x8000a670 (0x00006f17) auipc   t5, 0x6
core   0: 3 0x8000a670 (0x00006f17) x30 0x80010670
core   0: 0x8000a674 (0x983f2823) sw      gp, -1648(t5)
core   0: 3 0x8000a674 (0x983f2823) mem 0x80010000 0x00000001
core   0: 0x8000a678 (0x0000bfe5) c.j     pc - 8
core   0: 3 0x8000a678 (0xbfe5)
core   0: 0x8000a670 (0x00006f17) auipc   t5, 0x6
core   0: 3 0x8000a670 (0x00006f17) x30 0x80010670
core   0: 0x8000a674 (0x983f2823) sw      gp, -1648(t5)
core   0: 3 0x8000a674 (0x983f2823) mem 0x80010000 0x00000001
core   0: 0x8000a678 (0x0000bfe5) c.j     pc - 8
core   0: 3 0x8000a678 (0xbfe5)
core   0: 0x8000a670 (0x00006f17) auipc   t5, 0x6
core   0: 3 0x8000a670 (0x00006f17) x30 0x80010670
core   0: 0x8000a674 (0x983f2823) sw      gp, -1648(t5)
core   0: 3 0x8000a674 (0x983f2823) mem 0x80010000 0x00000001
core   0: 0x8000a678 (0x0000bfe5) c.j     pc - 8
core   0: 3 0x8000a678 (0xbfe5)
core   0: 0x8000a670 (0x00006f17) auipc   t5, 0x6
core   0: 3 0x8000a670 (0x00006f17) x30 0x80010670
core   0: 0x8000a674 (0x983f2823) sw      gp, -1648(t5)
core   0: 3 0x8000a674 (0x983f2823) mem 0x80010000 0x00000001
core   0: 0x8000a678 (0x0000bfe5) c.j     pc - 8
core   0: 3 0x8000a678 (0xbfe5)
core   0: 0x8000a670 (0x00006f17) auipc   t5, 0x6
core   0: 3 0x8000a670 (0x00006f17) x30 0x80010670
core   0: 0x8000a674 (0x983f2823) sw      gp, -1648(t5)
core   0: 3 0x8000a674 (0x983f2823) mem 0x80010000 0x00000001
core   0: 0x8000a678 (0x0000bfe5) c.j     pc - 8
core   0: 3 0x8000a678 (0xbfe5)
core   0: 0x8000a670 (0x00006f17) auipc   t5, 0x6
core   0: 3 0x8000a670 (0x00006f17) x30 0x80010670
core   0: 0x8000a674 (0x983f2823) sw      gp, -1648(t5)
core   0: 3 0x8000a674 (0x983f2823) mem 0x80010000 0x00000001
core   0: 0x8000a678 (0x0000bfe5) c.j     pc - 8
core   0: 3 0x8000a678 (0xbfe5)
core   0: 0x8000a670 (0x00006f17) auipc   t5, 0x6
core   0: 3 0x8000a670 (0x00006f17) x30 0x80010670
core   0: 0x8000a674 (0x983f2823) sw      gp, -1648(t5)
core   0: 3 0x8000a674 (0x983f2823) mem 0x80010000 0x00000001
core   0: 0x8000a678 (0x0000bfe5) c.j     pc - 8
core   0: 3 0x8000a678 (0xbfe5)
core   0: 0x8000a670 (0x00006f17) auipc   t5, 0x6
core   0: 3 0x8000a670 (0x00006f17) x30 0x80010670
core   0: 0x8000a674 (0x983f2823) sw      gp, -1648(t5)
core   0: 3 0x8000a674 (0x983f2823) mem 0x80010000 0x00000001
core   0: 0x8000a678 (0x0000bfe5) c.j     pc - 8
core   0: 3 0x8000a678 (0xbfe5)
core   0: 0x8000a670 (0x00006f17) auipc   t5, 0x6
core   0: 3 0x8000a670 (0x00006f17) x30 0x80010670
core   0: 0x8000a674 (0x983f2823) sw      gp, -1648(t5)
core   0: 3 0x8000a674 (0x983f2823) mem 0x80010000 0x00000001
core   0: 0x8000a678 (0x0000bfe5) c.j     pc - 8
core   0: 3 0x8000a678 (0xbfe5)
core   0: 0x8000a670 (0x00006f17) auipc   t5, 0x6
core   0: 3 0x8000a670 (0x00006f17) x30 0x80010670
core   0: 0x8000a674 (0x983f2823) sw      gp, -1648(t5)
core   0: 3 0x8000a674 (0x983f2823) mem 0x80010000 0x00000001
core   0: 0x8000a678 (0x0000bfe5) c.j     pc - 8
core   0: 3 0x8000a678 (0xbfe5)
core   0: 0x8000a670 (0x00006f17) auipc   t5, 0x6
core   0: 3 0x8000a670 (0x00006f17) x30 0x80010670
core   0: 0x8000a674 (0x983f2823) sw      gp, -1648(t5)
core   0: 3 0x8000a674 (0x983f2823) mem 0x80010000 0x00000001
core   0: 0x8000a678 (0x0000bfe5) c.j     pc - 8
core   0: 3 0x8000a678 (0xbfe5)
core   0: 0x8000a670 (0x00006f17) auipc   t5, 0x6
core   0: 3 0x8000a670 (0x00006f17) x30 0x80010670
core   0: 0x8000a674 (0x983f2823) sw      gp, -1648(t5)
core   0: 3 0x8000a674 (0x983f2823) mem 0x80010000 0x00000001
core   0: 0x8000a678 (0x0000bfe5) c.j     pc - 8
core   0: 3 0x8000a678 (0xbfe5)
core   0: 0x8000a670 (0x00006f17) auipc   t5, 0x6
core   0: 3 0x8000a670 (0x00006f17) x30 0x80010670
core   0: 0x8000a674 (0x983f2823) sw      gp, -1648(t5)
core   0: 3 0x8000a674 (0x983f2823) mem 0x80010000 0x00000001
core   0: 0x8000a678 (0x0000bfe5) c.j     pc - 8
core   0: 3 0x8000a678 (0xbfe5)
core   0: 0x8000a670 (0x00006f17) auipc   t5, 0x6
core   0: 3 0x8000a670 (0x00006f17) x30 0x80010670
core   0: 0x8000a674 (0x983f2823) sw      gp, -1648(t5)
core   0: 3 0x8000a674 (0x983f2823) mem 0x80010000 0x00000001
core   0: 0x8000a678 (0x0000bfe5) c.j     pc - 8
core   0: 3 0x8000a678 (0xbfe5)
core   0: 0x8000a670 (0x00006f17) auipc   t5, 0x6
core   0: 3 0x8000a670 (0x00006f17) x30 0x80010670
core   0: 0x8000a674 (0x983f2823) sw      gp, -1648(t5)
core   0: 3 0x8000a674 (0x983f2823) mem 0x80010000 0x00000001
core   0: 0x8000a678 (0x0000bfe5) c.j     pc - 8
core   0: 3 0x8000a678 (0xbfe5)
core   0: 0x8000a670 (0x00006f17) auipc   t5, 0x6
core   0: 3 0x8000a670 (0x00006f17) x30 0x80010670
core   0: 0x8000a674 (0x983f2823) sw      gp, -1648(t5)
core   0: 3 0x8000a674 (0x983f2823) mem 0x80010000 0x00000001
core   0: 0x8000a678 (0x0000bfe5) c.j     pc - 8
core   0: 3 0x8000a678 (0xbfe5)
core   0: 0x8000a670 (0x00006f17) auipc   t5, 0x6
core   0: 3 0x8000a670 (0x00006f17) x30 0x80010670
core   0: 0x8000a674 (0x983f2823) sw      gp, -1648(t5)
core   0: 3 0x8000a674 (0x983f2823) mem 0x80010000 0x00000001
core   0: 0x8000a678 (0x0000bfe5) c.j     pc - 8
core   0: 3 0x8000a678 (0xbfe5)
core   0: 0x8000a670 (0x00006f17) auipc   t5, 0x6
core   0: 3 0x8000a670 (0x00006f17) x30 0x80010670
core   0: 0x8000a674 (0x983f2823) sw      gp, -1648(t5)
core   0: 3 0x8000a674 (0x983f2823) mem 0x80010000 0x00000001
core   0: 0x8000a678 (0x0000bfe5) c.j     pc - 8
core   0: 3 0x8000a678 (0xbfe5)
core   0: 0x8000a670 (0x00006f17) auipc   t5, 0x6
core   0: 3 0x8000a670 (0x00006f17) x30 0x80010670
core   0: 0x8000a674 (0x983f2823) sw      gp, -1648(t5)
core   0: 3 0x8000a674 (0x983f2823) mem 0x80010000 0x00000001
core   0: 0x8000a678 (0x0000bfe5) c.j     pc - 8
core   0: 3 0x8000a678 (0xbfe5)
core   0: 0x8000a670 (0x00006f17) auipc   t5, 0x6
core   0: 3 0x8000a670 (0x00006f17) x30 0x80010670
core   0: 0x8000a674 (0x983f2823) sw      gp, -1648(t5)
core   0: 3 0x8000a674 (0x983f2823) mem 0x80010000 0x00000001
core   0: 0x8000a678 (0x0000bfe5) c.j     pc - 8
core   0: 3 0x8000a678 (0xbfe5)
core   0: 0x8000a670 (0x00006f17) auipc   t5, 0x6
core   0: 3 0x8000a670 (0x00006f17) x30 0x80010670
core   0: 0x8000a674 (0x983f2823) sw      gp, -1648(t5)
core   0: 3 0x8000a674 (0x983f2823) mem 0x80010000 0x00000001
core   0: 0x8000a678 (0x0000bfe5) c.j     pc - 8
core   0: 3 0x8000a678 (0xbfe5)
core   0: 0x8000a670 (0x00006f17) auipc   t5, 0x6
core   0: 3 0x8000a670 (0x00006f17) x30 0x80010670
core   0: 0x8000a674 (0x983f2823) sw      gp, -1648(t5)
core   0: 3 0x8000a674 (0x983f2823) mem 0x80010000 0x00000001
core   0: 0x8000a678 (0x0000bfe5) c.j     pc - 8
core   0: 3 0x8000a678 (0xbfe5)
core   0: 0x8000a670 (0x00006f17) auipc   t5, 0x6
core   0: 3 0x8000a670 (0x00006f17) x30 0x80010670
core   0: 0x8000a674 (0x983f2823) sw      gp, -1648(t5)
core   0: 3 0x8000a674 (0x983f2823) mem 0x80010000 0x00000001
core   0: 0x8000a678 (0x0000bfe5) c.j     pc - 8
core   0: 3 0x8000a678 (0xbfe5)
core   0: 0x8000a670 (0x00006f17) auipc   t5, 0x6
core   0: 3 0x8000a670 (0x00006f17) x30 0x80010670
core   0: 0x8000a674 (0x983f2823) sw      gp, -1648(t5)
core   0: 3 0x8000a674 (0x983f2823) mem 0x80010000 0x00000001
core   0: 0x8000a678 (0x0000bfe5) c.j     pc - 8
core   0: 3 0x8000a678 (0xbfe5)
core   0: 0x8000a670 (0x00006f17) auipc   t5, 0x6
core   0: 3 0x8000a670 (0x00006f17) x30 0x80010670
core   0: 0x8000a674 (0x983f2823) sw      gp, -1648(t5)
core   0: 3 0x8000a674 (0x983f2823) mem 0x80010000 0x00000001
core   0: 0x8000a678 (0x0000bfe5) c.j     pc - 8
core   0: 3 0x8000a678 (0xbfe5)
core   0: 0x8000a670 (0x00006f17) auipc   t5, 0x6
core   0: 3 0x8000a670 (0x00006f17) x30 0x80010670
core   0: 0x8000a674 (0x983f2823) sw      gp, -1648(t5)
core   0: 3 0x8000a674 (0x983f2823) mem 0x80010000 0x00000001
core   0: 0x8000a678 (0x0000bfe5) c.j     pc - 8
core   0: 3 0x8000a678 (0xbfe5)
core   0: 0x8000a670 (0x00006f17) auipc   t5, 0x6
core   0: 3 0x8000a670 (0x00006f17) x30 0x80010670
core   0: 0x8000a674 (0x983f2823) sw      gp, -1648(t5)
core   0: 3 0x8000a674 (0x983f2823) mem 0x80010000 0x00000001
core   0: 0x8000a678 (0x0000bfe5) c.j     pc - 8
core   0: 3 0x8000a678 (0xbfe5)
core   0: 0x8000a670 (0x00006f17) auipc   t5, 0x6
core   0: 3 0x8000a670 (0x00006f17) x30 0x80010670
core   0: 0x8000a674 (0x983f2823) sw      gp, -1648(t5)
core   0: 3 0x8000a674 (0x983f2823) mem 0x80010000 0x00000001
core   0: 0x8000a678 (0x0000bfe5) c.j     pc - 8
core   0: 3 0x8000a678 (0xbfe5)
core   0: 0x8000a670 (0x00006f17) auipc   t5, 0x6
core   0: 3 0x8000a670 (0x00006f17) x30 0x80010670
core   0: 0x8000a674 (0x983f2823) sw      gp, -1648(t5)
core   0: 3 0x8000a674 (0x983f2823) mem 0x80010000 0x00000001
core   0: 0x8000a678 (0x0000bfe5) c.j     pc - 8
core   0: 3 0x8000a678 (0xbfe5)
core   0: 0x8000a670 (0x00006f17) auipc   t5, 0x6
core   0: 3 0x8000a670 (0x00006f17) x30 0x80010670
core   0: 0x8000a674 (0x983f2823) sw      gp, -1648(t5)
core   0: 3 0x8000a674 (0x983f2823) mem 0x80010000 0x00000001
core   0: 0x8000a678 (0x0000bfe5) c.j     pc - 8
core   0: 3 0x8000a678 (0xbfe5)
core   0: 0x8000a670 (0x00006f17) auipc   t5, 0x6
core   0: 3 0x8000a670 (0x00006f17) x30 0x80010670
core   0: 0x8000a674 (0x983f2823) sw      gp, -1648(t5)
core   0: 3 0x8000a674 (0x983f2823) mem 0x80010000 0x00000001
core   0: 0x8000a678 (0x0000bfe5) c.j     pc - 8
core   0: 3 0x8000a678 (0xbfe5)
core   0: 0x8000a670 (0x00006f17) auipc   t5, 0x6
core   0: 3 0x8000a670 (0x00006f17) x30 0x80010670
core   0: 0x8000a674 (0x983f2823) sw      gp, -1648(t5)
core   0: 3 0x8000a674 (0x983f2823) mem 0x80010000 0x00000001
core   0: 0x8000a678 (0x0000bfe5) c.j     pc - 8
core   0: 3 0x8000a678 (0xbfe5)
core   0: 0x8000a670 (0x00006f17) auipc   t5, 0x6
core   0: 3 0x8000a670 (0x00006f17) x30 0x80010670
core   0: 0x8000a674 (0x983f2823) sw      gp, -1648(t5)
core   0: 3 0x8000a674 (0x983f2823) mem 0x80010000 0x00000001
core   0: 0x8000a678 (0x0000bfe5) c.j     pc - 8
core   0: 3 0x8000a678 (0xbfe5)
core   0: 0x8000a670 (0x00006f17) auipc   t5, 0x6
core   0: 3 0x8000a670 (0x00006f17) x30 0x80010670
core   0: 0x8000a674 (0x983f2823) sw      gp, -1648(t5)
core   0: 3 0x8000a674 (0x983f2823) mem 0x80010000 0x00000001
core   0: 0x8000a678 (0x0000bfe5) c.j     pc - 8
core   0: 3 0x8000a678 (0xbfe5)
core   0: 0x8000a670 (0x00006f17) auipc   t5, 0x6
core   0: 3 0x8000a670 (0x00006f17) x30 0x80010670
core   0: 0x8000a674 (0x983f2823) sw      gp, -1648(t5)
core   0: 3 0x8000a674 (0x983f2823) mem 0x80010000 0x00000001
core   0: 0x8000a678 (0x0000bfe5) c.j     pc - 8
core   0: 3 0x8000a678 (0xbfe5)
core   0: 0x8000a670 (0x00006f17) auipc   t5, 0x6
core   0: 3 0x8000a670 (0x00006f17) x30 0x80010670
core   0: 0x8000a674 (0x983f2823) sw      gp, -1648(t5)
core   0: 3 0x8000a674 (0x983f2823) mem 0x80010000 0x00000001
core   0: 0x8000a678 (0x0000bfe5) c.j     pc - 8
core   0: 3 0x8000a678 (0xbfe5)
core   0: 0x8000a670 (0x00006f17) auipc   t5, 0x6
core   0: 3 0x8000a670 (0x00006f17) x30 0x80010670
core   0: 0x8000a674 (0x983f2823) sw      gp, -1648(t5)
core   0: 3 0x8000a674 (0x983f2823) mem 0x80010000 0x00000001
core   0: 0x8000a678 (0x0000bfe5) c.j     pc - 8
core   0: 3 0x8000a678 (0xbfe5)
core   0: 0x8000a670 (0x00006f17) auipc   t5, 0x6
core   0: 3 0x8000a670 (0x00006f17) x30 0x80010670
core   0: 0x8000a674 (0x983f2823) sw      gp, -1648(t5)
core   0: 3 0x8000a674 (0x983f2823) mem 0x80010000 0x00000001
core   0: 0x8000a678 (0x0000bfe5) c.j     pc - 8
core   0: 3 0x8000a678 (0xbfe5)
core   0: 0x8000a670 (0x00006f17) auipc   t5, 0x6
core   0: 3 0x8000a670 (0x00006f17) x30 0x80010670
core   0: 0x8000a674 (0x983f2823) sw      gp, -1648(t5)
core   0: 3 0x8000a674 (0x983f2823) mem 0x80010000 0x00000001
core   0: 0x8000a678 (0x0000bfe5) c.j     pc - 8
core   0: 3 0x8000a678 (0xbfe5)
core   0: 0x8000a670 (0x00006f17) auipc   t5, 0x6
core   0: 3 0x8000a670 (0x00006f17) x30 0x80010670
core   0: 0x8000a674 (0x983f2823) sw      gp, -1648(t5)
core   0: 3 0x8000a674 (0x983f2823) mem 0x80010000 0x00000001
core   0: 0x8000a678 (0x0000bfe5) c.j     pc - 8
core   0: 3 0x8000a678 (0xbfe5)
core   0: 0x8000a670 (0x00006f17) auipc   t5, 0x6
core   0: 3 0x8000a670 (0x00006f17) x30 0x80010670
core   0: 0x8000a674 (0x983f2823) sw      gp, -1648(t5)
core   0: 3 0x8000a674 (0x983f2823) mem 0x80010000 0x00000001
core   0: 0x8000a678 (0x0000bfe5) c.j     pc - 8
core   0: 3 0x8000a678 (0xbfe5)
core   0: 0x8000a670 (0x00006f17) auipc   t5, 0x6
core   0: 3 0x8000a670 (0x00006f17) x30 0x80010670
core   0: 0x8000a674 (0x983f2823) sw      gp, -1648(t5)
core   0: 3 0x8000a674 (0x983f2823) mem 0x80010000 0x00000001
core   0: 0x8000a678 (0x0000bfe5) c.j     pc - 8
core   0: 3 0x8000a678 (0xbfe5)
core   0: 0x8000a670 (0x00006f17) auipc   t5, 0x6
core   0: 3 0x8000a670 (0x00006f17) x30 0x80010670
core   0: 0x8000a674 (0x983f2823) sw      gp, -1648(t5)
core   0: 3 0x8000a674 (0x983f2823) mem 0x80010000 0x00000001
core   0: 0x8000a678 (0x0000bfe5) c.j     pc - 8
core   0: 3 0x8000a678 (0xbfe5)
core   0: 0x8000a670 (0x00006f17) auipc   t5, 0x6
core   0: 3 0x8000a670 (0x00006f17) x30 0x80010670
core   0: 0x8000a674 (0x983f2823) sw      gp, -1648(t5)
core   0: 3 0x8000a674 (0x983f2823) mem 0x80010000 0x00000001
core   0: 0x8000a678 (0x0000bfe5) c.j     pc - 8
core   0: 3 0x8000a678 (0xbfe5)
core   0: 0x8000a670 (0x00006f17) auipc   t5, 0x6
core   0: 3 0x8000a670 (0x00006f17) x30 0x80010670
core   0: 0x8000a674 (0x983f2823) sw      gp, -1648(t5)
core   0: 3 0x8000a674 (0x983f2823) mem 0x80010000 0x00000001
core   0: 0x8000a678 (0x0000bfe5) c.j     pc - 8
core   0: 3 0x8000a678 (0xbfe5)
core   0: 0x8000a670 (0x00006f17) auipc   t5, 0x6
core   0: 3 0x8000a670 (0x00006f17) x30 0x80010670
core   0: 0x8000a674 (0x983f2823) sw      gp, -1648(t5)
core   0: 3 0x8000a674 (0x983f2823) mem 0x80010000 0x00000001
core   0: 0x8000a678 (0x0000bfe5) c.j     pc - 8
core   0: 3 0x8000a678 (0xbfe5)
core   0: 0x8000a670 (0x00006f17) auipc   t5, 0x6
core   0: 3 0x8000a670 (0x00006f17) x30 0x80010670
core   0: 0x8000a674 (0x983f2823) sw      gp, -1648(t5)
core   0: 3 0x8000a674 (0x983f2823) mem 0x80010000 0x00000001
core   0: 0x8000a678 (0x0000bfe5) c.j     pc - 8
core   0: 3 0x8000a678 (0xbfe5)
core   0: 0x8000a670 (0x00006f17) auipc   t5, 0x6
core   0: 3 0x8000a670 (0x00006f17) x30 0x80010670
core   0: 0x8000a674 (0x983f2823) sw      gp, -1648(t5)
core   0: 3 0x8000a674 (0x983f2823) mem 0x80010000 0x00000001
core   0: 0x8000a678 (0x0000bfe5) c.j     pc - 8
core   0: 3 0x8000a678 (0xbfe5)
core   0: 0x8000a670 (0x00006f17) auipc   t5, 0x6
core   0: 3 0x8000a670 (0x00006f17) x30 0x80010670
core   0: 0x8000a674 (0x983f2823) sw      gp, -1648(t5)
core   0: 3 0x8000a674 (0x983f2823) mem 0x80010000 0x00000001
core   0: 0x8000a678 (0x0000bfe5) c.j     pc - 8
core   0: 3 0x8000a678 (0xbfe5)
core   0: 0x8000a670 (0x00006f17) auipc   t5, 0x6
core   0: 3 0x8000a670 (0x00006f17) x30 0x80010670
core   0: 0x8000a674 (0x983f2823) sw      gp, -1648(t5)
core   0: 3 0x8000a674 (0x983f2823) mem 0x80010000 0x00000001
core   0: 0x8000a678 (0x0000bfe5) c.j     pc - 8
core   0: 3 0x8000a678 (0xbfe5)
core   0: 0x8000a670 (0x00006f17) auipc   t5, 0x6
core   0: 3 0x8000a670 (0x00006f17) x30 0x80010670
core   0: 0x8000a674 (0x983f2823) sw      gp, -1648(t5)
core   0: 3 0x8000a674 (0x983f2823) mem 0x80010000 0x00000001
core   0: 0x8000a678 (0x0000bfe5) c.j     pc - 8
core   0: 3 0x8000a678 (0xbfe5)
core   0: 0x8000a670 (0x00006f17) auipc   t5, 0x6
core   0: 3 0x8000a670 (0x00006f17) x30 0x80010670
core   0: 0x8000a674 (0x983f2823) sw      gp, -1648(t5)
core   0: 3 0x8000a674 (0x983f2823) mem 0x80010000 0x00000001
core   0: 0x8000a678 (0x0000bfe5) c.j     pc - 8
core   0: 3 0x8000a678 (0xbfe5)
core   0: 0x8000a670 (0x00006f17) auipc   t5, 0x6
core   0: 3 0x8000a670 (0x00006f17) x30 0x80010670
core   0: 0x8000a674 (0x983f2823) sw      gp, -1648(t5)
core   0: 3 0x8000a674 (0x983f2823) mem 0x80010000 0x00000001
core   0: 0x8000a678 (0x0000bfe5) c.j     pc - 8
core   0: 3 0x8000a678 (0xbfe5)
core   0: 0x8000a670 (0x00006f17) auipc   t5, 0x6
core   0: 3 0x8000a670 (0x00006f17) x30 0x80010670
core   0: 0x8000a674 (0x983f2823) sw      gp, -1648(t5)
core   0: 3 0x8000a674 (0x983f2823) mem 0x80010000 0x00000001
core   0: 0x8000a678 (0x0000bfe5) c.j     pc - 8
core   0: 3 0x8000a678 (0xbfe5)
core   0: 0x8000a670 (0x00006f17) auipc   t5, 0x6
core   0: 3 0x8000a670 (0x00006f17) x30 0x80010670
core   0: 0x8000a674 (0x983f2823) sw      gp, -1648(t5)
core   0: 3 0x8000a674 (0x983f2823) mem 0x80010000 0x00000001
core   0: 0x8000a678 (0x0000bfe5) c.j     pc - 8
core   0: 3 0x8000a678 (0xbfe5)
core   0: 0x8000a670 (0x00006f17) auipc   t5, 0x6
core   0: 3 0x8000a670 (0x00006f17) x30 0x80010670
core   0: 0x8000a674 (0x983f2823) sw      gp, -1648(t5)
core   0: 3 0x8000a674 (0x983f2823) mem 0x80010000 0x00000001
core   0: 0x8000a678 (0x0000bfe5) c.j     pc - 8
core   0: 3 0x8000a678 (0xbfe5)
core   0: 0x8000a670 (0x00006f17) auipc   t5, 0x6
core   0: 3 0x8000a670 (0x00006f17) x30 0x80010670
core   0: 0x8000a674 (0x983f2823) sw      gp, -1648(t5)
core   0: 3 0x8000a674 (0x983f2823) mem 0x80010000 0x00000001
core   0: 0x8000a678 (0x0000bfe5) c.j     pc - 8
core   0: 3 0x8000a678 (0xbfe5)
core   0: 0x8000a670 (0x00006f17) auipc   t5, 0x6
core   0: 3 0x8000a670 (0x00006f17) x30 0x80010670
core   0: 0x8000a674 (0x983f2823) sw      gp, -1648(t5)
core   0: 3 0x8000a674 (0x983f2823) mem 0x80010000 0x00000001
core   0: 0x8000a678 (0x0000bfe5) c.j     pc - 8
core   0: 3 0x8000a678 (0xbfe5)
core   0: 0x8000a670 (0x00006f17) auipc   t5, 0x6
core   0: 3 0x8000a670 (0x00006f17) x30 0x80010670
core   0: 0x8000a674 (0x983f2823) sw      gp, -1648(t5)
core   0: 3 0x8000a674 (0x983f2823) mem 0x80010000 0x00000001
core   0: 0x8000a678 (0x0000bfe5) c.j     pc - 8
core   0: 3 0x8000a678 (0xbfe5)
core   0: 0x8000a670 (0x00006f17) auipc   t5, 0x6
core   0: 3 0x8000a670 (0x00006f17) x30 0x80010670
core   0: 0x8000a674 (0x983f2823) sw      gp, -1648(t5)
core   0: 3 0x8000a674 (0x983f2823) mem 0x80010000 0x00000001
core   0: 0x8000a678 (0x0000bfe5) c.j     pc - 8
core   0: 3 0x8000a678 (0xbfe5)
core   0: 0x8000a670 (0x00006f17) auipc   t5, 0x6
core   0: 3 0x8000a670 (0x00006f17) x30 0x80010670
core   0: 0x8000a674 (0x983f2823) sw      gp, -1648(t5)
core   0: 3 0x8000a674 (0x983f2823) mem 0x80010000 0x00000001
core   0: 0x8000a678 (0x0000bfe5) c.j     pc - 8
core   0: 3 0x8000a678 (0xbfe5)
core   0: 0x8000a670 (0x00006f17) auipc   t5, 0x6
core   0: 3 0x8000a670 (0x00006f17) x30 0x80010670
core   0: 0x8000a674 (0x983f2823) sw      gp, -1648(t5)
core   0: 3 0x8000a674 (0x983f2823) mem 0x80010000 0x00000001
core   0: 0x8000a678 (0x0000bfe5) c.j     pc - 8
core   0: 3 0x8000a678 (0xbfe5)
core   0: 0x8000a670 (0x00006f17) auipc   t5, 0x6
core   0: 3 0x8000a670 (0x00006f17) x30 0x80010670
core   0: 0x8000a674 (0x983f2823) sw      gp, -1648(t5)
core   0: 3 0x8000a674 (0x983f2823) mem 0x80010000 0x00000001
core   0: 0x8000a678 (0x0000bfe5) c.j     pc - 8
core   0: 3 0x8000a678 (0xbfe5)
core   0: 0x8000a670 (0x00006f17) auipc   t5, 0x6
core   0: 3 0x8000a670 (0x00006f17) x30 0x80010670
core   0: 0x8000a674 (0x983f2823) sw      gp, -1648(t5)
core   0: 3 0x8000a674 (0x983f2823) mem 0x80010000 0x00000001
core   0: 0x8000a678 (0x0000bfe5) c.j     pc - 8
core   0: 3 0x8000a678 (0xbfe5)
core   0: 0x8000a670 (0x00006f17) auipc   t5, 0x6
core   0: 3 0x8000a670 (0x00006f17) x30 0x80010670
core   0: 0x8000a674 (0x983f2823) sw      gp, -1648(t5)
core   0: 3 0x8000a674 (0x983f2823) mem 0x80010000 0x00000001
core   0: 0x8000a678 (0x0000bfe5) c.j     pc - 8
core   0: 3 0x8000a678 (0xbfe5)
core   0: 0x8000a670 (0x00006f17) auipc   t5, 0x6
core   0: 3 0x8000a670 (0x00006f17) x30 0x80010670
core   0: 0x8000a674 (0x983f2823) sw      gp, -1648(t5)
core   0: 3 0x8000a674 (0x983f2823) mem 0x80010000 0x00000001
core   0: 0x8000a678 (0x0000bfe5) c.j     pc - 8
core   0: 3 0x8000a678 (0xbfe5)
core   0: 0x8000a670 (0x00006f17) auipc   t5, 0x6
core   0: 3 0x8000a670 (0x00006f17) x30 0x80010670
core   0: 0x8000a674 (0x983f2823) sw      gp, -1648(t5)
core   0: 3 0x8000a674 (0x983f2823) mem 0x80010000 0x00000001
core   0: 0x8000a678 (0x0000bfe5) c.j     pc - 8
core   0: 3 0x8000a678 (0xbfe5)
core   0: 0x8000a670 (0x00006f17) auipc   t5, 0x6
core   0: 3 0x8000a670 (0x00006f17) x30 0x80010670
core   0: 0x8000a674 (0x983f2823) sw      gp, -1648(t5)
core   0: 3 0x8000a674 (0x983f2823) mem 0x80010000 0x00000001
core   0: 0x8000a678 (0x0000bfe5) c.j     pc - 8
core   0: 3 0x8000a678 (0xbfe5)
core   0: 0x8000a670 (0x00006f17) auipc   t5, 0x6
core   0: 3 0x8000a670 (0x00006f17) x30 0x80010670
core   0: 0x8000a674 (0x983f2823) sw      gp, -1648(t5)
core   0: 3 0x8000a674 (0x983f2823) mem 0x80010000 0x00000001
core   0: 0x8000a678 (0x0000bfe5) c.j     pc - 8
core   0: 3 0x8000a678 (0xbfe5)
core   0: 0x8000a670 (0x00006f17) auipc   t5, 0x6
core   0: 3 0x8000a670 (0x00006f17) x30 0x80010670
core   0: 0x8000a674 (0x983f2823) sw      gp, -1648(t5)
core   0: 3 0x8000a674 (0x983f2823) mem 0x80010000 0x00000001
core   0: 0x8000a678 (0x0000bfe5) c.j     pc - 8
core   0: 3 0x8000a678 (0xbfe5)
core   0: 0x8000a670 (0x00006f17) auipc   t5, 0x6
core   0: 3 0x8000a670 (0x00006f17) x30 0x80010670
core   0: 0x8000a674 (0x983f2823) sw      gp, -1648(t5)
core   0: 3 0x8000a674 (0x983f2823) mem 0x80010000 0x00000001
core   0: 0x8000a678 (0x0000bfe5) c.j     pc - 8
core   0: 3 0x8000a678 (0xbfe5)
core   0: 0x8000a670 (0x00006f17) auipc   t5, 0x6
core   0: 3 0x8000a670 (0x00006f17) x30 0x80010670
core   0: 0x8000a674 (0x983f2823) sw      gp, -1648(t5)
core   0: 3 0x8000a674 (0x983f2823) mem 0x80010000 0x00000001
core   0: 0x8000a678 (0x0000bfe5) c.j     pc - 8
core   0: 3 0x8000a678 (0xbfe5)
core   0: 0x8000a670 (0x00006f17) auipc   t5, 0x6
core   0: 3 0x8000a670 (0x00006f17) x30 0x80010670
core   0: 0x8000a674 (0x983f2823) sw      gp, -1648(t5)
core   0: 3 0x8000a674 (0x983f2823) mem 0x80010000 0x00000001
core   0: 0x8000a678 (0x0000bfe5) c.j     pc - 8
core   0: 3 0x8000a678 (0xbfe5)
core   0: 0x8000a670 (0x00006f17) auipc   t5, 0x6
core   0: 3 0x8000a670 (0x00006f17) x30 0x80010670
core   0: 0x8000a674 (0x983f2823) sw      gp, -1648(t5)
core   0: 3 0x8000a674 (0x983f2823) mem 0x80010000 0x00000001
core   0: 0x8000a678 (0x0000bfe5) c.j     pc - 8
core   0: 3 0x8000a678 (0xbfe5)
core   0: 0x8000a670 (0x00006f17) auipc   t5, 0x6
core   0: 3 0x8000a670 (0x00006f17) x30 0x80010670
core   0: 0x8000a674 (0x983f2823) sw      gp, -1648(t5)
core   0: 3 0x8000a674 (0x983f2823) mem 0x80010000 0x00000001
core   0: 0x8000a678 (0x0000bfe5) c.j     pc - 8
core   0: 3 0x8000a678 (0xbfe5)
core   0: 0x8000a670 (0x00006f17) auipc   t5, 0x6
core   0: 3 0x8000a670 (0x00006f17) x30 0x80010670
core   0: 0x8000a674 (0x983f2823) sw      gp, -1648(t5)
core   0: 3 0x8000a674 (0x983f2823) mem 0x80010000 0x00000001
core   0: 0x8000a678 (0x0000bfe5) c.j     pc - 8
core   0: 3 0x8000a678 (0xbfe5)
core   0: 0x8000a670 (0x00006f17) auipc   t5, 0x6
core   0: 3 0x8000a670 (0x00006f17) x30 0x80010670
core   0: 0x8000a674 (0x983f2823) sw      gp, -1648(t5)
core   0: 3 0x8000a674 (0x983f2823) mem 0x80010000 0x00000001
core   0: 0x8000a678 (0x0000bfe5) c.j     pc - 8
core   0: 3 0x8000a678 (0xbfe5)
core   0: 0x8000a670 (0x00006f17) auipc   t5, 0x6
core   0: 3 0x8000a670 (0x00006f17) x30 0x80010670
core   0: 0x8000a674 (0x983f2823) sw      gp, -1648(t5)
core   0: 3 0x8000a674 (0x983f2823) mem 0x80010000 0x00000001
core   0: 0x8000a678 (0x0000bfe5) c.j     pc - 8
core   0: 3 0x8000a678 (0xbfe5)
core   0: 0x8000a670 (0x00006f17) auipc   t5, 0x6
core   0: 3 0x8000a670 (0x00006f17) x30 0x80010670
core   0: 0x8000a674 (0x983f2823) sw      gp, -1648(t5)
core   0: 3 0x8000a674 (0x983f2823) mem 0x80010000 0x00000001
core   0: 0x8000a678 (0x0000bfe5) c.j     pc - 8
core   0: 3 0x8000a678 (0xbfe5)
core   0: 0x8000a670 (0x00006f17) auipc   t5, 0x6
core   0: 3 0x8000a670 (0x00006f17) x30 0x80010670
core   0: 0x8000a674 (0x983f2823) sw      gp, -1648(t5)
core   0: 3 0x8000a674 (0x983f2823) mem 0x80010000 0x00000001
core   0: 0x8000a678 (0x0000bfe5) c.j     pc - 8
core   0: 3 0x8000a678 (0xbfe5)
core   0: 0x8000a670 (0x00006f17) auipc   t5, 0x6
core   0: 3 0x8000a670 (0x00006f17) x30 0x80010670
core   0: 0x8000a674 (0x983f2823) sw      gp, -1648(t5)
core   0: 3 0x8000a674 (0x983f2823) mem 0x80010000 0x00000001
core   0: 0x8000a678 (0x0000bfe5) c.j     pc - 8
core   0: 3 0x8000a678 (0xbfe5)
core   0: 0x8000a670 (0x00006f17) auipc   t5, 0x6
core   0: 3 0x8000a670 (0x00006f17) x30 0x80010670
core   0: 0x8000a674 (0x983f2823) sw      gp, -1648(t5)
core   0: 3 0x8000a674 (0x983f2823) mem 0x80010000 0x00000001
core   0: 0x8000a678 (0x0000bfe5) c.j     pc - 8
core   0: 3 0x8000a678 (0xbfe5)
core   0: 0x8000a670 (0x00006f17) auipc   t5, 0x6
core   0: 3 0x8000a670 (0x00006f17) x30 0x80010670
core   0: 0x8000a674 (0x983f2823) sw      gp, -1648(t5)
core   0: 3 0x8000a674 (0x983f2823) mem 0x80010000 0x00000001
core   0: 0x8000a678 (0x0000bfe5) c.j     pc - 8
core   0: 3 0x8000a678 (0xbfe5)
core   0: 0x8000a670 (0x00006f17) auipc   t5, 0x6
core   0: 3 0x8000a670 (0x00006f17) x30 0x80010670
core   0: 0x8000a674 (0x983f2823) sw      gp, -1648(t5)
core   0: 3 0x8000a674 (0x983f2823) mem 0x80010000 0x00000001
core   0: 0x8000a678 (0x0000bfe5) c.j     pc - 8
core   0: 3 0x8000a678 (0xbfe5)
core   0: 0x8000a670 (0x00006f17) auipc   t5, 0x6
core   0: 3 0x8000a670 (0x00006f17) x30 0x80010670
core   0: 0x8000a674 (0x983f2823) sw      gp, -1648(t5)
core   0: 3 0x8000a674 (0x983f2823) mem 0x80010000 0x00000001
core   0: 0x8000a678 (0x0000bfe5) c.j     pc - 8
core   0: 3 0x8000a678 (0xbfe5)
core   0: 0x8000a670 (0x00006f17) auipc   t5, 0x6
core   0: 3 0x8000a670 (0x00006f17) x30 0x80010670
core   0: 0x8000a674 (0x983f2823) sw      gp, -1648(t5)
core   0: 3 0x8000a674 (0x983f2823) mem 0x80010000 0x00000001
core   0: 0x8000a678 (0x0000bfe5) c.j     pc - 8
core   0: 3 0x8000a678 (0xbfe5)
core   0: 0x8000a670 (0x00006f17) auipc   t5, 0x6
core   0: 3 0x8000a670 (0x00006f17) x30 0x80010670
core   0: 0x8000a674 (0x983f2823) sw      gp, -1648(t5)
core   0: 3 0x8000a674 (0x983f2823) mem 0x80010000 0x00000001
core   0: 0x8000a678 (0x0000bfe5) c.j     pc - 8
core   0: 3 0x8000a678 (0xbfe5)
core   0: 0x8000a670 (0x00006f17) auipc   t5, 0x6
core   0: 3 0x8000a670 (0x00006f17) x30 0x80010670
core   0: 0x8000a674 (0x983f2823) sw      gp, -1648(t5)
core   0: 3 0x8000a674 (0x983f2823) mem 0x80010000 0x00000001
core   0: 0x8000a678 (0x0000bfe5) c.j     pc - 8
core   0: 3 0x8000a678 (0xbfe5)
core   0: 0x8000a670 (0x00006f17) auipc   t5, 0x6
core   0: 3 0x8000a670 (0x00006f17) x30 0x80010670
core   0: 0x8000a674 (0x983f2823) sw      gp, -1648(t5)
core   0: 3 0x8000a674 (0x983f2823) mem 0x80010000 0x00000001
core   0: 0x8000a678 (0x0000bfe5) c.j     pc - 8
core   0: 3 0x8000a678 (0xbfe5)
core   0: 0x8000a670 (0x00006f17) auipc   t5, 0x6
core   0: 3 0x8000a670 (0x00006f17) x30 0x80010670
core   0: 0x8000a674 (0x983f2823) sw      gp, -1648(t5)
core   0: 3 0x8000a674 (0x983f2823) mem 0x80010000 0x00000001
core   0: 0x8000a678 (0x0000bfe5) c.j     pc - 8
core   0: 3 0x8000a678 (0xbfe5)
core   0: 0x8000a670 (0x00006f17) auipc   t5, 0x6
core   0: 3 0x8000a670 (0x00006f17) x30 0x80010670
core   0: 0x8000a674 (0x983f2823) sw      gp, -1648(t5)
core   0: 3 0x8000a674 (0x983f2823) mem 0x80010000 0x00000001
core   0: 0x8000a678 (0x0000bfe5) c.j     pc - 8
core   0: 3 0x8000a678 (0xbfe5)
core   0: 0x8000a670 (0x00006f17) auipc   t5, 0x6
core   0: 3 0x8000a670 (0x00006f17) x30 0x80010670
core   0: 0x8000a674 (0x983f2823) sw      gp, -1648(t5)
core   0: 3 0x8000a674 (0x983f2823) mem 0x80010000 0x00000001
core   0: 0x8000a678 (0x0000bfe5) c.j     pc - 8
core   0: 3 0x8000a678 (0xbfe5)
core   0: 0x8000a670 (0x00006f17) auipc   t5, 0x6
core   0: 3 0x8000a670 (0x00006f17) x30 0x80010670
core   0: 0x8000a674 (0x983f2823) sw      gp, -1648(t5)
core   0: 3 0x8000a674 (0x983f2823) mem 0x80010000 0x00000001
core   0: 0x8000a678 (0x0000bfe5) c.j     pc - 8
core   0: 3 0x8000a678 (0xbfe5)
core   0: 0x8000a670 (0x00006f17) auipc   t5, 0x6
core   0: 3 0x8000a670 (0x00006f17) x30 0x80010670
core   0: 0x8000a674 (0x983f2823) sw      gp, -1648(t5)
core   0: 3 0x8000a674 (0x983f2823) mem 0x80010000 0x00000001
core   0: 0x8000a678 (0x0000bfe5) c.j     pc - 8
core   0: 3 0x8000a678 (0xbfe5)
core   0: 0x8000a670 (0x00006f17) auipc   t5, 0x6
core   0: 3 0x8000a670 (0x00006f17) x30 0x80010670
core   0: 0x8000a674 (0x983f2823) sw      gp, -1648(t5)
core   0: 3 0x8000a674 (0x983f2823) mem 0x80010000 0x00000001
core   0: 0x8000a678 (0x0000bfe5) c.j     pc - 8
core   0: 3 0x8000a678 (0xbfe5)
core   0: 0x8000a670 (0x00006f17) auipc   t5, 0x6
core   0: 3 0x8000a670 (0x00006f17) x30 0x80010670
core   0: 0x8000a674 (0x983f2823) sw      gp, -1648(t5)
core   0: 3 0x8000a674 (0x983f2823) mem 0x80010000 0x00000001
core   0: 0x8000a678 (0x0000bfe5) c.j     pc - 8
core   0: 3 0x8000a678 (0xbfe5)
core   0: 0x8000a670 (0x00006f17) auipc   t5, 0x6
core   0: 3 0x8000a670 (0x00006f17) x30 0x80010670
core   0: 0x8000a674 (0x983f2823) sw      gp, -1648(t5)
core   0: 3 0x8000a674 (0x983f2823) mem 0x80010000 0x00000001
core   0: 0x8000a678 (0x0000bfe5) c.j     pc - 8
core   0: 3 0x8000a678 (0xbfe5)
core   0: 0x8000a670 (0x00006f17) auipc   t5, 0x6
core   0: 3 0x8000a670 (0x00006f17) x30 0x80010670
core   0: 0x8000a674 (0x983f2823) sw      gp, -1648(t5)
core   0: 3 0x8000a674 (0x983f2823) mem 0x80010000 0x00000001
core   0: 0x8000a678 (0x0000bfe5) c.j     pc - 8
core   0: 3 0x8000a678 (0xbfe5)
core   0: 0x8000a670 (0x00006f17) auipc   t5, 0x6
core   0: 3 0x8000a670 (0x00006f17) x30 0x80010670
core   0: 0x8000a674 (0x983f2823) sw      gp, -1648(t5)
core   0: 3 0x8000a674 (0x983f2823) mem 0x80010000 0x00000001
core   0: 0x8000a678 (0x0000bfe5) c.j     pc - 8
core   0: 3 0x8000a678 (0xbfe5)
core   0: 0x8000a670 (0x00006f17) auipc   t5, 0x6
core   0: 3 0x8000a670 (0x00006f17) x30 0x80010670
core   0: 0x8000a674 (0x983f2823) sw      gp, -1648(t5)
core   0: 3 0x8000a674 (0x983f2823) mem 0x80010000 0x00000001
core   0: 0x8000a678 (0x0000bfe5) c.j     pc - 8
core   0: 3 0x8000a678 (0xbfe5)
core   0: 0x8000a670 (0x00006f17) auipc   t5, 0x6
core   0: 3 0x8000a670 (0x00006f17) x30 0x80010670
core   0: 0x8000a674 (0x983f2823) sw      gp, -1648(t5)
core   0: 3 0x8000a674 (0x983f2823) mem 0x80010000 0x00000001
core   0: 0x8000a678 (0x0000bfe5) c.j     pc - 8
core   0: 3 0x8000a678 (0xbfe5)
core   0: 0x8000a670 (0x00006f17) auipc   t5, 0x6
core   0: 3 0x8000a670 (0x00006f17) x30 0x80010670
core   0: 0x8000a674 (0x983f2823) sw      gp, -1648(t5)
core   0: 3 0x8000a674 (0x983f2823) mem 0x80010000 0x00000001
core   0: 0x8000a678 (0x0000bfe5) c.j     pc - 8
core   0: 3 0x8000a678 (0xbfe5)
core   0: 0x8000a670 (0x00006f17) auipc   t5, 0x6
core   0: 3 0x8000a670 (0x00006f17) x30 0x80010670
core   0: 0x8000a674 (0x983f2823) sw      gp, -1648(t5)
core   0: 3 0x8000a674 (0x983f2823) mem 0x80010000 0x00000001
core   0: 0x8000a678 (0x0000bfe5) c.j     pc - 8
core   0: 3 0x8000a678 (0xbfe5)
core   0: 0x8000a670 (0x00006f17) auipc   t5, 0x6
core   0: 3 0x8000a670 (0x00006f17) x30 0x80010670
core   0: 0x8000a674 (0x983f2823) sw      gp, -1648(t5)
core   0: 3 0x8000a674 (0x983f2823) mem 0x80010000 0x00000001
core   0: 0x8000a678 (0x0000bfe5) c.j     pc - 8
core   0: 3 0x8000a678 (0xbfe5)
core   0: 0x8000a670 (0x00006f17) auipc   t5, 0x6
core   0: 3 0x8000a670 (0x00006f17) x30 0x80010670
core   0: 0x8000a674 (0x983f2823) sw      gp, -1648(t5)
core   0: 3 0x8000a674 (0x983f2823) mem 0x80010000 0x00000001
core   0: 0x8000a678 (0x0000bfe5) c.j     pc - 8
core   0: 3 0x8000a678 (0xbfe5)
core   0: 0x8000a670 (0x00006f17) auipc   t5, 0x6
core   0: 3 0x8000a670 (0x00006f17) x30 0x80010670
core   0: 0x8000a674 (0x983f2823) sw      gp, -1648(t5)
core   0: 3 0x8000a674 (0x983f2823) mem 0x80010000 0x00000001
core   0: 0x8000a678 (0x0000bfe5) c.j     pc - 8
core   0: 3 0x8000a678 (0xbfe5)
core   0: 0x8000a670 (0x00006f17) auipc   t5, 0x6
core   0: 3 0x8000a670 (0x00006f17) x30 0x80010670
core   0: 0x8000a674 (0x983f2823) sw      gp, -1648(t5)
core   0: 3 0x8000a674 (0x983f2823) mem 0x80010000 0x00000001
core   0: 0x8000a678 (0x0000bfe5) c.j     pc - 8
core   0: 3 0x8000a678 (0xbfe5)
core   0: 0x8000a670 (0x00006f17) auipc   t5, 0x6
core   0: 3 0x8000a670 (0x00006f17) x30 0x80010670
core   0: 0x8000a674 (0x983f2823) sw      gp, -1648(t5)
core   0: 3 0x8000a674 (0x983f2823) mem 0x80010000 0x00000001
core   0: 0x8000a678 (0x0000bfe5) c.j     pc - 8
core   0: 3 0x8000a678 (0xbfe5)
core   0: 0x8000a670 (0x00006f17) auipc   t5, 0x6
core   0: 3 0x8000a670 (0x00006f17) x30 0x80010670
core   0: 0x8000a674 (0x983f2823) sw      gp, -1648(t5)
core   0: 3 0x8000a674 (0x983f2823) mem 0x80010000 0x00000001
core   0: 0x8000a678 (0x0000bfe5) c.j     pc - 8
core   0: 3 0x8000a678 (0xbfe5)
core   0: 0x8000a670 (0x00006f17) auipc   t5, 0x6
core   0: 3 0x8000a670 (0x00006f17) x30 0x80010670
core   0: 0x8000a674 (0x983f2823) sw      gp, -1648(t5)
core   0: 3 0x8000a674 (0x983f2823) mem 0x80010000 0x00000001
core   0: 0x8000a678 (0x0000bfe5) c.j     pc - 8
core   0: 3 0x8000a678 (0xbfe5)
core   0: 0x8000a670 (0x00006f17) auipc   t5, 0x6
core   0: 3 0x8000a670 (0x00006f17) x30 0x80010670
core   0: 0x8000a674 (0x983f2823) sw      gp, -1648(t5)
core   0: 3 0x8000a674 (0x983f2823) mem 0x80010000 0x00000001
core   0: 0x8000a678 (0x0000bfe5) c.j     pc - 8
core   0: 3 0x8000a678 (0xbfe5)
core   0: 0x8000a670 (0x00006f17) auipc   t5, 0x6
core   0: 3 0x8000a670 (0x00006f17) x30 0x80010670
core   0: 0x8000a674 (0x983f2823) sw      gp, -1648(t5)
core   0: 3 0x8000a674 (0x983f2823) mem 0x80010000 0x00000001
core   0: 0x8000a678 (0x0000bfe5) c.j     pc - 8
core   0: 3 0x8000a678 (0xbfe5)
core   0: 0x8000a670 (0x00006f17) auipc   t5, 0x6
core   0: 3 0x8000a670 (0x00006f17) x30 0x80010670
core   0: 0x8000a674 (0x983f2823) sw      gp, -1648(t5)
core   0: 3 0x8000a674 (0x983f2823) mem 0x80010000 0x00000001
core   0: 0x8000a678 (0x0000bfe5) c.j     pc - 8
core   0: 3 0x8000a678 (0xbfe5)
core   0: 0x8000a670 (0x00006f17) auipc   t5, 0x6
core   0: 3 0x8000a670 (0x00006f17) x30 0x80010670
core   0: 0x8000a674 (0x983f2823) sw      gp, -1648(t5)
core   0: 3 0x8000a674 (0x983f2823) mem 0x80010000 0x00000001
core   0: 0x8000a678 (0x0000bfe5) c.j     pc - 8
core   0: 3 0x8000a678 (0xbfe5)
core   0: 0x8000a670 (0x00006f17) auipc   t5, 0x6
core   0: 3 0x8000a670 (0x00006f17) x30 0x80010670
core   0: 0x8000a674 (0x983f2823) sw      gp, -1648(t5)
core   0: 3 0x8000a674 (0x983f2823) mem 0x80010000 0x00000001
core   0: 0x8000a678 (0x0000bfe5) c.j     pc - 8
core   0: 3 0x8000a678 (0xbfe5)
core   0: 0x8000a670 (0x00006f17) auipc   t5, 0x6
core   0: 3 0x8000a670 (0x00006f17) x30 0x80010670
core   0: 0x8000a674 (0x983f2823) sw      gp, -1648(t5)
core   0: 3 0x8000a674 (0x983f2823) mem 0x80010000 0x00000001
core   0: 0x8000a678 (0x0000bfe5) c.j     pc - 8
core   0: 3 0x8000a678 (0xbfe5)
core   0: 0x8000a670 (0x00006f17) auipc   t5, 0x6
core   0: 3 0x8000a670 (0x00006f17) x30 0x80010670
core   0: 0x8000a674 (0x983f2823) sw      gp, -1648(t5)
core   0: 3 0x8000a674 (0x983f2823) mem 0x80010000 0x00000001
core   0: 0x8000a678 (0x0000bfe5) c.j     pc - 8
core   0: 3 0x8000a678 (0xbfe5)
core   0: 0x8000a670 (0x00006f17) auipc   t5, 0x6
core   0: 3 0x8000a670 (0x00006f17) x30 0x80010670
core   0: 0x8000a674 (0x983f2823) sw      gp, -1648(t5)
core   0: 3 0x8000a674 (0x983f2823) mem 0x80010000 0x00000001
core   0: 0x8000a678 (0x0000bfe5) c.j     pc - 8
core   0: 3 0x8000a678 (0xbfe5)
core   0: 0x8000a670 (0x00006f17) auipc   t5, 0x6
core   0: 3 0x8000a670 (0x00006f17) x30 0x80010670
core   0: 0x8000a674 (0x983f2823) sw      gp, -1648(t5)
core   0: 3 0x8000a674 (0x983f2823) mem 0x80010000 0x00000001
core   0: 0x8000a678 (0x0000bfe5) c.j     pc - 8
core   0: 3 0x8000a678 (0xbfe5)
core   0: 0x8000a670 (0x00006f17) auipc   t5, 0x6
core   0: 3 0x8000a670 (0x00006f17) x30 0x80010670
core   0: 0x8000a674 (0x983f2823) sw      gp, -1648(t5)
core   0: 3 0x8000a674 (0x983f2823) mem 0x80010000 0x00000001
core   0: 0x8000a678 (0x0000bfe5) c.j     pc - 8
core   0: 3 0x8000a678 (0xbfe5)
core   0: 0x8000a670 (0x00006f17) auipc   t5, 0x6
core   0: 3 0x8000a670 (0x00006f17) x30 0x80010670
core   0: 0x8000a674 (0x983f2823) sw      gp, -1648(t5)
core   0: 3 0x8000a674 (0x983f2823) mem 0x80010000 0x00000001
core   0: 0x8000a678 (0x0000bfe5) c.j     pc - 8
core   0: 3 0x8000a678 (0xbfe5)
core   0: 0x8000a670 (0x00006f17) auipc   t5, 0x6
core   0: 3 0x8000a670 (0x00006f17) x30 0x80010670
core   0: 0x8000a674 (0x983f2823) sw      gp, -1648(t5)
core   0: 3 0x8000a674 (0x983f2823) mem 0x80010000 0x00000001
core   0: 0x8000a678 (0x0000bfe5) c.j     pc - 8
core   0: 3 0x8000a678 (0xbfe5)
core   0: 0x8000a670 (0x00006f17) auipc   t5, 0x6
core   0: 3 0x8000a670 (0x00006f17) x30 0x80010670
core   0: 0x8000a674 (0x983f2823) sw      gp, -1648(t5)
core   0: 3 0x8000a674 (0x983f2823) mem 0x80010000 0x00000001
core   0: 0x8000a678 (0x0000bfe5) c.j     pc - 8
core   0: 3 0x8000a678 (0xbfe5)
core   0: 0x8000a670 (0x00006f17) auipc   t5, 0x6
core   0: 3 0x8000a670 (0x00006f17) x30 0x80010670
core   0: 0x8000a674 (0x983f2823) sw      gp, -1648(t5)
core   0: 3 0x8000a674 (0x983f2823) mem 0x80010000 0x00000001
core   0: 0x8000a678 (0x0000bfe5) c.j     pc - 8
core   0: 3 0x8000a678 (0xbfe5)
core   0: 0x8000a670 (0x00006f17) auipc   t5, 0x6
core   0: 3 0x8000a670 (0x00006f17) x30 0x80010670
core   0: 0x8000a674 (0x983f2823) sw      gp, -1648(t5)
core   0: 3 0x8000a674 (0x983f2823) mem 0x80010000 0x00000001
core   0: 0x8000a678 (0x0000bfe5) c.j     pc - 8
core   0: 3 0x8000a678 (0xbfe5)
core   0: 0x8000a670 (0x00006f17) auipc   t5, 0x6
core   0: 3 0x8000a670 (0x00006f17) x30 0x80010670
core   0: 0x8000a674 (0x983f2823) sw      gp, -1648(t5)
core   0: 3 0x8000a674 (0x983f2823) mem 0x80010000 0x00000001
core   0: 0x8000a678 (0x0000bfe5) c.j     pc - 8
core   0: 3 0x8000a678 (0xbfe5)
core   0: 0x8000a670 (0x00006f17) auipc   t5, 0x6
core   0: 3 0x8000a670 (0x00006f17) x30 0x80010670
core   0: 0x8000a674 (0x983f2823) sw      gp, -1648(t5)
core   0: 3 0x8000a674 (0x983f2823) mem 0x80010000 0x00000001
core   0: 0x8000a678 (0x0000bfe5) c.j     pc - 8
core   0: 3 0x8000a678 (0xbfe5)
core   0: 0x8000a670 (0x00006f17) auipc   t5, 0x6
core   0: 3 0x8000a670 (0x00006f17) x30 0x80010670
core   0: 0x8000a674 (0x983f2823) sw      gp, -1648(t5)
core   0: 3 0x8000a674 (0x983f2823) mem 0x80010000 0x00000001
core   0: 0x8000a678 (0x0000bfe5) c.j     pc - 8
core   0: 3 0x8000a678 (0xbfe5)
core   0: 0x8000a670 (0x00006f17) auipc   t5, 0x6
core   0: 3 0x8000a670 (0x00006f17) x30 0x80010670
core   0: 0x8000a674 (0x983f2823) sw      gp, -1648(t5)
core   0: 3 0x8000a674 (0x983f2823) mem 0x80010000 0x00000001
core   0: 0x8000a678 (0x0000bfe5) c.j     pc - 8
core   0: 3 0x8000a678 (0xbfe5)
core   0: 0x8000a670 (0x00006f17) auipc   t5, 0x6
core   0: 3 0x8000a670 (0x00006f17) x30 0x80010670
core   0: 0x8000a674 (0x983f2823) sw      gp, -1648(t5)
core   0: 3 0x8000a674 (0x983f2823) mem 0x80010000 0x00000001
core   0: 0x8000a678 (0x0000bfe5) c.j     pc - 8
core   0: 3 0x8000a678 (0xbfe5)
core   0: 0x8000a670 (0x00006f17) auipc   t5, 0x6
core   0: 3 0x8000a670 (0x00006f17) x30 0x80010670
core   0: 0x8000a674 (0x983f2823) sw      gp, -1648(t5)
core   0: 3 0x8000a674 (0x983f2823) mem 0x80010000 0x00000001
core   0: 0x8000a678 (0x0000bfe5) c.j     pc - 8
core   0: 3 0x8000a678 (0xbfe5)
core   0: 0x8000a670 (0x00006f17) auipc   t5, 0x6
core   0: 3 0x8000a670 (0x00006f17) x30 0x80010670
core   0: 0x8000a674 (0x983f2823) sw      gp, -1648(t5)
core   0: 3 0x8000a674 (0x983f2823) mem 0x80010000 0x00000001
core   0: 0x8000a678 (0x0000bfe5) c.j     pc - 8
core   0: 3 0x8000a678 (0xbfe5)
core   0: 0x8000a670 (0x00006f17) auipc   t5, 0x6
core   0: 3 0x8000a670 (0x00006f17) x30 0x80010670
core   0: 0x8000a674 (0x983f2823) sw      gp, -1648(t5)
core   0: 3 0x8000a674 (0x983f2823) mem 0x80010000 0x00000001
core   0: 0x8000a678 (0x0000bfe5) c.j     pc - 8
core   0: 3 0x8000a678 (0xbfe5)
core   0: 0x8000a670 (0x00006f17) auipc   t5, 0x6
core   0: 3 0x8000a670 (0x00006f17) x30 0x80010670
core   0: 0x8000a674 (0x983f2823) sw      gp, -1648(t5)
core   0: 3 0x8000a674 (0x983f2823) mem 0x80010000 0x00000001
core   0: 0x8000a678 (0x0000bfe5) c.j     pc - 8
core   0: 3 0x8000a678 (0xbfe5)
core   0: 0x8000a670 (0x00006f17) auipc   t5, 0x6
core   0: 3 0x8000a670 (0x00006f17) x30 0x80010670
core   0: 0x8000a674 (0x983f2823) sw      gp, -1648(t5)
core   0: 3 0x8000a674 (0x983f2823) mem 0x80010000 0x00000001
core   0: 0x8000a678 (0x0000bfe5) c.j     pc - 8
core   0: 3 0x8000a678 (0xbfe5)
core   0: 0x8000a670 (0x00006f17) auipc   t5, 0x6
core   0: 3 0x8000a670 (0x00006f17) x30 0x80010670
core   0: 0x8000a674 (0x983f2823) sw      gp, -1648(t5)
core   0: 3 0x8000a674 (0x983f2823) mem 0x80010000 0x00000001
core   0: 0x8000a678 (0x0000bfe5) c.j     pc - 8
core   0: 3 0x8000a678 (0xbfe5)
core   0: 0x8000a670 (0x00006f17) auipc   t5, 0x6
core   0: 3 0x8000a670 (0x00006f17) x30 0x80010670
core   0: 0x8000a674 (0x983f2823) sw      gp, -1648(t5)
core   0: 3 0x8000a674 (0x983f2823) mem 0x80010000 0x00000001
core   0: 0x8000a678 (0x0000bfe5) c.j     pc - 8
core   0: 3 0x8000a678 (0xbfe5)
core   0: 0x8000a670 (0x00006f17) auipc   t5, 0x6
core   0: 3 0x8000a670 (0x00006f17) x30 0x80010670
core   0: 0x8000a674 (0x983f2823) sw      gp, -1648(t5)
core   0: 3 0x8000a674 (0x983f2823) mem 0x80010000 0x00000001
core   0: 0x8000a678 (0x0000bfe5) c.j     pc - 8
core   0: 3 0x8000a678 (0xbfe5)
core   0: 0x8000a670 (0x00006f17) auipc   t5, 0x6
core   0: 3 0x8000a670 (0x00006f17) x30 0x80010670
core   0: 0x8000a674 (0x983f2823) sw      gp, -1648(t5)
core   0: 3 0x8000a674 (0x983f2823) mem 0x80010000 0x00000001
core   0: 0x8000a678 (0x0000bfe5) c.j     pc - 8
core   0: 3 0x8000a678 (0xbfe5)
core   0: 0x8000a670 (0x00006f17) auipc   t5, 0x6
core   0: 3 0x8000a670 (0x00006f17) x30 0x80010670
core   0: 0x8000a674 (0x983f2823) sw      gp, -1648(t5)
core   0: 3 0x8000a674 (0x983f2823) mem 0x80010000 0x00000001
core   0: 0x8000a678 (0x0000bfe5) c.j     pc - 8
core   0: 3 0x8000a678 (0xbfe5)
core   0: 0x8000a670 (0x00006f17) auipc   t5, 0x6
core   0: 3 0x8000a670 (0x00006f17) x30 0x80010670
core   0: 0x8000a674 (0x983f2823) sw      gp, -1648(t5)
core   0: 3 0x8000a674 (0x983f2823) mem 0x80010000 0x00000001
core   0: 0x8000a678 (0x0000bfe5) c.j     pc - 8
core   0: 3 0x8000a678 (0xbfe5)
core   0: 0x8000a670 (0x00006f17) auipc   t5, 0x6
core   0: 3 0x8000a670 (0x00006f17) x30 0x80010670
core   0: 0x8000a674 (0x983f2823) sw      gp, -1648(t5)
core   0: 3 0x8000a674 (0x983f2823) mem 0x80010000 0x00000001
core   0: 0x8000a678 (0x0000bfe5) c.j     pc - 8
core   0: 3 0x8000a678 (0xbfe5)
core   0: 0x8000a670 (0x00006f17) auipc   t5, 0x6
core   0: 3 0x8000a670 (0x00006f17) x30 0x80010670
core   0: 0x8000a674 (0x983f2823) sw      gp, -1648(t5)
core   0: 3 0x8000a674 (0x983f2823) mem 0x80010000 0x00000001
core   0: 0x8000a678 (0x0000bfe5) c.j     pc - 8
core   0: 3 0x8000a678 (0xbfe5)
core   0: 0x8000a670 (0x00006f17) auipc   t5, 0x6
core   0: 3 0x8000a670 (0x00006f17) x30 0x80010670
core   0: 0x8000a674 (0x983f2823) sw      gp, -1648(t5)
core   0: 3 0x8000a674 (0x983f2823) mem 0x80010000 0x00000001
core   0: 0x8000a678 (0x0000bfe5) c.j     pc - 8
core   0: 3 0x8000a678 (0xbfe5)
core   0: 0x8000a670 (0x00006f17) auipc   t5, 0x6
core   0: 3 0x8000a670 (0x00006f17) x30 0x80010670
core   0: 0x8000a674 (0x983f2823) sw      gp, -1648(t5)
core   0: 3 0x8000a674 (0x983f2823) mem 0x80010000 0x00000001
core   0: 0x8000a678 (0x0000bfe5) c.j     pc - 8
core   0: 3 0x8000a678 (0xbfe5)
core   0: 0x8000a670 (0x00006f17) auipc   t5, 0x6
core   0: 3 0x8000a670 (0x00006f17) x30 0x80010670
core   0: 0x8000a674 (0x983f2823) sw      gp, -1648(t5)
core   0: 3 0x8000a674 (0x983f2823) mem 0x80010000 0x00000001
core   0: 0x8000a678 (0x0000bfe5) c.j     pc - 8
core   0: 3 0x8000a678 (0xbfe5)
core   0: 0x8000a670 (0x00006f17) auipc   t5, 0x6
core   0: 3 0x8000a670 (0x00006f17) x30 0x80010670
core   0: 0x8000a674 (0x983f2823) sw      gp, -1648(t5)
core   0: 3 0x8000a674 (0x983f2823) mem 0x80010000 0x00000001
core   0: 0x8000a678 (0x0000bfe5) c.j     pc - 8
core   0: 3 0x8000a678 (0xbfe5)
core   0: 0x8000a670 (0x00006f17) auipc   t5, 0x6
core   0: 3 0x8000a670 (0x00006f17) x30 0x80010670
core   0: 0x8000a674 (0x983f2823) sw      gp, -1648(t5)
core   0: 3 0x8000a674 (0x983f2823) mem 0x80010000 0x00000001
core   0: 0x8000a678 (0x0000bfe5) c.j     pc - 8
core   0: 3 0x8000a678 (0xbfe5)
core   0: 0x8000a670 (0x00006f17) auipc   t5, 0x6
core   0: 3 0x8000a670 (0x00006f17) x30 0x80010670
core   0: 0x8000a674 (0x983f2823) sw      gp, -1648(t5)
core   0: 3 0x8000a674 (0x983f2823) mem 0x80010000 0x00000001
core   0: 0x8000a678 (0x0000bfe5) c.j     pc - 8
core   0: 3 0x8000a678 (0xbfe5)
core   0: 0x8000a670 (0x00006f17) auipc   t5, 0x6
core   0: 3 0x8000a670 (0x00006f17) x30 0x80010670
core   0: 0x8000a674 (0x983f2823) sw      gp, -1648(t5)
core   0: 3 0x8000a674 (0x983f2823) mem 0x80010000 0x00000001
core   0: 0x8000a678 (0x0000bfe5) c.j     pc - 8
core   0: 3 0x8000a678 (0xbfe5)
core   0: 0x8000a670 (0x00006f17) auipc   t5, 0x6
core   0: 3 0x8000a670 (0x00006f17) x30 0x80010670
core   0: 0x8000a674 (0x983f2823) sw      gp, -1648(t5)
core   0: 3 0x8000a674 (0x983f2823) mem 0x80010000 0x00000001
core   0: 0x8000a678 (0x0000bfe5) c.j     pc - 8
core   0: 3 0x8000a678 (0xbfe5)
core   0: 0x8000a670 (0x00006f17) auipc   t5, 0x6
core   0: 3 0x8000a670 (0x00006f17) x30 0x80010670
core   0: 0x8000a674 (0x983f2823) sw      gp, -1648(t5)
core   0: 3 0x8000a674 (0x983f2823) mem 0x80010000 0x00000001
core   0: 0x8000a678 (0x0000bfe5) c.j     pc - 8
core   0: 3 0x8000a678 (0xbfe5)
core   0: 0x8000a670 (0x00006f17) auipc   t5, 0x6
core   0: 3 0x8000a670 (0x00006f17) x30 0x80010670
core   0: 0x8000a674 (0x983f2823) sw      gp, -1648(t5)
core   0: 3 0x8000a674 (0x983f2823) mem 0x80010000 0x00000001
core   0: 0x8000a678 (0x0000bfe5) c.j     pc - 8
core   0: 3 0x8000a678 (0xbfe5)
core   0: 0x8000a670 (0x00006f17) auipc   t5, 0x6
core   0: 3 0x8000a670 (0x00006f17) x30 0x80010670
core   0: 0x8000a674 (0x983f2823) sw      gp, -1648(t5)
core   0: 3 0x8000a674 (0x983f2823) mem 0x80010000 0x00000001
core   0: 0x8000a678 (0x0000bfe5) c.j     pc - 8
core   0: 3 0x8000a678 (0xbfe5)
core   0: 0x8000a670 (0x00006f17) auipc   t5, 0x6
core   0: 3 0x8000a670 (0x00006f17) x30 0x80010670
core   0: 0x8000a674 (0x983f2823) sw      gp, -1648(t5)
core   0: 3 0x8000a674 (0x983f2823) mem 0x80010000 0x00000001
core   0: 0x8000a678 (0x0000bfe5) c.j     pc - 8
core   0: 3 0x8000a678 (0xbfe5)
core   0: 0x8000a670 (0x00006f17) auipc   t5, 0x6
core   0: 3 0x8000a670 (0x00006f17) x30 0x80010670
core   0: 0x8000a674 (0x983f2823) sw      gp, -1648(t5)
core   0: 3 0x8000a674 (0x983f2823) mem 0x80010000 0x00000001
core   0: 0x8000a678 (0x0000bfe5) c.j     pc - 8
core   0: 3 0x8000a678 (0xbfe5)
core   0: 0x8000a670 (0x00006f17) auipc   t5, 0x6
core   0: 3 0x8000a670 (0x00006f17) x30 0x80010670
core   0: 0x8000a674 (0x983f2823) sw      gp, -1648(t5)
core   0: 3 0x8000a674 (0x983f2823) mem 0x80010000 0x00000001
core   0: 0x8000a678 (0x0000bfe5) c.j     pc - 8
core   0: 3 0x8000a678 (0xbfe5)
core   0: 0x8000a670 (0x00006f17) auipc   t5, 0x6
core   0: 3 0x8000a670 (0x00006f17) x30 0x80010670
core   0: 0x8000a674 (0x983f2823) sw      gp, -1648(t5)
core   0: 3 0x8000a674 (0x983f2823) mem 0x80010000 0x00000001
core   0: 0x8000a678 (0x0000bfe5) c.j     pc - 8
core   0: 3 0x8000a678 (0xbfe5)
core   0: 0x8000a670 (0x00006f17) auipc   t5, 0x6
core   0: 3 0x8000a670 (0x00006f17) x30 0x80010670
core   0: 0x8000a674 (0x983f2823) sw      gp, -1648(t5)
core   0: 3 0x8000a674 (0x983f2823) mem 0x80010000 0x00000001
core   0: 0x8000a678 (0x0000bfe5) c.j     pc - 8
core   0: 3 0x8000a678 (0xbfe5)
core   0: 0x8000a670 (0x00006f17) auipc   t5, 0x6
core   0: 3 0x8000a670 (0x00006f17) x30 0x80010670
core   0: 0x8000a674 (0x983f2823) sw      gp, -1648(t5)
core   0: 3 0x8000a674 (0x983f2823) mem 0x80010000 0x00000001
core   0: 0x8000a678 (0x0000bfe5) c.j     pc - 8
core   0: 3 0x8000a678 (0xbfe5)
core   0: 0x8000a670 (0x00006f17) auipc   t5, 0x6
core   0: 3 0x8000a670 (0x00006f17) x30 0x80010670
core   0: 0x8000a674 (0x983f2823) sw      gp, -1648(t5)
core   0: 3 0x8000a674 (0x983f2823) mem 0x80010000 0x00000001
core   0: 0x8000a678 (0x0000bfe5) c.j     pc - 8
core   0: 3 0x8000a678 (0xbfe5)
core   0: 0x8000a670 (0x00006f17) auipc   t5, 0x6
core   0: 3 0x8000a670 (0x00006f17) x30 0x80010670
core   0: 0x8000a674 (0x983f2823) sw      gp, -1648(t5)
core   0: 3 0x8000a674 (0x983f2823) mem 0x80010000 0x00000001
core   0: 0x8000a678 (0x0000bfe5) c.j     pc - 8
core   0: 3 0x8000a678 (0xbfe5)
core   0: 0x8000a670 (0x00006f17) auipc   t5, 0x6
core   0: 3 0x8000a670 (0x00006f17) x30 0x80010670
core   0: 0x8000a674 (0x983f2823) sw      gp, -1648(t5)
core   0: 3 0x8000a674 (0x983f2823) mem 0x80010000 0x00000001
core   0: 0x8000a678 (0x0000bfe5) c.j     pc - 8
core   0: 3 0x8000a678 (0xbfe5)
core   0: 0x8000a670 (0x00006f17) auipc   t5, 0x6
core   0: 3 0x8000a670 (0x00006f17) x30 0x80010670
core   0: 0x8000a674 (0x983f2823) sw      gp, -1648(t5)
core   0: 3 0x8000a674 (0x983f2823) mem 0x80010000 0x00000001
core   0: 0x8000a678 (0x0000bfe5) c.j     pc - 8
core   0: 3 0x8000a678 (0xbfe5)
core   0: 0x8000a670 (0x00006f17) auipc   t5, 0x6
core   0: 3 0x8000a670 (0x00006f17) x30 0x80010670
core   0: 0x8000a674 (0x983f2823) sw      gp, -1648(t5)
core   0: 3 0x8000a674 (0x983f2823) mem 0x80010000 0x00000001
core   0: 0x8000a678 (0x0000bfe5) c.j     pc - 8
core   0: 3 0x8000a678 (0xbfe5)
core   0: 0x8000a670 (0x00006f17) auipc   t5, 0x6
core   0: 3 0x8000a670 (0x00006f17) x30 0x80010670
core   0: 0x8000a674 (0x983f2823) sw      gp, -1648(t5)
core   0: 3 0x8000a674 (0x983f2823) mem 0x80010000 0x00000001
core   0: 0x8000a678 (0x0000bfe5) c.j     pc - 8
core   0: 3 0x8000a678 (0xbfe5)
core   0: 0x8000a670 (0x00006f17) auipc   t5, 0x6
core   0: 3 0x8000a670 (0x00006f17) x30 0x80010670
core   0: 0x8000a674 (0x983f2823) sw      gp, -1648(t5)
core   0: 3 0x8000a674 (0x983f2823) mem 0x80010000 0x00000001
core   0: 0x8000a678 (0x0000bfe5) c.j     pc - 8
core   0: 3 0x8000a678 (0xbfe5)
core   0: 0x8000a670 (0x00006f17) auipc   t5, 0x6
core   0: 3 0x8000a670 (0x00006f17) x30 0x80010670
core   0: 0x8000a674 (0x983f2823) sw      gp, -1648(t5)
core   0: 3 0x8000a674 (0x983f2823) mem 0x80010000 0x00000001
core   0: 0x8000a678 (0x0000bfe5) c.j     pc - 8
core   0: 3 0x8000a678 (0xbfe5)
core   0: 0x8000a670 (0x00006f17) auipc   t5, 0x6
core   0: 3 0x8000a670 (0x00006f17) x30 0x80010670
core   0: 0x8000a674 (0x983f2823) sw      gp, -1648(t5)
core   0: 3 0x8000a674 (0x983f2823) mem 0x80010000 0x00000001
core   0: 0x8000a678 (0x0000bfe5) c.j     pc - 8
core   0: 3 0x8000a678 (0xbfe5)
core   0: 0x8000a670 (0x00006f17) auipc   t5, 0x6
core   0: 3 0x8000a670 (0x00006f17) x30 0x80010670
core   0: 0x8000a674 (0x983f2823) sw      gp, -1648(t5)
core   0: 3 0x8000a674 (0x983f2823) mem 0x80010000 0x00000001
core   0: 0x8000a678 (0x0000bfe5) c.j     pc - 8
core   0: 3 0x8000a678 (0xbfe5)
core   0: 0x8000a670 (0x00006f17) auipc   t5, 0x6
core   0: 3 0x8000a670 (0x00006f17) x30 0x80010670
core   0: 0x8000a674 (0x983f2823) sw      gp, -1648(t5)
core   0: 3 0x8000a674 (0x983f2823) mem 0x80010000 0x00000001
core   0: 0x8000a678 (0x0000bfe5) c.j     pc - 8
core   0: 3 0x8000a678 (0xbfe5)
core   0: 0x8000a670 (0x00006f17) auipc   t5, 0x6
core   0: 3 0x8000a670 (0x00006f17) x30 0x80010670
core   0: 0x8000a674 (0x983f2823) sw      gp, -1648(t5)
core   0: 3 0x8000a674 (0x983f2823) mem 0x80010000 0x00000001
core   0: 0x8000a678 (0x0000bfe5) c.j     pc - 8
core   0: 3 0x8000a678 (0xbfe5)
core   0: 0x8000a670 (0x00006f17) auipc   t5, 0x6
core   0: 3 0x8000a670 (0x00006f17) x30 0x80010670
core   0: 0x8000a674 (0x983f2823) sw      gp, -1648(t5)
core   0: 3 0x8000a674 (0x983f2823) mem 0x80010000 0x00000001
core   0: 0x8000a678 (0x0000bfe5) c.j     pc - 8
core   0: 3 0x8000a678 (0xbfe5)
core   0: 0x8000a670 (0x00006f17) auipc   t5, 0x6
core   0: 3 0x8000a670 (0x00006f17) x30 0x80010670
core   0: 0x8000a674 (0x983f2823) sw      gp, -1648(t5)
core   0: 3 0x8000a674 (0x983f2823) mem 0x80010000 0x00000001
core   0: 0x8000a678 (0x0000bfe5) c.j     pc - 8
core   0: 3 0x8000a678 (0xbfe5)
core   0: 0x8000a670 (0x00006f17) auipc   t5, 0x6
core   0: 3 0x8000a670 (0x00006f17) x30 0x80010670
core   0: 0x8000a674 (0x983f2823) sw      gp, -1648(t5)
core   0: 3 0x8000a674 (0x983f2823) mem 0x80010000 0x00000001
core   0: 0x8000a678 (0x0000bfe5) c.j     pc - 8
core   0: 3 0x8000a678 (0xbfe5)
core   0: 0x8000a670 (0x00006f17) auipc   t5, 0x6
core   0: 3 0x8000a670 (0x00006f17) x30 0x80010670
core   0: 0x8000a674 (0x983f2823) sw      gp, -1648(t5)
core   0: 3 0x8000a674 (0x983f2823) mem 0x80010000 0x00000001
core   0: 0x8000a678 (0x0000bfe5) c.j     pc - 8
core   0: 3 0x8000a678 (0xbfe5)
core   0: 0x8000a670 (0x00006f17) auipc   t5, 0x6
core   0: 3 0x8000a670 (0x00006f17) x30 0x80010670
core   0: 0x8000a674 (0x983f2823) sw      gp, -1648(t5)
core   0: 3 0x8000a674 (0x983f2823) mem 0x80010000 0x00000001
core   0: 0x8000a678 (0x0000bfe5) c.j     pc - 8
core   0: 3 0x8000a678 (0xbfe5)
core   0: 0x8000a670 (0x00006f17) auipc   t5, 0x6
core   0: 3 0x8000a670 (0x00006f17) x30 0x80010670
core   0: 0x8000a674 (0x983f2823) sw      gp, -1648(t5)
core   0: 3 0x8000a674 (0x983f2823) mem 0x80010000 0x00000001
core   0: 0x8000a678 (0x0000bfe5) c.j     pc - 8
core   0: 3 0x8000a678 (0xbfe5)
core   0: 0x8000a670 (0x00006f17) auipc   t5, 0x6
core   0: 3 0x8000a670 (0x00006f17) x30 0x80010670
core   0: 0x8000a674 (0x983f2823) sw      gp, -1648(t5)
core   0: 3 0x8000a674 (0x983f2823) mem 0x80010000 0x00000001
core   0: 0x8000a678 (0x0000bfe5) c.j     pc - 8
core   0: 3 0x8000a678 (0xbfe5)
core   0: 0x8000a670 (0x00006f17) auipc   t5, 0x6
core   0: 3 0x8000a670 (0x00006f17) x30 0x80010670
core   0: 0x8000a674 (0x983f2823) sw      gp, -1648(t5)
core   0: 3 0x8000a674 (0x983f2823) mem 0x80010000 0x00000001
core   0: 0x8000a678 (0x0000bfe5) c.j     pc - 8
core   0: 3 0x8000a678 (0xbfe5)
core   0: 0x8000a670 (0x00006f17) auipc   t5, 0x6
core   0: 3 0x8000a670 (0x00006f17) x30 0x80010670
core   0: 0x8000a674 (0x983f2823) sw      gp, -1648(t5)
core   0: 3 0x8000a674 (0x983f2823) mem 0x80010000 0x00000001
core   0: 0x8000a678 (0x0000bfe5) c.j     pc - 8
core   0: 3 0x8000a678 (0xbfe5)
core   0: 0x8000a670 (0x00006f17) auipc   t5, 0x6
core   0: 3 0x8000a670 (0x00006f17) x30 0x80010670
core   0: 0x8000a674 (0x983f2823) sw      gp, -1648(t5)
core   0: 3 0x8000a674 (0x983f2823) mem 0x80010000 0x00000001
core   0: 0x8000a678 (0x0000bfe5) c.j     pc - 8
core   0: 3 0x8000a678 (0xbfe5)
core   0: 0x8000a670 (0x00006f17) auipc   t5, 0x6
core   0: 3 0x8000a670 (0x00006f17) x30 0x80010670
core   0: 0x8000a674 (0x983f2823) sw      gp, -1648(t5)
core   0: 3 0x8000a674 (0x983f2823) mem 0x80010000 0x00000001
core   0: 0x8000a678 (0x0000bfe5) c.j     pc - 8
core   0: 3 0x8000a678 (0xbfe5)
core   0: 0x8000a670 (0x00006f17) auipc   t5, 0x6
core   0: 3 0x8000a670 (0x00006f17) x30 0x80010670
core   0: 0x8000a674 (0x983f2823) sw      gp, -1648(t5)
core   0: 3 0x8000a674 (0x983f2823) mem 0x80010000 0x00000001
core   0: 0x8000a678 (0x0000bfe5) c.j     pc - 8
core   0: 3 0x8000a678 (0xbfe5)
core   0: 0x8000a670 (0x00006f17) auipc   t5, 0x6
core   0: 3 0x8000a670 (0x00006f17) x30 0x80010670
core   0: 0x8000a674 (0x983f2823) sw      gp, -1648(t5)
core   0: 3 0x8000a674 (0x983f2823) mem 0x80010000 0x00000001
core   0: 0x8000a678 (0x0000bfe5) c.j     pc - 8
core   0: 3 0x8000a678 (0xbfe5)
core   0: 0x8000a670 (0x00006f17) auipc   t5, 0x6
core   0: 3 0x8000a670 (0x00006f17) x30 0x80010670
core   0: 0x8000a674 (0x983f2823) sw      gp, -1648(t5)
core   0: 3 0x8000a674 (0x983f2823) mem 0x80010000 0x00000001
core   0: 0x8000a678 (0x0000bfe5) c.j     pc - 8
core   0: 3 0x8000a678 (0xbfe5)
core   0: 0x8000a670 (0x00006f17) auipc   t5, 0x6
core   0: 3 0x8000a670 (0x00006f17) x30 0x80010670
core   0: 0x8000a674 (0x983f2823) sw      gp, -1648(t5)
core   0: 3 0x8000a674 (0x983f2823) mem 0x80010000 0x00000001
core   0: 0x8000a678 (0x0000bfe5) c.j     pc - 8
core   0: 3 0x8000a678 (0xbfe5)
core   0: 0x8000a670 (0x00006f17) auipc   t5, 0x6
core   0: 3 0x8000a670 (0x00006f17) x30 0x80010670
core   0: 0x8000a674 (0x983f2823) sw      gp, -1648(t5)
core   0: 3 0x8000a674 (0x983f2823) mem 0x80010000 0x00000001
core   0: 0x8000a678 (0x0000bfe5) c.j     pc - 8
core   0: 3 0x8000a678 (0xbfe5)
core   0: 0x8000a670 (0x00006f17) auipc   t5, 0x6
core   0: 3 0x8000a670 (0x00006f17) x30 0x80010670
core   0: 0x8000a674 (0x983f2823) sw      gp, -1648(t5)
core   0: 3 0x8000a674 (0x983f2823) mem 0x80010000 0x00000001
core   0: 0x8000a678 (0x0000bfe5) c.j     pc - 8
core   0: 3 0x8000a678 (0xbfe5)
core   0: 0x8000a670 (0x00006f17) auipc   t5, 0x6
core   0: 3 0x8000a670 (0x00006f17) x30 0x80010670
core   0: 0x8000a674 (0x983f2823) sw      gp, -1648(t5)
core   0: 3 0x8000a674 (0x983f2823) mem 0x80010000 0x00000001
core   0: 0x8000a678 (0x0000bfe5) c.j     pc - 8
core   0: 3 0x8000a678 (0xbfe5)
core   0: 0x8000a670 (0x00006f17) auipc   t5, 0x6
core   0: 3 0x8000a670 (0x00006f17) x30 0x80010670
core   0: 0x8000a674 (0x983f2823) sw      gp, -1648(t5)
core   0: 3 0x8000a674 (0x983f2823) mem 0x80010000 0x00000001
core   0: 0x8000a678 (0x0000bfe5) c.j     pc - 8
core   0: 3 0x8000a678 (0xbfe5)
core   0: 0x8000a670 (0x00006f17) auipc   t5, 0x6
core   0: 3 0x8000a670 (0x00006f17) x30 0x80010670
core   0: 0x8000a674 (0x983f2823) sw      gp, -1648(t5)
core   0: 3 0x8000a674 (0x983f2823) mem 0x80010000 0x00000001
core   0: 0x8000a678 (0x0000bfe5) c.j     pc - 8
core   0: 3 0x8000a678 (0xbfe5)
core   0: 0x8000a670 (0x00006f17) auipc   t5, 0x6
core   0: 3 0x8000a670 (0x00006f17) x30 0x80010670
core   0: 0x8000a674 (0x983f2823) sw      gp, -1648(t5)
core   0: 3 0x8000a674 (0x983f2823) mem 0x80010000 0x00000001
core   0: 0x8000a678 (0x0000bfe5) c.j     pc - 8
core   0: 3 0x8000a678 (0xbfe5)
core   0: 0x8000a670 (0x00006f17) auipc   t5, 0x6
core   0: 3 0x8000a670 (0x00006f17) x30 0x80010670
core   0: 0x8000a674 (0x983f2823) sw      gp, -1648(t5)
core   0: 3 0x8000a674 (0x983f2823) mem 0x80010000 0x00000001
core   0: 0x8000a678 (0x0000bfe5) c.j     pc - 8
core   0: 3 0x8000a678 (0xbfe5)
core   0: 0x8000a670 (0x00006f17) auipc   t5, 0x6
core   0: 3 0x8000a670 (0x00006f17) x30 0x80010670
core   0: 0x8000a674 (0x983f2823) sw      gp, -1648(t5)
core   0: 3 0x8000a674 (0x983f2823) mem 0x80010000 0x00000001
core   0: 0x8000a678 (0x0000bfe5) c.j     pc - 8
core   0: 3 0x8000a678 (0xbfe5)
core   0: 0x8000a670 (0x00006f17) auipc   t5, 0x6
core   0: 3 0x8000a670 (0x00006f17) x30 0x80010670
core   0: 0x8000a674 (0x983f2823) sw      gp, -1648(t5)
core   0: 3 0x8000a674 (0x983f2823) mem 0x80010000 0x00000001
core   0: 0x8000a678 (0x0000bfe5) c.j     pc - 8
core   0: 3 0x8000a678 (0xbfe5)
core   0: 0x8000a670 (0x00006f17) auipc   t5, 0x6
core   0: 3 0x8000a670 (0x00006f17) x30 0x80010670
core   0: 0x8000a674 (0x983f2823) sw      gp, -1648(t5)
core   0: 3 0x8000a674 (0x983f2823) mem 0x80010000 0x00000001
core   0: 0x8000a678 (0x0000bfe5) c.j     pc - 8
core   0: 3 0x8000a678 (0xbfe5)
core   0: 0x8000a670 (0x00006f17) auipc   t5, 0x6
core   0: 3 0x8000a670 (0x00006f17) x30 0x80010670
core   0: 0x8000a674 (0x983f2823) sw      gp, -1648(t5)
core   0: 3 0x8000a674 (0x983f2823) mem 0x80010000 0x00000001
core   0: 0x8000a678 (0x0000bfe5) c.j     pc - 8
core   0: 3 0x8000a678 (0xbfe5)
core   0: 0x8000a670 (0x00006f17) auipc   t5, 0x6
core   0: 3 0x8000a670 (0x00006f17) x30 0x80010670
core   0: 0x8000a674 (0x983f2823) sw      gp, -1648(t5)
core   0: 3 0x8000a674 (0x983f2823) mem 0x80010000 0x00000001
core   0: 0x8000a678 (0x0000bfe5) c.j     pc - 8
core   0: 3 0x8000a678 (0xbfe5)
core   0: 0x8000a670 (0x00006f17) auipc   t5, 0x6
core   0: 3 0x8000a670 (0x00006f17) x30 0x80010670
core   0: 0x8000a674 (0x983f2823) sw      gp, -1648(t5)
core   0: 3 0x8000a674 (0x983f2823) mem 0x80010000 0x00000001
core   0: 0x8000a678 (0x0000bfe5) c.j     pc - 8
core   0: 3 0x8000a678 (0xbfe5)
core   0: 0x8000a670 (0x00006f17) auipc   t5, 0x6
core   0: 3 0x8000a670 (0x00006f17) x30 0x80010670
core   0: 0x8000a674 (0x983f2823) sw      gp, -1648(t5)
core   0: 3 0x8000a674 (0x983f2823) mem 0x80010000 0x00000001
core   0: 0x8000a678 (0x0000bfe5) c.j     pc - 8
core   0: 3 0x8000a678 (0xbfe5)
core   0: 0x8000a670 (0x00006f17) auipc   t5, 0x6
core   0: 3 0x8000a670 (0x00006f17) x30 0x80010670
core   0: 0x8000a674 (0x983f2823) sw      gp, -1648(t5)
core   0: 3 0x8000a674 (0x983f2823) mem 0x80010000 0x00000001
core   0: 0x8000a678 (0x0000bfe5) c.j     pc - 8
core   0: 3 0x8000a678 (0xbfe5)
core   0: 0x8000a670 (0x00006f17) auipc   t5, 0x6
core   0: 3 0x8000a670 (0x00006f17) x30 0x80010670
core   0: 0x8000a674 (0x983f2823) sw      gp, -1648(t5)
core   0: 3 0x8000a674 (0x983f2823) mem 0x80010000 0x00000001
core   0: 0x8000a678 (0x0000bfe5) c.j     pc - 8
core   0: 3 0x8000a678 (0xbfe5)
core   0: 0x8000a670 (0x00006f17) auipc   t5, 0x6
core   0: 3 0x8000a670 (0x00006f17) x30 0x80010670
core   0: 0x8000a674 (0x983f2823) sw      gp, -1648(t5)
core   0: 3 0x8000a674 (0x983f2823) mem 0x80010000 0x00000001
core   0: 0x8000a678 (0x0000bfe5) c.j     pc - 8
core   0: 3 0x8000a678 (0xbfe5)
core   0: 0x8000a670 (0x00006f17) auipc   t5, 0x6
core   0: 3 0x8000a670 (0x00006f17) x30 0x80010670
core   0: 0x8000a674 (0x983f2823) sw      gp, -1648(t5)
core   0: 3 0x8000a674 (0x983f2823) mem 0x80010000 0x00000001
core   0: 0x8000a678 (0x0000bfe5) c.j     pc - 8
core   0: 3 0x8000a678 (0xbfe5)
core   0: 0x8000a670 (0x00006f17) auipc   t5, 0x6
core   0: 3 0x8000a670 (0x00006f17) x30 0x80010670
core   0: 0x8000a674 (0x983f2823) sw      gp, -1648(t5)
core   0: 3 0x8000a674 (0x983f2823) mem 0x80010000 0x00000001
core   0: 0x8000a678 (0x0000bfe5) c.j     pc - 8
core   0: 3 0x8000a678 (0xbfe5)
core   0: 0x8000a670 (0x00006f17) auipc   t5, 0x6
core   0: 3 0x8000a670 (0x00006f17) x30 0x80010670
core   0: 0x8000a674 (0x983f2823) sw      gp, -1648(t5)
core   0: 3 0x8000a674 (0x983f2823) mem 0x80010000 0x00000001
core   0: 0x8000a678 (0x0000bfe5) c.j     pc - 8
core   0: 3 0x8000a678 (0xbfe5)
core   0: 0x8000a670 (0x00006f17) auipc   t5, 0x6
core   0: 3 0x8000a670 (0x00006f17) x30 0x80010670
core   0: 0x8000a674 (0x983f2823) sw      gp, -1648(t5)
core   0: 3 0x8000a674 (0x983f2823) mem 0x80010000 0x00000001
core   0: 0x8000a678 (0x0000bfe5) c.j     pc - 8
core   0: 3 0x8000a678 (0xbfe5)
core   0: 0x8000a670 (0x00006f17) auipc   t5, 0x6
core   0: 3 0x8000a670 (0x00006f17) x30 0x80010670
core   0: 0x8000a674 (0x983f2823) sw      gp, -1648(t5)
core   0: 3 0x8000a674 (0x983f2823) mem 0x80010000 0x00000001
core   0: 0x8000a678 (0x0000bfe5) c.j     pc - 8
core   0: 3 0x8000a678 (0xbfe5)
core   0: 0x8000a670 (0x00006f17) auipc   t5, 0x6
core   0: 3 0x8000a670 (0x00006f17) x30 0x80010670
core   0: 0x8000a674 (0x983f2823) sw      gp, -1648(t5)
core   0: 3 0x8000a674 (0x983f2823) mem 0x80010000 0x00000001
core   0: 0x8000a678 (0x0000bfe5) c.j     pc - 8
core   0: 3 0x8000a678 (0xbfe5)
core   0: 0x8000a670 (0x00006f17) auipc   t5, 0x6
core   0: 3 0x8000a670 (0x00006f17) x30 0x80010670
core   0: 0x8000a674 (0x983f2823) sw      gp, -1648(t5)
core   0: 3 0x8000a674 (0x983f2823) mem 0x80010000 0x00000001
core   0: 0x8000a678 (0x0000bfe5) c.j     pc - 8
core   0: 3 0x8000a678 (0xbfe5)
core   0: 0x8000a670 (0x00006f17) auipc   t5, 0x6
core   0: 3 0x8000a670 (0x00006f17) x30 0x80010670
core   0: 0x8000a674 (0x983f2823) sw      gp, -1648(t5)
core   0: 3 0x8000a674 (0x983f2823) mem 0x80010000 0x00000001
core   0: 0x8000a678 (0x0000bfe5) c.j     pc - 8
core   0: 3 0x8000a678 (0xbfe5)
core   0: 0x8000a670 (0x00006f17) auipc   t5, 0x6
core   0: 3 0x8000a670 (0x00006f17) x30 0x80010670
core   0: 0x8000a674 (0x983f2823) sw      gp, -1648(t5)
core   0: 3 0x8000a674 (0x983f2823) mem 0x80010000 0x00000001
core   0: 0x8000a678 (0x0000bfe5) c.j     pc - 8
core   0: 3 0x8000a678 (0xbfe5)
core   0: 0x8000a670 (0x00006f17) auipc   t5, 0x6
core   0: 3 0x8000a670 (0x00006f17) x30 0x80010670
core   0: 0x8000a674 (0x983f2823) sw      gp, -1648(t5)
core   0: 3 0x8000a674 (0x983f2823) mem 0x80010000 0x00000001
core   0: 0x8000a678 (0x0000bfe5) c.j     pc - 8
core   0: 3 0x8000a678 (0xbfe5)
core   0: 0x8000a670 (0x00006f17) auipc   t5, 0x6
core   0: 3 0x8000a670 (0x00006f17) x30 0x80010670
core   0: 0x8000a674 (0x983f2823) sw      gp, -1648(t5)
core   0: 3 0x8000a674 (0x983f2823) mem 0x80010000 0x00000001
core   0: 0x8000a678 (0x0000bfe5) c.j     pc - 8
core   0: 3 0x8000a678 (0xbfe5)
core   0: 0x8000a670 (0x00006f17) auipc   t5, 0x6
core   0: 3 0x8000a670 (0x00006f17) x30 0x80010670
core   0: 0x8000a674 (0x983f2823) sw      gp, -1648(t5)
core   0: 3 0x8000a674 (0x983f2823) mem 0x80010000 0x00000001
core   0: 0x8000a678 (0x0000bfe5) c.j     pc - 8
core   0: 3 0x8000a678 (0xbfe5)
core   0: 0x8000a670 (0x00006f17) auipc   t5, 0x6
core   0: 3 0x8000a670 (0x00006f17) x30 0x80010670
core   0: 0x8000a674 (0x983f2823) sw      gp, -1648(t5)
core   0: 3 0x8000a674 (0x983f2823) mem 0x80010000 0x00000001
core   0: 0x8000a678 (0x0000bfe5) c.j     pc - 8
core   0: 3 0x8000a678 (0xbfe5)
core   0: 0x8000a670 (0x00006f17) auipc   t5, 0x6
core   0: 3 0x8000a670 (0x00006f17) x30 0x80010670
core   0: 0x8000a674 (0x983f2823) sw      gp, -1648(t5)
core   0: 3 0x8000a674 (0x983f2823) mem 0x80010000 0x00000001
core   0: 0x8000a678 (0x0000bfe5) c.j     pc - 8
core   0: 3 0x8000a678 (0xbfe5)
core   0: 0x8000a670 (0x00006f17) auipc   t5, 0x6
core   0: 3 0x8000a670 (0x00006f17) x30 0x80010670
core   0: 0x8000a674 (0x983f2823) sw      gp, -1648(t5)
core   0: 3 0x8000a674 (0x983f2823) mem 0x80010000 0x00000001
core   0: 0x8000a678 (0x0000bfe5) c.j     pc - 8
core   0: 3 0x8000a678 (0xbfe5)
core   0: 0x8000a670 (0x00006f17) auipc   t5, 0x6
core   0: 3 0x8000a670 (0x00006f17) x30 0x80010670
core   0: 0x8000a674 (0x983f2823) sw      gp, -1648(t5)
core   0: 3 0x8000a674 (0x983f2823) mem 0x80010000 0x00000001
core   0: 0x8000a678 (0x0000bfe5) c.j     pc - 8
core   0: 3 0x8000a678 (0xbfe5)
core   0: 0x8000a670 (0x00006f17) auipc   t5, 0x6
core   0: 3 0x8000a670 (0x00006f17) x30 0x80010670
core   0: 0x8000a674 (0x983f2823) sw      gp, -1648(t5)
core   0: 3 0x8000a674 (0x983f2823) mem 0x80010000 0x00000001
core   0: 0x8000a678 (0x0000bfe5) c.j     pc - 8
core   0: 3 0x8000a678 (0xbfe5)
core   0: 0x8000a670 (0x00006f17) auipc   t5, 0x6
core   0: 3 0x8000a670 (0x00006f17) x30 0x80010670
core   0: 0x8000a674 (0x983f2823) sw      gp, -1648(t5)
core   0: 3 0x8000a674 (0x983f2823) mem 0x80010000 0x00000001
core   0: 0x8000a678 (0x0000bfe5) c.j     pc - 8
core   0: 3 0x8000a678 (0xbfe5)
core   0: 0x8000a670 (0x00006f17) auipc   t5, 0x6
core   0: 3 0x8000a670 (0x00006f17) x30 0x80010670
core   0: 0x8000a674 (0x983f2823) sw      gp, -1648(t5)
core   0: 3 0x8000a674 (0x983f2823) mem 0x80010000 0x00000001
core   0: 0x8000a678 (0x0000bfe5) c.j     pc - 8
core   0: 3 0x8000a678 (0xbfe5)
core   0: 0x8000a670 (0x00006f17) auipc   t5, 0x6
core   0: 3 0x8000a670 (0x00006f17) x30 0x80010670
core   0: 0x8000a674 (0x983f2823) sw      gp, -1648(t5)
core   0: 3 0x8000a674 (0x983f2823) mem 0x80010000 0x00000001
core   0: 0x8000a678 (0x0000bfe5) c.j     pc - 8
core   0: 3 0x8000a678 (0xbfe5)
core   0: 0x8000a670 (0x00006f17) auipc   t5, 0x6
core   0: 3 0x8000a670 (0x00006f17) x30 0x80010670
core   0: 0x8000a674 (0x983f2823) sw      gp, -1648(t5)
core   0: 3 0x8000a674 (0x983f2823) mem 0x80010000 0x00000001
core   0: 0x8000a678 (0x0000bfe5) c.j     pc - 8
core   0: 3 0x8000a678 (0xbfe5)
core   0: 0x8000a670 (0x00006f17) auipc   t5, 0x6
core   0: 3 0x8000a670 (0x00006f17) x30 0x80010670
core   0: 0x8000a674 (0x983f2823) sw      gp, -1648(t5)
core   0: 3 0x8000a674 (0x983f2823) mem 0x80010000 0x00000001
core   0: 0x8000a678 (0x0000bfe5) c.j     pc - 8
core   0: 3 0x8000a678 (0xbfe5)
core   0: 0x8000a670 (0x00006f17) auipc   t5, 0x6
core   0: 3 0x8000a670 (0x00006f17) x30 0x80010670
core   0: 0x8000a674 (0x983f2823) sw      gp, -1648(t5)
core   0: 3 0x8000a674 (0x983f2823) mem 0x80010000 0x00000001
core   0: 0x8000a678 (0x0000bfe5) c.j     pc - 8
core   0: 3 0x8000a678 (0xbfe5)
core   0: 0x8000a670 (0x00006f17) auipc   t5, 0x6
core   0: 3 0x8000a670 (0x00006f17) x30 0x80010670
core   0: 0x8000a674 (0x983f2823) sw      gp, -1648(t5)
core   0: 3 0x8000a674 (0x983f2823) mem 0x80010000 0x00000001
core   0: 0x8000a678 (0x0000bfe5) c.j     pc - 8
core   0: 3 0x8000a678 (0xbfe5)
core   0: 0x8000a670 (0x00006f17) auipc   t5, 0x6
core   0: 3 0x8000a670 (0x00006f17) x30 0x80010670
core   0: 0x8000a674 (0x983f2823) sw      gp, -1648(t5)
core   0: 3 0x8000a674 (0x983f2823) mem 0x80010000 0x00000001
core   0: 0x8000a678 (0x0000bfe5) c.j     pc - 8
core   0: 3 0x8000a678 (0xbfe5)
core   0: 0x8000a670 (0x00006f17) auipc   t5, 0x6
core   0: 3 0x8000a670 (0x00006f17) x30 0x80010670
core   0: 0x8000a674 (0x983f2823) sw      gp, -1648(t5)
core   0: 3 0x8000a674 (0x983f2823) mem 0x80010000 0x00000001
core   0: 0x8000a678 (0x0000bfe5) c.j     pc - 8
core   0: 3 0x8000a678 (0xbfe5)
core   0: 0x8000a670 (0x00006f17) auipc   t5, 0x6
core   0: 3 0x8000a670 (0x00006f17) x30 0x80010670
core   0: 0x8000a674 (0x983f2823) sw      gp, -1648(t5)
core   0: 3 0x8000a674 (0x983f2823) mem 0x80010000 0x00000001
core   0: 0x8000a678 (0x0000bfe5) c.j     pc - 8
core   0: 3 0x8000a678 (0xbfe5)
core   0: 0x8000a670 (0x00006f17) auipc   t5, 0x6
core   0: 3 0x8000a670 (0x00006f17) x30 0x80010670
core   0: 0x8000a674 (0x983f2823) sw      gp, -1648(t5)
core   0: 3 0x8000a674 (0x983f2823) mem 0x80010000 0x00000001
core   0: 0x8000a678 (0x0000bfe5) c.j     pc - 8
core   0: 3 0x8000a678 (0xbfe5)
core   0: 0x8000a670 (0x00006f17) auipc   t5, 0x6
core   0: 3 0x8000a670 (0x00006f17) x30 0x80010670
core   0: 0x8000a674 (0x983f2823) sw      gp, -1648(t5)
core   0: 3 0x8000a674 (0x983f2823) mem 0x80010000 0x00000001
core   0: 0x8000a678 (0x0000bfe5) c.j     pc - 8
core   0: 3 0x8000a678 (0xbfe5)
core   0: 0x8000a670 (0x00006f17) auipc   t5, 0x6
core   0: 3 0x8000a670 (0x00006f17) x30 0x80010670
core   0: 0x8000a674 (0x983f2823) sw      gp, -1648(t5)
core   0: 3 0x8000a674 (0x983f2823) mem 0x80010000 0x00000001
core   0: 0x8000a678 (0x0000bfe5) c.j     pc - 8
core   0: 3 0x8000a678 (0xbfe5)
core   0: 0x8000a670 (0x00006f17) auipc   t5, 0x6
core   0: 3 0x8000a670 (0x00006f17) x30 0x80010670
core   0: 0x8000a674 (0x983f2823) sw      gp, -1648(t5)
core   0: 3 0x8000a674 (0x983f2823) mem 0x80010000 0x00000001
core   0: 0x8000a678 (0x0000bfe5) c.j     pc - 8
core   0: 3 0x8000a678 (0xbfe5)
core   0: 0x8000a670 (0x00006f17) auipc   t5, 0x6
core   0: 3 0x8000a670 (0x00006f17) x30 0x80010670
core   0: 0x8000a674 (0x983f2823) sw      gp, -1648(t5)
core   0: 3 0x8000a674 (0x983f2823) mem 0x80010000 0x00000001
core   0: 0x8000a678 (0x0000bfe5) c.j     pc - 8
core   0: 3 0x8000a678 (0xbfe5)
core   0: 0x8000a670 (0x00006f17) auipc   t5, 0x6
core   0: 3 0x8000a670 (0x00006f17) x30 0x80010670
core   0: 0x8000a674 (0x983f2823) sw      gp, -1648(t5)
core   0: 3 0x8000a674 (0x983f2823) mem 0x80010000 0x00000001
core   0: 0x8000a678 (0x0000bfe5) c.j     pc - 8
core   0: 3 0x8000a678 (0xbfe5)
core   0: 0x8000a670 (0x00006f17) auipc   t5, 0x6
core   0: 3 0x8000a670 (0x00006f17) x30 0x80010670
core   0: 0x8000a674 (0x983f2823) sw      gp, -1648(t5)
core   0: 3 0x8000a674 (0x983f2823) mem 0x80010000 0x00000001
core   0: 0x8000a678 (0x0000bfe5) c.j     pc - 8
core   0: 3 0x8000a678 (0xbfe5)
core   0: 0x8000a670 (0x00006f17) auipc   t5, 0x6
core   0: 3 0x8000a670 (0x00006f17) x30 0x80010670
core   0: 0x8000a674 (0x983f2823) sw      gp, -1648(t5)
core   0: 3 0x8000a674 (0x983f2823) mem 0x80010000 0x00000001
core   0: 0x8000a678 (0x0000bfe5) c.j     pc - 8
core   0: 3 0x8000a678 (0xbfe5)
core   0: 0x8000a670 (0x00006f17) auipc   t5, 0x6
core   0: 3 0x8000a670 (0x00006f17) x30 0x80010670
core   0: 0x8000a674 (0x983f2823) sw      gp, -1648(t5)
core   0: 3 0x8000a674 (0x983f2823) mem 0x80010000 0x00000001
core   0: 0x8000a678 (0x0000bfe5) c.j     pc - 8
core   0: 3 0x8000a678 (0xbfe5)
core   0: 0x8000a670 (0x00006f17) auipc   t5, 0x6
core   0: 3 0x8000a670 (0x00006f17) x30 0x80010670
core   0: 0x8000a674 (0x983f2823) sw      gp, -1648(t5)
core   0: 3 0x8000a674 (0x983f2823) mem 0x80010000 0x00000001
core   0: 0x8000a678 (0x0000bfe5) c.j     pc - 8
core   0: 3 0x8000a678 (0xbfe5)
core   0: 0x8000a670 (0x00006f17) auipc   t5, 0x6
core   0: 3 0x8000a670 (0x00006f17) x30 0x80010670
core   0: 0x8000a674 (0x983f2823) sw      gp, -1648(t5)
core   0: 3 0x8000a674 (0x983f2823) mem 0x80010000 0x00000001
core   0: 0x8000a678 (0x0000bfe5) c.j     pc - 8
core   0: 3 0x8000a678 (0xbfe5)
core   0: 0x8000a670 (0x00006f17) auipc   t5, 0x6
core   0: 3 0x8000a670 (0x00006f17) x30 0x80010670
core   0: 0x8000a674 (0x983f2823) sw      gp, -1648(t5)
core   0: 3 0x8000a674 (0x983f2823) mem 0x80010000 0x00000001
core   0: 0x8000a678 (0x0000bfe5) c.j     pc - 8
core   0: 3 0x8000a678 (0xbfe5)
core   0: 0x8000a670 (0x00006f17) auipc   t5, 0x6
core   0: 3 0x8000a670 (0x00006f17) x30 0x80010670
core   0: 0x8000a674 (0x983f2823) sw      gp, -1648(t5)
core   0: 3 0x8000a674 (0x983f2823) mem 0x80010000 0x00000001
core   0: 0x8000a678 (0x0000bfe5) c.j     pc - 8
core   0: 3 0x8000a678 (0xbfe5)
core   0: 0x8000a670 (0x00006f17) auipc   t5, 0x6
core   0: 3 0x8000a670 (0x00006f17) x30 0x80010670
core   0: 0x8000a674 (0x983f2823) sw      gp, -1648(t5)
core   0: 3 0x8000a674 (0x983f2823) mem 0x80010000 0x00000001
core   0: 0x8000a678 (0x0000bfe5) c.j     pc - 8
core   0: 3 0x8000a678 (0xbfe5)
core   0: 0x8000a670 (0x00006f17) auipc   t5, 0x6
core   0: 3 0x8000a670 (0x00006f17) x30 0x80010670
core   0: 0x8000a674 (0x983f2823) sw      gp, -1648(t5)
core   0: 3 0x8000a674 (0x983f2823) mem 0x80010000 0x00000001
core   0: 0x8000a678 (0x0000bfe5) c.j     pc - 8
core   0: 3 0x8000a678 (0xbfe5)
core   0: 0x8000a670 (0x00006f17) auipc   t5, 0x6
core   0: 3 0x8000a670 (0x00006f17) x30 0x80010670
core   0: 0x8000a674 (0x983f2823) sw      gp, -1648(t5)
core   0: 3 0x8000a674 (0x983f2823) mem 0x80010000 0x00000001
core   0: 0x8000a678 (0x0000bfe5) c.j     pc - 8
core   0: 3 0x8000a678 (0xbfe5)
core   0: 0x8000a670 (0x00006f17) auipc   t5, 0x6
core   0: 3 0x8000a670 (0x00006f17) x30 0x80010670
core   0: 0x8000a674 (0x983f2823) sw      gp, -1648(t5)
core   0: 3 0x8000a674 (0x983f2823) mem 0x80010000 0x00000001
core   0: 0x8000a678 (0x0000bfe5) c.j     pc - 8
core   0: 3 0x8000a678 (0xbfe5)
core   0: 0x8000a670 (0x00006f17) auipc   t5, 0x6
core   0: 3 0x8000a670 (0x00006f17) x30 0x80010670
core   0: 0x8000a674 (0x983f2823) sw      gp, -1648(t5)
core   0: 3 0x8000a674 (0x983f2823) mem 0x80010000 0x00000001
core   0: 0x8000a678 (0x0000bfe5) c.j     pc - 8
core   0: 3 0x8000a678 (0xbfe5)
core   0: 0x8000a670 (0x00006f17) auipc   t5, 0x6
core   0: 3 0x8000a670 (0x00006f17) x30 0x80010670
core   0: 0x8000a674 (0x983f2823) sw      gp, -1648(t5)
core   0: 3 0x8000a674 (0x983f2823) mem 0x80010000 0x00000001
core   0: 0x8000a678 (0x0000bfe5) c.j     pc - 8
core   0: 3 0x8000a678 (0xbfe5)
core   0: 0x8000a670 (0x00006f17) auipc   t5, 0x6
core   0: 3 0x8000a670 (0x00006f17) x30 0x80010670
core   0: 0x8000a674 (0x983f2823) sw      gp, -1648(t5)
core   0: 3 0x8000a674 (0x983f2823) mem 0x80010000 0x00000001
core   0: 0x8000a678 (0x0000bfe5) c.j     pc - 8
core   0: 3 0x8000a678 (0xbfe5)
core   0: 0x8000a670 (0x00006f17) auipc   t5, 0x6
core   0: 3 0x8000a670 (0x00006f17) x30 0x80010670
core   0: 0x8000a674 (0x983f2823) sw      gp, -1648(t5)
core   0: 3 0x8000a674 (0x983f2823) mem 0x80010000 0x00000001
core   0: 0x8000a678 (0x0000bfe5) c.j     pc - 8
core   0: 3 0x8000a678 (0xbfe5)
core   0: 0x8000a670 (0x00006f17) auipc   t5, 0x6
core   0: 3 0x8000a670 (0x00006f17) x30 0x80010670
core   0: 0x8000a674 (0x983f2823) sw      gp, -1648(t5)
core   0: 3 0x8000a674 (0x983f2823) mem 0x80010000 0x00000001
core   0: 0x8000a678 (0x0000bfe5) c.j     pc - 8
core   0: 3 0x8000a678 (0xbfe5)
core   0: 0x8000a670 (0x00006f17) auipc   t5, 0x6
core   0: 3 0x8000a670 (0x00006f17) x30 0x80010670
core   0: 0x8000a674 (0x983f2823) sw      gp, -1648(t5)
core   0: 3 0x8000a674 (0x983f2823) mem 0x80010000 0x00000001
core   0: 0x8000a678 (0x0000bfe5) c.j     pc - 8
core   0: 3 0x8000a678 (0xbfe5)
core   0: 0x8000a670 (0x00006f17) auipc   t5, 0x6
core   0: 3 0x8000a670 (0x00006f17) x30 0x80010670
core   0: 0x8000a674 (0x983f2823) sw      gp, -1648(t5)
core   0: 3 0x8000a674 (0x983f2823) mem 0x80010000 0x00000001
core   0: 0x8000a678 (0x0000bfe5) c.j     pc - 8
core   0: 3 0x8000a678 (0xbfe5)
core   0: 0x8000a670 (0x00006f17) auipc   t5, 0x6
core   0: 3 0x8000a670 (0x00006f17) x30 0x80010670
core   0: 0x8000a674 (0x983f2823) sw      gp, -1648(t5)
core   0: 3 0x8000a674 (0x983f2823) mem 0x80010000 0x00000001
core   0: 0x8000a678 (0x0000bfe5) c.j     pc - 8
core   0: 3 0x8000a678 (0xbfe5)
core   0: 0x8000a670 (0x00006f17) auipc   t5, 0x6
core   0: 3 0x8000a670 (0x00006f17) x30 0x80010670
core   0: 0x8000a674 (0x983f2823) sw      gp, -1648(t5)
core   0: 3 0x8000a674 (0x983f2823) mem 0x80010000 0x00000001
core   0: 0x8000a678 (0x0000bfe5) c.j     pc - 8
core   0: 3 0x8000a678 (0xbfe5)
core   0: 0x8000a670 (0x00006f17) auipc   t5, 0x6
core   0: 3 0x8000a670 (0x00006f17) x30 0x80010670
core   0: 0x8000a674 (0x983f2823) sw      gp, -1648(t5)
core   0: 3 0x8000a674 (0x983f2823) mem 0x80010000 0x00000001
core   0: 0x8000a678 (0x0000bfe5) c.j     pc - 8
core   0: 3 0x8000a678 (0xbfe5)
core   0: 0x8000a670 (0x00006f17) auipc   t5, 0x6
core   0: 3 0x8000a670 (0x00006f17) x30 0x80010670
core   0: 0x8000a674 (0x983f2823) sw      gp, -1648(t5)
core   0: 3 0x8000a674 (0x983f2823) mem 0x80010000 0x00000001
core   0: 0x8000a678 (0x0000bfe5) c.j     pc - 8
core   0: 3 0x8000a678 (0xbfe5)
core   0: 0x8000a670 (0x00006f17) auipc   t5, 0x6
core   0: 3 0x8000a670 (0x00006f17) x30 0x80010670
core   0: 0x8000a674 (0x983f2823) sw      gp, -1648(t5)
core   0: 3 0x8000a674 (0x983f2823) mem 0x80010000 0x00000001
core   0: 0x8000a678 (0x0000bfe5) c.j     pc - 8
core   0: 3 0x8000a678 (0xbfe5)
core   0: 0x8000a670 (0x00006f17) auipc   t5, 0x6
core   0: 3 0x8000a670 (0x00006f17) x30 0x80010670
core   0: 0x8000a674 (0x983f2823) sw      gp, -1648(t5)
core   0: 3 0x8000a674 (0x983f2823) mem 0x80010000 0x00000001
core   0: 0x8000a678 (0x0000bfe5) c.j     pc - 8
core   0: 3 0x8000a678 (0xbfe5)
core   0: 0x8000a670 (0x00006f17) auipc   t5, 0x6
core   0: 3 0x8000a670 (0x00006f17) x30 0x80010670
core   0: 0x8000a674 (0x983f2823) sw      gp, -1648(t5)
core   0: 3 0x8000a674 (0x983f2823) mem 0x80010000 0x00000001
core   0: 0x8000a678 (0x0000bfe5) c.j     pc - 8
core   0: 3 0x8000a678 (0xbfe5)
core   0: 0x8000a670 (0x00006f17) auipc   t5, 0x6
core   0: 3 0x8000a670 (0x00006f17) x30 0x80010670
core   0: 0x8000a674 (0x983f2823) sw      gp, -1648(t5)
core   0: 3 0x8000a674 (0x983f2823) mem 0x80010000 0x00000001
core   0: 0x8000a678 (0x0000bfe5) c.j     pc - 8
core   0: 3 0x8000a678 (0xbfe5)
core   0: 0x8000a670 (0x00006f17) auipc   t5, 0x6
core   0: 3 0x8000a670 (0x00006f17) x30 0x80010670
core   0: 0x8000a674 (0x983f2823) sw      gp, -1648(t5)
core   0: 3 0x8000a674 (0x983f2823) mem 0x80010000 0x00000001
core   0: 0x8000a678 (0x0000bfe5) c.j     pc - 8
core   0: 3 0x8000a678 (0xbfe5)
core   0: 0x8000a670 (0x00006f17) auipc   t5, 0x6
core   0: 3 0x8000a670 (0x00006f17) x30 0x80010670
core   0: 0x8000a674 (0x983f2823) sw      gp, -1648(t5)
core   0: 3 0x8000a674 (0x983f2823) mem 0x80010000 0x00000001
core   0: 0x8000a678 (0x0000bfe5) c.j     pc - 8
core   0: 3 0x8000a678 (0xbfe5)
core   0: 0x8000a670 (0x00006f17) auipc   t5, 0x6
core   0: 3 0x8000a670 (0x00006f17) x30 0x80010670
core   0: 0x8000a674 (0x983f2823) sw      gp, -1648(t5)
core   0: 3 0x8000a674 (0x983f2823) mem 0x80010000 0x00000001
core   0: 0x8000a678 (0x0000bfe5) c.j     pc - 8
core   0: 3 0x8000a678 (0xbfe5)
core   0: 0x8000a670 (0x00006f17) auipc   t5, 0x6
core   0: 3 0x8000a670 (0x00006f17) x30 0x80010670
core   0: 0x8000a674 (0x983f2823) sw      gp, -1648(t5)
core   0: 3 0x8000a674 (0x983f2823) mem 0x80010000 0x00000001
core   0: 0x8000a678 (0x0000bfe5) c.j     pc - 8
core   0: 3 0x8000a678 (0xbfe5)
core   0: 0x8000a670 (0x00006f17) auipc   t5, 0x6
core   0: 3 0x8000a670 (0x00006f17) x30 0x80010670
core   0: 0x8000a674 (0x983f2823) sw      gp, -1648(t5)
core   0: 3 0x8000a674 (0x983f2823) mem 0x80010000 0x00000001
core   0: 0x8000a678 (0x0000bfe5) c.j     pc - 8
core   0: 3 0x8000a678 (0xbfe5)
core   0: 0x8000a670 (0x00006f17) auipc   t5, 0x6
core   0: 3 0x8000a670 (0x00006f17) x30 0x80010670
core   0: 0x8000a674 (0x983f2823) sw      gp, -1648(t5)
core   0: 3 0x8000a674 (0x983f2823) mem 0x80010000 0x00000001
core   0: 0x8000a678 (0x0000bfe5) c.j     pc - 8
core   0: 3 0x8000a678 (0xbfe5)
core   0: 0x8000a670 (0x00006f17) auipc   t5, 0x6
core   0: 3 0x8000a670 (0x00006f17) x30 0x80010670
core   0: 0x8000a674 (0x983f2823) sw      gp, -1648(t5)
core   0: 3 0x8000a674 (0x983f2823) mem 0x80010000 0x00000001
core   0: 0x8000a678 (0x0000bfe5) c.j     pc - 8
core   0: 3 0x8000a678 (0xbfe5)
core   0: 0x8000a670 (0x00006f17) auipc   t5, 0x6
core   0: 3 0x8000a670 (0x00006f17) x30 0x80010670
core   0: 0x8000a674 (0x983f2823) sw      gp, -1648(t5)
core   0: 3 0x8000a674 (0x983f2823) mem 0x80010000 0x00000001
core   0: 0x8000a678 (0x0000bfe5) c.j     pc - 8
core   0: 3 0x8000a678 (0xbfe5)
core   0: 0x8000a670 (0x00006f17) auipc   t5, 0x6
core   0: 3 0x8000a670 (0x00006f17) x30 0x80010670
core   0: 0x8000a674 (0x983f2823) sw      gp, -1648(t5)
core   0: 3 0x8000a674 (0x983f2823) mem 0x80010000 0x00000001
core   0: 0x8000a678 (0x0000bfe5) c.j     pc - 8
core   0: 3 0x8000a678 (0xbfe5)
core   0: 0x8000a670 (0x00006f17) auipc   t5, 0x6
core   0: 3 0x8000a670 (0x00006f17) x30 0x80010670
core   0: 0x8000a674 (0x983f2823) sw      gp, -1648(t5)
core   0: 3 0x8000a674 (0x983f2823) mem 0x80010000 0x00000001
core   0: 0x8000a678 (0x0000bfe5) c.j     pc - 8
core   0: 3 0x8000a678 (0xbfe5)
core   0: 0x8000a670 (0x00006f17) auipc   t5, 0x6
core   0: 3 0x8000a670 (0x00006f17) x30 0x80010670
core   0: 0x8000a674 (0x983f2823) sw      gp, -1648(t5)
core   0: 3 0x8000a674 (0x983f2823) mem 0x80010000 0x00000001
core   0: 0x8000a678 (0x0000bfe5) c.j     pc - 8
core   0: 3 0x8000a678 (0xbfe5)
core   0: 0x8000a670 (0x00006f17) auipc   t5, 0x6
core   0: 3 0x8000a670 (0x00006f17) x30 0x80010670
core   0: 0x8000a674 (0x983f2823) sw      gp, -1648(t5)
core   0: 3 0x8000a674 (0x983f2823) mem 0x80010000 0x00000001
core   0: 0x8000a678 (0x0000bfe5) c.j     pc - 8
core   0: 3 0x8000a678 (0xbfe5)
core   0: 0x8000a670 (0x00006f17) auipc   t5, 0x6
core   0: 3 0x8000a670 (0x00006f17) x30 0x80010670
core   0: 0x8000a674 (0x983f2823) sw      gp, -1648(t5)
core   0: 3 0x8000a674 (0x983f2823) mem 0x80010000 0x00000001
core   0: 0x8000a678 (0x0000bfe5) c.j     pc - 8
core   0: 3 0x8000a678 (0xbfe5)
core   0: 0x8000a670 (0x00006f17) auipc   t5, 0x6
core   0: 3 0x8000a670 (0x00006f17) x30 0x80010670
core   0: 0x8000a674 (0x983f2823) sw      gp, -1648(t5)
core   0: 3 0x8000a674 (0x983f2823) mem 0x80010000 0x00000001
core   0: 0x8000a678 (0x0000bfe5) c.j     pc - 8
core   0: 3 0x8000a678 (0xbfe5)
core   0: 0x8000a670 (0x00006f17) auipc   t5, 0x6
core   0: 3 0x8000a670 (0x00006f17) x30 0x80010670
core   0: 0x8000a674 (0x983f2823) sw      gp, -1648(t5)
core   0: 3 0x8000a674 (0x983f2823) mem 0x80010000 0x00000001
core   0: 0x8000a678 (0x0000bfe5) c.j     pc - 8
core   0: 3 0x8000a678 (0xbfe5)
core   0: 0x8000a670 (0x00006f17) auipc   t5, 0x6
core   0: 3 0x8000a670 (0x00006f17) x30 0x80010670
core   0: 0x8000a674 (0x983f2823) sw      gp, -1648(t5)
core   0: 3 0x8000a674 (0x983f2823) mem 0x80010000 0x00000001
core   0: 0x8000a678 (0x0000bfe5) c.j     pc - 8
core   0: 3 0x8000a678 (0xbfe5)
core   0: 0x8000a670 (0x00006f17) auipc   t5, 0x6
core   0: 3 0x8000a670 (0x00006f17) x30 0x80010670
core   0: 0x8000a674 (0x983f2823) sw      gp, -1648(t5)
core   0: 3 0x8000a674 (0x983f2823) mem 0x80010000 0x00000001
core   0: 0x8000a678 (0x0000bfe5) c.j     pc - 8
core   0: 3 0x8000a678 (0xbfe5)
core   0: 0x8000a670 (0x00006f17) auipc   t5, 0x6
core   0: 3 0x8000a670 (0x00006f17) x30 0x80010670
core   0: 0x8000a674 (0x983f2823) sw      gp, -1648(t5)
core   0: 3 0x8000a674 (0x983f2823) mem 0x80010000 0x00000001
core   0: 0x8000a678 (0x0000bfe5) c.j     pc - 8
core   0: 3 0x8000a678 (0xbfe5)
core   0: 0x8000a670 (0x00006f17) auipc   t5, 0x6
core   0: 3 0x8000a670 (0x00006f17) x30 0x80010670
core   0: 0x8000a674 (0x983f2823) sw      gp, -1648(t5)
core   0: 3 0x8000a674 (0x983f2823) mem 0x80010000 0x00000001
core   0: 0x8000a678 (0x0000bfe5) c.j     pc - 8
core   0: 3 0x8000a678 (0xbfe5)
core   0: 0x8000a670 (0x00006f17) auipc   t5, 0x6
core   0: 3 0x8000a670 (0x00006f17) x30 0x80010670
core   0: 0x8000a674 (0x983f2823) sw      gp, -1648(t5)
core   0: 3 0x8000a674 (0x983f2823) mem 0x80010000 0x00000001
core   0: 0x8000a678 (0x0000bfe5) c.j     pc - 8
core   0: 3 0x8000a678 (0xbfe5)
core   0: 0x8000a670 (0x00006f17) auipc   t5, 0x6
core   0: 3 0x8000a670 (0x00006f17) x30 0x80010670
core   0: 0x8000a674 (0x983f2823) sw      gp, -1648(t5)
core   0: 3 0x8000a674 (0x983f2823) mem 0x80010000 0x00000001
core   0: 0x8000a678 (0x0000bfe5) c.j     pc - 8
core   0: 3 0x8000a678 (0xbfe5)
core   0: 0x8000a670 (0x00006f17) auipc   t5, 0x6
core   0: 3 0x8000a670 (0x00006f17) x30 0x80010670
core   0: 0x8000a674 (0x983f2823) sw      gp, -1648(t5)
core   0: 3 0x8000a674 (0x983f2823) mem 0x80010000 0x00000001
core   0: 0x8000a678 (0x0000bfe5) c.j     pc - 8
core   0: 3 0x8000a678 (0xbfe5)
core   0: 0x8000a670 (0x00006f17) auipc   t5, 0x6
core   0: 3 0x8000a670 (0x00006f17) x30 0x80010670
core   0: 0x8000a674 (0x983f2823) sw      gp, -1648(t5)
core   0: 3 0x8000a674 (0x983f2823) mem 0x80010000 0x00000001
core   0: 0x8000a678 (0x0000bfe5) c.j     pc - 8
core   0: 3 0x8000a678 (0xbfe5)
core   0: 0x8000a670 (0x00006f17) auipc   t5, 0x6
core   0: 3 0x8000a670 (0x00006f17) x30 0x80010670
core   0: 0x8000a674 (0x983f2823) sw      gp, -1648(t5)
core   0: 3 0x8000a674 (0x983f2823) mem 0x80010000 0x00000001
core   0: 0x8000a678 (0x0000bfe5) c.j     pc - 8
core   0: 3 0x8000a678 (0xbfe5)
core   0: 0x8000a670 (0x00006f17) auipc   t5, 0x6
core   0: 3 0x8000a670 (0x00006f17) x30 0x80010670
core   0: 0x8000a674 (0x983f2823) sw      gp, -1648(t5)
core   0: 3 0x8000a674 (0x983f2823) mem 0x80010000 0x00000001
core   0: 0x8000a678 (0x0000bfe5) c.j     pc - 8
core   0: 3 0x8000a678 (0xbfe5)
core   0: 0x8000a670 (0x00006f17) auipc   t5, 0x6
core   0: 3 0x8000a670 (0x00006f17) x30 0x80010670
core   0: 0x8000a674 (0x983f2823) sw      gp, -1648(t5)
core   0: 3 0x8000a674 (0x983f2823) mem 0x80010000 0x00000001
core   0: 0x8000a678 (0x0000bfe5) c.j     pc - 8
core   0: 3 0x8000a678 (0xbfe5)
core   0: 0x8000a670 (0x00006f17) auipc   t5, 0x6
core   0: 3 0x8000a670 (0x00006f17) x30 0x80010670
core   0: 0x8000a674 (0x983f2823) sw      gp, -1648(t5)
core   0: 3 0x8000a674 (0x983f2823) mem 0x80010000 0x00000001
core   0: 0x8000a678 (0x0000bfe5) c.j     pc - 8
core   0: 3 0x8000a678 (0xbfe5)
core   0: 0x8000a670 (0x00006f17) auipc   t5, 0x6
core   0: 3 0x8000a670 (0x00006f17) x30 0x80010670
core   0: 0x8000a674 (0x983f2823) sw      gp, -1648(t5)
core   0: 3 0x8000a674 (0x983f2823) mem 0x80010000 0x00000001
core   0: 0x8000a678 (0x0000bfe5) c.j     pc - 8
core   0: 3 0x8000a678 (0xbfe5)
core   0: 0x8000a670 (0x00006f17) auipc   t5, 0x6
core   0: 3 0x8000a670 (0x00006f17) x30 0x80010670
core   0: 0x8000a674 (0x983f2823) sw      gp, -1648(t5)
core   0: 3 0x8000a674 (0x983f2823) mem 0x80010000 0x00000001
core   0: 0x8000a678 (0x0000bfe5) c.j     pc - 8
core   0: 3 0x8000a678 (0xbfe5)
core   0: 0x8000a670 (0x00006f17) auipc   t5, 0x6
core   0: 3 0x8000a670 (0x00006f17) x30 0x80010670
core   0: 0x8000a674 (0x983f2823) sw      gp, -1648(t5)
core   0: 3 0x8000a674 (0x983f2823) mem 0x80010000 0x00000001
core   0: 0x8000a678 (0x0000bfe5) c.j     pc - 8
core   0: 3 0x8000a678 (0xbfe5)
core   0: 0x8000a670 (0x00006f17) auipc   t5, 0x6
core   0: 3 0x8000a670 (0x00006f17) x30 0x80010670
core   0: 0x8000a674 (0x983f2823) sw      gp, -1648(t5)
core   0: 3 0x8000a674 (0x983f2823) mem 0x80010000 0x00000001
core   0: 0x8000a678 (0x0000bfe5) c.j     pc - 8
core   0: 3 0x8000a678 (0xbfe5)
core   0: 0x8000a670 (0x00006f17) auipc   t5, 0x6
core   0: 3 0x8000a670 (0x00006f17) x30 0x80010670
core   0: 0x8000a674 (0x983f2823) sw      gp, -1648(t5)
core   0: 3 0x8000a674 (0x983f2823) mem 0x80010000 0x00000001
core   0: 0x8000a678 (0x0000bfe5) c.j     pc - 8
core   0: 3 0x8000a678 (0xbfe5)
core   0: 0x8000a670 (0x00006f17) auipc   t5, 0x6
core   0: 3 0x8000a670 (0x00006f17) x30 0x80010670
core   0: 0x8000a674 (0x983f2823) sw      gp, -1648(t5)
core   0: 3 0x8000a674 (0x983f2823) mem 0x80010000 0x00000001
core   0: 0x8000a678 (0x0000bfe5) c.j     pc - 8
core   0: 3 0x8000a678 (0xbfe5)
core   0: 0x8000a670 (0x00006f17) auipc   t5, 0x6
core   0: 3 0x8000a670 (0x00006f17) x30 0x80010670
core   0: 0x8000a674 (0x983f2823) sw      gp, -1648(t5)
core   0: 3 0x8000a674 (0x983f2823) mem 0x80010000 0x00000001
core   0: 0x8000a678 (0x0000bfe5) c.j     pc - 8
core   0: 3 0x8000a678 (0xbfe5)
core   0: 0x8000a670 (0x00006f17) auipc   t5, 0x6
core   0: 3 0x8000a670 (0x00006f17) x30 0x80010670
core   0: 0x8000a674 (0x983f2823) sw      gp, -1648(t5)
core   0: 3 0x8000a674 (0x983f2823) mem 0x80010000 0x00000001
core   0: 0x8000a678 (0x0000bfe5) c.j     pc - 8
core   0: 3 0x8000a678 (0xbfe5)
core   0: 0x8000a670 (0x00006f17) auipc   t5, 0x6
core   0: 3 0x8000a670 (0x00006f17) x30 0x80010670
core   0: 0x8000a674 (0x983f2823) sw      gp, -1648(t5)
core   0: 3 0x8000a674 (0x983f2823) mem 0x80010000 0x00000001
core   0: 0x8000a678 (0x0000bfe5) c.j     pc - 8
core   0: 3 0x8000a678 (0xbfe5)
core   0: 0x8000a670 (0x00006f17) auipc   t5, 0x6
core   0: 3 0x8000a670 (0x00006f17) x30 0x80010670
core   0: 0x8000a674 (0x983f2823) sw      gp, -1648(t5)
core   0: 3 0x8000a674 (0x983f2823) mem 0x80010000 0x00000001
core   0: 0x8000a678 (0x0000bfe5) c.j     pc - 8
core   0: 3 0x8000a678 (0xbfe5)
core   0: 0x8000a670 (0x00006f17) auipc   t5, 0x6
core   0: 3 0x8000a670 (0x00006f17) x30 0x80010670
core   0: 0x8000a674 (0x983f2823) sw      gp, -1648(t5)
core   0: 3 0x8000a674 (0x983f2823) mem 0x80010000 0x00000001
core   0: 0x8000a678 (0x0000bfe5) c.j     pc - 8
core   0: 3 0x8000a678 (0xbfe5)
core   0: 0x8000a670 (0x00006f17) auipc   t5, 0x6
core   0: 3 0x8000a670 (0x00006f17) x30 0x80010670
core   0: 0x8000a674 (0x983f2823) sw      gp, -1648(t5)
core   0: 3 0x8000a674 (0x983f2823) mem 0x80010000 0x00000001
core   0: 0x8000a678 (0x0000bfe5) c.j     pc - 8
core   0: 3 0x8000a678 (0xbfe5)
core   0: 0x8000a670 (0x00006f17) auipc   t5, 0x6
core   0: 3 0x8000a670 (0x00006f17) x30 0x80010670
core   0: 0x8000a674 (0x983f2823) sw      gp, -1648(t5)
core   0: 3 0x8000a674 (0x983f2823) mem 0x80010000 0x00000001
core   0: 0x8000a678 (0x0000bfe5) c.j     pc - 8
core   0: 3 0x8000a678 (0xbfe5)
core   0: 0x8000a670 (0x00006f17) auipc   t5, 0x6
core   0: 3 0x8000a670 (0x00006f17) x30 0x80010670
core   0: 0x8000a674 (0x983f2823) sw      gp, -1648(t5)
core   0: 3 0x8000a674 (0x983f2823) mem 0x80010000 0x00000001
core   0: 0x8000a678 (0x0000bfe5) c.j     pc - 8
core   0: 3 0x8000a678 (0xbfe5)
core   0: 0x8000a670 (0x00006f17) auipc   t5, 0x6
core   0: 3 0x8000a670 (0x00006f17) x30 0x80010670
core   0: 0x8000a674 (0x983f2823) sw      gp, -1648(t5)
core   0: 3 0x8000a674 (0x983f2823) mem 0x80010000 0x00000001
core   0: 0x8000a678 (0x0000bfe5) c.j     pc - 8
core   0: 3 0x8000a678 (0xbfe5)
core   0: 0x8000a670 (0x00006f17) auipc   t5, 0x6
core   0: 3 0x8000a670 (0x00006f17) x30 0x80010670
core   0: 0x8000a674 (0x983f2823) sw      gp, -1648(t5)
core   0: 3 0x8000a674 (0x983f2823) mem 0x80010000 0x00000001
core   0: 0x8000a678 (0x0000bfe5) c.j     pc - 8
core   0: 3 0x8000a678 (0xbfe5)
core   0: 0x8000a670 (0x00006f17) auipc   t5, 0x6
core   0: 3 0x8000a670 (0x00006f17) x30 0x80010670
core   0: 0x8000a674 (0x983f2823) sw      gp, -1648(t5)
core   0: 3 0x8000a674 (0x983f2823) mem 0x80010000 0x00000001
core   0: 0x8000a678 (0x0000bfe5) c.j     pc - 8
core   0: 3 0x8000a678 (0xbfe5)
core   0: 0x8000a670 (0x00006f17) auipc   t5, 0x6
core   0: 3 0x8000a670 (0x00006f17) x30 0x80010670
core   0: 0x8000a674 (0x983f2823) sw      gp, -1648(t5)
core   0: 3 0x8000a674 (0x983f2823) mem 0x80010000 0x00000001
core   0: 0x8000a678 (0x0000bfe5) c.j     pc - 8
core   0: 3 0x8000a678 (0xbfe5)
core   0: 0x8000a670 (0x00006f17) auipc   t5, 0x6
core   0: 3 0x8000a670 (0x00006f17) x30 0x80010670
core   0: 0x8000a674 (0x983f2823) sw      gp, -1648(t5)
core   0: 3 0x8000a674 (0x983f2823) mem 0x80010000 0x00000001
core   0: 0x8000a678 (0x0000bfe5) c.j     pc - 8
core   0: 3 0x8000a678 (0xbfe5)
core   0: 0x8000a670 (0x00006f17) auipc   t5, 0x6
core   0: 3 0x8000a670 (0x00006f17) x30 0x80010670
core   0: 0x8000a674 (0x983f2823) sw      gp, -1648(t5)
core   0: 3 0x8000a674 (0x983f2823) mem 0x80010000 0x00000001
core   0: 0x8000a678 (0x0000bfe5) c.j     pc - 8
core   0: 3 0x8000a678 (0xbfe5)
core   0: 0x8000a670 (0x00006f17) auipc   t5, 0x6
core   0: 3 0x8000a670 (0x00006f17) x30 0x80010670
core   0: 0x8000a674 (0x983f2823) sw      gp, -1648(t5)
core   0: 3 0x8000a674 (0x983f2823) mem 0x80010000 0x00000001
core   0: 0x8000a678 (0x0000bfe5) c.j     pc - 8
core   0: 3 0x8000a678 (0xbfe5)
core   0: 0x8000a670 (0x00006f17) auipc   t5, 0x6
core   0: 3 0x8000a670 (0x00006f17) x30 0x80010670
core   0: 0x8000a674 (0x983f2823) sw      gp, -1648(t5)
core   0: 3 0x8000a674 (0x983f2823) mem 0x80010000 0x00000001
core   0: 0x8000a678 (0x0000bfe5) c.j     pc - 8
core   0: 3 0x8000a678 (0xbfe5)
core   0: 0x8000a670 (0x00006f17) auipc   t5, 0x6
core   0: 3 0x8000a670 (0x00006f17) x30 0x80010670
core   0: 0x8000a674 (0x983f2823) sw      gp, -1648(t5)
core   0: 3 0x8000a674 (0x983f2823) mem 0x80010000 0x00000001
core   0: 0x8000a678 (0x0000bfe5) c.j     pc - 8
core   0: 3 0x8000a678 (0xbfe5)
core   0: 0x8000a670 (0x00006f17) auipc   t5, 0x6
core   0: 3 0x8000a670 (0x00006f17) x30 0x80010670
core   0: 0x8000a674 (0x983f2823) sw      gp, -1648(t5)
core   0: 3 0x8000a674 (0x983f2823) mem 0x80010000 0x00000001
core   0: 0x8000a678 (0x0000bfe5) c.j     pc - 8
core   0: 3 0x8000a678 (0xbfe5)
core   0: 0x8000a670 (0x00006f17) auipc   t5, 0x6
core   0: 3 0x8000a670 (0x00006f17) x30 0x80010670
core   0: 0x8000a674 (0x983f2823) sw      gp, -1648(t5)
core   0: 3 0x8000a674 (0x983f2823) mem 0x80010000 0x00000001
core   0: 0x8000a678 (0x0000bfe5) c.j     pc - 8
core   0: 3 0x8000a678 (0xbfe5)
core   0: 0x8000a670 (0x00006f17) auipc   t5, 0x6
core   0: 3 0x8000a670 (0x00006f17) x30 0x80010670
core   0: 0x8000a674 (0x983f2823) sw      gp, -1648(t5)
core   0: 3 0x8000a674 (0x983f2823) mem 0x80010000 0x00000001
core   0: 0x8000a678 (0x0000bfe5) c.j     pc - 8
core   0: 3 0x8000a678 (0xbfe5)
core   0: 0x8000a670 (0x00006f17) auipc   t5, 0x6
core   0: 3 0x8000a670 (0x00006f17) x30 0x80010670
core   0: 0x8000a674 (0x983f2823) sw      gp, -1648(t5)
core   0: 3 0x8000a674 (0x983f2823) mem 0x80010000 0x00000001
core   0: 0x8000a678 (0x0000bfe5) c.j     pc - 8
core   0: 3 0x8000a678 (0xbfe5)
core   0: 0x8000a670 (0x00006f17) auipc   t5, 0x6
core   0: 3 0x8000a670 (0x00006f17) x30 0x80010670
core   0: 0x8000a674 (0x983f2823) sw      gp, -1648(t5)
core   0: 3 0x8000a674 (0x983f2823) mem 0x80010000 0x00000001
core   0: 0x8000a678 (0x0000bfe5) c.j     pc - 8
core   0: 3 0x8000a678 (0xbfe5)
core   0: 0x8000a670 (0x00006f17) auipc   t5, 0x6
core   0: 3 0x8000a670 (0x00006f17) x30 0x80010670
core   0: 0x8000a674 (0x983f2823) sw      gp, -1648(t5)
core   0: 3 0x8000a674 (0x983f2823) mem 0x80010000 0x00000001
core   0: 0x8000a678 (0x0000bfe5) c.j     pc - 8
core   0: 3 0x8000a678 (0xbfe5)
core   0: 0x8000a670 (0x00006f17) auipc   t5, 0x6
core   0: 3 0x8000a670 (0x00006f17) x30 0x80010670
core   0: 0x8000a674 (0x983f2823) sw      gp, -1648(t5)
core   0: 3 0x8000a674 (0x983f2823) mem 0x80010000 0x00000001
core   0: 0x8000a678 (0x0000bfe5) c.j     pc - 8
core   0: 3 0x8000a678 (0xbfe5)
core   0: 0x8000a670 (0x00006f17) auipc   t5, 0x6
core   0: 3 0x8000a670 (0x00006f17) x30 0x80010670
core   0: 0x8000a674 (0x983f2823) sw      gp, -1648(t5)
core   0: 3 0x8000a674 (0x983f2823) mem 0x80010000 0x00000001
core   0: 0x8000a678 (0x0000bfe5) c.j     pc - 8
core   0: 3 0x8000a678 (0xbfe5)
core   0: 0x8000a670 (0x00006f17) auipc   t5, 0x6
core   0: 3 0x8000a670 (0x00006f17) x30 0x80010670
core   0: 0x8000a674 (0x983f2823) sw      gp, -1648(t5)
core   0: 3 0x8000a674 (0x983f2823) mem 0x80010000 0x00000001
core   0: 0x8000a678 (0x0000bfe5) c.j     pc - 8
core   0: 3 0x8000a678 (0xbfe5)
core   0: 0x8000a670 (0x00006f17) auipc   t5, 0x6
core   0: 3 0x8000a670 (0x00006f17) x30 0x80010670
core   0: 0x8000a674 (0x983f2823) sw      gp, -1648(t5)
core   0: 3 0x8000a674 (0x983f2823) mem 0x80010000 0x00000001
core   0: 0x8000a678 (0x0000bfe5) c.j     pc - 8
core   0: 3 0x8000a678 (0xbfe5)
core   0: 0x8000a670 (0x00006f17) auipc   t5, 0x6
core   0: 3 0x8000a670 (0x00006f17) x30 0x80010670
core   0: 0x8000a674 (0x983f2823) sw      gp, -1648(t5)
core   0: 3 0x8000a674 (0x983f2823) mem 0x80010000 0x00000001
core   0: 0x8000a678 (0x0000bfe5) c.j     pc - 8
core   0: 3 0x8000a678 (0xbfe5)
core   0: 0x8000a670 (0x00006f17) auipc   t5, 0x6
core   0: 3 0x8000a670 (0x00006f17) x30 0x80010670
core   0: 0x8000a674 (0x983f2823) sw      gp, -1648(t5)
core   0: 3 0x8000a674 (0x983f2823) mem 0x80010000 0x00000001
core   0: 0x8000a678 (0x0000bfe5) c.j     pc - 8
core   0: 3 0x8000a678 (0xbfe5)
core   0: 0x8000a670 (0x00006f17) auipc   t5, 0x6
core   0: 3 0x8000a670 (0x00006f17) x30 0x80010670
core   0: 0x8000a674 (0x983f2823) sw      gp, -1648(t5)
core   0: 3 0x8000a674 (0x983f2823) mem 0x80010000 0x00000001
core   0: 0x8000a678 (0x0000bfe5) c.j     pc - 8
core   0: 3 0x8000a678 (0xbfe5)
core   0: 0x8000a670 (0x00006f17) auipc   t5, 0x6
core   0: 3 0x8000a670 (0x00006f17) x30 0x80010670
core   0: 0x8000a674 (0x983f2823) sw      gp, -1648(t5)
core   0: 3 0x8000a674 (0x983f2823) mem 0x80010000 0x00000001
core   0: 0x8000a678 (0x0000bfe5) c.j     pc - 8
core   0: 3 0x8000a678 (0xbfe5)
core   0: 0x8000a670 (0x00006f17) auipc   t5, 0x6
core   0: 3 0x8000a670 (0x00006f17) x30 0x80010670
core   0: 0x8000a674 (0x983f2823) sw      gp, -1648(t5)
core   0: 3 0x8000a674 (0x983f2823) mem 0x80010000 0x00000001
core   0: 0x8000a678 (0x0000bfe5) c.j     pc - 8
core   0: 3 0x8000a678 (0xbfe5)
core   0: 0x8000a670 (0x00006f17) auipc   t5, 0x6
core   0: 3 0x8000a670 (0x00006f17) x30 0x80010670
core   0: 0x8000a674 (0x983f2823) sw      gp, -1648(t5)
core   0: 3 0x8000a674 (0x983f2823) mem 0x80010000 0x00000001
core   0: 0x8000a678 (0x0000bfe5) c.j     pc - 8
core   0: 3 0x8000a678 (0xbfe5)
core   0: 0x8000a670 (0x00006f17) auipc   t5, 0x6
core   0: 3 0x8000a670 (0x00006f17) x30 0x80010670
core   0: 0x8000a674 (0x983f2823) sw      gp, -1648(t5)
core   0: 3 0x8000a674 (0x983f2823) mem 0x80010000 0x00000001
core   0: 0x8000a678 (0x0000bfe5) c.j     pc - 8
core   0: 3 0x8000a678 (0xbfe5)
core   0: 0x8000a670 (0x00006f17) auipc   t5, 0x6
core   0: 3 0x8000a670 (0x00006f17) x30 0x80010670
core   0: 0x8000a674 (0x983f2823) sw      gp, -1648(t5)
core   0: 3 0x8000a674 (0x983f2823) mem 0x80010000 0x00000001
core   0: 0x8000a678 (0x0000bfe5) c.j     pc - 8
core   0: 3 0x8000a678 (0xbfe5)
core   0: 0x8000a670 (0x00006f17) auipc   t5, 0x6
core   0: 3 0x8000a670 (0x00006f17) x30 0x80010670
core   0: 0x8000a674 (0x983f2823) sw      gp, -1648(t5)
core   0: 3 0x8000a674 (0x983f2823) mem 0x80010000 0x00000001
core   0: 0x8000a678 (0x0000bfe5) c.j     pc - 8
core   0: 3 0x8000a678 (0xbfe5)
core   0: 0x8000a670 (0x00006f17) auipc   t5, 0x6
core   0: 3 0x8000a670 (0x00006f17) x30 0x80010670
core   0: 0x8000a674 (0x983f2823) sw      gp, -1648(t5)
core   0: 3 0x8000a674 (0x983f2823) mem 0x80010000 0x00000001
core   0: 0x8000a678 (0x0000bfe5) c.j     pc - 8
core   0: 3 0x8000a678 (0xbfe5)
core   0: 0x8000a670 (0x00006f17) auipc   t5, 0x6
core   0: 3 0x8000a670 (0x00006f17) x30 0x80010670
core   0: 0x8000a674 (0x983f2823) sw      gp, -1648(t5)
core   0: 3 0x8000a674 (0x983f2823) mem 0x80010000 0x00000001
core   0: 0x8000a678 (0x0000bfe5) c.j     pc - 8
core   0: 3 0x8000a678 (0xbfe5)
core   0: 0x8000a670 (0x00006f17) auipc   t5, 0x6
core   0: 3 0x8000a670 (0x00006f17) x30 0x80010670
core   0: 0x8000a674 (0x983f2823) sw      gp, -1648(t5)
core   0: 3 0x8000a674 (0x983f2823) mem 0x80010000 0x00000001
core   0: 0x8000a678 (0x0000bfe5) c.j     pc - 8
core   0: 3 0x8000a678 (0xbfe5)
core   0: 0x8000a670 (0x00006f17) auipc   t5, 0x6
core   0: 3 0x8000a670 (0x00006f17) x30 0x80010670
core   0: 0x8000a674 (0x983f2823) sw      gp, -1648(t5)
core   0: 3 0x8000a674 (0x983f2823) mem 0x80010000 0x00000001
core   0: 0x8000a678 (0x0000bfe5) c.j     pc - 8
core   0: 3 0x8000a678 (0xbfe5)
core   0: 0x8000a670 (0x00006f17) auipc   t5, 0x6
core   0: 3 0x8000a670 (0x00006f17) x30 0x80010670
core   0: 0x8000a674 (0x983f2823) sw      gp, -1648(t5)
core   0: 3 0x8000a674 (0x983f2823) mem 0x80010000 0x00000001
core   0: 0x8000a678 (0x0000bfe5) c.j     pc - 8
core   0: 3 0x8000a678 (0xbfe5)
core   0: 0x8000a670 (0x00006f17) auipc   t5, 0x6
core   0: 3 0x8000a670 (0x00006f17) x30 0x80010670
core   0: 0x8000a674 (0x983f2823) sw      gp, -1648(t5)
core   0: 3 0x8000a674 (0x983f2823) mem 0x80010000 0x00000001
core   0: 0x8000a678 (0x0000bfe5) c.j     pc - 8
core   0: 3 0x8000a678 (0xbfe5)
core   0: 0x8000a670 (0x00006f17) auipc   t5, 0x6
core   0: 3 0x8000a670 (0x00006f17) x30 0x80010670
core   0: 0x8000a674 (0x983f2823) sw      gp, -1648(t5)
core   0: 3 0x8000a674 (0x983f2823) mem 0x80010000 0x00000001
core   0: 0x8000a678 (0x0000bfe5) c.j     pc - 8
core   0: 3 0x8000a678 (0xbfe5)
core   0: 0x8000a670 (0x00006f17) auipc   t5, 0x6
core   0: 3 0x8000a670 (0x00006f17) x30 0x80010670
core   0: 0x8000a674 (0x983f2823) sw      gp, -1648(t5)
core   0: 3 0x8000a674 (0x983f2823) mem 0x80010000 0x00000001
core   0: 0x8000a678 (0x0000bfe5) c.j     pc - 8
core   0: 3 0x8000a678 (0xbfe5)
core   0: 0x8000a670 (0x00006f17) auipc   t5, 0x6
core   0: 3 0x8000a670 (0x00006f17) x30 0x80010670
core   0: 0x8000a674 (0x983f2823) sw      gp, -1648(t5)
core   0: 3 0x8000a674 (0x983f2823) mem 0x80010000 0x00000001
core   0: 0x8000a678 (0x0000bfe5) c.j     pc - 8
core   0: 3 0x8000a678 (0xbfe5)
core   0: 0x8000a670 (0x00006f17) auipc   t5, 0x6
core   0: 3 0x8000a670 (0x00006f17) x30 0x80010670
core   0: 0x8000a674 (0x983f2823) sw      gp, -1648(t5)
core   0: 3 0x8000a674 (0x983f2823) mem 0x80010000 0x00000001
core   0: 0x8000a678 (0x0000bfe5) c.j     pc - 8
core   0: 3 0x8000a678 (0xbfe5)
core   0: 0x8000a670 (0x00006f17) auipc   t5, 0x6
core   0: 3 0x8000a670 (0x00006f17) x30 0x80010670
core   0: 0x8000a674 (0x983f2823) sw      gp, -1648(t5)
core   0: 3 0x8000a674 (0x983f2823) mem 0x80010000 0x00000001
core   0: 0x8000a678 (0x0000bfe5) c.j     pc - 8
core   0: 3 0x8000a678 (0xbfe5)
core   0: 0x8000a670 (0x00006f17) auipc   t5, 0x6
core   0: 3 0x8000a670 (0x00006f17) x30 0x80010670
core   0: 0x8000a674 (0x983f2823) sw      gp, -1648(t5)
core   0: 3 0x8000a674 (0x983f2823) mem 0x80010000 0x00000001
core   0: 0x8000a678 (0x0000bfe5) c.j     pc - 8
core   0: 3 0x8000a678 (0xbfe5)
core   0: 0x8000a670 (0x00006f17) auipc   t5, 0x6
core   0: 3 0x8000a670 (0x00006f17) x30 0x80010670
core   0: 0x8000a674 (0x983f2823) sw      gp, -1648(t5)
core   0: 3 0x8000a674 (0x983f2823) mem 0x80010000 0x00000001
core   0: 0x8000a678 (0x0000bfe5) c.j     pc - 8
core   0: 3 0x8000a678 (0xbfe5)
core   0: 0x8000a670 (0x00006f17) auipc   t5, 0x6
core   0: 3 0x8000a670 (0x00006f17) x30 0x80010670
core   0: 0x8000a674 (0x983f2823) sw      gp, -1648(t5)
core   0: 3 0x8000a674 (0x983f2823) mem 0x80010000 0x00000001
core   0: 0x8000a678 (0x0000bfe5) c.j     pc - 8
core   0: 3 0x8000a678 (0xbfe5)
core   0: 0x8000a670 (0x00006f17) auipc   t5, 0x6
core   0: 3 0x8000a670 (0x00006f17) x30 0x80010670
core   0: 0x8000a674 (0x983f2823) sw      gp, -1648(t5)
core   0: 3 0x8000a674 (0x983f2823) mem 0x80010000 0x00000001
core   0: 0x8000a678 (0x0000bfe5) c.j     pc - 8
core   0: 3 0x8000a678 (0xbfe5)
core   0: 0x8000a670 (0x00006f17) auipc   t5, 0x6
core   0: 3 0x8000a670 (0x00006f17) x30 0x80010670
core   0: 0x8000a674 (0x983f2823) sw      gp, -1648(t5)
core   0: 3 0x8000a674 (0x983f2823) mem 0x80010000 0x00000001
core   0: 0x8000a678 (0x0000bfe5) c.j     pc - 8
core   0: 3 0x8000a678 (0xbfe5)
core   0: 0x8000a670 (0x00006f17) auipc   t5, 0x6
core   0: 3 0x8000a670 (0x00006f17) x30 0x80010670
core   0: 0x8000a674 (0x983f2823) sw      gp, -1648(t5)
core   0: 3 0x8000a674 (0x983f2823) mem 0x80010000 0x00000001
core   0: 0x8000a678 (0x0000bfe5) c.j     pc - 8
core   0: 3 0x8000a678 (0xbfe5)
core   0: 0x8000a670 (0x00006f17) auipc   t5, 0x6
core   0: 3 0x8000a670 (0x00006f17) x30 0x80010670
core   0: 0x8000a674 (0x983f2823) sw      gp, -1648(t5)
core   0: 3 0x8000a674 (0x983f2823) mem 0x80010000 0x00000001
core   0: 0x8000a678 (0x0000bfe5) c.j     pc - 8
core   0: 3 0x8000a678 (0xbfe5)
core   0: 0x8000a670 (0x00006f17) auipc   t5, 0x6
core   0: 3 0x8000a670 (0x00006f17) x30 0x80010670
core   0: 0x8000a674 (0x983f2823) sw      gp, -1648(t5)
core   0: 3 0x8000a674 (0x983f2823) mem 0x80010000 0x00000001
core   0: 0x8000a678 (0x0000bfe5) c.j     pc - 8
core   0: 3 0x8000a678 (0xbfe5)
core   0: 0x8000a670 (0x00006f17) auipc   t5, 0x6
core   0: 3 0x8000a670 (0x00006f17) x30 0x80010670
core   0: 0x8000a674 (0x983f2823) sw      gp, -1648(t5)
core   0: 3 0x8000a674 (0x983f2823) mem 0x80010000 0x00000001
core   0: 0x8000a678 (0x0000bfe5) c.j     pc - 8
core   0: 3 0x8000a678 (0xbfe5)
core   0: 0x8000a670 (0x00006f17) auipc   t5, 0x6
core   0: 3 0x8000a670 (0x00006f17) x30 0x80010670
core   0: 0x8000a674 (0x983f2823) sw      gp, -1648(t5)
core   0: 3 0x8000a674 (0x983f2823) mem 0x80010000 0x00000001
core   0: 0x8000a678 (0x0000bfe5) c.j     pc - 8
core   0: 3 0x8000a678 (0xbfe5)
core   0: 0x8000a670 (0x00006f17) auipc   t5, 0x6
core   0: 3 0x8000a670 (0x00006f17) x30 0x80010670
core   0: 0x8000a674 (0x983f2823) sw      gp, -1648(t5)
core   0: 3 0x8000a674 (0x983f2823) mem 0x80010000 0x00000001
core   0: 0x8000a678 (0x0000bfe5) c.j     pc - 8
core   0: 3 0x8000a678 (0xbfe5)
core   0: 0x8000a670 (0x00006f17) auipc   t5, 0x6
core   0: 3 0x8000a670 (0x00006f17) x30 0x80010670
core   0: 0x8000a674 (0x983f2823) sw      gp, -1648(t5)
core   0: 3 0x8000a674 (0x983f2823) mem 0x80010000 0x00000001
core   0: 0x8000a678 (0x0000bfe5) c.j     pc - 8
core   0: 3 0x8000a678 (0xbfe5)
core   0: 0x8000a670 (0x00006f17) auipc   t5, 0x6
core   0: 3 0x8000a670 (0x00006f17) x30 0x80010670
core   0: 0x8000a674 (0x983f2823) sw      gp, -1648(t5)
core   0: 3 0x8000a674 (0x983f2823) mem 0x80010000 0x00000001
core   0: 0x8000a678 (0x0000bfe5) c.j     pc - 8
core   0: 3 0x8000a678 (0xbfe5)
core   0: 0x8000a670 (0x00006f17) auipc   t5, 0x6
core   0: 3 0x8000a670 (0x00006f17) x30 0x80010670
core   0: 0x8000a674 (0x983f2823) sw      gp, -1648(t5)
core   0: 3 0x8000a674 (0x983f2823) mem 0x80010000 0x00000001
core   0: 0x8000a678 (0x0000bfe5) c.j     pc - 8
core   0: 3 0x8000a678 (0xbfe5)
core   0: 0x8000a670 (0x00006f17) auipc   t5, 0x6
core   0: 3 0x8000a670 (0x00006f17) x30 0x80010670
core   0: 0x8000a674 (0x983f2823) sw      gp, -1648(t5)
core   0: 3 0x8000a674 (0x983f2823) mem 0x80010000 0x00000001
core   0: 0x8000a678 (0x0000bfe5) c.j     pc - 8
core   0: 3 0x8000a678 (0xbfe5)
core   0: 0x8000a670 (0x00006f17) auipc   t5, 0x6
core   0: 3 0x8000a670 (0x00006f17) x30 0x80010670
core   0: 0x8000a674 (0x983f2823) sw      gp, -1648(t5)
core   0: 3 0x8000a674 (0x983f2823) mem 0x80010000 0x00000001
core   0: 0x8000a678 (0x0000bfe5) c.j     pc - 8
core   0: 3 0x8000a678 (0xbfe5)
core   0: 0x8000a670 (0x00006f17) auipc   t5, 0x6
core   0: 3 0x8000a670 (0x00006f17) x30 0x80010670
core   0: 0x8000a674 (0x983f2823) sw      gp, -1648(t5)
core   0: 3 0x8000a674 (0x983f2823) mem 0x80010000 0x00000001
core   0: 0x8000a678 (0x0000bfe5) c.j     pc - 8
core   0: 3 0x8000a678 (0xbfe5)
core   0: 0x8000a670 (0x00006f17) auipc   t5, 0x6
core   0: 3 0x8000a670 (0x00006f17) x30 0x80010670
core   0: 0x8000a674 (0x983f2823) sw      gp, -1648(t5)
core   0: 3 0x8000a674 (0x983f2823) mem 0x80010000 0x00000001
core   0: 0x8000a678 (0x0000bfe5) c.j     pc - 8
core   0: 3 0x8000a678 (0xbfe5)
core   0: 0x8000a670 (0x00006f17) auipc   t5, 0x6
core   0: 3 0x8000a670 (0x00006f17) x30 0x80010670
core   0: 0x8000a674 (0x983f2823) sw      gp, -1648(t5)
core   0: 3 0x8000a674 (0x983f2823) mem 0x80010000 0x00000001
core   0: 0x8000a678 (0x0000bfe5) c.j     pc - 8
core   0: 3 0x8000a678 (0xbfe5)
core   0: 0x8000a670 (0x00006f17) auipc   t5, 0x6
core   0: 3 0x8000a670 (0x00006f17) x30 0x80010670
core   0: 0x8000a674 (0x983f2823) sw      gp, -1648(t5)
core   0: 3 0x8000a674 (0x983f2823) mem 0x80010000 0x00000001
core   0: 0x8000a678 (0x0000bfe5) c.j     pc - 8
core   0: 3 0x8000a678 (0xbfe5)
core   0: 0x8000a670 (0x00006f17) auipc   t5, 0x6
core   0: 3 0x8000a670 (0x00006f17) x30 0x80010670
core   0: 0x8000a674 (0x983f2823) sw      gp, -1648(t5)
core   0: 3 0x8000a674 (0x983f2823) mem 0x80010000 0x00000001
core   0: 0x8000a678 (0x0000bfe5) c.j     pc - 8
core   0: 3 0x8000a678 (0xbfe5)
core   0: 0x8000a670 (0x00006f17) auipc   t5, 0x6
core   0: 3 0x8000a670 (0x00006f17) x30 0x80010670
core   0: 0x8000a674 (0x983f2823) sw      gp, -1648(t5)
core   0: 3 0x8000a674 (0x983f2823) mem 0x80010000 0x00000001
core   0: 0x8000a678 (0x0000bfe5) c.j     pc - 8
core   0: 3 0x8000a678 (0xbfe5)
core   0: 0x8000a670 (0x00006f17) auipc   t5, 0x6
core   0: 3 0x8000a670 (0x00006f17) x30 0x80010670
core   0: 0x8000a674 (0x983f2823) sw      gp, -1648(t5)
core   0: 3 0x8000a674 (0x983f2823) mem 0x80010000 0x00000001
core   0: 0x8000a678 (0x0000bfe5) c.j     pc - 8
core   0: 3 0x8000a678 (0xbfe5)
core   0: 0x8000a670 (0x00006f17) auipc   t5, 0x6
core   0: 3 0x8000a670 (0x00006f17) x30 0x80010670
core   0: 0x8000a674 (0x983f2823) sw      gp, -1648(t5)
core   0: 3 0x8000a674 (0x983f2823) mem 0x80010000 0x00000001
core   0: 0x8000a678 (0x0000bfe5) c.j     pc - 8
core   0: 3 0x8000a678 (0xbfe5)
core   0: 0x8000a670 (0x00006f17) auipc   t5, 0x6
core   0: 3 0x8000a670 (0x00006f17) x30 0x80010670
core   0: 0x8000a674 (0x983f2823) sw      gp, -1648(t5)
core   0: 3 0x8000a674 (0x983f2823) mem 0x80010000 0x00000001
core   0: 0x8000a678 (0x0000bfe5) c.j     pc - 8
core   0: 3 0x8000a678 (0xbfe5)
core   0: 0x8000a670 (0x00006f17) auipc   t5, 0x6
core   0: 3 0x8000a670 (0x00006f17) x30 0x80010670
core   0: 0x8000a674 (0x983f2823) sw      gp, -1648(t5)
core   0: 3 0x8000a674 (0x983f2823) mem 0x80010000 0x00000001
core   0: 0x8000a678 (0x0000bfe5) c.j     pc - 8
core   0: 3 0x8000a678 (0xbfe5)
core   0: 0x8000a670 (0x00006f17) auipc   t5, 0x6
core   0: 3 0x8000a670 (0x00006f17) x30 0x80010670
core   0: 0x8000a674 (0x983f2823) sw      gp, -1648(t5)
core   0: 3 0x8000a674 (0x983f2823) mem 0x80010000 0x00000001
core   0: 0x8000a678 (0x0000bfe5) c.j     pc - 8
core   0: 3 0x8000a678 (0xbfe5)
core   0: 0x8000a670 (0x00006f17) auipc   t5, 0x6
core   0: 3 0x8000a670 (0x00006f17) x30 0x80010670
core   0: 0x8000a674 (0x983f2823) sw      gp, -1648(t5)
core   0: 3 0x8000a674 (0x983f2823) mem 0x80010000 0x00000001
core   0: 0x8000a678 (0x0000bfe5) c.j     pc - 8
core   0: 3 0x8000a678 (0xbfe5)
core   0: 0x8000a670 (0x00006f17) auipc   t5, 0x6
core   0: 3 0x8000a670 (0x00006f17) x30 0x80010670
core   0: 0x8000a674 (0x983f2823) sw      gp, -1648(t5)
core   0: 3 0x8000a674 (0x983f2823) mem 0x80010000 0x00000001
core   0: 0x8000a678 (0x0000bfe5) c.j     pc - 8
core   0: 3 0x8000a678 (0xbfe5)
core   0: 0x8000a670 (0x00006f17) auipc   t5, 0x6
core   0: 3 0x8000a670 (0x00006f17) x30 0x80010670
core   0: 0x8000a674 (0x983f2823) sw      gp, -1648(t5)
core   0: 3 0x8000a674 (0x983f2823) mem 0x80010000 0x00000001
core   0: 0x8000a678 (0x0000bfe5) c.j     pc - 8
core   0: 3 0x8000a678 (0xbfe5)
core   0: 0x8000a670 (0x00006f17) auipc   t5, 0x6
core   0: 3 0x8000a670 (0x00006f17) x30 0x80010670
core   0: 0x8000a674 (0x983f2823) sw      gp, -1648(t5)
core   0: 3 0x8000a674 (0x983f2823) mem 0x80010000 0x00000001
core   0: 0x8000a678 (0x0000bfe5) c.j     pc - 8
core   0: 3 0x8000a678 (0xbfe5)
core   0: 0x8000a670 (0x00006f17) auipc   t5, 0x6
core   0: 3 0x8000a670 (0x00006f17) x30 0x80010670
core   0: 0x8000a674 (0x983f2823) sw      gp, -1648(t5)
core   0: 3 0x8000a674 (0x983f2823) mem 0x80010000 0x00000001
core   0: 0x8000a678 (0x0000bfe5) c.j     pc - 8
core   0: 3 0x8000a678 (0xbfe5)
core   0: 0x8000a670 (0x00006f17) auipc   t5, 0x6
core   0: 3 0x8000a670 (0x00006f17) x30 0x80010670
core   0: 0x8000a674 (0x983f2823) sw      gp, -1648(t5)
core   0: 3 0x8000a674 (0x983f2823) mem 0x80010000 0x00000001
core   0: 0x8000a678 (0x0000bfe5) c.j     pc - 8
core   0: 3 0x8000a678 (0xbfe5)
core   0: 0x8000a670 (0x00006f17) auipc   t5, 0x6
core   0: 3 0x8000a670 (0x00006f17) x30 0x80010670
core   0: 0x8000a674 (0x983f2823) sw      gp, -1648(t5)
core   0: 3 0x8000a674 (0x983f2823) mem 0x80010000 0x00000001
core   0: 0x8000a678 (0x0000bfe5) c.j     pc - 8
core   0: 3 0x8000a678 (0xbfe5)
core   0: 0x8000a670 (0x00006f17) auipc   t5, 0x6
core   0: 3 0x8000a670 (0x00006f17) x30 0x80010670
core   0: 0x8000a674 (0x983f2823) sw      gp, -1648(t5)
core   0: 3 0x8000a674 (0x983f2823) mem 0x80010000 0x00000001
core   0: 0x8000a678 (0x0000bfe5) c.j     pc - 8
core   0: 3 0x8000a678 (0xbfe5)
core   0: 0x8000a670 (0x00006f17) auipc   t5, 0x6
core   0: 3 0x8000a670 (0x00006f17) x30 0x80010670
core   0: 0x8000a674 (0x983f2823) sw      gp, -1648(t5)
core   0: 3 0x8000a674 (0x983f2823) mem 0x80010000 0x00000001
core   0: 0x8000a678 (0x0000bfe5) c.j     pc - 8
core   0: 3 0x8000a678 (0xbfe5)
core   0: 0x8000a670 (0x00006f17) auipc   t5, 0x6
core   0: 3 0x8000a670 (0x00006f17) x30 0x80010670
core   0: 0x8000a674 (0x983f2823) sw      gp, -1648(t5)
core   0: 3 0x8000a674 (0x983f2823) mem 0x80010000 0x00000001
core   0: 0x8000a678 (0x0000bfe5) c.j     pc - 8
core   0: 3 0x8000a678 (0xbfe5)
core   0: 0x8000a670 (0x00006f17) auipc   t5, 0x6
core   0: 3 0x8000a670 (0x00006f17) x30 0x80010670
core   0: 0x8000a674 (0x983f2823) sw      gp, -1648(t5)
core   0: 3 0x8000a674 (0x983f2823) mem 0x80010000 0x00000001
core   0: 0x8000a678 (0x0000bfe5) c.j     pc - 8
core   0: 3 0x8000a678 (0xbfe5)
core   0: 0x8000a670 (0x00006f17) auipc   t5, 0x6
core   0: 3 0x8000a670 (0x00006f17) x30 0x80010670
core   0: 0x8000a674 (0x983f2823) sw      gp, -1648(t5)
core   0: 3 0x8000a674 (0x983f2823) mem 0x80010000 0x00000001
core   0: 0x8000a678 (0x0000bfe5) c.j     pc - 8
core   0: 3 0x8000a678 (0xbfe5)
core   0: 0x8000a670 (0x00006f17) auipc   t5, 0x6
core   0: 3 0x8000a670 (0x00006f17) x30 0x80010670
core   0: 0x8000a674 (0x983f2823) sw      gp, -1648(t5)
core   0: 3 0x8000a674 (0x983f2823) mem 0x80010000 0x00000001
core   0: 0x8000a678 (0x0000bfe5) c.j     pc - 8
core   0: 3 0x8000a678 (0xbfe5)
core   0: 0x8000a670 (0x00006f17) auipc   t5, 0x6
core   0: 3 0x8000a670 (0x00006f17) x30 0x80010670
core   0: 0x8000a674 (0x983f2823) sw      gp, -1648(t5)
core   0: 3 0x8000a674 (0x983f2823) mem 0x80010000 0x00000001
core   0: 0x8000a678 (0x0000bfe5) c.j     pc - 8
core   0: 3 0x8000a678 (0xbfe5)
core   0: 0x8000a670 (0x00006f17) auipc   t5, 0x6
core   0: 3 0x8000a670 (0x00006f17) x30 0x80010670
core   0: 0x8000a674 (0x983f2823) sw      gp, -1648(t5)
core   0: 3 0x8000a674 (0x983f2823) mem 0x80010000 0x00000001
core   0: 0x8000a678 (0x0000bfe5) c.j     pc - 8
core   0: 3 0x8000a678 (0xbfe5)
core   0: 0x8000a670 (0x00006f17) auipc   t5, 0x6
core   0: 3 0x8000a670 (0x00006f17) x30 0x80010670
core   0: 0x8000a674 (0x983f2823) sw      gp, -1648(t5)
core   0: 3 0x8000a674 (0x983f2823) mem 0x80010000 0x00000001
core   0: 0x8000a678 (0x0000bfe5) c.j     pc - 8
core   0: 3 0x8000a678 (0xbfe5)
core   0: 0x8000a670 (0x00006f17) auipc   t5, 0x6
core   0: 3 0x8000a670 (0x00006f17) x30 0x80010670
core   0: 0x8000a674 (0x983f2823) sw      gp, -1648(t5)
core   0: 3 0x8000a674 (0x983f2823) mem 0x80010000 0x00000001
core   0: 0x8000a678 (0x0000bfe5) c.j     pc - 8
core   0: 3 0x8000a678 (0xbfe5)
core   0: 0x8000a670 (0x00006f17) auipc   t5, 0x6
core   0: 3 0x8000a670 (0x00006f17) x30 0x80010670
core   0: 0x8000a674 (0x983f2823) sw      gp, -1648(t5)
core   0: 3 0x8000a674 (0x983f2823) mem 0x80010000 0x00000001
core   0: 0x8000a678 (0x0000bfe5) c.j     pc - 8
core   0: 3 0x8000a678 (0xbfe5)
core   0: 0x8000a670 (0x00006f17) auipc   t5, 0x6
core   0: 3 0x8000a670 (0x00006f17) x30 0x80010670
core   0: 0x8000a674 (0x983f2823) sw      gp, -1648(t5)
core   0: 3 0x8000a674 (0x983f2823) mem 0x80010000 0x00000001
core   0: 0x8000a678 (0x0000bfe5) c.j     pc - 8
core   0: 3 0x8000a678 (0xbfe5)
core   0: 0x8000a670 (0x00006f17) auipc   t5, 0x6
core   0: 3 0x8000a670 (0x00006f17) x30 0x80010670
core   0: 0x8000a674 (0x983f2823) sw      gp, -1648(t5)
core   0: 3 0x8000a674 (0x983f2823) mem 0x80010000 0x00000001
core   0: 0x8000a678 (0x0000bfe5) c.j     pc - 8
core   0: 3 0x8000a678 (0xbfe5)
core   0: 0x8000a670 (0x00006f17) auipc   t5, 0x6
core   0: 3 0x8000a670 (0x00006f17) x30 0x80010670
core   0: 0x8000a674 (0x983f2823) sw      gp, -1648(t5)
core   0: 3 0x8000a674 (0x983f2823) mem 0x80010000 0x00000001
core   0: 0x8000a678 (0x0000bfe5) c.j     pc - 8
core   0: 3 0x8000a678 (0xbfe5)
core   0: 0x8000a670 (0x00006f17) auipc   t5, 0x6
core   0: 3 0x8000a670 (0x00006f17) x30 0x80010670
core   0: 0x8000a674 (0x983f2823) sw      gp, -1648(t5)
core   0: 3 0x8000a674 (0x983f2823) mem 0x80010000 0x00000001
core   0: 0x8000a678 (0x0000bfe5) c.j     pc - 8
core   0: 3 0x8000a678 (0xbfe5)
core   0: 0x8000a670 (0x00006f17) auipc   t5, 0x6
core   0: 3 0x8000a670 (0x00006f17) x30 0x80010670
core   0: 0x8000a674 (0x983f2823) sw      gp, -1648(t5)
core   0: 3 0x8000a674 (0x983f2823) mem 0x80010000 0x00000001
core   0: 0x8000a678 (0x0000bfe5) c.j     pc - 8
core   0: 3 0x8000a678 (0xbfe5)
core   0: 0x8000a670 (0x00006f17) auipc   t5, 0x6
core   0: 3 0x8000a670 (0x00006f17) x30 0x80010670
core   0: 0x8000a674 (0x983f2823) sw      gp, -1648(t5)
core   0: 3 0x8000a674 (0x983f2823) mem 0x80010000 0x00000001
core   0: 0x8000a678 (0x0000bfe5) c.j     pc - 8
core   0: 3 0x8000a678 (0xbfe5)
core   0: 0x8000a670 (0x00006f17) auipc   t5, 0x6
core   0: 3 0x8000a670 (0x00006f17) x30 0x80010670
core   0: 0x8000a674 (0x983f2823) sw      gp, -1648(t5)
core   0: 3 0x8000a674 (0x983f2823) mem 0x80010000 0x00000001
core   0: 0x8000a678 (0x0000bfe5) c.j     pc - 8
core   0: 3 0x8000a678 (0xbfe5)
core   0: 0x8000a670 (0x00006f17) auipc   t5, 0x6
core   0: 3 0x8000a670 (0x00006f17) x30 0x80010670
core   0: 0x8000a674 (0x983f2823) sw      gp, -1648(t5)
core   0: 3 0x8000a674 (0x983f2823) mem 0x80010000 0x00000001
core   0: 0x8000a678 (0x0000bfe5) c.j     pc - 8
core   0: 3 0x8000a678 (0xbfe5)
core   0: 0x8000a670 (0x00006f17) auipc   t5, 0x6
core   0: 3 0x8000a670 (0x00006f17) x30 0x80010670
core   0: 0x8000a674 (0x983f2823) sw      gp, -1648(t5)
core   0: 3 0x8000a674 (0x983f2823) mem 0x80010000 0x00000001
core   0: 0x8000a678 (0x0000bfe5) c.j     pc - 8
core   0: 3 0x8000a678 (0xbfe5)
core   0: 0x8000a670 (0x00006f17) auipc   t5, 0x6
core   0: 3 0x8000a670 (0x00006f17) x30 0x80010670
core   0: 0x8000a674 (0x983f2823) sw      gp, -1648(t5)
core   0: 3 0x8000a674 (0x983f2823) mem 0x80010000 0x00000001
core   0: 0x8000a678 (0x0000bfe5) c.j     pc - 8
core   0: 3 0x8000a678 (0xbfe5)
core   0: 0x8000a670 (0x00006f17) auipc   t5, 0x6
core   0: 3 0x8000a670 (0x00006f17) x30 0x80010670
core   0: 0x8000a674 (0x983f2823) sw      gp, -1648(t5)
core   0: 3 0x8000a674 (0x983f2823) mem 0x80010000 0x00000001
core   0: 0x8000a678 (0x0000bfe5) c.j     pc - 8
core   0: 3 0x8000a678 (0xbfe5)
core   0: 0x8000a670 (0x00006f17) auipc   t5, 0x6
core   0: 3 0x8000a670 (0x00006f17) x30 0x80010670
core   0: 0x8000a674 (0x983f2823) sw      gp, -1648(t5)
core   0: 3 0x8000a674 (0x983f2823) mem 0x80010000 0x00000001
core   0: 0x8000a678 (0x0000bfe5) c.j     pc - 8
core   0: 3 0x8000a678 (0xbfe5)
core   0: 0x8000a670 (0x00006f17) auipc   t5, 0x6
core   0: 3 0x8000a670 (0x00006f17) x30 0x80010670
core   0: 0x8000a674 (0x983f2823) sw      gp, -1648(t5)
core   0: 3 0x8000a674 (0x983f2823) mem 0x80010000 0x00000001
core   0: 0x8000a678 (0x0000bfe5) c.j     pc - 8
core   0: 3 0x8000a678 (0xbfe5)
core   0: 0x8000a670 (0x00006f17) auipc   t5, 0x6
core   0: 3 0x8000a670 (0x00006f17) x30 0x80010670
core   0: 0x8000a674 (0x983f2823) sw      gp, -1648(t5)
core   0: 3 0x8000a674 (0x983f2823) mem 0x80010000 0x00000001
core   0: 0x8000a678 (0x0000bfe5) c.j     pc - 8
core   0: 3 0x8000a678 (0xbfe5)
core   0: 0x8000a670 (0x00006f17) auipc   t5, 0x6
core   0: 3 0x8000a670 (0x00006f17) x30 0x80010670
core   0: 0x8000a674 (0x983f2823) sw      gp, -1648(t5)
core   0: 3 0x8000a674 (0x983f2823) mem 0x80010000 0x00000001
core   0: 0x8000a678 (0x0000bfe5) c.j     pc - 8
core   0: 3 0x8000a678 (0xbfe5)
core   0: 0x8000a670 (0x00006f17) auipc   t5, 0x6
core   0: 3 0x8000a670 (0x00006f17) x30 0x80010670
core   0: 0x8000a674 (0x983f2823) sw      gp, -1648(t5)
core   0: 3 0x8000a674 (0x983f2823) mem 0x80010000 0x00000001
core   0: 0x8000a678 (0x0000bfe5) c.j     pc - 8
core   0: 3 0x8000a678 (0xbfe5)
core   0: 0x8000a670 (0x00006f17) auipc   t5, 0x6
core   0: 3 0x8000a670 (0x00006f17) x30 0x80010670
core   0: 0x8000a674 (0x983f2823) sw      gp, -1648(t5)
core   0: 3 0x8000a674 (0x983f2823) mem 0x80010000 0x00000001
core   0: 0x8000a678 (0x0000bfe5) c.j     pc - 8
core   0: 3 0x8000a678 (0xbfe5)
core   0: 0x8000a670 (0x00006f17) auipc   t5, 0x6
core   0: 3 0x8000a670 (0x00006f17) x30 0x80010670
core   0: 0x8000a674 (0x983f2823) sw      gp, -1648(t5)
core   0: 3 0x8000a674 (0x983f2823) mem 0x80010000 0x00000001
core   0: 0x8000a678 (0x0000bfe5) c.j     pc - 8
core   0: 3 0x8000a678 (0xbfe5)
core   0: 0x8000a670 (0x00006f17) auipc   t5, 0x6
core   0: 3 0x8000a670 (0x00006f17) x30 0x80010670
core   0: 0x8000a674 (0x983f2823) sw      gp, -1648(t5)
core   0: 3 0x8000a674 (0x983f2823) mem 0x80010000 0x00000001
core   0: 0x8000a678 (0x0000bfe5) c.j     pc - 8
core   0: 3 0x8000a678 (0xbfe5)
core   0: 0x8000a670 (0x00006f17) auipc   t5, 0x6
core   0: 3 0x8000a670 (0x00006f17) x30 0x80010670
core   0: 0x8000a674 (0x983f2823) sw      gp, -1648(t5)
core   0: 3 0x8000a674 (0x983f2823) mem 0x80010000 0x00000001
core   0: 0x8000a678 (0x0000bfe5) c.j     pc - 8
core   0: 3 0x8000a678 (0xbfe5)
core   0: 0x8000a670 (0x00006f17) auipc   t5, 0x6
core   0: 3 0x8000a670 (0x00006f17) x30 0x80010670
core   0: 0x8000a674 (0x983f2823) sw      gp, -1648(t5)
core   0: 3 0x8000a674 (0x983f2823) mem 0x80010000 0x00000001
core   0: 0x8000a678 (0x0000bfe5) c.j     pc - 8
core   0: 3 0x8000a678 (0xbfe5)
core   0: 0x8000a670 (0x00006f17) auipc   t5, 0x6
core   0: 3 0x8000a670 (0x00006f17) x30 0x80010670
core   0: 0x8000a674 (0x983f2823) sw      gp, -1648(t5)
core   0: 3 0x8000a674 (0x983f2823) mem 0x80010000 0x00000001
core   0: 0x8000a678 (0x0000bfe5) c.j     pc - 8
core   0: 3 0x8000a678 (0xbfe5)
core   0: 0x8000a670 (0x00006f17) auipc   t5, 0x6
core   0: 3 0x8000a670 (0x00006f17) x30 0x80010670
core   0: 0x8000a674 (0x983f2823) sw      gp, -1648(t5)
core   0: 3 0x8000a674 (0x983f2823) mem 0x80010000 0x00000001
core   0: 0x8000a678 (0x0000bfe5) c.j     pc - 8
core   0: 3 0x8000a678 (0xbfe5)
core   0: 0x8000a670 (0x00006f17) auipc   t5, 0x6
core   0: 3 0x8000a670 (0x00006f17) x30 0x80010670
core   0: 0x8000a674 (0x983f2823) sw      gp, -1648(t5)
core   0: 3 0x8000a674 (0x983f2823) mem 0x80010000 0x00000001
core   0: 0x8000a678 (0x0000bfe5) c.j     pc - 8
core   0: 3 0x8000a678 (0xbfe5)
core   0: 0x8000a670 (0x00006f17) auipc   t5, 0x6
core   0: 3 0x8000a670 (0x00006f17) x30 0x80010670
core   0: 0x8000a674 (0x983f2823) sw      gp, -1648(t5)
core   0: 3 0x8000a674 (0x983f2823) mem 0x80010000 0x00000001
core   0: 0x8000a678 (0x0000bfe5) c.j     pc - 8
core   0: 3 0x8000a678 (0xbfe5)
core   0: 0x8000a670 (0x00006f17) auipc   t5, 0x6
core   0: 3 0x8000a670 (0x00006f17) x30 0x80010670
core   0: 0x8000a674 (0x983f2823) sw      gp, -1648(t5)
core   0: 3 0x8000a674 (0x983f2823) mem 0x80010000 0x00000001
core   0: 0x8000a678 (0x0000bfe5) c.j     pc - 8
core   0: 3 0x8000a678 (0xbfe5)
core   0: 0x8000a670 (0x00006f17) auipc   t5, 0x6
core   0: 3 0x8000a670 (0x00006f17) x30 0x80010670
core   0: 0x8000a674 (0x983f2823) sw      gp, -1648(t5)
core   0: 3 0x8000a674 (0x983f2823) mem 0x80010000 0x00000001
core   0: 0x8000a678 (0x0000bfe5) c.j     pc - 8
core   0: 3 0x8000a678 (0xbfe5)
core   0: 0x8000a670 (0x00006f17) auipc   t5, 0x6
core   0: 3 0x8000a670 (0x00006f17) x30 0x80010670
core   0: 0x8000a674 (0x983f2823) sw      gp, -1648(t5)
core   0: 3 0x8000a674 (0x983f2823) mem 0x80010000 0x00000001
core   0: 0x8000a678 (0x0000bfe5) c.j     pc - 8
core   0: 3 0x8000a678 (0xbfe5)
core   0: 0x8000a670 (0x00006f17) auipc   t5, 0x6
core   0: 3 0x8000a670 (0x00006f17) x30 0x80010670
core   0: 0x8000a674 (0x983f2823) sw      gp, -1648(t5)
core   0: 3 0x8000a674 (0x983f2823) mem 0x80010000 0x00000001
core   0: 0x8000a678 (0x0000bfe5) c.j     pc - 8
core   0: 3 0x8000a678 (0xbfe5)
core   0: 0x8000a670 (0x00006f17) auipc   t5, 0x6
core   0: 3 0x8000a670 (0x00006f17) x30 0x80010670
core   0: 0x8000a674 (0x983f2823) sw      gp, -1648(t5)
core   0: 3 0x8000a674 (0x983f2823) mem 0x80010000 0x00000001
core   0: 0x8000a678 (0x0000bfe5) c.j     pc - 8
core   0: 3 0x8000a678 (0xbfe5)
core   0: 0x8000a670 (0x00006f17) auipc   t5, 0x6
core   0: 3 0x8000a670 (0x00006f17) x30 0x80010670
core   0: 0x8000a674 (0x983f2823) sw      gp, -1648(t5)
core   0: 3 0x8000a674 (0x983f2823) mem 0x80010000 0x00000001
core   0: 0x8000a678 (0x0000bfe5) c.j     pc - 8
core   0: 3 0x8000a678 (0xbfe5)
core   0: 0x8000a670 (0x00006f17) auipc   t5, 0x6
core   0: 3 0x8000a670 (0x00006f17) x30 0x80010670
core   0: 0x8000a674 (0x983f2823) sw      gp, -1648(t5)
core   0: 3 0x8000a674 (0x983f2823) mem 0x80010000 0x00000001
core   0: 0x8000a678 (0x0000bfe5) c.j     pc - 8
core   0: 3 0x8000a678 (0xbfe5)
core   0: 0x8000a670 (0x00006f17) auipc   t5, 0x6
core   0: 3 0x8000a670 (0x00006f17) x30 0x80010670
core   0: 0x8000a674 (0x983f2823) sw      gp, -1648(t5)
core   0: 3 0x8000a674 (0x983f2823) mem 0x80010000 0x00000001
core   0: 0x8000a678 (0x0000bfe5) c.j     pc - 8
core   0: 3 0x8000a678 (0xbfe5)
core   0: 0x8000a670 (0x00006f17) auipc   t5, 0x6
core   0: 3 0x8000a670 (0x00006f17) x30 0x80010670
core   0: 0x8000a674 (0x983f2823) sw      gp, -1648(t5)
core   0: 3 0x8000a674 (0x983f2823) mem 0x80010000 0x00000001
core   0: 0x8000a678 (0x0000bfe5) c.j     pc - 8
core   0: 3 0x8000a678 (0xbfe5)
core   0: 0x8000a670 (0x00006f17) auipc   t5, 0x6
core   0: 3 0x8000a670 (0x00006f17) x30 0x80010670
core   0: 0x8000a674 (0x983f2823) sw      gp, -1648(t5)
core   0: 3 0x8000a674 (0x983f2823) mem 0x80010000 0x00000001
core   0: 0x8000a678 (0x0000bfe5) c.j     pc - 8
core   0: 3 0x8000a678 (0xbfe5)
core   0: 0x8000a670 (0x00006f17) auipc   t5, 0x6
core   0: 3 0x8000a670 (0x00006f17) x30 0x80010670
core   0: 0x8000a674 (0x983f2823) sw      gp, -1648(t5)
core   0: 3 0x8000a674 (0x983f2823) mem 0x80010000 0x00000001
core   0: 0x8000a678 (0x0000bfe5) c.j     pc - 8
core   0: 3 0x8000a678 (0xbfe5)
core   0: 0x8000a670 (0x00006f17) auipc   t5, 0x6
core   0: 3 0x8000a670 (0x00006f17) x30 0x80010670
core   0: 0x8000a674 (0x983f2823) sw      gp, -1648(t5)
core   0: 3 0x8000a674 (0x983f2823) mem 0x80010000 0x00000001
core   0: 0x8000a678 (0x0000bfe5) c.j     pc - 8
core   0: 3 0x8000a678 (0xbfe5)
core   0: 0x8000a670 (0x00006f17) auipc   t5, 0x6
core   0: 3 0x8000a670 (0x00006f17) x30 0x80010670
core   0: 0x8000a674 (0x983f2823) sw      gp, -1648(t5)
core   0: 3 0x8000a674 (0x983f2823) mem 0x80010000 0x00000001
core   0: 0x8000a678 (0x0000bfe5) c.j     pc - 8
core   0: 3 0x8000a678 (0xbfe5)
core   0: 0x8000a670 (0x00006f17) auipc   t5, 0x6
core   0: 3 0x8000a670 (0x00006f17) x30 0x80010670
core   0: 0x8000a674 (0x983f2823) sw      gp, -1648(t5)
core   0: 3 0x8000a674 (0x983f2823) mem 0x80010000 0x00000001
core   0: 0x8000a678 (0x0000bfe5) c.j     pc - 8
core   0: 3 0x8000a678 (0xbfe5)
core   0: 0x8000a670 (0x00006f17) auipc   t5, 0x6
core   0: 3 0x8000a670 (0x00006f17) x30 0x80010670
core   0: 0x8000a674 (0x983f2823) sw      gp, -1648(t5)
core   0: 3 0x8000a674 (0x983f2823) mem 0x80010000 0x00000001
core   0: 0x8000a678 (0x0000bfe5) c.j     pc - 8
core   0: 3 0x8000a678 (0xbfe5)
core   0: 0x8000a670 (0x00006f17) auipc   t5, 0x6
core   0: 3 0x8000a670 (0x00006f17) x30 0x80010670
core   0: 0x8000a674 (0x983f2823) sw      gp, -1648(t5)
core   0: 3 0x8000a674 (0x983f2823) mem 0x80010000 0x00000001
core   0: 0x8000a678 (0x0000bfe5) c.j     pc - 8
core   0: 3 0x8000a678 (0xbfe5)
core   0: 0x8000a670 (0x00006f17) auipc   t5, 0x6
core   0: 3 0x8000a670 (0x00006f17) x30 0x80010670
core   0: 0x8000a674 (0x983f2823) sw      gp, -1648(t5)
core   0: 3 0x8000a674 (0x983f2823) mem 0x80010000 0x00000001
core   0: 0x8000a678 (0x0000bfe5) c.j     pc - 8
core   0: 3 0x8000a678 (0xbfe5)
core   0: 0x8000a670 (0x00006f17) auipc   t5, 0x6
core   0: 3 0x8000a670 (0x00006f17) x30 0x80010670
core   0: 0x8000a674 (0x983f2823) sw      gp, -1648(t5)
core   0: 3 0x8000a674 (0x983f2823) mem 0x80010000 0x00000001
core   0: 0x8000a678 (0x0000bfe5) c.j     pc - 8
core   0: 3 0x8000a678 (0xbfe5)
core   0: 0x8000a670 (0x00006f17) auipc   t5, 0x6
core   0: 3 0x8000a670 (0x00006f17) x30 0x80010670
core   0: 0x8000a674 (0x983f2823) sw      gp, -1648(t5)
core   0: 3 0x8000a674 (0x983f2823) mem 0x80010000 0x00000001
core   0: 0x8000a678 (0x0000bfe5) c.j     pc - 8
core   0: 3 0x8000a678 (0xbfe5)
core   0: 0x8000a670 (0x00006f17) auipc   t5, 0x6
core   0: 3 0x8000a670 (0x00006f17) x30 0x80010670
core   0: 0x8000a674 (0x983f2823) sw      gp, -1648(t5)
core   0: 3 0x8000a674 (0x983f2823) mem 0x80010000 0x00000001
core   0: 0x8000a678 (0x0000bfe5) c.j     pc - 8
core   0: 3 0x8000a678 (0xbfe5)
core   0: 0x8000a670 (0x00006f17) auipc   t5, 0x6
core   0: 3 0x8000a670 (0x00006f17) x30 0x80010670
core   0: 0x8000a674 (0x983f2823) sw      gp, -1648(t5)
core   0: 3 0x8000a674 (0x983f2823) mem 0x80010000 0x00000001
core   0: 0x8000a678 (0x0000bfe5) c.j     pc - 8
core   0: 3 0x8000a678 (0xbfe5)
core   0: 0x8000a670 (0x00006f17) auipc   t5, 0x6
core   0: 3 0x8000a670 (0x00006f17) x30 0x80010670
core   0: 0x8000a674 (0x983f2823) sw      gp, -1648(t5)
core   0: 3 0x8000a674 (0x983f2823) mem 0x80010000 0x00000001
core   0: 0x8000a678 (0x0000bfe5) c.j     pc - 8
core   0: 3 0x8000a678 (0xbfe5)
core   0: 0x8000a670 (0x00006f17) auipc   t5, 0x6
core   0: 3 0x8000a670 (0x00006f17) x30 0x80010670
core   0: 0x8000a674 (0x983f2823) sw      gp, -1648(t5)
core   0: 3 0x8000a674 (0x983f2823) mem 0x80010000 0x00000001
core   0: 0x8000a678 (0x0000bfe5) c.j     pc - 8
core   0: 3 0x8000a678 (0xbfe5)
core   0: 0x8000a670 (0x00006f17) auipc   t5, 0x6
core   0: 3 0x8000a670 (0x00006f17) x30 0x80010670
core   0: 0x8000a674 (0x983f2823) sw      gp, -1648(t5)
core   0: 3 0x8000a674 (0x983f2823) mem 0x80010000 0x00000001
core   0: 0x8000a678 (0x0000bfe5) c.j     pc - 8
core   0: 3 0x8000a678 (0xbfe5)
core   0: 0x8000a670 (0x00006f17) auipc   t5, 0x6
core   0: 3 0x8000a670 (0x00006f17) x30 0x80010670
core   0: 0x8000a674 (0x983f2823) sw      gp, -1648(t5)
core   0: 3 0x8000a674 (0x983f2823) mem 0x80010000 0x00000001
core   0: 0x8000a678 (0x0000bfe5) c.j     pc - 8
core   0: 3 0x8000a678 (0xbfe5)
core   0: 0x8000a670 (0x00006f17) auipc   t5, 0x6
core   0: 3 0x8000a670 (0x00006f17) x30 0x80010670
core   0: 0x8000a674 (0x983f2823) sw      gp, -1648(t5)
core   0: 3 0x8000a674 (0x983f2823) mem 0x80010000 0x00000001
core   0: 0x8000a678 (0x0000bfe5) c.j     pc - 8
core   0: 3 0x8000a678 (0xbfe5)
core   0: 0x8000a670 (0x00006f17) auipc   t5, 0x6
core   0: 3 0x8000a670 (0x00006f17) x30 0x80010670
core   0: 0x8000a674 (0x983f2823) sw      gp, -1648(t5)
core   0: 3 0x8000a674 (0x983f2823) mem 0x80010000 0x00000001
core   0: 0x8000a678 (0x0000bfe5) c.j     pc - 8
core   0: 3 0x8000a678 (0xbfe5)
core   0: 0x8000a670 (0x00006f17) auipc   t5, 0x6
core   0: 3 0x8000a670 (0x00006f17) x30 0x80010670
core   0: 0x8000a674 (0x983f2823) sw      gp, -1648(t5)
core   0: 3 0x8000a674 (0x983f2823) mem 0x80010000 0x00000001
core   0: 0x8000a678 (0x0000bfe5) c.j     pc - 8
core   0: 3 0x8000a678 (0xbfe5)
core   0: 0x8000a670 (0x00006f17) auipc   t5, 0x6
core   0: 3 0x8000a670 (0x00006f17) x30 0x80010670
core   0: 0x8000a674 (0x983f2823) sw      gp, -1648(t5)
core   0: 3 0x8000a674 (0x983f2823) mem 0x80010000 0x00000001
core   0: 0x8000a678 (0x0000bfe5) c.j     pc - 8
core   0: 3 0x8000a678 (0xbfe5)
core   0: 0x8000a670 (0x00006f17) auipc   t5, 0x6
core   0: 3 0x8000a670 (0x00006f17) x30 0x80010670
core   0: 0x8000a674 (0x983f2823) sw      gp, -1648(t5)
core   0: 3 0x8000a674 (0x983f2823) mem 0x80010000 0x00000001
core   0: 0x8000a678 (0x0000bfe5) c.j     pc - 8
core   0: 3 0x8000a678 (0xbfe5)
core   0: 0x8000a670 (0x00006f17) auipc   t5, 0x6
core   0: 3 0x8000a670 (0x00006f17) x30 0x80010670
core   0: 0x8000a674 (0x983f2823) sw      gp, -1648(t5)
core   0: 3 0x8000a674 (0x983f2823) mem 0x80010000 0x00000001
core   0: 0x8000a678 (0x0000bfe5) c.j     pc - 8
core   0: 3 0x8000a678 (0xbfe5)
core   0: 0x8000a670 (0x00006f17) auipc   t5, 0x6
core   0: 3 0x8000a670 (0x00006f17) x30 0x80010670
core   0: 0x8000a674 (0x983f2823) sw      gp, -1648(t5)
core   0: 3 0x8000a674 (0x983f2823) mem 0x80010000 0x00000001
core   0: 0x8000a678 (0x0000bfe5) c.j     pc - 8
core   0: 3 0x8000a678 (0xbfe5)
core   0: 0x8000a670 (0x00006f17) auipc   t5, 0x6
core   0: 3 0x8000a670 (0x00006f17) x30 0x80010670
core   0: 0x8000a674 (0x983f2823) sw      gp, -1648(t5)
core   0: 3 0x8000a674 (0x983f2823) mem 0x80010000 0x00000001
core   0: 0x8000a678 (0x0000bfe5) c.j     pc - 8
core   0: 3 0x8000a678 (0xbfe5)
core   0: 0x8000a670 (0x00006f17) auipc   t5, 0x6
core   0: 3 0x8000a670 (0x00006f17) x30 0x80010670
core   0: 0x8000a674 (0x983f2823) sw      gp, -1648(t5)
core   0: 3 0x8000a674 (0x983f2823) mem 0x80010000 0x00000001
core   0: 0x8000a678 (0x0000bfe5) c.j     pc - 8
core   0: 3 0x8000a678 (0xbfe5)
core   0: 0x8000a670 (0x00006f17) auipc   t5, 0x6
core   0: 3 0x8000a670 (0x00006f17) x30 0x80010670
core   0: 0x8000a674 (0x983f2823) sw      gp, -1648(t5)
core   0: 3 0x8000a674 (0x983f2823) mem 0x80010000 0x00000001
core   0: 0x8000a678 (0x0000bfe5) c.j     pc - 8
core   0: 3 0x8000a678 (0xbfe5)
core   0: 0x8000a670 (0x00006f17) auipc   t5, 0x6
core   0: 3 0x8000a670 (0x00006f17) x30 0x80010670
core   0: 0x8000a674 (0x983f2823) sw      gp, -1648(t5)
core   0: 3 0x8000a674 (0x983f2823) mem 0x80010000 0x00000001
core   0: 0x8000a678 (0x0000bfe5) c.j     pc - 8
core   0: 3 0x8000a678 (0xbfe5)
core   0: 0x8000a670 (0x00006f17) auipc   t5, 0x6
core   0: 3 0x8000a670 (0x00006f17) x30 0x80010670
core   0: 0x8000a674 (0x983f2823) sw      gp, -1648(t5)
core   0: 3 0x8000a674 (0x983f2823) mem 0x80010000 0x00000001
core   0: 0x8000a678 (0x0000bfe5) c.j     pc - 8
core   0: 3 0x8000a678 (0xbfe5)
core   0: 0x8000a670 (0x00006f17) auipc   t5, 0x6
core   0: 3 0x8000a670 (0x00006f17) x30 0x80010670
core   0: 0x8000a674 (0x983f2823) sw      gp, -1648(t5)
core   0: 3 0x8000a674 (0x983f2823) mem 0x80010000 0x00000001
core   0: 0x8000a678 (0x0000bfe5) c.j     pc - 8
core   0: 3 0x8000a678 (0xbfe5)
core   0: 0x8000a670 (0x00006f17) auipc   t5, 0x6
core   0: 3 0x8000a670 (0x00006f17) x30 0x80010670
core   0: 0x8000a674 (0x983f2823) sw      gp, -1648(t5)
core   0: 3 0x8000a674 (0x983f2823) mem 0x80010000 0x00000001
core   0: 0x8000a678 (0x0000bfe5) c.j     pc - 8
core   0: 3 0x8000a678 (0xbfe5)
core   0: 0x8000a670 (0x00006f17) auipc   t5, 0x6
core   0: 3 0x8000a670 (0x00006f17) x30 0x80010670
core   0: 0x8000a674 (0x983f2823) sw      gp, -1648(t5)
core   0: 3 0x8000a674 (0x983f2823) mem 0x80010000 0x00000001
core   0: 0x8000a678 (0x0000bfe5) c.j     pc - 8
core   0: 3 0x8000a678 (0xbfe5)
core   0: 0x8000a670 (0x00006f17) auipc   t5, 0x6
core   0: 3 0x8000a670 (0x00006f17) x30 0x80010670
core   0: 0x8000a674 (0x983f2823) sw      gp, -1648(t5)
core   0: 3 0x8000a674 (0x983f2823) mem 0x80010000 0x00000001
core   0: 0x8000a678 (0x0000bfe5) c.j     pc - 8
core   0: 3 0x8000a678 (0xbfe5)
core   0: 0x8000a670 (0x00006f17) auipc   t5, 0x6
core   0: 3 0x8000a670 (0x00006f17) x30 0x80010670
core   0: 0x8000a674 (0x983f2823) sw      gp, -1648(t5)
core   0: 3 0x8000a674 (0x983f2823) mem 0x80010000 0x00000001
core   0: 0x8000a678 (0x0000bfe5) c.j     pc - 8
core   0: 3 0x8000a678 (0xbfe5)
core   0: 0x8000a670 (0x00006f17) auipc   t5, 0x6
core   0: 3 0x8000a670 (0x00006f17) x30 0x80010670
core   0: 0x8000a674 (0x983f2823) sw      gp, -1648(t5)
core   0: 3 0x8000a674 (0x983f2823) mem 0x80010000 0x00000001
core   0: 0x8000a678 (0x0000bfe5) c.j     pc - 8
core   0: 3 0x8000a678 (0xbfe5)
core   0: 0x8000a670 (0x00006f17) auipc   t5, 0x6
core   0: 3 0x8000a670 (0x00006f17) x30 0x80010670
core   0: 0x8000a674 (0x983f2823) sw      gp, -1648(t5)
core   0: 3 0x8000a674 (0x983f2823) mem 0x80010000 0x00000001
core   0: 0x8000a678 (0x0000bfe5) c.j     pc - 8
core   0: 3 0x8000a678 (0xbfe5)
core   0: 0x8000a670 (0x00006f17) auipc   t5, 0x6
core   0: 3 0x8000a670 (0x00006f17) x30 0x80010670
core   0: 0x8000a674 (0x983f2823) sw      gp, -1648(t5)
core   0: 3 0x8000a674 (0x983f2823) mem 0x80010000 0x00000001
core   0: 0x8000a678 (0x0000bfe5) c.j     pc - 8
core   0: 3 0x8000a678 (0xbfe5)
core   0: 0x8000a670 (0x00006f17) auipc   t5, 0x6
core   0: 3 0x8000a670 (0x00006f17) x30 0x80010670
core   0: 0x8000a674 (0x983f2823) sw      gp, -1648(t5)
core   0: 3 0x8000a674 (0x983f2823) mem 0x80010000 0x00000001
core   0: 0x8000a678 (0x0000bfe5) c.j     pc - 8
core   0: 3 0x8000a678 (0xbfe5)
core   0: 0x8000a670 (0x00006f17) auipc   t5, 0x6
core   0: 3 0x8000a670 (0x00006f17) x30 0x80010670
core   0: 0x8000a674 (0x983f2823) sw      gp, -1648(t5)
core   0: 3 0x8000a674 (0x983f2823) mem 0x80010000 0x00000001
core   0: 0x8000a678 (0x0000bfe5) c.j     pc - 8
core   0: 3 0x8000a678 (0xbfe5)
core   0: 0x8000a670 (0x00006f17) auipc   t5, 0x6
core   0: 3 0x8000a670 (0x00006f17) x30 0x80010670
core   0: 0x8000a674 (0x983f2823) sw      gp, -1648(t5)
core   0: 3 0x8000a674 (0x983f2823) mem 0x80010000 0x00000001
core   0: 0x8000a678 (0x0000bfe5) c.j     pc - 8
core   0: 3 0x8000a678 (0xbfe5)
core   0: 0x8000a670 (0x00006f17) auipc   t5, 0x6
core   0: 3 0x8000a670 (0x00006f17) x30 0x80010670
core   0: 0x8000a674 (0x983f2823) sw      gp, -1648(t5)
core   0: 3 0x8000a674 (0x983f2823) mem 0x80010000 0x00000001
core   0: 0x8000a678 (0x0000bfe5) c.j     pc - 8
core   0: 3 0x8000a678 (0xbfe5)
core   0: 0x8000a670 (0x00006f17) auipc   t5, 0x6
core   0: 3 0x8000a670 (0x00006f17) x30 0x80010670
core   0: 0x8000a674 (0x983f2823) sw      gp, -1648(t5)
core   0: 3 0x8000a674 (0x983f2823) mem 0x80010000 0x00000001
core   0: 0x8000a678 (0x0000bfe5) c.j     pc - 8
core   0: 3 0x8000a678 (0xbfe5)
core   0: 0x8000a670 (0x00006f17) auipc   t5, 0x6
core   0: 3 0x8000a670 (0x00006f17) x30 0x80010670
core   0: 0x8000a674 (0x983f2823) sw      gp, -1648(t5)
core   0: 3 0x8000a674 (0x983f2823) mem 0x80010000 0x00000001
core   0: 0x8000a678 (0x0000bfe5) c.j     pc - 8
core   0: 3 0x8000a678 (0xbfe5)
core   0: 0x8000a670 (0x00006f17) auipc   t5, 0x6
core   0: 3 0x8000a670 (0x00006f17) x30 0x80010670
core   0: 0x8000a674 (0x983f2823) sw      gp, -1648(t5)
core   0: 3 0x8000a674 (0x983f2823) mem 0x80010000 0x00000001
core   0: 0x8000a678 (0x0000bfe5) c.j     pc - 8
core   0: 3 0x8000a678 (0xbfe5)
core   0: 0x8000a670 (0x00006f17) auipc   t5, 0x6
core   0: 3 0x8000a670 (0x00006f17) x30 0x80010670
core   0: 0x8000a674 (0x983f2823) sw      gp, -1648(t5)
core   0: 3 0x8000a674 (0x983f2823) mem 0x80010000 0x00000001
core   0: 0x8000a678 (0x0000bfe5) c.j     pc - 8
core   0: 3 0x8000a678 (0xbfe5)
core   0: 0x8000a670 (0x00006f17) auipc   t5, 0x6
core   0: 3 0x8000a670 (0x00006f17) x30 0x80010670
core   0: 0x8000a674 (0x983f2823) sw      gp, -1648(t5)
core   0: 3 0x8000a674 (0x983f2823) mem 0x80010000 0x00000001
core   0: 0x8000a678 (0x0000bfe5) c.j     pc - 8
core   0: 3 0x8000a678 (0xbfe5)
core   0: 0x8000a670 (0x00006f17) auipc   t5, 0x6
core   0: 3 0x8000a670 (0x00006f17) x30 0x80010670
core   0: 0x8000a674 (0x983f2823) sw      gp, -1648(t5)
core   0: 3 0x8000a674 (0x983f2823) mem 0x80010000 0x00000001
core   0: 0x8000a678 (0x0000bfe5) c.j     pc - 8
core   0: 3 0x8000a678 (0xbfe5)
core   0: 0x8000a670 (0x00006f17) auipc   t5, 0x6
core   0: 3 0x8000a670 (0x00006f17) x30 0x80010670
core   0: 0x8000a674 (0x983f2823) sw      gp, -1648(t5)
core   0: 3 0x8000a674 (0x983f2823) mem 0x80010000 0x00000001
core   0: 0x8000a678 (0x0000bfe5) c.j     pc - 8
core   0: 3 0x8000a678 (0xbfe5)
core   0: 0x8000a670 (0x00006f17) auipc   t5, 0x6
core   0: 3 0x8000a670 (0x00006f17) x30 0x80010670
core   0: 0x8000a674 (0x983f2823) sw      gp, -1648(t5)
core   0: 3 0x8000a674 (0x983f2823) mem 0x80010000 0x00000001
core   0: 0x8000a678 (0x0000bfe5) c.j     pc - 8
core   0: 3 0x8000a678 (0xbfe5)
core   0: 0x8000a670 (0x00006f17) auipc   t5, 0x6
core   0: 3 0x8000a670 (0x00006f17) x30 0x80010670
core   0: 0x8000a674 (0x983f2823) sw      gp, -1648(t5)
core   0: 3 0x8000a674 (0x983f2823) mem 0x80010000 0x00000001
core   0: 0x8000a678 (0x0000bfe5) c.j     pc - 8
core   0: 3 0x8000a678 (0xbfe5)
core   0: 0x8000a670 (0x00006f17) auipc   t5, 0x6
core   0: 3 0x8000a670 (0x00006f17) x30 0x80010670
core   0: 0x8000a674 (0x983f2823) sw      gp, -1648(t5)
core   0: 3 0x8000a674 (0x983f2823) mem 0x80010000 0x00000001
core   0: 0x8000a678 (0x0000bfe5) c.j     pc - 8
core   0: 3 0x8000a678 (0xbfe5)
core   0: 0x8000a670 (0x00006f17) auipc   t5, 0x6
core   0: 3 0x8000a670 (0x00006f17) x30 0x80010670
core   0: 0x8000a674 (0x983f2823) sw      gp, -1648(t5)
core   0: 3 0x8000a674 (0x983f2823) mem 0x80010000 0x00000001
core   0: 0x8000a678 (0x0000bfe5) c.j     pc - 8
core   0: 3 0x8000a678 (0xbfe5)
core   0: 0x8000a670 (0x00006f17) auipc   t5, 0x6
core   0: 3 0x8000a670 (0x00006f17) x30 0x80010670
core   0: 0x8000a674 (0x983f2823) sw      gp, -1648(t5)
core   0: 3 0x8000a674 (0x983f2823) mem 0x80010000 0x00000001
core   0: 0x8000a678 (0x0000bfe5) c.j     pc - 8
core   0: 3 0x8000a678 (0xbfe5)
core   0: 0x8000a670 (0x00006f17) auipc   t5, 0x6
core   0: 3 0x8000a670 (0x00006f17) x30 0x80010670
core   0: 0x8000a674 (0x983f2823) sw      gp, -1648(t5)
core   0: 3 0x8000a674 (0x983f2823) mem 0x80010000 0x00000001
core   0: 0x8000a678 (0x0000bfe5) c.j     pc - 8
core   0: 3 0x8000a678 (0xbfe5)
core   0: 0x8000a670 (0x00006f17) auipc   t5, 0x6
core   0: 3 0x8000a670 (0x00006f17) x30 0x80010670
core   0: 0x8000a674 (0x983f2823) sw      gp, -1648(t5)
core   0: 3 0x8000a674 (0x983f2823) mem 0x80010000 0x00000001
core   0: 0x8000a678 (0x0000bfe5) c.j     pc - 8
core   0: 3 0x8000a678 (0xbfe5)
core   0: 0x8000a670 (0x00006f17) auipc   t5, 0x6
core   0: 3 0x8000a670 (0x00006f17) x30 0x80010670
core   0: 0x8000a674 (0x983f2823) sw      gp, -1648(t5)
core   0: 3 0x8000a674 (0x983f2823) mem 0x80010000 0x00000001
core   0: 0x8000a678 (0x0000bfe5) c.j     pc - 8
core   0: 3 0x8000a678 (0xbfe5)
core   0: 0x8000a670 (0x00006f17) auipc   t5, 0x6
core   0: 3 0x8000a670 (0x00006f17) x30 0x80010670
core   0: 0x8000a674 (0x983f2823) sw      gp, -1648(t5)
core   0: 3 0x8000a674 (0x983f2823) mem 0x80010000 0x00000001
core   0: 0x8000a678 (0x0000bfe5) c.j     pc - 8
core   0: 3 0x8000a678 (0xbfe5)
core   0: 0x8000a670 (0x00006f17) auipc   t5, 0x6
core   0: 3 0x8000a670 (0x00006f17) x30 0x80010670
core   0: 0x8000a674 (0x983f2823) sw      gp, -1648(t5)
core   0: 3 0x8000a674 (0x983f2823) mem 0x80010000 0x00000001
core   0: 0x8000a678 (0x0000bfe5) c.j     pc - 8
core   0: 3 0x8000a678 (0xbfe5)
core   0: 0x8000a670 (0x00006f17) auipc   t5, 0x6
core   0: 3 0x8000a670 (0x00006f17) x30 0x80010670
core   0: 0x8000a674 (0x983f2823) sw      gp, -1648(t5)
core   0: 3 0x8000a674 (0x983f2823) mem 0x80010000 0x00000001
core   0: 0x8000a678 (0x0000bfe5) c.j     pc - 8
core   0: 3 0x8000a678 (0xbfe5)
core   0: 0x8000a670 (0x00006f17) auipc   t5, 0x6
core   0: 3 0x8000a670 (0x00006f17) x30 0x80010670
core   0: 0x8000a674 (0x983f2823) sw      gp, -1648(t5)
core   0: 3 0x8000a674 (0x983f2823) mem 0x80010000 0x00000001
core   0: 0x8000a678 (0x0000bfe5) c.j     pc - 8
core   0: 3 0x8000a678 (0xbfe5)
core   0: 0x8000a670 (0x00006f17) auipc   t5, 0x6
core   0: 3 0x8000a670 (0x00006f17) x30 0x80010670
core   0: 0x8000a674 (0x983f2823) sw      gp, -1648(t5)
core   0: 3 0x8000a674 (0x983f2823) mem 0x80010000 0x00000001
core   0: 0x8000a678 (0x0000bfe5) c.j     pc - 8
core   0: 3 0x8000a678 (0xbfe5)
core   0: 0x8000a670 (0x00006f17) auipc   t5, 0x6
core   0: 3 0x8000a670 (0x00006f17) x30 0x80010670
core   0: 0x8000a674 (0x983f2823) sw      gp, -1648(t5)
core   0: 3 0x8000a674 (0x983f2823) mem 0x80010000 0x00000001
core   0: 0x8000a678 (0x0000bfe5) c.j     pc - 8
core   0: 3 0x8000a678 (0xbfe5)
core   0: 0x8000a670 (0x00006f17) auipc   t5, 0x6
core   0: 3 0x8000a670 (0x00006f17) x30 0x80010670
core   0: 0x8000a674 (0x983f2823) sw      gp, -1648(t5)
core   0: 3 0x8000a674 (0x983f2823) mem 0x80010000 0x00000001
core   0: 0x8000a678 (0x0000bfe5) c.j     pc - 8
core   0: 3 0x8000a678 (0xbfe5)
core   0: 0x8000a670 (0x00006f17) auipc   t5, 0x6
core   0: 3 0x8000a670 (0x00006f17) x30 0x80010670
core   0: 0x8000a674 (0x983f2823) sw      gp, -1648(t5)
core   0: 3 0x8000a674 (0x983f2823) mem 0x80010000 0x00000001
core   0: 0x8000a678 (0x0000bfe5) c.j     pc - 8
core   0: 3 0x8000a678 (0xbfe5)
core   0: 0x8000a670 (0x00006f17) auipc   t5, 0x6
core   0: 3 0x8000a670 (0x00006f17) x30 0x80010670
core   0: 0x8000a674 (0x983f2823) sw      gp, -1648(t5)
core   0: 3 0x8000a674 (0x983f2823) mem 0x80010000 0x00000001
core   0: 0x8000a678 (0x0000bfe5) c.j     pc - 8
core   0: 3 0x8000a678 (0xbfe5)
core   0: 0x8000a670 (0x00006f17) auipc   t5, 0x6
core   0: 3 0x8000a670 (0x00006f17) x30 0x80010670
core   0: 0x8000a674 (0x983f2823) sw      gp, -1648(t5)
core   0: 3 0x8000a674 (0x983f2823) mem 0x80010000 0x00000001
core   0: 0x8000a678 (0x0000bfe5) c.j     pc - 8
core   0: 3 0x8000a678 (0xbfe5)
core   0: 0x8000a670 (0x00006f17) auipc   t5, 0x6
core   0: 3 0x8000a670 (0x00006f17) x30 0x80010670
core   0: 0x8000a674 (0x983f2823) sw      gp, -1648(t5)
core   0: 3 0x8000a674 (0x983f2823) mem 0x80010000 0x00000001
core   0: 0x8000a678 (0x0000bfe5) c.j     pc - 8
core   0: 3 0x8000a678 (0xbfe5)
core   0: 0x8000a670 (0x00006f17) auipc   t5, 0x6
core   0: 3 0x8000a670 (0x00006f17) x30 0x80010670
core   0: 0x8000a674 (0x983f2823) sw      gp, -1648(t5)
core   0: 3 0x8000a674 (0x983f2823) mem 0x80010000 0x00000001
core   0: 0x8000a678 (0x0000bfe5) c.j     pc - 8
core   0: 3 0x8000a678 (0xbfe5)
core   0: 0x8000a670 (0x00006f17) auipc   t5, 0x6
core   0: 3 0x8000a670 (0x00006f17) x30 0x80010670
core   0: 0x8000a674 (0x983f2823) sw      gp, -1648(t5)
core   0: 3 0x8000a674 (0x983f2823) mem 0x80010000 0x00000001
core   0: 0x8000a678 (0x0000bfe5) c.j     pc - 8
core   0: 3 0x8000a678 (0xbfe5)
core   0: 0x8000a670 (0x00006f17) auipc   t5, 0x6
core   0: 3 0x8000a670 (0x00006f17) x30 0x80010670
core   0: 0x8000a674 (0x983f2823) sw      gp, -1648(t5)
core   0: 3 0x8000a674 (0x983f2823) mem 0x80010000 0x00000001
core   0: 0x8000a678 (0x0000bfe5) c.j     pc - 8
core   0: 3 0x8000a678 (0xbfe5)
core   0: 0x8000a670 (0x00006f17) auipc   t5, 0x6
core   0: 3 0x8000a670 (0x00006f17) x30 0x80010670
core   0: 0x8000a674 (0x983f2823) sw      gp, -1648(t5)
core   0: 3 0x8000a674 (0x983f2823) mem 0x80010000 0x00000001
core   0: 0x8000a678 (0x0000bfe5) c.j     pc - 8
core   0: 3 0x8000a678 (0xbfe5)
core   0: 0x8000a670 (0x00006f17) auipc   t5, 0x6
core   0: 3 0x8000a670 (0x00006f17) x30 0x80010670
core   0: 0x8000a674 (0x983f2823) sw      gp, -1648(t5)
core   0: 3 0x8000a674 (0x983f2823) mem 0x80010000 0x00000001
core   0: 0x8000a678 (0x0000bfe5) c.j     pc - 8
core   0: 3 0x8000a678 (0xbfe5)
core   0: 0x8000a670 (0x00006f17) auipc   t5, 0x6
core   0: 3 0x8000a670 (0x00006f17) x30 0x80010670
core   0: 0x8000a674 (0x983f2823) sw      gp, -1648(t5)
core   0: 3 0x8000a674 (0x983f2823) mem 0x80010000 0x00000001
core   0: 0x8000a678 (0x0000bfe5) c.j     pc - 8
core   0: 3 0x8000a678 (0xbfe5)
core   0: 0x8000a670 (0x00006f17) auipc   t5, 0x6
core   0: 3 0x8000a670 (0x00006f17) x30 0x80010670
core   0: 0x8000a674 (0x983f2823) sw      gp, -1648(t5)
core   0: 3 0x8000a674 (0x983f2823) mem 0x80010000 0x00000001
core   0: 0x8000a678 (0x0000bfe5) c.j     pc - 8
core   0: 3 0x8000a678 (0xbfe5)
core   0: 0x8000a670 (0x00006f17) auipc   t5, 0x6
core   0: 3 0x8000a670 (0x00006f17) x30 0x80010670
core   0: 0x8000a674 (0x983f2823) sw      gp, -1648(t5)
core   0: 3 0x8000a674 (0x983f2823) mem 0x80010000 0x00000001
core   0: 0x8000a678 (0x0000bfe5) c.j     pc - 8
core   0: 3 0x8000a678 (0xbfe5)
core   0: 0x8000a670 (0x00006f17) auipc   t5, 0x6
core   0: 3 0x8000a670 (0x00006f17) x30 0x80010670
core   0: 0x8000a674 (0x983f2823) sw      gp, -1648(t5)
core   0: 3 0x8000a674 (0x983f2823) mem 0x80010000 0x00000001
core   0: 0x8000a678 (0x0000bfe5) c.j     pc - 8
core   0: 3 0x8000a678 (0xbfe5)
core   0: 0x8000a670 (0x00006f17) auipc   t5, 0x6
core   0: 3 0x8000a670 (0x00006f17) x30 0x80010670
core   0: 0x8000a674 (0x983f2823) sw      gp, -1648(t5)
core   0: 3 0x8000a674 (0x983f2823) mem 0x80010000 0x00000001
core   0: 0x8000a678 (0x0000bfe5) c.j     pc - 8
core   0: 3 0x8000a678 (0xbfe5)
core   0: 0x8000a670 (0x00006f17) auipc   t5, 0x6
core   0: 3 0x8000a670 (0x00006f17) x30 0x80010670
core   0: 0x8000a674 (0x983f2823) sw      gp, -1648(t5)
core   0: 3 0x8000a674 (0x983f2823) mem 0x80010000 0x00000001
core   0: 0x8000a678 (0x0000bfe5) c.j     pc - 8
core   0: 3 0x8000a678 (0xbfe5)
core   0: 0x8000a670 (0x00006f17) auipc   t5, 0x6
core   0: 3 0x8000a670 (0x00006f17) x30 0x80010670
core   0: 0x8000a674 (0x983f2823) sw      gp, -1648(t5)
core   0: 3 0x8000a674 (0x983f2823) mem 0x80010000 0x00000001
core   0: 0x8000a678 (0x0000bfe5) c.j     pc - 8
core   0: 3 0x8000a678 (0xbfe5)
core   0: 0x8000a670 (0x00006f17) auipc   t5, 0x6
core   0: 3 0x8000a670 (0x00006f17) x30 0x80010670
core   0: 0x8000a674 (0x983f2823) sw      gp, -1648(t5)
core   0: 3 0x8000a674 (0x983f2823) mem 0x80010000 0x00000001
core   0: 0x8000a678 (0x0000bfe5) c.j     pc - 8
core   0: 3 0x8000a678 (0xbfe5)
core   0: 0x8000a670 (0x00006f17) auipc   t5, 0x6
core   0: 3 0x8000a670 (0x00006f17) x30 0x80010670
core   0: 0x8000a674 (0x983f2823) sw      gp, -1648(t5)
core   0: 3 0x8000a674 (0x983f2823) mem 0x80010000 0x00000001
core   0: 0x8000a678 (0x0000bfe5) c.j     pc - 8
core   0: 3 0x8000a678 (0xbfe5)
core   0: 0x8000a670 (0x00006f17) auipc   t5, 0x6
core   0: 3 0x8000a670 (0x00006f17) x30 0x80010670
core   0: 0x8000a674 (0x983f2823) sw      gp, -1648(t5)
core   0: 3 0x8000a674 (0x983f2823) mem 0x80010000 0x00000001
core   0: 0x8000a678 (0x0000bfe5) c.j     pc - 8
core   0: 3 0x8000a678 (0xbfe5)
core   0: 0x8000a670 (0x00006f17) auipc   t5, 0x6
core   0: 3 0x8000a670 (0x00006f17) x30 0x80010670
core   0: 0x8000a674 (0x983f2823) sw      gp, -1648(t5)
core   0: 3 0x8000a674 (0x983f2823) mem 0x80010000 0x00000001
core   0: 0x8000a678 (0x0000bfe5) c.j     pc - 8
core   0: 3 0x8000a678 (0xbfe5)
core   0: 0x8000a670 (0x00006f17) auipc   t5, 0x6
core   0: 3 0x8000a670 (0x00006f17) x30 0x80010670
core   0: 0x8000a674 (0x983f2823) sw      gp, -1648(t5)
core   0: 3 0x8000a674 (0x983f2823) mem 0x80010000 0x00000001
core   0: 0x8000a678 (0x0000bfe5) c.j     pc - 8
core   0: 3 0x8000a678 (0xbfe5)
core   0: 0x8000a670 (0x00006f17) auipc   t5, 0x6
core   0: 3 0x8000a670 (0x00006f17) x30 0x80010670
core   0: 0x8000a674 (0x983f2823) sw      gp, -1648(t5)
core   0: 3 0x8000a674 (0x983f2823) mem 0x80010000 0x00000001
core   0: 0x8000a678 (0x0000bfe5) c.j     pc - 8
core   0: 3 0x8000a678 (0xbfe5)
core   0: 0x8000a670 (0x00006f17) auipc   t5, 0x6
core   0: 3 0x8000a670 (0x00006f17) x30 0x80010670
core   0: 0x8000a674 (0x983f2823) sw      gp, -1648(t5)
core   0: 3 0x8000a674 (0x983f2823) mem 0x80010000 0x00000001
core   0: 0x8000a678 (0x0000bfe5) c.j     pc - 8
core   0: 3 0x8000a678 (0xbfe5)
core   0: 0x8000a670 (0x00006f17) auipc   t5, 0x6
core   0: 3 0x8000a670 (0x00006f17) x30 0x80010670
core   0: 0x8000a674 (0x983f2823) sw      gp, -1648(t5)
core   0: 3 0x8000a674 (0x983f2823) mem 0x80010000 0x00000001
core   0: 0x8000a678 (0x0000bfe5) c.j     pc - 8
core   0: 3 0x8000a678 (0xbfe5)
core   0: 0x8000a670 (0x00006f17) auipc   t5, 0x6
core   0: 3 0x8000a670 (0x00006f17) x30 0x80010670
core   0: 0x8000a674 (0x983f2823) sw      gp, -1648(t5)
core   0: 3 0x8000a674 (0x983f2823) mem 0x80010000 0x00000001
core   0: 0x8000a678 (0x0000bfe5) c.j     pc - 8
core   0: 3 0x8000a678 (0xbfe5)
core   0: 0x8000a670 (0x00006f17) auipc   t5, 0x6
core   0: 3 0x8000a670 (0x00006f17) x30 0x80010670
core   0: 0x8000a674 (0x983f2823) sw      gp, -1648(t5)
core   0: 3 0x8000a674 (0x983f2823) mem 0x80010000 0x00000001
core   0: 0x8000a678 (0x0000bfe5) c.j     pc - 8
core   0: 3 0x8000a678 (0xbfe5)
core   0: 0x8000a670 (0x00006f17) auipc   t5, 0x6
core   0: 3 0x8000a670 (0x00006f17) x30 0x80010670
core   0: 0x8000a674 (0x983f2823) sw      gp, -1648(t5)
core   0: 3 0x8000a674 (0x983f2823) mem 0x80010000 0x00000001
core   0: 0x8000a678 (0x0000bfe5) c.j     pc - 8
core   0: 3 0x8000a678 (0xbfe5)
core   0: 0x8000a670 (0x00006f17) auipc   t5, 0x6
core   0: 3 0x8000a670 (0x00006f17) x30 0x80010670
core   0: 0x8000a674 (0x983f2823) sw      gp, -1648(t5)
core   0: 3 0x8000a674 (0x983f2823) mem 0x80010000 0x00000001
core   0: 0x8000a678 (0x0000bfe5) c.j     pc - 8
core   0: 3 0x8000a678 (0xbfe5)
core   0: 0x8000a670 (0x00006f17) auipc   t5, 0x6
core   0: 3 0x8000a670 (0x00006f17) x30 0x80010670
core   0: 0x8000a674 (0x983f2823) sw      gp, -1648(t5)
core   0: 3 0x8000a674 (0x983f2823) mem 0x80010000 0x00000001
core   0: 0x8000a678 (0x0000bfe5) c.j     pc - 8
core   0: 3 0x8000a678 (0xbfe5)
core   0: 0x8000a670 (0x00006f17) auipc   t5, 0x6
core   0: 3 0x8000a670 (0x00006f17) x30 0x80010670
core   0: 0x8000a674 (0x983f2823) sw      gp, -1648(t5)
core   0: 3 0x8000a674 (0x983f2823) mem 0x80010000 0x00000001
core   0: 0x8000a678 (0x0000bfe5) c.j     pc - 8
core   0: 3 0x8000a678 (0xbfe5)
core   0: 0x8000a670 (0x00006f17) auipc   t5, 0x6
core   0: 3 0x8000a670 (0x00006f17) x30 0x80010670
core   0: 0x8000a674 (0x983f2823) sw      gp, -1648(t5)
core   0: 3 0x8000a674 (0x983f2823) mem 0x80010000 0x00000001
core   0: 0x8000a678 (0x0000bfe5) c.j     pc - 8
core   0: 3 0x8000a678 (0xbfe5)
core   0: 0x8000a670 (0x00006f17) auipc   t5, 0x6
core   0: 3 0x8000a670 (0x00006f17) x30 0x80010670
core   0: 0x8000a674 (0x983f2823) sw      gp, -1648(t5)
core   0: 3 0x8000a674 (0x983f2823) mem 0x80010000 0x00000001
core   0: 0x8000a678 (0x0000bfe5) c.j     pc - 8
core   0: 3 0x8000a678 (0xbfe5)
core   0: 0x8000a670 (0x00006f17) auipc   t5, 0x6
core   0: 3 0x8000a670 (0x00006f17) x30 0x80010670
core   0: 0x8000a674 (0x983f2823) sw      gp, -1648(t5)
core   0: 3 0x8000a674 (0x983f2823) mem 0x80010000 0x00000001
core   0: 0x8000a678 (0x0000bfe5) c.j     pc - 8
core   0: 3 0x8000a678 (0xbfe5)
core   0: 0x8000a670 (0x00006f17) auipc   t5, 0x6
core   0: 3 0x8000a670 (0x00006f17) x30 0x80010670
core   0: 0x8000a674 (0x983f2823) sw      gp, -1648(t5)
core   0: 3 0x8000a674 (0x983f2823) mem 0x80010000 0x00000001
core   0: 0x8000a678 (0x0000bfe5) c.j     pc - 8
core   0: 3 0x8000a678 (0xbfe5)
core   0: 0x8000a670 (0x00006f17) auipc   t5, 0x6
core   0: 3 0x8000a670 (0x00006f17) x30 0x80010670
core   0: 0x8000a674 (0x983f2823) sw      gp, -1648(t5)
core   0: 3 0x8000a674 (0x983f2823) mem 0x80010000 0x00000001
core   0: 0x8000a678 (0x0000bfe5) c.j     pc - 8
core   0: 3 0x8000a678 (0xbfe5)
core   0: 0x8000a670 (0x00006f17) auipc   t5, 0x6
core   0: 3 0x8000a670 (0x00006f17) x30 0x80010670
core   0: 0x8000a674 (0x983f2823) sw      gp, -1648(t5)
core   0: 3 0x8000a674 (0x983f2823) mem 0x80010000 0x00000001
core   0: 0x8000a678 (0x0000bfe5) c.j     pc - 8
core   0: 3 0x8000a678 (0xbfe5)
core   0: 0x8000a670 (0x00006f17) auipc   t5, 0x6
core   0: 3 0x8000a670 (0x00006f17) x30 0x80010670
core   0: 0x8000a674 (0x983f2823) sw      gp, -1648(t5)
core   0: 3 0x8000a674 (0x983f2823) mem 0x80010000 0x00000001
core   0: 0x8000a678 (0x0000bfe5) c.j     pc - 8
core   0: 3 0x8000a678 (0xbfe5)
core   0: 0x8000a670 (0x00006f17) auipc   t5, 0x6
core   0: 3 0x8000a670 (0x00006f17) x30 0x80010670
core   0: 0x8000a674 (0x983f2823) sw      gp, -1648(t5)
core   0: 3 0x8000a674 (0x983f2823) mem 0x80010000 0x00000001
core   0: 0x8000a678 (0x0000bfe5) c.j     pc - 8
core   0: 3 0x8000a678 (0xbfe5)
core   0: 0x8000a670 (0x00006f17) auipc   t5, 0x6
core   0: 3 0x8000a670 (0x00006f17) x30 0x80010670
core   0: 0x8000a674 (0x983f2823) sw      gp, -1648(t5)
core   0: 3 0x8000a674 (0x983f2823) mem 0x80010000 0x00000001
core   0: 0x8000a678 (0x0000bfe5) c.j     pc - 8
core   0: 3 0x8000a678 (0xbfe5)
core   0: 0x8000a670 (0x00006f17) auipc   t5, 0x6
core   0: 3 0x8000a670 (0x00006f17) x30 0x80010670
core   0: 0x8000a674 (0x983f2823) sw      gp, -1648(t5)
core   0: 3 0x8000a674 (0x983f2823) mem 0x80010000 0x00000001
core   0: 0x8000a678 (0x0000bfe5) c.j     pc - 8
core   0: 3 0x8000a678 (0xbfe5)
core   0: 0x8000a670 (0x00006f17) auipc   t5, 0x6
core   0: 3 0x8000a670 (0x00006f17) x30 0x80010670
core   0: 0x8000a674 (0x983f2823) sw      gp, -1648(t5)
core   0: 3 0x8000a674 (0x983f2823) mem 0x80010000 0x00000001
core   0: 0x8000a678 (0x0000bfe5) c.j     pc - 8
core   0: 3 0x8000a678 (0xbfe5)
core   0: 0x8000a670 (0x00006f17) auipc   t5, 0x6
core   0: 3 0x8000a670 (0x00006f17) x30 0x80010670
core   0: 0x8000a674 (0x983f2823) sw      gp, -1648(t5)
core   0: 3 0x8000a674 (0x983f2823) mem 0x80010000 0x00000001
core   0: 0x8000a678 (0x0000bfe5) c.j     pc - 8
core   0: 3 0x8000a678 (0xbfe5)
core   0: 0x8000a670 (0x00006f17) auipc   t5, 0x6
core   0: 3 0x8000a670 (0x00006f17) x30 0x80010670
core   0: 0x8000a674 (0x983f2823) sw      gp, -1648(t5)
core   0: 3 0x8000a674 (0x983f2823) mem 0x80010000 0x00000001
core   0: 0x8000a678 (0x0000bfe5) c.j     pc - 8
core   0: 3 0x8000a678 (0xbfe5)
core   0: 0x8000a670 (0x00006f17) auipc   t5, 0x6
core   0: 3 0x8000a670 (0x00006f17) x30 0x80010670
core   0: 0x8000a674 (0x983f2823) sw      gp, -1648(t5)
core   0: 3 0x8000a674 (0x983f2823) mem 0x80010000 0x00000001
core   0: 0x8000a678 (0x0000bfe5) c.j     pc - 8
core   0: 3 0x8000a678 (0xbfe5)
core   0: 0x8000a670 (0x00006f17) auipc   t5, 0x6
core   0: 3 0x8000a670 (0x00006f17) x30 0x80010670
core   0: 0x8000a674 (0x983f2823) sw      gp, -1648(t5)
core   0: 3 0x8000a674 (0x983f2823) mem 0x80010000 0x00000001
core   0: 0x8000a678 (0x0000bfe5) c.j     pc - 8
core   0: 3 0x8000a678 (0xbfe5)
core   0: 0x8000a670 (0x00006f17) auipc   t5, 0x6
core   0: 3 0x8000a670 (0x00006f17) x30 0x80010670
core   0: 0x8000a674 (0x983f2823) sw      gp, -1648(t5)
core   0: 3 0x8000a674 (0x983f2823) mem 0x80010000 0x00000001
core   0: 0x8000a678 (0x0000bfe5) c.j     pc - 8
core   0: 3 0x8000a678 (0xbfe5)
core   0: 0x8000a670 (0x00006f17) auipc   t5, 0x6
core   0: 3 0x8000a670 (0x00006f17) x30 0x80010670
core   0: 0x8000a674 (0x983f2823) sw      gp, -1648(t5)
core   0: 3 0x8000a674 (0x983f2823) mem 0x80010000 0x00000001
core   0: 0x8000a678 (0x0000bfe5) c.j     pc - 8
core   0: 3 0x8000a678 (0xbfe5)
core   0: 0x8000a670 (0x00006f17) auipc   t5, 0x6
core   0: 3 0x8000a670 (0x00006f17) x30 0x80010670
core   0: 0x8000a674 (0x983f2823) sw      gp, -1648(t5)
core   0: 3 0x8000a674 (0x983f2823) mem 0x80010000 0x00000001
core   0: 0x8000a678 (0x0000bfe5) c.j     pc - 8
core   0: 3 0x8000a678 (0xbfe5)
core   0: 0x8000a670 (0x00006f17) auipc   t5, 0x6
core   0: 3 0x8000a670 (0x00006f17) x30 0x80010670
core   0: 0x8000a674 (0x983f2823) sw      gp, -1648(t5)
core   0: 3 0x8000a674 (0x983f2823) mem 0x80010000 0x00000001
core   0: 0x8000a678 (0x0000bfe5) c.j     pc - 8
core   0: 3 0x8000a678 (0xbfe5)
core   0: 0x8000a670 (0x00006f17) auipc   t5, 0x6
core   0: 3 0x8000a670 (0x00006f17) x30 0x80010670
core   0: 0x8000a674 (0x983f2823) sw      gp, -1648(t5)
core   0: 3 0x8000a674 (0x983f2823) mem 0x80010000 0x00000001
core   0: 0x8000a678 (0x0000bfe5) c.j     pc - 8
core   0: 3 0x8000a678 (0xbfe5)
core   0: 0x8000a670 (0x00006f17) auipc   t5, 0x6
core   0: 3 0x8000a670 (0x00006f17) x30 0x80010670
core   0: 0x8000a674 (0x983f2823) sw      gp, -1648(t5)
core   0: 3 0x8000a674 (0x983f2823) mem 0x80010000 0x00000001
core   0: 0x8000a678 (0x0000bfe5) c.j     pc - 8
core   0: 3 0x8000a678 (0xbfe5)
core   0: 0x8000a670 (0x00006f17) auipc   t5, 0x6
core   0: 3 0x8000a670 (0x00006f17) x30 0x80010670
core   0: 0x8000a674 (0x983f2823) sw      gp, -1648(t5)
core   0: 3 0x8000a674 (0x983f2823) mem 0x80010000 0x00000001
core   0: 0x8000a678 (0x0000bfe5) c.j     pc - 8
core   0: 3 0x8000a678 (0xbfe5)
core   0: 0x8000a670 (0x00006f17) auipc   t5, 0x6
core   0: 3 0x8000a670 (0x00006f17) x30 0x80010670
core   0: 0x8000a674 (0x983f2823) sw      gp, -1648(t5)
core   0: 3 0x8000a674 (0x983f2823) mem 0x80010000 0x00000001
core   0: 0x8000a678 (0x0000bfe5) c.j     pc - 8
core   0: 3 0x8000a678 (0xbfe5)
core   0: 0x8000a670 (0x00006f17) auipc   t5, 0x6
core   0: 3 0x8000a670 (0x00006f17) x30 0x80010670
core   0: 0x8000a674 (0x983f2823) sw      gp, -1648(t5)
core   0: 3 0x8000a674 (0x983f2823) mem 0x80010000 0x00000001
core   0: 0x8000a678 (0x0000bfe5) c.j     pc - 8
core   0: 3 0x8000a678 (0xbfe5)
core   0: 0x8000a670 (0x00006f17) auipc   t5, 0x6
core   0: 3 0x8000a670 (0x00006f17) x30 0x80010670
core   0: 0x8000a674 (0x983f2823) sw      gp, -1648(t5)
core   0: 3 0x8000a674 (0x983f2823) mem 0x80010000 0x00000001
core   0: 0x8000a678 (0x0000bfe5) c.j     pc - 8
core   0: 3 0x8000a678 (0xbfe5)
core   0: 0x8000a670 (0x00006f17) auipc   t5, 0x6
core   0: 3 0x8000a670 (0x00006f17) x30 0x80010670
core   0: 0x8000a674 (0x983f2823) sw      gp, -1648(t5)
core   0: 3 0x8000a674 (0x983f2823) mem 0x80010000 0x00000001
core   0: 0x8000a678 (0x0000bfe5) c.j     pc - 8
core   0: 3 0x8000a678 (0xbfe5)
core   0: 0x8000a670 (0x00006f17) auipc   t5, 0x6
core   0: 3 0x8000a670 (0x00006f17) x30 0x80010670
core   0: 0x8000a674 (0x983f2823) sw      gp, -1648(t5)
core   0: 3 0x8000a674 (0x983f2823) mem 0x80010000 0x00000001
core   0: 0x8000a678 (0x0000bfe5) c.j     pc - 8
core   0: 3 0x8000a678 (0xbfe5)
core   0: 0x8000a670 (0x00006f17) auipc   t5, 0x6
core   0: 3 0x8000a670 (0x00006f17) x30 0x80010670
core   0: 0x8000a674 (0x983f2823) sw      gp, -1648(t5)
core   0: 3 0x8000a674 (0x983f2823) mem 0x80010000 0x00000001
core   0: 0x8000a678 (0x0000bfe5) c.j     pc - 8
core   0: 3 0x8000a678 (0xbfe5)
core   0: 0x8000a670 (0x00006f17) auipc   t5, 0x6
core   0: 3 0x8000a670 (0x00006f17) x30 0x80010670
core   0: 0x8000a674 (0x983f2823) sw      gp, -1648(t5)
core   0: 3 0x8000a674 (0x983f2823) mem 0x80010000 0x00000001
core   0: 0x8000a678 (0x0000bfe5) c.j     pc - 8
core   0: 3 0x8000a678 (0xbfe5)
core   0: 0x8000a670 (0x00006f17) auipc   t5, 0x6
core   0: 3 0x8000a670 (0x00006f17) x30 0x80010670
core   0: 0x8000a674 (0x983f2823) sw      gp, -1648(t5)
core   0: 3 0x8000a674 (0x983f2823) mem 0x80010000 0x00000001
core   0: 0x8000a678 (0x0000bfe5) c.j     pc - 8
core   0: 3 0x8000a678 (0xbfe5)
core   0: 0x8000a670 (0x00006f17) auipc   t5, 0x6
core   0: 3 0x8000a670 (0x00006f17) x30 0x80010670
core   0: 0x8000a674 (0x983f2823) sw      gp, -1648(t5)
core   0: 3 0x8000a674 (0x983f2823) mem 0x80010000 0x00000001
core   0: 0x8000a678 (0x0000bfe5) c.j     pc - 8
core   0: 3 0x8000a678 (0xbfe5)
core   0: 0x8000a670 (0x00006f17) auipc   t5, 0x6
core   0: 3 0x8000a670 (0x00006f17) x30 0x80010670
core   0: 0x8000a674 (0x983f2823) sw      gp, -1648(t5)
core   0: 3 0x8000a674 (0x983f2823) mem 0x80010000 0x00000001
core   0: 0x8000a678 (0x0000bfe5) c.j     pc - 8
core   0: 3 0x8000a678 (0xbfe5)
core   0: 0x8000a670 (0x00006f17) auipc   t5, 0x6
core   0: 3 0x8000a670 (0x00006f17) x30 0x80010670
core   0: 0x8000a674 (0x983f2823) sw      gp, -1648(t5)
core   0: 3 0x8000a674 (0x983f2823) mem 0x80010000 0x00000001
core   0: 0x8000a678 (0x0000bfe5) c.j     pc - 8
core   0: 3 0x8000a678 (0xbfe5)
core   0: 0x8000a670 (0x00006f17) auipc   t5, 0x6
core   0: 3 0x8000a670 (0x00006f17) x30 0x80010670
core   0: 0x8000a674 (0x983f2823) sw      gp, -1648(t5)
core   0: 3 0x8000a674 (0x983f2823) mem 0x80010000 0x00000001
core   0: 0x8000a678 (0x0000bfe5) c.j     pc - 8
core   0: 3 0x8000a678 (0xbfe5)
core   0: 0x8000a670 (0x00006f17) auipc   t5, 0x6
core   0: 3 0x8000a670 (0x00006f17) x30 0x80010670
core   0: 0x8000a674 (0x983f2823) sw      gp, -1648(t5)
core   0: 3 0x8000a674 (0x983f2823) mem 0x80010000 0x00000001
core   0: 0x8000a678 (0x0000bfe5) c.j     pc - 8
core   0: 3 0x8000a678 (0xbfe5)
core   0: 0x8000a670 (0x00006f17) auipc   t5, 0x6
core   0: 3 0x8000a670 (0x00006f17) x30 0x80010670
core   0: 0x8000a674 (0x983f2823) sw      gp, -1648(t5)
core   0: 3 0x8000a674 (0x983f2823) mem 0x80010000 0x00000001
core   0: 0x8000a678 (0x0000bfe5) c.j     pc - 8
core   0: 3 0x8000a678 (0xbfe5)
core   0: 0x8000a670 (0x00006f17) auipc   t5, 0x6
core   0: 3 0x8000a670 (0x00006f17) x30 0x80010670
core   0: 0x8000a674 (0x983f2823) sw      gp, -1648(t5)
core   0: 3 0x8000a674 (0x983f2823) mem 0x80010000 0x00000001
core   0: 0x8000a678 (0x0000bfe5) c.j     pc - 8
core   0: 3 0x8000a678 (0xbfe5)
core   0: 0x8000a670 (0x00006f17) auipc   t5, 0x6
core   0: 3 0x8000a670 (0x00006f17) x30 0x80010670
core   0: 0x8000a674 (0x983f2823) sw      gp, -1648(t5)
core   0: 3 0x8000a674 (0x983f2823) mem 0x80010000 0x00000001
core   0: 0x8000a678 (0x0000bfe5) c.j     pc - 8
core   0: 3 0x8000a678 (0xbfe5)
core   0: 0x8000a670 (0x00006f17) auipc   t5, 0x6
core   0: 3 0x8000a670 (0x00006f17) x30 0x80010670
core   0: 0x8000a674 (0x983f2823) sw      gp, -1648(t5)
core   0: 3 0x8000a674 (0x983f2823) mem 0x80010000 0x00000001
core   0: 0x8000a678 (0x0000bfe5) c.j     pc - 8
core   0: 3 0x8000a678 (0xbfe5)
core   0: 0x8000a670 (0x00006f17) auipc   t5, 0x6
core   0: 3 0x8000a670 (0x00006f17) x30 0x80010670
core   0: 0x8000a674 (0x983f2823) sw      gp, -1648(t5)
core   0: 3 0x8000a674 (0x983f2823) mem 0x80010000 0x00000001
core   0: 0x8000a678 (0x0000bfe5) c.j     pc - 8
core   0: 3 0x8000a678 (0xbfe5)
core   0: 0x8000a670 (0x00006f17) auipc   t5, 0x6
core   0: 3 0x8000a670 (0x00006f17) x30 0x80010670
core   0: 0x8000a674 (0x983f2823) sw      gp, -1648(t5)
core   0: 3 0x8000a674 (0x983f2823) mem 0x80010000 0x00000001
core   0: 0x8000a678 (0x0000bfe5) c.j     pc - 8
core   0: 3 0x8000a678 (0xbfe5)
core   0: 0x8000a670 (0x00006f17) auipc   t5, 0x6
core   0: 3 0x8000a670 (0x00006f17) x30 0x80010670
core   0: 0x8000a674 (0x983f2823) sw      gp, -1648(t5)
core   0: 3 0x8000a674 (0x983f2823) mem 0x80010000 0x00000001
core   0: 0x8000a678 (0x0000bfe5) c.j     pc - 8
core   0: 3 0x8000a678 (0xbfe5)
core   0: 0x8000a670 (0x00006f17) auipc   t5, 0x6
core   0: 3 0x8000a670 (0x00006f17) x30 0x80010670
core   0: 0x8000a674 (0x983f2823) sw      gp, -1648(t5)
core   0: 3 0x8000a674 (0x983f2823) mem 0x80010000 0x00000001
core   0: 0x8000a678 (0x0000bfe5) c.j     pc - 8
core   0: 3 0x8000a678 (0xbfe5)
core   0: 0x8000a670 (0x00006f17) auipc   t5, 0x6
core   0: 3 0x8000a670 (0x00006f17) x30 0x80010670
core   0: 0x8000a674 (0x983f2823) sw      gp, -1648(t5)
core   0: 3 0x8000a674 (0x983f2823) mem 0x80010000 0x00000001
core   0: 0x8000a678 (0x0000bfe5) c.j     pc - 8
core   0: 3 0x8000a678 (0xbfe5)
core   0: 0x8000a670 (0x00006f17) auipc   t5, 0x6
core   0: 3 0x8000a670 (0x00006f17) x30 0x80010670
core   0: 0x8000a674 (0x983f2823) sw      gp, -1648(t5)
core   0: 3 0x8000a674 (0x983f2823) mem 0x80010000 0x00000001
core   0: 0x8000a678 (0x0000bfe5) c.j     pc - 8
core   0: 3 0x8000a678 (0xbfe5)
core   0: 0x8000a670 (0x00006f17) auipc   t5, 0x6
core   0: 3 0x8000a670 (0x00006f17) x30 0x80010670
core   0: 0x8000a674 (0x983f2823) sw      gp, -1648(t5)
core   0: 3 0x8000a674 (0x983f2823) mem 0x80010000 0x00000001
core   0: 0x8000a678 (0x0000bfe5) c.j     pc - 8
core   0: 3 0x8000a678 (0xbfe5)
core   0: 0x8000a670 (0x00006f17) auipc   t5, 0x6
core   0: 3 0x8000a670 (0x00006f17) x30 0x80010670
core   0: 0x8000a674 (0x983f2823) sw      gp, -1648(t5)
core   0: 3 0x8000a674 (0x983f2823) mem 0x80010000 0x00000001
core   0: 0x8000a678 (0x0000bfe5) c.j     pc - 8
core   0: 3 0x8000a678 (0xbfe5)
core   0: 0x8000a670 (0x00006f17) auipc   t5, 0x6
core   0: 3 0x8000a670 (0x00006f17) x30 0x80010670
core   0: 0x8000a674 (0x983f2823) sw      gp, -1648(t5)
core   0: 3 0x8000a674 (0x983f2823) mem 0x80010000 0x00000001
core   0: 0x8000a678 (0x0000bfe5) c.j     pc - 8
core   0: 3 0x8000a678 (0xbfe5)
core   0: 0x8000a670 (0x00006f17) auipc   t5, 0x6
core   0: 3 0x8000a670 (0x00006f17) x30 0x80010670
core   0: 0x8000a674 (0x983f2823) sw      gp, -1648(t5)
core   0: 3 0x8000a674 (0x983f2823) mem 0x80010000 0x00000001
core   0: 0x8000a678 (0x0000bfe5) c.j     pc - 8
core   0: 3 0x8000a678 (0xbfe5)
core   0: 0x8000a670 (0x00006f17) auipc   t5, 0x6
core   0: 3 0x8000a670 (0x00006f17) x30 0x80010670
core   0: 0x8000a674 (0x983f2823) sw      gp, -1648(t5)
core   0: 3 0x8000a674 (0x983f2823) mem 0x80010000 0x00000001
core   0: 0x8000a678 (0x0000bfe5) c.j     pc - 8
core   0: 3 0x8000a678 (0xbfe5)
core   0: 0x8000a670 (0x00006f17) auipc   t5, 0x6
core   0: 3 0x8000a670 (0x00006f17) x30 0x80010670
core   0: 0x8000a674 (0x983f2823) sw      gp, -1648(t5)
core   0: 3 0x8000a674 (0x983f2823) mem 0x80010000 0x00000001
core   0: 0x8000a678 (0x0000bfe5) c.j     pc - 8
core   0: 3 0x8000a678 (0xbfe5)
core   0: 0x8000a670 (0x00006f17) auipc   t5, 0x6
core   0: 3 0x8000a670 (0x00006f17) x30 0x80010670
core   0: 0x8000a674 (0x983f2823) sw      gp, -1648(t5)
core   0: 3 0x8000a674 (0x983f2823) mem 0x80010000 0x00000001
core   0: 0x8000a678 (0x0000bfe5) c.j     pc - 8
core   0: 3 0x8000a678 (0xbfe5)
core   0: 0x8000a670 (0x00006f17) auipc   t5, 0x6
core   0: 3 0x8000a670 (0x00006f17) x30 0x80010670
core   0: 0x8000a674 (0x983f2823) sw      gp, -1648(t5)
core   0: 3 0x8000a674 (0x983f2823) mem 0x80010000 0x00000001
core   0: 0x8000a678 (0x0000bfe5) c.j     pc - 8
core   0: 3 0x8000a678 (0xbfe5)
core   0: 0x8000a670 (0x00006f17) auipc   t5, 0x6
core   0: 3 0x8000a670 (0x00006f17) x30 0x80010670
core   0: 0x8000a674 (0x983f2823) sw      gp, -1648(t5)
core   0: 3 0x8000a674 (0x983f2823) mem 0x80010000 0x00000001
core   0: 0x8000a678 (0x0000bfe5) c.j     pc - 8
core   0: 3 0x8000a678 (0xbfe5)
core   0: 0x8000a670 (0x00006f17) auipc   t5, 0x6
core   0: 3 0x8000a670 (0x00006f17) x30 0x80010670
core   0: 0x8000a674 (0x983f2823) sw      gp, -1648(t5)
core   0: 3 0x8000a674 (0x983f2823) mem 0x80010000 0x00000001
core   0: 0x8000a678 (0x0000bfe5) c.j     pc - 8
core   0: 3 0x8000a678 (0xbfe5)
core   0: 0x8000a670 (0x00006f17) auipc   t5, 0x6
core   0: 3 0x8000a670 (0x00006f17) x30 0x80010670
core   0: 0x8000a674 (0x983f2823) sw      gp, -1648(t5)
core   0: 3 0x8000a674 (0x983f2823) mem 0x80010000 0x00000001
core   0: 0x8000a678 (0x0000bfe5) c.j     pc - 8
core   0: 3 0x8000a678 (0xbfe5)
core   0: 0x8000a670 (0x00006f17) auipc   t5, 0x6
core   0: 3 0x8000a670 (0x00006f17) x30 0x80010670
core   0: 0x8000a674 (0x983f2823) sw      gp, -1648(t5)
core   0: 3 0x8000a674 (0x983f2823) mem 0x80010000 0x00000001
core   0: 0x8000a678 (0x0000bfe5) c.j     pc - 8
core   0: 3 0x8000a678 (0xbfe5)
core   0: 0x8000a670 (0x00006f17) auipc   t5, 0x6
core   0: 3 0x8000a670 (0x00006f17) x30 0x80010670
core   0: 0x8000a674 (0x983f2823) sw      gp, -1648(t5)
core   0: 3 0x8000a674 (0x983f2823) mem 0x80010000 0x00000001
core   0: 0x8000a678 (0x0000bfe5) c.j     pc - 8
core   0: 3 0x8000a678 (0xbfe5)
core   0: 0x8000a670 (0x00006f17) auipc   t5, 0x6
core   0: 3 0x8000a670 (0x00006f17) x30 0x80010670
core   0: 0x8000a674 (0x983f2823) sw      gp, -1648(t5)
core   0: 3 0x8000a674 (0x983f2823) mem 0x80010000 0x00000001
core   0: 0x8000a678 (0x0000bfe5) c.j     pc - 8
core   0: 3 0x8000a678 (0xbfe5)
core   0: 0x8000a670 (0x00006f17) auipc   t5, 0x6
core   0: 3 0x8000a670 (0x00006f17) x30 0x80010670
core   0: 0x8000a674 (0x983f2823) sw      gp, -1648(t5)
core   0: 3 0x8000a674 (0x983f2823) mem 0x80010000 0x00000001
core   0: 0x8000a678 (0x0000bfe5) c.j     pc - 8
core   0: 3 0x8000a678 (0xbfe5)
core   0: 0x8000a670 (0x00006f17) auipc   t5, 0x6
core   0: 3 0x8000a670 (0x00006f17) x30 0x80010670
core   0: 0x8000a674 (0x983f2823) sw      gp, -1648(t5)
core   0: 3 0x8000a674 (0x983f2823) mem 0x80010000 0x00000001
core   0: 0x8000a678 (0x0000bfe5) c.j     pc - 8
core   0: 3 0x8000a678 (0xbfe5)
core   0: 0x8000a670 (0x00006f17) auipc   t5, 0x6
core   0: 3 0x8000a670 (0x00006f17) x30 0x80010670
core   0: 0x8000a674 (0x983f2823) sw      gp, -1648(t5)
core   0: 3 0x8000a674 (0x983f2823) mem 0x80010000 0x00000001
core   0: 0x8000a678 (0x0000bfe5) c.j     pc - 8
core   0: 3 0x8000a678 (0xbfe5)
core   0: 0x8000a670 (0x00006f17) auipc   t5, 0x6
core   0: 3 0x8000a670 (0x00006f17) x30 0x80010670
core   0: 0x8000a674 (0x983f2823) sw      gp, -1648(t5)
core   0: 3 0x8000a674 (0x983f2823) mem 0x80010000 0x00000001
core   0: 0x8000a678 (0x0000bfe5) c.j     pc - 8
core   0: 3 0x8000a678 (0xbfe5)
core   0: 0x8000a670 (0x00006f17) auipc   t5, 0x6
core   0: 3 0x8000a670 (0x00006f17) x30 0x80010670
core   0: 0x8000a674 (0x983f2823) sw      gp, -1648(t5)
core   0: 3 0x8000a674 (0x983f2823) mem 0x80010000 0x00000001
core   0: 0x8000a678 (0x0000bfe5) c.j     pc - 8
core   0: 3 0x8000a678 (0xbfe5)
core   0: 0x8000a670 (0x00006f17) auipc   t5, 0x6
core   0: 3 0x8000a670 (0x00006f17) x30 0x80010670
core   0: 0x8000a674 (0x983f2823) sw      gp, -1648(t5)
core   0: 3 0x8000a674 (0x983f2823) mem 0x80010000 0x00000001
core   0: 0x8000a678 (0x0000bfe5) c.j     pc - 8
core   0: 3 0x8000a678 (0xbfe5)
core   0: 0x8000a670 (0x00006f17) auipc   t5, 0x6
core   0: 3 0x8000a670 (0x00006f17) x30 0x80010670
core   0: 0x8000a674 (0x983f2823) sw      gp, -1648(t5)
core   0: 3 0x8000a674 (0x983f2823) mem 0x80010000 0x00000001
core   0: 0x8000a678 (0x0000bfe5) c.j     pc - 8
core   0: 3 0x8000a678 (0xbfe5)
core   0: 0x8000a670 (0x00006f17) auipc   t5, 0x6
core   0: 3 0x8000a670 (0x00006f17) x30 0x80010670
core   0: 0x8000a674 (0x983f2823) sw      gp, -1648(t5)
core   0: 3 0x8000a674 (0x983f2823) mem 0x80010000 0x00000001
core   0: 0x8000a678 (0x0000bfe5) c.j     pc - 8
core   0: 3 0x8000a678 (0xbfe5)
core   0: 0x8000a670 (0x00006f17) auipc   t5, 0x6
core   0: 3 0x8000a670 (0x00006f17) x30 0x80010670
core   0: 0x8000a674 (0x983f2823) sw      gp, -1648(t5)
core   0: 3 0x8000a674 (0x983f2823) mem 0x80010000 0x00000001
core   0: 0x8000a678 (0x0000bfe5) c.j     pc - 8
core   0: 3 0x8000a678 (0xbfe5)
core   0: 0x8000a670 (0x00006f17) auipc   t5, 0x6
core   0: 3 0x8000a670 (0x00006f17) x30 0x80010670
core   0: 0x8000a674 (0x983f2823) sw      gp, -1648(t5)
core   0: 3 0x8000a674 (0x983f2823) mem 0x80010000 0x00000001
core   0: 0x8000a678 (0x0000bfe5) c.j     pc - 8
core   0: 3 0x8000a678 (0xbfe5)
core   0: 0x8000a670 (0x00006f17) auipc   t5, 0x6
core   0: 3 0x8000a670 (0x00006f17) x30 0x80010670
core   0: 0x8000a674 (0x983f2823) sw      gp, -1648(t5)
core   0: 3 0x8000a674 (0x983f2823) mem 0x80010000 0x00000001
core   0: 0x8000a678 (0x0000bfe5) c.j     pc - 8
core   0: 3 0x8000a678 (0xbfe5)
core   0: 0x8000a670 (0x00006f17) auipc   t5, 0x6
core   0: 3 0x8000a670 (0x00006f17) x30 0x80010670
core   0: 0x8000a674 (0x983f2823) sw      gp, -1648(t5)
core   0: 3 0x8000a674 (0x983f2823) mem 0x80010000 0x00000001
core   0: 0x8000a678 (0x0000bfe5) c.j     pc - 8
core   0: 3 0x8000a678 (0xbfe5)
core   0: 0x8000a670 (0x00006f17) auipc   t5, 0x6
core   0: 3 0x8000a670 (0x00006f17) x30 0x80010670
core   0: 0x8000a674 (0x983f2823) sw      gp, -1648(t5)
core   0: 3 0x8000a674 (0x983f2823) mem 0x80010000 0x00000001
core   0: 0x8000a678 (0x0000bfe5) c.j     pc - 8
core   0: 3 0x8000a678 (0xbfe5)
core   0: 0x8000a670 (0x00006f17) auipc   t5, 0x6
core   0: 3 0x8000a670 (0x00006f17) x30 0x80010670
core   0: 0x8000a674 (0x983f2823) sw      gp, -1648(t5)
core   0: 3 0x8000a674 (0x983f2823) mem 0x80010000 0x00000001
core   0: 0x8000a678 (0x0000bfe5) c.j     pc - 8
core   0: 3 0x8000a678 (0xbfe5)
core   0: 0x8000a670 (0x00006f17) auipc   t5, 0x6
core   0: 3 0x8000a670 (0x00006f17) x30 0x80010670
core   0: 0x8000a674 (0x983f2823) sw      gp, -1648(t5)
core   0: 3 0x8000a674 (0x983f2823) mem 0x80010000 0x00000001
core   0: 0x8000a678 (0x0000bfe5) c.j     pc - 8
core   0: 3 0x8000a678 (0xbfe5)
core   0: 0x8000a670 (0x00006f17) auipc   t5, 0x6
core   0: 3 0x8000a670 (0x00006f17) x30 0x80010670
core   0: 0x8000a674 (0x983f2823) sw      gp, -1648(t5)
core   0: 3 0x8000a674 (0x983f2823) mem 0x80010000 0x00000001
core   0: 0x8000a678 (0x0000bfe5) c.j     pc - 8
core   0: 3 0x8000a678 (0xbfe5)
core   0: 0x8000a670 (0x00006f17) auipc   t5, 0x6
core   0: 3 0x8000a670 (0x00006f17) x30 0x80010670
core   0: 0x8000a674 (0x983f2823) sw      gp, -1648(t5)
core   0: 3 0x8000a674 (0x983f2823) mem 0x80010000 0x00000001
core   0: 0x8000a678 (0x0000bfe5) c.j     pc - 8
core   0: 3 0x8000a678 (0xbfe5)
core   0: 0x8000a670 (0x00006f17) auipc   t5, 0x6
core   0: 3 0x8000a670 (0x00006f17) x30 0x80010670
core   0: 0x8000a674 (0x983f2823) sw      gp, -1648(t5)
core   0: 3 0x8000a674 (0x983f2823) mem 0x80010000 0x00000001
core   0: 0x8000a678 (0x0000bfe5) c.j     pc - 8
core   0: 3 0x8000a678 (0xbfe5)
core   0: 0x8000a670 (0x00006f17) auipc   t5, 0x6
core   0: 3 0x8000a670 (0x00006f17) x30 0x80010670
core   0: 0x8000a674 (0x983f2823) sw      gp, -1648(t5)
core   0: 3 0x8000a674 (0x983f2823) mem 0x80010000 0x00000001
core   0: 0x8000a678 (0x0000bfe5) c.j     pc - 8
core   0: 3 0x8000a678 (0xbfe5)
core   0: 0x8000a670 (0x00006f17) auipc   t5, 0x6
core   0: 3 0x8000a670 (0x00006f17) x30 0x80010670
core   0: 0x8000a674 (0x983f2823) sw      gp, -1648(t5)
core   0: 3 0x8000a674 (0x983f2823) mem 0x80010000 0x00000001
core   0: 0x8000a678 (0x0000bfe5) c.j     pc - 8
core   0: 3 0x8000a678 (0xbfe5)
core   0: 0x8000a670 (0x00006f17) auipc   t5, 0x6
core   0: 3 0x8000a670 (0x00006f17) x30 0x80010670
core   0: 0x8000a674 (0x983f2823) sw      gp, -1648(t5)
core   0: 3 0x8000a674 (0x983f2823) mem 0x80010000 0x00000001
core   0: 0x8000a678 (0x0000bfe5) c.j     pc - 8
core   0: 3 0x8000a678 (0xbfe5)
core   0: 0x8000a670 (0x00006f17) auipc   t5, 0x6
core   0: 3 0x8000a670 (0x00006f17) x30 0x80010670
core   0: 0x8000a674 (0x983f2823) sw      gp, -1648(t5)
core   0: 3 0x8000a674 (0x983f2823) mem 0x80010000 0x00000001
core   0: 0x8000a678 (0x0000bfe5) c.j     pc - 8
core   0: 3 0x8000a678 (0xbfe5)
core   0: 0x8000a670 (0x00006f17) auipc   t5, 0x6
core   0: 3 0x8000a670 (0x00006f17) x30 0x80010670
core   0: 0x8000a674 (0x983f2823) sw      gp, -1648(t5)
core   0: 3 0x8000a674 (0x983f2823) mem 0x80010000 0x00000001
core   0: 0x8000a678 (0x0000bfe5) c.j     pc - 8
core   0: 3 0x8000a678 (0xbfe5)
core   0: 0x8000a670 (0x00006f17) auipc   t5, 0x6
core   0: 3 0x8000a670 (0x00006f17) x30 0x80010670
core   0: 0x8000a674 (0x983f2823) sw      gp, -1648(t5)
core   0: 3 0x8000a674 (0x983f2823) mem 0x80010000 0x00000001
core   0: 0x8000a678 (0x0000bfe5) c.j     pc - 8
core   0: 3 0x8000a678 (0xbfe5)
core   0: 0x8000a670 (0x00006f17) auipc   t5, 0x6
core   0: 3 0x8000a670 (0x00006f17) x30 0x80010670
core   0: 0x8000a674 (0x983f2823) sw      gp, -1648(t5)
core   0: 3 0x8000a674 (0x983f2823) mem 0x80010000 0x00000001
core   0: 0x8000a678 (0x0000bfe5) c.j     pc - 8
core   0: 3 0x8000a678 (0xbfe5)
core   0: 0x8000a670 (0x00006f17) auipc   t5, 0x6
core   0: 3 0x8000a670 (0x00006f17) x30 0x80010670
core   0: 0x8000a674 (0x983f2823) sw      gp, -1648(t5)
core   0: 3 0x8000a674 (0x983f2823) mem 0x80010000 0x00000001
