core   0: 0x00001000 (0x00000297) auipc   t0, 0x0
core   0: 3 0x00001000 (0x00000297) x5  0x00001000
core   0: 0x00001004 (0x02028593) addi    a1, t0, 32
core   0: 3 0x00001004 (0x02028593) x11 0x00001020
core   0: 0x00001008 (0xf1402573) csrr    a0, mhartid
core   0: 3 0x00001008 (0xf1402573) x10 0x00000000
core   0: 0x0000100c (0x0182a283) lw      t0, 24(t0)
core   0: 3 0x0000100c (0x0182a283) x5  0x80000000 mem 0x00001018
core   0: 0x00001010 (0x00028067) jr      t0
core   0: 3 0x00001010 (0x00028067)
core   0: 0x80000000 (0xf14022f3) csrr    t0, mhartid
core   0: 3 0x80000000 (0xf14022f3) x5  0x00000000
core   0: 0x80000004 (0x00004301) c.li    t1, 0
core   0: 3 0x80000004 (0x4301) x6  0x00000000
core   0: 0x80000006 (0x00628263) beq     t0, t1, pc + 4
core   0: 3 0x80000006 (0x00628263)
core   0: 0x8000000a (0x00000c97) auipc   s9, 0x0
core   0: 3 0x8000000a (0x00000c97) x25 0x8000000a
core   0: 0x8000000e (0x00cc8c93) addi    s9, s9, 12
core   0: 3 0x8000000e (0x00cc8c93) x25 0x80000016
core   0: 0x80000012 (0x000c8067) jr      s9
core   0: 3 0x80000012 (0x000c8067)
core   0: 0x80000016 (0x40001237) lui     tp, 0x40001
core   0: 3 0x80000016 (0x40001237) x4  0x40001000
core   0: 0x8000001a (0x10420213) addi    tp, tp, 260
core   0: 3 0x8000001a (0x10420213) x4  0x40001104
core   0: 0x8000001e (0x30121073) csrw    misa, tp
core   0: 3 0x8000001e (0x30121073) c769_misa 0x40141104
core   0: 0x80000022 (0x0002a597) auipc   a1, 0x2a
core   0: 3 0x80000022 (0x0002a597) x11 0x8002a022
core   0: 0x80000026 (0xcc258593) addi    a1, a1, -830
core   0: 3 0x80000026 (0xcc258593) x11 0x80029ce4
core   0: 0x8000002a (0x0000b217) auipc   tp, 0xb
core   0: 3 0x8000002a (0x0000b217) x4  0x8000b02a
core   0: 0x8000002e (0x14620213) addi    tp, tp, 326
core   0: 3 0x8000002e (0x14620213) x4  0x8000b170
core   0: 0x80000032 (0x00126213) ori     tp, tp, 1
core   0: 3 0x80000032 (0x00126213) x4  0x8000b171
core   0: 0x80000036 (0x30521073) csrw    mtvec, tp
core   0: 3 0x80000036 (0x30521073) c773_mtvec 0x8000b171
core   0: 0x8000003a (0x00000217) auipc   tp, 0x0
core   0: 3 0x8000003a (0x00000217) x4  0x8000003a
core   0: 0x8000003e (0x02220213) addi    tp, tp, 34
core   0: 3 0x8000003e (0x02220213) x4  0x8000005c
core   0: 0x80000042 (0x34121073) csrw    mepc, tp
core   0: 3 0x80000042 (0x34121073) c833_mepc 0x8000005c
core   0: 0x80000046 (0x00000001) c.nop
core   0: 3 0x80000046 (0x0001)
core   0: 0x80000048 (0x00006209) c.lui   tp, 0x2
core   0: 3 0x80000048 (0x6209) x4  0x00002000
core   0: 0x8000004a (0x80020213) addi    tp, tp, -2048
core   0: 3 0x8000004a (0x80020213) x4  0x00001800
core   0: 0x8000004e (0x30021073) csrw    mstatus, tp
core   0: 3 0x8000004e (0x30021073) c768_mstatus 0x00001800
core   0: 0x80000052 (0x00004201) c.li    tp, 0
core   0: 3 0x80000052 (0x4201) x4  0x00000000
core   0: 0x80000054 (0x30421073) csrw    mie, tp
core   0: 3 0x80000054 (0x30421073) c772_mie 0x00000000
core   0: 0x80000058 (0x30200073) mret
core   0: 3 0x80000058 (0x30200073) c784_mstatush 0x00000000 c768_mstatus 0x00000080
core   0: >>>>  init
core   0: 0x8000005c (0x00000013) nop
core   0: 3 0x8000005c (0x00000013)
core   0: 0x80000060 (0x00004081) c.li    ra, 0
core   0: 3 0x80000060 (0x4081) x1  0x00000000
core   0: 0x80000062 (0x00004101) c.li    sp, 0
core   0: 3 0x80000062 (0x4101) x2  0x00000000
core   0: 0x80000064 (0x0000419d) c.li    gp, 7
core   0: 3 0x80000064 (0x419d) x3  0x00000007
core   0: 0x80000066 (0x00004225) c.li    tp, 9
core   0: 3 0x80000066 (0x4225) x4  0x00000009
core   0: 0x80000068 (0x00004299) c.li    t0, 6
core   0: 3 0x80000068 (0x4299) x5  0x00000006
core   0: 0x8000006a (0x00004391) c.li    t2, 4
core   0: 3 0x8000006a (0x4391) x7  0x00000004
core   0: 0x8000006c (0xf595f437) lui     s0, 0xf595f
core   0: 3 0x8000006c (0xf595f437) x8  0xf595f000
core   0: 0x80000070 (0xd8b40413) addi    s0, s0, -629
core   0: 3 0x80000070 (0xd8b40413) x8  0xf595ed8b
core   0: 0x80000074 (0x800004b7) lui     s1, 0x80000
core   0: 3 0x80000074 (0x800004b7) x9  0x80000000
core   0: 0x80000078 (0xf9515537) lui     a0, 0xf9515
core   0: 3 0x80000078 (0xf9515537) x10 0xf9515000
core   0: 0x8000007c (0x41250513) addi    a0, a0, 1042
core   0: 3 0x8000007c (0x41250513) x10 0xf9515412
core   0: 0x80000080 (0x80000637) lui     a2, 0x80000
core   0: 3 0x80000080 (0x80000637) x12 0x80000000
core   0: 0x80000084 (0x800006b7) lui     a3, 0x80000
core   0: 3 0x80000084 (0x800006b7) x13 0x80000000
core   0: 0x80000088 (0x8c54c737) lui     a4, 0x8c54c
core   0: 3 0x80000088 (0x8c54c737) x14 0x8c54c000
core   0: 0x8000008c (0x82870713) addi    a4, a4, -2008
core   0: 3 0x8000008c (0x82870713) x14 0x8c54b828
core   0: 0x80000090 (0x000047a1) c.li    a5, 8
core   0: 3 0x80000090 (0x47a1) x15 0x00000008
core   0: 0x80000092 (0x00004805) c.li    a6, 1
core   0: 3 0x80000092 (0x4805) x16 0x00000001
core   0: 0x80000094 (0x0000489d) c.li    a7, 7
core   0: 3 0x80000094 (0x489d) x17 0x00000007
core   0: 0x80000096 (0x00004901) c.li    s2, 0
core   0: 3 0x80000096 (0x4901) x18 0x00000000
core   0: 0x80000098 (0x00004981) c.li    s3, 0
core   0: 3 0x80000098 (0x4981) x19 0x00000000
core   0: 0x8000009a (0x00004a29) c.li    s4, 10
core   0: 3 0x8000009a (0x4a29) x20 0x0000000a
core   0: 0x8000009c (0xff1cfab7) lui     s5, 0xff1cf
core   0: 3 0x8000009c (0xff1cfab7) x21 0xff1cf000
core   0: 0x800000a0 (0x19ea8a93) addi    s5, s5, 414
core   0: 3 0x800000a0 (0x19ea8a93) x21 0xff1cf19e
core   0: 0x800000a4 (0x00004b25) c.li    s6, 9
core   0: 3 0x800000a4 (0x4b25) x22 0x00000009
core   0: 0x800000a6 (0x00004b81) c.li    s7, 0
core   0: 3 0x800000a6 (0x4b81) x23 0x00000000
core   0: 0x800000a8 (0x00004c1d) c.li    s8, 7
core   0: 3 0x800000a8 (0x4c1d) x24 0x00000007
core   0: 0x800000aa (0x00004cbd) c.li    s9, 15
core   0: 3 0x800000aa (0x4cbd) x25 0x0000000f
core   0: 0x800000ac (0x00004d01) c.li    s10, 0
core   0: 3 0x800000ac (0x4d01) x26 0x00000000
core   0: 0x800000ae (0x80000db7) lui     s11, 0x80000
core   0: 3 0x800000ae (0x80000db7) x27 0x80000000
core   0: 0x800000b2 (0x80000e37) lui     t3, 0x80000
core   0: 3 0x800000b2 (0x80000e37) x28 0x80000000
core   0: 0x800000b6 (0x00004e81) c.li    t4, 0
core   0: 3 0x800000b6 (0x4e81) x29 0x00000000
core   0: 0x800000b8 (0x00004f01) c.li    t5, 0
core   0: 3 0x800000b8 (0x4f01) x30 0x00000000
core   0: 0x800000ba (0x80000fb7) lui     t6, 0x80000
core   0: 3 0x800000ba (0x80000fb7) x31 0x80000000
core   0: 0x800000be (0x00026317) auipc   t1, 0x26
core   0: 3 0x800000be (0x00026317) x6  0x800260be
core   0: 0x800000c2 (0xda630313) addi    t1, t1, -602
core   0: 3 0x800000c2 (0xda630313) x6  0x80025e64
core   0: 0x800000c6 (0x036006ef) jal     a3, pc + 0x36
core   0: 3 0x800000c6 (0x036006ef) x13 0x800000ca
core   0: 0x800000fc (0x00003fd1) c.jal   pc - 44
core   0: 3 0x800000fc (0x3fd1) x1  0x800000fe
core   0: 0x800000d0 (0x012000ef) jal     pc + 0x12
core   0: 3 0x800000d0 (0x012000ef) x1  0x800000d4
core   0: 0x800000e2 (0x0000a039) c.j     pc + 14
core   0: 3 0x800000e2 (0xa039)
core   0: 0x800000f0 (0x0000bff9) c.j     pc - 34
core   0: 3 0x800000f0 (0xbff9)
core   0: 0x800000ce (0x0000a80d) c.j     pc + 50
core   0: 3 0x800000ce (0xa80d)
core   0: 0x80000100 (0x000037e5) c.jal   pc - 24
core   0: 3 0x80000100 (0x37e5) x1  0x80000102
core   0: 0x800000e8 (0x00002831) c.jal   pc + 28
core   0: 3 0x800000e8 (0x2831) x1  0x800000ea
core   0: 0x80000104 (0xff3ff0ef) jal     pc - 0xe
core   0: 3 0x80000104 (0xff3ff0ef) x1  0x80000108
core   0: 0x800000f6 (0x0000b7ed) c.j     pc - 22
core   0: 3 0x800000f6 (0xb7ed)
core   0: 0x800000e0 (0x0000bfdd) c.j     pc - 10
core   0: 3 0x800000e0 (0xbfdd)
core   0: 0x800000d6 (0x00003fd5) c.jal   pc - 12
core   0: 3 0x800000d6 (0x3fd5) x1  0x800000d8
core   0: 0x800000ca (0x00a000ef) jal     pc + 0xa
core   0: 3 0x800000ca (0x00a000ef) x1  0x800000ce
core   0: 0x800000d4 (0x0000a03d) c.j     pc + 46
core   0: 3 0x800000d4 (0xa03d)
core   0: 0x80000102 (0x00003fdd) c.jal   pc - 10
core   0: 3 0x80000102 (0x3fdd) x1  0x80000104
core   0: 0x800000f8 (0xfe7ff46f) jal     s0, pc - 0x1a
core   0: 3 0x800000f8 (0xfe7ff46f) x8  0x800000fc
core   0: 0x800000de (0x0000a019) c.j     pc + 6
core   0: 3 0x800000de (0xa019)
core   0: 0x800000e4 (0x01a008ef) jal     a7, pc + 0x1a
core   0: 3 0x800000e4 (0x01a008ef) x17 0x800000e8
core   0: 0x800000fe (0x0000bfe9) c.j     pc - 38
core   0: 3 0x800000fe (0xbfe9)
core   0: 0x800000d8 (0x00002805) c.jal   pc + 48
core   0: 3 0x800000d8 (0x2805) x1  0x800000da
core   0: 0x80000108 (0x000037f5) c.jal   pc - 20
core   0: 3 0x80000108 (0x37f5) x1  0x8000010a
core   0: 0x800000f4 (0x0000bfed) c.j     pc - 6
core   0: 3 0x800000f4 (0xbfed)
core   0: 0x800000ee (0x000037f5) c.jal   pc - 20
core   0: 3 0x800000ee (0x37f5) x1  0x800000f0
core   0: 0x800000da (0x010000ef) jal     pc + 0x10
core   0: 3 0x800000da (0x010000ef) x1  0x800000de
core   0: 0x800000ea (0x008000ef) jal     pc + 0x8
core   0: 3 0x800000ea (0x008000ef) x1  0x800000ee
core   0: 0x800000f2 (0x0000a821) c.j     pc + 24
core   0: 3 0x800000f2 (0xa821)
core   0: 0x8000010a (0x02c70e33) mul     t3, a4, a2
core   0: 3 0x8000010a (0x02c70e33) x28 0x00000000
core   0: 0x8000010e (0x006006ef) jal     a3, pc + 0x6
core   0: 3 0x8000010e (0x006006ef) x13 0x80000112
core   0: 0x80000114 (0x0000a801) c.j     pc + 16
core   0: 3 0x80000114 (0xa801)
core   0: 0x80000124 (0x0000a831) c.j     pc + 28
core   0: 3 0x80000124 (0xa831)
core   0: 0x80000140 (0x0000bfd5) c.j     pc - 12
core   0: 3 0x80000140 (0xbfd5)
core   0: 0x80000134 (0xfe3ff2ef) jal     t0, pc - 0x1e
core   0: 3 0x80000134 (0xfe3ff2ef) x5  0x80000138
core   0: 0x80000116 (0x00002015) c.jal   pc + 36
core   0: 3 0x80000116 (0x2015) x1  0x80000118
core   0: 0x8000013a (0x00002009) c.jal   pc + 2
core   0: 3 0x8000013a (0x2009) x1  0x8000013c
core   0: 0x8000013c (0xfefff0ef) jal     pc - 0x12
core   0: 3 0x8000013c (0xfefff0ef) x1  0x80000140
core   0: 0x8000012a (0x0000bfdd) c.j     pc - 10
core   0: 3 0x8000012a (0xbfdd)
core   0: 0x80000120 (0x00c000ef) jal     pc + 0xc
core   0: 3 0x80000120 (0x00c000ef) x1  0x80000124
core   0: 0x8000012c (0x000037fd) c.jal   pc - 18
core   0: 3 0x8000012c (0x37fd) x1  0x8000012e
core   0: 0x8000011a (0x00002839) c.jal   pc + 30
core   0: 3 0x8000011a (0x2839) x1  0x8000011c
core   0: 0x80000138 (0x00003fdd) c.jal   pc - 10
core   0: 3 0x80000138 (0x3fdd) x1  0x8000013a
core   0: 0x8000012e (0xff1ff0ef) jal     pc - 0x10
core   0: 3 0x8000012e (0xff1ff0ef) x1  0x80000132
core   0: 0x8000011e (0x0000a811) c.j     pc + 20
core   0: 3 0x8000011e (0xa811)
core   0: 0x80000132 (0x0000b7dd) c.j     pc - 26
core   0: 3 0x80000132 (0xb7dd)
core   0: 0x80000118 (0x0000a039) c.j     pc + 14
core   0: 3 0x80000118 (0xa039)
core   0: 0x80000126 (0xfedff1ef) jal     gp, pc - 0x14
core   0: 3 0x80000126 (0xfedff1ef) x3  0x8000012a
core   0: 0x80000112 (0x00002029) c.jal   pc + 10
core   0: 3 0x80000112 (0x2029) x1  0x80000114
core   0: 0x8000011c (0x0000201d) c.jal   pc + 38
core   0: 3 0x8000011c (0x201d) x1  0x8000011e
core   0: 0x80000142 (0x00000001) c.nop
core   0: 3 0x80000142 (0x0001)
core   0: 0x80000144 (0x0000546d) c.li    s0, -5
core   0: 3 0x80000144 (0x546d) x8  0xfffffffb
core   0: 0x80000146 (0x00000245) c.addi  tp, 17
core   0: 3 0x80000146 (0x0245) x4  0x0000001a
core   0: 0x80000148 (0x00000001) c.nop
core   0: 3 0x80000148 (0x0001)
core   0: 0x8000014a (0x018c41b3) xor     gp, s8, s8
core   0: 3 0x8000014a (0x018c41b3) x3  0x00000000
core   0: 0x8000014e (0x00008652) c.mv    a2, s4
core   0: 3 0x8000014e (0x8652) x12 0x0000000a
core   0: 0x80000150 (0x00000415) c.addi  s0, 5
core   0: 3 0x80000150 (0x0415) x8  0x00000000
core   0: 0x80000152 (0x0090b4b3) sltu    s1, ra, s1
core   0: 3 0x80000152 (0x0090b4b3) x9  0x00000000
core   0: 0x80000156 (0x00004d81) c.li    s11, 0
core   0: 3 0x80000156 (0x4d81) x27 0x00000000
core   0: 0x80000158 (0x00004a19) c.li    s4, 6
core   0: 3 0x80000158 (0x4a19) x20 0x00000006
core   0: 0x8000015a (0x00000001) c.nop
core   0: 3 0x8000015a (0x0001)
core   0: 0x8000015c (0x00008fa9) c.xor   a5, a0
core   0: 3 0x8000015c (0x8fa9) x15 0xf951541a
core   0: 0x8000015e (0x01757933) and     s2, a0, s7
core   0: 3 0x8000015e (0x01757933) x18 0x00000000
core   0: 0x80000162 (0x00000d99) c.addi  s11, 6
core   0: 3 0x80000162 (0x0d99) x27 0x00000006
core   0: 0x80000164 (0xff4d8ce3) beq     s11, s4, pc - 8
core   0: 3 0x80000164 (0xff4d8ce3)
core   0: 0x8000015c (0x00008fa9) c.xor   a5, a0
core   0: 3 0x8000015c (0x8fa9) x15 0x00000008
core   0: 0x8000015e (0x01757933) and     s2, a0, s7
core   0: 3 0x8000015e (0x01757933) x18 0x00000000
core   0: 0x80000162 (0x00000d99) c.addi  s11, 6
core   0: 3 0x80000162 (0x0d99) x27 0x0000000c
core   0: 0x80000164 (0xff4d8ce3) beq     s11, s4, pc - 8
core   0: 3 0x80000164 (0xff4d8ce3)
core   0: 0x80000168 (0x0000f06d) c.bnez  s0, pc - 30
core   0: 3 0x80000168 (0xf06d)
core   0: 0x8000016a (0x03715fb3) divu    t6, sp, s7
core   0: 3 0x8000016a (0x03715fb3) x31 0xffffffff
core   0: 0x8000016e (0x00018117) auipc   sp, 0x18
core   0: 3 0x8000016e (0x00018117) x2  0x8001816e
core   0: 0x80000172 (0xdd910113) addi    sp, sp, -551
core   0: 3 0x80000172 (0xdd910113) x2  0x80017f47
core   0: 0x80000176 (0xa4214f83) lbu     t6, -1470(sp)
core   0: 3 0x80000176 (0xa4214f83) x31 0x00000042 mem 0x80017989
core   0: 0x8000017a (0x021c31b3) mulhu   gp, s8, ra
core   0: 3 0x8000017a (0x021c31b3) x3  0x00000003
core   0: 0x8000017e (0x66715f83) lhu     t6, 1639(sp)
core   0: 3 0x8000017e (0x66715f83) x31 0x00006465 mem 0x800185ae
core   0: 0x80000182 (0x104dfb13) andi    s6, s11, 260
core   0: 3 0x80000182 (0x104dfb13) x22 0x00000004
core   0: 0x80000186 (0xe6110b23) sb      ra, -394(sp)
core   0: 3 0x80000186 (0xe6110b23) mem 0x80017dbd 0x1e
core   0: 0x8000018a (0xe7610383) lb      t2, -394(sp)
core   0: 3 0x8000018a (0xe7610383) x7  0x0000001e mem 0x80017dbd
core   0: 0x8000018e (0x02b61a33) mulh    s4, a2, a1
core   0: 3 0x8000018e (0x02b61a33) x20 0xfffffffb
core   0: 0x80000192 (0xe7610283) lb      t0, -394(sp)
core   0: 3 0x80000192 (0xe7610283) x5  0x0000001e mem 0x80017dbd
core   0: 0x80000196 (0xfc814183) lbu     gp, -56(sp)
core   0: 3 0x80000196 (0xfc814183) x3  0x000000c4 mem 0x80017f0f
core   0: 0x8000019a (0xa9e14203) lbu     tp, -1378(sp)
core   0: 3 0x8000019a (0xa9e14203) x4  0x0000009e mem 0x800179e5
core   0: 0x8000019e (0xa9e10f03) lb      t5, -1378(sp)
core   0: 3 0x8000019e (0xa9e10f03) x30 0xffffff9e mem 0x800179e5
core   0: 0x800001a2 (0xa9e14b03) lbu     s6, -1378(sp)
core   0: 3 0x800001a2 (0xa9e14b03) x22 0x0000009e mem 0x800179e5
core   0: 0x800001a6 (0xa9e14c03) lbu     s8, -1378(sp)
core   0: 3 0x800001a6 (0xa9e14c03) x24 0x0000009e mem 0x800179e5
core   0: 0x800001aa (0x17a14b83) lbu     s7, 378(sp)
core   0: 3 0x800001aa (0x17a14b83) x23 0x0000007a mem 0x800180c1
core   0: 0x800001ae (0x17a10903) lb      s2, 378(sp)
core   0: 3 0x800001ae (0x17a10903) x18 0x0000007a mem 0x800180c1
core   0: 0x800001b2 (0x00010117) auipc   sp, 0x10
core   0: 3 0x800001b2 (0x00010117) x2  0x800101b2
core   0: 0x800001b6 (0xefa10113) addi    sp, sp, -262
core   0: 3 0x800001b6 (0xefa10113) x2  0x800100ac
core   0: 0x800001ba (0x03c00a33) mul     s4, zero, t3
core   0: 3 0x800001ba (0x03c00a33) x20 0x00000000
core   0: 0x800001be (0x00008e75) c.and   a2, a3
core   0: 3 0x800001be (0x8e75) x12 0x00000002
core   0: 0x800001c0 (0x00006809) c.lui   a6, 0x2
core   0: 3 0x800001c0 (0x6809) x16 0x00002000
core   0: 0x800001c2 (0x039b8d33) mul     s10, s7, s9
core   0: 3 0x800001c2 (0x039b8d33) x26 0x00000726
core   0: 0x800001c6 (0x00914603) lbu     a2, 9(sp)
core   0: 3 0x800001c6 (0x00914603) x12 0x0000006e mem 0x800100b5
core   0: 0x800001ca (0x00914d83) lbu     s11, 9(sp)
core   0: 3 0x800001ca (0x00914d83) x27 0x0000006e mem 0x800100b5
core   0: 0x800001ce (0x0045ea33) or      s4, a1, tp
core   0: 3 0x800001ce (0x0045ea33) x20 0x80029cfe
core   0: 0x800001d2 (0x1cbb3d13) sltiu   s10, s6, 459
core   0: 3 0x800001d2 (0x1cbb3d13) x26 0x00000001
core   0: 0x800001d6 (0x0000157d) c.addi  a0, -1
core   0: 3 0x800001d6 (0x157d) x10 0xf9515411
core   0: 0x800001d8 (0xff211083) lh      ra, -14(sp)
core   0: 3 0x800001d8 (0xff211083) x1  0x00005455 mem 0x8001009e
core   0: 0x800001dc (0x00310c03) lb      s8, 3(sp)
core   0: 3 0x800001dc (0x00310c03) x24 0x00000064 mem 0x800100af
core   0: 0x800001e0 (0xff415883) lhu     a7, -12(sp)
core   0: 3 0x800001e0 (0xff415883) x17 0x00005a5b mem 0x800100a0
core   0: 0x800001e4 (0xfeb10aa3) sb      a1, -11(sp)
core   0: 3 0x800001e4 (0xfeb10aa3) mem 0x800100a1 0xe4
core   0: 0x800001e8 (0xffa10683) lb      a3, -6(sp)
core   0: 3 0x800001e8 (0xffa10683) x13 0x0000005d mem 0x800100a6
core   0: 0x800001ec (0x0000c64e) c.swsp  s3, 12(sp)
core   0: 3 0x800001ec (0xc64e) mem 0x800100b8 0x00000000
core   0: 0x800001ee (0x01e94933) xor     s2, s2, t5
core   0: 3 0x800001ee (0x01e94933) x18 0xffffffe4
core   0: 0x800001f2 (0x01710723) sb      s7, 14(sp)
core   0: 3 0x800001f2 (0x01710723) mem 0x800100ba 0x7a
core   0: 0x800001f6 (0x000087ad) c.srai  a5, 11
core   0: 3 0x800001f6 (0x87ad) x15 0x00000000
core   0: 0x800001f8 (0x0000844d) c.srai  s0, 19
core   0: 3 0x800001f8 (0x844d) x8  0x00000000
core   0: 0x800001fa (0x00a15d83) lhu     s11, 10(sp)
core   0: 3 0x800001fa (0x00a15d83) x27 0x00006c6d mem 0x800100b6
core   0: 0x800001fe (0x00009afa) c.add   s5, t5
core   0: 3 0x800001fe (0x9afa) x21 0xff1cf13c
core   0: 0x80000200 (0xff614183) lbu     gp, -10(sp)
core   0: 3 0x80000200 (0xff614183) x3  0x00000059 mem 0x800100a2
core   0: 0x80000204 (0x75524a13) xori    s4, tp, 1877
core   0: 3 0x80000204 (0x75524a13) x20 0x000007cb
core   0: 0x80000208 (0xf4a27e13) andi    t3, tp, -182
core   0: 3 0x80000208 (0xf4a27e13) x28 0x0000000a
core   0: 0x8000020c (0x002c81b3) add     gp, s9, sp
core   0: 3 0x8000020c (0x002c81b3) x3  0x800100bb
core   0: 0x80000210 (0x00006689) c.lui   a3, 0x2
core   0: 3 0x80000210 (0x6689) x13 0x00002000
core   0: 0x80000212 (0x00f14703) lbu     a4, 15(sp)
core   0: 3 0x80000212 (0x00f14703) x14 0x00000000 mem 0x800100bb
core   0: 0x80000216 (0x025159b3) divu    s3, sp, t0
core   0: 3 0x80000216 (0x025159b3) x19 0x04444cd2
core   0: 0x8000021a (0x00004542) c.lwsp  a0, 16(sp)
core   0: 3 0x8000021a (0x4542) x10 0x74757677 mem 0x800100bc
core   0: 0x8000021c (0xff910d03) lb      s10, -7(sp)
core   0: 3 0x8000021c (0xff910d03) x26 0x0000005e mem 0x800100a5
core   0: 0x80000220 (0x00004bb2) c.lwsp  s7, 12(sp)
core   0: 3 0x80000220 (0x4bb2) x23 0x007a0000 mem 0x800100b8
core   0: 0x80000222 (0xfea10ca3) sb      a0, -7(sp)
core   0: 3 0x80000222 (0xfea10ca3) mem 0x800100a5 0x77
core   0: 0x80000226 (0x09f9b197) auipc   gp, 0x9f9b
core   0: 3 0x80000226 (0x09f9b197) x3  0x89f9b226
core   0: 0x8000022a (0x01e103a3) sb      t5, 7(sp)
core   0: 3 0x8000022a (0x01e103a3) mem 0x800100b3 0x9e
core   0: 0x8000022e (0x019105a3) sb      s9, 11(sp)
core   0: 3 0x8000022e (0x019105a3) mem 0x800100b7 0x0f
core   0: 0x80000232 (0xff110803) lb      a6, -15(sp)
core   0: 3 0x80000232 (0xff110803) x16 0x00000056 mem 0x8001009d
core   0: 0x80000236 (0x00000001) c.nop
core   0: 3 0x80000236 (0x0001)
core   0: 0x80000238 (0x00008e89) c.sub   a3, a0
core   0: 3 0x80000238 (0x8e89) x13 0x8b8aa989
core   0: 0x8000023a (0x00d1deb3) srl     t4, gp, a3
core   0: 3 0x8000023a (0x00d1deb3) x29 0x0044fcd9
core   0: 0x8000023e (0x41c5d8b3) sra     a7, a1, t3
core   0: 3 0x8000023e (0x41c5d8b3) x17 0xffe000a7
core   0: 0x80000242 (0xffa10ea3) sb      s10, -3(sp)
core   0: 3 0x80000242 (0xffa10ea3) mem 0x800100a9 0x5e
core   0: 0x80000246 (0x02ebcfb3) div     t6, s7, a4
core   0: 3 0x80000246 (0x02ebcfb3) x31 0xffffffff
core   0: 0x8000024a (0x006105a3) sb      t1, 11(sp)
core   0: 3 0x8000024a (0x006105a3) mem 0x800100b7 0x64
core   0: 0x8000024e (0xb95a8893) addi    a7, s5, -1131
core   0: 3 0x8000024e (0xb95a8893) x17 0xff1cecd1
core   0: 0x80000252 (0x00514f83) lbu     t6, 5(sp)
core   0: 3 0x80000252 (0x00514f83) x31 0x0000006a mem 0x800100b1
core   0: 0x80000256 (0xff110383) lb      t2, -15(sp)
core   0: 3 0x80000256 (0xff110383) x7  0x00000056 mem 0x8001009d
core   0: 0x8000025a (0x405fdeb3) sra     t4, t6, t0
core   0: 3 0x8000025a (0x405fdeb3) x29 0x00000000
core   0: 0x8000025e (0xff110fa3) sb      a7, -1(sp)
core   0: 3 0x8000025e (0xff110fa3) mem 0x800100ab 0xd1
core   0: 0x80000262 (0x000083e5) c.srli  a5, 25
core   0: 3 0x80000262 (0x83e5) x15 0x00000000
core   0: 0x80000264 (0x0136ca33) xor     s4, a3, s3
core   0: 3 0x80000264 (0x0136ca33) x20 0x8fcee55b
core   0: 0x80000268 (0xff710183) lb      gp, -9(sp)
core   0: 3 0x80000268 (0xff710183) x3  0x00000058 mem 0x800100a3
core   0: 0x8000026c (0x0000c662) c.swsp  s8, 12(sp)
core   0: 3 0x8000026c (0xc662) mem 0x800100b8 0x00000064
core   0: 0x8000026e (0xff011403) lh      s0, -16(sp)
core   0: 3 0x8000026e (0xff011403) x8  0x00005657 mem 0x8001009c
core   0: 0x80000272 (0x014107a3) sb      s4, 15(sp)
core   0: 3 0x80000272 (0x014107a3) mem 0x800100bb 0x5b
core   0: 0x80000276 (0x00010897) auipc   a7, 0x10
core   0: 3 0x80000276 (0x00010897) x17 0x80010276
core   0: 0x8000027a (0x40188893) addi    a7, a7, 1025
core   0: 3 0x8000027a (0x40188893) x17 0x80010677
core   0: 0x8000027e (0x00f05b13) srli    s6, zero, 15
core   0: 3 0x8000027e (0x00f05b13) x22 0x00000000
core   0: 0x80000282 (0x009581b3) add     gp, a1, s1
core   0: 3 0x80000282 (0x009581b3) x3  0x80029ce4
core   0: 0x80000286 (0x000062a1) c.lui   t0, 0x8
core   0: 3 0x80000286 (0x62a1) x5  0x00008000
core   0: 0x80000288 (0x00000001) c.nop
core   0: 3 0x80000288 (0x0001)
core   0: 0x8000028a (0x0000197d) c.addi  s2, -1
core   0: 3 0x8000028a (0x197d) x18 0xffffffe3
core   0: 0x8000028c (0x01288f03) lb      t5, 18(a7)
core   0: 3 0x8000028c (0x01288f03) x30 0x00000042 mem 0x80010689
core   0: 0x80000290 (0x0f189da3) sh      a7, 251(a7)
core   0: 3 0x80000290 (0x0f189da3) mem 0x80010772 0x0677
core   0: 0x80000294 (0xf4800193) li      gp, -184
core   0: 3 0x80000294 (0xf4800193) x3  0xffffff48
core   0: 0x80000298 (0x000089aa) c.mv    s3, a0
core   0: 3 0x80000298 (0x89aa) x19 0x74757677
core   0: 0x8000029a (0xf66881a3) sb      t1, -157(a7)
core   0: 3 0x8000029a (0xf66881a3) mem 0x800105da 0x64
core   0: 0x8000029e (0x00008e4d) c.or    a2, a1
core   0: 3 0x8000029e (0x8e4d) x12 0x80029cee
core   0: 0x800002a0 (0xd00347b7) lui     a5, 0xd0034
core   0: 3 0x800002a0 (0xd00347b7) x15 0xd0034000
core   0: 0x800002a4 (0x02e884a3) sb      a4, 41(a7)
core   0: 3 0x800002a4 (0x02e884a3) mem 0x800106a0 0x00
core   0: 0x800002a8 (0x41f90633) sub     a2, s2, t6
core   0: 3 0x800002a8 (0x41f90633) x12 0xffffff79
core   0: 0x800002ac (0xf9e8aaa3) sw      t5, -107(a7)
core   0: 3 0x800002ac (0xf9e8aaa3) mem 0x8001060c 0x00000042
core   0: 0x800002b0 (0x00008cb5) c.xor   s1, a3
core   0: 3 0x800002b0 (0x8cb5) x9  0x8b8aa989
core   0: 0x800002b2 (0x03a88683) lb      a3, 58(a7)
core   0: 3 0x800002b2 (0x03a88683) x13 0x0000006a mem 0x800106b1
core   0: 0x800002b6 (0xff388e83) lb      t4, -13(a7)
core   0: 3 0x800002b6 (0xff388e83) x29 0x00000021 mem 0x8001066a
core   0: 0x800002ba (0xfa48c203) lbu     tp, -92(a7)
core   0: 3 0x800002ba (0xfa48c203) x4  0x000000d0 mem 0x8001061b
core   0: 0x800002be (0xfc888503) lb      a0, -56(a7)
core   0: 3 0x800002be (0xfc888503) x10 0xfffffff4 mem 0x8001063f
core   0: 0x800002c2 (0x00008fa5) c.xor   a5, s1
core   0: 3 0x800002c2 (0x8fa5) x15 0x5b89e989
core   0: 0x800002c4 (0xf328cd83) lbu     s11, -206(a7)
core   0: 3 0x800002c4 (0xf328cd83) x27 0x00000062 mem 0x800105a9
core   0: 0x800002c8 (0x000053fd) c.li    t2, -1
core   0: 3 0x800002c8 (0x53fd) x7  0xffffffff
core   0: 0x800002ca (0x09b88983) lb      s3, 155(a7)
core   0: 3 0x800002ca (0x09b88983) x19 0xffffffc9 mem 0x80010712
core   0: 0x800002ce (0x01cf3eb3) sltu    t4, t5, t3
core   0: 3 0x800002ce (0x01cf3eb3) x29 0x00000000
core   0: 0x800002d2 (0x0fb88683) lb      a3, 251(a7)
core   0: 3 0x800002d2 (0x0fb88683) x13 0x00000077 mem 0x80010772
core   0: 0x800002d6 (0xfca88103) lb      sp, -54(a7)
core   0: 3 0x800002d6 (0xfca88103) x2  0xfffffffa mem 0x80010641
core   0: 0x800002da (0xf238ce83) lbu     t4, -221(a7)
core   0: 3 0x800002da (0xf238ce83) x29 0x00000051 mem 0x8001059a
core   0: 0x800002de (0x01988323) sb      s9, 6(a7)
core   0: 3 0x800002de (0x01988323) mem 0x8001067d 0x0f
core   0: 0x800002e2 (0x2dd2eb93) ori     s7, t0, 733
core   0: 3 0x800002e2 (0x2dd2eb93) x23 0x000082dd
core   0: 0x800002e6 (0x00009a7d) c.andi  a2, -1
core   0: 3 0x800002e6 (0x9a7d) x12 0xffffff79
core   0: 0x800002e8 (0xf2d8d483) lhu     s1, -211(a7)
core   0: 3 0x800002e8 (0xf2d8d483) x9  0x00005e5f mem 0x800105a4
core   0: 0x800002ec (0x0308c083) lbu     ra, 48(a7)
core   0: 3 0x800002ec (0x0308c083) x1  0x0000005c mem 0x800106a7
core   0: 0x800002f0 (0xfa4884a3) sb      tp, -87(a7)
core   0: 3 0x800002f0 (0xfa4884a3) mem 0x80010620 0xd0
core   0: 0x800002f4 (0x03188003) lb      zero, 49(a7)
core   0: 3 0x800002f4 (0x03188003) mem 0x800106a8
core   0: 0x800002f8 (0x0ac891a3) sh      a2, 163(a7)
core   0: 3 0x800002f8 (0x0ac891a3) mem 0x8001071a 0xff79
core   0: 0x800002fc (0xfa189c03) lh      s8, -95(a7)
core   0: 3 0x800002fc (0xfa189c03) x24 0xffffd2d3 mem 0x80010618
core   0: 0x80000300 (0x00000151) c.addi  sp, 20
core   0: 3 0x80000300 (0x0151) x2  0x0000000e
core   0: 0x80000302 (0x06a88503) lb      a0, 106(a7)
core   0: 3 0x80000302 (0x06a88503) x10 0xffffff9a mem 0x800106e1
core   0: 0x80000306 (0xf118ea13) ori     s4, a7, -239
core   0: 3 0x80000306 (0xf118ea13) x20 0xffffff77
core   0: 0x8000030a (0xf3c88023) sb      t3, -224(a7)
core   0: 3 0x8000030a (0xf3c88023) mem 0x80010597 0x0a
core   0: 0x8000030e (0x00e006ef) jal     a3, pc + 0xe
core   0: 3 0x8000030e (0x00e006ef) x13 0x80000312
core   0: 0x8000031c (0x0000a011) c.j     pc + 4
core   0: 3 0x8000031c (0xa011)
core   0: 0x80000320 (0xffbff0ef) jal     pc - 0x6
core   0: 3 0x80000320 (0xffbff0ef) x1  0x80000324
core   0: 0x8000031a (0x0000a005) c.j     pc + 32
core   0: 3 0x8000031a (0xa005)
core   0: 0x8000033a (0x00002011) c.jal   pc + 4
core   0: 3 0x8000033a (0x2011) x1  0x8000033c
core   0: 0x8000033e (0xfefff26f) jal     tp, pc - 0x12
core   0: 3 0x8000033e (0xfefff26f) x4  0x80000342
core   0: 0x8000032c (0xff3ff0ef) jal     pc - 0xe
core   0: 3 0x8000032c (0xff3ff0ef) x1  0x80000330
core   0: 0x8000031e (0x0000201d) c.jal   pc + 38
core   0: 3 0x8000031e (0x201d) x1  0x80000320
core   0: 0x80000344 (0x000037fd) c.jal   pc - 18
core   0: 3 0x80000344 (0x37fd) x1  0x80000346
core   0: 0x80000332 (0xfffff3ef) jal     t2, pc - 0x2
core   0: 3 0x80000332 (0xfffff3ef) x7  0x80000336
core   0: 0x80000330 (0x000037cd) c.jal   pc - 30
core   0: 3 0x80000330 (0x37cd) x1  0x80000332
core   0: 0x80000312 (0x030000ef) jal     pc + 0x30
core   0: 3 0x80000312 (0x030000ef) x1  0x80000316
core   0: 0x80000342 (0x00003fd9) c.jal   pc - 42
core   0: 3 0x80000342 (0x3fd9) x1  0x80000344
core   0: 0x80000318 (0x0000bffd) c.j     pc - 2
core   0: 3 0x80000318 (0xbffd)
core   0: 0x80000316 (0x0000a81d) c.j     pc + 54
core   0: 3 0x80000316 (0xa81d)
core   0: 0x8000034c (0x0000bfed) c.j     pc - 6
core   0: 3 0x8000034c (0xbfed)
core   0: 0x80000346 (0x0000a021) c.j     pc + 8
core   0: 3 0x80000346 (0xa021)
core   0: 0x8000034e (0x0000bfd9) c.j     pc - 42
core   0: 3 0x8000034e (0xbfd9)
core   0: 0x80000324 (0x0180046f) jal     s0, pc + 0x18
core   0: 3 0x80000324 (0x0180046f) x8  0x80000328
core   0: 0x8000033c (0x00003fed) c.jal   pc - 6
core   0: 3 0x8000033c (0x3fed) x1  0x8000033e
core   0: 0x80000336 (0xff3ff0ef) jal     pc - 0xe
core   0: 3 0x80000336 (0xff3ff0ef) x1  0x8000033a
core   0: 0x80000328 (0x0200026f) jal     tp, pc + 0x20
core   0: 3 0x80000328 (0x0200026f) x4  0x8000032c
core   0: 0x80000348 (0x008000ef) jal     pc + 0x8
core   0: 3 0x80000348 (0x008000ef) x1  0x8000034c
core   0: 0x80000350 (0x0030b9b3) sltu    s3, ra, gp
core   0: 3 0x80000350 (0x0030b9b3) x19 0x00000001
core   0: 0x80000354 (0x00004d81) c.li    s11, 0
core   0: 3 0x80000354 (0x4d81) x27 0x00000000
core   0: 0x80000356 (0x0f8d14b7) lui     s1, 0xf8d1
core   0: 3 0x80000356 (0x0f8d14b7) x9  0x0f8d1000
core   0: 0x8000035a (0x00004631) c.li    a2, 12
core   0: 3 0x8000035a (0x4631) x12 0x0000000c
core   0: 0x8000035c (0x03d543b3) div     t2, a0, t4
core   0: 3 0x8000035c (0x03d543b3) x7  0xffffffff
core   0: 0x80000360 (0x00000001) c.nop
core   0: 3 0x80000360 (0x0001)
core   0: 0x80000362 (0x00000d9d) c.addi  s11, 7
core   0: 3 0x80000362 (0x0d9d) x27 0x00000007
core   0: 0x80000364 (0x00004b81) c.li    s7, 0
core   0: 3 0x80000364 (0x4b81) x23 0x00000000
core   0: 0x80000366 (0x60e7af97) auipc   t6, 0x60e7a
core   0: 3 0x80000366 (0x60e7af97) x31 0xe0e7a366
core   0: 0x8000036a (0x00004e8d) c.li    t4, 3
core   0: 3 0x8000036a (0x4e8d) x29 0x00000003
core   0: 0x8000036c (0x00000d75) c.addi  s10, 29
core   0: 3 0x8000036c (0x0d75) x26 0x0000007b
core   0: 0x8000036e (0x00000b8d) c.addi  s7, 3
core   0: 3 0x8000036e (0x0b8d) x23 0x00000003
core   0: 0x80000370 (0x01a61b33) sll     s6, a2, s10
core   0: 3 0x80000370 (0x01a61b33) x22 0x60000000
core   0: 0x80000374 (0xffdb8ce3) beq     s7, t4, pc - 8
core   0: 3 0x80000374 (0xffdb8ce3)
core   0: 0x8000036c (0x00000d75) c.addi  s10, 29
core   0: 3 0x8000036c (0x0d75) x26 0x00000098
core   0: 0x8000036e (0x00000b8d) c.addi  s7, 3
core   0: 3 0x8000036e (0x0b8d) x23 0x00000006
core   0: 0x80000370 (0x01a61b33) sll     s6, a2, s10
core   0: 3 0x80000370 (0x01a61b33) x22 0x0c000000
core   0: 0x80000374 (0xffdb8ce3) beq     s7, t4, pc - 8
core   0: 3 0x80000374 (0xffdb8ce3)
core   0: 0x80000378 (0x03378d33) mul     s10, a5, s3
core   0: 3 0x80000378 (0x03378d33) x26 0x5b89e989
core   0: 0x8000037c (0xfecdc0e3) blt     s11, a2, pc - 32
core   0: 3 0x8000037c (0xfecdc0e3)
core   0: 0x8000035c (0x03d543b3) div     t2, a0, t4
core   0: 3 0x8000035c (0x03d543b3) x7  0xffffffde
core   0: 0x80000360 (0x00000001) c.nop
core   0: 3 0x80000360 (0x0001)
core   0: 0x80000362 (0x00000d9d) c.addi  s11, 7
core   0: 3 0x80000362 (0x0d9d) x27 0x0000000e
core   0: 0x80000364 (0x00004b81) c.li    s7, 0
core   0: 3 0x80000364 (0x4b81) x23 0x00000000
core   0: 0x80000366 (0x60e7af97) auipc   t6, 0x60e7a
core   0: 3 0x80000366 (0x60e7af97) x31 0xe0e7a366
core   0: 0x8000036a (0x00004e8d) c.li    t4, 3
core   0: 3 0x8000036a (0x4e8d) x29 0x00000003
core   0: 0x8000036c (0x00000d75) c.addi  s10, 29
core   0: 3 0x8000036c (0x0d75) x26 0x5b89e9a6
core   0: 0x8000036e (0x00000b8d) c.addi  s7, 3
core   0: 3 0x8000036e (0x0b8d) x23 0x00000003
core   0: 0x80000370 (0x01a61b33) sll     s6, a2, s10
core   0: 3 0x80000370 (0x01a61b33) x22 0x00000300
core   0: 0x80000374 (0xffdb8ce3) beq     s7, t4, pc - 8
core   0: 3 0x80000374 (0xffdb8ce3)
core   0: 0x8000036c (0x00000d75) c.addi  s10, 29
core   0: 3 0x8000036c (0x0d75) x26 0x5b89e9c3
core   0: 0x8000036e (0x00000b8d) c.addi  s7, 3
core   0: 3 0x8000036e (0x0b8d) x23 0x00000006
core   0: 0x80000370 (0x01a61b33) sll     s6, a2, s10
core   0: 3 0x80000370 (0x01a61b33) x22 0x00000060
core   0: 0x80000374 (0xffdb8ce3) beq     s7, t4, pc - 8
core   0: 3 0x80000374 (0xffdb8ce3)
core   0: 0x80000378 (0x03378d33) mul     s10, a5, s3
core   0: 3 0x80000378 (0x03378d33) x26 0x5b89e989
core   0: 0x8000037c (0xfecdc0e3) blt     s11, a2, pc - 32
core   0: 3 0x8000037c (0xfecdc0e3)
core   0: 0x80000380 (0x005ee8b3) or      a7, t4, t0
core   0: 3 0x80000380 (0x005ee8b3) x17 0x00008003
core   0: 0x80000384 (0x00011117) auipc   sp, 0x11
core   0: 3 0x80000384 (0x00011117) x2  0x80011384
core   0: 0x80000388 (0x85c10113) addi    sp, sp, -1956
core   0: 3 0x80000388 (0x85c10113) x2  0x80010be0
core   0: 0x8000038c (0xf6e14c03) lbu     s8, -146(sp)
core   0: 3 0x8000038c (0xf6e14c03) x24 0x00000005 mem 0x80010b4e
core   0: 0x80000390 (0xf6e10a03) lb      s4, -146(sp)
core   0: 3 0x80000390 (0xf6e10a03) x20 0x00000005 mem 0x80010b4e
core   0: 0x80000394 (0xfb615f83) lhu     t6, -74(sp)
core   0: 3 0x80000394 (0xfb615f83) x31 0x00004c4d mem 0x80010b96
core   0: 0x80000398 (0x24310883) lb      a7, 579(sp)
core   0: 3 0x80000398 (0x24310883) x17 0xffffffd8 mem 0x80010e23
core   0: 0x8000039c (0xe9e15403) lhu     s0, -354(sp)
core   0: 3 0x8000039c (0xe9e15403) x8  0x00003435 mem 0x80010a7e
core   0: 0x800003a0 (0xe9e11883) lh      a7, -354(sp)
core   0: 3 0x800003a0 (0xe9e11883) x17 0x00003435 mem 0x80010a7e
core   0: 0x800003a4 (0xf6b10283) lb      t0, -149(sp)
core   0: 3 0x800003a4 (0xf6b10283) x5  0x00000000 mem 0x80010b4b
core   0: 0x800003a8 (0x06e10983) lb      s3, 110(sp)
core   0: 3 0x800003a8 (0x06e10983) x19 0x00000005 mem 0x80010c4e
core   0: 0x800003ac (0x36314e03) lbu     t3, 867(sp)
core   0: 3 0x800003ac (0x36314e03) x28 0x000000f8 mem 0x80010f43
core   0: 0x800003b0 (0x00000195) c.addi  gp, 5
core   0: 3 0x800003b0 (0x0195) x3  0xffffff4d
core   0: 0x800003b2 (0x20d11723) sh      a3, 526(sp)
core   0: 3 0x800003b2 (0x20d11723) mem 0x80010dee 0x0312
core   0: 0x800003b6 (0xc1210c03) lb      s8, -1006(sp)
core   0: 3 0x800003b6 (0xc1210c03) x24 0xffffffa9 mem 0x800107f2
core   0: 0x800003ba (0x16f14183) lbu     gp, 367(sp)
core   0: 3 0x800003ba (0x16f14183) x3  0x00000004 mem 0x80010d4f
core   0: 0x800003be (0x16f10383) lb      t2, 367(sp)
core   0: 3 0x800003be (0x16f10383) x7  0x00000004 mem 0x80010d4f
core   0: 0x800003c2 (0xcaf10383) lb      t2, -849(sp)
core   0: 3 0x800003c2 (0xcaf10383) x7  0x00000044 mem 0x8001088f
core   0: 0x800003c6 (0x024927b3) mulhsu  a5, s2, tp
core   0: 3 0x800003c6 (0x024927b3) x15 0xfffffff1
core   0: 0x800003ca (0xbfc11223) sh      t3, -1052(sp)
core   0: 3 0x800003ca (0xbfc11223) mem 0x800107c4 0x00f8
core   0: 0x800003ce (0x33a14703) lbu     a4, 826(sp)
core   0: 3 0x800003ce (0x33a14703) x14 0x000000d1 mem 0x80010f1a
core   0: 0x800003d2 (0x33a10183) lb      gp, 826(sp)
core   0: 3 0x800003d2 (0x33a10183) x3  0xffffffd1 mem 0x80010f1a
core   0: 0x800003d6 (0xc1c10aa3) sb      t3, -1003(sp)
core   0: 3 0x800003d6 (0xc1c10aa3) mem 0x800107f5 0xf8
core   0: 0x800003da (0x00019117) auipc   sp, 0x19
core   0: 3 0x800003da (0x00019117) x2  0x800193da
core   0: 0x800003de (0xba410113) addi    sp, sp, -1116
core   0: 3 0x800003de (0xba410113) x2  0x80018f7e
core   0: 0x800003e2 (0xddd18393) addi    t2, gp, -547
core   0: 3 0x800003e2 (0xddd18393) x7  0xfffffdae
core   0: 0x800003e6 (0x89314083) lbu     ra, -1901(sp)
core   0: 3 0x800003e6 (0x89314083) x1  0x000000ca mem 0x80018811
core   0: 0x800003ea (0x6341b697) auipc   a3, 0x6341b
core   0: 3 0x800003ea (0x6341b697) x13 0xe341b3ea
core   0: 0x800003ee (0x0216f4b3) remu    s1, a3, ra
core   0: 3 0x800003ee (0x0216f4b3) x9  0x0000005a
core   0: 0x800003f2 (0xda815683) lhu     a3, -600(sp)
core   0: 3 0x800003f2 (0xda815683) x13 0x0000dcdd mem 0x80018d26
core   0: 0x800003f6 (0xdcb14003) lbu     zero, -565(sp)
core   0: 3 0x800003f6 (0xdcb14003) mem 0x80018d49
core   0: 0x800003fa (0x727101a3) sb      t2, 1827(sp)
core   0: 3 0x800003fa (0x727101a3) mem 0x800196a1 0xae
core   0: 0x800003fe (0x007021b3) slt     gp, zero, t2
core   0: 3 0x800003fe (0x007021b3) x3  0x00000000
core   0: 0x80000402 (0x22e10483) lb      s1, 558(sp)
core   0: 3 0x80000402 (0x22e10483) x9  0x00000067 mem 0x800191ac
core   0: 0x80000406 (0x3f815003) lhu     zero, 1016(sp)
core   0: 3 0x80000406 (0x3f815003) mem 0x80019376
core   0: 0x8000040a (0x35214183) lbu     gp, 850(sp)
core   0: 3 0x8000040a (0x35214183) x3  0x0000008b mem 0x800192d0
core   0: 0x8000040e (0xcaa11383) lh      t2, -854(sp)
core   0: 3 0x8000040e (0xcaa11383) x7  0xffffe2e3 mem 0x80018c28
core   0: 0x80000412 (0x0200f6b3) remu    a3, ra, zero
core   0: 3 0x80000412 (0x0200f6b3) x13 0x000000ca
core   0: 0x80000416 (0xb41101a3) sb      ra, -1213(sp)
core   0: 3 0x80000416 (0xb41101a3) mem 0x80018ac1 0xca
core   0: 0x8000041a (0x40314383) lbu     t2, 1027(sp)
core   0: 3 0x8000041a (0x40314383) x7  0x0000003a mem 0x80019381
core   0: 0x8000041e (0xfda04393) xori    t2, zero, -38
core   0: 3 0x8000041e (0xfda04393) x7  0xffffffda
core   0: 0x80000422 (0x0094d033) srl     zero, s1, s1
core   0: 3 0x80000422 (0x0094d033)
core   0: 0x80000426 (0x75f14683) lbu     a3, 1887(sp)
core   0: 3 0x80000426 (0x75f14683) x13 0x00000096 mem 0x800196dd
core   0: 0x8000042a (0x26710ea3) sb      t2, 637(sp)
core   0: 3 0x8000042a (0x26710ea3) mem 0x800191fb 0xda
core   0: 0x8000042e (0x84d10ba3) sb      a3, -1961(sp)
core   0: 3 0x8000042e (0x84d10ba3) mem 0x800187d5 0x96
core   0: 0x80000432 (0x00008ce5) c.and   s1, s1
core   0: 3 0x80000432 (0x8ce5) x9  0x00000067
core   0: 0x80000434 (0x8ba12003) lw      zero, -1862(sp)
core   0: 3 0x80000434 (0x8ba12003) mem 0x80018838
core   0: 0x80000438 (0x51f14083) lbu     ra, 1311(sp)
core   0: 3 0x80000438 (0x51f14083) x1  0x00000056 mem 0x8001949d
core   0: 0x8000043c (0x04814483) lbu     s1, 72(sp)
core   0: 3 0x8000043c (0x04814483) x9  0x0000007d mem 0x80018fc6
core   0: 0x80000440 (0x0070c1b3) xor     gp, ra, t2
core   0: 3 0x80000440 (0x0070c1b3) x3  0xffffff8c
core   0: 0x80000444 (0x00008cb5) c.xor   s1, a3
core   0: 3 0x80000444 (0x8cb5) x9  0x000000eb
core   0: 0x80000446 (0x4f514683) lbu     a3, 1269(sp)
core   0: 3 0x80000446 (0x4f514683) x13 0x00000028 mem 0x80019473
core   0: 0x8000044a (0x0033d3b3) srl     t2, t2, gp
core   0: 3 0x8000044a (0x0033d3b3) x7  0x000fffff
core   0: 0x8000044e (0x0096a033) slt     zero, a3, s1
core   0: 3 0x8000044e (0x0096a033)
core   0: 0x80000452 (0x001033b3) snez    t2, ra
core   0: 3 0x80000452 (0x001033b3) x7  0x00000001
core   0: 0x80000456 (0xde1104a3) sb      ra, -535(sp)
core   0: 3 0x80000456 (0xde1104a3) mem 0x80018d67 0x56
core   0: 0x8000045a (0x00008089) c.srli  s1, 2
core   0: 3 0x8000045a (0x8089) x9  0x0000003a
core   0: 0x8000045c (0x00008ee5) c.and   a3, s1
core   0: 3 0x8000045c (0x8ee5) x13 0x00000028
core   0: 0x8000045e (0x54514683) lbu     a3, 1349(sp)
core   0: 3 0x8000045e (0x54514683) x13 0x00000078 mem 0x800194c3
core   0: 0x80000462 (0x94012523) sw      zero, -1718(sp)
core   0: 3 0x80000462 (0x94012523) mem 0x800188c8 0x00000000
core   0: 0x80000466 (0x0273b3b3) mulhu   t2, t2, t2
core   0: 3 0x80000466 (0x0273b3b3) x7  0x00000000
core   0: 0x8000046a (0xd6d107a3) sb      a3, -657(sp)
core   0: 3 0x8000046a (0xd6d107a3) mem 0x80018ced 0x78
core   0: 0x8000046e (0x11110383) lb      t2, 273(sp)
core   0: 3 0x8000046e (0x11110383) x7  0x00000044 mem 0x8001908f
core   0: 0x80000472 (0xd23870b7) lui     ra, 0xd2387
core   0: 3 0x80000472 (0xd23870b7) x1  0xd2387000
core   0: 0x80000476 (0x0000839e) c.mv    t2, t2
core   0: 3 0x80000476 (0x839e) x7  0x00000044
core   0: 0x80000478 (0x67910483) lb      s1, 1657(sp)
core   0: 3 0x80000478 (0x67910483) x9  0xffffffac mem 0x800195f7
core   0: 0x8000047c (0x00d1e1b3) or      gp, gp, a3
core   0: 3 0x8000047c (0x00d1e1b3) x3  0xfffffffc
core   0: 0x80000480 (0x00a4d013) srli    zero, s1, 10
core   0: 3 0x80000480 (0x00a4d013)
core   0: 0x80000484 (0x12d10c23) sb      a3, 312(sp)
core   0: 3 0x80000484 (0x12d10c23) mem 0x800190b6 0x78
core   0: 0x80000488 (0x00010797) auipc   a5, 0x10
core   0: 3 0x80000488 (0x00010797) x15 0x80010488
core   0: 0x8000048c (0x71d78793) addi    a5, a5, 1821
core   0: 3 0x8000048c (0x71d78793) x15 0x80010ba5
core   0: 0x80000490 (0x00008ab1) c.andi  a3, 12
core   0: 3 0x80000490 (0x8ab1) x13 0x00000008
core   0: 0x80000492 (0x01b688b3) add     a7, a3, s11
core   0: 3 0x80000492 (0x01b688b3) x17 0x00000016
core   0: 0x80000496 (0x02d6be33) mulhu   t3, a3, a3
core   0: 3 0x80000496 (0x02d6be33) x28 0x00000000
core   0: 0x8000049a (0xffc78c23) sb      t3, -8(a5)
core   0: 3 0x8000049a (0xffc78c23) mem 0x80010b9d 0x00
core   0: 0x8000049e (0x00008eb5) c.xor   a3, a3
core   0: 3 0x8000049e (0x8eb5) x13 0x00000000
core   0: 0x800004a0 (0x01cfadb3) slt     s11, t6, t3
core   0: 3 0x800004a0 (0x01cfadb3) x27 0x00000000
core   0: 0x800004a4 (0xff579d83) lh      s11, -11(a5)
core   0: 3 0x800004a4 (0xff579d83) x27 0x00005051 mem 0x80010b9a
core   0: 0x800004a8 (0xff4d8f93) addi    t6, s11, -12
core   0: 3 0x800004a8 (0xff4d8f93) x31 0x00005045
core   0: 0x800004ac (0xff178923) sb      a7, -14(a5)
core   0: 3 0x800004ac (0xff178923) mem 0x80010b97 0x16
core   0: 0x800004b0 (0xffb7aba3) sw      s11, -9(a5)
core   0: 3 0x800004b0 (0xffb7aba3) mem 0x80010b9c 0x00005051
core   0: 0x800004b4 (0x00008ad5) c.andi  a3, 21
core   0: 3 0x800004b4 (0x8ad5) x13 0x00000000
core   0: 0x800004b6 (0x0047cd03) lbu     s10, 4(a5)
core   0: 3 0x800004b6 (0x0047cd03) x26 0x00000062 mem 0x80010ba9
core   0: 0x800004ba (0x011782a3) sb      a7, 5(a5)
core   0: 3 0x800004ba (0x011782a3) mem 0x80010baa 0x16
core   0: 0x800004be (0x03a6fd33) remu    s10, a3, s10
core   0: 3 0x800004be (0x03a6fd33) x26 0x00000000
core   0: 0x800004c2 (0x01fe78b3) and     a7, t3, t6
core   0: 3 0x800004c2 (0x01fe78b3) x17 0x00000000
core   0: 0x800004c6 (0x5096cd13) xori    s10, a3, 1289
core   0: 3 0x800004c6 (0x5096cd13) x26 0x00000509
core   0: 0x800004ca (0x00d78123) sb      a3, 2(a5)
core   0: 3 0x800004ca (0x00d78123) mem 0x80010ba7 0x00
core   0: 0x800004ce (0x018dd893) srli    a7, s11, 24
core   0: 3 0x800004ce (0x018dd893) x17 0x00000000
core   0: 0x800004d2 (0xff178b23) sb      a7, -10(a5)
core   0: 3 0x800004d2 (0xff178b23) mem 0x80010b9b 0x00
core   0: 0x800004d6 (0x01f787a3) sb      t6, 15(a5)
core   0: 3 0x800004d6 (0x01f787a3) mem 0x80010bb4 0x45
core   0: 0x800004da (0x41d6dd93) srai    s11, a3, 29
core   0: 3 0x800004da (0x41d6dd93) x27 0x00000000
core   0: 0x800004de (0x00008ed5) c.or    a3, a3
core   0: 3 0x800004de (0x8ed5) x13 0x00000000
core   0: 0x800004e0 (0x01b78523) sb      s11, 10(a5)
core   0: 3 0x800004e0 (0x01b78523) mem 0x80010baf 0x00
core   0: 0x800004e4 (0xffb7de03) lhu     t3, -5(a5)
core   0: 3 0x800004e4 (0xffb7de03) x28 0x00005a5b mem 0x80010ba0
core   0: 0x800004e8 (0xffb7ae03) lw      t3, -5(a5)
core   0: 3 0x800004e8 (0xffb7ae03) x28 0x58595a5b mem 0x80010ba0
core   0: 0x800004ec (0x031d7db3) remu    s11, s10, a7
core   0: 3 0x800004ec (0x031d7db3) x27 0x00000509
core   0: 0x800004f0 (0x011ffe33) and     t3, t6, a7
core   0: 3 0x800004f0 (0x011ffe33) x28 0x00000000
core   0: 0x800004f4 (0xff178a23) sb      a7, -12(a5)
core   0: 3 0x800004f4 (0xff178a23) mem 0x80010b99 0x00
core   0: 0x800004f8 (0xffa78e23) sb      s10, -4(a5)
core   0: 3 0x800004f8 (0xffa78e23) mem 0x80010ba1 0x09
core   0: 0x800004fc (0x00000d71) c.addi  s10, 28
core   0: 3 0x800004fc (0x0d71) x26 0x00000525
core   0: 0x800004fe (0x3a86c693) xori    a3, a3, 936
core   0: 3 0x800004fe (0x3a86c693) x13 0x000003a8
core   0: 0x80000502 (0x00f79883) lh      a7, 15(a5)
core   0: 3 0x80000502 (0x00f79883) x17 0x00006e45 mem 0x80010bb4
core   0: 0x80000506 (0x263d4d13) xori    s10, s10, 611
core   0: 3 0x80000506 (0x263d4d13) x26 0x00000746
core   0: 0x8000050a (0x00008aa5) c.andi  a3, 9
core   0: 3 0x8000050a (0x8aa5) x13 0x00000008
core   0: 0x8000050c (0x00005d7d) c.li    s10, -1
core   0: 3 0x8000050c (0x5d7d) x26 0xffffffff
core   0: 0x8000050e (0xffc78ba3) sb      t3, -9(a5)
core   0: 3 0x8000050e (0xffc78ba3) mem 0x80010b9c 0x00
core   0: 0x80000512 (0x00379d03) lh      s10, 3(a5)
core   0: 3 0x80000512 (0x00379d03) x26 0x00006263 mem 0x80010ba8
core   0: 0x80000516 (0x40d688b3) sub     a7, a3, a3
core   0: 3 0x80000516 (0x40d688b3) x17 0x00000000
core   0: 0x8000051a (0x40dfd8b3) sra     a7, t6, a3
core   0: 3 0x8000051a (0x40dfd8b3) x17 0x00000050
core   0: 0x8000051e (0x0116cfb3) xor     t6, a3, a7
core   0: 3 0x8000051e (0x0116cfb3) x31 0x00000058
core   0: 0x80000522 (0x00a7cd03) lbu     s10, 10(a5)
core   0: 3 0x80000522 (0x00a7cd03) x26 0x00000000 mem 0x80010baf
core   0: 0x80000526 (0x00000001) c.nop
core   0: 3 0x80000526 (0x0001)
core   0: 0x80000528 (0xff179d03) lh      s10, -15(a5)
core   0: 3 0x80000528 (0xff179d03) x26 0x0000164d mem 0x80010b96
core   0: 0x8000052c (0x01f781a3) sb      t6, 3(a5)
core   0: 3 0x8000052c (0x01f781a3) mem 0x80010ba8 0x58
core   0: 0x80000530 (0xff57df83) lhu     t6, -11(a5)
core   0: 3 0x80000530 (0xff57df83) x31 0x00000051 mem 0x80010b9a
core   0: 0x80000534 (0xfff78f23) sb      t6, -2(a5)
core   0: 3 0x80000534 (0xfff78f23) mem 0x80010ba3 0x51
core   0: 0x80000538 (0x00a7ce03) lbu     t3, 10(a5)
core   0: 3 0x80000538 (0x00a7ce03) x28 0x00000000 mem 0x80010baf
core   0: 0x8000053c (0x41fd08b3) sub     a7, s10, t6
core   0: 3 0x8000053c (0x41fd08b3) x17 0x000015fc
core   0: 0x80000540 (0xffb79f83) lh      t6, -5(a5)
core   0: 3 0x80000540 (0xffb79f83) x31 0x0000095b mem 0x80010ba0
core   0: 0x80000544 (0x006e1d93) slli    s11, t3, 6
core   0: 3 0x80000544 (0x006e1d93) x27 0x00000000
core   0: 0x80000548 (0x00000001) c.nop
core   0: 3 0x80000548 (0x0001)
core   0: 0x8000054a (0xc0d2c6b7) lui     a3, 0xc0d2c
core   0: 3 0x8000054a (0xc0d2c6b7) x13 0xc0d2c000
core   0: 0x8000054e (0x01ae68b3) or      a7, t3, s10
core   0: 3 0x8000054e (0x01ae68b3) x17 0x0000164d
core   0: 0x80000552 (0xffc799a3) sh      t3, -13(a5)
core   0: 3 0x80000552 (0xffc799a3) mem 0x80010b98 0x0000
core   0: 0x80000556 (0x03fd38b3) mulhu   a7, s10, t6
core   0: 3 0x80000556 (0x03fd38b3) x17 0x00000000
core   0: 0x8000055a (0xffd7ce03) lbu     t3, -3(a5)
core   0: 3 0x8000055a (0xffd7ce03) x28 0x00000059 mem 0x80010ba2
core   0: 0x8000055e (0x00010b17) auipc   s6, 0x10
core   0: 3 0x8000055e (0x00010b17) x22 0x8001055e
core   0: 0x80000562 (0x53fb0b13) addi    s6, s6, 1343
core   0: 3 0x80000562 (0x53fb0b13) x22 0x80010a9d
core   0: 0x80000566 (0xd0c1a913) slti    s2, gp, -756
core   0: 3 0x80000566 (0xd0c1a913) x18 0x00000000
core   0: 0x8000056a (0x01eb4f83) lbu     t6, 30(s6)
core   0: 3 0x8000056a (0x01eb4f83) x31 0x00000070 mem 0x80010abb
core   0: 0x8000056e (0x01bb0f23) sb      s11, 30(s6)
core   0: 3 0x8000056e (0x01bb0f23) mem 0x80010abb 0x00
core   0: 0x80000572 (0x01cb0f23) sb      t3, 30(s6)
core   0: 3 0x80000572 (0x01cb0f23) mem 0x80010abb 0x59
core   0: 0x80000576 (0x00c39433) sll     s0, t2, a2
core   0: 3 0x80000576 (0x00c39433) x8  0x00044000
core   0: 0x8000057a (0x007b0f23) sb      t2, 30(s6)
core   0: 3 0x8000057a (0x007b0f23) mem 0x80010abb 0x44
core   0: 0x8000057e (0x933a8e93) addi    t4, s5, -1741
core   0: 3 0x8000057e (0x933a8e93) x29 0xff1cea6f
core   0: 0x80000582 (0x01eb4e03) lbu     t3, 30(s6)
core   0: 3 0x80000582 (0x01eb4e03) x28 0x00000044 mem 0x80010abb
core   0: 0x80000586 (0x01eb4783) lbu     a5, 30(s6)
core   0: 3 0x80000586 (0x01eb4783) x15 0x00000044 mem 0x80010abb
core   0: 0x8000058a (0x000b0f23) sb      zero, 30(s6)
core   0: 3 0x8000058a (0x000b0f23) mem 0x80010abb 0x00
core   0: 0x8000058e (0x01eb4203) lbu     tp, 30(s6)
core   0: 3 0x8000058e (0x01eb4203) x4  0x00000000 mem 0x80010abb
core   0: 0x80000592 (0x01eb4903) lbu     s2, 30(s6)
core   0: 3 0x80000592 (0x01eb4903) x18 0x00000000 mem 0x80010abb
core   0: 0x80000596 (0x000b0f23) sb      zero, 30(s6)
core   0: 3 0x80000596 (0x000b0f23) mem 0x80010abb 0x00
core   0: 0x8000059a (0x0001c117) auipc   sp, 0x1c
core   0: 3 0x8000059a (0x0001c117) x2  0x8001c59a
core   0: 0x8000059e (0xdb010113) addi    sp, sp, -592
core   0: 3 0x8000059e (0xdb010113) x2  0x8001c34a
core   0: 0x800005a2 (0x5c914e03) lbu     t3, 1481(sp)
core   0: 3 0x800005a2 (0x5c914e03) x28 0x000000c8 mem 0x8001c913
core   0: 0x800005a6 (0x5cc104a3) sb      a2, 1481(sp)
core   0: 3 0x800005a6 (0x5cc104a3) mem 0x8001c913 0x0c
core   0: 0x800005aa (0x5c914403) lbu     s0, 1481(sp)
core   0: 3 0x800005aa (0x5c914403) x8  0x0000000c mem 0x8001c913
core   0: 0x800005ae (0x000066e5) c.lui   a3, 0x19
core   0: 3 0x800005ae (0x66e5) x13 0x00019000
core   0: 0x800005b0 (0xb90e0393) addi    t2, t3, -1136
core   0: 3 0x800005b0 (0xb90e0393) x7  0xfffffc58
core   0: 0x800005b4 (0x5c914903) lbu     s2, 1481(sp)
core   0: 3 0x800005b4 (0x5c914903) x18 0x0000000c mem 0x8001c913
core   0: 0x800005b8 (0x00008e5d) c.or    a2, a5
core   0: 3 0x800005b8 (0x8e5d) x12 0x0000004c
core   0: 0x800005ba (0x5d4104a3) sb      s4, 1481(sp)
core   0: 3 0x800005ba (0x5d4104a3) mem 0x8001c913 0x05
core   0: 0x800005be (0x5c910783) lb      a5, 1481(sp)
core   0: 3 0x800005be (0x5c910783) x15 0x00000005 mem 0x8001c913
core   0: 0x800005c2 (0x006d2db3) slt     s11, s10, t1
core   0: 3 0x800005c2 (0x006d2db3) x27 0x00000000
core   0: 0x800005c6 (0x00b38e33) add     t3, t2, a1
core   0: 3 0x800005c6 (0x00b38e33) x28 0x8002993c
core   0: 0x800005ca (0x3857c793) xori    a5, a5, 901
core   0: 3 0x800005ca (0x3857c793) x15 0x00000380
core   0: 0x800005ce (0x5c910803) lb      a6, 1481(sp)
core   0: 3 0x800005ce (0x5c910803) x16 0x00000005 mem 0x8001c913
core   0: 0x800005d2 (0x5c914783) lbu     a5, 1481(sp)
core   0: 3 0x800005d2 (0x5c914783) x15 0x00000005 mem 0x8001c913
core   0: 0x800005d6 (0x5c910503) lb      a0, 1481(sp)
core   0: 3 0x800005d6 (0x5c910503) x10 0x00000005 mem 0x8001c913
core   0: 0x800005da (0x5c2104a3) sb      sp, 1481(sp)
core   0: 3 0x800005da (0x5c2104a3) mem 0x8001c913 0x4a
core   0: 0x800005de (0x5da104a3) sb      s10, 1481(sp)
core   0: 3 0x800005de (0x5da104a3) mem 0x8001c913 0x4d
core   0: 0x800005e2 (0x5c910903) lb      s2, 1481(sp)
core   0: 3 0x800005e2 (0x5c910903) x18 0x0000004d mem 0x8001c913
core   0: 0x800005e6 (0x78e11a23) sh      a4, 1940(sp)
core   0: 3 0x800005e6 (0x78e11a23) mem 0x8001cade 0x00d1
core   0: 0x800005ea (0x79411d83) lh      s11, 1940(sp)
core   0: 3 0x800005ea (0x79411d83) x27 0x000000d1 mem 0x8001cade
core   0: 0x800005ee (0x79415083) lhu     ra, 1940(sp)
core   0: 3 0x800005ee (0x79415083) x1  0x000000d1 mem 0x8001cade
core   0: 0x800005f2 (0x79415703) lhu     a4, 1940(sp)
core   0: 3 0x800005f2 (0x79415703) x14 0x000000d1 mem 0x8001cade
core   0: 0x800005f6 (0x00010117) auipc   sp, 0x10
core   0: 3 0x800005f6 (0x00010117) x2  0x800105f6
core   0: 0x800005fa (0xdd010113) addi    sp, sp, -560
core   0: 3 0x800005fa (0xdd010113) x2  0x800103c6
core   0: 0x800005fe (0xce014503) lbu     a0, -800(sp)
core   0: 3 0x800005fe (0xce014503) x10 0x0000005d mem 0x800100a6
core   0: 0x80000602 (0x7433f493) andi    s1, t2, 1859
core   0: 3 0x80000602 (0x7433f493) x9  0x00000440
core   0: 0x80000606 (0x009554b3) srl     s1, a0, s1
core   0: 3 0x80000606 (0x009554b3) x9  0x0000005d
core   0: 0x8000060a (0x42910483) lb      s1, 1065(sp)
core   0: 3 0x8000060a (0x42910483) x9  0xffffffa4 mem 0x800107ef
core   0: 0x8000060e (0x0000850d) c.srai  a0, 3
core   0: 3 0x8000060e (0x850d) x10 0x0000000b
core   0: 0x80000610 (0x035043b3) div     t2, zero, s5
core   0: 3 0x80000610 (0x035043b3) x7  0x00000000
core   0: 0x80000614 (0x407adab3) sra     s5, s5, t2
core   0: 3 0x80000614 (0x407adab3) x21 0xff1cf13c
core   0: 0x80000618 (0xcae14983) lbu     s3, -850(sp)
core   0: 3 0x80000618 (0xcae14983) x19 0x0000002f mem 0x80010074
core   0: 0x8000061c (0x03349ab3) mulh    s5, s1, s3
core   0: 3 0x8000061c (0x03349ab3) x21 0xffffffff
core   0: 0x80000620 (0x00a9f533) and     a0, s3, a0
core   0: 3 0x80000620 (0x00a9f533) x10 0x0000000b
core   0: 0x80000624 (0xfcfea497) auipc   s1, 0xfcfea
core   0: 3 0x80000624 (0xfcfea497) x9  0x7cfea624
core   0: 0x80000628 (0x42711d23) sh      t2, 1082(sp)
core   0: 3 0x80000628 (0x42711d23) mem 0x80010800 0x0000
core   0: 0x8000062c (0x58410983) lb      s3, 1412(sp)
core   0: 3 0x8000062c (0x58410983) x19 0x00000001 mem 0x8001094a
core   0: 0x80000630 (0x027aa3b3) mulhsu  t2, s5, t2
core   0: 3 0x80000630 (0x027aa3b3) x7  0x00000000
core   0: 0x80000634 (0x000094a6) c.add   s1, s1
core   0: 3 0x80000634 (0x94a6) x9  0xf9fd4c48
core   0: 0x80000636 (0x63011383) lh      t2, 1584(sp)
core   0: 3 0x80000636 (0x63011383) x7  0xffffacad mem 0x800109f6
core   0: 0x8000063a (0x033044b3) div     s1, zero, s3
core   0: 3 0x8000063a (0x033044b3) x9  0x00000000
core   0: 0x8000063e (0x13514a83) lbu     s5, 309(sp)
core   0: 3 0x8000063e (0x13514a83) x21 0x000000b0 mem 0x800104fb
core   0: 0x80000642 (0x016a9493) slli    s1, s5, 22
core   0: 3 0x80000642 (0x016a9493) x9  0x2c000000
core   0: 0x80000646 (0x000088b9) c.andi  s1, 14
core   0: 3 0x80000646 (0x88b9) x9  0x00000000
core   0: 0x80000648 (0x000098fd) c.andi  s1, -1
core   0: 3 0x80000648 (0x98fd) x9  0x00000000
core   0: 0x8000064a (0x32310503) lb      a0, 803(sp)
core   0: 3 0x8000064a (0x32310503) x10 0xffffffa2 mem 0x800106e9
core   0: 0x8000064e (0x00006ab9) c.lui   s5, 0xe
core   0: 3 0x8000064e (0x6ab9) x21 0x0000e000
core   0: 0x80000650 (0x03f14983) lbu     s3, 63(sp)
core   0: 3 0x80000650 (0x03f14983) x19 0x000000be mem 0x80010405
core   0: 0x80000654 (0x0294c033) div     zero, s1, s1
core   0: 3 0x80000654 (0x0294c033)
core   0: 0x80000658 (0x0000997d) c.andi  a0, -1
core   0: 3 0x80000658 (0x997d) x10 0xffffffa2
core   0: 0x8000065a (0x73c14a83) lbu     s5, 1852(sp)
core   0: 3 0x8000065a (0x73c14a83) x21 0x000000b9 mem 0x80010b02
core   0: 0x8000065e (0x00015817) auipc   a6, 0x15
core   0: 3 0x8000065e (0x00015817) x16 0x8001565e
core   0: 0x80000662 (0x8eb80813) addi    a6, a6, -1813
core   0: 3 0x80000662 (0x8eb80813) x16 0x80014f49
core   0: 0x80000666 (0x014816a3) sh      s4, 13(a6)
core   0: 3 0x80000666 (0x014816a3) mem 0x80014f56 0x0005
core   0: 0x8000066a (0x00781003) lh      zero, 7(a6)
core   0: 3 0x8000066a (0x00781003) mem 0x80014f50
core   0: 0x8000066e (0xfe380923) sb      gp, -14(a6)
core   0: 3 0x8000066e (0xfe380923) mem 0x80014f3b 0xfc
core   0: 0x80000672 (0x00680003) lb      zero, 6(a6)
core   0: 3 0x80000672 (0x00680003) mem 0x80014f4f
core   0: 0x80000676 (0x01da1033) sll     zero, s4, t4
core   0: 3 0x80000676 (0x01da1033)
core   0: 0x8000067a (0x00484603) lbu     a2, 4(a6)
core   0: 3 0x8000067a (0x00484603) x12 0x00000006 mem 0x80014f4d
core   0: 0x8000067e (0x00b81183) lh      gp, 11(a6)
core   0: 3 0x8000067e (0x00b81183) x3  0x00000e0f mem 0x80014f54
core   0: 0x80000682 (0x014806a3) sb      s4, 13(a6)
core   0: 3 0x80000682 (0x014806a3) mem 0x80014f56 0x05
core   0: 0x80000686 (0x00000612) c.slli  a2, 4
core   0: 3 0x80000686 (0x0612) x12 0x00000060
core   0: 0x80000688 (0x00cedeb3) srl     t4, t4, a2
core   0: 3 0x80000688 (0x00cedeb3) x29 0xff1cea6f
core   0: 0x8000068c (0x413e89b3) sub     s3, t4, s3
core   0: 3 0x8000068c (0x413e89b3) x19 0xff1ce9b1
core   0: 0x80000690 (0x003ed1b3) srl     gp, t4, gp
core   0: 3 0x80000690 (0x003ed1b3) x3  0x0001fe39
core   0: 0x80000694 (0x00c84003) lbu     zero, 12(a6)
core   0: 3 0x80000694 (0x00c84003) mem 0x80014f55
core   0: 0x80000698 (0x00880983) lb      s3, 8(a6)
core   0: 3 0x80000698 (0x00880983) x19 0x0000000a mem 0x80014f51
core   0: 0x8000069c (0xff480183) lb      gp, -12(a6)
core   0: 3 0x8000069c (0xff480183) x3  0xfffffff6 mem 0x80014f3d
core   0: 0x800006a0 (0xfe080a23) sb      zero, -12(a6)
core   0: 3 0x800006a0 (0xfe080a23) mem 0x80014f3d 0x00
core   0: 0x800006a4 (0xffd81aa3) sh      t4, -11(a6)
core   0: 3 0x800006a4 (0xffd81aa3) mem 0x80014f3e 0xea6f
core   0: 0x800006a8 (0x00819e93) slli    t4, gp, 8
core   0: 3 0x800006a8 (0x00819e93) x29 0xfffff600
core   0: 0x800006ac (0xdc5a3993) sltiu   s3, s4, -571
core   0: 3 0x800006ac (0xdc5a3993) x19 0x00000001
core   0: 0x800006b0 (0x0000822d) c.srli  a2, 11
core   0: 3 0x800006b0 (0x822d) x12 0x00000000
core   0: 0x800006b2 (0x000ef1b3) and     gp, t4, zero
core   0: 3 0x800006b2 (0x000ef1b3) x3  0x00000000
core   0: 0x800006b6 (0x01480123) sb      s4, 2(a6)
core   0: 3 0x800006b6 (0x01480123) mem 0x80014f4b 0x05
core   0: 0x800006ba (0x01080603) lb      a2, 16(a6)
core   0: 3 0x800006ba (0x01080603) x12 0x00000012 mem 0x80014f59
core   0: 0x800006be (0x003821a3) sw      gp, 3(a6)
core   0: 3 0x800006be (0x003821a3) mem 0x80014f4c 0x00000000
core   0: 0x800006c2 (0xf5e03013) sltiu   zero, zero, -162
core   0: 3 0x800006c2 (0xf5e03013)
core   0: 0x800006c6 (0x00000001) c.nop
core   0: 3 0x800006c6 (0x0001)
core   0: 0x800006c8 (0xffa80603) lb      a2, -6(a6)
core   0: 3 0x800006c8 (0xffa80603) x12 0xfffffff8 mem 0x80014f43
core   0: 0x800006cc (0xfec82ba3) sw      a2, -9(a6)
core   0: 3 0x800006cc (0xfec82ba3) mem 0x80014f40 0xfffffff8
core   0: 0x800006d0 (0x6687ea37) lui     s4, 0x6687e
core   0: 3 0x800006d0 (0x6687ea37) x20 0x6687e000
core   0: 0x800006d4 (0x01d80623) sb      t4, 12(a6)
core   0: 3 0x800006d4 (0x01d80623) mem 0x80014f55 0x00
core   0: 0x800006d8 (0xff484183) lbu     gp, -12(a6)
core   0: 3 0x800006d8 (0xff484183) x3  0x00000000 mem 0x80014f3d
core   0: 0x800006dc (0x01380023) sb      s3, 0(a6)
core   0: 3 0x800006dc (0x01380023) mem 0x80014f49 0x01
core   0: 0x800006e0 (0x018e9193) slli    gp, t4, 24
core   0: 3 0x800006e0 (0x018e9193) x3  0x00000000
core   0: 0x800006e4 (0xff084e83) lbu     t4, -16(a6)
core   0: 3 0x800006e4 (0xff084e83) x29 0x000000f2 mem 0x80014f39
core   0: 0x800006e8 (0x0000499d) c.li    s3, 7
core   0: 3 0x800006e8 (0x499d) x19 0x00000007
core   0: 0x800006ea (0x023eda33) divu    s4, t4, gp
core   0: 3 0x800006ea (0x023eda33) x20 0xffffffff
core   0: 0x800006ee (0x003a3a33) sltu    s4, s4, gp
core   0: 3 0x800006ee (0x003a3a33) x20 0x00000000
core   0: 0x800006f2 (0xffc80a03) lb      s4, -4(a6)
core   0: 3 0x800006f2 (0xffc80a03) x20 0xfffffffe mem 0x80014f45
core   0: 0x800006f6 (0x000815a3) sh      zero, 11(a6)
core   0: 3 0x800006f6 (0x000815a3) mem 0x80014f54 0x0000
core   0: 0x800006fa (0x00c84183) lbu     gp, 12(a6)
core   0: 3 0x800006fa (0x00c84183) x3  0x00000000 mem 0x80014f55
core   0: 0x800006fe (0x0000865d) c.srai  a2, 23
core   0: 3 0x800006fe (0x865d) x12 0xffffffff
core   0: 0x80000700 (0x00000001) c.nop
core   0: 3 0x80000700 (0x0001)
core   0: 0x80000702 (0x01f19a13) slli    s4, gp, 31
core   0: 3 0x80000702 (0x01f19a13) x20 0x00000000
core   0: 0x80000706 (0x00180e83) lb      t4, 1(a6)
core   0: 3 0x80000706 (0x00180e83) x29 0x00000001 mem 0x80014f4a
core   0: 0x8000070a (0x0001a117) auipc   sp, 0x1a
core   0: 3 0x8000070a (0x0001a117) x2  0x8001a70a
core   0: 0x8000070e (0x22910113) addi    sp, sp, 553
core   0: 3 0x8000070e (0x22910113) x2  0x8001a933
core   0: 0x80000712 (0xffe14503) lbu     a0, -2(sp)
core   0: 3 0x80000712 (0xffe14503) x10 0x000000ea mem 0x8001a931
core   0: 0x80000716 (0xfe810f23) sb      s0, -2(sp)
core   0: 3 0x80000716 (0xfe810f23) mem 0x8001a931 0x0c
core   0: 0x8000071a (0xffa11da3) sh      s10, -5(sp)
core   0: 3 0x8000071a (0xffa11da3) mem 0x8001a92e 0x164d
core   0: 0x8000071e (0xff214983) lbu     s3, -14(sp)
core   0: 3 0x8000071e (0xff214983) x19 0x000000de mem 0x8001a925
core   0: 0x80000722 (0xb5cfa713) slti    a4, t6, -1188
core   0: 3 0x80000722 (0xb5cfa713) x14 0x00000000
core   0: 0x80000726 (0x01b10823) sb      s11, 16(sp)
core   0: 3 0x80000726 (0x01b10823) mem 0x8001a943 0xd1
core   0: 0x8000072a (0xff314003) lbu     zero, -13(sp)
core   0: 3 0x8000072a (0xff314003) mem 0x8001a926
core   0: 0x8000072e (0xfe010e23) sb      zero, -4(sp)
core   0: 3 0x8000072e (0xfe010e23) mem 0x8001a92f 0x00
core   0: 0x80000732 (0xffc10003) lb      zero, -4(sp)
core   0: 3 0x80000732 (0xffc10003) mem 0x8001a92f
core   0: 0x80000736 (0x00000001) c.nop
core   0: 3 0x80000736 (0x0001)
core   0: 0x80000738 (0x00914d83) lbu     s11, 9(sp)
core   0: 3 0x80000738 (0x00914d83) x27 0x000000f7 mem 0x8001a93c
core   0: 0x8000073c (0x00f124a3) sw      a5, 9(sp)
core   0: 3 0x8000073c (0x00f124a3) mem 0x8001a93c 0x00000005
core   0: 0x80000740 (0x00911703) lh      a4, 9(sp)
core   0: 3 0x80000740 (0x00911703) x14 0x00000005 mem 0x8001a93c
core   0: 0x80000744 (0xff514203) lbu     tp, -11(sp)
core   0: 3 0x80000744 (0xff514203) x4  0x000000e3 mem 0x8001a928
core   0: 0x80000748 (0xff515a03) lhu     s4, -11(sp)
core   0: 3 0x80000748 (0xff515a03) x20 0x0000e2e3 mem 0x8001a928
core   0: 0x8000074c (0x01510823) sb      s5, 16(sp)
core   0: 3 0x8000074c (0x01510823) mem 0x8001a943 0xb9
core   0: 0x80000750 (0x00017097) auipc   ra, 0x17
core   0: 3 0x80000750 (0x00017097) x1  0x80017750
core   0: 0x80000754 (0x39d08093) addi    ra, ra, 925
core   0: 3 0x80000754 (0x39d08093) x1  0x80017aed
core   0: 0x80000758 (0x016a3b33) sltu    s6, s4, s6
core   0: 3 0x80000758 (0x016a3b33) x22 0x00000001
core   0: 0x8000075c (0x025c7233) remu    tp, s8, t0
core   0: 3 0x8000075c (0x025c7233) x4  0xffffffa9
core   0: 0x80000760 (0xacdc3d17) auipc   s10, 0xacdc3
core   0: 3 0x80000760 (0xacdc3d17) x26 0x2cdc3760
core   0: 0x80000764 (0xf5508023) sb      s5, -192(ra)
core   0: 3 0x80000764 (0xf5508023) mem 0x80017a2d 0xb9
core   0: 0x80000768 (0x01bd5693) srli    a3, s10, 27
core   0: 3 0x80000768 (0x01bd5693) x13 0x00000005
core   0: 0x8000076c (0x0000127d) c.addi  tp, -1
core   0: 3 0x8000076c (0x127d) x4  0xffffffa8
core   0: 0x8000076e (0xfc90cc03) lbu     s8, -55(ra)
core   0: 3 0x8000076e (0xfc90cc03) x24 0x0000006d mem 0x80017ab6
core   0: 0x80000772 (0x04c0c483) lbu     s1, 76(ra)
core   0: 3 0x80000772 (0x04c0c483) x9  0x000000f2 mem 0x80017b39
core   0: 0x80000776 (0x01208283) lb      t0, 18(ra)
core   0: 3 0x80000776 (0x01208283) x5  0xffffffb4 mem 0x80017aff
core   0: 0x8000077a (0x0f709d83) lh      s11, 247(ra)
core   0: 3 0x8000077a (0x0f709d83) x27 0xffff9e9f mem 0x80017be4
core   0: 0x8000077e (0xfed08603) lb      a2, -19(ra)
core   0: 3 0x8000077e (0xfed08603) x12 0xffffff91 mem 0x80017ada
core   0: 0x80000782 (0x1412c793) xori    a5, t0, 321
core   0: 3 0x80000782 (0x1412c793) x15 0xfffffef5
core   0: 0x80000786 (0x40a68133) sub     sp, a3, a0
core   0: 3 0x80000786 (0x40a68133) x2  0xffffff1b
core   0: 0x8000078a (0x7ae68493) addi    s1, a3, 1966
core   0: 3 0x8000078a (0x7ae68493) x9  0x000007b3
core   0: 0x8000078e (0x00408e83) lb      t4, 4(ra)
core   0: 3 0x8000078e (0x00408e83) x29 0xffffffaa mem 0x80017af1
core   0: 0x80000792 (0xfd308223) sb      s3, -60(ra)
core   0: 3 0x80000792 (0xfd308223) mem 0x80017ab1 0xde
core   0: 0x80000796 (0xf3d09f83) lh      t6, -195(ra)
core   0: 3 0x80000796 (0xf3d09f83) x31 0xffffe0e1 mem 0x80017a2a
core   0: 0x8000079a (0x03909db3) mulh    s11, ra, s9
core   0: 3 0x8000079a (0x03909db3) x27 0xfffffff8
core   0: 0x8000079e (0x0de086a3) sb      t5, 205(ra)
core   0: 3 0x8000079e (0x0de086a3) mem 0x80017bba 0x42
core   0: 0x800007a2 (0xfdc0c783) lbu     a5, -36(ra)
core   0: 3 0x800007a2 (0xfdc0c783) x15 0x00000082 mem 0x80017ac9
core   0: 0x800007a6 (0x020088a3) sb      zero, 49(ra)
core   0: 3 0x800007a6 (0x020088a3) mem 0x80017b1e 0x00
core   0: 0x800007aa (0xf6f090a3) sh      a5, -159(ra)
core   0: 3 0x800007aa (0xf6f090a3) mem 0x80017a4e 0x0082
core   0: 0x800007ae (0x01608323) sb      s6, 6(ra)
core   0: 3 0x800007ae (0x01608323) mem 0x80017af3 0x01
core   0: 0x800007b2 (0x0250d503) lhu     a0, 37(ra)
core   0: 3 0x800007b2 (0x0250d503) x10 0x0000c8c9 mem 0x80017b12
core   0: 0x800007b6 (0xf0908e83) lb      t4, -247(ra)
core   0: 3 0x800007b6 (0xf0908e83) x29 0xffffffad mem 0x800179f6
core   0: 0x800007ba (0xfd408e23) sb      s4, -36(ra)
core   0: 3 0x800007ba (0xfd408e23) mem 0x80017ac9 0xe3
core   0: 0x800007be (0x019099a3) sh      s9, 19(ra)
core   0: 3 0x800007be (0x019099a3) mem 0x80017b00 0x000f
core   0: 0x800007c2 (0xf26081a3) sb      t1, -221(ra)
core   0: 3 0x800007c2 (0xf26081a3) mem 0x80017a10 0x64
core   0: 0x800007c6 (0xf8108023) sb      ra, -128(ra)
core   0: 3 0x800007c6 (0xf8108023) mem 0x80017a6d 0xed
core   0: 0x800007ca (0xff608a03) lb      s4, -10(ra)
core   0: 3 0x800007ca (0xff608a03) x20 0xffffff98 mem 0x80017ae3
core   0: 0x800007ce (0x0394b3b3) mulhu   t2, s1, s9
core   0: 3 0x800007ce (0x0394b3b3) x7  0x00000000
core   0: 0x800007d2 (0x04909f03) lh      t5, 73(ra)
core   0: 3 0x800007d2 (0x04909f03) x30 0xffffeced mem 0x80017b36
core   0: 0x800007d6 (0xfe408c03) lb      s8, -28(ra)
core   0: 3 0x800007d6 (0xfe408c03) x24 0xffffff8a mem 0x80017ad1
core   0: 0x800007da (0x0da08923) sb      s10, 210(ra)
core   0: 3 0x800007da (0x0da08923) mem 0x80017bbf 0x60
core   0: 0x800007de (0x0cb08023) sb      a1, 192(ra)
core   0: 3 0x800007de (0x0cb08023) mem 0x80017bad 0xe4
core   0: 0x800007e2 (0x00010497) auipc   s1, 0x10
core   0: 3 0x800007e2 (0x00010497) x9  0x800107e2
core   0: 0x800007e6 (0x10b48493) addi    s1, s1, 267
core   0: 3 0x800007e6 (0x10b48493) x9  0x800108ed
core   0: 0x800007ea (0xff04c683) lbu     a3, -16(s1)
core   0: 3 0x800007ea (0xff04c683) x13 0x00000096 mem 0x800108dd
core   0: 0x800007ee (0xfe448823) sb      tp, -16(s1)
core   0: 3 0x800007ee (0xfe448823) mem 0x800108dd 0xa8
core   0: 0x800007f2 (0xff648823) sb      s6, -16(s1)
core   0: 3 0x800007f2 (0xff648823) mem 0x800108dd 0x01
core   0: 0x800007f6 (0xff04c783) lbu     a5, -16(s1)
core   0: 3 0x800007f6 (0xff04c783) x15 0x00000001 mem 0x800108dd
core   0: 0x800007fa (0x82998213) addi    tp, s3, -2007
core   0: 3 0x800007fa (0x82998213) x4  0xfffff907
core   0: 0x800007fe (0xffc48683) lb      a3, -4(s1)
core   0: 3 0x800007fe (0xffc48683) x13 0xffffffa2 mem 0x800108e9
core   0: 0x80000802 (0xffc4c783) lbu     a5, -4(s1)
core   0: 3 0x80000802 (0xffc4c783) x15 0x000000a2 mem 0x800108e9
core   0: 0x80000806 (0x0084c683) lbu     a3, 8(s1)
core   0: 3 0x80000806 (0x0084c683) x13 0x000000ae mem 0x800108f5
core   0: 0x8000080a (0x000087b6) c.mv    a5, a3
core   0: 3 0x8000080a (0x87b6) x15 0x000000ae
core   0: 0x8000080c (0x00848323) sb      s0, 6(s1)
core   0: 3 0x8000080c (0x00848323) mem 0x800108f3 0x0c
core   0: 0x80000810 (0x00a48323) sb      a0, 6(s1)
core   0: 3 0x80000810 (0x00a48323) mem 0x800108f3 0xc9
core   0: 0x80000814 (0x00448323) sb      tp, 6(s1)
core   0: 3 0x80000814 (0x00448323) mem 0x800108f3 0x07
core   0: 0x80000818 (0x00848323) sb      s0, 6(s1)
core   0: 3 0x80000818 (0x00848323) mem 0x800108f3 0x0c
core   0: 0x8000081c (0x00000001) c.nop
core   0: 3 0x8000081c (0x0001)
core   0: 0x8000081e (0x00b48823) sb      a1, 16(s1)
core   0: 3 0x8000081e (0x00b48823) mem 0x800108fd 0xe4
core   0: 0x80000822 (0x01048a03) lb      s4, 16(s1)
core   0: 3 0x80000822 (0x01048a03) x20 0xffffffe4 mem 0x800108fd
core   0: 0x80000826 (0x01588033) add     zero, a7, s5
core   0: 3 0x80000826 (0x01588033)
core   0: 0x8000082a (0x01848123) sb      s8, 2(s1)
core   0: 3 0x8000082a (0x01848123) mem 0x800108ef 0x8a
core   0: 0x8000082e (0x4096d393) srai    t2, a3, 9
core   0: 3 0x8000082e (0x4096d393) x7  0x00000000
core   0: 0x80000832 (0x0024ce83) lbu     t4, 2(s1)
core   0: 3 0x80000832 (0x0024ce83) x29 0x0000008a mem 0x800108ef
core   0: 0x80000836 (0x00c20f33) add     t5, tp, a2
core   0: 3 0x80000836 (0x00c20f33) x30 0xfffff898
core   0: 0x8000083a (0x0024c383) lbu     t2, 2(s1)
core   0: 3 0x8000083a (0x0024c383) x7  0x0000008a mem 0x800108ef
core   0: 0x8000083e (0x0024c683) lbu     a3, 2(s1)
core   0: 3 0x8000083e (0x0024c683) x13 0x0000008a mem 0x800108ef
core   0: 0x80000842 (0x00c006ef) jal     a3, pc + 0xc
core   0: 3 0x80000842 (0x00c006ef) x13 0x80000846
core   0: 0x8000084e (0x0000a009) c.j     pc + 2
core   0: 3 0x8000084e (0xa009)
core   0: 0x80000850 (0x0080066f) jal     a2, pc + 0x8
core   0: 3 0x80000850 (0x0080066f) x12 0x80000854
core   0: 0x80000858 (0x0000bff5) c.j     pc - 4
core   0: 3 0x80000858 (0xbff5)
core   0: 0x80000854 (0x008000ef) jal     pc + 0x8
core   0: 3 0x80000854 (0x008000ef) x1  0x80000858
core   0: 0x8000085c (0xfefff0ef) jal     pc - 0x12
core   0: 3 0x8000085c (0xfefff0ef) x1  0x80000860
core   0: 0x8000084a (0x010000ef) jal     pc + 0x10
core   0: 3 0x8000084a (0x010000ef) x1  0x8000084e
core   0: 0x8000085a (0x0000a019) c.j     pc + 6
core   0: 3 0x8000085a (0xa019)
core   0: 0x80000860 (0xfe9ff0ef) jal     pc - 0x18
core   0: 3 0x80000860 (0xfe9ff0ef) x1  0x80000864
core   0: 0x80000848 (0x00003ffd) c.jal   pc - 2
core   0: 3 0x80000848 (0x3ffd) x1  0x8000084a
core   0: 0x80000846 (0x0000a839) c.j     pc + 30
core   0: 3 0x80000846 (0xa839)
core   0: 0x80000864 (0x5aac7d93) andi    s11, s8, 1450
core   0: 3 0x80000864 (0x5aac7d93) x27 0x0000058a
core   0: 0x80000868 (0x00019e17) auipc   t3, 0x19
core   0: 3 0x80000868 (0x00019e17) x28 0x80019868
core   0: 0x8000086c (0xc6fe0e13) addi    t3, t3, -913
core   0: 3 0x8000086c (0xc6fe0e13) x28 0x800194d7
core   0: 0x80000870 (0x01591533) sll     a0, s2, s5
core   0: 3 0x80000870 (0x01591533) x10 0x9a000000
core   0: 0x80000874 (0x033e4c03) lbu     s8, 51(t3)
core   0: 3 0x80000874 (0x033e4c03) x24 0x000000c1 mem 0x8001950a
core   0: 0x80000878 (0xfafe0123) sb      a5, -94(t3)
core   0: 3 0x80000878 (0xfafe0123) mem 0x80019479 0xae
core   0: 0x8000087c (0x00008e71) c.and   a2, a2
core   0: 3 0x8000087c (0x8e71) x12 0x80000854
core   0: 0x8000087e (0x0000875d) c.srai  a4, 23
core   0: 3 0x8000087e (0x875d) x14 0x00000000
core   0: 0x80000880 (0x000001ba) c.slli  gp, 14
core   0: 3 0x80000880 (0x01ba) x3  0x00000000
core   0: 0x80000882 (0x04ce4183) lbu     gp, 76(t3)
core   0: 3 0x80000882 (0x04ce4183) x3  0x000000d8 mem 0x80019523
core   0: 0x80000886 (0x000009ad) c.addi  s3, 11
core   0: 3 0x80000886 (0x09ad) x19 0x000000e9
core   0: 0x80000888 (0x68982d97) auipc   s11, 0x68982
core   0: 3 0x80000888 (0x68982d97) x27 0xe8982888
core   0: 0x8000088c (0x02f6f8b3) remu    a7, a3, a5
core   0: 3 0x8000088c (0x02f6f8b3) x17 0x00000026
core   0: 0x80000890 (0x027e0423) sb      t2, 40(t3)
core   0: 3 0x80000890 (0x027e0423) mem 0x800194ff 0x8a
core   0: 0x80000894 (0xf72e2aa3) sw      s2, -139(t3)
core   0: 3 0x80000894 (0xf72e2aa3) mem 0x8001944c 0x0000004d
core   0: 0x80000898 (0x01e67b33) and     s6, a2, t5
core   0: 3 0x80000898 (0x01e67b33) x22 0x80000810
core   0: 0x8000089c (0xff9e4b03) lbu     s6, -7(t3)
core   0: 3 0x8000089c (0xff9e4b03) x22 0x0000008b mem 0x800194d0
core   0: 0x800008a0 (0x019e2c03) lw      s8, 25(t3)
core   0: 3 0x800008a0 (0x019e2c03) x24 0xa8a9aaab mem 0x800194f0
core   0: 0x800008a4 (0xf55e5803) lhu     a6, -171(t3)
core   0: 3 0x800008a4 (0xf55e5803) x16 0x0000e6e7 mem 0x8001942c
core   0: 0x800008a8 (0x0dce0623) sb      t3, 204(t3)
core   0: 3 0x800008a8 (0x0dce0623) mem 0x800195a3 0xd7
core   0: 0x800008ac (0x3e257e93) andi    t4, a0, 994
core   0: 3 0x800008ac (0x3e257e93) x29 0x00000000
core   0: 0x800008b0 (0x0265d4b3) divu    s1, a1, t1
core   0: 3 0x800008b0 (0x0265d4b3) x9  0x00000001
core   0: 0x800008b4 (0xf4de4203) lbu     tp, -179(t3)
core   0: 3 0x800008b4 (0xf4de4203) x4  0x000000df mem 0x80019424
core   0: 0x800008b8 (0x00005b7d) c.li    s6, -1
core   0: 3 0x800008b8 (0x5b7d) x22 0xffffffff
core   0: 0x800008ba (0x00fca533) slt     a0, s9, a5
core   0: 3 0x800008ba (0x00fca533) x10 0x00000001
core   0: 0x800008be (0x032a4bb3) div     s7, s4, s2
core   0: 3 0x800008be (0x032a4bb3) x23 0x00000000
core   0: 0x800008c2 (0xf05e1003) lh      zero, -251(t3)
core   0: 3 0x800008c2 (0xf05e1003) mem 0x800193dc
core   0: 0x800008c6 (0x00008a7d) c.andi  a2, 31
core   0: 3 0x800008c6 (0x8a7d) x12 0x00000014
core   0: 0x800008c8 (0xfe0e4183) lbu     gp, -32(t3)
core   0: 3 0x800008c8 (0xfe0e4183) x3  0x0000006c mem 0x800194b7
core   0: 0x800008cc (0x030006ef) jal     a3, pc + 0x30
core   0: 3 0x800008cc (0x030006ef) x13 0x800008d0
core   0: 0x800008fc (0x00003fe5) c.jal   pc - 8
core   0: 3 0x800008fc (0x3fe5) x1  0x800008fe
core   0: 0x800008f4 (0x00003fcd) c.jal   pc - 14
core   0: 3 0x800008f4 (0x3fcd) x1  0x800008f6
core   0: 0x800008e6 (0x00003fe5) c.jal   pc - 8
core   0: 3 0x800008e6 (0x3fe5) x1  0x800008e8
core   0: 0x800008de (0x00003fed) c.jal   pc - 6
core   0: 3 0x800008de (0x3fed) x1  0x800008e0
core   0: 0x800008d8 (0xff9ff0ef) jal     pc - 0x8
core   0: 3 0x800008d8 (0xff9ff0ef) x1  0x800008dc
core   0: 0x800008d0 (0x00002009) c.jal   pc + 2
core   0: 3 0x800008d0 (0x2009) x1  0x800008d2
core   0: 0x800008d2 (0x0000a01d) c.j     pc + 38
core   0: 3 0x800008d2 (0xa01d)
core   0: 0x800008f8 (0xfddff0ef) jal     pc - 0x24
core   0: 3 0x800008f8 (0xfddff0ef) x1  0x800008fc
core   0: 0x800008d4 (0x00002839) c.jal   pc + 30
core   0: 3 0x800008d4 (0x2839) x1  0x800008d6
core   0: 0x800008f2 (0x00003fed) c.jal   pc - 6
core   0: 3 0x800008f2 (0x3fed) x1  0x800008f4
core   0: 0x800008ec (0x0000a029) c.j     pc + 10
core   0: 3 0x800008ec (0xa029)
core   0: 0x800008f6 (0x00002029) c.jal   pc + 10
core   0: 3 0x800008f6 (0x2029) x1  0x800008f8
core   0: 0x80000900 (0xfe1ff0ef) jal     pc - 0x20
core   0: 3 0x80000900 (0xfe1ff0ef) x1  0x80000904
core   0: 0x800008e0 (0x0000a801) c.j     pc + 16
core   0: 3 0x800008e0 (0xa801)
core   0: 0x800008f0 (0x0000bfed) c.j     pc - 6
core   0: 3 0x800008f0 (0xbfed)
core   0: 0x800008ea (0x00003fe5) c.jal   pc - 8
core   0: 3 0x800008ea (0x3fe5) x1  0x800008ec
core   0: 0x800008e2 (0x006000ef) jal     pc + 0x6
core   0: 3 0x800008e2 (0x006000ef) x1  0x800008e6
core   0: 0x800008e8 (0x0000a019) c.j     pc + 6
core   0: 3 0x800008e8 (0xa019)
core   0: 0x800008ee (0x00002801) c.jal   pc + 16
core   0: 3 0x800008ee (0x2801) x1  0x800008f0
core   0: 0x800008fe (0x0000bff9) c.j     pc - 34
core   0: 3 0x800008fe (0xbff9)
core   0: 0x800008dc (0x0000bfed) c.j     pc - 6
core   0: 3 0x800008dc (0xbfed)
core   0: 0x800008d6 (0x0000a03d) c.j     pc + 46
core   0: 3 0x800008d6 (0xa03d)
core   0: 0x80000904 (0x02c57933) remu    s2, a0, a2
core   0: 3 0x80000904 (0x02c57933) x18 0x00000001
core   0: 0x80000908 (0x00010117) auipc   sp, 0x10
core   0: 3 0x80000908 (0x00010117) x2  0x80010908
core   0: 0x8000090c (0xa8210113) addi    sp, sp, -1406
core   0: 3 0x8000090c (0xa8210113) x2  0x8001038a
core   0: 0x80000910 (0x412e5433) sra     s0, t3, s2
core   0: 3 0x80000910 (0x412e5433) x8  0xc000ca6b
core   0: 0x80000914 (0x00e12703) lw      a4, 14(sp)
core   0: 3 0x80000914 (0x00e12703) x14 0x50515253 mem 0x80010398
core   0: 0x80000918 (0x00314983) lbu     s3, 3(sp)
core   0: 3 0x80000918 (0x00314983) x19 0x00000046 mem 0x8001038d
core   0: 0x8000091c (0x00000001) c.nop
core   0: 3 0x8000091c (0x0001)
core   0: 0x8000091e (0x00e10783) lb      a5, 14(sp)
core   0: 3 0x8000091e (0x00e10783) x15 0x00000053 mem 0x80010398
core   0: 0x80000922 (0x02e77e33) remu    t3, a4, a4
core   0: 3 0x80000922 (0x02e77e33) x28 0x00000000
core   0: 0x80000926 (0xfee12923) sw      a4, -14(sp)
core   0: 3 0x80000926 (0xfee12923) mem 0x8001037c 0x50515253
core   0: 0x8000092a (0x41c409b3) sub     s3, s0, t3
core   0: 3 0x8000092a (0x41c409b3) x19 0xc000ca6b
core   0: 0x8000092e (0x00a15403) lhu     s0, 10(sp)
core   0: 3 0x8000092e (0x00a15403) x8  0x00004e4f mem 0x80010394
core   0: 0x80000932 (0x02f9d433) divu    s0, s3, a5
core   0: 3 0x80000932 (0x02f9d433) x8  0x025033c9
core   0: 0x80000936 (0x40145913) srai    s2, s0, 1
core   0: 3 0x80000936 (0x40145913) x18 0x012819e4
core   0: 0x8000093a (0x00f46e33) or      t3, s0, a5
core   0: 3 0x8000093a (0x00f46e33) x28 0x025033db
core   0: 0x8000093e (0x03243733) mulhu   a4, s0, s2
core   0: 3 0x8000093e (0x03243733) x14 0x0002acf7
core   0: 0x80000942 (0xfee11c23) sh      a4, -8(sp)
core   0: 3 0x80000942 (0xfee11c23) mem 0x80010382 0xacf7
core   0: 0x80000946 (0x00c15903) lhu     s2, 12(sp)
core   0: 3 0x80000946 (0x00c15903) x18 0x00004c4d mem 0x80010396
core   0: 0x8000094a (0x7649be13) sltiu   t3, s3, 1892
core   0: 3 0x8000094a (0x7649be13) x28 0x00000000
core   0: 0x8000094e (0x03c7d7b3) divu    a5, a5, t3
core   0: 3 0x8000094e (0x03c7d7b3) x15 0xffffffff
core   0: 0x80000952 (0x00004e09) c.li    t3, 2
core   0: 3 0x80000952 (0x4e09) x28 0x00000002
core   0: 0x80000954 (0x00710703) lb      a4, 7(sp)
core   0: 3 0x80000954 (0x00710703) x14 0x0000004a mem 0x80010391
core   0: 0x80000958 (0x00010403) lb      s0, 0(sp)
core   0: 3 0x80000958 (0x00010403) x8  0x00000041 mem 0x8001038a
core   0: 0x8000095c (0xff210b23) sb      s2, -10(sp)
core   0: 3 0x8000095c (0xff210b23) mem 0x80010380 0x4d
core   0: 0x80000960 (0x00014903) lbu     s2, 0(sp)
core   0: 3 0x80000960 (0x00014903) x18 0x00000041 mem 0x8001038a
core   0: 0x80000964 (0x012106a3) sb      s2, 13(sp)
core   0: 3 0x80000964 (0x012106a3) mem 0x80010397 0x41
core   0: 0x80000968 (0x00810823) sb      s0, 16(sp)
core   0: 3 0x80000968 (0x00810823) mem 0x8001039a 0x41
core   0: 0x8000096c (0x008102a3) sb      s0, 5(sp)
core   0: 3 0x8000096c (0x008102a3) mem 0x8001038f 0x41
core   0: 0x80000970 (0xff011903) lh      s2, -16(sp)
core   0: 3 0x80000970 (0xff011903) x18 0x00003031 mem 0x8001037a
core   0: 0x80000974 (0x01374933) xor     s2, a4, s3
core   0: 3 0x80000974 (0x01374933) x18 0xc000ca21
core   0: 0x80000978 (0x007e1713) slli    a4, t3, 7
core   0: 3 0x80000978 (0x007e1713) x14 0x00000100
core   0: 0x8000097c (0xffc10703) lb      a4, -4(sp)
core   0: 3 0x8000097c (0xffc10703) x14 0x0000003d mem 0x80010386
core   0: 0x80000980 (0x00008f81) c.sub   a5, s0
core   0: 3 0x80000980 (0x8f81) x15 0xffffffbe
core   0: 0x80000982 (0x01211723) sh      s2, 14(sp)
core   0: 3 0x80000982 (0x01211723) mem 0x80010398 0xca21
core   0: 0x80000986 (0x0000994e) c.add   s2, s3
core   0: 3 0x80000986 (0x994e) x18 0x8001948c
core   0: 0x80000988 (0xffd14e03) lbu     t3, -3(sp)
core   0: 3 0x80000988 (0xffd14e03) x28 0x0000003c mem 0x80010387
core   0: 0x8000098c (0x00314e03) lbu     t3, 3(sp)
core   0: 3 0x8000098c (0x00314e03) x28 0x00000046 mem 0x8001038d
core   0: 0x80000990 (0x013757b3) srl     a5, a4, s3
core   0: 3 0x80000990 (0x013757b3) x15 0x00000000
core   0: 0x80000994 (0x00011403) lh      s0, 0(sp)
core   0: 3 0x80000994 (0x00011403) x8  0x00004041 mem 0x8001038a
core   0: 0x80000998 (0x02e73433) mulhu   s0, a4, a4
core   0: 3 0x80000998 (0x02e73433) x8  0x00000000
core   0: 0x8000099c (0x00008f61) c.and   a4, s0
core   0: 3 0x8000099c (0x8f61) x14 0x00000000
core   0: 0x8000099e (0x028e1433) mulh    s0, t3, s0
core   0: 3 0x8000099e (0x028e1433) x8  0x00000000
core   0: 0x800009a2 (0x00008c61) c.and   s0, s0
core   0: 3 0x800009a2 (0x8c61) x8  0x00000000
core   0: 0x800009a4 (0x4089d933) sra     s2, s3, s0
core   0: 3 0x800009a4 (0x4089d933) x18 0xc000ca6b
core   0: 0x800009a8 (0x00f10523) sb      a5, 10(sp)
core   0: 3 0x800009a8 (0x00f10523) mem 0x80010394 0x00
core   0: 0x800009ac (0xd727a913) slti    s2, a5, -654
core   0: 3 0x800009ac (0xd727a913) x18 0x00000000
core   0: 0x800009b0 (0x00000001) c.nop
core   0: 3 0x800009b0 (0x0001)
core   0: 0x800009b2 (0x000083b1) c.srli  a5, 12
core   0: 3 0x800009b2 (0x83b1) x15 0x00000000
core   0: 0x800009b4 (0xfef10f23) sb      a5, -2(sp)
core   0: 3 0x800009b4 (0xfef10f23) mem 0x80010388 0x00
core   0: 0x800009b8 (0x00c15903) lhu     s2, 12(sp)
core   0: 3 0x800009b8 (0x00c15903) x18 0x0000414d mem 0x80010396
core   0: 0x800009bc (0x0001b117) auipc   sp, 0x1b
core   0: 3 0x800009bc (0x0001b117) x2  0x8001b9bc
core   0: 0x800009c0 (0x5c410113) addi    sp, sp, 1476
core   0: 3 0x800009c0 (0x5c410113) x2  0x8001bf80
core   0: 0x800009c4 (0x02e11083) lh      ra, 46(sp)
core   0: 3 0x800009c4 (0x02e11083) x1  0x00006465 mem 0x8001bfae
core   0: 0x800009c8 (0x019ba3b3) slt     t2, s7, s9
core   0: 3 0x800009c8 (0x019ba3b3) x7  0x00000001
core   0: 0x800009cc (0x0000d626) c.swsp  s1, 44(sp)
core   0: 3 0x800009cc (0xd626) mem 0x8001bfac 0x00000001
core   0: 0x800009ce (0x04053193) sltiu   gp, a0, 64
core   0: 3 0x800009ce (0x04053193) x3  0x00000001
core   0: 0x800009d2 (0x00af22b3) slt     t0, t5, a0
core   0: 3 0x800009d2 (0x00af22b3) x5  0x00000001
core   0: 0x800009d6 (0xff615703) lhu     a4, -10(sp)
core   0: 3 0x800009d6 (0xff615703) x14 0x00002c2d mem 0x8001bf76
core   0: 0x800009da (0x034658b3) divu    a7, a2, s4
core   0: 3 0x800009da (0x034658b3) x17 0x00000000
core   0: 0x800009de (0xfcf14f03) lbu     t5, -49(sp)
core   0: 3 0x800009de (0xfcf14f03) x30 0x00000004 mem 0x8001bf4f
core   0: 0x800009e2 (0x02ac56b3) divu    a3, s8, a0
core   0: 3 0x800009e2 (0x02ac56b3) x13 0xa8a9aaab
core   0: 0x800009e6 (0x0111d533) srl     a0, gp, a7
core   0: 3 0x800009e6 (0x0111d533) x10 0x00000001
core   0: 0x800009ea (0x007108a3) sb      t2, 17(sp)
core   0: 3 0x800009ea (0x007108a3) mem 0x8001bf91 0x01
core   0: 0x800009ee (0x000083dd) c.srli  a5, 23
core   0: 3 0x800009ee (0x83dd) x15 0x00000000
core   0: 0x800009f0 (0xfed14f03) lbu     t5, -19(sp)
core   0: 3 0x800009f0 (0xfed14f03) x30 0x00000026 mem 0x8001bf6d
core   0: 0x800009f4 (0xff114f03) lbu     t5, -15(sp)
core   0: 3 0x800009f4 (0xff114f03) x30 0x0000002a mem 0x8001bf71
core   0: 0x800009f8 (0x039a6433) rem     s0, s4, s9
core   0: 3 0x800009f8 (0x039a6433) x8  0xfffffff3
core   0: 0x800009fc (0xfe214083) lbu     ra, -30(sp)
core   0: 3 0x800009fc (0xfe214083) x1  0x00000019 mem 0x8001bf62
core   0: 0x80000a00 (0x40a6deb3) sra     t4, a3, a0
core   0: 3 0x80000a00 (0x40a6deb3) x29 0xd454d555
core   0: 0x80000a04 (0x01610703) lb      a4, 22(sp)
core   0: 3 0x80000a04 (0x01610703) x14 0x0000004d mem 0x8001bf96
core   0: 0x80000a08 (0xffe10fa3) sb      t5, -1(sp)
core   0: 3 0x80000a08 (0xffe10fa3) mem 0x8001bf7f 0x2a
core   0: 0x80000a0c (0x037f8833) mul     a6, t6, s7
core   0: 3 0x80000a0c (0x037f8833) x16 0x00000000
core   0: 0x80000a10 (0xa116bd13) sltiu   s10, a3, -1519
core   0: 3 0x80000a10 (0xa116bd13) x26 0x00000001
core   0: 0x80000a14 (0x02510d83) lb      s11, 37(sp)
core   0: 3 0x80000a14 (0x02510d83) x27 0x0000005e mem 0x8001bfa5
core   0: 0x80000a18 (0x00008aa5) c.andi  a3, 9
core   0: 3 0x80000a18 (0x8aa5) x13 0x00000009
core   0: 0x80000a1a (0x00004565) c.li    a0, 25
core   0: 3 0x80000a1a (0x4565) x10 0x00000019
core   0: 0x80000a1c (0x00005fb2) c.lwsp  t6, 44(sp)
core   0: 3 0x80000a1c (0x5fb2) x31 0x00000001 mem 0x8001bfac
core   0: 0x80000a1e (0x008ec433) xor     s0, t4, s0
core   0: 3 0x80000a1e (0x008ec433) x8  0x2bab2aa6
core   0: 0x80000a22 (0x021498b3) mulh    a7, s1, ra
core   0: 3 0x80000a22 (0x021498b3) x17 0x00000000
core   0: 0x80000a26 (0xff714783) lbu     a5, -9(sp)
core   0: 3 0x80000a26 (0xff714783) x15 0x0000002c mem 0x8001bf77
core   0: 0x80000a2a (0xfe710403) lb      s0, -25(sp)
core   0: 3 0x80000a2a (0xfe710403) x8  0x0000001c mem 0x8001bf67
core   0: 0x80000a2e (0xfd010983) lb      s3, -48(sp)
core   0: 3 0x80000a2e (0xfd010983) x19 0x0000000b mem 0x8001bf50
core   0: 0x80000a32 (0x00004f89) c.li    t6, 2
core   0: 3 0x80000a32 (0x4f89) x31 0x00000002
core   0: 0x80000a34 (0x03e34fb3) div     t6, t1, t5
core   0: 3 0x80000a34 (0x03e34fb3) x31 0xfcf3ddae
core   0: 0x80000a38 (0x02faf033) remu    zero, s5, a5
core   0: 3 0x80000a38 (0x02faf033)
core   0: 0x80000a3c (0xfc610f03) lb      t5, -58(sp)
core   0: 3 0x80000a3c (0xfc610f03) x30 0xfffffffd mem 0x8001bf46
core   0: 0x80000a40 (0x02114903) lbu     s2, 33(sp)
core   0: 3 0x80000a40 (0x02114903) x18 0x0000005a mem 0x8001bfa1
core   0: 0x80000a44 (0x02b10da3) sb      a1, 59(sp)
core   0: 3 0x80000a44 (0x02b10da3) mem 0x8001bfbb 0xe4
core   0: 0x80000a48 (0x00005afd) c.li    s5, -1
core   0: 3 0x80000a48 (0x5afd) x21 0xffffffff
core   0: 0x80000a4a (0x00004485) c.li    s1, 1
core   0: 3 0x80000a4a (0x4485) x9  0x00000001
core   0: 0x80000a4c (0x02ba6b33) rem     s6, s4, a1
core   0: 3 0x80000a4c (0x02ba6b33) x22 0xffffffe4
core   0: 0x80000a50 (0x00000001) c.nop
core   0: 3 0x80000a50 (0x0001)
core   0: 0x80000a52 (0x00000a85) c.addi  s5, 1
core   0: 3 0x80000a52 (0x0a85) x21 0x00000000
core   0: 0x80000a54 (0x00004725) c.li    a4, 9
core   0: 3 0x80000a54 (0x4725) x14 0x00000009
core   0: 0x80000a56 (0x00005bcd) c.li    s7, -13
core   0: 3 0x80000a56 (0x5bcd) x23 0xfffffff3
core   0: 0x80000a58 (0x00000001) c.nop
core   0: 3 0x80000a58 (0x0001)
core   0: 0x80000a5a (0x00008236) c.mv    tp, a3
core   0: 3 0x80000a5a (0x8236) x4  0x00000009
core   0: 0x80000a5c (0x00001779) c.addi  a4, -2
core   0: 3 0x80000a5c (0x1779) x14 0x00000007
core   0: 0x80000a5e (0xff770de3) beq     a4, s7, pc - 6
core   0: 3 0x80000a5e (0xff770de3)
core   0: 0x80000a62 (0xfe9a97e3) bne     s5, s1, pc - 18
core   0: 3 0x80000a62 (0xfe9a97e3)
core   0: 0x80000a50 (0x00000001) c.nop
core   0: 3 0x80000a50 (0x0001)
core   0: 0x80000a52 (0x00000a85) c.addi  s5, 1
core   0: 3 0x80000a52 (0x0a85) x21 0x00000001
core   0: 0x80000a54 (0x00004725) c.li    a4, 9
core   0: 3 0x80000a54 (0x4725) x14 0x00000009
core   0: 0x80000a56 (0x00005bcd) c.li    s7, -13
core   0: 3 0x80000a56 (0x5bcd) x23 0xfffffff3
core   0: 0x80000a58 (0x00000001) c.nop
core   0: 3 0x80000a58 (0x0001)
core   0: 0x80000a5a (0x00008236) c.mv    tp, a3
core   0: 3 0x80000a5a (0x8236) x4  0x00000009
core   0: 0x80000a5c (0x00001779) c.addi  a4, -2
core   0: 3 0x80000a5c (0x1779) x14 0x00000007
core   0: 0x80000a5e (0xff770de3) beq     a4, s7, pc - 6
core   0: 3 0x80000a5e (0xff770de3)
core   0: 0x80000a62 (0xfe9a97e3) bne     s5, s1, pc - 18
core   0: 3 0x80000a62 (0xfe9a97e3)
core   0: 0x80000a66 (0x03d2e7b3) rem     a5, t0, t4
core   0: 3 0x80000a66 (0x03d2e7b3) x15 0x00000001
core   0: 0x80000a6a (0x00010117) auipc   sp, 0x10
core   0: 3 0x80000a6a (0x00010117) x2  0x80010a6a
core   0: 0x80000a6e (0x0ff10113) addi    sp, sp, 255
core   0: 3 0x80000a6e (0x0ff10113) x2  0x80010b69
core   0: 0x80000a72 (0xfde14983) lbu     s3, -34(sp)
core   0: 3 0x80000a72 (0xfde14983) x19 0x000000fc mem 0x80010b47
core   0: 0x80000a76 (0x00068033) add     zero, a3, zero
core   0: 3 0x80000a76 (0x00068033)
core   0: 0x80000a7a (0x000059fd) c.li    s3, -1
core   0: 3 0x80000a7a (0x59fd) x19 0xffffffff
core   0: 0x80000a7c (0x02c10ea3) sb      a2, 61(sp)
core   0: 3 0x80000a7c (0x02c10ea3) mem 0x80010ba6 0x14
core   0: 0x80000a80 (0x02d9c9b3) div     s3, s3, a3
core   0: 3 0x80000a80 (0x02d9c9b3) x19 0x00000000
core   0: 0x80000a84 (0xfd414803) lbu     a6, -44(sp)
core   0: 3 0x80000a84 (0xfd414803) x16 0x000000f6 mem 0x80010b3d
core   0: 0x80000a88 (0x00510983) lb      s3, 5(sp)
core   0: 3 0x80000a88 (0x00510983) x19 0x00000025 mem 0x80010b6e
core   0: 0x80000a8c (0xff814983) lbu     s3, -8(sp)
core   0: 3 0x80000a8c (0xff814983) x19 0x0000001a mem 0x80010b61
core   0: 0x80000a90 (0x02d67633) remu    a2, a2, a3
core   0: 3 0x80000a90 (0x02d67633) x12 0x00000002
core   0: 0x80000a94 (0x07f9e493) ori     s1, s3, 127
core   0: 3 0x80000a94 (0x07f9e493) x9  0x0000007f
core   0: 0x80000a98 (0x02904833) div     a6, zero, s1
core   0: 3 0x80000a98 (0x02904833) x16 0x00000000
core   0: 0x80000a9c (0x00d10683) lb      a3, 13(sp)
core   0: 3 0x80000a9c (0x00d10683) x13 0x0000002d mem 0x80010b76
core   0: 0x80000aa0 (0xfcc14603) lbu     a2, -52(sp)
core   0: 3 0x80000aa0 (0xfcc14603) x12 0x000000ee mem 0x80010b35
core   0: 0x80000aa4 (0x02114483) lbu     s1, 33(sp)
core   0: 3 0x80000aa4 (0x02114483) x9  0x00000041 mem 0x80010b8a
core   0: 0x80000aa8 (0x02d10123) sb      a3, 34(sp)
core   0: 3 0x80000aa8 (0x02d10123) mem 0x80010b8b 0x2d
core   0: 0x80000aac (0x0000066a) c.slli  a2, 26
core   0: 3 0x80000aac (0x066a) x12 0xb8000000
core   0: 0x80000aae (0x00c9e833) or      a6, s3, a2
core   0: 3 0x80000aae (0x00c9e833) x16 0xb800001a
core   0: 0x80000ab2 (0x00b15683) lhu     a3, 11(sp)
core   0: 3 0x80000ab2 (0x00b15683) x13 0x00002e2f mem 0x80010b74
core   0: 0x80000ab6 (0x00008cb1) c.xor   s1, a2
core   0: 3 0x80000ab6 (0x8cb1) x9  0xb8000041
core   0: 0x80000ab8 (0xa6ebd017) auipc   zero, 0xa6ebd
core   0: 3 0x80000ab8 (0xa6ebd017)
core   0: 0x80000abc (0x00c07833) and     a6, zero, a2
core   0: 3 0x80000abc (0x00c07833) x16 0x00000000
core   0: 0x80000ac0 (0x00008e31) c.xor   a2, a2
core   0: 3 0x80000ac0 (0x8e31) x12 0x00000000
core   0: 0x80000ac2 (0x00008832) c.mv    a6, a2
core   0: 3 0x80000ac2 (0x8832) x16 0x00000000
core   0: 0x80000ac4 (0xfd312803) lw      a6, -45(sp)
core   0: 3 0x80000ac4 (0xfd312803) x16 0xf4f5f6f7 mem 0x80010b3c
core   0: 0x80000ac8 (0x020119a3) sh      zero, 51(sp)
core   0: 3 0x80000ac8 (0x020119a3) mem 0x80010b9c 0x0000
core   0: 0x80000acc (0xfd614003) lbu     zero, -42(sp)
core   0: 3 0x80000acc (0xfd614003) mem 0x80010b3f
core   0: 0x80000ad0 (0x000084ce) c.mv    s1, s3
core   0: 3 0x80000ad0 (0x84ce) x9  0x0000001a
core   0: 0x80000ad2 (0x85906493) ori     s1, zero, -1959
core   0: 3 0x80000ad2 (0x85906493) x9  0xfffff859
core   0: 0x80000ad6 (0xfed15483) lhu     s1, -19(sp)
core   0: 3 0x80000ad6 (0xfed15483) x9  0x00000c0d mem 0x80010b56
core   0: 0x80000ada (0x0000086e) c.slli  a6, 27
core   0: 3 0x80000ada (0x086e) x16 0xb8000000
core   0: 0x80000adc (0x02114003) lbu     zero, 33(sp)
core   0: 3 0x80000adc (0x02114003) mem 0x80010b8a
core   0: 0x80000ae0 (0x01814003) lbu     zero, 24(sp)
core   0: 3 0x80000ae0 (0x01814003) mem 0x80010b81
core   0: 0x80000ae4 (0x4f69a013) slti    zero, s3, 1270
core   0: 3 0x80000ae4 (0x4f69a013)
core   0: 0x80000ae8 (0x0209e033) rem     zero, s3, zero
core   0: 3 0x80000ae8 (0x0209e033)
core   0: 0x80000aec (0xfd914803) lbu     a6, -39(sp)
core   0: 3 0x80000aec (0xfd914803) x16 0x000000f9 mem 0x80010b42
core   0: 0x80000af0 (0x010846b3) xor     a3, a6, a6
core   0: 3 0x80000af0 (0x010846b3) x13 0x00000000
core   0: 0x80000af4 (0x02c039b3) mulhu   s3, zero, a2
core   0: 3 0x80000af4 (0x02c039b3) x19 0x00000000
core   0: 0x80000af8 (0x02b12483) lw      s1, 43(sp)
core   0: 3 0x80000af8 (0x02b12483) x9  0x164d4e4f mem 0x80010b94
core   0: 0x80000afc (0x02005033) divu    zero, zero, zero
core   0: 3 0x80000afc (0x02005033)
core   0: 0x80000b00 (0x0000587d) c.li    a6, -1
core   0: 3 0x80000b00 (0x587d) x16 0xffffffff
core   0: 0x80000b02 (0xdeb3c9b7) lui     s3, 0xdeb3c
core   0: 3 0x80000b02 (0xdeb3c9b7) x19 0xdeb3c000
core   0: 0x80000b06 (0x020634b3) mulhu   s1, a2, zero
core   0: 3 0x80000b06 (0x020634b3) x9  0x00000000
core   0: 0x80000b0a (0x00000001) c.nop
core   0: 3 0x80000b0a (0x0001)
core   0: 0x80000b0c (0x56c98613) addi    a2, s3, 1388
core   0: 3 0x80000b0c (0x56c98613) x12 0xdeb3c56c
core   0: 0x80000b10 (0x0096b4b3) sltu    s1, a3, s1
core   0: 3 0x80000b10 (0x0096b4b3) x9  0x00000000
core   0: 0x80000b14 (0x0106a633) slt     a2, a3, a6
core   0: 3 0x80000b14 (0x0106a633) x12 0x00000000
core   0: 0x80000b18 (0xff814983) lbu     s3, -8(sp)
core   0: 3 0x80000b18 (0xff814983) x19 0x0000001a mem 0x80010b61
core   0: 0x80000b1c (0x0001b117) auipc   sp, 0x1b
core   0: 3 0x80000b1c (0x0001b117) x2  0x8001bb1c
core   0: 0x80000b20 (0x23a10113) addi    sp, sp, 570
core   0: 3 0x80000b20 (0x23a10113) x2  0x8001bd56
core   0: 0x80000b24 (0x0339f433) remu    s0, s3, s3
core   0: 3 0x80000b24 (0x0339f433) x8  0x00000000
core   0: 0x80000b28 (0xfdf10283) lb      t0, -33(sp)
core   0: 3 0x80000b28 (0xfdf10283) x5  0xffffffee mem 0x8001bd35
core   0: 0x80000b2c (0x00008009) c.srli  s0, 2
core   0: 3 0x80000b2c (0x8009) x8  0x00000000
core   0: 0x80000b2e (0x00008c01) c.sub   s0, s0
core   0: 3 0x80000b2e (0x8c01) x8  0x00000000
core   0: 0x80000b30 (0x01710983) lb      s3, 23(sp)
core   0: 3 0x80000b30 (0x01710983) x19 0x00000026 mem 0x8001bd6d
core   0: 0x80000b34 (0xf13101a3) sb      s3, -253(sp)
core   0: 3 0x80000b34 (0xf13101a3) mem 0x8001bc59 0x26
core   0: 0x80000b38 (0xfc414903) lbu     s2, -60(sp)
core   0: 3 0x80000b38 (0xfc414903) x18 0x000000d1 mem 0x8001bd1a
core   0: 0x80000b3c (0x0052b433) sltu    s0, t0, t0
core   0: 3 0x80000b3c (0x0052b433) x8  0x00000000
core   0: 0x80000b40 (0x00008469) c.srai  s0, 26
core   0: 3 0x80000b40 (0x8469) x8  0x00000000
core   0: 0x80000b42 (0xf4210403) lb      s0, -190(sp)
core   0: 3 0x80000b42 (0xf4210403) x8  0x00000053 mem 0x8001bc98
core   0: 0x80000b46 (0x4169d9b3) sra     s3, s3, s6
core   0: 3 0x80000b46 (0x4169d9b3) x19 0x00000002
core   0: 0x80000b4a (0xf4811423) sh      s0, -184(sp)
core   0: 3 0x80000b4a (0xf4811423) mem 0x8001bc9e 0x0053
core   0: 0x80000b4e (0x373b2293) slti    t0, s6, 883
core   0: 3 0x80000b4e (0x373b2293) x5  0x00000001
core   0: 0x80000b52 (0xf8212b03) lw      s6, -126(sp)
core   0: 3 0x80000b52 (0xf8212b03) x22 0x90919293 mem 0x8001bcd8
core   0: 0x80000b56 (0x00000001) c.nop
core   0: 3 0x80000b56 (0x0001)
core   0: 0x80000b58 (0x000062c9) c.lui   t0, 0x12
core   0: 3 0x80000b58 (0x62c9) x5  0x00012000
core   0: 0x80000b5a (0x0dd14983) lbu     s3, 221(sp)
core   0: 3 0x80000b5a (0x0dd14983) x19 0x000000e8 mem 0x8001be33
core   0: 0x80000b5e (0x00008c01) c.sub   s0, s0
core   0: 3 0x80000b5e (0x8c01) x8  0x00000000
core   0: 0x80000b60 (0xffe14403) lbu     s0, -2(sp)
core   0: 3 0x80000b60 (0xffe14403) x8  0x0000000f mem 0x8001bd54
core   0: 0x80000b64 (0x0e410283) lb      t0, 228(sp)
core   0: 3 0x80000b64 (0x0e410283) x5  0xfffffff1 mem 0x8001be3a
core   0: 0x80000b68 (0xf1510283) lb      t0, -235(sp)
core   0: 3 0x80000b68 (0xf1510283) x5  0x00000020 mem 0x8001bc6b
core   0: 0x80000b6c (0x1ccb0013) addi    zero, s6, 460
core   0: 3 0x80000b6c (0x1ccb0013)
core   0: 0x80000b70 (0x00000441) c.addi  s0, 16
core   0: 3 0x80000b70 (0x0441) x8  0x0000001f
core   0: 0x80000b72 (0x00614403) lbu     s0, 6(sp)
core   0: 3 0x80000b72 (0x00614403) x8  0x00000017 mem 0x8001bd5c
core   0: 0x80000b76 (0x03210e23) sb      s2, 60(sp)
core   0: 3 0x80000b76 (0x03210e23) mem 0x8001bd92 0xd1
core   0: 0x80000b7a (0x0000804d) c.srli  s0, 19
core   0: 3 0x80000b7a (0x804d) x8  0x00000000
core   0: 0x80000b7c (0x0f310623) sb      s3, 236(sp)
core   0: 3 0x80000b7c (0x0f310623) mem 0x8001be42 0xe8
core   0: 0x80000b80 (0x9c62b413) sltiu   s0, t0, -1594
core   0: 3 0x80000b80 (0x9c62b413) x8  0x00000001
core   0: 0x80000b84 (0xcae97993) andi    s3, s2, -850
core   0: 3 0x80000b84 (0xcae97993) x19 0x00000080
core   0: 0x80000b88 (0x03307b33) remu    s6, zero, s3
core   0: 3 0x80000b88 (0x03307b33) x22 0x00000000
core   0: 0x80000b8c (0x025b3033) mulhu   zero, s6, t0
core   0: 3 0x80000b8c (0x025b3033)
core   0: 0x80000b90 (0x4129d9b3) sra     s3, s3, s2
core   0: 3 0x80000b90 (0x4129d9b3) x19 0x00000000
core   0: 0x80000b94 (0x03d10403) lb      s0, 61(sp)
core   0: 3 0x80000b94 (0x03d10403) x8  0x00000048 mem 0x8001bd93
core   0: 0x80000b98 (0xf6d10983) lb      s3, -147(sp)
core   0: 3 0x80000b98 (0xf6d10983) x19 0x00000078 mem 0x8001bcc3
core   0: 0x80000b9c (0x00010497) auipc   s1, 0x10
core   0: 3 0x80000b9c (0x00010497) x9  0x80010b9c
core   0: 0x80000ba0 (0x98a48493) addi    s1, s1, -1654
core   0: 3 0x80000ba0 (0x98a48493) x9  0x80010526
core   0: 0x80000ba4 (0x000096ca) c.add   a3, s2
core   0: 3 0x80000ba4 (0x96ca) x13 0x000000d1
core   0: 0x80000ba6 (0xf3748703) lb      a4, -201(s1)
core   0: 3 0x80000ba6 (0xf3748703) x14 0x00000016 mem 0x8001045d
core   0: 0x80000baa (0x03211233) mulh    tp, sp, s2
core   0: 3 0x80000baa (0x03211233) x4  0xffffff97
core   0: 0x80000bae (0xf5448683) lb      a3, -172(s1)
core   0: 3 0x80000bae (0xf5448683) x13 0x00000031 mem 0x8001047a
core   0: 0x80000bb2 (0x0046d133) srl     sp, a3, tp
core   0: 3 0x80000bb2 (0x0046d133) x2  0x00000000
core   0: 0x80000bb6 (0x00448903) lb      s2, 4(s1)
core   0: 3 0x80000bb6 (0x00448903) x18 0xffffffe1 mem 0x8001052a
core   0: 0x80000bba (0xf25483a3) sb      t0, -217(s1)
core   0: 3 0x80000bba (0xf25483a3) mem 0x8001044d 0x20
core   0: 0x80000bbe (0xff049203) lh      tp, -16(s1)
core   0: 3 0x80000bbe (0xff049203) x4  0xffffcccd mem 0x80010516
core   0: 0x80000bc2 (0xf82487a3) sb      sp, -113(s1)
core   0: 3 0x80000bc2 (0xf82487a3) mem 0x800104b5 0x00
core   0: 0x80000bc6 (0x08d4c903) lbu     s2, 141(s1)
core   0: 3 0x80000bc6 (0x08d4c903) x18 0x00000068 mem 0x800105b3
core   0: 0x80000bca (0x0256a233) mulhsu  tp, a3, t0
core   0: 3 0x80000bca (0x0256a233) x4  0x00000000
core   0: 0x80000bce (0xf1048103) lb      sp, -240(s1)
core   0: 3 0x80000bce (0xf1048103) x2  0xffffffed mem 0x80010436
core   0: 0x80000bd2 (0x00e6e933) or      s2, a3, a4
core   0: 3 0x80000bd2 (0x00e6e933) x18 0x00000037
core   0: 0x80000bd6 (0x09313113) sltiu   sp, sp, 147
core   0: 3 0x80000bd6 (0x09313113) x2  0x00000000
core   0: 0x80000bda (0x0864c683) lbu     a3, 134(s1)
core   0: 3 0x80000bda (0x0864c683) x13 0x00000067 mem 0x800105ac
core   0: 0x80000bde (0x40a15293) srai    t0, sp, 10
core   0: 3 0x80000bde (0x40a15293) x5  0x00000000
core   0: 0x80000be2 (0xfc44d103) lhu     sp, -60(s1)
core   0: 3 0x80000be2 (0xfc44d103) x2  0x0000a0a1 mem 0x800104ea
core   0: 0x80000be6 (0x0ef4c903) lbu     s2, 239(s1)
core   0: 3 0x80000be6 (0x0ef4c903) x18 0x000000ce mem 0x80010615
core   0: 0x80000bea (0x00008f75) c.and   a4, a3
core   0: 3 0x80000bea (0x8f75) x14 0x00000006
core   0: 0x80000bec (0x00009afd) c.andi  a3, -1
core   0: 3 0x80000bec (0x9afd) x13 0x00000067
core   0: 0x80000bee (0x41e25913) srai    s2, tp, 30
core   0: 3 0x80000bee (0x41e25913) x18 0x00000000
core   0: 0x80000bf2 (0x0b04c283) lbu     t0, 176(s1)
core   0: 3 0x80000bf2 (0x0b04c283) x5  0x0000008d mem 0x800105d6
core   0: 0x80000bf6 (0x06d485a3) sb      a3, 107(s1)
core   0: 3 0x80000bf6 (0x06d485a3) mem 0x80010591 0x67
core   0: 0x80000bfa (0x08d48fa3) sb      a3, 159(s1)
core   0: 3 0x80000bfa (0x08d48fa3) mem 0x800105c5 0x67
core   0: 0x80000bfe (0x02449a23) sh      tp, 52(s1)
core   0: 3 0x80000bfe (0x02449a23) mem 0x8001055a 0x0000
core   0: 0x80000c02 (0xf0448203) lb      tp, -252(s1)
core   0: 3 0x80000c02 (0xf0448203) x4  0xffffffe1 mem 0x8001042a
core   0: 0x80000c06 (0x0474c903) lbu     s2, 71(s1)
core   0: 3 0x80000c06 (0x0474c903) x18 0x00000026 mem 0x8001056d
core   0: 0x80000c0a (0x02d6a733) mulhsu  a4, a3, a3
core   0: 3 0x80000c0a (0x02d6a733) x14 0x00000000
core   0: 0x80000c0e (0x0504d903) lhu     s2, 80(s1)
core   0: 3 0x80000c0e (0x0504d903) x18 0x00002c2d mem 0x80010576
core   0: 0x80000c12 (0x00000239) c.addi  tp, 14
core   0: 3 0x80000c12 (0x0239) x4  0xffffffef
core   0: 0x80000c14 (0x06748903) lb      s2, 103(s1)
core   0: 3 0x80000c14 (0x06748903) x18 0x00000046 mem 0x8001058d
core   0: 0x80000c18 (0xf0e48aa3) sb      a4, -235(s1)
core   0: 3 0x80000c18 (0xf0e48aa3) mem 0x8001043b 0x00
core   0: 0x80000c1c (0x00d266b3) or      a3, tp, a3
core   0: 3 0x80000c1c (0x00d266b3) x13 0xffffffef
core   0: 0x80000c20 (0x46c92737) lui     a4, 0x46c92
core   0: 3 0x80000c20 (0x46c92737) x14 0x46c92000
core   0: 0x80000c24 (0x00000001) c.nop
core   0: 3 0x80000c24 (0x0001)
core   0: 0x80000c26 (0x03849103) lh      sp, 56(s1)
core   0: 3 0x80000c26 (0x03849103) x2  0x00001415 mem 0x8001055e
core   0: 0x80000c2a (0x30c16293) ori     t0, sp, 780
core   0: 3 0x80000c2a (0x30c16293) x5  0x0000171d
core   0: 0x80000c2e (0xf45487a3) sb      t0, -177(s1)
core   0: 3 0x80000c2e (0xf45487a3) mem 0x80010475 0x1d
core   0: 0x80000c32 (0x08d48c23) sb      a3, 152(s1)
core   0: 3 0x80000c32 (0x08d48c23) mem 0x800105be 0xef
core   0: 0x80000c36 (0xf1849903) lh      s2, -232(s1)
core   0: 3 0x80000c36 (0xf1849903) x18 0xfffff4f5 mem 0x8001043e
core   0: 0x80000c3a (0x0e449683) lh      a3, 228(s1)
core   0: 3 0x80000c3a (0x0e449683) x13 0xffffc0c1 mem 0x8001060a
core   0: 0x80000c3e (0x0b84c103) lbu     sp, 184(s1)
core   0: 3 0x80000c3e (0x0b84c103) x2  0x00000095 mem 0x800105de
core   0: 0x80000c42 (0xf134c903) lbu     s2, -237(s1)
core   0: 3 0x80000c42 (0xf134c903) x18 0x000000f2 mem 0x80010439
core   0: 0x80000c46 (0x0c5488a3) sb      t0, 209(s1)
core   0: 3 0x80000c46 (0x0c5488a3) mem 0x800105f7 0x1d
core   0: 0x80000c4a (0xfa14c903) lbu     s2, -95(s1)
core   0: 3 0x80000c4a (0xfa14c903) x18 0x0000007c mem 0x800104c7
core   0: 0x80000c4e (0x0e2488a3) sb      sp, 241(s1)
core   0: 3 0x80000c4e (0x0e2488a3) mem 0x80010617 0x95
core   0: 0x80000c52 (0x00010397) auipc   t2, 0x10
core   0: 3 0x80000c52 (0x00010397) x7  0x80010c52
core   0: 0x80000c56 (0x91438393) addi    t2, t2, -1772
core   0: 3 0x80000c56 (0x91438393) x7  0x80010566
core   0: 0x80000c5a (0xffd38683) lb      a3, -3(t2)
core   0: 3 0x80000c5a (0xffd38683) x13 0x00000018 mem 0x80010563
core   0: 0x80000c5e (0x03f54633) div     a2, a0, t6
core   0: 3 0x80000c5e (0x03f54633) x12 0x00000000
core   0: 0x80000c62 (0x6333b713) sltiu   a4, t2, 1587
core   0: 3 0x80000c62 (0x6333b713) x14 0x00000000
core   0: 0x80000c66 (0x0037b7b3) sltu    a5, a5, gp
core   0: 3 0x80000c66 (0x0037b7b3) x15 0x00000000
core   0: 0x80000c6a (0x034aa2b3) mulhsu  t0, s5, s4
core   0: 3 0x80000c6a (0x034aa2b3) x5  0x00000000
core   0: 0x80000c6e (0x000004fe) c.slli  s1, 31
core   0: 3 0x80000c6e (0x04fe) x9  0x00000000
core   0: 0x80000c70 (0x36c0f293) andi    t0, ra, 876
core   0: 3 0x80000c70 (0x36c0f293) x5  0x00000008
core   0: 0x80000c74 (0x00008039) c.srli  s0, 14
core   0: 3 0x80000c74 (0x8039) x8  0x00000000
core   0: 0x80000c76 (0x01f65633) srl     a2, a2, t6
core   0: 3 0x80000c76 (0x01f65633) x12 0x00000000
core   0: 0x80000c7a (0x40065213) srai    tp, a2, 0
core   0: 3 0x80000c7a (0x40065213) x4  0x00000000
core   0: 0x80000c7e (0x000051fd) c.li    gp, -1
core   0: 3 0x80000c7e (0x51fd) x3  0xffffffff
core   0: 0x80000c80 (0x00008fd1) c.or    a5, a2
core   0: 3 0x80000c80 (0x8fd1) x15 0x00000000
core   0: 0x80000c82 (0x01642db3) slt     s11, s0, s6
core   0: 3 0x80000c82 (0x01642db3) x27 0x00000000
core   0: 0x80000c86 (0x00000001) c.nop
core   0: 3 0x80000c86 (0x0001)
core   0: 0x80000c88 (0x2f9cea13) ori     s4, s9, 761
core   0: 3 0x80000c88 (0x2f9cea13) x20 0x000002ff
core   0: 0x80000c8c (0x03257733) remu    a4, a0, s2
core   0: 3 0x80000c8c (0x03257733) x14 0x00000019
core   0: 0x80000c90 (0xffd3c003) lbu     zero, -3(t2)
core   0: 3 0x80000c90 (0xffd3c003) mem 0x80010563
core   0: 0x80000c94 (0x01d39523) sh      t4, 10(t2)
core   0: 3 0x80000c94 (0x01d39523) mem 0x80010570 0xd555
core   0: 0x80000c98 (0x00839103) lh      sp, 8(t2)
core   0: 3 0x80000c98 (0x00839103) x2  0x00002425 mem 0x8001056e
core   0: 0x80000c9c (0x0000806d) c.srli  s0, 27
core   0: 3 0x80000c9c (0x806d) x8  0x00000000
core   0: 0x80000c9e (0x00006b71) c.lui   s6, 0x1c
core   0: 3 0x80000c9e (0x6b71) x22 0x0001c000
core   0: 0x80000ca0 (0x002384a3) sb      sp, 9(t2)
core   0: 3 0x80000ca0 (0x002384a3) mem 0x8001056f 0x25
core   0: 0x80000ca4 (0x00438003) lb      zero, 4(t2)
core   0: 3 0x80000ca4 (0x00438003) mem 0x8001056a
core   0: 0x80000ca8 (0x00008c31) c.xor   s0, a2
core   0: 3 0x80000ca8 (0x8c31) x8  0x00000000
core   0: 0x80000caa (0x00f3c783) lbu     a5, 15(t2)
core   0: 3 0x80000caa (0x00f3c783) x15 0x0000002e mem 0x80010575
core   0: 0x80000cae (0xffd38ea3) sb      t4, -3(t2)
core   0: 3 0x80000cae (0xffd38ea3) mem 0x80010563 0x55
core   0: 0x80000cb2 (0xfb4de113) ori     sp, s11, -76
core   0: 3 0x80000cb2 (0xfb4de113) x2  0xffffffb4
core   0: 0x80000cb6 (0x0000987d) c.andi  s0, -1
core   0: 3 0x80000cb6 (0x987d) x8  0x00000000
core   0: 0x80000cb8 (0x00008d5d) c.or    a0, a5
core   0: 3 0x80000cb8 (0x8d5d) x10 0x0000003f
core   0: 0x80000cba (0x0033c283) lbu     t0, 3(t2)
core   0: 3 0x80000cba (0x0033c283) x5  0x00000022 mem 0x80010569
core   0: 0x80000cbe (0x8dd9ec13) ori     s8, s3, -1827
core   0: 3 0x80000cbe (0x8dd9ec13) x24 0xfffff8fd
core   0: 0x80000cc2 (0x000042d5) c.li    t0, 21
core   0: 3 0x80000cc2 (0x42d5) x5  0x00000015
core   0: 0x80000cc4 (0x01f39523) sh      t6, 10(t2)
core   0: 3 0x80000cc4 (0x01f39523) mem 0x80010570 0xddae
core   0: 0x80000cc8 (0x0000f917) auipc   s2, 0xf
core   0: 3 0x80000cc8 (0x0000f917) x18 0x8000fcc8
core   0: 0x80000ccc (0x47d90913) addi    s2, s2, 1149
core   0: 3 0x80000ccc (0x47d90913) x18 0x80010145
core   0: 0x80000cd0 (0xfe190803) lb      a6, -31(s2)
core   0: 3 0x80000cd0 (0xfe190803) x16 0xffffffdd mem 0x80010126
core   0: 0x80000cd4 (0x00006835) c.lui   a6, 0xd
core   0: 3 0x80000cd4 (0x6835) x16 0x0000d000
core   0: 0x80000cd6 (0x97b07b93) andi    s7, zero, -1669
core   0: 3 0x80000cd6 (0x97b07b93) x23 0x00000000
core   0: 0x80000cda (0x4052d2b3) sra     t0, t0, t0
core   0: 3 0x80000cda (0x4052d2b3) x5  0x00000000
core   0: 0x80000cde (0xfc995b83) lhu     s7, -55(s2)
core   0: 3 0x80000cde (0xfc995b83) x23 0x0000c4c5 mem 0x8001010e
core   0: 0x80000ce2 (0x01090da3) sb      a6, 27(s2)
core   0: 3 0x80000ce2 (0x01090da3) mem 0x80010160 0x00
core   0: 0x80000ce6 (0x02d90b83) lb      s7, 45(s2)
core   0: 3 0x80000ce6 (0x02d90b83) x23 0x00000029 mem 0x80010172
core   0: 0x80000cea (0x00000001) c.nop
core   0: 3 0x80000cea (0x0001)
core   0: 0x80000cec (0x0094abb3) slt     s7, s1, s1
core   0: 3 0x80000cec (0x0094abb3) x23 0x00000000
core   0: 0x80000cf0 (0x04094803) lbu     a6, 64(s2)
core   0: 3 0x80000cf0 (0x04094803) x16 0x0000003e mem 0x80010185
core   0: 0x80000cf4 (0x00000001) c.nop
core   0: 3 0x80000cf4 (0x0001)
core   0: 0x80000cf6 (0x01194f83) lbu     t6, 17(s2)
core   0: 3 0x80000cf6 (0x01194f83) x31 0x0000000d mem 0x80010156
core   0: 0x80000cfa (0x000b9013) slli    zero, s7, 0
core   0: 3 0x80000cfa (0x000b9013)
core   0: 0x80000cfe (0x00000001) c.nop
core   0: 3 0x80000cfe (0x0001)
core   0: 0x80000d00 (0x000004ca) c.slli  s1, 18
core   0: 3 0x80000d00 (0x04ca) x9  0x00000000
core   0: 0x80000d02 (0xfeb95283) lhu     t0, -21(s2)
core   0: 3 0x80000d02 (0xfeb95283) x5  0x0000eaeb mem 0x80010130
core   0: 0x80000d06 (0x03f044b3) div     s1, zero, t6
core   0: 3 0x80000d06 (0x03f044b3) x9  0x00000000
core   0: 0x80000d0a (0x009900a3) sb      s1, 1(s2)
core   0: 3 0x80000d0a (0x009900a3) mem 0x80010146 0x00
core   0: 0x80000d0e (0x41728033) sub     zero, t0, s7
core   0: 3 0x80000d0e (0x41728033)
core   0: 0x80000d12 (0xff790e23) sb      s7, -4(s2)
core   0: 3 0x80000d12 (0xff790e23) mem 0x80010141 0x00
core   0: 0x80000d16 (0x01fffbb3) and     s7, t6, t6
core   0: 3 0x80000d16 (0x01fffbb3) x23 0x0000000d
core   0: 0x80000d1a (0x020282b3) mul     t0, t0, zero
core   0: 3 0x80000d1a (0x020282b3) x5  0x00000000
core   0: 0x80000d1e (0x017911a3) sh      s7, 3(s2)
core   0: 3 0x80000d1e (0x017911a3) mem 0x80010148 0x000d
core   0: 0x80000d22 (0x02290003) lb      zero, 34(s2)
core   0: 3 0x80000d22 (0x02290003) mem 0x80010167
core   0: 0x80000d26 (0x87d00013) li      zero, -1923
core   0: 3 0x80000d26 (0x87d00013)
core   0: 0x80000d2a (0xfea90483) lb      s1, -22(s2)
core   0: 3 0x80000d2a (0xfea90483) x9  0xffffffe4 mem 0x8001012f
core   0: 0x80000d2e (0x000080b5) c.srli  s1, 13
core   0: 3 0x80000d2e (0x80b5) x9  0x0007ffff
core   0: 0x80000d30 (0xfd094483) lbu     s1, -48(s2)
core   0: 3 0x80000d30 (0xfd094483) x9  0x000000ce mem 0x80010115
core   0: 0x80000d34 (0x00008cc5) c.or    s1, s1
core   0: 3 0x80000d34 (0x8cc5) x9  0x000000ce
core   0: 0x80000d36 (0xfd594b83) lbu     s7, -43(s2)
core   0: 3 0x80000d36 (0xfd594b83) x23 0x000000d1 mem 0x8001011a
core   0: 0x80000d3a (0x0094dfb3) srl     t6, s1, s1
core   0: 3 0x80000d3a (0x0094dfb3) x31 0x00000000
core   0: 0x80000d3e (0xfdb92483) lw      s1, -37(s2)
core   0: 3 0x80000d3e (0xfdb92483) x9  0xd8d9dadb mem 0x80010120
core   0: 0x80000d42 (0x0000808d) c.srli  s1, 3
core   0: 3 0x80000d42 (0x808d) x9  0x1b1b3b5b
core   0: 0x80000d44 (0xfc690803) lb      a6, -58(s2)
core   0: 3 0x80000d44 (0xfc690803) x16 0xffffffc0 mem 0x8001010b
core   0: 0x80000d48 (0x41985813) srai    a6, a6, 25
core   0: 3 0x80000d48 (0x41985813) x16 0xffffffff
core   0: 0x80000d4c (0x01990f83) lb      t6, 25(s2)
core   0: 3 0x80000d4c (0x01990f83) x31 0x00000015 mem 0x8001015e
core   0: 0x80000d50 (0x00000001) c.nop
core   0: 3 0x80000d50 (0x0001)
core   0: 0x80000d52 (0x02392803) lw      a6, 35(s2)
core   0: 3 0x80000d52 (0x02392803) x16 0x20212223 mem 0x80010168
core   0: 0x80000d56 (0x010006ef) jal     a3, pc + 0x10
core   0: 3 0x80000d56 (0x010006ef) x13 0x80000d5a
core   0: 0x80000d66 (0xff5ff0ef) jal     pc - 0xc
core   0: 3 0x80000d66 (0xff5ff0ef) x1  0x80000d6a
core   0: 0x80000d5a (0x0000a019) c.j     pc + 6
core   0: 3 0x80000d5a (0xa019)
core   0: 0x80000d60 (0x0140046f) jal     s0, pc + 0x14
core   0: 3 0x80000d60 (0x0140046f) x8  0x80000d64
core   0: 0x80000d74 (0x00002039) c.jal   pc + 14
core   0: 3 0x80000d74 (0x2039) x1  0x80000d76
core   0: 0x80000d82 (0xfe3ff0ef) jal     pc - 0x1e
core   0: 3 0x80000d82 (0xfe3ff0ef) x1  0x80000d86
core   0: 0x80000d64 (0x0000a029) c.j     pc + 10
core   0: 3 0x80000d64 (0xa029)
core   0: 0x80000d6e (0x00002021) c.jal   pc + 8
core   0: 3 0x80000d6e (0x2021) x1  0x80000d70
core   0: 0x80000d76 (0x00003fed) c.jal   pc - 6
core   0: 3 0x80000d76 (0x3fed) x1  0x80000d78
core   0: 0x80000d70 (0x008000ef) jal     pc + 0x8
core   0: 3 0x80000d70 (0x008000ef) x1  0x80000d74
core   0: 0x80000d78 (0x00003fd5) c.jal   pc - 12
core   0: 3 0x80000d78 (0x3fd5) x1  0x80000d7a
core   0: 0x80000d6c (0x00003fc5) c.jal   pc - 16
core   0: 3 0x80000d6c (0x3fc5) x1  0x80000d6e
core   0: 0x80000d5c (0x0000200d) c.jal   pc + 34
core   0: 3 0x80000d5c (0x200d) x1  0x80000d5e
core   0: 0x80000d7e (0x000037f5) c.jal   pc - 20
core   0: 3 0x80000d7e (0x37f5) x1  0x80000d80
core   0: 0x80000d6a (0x0000bfd5) c.j     pc - 12
core   0: 3 0x80000d6a (0xbfd5)
core   0: 0x80000d5e (0x00002831) c.jal   pc + 28
core   0: 3 0x80000d5e (0x2831) x1  0x80000d60
core   0: 0x80000d7a (0x006008ef) jal     a7, pc + 0x6
core   0: 3 0x80000d7a (0x006008ef) x17 0x80000d7e
core   0: 0x80000d80 (0x00002019) c.jal   pc + 6
core   0: 3 0x80000d80 (0x2019) x1  0x80000d82
core   0: 0x80000d86 (0x02eda3b3) mulhsu  t2, s11, a4
core   0: 3 0x80000d86 (0x02eda3b3) x7  0x00000000
core   0: 0x80000d8a (0x00010497) auipc   s1, 0x10
core   0: 3 0x80000d8a (0x00010497) x9  0x80010d8a
core   0: 0x80000d8e (0xaa548493) addi    s1, s1, -1371
core   0: 3 0x80000d8e (0xaa548493) x9  0x8001082f
core   0: 0x80000d92 (0xfee4c783) lbu     a5, -18(s1)
core   0: 3 0x80000d92 (0xfee4c783) x15 0x000000d6 mem 0x8001081d
core   0: 0x80000d96 (0x00008031) c.srli  s0, 12
core   0: 3 0x80000d96 (0x8031) x8  0x00080000
core   0: 0x80000d98 (0xffd48623) sb      t4, -20(s1)
core   0: 3 0x80000d98 (0xffd48623) mem 0x8001081b 0x55
core   0: 0x80000d9c (0x0084c403) lbu     s0, 8(s1)
core   0: 3 0x80000d9c (0x0084c403) x8  0x000000ec mem 0x80010837
core   0: 0x80000da0 (0x03844f33) div     t5, s0, s8
core   0: 3 0x80000da0 (0x03844f33) x30 0x00000000
core   0: 0x80000da4 (0xfe848623) sb      s0, -20(s1)
core   0: 3 0x80000da4 (0xfe848623) mem 0x8001081b 0xec
core   0: 0x80000da8 (0x00000001) c.nop
core   0: 3 0x80000da8 (0x0001)
core   0: 0x80000daa (0x00008c41) c.or    s0, s0
core   0: 3 0x80000daa (0x8c41) x8  0x000000ec
core   0: 0x80000dac (0x03040833) mul     a6, s0, a6
core   0: 3 0x80000dac (0x03040833) x16 0x9e8b7844
core   0: 0x80000db0 (0x018457b3) srl     a5, s0, s8
core   0: 3 0x80000db0 (0x018457b3) x15 0x00000000
core   0: 0x80000db4 (0x00000eda) c.slli  t4, 22
core   0: 3 0x80000db4 (0x0eda) x29 0x55400000
core   0: 0x80000db6 (0xfd94d803) lhu     a6, -39(s1)
core   0: 3 0x80000db6 (0xfd94d803) x16 0x0000c2c3 mem 0x80010808
core   0: 0x80000dba (0x0307b7b3) mulhu   a5, a5, a6
core   0: 3 0x80000dba (0x0307b7b3) x15 0x00000000
core   0: 0x80000dbe (0x01843433) sltu    s0, s0, s8
core   0: 3 0x80000dbe (0x01843433) x8  0x00000001
core   0: 0x80000dc2 (0x00004401) c.li    s0, 0
core   0: 3 0x80000dc2 (0x4401) x8  0x00000000
core   0: 0x80000dc4 (0x1d5f3413) sltiu   s0, t5, 469
core   0: 3 0x80000dc4 (0x1d5f3413) x8  0x00000001
core   0: 0x80000dc8 (0xfd849aa3) sh      s8, -43(s1)
core   0: 3 0x80000dc8 (0xfd849aa3) mem 0x80010804 0xf8fd
core   0: 0x80000dcc (0x01045813) srli    a6, s0, 16
core   0: 3 0x80000dcc (0x01045813) x16 0x00000000
core   0: 0x80000dd0 (0x03d7c433) div     s0, a5, t4
core   0: 3 0x80000dd0 (0x03d7c433) x8  0x00000000
core   0: 0x80000dd4 (0x00008791) c.srai  a5, 4
core   0: 3 0x80000dd4 (0x8791) x15 0x00000000
core   0: 0x80000dd6 (0xfd34d783) lhu     a5, -45(s1)
core   0: 3 0x80000dd6 (0xfd34d783) x15 0x0000b8b9 mem 0x80010802
core   0: 0x80000dda (0x01885433) srl     s0, a6, s8
core   0: 3 0x80000dda (0x01885433) x8  0x00000000
core   0: 0x80000dde (0x03e48ba3) sb      t5, 55(s1)
core   0: 3 0x80000dde (0x03e48ba3) mem 0x80010866 0x00
core   0: 0x80000de2 (0x03ee8833) mul     a6, t4, t5
core   0: 3 0x80000de2 (0x03ee8833) x16 0x00000000
core   0: 0x80000de6 (0x00008fe1) c.and   a5, s0
core   0: 3 0x80000de6 (0x8fe1) x15 0x00000000
core   0: 0x80000de8 (0x00fea833) slt     a6, t4, a5
core   0: 3 0x80000de8 (0x00fea833) x16 0x00000000
core   0: 0x80000dec (0xfde48a23) sb      t5, -44(s1)
core   0: 3 0x80000dec (0xfde48a23) mem 0x80010803 0x00
core   0: 0x80000df0 (0x01749783) lh      a5, 23(s1)
core   0: 3 0x80000df0 (0x01749783) x15 0xfffffcfd mem 0x80010846
core   0: 0x80000df4 (0x02348e83) lb      t4, 35(s1)
core   0: 3 0x80000df4 (0x02348e83) x29 0x00000009 mem 0x80010852
core   0: 0x80000df8 (0x00008c01) c.sub   s0, s0
core   0: 3 0x80000df8 (0x8c01) x8  0x00000000
core   0: 0x80000dfa (0x41045833) sra     a6, s0, a6
core   0: 3 0x80000dfa (0x41045833) x16 0x00000000
core   0: 0x80000dfe (0x00000f6d) c.addi  t5, 27
core   0: 3 0x80000dfe (0x0f6d) x30 0x0000001b
core   0: 0x80000e00 (0x00008862) c.mv    a6, s8
core   0: 3 0x80000e00 (0x8862) x16 0xfffff8fd
core   0: 0x80000e02 (0x00a48403) lb      s0, 10(s1)
core   0: 3 0x80000e02 (0x00a48403) x8  0xfffffff2 mem 0x80010839
core   0: 0x80000e06 (0xfd248e83) lb      t4, -46(s1)
core   0: 3 0x80000e06 (0xfd248e83) x29 0x00000000 mem 0x80010801
core   0: 0x80000e0a (0x00008051) c.srli  s0, 20
core   0: 3 0x80000e0a (0x8051) x8  0x00000fff
core   0: 0x80000e0c (0xfc648803) lb      a6, -58(s1)
core   0: 3 0x80000e0c (0xfc648803) x16 0xfffffff8 mem 0x800107f5
core   0: 0x80000e10 (0x03848123) sb      s8, 34(s1)
core   0: 3 0x80000e10 (0x03848123) mem 0x80010851 0xfd
core   0: 0x80000e14 (0x6e97f413) andi    s0, a5, 1769
core   0: 3 0x80000e14 (0x6e97f413) x8  0x000004e9
core   0: 0x80000e18 (0x03ec77b3) remu    a5, s8, t5
core   0: 3 0x80000e18 (0x03ec77b3) x15 0x00000009
core   0: 0x80000e1c (0x0394a803) lw      a6, 57(s1)
core   0: 3 0x80000e1c (0x0394a803) x16 0x20212223 mem 0x80010868
core   0: 0x80000e20 (0x00f45833) srl     a6, s0, a5
core   0: 3 0x80000e20 (0x00f45833) x16 0x00000002
core   0: 0x80000e24 (0xfe24c783) lbu     a5, -30(s1)
core   0: 3 0x80000e24 (0xfe24c783) x15 0x000000ca mem 0x80010811
core   0: 0x80000e28 (0x00f877b3) and     a5, a6, a5
core   0: 3 0x80000e28 (0x00f877b3) x15 0x00000002
core   0: 0x80000e2c (0x03e43433) mulhu   s0, s0, t5
core   0: 3 0x80000e2c (0x03e43433) x8  0x00000000
core   0: 0x80000e30 (0xfe84cc03) lbu     s8, -24(s1)
core   0: 3 0x80000e30 (0xfe84cc03) x24 0x000000cc mem 0x80010817
core   0: 0x80000e34 (0x00f4cc03) lbu     s8, 15(s1)
core   0: 3 0x80000e34 (0x00f4cc03) x24 0x000000f5 mem 0x8001083e
core   0: 0x80000e38 (0xffa48403) lb      s0, -6(s1)
core   0: 3 0x80000e38 (0xffa48403) x8  0xffffffe2 mem 0x80010829
core   0: 0x80000e3c (0x00006855) c.lui   a6, 0x15
core   0: 3 0x80000e3c (0x6855) x16 0x00015000
core   0: 0x80000e3e (0x0244c803) lbu     a6, 36(s1)
core   0: 3 0x80000e3e (0x0244c803) x16 0x00000008 mem 0x80010853
core   0: 0x80000e42 (0x00004621) c.li    a2, 8
core   0: 3 0x80000e42 (0x4621) x12 0x00000008
core   0: 0x80000e44 (0x03dc0133) mul     sp, s8, t4
core   0: 3 0x80000e44 (0x03dc0133) x2  0x00000000
core   0: 0x80000e48 (0x00009c3a) c.add   s8, a4
core   0: 3 0x80000e48 (0x9c3a) x24 0x0000010e
core   0: 0x80000e4a (0x000048b5) c.li    a7, 13
core   0: 3 0x80000e4a (0x48b5) x17 0x0000000d
core   0: 0x80000e4c (0x00000c9c) c.addi4spn a5, sp, 592
core   0: 3 0x80000e4c (0x0c9c) x15 0x00000250
core   0: 0x80000e4e (0xc35ea813) slti    a6, t4, -971
core   0: 3 0x80000e4e (0xc35ea813) x16 0x00000000
core   0: 0x80000e52 (0x00000001) c.nop
core   0: 3 0x80000e52 (0x0001)
core   0: 0x80000e54 (0xcd486713) ori     a4, a6, -812
core   0: 3 0x80000e54 (0xcd486713) x14 0xfffffcd4
core   0: 0x80000e58 (0x0258c933) div     s2, a7, t0
core   0: 3 0x80000e58 (0x0258c933) x18 0xffffffff
core   0: 0x80000e5c (0x000080fd) c.srli  s1, 31
core   0: 3 0x80000e5c (0x80fd) x9  0x00000001
core   0: 0x80000e5e (0x00173833) sltu    a6, a4, ra
core   0: 3 0x80000e5e (0x00173833) x16 0x00000000
core   0: 0x80000e62 (0xa9823213) sltiu   tp, tp, -1384
core   0: 3 0x80000e62 (0xa9823213) x4  0x00000001
core   0: 0x80000e66 (0x021b2d33) mulhsu  s10, s6, ra
core   0: 3 0x80000e66 (0x021b2d33) x26 0x0000e000
core   0: 0x80000e6a (0x002680b3) add     ra, a3, sp
core   0: 3 0x80000e6a (0x002680b3) x1  0x80000d5a
core   0: 0x80000e6e (0xb4bf0813) addi    a6, t5, -1205
core   0: 3 0x80000e6e (0xb4bf0813) x16 0xfffffb66
core   0: 0x80000e72 (0x000092ba) c.add   t0, a4
core   0: 3 0x80000e72 (0x92ba) x5  0xfffffcd4
core   0: 0x80000e74 (0xfa70ee13) ori     t3, ra, -89
core   0: 3 0x80000e74 (0xfa70ee13) x28 0xffffffff
core   0: 0x80000e78 (0x00008c51) c.or    s0, a2
core   0: 3 0x80000e78 (0x8c51) x8  0xffffffea
core   0: 0x80000e7a (0x00000615) c.addi  a2, 5
core   0: 3 0x80000e7a (0x0615) x12 0x0000000d
core   0: 0x80000e7c (0x03fcf1b3) remu    gp, s9, t6
core   0: 3 0x80000e7c (0x03fcf1b3) x3  0x0000000f
core   0: 0x80000e80 (0x02abe233) rem     tp, s7, a0
core   0: 3 0x80000e80 (0x02abe233) x4  0x00000014
core   0: 0x80000e84 (0xfd160de3) beq     a2, a7, pc - 38
core   0: 3 0x80000e84 (0xfd160de3)
core   0: 0x80000e5e (0x00173833) sltu    a6, a4, ra
core   0: 3 0x80000e5e (0x00173833) x16 0x00000000
core   0: 0x80000e62 (0xa9823213) sltiu   tp, tp, -1384
core   0: 3 0x80000e62 (0xa9823213) x4  0x00000001
core   0: 0x80000e66 (0x021b2d33) mulhsu  s10, s6, ra
core   0: 3 0x80000e66 (0x021b2d33) x26 0x0000e000
core   0: 0x80000e6a (0x002680b3) add     ra, a3, sp
core   0: 3 0x80000e6a (0x002680b3) x1  0x80000d5a
core   0: 0x80000e6e (0xb4bf0813) addi    a6, t5, -1205
core   0: 3 0x80000e6e (0xb4bf0813) x16 0xfffffb66
core   0: 0x80000e72 (0x000092ba) c.add   t0, a4
core   0: 3 0x80000e72 (0x92ba) x5  0xfffff9a8
core   0: 0x80000e74 (0xfa70ee13) ori     t3, ra, -89
core   0: 3 0x80000e74 (0xfa70ee13) x28 0xffffffff
core   0: 0x80000e78 (0x00008c51) c.or    s0, a2
core   0: 3 0x80000e78 (0x8c51) x8  0xffffffef
core   0: 0x80000e7a (0x00000615) c.addi  a2, 5
core   0: 3 0x80000e7a (0x0615) x12 0x00000012
core   0: 0x80000e7c (0x03fcf1b3) remu    gp, s9, t6
core   0: 3 0x80000e7c (0x03fcf1b3) x3  0x0000000f
core   0: 0x80000e80 (0x02abe233) rem     tp, s7, a0
core   0: 3 0x80000e80 (0x02abe233) x4  0x00000014
core   0: 0x80000e84 (0xfd160de3) beq     a2, a7, pc - 38
core   0: 3 0x80000e84 (0xfd160de3)
core   0: 0x80000e88 (0x00000232) c.slli  tp, 12
core   0: 3 0x80000e88 (0x0232) x4  0x00014000
core   0: 0x80000e8a (0x014006ef) jal     a3, pc + 0x14
core   0: 3 0x80000e8a (0x014006ef) x13 0x80000e8e
core   0: 0x80000e9e (0x00003fc5) c.jal   pc - 16
core   0: 3 0x80000e9e (0x3fc5) x1  0x80000ea0
core   0: 0x80000e8e (0x034000ef) jal     pc + 0x34
core   0: 3 0x80000e8e (0x034000ef) x1  0x80000e92
core   0: 0x80000ec2 (0xfd9ff7ef) jal     a5, pc - 0x28
core   0: 3 0x80000ec2 (0xfd9ff7ef) x15 0x80000ec6
core   0: 0x80000e9a (0x00002031) c.jal   pc + 12
core   0: 3 0x80000e9a (0x2031) x1  0x80000e9c
core   0: 0x80000ea6 (0x0000a821) c.j     pc + 24
core   0: 3 0x80000ea6 (0xa821)
core   0: 0x80000ebe (0x00002009) c.jal   pc + 2
core   0: 3 0x80000ebe (0x2009) x1  0x80000ec0
core   0: 0x80000ec0 (0x0000bfd9) c.j     pc - 42
core   0: 3 0x80000ec0 (0xbfd9)
core   0: 0x80000e96 (0x0000a029) c.j     pc + 10
core   0: 3 0x80000e96 (0xa029)
core   0: 0x80000ea0 (0x0000a009) c.j     pc + 2
core   0: 3 0x80000ea0 (0xa009)
core   0: 0x80000ea2 (0x00003fdd) c.jal   pc - 10
core   0: 3 0x80000ea2 (0x3fdd) x1  0x80000ea4
core   0: 0x80000e98 (0x00002031) c.jal   pc + 12
core   0: 3 0x80000e98 (0x2031) x1  0x80000e9a
core   0: 0x80000ea4 (0x00002039) c.jal   pc + 14
core   0: 3 0x80000ea4 (0x2039) x1  0x80000ea6
core   0: 0x80000eb2 (0xfe1ff0ef) jal     pc - 0x20
core   0: 3 0x80000eb2 (0xfe1ff0ef) x1  0x80000eb6
core   0: 0x80000e92 (0x0000a839) c.j     pc + 30
core   0: 3 0x80000e92 (0xa839)
core   0: 0x80000eb0 (0x00003ff5) c.jal   pc - 4
core   0: 3 0x80000eb0 (0x3ff5) x1  0x80000eb2
core   0: 0x80000eac (0x00003fc5) c.jal   pc - 16
core   0: 3 0x80000eac (0x3fc5) x1  0x80000eae
core   0: 0x80000e9c (0x0000a031) c.j     pc + 12
core   0: 3 0x80000e9c (0xa031)
core   0: 0x80000ea8 (0xfedff0ef) jal     pc - 0x14
core   0: 3 0x80000ea8 (0xfedff0ef) x1  0x80000eac
core   0: 0x80000e94 (0x0000a01d) c.j     pc + 38
core   0: 3 0x80000e94 (0xa01d)
core   0: 0x80000eba (0xff5ffe6f) jal     t3, pc - 0xc
core   0: 3 0x80000eba (0xff5ffe6f) x28 0x80000ebe
core   0: 0x80000eae (0x0000a021) c.j     pc + 8
core   0: 3 0x80000eae (0xa021)
core   0: 0x80000eb6 (0x010000ef) jal     pc + 0x10
core   0: 3 0x80000eb6 (0x010000ef) x1  0x80000eba
core   0: 0x80000ec6 (0x0355bd33) mulhu   s10, a1, s5
core   0: 3 0x80000ec6 (0x0355bd33) x26 0x00000000
core   0: 0x80000eca (0x024006ef) jal     a3, pc + 0x24
core   0: 3 0x80000eca (0x024006ef) x13 0x80000ece
core   0: 0x80000eee (0x000037dd) c.jal   pc - 26
core   0: 3 0x80000eee (0x37dd) x1  0x80000ef0
core   0: 0x80000ed4 (0x00002011) c.jal   pc + 4
core   0: 3 0x80000ed4 (0x2011) x1  0x80000ed6
core   0: 0x80000ed8 (0x00a000ef) jal     pc + 0xa
core   0: 3 0x80000ed8 (0x00a000ef) x1  0x80000edc
core   0: 0x80000ee2 (0x0000bfed) c.j     pc - 6
core   0: 3 0x80000ee2 (0xbfed)
core   0: 0x80000edc (0x0000a801) c.j     pc + 16
core   0: 3 0x80000edc (0xa801)
core   0: 0x80000eec (0x00003fd5) c.jal   pc - 12
core   0: 3 0x80000eec (0x3fd5) x1  0x80000eee
core   0: 0x80000ee0 (0x0000a819) c.j     pc + 22
core   0: 3 0x80000ee0 (0xa819)
core   0: 0x80000ef6 (0x0000bffd) c.j     pc - 2
core   0: 3 0x80000ef6 (0xbffd)
core   0: 0x80000ef4 (0x0000b7ed) c.j     pc - 22
core   0: 3 0x80000ef4 (0xb7ed)
core   0: 0x80000ede (0x00002809) c.jal   pc + 18
core   0: 3 0x80000ede (0x2809) x1  0x80000ee0
core   0: 0x80000ef0 (0xffbff4ef) jal     s1, pc - 0x6
core   0: 3 0x80000ef0 (0xffbff4ef) x9  0x80000ef4
core   0: 0x80000eea (0x0000bfed) c.j     pc - 6
core   0: 3 0x80000eea (0xbfed)
core   0: 0x80000ee4 (0x00002811) c.jal   pc + 20
core   0: 3 0x80000ee4 (0x2811) x1  0x80000ee6
core   0: 0x80000ef8 (0x0000bfe9) c.j     pc - 38
core   0: 3 0x80000ef8 (0xbfe9)
core   0: 0x80000ed2 (0x0000a011) c.j     pc + 4
core   0: 3 0x80000ed2 (0xa011)
core   0: 0x80000ed6 (0x00003fe5) c.jal   pc - 8
core   0: 3 0x80000ed6 (0x3fe5) x1  0x80000ed8
core   0: 0x80000ece (0x0000a821) c.j     pc + 24
core   0: 3 0x80000ece (0xa821)
core   0: 0x80000ee6 (0xfebff0ef) jal     pc - 0x16
core   0: 3 0x80000ee6 (0xfebff0ef) x1  0x80000eea
core   0: 0x80000ed0 (0x0000202d) c.jal   pc + 42
core   0: 3 0x80000ed0 (0x202d) x1  0x80000ed2
core   0: 0x80000efa (0x02d93533) mulhu   a0, s2, a3
core   0: 3 0x80000efa (0x02d93533) x10 0x80000ecd
core   0: 0x80000efe (0x000044a1) c.li    s1, 8
core   0: 3 0x80000efe (0x44a1) x9  0x00000008
core   0: 0x80000f00 (0x000041bd) c.li    gp, 15
core   0: 3 0x80000f00 (0x41bd) x3  0x0000000f
core   0: 0x80000f02 (0x00008c59) c.or    s0, a4
core   0: 3 0x80000f02 (0x8c59) x8  0xffffffff
core   0: 0x80000f04 (0x0000049d) c.addi  s1, 7
core   0: 3 0x80000f04 (0x049d) x9  0x0000000f
core   0: 0x80000f06 (0x0000557d) c.li    a0, -1
core   0: 3 0x80000f06 (0x557d) x10 0xffffffff
core   0: 0x80000f08 (0x00000001) c.nop
core   0: 3 0x80000f08 (0x0001)
core   0: 0x80000f0a (0x03c0cf33) div     t5, ra, t3
core   0: 3 0x80000f0a (0x03c0cf33) x30 0x00000000
core   0: 0x80000f0e (0x00008c61) c.and   s0, s0
core   0: 3 0x80000f0e (0x8c61) x8  0xffffffff
core   0: 0x80000f10 (0x00000505) c.addi  a0, 1
core   0: 3 0x80000f10 (0x0505) x10 0x00000000
core   0: 0x80000f12 (0x0000dd65) c.beqz  a0, pc - 8
core   0: 3 0x80000f12 (0xdd65)
core   0: 0x80000f0a (0x03c0cf33) div     t5, ra, t3
core   0: 3 0x80000f0a (0x03c0cf33) x30 0x00000000
core   0: 0x80000f0e (0x00008c61) c.and   s0, s0
core   0: 3 0x80000f0e (0x8c61) x8  0xffffffff
core   0: 0x80000f10 (0x00000505) c.addi  a0, 1
core   0: 3 0x80000f10 (0x0505) x10 0x00000001
core   0: 0x80000f12 (0x0000dd65) c.beqz  a0, pc - 8
core   0: 3 0x80000f12 (0xdd65)
core   0: 0x80000f14 (0xfe3497e3) bne     s1, gp, pc - 18
core   0: 3 0x80000f14 (0xfe3497e3)
core   0: 0x80000f18 (0x5110bb13) sltiu   s6, ra, 1297
core   0: 3 0x80000f18 (0x5110bb13) x22 0x00000000
core   0: 0x80000f1c (0x0000fa97) auipc   s5, 0xf
core   0: 3 0x80000f1c (0x0000fa97) x21 0x8000ff1c
core   0: 0x80000f20 (0x458a8a93) addi    s5, s5, 1112
core   0: 3 0x80000f20 (0x458a8a93) x21 0x80010374
core   0: 0x80000f24 (0xfc2a8b23) sb      sp, -42(s5)
core   0: 3 0x80000f24 (0xfc2a8b23) mem 0x8001034a 0x00
core   0: 0x80000f28 (0x00000001) c.nop
core   0: 3 0x80000f28 (0x0001)
core   0: 0x80000f2a (0xfd6a8a03) lb      s4, -42(s5)
core   0: 3 0x80000f2a (0xfd6a8a03) x20 0x00000000 mem 0x8001034a
core   0: 0x80000f2e (0x0018e2b3) or      t0, a7, ra
core   0: 3 0x80000f2e (0x0018e2b3) x5  0x80000edf
core   0: 0x80000f32 (0xfcaa9b23) sh      a0, -42(s5)
core   0: 3 0x80000f32 (0xfcaa9b23) mem 0x8001034a 0x0001
core   0: 0x80000f36 (0xfd2a81a3) sb      s2, -61(s5)
core   0: 3 0x80000f36 (0xfd2a81a3) mem 0x80010337 0xff
core   0: 0x80000f3a (0xfc3acc03) lbu     s8, -61(s5)
core   0: 3 0x80000f3a (0xfc3acc03) x24 0x000000ff mem 0x80010337
core   0: 0x80000f3e (0xfc3a8383) lb      t2, -61(s5)
core   0: 3 0x80000f3e (0xfc3a8383) x7  0xffffffff mem 0x80010337
core   0: 0x80000f42 (0xfc3a8483) lb      s1, -61(s5)
core   0: 3 0x80000f42 (0xfc3a8483) x9  0xffffffff mem 0x80010337
core   0: 0x80000f46 (0xfdea81a3) sb      t5, -61(s5)
core   0: 3 0x80000f46 (0xfdea81a3) mem 0x80010337 0x00
core   0: 0x80000f4a (0xfc3a8203) lb      tp, -61(s5)
core   0: 3 0x80000f4a (0xfc3a8203) x4  0x00000000 mem 0x80010337
core   0: 0x80000f4e (0xfc3acb03) lbu     s6, -61(s5)
core   0: 3 0x80000f4e (0xfc3acb03) x22 0x00000000 mem 0x80010337
core   0: 0x80000f52 (0xfc3a8b83) lb      s7, -61(s5)
core   0: 3 0x80000f52 (0xfc3a8b83) x23 0x00000000 mem 0x80010337
core   0: 0x80000f56 (0x00006539) c.lui   a0, 0xe
core   0: 3 0x80000f56 (0x6539) x10 0x0000e000
core   0: 0x80000f58 (0xfc3a8503) lb      a0, -61(s5)
core   0: 3 0x80000f58 (0xfc3a8503) x10 0x00000000 mem 0x80010337
core   0: 0x80000f5c (0x0026f733) and     a4, a3, sp
core   0: 3 0x80000f5c (0x0026f733) x14 0x00000000
core   0: 0x80000f60 (0xfc3ac703) lbu     a4, -61(s5)
core   0: 3 0x80000f60 (0xfc3ac703) x14 0x00000000 mem 0x80010337
core   0: 0x80000f64 (0x02f39533) mulh    a0, t2, a5
core   0: 3 0x80000f64 (0x02f39533) x10 0x00000000
core   0: 0x80000f68 (0xfdea81a3) sb      t5, -61(s5)
core   0: 3 0x80000f68 (0xfdea81a3) mem 0x80010337 0x00
core   0: 0x80000f6c (0xfc3a8983) lb      s3, -61(s5)
core   0: 3 0x80000f6c (0xfc3a8983) x19 0x00000000 mem 0x80010337
core   0: 0x80000f70 (0xfc1a81a3) sb      ra, -61(s5)
core   0: 3 0x80000f70 (0xfc1a81a3) mem 0x80010337 0xd2
core   0: 0x80000f74 (0xfc6a81a3) sb      t1, -61(s5)
core   0: 3 0x80000f74 (0xfc6a81a3) mem 0x80010337 0x64
core   0: 0x80000f78 (0xfc3ac183) lbu     gp, -61(s5)
core   0: 3 0x80000f78 (0xfc3ac183) x3  0x00000064 mem 0x80010337
core   0: 0x80000f7c (0x00005665) c.li    a2, -7
core   0: 3 0x80000f7c (0x5665) x12 0xfffffff9
core   0: 0x80000f7e (0x00008d2a) c.mv    s10, a0
core   0: 3 0x80000f7e (0x8d2a) x26 0x00000000
core   0: 0x80000f80 (0x41058b33) sub     s6, a1, a6
core   0: 3 0x80000f80 (0x41058b33) x22 0x8002a17e
core   0: 0x80000f84 (0x00005745) c.li    a4, -15
core   0: 3 0x80000f84 (0x5745) x14 0xfffffff1
core   0: 0x80000f86 (0x00000001) c.nop
core   0: 3 0x80000f86 (0x0001)
core   0: 0x80000f88 (0xde950797) auipc   a5, 0xde950
core   0: 3 0x80000f88 (0xde950797) x15 0x5e950f88
core   0: 0x80000f8c (0x000092be) c.add   t0, a5
core   0: 3 0x80000f8c (0x92be) x5  0xde951e67
core   0: 0x80000f8e (0x010ad233) srl     tp, s5, a6
core   0: 3 0x80000f8e (0x010ad233) x4  0x0200040d
core   0: 0x80000f92 (0x4042dfb3) sra     t6, t0, tp
core   0: 3 0x80000f92 (0x4042dfb3) x31 0xfffef4a8
core   0: 0x80000f96 (0x00008f95) c.sub   a5, a3
core   0: 3 0x80000f96 (0x8f95) x15 0xde9500ba
core   0: 0x80000f98 (0x00006d29) c.lui   s10, 0xa
core   0: 3 0x80000f98 (0x6d29) x26 0x0000a000
core   0: 0x80000f9a (0x000084b6) c.mv    s1, a3
core   0: 3 0x80000f9a (0x84b6) x9  0x80000ece
core   0: 0x80000f9c (0x00000001) c.nop
core   0: 3 0x80000f9c (0x0001)
core   0: 0x80000f9e (0x00008979) c.andi  a0, 30
core   0: 3 0x80000f9e (0x8979) x10 0x00000000
core   0: 0x80000fa0 (0x0324bab3) mulhu   s5, s1, s2
core   0: 3 0x80000fa0 (0x0324bab3) x21 0x80000ecd
core   0: 0x80000fa4 (0x00008c5d) c.or    s0, a5
core   0: 3 0x80000fa4 (0x8c5d) x8  0xffffffff
core   0: 0x80000fa6 (0x000059fd) c.li    s3, -1
core   0: 3 0x80000fa6 (0x59fd) x19 0xffffffff
core   0: 0x80000fa8 (0x0354d2b3) divu    t0, s1, s5
core   0: 3 0x80000fa8 (0x0354d2b3) x5  0x00000001
core   0: 0x80000fac (0x00001661) c.addi  a2, -8
core   0: 3 0x80000fac (0x1661) x12 0xfffffff1
core   0: 0x80000fae (0xea3ebf93) sltiu   t6, t4, -349
core   0: 3 0x80000fae (0xea3ebf93) x31 0x00000001
core   0: 0x80000fb2 (0x00008d4d) c.or    a0, a1
core   0: 3 0x80000fb2 (0x8d4d) x10 0x80029ce4
core   0: 0x80000fb4 (0x40015d93) srai    s11, sp, 0
core   0: 3 0x80000fb4 (0x40015d93) x27 0x00000000
core   0: 0x80000fb8 (0x00001688) c.addi4spn a0, sp, 864
core   0: 3 0x80000fb8 (0x1688) x10 0x00000360
core   0: 0x80000fba (0xfee656e3) bge     a2, a4, pc - 20
core   0: 3 0x80000fba (0xfee656e3)
core   0: 0x80000fa6 (0x000059fd) c.li    s3, -1
core   0: 3 0x80000fa6 (0x59fd) x19 0xffffffff
core   0: 0x80000fa8 (0x0354d2b3) divu    t0, s1, s5
core   0: 3 0x80000fa8 (0x0354d2b3) x5  0x00000001
core   0: 0x80000fac (0x00001661) c.addi  a2, -8
core   0: 3 0x80000fac (0x1661) x12 0xffffffe9
core   0: 0x80000fae (0xea3ebf93) sltiu   t6, t4, -349
core   0: 3 0x80000fae (0xea3ebf93) x31 0x00000001
core   0: 0x80000fb2 (0x00008d4d) c.or    a0, a1
core   0: 3 0x80000fb2 (0x8d4d) x10 0x80029fe4
core   0: 0x80000fb4 (0x40015d93) srai    s11, sp, 0
core   0: 3 0x80000fb4 (0x40015d93) x27 0x00000000
core   0: 0x80000fb8 (0x00001688) c.addi4spn a0, sp, 864
core   0: 3 0x80000fb8 (0x1688) x10 0x00000360
core   0: 0x80000fba (0xfee656e3) bge     a2, a4, pc - 20
core   0: 3 0x80000fba (0xfee656e3)
core   0: 0x80000fbe (0x039fbd33) mulhu   s10, t6, s9
core   0: 3 0x80000fbe (0x039fbd33) x26 0x00000000
core   0: 0x80000fc2 (0x000058f9) c.li    a7, -2
core   0: 3 0x80000fc2 (0x58f9) x17 0xfffffffe
core   0: 0x80000fc4 (0x014c9c33) sll     s8, s9, s4
core   0: 3 0x80000fc4 (0x014c9c33) x24 0x0000000f
core   0: 0x80000fc8 (0x00005f7d) c.li    t5, -1
core   0: 3 0x80000fc8 (0x5f7d) x30 0xffffffff
core   0: 0x80000fca (0x0000523d) c.li    tp, -17
core   0: 3 0x80000fca (0x523d) x4  0xffffffef
core   0: 0x80000fcc (0x000092e2) c.add   t0, s8
core   0: 3 0x80000fcc (0x92e2) x5  0x00000010
core   0: 0x80000fce (0x0000891d) c.andi  a0, 7
core   0: 3 0x80000fce (0x891d) x10 0x00000000
core   0: 0x80000fd0 (0x036ce3b3) rem     t2, s9, s6
core   0: 3 0x80000fd0 (0x036ce3b3) x7  0x0000000f
core   0: 0x80000fd4 (0x000018ed) c.addi  a7, -5
core   0: 3 0x80000fd4 (0x18ed) x17 0xfffffff9
core   0: 0x80000fd6 (0x01373533) sltu    a0, a4, s3
core   0: 3 0x80000fd6 (0x01373533) x10 0x00000001
core   0: 0x80000fda (0x00005479) c.li    s0, -2
core   0: 3 0x80000fda (0x5479) x8  0xfffffffe
core   0: 0x80000fdc (0x5af9d197) auipc   gp, 0x5af9d
core   0: 3 0x80000fdc (0x5af9d197) x3  0xdaf9dfdc
core   0: 0x80000fe0 (0x00000d1c) c.addi4spn a5, sp, 656
core   0: 3 0x80000fe0 (0x0d1c) x15 0x00000290
core   0: 0x80000fe2 (0x00006bc9) c.lui   s7, 0x12
core   0: 3 0x80000fe2 (0x6bc9) x23 0x00012000
core   0: 0x80000fe4 (0x00000001) c.nop
core   0: 3 0x80000fe4 (0x0001)
core   0: 0x80000fe6 (0xc6167113) andi    sp, a2, -927
core   0: 3 0x80000fe6 (0xc6167113) x2  0xfffffc61
core   0: 0x80000fea (0x00008ef5) c.and   a3, a3
core   0: 3 0x80000fea (0x8ef5) x13 0x80000ece
core   0: 0x80000fec (0x40618133) sub     sp, gp, t1
core   0: 3 0x80000fec (0x40618133) x2  0x5af78178
core   0: 0x80000ff0 (0x00000405) c.addi  s0, 1
core   0: 3 0x80000ff0 (0x0405) x8  0xffffffff
core   0: 0x80000ff2 (0x0000dc65) c.beqz  s0, pc - 8
core   0: 3 0x80000ff2 (0xdc65)
core   0: 0x80000ff4 (0x0000717d) c.addi16sp sp, -16
core   0: 3 0x80000ff4 (0x717d) x2  0x5af78168
core   0: 0x80000ff6 (0x50813513) sltiu   a0, sp, 1288
core   0: 3 0x80000ff6 (0x50813513) x10 0x00000000
core   0: 0x80000ffa (0xfc489ae3) bne     a7, tp, pc - 44
core   0: 3 0x80000ffa (0xfc489ae3)
core   0: 0x80000fce (0x0000891d) c.andi  a0, 7
core   0: 3 0x80000fce (0x891d) x10 0x00000000
core   0: 0x80000fd0 (0x036ce3b3) rem     t2, s9, s6
core   0: 3 0x80000fd0 (0x036ce3b3) x7  0x0000000f
core   0: 0x80000fd4 (0x000018ed) c.addi  a7, -5
core   0: 3 0x80000fd4 (0x18ed) x17 0xfffffff4
core   0: 0x80000fd6 (0x01373533) sltu    a0, a4, s3
core   0: 3 0x80000fd6 (0x01373533) x10 0x00000001
core   0: 0x80000fda (0x00005479) c.li    s0, -2
core   0: 3 0x80000fda (0x5479) x8  0xfffffffe
core   0: 0x80000fdc (0x5af9d197) auipc   gp, 0x5af9d
core   0: 3 0x80000fdc (0x5af9d197) x3  0xdaf9dfdc
core   0: 0x80000fe0 (0x00000d1c) c.addi4spn a5, sp, 656
core   0: 3 0x80000fe0 (0x0d1c) x15 0x5af783f8
core   0: 0x80000fe2 (0x00006bc9) c.lui   s7, 0x12
core   0: 3 0x80000fe2 (0x6bc9) x23 0x00012000
core   0: 0x80000fe4 (0x00000001) c.nop
core   0: 3 0x80000fe4 (0x0001)
core   0: 0x80000fe6 (0xc6167113) andi    sp, a2, -927
core   0: 3 0x80000fe6 (0xc6167113) x2  0xfffffc61
core   0: 0x80000fea (0x00008ef5) c.and   a3, a3
core   0: 3 0x80000fea (0x8ef5) x13 0x80000ece
core   0: 0x80000fec (0x40618133) sub     sp, gp, t1
core   0: 3 0x80000fec (0x40618133) x2  0x5af78178
core   0: 0x80000ff0 (0x00000405) c.addi  s0, 1
core   0: 3 0x80000ff0 (0x0405) x8  0xffffffff
core   0: 0x80000ff2 (0x0000dc65) c.beqz  s0, pc - 8
core   0: 3 0x80000ff2 (0xdc65)
core   0: 0x80000ff4 (0x0000717d) c.addi16sp sp, -16
core   0: 3 0x80000ff4 (0x717d) x2  0x5af78168
core   0: 0x80000ff6 (0x50813513) sltiu   a0, sp, 1288
core   0: 3 0x80000ff6 (0x50813513) x10 0x00000000
core   0: 0x80000ffa (0xfc489ae3) bne     a7, tp, pc - 44
core   0: 3 0x80000ffa (0xfc489ae3)
core   0: 0x80000fce (0x0000891d) c.andi  a0, 7
core   0: 3 0x80000fce (0x891d) x10 0x00000000
core   0: 0x80000fd0 (0x036ce3b3) rem     t2, s9, s6
core   0: 3 0x80000fd0 (0x036ce3b3) x7  0x0000000f
core   0: 0x80000fd4 (0x000018ed) c.addi  a7, -5
core   0: 3 0x80000fd4 (0x18ed) x17 0xffffffef
core   0: 0x80000fd6 (0x01373533) sltu    a0, a4, s3
core   0: 3 0x80000fd6 (0x01373533) x10 0x00000001
core   0: 0x80000fda (0x00005479) c.li    s0, -2
core   0: 3 0x80000fda (0x5479) x8  0xfffffffe
core   0: 0x80000fdc (0x5af9d197) auipc   gp, 0x5af9d
core   0: 3 0x80000fdc (0x5af9d197) x3  0xdaf9dfdc
core   0: 0x80000fe0 (0x00000d1c) c.addi4spn a5, sp, 656
core   0: 3 0x80000fe0 (0x0d1c) x15 0x5af783f8
core   0: 0x80000fe2 (0x00006bc9) c.lui   s7, 0x12
core   0: 3 0x80000fe2 (0x6bc9) x23 0x00012000
core   0: 0x80000fe4 (0x00000001) c.nop
core   0: 3 0x80000fe4 (0x0001)
core   0: 0x80000fe6 (0xc6167113) andi    sp, a2, -927
core   0: 3 0x80000fe6 (0xc6167113) x2  0xfffffc61
core   0: 0x80000fea (0x00008ef5) c.and   a3, a3
core   0: 3 0x80000fea (0x8ef5) x13 0x80000ece
core   0: 0x80000fec (0x40618133) sub     sp, gp, t1
core   0: 3 0x80000fec (0x40618133) x2  0x5af78178
core   0: 0x80000ff0 (0x00000405) c.addi  s0, 1
core   0: 3 0x80000ff0 (0x0405) x8  0xffffffff
core   0: 0x80000ff2 (0x0000dc65) c.beqz  s0, pc - 8
core   0: 3 0x80000ff2 (0xdc65)
core   0: 0x80000ff4 (0x0000717d) c.addi16sp sp, -16
core   0: 3 0x80000ff4 (0x717d) x2  0x5af78168
core   0: 0x80000ff6 (0x50813513) sltiu   a0, sp, 1288
core   0: 3 0x80000ff6 (0x50813513) x10 0x00000000
core   0: 0x80000ffa (0xfc489ae3) bne     a7, tp, pc - 44
core   0: 3 0x80000ffa (0xfc489ae3)
core   0: 0x80000ffe (0x03de4bb3) div     s7, t3, t4
core   0: 3 0x80000ffe (0x03de4bb3) x23 0xffffffff
core   0: 0x80001002 (0x0000f417) auipc   s0, 0xf
core   0: 3 0x80001002 (0x0000f417) x8  0x80010002
core   0: 0x80001006 (0x6bc40413) addi    s0, s0, 1724
core   0: 3 0x80001006 (0x6bc40413) x8  0x800106be
core   0: 0x8000100a (0x41ad84b3) sub     s1, s11, s10
core   0: 3 0x8000100a (0x41ad84b3) x9  0x00000000
core   0: 0x8000100e (0x55b40ba3) sb      s11, 1367(s0)
core   0: 3 0x8000100e (0x55b40ba3) mem 0x80010c15 0x00
core   0: 0x80001012 (0x78f40283) lb      t0, 1935(s0)
core   0: 3 0x80001012 (0x78f40283) x5  0x00000006 mem 0x80010e4d
core   0: 0x80001016 (0x0000717d) c.addi16sp sp, -16
core   0: 3 0x80001016 (0x717d) x2  0x5af78158
core   0: 0x80001018 (0xe6740803) lb      a6, -409(s0)
core   0: 3 0x80001018 (0xe6740803) x16 0xffffffde mem 0x80010525
core   0: 0x8000101c (0xe9b401a3) sb      s11, -381(s0)
core   0: 3 0x8000101c (0xe9b401a3) mem 0x80010541 0x00
core   0: 0x80001020 (0xdbf41823) sh      t6, -592(s0)
core   0: 3 0x80001020 (0xdbf41823) mem 0x8001046e 0x0001
core   0: 0x80001024 (0x7e444103) lbu     sp, 2020(s0)
core   0: 3 0x80001024 (0x7e444103) x2  0x00000059 mem 0x80010ea2
core   0: 0x80001028 (0xd2da4493) xori    s1, s4, -723
core   0: 3 0x80001028 (0xd2da4493) x9  0xfffffd2d
core   0: 0x8000102c (0x1c041d83) lh      s11, 448(s0)
core   0: 3 0x8000102c (0x1c041d83) x27 0x00003435 mem 0x8001087e
core   0: 0x80001030 (0x0000717d) c.addi16sp sp, -16
core   0: 3 0x80001030 (0x717d) x2  0x00000049
core   0: 0x80001032 (0x000094e6) c.add   s1, s9
core   0: 3 0x80001032 (0x94e6) x9  0xfffffd3c
core   0: 0x80001034 (0x2fe42d83) lw      s11, 766(s0)
core   0: 3 0x80001034 (0x2fe42d83) x27 0x74757677 mem 0x800109bc
core   0: 0x80001038 (0x6ff40423) sb      t6, 1768(s0)
core   0: 3 0x80001038 (0x6ff40423) mem 0x80010da6 0x01
core   0: 0x8000103c (0x0a6d8513) addi    a0, s11, 166
core   0: 3 0x8000103c (0x0a6d8513) x10 0x7475771d
core   0: 0x80001040 (0x07f44603) lbu     a2, 127(s0)
core   0: 3 0x80001040 (0x07f44603) x12 0x000000f6 mem 0x8001073d
core   0: 0x80001044 (0xfd640683) lb      a3, -42(s0)
core   0: 3 0x80001044 (0xfd640683) x13 0x0000004f mem 0x80010694
core   0: 0x80001048 (0x0158d393) srli    t2, a7, 21
core   0: 3 0x80001048 (0x0158d393) x7  0x000007ff
core   0: 0x8000104c (0x0000717d) c.addi16sp sp, -16
core   0: 3 0x8000104c (0x717d) x2  0x00000039
core   0: 0x8000104e (0xb9a41823) sh      s10, -1136(s0)
core   0: 3 0x8000104e (0xb9a41823) mem 0x8001024e 0x0000
core   0: 0x80001052 (0x2b844083) lbu     ra, 696(s0)
core   0: 3 0x80001052 (0x2b844083) x1  0x0000002d mem 0x80010976
core   0: 0x80001056 (0x40aadeb3) sra     t4, s5, a0
core   0: 3 0x80001056 (0x40aadeb3) x29 0xfffffffc
core   0: 0x8000105a (0xee6403a3) sb      t1, -281(s0)
core   0: 3 0x8000105a (0xee6403a3) mem 0x800105a5 0x64
core   0: 0x8000105e (0xb7d40823) sb      t4, -1168(s0)
core   0: 3 0x8000105e (0xb7d40823) mem 0x8001022e 0xfc
core   0: 0x80001062 (0x000084e1) c.srai  s1, 24
core   0: 3 0x80001062 (0x84e1) x9  0xffffffff
core   0: 0x80001064 (0x02340683) lb      a3, 35(s0)
core   0: 3 0x80001064 (0x02340683) x13 0xffffff9a mem 0x800106e1
core   0: 0x80001068 (0x02af53b3) divu    t2, t5, a0
core   0: 3 0x80001068 (0x02af53b3) x7  0x00000002
core   0: 0x8000106c (0x00008f61) c.and   a4, s0
core   0: 3 0x8000106c (0x8f61) x14 0x800106b0
core   0: 0x8000106e (0x9ef44f03) lbu     t5, -1553(s0)
core   0: 3 0x8000106e (0x9ef44f03) x30 0x00000066 mem 0x800100ad
core   0: 0x80001072 (0xfbd40ba3) sb      t4, -73(s0)
core   0: 3 0x80001072 (0xfbd40ba3) mem 0x80010675 0xfc
core   0: 0x80001076 (0x02940f83) lb      t6, 41(s0)
core   0: 3 0x80001076 (0x02940f83) x31 0xffffff9c mem 0x800106e7
core   0: 0x8000107a (0x00000001) c.nop
core   0: 3 0x8000107a (0x0001)
core   0: 0x8000107c (0xc2f42523) sw      a5, -982(s0)
core   0: 3 0x8000107c (0xc2f42523) mem 0x800102e8 0x5af783f8
core   0: 0x80001080 (0x00000001) c.nop
core   0: 3 0x80001080 (0x0001)
core   0: 0x80001082 (0x78045203) lhu     tp, 1920(s0)
core   0: 3 0x80001082 (0x78045203) x4  0x0000f4f5 mem 0x80010e3e
core   0: 0x80001086 (0x037fb033) mulhu   zero, t6, s7
core   0: 3 0x80001086 (0x037fb033)
core   0: 0x8000108a (0xac144383) lbu     t2, -1343(s0)
core   0: 3 0x8000108a (0xac144383) x7  0x00000034 mem 0x8001017f
core   0: 0x8000108e (0x03a68d33) mul     s10, a3, s10
core   0: 3 0x8000108e (0x03a68d33) x26 0x00000000
core   0: 0x80001092 (0x3612b193) sltiu   gp, t0, 865
core   0: 3 0x80001092 (0x3612b193) x3  0x00000001
core   0: 0x80001096 (0xf5840d83) lb      s11, -168(s0)
core   0: 3 0x80001096 (0xf5840d83) x27 0xffffffcd mem 0x80010616
core   0: 0x8000109a (0xf9441603) lh      a2, -108(s0)
core   0: 3 0x8000109a (0xf9441603) x12 0x00000809 mem 0x80010652
core   0: 0x8000109e (0x00cb4833) xor     a6, s6, a2
core   0: 3 0x8000109e (0x00cb4833) x16 0x8002a977
core   0: 0x800010a2 (0xa9340fa3) sb      s3, -1377(s0)
core   0: 3 0x800010a2 (0xa9340fa3) mem 0x8001015d 0xff
core   0: 0x800010a6 (0x039f7933) remu    s2, t5, s9
core   0: 3 0x800010a6 (0x039f7933) x18 0x0000000c
core   0: 0x800010aa (0x00006f11) c.lui   t5, 0x4
core   0: 3 0x800010aa (0x6f11) x30 0x00004000
core   0: 0x800010ac (0x00e4f833) and     a6, s1, a4
core   0: 3 0x800010ac (0x00e4f833) x16 0x800106b0
core   0: 0x800010b0 (0x016a9013) slli    zero, s5, 22
core   0: 3 0x800010b0 (0x016a9013)
core   0: 0x800010b4 (0xcbc44c03) lbu     s8, -836(s0)
core   0: 3 0x800010b4 (0xcbc44c03) x24 0x00000031 mem 0x8001037a
core   0: 0x800010b8 (0xaec40d03) lb      s10, -1300(s0)
core   0: 3 0x800010b8 (0xaec40d03) x26 0x00000061 mem 0x800101aa
core   0: 0x800010bc (0x00ad4c33) xor     s8, s10, a0
core   0: 3 0x800010bc (0x00ad4c33) x24 0x7475777c
core   0: 0x800010c0 (0x2b144783) lbu     a5, 689(s0)
core   0: 3 0x800010c0 (0x2b144783) x15 0x00000024 mem 0x8001096f
core   0: 0x800010c4 (0xdb042123) sw      a6, -606(s0)
core   0: 3 0x800010c4 (0xdb042123) mem 0x80010460 0x800106b0
core   0: 0x800010c8 (0x0000576d) c.li    a4, -5
core   0: 3 0x800010c8 (0x576d) x14 0xfffffffb
core   0: 0x800010ca (0x000086bd) c.srai  a3, 15
core   0: 3 0x800010ca (0x86bd) x13 0xffffffff
core   0: 0x800010cc (0x000087b1) c.srai  a5, 12
core   0: 3 0x800010cc (0x87b1) x15 0x00000000
core   0: 0x800010ce (0x40e78833) sub     a6, a5, a4
core   0: 3 0x800010ce (0x40e78833) x16 0x00000005
core   0: 0x800010d2 (0xf550a893) slti    a7, ra, -171
core   0: 3 0x800010d2 (0xf550a893) x17 0x00000000
core   0: 0x800010d6 (0x00008389) c.srli  a5, 2
core   0: 3 0x800010d6 (0x8389) x15 0x00000000
core   0: 0x800010d8 (0x00000001) c.nop
core   0: 3 0x800010d8 (0x0001)
core   0: 0x800010da (0x00006a3d) c.lui   s4, 0xf
core   0: 3 0x800010da (0x6a3d) x20 0x0000f000
core   0: 0x800010dc (0x00906d33) or      s10, zero, s1
core   0: 3 0x800010dc (0x00906d33) x26 0xffffffff
core   0: 0x800010e0 (0xc80d4db7) lui     s11, 0xc80d4
core   0: 3 0x800010e0 (0xc80d4db7) x27 0xc80d4000
core   0: 0x800010e4 (0x0a44b393) sltiu   t2, s1, 164
core   0: 3 0x800010e4 (0x0a44b393) x7  0x00000000
core   0: 0x800010e8 (0x00000d31) c.addi  s10, 12
core   0: 3 0x800010e8 (0x0d31) x26 0x0000000b
core   0: 0x800010ea (0x0000879d) c.srai  a5, 7
core   0: 3 0x800010ea (0x879d) x15 0x00000000
core   0: 0x800010ec (0x00001b9c) c.addi4spn a5, sp, 496
core   0: 3 0x800010ec (0x1b9c) x15 0x00000229
core   0: 0x800010ee (0x00008545) c.srai  a0, 17
core   0: 3 0x800010ee (0x8545) x10 0x00003a3a
core   0: 0x800010f0 (0x00006165) c.addi16sp sp, 112
core   0: 3 0x800010f0 (0x6165) x2  0x000000a9
core   0: 0x800010f2 (0x00009b36) c.add   s6, a3
core   0: 3 0x800010f2 (0x9b36) x22 0x8002a17d
core   0: 0x800010f4 (0x00000715) c.addi  a4, 5
core   0: 3 0x800010f4 (0x0715) x14 0x00000000
core   0: 0x800010f6 (0xd1af0993) addi    s3, t5, -742
core   0: 3 0x800010f6 (0xd1af0993) x19 0x00003d1a
core   0: 0x800010fa (0x02955b33) divu    s6, a0, s1
core   0: 3 0x800010fa (0x02955b33) x22 0x00000000
core   0: 0x800010fe (0x02501433) mulh    s0, zero, t0
core   0: 3 0x800010fe (0x02501433) x8  0x00000000
core   0: 0x80001102 (0x00390833) add     a6, s2, gp
core   0: 3 0x80001102 (0x00390833) x16 0x0000000d
core   0: 0x80001106 (0x89f64f93) xori    t6, a2, -1889
core   0: 3 0x80001106 (0x89f64f93) x31 0xfffff096
core   0: 0x8000110a (0x0000ff69) c.bnez  a4, pc - 38
core   0: 3 0x8000110a (0xff69)
core   0: 0x8000110c (0x00008fa5) c.xor   a5, s1
core   0: 3 0x8000110c (0x8fa5) x15 0xfffffdd6
core   0: 0x8000110e (0x00013117) auipc   sp, 0x13
core   0: 3 0x8000110e (0x00013117) x2  0x8001410e
core   0: 0x80001112 (0x60810113) addi    sp, sp, 1544
core   0: 3 0x80001112 (0x60810113) x2  0x80014716
core   0: 0x80001116 (0xffd10923) sb      t4, -14(sp)
core   0: 3 0x80001116 (0xffd10923) mem 0x80014708 0xfc
core   0: 0x8000111a (0x00f14803) lbu     a6, 15(sp)
core   0: 3 0x8000111a (0x00f14803) x16 0x000000de mem 0x80014725
core   0: 0x8000111e (0xcb05cc37) lui     s8, 0xcb05c
core   0: 3 0x8000111e (0xcb05cc37) x24 0xcb05c000
core   0: 0x80001122 (0x03e3c8b3) div     a7, t2, t5
core   0: 3 0x80001122 (0x03e3c8b3) x17 0x00000000
core   0: 0x80001126 (0x01e107a3) sb      t5, 15(sp)
core   0: 3 0x80001126 (0x01e107a3) mem 0x80014725 0x00
core   0: 0x8000112a (0x01a52a33) slt     s4, a0, s10
core   0: 3 0x8000112a (0x01a52a33) x20 0x00000000
core   0: 0x8000112e (0x005b16b3) sll     a3, s6, t0
core   0: 3 0x8000112e (0x005b16b3) x13 0x00000000
core   0: 0x80001132 (0x026c3db3) mulhu   s11, s8, t1
core   0: 3 0x80001132 (0x026c3db3) x27 0x6584c0e6
core   0: 0x80001136 (0x00f14b03) lbu     s6, 15(sp)
core   0: 3 0x80001136 (0x00f14b03) x22 0x00000000 mem 0x80014725
core   0: 0x8000113a (0x016107a3) sb      s6, 15(sp)
core   0: 3 0x8000113a (0x016107a3) mem 0x80014725 0x00
core   0: 0x8000113e (0x011107a3) sb      a7, 15(sp)
core   0: 3 0x8000113e (0x011107a3) mem 0x80014725 0x00
core   0: 0x80001142 (0x00f10183) lb      gp, 15(sp)
core   0: 3 0x80001142 (0x00f10183) x3  0x00000000 mem 0x80014725
core   0: 0x80001146 (0x00c107a3) sb      a2, 15(sp)
core   0: 3 0x80001146 (0x00c107a3) mem 0x80014725 0x09
core   0: 0x8000114a (0x00b107a3) sb      a1, 15(sp)
core   0: 3 0x8000114a (0x00b107a3) mem 0x80014725 0xe4
core   0: 0x8000114e (0x002107a3) sb      sp, 15(sp)
core   0: 3 0x8000114e (0x002107a3) mem 0x80014725 0x16
core   0: 0x80001152 (0x00017117) auipc   sp, 0x17
core   0: 3 0x80001152 (0x00017117) x2  0x80018152
core   0: 0x80001156 (0x52510113) addi    sp, sp, 1317
core   0: 3 0x80001156 (0x52510113) x2  0x80018677
core   0: 0x8000115a (0x000084d1) c.srai  s1, 20
core   0: 3 0x8000115a (0x84d1) x9  0xffffffff
core   0: 0x8000115c (0x3f2007b7) lui     a5, 0x3f200
core   0: 3 0x8000115c (0x3f2007b7) x15 0x3f200000
core   0: 0x80001160 (0x00008c65) c.and   s0, s1
core   0: 3 0x80001160 (0x8c65) x8  0x00000000
core   0: 0x80001162 (0xfc914903) lbu     s2, -55(sp)
core   0: 3 0x80001162 (0xfc914903) x18 0x000000fb mem 0x80018640
core   0: 0x80001166 (0x00979c33) sll     s8, a5, s1
core   0: 3 0x80001166 (0x00979c33) x24 0x00000000
core   0: 0x8000116a (0x00515903) lhu     s2, 5(sp)
core   0: 3 0x8000116a (0x00515903) x18 0x00003637 mem 0x8001867c
core   0: 0x8000116e (0x41890433) sub     s0, s2, s8
core   0: 3 0x8000116e (0x41890433) x8  0x00003637
core   0: 0x80001172 (0x01810d83) lb      s11, 24(sp)
core   0: 3 0x80001172 (0x01810d83) x27 0x00000044 mem 0x8001868f
core   0: 0x80001176 (0x41b7d7b3) sra     a5, a5, s11
core   0: 3 0x80001176 (0x41b7d7b3) x15 0x03f20000
core   0: 0x8000117a (0xff212ea3) sw      s2, -3(sp)
core   0: 3 0x8000117a (0xff212ea3) mem 0x80018674 0x00003637
core   0: 0x8000117e (0x00b15903) lhu     s2, 11(sp)
core   0: 3 0x8000117e (0x00b15903) x18 0x00003839 mem 0x80018682
core   0: 0x80001182 (0x47297413) andi    s0, s2, 1138
core   0: 3 0x80001182 (0x47297413) x8  0x00000030
core   0: 0x80001186 (0x415dd413) srai    s0, s11, 21
core   0: 3 0x80001186 (0x415dd413) x8  0x00000000
core   0: 0x8000118a (0x03d10483) lb      s1, 61(sp)
core   0: 3 0x8000118a (0x03d10483) x9  0x0000006f mem 0x800186b4
core   0: 0x8000118e (0x01014d83) lbu     s11, 16(sp)
core   0: 3 0x8000118e (0x01014d83) x27 0x0000003c mem 0x80018687
core   0: 0x80001192 (0x01b94db3) xor     s11, s2, s11
core   0: 3 0x80001192 (0x01b94db3) x27 0x00003805
core   0: 0x80001196 (0x01b90c33) add     s8, s2, s11
core   0: 3 0x80001196 (0x01b90c33) x24 0x0000703e
core   0: 0x8000119a (0xfcb11483) lh      s1, -53(sp)
core   0: 3 0x8000119a (0xfcb11483) x9  0xfffff8f9 mem 0x80018642
core   0: 0x8000119e (0x00008ffd) c.and   a5, a5
core   0: 3 0x8000119e (0x8ffd) x15 0x03f20000
core   0: 0x800011a0 (0x00008cc5) c.or    s1, s1
core   0: 3 0x800011a0 (0x8cc5) x9  0xfffff8f9
core   0: 0x800011a2 (0xff511903) lh      s2, -11(sp)
core   0: 3 0x800011a2 (0xff511903) x18 0x00002627 mem 0x8001866c
core   0: 0x800011a6 (0x83ac4793) xori    a5, s8, -1990
core   0: 3 0x800011a6 (0x83ac4793) x15 0xffff8804
core   0: 0x800011aa (0x000067dd) c.lui   a5, 0x17
core   0: 3 0x800011aa (0x67dd) x15 0x00017000
core   0: 0x800011ac (0xf0b42793) slti    a5, s0, -245
core   0: 3 0x800011ac (0xf0b42793) x15 0x00000000
core   0: 0x800011b0 (0x000097a6) c.add   a5, s1
core   0: 3 0x800011b0 (0x97a6) x15 0xfffff8f9
core   0: 0x800011b2 (0x02814783) lbu     a5, 40(sp)
core   0: 3 0x800011b2 (0x02814783) x15 0x00000054 mem 0x8001869f
core   0: 0x800011b6 (0xfc810c03) lb      s8, -56(sp)
core   0: 3 0x800011b6 (0xfc810c03) x24 0xfffffff4 mem 0x8001863f
core   0: 0x800011ba (0xfef11403) lh      s0, -17(sp)
core   0: 3 0x800011ba (0xfef11403) x8  0x00001c1d mem 0x80018666
core   0: 0x800011be (0xfd2109a3) sb      s2, -45(sp)
core   0: 3 0x800011be (0xfd2109a3) mem 0x8001864a 0x27
core   0: 0x800011c2 (0x0000845d) c.srai  s0, 23
core   0: 3 0x800011c2 (0x845d) x8  0x00000000
core   0: 0x800011c4 (0x03810783) lb      a5, 56(sp)
core   0: 3 0x800011c4 (0x03810783) x15 0x00000064 mem 0x800186af
core   0: 0x800011c8 (0x01214d83) lbu     s11, 18(sp)
core   0: 3 0x800011c8 (0x01214d83) x27 0x00000042 mem 0x80018689
core   0: 0x800011cc (0xfe614903) lbu     s2, -26(sp)
core   0: 3 0x800011cc (0xfe614903) x18 0x00000016 mem 0x8001865d
core   0: 0x800011d0 (0x0297a7b3) mulhsu  a5, a5, s1
core   0: 3 0x800011d0 (0x0297a7b3) x15 0x00000063
core   0: 0x800011d4 (0x01d14d83) lbu     s11, 29(sp)
core   0: 3 0x800011d4 (0x01d14d83) x27 0x0000004f mem 0x80018694
core   0: 0x800011d8 (0x00912c03) lw      s8, 9(sp)
core   0: 3 0x800011d8 (0x00912c03) x24 0x38393a3b mem 0x80018680
core   0: 0x800011dc (0x03114783) lbu     a5, 49(sp)
core   0: 3 0x800011dc (0x03114783) x15 0x00000063 mem 0x800186a8
core   0: 0x800011e0 (0x00008f9d) c.sub   a5, a5
core   0: 3 0x800011e0 (0x8f9d) x15 0x00000000
core   0: 0x800011e2 (0x0124f4b3) and     s1, s1, s2
core   0: 3 0x800011e2 (0x0124f4b3) x9  0x00000010
core   0: 0x800011e6 (0xff210723) sb      s2, -18(sp)
core   0: 3 0x800011e6 (0xff210723) mem 0x80018665 0x16
core   0: 0x800011ea (0xfe614483) lbu     s1, -26(sp)
core   0: 3 0x800011ea (0xfe614483) x9  0x00000016 mem 0x8001865d
core   0: 0x800011ee (0x6e9ecdb7) lui     s11, 0x6e9ec
core   0: 3 0x800011ee (0x6e9ecdb7) x27 0x6e9ec000
core   0: 0x800011f2 (0x66fc6793) ori     a5, s8, 1647
core   0: 3 0x800011f2 (0x66fc6793) x15 0x38393e7f
core   0: 0x800011f6 (0x00000001) c.nop
core   0: 3 0x800011f6 (0x0001)
core   0: 0x800011f8 (0x000087fd) c.srai  a5, 31
core   0: 3 0x800011f8 (0x87fd) x15 0x00000000
core   0: 0x800011fa (0x93a44913) xori    s2, s0, -1734
core   0: 3 0x800011fa (0x93a44913) x18 0xfffff93a
core   0: 0x800011fe (0x03f14903) lbu     s2, 63(sp)
core   0: 3 0x800011fe (0x03f14903) x18 0x0000006d mem 0x800186b6
core   0: 0x80001202 (0x0000896e) c.mv    s2, s11
core   0: 3 0x80001202 (0x896e) x18 0x6e9ec000
core   0: 0x80001204 (0xffa10903) lb      s2, -6(sp)
core   0: 3 0x80001204 (0xffa10903) x18 0x0000002a mem 0x80018671
core   0: 0x80001208 (0x00012b17) auipc   s6, 0x12
core   0: 3 0x80001208 (0x00012b17) x22 0x80013208
core   0: 0x8000120c (0xe49b0b13) addi    s6, s6, -439
core   0: 3 0x8000120c (0xe49b0b13) x22 0x80013051
core   0: 0x80001210 (0xffbb1c03) lh      s8, -5(s6)
core   0: 3 0x80001210 (0xffbb1c03) x24 0x00000607 mem 0x8001304c
core   0: 0x80001214 (0x00000d36) c.slli  s10, 13
core   0: 3 0x80001214 (0x0d36) x26 0x00016000
core   0: 0x80001216 (0x03173eb3) mulhu   t4, a4, a7
core   0: 3 0x80001216 (0x03173eb3) x29 0x00000000
core   0: 0x8000121a (0x01f0afb3) slt     t6, ra, t6
core   0: 3 0x8000121a (0x01f0afb3) x31 0x00000000
core   0: 0x8000121e (0x00cb0703) lb      a4, 12(s6)
core   0: 3 0x8000121e (0x00cb0703) x14 0x00000016 mem 0x8001305d
core   0: 0x80001222 (0x000b15a3) sh      zero, 11(s6)
core   0: 3 0x80001222 (0x000b15a3) mem 0x8001305c 0x0000
core   0: 0x80001226 (0xff3b0b83) lb      s7, -13(s6)
core   0: 3 0x80001226 (0xff3b0b83) x23 0xffffffff mem 0x80013044
core   0: 0x8000122a (0x000dca33) xor     s4, s11, zero
core   0: 3 0x8000122a (0x000dca33) x20 0x6e9ec000
core   0: 0x8000122e (0xffbb5f83) lhu     t6, -5(s6)
core   0: 3 0x8000122e (0xffbb5f83) x31 0x00000607 mem 0x8001304c
core   0: 0x80001232 (0xff9b1e83) lh      t4, -7(s6)
core   0: 3 0x80001232 (0xff9b1e83) x29 0x00000001 mem 0x8001304a
core   0: 0x80001236 (0x00008fe6) c.mv    t6, s9
core   0: 3 0x80001236 (0x8fe6) x31 0x0000000f
core   0: 0x80001238 (0xff8b0b83) lb      s7, -8(s6)
core   0: 3 0x80001238 (0xff8b0b83) x23 0x00000002 mem 0x80013049
core   0: 0x8000123c (0x006b4603) lbu     a2, 6(s6)
core   0: 3 0x8000123c (0x006b4603) x12 0x0000000c mem 0x80013057
core   0: 0x80001240 (0xff6b4f83) lbu     t6, -10(s6)
core   0: 3 0x80001240 (0xff6b4f83) x31 0x000000fc mem 0x80013047
core   0: 0x80001244 (0x004b0a83) lb      s5, 4(s6)
core   0: 3 0x80001244 (0x004b0a83) x21 0x0000000e mem 0x80013055
core   0: 0x80001248 (0x03f64eb3) div     t4, a2, t6
core   0: 3 0x80001248 (0x03f64eb3) x29 0x00000000
core   0: 0x8000124c (0x004b4b83) lbu     s7, 4(s6)
core   0: 3 0x8000124c (0x004b4b83) x23 0x0000000e mem 0x80013055
core   0: 0x80001250 (0x00008efd) c.and   a3, a5
core   0: 3 0x80001250 (0x8efd) x13 0x00000000
core   0: 0x80001252 (0xffcb0a83) lb      s5, -4(s6)
core   0: 3 0x80001252 (0xffcb0a83) x21 0x00000006 mem 0x8001304d
core   0: 0x80001256 (0x00cb0403) lb      s0, 12(s6)
core   0: 3 0x80001256 (0x00cb0403) x8  0x00000000 mem 0x8001305d
core   0: 0x8000125a (0x00ab4483) lbu     s1, 10(s6)
core   0: 3 0x8000125a (0x00ab4483) x9  0x00000010 mem 0x8001305b
core   0: 0x8000125e (0xff2b1ca3) sh      s2, -7(s6)
core   0: 3 0x8000125e (0xff2b1ca3) mem 0x8001304a 0x002a
core   0: 0x80001262 (0xff8b0003) lb      zero, -8(s6)
core   0: 3 0x80001262 (0xff8b0003) mem 0x80013049
core   0: 0x80001266 (0xff5b4603) lbu     a2, -11(s6)
core   0: 3 0x80001266 (0xff5b4603) x12 0x000000fd mem 0x80013046
core   0: 0x8000126a (0x0020cdb3) xor     s11, ra, sp
core   0: 3 0x8000126a (0x0020cdb3) x27 0x8001865a
core   0: 0x8000126e (0x00fb04a3) sb      a5, 9(s6)
core   0: 3 0x8000126e (0x00fb04a3) mem 0x8001305a 0x00
core   0: 0x80001272 (0x009b4803) lbu     a6, 9(s6)
core   0: 3 0x80001272 (0x009b4803) x16 0x00000000 mem 0x8001305a
core   0: 0x80001276 (0x1bf33e93) sltiu   t4, t1, 447
core   0: 3 0x80001276 (0x1bf33e93) x29 0x00000000
core   0: 0x8000127a (0xfe0b0c23) sb      zero, -8(s6)
core   0: 3 0x8000127a (0xfe0b0c23) mem 0x80013049 0x00
core   0: 0x8000127e (0x49814613) xori    a2, sp, 1176
core   0: 3 0x8000127e (0x49814613) x12 0x800182ef
core   0: 0x80001282 (0x01734733) xor     a4, t1, s7
core   0: 3 0x80001282 (0x01734733) x14 0x80025e6a
core   0: 0x80001286 (0xff9b4c03) lbu     s8, -7(s6)
core   0: 3 0x80001286 (0xff9b4c03) x24 0x0000002a mem 0x8001304a
core   0: 0x8000128a (0x00bb4803) lbu     a6, 11(s6)
core   0: 3 0x8000128a (0x00bb4803) x16 0x00000000 mem 0x8001305c
core   0: 0x8000128e (0xffdb0b83) lb      s7, -3(s6)
core   0: 3 0x8000128e (0xffdb0b83) x23 0x00000005 mem 0x8001304e
core   0: 0x80001292 (0x00001b9c) c.addi4spn a5, sp, 496
core   0: 3 0x80001292 (0x1b9c) x15 0x80018867
core   0: 0x80001294 (0x006b0703) lb      a4, 6(s6)
core   0: 3 0x80001294 (0x006b0703) x14 0x0000000c mem 0x80013057
core   0: 0x80001298 (0xff8b0a23) sb      s8, -12(s6)
core   0: 3 0x80001298 (0xff8b0a23) mem 0x80013045 0x2a
core   0: 0x8000129c (0x018b0323) sb      s8, 6(s6)
core   0: 3 0x8000129c (0x018b0323) mem 0x80013057 0x2a
core   0: 0x800012a0 (0x00cb4f83) lbu     t6, 12(s6)
core   0: 3 0x800012a0 (0x00cb4f83) x31 0x00000000 mem 0x8001305d
core   0: 0x800012a4 (0x0000546d) c.li    s0, -5
core   0: 3 0x800012a4 (0x546d) x8  0xfffffffb
core   0: 0x800012a6 (0x006207b3) add     a5, tp, t1
core   0: 3 0x800012a6 (0x006207b3) x15 0x80035359
core   0: 0x800012aa (0x41fed813) srai    a6, t4, 31
core   0: 3 0x800012aa (0x41fed813) x16 0x00000000
core   0: 0x800012ae (0x00000001) c.nop
core   0: 3 0x800012ae (0x0001)
core   0: 0x800012b0 (0x00000001) c.nop
core   0: 3 0x800012b0 (0x0001)
core   0: 0x800012b2 (0x00008c52) c.mv    s8, s4
core   0: 3 0x800012b2 (0x8c52) x24 0x6e9ec000
core   0: 0x800012b4 (0x03b40b33) mul     s6, s0, s11
core   0: 3 0x800012b4 (0x03b40b33) x22 0x7ff8603e
core   0: 0x800012b8 (0x01e1e7b3) or      a5, gp, t5
core   0: 3 0x800012b8 (0x01e1e7b3) x15 0x00004000
core   0: 0x800012bc (0x4021d717) auipc   a4, 0x4021d
core   0: 3 0x800012bc (0x4021d717) x14 0xc021e2bc
core   0: 0x800012c0 (0x00000001) c.nop
core   0: 3 0x800012c0 (0x0001)
core   0: 0x800012c2 (0x8185e513) ori     a0, a1, -2024
core   0: 3 0x800012c2 (0x8185e513) x10 0xfffffcfc
core   0: 0x800012c6 (0x00d61193) slli    gp, a2, 13
core   0: 3 0x800012c6 (0x00d61193) x3  0x305de000
core   0: 0x800012ca (0x00000405) c.addi  s0, 1
core   0: 3 0x800012ca (0x0405) x8  0xfffffffc
core   0: 0x800012cc (0x012e06b3) add     a3, t3, s2
core   0: 3 0x800012cc (0x012e06b3) x13 0x80000ee8
core   0: 0x800012d0 (0x024478b3) remu    a7, s0, tp
core   0: 3 0x800012d0 (0x024478b3) x17 0x00006cea
core   0: 0x800012d4 (0x000082f9) c.srli  a3, 30
core   0: 3 0x800012d4 (0x82f9) x13 0x00000002
core   0: 0x800012d6 (0x00689eb3) sll     t4, a7, t1
core   0: 3 0x800012d6 (0x00689eb3) x29 0x0006cea0
core   0: 0x800012da (0x00da0f33) add     t5, s4, a3
core   0: 3 0x800012da (0x00da0f33) x30 0x6e9ec002
core   0: 0x800012de (0xfa918217) auipc   tp, 0xfa918
core   0: 3 0x800012de (0xfa918217) x4  0x7a9192de
core   0: 0x800012e2 (0x026b6e33) rem     t3, s6, t1
core   0: 3 0x800012e2 (0x026b6e33) x28 0x7ff8603e
core   0: 0x800012e6 (0x012f9913) slli    s2, t6, 18
core   0: 3 0x800012e6 (0x012f9913) x18 0x00000000
core   0: 0x800012ea (0x00008229) c.srli  a2, 10
core   0: 3 0x800012ea (0x8229) x12 0x00200060
core   0: 0x800012ec (0x000162b3) or      t0, sp, zero
core   0: 3 0x800012ec (0x000162b3) x5  0x80018677
core   0: 0x800012f0 (0x0000d861) c.beqz  s0, pc - 48
core   0: 3 0x800012f0 (0xd861)
core   0: 0x800012f2 (0xd548fe13) andi    t3, a7, -684
core   0: 3 0x800012f2 (0xd548fe13) x28 0x00006c40
core   0: 0x800012f6 (0x00004da5) c.li    s11, 9
core   0: 3 0x800012f6 (0x4da5) x27 0x00000009
core   0: 0x800012f8 (0x02feac33) mulhsu  s8, t4, a5
core   0: 3 0x800012f8 (0x02feac33) x24 0x00000001
core   0: 0x800012fc (0x03c1a433) mulhsu  s0, gp, t3
core   0: 3 0x800012fc (0x03c1a433) x8  0x00001473
core   0: 0x80001300 (0x00008d55) c.or    a0, a3
core   0: 3 0x80001300 (0x8d55) x10 0xfffffcfe
core   0: 0x80001302 (0xabda4413) xori    s0, s4, -1347
core   0: 3 0x80001302 (0xabda4413) x8  0x91613abd
core   0: 0x80001306 (0x01f67833) and     a6, a2, t6
core   0: 3 0x80001306 (0x01f67833) x16 0x00000000
core   0: 0x8000130a (0x00004b25) c.li    s6, 9
core   0: 3 0x8000130a (0x4b25) x22 0x00000009
core   0: 0x8000130c (0x40c15eb3) sra     t4, sp, a2
core   0: 3 0x8000130c (0x40c15eb3) x29 0x80018677
core   0: 0x80001310 (0x001fa633) slt     a2, t6, ra
core   0: 3 0x80001310 (0x001fa633) x12 0x00000001
core   0: 0x80001314 (0x00000d1c) c.addi4spn a5, sp, 656
core   0: 3 0x80001314 (0x0d1c) x15 0x80018907
core   0: 0x80001316 (0x00006659) c.lui   a2, 0x16
core   0: 3 0x80001316 (0x6659) x12 0x00016000
core   0: 0x80001318 (0x00ddd9b3) srl     s3, s11, a3
core   0: 3 0x80001318 (0x00ddd9b3) x19 0x00000002
core   0: 0x8000131c (0x00001df1) c.addi  s11, -4
core   0: 3 0x8000131c (0x1df1) x27 0x00000005
core   0: 0x8000131e (0x0000866d) c.srai  a2, 27
core   0: 3 0x8000131e (0x866d) x12 0x00000000
core   0: 0x80001320 (0x0000890d) c.andi  a0, 3
core   0: 3 0x80001320 (0x890d) x10 0x00000002
core   0: 0x80001322 (0x41318fb3) sub     t6, gp, s3
core   0: 3 0x80001322 (0x41318fb3) x31 0x305ddffe
core   0: 0x80001326 (0x0000857d) c.srai  a0, 31
core   0: 3 0x80001326 (0x857d) x10 0x00000000
core   0: 0x80001328 (0x000083cd) c.srli  a5, 19
core   0: 3 0x80001328 (0x83cd) x15 0x00001000
core   0: 0x8000132a (0xab91bc13) sltiu   s8, gp, -1351
core   0: 3 0x8000132a (0xab91bc13) x24 0x00000001
core   0: 0x8000132e (0x034bde33) divu    t3, s7, s4
core   0: 3 0x8000132e (0x034bde33) x28 0x00000000
core   0: 0x80001332 (0xff6df1e3) bgeu    s11, s6, pc - 30
core   0: 3 0x80001332 (0xff6df1e3)
core   0: 0x80001336 (0x000084ae) c.mv    s1, a1
core   0: 3 0x80001336 (0x84ae) x9  0x80029ce4
core   0: 0x80001338 (0x00005161) c.li    sp, -8
core   0: 3 0x80001338 (0x5161) x2  0xfffffff8
core   0: 0x8000133a (0x039bb633) mulhu   a2, s7, s9
core   0: 3 0x8000133a (0x039bb633) x12 0x00000000
core   0: 0x8000133e (0x000057f9) c.li    a5, -2
core   0: 3 0x8000133e (0x57f9) x15 0xfffffffe
core   0: 0x80001340 (0x015212b3) sll     t0, tp, s5
core   0: 3 0x80001340 (0x015212b3) x5  0xa464b780
core   0: 0x80001344 (0xcab4ca13) xori    s4, s1, -853
core   0: 3 0x80001344 (0xcab4ca13) x20 0x7ffd604f
core   0: 0x80001348 (0x01715b33) srl     s6, sp, s7
core   0: 3 0x80001348 (0x01715b33) x22 0x07ffffff
core   0: 0x8000134c (0x40fcdf13) srai    t5, s9, 15
core   0: 3 0x8000134c (0x40fcdf13) x30 0x00000000
core   0: 0x80001350 (0x53294b13) xori    s6, s2, 1330
core   0: 3 0x80001350 (0x53294b13) x22 0x00000532
core   0: 0x80001354 (0x02668933) mul     s2, a3, t1
core   0: 3 0x80001354 (0x02668933) x18 0x0004bcc8
core   0: 0x80001358 (0x0000010d) c.addi  sp, 3
core   0: 3 0x80001358 (0x010d) x2  0xfffffffb
core   0: 0x8000135a (0x7a1dbe13) sltiu   t3, s11, 1953
core   0: 3 0x8000135a (0x7a1dbe13) x28 0x00000001
core   0: 0x8000135e (0x836060b7) lui     ra, 0x83606
core   0: 3 0x8000135e (0x836060b7) x1  0x83606000
core   0: 0x80001362 (0x0000648d) c.lui   s1, 0x3
core   0: 3 0x80001362 (0x648d) x9  0x00003000
core   0: 0x80001364 (0x01b39eb3) sll     t4, t2, s11
core   0: 3 0x80001364 (0x01b39eb3) x29 0x00000000
core   0: 0x80001368 (0x000044a1) c.li    s1, 8
core   0: 3 0x80001368 (0x44a1) x9  0x00000008
core   0: 0x8000136a (0x05708d13) addi    s10, ra, 87
core   0: 3 0x8000136a (0x05708d13) x26 0x83606057
core   0: 0x8000136e (0x00000001) c.nop
core   0: 3 0x8000136e (0x0001)
core   0: 0x80001370 (0x1b49f913) andi    s2, s3, 436
core   0: 3 0x80001370 (0x1b49f913) x18 0x00000000
core   0: 0x80001374 (0x0000872d) c.srai  a4, 11
core   0: 3 0x80001374 (0x872d) x14 0xfff8043c
core   0: 0x80001376 (0x03882db3) mulhsu  s11, a6, s8
core   0: 3 0x80001376 (0x03882db3) x27 0x00000000
core   0: 0x8000137a (0x02ea7bb3) remu    s7, s4, a4
core   0: 3 0x8000137a (0x02ea7bb3) x23 0x7ffd604f
core   0: 0x8000137e (0x03eeeeb3) rem     t4, t4, t5
core   0: 3 0x8000137e (0x03eeeeb3) x29 0x00000000
core   0: 0x80001382 (0x03668d33) mul     s10, a3, s6
core   0: 3 0x80001382 (0x03668d33) x26 0x00000a64
core   0: 0x80001386 (0x00008d15) c.sub   a0, a3
core   0: 3 0x80001386 (0x8d15) x10 0xfffffffe
core   0: 0x80001388 (0xfcf104e3) beq     sp, a5, pc - 56
core   0: 3 0x80001388 (0xfcf104e3)
core   0: 0x8000138c (0x41a288b3) sub     a7, t0, s10
core   0: 3 0x8000138c (0x41a288b3) x17 0xa464ad1c
core   0: 0x80001390 (0x01e006ef) jal     a3, pc + 0x1e
core   0: 3 0x80001390 (0x01e006ef) x13 0x80001394
core   0: 0x800013ae (0x0000bfe5) c.j     pc - 8
core   0: 3 0x800013ae (0xbfe5)
core   0: 0x800013a6 (0x020000ef) jal     pc + 0x20
core   0: 3 0x800013a6 (0x020000ef) x1  0x800013aa
core   0: 0x800013c6 (0x00003fed) c.jal   pc - 6
core   0: 3 0x800013c6 (0x3fed) x1  0x800013c8
core   0: 0x800013c0 (0x00002009) c.jal   pc + 2
core   0: 3 0x800013c0 (0x2009) x1  0x800013c2
core   0: 0x800013c2 (0xfd5fffef) jal     t6, pc - 0x2c
core   0: 3 0x800013c2 (0xfd5fffef) x31 0x800013c6
core   0: 0x80001396 (0xfffff0ef) jal     pc - 0x2
core   0: 3 0x80001396 (0xfffff0ef) x1  0x8000139a
core   0: 0x80001394 (0x0000282d) c.jal   pc + 58
core   0: 3 0x80001394 (0x282d) x1  0x80001396
core   0: 0x800013ce (0x000037d5) c.jal   pc - 28
core   0: 3 0x800013ce (0x37d5) x1  0x800013d0
core   0: 0x800013b2 (0x0000a021) c.j     pc + 8
core   0: 3 0x800013b2 (0xa021)
core   0: 0x800013ba (0x00002039) c.jal   pc + 14
core   0: 3 0x800013ba (0x2039) x1  0x800013bc
core   0: 0x800013c8 (0x00002811) c.jal   pc + 20
core   0: 3 0x800013c8 (0x2811) x1  0x800013ca
core   0: 0x800013dc (0x0000b7c5) c.j     pc - 32
core   0: 3 0x800013dc (0xb7c5)
core   0: 0x800013bc (0x022000ef) jal     pc + 0x22
core   0: 3 0x800013bc (0x022000ef) x1  0x800013c0
core   0: 0x800013de (0x0000bfe1) c.j     pc - 40
core   0: 3 0x800013de (0xbfe1)
core   0: 0x800013b6 (0xfe5ff16f) jal     sp, pc - 0x1c
core   0: 3 0x800013b6 (0xfe5ff16f) x2  0x800013ba
core   0: 0x8000139a (0x03c000ef) jal     pc + 0x3c
core   0: 3 0x8000139a (0x03c000ef) x1  0x8000139e
core   0: 0x800013d6 (0x0000bfe9) c.j     pc - 38
core   0: 3 0x800013d6 (0xbfe9)
core   0: 0x800013b0 (0x0000bfcd) c.j     pc - 14
core   0: 3 0x800013b0 (0xbfcd)
core   0: 0x800013a2 (0x00002025) c.jal   pc + 40
core   0: 3 0x800013a2 (0x2025) x1  0x800013a4
core   0: 0x800013ca (0x008000ef) jal     pc + 0x8
core   0: 3 0x800013ca (0x008000ef) x1  0x800013ce
core   0: 0x800013d2 (0x006000ef) jal     pc + 0x6
core   0: 3 0x800013d2 (0x006000ef) x1  0x800013d6
core   0: 0x800013d8 (0xfcdff16f) jal     sp, pc - 0x34
core   0: 3 0x800013d8 (0xfcdff16f) x2  0x800013dc
core   0: 0x800013a4 (0x0000a019) c.j     pc + 6
core   0: 3 0x800013a4 (0xa019)
core   0: 0x800013aa (0x00a000ef) jal     pc + 0xa
core   0: 3 0x800013aa (0x00a000ef) x1  0x800013ae
core   0: 0x800013b4 (0x00002831) c.jal   pc + 28
core   0: 3 0x800013b4 (0x2831) x1  0x800013b6
core   0: 0x800013d0 (0x0000b7f9) c.j     pc - 50
core   0: 3 0x800013d0 (0xb7f9)
core   0: 0x8000139e (0x04200b6f) jal     s6, pc + 0x42
core   0: 3 0x8000139e (0x04200b6f) x22 0x800013a2
core   0: 0x800013e0 (0x005b1b33) sll     s6, s6, t0
core   0: 3 0x800013e0 (0x005b1b33) x22 0x800013a2
core   0: 0x800013e4 (0x00a006ef) jal     a3, pc + 0xa
core   0: 3 0x800013e4 (0x00a006ef) x13 0x800013e8
core   0: 0x800013ee (0x00002019) c.jal   pc + 6
core   0: 3 0x800013ee (0x2019) x1  0x800013f0
core   0: 0x800013f4 (0x014000ef) jal     pc + 0x14
core   0: 3 0x800013f4 (0x014000ef) x1  0x800013f8
core   0: 0x80001408 (0x0000a039) c.j     pc + 14
core   0: 3 0x80001408 (0xa039)
core   0: 0x80001416 (0x008000ef) jal     pc + 0x8
core   0: 3 0x80001416 (0x008000ef) x1  0x8000141a
core   0: 0x8000141e (0xfcbff0ef) jal     pc - 0x36
core   0: 3 0x8000141e (0xfcbff0ef) x1  0x80001422
core   0: 0x800013e8 (0x00002009) c.jal   pc + 2
core   0: 3 0x800013e8 (0x2009) x1  0x800013ea
core   0: 0x800013ea (0x024000ef) jal     pc + 0x24
core   0: 3 0x800013ea (0x024000ef) x1  0x800013ee
core   0: 0x8000140e (0x00c000ef) jal     pc + 0xc
core   0: 3 0x8000140e (0x00c000ef) x1  0x80001412
core   0: 0x8000141a (0xfe1ff56f) jal     a0, pc - 0x20
core   0: 3 0x8000141a (0xfe1ff56f) x10 0x8000141e
core   0: 0x800013fa (0xff9ff0ef) jal     pc - 0x8
core   0: 3 0x800013fa (0xff9ff0ef) x1  0x800013fe
core   0: 0x800013f2 (0x0000a039) c.j     pc + 14
core   0: 3 0x800013f2 (0xa039)
core   0: 0x80001400 (0x00002029) c.jal   pc + 10
core   0: 3 0x80001400 (0x2029) x1  0x80001402
core   0: 0x8000140a (0x008000ef) jal     pc + 0x8
core   0: 3 0x8000140a (0x008000ef) x1  0x8000140e
core   0: 0x80001412 (0xfdfff0ef) jal     pc - 0x22
core   0: 3 0x80001412 (0xfdfff0ef) x1  0x80001416
core   0: 0x800013f0 (0x00002809) c.jal   pc + 18
core   0: 3 0x800013f0 (0x2809) x1  0x800013f2
core   0: 0x80001402 (0xffdffa6f) jal     s4, pc - 0x4
core   0: 3 0x80001402 (0xffdffa6f) x20 0x80001406
core   0: 0x800013fe (0x0000a021) c.j     pc + 8
core   0: 3 0x800013fe (0xa021)
core   0: 0x80001406 (0x0000bfcd) c.j     pc - 14
core   0: 3 0x80001406 (0xbfcd)
core   0: 0x800013f8 (0x0000a02d) c.j     pc + 42
core   0: 3 0x800013f8 (0xa02d)
core   0: 0x80001422 (0x00008c6d) c.and   s0, a1
core   0: 3 0x80001422 (0x8c6d) x8  0x800018a4
core   0: 0x80001424 (0x0001a217) auipc   tp, 0x1a
core   0: 3 0x80001424 (0x0001a217) x4  0x8001b424
core   0: 0x80001428 (0xd1f20213) addi    tp, tp, -737
core   0: 3 0x80001428 (0xd1f20213) x4  0x8001b143
core   0: 0x8000142c (0x00000001) c.nop
core   0: 3 0x8000142c (0x0001)
core   0: 0x8000142e (0x00006169) c.addi16sp sp, 208
core   0: 3 0x8000142e (0x6169) x2  0x800014ac
core   0: 0x80001430 (0x00224903) lbu     s2, 2(tp)
core   0: 3 0x80001430 (0x00224903) x18 0x000000fe mem 0x8001b145
core   0: 0x80001434 (0x0129afb3) slt     t6, s3, s2
core   0: 3 0x80001434 (0x0129afb3) x31 0x00000001
core   0: 0x80001438 (0x00925e83) lhu     t4, 9(tp)
core   0: 3 0x80001438 (0x00925e83) x29 0x00000607 mem 0x8001b14c
core   0: 0x8000143c (0x00124103) lbu     sp, 1(tp)
core   0: 3 0x8000143c (0x00124103) x2  0x000000ff mem 0x8001b144
core   0: 0x80001440 (0x94843e93) sltiu   t4, s0, -1720
core   0: 3 0x80001440 (0x94843e93) x29 0x00000001
core   0: 0x80001444 (0x0000844a) c.mv    s0, s2
core   0: 3 0x80001444 (0x844a) x8  0x000000fe
core   0: 0x80001446 (0x022ff433) remu    s0, t6, sp
core   0: 3 0x80001446 (0x022ff433) x8  0x00000001
core   0: 0x8000144a (0xfe2209a3) sb      sp, -13(tp)
core   0: 3 0x8000144a (0xfe2209a3) mem 0x8001b136 0xff
core   0: 0x8000144e (0x013eceb3) xor     t4, t4, s3
core   0: 3 0x8000144e (0x013eceb3) x29 0x00000003
core   0: 0x80001452 (0xff321403) lh      s0, -13(tp)
core   0: 3 0x80001452 (0xff321403) x8  0xffffecff mem 0x8001b136
core   0: 0x80001456 (0x03d96fb3) rem     t6, s2, t4
core   0: 3 0x80001456 (0x03d96fb3) x31 0x00000002
core   0: 0x8000145a (0x002215a3) sh      sp, 11(tp)
core   0: 3 0x8000145a (0x002215a3) mem 0x8001b14e 0x00ff
core   0: 0x8000145e (0x012fa933) slt     s2, t6, s2
core   0: 3 0x8000145e (0x012fa933) x18 0x00000001
core   0: 0x80001462 (0x03fe8133) mul     sp, t4, t6
core   0: 3 0x80001462 (0x03fe8133) x2  0x00000006
core   0: 0x80001466 (0xfff21da3) sh      t6, -5(tp)
core   0: 3 0x80001466 (0xfff21da3) mem 0x8001b13e 0x0002
core   0: 0x8000146a (0xff125f83) lhu     t6, -15(tp)
core   0: 3 0x8000146a (0xff125f83) x31 0x0000eeef mem 0x8001b134
core   0: 0x8000146e (0x00008465) c.srai  s0, 25
core   0: 3 0x8000146e (0x8465) x8  0xffffffff
core   0: 0x80001470 (0x00925903) lhu     s2, 9(tp)
core   0: 3 0x80001470 (0x00925903) x18 0x00000607 mem 0x8001b14c
core   0: 0x80001474 (0x01d224a3) sw      t4, 9(tp)
core   0: 3 0x80001474 (0x01d224a3) mem 0x8001b14c 0x00000003
core   0: 0x80001478 (0xff820e83) lb      t4, -8(tp)
core   0: 3 0x80001478 (0xff820e83) x29 0xfffffff0 mem 0x8001b13b
core   0: 0x8000147c (0xfd201917) auipc   s2, 0xfd201
core   0: 3 0x8000147c (0xfd201917) x18 0x7d20247c
core   0: 0x80001480 (0x00420403) lb      s0, 4(tp)
core   0: 3 0x80001480 (0x00420403) x8  0xfffffffc mem 0x8001b147
core   0: 0x80001484 (0x00008c41) c.or    s0, s0
core   0: 3 0x80001484 (0x8c41) x8  0xfffffffc
core   0: 0x80001486 (0x00008479) c.srai  s0, 30
core   0: 3 0x80001486 (0x8479) x8  0xffffffff
core   0: 0x80001488 (0x9e29af93) slti    t6, s3, -1566
core   0: 3 0x80001488 (0x9e29af93) x31 0x00000000
core   0: 0x8000148c (0xad9ad117) auipc   sp, 0xad9ad
core   0: 3 0x8000148c (0xad9ad117) x2  0x2d9ae48c
core   0: 0x80001490 (0xff022997) auipc   s3, 0xff022
core   0: 3 0x80001490 (0xff022997) x19 0x7f023490
core   0: 0x80001494 (0xff220983) lb      s3, -14(tp)
core   0: 3 0x80001494 (0xff220983) x19 0xffffffee mem 0x8001b135
core   0: 0x80001498 (0xff424403) lbu     s0, -12(tp)
core   0: 3 0x80001498 (0xff424403) x8  0x000000ec mem 0x8001b137
core   0: 0x8000149c (0x0000f397) auipc   t2, 0xf
core   0: 3 0x8000149c (0x0000f397) x7  0x8001049c
core   0: 0x800014a0 (0x69e38393) addi    t2, t2, 1694
core   0: 3 0x800014a0 (0x69e38393) x7  0x80010b3a
core   0: 0x800014a4 (0xff439683) lh      a3, -12(t2)
core   0: 3 0x800014a4 (0xff439683) x13 0xffffe4e5 mem 0x80010b2e
core   0: 0x800014a8 (0x02a3a603) lw      a2, 42(t2)
core   0: 3 0x800014a8 (0x02a3a603) x12 0x1c1d1e1f mem 0x80010b64
core   0: 0x800014ac (0x0000052d) c.addi  a0, 11
core   0: 3 0x800014ac (0x052d) x10 0x80001429
core   0: 0x800014ae (0x0000953a) c.add   a0, a4
core   0: 3 0x800014ae (0x953a) x10 0x7ff81865
core   0: 0x800014b0 (0x02f39523) sh      a5, 42(t2)
core   0: 3 0x800014b0 (0x02f39523) mem 0x80010b64 0xfffe
core   0: 0x800014b4 (0x04038e03) lb      t3, 64(t2)
core   0: 3 0x800014b4 (0x04038e03) x28 0x00000031 mem 0x80010b7a
core   0: 0x800014b8 (0x0253ca03) lbu     s4, 37(t2)
core   0: 3 0x800014b8 (0x0253ca03) x20 0x00000014 mem 0x80010b5f
core   0: 0x800014bc (0x0053c003) lbu     zero, 5(t2)
core   0: 3 0x800014bc (0x0053c003) mem 0x80010b3f
core   0: 0x800014c0 (0x0053ca83) lbu     s5, 5(t2)
core   0: 3 0x800014c0 (0x0053ca83) x21 0x000000f4 mem 0x80010b3f
core   0: 0x800014c4 (0x000381a3) sb      zero, 3(t2)
core   0: 3 0x800014c4 (0x000381a3) mem 0x80010b3d 0x00
core   0: 0x800014c8 (0x01a381a3) sb      s10, 3(t2)
core   0: 3 0x800014c8 (0x01a381a3) mem 0x80010b3d 0x64
core   0: 0x800014cc (0x00008f4d) c.or    a4, a1
core   0: 3 0x800014cc (0x8f4d) x14 0xfffa9cfc
core   0: 0x800014ce (0xfd0381a3) sb      a6, -61(t2)
core   0: 3 0x800014ce (0xfd0381a3) mem 0x80010afd 0x00
core   0: 0x800014d2 (0x03424eb3) div     t4, tp, s4
core   0: 3 0x800014d2 (0x03424eb3) x29 0xf999af44
core   0: 0x800014d6 (0xfc338e03) lb      t3, -61(t2)
core   0: 3 0x800014d6 (0xfc338e03) x28 0x00000000 mem 0x80010afd
core   0: 0x800014da (0x0000f117) auipc   sp, 0xf
core   0: 3 0x800014da (0x0000f117) x2  0x800104da
core   0: 0x800014de (0x30310113) addi    sp, sp, 771
core   0: 3 0x800014de (0x30310113) x2  0x800107dd
core   0: 0x800014e2 (0x01711ca3) sh      s7, 25(sp)
core   0: 3 0x800014e2 (0x01711ca3) mem 0x800107f6 0x604f
core   0: 0x800014e6 (0x001b9013) slli    zero, s7, 1
core   0: 3 0x800014e6 (0x001b9013)
core   0: 0x800014ea (0x03014e03) lbu     t3, 48(sp)
core   0: 3 0x800014ea (0x03014e03) x28 0x000000c6 mem 0x8001080d
core   0: 0x800014ee (0x00008ed5) c.or    a3, a3
core   0: 3 0x800014ee (0x8ed5) x13 0xffffe4e5
core   0: 0x800014f0 (0x028e3e33) mulhu   t3, t3, s0
core   0: 3 0x800014f0 (0x028e3e33) x28 0x00000000
core   0: 0x800014f4 (0x4176d033) sra     zero, a3, s7
core   0: 3 0x800014f4 (0x4176d033)
core   0: 0x800014f8 (0xffc107a3) sb      t3, -17(sp)
core   0: 3 0x800014f8 (0xffc107a3) mem 0x800107cc 0x00
core   0: 0x800014fc (0xfe0113a3) sh      zero, -25(sp)
core   0: 3 0x800014fc (0xfe0113a3) mem 0x800107c4 0x0000
core   0: 0x80001500 (0x00802bb3) slt     s7, zero, s0
core   0: 3 0x80001500 (0x00802bb3) x23 0x00000001
core   0: 0x80001504 (0x02711003) lh      zero, 39(sp)
core   0: 3 0x80001504 (0x02711003) mem 0x80010804
core   0: 0x80001508 (0x00009e5e) c.add   t3, s7
core   0: 3 0x80001508 (0x9e5e) x28 0x00000001
core   0: 0x8000150a (0x57207e37) lui     t3, 0x57207
core   0: 3 0x8000150a (0x57207e37) x28 0x57207000
core   0: 0x8000150e (0x01cba033) slt     zero, s7, t3
core   0: 3 0x8000150e (0x01cba033)
core   0: 0x80001512 (0x01c03bb3) snez    s7, t3
core   0: 3 0x80001512 (0x01c03bb3) x23 0x00000001
core   0: 0x80001516 (0x037076b3) remu    a3, zero, s7
core   0: 3 0x80001516 (0x037076b3) x13 0x00000000
core   0: 0x8000151a (0xfc010c23) sb      zero, -40(sp)
core   0: 3 0x8000151a (0xfc010c23) mem 0x800107b5 0x00
core   0: 0x8000151e (0x0036db93) srli    s7, a3, 3
core   0: 3 0x8000151e (0x0036db93) x23 0x00000000
core   0: 0x80001522 (0x01515683) lhu     a3, 21(sp)
core   0: 3 0x80001522 (0x01515683) x13 0x0000a8a9 mem 0x800107f2
core   0: 0x80001526 (0x03210c23) sb      s2, 56(sp)
core   0: 3 0x80001526 (0x03210c23) mem 0x80010815 0x7c
core   0: 0x8000152a (0xd067e6b7) lui     a3, 0xd067e
core   0: 3 0x8000152a (0xd067e6b7) x13 0xd067e000
core   0: 0x8000152e (0x00d07433) and     s0, zero, a3
core   0: 3 0x8000152e (0x00d07433) x8  0x00000000
core   0: 0x80001532 (0x00006685) c.lui   a3, 0x1
core   0: 3 0x80001532 (0x6685) x13 0x00001000
core   0: 0x80001534 (0x00008ef5) c.and   a3, a3
core   0: 3 0x80001534 (0x8ef5) x13 0x00001000
core   0: 0x80001536 (0x46cbfe13) andi    t3, s7, 1132
core   0: 3 0x80001536 (0x46cbfe13) x28 0x00000000
core   0: 0x8000153a (0xc36a1017) auipc   zero, 0xc36a1
core   0: 3 0x8000153a (0xc36a1017)
core   0: 0x8000153e (0x00db9933) sll     s2, s7, a3
core   0: 3 0x8000153e (0x00db9933) x18 0x00000000
core   0: 0x80001542 (0xffc127a3) sw      t3, -17(sp)
core   0: 3 0x80001542 (0xffc127a3) mem 0x800107cc 0x00000000
core   0: 0x80001546 (0xff614403) lbu     s0, -10(sp)
core   0: 3 0x80001546 (0xff614403) x8  0x00000088 mem 0x800107d3
core   0: 0x8000154a (0x03315003) lhu     zero, 51(sp)
core   0: 3 0x8000154a (0x03315003) mem 0x80010810
core   0: 0x8000154e (0xffe10b83) lb      s7, -2(sp)
core   0: 3 0x8000154e (0xffe10b83) x23 0xffffff90 mem 0x800107db
core   0: 0x80001552 (0x00008c21) c.xor   s0, s0
core   0: 3 0x80001552 (0x8c21) x8  0x00000000
core   0: 0x80001554 (0x00dbebb3) or      s7, s7, a3
core   0: 3 0x80001554 (0x00dbebb3) x23 0xffffff90
core   0: 0x80001558 (0x01211ba3) sh      s2, 23(sp)
core   0: 3 0x80001558 (0x01211ba3) mem 0x800107f4 0x0000
core   0: 0x8000155c (0x0126f6b3) and     a3, a3, s2
core   0: 3 0x8000155c (0x0126f6b3) x13 0x00000000
core   0: 0x80001560 (0xfce10903) lb      s2, -50(sp)
core   0: 3 0x80001560 (0xfce10903) x18 0x00000060 mem 0x800107ab
core   0: 0x80001564 (0x00017197) auipc   gp, 0x17
core   0: 3 0x80001564 (0x00017197) x3  0x80018564
core   0: 0x80001568 (0xbd518193) addi    gp, gp, -1067
core   0: 3 0x80001568 (0xbd518193) x3  0x80018139
core   0: 0x8000156c (0x00005d7d) c.li    s10, -1
core   0: 3 0x8000156c (0x5d7d) x26 0xffffffff
core   0: 0x8000156e (0x64618823) sb      t1, 1616(gp)
core   0: 3 0x8000156e (0x64618823) mem 0x80018789 0x64
core   0: 0x80001572 (0x00001618) c.addi4spn a4, sp, 800
core   0: 3 0x80001572 (0x1618) x14 0x80010afd
core   0: 0x80001574 (0x000088fa) c.mv    a7, t5
core   0: 3 0x80001574 (0x88fa) x17 0x00000000
core   0: 0x80001576 (0xebe18d83) lb      s11, -322(gp)
core   0: 3 0x80001576 (0xebe18d83) x27 0xffffffac mem 0x80017ff7
core   0: 0x8000157a (0x7f018d23) sb      a6, 2042(gp)
core   0: 3 0x8000157a (0x7f018d23) mem 0x80018933 0x00
core   0: 0x8000157e (0xa8e18903) lb      s2, -1394(gp)
core   0: 3 0x8000157e (0xa8e18903) x18 0x0000007c mem 0x80017bc7
core   0: 0x80001582 (0xc6b1a083) lw      ra, -917(gp)
core   0: 3 0x80001582 (0xc6b1a083) x1  0x5c5d5e5f mem 0x80017da4
core   0: 0x80001586 (0x0216a6b3) mulhsu  a3, a3, ra
core   0: 3 0x80001586 (0x0216a6b3) x13 0x00000000
core   0: 0x8000158a (0x40fdd6b3) sra     a3, s11, a5
core   0: 3 0x8000158a (0x40fdd6b3) x13 0xffffffff
core   0: 0x8000158e (0x02d8b233) mulhu   tp, a7, a3
core   0: 3 0x8000158e (0x02d8b233) x4  0x00000000
core   0: 0x80001592 (0x68e1cd83) lbu     s11, 1678(gp)
core   0: 3 0x80001592 (0x68e1cd83) x27 0x0000007c mem 0x800187c7
core   0: 0x80001596 (0x16d1c083) lbu     ra, 365(gp)
core   0: 3 0x80001596 (0x16d1c083) x1  0x0000005d mem 0x800182a6
core   0: 0x8000159a (0x9601ce83) lbu     t4, -1696(gp)
core   0: 3 0x8000159a (0x9601ce83) x29 0x00000052 mem 0x80017a99
core   0: 0x8000159e (0xcf018103) lb      sp, -784(gp)
core   0: 3 0x8000159e (0xcf018103) x2  0xffffffe2 mem 0x80017e29
core   0: 0x800015a2 (0x0dc18a03) lb      s4, 220(gp)
core   0: 3 0x800015a2 (0x0dc18a03) x20 0xffffffce mem 0x80018215
core   0: 0x800015a6 (0xe0a19ca3) sh      a0, -487(gp)
core   0: 3 0x800015a6 (0xe0a19ca3) mem 0x80017f52 0x1865
core   0: 0x800015aa (0x9d118a23) sb      a7, -1580(gp)
core   0: 3 0x800015aa (0x9d118a23) mem 0x80017b0d 0x00
core   0: 0x800015ae (0xbff18d23) sb      t6, -1030(gp)
core   0: 3 0x800015ae (0xbff18d23) mem 0x80017d33 0x00
core   0: 0x800015b2 (0x3881a1a3) sw      s0, 899(gp)
core   0: 3 0x800015b2 (0x3881a1a3) mem 0x800184bc 0x00000000
core   0: 0x800015b6 (0x68f1c203) lbu     tp, 1679(gp)
core   0: 3 0x800015b6 (0x68f1c203) x4  0x00000083 mem 0x800187c8
core   0: 0x800015ba (0x000002e6) c.slli  t0, 25
core   0: 3 0x800015ba (0x02e6) x5  0x00000000
core   0: 0x800015bc (0xb731dc03) lhu     s8, -1165(gp)
core   0: 3 0x800015bc (0xb731dc03) x24 0x00006667 mem 0x80017cac
core   0: 0x800015c0 (0x00bc7633) and     a2, s8, a1
core   0: 3 0x800015c0 (0x00bc7633) x12 0x00000464
core   0: 0x800015c4 (0xe9919b83) lh      s7, -359(gp)
core   0: 3 0x800015c4 (0xe9919b83) x23 0xffff8889 mem 0x80017fd2
core   0: 0x800015c8 (0x00008339) c.srli  a4, 14
core   0: 3 0x800015c8 (0x8339) x14 0x00020004
core   0: 0x800015ca (0x96718a23) sb      t2, -1676(gp)
core   0: 3 0x800015ca (0x96718a23) mem 0x80017aad 0x3a
core   0: 0x800015ce (0xf631d703) lhu     a4, -157(gp)
core   0: 3 0x800015ce (0xf631d703) x14 0x00005657 mem 0x8001809c
core   0: 0x800015d2 (0xd0618123) sb      t1, -766(gp)
core   0: 3 0x800015d2 (0xd0618123) mem 0x80017e3b 0x64
core   0: 0x800015d6 (0x0000079c) c.addi4spn a5, sp, 960
core   0: 3 0x800015d6 (0x079c) x15 0x000003a2
core   0: 0x800015d8 (0xff57c493) xori    s1, a5, -11
core   0: 3 0x800015d8 (0xff57c493) x9  0xfffffc57
core   0: 0x800015dc (0x00b352b3) srl     t0, t1, a1
core   0: 3 0x800015dc (0x00b352b3) x5  0x080025e6
core   0: 0x800015e0 (0x02f91f33) mulh    t5, s2, a5
core   0: 3 0x800015e0 (0x02f91f33) x30 0x00000000
core   0: 0x800015e4 (0xedd1da03) lhu     s4, -291(gp)
core   0: 3 0x800015e4 (0xedd1da03) x20 0x0000cccd mem 0x80018016
core   0: 0x800015e8 (0x00008d09) c.sub   a0, a0
core   0: 3 0x800015e8 (0x8d09) x10 0x00000000
core   0: 0x800015ea (0xc591de03) lhu     t3, -935(gp)
core   0: 3 0x800015ea (0xc591de03) x28 0x00004849 mem 0x80017d92
core   0: 0x800015ee (0x0066b2b3) sltu    t0, a3, t1
core   0: 3 0x800015ee (0x0066b2b3) x5  0x00000000
core   0: 0x800015f2 (0xc55e7c13) andi    s8, t3, -939
core   0: 3 0x800015f2 (0xc55e7c13) x24 0x00004841
core   0: 0x800015f6 (0x01aaf6b3) and     a3, s5, s10
core   0: 3 0x800015f6 (0x01aaf6b3) x13 0x000000f4
core   0: 0x800015fa (0x0cd18423) sb      a3, 200(gp)
core   0: 3 0x800015fa (0x0cd18423) mem 0x80018201 0xf4
core   0: 0x800015fe (0x01c11133) sll     sp, sp, t3
core   0: 3 0x800015fe (0x01c11133) x2  0xffffc400
core   0: 0x80001602 (0x11418b03) lb      s6, 276(gp)
core   0: 3 0x80001602 (0x11418b03) x22 0x00000006 mem 0x8001824d
core   0: 0x80001606 (0x00008131) c.srli  a0, 12
core   0: 3 0x80001606 (0x8131) x10 0x00000000
core   0: 0x80001608 (0x0b818623) sb      s8, 172(gp)
core   0: 3 0x80001608 (0x0b818623) mem 0x800181e5 0x41
core   0: 0x8000160c (0x00a006ef) jal     a3, pc + 0xa
core   0: 3 0x8000160c (0x00a006ef) x13 0x80001610
core   0: 0x80001616 (0x0000a011) c.j     pc + 4
core   0: 3 0x80001616 (0xa011)
core   0: 0x8000161a (0x00003ffd) c.jal   pc - 2
core   0: 3 0x8000161a (0x3ffd) x1  0x8000161c
core   0: 0x80001618 (0x0000a021) c.j     pc + 8
core   0: 3 0x80001618 (0xa021)
core   0: 0x80001620 (0x0000a009) c.j     pc + 2
core   0: 3 0x80001620 (0xa009)
core   0: 0x80001622 (0x0000bff5) c.j     pc - 4
core   0: 3 0x80001622 (0xbff5)
core   0: 0x8000161e (0x0000a019) c.j     pc + 6
core   0: 3 0x8000161e (0xa019)
core   0: 0x80001624 (0x00003fe5) c.jal   pc - 8
core   0: 3 0x80001624 (0x3fe5) x1  0x80001626
core   0: 0x8000161c (0x0000bfd5) c.j     pc - 12
core   0: 3 0x8000161c (0xbfd5)
core   0: 0x80001610 (0x00002009) c.jal   pc + 2
core   0: 3 0x80001610 (0x2009) x1  0x80001612
core   0: 0x80001612 (0x014002ef) jal     t0, pc + 0x14
core   0: 3 0x80001612 (0x014002ef) x5  0x80001616
core   0: 0x80001626 (0x00000001) c.nop
core   0: 3 0x80001626 (0x0001)
core   0: 0x80001628 (0x00c006ef) jal     a3, pc + 0xc
core   0: 3 0x80001628 (0x00c006ef) x13 0x8000162c
core   0: 0x80001634 (0xff9ff0ef) jal     pc - 0x8
core   0: 3 0x80001634 (0xff9ff0ef) x1  0x80001638
core   0: 0x8000162c (0x01c000ef) jal     pc + 0x1c
core   0: 3 0x8000162c (0x01c000ef) x1  0x80001630
core   0: 0x80001648 (0x0000bfed) c.j     pc - 6
core   0: 3 0x80001648 (0xbfed)
core   0: 0x80001642 (0x004000ef) jal     pc + 0x4
core   0: 3 0x80001642 (0x004000ef) x1  0x80001646
core   0: 0x80001646 (0x0000bfed) c.j     pc - 6
core   0: 3 0x80001646 (0xbfed)
core   0: 0x80001640 (0x0000bff5) c.j     pc - 4
core   0: 3 0x80001640 (0xbff5)
core   0: 0x8000163c (0x00002009) c.jal   pc + 2
core   0: 3 0x8000163c (0x2009) x1  0x8000163e
core   0: 0x8000163e (0x00003fcd) c.jal   pc - 14
core   0: 3 0x8000163e (0x3fcd) x1  0x80001640
core   0: 0x80001630 (0x00002021) c.jal   pc + 8
core   0: 3 0x80001630 (0x2021) x1  0x80001632
core   0: 0x80001638 (0xffbff0ef) jal     pc - 0x6
core   0: 3 0x80001638 (0xffbff0ef) x1  0x8000163c
core   0: 0x80001632 (0x00002821) c.jal   pc + 24
core   0: 3 0x80001632 (0x2821) x1  0x80001634
core   0: 0x8000164a (0x405dda33) sra     s4, s11, t0
core   0: 3 0x8000164a (0x405dda33) x20 0x00000000
core   0: 0x8000164e (0x0000440d) c.li    s0, 3
core   0: 3 0x8000164e (0x440d) x8  0x00000003
core   0: 0x80001650 (0x018c6a33) or      s4, s8, s8
core   0: 3 0x80001650 (0x018c6a33) x20 0x00004841
core   0: 0x80001654 (0x00008ffa) c.mv    t6, t5
core   0: 3 0x80001654 (0x8ffa) x31 0x00000000
core   0: 0x80001656 (0x00c700b3) add     ra, a4, a2
core   0: 3 0x80001656 (0x00c700b3) x1  0x00005abb
core   0: 0x8000165a (0xea9fc493) xori    s1, t6, -343
core   0: 3 0x8000165a (0xea9fc493) x9  0xfffffea9
core   0: 0x8000165e (0x000059e5) c.li    s3, -7
core   0: 3 0x8000165e (0x59e5) x19 0xfffffff9
core   0: 0x80001660 (0x03dad0b3) divu    ra, s5, t4
core   0: 3 0x80001660 (0x03dad0b3) x1  0x00000002
core   0: 0x80001664 (0x000d9613) slli    a2, s11, 0
core   0: 3 0x80001664 (0x000d9613) x12 0x0000007c
core   0: 0x80001668 (0x0000146d) c.addi  s0, -5
core   0: 3 0x80001668 (0x146d) x8  0xfffffffe
core   0: 0x8000166a (0x00000001) c.nop
core   0: 3 0x8000166a (0x0001)
core   0: 0x8000166c (0xff345ae3) bge     s0, s3, pc - 12
core   0: 3 0x8000166c (0xff345ae3)
core   0: 0x80001660 (0x03dad0b3) divu    ra, s5, t4
core   0: 3 0x80001660 (0x03dad0b3) x1  0x00000002
core   0: 0x80001664 (0x000d9613) slli    a2, s11, 0
core   0: 3 0x80001664 (0x000d9613) x12 0x0000007c
core   0: 0x80001668 (0x0000146d) c.addi  s0, -5
core   0: 3 0x80001668 (0x146d) x8  0xfffffff9
core   0: 0x8000166a (0x00000001) c.nop
core   0: 3 0x8000166a (0x0001)
core   0: 0x8000166c (0xff345ae3) bge     s0, s3, pc - 12
core   0: 3 0x8000166c (0xff345ae3)
core   0: 0x80001660 (0x03dad0b3) divu    ra, s5, t4
core   0: 3 0x80001660 (0x03dad0b3) x1  0x00000002
core   0: 0x80001664 (0x000d9613) slli    a2, s11, 0
core   0: 3 0x80001664 (0x000d9613) x12 0x0000007c
core   0: 0x80001668 (0x0000146d) c.addi  s0, -5
core   0: 3 0x80001668 (0x146d) x8  0xfffffff4
core   0: 0x8000166a (0x00000001) c.nop
core   0: 3 0x8000166a (0x0001)
core   0: 0x8000166c (0xff345ae3) bge     s0, s3, pc - 12
core   0: 3 0x8000166c (0xff345ae3)
core   0: 0x80001670 (0x018f1033) sll     zero, t5, s8
core   0: 3 0x80001670 (0x018f1033)
core   0: 0x80001674 (0x016006ef) jal     a3, pc + 0x16
core   0: 3 0x80001674 (0x016006ef) x13 0x80001678
core   0: 0x8000168a (0x0000bfdd) c.j     pc - 10
core   0: 3 0x8000168a (0xbfdd)
core   0: 0x80001680 (0x00003fed) c.jal   pc - 6
core   0: 3 0x80001680 (0x3fed) x1  0x80001682
core   0: 0x8000167a (0x0000a029) c.j     pc + 10
core   0: 3 0x8000167a (0xa029)
core   0: 0x80001684 (0x00002801) c.jal   pc + 16
core   0: 3 0x80001684 (0x2801) x1  0x80001686
core   0: 0x80001694 (0x0000bfe5) c.j     pc - 8
core   0: 3 0x80001694 (0xbfe5)
core   0: 0x8000168c (0xff3ff0ef) jal     pc - 0xe
core   0: 3 0x8000168c (0xff3ff0ef) x1  0x80001690
core   0: 0x8000167e (0x0000bffd) c.j     pc - 2
core   0: 3 0x8000167e (0xbffd)
core   0: 0x8000167c (0x0000a811) c.j     pc + 20
core   0: 3 0x8000167c (0xa811)
core   0: 0x80001690 (0x000037e5) c.jal   pc - 24
core   0: 3 0x80001690 (0x37e5) x1  0x80001692
core   0: 0x80001678 (0x00002039) c.jal   pc + 14
core   0: 3 0x80001678 (0x2039) x1  0x8000167a
core   0: 0x80001686 (0x010002ef) jal     t0, pc + 0x10
core   0: 3 0x80001686 (0x010002ef) x5  0x8000168a
core   0: 0x80001696 (0x0000b7f5) c.j     pc - 20
core   0: 3 0x80001696 (0xb7f5)
core   0: 0x80001682 (0x00002801) c.jal   pc + 16
core   0: 3 0x80001682 (0x2801) x1  0x80001684
core   0: 0x80001692 (0x00002019) c.jal   pc + 6
core   0: 3 0x80001692 (0x2019) x1  0x80001694
core   0: 0x80001698 (0x014f9d93) slli    s11, t6, 20
core   0: 3 0x80001698 (0x014f9d93) x27 0x00000000
core   0: 0x8000169c (0x0001a097) auipc   ra, 0x1a
core   0: 3 0x8000169c (0x0001a097) x1  0x8001b69c
core   0: 0x800016a0 (0xd7e08093) addi    ra, ra, -642
core   0: 3 0x800016a0 (0xd7e08093) x1  0x8001b41a
core   0: 0x800016a4 (0x00c0c883) lbu     a7, 12(ra)
core   0: 3 0x800016a4 (0x00c0c883) x17 0x000000dd mem 0x8001b426
core   0: 0x800016a8 (0xfef08383) lb      t2, -17(ra)
core   0: 3 0x800016a8 (0xfef08383) x7  0xffffffc2 mem 0x8001b409
core   0: 0x800016ac (0x009086a3) sb      s1, 13(ra)
core   0: 3 0x800016ac (0x009086a3) mem 0x8001b427 0xa9
core   0: 0x800016b0 (0xffe0d383) lhu     t2, -2(ra)
core   0: 3 0x800016b0 (0xffe0d383) x7  0x0000d2d3 mem 0x8001b418
core   0: 0x800016b4 (0x00000001) c.nop
core   0: 3 0x800016b4 (0x0001)
core   0: 0x800016b6 (0xeeef0493) addi    s1, t5, -274
core   0: 3 0x800016b6 (0xeeef0493) x9  0xfffffeee
core   0: 0x800016ba (0xfd6086a3) sb      s6, -51(ra)
core   0: 3 0x800016ba (0xfd6086a3) mem 0x8001b3e7 0x06
core   0: 0x800016be (0x01d08483) lb      s1, 29(ra)
core   0: 3 0x800016be (0x01d08483) x9  0xffffffec mem 0x8001b437
core   0: 0x800016c2 (0x00000001) c.nop
core   0: 3 0x800016c2 (0x0001)
core   0: 0x800016c4 (0x002b68b3) or      a7, s6, sp
core   0: 3 0x800016c4 (0x002b68b3) x17 0xffffc406
core   0: 0x800016c8 (0x0078ff33) and     t5, a7, t2
core   0: 3 0x800016c8 (0x0078ff33) x30 0x0000c002
core   0: 0x800016cc (0x0220d383) lhu     t2, 34(ra)
core   0: 3 0x800016cc (0x0220d383) x7  0x0000f6f7 mem 0x8001b43c
core   0: 0x800016d0 (0x000088ed) c.andi  s1, 27
core   0: 3 0x800016d0 (0x88ed) x9  0x00000008
core   0: 0x800016d2 (0x00a0d883) lhu     a7, 10(ra)
core   0: 3 0x800016d2 (0x00a0d883) x17 0x0000dedf mem 0x8001b424
core   0: 0x800016d6 (0x03e3c4b3) div     s1, t2, t5
core   0: 3 0x800016d6 (0x03e3c4b3) x9  0x00000001
core   0: 0x800016da (0xfd40c483) lbu     s1, -44(ra)
core   0: 3 0x800016da (0xfd40c483) x9  0x000000a5 mem 0x8001b3ee
core   0: 0x800016de (0xfc608103) lb      sp, -58(ra)
core   0: 3 0x800016de (0xfc608103) x2  0xffffff9b mem 0x8001b3e0
core   0: 0x800016e2 (0x57ef4f13) xori    t5, t5, 1406
core   0: 3 0x800016e2 (0x57ef4f13) x30 0x0000c57c
core   0: 0x800016e6 (0xfd508883) lb      a7, -43(ra)
core   0: 3 0x800016e6 (0xfd508883) x17 0xffffffa4 mem 0x8001b3ef
core   0: 0x800016ea (0x03e09c23) sh      t5, 56(ra)
core   0: 3 0x800016ea (0x03e09c23) mem 0x8001b452 0xc57c
core   0: 0x800016ee (0xfe009383) lh      t2, -32(ra)
core   0: 3 0x800016ee (0xfe009383) x7  0xffffb0b1 mem 0x8001b3fa
core   0: 0x800016f2 (0x0160a723) sw      s6, 14(ra)
core   0: 3 0x800016f2 (0x0160a723) mem 0x8001b428 0x00000006
core   0: 0x800016f6 (0xfe2089a3) sb      sp, -13(ra)
core   0: 3 0x800016f6 (0xfe2089a3) mem 0x8001b40d 0x9b
core   0: 0x800016fa (0x0694cf13) xori    t5, s1, 105
core   0: 3 0x800016fa (0x0694cf13) x30 0x000000cc
core   0: 0x800016fe (0x00006f61) c.lui   t5, 0x18
core   0: 3 0x800016fe (0x6f61) x30 0x00018000
core   0: 0x80001700 (0x00709d23) sh      t2, 26(ra)
core   0: 3 0x80001700 (0x00709d23) mem 0x8001b434 0xb0b1
core   0: 0x80001704 (0xbfdb3113) sltiu   sp, s6, -1027
core   0: 3 0x80001704 (0xbfdb3113) x2  0x00000001
core   0: 0x80001708 (0x0298b133) mulhu   sp, a7, s1
core   0: 3 0x80001708 (0x0298b133) x2  0x000000a4
core   0: 0x8000170c (0x02f08383) lb      t2, 47(ra)
core   0: 3 0x8000170c (0x02f08383) x7  0x00000002 mem 0x8001b449
core   0: 0x80001710 (0x0000917a) c.add   sp, t5
core   0: 3 0x80001710 (0x917a) x2  0x000180a4
core   0: 0x80001712 (0x0163c133) xor     sp, t2, s6
core   0: 3 0x80001712 (0x0163c133) x2  0x00000004
core   0: 0x80001716 (0xffd08383) lb      t2, -3(ra)
core   0: 3 0x80001716 (0xffd08383) x7  0xffffffcc mem 0x8001b417
core   0: 0x8000171a (0xfdb0c483) lbu     s1, -37(ra)
core   0: 3 0x8000171a (0xfdb0c483) x9  0x000000ae mem 0x8001b3f5
core   0: 0x8000171e (0xfde087a3) sb      t5, -49(ra)
core   0: 3 0x8000171e (0xfde087a3) mem 0x8001b3e9 0x00
core   0: 0x80001722 (0x0000f117) auipc   sp, 0xf
core   0: 3 0x80001722 (0x0000f117) x2  0x80010722
core   0: 0x80001726 (0x47910113) addi    sp, sp, 1145
core   0: 3 0x80001726 (0x47910113) x2  0x80010b9b
core   0: 0x8000172a (0x45f10823) sb      t6, 1104(sp)
core   0: 3 0x8000172a (0x45f10823) mem 0x80010feb 0x00
core   0: 0x8000172e (0x45e10823) sb      t5, 1104(sp)
core   0: 3 0x8000172e (0x45e10823) mem 0x80010feb 0x00
core   0: 0x80001732 (0xa7510fa3) sb      s5, -1409(sp)
core   0: 3 0x80001732 (0xa7510fa3) mem 0x8001061a 0xf4
core   0: 0x80001736 (0xdb514903) lbu     s2, -587(sp)
core   0: 3 0x80001736 (0xdb514903) x18 0x0000000b mem 0x80010950
core   0: 0x8000173a (0xff810c03) lb      s8, -8(sp)
core   0: 3 0x8000173a (0xff810c03) x24 0x00000048 mem 0x80010b93
core   0: 0x8000173e (0xff814903) lbu     s2, -8(sp)
core   0: 3 0x8000173e (0xff814903) x18 0x00000048 mem 0x80010b93
core   0: 0x80001742 (0x00008f11) c.sub   a4, a2
core   0: 3 0x80001742 (0x8f11) x14 0x000055db
core   0: 0x80001744 (0x00222e33) slt     t3, tp, sp
core   0: 3 0x80001744 (0x00222e33) x28 0x00000000
core   0: 0x80001748 (0x00008c7d) c.and   s0, a5
core   0: 3 0x80001748 (0x8c7d) x8  0x000003a0
core   0: 0x8000174a (0xb12105a3) sb      s2, -1269(sp)
core   0: 3 0x8000174a (0xb12105a3) mem 0x800106a6 0x48
core   0: 0x8000174e (0xe3c14803) lbu     a6, -452(sp)
core   0: 3 0x8000174e (0xe3c14803) x16 0x0000008c mem 0x800109d7
core   0: 0x80001752 (0xa3e10e83) lb      t4, -1474(sp)
core   0: 3 0x80001752 (0xa3e10e83) x29 0xffffff92 mem 0x800105d9
core   0: 0x80001756 (0x2b1113a3) sh      a7, 679(sp)
core   0: 3 0x80001756 (0x2b1113a3) mem 0x80010e42 0xffa4
core   0: 0x8000175a (0x2a715003) lhu     zero, 679(sp)
core   0: 3 0x8000175a (0x2a715003) mem 0x80010e42
core   0: 0x8000175e (0x2af103a3) sb      a5, 679(sp)
core   0: 3 0x8000175e (0x2af103a3) mem 0x80010e42 0xa2
core   0: 0x80001762 (0x98a10003) lb      zero, -1654(sp)
core   0: 3 0x80001762 (0x98a10003) mem 0x80010525
core   0: 0x80001766 (0x2e115503) lhu     a0, 737(sp)
core   0: 3 0x80001766 (0x2e115503) x10 0x00003637 mem 0x80010e7c
core   0: 0x8000176a (0x29f11603) lh      a2, 671(sp)
core   0: 3 0x8000176a (0x29f11603) x12 0xfffff0f1 mem 0x80010e3a
core   0: 0x8000176e (0x29f15683) lhu     a3, 671(sp)
core   0: 3 0x8000176e (0x29f15683) x13 0x0000f0f1 mem 0x80010e3a
core   0: 0x80001772 (0x00000001) c.nop
core   0: 3 0x80001772 (0x0001)
core   0: 0x80001774 (0x0250ab33) mulhsu  s6, ra, t0
core   0: 3 0x80001774 (0x0250ab33) x22 0xc000cec8
core   0: 0x80001778 (0xf43105a3) sb      gp, -181(sp)
core   0: 3 0x80001778 (0xf43105a3) mem 0x80010ae6 0x39
core   0: 0x8000177c (0xa2b10d23) sb      a1, -1478(sp)
core   0: 3 0x8000177c (0xa2b10d23) mem 0x800105d5 0xe4
core   0: 0x80001780 (0x0001b117) auipc   sp, 0x1b
core   0: 3 0x80001780 (0x0001b117) x2  0x8001c780
core   0: 0x80001784 (0xea710113) addi    sp, sp, -345
core   0: 3 0x80001784 (0xea710113) x2  0x8001c627
core   0: 0x80001788 (0x00810483) lb      s1, 8(sp)
core   0: 3 0x80001788 (0x00810483) x9  0xffffffe4 mem 0x8001c62f
core   0: 0x8000178c (0x0000042e) c.slli  s0, 11
core   0: 3 0x8000178c (0x042e) x8  0x001d0000
core   0: 0x8000178e (0xffd15883) lhu     a7, -3(sp)
core   0: 3 0x8000178e (0xffd15883) x17 0x0000dedf mem 0x8001c624
core   0: 0x80001792 (0x7108b413) sltiu   s0, a7, 1808
core   0: 3 0x80001792 (0x7108b413) x8  0x00000000
core   0: 0x80001796 (0xff3128a3) sw      s3, -15(sp)
core   0: 3 0x80001796 (0xff3128a3) mem 0x8001c618 0xfffffff9
core   0: 0x8000179a (0x000098fd) c.andi  s1, -1
core   0: 3 0x8000179a (0x98fd) x9  0xffffffe4
core   0: 0x8000179c (0x00214683) lbu     a3, 2(sp)
core   0: 3 0x8000179c (0x00214683) x13 0x000000e2 mem 0x8001c629
core   0: 0x800017a0 (0x00008fad) c.xor   a5, a1
core   0: 3 0x800017a0 (0x8fad) x15 0x80029f46
core   0: 0x800017a2 (0x00008c05) c.sub   s0, s1
core   0: 3 0x800017a2 (0x8c05) x8  0x0000001c
core   0: 0x800017a4 (0xff810003) lb      zero, -8(sp)
core   0: 3 0x800017a4 (0xff810003) mem 0x8001c61f
core   0: 0x800017a8 (0xff614c03) lbu     s8, -10(sp)
core   0: 3 0x800017a8 (0xff614c03) x24 0x000000d6 mem 0x8001c61d
core   0: 0x800017ac (0xff711b03) lh      s6, -9(sp)
core   0: 3 0x800017ac (0xff711b03) x22 0xffffd4d5 mem 0x8001c61e
core   0: 0x800017b0 (0x00d1b9b3) sltu    s3, gp, a3
core   0: 3 0x800017b0 (0x00d1b9b3) x19 0x00000000
core   0: 0x800017b4 (0x00e14783) lbu     a5, 14(sp)
core   0: 3 0x800017b4 (0x00e14783) x15 0x000000ee mem 0x8001c635
core   0: 0x800017b8 (0xff515703) lhu     a4, -11(sp)
core   0: 3 0x800017b8 (0xff515703) x14 0x0000d6d7 mem 0x8001c61c
core   0: 0x800017bc (0x5b3c2f13) slti    t5, s8, 1459
core   0: 3 0x800017bc (0x5b3c2f13) x30 0x00000001
core   0: 0x800017c0 (0x0000577d) c.li    a4, -1
core   0: 3 0x800017c0 (0x577d) x14 0xffffffff
core   0: 0x800017c2 (0x00e14803) lbu     a6, 14(sp)
core   0: 3 0x800017c2 (0x00e14803) x16 0x000000ee mem 0x8001c635
core   0: 0x800017c6 (0x02672833) mulhsu  a6, a4, t1
core   0: 3 0x800017c6 (0x02672833) x16 0xffffffff
core   0: 0x800017ca (0xffa14403) lbu     s0, -6(sp)
core   0: 3 0x800017ca (0xffa14403) x8  0x000000da mem 0x8001c621
core   0: 0x800017ce (0x00810023) sb      s0, 0(sp)
core   0: 3 0x800017ce (0x00810023) mem 0x8001c627 0xda
core   0: 0x800017d2 (0x00c10183) lb      gp, 12(sp)
core   0: 3 0x800017d2 (0x00c10183) x3  0xffffffe8 mem 0x8001c633
core   0: 0x800017d6 (0xff414b83) lbu     s7, -12(sp)
core   0: 3 0x800017d6 (0xff414b83) x23 0x000000ff mem 0x8001c61b
core   0: 0x800017da (0x49526b13) ori     s6, tp, 1173
core   0: 3 0x800017da (0x49526b13) x22 0x00000497
core   0: 0x800017de (0xfff15d03) lhu     s10, -1(sp)
core   0: 3 0x800017de (0xfff15d03) x26 0x0000dadd mem 0x8001c626
core   0: 0x800017e2 (0x00510883) lb      a7, 5(sp)
core   0: 3 0x800017e2 (0x00510883) x17 0xffffffe7 mem 0x8001c62c
core   0: 0x800017e6 (0x0000997d) c.andi  a0, -1
core   0: 3 0x800017e6 (0x997d) x10 0x00003637
core   0: 0x800017e8 (0x03faa033) mulhsu  zero, s5, t6
core   0: 3 0x800017e8 (0x03faa033)
core   0: 0x800017ec (0xff414503) lbu     a0, -12(sp)
core   0: 3 0x800017ec (0xff414503) x10 0x000000ff mem 0x8001c61b
core   0: 0x800017f0 (0x0000f117) auipc   sp, 0xf
core   0: 3 0x800017f0 (0x0000f117) x2  0x800107f0
core   0: 0x800017f4 (0xb3710113) addi    sp, sp, -1225
core   0: 3 0x800017f4 (0xb3710113) x2  0x80010327
core   0: 0x800017f8 (0x4128d693) srai    a3, a7, 18
core   0: 3 0x800017f8 (0x4128d693) x13 0xffffffff
core   0: 0x800017fc (0x00004b45) c.li    s6, 17
core   0: 3 0x800017fc (0x4b45) x22 0x00000011
core   0: 0x800017fe (0x39b11683) lh      a3, 923(sp)
core   0: 3 0x800017fe (0x39b11683) x13 0x00007879 mem 0x800106c2
core   0: 0x80001802 (0x6898e893) ori     a7, a7, 1673
core   0: 3 0x80001802 (0x6898e893) x17 0xffffffef
core   0: 0x80001806 (0x00008c85) c.sub   s1, s1
core   0: 3 0x80001806 (0x8c85) x9  0x00000000
core   0: 0x80001808 (0x02d796b3) mulh    a3, a5, a3
core   0: 3 0x80001808 (0x02d796b3) x13 0x00000000
core   0: 0x8000180c (0xf6f104a3) sb      a5, -151(sp)
core   0: 3 0x8000180c (0xf6f104a3) mem 0x80010290 0xee
core   0: 0x80001810 (0xb8e4bb13) sltiu   s6, s1, -1138
core   0: 3 0x80001810 (0xb8e4bb13) x22 0x00000001
core   0: 0x80001814 (0xe7d11883) lh      a7, -387(sp)
core   0: 3 0x80001814 (0xe7d11883) x17 0x00005e5f mem 0x800101a4
core   0: 0x80001818 (0x6c9126a3) sw      s1, 1741(sp)
core   0: 3 0x80001818 (0x6c9126a3) mem 0x800109f4 0x00000000
core   0: 0x8000181c (0xee614683) lbu     a3, -282(sp)
core   0: 3 0x8000181c (0xee614683) x13 0x000000c6 mem 0x8001020d
core   0: 0x80001820 (0x04914783) lbu     a5, 73(sp)
core   0: 3 0x80001820 (0x04914783) x15 0x0000002b mem 0x80010370
core   0: 0x80001824 (0x000083dd) c.srli  a5, 23
core   0: 3 0x80001824 (0x83dd) x15 0x00000000
core   0: 0x80001826 (0x00008cf5) c.and   s1, a3
core   0: 3 0x80001826 (0x8cf5) x9  0x00000000
core   0: 0x80001828 (0x40f888b3) sub     a7, a7, a5
core   0: 3 0x80001828 (0x40f888b3) x17 0x00005e5f
core   0: 0x8000182c (0x48010b03) lb      s6, 1152(sp)
core   0: 3 0x8000182c (0x48010b03) x22 0x0000005c mem 0x800107a7
core   0: 0x80001830 (0x49e14b03) lbu     s6, 1182(sp)
core   0: 3 0x80001830 (0x49e14b03) x22 0x00000000 mem 0x800107c5
core   0: 0x80001834 (0x3ee10683) lb      a3, 1006(sp)
core   0: 3 0x80001834 (0x3ee10683) x13 0xffffffce mem 0x80010715
core   0: 0x80001838 (0x2ad15483) lhu     s1, 685(sp)
core   0: 3 0x80001838 (0x2ad15483) x9  0x0000e48f mem 0x800105d4
core   0: 0x8000183c (0x59315b03) lhu     s6, 1427(sp)
core   0: 3 0x8000183c (0x59315b03) x22 0x00007071 mem 0x800108ba
core   0: 0x80001840 (0xea410683) lb      a3, -348(sp)
core   0: 3 0x80001840 (0xea410683) x13 0xffffff80 mem 0x800101cb
core   0: 0x80001844 (0x00faf6b3) and     a3, s5, a5
core   0: 3 0x80001844 (0x00faf6b3) x13 0x00000000
core   0: 0x80001848 (0xaa74eb13) ori     s6, s1, -1369
core   0: 3 0x80001848 (0xaa74eb13) x22 0xfffffeaf
core   0: 0x8000184c (0x48f10ba3) sb      a5, 1175(sp)
core   0: 3 0x8000184c (0x48f10ba3) mem 0x800107be 0x00
core   0: 0x80001850 (0x39c10a83) lb      s5, 924(sp)
core   0: 3 0x80001850 (0x39c10a83) x21 0x00000078 mem 0x800106c3
core   0: 0x80001854 (0x3cd10123) sb      a3, 962(sp)
core   0: 3 0x80001854 (0x3cd10123) mem 0x800106e9 0x00
core   0: 0x80001858 (0x01b49a93) slli    s5, s1, 27
core   0: 3 0x80001858 (0x01b49a93) x21 0x78000000
core   0: 0x8000185c (0x00008c9d) c.sub   s1, a5
core   0: 3 0x8000185c (0x8c9d) x9  0x0000e48f
core   0: 0x8000185e (0x00008cd5) c.or    s1, a3
core   0: 3 0x8000185e (0x8cd5) x9  0x0000e48f
core   0: 0x80001860 (0x67511ea3) sh      s5, 1661(sp)
core   0: 3 0x80001860 (0x67511ea3) mem 0x800109a4 0x0000
core   0: 0x80001864 (0x016b4b33) xor     s6, s6, s6
core   0: 3 0x80001864 (0x016b4b33) x22 0x00000000
core   0: 0x80001868 (0x0d1107a3) sb      a7, 207(sp)
core   0: 3 0x80001868 (0x0d1107a3) mem 0x800103f6 0x5f
core   0: 0x8000186c (0x35414483) lbu     s1, 852(sp)
core   0: 3 0x8000186c (0x35414483) x9  0x00000030 mem 0x8001067b
core   0: 0x80001870 (0x616119a3) sh      s6, 1555(sp)
core   0: 3 0x80001870 (0x616119a3) mem 0x8001093a 0x0000
core   0: 0x80001874 (0x0368d7b3) divu    a5, a7, s6
core   0: 3 0x80001874 (0x0368d7b3) x15 0xffffffff
core   0: 0x80001878 (0x50f8c893) xori    a7, a7, 1295
core   0: 3 0x80001878 (0x50f8c893) x17 0x00005b50
core   0: 0x8000187c (0xe4c14b03) lbu     s6, -436(sp)
core   0: 3 0x8000187c (0xe4c14b03) x22 0x00000028 mem 0x80010173
core   0: 0x80001880 (0x0000fd17) auipc   s10, 0xf
core   0: 3 0x80001880 (0x0000fd17) x26 0x80010880
core   0: 0x80001884 (0xd3bd0d13) addi    s10, s10, -709
core   0: 3 0x80001884 (0xd3bd0d13) x26 0x800105bb
core   0: 0x80001888 (0x00008d2d) c.xor   a0, a1
core   0: 3 0x80001888 (0x8d2d) x10 0x80029c1b
core   0: 0x8000188a (0xfc0d4503) lbu     a0, -64(s10)
core   0: 3 0x8000188a (0xfc0d4503) x10 0x00000030 mem 0x8001057b
core   0: 0x8000188e (0x000084f9) c.srai  s1, 30
core   0: 3 0x8000188e (0x84f9) x9  0x00000000
core   0: 0x80001890 (0x9439ce93) xori    t4, s3, -1725
core   0: 3 0x80001890 (0x9439ce93) x29 0xfffff943
core   0: 0x80001894 (0x009e1893) slli    a7, t3, 9
core   0: 3 0x80001894 (0x009e1893) x17 0x00000000
core   0: 0x80001898 (0x00008fe9) c.and   a5, a0
core   0: 3 0x80001898 (0x8fe9) x15 0x00000030
core   0: 0x8000189a (0xfded2aa3) sw      t5, -43(s10)
core   0: 3 0x8000189a (0xfded2aa3) mem 0x80010590 0x00000001
core   0: 0x8000189e (0x371dbc13) sltiu   s8, s11, 881
core   0: 3 0x8000189e (0x371dbc13) x24 0x00000001
core   0: 0x800018a2 (0xc5bbbf93) sltiu   t6, s7, -933
core   0: 3 0x800018a2 (0xc5bbbf93) x31 0x00000001
core   0: 0x800018a6 (0x03fd5a83) lhu     s5, 63(s10)
core   0: 3 0x800018a6 (0x03fd5a83) x21 0x0000b0b1 mem 0x800105fa
core   0: 0x800018aa (0xfdcd4903) lbu     s2, -36(s10)
core   0: 3 0x800018aa (0xfdcd4903) x18 0x0000000a mem 0x80010597
core   0: 0x800018ae (0x00ed05a3) sb      a4, 11(s10)
core   0: 3 0x800018ae (0x00ed05a3) mem 0x800105c6 0xff
core   0: 0x800018b2 (0x00b31693) slli    a3, t1, 11
core   0: 3 0x800018b2 (0x00b31693) x13 0x12f32000
core   0: 0x800018b6 (0xfdf30213) addi    tp, t1, -33
core   0: 3 0x800018b6 (0xfdf30213) x4  0x80025e43
core   0: 0x800018ba (0x00f7dfb3) srl     t6, a5, a5
core   0: 3 0x800018ba (0x00f7dfb3) x31 0x00000000
core   0: 0x800018be (0xffed0f83) lb      t6, -2(s10)
core   0: 3 0x800018be (0xffed0f83) x31 0x00000072 mem 0x800105b9
core   0: 0x800018c2 (0xfccd4483) lbu     s1, -52(s10)
core   0: 3 0x800018c2 (0xfccd4483) x9  0x0000003c mem 0x80010587
core   0: 0x800018c6 (0x0091be33) sltu    t3, gp, s1
core   0: 3 0x800018c6 (0x0091be33) x28 0x00000000
core   0: 0x800018ca (0x00009e0a) c.add   t3, sp
core   0: 3 0x800018ca (0x9e0a) x28 0x80010327
core   0: 0x800018cc (0x6255e817) auipc   a6, 0x6255e
core   0: 3 0x800018cc (0x6255e817) x16 0xe255f8cc
core   0: 0x800018d0 (0xa63a8b13) addi    s6, s5, -1437
core   0: 3 0x800018d0 (0xa63a8b13) x22 0x0000ab14
core   0: 0x800018d4 (0x022d4c03) lbu     s8, 34(s10)
core   0: 3 0x800018d4 (0x022d4c03) x24 0x00000096 mem 0x800105dd
core   0: 0x800018d8 (0x02007e33) remu    t3, zero, zero
core   0: 3 0x800018d8 (0x02007e33) x28 0x00000000
core   0: 0x800018dc (0x022d4783) lbu     a5, 34(s10)
core   0: 3 0x800018dc (0x022d4783) x15 0x00000096 mem 0x800105dd
core   0: 0x800018e0 (0x02bd5003) lhu     zero, 43(s10)
core   0: 3 0x800018e0 (0x02bd5003) mem 0x800105e6
core   0: 0x800018e4 (0xfd7d0e23) sb      s7, -36(s10)
core   0: 3 0x800018e4 (0xfd7d0e23) mem 0x80010597 0xff
core   0: 0x800018e8 (0xfc5d0b23) sb      t0, -42(s10)
core   0: 3 0x800018e8 (0xfc5d0b23) mem 0x80010591 0x8a
core   0: 0x800018ec (0x01c16733) or      a4, sp, t3
core   0: 3 0x800018ec (0x01c16733) x14 0x80010327
core   0: 0x800018f0 (0xff9d1203) lh      tp, -7(s10)
core   0: 3 0x800018f0 (0xff9d1203) x4  0x00006e6f mem 0x800105b4
core   0: 0x800018f4 (0x02c11433) mulh    s0, sp, a2
core   0: 3 0x800018f4 (0x02c11433) x8  0x00000787
core   0: 0x800018f8 (0x020da933) mulhsu  s2, s11, zero
core   0: 3 0x800018f8 (0x020da933) x18 0x00000000
core   0: 0x800018fc (0x00dcd813) srli    a6, s9, 13
core   0: 3 0x800018fc (0x00dcd813) x16 0x00000000
core   0: 0x80001900 (0x00b6de13) srli    t3, a3, 11
core   0: 3 0x80001900 (0x00b6de13) x28 0x00025e64
core   0: 0x80001904 (0xff6d0483) lb      s1, -10(s10)
core   0: 3 0x80001904 (0xff6d0483) x9  0x0000006a mem 0x800105b1
core   0: 0x80001908 (0x00bd0683) lb      a3, 11(s10)
core   0: 3 0x80001908 (0x00bd0683) x13 0xffffffff mem 0x800105c6
core   0: 0x8000190c (0x41608a33) sub     s4, ra, s6
core   0: 3 0x8000190c (0x41608a33) x20 0x80010906
core   0: 0x80001910 (0x035d4703) lbu     a4, 53(s10)
core   0: 3 0x80001910 (0x035d4703) x14 0x000000ab mem 0x800105f0
core   0: 0x80001914 (0x00008ef5) c.and   a3, a3
core   0: 3 0x80001914 (0x8ef5) x13 0xffffffff
core   0: 0x80001916 (0x001d0623) sb      ra, 12(s10)
core   0: 3 0x80001916 (0x001d0623) mem 0x800105c7 0x1a
core   0: 0x8000191a (0xfedd0503) lb      a0, -19(s10)
core   0: 3 0x8000191a (0xfedd0503) x10 0x00000063 mem 0x800105a8
core   0: 0x8000191e (0x00008cf9) c.and   s1, a4
core   0: 3 0x8000191e (0x8cf9) x9  0x0000002a
core   0: 0x80001920 (0x00008ee1) c.and   a3, s0
core   0: 3 0x80001920 (0x8ee1) x13 0x00000787
core   0: 0x80001922 (0xff9d0923) sb      s9, -14(s10)
core   0: 3 0x80001922 (0xff9d0923) mem 0x800105ad 0x0f
core   0: 0x80001926 (0x031d5083) lhu     ra, 49(s10)
core   0: 3 0x80001926 (0x031d5083) x1  0x0000a6a7 mem 0x800105ec
core   0: 0x8000192a (0x0000ff97) auipc   t6, 0xf
core   0: 3 0x8000192a (0x0000ff97) x31 0x8001092a
core   0: 0x8000192e (0xbd1f8f93) addi    t6, t6, -1071
core   0: 3 0x8000192e (0xbd1f8f93) x31 0x800104fb
core   0: 0x80001932 (0xfa810a13) addi    s4, sp, -88
core   0: 3 0x80001932 (0xfa810a13) x20 0x800102cf
core   0: 0x80001936 (0xfeefa6a3) sw      a4, -19(t6)
core   0: 3 0x80001936 (0xfeefa6a3) mem 0x800104e8 0x000000ab
core   0: 0x8000193a (0x025f8783) lb      a5, 37(t6)
core   0: 3 0x8000193a (0x025f8783) x15 0xffffffdb mem 0x80010520
core   0: 0x8000193e (0x025fdd83) lhu     s11, 37(t6)
core   0: 3 0x8000193e (0x025fdd83) x27 0x0000dadb mem 0x80010520
core   0: 0x80001942 (0x039ca133) mulhsu  sp, s9, s9
core   0: 3 0x80001942 (0x039ca133) x2  0x00000000
core   0: 0x80001946 (0x000087f1) c.srai  a5, 28
core   0: 3 0x80001946 (0x87f1) x15 0xffffffff
core   0: 0x80001948 (0x039f92a3) sh      s9, 37(t6)
core   0: 3 0x80001948 (0x039f92a3) mem 0x80010520 0x000f
core   0: 0x8000194c (0x88353993) sltiu   s3, a0, -1917
core   0: 3 0x8000194c (0x88353993) x19 0x00000001
core   0: 0x80001950 (0x01b02f33) slt     t5, zero, s11
core   0: 3 0x80001950 (0x01b02f33) x30 0x00000001
core   0: 0x80001954 (0x025fd203) lhu     tp, 37(t6)
core   0: 3 0x80001954 (0x025fd203) x4  0x0000000f mem 0x80010520
core   0: 0x80001958 (0x025fc703) lbu     a4, 37(t6)
core   0: 3 0x80001958 (0x025fc703) x14 0x0000000f mem 0x80010520
core   0: 0x8000195c (0x034f82a3) sb      s4, 37(t6)
core   0: 3 0x8000195c (0x034f82a3) mem 0x80010520 0xcf
core   0: 0x80001960 (0x00000001) c.nop
core   0: 3 0x80001960 (0x0001)
core   0: 0x80001962 (0x025fa883) lw      a7, 37(t6)
core   0: 3 0x80001962 (0x025fa883) x17 0xd8d900cf mem 0x80010520
core   0: 0x80001966 (0x026f92a3) sh      t1, 37(t6)
core   0: 3 0x80001966 (0x026f92a3) mem 0x80010520 0x5e64
core   0: 0x8000196a (0x037f9483) lh      s1, 55(t6)
core   0: 3 0x8000196a (0x037f9483) x9  0xffffe8e9 mem 0x80010532
core   0: 0x8000196e (0x003fc203) lbu     tp, 3(t6)
core   0: 3 0x8000196e (0x003fc203) x4  0x000000b5 mem 0x800104fe
core   0: 0x80001972 (0x02a006ef) jal     a3, pc + 0x2a
core   0: 3 0x80001972 (0x02a006ef) x13 0x80001976
core   0: 0x8000199c (0x014000ef) jal     pc + 0x14
core   0: 3 0x8000199c (0x014000ef) x1  0x800019a0
core   0: 0x800019b0 (0xfe3ff0ef) jal     pc - 0x1e
core   0: 3 0x800019b0 (0xfe3ff0ef) x1  0x800019b4
core   0: 0x80001992 (0x0000b7fd) c.j     pc - 18
core   0: 3 0x80001992 (0xb7fd)
core   0: 0x80001980 (0x00002039) c.jal   pc + 14
core   0: 3 0x80001980 (0x2039) x1  0x80001982
core   0: 0x8000198e (0x0000b7fd) c.j     pc - 18
core   0: 3 0x8000198e (0xb7fd)
core   0: 0x8000197c (0x00c000ef) jal     pc + 0xc
core   0: 3 0x8000197c (0x00c000ef) x1  0x80001980
core   0: 0x80001988 (0x00003ff5) c.jal   pc - 4
core   0: 3 0x80001988 (0x3ff5) x1  0x8000198a
core   0: 0x80001984 (0x0000a025) c.j     pc + 40
core   0: 3 0x80001984 (0xa025)
core   0: 0x800019ac (0x000037f9) c.jal   pc - 50
core   0: 3 0x800019ac (0x37f9) x1  0x800019ae
core   0: 0x8000197a (0x00002025) c.jal   pc + 40
core   0: 3 0x8000197a (0x2025) x1  0x8000197c
core   0: 0x800019a2 (0x00002019) c.jal   pc + 6
core   0: 3 0x800019a2 (0x2019) x1  0x800019a4
core   0: 0x800019a8 (0x00003ffd) c.jal   pc - 2
core   0: 3 0x800019a8 (0x3ffd) x1  0x800019aa
core   0: 0x800019a6 (0x00003fed) c.jal   pc - 6
core   0: 3 0x800019a6 (0x3fed) x1  0x800019a8
core   0: 0x800019a0 (0x0000b7f5) c.j     pc - 20
core   0: 3 0x800019a0 (0xb7f5)
core   0: 0x8000198c (0x0000a021) c.j     pc + 8
core   0: 3 0x8000198c (0xa021)
core   0: 0x80001994 (0xff3ff0ef) jal     pc - 0xe
core   0: 3 0x80001994 (0xff3ff0ef) x1  0x80001998
core   0: 0x80001986 (0x0000bfc5) c.j     pc - 16
core   0: 3 0x80001986 (0xbfc5)
core   0: 0x80001976 (0x02e000ef) jal     pc + 0x2e
core   0: 3 0x80001976 (0x02e000ef) x1  0x8000197a
core   0: 0x800019a4 (0x00002019) c.jal   pc + 6
core   0: 3 0x800019a4 (0x2019) x1  0x800019a6
core   0: 0x800019aa (0x0000b7c5) c.j     pc - 32
core   0: 3 0x800019aa (0xb7c5)
core   0: 0x8000198a (0x0000a015) c.j     pc + 36
core   0: 3 0x8000198a (0xa015)
core   0: 0x800019ae (0x0000bfd1) c.j     pc - 44
core   0: 3 0x800019ae (0xbfd1)
core   0: 0x80001982 (0x0000a80d) c.j     pc + 50
core   0: 3 0x80001982 (0xa80d)
core   0: 0x800019b4 (0x00003ff1) c.jal   pc - 36
core   0: 3 0x800019b4 (0x3ff1) x1  0x800019b6
core   0: 0x80001990 (0x00002021) c.jal   pc + 8
core   0: 3 0x80001990 (0x2021) x1  0x80001992
core   0: 0x80001998 (0x01e0056f) jal     a0, pc + 0x1e
core   0: 3 0x80001998 (0x01e0056f) x10 0x8000199c
core   0: 0x800019b6 (0x00cdb6b3) sltu    a3, s11, a2
core   0: 3 0x800019b6 (0x00cdb6b3) x13 0x00000001
core   0: 0x800019ba (0x0000f117) auipc   sp, 0xf
core   0: 3 0x800019ba (0x0000f117) x2  0x800109ba
core   0: 0x800019be (0x0e210113) addi    sp, sp, 226
core   0: 3 0x800019be (0x0e210113) x2  0x80010a9c
core   0: 0x800019c2 (0x00008ff5) c.and   a5, a3
core   0: 3 0x800019c2 (0x8ff5) x15 0x00000001
core   0: 0x800019c4 (0xfae11703) lh      a4, -82(sp)
core   0: 3 0x800019c4 (0xfae11703) x14 0x00000001 mem 0x80010a4a
core   0: 0x800019c8 (0xf9810823) sb      s8, -112(sp)
core   0: 3 0x800019c8 (0xf9810823) mem 0x80010a2c 0x96
core   0: 0x800019cc (0xf1f14803) lbu     a6, -225(sp)
core   0: 3 0x800019cc (0xf1f14803) x16 0x00000070 mem 0x800109bb
core   0: 0x800019d0 (0x0062ad33) slt     s10, t0, t1
core   0: 3 0x800019d0 (0x0062ad33) x26 0x00000001
core   0: 0x800019d4 (0x18940617) auipc   a2, 0x18940
core   0: 3 0x800019d4 (0x18940617) x12 0x989419d4
core   0: 0x800019d8 (0x007c1eb3) sll     t4, s8, t2
core   0: 3 0x800019d8 (0x007c1eb3) x29 0x00096000
core   0: 0x800019dc (0xf8311423) sh      gp, -120(sp)
core   0: 3 0x800019dc (0xf8311423) mem 0x80010a24 0xffe8
core   0: 0x800019e0 (0x01a17c33) and     s8, sp, s10
core   0: 3 0x800019e0 (0x01a17c33) x24 0x00000000
core   0: 0x800019e4 (0x40e054b3) sra     s1, zero, a4
core   0: 3 0x800019e4 (0x40e054b3) x9  0x00000000
core   0: 0x800019e8 (0x00000001) c.nop
core   0: 3 0x800019e8 (0x0001)
core   0: 0x800019ea (0xf5d14e83) lbu     t4, -163(sp)
core   0: 3 0x800019ea (0xf5d14e83) x29 0x000000b2 mem 0x800109f9
core   0: 0x800019ee (0xfaa14703) lbu     a4, -86(sp)
core   0: 3 0x800019ee (0xfaa14703) x14 0x000000fd mem 0x80010a46
core   0: 0x800019f2 (0x000082de) c.mv    t0, s7
core   0: 3 0x800019f2 (0x82de) x5  0x000000ff
core   0: 0x800019f4 (0x00008105) c.srli  a0, 1
core   0: 3 0x800019f4 (0x8105) x10 0x40000cce
core   0: 0x800019f6 (0x0d611e83) lh      t4, 214(sp)
core   0: 3 0x800019f6 (0x0d611e83) x29 0x00002829 mem 0x80010b72
core   0: 0x800019fa (0x01110003) lb      zero, 17(sp)
core   0: 3 0x800019fa (0x01110003) mem 0x80010aad
core   0: 0x800019fe (0x0000177d) c.addi  a4, -1
core   0: 3 0x800019fe (0x177d) x14 0x000000fc
core   0: 0x80001a00 (0xfcc10b03) lb      s6, -52(sp)
core   0: 3 0x80001a00 (0xfcc10b03) x22 0x00000023 mem 0x80010a68
core   0: 0x80001a04 (0x09914003) lbu     zero, 153(sp)
core   0: 3 0x80001a04 (0x09914003) mem 0x80010b35
core   0: 0x80001a08 (0xf8d14d03) lbu     s10, -115(sp)
core   0: 3 0x80001a08 (0xf8d14d03) x26 0x000000e2 mem 0x80010a29
core   0: 0x80001a0c (0x8fadf013) andi    zero, s11, -1798
core   0: 3 0x80001a0c (0x8fadf013)
core   0: 0x80001a10 (0x0a610a83) lb      s5, 166(sp)
core   0: 3 0x80001a10 (0x0a610a83) x21 0xfffffff9 mem 0x80010b42
core   0: 0x80001a14 (0x000094be) c.add   s1, a5
core   0: 3 0x80001a14 (0x94be) x9  0x00000001
core   0: 0x80001a16 (0x002abc33) sltu    s8, s5, sp
core   0: 3 0x80001a16 (0x002abc33) x24 0x00000000
core   0: 0x80001a1a (0x03710503) lb      a0, 55(sp)
core   0: 3 0x80001a1a (0x03710503) x10 0xffffff88 mem 0x80010ad3
core   0: 0x80001a1e (0x0000887a) c.mv    a6, t5
core   0: 3 0x80001a1e (0x887a) x16 0x00000001
core   0: 0x80001a20 (0x04610b83) lb      s7, 70(sp)
core   0: 3 0x80001a20 (0x04610b83) x23 0xffffff99 mem 0x80010ae2
core   0: 0x80001a24 (0x0116bfb3) sltu    t6, a3, a7
core   0: 3 0x80001a24 (0x0116bfb3) x31 0x00000001
core   0: 0x80001a28 (0x00611d83) lh      s11, 6(sp)
core   0: 3 0x80001a28 (0x00611d83) x27 0x00005859 mem 0x80010aa2
core   0: 0x80001a2c (0xf5012903) lw      s2, -176(sp)
core   0: 3 0x80001a2c (0xf5012903) x18 0xa4a5a6a7 mem 0x800109ec
core   0: 0x80001a30 (0x03ba97b3) mulh    a5, s5, s11
core   0: 3 0x80001a30 (0x03ba97b3) x15 0xffffffff
core   0: 0x80001a34 (0x00008b01) c.andi  a4, 0
core   0: 3 0x80001a34 (0x8b01) x14 0x00000000
core   0: 0x80001a36 (0x0000c41a) c.swsp  t1, 8(sp)
core   0: 3 0x80001a36 (0xc41a) mem 0x80010aa4 0x80025e64
core   0: 0x80001a38 (0x08c11923) sh      a2, 146(sp)
core   0: 3 0x80001a38 (0x08c11923) mem 0x80010b2e 0x19d4
core   0: 0x80001a3c (0x1f2d7c13) andi    s8, s10, 498
core   0: 3 0x80001a3c (0x1f2d7c13) x24 0x000000e2
core   0: 0x80001a40 (0x0000ca56) c.swsp  s5, 20(sp)
core   0: 3 0x80001a40 (0xca56) mem 0x80010ab0 0xfffffff9
core   0: 0x80001a42 (0x0e2100a3) sb      sp, 225(sp)
core   0: 3 0x80001a42 (0x0e2100a3) mem 0x80010b7d 0x9c
core   0: 0x80001a46 (0x3a1eb193) sltiu   gp, t4, 929
core   0: 3 0x80001a46 (0x3a1eb193) x3  0x00000000
core   0: 0x80001a4a (0xf7b10da3) sb      s11, -133(sp)
core   0: 3 0x80001a4a (0xf7b10da3) mem 0x80010a17 0x59
core   0: 0x80001a4e (0x7608d237) lui     tp, 0x7608d
core   0: 3 0x80001a4e (0x7608d237) x4  0x7608d000
core   0: 0x80001a52 (0x00008f91) c.sub   a5, a2
core   0: 3 0x80001a52 (0x8f91) x15 0x676be62b
core   0: 0x80001a54 (0x01e100a3) sb      t5, 1(sp)
core   0: 3 0x80001a54 (0x01e100a3) mem 0x80010a9d 0x01
core   0: 0x80001a58 (0x00a006ef) jal     a3, pc + 0xa
core   0: 3 0x80001a58 (0x00a006ef) x13 0x80001a5c
core   0: 0x80001a62 (0x00002039) c.jal   pc + 14
core   0: 3 0x80001a62 (0x2039) x1  0x80001a64
core   0: 0x80001a70 (0x0000bffd) c.j     pc - 2
core   0: 3 0x80001a70 (0xbffd)
core   0: 0x80001a6e (0x00003ffd) c.jal   pc - 2
core   0: 3 0x80001a6e (0x3ffd) x1  0x80001a70
core   0: 0x80001a6c (0x00002809) c.jal   pc + 18
core   0: 3 0x80001a6c (0x2809) x1  0x80001a6e
core   0: 0x80001a7e (0x000037c5) c.jal   pc - 32
core   0: 3 0x80001a7e (0x37c5) x1  0x80001a80
core   0: 0x80001a5e (0x00002821) c.jal   pc + 24
core   0: 3 0x80001a5e (0x2821) x1  0x80001a60
core   0: 0x80001a76 (0x004000ef) jal     pc + 0x4
core   0: 3 0x80001a76 (0x004000ef) x1  0x80001a7a
core   0: 0x80001a7a (0xfebff0ef) jal     pc - 0x16
core   0: 3 0x80001a7a (0xfebff0ef) x1  0x80001a7e
core   0: 0x80001a64 (0x0000bfe5) c.j     pc - 8
core   0: 3 0x80001a64 (0xbfe5)
core   0: 0x80001a5c (0x0000a025) c.j     pc + 40
core   0: 3 0x80001a5c (0xa025)
core   0: 0x80001a84 (0x00003fc5) c.jal   pc - 16
core   0: 3 0x80001a84 (0x3fc5) x1  0x80001a86
core   0: 0x80001a74 (0x000037f5) c.jal   pc - 20
core   0: 3 0x80001a74 (0x37f5) x1  0x80001a76
core   0: 0x80001a60 (0x0000a809) c.j     pc + 18
core   0: 3 0x80001a60 (0xa809)
core   0: 0x80001a72 (0x0000a039) c.j     pc + 14
core   0: 3 0x80001a72 (0xa039)
core   0: 0x80001a80 (0xfe7ff0ef) jal     pc - 0x1a
core   0: 3 0x80001a80 (0xfe7ff0ef) x1  0x80001a84
core   0: 0x80001a66 (0x00002009) c.jal   pc + 2
core   0: 3 0x80001a66 (0x2009) x1  0x80001a68
core   0: 0x80001a68 (0x01e000ef) jal     pc + 0x1e
core   0: 3 0x80001a68 (0x01e000ef) x1  0x80001a6c
core   0: 0x80001a86 (0x00278733) add     a4, a5, sp
core   0: 3 0x80001a86 (0x00278733) x14 0xe76cf0c7
core   0: 0x80001a8a (0x000057ed) c.li    a5, -5
core   0: 3 0x80001a8a (0x57ed) x15 0xfffffffb
core   0: 0x80001a8c (0x01c944b3) xor     s1, s2, t3
core   0: 3 0x80001a8c (0x01c944b3) x9  0xa4a7f8c3
core   0: 0x80001a90 (0x00000001) c.nop
core   0: 3 0x80001a90 (0x0001)
core   0: 0x80001a92 (0x00008f4a) c.mv    t5, s2
core   0: 3 0x80001a92 (0x8f4a) x30 0xa4a5a6a7
core   0: 0x80001a94 (0x00000b12) c.slli  s6, 4
core   0: 3 0x80001a94 (0x0b12) x22 0x00000230
core   0: 0x80001a96 (0x00000795) c.addi  a5, 5
core   0: 3 0x80001a96 (0x0795) x15 0x00000000
core   0: 0x80001a98 (0x00004da9) c.li    s11, 10
core   0: 3 0x80001a98 (0x4da9) x27 0x0000000a
core   0: 0x80001a9a (0x00004a29) c.li    s4, 10
core   0: 3 0x80001a9a (0x4a29) x20 0x0000000a
core   0: 0x80001a9c (0x37843113) sltiu   sp, s0, 888
core   0: 3 0x80001a9c (0x37843113) x2  0x00000000
core   0: 0x80001aa0 (0xfabdf213) andi    tp, s11, -85
core   0: 3 0x80001aa0 (0xfabdf213) x4  0x0000000a
core   0: 0x80001aa4 (0x1b6ec193) xori    gp, t4, 438
core   0: 3 0x80001aa4 (0x1b6ec193) x3  0x0000299f
core   0: 0x80001aa8 (0x00001de9) c.addi  s11, -6
core   0: 3 0x80001aa8 (0x1de9) x27 0x00000004
core   0: 0x80001aaa (0xff4ddbe3) bge     s11, s4, pc - 10
core   0: 3 0x80001aaa (0xff4ddbe3)
core   0: 0x80001aae (0x02486d33) rem     s10, a6, tp
core   0: 3 0x80001aae (0x02486d33) x26 0x00000001
core   0: 0x80001ab2 (0x01ceab33) slt     s6, t4, t3
core   0: 3 0x80001ab2 (0x01ceab33) x22 0x00000001
core   0: 0x80001ab6 (0x00008ca1) c.xor   s1, s0
core   0: 3 0x80001ab6 (0x8ca1) x9  0xa4a7ff44
core   0: 0x80001ab8 (0x0000dfe9) c.beqz  a5, pc - 38
core   0: 3 0x80001ab8 (0xdfe9)
core   0: 0x80001a92 (0x00008f4a) c.mv    t5, s2
core   0: 3 0x80001a92 (0x8f4a) x30 0xa4a5a6a7
core   0: 0x80001a94 (0x00000b12) c.slli  s6, 4
core   0: 3 0x80001a94 (0x0b12) x22 0x00000010
core   0: 0x80001a96 (0x00000795) c.addi  a5, 5
core   0: 3 0x80001a96 (0x0795) x15 0x00000005
core   0: 0x80001a98 (0x00004da9) c.li    s11, 10
core   0: 3 0x80001a98 (0x4da9) x27 0x0000000a
core   0: 0x80001a9a (0x00004a29) c.li    s4, 10
core   0: 3 0x80001a9a (0x4a29) x20 0x0000000a
core   0: 0x80001a9c (0x37843113) sltiu   sp, s0, 888
core   0: 3 0x80001a9c (0x37843113) x2  0x00000000
core   0: 0x80001aa0 (0xfabdf213) andi    tp, s11, -85
core   0: 3 0x80001aa0 (0xfabdf213) x4  0x0000000a
core   0: 0x80001aa4 (0x1b6ec193) xori    gp, t4, 438
core   0: 3 0x80001aa4 (0x1b6ec193) x3  0x0000299f
core   0: 0x80001aa8 (0x00001de9) c.addi  s11, -6
core   0: 3 0x80001aa8 (0x1de9) x27 0x00000004
core   0: 0x80001aaa (0xff4ddbe3) bge     s11, s4, pc - 10
core   0: 3 0x80001aaa (0xff4ddbe3)
core   0: 0x80001aae (0x02486d33) rem     s10, a6, tp
core   0: 3 0x80001aae (0x02486d33) x26 0x00000001
core   0: 0x80001ab2 (0x01ceab33) slt     s6, t4, t3
core   0: 3 0x80001ab2 (0x01ceab33) x22 0x00000001
core   0: 0x80001ab6 (0x00008ca1) c.xor   s1, s0
core   0: 3 0x80001ab6 (0x8ca1) x9  0xa4a7f8c3
core   0: 0x80001ab8 (0x0000dfe9) c.beqz  a5, pc - 38
core   0: 3 0x80001ab8 (0xdfe9)
core   0: 0x80001aba (0x0000597d) c.li    s2, -1
core   0: 3 0x80001aba (0x597d) x18 0xffffffff
core   0: 0x80001abc (0x0000f117) auipc   sp, 0xf
core   0: 3 0x80001abc (0x0000f117) x2  0x80010abc
core   0: 0x80001ac0 (0xe8210113) addi    sp, sp, -382
core   0: 3 0x80001ac0 (0xe8210113) x2  0x8001093e
core   0: 0x80001ac4 (0x00910203) lb      tp, 9(sp)
core   0: 3 0x80001ac4 (0x00910203) x4  0xfffffffc mem 0x80010947
core   0: 0x80001ac8 (0x011104a3) sb      a7, 9(sp)
core   0: 3 0x80001ac8 (0x011104a3) mem 0x80010947 0xcf
core   0: 0x80001acc (0x00212003) lw      zero, 2(sp)
core   0: 3 0x80001acc (0x00212003) mem 0x80010940
core   0: 0x80001ad0 (0x030c0233) mul     tp, s8, a6
core   0: 3 0x80001ad0 (0x030c0233) x4  0x000000e2
core   0: 0x80001ad4 (0xff314803) lbu     a6, -13(sp)
core   0: 3 0x80001ad4 (0xff314803) x16 0x000000ea mem 0x80010931
core   0: 0x80001ad8 (0xfe8109a3) sb      s0, -13(sp)
core   0: 3 0x80001ad8 (0xfe8109a3) mem 0x80010931 0x87
core   0: 0x80001adc (0xfe0109a3) sb      zero, -13(sp)
core   0: 3 0x80001adc (0xfe0109a3) mem 0x80010931 0x00
core   0: 0x80001ae0 (0xffd109a3) sb      t4, -13(sp)
core   0: 3 0x80001ae0 (0xffd109a3) mem 0x80010931 0x29
core   0: 0x80001ae4 (0xff310003) lb      zero, -13(sp)
core   0: 3 0x80001ae4 (0xff310003) mem 0x80010931
core   0: 0x80001ae8 (0xffb109a3) sb      s11, -13(sp)
core   0: 3 0x80001ae8 (0xffb109a3) mem 0x80010931 0x04
core   0: 0x80001aec (0xff314b03) lbu     s6, -13(sp)
core   0: 3 0x80001aec (0xff314b03) x22 0x00000004 mem 0x80010931
core   0: 0x80001af0 (0xff314603) lbu     a2, -13(sp)
core   0: 3 0x80001af0 (0xff314603) x12 0x00000004 mem 0x80010931
core   0: 0x80001af4 (0xff310483) lb      s1, -13(sp)
core   0: 3 0x80001af4 (0xff310483) x9  0x00000004 mem 0x80010931
core   0: 0x80001af8 (0xff310883) lb      a7, -13(sp)
core   0: 3 0x80001af8 (0xff310883) x17 0x00000004 mem 0x80010931
core   0: 0x80001afc (0x034006ef) jal     a3, pc + 0x34
core   0: 3 0x80001afc (0x034006ef) x13 0x80001b00
core   0: 0x80001b30 (0x0000bfed) c.j     pc - 6
core   0: 3 0x80001b30 (0xbfed)
core   0: 0x80001b2a (0xfd7ff26f) jal     tp, pc - 0x2a
core   0: 3 0x80001b2a (0xfd7ff26f) x4  0x80001b2e
core   0: 0x80001b00 (0x0000a801) c.j     pc + 16
core   0: 3 0x80001b00 (0xa801)
core   0: 0x80001b10 (0x0240026f) jal     tp, pc + 0x24
core   0: 3 0x80001b10 (0x0240026f) x4  0x80001b14
core   0: 0x80001b34 (0xffbff0ef) jal     pc - 0x6
core   0: 3 0x80001b34 (0xffbff0ef) x1  0x80001b38
core   0: 0x80001b2e (0x0000bfdd) c.j     pc - 10
core   0: 3 0x80001b2e (0xbfdd)
core   0: 0x80001b24 (0x0000a839) c.j     pc + 30
core   0: 3 0x80001b24 (0xa839)
core   0: 0x80001b42 (0x00003fd1) c.jal   pc - 44
core   0: 3 0x80001b42 (0x3fd1) x1  0x80001b44
core   0: 0x80001b16 (0x004000ef) jal     pc + 0x4
core   0: 3 0x80001b16 (0x004000ef) x1  0x80001b1a
core   0: 0x80001b1a (0x0000202d) c.jal   pc + 42
core   0: 3 0x80001b1a (0x202d) x1  0x80001b1c
core   0: 0x80001b44 (0x000037fd) c.jal   pc - 18
core   0: 3 0x80001b44 (0x37fd) x1  0x80001b46
core   0: 0x80001b32 (0x00002831) c.jal   pc + 28
core   0: 3 0x80001b32 (0x2831) x1  0x80001b34
core   0: 0x80001b4e (0xfd3ff0ef) jal     pc - 0x2e
core   0: 3 0x80001b4e (0xfd3ff0ef) x1  0x80001b52
core   0: 0x80001b20 (0x0000201d) c.jal   pc + 38
core   0: 3 0x80001b20 (0x201d) x1  0x80001b22
core   0: 0x80001b46 (0x0000bfe5) c.j     pc - 8
core   0: 3 0x80001b46 (0xbfe5)
core   0: 0x80001b3e (0xfe5ff0ef) jal     pc - 0x1c
core   0: 3 0x80001b3e (0xfe5ff0ef) x1  0x80001b42
core   0: 0x80001b22 (0x00002819) c.jal   pc + 22
core   0: 3 0x80001b22 (0x2819) x1  0x80001b24
core   0: 0x80001b38 (0x0000a809) c.j     pc + 18
core   0: 3 0x80001b38 (0xa809)
core   0: 0x80001b4a (0x0000a009) c.j     pc + 2
core   0: 3 0x80001b4a (0xa009)
core   0: 0x80001b4c (0x0000bf75) c.j     pc - 68
core   0: 3 0x80001b4c (0xbf75)
core   0: 0x80001b08 (0x0040016f) jal     sp, pc + 0x4
core   0: 3 0x80001b08 (0x0040016f) x2  0x80001b0c
core   0: 0x80001b0c (0xff9ff0ef) jal     pc - 0x8
core   0: 3 0x80001b0c (0xff9ff0ef) x1  0x80001b10
core   0: 0x80001b04 (0x03600aef) jal     s5, pc + 0x36
core   0: 3 0x80001b04 (0x03600aef) x21 0x80001b08
core   0: 0x80001b3a (0x00e000ef) jal     pc + 0xe
core   0: 3 0x80001b3a (0x00e000ef) x1  0x80001b3e
core   0: 0x80001b48 (0x0000b7f1) c.j     pc - 52
core   0: 3 0x80001b48 (0xb7f1)
core   0: 0x80001b14 (0x000037fd) c.jal   pc - 18
core   0: 3 0x80001b14 (0x37fd) x1  0x80001b16
core   0: 0x80001b02 (0x0000a829) c.j     pc + 26
core   0: 3 0x80001b02 (0xa829)
core   0: 0x80001b1c (0x00a003ef) jal     t2, pc + 0xa
core   0: 3 0x80001b1c (0x00a003ef) x7  0x80001b20
core   0: 0x80001b26 (0x02c001ef) jal     gp, pc + 0x2c
core   0: 3 0x80001b26 (0x02c001ef) x3  0x80001b2a
core   0: 0x80001b52 (0x01c55193) srli    gp, a0, 28
core   0: 3 0x80001b52 (0x01c55193) x3  0x0000000f
core   0: 0x80001b56 (0x00018297) auipc   t0, 0x18
core   0: 3 0x80001b56 (0x00018297) x5  0x80019b56
core   0: 0x80001b5a (0xa1c28293) addi    t0, t0, -1508
core   0: 3 0x80001b5a (0xa1c28293) x5  0x80019572
core   0: 0x80001b5e (0x03429623) sh      s4, 44(t0)
core   0: 3 0x80001b5e (0x03429623) mem 0x8001959e 0x000a
core   0: 0x80001b62 (0x00000001) c.nop
core   0: 3 0x80001b62 (0x0001)
core   0: 0x80001b64 (0xe8b28203) lb      tp, -373(t0)
core   0: 3 0x80001b64 (0xe8b28203) x4  0xffffffb6 mem 0x800193fd
core   0: 0x80001b68 (0xe99285a3) sb      s9, -373(t0)
core   0: 3 0x80001b68 (0xe99285a3) mem 0x800193fd 0x0f
core   0: 0x80001b6c (0xe8b28783) lb      a5, -373(t0)
core   0: 3 0x80001b6c (0xe8b28783) x15 0x0000000f mem 0x800193fd
core   0: 0x80001b70 (0xfb22c383) lbu     t2, -78(t0)
core   0: 3 0x80001b70 (0xfb22c383) x7  0x000000df mem 0x80019524
core   0: 0x80001b74 (0xc9028b03) lb      s6, -880(t0)
core   0: 3 0x80001b74 (0xc9028b03) x22 0xffffffb9 mem 0x80019202
core   0: 0x80001b78 (0xc9028783) lb      a5, -880(t0)
core   0: 3 0x80001b78 (0xc9028783) x15 0xffffffb9 mem 0x80019202
core   0: 0x80001b7c (0x960285a3) sb      zero, -1685(t0)
core   0: 3 0x80001b7c (0x960285a3) mem 0x80018edd 0x00
core   0: 0x80001b80 (0x62a28fa3) sb      a0, 1599(t0)
core   0: 3 0x80001b80 (0x62a28fa3) mem 0x80019bb1 0x88
core   0: 0x80001b84 (0x63f2cb03) lbu     s6, 1599(t0)
core   0: 3 0x80001b84 (0x63f2cb03) x22 0x00000088 mem 0x80019bb1
core   0: 0x80001b88 (0x78d2ce83) lbu     t4, 1933(t0)
core   0: 3 0x80001b88 (0x78d2ce83) x29 0x000000b4 mem 0x80019cff
core   0: 0x80001b8c (0xb1528b03) lb      s6, -1259(t0)
core   0: 3 0x80001b8c (0xb1528b03) x22 0x0000003c mem 0x80019087
core   0: 0x80001b90 (0xb1528a03) lb      s4, -1259(t0)
core   0: 3 0x80001b90 (0xb1528a03) x20 0x0000003c mem 0x80019087
core   0: 0x80001b94 (0xb152cf03) lbu     t5, -1259(t0)
core   0: 3 0x80001b94 (0xb152cf03) x30 0x0000003c mem 0x80019087
core   0: 0x80001b98 (0x63829523) sh      s8, 1578(t0)
core   0: 3 0x80001b98 (0x63829523) mem 0x80019b9c 0x00e2
core   0: 0x80001b9c (0x00004419) c.li    s0, 6
core   0: 3 0x80001b9c (0x4419) x8  0x00000006
core   0: 0x80001b9e (0x02fb7133) remu    sp, s6, a5
core   0: 3 0x80001b9e (0x02fb7133) x2  0x0000003c
core   0: 0x80001ba2 (0x0000473d) c.li    a4, 15
core   0: 3 0x80001ba2 (0x473d) x14 0x0000000f
core   0: 0x80001ba4 (0x004aef33) or      t5, s5, tp
core   0: 3 0x80001ba4 (0x004aef33) x30 0xffffffbe
core   0: 0x80001ba8 (0x00000405) c.addi  s0, 1
core   0: 3 0x80001ba8 (0x0405) x8  0x00000007
core   0: 0x80001baa (0x00004c0d) c.li    s8, 3
core   0: 3 0x80001baa (0x4c0d) x24 0x00000003
core   0: 0x80001bac (0x000087b5) c.srai  a5, 13
core   0: 3 0x80001bac (0x87b5) x15 0xffffffff
core   0: 0x80001bae (0x00004e39) c.li    t3, 14
core   0: 3 0x80001bae (0x4e39) x28 0x0000000e
core   0: 0x80001bb0 (0x00422db3) slt     s11, tp, tp
core   0: 3 0x80001bb0 (0x00422db3) x27 0x00000000
core   0: 0x80001bb4 (0x02789b33) mulh    s6, a7, t2
core   0: 3 0x80001bb4 (0x02789b33) x22 0x00000000
core   0: 0x80001bb8 (0x00008ce1) c.and   s1, s0
core   0: 3 0x80001bb8 (0x8ce1) x9  0x00000004
core   0: 0x80001bba (0x000098fd) c.andi  s1, -1
core   0: 3 0x80001bba (0x98fd) x9  0x00000004
core   0: 0x80001bbc (0x00000c11) c.addi  s8, 4
core   0: 3 0x80001bbc (0x0c11) x24 0x00000007
core   0: 0x80001bbe (0x4029d133) sra     sp, s3, sp
core   0: 3 0x80001bbe (0x4029d133) x2  0x00000000
core   0: 0x80001bc2 (0x0062a1b3) slt     gp, t0, t1
core   0: 3 0x80001bc2 (0x0062a1b3) x3  0x00000001
core   0: 0x80001bc6 (0x016944b3) xor     s1, s2, s6
core   0: 3 0x80001bc6 (0x016944b3) x9  0xffffffff
core   0: 0x80001bca (0xffcc48e3) blt     s8, t3, pc - 16
core   0: 3 0x80001bca (0xffcc48e3)
core   0: 0x80001bba (0x000098fd) c.andi  s1, -1
core   0: 3 0x80001bba (0x98fd) x9  0xffffffff
core   0: 0x80001bbc (0x00000c11) c.addi  s8, 4
core   0: 3 0x80001bbc (0x0c11) x24 0x0000000b
core   0: 0x80001bbe (0x4029d133) sra     sp, s3, sp
core   0: 3 0x80001bbe (0x4029d133) x2  0x00000001
core   0: 0x80001bc2 (0x0062a1b3) slt     gp, t0, t1
core   0: 3 0x80001bc2 (0x0062a1b3) x3  0x00000001
core   0: 0x80001bc6 (0x016944b3) xor     s1, s2, s6
core   0: 3 0x80001bc6 (0x016944b3) x9  0xffffffff
core   0: 0x80001bca (0xffcc48e3) blt     s8, t3, pc - 16
core   0: 3 0x80001bca (0xffcc48e3)
core   0: 0x80001bba (0x000098fd) c.andi  s1, -1
core   0: 3 0x80001bba (0x98fd) x9  0xffffffff
core   0: 0x80001bbc (0x00000c11) c.addi  s8, 4
core   0: 3 0x80001bbc (0x0c11) x24 0x0000000f
core   0: 0x80001bbe (0x4029d133) sra     sp, s3, sp
core   0: 3 0x80001bbe (0x4029d133) x2  0x00000000
core   0: 0x80001bc2 (0x0062a1b3) slt     gp, t0, t1
core   0: 3 0x80001bc2 (0x0062a1b3) x3  0x00000001
core   0: 0x80001bc6 (0x016944b3) xor     s1, s2, s6
core   0: 3 0x80001bc6 (0x016944b3) x9  0xffffffff
core   0: 0x80001bca (0xffcc48e3) blt     s8, t3, pc - 16
core   0: 3 0x80001bca (0xffcc48e3)
core   0: 0x80001bce (0x0901ad37) lui     s10, 0x901a
core   0: 3 0x80001bce (0x0901ad37) x26 0x0901a000
core   0: 0x80001bd2 (0xfce469e3) bltu    s0, a4, pc - 46
core   0: 3 0x80001bd2 (0xfce469e3)
core   0: 0x80001ba4 (0x004aef33) or      t5, s5, tp
core   0: 3 0x80001ba4 (0x004aef33) x30 0xffffffbe
core   0: 0x80001ba8 (0x00000405) c.addi  s0, 1
core   0: 3 0x80001ba8 (0x0405) x8  0x00000008
core   0: 0x80001baa (0x00004c0d) c.li    s8, 3
core   0: 3 0x80001baa (0x4c0d) x24 0x00000003
core   0: 0x80001bac (0x000087b5) c.srai  a5, 13
core   0: 3 0x80001bac (0x87b5) x15 0xffffffff
core   0: 0x80001bae (0x00004e39) c.li    t3, 14
core   0: 3 0x80001bae (0x4e39) x28 0x0000000e
core   0: 0x80001bb0 (0x00422db3) slt     s11, tp, tp
core   0: 3 0x80001bb0 (0x00422db3) x27 0x00000000
core   0: 0x80001bb4 (0x02789b33) mulh    s6, a7, t2
core   0: 3 0x80001bb4 (0x02789b33) x22 0x00000000
core   0: 0x80001bb8 (0x00008ce1) c.and   s1, s0
core   0: 3 0x80001bb8 (0x8ce1) x9  0x00000008
core   0: 0x80001bba (0x000098fd) c.andi  s1, -1
core   0: 3 0x80001bba (0x98fd) x9  0x00000008
core   0: 0x80001bbc (0x00000c11) c.addi  s8, 4
core   0: 3 0x80001bbc (0x0c11) x24 0x00000007
core   0: 0x80001bbe (0x4029d133) sra     sp, s3, sp
core   0: 3 0x80001bbe (0x4029d133) x2  0x00000001
core   0: 0x80001bc2 (0x0062a1b3) slt     gp, t0, t1
core   0: 3 0x80001bc2 (0x0062a1b3) x3  0x00000001
core   0: 0x80001bc6 (0x016944b3) xor     s1, s2, s6
core   0: 3 0x80001bc6 (0x016944b3) x9  0xffffffff
core   0: 0x80001bca (0xffcc48e3) blt     s8, t3, pc - 16
core   0: 3 0x80001bca (0xffcc48e3)
core   0: 0x80001bba (0x000098fd) c.andi  s1, -1
core   0: 3 0x80001bba (0x98fd) x9  0xffffffff
core   0: 0x80001bbc (0x00000c11) c.addi  s8, 4
core   0: 3 0x80001bbc (0x0c11) x24 0x0000000b
core   0: 0x80001bbe (0x4029d133) sra     sp, s3, sp
core   0: 3 0x80001bbe (0x4029d133) x2  0x00000000
core   0: 0x80001bc2 (0x0062a1b3) slt     gp, t0, t1
core   0: 3 0x80001bc2 (0x0062a1b3) x3  0x00000001
core   0: 0x80001bc6 (0x016944b3) xor     s1, s2, s6
core   0: 3 0x80001bc6 (0x016944b3) x9  0xffffffff
core   0: 0x80001bca (0xffcc48e3) blt     s8, t3, pc - 16
core   0: 3 0x80001bca (0xffcc48e3)
core   0: 0x80001bba (0x000098fd) c.andi  s1, -1
core   0: 3 0x80001bba (0x98fd) x9  0xffffffff
core   0: 0x80001bbc (0x00000c11) c.addi  s8, 4
core   0: 3 0x80001bbc (0x0c11) x24 0x0000000f
core   0: 0x80001bbe (0x4029d133) sra     sp, s3, sp
core   0: 3 0x80001bbe (0x4029d133) x2  0x00000001
core   0: 0x80001bc2 (0x0062a1b3) slt     gp, t0, t1
core   0: 3 0x80001bc2 (0x0062a1b3) x3  0x00000001
core   0: 0x80001bc6 (0x016944b3) xor     s1, s2, s6
core   0: 3 0x80001bc6 (0x016944b3) x9  0xffffffff
core   0: 0x80001bca (0xffcc48e3) blt     s8, t3, pc - 16
core   0: 3 0x80001bca (0xffcc48e3)
core   0: 0x80001bce (0x0901ad37) lui     s10, 0x901a
core   0: 3 0x80001bce (0x0901ad37) x26 0x0901a000
core   0: 0x80001bd2 (0xfce469e3) bltu    s0, a4, pc - 46
core   0: 3 0x80001bd2 (0xfce469e3)
core   0: 0x80001ba4 (0x004aef33) or      t5, s5, tp
core   0: 3 0x80001ba4 (0x004aef33) x30 0xffffffbe
core   0: 0x80001ba8 (0x00000405) c.addi  s0, 1
core   0: 3 0x80001ba8 (0x0405) x8  0x00000009
core   0: 0x80001baa (0x00004c0d) c.li    s8, 3
core   0: 3 0x80001baa (0x4c0d) x24 0x00000003
core   0: 0x80001bac (0x000087b5) c.srai  a5, 13
core   0: 3 0x80001bac (0x87b5) x15 0xffffffff
core   0: 0x80001bae (0x00004e39) c.li    t3, 14
core   0: 3 0x80001bae (0x4e39) x28 0x0000000e
core   0: 0x80001bb0 (0x00422db3) slt     s11, tp, tp
core   0: 3 0x80001bb0 (0x00422db3) x27 0x00000000
core   0: 0x80001bb4 (0x02789b33) mulh    s6, a7, t2
core   0: 3 0x80001bb4 (0x02789b33) x22 0x00000000
core   0: 0x80001bb8 (0x00008ce1) c.and   s1, s0
core   0: 3 0x80001bb8 (0x8ce1) x9  0x00000009
core   0: 0x80001bba (0x000098fd) c.andi  s1, -1
core   0: 3 0x80001bba (0x98fd) x9  0x00000009
core   0: 0x80001bbc (0x00000c11) c.addi  s8, 4
core   0: 3 0x80001bbc (0x0c11) x24 0x00000007
core   0: 0x80001bbe (0x4029d133) sra     sp, s3, sp
core   0: 3 0x80001bbe (0x4029d133) x2  0x00000000
core   0: 0x80001bc2 (0x0062a1b3) slt     gp, t0, t1
core   0: 3 0x80001bc2 (0x0062a1b3) x3  0x00000001
core   0: 0x80001bc6 (0x016944b3) xor     s1, s2, s6
core   0: 3 0x80001bc6 (0x016944b3) x9  0xffffffff
core   0: 0x80001bca (0xffcc48e3) blt     s8, t3, pc - 16
core   0: 3 0x80001bca (0xffcc48e3)
core   0: 0x80001bba (0x000098fd) c.andi  s1, -1
core   0: 3 0x80001bba (0x98fd) x9  0xffffffff
core   0: 0x80001bbc (0x00000c11) c.addi  s8, 4
core   0: 3 0x80001bbc (0x0c11) x24 0x0000000b
core   0: 0x80001bbe (0x4029d133) sra     sp, s3, sp
core   0: 3 0x80001bbe (0x4029d133) x2  0x00000001
core   0: 0x80001bc2 (0x0062a1b3) slt     gp, t0, t1
core   0: 3 0x80001bc2 (0x0062a1b3) x3  0x00000001
core   0: 0x80001bc6 (0x016944b3) xor     s1, s2, s6
core   0: 3 0x80001bc6 (0x016944b3) x9  0xffffffff
core   0: 0x80001bca (0xffcc48e3) blt     s8, t3, pc - 16
core   0: 3 0x80001bca (0xffcc48e3)
core   0: 0x80001bba (0x000098fd) c.andi  s1, -1
core   0: 3 0x80001bba (0x98fd) x9  0xffffffff
core   0: 0x80001bbc (0x00000c11) c.addi  s8, 4
core   0: 3 0x80001bbc (0x0c11) x24 0x0000000f
core   0: 0x80001bbe (0x4029d133) sra     sp, s3, sp
core   0: 3 0x80001bbe (0x4029d133) x2  0x00000000
core   0: 0x80001bc2 (0x0062a1b3) slt     gp, t0, t1
core   0: 3 0x80001bc2 (0x0062a1b3) x3  0x00000001
core   0: 0x80001bc6 (0x016944b3) xor     s1, s2, s6
core   0: 3 0x80001bc6 (0x016944b3) x9  0xffffffff
core   0: 0x80001bca (0xffcc48e3) blt     s8, t3, pc - 16
core   0: 3 0x80001bca (0xffcc48e3)
core   0: 0x80001bce (0x0901ad37) lui     s10, 0x901a
core   0: 3 0x80001bce (0x0901ad37) x26 0x0901a000
core   0: 0x80001bd2 (0xfce469e3) bltu    s0, a4, pc - 46
core   0: 3 0x80001bd2 (0xfce469e3)
core   0: 0x80001ba4 (0x004aef33) or      t5, s5, tp
core   0: 3 0x80001ba4 (0x004aef33) x30 0xffffffbe
core   0: 0x80001ba8 (0x00000405) c.addi  s0, 1
core   0: 3 0x80001ba8 (0x0405) x8  0x0000000a
core   0: 0x80001baa (0x00004c0d) c.li    s8, 3
core   0: 3 0x80001baa (0x4c0d) x24 0x00000003
core   0: 0x80001bac (0x000087b5) c.srai  a5, 13
core   0: 3 0x80001bac (0x87b5) x15 0xffffffff
core   0: 0x80001bae (0x00004e39) c.li    t3, 14
core   0: 3 0x80001bae (0x4e39) x28 0x0000000e
core   0: 0x80001bb0 (0x00422db3) slt     s11, tp, tp
core   0: 3 0x80001bb0 (0x00422db3) x27 0x00000000
core   0: 0x80001bb4 (0x02789b33) mulh    s6, a7, t2
core   0: 3 0x80001bb4 (0x02789b33) x22 0x00000000
core   0: 0x80001bb8 (0x00008ce1) c.and   s1, s0
core   0: 3 0x80001bb8 (0x8ce1) x9  0x0000000a
core   0: 0x80001bba (0x000098fd) c.andi  s1, -1
core   0: 3 0x80001bba (0x98fd) x9  0x0000000a
core   0: 0x80001bbc (0x00000c11) c.addi  s8, 4
core   0: 3 0x80001bbc (0x0c11) x24 0x00000007
core   0: 0x80001bbe (0x4029d133) sra     sp, s3, sp
core   0: 3 0x80001bbe (0x4029d133) x2  0x00000001
core   0: 0x80001bc2 (0x0062a1b3) slt     gp, t0, t1
core   0: 3 0x80001bc2 (0x0062a1b3) x3  0x00000001
core   0: 0x80001bc6 (0x016944b3) xor     s1, s2, s6
core   0: 3 0x80001bc6 (0x016944b3) x9  0xffffffff
core   0: 0x80001bca (0xffcc48e3) blt     s8, t3, pc - 16
core   0: 3 0x80001bca (0xffcc48e3)
core   0: 0x80001bba (0x000098fd) c.andi  s1, -1
core   0: 3 0x80001bba (0x98fd) x9  0xffffffff
core   0: 0x80001bbc (0x00000c11) c.addi  s8, 4
core   0: 3 0x80001bbc (0x0c11) x24 0x0000000b
core   0: 0x80001bbe (0x4029d133) sra     sp, s3, sp
core   0: 3 0x80001bbe (0x4029d133) x2  0x00000000
core   0: 0x80001bc2 (0x0062a1b3) slt     gp, t0, t1
core   0: 3 0x80001bc2 (0x0062a1b3) x3  0x00000001
core   0: 0x80001bc6 (0x016944b3) xor     s1, s2, s6
core   0: 3 0x80001bc6 (0x016944b3) x9  0xffffffff
core   0: 0x80001bca (0xffcc48e3) blt     s8, t3, pc - 16
core   0: 3 0x80001bca (0xffcc48e3)
core   0: 0x80001bba (0x000098fd) c.andi  s1, -1
core   0: 3 0x80001bba (0x98fd) x9  0xffffffff
core   0: 0x80001bbc (0x00000c11) c.addi  s8, 4
core   0: 3 0x80001bbc (0x0c11) x24 0x0000000f
core   0: 0x80001bbe (0x4029d133) sra     sp, s3, sp
core   0: 3 0x80001bbe (0x4029d133) x2  0x00000001
core   0: 0x80001bc2 (0x0062a1b3) slt     gp, t0, t1
core   0: 3 0x80001bc2 (0x0062a1b3) x3  0x00000001
core   0: 0x80001bc6 (0x016944b3) xor     s1, s2, s6
core   0: 3 0x80001bc6 (0x016944b3) x9  0xffffffff
core   0: 0x80001bca (0xffcc48e3) blt     s8, t3, pc - 16
core   0: 3 0x80001bca (0xffcc48e3)
core   0: 0x80001bce (0x0901ad37) lui     s10, 0x901a
core   0: 3 0x80001bce (0x0901ad37) x26 0x0901a000
core   0: 0x80001bd2 (0xfce469e3) bltu    s0, a4, pc - 46
core   0: 3 0x80001bd2 (0xfce469e3)
core   0: 0x80001ba4 (0x004aef33) or      t5, s5, tp
core   0: 3 0x80001ba4 (0x004aef33) x30 0xffffffbe
core   0: 0x80001ba8 (0x00000405) c.addi  s0, 1
core   0: 3 0x80001ba8 (0x0405) x8  0x0000000b
core   0: 0x80001baa (0x00004c0d) c.li    s8, 3
core   0: 3 0x80001baa (0x4c0d) x24 0x00000003
core   0: 0x80001bac (0x000087b5) c.srai  a5, 13
core   0: 3 0x80001bac (0x87b5) x15 0xffffffff
core   0: 0x80001bae (0x00004e39) c.li    t3, 14
core   0: 3 0x80001bae (0x4e39) x28 0x0000000e
core   0: 0x80001bb0 (0x00422db3) slt     s11, tp, tp
core   0: 3 0x80001bb0 (0x00422db3) x27 0x00000000
core   0: 0x80001bb4 (0x02789b33) mulh    s6, a7, t2
core   0: 3 0x80001bb4 (0x02789b33) x22 0x00000000
core   0: 0x80001bb8 (0x00008ce1) c.and   s1, s0
core   0: 3 0x80001bb8 (0x8ce1) x9  0x0000000b
core   0: 0x80001bba (0x000098fd) c.andi  s1, -1
core   0: 3 0x80001bba (0x98fd) x9  0x0000000b
core   0: 0x80001bbc (0x00000c11) c.addi  s8, 4
core   0: 3 0x80001bbc (0x0c11) x24 0x00000007
core   0: 0x80001bbe (0x4029d133) sra     sp, s3, sp
core   0: 3 0x80001bbe (0x4029d133) x2  0x00000000
core   0: 0x80001bc2 (0x0062a1b3) slt     gp, t0, t1
core   0: 3 0x80001bc2 (0x0062a1b3) x3  0x00000001
core   0: 0x80001bc6 (0x016944b3) xor     s1, s2, s6
core   0: 3 0x80001bc6 (0x016944b3) x9  0xffffffff
core   0: 0x80001bca (0xffcc48e3) blt     s8, t3, pc - 16
core   0: 3 0x80001bca (0xffcc48e3)
core   0: 0x80001bba (0x000098fd) c.andi  s1, -1
core   0: 3 0x80001bba (0x98fd) x9  0xffffffff
core   0: 0x80001bbc (0x00000c11) c.addi  s8, 4
core   0: 3 0x80001bbc (0x0c11) x24 0x0000000b
core   0: 0x80001bbe (0x4029d133) sra     sp, s3, sp
core   0: 3 0x80001bbe (0x4029d133) x2  0x00000001
core   0: 0x80001bc2 (0x0062a1b3) slt     gp, t0, t1
core   0: 3 0x80001bc2 (0x0062a1b3) x3  0x00000001
core   0: 0x80001bc6 (0x016944b3) xor     s1, s2, s6
core   0: 3 0x80001bc6 (0x016944b3) x9  0xffffffff
core   0: 0x80001bca (0xffcc48e3) blt     s8, t3, pc - 16
core   0: 3 0x80001bca (0xffcc48e3)
core   0: 0x80001bba (0x000098fd) c.andi  s1, -1
core   0: 3 0x80001bba (0x98fd) x9  0xffffffff
core   0: 0x80001bbc (0x00000c11) c.addi  s8, 4
core   0: 3 0x80001bbc (0x0c11) x24 0x0000000f
core   0: 0x80001bbe (0x4029d133) sra     sp, s3, sp
core   0: 3 0x80001bbe (0x4029d133) x2  0x00000000
core   0: 0x80001bc2 (0x0062a1b3) slt     gp, t0, t1
core   0: 3 0x80001bc2 (0x0062a1b3) x3  0x00000001
core   0: 0x80001bc6 (0x016944b3) xor     s1, s2, s6
core   0: 3 0x80001bc6 (0x016944b3) x9  0xffffffff
core   0: 0x80001bca (0xffcc48e3) blt     s8, t3, pc - 16
core   0: 3 0x80001bca (0xffcc48e3)
core   0: 0x80001bce (0x0901ad37) lui     s10, 0x901a
core   0: 3 0x80001bce (0x0901ad37) x26 0x0901a000
core   0: 0x80001bd2 (0xfce469e3) bltu    s0, a4, pc - 46
core   0: 3 0x80001bd2 (0xfce469e3)
core   0: 0x80001ba4 (0x004aef33) or      t5, s5, tp
core   0: 3 0x80001ba4 (0x004aef33) x30 0xffffffbe
core   0: 0x80001ba8 (0x00000405) c.addi  s0, 1
core   0: 3 0x80001ba8 (0x0405) x8  0x0000000c
core   0: 0x80001baa (0x00004c0d) c.li    s8, 3
core   0: 3 0x80001baa (0x4c0d) x24 0x00000003
core   0: 0x80001bac (0x000087b5) c.srai  a5, 13
core   0: 3 0x80001bac (0x87b5) x15 0xffffffff
core   0: 0x80001bae (0x00004e39) c.li    t3, 14
core   0: 3 0x80001bae (0x4e39) x28 0x0000000e
core   0: 0x80001bb0 (0x00422db3) slt     s11, tp, tp
core   0: 3 0x80001bb0 (0x00422db3) x27 0x00000000
core   0: 0x80001bb4 (0x02789b33) mulh    s6, a7, t2
core   0: 3 0x80001bb4 (0x02789b33) x22 0x00000000
core   0: 0x80001bb8 (0x00008ce1) c.and   s1, s0
core   0: 3 0x80001bb8 (0x8ce1) x9  0x0000000c
core   0: 0x80001bba (0x000098fd) c.andi  s1, -1
core   0: 3 0x80001bba (0x98fd) x9  0x0000000c
core   0: 0x80001bbc (0x00000c11) c.addi  s8, 4
core   0: 3 0x80001bbc (0x0c11) x24 0x00000007
core   0: 0x80001bbe (0x4029d133) sra     sp, s3, sp
core   0: 3 0x80001bbe (0x4029d133) x2  0x00000001
core   0: 0x80001bc2 (0x0062a1b3) slt     gp, t0, t1
core   0: 3 0x80001bc2 (0x0062a1b3) x3  0x00000001
core   0: 0x80001bc6 (0x016944b3) xor     s1, s2, s6
core   0: 3 0x80001bc6 (0x016944b3) x9  0xffffffff
core   0: 0x80001bca (0xffcc48e3) blt     s8, t3, pc - 16
core   0: 3 0x80001bca (0xffcc48e3)
core   0: 0x80001bba (0x000098fd) c.andi  s1, -1
core   0: 3 0x80001bba (0x98fd) x9  0xffffffff
core   0: 0x80001bbc (0x00000c11) c.addi  s8, 4
core   0: 3 0x80001bbc (0x0c11) x24 0x0000000b
core   0: 0x80001bbe (0x4029d133) sra     sp, s3, sp
core   0: 3 0x80001bbe (0x4029d133) x2  0x00000000
core   0: 0x80001bc2 (0x0062a1b3) slt     gp, t0, t1
core   0: 3 0x80001bc2 (0x0062a1b3) x3  0x00000001
core   0: 0x80001bc6 (0x016944b3) xor     s1, s2, s6
core   0: 3 0x80001bc6 (0x016944b3) x9  0xffffffff
core   0: 0x80001bca (0xffcc48e3) blt     s8, t3, pc - 16
core   0: 3 0x80001bca (0xffcc48e3)
core   0: 0x80001bba (0x000098fd) c.andi  s1, -1
core   0: 3 0x80001bba (0x98fd) x9  0xffffffff
core   0: 0x80001bbc (0x00000c11) c.addi  s8, 4
core   0: 3 0x80001bbc (0x0c11) x24 0x0000000f
core   0: 0x80001bbe (0x4029d133) sra     sp, s3, sp
core   0: 3 0x80001bbe (0x4029d133) x2  0x00000001
core   0: 0x80001bc2 (0x0062a1b3) slt     gp, t0, t1
core   0: 3 0x80001bc2 (0x0062a1b3) x3  0x00000001
core   0: 0x80001bc6 (0x016944b3) xor     s1, s2, s6
core   0: 3 0x80001bc6 (0x016944b3) x9  0xffffffff
core   0: 0x80001bca (0xffcc48e3) blt     s8, t3, pc - 16
core   0: 3 0x80001bca (0xffcc48e3)
core   0: 0x80001bce (0x0901ad37) lui     s10, 0x901a
core   0: 3 0x80001bce (0x0901ad37) x26 0x0901a000
core   0: 0x80001bd2 (0xfce469e3) bltu    s0, a4, pc - 46
core   0: 3 0x80001bd2 (0xfce469e3)
core   0: 0x80001ba4 (0x004aef33) or      t5, s5, tp
core   0: 3 0x80001ba4 (0x004aef33) x30 0xffffffbe
core   0: 0x80001ba8 (0x00000405) c.addi  s0, 1
core   0: 3 0x80001ba8 (0x0405) x8  0x0000000d
core   0: 0x80001baa (0x00004c0d) c.li    s8, 3
core   0: 3 0x80001baa (0x4c0d) x24 0x00000003
core   0: 0x80001bac (0x000087b5) c.srai  a5, 13
core   0: 3 0x80001bac (0x87b5) x15 0xffffffff
core   0: 0x80001bae (0x00004e39) c.li    t3, 14
core   0: 3 0x80001bae (0x4e39) x28 0x0000000e
core   0: 0x80001bb0 (0x00422db3) slt     s11, tp, tp
core   0: 3 0x80001bb0 (0x00422db3) x27 0x00000000
core   0: 0x80001bb4 (0x02789b33) mulh    s6, a7, t2
core   0: 3 0x80001bb4 (0x02789b33) x22 0x00000000
core   0: 0x80001bb8 (0x00008ce1) c.and   s1, s0
core   0: 3 0x80001bb8 (0x8ce1) x9  0x0000000d
core   0: 0x80001bba (0x000098fd) c.andi  s1, -1
core   0: 3 0x80001bba (0x98fd) x9  0x0000000d
core   0: 0x80001bbc (0x00000c11) c.addi  s8, 4
core   0: 3 0x80001bbc (0x0c11) x24 0x00000007
core   0: 0x80001bbe (0x4029d133) sra     sp, s3, sp
core   0: 3 0x80001bbe (0x4029d133) x2  0x00000000
core   0: 0x80001bc2 (0x0062a1b3) slt     gp, t0, t1
core   0: 3 0x80001bc2 (0x0062a1b3) x3  0x00000001
core   0: 0x80001bc6 (0x016944b3) xor     s1, s2, s6
core   0: 3 0x80001bc6 (0x016944b3) x9  0xffffffff
core   0: 0x80001bca (0xffcc48e3) blt     s8, t3, pc - 16
core   0: 3 0x80001bca (0xffcc48e3)
core   0: 0x80001bba (0x000098fd) c.andi  s1, -1
core   0: 3 0x80001bba (0x98fd) x9  0xffffffff
core   0: 0x80001bbc (0x00000c11) c.addi  s8, 4
core   0: 3 0x80001bbc (0x0c11) x24 0x0000000b
core   0: 0x80001bbe (0x4029d133) sra     sp, s3, sp
core   0: 3 0x80001bbe (0x4029d133) x2  0x00000001
core   0: 0x80001bc2 (0x0062a1b3) slt     gp, t0, t1
core   0: 3 0x80001bc2 (0x0062a1b3) x3  0x00000001
core   0: 0x80001bc6 (0x016944b3) xor     s1, s2, s6
core   0: 3 0x80001bc6 (0x016944b3) x9  0xffffffff
core   0: 0x80001bca (0xffcc48e3) blt     s8, t3, pc - 16
core   0: 3 0x80001bca (0xffcc48e3)
core   0: 0x80001bba (0x000098fd) c.andi  s1, -1
core   0: 3 0x80001bba (0x98fd) x9  0xffffffff
core   0: 0x80001bbc (0x00000c11) c.addi  s8, 4
core   0: 3 0x80001bbc (0x0c11) x24 0x0000000f
core   0: 0x80001bbe (0x4029d133) sra     sp, s3, sp
core   0: 3 0x80001bbe (0x4029d133) x2  0x00000000
core   0: 0x80001bc2 (0x0062a1b3) slt     gp, t0, t1
core   0: 3 0x80001bc2 (0x0062a1b3) x3  0x00000001
core   0: 0x80001bc6 (0x016944b3) xor     s1, s2, s6
core   0: 3 0x80001bc6 (0x016944b3) x9  0xffffffff
core   0: 0x80001bca (0xffcc48e3) blt     s8, t3, pc - 16
core   0: 3 0x80001bca (0xffcc48e3)
core   0: 0x80001bce (0x0901ad37) lui     s10, 0x901a
core   0: 3 0x80001bce (0x0901ad37) x26 0x0901a000
core   0: 0x80001bd2 (0xfce469e3) bltu    s0, a4, pc - 46
core   0: 3 0x80001bd2 (0xfce469e3)
core   0: 0x80001ba4 (0x004aef33) or      t5, s5, tp
core   0: 3 0x80001ba4 (0x004aef33) x30 0xffffffbe
core   0: 0x80001ba8 (0x00000405) c.addi  s0, 1
core   0: 3 0x80001ba8 (0x0405) x8  0x0000000e
core   0: 0x80001baa (0x00004c0d) c.li    s8, 3
core   0: 3 0x80001baa (0x4c0d) x24 0x00000003
core   0: 0x80001bac (0x000087b5) c.srai  a5, 13
core   0: 3 0x80001bac (0x87b5) x15 0xffffffff
core   0: 0x80001bae (0x00004e39) c.li    t3, 14
core   0: 3 0x80001bae (0x4e39) x28 0x0000000e
core   0: 0x80001bb0 (0x00422db3) slt     s11, tp, tp
core   0: 3 0x80001bb0 (0x00422db3) x27 0x00000000
core   0: 0x80001bb4 (0x02789b33) mulh    s6, a7, t2
core   0: 3 0x80001bb4 (0x02789b33) x22 0x00000000
core   0: 0x80001bb8 (0x00008ce1) c.and   s1, s0
core   0: 3 0x80001bb8 (0x8ce1) x9  0x0000000e
core   0: 0x80001bba (0x000098fd) c.andi  s1, -1
core   0: 3 0x80001bba (0x98fd) x9  0x0000000e
core   0: 0x80001bbc (0x00000c11) c.addi  s8, 4
core   0: 3 0x80001bbc (0x0c11) x24 0x00000007
core   0: 0x80001bbe (0x4029d133) sra     sp, s3, sp
core   0: 3 0x80001bbe (0x4029d133) x2  0x00000001
core   0: 0x80001bc2 (0x0062a1b3) slt     gp, t0, t1
core   0: 3 0x80001bc2 (0x0062a1b3) x3  0x00000001
core   0: 0x80001bc6 (0x016944b3) xor     s1, s2, s6
core   0: 3 0x80001bc6 (0x016944b3) x9  0xffffffff
core   0: 0x80001bca (0xffcc48e3) blt     s8, t3, pc - 16
core   0: 3 0x80001bca (0xffcc48e3)
core   0: 0x80001bba (0x000098fd) c.andi  s1, -1
core   0: 3 0x80001bba (0x98fd) x9  0xffffffff
core   0: 0x80001bbc (0x00000c11) c.addi  s8, 4
core   0: 3 0x80001bbc (0x0c11) x24 0x0000000b
core   0: 0x80001bbe (0x4029d133) sra     sp, s3, sp
core   0: 3 0x80001bbe (0x4029d133) x2  0x00000000
core   0: 0x80001bc2 (0x0062a1b3) slt     gp, t0, t1
core   0: 3 0x80001bc2 (0x0062a1b3) x3  0x00000001
core   0: 0x80001bc6 (0x016944b3) xor     s1, s2, s6
core   0: 3 0x80001bc6 (0x016944b3) x9  0xffffffff
core   0: 0x80001bca (0xffcc48e3) blt     s8, t3, pc - 16
core   0: 3 0x80001bca (0xffcc48e3)
core   0: 0x80001bba (0x000098fd) c.andi  s1, -1
core   0: 3 0x80001bba (0x98fd) x9  0xffffffff
core   0: 0x80001bbc (0x00000c11) c.addi  s8, 4
core   0: 3 0x80001bbc (0x0c11) x24 0x0000000f
core   0: 0x80001bbe (0x4029d133) sra     sp, s3, sp
core   0: 3 0x80001bbe (0x4029d133) x2  0x00000001
core   0: 0x80001bc2 (0x0062a1b3) slt     gp, t0, t1
core   0: 3 0x80001bc2 (0x0062a1b3) x3  0x00000001
core   0: 0x80001bc6 (0x016944b3) xor     s1, s2, s6
core   0: 3 0x80001bc6 (0x016944b3) x9  0xffffffff
core   0: 0x80001bca (0xffcc48e3) blt     s8, t3, pc - 16
core   0: 3 0x80001bca (0xffcc48e3)
core   0: 0x80001bce (0x0901ad37) lui     s10, 0x901a
core   0: 3 0x80001bce (0x0901ad37) x26 0x0901a000
core   0: 0x80001bd2 (0xfce469e3) bltu    s0, a4, pc - 46
core   0: 3 0x80001bd2 (0xfce469e3)
core   0: 0x80001ba4 (0x004aef33) or      t5, s5, tp
core   0: 3 0x80001ba4 (0x004aef33) x30 0xffffffbe
core   0: 0x80001ba8 (0x00000405) c.addi  s0, 1
core   0: 3 0x80001ba8 (0x0405) x8  0x0000000f
core   0: 0x80001baa (0x00004c0d) c.li    s8, 3
core   0: 3 0x80001baa (0x4c0d) x24 0x00000003
core   0: 0x80001bac (0x000087b5) c.srai  a5, 13
core   0: 3 0x80001bac (0x87b5) x15 0xffffffff
core   0: 0x80001bae (0x00004e39) c.li    t3, 14
core   0: 3 0x80001bae (0x4e39) x28 0x0000000e
core   0: 0x80001bb0 (0x00422db3) slt     s11, tp, tp
core   0: 3 0x80001bb0 (0x00422db3) x27 0x00000000
core   0: 0x80001bb4 (0x02789b33) mulh    s6, a7, t2
core   0: 3 0x80001bb4 (0x02789b33) x22 0x00000000
core   0: 0x80001bb8 (0x00008ce1) c.and   s1, s0
core   0: 3 0x80001bb8 (0x8ce1) x9  0x0000000f
core   0: 0x80001bba (0x000098fd) c.andi  s1, -1
core   0: 3 0x80001bba (0x98fd) x9  0x0000000f
core   0: 0x80001bbc (0x00000c11) c.addi  s8, 4
core   0: 3 0x80001bbc (0x0c11) x24 0x00000007
core   0: 0x80001bbe (0x4029d133) sra     sp, s3, sp
core   0: 3 0x80001bbe (0x4029d133) x2  0x00000000
core   0: 0x80001bc2 (0x0062a1b3) slt     gp, t0, t1
core   0: 3 0x80001bc2 (0x0062a1b3) x3  0x00000001
core   0: 0x80001bc6 (0x016944b3) xor     s1, s2, s6
core   0: 3 0x80001bc6 (0x016944b3) x9  0xffffffff
core   0: 0x80001bca (0xffcc48e3) blt     s8, t3, pc - 16
core   0: 3 0x80001bca (0xffcc48e3)
core   0: 0x80001bba (0x000098fd) c.andi  s1, -1
core   0: 3 0x80001bba (0x98fd) x9  0xffffffff
core   0: 0x80001bbc (0x00000c11) c.addi  s8, 4
core   0: 3 0x80001bbc (0x0c11) x24 0x0000000b
core   0: 0x80001bbe (0x4029d133) sra     sp, s3, sp
core   0: 3 0x80001bbe (0x4029d133) x2  0x00000001
core   0: 0x80001bc2 (0x0062a1b3) slt     gp, t0, t1
core   0: 3 0x80001bc2 (0x0062a1b3) x3  0x00000001
core   0: 0x80001bc6 (0x016944b3) xor     s1, s2, s6
core   0: 3 0x80001bc6 (0x016944b3) x9  0xffffffff
core   0: 0x80001bca (0xffcc48e3) blt     s8, t3, pc - 16
core   0: 3 0x80001bca (0xffcc48e3)
core   0: 0x80001bba (0x000098fd) c.andi  s1, -1
core   0: 3 0x80001bba (0x98fd) x9  0xffffffff
core   0: 0x80001bbc (0x00000c11) c.addi  s8, 4
core   0: 3 0x80001bbc (0x0c11) x24 0x0000000f
core   0: 0x80001bbe (0x4029d133) sra     sp, s3, sp
core   0: 3 0x80001bbe (0x4029d133) x2  0x00000000
core   0: 0x80001bc2 (0x0062a1b3) slt     gp, t0, t1
core   0: 3 0x80001bc2 (0x0062a1b3) x3  0x00000001
core   0: 0x80001bc6 (0x016944b3) xor     s1, s2, s6
core   0: 3 0x80001bc6 (0x016944b3) x9  0xffffffff
core   0: 0x80001bca (0xffcc48e3) blt     s8, t3, pc - 16
core   0: 3 0x80001bca (0xffcc48e3)
core   0: 0x80001bce (0x0901ad37) lui     s10, 0x901a
core   0: 3 0x80001bce (0x0901ad37) x26 0x0901a000
core   0: 0x80001bd2 (0xfce469e3) bltu    s0, a4, pc - 46
core   0: 3 0x80001bd2 (0xfce469e3)
core   0: 0x80001bd6 (0x0000808e) c.mv    ra, gp
core   0: 3 0x80001bd6 (0x808e) x1  0x00000001
core   0: 0x80001bd8 (0x00004ea9) c.li    t4, 10
core   0: 3 0x80001bd8 (0x4ea9) x29 0x0000000a
core   0: 0x80001bda (0x00008fb9) c.xor   a5, a4
core   0: 3 0x80001bda (0x8fb9) x15 0xfffffff0
core   0: 0x80001bdc (0x022038b3) mulhu   a7, zero, sp
core   0: 3 0x80001bdc (0x022038b3) x17 0x00000000
core   0: 0x80001be0 (0x479be613) ori     a2, s7, 1145
core   0: 3 0x80001be0 (0x479be613) x12 0xfffffff9
core   0: 0x80001be4 (0x00008ead) c.xor   a3, a1
core   0: 3 0x80001be4 (0x8ead) x13 0x000287e4
core   0: 0x80001be6 (0x00deca33) xor     s4, t4, a3
core   0: 3 0x80001be6 (0x00deca33) x20 0x000287ee
core   0: 0x80001bea (0x00006f41) c.lui   t5, 0x10
core   0: 3 0x80001bea (0x6f41) x30 0x00010000
core   0: 0x80001bec (0x00008386) c.mv    t2, ra
core   0: 3 0x80001bec (0x8386) x7  0x00000001
core   0: 0x80001bee (0x5e9afd93) andi    s11, s5, 1513
core   0: 3 0x80001bee (0x5e9afd93) x27 0x00000108
core   0: 0x80001bf2 (0x412ddb13) srai    s6, s11, 18
core   0: 3 0x80001bf2 (0x412ddb13) x22 0x00000000
core   0: 0x80001bf6 (0x03d286b3) mul     a3, t0, t4
core   0: 3 0x80001bf6 (0x03d286b3) x13 0x000fd674
core   0: 0x80001bfa (0x00004919) c.li    s2, 6
core   0: 3 0x80001bfa (0x4919) x18 0x00000006
core   0: 0x80001bfc (0x00543c33) sltu    s8, s0, t0
core   0: 3 0x80001bfc (0x00543c33) x24 0x00000001
core   0: 0x80001c00 (0x01fd5993) srli    s3, s10, 31
core   0: 3 0x80001c00 (0x01fd5993) x19 0x00000000
core   0: 0x80001c04 (0x00001708) c.addi4spn a0, sp, 928
core   0: 3 0x80001c04 (0x1708) x10 0x000003a0
core   0: 0x80001c06 (0xad2f0413) addi    s0, t5, -1326
core   0: 3 0x80001c06 (0xad2f0413) x8  0x0000fad2
core   0: 0x80001c0a (0x00001ef1) c.addi  t4, -4
core   0: 3 0x80001c0a (0x1ef1) x29 0x00000006
core   0: 0x80001c0c (0x41e7de13) srai    t3, a5, 30
core   0: 3 0x80001c0c (0x41e7de13) x28 0xffffffff
core   0: 0x80001c10 (0x00000001) c.nop
core   0: 3 0x80001c10 (0x0001)
core   0: 0x80001c12 (0x000098fd) c.andi  s1, -1
core   0: 3 0x80001c12 (0x98fd) x9  0xffffffff
core   0: 0x80001c14 (0x00005159) c.li    sp, -10
core   0: 3 0x80001c14 (0x5159) x2  0xfffffff6
core   0: 0x80001c16 (0x004b98b3) sll     a7, s7, tp
core   0: 3 0x80001c16 (0x004b98b3) x17 0xe6400000
core   0: 0x80001c1a (0x02c7d733) divu    a4, a5, a2
core   0: 3 0x80001c1a (0x02c7d733) x14 0x00000000
core   0: 0x80001c1e (0x00004bc1) c.li    s7, 16
core   0: 3 0x80001c1e (0x4bc1) x23 0x00000010
core   0: 0x80001c20 (0x00008c2d) c.xor   s0, a1
core   0: 3 0x80001c20 (0x8c2d) x8  0x80026636
core   0: 0x80001c22 (0x000086f5) c.srai  a3, 29
core   0: 3 0x80001c22 (0x86f5) x13 0x00000000
core   0: 0x80001c24 (0x00b8d833) srl     a6, a7, a1
core   0: 3 0x80001c24 (0x00b8d833) x16 0x0e640000
core   0: 0x80001c28 (0x00000105) c.addi  sp, 1
core   0: 3 0x80001c28 (0x0105) x2  0xfffffff7
core   0: 0x80001c2a (0x98729817) auipc   a6, 0x98729
core   0: 3 0x80001c2a (0x98729817) x16 0x1872ac2a
core   0: 0x80001c2e (0x01df9fb3) sll     t6, t6, t4
core   0: 3 0x80001c2e (0x01df9fb3) x31 0x00000040
core   0: 0x80001c32 (0xff7117e3) bne     sp, s7, pc - 18
core   0: 3 0x80001c32 (0xff7117e3)
core   0: 0x80001c20 (0x00008c2d) c.xor   s0, a1
core   0: 3 0x80001c20 (0x8c2d) x8  0x0000fad2
core   0: 0x80001c22 (0x000086f5) c.srai  a3, 29
core   0: 3 0x80001c22 (0x86f5) x13 0x00000000
core   0: 0x80001c24 (0x00b8d833) srl     a6, a7, a1
core   0: 3 0x80001c24 (0x00b8d833) x16 0x0e640000
core   0: 0x80001c28 (0x00000105) c.addi  sp, 1
core   0: 3 0x80001c28 (0x0105) x2  0xfffffff8
core   0: 0x80001c2a (0x98729817) auipc   a6, 0x98729
core   0: 3 0x80001c2a (0x98729817) x16 0x1872ac2a
core   0: 0x80001c2e (0x01df9fb3) sll     t6, t6, t4
core   0: 3 0x80001c2e (0x01df9fb3) x31 0x00001000
core   0: 0x80001c32 (0xff7117e3) bne     sp, s7, pc - 18
core   0: 3 0x80001c32 (0xff7117e3)
core   0: 0x80001c20 (0x00008c2d) c.xor   s0, a1
core   0: 3 0x80001c20 (0x8c2d) x8  0x80026636
core   0: 0x80001c22 (0x000086f5) c.srai  a3, 29
core   0: 3 0x80001c22 (0x86f5) x13 0x00000000
core   0: 0x80001c24 (0x00b8d833) srl     a6, a7, a1
core   0: 3 0x80001c24 (0x00b8d833) x16 0x0e640000
core   0: 0x80001c28 (0x00000105) c.addi  sp, 1
core   0: 3 0x80001c28 (0x0105) x2  0xfffffff9
core   0: 0x80001c2a (0x98729817) auipc   a6, 0x98729
core   0: 3 0x80001c2a (0x98729817) x16 0x1872ac2a
core   0: 0x80001c2e (0x01df9fb3) sll     t6, t6, t4
core   0: 3 0x80001c2e (0x01df9fb3) x31 0x00040000
core   0: 0x80001c32 (0xff7117e3) bne     sp, s7, pc - 18
core   0: 3 0x80001c32 (0xff7117e3)
core   0: 0x80001c20 (0x00008c2d) c.xor   s0, a1
core   0: 3 0x80001c20 (0x8c2d) x8  0x0000fad2
core   0: 0x80001c22 (0x000086f5) c.srai  a3, 29
core   0: 3 0x80001c22 (0x86f5) x13 0x00000000
core   0: 0x80001c24 (0x00b8d833) srl     a6, a7, a1
core   0: 3 0x80001c24 (0x00b8d833) x16 0x0e640000
core   0: 0x80001c28 (0x00000105) c.addi  sp, 1
core   0: 3 0x80001c28 (0x0105) x2  0xfffffffa
core   0: 0x80001c2a (0x98729817) auipc   a6, 0x98729
core   0: 3 0x80001c2a (0x98729817) x16 0x1872ac2a
core   0: 0x80001c2e (0x01df9fb3) sll     t6, t6, t4
core   0: 3 0x80001c2e (0x01df9fb3) x31 0x01000000
core   0: 0x80001c32 (0xff7117e3) bne     sp, s7, pc - 18
core   0: 3 0x80001c32 (0xff7117e3)
core   0: 0x80001c20 (0x00008c2d) c.xor   s0, a1
core   0: 3 0x80001c20 (0x8c2d) x8  0x80026636
core   0: 0x80001c22 (0x000086f5) c.srai  a3, 29
core   0: 3 0x80001c22 (0x86f5) x13 0x00000000
core   0: 0x80001c24 (0x00b8d833) srl     a6, a7, a1
core   0: 3 0x80001c24 (0x00b8d833) x16 0x0e640000
core   0: 0x80001c28 (0x00000105) c.addi  sp, 1
core   0: 3 0x80001c28 (0x0105) x2  0xfffffffb
core   0: 0x80001c2a (0x98729817) auipc   a6, 0x98729
core   0: 3 0x80001c2a (0x98729817) x16 0x1872ac2a
core   0: 0x80001c2e (0x01df9fb3) sll     t6, t6, t4
core   0: 3 0x80001c2e (0x01df9fb3) x31 0x40000000
core   0: 0x80001c32 (0xff7117e3) bne     sp, s7, pc - 18
core   0: 3 0x80001c32 (0xff7117e3)
core   0: 0x80001c20 (0x00008c2d) c.xor   s0, a1
core   0: 3 0x80001c20 (0x8c2d) x8  0x0000fad2
core   0: 0x80001c22 (0x000086f5) c.srai  a3, 29
core   0: 3 0x80001c22 (0x86f5) x13 0x00000000
core   0: 0x80001c24 (0x00b8d833) srl     a6, a7, a1
core   0: 3 0x80001c24 (0x00b8d833) x16 0x0e640000
core   0: 0x80001c28 (0x00000105) c.addi  sp, 1
core   0: 3 0x80001c28 (0x0105) x2  0xfffffffc
core   0: 0x80001c2a (0x98729817) auipc   a6, 0x98729
core   0: 3 0x80001c2a (0x98729817) x16 0x1872ac2a
core   0: 0x80001c2e (0x01df9fb3) sll     t6, t6, t4
core   0: 3 0x80001c2e (0x01df9fb3) x31 0x00000000
core   0: 0x80001c32 (0xff7117e3) bne     sp, s7, pc - 18
core   0: 3 0x80001c32 (0xff7117e3)
core   0: 0x80001c20 (0x00008c2d) c.xor   s0, a1
core   0: 3 0x80001c20 (0x8c2d) x8  0x80026636
core   0: 0x80001c22 (0x000086f5) c.srai  a3, 29
core   0: 3 0x80001c22 (0x86f5) x13 0x00000000
core   0: 0x80001c24 (0x00b8d833) srl     a6, a7, a1
core   0: 3 0x80001c24 (0x00b8d833) x16 0x0e640000
core   0: 0x80001c28 (0x00000105) c.addi  sp, 1
core   0: 3 0x80001c28 (0x0105) x2  0xfffffffd
core   0: 0x80001c2a (0x98729817) auipc   a6, 0x98729
core   0: 3 0x80001c2a (0x98729817) x16 0x1872ac2a
core   0: 0x80001c2e (0x01df9fb3) sll     t6, t6, t4
core   0: 3 0x80001c2e (0x01df9fb3) x31 0x00000000
core   0: 0x80001c32 (0xff7117e3) bne     sp, s7, pc - 18
core   0: 3 0x80001c32 (0xff7117e3)
core   0: 0x80001c20 (0x00008c2d) c.xor   s0, a1
core   0: 3 0x80001c20 (0x8c2d) x8  0x0000fad2
core   0: 0x80001c22 (0x000086f5) c.srai  a3, 29
core   0: 3 0x80001c22 (0x86f5) x13 0x00000000
core   0: 0x80001c24 (0x00b8d833) srl     a6, a7, a1
core   0: 3 0x80001c24 (0x00b8d833) x16 0x0e640000
core   0: 0x80001c28 (0x00000105) c.addi  sp, 1
core   0: 3 0x80001c28 (0x0105) x2  0xfffffffe
core   0: 0x80001c2a (0x98729817) auipc   a6, 0x98729
core   0: 3 0x80001c2a (0x98729817) x16 0x1872ac2a
core   0: 0x80001c2e (0x01df9fb3) sll     t6, t6, t4
core   0: 3 0x80001c2e (0x01df9fb3) x31 0x00000000
core   0: 0x80001c32 (0xff7117e3) bne     sp, s7, pc - 18
core   0: 3 0x80001c32 (0xff7117e3)
core   0: 0x80001c20 (0x00008c2d) c.xor   s0, a1
core   0: 3 0x80001c20 (0x8c2d) x8  0x80026636
core   0: 0x80001c22 (0x000086f5) c.srai  a3, 29
core   0: 3 0x80001c22 (0x86f5) x13 0x00000000
core   0: 0x80001c24 (0x00b8d833) srl     a6, a7, a1
core   0: 3 0x80001c24 (0x00b8d833) x16 0x0e640000
core   0: 0x80001c28 (0x00000105) c.addi  sp, 1
core   0: 3 0x80001c28 (0x0105) x2  0xffffffff
core   0: 0x80001c2a (0x98729817) auipc   a6, 0x98729
core   0: 3 0x80001c2a (0x98729817) x16 0x1872ac2a
core   0: 0x80001c2e (0x01df9fb3) sll     t6, t6, t4
core   0: 3 0x80001c2e (0x01df9fb3) x31 0x00000000
core   0: 0x80001c32 (0xff7117e3) bne     sp, s7, pc - 18
core   0: 3 0x80001c32 (0xff7117e3)
core   0: 0x80001c20 (0x00008c2d) c.xor   s0, a1
core   0: 3 0x80001c20 (0x8c2d) x8  0x0000fad2
core   0: 0x80001c22 (0x000086f5) c.srai  a3, 29
core   0: 3 0x80001c22 (0x86f5) x13 0x00000000
core   0: 0x80001c24 (0x00b8d833) srl     a6, a7, a1
core   0: 3 0x80001c24 (0x00b8d833) x16 0x0e640000
core   0: 0x80001c28 (0x00000105) c.addi  sp, 1
core   0: 3 0x80001c28 (0x0105) x2  0x00000000
core   0: 0x80001c2a (0x98729817) auipc   a6, 0x98729
core   0: 3 0x80001c2a (0x98729817) x16 0x1872ac2a
core   0: 0x80001c2e (0x01df9fb3) sll     t6, t6, t4
core   0: 3 0x80001c2e (0x01df9fb3) x31 0x00000000
core   0: 0x80001c32 (0xff7117e3) bne     sp, s7, pc - 18
core   0: 3 0x80001c32 (0xff7117e3)
core   0: 0x80001c20 (0x00008c2d) c.xor   s0, a1
core   0: 3 0x80001c20 (0x8c2d) x8  0x80026636
core   0: 0x80001c22 (0x000086f5) c.srai  a3, 29
core   0: 3 0x80001c22 (0x86f5) x13 0x00000000
core   0: 0x80001c24 (0x00b8d833) srl     a6, a7, a1
core   0: 3 0x80001c24 (0x00b8d833) x16 0x0e640000
core   0: 0x80001c28 (0x00000105) c.addi  sp, 1
core   0: 3 0x80001c28 (0x0105) x2  0x00000001
core   0: 0x80001c2a (0x98729817) auipc   a6, 0x98729
core   0: 3 0x80001c2a (0x98729817) x16 0x1872ac2a
core   0: 0x80001c2e (0x01df9fb3) sll     t6, t6, t4
core   0: 3 0x80001c2e (0x01df9fb3) x31 0x00000000
core   0: 0x80001c32 (0xff7117e3) bne     sp, s7, pc - 18
core   0: 3 0x80001c32 (0xff7117e3)
core   0: 0x80001c20 (0x00008c2d) c.xor   s0, a1
core   0: 3 0x80001c20 (0x8c2d) x8  0x0000fad2
core   0: 0x80001c22 (0x000086f5) c.srai  a3, 29
core   0: 3 0x80001c22 (0x86f5) x13 0x00000000
core   0: 0x80001c24 (0x00b8d833) srl     a6, a7, a1
core   0: 3 0x80001c24 (0x00b8d833) x16 0x0e640000
core   0: 0x80001c28 (0x00000105) c.addi  sp, 1
core   0: 3 0x80001c28 (0x0105) x2  0x00000002
core   0: 0x80001c2a (0x98729817) auipc   a6, 0x98729
core   0: 3 0x80001c2a (0x98729817) x16 0x1872ac2a
core   0: 0x80001c2e (0x01df9fb3) sll     t6, t6, t4
core   0: 3 0x80001c2e (0x01df9fb3) x31 0x00000000
core   0: 0x80001c32 (0xff7117e3) bne     sp, s7, pc - 18
core   0: 3 0x80001c32 (0xff7117e3)
core   0: 0x80001c20 (0x00008c2d) c.xor   s0, a1
core   0: 3 0x80001c20 (0x8c2d) x8  0x80026636
core   0: 0x80001c22 (0x000086f5) c.srai  a3, 29
core   0: 3 0x80001c22 (0x86f5) x13 0x00000000
core   0: 0x80001c24 (0x00b8d833) srl     a6, a7, a1
core   0: 3 0x80001c24 (0x00b8d833) x16 0x0e640000
core   0: 0x80001c28 (0x00000105) c.addi  sp, 1
core   0: 3 0x80001c28 (0x0105) x2  0x00000003
core   0: 0x80001c2a (0x98729817) auipc   a6, 0x98729
core   0: 3 0x80001c2a (0x98729817) x16 0x1872ac2a
core   0: 0x80001c2e (0x01df9fb3) sll     t6, t6, t4
core   0: 3 0x80001c2e (0x01df9fb3) x31 0x00000000
core   0: 0x80001c32 (0xff7117e3) bne     sp, s7, pc - 18
core   0: 3 0x80001c32 (0xff7117e3)
core   0: 0x80001c20 (0x00008c2d) c.xor   s0, a1
core   0: 3 0x80001c20 (0x8c2d) x8  0x0000fad2
core   0: 0x80001c22 (0x000086f5) c.srai  a3, 29
core   0: 3 0x80001c22 (0x86f5) x13 0x00000000
core   0: 0x80001c24 (0x00b8d833) srl     a6, a7, a1
core   0: 3 0x80001c24 (0x00b8d833) x16 0x0e640000
core   0: 0x80001c28 (0x00000105) c.addi  sp, 1
core   0: 3 0x80001c28 (0x0105) x2  0x00000004
core   0: 0x80001c2a (0x98729817) auipc   a6, 0x98729
core   0: 3 0x80001c2a (0x98729817) x16 0x1872ac2a
core   0: 0x80001c2e (0x01df9fb3) sll     t6, t6, t4
core   0: 3 0x80001c2e (0x01df9fb3) x31 0x00000000
core   0: 0x80001c32 (0xff7117e3) bne     sp, s7, pc - 18
core   0: 3 0x80001c32 (0xff7117e3)
core   0: 0x80001c20 (0x00008c2d) c.xor   s0, a1
core   0: 3 0x80001c20 (0x8c2d) x8  0x80026636
core   0: 0x80001c22 (0x000086f5) c.srai  a3, 29
core   0: 3 0x80001c22 (0x86f5) x13 0x00000000
core   0: 0x80001c24 (0x00b8d833) srl     a6, a7, a1
core   0: 3 0x80001c24 (0x00b8d833) x16 0x0e640000
core   0: 0x80001c28 (0x00000105) c.addi  sp, 1
core   0: 3 0x80001c28 (0x0105) x2  0x00000005
core   0: 0x80001c2a (0x98729817) auipc   a6, 0x98729
core   0: 3 0x80001c2a (0x98729817) x16 0x1872ac2a
core   0: 0x80001c2e (0x01df9fb3) sll     t6, t6, t4
core   0: 3 0x80001c2e (0x01df9fb3) x31 0x00000000
core   0: 0x80001c32 (0xff7117e3) bne     sp, s7, pc - 18
core   0: 3 0x80001c32 (0xff7117e3)
core   0: 0x80001c20 (0x00008c2d) c.xor   s0, a1
core   0: 3 0x80001c20 (0x8c2d) x8  0x0000fad2
core   0: 0x80001c22 (0x000086f5) c.srai  a3, 29
core   0: 3 0x80001c22 (0x86f5) x13 0x00000000
core   0: 0x80001c24 (0x00b8d833) srl     a6, a7, a1
core   0: 3 0x80001c24 (0x00b8d833) x16 0x0e640000
core   0: 0x80001c28 (0x00000105) c.addi  sp, 1
core   0: 3 0x80001c28 (0x0105) x2  0x00000006
core   0: 0x80001c2a (0x98729817) auipc   a6, 0x98729
core   0: 3 0x80001c2a (0x98729817) x16 0x1872ac2a
core   0: 0x80001c2e (0x01df9fb3) sll     t6, t6, t4
core   0: 3 0x80001c2e (0x01df9fb3) x31 0x00000000
core   0: 0x80001c32 (0xff7117e3) bne     sp, s7, pc - 18
core   0: 3 0x80001c32 (0xff7117e3)
core   0: 0x80001c20 (0x00008c2d) c.xor   s0, a1
core   0: 3 0x80001c20 (0x8c2d) x8  0x80026636
core   0: 0x80001c22 (0x000086f5) c.srai  a3, 29
core   0: 3 0x80001c22 (0x86f5) x13 0x00000000
core   0: 0x80001c24 (0x00b8d833) srl     a6, a7, a1
core   0: 3 0x80001c24 (0x00b8d833) x16 0x0e640000
core   0: 0x80001c28 (0x00000105) c.addi  sp, 1
core   0: 3 0x80001c28 (0x0105) x2  0x00000007
core   0: 0x80001c2a (0x98729817) auipc   a6, 0x98729
core   0: 3 0x80001c2a (0x98729817) x16 0x1872ac2a
core   0: 0x80001c2e (0x01df9fb3) sll     t6, t6, t4
core   0: 3 0x80001c2e (0x01df9fb3) x31 0x00000000
core   0: 0x80001c32 (0xff7117e3) bne     sp, s7, pc - 18
core   0: 3 0x80001c32 (0xff7117e3)
core   0: 0x80001c20 (0x00008c2d) c.xor   s0, a1
core   0: 3 0x80001c20 (0x8c2d) x8  0x0000fad2
core   0: 0x80001c22 (0x000086f5) c.srai  a3, 29
core   0: 3 0x80001c22 (0x86f5) x13 0x00000000
core   0: 0x80001c24 (0x00b8d833) srl     a6, a7, a1
core   0: 3 0x80001c24 (0x00b8d833) x16 0x0e640000
core   0: 0x80001c28 (0x00000105) c.addi  sp, 1
core   0: 3 0x80001c28 (0x0105) x2  0x00000008
core   0: 0x80001c2a (0x98729817) auipc   a6, 0x98729
core   0: 3 0x80001c2a (0x98729817) x16 0x1872ac2a
core   0: 0x80001c2e (0x01df9fb3) sll     t6, t6, t4
core   0: 3 0x80001c2e (0x01df9fb3) x31 0x00000000
core   0: 0x80001c32 (0xff7117e3) bne     sp, s7, pc - 18
core   0: 3 0x80001c32 (0xff7117e3)
core   0: 0x80001c20 (0x00008c2d) c.xor   s0, a1
core   0: 3 0x80001c20 (0x8c2d) x8  0x80026636
core   0: 0x80001c22 (0x000086f5) c.srai  a3, 29
core   0: 3 0x80001c22 (0x86f5) x13 0x00000000
core   0: 0x80001c24 (0x00b8d833) srl     a6, a7, a1
core   0: 3 0x80001c24 (0x00b8d833) x16 0x0e640000
core   0: 0x80001c28 (0x00000105) c.addi  sp, 1
core   0: 3 0x80001c28 (0x0105) x2  0x00000009
core   0: 0x80001c2a (0x98729817) auipc   a6, 0x98729
core   0: 3 0x80001c2a (0x98729817) x16 0x1872ac2a
core   0: 0x80001c2e (0x01df9fb3) sll     t6, t6, t4
core   0: 3 0x80001c2e (0x01df9fb3) x31 0x00000000
core   0: 0x80001c32 (0xff7117e3) bne     sp, s7, pc - 18
core   0: 3 0x80001c32 (0xff7117e3)
core   0: 0x80001c20 (0x00008c2d) c.xor   s0, a1
core   0: 3 0x80001c20 (0x8c2d) x8  0x0000fad2
core   0: 0x80001c22 (0x000086f5) c.srai  a3, 29
core   0: 3 0x80001c22 (0x86f5) x13 0x00000000
core   0: 0x80001c24 (0x00b8d833) srl     a6, a7, a1
core   0: 3 0x80001c24 (0x00b8d833) x16 0x0e640000
core   0: 0x80001c28 (0x00000105) c.addi  sp, 1
core   0: 3 0x80001c28 (0x0105) x2  0x0000000a
core   0: 0x80001c2a (0x98729817) auipc   a6, 0x98729
core   0: 3 0x80001c2a (0x98729817) x16 0x1872ac2a
core   0: 0x80001c2e (0x01df9fb3) sll     t6, t6, t4
core   0: 3 0x80001c2e (0x01df9fb3) x31 0x00000000
core   0: 0x80001c32 (0xff7117e3) bne     sp, s7, pc - 18
core   0: 3 0x80001c32 (0xff7117e3)
core   0: 0x80001c20 (0x00008c2d) c.xor   s0, a1
core   0: 3 0x80001c20 (0x8c2d) x8  0x80026636
core   0: 0x80001c22 (0x000086f5) c.srai  a3, 29
core   0: 3 0x80001c22 (0x86f5) x13 0x00000000
core   0: 0x80001c24 (0x00b8d833) srl     a6, a7, a1
core   0: 3 0x80001c24 (0x00b8d833) x16 0x0e640000
core   0: 0x80001c28 (0x00000105) c.addi  sp, 1
core   0: 3 0x80001c28 (0x0105) x2  0x0000000b
core   0: 0x80001c2a (0x98729817) auipc   a6, 0x98729
core   0: 3 0x80001c2a (0x98729817) x16 0x1872ac2a
core   0: 0x80001c2e (0x01df9fb3) sll     t6, t6, t4
core   0: 3 0x80001c2e (0x01df9fb3) x31 0x00000000
core   0: 0x80001c32 (0xff7117e3) bne     sp, s7, pc - 18
core   0: 3 0x80001c32 (0xff7117e3)
core   0: 0x80001c20 (0x00008c2d) c.xor   s0, a1
core   0: 3 0x80001c20 (0x8c2d) x8  0x0000fad2
core   0: 0x80001c22 (0x000086f5) c.srai  a3, 29
core   0: 3 0x80001c22 (0x86f5) x13 0x00000000
core   0: 0x80001c24 (0x00b8d833) srl     a6, a7, a1
core   0: 3 0x80001c24 (0x00b8d833) x16 0x0e640000
core   0: 0x80001c28 (0x00000105) c.addi  sp, 1
core   0: 3 0x80001c28 (0x0105) x2  0x0000000c
core   0: 0x80001c2a (0x98729817) auipc   a6, 0x98729
core   0: 3 0x80001c2a (0x98729817) x16 0x1872ac2a
core   0: 0x80001c2e (0x01df9fb3) sll     t6, t6, t4
core   0: 3 0x80001c2e (0x01df9fb3) x31 0x00000000
core   0: 0x80001c32 (0xff7117e3) bne     sp, s7, pc - 18
core   0: 3 0x80001c32 (0xff7117e3)
core   0: 0x80001c20 (0x00008c2d) c.xor   s0, a1
core   0: 3 0x80001c20 (0x8c2d) x8  0x80026636
core   0: 0x80001c22 (0x000086f5) c.srai  a3, 29
core   0: 3 0x80001c22 (0x86f5) x13 0x00000000
core   0: 0x80001c24 (0x00b8d833) srl     a6, a7, a1
core   0: 3 0x80001c24 (0x00b8d833) x16 0x0e640000
core   0: 0x80001c28 (0x00000105) c.addi  sp, 1
core   0: 3 0x80001c28 (0x0105) x2  0x0000000d
core   0: 0x80001c2a (0x98729817) auipc   a6, 0x98729
core   0: 3 0x80001c2a (0x98729817) x16 0x1872ac2a
core   0: 0x80001c2e (0x01df9fb3) sll     t6, t6, t4
core   0: 3 0x80001c2e (0x01df9fb3) x31 0x00000000
core   0: 0x80001c32 (0xff7117e3) bne     sp, s7, pc - 18
core   0: 3 0x80001c32 (0xff7117e3)
core   0: 0x80001c20 (0x00008c2d) c.xor   s0, a1
core   0: 3 0x80001c20 (0x8c2d) x8  0x0000fad2
core   0: 0x80001c22 (0x000086f5) c.srai  a3, 29
core   0: 3 0x80001c22 (0x86f5) x13 0x00000000
core   0: 0x80001c24 (0x00b8d833) srl     a6, a7, a1
core   0: 3 0x80001c24 (0x00b8d833) x16 0x0e640000
core   0: 0x80001c28 (0x00000105) c.addi  sp, 1
core   0: 3 0x80001c28 (0x0105) x2  0x0000000e
core   0: 0x80001c2a (0x98729817) auipc   a6, 0x98729
core   0: 3 0x80001c2a (0x98729817) x16 0x1872ac2a
core   0: 0x80001c2e (0x01df9fb3) sll     t6, t6, t4
core   0: 3 0x80001c2e (0x01df9fb3) x31 0x00000000
core   0: 0x80001c32 (0xff7117e3) bne     sp, s7, pc - 18
core   0: 3 0x80001c32 (0xff7117e3)
core   0: 0x80001c20 (0x00008c2d) c.xor   s0, a1
core   0: 3 0x80001c20 (0x8c2d) x8  0x80026636
core   0: 0x80001c22 (0x000086f5) c.srai  a3, 29
core   0: 3 0x80001c22 (0x86f5) x13 0x00000000
core   0: 0x80001c24 (0x00b8d833) srl     a6, a7, a1
core   0: 3 0x80001c24 (0x00b8d833) x16 0x0e640000
core   0: 0x80001c28 (0x00000105) c.addi  sp, 1
core   0: 3 0x80001c28 (0x0105) x2  0x0000000f
core   0: 0x80001c2a (0x98729817) auipc   a6, 0x98729
core   0: 3 0x80001c2a (0x98729817) x16 0x1872ac2a
core   0: 0x80001c2e (0x01df9fb3) sll     t6, t6, t4
core   0: 3 0x80001c2e (0x01df9fb3) x31 0x00000000
core   0: 0x80001c32 (0xff7117e3) bne     sp, s7, pc - 18
core   0: 3 0x80001c32 (0xff7117e3)
core   0: 0x80001c20 (0x00008c2d) c.xor   s0, a1
core   0: 3 0x80001c20 (0x8c2d) x8  0x0000fad2
core   0: 0x80001c22 (0x000086f5) c.srai  a3, 29
core   0: 3 0x80001c22 (0x86f5) x13 0x00000000
core   0: 0x80001c24 (0x00b8d833) srl     a6, a7, a1
core   0: 3 0x80001c24 (0x00b8d833) x16 0x0e640000
core   0: 0x80001c28 (0x00000105) c.addi  sp, 1
core   0: 3 0x80001c28 (0x0105) x2  0x00000010
core   0: 0x80001c2a (0x98729817) auipc   a6, 0x98729
core   0: 3 0x80001c2a (0x98729817) x16 0x1872ac2a
core   0: 0x80001c2e (0x01df9fb3) sll     t6, t6, t4
core   0: 3 0x80001c2e (0x01df9fb3) x31 0x00000000
core   0: 0x80001c32 (0xff7117e3) bne     sp, s7, pc - 18
core   0: 3 0x80001c32 (0xff7117e3)
core   0: 0x80001c36 (0xfd2e87e3) beq     t4, s2, pc - 50
core   0: 3 0x80001c36 (0xfd2e87e3)
core   0: 0x80001c04 (0x00001708) c.addi4spn a0, sp, 928
core   0: 3 0x80001c04 (0x1708) x10 0x000003b0
core   0: 0x80001c06 (0xad2f0413) addi    s0, t5, -1326
core   0: 3 0x80001c06 (0xad2f0413) x8  0x0000fad2
core   0: 0x80001c0a (0x00001ef1) c.addi  t4, -4
core   0: 3 0x80001c0a (0x1ef1) x29 0x00000002
core   0: 0x80001c0c (0x41e7de13) srai    t3, a5, 30
core   0: 3 0x80001c0c (0x41e7de13) x28 0xffffffff
core   0: 0x80001c10 (0x00000001) c.nop
core   0: 3 0x80001c10 (0x0001)
core   0: 0x80001c12 (0x000098fd) c.andi  s1, -1
core   0: 3 0x80001c12 (0x98fd) x9  0xffffffff
core   0: 0x80001c14 (0x00005159) c.li    sp, -10
core   0: 3 0x80001c14 (0x5159) x2  0xfffffff6
core   0: 0x80001c16 (0x004b98b3) sll     a7, s7, tp
core   0: 3 0x80001c16 (0x004b98b3) x17 0x04000000
core   0: 0x80001c1a (0x02c7d733) divu    a4, a5, a2
core   0: 3 0x80001c1a (0x02c7d733) x14 0x00000000
core   0: 0x80001c1e (0x00004bc1) c.li    s7, 16
core   0: 3 0x80001c1e (0x4bc1) x23 0x00000010
core   0: 0x80001c20 (0x00008c2d) c.xor   s0, a1
core   0: 3 0x80001c20 (0x8c2d) x8  0x80026636
core   0: 0x80001c22 (0x000086f5) c.srai  a3, 29
core   0: 3 0x80001c22 (0x86f5) x13 0x00000000
core   0: 0x80001c24 (0x00b8d833) srl     a6, a7, a1
core   0: 3 0x80001c24 (0x00b8d833) x16 0x00400000
core   0: 0x80001c28 (0x00000105) c.addi  sp, 1
core   0: 3 0x80001c28 (0x0105) x2  0xfffffff7
core   0: 0x80001c2a (0x98729817) auipc   a6, 0x98729
core   0: 3 0x80001c2a (0x98729817) x16 0x1872ac2a
core   0: 0x80001c2e (0x01df9fb3) sll     t6, t6, t4
core   0: 3 0x80001c2e (0x01df9fb3) x31 0x00000000
core   0: 0x80001c32 (0xff7117e3) bne     sp, s7, pc - 18
core   0: 3 0x80001c32 (0xff7117e3)
core   0: 0x80001c20 (0x00008c2d) c.xor   s0, a1
core   0: 3 0x80001c20 (0x8c2d) x8  0x0000fad2
core   0: 0x80001c22 (0x000086f5) c.srai  a3, 29
core   0: 3 0x80001c22 (0x86f5) x13 0x00000000
core   0: 0x80001c24 (0x00b8d833) srl     a6, a7, a1
core   0: 3 0x80001c24 (0x00b8d833) x16 0x00400000
core   0: 0x80001c28 (0x00000105) c.addi  sp, 1
core   0: 3 0x80001c28 (0x0105) x2  0xfffffff8
core   0: 0x80001c2a (0x98729817) auipc   a6, 0x98729
core   0: 3 0x80001c2a (0x98729817) x16 0x1872ac2a
core   0: 0x80001c2e (0x01df9fb3) sll     t6, t6, t4
core   0: 3 0x80001c2e (0x01df9fb3) x31 0x00000000
core   0: 0x80001c32 (0xff7117e3) bne     sp, s7, pc - 18
core   0: 3 0x80001c32 (0xff7117e3)
core   0: 0x80001c20 (0x00008c2d) c.xor   s0, a1
core   0: 3 0x80001c20 (0x8c2d) x8  0x80026636
core   0: 0x80001c22 (0x000086f5) c.srai  a3, 29
core   0: 3 0x80001c22 (0x86f5) x13 0x00000000
core   0: 0x80001c24 (0x00b8d833) srl     a6, a7, a1
core   0: 3 0x80001c24 (0x00b8d833) x16 0x00400000
core   0: 0x80001c28 (0x00000105) c.addi  sp, 1
core   0: 3 0x80001c28 (0x0105) x2  0xfffffff9
core   0: 0x80001c2a (0x98729817) auipc   a6, 0x98729
core   0: 3 0x80001c2a (0x98729817) x16 0x1872ac2a
core   0: 0x80001c2e (0x01df9fb3) sll     t6, t6, t4
core   0: 3 0x80001c2e (0x01df9fb3) x31 0x00000000
core   0: 0x80001c32 (0xff7117e3) bne     sp, s7, pc - 18
core   0: 3 0x80001c32 (0xff7117e3)
core   0: 0x80001c20 (0x00008c2d) c.xor   s0, a1
core   0: 3 0x80001c20 (0x8c2d) x8  0x0000fad2
core   0: 0x80001c22 (0x000086f5) c.srai  a3, 29
core   0: 3 0x80001c22 (0x86f5) x13 0x00000000
core   0: 0x80001c24 (0x00b8d833) srl     a6, a7, a1
core   0: 3 0x80001c24 (0x00b8d833) x16 0x00400000
core   0: 0x80001c28 (0x00000105) c.addi  sp, 1
core   0: 3 0x80001c28 (0x0105) x2  0xfffffffa
core   0: 0x80001c2a (0x98729817) auipc   a6, 0x98729
core   0: 3 0x80001c2a (0x98729817) x16 0x1872ac2a
core   0: 0x80001c2e (0x01df9fb3) sll     t6, t6, t4
core   0: 3 0x80001c2e (0x01df9fb3) x31 0x00000000
core   0: 0x80001c32 (0xff7117e3) bne     sp, s7, pc - 18
core   0: 3 0x80001c32 (0xff7117e3)
core   0: 0x80001c20 (0x00008c2d) c.xor   s0, a1
core   0: 3 0x80001c20 (0x8c2d) x8  0x80026636
core   0: 0x80001c22 (0x000086f5) c.srai  a3, 29
core   0: 3 0x80001c22 (0x86f5) x13 0x00000000
core   0: 0x80001c24 (0x00b8d833) srl     a6, a7, a1
core   0: 3 0x80001c24 (0x00b8d833) x16 0x00400000
core   0: 0x80001c28 (0x00000105) c.addi  sp, 1
core   0: 3 0x80001c28 (0x0105) x2  0xfffffffb
core   0: 0x80001c2a (0x98729817) auipc   a6, 0x98729
core   0: 3 0x80001c2a (0x98729817) x16 0x1872ac2a
core   0: 0x80001c2e (0x01df9fb3) sll     t6, t6, t4
core   0: 3 0x80001c2e (0x01df9fb3) x31 0x00000000
core   0: 0x80001c32 (0xff7117e3) bne     sp, s7, pc - 18
core   0: 3 0x80001c32 (0xff7117e3)
core   0: 0x80001c20 (0x00008c2d) c.xor   s0, a1
core   0: 3 0x80001c20 (0x8c2d) x8  0x0000fad2
core   0: 0x80001c22 (0x000086f5) c.srai  a3, 29
core   0: 3 0x80001c22 (0x86f5) x13 0x00000000
core   0: 0x80001c24 (0x00b8d833) srl     a6, a7, a1
core   0: 3 0x80001c24 (0x00b8d833) x16 0x00400000
core   0: 0x80001c28 (0x00000105) c.addi  sp, 1
core   0: 3 0x80001c28 (0x0105) x2  0xfffffffc
core   0: 0x80001c2a (0x98729817) auipc   a6, 0x98729
core   0: 3 0x80001c2a (0x98729817) x16 0x1872ac2a
core   0: 0x80001c2e (0x01df9fb3) sll     t6, t6, t4
core   0: 3 0x80001c2e (0x01df9fb3) x31 0x00000000
core   0: 0x80001c32 (0xff7117e3) bne     sp, s7, pc - 18
core   0: 3 0x80001c32 (0xff7117e3)
core   0: 0x80001c20 (0x00008c2d) c.xor   s0, a1
core   0: 3 0x80001c20 (0x8c2d) x8  0x80026636
core   0: 0x80001c22 (0x000086f5) c.srai  a3, 29
core   0: 3 0x80001c22 (0x86f5) x13 0x00000000
core   0: 0x80001c24 (0x00b8d833) srl     a6, a7, a1
core   0: 3 0x80001c24 (0x00b8d833) x16 0x00400000
core   0: 0x80001c28 (0x00000105) c.addi  sp, 1
core   0: 3 0x80001c28 (0x0105) x2  0xfffffffd
core   0: 0x80001c2a (0x98729817) auipc   a6, 0x98729
core   0: 3 0x80001c2a (0x98729817) x16 0x1872ac2a
core   0: 0x80001c2e (0x01df9fb3) sll     t6, t6, t4
core   0: 3 0x80001c2e (0x01df9fb3) x31 0x00000000
core   0: 0x80001c32 (0xff7117e3) bne     sp, s7, pc - 18
core   0: 3 0x80001c32 (0xff7117e3)
core   0: 0x80001c20 (0x00008c2d) c.xor   s0, a1
core   0: 3 0x80001c20 (0x8c2d) x8  0x0000fad2
core   0: 0x80001c22 (0x000086f5) c.srai  a3, 29
core   0: 3 0x80001c22 (0x86f5) x13 0x00000000
core   0: 0x80001c24 (0x00b8d833) srl     a6, a7, a1
core   0: 3 0x80001c24 (0x00b8d833) x16 0x00400000
core   0: 0x80001c28 (0x00000105) c.addi  sp, 1
core   0: 3 0x80001c28 (0x0105) x2  0xfffffffe
core   0: 0x80001c2a (0x98729817) auipc   a6, 0x98729
core   0: 3 0x80001c2a (0x98729817) x16 0x1872ac2a
core   0: 0x80001c2e (0x01df9fb3) sll     t6, t6, t4
core   0: 3 0x80001c2e (0x01df9fb3) x31 0x00000000
core   0: 0x80001c32 (0xff7117e3) bne     sp, s7, pc - 18
core   0: 3 0x80001c32 (0xff7117e3)
core   0: 0x80001c20 (0x00008c2d) c.xor   s0, a1
core   0: 3 0x80001c20 (0x8c2d) x8  0x80026636
core   0: 0x80001c22 (0x000086f5) c.srai  a3, 29
core   0: 3 0x80001c22 (0x86f5) x13 0x00000000
core   0: 0x80001c24 (0x00b8d833) srl     a6, a7, a1
core   0: 3 0x80001c24 (0x00b8d833) x16 0x00400000
core   0: 0x80001c28 (0x00000105) c.addi  sp, 1
core   0: 3 0x80001c28 (0x0105) x2  0xffffffff
core   0: 0x80001c2a (0x98729817) auipc   a6, 0x98729
core   0: 3 0x80001c2a (0x98729817) x16 0x1872ac2a
core   0: 0x80001c2e (0x01df9fb3) sll     t6, t6, t4
core   0: 3 0x80001c2e (0x01df9fb3) x31 0x00000000
core   0: 0x80001c32 (0xff7117e3) bne     sp, s7, pc - 18
core   0: 3 0x80001c32 (0xff7117e3)
core   0: 0x80001c20 (0x00008c2d) c.xor   s0, a1
core   0: 3 0x80001c20 (0x8c2d) x8  0x0000fad2
core   0: 0x80001c22 (0x000086f5) c.srai  a3, 29
core   0: 3 0x80001c22 (0x86f5) x13 0x00000000
core   0: 0x80001c24 (0x00b8d833) srl     a6, a7, a1
core   0: 3 0x80001c24 (0x00b8d833) x16 0x00400000
core   0: 0x80001c28 (0x00000105) c.addi  sp, 1
core   0: 3 0x80001c28 (0x0105) x2  0x00000000
core   0: 0x80001c2a (0x98729817) auipc   a6, 0x98729
core   0: 3 0x80001c2a (0x98729817) x16 0x1872ac2a
core   0: 0x80001c2e (0x01df9fb3) sll     t6, t6, t4
core   0: 3 0x80001c2e (0x01df9fb3) x31 0x00000000
core   0: 0x80001c32 (0xff7117e3) bne     sp, s7, pc - 18
core   0: 3 0x80001c32 (0xff7117e3)
core   0: 0x80001c20 (0x00008c2d) c.xor   s0, a1
core   0: 3 0x80001c20 (0x8c2d) x8  0x80026636
core   0: 0x80001c22 (0x000086f5) c.srai  a3, 29
core   0: 3 0x80001c22 (0x86f5) x13 0x00000000
core   0: 0x80001c24 (0x00b8d833) srl     a6, a7, a1
core   0: 3 0x80001c24 (0x00b8d833) x16 0x00400000
core   0: 0x80001c28 (0x00000105) c.addi  sp, 1
core   0: 3 0x80001c28 (0x0105) x2  0x00000001
core   0: 0x80001c2a (0x98729817) auipc   a6, 0x98729
core   0: 3 0x80001c2a (0x98729817) x16 0x1872ac2a
core   0: 0x80001c2e (0x01df9fb3) sll     t6, t6, t4
core   0: 3 0x80001c2e (0x01df9fb3) x31 0x00000000
core   0: 0x80001c32 (0xff7117e3) bne     sp, s7, pc - 18
core   0: 3 0x80001c32 (0xff7117e3)
core   0: 0x80001c20 (0x00008c2d) c.xor   s0, a1
core   0: 3 0x80001c20 (0x8c2d) x8  0x0000fad2
core   0: 0x80001c22 (0x000086f5) c.srai  a3, 29
core   0: 3 0x80001c22 (0x86f5) x13 0x00000000
core   0: 0x80001c24 (0x00b8d833) srl     a6, a7, a1
core   0: 3 0x80001c24 (0x00b8d833) x16 0x00400000
core   0: 0x80001c28 (0x00000105) c.addi  sp, 1
core   0: 3 0x80001c28 (0x0105) x2  0x00000002
core   0: 0x80001c2a (0x98729817) auipc   a6, 0x98729
core   0: 3 0x80001c2a (0x98729817) x16 0x1872ac2a
core   0: 0x80001c2e (0x01df9fb3) sll     t6, t6, t4
core   0: 3 0x80001c2e (0x01df9fb3) x31 0x00000000
core   0: 0x80001c32 (0xff7117e3) bne     sp, s7, pc - 18
core   0: 3 0x80001c32 (0xff7117e3)
core   0: 0x80001c20 (0x00008c2d) c.xor   s0, a1
core   0: 3 0x80001c20 (0x8c2d) x8  0x80026636
core   0: 0x80001c22 (0x000086f5) c.srai  a3, 29
core   0: 3 0x80001c22 (0x86f5) x13 0x00000000
core   0: 0x80001c24 (0x00b8d833) srl     a6, a7, a1
core   0: 3 0x80001c24 (0x00b8d833) x16 0x00400000
core   0: 0x80001c28 (0x00000105) c.addi  sp, 1
core   0: 3 0x80001c28 (0x0105) x2  0x00000003
core   0: 0x80001c2a (0x98729817) auipc   a6, 0x98729
core   0: 3 0x80001c2a (0x98729817) x16 0x1872ac2a
core   0: 0x80001c2e (0x01df9fb3) sll     t6, t6, t4
core   0: 3 0x80001c2e (0x01df9fb3) x31 0x00000000
core   0: 0x80001c32 (0xff7117e3) bne     sp, s7, pc - 18
core   0: 3 0x80001c32 (0xff7117e3)
core   0: 0x80001c20 (0x00008c2d) c.xor   s0, a1
core   0: 3 0x80001c20 (0x8c2d) x8  0x0000fad2
core   0: 0x80001c22 (0x000086f5) c.srai  a3, 29
core   0: 3 0x80001c22 (0x86f5) x13 0x00000000
core   0: 0x80001c24 (0x00b8d833) srl     a6, a7, a1
core   0: 3 0x80001c24 (0x00b8d833) x16 0x00400000
core   0: 0x80001c28 (0x00000105) c.addi  sp, 1
core   0: 3 0x80001c28 (0x0105) x2  0x00000004
core   0: 0x80001c2a (0x98729817) auipc   a6, 0x98729
core   0: 3 0x80001c2a (0x98729817) x16 0x1872ac2a
core   0: 0x80001c2e (0x01df9fb3) sll     t6, t6, t4
core   0: 3 0x80001c2e (0x01df9fb3) x31 0x00000000
core   0: 0x80001c32 (0xff7117e3) bne     sp, s7, pc - 18
core   0: 3 0x80001c32 (0xff7117e3)
core   0: 0x80001c20 (0x00008c2d) c.xor   s0, a1
core   0: 3 0x80001c20 (0x8c2d) x8  0x80026636
core   0: 0x80001c22 (0x000086f5) c.srai  a3, 29
core   0: 3 0x80001c22 (0x86f5) x13 0x00000000
core   0: 0x80001c24 (0x00b8d833) srl     a6, a7, a1
core   0: 3 0x80001c24 (0x00b8d833) x16 0x00400000
core   0: 0x80001c28 (0x00000105) c.addi  sp, 1
core   0: 3 0x80001c28 (0x0105) x2  0x00000005
core   0: 0x80001c2a (0x98729817) auipc   a6, 0x98729
core   0: 3 0x80001c2a (0x98729817) x16 0x1872ac2a
core   0: 0x80001c2e (0x01df9fb3) sll     t6, t6, t4
core   0: 3 0x80001c2e (0x01df9fb3) x31 0x00000000
core   0: 0x80001c32 (0xff7117e3) bne     sp, s7, pc - 18
core   0: 3 0x80001c32 (0xff7117e3)
core   0: 0x80001c20 (0x00008c2d) c.xor   s0, a1
core   0: 3 0x80001c20 (0x8c2d) x8  0x0000fad2
core   0: 0x80001c22 (0x000086f5) c.srai  a3, 29
core   0: 3 0x80001c22 (0x86f5) x13 0x00000000
core   0: 0x80001c24 (0x00b8d833) srl     a6, a7, a1
core   0: 3 0x80001c24 (0x00b8d833) x16 0x00400000
core   0: 0x80001c28 (0x00000105) c.addi  sp, 1
core   0: 3 0x80001c28 (0x0105) x2  0x00000006
core   0: 0x80001c2a (0x98729817) auipc   a6, 0x98729
core   0: 3 0x80001c2a (0x98729817) x16 0x1872ac2a
core   0: 0x80001c2e (0x01df9fb3) sll     t6, t6, t4
core   0: 3 0x80001c2e (0x01df9fb3) x31 0x00000000
core   0: 0x80001c32 (0xff7117e3) bne     sp, s7, pc - 18
core   0: 3 0x80001c32 (0xff7117e3)
core   0: 0x80001c20 (0x00008c2d) c.xor   s0, a1
core   0: 3 0x80001c20 (0x8c2d) x8  0x80026636
core   0: 0x80001c22 (0x000086f5) c.srai  a3, 29
core   0: 3 0x80001c22 (0x86f5) x13 0x00000000
core   0: 0x80001c24 (0x00b8d833) srl     a6, a7, a1
core   0: 3 0x80001c24 (0x00b8d833) x16 0x00400000
core   0: 0x80001c28 (0x00000105) c.addi  sp, 1
core   0: 3 0x80001c28 (0x0105) x2  0x00000007
core   0: 0x80001c2a (0x98729817) auipc   a6, 0x98729
core   0: 3 0x80001c2a (0x98729817) x16 0x1872ac2a
core   0: 0x80001c2e (0x01df9fb3) sll     t6, t6, t4
core   0: 3 0x80001c2e (0x01df9fb3) x31 0x00000000
core   0: 0x80001c32 (0xff7117e3) bne     sp, s7, pc - 18
core   0: 3 0x80001c32 (0xff7117e3)
core   0: 0x80001c20 (0x00008c2d) c.xor   s0, a1
core   0: 3 0x80001c20 (0x8c2d) x8  0x0000fad2
core   0: 0x80001c22 (0x000086f5) c.srai  a3, 29
core   0: 3 0x80001c22 (0x86f5) x13 0x00000000
core   0: 0x80001c24 (0x00b8d833) srl     a6, a7, a1
core   0: 3 0x80001c24 (0x00b8d833) x16 0x00400000
core   0: 0x80001c28 (0x00000105) c.addi  sp, 1
core   0: 3 0x80001c28 (0x0105) x2  0x00000008
core   0: 0x80001c2a (0x98729817) auipc   a6, 0x98729
core   0: 3 0x80001c2a (0x98729817) x16 0x1872ac2a
core   0: 0x80001c2e (0x01df9fb3) sll     t6, t6, t4
core   0: 3 0x80001c2e (0x01df9fb3) x31 0x00000000
core   0: 0x80001c32 (0xff7117e3) bne     sp, s7, pc - 18
core   0: 3 0x80001c32 (0xff7117e3)
core   0: 0x80001c20 (0x00008c2d) c.xor   s0, a1
core   0: 3 0x80001c20 (0x8c2d) x8  0x80026636
core   0: 0x80001c22 (0x000086f5) c.srai  a3, 29
core   0: 3 0x80001c22 (0x86f5) x13 0x00000000
core   0: 0x80001c24 (0x00b8d833) srl     a6, a7, a1
core   0: 3 0x80001c24 (0x00b8d833) x16 0x00400000
core   0: 0x80001c28 (0x00000105) c.addi  sp, 1
core   0: 3 0x80001c28 (0x0105) x2  0x00000009
core   0: 0x80001c2a (0x98729817) auipc   a6, 0x98729
core   0: 3 0x80001c2a (0x98729817) x16 0x1872ac2a
core   0: 0x80001c2e (0x01df9fb3) sll     t6, t6, t4
core   0: 3 0x80001c2e (0x01df9fb3) x31 0x00000000
core   0: 0x80001c32 (0xff7117e3) bne     sp, s7, pc - 18
core   0: 3 0x80001c32 (0xff7117e3)
core   0: 0x80001c20 (0x00008c2d) c.xor   s0, a1
core   0: 3 0x80001c20 (0x8c2d) x8  0x0000fad2
core   0: 0x80001c22 (0x000086f5) c.srai  a3, 29
core   0: 3 0x80001c22 (0x86f5) x13 0x00000000
core   0: 0x80001c24 (0x00b8d833) srl     a6, a7, a1
core   0: 3 0x80001c24 (0x00b8d833) x16 0x00400000
core   0: 0x80001c28 (0x00000105) c.addi  sp, 1
core   0: 3 0x80001c28 (0x0105) x2  0x0000000a
core   0: 0x80001c2a (0x98729817) auipc   a6, 0x98729
core   0: 3 0x80001c2a (0x98729817) x16 0x1872ac2a
core   0: 0x80001c2e (0x01df9fb3) sll     t6, t6, t4
core   0: 3 0x80001c2e (0x01df9fb3) x31 0x00000000
core   0: 0x80001c32 (0xff7117e3) bne     sp, s7, pc - 18
core   0: 3 0x80001c32 (0xff7117e3)
core   0: 0x80001c20 (0x00008c2d) c.xor   s0, a1
core   0: 3 0x80001c20 (0x8c2d) x8  0x80026636
core   0: 0x80001c22 (0x000086f5) c.srai  a3, 29
core   0: 3 0x80001c22 (0x86f5) x13 0x00000000
core   0: 0x80001c24 (0x00b8d833) srl     a6, a7, a1
core   0: 3 0x80001c24 (0x00b8d833) x16 0x00400000
core   0: 0x80001c28 (0x00000105) c.addi  sp, 1
core   0: 3 0x80001c28 (0x0105) x2  0x0000000b
core   0: 0x80001c2a (0x98729817) auipc   a6, 0x98729
core   0: 3 0x80001c2a (0x98729817) x16 0x1872ac2a
core   0: 0x80001c2e (0x01df9fb3) sll     t6, t6, t4
core   0: 3 0x80001c2e (0x01df9fb3) x31 0x00000000
core   0: 0x80001c32 (0xff7117e3) bne     sp, s7, pc - 18
core   0: 3 0x80001c32 (0xff7117e3)
core   0: 0x80001c20 (0x00008c2d) c.xor   s0, a1
core   0: 3 0x80001c20 (0x8c2d) x8  0x0000fad2
core   0: 0x80001c22 (0x000086f5) c.srai  a3, 29
core   0: 3 0x80001c22 (0x86f5) x13 0x00000000
core   0: 0x80001c24 (0x00b8d833) srl     a6, a7, a1
core   0: 3 0x80001c24 (0x00b8d833) x16 0x00400000
core   0: 0x80001c28 (0x00000105) c.addi  sp, 1
core   0: 3 0x80001c28 (0x0105) x2  0x0000000c
core   0: 0x80001c2a (0x98729817) auipc   a6, 0x98729
core   0: 3 0x80001c2a (0x98729817) x16 0x1872ac2a
core   0: 0x80001c2e (0x01df9fb3) sll     t6, t6, t4
core   0: 3 0x80001c2e (0x01df9fb3) x31 0x00000000
core   0: 0x80001c32 (0xff7117e3) bne     sp, s7, pc - 18
core   0: 3 0x80001c32 (0xff7117e3)
core   0: 0x80001c20 (0x00008c2d) c.xor   s0, a1
core   0: 3 0x80001c20 (0x8c2d) x8  0x80026636
core   0: 0x80001c22 (0x000086f5) c.srai  a3, 29
core   0: 3 0x80001c22 (0x86f5) x13 0x00000000
core   0: 0x80001c24 (0x00b8d833) srl     a6, a7, a1
core   0: 3 0x80001c24 (0x00b8d833) x16 0x00400000
core   0: 0x80001c28 (0x00000105) c.addi  sp, 1
core   0: 3 0x80001c28 (0x0105) x2  0x0000000d
core   0: 0x80001c2a (0x98729817) auipc   a6, 0x98729
core   0: 3 0x80001c2a (0x98729817) x16 0x1872ac2a
core   0: 0x80001c2e (0x01df9fb3) sll     t6, t6, t4
core   0: 3 0x80001c2e (0x01df9fb3) x31 0x00000000
core   0: 0x80001c32 (0xff7117e3) bne     sp, s7, pc - 18
core   0: 3 0x80001c32 (0xff7117e3)
core   0: 0x80001c20 (0x00008c2d) c.xor   s0, a1
core   0: 3 0x80001c20 (0x8c2d) x8  0x0000fad2
core   0: 0x80001c22 (0x000086f5) c.srai  a3, 29
core   0: 3 0x80001c22 (0x86f5) x13 0x00000000
core   0: 0x80001c24 (0x00b8d833) srl     a6, a7, a1
core   0: 3 0x80001c24 (0x00b8d833) x16 0x00400000
core   0: 0x80001c28 (0x00000105) c.addi  sp, 1
core   0: 3 0x80001c28 (0x0105) x2  0x0000000e
core   0: 0x80001c2a (0x98729817) auipc   a6, 0x98729
core   0: 3 0x80001c2a (0x98729817) x16 0x1872ac2a
core   0: 0x80001c2e (0x01df9fb3) sll     t6, t6, t4
core   0: 3 0x80001c2e (0x01df9fb3) x31 0x00000000
core   0: 0x80001c32 (0xff7117e3) bne     sp, s7, pc - 18
core   0: 3 0x80001c32 (0xff7117e3)
core   0: 0x80001c20 (0x00008c2d) c.xor   s0, a1
core   0: 3 0x80001c20 (0x8c2d) x8  0x80026636
core   0: 0x80001c22 (0x000086f5) c.srai  a3, 29
core   0: 3 0x80001c22 (0x86f5) x13 0x00000000
core   0: 0x80001c24 (0x00b8d833) srl     a6, a7, a1
core   0: 3 0x80001c24 (0x00b8d833) x16 0x00400000
core   0: 0x80001c28 (0x00000105) c.addi  sp, 1
core   0: 3 0x80001c28 (0x0105) x2  0x0000000f
core   0: 0x80001c2a (0x98729817) auipc   a6, 0x98729
core   0: 3 0x80001c2a (0x98729817) x16 0x1872ac2a
core   0: 0x80001c2e (0x01df9fb3) sll     t6, t6, t4
core   0: 3 0x80001c2e (0x01df9fb3) x31 0x00000000
core   0: 0x80001c32 (0xff7117e3) bne     sp, s7, pc - 18
core   0: 3 0x80001c32 (0xff7117e3)
core   0: 0x80001c20 (0x00008c2d) c.xor   s0, a1
core   0: 3 0x80001c20 (0x8c2d) x8  0x0000fad2
core   0: 0x80001c22 (0x000086f5) c.srai  a3, 29
core   0: 3 0x80001c22 (0x86f5) x13 0x00000000
core   0: 0x80001c24 (0x00b8d833) srl     a6, a7, a1
core   0: 3 0x80001c24 (0x00b8d833) x16 0x00400000
core   0: 0x80001c28 (0x00000105) c.addi  sp, 1
core   0: 3 0x80001c28 (0x0105) x2  0x00000010
core   0: 0x80001c2a (0x98729817) auipc   a6, 0x98729
core   0: 3 0x80001c2a (0x98729817) x16 0x1872ac2a
core   0: 0x80001c2e (0x01df9fb3) sll     t6, t6, t4
core   0: 3 0x80001c2e (0x01df9fb3) x31 0x00000000
core   0: 0x80001c32 (0xff7117e3) bne     sp, s7, pc - 18
core   0: 3 0x80001c32 (0xff7117e3)
core   0: 0x80001c36 (0xfd2e87e3) beq     t4, s2, pc - 50
core   0: 3 0x80001c36 (0xfd2e87e3)
core   0: 0x80001c3a (0x00ed0a33) add     s4, s10, a4
core   0: 3 0x80001c3a (0x00ed0a33) x20 0x0901a000
core   0: 0x80001c3e (0x0000469d) c.li    a3, 7
core   0: 3 0x80001c3e (0x469d) x13 0x00000007
core   0: 0x80001c40 (0x00a178b3) and     a7, sp, a0
core   0: 3 0x80001c40 (0x00a178b3) x17 0x00000010
core   0: 0x80001c44 (0x02aebdb3) mulhu   s11, t4, a0
core   0: 3 0x80001c44 (0x02aebdb3) x27 0x00000000
core   0: 0x80001c48 (0x00005ae1) c.li    s5, -8
core   0: 3 0x80001c48 (0x5ae1) x21 0xfffffff8
core   0: 0x80001c4a (0x00008ca1) c.xor   s1, s0
core   0: 3 0x80001c4a (0x8ca1) x9  0xffff052d
core   0: 0x80001c4c (0x03bf0f33) mul     t5, t5, s11
core   0: 3 0x80001c4c (0x03bf0f33) x30 0x00000000
core   0: 0x80001c50 (0x03f1a8b3) mulhsu  a7, gp, t6
core   0: 3 0x80001c50 (0x03f1a8b3) x17 0x00000000
core   0: 0x80001c54 (0xb5dc6393) ori     t2, s8, -1187
core   0: 3 0x80001c54 (0xb5dc6393) x7  0xfffffb5d
core   0: 0x80001c58 (0x0343a033) mulhsu  zero, t2, s4
core   0: 3 0x80001c58 (0x0343a033)
core   0: 0x80001c5c (0x000016ed) c.addi  a3, -5
core   0: 3 0x80001c5c (0x16ed) x13 0x00000002
core   0: 0x80001c5e (0x00008fe5) c.and   a5, s1
core   0: 3 0x80001c5e (0x8fe5) x15 0xffff0520
core   0: 0x80001c60 (0xd8683e13) sltiu   t3, a6, -634
core   0: 3 0x80001c60 (0xd8683e13) x28 0x00000001
core   0: 0x80001c64 (0xfc9af913) andi    s2, s5, -55
core   0: 3 0x80001c64 (0xfc9af913) x18 0xffffffc8
core   0: 0x80001c68 (0xff5688e3) beq     a3, s5, pc - 16
core   0: 3 0x80001c68 (0xff5688e3)
core   0: 0x80001c6c (0x0000079e) c.slli  a5, 7
core   0: 3 0x80001c6c (0x079e) x15 0xff829000
core   0: 0x80001c6e (0x0001ae97) auipc   t4, 0x1a
core   0: 3 0x80001c6e (0x0001ae97) x29 0x8001bc6e
core   0: 0x80001c72 (0xe16e8e93) addi    t4, t4, -490
core   0: 3 0x80001c72 (0xe16e8e93) x29 0x8001ba84
core   0: 0x80001c76 (0x314e9f03) lh      t5, 788(t4)
core   0: 3 0x80001c76 (0x314e9f03) x30 0x00005253 mem 0x8001bd98
core   0: 0x80001c7a (0x7c7e8f83) lb      t6, 1991(t4)
core   0: 3 0x80001c7a (0x7c7e8f83) x31 0x00000000 mem 0x8001c24b
core   0: 0x80001c7e (0xf6fe8203) lb      tp, -145(t4)
core   0: 3 0x80001c7e (0xf6fe8203) x4  0xffffffa8 mem 0x8001b9f3
core   0: 0x80001c82 (0x643ec503) lbu     a0, 1603(t4)
core   0: 3 0x80001c82 (0x643ec503) x10 0x0000007c mem 0x8001c0c7
core   0: 0x80001c86 (0x134b4197) auipc   gp, 0x134b4
core   0: 3 0x80001c86 (0x134b4197) x3  0x934b5c86
core   0: 0x80001c8a (0x03da01b3) mul     gp, s4, t4
core   0: 3 0x80001c8a (0x03da01b3) x3  0x73168000
core   0: 0x80001c8e (0x404d5693) srai    a3, s10, 4
core   0: 3 0x80001c8e (0x404d5693) x13 0x00901a00
core   0: 0x80001c92 (0x000006e9) c.addi  a3, 26
core   0: 3 0x80001c92 (0x06e9) x13 0x00901a1a
core   0: 0x80001c94 (0x7ddec083) lbu     ra, 2013(t4)
core   0: 3 0x80001c94 (0x7ddec083) x1  0x0000001a mem 0x8001c261
core   0: 0x80001c98 (0x01399a93) slli    s5, s3, 19
core   0: 3 0x80001c98 (0x01399a93) x21 0x00000000
core   0: 0x80001c9c (0x00000e00) c.addi4spn s0, sp, 784
core   0: 3 0x80001c9c (0x0e00) x8  0x00000320
core   0: 0x80001c9e (0xa6be8323) sb      a1, -1434(t4)
core   0: 3 0x80001c9e (0xa6be8323) mem 0x8001b4ea 0xe4
core   0: 0x80001ca2 (0x00513d33) sltu    s10, sp, t0
core   0: 3 0x80001ca2 (0x00513d33) x26 0x00000001
core   0: 0x80001ca6 (0x0000717d) c.addi16sp sp, -16
core   0: 3 0x80001ca6 (0x717d) x2  0x00000000
core   0: 0x80001ca8 (0x7d0ea223) sw      a6, 1988(t4)
core   0: 3 0x80001ca8 (0x7d0ea223) mem 0x8001c248 0x1872ac2a
core   0: 0x80001cac (0x02507a33) remu    s4, zero, t0
core   0: 3 0x80001cac (0x02507a33) x20 0x00000000
core   0: 0x80001cb0 (0x00001e7d) c.addi  t3, -1
core   0: 3 0x80001cb0 (0x1e7d) x28 0x00000000
core   0: 0x80001cb2 (0x95ee9b03) lh      s6, -1698(t4)
core   0: 3 0x80001cb2 (0x95ee9b03) x22 0xffff9899 mem 0x8001b3e2
core   0: 0x80001cb6 (0x9cd68793) addi    a5, a3, -1587
core   0: 3 0x80001cb6 (0x9cd68793) x15 0x009013e7
core   0: 0x80001cba (0x1c8ed703) lhu     a4, 456(t4)
core   0: 3 0x80001cba (0x1c8ed703) x14 0x00000607 mem 0x8001bc4c
core   0: 0x80001cbe (0xe82e84a3) sb      sp, -375(t4)
core   0: 3 0x80001cbe (0xe82e84a3) mem 0x8001b90d 0x00
core   0: 0x80001cc2 (0xf88e8823) sb      s0, -112(t4)
core   0: 3 0x80001cc2 (0xf88e8823) mem 0x8001ba14 0x20
core   0: 0x80001cc6 (0x01b83033) sltu    zero, a6, s11
core   0: 3 0x80001cc6 (0x01b83033)
core   0: 0x80001cca (0x00be1693) slli    a3, t3, 11
core   0: 3 0x80001cca (0x00be1693) x13 0x00000000
core   0: 0x80001cce (0x00d6be33) sltu    t3, a3, a3
core   0: 3 0x80001cce (0x00d6be33) x28 0x00000000
core   0: 0x80001cd2 (0x627e8403) lb      s0, 1575(t4)
core   0: 3 0x80001cd2 (0x627e8403) x8  0x00000060 mem 0x8001c0ab
core   0: 0x80001cd6 (0x6e9e87a3) sb      s1, 1775(t4)
core   0: 3 0x80001cd6 (0x6e9e87a3) mem 0x8001c173 0x2d
core   0: 0x80001cda (0x337e8083) lb      ra, 823(t4)
core   0: 3 0x80001cda (0x337e8083) x1  0x00000070 mem 0x8001bdbb
core   0: 0x80001cde (0x4d7baa13) slti    s4, s7, 1239
core   0: 3 0x80001cde (0x4d7baa13) x20 0x00000001
core   0: 0x80001ce2 (0x00857f33) and     t5, a0, s0
core   0: 3 0x80001ce2 (0x00857f33) x30 0x00000060
core   0: 0x80001ce6 (0x000088aa) c.mv    a7, a0
core   0: 3 0x80001ce6 (0x88aa) x17 0x0000007c
core   0: 0x80001ce8 (0x195e8a83) lb      s5, 405(t4)
core   0: 3 0x80001ce8 (0x195e8a83) x21 0xffffffd2 mem 0x8001bc19
core   0: 0x80001cec (0x0000833d) c.srli  a4, 15
core   0: 3 0x80001cec (0x833d) x14 0x00000000
core   0: 0x80001cee (0xe50e9203) lh      tp, -432(t4)
core   0: 3 0x80001cee (0xe50e9203) x4  0xffff8e8f mem 0x8001b8d4
core   0: 0x80001cf2 (0x018006ef) jal     a3, pc + 0x18
core   0: 3 0x80001cf2 (0x018006ef) x13 0x80001cf6
core   0: 0x80001d0a (0x00002019) c.jal   pc + 6
core   0: 3 0x80001d0a (0x2019) x1  0x80001d0c
core   0: 0x80001d10 (0x014000ef) jal     pc + 0x14
core   0: 3 0x80001d10 (0x014000ef) x1  0x80001d14
core   0: 0x80001d24 (0x00002029) c.jal   pc + 10
core   0: 3 0x80001d24 (0x2029) x1  0x80001d26
core   0: 0x80001d2e (0xfe7ff0ef) jal     pc - 0x1a
core   0: 3 0x80001d2e (0xfe7ff0ef) x1  0x80001d32
core   0: 0x80001d14 (0x0060066f) jal     a2, pc + 0x6
core   0: 3 0x80001d14 (0x0060066f) x12 0x80001d18
core   0: 0x80001d1a (0x0000bff1) c.j     pc - 36
core   0: 3 0x80001d1a (0xbff1)
core   0: 0x80001cf6 (0x0000a035) c.j     pc + 44
core   0: 3 0x80001cf6 (0xa035)
core   0: 0x80001d22 (0x0000bffd) c.j     pc - 2
core   0: 3 0x80001d22 (0xbffd)
core   0: 0x80001d20 (0x0000bfe1) c.j     pc - 40
core   0: 3 0x80001d20 (0xbfe1)
core   0: 0x80001cf8 (0x010000ef) jal     pc + 0x10
core   0: 3 0x80001cf8 (0x010000ef) x1  0x80001cfc
core   0: 0x80001d08 (0x0000a011) c.j     pc + 4
core   0: 3 0x80001d08 (0xa011)
core   0: 0x80001d0c (0x01a000ef) jal     pc + 0x1a
core   0: 3 0x80001d0c (0x01a000ef) x1  0x80001d10
core   0: 0x80001d26 (0x006000ef) jal     pc + 0x6
core   0: 3 0x80001d26 (0x006000ef) x1  0x80001d2a
core   0: 0x80001d2c (0x0000bfd1) c.j     pc - 44
core   0: 3 0x80001d2c (0xbfd1)
core   0: 0x80001d00 (0x0000bff5) c.j     pc - 4
core   0: 3 0x80001d00 (0xbff5)
core   0: 0x80001cfc (0x020000ef) jal     pc + 0x20
core   0: 3 0x80001cfc (0x020000ef) x1  0x80001d00
core   0: 0x80001d1c (0xfe9ff0ef) jal     pc - 0x18
core   0: 3 0x80001d1c (0xfe9ff0ef) x1  0x80001d20
core   0: 0x80001d04 (0x026000ef) jal     pc + 0x26
core   0: 3 0x80001d04 (0x026000ef) x1  0x80001d08
core   0: 0x80001d2a (0x00003fe1) c.jal   pc - 40
core   0: 3 0x80001d2a (0x3fe1) x1  0x80001d2c
core   0: 0x80001d02 (0x0000a819) c.j     pc + 22
core   0: 3 0x80001d02 (0xa819)
core   0: 0x80001d18 (0x00002829) c.jal   pc + 26
core   0: 3 0x80001d18 (0x2829) x1  0x80001d1a
core   0: 0x80001d32 (0x4002d9b3) sra     s3, t0, zero
core   0: 3 0x80001d32 (0x4002d9b3) x19 0x80019572
core   0: 0x80001d36 (0x0000f417) auipc   s0, 0xf
core   0: 3 0x80001d36 (0x0000f417) x8  0x80010d36
core   0: 0x80001d3a (0xfbd40413) addi    s0, s0, -67
core   0: 3 0x80001d3a (0xfbd40413) x8  0x80010cf3
core   0: 0x80001d3e (0x04044f83) lbu     t6, 64(s0)
core   0: 3 0x80001d3e (0x04044f83) x31 0x000000e8 mem 0x80010d33
core   0: 0x80001d42 (0x04040b83) lb      s7, 64(s0)
core   0: 3 0x80001d42 (0x04040b83) x23 0xffffffe8 mem 0x80010d33
core   0: 0x80001d46 (0x01244883) lbu     a7, 18(s0)
core   0: 3 0x80001d46 (0x01244883) x17 0x000000be mem 0x80010d05
core   0: 0x80001d4a (0xfe744683) lbu     a3, -25(s0)
core   0: 3 0x80001d4a (0xfe744683) x13 0x00000091 mem 0x80010cda
core   0: 0x80001d4e (0x000057fd) c.li    a5, -1
core   0: 3 0x80001d4e (0x57fd) x15 0xffffffff
core   0: 0x80001d50 (0x01240623) sb      s2, 12(s0)
core   0: 3 0x80001d50 (0x01240623) mem 0x80010cff 0xc8
core   0: 0x80001d54 (0x01733933) sltu    s2, t1, s7
core   0: 3 0x80001d54 (0x01733933) x18 0x00000001
core   0: 0x80001d58 (0x02c40e03) lb      t3, 44(s0)
core   0: 3 0x80001d58 (0x02c40e03) x28 0xffffffd4 mem 0x80010d1f
core   0: 0x80001d5c (0xfd540123) sb      s5, -62(s0)
core   0: 3 0x80001d5c (0xfd540123) mem 0x80010cb5 0xd2
core   0: 0x80001d60 (0xfd340603) lb      a2, -45(s0)
core   0: 3 0x80001d60 (0xfd340603) x12 0x0000007d mem 0x80010cc6
core   0: 0x80001d64 (0xfd341f83) lh      t6, -45(s0)
core   0: 3 0x80001d64 (0xfd341f83) x31 0x00007c7d mem 0x80010cc6
core   0: 0x80001d68 (0x03341b83) lh      s7, 51(s0)
core   0: 3 0x80001d68 (0x03341b83) x23 0xffffdcdd mem 0x80010d26
core   0: 0x80001d6c (0x02f419a3) sh      a5, 51(s0)
core   0: 3 0x80001d6c (0x02f419a3) mem 0x80010d26 0xffff
core   0: 0x80001d70 (0x03345c03) lhu     s8, 51(s0)
core   0: 3 0x80001d70 (0x03345c03) x24 0x0000ffff mem 0x80010d26
core   0: 0x80001d74 (0xff041ca3) sh      a6, -7(s0)
core   0: 3 0x80001d74 (0xff041ca3) mem 0x80010cec 0xac2a
core   0: 0x80001d78 (0xfe440ca3) sb      tp, -7(s0)
core   0: 3 0x80001d78 (0xfe440ca3) mem 0x80010cec 0x8f
core   0: 0x80001d7c (0x02f44803) lbu     a6, 47(s0)
core   0: 3 0x80001d7c (0x02f44803) x16 0x000000d9 mem 0x80010d22
core   0: 0x80001d80 (0xfe140ba3) sb      ra, -9(s0)
core   0: 3 0x80001d80 (0xfe140ba3) mem 0x80010cea 0x1a
core   0: 0x80001d84 (0xfed40ba3) sb      a3, -9(s0)
core   0: 3 0x80001d84 (0xfed40ba3) mem 0x80010cea 0x91
core   0: 0x80001d88 (0x001414a3) sh      ra, 9(s0)
core   0: 3 0x80001d88 (0x001414a3) mem 0x80010cfc 0x1d1a
core   0: 0x80001d8c (0x00941703) lh      a4, 9(s0)
core   0: 3 0x80001d8c (0x00941703) x14 0x00001d1a mem 0x80010cfc
core   0: 0x80001d90 (0x00008ced) c.and   s1, a1
core   0: 3 0x80001d90 (0x8ced) x9  0x80020424
core   0: 0x80001d92 (0x038a3a33) mulhu   s4, s4, s8
core   0: 3 0x80001d92 (0x038a3a33) x20 0x00000000
core   0: 0x80001d96 (0xffb41f83) lh      t6, -5(s0)
core   0: 3 0x80001d96 (0xffb41f83) x31 0xffffa4a5 mem 0x80010cee
core   0: 0x80001d9a (0x0000fe97) auipc   t4, 0xf
core   0: 3 0x80001d9a (0x0000fe97) x29 0x80010d9a
core   0: 0x80001d9e (0x22ce8e93) addi    t4, t4, 556
core   0: 3 0x80001d9e (0x22ce8e93) x29 0x80010fc6
core   0: 0x80001da2 (0x017ec603) lbu     a2, 23(t4)
core   0: 3 0x80001da2 (0x017ec603) x12 0x00000096 mem 0x80010fdd
core   0: 0x80001da6 (0x017ec403) lbu     s0, 23(t4)
core   0: 3 0x80001da6 (0x017ec403) x8  0x00000096 mem 0x80010fdd
core   0: 0x80001daa (0x01de8ba3) sb      t4, 23(t4)
core   0: 3 0x80001daa (0x01de8ba3) mem 0x80010fdd 0xc6
core   0: 0x80001dae (0x017e8c03) lb      s8, 23(t4)
core   0: 3 0x80001dae (0x017e8c03) x24 0xffffffc6 mem 0x80010fdd
core   0: 0x80001db2 (0x017e8503) lb      a0, 23(t4)
core   0: 3 0x80001db2 (0x017e8503) x10 0xffffffc6 mem 0x80010fdd
core   0: 0x80001db6 (0xfc1e8623) sb      ra, -52(t4)
core   0: 3 0x80001db6 (0xfc1e8623) mem 0x80010f92 0x1a
core   0: 0x80001dba (0xfcce8b03) lb      s6, -52(t4)
core   0: 3 0x80001dba (0xfcce8b03) x22 0x0000001a mem 0x80010f92
core   0: 0x80001dbe (0x002e8523) sb      sp, 10(t4)
core   0: 3 0x80001dbe (0x002e8523) mem 0x80010fd0 0x00
core   0: 0x80001dc2 (0x011700b3) add     ra, a4, a7
core   0: 3 0x80001dc2 (0x011700b3) x1  0x00001dd8
core   0: 0x80001dc6 (0x00aec503) lbu     a0, 10(t4)
core   0: 3 0x80001dc6 (0x00aec503) x10 0x00000000 mem 0x80010fd0
core   0: 0x80001dca (0x03be8283) lb      t0, 59(t4)
core   0: 3 0x80001dca (0x03be8283) x5  0xffffffba mem 0x80011001
core   0: 0x80001dce (0xfc6ed503) lhu     a0, -58(t4)
core   0: 3 0x80001dce (0xfc6ed503) x10 0x00004647 mem 0x80010f8c
core   0: 0x80001dd2 (0xfd2e9323) sh      s2, -58(t4)
core   0: 3 0x80001dd2 (0xfd2e9323) mem 0x80010f8c 0x0001
core   0: 0x80001dd6 (0x00008d55) c.or    a0, a3
core   0: 3 0x80001dd6 (0x8d55) x10 0x000046d7
core   0: 0x80001dd8 (0x000ec183) lbu     gp, 0(t4)
core   0: 3 0x80001dd8 (0x000ec183) x3  0x0000007d mem 0x80010fc6
core   0: 0x80001ddc (0x000edd83) lhu     s11, 0(t4)
core   0: 3 0x80001ddc (0x000edd83) x27 0x00007c7d mem 0x80010fc6
core   0: 0x80001de0 (0x01ce9023) sh      t3, 0(t4)
core   0: 3 0x80001de0 (0x01ce9023) mem 0x80010fc6 0xffd4
core   0: 0x80001de4 (0x01aa7833) and     a6, s4, s10
core   0: 3 0x80001de4 (0x01aa7833) x16 0x00000000
core   0: 0x80001de8 (0x000e8d03) lb      s10, 0(t4)
core   0: 3 0x80001de8 (0x000e8d03) x26 0xffffffd4 mem 0x80010fc6
core   0: 0x80001dec (0x017ec283) lbu     t0, 23(t4)
core   0: 3 0x80001dec (0x017ec283) x5  0x000000c6 mem 0x80010fdd
core   0: 0x80001df0 (0x035e8103) lb      sp, 53(t4)
core   0: 3 0x80001df0 (0x035e8103) x2  0xffffffb0 mem 0x80010ffb
core   0: 0x80001df4 (0x035e8b03) lb      s6, 53(t4)
core   0: 3 0x80001df4 (0x035e8b03) x22 0xffffffb0 mem 0x80010ffb
core   0: 0x80001df8 (0x00008f9d) c.sub   a5, a5
core   0: 3 0x80001df8 (0x8f9d) x15 0x00000000
core   0: 0x80001dfa (0xfd0e8183) lb      gp, -48(t4)
core   0: 3 0x80001dfa (0xfd0e8183) x3  0x0000004d mem 0x80010f96
core   0: 0x80001dfe (0x00004421) c.li    s0, 8
core   0: 3 0x80001dfe (0x4421) x8  0x00000008
core   0: 0x80001e00 (0x00004f1d) c.li    t5, 7
core   0: 3 0x80001e00 (0x4f1d) x30 0x00000007
core   0: 0x80001e02 (0x01a546b3) xor     a3, a0, s10
core   0: 3 0x80001e02 (0x01a546b3) x13 0xffffb903
core   0: 0x80001e06 (0x00000001) c.nop
core   0: 3 0x80001e06 (0x0001)
core   0: 0x80001e08 (0x00008e35) c.xor   a2, a3
core   0: 3 0x80001e08 (0x8e35) x12 0xffffb995
core   0: 0x80001e0a (0x02a157b3) divu    a5, sp, a0
core   0: 3 0x80001e0a (0x02a157b3) x15 0x00039d21
core   0: 0x80001e0e (0x4166d893) srai    a7, a3, 22
core   0: 3 0x80001e0e (0x4166d893) x17 0xffffffff
core   0: 0x80001e12 (0x0000146d) c.addi  s0, -5
core   0: 3 0x80001e12 (0x146d) x8  0x00000003
core   0: 0x80001e14 (0x02465c33) divu    s8, a2, tp
core   0: 3 0x80001e14 (0x02465c33) x24 0x00000001
core   0: 0x80001e18 (0x0000449d) c.li    s1, 7
core   0: 3 0x80001e18 (0x449d) x9  0x00000007
core   0: 0x80001e1a (0x000061d5) c.lui   gp, 0x15
core   0: 3 0x80001e1a (0x61d5) x3  0x00015000
core   0: 0x80001e1c (0x04755937) lui     s2, 0x4755
core   0: 3 0x80001e1c (0x04755937) x18 0x04755000
core   0: 0x80001e20 (0x0000997d) c.andi  a0, -1
core   0: 3 0x80001e20 (0x997d) x10 0x000046d7
core   0: 0x80001e22 (0x00004f95) c.li    t6, 5
core   0: 3 0x80001e22 (0x4f95) x31 0x00000005
core   0: 0x80001e24 (0x00004871) c.li    a6, 28
core   0: 3 0x80001e24 (0x4871) x16 0x0000001c
core   0: 0x80001e26 (0x00ae5713) srli    a4, t3, 10
core   0: 3 0x80001e26 (0x00ae5713) x14 0x003fffff
core   0: 0x80001e2a (0x5c98e393) ori     t2, a7, 1481
core   0: 3 0x80001e2a (0x5c98e393) x7  0xffffffff
core   0: 0x80001e2e (0x01562db3) slt     s11, a2, s5
core   0: 3 0x80001e2e (0x01562db3) x27 0x00000001
core   0: 0x80001e32 (0x69e63993) sltiu   s3, a2, 1694
core   0: 3 0x80001e32 (0x69e63993) x19 0x00000000
core   0: 0x80001e36 (0x00000721) c.addi  a4, 8
core   0: 3 0x80001e36 (0x0721) x14 0x00400007
core   0: 0x80001e38 (0x00009522) c.add   a0, s0
core   0: 3 0x80001e38 (0x9522) x10 0x000046da
core   0: 0x80001e3a (0x000014fd) c.addi  s1, -1
core   0: 3 0x80001e3a (0x14fd) x9  0x00000006
core   0: 0x80001e3c (0x00000616) c.slli  a2, 5
core   0: 3 0x80001e3c (0x0616) x12 0xfff732a0
core   0: 0x80001e3e (0x000087a5) c.srai  a5, 9
core   0: 3 0x80001e3e (0x87a5) x15 0x000001ce
core   0: 0x80001e40 (0x02e38933) mul     s2, t2, a4
core   0: 3 0x80001e40 (0x02e38933) x18 0xffbffff9
core   0: 0x80001e44 (0xfff4f3e3) bgeu    s1, t6, pc - 26
core   0: 3 0x80001e44 (0xfff4f3e3)
core   0: 0x80001e2a (0x5c98e393) ori     t2, a7, 1481
core   0: 3 0x80001e2a (0x5c98e393) x7  0xffffffff
core   0: 0x80001e2e (0x01562db3) slt     s11, a2, s5
core   0: 3 0x80001e2e (0x01562db3) x27 0x00000001
core   0: 0x80001e32 (0x69e63993) sltiu   s3, a2, 1694
core   0: 3 0x80001e32 (0x69e63993) x19 0x00000000
core   0: 0x80001e36 (0x00000721) c.addi  a4, 8
core   0: 3 0x80001e36 (0x0721) x14 0x0040000f
core   0: 0x80001e38 (0x00009522) c.add   a0, s0
core   0: 3 0x80001e38 (0x9522) x10 0x000046dd
core   0: 0x80001e3a (0x000014fd) c.addi  s1, -1
core   0: 3 0x80001e3a (0x14fd) x9  0x00000005
core   0: 0x80001e3c (0x00000616) c.slli  a2, 5
core   0: 3 0x80001e3c (0x0616) x12 0xfee65400
core   0: 0x80001e3e (0x000087a5) c.srai  a5, 9
core   0: 3 0x80001e3e (0x87a5) x15 0x00000000
core   0: 0x80001e40 (0x02e38933) mul     s2, t2, a4
core   0: 3 0x80001e40 (0x02e38933) x18 0xffbffff1
core   0: 0x80001e44 (0xfff4f3e3) bgeu    s1, t6, pc - 26
core   0: 3 0x80001e44 (0xfff4f3e3)
core   0: 0x80001e2a (0x5c98e393) ori     t2, a7, 1481
core   0: 3 0x80001e2a (0x5c98e393) x7  0xffffffff
core   0: 0x80001e2e (0x01562db3) slt     s11, a2, s5
core   0: 3 0x80001e2e (0x01562db3) x27 0x00000001
core   0: 0x80001e32 (0x69e63993) sltiu   s3, a2, 1694
core   0: 3 0x80001e32 (0x69e63993) x19 0x00000000
core   0: 0x80001e36 (0x00000721) c.addi  a4, 8
core   0: 3 0x80001e36 (0x0721) x14 0x00400017
core   0: 0x80001e38 (0x00009522) c.add   a0, s0
core   0: 3 0x80001e38 (0x9522) x10 0x000046e0
core   0: 0x80001e3a (0x000014fd) c.addi  s1, -1
core   0: 3 0x80001e3a (0x14fd) x9  0x00000004
core   0: 0x80001e3c (0x00000616) c.slli  a2, 5
core   0: 3 0x80001e3c (0x0616) x12 0xdcca8000
core   0: 0x80001e3e (0x000087a5) c.srai  a5, 9
core   0: 3 0x80001e3e (0x87a5) x15 0x00000000
core   0: 0x80001e40 (0x02e38933) mul     s2, t2, a4
core   0: 3 0x80001e40 (0x02e38933) x18 0xffbfffe9
core   0: 0x80001e44 (0xfff4f3e3) bgeu    s1, t6, pc - 26
core   0: 3 0x80001e44 (0xfff4f3e3)
core   0: 0x80001e48 (0xfde450e3) bge     s0, t5, pc - 64
core   0: 3 0x80001e48 (0xfde450e3)
core   0: 0x80001e4c (0x00006159) c.addi16sp sp, 400
core   0: 3 0x80001e4c (0x6159) x2  0x00000140
core   0: 0x80001e4e (0x0001f117) auipc   sp, 0x1f
core   0: 3 0x80001e4e (0x0001f117) x2  0x80020e4e
core   0: 0x80001e52 (0x8c410113) addi    sp, sp, -1852
core   0: 3 0x80001e52 (0x8c410113) x2  0x80020712
core   0: 0x80001e56 (0x029d8733) mul     a4, s11, s1
core   0: 3 0x80001e56 (0x029d8733) x14 0x00000004
core   0: 0x80001e5a (0x6003a713) slti    a4, t2, 1536
core   0: 3 0x80001e5a (0x6003a713) x14 0x00000001
core   0: 0x80001e5e (0x01c91533) sll     a0, s2, t3
core   0: 3 0x80001e5e (0x01c91533) x10 0xfe900000
core   0: 0x80001e62 (0xe5712323) sw      s7, -442(sp)
core   0: 3 0x80001e62 (0xe5712323) mem 0x80020558 0xffffdcdd
core   0: 0x80001e66 (0xc2393193) sltiu   gp, s2, -989
core   0: 3 0x80001e66 (0xc2393193) x3  0x00000001
core   0: 0x80001e6a (0x00008c11) c.sub   s0, a2
core   0: 3 0x80001e6a (0x8c11) x8  0x23358003
core   0: 0x80001e6c (0x00009692) c.add   a3, tp
core   0: 3 0x80001e6c (0x9692) x13 0xffff4792
core   0: 0x80001e6e (0x028fa3b3) mulhsu  t2, t6, s0
core   0: 3 0x80001e6e (0x028fa3b3) x7  0x00000000
core   0: 0x80001e72 (0x00eb5f33) srl     t5, s6, a4
core   0: 3 0x80001e72 (0x00eb5f33) x30 0x7fffffd8
core   0: 0x80001e76 (0x1cbaa213) slti    tp, s5, 459
core   0: 3 0x80001e76 (0x1cbaa213) x4  0x00000001
core   0: 0x80001e7a (0x84a12923) sw      a0, -1966(sp)
core   0: 3 0x80001e7a (0x84a12923) mem 0x8001ff64 0xfe900000
core   0: 0x80001e7e (0x00008039) c.srli  s0, 14
core   0: 3 0x80001e7e (0x8039) x8  0x00008cd6
core   0: 0x80001e80 (0xbf114283) lbu     t0, -1039(sp)
core   0: 3 0x80001e80 (0xbf114283) x5  0x000000b8 mem 0x80020303
core   0: 0x80001e84 (0x415652b3) sra     t0, a2, s5
core   0: 3 0x80001e84 (0x415652b3) x5  0xfffff732
core   0: 0x80001e88 (0x62b02b93) slti    s7, zero, 1579
core   0: 3 0x80001e88 (0x62b02b93) x23 0x00000001
core   0: 0x80001e8c (0x41835433) sra     s0, t1, s8
core   0: 3 0x80001e8c (0x41835433) x8  0xc0012f32
core   0: 0x80001e90 (0xc7d1ac13) slti    s8, gp, -899
core   0: 3 0x80001e90 (0xc7d1ac13) x24 0x00000000
core   0: 0x80001e94 (0x000001e2) c.slli  gp, 24
core   0: 3 0x80001e94 (0x01e2) x3  0x01000000
core   0: 0x80001e96 (0x443df637) lui     a2, 0x443df
core   0: 3 0x80001e96 (0x443df637) x12 0x443df000
core   0: 0x80001e9a (0xbd611a23) sh      s6, -1068(sp)
core   0: 3 0x80001e9a (0xbd611a23) mem 0x800202e6 0xffb0
core   0: 0x80001e9e (0x03d6f8b3) remu    a7, a3, t4
core   0: 3 0x80001e9e (0x03d6f8b3) x17 0x7ffe37cc
core   0: 0x80001ea2 (0x00008632) c.mv    a2, a2
core   0: 3 0x80001ea2 (0x8632) x12 0x443df000
core   0: 0x80001ea4 (0xccdeb493) sltiu   s1, t4, -819
core   0: 3 0x80001ea4 (0xccdeb493) x9  0x00000001
core   0: 0x80001ea8 (0x008c38b3) sltu    a7, s8, s0
core   0: 3 0x80001ea8 (0x008c38b3) x17 0x00000001
core   0: 0x80001eac (0x2f56f393) andi    t2, a3, 757
core   0: 3 0x80001eac (0x2f56f393) x7  0x00000290
core   0: 0x80001eb0 (0x03f33233) mulhu   tp, t1, t6
core   0: 3 0x80001eb0 (0x03f33233) x4  0x00000002
core   0: 0x80001eb4 (0x2bf101a3) sb      t6, 675(sp)
core   0: 3 0x80001eb4 (0x2bf101a3) mem 0x800209b5 0x05
core   0: 0x80001eb8 (0x01ef5733) srl     a4, t5, t5
core   0: 3 0x80001eb8 (0x01ef5733) x14 0x0000007f
core   0: 0x80001ebc (0x9b710d83) lb      s11, -1609(sp)
core   0: 3 0x80001ebc (0x9b710d83) x27 0xffffff82 mem 0x800200c9
core   0: 0x80001ec0 (0x00000001) c.nop
core   0: 3 0x80001ec0 (0x0001)
core   0: 0x80001ec2 (0x86910783) lb      a5, -1943(sp)
core   0: 3 0x80001ec2 (0x86910783) x15 0x00000030 mem 0x8001ff7b
core   0: 0x80001ec6 (0x4fd35e37) lui     t3, 0x4fd35
core   0: 3 0x80001ec6 (0x4fd35e37) x28 0x4fd35000
core   0: 0x80001eca (0x84410d03) lb      s10, -1980(sp)
core   0: 3 0x80001eca (0x84410d03) x26 0x0000000d mem 0x8001ff56
core   0: 0x80001ece (0x00000001) c.nop
core   0: 3 0x80001ece (0x0001)
core   0: 0x80001ed0 (0x67f10423) sb      t6, 1640(sp)
core   0: 3 0x80001ed0 (0x67f10423) mem 0x80020d7a 0x05
core   0: 0x80001ed4 (0x0000577d) c.li    a4, -1
core   0: 3 0x80001ed4 (0x577d) x14 0xffffffff
core   0: 0x80001ed6 (0xb2c15003) lhu     zero, -1236(sp)
core   0: 3 0x80001ed6 (0xb2c15003) mem 0x8002023e
core   0: 0x80001eda (0x006006ef) jal     a3, pc + 0x6
core   0: 3 0x80001eda (0x006006ef) x13 0x80001ede
core   0: 0x80001ee0 (0x0000a005) c.j     pc + 32
core   0: 3 0x80001ee0 (0xa005)
core   0: 0x80001f00 (0x0000a031) c.j     pc + 12
core   0: 3 0x80001f00 (0xa031)
core   0: 0x80001f0c (0x000037e5) c.jal   pc - 24
core   0: 3 0x80001f0c (0x37e5) x1  0x80001f0e
core   0: 0x80001ef4 (0x0000a03d) c.j     pc + 46
core   0: 3 0x80001ef4 (0xa03d)
core   0: 0x80001f22 (0x0000b7e9) c.j     pc - 54
core   0: 3 0x80001f22 (0xb7e9)
core   0: 0x80001eec (0x0000a815) c.j     pc + 52
core   0: 3 0x80001eec (0xa815)
core   0: 0x80001f20 (0x0000b7ed) c.j     pc - 22
core   0: 3 0x80001f20 (0xb7ed)
core   0: 0x80001f0a (0x000037dd) c.jal   pc - 26
core   0: 3 0x80001f0a (0x37dd) x1  0x80001f0c
core   0: 0x80001ef0 (0xff5ff0ef) jal     pc - 0xc
core   0: 3 0x80001ef0 (0xff5ff0ef) x1  0x80001ef4
core   0: 0x80001ee4 (0x04c00def) jal     s11, pc + 0x4c
core   0: 3 0x80001ee4 (0x04c00def) x27 0x80001ee8
core   0: 0x80001f30 (0x0000bfd5) c.j     pc - 12
core   0: 3 0x80001f30 (0xbfd5)
core   0: 0x80001f24 (0x000037d1) c.jal   pc - 60
core   0: 3 0x80001f24 (0x37d1) x1  0x80001f26
core   0: 0x80001ee8 (0x00002039) c.jal   pc + 14
core   0: 3 0x80001ee8 (0x2039) x1  0x80001eea
core   0: 0x80001ef6 (0x010000ef) jal     pc + 0x10
core   0: 3 0x80001ef6 (0x010000ef) x1  0x80001efa
core   0: 0x80001f06 (0xfddff0ef) jal     pc - 0x24
core   0: 3 0x80001f06 (0xfddff0ef) x1  0x80001f0a
core   0: 0x80001ee2 (0x0000a035) c.j     pc + 44
core   0: 3 0x80001ee2 (0xa035)
core   0: 0x80001f0e (0x004000ef) jal     pc + 0x4
core   0: 3 0x80001f0e (0x004000ef) x1  0x80001f12
core   0: 0x80001f12 (0x00002029) c.jal   pc + 10
core   0: 3 0x80001f12 (0x2029) x1  0x80001f14
core   0: 0x80001f1c (0xfe1ff0ef) jal     pc - 0x20
core   0: 3 0x80001f1c (0xfe1ff0ef) x1  0x80001f20
core   0: 0x80001efc (0x01c000ef) jal     pc + 0x1c
core   0: 3 0x80001efc (0x01c000ef) x1  0x80001f00
core   0: 0x80001f18 (0x014000ef) jal     pc + 0x14
core   0: 3 0x80001f18 (0x014000ef) x1  0x80001f1c
core   0: 0x80001f2c (0xfffff1ef) jal     gp, pc - 0x2
core   0: 3 0x80001f2c (0xfffff1ef) x3  0x80001f30
core   0: 0x80001f2a (0x00003f55) c.jal   pc - 76
core   0: 3 0x80001f2a (0x3f55) x1  0x80001f2c
core   0: 0x80001ede (0x00002031) c.jal   pc + 12
core   0: 3 0x80001ede (0x2031) x1  0x80001ee0
core   0: 0x80001eea (0x00002801) c.jal   pc + 16
core   0: 3 0x80001eea (0x2801) x1  0x80001eec
core   0: 0x80001efa (0x00002829) c.jal   pc + 26
core   0: 3 0x80001efa (0x2829) x1  0x80001efc
core   0: 0x80001f14 (0xfdbff0ef) jal     pc - 0x26
core   0: 3 0x80001f14 (0xfdbff0ef) x1  0x80001f18
core   0: 0x80001eee (0x0000a825) c.j     pc + 56
core   0: 3 0x80001eee (0xa825)
core   0: 0x80001f26 (0xfddff0ef) jal     pc - 0x24
core   0: 3 0x80001f26 (0xfddff0ef) x1  0x80001f2a
core   0: 0x80001f02 (0x03000c6f) jal     s8, pc + 0x30
core   0: 3 0x80001f02 (0x03000c6f) x24 0x80001f06
core   0: 0x80001f32 (0x00009da2) c.add   s11, s0
core   0: 3 0x80001f32 (0x9da2) x27 0x40014e1a
core   0: 0x80001f34 (0x0000fd97) auipc   s11, 0xf
core   0: 3 0x80001f34 (0x0000fd97) x27 0x80010f34
core   0: 0x80001f38 (0xeced8d93) addi    s11, s11, -306
core   0: 3 0x80001f38 (0xeced8d93) x27 0x80010e02
core   0: 0x80001f3c (0xe69dc283) lbu     t0, -407(s11)
core   0: 3 0x80001f3c (0xe69dc283) x5  0x00000020 mem 0x80010c6b
core   0: 0x80001f40 (0x025dd7b3) divu    a5, s11, t0
core   0: 3 0x80001f40 (0x025dd7b3) x15 0x04000870
core   0: 0x80001f44 (0xdfce4913) xori    s2, t3, -516
core   0: 3 0x80001f44 (0xdfce4913) x18 0xb02cadfc
core   0: 0x80001f48 (0x00008539) c.srai  a0, 14
core   0: 3 0x80001f48 (0x8539) x10 0xfffffa40
core   0: 0x80001f4a (0x265bc193) xori    gp, s7, 613
core   0: 3 0x80001f4a (0x265bc193) x3  0x00000264
core   0: 0x80001f4e (0xb08dda03) lhu     s4, -1272(s11)
core   0: 3 0x80001f4e (0xb08dda03) x20 0x0000c0c1 mem 0x8001090a
core   0: 0x80001f52 (0x00006565) c.lui   a0, 0x19
core   0: 3 0x80001f52 (0x6565) x10 0x00019000
core   0: 0x80001f54 (0x205d82a3) sb      t0, 517(s11)
core   0: 3 0x80001f54 (0x205d82a3) mem 0x80011007 0x20
core   0: 0x80001f58 (0x403edeb3) sra     t4, t4, gp
core   0: 3 0x80001f58 (0x403edeb3) x29 0xf80010fc
core   0: 0x80001f5c (0x000096c2) c.add   a3, a6
core   0: 3 0x80001f5c (0x96c2) x13 0x80001efa
core   0: 0x80001f5e (0xcb5d8d03) lb      s10, -843(s11)
core   0: 3 0x80001f5e (0xcb5d8d03) x26 0x0000006c mem 0x80010ab7
core   0: 0x80001f62 (0x000093ee) c.add   t2, s11
core   0: 3 0x80001f62 (0x93ee) x7  0x80011092
core   0: 0x80001f64 (0x00009bfd) c.andi  a5, -1
core   0: 3 0x80001f64 (0x9bfd) x15 0x04000870
core   0: 0x80001f66 (0x03ddd033) divu    zero, s11, t4
core   0: 3 0x80001f66 (0x03ddd033)
core   0: 0x80001f6a (0x9cdd87a3) sb      a3, -1585(s11)
core   0: 3 0x80001f6a (0x9cdd87a3) mem 0x800107d1 0xfa
core   0: 0x80001f6e (0xa821c237) lui     tp, 0xa821c
core   0: 3 0x80001f6e (0xa821c237) x4  0xa821c000
core   0: 0x80001f72 (0x41a25fb3) sra     t6, tp, s10
core   0: 3 0x80001f72 (0x41a25fb3) x31 0xfffa821c
core   0: 0x80001f76 (0xcb4d87a3) sb      s4, -849(s11)
core   0: 3 0x80001f76 (0xcb4d87a3) mem 0x80010ab1 0xc1
core   0: 0x80001f7a (0x00008f09) c.sub   a4, a0
core   0: 3 0x80001f7a (0x8f09) x14 0xfffe6fff
core   0: 0x80001f7c (0x000094a6) c.add   s1, s1
core   0: 3 0x80001f7c (0x94a6) x9  0x00000002
core   0: 0x80001f7e (0xebfd9c23) sh      t6, -328(s11)
core   0: 3 0x80001f7e (0xebfd9c23) mem 0x80010cba 0x821c
core   0: 0x80001f82 (0xee2daf83) lw      t6, -286(s11)
core   0: 3 0x80001f82 (0xee2daf83) x31 0x9c9d9e9f mem 0x80010ce4
core   0: 0x80001f86 (0xe4fd8aa3) sb      a5, -427(s11)
core   0: 3 0x80001f86 (0xe4fd8aa3) mem 0x80010c57 0x70
core   0: 0x80001f8a (0xe05d8703) lb      a4, -507(s11)
core   0: 3 0x80001f8a (0xe05d8703) x14 0xffffffbc mem 0x80010c07
core   0: 0x80001f8e (0x001c9733) sll     a4, s9, ra
core   0: 3 0x80001f8e (0x001c9733) x14 0x00003c00
core   0: 0x80001f92 (0x00001210) c.addi4spn a2, sp, 288
core   0: 3 0x80001f92 (0x1210) x12 0x80020832
core   0: 0x80001f94 (0x926dc703) lbu     a4, -1754(s11)
core   0: 3 0x80001f94 (0x926dc703) x14 0x000000e3 mem 0x80010728
core   0: 0x80001f98 (0x00d83c33) sltu    s8, a6, a3
core   0: 3 0x80001f98 (0x00d83c33) x24 0x00000001
core   0: 0x80001f9c (0xe65dcb03) lbu     s6, -411(s11)
core   0: 3 0x80001f9c (0xe65dcb03) x22 0x0000001c mem 0x80010c67
core   0: 0x80001fa0 (0x8a0d87a3) sb      zero, -1873(s11)
core   0: 3 0x80001fa0 (0x8a0d87a3) mem 0x800106b1 0x00
core   0: 0x80001fa4 (0xcb7d8423) sb      s7, -856(s11)
core   0: 3 0x80001fa4 (0xcb7d8423) mem 0x80010aaa 0x01
core   0: 0x80001fa8 (0x01db1f93) slli    t6, s6, 29
core   0: 3 0x80001fa8 (0x01db1f93) x31 0x80000000
core   0: 0x80001fac (0xba8d9f23) sh      s0, -1090(s11)
core   0: 3 0x80001fac (0xba8d9f23) mem 0x800109c0 0x2f32
core   0: 0x80001fb0 (0x17ba2393) slti    t2, s4, 379
core   0: 3 0x80001fb0 (0x17ba2393) x7  0x00000000
core   0: 0x80001fb4 (0xb89d85a3) sb      s1, -1141(s11)
core   0: 3 0x80001fb4 (0xb89d85a3) mem 0x8001098d 0x02
core   0: 0x80001fb8 (0x05ada123) sw      s10, 66(s11)
core   0: 3 0x80001fb8 (0x05ada123) mem 0x80010e44 0x0000006c
core   0: 0x80001fbc (0x00008f5d) c.or    a4, a5
core   0: 3 0x80001fbc (0x8f5d) x14 0x040008f3
core   0: 0x80001fbe (0x110d8283) lb      t0, 272(s11)
core   0: 3 0x80001fbe (0x110d8283) x5  0xffffffc9 mem 0x80010f12
core   0: 0x80001fc2 (0x948d9523) sh      s0, -1718(s11)
core   0: 3 0x80001fc2 (0x948d9523) mem 0x8001074c 0x2f32
core   0: 0x80001fc6 (0x01c006ef) jal     a3, pc + 0x1c
core   0: 3 0x80001fc6 (0x01c006ef) x13 0x80001fca
core   0: 0x80001fe2 (0x00003fc5) c.jal   pc - 16
core   0: 3 0x80001fe2 (0x3fc5) x1  0x80001fe4
core   0: 0x80001fd2 (0x016000ef) jal     pc + 0x16
core   0: 3 0x80001fd2 (0x016000ef) x1  0x80001fd6
core   0: 0x80001fe8 (0x00002021) c.jal   pc + 8
core   0: 3 0x80001fe8 (0x2021) x1  0x80001fea
core   0: 0x80001ff0 (0x0000bff5) c.j     pc - 4
core   0: 3 0x80001ff0 (0xbff5)
core   0: 0x80001fec (0x0000b7cd) c.j     pc - 30
core   0: 3 0x80001fec (0xb7cd)
core   0: 0x80001fce (0x0000281d) c.jal   pc + 54
core   0: 3 0x80001fce (0x281d) x1  0x80001fd0
core   0: 0x80002004 (0x00003fe1) c.jal   pc - 40
core   0: 3 0x80002004 (0x3fe1) x1  0x80002006
core   0: 0x80001fdc (0x020000ef) jal     pc + 0x20
core   0: 3 0x80001fdc (0x020000ef) x1  0x80001fe0
core   0: 0x80001ffc (0x00003fdd) c.jal   pc - 10
core   0: 3 0x80001ffc (0x3fdd) x1  0x80001ffe
core   0: 0x80001ff2 (0x0000b7d5) c.j     pc - 28
core   0: 3 0x80001ff2 (0xb7d5)
core   0: 0x80001fd6 (0x00003fd5) c.jal   pc - 12
core   0: 3 0x80001fd6 (0x3fd5) x1  0x80001fd8
core   0: 0x80001fca (0x020000ef) jal     pc + 0x20
core   0: 3 0x80001fca (0x020000ef) x1  0x80001fce
core   0: 0x80001fea (0x00003ff5) c.jal   pc - 4
core   0: 3 0x80001fea (0x3ff5) x1  0x80001fec
core   0: 0x80001fe6 (0x00003fcd) c.jal   pc - 14
core   0: 3 0x80001fe6 (0x3fcd) x1  0x80001fe8
core   0: 0x80001fd8 (0x0000a819) c.j     pc + 22
core   0: 3 0x80001fd8 (0xa819)
core   0: 0x80001fee (0x0000bfdd) c.j     pc - 10
core   0: 3 0x80001fee (0xbfdd)
core   0: 0x80001fe4 (0x00002015) c.jal   pc + 36
core   0: 3 0x80001fe4 (0x2015) x1  0x80001fe6
core   0: 0x80002008 (0x00003fe5) c.jal   pc - 8
core   0: 3 0x80002008 (0x3fe5) x1  0x8000200a
core   0: 0x80002000 (0xfffff0ef) jal     pc - 0x2
core   0: 3 0x80002000 (0xfffff0ef) x1  0x80002004
core   0: 0x80001ffe (0x0000a021) c.j     pc + 8
core   0: 3 0x80001ffe (0xa021)
core   0: 0x80002006 (0x00003fd1) c.jal   pc - 44
core   0: 3 0x80002006 (0x3fd1) x1  0x80002008
core   0: 0x80001fda (0x0000a839) c.j     pc + 30
core   0: 3 0x80001fda (0xa839)
core   0: 0x80001ff8 (0x0000a009) c.j     pc + 2
core   0: 3 0x80001ff8 (0xa009)
core   0: 0x80001ffa (0x0000b7dd) c.j     pc - 26
core   0: 3 0x80001ffa (0xb7dd)
core   0: 0x80001fe0 (0x00002811) c.jal   pc + 20
core   0: 3 0x80001fe0 (0x2811) x1  0x80001fe2
core   0: 0x80001ff4 (0xfddff0ef) jal     pc - 0x24
core   0: 3 0x80001ff4 (0xfddff0ef) x1  0x80001ff8
core   0: 0x80001fd0 (0x0000282d) c.jal   pc + 58
core   0: 3 0x80001fd0 (0x282d) x1  0x80001fd2
core   0: 0x8000200a (0x00008d35) c.xor   a0, a3
core   0: 3 0x8000200a (0x8d35) x10 0x80018fca
core   0: 0x8000200c (0x020006ef) jal     a3, pc + 0x20
core   0: 3 0x8000200c (0x020006ef) x13 0x80002010
core   0: 0x8000202c (0x00002019) c.jal   pc + 6
core   0: 3 0x8000202c (0x2019) x1  0x8000202e
core   0: 0x80002032 (0x0000a821) c.j     pc + 24
core   0: 3 0x80002032 (0xa821)
core   0: 0x8000204a (0x010004ef) jal     s1, pc + 0x10
core   0: 3 0x8000204a (0x010004ef) x9  0x8000204e
core   0: 0x8000205a (0xfeffffef) jal     t6, pc - 0x12
core   0: 3 0x8000205a (0xfeffffef) x31 0x8000205e
core   0: 0x80002048 (0x0000b7dd) c.j     pc - 26
core   0: 3 0x80002048 (0xb7dd)
core   0: 0x8000202e (0x0000281d) c.jal   pc + 54
core   0: 3 0x8000202e (0x281d) x1  0x80002030
core   0: 0x80002064 (0x0000bfcd) c.j     pc - 14
core   0: 3 0x80002064 (0xbfcd)
core   0: 0x80002056 (0xfcbff0ef) jal     pc - 0x36
core   0: 3 0x80002056 (0xfcbff0ef) x1  0x8000205a
core   0: 0x80002020 (0x01c00a6f) jal     s4, pc + 0x1c
core   0: 3 0x80002020 (0x01c00a6f) x20 0x80002024
core   0: 0x8000203c (0x00002029) c.jal   pc + 10
core   0: 3 0x8000203c (0x2029) x1  0x8000203e
core   0: 0x80002046 (0x0000bffd) c.j     pc - 2
core   0: 3 0x80002046 (0xbffd)
core   0: 0x80002044 (0x0000bfc9) c.j     pc - 46
core   0: 3 0x80002044 (0xbfc9)
core   0: 0x80002016 (0x01a002ef) jal     t0, pc + 0x1a
core   0: 3 0x80002016 (0x01a002ef) x5  0x8000201a
core   0: 0x80002030 (0x0000a03d) c.j     pc + 46
core   0: 3 0x80002030 (0xa03d)
core   0: 0x8000205e (0x0000bfd9) c.j     pc - 42
core   0: 3 0x8000205e (0xbfd9)
core   0: 0x80002034 (0x00e000ef) jal     pc + 0xe
core   0: 3 0x80002034 (0x00e000ef) x1  0x80002038
core   0: 0x80002042 (0x00003fc1) c.jal   pc - 48
core   0: 3 0x80002042 (0x3fc1) x1  0x80002044
core   0: 0x80002012 (0x016000ef) jal     pc + 0x16
core   0: 3 0x80002012 (0x016000ef) x1  0x80002016
core   0: 0x80002028 (0xfe9ff96f) jal     s2, pc - 0x18
core   0: 3 0x80002028 (0xfe9ff96f) x18 0x8000202c
core   0: 0x80002010 (0x0000a081) c.j     pc + 64
core   0: 3 0x80002010 (0xa081)
core   0: 0x80002050 (0xfefff0ef) jal     pc - 0x12
core   0: 3 0x80002050 (0xfefff0ef) x1  0x80002054
core   0: 0x8000203e (0x010000ef) jal     pc + 0x10
core   0: 3 0x8000203e (0x010000ef) x1  0x80002042
core   0: 0x8000204e (0x000037f5) c.jal   pc - 20
core   0: 3 0x8000204e (0x37f5) x1  0x80002050
core   0: 0x8000203a (0x0000b7c5) c.j     pc - 32
core   0: 3 0x8000203a (0xb7c5)
core   0: 0x8000201a (0x0000a82d) c.j     pc + 58
core   0: 3 0x8000201a (0xa82d)
core   0: 0x80002054 (0x000037d5) c.jal   pc - 28
core   0: 3 0x80002054 (0x37d5) x1  0x80002056
core   0: 0x80002038 (0x00002025) c.jal   pc + 40
core   0: 3 0x80002038 (0x2025) x1  0x8000203a
core   0: 0x80002060 (0xfbdff0ef) jal     pc - 0x44
core   0: 3 0x80002060 (0xfbdff0ef) x1  0x80002064
core   0: 0x8000201c (0x008004ef) jal     s1, pc + 0x8
core   0: 3 0x8000201c (0x008004ef) x9  0x80002020
core   0: 0x80002024 (0x042000ef) jal     pc + 0x42
core   0: 3 0x80002024 (0x042000ef) x1  0x80002028
core   0: 0x80002066 (0x000040a5) c.li    ra, 9
core   0: 3 0x80002066 (0x40a5) x1  0x00000009
core   0: 0x80002068 (0x00011117) auipc   sp, 0x11
core   0: 3 0x80002068 (0x00011117) x2  0x80013068
core   0: 0x8000206c (0x02410113) addi    sp, sp, 36
core   0: 3 0x8000206c (0x02410113) x2  0x8001308c
core   0: 0x80002070 (0xfb014a03) lbu     s4, -80(sp)
core   0: 3 0x80002070 (0xfb014a03) x20 0x000000f7 mem 0x8001303c
core   0: 0x80002074 (0x00008025) c.srli  s0, 9
core   0: 3 0x80002074 (0x8025) x8  0x00600097
core   0: 0x80002076 (0x43042a13) slti    s4, s0, 1072
core   0: 3 0x80002076 (0x43042a13) x20 0x00000000
core   0: 0x8000207a (0x00009f5a) c.add   t5, s6
core   0: 3 0x8000207a (0x9f5a) x30 0x7ffffff4
core   0: 0x8000207c (0x0b010aa3) sb      a6, 181(sp)
core   0: 3 0x8000207c (0x0b010aa3) mem 0x80013141 0x1c
core   0: 0x80002080 (0xfa310ea3) sb      gp, -67(sp)
core   0: 3 0x80002080 (0xfa310ea3) mem 0x80013049 0x64
core   0: 0x80002084 (0x00008c61) c.and   s0, s0
core   0: 3 0x80002084 (0x8c61) x8  0x00600097
core   0: 0x80002086 (0x00008c01) c.sub   s0, s0
core   0: 3 0x80002086 (0x8c01) x8  0x00000000
core   0: 0x80002088 (0x09e14183) lbu     gp, 158(sp)
core   0: 3 0x80002088 (0x09e14183) x3  0x000000e1 mem 0x8001312a
core   0: 0x8000208c (0xfed10403) lb      s0, -19(sp)
core   0: 3 0x8000208c (0xfed10403) x8  0x00000032 mem 0x80013079
core   0: 0x80002090 (0x0ed14803) lbu     a6, 237(sp)
core   0: 3 0x80002090 (0x0ed14803) x16 0x00000032 mem 0x80013179
core   0: 0x80002094 (0x09e11183) lh      gp, 158(sp)
core   0: 3 0x80002094 (0x09e11183) x3  0xffffe0e1 mem 0x8001312a
core   0: 0x80002098 (0x010f31b3) sltu    gp, t5, a6
core   0: 3 0x80002098 (0x010f31b3) x3  0x00000000
core   0: 0x8000209c (0x0be10aa3) sb      t5, 181(sp)
core   0: 3 0x8000209c (0x0be10aa3) mem 0x80013141 0xf4
core   0: 0x800020a0 (0xfd6103a3) sb      s6, -57(sp)
core   0: 3 0x800020a0 (0xfd6103a3) mem 0x80013053 0x1c
core   0: 0x800020a4 (0xe99b3417) auipc   s0, 0xe99b3
core   0: 3 0x800020a4 (0xe99b3417) x8  0x699b50a4
core   0: 0x800020a8 (0xd3e1b193) sltiu   gp, gp, -706
core   0: 3 0x800020a8 (0xd3e1b193) x3  0x00000001
core   0: 0x800020ac (0xf3011023) sh      a6, -224(sp)
core   0: 3 0x800020ac (0xf3011023) mem 0x80012fac 0x0032
core   0: 0x800020b0 (0x04314803) lbu     a6, 67(sp)
core   0: 3 0x800020b0 (0x04314803) x16 0x00000084 mem 0x800130cf
core   0: 0x800020b4 (0x11612023) sw      s6, 256(sp)
core   0: 3 0x800020b4 (0x11612023) mem 0x8001318c 0x0000001c
core   0: 0x800020b8 (0x0fd14f03) lbu     t5, 253(sp)
core   0: 3 0x800020b8 (0x0fd14f03) x30 0x00000042 mem 0x80013189
core   0: 0x800020bc (0x0f110803) lb      a6, 241(sp)
core   0: 3 0x800020bc (0x0f110803) x16 0x00000036 mem 0x8001317d
core   0: 0x800020c0 (0x00006a59) c.lui   s4, 0x16
core   0: 3 0x800020c0 (0x6a59) x20 0x00016000
core   0: 0x800020c2 (0x01eb1833) sll     a6, s6, t5
core   0: 3 0x800020c2 (0x01eb1833) x16 0x00000070
core   0: 0x800020c6 (0x00005f7d) c.li    t5, -1
core   0: 3 0x800020c6 (0x5f7d) x30 0xffffffff
core   0: 0x800020c8 (0x00008465) c.srai  s0, 25
core   0: 3 0x800020c8 (0x8465) x8  0x00000034
core   0: 0x800020ca (0xf8810323) sb      s0, -122(sp)
core   0: 3 0x800020ca (0xf8810323) mem 0x80013012 0x34
core   0: 0x800020ce (0xfaa14183) lbu     gp, -86(sp)
core   0: 3 0x800020ce (0xfaa14183) x3  0x000000ed mem 0x80013036
core   0: 0x800020d2 (0x03ea2833) mulhsu  a6, s4, t5
core   0: 3 0x800020d2 (0x03ea2833) x16 0x00015fff
core   0: 0x800020d6 (0x00005b02) c.lwsp  s6, 32(sp)
core   0: 3 0x800020d6 (0x5b02) x22 0x64656667 mem 0x800130ac
core   0: 0x800020d8 (0x0e514183) lbu     gp, 229(sp)
core   0: 3 0x800020d8 (0x0e514183) x3  0x0000002a mem 0x80013171
core   0: 0x800020dc (0x05f10a03) lb      s4, 95(sp)
core   0: 3 0x800020dc (0x05f10a03) x20 0xffffffa0 mem 0x800130eb
core   0: 0x800020e0 (0x00004419) c.li    s0, 6
core   0: 3 0x800020e0 (0x4419) x8  0x00000006
core   0: 0x800020e2 (0x00004f99) c.li    t6, 6
core   0: 3 0x800020e2 (0x4f99) x31 0x00000006
core   0: 0x800020e4 (0x00000572) c.slli  a0, 28
core   0: 3 0x800020e4 (0x0572) x10 0xa0000000
core   0: 0x800020e6 (0x02c18133) mul     sp, gp, a2
core   0: 3 0x800020e6 (0x02c18133) x2  0x00555834
core   0: 0x800020ea (0x00000216) c.slli  tp, 5
core   0: 3 0x800020ea (0x0216) x4  0x04380000
core   0: 0x800020ec (0x00001475) c.addi  s0, -3
core   0: 3 0x800020ec (0x1475) x8  0x00000003
core   0: 0x800020ee (0x03c3ef33) rem     t5, t2, t3
core   0: 3 0x800020ee (0x03c3ef33) x30 0x00000000
core   0: 0x800020f2 (0x419f8d33) sub     s10, t6, s9
core   0: 3 0x800020f2 (0x419f8d33) x26 0xfffffff7
core   0: 0x800020f6 (0x000043a9) c.li    t2, 10
core   0: 3 0x800020f6 (0x43a9) x7  0x0000000a
core   0: 0x800020f8 (0x03bfc833) div     a6, t6, s11
core   0: 3 0x800020f8 (0x03bfc833) x16 0x00000000
core   0: 0x800020fc (0x40478d33) sub     s10, a5, tp
core   0: 3 0x800020fc (0x40478d33) x26 0xffc80870
core   0: 0x80002100 (0x000056c5) c.li    a3, -15
core   0: 3 0x80002100 (0x56c5) x13 0xfffffff1
core   0: 0x80002102 (0x0248c8b3) div     a7, a7, tp
core   0: 3 0x80002102 (0x0248c8b3) x17 0x00000000
core   0: 0x80002106 (0x00000888) c.addi4spn a0, sp, 80
core   0: 3 0x80002106 (0x0888) x10 0x00555884
core   0: 0x80002108 (0x00009b32) c.add   s6, a2
core   0: 3 0x80002108 (0x9b32) x22 0xe4676e99
core   0: 0x8000210a (0x000013e1) c.addi  t2, -8
core   0: 3 0x8000210a (0x13e1) x7  0x00000002
core   0: 0x8000210c (0x00008255) c.srli  a2, 21
core   0: 3 0x8000210c (0x8255) x12 0x00000400
core   0: 0x8000210e (0xfed3dae3) bge     t2, a3, pc - 12
core   0: 3 0x8000210e (0xfed3dae3)
core   0: 0x80002102 (0x0248c8b3) div     a7, a7, tp
core   0: 3 0x80002102 (0x0248c8b3) x17 0x00000000
core   0: 0x80002106 (0x00000888) c.addi4spn a0, sp, 80
core   0: 3 0x80002106 (0x0888) x10 0x00555884
core   0: 0x80002108 (0x00009b32) c.add   s6, a2
core   0: 3 0x80002108 (0x9b32) x22 0xe4677299
core   0: 0x8000210a (0x000013e1) c.addi  t2, -8
core   0: 3 0x8000210a (0x13e1) x7  0xfffffffa
core   0: 0x8000210c (0x00008255) c.srli  a2, 21
core   0: 3 0x8000210c (0x8255) x12 0x00000000
core   0: 0x8000210e (0xfed3dae3) bge     t2, a3, pc - 12
core   0: 3 0x8000210e (0xfed3dae3)
core   0: 0x80002102 (0x0248c8b3) div     a7, a7, tp
core   0: 3 0x80002102 (0x0248c8b3) x17 0x00000000
core   0: 0x80002106 (0x00000888) c.addi4spn a0, sp, 80
core   0: 3 0x80002106 (0x0888) x10 0x00555884
core   0: 0x80002108 (0x00009b32) c.add   s6, a2
core   0: 3 0x80002108 (0x9b32) x22 0xe4677299
core   0: 0x8000210a (0x000013e1) c.addi  t2, -8
core   0: 3 0x8000210a (0x13e1) x7  0xfffffff2
core   0: 0x8000210c (0x00008255) c.srli  a2, 21
core   0: 3 0x8000210c (0x8255) x12 0x00000000
core   0: 0x8000210e (0xfed3dae3) bge     t2, a3, pc - 12
core   0: 3 0x8000210e (0xfed3dae3)
core   0: 0x80002102 (0x0248c8b3) div     a7, a7, tp
core   0: 3 0x80002102 (0x0248c8b3) x17 0x00000000
core   0: 0x80002106 (0x00000888) c.addi4spn a0, sp, 80
core   0: 3 0x80002106 (0x0888) x10 0x00555884
core   0: 0x80002108 (0x00009b32) c.add   s6, a2
core   0: 3 0x80002108 (0x9b32) x22 0xe4677299
core   0: 0x8000210a (0x000013e1) c.addi  t2, -8
core   0: 3 0x8000210a (0x13e1) x7  0xffffffea
core   0: 0x8000210c (0x00008255) c.srli  a2, 21
core   0: 3 0x8000210c (0x8255) x12 0x00000000
core   0: 0x8000210e (0xfed3dae3) bge     t2, a3, pc - 12
core   0: 3 0x8000210e (0xfed3dae3)
core   0: 0x80002112 (0x00008d31) c.xor   a0, a2
core   0: 3 0x80002112 (0x8d31) x10 0x00555884
core   0: 0x80002114 (0x00422db3) slt     s11, tp, tp
core   0: 3 0x80002114 (0x00422db3) x27 0x00000000
core   0: 0x80002118 (0x00006c45) c.lui   s8, 0x11
core   0: 3 0x80002118 (0x6c45) x24 0x00011000
core   0: 0x8000211a (0xfdf476e3) bgeu    s0, t6, pc - 52
core   0: 3 0x8000211a (0xfdf476e3)
core   0: 0x8000211e (0x40a78133) sub     sp, a5, a0
core   0: 3 0x8000211e (0x40a78133) x2  0x03aaafec
core   0: 0x80002122 (0x0001e117) auipc   sp, 0x1e
core   0: 3 0x80002122 (0x0001e117) x2  0x80020122
core   0: 0x80002126 (0x7de10113) addi    sp, sp, 2014
core   0: 3 0x80002126 (0x7de10113) x2  0x80020900
core   0: 0x8000212a (0x00008e39) c.xor   a2, a4
core   0: 3 0x8000212a (0x8e39) x12 0x040008f3
core   0: 0x8000212c (0xfd812203) lw      tp, -40(sp)
core   0: 3 0x8000212c (0xfd812203) x4  0x90919293 mem 0x800208d8
core   0: 0x80002130 (0xfd815403) lhu     s0, -40(sp)
core   0: 3 0x80002130 (0xfd815403) x8  0x00009293 mem 0x800208d8
core   0: 0x80002134 (0x93c15003) lhu     zero, -1732(sp)
core   0: 3 0x80002134 (0x93c15003) mem 0x8002023c
core   0: 0x80002138 (0x93b12e23) sw      s11, -1732(sp)
core   0: 3 0x80002138 (0x93b12e23) mem 0x8002023c 0x00000000
core   0: 0x8000213c (0x92812e23) sw      s0, -1732(sp)
core   0: 3 0x8000213c (0x92812e23) mem 0x8002023c 0x00009293
core   0: 0x80002140 (0x00000e4e) c.slli  t3, 19
core   0: 3 0x80002140 (0x0e4e) x28 0x80000000
core   0: 0x80002142 (0x5dc11c23) sh      t3, 1496(sp)
core   0: 3 0x80002142 (0x5dc11c23) mem 0x80020ed8 0x0000
core   0: 0x80002146 (0x5d812d83) lw      s11, 1496(sp)
core   0: 3 0x80002146 (0x5d812d83) x27 0x90910000 mem 0x80020ed8
core   0: 0x8000214a (0x5d812083) lw      ra, 1496(sp)
core   0: 3 0x8000214a (0x5d812083) x1  0x90910000 mem 0x80020ed8
core   0: 0x8000214e (0x33d14e83) lbu     t4, 829(sp)
core   0: 3 0x8000214e (0x33d14e83) x29 0x000000f6 mem 0x80020c3d
core   0: 0x80002152 (0xb2910003) lb      zero, -1239(sp)
core   0: 3 0x80002152 (0xb2910003) mem 0x80020429
core   0: 0x80002156 (0x8d411183) lh      gp, -1836(sp)
core   0: 3 0x80002156 (0x8d411183) x3  0xffff8e8f mem 0x800201d4
core   0: 0x8000215a (0x22611c03) lh      s8, 550(sp)
core   0: 3 0x8000215a (0x22611c03) x24 0xffffdcdd mem 0x80020b26
core   0: 0x8000215e (0x22615403) lhu     s0, 550(sp)
core   0: 3 0x8000215e (0x22615403) x8  0x0000dcdd mem 0x80020b26
core   0: 0x80002162 (0xc1647e93) andi    t4, s0, -1002
core   0: 3 0x80002162 (0xc1647e93) x29 0x0000dc14
core   0: 0x80002166 (0x00fc5833) srl     a6, s8, a5
core   0: 3 0x80002166 (0x00fc5833) x16 0x0000ffff
core   0: 0x8000216a (0x99815183) lhu     gp, -1640(sp)
core   0: 3 0x8000216a (0x99815183) x3  0x00005253 mem 0x80020298
core   0: 0x8000216e (0x00009bfd) c.andi  a5, -1
core   0: 3 0x8000216e (0x9bfd) x15 0x04000870
core   0: 0x80002170 (0x99e12c23) sw      t5, -1640(sp)
core   0: 3 0x80002170 (0x99e12c23) mem 0x80020298 0x00000000
core   0: 0x80002174 (0xa7914903) lbu     s2, -1415(sp)
core   0: 3 0x80002174 (0xa7914903) x18 0x00000032 mem 0x80020379
core   0: 0x80002178 (0x34c26d93) ori     s11, tp, 844
core   0: 3 0x80002178 (0x34c26d93) x27 0x909193df
core   0: 0x8000217c (0x69312023) sw      s3, 1664(sp)
core   0: 3 0x8000217c (0x69312023) mem 0x80020f80 0x00000000
core   0: 0x80002180 (0xa41e0813) addi    a6, t3, -1471
core   0: 3 0x80002180 (0xa41e0813) x16 0x7ffffa41
core   0: 0x80002184 (0xa3e106a3) sb      t5, -1491(sp)
core   0: 3 0x80002184 (0xa3e106a3) mem 0x8002032d 0x00
core   0: 0x80002188 (0x69e15b03) lhu     s6, 1694(sp)
core   0: 3 0x80002188 (0x69e15b03) x22 0x00005455 mem 0x80020f9e
core   0: 0x8000218c (0xe1c15803) lhu     a6, -484(sp)
core   0: 3 0x8000218c (0xe1c15803) x16 0x0000d6d7 mem 0x8002071c
core   0: 0x80002190 (0x00004a85) c.li    s5, 1
core   0: 3 0x80002190 (0x4a85) x21 0x00000001
core   0: 0x80002192 (0x00f1dc13) srli    s8, gp, 15
core   0: 3 0x80002192 (0x00f1dc13) x24 0x00000000
core   0: 0x80002196 (0x000084e9) c.srai  s1, 26
core   0: 3 0x80002196 (0x84e9) x9  0xffffffe0
core   0: 0x80002198 (0x00005e3d) c.li    t3, -17
core   0: 3 0x80002198 (0x5e3d) x28 0xffffffef
core   0: 0x8000219a (0x1b7ea093) slti    ra, t4, 439
core   0: 3 0x8000219a (0x1b7ea093) x1  0x00000000
core   0: 0x8000219e (0x01455533) srl     a0, a0, s4
core   0: 3 0x8000219e (0x01455533) x10 0x00555884
core   0: 0x800021a2 (0x00001af9) c.addi  s5, -2
core   0: 3 0x800021a2 (0x1af9) x21 0xffffffff
core   0: 0x800021a4 (0x00008d3d) c.xor   a0, a5
core   0: 3 0x800021a4 (0x8d3d) x10 0x045550f4
core   0: 0x800021a6 (0x00005775) c.li    a4, -3
core   0: 3 0x800021a6 (0x5775) x14 0xfffffffd
core   0: 0x800021a8 (0x00000001) c.nop
core   0: 3 0x800021a8 (0x0001)
core   0: 0x800021aa (0x00008ced) c.and   s1, a1
core   0: 3 0x800021aa (0x8ced) x9  0x80029ce0
core   0: 0x800021ac (0x00008ee9) c.and   a3, a0
core   0: 3 0x800021ac (0x8ee9) x13 0x045550f0
core   0: 0x800021ae (0x00006f99) c.lui   t6, 0x6
core   0: 3 0x800021ae (0x6f99) x31 0x00006000
core   0: 0x800021b0 (0x00000705) c.addi  a4, 1
core   0: 3 0x800021b0 (0x0705) x14 0xfffffffe
core   0: 0x800021b2 (0x00008dca) c.mv    s11, s2
core   0: 3 0x800021b2 (0x8dca) x27 0x00000032
core   0: 0x800021b4 (0x0000ff65) c.bnez  a4, pc - 8
core   0: 3 0x800021b4 (0xff65)
core   0: 0x800021ac (0x00008ee9) c.and   a3, a0
core   0: 3 0x800021ac (0x8ee9) x13 0x045550f0
core   0: 0x800021ae (0x00006f99) c.lui   t6, 0x6
core   0: 3 0x800021ae (0x6f99) x31 0x00006000
core   0: 0x800021b0 (0x00000705) c.addi  a4, 1
core   0: 3 0x800021b0 (0x0705) x14 0xffffffff
core   0: 0x800021b2 (0x00008dca) c.mv    s11, s2
core   0: 3 0x800021b2 (0x8dca) x27 0x00000032
core   0: 0x800021b4 (0x0000ff65) c.bnez  a4, pc - 8
core   0: 3 0x800021b4 (0xff65)
core   0: 0x800021ac (0x00008ee9) c.and   a3, a0
core   0: 3 0x800021ac (0x8ee9) x13 0x045550f0
core   0: 0x800021ae (0x00006f99) c.lui   t6, 0x6
core   0: 3 0x800021ae (0x6f99) x31 0x00006000
core   0: 0x800021b0 (0x00000705) c.addi  a4, 1
core   0: 3 0x800021b0 (0x0705) x14 0x00000000
core   0: 0x800021b2 (0x00008dca) c.mv    s11, s2
core   0: 3 0x800021b2 (0x8dca) x27 0x00000032
core   0: 0x800021b4 (0x0000ff65) c.bnez  a4, pc - 8
core   0: 3 0x800021b4 (0xff65)
core   0: 0x800021b6 (0x000007c6) c.slli  a5, 17
core   0: 3 0x800021b6 (0x07c6) x15 0x10e00000
core   0: 0x800021b8 (0x02af8933) mul     s2, t6, a0
core   0: 3 0x800021b8 (0x02af8933) x18 0xfe5b8000
core   0: 0x800021bc (0xfdca9fe3) bne     s5, t3, pc - 34
core   0: 3 0x800021bc (0xfdca9fe3)
core   0: 0x8000219a (0x1b7ea093) slti    ra, t4, 439
core   0: 3 0x8000219a (0x1b7ea093) x1  0x00000000
core   0: 0x8000219e (0x01455533) srl     a0, a0, s4
core   0: 3 0x8000219e (0x01455533) x10 0x045550f4
core   0: 0x800021a2 (0x00001af9) c.addi  s5, -2
core   0: 3 0x800021a2 (0x1af9) x21 0xfffffffd
core   0: 0x800021a4 (0x00008d3d) c.xor   a0, a5
core   0: 3 0x800021a4 (0x8d3d) x10 0x14b550f4
core   0: 0x800021a6 (0x00005775) c.li    a4, -3
core   0: 3 0x800021a6 (0x5775) x14 0xfffffffd
core   0: 0x800021a8 (0x00000001) c.nop
core   0: 3 0x800021a8 (0x0001)
core   0: 0x800021aa (0x00008ced) c.and   s1, a1
core   0: 3 0x800021aa (0x8ced) x9  0x80029ce0
core   0: 0x800021ac (0x00008ee9) c.and   a3, a0
core   0: 3 0x800021ac (0x8ee9) x13 0x041550f0
core   0: 0x800021ae (0x00006f99) c.lui   t6, 0x6
core   0: 3 0x800021ae (0x6f99) x31 0x00006000
core   0: 0x800021b0 (0x00000705) c.addi  a4, 1
core   0: 3 0x800021b0 (0x0705) x14 0xfffffffe
core   0: 0x800021b2 (0x00008dca) c.mv    s11, s2
core   0: 3 0x800021b2 (0x8dca) x27 0xfe5b8000
core   0: 0x800021b4 (0x0000ff65) c.bnez  a4, pc - 8
core   0: 3 0x800021b4 (0xff65)
core   0: 0x800021ac (0x00008ee9) c.and   a3, a0
core   0: 3 0x800021ac (0x8ee9) x13 0x041550f0
core   0: 0x800021ae (0x00006f99) c.lui   t6, 0x6
core   0: 3 0x800021ae (0x6f99) x31 0x00006000
core   0: 0x800021b0 (0x00000705) c.addi  a4, 1
core   0: 3 0x800021b0 (0x0705) x14 0xffffffff
core   0: 0x800021b2 (0x00008dca) c.mv    s11, s2
core   0: 3 0x800021b2 (0x8dca) x27 0xfe5b8000
core   0: 0x800021b4 (0x0000ff65) c.bnez  a4, pc - 8
core   0: 3 0x800021b4 (0xff65)
core   0: 0x800021ac (0x00008ee9) c.and   a3, a0
core   0: 3 0x800021ac (0x8ee9) x13 0x041550f0
core   0: 0x800021ae (0x00006f99) c.lui   t6, 0x6
core   0: 3 0x800021ae (0x6f99) x31 0x00006000
core   0: 0x800021b0 (0x00000705) c.addi  a4, 1
core   0: 3 0x800021b0 (0x0705) x14 0x00000000
core   0: 0x800021b2 (0x00008dca) c.mv    s11, s2
core   0: 3 0x800021b2 (0x8dca) x27 0xfe5b8000
core   0: 0x800021b4 (0x0000ff65) c.bnez  a4, pc - 8
core   0: 3 0x800021b4 (0xff65)
core   0: 0x800021b6 (0x000007c6) c.slli  a5, 17
core   0: 3 0x800021b6 (0x07c6) x15 0x00000000
core   0: 0x800021b8 (0x02af8933) mul     s2, t6, a0
core   0: 3 0x800021b8 (0x02af8933) x18 0xfe5b8000
core   0: 0x800021bc (0xfdca9fe3) bne     s5, t3, pc - 34
core   0: 3 0x800021bc (0xfdca9fe3)
core   0: 0x8000219a (0x1b7ea093) slti    ra, t4, 439
core   0: 3 0x8000219a (0x1b7ea093) x1  0x00000000
core   0: 0x8000219e (0x01455533) srl     a0, a0, s4
core   0: 3 0x8000219e (0x01455533) x10 0x14b550f4
core   0: 0x800021a2 (0x00001af9) c.addi  s5, -2
core   0: 3 0x800021a2 (0x1af9) x21 0xfffffffb
core   0: 0x800021a4 (0x00008d3d) c.xor   a0, a5
core   0: 3 0x800021a4 (0x8d3d) x10 0x14b550f4
core   0: 0x800021a6 (0x00005775) c.li    a4, -3
core   0: 3 0x800021a6 (0x5775) x14 0xfffffffd
core   0: 0x800021a8 (0x00000001) c.nop
core   0: 3 0x800021a8 (0x0001)
core   0: 0x800021aa (0x00008ced) c.and   s1, a1
core   0: 3 0x800021aa (0x8ced) x9  0x80029ce0
core   0: 0x800021ac (0x00008ee9) c.and   a3, a0
core   0: 3 0x800021ac (0x8ee9) x13 0x041550f0
core   0: 0x800021ae (0x00006f99) c.lui   t6, 0x6
core   0: 3 0x800021ae (0x6f99) x31 0x00006000
core   0: 0x800021b0 (0x00000705) c.addi  a4, 1
core   0: 3 0x800021b0 (0x0705) x14 0xfffffffe
core   0: 0x800021b2 (0x00008dca) c.mv    s11, s2
core   0: 3 0x800021b2 (0x8dca) x27 0xfe5b8000
core   0: 0x800021b4 (0x0000ff65) c.bnez  a4, pc - 8
core   0: 3 0x800021b4 (0xff65)
core   0: 0x800021ac (0x00008ee9) c.and   a3, a0
core   0: 3 0x800021ac (0x8ee9) x13 0x041550f0
core   0: 0x800021ae (0x00006f99) c.lui   t6, 0x6
core   0: 3 0x800021ae (0x6f99) x31 0x00006000
core   0: 0x800021b0 (0x00000705) c.addi  a4, 1
core   0: 3 0x800021b0 (0x0705) x14 0xffffffff
core   0: 0x800021b2 (0x00008dca) c.mv    s11, s2
core   0: 3 0x800021b2 (0x8dca) x27 0xfe5b8000
core   0: 0x800021b4 (0x0000ff65) c.bnez  a4, pc - 8
core   0: 3 0x800021b4 (0xff65)
core   0: 0x800021ac (0x00008ee9) c.and   a3, a0
core   0: 3 0x800021ac (0x8ee9) x13 0x041550f0
core   0: 0x800021ae (0x00006f99) c.lui   t6, 0x6
core   0: 3 0x800021ae (0x6f99) x31 0x00006000
core   0: 0x800021b0 (0x00000705) c.addi  a4, 1
core   0: 3 0x800021b0 (0x0705) x14 0x00000000
core   0: 0x800021b2 (0x00008dca) c.mv    s11, s2
core   0: 3 0x800021b2 (0x8dca) x27 0xfe5b8000
core   0: 0x800021b4 (0x0000ff65) c.bnez  a4, pc - 8
core   0: 3 0x800021b4 (0xff65)
core   0: 0x800021b6 (0x000007c6) c.slli  a5, 17
core   0: 3 0x800021b6 (0x07c6) x15 0x00000000
core   0: 0x800021b8 (0x02af8933) mul     s2, t6, a0
core   0: 3 0x800021b8 (0x02af8933) x18 0xfe5b8000
core   0: 0x800021bc (0xfdca9fe3) bne     s5, t3, pc - 34
core   0: 3 0x800021bc (0xfdca9fe3)
core   0: 0x8000219a (0x1b7ea093) slti    ra, t4, 439
core   0: 3 0x8000219a (0x1b7ea093) x1  0x00000000
core   0: 0x8000219e (0x01455533) srl     a0, a0, s4
core   0: 3 0x8000219e (0x01455533) x10 0x14b550f4
core   0: 0x800021a2 (0x00001af9) c.addi  s5, -2
core   0: 3 0x800021a2 (0x1af9) x21 0xfffffff9
core   0: 0x800021a4 (0x00008d3d) c.xor   a0, a5
core   0: 3 0x800021a4 (0x8d3d) x10 0x14b550f4
core   0: 0x800021a6 (0x00005775) c.li    a4, -3
core   0: 3 0x800021a6 (0x5775) x14 0xfffffffd
core   0: 0x800021a8 (0x00000001) c.nop
core   0: 3 0x800021a8 (0x0001)
core   0: 0x800021aa (0x00008ced) c.and   s1, a1
core   0: 3 0x800021aa (0x8ced) x9  0x80029ce0
core   0: 0x800021ac (0x00008ee9) c.and   a3, a0
core   0: 3 0x800021ac (0x8ee9) x13 0x041550f0
core   0: 0x800021ae (0x00006f99) c.lui   t6, 0x6
core   0: 3 0x800021ae (0x6f99) x31 0x00006000
core   0: 0x800021b0 (0x00000705) c.addi  a4, 1
core   0: 3 0x800021b0 (0x0705) x14 0xfffffffe
core   0: 0x800021b2 (0x00008dca) c.mv    s11, s2
core   0: 3 0x800021b2 (0x8dca) x27 0xfe5b8000
core   0: 0x800021b4 (0x0000ff65) c.bnez  a4, pc - 8
core   0: 3 0x800021b4 (0xff65)
core   0: 0x800021ac (0x00008ee9) c.and   a3, a0
core   0: 3 0x800021ac (0x8ee9) x13 0x041550f0
core   0: 0x800021ae (0x00006f99) c.lui   t6, 0x6
core   0: 3 0x800021ae (0x6f99) x31 0x00006000
core   0: 0x800021b0 (0x00000705) c.addi  a4, 1
core   0: 3 0x800021b0 (0x0705) x14 0xffffffff
core   0: 0x800021b2 (0x00008dca) c.mv    s11, s2
core   0: 3 0x800021b2 (0x8dca) x27 0xfe5b8000
core   0: 0x800021b4 (0x0000ff65) c.bnez  a4, pc - 8
core   0: 3 0x800021b4 (0xff65)
core   0: 0x800021ac (0x00008ee9) c.and   a3, a0
core   0: 3 0x800021ac (0x8ee9) x13 0x041550f0
core   0: 0x800021ae (0x00006f99) c.lui   t6, 0x6
core   0: 3 0x800021ae (0x6f99) x31 0x00006000
core   0: 0x800021b0 (0x00000705) c.addi  a4, 1
core   0: 3 0x800021b0 (0x0705) x14 0x00000000
core   0: 0x800021b2 (0x00008dca) c.mv    s11, s2
core   0: 3 0x800021b2 (0x8dca) x27 0xfe5b8000
core   0: 0x800021b4 (0x0000ff65) c.bnez  a4, pc - 8
core   0: 3 0x800021b4 (0xff65)
core   0: 0x800021b6 (0x000007c6) c.slli  a5, 17
core   0: 3 0x800021b6 (0x07c6) x15 0x00000000
core   0: 0x800021b8 (0x02af8933) mul     s2, t6, a0
core   0: 3 0x800021b8 (0x02af8933) x18 0xfe5b8000
core   0: 0x800021bc (0xfdca9fe3) bne     s5, t3, pc - 34
core   0: 3 0x800021bc (0xfdca9fe3)
core   0: 0x8000219a (0x1b7ea093) slti    ra, t4, 439
core   0: 3 0x8000219a (0x1b7ea093) x1  0x00000000
core   0: 0x8000219e (0x01455533) srl     a0, a0, s4
core   0: 3 0x8000219e (0x01455533) x10 0x14b550f4
core   0: 0x800021a2 (0x00001af9) c.addi  s5, -2
core   0: 3 0x800021a2 (0x1af9) x21 0xfffffff7
core   0: 0x800021a4 (0x00008d3d) c.xor   a0, a5
core   0: 3 0x800021a4 (0x8d3d) x10 0x14b550f4
core   0: 0x800021a6 (0x00005775) c.li    a4, -3
core   0: 3 0x800021a6 (0x5775) x14 0xfffffffd
core   0: 0x800021a8 (0x00000001) c.nop
core   0: 3 0x800021a8 (0x0001)
core   0: 0x800021aa (0x00008ced) c.and   s1, a1
core   0: 3 0x800021aa (0x8ced) x9  0x80029ce0
core   0: 0x800021ac (0x00008ee9) c.and   a3, a0
core   0: 3 0x800021ac (0x8ee9) x13 0x041550f0
core   0: 0x800021ae (0x00006f99) c.lui   t6, 0x6
core   0: 3 0x800021ae (0x6f99) x31 0x00006000
core   0: 0x800021b0 (0x00000705) c.addi  a4, 1
core   0: 3 0x800021b0 (0x0705) x14 0xfffffffe
core   0: 0x800021b2 (0x00008dca) c.mv    s11, s2
core   0: 3 0x800021b2 (0x8dca) x27 0xfe5b8000
core   0: 0x800021b4 (0x0000ff65) c.bnez  a4, pc - 8
core   0: 3 0x800021b4 (0xff65)
core   0: 0x800021ac (0x00008ee9) c.and   a3, a0
core   0: 3 0x800021ac (0x8ee9) x13 0x041550f0
core   0: 0x800021ae (0x00006f99) c.lui   t6, 0x6
core   0: 3 0x800021ae (0x6f99) x31 0x00006000
core   0: 0x800021b0 (0x00000705) c.addi  a4, 1
core   0: 3 0x800021b0 (0x0705) x14 0xffffffff
core   0: 0x800021b2 (0x00008dca) c.mv    s11, s2
core   0: 3 0x800021b2 (0x8dca) x27 0xfe5b8000
core   0: 0x800021b4 (0x0000ff65) c.bnez  a4, pc - 8
core   0: 3 0x800021b4 (0xff65)
core   0: 0x800021ac (0x00008ee9) c.and   a3, a0
core   0: 3 0x800021ac (0x8ee9) x13 0x041550f0
core   0: 0x800021ae (0x00006f99) c.lui   t6, 0x6
core   0: 3 0x800021ae (0x6f99) x31 0x00006000
core   0: 0x800021b0 (0x00000705) c.addi  a4, 1
core   0: 3 0x800021b0 (0x0705) x14 0x00000000
core   0: 0x800021b2 (0x00008dca) c.mv    s11, s2
core   0: 3 0x800021b2 (0x8dca) x27 0xfe5b8000
core   0: 0x800021b4 (0x0000ff65) c.bnez  a4, pc - 8
core   0: 3 0x800021b4 (0xff65)
core   0: 0x800021b6 (0x000007c6) c.slli  a5, 17
core   0: 3 0x800021b6 (0x07c6) x15 0x00000000
core   0: 0x800021b8 (0x02af8933) mul     s2, t6, a0
core   0: 3 0x800021b8 (0x02af8933) x18 0xfe5b8000
core   0: 0x800021bc (0xfdca9fe3) bne     s5, t3, pc - 34
core   0: 3 0x800021bc (0xfdca9fe3)
core   0: 0x8000219a (0x1b7ea093) slti    ra, t4, 439
core   0: 3 0x8000219a (0x1b7ea093) x1  0x00000000
core   0: 0x8000219e (0x01455533) srl     a0, a0, s4
core   0: 3 0x8000219e (0x01455533) x10 0x14b550f4
core   0: 0x800021a2 (0x00001af9) c.addi  s5, -2
core   0: 3 0x800021a2 (0x1af9) x21 0xfffffff5
core   0: 0x800021a4 (0x00008d3d) c.xor   a0, a5
core   0: 3 0x800021a4 (0x8d3d) x10 0x14b550f4
core   0: 0x800021a6 (0x00005775) c.li    a4, -3
core   0: 3 0x800021a6 (0x5775) x14 0xfffffffd
core   0: 0x800021a8 (0x00000001) c.nop
core   0: 3 0x800021a8 (0x0001)
core   0: 0x800021aa (0x00008ced) c.and   s1, a1
core   0: 3 0x800021aa (0x8ced) x9  0x80029ce0
core   0: 0x800021ac (0x00008ee9) c.and   a3, a0
core   0: 3 0x800021ac (0x8ee9) x13 0x041550f0
core   0: 0x800021ae (0x00006f99) c.lui   t6, 0x6
core   0: 3 0x800021ae (0x6f99) x31 0x00006000
core   0: 0x800021b0 (0x00000705) c.addi  a4, 1
core   0: 3 0x800021b0 (0x0705) x14 0xfffffffe
core   0: 0x800021b2 (0x00008dca) c.mv    s11, s2
core   0: 3 0x800021b2 (0x8dca) x27 0xfe5b8000
core   0: 0x800021b4 (0x0000ff65) c.bnez  a4, pc - 8
core   0: 3 0x800021b4 (0xff65)
core   0: 0x800021ac (0x00008ee9) c.and   a3, a0
core   0: 3 0x800021ac (0x8ee9) x13 0x041550f0
core   0: 0x800021ae (0x00006f99) c.lui   t6, 0x6
core   0: 3 0x800021ae (0x6f99) x31 0x00006000
core   0: 0x800021b0 (0x00000705) c.addi  a4, 1
core   0: 3 0x800021b0 (0x0705) x14 0xffffffff
core   0: 0x800021b2 (0x00008dca) c.mv    s11, s2
core   0: 3 0x800021b2 (0x8dca) x27 0xfe5b8000
core   0: 0x800021b4 (0x0000ff65) c.bnez  a4, pc - 8
core   0: 3 0x800021b4 (0xff65)
core   0: 0x800021ac (0x00008ee9) c.and   a3, a0
core   0: 3 0x800021ac (0x8ee9) x13 0x041550f0
core   0: 0x800021ae (0x00006f99) c.lui   t6, 0x6
core   0: 3 0x800021ae (0x6f99) x31 0x00006000
core   0: 0x800021b0 (0x00000705) c.addi  a4, 1
core   0: 3 0x800021b0 (0x0705) x14 0x00000000
core   0: 0x800021b2 (0x00008dca) c.mv    s11, s2
core   0: 3 0x800021b2 (0x8dca) x27 0xfe5b8000
core   0: 0x800021b4 (0x0000ff65) c.bnez  a4, pc - 8
core   0: 3 0x800021b4 (0xff65)
core   0: 0x800021b6 (0x000007c6) c.slli  a5, 17
core   0: 3 0x800021b6 (0x07c6) x15 0x00000000
core   0: 0x800021b8 (0x02af8933) mul     s2, t6, a0
core   0: 3 0x800021b8 (0x02af8933) x18 0xfe5b8000
core   0: 0x800021bc (0xfdca9fe3) bne     s5, t3, pc - 34
core   0: 3 0x800021bc (0xfdca9fe3)
core   0: 0x8000219a (0x1b7ea093) slti    ra, t4, 439
core   0: 3 0x8000219a (0x1b7ea093) x1  0x00000000
core   0: 0x8000219e (0x01455533) srl     a0, a0, s4
core   0: 3 0x8000219e (0x01455533) x10 0x14b550f4
core   0: 0x800021a2 (0x00001af9) c.addi  s5, -2
core   0: 3 0x800021a2 (0x1af9) x21 0xfffffff3
core   0: 0x800021a4 (0x00008d3d) c.xor   a0, a5
core   0: 3 0x800021a4 (0x8d3d) x10 0x14b550f4
core   0: 0x800021a6 (0x00005775) c.li    a4, -3
core   0: 3 0x800021a6 (0x5775) x14 0xfffffffd
core   0: 0x800021a8 (0x00000001) c.nop
core   0: 3 0x800021a8 (0x0001)
core   0: 0x800021aa (0x00008ced) c.and   s1, a1
core   0: 3 0x800021aa (0x8ced) x9  0x80029ce0
core   0: 0x800021ac (0x00008ee9) c.and   a3, a0
core   0: 3 0x800021ac (0x8ee9) x13 0x041550f0
core   0: 0x800021ae (0x00006f99) c.lui   t6, 0x6
core   0: 3 0x800021ae (0x6f99) x31 0x00006000
core   0: 0x800021b0 (0x00000705) c.addi  a4, 1
core   0: 3 0x800021b0 (0x0705) x14 0xfffffffe
core   0: 0x800021b2 (0x00008dca) c.mv    s11, s2
core   0: 3 0x800021b2 (0x8dca) x27 0xfe5b8000
core   0: 0x800021b4 (0x0000ff65) c.bnez  a4, pc - 8
core   0: 3 0x800021b4 (0xff65)
core   0: 0x800021ac (0x00008ee9) c.and   a3, a0
core   0: 3 0x800021ac (0x8ee9) x13 0x041550f0
core   0: 0x800021ae (0x00006f99) c.lui   t6, 0x6
core   0: 3 0x800021ae (0x6f99) x31 0x00006000
core   0: 0x800021b0 (0x00000705) c.addi  a4, 1
core   0: 3 0x800021b0 (0x0705) x14 0xffffffff
core   0: 0x800021b2 (0x00008dca) c.mv    s11, s2
core   0: 3 0x800021b2 (0x8dca) x27 0xfe5b8000
core   0: 0x800021b4 (0x0000ff65) c.bnez  a4, pc - 8
core   0: 3 0x800021b4 (0xff65)
core   0: 0x800021ac (0x00008ee9) c.and   a3, a0
core   0: 3 0x800021ac (0x8ee9) x13 0x041550f0
core   0: 0x800021ae (0x00006f99) c.lui   t6, 0x6
core   0: 3 0x800021ae (0x6f99) x31 0x00006000
core   0: 0x800021b0 (0x00000705) c.addi  a4, 1
core   0: 3 0x800021b0 (0x0705) x14 0x00000000
core   0: 0x800021b2 (0x00008dca) c.mv    s11, s2
core   0: 3 0x800021b2 (0x8dca) x27 0xfe5b8000
core   0: 0x800021b4 (0x0000ff65) c.bnez  a4, pc - 8
core   0: 3 0x800021b4 (0xff65)
core   0: 0x800021b6 (0x000007c6) c.slli  a5, 17
core   0: 3 0x800021b6 (0x07c6) x15 0x00000000
core   0: 0x800021b8 (0x02af8933) mul     s2, t6, a0
core   0: 3 0x800021b8 (0x02af8933) x18 0xfe5b8000
core   0: 0x800021bc (0xfdca9fe3) bne     s5, t3, pc - 34
core   0: 3 0x800021bc (0xfdca9fe3)
core   0: 0x8000219a (0x1b7ea093) slti    ra, t4, 439
core   0: 3 0x8000219a (0x1b7ea093) x1  0x00000000
core   0: 0x8000219e (0x01455533) srl     a0, a0, s4
core   0: 3 0x8000219e (0x01455533) x10 0x14b550f4
core   0: 0x800021a2 (0x00001af9) c.addi  s5, -2
core   0: 3 0x800021a2 (0x1af9) x21 0xfffffff1
core   0: 0x800021a4 (0x00008d3d) c.xor   a0, a5
core   0: 3 0x800021a4 (0x8d3d) x10 0x14b550f4
core   0: 0x800021a6 (0x00005775) c.li    a4, -3
core   0: 3 0x800021a6 (0x5775) x14 0xfffffffd
core   0: 0x800021a8 (0x00000001) c.nop
core   0: 3 0x800021a8 (0x0001)
core   0: 0x800021aa (0x00008ced) c.and   s1, a1
core   0: 3 0x800021aa (0x8ced) x9  0x80029ce0
core   0: 0x800021ac (0x00008ee9) c.and   a3, a0
core   0: 3 0x800021ac (0x8ee9) x13 0x041550f0
core   0: 0x800021ae (0x00006f99) c.lui   t6, 0x6
core   0: 3 0x800021ae (0x6f99) x31 0x00006000
core   0: 0x800021b0 (0x00000705) c.addi  a4, 1
core   0: 3 0x800021b0 (0x0705) x14 0xfffffffe
core   0: 0x800021b2 (0x00008dca) c.mv    s11, s2
core   0: 3 0x800021b2 (0x8dca) x27 0xfe5b8000
core   0: 0x800021b4 (0x0000ff65) c.bnez  a4, pc - 8
core   0: 3 0x800021b4 (0xff65)
core   0: 0x800021ac (0x00008ee9) c.and   a3, a0
core   0: 3 0x800021ac (0x8ee9) x13 0x041550f0
core   0: 0x800021ae (0x00006f99) c.lui   t6, 0x6
core   0: 3 0x800021ae (0x6f99) x31 0x00006000
core   0: 0x800021b0 (0x00000705) c.addi  a4, 1
core   0: 3 0x800021b0 (0x0705) x14 0xffffffff
core   0: 0x800021b2 (0x00008dca) c.mv    s11, s2
core   0: 3 0x800021b2 (0x8dca) x27 0xfe5b8000
core   0: 0x800021b4 (0x0000ff65) c.bnez  a4, pc - 8
core   0: 3 0x800021b4 (0xff65)
core   0: 0x800021ac (0x00008ee9) c.and   a3, a0
core   0: 3 0x800021ac (0x8ee9) x13 0x041550f0
core   0: 0x800021ae (0x00006f99) c.lui   t6, 0x6
core   0: 3 0x800021ae (0x6f99) x31 0x00006000
core   0: 0x800021b0 (0x00000705) c.addi  a4, 1
core   0: 3 0x800021b0 (0x0705) x14 0x00000000
core   0: 0x800021b2 (0x00008dca) c.mv    s11, s2
core   0: 3 0x800021b2 (0x8dca) x27 0xfe5b8000
core   0: 0x800021b4 (0x0000ff65) c.bnez  a4, pc - 8
core   0: 3 0x800021b4 (0xff65)
core   0: 0x800021b6 (0x000007c6) c.slli  a5, 17
core   0: 3 0x800021b6 (0x07c6) x15 0x00000000
core   0: 0x800021b8 (0x02af8933) mul     s2, t6, a0
core   0: 3 0x800021b8 (0x02af8933) x18 0xfe5b8000
core   0: 0x800021bc (0xfdca9fe3) bne     s5, t3, pc - 34
core   0: 3 0x800021bc (0xfdca9fe3)
core   0: 0x8000219a (0x1b7ea093) slti    ra, t4, 439
core   0: 3 0x8000219a (0x1b7ea093) x1  0x00000000
core   0: 0x8000219e (0x01455533) srl     a0, a0, s4
core   0: 3 0x8000219e (0x01455533) x10 0x14b550f4
core   0: 0x800021a2 (0x00001af9) c.addi  s5, -2
core   0: 3 0x800021a2 (0x1af9) x21 0xffffffef
core   0: 0x800021a4 (0x00008d3d) c.xor   a0, a5
core   0: 3 0x800021a4 (0x8d3d) x10 0x14b550f4
core   0: 0x800021a6 (0x00005775) c.li    a4, -3
core   0: 3 0x800021a6 (0x5775) x14 0xfffffffd
core   0: 0x800021a8 (0x00000001) c.nop
core   0: 3 0x800021a8 (0x0001)
core   0: 0x800021aa (0x00008ced) c.and   s1, a1
core   0: 3 0x800021aa (0x8ced) x9  0x80029ce0
core   0: 0x800021ac (0x00008ee9) c.and   a3, a0
core   0: 3 0x800021ac (0x8ee9) x13 0x041550f0
core   0: 0x800021ae (0x00006f99) c.lui   t6, 0x6
core   0: 3 0x800021ae (0x6f99) x31 0x00006000
core   0: 0x800021b0 (0x00000705) c.addi  a4, 1
core   0: 3 0x800021b0 (0x0705) x14 0xfffffffe
core   0: 0x800021b2 (0x00008dca) c.mv    s11, s2
core   0: 3 0x800021b2 (0x8dca) x27 0xfe5b8000
core   0: 0x800021b4 (0x0000ff65) c.bnez  a4, pc - 8
core   0: 3 0x800021b4 (0xff65)
core   0: 0x800021ac (0x00008ee9) c.and   a3, a0
core   0: 3 0x800021ac (0x8ee9) x13 0x041550f0
core   0: 0x800021ae (0x00006f99) c.lui   t6, 0x6
core   0: 3 0x800021ae (0x6f99) x31 0x00006000
core   0: 0x800021b0 (0x00000705) c.addi  a4, 1
core   0: 3 0x800021b0 (0x0705) x14 0xffffffff
core   0: 0x800021b2 (0x00008dca) c.mv    s11, s2
core   0: 3 0x800021b2 (0x8dca) x27 0xfe5b8000
core   0: 0x800021b4 (0x0000ff65) c.bnez  a4, pc - 8
core   0: 3 0x800021b4 (0xff65)
core   0: 0x800021ac (0x00008ee9) c.and   a3, a0
core   0: 3 0x800021ac (0x8ee9) x13 0x041550f0
core   0: 0x800021ae (0x00006f99) c.lui   t6, 0x6
core   0: 3 0x800021ae (0x6f99) x31 0x00006000
core   0: 0x800021b0 (0x00000705) c.addi  a4, 1
core   0: 3 0x800021b0 (0x0705) x14 0x00000000
core   0: 0x800021b2 (0x00008dca) c.mv    s11, s2
core   0: 3 0x800021b2 (0x8dca) x27 0xfe5b8000
core   0: 0x800021b4 (0x0000ff65) c.bnez  a4, pc - 8
core   0: 3 0x800021b4 (0xff65)
core   0: 0x800021b6 (0x000007c6) c.slli  a5, 17
core   0: 3 0x800021b6 (0x07c6) x15 0x00000000
core   0: 0x800021b8 (0x02af8933) mul     s2, t6, a0
core   0: 3 0x800021b8 (0x02af8933) x18 0xfe5b8000
core   0: 0x800021bc (0xfdca9fe3) bne     s5, t3, pc - 34
core   0: 3 0x800021bc (0xfdca9fe3)
core   0: 0x800021c0 (0xb88aa813) slti    a6, s5, -1144
core   0: 3 0x800021c0 (0xb88aa813) x16 0x00000000
core   0: 0x800021c4 (0x0000ef17) auipc   t5, 0xe
core   0: 3 0x800021c4 (0x0000ef17) x30 0x800101c4
core   0: 0x800021c8 (0x388f0f13) addi    t5, t5, 904
core   0: 3 0x800021c8 (0x388f0f13) x30 0x8001054c
core   0: 0x800021cc (0x00000eb1) c.addi  t4, 12
core   0: 3 0x800021cc (0x0eb1) x29 0x0000dc20
core   0: 0x800021ce (0x41b60233) sub     tp, a2, s11
core   0: 3 0x800021ce (0x41b60233) x4  0x05a488f3
core   0: 0x800021d2 (0x392f1d83) lh      s11, 914(t5)
core   0: 3 0x800021d2 (0x392f1d83) x27 0xffff9495 mem 0x800108de
core   0: 0x800021d6 (0xfd7f0b23) sb      s7, -42(t5)
core   0: 3 0x800021d6 (0xfd7f0b23) mem 0x80010522 0x01
core   0: 0x800021da (0x417f0ea3) sb      s7, 1053(t5)
core   0: 3 0x800021da (0x417f0ea3) mem 0x80010969 0x01
core   0: 0x800021de (0x018f4683) lbu     a3, 24(t5)
core   0: 3 0x800021de (0x018f4683) x13 0x0000001f mem 0x80010564
core   0: 0x800021e2 (0x00008d01) c.sub   a0, s0
core   0: 3 0x800021e2 (0x8d01) x10 0x14b47417
core   0: 0x800021e4 (0xdaef0483) lb      s1, -594(t5)
core   0: 3 0x800021e4 (0xdaef0483) x9  0xffffffb1 mem 0x800102fa
core   0: 0x800021e8 (0x00000001) c.nop
core   0: 3 0x800021e8 (0x0001)
core   0: 0x800021ea (0x023bc8b3) div     a7, s7, gp
core   0: 3 0x800021ea (0x023bc8b3) x17 0x00000000
core   0: 0x800021ee (0xa449ae37) lui     t3, 0xa449a
core   0: 3 0x800021ee (0xa449ae37) x28 0xa449a000
core   0: 0x800021f2 (0x7a0f0ea3) sb      zero, 1981(t5)
core   0: 3 0x800021f2 (0x7a0f0ea3) mem 0x80010d09 0x00
core   0: 0x800021f6 (0x40930133) sub     sp, t1, s1
core   0: 3 0x800021f6 (0x40930133) x2  0x80025eb3
core   0: 0x800021fa (0x00001384) c.addi4spn s1, sp, 480
core   0: 3 0x800021fa (0x1384) x9  0x80026093
core   0: 0x800021fc (0x3e658493) addi    s1, a1, 998
core   0: 3 0x800021fc (0x3e658493) x9  0x8002a0ca
core   0: 0x80002200 (0xb98f0e23) sb      s8, -1124(t5)
core   0: 3 0x80002200 (0xb98f0e23) mem 0x800100e8 0x00
core   0: 0x80002204 (0x11d3d3b7) lui     t2, 0x11d3d
core   0: 3 0x80002204 (0x11d3d3b7) x7  0x11d3d000
core   0: 0x80002208 (0x40bf0403) lb      s0, 1035(t5)
core   0: 3 0x80002208 (0x40bf0403) x8  0x0000000c mem 0x80010957
core   0: 0x8000220c (0xea7f0d83) lb      s11, -345(t5)
core   0: 3 0x8000220c (0xea7f0d83) x27 0xffffffa8 mem 0x800103f3
core   0: 0x80002210 (0x00001e88) c.addi4spn a0, sp, 880
core   0: 3 0x80002210 (0x1e88) x10 0x80026223
core   0: 0x80002212 (0x7f7f0703) lb      a4, 2039(t5)
core   0: 3 0x80002212 (0x7f7f0703) x14 0xfffffff8 mem 0x80010d43
core   0: 0x80002216 (0x4052d0b3) sra     ra, t0, t0
core   0: 3 0x80002216 (0x4052d0b3) x1  0xffffffe0
core   0: 0x8000221a (0x767f1923) sh      t2, 1906(t5)
core   0: 3 0x8000221a (0x767f1923) mem 0x80010cbe 0xd000
core   0: 0x8000221e (0x00009bfd) c.andi  a5, -1
core   0: 3 0x8000221e (0x9bfd) x15 0x00000000
core   0: 0x80002220 (0xd87f0ea3) sb      t2, -611(t5)
core   0: 3 0x80002220 (0xd87f0ea3) mem 0x800102e9 0x00
core   0: 0x80002224 (0x7e3f4003) lbu     zero, 2019(t5)
core   0: 3 0x80002224 (0x7e3f4003) mem 0x80010d2f
core   0: 0x80002228 (0x024343b3) div     t2, t1, tp
core   0: 3 0x80002228 (0x024343b3) x7  0xffffffea
core   0: 0x8000222c (0x7b93fb13) andi    s6, t2, 1977
core   0: 3 0x8000222c (0x7b93fb13) x22 0x000007a8
core   0: 0x80002230 (0x182f5a03) lhu     s4, 386(t5)
core   0: 3 0x80002230 (0x182f5a03) x20 0x00008485 mem 0x800106ce
core   0: 0x80002234 (0x004f0fa3) sb      tp, 31(t5)
core   0: 3 0x80002234 (0x004f0fa3) mem 0x8001056b 0xf3
core   0: 0x80002238 (0x62ef1d23) sh      a4, 1594(t5)
core   0: 3 0x80002238 (0x62ef1d23) mem 0x80010b86 0xfff8
core   0: 0x8000223c (0x1d4f0123) sb      s4, 450(t5)
core   0: 3 0x8000223c (0x1d4f0123) mem 0x8001070e 0x85
core   0: 0x80002240 (0x554f5503) lhu     a0, 1364(t5)
core   0: 3 0x80002240 (0x554f5503) x10 0x00005a5b mem 0x80010aa0
core   0: 0x80002244 (0x01816133) or      sp, sp, s8
core   0: 3 0x80002244 (0x01816133) x2  0x80025eb3
core   0: 0x80002248 (0x73294913) xori    s2, s2, 1842
core   0: 3 0x80002248 (0x73294913) x18 0xfe5b8732
core   0: 0x8000224c (0xeaef0b83) lb      s7, -338(t5)
core   0: 3 0x8000224c (0xeaef0b83) x23 0xffffffb1 mem 0x800103fa
core   0: 0x80002250 (0x6cff4a83) lbu     s5, 1743(t5)
core   0: 3 0x80002250 (0x6cff4a83) x21 0x000000d0 mem 0x80010c1b
core   0: 0x80002254 (0x00008ec9) c.or    a3, a0
core   0: 3 0x80002254 (0x8ec9) x13 0x00005a5f
core   0: 0x80002256 (0x1caf1d03) lh      s10, 458(t5)
core   0: 3 0x80002256 (0x1caf1d03) x26 0xffffcccd mem 0x80010716
core   0: 0x8000225a (0xb0cf0c23) sb      a2, -1256(t5)
core   0: 3 0x8000225a (0xb0cf0c23) mem 0x80010064 0xf3
core   0: 0x8000225e (0x0245c3b3) div     t2, a1, tp
core   0: 3 0x8000225e (0x0245c3b3) x7  0xffffffea
core   0: 0x80002262 (0x02e3deb3) divu    t4, t2, a4
core   0: 3 0x80002262 (0x02e3deb3) x29 0x00000000
core   0: 0x80002266 (0x406a08b3) sub     a7, s4, t1
core   0: 3 0x80002266 (0x406a08b3) x17 0x7ffe2621
core   0: 0x8000226a (0x4f4f0e03) lb      t3, 1268(t5)
core   0: 3 0x8000226a (0x4f4f0e03) x28 0xfffffffb mem 0x80010a40
core   0: 0x8000226e (0x00001ffd) c.addi  t6, -1
core   0: 3 0x8000226e (0x1ffd) x31 0x00005fff
core   0: 0x80002270 (0x00921a13) slli    s4, tp, 9
core   0: 3 0x80002270 (0x00921a13) x20 0x4911e600
core   0: 0x80002274 (0x422f1b03) lh      s6, 1058(t5)
core   0: 3 0x80002274 (0x422f1b03) x22 0x00002425 mem 0x8001096e
core   0: 0x80002278 (0xb00f4d03) lbu     s10, -1280(t5)
core   0: 3 0x80002278 (0xb00f4d03) x26 0x00000007 mem 0x8001004c
core   0: 0x8000227c (0x0eaf0f83) lb      t6, 234(t5)
core   0: 3 0x8000227c (0x0eaf0f83) x31 0xffffffed mem 0x80010636
core   0: 0x80002280 (0x2b5f0383) lb      t2, 693(t5)
core   0: 3 0x80002280 (0x2b5f0383) x7  0x00000000 mem 0x80010801
core   0: 0x80002284 (0x0009e3b3) or      t2, s3, zero
core   0: 3 0x80002284 (0x0009e3b3) x7  0x00000000
core   0: 0x80002288 (0x00299913) slli    s2, s3, 2
core   0: 3 0x80002288 (0x00299913) x18 0x00000000
core   0: 0x8000228c (0x71bf4903) lbu     s2, 1819(t5)
core   0: 3 0x8000228c (0x71bf4903) x18 0x0000001c mem 0x80010c67
core   0: 0x80002290 (0x0000e617) auipc   a2, 0xe
core   0: 3 0x80002290 (0x0000e617) x12 0x80010290
core   0: 0x80002294 (0x60f60613) addi    a2, a2, 1551
core   0: 3 0x80002294 (0x60f60613) x12 0x8001089f
core   0: 0x80002298 (0x344c3513) sltiu   a0, s8, 836
core   0: 3 0x80002298 (0x344c3513) x10 0x00000001
core   0: 0x8000229c (0xffd62c03) lw      s8, -3(a2)
core   0: 3 0x8000229c (0xffd62c03) x24 0x54555657 mem 0x8001089c
core   0: 0x800022a0 (0xbda32c37) lui     s8, 0xbda32
core   0: 3 0x800022a0 (0xbda32c37) x24 0xbda32000
core   0: 0x800022a4 (0x2b795797) auipc   a5, 0x2b795
core   0: 3 0x800022a4 (0x2b795797) x15 0xab7972a4
core   0: 0x800022a8 (0x000083b6) c.mv    t2, a3
core   0: 3 0x800022a8 (0x83b6) x7  0x00005a5f
core   0: 0x800022aa (0x00760423) sb      t2, 8(a2)
core   0: 3 0x800022aa (0x00760423) mem 0x800108a7 0x5f
core   0: 0x800022ae (0xff562c03) lw      s8, -11(a2)
core   0: 3 0x800022ae (0xff562c03) x24 0x4c4d4e4f mem 0x80010894
core   0: 0x800022b2 (0x017c5693) srli    a3, s8, 23
core   0: 3 0x800022b2 (0x017c5693) x13 0x00000098
core   0: 0x800022b6 (0xe96c4513) xori    a0, s8, -362
core   0: 3 0x800022b6 (0xe96c4513) x10 0xb3b2b0d9
core   0: 0x800022ba (0x4ee6cc17) auipc   s8, 0x4ee6c
core   0: 3 0x800022ba (0x4ee6cc17) x24 0xcee6e2ba
core   0: 0x800022be (0x00000c12) c.slli  s8, 4
core   0: 3 0x800022be (0x0c12) x24 0xee6e2ba0
core   0: 0x800022c0 (0x02d7c6b3) div     a3, a5, a3
core   0: 3 0x800022c0 (0x02d7c6b3) x13 0xff71a420
core   0: 0x800022c4 (0x00664c03) lbu     s8, 6(a2)
core   0: 3 0x800022c4 (0x00664c03) x24 0x0000005e mem 0x800108a5
core   0: 0x800022c8 (0x0000852a) c.mv    a0, a0
core   0: 3 0x800022c8 (0x852a) x10 0xb3b2b0d9
core   0: 0x800022ca (0xff860823) sb      s8, -16(a2)
core   0: 3 0x800022ca (0xff860823) mem 0x8001088f 0x5e
core   0: 0x800022ce (0xff860e23) sb      s8, -4(a2)
core   0: 3 0x800022ce (0xff860e23) mem 0x8001089b 0x5e
core   0: 0x800022d2 (0x00a52c33) slt     s8, a0, a0
core   0: 3 0x800022d2 (0x00a52c33) x24 0x00000000
core   0: 0x800022d6 (0x0031d533) srl     a0, gp, gp
core   0: 3 0x800022d6 (0x0031d533) x10 0x00000000
core   0: 0x800022da (0x00365383) lhu     t2, 3(a2)
core   0: 3 0x800022da (0x00365383) x7  0x00005859 mem 0x800108a2
core   0: 0x800022de (0x01c79393) slli    t2, a5, 28
core   0: 3 0x800022de (0x01c79393) x7  0x40000000
core   0: 0x800022e2 (0xfe761da3) sh      t2, -5(a2)
core   0: 3 0x800022e2 (0xfe761da3) mem 0x8001089a 0x0000
core   0: 0x800022e6 (0x00f65c03) lhu     s8, 15(a2)
core   0: 3 0x800022e6 (0x00f65c03) x24 0x00006465 mem 0x800108ae
core   0: 0x800022ea (0x00008e9d) c.sub   a3, a5
core   0: 3 0x800022ea (0x8e9d) x13 0x53f8317c
core   0: 0x800022ec (0x0273bc33) mulhu   s8, t2, t2
core   0: 3 0x800022ec (0x0273bc33) x24 0x10000000
core   0: 0x800022f0 (0x0276d1b3) divu    gp, a3, t2
core   0: 3 0x800022f0 (0x0276d1b3) x3  0x00000001
core   0: 0x800022f4 (0x00960c03) lb      s8, 9(a2)
core   0: 3 0x800022f4 (0x00960c03) x24 0x00000063 mem 0x800108a8
core   0: 0x800022f8 (0x00e60c03) lb      s8, 14(a2)
core   0: 3 0x800022f8 (0x00e60c03) x24 0x00000066 mem 0x800108ad
core   0: 0x800022fc (0x00d602a3) sb      a3, 5(a2)
core   0: 3 0x800022fc (0x00d602a3) mem 0x800108a4 0x7c
core   0: 0x80002300 (0x00d60523) sb      a3, 10(a2)
core   0: 3 0x80002300 (0x00d60523) mem 0x800108a9 0x7c
core   0: 0x80002304 (0x00008d5d) c.or    a0, a5
core   0: 3 0x80002304 (0x8d5d) x10 0xab7972a4
core   0: 0x80002306 (0x00f60723) sb      a5, 14(a2)
core   0: 3 0x80002306 (0x00f60723) mem 0x800108ad 0xa4
core   0: 0x8000230a (0x00000001) c.nop
core   0: 3 0x8000230a (0x0001)
core   0: 0x8000230c (0xff364503) lbu     a0, -13(a2)
core   0: 3 0x8000230c (0xff364503) x10 0x00000049 mem 0x80010892
core   0: 0x80002310 (0x003622a3) sw      gp, 5(a2)
core   0: 3 0x80002310 (0x003622a3) mem 0x800108a4 0x00000001
core   0: 0x80002314 (0x0000894d) c.andi  a0, 19
core   0: 3 0x80002314 (0x894d) x10 0x00000001
core   0: 0x80002316 (0xfff65683) lhu     a3, -1(a2)
core   0: 3 0x80002316 (0xfff65683) x13 0x00005455 mem 0x8001089e
core   0: 0x8000231a (0x00011397) auipc   t2, 0x11
core   0: 3 0x8000231a (0x00011397) x7  0x8001331a
core   0: 0x8000231e (0x4bd38393) addi    t2, t2, 1213
core   0: 3 0x8000231e (0x4bd38393) x7  0x800137d7
core   0: 0x80002322 (0x02938d23) sb      s1, 58(t2)
core   0: 3 0x80002322 (0x02938d23) mem 0x80013811 0xca
core   0: 0x80002326 (0x0180bc33) sltu    s8, ra, s8
core   0: 3 0x80002326 (0x0180bc33) x24 0x00000000
core   0: 0x8000232a (0xfd93ae83) lw      t4, -39(t2)
core   0: 3 0x8000232a (0xfd93ae83) x29 0x68696a6b mem 0x800137b0
core   0: 0x8000232e (0x016b9733) sll     a4, s7, s6
core   0: 3 0x8000232e (0x016b9733) x14 0xfffff620
core   0: 0x80002332 (0xff538803) lb      a6, -11(t2)
core   0: 3 0x80002332 (0xff538803) x16 0xffffff87 mem 0x800137cc
core   0: 0x80002336 (0x00c337b3) sltu    a5, t1, a2
core   0: 3 0x80002336 (0x00c337b3) x15 0x00000000
core   0: 0x8000233a (0x00005d7d) c.li    s10, -1
core   0: 3 0x8000233a (0x5d7d) x26 0xffffffff
core   0: 0x8000233c (0x01703eb3) snez    t4, s7
core   0: 3 0x8000233c (0x01703eb3) x29 0x00000001
core   0: 0x80002340 (0xfe139f83) lh      t6, -31(t2)
core   0: 3 0x80002340 (0xfe139f83) x31 0x00007273 mem 0x800137b8
core   0: 0x80002344 (0xfc93d103) lhu     sp, -55(t2)
core   0: 3 0x80002344 (0xfc93d103) x2  0x00005a5b mem 0x800137a0
core   0: 0x80002348 (0xfc538223) sb      t0, -60(t2)
core   0: 3 0x80002348 (0xfc538223) mem 0x8001379b 0x1a
core   0: 0x8000234c (0x00b66b33) or      s6, a2, a1
core   0: 3 0x8000234c (0x00b66b33) x22 0x80039cff
core   0: 0x80002350 (0xfed3aa03) lw      s4, -19(t2)
core   0: 3 0x80002350 (0xfed3aa03) x20 0x7c7d7e7f mem 0x800137c4
core   0: 0x80002354 (0xfe4397a3) sh      tp, -17(t2)
core   0: 3 0x80002354 (0xfe4397a3) mem 0x800137c6 0x88f3
core   0: 0x80002358 (0xfc738023) sb      t2, -64(t2)
core   0: 3 0x80002358 (0xfc738023) mem 0x80013797 0xd7
core   0: 0x8000235c (0xffe38b23) sb      t5, -10(t2)
core   0: 3 0x8000235c (0xffe38b23) mem 0x800137cd 0x4c
core   0: 0x80002360 (0x02e38983) lb      s3, 46(t2)
core   0: 3 0x80002360 (0x02e38983) x19 0xffffffbe mem 0x80013805
core   0: 0x80002364 (0x00a3cd03) lbu     s10, 10(t2)
core   0: 3 0x80002364 (0x00a3cd03) x26 0x0000009a mem 0x800137e1
core   0: 0x80002368 (0x03138903) lb      s2, 49(t2)
core   0: 3 0x80002368 (0x03138903) x18 0xffffffc3 mem 0x80013808
core   0: 0x8000236c (0x027fe4b3) rem     s1, t6, t2
core   0: 3 0x8000236c (0x027fe4b3) x9  0x00007273
core   0: 0x80002370 (0x03a3c183) lbu     gp, 58(t2)
core   0: 3 0x80002370 (0x03a3c183) x3  0x000000ca mem 0x80013811
core   0: 0x80002374 (0xfe638503) lb      a0, -26(t2)
core   0: 3 0x80002374 (0xfe638503) x10 0x00000076 mem 0x800137bd
core   0: 0x80002378 (0x0303cd83) lbu     s11, 48(t2)
core   0: 3 0x80002378 (0x0303cd83) x27 0x000000bc mem 0x80013807
core   0: 0x8000237c (0x03e38503) lb      a0, 62(t2)
core   0: 3 0x8000237c (0x03e38503) x10 0xffffffce mem 0x80013815
core   0: 0x80002380 (0x00a38a83) lb      s5, 10(t2)
core   0: 3 0x80002380 (0x00a38a83) x21 0xffffff9a mem 0x800137e1
core   0: 0x80002384 (0x000019fd) c.addi  s3, -1
core   0: 3 0x80002384 (0x19fd) x19 0xffffffbd
core   0: 0x80002386 (0x00008e0a) c.mv    t3, sp
core   0: 3 0x80002386 (0x8e0a) x28 0x00005a5b
core   0: 0x80002388 (0xff83cc03) lbu     s8, -8(t2)
core   0: 3 0x80002388 (0xff83cc03) x24 0x00000084 mem 0x800137cf
core   0: 0x8000238c (0x03ea2933) mulhsu  s2, s4, t5
core   0: 3 0x8000238c (0x03ea2933) x18 0x3e3f3e50
core   0: 0x80002390 (0xfec38b83) lb      s7, -20(t2)
core   0: 3 0x80002390 (0xfec38b83) x23 0x00000078 mem 0x800137c3
core   0: 0x80002394 (0xfc13a0a3) sw      ra, -63(t2)
core   0: 3 0x80002394 (0xfc13a0a3) mem 0x80013798 0xffffffe0
core   0: 0x80002398 (0xfee3c183) lbu     gp, -18(t2)
core   0: 3 0x80002398 (0xfee3c183) x3  0x0000007e mem 0x800137c5
core   0: 0x8000239c (0xfda3c903) lbu     s2, -38(t2)
core   0: 3 0x8000239c (0xfda3c903) x18 0x0000006a mem 0x800137b1
core   0: 0x800023a0 (0x00008f2a) c.mv    t5, a0
core   0: 3 0x800023a0 (0x8f2a) x30 0xffffffce
core   0: 0x800023a2 (0x03739a03) lh      s4, 55(t2)
core   0: 3 0x800023a2 (0x03739a03) x20 0xffffc4c5 mem 0x8001380e
core   0: 0x800023a6 (0x0323ce83) lbu     t4, 50(t2)
core   0: 3 0x800023a6 (0x0323ce83) x29 0x000000c2 mem 0x80013809
core   0: 0x800023aa (0x0001b997) auipc   s3, 0x1b
core   0: 3 0x800023aa (0x0001b997) x19 0x8001d3aa
core   0: 0x800023ae (0xacc98993) addi    s3, s3, -1332
core   0: 3 0x800023ae (0xacc98993) x19 0x8001ce76
core   0: 0x800023b2 (0xfe69a283) lw      t0, -26(s3)
core   0: 3 0x800023b2 (0xfe69a283) x5  0x14151617 mem 0x8001ce5c
core   0: 0x800023b6 (0x00008cc9) c.or    s1, a0
core   0: 3 0x800023b6 (0x8cc9) x9  0xffffffff
core   0: 0x800023b8 (0xfea98323) sb      a0, -26(s3)
core   0: 3 0x800023b8 (0xfea98323) mem 0x8001ce5c 0xce
core   0: 0x800023bc (0xffd98323) sb      t4, -26(s3)
core   0: 3 0x800023bc (0xffd98323) mem 0x8001ce5c 0xc2
core   0: 0x800023c0 (0xfcd987a3) sb      a3, -49(s3)
core   0: 3 0x800023c0 (0xfcd987a3) mem 0x8001ce45 0x55
core   0: 0x800023c4 (0x0de98d83) lb      s11, 222(s3)
core   0: 3 0x800023c4 (0x0de98d83) x27 0x0000000f mem 0x8001cf54
core   0: 0x800023c8 (0x012171b3) and     gp, sp, s2
core   0: 3 0x800023c8 (0x012171b3) x3  0x0000004a
core   0: 0x800023cc (0x0de98f83) lb      t6, 222(s3)
core   0: 3 0x800023cc (0x0de98f83) x31 0x0000000f mem 0x8001cf54
core   0: 0x800023d0 (0x02722233) mulhsu  tp, tp, t2
core   0: 3 0x800023d0 (0x02722233) x4  0x02d24b59
core   0: 0x800023d4 (0xf6b9ca03) lbu     s4, -149(s3)
core   0: 3 0x800023d4 (0xf6b9ca03) x20 0x0000009a mem 0x8001cde1
core   0: 0x800023d8 (0xf5b9c883) lbu     a7, -165(s3)
core   0: 3 0x800023d8 (0xf5b9c883) x17 0x0000008a mem 0x8001cdd1
core   0: 0x800023dc (0x0ef98183) lb      gp, 239(s3)
core   0: 3 0x800023dc (0x0ef98183) x3  0x0000001e mem 0x8001cf65
core   0: 0x800023e0 (0xf2b9c203) lbu     tp, -213(s3)
core   0: 3 0x800023e0 (0xf2b9c203) x4  0x0000005a mem 0x8001cda1
core   0: 0x800023e4 (0x00004791) c.li    a5, 4
core   0: 3 0x800023e4 (0x4791) x15 0x00000004
core   0: 0x800023e6 (0x00000001) c.nop
core   0: 3 0x800023e6 (0x0001)
core   0: 0x800023e8 (0x03cf41b3) div     gp, t5, t3
core   0: 3 0x800023e8 (0x03cf41b3) x3  0x00000000
core   0: 0x800023ec (0x000017f1) c.addi  a5, -4
core   0: 3 0x800023ec (0x17f1) x15 0x00000000
core   0: 0x800023ee (0x0000dfed) c.beqz  a5, pc - 6
core   0: 3 0x800023ee (0xdfed)
core   0: 0x800023e8 (0x03cf41b3) div     gp, t5, t3
core   0: 3 0x800023e8 (0x03cf41b3) x3  0x00000000
core   0: 0x800023ec (0x000017f1) c.addi  a5, -4
core   0: 3 0x800023ec (0x17f1) x15 0xfffffffc
core   0: 0x800023ee (0x0000dfed) c.beqz  a5, pc - 6
core   0: 3 0x800023ee (0xdfed)
core   0: 0x800023f0 (0x00000001) c.nop
core   0: 3 0x800023f0 (0x0001)
core   0: 0x800023f2 (0x0000e817) auipc   a6, 0xe
core   0: 3 0x800023f2 (0x0000e817) x16 0x800103f2
core   0: 0x800023f6 (0x42380813) addi    a6, a6, 1059
core   0: 3 0x800023f6 (0x42380813) x16 0x80010815
core   0: 0x800023fa (0xfee802a3) sb      a4, -27(a6)
core   0: 3 0x800023fa (0xfee802a3) mem 0x800107fa 0x20
core   0: 0x800023fe (0xfe581683) lh      a3, -27(a6)
core   0: 3 0x800023fe (0xfe581683) x13 0xffffb020 mem 0x800107fa
core   0: 0x80002402 (0xfe581603) lh      a2, -27(a6)
core   0: 3 0x80002402 (0xfe581603) x12 0xffffb020 mem 0x800107fa
core   0: 0x80002406 (0xfe584083) lbu     ra, -27(a6)
core   0: 3 0x80002406 (0xfe584083) x1  0x00000020 mem 0x800107fa
core   0: 0x8000240a (0xfe5802a3) sb      t0, -27(a6)
core   0: 3 0x8000240a (0xfe5802a3) mem 0x800107fa 0x17
core   0: 0x8000240e (0xfe581703) lh      a4, -27(a6)
core   0: 3 0x8000240e (0xfe581703) x14 0xffffb017 mem 0x800107fa
core   0: 0x80002412 (0xfea802a3) sb      a0, -27(a6)
core   0: 3 0x80002412 (0xfea802a3) mem 0x800107fa 0xce
core   0: 0x80002416 (0xfe585503) lhu     a0, -27(a6)
core   0: 3 0x80002416 (0xfe585503) x10 0x0000b0ce mem 0x800107fa
core   0: 0x8000241a (0xabe1f493) andi    s1, gp, -1346
core   0: 3 0x8000241a (0xabe1f493) x9  0x00000000
core   0: 0x8000241e (0x01e75533) srl     a0, a4, t5
core   0: 3 0x8000241e (0x01e75533) x10 0x0003fffe
core   0: 0x80002422 (0xfce80a23) sb      a4, -44(a6)
core   0: 3 0x80002422 (0xfce80a23) mem 0x800107e9 0x17
core   0: 0x80002426 (0xfd480683) lb      a3, -44(a6)
core   0: 3 0x80002426 (0xfd480683) x13 0x00000017 mem 0x800107e9
core   0: 0x8000242a (0xfd480503) lb      a0, -44(a6)
core   0: 3 0x8000242a (0xfd480503) x10 0x00000017 mem 0x800107e9
core   0: 0x8000242e (0xfc580a23) sb      t0, -44(a6)
core   0: 3 0x8000242e (0xfc580a23) mem 0x800107e9 0x17
core   0: 0x80002432 (0xfd484883) lbu     a7, -44(a6)
core   0: 3 0x80002432 (0xfd484883) x17 0x00000017 mem 0x800107e9
core   0: 0x80002436 (0xfd484b83) lbu     s7, -44(a6)
core   0: 3 0x80002436 (0xfd484b83) x23 0x00000017 mem 0x800107e9
core   0: 0x8000243a (0x00780223) sb      t2, 4(a6)
core   0: 3 0x8000243a (0x00780223) mem 0x80010819 0xd7
core   0: 0x8000243e (0x03e98933) mul     s2, s3, t5
core   0: 3 0x8000243e (0x03e98933) x18 0xffa5acf4
core   0: 0x80002442 (0x00484b03) lbu     s6, 4(a6)
core   0: 3 0x80002442 (0x00484b03) x22 0x000000d7 mem 0x80010819
core   0: 0x80002446 (0xc6d1ac17) auipc   s8, 0xc6d1a
core   0: 3 0x80002446 (0xc6d1ac17) x24 0x46d1c446
core   0: 0x8000244a (0x0159ea33) or      s4, s3, s5
core   0: 3 0x8000244a (0x0159ea33) x20 0xfffffffe
core   0: 0x8000244e (0x01980223) sb      s9, 4(a6)
core   0: 3 0x8000244e (0x01980223) mem 0x80010819 0x0f
core   0: 0x80002452 (0x00480f83) lb      t6, 4(a6)
core   0: 3 0x80002452 (0x00480f83) x31 0x0000000f mem 0x80010819
core   0: 0x80002456 (0x01480223) sb      s4, 4(a6)
core   0: 3 0x80002456 (0x01480223) mem 0x80010819 0xfe
core   0: 0x8000245a (0xfcb815a3) sh      a1, -53(a6)
core   0: 3 0x8000245a (0xfcb815a3) mem 0x800107e0 0x9ce4
core   0: 0x8000245e (0x00004621) c.li    a2, 8
core   0: 3 0x8000245e (0x4621) x12 0x00000008
core   0: 0x80002460 (0x03169133) mulh    sp, a3, a7
core   0: 3 0x80002460 (0x03169133) x2  0x00000000
core   0: 0x80002464 (0x00008f21) c.xor   a4, s0
core   0: 3 0x80002464 (0x8f21) x14 0xffffb01b
core   0: 0x80002466 (0x83cf0f93) addi    t6, t5, -1988
core   0: 3 0x80002466 (0x83cf0f93) x31 0xfffff80a
core   0: 0x8000246a (0x000047c1) c.li    a5, 16
core   0: 3 0x8000246a (0x47c1) x15 0x00000010
core   0: 0x8000246c (0xd33bcb13) xori    s6, s7, -717
core   0: 3 0x8000246c (0xd33bcb13) x22 0xfffffd24
core   0: 0x80002470 (0x02ec16b3) mulh    a3, s8, a4
core   0: 3 0x80002470 (0x02ec16b3) x13 0xffffe9e5
core   0: 0x80002474 (0x00000605) c.addi  a2, 1
core   0: 3 0x80002474 (0x0605) x12 0x00000009
core   0: 0x80002476 (0x40388fb3) sub     t6, a7, gp
core   0: 3 0x80002476 (0x40388fb3) x31 0x00000017
core   0: 0x8000247a (0x0211c1b3) div     gp, gp, ra
core   0: 3 0x8000247a (0x0211c1b3) x3  0x00000000
core   0: 0x8000247e (0xfef667e3) bltu    a2, a5, pc - 18
core   0: 3 0x8000247e (0xfef667e3)
core   0: 0x8000246c (0xd33bcb13) xori    s6, s7, -717
core   0: 3 0x8000246c (0xd33bcb13) x22 0xfffffd24
core   0: 0x80002470 (0x02ec16b3) mulh    a3, s8, a4
core   0: 3 0x80002470 (0x02ec16b3) x13 0xffffe9e5
core   0: 0x80002474 (0x00000605) c.addi  a2, 1
core   0: 3 0x80002474 (0x0605) x12 0x0000000a
core   0: 0x80002476 (0x40388fb3) sub     t6, a7, gp
core   0: 3 0x80002476 (0x40388fb3) x31 0x00000017
core   0: 0x8000247a (0x0211c1b3) div     gp, gp, ra
core   0: 3 0x8000247a (0x0211c1b3) x3  0x00000000
core   0: 0x8000247e (0xfef667e3) bltu    a2, a5, pc - 18
core   0: 3 0x8000247e (0xfef667e3)
core   0: 0x8000246c (0xd33bcb13) xori    s6, s7, -717
core   0: 3 0x8000246c (0xd33bcb13) x22 0xfffffd24
core   0: 0x80002470 (0x02ec16b3) mulh    a3, s8, a4
core   0: 3 0x80002470 (0x02ec16b3) x13 0xffffe9e5
core   0: 0x80002474 (0x00000605) c.addi  a2, 1
core   0: 3 0x80002474 (0x0605) x12 0x0000000b
core   0: 0x80002476 (0x40388fb3) sub     t6, a7, gp
core   0: 3 0x80002476 (0x40388fb3) x31 0x00000017
core   0: 0x8000247a (0x0211c1b3) div     gp, gp, ra
core   0: 3 0x8000247a (0x0211c1b3) x3  0x00000000
core   0: 0x8000247e (0xfef667e3) bltu    a2, a5, pc - 18
core   0: 3 0x8000247e (0xfef667e3)
core   0: 0x8000246c (0xd33bcb13) xori    s6, s7, -717
core   0: 3 0x8000246c (0xd33bcb13) x22 0xfffffd24
core   0: 0x80002470 (0x02ec16b3) mulh    a3, s8, a4
core   0: 3 0x80002470 (0x02ec16b3) x13 0xffffe9e5
core   0: 0x80002474 (0x00000605) c.addi  a2, 1
core   0: 3 0x80002474 (0x0605) x12 0x0000000c
core   0: 0x80002476 (0x40388fb3) sub     t6, a7, gp
core   0: 3 0x80002476 (0x40388fb3) x31 0x00000017
core   0: 0x8000247a (0x0211c1b3) div     gp, gp, ra
core   0: 3 0x8000247a (0x0211c1b3) x3  0x00000000
core   0: 0x8000247e (0xfef667e3) bltu    a2, a5, pc - 18
core   0: 3 0x8000247e (0xfef667e3)
core   0: 0x8000246c (0xd33bcb13) xori    s6, s7, -717
core   0: 3 0x8000246c (0xd33bcb13) x22 0xfffffd24
core   0: 0x80002470 (0x02ec16b3) mulh    a3, s8, a4
core   0: 3 0x80002470 (0x02ec16b3) x13 0xffffe9e5
core   0: 0x80002474 (0x00000605) c.addi  a2, 1
core   0: 3 0x80002474 (0x0605) x12 0x0000000d
core   0: 0x80002476 (0x40388fb3) sub     t6, a7, gp
core   0: 3 0x80002476 (0x40388fb3) x31 0x00000017
core   0: 0x8000247a (0x0211c1b3) div     gp, gp, ra
core   0: 3 0x8000247a (0x0211c1b3) x3  0x00000000
core   0: 0x8000247e (0xfef667e3) bltu    a2, a5, pc - 18
core   0: 3 0x8000247e (0xfef667e3)
core   0: 0x8000246c (0xd33bcb13) xori    s6, s7, -717
core   0: 3 0x8000246c (0xd33bcb13) x22 0xfffffd24
core   0: 0x80002470 (0x02ec16b3) mulh    a3, s8, a4
core   0: 3 0x80002470 (0x02ec16b3) x13 0xffffe9e5
core   0: 0x80002474 (0x00000605) c.addi  a2, 1
core   0: 3 0x80002474 (0x0605) x12 0x0000000e
core   0: 0x80002476 (0x40388fb3) sub     t6, a7, gp
core   0: 3 0x80002476 (0x40388fb3) x31 0x00000017
core   0: 0x8000247a (0x0211c1b3) div     gp, gp, ra
core   0: 3 0x8000247a (0x0211c1b3) x3  0x00000000
core   0: 0x8000247e (0xfef667e3) bltu    a2, a5, pc - 18
core   0: 3 0x8000247e (0xfef667e3)
core   0: 0x8000246c (0xd33bcb13) xori    s6, s7, -717
core   0: 3 0x8000246c (0xd33bcb13) x22 0xfffffd24
core   0: 0x80002470 (0x02ec16b3) mulh    a3, s8, a4
core   0: 3 0x80002470 (0x02ec16b3) x13 0xffffe9e5
core   0: 0x80002474 (0x00000605) c.addi  a2, 1
core   0: 3 0x80002474 (0x0605) x12 0x0000000f
core   0: 0x80002476 (0x40388fb3) sub     t6, a7, gp
core   0: 3 0x80002476 (0x40388fb3) x31 0x00000017
core   0: 0x8000247a (0x0211c1b3) div     gp, gp, ra
core   0: 3 0x8000247a (0x0211c1b3) x3  0x00000000
core   0: 0x8000247e (0xfef667e3) bltu    a2, a5, pc - 18
core   0: 3 0x8000247e (0xfef667e3)
core   0: 0x8000246c (0xd33bcb13) xori    s6, s7, -717
core   0: 3 0x8000246c (0xd33bcb13) x22 0xfffffd24
core   0: 0x80002470 (0x02ec16b3) mulh    a3, s8, a4
core   0: 3 0x80002470 (0x02ec16b3) x13 0xffffe9e5
core   0: 0x80002474 (0x00000605) c.addi  a2, 1
core   0: 3 0x80002474 (0x0605) x12 0x00000010
core   0: 0x80002476 (0x40388fb3) sub     t6, a7, gp
core   0: 3 0x80002476 (0x40388fb3) x31 0x00000017
core   0: 0x8000247a (0x0211c1b3) div     gp, gp, ra
core   0: 3 0x8000247a (0x0211c1b3) x3  0x00000000
core   0: 0x8000247e (0xfef667e3) bltu    a2, a5, pc - 18
core   0: 3 0x8000247e (0xfef667e3)
core   0: 0x80002482 (0x018f2133) slt     sp, t5, s8
core   0: 3 0x80002482 (0x018f2133) x2  0x00000001
core   0: 0x80002486 (0x0000469d) c.li    a3, 7
core   0: 3 0x80002486 (0x469d) x13 0x00000007
core   0: 0x80002488 (0x00008e35) c.xor   a2, a3
core   0: 3 0x80002488 (0x8e35) x12 0x00000017
core   0: 0x8000248a (0x00f5b8b3) sltu    a7, a1, a5
core   0: 3 0x8000248a (0x00f5b8b3) x17 0x00000000
core   0: 0x8000248e (0x00004f99) c.li    t6, 6
core   0: 3 0x8000248e (0x4f99) x31 0x00000006
core   0: 0x80002490 (0x00008cb9) c.xor   s1, a4
core   0: 3 0x80002490 (0x8cb9) x9  0xffffb01b
core   0: 0x80002492 (0x00ae7a33) and     s4, t3, a0
core   0: 3 0x80002492 (0x00ae7a33) x20 0x00000013
core   0: 0x80002496 (0x00005a7d) c.li    s4, -1
core   0: 3 0x80002496 (0x5a7d) x20 0xffffffff
core   0: 0x80002498 (0x088bee97) auipc   t4, 0x88be
core   0: 3 0x80002498 (0x088bee97) x29 0x888c0498
core   0: 0x8000249c (0x7fc17293) andi    t0, sp, 2044
core   0: 3 0x8000249c (0x7fc17293) x5  0x00000000
core   0: 0x800024a0 (0x000016f1) c.addi  a3, -4
core   0: 3 0x800024a0 (0x16f1) x13 0x00000003
core   0: 0x800024a2 (0x00008f25) c.xor   a4, s1
core   0: 3 0x800024a2 (0x8f25) x14 0x00000000
core   0: 0x800024a4 (0x03d7e7b3) rem     a5, a5, t4
core   0: 3 0x800024a4 (0x03d7e7b3) x15 0x00000010
core   0: 0x800024a8 (0x5cfe8e97) auipc   t4, 0x5cfe8
core   0: 3 0x800024a8 (0x5cfe8e97) x29 0xdcfea4a8
core   0: 0x800024ac (0x00008221) c.srli  a2, 8
core   0: 3 0x800024ac (0x8221) x12 0x00000000
core   0: 0x800024ae (0xfff6f4e3) bgeu    a3, t6, pc - 24
core   0: 3 0x800024ae (0xfff6f4e3)
core   0: 0x800024b2 (0x9700e1b7) lui     gp, 0x9700e
core   0: 3 0x800024b2 (0x9700e1b7) x3  0x9700e000
core   0: 0x800024b6 (0x0000e117) auipc   sp, 0xe
core   0: 3 0x800024b6 (0x0000e117) x2  0x800104b6
core   0: 0x800024ba (0x77910113) addi    sp, sp, 1913
core   0: 3 0x800024ba (0x77910113) x2  0x80010c2f
core   0: 0x800024be (0xff510923) sb      s5, -14(sp)
core   0: 3 0x800024be (0xff510923) mem 0x80010c21 0x9a
core   0: 0x800024c2 (0x00009bfd) c.andi  a5, -1
core   0: 3 0x800024c2 (0x9bfd) x15 0x00000010
core   0: 0x800024c4 (0xff214003) lbu     zero, -14(sp)
core   0: 3 0x800024c4 (0xff214003) mem 0x80010c21
core   0: 0x800024c8 (0xff214783) lbu     a5, -14(sp)
core   0: 3 0x800024c8 (0xff214783) x15 0x0000009a mem 0x80010c21
core   0: 0x800024cc (0x00f14603) lbu     a2, 15(sp)
core   0: 3 0x800024cc (0x00f14603) x12 0x000000f5 mem 0x80010c3e
core   0: 0x800024d0 (0xff414403) lbu     s0, -12(sp)
core   0: 3 0x800024d0 (0xff414403) x8  0x000000d8 mem 0x80010c23
core   0: 0x800024d4 (0xff210ba3) sb      s2, -9(sp)
core   0: 3 0x800024d4 (0xff210ba3) mem 0x80010c26 0xf4
core   0: 0x800024d8 (0x000082bd) c.srli  a3, 15
core   0: 3 0x800024d8 (0x82bd) x13 0x00000000
core   0: 0x800024da (0xff710f03) lb      t5, -9(sp)
core   0: 3 0x800024da (0xff710f03) x30 0xfffffff4 mem 0x80010c26
core   0: 0x800024de (0xff710683) lb      a3, -9(sp)
core   0: 3 0x800024de (0xff710683) x13 0xfffffff4 mem 0x80010c26
core   0: 0x800024e2 (0x0044f4b3) and     s1, s1, tp
core   0: 3 0x800024e2 (0x0044f4b3) x9  0x0000001a
core   0: 0x800024e6 (0x00a14b03) lbu     s6, 10(sp)
core   0: 3 0x800024e6 (0x00a14b03) x22 0x000000f2 mem 0x80010c39
core   0: 0x800024ea (0xffc14603) lbu     a2, -4(sp)
core   0: 3 0x800024ea (0xffc14603) x12 0x000000e0 mem 0x80010c2b
core   0: 0x800024ee (0xffc14403) lbu     s0, -4(sp)
core   0: 3 0x800024ee (0xffc14403) x8  0x000000e0 mem 0x80010c2b
core   0: 0x800024f2 (0x00b14383) lbu     t2, 11(sp)
core   0: 3 0x800024f2 (0x00b14383) x7  0x000000f1 mem 0x80010c3a
core   0: 0x800024f6 (0x00b11e03) lh      t3, 11(sp)
core   0: 3 0x800024f6 (0x00b11e03) x28 0xfffff0f1 mem 0x80010c3a
core   0: 0x800024fa (0x004115a3) sh      tp, 11(sp)
core   0: 3 0x800024fa (0x004115a3) mem 0x80010c3a 0x005a
core   0: 0x800024fe (0x00b15d03) lhu     s10, 11(sp)
core   0: 3 0x800024fe (0x00b15d03) x26 0x0000005a mem 0x80010c3a
core   0: 0x80002502 (0x00b10e83) lb      t4, 11(sp)
core   0: 3 0x80002502 (0x00b10e83) x29 0x0000005a mem 0x80010c3a
core   0: 0x80002506 (0x00b14d03) lbu     s10, 11(sp)
core   0: 3 0x80002506 (0x00b14d03) x26 0x0000005a mem 0x80010c3a
core   0: 0x8000250a (0x0358fab3) remu    s5, a7, s5
core   0: 3 0x8000250a (0x0358fab3) x21 0x00000000
core   0: 0x8000250e (0x00410123) sb      tp, 2(sp)
core   0: 3 0x8000250e (0x00410123) mem 0x80010c31 0x5a
core   0: 0x80002512 (0x00383eb3) sltu    t4, a6, gp
core   0: 3 0x80002512 (0x00383eb3) x29 0x00000001
core   0: 0x80002516 (0xff014703) lbu     a4, -16(sp)
core   0: 3 0x80002516 (0xff014703) x14 0x000000d4 mem 0x80010c1f
core   0: 0x8000251a (0x0000f217) auipc   tp, 0xf
core   0: 3 0x8000251a (0x0000f217) x4  0x8001151a
core   0: 0x8000251e (0x9f720213) addi    tp, tp, -1545
core   0: 3 0x8000251e (0x9f720213) x4  0x80010f11
core   0: 0x80002522 (0x00e24d83) lbu     s11, 14(tp)
core   0: 3 0x80002522 (0x00e24d83) x27 0x000000d4 mem 0x80010f1f
core   0: 0x80002526 (0x00000146) c.slli  sp, 17
core   0: 3 0x80002526 (0x0146) x2  0x185e0000
core   0: 0x80002528 (0xffc24603) lbu     a2, -4(tp)
core   0: 3 0x80002528 (0xffc24603) x12 0x000000c6 mem 0x80010f0d
core   0: 0x8000252c (0x00008c2d) c.xor   s0, a1
core   0: 3 0x8000252c (0x8c2d) x8  0x80029c04
core   0: 0x8000252e (0x00235d93) srli    s11, t1, 2
core   0: 3 0x8000252e (0x00235d93) x27 0x20009799
core   0: 0x80002532 (0x00320783) lb      a5, 3(tp)
core   0: 3 0x80002532 (0x00320783) x15 0xffffffcf mem 0x80010f14
core   0: 0x80002536 (0x00008ee1) c.and   a3, s0
core   0: 3 0x80002536 (0x8ee1) x13 0x80029c04
core   0: 0x80002538 (0xff125883) lhu     a7, -15(tp)
core   0: 3 0x80002538 (0xff125883) x17 0x0000b8b9 mem 0x80010f02
core   0: 0x8000253c (0x03fbf3b3) remu    t2, s7, t6
core   0: 3 0x8000253c (0x03fbf3b3) x7  0x00000005
core   0: 0x80002540 (0x7e3c6113) ori     sp, s8, 2019
core   0: 3 0x80002540 (0x7e3c6113) x2  0x46d1c7e7
core   0: 0x80002544 (0x411ea793) slti    a5, t4, 1041
core   0: 3 0x80002544 (0x411ea793) x15 0x00000001
core   0: 0x80002548 (0xff024d83) lbu     s11, -16(tp)
core   0: 3 0x80002548 (0xff024d83) x27 0x000000ba mem 0x80010f01
core   0: 0x8000254c (0x00c217a3) sh      a2, 15(tp)
core   0: 3 0x8000254c (0x00c217a3) mem 0x80010f20 0x00c6
core   0: 0x80002550 (0x9db2e893) ori     a7, t0, -1573
core   0: 3 0x80002550 (0x9db2e893) x17 0xfffff9db
core   0: 0x80002554 (0x03eee3b3) rem     t2, t4, t5
core   0: 3 0x80002554 (0x03eee3b3) x7  0x00000001
core   0: 0x80002558 (0xff520aa3) sb      s5, -11(tp)
core   0: 3 0x80002558 (0xff520aa3) mem 0x80010f06 0x00
core   0: 0x8000255c (0x00020b83) lb      s7, 0(tp)
core   0: 3 0x8000255c (0x00020b83) x23 0xffffffca mem 0x80010f11
core   0: 0x80002560 (0x00820323) sb      s0, 6(tp)
core   0: 3 0x80002560 (0x00820323) mem 0x80010f17 0x04
core   0: 0x80002564 (0xffb22103) lw      sp, -5(tp)
core   0: 3 0x80002564 (0xffb22103) x2  0xc4c5c6c7 mem 0x80010f0c
core   0: 0x80002568 (0x028d5c33) divu    s8, s10, s0
core   0: 3 0x80002568 (0x028d5c33) x24 0x00000000
core   0: 0x8000256c (0xfea20ea3) sb      a0, -3(tp)
core   0: 3 0x8000256c (0xfea20ea3) mem 0x80010f0e 0x17
core   0: 0x80002570 (0x00420a03) lb      s4, 4(tp)
core   0: 3 0x80002570 (0x00420a03) x20 0xffffffce mem 0x80010f15
core   0: 0x80002574 (0x00f24483) lbu     s1, 15(tp)
core   0: 3 0x80002574 (0x00f24483) x9  0x000000c6 mem 0x80010f20
core   0: 0x80002578 (0x00b221a3) sw      a1, 3(tp)
core   0: 3 0x80002578 (0x00b221a3) mem 0x80010f14 0x80029ce4
core   0: 0x8000257c (0xffc20b23) sb      t3, -10(tp)
core   0: 3 0x8000257c (0xffc20b23) mem 0x80010f07 0xf1
core   0: 0x80002580 (0x0049b133) sltu    sp, s3, tp
core   0: 3 0x80002580 (0x0049b133) x2  0x00000000
core   0: 0x80002584 (0x00006f5d) c.lui   t5, 0x17
core   0: 3 0x80002584 (0x6f5d) x30 0x00017000
core   0: 0x80002586 (0x00008ca1) c.xor   s1, s0
core   0: 3 0x80002586 (0x8ca1) x9  0x80029cc2
core   0: 0x80002588 (0xfeb20e23) sb      a1, -4(tp)
core   0: 3 0x80002588 (0xfeb20e23) mem 0x80010f0d 0xe4
core   0: 0x8000258c (0x00424883) lbu     a7, 4(tp)
core   0: 3 0x8000258c (0x00424883) x17 0x0000009c mem 0x80010f15
core   0: 0x80002590 (0x008c6633) or      a2, s8, s0
core   0: 3 0x80002590 (0x008c6633) x12 0x80029c04
core   0: 0x80002594 (0xff121b83) lh      s7, -15(tp)
core   0: 3 0x80002594 (0xff121b83) x23 0xffffb8b9 mem 0x80010f02
core   0: 0x80002598 (0x00008cb9) c.xor   s1, a4
core   0: 3 0x80002598 (0x8cb9) x9  0x80029c16
core   0: 0x8000259a (0x0000812a) c.mv    sp, a0
core   0: 3 0x8000259a (0x812a) x2  0x00000017
core   0: 0x8000259c (0x019206a3) sb      s9, 13(tp)
core   0: 3 0x8000259c (0x019206a3) mem 0x80010f1e 0x0f
core   0: 0x800025a0 (0xffd20e83) lb      t4, -3(tp)
core   0: 3 0x800025a0 (0xffd20e83) x29 0x00000017 mem 0x80010f0e
core   0: 0x800025a4 (0x0000910e) c.add   sp, gp
core   0: 3 0x800025a4 (0x910e) x2  0x9700e017
core   0: 0x800025a6 (0x0311adb3) mulhsu  s11, gp, a7
core   0: 3 0x800025a6 (0x0311adb3) x27 0xffffffc0
core   0: 0x800025aa (0x028cd133) divu    sp, s9, s0
core   0: 3 0x800025aa (0x028cd133) x2  0x00000000
core   0: 0x800025ae (0x00d21b03) lh      s6, 13(tp)
core   0: 3 0x800025ae (0x00d21b03) x22 0xffffd40f mem 0x80010f1e
core   0: 0x800025b2 (0x00224803) lbu     a6, 2(tp)
core   0: 3 0x800025b2 (0x00224803) x16 0x000000c8 mem 0x80010f13
core   0: 0x800025b6 (0x00320123) sb      gp, 2(tp)
core   0: 3 0x800025b6 (0x00320123) mem 0x80010f13 0x00
core   0: 0x800025ba (0x00001714) c.addi4spn a3, sp, 928
core   0: 3 0x800025ba (0x1714) x13 0x000003a0
core   0: 0x800025bc (0xffb20d83) lb      s11, -5(tp)
core   0: 3 0x800025bc (0xffb20d83) x27 0xffffffc7 mem 0x80010f0c
core   0: 0x800025c0 (0xfe021ba3) sh      zero, -9(tp)
core   0: 3 0x800025c0 (0xfe021ba3) mem 0x80010f08 0x0000
core   0: 0x800025c4 (0x000047a9) c.li    a5, 10
core   0: 3 0x800025c4 (0x47a9) x15 0x0000000a
core   0: 0x800025c6 (0x00000001) c.nop
core   0: 3 0x800025c6 (0x0001)
core   0: 0x800025c8 (0x00008fa2) c.mv    t6, s0
core   0: 3 0x800025c8 (0x8fa2) x31 0x80029c04
core   0: 0x800025ca (0x000017ed) c.addi  a5, -5
core   0: 3 0x800025ca (0x17ed) x15 0x00000005
core   0: 0x800025cc (0x03b323b3) mulhsu  t2, t1, s11
core   0: 3 0x800025cc (0x03b323b3) x7  0x80025e80
core   0: 0x800025d0 (0x0000dfe5) c.beqz  a5, pc - 8
core   0: 3 0x800025d0 (0xdfe5)
core   0: 0x800025d2 (0x014c9133) sll     sp, s9, s4
core   0: 3 0x800025d2 (0x014c9133) x2  0x0003c000
core   0: 0x800025d6 (0x0001e117) auipc   sp, 0x1e
core   0: 3 0x800025d6 (0x0001e117) x2  0x800205d6
core   0: 0x800025da (0x52110113) addi    sp, sp, 1313
core   0: 3 0x800025da (0x52110113) x2  0x80020af7
core   0: 0x800025de (0x030105a3) sb      a6, 43(sp)
core   0: 3 0x800025de (0x030105a3) mem 0x80020b22 0xc8
core   0: 0x800025e2 (0xfe814783) lbu     a5, -24(sp)
core   0: 3 0x800025e2 (0xfe814783) x15 0x00000094 mem 0x80020adf
core   0: 0x800025e6 (0xfc210b03) lb      s6, -62(sp)
core   0: 3 0x800025e6 (0xfc210b03) x22 0x00000072 mem 0x80020ab9
core   0: 0x800025ea (0x01b14783) lbu     a5, 27(sp)
core   0: 3 0x800025ea (0x01b14783) x15 0x000000c9 mem 0x80020b12
core   0: 0x800025ee (0xffb15b03) lhu     s6, -5(sp)
core   0: 3 0x800025ee (0xffb15b03) x22 0x0000a8a9 mem 0x80020af2
core   0: 0x800025f2 (0x01f41713) slli    a4, s0, 31
core   0: 3 0x800025f2 (0x01f41713) x14 0x00000000
core   0: 0x800025f6 (0x00115b03) lhu     s6, 1(sp)
core   0: 3 0x800025f6 (0x00115b03) x22 0x0000b2b3 mem 0x80020af8
core   0: 0x800025fa (0x410707b3) sub     a5, a4, a6
core   0: 3 0x800025fa (0x410707b3) x15 0xffffff38
core   0: 0x800025fe (0x03214883) lbu     a7, 50(sp)
core   0: 3 0x800025fe (0x03214883) x17 0x000000e2 mem 0x80020b29
core   0: 0x80002602 (0x00008405) c.srai  s0, 1
core   0: 3 0x80002602 (0x8405) x8  0xc0014e02
core   0: 0x80002604 (0x030b57b3) divu    a5, s6, a6
core   0: 3 0x80002604 (0x030b57b3) x15 0x000000e4
core   0: 0x80002608 (0x016b37b3) sltu    a5, s6, s6
core   0: 3 0x80002608 (0x016b37b3) x15 0x00000000
core   0: 0x8000260c (0x00000001) c.nop
core   0: 3 0x8000260c (0x0001)
core   0: 0x8000260e (0x33c78813) addi    a6, a5, 828
core   0: 3 0x8000260e (0x33c78813) x16 0x0000033c
core   0: 0x80002612 (0x000088c6) c.mv    a7, a7
core   0: 3 0x80002612 (0x88c6) x17 0x000000e2
core   0: 0x80002614 (0x00010803) lb      a6, 0(sp)
core   0: 3 0x80002614 (0x00010803) x16 0xffffffac mem 0x80020af7
core   0: 0x80002618 (0x00004705) c.li    a4, 1
core   0: 3 0x80002618 (0x4705) x14 0x00000001
core   0: 0x8000261a (0x00008b4d) c.andi  a4, 19
core   0: 3 0x8000261a (0x8b4d) x14 0x00000001
core   0: 0x8000261c (0x01170433) add     s0, a4, a7
core   0: 3 0x8000261c (0x01170433) x8  0x000000e3
core   0: 0x80002620 (0x00008446) c.mv    s0, a7
core   0: 3 0x80002620 (0x8446) x8  0x000000e2
core   0: 0x80002622 (0x03511883) lh      a7, 53(sp)
core   0: 3 0x80002622 (0x03511883) x17 0xffffe6e7 mem 0x80020b2c
core   0: 0x80002626 (0x01714783) lbu     a5, 23(sp)
core   0: 3 0x80002626 (0x01714783) x15 0x000000c5 mem 0x80020b0e
core   0: 0x8000262a (0x0308c7b3) div     a5, a7, a6
core   0: 3 0x8000262a (0x0308c7b3) x15 0x0000004c
core   0: 0x8000262e (0x5cf86893) ori     a7, a6, 1487
core   0: 3 0x8000262e (0x5cf86893) x17 0xffffffef
core   0: 0x80002632 (0x0317d433) divu    s0, a5, a7
core   0: 3 0x80002632 (0x0317d433) x8  0x00000000
core   0: 0x80002636 (0x000098c6) c.add   a7, a7
core   0: 3 0x80002636 (0x98c6) x17 0xffffffde
core   0: 0x80002638 (0x00614803) lbu     a6, 6(sp)
core   0: 3 0x80002638 (0x00614803) x16 0x000000b6 mem 0x80020afd
core   0: 0x8000263c (0x00008015) c.srli  s0, 5
core   0: 3 0x8000263c (0x8015) x8  0x00000000
core   0: 0x8000263e (0xcf57e893) ori     a7, a5, -779
core   0: 3 0x8000263e (0xcf57e893) x17 0xfffffcfd
core   0: 0x80002642 (0x03b14883) lbu     a7, 59(sp)
core   0: 3 0x80002642 (0x03b14883) x17 0x000000e9 mem 0x80020b32
core   0: 0x80002646 (0x0307d433) divu    s0, a5, a6
core   0: 3 0x80002646 (0x0307d433) x8  0x00000000
core   0: 0x8000264a (0x0288f433) remu    s0, a7, s0
core   0: 3 0x8000264a (0x0288f433) x8  0x000000e9
core   0: 0x8000264e (0x03678b33) mul     s6, a5, s6
core   0: 3 0x8000264e (0x03678b33) x22 0x00350d24
core   0: 0x80002652 (0x59a42793) slti    a5, s0, 1434
core   0: 3 0x80002652 (0x59a42793) x15 0x00000001
core   0: 0x80002656 (0xfcf114a3) sh      a5, -55(sp)
core   0: 3 0x80002656 (0xfcf114a3) mem 0x80020ac0 0x0001
core   0: 0x8000265a (0x00016717) auipc   a4, 0x16
core   0: 3 0x8000265a (0x00016717) x14 0x8001865a
core   0: 0x8000265e (0x6c170713) addi    a4, a4, 1729
core   0: 3 0x8000265e (0x6c170713) x14 0x80018d1b
core   0: 0x80002662 (0x000007e5) c.addi  a5, 25
core   0: 3 0x80002662 (0x07e5) x15 0x0000001a
core   0: 0x80002664 (0x03667233) remu    tp, a2, s6
core   0: 3 0x80002664 (0x03667233) x4  0x0025f040
core   0: 0x80002668 (0x404bd9b3) sra     s3, s7, tp
core   0: 3 0x80002668 (0x404bd9b3) x19 0xffffb8b9
core   0: 0x8000266c (0x00f71e83) lh      t4, 15(a4)
core   0: 3 0x8000266c (0x00f71e83) x29 0xffffe0e1 mem 0x80018d2a
core   0: 0x80002670 (0xff771aa3) sh      s7, -11(a4)
core   0: 3 0x80002670 (0xff771aa3) mem 0x80018d10 0xb8b9
core   0: 0x80002674 (0x41080ab3) sub     s5, a6, a6
core   0: 3 0x80002674 (0x41080ab3) x21 0x00000000
core   0: 0x80002678 (0x0184c9b3) xor     s3, s1, s8
core   0: 3 0x80002678 (0x0184c9b3) x19 0x80029c16
core   0: 0x8000267c (0x00001108) c.addi4spn a0, sp, 160
core   0: 3 0x8000267c (0x1108) x10 0x80020b97
core   0: 0x8000267e (0x00d712a3) sh      a3, 5(a4)
core   0: 3 0x8000267e (0x00d712a3) mem 0x80018d20 0x03a0
core   0: 0x80002682 (0xfee71ea3) sh      a4, -3(a4)
core   0: 3 0x80002682 (0xfee71ea3) mem 0x80018d18 0x8d1b
core   0: 0x80002686 (0x414edb13) srai    s6, t4, 20
core   0: 3 0x80002686 (0x414edb13) x22 0xffffffff
core   0: 0x8000268a (0x00f75e83) lhu     t4, 15(a4)
core   0: 3 0x8000268a (0x00f75e83) x29 0x0000e0e1 mem 0x80018d2a
core   0: 0x8000268e (0x03793c33) mulhu   s8, s2, s7
core   0: 3 0x8000268e (0x03793c33) x24 0xffa565c6
core   0: 0x80002692 (0xffe70b03) lb      s6, -2(a4)
core   0: 3 0x80002692 (0xffe70b03) x22 0xffffff8d mem 0x80018d19
core   0: 0x80002696 (0x01c81093) slli    ra, a6, 28
core   0: 3 0x80002696 (0x01c81093) x1  0x60000000
core   0: 0x8000269a (0x01070b03) lb      s6, 16(a4)
core   0: 3 0x8000269a (0x01070b03) x22 0xffffffe0 mem 0x80018d2b
core   0: 0x8000269e (0x02424ab3) div     s5, tp, tp
core   0: 3 0x8000269e (0x02424ab3) x21 0x00000001
core   0: 0x800026a2 (0x00008425) c.srai  s0, 9
core   0: 3 0x800026a2 (0x8425) x8  0x00000000
core   0: 0x800026a4 (0x0293ec33) rem     s8, t2, s1
core   0: 3 0x800026a4 (0x0293ec33) x24 0xffffc26a
core   0: 0x800026a8 (0x00004db9) c.li    s11, 14
core   0: 3 0x800026a8 (0x4db9) x27 0x0000000e
core   0: 0x800026aa (0x000080fe) c.mv    ra, t6
core   0: 3 0x800026aa (0x80fe) x1  0x80029c04
core   0: 0x800026ac (0x0109cc33) xor     s8, s3, a6
core   0: 3 0x800026ac (0x0109cc33) x24 0x80029ca0
core   0: 0x800026b0 (0x00771f03) lh      t5, 7(a4)
core   0: 3 0x800026b0 (0x00771f03) x30 0xffffd8d9 mem 0x80018d22
core   0: 0x800026b4 (0x00970203) lb      tp, 9(a4)
core   0: 3 0x800026b4 (0x00970203) x4  0xffffffdf mem 0x80018d24
core   0: 0x800026b8 (0x00006121) c.addi16sp sp, 64
core   0: 3 0x800026b8 (0x6121) x2  0x80020b37
core   0: 0x800026ba (0xcf2e2b93) slti    s7, t3, -782
core   0: 3 0x800026ba (0xcf2e2b93) x23 0x00000001
core   0: 0x800026be (0x0330a1b3) mulhsu  gp, ra, s3
core   0: 3 0x800026be (0x0330a1b3) x3  0xbffffffd
core   0: 0x800026c2 (0x318c4113) xori    sp, s8, 792
core   0: 3 0x800026c2 (0x318c4113) x2  0x80029fb8
core   0: 0x800026c6 (0x001703a3) sb      ra, 7(a4)
core   0: 3 0x800026c6 (0x001703a3) mem 0x80018d22 0x04
core   0: 0x800026ca (0x00502db3) slt     s11, zero, t0
core   0: 3 0x800026ca (0x00502db3) x27 0x00000000
core   0: 0x800026ce (0xff674e83) lbu     t4, -10(a4)
core   0: 3 0x800026ce (0xff674e83) x29 0x000000b8 mem 0x80018d11
core   0: 0x800026d2 (0x00000001) c.nop
core   0: 3 0x800026d2 (0x0001)
core   0: 0x800026d4 (0xff172783) lw      a5, -15(a4)
core   0: 3 0x800026d4 (0xff172783) x15 0xc4c5c6c7 mem 0x80018d0c
core   0: 0x800026d8 (0x00f2ae33) slt     t3, t0, a5
core   0: 3 0x800026d8 (0x00f2ae33) x28 0x00000000
core   0: 0x800026dc (0x019711a3) sh      s9, 3(a4)
core   0: 3 0x800026dc (0x019711a3) mem 0x80018d1e 0x000f
core   0: 0x800026e0 (0x01270623) sb      s2, 12(a4)
core   0: 3 0x800026e0 (0x01270623) mem 0x80018d27 0xf4
core   0: 0x800026e4 (0x00c70d83) lb      s11, 12(a4)
core   0: 3 0x800026e4 (0x00c70d83) x27 0xfffffff4 mem 0x80018d27
core   0: 0x800026e8 (0xff874783) lbu     a5, -8(a4)
core   0: 3 0x800026e8 (0xff874783) x15 0x000000c8 mem 0x80018d13
core   0: 0x800026ec (0x006006ef) jal     a3, pc + 0x6
core   0: 3 0x800026ec (0x006006ef) x13 0x800026f0
core   0: 0x800026f2 (0x00002009) c.jal   pc + 2
core   0: 3 0x800026f2 (0x2009) x1  0x800026f4
core   0: 0x800026f4 (0x008000ef) jal     pc + 0x8
core   0: 3 0x800026f4 (0x008000ef) x1  0x800026f8
core   0: 0x800026fc (0x00002039) c.jal   pc + 14
core   0: 3 0x800026fc (0x2039) x1  0x800026fe
core   0: 0x8000270a (0x00003fd5) c.jal   pc - 12
core   0: 3 0x8000270a (0x3fd5) x1  0x8000270c
core   0: 0x800026fe (0x008001ef) jal     gp, pc + 0x8
core   0: 3 0x800026fe (0x008001ef) x3  0x80002702
core   0: 0x80002706 (0x00002009) c.jal   pc + 2
core   0: 3 0x80002706 (0x2009) x1  0x80002708
core   0: 0x80002708 (0x0000bfc5) c.j     pc - 16
core   0: 3 0x80002708 (0xbfc5)
core   0: 0x800026f8 (0x00a000ef) jal     pc + 0xa
core   0: 3 0x800026f8 (0x00a000ef) x1  0x800026fc
core   0: 0x80002702 (0xfefff0ef) jal     pc - 0x12
core   0: 3 0x80002702 (0xfefff0ef) x1  0x80002706
core   0: 0x800026f0 (0x00002831) c.jal   pc + 28
core   0: 3 0x800026f0 (0x2831) x1  0x800026f2
core   0: 0x8000270c (0x00000001) c.nop
core   0: 3 0x8000270c (0x0001)
core   0: 0x8000270e (0x0000ec17) auipc   s8, 0xe
core   0: 3 0x8000270e (0x0000ec17) x24 0x8001070e
core   0: 0x80002712 (0x326c0c13) addi    s8, s8, 806
core   0: 3 0x80002712 (0x326c0c13) x24 0x80010a34
core   0: 0x80002716 (0x00006125) c.addi16sp sp, 96
core   0: 3 0x80002716 (0x6125) x2  0x8002a018
core   0: 0x80002718 (0xff6c1c23) sh      s6, -8(s8)
core   0: 3 0x80002718 (0xff6c1c23) mem 0x80010a2c 0xffe0
core   0: 0x8000271c (0xff2c4883) lbu     a7, -14(s8)
core   0: 3 0x8000271c (0xff2c4883) x17 0x000000dd mem 0x80010a26
core   0: 0x80002720 (0x008c1183) lh      gp, 8(s8)
core   0: 3 0x80002720 (0x008c1183) x3  0xfffff6f7 mem 0x80010a3c
core   0: 0x80002724 (0x00009d4a) c.add   s10, s2
core   0: 3 0x80002724 (0x9d4a) x26 0xffa5ad4e
core   0: 0x80002726 (0x00008cc1) c.or    s1, s0
core   0: 3 0x80002726 (0x8cc1) x9  0x80029c16
core   0: 0x80002728 (0x002c0823) sb      sp, 16(s8)
core   0: 3 0x80002728 (0x002c0823) mem 0x80010a44 0x18
core   0: 0x8000272c (0x010c1323) sh      a6, 6(s8)
core   0: 3 0x8000272c (0x010c1323) mem 0x80010a3a 0x00b6
core   0: 0x80002730 (0x000c01a3) sb      zero, 3(s8)
core   0: 3 0x80002730 (0x000c01a3) mem 0x80010a37 0x00
core   0: 0x80002734 (0xff1c0a83) lb      s5, -15(s8)
core   0: 3 0x80002734 (0xff1c0a83) x21 0xffffffff mem 0x80010a25
core   0: 0x80002738 (0xff1c09a3) sb      a7, -13(s8)
core   0: 3 0x80002738 (0xff1c09a3) mem 0x80010a27 0xdd
core   0: 0x8000273c (0x00000001) c.nop
core   0: 3 0x8000273c (0x0001)
core   0: 0x8000273e (0xffac0883) lb      a7, -6(s8)
core   0: 3 0x8000273e (0xffac0883) x17 0xffffffe5 mem 0x80010a2e
core   0: 0x80002742 (0xffbc4e03) lbu     t3, -5(s8)
core   0: 3 0x80002742 (0xffbc4e03) x28 0x000000e4 mem 0x80010a2f
core   0: 0x80002746 (0xfffc0683) lb      a3, -1(s8)
core   0: 3 0x80002746 (0xfffc0683) x13 0xffffffe8 mem 0x80010a33
core   0: 0x8000274a (0x002c4803) lbu     a6, 2(s8)
core   0: 3 0x8000274a (0x002c4803) x16 0x000000ed mem 0x80010a36
core   0: 0x8000274e (0x00008389) c.srli  a5, 2
core   0: 3 0x8000274e (0x8389) x15 0x00000032
core   0: 0x80002750 (0xffcc1a23) sh      t3, -12(s8)
core   0: 3 0x80002750 (0xffcc1a23) mem 0x80010a28 0x00e4
core   0: 0x80002754 (0x002c0003) lb      zero, 2(s8)
core   0: 3 0x80002754 (0x002c0003) mem 0x80010a36
core   0: 0x80002758 (0x006c1283) lh      t0, 6(s8)
core   0: 3 0x80002758 (0x006c1283) x5  0x000000b6 mem 0x80010a3a
core   0: 0x8000275c (0x00749233) sll     tp, s1, t2
core   0: 3 0x8000275c (0x00749233) x4  0x80029c16
core   0: 0x80002760 (0xffec4883) lbu     a7, -2(s8)
core   0: 3 0x80002760 (0xffec4883) x17 0x000000e9 mem 0x80010a32
core   0: 0x80002764 (0xff8c0783) lb      a5, -8(s8)
core   0: 3 0x80002764 (0xff8c0783) x15 0xffffffe0 mem 0x80010a2c
core   0: 0x80002768 (0x03fc94b3) mulh    s1, s9, t6
core   0: 3 0x80002768 (0x03fc94b3) x9  0xfffffff8
core   0: 0x8000276c (0xffdc0e03) lb      t3, -3(s8)
core   0: 3 0x8000276c (0xffdc0e03) x28 0xffffffea mem 0x80010a31
core   0: 0x80002770 (0x2c289837) lui     a6, 0x2c289
core   0: 3 0x80002770 (0x2c289837) x16 0x2c289000
core   0: 0x80002774 (0x00bc0d03) lb      s10, 11(s8)
core   0: 3 0x80002774 (0x00bc0d03) x26 0xfffffff4 mem 0x80010a3f
core   0: 0x80002778 (0x002c1503) lh      a0, 2(s8)
core   0: 3 0x80002778 (0x002c1503) x10 0x000000ed mem 0x80010a36
core   0: 0x8000277c (0xfe1c0a23) sb      ra, -12(s8)
core   0: 3 0x8000277c (0xfe1c0a23) mem 0x80010a28 0xf2
core   0: 0x80002780 (0x00000d86) c.slli  s11, 1
core   0: 3 0x80002780 (0x0d86) x27 0xffffffe8
core   0: 0x80002782 (0x009c1123) sh      s1, 2(s8)
core   0: 3 0x80002782 (0x009c1123) mem 0x80010a36 0xfff8
core   0: 0x80002786 (0x0000822d) c.srli  a2, 11
core   0: 3 0x80002786 (0x822d) x12 0x00100053
core   0: 0x80002788 (0xffdc0703) lb      a4, -3(s8)
core   0: 3 0x80002788 (0xffdc0703) x14 0xffffffea mem 0x80010a31
core   0: 0x8000278c (0x00ac07a3) sb      a0, 15(s8)
core   0: 3 0x8000278c (0x00ac07a3) mem 0x80010a43 0xed
core   0: 0x80002790 (0x00008355) c.srli  a4, 21
core   0: 3 0x80002790 (0x8355) x14 0x000007ff
core   0: 0x80002792 (0xffec5a83) lhu     s5, -2(s8)
core   0: 3 0x80002792 (0xffec5a83) x21 0x0000e8e9 mem 0x80010a32
core   0: 0x80002796 (0x00dc4783) lbu     a5, 13(s8)
core   0: 3 0x80002796 (0x00dc4783) x15 0x000000fa mem 0x80010a41
core   0: 0x8000279a (0xff9c0e03) lb      t3, -7(s8)
core   0: 3 0x8000279a (0xff9c0e03) x28 0xffffffff mem 0x80010a2d
core   0: 0x8000279e (0x00008fc5) c.or    a5, s1
core   0: 3 0x8000279e (0x8fc5) x15 0xfffffffa
core   0: 0x800027a0 (0xff6c4383) lbu     t2, -10(s8)
core   0: 3 0x800027a0 (0xff6c4383) x7  0x000000e1 mem 0x80010a2a
core   0: 0x800027a4 (0x0000ec17) auipc   s8, 0xe
core   0: 3 0x800027a4 (0x0000ec17) x24 0x800107a4
core   0: 0x800027a8 (0x014c0c13) addi    s8, s8, 20
core   0: 3 0x800027a8 (0x014c0c13) x24 0x800107b8
core   0: 0x800027ac (0x00009bf2) c.add   s7, t3
core   0: 3 0x800027ac (0x9bf2) x23 0x00000000
core   0: 0x800027ae (0x02ebbe33) mulhu   t3, s7, a4
core   0: 3 0x800027ae (0x02ebbe33) x28 0x00000000
core   0: 0x800027b2 (0xfe5c0e03) lb      t3, -27(s8)
core   0: 3 0x800027b2 (0xfe5c0e03) x28 0x00000056 mem 0x8001079d
core   0: 0x800027b6 (0x00cc5b83) lhu     s7, 12(s8)
core   0: 3 0x800027b6 (0x00cc5b83) x23 0x00000000 mem 0x800107c4
core   0: 0x800027ba (0x037c0723) sb      s7, 46(s8)
core   0: 3 0x800027ba (0x037c0723) mem 0x800107e6 0x00
core   0: 0x800027be (0x00008239) c.srli  a2, 14
core   0: 3 0x800027be (0x8239) x12 0x00000040
core   0: 0x800027c0 (0x00009e56) c.add   t3, s5
core   0: 3 0x800027c0 (0x9e56) x28 0x0000e93f
core   0: 0x800027c2 (0xfd5c2023) sw      s5, -64(s8)
core   0: 3 0x800027c2 (0xfd5c2023) mem 0x80010778 0x0000e8e9
core   0: 0x800027c6 (0x037ba633) mulhsu  a2, s7, s7
core   0: 3 0x800027c6 (0x037ba633) x12 0x00000000
core   0: 0x800027ca (0x02172e13) slti    t3, a4, 33
core   0: 3 0x800027ca (0x02172e13) x28 0x00000000
core   0: 0x800027ce (0x015acbb3) xor     s7, s5, s5
core   0: 3 0x800027ce (0x015acbb3) x23 0x00000000
core   0: 0x800027d2 (0xfdcc5703) lhu     a4, -36(s8)
core   0: 3 0x800027d2 (0xfdcc5703) x14 0x00004e4f mem 0x80010794
core   0: 0x800027d6 (0x00000001) c.nop
core   0: 3 0x800027d6 (0x0001)
core   0: 0x800027d8 (0x0000071d) c.addi  a4, 7
core   0: 3 0x800027d8 (0x071d) x14 0x00004e56
core   0: 0x800027da (0x00cc4a83) lbu     s5, 12(s8)
core   0: 3 0x800027da (0x00cc4a83) x21 0x00000000 mem 0x800107c4
core   0: 0x800027de (0xfe5c4e03) lbu     t3, -27(s8)
core   0: 3 0x800027de (0xfe5c4e03) x28 0x00000056 mem 0x8001079d
core   0: 0x800027e2 (0x03ca86b3) mul     a3, s5, t3
core   0: 3 0x800027e2 (0x03ca86b3) x13 0x00000000
core   0: 0x800027e6 (0x03caf733) remu    a4, s5, t3
core   0: 3 0x800027e6 (0x03caf733) x14 0x00000000
core   0: 0x800027ea (0x00009ab2) c.add   s5, a2
core   0: 3 0x800027ea (0x9ab2) x21 0x00000000
core   0: 0x800027ec (0x02ec2623) sw      a4, 44(s8)
core   0: 3 0x800027ec (0x02ec2623) mem 0x800107e4 0x00000000
core   0: 0x800027f0 (0x035e7733) remu    a4, t3, s5
core   0: 3 0x800027f0 (0x035e7733) x14 0x00000056
core   0: 0x800027f4 (0x02ec1023) sh      a4, 32(s8)
core   0: 3 0x800027f4 (0x02ec1023) mem 0x800107d8 0x0056
core   0: 0x800027f8 (0x00009e5e) c.add   t3, s7
core   0: 3 0x800027f8 (0x9e5e) x28 0x00000056
core   0: 0x800027fa (0x00008a41) c.andi  a2, 16
core   0: 3 0x800027fa (0x8a41) x12 0x00000000
core   0: 0x800027fc (0x002c0603) lb      a2, 2(s8)
core   0: 3 0x800027fc (0x002c0603) x12 0x00000071 mem 0x800107ba
core   0: 0x80002800 (0x037c4703) lbu     a4, 55(s8)
core   0: 3 0x80002800 (0x037c4703) x14 0x000000a4 mem 0x800107ef
core   0: 0x80002804 (0x0000e117) auipc   sp, 0xe
core   0: 3 0x80002804 (0x0000e117) x2  0x80010804
core   0: 0x80002808 (0xbe510113) addi    sp, sp, -1051
core   0: 3 0x80002808 (0xbe510113) x2  0x800103e9
core   0: 0x8000280c (0x03710ba3) sb      s7, 55(sp)
core   0: 3 0x8000280c (0x03710ba3) mem 0x80010420 0x00
core   0: 0x80002810 (0x000084ae) c.mv    s1, a1
core   0: 3 0x80002810 (0x84ae) x9  0x80029ce4
core   0: 0x80002812 (0x00008725) c.srai  a4, 9
core   0: 3 0x80002812 (0x8725) x14 0x00000000
core   0: 0x80002814 (0xf6060213) addi    tp, a2, -160
core   0: 3 0x80002814 (0xf6060213) x4  0xffffffd1
core   0: 0x80002818 (0x01507c33) and     s8, zero, s5
core   0: 3 0x80002818 (0x01507c33) x24 0x00000000
core   0: 0x8000281c (0x419e8b33) sub     s6, t4, s9
core   0: 3 0x8000281c (0x419e8b33) x22 0x000000a9
core   0: 0x80002820 (0x41555493) srai    s1, a0, 21
core   0: 3 0x80002820 (0x41555493) x9  0x00000000
core   0: 0x80002824 (0xfd515903) lhu     s2, -43(sp)
core   0: 3 0x80002824 (0xfd515903) x18 0x00007475 mem 0x800103be
core   0: 0x80002828 (0x02b10683) lb      a3, 43(sp)
core   0: 3 0x80002828 (0x02b10683) x13 0xffffffcf mem 0x80010414
core   0: 0x8000282c (0x00e10603) lb      a2, 14(sp)
core   0: 3 0x8000282c (0x00e10603) x12 0xffffffac mem 0x800103f7
core   0: 0x80002830 (0x02673833) mulhu   a6, a4, t1
core   0: 3 0x80002830 (0x02673833) x16 0x00000000
core   0: 0x80002834 (0xfdf106a3) sb      t6, -51(sp)
core   0: 3 0x80002834 (0xfdf106a3) mem 0x800103b6 0x04
core   0: 0x80002838 (0xfe210b23) sb      sp, -10(sp)
core   0: 3 0x80002838 (0xfe210b23) mem 0x800103df 0xe9
core   0: 0x8000283c (0x00004d05) c.li    s10, 1
core   0: 3 0x8000283c (0x4d05) x26 0x00000001
core   0: 0x8000283e (0xa9608613) addi    a2, ra, -1386
core   0: 3 0x8000283e (0xa9608613) x12 0x80002188
core   0: 0x80002842 (0x0171ff33) and     t5, gp, s7
core   0: 3 0x80002842 (0x0171ff33) x30 0x00000000
core   0: 0x80002846 (0x024e6fb3) rem     t6, t3, tp
core   0: 3 0x80002846 (0x024e6fb3) x31 0x00000027
core   0: 0x8000284a (0xe50ee037) lui     zero, 0xe50ee
core   0: 3 0x8000284a (0xe50ee037)
core   0: 0x8000284e (0x96d6e7b7) lui     a5, 0x96d6e
core   0: 3 0x8000284e (0x96d6e7b7) x15 0x96d6e000
core   0: 0x80002852 (0x403087b3) sub     a5, ra, gp
core   0: 3 0x80002852 (0x403087b3) x15 0x80002ffb
core   0: 0x80002856 (0x01610723) sb      s6, 14(sp)
core   0: 3 0x80002856 (0x01610723) mem 0x800103f7 0xa9
core   0: 0x8000285a (0xfd610c03) lb      s8, -42(sp)
core   0: 3 0x8000285a (0xfd610c03) x24 0x00000074 mem 0x800103bf
core   0: 0x8000285e (0xfc010003) lb      zero, -64(sp)
core   0: 3 0x8000285e (0xfc010003) mem 0x800103a9
core   0: 0x80002862 (0x000081ae) c.mv    gp, a1
core   0: 3 0x80002862 (0x81ae) x3  0x80029ce4
core   0: 0x80002864 (0x03614903) lbu     s2, 54(sp)
core   0: 3 0x80002864 (0x03614903) x18 0x000000d4 mem 0x8001041f
core   0: 0x80002868 (0x00719b33) sll     s6, gp, t2
core   0: 3 0x80002868 (0x00719b33) x22 0x000539c8
core   0: 0x8000286c (0x00d9ff33) and     t5, s3, a3
core   0: 3 0x8000286c (0x00d9ff33) x30 0x80029c06
core   0: 0x80002870 (0x00008cc5) c.or    s1, s1
core   0: 3 0x80002870 (0x8cc5) x9  0x00000000
core   0: 0x80002872 (0x00bedf33) srl     t5, t4, a1
core   0: 3 0x80002872 (0x00bedf33) x30 0x0000000b
core   0: 0x80002876 (0x00f93ab3) sltu    s5, s2, a5
core   0: 3 0x80002876 (0x00f93ab3) x21 0x00000001
core   0: 0x8000287a (0x4109d293) srai    t0, s3, 16
core   0: 3 0x8000287a (0x4109d293) x5  0xffff8002
core   0: 0x8000287e (0x03aa6733) rem     a4, s4, s10
core   0: 3 0x8000287e (0x03aa6733) x14 0x00000000
core   0: 0x80002882 (0x02210283) lb      t0, 34(sp)
core   0: 3 0x80002882 (0x02210283) x5  0xffffffc0 mem 0x8001040b
core   0: 0x80002886 (0x00c14983) lbu     s3, 12(sp)
core   0: 3 0x80002886 (0x00c14983) x19 0x000000ae mem 0x800103f5
core   0: 0x8000288a (0x00000001) c.nop
core   0: 3 0x8000288a (0x0001)
core   0: 0x8000288c (0xfc210703) lb      a4, -62(sp)
core   0: 3 0x8000288c (0xfc210703) x14 0x00000060 mem 0x800103ab
core   0: 0x80002890 (0xb474c993) xori    s3, s1, -1209
core   0: 3 0x80002890 (0xb474c993) x19 0xfffffb47
core   0: 0x80002894 (0x00f11e03) lh      t3, 15(sp)
core   0: 3 0x80002894 (0x00f11e03) x28 0xffffb2b3 mem 0x800103f8
core   0: 0x80002898 (0x00009afd) c.andi  a3, -1
core   0: 3 0x80002898 (0x9afd) x13 0xffffffcf
core   0: 0x8000289a (0x416fdb93) srai    s7, t6, 22
core   0: 3 0x8000289a (0x416fdb93) x23 0x00000000
core   0: 0x8000289e (0x0247e3b3) rem     t2, a5, tp
core   0: 3 0x8000289e (0x0247e3b3) x7  0xfffffffb
core   0: 0x800028a2 (0x00000001) c.nop
core   0: 3 0x800028a2 (0x0001)
core   0: 0x800028a4 (0x4070db33) sra     s6, ra, t2
core   0: 3 0x800028a4 (0x4070db33) x22 0xfffffff0
core   0: 0x800028a8 (0x416959b3) sra     s3, s2, s6
core   0: 3 0x800028a8 (0x416959b3) x19 0x00000000
core   0: 0x800028ac (0xfc514503) lbu     a0, -59(sp)
core   0: 3 0x800028ac (0xfc514503) x10 0x00000065 mem 0x800103ae
core   0: 0x800028b0 (0x03c006ef) jal     a3, pc + 0x3c
core   0: 3 0x800028b0 (0x03c006ef) x13 0x800028b4
core   0: 0x800028ec (0x0000bfe9) c.j     pc - 38
core   0: 3 0x800028ec (0xbfe9)
core   0: 0x800028c6 (0x00002839) c.jal   pc + 30
core   0: 3 0x800028c6 (0x2839) x1  0x800028c8
core   0: 0x800028e4 (0x00002011) c.jal   pc + 4
core   0: 3 0x800028e4 (0x2011) x1  0x800028e6
core   0: 0x800028e8 (0xfffff76f) jal     a4, pc - 0x2
core   0: 3 0x800028e8 (0xfffff76f) x14 0x800028ec
core   0: 0x800028e6 (0x00003fc9) c.jal   pc - 46
core   0: 3 0x800028e6 (0x3fc9) x1  0x800028e8
core   0: 0x800028b8 (0x036000ef) jal     pc + 0x36
core   0: 3 0x800028b8 (0x036000ef) x1  0x800028bc
core   0: 0x800028ee (0xfe7ff0ef) jal     pc - 0x1a
core   0: 3 0x800028ee (0xfe7ff0ef) x1  0x800028f2
core   0: 0x800028d4 (0xfebff0ef) jal     pc - 0x16
core   0: 3 0x800028d4 (0xfebff0ef) x1  0x800028d8
core   0: 0x800028be (0x012000ef) jal     pc + 0x12
core   0: 3 0x800028be (0x012000ef) x1  0x800028c2
core   0: 0x800028d0 (0x00003fe5) c.jal   pc - 8
core   0: 3 0x800028d0 (0x3fe5) x1  0x800028d2
core   0: 0x800028c8 (0x0000a801) c.j     pc + 16
core   0: 3 0x800028c8 (0xa801)
core   0: 0x800028d8 (0x004000ef) jal     pc + 0x4
core   0: 3 0x800028d8 (0x004000ef) x1  0x800028dc
core   0: 0x800028dc (0x006000ef) jal     pc + 0x6
core   0: 3 0x800028dc (0x006000ef) x1  0x800028e0
core   0: 0x800028e2 (0x000037c5) c.jal   pc - 32
core   0: 3 0x800028e2 (0x37c5) x1  0x800028e4
core   0: 0x800028c2 (0x00800b6f) jal     s6, pc + 0x8
core   0: 3 0x800028c2 (0x00800b6f) x22 0x800028c6
core   0: 0x800028ca (0xff3ff26f) jal     tp, pc - 0xe
core   0: 3 0x800028ca (0xff3ff26f) x4  0x800028ce
core   0: 0x800028bc (0x00002015) c.jal   pc + 36
core   0: 3 0x800028bc (0x2015) x1  0x800028be
core   0: 0x800028e0 (0x0000a811) c.j     pc + 20
core   0: 3 0x800028e0 (0xa811)
core   0: 0x800028f4 (0x00003ffd) c.jal   pc - 2
core   0: 3 0x800028f4 (0x3ffd) x1  0x800028f6
core   0: 0x800028f2 (0x0000a011) c.j     pc + 4
core   0: 3 0x800028f2 (0xa011)
core   0: 0x800028f6 (0x0000bf7d) c.j     pc - 66
core   0: 3 0x800028f6 (0xbf7d)
core   0: 0x800028b4 (0x01e001ef) jal     gp, pc + 0x1e
core   0: 3 0x800028b4 (0x01e001ef) x3  0x800028b8
core   0: 0x800028d2 (0x0000bff5) c.j     pc - 4
core   0: 3 0x800028d2 (0xbff5)
core   0: 0x800028ce (0x0000202d) c.jal   pc + 42
core   0: 3 0x800028ce (0x202d) x1  0x800028d0
core   0: 0x800028f8 (0x03fcbeb3) mulhu   t4, s9, t6
core   0: 3 0x800028f8 (0x03fcbeb3) x29 0x00000000
core   0: 0x800028fc (0x00012117) auipc   sp, 0x12
core   0: 3 0x800028fc (0x00012117) x2  0x800148fc
core   0: 0x80002900 (0x78b10113) addi    sp, sp, 1931
core   0: 3 0x80002900 (0x78b10113) x2  0x80015087
core   0: 0x80002904 (0x91414003) lbu     zero, -1772(sp)
core   0: 3 0x80002904 (0x91414003) mem 0x8001499b
core   0: 0x80002908 (0x91e10a23) sb      t5, -1772(sp)
core   0: 3 0x80002908 (0x91e10a23) mem 0x8001499b 0x0b
core   0: 0x8000290c (0xe2210723) sb      sp, -466(sp)
core   0: 3 0x8000290c (0xe2210723) mem 0x80014eb5 0x87
core   0: 0x80002910 (0xe2e10903) lb      s2, -466(sp)
core   0: 3 0x80002910 (0xe2e10903) x18 0xffffff87 mem 0x80014eb5
core   0: 0x80002914 (0xe2e10723) sb      a4, -466(sp)
core   0: 3 0x80002914 (0xe2e10723) mem 0x80014eb5 0xec
core   0: 0x80002918 (0xe2e14383) lbu     t2, -466(sp)
core   0: 3 0x80002918 (0xe2e14383) x7  0x000000ec mem 0x80014eb5
core   0: 0x8000291c (0xab67c013) xori    zero, a5, -1354
core   0: 3 0x8000291c (0xab67c013)
core   0: 0x80002920 (0x8f760213) addi    tp, a2, -1801
core   0: 3 0x80002920 (0x8f760213) x4  0x80001a7f
core   0: 0x80002924 (0x9e014b03) lbu     s6, -1568(sp)
core   0: 3 0x80002924 (0x9e014b03) x22 0x0000001c mem 0x80014a67
core   0: 0x80002928 (0xb1414703) lbu     a4, -1260(sp)
core   0: 3 0x80002928 (0xb1414703) x14 0x00000050 mem 0x80014b9b
core   0: 0x8000292c (0x8d1112a3) sh      a7, -1851(sp)
core   0: 3 0x8000292c (0x8d1112a3) mem 0x8001494c 0x00e9
core   0: 0x80002930 (0x0106cc33) xor     s8, a3, a6
core   0: 3 0x80002930 (0x0106cc33) x24 0x800028b4
core   0: 0x80002934 (0x8c514403) lbu     s0, -1851(sp)
core   0: 3 0x80002934 (0x8c514403) x8  0x000000e9 mem 0x8001494c
core   0: 0x80002938 (0x8cc122a3) sw      a2, -1851(sp)
core   0: 3 0x80002938 (0x8cc122a3) mem 0x8001494c 0x80002188
core   0: 0x8000293c (0x8c5112a3) sh      t0, -1851(sp)
core   0: 3 0x8000293c (0x8c5112a3) mem 0x8001494c 0xffc0
core   0: 0x80002940 (0x7a8122a3) sw      s0, 1957(sp)
core   0: 3 0x80002940 (0x7a8122a3) mem 0x8001582c 0x000000e9
core   0: 0x80002944 (0x7a510703) lb      a4, 1957(sp)
core   0: 3 0x80002944 (0x7a510703) x14 0xffffffe9 mem 0x8001582c
core   0: 0x80002948 (0x00009f2e) c.add   t5, a1
core   0: 3 0x80002948 (0x9f2e) x30 0x80029cef
core   0: 0x8000294a (0x004dd033) srl     zero, s11, tp
core   0: 3 0x8000294a (0x004dd033)
core   0: 0x8000294e (0x7ae112a3) sh      a4, 1957(sp)
core   0: 3 0x8000294e (0x7ae112a3) mem 0x8001582c 0xffe9
core   0: 0x80002952 (0x7ad122a3) sw      a3, 1957(sp)
core   0: 3 0x80002952 (0x7ad122a3) mem 0x8001582c 0x800028b4
core   0: 0x80002956 (0x36faaa93) slti    s5, s5, 879
core   0: 3 0x80002956 (0x36faaa93) x21 0x00000001
core   0: 0x8000295a (0x7b3112a3) sh      s3, 1957(sp)
core   0: 3 0x8000295a (0x7b3112a3) mem 0x8001582c 0x0000
core   0: 0x8000295e (0x7b9122a3) sw      s9, 1957(sp)
core   0: 3 0x8000295e (0x7b9122a3) mem 0x8001582c 0x0000000f
core   0: 0x80002962 (0x7a511383) lh      t2, 1957(sp)
core   0: 3 0x80002962 (0x7a511383) x7  0x0000000f mem 0x8001582c
core   0: 0x80002966 (0x00017d17) auipc   s10, 0x17
core   0: 3 0x80002966 (0x00017d17) x26 0x80019966
core   0: 0x8000296a (0x941d0d13) addi    s10, s10, -1727
core   0: 3 0x8000296a (0x941d0d13) x26 0x800192a7
core   0: 0x8000296e (0xe3e28bb7) lui     s7, 0xe3e28
core   0: 3 0x8000296e (0xe3e28bb7) x23 0xe3e28000
core   0: 0x80002972 (0x412c5933) sra     s2, s8, s2
core   0: 3 0x80002972 (0x412c5933) x18 0xff000051
core   0: 0x80002976 (0x0acd0903) lb      s2, 172(s10)
core   0: 3 0x80002976 (0x0acd0903) x18 0x00000008 mem 0x80019353
core   0: 0x8000297a (0x40c7d633) sra     a2, a5, a2
core   0: 3 0x8000297a (0x40c7d633) x12 0xff80002f
core   0: 0x8000297e (0x04fd5603) lhu     a2, 79(s10)
core   0: 3 0x8000297e (0x04fd5603) x12 0x0000acad mem 0x800192f6
core   0: 0x80002982 (0x00008ff5) c.and   a5, a3
core   0: 3 0x80002982 (0x8ff5) x15 0x800028b0
core   0: 0x80002984 (0x00008fdd) c.or    a5, a5
core   0: 3 0x80002984 (0x8fdd) x15 0x800028b0
core   0: 0x80002986 (0x00008261) c.srli  a2, 24
core   0: 3 0x80002986 (0x8261) x12 0x00000000
core   0: 0x80002988 (0x02f62633) mulhsu  a2, a2, a5
core   0: 3 0x80002988 (0x02f62633) x12 0x00000000
core   0: 0x8000298c (0xd8e28c37) lui     s8, 0xd8e28
core   0: 3 0x8000298c (0xd8e28c37) x24 0xd8e28000
core   0: 0x80002990 (0xf92d1aa3) sh      s2, -107(s10)
core   0: 3 0x80002990 (0xf92d1aa3) mem 0x8001923c 0x0008
core   0: 0x80002994 (0x0e4d0603) lb      a2, 228(s10)
core   0: 3 0x80002994 (0x0e4d0603) x12 0x00000040 mem 0x8001938b
core   0: 0x80002998 (0x00000001) c.nop
core   0: 3 0x80002998 (0x0001)
core   0: 0x8000299a (0x007d1903) lh      s2, 7(s10)
core   0: 3 0x8000299a (0x007d1903) x18 0x00006465 mem 0x800192ae
core   0: 0x8000299e (0x0000863e) c.mv    a2, a5
core   0: 3 0x8000299e (0x863e) x12 0x800028b0
core   0: 0x800029a0 (0x017d0ca3) sb      s7, 25(s10)
core   0: 3 0x800029a0 (0x017d0ca3) mem 0x800192c0 0x00
core   0: 0x800029a4 (0x00000b99) c.addi  s7, 6
core   0: 3 0x800029a4 (0x0b99) x23 0xe3e28006
core   0: 0x800029a6 (0xf6cd0783) lb      a5, -148(s10)
core   0: 3 0x800029a6 (0xf6cd0783) x15 0xffffffc8 mem 0x80019213
core   0: 0x800029aa (0x00008e7d) c.and   a2, a5
core   0: 3 0x800029aa (0x8e7d) x12 0x80002880
core   0: 0x800029ac (0xf32d0923) sb      s2, -206(s10)
core   0: 3 0x800029ac (0xf32d0923) mem 0x800191d9 0x65
core   0: 0x800029b0 (0xf2fd0123) sb      a5, -222(s10)
core   0: 3 0x800029b0 (0xf2fd0123) mem 0x800191c9 0xc8
core   0: 0x800029b4 (0x032be933) rem     s2, s7, s2
core   0: 3 0x800029b4 (0x032be933) x18 0xffffecdb
core   0: 0x800029b8 (0xf4fd19a3) sh      a5, -173(s10)
core   0: 3 0x800029b8 (0xf4fd19a3) mem 0x800191fa 0xffc8
core   0: 0x800029bc (0x8f76cb93) xori    s7, a3, -1801
core   0: 3 0x800029bc (0x8f76cb93) x23 0x7fffd043
core   0: 0x800029c0 (0x073d0b83) lb      s7, 115(s10)
core   0: 3 0x800029c0 (0x073d0b83) x23 0xffffffd1 mem 0x8001931a
core   0: 0x800029c4 (0x06ad4b83) lbu     s7, 106(s10)
core   0: 3 0x800029c4 (0x06ad4b83) x23 0x000000ca mem 0x80019311
core   0: 0x800029c8 (0x8916ec13) ori     s8, a3, -1903
core   0: 3 0x800029c8 (0x8916ec13) x24 0xfffff8b5
core   0: 0x800029cc (0xd22bbc13) sltiu   s8, s7, -734
core   0: 3 0x800029cc (0xd22bbc13) x24 0x00000001
core   0: 0x800029d0 (0x03265933) divu    s2, a2, s2
core   0: 3 0x800029d0 (0x03265933) x18 0x00000000
core   0: 0x800029d4 (0x066d0903) lb      s2, 102(s10)
core   0: 3 0x800029d4 (0x066d0903) x18 0xffffffc6 mem 0x8001930d
core   0: 0x800029d8 (0x00000001) c.nop
core   0: 3 0x800029d8 (0x0001)
core   0: 0x800029da (0x0126a933) slt     s2, a3, s2
core   0: 3 0x800029da (0x0126a933) x18 0x00000001
core   0: 0x800029de (0x0d6d0b83) lb      s7, 214(s10)
core   0: 3 0x800029de (0x0d6d0b83) x23 0x00000036 mem 0x8001937d
core   0: 0x800029e2 (0x0386fc33) remu    s8, a3, s8
core   0: 3 0x800029e2 (0x0386fc33) x24 0x00000000
core   0: 0x800029e6 (0x00cc1793) slli    a5, s8, 12
core   0: 3 0x800029e6 (0x00cc1793) x15 0x00000000
core   0: 0x800029ea (0xd417ec13) ori     s8, a5, -703
core   0: 3 0x800029ea (0xd417ec13) x24 0xfffffd41
core   0: 0x800029ee (0x02f95c33) divu    s8, s2, a5
core   0: 3 0x800029ee (0x02f95c33) x24 0xffffffff
core   0: 0x800029f2 (0x40ec5c13) srai    s8, s8, 14
core   0: 3 0x800029f2 (0x40ec5c13) x24 0xffffffff
core   0: 0x800029f6 (0x09dd1b83) lh      s7, 157(s10)
core   0: 3 0x800029f6 (0x09dd1b83) x23 0xfffffeff mem 0x80019344
core   0: 0x800029fa (0x0b7d20a3) sw      s7, 161(s10)
core   0: 3 0x800029fa (0x0b7d20a3) mem 0x80019348 0xfffffeff
core   0: 0x800029fe (0xc62b8c13) addi    s8, s7, -926
core   0: 3 0x800029fe (0xc62b8c13) x24 0xfffffb61
core   0: 0x80002a02 (0x00008e95) c.sub   a3, a3
core   0: 3 0x80002a02 (0x8e95) x13 0x00000000
core   0: 0x80002a04 (0xf98d0ca3) sb      s8, -103(s10)
core   0: 3 0x80002a04 (0xf98d0ca3) mem 0x80019240 0x61
core   0: 0x80002a08 (0xf7cd4683) lbu     a3, -132(s10)
core   0: 3 0x80002a08 (0xf7cd4683) x13 0x000000d8 mem 0x80019223
core   0: 0x80002a0c (0xf43d4683) lbu     a3, -189(s10)
core   0: 3 0x80002a0c (0xf43d4683) x13 0x000000a1 mem 0x800191ea
core   0: 0x80002a10 (0x00017117) auipc   sp, 0x17
core   0: 3 0x80002a10 (0x00017117) x2  0x80019a10
core   0: 0x80002a14 (0x7c010113) addi    sp, sp, 1984
core   0: 3 0x80002a14 (0x7c010113) x2  0x8001a1d0
core   0: 0x80002a18 (0x00914803) lbu     a6, 9(sp)
core   0: 3 0x80002a18 (0x00914803) x16 0x00000092 mem 0x8001a1d9
core   0: 0x80002a1c (0x00f14803) lbu     a6, 15(sp)
core   0: 3 0x80002a1c (0x00f14803) x16 0x00000094 mem 0x8001a1df
core   0: 0x80002a20 (0x02a56833) rem     a6, a0, a0
core   0: 3 0x80002a20 (0x02a56833) x16 0x00000000
core   0: 0x80002a24 (0x01651213) slli    tp, a0, 22
core   0: 3 0x80002a24 (0x01651213) x4  0x19400000
core   0: 0x80002a28 (0x00910203) lb      tp, 9(sp)
core   0: 3 0x80002a28 (0x00910203) x4  0xffffff92 mem 0x8001a1d9
core   0: 0x80002a2c (0x0000c676) c.swsp  t4, 12(sp)
core   0: 3 0x80002a2c (0xc676) mem 0x8001a1dc 0x00000000
core   0: 0x80002a2e (0x00985e93) srli    t4, a6, 9
core   0: 3 0x80002a2e (0x00985e93) x29 0x00000000
core   0: 0x80002a32 (0x01ced813) srli    a6, t4, 28
core   0: 3 0x80002a32 (0x01ced813) x16 0x00000000
core   0: 0x80002a36 (0xff811e83) lh      t4, -8(sp)
core   0: 3 0x80002a36 (0xff811e83) x29 0xffff8283 mem 0x8001a1c8
core   0: 0x80002a3a (0xfe410f23) sb      tp, -2(sp)
core   0: 3 0x80002a3a (0xfe410f23) mem 0x8001a1ce 0x92
core   0: 0x80002a3e (0x00008629) c.srai  a2, 10
core   0: 3 0x80002a3e (0x8629) x12 0xffe0000a
core   0: 0x80002a40 (0x5fa62513) slti    a0, a2, 1530
core   0: 3 0x80002a40 (0x5fa62513) x10 0x00000001
core   0: 0x80002a44 (0x00b14e83) lbu     t4, 11(sp)
core   0: 3 0x80002a44 (0x00b14e83) x29 0x00000090 mem 0x8001a1db
core   0: 0x80002a48 (0xddc22513) slti    a0, tp, -548
core   0: 3 0x80002a48 (0xddc22513) x10 0x00000000
core   0: 0x80002a4c (0x00008625) c.srai  a2, 9
core   0: 3 0x80002a4c (0x8625) x12 0xfffff000
core   0: 0x80002a4e (0x008ec533) xor     a0, t4, s0
core   0: 3 0x80002a4e (0x008ec533) x10 0x00000079
core   0: 0x80002a52 (0x0000c022) c.swsp  s0, 0(sp)
core   0: 3 0x80002a52 (0xc022) mem 0x8001a1d0 0x000000e9
core   0: 0x80002a54 (0xffd10ba3) sb      t4, -9(sp)
core   0: 3 0x80002a54 (0xffd10ba3) mem 0x8001a1c7 0x90
core   0: 0x80002a58 (0x6387be97) auipc   t4, 0x6387b
core   0: 3 0x80002a58 (0x6387be97) x29 0xe387da58
core   0: 0x80002a5c (0x00c81633) sll     a2, a6, a2
core   0: 3 0x80002a5c (0x00c81633) x12 0x00000000
core   0: 0x80002a60 (0xf8ac5e97) auipc   t4, 0xf8ac5
core   0: 3 0x80002a60 (0xf8ac5e97) x29 0x78ac7a60
core   0: 0x80002a64 (0xffc11e83) lh      t4, -4(sp)
core   0: 3 0x80002a64 (0xffc11e83) x29 0xffff8687 mem 0x8001a1cc
core   0: 0x80002a68 (0x00453233) sltu    tp, a0, tp
core   0: 3 0x80002a68 (0x00453233) x4  0x00000001
core   0: 0x80002a6c (0x00a15503) lhu     a0, 10(sp)
core   0: 3 0x80002a6c (0x00a15503) x10 0x00009091 mem 0x8001a1da
core   0: 0x80002a70 (0x0000c642) c.swsp  a6, 12(sp)
core   0: 3 0x80002a70 (0xc642) mem 0x8001a1dc 0x00000000
core   0: 0x80002a72 (0x00457833) and     a6, a0, tp
core   0: 3 0x80002a72 (0x00457833) x16 0x00000001
core   0: 0x80002a76 (0xffb14503) lbu     a0, -5(sp)
core   0: 3 0x80002a76 (0xffb14503) x10 0x00000080 mem 0x8001a1cb
core   0: 0x80002a7a (0x01d10323) sb      t4, 6(sp)
core   0: 3 0x80002a7a (0x01d10323) mem 0x8001a1d6 0x87
core   0: 0x80002a7e (0x0000c442) c.swsp  a6, 8(sp)
core   0: 3 0x80002a7e (0xc442) mem 0x8001a1d8 0x00000001
core   0: 0x80002a80 (0xf40ec513) xori    a0, t4, -192
core   0: 3 0x80002a80 (0xf40ec513) x10 0x000079c7
core   0: 0x80002a84 (0x00110203) lb      tp, 1(sp)
core   0: 3 0x80002a84 (0x00110203) x4  0x00000000 mem 0x8001a1d1
core   0: 0x80002a88 (0x0000db97) auipc   s7, 0xd
core   0: 3 0x80002a88 (0x0000db97) x23 0x8000fa88
core   0: 0x80002a8c (0x78db8b93) addi    s7, s7, 1933
core   0: 3 0x80002a8c (0x78db8b93) x23 0x80010215
core   0: 0x80002a90 (0x018b80a3) sb      s8, 1(s7)
core   0: 3 0x80002a90 (0x018b80a3) mem 0x80010216 0x61
core   0: 0x80002a94 (0x001b9683) lh      a3, 1(s7)
core   0: 3 0x80002a94 (0x001b9683) x13 0xffffcc61 mem 0x80010216
core   0: 0x80002a98 (0x001bc783) lbu     a5, 1(s7)
core   0: 3 0x80002a98 (0x001bc783) x15 0x00000061 mem 0x80010216
core   0: 0x80002a9c (0x001bcf03) lbu     t5, 1(s7)
core   0: 3 0x80002a9c (0x001bcf03) x30 0x00000061 mem 0x80010216
core   0: 0x80002aa0 (0x014b90a3) sh      s4, 1(s7)
core   0: 3 0x80002aa0 (0x014b90a3) mem 0x80010216 0xffce
core   0: 0x80002aa4 (0x002b80a3) sb      sp, 1(s7)
core   0: 3 0x80002aa4 (0x002b80a3) mem 0x80010216 0xd0
core   0: 0x80002aa8 (0x001b8e83) lb      t4, 1(s7)
core   0: 3 0x80002aa8 (0x001b8e83) x29 0xffffffd0 mem 0x80010216
core   0: 0x80002aac (0xfeab89a3) sb      a0, -13(s7)
core   0: 3 0x80002aac (0xfeab89a3) mem 0x80010208 0xc7
core   0: 0x80002ab0 (0xffabada3) sw      s10, -5(s7)
core   0: 3 0x80002ab0 (0xffabada3) mem 0x80010210 0x800192a7
core   0: 0x80002ab4 (0xff3bd283) lhu     t0, -13(s7)
core   0: 3 0x80002ab4 (0xff3bd283) x5  0x0000c2c7 mem 0x80010208
core   0: 0x80002ab8 (0xff6b8383) lb      t2, -10(s7)
core   0: 3 0x80002ab8 (0xff6b8383) x7  0xffffffc0 mem 0x8001020b
core   0: 0x80002abc (0x004b8903) lb      s2, 4(s7)
core   0: 3 0x80002abc (0x004b8903) x18 0xffffffd2 mem 0x80010219
core   0: 0x80002ac0 (0x004b8d03) lb      s10, 4(s7)
core   0: 3 0x80002ac0 (0x004b8d03) x26 0xffffffd2 mem 0x80010219
core   0: 0x80002ac4 (0x004bc283) lbu     t0, 4(s7)
core   0: 3 0x80002ac4 (0x004bc283) x5  0x000000d2 mem 0x80010219
core   0: 0x80002ac8 (0x0120d113) srli    sp, ra, 18
core   0: 3 0x80002ac8 (0x0120d113) x2  0x00002000
core   0: 0x80002acc (0x00bb8783) lb      a5, 11(s7)
core   0: 3 0x80002acc (0x00bb8783) x15 0xffffffdb mem 0x80010220
core   0: 0x80002ad0 (0x00fbd683) lhu     a3, 15(s7)
core   0: 3 0x80002ad0 (0x00fbd683) x13 0x0000dedf mem 0x80010224
core   0: 0x80002ad4 (0xff1bce83) lbu     t4, -15(s7)
core   0: 3 0x80002ad4 (0xff1bce83) x29 0x000000bd mem 0x80010206
core   0: 0x80002ad8 (0xff1bd203) lhu     tp, -15(s7)
core   0: 3 0x80002ad8 (0xff1bd203) x4  0x0000bcbd mem 0x80010206
core   0: 0x80002adc (0xffcb8e83) lb      t4, -4(s7)
core   0: 3 0x80002adc (0xffcb8e83) x29 0xffffff92 mem 0x80010211
core   0: 0x80002ae0 (0xffcb8003) lb      zero, -4(s7)
core   0: 3 0x80002ae0 (0xffcb8003) mem 0x80010211
core   0: 0x80002ae4 (0x00004091) c.li    ra, 4
core   0: 3 0x80002ae4 (0x4091) x1  0x00000004
core   0: 0x80002ae6 (0x024288b3) mul     a7, t0, tp
core   0: 3 0x80002ae6 (0x024288b3) x17 0x009ad30a
core   0: 0x80002aea (0x0000863a) c.mv    a2, a4
core   0: 3 0x80002aea (0x863a) x12 0xffffffe9
core   0: 0x80002aec (0x41220c33) sub     s8, tp, s2
core   0: 3 0x80002aec (0x41220c33) x24 0x0000bceb
core   0: 0x80002af0 (0x00004399) c.li    t2, 6
core   0: 3 0x80002af0 (0x4399) x7  0x00000006
core   0: 0x80002af2 (0x0000873d) c.srai  a4, 15
core   0: 3 0x80002af2 (0x873d) x14 0xffffffff
core   0: 0x80002af4 (0x0360e6b3) rem     a3, ra, s6
core   0: 3 0x80002af4 (0x0360e6b3) x13 0x00000004
core   0: 0x80002af8 (0x4638a717) auipc   a4, 0x4638a
core   0: 3 0x80002af8 (0x4638a717) x14 0xc638caf8
core   0: 0x80002afc (0x00008196) c.mv    gp, t0
core   0: 3 0x80002afc (0x8196) x3  0x000000d2
core   0: 0x80002afe (0x0000009d) c.addi  ra, 7
core   0: 3 0x80002afe (0x009d) x1  0x0000000b
core   0: 0x80002b00 (0x00005469) c.li    s0, -6
core   0: 3 0x80002b00 (0x5469) x8  0xfffffffa
core   0: 0x80002b02 (0xb47ee993) ori     s3, t4, -1209
core   0: 3 0x80002b02 (0xb47ee993) x19 0xffffffd7
core   0: 0x80002b06 (0x00000001) c.nop
core   0: 3 0x80002b06 (0x0001)
core   0: 0x80002b08 (0xc78d1e97) auipc   t4, 0xc78d1
core   0: 3 0x80002b08 (0xc78d1e97) x29 0x478d3b08
core   0: 0x80002b0c (0x010f61b3) or      gp, t5, a6
core   0: 3 0x80002b0c (0x010f61b3) x3  0x00000061
core   0: 0x80002b10 (0x00000405) c.addi  s0, 1
core   0: 3 0x80002b10 (0x0405) x8  0xfffffffb
core   0: 0x80002b12 (0x03eec8b3) div     a7, t4, t5
core   0: 3 0x80002b12 (0x03eec8b3) x17 0x00bcd661
core   0: 0x80002b16 (0x0000d87d) c.beqz  s0, pc - 10
core   0: 3 0x80002b16 (0xd87d)
core   0: 0x80002b18 (0x41925f33) sra     t5, tp, s9
core   0: 3 0x80002b18 (0x41925f33) x30 0x00000001
core   0: 0x80002b1c (0xfc70eee3) bltu    ra, t2, pc - 36
core   0: 3 0x80002b1c (0xfc70eee3)
core   0: 0x80002b20 (0x030671b3) remu    gp, a2, a6
core   0: 3 0x80002b20 (0x030671b3) x3  0x00000000
core   0: 0x80002b24 (0x02e006ef) jal     a3, pc + 0x2e
core   0: 3 0x80002b24 (0x02e006ef) x13 0x80002b28
core   0: 0x80002b52 (0x00c00b6f) jal     s6, pc + 0xc
core   0: 3 0x80002b52 (0x00c00b6f) x22 0x80002b56
core   0: 0x80002b5e (0x000037c5) c.jal   pc - 32
core   0: 3 0x80002b5e (0x37c5) x1  0x80002b60
core   0: 0x80002b3e (0x0000a019) c.j     pc + 6
core   0: 3 0x80002b3e (0xa019)
core   0: 0x80002b44 (0xff3ff46f) jal     s0, pc - 0xe
core   0: 3 0x80002b44 (0xff3ff46f) x8  0x80002b48
core   0: 0x80002b36 (0x0000a009) c.j     pc + 2
core   0: 3 0x80002b36 (0xa009)
core   0: 0x80002b38 (0x010007ef) jal     a5, pc + 0x10
core   0: 3 0x80002b38 (0x010007ef) x15 0x80002b3c
core   0: 0x80002b48 (0xfebff0ef) jal     pc - 0x16
core   0: 3 0x80002b48 (0xfebff0ef) x1  0x80002b4c
core   0: 0x80002b32 (0xffbff1ef) jal     gp, pc - 0x6
core   0: 3 0x80002b32 (0xffbff1ef) x3  0x80002b36
core   0: 0x80002b2c (0x0000a009) c.j     pc + 2
core   0: 3 0x80002b2c (0xa009)
core   0: 0x80002b2e (0x00002025) c.jal   pc + 40
core   0: 3 0x80002b2e (0x2025) x1  0x80002b30
core   0: 0x80002b56 (0x0000b7ed) c.j     pc - 22
core   0: 3 0x80002b56 (0xb7ed)
core   0: 0x80002b40 (0x0180076f) jal     a4, pc + 0x18
core   0: 3 0x80002b40 (0x0180076f) x14 0x80002b44
core   0: 0x80002b58 (0x0000bfe1) c.j     pc - 40
core   0: 3 0x80002b58 (0xbfe1)
core   0: 0x80002b30 (0x0000a031) c.j     pc + 12
core   0: 3 0x80002b30 (0xa031)
core   0: 0x80002b3c (0x0000a839) c.j     pc + 30
core   0: 3 0x80002b3c (0xa839)
core   0: 0x80002b5a (0x00003fdd) c.jal   pc - 10
core   0: 3 0x80002b5a (0x3fdd) x1  0x80002b5c
core   0: 0x80002b50 (0x0000a031) c.j     pc + 12
core   0: 3 0x80002b50 (0xa031)
core   0: 0x80002b5c (0x00003fc5) c.jal   pc - 16
core   0: 3 0x80002b5c (0x3fc5) x1  0x80002b5e
core   0: 0x80002b4c (0xfddff0ef) jal     pc - 0x24
core   0: 3 0x80002b4c (0xfddff0ef) x1  0x80002b50
core   0: 0x80002b28 (0x038000ef) jal     pc + 0x38
core   0: 3 0x80002b28 (0x038000ef) x1  0x80002b2c
core   0: 0x80002b60 (0x02fd8733) mul     a4, s11, a5
core   0: 3 0x80002b60 (0x02fd8733) x14 0xfffbf260
core   0: 0x80002b64 (0x02c006ef) jal     a3, pc + 0x2c
core   0: 3 0x80002b64 (0x02c006ef) x13 0x80002b68
core   0: 0x80002b90 (0x0000b7d5) c.j     pc - 28
core   0: 3 0x80002b90 (0xb7d5)
core   0: 0x80002b74 (0x00e002ef) jal     t0, pc + 0xe
core   0: 3 0x80002b74 (0x00e002ef) x5  0x80002b78
core   0: 0x80002b82 (0x000037f5) c.jal   pc - 20
core   0: 3 0x80002b82 (0x37f5) x1  0x80002b84
core   0: 0x80002b6e (0x0000a801) c.j     pc + 16
core   0: 3 0x80002b6e (0xa801)
core   0: 0x80002b7e (0x018001ef) jal     gp, pc + 0x18
core   0: 3 0x80002b7e (0x018001ef) x3  0x80002b82
core   0: 0x80002b96 (0xfd5ff0ef) jal     pc - 0x2c
core   0: 3 0x80002b96 (0xfd5ff0ef) x1  0x80002b9a
core   0: 0x80002b6a (0x006000ef) jal     pc + 0x6
core   0: 3 0x80002b6a (0x006000ef) x1  0x80002b6e
core   0: 0x80002b70 (0x016000ef) jal     pc + 0x16
core   0: 3 0x80002b70 (0x016000ef) x1  0x80002b74
core   0: 0x80002b86 (0xff3ff0ef) jal     pc - 0xe
core   0: 3 0x80002b86 (0xff3ff0ef) x1  0x80002b8a
core   0: 0x80002b78 (0x00003fc5) c.jal   pc - 16
core   0: 3 0x80002b78 (0x3fc5) x1  0x80002b7a
core   0: 0x80002b68 (0x0000202d) c.jal   pc + 42
core   0: 3 0x80002b68 (0x202d) x1  0x80002b6a
core   0: 0x80002b92 (0x0000b7e5) c.j     pc - 24
core   0: 3 0x80002b92 (0xb7e5)
core   0: 0x80002b7a (0x014000ef) jal     pc + 0x14
core   0: 3 0x80002b7a (0x014000ef) x1  0x80002b7e
core   0: 0x80002b8e (0x0000a809) c.j     pc + 18
core   0: 3 0x80002b8e (0xa809)
core   0: 0x80002ba0 (0x0000b7ed) c.j     pc - 22
core   0: 3 0x80002ba0 (0xb7ed)
core   0: 0x80002b8a (0xffbff0ef) jal     pc - 0x6
core   0: 3 0x80002b8a (0xffbff0ef) x1  0x80002b8e
core   0: 0x80002b84 (0x00002821) c.jal   pc + 24
core   0: 3 0x80002b84 (0x2821) x1  0x80002b86
core   0: 0x80002b9c (0xfffff0ef) jal     pc - 0x2
core   0: 3 0x80002b9c (0xfffff0ef) x1  0x80002ba0
core   0: 0x80002b9a (0x0000bfed) c.j     pc - 6
core   0: 3 0x80002b9a (0xbfed)
core   0: 0x80002b94 (0x00002039) c.jal   pc + 14
core   0: 3 0x80002b94 (0x2039) x1  0x80002b96
core   0: 0x80002ba2 (0x02624bb3) div     s7, tp, t1
core   0: 3 0x80002ba2 (0x02624bb3) x23 0x00000000
core   0: 0x80002ba6 (0x03e3eb93) ori     s7, t2, 62
core   0: 3 0x80002ba6 (0x03e3eb93) x23 0x0000003e
core   0: 0x80002baa (0x796f3113) sltiu   sp, t5, 1942
core   0: 3 0x80002baa (0x796f3113) x2  0x00000001
core   0: 0x80002bae (0x017f8933) add     s2, t6, s7
core   0: 3 0x80002bae (0x017f8933) x18 0x00000065
core   0: 0x80002bb2 (0x01141a93) slli    s5, s0, 17
core   0: 3 0x80002bb2 (0x01141a93) x21 0x56900000
core   0: 0x80002bb6 (0x00006bc9) c.lui   s7, 0x12
core   0: 3 0x80002bb6 (0x6bc9) x23 0x00012000
core   0: 0x80002bb8 (0x7df49eb7) lui     t4, 0x7df49
core   0: 3 0x80002bb8 (0x7df49eb7) x29 0x7df49000
core   0: 0x80002bbc (0x0e13b813) sltiu   a6, t2, 225
core   0: 3 0x80002bbc (0x0e13b813) x16 0x00000001
core   0: 0x80002bc0 (0x4060de33) sra     t3, ra, t1
core   0: 3 0x80002bc0 (0x4060de33) x28 0xf80002b9
core   0: 0x80002bc4 (0x02f89eb3) mulh    t4, a7, a5
core   0: 3 0x80002bc4 (0x02f89eb3) x29 0xffa194ef
core   0: 0x80002bc8 (0x00000001) c.nop
core   0: 3 0x80002bc8 (0x0001)
core   0: 0x80002bca (0x021b0f33) mul     t5, s6, ra
core   0: 3 0x80002bca (0x021b0f33) x30 0x0760d664
core   0: 0x80002bce (0x0000e389) c.bnez  a5, pc + 2
core   0: 3 0x80002bce (0xe389)
core   0: 0x80002bd0 (0x00c16133) or      sp, sp, a2
core   0: 3 0x80002bd0 (0x00c16133) x2  0xffffffe9
core   0: 0x80002bd4 (0xe0417d93) andi    s11, sp, -508
core   0: 3 0x80002bd4 (0xe0417d93) x27 0xfffffe00
core   0: 0x80002bd8 (0x00e054b3) srl     s1, zero, a4
core   0: 3 0x80002bd8 (0x00e054b3) x9  0x00000000
core   0: 0x80002bdc (0x0000c491) c.beqz  s1, pc + 12
core   0: 3 0x80002bdc (0xc491)
core   0: 0x80002be8 (0x46a5a813) slti    a6, a1, 1130
core   0: 3 0x80002be8 (0x46a5a813) x16 0x00000001
core   0: 0x80002bec (0x01ff1b13) slli    s6, t5, 31
core   0: 3 0x80002bec (0x01ff1b13) x22 0x00000000
core   0: 0x80002bf0 (0x00006185) c.lui   gp, 0x1
core   0: 3 0x80002bf0 (0x6185) x3  0x00001000
core   0: 0x80002bf2 (0x00008edd) c.or    a3, a5
core   0: 3 0x80002bf2 (0x8edd) x13 0x80002b7c
core   0: 0x80002bf4 (0x0000047a) c.slli  s0, 30
core   0: 3 0x80002bf4 (0x047a) x8  0x00000000
core   0: 0x80002bf6 (0x5f390113) addi    sp, s2, 1523
core   0: 3 0x80002bf6 (0x5f390113) x2  0x00000658
core   0: 0x80002bfa (0x00000edd) c.addi  t4, 23
core   0: 3 0x80002bfa (0x0edd) x29 0xffa19506
core   0: 0x80002bfc (0x00009afd) c.andi  a3, -1
core   0: 3 0x80002bfc (0x9afd) x13 0x80002b7c
core   0: 0x80002bfe (0x0000717d) c.addi16sp sp, -16
core   0: 3 0x80002bfe (0x717d) x2  0x00000648
core   0: 0x80002c00 (0x03aaa3b3) mulhsu  t2, s5, s10
core   0: 3 0x80002c00 (0x03aaa3b3) x7  0x568ffff0
core   0: 0x80002c04 (0x0300ee33) rem     t3, ra, a6
core   0: 3 0x80002c04 (0x0300ee33) x28 0x00000000
core   0: 0x80002c08 (0x000069d5) c.lui   s3, 0x15
core   0: 3 0x80002c08 (0x69d5) x19 0x00015000
core   0: 0x80002c0a (0x0000c395) c.beqz  a5, pc + 36
core   0: 3 0x80002c0a (0xc395)
core   0: 0x80002c0c (0x00005efd) c.li    t4, -1
core   0: 3 0x80002c0c (0x5efd) x29 0xffffffff
core   0: 0x80002c0e (0x00f3da93) srli    s5, t2, 15
core   0: 3 0x80002c0e (0x00f3da93) x21 0x0000ad1f
core   0: 0x80002c12 (0x00001e04) c.addi4spn s1, sp, 816
core   0: 3 0x80002c12 (0x1e04) x9  0x00000978
core   0: 0x80002c14 (0x541eed93) ori     s11, t4, 1345
core   0: 3 0x80002c14 (0x541eed93) x27 0xffffffff
core   0: 0x80002c18 (0xaff84b93) xori    s7, a6, -1281
core   0: 3 0x80002c18 (0xaff84b93) x23 0xfffffafe
core   0: 0x80002c1c (0x0379d7b3) divu    a5, s3, s7
core   0: 3 0x80002c1c (0x0379d7b3) x15 0x00000000
core   0: 0x80002c20 (0x00008c81) c.sub   s1, s0
core   0: 3 0x80002c20 (0x8c81) x9  0x00000978
core   0: 0x80002c22 (0x0000e715) c.bnez  a4, pc + 44
core   0: 3 0x80002c22 (0xe715)
core   0: 0x80002c4e (0x007aff33) and     t5, s5, t2
core   0: 3 0x80002c4e (0x007aff33) x30 0x0000ad10
core   0: 0x80002c52 (0x0000717d) c.addi16sp sp, -16
core   0: 3 0x80002c52 (0x717d) x2  0x00000638
core   0: 0x80002c54 (0x024e1933) mulh    s2, t3, tp
core   0: 3 0x80002c54 (0x024e1933) x18 0x00000000
core   0: 0x80002c58 (0x00006155) c.addi16sp sp, 304
core   0: 3 0x80002c58 (0x6155) x2  0x00000768
core   0: 0x80002c5a (0x00000104) c.addi4spn s1, sp, 128
core   0: 3 0x80002c5a (0x0104) x9  0x000007e8
core   0: 0x80002c5c (0x002f9db3) sll     s11, t6, sp
core   0: 3 0x80002c5c (0x002f9db3) x27 0x00002700
core   0: 0x80002c60 (0x4f795a97) auipc   s5, 0x4f795
core   0: 3 0x80002c60 (0x4f795a97) x21 0xcf797c60
core   0: 0x80002c64 (0x000084a9) c.srai  s1, 10
core   0: 3 0x80002c64 (0x84a9) x9  0x00000001
core   0: 0x80002c66 (0x00008721) c.srai  a4, 8
core   0: 3 0x80002c66 (0x8721) x14 0xfffffbf2
core   0: 0x80002c68 (0x40845793) srai    a5, s0, 8
core   0: 3 0x80002c68 (0x40845793) x15 0x00000000
core   0: 0x80002c6c (0x0000cd19) c.beqz  a0, pc + 30
core   0: 3 0x80002c6c (0xcd19)
core   0: 0x80002c6e (0xfdadc193) xori    gp, s11, -38
core   0: 3 0x80002c6e (0xfdadc193) x3  0xffffd8da
core   0: 0x80002c72 (0x41ebd213) srai    tp, s7, 30
core   0: 3 0x80002c72 (0x41ebd213) x4  0xffffffff
core   0: 0x80002c76 (0x0000e115) c.bnez  a0, pc + 36
core   0: 3 0x80002c76 (0xe115)
core   0: 0x80002c9a (0x40bf5d33) sra     s10, t5, a1
core   0: 3 0x80002c9a (0x40bf5d33) x26 0x00000ad1
core   0: 0x80002c9e (0x6b5c7713) andi    a4, s8, 1717
core   0: 3 0x80002c9e (0x6b5c7713) x14 0x000004a1
core   0: 0x80002ca2 (0x00008441) c.srai  s0, 16
core   0: 3 0x80002ca2 (0x8441) x8  0x00000000
core   0: 0x80002ca4 (0x0287e4b3) rem     s1, a5, s0
core   0: 3 0x80002ca4 (0x0287e4b3) x9  0x00000000
core   0: 0x80002ca8 (0x34582213) slti    tp, a6, 837
core   0: 3 0x80002ca8 (0x34582213) x4  0x00000001
core   0: 0x80002cac (0x01bb1d63) bne     s6, s11, pc + 26
core   0: 3 0x80002cac (0x01bb1d63)
core   0: 0x80002cc6 (0x03307fb3) remu    t6, zero, s3
core   0: 3 0x80002cc6 (0x03307fb3) x31 0x00000000
core   0: 0x80002cca (0x034f4433) div     s0, t5, s4
core   0: 3 0x80002cca (0x034f4433) x8  0xfffffc8a
core   0: 0x80002cce (0x0000071e) c.slli  a4, 7
core   0: 3 0x80002cce (0x071e) x14 0x00025080
core   0: 0x80002cd0 (0x2dcb4c13) xori    s8, s6, 732
core   0: 3 0x80002cd0 (0x2dcb4c13) x24 0x000002dc
core   0: 0x80002cd4 (0x02a4cab3) div     s5, s1, a0
core   0: 3 0x80002cd4 (0x02a4cab3) x21 0x00000000
core   0: 0x80002cd8 (0x00008bd1) c.andi  a5, 20
core   0: 3 0x80002cd8 (0x8bd1) x15 0x00000000
core   0: 0x80002cda (0x03870f63) beq     a4, s8, pc + 62
core   0: 3 0x80002cda (0x03870f63)
core   0: 0x80002cde (0x030b8033) mul     zero, s7, a6
core   0: 3 0x80002cde (0x030b8033)
core   0: 0x80002ce2 (0x01c62c33) slt     s8, a2, t3
core   0: 3 0x80002ce2 (0x01c62c33) x24 0x00000001
core   0: 0x80002ce6 (0xf401e613) ori     a2, gp, -192
core   0: 3 0x80002ce6 (0xf401e613) x12 0xffffffda
core   0: 0x80002cea (0x0000616d) c.addi16sp sp, 240
core   0: 3 0x80002cea (0x616d) x2  0x00000858
core   0: 0x80002cec (0xf09290b7) lui     ra, 0xf0929
core   0: 3 0x80002cec (0xf09290b7) x1  0xf0929000
core   0: 0x80002cf0 (0x0017fa33) and     s4, a5, ra
core   0: 3 0x80002cf0 (0x0017fa33) x20 0x00000000
core   0: 0x80002cf4 (0x00520833) add     a6, tp, t0
core   0: 3 0x80002cf4 (0x00520833) x16 0x80002b79
core   0: 0x80002cf8 (0x0061dd63) bge     gp, t1, pc + 26
core   0: 3 0x80002cf8 (0x0061dd63)
core   0: 0x80002d12 (0xf6f30a13) addi    s4, t1, -145
core   0: 3 0x80002d12 (0xf6f30a13) x20 0x80025dd3
core   0: 0x80002d16 (0x0000ce91) c.beqz  a3, pc + 28
core   0: 3 0x80002d16 (0xce91)
core   0: 0x80002d18 (0x0341f833) remu    a6, gp, s4
core   0: 3 0x80002d18 (0x0341f833) x16 0x7ffd7b07
core   0: 0x80002d1c (0x40085733) sra     a4, a6, zero
core   0: 3 0x80002d1c (0x40085733) x14 0x7ffd7b07
core   0: 0x80002d20 (0x02dd72b3) remu    t0, s10, a3
core   0: 3 0x80002d20 (0x02dd72b3) x5  0x00000ad1
core   0: 0x80002d24 (0x03a806b3) mul     a3, a6, s10
core   0: 3 0x80002d24 (0x03a806b3) x13 0x64bfb6b7
core   0: 0x80002d28 (0x0078c1b3) xor     gp, a7, t2
core   0: 3 0x80002d28 (0x0078c1b3) x3  0x56332991
core   0: 0x80002d2c (0x0000997d) c.andi  a0, -1
core   0: 3 0x80002d2c (0x997d) x10 0x000079c7
core   0: 0x80002d2e (0x67d9c613) xori    a2, s3, 1661
core   0: 3 0x80002d2e (0x67d9c613) x12 0x0001567d
core   0: 0x80002d32 (0x568fa013) slti    zero, t6, 1384
core   0: 3 0x80002d32 (0x568fa013)
core   0: 0x80002d36 (0x0000cf09) c.beqz  a4, pc + 26
core   0: 3 0x80002d36 (0xcf09)
core   0: 0x80002d38 (0x00008fc9) c.or    a5, a0
core   0: 3 0x80002d38 (0x8fc9) x15 0x000079c7
core   0: 0x80002d3a (0x00009afd) c.andi  a3, -1
core   0: 3 0x80002d3a (0x9afd) x13 0x64bfb6b7
core   0: 0x80002d3c (0x01831b13) slli    s6, t1, 24
core   0: 3 0x80002d3c (0x01831b13) x22 0x64000000
core   0: 0x80002d40 (0x00000001) c.nop
core   0: 3 0x80002d40 (0x0001)
core   0: 0x80002d42 (0x00008375) c.srli  a4, 29
core   0: 3 0x80002d42 (0x8375) x14 0x00000003
core   0: 0x80002d44 (0xd6776db7) lui     s11, 0xd6776
core   0: 3 0x80002d44 (0xd6776db7) x27 0xd6776000
core   0: 0x80002d48 (0x00000001) c.nop
core   0: 3 0x80002d48 (0x0001)
core   0: 0x80002d4a (0x000018fd) c.addi  a7, -1
core   0: 3 0x80002d4a (0x18fd) x17 0x00bcd660
core   0: 0x80002d4c (0x00aa2fb3) slt     t6, s4, a0
core   0: 3 0x80002d4c (0x00aa2fb3) x31 0x00000001
core   0: 0x80002d50 (0x02c7ca63) blt     a5, a2, pc + 52
core   0: 3 0x80002d50 (0x02c7ca63)
core   0: 0x80002d84 (0x09c8f793) andi    a5, a7, 156
core   0: 3 0x80002d84 (0x09c8f793) x15 0x00000000
core   0: 0x80002d88 (0x00008809) c.andi  s0, 2
core   0: 3 0x80002d88 (0x8809) x8  0x00000002
core   0: 0x80002d8a (0xbad4e913) ori     s2, s1, -1107
core   0: 3 0x80002d8a (0xbad4e913) x18 0xfffffbad
core   0: 0x80002d8e (0x00000816) c.slli  a6, 5
core   0: 3 0x80002d8e (0x0816) x16 0xffaf60e0
core   0: 0x80002d90 (0x00139233) sll     tp, t2, ra
core   0: 3 0x80002d90 (0x00139233) x4  0x568ffff0
core   0: 0x80002d94 (0x00008cd9) c.or    s1, a4
core   0: 3 0x80002d94 (0x8cd9) x9  0x00000003
core   0: 0x80002d96 (0x00008fd5) c.or    a5, a3
core   0: 3 0x80002d96 (0x8fd5) x15 0x64bfb6b7
core   0: 0x80002d98 (0x00008e21) c.xor   a2, s0
core   0: 3 0x80002d98 (0x8e21) x12 0x0001567f
core   0: 0x80002d9a (0x01d80b33) add     s6, a6, t4
core   0: 3 0x80002d9a (0x01d80b33) x22 0xffaf60df
core   0: 0x80002d9e (0x2d5a3913) sltiu   s2, s4, 725
core   0: 3 0x80002d9e (0x2d5a3913) x18 0x00000000
core   0: 0x80002da2 (0x00d447b3) xor     a5, s0, a3
core   0: 3 0x80002da2 (0x00d447b3) x15 0x64bfb6b5
core   0: 0x80002da6 (0x0377e733) rem     a4, a5, s7
core   0: 3 0x80002da6 (0x0377e733) x14 0x0000031f
core   0: 0x80002daa (0x04d44463) blt     s0, a3, pc + 72
core   0: 3 0x80002daa (0x04d44463)
core   0: 0x80002df2 (0x02f9c1b3) div     gp, s3, a5
core   0: 3 0x80002df2 (0x02f9c1b3) x3  0x00000000
core   0: 0x80002df6 (0x029f6563) bltu    t5, s1, pc + 42
core   0: 3 0x80002df6 (0x029f6563)
core   0: 0x80002dfa (0x0203b233) mulhu   tp, t2, zero
core   0: 3 0x80002dfa (0x0203b233) x4  0x00000000
core   0: 0x80002dfe (0x00008f9e) c.mv    t6, t2
core   0: 3 0x80002dfe (0x8f9e) x31 0x568ffff0
core   0: 0x80002e00 (0x0000ec15) c.bnez  s0, pc + 60
core   0: 3 0x80002e00 (0xec15)
core   0: 0x80002e3c (0x01bcf463) bgeu    s9, s11, pc + 8
core   0: 3 0x80002e3c (0x01bcf463)
core   0: 0x80002e40 (0x04dff563) bgeu    t6, a3, pc + 74
core   0: 3 0x80002e40 (0x04dff563)
core   0: 0x80002e44 (0x00008f85) c.sub   a5, s1
core   0: 3 0x80002e44 (0x8f85) x15 0x64bfb6b2
core   0: 0x80002e46 (0x024aba33) mulhu   s4, s5, tp
core   0: 3 0x80002e46 (0x024aba33) x20 0x00000000
core   0: 0x80002e4a (0x02c9e7b3) rem     a5, s3, a2
core   0: 3 0x80002e4a (0x02c9e7b3) x15 0x00015000
core   0: 0x80002e4e (0x4108d813) srai    a6, a7, 16
core   0: 3 0x80002e4e (0x4108d813) x16 0x000000bc
core   0: 0x80002e52 (0x401fd893) srai    a7, t6, 1
core   0: 3 0x80002e52 (0x401fd893) x17 0x2b47fff8
core   0: 0x80002e56 (0x028f6033) rem     zero, t5, s0
core   0: 3 0x80002e56 (0x028f6033)
core   0: 0x80002e5a (0x01feaf33) slt     t5, t4, t6
core   0: 3 0x80002e5a (0x01feaf33) x30 0x00000001
core   0: 0x80002e5e (0x0000c885) c.beqz  s1, pc + 48
core   0: 3 0x80002e5e (0xc885)
core   0: 0x80002e60 (0x001a9b13) slli    s6, s5, 1
core   0: 3 0x80002e60 (0x001a9b13) x22 0x00000000
core   0: 0x80002e64 (0x036a3eb3) mulhu   t4, s4, s6
core   0: 3 0x80002e64 (0x036a3eb3) x29 0x00000000
core   0: 0x80002e68 (0x08012213) slti    tp, sp, 128
core   0: 3 0x80002e68 (0x08012213) x4  0x00000000
core   0: 0x80002e6c (0xfc41fc13) andi    s8, gp, -60
core   0: 3 0x80002e6c (0xfc41fc13) x24 0x00000000
core   0: 0x80002e70 (0x00979b13) slli    s6, a5, 9
core   0: 3 0x80002e70 (0x00979b13) x22 0x02a00000
core   0: 0x80002e74 (0x01425193) srli    gp, tp, 20
core   0: 3 0x80002e74 (0x01425193) x3  0x00000000
core   0: 0x80002e78 (0x038c73b3) remu    t2, s8, s8
core   0: 3 0x80002e78 (0x038c73b3) x7  0x00000000
core   0: 0x80002e7c (0x41768a33) sub     s4, a3, s7
core   0: 3 0x80002e7c (0x41768a33) x20 0x64bfbbb9
core   0: 0x80002e80 (0x0346aeb3) mulhsu  t4, a3, s4
core   0: 3 0x80002e80 (0x0346aeb3) x29 0x27a65849
core   0: 0x80002e84 (0x023a4f63) blt     s4, gp, pc + 62
core   0: 3 0x80002e84 (0x023a4f63)
core   0: 0x80002e88 (0x0000127d) c.addi  tp, -1
core   0: 3 0x80002e88 (0x127d) x4  0xffffffff
core   0: 0x80002e8a (0x03cb8133) mul     sp, s7, t3
core   0: 3 0x80002e8a (0x03cb8133) x2  0x00000000
core   0: 0x80002e8e (0x0147d013) srli    zero, a5, 20
core   0: 3 0x80002e8e (0x0147d013)
core   0: 0x80002e92 (0x01b7d193) srli    gp, a5, 27
core   0: 3 0x80002e92 (0x01b7d193) x3  0x00000000
core   0: 0x80002e96 (0xdbbe7513) andi    a0, t3, -581
core   0: 3 0x80002e96 (0xdbbe7513) x10 0x00000000
core   0: 0x80002e9a (0xb3075f97) auipc   t6, 0xb3075
core   0: 3 0x80002e9a (0xb3075f97) x31 0x33077e9a
core   0: 0x80002e9e (0x0265d7b3) divu    a5, a1, t1
core   0: 3 0x80002e9e (0x0265d7b3) x15 0x00000001
core   0: 0x80002ea2 (0x40785c13) srai    s8, a6, 7
core   0: 3 0x80002ea2 (0x40785c13) x24 0x00000001
core   0: 0x80002ea6 (0x00006d41) c.lui   s10, 0x10
core   0: 3 0x80002ea6 (0x6d41) x26 0x00010000
core   0: 0x80002ea8 (0x00008169) c.srli  a0, 26
core   0: 3 0x80002ea8 (0x8169) x10 0x00000000
core   0: 0x80002eaa (0x03895463) bge     s2, s8, pc + 40
core   0: 3 0x80002eaa (0x03895463)
core   0: 0x80002eae (0x0000e115) c.bnez  a0, pc + 36
core   0: 3 0x80002eae (0xe115)
core   0: 0x80002eb0 (0x882ce113) ori     sp, s9, -1918
core   0: 3 0x80002eb0 (0x882ce113) x2  0xfffff88f
core   0: 0x80002eb4 (0x411ad393) srai    t2, s5, 17
core   0: 3 0x80002eb4 (0x411ad393) x7  0x00000000
core   0: 0x80002eb8 (0x0299e963) bltu    s3, s1, pc + 50
core   0: 3 0x80002eb8 (0x0299e963)
core   0: 0x80002ebc (0x0000069e) c.slli  a3, 7
core   0: 3 0x80002ebc (0x069e) x13 0x5fdb5b80
core   0: 0x80002ebe (0x21992713) slti    a4, s2, 537
core   0: 3 0x80002ebe (0x21992713) x14 0x00000001
core   0: 0x80002ec2 (0xab368913) addi    s2, a3, -1357
core   0: 3 0x80002ec2 (0xab368913) x18 0x5fdb5633
core   0: 0x80002ec6 (0x00008ec5) c.or    a3, s1
core   0: 3 0x80002ec6 (0x8ec5) x13 0x5fdb5b83
core   0: 0x80002ec8 (0x419ed493) srai    s1, t4, 25
core   0: 3 0x80002ec8 (0x419ed493) x9  0x00000013
core   0: 0x80002ecc (0x31fb4193) xori    gp, s6, 799
core   0: 3 0x80002ecc (0x31fb4193) x3  0x02a0031f
core   0: 0x80002ed0 (0x0000097d) c.addi  s2, 31
core   0: 3 0x80002ed0 (0x097d) x18 0x5fdb5652
core   0: 0x80002ed2 (0x014c9d33) sll     s10, s9, s4
core   0: 3 0x80002ed2 (0x014c9d33) x26 0x1e000000
core   0: 0x80002ed6 (0x01b97bb3) and     s7, s2, s11
core   0: 3 0x80002ed6 (0x01b97bb3) x23 0x56534000
core   0: 0x80002eda (0x00008ecd) c.or    a3, a1
core   0: 3 0x80002eda (0x8ecd) x13 0xdfdbdfe7
core   0: 0x80002edc (0x000086e5) c.srai  a3, 25
core   0: 3 0x80002edc (0x86e5) x13 0xffffffef
core   0: 0x80002ede (0x89dc6093) ori     ra, s8, -1891
core   0: 3 0x80002ede (0x89dc6093) x1  0xfffff89d
core   0: 0x80002ee2 (0x01afa633) slt     a2, t6, s10
core   0: 3 0x80002ee2 (0x01afa633) x12 0x00000000
core   0: 0x80002ee6 (0x00005ffd) c.li    t6, -1
core   0: 3 0x80002ee6 (0x5ffd) x31 0xffffffff
core   0: 0x80002ee8 (0x000094be) c.add   s1, a5
core   0: 3 0x80002ee8 (0x94be) x9  0x00000014
core   0: 0x80002eea (0x1501cb93) xori    s7, gp, 336
core   0: 3 0x80002eea (0x1501cb93) x23 0x02a0024f
core   0: 0x80002eee (0x0000c411) c.beqz  s0, pc + 12
core   0: 3 0x80002eee (0xc411)
core   0: 0x80002ef0 (0x00000001) c.nop
core   0: 3 0x80002ef0 (0x0001)
core   0: 0x80002ef2 (0x000080a1) c.srli  s1, 8
core   0: 3 0x80002ef2 (0x80a1) x9  0x00000000
core   0: 0x80002ef4 (0x00008c26) c.mv    s8, s1
core   0: 3 0x80002ef4 (0x8c26) x24 0x00000000
core   0: 0x80002ef6 (0x03b23fb3) mulhu   t6, tp, s11
core   0: 3 0x80002ef6 (0x03b23fb3) x31 0xd6775fff
core   0: 0x80002efa (0x01271e33) sll     t3, a4, s2
core   0: 3 0x80002efa (0x01271e33) x28 0x00040000
core   0: 0x80002efe (0x000092ce) c.add   t0, s3
core   0: 3 0x80002efe (0x92ce) x5  0x00015ad1
core   0: 0x80002f00 (0x021e7663) bgeu    t3, ra, pc + 44
core   0: 3 0x80002f00 (0x021e7663)
core   0: 0x80002f04 (0x00263433) sltu    s0, a2, sp
core   0: 3 0x80002f04 (0x00263433) x8  0x00000001
core   0: 0x80002f08 (0x01310f63) beq     sp, s3, pc + 30
core   0: 3 0x80002f08 (0x01310f63)
core   0: 0x80002f0c (0x02713a33) mulhu   s4, sp, t2
core   0: 3 0x80002f0c (0x02713a33) x20 0x00000000
core   0: 0x80002f10 (0x000092a2) c.add   t0, s0
core   0: 3 0x80002f10 (0x92a2) x5  0x00015ad2
core   0: 0x80002f12 (0x0000c605) c.beqz  a2, pc + 40
core   0: 3 0x80002f12 (0xc605)
core   0: 0x80002f3a (0x0000c511) c.beqz  a0, pc + 12
core   0: 3 0x80002f3a (0xc511)
core   0: 0x80002f46 (0x00008e75) c.and   a2, a3
core   0: 3 0x80002f46 (0x8e75) x12 0x00000000
core   0: 0x80002f48 (0x0006adb3) slt     s11, a3, zero
core   0: 3 0x80002f48 (0x0006adb3) x27 0x00000001
core   0: 0x80002f4c (0x0000823d) c.srli  a2, 15
core   0: 3 0x80002f4c (0x823d) x12 0x00000000
core   0: 0x80002f4e (0x0000ec99) c.bnez  s1, pc + 30
core   0: 3 0x80002f4e (0xec99)
core   0: 0x80002f50 (0x00b027b3) slt     a5, zero, a1
core   0: 3 0x80002f50 (0x00b027b3) x15 0x00000000
core   0: 0x80002f54 (0x00fd6c63) bltu    s10, a5, pc + 24
core   0: 3 0x80002f54 (0x00fd6c63)
core   0: 0x80002f58 (0x65c3a393) slti    t2, t2, 1628
core   0: 3 0x80002f58 (0x65c3a393) x7  0x00000001
core   0: 0x80002f5c (0x0069c863) blt     s3, t1, pc + 16
core   0: 3 0x80002f5c (0x0069c863)
core   0: 0x80002f60 (0x02934a33) div     s4, t1, s1
core   0: 3 0x80002f60 (0x02934a33) x20 0xffffffff
core   0: 0x80002f64 (0x01394663) blt     s2, s3, pc + 12
core   0: 3 0x80002f64 (0x01394663)
core   0: 0x80002f68 (0xef63f393) andi    t2, t2, -266
core   0: 3 0x80002f68 (0xef63f393) x7  0x00000000
core   0: 0x80002f6c (0xac714093) xori    ra, sp, -1337
core   0: 3 0x80002f6c (0xac714093) x1  0x00000248
core   0: 0x80002f70 (0x00000001) c.nop
core   0: 3 0x80002f70 (0x0001)
core   0: 0x80002f72 (0x00008eb9) c.xor   a3, a4
core   0: 3 0x80002f72 (0x8eb9) x13 0xffffffee
core   0: 0x80002f74 (0x0369d8b3) divu    a7, s3, s6
core   0: 3 0x80002f74 (0x0369d8b3) x17 0x00000000
core   0: 0x80002f78 (0x03d18963) beq     gp, t4, pc + 50
core   0: 3 0x80002f78 (0x03d18963)
core   0: 0x80002f7c (0x03d243b3) div     t2, tp, t4
core   0: 3 0x80002f7c (0x03d243b3) x7  0x00000000
core   0: 0x80002f80 (0x0001c263) bltz    gp, pc + 4
core   0: 3 0x80002f80 (0x0001c263)
core   0: 0x80002f84 (0x00006169) c.addi16sp sp, 208
core   0: 3 0x80002f84 (0x6169) x2  0xfffff95f
core   0: 0x80002f86 (0x0290d1b3) divu    gp, ra, s1
core   0: 3 0x80002f86 (0x0290d1b3) x3  0xffffffff
core   0: 0x80002f8a (0xb31b8d17) auipc   s10, 0xb31b8
core   0: 3 0x80002f8a (0xb31b8d17) x26 0x331baf8a
core   0: 0x80002f8e (0x0000717d) c.addi16sp sp, -16
core   0: 3 0x80002f8e (0x717d) x2  0xfffff94f
core   0: 0x80002f90 (0x03629e33) mulh    t3, t0, s6
core   0: 3 0x80002f90 (0x03629e33) x28 0x0000038e
core   0: 0x80002f94 (0x05365063) bge     a2, s3, pc + 64
core   0: 3 0x80002f94 (0x05365063)
core   0: 0x80002f98 (0x00008e69) c.and   a2, a0
core   0: 3 0x80002f98 (0x8e69) x12 0x00000000
core   0: 0x80002f9a (0x02094363) bltz    s2, pc + 38
core   0: 3 0x80002f9a (0x02094363)
core   0: 0x80002f9e (0x013e9c33) sll     s8, t4, s3
core   0: 3 0x80002f9e (0x013e9c33) x24 0x27a65849
core   0: 0x80002fa2 (0x906c0393) addi    t2, s8, -1786
core   0: 3 0x80002fa2 (0x906c0393) x7  0x27a6514f
core   0: 0x80002fa6 (0x40028c13) addi    s8, t0, 1024
core   0: 3 0x80002fa6 (0x40028c13) x24 0x00015ed2
core   0: 0x80002faa (0x0a892213) slti    tp, s2, 168
core   0: 3 0x80002faa (0x0a892213) x4  0x00000000
core   0: 0x80002fae (0x017d6f63) bltu    s10, s7, pc + 30
core   0: 3 0x80002fae (0x017d6f63)
core   0: 0x80002fb2 (0x00008921) c.andi  a0, 8
core   0: 3 0x80002fb2 (0x8921) x10 0x00000000
core   0: 0x80002fb4 (0xf8398393) addi    t2, s3, -125
core   0: 3 0x80002fb4 (0xf8398393) x7  0x00014f83
core   0: 0x80002fb8 (0x00008569) c.srai  a0, 26
core   0: 3 0x80002fb8 (0x8569) x10 0x00000000
core   0: 0x80002fba (0x94611137) lui     sp, 0x94611
core   0: 3 0x80002fba (0x94611137) x2  0x94611000
core   0: 0x80002fbe (0x00000390) c.addi4spn a2, sp, 448
core   0: 3 0x80002fbe (0x0390) x12 0x946111c0
core   0: 0x80002fc0 (0x035c6eb3) rem     t4, s8, s5
core   0: 3 0x80002fc0 (0x035c6eb3) x29 0x00015ed2
core   0: 0x80002fc4 (0x86a2dd17) auipc   s10, 0x86a2d
core   0: 3 0x80002fc4 (0x86a2dd17) x26 0x06a2ffc4
core   0: 0x80002fc8 (0x02d9d0b3) divu    ra, s3, a3
core   0: 3 0x80002fc8 (0x02d9d0b3) x1  0x00000000
core   0: 0x80002fcc (0x00008d25) c.xor   a0, s1
core   0: 3 0x80002fcc (0x8d25) x10 0x00000000
core   0: 0x80002fce (0x40cf5133) sra     sp, t5, a2
core   0: 3 0x80002fce (0x40cf5133) x2  0x00000001
core   0: 0x80002fd2 (0x00008525) c.srai  a0, 9
core   0: 3 0x80002fd2 (0x8525) x10 0x00000000
core   0: 0x80002fd4 (0x803f1117) auipc   sp, 0x803f1
core   0: 3 0x80002fd4 (0x803f1117) x2  0x003f3fd4
core   0: 0x80002fd8 (0x00008ff5) c.and   a5, a3
core   0: 3 0x80002fd8 (0x8ff5) x15 0x00000000
core   0: 0x80002fda (0x03be3a33) mulhu   s4, t3, s11
core   0: 3 0x80002fda (0x03be3a33) x20 0x00000000
core   0: 0x80002fde (0x62b83993) sltiu   s3, a6, 1579
core   0: 3 0x80002fde (0x62b83993) x19 0x00000001
core   0: 0x80002fe2 (0x031fff63) bgeu    t6, a7, pc + 62
core   0: 3 0x80002fe2 (0x031fff63)
core   0: 0x80003020 (0x00008396) c.mv    t2, t0
core   0: 3 0x80003020 (0x8396) x7  0x00015ad2
core   0: 0x80003022 (0x37634813) xori    a6, t1, 886
core   0: 3 0x80003022 (0x37634813) x16 0x80025d12
core   0: 0x80003026 (0x02acd0b3) divu    ra, s9, a0
core   0: 3 0x80003026 (0x02acd0b3) x1  0xffffffff
core   0: 0x8000302a (0x01165893) srli    a7, a2, 17
core   0: 3 0x8000302a (0x01165893) x17 0x00004a30
core   0: 0x8000302e (0x02462833) mulhsu  a6, a2, tp
core   0: 3 0x8000302e (0x02462833) x16 0x00000000
core   0: 0x80003032 (0x00008f8d) c.sub   a5, a1
core   0: 3 0x80003032 (0x8f8d) x15 0x7ffd631c
core   0: 0x80003034 (0x00008b29) c.andi  a4, 10
core   0: 3 0x80003034 (0x8b29) x14 0x00000000
core   0: 0x80003036 (0x0128df63) bge     a7, s2, pc + 30
core   0: 3 0x80003036 (0x0128df63)
core   0: 0x8000303a (0x00c39413) slli    s0, t2, 12
core   0: 3 0x8000303a (0x00c39413) x8  0x15ad2000
core   0: 0x8000303e (0x0000e915) c.bnez  a0, pc + 52
core   0: 3 0x8000303e (0xe915)
core   0: 0x80003040 (0x08e26b37) lui     s6, 0x8e26
core   0: 3 0x80003040 (0x08e26b37) x22 0x08e26000
core   0: 0x80003044 (0x000057fd) c.li    a5, -1
core   0: 3 0x80003044 (0x57fd) x15 0xffffffff
core   0: 0x80003046 (0x00000eea) c.slli  t4, 26
core   0: 3 0x80003046 (0x0eea) x29 0x48000000
core   0: 0x80003048 (0x009d2133) slt     sp, s10, s1
core   0: 3 0x80003048 (0x009d2133) x2  0x00000000
core   0: 0x8000304c (0x00006149) c.addi16sp sp, 144
core   0: 3 0x8000304c (0x6149) x2  0x00000090
core   0: 0x8000304e (0x0000c289) c.beqz  a3, pc + 2
core   0: 3 0x8000304e (0xc289)
core   0: 0x80003050 (0x0961cd93) xori    s11, gp, 150
core   0: 3 0x80003050 (0x0961cd93) x27 0xffffff69
core   0: 0x80003054 (0xa2ed2393) slti    t2, s10, -1490
core   0: 3 0x80003054 (0xa2ed2393) x7  0x00000000
core   0: 0x80003058 (0x0000022e) c.slli  tp, 11
core   0: 3 0x80003058 (0x022e) x4  0x00000000
core   0: 0x8000305a (0x0180df93) srli    t6, ra, 24
core   0: 3 0x8000305a (0x0180df93) x31 0x000000ff
core   0: 0x8000305e (0x01f5dc63) bge     a1, t6, pc + 24
core   0: 3 0x8000305e (0x01f5dc63)
core   0: 0x80003062 (0x00008ac5) c.andi  a3, 17
core   0: 3 0x80003062 (0x8ac5) x13 0x00000000
core   0: 0x80003064 (0x40d2d7b3) sra     a5, t0, a3
core   0: 3 0x80003064 (0x40d2d7b3) x15 0x00015ad2
core   0: 0x80003068 (0x00000001) c.nop
core   0: 3 0x80003068 (0x0001)
core   0: 0x8000306a (0xabb71e17) auipc   t3, 0xabb71
core   0: 3 0x8000306a (0xabb71e17) x28 0x2bb7406a
core   0: 0x8000306e (0x023c08b3) mul     a7, s8, gp
core   0: 3 0x8000306e (0x023c08b3) x17 0xfffea12e
core   0: 0x80003072 (0x00da8733) add     a4, s5, a3
core   0: 3 0x80003072 (0x00da8733) x14 0x00000000
core   0: 0x80003076 (0x414bdbb3) sra     s7, s7, s4
core   0: 3 0x80003076 (0x414bdbb3) x23 0x02a0024f
core   0: 0x8000307a (0xfb498013) addi    zero, s3, -76
core   0: 3 0x8000307a (0xfb498013)
core   0: 0x8000307e (0x0000117d) c.addi  sp, -1
core   0: 3 0x8000307e (0x117d) x2  0x0000008f
core   0: 0x80003080 (0x02109db3) mulh    s11, ra, ra
core   0: 3 0x80003080 (0x02109db3) x27 0x00000000
core   0: 0x80003084 (0x03dd64b3) rem     s1, s10, t4
core   0: 3 0x80003084 (0x03dd64b3) x9  0x06a2ffc4
core   0: 0x80003088 (0x31a6e193) ori     gp, a3, 794
core   0: 3 0x80003088 (0x31a6e193) x3  0x0000031a
core   0: 0x8000308c (0xb9a00217) auipc   tp, 0xb9a00
core   0: 3 0x8000308c (0xb9a00217) x4  0x39a0308c
core   0: 0x80003090 (0x02992db3) mulhsu  s11, s2, s1
core   0: 3 0x80003090 (0x02992db3) x27 0x027c2c97
core   0: 0x80003094 (0x00009afd) c.andi  a3, -1
core   0: 3 0x80003094 (0x9afd) x13 0x00000000
core   0: 0x80003096 (0xd8b5c993) xori    s3, a1, -629
core   0: 3 0x80003096 (0xd8b5c993) x19 0x7ffd616f
core   0: 0x8000309a (0x02b40033) mul     zero, s0, a1
core   0: 3 0x8000309a (0x02b40033)
core   0: 0x8000309e (0x0000c715) c.beqz  a4, pc + 44
core   0: 3 0x8000309e (0xc715)
core   0: 0x800030ca (0x000069ed) c.lui   s3, 0x1b
core   0: 3 0x800030ca (0x69ed) x19 0x0001b000
core   0: 0x800030cc (0xa4a3af13) slti    t5, t2, -1462
core   0: 3 0x800030cc (0xa4a3af13) x30 0x00000000
core   0: 0x800030d0 (0x01d6c833) xor     a6, a3, t4
core   0: 3 0x800030d0 (0x01d6c833) x16 0x48000000
core   0: 0x800030d4 (0x000098fd) c.andi  s1, -1
core   0: 3 0x800030d4 (0x98fd) x9  0x06a2ffc4
core   0: 0x800030d6 (0x035ac2b3) div     t0, s5, s5
core   0: 3 0x800030d6 (0x035ac2b3) x5  0xffffffff
core   0: 0x800030da (0x0136d4b3) srl     s1, a3, s3
core   0: 3 0x800030da (0x0136d4b3) x9  0x00000000
core   0: 0x800030de (0x035dbeb3) mulhu   t4, s11, s5
core   0: 3 0x800030de (0x035dbeb3) x29 0x00000000
core   0: 0x800030e2 (0x00008f11) c.sub   a4, a2
core   0: 3 0x800030e2 (0x8f11) x14 0x6b9eee40
core   0: 0x800030e4 (0x0000875a) c.mv    a4, s6
core   0: 3 0x800030e4 (0x875a) x14 0x08e26000
core   0: 0x800030e6 (0xf91dc213) xori    tp, s11, -111
core   0: 3 0x800030e6 (0xf91dc213) x4  0xfd83d306
core   0: 0x800030ea (0x17a58893) addi    a7, a1, 378
core   0: 3 0x800030ea (0x17a58893) x17 0x80029e5e
core   0: 0x800030ee (0x96174293) xori    t0, a4, -1695
core   0: 3 0x800030ee (0x96174293) x5  0xf71d9961
core   0: 0x800030f2 (0x000084f5) c.srai  s1, 29
core   0: 3 0x800030f2 (0x84f5) x9  0x00000000
core   0: 0x800030f4 (0x000087ce) c.mv    a5, s3
core   0: 3 0x800030f4 (0x87ce) x15 0x0001b000
core   0: 0x800030f6 (0x96833c13) sltiu   s8, t1, -1688
core   0: 3 0x800030f6 (0x96833c13) x24 0x00000001
core   0: 0x800030fa (0x00b0fc63) bgeu    ra, a1, pc + 24
core   0: 3 0x800030fa (0x00b0fc63)
core   0: 0x80003112 (0x00008625) c.srai  a2, 9
core   0: 3 0x80003112 (0x8625) x12 0xffca3088
core   0: 0x80003114 (0x00a01933) sll     s2, zero, a0
core   0: 3 0x80003114 (0x00a01933) x18 0x00000000
core   0: 0x80003118 (0x018b4433) xor     s0, s6, s8
core   0: 3 0x80003118 (0x018b4433) x8  0x08e26001
core   0: 0x8000311c (0xa9015d97) auipc   s11, 0xa9015
core   0: 3 0x8000311c (0xa9015d97) x27 0x2901811c
core   0: 0x80003120 (0x00670633) add     a2, a4, t1
core   0: 3 0x80003120 (0x00670633) x12 0x88e4be64
core   0: 0x80003124 (0x008c1a33) sll     s4, s8, s0
core   0: 3 0x80003124 (0x008c1a33) x20 0x00000002
core   0: 0x80003128 (0x88a46e93) ori     t4, s0, -1910
core   0: 3 0x80003128 (0x88a46e93) x29 0xfffff88b
core   0: 0x8000312c (0x00000914) c.addi4spn a3, sp, 144
core   0: 3 0x8000312c (0x0914) x13 0x0000011f
core   0: 0x8000312e (0x00e1af33) slt     t5, gp, a4
core   0: 3 0x8000312e (0x00e1af33) x30 0x00000001
core   0: 0x80003132 (0x00000001) c.nop
core   0: 3 0x80003132 (0x0001)
core   0: 0x80003134 (0x41ef54b3) sra     s1, t5, t5
core   0: 3 0x80003134 (0x41ef54b3) x9  0x00000000
core   0: 0x80003138 (0x03638f33) mul     t5, t2, s6
core   0: 3 0x80003138 (0x03638f33) x30 0x00000000
core   0: 0x8000313c (0x41ced9b3) sra     s3, t4, t3
core   0: 3 0x8000313c (0x41ced9b3) x19 0xfffffffe
core   0: 0x80003140 (0x01eed263) bge     t4, t5, pc + 4
core   0: 3 0x80003140 (0x01eed263)
core   0: 0x80003144 (0x7e6a6b13) ori     s6, s4, 2022
core   0: 3 0x80003144 (0x7e6a6b13) x22 0x000007e6
core   0: 0x80003148 (0x0229d033) divu    zero, s3, sp
core   0: 3 0x80003148 (0x0229d033)
core   0: 0x8000314c (0x001a1733) sll     a4, s4, ra
core   0: 3 0x8000314c (0x001a1733) x14 0x00000000
core   0: 0x80003150 (0x6dbe4d13) xori    s10, t3, 1755
core   0: 3 0x80003150 (0x6dbe4d13) x26 0x2bb746b1
core   0: 0x80003154 (0x0264f933) remu    s2, s1, t1
core   0: 3 0x80003154 (0x0264f933) x18 0x00000000
core   0: 0x80003158 (0x027831b3) mulhu   gp, a6, t2
core   0: 3 0x80003158 (0x027831b3) x3  0x00000000
core   0: 0x8000315c (0x021347b3) div     a5, t1, ra
core   0: 3 0x8000315c (0x021347b3) x15 0x7ffda19c
core   0: 0x80003160 (0x02430e63) beq     t1, tp, pc + 60
core   0: 3 0x80003160 (0x02430e63)
core   0: 0x80003164 (0x00aacb33) xor     s6, s5, a0
core   0: 3 0x80003164 (0x00aacb33) x22 0x00000000
core   0: 0x80003168 (0x40c48c33) sub     s8, s1, a2
core   0: 3 0x80003168 (0x40c48c33) x24 0x771b419c
core   0: 0x8000316c (0x00009d12) c.add   s10, tp
core   0: 3 0x8000316c (0x9d12) x26 0x293b19b7
core   0: 0x8000316e (0x01be3d33) sltu    s10, t3, s11
core   0: 3 0x8000316e (0x01be3d33) x26 0x00000000
core   0: 0x80003172 (0x0000189c) c.addi4spn a5, sp, 112
core   0: 3 0x80003172 (0x189c) x15 0x000000ff
core   0: 0x80003174 (0x034dd733) divu    a4, s11, s4
core   0: 3 0x80003174 (0x034dd733) x14 0x1480c08e
core   0: 0x80003178 (0x93051397) auipc   t2, 0x93051
core   0: 3 0x80003178 (0x93051397) x7  0x13054178
core   0: 0x8000317c (0x00a55a93) srli    s5, a0, 10
core   0: 3 0x8000317c (0x00a55a93) x21 0x00000000
core   0: 0x80003180 (0x00001b94) c.addi4spn a3, sp, 496
core   0: 3 0x80003180 (0x1b94) x13 0x0000027f
core   0: 0x80003182 (0x971c7a17) auipc   s4, 0x971c7
core   0: 3 0x80003182 (0x971c7a17) x20 0x171ca182
core   0: 0x80003186 (0x01d868b3) or      a7, a6, t4
core   0: 3 0x80003186 (0x01d868b3) x17 0xfffff88b
core   0: 0x8000318a (0x0343e633) rem     a2, t2, s4
core   0: 3 0x8000318a (0x0343e633) x12 0x13054178
core   0: 0x8000318e (0x023de833) rem     a6, s11, gp
core   0: 3 0x8000318e (0x023de833) x16 0x2901811c
core   0: 0x80003192 (0x0000ee05) c.bnez  a2, pc + 56
core   0: 3 0x80003192 (0xee05)
core   0: 0x800031ca (0x00004755) c.li    a4, 21
core   0: 3 0x800031ca (0x4755) x14 0x00000015
core   0: 0x800031cc (0x0000670d) c.lui   a4, 0x3
core   0: 3 0x800031cc (0x670d) x14 0x00003000
core   0: 0x800031ce (0x02c613b3) mulh    t2, a2, a2
core   0: 3 0x800031ce (0x02c613b3) x7  0x0169c7d3
core   0: 0x800031d2 (0x0134a8b3) slt     a7, s1, s3
core   0: 3 0x800031d2 (0x0134a8b3) x17 0x00000000
core   0: 0x800031d6 (0x02f0d763) bge     ra, a5, pc + 46
core   0: 3 0x800031d6 (0x02f0d763)
core   0: 0x800031da (0x038756b3) divu    a3, a4, s8
core   0: 3 0x800031da (0x038756b3) x13 0x00000000
core   0: 0x800031de (0x02be8633) mul     a2, t4, a1
core   0: 3 0x800031de (0x02be8633) x12 0x6c840fcc
core   0: 0x800031e2 (0x333ff993) andi    s3, t6, 819
core   0: 3 0x800031e2 (0x333ff993) x19 0x00000033
core   0: 0x800031e6 (0x41dad3b3) sra     t2, s5, t4
core   0: 3 0x800031e6 (0x41dad3b3) x7  0x00000000
core   0: 0x800031ea (0x024289b3) mul     s3, t0, tp
core   0: 3 0x800031ea (0x024289b3) x19 0x89bf8b46
core   0: 0x800031ee (0x00006ef9) c.lui   t4, 0x1e
core   0: 3 0x800031ee (0x6ef9) x29 0x0001e000
core   0: 0x800031f0 (0x00008e29) c.xor   a2, a0
core   0: 3 0x800031f0 (0x8e29) x12 0x6c840fcc
core   0: 0x800031f2 (0x00008369) c.srli  a4, 26
core   0: 3 0x800031f2 (0x8369) x14 0x00000000
core   0: 0x800031f4 (0x413d87b3) sub     a5, s11, s3
core   0: 3 0x800031f4 (0x413d87b3) x15 0x9f41f5d6
core   0: 0x800031f8 (0x0372e713) ori     a4, t0, 55
core   0: 3 0x800031f8 (0x0372e713) x14 0xf71d9977
core   0: 0x800031fc (0x022fae33) mulhsu  t3, t6, sp
core   0: 3 0x800031fc (0x022fae33) x28 0x00000000
core   0: 0x80003200 (0x003f1433) sll     s0, t5, gp
core   0: 3 0x80003200 (0x003f1433) x8  0x00000000
core   0: 0x80003204 (0x000084c5) c.srai  s1, 17
core   0: 3 0x80003204 (0x84c5) x9  0x00000000
core   0: 0x80003206 (0x0258f1b3) remu    gp, a7, t0
core   0: 3 0x80003206 (0x0258f1b3) x3  0x00000000
core   0: 0x8000320a (0x03056463) bltu    a0, a6, pc + 40
core   0: 3 0x8000320a (0x03056463)
core   0: 0x80003232 (0x01585663) bge     a6, s5, pc + 12
core   0: 3 0x80003232 (0x01585663)
core   0: 0x8000323e (0x01b2d763) bge     t0, s11, pc + 14
core   0: 3 0x8000323e (0x01b2d763)
core   0: 0x80003242 (0xa91a4193) xori    gp, s4, -1391
core   0: 3 0x80003242 (0xa91a4193) x3  0xe8e35b13
core   0: 0x80003246 (0x00008d5d) c.or    a0, a5
core   0: 3 0x80003246 (0x8d5d) x10 0x9f41f5d6
core   0: 0x80003248 (0x02faa733) mulhsu  a4, s5, a5
core   0: 3 0x80003248 (0x02faa733) x14 0x00000000
core   0: 0x8000324c (0x022153b3) divu    t2, sp, sp
core   0: 3 0x8000324c (0x022153b3) x7  0x00000001
core   0: 0x80003250 (0x56a3a493) slti    s1, t2, 1386
core   0: 3 0x80003250 (0x56a3a493) x9  0x00000001
core   0: 0x80003254 (0x0308e263) bltu    a7, a6, pc + 36
core   0: 3 0x80003254 (0x0308e263)
core   0: 0x80003278 (0x0000e09d) c.bnez  s1, pc + 38
core   0: 3 0x80003278 (0xe09d)
core   0: 0x8000329e (0x000044c5) c.li    s1, 17
core   0: 3 0x8000329e (0x44c5) x9  0x00000011
core   0: 0x800032a0 (0x018b4963) blt     s6, s8, pc + 18
core   0: 3 0x800032a0 (0x018b4963)
core   0: 0x800032b2 (0x038544b3) div     s1, a0, s8
core   0: 3 0x800032b2 (0x038544b3) x9  0x00000000
core   0: 0x800032b6 (0x40f4c193) xori    gp, s1, 1039
core   0: 3 0x800032b6 (0x40f4c193) x3  0x0000040f
core   0: 0x800032ba (0x01291d33) sll     s10, s2, s2
core   0: 3 0x800032ba (0x01291d33) x26 0x00000000
core   0: 0x800032be (0x00000c0e) c.slli  s8, 3
core   0: 3 0x800032be (0x0c0e) x24 0xb8da0ce0
core   0: 0x800032c0 (0x023f6963) bltu    t5, gp, pc + 50
core   0: 3 0x800032c0 (0x023f6963)
core   0: 0x800032f2 (0x00008cd9) c.or    s1, a4
core   0: 3 0x800032f2 (0x8cd9) x9  0x00000000
core   0: 0x800032f4 (0x012210b3) sll     ra, tp, s2
core   0: 3 0x800032f4 (0x012210b3) x1  0xfd83d306
core   0: 0x800032f8 (0x0345d7b3) divu    a5, a1, s4
core   0: 3 0x800032f8 (0x0345d7b3) x15 0x00000005
core   0: 0x800032fc (0x00008c39) c.xor   s0, a4
core   0: 3 0x800032fc (0x8c39) x8  0x00000000
core   0: 0x800032fe (0x45f537b7) lui     a5, 0x45f53
core   0: 3 0x800032fe (0x45f537b7) x15 0x45f53000
core   0: 0x80003302 (0x00008ed1) c.or    a3, a2
core   0: 3 0x80003302 (0x8ed1) x13 0x6c840fcc
core   0: 0x80003304 (0x40c70433) sub     s0, a4, a2
core   0: 3 0x80003304 (0x40c70433) x8  0x937bf034
core   0: 0x80003308 (0x0000717d) c.addi16sp sp, -16
core   0: 3 0x80003308 (0x717d) x2  0x0000007f
core   0: 0x8000330a (0x02e073b3) remu    t2, zero, a4
core   0: 3 0x8000330a (0x02e073b3) x7  0x00000000
core   0: 0x8000330e (0x0f71c513) xori    a0, gp, 247
core   0: 3 0x8000330e (0x0f71c513) x10 0x000004f8
core   0: 0x80003312 (0x000086fa) c.mv    a3, t5
core   0: 3 0x80003312 (0x86fa) x13 0x00000000
core   0: 0x80003314 (0x00008fe9) c.and   a5, a0
core   0: 3 0x80003314 (0x8fe9) x15 0x00000000
core   0: 0x80003316 (0x0000857d) c.srai  a0, 31
core   0: 3 0x80003316 (0x857d) x10 0x00000000
core   0: 0x80003318 (0x01071413) slli    s0, a4, 16
core   0: 3 0x80003318 (0x01071413) x8  0x00000000
core   0: 0x8000331c (0x00c7c833) xor     a6, a5, a2
core   0: 3 0x8000331c (0x00c7c833) x16 0x6c840fcc
core   0: 0x80003320 (0x00006a2d) c.lui   s4, 0xb
core   0: 3 0x80003320 (0x6a2d) x20 0x0000b000
core   0: 0x80003322 (0x00000972) c.slli  s2, 28
core   0: 3 0x80003322 (0x0972) x18 0x00000000
core   0: 0x80003324 (0x00008ca9) c.xor   s1, a0
core   0: 3 0x80003324 (0x8ca9) x9  0x00000000
core   0: 0x80003326 (0x013da833) slt     a6, s11, s3
core   0: 3 0x80003326 (0x013da833) x16 0x00000000
core   0: 0x8000332a (0x0000147d) c.addi  s0, -1
core   0: 3 0x8000332a (0x147d) x8  0xffffffff
core   0: 0x8000332c (0x04d10063) beq     sp, a3, pc + 64
core   0: 3 0x8000332c (0x04d10063)
core   0: 0x80003330 (0x04f1e163) bltu    gp, a5, pc + 66
core   0: 3 0x80003330 (0x04f1e163)
core   0: 0x80003334 (0x02edf6b3) remu    a3, s11, a4
core   0: 3 0x80003334 (0x02edf6b3) x13 0x2901811c
core   0: 0x80003338 (0x00000b96) c.slli  s7, 5
core   0: 3 0x80003338 (0x0b96) x23 0x540049e0
core   0: 0x8000333a (0x000f97b3) sll     a5, t6, zero
core   0: 3 0x8000333a (0x000f97b3) x15 0x000000ff
core   0: 0x8000333e (0x00006131) c.addi16sp sp, 320
core   0: 3 0x8000333e (0x6131) x2  0x000001bf
core   0: 0x80003340 (0xb1b976b7) lui     a3, 0xb1b97
core   0: 3 0x80003340 (0xb1b976b7) x13 0xb1b97000
core   0: 0x80003344 (0x00008ee1) c.and   a3, s0
core   0: 3 0x80003344 (0x8ee1) x13 0xb1b97000
core   0: 0x80003346 (0x8892c513) xori    a0, t0, -1911
core   0: 3 0x80003346 (0x8892c513) x10 0x08e261e8
core   0: 0x8000334a (0x39c3b913) sltiu   s2, t2, 924
core   0: 3 0x8000334a (0x39c3b913) x18 0x00000001
core   0: 0x8000334e (0x4034d1b3) sra     gp, s1, gp
core   0: 3 0x8000334e (0x4034d1b3) x3  0x00000000
core   0: 0x80003352 (0x026cd3b3) divu    t2, s9, t1
core   0: 3 0x80003352 (0x026cd3b3) x7  0x00000000
core   0: 0x80003356 (0x01755863) bge     a0, s7, pc + 16
core   0: 3 0x80003356 (0x01755863)
core   0: 0x8000335a (0x00005e7d) c.li    t3, -1
core   0: 3 0x8000335a (0x5e7d) x28 0xffffffff
core   0: 0x8000335c (0x01071363) bne     a4, a6, pc + 6
core   0: 3 0x8000335c (0x01071363)
core   0: 0x80003360 (0x00008ed1) c.or    a3, a2
core   0: 3 0x80003360 (0x8ed1) x13 0xfdbd7fcc
core   0: 0x80003362 (0x0287d133) divu    sp, a5, s0
core   0: 3 0x80003362 (0x0287d133) x2  0x00000000
core   0: 0x80003366 (0x0161fb63) bgeu    gp, s6, pc + 22
core   0: 3 0x80003366 (0x0161fb63)
core   0: 0x8000337c (0x00008972) c.mv    s2, t3
core   0: 3 0x8000337c (0x8972) x18 0xffffffff
core   0: 0x8000337e (0x00000001) c.nop
core   0: 3 0x8000337e (0x0001)
core   0: 0x80003380 (0x00008e59) c.or    a2, a4
core   0: 3 0x80003380 (0x8e59) x12 0x6c840fcc
core   0: 0x80003382 (0x0000157d) c.addi  a0, -1
core   0: 3 0x80003382 (0x157d) x10 0x08e261e7
core   0: 0x80003384 (0x174e0493) addi    s1, t3, 372
core   0: 3 0x80003384 (0x174e0493) x9  0x00000173
core   0: 0x80003388 (0x01d60e33) add     t3, a2, t4
core   0: 3 0x80003388 (0x01d60e33) x28 0x6c85efcc
core   0: 0x8000338c (0x0000717d) c.addi16sp sp, -16
core   0: 3 0x8000338c (0x717d) x2  0xfffffff0
core   0: 0x8000338e (0x401c5533) sra     a0, s8, ra
core   0: 3 0x8000338e (0x401c5533) x10 0xfee36833
core   0: 0x80003392 (0x40785a13) srai    s4, a6, 7
core   0: 3 0x80003392 (0x40785a13) x20 0x00000000
core   0: 0x80003396 (0x01636263) bltu    t1, s6, pc + 4
core   0: 3 0x80003396 (0x01636263)
core   0: 0x8000339a (0x02926533) rem     a0, tp, s1
core   0: 3 0x8000339a (0x02926533) x10 0xffffff54
core   0: 0x8000339e (0x0000c819) c.beqz  s0, pc + 22
core   0: 3 0x8000339e (0xc819)
core   0: 0x800033a0 (0x00000b1d) c.addi  s6, 7
core   0: 3 0x800033a0 (0x0b1d) x22 0x00000007
core   0: 0x800033a2 (0x00006a95) c.lui   s5, 0x5
core   0: 3 0x800033a2 (0x6a95) x21 0x00005000
core   0: 0x800033a4 (0x0162dfb3) srl     t6, t0, s6
core   0: 3 0x800033a4 (0x0162dfb3) x31 0x01ee3b32
core   0: 0x800033a8 (0x01a40c33) add     s8, s0, s10
core   0: 3 0x800033a8 (0x01a40c33) x24 0xffffffff
core   0: 0x800033ac (0x014a01b3) add     gp, s4, s4
core   0: 3 0x800033ac (0x014a01b3) x3  0x00000000
core   0: 0x800033b0 (0x01d6f763) bgeu    a3, t4, pc + 14
core   0: 3 0x800033b0 (0x01d6f763)
core   0: 0x800033be (0x00008e61) c.and   a2, s0
core   0: 3 0x800033be (0x8e61) x12 0x6c840fcc
core   0: 0x800033c0 (0x00cf7ab3) and     s5, t5, a2
core   0: 3 0x800033c0 (0x00cf7ab3) x21 0x00000000
core   0: 0x800033c4 (0x000093c6) c.add   t2, a7
core   0: 3 0x800033c4 (0x93c6) x7  0x00000000
core   0: 0x800033c6 (0x0000052d) c.addi  a0, 11
core   0: 3 0x800033c6 (0x052d) x10 0xffffff5f
core   0: 0x800033c8 (0x41080fb3) sub     t6, a6, a6
core   0: 3 0x800033c8 (0x41080fb3) x31 0x00000000
core   0: 0x800033cc (0x03535463) bge     t1, s5, pc + 40
core   0: 3 0x800033cc (0x03535463)
core   0: 0x800033d0 (0x804c3797) auipc   a5, 0x804c3
core   0: 3 0x800033d0 (0x804c3797) x15 0x004c63d0
core   0: 0x800033d4 (0x4107da33) sra     s4, a5, a6
core   0: 3 0x800033d4 (0x4107da33) x20 0x004c63d0
core   0: 0x800033d8 (0x41265e33) sra     t3, a2, s2
core   0: 3 0x800033d8 (0x41265e33) x28 0x00000000
core   0: 0x800033dc (0x0000717d) c.addi16sp sp, -16
core   0: 3 0x800033dc (0x717d) x2  0xffffffe0
core   0: 0x800033de (0x01cf9eb3) sll     t4, t6, t3
core   0: 3 0x800033de (0x01cf9eb3) x29 0x00000000
core   0: 0x800033e2 (0x022a5fb3) divu    t6, s4, sp
core   0: 3 0x800033e2 (0x022a5fb3) x31 0x00000000
core   0: 0x800033e6 (0x540cf013) andi    zero, s9, 1344
core   0: 3 0x800033e6 (0x540cf013)
core   0: 0x800033ea (0x2649e993) ori     s3, s3, 612
core   0: 3 0x800033ea (0x2649e993) x19 0x89bf8b66
core   0: 0x800033ee (0x000087f9) c.srai  a5, 30
core   0: 3 0x800033ee (0x87f9) x15 0x00000000
core   0: 0x800033f0 (0x6d6a3493) sltiu   s1, s4, 1750
core   0: 3 0x800033f0 (0x6d6a3493) x9  0x00000000
core   0: 0x800033f4 (0x03d27e33) remu    t3, tp, t4
core   0: 3 0x800033f4 (0x03d27e33) x28 0xfd83d306
core   0: 0x800033f8 (0x00009afd) c.andi  a3, -1
core   0: 3 0x800033f8 (0x9afd) x13 0xfdbd7fcc
core   0: 0x800033fa (0x0000c10d) c.beqz  a0, pc + 34
core   0: 3 0x800033fa (0xc10d)
core   0: 0x800033fc (0x033d5663) bge     s10, s3, pc + 44
core   0: 3 0x800033fc (0x033d5663)
core   0: 0x80003428 (0x0000cf89) c.beqz  a5, pc + 26
core   0: 3 0x80003428 (0xcf89)
core   0: 0x80003442 (0x0000e111) c.bnez  a0, pc + 4
core   0: 3 0x80003442 (0xe111)
core   0: 0x80003446 (0x00008d25) c.xor   a0, s1
core   0: 3 0x80003446 (0x8d25) x10 0xffffff5f
core   0: 0x80003448 (0x0000cc05) c.beqz  s0, pc + 56
core   0: 3 0x80003448 (0xcc05)
core   0: 0x8000344a (0xd0112193) slti    gp, sp, -767
core   0: 3 0x8000344a (0xd0112193) x3  0x00000000
core   0: 0x8000344e (0xcd8fb893) sltiu   a7, t6, -808
core   0: 3 0x8000344e (0xcd8fb893) x17 0x00000001
core   0: 0x80003452 (0x00008cd5) c.or    s1, a3
core   0: 3 0x80003452 (0x8cd5) x9  0xfdbd7fcc
core   0: 0x80003454 (0x00000969) c.addi  s2, 26
core   0: 3 0x80003454 (0x0969) x18 0x00000019
core   0: 0x80003456 (0x0000717d) c.addi16sp sp, -16
core   0: 3 0x80003456 (0x717d) x2  0xffffffd0
core   0: 0x80003458 (0x40b784b3) sub     s1, a5, a1
core   0: 3 0x80003458 (0x40b784b3) x9  0x7ffd631c
core   0: 0x8000345c (0x03167463) bgeu    a2, a7, pc + 40
core   0: 3 0x8000345c (0x03167463)
core   0: 0x80003484 (0x02ec5363) bge     s8, a4, pc + 38
core   0: 3 0x80003484 (0x02ec5363)
core   0: 0x80003488 (0x4138d3b3) sra     t2, a7, s3
core   0: 3 0x80003488 (0x4138d3b3) x7  0x00000000
core   0: 0x8000348c (0x00000001) c.nop
core   0: 3 0x8000348c (0x0001)
core   0: 0x8000348e (0x000080ad) c.srli  s1, 11
core   0: 3 0x8000348e (0x80ad) x9  0x000fffac
core   0: 0x80003490 (0x027d24b3) mulhsu  s1, s10, t2
core   0: 3 0x80003490 (0x027d24b3) x9  0x00000000
core   0: 0x80003494 (0x41de89b3) sub     s3, t4, t4
core   0: 3 0x80003494 (0x41de89b3) x19 0x00000000
core   0: 0x80003498 (0x00000dda) c.slli  s11, 22
core   0: 3 0x80003498 (0x0dda) x27 0x47000000
core   0: 0x8000349a (0x03897d63) bgeu    s2, s8, pc + 58
core   0: 3 0x8000349a (0x03897d63)
core   0: 0x8000349e (0x99a55437) lui     s0, 0x99a55
core   0: 3 0x8000349e (0x99a55437) x8  0x99a55000
core   0: 0x800034a2 (0x00009522) c.add   a0, s0
core   0: 3 0x800034a2 (0x9522) x10 0x99a54f5f
core   0: 0x800034a4 (0x000087a1) c.srai  a5, 8
core   0: 3 0x800034a4 (0x87a1) x15 0x00000000
core   0: 0x800034a6 (0x03556763) bltu    a0, s5, pc + 46
core   0: 3 0x800034a6 (0x03556763)
core   0: 0x800034aa (0x03237db3) remu    s11, t1, s2
core   0: 3 0x800034aa (0x03237db3) x27 0x00000009
core   0: 0x800034ae (0x03be4633) div     a2, t3, s11
core   0: 3 0x800034ae (0x03be4633) x12 0xffb95056
core   0: 0x800034b2 (0x025f1ab3) mulh    s5, t5, t0
core   0: 3 0x800034b2 (0x025f1ab3) x21 0x00000000
core   0: 0x800034b6 (0x02ee7c33) remu    s8, t3, a4
core   0: 3 0x800034b6 (0x02ee7c33) x24 0xfd83d306
core   0: 0x800034ba (0x00a9a0b3) slt     ra, s3, a0
core   0: 3 0x800034ba (0x00a9a0b3) x1  0x00000000
core   0: 0x800034be (0x00008c4d) c.or    s0, a1
core   0: 3 0x800034be (0x8c4d) x8  0x99a7dce4
core   0: 0x800034c0 (0x00006de5) c.lui   s11, 0x19
core   0: 3 0x800034c0 (0x6de5) x27 0x00019000
core   0: 0x800034c2 (0x01879533) sll     a0, a5, s8
core   0: 3 0x800034c2 (0x01879533) x10 0x00000000
core   0: 0x800034c6 (0x02b8d933) divu    s2, a7, a1
core   0: 3 0x800034c6 (0x02b8d933) x18 0x00000000
core   0: 0x800034ca (0x73486813) ori     a6, a6, 1844
core   0: 3 0x800034ca (0x73486813) x16 0x00000734
core   0: 0x800034ce (0x00008151) c.srli  a0, 20
core   0: 3 0x800034ce (0x8151) x10 0x00000000
core   0: 0x800034d0 (0x40bf53b3) sra     t2, t5, a1
core   0: 3 0x800034d0 (0x40bf53b3) x7  0x00000000
core   0: 0x800034d4 (0x01efdc63) bge     t6, t5, pc + 24
core   0: 3 0x800034d4 (0x01efdc63)
core   0: 0x800034ec (0x00000001) c.nop
core   0: 3 0x800034ec (0x0001)
core   0: 0x800034ee (0x00008c81) c.sub   s1, s0
core   0: 3 0x800034ee (0x8c81) x9  0x6658231c
core   0: 0x800034f0 (0x0000867d) c.srai  a2, 31
core   0: 3 0x800034f0 (0x867d) x12 0xffffffff
core   0: 0x800034f2 (0x013ed213) srli    tp, t4, 19
core   0: 3 0x800034f2 (0x013ed213) x4  0x00000000
core   0: 0x800034f6 (0x029ee733) rem     a4, t4, s1
core   0: 3 0x800034f6 (0x029ee733) x14 0x00000000
core   0: 0x800034fa (0x02165fb3) divu    t6, a2, ra
core   0: 3 0x800034fa (0x02165fb3) x31 0xffffffff
core   0: 0x800034fe (0xfff46513) ori     a0, s0, -1
core   0: 3 0x800034fe (0xfff46513) x10 0xffffffff
core   0: 0x80003502 (0x03991f33) mulh    t5, s2, s9
core   0: 3 0x80003502 (0x03991f33) x30 0x00000000
core   0: 0x80003506 (0x03f07ab3) remu    s5, zero, t6
core   0: 3 0x80003506 (0x03f07ab3) x21 0x00000000
core   0: 0x8000350a (0x00000001) c.nop
core   0: 3 0x8000350a (0x0001)
core   0: 0x8000350c (0x000082c5) c.srli  a3, 17
core   0: 3 0x8000350c (0x82c5) x13 0x00007ede
core   0: 0x8000350e (0x02e47ab3) remu    s5, s0, a4
core   0: 3 0x8000350e (0x02e47ab3) x21 0x99a7dce4
core   0: 0x80003512 (0x73eccd93) xori    s11, s9, 1854
core   0: 3 0x80003512 (0x73eccd93) x27 0x00000731
core   0: 0x80003516 (0x00a3c0b3) xor     ra, t2, a0
core   0: 3 0x80003516 (0x00a3c0b3) x1  0xffffffff
core   0: 0x8000351a (0x02dbe933) rem     s2, s7, a3
core   0: 3 0x8000351a (0x02dbe933) x18 0x00004ce0
core   0: 0x8000351e (0x000086c2) c.mv    a3, a6
core   0: 3 0x8000351e (0x86c2) x13 0x00000734
core   0: 0x80003520 (0x019e14b3) sll     s1, t3, s9
core   0: 3 0x80003520 (0x019e14b3) x9  0xe9830000
core   0: 0x80003524 (0x00008c09) c.sub   s0, a0
core   0: 3 0x80003524 (0x8c09) x8  0x99a7dce5
core   0: 0x80003526 (0x0398f133) remu    sp, a7, s9
core   0: 3 0x80003526 (0x0398f133) x2  0x00000001
core   0: 0x8000352a (0xbdb6f913) andi    s2, a3, -1061
core   0: 3 0x8000352a (0xbdb6f913) x18 0x00000310
core   0: 0x8000352e (0x00000805) c.addi  a6, 1
core   0: 3 0x8000352e (0x0805) x16 0x00000735
core   0: 0x80003530 (0x4055d493) srai    s1, a1, 5
core   0: 3 0x80003530 (0x4055d493) x9  0xfc0014e7
core   0: 0x80003534 (0x02ae20b3) mulhsu  ra, t3, a0
core   0: 3 0x80003534 (0x02ae20b3) x1  0xfd83d306
core   0: 0x80003538 (0x02e69b33) mulh    s6, a3, a4
core   0: 3 0x80003538 (0x02e69b33) x22 0x00000000
core   0: 0x8000353c (0x00008f25) c.xor   a4, s1
core   0: 3 0x8000353c (0x8f25) x14 0xfc0014e7
core   0: 0x8000353e (0x2ef87713) andi    a4, a6, 751
core   0: 3 0x8000353e (0x2ef87713) x14 0x00000225
core   0: 0x80003542 (0x00008cdd) c.or    s1, a5
core   0: 3 0x80003542 (0x8cdd) x9  0xfc0014e7
core   0: 0x80003544 (0x02efef33) rem     t5, t6, a4
core   0: 3 0x80003544 (0x02efef33) x30 0xffffffff
core   0: 0x80003548 (0x010dd513) srli    a0, s11, 16
core   0: 3 0x80003548 (0x010dd513) x10 0x00000000
core   0: 0x8000354c (0x00000001) c.nop
core   0: 3 0x8000354c (0x0001)
core   0: 0x8000354e (0x40115013) srai    zero, sp, 1
core   0: 3 0x8000354e (0x40115013)
core   0: 0x80003552 (0x000729b3) slt     s3, a4, zero
core   0: 3 0x80003552 (0x000729b3) x19 0x00000000
core   0: 0x80003556 (0x01cc76b3) and     a3, s8, t3
core   0: 3 0x80003556 (0x01cc76b3) x13 0xfd83d306
core   0: 0x8000355a (0x0000e709) c.bnez  a4, pc + 10
core   0: 3 0x8000355a (0xe709)
core   0: 0x80003564 (0x022a0d63) beq     s4, sp, pc + 58
core   0: 3 0x80003564 (0x022a0d63)
core   0: 0x80003568 (0x0290ddb3) divu    s11, ra, s1
core   0: 3 0x80003568 (0x0290ddb3) x27 0x00000001
core   0: 0x8000356c (0xf38b0b93) addi    s7, s6, -200
core   0: 3 0x8000356c (0xf38b0b93) x23 0xffffff38
core   0: 0x80003570 (0x00e2cb33) xor     s6, t0, a4
core   0: 3 0x80003570 (0x00e2cb33) x22 0xf71d9b44
core   0: 0x80003574 (0x00efda33) srl     s4, t6, a4
core   0: 3 0x80003574 (0x00efda33) x20 0x07ffffff
core   0: 0x80003578 (0x00000c31) c.addi  s8, 12
core   0: 3 0x80003578 (0x0c31) x24 0xfd83d312
core   0: 0x8000357a (0x009daeb3) slt     t4, s11, s1
core   0: 3 0x8000357a (0x009daeb3) x29 0x00000000
core   0: 0x8000357e (0x00028eb3) add     t4, t0, zero
core   0: 3 0x8000357e (0x00028eb3) x29 0xf71d9961
core   0: 0x80003582 (0x0287f3b3) remu    t2, a5, s0
core   0: 3 0x80003582 (0x0287f3b3) x7  0x00000000
core   0: 0x80003586 (0x00008b05) c.andi  a4, 1
core   0: 3 0x80003586 (0x8b05) x14 0x00000001
core   0: 0x80003588 (0x03e62033) mulhsu  zero, a2, t5
core   0: 3 0x80003588 (0x03e62033)
core   0: 0x8000358c (0x000042f9) c.li    t0, 30
core   0: 3 0x8000358c (0x42f9) x5  0x0000001e
core   0: 0x8000358e (0x020d1e33) mulh    t3, s10, zero
core   0: 3 0x8000358e (0x020d1e33) x28 0x00000000
core   0: 0x80003592 (0x01557fb3) and     t6, a0, s5
core   0: 3 0x80003592 (0x01557fb3) x31 0x00000000
core   0: 0x80003596 (0x02d769b3) rem     s3, a4, a3
core   0: 3 0x80003596 (0x02d769b3) x19 0x00000001
core   0: 0x8000359a (0x020d2a33) mulhsu  s4, s10, zero
core   0: 3 0x8000359a (0x020d2a33) x20 0x00000000
core   0: 0x8000359e (0x00008772) c.mv    a4, t3
core   0: 3 0x8000359e (0x8772) x14 0x00000000
core   0: 0x800035a0 (0x0000c109) c.beqz  a0, pc + 2
core   0: 3 0x800035a0 (0xc109)
core   0: 0x800035a2 (0xc5417413) andi    s0, sp, -940
core   0: 3 0x800035a2 (0xc5417413) x8  0x00000000
core   0: 0x800035a6 (0x00008ccd) c.or    s1, a1
core   0: 3 0x800035a6 (0x8ccd) x9  0xfc029ce7
core   0: 0x800035a8 (0x02585f63) bge     a6, t0, pc + 62
core   0: 3 0x800035a8 (0x02585f63)
core   0: 0x800035e6 (0x0000c891) c.beqz  s1, pc + 20
core   0: 3 0x800035e6 (0xc891)
core   0: 0x800035e8 (0x0000c709) c.beqz  a4, pc + 10
core   0: 3 0x800035e8 (0xc709)
core   0: 0x800035f2 (0x02fed063) bge     t4, a5, pc + 32
core   0: 3 0x800035f2 (0x02fed063)
core   0: 0x800035f6 (0x028726b3) mulhsu  a3, a4, s0
core   0: 3 0x800035f6 (0x028726b3) x13 0x00000000
core   0: 0x800035fa (0x015d5263) bge     s10, s5, pc + 4
core   0: 3 0x800035fa (0x015d5263)
core   0: 0x800035fe (0xaba72513) slti    a0, a4, -1350
core   0: 3 0x800035fe (0xaba72513) x10 0x00000000
core   0: 0x80003602 (0x00730e33) add     t3, t1, t2
core   0: 3 0x80003602 (0x00730e33) x28 0x80025e64
core   0: 0x80003606 (0x0113de93) srli    t4, t2, 17
core   0: 3 0x80003606 (0x0113de93) x29 0x00000000
core   0: 0x8000360a (0x00008735) c.srai  a4, 13
core   0: 3 0x8000360a (0x8735) x14 0x00000000
core   0: 0x8000360c (0x0371b3b3) mulhu   t2, gp, s7
core   0: 3 0x8000360c (0x0371b3b3) x7  0x00000000
core   0: 0x80003610 (0x00008ee9) c.and   a3, a0
core   0: 3 0x80003610 (0x8ee9) x13 0x00000000
core   0: 0x80003612 (0x0199a2b3) slt     t0, s3, s9
core   0: 3 0x80003612 (0x0199a2b3) x5  0x00000001
core   0: 0x80003616 (0x02d79133) mulh    sp, a5, a3
core   0: 3 0x80003616 (0x02d79133) x2  0x00000000
core   0: 0x8000361a (0x01335f13) srli    t5, t1, 19
core   0: 3 0x8000361a (0x01335f13) x30 0x00001000
core   0: 0x8000361e (0x03fe3d33) mulhu   s10, t3, t6
core   0: 3 0x8000361e (0x03fe3d33) x26 0x00000000
core   0: 0x80003622 (0x03f88233) mul     tp, a7, t6
core   0: 3 0x80003622 (0x03f88233) x4  0x00000000
core   0: 0x80003626 (0x91736913) ori     s2, t1, -1769
core   0: 3 0x80003626 (0x91736913) x18 0xffffff77
core   0: 0x8000362a (0x00e47e63) bgeu    s0, a4, pc + 28
core   0: 3 0x8000362a (0x00e47e63)
core   0: 0x80003646 (0x0194de63) bge     s1, s9, pc + 28
core   0: 3 0x80003646 (0x0194de63)
core   0: 0x8000364a (0x0000c795) c.beqz  a5, pc + 44
core   0: 3 0x8000364a (0xc795)
core   0: 0x80003676 (0x409adf13) srai    t5, s5, 9
core   0: 3 0x80003676 (0x409adf13) x30 0xffccd3ee
core   0: 0x8000367a (0x035564b3) rem     s1, a0, s5
core   0: 3 0x8000367a (0x035564b3) x9  0x00000000
core   0: 0x8000367e (0x00000d31) c.addi  s10, 12
core   0: 3 0x8000367e (0x0d31) x26 0x0000000c
core   0: 0x80003680 (0x03da8a33) mul     s4, s5, t4
core   0: 3 0x80003680 (0x03da8a33) x20 0x00000000
core   0: 0x80003684 (0x0099d913) srli    s2, s3, 9
core   0: 3 0x80003684 (0x0099d913) x18 0x00000000
core   0: 0x80003688 (0x0049e963) bltu    s3, tp, pc + 18
core   0: 3 0x80003688 (0x0049e963)
core   0: 0x8000368c (0xd7feb213) sltiu   tp, t4, -641
core   0: 3 0x8000368c (0xd7feb213) x4  0x00000001
core   0: 0x80003690 (0x41eaddb3) sra     s11, s5, t5
core   0: 3 0x80003690 (0x41eaddb3) x27 0xfffe669f
core   0: 0x80003694 (0x0263dfb3) divu    t6, t2, t1
core   0: 3 0x80003694 (0x0263dfb3) x31 0x00000000
core   0: 0x80003698 (0x0000527d) c.li    tp, -1
core   0: 3 0x80003698 (0x527d) x4  0xffffffff
core   0: 0x8000369a (0x41088133) sub     sp, a7, a6
core   0: 3 0x8000369a (0x41088133) x2  0xfffff8cc
core   0: 0x8000369e (0x038f0c33) mul     s8, t5, s8
core   0: 3 0x8000369e (0x038f0c33) x24 0x77de10bc
core   0: 0x800036a2 (0x012464b3) or      s1, s0, s2
core   0: 3 0x800036a2 (0x012464b3) x9  0x00000000
core   0: 0x800036a6 (0x0239c4b3) div     s1, s3, gp
core   0: 3 0x800036a6 (0x0239c4b3) x9  0xffffffff
core   0: 0x800036aa (0x01d0f733) and     a4, ra, t4
core   0: 3 0x800036aa (0x01d0f733) x14 0x00000000
core   0: 0x800036ae (0x0037d3b3) srl     t2, a5, gp
core   0: 3 0x800036ae (0x0037d3b3) x7  0x00000000
core   0: 0x800036b2 (0x006ed833) srl     a6, t4, t1
core   0: 3 0x800036b2 (0x006ed833) x16 0x00000000
core   0: 0x800036b6 (0x000080cd) c.srli  s1, 19
core   0: 3 0x800036b6 (0x80cd) x9  0x00001fff
core   0: 0x800036b8 (0x0229b8b3) mulhu   a7, s3, sp
core   0: 3 0x800036b8 (0x0229b8b3) x17 0x00000000
core   0: 0x800036bc (0x00008c2d) c.xor   s0, a1
core   0: 3 0x800036bc (0x8c2d) x8  0x80029ce4
core   0: 0x800036be (0x00008f8d) c.sub   a5, a1
core   0: 3 0x800036be (0x8f8d) x15 0x7ffd631c
core   0: 0x800036c0 (0x03a2e9b3) rem     s3, t0, s10
core   0: 3 0x800036c0 (0x03a2e9b3) x19 0x00000001
core   0: 0x800036c4 (0x00000fca) c.slli  t6, 18
core   0: 3 0x800036c4 (0x0fca) x31 0x00000000
core   0: 0x800036c6 (0x01f7e8b3) or      a7, a5, t6
core   0: 3 0x800036c6 (0x01f7e8b3) x17 0x7ffd631c
core   0: 0x800036ca (0x034c3933) mulhu   s2, s8, s4
core   0: 3 0x800036ca (0x034c3933) x18 0x00000000
core   0: 0x800036ce (0x00b7adb3) slt     s11, a5, a1
core   0: 3 0x800036ce (0x00b7adb3) x27 0x00000000
core   0: 0x800036d2 (0x03598233) mul     tp, s3, s5
core   0: 3 0x800036d2 (0x03598233) x4  0x99a7dce4
core   0: 0x800036d6 (0x00b7e533) or      a0, a5, a1
core   0: 3 0x800036d6 (0x00b7e533) x10 0xfffffffc
core   0: 0x800036da (0x02d48d33) mul     s10, s1, a3
core   0: 3 0x800036da (0x02d48d33) x26 0x00000000
core   0: 0x800036de (0x0135ab33) slt     s6, a1, s3
core   0: 3 0x800036de (0x0135ab33) x22 0x00000001
core   0: 0x800036e2 (0xd619d037) lui     zero, 0xd619d
core   0: 3 0x800036e2 (0xd619d037)
core   0: 0x800036e6 (0x00000001) c.nop
core   0: 3 0x800036e6 (0x0001)
core   0: 0x800036e8 (0x0050ed63) bltu    ra, t0, pc + 26
core   0: 3 0x800036e8 (0x0050ed63)
core   0: 0x800036ec (0x578a0d93) addi    s11, s4, 1400
core   0: 3 0x800036ec (0x578a0d93) x27 0x00000578
core   0: 0x800036f0 (0x0000808e) c.mv    ra, gp
core   0: 3 0x800036f0 (0x808e) x1  0x00000000
core   0: 0x800036f2 (0x00008a39) c.andi  a2, 14
core   0: 3 0x800036f2 (0x8a39) x12 0x0000000e
core   0: 0x800036f4 (0x00008e21) c.xor   a2, s0
core   0: 3 0x800036f4 (0x8e21) x12 0x80029cea
core   0: 0x800036f6 (0x00006751) c.lui   a4, 0x14
core   0: 3 0x800036f6 (0x6751) x14 0x00014000
core   0: 0x800036f8 (0x000008de) c.slli  a7, 23
core   0: 3 0x800036f8 (0x08de) x17 0x8e000000
core   0: 0x800036fa (0x00008839) c.andi  s0, 14
core   0: 3 0x800036fa (0x8839) x8  0x00000004
core   0: 0x800036fc (0x00001090) c.addi4spn a2, sp, 96
core   0: 3 0x800036fc (0x1090) x12 0xfffff92c
core   0: 0x800036fe (0x02f91363) bne     s2, a5, pc + 38
core   0: 3 0x800036fe (0x02f91363)
core   0: 0x80003724 (0x00008385) c.srli  a5, 1
core   0: 3 0x80003724 (0x8385) x15 0x3ffeb18e
core   0: 0x80003726 (0x00000001) c.nop
core   0: 3 0x80003726 (0x0001)
core   0: 0x80003728 (0x40eedf33) sra     t5, t4, a4
core   0: 3 0x80003728 (0x40eedf33) x30 0x00000000
core   0: 0x8000372c (0x00000001) c.nop
core   0: 3 0x8000372c (0x0001)
core   0: 0x8000372e (0x00000001) c.nop
core   0: 3 0x8000372e (0x0001)
core   0: 0x80003730 (0x0000893d) c.andi  a0, 15
core   0: 3 0x80003730 (0x893d) x10 0x0000000c
core   0: 0x80003732 (0x02a0c4b3) div     s1, ra, a0
core   0: 3 0x80003732 (0x02a0c4b3) x9  0x00000000
core   0: 0x80003736 (0x00005e7d) c.li    t3, -1
core   0: 3 0x80003736 (0x5e7d) x28 0xffffffff
core   0: 0x80003738 (0x0000ee09) c.bnez  a2, pc + 26
core   0: 3 0x80003738 (0xee09)
core   0: 0x80003752 (0x3bffc917) auipc   s2, 0x3bffc
core   0: 3 0x80003752 (0x3bffc917) x18 0xbbfff752
core   0: 0x80003756 (0x02dd9133) mulh    sp, s11, a3
core   0: 3 0x80003756 (0x02dd9133) x2  0x00000000
core   0: 0x8000375a (0x413f5fb3) sra     t6, t5, s3
core   0: 3 0x8000375a (0x413f5fb3) x31 0x00000000
core   0: 0x8000375e (0x00005dfd) c.li    s11, -1
core   0: 3 0x8000375e (0x5dfd) x27 0xffffffff
core   0: 0x80003760 (0x025be1b3) rem     gp, s7, t0
core   0: 3 0x80003760 (0x025be1b3) x3  0x00000000
core   0: 0x80003764 (0x40245e33) sra     t3, s0, sp
core   0: 3 0x80003764 (0x40245e33) x28 0x00000004
core   0: 0x80003768 (0x038a9eb3) mulh    t4, s5, s8
core   0: 3 0x80003768 (0x038a9eb3) x29 0xd014408e
core   0: 0x8000376c (0x9a150093) addi    ra, a0, -1631
core   0: 3 0x8000376c (0x9a150093) x1  0xfffff9ad
core   0: 0x80003770 (0x000004de) c.slli  s1, 23
core   0: 3 0x80003770 (0x04de) x9  0x00000000
core   0: 0x80003772 (0x40bad213) srai    tp, s5, 11
core   0: 3 0x80003772 (0x40bad213) x4  0xfff334fb
core   0: 0x80003776 (0x018e9113) slli    sp, t4, 24
core   0: 3 0x80003776 (0x018e9113) x2  0x8e000000
core   0: 0x8000377a (0x00ddf363) bgeu    s11, a3, pc + 6
core   0: 3 0x8000377a (0x00ddf363)
core   0: 0x80003780 (0x01c183b3) add     t2, gp, t3
core   0: 3 0x80003780 (0x01c183b3) x7  0x00000004
core   0: 0x80003784 (0x00008265) c.srli  a2, 25
core   0: 3 0x80003784 (0x8265) x12 0x0000007f
core   0: 0x80003786 (0x03e95e33) divu    t3, s2, t5
core   0: 3 0x80003786 (0x03e95e33) x28 0xffffffff
core   0: 0x8000378a (0x0598f563) bgeu    a7, s9, pc + 74
core   0: 3 0x8000378a (0x0598f563)
core   0: 0x800037d4 (0x0264b9b3) mulhu   s3, s1, t1
core   0: 3 0x800037d4 (0x0264b9b3) x19 0x00000000
core   0: 0x800037d8 (0x00008399) c.srli  a5, 6
core   0: 3 0x800037d8 (0x8399) x15 0x00fffac6
core   0: 0x800037da (0x013d5f33) srl     t5, s10, s3
core   0: 3 0x800037da (0x013d5f33) x30 0x00000000
core   0: 0x800037de (0x0384fc33) remu    s8, s1, s8
core   0: 3 0x800037de (0x0384fc33) x24 0x00000000
core   0: 0x800037e2 (0x021a2433) mulhsu  s0, s4, ra
core   0: 3 0x800037e2 (0x021a2433) x8  0x00000000
core   0: 0x800037e6 (0x007bc263) blt     s7, t2, pc + 4
core   0: 3 0x800037e6 (0x007bc263)
core   0: 0x800037ea (0x028607b3) mul     a5, a2, s0
core   0: 3 0x800037ea (0x028607b3) x15 0x00000000
core   0: 0x800037ee (0x0000495d) c.li    s2, 23
core   0: 3 0x800037ee (0x495d) x18 0x00000017
core   0: 0x800037f0 (0x00000001) c.nop
core   0: 3 0x800037f0 (0x0001)
core   0: 0x800037f2 (0x00817633) and     a2, sp, s0
core   0: 3 0x800037f2 (0x00817633) x12 0x00000000
core   0: 0x800037f6 (0x00191bb3) sll     s7, s2, ra
core   0: 3 0x800037f6 (0x00191bb3) x23 0x0002e000
core   0: 0x800037fa (0x02574133) div     sp, a4, t0
core   0: 3 0x800037fa (0x02574133) x2  0x00014000
core   0: 0x800037fe (0x00000001) c.nop
core   0: 3 0x800037fe (0x0001)
core   0: 0x80003800 (0x000061e5) c.lui   gp, 0x19
core   0: 3 0x80003800 (0x61e5) x3  0x00019000
core   0: 0x80003802 (0x03d6dab3) divu    s5, a3, t4
core   0: 3 0x80003802 (0x03d6dab3) x21 0x00000000
core   0: 0x80003806 (0x0000717d) c.addi16sp sp, -16
core   0: 3 0x80003806 (0x717d) x2  0x00013ff0
core   0: 0x80003808 (0x40775e33) sra     t3, a4, t2
core   0: 3 0x80003808 (0x40775e33) x28 0x00001400
core   0: 0x8000380c (0x000082e2) c.mv    t0, s8
core   0: 3 0x8000380c (0x82e2) x5  0x00000000
core   0: 0x8000380e (0x00008d86) c.mv    s11, ra
core   0: 3 0x8000380e (0x8d86) x27 0xfffff9ad
core   0: 0x80003810 (0x02ad5db3) divu    s11, s10, a0
core   0: 3 0x80003810 (0x02ad5db3) x27 0x00000000
core   0: 0x80003814 (0x03c88f63) beq     a7, t3, pc + 62
core   0: 3 0x80003814 (0x03c88f63)
core   0: 0x80003818 (0x000097ea) c.add   a5, s10
core   0: 3 0x80003818 (0x97ea) x15 0x00000000
core   0: 0x8000381a (0x01d40833) add     a6, s0, t4
core   0: 3 0x8000381a (0x01d40833) x16 0xd014408e
core   0: 0x8000381e (0x00429813) slli    a6, t0, 4
core   0: 3 0x8000381e (0x00429813) x16 0x00000000
core   0: 0x80003822 (0x405bd193) srai    gp, s7, 5
core   0: 3 0x80003822 (0x405bd193) x3  0x00001700
core   0: 0x80003826 (0x00008cbd) c.xor   s1, a5
core   0: 3 0x80003826 (0x8cbd) x9  0x00000000
core   0: 0x80003828 (0x00006a49) c.lui   s4, 0x12
core   0: 3 0x80003828 (0x6a49) x20 0x00012000
core   0: 0x8000382a (0x0279d2b3) divu    t0, s3, t2
core   0: 3 0x8000382a (0x0279d2b3) x5  0x00000000
core   0: 0x8000382e (0x79bc7893) andi    a7, s8, 1947
core   0: 3 0x8000382e (0x79bc7893) x17 0x00000000
core   0: 0x80003832 (0x00000001) c.nop
core   0: 3 0x80003832 (0x0001)
core   0: 0x80003834 (0x01928863) beq     t0, s9, pc + 16
core   0: 3 0x80003834 (0x01928863)
core   0: 0x80003838 (0xdaf06d93) ori     s11, zero, -593
core   0: 3 0x80003838 (0xdaf06d93) x27 0xfffffdaf
core   0: 0x8000383c (0x030f9a63) bne     t6, a6, pc + 52
core   0: 3 0x8000383c (0x030f9a63)
core   0: 0x80003840 (0x033dc9b3) div     s3, s11, s3
core   0: 3 0x80003840 (0x033dc9b3) x19 0xffffffff
core   0: 0x80003844 (0x0000c695) c.beqz  a3, pc + 44
core   0: 3 0x80003844 (0xc695)
core   0: 0x80003870 (0x03ba73b3) remu    t2, s4, s11
core   0: 3 0x80003870 (0x03ba73b3) x7  0x00012000
core   0: 0x80003874 (0x2b07bd93) sltiu   s11, a5, 688
core   0: 3 0x80003874 (0x2b07bd93) x27 0x00000001
core   0: 0x80003878 (0x01f99a93) slli    s5, s3, 31
core   0: 3 0x80003878 (0x01f99a93) x21 0x80000000
core   0: 0x8000387c (0x017033b3) snez    t2, s7
core   0: 3 0x8000387c (0x017033b3) x7  0x00000001
core   0: 0x80003880 (0x01e82133) slt     sp, a6, t5
core   0: 3 0x80003880 (0x01e82133) x2  0x00000000
core   0: 0x80003884 (0x0124f863) bgeu    s1, s2, pc + 16
core   0: 3 0x80003884 (0x0124f863)
core   0: 0x80003888 (0x000087fa) c.mv    a5, t5
core   0: 3 0x80003888 (0x87fa) x15 0x00000000
core   0: 0x8000388a (0x000007be) c.slli  a5, 15
core   0: 3 0x8000388a (0x07be) x15 0x00000000
core   0: 0x8000388c (0x01f5cab3) xor     s5, a1, t6
core   0: 3 0x8000388c (0x01f5cab3) x21 0x80029ce4
core   0: 0x80003890 (0x03fc5063) bge     s8, t6, pc + 32
core   0: 3 0x80003890 (0x03fc5063)
core   0: 0x800038b0 (0x00008c59) c.or    s0, a4
core   0: 3 0x800038b0 (0x8c59) x8  0x00014000
core   0: 0x800038b2 (0x01462c33) slt     s8, a2, s4
core   0: 3 0x800038b2 (0x01462c33) x24 0x00000001
core   0: 0x800038b6 (0x00909e93) slli    t4, ra, 9
core   0: 3 0x800038b6 (0x00909e93) x29 0xfff35a00
core   0: 0x800038ba (0x034786b3) mul     a3, a5, s4
core   0: 3 0x800038ba (0x034786b3) x13 0x00000000
core   0: 0x800038be (0x0123ed63) bltu    t2, s2, pc + 26
core   0: 3 0x800038be (0x0123ed63)
core   0: 0x800038d8 (0x01b3f9b3) and     s3, t2, s11
core   0: 3 0x800038d8 (0x01b3f9b3) x19 0x00000001
core   0: 0x800038dc (0x40288db3) sub     s11, a7, sp
core   0: 3 0x800038dc (0x40288db3) x27 0x00000000
core   0: 0x800038e0 (0x41bf5e93) srai    t4, t5, 27
core   0: 3 0x800038e0 (0x41bf5e93) x29 0x00000000
core   0: 0x800038e4 (0x0110c0b3) xor     ra, ra, a7
core   0: 3 0x800038e4 (0x0110c0b3) x1  0xfffff9ad
core   0: 0x800038e8 (0x000087f9) c.srai  a5, 30
core   0: 3 0x800038e8 (0x87f9) x15 0x00000000
core   0: 0x800038ea (0x03c20363) beq     tp, t3, pc + 38
core   0: 3 0x800038ea (0x03c20363)
core   0: 0x800038ee (0x02fd62b3) rem     t0, s10, a5
core   0: 3 0x800038ee (0x02fd62b3) x5  0x00000000
core   0: 0x800038f2 (0x463a3217) auipc   tp, 0x463a3
core   0: 3 0x800038f2 (0x463a3217) x4  0xc63a68f2
core   0: 0x800038f6 (0x0000872d) c.srai  a4, 11
core   0: 3 0x800038f6 (0x872d) x14 0x00000028
core   0: 0x800038f8 (0x0196c863) blt     a3, s9, pc + 16
core   0: 3 0x800038f8 (0x0196c863)
core   0: 0x80003908 (0x00368813) addi    a6, a3, 3
core   0: 3 0x80003908 (0x00368813) x16 0x00000003
core   0: 0x8000390c (0x033ebd33) mulhu   s10, t4, s3
core   0: 3 0x8000390c (0x033ebd33) x26 0x00000000
core   0: 0x80003910 (0x03cd5163) bge     s10, t3, pc + 34
core   0: 3 0x80003910 (0x03cd5163)
core   0: 0x80003914 (0x40255f93) srai    t6, a0, 2
core   0: 3 0x80003914 (0x40255f93) x31 0x00000003
core   0: 0x80003918 (0x0364d733) divu    a4, s1, s6
core   0: 3 0x80003918 (0x0364d733) x14 0x00000000
core   0: 0x8000391c (0x000083e1) c.srli  a5, 24
core   0: 3 0x8000391c (0x83e1) x15 0x00000000
core   0: 0x8000391e (0x02e38533) mul     a0, t2, a4
core   0: 3 0x8000391e (0x02e38533) x10 0x00000000
core   0: 0x80003922 (0x00006165) c.addi16sp sp, 112
core   0: 3 0x80003922 (0x6165) x2  0x00000070
core   0: 0x80003924 (0x00000001) c.nop
core   0: 3 0x80003924 (0x0001)
core   0: 0x80003926 (0x0011c563) blt     gp, ra, pc + 10
core   0: 3 0x80003926 (0x0011c563)
core   0: 0x8000392a (0x772a6d37) lui     s10, 0x772a6
core   0: 3 0x8000392a (0x772a6d37) x26 0x772a6000
core   0: 0x8000392e (0x00006e79) c.lui   t3, 0x1e
core   0: 3 0x8000392e (0x6e79) x28 0x0001e000
core   0: 0x80003930 (0x0000824d) c.srli  a2, 19
core   0: 3 0x80003930 (0x824d) x12 0x00000000
core   0: 0x80003932 (0x012a5f13) srli    t5, s4, 18
core   0: 3 0x80003932 (0x012a5f13) x30 0x00000000
core   0: 0x80003936 (0x014d1513) slli    a0, s10, 20
core   0: 3 0x80003936 (0x014d1513) x10 0x00000000
core   0: 0x8000393a (0x00008cb1) c.xor   s1, a2
core   0: 3 0x8000393a (0x8cb1) x9  0x00000000
core   0: 0x8000393c (0x0058ce33) xor     t3, a7, t0
core   0: 3 0x8000393c (0x0058ce33) x28 0x00000000
core   0: 0x80003940 (0x423de193) ori     gp, s11, 1059
core   0: 3 0x80003940 (0x423de193) x3  0x00000423
core   0: 0x80003944 (0x00f81b13) slli    s6, a6, 15
core   0: 3 0x80003944 (0x00f81b13) x22 0x00018000
core   0: 0x80003948 (0x000087d9) c.srai  a5, 22
core   0: 3 0x80003948 (0x87d9) x15 0x00000000
core   0: 0x8000394a (0x4319f217) auipc   tp, 0x4319f
core   0: 3 0x8000394a (0x4319f217) x4  0xc31a294a
core   0: 0x8000394e (0x0000117d) c.addi  sp, -1
core   0: 3 0x8000394e (0x117d) x2  0x0000006f
core   0: 0x80003950 (0x000098fd) c.andi  s1, -1
core   0: 3 0x80003950 (0x98fd) x9  0x00000000
core   0: 0x80003952 (0x0000e389) c.bnez  a5, pc + 2
core   0: 3 0x80003952 (0xe389)
core   0: 0x80003954 (0x00008f61) c.and   a4, s0
core   0: 3 0x80003954 (0x8f61) x14 0x00000000
core   0: 0x80003956 (0xac0ae693) ori     a3, s5, -1344
core   0: 3 0x80003956 (0xac0ae693) x13 0xfffffee4
core   0: 0x8000395a (0x0000804d) c.srli  s0, 19
core   0: 3 0x8000395a (0x804d) x8  0x00000000
core   0: 0x8000395c (0xaac69797) auipc   a5, 0xaac69
core   0: 3 0x8000395c (0xaac69797) x15 0x2ac6c95c
core   0: 0x80003960 (0x40915633) sra     a2, sp, s1
core   0: 3 0x80003960 (0x40915633) x12 0x0000006f
core   0: 0x80003964 (0x00f74a33) xor     s4, a4, a5
core   0: 3 0x80003964 (0x00f74a33) x20 0x2ac6c95c
core   0: 0x80003968 (0x00009efa) c.add   t4, t5
core   0: 3 0x80003968 (0x9efa) x29 0x00000000
core   0: 0x8000396a (0x0000066a) c.slli  a2, 26
core   0: 3 0x8000396a (0x066a) x12 0xbc000000
core   0: 0x8000396c (0x2541ef13) ori     t5, gp, 596
core   0: 3 0x8000396c (0x2541ef13) x30 0x00000677
core   0: 0x80003970 (0xe8f03213) sltiu   tp, zero, -369
core   0: 3 0x80003970 (0xe8f03213) x4  0x00000001
core   0: 0x80003974 (0x00008fa9) c.xor   a5, a0
core   0: 3 0x80003974 (0x8fa9) x15 0x2ac6c95c
core   0: 0x80003976 (0x03ed9133) mulh    sp, s11, t5
core   0: 3 0x80003976 (0x03ed9133) x2  0x00000000
core   0: 0x8000397a (0x01ff0563) beq     t5, t6, pc + 10
core   0: 3 0x8000397a (0x01ff0563)
core   0: 0x8000397e (0xc1f3e093) ori     ra, t2, -993
core   0: 3 0x8000397e (0xc1f3e093) x1  0xfffffc1f
core   0: 0x80003982 (0x00001efd) c.addi  t4, -1
core   0: 3 0x80003982 (0x1efd) x29 0xffffffff
core   0: 0x80003984 (0x0095f733) and     a4, a1, s1
core   0: 3 0x80003984 (0x0095f733) x14 0x00000000
core   0: 0x80003988 (0x4040db93) srai    s7, ra, 4
core   0: 3 0x80003988 (0x4040db93) x23 0xffffffc1
core   0: 0x8000398c (0x19318c13) addi    s8, gp, 403
core   0: 3 0x8000398c (0x19318c13) x24 0x000005b6
core   0: 0x80003990 (0x410d5433) sra     s0, s10, a6
core   0: 3 0x80003990 (0x410d5433) x8  0x0ee54c00
core   0: 0x80003994 (0x00006dbd) c.lui   s11, 0xf
core   0: 3 0x80003994 (0x6dbd) x27 0x0000f000
core   0: 0x80003996 (0x9ad67e37) lui     t3, 0x9ad67
core   0: 3 0x80003996 (0x9ad67e37) x28 0x9ad67000
core   0: 0x8000399a (0xbbb3cb93) xori    s7, t2, -1093
core   0: 3 0x8000399a (0xbbb3cb93) x23 0xfffffbba
core   0: 0x8000399e (0x0000cc85) c.beqz  s1, pc + 56
core   0: 3 0x8000399e (0xcc85)
core   0: 0x800039d6 (0x00b86e33) or      t3, a6, a1
core   0: 3 0x800039d6 (0x00b86e33) x28 0x80029ce7
core   0: 0x800039da (0x0000717d) c.addi16sp sp, -16
core   0: 3 0x800039da (0x717d) x2  0xfffffff0
core   0: 0x800039dc (0x0ebd3913) sltiu   s2, s10, 235
core   0: 3 0x800039dc (0x0ebd3913) x18 0x00000000
core   0: 0x800039e0 (0x0242e6b3) rem     a3, t0, tp
core   0: 3 0x800039e0 (0x0242e6b3) x13 0x00000000
core   0: 0x800039e4 (0x0000ec8d) c.bnez  s1, pc + 58
core   0: 3 0x800039e4 (0xec8d)
core   0: 0x800039e6 (0x00008c55) c.or    s0, a3
core   0: 3 0x800039e6 (0x8c55) x8  0x0ee54c00
core   0: 0x800039e8 (0x00008cf5) c.and   s1, a3
core   0: 3 0x800039e8 (0x8cf5) x9  0x00000000
core   0: 0x800039ea (0x00000946) c.slli  s2, 17
core   0: 3 0x800039ea (0x0946) x18 0x00000000
core   0: 0x800039ec (0x000bba33) sltu    s4, s7, zero
core   0: 3 0x800039ec (0x000bba33) x20 0x00000000
core   0: 0x800039f0 (0x00008ac1) c.andi  a3, 16
core   0: 3 0x800039f0 (0x8ac1) x13 0x00000000
core   0: 0x800039f2 (0x4073d733) sra     a4, t2, t2
core   0: 3 0x800039f2 (0x4073d733) x14 0x00000000
core   0: 0x800039f6 (0x00008a3d) c.andi  a2, 15
core   0: 3 0x800039f6 (0x8a3d) x12 0x00000000
core   0: 0x800039f8 (0x01069513) slli    a0, a3, 16
core   0: 3 0x800039f8 (0x01069513) x10 0x00000000
core   0: 0x800039fc (0x0368af33) mulhsu  t5, a7, s6
core   0: 3 0x800039fc (0x0368af33) x30 0x00000000
core   0: 0x80003a00 (0x010fd013) srli    zero, t6, 16
core   0: 3 0x80003a00 (0x010fd013)
core   0: 0x80003a04 (0xcadfb193) sltiu   gp, t6, -851
core   0: 3 0x80003a04 (0xcadfb193) x3  0x00000001
core   0: 0x80003a08 (0x03fe09b3) mul     s3, t3, t6
core   0: 3 0x80003a08 (0x03fe09b3) x19 0x8007d6b5
core   0: 0x80003a0c (0x007b1c13) slli    s8, s6, 7
core   0: 3 0x80003a0c (0x007b1c13) x24 0x00c00000
core   0: 0x80003a10 (0x00b11d63) bne     sp, a1, pc + 26
core   0: 3 0x80003a10 (0x00b11d63)
core   0: 0x80003a2a (0x00008735) c.srai  a4, 13
core   0: 3 0x80003a2a (0x8735) x14 0x00000000
core   0: 0x80003a2c (0x000f7233) and     tp, t5, zero
core   0: 3 0x80003a2c (0x000f7233) x4  0x00000000
core   0: 0x80003a30 (0x00008d49) c.or    a0, a0
core   0: 3 0x80003a30 (0x8d49) x10 0x00000000
core   0: 0x80003a32 (0x00008f15) c.sub   a4, a3
core   0: 3 0x80003a32 (0x8f15) x14 0x00000000
core   0: 0x80003a34 (0x00009bfd) c.andi  a5, -1
core   0: 3 0x80003a34 (0x9bfd) x15 0x2ac6c95c
core   0: 0x80003a36 (0x02b7adb3) mulhsu  s11, a5, a1
core   0: 3 0x80003a36 (0x02b7adb3) x27 0x1563d472
core   0: 0x80003a3a (0x01f280b3) add     ra, t0, t6
core   0: 3 0x80003a3a (0x01f280b3) x1  0x00000003
core   0: 0x80003a3e (0x40ce01b3) sub     gp, t3, a2
core   0: 3 0x80003a3e (0x40ce01b3) x3  0x80029ce7
core   0: 0x80003a42 (0x0000011e) c.slli  sp, 7
core   0: 3 0x80003a42 (0x011e) x2  0xfffff800
core   0: 0x80003a44 (0x0000875d) c.srai  a4, 23
core   0: 3 0x80003a44 (0x875d) x14 0x00000000
core   0: 0x80003a46 (0x00006135) c.addi16sp sp, 352
core   0: 3 0x80003a46 (0x6135) x2  0xfffff960
core   0: 0x80003a48 (0x02b520b3) mulhsu  ra, a0, a1
core   0: 3 0x80003a48 (0x02b520b3) x1  0x00000000
core   0: 0x80003a4c (0x0059ebb3) or      s7, s3, t0
core   0: 3 0x80003a4c (0x0059ebb3) x23 0x8007d6b5
core   0: 0x80003a50 (0x0273ceb3) div     t4, t2, t2
core   0: 3 0x80003a50 (0x0273ceb3) x29 0x00000001
core   0: 0x80003a54 (0x0000987d) c.andi  s0, -1
core   0: 3 0x80003a54 (0x987d) x8  0x0ee54c00
core   0: 0x80003a56 (0x0154d813) srli    a6, s1, 21
core   0: 3 0x80003a56 (0x0154d813) x16 0x00000000
core   0: 0x80003a5a (0x40b55a13) srai    s4, a0, 11
core   0: 3 0x80003a5a (0x40b55a13) x20 0x00000000
core   0: 0x80003a5e (0x0000c485) c.beqz  s1, pc + 40
core   0: 3 0x80003a5e (0xc485)
core   0: 0x80003a86 (0x024acbb3) div     s7, s5, tp
core   0: 3 0x80003a86 (0x024acbb3) x23 0xffffffff
core   0: 0x80003a8a (0x0000179c) c.addi4spn a5, sp, 992
core   0: 3 0x80003a8a (0x179c) x15 0xfffffd40
core   0: 0x80003a8c (0x0054d233) srl     tp, s1, t0
core   0: 3 0x80003a8c (0x0054d233) x4  0x00000000
core   0: 0x80003a90 (0x000082c9) c.srli  a3, 18
core   0: 3 0x80003a90 (0x82c9) x13 0x00000000
core   0: 0x80003a92 (0x4006d6b3) sra     a3, a3, zero
core   0: 3 0x80003a92 (0x4006d6b3) x13 0x00000000
core   0: 0x80003a96 (0x02263713) sltiu   a4, a2, 34
core   0: 3 0x80003a96 (0x02263713) x14 0x00000001
core   0: 0x80003a9a (0x03f9abb3) mulhsu  s7, s3, t6
core   0: 3 0x80003a9a (0x03f9abb3) x23 0xfffffffe
core   0: 0x80003a9e (0x000019fd) c.addi  s3, -1
core   0: 3 0x80003a9e (0x19fd) x19 0x8007d6b4
core   0: 0x80003aa0 (0x02923e33) mulhu   t3, tp, s1
core   0: 3 0x80003aa0 (0x02923e33) x28 0x00000000
core   0: 0x80003aa4 (0x00000ec6) c.slli  t4, 17
core   0: 3 0x80003aa4 (0x0ec6) x29 0x00020000
core   0: 0x80003aa6 (0x000092ae) c.add   t0, a1
core   0: 3 0x80003aa6 (0x92ae) x5  0x80029ce4
core   0: 0x80003aa8 (0x00001090) c.addi4spn a2, sp, 96
core   0: 3 0x80003aa8 (0x1090) x12 0xfffff9c0
core   0: 0x80003aaa (0x037d6133) rem     sp, s10, s7
core   0: 3 0x80003aaa (0x037d6133) x2  0x00000000
core   0: 0x80003aae (0x010ad493) srli    s1, s5, 16
core   0: 3 0x80003aae (0x010ad493) x9  0x00008002
core   0: 0x80003ab2 (0x4126d233) sra     tp, a3, s2
core   0: 3 0x80003ab2 (0x4126d233) x4  0x00000000
core   0: 0x80003ab6 (0x9e0c7197) auipc   gp, 0x9e0c7
core   0: 3 0x80003ab6 (0x9e0c7197) x3  0x1e0caab6
core   0: 0x80003aba (0x00006a29) c.lui   s4, 0xa
core   0: 3 0x80003aba (0x6a29) x20 0x0000a000
core   0: 0x80003abc (0xd9faf393) andi    t2, s5, -609
core   0: 3 0x80003abc (0xd9faf393) x7  0x80029c84
core   0: 0x80003ac0 (0x00079a33) sll     s4, a5, zero
core   0: 3 0x80003ac0 (0x00079a33) x20 0xfffffd40
core   0: 0x80003ac4 (0x00008519) c.srai  a0, 6
core   0: 3 0x80003ac4 (0x8519) x10 0x00000000
core   0: 0x80003ac6 (0x01b41c63) bne     s0, s11, pc + 24
core   0: 3 0x80003ac6 (0x01b41c63)
core   0: 0x80003ade (0x0040e863) bltu    ra, tp, pc + 16
core   0: 3 0x80003ade (0x0040e863)
core   0: 0x80003ae2 (0x0379c863) blt     s3, s7, pc + 48
core   0: 3 0x80003ae2 (0x0379c863)
core   0: 0x80003b12 (0x1aa5c493) xori    s1, a1, 426
core   0: 3 0x80003b12 (0x1aa5c493) x9  0x80029d4e
core   0: 0x80003b16 (0x008a8c33) add     s8, s5, s0
core   0: 3 0x80003b16 (0x008a8c33) x24 0x8ee7e8e4
core   0: 0x80003b1a (0x0154f133) and     sp, s1, s5
core   0: 3 0x80003b1a (0x0154f133) x2  0x80029c44
core   0: 0x80003b1e (0x410d54b3) sra     s1, s10, a6
core   0: 3 0x80003b1e (0x410d54b3) x9  0x772a6000
core   0: 0x80003b22 (0x00ada133) slt     sp, s11, a0
core   0: 3 0x80003b22 (0x00ada133) x2  0x00000000
core   0: 0x80003b26 (0x00008fa5) c.xor   a5, s1
core   0: 3 0x80003b26 (0x8fa5) x15 0x88d59d40
core   0: 0x80003b28 (0x021c0663) beq     s8, ra, pc + 44
core   0: 3 0x80003b28 (0x021c0663)
core   0: 0x80003b2c (0x419984b3) sub     s1, s3, s9
core   0: 3 0x80003b2c (0x419984b3) x9  0x8007d6a5
core   0: 0x80003b30 (0x0336e263) bltu    a3, s3, pc + 36
core   0: 3 0x80003b30 (0x0336e263)
core   0: 0x80003b54 (0x01a84a33) xor     s4, a6, s10
core   0: 3 0x80003b54 (0x01a84a33) x20 0x772a6000
core   0: 0x80003b58 (0x0000039e) c.slli  t2, 7
core   0: 3 0x80003b58 (0x039e) x7  0x014e4200
core   0: 0x80003b5a (0x028122b3) mulhsu  t0, sp, s0
core   0: 3 0x80003b5a (0x028122b3) x5  0x00000000
core   0: 0x80003b5e (0x000059fd) c.li    s3, -1
core   0: 3 0x80003b5e (0x59fd) x19 0xffffffff
core   0: 0x80003b60 (0x026d58b3) divu    a7, s10, t1
core   0: 3 0x80003b60 (0x026d58b3) x17 0x00000000
core   0: 0x80003b64 (0x00009aea) c.add   s5, s10
core   0: 3 0x80003b64 (0x9aea) x21 0xf72cfce4
core   0: 0x80003b66 (0x0000848d) c.srai  s1, 3
core   0: 3 0x80003b66 (0x848d) x9  0xf000fad4
core   0: 0x80003b68 (0x01e56c33) or      s8, a0, t5
core   0: 3 0x80003b68 (0x01e56c33) x24 0x00000000
core   0: 0x80003b6c (0x40700d33) sub     s10, zero, t2
core   0: 3 0x80003b6c (0x40700d33) x26 0xfeb1be00
core   0: 0x80003b70 (0x00008f4d) c.or    a4, a1
core   0: 3 0x80003b70 (0x8f4d) x14 0x80029ce5
core   0: 0x80003b72 (0x00008e6d) c.and   a2, a1
core   0: 3 0x80003b72 (0x8e6d) x12 0x800298c0
core   0: 0x80003b74 (0x02385933) divu    s2, a6, gp
core   0: 3 0x80003b74 (0x02385933) x18 0x00000000
core   0: 0x80003b78 (0x021fc2b3) div     t0, t6, ra
core   0: 3 0x80003b78 (0x021fc2b3) x5  0xffffffff
core   0: 0x80003b7c (0x40905d93) srai    s11, zero, 9
core   0: 3 0x80003b7c (0x40905d93) x27 0x00000000
core   0: 0x80003b80 (0x00000001) c.nop
core   0: 3 0x80003b80 (0x0001)
core   0: 0x80003b82 (0x0110c533) xor     a0, ra, a7
core   0: 3 0x80003b82 (0x0110c533) x10 0x00000000
core   0: 0x80003b86 (0x0f19b193) sltiu   gp, s3, 241
core   0: 3 0x80003b86 (0x0f19b193) x3  0x00000000
core   0: 0x80003b8a (0x0000ee11) c.bnez  a2, pc + 28
core   0: 3 0x80003b8a (0xee11)
core   0: 0x80003ba6 (0xf7654d93) xori    s11, a0, -138
core   0: 3 0x80003ba6 (0xf7654d93) x27 0xffffff76
core   0: 0x80003baa (0x03699063) bne     s3, s6, pc + 32
core   0: 3 0x80003baa (0x03699063)
core   0: 0x80003bca (0x40f5da13) srai    s4, a1, 15
core   0: 3 0x80003bca (0x40f5da13) x20 0xffff0005
core   0: 0x80003bce (0xb4af42b7) lui     t0, 0xb4af4
core   0: 3 0x80003bce (0xb4af42b7) x5  0xb4af4000
core   0: 0x80003bd2 (0x03b74563) blt     a4, s11, pc + 42
core   0: 3 0x80003bd2 (0x03b74563)
core   0: 0x80003bfc (0x000010fd) c.addi  ra, -1
core   0: 3 0x80003bfc (0x10fd) x1  0xffffffff
core   0: 0x80003bfe (0x00008d29) c.xor   a0, a0
core   0: 3 0x80003bfe (0x8d29) x10 0x00000000
core   0: 0x80003c00 (0xea802693) slti    a3, zero, -344
core   0: 3 0x80003c00 (0xea802693) x13 0x00000000
core   0: 0x80003c04 (0xe417b693) sltiu   a3, a5, -447
core   0: 3 0x80003c04 (0xe417b693) x13 0x00000001
core   0: 0x80003c08 (0x0241bbb3) mulhu   s7, gp, tp
core   0: 3 0x80003c08 (0x0241bbb3) x23 0x00000000
core   0: 0x80003c0c (0x0000717d) c.addi16sp sp, -16
core   0: 3 0x80003c0c (0x717d) x2  0xfffffff0
core   0: 0x80003c0e (0x00f25d63) bge     tp, a5, pc + 26
core   0: 3 0x80003c0e (0x00f25d63)
core   0: 0x80003c28 (0x01a89f93) slli    t6, a7, 26
core   0: 3 0x80003c28 (0x01a89f93) x31 0x00000000
core   0: 0x80003c2c (0x000b87b3) add     a5, s7, zero
core   0: 3 0x80003c2c (0x000b87b3) x15 0x00000000
core   0: 0x80003c30 (0x00008fa5) c.xor   a5, s1
core   0: 3 0x80003c30 (0x8fa5) x15 0xf000fad4
core   0: 0x80003c32 (0x00bc21b3) slt     gp, s8, a1
core   0: 3 0x80003c32 (0x00bc21b3) x3  0x00000000
core   0: 0x80003c36 (0x032e0f33) mul     t5, t3, s2
core   0: 3 0x80003c36 (0x032e0f33) x30 0x00000000
core   0: 0x80003c3a (0x6a5027b7) lui     a5, 0x6a502
core   0: 3 0x80003c3a (0x6a5027b7) x15 0x6a502000
core   0: 0x80003c3e (0x00008e95) c.sub   a3, a3
core   0: 3 0x80003c3e (0x8e95) x13 0x00000000
core   0: 0x80003c40 (0x00000b39) c.addi  s6, 14
core   0: 3 0x80003c40 (0x0b39) x22 0x0001800e
core   0: 0x80003c42 (0x0000e699) c.bnez  a3, pc + 14
core   0: 3 0x80003c42 (0xe699)
core   0: 0x80003c44 (0x00b908b3) add     a7, s2, a1
core   0: 3 0x80003c44 (0x00b908b3) x17 0x80029ce4
core   0: 0x80003c48 (0x00001a1c) c.addi4spn a5, sp, 304
core   0: 3 0x80003c48 (0x1a1c) x15 0x00000120
core   0: 0x80003c4a (0x00000001) c.nop
core   0: 3 0x80003c4a (0x0001)
core   0: 0x80003c4c (0xfffe7993) andi    s3, t3, -1
core   0: 3 0x80003c4c (0xfffe7993) x19 0x00000000
core   0: 0x80003c50 (0x007ac4b3) xor     s1, s5, t2
core   0: 3 0x80003c50 (0x007ac4b3) x9  0xf662bee4
core   0: 0x80003c54 (0x00008459) c.srai  s0, 22
core   0: 3 0x80003c54 (0x8459) x8  0x0000003b
core   0: 0x80003c56 (0x00000001) c.nop
core   0: 3 0x80003c56 (0x0001)
core   0: 0x80003c58 (0x00008cb5) c.xor   s1, a3
core   0: 3 0x80003c58 (0x8cb5) x9  0xf662bee4
core   0: 0x80003c5a (0x41d48eb3) sub     t4, s1, t4
core   0: 3 0x80003c5a (0x41d48eb3) x29 0xf660bee4
core   0: 0x80003c5e (0x02f7e0b3) rem     ra, a5, a5
core   0: 3 0x80003c5e (0x02f7e0b3) x1  0x00000000
core   0: 0x80003c62 (0x0146c3b3) xor     t2, a3, s4
core   0: 3 0x80003c62 (0x0146c3b3) x7  0xffff0005
core   0: 0x80003c66 (0x01859533) sll     a0, a1, s8
core   0: 3 0x80003c66 (0x01859533) x10 0x80029ce4
core   0: 0x80003c6a (0x01450363) beq     a0, s4, pc + 6
core   0: 3 0x80003c6a (0x01450363)
core   0: 0x80003c6e (0x0000ce81) c.beqz  a3, pc + 24
core   0: 3 0x80003c6e (0xce81)
core   0: 0x80003c86 (0x788c6113) ori     sp, s8, 1928
core   0: 3 0x80003c86 (0x788c6113) x2  0x00000788
core   0: 0x80003c8a (0x01440833) add     a6, s0, s4
core   0: 3 0x80003c8a (0x01440833) x16 0xffff0040
core   0: 0x80003c8e (0x0025b2b3) sltu    t0, a1, sp
core   0: 3 0x80003c8e (0x0025b2b3) x5  0x00000000
core   0: 0x80003c92 (0x00000001) c.nop
core   0: 3 0x80003c92 (0x0001)
core   0: 0x80003c94 (0x99fef513) andi    a0, t4, -1633
core   0: 3 0x80003c94 (0x99fef513) x10 0xf660b884
core   0: 0x80003c98 (0x96d8a113) slti    sp, a7, -1683
core   0: 3 0x80003c98 (0x96d8a113) x2  0x00000001
core   0: 0x80003c9c (0x40895f33) sra     t5, s2, s0
core   0: 3 0x80003c9c (0x40895f33) x30 0x00000000
core   0: 0x80003ca0 (0xbab9a213) slti    tp, s3, -1109
core   0: 3 0x80003ca0 (0xbab9a213) x4  0x00000000
core   0: 0x80003ca4 (0x03cf9e63) bne     t6, t3, pc + 60
core   0: 3 0x80003ca4 (0x03cf9e63)
core   0: 0x80003ca8 (0x026be663) bltu    s7, t1, pc + 44
core   0: 3 0x80003ca8 (0x026be663)
core   0: 0x80003cd4 (0x0000892d) c.andi  a0, 11
core   0: 3 0x80003cd4 (0x892d) x10 0x00000000
core   0: 0x80003cd6 (0x00006ee1) c.lui   t4, 0x18
core   0: 3 0x80003cd6 (0x6ee1) x29 0x00018000
core   0: 0x80003cd8 (0x0392a7b3) mulhsu  a5, t0, s9
core   0: 3 0x80003cd8 (0x0392a7b3) x15 0x00000000
core   0: 0x80003cdc (0x034b7033) remu    zero, s6, s4
core   0: 3 0x80003cdc (0x034b7033)
core   0: 0x80003ce0 (0xef8da493) slti    s1, s11, -264
core   0: 3 0x80003ce0 (0xef8da493) x9  0x00000000
core   0: 0x80003ce4 (0x98376417) auipc   s0, 0x98376
core   0: 3 0x80003ce4 (0x98376417) x8  0x18379ce4
core   0: 0x80003ce8 (0x02deafb3) mulhsu  t6, t4, a3
core   0: 3 0x80003ce8 (0x02deafb3) x31 0x00000000
core   0: 0x80003cec (0x00e31893) slli    a7, t1, 14
core   0: 3 0x80003cec (0x00e31893) x17 0x97990000
core   0: 0x80003cf0 (0x000049f5) c.li    s3, 29
core   0: 3 0x80003cf0 (0x49f5) x19 0x0000001d
core   0: 0x80003cf2 (0x00ed1ab3) sll     s5, s10, a4
core   0: 3 0x80003cf2 (0x00ed1ab3) x21 0xd637c000
core   0: 0x80003cf6 (0x2b454193) xori    gp, a0, 692
core   0: 3 0x80003cf6 (0x2b454193) x3  0x000002b4
core   0: 0x80003cfa (0x00008409) c.srai  s0, 2
core   0: 3 0x80003cfa (0x8409) x8  0x060de739
core   0: 0x80003cfc (0xc1b2fb93) andi    s7, t0, -997
core   0: 3 0x80003cfc (0xc1b2fb93) x23 0x00000000
core   0: 0x80003d00 (0x0000717d) c.addi16sp sp, -16
core   0: 3 0x80003d00 (0x717d) x2  0xfffffff1
core   0: 0x80003d02 (0x00000001) c.nop
core   0: 3 0x80003d02 (0x0001)
core   0: 0x80003d04 (0x012657b3) srl     a5, a2, s2
core   0: 3 0x80003d04 (0x012657b3) x15 0x800298c0
core   0: 0x80003d08 (0x014f9663) bne     t6, s4, pc + 12
core   0: 3 0x80003d08 (0x014f9663)
core   0: 0x80003d14 (0x000080f9) c.srli  s1, 30
core   0: 3 0x80003d14 (0x80f9) x9  0x00000000
core   0: 0x80003d16 (0x3c407937) lui     s2, 0x3c407
core   0: 3 0x80003d16 (0x3c407937) x18 0x3c407000
core   0: 0x80003d1a (0x01b6d863) bge     a3, s11, pc + 16
core   0: 3 0x80003d1a (0x01b6d863)
core   0: 0x80003d2a (0x00000880) c.addi4spn s0, sp, 80
core   0: 3 0x80003d2a (0x0880) x8  0x00000041
core   0: 0x80003d2c (0x00005b7d) c.li    s6, -1
core   0: 3 0x80003d2c (0x5b7d) x22 0xffffffff
core   0: 0x80003d2e (0x01df49b3) xor     s3, t5, t4
core   0: 3 0x80003d2e (0x01df49b3) x19 0x00018000
core   0: 0x80003d32 (0x03d48fb3) mul     t6, s1, t4
core   0: 3 0x80003d32 (0x03d48fb3) x31 0x00000000
core   0: 0x80003d36 (0x00e3e233) or      tp, t2, a4
core   0: 3 0x80003d36 (0x00e3e233) x4  0xffff9ce5
core   0: 0x80003d3a (0x41a8d613) srai    a2, a7, 26
core   0: 3 0x80003d3a (0x41a8d613) x12 0xffffffe5
core   0: 0x80003d3e (0x00a61213) slli    tp, a2, 10
core   0: 3 0x80003d3e (0x00a61213) x4  0xffff9400
core   0: 0x80003d42 (0x02aa3c33) mulhu   s8, s4, a0
core   0: 3 0x80003d42 (0x02aa3c33) x24 0x00000000
core   0: 0x80003d46 (0x0369af33) mulhsu  t5, s3, s6
core   0: 3 0x80003d46 (0x0369af33) x30 0x00017fff
core   0: 0x80003d4a (0x406fdf93) srai    t6, t6, 6
core   0: 3 0x80003d4a (0x406fdf93) x31 0x00000000
core   0: 0x80003d4e (0x027913b3) mulh    t2, s2, t2
core   0: 3 0x80003d4e (0x027913b3) x7  0xffffc3c0
core   0: 0x80003d52 (0x02eda9b3) mulhsu  s3, s11, a4
core   0: 3 0x80003d52 (0x02eda9b3) x19 0xffffffba
core   0: 0x80003d56 (0x41a00bb3) sub     s7, zero, s10
core   0: 3 0x80003d56 (0x41a00bb3) x23 0x014e4200
core   0: 0x80003d5a (0x0000e915) c.bnez  a0, pc + 52
core   0: 3 0x80003d5a (0xe915)
core   0: 0x80003d5c (0x00008b12) c.mv    s6, tp
core   0: 3 0x80003d5c (0x8b12) x22 0xffff9400
core   0: 0x80003d5e (0x33c1f113) andi    sp, gp, 828
core   0: 3 0x80003d5e (0x33c1f113) x2  0x00000234
core   0: 0x80003d62 (0x40f30233) sub     tp, t1, a5
core   0: 3 0x80003d62 (0x40f30233) x4  0xffffc5a4
core   0: 0x80003d66 (0x00009f1e) c.add   t5, t2
core   0: 3 0x80003d66 (0x9f1e) x30 0x000143bf
core   0: 0x80003d68 (0x0230fa33) remu    s4, ra, gp
core   0: 3 0x80003d68 (0x0230fa33) x20 0x00000000
core   0: 0x80003d6c (0x00000001) c.nop
core   0: 3 0x80003d6c (0x0001)
core   0: 0x80003d6e (0xe2603493) sltiu   s1, zero, -474
core   0: 3 0x80003d6e (0xe2603493) x9  0x00000001
core   0: 0x80003d72 (0x160ca493) slti    s1, s9, 352
core   0: 3 0x80003d72 (0x160ca493) x9  0x00000001
core   0: 0x80003d76 (0x00000f15) c.addi  t5, 5
core   0: 3 0x80003d76 (0x0f15) x30 0x000143c4
core   0: 0x80003d78 (0x028cbab3) mulhu   s5, s9, s0
core   0: 3 0x80003d78 (0x028cbab3) x21 0x00000000
core   0: 0x80003d7c (0x0292d6b3) divu    a3, t0, s1
core   0: 3 0x80003d7c (0x0292d6b3) x13 0x00000000
core   0: 0x80003d80 (0x41f9d993) srai    s3, s3, 31
core   0: 3 0x80003d80 (0x41f9d993) x19 0xffffffff
core   0: 0x80003d84 (0x00008d71) c.and   a0, a2
core   0: 3 0x80003d84 (0x8d71) x10 0x00000000
core   0: 0x80003d86 (0x00008c45) c.or    s0, s1
core   0: 3 0x80003d86 (0x8c45) x8  0x00000041
core   0: 0x80003d88 (0x032da6b3) mulhsu  a3, s11, s2
core   0: 3 0x80003d88 (0x032da6b3) x13 0xffffffdf
core   0: 0x80003d8c (0x00008ea1) c.xor   a3, s0
core   0: 3 0x80003d8c (0x8ea1) x13 0xffffff9e
core   0: 0x80003d8e (0x15523913) sltiu   s2, tp, 341
core   0: 3 0x80003d8e (0x15523913) x18 0x00000000
core   0: 0x80003d92 (0x003e6663) bltu    t3, gp, pc + 12
core   0: 3 0x80003d92 (0x003e6663)
core   0: 0x80003d9e (0x00000001) c.nop
core   0: 3 0x80003d9e (0x0001)
core   0: 0x80003da0 (0x00001d00) c.addi4spn s0, sp, 688
core   0: 3 0x80003da0 (0x1d00) x8  0x000004e4
core   0: 0x80003da2 (0x00000001) c.nop
core   0: 3 0x80003da2 (0x0001)
core   0: 0x80003da4 (0x03c2c0b3) div     ra, t0, t3
core   0: 3 0x80003da4 (0x03c2c0b3) x1  0xffffffff
core   0: 0x80003da8 (0x034873b3) remu    t2, a6, s4
core   0: 3 0x80003da8 (0x034873b3) x7  0xffff0040
core   0: 0x80003dac (0x0000821d) c.srli  a2, 7
core   0: 3 0x80003dac (0x821d) x12 0x01ffffff
core   0: 0x80003dae (0x00008ce5) c.and   s1, s1
core   0: 3 0x80003dae (0x8ce5) x9  0x00000001
core   0: 0x80003db0 (0x41225a93) srai    s5, tp, 18
core   0: 3 0x80003db0 (0x41225a93) x21 0xffffffff
core   0: 0x80003db4 (0x0000e0b1) c.bnez  s1, pc + 68
core   0: 3 0x80003db4 (0xe0b1)
core   0: 0x80003df8 (0x03a01463) bne     zero, s10, pc + 40
core   0: 3 0x80003df8 (0x03a01463)
core   0: 0x80003e20 (0xabc122b7) lui     t0, 0xabc12
core   0: 3 0x80003e20 (0xabc122b7) x5  0xabc12000
core   0: 0x80003e24 (0x41950c33) sub     s8, a0, s9
core   0: 3 0x80003e24 (0x41950c33) x24 0xfffffff1
core   0: 0x80003e28 (0x27df0a37) lui     s4, 0x27df0
core   0: 3 0x80003e28 (0x27df0a37) x20 0x27df0000
core   0: 0x80003e2c (0x00008ee5) c.and   a3, s1
core   0: 3 0x80003e2c (0x8ee5) x13 0x00000000
core   0: 0x80003e2e (0x02f37263) bgeu    t1, a5, pc + 36
core   0: 3 0x80003e2e (0x02f37263)
core   0: 0x80003e32 (0x00001bfd) c.addi  s7, -1
core   0: 3 0x80003e32 (0x1bfd) x23 0x014e41ff
core   0: 0x80003e34 (0x0000717d) c.addi16sp sp, -16
core   0: 3 0x80003e34 (0x717d) x2  0x00000224
core   0: 0x80003e36 (0x01896a63) bltu    s2, s8, pc + 20
core   0: 3 0x80003e36 (0x01896a63)
core   0: 0x80003e4a (0x017ac733) xor     a4, s5, s7
core   0: 3 0x80003e4a (0x017ac733) x14 0xfeb1be00
core   0: 0x80003e4e (0x41270733) sub     a4, a4, s2
core   0: 3 0x80003e4e (0x41270733) x14 0xfeb1be00
core   0: 0x80003e52 (0x01630233) add     tp, t1, s6
core   0: 3 0x80003e52 (0x01630233) x4  0x8001f264
core   0: 0x80003e56 (0x00000132) c.slli  sp, 12
core   0: 3 0x80003e56 (0x0132) x2  0x00224000
core   0: 0x80003e58 (0x0000717d) c.addi16sp sp, -16
core   0: 3 0x80003e58 (0x717d) x2  0x00223ff0
core   0: 0x80003e5a (0x402c8c33) sub     s8, s9, sp
core   0: 3 0x80003e5a (0x402c8c33) x24 0xffddc01f
core   0: 0x80003e5e (0x00001efd) c.addi  t4, -1
core   0: 3 0x80003e5e (0x1efd) x29 0x00017fff
core   0: 0x80003e60 (0x001e5463) bge     t3, ra, pc + 8
core   0: 3 0x80003e60 (0x001e5463)
core   0: 0x80003e68 (0x0272c233) div     tp, t0, t2
core   0: 3 0x80003e68 (0x0272c233) x4  0x00005453
core   0: 0x80003e6c (0x02ad6e63) bltu    s10, a0, pc + 60
core   0: 3 0x80003e6c (0x02ad6e63)
core   0: 0x80003e70 (0x00008f79) c.and   a4, a4
core   0: 3 0x80003e70 (0x8f79) x14 0xfeb1be00
core   0: 0x80003e72 (0x0000833d) c.srli  a4, 15
core   0: 3 0x80003e72 (0x833d) x14 0x0001fd63
core   0: 0x80003e74 (0x03bd3233) mulhu   tp, s10, s11
core   0: 3 0x80003e74 (0x03bd3233) x4  0xfeb1bd76
core   0: 0x80003e78 (0x4000dfb3) sra     t6, ra, zero
core   0: 3 0x80003e78 (0x4000dfb3) x31 0xffffffff
core   0: 0x80003e7c (0x00008ead) c.xor   a3, a1
core   0: 3 0x80003e7c (0x8ead) x13 0x80029ce4
core   0: 0x80003e7e (0x0368ed33) rem     s10, a7, s6
core   0: 3 0x80003e7e (0x0368ed33) x26 0xffffa000
core   0: 0x80003e82 (0x03ffa237) lui     tp, 0x3ffa
core   0: 3 0x80003e82 (0x03ffa237) x4  0x03ffa000
core   0: 0x80003e86 (0x000003a5) c.addi  t2, 9
core   0: 3 0x80003e86 (0x03a5) x7  0xffff0049
core   0: 0x80003e88 (0x01f15813) srli    a6, sp, 31
core   0: 3 0x80003e88 (0x01f15813) x16 0x00000000
core   0: 0x80003e8c (0x00008151) c.srli  a0, 20
core   0: 3 0x80003e8c (0x8151) x10 0x00000000
core   0: 0x80003e8e (0x000080fa) c.mv    ra, t5
core   0: 3 0x80003e8e (0x80fa) x1  0x000143c4
core   0: 0x80003e90 (0x00000001) c.nop
core   0: 3 0x80003e90 (0x0001)
core   0: 0x80003e92 (0x59c4ee13) ori     t3, s1, 1436
core   0: 3 0x80003e92 (0x59c4ee13) x28 0x0000059d
core   0: 0x80003e96 (0x0000e01d) c.bnez  s0, pc + 38
core   0: 3 0x80003e96 (0xe01d)
core   0: 0x80003ebc (0x412a0933) sub     s2, s4, s2
core   0: 3 0x80003ebc (0x412a0933) x18 0x27df0000
core   0: 0x80003ec0 (0x00000001) c.nop
core   0: 3 0x80003ec0 (0x0001)
core   0: 0x80003ec2 (0x00000bce) c.slli  s7, 19
core   0: 3 0x80003ec2 (0x0bce) x23 0x0ff80000
core   0: 0x80003ec4 (0x9a368713) addi    a4, a3, -1629
core   0: 3 0x80003ec4 (0x9a368713) x14 0x80029687
core   0: 0x80003ec8 (0x004006ef) jal     a3, pc + 0x4
core   0: 3 0x80003ec8 (0x004006ef) x13 0x80003ecc
core   0: 0x80003ecc (0x00e003ef) jal     t2, pc + 0xe
core   0: 3 0x80003ecc (0x00e003ef) x7  0x80003ed0
core   0: 0x80003eda (0x00c006ef) jal     a3, pc + 0xc
core   0: 3 0x80003eda (0x00c006ef) x13 0x80003ede
core   0: 0x80003ee6 (0x0000b7f5) c.j     pc - 20
core   0: 3 0x80003ee6 (0xb7f5)
core   0: 0x80003ed2 (0x00003ffd) c.jal   pc - 2
core   0: 3 0x80003ed2 (0x3ffd) x1  0x80003ed4
core   0: 0x80003ed0 (0x00002021) c.jal   pc + 8
core   0: 3 0x80003ed0 (0x2021) x1  0x80003ed2
core   0: 0x80003ed8 (0x00002029) c.jal   pc + 10
core   0: 3 0x80003ed8 (0x2029) x1  0x80003eda
core   0: 0x80003ee2 (0xff3ff0ef) jal     pc - 0xe
core   0: 3 0x80003ee2 (0xff3ff0ef) x1  0x80003ee6
core   0: 0x80003ed4 (0x00c00c6f) jal     s8, pc + 0xc
core   0: 3 0x80003ed4 (0x00c00c6f) x24 0x80003ed8
core   0: 0x80003ee0 (0x0000a021) c.j     pc + 8
core   0: 3 0x80003ee0 (0xa021)
core   0: 0x80003ee8 (0x0000bfdd) c.j     pc - 10
core   0: 3 0x80003ee8 (0xbfdd)
core   0: 0x80003ede (0x00002031) c.jal   pc + 12
core   0: 3 0x80003ede (0x2031) x1  0x80003ee0
core   0: 0x80003eea (0x000059fd) c.li    s3, -1
core   0: 3 0x80003eea (0x59fd) x19 0xffffffff
core   0: 0x80003eec (0x01ead533) srl     a0, s5, t5
core   0: 3 0x80003eec (0x01ead533) x10 0x0fffffff
core   0: 0x80003ef0 (0xe69d0813) addi    a6, s10, -407
core   0: 3 0x80003ef0 (0xe69d0813) x16 0xffff9e69
core   0: 0x80003ef4 (0x010a0263) beq     s4, a6, pc + 4
core   0: 3 0x80003ef4 (0x010a0263)
core   0: 0x80003ef8 (0x01636963) bltu    t1, s6, pc + 18
core   0: 3 0x80003ef8 (0x01636963)
core   0: 0x80003f0a (0x002d6263) bltu    s10, sp, pc + 4
core   0: 3 0x80003f0a (0x002d6263)
core   0: 0x80003f0e (0x4059d493) srai    s1, s3, 5
core   0: 3 0x80003f0e (0x4059d493) x9  0xffffffff
core   0: 0x80003f12 (0x01b95413) srli    s0, s2, 27
core   0: 3 0x80003f12 (0x01b95413) x8  0x00000004
core   0: 0x80003f16 (0x02ec4a33) div     s4, s8, a4
core   0: 3 0x80003f16 (0x02ec4a33) x20 0x00000001
core   0: 0x80003f1a (0x00008f8d) c.sub   a5, a1
core   0: 3 0x80003f1a (0x8f8d) x15 0xfffffbdc
core   0: 0x80003f1c (0x00008f1d) c.sub   a4, a5
core   0: 3 0x80003f1c (0x8f1d) x14 0x80029aab
core   0: 0x80003f1e (0x5e394993) xori    s3, s2, 1507
core   0: 3 0x80003f1e (0x5e394993) x19 0x27df05e3
core   0: 0x80003f22 (0x000098fd) c.andi  s1, -1
core   0: 3 0x80003f22 (0x98fd) x9  0xffffffff
core   0: 0x80003f24 (0x001cfa33) and     s4, s9, ra
core   0: 3 0x80003f24 (0x001cfa33) x20 0x00000000
core   0: 0x80003f28 (0xcf922d93) slti    s11, tp, -775
core   0: 3 0x80003f28 (0xcf922d93) x27 0x00000000
core   0: 0x80003f2c (0x00006c29) c.lui   s8, 0xa
core   0: 3 0x80003f2c (0x6c29) x24 0x0000a000
core   0: 0x80003f2e (0x0000ef99) c.bnez  a5, pc + 30
core   0: 3 0x80003f2e (0xef99)
core   0: 0x80003f4c (0x00008e15) c.sub   a2, a3
core   0: 3 0x80003f4c (0x8e15) x12 0x81ffc121
core   0: 0x80003f4e (0x00008d19) c.sub   a0, a4
core   0: 3 0x80003f4e (0x8d19) x10 0x8ffd6554
core   0: 0x80003f50 (0x0000187d) c.addi  a6, -1
core   0: 3 0x80003f50 (0x187d) x16 0xffff9e68
core   0: 0x80003f52 (0x0000ea9d) c.bnez  a3, pc + 54
core   0: 3 0x80003f52 (0xea9d)
core   0: 0x80003f88 (0x02a09533) mulh    a0, ra, a0
core   0: 3 0x80003f88 (0x02a09533) x10 0x380131d3
core   0: 0x80003f8c (0x0000611d) c.addi16sp sp, 416
core   0: 3 0x80003f8c (0x611d) x2  0x00224190
core   0: 0x80003f8e (0x00008c0d) c.sub   s0, a1
core   0: 3 0x80003f8e (0x8c0d) x8  0x7ffd6320
core   0: 0x80003f90 (0xad94ed13) ori     s10, s1, -1319
core   0: 3 0x80003f90 (0xad94ed13) x26 0xffffffff
core   0: 0x80003f94 (0x00008071) c.srli  s0, 28
core   0: 3 0x80003f94 (0x8071) x8  0x00000007
core   0: 0x80003f96 (0x008a1c63) bne     s4, s0, pc + 24
core   0: 3 0x80003f96 (0x008a1c63)
core   0: 0x80003fae (0x000067fd) c.lui   a5, 0x1f
core   0: 3 0x80003fae (0x67fd) x15 0x0001f000
core   0: 0x80003fb0 (0x01161913) slli    s2, a2, 17
core   0: 3 0x80003fb0 (0x01161913) x18 0x82420000
core   0: 0x80003fb4 (0x0056ee63) bltu    a3, t0, pc + 28
core   0: 3 0x80003fb4 (0x0056ee63)
core   0: 0x80003fd0 (0x014fec33) or      s8, t6, s4
core   0: 3 0x80003fd0 (0x014fec33) x24 0xffffffff
core   0: 0x80003fd4 (0x00547e33) and     t3, s0, t0
core   0: 3 0x80003fd4 (0x00547e33) x28 0x00000000
core   0: 0x80003fd8 (0x00008e96) c.mv    t4, t0
core   0: 3 0x80003fd8 (0x8e96) x29 0xabc12000
core   0: 0x80003fda (0x00008b65) c.andi  a4, 25
core   0: 3 0x80003fda (0x8b65) x14 0x00000009
core   0: 0x80003fdc (0x02ee6263) bltu    t3, a4, pc + 36
core   0: 3 0x80003fdc (0x02ee6263)
core   0: 0x80004000 (0x00008c89) c.sub   s1, a0
core   0: 3 0x80004000 (0x8c89) x9  0xc7fece2c
core   0: 0x80004002 (0x03b522b3) mulhsu  t0, a0, s11
core   0: 3 0x80004002 (0x03b522b3) x5  0x00000000
core   0: 0x80004006 (0x0000eb95) c.bnez  a5, pc + 52
core   0: 3 0x80004006 (0xeb95)
core   0: 0x8000403a (0xdf406893) ori     a7, zero, -524
core   0: 3 0x8000403a (0xdf406893) x17 0xfffffdf4
core   0: 0x8000403e (0x02799933) mulh    s2, s3, t2
core   0: 3 0x8000403e (0x02799933) x18 0xec1086d6
core   0: 0x80004042 (0x0000c111) c.beqz  a0, pc + 4
core   0: 3 0x80004042 (0xc111)
core   0: 0x80004044 (0x00000001) c.nop
core   0: 3 0x80004044 (0x0001)
core   0: 0x80004046 (0x01f16f63) bltu    sp, t6, pc + 30
core   0: 3 0x80004046 (0x01f16f63)
core   0: 0x80004064 (0x219fbbb7) lui     s7, 0x219fb
core   0: 3 0x80004064 (0x219fbbb7) x23 0x219fb000
core   0: 0x80004068 (0x03e82533) mulhsu  a0, a6, t5
core   0: 3 0x80004068 (0x03e82533) x10 0xffffffff
core   0: 0x8000406c (0x00009b4e) c.add   s6, s3
core   0: 3 0x8000406c (0x9b4e) x22 0x27de99e3
core   0: 0x8000406e (0x0000567d) c.li    a2, -1
core   0: 3 0x8000406e (0x567d) x12 0xffffffff
core   0: 0x80004070 (0x02e23bb3) mulhu   s7, tp, a4
core   0: 3 0x80004070 (0x02e23bb3) x23 0x00000000
core   0: 0x80004074 (0x025ac563) blt     s5, t0, pc + 42
core   0: 3 0x80004074 (0x025ac563)
core   0: 0x8000409e (0x00008cb9) c.xor   s1, a4
core   0: 3 0x8000409e (0x8cb9) x9  0xc7fece25
core   0: 0x800040a0 (0x00008bd6) c.mv    s7, s5
core   0: 3 0x800040a0 (0x8bd6) x23 0xffffffff
core   0: 0x800040a2 (0x00572f33) slt     t5, a4, t0
core   0: 3 0x800040a2 (0x00572f33) x30 0x00000000
core   0: 0x800040a6 (0x0273b1b3) mulhu   gp, t2, t2
core   0: 3 0x800040a6 (0x0273b1b3) x3  0x40003ed0
core   0: 0x800040aa (0x00008d15) c.sub   a0, a3
core   0: 3 0x800040aa (0x8d15) x10 0x7fffc121
core   0: 0x800040ac (0x2c533913) sltiu   s2, t1, 709
core   0: 3 0x800040ac (0x2c533913) x18 0x00000000
core   0: 0x800040b0 (0xf8df8f93) addi    t6, t6, -115
core   0: 3 0x800040b0 (0xf8df8f93) x31 0xffffff8c
core   0: 0x800040b4 (0x032dffb3) remu    t6, s11, s2
core   0: 3 0x800040b4 (0x032dffb3) x31 0x00000000
core   0: 0x800040b8 (0x0000614d) c.addi16sp sp, 176
core   0: 3 0x800040b8 (0x614d) x2  0x00224240
core   0: 0x800040ba (0x0003b3b3) sltu    t2, t2, zero
core   0: 3 0x800040ba (0x0003b3b3) x7  0x00000000
core   0: 0x800040be (0x0153d633) srl     a2, t2, s5
core   0: 3 0x800040be (0x0153d633) x12 0x00000000
core   0: 0x800040c2 (0x000007ba) c.slli  a5, 14
core   0: 3 0x800040c2 (0x07ba) x15 0x7c000000
core   0: 0x800040c4 (0x000002dd) c.addi  t0, 23
core   0: 3 0x800040c4 (0x02dd) x5  0x00000017
core   0: 0x800040c6 (0x41b3d393) srai    t2, t2, 27
core   0: 3 0x800040c6 (0x41b3d393) x7  0x00000000
core   0: 0x800040ca (0x00008455) c.srai  s0, 21
core   0: 3 0x800040ca (0x8455) x8  0x00000000
core   0: 0x800040cc (0x03e48f33) mul     t5, s1, t5
core   0: 3 0x800040cc (0x03e48f33) x30 0x00000000
core   0: 0x800040d0 (0x03b46233) rem     tp, s0, s11
core   0: 3 0x800040d0 (0x03b46233) x4  0x00000000
core   0: 0x800040d4 (0xe30a2393) slti    t2, s4, -464
core   0: 3 0x800040d4 (0xe30a2393) x7  0x00000000
core   0: 0x800040d8 (0xb179f113) andi    sp, s3, -1257
core   0: 3 0x800040d8 (0xb179f113) x2  0x27df0103
core   0: 0x800040dc (0x0119b1b3) sltu    gp, s3, a7
core   0: 3 0x800040dc (0x0119b1b3) x3  0x00000001
core   0: 0x800040e0 (0x004f1993) slli    s3, t5, 4
core   0: 3 0x800040e0 (0x004f1993) x19 0x00000000
core   0: 0x800040e4 (0x00000001) c.nop
core   0: 3 0x800040e4 (0x0001)
core   0: 0x800040e6 (0xde022193) slti    gp, tp, -544
core   0: 3 0x800040e6 (0xde022193) x3  0x00000000
core   0: 0x800040ea (0x0114d893) srli    a7, s1, 17
core   0: 3 0x800040ea (0x0114d893) x17 0x000063ff
core   0: 0x800040ee (0x036f72b3) remu    t0, t5, s6
core   0: 3 0x800040ee (0x036f72b3) x5  0x00000000
core   0: 0x800040f2 (0x00e1ca33) xor     s4, gp, a4
core   0: 3 0x800040f2 (0x00e1ca33) x20 0x00000009
core   0: 0x800040f6 (0x0000614d) c.addi16sp sp, 176
core   0: 3 0x800040f6 (0x614d) x2  0x27df01b3
core   0: 0x800040f8 (0x00008fe5) c.and   a5, s1
core   0: 3 0x800040f8 (0x8fe5) x15 0x44000000
core   0: 0x800040fa (0x41b2d733) sra     a4, t0, s11
core   0: 3 0x800040fa (0x41b2d733) x14 0x00000000
core   0: 0x800040fe (0x00000bea) c.slli  s7, 26
core   0: 3 0x800040fe (0x0bea) x23 0xfc000000
core   0: 0x80004100 (0x40d8d513) srai    a0, a7, 13
core   0: 3 0x80004100 (0x40d8d513) x10 0x00000003
core   0: 0x80004104 (0x00004189) c.li    gp, 2
core   0: 3 0x80004104 (0x4189) x3  0x00000002
core   0: 0x80004106 (0x01c71613) slli    a2, a4, 28
core   0: 3 0x80004106 (0x01c71613) x12 0x00000000
core   0: 0x8000410a (0x00dd5e93) srli    t4, s10, 13
core   0: 3 0x8000410a (0x00dd5e93) x29 0x0007ffff
core   0: 0x8000410e (0x0239ce33) div     t3, s3, gp
core   0: 3 0x8000410e (0x0239ce33) x28 0x00000000
core   0: 0x80004112 (0xfc9ac613) xori    a2, s5, -55
core   0: 3 0x80004112 (0xfc9ac613) x12 0x00000036
core   0: 0x80004116 (0x00000001) c.nop
core   0: 3 0x80004116 (0x0001)
core   0: 0x80004118 (0xb92fef17) auipc   t5, 0xb92fe
core   0: 3 0x80004118 (0xb92fef17) x30 0x39302118
core   0: 0x8000411c (0x03acb233) mulhu   tp, s9, s10
core   0: 3 0x8000411c (0x03acb233) x4  0x0000000e
core   0: 0x80004120 (0x012f9263) bne     t6, s2, pc + 4
core   0: 3 0x80004120 (0x012f9263)
core   0: 0x80004124 (0x00008459) c.srai  s0, 22
core   0: 3 0x80004124 (0x8459) x8  0x00000000
core   0: 0x80004126 (0x2401a213) slti    tp, gp, 576
core   0: 3 0x80004126 (0x2401a213) x4  0x00000001
core   0: 0x8000412a (0x01bfcdb3) xor     s11, t6, s11
core   0: 3 0x8000412a (0x01bfcdb3) x27 0x00000000
core   0: 0x8000412e (0x0000717d) c.addi16sp sp, -16
core   0: 3 0x8000412e (0x717d) x2  0x27df01a3
core   0: 0x80004130 (0x0248a993) slti    s3, a7, 36
core   0: 3 0x80004130 (0x0248a993) x19 0x00000000
core   0: 0x80004134 (0x00006e09) c.lui   t3, 0x2
core   0: 3 0x80004134 (0x6e09) x28 0x00002000
core   0: 0x80004136 (0x029e2fb3) mulhsu  t6, t3, s1
core   0: 3 0x80004136 (0x029e2fb3) x31 0x000018ff
core   0: 0x8000413a (0x03eb09b3) mul     s3, s6, t5
core   0: 3 0x8000413a (0x03eb09b3) x19 0xd444b048
core   0: 0x8000413e (0x009730b3) sltu    ra, a4, s1
core   0: 3 0x8000413e (0x009730b3) x1  0x00000001
core   0: 0x80004142 (0x00000be2) c.slli  s7, 24
core   0: 3 0x80004142 (0x0be2) x23 0x00000000
core   0: 0x80004144 (0x021d9633) mulh    a2, s11, ra
core   0: 3 0x80004144 (0x021d9633) x12 0x00000000
core   0: 0x80004148 (0x40445233) sra     tp, s0, tp
core   0: 3 0x80004148 (0x40445233) x4  0x00000000
core   0: 0x8000414c (0x00001f7d) c.addi  t5, -1
core   0: 3 0x8000414c (0x1f7d) x30 0x39302117
core   0: 0x8000414e (0x00000001) c.nop
core   0: 3 0x8000414e (0x0001)
core   0: 0x80004150 (0x00005efd) c.li    t4, -1
core   0: 3 0x80004150 (0x5efd) x29 0xffffffff
core   0: 0x80004152 (0x307bea93) ori     s5, s7, 775
core   0: 3 0x80004152 (0x307bea93) x21 0x00000307
core   0: 0x80004156 (0x0000ce11) c.beqz  a2, pc + 28
core   0: 3 0x80004156 (0xce11)
core   0: 0x80004172 (0x03a5adb3) mulhsu  s11, a1, s10
core   0: 3 0x80004172 (0x03a5adb3) x27 0x80029ce4
core   0: 0x80004176 (0x01090d63) beq     s2, a6, pc + 26
core   0: 3 0x80004176 (0x01090d63)
core   0: 0x8000417a (0x00b60c33) add     s8, a2, a1
core   0: 3 0x8000417a (0x00b60c33) x24 0x80029ce4
core   0: 0x8000417e (0x368c4613) xori    a2, s8, 872
core   0: 3 0x8000417e (0x368c4613) x12 0x80029f8c
core   0: 0x80004182 (0x00008d19) c.sub   a0, a4
core   0: 3 0x80004182 (0x8d19) x10 0x00000003
core   0: 0x80004184 (0xea81f393) andi    t2, gp, -344
core   0: 3 0x80004184 (0xea81f393) x7  0x00000000
core   0: 0x80004188 (0x0022da13) srli    s4, t0, 2
core   0: 3 0x80004188 (0x0022da13) x20 0x00000000
core   0: 0x8000418c (0x00801b13) slli    s6, zero, 8
core   0: 3 0x8000418c (0x00801b13) x22 0x00000000
core   0: 0x80004190 (0x02498663) beq     s3, tp, pc + 44
core   0: 3 0x80004190 (0x02498663)
core   0: 0x80004194 (0x02606833) rem     a6, zero, t1
core   0: 3 0x80004194 (0x02606833) x16 0x00000000
core   0: 0x80004198 (0x00008fb1) c.xor   a5, a2
core   0: 3 0x80004198 (0x8fb1) x15 0xc4029f8c
core   0: 0x8000419a (0x0000e909) c.bnez  a0, pc + 18
core   0: 3 0x8000419a (0xe909)
core   0: 0x800041ac (0x00d1fb63) bgeu    gp, a3, pc + 22
core   0: 3 0x800041ac (0x00d1fb63)
core   0: 0x800041b0 (0x026f4f63) blt     t5, t1, pc + 62
core   0: 3 0x800041b0 (0x026f4f63)
core   0: 0x800041b4 (0x00008895) c.andi  s1, 5
core   0: 3 0x800041b4 (0x8895) x9  0x00000005
core   0: 0x800041b6 (0x00009652) c.add   a2, s4
core   0: 3 0x800041b6 (0x9652) x12 0x80029f8c
core   0: 0x800041b8 (0x00749b63) bne     s1, t2, pc + 22
core   0: 3 0x800041b8 (0x00749b63)
core   0: 0x800041ce (0x016e41b3) xor     gp, t3, s6
core   0: 3 0x800041ce (0x016e41b3) x3  0x00002000
core   0: 0x800041d2 (0x03bd8133) mul     sp, s11, s11
core   0: 3 0x800041d2 (0x03bd8133) x2  0xd3b6ab10
core   0: 0x800041d6 (0x000087b1) c.srai  a5, 12
core   0: 3 0x800041d6 (0x87b1) x15 0xfffc4029
core   0: 0x800041d8 (0x03db99b3) mulh    s3, s7, t4
core   0: 3 0x800041d8 (0x03db99b3) x19 0x00000000
core   0: 0x800041dc (0x00a1c263) blt     gp, a0, pc + 4
core   0: 3 0x800041dc (0x00a1c263)
core   0: 0x800041e0 (0x88a30eb7) lui     t4, 0x88a30
core   0: 3 0x800041e0 (0x88a30eb7) x29 0x88a30000
core   0: 0x800041e4 (0x12b9bf13) sltiu   t5, s3, 299
core   0: 3 0x800041e4 (0x12b9bf13) x30 0x00000001
core   0: 0x800041e8 (0x00169493) slli    s1, a3, 1
core   0: 3 0x800041e8 (0x00169493) x9  0x00007dbc
core   0: 0x800041ec (0x00008fc5) c.or    a5, s1
core   0: 3 0x800041ec (0x8fc5) x15 0xfffc7dbd
core   0: 0x800041ee (0x031d01b3) mul     gp, s10, a7
core   0: 3 0x800041ee (0x031d01b3) x3  0xffff9c01
core   0: 0x800041f2 (0x0000717d) c.addi16sp sp, -16
core   0: 3 0x800041f2 (0x717d) x2  0xd3b6ab00
core   0: 0x800041f4 (0x00008f69) c.and   a4, a0
core   0: 3 0x800041f4 (0x8f69) x14 0x00000000
core   0: 0x800041f6 (0x0151a2b3) slt     t0, gp, s5
core   0: 3 0x800041f6 (0x0151a2b3) x5  0x00000001
core   0: 0x800041fa (0x03efe4b3) rem     s1, t6, t5
core   0: 3 0x800041fa (0x03efe4b3) x9  0x00000000
core   0: 0x800041fe (0x8c374f93) xori    t6, a4, -1853
core   0: 3 0x800041fe (0x8c374f93) x31 0xfffff8c3
core   0: 0x80004202 (0x000083e5) c.srli  a5, 25
core   0: 3 0x80004202 (0x83e5) x15 0x0000007f
core   0: 0x80004204 (0x0000923a) c.add   tp, a4
core   0: 3 0x80004204 (0x923a) x4  0x00000000
core   0: 0x80004206 (0x024f8663) beq     t6, tp, pc + 44
core   0: 3 0x80004206 (0x024f8663)
core   0: 0x8000420a (0x86656093) ori     ra, a0, -1946
core   0: 3 0x8000420a (0x86656093) x1  0xfffff867
core   0: 0x8000420e (0x00008fa5) c.xor   a5, s1
core   0: 3 0x8000420e (0x8fa5) x15 0x0000007f
core   0: 0x80004210 (0x03f904b3) mul     s1, s2, t6
core   0: 3 0x80004210 (0x03f904b3) x9  0x00000000
core   0: 0x80004214 (0x01413f33) sltu    t5, sp, s4
core   0: 3 0x80004214 (0x01413f33) x30 0x00000000
core   0: 0x80004218 (0x00ea56b3) srl     a3, s4, a4
core   0: 3 0x80004218 (0x00ea56b3) x13 0x00000000
core   0: 0x8000421c (0x02c2db63) bge     t0, a2, pc + 54
core   0: 3 0x8000421c (0x02c2db63)
core   0: 0x80004252 (0x012bc733) xor     a4, s7, s2
core   0: 3 0x80004252 (0x012bc733) x14 0x00000000
core   0: 0x80004256 (0x0414d063) bge     s1, ra, pc + 64
core   0: 3 0x80004256 (0x0414d063)
core   0: 0x80004296 (0x00008e5d) c.or    a2, a5
core   0: 3 0x80004296 (0x8e5d) x12 0x80029fff
core   0: 0x80004298 (0xa57b6493) ori     s1, s6, -1449
core   0: 3 0x80004298 (0xa57b6493) x9  0xfffffa57
core   0: 0x8000429c (0x000041e9) c.li    gp, 26
core   0: 3 0x8000429c (0x41e9) x3  0x0000001a
core   0: 0x8000429e (0x40a0d793) srai    a5, ra, 10
core   0: 3 0x8000429e (0x40a0d793) x15 0xfffffffe
core   0: 0x800042a2 (0x01e3d393) srli    t2, t2, 30
core   0: 3 0x800042a2 (0x01e3d393) x7  0x00000000
core   0: 0x800042a6 (0x25675d97) auipc   s11, 0x25675
core   0: 3 0x800042a6 (0x25675d97) x27 0xa56792a6
core   0: 0x800042aa (0x000081a2) c.mv    gp, s0
core   0: 3 0x800042aa (0x81a2) x3  0x00000000
core   0: 0x800042ac (0x00000835) c.addi  a6, 13
core   0: 3 0x800042ac (0x0835) x16 0x0000000d
core   0: 0x800042ae (0x000046ed) c.li    a3, 27
core   0: 3 0x800042ae (0x46ed) x13 0x0000001b
core   0: 0x800042b0 (0x85823013) sltiu   zero, tp, -1960
core   0: 3 0x800042b0 (0x85823013)
core   0: 0x800042b4 (0x017d1793) slli    a5, s10, 23
core   0: 3 0x800042b4 (0x017d1793) x15 0xff800000
core   0: 0x800042b8 (0x00009afd) c.andi  a3, -1
core   0: 3 0x800042b8 (0x9afd) x13 0x0000001b
core   0: 0x800042ba (0x019cb433) sltu    s0, s9, s9
core   0: 3 0x800042ba (0x019cb433) x8  0x00000000
core   0: 0x800042be (0x00dae7b3) or      a5, s5, a3
core   0: 3 0x800042be (0x00dae7b3) x15 0x0000031f
core   0: 0x800042c2 (0x00008fc9) c.or    a5, a0
core   0: 3 0x800042c2 (0x8fc9) x15 0x0000031f
core   0: 0x800042c4 (0x017cda33) srl     s4, s9, s7
core   0: 3 0x800042c4 (0x017cda33) x20 0x0000000f
core   0: 0x800042c8 (0xbcc07e93) andi    t4, zero, -1076
core   0: 3 0x800042c8 (0xbcc07e93) x29 0x00000000
core   0: 0x800042cc (0x024d5fb3) divu    t6, s10, tp
core   0: 3 0x800042cc (0x024d5fb3) x31 0xffffffff
core   0: 0x800042d0 (0x026f3b33) mulhu   s6, t5, t1
core   0: 3 0x800042d0 (0x026f3b33) x22 0x00000000
core   0: 0x800042d4 (0x01f07eb3) and     t4, zero, t6
core   0: 3 0x800042d4 (0x01f07eb3) x29 0x00000000
core   0: 0x800042d8 (0x02d53733) mulhu   a4, a0, a3
core   0: 3 0x800042d8 (0x02d53733) x14 0x00000000
core   0: 0x800042dc (0x01734ab3) xor     s5, t1, s7
core   0: 3 0x800042dc (0x01734ab3) x21 0x80025e64
core   0: 0x800042e0 (0x011bfa33) and     s4, s7, a7
core   0: 3 0x800042e0 (0x011bfa33) x20 0x00000000
core   0: 0x800042e4 (0x021c4633) div     a2, s8, ra
core   0: 3 0x800042e4 (0x021c4633) x12 0x0010d890
core   0: 0x800042e8 (0x02ba0a33) mul     s4, s4, a1
core   0: 3 0x800042e8 (0x02ba0a33) x20 0x00000000
core   0: 0x800042ec (0x037e82b3) mul     t0, t4, s7
core   0: 3 0x800042ec (0x037e82b3) x5  0x00000000
core   0: 0x800042f0 (0x000041fd) c.li    gp, 31
core   0: 3 0x800042f0 (0x41fd) x3  0x0000001f
core   0: 0x800042f2 (0x01a11b63) bne     sp, s10, pc + 22
core   0: 3 0x800042f2 (0x01a11b63)
core   0: 0x80004308 (0x00ebd613) srli    a2, s7, 14
core   0: 3 0x80004308 (0x00ebd613) x12 0x00000000
core   0: 0x8000430c (0xcf70c9b7) lui     s3, 0xcf70c
core   0: 3 0x8000430c (0xcf70c9b7) x19 0xcf70c000
core   0: 0x80004310 (0x011e6763) bltu    t3, a7, pc + 14
core   0: 3 0x80004310 (0x011e6763)
core   0: 0x8000431e (0x00001a9c) c.addi4spn a5, sp, 368
core   0: 3 0x8000431e (0x1a9c) x15 0xd3b6ac70
core   0: 0x80004320 (0x016639b3) sltu    s3, a2, s6
core   0: 3 0x80004320 (0x016639b3) x19 0x00000000
core   0: 0x80004324 (0xce432293) slti    t0, t1, -796
core   0: 3 0x80004324 (0xce432293) x5  0x00000001
core   0: 0x80004328 (0x013900b3) add     ra, s2, s3
core   0: 3 0x80004328 (0x013900b3) x1  0x00000000
core   0: 0x8000432c (0x017b1963) bne     s6, s7, pc + 18
core   0: 3 0x8000432c (0x017b1963)
core   0: 0x80004330 (0x0000c38d) c.beqz  a5, pc + 34
core   0: 3 0x80004330 (0xc38d)
core   0: 0x80004332 (0x012c5793) srli    a5, s8, 18
core   0: 3 0x80004332 (0x012c5793) x15 0x00002000
core   0: 0x80004336 (0x023cfc33) remu    s8, s9, gp
core   0: 3 0x80004336 (0x023cfc33) x24 0x0000000f
core   0: 0x8000433a (0x41f502b3) sub     t0, a0, t6
core   0: 3 0x8000433a (0x41f502b3) x5  0x00000004
core   0: 0x8000433e (0x001217b3) sll     a5, tp, ra
core   0: 3 0x8000433e (0x001217b3) x15 0x00000000
core   0: 0x80004342 (0x024f3fb3) mulhu   t6, t5, tp
core   0: 3 0x80004342 (0x024f3fb3) x31 0x00000000
core   0: 0x80004346 (0x01298633) add     a2, s3, s2
core   0: 3 0x80004346 (0x01298633) x12 0x00000000
core   0: 0x8000434a (0x000099ca) c.add   s3, s2
core   0: 3 0x8000434a (0x99ca) x19 0x00000000
core   0: 0x8000434c (0x0132cd63) blt     t0, s3, pc + 26
core   0: 3 0x8000434c (0x0132cd63)
core   0: 0x80004350 (0x00000ff5) c.addi  t6, 29
core   0: 3 0x80004350 (0x0ff5) x31 0x0000001d
core   0: 0x80004352 (0x407fd093) srai    ra, t6, 7
core   0: 3 0x80004352 (0x407fd093) x1  0x00000000
core   0: 0x80004356 (0x00cdf6b3) and     a3, s11, a2
core   0: 3 0x80004356 (0x00cdf6b3) x13 0x00000000
core   0: 0x8000435a (0x01ae7733) and     a4, t3, s10
core   0: 3 0x8000435a (0x01ae7733) x14 0x00002000
core   0: 0x8000435e (0x0317ff63) bgeu    a5, a7, pc + 62
core   0: 3 0x8000435e (0x0317ff63)
core   0: 0x80004362 (0x0362f933) remu    s2, t0, s6
core   0: 3 0x80004362 (0x0362f933) x18 0x00000004
core   0: 0x80004366 (0x00008ee5) c.and   a3, s1
core   0: 3 0x80004366 (0x8ee5) x13 0x00000000
core   0: 0x80004368 (0x01d54fb3) xor     t6, a0, t4
core   0: 3 0x80004368 (0x01d54fb3) x31 0x00000003
core   0: 0x8000436c (0x00000001) c.nop
core   0: 3 0x8000436c (0x0001)
core   0: 0x8000436e (0x001847b3) xor     a5, a6, ra
core   0: 3 0x8000436e (0x001847b3) x15 0x0000000d
core   0: 0x80004372 (0x00009a7d) c.andi  a2, -1
core   0: 3 0x80004372 (0x9a7d) x12 0x00000000
core   0: 0x80004374 (0x027cd033) divu    zero, s9, t2
core   0: 3 0x80004374 (0x027cd033)
core   0: 0x80004378 (0x00006b05) c.lui   s6, 0x1
core   0: 3 0x80004378 (0x6b05) x22 0x00001000
core   0: 0x8000437a (0x00008c45) c.or    s0, s1
core   0: 3 0x8000437a (0x8c45) x8  0xfffffa57
core   0: 0x8000437c (0x7fbe6b13) ori     s6, t3, 2043
core   0: 3 0x8000437c (0x7fbe6b13) x22 0x000027fb
core   0: 0x80004380 (0x28cc0493) addi    s1, s8, 652
core   0: 3 0x80004380 (0x28cc0493) x9  0x0000029b
core   0: 0x80004384 (0x01c210b3) sll     ra, tp, t3
core   0: 3 0x80004384 (0x01c210b3) x1  0x00000000
core   0: 0x80004388 (0x017d6863) bltu    s10, s7, pc + 16
core   0: 3 0x80004388 (0x017d6863)
core   0: 0x8000438c (0x00ec3db3) sltu    s11, s8, a4
core   0: 3 0x8000438c (0x00ec3db3) x27 0x00000001
core   0: 0x80004390 (0x0b756413) ori     s0, a0, 183
core   0: 3 0x80004390 (0x0b756413) x8  0x000000b7
core   0: 0x80004394 (0x006c3db3) sltu    s11, s8, t1
core   0: 3 0x80004394 (0x006c3db3) x27 0x00000001
core   0: 0x80004398 (0x020c4b33) div     s6, s8, zero
core   0: 3 0x80004398 (0x020c4b33) x22 0xffffffff
core   0: 0x8000439c (0x00009a7d) c.andi  a2, -1
core   0: 3 0x8000439c (0x9a7d) x12 0x00000000
core   0: 0x8000439e (0x000080a5) c.srli  s1, 9
core   0: 3 0x8000439e (0x80a5) x9  0x00000001
core   0: 0x800043a0 (0x0000c2a1) c.beqz  a3, pc + 64
core   0: 3 0x800043a0 (0xc2a1)
core   0: 0x800043e0 (0x03a20863) beq     tp, s10, pc + 48
core   0: 3 0x800043e0 (0x03a20863)
core   0: 0x800043e4 (0x015b9913) slli    s2, s7, 21
core   0: 3 0x800043e4 (0x015b9913) x18 0x00000000
core   0: 0x800043e8 (0x017fd113) srli    sp, t6, 23
core   0: 3 0x800043e8 (0x017fd113) x2  0x00000000
core   0: 0x800043ec (0x01081eb3) sll     t4, a6, a6
core   0: 3 0x800043ec (0x01081eb3) x29 0x0001a000
core   0: 0x800043f0 (0x00008f8d) c.sub   a5, a1
core   0: 3 0x800043f0 (0x8f8d) x15 0x7ffd6329
core   0: 0x800043f2 (0x00c43db3) sltu    s11, s0, a2
core   0: 3 0x800043f2 (0x00c43db3) x27 0x00000000
core   0: 0x800043f6 (0x00008f05) c.sub   a4, s1
core   0: 3 0x800043f6 (0x8f05) x14 0x00001fff
core   0: 0x800043f8 (0x01b6c2b3) xor     t0, a3, s11
core   0: 3 0x800043f8 (0x01b6c2b3) x5  0x00000000
core   0: 0x800043fc (0x983d3d13) sltiu   s10, s10, -1661
core   0: 3 0x800043fc (0x983d3d13) x26 0x00000000
core   0: 0x80004400 (0x00000001) c.nop
core   0: 3 0x80004400 (0x0001)
core   0: 0x80004402 (0x02dd8063) beq     s11, a3, pc + 32
core   0: 3 0x80004402 (0x02dd8063)
core   0: 0x80004422 (0x02b26e63) bltu    tp, a1, pc + 60
core   0: 3 0x80004422 (0x02b26e63)
core   0: 0x8000445e (0x04425163) bge     tp, tp, pc + 66
core   0: 3 0x8000445e (0x04425163)
core   0: 0x800044a0 (0x03965633) divu    a2, a2, s9
core   0: 3 0x800044a0 (0x03965633) x12 0x00000000
core   0: 0x800044a4 (0x01600e63) beq     zero, s6, pc + 28
core   0: 3 0x800044a4 (0x01600e63)
core   0: 0x800044a8 (0x0000ee99) c.bnez  a3, pc + 30
core   0: 3 0x800044a8 (0xee99)
core   0: 0x800044aa (0x02177263) bgeu    a4, ra, pc + 36
core   0: 3 0x800044aa (0x02177263)
core   0: 0x800044ce (0x00dcc763) blt     s9, a3, pc + 14
core   0: 3 0x800044ce (0x00dcc763)
core   0: 0x800044d2 (0x00f2e6b3) or      a3, t0, a5
core   0: 3 0x800044d2 (0x00f2e6b3) x13 0x7ffd6329
core   0: 0x800044d6 (0x015b1f33) sll     t5, s6, s5
core   0: 3 0x800044d6 (0x015b1f33) x30 0xfffffff0
core   0: 0x800044da (0x000068bd) c.lui   a7, 0xf
core   0: 3 0x800044da (0x68bd) x17 0x0000f000
core   0: 0x800044dc (0x00008485) c.srai  s1, 1
core   0: 3 0x800044dc (0x8485) x9  0x00000000
core   0: 0x800044de (0xefecc413) xori    s0, s9, -258
core   0: 3 0x800044de (0xefecc413) x8  0xfffffef1
core   0: 0x800044e2 (0x02208033) mul     zero, ra, sp
core   0: 3 0x800044e2 (0x02208033)
core   0: 0x800044e6 (0x033d8263) beq     s11, s3, pc + 36
core   0: 3 0x800044e6 (0x033d8263)
core   0: 0x8000450a (0x00dc1f33) sll     t5, s8, a3
core   0: 3 0x8000450a (0x00dc1f33) x30 0x00001e00
core   0: 0x8000450e (0x014df933) and     s2, s11, s4
core   0: 3 0x8000450e (0x014df933) x18 0x00000000
core   0: 0x80004512 (0xc965c893) xori    a7, a1, -874
core   0: 3 0x80004512 (0xc965c893) x17 0x7ffd6072
core   0: 0x80004516 (0x0000875a) c.mv    a4, s6
core   0: 3 0x80004516 (0x875a) x14 0xffffffff
core   0: 0x80004518 (0xeb5ee693) ori     a3, t4, -331
core   0: 3 0x80004518 (0xeb5ee693) x13 0xfffffeb5
core   0: 0x8000451c (0x01916d33) or      s10, sp, s9
core   0: 3 0x8000451c (0x01916d33) x26 0x0000000f
core   0: 0x80004520 (0x01c6b0b3) sltu    ra, a3, t3
core   0: 3 0x80004520 (0x01c6b0b3) x1  0x00000000
core   0: 0x80004524 (0x411007b3) sub     a5, zero, a7
core   0: 3 0x80004524 (0x411007b3) x15 0x80029f8e
core   0: 0x80004528 (0x020b74b3) remu    s1, s6, zero
core   0: 3 0x80004528 (0x020b74b3) x9  0xffffffff
core   0: 0x8000452c (0x00000001) c.nop
core   0: 3 0x8000452c (0x0001)
core   0: 0x8000452e (0x0000855d) c.srai  a0, 23
core   0: 3 0x8000452e (0x855d) x10 0x00000000
core   0: 0x80004530 (0x01b9b133) sltu    sp, s3, s11
core   0: 3 0x80004530 (0x01b9b133) x2  0x00000000
core   0: 0x80004534 (0x00008ecd) c.or    a3, a1
core   0: 3 0x80004534 (0x8ecd) x13 0xfffffef5
core   0: 0x80004536 (0x00000212) c.slli  tp, 4
core   0: 3 0x80004536 (0x0212) x4  0x00000000
core   0: 0x80004538 (0x02f6e7b3) rem     a5, a3, a5
core   0: 3 0x80004538 (0x02f6e7b3) x15 0xfffffef5
core   0: 0x8000453c (0x00000001) c.nop
core   0: 3 0x8000453c (0x0001)
core   0: 0x8000453e (0x0000ed11) c.bnez  a0, pc + 28
core   0: 3 0x8000453e (0xed11)
core   0: 0x80004540 (0x00008d4d) c.or    a0, a1
core   0: 3 0x80004540 (0x8d4d) x10 0x80029ce4
core   0: 0x80004542 (0x0c3db413) sltiu   s0, s11, 195
core   0: 3 0x80004542 (0x0c3db413) x8  0x00000001
core   0: 0x80004546 (0x00000001) c.nop
core   0: 3 0x80004546 (0x0001)
core   0: 0x80004548 (0x004b1733) sll     a4, s6, tp
core   0: 3 0x80004548 (0x004b1733) x14 0xffffffff
core   0: 0x8000454c (0x02cdb1b3) mulhu   gp, s11, a2
core   0: 3 0x8000454c (0x02cdb1b3) x3  0x00000000
core   0: 0x80004550 (0xb5c0e113) ori     sp, ra, -1188
core   0: 3 0x80004550 (0xb5c0e113) x2  0xfffffb5c
core   0: 0x80004554 (0x00008e39) c.xor   a2, a4
core   0: 3 0x80004554 (0x8e39) x12 0xffffffff
core   0: 0x80004556 (0x03ec6733) rem     a4, s8, t5
core   0: 3 0x80004556 (0x03ec6733) x14 0x0000000f
core   0: 0x8000455a (0x01585e93) srli    t4, a6, 21
core   0: 3 0x8000455a (0x01585e93) x29 0x00000000
core   0: 0x8000455e (0x40905913) srai    s2, zero, 9
core   0: 3 0x8000455e (0x40905913) x18 0x00000000
core   0: 0x80004562 (0x408c03b3) sub     t2, s8, s0
core   0: 3 0x80004562 (0x408c03b3) x7  0x0000000e
core   0: 0x80004566 (0x0000c485) c.beqz  s1, pc + 40
core   0: 3 0x80004566 (0xc485)
core   0: 0x80004568 (0x00008bc1) c.andi  a5, 16
core   0: 3 0x80004568 (0x8bc1) x15 0x00000010
core   0: 0x8000456a (0x02c1fb33) remu    s6, gp, a2
core   0: 3 0x8000456a (0x02c1fb33) x22 0x00000000
core   0: 0x8000456e (0x0ff24113) xori    sp, tp, 255
core   0: 3 0x8000456e (0x0ff24113) x2  0x000000ff
core   0: 0x80004572 (0x00000c0a) c.slli  s8, 2
core   0: 3 0x80004572 (0x0c0a) x24 0x0000003c
core   0: 0x80004574 (0x03a9f263) bgeu    s3, s10, pc + 36
core   0: 3 0x80004574 (0x03a9f263)
core   0: 0x80004578 (0x00008ee9) c.and   a3, a0
core   0: 3 0x80004578 (0x8ee9) x13 0x80029ce4
core   0: 0x8000457a (0x921df093) andi    ra, s11, -1759
core   0: 3 0x8000457a (0x921df093) x1  0x00000000
core   0: 0x8000457e (0x00008f11) c.sub   a4, a2
core   0: 3 0x8000457e (0x8f11) x14 0x00000010
core   0: 0x80004580 (0x00006109) c.addi16sp sp, 128
core   0: 3 0x80004580 (0x6109) x2  0x0000017f
core   0: 0x80004582 (0xbd1a9b97) auipc   s7, 0xbd1a9
core   0: 3 0x80004582 (0xbd1a9b97) x23 0x3d1ad582
core   0: 0x80004586 (0x00008ccd) c.or    s1, a1
core   0: 3 0x80004586 (0x8ccd) x9  0xffffffff
core   0: 0x80004588 (0x00008f05) c.sub   a4, s1
core   0: 3 0x80004588 (0x8f05) x14 0x00000011
core   0: 0x8000458a (0x00341693) slli    a3, s0, 3
core   0: 3 0x8000458a (0x00341693) x13 0x00000008
core   0: 0x8000458e (0x0000617d) c.addi16sp sp, 496
core   0: 3 0x8000458e (0x617d) x2  0x0000036f
core   0: 0x80004590 (0x0000612d) c.addi16sp sp, 224
core   0: 3 0x80004590 (0x612d) x2  0x0000044f
core   0: 0x80004592 (0x0000816d) c.srli  a0, 27
core   0: 3 0x80004592 (0x816d) x10 0x00000010
core   0: 0x80004594 (0x001542b3) xor     t0, a0, ra
core   0: 3 0x80004594 (0x001542b3) x5  0x00000010
core   0: 0x80004598 (0x5d900893) li      a7, 1497
core   0: 3 0x80004598 (0x5d900893) x17 0x000005d9
core   0: 0x8000459c (0x01d10a33) add     s4, sp, t4
core   0: 3 0x8000459c (0x01d10a33) x20 0x0000044f
core   0: 0x800045a0 (0x00001e80) c.addi4spn s0, sp, 880
core   0: 3 0x800045a0 (0x1e80) x8  0x000007bf
core   0: 0x800045a2 (0x0000e89d) c.bnez  s1, pc + 54
core   0: 3 0x800045a2 (0xe89d)
core   0: 0x800045d8 (0x000064d1) c.lui   s1, 0x14
core   0: 3 0x800045d8 (0x64d1) x9  0x00014000
core   0: 0x800045da (0x00b3ec33) or      s8, t2, a1
core   0: 3 0x800045da (0x00b3ec33) x24 0x80029cee
core   0: 0x800045de (0x0173d963) bge     t2, s7, pc + 18
core   0: 3 0x800045de (0x0173d963)
core   0: 0x800045e2 (0x25cda413) slti    s0, s11, 604
core   0: 3 0x800045e2 (0x25cda413) x8  0x00000001
core   0: 0x800045e6 (0x02a8c563) blt     a7, a0, pc + 42
core   0: 3 0x800045e6 (0x02a8c563)
core   0: 0x800045ea (0x01e0cab3) xor     s5, ra, t5
core   0: 3 0x800045ea (0x01e0cab3) x21 0x00001e00
core   0: 0x800045ee (0x00008ff5) c.and   a5, a3
core   0: 3 0x800045ee (0x8ff5) x15 0x00000000
core   0: 0x800045f0 (0x843f3e93) sltiu   t4, t5, -1981
core   0: 3 0x800045f0 (0x843f3e93) x29 0x00000001
core   0: 0x800045f4 (0x03f318b3) mulh    a7, t1, t6
core   0: 3 0x800045f4 (0x03f318b3) x17 0xfffffffe
core   0: 0x800045f8 (0x00857c63) bgeu    a0, s0, pc + 24
core   0: 3 0x800045f8 (0x00857c63)
core   0: 0x80004610 (0x00001a7d) c.addi  s4, -1
core   0: 3 0x80004610 (0x1a7d) x20 0x0000044e
core   0: 0x80004612 (0x00001a10) c.addi4spn a2, sp, 304
core   0: 3 0x80004612 (0x1a10) x12 0x0000057f
core   0: 0x80004614 (0x00008e29) c.xor   a2, a0
core   0: 3 0x80004614 (0x8e29) x12 0x0000056f
core   0: 0x80004616 (0x00a56c63) bltu    a0, a0, pc + 24
core   0: 3 0x80004616 (0x00a56c63)
core   0: 0x8000461a (0x0000c421) c.beqz  s0, pc + 72
core   0: 3 0x8000461a (0xc421)
core   0: 0x8000461c (0x03b52e33) mulhsu  t3, a0, s11
core   0: 3 0x8000461c (0x03b52e33) x28 0x00000000
core   0: 0x80004620 (0x01170463) beq     a4, a7, pc + 8
core   0: 3 0x80004620 (0x01170463)
core   0: 0x80004624 (0x0047fb33) and     s6, a5, tp
core   0: 3 0x80004624 (0x0047fb33) x22 0x00000000
core   0: 0x80004628 (0x00000e29) c.addi  t3, 10
core   0: 3 0x80004628 (0x0e29) x28 0x0000000a
core   0: 0x8000462a (0x58b74613) xori    a2, a4, 1419
core   0: 3 0x8000462a (0x58b74613) x12 0x0000059a
core   0: 0x8000462e (0x0171d263) bge     gp, s7, pc + 4
core   0: 3 0x8000462e (0x0171d263)
core   0: 0x80004632 (0x00008339) c.srli  a4, 14
core   0: 3 0x80004632 (0x8339) x14 0x00000000
core   0: 0x80004634 (0x02ca2db3) mulhsu  s11, s4, a2
core   0: 3 0x80004634 (0x02ca2db3) x27 0x00000000
core   0: 0x80004638 (0x0000cb05) c.beqz  a4, pc + 48
core   0: 3 0x80004638 (0xcb05)
core   0: 0x80004668 (0x00008411) c.srai  s0, 4
core   0: 3 0x80004668 (0x8411) x8  0x00000000
core   0: 0x8000466a (0x02c96d33) rem     s10, s2, a2
core   0: 3 0x8000466a (0x02c96d33) x26 0x00000000
core   0: 0x8000466e (0x004cd713) srli    a4, s9, 4
core   0: 3 0x8000466e (0x004cd713) x14 0x00000000
core   0: 0x80004672 (0x012addb3) srl     s11, s5, s2
core   0: 3 0x80004672 (0x012addb3) x27 0x00001e00
core   0: 0x80004676 (0x000334b3) sltu    s1, t1, zero
core   0: 3 0x80004676 (0x000334b3) x9  0x00000000
core   0: 0x8000467a (0x753eaa93) slti    s5, t4, 1875
core   0: 3 0x8000467a (0x753eaa93) x21 0x00000001
core   0: 0x8000467e (0x3ec17013) andi    zero, sp, 1004
core   0: 3 0x8000467e (0x3ec17013)
core   0: 0x80004682 (0x41ce88b3) sub     a7, t4, t3
core   0: 3 0x80004682 (0x41ce88b3) x17 0xfffffff7
core   0: 0x80004686 (0x0306c4b3) div     s1, a3, a6
core   0: 3 0x80004686 (0x0306c4b3) x9  0x00000000
core   0: 0x8000468a (0x0000ce19) c.beqz  a2, pc + 30
core   0: 3 0x8000468a (0xce19)
core   0: 0x8000468c (0x03a8a8b3) mulhsu  a7, a7, s10
core   0: 3 0x8000468c (0x03a8a8b3) x17 0x00000000
core   0: 0x80004690 (0x00008d2d) c.xor   a0, a1
core   0: 3 0x80004690 (0x8d2d) x10 0x80029cf4
core   0: 0x80004692 (0x00000ed9) c.addi  t4, 22
core   0: 3 0x80004692 (0x0ed9) x29 0x00000017
core   0: 0x80004694 (0x02a18133) mul     sp, gp, a0
core   0: 3 0x80004694 (0x02a18133) x2  0x00000000
core   0: 0x80004698 (0x0000517d) c.li    sp, -1
core   0: 3 0x80004698 (0x517d) x2  0xffffffff
core   0: 0x8000469a (0x00008a11) c.andi  a2, 4
core   0: 3 0x8000469a (0x8a11) x12 0x00000000
core   0: 0x8000469c (0x41bf06b3) sub     a3, t5, s11
core   0: 3 0x8000469c (0x41bf06b3) x13 0x00000000
core   0: 0x800046a0 (0x007d5eb3) srl     t4, s10, t2
core   0: 3 0x800046a0 (0x007d5eb3) x29 0x00000000
core   0: 0x800046a4 (0x0156d6b3) srl     a3, a3, s5
core   0: 3 0x800046a4 (0x0156d6b3) x13 0x00000000
core   0: 0x800046a8 (0x0000e785) c.bnez  a5, pc + 40
core   0: 3 0x800046a8 (0xe785)
core   0: 0x800046aa (0x00008d01) c.sub   a0, s0
core   0: 3 0x800046aa (0x8d01) x10 0x80029cf4
core   0: 0x800046ac (0x03283233) mulhu   tp, a6, s2
core   0: 3 0x800046ac (0x03283233) x4  0x00000000
core   0: 0x800046b0 (0x03a23033) mulhu   zero, tp, s10
core   0: 3 0x800046b0 (0x03a23033)
core   0: 0x800046b4 (0x000088a6) c.mv    a7, s1
core   0: 3 0x800046b4 (0x88a6) x17 0x00000000
core   0: 0x800046b6 (0x00000001) c.nop
core   0: 3 0x800046b6 (0x0001)
core   0: 0x800046b8 (0x01647563) bgeu    s0, s6, pc + 10
core   0: 3 0x800046b8 (0x01647563)
core   0: 0x800046c2 (0x02a31633) mulh    a2, t1, a0
core   0: 3 0x800046c2 (0x02a31633) x12 0x3ffd825a
core   0: 0x800046c6 (0x059b0063) beq     s6, s9, pc + 64
core   0: 3 0x800046c6 (0x059b0063)
core   0: 0x800046ca (0x00008325) c.srli  a4, 9
core   0: 3 0x800046ca (0x8325) x14 0x00000000
core   0: 0x800046cc (0xb1076a17) auipc   s4, 0xb1076
core   0: 3 0x800046cc (0xb1076a17) x20 0x3107a6cc
core   0: 0x800046d0 (0x00008e12) c.mv    t3, tp
core   0: 3 0x800046d0 (0x8e12) x28 0x00000000
core   0: 0x800046d2 (0x08bd2197) auipc   gp, 0x8bd2
core   0: 3 0x800046d2 (0x08bd2197) x3  0x88bd66d2
core   0: 0x800046d6 (0xf8f0b393) sltiu   t2, ra, -113
core   0: 3 0x800046d6 (0xf8f0b393) x7  0x00000001
core   0: 0x800046da (0x0000c089) c.beqz  s1, pc + 2
core   0: 3 0x800046da (0xc089)
core   0: 0x800046dc (0x05fb7263) bgeu    s6, t6, pc + 68
core   0: 3 0x800046dc (0x05fb7263)
core   0: 0x800046e0 (0x03621d33) mulh    s10, tp, s6
core   0: 3 0x800046e0 (0x03621d33) x26 0x00000000
core   0: 0x800046e4 (0x00f1e0b3) or      ra, gp, a5
core   0: 3 0x800046e4 (0x00f1e0b3) x1  0x88bd66d2
core   0: 0x800046e8 (0x00008c0d) c.sub   s0, a1
core   0: 3 0x800046e8 (0x8c0d) x8  0x7ffd631c
core   0: 0x800046ea (0x00569a63) bne     a3, t0, pc + 20
core   0: 3 0x800046ea (0x00569a63)
core   0: 0x800046fe (0x01ba5c13) srli    s8, s4, 27
core   0: 3 0x800046fe (0x01ba5c13) x24 0x00000006
core   0: 0x80004702 (0x004c7e33) and     t3, s8, tp
core   0: 3 0x80004702 (0x004c7e33) x28 0x00000000
core   0: 0x80004706 (0x00008d45) c.or    a0, s1
core   0: 3 0x80004706 (0x8d45) x10 0x80029cf4
core   0: 0x80004708 (0x0132dd33) srl     s10, t0, s3
core   0: 3 0x80004708 (0x0132dd33) x26 0x00000010
core   0: 0x8000470c (0x00000a69) c.addi  s4, 26
core   0: 3 0x8000470c (0x0a69) x20 0x3107a6e6
core   0: 0x8000470e (0x0029f963) bgeu    s3, sp, pc + 18
core   0: 3 0x8000470e (0x0029f963)
core   0: 0x80004712 (0x01ee4733) xor     a4, t3, t5
core   0: 3 0x80004712 (0x01ee4733) x14 0x00001e00
core   0: 0x80004716 (0x41ebd3b3) sra     t2, s7, t5
core   0: 3 0x80004716 (0x41ebd3b3) x7  0x3d1ad582
core   0: 0x8000471a (0x00008ec9) c.or    a3, a0
core   0: 3 0x8000471a (0x8ec9) x13 0x80029cf4
core   0: 0x8000471c (0x40f6db13) srai    s6, a3, 15
core   0: 3 0x8000471c (0x40f6db13) x22 0xffff0005
core   0: 0x80004720 (0x01475d63) bge     a4, s4, pc + 26
core   0: 3 0x80004720 (0x01475d63)
core   0: 0x80004724 (0x00788d63) beq     a7, t2, pc + 26
core   0: 3 0x80004724 (0x00788d63)
core   0: 0x80004728 (0x022b9f33) mulh    t5, s7, sp
core   0: 3 0x80004728 (0x022b9f33) x30 0xffffffff
core   0: 0x8000472c (0x00008c71) c.and   s0, a2
core   0: 3 0x8000472c (0x8c71) x8  0x3ffd0218
core   0: 0x8000472e (0x022d8663) beq     s11, sp, pc + 44
core   0: 3 0x8000472e (0x022d8663)
core   0: 0x80004732 (0x02405433) divu    s0, zero, tp
core   0: 3 0x80004732 (0x02405433) x8  0xffffffff
core   0: 0x80004736 (0x004e1263) bne     t3, tp, pc + 4
core   0: 3 0x80004736 (0x004e1263)
core   0: 0x8000473a (0x0000e3a1) c.bnez  a5, pc + 64
core   0: 3 0x8000473a (0xe3a1)
core   0: 0x8000473c (0x00008fed) c.and   a5, a1
core   0: 3 0x8000473c (0x8fed) x15 0x00000000
core   0: 0x8000473e (0x00008e6d) c.and   a2, a1
core   0: 3 0x8000473e (0x8e6d) x12 0x00008040
core   0: 0x80004740 (0x0269f233) remu    tp, s3, t1
core   0: 3 0x80004740 (0x0269f233) x4  0x00000000
core   0: 0x80004744 (0x03cf6233) rem     tp, t5, t3
core   0: 3 0x80004744 (0x03cf6233) x4  0xffffffff
core   0: 0x80004748 (0x02609863) bne     ra, t1, pc + 48
core   0: 3 0x80004748 (0x02609863)
core   0: 0x80004778 (0x0000c705) c.beqz  a4, pc + 40
core   0: 3 0x80004778 (0xc705)
core   0: 0x8000477a (0x9b176793) ori     a5, a4, -1615
core   0: 3 0x8000477a (0x9b176793) x15 0xffffffb1
core   0: 0x8000477e (0x0000717d) c.addi16sp sp, -16
core   0: 3 0x8000477e (0x717d) x2  0xffffffef
core   0: 0x80004780 (0x00000001) c.nop
core   0: 3 0x80004780 (0x0001)
core   0: 0x80004782 (0x00000001) c.nop
core   0: 3 0x80004782 (0x0001)
core   0: 0x80004784 (0x000067d5) c.lui   a5, 0x15
core   0: 3 0x80004784 (0x67d5) x15 0x00015000
core   0: 0x80004786 (0x02de2d33) mulhsu  s10, t3, a3
core   0: 3 0x80004786 (0x02de2d33) x26 0x00000000
core   0: 0x8000478a (0x009a6b33) or      s6, s4, s1
core   0: 3 0x8000478a (0x009a6b33) x22 0x3107a6e6
core   0: 0x8000478e (0x40b25c33) sra     s8, tp, a1
core   0: 3 0x8000478e (0x40b25c33) x24 0xffffffff
core   0: 0x80004792 (0x03f5a7b3) mulhsu  a5, a1, t6
core   0: 3 0x80004792 (0x03f5a7b3) x15 0xfffffffe
core   0: 0x80004796 (0x0008a4b3) slt     s1, a7, zero
core   0: 3 0x80004796 (0x0008a4b3) x9  0x00000000
core   0: 0x8000479a (0x0000802d) c.srli  s0, 11
core   0: 3 0x8000479a (0x802d) x8  0x001fffff
core   0: 0x8000479c (0x00f67ab3) and     s5, a2, a5
core   0: 3 0x8000479c (0x00f67ab3) x21 0x00008040
core   0: 0x800047a0 (0x01d95eb3) srl     t4, s2, t4
core   0: 3 0x800047a0 (0x01d95eb3) x29 0x00000000
core   0: 0x800047a4 (0x00c779b3) and     s3, a4, a2
core   0: 3 0x800047a4 (0x00c779b3) x19 0x00000000
core   0: 0x800047a8 (0x00008cad) c.xor   s1, a1
core   0: 3 0x800047a8 (0x8cad) x9  0x80029ce4
core   0: 0x800047aa (0x00006ae9) c.lui   s5, 0x1a
core   0: 3 0x800047aa (0x6ae9) x21 0x0001a000
core   0: 0x800047ac (0x036696b3) mulh    a3, a3, s6
core   0: 3 0x800047ac (0x036696b3) x13 0xe77cacab
core   0: 0x800047b0 (0x000087f9) c.srai  a5, 30
core   0: 3 0x800047b0 (0x87f9) x15 0xffffffff
core   0: 0x800047b2 (0x0242d4b3) divu    s1, t0, tp
core   0: 3 0x800047b2 (0x0242d4b3) x9  0x00000000
core   0: 0x800047b6 (0x2e367997) auipc   s3, 0x2e367
core   0: 3 0x800047b6 (0x2e367997) x19 0xae36b7b6
core   0: 0x800047ba (0x00d0d533) srl     a0, ra, a3
core   0: 3 0x800047ba (0x00d0d533) x10 0x001117ac
core   0: 0x800047be (0x00694c33) xor     s8, s2, t1
core   0: 3 0x800047be (0x00694c33) x24 0x80025e64
core   0: 0x800047c2 (0x02558bb3) mul     s7, a1, t0
core   0: 3 0x800047c2 (0x02558bb3) x23 0x0029ce40
core   0: 0x800047c6 (0x00951b13) slli    s6, a0, 9
core   0: 3 0x800047c6 (0x00951b13) x22 0x222f5800
core   0: 0x800047ca (0x00008f89) c.sub   a5, a0
core   0: 3 0x800047ca (0x8f89) x15 0xffeee853
core   0: 0x800047cc (0x03a7c533) div     a0, a5, s10
core   0: 3 0x800047cc (0x03a7c533) x10 0xffffffff
core   0: 0x800047d0 (0x00008c2d) c.xor   s0, a1
core   0: 3 0x800047d0 (0x8c2d) x8  0x801d631b
core   0: 0x800047d2 (0x02edc9b3) div     s3, s11, a4
core   0: 3 0x800047d2 (0x02edc9b3) x19 0x00000001
core   0: 0x800047d6 (0x00000835) c.addi  a6, 13
core   0: 3 0x800047d6 (0x0835) x16 0x0000001a
core   0: 0x800047d8 (0x00008e7d) c.and   a2, a5
core   0: 3 0x800047d8 (0x8e7d) x12 0x00008040
core   0: 0x800047da (0x00000001) c.nop
core   0: 3 0x800047da (0x0001)
core   0: 0x800047dc (0x02d104b3) mul     s1, sp, a3
core   0: 3 0x800047dc (0x02d104b3) x9  0xa0b888a5
core   0: 0x800047e0 (0x00211863) bne     sp, sp, pc + 16
core   0: 3 0x800047e0 (0x00211863)
core   0: 0x800047e4 (0x00b718b3) sll     a7, a4, a1
core   0: 3 0x800047e4 (0x00b718b3) x17 0x0001e000
core   0: 0x800047e8 (0x035d68b3) rem     a7, s10, s5
core   0: 3 0x800047e8 (0x035d68b3) x17 0x00000000
core   0: 0x800047ec (0x00837363) bgeu    t1, s0, pc + 6
core   0: 3 0x800047ec (0x00837363)
core   0: 0x800047f0 (0x00008e75) c.and   a2, a3
core   0: 3 0x800047f0 (0x8e75) x12 0x00008000
core   0: 0x800047f2 (0x6975ff93) andi    t6, a1, 1687
core   0: 3 0x800047f2 (0x6975ff93) x31 0x00000484
core   0: 0x800047f6 (0x026a9233) mulh    tp, s5, t1
core   0: 3 0x800047f6 (0x026a9233) x4  0xffff3003
core   0: 0x800047fa (0x0000717d) c.addi16sp sp, -16
core   0: 3 0x800047fa (0x717d) x2  0xffffffdf
core   0: 0x800047fc (0x03100d93) li      s11, 49
core   0: 3 0x800047fc (0x03100d93) x27 0x00000031
core   0: 0x80004800 (0x025b81b3) mul     gp, s7, t0
core   0: 3 0x80004800 (0x025b81b3) x3  0x029ce400
core   0: 0x80004804 (0x03d054b3) divu    s1, zero, t4
core   0: 3 0x80004804 (0x03d054b3) x9  0xffffffff
core   0: 0x80004808 (0x00008d3d) c.xor   a0, a5
core   0: 3 0x80004808 (0x8d3d) x10 0x001117ac
core   0: 0x8000480a (0x48eabc13) sltiu   s8, s5, 1166
core   0: 3 0x8000480a (0x48eabc13) x24 0x00000000
core   0: 0x8000480e (0x01d38ab3) add     s5, t2, t4
core   0: 3 0x8000480e (0x01d38ab3) x21 0x3d1ad582
core   0: 0x80004812 (0xaae43713) sltiu   a4, s0, -1362
core   0: 3 0x80004812 (0xaae43713) x14 0x00000001
core   0: 0x80004816 (0x00008c45) c.or    s0, s1
core   0: 3 0x80004816 (0x8c45) x8  0xffffffff
core   0: 0x80004818 (0x00b0d7b3) srl     a5, ra, a1
core   0: 3 0x80004818 (0x00b0d7b3) x15 0x088bd66d
core   0: 0x8000481c (0x0000c697) auipc   a3, 0xc
core   0: 3 0x8000481c (0x0000c697) x13 0x8001081c
core   0: 0x80004820 (0x05d68693) addi    a3, a3, 93
core   0: 3 0x80004820 (0x05d68693) x13 0x80010879
core   0: 0x80004824 (0x00008fed) c.and   a5, a1
core   0: 3 0x80004824 (0x8fed) x15 0x00029464
core   0: 0x80004826 (0x00008cb9) c.xor   s1, a4
core   0: 3 0x80004826 (0x8cb9) x9  0xfffffffe
core   0: 0x80004828 (0x0316d2b3) divu    t0, a3, a7
core   0: 3 0x80004828 (0x0316d2b3) x5  0xffffffff
core   0: 0x8000482c (0xfd56afa3) sw      s5, -33(a3)
core   0: 3 0x8000482c (0xfd56afa3) mem 0x80010858 0x3d1ad582
core   0: 0x80004830 (0x2ce88c13) addi    s8, a7, 718
core   0: 3 0x80004830 (0x2ce88c13) x24 0x000002ce
core   0: 0x80004834 (0x03868b23) sb      s8, 54(a3)
core   0: 3 0x80004834 (0x03868b23) mem 0x800108af 0xce
core   0: 0x80004838 (0x03261b33) mulh    s6, a2, s2
core   0: 3 0x80004838 (0x03261b33) x22 0x00000000
core   0: 0x8000483c (0x0216df83) lhu     t6, 33(a3)
core   0: 3 0x8000483c (0x0216df83) x31 0x00000000 mem 0x8001089a
core   0: 0x80004840 (0x00fda233) slt     tp, s11, a5
core   0: 3 0x80004840 (0x00fda233) x4  0x00000001
core   0: 0x80004844 (0x00000c80) c.addi4spn s0, sp, 592
core   0: 3 0x80004844 (0x0c80) x8  0x0000022f
core   0: 0x80004846 (0xfca68aa3) sb      a0, -43(a3)
core   0: 3 0x80004846 (0xfca68aa3) mem 0x8001084e 0xac
core   0: 0x8000484a (0x01b85133) srl     sp, a6, s11
core   0: 3 0x8000484a (0x01b85133) x2  0x00000000
core   0: 0x8000484e (0x03a68183) lb      gp, 58(a3)
core   0: 3 0x8000484e (0x03a68183) x3  0x00000068 mem 0x800108b3
core   0: 0x80004852 (0xfe36d183) lhu     gp, -29(a3)
core   0: 3 0x80004852 (0xfe36d183) x3  0x00001617 mem 0x8001085c
core   0: 0x80004856 (0xff2690a3) sh      s2, -31(a3)
core   0: 3 0x80004856 (0xff2690a3) mem 0x8001085a 0x0000
core   0: 0x8000485a (0x0171bfb3) sltu    t6, gp, s7
core   0: 3 0x8000485a (0x0171bfb3) x31 0x00000001
core   0: 0x8000485e (0xfd36ac03) lw      s8, -45(a3)
core   0: 3 0x8000485e (0xfd36ac03) x24 0x04ac0607 mem 0x8001084c
core   0: 0x80004862 (0x029c72b3) remu    t0, s8, s1
core   0: 3 0x80004862 (0x029c72b3) x5  0x04ac0607
core   0: 0x80004866 (0x01668123) sb      s6, 2(a3)
core   0: 3 0x80004866 (0x01668123) mem 0x8001087b 0x00
core   0: 0x8000486a (0x00008e5d) c.or    a2, a5
core   0: 3 0x8000486a (0x8e5d) x12 0x00029464
core   0: 0x8000486c (0x03f69c03) lh      s8, 63(a3)
core   0: 3 0x8000486c (0x03f69c03) x24 0x00007273 mem 0x800108b8
core   0: 0x80004870 (0xfe66c503) lbu     a0, -26(a3)
core   0: 3 0x80004870 (0xfe66c503) x10 0x00000014 mem 0x8001085f
core   0: 0x80004874 (0x00008e7d) c.and   a2, a5
core   0: 3 0x80004874 (0x8e7d) x12 0x00029464
core   0: 0x80004876 (0x02559033) mulh    zero, a1, t0
core   0: 3 0x80004876 (0x02559033)
core   0: 0x8000487a (0x00006b9d) c.lui   s7, 0x7
core   0: 3 0x8000487a (0x6b9d) x23 0x00007000
core   0: 0x8000487c (0x02b3bfb3) mulhu   t6, t2, a1
core   0: 3 0x8000487c (0x02b3bfb3) x31 0x1e8e0a69
core   0: 0x80004880 (0x032695a3) sh      s2, 43(a3)
core   0: 3 0x80004880 (0x032695a3) mem 0x800108a4 0x0000
core   0: 0x80004884 (0x02d02033) mulhsu  zero, zero, a3
core   0: 3 0x80004884 (0x02d02033)
core   0: 0x80004888 (0xfce6c183) lbu     gp, -50(a3)
core   0: 3 0x80004888 (0xfce6c183) x3  0x000000fc mem 0x80010847
core   0: 0x8000488c (0x69538993) addi    s3, t2, 1685
core   0: 3 0x8000488c (0x69538993) x19 0x3d1adc17
core   0: 0x80004890 (0x00008cc9) c.or    s1, a0
core   0: 3 0x80004890 (0x8cc9) x9  0xfffffffe
core   0: 0x80004892 (0xfed69aa3) sh      a3, -11(a3)
core   0: 3 0x80004892 (0xfed69aa3) mem 0x8001086e 0x0879
core   0: 0x80004896 (0x00008cb9) c.xor   s1, a4
core   0: 3 0x80004896 (0x8cb9) x9  0xffffffff
core   0: 0x80004898 (0xfc2698a3) sh      sp, -47(a3)
core   0: 3 0x80004898 (0xfc2698a3) mem 0x8001084a 0x0000
core   0: 0x8000489c (0x024b83b3) mul     t2, s7, tp
core   0: 3 0x8000489c (0x024b83b3) x7  0x00007000
core   0: 0x800048a0 (0xfed68823) sb      a3, -16(a3)
core   0: 3 0x800048a0 (0xfed68823) mem 0x80010869 0x79
core   0: 0x800048a4 (0x02db9d33) mulh    s10, s7, a3
core   0: 3 0x800048a4 (0x02db9d33) x26 0xffffc800
core   0: 0x800048a8 (0x039fcbb3) div     s7, t6, s9
core   0: 3 0x800048a8 (0x039fcbb3) x23 0x02097829
core   0: 0x800048ac (0xfe56ce03) lbu     t3, -27(a3)
core   0: 3 0x800048ac (0xfe56ce03) x28 0x00000015 mem 0x8001085e
core   0: 0x800048b0 (0xfc968823) sb      s1, -48(a3)
core   0: 3 0x800048b0 (0xfc968823) mem 0x80010849 0xff
core   0: 0x800048b4 (0x31df6513) ori     a0, t5, 797
core   0: 3 0x800048b4 (0x31df6513) x10 0xffffffff
core   0: 0x800048b8 (0x00008c89) c.sub   s1, a0
core   0: 3 0x800048b8 (0x8c89) x9  0x00000000
core   0: 0x800048ba (0x032690a3) sh      s2, 33(a3)
core   0: 3 0x800048ba (0x032690a3) mem 0x8001089a 0x0000
core   0: 0x800048be (0xfce68023) sb      a4, -64(a3)
core   0: 3 0x800048be (0xfce68023) mem 0x80010839 0x01
core   0: 0x800048c2 (0x00f6af03) lw      t5, 15(a3)
core   0: 3 0x800048c2 (0x00f6af03) x30 0x40414243 mem 0x80010888
core   0: 0x800048c6 (0x00b6d183) lhu     gp, 11(a3)
core   0: 3 0x800048c6 (0x00b6d183) x3  0x00003e3f mem 0x80010884
core   0: 0x800048ca (0x00008e59) c.or    a2, a4
core   0: 3 0x800048ca (0x8e59) x12 0x00029465
core   0: 0x800048cc (0x0186c603) lbu     a2, 24(a3)
core   0: 3 0x800048cc (0x0186c603) x12 0x0000004a mem 0x80010891
core   0: 0x800048d0 (0x0120a8b3) slt     a7, ra, s2
core   0: 3 0x800048d0 (0x0120a8b3) x17 0x00000001
core   0: 0x800048d4 (0x02760d33) mul     s10, a2, t2
core   0: 3 0x800048d4 (0x02760d33) x26 0x00206000
core   0: 0x800048d8 (0xfd56d883) lhu     a7, -43(a3)
core   0: 3 0x800048d8 (0xfd56d883) x17 0x000004ac mem 0x8001084e
core   0: 0x800048dc (0x000084a9) c.srai  s1, 10
core   0: 3 0x800048dc (0x84a9) x9  0x00000000
core   0: 0x800048de (0xfe468783) lb      a5, -28(a3)
core   0: 3 0x800048de (0xfe468783) x15 0x00000016 mem 0x8001085d
core   0: 0x800048e2 (0xfe0691a3) sh      zero, -29(a3)
core   0: 3 0x800048e2 (0xfe0691a3) mem 0x8001085c 0x0000
core   0: 0x800048e6 (0x0000c39d) c.beqz  a5, pc + 38
core   0: 3 0x800048e6 (0xc39d)
core   0: 0x800048e8 (0x02d68c63) beq     a3, a3, pc + 56
core   0: 3 0x800048e8 (0x02d68c63)
core   0: 0x80004920 (0x02217e63) bgeu    sp, sp, pc + 60
core   0: 3 0x80004920 (0x02217e63)
core   0: 0x8000495c (0x0180ed33) or      s10, ra, s8
core   0: 3 0x8000495c (0x0180ed33) x26 0x88bd76f3
core   0: 0x80004960 (0x00005bfd) c.li    s7, -1
core   0: 3 0x80004960 (0x5bfd) x23 0xffffffff
core   0: 0x80004962 (0x0000c881) c.beqz  s1, pc + 16
core   0: 3 0x80004962 (0xc881)
core   0: 0x80004972 (0x416d8eb3) sub     t4, s11, s6
core   0: 3 0x80004972 (0x416d8eb3) x29 0x00000031
core   0: 0x80004976 (0x0000cc11) c.beqz  s0, pc + 28
core   0: 3 0x80004976 (0xcc11)
core   0: 0x80004978 (0x000041f9) c.li    gp, 30
core   0: 3 0x80004978 (0x41f9) x3  0x0000001e
core   0: 0x8000497a (0x02c35033) divu    zero, t1, a2
core   0: 3 0x8000497a (0x02c35033)
core   0: 0x8000497e (0x013801b3) add     gp, a6, s3
core   0: 3 0x8000497e (0x013801b3) x3  0x3d1adc31
core   0: 0x80004982 (0x000088f2) c.mv    a7, t3
core   0: 3 0x80004982 (0x88f2) x17 0x00000015
core   0: 0x80004984 (0x02a903b3) mul     t2, s2, a0
core   0: 3 0x80004984 (0x02a903b3) x7  0x00000000
core   0: 0x80004988 (0x0000894a) c.mv    s2, s2
core   0: 3 0x80004988 (0x894a) x18 0x00000000
core   0: 0x8000498a (0x0127f863) bgeu    a5, s2, pc + 16
core   0: 3 0x8000498a (0x0127f863)
core   0: 0x8000499a (0x00da9e13) slli    t3, s5, 13
core   0: 3 0x8000499a (0x00da9e13) x28 0x5ab04000
core   0: 0x8000499e (0x01b05763) bge     zero, s11, pc + 14
core   0: 3 0x8000499e (0x01b05763)
core   0: 0x800049a2 (0x01a97eb3) and     t4, s2, s10
core   0: 3 0x800049a2 (0x01a97eb3) x29 0x00000000
core   0: 0x800049a6 (0x5f2f2193) slti    gp, t5, 1522
core   0: 3 0x800049a6 (0x5f2f2193) x3  0x00000000
core   0: 0x800049aa (0x00000576) c.slli  a0, 29
core   0: 3 0x800049aa (0x0576) x10 0xe0000000
core   0: 0x800049ac (0x53d77d13) andi    s10, a4, 1341
core   0: 3 0x800049ac (0x53d77d13) x26 0x00000001
core   0: 0x800049b0 (0x0000717d) c.addi16sp sp, -16
core   0: 3 0x800049b0 (0x717d) x2  0xfffffff0
core   0: 0x800049b2 (0x01801263) bne     zero, s8, pc + 4
core   0: 3 0x800049b2 (0x01801263)
core   0: 0x800049b6 (0x00008996) c.mv    s3, t0
core   0: 3 0x800049b6 (0x8996) x19 0x04ac0607
core   0: 0x800049b8 (0x000060d5) c.lui   ra, 0x15
core   0: 3 0x800049b8 (0x60d5) x1  0x00015000
core   0: 0x800049ba (0x0162c433) xor     s0, t0, s6
core   0: 3 0x800049ba (0x0162c433) x8  0x04ac0607
core   0: 0x800049be (0xaec9d817) auipc   a6, 0xaec9d
core   0: 3 0x800049be (0xaec9d817) x16 0x2eca19be
core   0: 0x800049c2 (0x00004297) auipc   t0, 0x4
core   0: 3 0x800049c2 (0x00004297) x5  0x800089c2
core   0: 0x800049c6 (0x4ca28293) addi    t0, t0, 1226
core   0: 3 0x800049c6 (0x4ca28293) x5  0x80008e8c
core   0: 0x800049ca (0x00006a69) c.lui   s4, 0x1a
core   0: 3 0x800049ca (0x6a69) x20 0x0001a000
core   0: 0x800049cc (0x00906fb3) or      t6, zero, s1
core   0: 3 0x800049cc (0x00906fb3) x31 0x00000000
core   0: 0x800049d0 (0x00041693) slli    a3, s0, 0
core   0: 3 0x800049d0 (0x00041693) x13 0x04ac0607
core   0: 0x800049d4 (0x0000026e) c.slli  tp, 27
core   0: 3 0x800049d4 (0x026e) x4  0x08000000
core   0: 0x800049d6 (0xfb228293) addi    t0, t0, -78
core   0: 3 0x800049d6 (0xfb228293) x5  0x80008e3e
core   0: 0x800049da (0x00000001) c.nop
core   0: 3 0x800049da (0x0001)
core   0: 0x800049dc (0x000067ad) c.lui   a5, 0xb
core   0: 3 0x800049dc (0x67ad) x15 0x0000b000
core   0: 0x800049de (0x00009a7d) c.andi  a2, -1
core   0: 3 0x800049de (0x9a7d) x12 0x0000004a
core   0: 0x800049e0 (0x000099da) c.add   s3, s6
core   0: 3 0x800049e0 (0x99da) x19 0x04ac0607
core   0: 0x800049e2 (0x04e286e7) jalr    a3, t0, 78
core   0: 3 0x800049e2 (0x04e286e7) x13 0x800049e6
core   0: 0x80008e8c (0x00fa2633) slt     a2, s4, a5
core   0: 3 0x80008e8c (0x00fa2633) x12 0x00000000
core   0: 0x80008e90 (0x00000f08) c.addi4spn a0, sp, 912
core   0: 3 0x80008e90 (0x0f08) x10 0x00000380
core   0: 0x80008e92 (0x01eb00b7) lui     ra, 0x1eb0
core   0: 3 0x80008e92 (0x01eb00b7) x1  0x01eb0000
core   0: 0x80008e96 (0x0000e089) c.bnez  s1, pc + 2
core   0: 3 0x80008e96 (0xe089)
core   0: 0x80008e98 (0x00001341) c.addi  t1, -16
core   0: 3 0x80008e98 (0x1341) x6  0x80025e54
core   0: 0x80008e9a (0x00d32223) sw      a3, 4(t1)
core   0: 3 0x80008e9a (0x00d32223) mem 0x80025e58 0x800049e6
core   0: 0x80008e9e (0x9c184013) xori    zero, a6, -1599
core   0: 3 0x80008e9e (0x9c184013)
core   0: 0x80008ea2 (0x0000950a) c.add   a0, sp
core   0: 3 0x80008ea2 (0x950a) x10 0x00000370
core   0: 0x80008ea4 (0x00000d80) c.addi4spn s0, sp, 720
core   0: 3 0x80008ea4 (0x0d80) x8  0x000002c0
core   0: 0x80008ea6 (0x0179ddb3) srl     s11, s3, s7
core   0: 3 0x80008ea6 (0x0179ddb3) x27 0x00000000
core   0: 0x80008eaa (0xb74e4193) xori    gp, t3, -1164
core   0: 3 0x80008eaa (0xb74e4193) x3  0xa54fbb74
core   0: 0x80008eae (0x00001717) auipc   a4, 0x1
core   0: 3 0x80008eae (0x00001717) x14 0x80009eae
core   0: 0x80008eb2 (0xb5670713) addi    a4, a4, -1194
core   0: 3 0x80008eb2 (0xb5670713) x14 0x80009a04
core   0: 0x80008eb6 (0x7c09d4b7) lui     s1, 0x7c09d
core   0: 3 0x80008eb6 (0x7c09d4b7) x9  0x7c09d000
core   0: 0x80008eba (0x33570713) addi    a4, a4, 821
core   0: 3 0x80008eba (0x33570713) x14 0x80009d39
core   0: 0x80008ebe (0x01ecf663) bgeu    s9, t5, pc + 12
core   0: 3 0x80008ebe (0x01ecf663)
core   0: 0x80008ec2 (0x01397533) and     a0, s2, s3
core   0: 3 0x80008ec2 (0x01397533) x10 0x00000000
core   0: 0x80008ec6 (0x01a88a33) add     s4, a7, s10
core   0: 3 0x80008ec6 (0x01a88a33) x20 0x00000016
core   0: 0x80008eca (0xccc706e7) jalr    a3, a4, -820
core   0: 3 0x80008eca (0xccc706e7) x13 0x80008ece
core   0: 0x80009a04 (0x0000e199) c.bnez  a1, pc + 6
core   0: 3 0x80009a04 (0xe199)
core   0: 0x80009a0a (0x00001341) c.addi  t1, -16
core   0: 3 0x80009a0a (0x1341) x6  0x80025e44
core   0: 0x80009a0c (0x0000611d) c.addi16sp sp, 416
core   0: 3 0x80009a0c (0x611d) x2  0x00000190
core   0: 0x80009a0e (0x01267a33) and     s4, a2, s2
core   0: 3 0x80009a0e (0x01267a33) x20 0x00000000
core   0: 0x80009a12 (0x00d32223) sw      a3, 4(t1)
core   0: 3 0x80009a12 (0x00d32223) mem 0x80025e48 0x80008ece
core   0: 0x80009a16 (0x0000717d) c.addi16sp sp, -16
core   0: 3 0x80009a16 (0x717d) x2  0x00000180
core   0: 0x80009a18 (0x00009afd) c.andi  a3, -1
core   0: 3 0x80009a18 (0x9afd) x13 0x80008ece
core   0: 0x80009a1a (0x00006251) c.lui   tp, 0x14
core   0: 3 0x80009a1a (0x6251) x4  0x00014000
core   0: 0x80009a1c (0x0000557d) c.li    a0, -1
core   0: 3 0x80009a1c (0x557d) x10 0xffffffff
core   0: 0x80009a1e (0x0245fb33) remu    s6, a1, tp
core   0: 3 0x80009a1e (0x0245fb33) x22 0x00009ce4
core   0: 0x80009a22 (0x00009bf2) c.add   s7, t3
core   0: 3 0x80009a22 (0x9bf2) x23 0x5ab03fff
core   0: 0x80009a24 (0x5390e993) ori     s3, ra, 1337
core   0: 3 0x80009a24 (0x5390e993) x19 0x01eb0539
core   0: 0x80009a28 (0x00008881) c.andi  s1, 0
core   0: 3 0x80009a28 (0x8881) x9  0x00000000
core   0: 0x80009a2a (0x01954263) blt     a0, s9, pc + 4
core   0: 3 0x80009a2a (0x01954263)
core   0: 0x80009a2e (0x00008ae1) c.andi  a3, 24
core   0: 3 0x80009a2e (0x8ae1) x13 0x00000008
core   0: 0x80009a30 (0x972c6d13) ori     s10, s8, -1678
core   0: 3 0x80009a30 (0x972c6d13) x26 0xfffffb73
core   0: 0x80009a34 (0x0000717d) c.addi16sp sp, -16
core   0: 3 0x80009a34 (0x717d) x2  0x00000170
core   0: 0x80009a36 (0x172b9a37) lui     s4, 0x172b9
core   0: 3 0x80009a36 (0x172b9a37) x20 0x172b9000
core   0: 0x80009a3a (0x00210713) addi    a4, sp, 2
core   0: 3 0x80009a3a (0x00210713) x14 0x00000172
core   0: 0x80009a3e (0x6d16cd93) xori    s11, a3, 1745
core   0: 3 0x80009a3e (0x6d16cd93) x27 0x000006d9
core   0: 0x80009a42 (0x0178d663) bge     a7, s7, pc + 12
core   0: 3 0x80009a42 (0x0178d663)
core   0: 0x80009a46 (0x38ef7213) andi    tp, t5, 910
core   0: 3 0x80009a46 (0x38ef7213) x4  0x00000202
core   0: 0x80009a4a (0x01af72b3) and     t0, t5, s10
core   0: 3 0x80009a4a (0x01af72b3) x5  0x40414243
core   0: 0x80009a4e (0x01f024b3) slt     s1, zero, t6
core   0: 3 0x80009a4e (0x01f024b3) x9  0x00000000
core   0: 0x80009a52 (0x0283ad33) mulhsu  s10, t2, s0
core   0: 3 0x80009a52 (0x0283ad33) x26 0x00000000
core   0: 0x80009a56 (0x00585763) bge     a6, t0, pc + 14
core   0: 3 0x80009a56 (0x00585763)
core   0: 0x80009a5a (0x00008ff5) c.and   a5, a3
core   0: 3 0x80009a5a (0x8ff5) x15 0x00000000
core   0: 0x80009a5c (0x004f5d93) srli    s11, t5, 4
core   0: 3 0x80009a5c (0x004f5d93) x27 0x04041424
core   0: 0x80009a60 (0x01e4b633) sltu    a2, s1, t5
core   0: 3 0x80009a60 (0x01e4b633) x12 0x00000001
core   0: 0x80009a64 (0x0116db33) srl     s6, a3, a7
core   0: 3 0x80009a64 (0x0116db33) x22 0x00000000
core   0: 0x80009a68 (0x00008005) c.srli  s0, 1
core   0: 3 0x80009a68 (0x8005) x8  0x00000160
core   0: 0x80009a6a (0x01db5e33) srl     t3, s6, t4
core   0: 3 0x80009a6a (0x01db5e33) x28 0x00000000
core   0: 0x80009a6e (0x00432683) lw      a3, 4(t1)
core   0: 3 0x80009a6e (0x00432683) x13 0x80008ece mem 0x80025e48
core   0: 0x80009a72 (0x02566fb3) rem     t6, a2, t0
core   0: 3 0x80009a72 (0x02566fb3) x31 0x00000001
core   0: 0x80009a76 (0x00008f9d) c.sub   a5, a5
core   0: 3 0x80009a76 (0x8f9d) x15 0x00000000
core   0: 0x80009a78 (0x0052cb33) xor     s6, t0, t0
core   0: 3 0x80009a78 (0x0052cb33) x22 0x00000000
core   0: 0x80009a7c (0x02b22b33) mulhsu  s6, tp, a1
core   0: 3 0x80009a7c (0x02b22b33) x22 0x00000101
core   0: 0x80009a80 (0x00000918) c.addi4spn a4, sp, 144
core   0: 3 0x80009a80 (0x0918) x14 0x00000200
core   0: 0x80009a82 (0x00000341) c.addi  t1, 16
core   0: 3 0x80009a82 (0x0341) x6  0x80025e54
core   0: 0x80009a84 (0x03b809b3) mul     s3, a6, s11
core   0: 3 0x80009a84 (0x03b809b3) x19 0xbd6676b8
core   0: 0x80009a88 (0x00008de2) c.mv    s11, s8
core   0: 3 0x80009a88 (0x8de2) x27 0x00007273
core   0: 0x80009a8a (0xf170b013) sltiu   zero, ra, -233
core   0: 3 0x80009a8a (0xf170b013)
core   0: 0x80009a8e (0x00008d1d) c.sub   a0, a5
core   0: 3 0x80009a8e (0x8d1d) x10 0xffffffff
core   0: 0x80009a90 (0x00008a62) c.mv    s4, s8
core   0: 3 0x80009a90 (0x8a62) x20 0x00007273
core   0: 0x80009a92 (0x00168b93) addi    s7, a3, 1
core   0: 3 0x80009a92 (0x00168b93) x23 0x80008ecf
core   0: 0x80009a96 (0x00008b82) c.jr    s7
core   0: 3 0x80009a96 (0x8b82)
core   0: 0x80008ece (0x4165d093) srai    ra, a1, 22
core   0: 3 0x80008ece (0x4165d093) x1  0xfffffe00
core   0: 0x80008ed2 (0x63693f93) sltiu   t6, s2, 1590
core   0: 3 0x80008ed2 (0x63693f93) x31 0x00000001
core   0: 0x80008ed6 (0x0044d833) srl     a6, s1, tp
core   0: 3 0x80008ed6 (0x0044d833) x16 0x00000000
core   0: 0x80008eda (0x000094be) c.add   s1, a5
core   0: 3 0x80008eda (0x94be) x9  0x00000000
core   0: 0x80008edc (0x0217c033) div     zero, a5, ra
core   0: 3 0x80008edc (0x0217c033)
core   0: 0x80008ee0 (0x00008085) c.srli  s1, 1
core   0: 3 0x80008ee0 (0x8085) x9  0x00000000
core   0: 0x80008ee2 (0x00000001) c.nop
core   0: 3 0x80008ee2 (0x0001)
core   0: 0x80008ee4 (0x00b58863) beq     a1, a1, pc + 16
core   0: 3 0x80008ee4 (0x00b58863)
core   0: 0x80008ef4 (0x3fb006ef) jal     a3, pc + 0xbfa
core   0: 3 0x80008ef4 (0x3fb006ef) x13 0x80008ef8
core   0: 0x80009aee (0x00000001) c.nop
core   0: 3 0x80009aee (0x0001)
core   0: 0x80009af0 (0x0000e609) c.bnez  a2, pc + 10
core   0: 3 0x80009af0 (0xe609)
core   0: 0x80009afa (0x00001331) c.addi  t1, -20
core   0: 3 0x80009afa (0x1331) x6  0x80025e40
core   0: 0x80009afc (0x0116ab33) slt     s6, a3, a7
core   0: 3 0x80009afc (0x0116ab33) x22 0x00000001
core   0: 0x80009b00 (0x01a89233) sll     tp, a7, s10
core   0: 3 0x80009b00 (0x01a89233) x4  0x00000015
core   0: 0x80009b04 (0x00d32223) sw      a3, 4(t1)
core   0: 3 0x80009b04 (0x00d32223) mem 0x80025e44 0x80008ef8
core   0: 0x80009b08 (0x0277e233) rem     tp, a5, t2
core   0: 3 0x80009b08 (0x0277e233) x4  0x00000000
core   0: 0x80009b0c (0x004894b3) sll     s1, a7, tp
core   0: 3 0x80009b0c (0x004894b3) x9  0x00000015
core   0: 0x80009b10 (0x00000797) auipc   a5, 0x0
core   0: 3 0x80009b10 (0x00000797) x15 0x80009b10
core   0: 0x80009b14 (0xf8878793) addi    a5, a5, -120
core   0: 3 0x80009b14 (0xf8878793) x15 0x80009a98
core   0: 0x80009b18 (0x023c6ab3) rem     s5, s8, gp
core   0: 3 0x80009b18 (0x023c6ab3) x21 0x00007273
core   0: 0x80009b1c (0x00008079) c.srli  s0, 30
core   0: 3 0x80009b1c (0x8079) x8  0x00000000
core   0: 0x80009b1e (0x029a3633) mulhu   a2, s4, s1
core   0: 3 0x80009b1e (0x029a3633) x12 0x00000000
core   0: 0x80009b22 (0xd4a78793) addi    a5, a5, -694
core   0: 3 0x80009b22 (0xd4a78793) x15 0x800097e2
core   0: 0x80009b26 (0x000004c2) c.slli  s1, 16
core   0: 3 0x80009b26 (0x04c2) x9  0x00150000
core   0: 0x80009b28 (0x00000001) c.nop
core   0: 3 0x80009b28 (0x0001)
core   0: 0x80009b2a (0x2b6786e7) jalr    a3, a5, 694
core   0: 3 0x80009b2a (0x2b6786e7) x13 0x80009b2e
core   0: 0x80009a98 (0x01299763) bne     s3, s2, pc + 14
core   0: 3 0x80009a98 (0x01299763)
core   0: 0x80009aa6 (0x00001311) c.addi  t1, -28
core   0: 3 0x80009aa6 (0x1311) x6  0x80025e24
core   0: 0x80009aa8 (0x00d32223) sw      a3, 4(t1)
core   0: 3 0x80009aa8 (0x00d32223) mem 0x80025e28 0x80009b2e
core   0: 0x80009aac (0x00006ee5) c.lui   t4, 0x19
core   0: 3 0x80009aac (0x6ee5) x29 0x00019000
core   0: 0x80009aae (0x72c6cc13) xori    s8, a3, 1836
core   0: 3 0x80009aae (0x72c6cc13) x24 0x80009c02
core   0: 0x80009ab2 (0x00009a32) c.add   s4, a2
core   0: 3 0x80009ab2 (0x9a32) x20 0x00007273
core   0: 0x80009ab4 (0x00266c33) or      s8, a2, sp
core   0: 3 0x80009ab4 (0x00266c33) x24 0x00000170
core   0: 0x80009ab8 (0x01aa1693) slli    a3, s4, 26
core   0: 3 0x80009ab8 (0x01aa1693) x13 0xcc000000
core   0: 0x80009abc (0x00a93733) sltu    a4, s2, a0
core   0: 3 0x80009abc (0x00a93733) x14 0x00000001
core   0: 0x80009ac0 (0x0000079c) c.addi4spn a5, sp, 960
core   0: 3 0x80009ac0 (0x079c) x15 0x00000530
core   0: 0x80009ac2 (0x00000d84) c.addi4spn s1, sp, 720
core   0: 3 0x80009ac2 (0x0d84) x9  0x00000440
core   0: 0x80009ac4 (0x010214b3) sll     s1, tp, a6
core   0: 3 0x80009ac4 (0x010214b3) x9  0x00000000
core   0: 0x80009ac8 (0x01f5d993) srli    s3, a1, 31
core   0: 3 0x80009ac8 (0x01f5d993) x19 0x00000001
core   0: 0x80009acc (0x00008e4d) c.or    a2, a1
core   0: 3 0x80009acc (0x8e4d) x12 0x80029ce4
core   0: 0x80009ace (0x008987b3) add     a5, s3, s0
core   0: 3 0x80009ace (0x008987b3) x15 0x00000001
core   0: 0x80009ad2 (0x00432683) lw      a3, 4(t1)
core   0: 3 0x80009ad2 (0x00432683) x13 0x80009b2e mem 0x80025e28
core   0: 0x80009ad6 (0x0362b2b3) mulhu   t0, t0, s6
core   0: 3 0x80009ad6 (0x0362b2b3) x5  0x00000000
core   0: 0x80009ada (0x41935a33) sra     s4, t1, s9
core   0: 3 0x80009ada (0x41935a33) x20 0xffff0004
core   0: 0x80009ade (0x0335feb3) remu    t4, a1, s3
core   0: 3 0x80009ade (0x0335feb3) x29 0x00000000
core   0: 0x80009ae2 (0x00000371) c.addi  t1, 28
core   0: 3 0x80009ae2 (0x0371) x6  0x80025e40
core   0: 0x80009ae4 (0x0000886d) c.andi  s0, 27
core   0: 3 0x80009ae4 (0x886d) x8  0x00000000
core   0: 0x80009ae6 (0x00168c13) addi    s8, a3, 1
core   0: 3 0x80009ae6 (0x00168c13) x24 0x80009b2f
core   0: 0x80009aea (0x000c0c67) jalr    s8, s8, 0
core   0: 3 0x80009aea (0x000c0c67) x24 0x80009aee
core   0: 0x80009b2e (0xca06be13) sltiu   t3, a3, -864
core   0: 3 0x80009b2e (0xca06be13) x28 0x00000001
core   0: 0x80009b32 (0x0194d133) srl     sp, s1, s9
core   0: 3 0x80009b32 (0x0194d133) x2  0x00000000
core   0: 0x80009b36 (0x00000001) c.nop
core   0: 3 0x80009b36 (0x0001)
core   0: 0x80009b38 (0x875bac13) slti    s8, s7, -1931
core   0: 3 0x80009b38 (0x875bac13) x24 0x00000001
core   0: 0x80009b3c (0x298cc913) xori    s2, s9, 664
core   0: 3 0x80009b3c (0x298cc913) x18 0x00000297
core   0: 0x80009b40 (0x0da006ef) jal     a3, pc + 0xda
core   0: 3 0x80009b40 (0x0da006ef) x13 0x80009b44
core   0: 0x80009c1a (0x40d0d533) sra     a0, ra, a3
core   0: 3 0x80009c1a (0x40d0d533) x10 0xffffffe0
core   0: 0x80009c1e (0x038f8db3) mul     s11, t6, s8
core   0: 3 0x80009c1e (0x038f8db3) x27 0x00000001
core   0: 0x80009c22 (0x027cb4b3) mulhu   s1, s9, t2
core   0: 3 0x80009c22 (0x027cb4b3) x9  0x00000000
core   0: 0x80009c26 (0x9f44a993) slti    s3, s1, -1548
core   0: 3 0x80009c26 (0x9f44a993) x19 0x00000000
core   0: 0x80009c2a (0x00000ab6) c.slli  s5, 13
core   0: 3 0x80009c2a (0x0ab6) x21 0x0e4e6000
core   0: 0x80009c2c (0x00001301) c.addi  t1, -32
core   0: 3 0x80009c2c (0x1301) x6  0x80025e20
core   0: 0x80009c2e (0x00420ab3) add     s5, tp, tp
core   0: 3 0x80009c2e (0x00420ab3) x21 0x00000000
core   0: 0x80009c32 (0x00d32223) sw      a3, 4(t1)
core   0: 3 0x80009c32 (0x00d32223) mem 0x80025e24 0x80009b44
core   0: 0x80009c36 (0x40a75913) srai    s2, a4, 10
core   0: 3 0x80009c36 (0x40a75913) x18 0x00000000
core   0: 0x80009c3a (0x016006ef) jal     a3, pc + 0x16
core   0: 3 0x80009c3a (0x016006ef) x13 0x80009c3e
core   0: 0x80009c50 (0x00002839) c.jal   pc + 30
core   0: 3 0x80009c50 (0x2839) x1  0x80009c52
core   0: 0x80009c6e (0x0000a009) c.j     pc + 2
core   0: 3 0x80009c6e (0xa009)
core   0: 0x80009c70 (0x0000bfe9) c.j     pc - 38
core   0: 3 0x80009c70 (0xbfe9)
core   0: 0x80009c4a (0x02a000ef) jal     pc + 0x2a
core   0: 3 0x80009c4a (0x02a000ef) x1  0x80009c4e
core   0: 0x80009c74 (0xfe3ff0ef) jal     pc - 0x1e
core   0: 3 0x80009c74 (0xfe3ff0ef) x1  0x80009c78
core   0: 0x80009c56 (0x00003ff5) c.jal   pc - 4
core   0: 3 0x80009c56 (0x3ff5) x1  0x80009c58
core   0: 0x80009c52 (0x0120026f) jal     tp, pc + 0x12
core   0: 3 0x80009c52 (0x0120026f) x4  0x80009c56
core   0: 0x80009c64 (0x0000a039) c.j     pc + 14
core   0: 3 0x80009c64 (0xa039)
core   0: 0x80009c72 (0x0000b7dd) c.j     pc - 26
core   0: 3 0x80009c72 (0xb7dd)
core   0: 0x80009c58 (0x006000ef) jal     pc + 0x6
core   0: 3 0x80009c58 (0x006000ef) x1  0x80009c5c
core   0: 0x80009c5e (0x0000a829) c.j     pc + 26
core   0: 3 0x80009c5e (0xa829)
core   0: 0x80009c78 (0x0000b7d5) c.j     pc - 28
core   0: 3 0x80009c78 (0xb7d5)
core   0: 0x80009c5c (0x0000b7ed) c.j     pc - 22
core   0: 3 0x80009c5c (0xb7ed)
core   0: 0x80009c46 (0x00003fed) c.jal   pc - 6
core   0: 3 0x80009c46 (0x3fed) x1  0x80009c48
core   0: 0x80009c40 (0x0000a039) c.j     pc + 14
core   0: 3 0x80009c40 (0xa039)
core   0: 0x80009c4e (0x00002821) c.jal   pc + 24
core   0: 3 0x80009c4e (0x2821) x1  0x80009c50
core   0: 0x80009c66 (0x00400bef) jal     s7, pc + 0x4
core   0: 3 0x80009c66 (0x00400bef) x23 0x80009c6a
core   0: 0x80009c6a (0xff7ff0ef) jal     pc - 0xa
core   0: 3 0x80009c6a (0xff7ff0ef) x1  0x80009c6e
core   0: 0x80009c60 (0xfe9ff0ef) jal     pc - 0x18
core   0: 3 0x80009c60 (0xfe9ff0ef) x1  0x80009c64
core   0: 0x80009c48 (0x0000a80d) c.j     pc + 50
core   0: 3 0x80009c48 (0xa80d)
core   0: 0x80009c7a (0xfc9ff0ef) jal     pc - 0x38
core   0: 3 0x80009c7a (0xfc9ff0ef) x1  0x80009c7e
core   0: 0x80009c42 (0xffdff0ef) jal     pc - 0x4
core   0: 3 0x80009c42 (0xffdff0ef) x1  0x80009c46
core   0: 0x80009c3e (0x00002081) c.jal   pc + 64
core   0: 3 0x80009c3e (0x2081) x1  0x80009c40
core   0: 0x80009c7e (0x00008d15) c.sub   a0, a3
core   0: 3 0x80009c7e (0x8d15) x10 0x7fff63a2
core   0: 0x80009c80 (0x00015117) auipc   sp, 0x15
core   0: 3 0x80009c80 (0x00015117) x2  0x8001ec80
core   0: 0x80009c84 (0xa0510113) addi    sp, sp, -1531
core   0: 3 0x80009c84 (0xa0510113) x2  0x8001e685
core   0: 0x80009c88 (0xff111283) lh      t0, -15(sp)
core   0: 3 0x80009c88 (0xff111283) x5  0x00002c2d mem 0x8001e676
core   0: 0x80009c8c (0x32b8c293) xori    t0, a7, 811
core   0: 3 0x80009c8c (0x32b8c293) x5  0x0000033e
core   0: 0x80009c90 (0x000017fd) c.addi  a5, -1
core   0: 3 0x80009c90 (0x17fd) x15 0x00000000
core   0: 0x80009c92 (0x7e0b4e37) lui     t3, 0x7e0b4
core   0: 3 0x80009c92 (0x7e0b4e37) x28 0x7e0b4000
core   0: 0x80009c96 (0xfff11283) lh      t0, -1(sp)
core   0: 3 0x80009c96 (0xfff11283) x5  0x00003e3f mem 0x8001e684
core   0: 0x80009c9a (0x0358b4b3) mulhu   s1, a7, s5
core   0: 3 0x80009c9a (0x0358b4b3) x9  0x00000000
core   0: 0x80009c9e (0x00a14f83) lbu     t6, 10(sp)
core   0: 3 0x80009c9e (0x00a14f83) x31 0x00000044 mem 0x8001e68f
core   0: 0x80009ca2 (0x00114703) lbu     a4, 1(sp)
core   0: 3 0x80009ca2 (0x00114703) x14 0x0000003d mem 0x8001e686
core   0: 0x80009ca6 (0xb6a2cf93) xori    t6, t0, -1174
core   0: 3 0x80009ca6 (0xb6a2cf93) x31 0xffffc555
core   0: 0x80009caa (0xff614d83) lbu     s11, -10(sp)
core   0: 3 0x80009caa (0xff614d83) x27 0x00000030 mem 0x8001e67b
core   0: 0x80009cae (0x037e6533) rem     a0, t3, s7
core   0: 3 0x80009cae (0x037e6533) x10 0x7e0b4000
core   0: 0x80009cb2 (0x02df39b3) mulhu   s3, t5, a3
core   0: 3 0x80009cb2 (0x02df39b3) x19 0x2020c858
core   0: 0x80009cb6 (0x000098fd) c.andi  s1, -1
core   0: 3 0x80009cb6 (0x98fd) x9  0x00000000
core   0: 0x80009cb8 (0x00008ffd) c.and   a5, a5
core   0: 3 0x80009cb8 (0x8ffd) x15 0x00000000
core   0: 0x80009cba (0x95d16893) ori     a7, sp, -1699
core   0: 3 0x80009cba (0x95d16893) x17 0xffffffdd
core   0: 0x80009cbe (0xff515a03) lhu     s4, -11(sp)
core   0: 3 0x80009cbe (0xff515a03) x20 0x00003031 mem 0x8001e67a
core   0: 0x80009cc2 (0xfe710ba3) sb      t2, -9(sp)
core   0: 3 0x80009cc2 (0xfe710ba3) mem 0x8001e67c 0x00
core   0: 0x80009cc6 (0x8c1c13b7) lui     t2, 0x8c1c1
core   0: 3 0x80009cc6 (0x8c1c13b7) x7  0x8c1c1000
core   0: 0x80009cca (0x00009afd) c.andi  a3, -1
core   0: 3 0x80009cca (0x9afd) x13 0x80009c3e
core   0: 0x80009ccc (0x03f134b3) mulhu   s1, sp, t6
core   0: 3 0x80009ccc (0x03f134b3) x9  0x8001c92f
core   0: 0x80009cd0 (0x00014403) lbu     s0, 0(sp)
core   0: 3 0x80009cd0 (0x00014403) x8  0x0000003e mem 0x8001e685
core   0: 0x80009cd4 (0x431e0013) addi    zero, t3, 1073
core   0: 3 0x80009cd4 (0x431e0013)
core   0: 0x80009cd8 (0x031d37b3) mulhu   a5, s10, a7
core   0: 3 0x80009cd8 (0x031d37b3) x15 0x00000000
core   0: 0x80009cdc (0x05ed4793) xori    a5, s10, 94
core   0: 3 0x80009cdc (0x05ed4793) x15 0x0000005e
core   0: 0x80009ce0 (0x00009b3a) c.add   s6, a4
core   0: 3 0x80009ce0 (0x9b3a) x22 0x0000003e
core   0: 0x80009ce2 (0x032ccc33) div     s8, s9, s2
core   0: 3 0x80009ce2 (0x032ccc33) x24 0xffffffff
core   0: 0x80009ce6 (0x1b046393) ori     t2, s0, 432
core   0: 3 0x80009ce6 (0x1b046393) x7  0x000001be
core   0: 0x80009cea (0xffd10ea3) sb      t4, -3(sp)
core   0: 3 0x80009cea (0xffd10ea3) mem 0x8001e682 0x00
core   0: 0x80009cee (0x03475833) divu    a6, a4, s4
core   0: 3 0x80009cee (0x03475833) x16 0x00000000
core   0: 0x80009cf2 (0x0230cd33) div     s10, ra, gp
core   0: 3 0x80009cf2 (0x0230cd33) x26 0x00000001
core   0: 0x80009cf6 (0x00008c7d) c.and   s0, a5
core   0: 3 0x80009cf6 (0x8c7d) x8  0x0000001e
core   0: 0x80009cf8 (0x00111503) lh      a0, 1(sp)
core   0: 3 0x80009cf8 (0x00111503) x10 0x00003c3d mem 0x8001e686
core   0: 0x80009cfc (0x00006917) auipc   s2, 0x6
core   0: 3 0x80009cfc (0x00006917) x18 0x8000fcfc
core   0: 0x80009d00 (0x51690913) addi    s2, s2, 1302
core   0: 3 0x80009d00 (0x51690913) x18 0x80010212
core   0: 0x80009d04 (0x000082dd) c.srli  a3, 23
core   0: 3 0x80009d04 (0x82dd) x13 0x00000100
core   0: 0x80009d06 (0x039e0233) mul     tp, t3, s9
core   0: 3 0x80009d06 (0x039e0233) x4  0x62a8c000
core   0: 0x80009d0a (0xff690aa3) sb      s6, -11(s2)
core   0: 3 0x80009d0a (0xff690aa3) mem 0x80010207 0x3e
core   0: 0x80009d0e (0x02233bb3) mulhu   s7, t1, sp
core   0: 3 0x80009d0e (0x02233bb3) x23 0x40022256
core   0: 0x80009d12 (0x00191423) sh      ra, 8(s2)
core   0: 3 0x80009d12 (0x00191423) mem 0x8001021a 0x9c40
core   0: 0x80009d16 (0x00e91603) lh      a2, 14(s2)
core   0: 3 0x80009d16 (0x00e91603) x12 0xffffdadb mem 0x80010220
core   0: 0x80009d1a (0x0024d033) srl     zero, s1, sp
core   0: 3 0x80009d1a (0x0024d033)
core   0: 0x80009d1e (0x00939a13) slli    s4, t2, 9
core   0: 3 0x80009d1e (0x00939a13) x20 0x00037c00
core   0: 0x80009d22 (0xfcc91503) lh      a0, -52(s2)
core   0: 3 0x80009d22 (0xfcc91503) x10 0xffff9495 mem 0x800101de
core   0: 0x80009d26 (0xfce90503) lb      a0, -50(s2)
core   0: 3 0x80009d26 (0xfce90503) x10 0xffffff9b mem 0x800101e0
core   0: 0x80009d2a (0xfd594803) lbu     a6, -43(s2)
core   0: 3 0x80009d2a (0xfd594803) x16 0x0000009c mem 0x800101e7
core   0: 0x80009d2e (0x000043ed) c.li    t2, 27
core   0: 3 0x80009d2e (0x43ed) x7  0x0000001b
core   0: 0x80009d30 (0x00004619) c.li    a2, 6
core   0: 3 0x80009d30 (0x4619) x12 0x00000006
core   0: 0x80009d32 (0x036c8d37) lui     s10, 0x36c8
core   0: 3 0x80009d32 (0x036c8d37) x26 0x036c8000
core   0: 0x80009d36 (0x00006659) c.lui   a2, 0x16
core   0: 3 0x80009d36 (0x6659) x12 0x00016000
core   0: 0x80009d38 (0xfed900a3) sb      a3, -31(s2)
core   0: 3 0x80009d38 (0xfed900a3) mem 0x800101f3 0x00
core   0: 0x80009d3c (0x01e1b233) sltu    tp, gp, t5
core   0: 3 0x80009d3c (0x01e1b233) x4  0x00000000
core   0: 0x80009d40 (0xfe695883) lhu     a7, -26(s2)
core   0: 3 0x80009d40 (0xfe695883) x17 0x0000b2b3 mem 0x800101f8
core   0: 0x80009d44 (0x01291183) lh      gp, 18(s2)
core   0: 3 0x80009d44 (0x01291183) x3  0xffffdedf mem 0x80010224
core   0: 0x80009d48 (0x00008519) c.srai  a0, 6
core   0: 3 0x80009d48 (0x8519) x10 0xfffffffe
core   0: 0x80009d4a (0x03094183) lbu     gp, 48(s2)
core   0: 3 0x80009d4a (0x03094183) x3  0x000000f9 mem 0x80010242
core   0: 0x80009d4e (0xfe394103) lbu     sp, -29(s2)
core   0: 3 0x80009d4e (0xfe394103) x2  0x000000ae mem 0x800101f5
core   0: 0x80009d52 (0x03d55733) divu    a4, a0, t4
core   0: 3 0x80009d52 (0x03d55733) x14 0xffffffff
core   0: 0x80009d56 (0x0176d033) srl     zero, a3, s7
core   0: 3 0x80009d56 (0x0176d033)
core   0: 0x80009d5a (0x02a91923) sh      a0, 50(s2)
core   0: 3 0x80009d5a (0x02a91923) mem 0x80010244 0xfffe
core   0: 0x80009d5e (0x0000e717) auipc   a4, 0xe
core   0: 3 0x80009d5e (0x0000e717) x14 0x80017d5e
core   0: 0x80009d62 (0x2cf70713) addi    a4, a4, 719
core   0: 3 0x80009d62 (0x2cf70713) x14 0x8001802d
core   0: 0x80009d66 (0xff574d83) lbu     s11, -11(a4)
core   0: 3 0x80009d66 (0xff574d83) x27 0x000000d9 mem 0x80018022
core   0: 0x80009d6a (0x00001b7d) c.addi  s6, -1
core   0: 3 0x80009d6a (0x1b7d) x22 0x0000003d
core   0: 0x80009d6c (0x00000001) c.nop
core   0: 3 0x80009d6c (0x0001)
core   0: 0x80009d6e (0x00000001) c.nop
core   0: 3 0x80009d6e (0x0001)
core   0: 0x80009d70 (0xfff74b03) lbu     s6, -1(a4)
core   0: 3 0x80009d70 (0xfff74b03) x22 0x000000e7 mem 0x8001802c
core   0: 0x80009d74 (0xff375d83) lhu     s11, -13(a4)
core   0: 3 0x80009d74 (0xff375d83) x27 0x0000dadb mem 0x80018020
core   0: 0x80009d78 (0x00821d93) slli    s11, tp, 8
core   0: 3 0x80009d78 (0x00821d93) x27 0x00000000
core   0: 0x80009d7c (0xed06e213) ori     tp, a3, -304
core   0: 3 0x80009d7c (0xed06e213) x4  0xffffffd0
core   0: 0x80009d80 (0x00570023) sb      t0, 0(a4)
core   0: 3 0x80009d80 (0x00570023) mem 0x8001802d 0x3f
core   0: 0x80009d84 (0xfec70f23) sb      a2, -2(a4)
core   0: 3 0x80009d84 (0xfec70f23) mem 0x8001802b 0x00
core   0: 0x80009d88 (0xfe471aa3) sh      tp, -11(a4)
core   0: 3 0x80009d88 (0xfe471aa3) mem 0x80018022 0xffd0
core   0: 0x80009d8c (0x03b22b33) mulhsu  s6, tp, s11
core   0: 3 0x80009d8c (0x03b22b33) x22 0x00000000
core   0: 0x80009d90 (0x00c70603) lb      a2, 12(a4)
core   0: 3 0x80009d90 (0x00c70603) x12 0xfffffff2 mem 0x80018039
core   0: 0x80009d94 (0x00470523) sb      tp, 10(a4)
core   0: 3 0x80009d94 (0x00470523) mem 0x80018037 0xd0
core   0: 0x80009d98 (0x02db2b33) mulhsu  s6, s6, a3
core   0: 3 0x80009d98 (0x02db2b33) x22 0x00000000
core   0: 0x80009d9c (0x01b70323) sb      s11, 6(a4)
core   0: 3 0x80009d9c (0x01b70323) mem 0x80018033 0x00
core   0: 0x80009da0 (0x025df2b3) remu    t0, s11, t0
core   0: 3 0x80009da0 (0x025df2b3) x5  0x00000000
core   0: 0x80009da4 (0x00474d83) lbu     s11, 4(a4)
core   0: 3 0x80009da4 (0x00474d83) x27 0x000000ea mem 0x80018031
core   0: 0x80009da8 (0x017ddd93) srli    s11, s11, 23
core   0: 3 0x80009da8 (0x017ddd93) x27 0x00000000
core   0: 0x80009dac (0x52566613) ori     a2, a2, 1317
core   0: 3 0x80009dac (0x52566613) x12 0xfffffff7
core   0: 0x80009db0 (0xfff74d83) lbu     s11, -1(a4)
core   0: 3 0x80009db0 (0xfff74d83) x27 0x000000e7 mem 0x8001802c
core   0: 0x80009db4 (0x01070b03) lb      s6, 16(a4)
core   0: 3 0x80009db4 (0x01070b03) x22 0xfffffff6 mem 0x8001803d
core   0: 0x80009db8 (0xfec70e23) sb      a2, -4(a4)
core   0: 3 0x80009db8 (0xfec70e23) mem 0x80018029 0xf7
core   0: 0x80009dbc (0x00006ddd) c.lui   s11, 0x17
core   0: 3 0x80009dbc (0x6ddd) x27 0x00017000
core   0: 0x80009dbe (0xffc74203) lbu     tp, -4(a4)
core   0: 3 0x80009dbe (0xffc74203) x4  0x000000f7 mem 0x80018029
core   0: 0x80009dc2 (0xfed70b23) sb      a3, -10(a4)
core   0: 3 0x80009dc2 (0xfed70b23) mem 0x80018023 0x00
core   0: 0x80009dc6 (0x40dddb33) sra     s6, s11, a3
core   0: 3 0x80009dc6 (0x40dddb33) x22 0x00017000
core   0: 0x80009dca (0x036dcb33) div     s6, s11, s6
core   0: 3 0x80009dca (0x036dcb33) x22 0x00000001
core   0: 0x80009dce (0xfed72ba3) sw      a3, -9(a4)
core   0: 3 0x80009dce (0xfed72ba3) mem 0x80018024 0x00000100
core   0: 0x80009dd2 (0x00d703a3) sb      a3, 7(a4)
core   0: 3 0x80009dd2 (0x00d703a3) mem 0x80018034 0x00
core   0: 0x80009dd6 (0x005b26b3) slt     a3, s6, t0
core   0: 3 0x80009dd6 (0x005b26b3) x13 0x00000000
core   0: 0x80009dda (0x00570623) sb      t0, 12(a4)
core   0: 3 0x80009dda (0x00570623) mem 0x80018039 0x00
core   0: 0x80009dde (0x00570203) lb      tp, 5(a4)
core   0: 3 0x80009dde (0x00570203) x4  0xffffffe9 mem 0x80018032
core   0: 0x80009de2 (0x00d71683) lh      a3, 13(a4)
core   0: 3 0x80009de2 (0x00d71683) x13 0xfffff0f1 mem 0x8001803a
core   0: 0x80009de6 (0x00008117) auipc   sp, 0x8
core   0: 3 0x80009de6 (0x00008117) x2  0x80011de6
core   0: 0x80009dea (0xb2310113) addi    sp, sp, -1245
core   0: 3 0x80009dea (0xb2310113) x2  0x80011909
core   0: 0x80009dee (0x57c42b13) slti    s6, s0, 1404
core   0: 3 0x80009dee (0x57c42b13) x22 0x00000001
core   0: 0x80009df2 (0xfdc10b83) lb      s7, -36(sp)
core   0: 3 0x80009df2 (0xfdc10b83) x23 0xffffff9e mem 0x800118e5
core   0: 0x80009df6 (0xfdc14483) lbu     s1, -36(sp)
core   0: 3 0x80009df6 (0xfdc14483) x9  0x0000009e mem 0x800118e5
core   0: 0x80009dfa (0xa4eb8513) addi    a0, s7, -1458
core   0: 3 0x80009dfa (0xa4eb8513) x10 0xfffff9ec
core   0: 0x80009dfe (0xfdc10683) lb      a3, -36(sp)
core   0: 3 0x80009dfe (0xfdc10683) x13 0xffffff9e mem 0x800118e5
core   0: 0x80009e02 (0xfd210e23) sb      s2, -36(sp)
core   0: 3 0x80009e02 (0xfd210e23) mem 0x800118e5 0x12
core   0: 0x80009e06 (0x011b4933) xor     s2, s6, a7
core   0: 3 0x80009e06 (0x011b4933) x18 0x0000b2b2
core   0: 0x80009e0a (0xff0123a3) sw      a6, -25(sp)
core   0: 3 0x80009e0a (0xff0123a3) mem 0x800118f0 0x0000009c
core   0: 0x80009e0e (0xfe715783) lhu     a5, -25(sp)
core   0: 3 0x80009e0e (0xfe715783) x15 0x0000009c mem 0x800118f0
core   0: 0x80009e12 (0x00008f81) c.sub   a5, s0
core   0: 3 0x80009e12 (0x8f81) x15 0x0000007e
core   0: 0x80009e14 (0xfd511e83) lh      t4, -43(sp)
core   0: 3 0x80009e14 (0xfd511e83) x29 0xffff9495 mem 0x800118de
core   0: 0x80009e18 (0xd94bf013) andi    zero, s7, -620
core   0: 3 0x80009e18 (0xd94bf013)
core   0: 0x80009e1c (0xf9e10503) lb      a0, -98(sp)
core   0: 3 0x80009e1c (0xf9e10503) x10 0x0000005c mem 0x800118a7
core   0: 0x80009e20 (0xf59101a3) sb      s9, -189(sp)
core   0: 3 0x80009e20 (0xf59101a3) mem 0x8001184c 0x0f
core   0: 0x80009e24 (0x01d4ceb3) xor     t4, s1, t4
core   0: 3 0x80009e24 (0x01d4ceb3) x29 0xffff940b
core   0: 0x80009e28 (0x00008f32) c.mv    t5, a2
core   0: 3 0x80009e28 (0x8f32) x30 0xfffffff7
core   0: 0x80009e2a (0xf4314903) lbu     s2, -189(sp)
core   0: 3 0x80009e2a (0xf4314903) x18 0x0000000f mem 0x8001184c
core   0: 0x80009e2e (0xf4312883) lw      a7, -189(sp)
core   0: 3 0x80009e2e (0xf4312883) x17 0x0405060f mem 0x8001184c
core   0: 0x80009e32 (0xf4d101a3) sb      a3, -189(sp)
core   0: 3 0x80009e32 (0xf4d101a3) mem 0x8001184c 0x9e
core   0: 0x80009e36 (0xf4311f83) lh      t6, -189(sp)
core   0: 3 0x80009e36 (0xf4311f83) x31 0x0000069e mem 0x8001184c
core   0: 0x80009e3a (0x00006e17) auipc   t3, 0x6
core   0: 3 0x80009e3a (0x00006e17) x28 0x8000fe3a
core   0: 0x80009e3e (0x4f6e0e13) addi    t3, t3, 1270
core   0: 3 0x80009e3e (0x4f6e0e13) x28 0x80010330
core   0: 0x80009e42 (0x001e06a3) sb      ra, 13(t3)
core   0: 3 0x80009e42 (0x001e06a3) mem 0x8001033d 0x40
core   0: 0x80009e46 (0xdc51c137) lui     sp, 0xdc51c
core   0: 3 0x80009e46 (0xdc51c137) x2  0xdc51c000
core   0: 0x80009e4a (0x007e4403) lbu     s0, 7(t3)
core   0: 3 0x80009e4a (0x007e4403) x8  0x00000064 mem 0x80010337
core   0: 0x80009e4e (0x731150b7) lui     ra, 0x73115
core   0: 3 0x80009e4e (0x731150b7) x1  0x73115000
core   0: 0x80009e52 (0x007e4b83) lbu     s7, 7(t3)
core   0: 3 0x80009e52 (0x007e4b83) x23 0x00000064 mem 0x80010337
core   0: 0x80009e56 (0xff6e4183) lbu     gp, -10(t3)
core   0: 3 0x80009e56 (0xff6e4183) x3  0x000000dd mem 0x80010326
core   0: 0x80009e5a (0x40405c13) srai    s8, zero, 4
core   0: 3 0x80009e5a (0x40405c13) x24 0x00000000
core   0: 0x80009e5e (0xfe1e1923) sh      ra, -14(t3)
core   0: 3 0x80009e5e (0xfe1e1923) mem 0x80010322 0x5000
core   0: 0x80009e62 (0xffae0003) lb      zero, -6(t3)
core   0: 3 0x80009e62 (0xffae0003) mem 0x8001032a
core   0: 0x80009e66 (0x002e0223) sb      sp, 4(t3)
core   0: 3 0x80009e66 (0x002e0223) mem 0x80010334 0x00
core   0: 0x80009e6a (0xfe4e0e23) sb      tp, -4(t3)
core   0: 3 0x80009e6a (0xfe4e0e23) mem 0x8001032c 0xe9
core   0: 0x80009e6e (0x007e0803) lb      a6, 7(t3)
core   0: 3 0x80009e6e (0x007e0803) x16 0x00000064 mem 0x80010337
core   0: 0x80009e72 (0xffde0903) lb      s2, -3(t3)
core   0: 3 0x80009e72 (0xffde0903) x18 0xffffffe6 mem 0x8001032d
core   0: 0x80009e76 (0xfeee0ea3) sb      a4, -3(t3)
core   0: 3 0x80009e76 (0xfeee0ea3) mem 0x8001032d 0x2d
core   0: 0x80009e7a (0x000e4e83) lbu     t4, 0(t3)
core   0: 3 0x80009e7a (0x000e4e83) x29 0x000000eb mem 0x80010330
core   0: 0x80009e7e (0x000e2c03) lw      s8, 0(t3)
core   0: 3 0x80009e7e (0x000e2c03) x24 0xe8e9eaeb mem 0x80010330
core   0: 0x80009e82 (0xf561cd93) xori    s11, gp, -170
core   0: 3 0x80009e82 (0xf561cd93) x27 0xffffff8b
core   0: 0x80009e86 (0x000e2603) lw      a2, 0(t3)
core   0: 3 0x80009e86 (0x000e2603) x12 0xe8e9eaeb mem 0x80010330
core   0: 0x80009e8a (0x000e2403) lw      s0, 0(t3)
core   0: 3 0x80009e8a (0x000e2403) x8  0xe8e9eaeb mem 0x80010330
core   0: 0x80009e8e (0x000e5503) lhu     a0, 0(t3)
core   0: 3 0x80009e8e (0x000e5503) x10 0x0000eaeb mem 0x80010330
core   0: 0x80009e92 (0x000e4a03) lbu     s4, 0(t3)
core   0: 3 0x80009e92 (0x000e4a03) x20 0x000000eb mem 0x80010330
core   0: 0x80009e96 (0x036006ef) jal     a3, pc + 0x36
core   0: 3 0x80009e96 (0x036006ef) x13 0x80009e9a
core   0: 0x80009ecc (0xfdfff0ef) jal     pc - 0x22
core   0: 3 0x80009ecc (0xfdfff0ef) x1  0x80009ed0
core   0: 0x80009eaa (0x020000ef) jal     pc + 0x20
core   0: 3 0x80009eaa (0x020000ef) x1  0x80009eae
core   0: 0x80009eca (0x000037fd) c.jal   pc - 18
core   0: 3 0x80009eca (0x37fd) x1  0x80009ecc
core   0: 0x80009eb8 (0x0000b7dd) c.j     pc - 26
core   0: 3 0x80009eb8 (0xb7dd)
core   0: 0x80009e9e (0x0000a831) c.j     pc + 28
core   0: 3 0x80009e9e (0xa831)
core   0: 0x80009eba (0x0000bfe5) c.j     pc - 8
core   0: 3 0x80009eba (0xbfe5)
core   0: 0x80009eb2 (0x00a000ef) jal     pc + 0xa
core   0: 3 0x80009eb2 (0x00a000ef) x1  0x80009eb6
core   0: 0x80009ebc (0xff5fff6f) jal     t5, pc - 0xc
core   0: 3 0x80009ebc (0xff5fff6f) x30 0x80009ec0
core   0: 0x80009eb0 (0x0000a809) c.j     pc + 18
core   0: 3 0x80009eb0 (0xa809)
core   0: 0x80009ec2 (0x00003ffd) c.jal   pc - 2
core   0: 3 0x80009ec2 (0x3ffd) x1  0x80009ec4
core   0: 0x80009ec0 (0x0000b7dd) c.j     pc - 26
core   0: 3 0x80009ec0 (0xb7dd)
core   0: 0x80009ea6 (0x0000a009) c.j     pc + 2
core   0: 3 0x80009ea6 (0xa009)
core   0: 0x80009ea8 (0x00002039) c.jal   pc + 14
core   0: 3 0x80009ea8 (0x2039) x1  0x80009eaa
core   0: 0x80009eb6 (0x0000a809) c.j     pc + 18
core   0: 3 0x80009eb6 (0xa809)
core   0: 0x80009ec8 (0x0000bff5) c.j     pc - 4
core   0: 3 0x80009ec8 (0xbff5)
core   0: 0x80009ec4 (0xfebff9ef) jal     s3, pc - 0x16
core   0: 3 0x80009ec4 (0xfebff9ef) x19 0x80009ec8
core   0: 0x80009eae (0x00003fcd) c.jal   pc - 14
core   0: 3 0x80009eae (0x3fcd) x1  0x80009eb0
core   0: 0x80009ea0 (0x004000ef) jal     pc + 0x4
core   0: 3 0x80009ea0 (0x004000ef) x1  0x80009ea4
core   0: 0x80009ea4 (0x0000bfdd) c.j     pc - 10
core   0: 3 0x80009ea4 (0xbfdd)
core   0: 0x80009e9a (0x036000ef) jal     pc + 0x36
core   0: 3 0x80009e9a (0x036000ef) x1  0x80009e9e
core   0: 0x80009ed0 (0x41ead393) srai    t2, s5, 30
core   0: 3 0x80009ed0 (0x41ead393) x7  0x00000000
core   0: 0x80009ed4 (0x00004789) c.li    a5, 2
core   0: 3 0x80009ed4 (0x4789) x15 0x00000002
core   0: 0x80009ed6 (0x010cae33) slt     t3, s9, a6
core   0: 3 0x80009ed6 (0x010cae33) x28 0x00000001
core   0: 0x80009eda (0x00005739) c.li    a4, -18
core   0: 3 0x80009eda (0x5739) x14 0xffffffee
core   0: 0x80009edc (0x001aefb3) or      t6, s5, ra
core   0: 3 0x80009edc (0x001aefb3) x31 0x80009e9e
core   0: 0x80009ee0 (0x0220b0b3) mulhu   ra, ra, sp
core   0: 3 0x80009ee0 (0x0220b0b3) x1  0x6e296882
core   0: 0x80009ee4 (0x000017ed) c.addi  a5, -5
core   0: 3 0x80009ee4 (0x17ed) x15 0xfffffffd
core   0: 0x80009ee6 (0x408508b3) sub     a7, a0, s0
core   0: 3 0x80009ee6 (0x408508b3) x17 0x17170000
core   0: 0x80009eea (0x00008471) c.srai  s0, 28
core   0: 3 0x80009eea (0x8471) x8  0xfffffffe
core   0: 0x80009eec (0x00005571) c.li    a0, -4
core   0: 3 0x80009eec (0x5571) x10 0xfffffffc
core   0: 0x80009eee (0x00380eb3) add     t4, a6, gp
core   0: 3 0x80009eee (0x00380eb3) x29 0x00000141
core   0: 0x80009ef2 (0x00000001) c.nop
core   0: 3 0x80009ef2 (0x0001)
core   0: 0x80009ef4 (0xac906b97) auipc   s7, 0xac906
core   0: 3 0x80009ef4 (0xac906b97) x23 0x2c90fef4
core   0: 0x80009ef8 (0x03b53b33) mulhu   s6, a0, s11
core   0: 3 0x80009ef8 (0x03b53b33) x22 0xffffff87
core   0: 0x80009efc (0x00000509) c.addi  a0, 2
core   0: 3 0x80009efc (0x0509) x10 0xfffffffe
core   0: 0x80009efe (0xb81c0613) addi    a2, s8, -1151
core   0: 3 0x80009efe (0xb81c0613) x12 0xe8e9e66c
core   0: 0x80009f02 (0x015a18b3) sll     a7, s4, s5
core   0: 3 0x80009f02 (0x015a18b3) x17 0x000000eb
core   0: 0x80009f06 (0x71dc2813) slti    a6, s8, 1821
core   0: 3 0x80009f06 (0x71dc2813) x16 0x00000001
core   0: 0x80009f0a (0x01e4c4b3) xor     s1, s1, t5
core   0: 3 0x80009f0a (0x01e4c4b3) x9  0x80009e5e
core   0: 0x80009f0e (0xb691f613) andi    a2, gp, -1175
core   0: 3 0x80009f0e (0xb691f613) x12 0x00000049
core   0: 0x80009f12 (0x0000f16d) c.bnez  a0, pc - 30
core   0: 3 0x80009f12 (0xf16d)
core   0: 0x80009ef4 (0xac906b97) auipc   s7, 0xac906
core   0: 3 0x80009ef4 (0xac906b97) x23 0x2c90fef4
core   0: 0x80009ef8 (0x03b53b33) mulhu   s6, a0, s11
core   0: 3 0x80009ef8 (0x03b53b33) x22 0xffffff89
core   0: 0x80009efc (0x00000509) c.addi  a0, 2
core   0: 3 0x80009efc (0x0509) x10 0x00000000
core   0: 0x80009efe (0xb81c0613) addi    a2, s8, -1151
core   0: 3 0x80009efe (0xb81c0613) x12 0xe8e9e66c
core   0: 0x80009f02 (0x015a18b3) sll     a7, s4, s5
core   0: 3 0x80009f02 (0x015a18b3) x17 0x000000eb
core   0: 0x80009f06 (0x71dc2813) slti    a6, s8, 1821
core   0: 3 0x80009f06 (0x71dc2813) x16 0x00000001
core   0: 0x80009f0a (0x01e4c4b3) xor     s1, s1, t5
core   0: 3 0x80009f0a (0x01e4c4b3) x9  0x0000009e
core   0: 0x80009f0e (0xb691f613) andi    a2, gp, -1175
core   0: 3 0x80009f0e (0xb691f613) x12 0x00000049
core   0: 0x80009f12 (0x0000f16d) c.bnez  a0, pc - 30
core   0: 3 0x80009f12 (0xf16d)
core   0: 0x80009f14 (0xde803693) sltiu   a3, zero, -536
core   0: 3 0x80009f14 (0xde803693) x13 0x00000001
core   0: 0x80009f18 (0x00008eb5) c.xor   a3, a3
core   0: 3 0x80009f18 (0x8eb5) x13 0x00000000
core   0: 0x80009f1a (0x7ed90913) addi    s2, s2, 2029
core   0: 3 0x80009f1a (0x7ed90913) x18 0x000007d3
core   0: 0x80009f1e (0x023b29b3) mulhsu  s3, s6, gp
core   0: 3 0x80009f1e (0x023b29b3) x19 0xffffffff
core   0: 0x80009f22 (0xfae79de3) bne     a5, a4, pc - 70
core   0: 3 0x80009f22 (0xfae79de3)
core   0: 0x80009edc (0x001aefb3) or      t6, s5, ra
core   0: 3 0x80009edc (0x001aefb3) x31 0x6e296882
core   0: 0x80009ee0 (0x0220b0b3) mulhu   ra, ra, sp
core   0: 3 0x80009ee0 (0x0220b0b3) x1  0x5ecec388
core   0: 0x80009ee4 (0x000017ed) c.addi  a5, -5
core   0: 3 0x80009ee4 (0x17ed) x15 0xfffffff8
core   0: 0x80009ee6 (0x408508b3) sub     a7, a0, s0
core   0: 3 0x80009ee6 (0x408508b3) x17 0x00000002
core   0: 0x80009eea (0x00008471) c.srai  s0, 28
core   0: 3 0x80009eea (0x8471) x8  0xffffffff
core   0: 0x80009eec (0x00005571) c.li    a0, -4
core   0: 3 0x80009eec (0x5571) x10 0xfffffffc
core   0: 0x80009eee (0x00380eb3) add     t4, a6, gp
core   0: 3 0x80009eee (0x00380eb3) x29 0x000000de
core   0: 0x80009ef2 (0x00000001) c.nop
core   0: 3 0x80009ef2 (0x0001)
core   0: 0x80009ef4 (0xac906b97) auipc   s7, 0xac906
core   0: 3 0x80009ef4 (0xac906b97) x23 0x2c90fef4
core   0: 0x80009ef8 (0x03b53b33) mulhu   s6, a0, s11
core   0: 3 0x80009ef8 (0x03b53b33) x22 0xffffff87
core   0: 0x80009efc (0x00000509) c.addi  a0, 2
core   0: 3 0x80009efc (0x0509) x10 0xfffffffe
core   0: 0x80009efe (0xb81c0613) addi    a2, s8, -1151
core   0: 3 0x80009efe (0xb81c0613) x12 0xe8e9e66c
core   0: 0x80009f02 (0x015a18b3) sll     a7, s4, s5
core   0: 3 0x80009f02 (0x015a18b3) x17 0x000000eb
core   0: 0x80009f06 (0x71dc2813) slti    a6, s8, 1821
core   0: 3 0x80009f06 (0x71dc2813) x16 0x00000001
core   0: 0x80009f0a (0x01e4c4b3) xor     s1, s1, t5
core   0: 3 0x80009f0a (0x01e4c4b3) x9  0x80009e5e
core   0: 0x80009f0e (0xb691f613) andi    a2, gp, -1175
core   0: 3 0x80009f0e (0xb691f613) x12 0x00000049
core   0: 0x80009f12 (0x0000f16d) c.bnez  a0, pc - 30
core   0: 3 0x80009f12 (0xf16d)
core   0: 0x80009ef4 (0xac906b97) auipc   s7, 0xac906
core   0: 3 0x80009ef4 (0xac906b97) x23 0x2c90fef4
core   0: 0x80009ef8 (0x03b53b33) mulhu   s6, a0, s11
core   0: 3 0x80009ef8 (0x03b53b33) x22 0xffffff89
core   0: 0x80009efc (0x00000509) c.addi  a0, 2
core   0: 3 0x80009efc (0x0509) x10 0x00000000
core   0: 0x80009efe (0xb81c0613) addi    a2, s8, -1151
core   0: 3 0x80009efe (0xb81c0613) x12 0xe8e9e66c
core   0: 0x80009f02 (0x015a18b3) sll     a7, s4, s5
core   0: 3 0x80009f02 (0x015a18b3) x17 0x000000eb
core   0: 0x80009f06 (0x71dc2813) slti    a6, s8, 1821
core   0: 3 0x80009f06 (0x71dc2813) x16 0x00000001
core   0: 0x80009f0a (0x01e4c4b3) xor     s1, s1, t5
core   0: 3 0x80009f0a (0x01e4c4b3) x9  0x0000009e
core   0: 0x80009f0e (0xb691f613) andi    a2, gp, -1175
core   0: 3 0x80009f0e (0xb691f613) x12 0x00000049
core   0: 0x80009f12 (0x0000f16d) c.bnez  a0, pc - 30
core   0: 3 0x80009f12 (0xf16d)
core   0: 0x80009f14 (0xde803693) sltiu   a3, zero, -536
core   0: 3 0x80009f14 (0xde803693) x13 0x00000001
core   0: 0x80009f18 (0x00008eb5) c.xor   a3, a3
core   0: 3 0x80009f18 (0x8eb5) x13 0x00000000
core   0: 0x80009f1a (0x7ed90913) addi    s2, s2, 2029
core   0: 3 0x80009f1a (0x7ed90913) x18 0x00000fc0
core   0: 0x80009f1e (0x023b29b3) mulhsu  s3, s6, gp
core   0: 3 0x80009f1e (0x023b29b3) x19 0xffffffff
core   0: 0x80009f22 (0xfae79de3) bne     a5, a4, pc - 70
core   0: 3 0x80009f22 (0xfae79de3)
core   0: 0x80009edc (0x001aefb3) or      t6, s5, ra
core   0: 3 0x80009edc (0x001aefb3) x31 0x5ecec388
core   0: 0x80009ee0 (0x0220b0b3) mulhu   ra, ra, sp
core   0: 3 0x80009ee0 (0x0220b0b3) x1  0x5197f68f
core   0: 0x80009ee4 (0x000017ed) c.addi  a5, -5
core   0: 3 0x80009ee4 (0x17ed) x15 0xfffffff3
core   0: 0x80009ee6 (0x408508b3) sub     a7, a0, s0
core   0: 3 0x80009ee6 (0x408508b3) x17 0x00000001
core   0: 0x80009eea (0x00008471) c.srai  s0, 28
core   0: 3 0x80009eea (0x8471) x8  0xffffffff
core   0: 0x80009eec (0x00005571) c.li    a0, -4
core   0: 3 0x80009eec (0x5571) x10 0xfffffffc
core   0: 0x80009eee (0x00380eb3) add     t4, a6, gp
core   0: 3 0x80009eee (0x00380eb3) x29 0x000000de
core   0: 0x80009ef2 (0x00000001) c.nop
core   0: 3 0x80009ef2 (0x0001)
core   0: 0x80009ef4 (0xac906b97) auipc   s7, 0xac906
core   0: 3 0x80009ef4 (0xac906b97) x23 0x2c90fef4
core   0: 0x80009ef8 (0x03b53b33) mulhu   s6, a0, s11
core   0: 3 0x80009ef8 (0x03b53b33) x22 0xffffff87
core   0: 0x80009efc (0x00000509) c.addi  a0, 2
core   0: 3 0x80009efc (0x0509) x10 0xfffffffe
core   0: 0x80009efe (0xb81c0613) addi    a2, s8, -1151
core   0: 3 0x80009efe (0xb81c0613) x12 0xe8e9e66c
core   0: 0x80009f02 (0x015a18b3) sll     a7, s4, s5
core   0: 3 0x80009f02 (0x015a18b3) x17 0x000000eb
core   0: 0x80009f06 (0x71dc2813) slti    a6, s8, 1821
core   0: 3 0x80009f06 (0x71dc2813) x16 0x00000001
core   0: 0x80009f0a (0x01e4c4b3) xor     s1, s1, t5
core   0: 3 0x80009f0a (0x01e4c4b3) x9  0x80009e5e
core   0: 0x80009f0e (0xb691f613) andi    a2, gp, -1175
core   0: 3 0x80009f0e (0xb691f613) x12 0x00000049
core   0: 0x80009f12 (0x0000f16d) c.bnez  a0, pc - 30
core   0: 3 0x80009f12 (0xf16d)
core   0: 0x80009ef4 (0xac906b97) auipc   s7, 0xac906
core   0: 3 0x80009ef4 (0xac906b97) x23 0x2c90fef4
core   0: 0x80009ef8 (0x03b53b33) mulhu   s6, a0, s11
core   0: 3 0x80009ef8 (0x03b53b33) x22 0xffffff89
core   0: 0x80009efc (0x00000509) c.addi  a0, 2
core   0: 3 0x80009efc (0x0509) x10 0x00000000
core   0: 0x80009efe (0xb81c0613) addi    a2, s8, -1151
core   0: 3 0x80009efe (0xb81c0613) x12 0xe8e9e66c
core   0: 0x80009f02 (0x015a18b3) sll     a7, s4, s5
core   0: 3 0x80009f02 (0x015a18b3) x17 0x000000eb
core   0: 0x80009f06 (0x71dc2813) slti    a6, s8, 1821
core   0: 3 0x80009f06 (0x71dc2813) x16 0x00000001
core   0: 0x80009f0a (0x01e4c4b3) xor     s1, s1, t5
core   0: 3 0x80009f0a (0x01e4c4b3) x9  0x0000009e
core   0: 0x80009f0e (0xb691f613) andi    a2, gp, -1175
core   0: 3 0x80009f0e (0xb691f613) x12 0x00000049
core   0: 0x80009f12 (0x0000f16d) c.bnez  a0, pc - 30
core   0: 3 0x80009f12 (0xf16d)
core   0: 0x80009f14 (0xde803693) sltiu   a3, zero, -536
core   0: 3 0x80009f14 (0xde803693) x13 0x00000001
core   0: 0x80009f18 (0x00008eb5) c.xor   a3, a3
core   0: 3 0x80009f18 (0x8eb5) x13 0x00000000
core   0: 0x80009f1a (0x7ed90913) addi    s2, s2, 2029
core   0: 3 0x80009f1a (0x7ed90913) x18 0x000017ad
core   0: 0x80009f1e (0x023b29b3) mulhsu  s3, s6, gp
core   0: 3 0x80009f1e (0x023b29b3) x19 0xffffffff
core   0: 0x80009f22 (0xfae79de3) bne     a5, a4, pc - 70
core   0: 3 0x80009f22 (0xfae79de3)
core   0: 0x80009edc (0x001aefb3) or      t6, s5, ra
core   0: 3 0x80009edc (0x001aefb3) x31 0x5197f68f
core   0: 0x80009ee0 (0x0220b0b3) mulhu   ra, ra, sp
core   0: 3 0x80009ee0 (0x0220b0b3) x1  0x4638a629
core   0: 0x80009ee4 (0x000017ed) c.addi  a5, -5
core   0: 3 0x80009ee4 (0x17ed) x15 0xffffffee
core   0: 0x80009ee6 (0x408508b3) sub     a7, a0, s0
core   0: 3 0x80009ee6 (0x408508b3) x17 0x00000001
core   0: 0x80009eea (0x00008471) c.srai  s0, 28
core   0: 3 0x80009eea (0x8471) x8  0xffffffff
core   0: 0x80009eec (0x00005571) c.li    a0, -4
core   0: 3 0x80009eec (0x5571) x10 0xfffffffc
core   0: 0x80009eee (0x00380eb3) add     t4, a6, gp
core   0: 3 0x80009eee (0x00380eb3) x29 0x000000de
core   0: 0x80009ef2 (0x00000001) c.nop
core   0: 3 0x80009ef2 (0x0001)
core   0: 0x80009ef4 (0xac906b97) auipc   s7, 0xac906
core   0: 3 0x80009ef4 (0xac906b97) x23 0x2c90fef4
core   0: 0x80009ef8 (0x03b53b33) mulhu   s6, a0, s11
core   0: 3 0x80009ef8 (0x03b53b33) x22 0xffffff87
core   0: 0x80009efc (0x00000509) c.addi  a0, 2
core   0: 3 0x80009efc (0x0509) x10 0xfffffffe
core   0: 0x80009efe (0xb81c0613) addi    a2, s8, -1151
core   0: 3 0x80009efe (0xb81c0613) x12 0xe8e9e66c
core   0: 0x80009f02 (0x015a18b3) sll     a7, s4, s5
core   0: 3 0x80009f02 (0x015a18b3) x17 0x000000eb
core   0: 0x80009f06 (0x71dc2813) slti    a6, s8, 1821
core   0: 3 0x80009f06 (0x71dc2813) x16 0x00000001
core   0: 0x80009f0a (0x01e4c4b3) xor     s1, s1, t5
core   0: 3 0x80009f0a (0x01e4c4b3) x9  0x80009e5e
core   0: 0x80009f0e (0xb691f613) andi    a2, gp, -1175
core   0: 3 0x80009f0e (0xb691f613) x12 0x00000049
core   0: 0x80009f12 (0x0000f16d) c.bnez  a0, pc - 30
core   0: 3 0x80009f12 (0xf16d)
core   0: 0x80009ef4 (0xac906b97) auipc   s7, 0xac906
core   0: 3 0x80009ef4 (0xac906b97) x23 0x2c90fef4
core   0: 0x80009ef8 (0x03b53b33) mulhu   s6, a0, s11
core   0: 3 0x80009ef8 (0x03b53b33) x22 0xffffff89
core   0: 0x80009efc (0x00000509) c.addi  a0, 2
core   0: 3 0x80009efc (0x0509) x10 0x00000000
core   0: 0x80009efe (0xb81c0613) addi    a2, s8, -1151
core   0: 3 0x80009efe (0xb81c0613) x12 0xe8e9e66c
core   0: 0x80009f02 (0x015a18b3) sll     a7, s4, s5
core   0: 3 0x80009f02 (0x015a18b3) x17 0x000000eb
core   0: 0x80009f06 (0x71dc2813) slti    a6, s8, 1821
core   0: 3 0x80009f06 (0x71dc2813) x16 0x00000001
core   0: 0x80009f0a (0x01e4c4b3) xor     s1, s1, t5
core   0: 3 0x80009f0a (0x01e4c4b3) x9  0x0000009e
core   0: 0x80009f0e (0xb691f613) andi    a2, gp, -1175
core   0: 3 0x80009f0e (0xb691f613) x12 0x00000049
core   0: 0x80009f12 (0x0000f16d) c.bnez  a0, pc - 30
core   0: 3 0x80009f12 (0xf16d)
core   0: 0x80009f14 (0xde803693) sltiu   a3, zero, -536
core   0: 3 0x80009f14 (0xde803693) x13 0x00000001
core   0: 0x80009f18 (0x00008eb5) c.xor   a3, a3
core   0: 3 0x80009f18 (0x8eb5) x13 0x00000000
core   0: 0x80009f1a (0x7ed90913) addi    s2, s2, 2029
core   0: 3 0x80009f1a (0x7ed90913) x18 0x00001f9a
core   0: 0x80009f1e (0x023b29b3) mulhsu  s3, s6, gp
core   0: 3 0x80009f1e (0x023b29b3) x19 0xffffffff
core   0: 0x80009f22 (0xfae79de3) bne     a5, a4, pc - 70
core   0: 3 0x80009f22 (0xfae79de3)
core   0: 0x80009f26 (0xb4eabd13) sltiu   s10, s5, -1202
core   0: 3 0x80009f26 (0xb4eabd13) x26 0x00000001
core   0: 0x80009f2a (0x000057dd) c.li    a5, -9
core   0: 3 0x80009f2a (0x57dd) x15 0xfffffff7
core   0: 0x80009f2c (0x00000001) c.nop
core   0: 3 0x80009f2c (0x0001)
core   0: 0x80009f2e (0x00008c55) c.or    s0, a3
core   0: 3 0x80009f2e (0x8c55) x8  0xffffffff
core   0: 0x80009f30 (0x00000001) c.nop
core   0: 3 0x80009f30 (0x0001)
core   0: 0x80009f32 (0x4f8f3f13) sltiu   t5, t5, 1272
core   0: 3 0x80009f32 (0x4f8f3f13) x30 0x00000000
core   0: 0x80009f36 (0x01a8db33) srl     s6, a7, s10
core   0: 3 0x80009f36 (0x01a8db33) x22 0x00000075
core   0: 0x80009f3a (0x0a4a7eb7) lui     t4, 0xa4a7
core   0: 3 0x80009f3a (0x0a4a7eb7) x29 0x0a4a7000
core   0: 0x80009f3e (0x00000785) c.addi  a5, 1
core   0: 3 0x80009f3e (0x0785) x15 0xfffffff8
core   0: 0x80009f40 (0x02d3e4b3) rem     s1, t2, a3
core   0: 3 0x80009f40 (0x02d3e4b3) x9  0x00000000
core   0: 0x80009f44 (0x0000187d) c.addi  a6, -1
core   0: 3 0x80009f44 (0x187d) x16 0x00000000
core   0: 0x80009f46 (0x0000099a) c.slli  s3, 6
core   0: 3 0x80009f46 (0x099a) x19 0xffffffc0
core   0: 0x80009f48 (0x00008ca9) c.xor   s1, a0
core   0: 3 0x80009f48 (0x8ca9) x9  0x00000000
core   0: 0x80009f4a (0x00008ec9) c.or    a3, a0
core   0: 3 0x80009f4a (0x8ec9) x13 0x00000000
core   0: 0x80009f4c (0x0000d7fd) c.beqz  a5, pc - 18
core   0: 3 0x80009f4c (0xd7fd)
core   0: 0x80009f4e (0x00008955) c.andi  a0, 21
core   0: 3 0x80009f4e (0x8955) x10 0x00000000
core   0: 0x80009f50 (0x01b21013) slli    zero, tp, 27
core   0: 3 0x80009f50 (0x01b21013)
core   0: 0x80009f54 (0x026e0663) beq     t3, t1, pc + 44
core   0: 3 0x80009f54 (0x026e0663)
core   0: 0x80009f58 (0x0000011e) c.slli  sp, 7
core   0: 3 0x80009f58 (0x011e) x2  0x28e00000
core   0: 0x80009f5a (0x4e8ef7b7) lui     a5, 0x4e8ef
core   0: 3 0x80009f5a (0x4e8ef7b7) x15 0x4e8ef000
core   0: 0x80009f5e (0x00008fe5) c.and   a5, s1
core   0: 3 0x80009f5e (0x8fe5) x15 0x00000000
core   0: 0x80009f60 (0x000f0fb3) add     t6, t5, zero
core   0: 3 0x80009f60 (0x000f0fb3) x31 0x00000000
core   0: 0x80009f64 (0x02a42c33) mulhsu  s8, s0, a0
core   0: 3 0x80009f64 (0x02a42c33) x24 0x00000000
core   0: 0x80009f68 (0x000003ba) c.slli  t2, 14
core   0: 3 0x80009f68 (0x03ba) x7  0x00000000
core   0: 0x80009f6a (0x41718933) sub     s2, gp, s7
core   0: 3 0x80009f6a (0x41718933) x18 0xd36f01e9
core   0: 0x80009f6e (0x03946d33) rem     s10, s0, s9
core   0: 3 0x80009f6e (0x03946d33) x26 0xffffffff
core   0: 0x80009f72 (0x0000e781) c.bnez  a5, pc + 8
core   0: 3 0x80009f72 (0xe781)
core   0: 0x80009f74 (0x0000952a) c.add   a0, a0
core   0: 3 0x80009f74 (0x952a) x10 0x00000000
core   0: 0x80009f76 (0x412bdd13) srai    s10, s7, 18
core   0: 3 0x80009f76 (0x412bdd13) x26 0x00000b24
core   0: 0x80009f7a (0x0033d4b3) srl     s1, t2, gp
core   0: 3 0x80009f7a (0x0033d4b3) x9  0x00000000
core   0: 0x80009f7e (0x00008d25) c.xor   a0, s1
core   0: 3 0x80009f7e (0x8d25) x10 0x00000000
core   0: 0x80009f80 (0x000098fd) c.andi  s1, -1
core   0: 3 0x80009f80 (0x98fd) x9  0x00000000
core   0: 0x80009f82 (0x00b7a193) slti    gp, a5, 11
core   0: 3 0x80009f82 (0x00b7a193) x3  0x00000001
core   0: 0x80009f86 (0x324a0f13) addi    t5, s4, 804
core   0: 3 0x80009f86 (0x324a0f13) x30 0x0000040f
core   0: 0x80009f8a (0x36e67a93) andi    s5, a2, 878
core   0: 3 0x80009f8a (0x36e67a93) x21 0x00000048
core   0: 0x80009f8e (0x0369fe33) remu    t3, s3, s6
core   0: 3 0x80009f8e (0x0369fe33) x28 0x0000004b
core   0: 0x80009f92 (0x035ac263) blt     s5, s5, pc + 36
core   0: 3 0x80009f92 (0x035ac263)
core   0: 0x80009f96 (0x0133c733) xor     a4, t2, s3
core   0: 3 0x80009f96 (0x0133c733) x14 0xffffffc0
core   0: 0x80009f9a (0x00000b9c) c.addi4spn a5, sp, 464
core   0: 3 0x80009f9a (0x0b9c) x15 0x28e001d0
core   0: 0x80009f9c (0x0238e4b3) rem     s1, a7, gp
core   0: 3 0x80009f9c (0x0238e4b3) x9  0x00000000
core   0: 0x80009fa0 (0x0b2eeb93) ori     s7, t4, 178
core   0: 3 0x80009fa0 (0x0b2eeb93) x23 0x0a4a70b2
core   0: 0x80009fa4 (0x00008c2d) c.xor   s0, a1
core   0: 3 0x80009fa4 (0x8c2d) x8  0x7ffd631b
core   0: 0x80009fa6 (0x0000962e) c.add   a2, a1
core   0: 3 0x80009fa6 (0x962e) x12 0x80029d2d
core   0: 0x80009fa8 (0x0000997d) c.andi  a0, -1
core   0: 3 0x80009fa8 (0x997d) x10 0x00000000
core   0: 0x80009faa (0x000084de) c.mv    s1, s7
core   0: 3 0x80009faa (0x84de) x9  0x0a4a70b2
core   0: 0x80009fac (0xa9823a93) sltiu   s5, tp, -1384
core   0: 3 0x80009fac (0xa9823a93) x21 0x00000000
core   0: 0x80009fb0 (0x0000717d) c.addi16sp sp, -16
core   0: 3 0x80009fb0 (0x717d) x2  0x28dffff0
core   0: 0x80009fb2 (0x00000001) c.nop
core   0: 3 0x80009fb2 (0x0001)
core   0: 0x80009fb4 (0x00000001) c.nop
core   0: 3 0x80009fb4 (0x0001)
core   0: 0x80009fb6 (0x563a6493) ori     s1, s4, 1379
core   0: 3 0x80009fb6 (0x563a6493) x9  0x000005eb
core   0: 0x80009fba (0x00008ff9) c.and   a5, a4
core   0: 3 0x80009fba (0x8ff9) x15 0x28e001c0
core   0: 0x80009fbc (0x94db2a13) slti    s4, s6, -1715
core   0: 3 0x80009fbc (0x94db2a13) x20 0x00000000
core   0: 0x80009fc0 (0x2915ad97) auipc   s11, 0x2915a
core   0: 3 0x80009fc0 (0x2915ad97) x27 0xa9163fc0
core   0: 0x80009fc4 (0x01b67b63) bgeu    a2, s11, pc + 22
core   0: 3 0x80009fc4 (0x01b67b63)
core   0: 0x80009fc8 (0xfd4bab17) auipc   s6, 0xfd4ba
core   0: 3 0x80009fc8 (0xfd4bab17) x22 0x7d4c3fc8
core   0: 0x80009fcc (0x0148f833) and     a6, a7, s4
core   0: 3 0x80009fcc (0x0148f833) x16 0x00000000
core   0: 0x80009fd0 (0x02df42b3) div     t0, t5, a3
core   0: 3 0x80009fd0 (0x02df42b3) x5  0xffffffff
core   0: 0x80009fd4 (0x00008105) c.srli  a0, 1
core   0: 3 0x80009fd4 (0x8105) x10 0x00000000
core   0: 0x80009fd6 (0x000082d6) c.mv    t0, s5
core   0: 3 0x80009fd6 (0x82d6) x5  0x00000000
core   0: 0x80009fd8 (0x00009e3e) c.add   t3, a5
core   0: 3 0x80009fd8 (0x9e3e) x28 0x28e0020b
core   0: 0x80009fda (0x00008d45) c.or    a0, s1
core   0: 3 0x80009fda (0x8d45) x10 0x000005eb
core   0: 0x80009fdc (0x4142d813) srai    a6, t0, 20
core   0: 3 0x80009fdc (0x4142d813) x16 0x00000000
core   0: 0x80009fe0 (0x02617263) bgeu    sp, t1, pc + 36
core   0: 3 0x80009fe0 (0x02617263)
core   0: 0x80009fe4 (0x00004665) c.li    a2, 25
core   0: 3 0x80009fe4 (0x4665) x12 0x00000019
core   0: 0x80009fe6 (0x006644b3) xor     s1, a2, t1
core   0: 3 0x80009fe6 (0x006644b3) x9  0x80025e39
core   0: 0x80009fea (0x8d434297) auipc   t0, 0x8d434
core   0: 3 0x80009fea (0x8d434297) x5  0x0d43dfea
core   0: 0x80009fee (0x0025da13) srli    s4, a1, 2
core   0: 3 0x80009fee (0x0025da13) x20 0x2000a739
core   0: 0x80009ff2 (0x0321ad33) mulhsu  s10, gp, s2
core   0: 3 0x80009ff2 (0x0321ad33) x26 0x00000000
core   0: 0x80009ff6 (0x01c69393) slli    t2, a3, 28
core   0: 3 0x80009ff6 (0x01c69393) x7  0x00000000
core   0: 0x80009ffa (0x000004b1) c.addi  s1, 12
core   0: 3 0x80009ffa (0x04b1) x9  0x80025e45
core   0: 0x80009ffc (0x059cd163) bge     s9, s9, pc + 66
core   0: 3 0x80009ffc (0x059cd163)
core   0: 0x8000a03e (0x00efa0b3) slt     ra, t6, a4
core   0: 3 0x8000a03e (0x00efa0b3) x1  0x00000000
core   0: 0x8000a042 (0x00008841) c.andi  s0, 16
core   0: 3 0x8000a042 (0x8841) x8  0x00000010
core   0: 0x8000a044 (0x419488b3) sub     a7, s1, s9
core   0: 3 0x8000a044 (0x419488b3) x17 0x80025e36
core   0: 0x8000a048 (0x0000610d) c.addi16sp sp, 160
core   0: 3 0x8000a048 (0x610d) x2  0x28e00090
core   0: 0x8000a04a (0x00004dc9) c.li    s11, 18
core   0: 3 0x8000a04a (0x4dc9) x27 0x00000012
core   0: 0x8000a04c (0x00001bfd) c.addi  s7, -1
core   0: 3 0x8000a04c (0x1bfd) x23 0x0a4a70b1
core   0: 0x8000a04e (0x130aa893) slti    a7, s5, 304
core   0: 3 0x8000a04e (0x130aa893) x17 0x00000001
core   0: 0x8000a052 (0x00001dfd) c.addi  s11, -1
core   0: 3 0x8000a052 (0x1dfd) x27 0x00000011
core   0: 0x8000a054 (0x01c95263) bge     s2, t3, pc + 4
core   0: 3 0x8000a054 (0x01c95263)
core   0: 0x8000a058 (0x00aa5493) srli    s1, s4, 10
core   0: 3 0x8000a058 (0x00aa5493) x9  0x00080029
core   0: 0x8000a05c (0x00008e7d) c.and   a2, a5
core   0: 3 0x8000a05c (0x8e7d) x12 0x00000000
core   0: 0x8000a05e (0x025eb533) mulhu   a0, t4, t0
core   0: 3 0x8000a05e (0x025eb533) x10 0x0088822b
core   0: 0x8000a062 (0x000086e9) c.srai  a3, 26
core   0: 3 0x8000a062 (0x86e9) x13 0x00000000
core   0: 0x8000a064 (0x00005afd) c.li    s5, -1
core   0: 3 0x8000a064 (0x5afd) x21 0xffffffff
core   0: 0x8000a066 (0x017a9393) slli    t2, s5, 23
core   0: 3 0x8000a066 (0x017a9393) x7  0xff800000
core   0: 0x8000a06a (0x03980263) beq     a6, s9, pc + 36
core   0: 3 0x8000a06a (0x03980263)
core   0: 0x8000a06e (0x00000001) c.nop
core   0: 3 0x8000a06e (0x0001)
core   0: 0x8000a070 (0x0183bbb3) sltu    s7, t2, s8
core   0: 3 0x8000a070 (0x0183bbb3) x23 0x00000000
core   0: 0x8000a074 (0x000090c2) c.add   ra, a6
core   0: 3 0x8000a074 (0x90c2) x1  0x00000000
core   0: 0x8000a076 (0x00008d35) c.xor   a0, a3
core   0: 3 0x8000a076 (0x8d35) x10 0x0088822b
core   0: 0x8000a078 (0x01d16d17) auipc   s10, 0x1d16
core   0: 3 0x8000a078 (0x01d16d17) x26 0x81d20078
core   0: 0x8000a07c (0x00000bed) c.addi  s7, 27
core   0: 3 0x8000a07c (0x0bed) x23 0x0000001b
core   0: 0x8000a07e (0x00008e0d) c.sub   a2, a1
core   0: 3 0x8000a07e (0x8e0d) x12 0x7ffd631c
core   0: 0x8000a080 (0x02dc6ab3) rem     s5, s8, a3
core   0: 3 0x8000a080 (0x02dc6ab3) x21 0x00000000
core   0: 0x8000a084 (0x025443b3) div     t2, s0, t0
core   0: 3 0x8000a084 (0x025443b3) x7  0x00000000
core   0: 0x8000a088 (0x0076f533) and     a0, a3, t2
core   0: 3 0x8000a088 (0x0076f533) x10 0x00000000
core   0: 0x8000a08c (0x000097b6) c.add   a5, a3
core   0: 3 0x8000a08c (0x97b6) x15 0x28e001c0
core   0: 0x8000a08e (0x03f96c33) rem     s8, s2, t6
core   0: 3 0x8000a08e (0x03f96c33) x24 0xd36f01e9
core   0: 0x8000a092 (0x0000717d) c.addi16sp sp, -16
core   0: 3 0x8000a092 (0x717d) x2  0x28e00080
core   0: 0x8000a094 (0x00008fe9) c.and   a5, a0
core   0: 3 0x8000a094 (0x8fe9) x15 0x00000000
core   0: 0x8000a096 (0x00e30833) add     a6, t1, a4
core   0: 3 0x8000a096 (0x00e30833) x16 0x80025de0
core   0: 0x8000a09a (0x00008f05) c.sub   a4, s1
core   0: 3 0x8000a09a (0x8f05) x14 0xfff7ff97
core   0: 0x8000a09c (0x000061bd) c.lui   gp, 0xf
core   0: 3 0x8000a09c (0x61bd) x3  0x0000f000
core   0: 0x8000a09e (0x0000cb95) c.beqz  a5, pc + 52
core   0: 3 0x8000a09e (0xcb95)
core   0: 0x8000a0d2 (0x00000001) c.nop
core   0: 3 0x8000a0d2 (0x0001)
core   0: 0x8000a0d4 (0x004c7c33) and     s8, s8, tp
core   0: 3 0x8000a0d4 (0x004c7c33) x24 0xd36f01e9
core   0: 0x8000a0d8 (0x01e5ffb3) and     t6, a1, t5
core   0: 3 0x8000a0d8 (0x01e5ffb3) x31 0x00000404
core   0: 0x8000a0dc (0x000017fd) c.addi  a5, -1
core   0: 3 0x8000a0dc (0x17fd) x15 0xffffffff
core   0: 0x8000a0de (0x61df8893) addi    a7, t6, 1565
core   0: 3 0x8000a0de (0x61df8893) x17 0x00000a21
core   0: 0x8000a0e2 (0x02fbabb3) mulhsu  s7, s7, a5
core   0: 3 0x8000a0e2 (0x02fbabb3) x23 0x0000001a
core   0: 0x8000a0e6 (0x0000717d) c.addi16sp sp, -16
core   0: 3 0x8000a0e6 (0x717d) x2  0x28e00070
core   0: 0x8000a0e8 (0x00dcea33) or      s4, s9, a3
core   0: 3 0x8000a0e8 (0x00dcea33) x20 0x0000000f
core   0: 0x8000a0ec (0x326c8137) lui     sp, 0x326c8
core   0: 3 0x8000a0ec (0x326c8137) x2  0x326c8000
core   0: 0x8000a0f0 (0x4086de93) srai    t4, a3, 8
core   0: 3 0x8000a0f0 (0x4086de93) x29 0x00000000
core   0: 0x8000a0f4 (0x00008792) c.mv    a5, tp
core   0: 3 0x8000a0f4 (0x8792) x15 0xffffffe9
core   0: 0x8000a0f6 (0x0339a2b3) mulhsu  t0, s3, s3
core   0: 3 0x8000a0f6 (0x0339a2b3) x5  0xffffffc0
core   0: 0x8000a0fa (0x013fd413) srli    s0, t6, 19
core   0: 3 0x8000a0fa (0x013fd413) x8  0x00000000
core   0: 0x8000a0fe (0x00008c91) c.sub   s1, a2
core   0: 3 0x8000a0fe (0x8c91) x9  0x800a9d0d
core   0: 0x8000a100 (0x00000001) c.nop
core   0: 3 0x8000a100 (0x0001)
core   0: 0x8000a102 (0x00000001) c.nop
core   0: 3 0x8000a102 (0x0001)
core   0: 0x8000a104 (0x00000001) c.nop
core   0: 3 0x8000a104 (0x0001)
core   0: 0x8000a106 (0x03def033) remu    zero, t4, t4
core   0: 3 0x8000a106 (0x03def033)
core   0: 0x8000a10a (0x03de67b3) rem     a5, t3, t4
core   0: 3 0x8000a10a (0x03de67b3) x15 0x28e0020b
core   0: 0x8000a10e (0x04da8163) beq     s5, a3, pc + 66
core   0: 3 0x8000a10e (0x04da8163)
core   0: 0x8000a150 (0x00008c0d) c.sub   s0, a1
core   0: 3 0x8000a150 (0x8c0d) x8  0x7ffd631c
core   0: 0x8000a152 (0x03016e63) bltu    sp, a6, pc + 60
core   0: 3 0x8000a152 (0x03016e63)
core   0: 0x8000a18e (0x00008779) c.srai  a4, 30
core   0: 3 0x8000a18e (0x8779) x14 0xffffffff
core   0: 0x8000a190 (0x013e59b3) srl     s3, t3, s3
core   0: 3 0x8000a190 (0x013e59b3) x19 0x28e0020b
core   0: 0x8000a194 (0x00deda13) srli    s4, t4, 13
core   0: 3 0x8000a194 (0x00deda13) x20 0x00000000
core   0: 0x8000a198 (0x027ac463) blt     s5, t2, pc + 40
core   0: 3 0x8000a198 (0x027ac463)
core   0: 0x8000a19c (0x0d2de917) auipc   s2, 0xd2de
core   0: 3 0x8000a19c (0x0d2de917) x18 0x8d2e819c
core   0: 0x8000a1a0 (0x034fd4b3) divu    s1, t6, s4
core   0: 3 0x8000a1a0 (0x034fd4b3) x9  0xffffffff
core   0: 0x8000a1a4 (0x67266b93) ori     s7, a2, 1650
core   0: 3 0x8000a1a4 (0x67266b93) x23 0x7ffd677e
core   0: 0x8000a1a8 (0x00000001) c.nop
core   0: 3 0x8000a1a8 (0x0001)
core   0: 0x8000a1aa (0x01f3f8b3) and     a7, t2, t6
core   0: 3 0x8000a1aa (0x01f3f8b3) x17 0x00000000
core   0: 0x8000a1ae (0xf8ece113) ori     sp, s9, -114
core   0: 3 0x8000a1ae (0xf8ece113) x2  0xffffff8f
core   0: 0x8000a1b2 (0x40095f33) sra     t5, s2, zero
core   0: 3 0x8000a1b2 (0x40095f33) x30 0x8d2e819c
core   0: 0x8000a1b6 (0x000098f6) c.add   a7, t4
core   0: 3 0x8000a1b6 (0x98f6) x17 0x00000000
core   0: 0x8000a1b8 (0x0000e781) c.bnez  a5, pc + 8
core   0: 3 0x8000a1b8 (0xe781)
core   0: 0x8000a1c0 (0x0000ec0d) c.bnez  s0, pc + 58
core   0: 3 0x8000a1c0 (0xec0d)
core   0: 0x8000a1fa (0x035fb933) mulhu   s2, t6, s5
core   0: 3 0x8000a1fa (0x035fb933) x18 0x00000000
core   0: 0x8000a1fe (0x009468b3) or      a7, s0, s1
core   0: 3 0x8000a1fe (0x009468b3) x17 0xffffffff
core   0: 0x8000a202 (0x01449d13) slli    s10, s1, 20
core   0: 3 0x8000a202 (0x01449d13) x26 0xfff00000
core   0: 0x8000a206 (0x025cb9b3) mulhu   s3, s9, t0
core   0: 3 0x8000a206 (0x025cb9b3) x19 0x0000000e
core   0: 0x8000a20a (0xdb5a0193) addi    gp, s4, -587
core   0: 3 0x8000a20a (0xdb5a0193) x3  0xfffffdb5
core   0: 0x8000a20e (0x00ce8933) add     s2, t4, a2
core   0: 3 0x8000a20e (0x00ce8933) x18 0x7ffd631c
core   0: 0x8000a212 (0x00008fe1) c.and   a5, s0
core   0: 3 0x8000a212 (0x8fe1) x15 0x28e00208
core   0: 0x8000a214 (0x01335113) srli    sp, t1, 19
core   0: 3 0x8000a214 (0x01335113) x2  0x00001000
core   0: 0x8000a218 (0x00000001) c.nop
core   0: 3 0x8000a218 (0x0001)
core   0: 0x8000a21a (0x0183aa33) slt     s4, t2, s8
core   0: 3 0x8000a21a (0x0183aa33) x20 0x00000000
core   0: 0x8000a21e (0x00000001) c.nop
core   0: 3 0x8000a21e (0x0001)
core   0: 0x8000a220 (0x03600ab3) mul     s5, zero, s6
core   0: 3 0x8000a220 (0x03600ab3) x21 0x00000000
core   0: 0x8000a224 (0x004931b3) sltu    gp, s2, tp
core   0: 3 0x8000a224 (0x004931b3) x3  0x00000001
core   0: 0x8000a228 (0x00000001) c.nop
core   0: 3 0x8000a228 (0x0001)
core   0: 0x8000a22a (0x02bb4f33) div     t5, s6, a1
core   0: 3 0x8000a22a (0x02bb4f33) x30 0x00000000
core   0: 0x8000a22e (0x02c37433) remu    s0, t1, a2
core   0: 3 0x8000a22e (0x02c37433) x8  0x0004fb04
core   0: 0x8000a232 (0x00000aaa) c.slli  s5, 10
core   0: 3 0x8000a232 (0x0aaa) x21 0x00000000
core   0: 0x8000a234 (0x0207d063) bgez    a5, pc + 32
core   0: 3 0x8000a234 (0x0207d063)
core   0: 0x8000a254 (0x024da733) mulhsu  a4, s11, tp
core   0: 3 0x8000a254 (0x024da733) x14 0x00000010
core   0: 0x8000a258 (0x019c9d93) slli    s11, s9, 25
core   0: 3 0x8000a258 (0x019c9d93) x27 0x1e000000
core   0: 0x8000a25c (0x40fc5993) srai    s3, s8, 15
core   0: 3 0x8000a25c (0x40fc5993) x19 0xffffa6de
core   0: 0x8000a260 (0x000087d9) c.srai  a5, 22
core   0: 3 0x8000a260 (0x87d9) x15 0x000000a3
core   0: 0x8000a262 (0xea1df693) andi    a3, s11, -351
core   0: 3 0x8000a262 (0xea1df693) x13 0x1e000000
core   0: 0x8000a266 (0x018ad433) srl     s0, s5, s8
core   0: 3 0x8000a266 (0x018ad433) x8  0x00000000
core   0: 0x8000a26a (0x18098713) addi    a4, s3, 384
core   0: 3 0x8000a26a (0x18098713) x14 0xffffa85e
core   0: 0x8000a26e (0x03b7aeb3) mulhsu  t4, a5, s11
core   0: 3 0x8000a26e (0x03b7aeb3) x29 0x00000013
core   0: 0x8000a272 (0x00004b4d) c.li    s6, 19
core   0: 3 0x8000a272 (0x4b4d) x22 0x00000013
core   0: 0x8000a274 (0x00008485) c.srai  s1, 1
core   0: 3 0x8000a274 (0x8485) x9  0xffffffff
core   0: 0x8000a276 (0x02e1d863) bge     gp, a4, pc + 48
core   0: 3 0x8000a276 (0x02e1d863)
core   0: 0x8000a2a6 (0x0077cb33) xor     s6, a5, t2
core   0: 3 0x8000a2a6 (0x0077cb33) x22 0x000000a3
core   0: 0x8000a2aa (0x00fd1293) slli    t0, s10, 15
core   0: 3 0x8000a2aa (0x00fd1293) x5  0x00000000
core   0: 0x8000a2ae (0x00de6533) or      a0, t3, a3
core   0: 3 0x8000a2ae (0x00de6533) x10 0x3ee0020b
core   0: 0x8000a2b2 (0x0000717d) c.addi16sp sp, -16
core   0: 3 0x8000a2b2 (0x717d) x2  0x00000ff0
core   0: 0x8000a2b4 (0x00008079) c.srli  s0, 30
core   0: 3 0x8000a2b4 (0x8079) x8  0x00000000
core   0: 0x8000a2b6 (0x8138fa13) andi    s4, a7, -2029
core   0: 3 0x8000a2b6 (0x8138fa13) x20 0xfffff813
core   0: 0x8000a2ba (0x02ce3b33) mulhu   s6, t3, a2
core   0: 3 0x8000a2ba (0x02ce3b33) x22 0x146f9638
core   0: 0x8000a2be (0x01f943b3) xor     t2, s2, t6
core   0: 3 0x8000a2be (0x01f943b3) x7  0x7ffd6718
core   0: 0x8000a2c2 (0x0000853a) c.mv    a0, a4
core   0: 3 0x8000a2c2 (0x853a) x10 0xffffa85e
core   0: 0x8000a2c4 (0x00841e13) slli    t3, s0, 8
core   0: 3 0x8000a2c4 (0x00841e13) x28 0x00000000
core   0: 0x8000a2c8 (0x01a563b3) or      t2, a0, s10
core   0: 3 0x8000a2c8 (0x01a563b3) x7  0xffffa85e
core   0: 0x8000a2cc (0x03337733) remu    a4, t1, s3
core   0: 3 0x8000a2cc (0x03337733) x14 0x80025e20
core   0: 0x8000a2d0 (0x0263dbb3) divu    s7, t2, t1
core   0: 3 0x8000a2d0 (0x0263dbb3) x23 0x00000001
core   0: 0x8000a2d4 (0x00008e75) c.and   a2, a3
core   0: 3 0x8000a2d4 (0x8e75) x12 0x1e000000
core   0: 0x8000a2d6 (0x02b7fa33) remu    s4, a5, a1
core   0: 3 0x8000a2d6 (0x02b7fa33) x20 0x000000a3
core   0: 0x8000a2da (0x0092c933) xor     s2, t0, s1
core   0: 3 0x8000a2da (0x0092c933) x18 0xffffffff
core   0: 0x8000a2de (0x81d74793) xori    a5, a4, -2019
core   0: 3 0x8000a2de (0x81d74793) x15 0x7ffda63d
core   0: 0x8000a2e2 (0x00008cb1) c.xor   s1, a2
core   0: 3 0x8000a2e2 (0x8cb1) x9  0xe1ffffff
core   0: 0x8000a2e4 (0x03f9a8b3) mulhsu  a7, s3, t6
core   0: 3 0x8000a2e4 (0x03f9a8b3) x17 0xffffffff
core   0: 0x8000a2e8 (0xc1876193) ori     gp, a4, -1000
core   0: 3 0x8000a2e8 (0xc1876193) x3  0xfffffe38
core   0: 0x8000a2ec (0x00008d65) c.and   a0, s1
core   0: 3 0x8000a2ec (0x8d65) x10 0xe1ffa85e
core   0: 0x8000a2ee (0x02f3e833) rem     a6, t2, a5
core   0: 3 0x8000a2ee (0x02f3e833) x16 0xffffa85e
core   0: 0x8000a2f2 (0x03f30663) beq     t1, t6, pc + 44
core   0: 3 0x8000a2f2 (0x03f30663)
core   0: 0x8000a2f6 (0x02297233) remu    tp, s2, sp
core   0: 3 0x8000a2f6 (0x02297233) x4  0x000000ff
core   0: 0x8000a2fa (0x00008fb5) c.xor   a5, a3
core   0: 3 0x8000a2fa (0x8fb5) x15 0x61fda63d
core   0: 0x8000a2fc (0x75e88113) addi    sp, a7, 1886
core   0: 3 0x8000a2fc (0x75e88113) x2  0x0000075d
core   0: 0x8000a300 (0x01aff6b3) and     a3, t6, s10
core   0: 3 0x8000a300 (0x01aff6b3) x13 0x00000000
core   0: 0x8000a304 (0x412651b3) sra     gp, a2, s2
core   0: 3 0x8000a304 (0x412651b3) x3  0x00000000
core   0: 0x8000a308 (0x01b8aa33) slt     s4, a7, s11
core   0: 3 0x8000a308 (0x01b8aa33) x20 0x00000001
core   0: 0x8000a30c (0x0129bc33) sltu    s8, s3, s2
core   0: 3 0x8000a30c (0x0129bc33) x24 0x00000001
core   0: 0x8000a310 (0x00006109) c.addi16sp sp, 128
core   0: 3 0x8000a310 (0x6109) x2  0x000007dd
core   0: 0x8000a312 (0x40540a33) sub     s4, s0, t0
core   0: 3 0x8000a312 (0x40540a33) x20 0x00000000
core   0: 0x8000a316 (0x0000997d) c.andi  a0, -1
core   0: 3 0x8000a316 (0x997d) x10 0xe1ffa85e
core   0: 0x8000a318 (0x00000001) c.nop
core   0: 3 0x8000a318 (0x0001)
core   0: 0x8000a31a (0x00000001) c.nop
core   0: 3 0x8000a31a (0x0001)
core   0: 0x8000a31c (0x00008ef5) c.and   a3, a3
core   0: 3 0x8000a31c (0x8ef5) x13 0x00000000
core   0: 0x8000a31e (0x0105f863) bgeu    a1, a6, pc + 16
core   0: 3 0x8000a31e (0x0105f863)
core   0: 0x8000a322 (0x00008539) c.srai  a0, 14
core   0: 3 0x8000a322 (0x8539) x10 0xffff87fe
core   0: 0x8000a324 (0x00ae0633) add     a2, t3, a0
core   0: 3 0x8000a324 (0x00ae0633) x12 0xffff87fe
core   0: 0x8000a328 (0x0000839e) c.mv    t2, t2
core   0: 3 0x8000a328 (0x839e) x7  0xffffa85e
core   0: 0x8000a32a (0x0252c533) div     a0, t0, t0
core   0: 3 0x8000a32a (0x0252c533) x10 0xffffffff
core   0: 0x8000a32e (0x14080513) addi    a0, a6, 320
core   0: 3 0x8000a32e (0x14080513) x10 0xffffa99e
core   0: 0x8000a332 (0x0000997d) c.andi  a0, -1
core   0: 3 0x8000a332 (0x997d) x10 0xffffa99e
core   0: 0x8000a334 (0x00000001) c.nop
core   0: 3 0x8000a334 (0x0001)
core   0: 0x8000a336 (0x03861d33) mulh    s10, a2, s8
core   0: 3 0x8000a336 (0x03861d33) x26 0xffffffff
core   0: 0x8000a33a (0x0000987e) c.add   a6, t6
core   0: 3 0x8000a33a (0x987e) x16 0xffffac62
core   0: 0x8000a33c (0x022a1263) bne     s4, sp, pc + 36
core   0: 3 0x8000a33c (0x022a1263)
core   0: 0x8000a360 (0x01a59833) sll     a6, a1, s10
core   0: 3 0x8000a360 (0x01a59833) x16 0x00000000
core   0: 0x8000a364 (0x00617db3) and     s11, sp, t1
core   0: 3 0x8000a364 (0x00617db3) x27 0x00000600
core   0: 0x8000a368 (0x00000001) c.nop
core   0: 3 0x8000a368 (0x0001)
core   0: 0x8000a36a (0x63c76eb7) lui     t4, 0x63c76
core   0: 3 0x8000a36a (0x63c76eb7) x29 0x63c76000
core   0: 0x8000a36e (0x00e014b3) sll     s1, zero, a4
core   0: 3 0x8000a36e (0x00e014b3) x9  0x00000000
core   0: 0x8000a372 (0x0000e20d) c.bnez  a2, pc + 34
core   0: 3 0x8000a372 (0xe20d)
core   0: 0x8000a394 (0x00008efd) c.and   a3, a5
core   0: 3 0x8000a394 (0x8efd) x13 0x00000000
core   0: 0x8000a396 (0x01d914b3) sll     s1, s2, t4
core   0: 3 0x8000a396 (0x01d914b3) x9  0xffffffff
core   0: 0x8000a39a (0x012ebf33) sltu    t5, t4, s2
core   0: 3 0x8000a39a (0x012ebf33) x30 0x00000001
core   0: 0x8000a39e (0x052d9063) bne     s11, s2, pc + 64
core   0: 3 0x8000a39e (0x052d9063)
core   0: 0x8000a3de (0x00416763) bltu    sp, tp, pc + 14
core   0: 3 0x8000a3de (0x00416763)
core   0: 0x8000a3e2 (0x00009fa6) c.add   t6, s1
core   0: 3 0x8000a3e2 (0x9fa6) x31 0x00000403
core   0: 0x8000a3e4 (0x024c8db3) mul     s11, s9, tp
core   0: 3 0x8000a3e4 (0x024c8db3) x27 0x00000ef1
core   0: 0x8000a3e8 (0x022db433) mulhu   s0, s11, sp
core   0: 3 0x8000a3e8 (0x022db433) x8  0x00000000
core   0: 0x8000a3ec (0x03389fb3) mulh    t6, a7, s3
core   0: 3 0x8000a3ec (0x03389fb3) x31 0x00000000
core   0: 0x8000a3f0 (0x0000717d) c.addi16sp sp, -16
core   0: 3 0x8000a3f0 (0x717d) x2  0x000007cd
core   0: 0x8000a3f2 (0xf70da493) slti    s1, s11, -144
core   0: 3 0x8000a3f2 (0xf70da493) x9  0x00000000
core   0: 0x8000a3f6 (0x0365a7b3) mulhsu  a5, a1, s6
core   0: 3 0x8000a3f6 (0x0365a7b3) x15 0xf5c86a49
core   0: 0x8000a3fa (0x6f35e613) ori     a2, a1, 1779
core   0: 3 0x8000a3fa (0x6f35e613) x12 0x80029ef7
core   0: 0x8000a3fe (0x000f5093) srli    ra, t5, 0
core   0: 3 0x8000a3fe (0x000f5093) x1  0x00000001
core   0: 0x8000a402 (0x00008c9d) c.sub   s1, a5
core   0: 3 0x8000a402 (0x8c9d) x9  0x0a3795b7
core   0: 0x8000a404 (0x00009422) c.add   s0, s0
core   0: 3 0x8000a404 (0x9422) x8  0x00000000
core   0: 0x8000a406 (0x415b0eb3) sub     t4, s6, s5
core   0: 3 0x8000a406 (0x415b0eb3) x29 0x146f9638
core   0: 0x8000a40a (0x9ce14393) xori    t2, sp, -1586
core   0: 3 0x8000a40a (0x9ce14393) x7  0xfffffe03
core   0: 0x8000a40e (0xb5a7ca13) xori    s4, a5, -1190
core   0: 3 0x8000a40e (0xb5a7ca13) x20 0x0a379113
core   0: 0x8000a412 (0x0dd07263) bgeu    zero, t4, pc + 196
core   0: 3 0x8000a412 (0x0dd07263)
core   0: 0x8000a416 (0x004b54b3) srl     s1, s6, tp
core   0: 3 0x8000a416 (0x004b54b3) x9  0x00000000
core   0: 0x8000a41a (0x004cbd33) sltu    s10, s9, tp
core   0: 3 0x8000a41a (0x004cbd33) x26 0x00000001
core   0: 0x8000a41e (0x01f87533) and     a0, a6, t6
core   0: 3 0x8000a41e (0x01f87533) x10 0x00000000
core   0: 0x8000a422 (0x0000812a) c.mv    sp, a0
core   0: 3 0x8000a422 (0x812a) x2  0x00000000
core   0: 0x8000a424 (0x02dcb633) mulhu   a2, s9, a3
core   0: 3 0x8000a424 (0x02dcb633) x12 0x00000000
core   0: 0x8000a428 (0x21592713) slti    a4, s2, 533
core   0: 3 0x8000a428 (0x21592713) x14 0x00000001
core   0: 0x8000a42c (0x03538b33) mul     s6, t2, s5
core   0: 3 0x8000a42c (0x03538b33) x22 0x00000000
core   0: 0x8000a430 (0x00008fa9) c.xor   a5, a0
core   0: 3 0x8000a430 (0x8fa9) x15 0xf5c86a49
core   0: 0x8000a432 (0xc39df8b7) lui     a7, 0xc39df
core   0: 3 0x8000a432 (0xc39df8b7) x17 0xc39df000
core   0: 0x8000a436 (0x00f39663) bne     t2, a5, pc + 12
core   0: 3 0x8000a436 (0x00f39663)
core   0: 0x8000a442 (0x4027da93) srai    s5, a5, 2
core   0: 3 0x8000a442 (0x4027da93) x21 0xfd721a92
core   0: 0x8000a446 (0x0000f897) auipc   a7, 0xf
core   0: 3 0x8000a446 (0x0000f897) x17 0x80019446
core   0: 0x8000a44a (0xc3988893) addi    a7, a7, -967
core   0: 3 0x8000a44a (0xc3988893) x17 0x8001907f
core   0: 0x8000a44e (0x0068ca83) lbu     s5, 6(a7)
core   0: 3 0x8000a44e (0x0068ca83) x21 0x0000003e mem 0x80019085
core   0: 0x8000a452 (0x036aa833) mulhsu  a6, s5, s6
core   0: 3 0x8000a452 (0x036aa833) x16 0x00000000
core   0: 0x8000a456 (0xff38cb03) lbu     s6, -13(a7)
core   0: 3 0x8000a456 (0xff38cb03) x22 0x00000029 mem 0x80019072
core   0: 0x8000a45a (0x00e8a2a3) sw      a4, 5(a7)
core   0: 3 0x8000a45a (0x00e8a2a3) mem 0x80019084 0x00000001
core   0: 0x8000a45e (0x036767b3) rem     a5, a4, s6
core   0: 3 0x8000a45e (0x036767b3) x15 0x00000001
core   0: 0x8000a462 (0xbf087793) andi    a5, a6, -1040
core   0: 3 0x8000a462 (0xbf087793) x15 0x00000000
core   0: 0x8000a466 (0x00f89803) lh      a6, 15(a7)
core   0: 3 0x8000a466 (0x00f89803) x16 0x00004445 mem 0x8001908e
core   0: 0x8000a46a (0x00008fb9) c.xor   a5, a4
core   0: 3 0x8000a46a (0x8fb9) x15 0x00000001
core   0: 0x8000a46c (0xff78c603) lbu     a2, -9(a7)
core   0: 3 0x8000a46c (0xff78c603) x12 0x0000002d mem 0x80019076
core   0: 0x8000a470 (0x00688b03) lb      s6, 6(a7)
core   0: 3 0x8000a470 (0x00688b03) x22 0x00000000 mem 0x80019085
core   0: 0x8000a474 (0x015892a3) sh      s5, 5(a7)
core   0: 3 0x8000a474 (0x015892a3) mem 0x80019084 0x003e
core   0: 0x8000a478 (0x29776817) auipc   a6, 0x29776
core   0: 3 0x8000a478 (0x29776817) x16 0xa9780478
core   0: 0x8000a47c (0x02eb17b3) mulh    a5, s6, a4
core   0: 3 0x8000a47c (0x02eb17b3) x15 0x00000000
core   0: 0x8000a480 (0xcbf64a93) xori    s5, a2, -833
core   0: 3 0x8000a480 (0xcbf64a93) x21 0xfffffc92
core   0: 0x8000a484 (0x0088c803) lbu     a6, 8(a7)
core   0: 3 0x8000a484 (0x0088c803) x16 0x00000000 mem 0x80019087
core   0: 0x8000a488 (0x01088803) lb      a6, 16(a7)
core   0: 3 0x8000a488 (0x01088803) x16 0x00000044 mem 0x8001908f
core   0: 0x8000a48c (0x01a61a93) slli    s5, a2, 26
core   0: 3 0x8000a48c (0x01a61a93) x21 0xb4000000
core   0: 0x8000a490 (0x00c887a3) sb      a2, 15(a7)
core   0: 3 0x8000a490 (0x00c887a3) mem 0x8001908e 0x2d
core   0: 0x8000a494 (0x00f88603) lb      a2, 15(a7)
core   0: 3 0x8000a494 (0x00f88603) x12 0x0000002d mem 0x8001908e
core   0: 0x8000a498 (0x0107d7b3) srl     a5, a5, a6
core   0: 3 0x8000a498 (0x0107d7b3) x15 0x00000000
core   0: 0x8000a49c (0x0367e633) rem     a2, a5, s6
core   0: 3 0x8000a49c (0x0367e633) x12 0x00000000
core   0: 0x8000a4a0 (0xffd8c803) lbu     a6, -3(a7)
core   0: 3 0x8000a4a0 (0xffd8c803) x16 0x00000037 mem 0x8001907c
core   0: 0x8000a4a4 (0x40665a93) srai    s5, a2, 6
core   0: 3 0x8000a4a4 (0x40665a93) x21 0x00000000
core   0: 0x8000a4a8 (0xff789783) lh      a5, -9(a7)
core   0: 3 0x8000a4a8 (0xff789783) x15 0x00002c2d mem 0x80019076
core   0: 0x8000a4ac (0x2f87ab13) slti    s6, a5, 760
core   0: 3 0x8000a4ac (0x2f87ab13) x22 0x00000000
core   0: 0x8000a4b0 (0x00f88623) sb      a5, 12(a7)
core   0: 3 0x8000a4b0 (0x00f88623) mem 0x8001908b 0x2d
core   0: 0x8000a4b4 (0x01582b33) slt     s6, a6, s5
core   0: 3 0x8000a4b4 (0x01582b33) x22 0x00000000
core   0: 0x8000a4b8 (0x5a7e3b17) auipc   s6, 0x5a7e3
core   0: 3 0x8000a4b8 (0x5a7e3b17) x22 0xda7ed4b8
core   0: 0x8000a4bc (0x00789a83) lh      s5, 7(a7)
core   0: 3 0x8000a4bc (0x00789a83) x21 0x00000000 mem 0x80019086
core   0: 0x8000a4c0 (0x00fc92b3) sll     t0, s9, a5
core   0: 3 0x8000a4c0 (0x00fc92b3) x5  0x0001e000
core   0: 0x8000a4c4 (0x024f54b3) divu    s1, t5, tp
core   0: 3 0x8000a4c4 (0x024f54b3) x9  0x00000000
core   0: 0x8000a4c8 (0x0000811d) c.srli  a0, 7
core   0: 3 0x8000a4c8 (0x811d) x10 0x00000000
core   0: 0x8000a4ca (0xed338a93) addi    s5, t2, -301
core   0: 3 0x8000a4ca (0xed338a93) x21 0xfffffcd6
core   0: 0x8000a4ce (0x40af0933) sub     s2, t5, a0
core   0: 3 0x8000a4ce (0x40af0933) x18 0x00000001
core   0: 0x8000a4d2 (0x00449d13) slli    s10, s1, 4
core   0: 3 0x8000a4d2 (0x00449d13) x26 0x00000000
core   0: 0x8000a4d6 (0x0000ec0d) c.bnez  s0, pc + 58
core   0: 3 0x8000a4d6 (0xec0d)
core   0: 0x8000a4d8 (0x03d05563) bge     zero, t4, pc + 42
core   0: 3 0x8000a4d8 (0x03d05563)
core   0: 0x8000a4dc (0x032c4663) blt     s8, s2, pc + 44
core   0: 3 0x8000a4dc (0x032c4663)
core   0: 0x8000a4e0 (0x001d4b33) xor     s6, s10, ra
core   0: 3 0x8000a4e0 (0x001d4b33) x22 0x00000001
core   0: 0x8000a4e4 (0x00e9b433) sltu    s0, s3, a4
core   0: 3 0x8000a4e4 (0x00e9b433) x8  0x00000000
core   0: 0x8000a4e8 (0x194d7137) lui     sp, 0x194d7
core   0: 3 0x8000a4e8 (0x194d7137) x2  0x194d7000
core   0: 0x8000a4ec (0x00000725) c.addi  a4, 9
core   0: 3 0x8000a4ec (0x0725) x14 0x0000000a
core   0: 0x8000a4ee (0xfb76b393) sltiu   t2, a3, -73
core   0: 3 0x8000a4ee (0xfb76b393) x7  0x00000001
core   0: 0x8000a4f2 (0x023bebb3) rem     s7, s7, gp
core   0: 3 0x8000a4f2 (0x023bebb3) x23 0x00000001
core   0: 0x8000a4f6 (0x00b69033) sll     zero, a3, a1
core   0: 3 0x8000a4f6 (0x00b69033)
core   0: 0x8000a4fa (0x0000e681) c.bnez  a3, pc + 8
core   0: 3 0x8000a4fa (0xe681)
core   0: 0x8000a4fc (0x00008471) c.srai  s0, 28
core   0: 3 0x8000a4fc (0x8471) x8  0x00000000
core   0: 0x8000a4fe (0x416954b3) sra     s1, s2, s6
core   0: 3 0x8000a4fe (0x416954b3) x9  0x00000000
core   0: 0x8000a502 (0x0000e31d) c.bnez  a4, pc + 38
core   0: 3 0x8000a502 (0xe31d)
core   0: 0x8000a528 (0x01088033) add     zero, a7, a6
core   0: 3 0x8000a528 (0x01088033)
core   0: 0x8000a52c (0x00008d01) c.sub   a0, s0
core   0: 3 0x8000a52c (0x8d01) x10 0x00000000
core   0: 0x8000a52e (0x018824b3) slt     s1, a6, s8
core   0: 3 0x8000a52e (0x018824b3) x9  0x00000000
core   0: 0x8000a532 (0x00001794) c.addi4spn a3, sp, 992
core   0: 3 0x8000a532 (0x1794) x13 0x194d73e0
core   0: 0x8000a534 (0x02d8b9b3) mulhu   s3, a7, a3
core   0: 3 0x8000a534 (0x02d8b9b3) x19 0x0ca6e185
core   0: 0x8000a538 (0x0000cc19) c.beqz  s0, pc + 30
core   0: 3 0x8000a538 (0xcc19)
core   0: 0x8000a556 (0x02ed1eb3) mulh    t4, s10, a4
core   0: 3 0x8000a556 (0x02ed1eb3) x29 0x00000000
core   0: 0x8000a55a (0x03ced033) divu    zero, t4, t3
core   0: 3 0x8000a55a (0x03ced033)
core   0: 0x8000a55e (0x03b52233) mulhsu  tp, a0, s11
core   0: 3 0x8000a55e (0x03b52233) x4  0x00000000
core   0: 0x8000a562 (0x006f7f33) and     t5, t5, t1
core   0: 3 0x8000a562 (0x006f7f33) x30 0x00000000
core   0: 0x8000a566 (0xf227bdb7) lui     s11, 0xf227b
core   0: 3 0x8000a566 (0xf227bdb7) x27 0xf227b000
core   0: 0x8000a56a (0x9bb14d93) xori    s11, sp, -1605
core   0: 3 0x8000a56a (0x9bb14d93) x27 0xe6b289bb
core   0: 0x8000a56e (0x033a3e33) mulhu   t3, s4, s3
core   0: 3 0x8000a56e (0x033a3e33) x28 0x008143d5
core   0: 0x8000a572 (0x01809563) bne     ra, s8, pc + 10
core   0: 3 0x8000a572 (0x01809563)
core   0: 0x8000a576 (0x00f31033) sll     zero, t1, a5
core   0: 3 0x8000a576 (0x00f31033)
core   0: 0x8000a57a (0x0000639d) c.lui   t2, 0x7
core   0: 3 0x8000a57a (0x639d) x7  0x00007000
core   0: 0x8000a57c (0x6b2acc13) xori    s8, s5, 1714
core   0: 3 0x8000a57c (0x6b2acc13) x24 0xfffffa64
core   0: 0x8000a580 (0x0000809d) c.srli  s1, 7
core   0: 3 0x8000a580 (0x809d) x9  0x00000000
core   0: 0x8000a582 (0x0000ef9d) c.bnez  a5, pc + 62
core   0: 3 0x8000a582 (0xef9d)
core   0: 0x8000a5c0 (0x05a3c463) blt     t2, s10, pc + 72
core   0: 3 0x8000a5c0 (0x05a3c463)
core   0: 0x8000a5c4 (0x021ec1b3) div     gp, t4, ra
core   0: 3 0x8000a5c4 (0x021ec1b3) x3  0x00000000
core   0: 0x8000a5c8 (0xcb06fb13) andi    s6, a3, -848
core   0: 3 0x8000a5c8 (0xcb06fb13) x22 0x194d70a0
core   0: 0x8000a5cc (0x007c5a13) srli    s4, s8, 7
core   0: 3 0x8000a5cc (0x007c5a13) x20 0x01fffff4
core   0: 0x8000a5d0 (0x026e8863) beq     t4, t1, pc + 48
core   0: 3 0x8000a5d0 (0x026e8863)
core   0: 0x8000a5d4 (0x03611a63) bne     sp, s6, pc + 52
core   0: 3 0x8000a5d4 (0x03611a63)
core   0: 0x8000a608 (0x0000090d) c.addi  s2, 3
core   0: 3 0x8000a608 (0x090d) x18 0x00000004
core   0: 0x8000a60a (0x0000845d) c.srai  s0, 23
core   0: 3 0x8000a60a (0x845d) x8  0x00000000
core   0: 0x8000a60c (0x01dbed63) bltu    s7, t4, pc + 26
core   0: 3 0x8000a60c (0x01dbed63)
core   0: 0x8000a610 (0x9fdc2e93) slti    t4, s8, -1539
core   0: 3 0x8000a610 (0x9fdc2e93) x29 0x00000000
core   0: 0x8000a614 (0x41ed5913) srai    s2, s10, 30
core   0: 3 0x8000a614 (0x41ed5913) x18 0x00000000
core   0: 0x8000a618 (0x00008e41) c.or    a2, s0
core   0: 3 0x8000a618 (0x8e41) x12 0x00000000
core   0: 0x8000a61a (0x00b69d13) slli    s10, a3, 11
core   0: 3 0x8000a61a (0x00b69d13) x26 0x6b9f0000
core   0: 0x8000a61e (0x34610417) auipc   s0, 0x34610
core   0: 3 0x8000a61e (0x34610417) x8  0xb461a61e
core   0: 0x8000a622 (0x01c91693) slli    a3, s2, 28
core   0: 3 0x8000a622 (0x01c91693) x13 0x00000000
core   0: 0x8000a626 (0x05444363) blt     s0, s4, pc + 70
core   0: 3 0x8000a626 (0x05444363)
core   0: 0x8000a66c (0x00fc97b3) sll     a5, s9, a5
core   0: 3 0x8000a66c (0x00fc97b3) x15 0x0001e000
core   0: 0x8000a670 (0x01089993) slli    s3, a7, 16
core   0: 3 0x8000a670 (0x01089993) x19 0x907f0000
core   0: 0x8000a674 (0x412fdf93) srai    t6, t6, 18
core   0: 3 0x8000a674 (0x412fdf93) x31 0x00000000
core   0: 0x8000a678 (0x01a84933) xor     s2, a6, s10
core   0: 3 0x8000a678 (0x01a84933) x18 0x6b9f0037
core   0: 0x8000a67c (0x02061fb3) mulh    t6, a2, zero
core   0: 3 0x8000a67c (0x02061fb3) x31 0x00000000
core   0: 0x8000a680 (0x00479a13) slli    s4, a5, 4
core   0: 3 0x8000a680 (0x00479a13) x20 0x001e0000
core   0: 0x8000a684 (0x046c0a93) addi    s5, s8, 70
core   0: 3 0x8000a684 (0x046c0a93) x21 0xfffffaaa
core   0: 0x8000a688 (0x02acdbb3) divu    s7, s9, a0
core   0: 3 0x8000a688 (0x02acdbb3) x23 0xffffffff
core   0: 0x8000a68c (0x00000001) c.nop
core   0: 3 0x8000a68c (0x0001)
core   0: 0x8000a68e (0x023ce933) rem     s2, s9, gp
core   0: 3 0x8000a68e (0x023ce933) x18 0x0000000f
core   0: 0x8000a692 (0x01740263) beq     s0, s7, pc + 4
core   0: 3 0x8000a692 (0x01740263)
core   0: 0x8000a696 (0x02ef1233) mulh    tp, t5, a4
core   0: 3 0x8000a696 (0x02ef1233) x4  0x00000000
core   0: 0x8000a69a (0x00008c35) c.xor   s0, a3
core   0: 3 0x8000a69a (0x8c35) x8  0xb461a61e
core   0: 0x8000a69c (0x00000001) c.nop
core   0: 3 0x8000a69c (0x0001)
core   0: 0x8000a69e (0x01953e33) sltu    t3, a0, s9
core   0: 3 0x8000a69e (0x01953e33) x28 0x00000001
core   0: 0x8000a6a2 (0x02d26663) bltu    tp, a3, pc + 44
core   0: 3 0x8000a6a2 (0x02d26663)
core   0: 0x8000a6a6 (0x03378fb3) mul     t6, a5, s3
core   0: 3 0x8000a6a6 (0x03378fb3) x31 0x20000000
core   0: 0x8000a6aa (0x59874f93) xori    t6, a4, 1432
core   0: 3 0x8000a6aa (0x59874f93) x31 0x00000592
core   0: 0x8000a6ae (0x0194f733) and     a4, s1, s9
core   0: 3 0x8000a6ae (0x0194f733) x14 0x00000000
core   0: 0x8000a6b2 (0x039c8363) beq     s9, s9, pc + 38
core   0: 3 0x8000a6b2 (0x039c8363)
core   0: 0x8000a6d8 (0x00006155) c.addi16sp sp, 304
core   0: 3 0x8000a6d8 (0x6155) x2  0x194d7130
core   0: 0x8000a6da (0x02efbfb3) mulhu   t6, t6, a4
core   0: 3 0x8000a6da (0x02efbfb3) x31 0x00000000
core   0: 0x8000a6de (0x416951b3) sra     gp, s2, s6
core   0: 3 0x8000a6de (0x416951b3) x3  0x0000000f
core   0: 0x8000a6e2 (0x02f3b1b3) mulhu   gp, t2, a5
core   0: 3 0x8000a6e2 (0x02f3b1b3) x3  0x00000000
core   0: 0x8000a6e6 (0x00008f99) c.sub   a5, a4
core   0: 3 0x8000a6e6 (0x8f99) x15 0x0001e000
core   0: 0x8000a6e8 (0x00000c52) c.slli  s8, 20
core   0: 3 0x8000a6e8 (0x0c52) x24 0xa6400000
core   0: 0x8000a6ea (0x01d40ab3) add     s5, s0, t4
core   0: 3 0x8000a6ea (0x01d40ab3) x21 0xb461a61e
core   0: 0x8000a6ee (0x41965b13) srai    s6, a2, 25
core   0: 3 0x8000a6ee (0x41965b13) x22 0x00000000
core   0: 0x8000a6f2 (0x00925563) bge     tp, s1, pc + 10
core   0: 3 0x8000a6f2 (0x00925563)
core   0: 0x8000a6fc (0x029ec8b3) div     a7, t4, s1
core   0: 3 0x8000a6fc (0x029ec8b3) x17 0xffffffff
core   0: 0x8000a700 (0x0229fb63) bgeu    s3, sp, pc + 54
core   0: 3 0x8000a700 (0x0229fb63)
core   0: 0x8000a736 (0x00000001) c.nop
core   0: 3 0x8000a736 (0x0001)
core   0: 0x8000a738 (0x00d93533) sltu    a0, s2, a3
core   0: 3 0x8000a738 (0x00d93533) x10 0x00000000
core   0: 0x8000a73c (0x00bb4fb3) xor     t6, s6, a1
core   0: 3 0x8000a73c (0x00bb4fb3) x31 0x80029ce4
core   0: 0x8000a740 (0x0000e789) c.bnez  a5, pc + 10
core   0: 3 0x8000a740 (0xe789)
core   0: 0x8000a74a (0x0032d433) srl     s0, t0, gp
core   0: 3 0x8000a74a (0x0032d433) x8  0x0001e000
core   0: 0x8000a74e (0x01adfeb3) and     t4, s11, s10
core   0: 3 0x8000a74e (0x01adfeb3) x29 0x62920000
core   0: 0x8000a752 (0x00432683) lw      a3, 4(t1)
core   0: 3 0x8000a752 (0x00432683) x13 0x80009b44 mem 0x80025e24
core   0: 0x8000a756 (0x00008b09) c.andi  a4, 2
core   0: 3 0x8000a756 (0x8b09) x14 0x00000000
core   0: 0x8000a758 (0x000084c5) c.srai  s1, 17
core   0: 3 0x8000a758 (0x84c5) x9  0x00000000
core   0: 0x8000a75a (0x02030313) addi    t1, t1, 32
core   0: 3 0x8000a75a (0x02030313) x6  0x80025e40
core   0: 0x8000a75e (0x2c734297) auipc   t0, 0x2c734
core   0: 3 0x8000a75e (0x2c734297) x5  0xac73e75e
core   0: 0x8000a762 (0x00068913) mv      s2, a3
core   0: 3 0x8000a762 (0x00068913) x18 0x80009b44
core   0: 0x8000a766 (0x00090967) jalr    s2, s2, 0
core   0: 3 0x8000a766 (0x00090967) x18 0x8000a76a
core   0: 0x80009b44 (0x0049e8b3) or      a7, s3, tp
core   0: 3 0x80009b44 (0x0049e8b3) x17 0x907f0000
core   0: 0x80009b48 (0x021a7e33) remu    t3, s4, ra
core   0: 3 0x80009b48 (0x021a7e33) x28 0x00000000
core   0: 0x80009b4c (0x039cc863) blt     s9, s9, pc + 48
core   0: 3 0x80009b4c (0x039cc863)
core   0: 0x80009b50 (0x6f7a0e13) addi    t3, s4, 1783
core   0: 3 0x80009b50 (0x6f7a0e13) x28 0x001e06f7
core   0: 0x80009b54 (0x02464533) div     a0, a2, tp
core   0: 3 0x80009b54 (0x02464533) x10 0xffffffff
core   0: 0x80009b58 (0x00a64763) blt     a2, a0, pc + 14
core   0: 3 0x80009b58 (0x00a64763)
core   0: 0x80009b5c (0x00001c7d) c.addi  s8, -1
core   0: 3 0x80009b5c (0x1c7d) x24 0xa63fffff
core   0: 0x80009b5e (0x02b963b3) rem     t2, s2, a1
core   0: 3 0x80009b5e (0x02b963b3) x7  0xfffe0a86
core   0: 0x80009b62 (0x03122db3) mulhsu  s11, tp, a7
core   0: 3 0x80009b62 (0x03122db3) x27 0x00000000
core   0: 0x80009b66 (0x00000296) c.slli  t0, 5
core   0: 3 0x80009b66 (0x0296) x5  0x8e7cebc0
core   0: 0x80009b68 (0x0000644d) c.lui   s0, 0x13
core   0: 3 0x80009b68 (0x644d) x8  0x00013000
core   0: 0x80009b6a (0x0000ef01) c.bnez  a4, pc + 24
core   0: 3 0x80009b6a (0xef01)
core   0: 0x80009b6c (0x034846b3) div     a3, a6, s4
core   0: 3 0x80009b6c (0x034846b3) x13 0x00000000
core   0: 0x80009b70 (0x40c889b3) sub     s3, a7, a2
core   0: 3 0x80009b70 (0x40c889b3) x19 0x907f0000
core   0: 0x80009b74 (0x417ed213) srai    tp, t4, 23
core   0: 3 0x80009b74 (0x417ed213) x4  0x000000c5
core   0: 0x80009b78 (0x02a12b93) slti    s7, sp, 42
core   0: 3 0x80009b78 (0x02a12b93) x23 0x00000000
core   0: 0x80009b7c (0x0000cd19) c.beqz  a0, pc + 30
core   0: 3 0x80009b7c (0xcd19)
core   0: 0x80009b7e (0x41a25033) sra     zero, tp, s10
core   0: 3 0x80009b7e (0x41a25033)
core   0: 0x80009b82 (0x00008ef1) c.and   a3, a2
core   0: 3 0x80009b82 (0x8ef1) x13 0x00000000
core   0: 0x80009b84 (0x02b44a33) div     s4, s0, a1
core   0: 3 0x80009b84 (0x02b44a33) x20 0x00000000
core   0: 0x80009b88 (0x00c03033) snez    zero, a2
core   0: 3 0x80009b88 (0x00c03033)
core   0: 0x80009b8c (0x00f5e233) or      tp, a1, a5
core   0: 3 0x80009b8c (0x00f5e233) x4  0x8003fce4
core   0: 0x80009b90 (0x036061b3) rem     gp, zero, s6
core   0: 3 0x80009b90 (0x036061b3) x3  0x00000000
core   0: 0x80009b94 (0x00b341b3) xor     gp, t1, a1
core   0: 3 0x80009b94 (0x00b341b3) x3  0x0000c2a4
core   0: 0x80009b98 (0x00008399) c.srli  a5, 6
core   0: 3 0x80009b98 (0x8399) x15 0x00000780
core   0: 0x80009b9a (0xf3ce0b13) addi    s6, t3, -196
core   0: 3 0x80009b9a (0xf3ce0b13) x22 0x001e0633
core   0: 0x80009b9e (0x03fb8263) beq     s7, t6, pc + 36
core   0: 3 0x80009b9e (0x03fb8263)
core   0: 0x80009ba2 (0x025ffe63) bgeu    t6, t0, pc + 60
core   0: 3 0x80009ba2 (0x025ffe63)
core   0: 0x80009ba6 (0x009e9193) slli    gp, t4, 9
core   0: 3 0x80009ba6 (0x009e9193) x3  0x24000000
core   0: 0x80009baa (0x00000d94) c.addi4spn a3, sp, 720
core   0: 3 0x80009baa (0x0d94) x13 0x194d7400
core   0: 0x80009bac (0x40880833) sub     a6, a6, s0
core   0: 3 0x80009bac (0x40880833) x16 0xfffed037
core   0: 0x80009bb0 (0xe5726993) ori     s3, tp, -425
core   0: 3 0x80009bb0 (0xe5726993) x19 0xfffffef7
core   0: 0x80009bb4 (0x01133433) sltu    s0, t1, a7
core   0: 3 0x80009bb4 (0x01133433) x8  0x00000001
core   0: 0x80009bb8 (0x0000ea99) c.bnez  a3, pc + 22
core   0: 3 0x80009bb8 (0xea99)
core   0: 0x80009bce (0x176a2113) slti    sp, s4, 374
core   0: 3 0x80009bce (0x176a2113) x2  0x00000001
core   0: 0x80009bd2 (0x016a2933) slt     s2, s4, s6
core   0: 3 0x80009bd2 (0x016a2933) x18 0x00000001
core   0: 0x80009bd6 (0x00000001) c.nop
core   0: 3 0x80009bd6 (0x0001)
core   0: 0x80009bd8 (0x00008d15) c.sub   a0, a3
core   0: 3 0x80009bd8 (0x8d15) x10 0xe6b28bff
core   0: 0x80009bda (0x0060d963) bge     ra, t1, pc + 18
core   0: 3 0x80009bda (0x0060d963)
core   0: 0x80009bec (0x12d74393) xori    t2, a4, 301
core   0: 3 0x80009bec (0x12d74393) x7  0x0000012d
core   0: 0x80009bf0 (0x009a2533) slt     a0, s4, s1
core   0: 3 0x80009bf0 (0x009a2533) x10 0x00000000
core   0: 0x80009bf4 (0x00000001) c.nop
core   0: 3 0x80009bf4 (0x0001)
core   0: 0x80009bf6 (0xde7dfb13) andi    s6, s11, -537
core   0: 3 0x80009bf6 (0xde7dfb13) x22 0x00000000
core   0: 0x80009bfa (0x00000001) c.nop
core   0: 3 0x80009bfa (0x0001)
core   0: 0x80009bfc (0x00432683) lw      a3, 4(t1)
core   0: 3 0x80009bfc (0x00432683) x13 0x80008ef8 mem 0x80025e44
core   0: 0x80009c00 (0x0000177d) c.addi  a4, -1
core   0: 3 0x80009c00 (0x177d) x14 0xffffffff
core   0: 0x80009c02 (0x0b3dff93) andi    t6, s11, 179
core   0: 3 0x80009c02 (0x0b3dff93) x31 0x00000000
core   0: 0x80009c06 (0x00000001) c.nop
core   0: 3 0x80009c06 (0x0001)
core   0: 0x80009c08 (0x020173b3) remu    t2, sp, zero
core   0: 3 0x80009c08 (0x020173b3) x7  0x00000001
core   0: 0x80009c0c (0x00008f71) c.and   a4, a2
core   0: 3 0x80009c0c (0x8f71) x14 0x00000000
core   0: 0x80009c0e (0x00000351) c.addi  t1, 20
core   0: 3 0x80009c0e (0x0351) x6  0x80025e54
core   0: 0x80009c10 (0x01575eb3) srl     t4, a4, s5
core   0: 3 0x80009c10 (0x01575eb3) x29 0x00000000
core   0: 0x80009c14 (0x00168913) addi    s2, a3, 1
core   0: 3 0x80009c14 (0x00168913) x18 0x80008ef9
core   0: 0x80009c18 (0x00008902) c.jr    s2
core   0: 3 0x80009c18 (0x8902)
core   0: 0x80008ef8 (0x4061d933) sra     s2, gp, t1
core   0: 3 0x80008ef8 (0x4061d933) x18 0x00000240
core   0: 0x80008efc (0x00001817) auipc   a6, 0x1
core   0: 3 0x80008efc (0x00001817) x16 0x80009efc
core   0: 0x80008f00 (0xbf280813) addi    a6, a6, -1038
core   0: 3 0x80008f00 (0xbf280813) x16 0x80009aee
core   0: 0x80008f04 (0x00008c5d) c.or    s0, a5
core   0: 3 0x80008f04 (0x8c5d) x8  0x00000781
core   0: 0x80008f06 (0x01be8533) add     a0, t4, s11
core   0: 3 0x80008f06 (0x01be8533) x10 0x00000000
core   0: 0x80008f0a (0x00000821) c.addi  a6, 8
core   0: 3 0x80008f0a (0x0821) x16 0x80009af6
core   0: 0x80008f0c (0x00008c59) c.or    s0, a4
core   0: 3 0x80008f0c (0x8c59) x8  0x00000781
core   0: 0x80008f0e (0x02ccc9b3) div     s3, s9, a2
core   0: 3 0x80008f0e (0x02ccc9b3) x19 0xffffffff
core   0: 0x80008f12 (0x01e69013) slli    zero, a3, 30
core   0: 3 0x80008f12 (0x01e69013)
core   0: 0x80008f16 (0x01151363) bne     a0, a7, pc + 6
core   0: 3 0x80008f16 (0x01151363)
core   0: 0x80008f1c (0xff8806e7) jalr    a3, a6, -8
core   0: 3 0x80008f1c (0xff8806e7) x13 0x80008f20
core   0: 0x80009aee (0x00000001) c.nop
core   0: 3 0x80009aee (0x0001)
core   0: 0x80009af0 (0x0000e609) c.bnez  a2, pc + 10
core   0: 3 0x80009af0 (0xe609)
core   0: 0x80009af2 (0xa52e2913) slti    s2, t3, -1454
core   0: 3 0x80009af2 (0xa52e2913) x18 0x00000000
core   0: 0x80009af6 (0x758a0717) auipc   a4, 0x758a0
core   0: 3 0x80009af6 (0x758a0717) x14 0xf58a9af6
core   0: 0x80009afa (0x00001331) c.addi  t1, -20
core   0: 3 0x80009afa (0x1331) x6  0x80025e40
core   0: 0x80009afc (0x0116ab33) slt     s6, a3, a7
core   0: 3 0x80009afc (0x0116ab33) x22 0x00000001
core   0: 0x80009b00 (0x01a89233) sll     tp, a7, s10
core   0: 3 0x80009b00 (0x01a89233) x4  0x907f0000
core   0: 0x80009b04 (0x00d32223) sw      a3, 4(t1)
core   0: 3 0x80009b04 (0x00d32223) mem 0x80025e44 0x80008f20
core   0: 0x80009b08 (0x0277e233) rem     tp, a5, t2
core   0: 3 0x80009b08 (0x0277e233) x4  0x00000000
core   0: 0x80009b0c (0x004894b3) sll     s1, a7, tp
core   0: 3 0x80009b0c (0x004894b3) x9  0x907f0000
core   0: 0x80009b10 (0x00000797) auipc   a5, 0x0
core   0: 3 0x80009b10 (0x00000797) x15 0x80009b10
core   0: 0x80009b14 (0xf8878793) addi    a5, a5, -120
core   0: 3 0x80009b14 (0xf8878793) x15 0x80009a98
core   0: 0x80009b18 (0x023c6ab3) rem     s5, s8, gp
core   0: 3 0x80009b18 (0x023c6ab3) x21 0xee3fffff
core   0: 0x80009b1c (0x00008079) c.srli  s0, 30
core   0: 3 0x80009b1c (0x8079) x8  0x00000000
core   0: 0x80009b1e (0x029a3633) mulhu   a2, s4, s1
core   0: 3 0x80009b1e (0x029a3633) x12 0x00000000
core   0: 0x80009b22 (0xd4a78793) addi    a5, a5, -694
core   0: 3 0x80009b22 (0xd4a78793) x15 0x800097e2
core   0: 0x80009b26 (0x000004c2) c.slli  s1, 16
core   0: 3 0x80009b26 (0x04c2) x9  0x00000000
core   0: 0x80009b28 (0x00000001) c.nop
core   0: 3 0x80009b28 (0x0001)
core   0: 0x80009b2a (0x2b6786e7) jalr    a3, a5, 694
core   0: 3 0x80009b2a (0x2b6786e7) x13 0x80009b2e
core   0: 0x80009a98 (0x01299763) bne     s3, s2, pc + 14
core   0: 3 0x80009a98 (0x01299763)
core   0: 0x80009aa6 (0x00001311) c.addi  t1, -28
core   0: 3 0x80009aa6 (0x1311) x6  0x80025e24
core   0: 0x80009aa8 (0x00d32223) sw      a3, 4(t1)
core   0: 3 0x80009aa8 (0x00d32223) mem 0x80025e28 0x80009b2e
core   0: 0x80009aac (0x00006ee5) c.lui   t4, 0x19
core   0: 3 0x80009aac (0x6ee5) x29 0x00019000
core   0: 0x80009aae (0x72c6cc13) xori    s8, a3, 1836
core   0: 3 0x80009aae (0x72c6cc13) x24 0x80009c02
core   0: 0x80009ab2 (0x00009a32) c.add   s4, a2
core   0: 3 0x80009ab2 (0x9a32) x20 0x00000000
core   0: 0x80009ab4 (0x00266c33) or      s8, a2, sp
core   0: 3 0x80009ab4 (0x00266c33) x24 0x00000001
core   0: 0x80009ab8 (0x01aa1693) slli    a3, s4, 26
core   0: 3 0x80009ab8 (0x01aa1693) x13 0x00000000
core   0: 0x80009abc (0x00a93733) sltu    a4, s2, a0
core   0: 3 0x80009abc (0x00a93733) x14 0x00000000
core   0: 0x80009ac0 (0x0000079c) c.addi4spn a5, sp, 960
core   0: 3 0x80009ac0 (0x079c) x15 0x000003c1
core   0: 0x80009ac2 (0x00000d84) c.addi4spn s1, sp, 720
core   0: 3 0x80009ac2 (0x0d84) x9  0x000002d1
core   0: 0x80009ac4 (0x010214b3) sll     s1, tp, a6
core   0: 3 0x80009ac4 (0x010214b3) x9  0x00000000
core   0: 0x80009ac8 (0x01f5d993) srli    s3, a1, 31
core   0: 3 0x80009ac8 (0x01f5d993) x19 0x00000001
core   0: 0x80009acc (0x00008e4d) c.or    a2, a1
core   0: 3 0x80009acc (0x8e4d) x12 0x80029ce4
core   0: 0x80009ace (0x008987b3) add     a5, s3, s0
core   0: 3 0x80009ace (0x008987b3) x15 0x00000001
core   0: 0x80009ad2 (0x00432683) lw      a3, 4(t1)
core   0: 3 0x80009ad2 (0x00432683) x13 0x80009b2e mem 0x80025e28
core   0: 0x80009ad6 (0x0362b2b3) mulhu   t0, t0, s6
core   0: 3 0x80009ad6 (0x0362b2b3) x5  0x00000000
core   0: 0x80009ada (0x41935a33) sra     s4, t1, s9
core   0: 3 0x80009ada (0x41935a33) x20 0xffff0004
core   0: 0x80009ade (0x0335feb3) remu    t4, a1, s3
core   0: 3 0x80009ade (0x0335feb3) x29 0x00000000
core   0: 0x80009ae2 (0x00000371) c.addi  t1, 28
core   0: 3 0x80009ae2 (0x0371) x6  0x80025e40
core   0: 0x80009ae4 (0x0000886d) c.andi  s0, 27
core   0: 3 0x80009ae4 (0x886d) x8  0x00000000
core   0: 0x80009ae6 (0x00168c13) addi    s8, a3, 1
core   0: 3 0x80009ae6 (0x00168c13) x24 0x80009b2f
core   0: 0x80009aea (0x000c0c67) jalr    s8, s8, 0
core   0: 3 0x80009aea (0x000c0c67) x24 0x80009aee
core   0: 0x80009b2e (0xca06be13) sltiu   t3, a3, -864
core   0: 3 0x80009b2e (0xca06be13) x28 0x00000001
core   0: 0x80009b32 (0x0194d133) srl     sp, s1, s9
core   0: 3 0x80009b32 (0x0194d133) x2  0x00000000
core   0: 0x80009b36 (0x00000001) c.nop
core   0: 3 0x80009b36 (0x0001)
core   0: 0x80009b38 (0x875bac13) slti    s8, s7, -1931
core   0: 3 0x80009b38 (0x875bac13) x24 0x00000000
core   0: 0x80009b3c (0x298cc913) xori    s2, s9, 664
core   0: 3 0x80009b3c (0x298cc913) x18 0x00000297
core   0: 0x80009b40 (0x0da006ef) jal     a3, pc + 0xda
core   0: 3 0x80009b40 (0x0da006ef) x13 0x80009b44
core   0: 0x80009c1a (0x40d0d533) sra     a0, ra, a3
core   0: 3 0x80009c1a (0x40d0d533) x10 0x00000000
core   0: 0x80009c1e (0x038f8db3) mul     s11, t6, s8
core   0: 3 0x80009c1e (0x038f8db3) x27 0x00000000
core   0: 0x80009c22 (0x027cb4b3) mulhu   s1, s9, t2
core   0: 3 0x80009c22 (0x027cb4b3) x9  0x00000000
core   0: 0x80009c26 (0x9f44a993) slti    s3, s1, -1548
core   0: 3 0x80009c26 (0x9f44a993) x19 0x00000000
core   0: 0x80009c2a (0x00000ab6) c.slli  s5, 13
core   0: 3 0x80009c2a (0x0ab6) x21 0xffffe000
core   0: 0x80009c2c (0x00001301) c.addi  t1, -32
core   0: 3 0x80009c2c (0x1301) x6  0x80025e20
core   0: 0x80009c2e (0x00420ab3) add     s5, tp, tp
core   0: 3 0x80009c2e (0x00420ab3) x21 0x00000000
core   0: 0x80009c32 (0x00d32223) sw      a3, 4(t1)
core   0: 3 0x80009c32 (0x00d32223) mem 0x80025e24 0x80009b44
core   0: 0x80009c36 (0x40a75913) srai    s2, a4, 10
core   0: 3 0x80009c36 (0x40a75913) x18 0x00000000
core   0: 0x80009c3a (0x016006ef) jal     a3, pc + 0x16
core   0: 3 0x80009c3a (0x016006ef) x13 0x80009c3e
core   0: 0x80009c50 (0x00002839) c.jal   pc + 30
core   0: 3 0x80009c50 (0x2839) x1  0x80009c52
core   0: 0x80009c6e (0x0000a009) c.j     pc + 2
core   0: 3 0x80009c6e (0xa009)
core   0: 0x80009c70 (0x0000bfe9) c.j     pc - 38
core   0: 3 0x80009c70 (0xbfe9)
core   0: 0x80009c4a (0x02a000ef) jal     pc + 0x2a
core   0: 3 0x80009c4a (0x02a000ef) x1  0x80009c4e
core   0: 0x80009c74 (0xfe3ff0ef) jal     pc - 0x1e
core   0: 3 0x80009c74 (0xfe3ff0ef) x1  0x80009c78
core   0: 0x80009c56 (0x00003ff5) c.jal   pc - 4
core   0: 3 0x80009c56 (0x3ff5) x1  0x80009c58
core   0: 0x80009c52 (0x0120026f) jal     tp, pc + 0x12
core   0: 3 0x80009c52 (0x0120026f) x4  0x80009c56
core   0: 0x80009c64 (0x0000a039) c.j     pc + 14
core   0: 3 0x80009c64 (0xa039)
core   0: 0x80009c72 (0x0000b7dd) c.j     pc - 26
core   0: 3 0x80009c72 (0xb7dd)
core   0: 0x80009c58 (0x006000ef) jal     pc + 0x6
core   0: 3 0x80009c58 (0x006000ef) x1  0x80009c5c
core   0: 0x80009c5e (0x0000a829) c.j     pc + 26
core   0: 3 0x80009c5e (0xa829)
core   0: 0x80009c78 (0x0000b7d5) c.j     pc - 28
core   0: 3 0x80009c78 (0xb7d5)
core   0: 0x80009c5c (0x0000b7ed) c.j     pc - 22
core   0: 3 0x80009c5c (0xb7ed)
core   0: 0x80009c46 (0x00003fed) c.jal   pc - 6
core   0: 3 0x80009c46 (0x3fed) x1  0x80009c48
core   0: 0x80009c40 (0x0000a039) c.j     pc + 14
core   0: 3 0x80009c40 (0xa039)
core   0: 0x80009c4e (0x00002821) c.jal   pc + 24
core   0: 3 0x80009c4e (0x2821) x1  0x80009c50
core   0: 0x80009c66 (0x00400bef) jal     s7, pc + 0x4
core   0: 3 0x80009c66 (0x00400bef) x23 0x80009c6a
core   0: 0x80009c6a (0xff7ff0ef) jal     pc - 0xa
core   0: 3 0x80009c6a (0xff7ff0ef) x1  0x80009c6e
core   0: 0x80009c60 (0xfe9ff0ef) jal     pc - 0x18
core   0: 3 0x80009c60 (0xfe9ff0ef) x1  0x80009c64
core   0: 0x80009c48 (0x0000a80d) c.j     pc + 50
core   0: 3 0x80009c48 (0xa80d)
core   0: 0x80009c7a (0xfc9ff0ef) jal     pc - 0x38
core   0: 3 0x80009c7a (0xfc9ff0ef) x1  0x80009c7e
core   0: 0x80009c42 (0xffdff0ef) jal     pc - 0x4
core   0: 3 0x80009c42 (0xffdff0ef) x1  0x80009c46
core   0: 0x80009c3e (0x00002081) c.jal   pc + 64
core   0: 3 0x80009c3e (0x2081) x1  0x80009c40
core   0: 0x80009c7e (0x00008d15) c.sub   a0, a3
core   0: 3 0x80009c7e (0x8d15) x10 0x7fff63c2
core   0: 0x80009c80 (0x00015117) auipc   sp, 0x15
core   0: 3 0x80009c80 (0x00015117) x2  0x8001ec80
core   0: 0x80009c84 (0xa0510113) addi    sp, sp, -1531
core   0: 3 0x80009c84 (0xa0510113) x2  0x8001e685
core   0: 0x80009c88 (0xff111283) lh      t0, -15(sp)
core   0: 3 0x80009c88 (0xff111283) x5  0x00002c2d mem 0x8001e676
core   0: 0x80009c8c (0x32b8c293) xori    t0, a7, 811
core   0: 3 0x80009c8c (0x32b8c293) x5  0x907f032b
core   0: 0x80009c90 (0x000017fd) c.addi  a5, -1
core   0: 3 0x80009c90 (0x17fd) x15 0x00000000
core   0: 0x80009c92 (0x7e0b4e37) lui     t3, 0x7e0b4
core   0: 3 0x80009c92 (0x7e0b4e37) x28 0x7e0b4000
core   0: 0x80009c96 (0xfff11283) lh      t0, -1(sp)
core   0: 3 0x80009c96 (0xfff11283) x5  0x00003e3f mem 0x8001e684
core   0: 0x80009c9a (0x0358b4b3) mulhu   s1, a7, s5
core   0: 3 0x80009c9a (0x0358b4b3) x9  0x00000000
core   0: 0x80009c9e (0x00a14f83) lbu     t6, 10(sp)
core   0: 3 0x80009c9e (0x00a14f83) x31 0x00000044 mem 0x8001e68f
core   0: 0x80009ca2 (0x00114703) lbu     a4, 1(sp)
core   0: 3 0x80009ca2 (0x00114703) x14 0x0000003d mem 0x8001e686
core   0: 0x80009ca6 (0xb6a2cf93) xori    t6, t0, -1174
core   0: 3 0x80009ca6 (0xb6a2cf93) x31 0xffffc555
core   0: 0x80009caa (0xff614d83) lbu     s11, -10(sp)
core   0: 3 0x80009caa (0xff614d83) x27 0x00000030 mem 0x8001e67b
core   0: 0x80009cae (0x037e6533) rem     a0, t3, s7
core   0: 3 0x80009cae (0x037e6533) x10 0x7e0b4000
core   0: 0x80009cb2 (0x02df39b3) mulhu   s3, t5, a3
core   0: 3 0x80009cb2 (0x02df39b3) x19 0x00000000
core   0: 0x80009cb6 (0x000098fd) c.andi  s1, -1
core   0: 3 0x80009cb6 (0x98fd) x9  0x00000000
core   0: 0x80009cb8 (0x00008ffd) c.and   a5, a5
core   0: 3 0x80009cb8 (0x8ffd) x15 0x00000000
core   0: 0x80009cba (0x95d16893) ori     a7, sp, -1699
core   0: 3 0x80009cba (0x95d16893) x17 0xffffffdd
core   0: 0x80009cbe (0xff515a03) lhu     s4, -11(sp)
core   0: 3 0x80009cbe (0xff515a03) x20 0x00003031 mem 0x8001e67a
core   0: 0x80009cc2 (0xfe710ba3) sb      t2, -9(sp)
core   0: 3 0x80009cc2 (0xfe710ba3) mem 0x8001e67c 0x01
core   0: 0x80009cc6 (0x8c1c13b7) lui     t2, 0x8c1c1
core   0: 3 0x80009cc6 (0x8c1c13b7) x7  0x8c1c1000
core   0: 0x80009cca (0x00009afd) c.andi  a3, -1
core   0: 3 0x80009cca (0x9afd) x13 0x80009c3e
core   0: 0x80009ccc (0x03f134b3) mulhu   s1, sp, t6
core   0: 3 0x80009ccc (0x03f134b3) x9  0x8001c92f
core   0: 0x80009cd0 (0x00014403) lbu     s0, 0(sp)
core   0: 3 0x80009cd0 (0x00014403) x8  0x0000003e mem 0x8001e685
core   0: 0x80009cd4 (0x431e0013) addi    zero, t3, 1073
core   0: 3 0x80009cd4 (0x431e0013)
core   0: 0x80009cd8 (0x031d37b3) mulhu   a5, s10, a7
core   0: 3 0x80009cd8 (0x031d37b3) x15 0x6b9efff1
core   0: 0x80009cdc (0x05ed4793) xori    a5, s10, 94
core   0: 3 0x80009cdc (0x05ed4793) x15 0x6b9f005e
core   0: 0x80009ce0 (0x00009b3a) c.add   s6, a4
core   0: 3 0x80009ce0 (0x9b3a) x22 0x0000003e
core   0: 0x80009ce2 (0x032ccc33) div     s8, s9, s2
core   0: 3 0x80009ce2 (0x032ccc33) x24 0xffffffff
core   0: 0x80009ce6 (0x1b046393) ori     t2, s0, 432
core   0: 3 0x80009ce6 (0x1b046393) x7  0x000001be
core   0: 0x80009cea (0xffd10ea3) sb      t4, -3(sp)
core   0: 3 0x80009cea (0xffd10ea3) mem 0x8001e682 0x00
core   0: 0x80009cee (0x03475833) divu    a6, a4, s4
core   0: 3 0x80009cee (0x03475833) x16 0x00000000
core   0: 0x80009cf2 (0x0230cd33) div     s10, ra, gp
core   0: 3 0x80009cf2 (0x0230cd33) x26 0xfffffffd
core   0: 0x80009cf6 (0x00008c7d) c.and   s0, a5
core   0: 3 0x80009cf6 (0x8c7d) x8  0x0000001e
core   0: 0x80009cf8 (0x00111503) lh      a0, 1(sp)
core   0: 3 0x80009cf8 (0x00111503) x10 0x00003c3d mem 0x8001e686
core   0: 0x80009cfc (0x00006917) auipc   s2, 0x6
core   0: 3 0x80009cfc (0x00006917) x18 0x8000fcfc
core   0: 0x80009d00 (0x51690913) addi    s2, s2, 1302
core   0: 3 0x80009d00 (0x51690913) x18 0x80010212
core   0: 0x80009d04 (0x000082dd) c.srli  a3, 23
core   0: 3 0x80009d04 (0x82dd) x13 0x00000100
core   0: 0x80009d06 (0x039e0233) mul     tp, t3, s9
core   0: 3 0x80009d06 (0x039e0233) x4  0x62a8c000
core   0: 0x80009d0a (0xff690aa3) sb      s6, -11(s2)
core   0: 3 0x80009d0a (0xff690aa3) mem 0x80010207 0x3e
core   0: 0x80009d0e (0x02233bb3) mulhu   s7, t1, sp
core   0: 3 0x80009d0e (0x02233bb3) x23 0x40022256
core   0: 0x80009d12 (0x00191423) sh      ra, 8(s2)
core   0: 3 0x80009d12 (0x00191423) mem 0x8001021a 0x9c40
core   0: 0x80009d16 (0x00e91603) lh      a2, 14(s2)
core   0: 3 0x80009d16 (0x00e91603) x12 0xffffdadb mem 0x80010220
core   0: 0x80009d1a (0x0024d033) srl     zero, s1, sp
core   0: 3 0x80009d1a (0x0024d033)
core   0: 0x80009d1e (0x00939a13) slli    s4, t2, 9
core   0: 3 0x80009d1e (0x00939a13) x20 0x00037c00
core   0: 0x80009d22 (0xfcc91503) lh      a0, -52(s2)
core   0: 3 0x80009d22 (0xfcc91503) x10 0xffff9495 mem 0x800101de
core   0: 0x80009d26 (0xfce90503) lb      a0, -50(s2)
core   0: 3 0x80009d26 (0xfce90503) x10 0xffffff9b mem 0x800101e0
core   0: 0x80009d2a (0xfd594803) lbu     a6, -43(s2)
core   0: 3 0x80009d2a (0xfd594803) x16 0x0000009c mem 0x800101e7
core   0: 0x80009d2e (0x000043ed) c.li    t2, 27
core   0: 3 0x80009d2e (0x43ed) x7  0x0000001b
core   0: 0x80009d30 (0x00004619) c.li    a2, 6
core   0: 3 0x80009d30 (0x4619) x12 0x00000006
core   0: 0x80009d32 (0x036c8d37) lui     s10, 0x36c8
core   0: 3 0x80009d32 (0x036c8d37) x26 0x036c8000
core   0: 0x80009d36 (0x00006659) c.lui   a2, 0x16
core   0: 3 0x80009d36 (0x6659) x12 0x00016000
core   0: 0x80009d38 (0xfed900a3) sb      a3, -31(s2)
core   0: 3 0x80009d38 (0xfed900a3) mem 0x800101f3 0x00
core   0: 0x80009d3c (0x01e1b233) sltu    tp, gp, t5
core   0: 3 0x80009d3c (0x01e1b233) x4  0x00000000
core   0: 0x80009d40 (0xfe695883) lhu     a7, -26(s2)
core   0: 3 0x80009d40 (0xfe695883) x17 0x0000b2b3 mem 0x800101f8
core   0: 0x80009d44 (0x01291183) lh      gp, 18(s2)
core   0: 3 0x80009d44 (0x01291183) x3  0xffffdedf mem 0x80010224
core   0: 0x80009d48 (0x00008519) c.srai  a0, 6
core   0: 3 0x80009d48 (0x8519) x10 0xfffffffe
core   0: 0x80009d4a (0x03094183) lbu     gp, 48(s2)
core   0: 3 0x80009d4a (0x03094183) x3  0x000000f9 mem 0x80010242
core   0: 0x80009d4e (0xfe394103) lbu     sp, -29(s2)
core   0: 3 0x80009d4e (0xfe394103) x2  0x000000ae mem 0x800101f5
core   0: 0x80009d52 (0x03d55733) divu    a4, a0, t4
core   0: 3 0x80009d52 (0x03d55733) x14 0xffffffff
core   0: 0x80009d56 (0x0176d033) srl     zero, a3, s7
core   0: 3 0x80009d56 (0x0176d033)
core   0: 0x80009d5a (0x02a91923) sh      a0, 50(s2)
core   0: 3 0x80009d5a (0x02a91923) mem 0x80010244 0xfffe
core   0: 0x80009d5e (0x0000e717) auipc   a4, 0xe
core   0: 3 0x80009d5e (0x0000e717) x14 0x80017d5e
core   0: 0x80009d62 (0x2cf70713) addi    a4, a4, 719
core   0: 3 0x80009d62 (0x2cf70713) x14 0x8001802d
core   0: 0x80009d66 (0xff574d83) lbu     s11, -11(a4)
core   0: 3 0x80009d66 (0xff574d83) x27 0x000000d0 mem 0x80018022
core   0: 0x80009d6a (0x00001b7d) c.addi  s6, -1
core   0: 3 0x80009d6a (0x1b7d) x22 0x0000003d
core   0: 0x80009d6c (0x00000001) c.nop
core   0: 3 0x80009d6c (0x0001)
core   0: 0x80009d6e (0x00000001) c.nop
core   0: 3 0x80009d6e (0x0001)
core   0: 0x80009d70 (0xfff74b03) lbu     s6, -1(a4)
core   0: 3 0x80009d70 (0xfff74b03) x22 0x000000e7 mem 0x8001802c
core   0: 0x80009d74 (0xff375d83) lhu     s11, -13(a4)
core   0: 3 0x80009d74 (0xff375d83) x27 0x0000dadb mem 0x80018020
core   0: 0x80009d78 (0x00821d93) slli    s11, tp, 8
core   0: 3 0x80009d78 (0x00821d93) x27 0x00000000
core   0: 0x80009d7c (0xed06e213) ori     tp, a3, -304
core   0: 3 0x80009d7c (0xed06e213) x4  0xffffffd0
core   0: 0x80009d80 (0x00570023) sb      t0, 0(a4)
core   0: 3 0x80009d80 (0x00570023) mem 0x8001802d 0x3f
core   0: 0x80009d84 (0xfec70f23) sb      a2, -2(a4)
core   0: 3 0x80009d84 (0xfec70f23) mem 0x8001802b 0x00
core   0: 0x80009d88 (0xfe471aa3) sh      tp, -11(a4)
core   0: 3 0x80009d88 (0xfe471aa3) mem 0x80018022 0xffd0
core   0: 0x80009d8c (0x03b22b33) mulhsu  s6, tp, s11
core   0: 3 0x80009d8c (0x03b22b33) x22 0x00000000
core   0: 0x80009d90 (0x00c70603) lb      a2, 12(a4)
core   0: 3 0x80009d90 (0x00c70603) x12 0x00000000 mem 0x80018039
core   0: 0x80009d94 (0x00470523) sb      tp, 10(a4)
core   0: 3 0x80009d94 (0x00470523) mem 0x80018037 0xd0
core   0: 0x80009d98 (0x02db2b33) mulhsu  s6, s6, a3
core   0: 3 0x80009d98 (0x02db2b33) x22 0x00000000
core   0: 0x80009d9c (0x01b70323) sb      s11, 6(a4)
core   0: 3 0x80009d9c (0x01b70323) mem 0x80018033 0x00
core   0: 0x80009da0 (0x025df2b3) remu    t0, s11, t0
core   0: 3 0x80009da0 (0x025df2b3) x5  0x00000000
core   0: 0x80009da4 (0x00474d83) lbu     s11, 4(a4)
core   0: 3 0x80009da4 (0x00474d83) x27 0x000000ea mem 0x80018031
core   0: 0x80009da8 (0x017ddd93) srli    s11, s11, 23
core   0: 3 0x80009da8 (0x017ddd93) x27 0x00000000
core   0: 0x80009dac (0x52566613) ori     a2, a2, 1317
core   0: 3 0x80009dac (0x52566613) x12 0x00000525
core   0: 0x80009db0 (0xfff74d83) lbu     s11, -1(a4)
core   0: 3 0x80009db0 (0xfff74d83) x27 0x000000e7 mem 0x8001802c
core   0: 0x80009db4 (0x01070b03) lb      s6, 16(a4)
core   0: 3 0x80009db4 (0x01070b03) x22 0xfffffff6 mem 0x8001803d
core   0: 0x80009db8 (0xfec70e23) sb      a2, -4(a4)
core   0: 3 0x80009db8 (0xfec70e23) mem 0x80018029 0x25
core   0: 0x80009dbc (0x00006ddd) c.lui   s11, 0x17
core   0: 3 0x80009dbc (0x6ddd) x27 0x00017000
core   0: 0x80009dbe (0xffc74203) lbu     tp, -4(a4)
core   0: 3 0x80009dbe (0xffc74203) x4  0x00000025 mem 0x80018029
core   0: 0x80009dc2 (0xfed70b23) sb      a3, -10(a4)
core   0: 3 0x80009dc2 (0xfed70b23) mem 0x80018023 0x00
core   0: 0x80009dc6 (0x40dddb33) sra     s6, s11, a3
core   0: 3 0x80009dc6 (0x40dddb33) x22 0x00017000
core   0: 0x80009dca (0x036dcb33) div     s6, s11, s6
core   0: 3 0x80009dca (0x036dcb33) x22 0x00000001
core   0: 0x80009dce (0xfed72ba3) sw      a3, -9(a4)
core   0: 3 0x80009dce (0xfed72ba3) mem 0x80018024 0x00000100
core   0: 0x80009dd2 (0x00d703a3) sb      a3, 7(a4)
core   0: 3 0x80009dd2 (0x00d703a3) mem 0x80018034 0x00
core   0: 0x80009dd6 (0x005b26b3) slt     a3, s6, t0
core   0: 3 0x80009dd6 (0x005b26b3) x13 0x00000000
core   0: 0x80009dda (0x00570623) sb      t0, 12(a4)
core   0: 3 0x80009dda (0x00570623) mem 0x80018039 0x00
core   0: 0x80009dde (0x00570203) lb      tp, 5(a4)
core   0: 3 0x80009dde (0x00570203) x4  0xffffffe9 mem 0x80018032
core   0: 0x80009de2 (0x00d71683) lh      a3, 13(a4)
core   0: 3 0x80009de2 (0x00d71683) x13 0xfffff0f1 mem 0x8001803a
core   0: 0x80009de6 (0x00008117) auipc   sp, 0x8
core   0: 3 0x80009de6 (0x00008117) x2  0x80011de6
core   0: 0x80009dea (0xb2310113) addi    sp, sp, -1245
core   0: 3 0x80009dea (0xb2310113) x2  0x80011909
core   0: 0x80009dee (0x57c42b13) slti    s6, s0, 1404
core   0: 3 0x80009dee (0x57c42b13) x22 0x00000001
core   0: 0x80009df2 (0xfdc10b83) lb      s7, -36(sp)
core   0: 3 0x80009df2 (0xfdc10b83) x23 0x00000012 mem 0x800118e5
core   0: 0x80009df6 (0xfdc14483) lbu     s1, -36(sp)
core   0: 3 0x80009df6 (0xfdc14483) x9  0x00000012 mem 0x800118e5
core   0: 0x80009dfa (0xa4eb8513) addi    a0, s7, -1458
core   0: 3 0x80009dfa (0xa4eb8513) x10 0xfffffa60
core   0: 0x80009dfe (0xfdc10683) lb      a3, -36(sp)
core   0: 3 0x80009dfe (0xfdc10683) x13 0x00000012 mem 0x800118e5
core   0: 0x80009e02 (0xfd210e23) sb      s2, -36(sp)
core   0: 3 0x80009e02 (0xfd210e23) mem 0x800118e5 0x12
core   0: 0x80009e06 (0x011b4933) xor     s2, s6, a7
core   0: 3 0x80009e06 (0x011b4933) x18 0x0000b2b2
core   0: 0x80009e0a (0xff0123a3) sw      a6, -25(sp)
core   0: 3 0x80009e0a (0xff0123a3) mem 0x800118f0 0x0000009c
core   0: 0x80009e0e (0xfe715783) lhu     a5, -25(sp)
core   0: 3 0x80009e0e (0xfe715783) x15 0x0000009c mem 0x800118f0
core   0: 0x80009e12 (0x00008f81) c.sub   a5, s0
core   0: 3 0x80009e12 (0x8f81) x15 0x0000007e
core   0: 0x80009e14 (0xfd511e83) lh      t4, -43(sp)
core   0: 3 0x80009e14 (0xfd511e83) x29 0xffff9495 mem 0x800118de
core   0: 0x80009e18 (0xd94bf013) andi    zero, s7, -620
core   0: 3 0x80009e18 (0xd94bf013)
core   0: 0x80009e1c (0xf9e10503) lb      a0, -98(sp)
core   0: 3 0x80009e1c (0xf9e10503) x10 0x0000005c mem 0x800118a7
core   0: 0x80009e20 (0xf59101a3) sb      s9, -189(sp)
core   0: 3 0x80009e20 (0xf59101a3) mem 0x8001184c 0x0f
core   0: 0x80009e24 (0x01d4ceb3) xor     t4, s1, t4
core   0: 3 0x80009e24 (0x01d4ceb3) x29 0xffff9487
core   0: 0x80009e28 (0x00008f32) c.mv    t5, a2
core   0: 3 0x80009e28 (0x8f32) x30 0x00000525
core   0: 0x80009e2a (0xf4314903) lbu     s2, -189(sp)
core   0: 3 0x80009e2a (0xf4314903) x18 0x0000000f mem 0x8001184c
core   0: 0x80009e2e (0xf4312883) lw      a7, -189(sp)
core   0: 3 0x80009e2e (0xf4312883) x17 0x0405060f mem 0x8001184c
core   0: 0x80009e32 (0xf4d101a3) sb      a3, -189(sp)
core   0: 3 0x80009e32 (0xf4d101a3) mem 0x8001184c 0x12
core   0: 0x80009e36 (0xf4311f83) lh      t6, -189(sp)
core   0: 3 0x80009e36 (0xf4311f83) x31 0x00000612 mem 0x8001184c
core   0: 0x80009e3a (0x00006e17) auipc   t3, 0x6
core   0: 3 0x80009e3a (0x00006e17) x28 0x8000fe3a
core   0: 0x80009e3e (0x4f6e0e13) addi    t3, t3, 1270
core   0: 3 0x80009e3e (0x4f6e0e13) x28 0x80010330
core   0: 0x80009e42 (0x001e06a3) sb      ra, 13(t3)
core   0: 3 0x80009e42 (0x001e06a3) mem 0x8001033d 0x40
core   0: 0x80009e46 (0xdc51c137) lui     sp, 0xdc51c
core   0: 3 0x80009e46 (0xdc51c137) x2  0xdc51c000
core   0: 0x80009e4a (0x007e4403) lbu     s0, 7(t3)
core   0: 3 0x80009e4a (0x007e4403) x8  0x00000064 mem 0x80010337
core   0: 0x80009e4e (0x731150b7) lui     ra, 0x73115
core   0: 3 0x80009e4e (0x731150b7) x1  0x73115000
core   0: 0x80009e52 (0x007e4b83) lbu     s7, 7(t3)
core   0: 3 0x80009e52 (0x007e4b83) x23 0x00000064 mem 0x80010337
core   0: 0x80009e56 (0xff6e4183) lbu     gp, -10(t3)
core   0: 3 0x80009e56 (0xff6e4183) x3  0x000000dd mem 0x80010326
core   0: 0x80009e5a (0x40405c13) srai    s8, zero, 4
core   0: 3 0x80009e5a (0x40405c13) x24 0x00000000
core   0: 0x80009e5e (0xfe1e1923) sh      ra, -14(t3)
core   0: 3 0x80009e5e (0xfe1e1923) mem 0x80010322 0x5000
core   0: 0x80009e62 (0xffae0003) lb      zero, -6(t3)
core   0: 3 0x80009e62 (0xffae0003) mem 0x8001032a
core   0: 0x80009e66 (0x002e0223) sb      sp, 4(t3)
core   0: 3 0x80009e66 (0x002e0223) mem 0x80010334 0x00
core   0: 0x80009e6a (0xfe4e0e23) sb      tp, -4(t3)
core   0: 3 0x80009e6a (0xfe4e0e23) mem 0x8001032c 0xe9
core   0: 0x80009e6e (0x007e0803) lb      a6, 7(t3)
core   0: 3 0x80009e6e (0x007e0803) x16 0x00000064 mem 0x80010337
core   0: 0x80009e72 (0xffde0903) lb      s2, -3(t3)
core   0: 3 0x80009e72 (0xffde0903) x18 0x0000002d mem 0x8001032d
core   0: 0x80009e76 (0xfeee0ea3) sb      a4, -3(t3)
core   0: 3 0x80009e76 (0xfeee0ea3) mem 0x8001032d 0x2d
core   0: 0x80009e7a (0x000e4e83) lbu     t4, 0(t3)
core   0: 3 0x80009e7a (0x000e4e83) x29 0x000000eb mem 0x80010330
core   0: 0x80009e7e (0x000e2c03) lw      s8, 0(t3)
core   0: 3 0x80009e7e (0x000e2c03) x24 0xe8e9eaeb mem 0x80010330
core   0: 0x80009e82 (0xf561cd93) xori    s11, gp, -170
core   0: 3 0x80009e82 (0xf561cd93) x27 0xffffff8b
core   0: 0x80009e86 (0x000e2603) lw      a2, 0(t3)
core   0: 3 0x80009e86 (0x000e2603) x12 0xe8e9eaeb mem 0x80010330
core   0: 0x80009e8a (0x000e2403) lw      s0, 0(t3)
core   0: 3 0x80009e8a (0x000e2403) x8  0xe8e9eaeb mem 0x80010330
core   0: 0x80009e8e (0x000e5503) lhu     a0, 0(t3)
core   0: 3 0x80009e8e (0x000e5503) x10 0x0000eaeb mem 0x80010330
core   0: 0x80009e92 (0x000e4a03) lbu     s4, 0(t3)
core   0: 3 0x80009e92 (0x000e4a03) x20 0x000000eb mem 0x80010330
core   0: 0x80009e96 (0x036006ef) jal     a3, pc + 0x36
core   0: 3 0x80009e96 (0x036006ef) x13 0x80009e9a
core   0: 0x80009ecc (0xfdfff0ef) jal     pc - 0x22
core   0: 3 0x80009ecc (0xfdfff0ef) x1  0x80009ed0
core   0: 0x80009eaa (0x020000ef) jal     pc + 0x20
core   0: 3 0x80009eaa (0x020000ef) x1  0x80009eae
core   0: 0x80009eca (0x000037fd) c.jal   pc - 18
core   0: 3 0x80009eca (0x37fd) x1  0x80009ecc
core   0: 0x80009eb8 (0x0000b7dd) c.j     pc - 26
core   0: 3 0x80009eb8 (0xb7dd)
core   0: 0x80009e9e (0x0000a831) c.j     pc + 28
core   0: 3 0x80009e9e (0xa831)
core   0: 0x80009eba (0x0000bfe5) c.j     pc - 8
core   0: 3 0x80009eba (0xbfe5)
core   0: 0x80009eb2 (0x00a000ef) jal     pc + 0xa
core   0: 3 0x80009eb2 (0x00a000ef) x1  0x80009eb6
core   0: 0x80009ebc (0xff5fff6f) jal     t5, pc - 0xc
core   0: 3 0x80009ebc (0xff5fff6f) x30 0x80009ec0
core   0: 0x80009eb0 (0x0000a809) c.j     pc + 18
core   0: 3 0x80009eb0 (0xa809)
core   0: 0x80009ec2 (0x00003ffd) c.jal   pc - 2
core   0: 3 0x80009ec2 (0x3ffd) x1  0x80009ec4
core   0: 0x80009ec0 (0x0000b7dd) c.j     pc - 26
core   0: 3 0x80009ec0 (0xb7dd)
core   0: 0x80009ea6 (0x0000a009) c.j     pc + 2
core   0: 3 0x80009ea6 (0xa009)
core   0: 0x80009ea8 (0x00002039) c.jal   pc + 14
core   0: 3 0x80009ea8 (0x2039) x1  0x80009eaa
core   0: 0x80009eb6 (0x0000a809) c.j     pc + 18
core   0: 3 0x80009eb6 (0xa809)
core   0: 0x80009ec8 (0x0000bff5) c.j     pc - 4
core   0: 3 0x80009ec8 (0xbff5)
core   0: 0x80009ec4 (0xfebff9ef) jal     s3, pc - 0x16
core   0: 3 0x80009ec4 (0xfebff9ef) x19 0x80009ec8
core   0: 0x80009eae (0x00003fcd) c.jal   pc - 14
core   0: 3 0x80009eae (0x3fcd) x1  0x80009eb0
core   0: 0x80009ea0 (0x004000ef) jal     pc + 0x4
core   0: 3 0x80009ea0 (0x004000ef) x1  0x80009ea4
core   0: 0x80009ea4 (0x0000bfdd) c.j     pc - 10
core   0: 3 0x80009ea4 (0xbfdd)
core   0: 0x80009e9a (0x036000ef) jal     pc + 0x36
core   0: 3 0x80009e9a (0x036000ef) x1  0x80009e9e
core   0: 0x80009ed0 (0x41ead393) srai    t2, s5, 30
core   0: 3 0x80009ed0 (0x41ead393) x7  0x00000000
core   0: 0x80009ed4 (0x00004789) c.li    a5, 2
core   0: 3 0x80009ed4 (0x4789) x15 0x00000002
core   0: 0x80009ed6 (0x010cae33) slt     t3, s9, a6
core   0: 3 0x80009ed6 (0x010cae33) x28 0x00000001
core   0: 0x80009eda (0x00005739) c.li    a4, -18
core   0: 3 0x80009eda (0x5739) x14 0xffffffee
core   0: 0x80009edc (0x001aefb3) or      t6, s5, ra
core   0: 3 0x80009edc (0x001aefb3) x31 0x80009e9e
core   0: 0x80009ee0 (0x0220b0b3) mulhu   ra, ra, sp
core   0: 3 0x80009ee0 (0x0220b0b3) x1  0x6e296882
core   0: 0x80009ee4 (0x000017ed) c.addi  a5, -5
core   0: 3 0x80009ee4 (0x17ed) x15 0xfffffffd
core   0: 0x80009ee6 (0x408508b3) sub     a7, a0, s0
core   0: 3 0x80009ee6 (0x408508b3) x17 0x17170000
core   0: 0x80009eea (0x00008471) c.srai  s0, 28
core   0: 3 0x80009eea (0x8471) x8  0xfffffffe
core   0: 0x80009eec (0x00005571) c.li    a0, -4
core   0: 3 0x80009eec (0x5571) x10 0xfffffffc
core   0: 0x80009eee (0x00380eb3) add     t4, a6, gp
core   0: 3 0x80009eee (0x00380eb3) x29 0x00000141
core   0: 0x80009ef2 (0x00000001) c.nop
core   0: 3 0x80009ef2 (0x0001)
core   0: 0x80009ef4 (0xac906b97) auipc   s7, 0xac906
core   0: 3 0x80009ef4 (0xac906b97) x23 0x2c90fef4
core   0: 0x80009ef8 (0x03b53b33) mulhu   s6, a0, s11
core   0: 3 0x80009ef8 (0x03b53b33) x22 0xffffff87
core   0: 0x80009efc (0x00000509) c.addi  a0, 2
core   0: 3 0x80009efc (0x0509) x10 0xfffffffe
core   0: 0x80009efe (0xb81c0613) addi    a2, s8, -1151
core   0: 3 0x80009efe (0xb81c0613) x12 0xe8e9e66c
core   0: 0x80009f02 (0x015a18b3) sll     a7, s4, s5
core   0: 3 0x80009f02 (0x015a18b3) x17 0x000000eb
core   0: 0x80009f06 (0x71dc2813) slti    a6, s8, 1821
core   0: 3 0x80009f06 (0x71dc2813) x16 0x00000001
core   0: 0x80009f0a (0x01e4c4b3) xor     s1, s1, t5
core   0: 3 0x80009f0a (0x01e4c4b3) x9  0x80009ed2
core   0: 0x80009f0e (0xb691f613) andi    a2, gp, -1175
core   0: 3 0x80009f0e (0xb691f613) x12 0x00000049
core   0: 0x80009f12 (0x0000f16d) c.bnez  a0, pc - 30
core   0: 3 0x80009f12 (0xf16d)
core   0: 0x80009ef4 (0xac906b97) auipc   s7, 0xac906
core   0: 3 0x80009ef4 (0xac906b97) x23 0x2c90fef4
core   0: 0x80009ef8 (0x03b53b33) mulhu   s6, a0, s11
core   0: 3 0x80009ef8 (0x03b53b33) x22 0xffffff89
core   0: 0x80009efc (0x00000509) c.addi  a0, 2
core   0: 3 0x80009efc (0x0509) x10 0x00000000
core   0: 0x80009efe (0xb81c0613) addi    a2, s8, -1151
core   0: 3 0x80009efe (0xb81c0613) x12 0xe8e9e66c
core   0: 0x80009f02 (0x015a18b3) sll     a7, s4, s5
core   0: 3 0x80009f02 (0x015a18b3) x17 0x000000eb
core   0: 0x80009f06 (0x71dc2813) slti    a6, s8, 1821
core   0: 3 0x80009f06 (0x71dc2813) x16 0x00000001
core   0: 0x80009f0a (0x01e4c4b3) xor     s1, s1, t5
core   0: 3 0x80009f0a (0x01e4c4b3) x9  0x00000012
core   0: 0x80009f0e (0xb691f613) andi    a2, gp, -1175
core   0: 3 0x80009f0e (0xb691f613) x12 0x00000049
core   0: 0x80009f12 (0x0000f16d) c.bnez  a0, pc - 30
core   0: 3 0x80009f12 (0xf16d)
core   0: 0x80009f14 (0xde803693) sltiu   a3, zero, -536
core   0: 3 0x80009f14 (0xde803693) x13 0x00000001
core   0: 0x80009f18 (0x00008eb5) c.xor   a3, a3
core   0: 3 0x80009f18 (0x8eb5) x13 0x00000000
core   0: 0x80009f1a (0x7ed90913) addi    s2, s2, 2029
core   0: 3 0x80009f1a (0x7ed90913) x18 0x0000081a
core   0: 0x80009f1e (0x023b29b3) mulhsu  s3, s6, gp
core   0: 3 0x80009f1e (0x023b29b3) x19 0xffffffff
core   0: 0x80009f22 (0xfae79de3) bne     a5, a4, pc - 70
core   0: 3 0x80009f22 (0xfae79de3)
core   0: 0x80009edc (0x001aefb3) or      t6, s5, ra
core   0: 3 0x80009edc (0x001aefb3) x31 0x6e296882
core   0: 0x80009ee0 (0x0220b0b3) mulhu   ra, ra, sp
core   0: 3 0x80009ee0 (0x0220b0b3) x1  0x5ecec388
core   0: 0x80009ee4 (0x000017ed) c.addi  a5, -5
core   0: 3 0x80009ee4 (0x17ed) x15 0xfffffff8
core   0: 0x80009ee6 (0x408508b3) sub     a7, a0, s0
core   0: 3 0x80009ee6 (0x408508b3) x17 0x00000002
core   0: 0x80009eea (0x00008471) c.srai  s0, 28
core   0: 3 0x80009eea (0x8471) x8  0xffffffff
core   0: 0x80009eec (0x00005571) c.li    a0, -4
core   0: 3 0x80009eec (0x5571) x10 0xfffffffc
core   0: 0x80009eee (0x00380eb3) add     t4, a6, gp
core   0: 3 0x80009eee (0x00380eb3) x29 0x000000de
core   0: 0x80009ef2 (0x00000001) c.nop
core   0: 3 0x80009ef2 (0x0001)
core   0: 0x80009ef4 (0xac906b97) auipc   s7, 0xac906
core   0: 3 0x80009ef4 (0xac906b97) x23 0x2c90fef4
core   0: 0x80009ef8 (0x03b53b33) mulhu   s6, a0, s11
core   0: 3 0x80009ef8 (0x03b53b33) x22 0xffffff87
core   0: 0x80009efc (0x00000509) c.addi  a0, 2
core   0: 3 0x80009efc (0x0509) x10 0xfffffffe
core   0: 0x80009efe (0xb81c0613) addi    a2, s8, -1151
core   0: 3 0x80009efe (0xb81c0613) x12 0xe8e9e66c
core   0: 0x80009f02 (0x015a18b3) sll     a7, s4, s5
core   0: 3 0x80009f02 (0x015a18b3) x17 0x000000eb
core   0: 0x80009f06 (0x71dc2813) slti    a6, s8, 1821
core   0: 3 0x80009f06 (0x71dc2813) x16 0x00000001
core   0: 0x80009f0a (0x01e4c4b3) xor     s1, s1, t5
core   0: 3 0x80009f0a (0x01e4c4b3) x9  0x80009ed2
core   0: 0x80009f0e (0xb691f613) andi    a2, gp, -1175
core   0: 3 0x80009f0e (0xb691f613) x12 0x00000049
core   0: 0x80009f12 (0x0000f16d) c.bnez  a0, pc - 30
core   0: 3 0x80009f12 (0xf16d)
core   0: 0x80009ef4 (0xac906b97) auipc   s7, 0xac906
core   0: 3 0x80009ef4 (0xac906b97) x23 0x2c90fef4
core   0: 0x80009ef8 (0x03b53b33) mulhu   s6, a0, s11
core   0: 3 0x80009ef8 (0x03b53b33) x22 0xffffff89
core   0: 0x80009efc (0x00000509) c.addi  a0, 2
core   0: 3 0x80009efc (0x0509) x10 0x00000000
core   0: 0x80009efe (0xb81c0613) addi    a2, s8, -1151
core   0: 3 0x80009efe (0xb81c0613) x12 0xe8e9e66c
core   0: 0x80009f02 (0x015a18b3) sll     a7, s4, s5
core   0: 3 0x80009f02 (0x015a18b3) x17 0x000000eb
core   0: 0x80009f06 (0x71dc2813) slti    a6, s8, 1821
core   0: 3 0x80009f06 (0x71dc2813) x16 0x00000001
core   0: 0x80009f0a (0x01e4c4b3) xor     s1, s1, t5
core   0: 3 0x80009f0a (0x01e4c4b3) x9  0x00000012
core   0: 0x80009f0e (0xb691f613) andi    a2, gp, -1175
core   0: 3 0x80009f0e (0xb691f613) x12 0x00000049
core   0: 0x80009f12 (0x0000f16d) c.bnez  a0, pc - 30
core   0: 3 0x80009f12 (0xf16d)
core   0: 0x80009f14 (0xde803693) sltiu   a3, zero, -536
core   0: 3 0x80009f14 (0xde803693) x13 0x00000001
core   0: 0x80009f18 (0x00008eb5) c.xor   a3, a3
core   0: 3 0x80009f18 (0x8eb5) x13 0x00000000
core   0: 0x80009f1a (0x7ed90913) addi    s2, s2, 2029
core   0: 3 0x80009f1a (0x7ed90913) x18 0x00001007
core   0: 0x80009f1e (0x023b29b3) mulhsu  s3, s6, gp
core   0: 3 0x80009f1e (0x023b29b3) x19 0xffffffff
core   0: 0x80009f22 (0xfae79de3) bne     a5, a4, pc - 70
core   0: 3 0x80009f22 (0xfae79de3)
core   0: 0x80009edc (0x001aefb3) or      t6, s5, ra
core   0: 3 0x80009edc (0x001aefb3) x31 0x5ecec388
core   0: 0x80009ee0 (0x0220b0b3) mulhu   ra, ra, sp
core   0: 3 0x80009ee0 (0x0220b0b3) x1  0x5197f68f
core   0: 0x80009ee4 (0x000017ed) c.addi  a5, -5
core   0: 3 0x80009ee4 (0x17ed) x15 0xfffffff3
core   0: 0x80009ee6 (0x408508b3) sub     a7, a0, s0
core   0: 3 0x80009ee6 (0x408508b3) x17 0x00000001
core   0: 0x80009eea (0x00008471) c.srai  s0, 28
core   0: 3 0x80009eea (0x8471) x8  0xffffffff
core   0: 0x80009eec (0x00005571) c.li    a0, -4
core   0: 3 0x80009eec (0x5571) x10 0xfffffffc
core   0: 0x80009eee (0x00380eb3) add     t4, a6, gp
core   0: 3 0x80009eee (0x00380eb3) x29 0x000000de
core   0: 0x80009ef2 (0x00000001) c.nop
core   0: 3 0x80009ef2 (0x0001)
core   0: 0x80009ef4 (0xac906b97) auipc   s7, 0xac906
core   0: 3 0x80009ef4 (0xac906b97) x23 0x2c90fef4
core   0: 0x80009ef8 (0x03b53b33) mulhu   s6, a0, s11
core   0: 3 0x80009ef8 (0x03b53b33) x22 0xffffff87
core   0: 0x80009efc (0x00000509) c.addi  a0, 2
core   0: 3 0x80009efc (0x0509) x10 0xfffffffe
core   0: 0x80009efe (0xb81c0613) addi    a2, s8, -1151
core   0: 3 0x80009efe (0xb81c0613) x12 0xe8e9e66c
core   0: 0x80009f02 (0x015a18b3) sll     a7, s4, s5
core   0: 3 0x80009f02 (0x015a18b3) x17 0x000000eb
core   0: 0x80009f06 (0x71dc2813) slti    a6, s8, 1821
core   0: 3 0x80009f06 (0x71dc2813) x16 0x00000001
core   0: 0x80009f0a (0x01e4c4b3) xor     s1, s1, t5
core   0: 3 0x80009f0a (0x01e4c4b3) x9  0x80009ed2
core   0: 0x80009f0e (0xb691f613) andi    a2, gp, -1175
core   0: 3 0x80009f0e (0xb691f613) x12 0x00000049
core   0: 0x80009f12 (0x0000f16d) c.bnez  a0, pc - 30
core   0: 3 0x80009f12 (0xf16d)
core   0: 0x80009ef4 (0xac906b97) auipc   s7, 0xac906
core   0: 3 0x80009ef4 (0xac906b97) x23 0x2c90fef4
core   0: 0x80009ef8 (0x03b53b33) mulhu   s6, a0, s11
core   0: 3 0x80009ef8 (0x03b53b33) x22 0xffffff89
core   0: 0x80009efc (0x00000509) c.addi  a0, 2
core   0: 3 0x80009efc (0x0509) x10 0x00000000
core   0: 0x80009efe (0xb81c0613) addi    a2, s8, -1151
core   0: 3 0x80009efe (0xb81c0613) x12 0xe8e9e66c
core   0: 0x80009f02 (0x015a18b3) sll     a7, s4, s5
core   0: 3 0x80009f02 (0x015a18b3) x17 0x000000eb
core   0: 0x80009f06 (0x71dc2813) slti    a6, s8, 1821
core   0: 3 0x80009f06 (0x71dc2813) x16 0x00000001
core   0: 0x80009f0a (0x01e4c4b3) xor     s1, s1, t5
core   0: 3 0x80009f0a (0x01e4c4b3) x9  0x00000012
core   0: 0x80009f0e (0xb691f613) andi    a2, gp, -1175
core   0: 3 0x80009f0e (0xb691f613) x12 0x00000049
core   0: 0x80009f12 (0x0000f16d) c.bnez  a0, pc - 30
core   0: 3 0x80009f12 (0xf16d)
core   0: 0x80009f14 (0xde803693) sltiu   a3, zero, -536
core   0: 3 0x80009f14 (0xde803693) x13 0x00000001
core   0: 0x80009f18 (0x00008eb5) c.xor   a3, a3
core   0: 3 0x80009f18 (0x8eb5) x13 0x00000000
core   0: 0x80009f1a (0x7ed90913) addi    s2, s2, 2029
core   0: 3 0x80009f1a (0x7ed90913) x18 0x000017f4
core   0: 0x80009f1e (0x023b29b3) mulhsu  s3, s6, gp
core   0: 3 0x80009f1e (0x023b29b3) x19 0xffffffff
core   0: 0x80009f22 (0xfae79de3) bne     a5, a4, pc - 70
core   0: 3 0x80009f22 (0xfae79de3)
core   0: 0x80009edc (0x001aefb3) or      t6, s5, ra
core   0: 3 0x80009edc (0x001aefb3) x31 0x5197f68f
core   0: 0x80009ee0 (0x0220b0b3) mulhu   ra, ra, sp
core   0: 3 0x80009ee0 (0x0220b0b3) x1  0x4638a629
core   0: 0x80009ee4 (0x000017ed) c.addi  a5, -5
core   0: 3 0x80009ee4 (0x17ed) x15 0xffffffee
core   0: 0x80009ee6 (0x408508b3) sub     a7, a0, s0
core   0: 3 0x80009ee6 (0x408508b3) x17 0x00000001
core   0: 0x80009eea (0x00008471) c.srai  s0, 28
core   0: 3 0x80009eea (0x8471) x8  0xffffffff
core   0: 0x80009eec (0x00005571) c.li    a0, -4
core   0: 3 0x80009eec (0x5571) x10 0xfffffffc
core   0: 0x80009eee (0x00380eb3) add     t4, a6, gp
core   0: 3 0x80009eee (0x00380eb3) x29 0x000000de
core   0: 0x80009ef2 (0x00000001) c.nop
core   0: 3 0x80009ef2 (0x0001)
core   0: 0x80009ef4 (0xac906b97) auipc   s7, 0xac906
core   0: 3 0x80009ef4 (0xac906b97) x23 0x2c90fef4
core   0: 0x80009ef8 (0x03b53b33) mulhu   s6, a0, s11
core   0: 3 0x80009ef8 (0x03b53b33) x22 0xffffff87
core   0: 0x80009efc (0x00000509) c.addi  a0, 2
core   0: 3 0x80009efc (0x0509) x10 0xfffffffe
core   0: 0x80009efe (0xb81c0613) addi    a2, s8, -1151
core   0: 3 0x80009efe (0xb81c0613) x12 0xe8e9e66c
core   0: 0x80009f02 (0x015a18b3) sll     a7, s4, s5
core   0: 3 0x80009f02 (0x015a18b3) x17 0x000000eb
core   0: 0x80009f06 (0x71dc2813) slti    a6, s8, 1821
core   0: 3 0x80009f06 (0x71dc2813) x16 0x00000001
core   0: 0x80009f0a (0x01e4c4b3) xor     s1, s1, t5
core   0: 3 0x80009f0a (0x01e4c4b3) x9  0x80009ed2
core   0: 0x80009f0e (0xb691f613) andi    a2, gp, -1175
core   0: 3 0x80009f0e (0xb691f613) x12 0x00000049
core   0: 0x80009f12 (0x0000f16d) c.bnez  a0, pc - 30
core   0: 3 0x80009f12 (0xf16d)
core   0: 0x80009ef4 (0xac906b97) auipc   s7, 0xac906
core   0: 3 0x80009ef4 (0xac906b97) x23 0x2c90fef4
core   0: 0x80009ef8 (0x03b53b33) mulhu   s6, a0, s11
core   0: 3 0x80009ef8 (0x03b53b33) x22 0xffffff89
core   0: 0x80009efc (0x00000509) c.addi  a0, 2
core   0: 3 0x80009efc (0x0509) x10 0x00000000
core   0: 0x80009efe (0xb81c0613) addi    a2, s8, -1151
core   0: 3 0x80009efe (0xb81c0613) x12 0xe8e9e66c
core   0: 0x80009f02 (0x015a18b3) sll     a7, s4, s5
core   0: 3 0x80009f02 (0x015a18b3) x17 0x000000eb
core   0: 0x80009f06 (0x71dc2813) slti    a6, s8, 1821
core   0: 3 0x80009f06 (0x71dc2813) x16 0x00000001
core   0: 0x80009f0a (0x01e4c4b3) xor     s1, s1, t5
core   0: 3 0x80009f0a (0x01e4c4b3) x9  0x00000012
core   0: 0x80009f0e (0xb691f613) andi    a2, gp, -1175
core   0: 3 0x80009f0e (0xb691f613) x12 0x00000049
core   0: 0x80009f12 (0x0000f16d) c.bnez  a0, pc - 30
core   0: 3 0x80009f12 (0xf16d)
core   0: 0x80009f14 (0xde803693) sltiu   a3, zero, -536
core   0: 3 0x80009f14 (0xde803693) x13 0x00000001
core   0: 0x80009f18 (0x00008eb5) c.xor   a3, a3
core   0: 3 0x80009f18 (0x8eb5) x13 0x00000000
core   0: 0x80009f1a (0x7ed90913) addi    s2, s2, 2029
core   0: 3 0x80009f1a (0x7ed90913) x18 0x00001fe1
core   0: 0x80009f1e (0x023b29b3) mulhsu  s3, s6, gp
core   0: 3 0x80009f1e (0x023b29b3) x19 0xffffffff
core   0: 0x80009f22 (0xfae79de3) bne     a5, a4, pc - 70
core   0: 3 0x80009f22 (0xfae79de3)
core   0: 0x80009f26 (0xb4eabd13) sltiu   s10, s5, -1202
core   0: 3 0x80009f26 (0xb4eabd13) x26 0x00000001
core   0: 0x80009f2a (0x000057dd) c.li    a5, -9
core   0: 3 0x80009f2a (0x57dd) x15 0xfffffff7
core   0: 0x80009f2c (0x00000001) c.nop
core   0: 3 0x80009f2c (0x0001)
core   0: 0x80009f2e (0x00008c55) c.or    s0, a3
core   0: 3 0x80009f2e (0x8c55) x8  0xffffffff
core   0: 0x80009f30 (0x00000001) c.nop
core   0: 3 0x80009f30 (0x0001)
core   0: 0x80009f32 (0x4f8f3f13) sltiu   t5, t5, 1272
core   0: 3 0x80009f32 (0x4f8f3f13) x30 0x00000000
core   0: 0x80009f36 (0x01a8db33) srl     s6, a7, s10
core   0: 3 0x80009f36 (0x01a8db33) x22 0x00000075
core   0: 0x80009f3a (0x0a4a7eb7) lui     t4, 0xa4a7
core   0: 3 0x80009f3a (0x0a4a7eb7) x29 0x0a4a7000
core   0: 0x80009f3e (0x00000785) c.addi  a5, 1
core   0: 3 0x80009f3e (0x0785) x15 0xfffffff8
core   0: 0x80009f40 (0x02d3e4b3) rem     s1, t2, a3
core   0: 3 0x80009f40 (0x02d3e4b3) x9  0x00000000
core   0: 0x80009f44 (0x0000187d) c.addi  a6, -1
core   0: 3 0x80009f44 (0x187d) x16 0x00000000
core   0: 0x80009f46 (0x0000099a) c.slli  s3, 6
core   0: 3 0x80009f46 (0x099a) x19 0xffffffc0
core   0: 0x80009f48 (0x00008ca9) c.xor   s1, a0
core   0: 3 0x80009f48 (0x8ca9) x9  0x00000000
core   0: 0x80009f4a (0x00008ec9) c.or    a3, a0
core   0: 3 0x80009f4a (0x8ec9) x13 0x00000000
core   0: 0x80009f4c (0x0000d7fd) c.beqz  a5, pc - 18
core   0: 3 0x80009f4c (0xd7fd)
core   0: 0x80009f4e (0x00008955) c.andi  a0, 21
core   0: 3 0x80009f4e (0x8955) x10 0x00000000
core   0: 0x80009f50 (0x01b21013) slli    zero, tp, 27
core   0: 3 0x80009f50 (0x01b21013)
core   0: 0x80009f54 (0x026e0663) beq     t3, t1, pc + 44
core   0: 3 0x80009f54 (0x026e0663)
core   0: 0x80009f58 (0x0000011e) c.slli  sp, 7
core   0: 3 0x80009f58 (0x011e) x2  0x28e00000
core   0: 0x80009f5a (0x4e8ef7b7) lui     a5, 0x4e8ef
core   0: 3 0x80009f5a (0x4e8ef7b7) x15 0x4e8ef000
core   0: 0x80009f5e (0x00008fe5) c.and   a5, s1
core   0: 3 0x80009f5e (0x8fe5) x15 0x00000000
core   0: 0x80009f60 (0x000f0fb3) add     t6, t5, zero
core   0: 3 0x80009f60 (0x000f0fb3) x31 0x00000000
core   0: 0x80009f64 (0x02a42c33) mulhsu  s8, s0, a0
core   0: 3 0x80009f64 (0x02a42c33) x24 0x00000000
core   0: 0x80009f68 (0x000003ba) c.slli  t2, 14
core   0: 3 0x80009f68 (0x03ba) x7  0x00000000
core   0: 0x80009f6a (0x41718933) sub     s2, gp, s7
core   0: 3 0x80009f6a (0x41718933) x18 0xd36f01e9
core   0: 0x80009f6e (0x03946d33) rem     s10, s0, s9
core   0: 3 0x80009f6e (0x03946d33) x26 0xffffffff
core   0: 0x80009f72 (0x0000e781) c.bnez  a5, pc + 8
core   0: 3 0x80009f72 (0xe781)
core   0: 0x80009f74 (0x0000952a) c.add   a0, a0
core   0: 3 0x80009f74 (0x952a) x10 0x00000000
core   0: 0x80009f76 (0x412bdd13) srai    s10, s7, 18
core   0: 3 0x80009f76 (0x412bdd13) x26 0x00000b24
core   0: 0x80009f7a (0x0033d4b3) srl     s1, t2, gp
core   0: 3 0x80009f7a (0x0033d4b3) x9  0x00000000
core   0: 0x80009f7e (0x00008d25) c.xor   a0, s1
core   0: 3 0x80009f7e (0x8d25) x10 0x00000000
core   0: 0x80009f80 (0x000098fd) c.andi  s1, -1
core   0: 3 0x80009f80 (0x98fd) x9  0x00000000
core   0: 0x80009f82 (0x00b7a193) slti    gp, a5, 11
core   0: 3 0x80009f82 (0x00b7a193) x3  0x00000001
core   0: 0x80009f86 (0x324a0f13) addi    t5, s4, 804
core   0: 3 0x80009f86 (0x324a0f13) x30 0x0000040f
core   0: 0x80009f8a (0x36e67a93) andi    s5, a2, 878
core   0: 3 0x80009f8a (0x36e67a93) x21 0x00000048
core   0: 0x80009f8e (0x0369fe33) remu    t3, s3, s6
core   0: 3 0x80009f8e (0x0369fe33) x28 0x0000004b
core   0: 0x80009f92 (0x035ac263) blt     s5, s5, pc + 36
core   0: 3 0x80009f92 (0x035ac263)
core   0: 0x80009f96 (0x0133c733) xor     a4, t2, s3
core   0: 3 0x80009f96 (0x0133c733) x14 0xffffffc0
core   0: 0x80009f9a (0x00000b9c) c.addi4spn a5, sp, 464
core   0: 3 0x80009f9a (0x0b9c) x15 0x28e001d0
core   0: 0x80009f9c (0x0238e4b3) rem     s1, a7, gp
core   0: 3 0x80009f9c (0x0238e4b3) x9  0x00000000
core   0: 0x80009fa0 (0x0b2eeb93) ori     s7, t4, 178
core   0: 3 0x80009fa0 (0x0b2eeb93) x23 0x0a4a70b2
core   0: 0x80009fa4 (0x00008c2d) c.xor   s0, a1
core   0: 3 0x80009fa4 (0x8c2d) x8  0x7ffd631b
core   0: 0x80009fa6 (0x0000962e) c.add   a2, a1
core   0: 3 0x80009fa6 (0x962e) x12 0x80029d2d
core   0: 0x80009fa8 (0x0000997d) c.andi  a0, -1
core   0: 3 0x80009fa8 (0x997d) x10 0x00000000
core   0: 0x80009faa (0x000084de) c.mv    s1, s7
core   0: 3 0x80009faa (0x84de) x9  0x0a4a70b2
core   0: 0x80009fac (0xa9823a93) sltiu   s5, tp, -1384
core   0: 3 0x80009fac (0xa9823a93) x21 0x00000000
core   0: 0x80009fb0 (0x0000717d) c.addi16sp sp, -16
core   0: 3 0x80009fb0 (0x717d) x2  0x28dffff0
core   0: 0x80009fb2 (0x00000001) c.nop
core   0: 3 0x80009fb2 (0x0001)
core   0: 0x80009fb4 (0x00000001) c.nop
core   0: 3 0x80009fb4 (0x0001)
core   0: 0x80009fb6 (0x563a6493) ori     s1, s4, 1379
core   0: 3 0x80009fb6 (0x563a6493) x9  0x000005eb
core   0: 0x80009fba (0x00008ff9) c.and   a5, a4
core   0: 3 0x80009fba (0x8ff9) x15 0x28e001c0
core   0: 0x80009fbc (0x94db2a13) slti    s4, s6, -1715
core   0: 3 0x80009fbc (0x94db2a13) x20 0x00000000
core   0: 0x80009fc0 (0x2915ad97) auipc   s11, 0x2915a
core   0: 3 0x80009fc0 (0x2915ad97) x27 0xa9163fc0
core   0: 0x80009fc4 (0x01b67b63) bgeu    a2, s11, pc + 22
core   0: 3 0x80009fc4 (0x01b67b63)
core   0: 0x80009fc8 (0xfd4bab17) auipc   s6, 0xfd4ba
core   0: 3 0x80009fc8 (0xfd4bab17) x22 0x7d4c3fc8
core   0: 0x80009fcc (0x0148f833) and     a6, a7, s4
core   0: 3 0x80009fcc (0x0148f833) x16 0x00000000
core   0: 0x80009fd0 (0x02df42b3) div     t0, t5, a3
core   0: 3 0x80009fd0 (0x02df42b3) x5  0xffffffff
core   0: 0x80009fd4 (0x00008105) c.srli  a0, 1
core   0: 3 0x80009fd4 (0x8105) x10 0x00000000
core   0: 0x80009fd6 (0x000082d6) c.mv    t0, s5
core   0: 3 0x80009fd6 (0x82d6) x5  0x00000000
core   0: 0x80009fd8 (0x00009e3e) c.add   t3, a5
core   0: 3 0x80009fd8 (0x9e3e) x28 0x28e0020b
core   0: 0x80009fda (0x00008d45) c.or    a0, s1
core   0: 3 0x80009fda (0x8d45) x10 0x000005eb
core   0: 0x80009fdc (0x4142d813) srai    a6, t0, 20
core   0: 3 0x80009fdc (0x4142d813) x16 0x00000000
core   0: 0x80009fe0 (0x02617263) bgeu    sp, t1, pc + 36
core   0: 3 0x80009fe0 (0x02617263)
core   0: 0x80009fe4 (0x00004665) c.li    a2, 25
core   0: 3 0x80009fe4 (0x4665) x12 0x00000019
core   0: 0x80009fe6 (0x006644b3) xor     s1, a2, t1
core   0: 3 0x80009fe6 (0x006644b3) x9  0x80025e39
core   0: 0x80009fea (0x8d434297) auipc   t0, 0x8d434
core   0: 3 0x80009fea (0x8d434297) x5  0x0d43dfea
core   0: 0x80009fee (0x0025da13) srli    s4, a1, 2
core   0: 3 0x80009fee (0x0025da13) x20 0x2000a739
core   0: 0x80009ff2 (0x0321ad33) mulhsu  s10, gp, s2
core   0: 3 0x80009ff2 (0x0321ad33) x26 0x00000000
core   0: 0x80009ff6 (0x01c69393) slli    t2, a3, 28
core   0: 3 0x80009ff6 (0x01c69393) x7  0x00000000
core   0: 0x80009ffa (0x000004b1) c.addi  s1, 12
core   0: 3 0x80009ffa (0x04b1) x9  0x80025e45
core   0: 0x80009ffc (0x059cd163) bge     s9, s9, pc + 66
core   0: 3 0x80009ffc (0x059cd163)
core   0: 0x8000a03e (0x00efa0b3) slt     ra, t6, a4
core   0: 3 0x8000a03e (0x00efa0b3) x1  0x00000000
core   0: 0x8000a042 (0x00008841) c.andi  s0, 16
core   0: 3 0x8000a042 (0x8841) x8  0x00000010
core   0: 0x8000a044 (0x419488b3) sub     a7, s1, s9
core   0: 3 0x8000a044 (0x419488b3) x17 0x80025e36
core   0: 0x8000a048 (0x0000610d) c.addi16sp sp, 160
core   0: 3 0x8000a048 (0x610d) x2  0x28e00090
core   0: 0x8000a04a (0x00004dc9) c.li    s11, 18
core   0: 3 0x8000a04a (0x4dc9) x27 0x00000012
core   0: 0x8000a04c (0x00001bfd) c.addi  s7, -1
core   0: 3 0x8000a04c (0x1bfd) x23 0x0a4a70b1
core   0: 0x8000a04e (0x130aa893) slti    a7, s5, 304
core   0: 3 0x8000a04e (0x130aa893) x17 0x00000001
core   0: 0x8000a052 (0x00001dfd) c.addi  s11, -1
core   0: 3 0x8000a052 (0x1dfd) x27 0x00000011
core   0: 0x8000a054 (0x01c95263) bge     s2, t3, pc + 4
core   0: 3 0x8000a054 (0x01c95263)
core   0: 0x8000a058 (0x00aa5493) srli    s1, s4, 10
core   0: 3 0x8000a058 (0x00aa5493) x9  0x00080029
core   0: 0x8000a05c (0x00008e7d) c.and   a2, a5
core   0: 3 0x8000a05c (0x8e7d) x12 0x00000000
core   0: 0x8000a05e (0x025eb533) mulhu   a0, t4, t0
core   0: 3 0x8000a05e (0x025eb533) x10 0x0088822b
core   0: 0x8000a062 (0x000086e9) c.srai  a3, 26
core   0: 3 0x8000a062 (0x86e9) x13 0x00000000
core   0: 0x8000a064 (0x00005afd) c.li    s5, -1
core   0: 3 0x8000a064 (0x5afd) x21 0xffffffff
core   0: 0x8000a066 (0x017a9393) slli    t2, s5, 23
core   0: 3 0x8000a066 (0x017a9393) x7  0xff800000
core   0: 0x8000a06a (0x03980263) beq     a6, s9, pc + 36
core   0: 3 0x8000a06a (0x03980263)
core   0: 0x8000a06e (0x00000001) c.nop
core   0: 3 0x8000a06e (0x0001)
core   0: 0x8000a070 (0x0183bbb3) sltu    s7, t2, s8
core   0: 3 0x8000a070 (0x0183bbb3) x23 0x00000000
core   0: 0x8000a074 (0x000090c2) c.add   ra, a6
core   0: 3 0x8000a074 (0x90c2) x1  0x00000000
core   0: 0x8000a076 (0x00008d35) c.xor   a0, a3
core   0: 3 0x8000a076 (0x8d35) x10 0x0088822b
core   0: 0x8000a078 (0x01d16d17) auipc   s10, 0x1d16
core   0: 3 0x8000a078 (0x01d16d17) x26 0x81d20078
core   0: 0x8000a07c (0x00000bed) c.addi  s7, 27
core   0: 3 0x8000a07c (0x0bed) x23 0x0000001b
core   0: 0x8000a07e (0x00008e0d) c.sub   a2, a1
core   0: 3 0x8000a07e (0x8e0d) x12 0x7ffd631c
core   0: 0x8000a080 (0x02dc6ab3) rem     s5, s8, a3
core   0: 3 0x8000a080 (0x02dc6ab3) x21 0x00000000
core   0: 0x8000a084 (0x025443b3) div     t2, s0, t0
core   0: 3 0x8000a084 (0x025443b3) x7  0x00000000
core   0: 0x8000a088 (0x0076f533) and     a0, a3, t2
core   0: 3 0x8000a088 (0x0076f533) x10 0x00000000
core   0: 0x8000a08c (0x000097b6) c.add   a5, a3
core   0: 3 0x8000a08c (0x97b6) x15 0x28e001c0
core   0: 0x8000a08e (0x03f96c33) rem     s8, s2, t6
core   0: 3 0x8000a08e (0x03f96c33) x24 0xd36f01e9
core   0: 0x8000a092 (0x0000717d) c.addi16sp sp, -16
core   0: 3 0x8000a092 (0x717d) x2  0x28e00080
core   0: 0x8000a094 (0x00008fe9) c.and   a5, a0
core   0: 3 0x8000a094 (0x8fe9) x15 0x00000000
core   0: 0x8000a096 (0x00e30833) add     a6, t1, a4
core   0: 3 0x8000a096 (0x00e30833) x16 0x80025de0
core   0: 0x8000a09a (0x00008f05) c.sub   a4, s1
core   0: 3 0x8000a09a (0x8f05) x14 0xfff7ff97
core   0: 0x8000a09c (0x000061bd) c.lui   gp, 0xf
core   0: 3 0x8000a09c (0x61bd) x3  0x0000f000
core   0: 0x8000a09e (0x0000cb95) c.beqz  a5, pc + 52
core   0: 3 0x8000a09e (0xcb95)
core   0: 0x8000a0d2 (0x00000001) c.nop
core   0: 3 0x8000a0d2 (0x0001)
core   0: 0x8000a0d4 (0x004c7c33) and     s8, s8, tp
core   0: 3 0x8000a0d4 (0x004c7c33) x24 0xd36f01e9
core   0: 0x8000a0d8 (0x01e5ffb3) and     t6, a1, t5
core   0: 3 0x8000a0d8 (0x01e5ffb3) x31 0x00000404
core   0: 0x8000a0dc (0x000017fd) c.addi  a5, -1
core   0: 3 0x8000a0dc (0x17fd) x15 0xffffffff
core   0: 0x8000a0de (0x61df8893) addi    a7, t6, 1565
core   0: 3 0x8000a0de (0x61df8893) x17 0x00000a21
core   0: 0x8000a0e2 (0x02fbabb3) mulhsu  s7, s7, a5
core   0: 3 0x8000a0e2 (0x02fbabb3) x23 0x0000001a
core   0: 0x8000a0e6 (0x0000717d) c.addi16sp sp, -16
core   0: 3 0x8000a0e6 (0x717d) x2  0x28e00070
core   0: 0x8000a0e8 (0x00dcea33) or      s4, s9, a3
core   0: 3 0x8000a0e8 (0x00dcea33) x20 0x0000000f
core   0: 0x8000a0ec (0x326c8137) lui     sp, 0x326c8
core   0: 3 0x8000a0ec (0x326c8137) x2  0x326c8000
core   0: 0x8000a0f0 (0x4086de93) srai    t4, a3, 8
core   0: 3 0x8000a0f0 (0x4086de93) x29 0x00000000
core   0: 0x8000a0f4 (0x00008792) c.mv    a5, tp
core   0: 3 0x8000a0f4 (0x8792) x15 0xffffffe9
core   0: 0x8000a0f6 (0x0339a2b3) mulhsu  t0, s3, s3
core   0: 3 0x8000a0f6 (0x0339a2b3) x5  0xffffffc0
core   0: 0x8000a0fa (0x013fd413) srli    s0, t6, 19
core   0: 3 0x8000a0fa (0x013fd413) x8  0x00000000
core   0: 0x8000a0fe (0x00008c91) c.sub   s1, a2
core   0: 3 0x8000a0fe (0x8c91) x9  0x800a9d0d
core   0: 0x8000a100 (0x00000001) c.nop
core   0: 3 0x8000a100 (0x0001)
core   0: 0x8000a102 (0x00000001) c.nop
core   0: 3 0x8000a102 (0x0001)
core   0: 0x8000a104 (0x00000001) c.nop
core   0: 3 0x8000a104 (0x0001)
core   0: 0x8000a106 (0x03def033) remu    zero, t4, t4
core   0: 3 0x8000a106 (0x03def033)
core   0: 0x8000a10a (0x03de67b3) rem     a5, t3, t4
core   0: 3 0x8000a10a (0x03de67b3) x15 0x28e0020b
core   0: 0x8000a10e (0x04da8163) beq     s5, a3, pc + 66
core   0: 3 0x8000a10e (0x04da8163)
core   0: 0x8000a150 (0x00008c0d) c.sub   s0, a1
core   0: 3 0x8000a150 (0x8c0d) x8  0x7ffd631c
core   0: 0x8000a152 (0x03016e63) bltu    sp, a6, pc + 60
core   0: 3 0x8000a152 (0x03016e63)
core   0: 0x8000a18e (0x00008779) c.srai  a4, 30
core   0: 3 0x8000a18e (0x8779) x14 0xffffffff
core   0: 0x8000a190 (0x013e59b3) srl     s3, t3, s3
core   0: 3 0x8000a190 (0x013e59b3) x19 0x28e0020b
core   0: 0x8000a194 (0x00deda13) srli    s4, t4, 13
core   0: 3 0x8000a194 (0x00deda13) x20 0x00000000
core   0: 0x8000a198 (0x027ac463) blt     s5, t2, pc + 40
core   0: 3 0x8000a198 (0x027ac463)
core   0: 0x8000a19c (0x0d2de917) auipc   s2, 0xd2de
core   0: 3 0x8000a19c (0x0d2de917) x18 0x8d2e819c
core   0: 0x8000a1a0 (0x034fd4b3) divu    s1, t6, s4
core   0: 3 0x8000a1a0 (0x034fd4b3) x9  0xffffffff
core   0: 0x8000a1a4 (0x67266b93) ori     s7, a2, 1650
core   0: 3 0x8000a1a4 (0x67266b93) x23 0x7ffd677e
core   0: 0x8000a1a8 (0x00000001) c.nop
core   0: 3 0x8000a1a8 (0x0001)
core   0: 0x8000a1aa (0x01f3f8b3) and     a7, t2, t6
core   0: 3 0x8000a1aa (0x01f3f8b3) x17 0x00000000
core   0: 0x8000a1ae (0xf8ece113) ori     sp, s9, -114
core   0: 3 0x8000a1ae (0xf8ece113) x2  0xffffff8f
core   0: 0x8000a1b2 (0x40095f33) sra     t5, s2, zero
core   0: 3 0x8000a1b2 (0x40095f33) x30 0x8d2e819c
core   0: 0x8000a1b6 (0x000098f6) c.add   a7, t4
core   0: 3 0x8000a1b6 (0x98f6) x17 0x00000000
core   0: 0x8000a1b8 (0x0000e781) c.bnez  a5, pc + 8
core   0: 3 0x8000a1b8 (0xe781)
core   0: 0x8000a1c0 (0x0000ec0d) c.bnez  s0, pc + 58
core   0: 3 0x8000a1c0 (0xec0d)
core   0: 0x8000a1fa (0x035fb933) mulhu   s2, t6, s5
core   0: 3 0x8000a1fa (0x035fb933) x18 0x00000000
core   0: 0x8000a1fe (0x009468b3) or      a7, s0, s1
core   0: 3 0x8000a1fe (0x009468b3) x17 0xffffffff
core   0: 0x8000a202 (0x01449d13) slli    s10, s1, 20
core   0: 3 0x8000a202 (0x01449d13) x26 0xfff00000
core   0: 0x8000a206 (0x025cb9b3) mulhu   s3, s9, t0
core   0: 3 0x8000a206 (0x025cb9b3) x19 0x0000000e
core   0: 0x8000a20a (0xdb5a0193) addi    gp, s4, -587
core   0: 3 0x8000a20a (0xdb5a0193) x3  0xfffffdb5
core   0: 0x8000a20e (0x00ce8933) add     s2, t4, a2
core   0: 3 0x8000a20e (0x00ce8933) x18 0x7ffd631c
core   0: 0x8000a212 (0x00008fe1) c.and   a5, s0
core   0: 3 0x8000a212 (0x8fe1) x15 0x28e00208
core   0: 0x8000a214 (0x01335113) srli    sp, t1, 19
core   0: 3 0x8000a214 (0x01335113) x2  0x00001000
core   0: 0x8000a218 (0x00000001) c.nop
core   0: 3 0x8000a218 (0x0001)
core   0: 0x8000a21a (0x0183aa33) slt     s4, t2, s8
core   0: 3 0x8000a21a (0x0183aa33) x20 0x00000000
core   0: 0x8000a21e (0x00000001) c.nop
core   0: 3 0x8000a21e (0x0001)
core   0: 0x8000a220 (0x03600ab3) mul     s5, zero, s6
core   0: 3 0x8000a220 (0x03600ab3) x21 0x00000000
core   0: 0x8000a224 (0x004931b3) sltu    gp, s2, tp
core   0: 3 0x8000a224 (0x004931b3) x3  0x00000001
core   0: 0x8000a228 (0x00000001) c.nop
core   0: 3 0x8000a228 (0x0001)
core   0: 0x8000a22a (0x02bb4f33) div     t5, s6, a1
core   0: 3 0x8000a22a (0x02bb4f33) x30 0x00000000
core   0: 0x8000a22e (0x02c37433) remu    s0, t1, a2
core   0: 3 0x8000a22e (0x02c37433) x8  0x0004fb04
core   0: 0x8000a232 (0x00000aaa) c.slli  s5, 10
core   0: 3 0x8000a232 (0x0aaa) x21 0x00000000
core   0: 0x8000a234 (0x0207d063) bgez    a5, pc + 32
core   0: 3 0x8000a234 (0x0207d063)
core   0: 0x8000a254 (0x024da733) mulhsu  a4, s11, tp
core   0: 3 0x8000a254 (0x024da733) x14 0x00000010
core   0: 0x8000a258 (0x019c9d93) slli    s11, s9, 25
core   0: 3 0x8000a258 (0x019c9d93) x27 0x1e000000
core   0: 0x8000a25c (0x40fc5993) srai    s3, s8, 15
core   0: 3 0x8000a25c (0x40fc5993) x19 0xffffa6de
core   0: 0x8000a260 (0x000087d9) c.srai  a5, 22
core   0: 3 0x8000a260 (0x87d9) x15 0x000000a3
core   0: 0x8000a262 (0xea1df693) andi    a3, s11, -351
core   0: 3 0x8000a262 (0xea1df693) x13 0x1e000000
core   0: 0x8000a266 (0x018ad433) srl     s0, s5, s8
core   0: 3 0x8000a266 (0x018ad433) x8  0x00000000
core   0: 0x8000a26a (0x18098713) addi    a4, s3, 384
core   0: 3 0x8000a26a (0x18098713) x14 0xffffa85e
core   0: 0x8000a26e (0x03b7aeb3) mulhsu  t4, a5, s11
core   0: 3 0x8000a26e (0x03b7aeb3) x29 0x00000013
core   0: 0x8000a272 (0x00004b4d) c.li    s6, 19
core   0: 3 0x8000a272 (0x4b4d) x22 0x00000013
core   0: 0x8000a274 (0x00008485) c.srai  s1, 1
core   0: 3 0x8000a274 (0x8485) x9  0xffffffff
core   0: 0x8000a276 (0x02e1d863) bge     gp, a4, pc + 48
core   0: 3 0x8000a276 (0x02e1d863)
core   0: 0x8000a2a6 (0x0077cb33) xor     s6, a5, t2
core   0: 3 0x8000a2a6 (0x0077cb33) x22 0x000000a3
core   0: 0x8000a2aa (0x00fd1293) slli    t0, s10, 15
core   0: 3 0x8000a2aa (0x00fd1293) x5  0x00000000
core   0: 0x8000a2ae (0x00de6533) or      a0, t3, a3
core   0: 3 0x8000a2ae (0x00de6533) x10 0x3ee0020b
core   0: 0x8000a2b2 (0x0000717d) c.addi16sp sp, -16
core   0: 3 0x8000a2b2 (0x717d) x2  0x00000ff0
core   0: 0x8000a2b4 (0x00008079) c.srli  s0, 30
core   0: 3 0x8000a2b4 (0x8079) x8  0x00000000
core   0: 0x8000a2b6 (0x8138fa13) andi    s4, a7, -2029
core   0: 3 0x8000a2b6 (0x8138fa13) x20 0xfffff813
core   0: 0x8000a2ba (0x02ce3b33) mulhu   s6, t3, a2
core   0: 3 0x8000a2ba (0x02ce3b33) x22 0x146f9638
core   0: 0x8000a2be (0x01f943b3) xor     t2, s2, t6
core   0: 3 0x8000a2be (0x01f943b3) x7  0x7ffd6718
core   0: 0x8000a2c2 (0x0000853a) c.mv    a0, a4
core   0: 3 0x8000a2c2 (0x853a) x10 0xffffa85e
core   0: 0x8000a2c4 (0x00841e13) slli    t3, s0, 8
core   0: 3 0x8000a2c4 (0x00841e13) x28 0x00000000
core   0: 0x8000a2c8 (0x01a563b3) or      t2, a0, s10
core   0: 3 0x8000a2c8 (0x01a563b3) x7  0xffffa85e
core   0: 0x8000a2cc (0x03337733) remu    a4, t1, s3
core   0: 3 0x8000a2cc (0x03337733) x14 0x80025e20
core   0: 0x8000a2d0 (0x0263dbb3) divu    s7, t2, t1
core   0: 3 0x8000a2d0 (0x0263dbb3) x23 0x00000001
core   0: 0x8000a2d4 (0x00008e75) c.and   a2, a3
core   0: 3 0x8000a2d4 (0x8e75) x12 0x1e000000
core   0: 0x8000a2d6 (0x02b7fa33) remu    s4, a5, a1
core   0: 3 0x8000a2d6 (0x02b7fa33) x20 0x000000a3
core   0: 0x8000a2da (0x0092c933) xor     s2, t0, s1
core   0: 3 0x8000a2da (0x0092c933) x18 0xffffffff
core   0: 0x8000a2de (0x81d74793) xori    a5, a4, -2019
core   0: 3 0x8000a2de (0x81d74793) x15 0x7ffda63d
core   0: 0x8000a2e2 (0x00008cb1) c.xor   s1, a2
core   0: 3 0x8000a2e2 (0x8cb1) x9  0xe1ffffff
core   0: 0x8000a2e4 (0x03f9a8b3) mulhsu  a7, s3, t6
core   0: 3 0x8000a2e4 (0x03f9a8b3) x17 0xffffffff
core   0: 0x8000a2e8 (0xc1876193) ori     gp, a4, -1000
core   0: 3 0x8000a2e8 (0xc1876193) x3  0xfffffe38
core   0: 0x8000a2ec (0x00008d65) c.and   a0, s1
core   0: 3 0x8000a2ec (0x8d65) x10 0xe1ffa85e
core   0: 0x8000a2ee (0x02f3e833) rem     a6, t2, a5
core   0: 3 0x8000a2ee (0x02f3e833) x16 0xffffa85e
core   0: 0x8000a2f2 (0x03f30663) beq     t1, t6, pc + 44
core   0: 3 0x8000a2f2 (0x03f30663)
core   0: 0x8000a2f6 (0x02297233) remu    tp, s2, sp
core   0: 3 0x8000a2f6 (0x02297233) x4  0x000000ff
core   0: 0x8000a2fa (0x00008fb5) c.xor   a5, a3
core   0: 3 0x8000a2fa (0x8fb5) x15 0x61fda63d
core   0: 0x8000a2fc (0x75e88113) addi    sp, a7, 1886
core   0: 3 0x8000a2fc (0x75e88113) x2  0x0000075d
core   0: 0x8000a300 (0x01aff6b3) and     a3, t6, s10
core   0: 3 0x8000a300 (0x01aff6b3) x13 0x00000000
core   0: 0x8000a304 (0x412651b3) sra     gp, a2, s2
core   0: 3 0x8000a304 (0x412651b3) x3  0x00000000
core   0: 0x8000a308 (0x01b8aa33) slt     s4, a7, s11
core   0: 3 0x8000a308 (0x01b8aa33) x20 0x00000001
core   0: 0x8000a30c (0x0129bc33) sltu    s8, s3, s2
core   0: 3 0x8000a30c (0x0129bc33) x24 0x00000001
core   0: 0x8000a310 (0x00006109) c.addi16sp sp, 128
core   0: 3 0x8000a310 (0x6109) x2  0x000007dd
core   0: 0x8000a312 (0x40540a33) sub     s4, s0, t0
core   0: 3 0x8000a312 (0x40540a33) x20 0x00000000
core   0: 0x8000a316 (0x0000997d) c.andi  a0, -1
core   0: 3 0x8000a316 (0x997d) x10 0xe1ffa85e
core   0: 0x8000a318 (0x00000001) c.nop
core   0: 3 0x8000a318 (0x0001)
core   0: 0x8000a31a (0x00000001) c.nop
core   0: 3 0x8000a31a (0x0001)
core   0: 0x8000a31c (0x00008ef5) c.and   a3, a3
core   0: 3 0x8000a31c (0x8ef5) x13 0x00000000
core   0: 0x8000a31e (0x0105f863) bgeu    a1, a6, pc + 16
core   0: 3 0x8000a31e (0x0105f863)
core   0: 0x8000a322 (0x00008539) c.srai  a0, 14
core   0: 3 0x8000a322 (0x8539) x10 0xffff87fe
core   0: 0x8000a324 (0x00ae0633) add     a2, t3, a0
core   0: 3 0x8000a324 (0x00ae0633) x12 0xffff87fe
core   0: 0x8000a328 (0x0000839e) c.mv    t2, t2
core   0: 3 0x8000a328 (0x839e) x7  0xffffa85e
core   0: 0x8000a32a (0x0252c533) div     a0, t0, t0
core   0: 3 0x8000a32a (0x0252c533) x10 0xffffffff
core   0: 0x8000a32e (0x14080513) addi    a0, a6, 320
core   0: 3 0x8000a32e (0x14080513) x10 0xffffa99e
core   0: 0x8000a332 (0x0000997d) c.andi  a0, -1
core   0: 3 0x8000a332 (0x997d) x10 0xffffa99e
core   0: 0x8000a334 (0x00000001) c.nop
core   0: 3 0x8000a334 (0x0001)
core   0: 0x8000a336 (0x03861d33) mulh    s10, a2, s8
core   0: 3 0x8000a336 (0x03861d33) x26 0xffffffff
core   0: 0x8000a33a (0x0000987e) c.add   a6, t6
core   0: 3 0x8000a33a (0x987e) x16 0xffffac62
core   0: 0x8000a33c (0x022a1263) bne     s4, sp, pc + 36
core   0: 3 0x8000a33c (0x022a1263)
core   0: 0x8000a360 (0x01a59833) sll     a6, a1, s10
core   0: 3 0x8000a360 (0x01a59833) x16 0x00000000
core   0: 0x8000a364 (0x00617db3) and     s11, sp, t1
core   0: 3 0x8000a364 (0x00617db3) x27 0x00000600
core   0: 0x8000a368 (0x00000001) c.nop
core   0: 3 0x8000a368 (0x0001)
core   0: 0x8000a36a (0x63c76eb7) lui     t4, 0x63c76
core   0: 3 0x8000a36a (0x63c76eb7) x29 0x63c76000
core   0: 0x8000a36e (0x00e014b3) sll     s1, zero, a4
core   0: 3 0x8000a36e (0x00e014b3) x9  0x00000000
core   0: 0x8000a372 (0x0000e20d) c.bnez  a2, pc + 34
core   0: 3 0x8000a372 (0xe20d)
core   0: 0x8000a394 (0x00008efd) c.and   a3, a5
core   0: 3 0x8000a394 (0x8efd) x13 0x00000000
core   0: 0x8000a396 (0x01d914b3) sll     s1, s2, t4
core   0: 3 0x8000a396 (0x01d914b3) x9  0xffffffff
core   0: 0x8000a39a (0x012ebf33) sltu    t5, t4, s2
core   0: 3 0x8000a39a (0x012ebf33) x30 0x00000001
core   0: 0x8000a39e (0x052d9063) bne     s11, s2, pc + 64
core   0: 3 0x8000a39e (0x052d9063)
core   0: 0x8000a3de (0x00416763) bltu    sp, tp, pc + 14
core   0: 3 0x8000a3de (0x00416763)
core   0: 0x8000a3e2 (0x00009fa6) c.add   t6, s1
core   0: 3 0x8000a3e2 (0x9fa6) x31 0x00000403
core   0: 0x8000a3e4 (0x024c8db3) mul     s11, s9, tp
core   0: 3 0x8000a3e4 (0x024c8db3) x27 0x00000ef1
core   0: 0x8000a3e8 (0x022db433) mulhu   s0, s11, sp
core   0: 3 0x8000a3e8 (0x022db433) x8  0x00000000
core   0: 0x8000a3ec (0x03389fb3) mulh    t6, a7, s3
core   0: 3 0x8000a3ec (0x03389fb3) x31 0x00000000
core   0: 0x8000a3f0 (0x0000717d) c.addi16sp sp, -16
core   0: 3 0x8000a3f0 (0x717d) x2  0x000007cd
core   0: 0x8000a3f2 (0xf70da493) slti    s1, s11, -144
core   0: 3 0x8000a3f2 (0xf70da493) x9  0x00000000
core   0: 0x8000a3f6 (0x0365a7b3) mulhsu  a5, a1, s6
core   0: 3 0x8000a3f6 (0x0365a7b3) x15 0xf5c86a49
core   0: 0x8000a3fa (0x6f35e613) ori     a2, a1, 1779
core   0: 3 0x8000a3fa (0x6f35e613) x12 0x80029ef7
core   0: 0x8000a3fe (0x000f5093) srli    ra, t5, 0
core   0: 3 0x8000a3fe (0x000f5093) x1  0x00000001
core   0: 0x8000a402 (0x00008c9d) c.sub   s1, a5
core   0: 3 0x8000a402 (0x8c9d) x9  0x0a3795b7
core   0: 0x8000a404 (0x00009422) c.add   s0, s0
core   0: 3 0x8000a404 (0x9422) x8  0x00000000
core   0: 0x8000a406 (0x415b0eb3) sub     t4, s6, s5
core   0: 3 0x8000a406 (0x415b0eb3) x29 0x146f9638
core   0: 0x8000a40a (0x9ce14393) xori    t2, sp, -1586
core   0: 3 0x8000a40a (0x9ce14393) x7  0xfffffe03
core   0: 0x8000a40e (0xb5a7ca13) xori    s4, a5, -1190
core   0: 3 0x8000a40e (0xb5a7ca13) x20 0x0a379113
core   0: 0x8000a412 (0x0dd07263) bgeu    zero, t4, pc + 196
core   0: 3 0x8000a412 (0x0dd07263)
core   0: 0x8000a416 (0x004b54b3) srl     s1, s6, tp
core   0: 3 0x8000a416 (0x004b54b3) x9  0x00000000
core   0: 0x8000a41a (0x004cbd33) sltu    s10, s9, tp
core   0: 3 0x8000a41a (0x004cbd33) x26 0x00000001
core   0: 0x8000a41e (0x01f87533) and     a0, a6, t6
core   0: 3 0x8000a41e (0x01f87533) x10 0x00000000
core   0: 0x8000a422 (0x0000812a) c.mv    sp, a0
core   0: 3 0x8000a422 (0x812a) x2  0x00000000
core   0: 0x8000a424 (0x02dcb633) mulhu   a2, s9, a3
core   0: 3 0x8000a424 (0x02dcb633) x12 0x00000000
core   0: 0x8000a428 (0x21592713) slti    a4, s2, 533
core   0: 3 0x8000a428 (0x21592713) x14 0x00000001
core   0: 0x8000a42c (0x03538b33) mul     s6, t2, s5
core   0: 3 0x8000a42c (0x03538b33) x22 0x00000000
core   0: 0x8000a430 (0x00008fa9) c.xor   a5, a0
core   0: 3 0x8000a430 (0x8fa9) x15 0xf5c86a49
core   0: 0x8000a432 (0xc39df8b7) lui     a7, 0xc39df
core   0: 3 0x8000a432 (0xc39df8b7) x17 0xc39df000
core   0: 0x8000a436 (0x00f39663) bne     t2, a5, pc + 12
core   0: 3 0x8000a436 (0x00f39663)
core   0: 0x8000a442 (0x4027da93) srai    s5, a5, 2
core   0: 3 0x8000a442 (0x4027da93) x21 0xfd721a92
core   0: 0x8000a446 (0x0000f897) auipc   a7, 0xf
core   0: 3 0x8000a446 (0x0000f897) x17 0x80019446
core   0: 0x8000a44a (0xc3988893) addi    a7, a7, -967
core   0: 3 0x8000a44a (0xc3988893) x17 0x8001907f
core   0: 0x8000a44e (0x0068ca83) lbu     s5, 6(a7)
core   0: 3 0x8000a44e (0x0068ca83) x21 0x00000000 mem 0x80019085
core   0: 0x8000a452 (0x036aa833) mulhsu  a6, s5, s6
core   0: 3 0x8000a452 (0x036aa833) x16 0x00000000
core   0: 0x8000a456 (0xff38cb03) lbu     s6, -13(a7)
core   0: 3 0x8000a456 (0xff38cb03) x22 0x00000029 mem 0x80019072
core   0: 0x8000a45a (0x00e8a2a3) sw      a4, 5(a7)
core   0: 3 0x8000a45a (0x00e8a2a3) mem 0x80019084 0x00000001
core   0: 0x8000a45e (0x036767b3) rem     a5, a4, s6
core   0: 3 0x8000a45e (0x036767b3) x15 0x00000001
core   0: 0x8000a462 (0xbf087793) andi    a5, a6, -1040
core   0: 3 0x8000a462 (0xbf087793) x15 0x00000000
core   0: 0x8000a466 (0x00f89803) lh      a6, 15(a7)
core   0: 3 0x8000a466 (0x00f89803) x16 0x0000442d mem 0x8001908e
core   0: 0x8000a46a (0x00008fb9) c.xor   a5, a4
core   0: 3 0x8000a46a (0x8fb9) x15 0x00000001
core   0: 0x8000a46c (0xff78c603) lbu     a2, -9(a7)
core   0: 3 0x8000a46c (0xff78c603) x12 0x0000002d mem 0x80019076
core   0: 0x8000a470 (0x00688b03) lb      s6, 6(a7)
core   0: 3 0x8000a470 (0x00688b03) x22 0x00000000 mem 0x80019085
core   0: 0x8000a474 (0x015892a3) sh      s5, 5(a7)
core   0: 3 0x8000a474 (0x015892a3) mem 0x80019084 0x0000
core   0: 0x8000a478 (0x29776817) auipc   a6, 0x29776
core   0: 3 0x8000a478 (0x29776817) x16 0xa9780478
core   0: 0x8000a47c (0x02eb17b3) mulh    a5, s6, a4
core   0: 3 0x8000a47c (0x02eb17b3) x15 0x00000000
core   0: 0x8000a480 (0xcbf64a93) xori    s5, a2, -833
core   0: 3 0x8000a480 (0xcbf64a93) x21 0xfffffc92
core   0: 0x8000a484 (0x0088c803) lbu     a6, 8(a7)
core   0: 3 0x8000a484 (0x0088c803) x16 0x00000000 mem 0x80019087
core   0: 0x8000a488 (0x01088803) lb      a6, 16(a7)
core   0: 3 0x8000a488 (0x01088803) x16 0x00000044 mem 0x8001908f
core   0: 0x8000a48c (0x01a61a93) slli    s5, a2, 26
core   0: 3 0x8000a48c (0x01a61a93) x21 0xb4000000
core   0: 0x8000a490 (0x00c887a3) sb      a2, 15(a7)
core   0: 3 0x8000a490 (0x00c887a3) mem 0x8001908e 0x2d
core   0: 0x8000a494 (0x00f88603) lb      a2, 15(a7)
core   0: 3 0x8000a494 (0x00f88603) x12 0x0000002d mem 0x8001908e
core   0: 0x8000a498 (0x0107d7b3) srl     a5, a5, a6
core   0: 3 0x8000a498 (0x0107d7b3) x15 0x00000000
core   0: 0x8000a49c (0x0367e633) rem     a2, a5, s6
core   0: 3 0x8000a49c (0x0367e633) x12 0x00000000
core   0: 0x8000a4a0 (0xffd8c803) lbu     a6, -3(a7)
core   0: 3 0x8000a4a0 (0xffd8c803) x16 0x00000037 mem 0x8001907c
core   0: 0x8000a4a4 (0x40665a93) srai    s5, a2, 6
core   0: 3 0x8000a4a4 (0x40665a93) x21 0x00000000
core   0: 0x8000a4a8 (0xff789783) lh      a5, -9(a7)
core   0: 3 0x8000a4a8 (0xff789783) x15 0x00002c2d mem 0x80019076
core   0: 0x8000a4ac (0x2f87ab13) slti    s6, a5, 760
core   0: 3 0x8000a4ac (0x2f87ab13) x22 0x00000000
core   0: 0x8000a4b0 (0x00f88623) sb      a5, 12(a7)
core   0: 3 0x8000a4b0 (0x00f88623) mem 0x8001908b 0x2d
core   0: 0x8000a4b4 (0x01582b33) slt     s6, a6, s5
core   0: 3 0x8000a4b4 (0x01582b33) x22 0x00000000
core   0: 0x8000a4b8 (0x5a7e3b17) auipc   s6, 0x5a7e3
core   0: 3 0x8000a4b8 (0x5a7e3b17) x22 0xda7ed4b8
core   0: 0x8000a4bc (0x00789a83) lh      s5, 7(a7)
core   0: 3 0x8000a4bc (0x00789a83) x21 0x00000000 mem 0x80019086
core   0: 0x8000a4c0 (0x00fc92b3) sll     t0, s9, a5
core   0: 3 0x8000a4c0 (0x00fc92b3) x5  0x0001e000
core   0: 0x8000a4c4 (0x024f54b3) divu    s1, t5, tp
core   0: 3 0x8000a4c4 (0x024f54b3) x9  0x00000000
core   0: 0x8000a4c8 (0x0000811d) c.srli  a0, 7
core   0: 3 0x8000a4c8 (0x811d) x10 0x00000000
core   0: 0x8000a4ca (0xed338a93) addi    s5, t2, -301
core   0: 3 0x8000a4ca (0xed338a93) x21 0xfffffcd6
core   0: 0x8000a4ce (0x40af0933) sub     s2, t5, a0
core   0: 3 0x8000a4ce (0x40af0933) x18 0x00000001
core   0: 0x8000a4d2 (0x00449d13) slli    s10, s1, 4
core   0: 3 0x8000a4d2 (0x00449d13) x26 0x00000000
core   0: 0x8000a4d6 (0x0000ec0d) c.bnez  s0, pc + 58
core   0: 3 0x8000a4d6 (0xec0d)
core   0: 0x8000a4d8 (0x03d05563) bge     zero, t4, pc + 42
core   0: 3 0x8000a4d8 (0x03d05563)
core   0: 0x8000a4dc (0x032c4663) blt     s8, s2, pc + 44
core   0: 3 0x8000a4dc (0x032c4663)
core   0: 0x8000a4e0 (0x001d4b33) xor     s6, s10, ra
core   0: 3 0x8000a4e0 (0x001d4b33) x22 0x00000001
core   0: 0x8000a4e4 (0x00e9b433) sltu    s0, s3, a4
core   0: 3 0x8000a4e4 (0x00e9b433) x8  0x00000000
core   0: 0x8000a4e8 (0x194d7137) lui     sp, 0x194d7
core   0: 3 0x8000a4e8 (0x194d7137) x2  0x194d7000
core   0: 0x8000a4ec (0x00000725) c.addi  a4, 9
core   0: 3 0x8000a4ec (0x0725) x14 0x0000000a
core   0: 0x8000a4ee (0xfb76b393) sltiu   t2, a3, -73
core   0: 3 0x8000a4ee (0xfb76b393) x7  0x00000001
core   0: 0x8000a4f2 (0x023bebb3) rem     s7, s7, gp
core   0: 3 0x8000a4f2 (0x023bebb3) x23 0x00000001
core   0: 0x8000a4f6 (0x00b69033) sll     zero, a3, a1
core   0: 3 0x8000a4f6 (0x00b69033)
core   0: 0x8000a4fa (0x0000e681) c.bnez  a3, pc + 8
core   0: 3 0x8000a4fa (0xe681)
core   0: 0x8000a4fc (0x00008471) c.srai  s0, 28
core   0: 3 0x8000a4fc (0x8471) x8  0x00000000
core   0: 0x8000a4fe (0x416954b3) sra     s1, s2, s6
core   0: 3 0x8000a4fe (0x416954b3) x9  0x00000000
core   0: 0x8000a502 (0x0000e31d) c.bnez  a4, pc + 38
core   0: 3 0x8000a502 (0xe31d)
core   0: 0x8000a528 (0x01088033) add     zero, a7, a6
core   0: 3 0x8000a528 (0x01088033)
core   0: 0x8000a52c (0x00008d01) c.sub   a0, s0
core   0: 3 0x8000a52c (0x8d01) x10 0x00000000
core   0: 0x8000a52e (0x018824b3) slt     s1, a6, s8
core   0: 3 0x8000a52e (0x018824b3) x9  0x00000000
core   0: 0x8000a532 (0x00001794) c.addi4spn a3, sp, 992
core   0: 3 0x8000a532 (0x1794) x13 0x194d73e0
core   0: 0x8000a534 (0x02d8b9b3) mulhu   s3, a7, a3
core   0: 3 0x8000a534 (0x02d8b9b3) x19 0x0ca6e185
core   0: 0x8000a538 (0x0000cc19) c.beqz  s0, pc + 30
core   0: 3 0x8000a538 (0xcc19)
core   0: 0x8000a556 (0x02ed1eb3) mulh    t4, s10, a4
core   0: 3 0x8000a556 (0x02ed1eb3) x29 0x00000000
core   0: 0x8000a55a (0x03ced033) divu    zero, t4, t3
core   0: 3 0x8000a55a (0x03ced033)
core   0: 0x8000a55e (0x03b52233) mulhsu  tp, a0, s11
core   0: 3 0x8000a55e (0x03b52233) x4  0x00000000
core   0: 0x8000a562 (0x006f7f33) and     t5, t5, t1
core   0: 3 0x8000a562 (0x006f7f33) x30 0x00000000
core   0: 0x8000a566 (0xf227bdb7) lui     s11, 0xf227b
core   0: 3 0x8000a566 (0xf227bdb7) x27 0xf227b000
core   0: 0x8000a56a (0x9bb14d93) xori    s11, sp, -1605
core   0: 3 0x8000a56a (0x9bb14d93) x27 0xe6b289bb
core   0: 0x8000a56e (0x033a3e33) mulhu   t3, s4, s3
core   0: 3 0x8000a56e (0x033a3e33) x28 0x008143d5
core   0: 0x8000a572 (0x01809563) bne     ra, s8, pc + 10
core   0: 3 0x8000a572 (0x01809563)
core   0: 0x8000a576 (0x00f31033) sll     zero, t1, a5
core   0: 3 0x8000a576 (0x00f31033)
core   0: 0x8000a57a (0x0000639d) c.lui   t2, 0x7
core   0: 3 0x8000a57a (0x639d) x7  0x00007000
core   0: 0x8000a57c (0x6b2acc13) xori    s8, s5, 1714
core   0: 3 0x8000a57c (0x6b2acc13) x24 0xfffffa64
core   0: 0x8000a580 (0x0000809d) c.srli  s1, 7
core   0: 3 0x8000a580 (0x809d) x9  0x00000000
core   0: 0x8000a582 (0x0000ef9d) c.bnez  a5, pc + 62
core   0: 3 0x8000a582 (0xef9d)
core   0: 0x8000a5c0 (0x05a3c463) blt     t2, s10, pc + 72
core   0: 3 0x8000a5c0 (0x05a3c463)
core   0: 0x8000a5c4 (0x021ec1b3) div     gp, t4, ra
core   0: 3 0x8000a5c4 (0x021ec1b3) x3  0x00000000
core   0: 0x8000a5c8 (0xcb06fb13) andi    s6, a3, -848
core   0: 3 0x8000a5c8 (0xcb06fb13) x22 0x194d70a0
core   0: 0x8000a5cc (0x007c5a13) srli    s4, s8, 7
core   0: 3 0x8000a5cc (0x007c5a13) x20 0x01fffff4
core   0: 0x8000a5d0 (0x026e8863) beq     t4, t1, pc + 48
core   0: 3 0x8000a5d0 (0x026e8863)
core   0: 0x8000a5d4 (0x03611a63) bne     sp, s6, pc + 52
core   0: 3 0x8000a5d4 (0x03611a63)
core   0: 0x8000a608 (0x0000090d) c.addi  s2, 3
core   0: 3 0x8000a608 (0x090d) x18 0x00000004
core   0: 0x8000a60a (0x0000845d) c.srai  s0, 23
core   0: 3 0x8000a60a (0x845d) x8  0x00000000
core   0: 0x8000a60c (0x01dbed63) bltu    s7, t4, pc + 26
core   0: 3 0x8000a60c (0x01dbed63)
core   0: 0x8000a610 (0x9fdc2e93) slti    t4, s8, -1539
core   0: 3 0x8000a610 (0x9fdc2e93) x29 0x00000000
core   0: 0x8000a614 (0x41ed5913) srai    s2, s10, 30
core   0: 3 0x8000a614 (0x41ed5913) x18 0x00000000
core   0: 0x8000a618 (0x00008e41) c.or    a2, s0
core   0: 3 0x8000a618 (0x8e41) x12 0x00000000
core   0: 0x8000a61a (0x00b69d13) slli    s10, a3, 11
core   0: 3 0x8000a61a (0x00b69d13) x26 0x6b9f0000
core   0: 0x8000a61e (0x34610417) auipc   s0, 0x34610
core   0: 3 0x8000a61e (0x34610417) x8  0xb461a61e
core   0: 0x8000a622 (0x01c91693) slli    a3, s2, 28
core   0: 3 0x8000a622 (0x01c91693) x13 0x00000000
core   0: 0x8000a626 (0x05444363) blt     s0, s4, pc + 70
core   0: 3 0x8000a626 (0x05444363)
core   0: 0x8000a66c (0x00fc97b3) sll     a5, s9, a5
core   0: 3 0x8000a66c (0x00fc97b3) x15 0x0001e000
core   0: 0x8000a670 (0x01089993) slli    s3, a7, 16
core   0: 3 0x8000a670 (0x01089993) x19 0x907f0000
core   0: 0x8000a674 (0x412fdf93) srai    t6, t6, 18
core   0: 3 0x8000a674 (0x412fdf93) x31 0x00000000
core   0: 0x8000a678 (0x01a84933) xor     s2, a6, s10
core   0: 3 0x8000a678 (0x01a84933) x18 0x6b9f0037
core   0: 0x8000a67c (0x02061fb3) mulh    t6, a2, zero
core   0: 3 0x8000a67c (0x02061fb3) x31 0x00000000
core   0: 0x8000a680 (0x00479a13) slli    s4, a5, 4
core   0: 3 0x8000a680 (0x00479a13) x20 0x001e0000
core   0: 0x8000a684 (0x046c0a93) addi    s5, s8, 70
core   0: 3 0x8000a684 (0x046c0a93) x21 0xfffffaaa
core   0: 0x8000a688 (0x02acdbb3) divu    s7, s9, a0
core   0: 3 0x8000a688 (0x02acdbb3) x23 0xffffffff
core   0: 0x8000a68c (0x00000001) c.nop
core   0: 3 0x8000a68c (0x0001)
core   0: 0x8000a68e (0x023ce933) rem     s2, s9, gp
core   0: 3 0x8000a68e (0x023ce933) x18 0x0000000f
core   0: 0x8000a692 (0x01740263) beq     s0, s7, pc + 4
core   0: 3 0x8000a692 (0x01740263)
core   0: 0x8000a696 (0x02ef1233) mulh    tp, t5, a4
core   0: 3 0x8000a696 (0x02ef1233) x4  0x00000000
core   0: 0x8000a69a (0x00008c35) c.xor   s0, a3
core   0: 3 0x8000a69a (0x8c35) x8  0xb461a61e
core   0: 0x8000a69c (0x00000001) c.nop
core   0: 3 0x8000a69c (0x0001)
core   0: 0x8000a69e (0x01953e33) sltu    t3, a0, s9
core   0: 3 0x8000a69e (0x01953e33) x28 0x00000001
core   0: 0x8000a6a2 (0x02d26663) bltu    tp, a3, pc + 44
core   0: 3 0x8000a6a2 (0x02d26663)
core   0: 0x8000a6a6 (0x03378fb3) mul     t6, a5, s3
core   0: 3 0x8000a6a6 (0x03378fb3) x31 0x20000000
core   0: 0x8000a6aa (0x59874f93) xori    t6, a4, 1432
core   0: 3 0x8000a6aa (0x59874f93) x31 0x00000592
core   0: 0x8000a6ae (0x0194f733) and     a4, s1, s9
core   0: 3 0x8000a6ae (0x0194f733) x14 0x00000000
core   0: 0x8000a6b2 (0x039c8363) beq     s9, s9, pc + 38
core   0: 3 0x8000a6b2 (0x039c8363)
core   0: 0x8000a6d8 (0x00006155) c.addi16sp sp, 304
core   0: 3 0x8000a6d8 (0x6155) x2  0x194d7130
core   0: 0x8000a6da (0x02efbfb3) mulhu   t6, t6, a4
core   0: 3 0x8000a6da (0x02efbfb3) x31 0x00000000
core   0: 0x8000a6de (0x416951b3) sra     gp, s2, s6
core   0: 3 0x8000a6de (0x416951b3) x3  0x0000000f
core   0: 0x8000a6e2 (0x02f3b1b3) mulhu   gp, t2, a5
core   0: 3 0x8000a6e2 (0x02f3b1b3) x3  0x00000000
core   0: 0x8000a6e6 (0x00008f99) c.sub   a5, a4
core   0: 3 0x8000a6e6 (0x8f99) x15 0x0001e000
core   0: 0x8000a6e8 (0x00000c52) c.slli  s8, 20
core   0: 3 0x8000a6e8 (0x0c52) x24 0xa6400000
core   0: 0x8000a6ea (0x01d40ab3) add     s5, s0, t4
core   0: 3 0x8000a6ea (0x01d40ab3) x21 0xb461a61e
core   0: 0x8000a6ee (0x41965b13) srai    s6, a2, 25
core   0: 3 0x8000a6ee (0x41965b13) x22 0x00000000
core   0: 0x8000a6f2 (0x00925563) bge     tp, s1, pc + 10
core   0: 3 0x8000a6f2 (0x00925563)
core   0: 0x8000a6fc (0x029ec8b3) div     a7, t4, s1
core   0: 3 0x8000a6fc (0x029ec8b3) x17 0xffffffff
core   0: 0x8000a700 (0x0229fb63) bgeu    s3, sp, pc + 54
core   0: 3 0x8000a700 (0x0229fb63)
core   0: 0x8000a736 (0x00000001) c.nop
core   0: 3 0x8000a736 (0x0001)
core   0: 0x8000a738 (0x00d93533) sltu    a0, s2, a3
core   0: 3 0x8000a738 (0x00d93533) x10 0x00000000
core   0: 0x8000a73c (0x00bb4fb3) xor     t6, s6, a1
core   0: 3 0x8000a73c (0x00bb4fb3) x31 0x80029ce4
core   0: 0x8000a740 (0x0000e789) c.bnez  a5, pc + 10
core   0: 3 0x8000a740 (0xe789)
core   0: 0x8000a74a (0x0032d433) srl     s0, t0, gp
core   0: 3 0x8000a74a (0x0032d433) x8  0x0001e000
core   0: 0x8000a74e (0x01adfeb3) and     t4, s11, s10
core   0: 3 0x8000a74e (0x01adfeb3) x29 0x62920000
core   0: 0x8000a752 (0x00432683) lw      a3, 4(t1)
core   0: 3 0x8000a752 (0x00432683) x13 0x80009b44 mem 0x80025e24
core   0: 0x8000a756 (0x00008b09) c.andi  a4, 2
core   0: 3 0x8000a756 (0x8b09) x14 0x00000000
core   0: 0x8000a758 (0x000084c5) c.srai  s1, 17
core   0: 3 0x8000a758 (0x84c5) x9  0x00000000
core   0: 0x8000a75a (0x02030313) addi    t1, t1, 32
core   0: 3 0x8000a75a (0x02030313) x6  0x80025e40
core   0: 0x8000a75e (0x2c734297) auipc   t0, 0x2c734
core   0: 3 0x8000a75e (0x2c734297) x5  0xac73e75e
core   0: 0x8000a762 (0x00068913) mv      s2, a3
core   0: 3 0x8000a762 (0x00068913) x18 0x80009b44
core   0: 0x8000a766 (0x00090967) jalr    s2, s2, 0
core   0: 3 0x8000a766 (0x00090967) x18 0x8000a76a
core   0: 0x80009b44 (0x0049e8b3) or      a7, s3, tp
core   0: 3 0x80009b44 (0x0049e8b3) x17 0x907f0000
core   0: 0x80009b48 (0x021a7e33) remu    t3, s4, ra
core   0: 3 0x80009b48 (0x021a7e33) x28 0x00000000
core   0: 0x80009b4c (0x039cc863) blt     s9, s9, pc + 48
core   0: 3 0x80009b4c (0x039cc863)
core   0: 0x80009b50 (0x6f7a0e13) addi    t3, s4, 1783
core   0: 3 0x80009b50 (0x6f7a0e13) x28 0x001e06f7
core   0: 0x80009b54 (0x02464533) div     a0, a2, tp
core   0: 3 0x80009b54 (0x02464533) x10 0xffffffff
core   0: 0x80009b58 (0x00a64763) blt     a2, a0, pc + 14
core   0: 3 0x80009b58 (0x00a64763)
core   0: 0x80009b5c (0x00001c7d) c.addi  s8, -1
core   0: 3 0x80009b5c (0x1c7d) x24 0xa63fffff
core   0: 0x80009b5e (0x02b963b3) rem     t2, s2, a1
core   0: 3 0x80009b5e (0x02b963b3) x7  0xfffe0a86
core   0: 0x80009b62 (0x03122db3) mulhsu  s11, tp, a7
core   0: 3 0x80009b62 (0x03122db3) x27 0x00000000
core   0: 0x80009b66 (0x00000296) c.slli  t0, 5
core   0: 3 0x80009b66 (0x0296) x5  0x8e7cebc0
core   0: 0x80009b68 (0x0000644d) c.lui   s0, 0x13
core   0: 3 0x80009b68 (0x644d) x8  0x00013000
core   0: 0x80009b6a (0x0000ef01) c.bnez  a4, pc + 24
core   0: 3 0x80009b6a (0xef01)
core   0: 0x80009b6c (0x034846b3) div     a3, a6, s4
core   0: 3 0x80009b6c (0x034846b3) x13 0x00000000
core   0: 0x80009b70 (0x40c889b3) sub     s3, a7, a2
core   0: 3 0x80009b70 (0x40c889b3) x19 0x907f0000
core   0: 0x80009b74 (0x417ed213) srai    tp, t4, 23
core   0: 3 0x80009b74 (0x417ed213) x4  0x000000c5
core   0: 0x80009b78 (0x02a12b93) slti    s7, sp, 42
core   0: 3 0x80009b78 (0x02a12b93) x23 0x00000000
core   0: 0x80009b7c (0x0000cd19) c.beqz  a0, pc + 30
core   0: 3 0x80009b7c (0xcd19)
core   0: 0x80009b7e (0x41a25033) sra     zero, tp, s10
core   0: 3 0x80009b7e (0x41a25033)
core   0: 0x80009b82 (0x00008ef1) c.and   a3, a2
core   0: 3 0x80009b82 (0x8ef1) x13 0x00000000
core   0: 0x80009b84 (0x02b44a33) div     s4, s0, a1
core   0: 3 0x80009b84 (0x02b44a33) x20 0x00000000
core   0: 0x80009b88 (0x00c03033) snez    zero, a2
core   0: 3 0x80009b88 (0x00c03033)
core   0: 0x80009b8c (0x00f5e233) or      tp, a1, a5
core   0: 3 0x80009b8c (0x00f5e233) x4  0x8003fce4
core   0: 0x80009b90 (0x036061b3) rem     gp, zero, s6
core   0: 3 0x80009b90 (0x036061b3) x3  0x00000000
core   0: 0x80009b94 (0x00b341b3) xor     gp, t1, a1
core   0: 3 0x80009b94 (0x00b341b3) x3  0x0000c2a4
core   0: 0x80009b98 (0x00008399) c.srli  a5, 6
core   0: 3 0x80009b98 (0x8399) x15 0x00000780
core   0: 0x80009b9a (0xf3ce0b13) addi    s6, t3, -196
core   0: 3 0x80009b9a (0xf3ce0b13) x22 0x001e0633
core   0: 0x80009b9e (0x03fb8263) beq     s7, t6, pc + 36
core   0: 3 0x80009b9e (0x03fb8263)
core   0: 0x80009ba2 (0x025ffe63) bgeu    t6, t0, pc + 60
core   0: 3 0x80009ba2 (0x025ffe63)
core   0: 0x80009ba6 (0x009e9193) slli    gp, t4, 9
core   0: 3 0x80009ba6 (0x009e9193) x3  0x24000000
core   0: 0x80009baa (0x00000d94) c.addi4spn a3, sp, 720
core   0: 3 0x80009baa (0x0d94) x13 0x194d7400
core   0: 0x80009bac (0x40880833) sub     a6, a6, s0
core   0: 3 0x80009bac (0x40880833) x16 0xfffed037
core   0: 0x80009bb0 (0xe5726993) ori     s3, tp, -425
core   0: 3 0x80009bb0 (0xe5726993) x19 0xfffffef7
core   0: 0x80009bb4 (0x01133433) sltu    s0, t1, a7
core   0: 3 0x80009bb4 (0x01133433) x8  0x00000001
core   0: 0x80009bb8 (0x0000ea99) c.bnez  a3, pc + 22
core   0: 3 0x80009bb8 (0xea99)
core   0: 0x80009bce (0x176a2113) slti    sp, s4, 374
core   0: 3 0x80009bce (0x176a2113) x2  0x00000001
core   0: 0x80009bd2 (0x016a2933) slt     s2, s4, s6
core   0: 3 0x80009bd2 (0x016a2933) x18 0x00000001
core   0: 0x80009bd6 (0x00000001) c.nop
core   0: 3 0x80009bd6 (0x0001)
core   0: 0x80009bd8 (0x00008d15) c.sub   a0, a3
core   0: 3 0x80009bd8 (0x8d15) x10 0xe6b28bff
core   0: 0x80009bda (0x0060d963) bge     ra, t1, pc + 18
core   0: 3 0x80009bda (0x0060d963)
core   0: 0x80009bec (0x12d74393) xori    t2, a4, 301
core   0: 3 0x80009bec (0x12d74393) x7  0x0000012d
core   0: 0x80009bf0 (0x009a2533) slt     a0, s4, s1
core   0: 3 0x80009bf0 (0x009a2533) x10 0x00000000
core   0: 0x80009bf4 (0x00000001) c.nop
core   0: 3 0x80009bf4 (0x0001)
core   0: 0x80009bf6 (0xde7dfb13) andi    s6, s11, -537
core   0: 3 0x80009bf6 (0xde7dfb13) x22 0x00000000
core   0: 0x80009bfa (0x00000001) c.nop
core   0: 3 0x80009bfa (0x0001)
core   0: 0x80009bfc (0x00432683) lw      a3, 4(t1)
core   0: 3 0x80009bfc (0x00432683) x13 0x80008f20 mem 0x80025e44
core   0: 0x80009c00 (0x0000177d) c.addi  a4, -1
core   0: 3 0x80009c00 (0x177d) x14 0xffffffff
core   0: 0x80009c02 (0x0b3dff93) andi    t6, s11, 179
core   0: 3 0x80009c02 (0x0b3dff93) x31 0x00000000
core   0: 0x80009c06 (0x00000001) c.nop
core   0: 3 0x80009c06 (0x0001)
core   0: 0x80009c08 (0x020173b3) remu    t2, sp, zero
core   0: 3 0x80009c08 (0x020173b3) x7  0x00000001
core   0: 0x80009c0c (0x00008f71) c.and   a4, a2
core   0: 3 0x80009c0c (0x8f71) x14 0x00000000
core   0: 0x80009c0e (0x00000351) c.addi  t1, 20
core   0: 3 0x80009c0e (0x0351) x6  0x80025e54
core   0: 0x80009c10 (0x01575eb3) srl     t4, a4, s5
core   0: 3 0x80009c10 (0x01575eb3) x29 0x00000000
core   0: 0x80009c14 (0x00168913) addi    s2, a3, 1
core   0: 3 0x80009c14 (0x00168913) x18 0x80008f21
core   0: 0x80009c18 (0x00008902) c.jr    s2
core   0: 3 0x80009c18 (0x8902)
core   0: 0x80008f20 (0x00014517) auipc   a0, 0x14
core   0: 3 0x80008f20 (0x00014517) x10 0x8001cf20
core   0: 0x80008f24 (0x55550513) addi    a0, a0, 1365
core   0: 3 0x80008f24 (0x55550513) x10 0x8001d475
core   0: 0x80008f28 (0xff755a83) lhu     s5, -9(a0)
core   0: 3 0x80008f28 (0xff755a83) x21 0x00002627 mem 0x8001d46c
core   0: 0x80008f2c (0x0000846e) c.mv    s0, s11
core   0: 3 0x80008f2c (0x846e) x8  0x00000000
core   0: 0x80008f2e (0x0018d0b3) srl     ra, a7, ra
core   0: 3 0x80008f2e (0x0018d0b3) x1  0x483f8000
core   0: 0x80008f32 (0xfff527a3) sw      t6, -17(a0)
core   0: 3 0x80008f32 (0xfff527a3) mem 0x8001d464 0x00000000
core   0: 0x80008f36 (0xff9507a3) sb      s9, -17(a0)
core   0: 3 0x80008f36 (0xff9507a3) mem 0x8001d464 0x0f
core   0: 0x80008f3a (0xfef51483) lh      s1, -17(a0)
core   0: 3 0x80008f3a (0xfef51483) x9  0x0000000f mem 0x8001d464
core   0: 0x80008f3e (0xff2527a3) sw      s2, -17(a0)
core   0: 3 0x80008f3e (0xff2527a3) mem 0x8001d464 0x80008f21
core   0: 0x80008f42 (0xfef55d83) lhu     s11, -17(a0)
core   0: 3 0x80008f42 (0xfef55d83) x27 0x00008f21 mem 0x8001d464
core   0: 0x80008f46 (0xff0517a3) sh      a6, -17(a0)
core   0: 3 0x80008f46 (0xff0517a3) mem 0x8001d464 0xd037
core   0: 0x80008f4a (0xff0527a3) sw      a6, -17(a0)
core   0: 3 0x80008f4a (0xff0527a3) mem 0x8001d464 0xfffed037
core   0: 0x80008f4e (0xfef54b03) lbu     s6, -17(a0)
core   0: 3 0x80008f4e (0xfef54b03) x22 0x00000037 mem 0x8001d464
core   0: 0x80008f52 (0xffe527a3) sw      t5, -17(a0)
core   0: 3 0x80008f52 (0xffe527a3) mem 0x8001d464 0x00000000
core   0: 0x80008f56 (0xfef55783) lhu     a5, -17(a0)
core   0: 3 0x80008f56 (0xfef55783) x15 0x00000000 mem 0x8001d464
core   0: 0x80008f5a (0xfef50803) lb      a6, -17(a0)
core   0: 3 0x80008f5a (0xfef50803) x16 0x00000000 mem 0x8001d464
core   0: 0x80008f5e (0xfef55203) lhu     tp, -17(a0)
core   0: 3 0x80008f5e (0xfef55203) x4  0x00000000 mem 0x8001d464
core   0: 0x80008f62 (0xfef50c03) lb      s8, -17(a0)
core   0: 3 0x80008f62 (0xfef50c03) x24 0x00000000 mem 0x8001d464
core   0: 0x80008f66 (0xfef517a3) sh      a5, -17(a0)
core   0: 3 0x80008f66 (0xfef517a3) mem 0x8001d464 0x0000
core   0: 0x80008f6a (0xfef55403) lhu     s0, -17(a0)
core   0: 3 0x80008f6a (0xfef55403) x8  0x00000000 mem 0x8001d464
core   0: 0x80008f6e (0x00005775) c.li    a4, -3
core   0: 3 0x80008f6e (0x5775) x14 0xfffffffd
core   0: 0x80008f70 (0x00008e4d) c.or    a2, a1
core   0: 3 0x80008f70 (0x8e4d) x12 0x80029ce4
core   0: 0x80008f72 (0x00008271) c.srli  a2, 28
core   0: 3 0x80008f72 (0x8271) x12 0x00000008
core   0: 0x80008f74 (0x000081ae) c.mv    gp, a1
core   0: 3 0x80008f74 (0x81ae) x3  0x80029ce4
core   0: 0x80008f76 (0x00008fc5) c.or    a5, s1
core   0: 3 0x80008f76 (0x8fc5) x15 0x0000000f
core   0: 0x80008f78 (0x00004115) c.li    sp, 5
core   0: 3 0x80008f78 (0x4115) x2  0x00000005
core   0: 0x80008f7a (0x41dd5693) srai    a3, s10, 29
core   0: 3 0x80008f7a (0x41dd5693) x13 0x00000003
core   0: 0x80008f7e (0x010cafb3) slt     t6, s9, a6
core   0: 3 0x80008f7e (0x010cafb3) x31 0x00000000
core   0: 0x80008f82 (0x01285013) srli    zero, a6, 18
core   0: 3 0x80008f82 (0x01285013)
core   0: 0x80008f86 (0xb14869b7) lui     s3, 0xb1486
core   0: 3 0x80008f86 (0xb14869b7) x19 0xb1486000
core   0: 0x80008f8a (0x00e31233) sll     tp, t1, a4
core   0: 3 0x80008f8a (0x00e31233) x4  0x80000000
core   0: 0x80008f8e (0x00000709) c.addi  a4, 2
core   0: 3 0x80008f8e (0x0709) x14 0xffffffff
core   0: 0x80008f90 (0x7b6ce793) ori     a5, s9, 1974
core   0: 3 0x80008f90 (0x7b6ce793) x15 0x000007bf
core   0: 0x80008f94 (0x007afd33) and     s10, s5, t2
core   0: 3 0x80008f94 (0x007afd33) x26 0x00000001
core   0: 0x80008f98 (0x01b1fb33) and     s6, gp, s11
core   0: 3 0x80008f98 (0x01b1fb33) x22 0x00008c20
core   0: 0x80008f9c (0x01b6fb33) and     s6, a3, s11
core   0: 3 0x80008f9c (0x01b6fb33) x22 0x00000001
core   0: 0x80008fa0 (0x020d4eb3) div     t4, s10, zero
core   0: 3 0x80008fa0 (0x020d4eb3) x29 0xffffffff
core   0: 0x80008fa4 (0x000017fd) c.addi  a5, -1
core   0: 3 0x80008fa4 (0x17fd) x15 0x000007be
core   0: 0x80008fa6 (0x004097b3) sll     a5, ra, tp
core   0: 3 0x80008fa6 (0x004097b3) x15 0x483f8000
core   0: 0x80008faa (0x40a38633) sub     a2, t2, a0
core   0: 3 0x80008faa (0x40a38633) x12 0x7ffe2b8c
core   0: 0x80008fae (0x00000df5) c.addi  s11, 29
core   0: 3 0x80008fae (0x0df5) x27 0x00008f3e
core   0: 0x80008fb0 (0x00008c19) c.sub   s0, a4
core   0: 3 0x80008fb0 (0x8c19) x8  0x00000001
core   0: 0x80008fb2 (0xfc2766e3) bltu    a4, sp, pc - 52
core   0: 3 0x80008fb2 (0xfc2766e3)
core   0: 0x80008fb6 (0x00806db3) or      s11, zero, s0
core   0: 3 0x80008fb6 (0x00806db3) x27 0x00000001
core   0: 0x80008fba (0x00007397) auipc   t2, 0x7
core   0: 3 0x80008fba (0x00007397) x7  0x8000ffba
core   0: 0x80008fbe (0x7e138393) addi    t2, t2, 2017
core   0: 3 0x80008fbe (0x7e138393) x7  0x8001079b
core   0: 0x80008fc2 (0x00006611) c.lui   a2, 0x4
core   0: 3 0x80008fc2 (0x6611) x12 0x00004000
core   0: 0x80008fc4 (0x00008ced) c.and   s1, a1
core   0: 3 0x80008fc4 (0x8ced) x9  0x00000004
core   0: 0x80008fc6 (0x0023cd83) lbu     s11, 2(t2)
core   0: 3 0x80008fc6 (0x0023cd83) x27 0x00000056 mem 0x8001079d
core   0: 0x80008fca (0xfe938a23) sb      s1, -12(t2)
core   0: 3 0x80008fca (0xfe938a23) mem 0x8001078f 0x04
core   0: 0x80008fce (0xff938a23) sb      s9, -12(t2)
core   0: 3 0x80008fce (0xff938a23) mem 0x8001078f 0x0f
core   0: 0x80008fd2 (0xff438d83) lb      s11, -12(t2)
core   0: 3 0x80008fd2 (0xff438d83) x27 0x0000000f mem 0x8001078f
core   0: 0x80008fd6 (0x0043c903) lbu     s2, 4(t2)
core   0: 3 0x80008fd6 (0x0043c903) x18 0x00000054 mem 0x8001079f
core   0: 0x80008fda (0x00438223) sb      tp, 4(t2)
core   0: 3 0x80008fda (0x00438223) mem 0x8001079f 0x00
core   0: 0x80008fde (0x00938223) sb      s1, 4(t2)
core   0: 3 0x80008fde (0x00938223) mem 0x8001079f 0x04
core   0: 0x80008fe2 (0x03967a33) remu    s4, a2, s9
core   0: 3 0x80008fe2 (0x03967a33) x20 0x00000004
core   0: 0x80008fe6 (0xff738283) lb      t0, -9(t2)
core   0: 3 0x80008fe6 (0xff738283) x5  0x00000049 mem 0x80010792
core   0: 0x80008fea (0xfe739ba3) sh      t2, -9(t2)
core   0: 3 0x80008fea (0xfe739ba3) mem 0x80010792 0x079b
core   0: 0x80008fee (0xfe739ba3) sh      t2, -9(t2)
core   0: 3 0x80008fee (0xfe739ba3) mem 0x80010792 0x079b
core   0: 0x80008ff2 (0x00f38f83) lb      t6, 15(t2)
core   0: 3 0x80008ff2 (0x00f38f83) x31 0x00000061 mem 0x800107aa
core   0: 0x80008ff6 (0x018384a3) sb      s8, 9(t2)
core   0: 3 0x80008ff6 (0x018384a3) mem 0x800107a4 0x00
core   0: 0x80008ffa (0x00000001) c.nop
core   0: 3 0x80008ffa (0x0001)
core   0: 0x80008ffc (0xff438883) lb      a7, -12(t2)
core   0: 3 0x80008ffc (0xff438883) x17 0x0000000f mem 0x8001078f
core   0: 0x80009000 (0xffe38a23) sb      t5, -12(t2)
core   0: 3 0x80009000 (0xffe38a23) mem 0x8001078f 0x00
core   0: 0x80009004 (0x00838223) sb      s0, 4(t2)
core   0: 3 0x80009004 (0x00838223) mem 0x8001079f 0x01
core   0: 0x80009008 (0x006006ef) jal     a3, pc + 0x6
core   0: 3 0x80009008 (0x006006ef) x13 0x8000900c
core   0: 0x8000900e (0xfffff0ef) jal     pc - 0x2
core   0: 3 0x8000900e (0xfffff0ef) x1  0x80009012
core   0: 0x8000900c (0x00002821) c.jal   pc + 24
core   0: 3 0x8000900c (0x2821) x1  0x8000900e
core   0: 0x80009024 (0x00003ff5) c.jal   pc - 4
core   0: 3 0x80009024 (0x3ff5) x1  0x80009026
core   0: 0x80009020 (0x00002019) c.jal   pc + 6
core   0: 3 0x80009020 (0x2019) x1  0x80009022
core   0: 0x80009026 (0xff9ffa6f) jal     s4, pc - 0x8
core   0: 3 0x80009026 (0xff9ffa6f) x20 0x8000902a
core   0: 0x8000901e (0x00003fed) c.jal   pc - 6
core   0: 3 0x8000901e (0x3fed) x1  0x80009020
core   0: 0x80009018 (0x0000bffd) c.j     pc - 2
core   0: 3 0x80009018 (0xbffd)
core   0: 0x80009016 (0x00003ff5) c.jal   pc - 4
core   0: 3 0x80009016 (0x3ff5) x1  0x80009018
core   0: 0x80009012 (0x01a000ef) jal     pc + 0x1a
core   0: 3 0x80009012 (0x01a000ef) x1  0x80009016
core   0: 0x8000902c (0x00003fdd) c.jal   pc - 10
core   0: 3 0x8000902c (0x3fdd) x1  0x8000902e
core   0: 0x80009022 (0x00002031) c.jal   pc + 12
core   0: 3 0x80009022 (0x2031) x1  0x80009024
core   0: 0x8000902e (0x0000b7f5) c.j     pc - 20
core   0: 3 0x8000902e (0xb7f5)
core   0: 0x8000901a (0x010000ef) jal     pc + 0x10
core   0: 3 0x8000901a (0x010000ef) x1  0x8000901e
core   0: 0x8000902a (0x0000a019) c.j     pc + 6
core   0: 3 0x8000902a (0xa019)
core   0: 0x80009030 (0x6fdfaa13) slti    s4, t6, 1789
core   0: 3 0x80009030 (0x6fdfaa13) x20 0x00000001
core   0: 0x80009034 (0x00008e97) auipc   t4, 0x8
core   0: 3 0x80009034 (0x00008e97) x29 0x80011034
core   0: 0x80009038 (0xea1e8e93) addi    t4, t4, -351
core   0: 3 0x80009038 (0xea1e8e93) x29 0x80010ed5
core   0: 0x8000903c (0x00afe2b3) or      t0, t6, a0
core   0: 3 0x8000903c (0x00afe2b3) x5  0x8001d475
core   0: 0x80009040 (0x7d4af8b7) lui     a7, 0x7d4af
core   0: 3 0x80009040 (0x7d4af8b7) x17 0x7d4af000
core   0: 0x80009044 (0xfd7e8823) sb      s7, -48(t4)
core   0: 3 0x80009044 (0xfd7e8823) mem 0x80010ea5 0x00
core   0: 0x80009048 (0x0095dbb3) srl     s7, a1, s1
core   0: 3 0x80009048 (0x0095dbb3) x23 0x080029ce
core   0: 0x8000904c (0x012ecf03) lbu     t5, 18(t4)
core   0: 3 0x8000904c (0x012ecf03) x30 0x0000009c mem 0x80010ee7
core   0: 0x80009050 (0xf10ecd83) lbu     s11, -240(t4)
core   0: 3 0x80009050 (0xf10ecd83) x27 0x0000009e mem 0x80010de5
core   0: 0x80009054 (0x1a345537) lui     a0, 0x1a345
core   0: 3 0x80009054 (0x1a345537) x10 0x1a345000
core   0: 0x80009058 (0x0b5e9483) lh      s1, 181(t4)
core   0: 3 0x80009058 (0x0b5e9483) x9  0x00004041 mem 0x80010f8a
core   0: 0x8000905c (0x0000177d) c.addi  a4, -1
core   0: 3 0x8000905c (0x177d) x14 0xfffffffe
core   0: 0x8000905e (0x4182dfb3) sra     t6, t0, s8
core   0: 3 0x8000905e (0x4182dfb3) x31 0x8001d475
core   0: 0x80009062 (0x081e91a3) sh      ra, 131(t4)
core   0: 3 0x80009062 (0x081e91a3) mem 0x80010f58 0x901e
core   0: 0x80009066 (0x0aae84a3) sb      a0, 169(t4)
core   0: 3 0x80009066 (0x0aae84a3) mem 0x80010f7e 0x00
core   0: 0x8000906a (0xfb3e93a3) sh      s3, -89(t4)
core   0: 3 0x8000906a (0xfb3e93a3) mem 0x80010e7c 0x6000
core   0: 0x8000906e (0x06de8183) lb      gp, 109(t4)
core   0: 3 0x8000906e (0x06de8183) x3  0xfffffff9 mem 0x80010f42
core   0: 0x80009072 (0xf7be9203) lh      tp, -133(t4)
core   0: 3 0x80009072 (0xf7be9203) x4  0x00000a0b mem 0x80010e50
core   0: 0x80009076 (0x96097b93) andi    s7, s2, -1696
core   0: 3 0x80009076 (0x96097b93) x23 0x00000040
core   0: 0x8000907a (0x0fce99a3) sh      t3, 243(t4)
core   0: 3 0x8000907a (0x0fce99a3) mem 0x80010fc8 0x06f7
core   0: 0x8000907e (0xf26e9fa3) sh      t1, -193(t4)
core   0: 3 0x8000907e (0xf26e9fa3) mem 0x80010e14 0x5e54
core   0: 0x80009082 (0xfb8ec003) lbu     zero, -72(t4)
core   0: 3 0x80009082 (0xfb8ec003) mem 0x80010e8d
core   0: 0x80009086 (0xf78e8083) lb      ra, -136(t4)
core   0: 3 0x80009086 (0xf78e8083) x1  0x00000006 mem 0x80010e4d
core   0: 0x8000908a (0xf51ed503) lhu     a0, -175(t4)
core   0: 3 0x8000908a (0xf51ed503) x10 0x0000dcdd mem 0x80010e26
core   0: 0x8000908e (0xf7fe8223) sb      t6, -156(t4)
core   0: 3 0x8000908e (0xf7fe8223) mem 0x80010e39 0x75
core   0: 0x80009092 (0xf2cec083) lbu     ra, -212(t4)
core   0: 3 0x80009092 (0xf2cec083) x1  0x000000ba mem 0x80010e01
core   0: 0x80009096 (0x02dec003) lbu     zero, 45(t4)
core   0: 3 0x80009096 (0x02dec003) mem 0x80010f02
core   0: 0x8000909a (0x0144f233) and     tp, s1, s4
core   0: 3 0x8000909a (0x0144f233) x4  0x00000001
core   0: 0x8000909e (0x027212b3) mulh    t0, tp, t2
core   0: 3 0x8000909e (0x027212b3) x5  0xffffffff
core   0: 0x800090a2 (0xd6cbc713) xori    a4, s7, -660
core   0: 3 0x800090a2 (0xd6cbc713) x14 0xfffffd2c
core   0: 0x800090a6 (0x02bdedb3) rem     s11, s11, a1
core   0: 3 0x800090a6 (0x02bdedb3) x27 0x0000009e
core   0: 0x800090aa (0x085e93a3) sh      t0, 135(t4)
core   0: 3 0x800090aa (0x085e93a3) mem 0x80010f5c 0xffff
core   0: 0x800090ae (0x00008c06) c.mv    s8, ra
core   0: 3 0x800090ae (0x8c06) x24 0x000000ba
core   0: 0x800090b0 (0xffee9fa3) sh      t5, -1(t4)
core   0: 3 0x800090b0 (0xffee9fa3) mem 0x80010ed4 0x009c
core   0: 0x800090b4 (0xf18e8203) lb      tp, -232(t4)
core   0: 3 0x800090b4 (0xf18e8203) x4  0xffffffa6 mem 0x80010ded
core   0: 0x800090b8 (0x033ea103) lw      sp, 51(t4)
core   0: 3 0x800090b8 (0x033ea103) x2  0xc0c10000 mem 0x80010f08
core   0: 0x800090bc (0xf20ecf03) lbu     t5, -224(t4)
core   0: 3 0x800090bc (0xf20ecf03) x30 0x000000ae mem 0x80010df5
core   0: 0x800090c0 (0x06be9883) lh      a7, 107(t4)
core   0: 3 0x800090c0 (0x06be9883) x17 0xfffffafb mem 0x80010f40
core   0: 0x800090c4 (0x00a6d533) srl     a0, a3, a0
core   0: 3 0x800090c4 (0x00a6d533) x10 0x00000004
core   0: 0x800090c8 (0x00000001) c.nop
core   0: 3 0x800090c8 (0x0001)
core   0: 0x800090ca (0xf28e8b03) lb      s6, -216(t4)
core   0: 3 0x800090ca (0xf28e8b03) x22 0xffffffb6 mem 0x80010dfd
core   0: 0x800090ce (0x040e8423) sb      zero, 72(t4)
core   0: 3 0x800090ce (0x040e8423) mem 0x80010f1d 0x00
core   0: 0x800090d2 (0x074e8023) sb      s4, 96(t4)
core   0: 3 0x800090d2 (0x074e8023) mem 0x80010f35 0x01
core   0: 0x800090d6 (0x00018117) auipc   sp, 0x18
core   0: 3 0x800090d6 (0x00018117) x2  0x800210d6
core   0: 0x800090da (0xe4510113) addi    sp, sp, -443
core   0: 3 0x800090da (0xe4510113) x2  0x80020f1b
core   0: 0x800090de (0x03f15183) lhu     gp, 63(sp)
core   0: 3 0x800090de (0x03f15183) x3  0x00001011 mem 0x80020f5a
core   0: 0x800090e2 (0x0c310b23) sb      gp, 214(sp)
core   0: 3 0x800090e2 (0x0c310b23) mem 0x80020ff1 0x11
core   0: 0x800090e6 (0xf0914803) lbu     a6, -247(sp)
core   0: 3 0x800090e6 (0xf0914803) x16 0x000000df mem 0x80020e24
core   0: 0x800090ea (0xfd110423) sb      a7, -56(sp)
core   0: 3 0x800090ea (0xfd110423) mem 0x80020ee3 0xfb
core   0: 0x800090ee (0x40dad493) srai    s1, s5, 13
core   0: 3 0x800090ee (0x40dad493) x9  0x00000001
core   0: 0x800090f2 (0xf49104a3) sb      s1, -183(sp)
core   0: 3 0x800090f2 (0xf49104a3) mem 0x80020e64 0x01
core   0: 0x800090f6 (0x0291a4b3) mulhsu  s1, gp, s1
core   0: 3 0x800090f6 (0x0291a4b3) x9  0x00000000
core   0: 0x800090fa (0xf5c10a83) lb      s5, -164(sp)
core   0: 3 0x800090fa (0xf5c10a83) x21 0x0000002c mem 0x80020e77
core   0: 0x800090fe (0x00000001) c.nop
core   0: 3 0x800090fe (0x0001)
core   0: 0x80009100 (0x00000001) c.nop
core   0: 3 0x80009100 (0x0001)
core   0: 0x80009102 (0xf77109a3) sb      s7, -141(sp)
core   0: 3 0x80009102 (0xf77109a3) mem 0x80020e8e 0x40
core   0: 0x80009106 (0x000018fd) c.addi  a7, -1
core   0: 3 0x80009106 (0x18fd) x17 0xfffffafa
core   0: 0x80009108 (0x000088dd) c.andi  s1, 23
core   0: 3 0x80009108 (0x88dd) x9  0x00000000
core   0: 0x8000910a (0xffe10483) lb      s1, -2(sp)
core   0: 3 0x8000910a (0xffe10483) x9  0xffffffd2 mem 0x80020f19
core   0: 0x8000910e (0x2ea4a1b7) lui     gp, 0x2ea4a
core   0: 3 0x8000910e (0x2ea4a1b7) x3  0x2ea4a000
core   0: 0x80009112 (0x077122a3) sw      s7, 101(sp)
core   0: 3 0x80009112 (0x077122a3) mem 0x80020f80 0x00000040
core   0: 0x80009116 (0xf1e14483) lbu     s1, -226(sp)
core   0: 3 0x80009116 (0xf1e14483) x9  0x000000f2 mem 0x80020e39
core   0: 0x8000911a (0x00e10b83) lb      s7, 14(sp)
core   0: 3 0x8000911a (0x00e10b83) x23 0xffffffe2 mem 0x80020f29
core   0: 0x8000911e (0x01714803) lbu     a6, 23(sp)
core   0: 3 0x8000911e (0x01714803) x16 0x000000e9 mem 0x80020f32
core   0: 0x80009122 (0x00008ca5) c.xor   s1, s1
core   0: 3 0x80009122 (0x8ca5) x9  0x00000000
core   0: 0x80009124 (0xc0b1e193) ori     gp, gp, -1013
core   0: 3 0x80009124 (0xc0b1e193) x3  0xfffffc0b
core   0: 0x80009128 (0xfb915803) lhu     a6, -71(sp)
core   0: 3 0x80009128 (0xfb915803) x16 0x00008e8f mem 0x80020ed4
core   0: 0x8000912c (0xf7010123) sb      a6, -158(sp)
core   0: 3 0x8000912c (0xf7010123) mem 0x80020e7d 0x8f
core   0: 0x80009130 (0x000058fd) c.li    a7, -1
core   0: 3 0x80009130 (0x58fd) x17 0xffffffff
core   0: 0x80009132 (0x0000980e) c.add   a6, gp
core   0: 3 0x80009132 (0x980e) x16 0x00008a9a
core   0: 0x80009134 (0xff410803) lb      a6, -12(sp)
core   0: 3 0x80009134 (0xff410803) x16 0xffffffc4 mem 0x80020f0f
core   0: 0x80009138 (0x00008cc5) c.or    s1, s1
core   0: 3 0x80009138 (0x8cc5) x9  0x00000000
core   0: 0x8000913a (0xfb614a83) lbu     s5, -74(sp)
core   0: 3 0x8000913a (0xfb614a83) x21 0x0000008a mem 0x80020ed1
core   0: 0x8000913e (0x023af1b3) remu    gp, s5, gp
core   0: 3 0x8000913e (0x023af1b3) x3  0x0000008a
core   0: 0x80009142 (0xfa910723) sb      s1, -82(sp)
core   0: 3 0x80009142 (0xfa910723) mem 0x80020ec9 0x00
core   0: 0x80009146 (0x009103a3) sb      s1, 7(sp)
core   0: 3 0x80009146 (0x009103a3) mem 0x80020f22 0x00
core   0: 0x8000914a (0x00008ca5) c.xor   s1, s1
core   0: 3 0x8000914a (0x8ca5) x9  0x00000000
core   0: 0x8000914c (0x0000187d) c.addi  a6, -1
core   0: 3 0x8000914c (0x187d) x16 0xffffffc3
core   0: 0x8000914e (0xfdd14183) lbu     gp, -35(sp)
core   0: 3 0x8000914e (0xfdd14183) x3  0x000000b3 mem 0x80020ef8
core   0: 0x80009152 (0x00310fa3) sb      gp, 31(sp)
core   0: 3 0x80009152 (0x00310fa3) mem 0x80020f3a 0xb3
core   0: 0x80009156 (0xfc911ba3) sh      s1, -41(sp)
core   0: 3 0x80009156 (0xfc911ba3) mem 0x80020ef2 0x0000
core   0: 0x8000915a (0x000094c2) c.add   s1, a6
core   0: 3 0x8000915a (0x94c2) x9  0xffffffc3
core   0: 0x8000915c (0xf9010423) sb      a6, -120(sp)
core   0: 3 0x8000915c (0xf9010423) mem 0x80020ea3 0xc3
core   0: 0x80009160 (0xdb980493) addi    s1, a6, -583
core   0: 3 0x80009160 (0xdb980493) x9  0xfffffd7c
core   0: 0x80009164 (0x0094b4b3) sltu    s1, s1, s1
core   0: 3 0x80009164 (0x0094b4b3) x9  0x00000000
core   0: 0x80009168 (0x08010803) lb      a6, 128(sp)
core   0: 3 0x80009168 (0x08010803) x16 0x00000050 mem 0x80020f9b
core   0: 0x8000916c (0x05e14483) lbu     s1, 94(sp)
core   0: 3 0x8000916c (0x05e14483) x9  0x00000032 mem 0x80020f79
core   0: 0x80009170 (0x00000001) c.nop
core   0: 3 0x80009170 (0x0001)
core   0: 0x80009172 (0x05210883) lb      a7, 82(sp)
core   0: 3 0x80009172 (0x05210883) x17 0x00000026 mem 0x80020f6d
core   0: 0x80009176 (0x0d112ea3) sw      a7, 221(sp)
core   0: 3 0x80009176 (0x0d112ea3) mem 0x80020ff8 0x00000026
core   0: 0x8000917a (0x07010a23) sb      a6, 116(sp)
core   0: 3 0x8000917a (0x07010a23) mem 0x80020f8f 0x50
core   0: 0x8000917e (0x00000001) c.nop
core   0: 3 0x8000917e (0x0001)
core   0: 0x80009180 (0xf4d10883) lb      a7, -179(sp)
core   0: 3 0x80009180 (0xf4d10883) x17 0x00000023 mem 0x80020e68
core   0: 0x80009184 (0x00e006ef) jal     a3, pc + 0xe
core   0: 3 0x80009184 (0x00e006ef) x13 0x80009188
core   0: 0x80009192 (0x0000a011) c.j     pc + 4
core   0: 3 0x80009192 (0xa011)
core   0: 0x80009196 (0x0000a021) c.j     pc + 8
core   0: 3 0x80009196 (0xa021)
core   0: 0x8000919e (0xffdff0ef) jal     pc - 0x4
core   0: 3 0x8000919e (0xffdff0ef) x1  0x800091a2
core   0: 0x8000919a (0x00003ffd) c.jal   pc - 2
core   0: 3 0x8000919a (0x3ffd) x1  0x8000919c
core   0: 0x80009198 (0x00003fe5) c.jal   pc - 8
core   0: 3 0x80009198 (0x3fe5) x1  0x8000919a
core   0: 0x80009190 (0x0000a809) c.j     pc + 18
core   0: 3 0x80009190 (0xa809)
core   0: 0x800091a2 (0xfe7ff0ef) jal     pc - 0x1a
core   0: 3 0x800091a2 (0xfe7ff0ef) x1  0x800091a6
core   0: 0x80009188 (0x00002005) c.jal   pc + 32
core   0: 3 0x80009188 (0x2005) x1  0x8000918a
core   0: 0x800091a8 (0x0000b7f5) c.j     pc - 20
core   0: 3 0x800091a8 (0xb7f5)
core   0: 0x80009194 (0x0000a809) c.j     pc + 18
core   0: 3 0x80009194 (0xa809)
core   0: 0x800091a6 (0x00003fdd) c.jal   pc - 10
core   0: 3 0x800091a6 (0x3fdd) x1  0x800091a8
core   0: 0x8000919c (0x000037fd) c.jal   pc - 18
core   0: 3 0x8000919c (0x37fd) x1  0x8000919e
core   0: 0x8000918a (0x004000ef) jal     pc + 0x4
core   0: 3 0x8000918a (0x004000ef) x1  0x8000918e
core   0: 0x8000918e (0x0000a831) c.j     pc + 28
core   0: 3 0x8000918e (0xa831)
core   0: 0x800091aa (0x0939e413) ori     s0, s3, 147
core   0: 3 0x800091aa (0x0939e413) x8  0xb1486093
core   0: 0x800091ae (0x00007e97) auipc   t4, 0x7
core   0: 3 0x800091ae (0x00007e97) x29 0x800101ae
core   0: 0x800091b2 (0xf74e8e93) addi    t4, t4, -140
core   0: 3 0x800091b2 (0xf74e8e93) x29 0x80010122
core   0: 0x800091b6 (0x00008a15) c.andi  a2, 5
core   0: 3 0x800091b6 (0x8a15) x12 0x00000000
core   0: 0x800091b8 (0x084e87a3) sb      tp, 143(t4)
core   0: 3 0x800091b8 (0x084e87a3) mem 0x800101b1 0xa6
core   0: 0x800091bc (0x4017d533) sra     a0, a5, ra
core   0: 3 0x800091bc (0x4017d533) x10 0x000120fe
core   0: 0x800091c0 (0xfe2ead23) sw      sp, -6(t4)
core   0: 3 0x800091c0 (0xfe2ead23) mem 0x8001011c 0x80020f1b
core   0: 0x800091c4 (0x075e8fa3) sb      s5, 127(t4)
core   0: 3 0x800091c4 (0x075e8fa3) mem 0x800101a1 0x8a
core   0: 0x800091c8 (0x03bacfb3) div     t6, s5, s11
core   0: 3 0x800091c8 (0x03bacfb3) x31 0x00000000
core   0: 0x800091cc (0xfcae9a23) sh      a0, -44(t4)
core   0: 3 0x800091cc (0xfcae9a23) mem 0x800100f6 0x20fe
core   0: 0x800091d0 (0x01bcb533) sltu    a0, s9, s11
core   0: 3 0x800091d0 (0x01bcb533) x10 0x00000001
core   0: 0x800091d4 (0x01ced103) lhu     sp, 28(t4)
core   0: 3 0x800091d4 (0x01ced103) x2  0x0000f4f5 mem 0x8001013e
core   0: 0x800091d8 (0xfcee88a3) sb      a4, -47(t4)
core   0: 3 0x800091d8 (0xfcee88a3) mem 0x800100f3 0x2c
core   0: 0x800091dc (0x0ddb4c13) xori    s8, s6, 221
core   0: 3 0x800091dc (0x0ddb4c13) x24 0xffffff6b
core   0: 0x800091e0 (0xd27a4f93) xori    t6, s4, -729
core   0: 3 0x800091e0 (0xd27a4f93) x31 0xfffffd26
core   0: 0x800091e4 (0x0bdec883) lbu     a7, 189(t4)
core   0: 3 0x800091e4 (0x0bdec883) x17 0x00000094 mem 0x800101df
core   0: 0x800091e8 (0xf8fec603) lbu     a2, -113(t4)
core   0: 3 0x800091e8 (0xf8fec603) x12 0x0000006a mem 0x800100b1
core   0: 0x800091ec (0x01437e33) and     t3, t1, s4
core   0: 3 0x800091ec (0x01437e33) x28 0x00000000
core   0: 0x800091f0 (0x04ae8da3) sb      a0, 91(t4)
core   0: 3 0x800091f0 (0x04ae8da3) mem 0x8001017d 0x01
core   0: 0x800091f4 (0x047e8423) sb      t2, 72(t4)
core   0: 3 0x800091f4 (0x047e8423) mem 0x8001016a 0x9b
core   0: 0x800091f8 (0xf3de8ba3) sb      t4, -201(t4)
core   0: 3 0x800091f8 (0xf3de8ba3) mem 0x80010059 0x22
core   0: 0x800091fc (0x047e9723) sh      t2, 78(t4)
core   0: 3 0x800091fc (0x047e9723) mem 0x80010170 0x079b
core   0: 0x80009200 (0x8a24ed93) ori     s11, s1, -1886
core   0: 3 0x80009200 (0x8a24ed93) x27 0xfffff8b2
core   0: 0x80009204 (0xf6ce8ca3) sb      a2, -135(t4)
core   0: 3 0x80009204 (0xf6ce8ca3) mem 0x8001009b 0x6a
core   0: 0x80009208 (0x0abe8203) lb      tp, 171(t4)
core   0: 3 0x80009208 (0x0abe8203) x4  0xffffff86 mem 0x800101cd
core   0: 0x8000920c (0x48c6e213) ori     tp, a3, 1164
core   0: 3 0x8000920c (0x48c6e213) x4  0x8000958c
core   0: 0x80009210 (0xf79ecf83) lbu     t6, -135(t4)
core   0: 3 0x80009210 (0xf79ecf83) x31 0x0000006a mem 0x8001009b
core   0: 0x80009214 (0xf55e8783) lb      a5, -171(t4)
core   0: 3 0x80009214 (0xf55e8783) x15 0x0000002c mem 0x80010077
core   0: 0x80009218 (0x021764b3) rem     s1, a4, ra
core   0: 3 0x80009218 (0x021764b3) x9  0xfffffd2c
core   0: 0x8000921c (0xba724193) xori    gp, tp, -1113
core   0: 3 0x8000921c (0xba724193) x3  0x7fff6e2b
core   0: 0x80009220 (0x00008c3d) c.xor   s0, a5
core   0: 3 0x80009220 (0x8c3d) x8  0xb14860bf
core   0: 0x80009222 (0x0ddec483) lbu     s1, 221(t4)
core   0: 3 0x80009222 (0x0ddec483) x9  0x000000b4 mem 0x800101ff
core   0: 0x80009226 (0x00000001) c.nop
core   0: 3 0x80009226 (0x0001)
core   0: 0x80009228 (0x09bec683) lbu     a3, 155(t4)
core   0: 3 0x80009228 (0x09bec683) x13 0x00000076 mem 0x800101bd
core   0: 0x8000922c (0x0b2ec783) lbu     a5, 178(t4)
core   0: 3 0x8000922c (0x0b2ec783) x15 0x0000008f mem 0x800101d4
core   0: 0x80009230 (0xf6be8403) lb      s0, -149(t4)
core   0: 3 0x80009230 (0xf6be8403) x8  0x00000046 mem 0x8001008d
core   0: 0x80009234 (0xf37ec703) lbu     a4, -201(t4)
core   0: 3 0x80009234 (0xf37ec703) x14 0x00000022 mem 0x80010059
core   0: 0x80009238 (0xf37e8783) lb      a5, -201(t4)
core   0: 3 0x80009238 (0xf37e8783) x15 0x00000022 mem 0x80010059
core   0: 0x8000923c (0x0e4e87a3) sb      tp, 239(t4)
core   0: 3 0x8000923c (0x0e4e87a3) mem 0x80010211 0x8c
core   0: 0x80009240 (0x011e8ba3) sb      a7, 23(t4)
core   0: 3 0x80009240 (0x011e8ba3) mem 0x80010139 0x94
core   0: 0x80009244 (0xf78e9283) lh      t0, -136(t4)
core   0: 3 0x80009244 (0xf78e9283) x5  0x00006a51 mem 0x8001009a
core   0: 0x80009248 (0x02997133) remu    sp, s2, s1
core   0: 3 0x80009248 (0x02997133) x2  0x00000054
core   0: 0x8000924c (0x01ce8123) sb      t3, 2(t4)
core   0: 3 0x8000924c (0x01ce8123) mem 0x80010124 0x00
core   0: 0x80009250 (0x0000717d) c.addi16sp sp, -16
core   0: 3 0x80009250 (0x717d) x2  0x00000044
core   0: 0x80009252 (0x021a9833) mulh    a6, s5, ra
core   0: 3 0x80009252 (0x021a9833) x16 0xffffffbb
core   0: 0x80009256 (0x0a2edf03) lhu     t5, 162(t4)
core   0: 3 0x80009256 (0x0a2edf03) x30 0x00007e7f mem 0x800101c4
core   0: 0x8000925a (0x020ec603) lbu     a2, 32(t4)
core   0: 3 0x8000925a (0x020ec603) x12 0x000000f9 mem 0x80010142
core   0: 0x8000925e (0x096eaf03) lw      t5, 150(t4)
core   0: 3 0x8000925e (0x096eaf03) x30 0x70717273 mem 0x800101b8
core   0: 0x80009262 (0x03d8f733) remu    a4, a7, t4
core   0: 3 0x80009262 (0x03d8f733) x14 0x00000094
core   0: 0x80009266 (0x051a9063) bne     s5, a7, pc + 64
core   0: 3 0x80009266 (0x051a9063)
core   0: 0x800092a6 (0x0205d863) bgez    a1, pc + 48
core   0: 3 0x800092a6 (0x0205d863)
core   0: 0x800092aa (0x4170de93) srai    t4, ra, 23
core   0: 3 0x800092aa (0x4170de93) x29 0xffffff00
core   0: 0x800092ae (0x0064d563) bge     s1, t1, pc + 10
core   0: 3 0x800092ae (0x0064d563)
core   0: 0x800092b8 (0x00008bba) c.mv    s7, a4
core   0: 3 0x800092b8 (0x8bba) x23 0x00000094
core   0: 0x800092ba (0x00008d62) c.mv    s10, s8
core   0: 3 0x800092ba (0x8d62) x26 0xffffff6b
core   0: 0x800092bc (0x00c49813) slli    a6, s1, 12
core   0: 3 0x800092bc (0x00c49813) x16 0x000b4000
core   0: 0x800092c0 (0x02d27c33) remu    s8, tp, a3
core   0: 3 0x800092c0 (0x02d27c33) x24 0x00000030
core   0: 0x800092c4 (0x002f54b3) srl     s1, t5, sp
core   0: 3 0x800092c4 (0x002f54b3) x9  0x07071727
core   0: 0x800092c8 (0x0137e233) or      tp, a5, s3
core   0: 3 0x800092c8 (0x0137e233) x4  0xb1486022
core   0: 0x800092cc (0x00360b63) beq     a2, gp, pc + 22
core   0: 3 0x800092cc (0x00360b63)
core   0: 0x800092d0 (0x8c172113) slti    sp, a4, -1855
core   0: 3 0x800092d0 (0x8c172113) x2  0x00000000
core   0: 0x800092d4 (0x00008095) c.srli  s1, 5
core   0: 3 0x800092d4 (0x8095) x9  0x003838b9
core   0: 0x800092d6 (0xf122ef13) ori     t5, t0, -238
core   0: 3 0x800092d6 (0xf122ef13) x30 0xffffff53
core   0: 0x800092da (0x02559eb3) mulh    t4, a1, t0
core   0: 3 0x800092da (0x02559eb3) x29 0xffffcad8
core   0: 0x800092de (0x40885393) srai    t2, a6, 8
core   0: 3 0x800092de (0x40885393) x7  0x00000b40
core   0: 0x800092e2 (0x034dbdb3) mulhu   s11, s11, s4
core   0: 3 0x800092e2 (0x034dbdb3) x27 0x00000000
core   0: 0x800092e6 (0x033553b3) divu    t2, a0, s3
core   0: 3 0x800092e6 (0x033553b3) x7  0x00000000
core   0: 0x800092ea (0xed5d4d97) auipc   s11, 0xed5d4
core   0: 3 0x800092ea (0xed5d4d97) x27 0x6d5dd2ea
core   0: 0x800092ee (0x7052b813) sltiu   a6, t0, 1797
core   0: 3 0x800092ee (0x7052b813) x16 0x00000000
core   0: 0x800092f2 (0x00008fc1) c.or    a5, s0
core   0: 3 0x800092f2 (0x8fc1) x15 0x00000066
core   0: 0x800092f4 (0x02f153b3) divu    t2, sp, a5
core   0: 3 0x800092f4 (0x02f153b3) x7  0x00000000
core   0: 0x800092f8 (0x0408f263) bgeu    a7, zero, pc + 68
core   0: 3 0x800092f8 (0x0408f263)
core   0: 0x8000933c (0x0000946a) c.add   s0, s10
core   0: 3 0x8000933c (0x946a) x8  0xffffffb1
core   0: 0x8000933e (0x00a6adb3) slt     s11, a3, a0
core   0: 3 0x8000933e (0x00a6adb3) x27 0x00000000
core   0: 0x80009342 (0x000084b9) c.srai  s1, 14
core   0: 3 0x80009342 (0x84b9) x9  0x000000e0
core   0: 0x80009344 (0x00009286) c.add   t0, ra
core   0: 3 0x80009344 (0x9286) x5  0x8000fbdf
core   0: 0x80009346 (0x03824eb3) div     t4, tp, s8
core   0: 3 0x80009346 (0x03824eb3) x29 0xfe5c2cac
core   0: 0x8000934a (0x00008ab1) c.andi  a3, 12
core   0: 3 0x8000934a (0x8ab1) x13 0x00000004
core   0: 0x8000934c (0x000084f6) c.mv    s1, t4
core   0: 3 0x8000934c (0x84f6) x9  0xfe5c2cac
core   0: 0x8000934e (0x00008d66) c.mv    s10, s9
core   0: 3 0x8000934e (0x8d66) x26 0x0000000f
core   0: 0x80009350 (0x04257163) bgeu    a0, sp, pc + 66
core   0: 3 0x80009350 (0x04257163)
core   0: 0x80009392 (0x000080a9) c.srli  s1, 10
core   0: 3 0x80009392 (0x80a9) x9  0x003f970b
core   0: 0x80009394 (0x7c322f13) slti    t5, tp, 1987
core   0: 3 0x80009394 (0x7c322f13) x30 0x00000001
core   0: 0x80009398 (0x00000001) c.nop
core   0: 3 0x80009398 (0x0001)
core   0: 0x8000939a (0x03aa6663) bltu    s4, s10, pc + 44
core   0: 3 0x8000939a (0x03aa6663)
core   0: 0x800093c6 (0x014d47b3) xor     a5, s10, s4
core   0: 3 0x800093c6 (0x014d47b3) x15 0x0000000e
core   0: 0x800093ca (0x00c354b3) srl     s1, t1, a2
core   0: 3 0x800093ca (0x00c354b3) x9  0x00000040
core   0: 0x800093ce (0x03d77f63) bgeu    a4, t4, pc + 62
core   0: 3 0x800093ce (0x03d77f63)
core   0: 0x800093d2 (0x01d244b3) xor     s1, tp, t4
core   0: 3 0x800093d2 (0x01d244b3) x9  0x4f144c8e
core   0: 0x800093d6 (0x00009a62) c.add   s4, s8
core   0: 3 0x800093d6 (0x9a62) x20 0x00000031
core   0: 0x800093d8 (0x00008e39) c.xor   a2, a4
core   0: 3 0x800093d8 (0x8e39) x12 0x0000006d
core   0: 0x800093da (0x411b5e13) srai    t3, s6, 17
core   0: 3 0x800093da (0x411b5e13) x28 0xffffffff
core   0: 0x800093de (0x7e044613) xori    a2, s0, 2016
core   0: 3 0x800093de (0x7e044613) x12 0xfffff851
core   0: 0x800093e2 (0x0000e485) c.bnez  s1, pc + 40
core   0: 3 0x800093e2 (0xe485)
core   0: 0x8000940a (0x00000a18) c.addi4spn a4, sp, 272
core   0: 3 0x8000940a (0x0a18) x14 0x00000110
core   0: 0x8000940c (0x402c5fb3) sra     t6, s8, sp
core   0: 3 0x8000940c (0x402c5fb3) x31 0x00000030
core   0: 0x80009410 (0x00401513) slli    a0, zero, 4
core   0: 3 0x80009410 (0x00401513) x10 0x00000000
core   0: 0x80009414 (0x0341c763) blt     gp, s4, pc + 46
core   0: 3 0x80009414 (0x0341c763)
core   0: 0x80009418 (0x00008399) c.srli  a5, 6
core   0: 3 0x80009418 (0x8399) x15 0x00000000
core   0: 0x8000941a (0x00009afd) c.andi  a3, -1
core   0: 3 0x8000941a (0x9afd) x13 0x00000004
core   0: 0x8000941c (0x0010d1b3) srl     gp, ra, ra
core   0: 3 0x8000941c (0x0010d1b3) x3  0x00020002
core   0: 0x80009420 (0x0176db33) srl     s6, a3, s7
core   0: 3 0x80009420 (0x0176db33) x22 0x00000000
core   0: 0x80009424 (0x00000001) c.nop
core   0: 3 0x80009424 (0x0001)
core   0: 0x80009426 (0x41d7d933) sra     s2, a5, t4
core   0: 3 0x80009426 (0x41d7d933) x18 0x00000000
core   0: 0x8000942a (0x40fada13) srai    s4, s5, 15
core   0: 3 0x8000942a (0x40fada13) x20 0x00000000
core   0: 0x8000942e (0x4c158f93) addi    t6, a1, 1217
core   0: 3 0x8000942e (0x4c158f93) x31 0x8002a1a5
core   0: 0x80009432 (0x0000876d) c.srai  a4, 27
core   0: 3 0x80009432 (0x876d) x14 0x00000000
core   0: 0x80009434 (0x03103b33) mulhu   s6, zero, a7
core   0: 3 0x80009434 (0x03103b33) x22 0x00000000
core   0: 0x80009438 (0x00cb8963) beq     s7, a2, pc + 18
core   0: 3 0x80009438 (0x00cb8963)
core   0: 0x8000943c (0x00000001) c.nop
core   0: 3 0x8000943c (0x0001)
core   0: 0x8000943e (0x00841993) slli    s3, s0, 8
core   0: 3 0x8000943e (0x00841993) x19 0xffffb100
core   0: 0x80009442 (0x04997063) bgeu    s2, s1, pc + 64
core   0: 3 0x80009442 (0x04997063)
core   0: 0x80009446 (0x0015a7b3) slt     a5, a1, ra
core   0: 3 0x80009446 (0x0015a7b3) x15 0x00000000
core   0: 0x8000944a (0x0263c6b3) div     a3, t2, t1
core   0: 3 0x8000944a (0x0263c6b3) x13 0x00000000
core   0: 0x8000944e (0x4115d8b3) sra     a7, a1, a7
core   0: 3 0x8000944e (0x4115d8b3) x17 0xfffff800
core   0: 0x80009452 (0x00000f92) c.slli  t6, 4
core   0: 3 0x80009452 (0x0f92) x31 0x002a1a50
core   0: 0x80009454 (0x0000717d) c.addi16sp sp, -16
core   0: 3 0x80009454 (0x717d) x2  0xfffffff0
core   0: 0x80009456 (0x0000855d) c.srai  a0, 23
core   0: 3 0x80009456 (0x855d) x10 0x00000000
core   0: 0x80009458 (0x03b3fb63) bgeu    t2, s11, pc + 54
core   0: 3 0x80009458 (0x03b3fb63)
core   0: 0x8000948e (0x00008446) c.mv    s0, a7
core   0: 3 0x8000948e (0x8446) x8  0xfffff800
core   0: 0x80009490 (0x3170c917) auipc   s2, 0x3170c
core   0: 3 0x80009490 (0x3170c917) x18 0xb1715490
core   0: 0x80009494 (0x40a0d113) srai    sp, ra, 10
core   0: 3 0x80009494 (0x40a0d113) x2  0xffe00024
core   0: 0x80009498 (0x6195d0b7) lui     ra, 0x6195d
core   0: 3 0x80009498 (0x6195d0b7) x1  0x6195d000
core   0: 0x8000949c (0x00cdd413) srli    s0, s11, 12
core   0: 3 0x8000949c (0x00cdd413) x8  0x00000000
core   0: 0x800094a0 (0x031ed033) divu    zero, t4, a7
core   0: 3 0x800094a0 (0x031ed033)
core   0: 0x800094a4 (0x1d644a13) xori    s4, s0, 470
core   0: 3 0x800094a4 (0x1d644a13) x20 0x000001d6
core   0: 0x800094a8 (0x0319d9b3) divu    s3, s3, a7
core   0: 3 0x800094a8 (0x0319d9b3) x19 0x00000000
core   0: 0x800094ac (0x40675133) sra     sp, a4, t1
core   0: 3 0x800094ac (0x40675133) x2  0x00000000
core   0: 0x800094b0 (0x0000040d) c.addi  s0, 3
core   0: 3 0x800094b0 (0x040d) x8  0x00000003
core   0: 0x800094b2 (0x0000853e) c.mv    a0, a5
core   0: 3 0x800094b2 (0x853e) x10 0x00000000
core   0: 0x800094b4 (0x000066c5) c.lui   a3, 0x11
core   0: 3 0x800094b4 (0x66c5) x13 0x00011000
core   0: 0x800094b6 (0x0049d733) srl     a4, s3, tp
core   0: 3 0x800094b6 (0x0049d733) x14 0x00000000
core   0: 0x800094ba (0x00008c75) c.and   s0, a3
core   0: 3 0x800094ba (0x8c75) x8  0x00000000
core   0: 0x800094bc (0x0f40f893) andi    a7, ra, 244
core   0: 3 0x800094bc (0x0f40f893) x17 0x00000000
core   0: 0x800094c0 (0x7a65b513) sltiu   a0, a1, 1958
core   0: 3 0x800094c0 (0x7a65b513) x10 0x00000000
core   0: 0x800094c4 (0x00000441) c.addi  s0, 16
core   0: 3 0x800094c4 (0x0441) x8  0x00000010
core   0: 0x800094c6 (0x0366f133) remu    sp, a3, s6
core   0: 3 0x800094c6 (0x0366f133) x2  0x00011000
core   0: 0x800094ca (0x00008d6d) c.and   a0, a1
core   0: 3 0x800094ca (0x8d6d) x10 0x00000000
core   0: 0x800094cc (0x0099d9b3) srl     s3, s3, s1
core   0: 3 0x800094cc (0x0099d9b3) x19 0x00000000
core   0: 0x800094d0 (0x03756b33) rem     s6, a0, s7
core   0: 3 0x800094d0 (0x03756b33) x22 0x00000000
core   0: 0x800094d4 (0x03cef8b3) remu    a7, t4, t3
core   0: 3 0x800094d4 (0x03cef8b3) x17 0xfe5c2cac
core   0: 0x800094d8 (0x00008d79) c.and   a0, a4
core   0: 3 0x800094d8 (0x8d79) x10 0x00000000
core   0: 0x800094da (0x419c5d93) srai    s11, s8, 25
core   0: 3 0x800094da (0x419c5d93) x27 0x00000000
core   0: 0x800094de (0x00008a4e) c.mv    s4, s3
core   0: 3 0x800094de (0x8a4e) x20 0x00000000
core   0: 0x800094e0 (0x4008d513) srai    a0, a7, 0
core   0: 3 0x800094e0 (0x4008d513) x10 0xfe5c2cac
core   0: 0x800094e4 (0x00376133) or      sp, a4, gp
core   0: 3 0x800094e4 (0x00376133) x2  0x00020002
core   0: 0x800094e8 (0x037d3c33) mulhu   s8, s10, s7
core   0: 3 0x800094e8 (0x037d3c33) x24 0x00000000
core   0: 0x800094ec (0x01240133) add     sp, s0, s2
core   0: 3 0x800094ec (0x01240133) x2  0xb17154a0
core   0: 0x800094f0 (0x03e8b533) mulhu   a0, a7, t5
core   0: 3 0x800094f0 (0x03e8b533) x10 0x00000000
core   0: 0x800094f4 (0x4177d993) srai    s3, a5, 23
core   0: 3 0x800094f4 (0x4177d993) x19 0x00000000
core   0: 0x800094f8 (0x00000ad1) c.addi  s5, 20
core   0: 3 0x800094f8 (0x0ad1) x21 0x0000009e
core   0: 0x800094fa (0x00009e5a) c.add   t3, s6
core   0: 3 0x800094fa (0x9e5a) x28 0xffffffff
core   0: 0x800094fc (0x000062a1) c.lui   t0, 0x8
core   0: 3 0x800094fc (0x62a1) x5  0x00008000
core   0: 0x800094fe (0x00aaee63) bltu    s5, a0, pc + 28
core   0: 3 0x800094fe (0x00aaee63)
core   0: 0x80009502 (0xea8f4e13) xori    t3, t5, -344
core   0: 3 0x80009502 (0xea8f4e13) x28 0xfffffea9
core   0: 0x80009506 (0x016d8463) beq     s11, s6, pc + 8
core   0: 3 0x80009506 (0x016d8463)
core   0: 0x8000950e (0xbe568f13) addi    t5, a3, -1051
core   0: 3 0x8000950e (0xbe568f13) x30 0x00010be5
core   0: 0x80009512 (0xae9d2d37) lui     s10, 0xae9d2
core   0: 3 0x80009512 (0xae9d2d37) x26 0xae9d2000
core   0: 0x80009516 (0x40145533) sra     a0, s0, ra
core   0: 3 0x80009516 (0x40145533) x10 0x00000010
core   0: 0x8000951a (0x00008bb5) c.andi  a5, 13
core   0: 3 0x8000951a (0x8bb5) x15 0x00000000
core   0: 0x8000951c (0x00008c25) c.xor   s0, s1
core   0: 3 0x8000951c (0x8c25) x8  0x4f144c9e
core   0: 0x8000951e (0x00000166) c.slli  sp, 25
core   0: 3 0x8000951e (0x0166) x2  0x40000000
core   0: 0x80009520 (0x9e597e13) andi    t3, s2, -1563
core   0: 3 0x80009520 (0x9e597e13) x28 0xb1715080
core   0: 0x80009524 (0x01b05263) bge     zero, s11, pc + 4
core   0: 3 0x80009524 (0x01b05263)
core   0: 0x80009528 (0x00008cf9) c.and   s1, a4
core   0: 3 0x80009528 (0x8cf9) x9  0x00000000
core   0: 0x8000952a (0x00008c0d) c.sub   s0, a1
core   0: 3 0x8000952a (0x8c0d) x8  0xcf11afba
core   0: 0x8000952c (0x7d4cf213) andi    tp, s9, 2004
core   0: 3 0x8000952c (0x7d4cf213) x4  0x00000004
core   0: 0x80009530 (0xf2c81397) auipc   t2, 0xf2c81
core   0: 3 0x80009530 (0xf2c81397) x7  0x72c8a530
core   0: 0x80009534 (0x0000c031) c.beqz  s0, pc + 68
core   0: 3 0x80009534 (0xc031)
core   0: 0x80009536 (0x00008c39) c.xor   s0, a4
core   0: 3 0x80009536 (0x8c39) x8  0xcf11afba
core   0: 0x80009538 (0x262abd13) sltiu   s10, s5, 610
core   0: 3 0x80009538 (0x262abd13) x26 0x00000001
core   0: 0x8000953c (0x63091237) lui     tp, 0x63091
core   0: 3 0x8000953c (0x63091237) x4  0x63091000
core   0: 0x80009540 (0x02d6df33) divu    t5, a3, a3
core   0: 3 0x80009540 (0x02d6df33) x30 0x00000001
core   0: 0x80009544 (0x025679b3) remu    s3, a2, t0
core   0: 3 0x80009544 (0x025679b3) x19 0x00007851
core   0: 0x80009548 (0x02629e63) bne     t0, t1, pc + 60
core   0: 3 0x80009548 (0x02629e63)
core   0: 0x80009584 (0xaaabba93) sltiu   s5, s7, -1366
core   0: 3 0x80009584 (0xaaabba93) x21 0x00000001
core   0: 0x80009588 (0x029fdc33) divu    s8, t6, s1
core   0: 3 0x80009588 (0x029fdc33) x24 0xffffffff
core   0: 0x8000958c (0x0000997d) c.andi  a0, -1
core   0: 3 0x8000958c (0x997d) x10 0x00000010
core   0: 0x8000958e (0x000088c5) c.andi  s1, 17
core   0: 3 0x8000958e (0x88c5) x9  0x00000000
core   0: 0x80009590 (0x00955263) bge     a0, s1, pc + 4
core   0: 3 0x80009590 (0x00955263)
core   0: 0x80009594 (0x006a5c33) srl     s8, s4, t1
core   0: 3 0x80009594 (0x006a5c33) x24 0x00000000
core   0: 0x80009598 (0x0284f7b3) remu    a5, s1, s0
core   0: 3 0x80009598 (0x0284f7b3) x15 0x00000000
core   0: 0x8000959c (0x004f1463) bne     t5, tp, pc + 8
core   0: 3 0x8000959c (0x004f1463)
core   0: 0x800095a4 (0x026893b3) mulh    t2, a7, t1
core   0: 3 0x800095a4 (0x026893b3) x7  0x00d1e5c7
core   0: 0x800095a8 (0x015fb7b3) sltu    a5, t6, s5
core   0: 3 0x800095a8 (0x015fb7b3) x15 0x00000000
core   0: 0x800095ac (0x2a317a93) andi    s5, sp, 675
core   0: 3 0x800095ac (0x2a317a93) x21 0x00000000
core   0: 0x800095b0 (0x03aacb33) div     s6, s5, s10
core   0: 3 0x800095b0 (0x03aacb33) x22 0x00000000
core   0: 0x800095b4 (0x00008c49) c.or    s0, a0
core   0: 3 0x800095b4 (0x8c49) x8  0xcf11afba
core   0: 0x800095b6 (0x0377ceb3) div     t4, a5, s7
core   0: 3 0x800095b6 (0x0377ceb3) x29 0x00000000
core   0: 0x800095ba (0x03fa8563) beq     s5, t6, pc + 42
core   0: 3 0x800095ba (0x03fa8563)
core   0: 0x800095be (0x00000001) c.nop
core   0: 3 0x800095be (0x0001)
core   0: 0x800095c0 (0x7a87cf93) xori    t6, a5, 1960
core   0: 3 0x800095c0 (0x7a87cf93) x31 0x000007a8
core   0: 0x800095c4 (0x000090ca) c.add   ra, s2
core   0: 3 0x800095c4 (0x90ca) x1  0x13072490
core   0: 0x800095c6 (0x00006111) c.addi16sp sp, 256
core   0: 3 0x800095c6 (0x6111) x2  0x40000100
core   0: 0x800095c8 (0x0101a033) slt     zero, gp, a6
core   0: 3 0x800095c8 (0x0101a033)
core   0: 0x800095cc (0x40b4db93) srai    s7, s1, 11
core   0: 3 0x800095cc (0x40b4db93) x23 0x00000000
core   0: 0x800095d0 (0x038f2ab3) mulhsu  s5, t5, s8
core   0: 3 0x800095d0 (0x038f2ab3) x21 0x00000000
core   0: 0x800095d4 (0x039b8e33) mul     t3, s7, s9
core   0: 3 0x800095d4 (0x039b8e33) x28 0x00000000
core   0: 0x800095d8 (0x007dd2b3) srl     t0, s11, t2
core   0: 3 0x800095d8 (0x007dd2b3) x5  0x00000000
core   0: 0x800095dc (0x01bb5033) srl     zero, s6, s11
core   0: 3 0x800095dc (0x01bb5033)
core   0: 0x800095e0 (0x00324233) xor     tp, tp, gp
core   0: 3 0x800095e0 (0x00324233) x4  0x630b1002
core   0: 0x800095e4 (0x004ab3b3) sltu    t2, s5, tp
core   0: 3 0x800095e4 (0x004ab3b3) x7  0x00000001
core   0: 0x800095e8 (0x008e81b3) add     gp, t4, s0
core   0: 3 0x800095e8 (0x008e81b3) x3  0xcf11afba
core   0: 0x800095ec (0x00000606) c.slli  a2, 1
core   0: 3 0x800095ec (0x0606) x12 0xfffff0a2
core   0: 0x800095ee (0x00b48d63) beq     s1, a1, pc + 26
core   0: 3 0x800095ee (0x00b48d63)
core   0: 0x800095f2 (0x000013fd) c.addi  t2, -1
core   0: 3 0x800095f2 (0x13fd) x7  0x00000000
core   0: 0x800095f4 (0x036704b3) mul     s1, a4, s6
core   0: 3 0x800095f4 (0x036704b3) x9  0x00000000
core   0: 0x800095f8 (0x0000613d) c.addi16sp sp, 480
core   0: 3 0x800095f8 (0x613d) x2  0x400002e0
core   0: 0x800095fa (0x41f281b3) sub     gp, t0, t6
core   0: 3 0x800095fa (0x41f281b3) x3  0xfffff858
core   0: 0x800095fe (0x6332ca17) auipc   s4, 0x6332c
core   0: 3 0x800095fe (0x6332ca17) x20 0xe33355fe
core   0: 0x80009602 (0x035df3b3) remu    t2, s11, s5
core   0: 3 0x80009602 (0x035df3b3) x7  0x00000000
core   0: 0x80009606 (0x00008edd) c.or    a3, a5
core   0: 3 0x80009606 (0x8edd) x13 0x00011000
core   0: 0x80009608 (0x00b7f233) and     tp, a5, a1
core   0: 3 0x80009608 (0x00b7f233) x4  0x00000000
core   0: 0x8000960c (0x02a6feb3) remu    t4, a3, a0
core   0: 3 0x8000960c (0x02a6feb3) x29 0x00000000
core   0: 0x80009610 (0x011e1933) sll     s2, t3, a7
core   0: 3 0x80009610 (0x011e1933) x18 0x00000000
core   0: 0x80009614 (0x006f5563) bge     t5, t1, pc + 10
core   0: 3 0x80009614 (0x006f5563)
core   0: 0x8000961e (0x000042b9) c.li    t0, 14
core   0: 3 0x8000961e (0x42b9) x5  0x0000000e
core   0: 0x80009620 (0x0000014a) c.slli  sp, 18
core   0: 3 0x80009620 (0x014a) x2  0x0b800000
core   0: 0x80009622 (0x00008669) c.srai  a2, 26
core   0: 3 0x80009622 (0x8669) x12 0xffffffff
core   0: 0x80009624 (0x01697d33) and     s10, s2, s6
core   0: 3 0x80009624 (0x01697d33) x26 0x00000000
core   0: 0x80009628 (0x00008e8d) c.sub   a3, a1
core   0: 3 0x80009628 (0x8e8d) x13 0x7ffe731c
core   0: 0x8000962a (0x70558793) addi    a5, a1, 1797
core   0: 3 0x8000962a (0x70558793) x15 0x8002a3e9
core   0: 0x8000962e (0x01ffb0b3) sltu    ra, t6, t6
core   0: 3 0x8000962e (0x01ffb0b3) x1  0x00000000
core   0: 0x80009632 (0xce2ca493) slti    s1, s9, -798
core   0: 3 0x80009632 (0xce2ca493) x9  0x00000000
core   0: 0x80009636 (0x54966b93) ori     s7, a2, 1353
core   0: 3 0x80009636 (0x54966b93) x23 0xffffffff
core   0: 0x8000963a (0xd5bde513) ori     a0, s11, -677
core   0: 3 0x8000963a (0xd5bde513) x10 0xfffffd5b
core   0: 0x8000963e (0x00008ead) c.xor   a3, a1
core   0: 3 0x8000963e (0x8ead) x13 0xfffceff8
core   0: 0x80009640 (0xb85ea213) slti    tp, t4, -1147
core   0: 3 0x80009640 (0xb85ea213) x4  0x00000000
core   0: 0x80009644 (0x00574963) blt     a4, t0, pc + 18
core   0: 3 0x80009644 (0x00574963)
core   0: 0x80009656 (0x03bb8b63) beq     s7, s11, pc + 54
core   0: 3 0x80009656 (0x03bb8b63)
core   0: 0x8000965a (0x0000127d) c.addi  tp, -1
core   0: 3 0x8000965a (0x127d) x4  0xffffffff
core   0: 0x8000965c (0x000087e5) c.srai  a5, 25
core   0: 3 0x8000965c (0x87e5) x15 0xffffffc0
core   0: 0x8000965e (0x0665e493) ori     s1, a1, 102
core   0: 3 0x8000965e (0x0665e493) x9  0x80029ce6
core   0: 0x80009662 (0x00008ccd) c.or    s1, a1
core   0: 3 0x80009662 (0x8ccd) x9  0x80029ce6
core   0: 0x80009664 (0x02fe4833) div     a6, t3, a5
core   0: 3 0x80009664 (0x02fe4833) x16 0x00000000
core   0: 0x80009668 (0xe9c66193) ori     gp, a2, -356
core   0: 3 0x80009668 (0xe9c66193) x3  0xffffffff
core   0: 0x8000966c (0x00000c00) c.addi4spn s0, sp, 528
core   0: 3 0x8000966c (0x0c00) x8  0x0b800210
core   0: 0x8000966e (0x00008a1d) c.andi  a2, 7
core   0: 3 0x8000966e (0x8a1d) x12 0x00000007
core   0: 0x80009670 (0x03e089b3) mul     s3, ra, t5
core   0: 3 0x80009670 (0x03e089b3) x19 0x00000000
core   0: 0x80009674 (0x015914b3) sll     s1, s2, s5
core   0: 3 0x80009674 (0x015914b3) x9  0x00000000
core   0: 0x80009678 (0x01531213) slli    tp, t1, 21
core   0: 3 0x80009678 (0x01531213) x4  0xca800000
core   0: 0x8000967c (0x03865033) divu    zero, a2, s8
core   0: 3 0x8000967c (0x03865033)
core   0: 0x80009680 (0x0286f533) remu    a0, a3, s0
core   0: 3 0x80009680 (0x0286f533) x10 0x02fcc298
core   0: 0x80009684 (0x00b9e663) bltu    s3, a1, pc + 12
core   0: 3 0x80009684 (0x00b9e663)
core   0: 0x80009690 (0x03a62633) mulhsu  a2, a2, s10
core   0: 3 0x80009690 (0x03a62633) x12 0x00000000
core   0: 0x80009694 (0xd8468d97) auipc   s11, 0xd8468
core   0: 3 0x80009694 (0xd8468d97) x27 0x58471694
core   0: 0x80009698 (0x00004885) c.li    a7, 1
core   0: 3 0x80009698 (0x4885) x17 0x00000001
core   0: 0x8000969a (0xb79a4213) xori    tp, s4, -1159
core   0: 3 0x8000969a (0xb79a4213) x4  0x1cccae87
core   0: 0x8000969e (0x02c54733) div     a4, a0, a2
core   0: 3 0x8000969e (0x02c54733) x14 0xffffffff
core   0: 0x800096a2 (0x00006fdd) c.lui   t6, 0x17
core   0: 3 0x800096a2 (0x6fdd) x31 0x00017000
core   0: 0x800096a4 (0x41e0d433) sra     s0, ra, t5
core   0: 3 0x800096a4 (0x41e0d433) x8  0x00000000
core   0: 0x800096a8 (0x00008cd9) c.or    s1, a4
core   0: 3 0x800096a8 (0x8cd9) x9  0xffffffff
core   0: 0x800096aa (0x0000597d) c.li    s2, -1
core   0: 3 0x800096aa (0x597d) x18 0xffffffff
core   0: 0x800096ac (0x01141ab3) sll     s5, s0, a7
core   0: 3 0x800096ac (0x01141ab3) x21 0x00000000
core   0: 0x800096b0 (0x00006135) c.addi16sp sp, 352
core   0: 3 0x800096b0 (0x6135) x2  0x0b800160
core   0: 0x800096b2 (0x01030233) add     tp, t1, a6
core   0: 3 0x800096b2 (0x01030233) x4  0x80025e54
core   0: 0x800096b6 (0x37c3f693) andi    a3, t2, 892
core   0: 3 0x800096b6 (0x37c3f693) x13 0x00000000
core   0: 0x800096ba (0x00000484) c.addi4spn s1, sp, 576
core   0: 3 0x800096ba (0x0484) x9  0x0b8003a0
core   0: 0x800096bc (0x00009de2) c.add   s11, s8
core   0: 3 0x800096bc (0x9de2) x27 0x58471694
core   0: 0x800096be (0xc70d7237) lui     tp, 0xc70d7
core   0: 3 0x800096be (0xc70d7237) x4  0xc70d7000
core   0: 0x800096c2 (0x9e4ab213) sltiu   tp, s5, -1564
core   0: 3 0x800096c2 (0x9e4ab213) x4  0x00000001
core   0: 0x800096c6 (0x40afdb13) srai    s6, t6, 10
core   0: 3 0x800096c6 (0x40afdb13) x22 0x0000005c
core   0: 0x800096ca (0x1a6e3f93) sltiu   t6, t3, 422
core   0: 3 0x800096ca (0x1a6e3f93) x31 0x00000001
core   0: 0x800096ce (0x000018dd) c.addi  a7, -9
core   0: 3 0x800096ce (0x18dd) x17 0xfffffff8
core   0: 0x800096d0 (0x00000001) c.nop
core   0: 3 0x800096d0 (0x0001)
core   0: 0x800096d2 (0x015b89b3) add     s3, s7, s5
core   0: 3 0x800096d2 (0x015b89b3) x19 0xffffffff
core   0: 0x800096d6 (0xfd28dee3) bge     a7, s2, pc - 36
core   0: 3 0x800096d6 (0xfd28dee3)
core   0: 0x800096da (0x00a610b3) sll     ra, a2, a0
core   0: 3 0x800096da (0x00a610b3) x1  0x00000000
core   0: 0x800096de (0x0000079c) c.addi4spn a5, sp, 960
core   0: 3 0x800096de (0x079c) x15 0x0b800520
core   0: 0x800096e0 (0x02946863) bltu    s0, s1, pc + 48
core   0: 3 0x800096e0 (0x02946863)
core   0: 0x80009710 (0x013d8a63) beq     s11, s3, pc + 20
core   0: 3 0x80009710 (0x013d8a63)
core   0: 0x80009714 (0x72d40f93) addi    t6, s0, 1837
core   0: 3 0x80009714 (0x72d40f93) x31 0x0000072d
core   0: 0x80009718 (0x00006571) c.lui   a0, 0x1c
core   0: 3 0x80009718 (0x6571) x10 0x0001c000
core   0: 0x8000971a (0x00008f29) c.xor   a4, a0
core   0: 3 0x8000971a (0x8f29) x14 0xfffe3fff
core   0: 0x8000971c (0x68ca3413) sltiu   s0, s4, 1676
core   0: 3 0x8000971c (0x68ca3413) x8  0x00000000
core   0: 0x80009720 (0x403e0433) sub     s0, t3, gp
core   0: 3 0x80009720 (0x403e0433) x8  0x00000001
core   0: 0x80009724 (0xf1433013) sltiu   zero, t1, -236
core   0: 3 0x80009724 (0xf1433013)
core   0: 0x80009728 (0x0000615d) c.addi16sp sp, 432
core   0: 3 0x80009728 (0x615d) x2  0x0b800310
core   0: 0x8000972a (0x9f940e13) addi    t3, s0, -1543
core   0: 3 0x8000972a (0x9f940e13) x28 0xfffff9fa
core   0: 0x8000972e (0x00008651) c.srai  a2, 20
core   0: 3 0x8000972e (0x8651) x12 0x00000000
core   0: 0x80009730 (0x00008256) c.mv    tp, s5
core   0: 3 0x80009730 (0x8256) x4  0x00000000
core   0: 0x80009732 (0x0331a7b3) mulhsu  a5, gp, s3
core   0: 3 0x80009732 (0x0331a7b3) x15 0xffffffff
core   0: 0x80009736 (0x01991e93) slli    t4, s2, 25
core   0: 3 0x80009736 (0x01991e93) x29 0xfe000000
core   0: 0x8000973a (0x00e531b3) sltu    gp, a0, a4
core   0: 3 0x8000973a (0x00e531b3) x3  0x00000001
core   0: 0x8000973e (0x02387a33) remu    s4, a6, gp
core   0: 3 0x8000973e (0x02387a33) x20 0x00000000
core   0: 0x80009742 (0x036a53b3) divu    t2, s4, s6
core   0: 3 0x80009742 (0x036a53b3) x7  0x00000000
core   0: 0x80009746 (0xdd454b37) lui     s6, 0xdd454
core   0: 3 0x80009746 (0xdd454b37) x22 0xdd454000
core   0: 0x8000974a (0x00001000) c.addi4spn s0, sp, 32
core   0: 3 0x8000974a (0x1000) x8  0x0b800330
core   0: 0x8000974c (0x00990233) add     tp, s2, s1
core   0: 3 0x8000974c (0x00990233) x4  0x0b80039f
core   0: 0x80009750 (0x000007da) c.slli  a5, 22
core   0: 3 0x80009750 (0x07da) x15 0xffc00000
core   0: 0x80009752 (0x021c5763) bge     s8, ra, pc + 46
core   0: 3 0x80009752 (0x021c5763)
core   0: 0x80009780 (0x0b558f63) beq     a1, s5, pc + 190
core   0: 3 0x80009780 (0x0b558f63)
core   0: 0x80009784 (0x4f0b9e97) auipc   t4, 0x4f0b9
core   0: 3 0x80009784 (0x4f0b9e97) x29 0xcf0c2784
core   0: 0x80009788 (0x00d9cb63) blt     s3, a3, pc + 22
core   0: 3 0x80009788 (0x00d9cb63)
core   0: 0x8000979e (0x00000ff9) c.addi  t6, 30
core   0: 3 0x8000979e (0x0ff9) x31 0x0000074b
core   0: 0x800097a0 (0x00014297) auipc   t0, 0x14
core   0: 3 0x800097a0 (0x00014297) x5  0x8001d7a0
core   0: 0x800097a4 (0x31928293) addi    t0, t0, 793
core   0: 3 0x800097a4 (0x31928293) x5  0x8001dab9
core   0: 0x800097a8 (0x01d2aba3) sw      t4, 23(t0)
core   0: 3 0x800097a8 (0x01d2aba3) mem 0x8001dad0 0xcf0c2784
core   0: 0x800097ac (0xfc728c03) lb      s8, -57(t0)
core   0: 3 0x800097ac (0xfc728c03) x24 0x0000003b mem 0x8001da80
core   0: 0x800097b0 (0x00ec23b3) slt     t2, s8, a4
core   0: 3 0x800097b0 (0x00ec23b3) x7  0x00000000
core   0: 0x800097b4 (0x02e3bc33) mulhu   s8, t2, a4
core   0: 3 0x800097b4 (0x02e3bc33) x24 0x00000000
core   0: 0x800097b8 (0x03a28a83) lb      s5, 58(t0)
core   0: 3 0x800097b8 (0x03a28a83) x21 0xffffffa8 mem 0x8001daf3
core   0: 0x800097bc (0x02d28c03) lb      s8, 45(t0)
core   0: 3 0x800097bc (0x02d28c03) x24 0xffffff9d mem 0x8001dae6
core   0: 0x800097c0 (0x03628683) lb      a3, 54(t0)
core   0: 3 0x800097c0 (0x03628683) x13 0xffffffa4 mem 0x8001daef
core   0: 0x800097c4 (0x018284a3) sb      s8, 9(t0)
core   0: 3 0x800097c4 (0x018284a3) mem 0x8001dac2 0x9d
core   0: 0x800097c8 (0x000082e9) c.srli  a3, 26
core   0: 3 0x800097c8 (0x82e9) x13 0x0000003f
core   0: 0x800097ca (0x00be9c13) slli    s8, t4, 11
core   0: 3 0x800097ca (0x00be9c13) x24 0x613c2000
core   0: 0x800097ce (0x02daf3b3) remu    t2, s5, a3
core   0: 3 0x800097ce (0x02daf3b3) x7  0x0000002a
core   0: 0x800097d2 (0x00d294a3) sh      a3, 9(t0)
core   0: 3 0x800097d2 (0x00d294a3) mem 0x8001dac2 0x003f
core   0: 0x800097d6 (0xfd828da3) sb      s8, -37(t0)
core   0: 3 0x800097d6 (0xfd828da3) mem 0x8001da94 0x00
core   0: 0x800097da (0x01d290a3) sh      t4, 1(t0)
core   0: 3 0x800097da (0x01d290a3) mem 0x8001daba 0x2784
core   0: 0x800097de (0x715a8713) addi    a4, s5, 1813
core   0: 3 0x800097de (0x715a8713) x14 0x000006bd
core   0: 0x800097e2 (0x01dc5a93) srli    s5, s8, 29
core   0: 3 0x800097e2 (0x01dc5a93) x21 0x00000003
core   0: 0x800097e6 (0x40e3dc13) srai    s8, t2, 14
core   0: 3 0x800097e6 (0x40e3dc13) x24 0x00000000
core   0: 0x800097ea (0x00000aad) c.addi  s5, 11
core   0: 3 0x800097ea (0x0aad) x21 0x0000000e
core   0: 0x800097ec (0x00328683) lb      a3, 3(t0)
core   0: 3 0x800097ec (0x00328683) x13 0x00000077 mem 0x8001dabc
core   0: 0x800097f0 (0x5b2c7713) andi    a4, s8, 1458
core   0: 3 0x800097f0 (0x5b2c7713) x14 0x00000000
core   0: 0x800097f4 (0x05568c13) addi    s8, a3, 85
core   0: 3 0x800097f4 (0x05568c13) x24 0x000000cc
core   0: 0x800097f8 (0xfdd29ca3) sh      t4, -39(t0)
core   0: 3 0x800097f8 (0xfdd29ca3) mem 0x8001da92 0x2784
core   0: 0x800097fc (0x00929383) lh      t2, 9(t0)
core   0: 3 0x800097fc (0x00929383) x7  0x0000003f mem 0x8001dac2
core   0: 0x80009800 (0xfc929a83) lh      s5, -55(t0)
core   0: 3 0x80009800 (0xfc929a83) x21 0x00003839 mem 0x8001da82
core   0: 0x80009804 (0x02a2ca83) lbu     s5, 42(t0)
core   0: 3 0x80009804 (0x02a2ca83) x21 0x00000098 mem 0x8001dae3
core   0: 0x80009808 (0xfc428703) lb      a4, -60(t0)
core   0: 3 0x80009808 (0xfc428703) x14 0x00000036 mem 0x8001da7d
core   0: 0x8000980c (0x02e38733) mul     a4, t2, a4
core   0: 3 0x8000980c (0x02e38733) x14 0x00000d4a
core   0: 0x80009810 (0x003ad393) srli    t2, s5, 3
core   0: 3 0x80009810 (0x003ad393) x7  0x00000013
core   0: 0x80009814 (0xfe228c03) lb      s8, -30(t0)
core   0: 3 0x80009814 (0xfe228c03) x24 0x00000050 mem 0x8001da9b
core   0: 0x80009818 (0xffa2cc03) lbu     s8, -6(t0)
core   0: 3 0x80009818 (0xffa2cc03) x24 0x00000068 mem 0x8001dab3
core   0: 0x8000981c (0xff828ba3) sb      s8, -9(t0)
core   0: 3 0x8000981c (0xff828ba3) mem 0x8001dab0 0x68
core   0: 0x80009820 (0x018288a3) sb      s8, 17(t0)
core   0: 3 0x80009820 (0x018288a3) mem 0x8001daca 0x68
core   0: 0x80009824 (0xfe528a83) lb      s5, -27(t0)
core   0: 3 0x80009824 (0xfe528a83) x21 0x00000055 mem 0x8001da9e
core   0: 0x80009828 (0x00c39513) slli    a0, t2, 12
core   0: 3 0x80009828 (0x00c39513) x10 0x00013000
core   0: 0x8000982c (0x00008ef9) c.and   a3, a4
core   0: 3 0x8000982c (0x8ef9) x13 0x00000042
core   0: 0x8000982e (0x415dd3b3) sra     t2, s11, s5
core   0: 3 0x8000982e (0x415dd3b3) x7  0x000002c2
core   0: 0x80009832 (0x000047cd) c.li    a5, 19
core   0: 3 0x80009832 (0x47cd) x15 0x00000013
core   0: 0x80009834 (0x00000001) c.nop
core   0: 3 0x80009834 (0x0001)
core   0: 0x80009836 (0x0000587d) c.li    a6, -1
core   0: 3 0x80009836 (0x587d) x16 0xffffffff
core   0: 0x80009838 (0x00008f31) c.xor   a4, a2
core   0: 3 0x80009838 (0x8f31) x14 0x00000d4a
core   0: 0x8000983a (0x41180e33) sub     t3, a6, a7
core   0: 3 0x8000983a (0x41180e33) x28 0x00000007
core   0: 0x8000983e (0x03f909b3) mul     s3, s2, t6
core   0: 3 0x8000983e (0x03f909b3) x19 0xfffff8b5
core   0: 0x80009842 (0x0000717d) c.addi16sp sp, -16
core   0: 3 0x80009842 (0x717d) x2  0x0b800300
core   0: 0x80009844 (0x01fc1693) slli    a3, s8, 31
core   0: 3 0x80009844 (0x01fc1693) x13 0x00000000
core   0: 0x80009848 (0x00008c7d) c.and   s0, a5
core   0: 3 0x80009848 (0x8c7d) x8  0x00000010
core   0: 0x8000984a (0x0000597d) c.li    s2, -1
core   0: 3 0x8000984a (0x597d) x18 0xffffffff
core   0: 0x8000984c (0x4515eb13) ori     s6, a1, 1105
core   0: 3 0x8000984c (0x4515eb13) x22 0x80029cf5
core   0: 0x80009850 (0x00008cfd) c.and   s1, a5
core   0: 3 0x80009850 (0x8cfd) x9  0x00000000
core   0: 0x80009852 (0x408d07b3) sub     a5, s10, s0
core   0: 3 0x80009852 (0x408d07b3) x15 0xfffffff0
core   0: 0x80009856 (0x01dbcc33) xor     s8, s7, t4
core   0: 3 0x80009856 (0x01dbcc33) x24 0x30f3d87b
core   0: 0x8000985a (0x40bb54b3) sra     s1, s6, a1
core   0: 3 0x8000985a (0x40bb54b3) x9  0xf80029cf
core   0: 0x8000985e (0x41bb5413) srai    s0, s6, 27
core   0: 3 0x8000985e (0x41bb5413) x8  0xfffffff0
core   0: 0x80009862 (0xc92f8213) addi    tp, t6, -878
core   0: 3 0x80009862 (0xc92f8213) x4  0x000003dd
core   0: 0x80009866 (0x0000ef1d) c.bnez  a4, pc + 62
core   0: 3 0x80009866 (0xef1d)
core   0: 0x800098a4 (0x01a8f8b3) and     a7, a7, s10
core   0: 3 0x800098a4 (0x01a8f8b3) x17 0x00000000
core   0: 0x800098a8 (0x016090b3) sll     ra, ra, s6
core   0: 3 0x800098a8 (0x016090b3) x1  0x00000000
core   0: 0x800098ac (0x40505813) srai    a6, zero, 5
core   0: 3 0x800098ac (0x40505813) x16 0x00000000
core   0: 0x800098b0 (0xfda78893) addi    a7, a5, -38
core   0: 3 0x800098b0 (0xfda78893) x17 0xffffffca
core   0: 0x800098b4 (0x02ad8d63) beq     s11, a0, pc + 58
core   0: 3 0x800098b4 (0x02ad8d63)
core   0: 0x800098b8 (0x000006fe) c.slli  a3, 31
core   0: 3 0x800098b8 (0x06fe) x13 0x00000000
core   0: 0x800098ba (0x00000c98) c.addi4spn a4, sp, 592
core   0: 3 0x800098ba (0x0c98) x14 0x0b800550
core   0: 0x800098bc (0x7c02fa93) andi    s5, t0, 1984
core   0: 3 0x800098bc (0x7c02fa93) x21 0x00000280
core   0: 0x800098c0 (0x003424b3) slt     s1, s0, gp
core   0: 3 0x800098c0 (0x003424b3) x9  0x00000001
core   0: 0x800098c4 (0x00008965) c.andi  a0, 25
core   0: 3 0x800098c4 (0x8965) x10 0x00000000
core   0: 0x800098c6 (0x01a3ca63) blt     t2, s10, pc + 20
core   0: 3 0x800098c6 (0x01a3ca63)
core   0: 0x800098ca (0x03bb24b3) mulhsu  s1, s6, s11
core   0: 3 0x800098ca (0x03bb24b3) x9  0xd3dd5b63
core   0: 0x800098ce (0x02fe5eb3) divu    t4, t3, a5
core   0: 3 0x800098ce (0x02fe5eb3) x29 0x00000000
core   0: 0x800098d2 (0xaa446893) ori     a7, s0, -1372
core   0: 3 0x800098d2 (0xaa446893) x17 0xfffffff4
core   0: 0x800098d6 (0x012c29b3) slt     s3, s8, s2
core   0: 3 0x800098d6 (0x012c29b3) x19 0x00000000
core   0: 0x800098da (0x00008f55) c.or    a4, a3
core   0: 3 0x800098da (0x8f55) x14 0x0b800550
core   0: 0x800098dc (0x94417637) lui     a2, 0x94417
core   0: 3 0x800098dc (0x94417637) x12 0x94417000
core   0: 0x800098e0 (0x01e64f33) xor     t5, a2, t5
core   0: 3 0x800098e0 (0x01e64f33) x30 0x94417001
core   0: 0x800098e4 (0x00000001) c.nop
core   0: 3 0x800098e4 (0x0001)
core   0: 0x800098e6 (0x00008151) c.srli  a0, 20
core   0: 3 0x800098e6 (0x8151) x10 0x00000000
core   0: 0x800098e8 (0x00000fca) c.slli  t6, 18
core   0: 3 0x800098e8 (0x0fca) x31 0x1d2c0000
core   0: 0x800098ea (0x5a014893) xori    a7, sp, 1440
core   0: 3 0x800098ea (0x5a014893) x17 0x0b8006a0
core   0: 0x800098ee (0x020f8563) beqz    t6, pc + 42
core   0: 3 0x800098ee (0x020f8563)
core   0: 0x800098f2 (0x02e3c6b3) div     a3, t2, a4
core   0: 3 0x800098f2 (0x02e3c6b3) x13 0x00000000
core   0: 0x800098f6 (0x03a49033) mulh    zero, s1, s10
core   0: 3 0x800098f6 (0x03a49033)
core   0: 0x800098fa (0x023ae833) rem     a6, s5, gp
core   0: 3 0x800098fa (0x023ae833) x16 0x00000000
core   0: 0x800098fe (0x035802b3) mul     t0, a6, s5
core   0: 3 0x800098fe (0x035802b3) x5  0x00000000
core   0: 0x80009902 (0x00af9433) sll     s0, t6, a0
core   0: 3 0x80009902 (0x00af9433) x8  0x1d2c0000
core   0: 0x80009906 (0x015f9813) slli    a6, t6, 21
core   0: 3 0x80009906 (0x015f9813) x16 0x00000000
core   0: 0x8000990a (0x023c0963) beq     s8, gp, pc + 50
core   0: 3 0x8000990a (0x023c0963)
core   0: 0x8000990e (0x00009bfd) c.andi  a5, -1
core   0: 3 0x8000990e (0x9bfd) x15 0xfffffff0
core   0: 0x80009910 (0x03e299b3) mulh    s3, t0, t5
core   0: 3 0x80009910 (0x03e299b3) x19 0x00000000
core   0: 0x80009914 (0x01547a33) and     s4, s0, s5
core   0: 3 0x80009914 (0x01547a33) x20 0x00000000
core   0: 0x80009918 (0x41e280b3) sub     ra, t0, t5
core   0: 3 0x80009918 (0x41e280b3) x1  0x6bbe8fff
core   0: 0x8000991c (0x03a852b3) divu    t0, a6, s10
core   0: 3 0x8000991c (0x03a852b3) x5  0xffffffff
core   0: 0x80009920 (0x00008769) c.srai  a4, 26
core   0: 3 0x80009920 (0x8769) x14 0x00000002
core   0: 0x80009922 (0x027f3d33) mulhu   s10, t5, t2
core   0: 3 0x80009922 (0x027f3d33) x26 0x00000198
core   0: 0x80009926 (0x03167463) bgeu    a2, a7, pc + 40
core   0: 3 0x80009926 (0x03167463)
core   0: 0x8000994e (0x01fc54b3) srl     s1, s8, t6
core   0: 3 0x8000994e (0x01fc54b3) x9  0x30f3d87b
core   0: 0x80009952 (0x006d9563) bne     s11, t1, pc + 10
core   0: 3 0x80009952 (0x006d9563)
core   0: 0x8000995c (0x02497133) remu    sp, s2, tp
core   0: 3 0x8000995c (0x02497133) x2  0x00000192
core   0: 0x80009960 (0x03d3ce33) div     t3, t2, t4
core   0: 3 0x80009960 (0x03d3ce33) x28 0xffffffff
core   0: 0x80009964 (0x028b1633) mulh    a2, s6, s0
core   0: 3 0x80009964 (0x028b1633) x12 0xf16a4c3a
core   0: 0x80009968 (0x00000001) c.nop
core   0: 3 0x80009968 (0x0001)
core   0: 0x8000996a (0x00000001) c.nop
core   0: 3 0x8000996a (0x0001)
core   0: 0x8000996c (0xa3efe413) ori     s0, t6, -1474
core   0: 3 0x8000996c (0xa3efe413) x8  0xfffffa3e
core   0: 0x80009970 (0x02c83433) mulhu   s0, a6, a2
core   0: 3 0x80009970 (0x02c83433) x8  0x00000000
core   0: 0x80009974 (0x00008539) c.srai  a0, 14
core   0: 3 0x80009974 (0x8539) x10 0x00000000
core   0: 0x80009976 (0x0254ce63) blt     s1, t0, pc + 60
core   0: 3 0x80009976 (0x0254ce63)
core   0: 0x8000997a (0x006ccb33) xor     s6, s9, t1
core   0: 3 0x8000997a (0x006ccb33) x22 0x80025e5b
core   0: 0x8000997e (0x01236563) bltu    t1, s2, pc + 10
core   0: 3 0x8000997e (0x01236563)
core   0: 0x80009988 (0x000099be) c.add   s3, a5
core   0: 3 0x80009988 (0x99be) x19 0xfffffff0
core   0: 0x8000998a (0x027a0ab3) mul     s5, s4, t2
core   0: 3 0x8000998a (0x027a0ab3) x21 0x00000000
core   0: 0x8000998e (0x421ae513) ori     a0, s5, 1057
core   0: 3 0x8000998e (0x421ae513) x10 0x00000421
core   0: 0x80009992 (0x000097ea) c.add   a5, s10
core   0: 3 0x80009992 (0x97ea) x15 0x00000188
core   0: 0x80009994 (0x00008e49) c.or    a2, a0
core   0: 3 0x80009994 (0x8e49) x12 0xf16a4c3b
core   0: 0x80009996 (0x00008579) c.srai  a0, 30
core   0: 3 0x80009996 (0x8579) x10 0x00000000
core   0: 0x80009998 (0x0000879d) c.srai  a5, 7
core   0: 3 0x80009998 (0x879d) x15 0x00000003
core   0: 0x8000999a (0x02c6ff63) bgeu    a3, a2, pc + 62
core   0: 3 0x8000999a (0x02c6ff63)
core   0: 0x8000999e (0x00fa88b3) add     a7, s5, a5
core   0: 3 0x8000999e (0x00fa88b3) x17 0x00000003
core   0: 0x800099a2 (0x012a53b3) srl     t2, s4, s2
core   0: 3 0x800099a2 (0x012a53b3) x7  0x00000000
core   0: 0x800099a6 (0x03f06763) bltu    zero, t6, pc + 46
core   0: 3 0x800099a6 (0x03f06763)
core   0: 0x800099d4 (0x6755c813) xori    a6, a1, 1653
core   0: 3 0x800099d4 (0x6755c813) x16 0x80029a91
core   0: 0x800099d8 (0x8e352413) slti    s0, a0, -1821
core   0: 3 0x800099d8 (0x8e352413) x8  0x00000000
core   0: 0x800099dc (0x081d7793) andi    a5, s10, 129
core   0: 3 0x800099dc (0x081d7793) x15 0x00000080
core   0: 0x800099e0 (0x0000087a) c.slli  a6, 30
core   0: 3 0x800099e0 (0x087a) x16 0x40000000
core   0: 0x800099e2 (0x001dae33) slt     t3, s11, ra
core   0: 3 0x800099e2 (0x001dae33) x28 0x00000001
core   0: 0x800099e6 (0x03d66133) rem     sp, a2, t4
core   0: 3 0x800099e6 (0x03d66133) x2  0xf16a4c3b
core   0: 0x800099ea (0x00432683) lw      a3, 4(t1)
core   0: 3 0x800099ea (0x00432683) x13 0x800049e6 mem 0x80025e58
core   0: 0x800099ee (0x0053fdb3) and     s11, t2, t0
core   0: 3 0x800099ee (0x0053fdb3) x27 0x00000000
core   0: 0x800099f2 (0x6f330997) auipc   s3, 0x6f330
core   0: 3 0x800099f2 (0x6f330997) x19 0xef3399f2
core   0: 0x800099f6 (0x00000341) c.addi  t1, 16
core   0: 3 0x800099f6 (0x0341) x6  0x80025e64
core   0: 0x800099f8 (0x00a259b3) srl     s3, tp, a0
core   0: 3 0x800099f8 (0x00a259b3) x19 0x000003dd
core   0: 0x800099fc (0x00168993) addi    s3, a3, 1
core   0: 3 0x800099fc (0x00168993) x19 0x800049e7
core   0: 0x80009a00 (0x000989e7) jalr    s3, s3, 0
core   0: 3 0x80009a00 (0x000989e7) x19 0x80009a04
core   0: 0x800049e6 (0x6ce816b7) lui     a3, 0x6ce81
core   0: 3 0x800049e6 (0x6ce816b7) x13 0x6ce81000
core   0: 0x800049ea (0x00000266) c.slli  tp, 25
core   0: 3 0x800049ea (0x0266) x4  0xba000000
core   0: 0x800049ec (0x7fbf7393) andi    t2, t5, 2043
core   0: 3 0x800049ec (0x7fbf7393) x7  0x00000001
core   0: 0x800049f0 (0x013bceb3) xor     t4, s7, s3
core   0: 3 0x800049f0 (0x013bceb3) x29 0x7fff65fb
core   0: 0x800049f4 (0x9fb38493) addi    s1, t2, -1541
core   0: 3 0x800049f4 (0x9fb38493) x9  0xfffff9fc
core   0: 0x800049f8 (0x46272d13) slti    s10, a4, 1122
core   0: 3 0x800049f8 (0x46272d13) x26 0x00000001
core   0: 0x800049fc (0x409182b3) sub     t0, gp, s1
core   0: 3 0x800049fc (0x409182b3) x5  0x00000605
core   0: 0x80004a00 (0x005b9993) slli    s3, s7, 5
core   0: 3 0x80004a00 (0x005b9993) x19 0xffffffe0
core   0: 0x80004a04 (0x026b5833) divu    a6, s6, t1
core   0: 3 0x80004a04 (0x026b5833) x16 0x00000000
core   0: 0x80004a08 (0x3a77f393) andi    t2, a5, 935
core   0: 3 0x80004a08 (0x3a77f393) x7  0x00000080
core   0: 0x80004a0c (0x02dd1b63) bne     s10, a3, pc + 54
core   0: 3 0x80004a0c (0x02dd1b63)
core   0: 0x80004a42 (0xb67f0613) addi    a2, t5, -1177
core   0: 3 0x80004a42 (0xb67f0613) x12 0x94416b68
core   0: 0x80004a46 (0x00008d25) c.xor   a0, s1
core   0: 3 0x80004a46 (0x8d25) x10 0xfffff9fc
core   0: 0x80004a48 (0x57e04113) xori    sp, zero, 1406
core   0: 3 0x80004a48 (0x57e04113) x2  0x0000057e
core   0: 0x80004a4c (0xfb96ed13) ori     s10, a3, -71
core   0: 3 0x80004a4c (0xfb96ed13) x26 0xffffffb9
core   0: 0x80004a50 (0xaafe10b7) lui     ra, 0xaafe1
core   0: 3 0x80004a50 (0xaafe10b7) x1  0xaafe1000
core   0: 0x80004a54 (0x00001804) c.addi4spn s1, sp, 48
core   0: 3 0x80004a54 (0x1804) x9  0x000005ae
core   0: 0x80004a56 (0x0000018e) c.slli  gp, 3
core   0: 3 0x80004a56 (0x018e) x3  0x00000008
core   0: 0x80004a58 (0x00c36fb3) or      t6, t1, a2
core   0: 3 0x80004a58 (0x00c36fb3) x31 0x94437f6c
core   0: 0x80004a5c (0xb2053613) sltiu   a2, a0, -1248
core   0: 3 0x80004a5c (0xb2053613) x12 0x00000001
core   0: 0x80004a60 (0x035d5733) divu    a4, s10, s5
core   0: 3 0x80004a60 (0x035d5733) x14 0xffffffff
core   0: 0x80004a64 (0x0000e539) c.bnez  a0, pc + 78
core   0: 3 0x80004a64 (0xe539)
core   0: 0x80004ab2 (0x0000884d) c.andi  s0, 19
core   0: 3 0x80004ab2 (0x884d) x8  0x00000000
core   0: 0x80004ab4 (0x5ae7e713) ori     a4, a5, 1454
core   0: 3 0x80004ab4 (0x5ae7e713) x14 0x000005ae
core   0: 0x80004ab8 (0xadcbbd13) sltiu   s10, s7, -1316
core   0: 3 0x80004ab8 (0xadcbbd13) x26 0x00000000
core   0: 0x80004abc (0x00006721) c.lui   a4, 0x8
core   0: 3 0x80004abc (0x6721) x14 0x00008000
core   0: 0x80004abe (0x00008b35) c.andi  a4, 13
core   0: 3 0x80004abe (0x8b35) x14 0x00000000
core   0: 0x80004ac0 (0x416adf33) sra     t5, s5, s6
core   0: 3 0x80004ac0 (0x416adf33) x30 0x00000000
core   0: 0x80004ac4 (0x023c4863) blt     s8, gp, pc + 48
core   0: 3 0x80004ac4 (0x023c4863)
core   0: 0x80004ac8 (0x00000d9e) c.slli  s11, 7
core   0: 3 0x80004ac8 (0x0d9e) x27 0x00000000
core   0: 0x80004aca (0x00008f51) c.or    a4, a2
core   0: 3 0x80004aca (0x8f51) x14 0x00000001
core   0: 0x80004acc (0x4c538137) lui     sp, 0x4c538
core   0: 3 0x80004acc (0x4c538137) x2  0x4c538000
core   0: 0x80004ad0 (0x407e5833) sra     a6, t3, t2
core   0: 3 0x80004ad0 (0x407e5833) x16 0x00000001
core   0: 0x80004ad4 (0x003219b3) sll     s3, tp, gp
core   0: 3 0x80004ad4 (0x003219b3) x19 0x00000000
core   0: 0x80004ad8 (0x00008e79) c.and   a2, a4
core   0: 3 0x80004ad8 (0x8e79) x12 0x00000001
core   0: 0x80004ada (0x01149913) slli    s2, s1, 17
core   0: 3 0x80004ada (0x01149913) x18 0x0b5c0000
core   0: 0x80004ade (0x0137c533) xor     a0, a5, s3
core   0: 3 0x80004ade (0x0137c533) x10 0x00000080
core   0: 0x80004ae2 (0x1cbfee13) ori     t3, t6, 459
core   0: 3 0x80004ae2 (0x1cbfee13) x28 0x94437fef
core   0: 0x80004ae6 (0x00e91393) slli    t2, s2, 14
core   0: 3 0x80004ae6 (0x00e91393) x7  0x00000000
core   0: 0x80004aea (0x9bf85217) auipc   tp, 0x9bf85
core   0: 3 0x80004aea (0x9bf85217) x4  0x1bf89aea
core   0: 0x80004aee (0x027e2f33) mulhsu  t5, t3, t2
core   0: 3 0x80004aee (0x027e2f33) x30 0x00000000
core   0: 0x80004af2 (0x00000001) c.nop
core   0: 3 0x80004af2 (0x0001)
core   0: 0x80004af4 (0xe54eae13) slti    t3, t4, -428
core   0: 3 0x80004af4 (0xe54eae13) x28 0x00000000
core   0: 0x80004af8 (0xb66da293) slti    t0, s11, -1178
core   0: 3 0x80004af8 (0xb66da293) x5  0x00000000
core   0: 0x80004afc (0x048a9063) bne     s5, s0, pc + 64
core   0: 3 0x80004afc (0x048a9063)
core   0: 0x80004b00 (0x3bf8bf93) sltiu   t6, a7, 959
core   0: 3 0x80004b00 (0x3bf8bf93) x31 0x00000001
core   0: 0x80004b04 (0x01d38493) addi    s1, t2, 29
core   0: 3 0x80004b04 (0x01d38493) x9  0x0000001d
core   0: 0x80004b08 (0x017d5393) srli    t2, s10, 23
core   0: 3 0x80004b08 (0x017d5393) x7  0x00000000
core   0: 0x80004b0c (0x013f1213) slli    tp, t5, 19
core   0: 3 0x80004b0c (0x013f1213) x4  0x00000000
core   0: 0x80004b10 (0x02c88c33) mul     s8, a7, a2
core   0: 3 0x80004b10 (0x02c88c33) x24 0x00000003
core   0: 0x80004b14 (0x00926c33) or      s8, tp, s1
core   0: 3 0x80004b14 (0x00926c33) x24 0x0000001d
core   0: 0x80004b18 (0x025480b3) mul     ra, s1, t0
core   0: 3 0x80004b18 (0x025480b3) x1  0x00000000
core   0: 0x80004b1c (0x01124a33) xor     s4, tp, a7
core   0: 3 0x80004b1c (0x01124a33) x20 0x00000003
core   0: 0x80004b20 (0x00006175) c.addi16sp sp, 368
core   0: 3 0x80004b20 (0x6175) x2  0x4c538170
core   0: 0x80004b22 (0x10f07563) bgeu    zero, a5, pc + 266
core   0: 3 0x80004b22 (0x10f07563)
core   0: 0x80004b26 (0x01691bb3) sll     s7, s2, s6
core   0: 3 0x80004b26 (0x01691bb3) x23 0x00000000
core   0: 0x80004b2a (0xd84390b7) lui     ra, 0xd8439
core   0: 3 0x80004b2a (0xd84390b7) x1  0xd8439000
core   0: 0x80004b2e (0x01239e33) sll     t3, t2, s2
core   0: 3 0x80004b2e (0x01239e33) x28 0x00000000
core   0: 0x80004b32 (0xd159ca37) lui     s4, 0xd159c
core   0: 3 0x80004b32 (0xd159ca37) x20 0xd159c000
core   0: 0x80004b36 (0x000086b9) c.srai  a3, 14
core   0: 3 0x80004b36 (0x86b9) x13 0x0001b3a0
core   0: 0x80004b38 (0x00008205) c.srli  a2, 1
core   0: 3 0x80004b38 (0x8205) x12 0x00000000
core   0: 0x80004b3a (0x0000e26d) c.bnez  a2, pc + 226
core   0: 3 0x80004b3a (0xe26d)
core   0: 0x80004b3c (0x00008c85) c.sub   s1, s1
core   0: 3 0x80004b3c (0x8c85) x9  0x00000000
core   0: 0x80004b3e (0x00008205) c.srli  a2, 1
core   0: 3 0x80004b3e (0x8205) x12 0x00000000
core   0: 0x80004b40 (0x45543d97) auipc   s11, 0x45543
core   0: 3 0x80004b40 (0x45543d97) x27 0xc5547b40
core   0: 0x80004b44 (0x0001b117) auipc   sp, 0x1b
core   0: 3 0x80004b44 (0x0001b117) x2  0x8001fb44
core   0: 0x80004b48 (0x8f510113) addi    sp, sp, -1803
core   0: 3 0x80004b48 (0x8f510113) x2  0x8001f439
core   0: 0x80004b4c (0x45d10d03) lb      s10, 1117(sp)
core   0: 3 0x80004b4c (0x45d10d03) x26 0x0000004d mem 0x8001f896
core   0: 0x80004b50 (0x00000001) c.nop
core   0: 3 0x80004b50 (0x0001)
core   0: 0x80004b52 (0x84110703) lb      a4, -1983(sp)
core   0: 3 0x80004b52 (0x84110703) x14 0x00000031 mem 0x8001ec7a
core   0: 0x80004b56 (0x00008f75) c.and   a4, a3
core   0: 3 0x80004b56 (0x8f75) x14 0x00000020
core   0: 0x80004b58 (0xc7410703) lb      a4, -908(sp)
core   0: 3 0x80004b58 (0xc7410703) x14 0x00000066 mem 0x8001f0ad
core   0: 0x80004b5c (0x92228713) addi    a4, t0, -1758
core   0: 3 0x80004b5c (0x92228713) x14 0xfffff922
core   0: 0x80004b60 (0x74d104a3) sb      a3, 1865(sp)
core   0: 3 0x80004b60 (0x74d104a3) mem 0x8001fb82 0xa0
core   0: 0x80004b64 (0x69014d03) lbu     s10, 1680(sp)
core   0: 3 0x80004b64 (0x69014d03) x26 0x00000082 mem 0x8001fac9
core   0: 0x80004b68 (0x00000001) c.nop
core   0: 3 0x80004b68 (0x0001)
core   0: 0x80004b6a (0x02577d33) remu    s10, a4, t0
core   0: 3 0x80004b6a (0x02577d33) x26 0xfffff922
core   0: 0x80004b6e (0x4ca10483) lb      s1, 1226(sp)
core   0: 3 0x80004b6e (0x4ca10483) x9  0xffffffb8 mem 0x8001f903
core   0: 0x80004b72 (0x00dd4a33) xor     s4, s10, a3
core   0: 3 0x80004b72 (0x00dd4a33) x20 0xfffe4a82
core   0: 0x80004b76 (0xa80d4713) xori    a4, s10, -1408
core   0: 3 0x80004b76 (0xa80d4713) x14 0x000003a2
core   0: 0x80004b7a (0xe34102a3) sb      s4, -475(sp)
core   0: 3 0x80004b7a (0xe34102a3) mem 0x8001f25e 0x82
core   0: 0x80004b7e (0x13514683) lbu     a3, 309(sp)
core   0: 3 0x80004b7e (0x13514683) x13 0x00000025 mem 0x8001f56e
core   0: 0x80004b82 (0x39214a03) lbu     s4, 914(sp)
core   0: 3 0x80004b82 (0x39214a03) x20 0x00000080 mem 0x8001f7cb
core   0: 0x80004b86 (0x40c10483) lb      s1, 1036(sp)
core   0: 3 0x80004b86 (0x40c10483) x9  0xfffffffe mem 0x8001f845
core   0: 0x80004b8a (0x96e12fa3) sw      a4, -1665(sp)
core   0: 3 0x80004b8a (0x96e12fa3) mem 0x8001edb8 0x000003a2
core   0: 0x80004b8e (0x6924ba13) sltiu   s4, s1, 1682
core   0: 3 0x80004b8e (0x6924ba13) x20 0x00000000
core   0: 0x80004b92 (0x00009b7d) c.andi  a4, -1
core   0: 3 0x80004b92 (0x9b7d) x14 0x000003a2
core   0: 0x80004b94 (0xc3d11683) lh      a3, -963(sp)
core   0: 3 0x80004b94 (0xc3d11683) x13 0x00002c2d mem 0x8001f076
core   0: 0x80004b98 (0x5ba100a3) sb      s10, 1441(sp)
core   0: 3 0x80004b98 (0x5ba100a3) mem 0x8001f9da 0x22
core   0: 0x80004b9c (0x6d2fc297) auipc   t0, 0x6d2fc
core   0: 3 0x80004b9c (0x6d2fc297) x5  0xed300b9c
core   0: 0x80004ba0 (0x00008725) c.srai  a4, 9
core   0: 3 0x80004ba0 (0x8725) x14 0x00000001
core   0: 0x80004ba2 (0x00008f65) c.and   a4, s1
core   0: 3 0x80004ba2 (0x8f65) x14 0x00000000
core   0: 0x80004ba4 (0x185123a3) sw      t0, 391(sp)
core   0: 3 0x80004ba4 (0x185123a3) mem 0x8001f5c0 0xed300b9c
core   0: 0x80004ba8 (0xc3e14283) lbu     t0, -962(sp)
core   0: 3 0x80004ba8 (0xc3e14283) x5  0x0000002c mem 0x8001f077
core   0: 0x80004bac (0x014d06b3) add     a3, s10, s4
core   0: 3 0x80004bac (0x014d06b3) x13 0xfffff922
core   0: 0x80004bb0 (0x411d5a13) srai    s4, s10, 17
core   0: 3 0x80004bb0 (0x411d5a13) x20 0xffffffff
core   0: 0x80004bb4 (0xeed10283) lb      t0, -275(sp)
core   0: 3 0x80004bb4 (0xeed10283) x5  0xffffffdd mem 0x8001f326
core   0: 0x80004bb8 (0x9e115683) lhu     a3, -1567(sp)
core   0: 3 0x80004bb8 (0x9e115683) x13 0x0000d0d1 mem 0x8001ee1a
core   0: 0x80004bbc (0x0e9105a3) sb      s1, 235(sp)
core   0: 3 0x80004bbc (0x0e9105a3) mem 0x8001f524 0xfe
core   0: 0x80004bc0 (0x02dd4a33) div     s4, s10, a3
core   0: 3 0x80004bc0 (0x02dd4a33) x20 0x00000000
core   0: 0x80004bc4 (0x1ebd6a13) ori     s4, s10, 491
core   0: 3 0x80004bc4 (0x1ebd6a13) x20 0xfffff9eb
core   0: 0x80004bc8 (0x01a294b3) sll     s1, t0, s10
core   0: 3 0x80004bc8 (0x01a294b3) x9  0xffffff74
core   0: 0x80004bcc (0x01aa0733) add     a4, s4, s10
core   0: 3 0x80004bcc (0x01aa0733) x14 0xfffff30d
core   0: 0x80004bd0 (0x00dd5d13) srli    s10, s10, 13
core   0: 3 0x80004bd0 (0x00dd5d13) x26 0x0007ffff
core   0: 0x80004bd4 (0x97bd4a13) xori    s4, s10, -1669
core   0: 3 0x80004bd4 (0x97bd4a13) x20 0xfff80684
core   0: 0x80004bd8 (0x7e814d03) lbu     s10, 2024(sp)
core   0: 3 0x80004bd8 (0x7e814d03) x26 0x000000da mem 0x8001fc21
core   0: 0x80004bdc (0x64915703) lhu     a4, 1609(sp)
core   0: 3 0x80004bdc (0x64915703) x14 0x00003839 mem 0x8001fa82
core   0: 0x80004be0 (0x02ed16b3) mulh    a3, s10, a4
core   0: 3 0x80004be0 (0x02ed16b3) x13 0x00000000
core   0: 0x80004be4 (0xf4f84a17) auipc   s4, 0xf4f84
core   0: 3 0x80004be4 (0xf4f84a17) x20 0x74f88be4
core   0: 0x80004be8 (0x17114703) lbu     a4, 369(sp)
core   0: 3 0x80004be8 (0x17114703) x14 0x00000061 mem 0x8001f5aa
core   0: 0x80004bec (0x113a2713) slti    a4, s4, 275
core   0: 3 0x80004bec (0x113a2713) x14 0x00000000
core   0: 0x80004bf0 (0x99514703) lbu     a4, -1643(sp)
core   0: 3 0x80004bf0 (0x99514703) x14 0x00000085 mem 0x8001edce
core   0: 0x80004bf4 (0xa4814d03) lbu     s10, -1464(sp)
core   0: 3 0x80004bf4 (0xa4814d03) x26 0x0000003a mem 0x8001ee81
core   0: 0x80004bf8 (0x00004749) c.li    a4, 18
core   0: 3 0x80004bf8 (0x4749) x14 0x00000012
core   0: 0x80004bfa (0x00008cf5) c.and   s1, a3
core   0: 3 0x80004bfa (0x8cf5) x9  0x00000000
core   0: 0x80004bfc (0x00008f55) c.or    a4, a3
core   0: 3 0x80004bfc (0x8f55) x14 0x00000012
core   0: 0x80004bfe (0xa2d10323) sb      a3, -1498(sp)
core   0: 3 0x80004bfe (0xa2d10323) mem 0x8001ee5f 0x00
core   0: 0x80004c02 (0xbe311d03) lh      s10, -1053(sp)
core   0: 3 0x80004c02 (0xbe311d03) x26 0xffffd6d7 mem 0x8001f01c
core   0: 0x80004c06 (0xd4510e23) sb      t0, -676(sp)
core   0: 3 0x80004c06 (0xd4510e23) mem 0x8001f195 0xdd
core   0: 0x80004c0a (0x7fa72713) slti    a4, a4, 2042
core   0: 3 0x80004c0a (0x7fa72713) x14 0x00000001
core   0: 0x80004c0e (0xfed10d23) sb      a3, -6(sp)
core   0: 3 0x80004c0e (0xfed10d23) mem 0x8001f433 0x00
core   0: 0x80004c12 (0x015fcb63) blt     t6, s5, pc + 22
core   0: 3 0x80004c12 (0x015fcb63)
core   0: 0x80004c16 (0x00c6a233) slt     tp, a3, a2
core   0: 3 0x80004c16 (0x00c6a233) x4  0x00000000
core   0: 0x80004c1a (0x0000978a) c.add   a5, sp
core   0: 3 0x80004c1a (0x978a) x15 0x8001f4b9
core   0: 0x80004c1c (0x01896863) bltu    s2, s8, pc + 16
core   0: 3 0x80004c1c (0x01896863)
core   0: 0x80004c20 (0x00000001) c.nop
core   0: 3 0x80004c20 (0x0001)
core   0: 0x80004c22 (0x00008959) c.andi  a0, 22
core   0: 3 0x80004c22 (0x8959) x10 0x00000000
core   0: 0x80004c24 (0x0047e733) or      a4, a5, tp
core   0: 3 0x80004c24 (0x0047e733) x14 0x8001f4b9
core   0: 0x80004c28 (0x27b80793) addi    a5, a6, 635
core   0: 3 0x80004c28 (0x27b80793) x15 0x0000027c
core   0: 0x80004c2c (0x001e4eb3) xor     t4, t3, ra
core   0: 3 0x80004c2c (0x001e4eb3) x29 0xd8439000
core   0: 0x80004c30 (0x00008459) c.srai  s0, 22
core   0: 3 0x80004c30 (0x8459) x8  0x00000000
core   0: 0x80004c32 (0x036088b3) mul     a7, ra, s6
core   0: 3 0x80004c32 (0x036088b3) x17 0xcee43000
core   0: 0x80004c36 (0x037a9e33) mulh    t3, s5, s7
core   0: 3 0x80004c36 (0x037a9e33) x28 0x00000000
core   0: 0x80004c3a (0x0000717d) c.addi16sp sp, -16
core   0: 3 0x80004c3a (0x717d) x2  0x8001f429
core   0: 0x80004c3c (0x0395c563) blt     a1, s9, pc + 42
core   0: 3 0x80004c3c (0x0395c563)
core   0: 0x80004c66 (0x0252ea63) bltu    t0, t0, pc + 52
core   0: 3 0x80004c66 (0x0252ea63)
core   0: 0x80004c6a (0xd4906713) ori     a4, zero, -695
core   0: 3 0x80004c6a (0xd4906713) x14 0xfffffd49
core   0: 0x80004c6e (0x580a2013) slti    zero, s4, 1408
core   0: 3 0x80004c6e (0x580a2013)
core   0: 0x80004c72 (0x0237d7b3) divu    a5, a5, gp
core   0: 3 0x80004c72 (0x0237d7b3) x15 0x0000004f
core   0: 0x80004c76 (0x40c55413) srai    s0, a0, 12
core   0: 3 0x80004c76 (0x40c55413) x8  0x00000000
core   0: 0x80004c7a (0x002e4133) xor     sp, t3, sp
core   0: 3 0x80004c7a (0x002e4133) x2  0x8001f429
core   0: 0x80004c7e (0x0000c289) c.beqz  a3, pc + 2
core   0: 3 0x80004c7e (0xc289)
core   0: 0x80004c80 (0x007bc663) blt     s7, t2, pc + 12
core   0: 3 0x80004c80 (0x007bc663)
core   0: 0x80004c84 (0x00008ce1) c.and   s1, s0
core   0: 3 0x80004c84 (0x8ce1) x9  0x00000000
core   0: 0x80004c86 (0x00000f6e) c.slli  t5, 27
core   0: 3 0x80004c86 (0x0f6e) x30 0x00000000
core   0: 0x80004c88 (0x029c1133) mulh    sp, s8, s1
core   0: 3 0x80004c88 (0x029c1133) x2  0x00000000
core   0: 0x80004c8c (0x000068ad) c.lui   a7, 0xb
core   0: 3 0x80004c8c (0x68ad) x17 0x0000b000
core   0: 0x80004c8e (0x00008175) c.srli  a0, 29
core   0: 3 0x80004c8e (0x8175) x10 0x00000000
core   0: 0x80004c90 (0xa10b2e17) auipc   t3, 0xa10b2
core   0: 3 0x80004c90 (0xa10b2e17) x28 0x210b6c90
core   0: 0x80004c94 (0x02e8ec63) bltu    a7, a4, pc + 56
core   0: 3 0x80004c94 (0x02e8ec63)
core   0: 0x80004ccc (0x00001efd) c.addi  t4, -1
core   0: 3 0x80004ccc (0x1efd) x29 0xd8438fff
core   0: 0x80004cce (0x038e8a33) mul     s4, t4, s8
core   0: 3 0x80004cce (0x038e8a33) x20 0x7fa74fe3
core   0: 0x80004cd2 (0x000062bd) c.lui   t0, 0xf
core   0: 3 0x80004cd2 (0x62bd) x5  0x0000f000
core   0: 0x80004cd4 (0x0133d413) srli    s0, t2, 19
core   0: 3 0x80004cd4 (0x0133d413) x8  0x00000000
core   0: 0x80004cd8 (0x01691f33) sll     t5, s2, s6
core   0: 3 0x80004cd8 (0x01691f33) x30 0x00000000
core   0: 0x80004cdc (0x00000001) c.nop
core   0: 3 0x80004cdc (0x0001)
core   0: 0x80004cde (0x00000908) c.addi4spn a0, sp, 144
core   0: 3 0x80004cde (0x0908) x10 0x00000090
core   0: 0x80004ce0 (0x00b10f33) add     t5, sp, a1
core   0: 3 0x80004ce0 (0x00b10f33) x30 0x80029ce4
core   0: 0x80004ce4 (0x01479b13) slli    s6, a5, 20
core   0: 3 0x80004ce4 (0x01479b13) x22 0x04f00000
core   0: 0x80004ce8 (0x023a1f33) mulh    t5, s4, gp
core   0: 3 0x80004ce8 (0x023a1f33) x30 0x00000003
core   0: 0x80004cec (0x0266a033) mulhsu  zero, a3, t1
core   0: 3 0x80004cec (0x0266a033)
core   0: 0x80004cf0 (0x404750b3) sra     ra, a4, tp
core   0: 3 0x80004cf0 (0x404750b3) x1  0xfffffd49
core   0: 0x80004cf4 (0x00008c3d) c.xor   s0, a5
core   0: 3 0x80004cf4 (0x8c3d) x8  0x0000004f
core   0: 0x80004cf6 (0x001aae33) slt     t3, s5, ra
core   0: 3 0x80004cf6 (0x001aae33) x28 0x00000000
core   0: 0x80004cfa (0x00000252) c.slli  tp, 20
core   0: 3 0x80004cfa (0x0252) x4  0x00000000
core   0: 0x80004cfc (0x02c406b3) mul     a3, s0, a2
core   0: 3 0x80004cfc (0x02c406b3) x13 0x00000000
core   0: 0x80004d00 (0x00546f63) bltu    s0, t0, pc + 30
core   0: 3 0x80004d00 (0x00546f63)
core   0: 0x80004d1e (0x025988b3) mul     a7, s3, t0
core   0: 3 0x80004d1e (0x025988b3) x17 0x00000000
core   0: 0x80004d22 (0x00000001) c.nop
core   0: 3 0x80004d22 (0x0001)
core   0: 0x80004d24 (0xf03aee17) auipc   t3, 0xf03ae
core   0: 3 0x80004d24 (0xf03aee17) x28 0x703b2d24
core   0: 0x80004d28 (0x000082bd) c.srli  a3, 15
core   0: 3 0x80004d28 (0x82bd) x13 0x00000000
core   0: 0x80004d2a (0x018a2633) slt     a2, s4, s8
core   0: 3 0x80004d2a (0x018a2633) x12 0x00000000
core   0: 0x80004d2e (0x015d8d63) beq     s11, s5, pc + 26
core   0: 3 0x80004d2e (0x015d8d63)
core   0: 0x80004d32 (0x00008d71) c.and   a0, a2
core   0: 3 0x80004d32 (0x8d71) x10 0x00000000
core   0: 0x80004d34 (0x0000e305) c.bnez  a4, pc + 32
core   0: 3 0x80004d34 (0xe305)
core   0: 0x80004d54 (0x00008f31) c.xor   a4, a2
core   0: 3 0x80004d54 (0x8f31) x14 0xfffffd49
core   0: 0x80004d56 (0x018bda33) srl     s4, s7, s8
core   0: 3 0x80004d56 (0x018bda33) x20 0x00000000
core   0: 0x80004d5a (0x03ac7d63) bgeu    s8, s10, pc + 58
core   0: 3 0x80004d5a (0x03ac7d63)
core   0: 0x80004d5e (0x00e31613) slli    a2, t1, 14
core   0: 3 0x80004d5e (0x00e31613) x12 0x97990000
core   0: 0x80004d62 (0x037e8663) beq     t4, s7, pc + 44
core   0: 3 0x80004d62 (0x037e8663)
core   0: 0x80004d66 (0x03519033) mulh    zero, gp, s5
core   0: 3 0x80004d66 (0x03519033)
core   0: 0x80004d6a (0x016af3b3) and     t2, s5, s6
core   0: 3 0x80004d6a (0x016af3b3) x7  0x00000000
core   0: 0x80004d6e (0x0186da63) bge     a3, s8, pc + 20
core   0: 3 0x80004d6e (0x0186da63)
core   0: 0x80004d72 (0x02780bb3) mul     s7, a6, t2
core   0: 3 0x80004d72 (0x02780bb3) x23 0x00000000
core   0: 0x80004d76 (0x00008535) c.srai  a0, 13
core   0: 3 0x80004d76 (0x8535) x10 0x00000000
core   0: 0x80004d78 (0x03cbe263) bltu    s7, t3, pc + 36
core   0: 3 0x80004d78 (0x03cbe263)
core   0: 0x80004d9c (0x0000717d) c.addi16sp sp, -16
core   0: 3 0x80004d9c (0x717d) x2  0xfffffff0
core   0: 0x80004d9e (0x028b7133) remu    sp, s6, s0
core   0: 3 0x80004d9e (0x028b7133) x2  0x00000000
core   0: 0x80004da2 (0x013e5d13) srli    s10, t3, 19
core   0: 3 0x80004da2 (0x013e5d13) x26 0x00000e07
core   0: 0x80004da6 (0x0126c4b3) xor     s1, a3, s2
core   0: 3 0x80004da6 (0x0126c4b3) x9  0x0b5c0000
core   0: 0x80004daa (0x0000c499) c.beqz  s1, pc + 14
core   0: 3 0x80004daa (0xc499)
core   0: 0x80004dac (0x02762b33) mulhsu  s6, a2, t2
core   0: 3 0x80004dac (0x02762b33) x22 0x00000000
core   0: 0x80004db0 (0x01ba7233) and     tp, s4, s11
core   0: 3 0x80004db0 (0x01ba7233) x4  0x00000000
core   0: 0x80004db4 (0x03b63f33) mulhu   t5, a2, s11
core   0: 3 0x80004db4 (0x03b63f33) x30 0x74dac430
core   0: 0x80004db8 (0x0000e911) c.bnez  a0, pc + 20
core   0: 3 0x80004db8 (0xe911)
core   0: 0x80004dba (0x00008436) c.mv    s0, a3
core   0: 3 0x80004dba (0x8436) x8  0x00000000
core   0: 0x80004dbc (0x01859bb3) sll     s7, a1, s8
core   0: 3 0x80004dbc (0x01859bb3) x23 0x80000000
core   0: 0x80004dc0 (0x00008e35) c.xor   a2, a3
core   0: 3 0x80004dc0 (0x8e35) x12 0x97990000
core   0: 0x80004dc2 (0x00008106) c.mv    sp, ra
core   0: 3 0x80004dc2 (0x8106) x2  0xfffffd49
core   0: 0x80004dc4 (0x00008d35) c.xor   a0, a3
core   0: 3 0x80004dc4 (0x8d35) x10 0x00000000
core   0: 0x80004dc6 (0xa395a913) slti    s2, a1, -1479
core   0: 3 0x80004dc6 (0xa395a913) x18 0x00000001
core   0: 0x80004dca (0x00008d31) c.xor   a0, a2
core   0: 3 0x80004dca (0x8d31) x10 0x97990000
core   0: 0x80004dcc (0x00d9d463) bge     s3, a3, pc + 8
core   0: 3 0x80004dcc (0x00d9d463)
core   0: 0x80004dd4 (0xd2482893) slti    a7, a6, -732
core   0: 3 0x80004dd4 (0xd2482893) x17 0x00000000
core   0: 0x80004dd8 (0x41bd87b3) sub     a5, s11, s11
core   0: 3 0x80004dd8 (0x41bd87b3) x15 0x00000000
core   0: 0x80004ddc (0x00006b19) c.lui   s6, 0x6
core   0: 3 0x80004ddc (0x6b19) x22 0x00006000
core   0: 0x80004dde (0x00008d42) c.mv    s10, a6
core   0: 3 0x80004dde (0x8d42) x26 0x00000001
core   0: 0x80004de0 (0x02729863) bne     t0, t2, pc + 48
core   0: 3 0x80004de0 (0x02729863)
core   0: 0x80004e10 (0x016ed563) bge     t4, s6, pc + 10
core   0: 3 0x80004e10 (0x016ed563)
core   0: 0x80004e14 (0x01af1413) slli    s0, t5, 26
core   0: 3 0x80004e14 (0x01af1413) x8  0xc0000000
core   0: 0x80004e18 (0x00000001) c.nop
core   0: 3 0x80004e18 (0x0001)
core   0: 0x80004e1a (0x00000809) c.addi  a6, 2
core   0: 3 0x80004e1a (0x0809) x16 0x00000003
core   0: 0x80004e1c (0x00006d99) c.lui   s11, 0x6
core   0: 3 0x80004e1c (0x6d99) x27 0x00006000
core   0: 0x80004e1e (0x00000001) c.nop
core   0: 3 0x80004e1e (0x0001)
core   0: 0x80004e20 (0x00a767b3) or      a5, a4, a0
core   0: 3 0x80004e20 (0x00a767b3) x15 0xfffffd49
core   0: 0x80004e24 (0x41ce0933) sub     s2, t3, t3
core   0: 3 0x80004e24 (0x41ce0933) x18 0x00000000
core   0: 0x80004e28 (0x0000717d) c.addi16sp sp, -16
core   0: 3 0x80004e28 (0x717d) x2  0xfffffd39
core   0: 0x80004e2a (0x027b1b33) mulh    s6, s6, t2
core   0: 3 0x80004e2a (0x027b1b33) x22 0x00000000
core   0: 0x80004e2e (0x000000a2) c.slli  ra, 8
core   0: 3 0x80004e2e (0x00a2) x1  0xfffd4900
core   0: 0x80004e30 (0x0361c633) div     a2, gp, s6
core   0: 3 0x80004e30 (0x0361c633) x12 0xffffffff
core   0: 0x80004e34 (0x00000622) c.slli  a2, 8
core   0: 3 0x80004e34 (0x0622) x12 0xffffff00
core   0: 0x80004e36 (0x4c210693) addi    a3, sp, 1218
core   0: 3 0x80004e36 (0x4c210693) x13 0x000001fb
core   0: 0x80004e3a (0x0056a7b3) slt     a5, a3, t0
core   0: 3 0x80004e3a (0x0056a7b3) x15 0x00000001
core   0: 0x80004e3e (0x014c5a93) srli    s5, s8, 20
core   0: 3 0x80004e3e (0x014c5a93) x21 0x00000000
core   0: 0x80004e42 (0x01137ab3) and     s5, t1, a7
core   0: 3 0x80004e42 (0x01137ab3) x21 0x00000000
core   0: 0x80004e46 (0x00000001) c.nop
core   0: 3 0x80004e46 (0x0001)
core   0: 0x80004e48 (0x02d1f9b3) remu    s3, gp, a3
core   0: 3 0x80004e48 (0x02d1f9b3) x19 0x00000008
core   0: 0x80004e4c (0x00b0f2b3) and     t0, ra, a1
core   0: 3 0x80004e4c (0x00b0f2b3) x5  0x80000800
core   0: 0x80004e50 (0x034178b3) remu    a7, sp, s4
core   0: 3 0x80004e50 (0x034178b3) x17 0xfffffd39
core   0: 0x80004e54 (0x00008685) c.srai  a3, 1
core   0: 3 0x80004e54 (0x8685) x13 0x000000fd
core   0: 0x80004e56 (0x4b0d0b17) auipc   s6, 0x4b0d0
core   0: 3 0x80004e56 (0x4b0d0b17) x22 0xcb0d4e56
core   0: 0x80004e5a (0x0000966e) c.add   a2, s11
core   0: 3 0x80004e5a (0x966e) x12 0x00005f00
core   0: 0x80004e5c (0x03c4ffb3) remu    t6, s1, t3
core   0: 3 0x80004e5c (0x03c4ffb3) x31 0x0b5c0000
core   0: 0x80004e60 (0x032affb3) remu    t6, s5, s2
core   0: 3 0x80004e60 (0x032affb3) x31 0x00000000
core   0: 0x80004e64 (0x02577633) remu    a2, a4, t0
core   0: 3 0x80004e64 (0x02577633) x12 0x7ffff549
core   0: 0x80004e68 (0x079bf063) bgeu    s7, s9, pc + 96
core   0: 3 0x80004e68 (0x079bf063)
core   0: 0x80004ec8 (0x0000997d) c.andi  a0, -1
core   0: 3 0x80004ec8 (0x997d) x10 0x97990000
core   0: 0x80004eca (0x000086dd) c.srai  a3, 23
core   0: 3 0x80004eca (0x86dd) x13 0x00000000
core   0: 0x80004ecc (0x61ad3513) sltiu   a0, s10, 1562
core   0: 3 0x80004ecc (0x61ad3513) x10 0x00000001
core   0: 0x80004ed0 (0x02ed7733) remu    a4, s10, a4
core   0: 3 0x80004ed0 (0x02ed7733) x14 0x00000001
core   0: 0x80004ed4 (0x000088e9) c.andi  s1, 26
core   0: 3 0x80004ed4 (0x88e9) x9  0x00000000
core   0: 0x80004ed6 (0x00009bce) c.add   s7, s3
core   0: 3 0x80004ed6 (0x9bce) x23 0x80000008
core   0: 0x80004ed8 (0x00e8b8b3) sltu    a7, a7, a4
core   0: 3 0x80004ed8 (0x00e8b8b3) x17 0x00000000
core   0: 0x80004edc (0x03a6fd93) andi    s11, a3, 58
core   0: 3 0x80004edc (0x03a6fd93) x27 0x00000000
core   0: 0x80004ee0 (0x00008e0d) c.sub   a2, a1
core   0: 3 0x80004ee0 (0x8e0d) x12 0xfffd5865
core   0: 0x80004ee2 (0x01922c33) slt     s8, tp, s9
core   0: 3 0x80004ee2 (0x01922c33) x24 0x00000001
core   0: 0x80004ee6 (0x415cd1b3) sra     gp, s9, s5
core   0: 3 0x80004ee6 (0x415cd1b3) x3  0x0000000f
core   0: 0x80004eea (0x0000e3a9) c.bnez  a5, pc + 66
core   0: 3 0x80004eea (0xe3a9)
core   0: 0x80004f2c (0x0000695d) c.lui   s2, 0x17
core   0: 3 0x80004f2c (0x695d) x18 0x00017000
core   0: 0x80004f2e (0x1a41a713) slti    a4, gp, 420
core   0: 3 0x80004f2e (0x1a41a713) x14 0x00000001
core   0: 0x80004f32 (0x031260b3) rem     ra, tp, a7
core   0: 3 0x80004f32 (0x031260b3) x1  0x00000000
core   0: 0x80004f36 (0x00008959) c.andi  a0, 22
core   0: 3 0x80004f36 (0x8959) x10 0x00000000
core   0: 0x80004f38 (0x00008045) c.srli  s0, 17
core   0: 3 0x80004f38 (0x8045) x8  0x00006000
core   0: 0x80004f3a (0x02641133) mulh    sp, s0, t1
core   0: 3 0x80004f3a (0x02641133) x2  0xffffd000
core   0: 0x80004f3e (0x0000612d) c.addi16sp sp, 224
core   0: 3 0x80004f3e (0x612d) x2  0xffffd0e0
core   0: 0x80004f40 (0x0e3acf93) xori    t6, s5, 227
core   0: 3 0x80004f40 (0x0e3acf93) x31 0x000000e3
core   0: 0x80004f44 (0x0366adb3) mulhsu  s11, a3, s6
core   0: 3 0x80004f44 (0x0366adb3) x27 0x00000000
core   0: 0x80004f48 (0x00000001) c.nop
core   0: 3 0x80004f48 (0x0001)
core   0: 0x80004f4a (0x0357dd33) divu    s10, a5, s5
core   0: 3 0x80004f4a (0x0357dd33) x26 0xffffffff
core   0: 0x80004f4e (0x00906c33) or      s8, zero, s1
core   0: 3 0x80004f4e (0x00906c33) x24 0x00000000
core   0: 0x80004f52 (0x00008319) c.srli  a4, 6
core   0: 3 0x80004f52 (0x8319) x14 0x00000000
core   0: 0x80004f54 (0x0156da93) srli    s5, a3, 21
core   0: 3 0x80004f54 (0x0156da93) x21 0x00000000
core   0: 0x80004f58 (0x00008b4d) c.andi  a4, 19
core   0: 3 0x80004f58 (0x8b4d) x14 0x00000000
core   0: 0x80004f5a (0x004c7d63) bgeu    s8, tp, pc + 26
core   0: 3 0x80004f5a (0x004c7d63)
core   0: 0x80004f74 (0x00000bce) c.slli  s7, 19
core   0: 3 0x80004f74 (0x0bce) x23 0x00400000
core   0: 0x80004f76 (0x00008c89) c.sub   s1, a0
core   0: 3 0x80004f76 (0x8c89) x9  0x00000000
core   0: 0x80004f78 (0x41505d33) sra     s10, zero, s5
core   0: 3 0x80004f78 (0x41505d33) x26 0x00000000
core   0: 0x80004f7c (0x0000c117) auipc   sp, 0xc
core   0: 3 0x80004f7c (0x0000c117) x2  0x80010f7c
core   0: 0x80004f80 (0xce410113) addi    sp, sp, -796
core   0: 3 0x80004f80 (0xce410113) x2  0x80010c60
core   0: 0x80004f84 (0x000047b2) c.lwsp  a5, 12(sp)
core   0: 3 0x80004f84 (0x47b2) x15 0x24252627 mem 0x80010c6c
core   0: 0x80004f86 (0x00cc4fb3) xor     t6, s8, a2
core   0: 3 0x80004f86 (0x00cc4fb3) x31 0xfffd5865
core   0: 0x80004f8a (0x0000c64e) c.swsp  s3, 12(sp)
core   0: 3 0x80004f8a (0xc64e) mem 0x80010c6c 0x00000008
core   0: 0x80004f8c (0x00004082) c.lwsp  ra, 0(sp)
core   0: 3 0x80004f8c (0x4082) x1  0x18191a1b mem 0x80010c60
core   0: 0x80004f8e (0x00000001) c.nop
core   0: 3 0x80004f8e (0x0001)
core   0: 0x80004f90 (0xfe410da3) sb      tp, -5(sp)
core   0: 3 0x80004f90 (0xfe410da3) mem 0x80010c5b 0x00
core   0: 0x80004f94 (0xfe210da3) sb      sp, -5(sp)
core   0: 3 0x80004f94 (0xfe210da3) mem 0x80010c5b 0x60
core   0: 0x80004f98 (0xffb10f83) lb      t6, -5(sp)
core   0: 3 0x80004f98 (0xffb10f83) x31 0x00000060 mem 0x80010c5b
core   0: 0x80004f9c (0x00008ce5) c.and   s1, s1
core   0: 3 0x80004f9c (0x8ce5) x9  0x00000000
core   0: 0x80004f9e (0x019102a3) sb      s9, 5(sp)
core   0: 3 0x80004f9e (0x019102a3) mem 0x80010c65 0x0f
core   0: 0x80004fa2 (0x001669b3) or      s3, a2, ra
core   0: 3 0x80004fa2 (0x001669b3) x19 0xfffd5a7f
core   0: 0x80004fa6 (0x00314383) lbu     t2, 3(sp)
core   0: 3 0x80004fa6 (0x00314383) x7  0x00000018 mem 0x80010c63
core   0: 0x80004faa (0x4e6f3013) sltiu   zero, t5, 1254
core   0: 3 0x80004faa (0x4e6f3013)
core   0: 0x80004fae (0x01e101a3) sb      t5, 3(sp)
core   0: 3 0x80004fae (0x01e101a3) mem 0x80010c63 0x30
core   0: 0x80004fb2 (0x00f10e03) lb      t3, 15(sp)
core   0: 3 0x80004fb2 (0x00f10e03) x28 0x00000000 mem 0x80010c6f
core   0: 0x80004fb6 (0x0000c866) c.swsp  s9, 16(sp)
core   0: 3 0x80004fb6 (0xc866) mem 0x80010c70 0x0000000f
core   0: 0x80004fb8 (0x000047b2) c.lwsp  a5, 12(sp)
core   0: 3 0x80004fb8 (0x47b2) x15 0x00000008 mem 0x80010c6c
core   0: 0x80004fba (0x00008ef1) c.and   a3, a2
core   0: 3 0x80004fba (0x8ef1) x13 0x00000000
core   0: 0x80004fbc (0x0000c666) c.swsp  s9, 12(sp)
core   0: 3 0x80004fbc (0xc666) mem 0x80010c6c 0x0000000f
core   0: 0x80004fbe (0x01c03db3) snez    s11, t3
core   0: 3 0x80004fbe (0x01c03db3) x27 0x00000000
core   0: 0x80004fc2 (0x415b5c13) srai    s8, s6, 21
core   0: 3 0x80004fc2 (0x415b5c13) x24 0xfffffe58
core   0: 0x80004fc6 (0x05080397) auipc   t2, 0x5080
core   0: 3 0x80004fc6 (0x05080397) x7  0x85084fc6
core   0: 0x80004fca (0x00006141) c.addi16sp sp, 16
core   0: 3 0x80004fca (0x6141) x2  0x80010c70
core   0: 0x80004fcc (0x4d404113) xori    sp, zero, 1236
core   0: 3 0x80004fcc (0x4d404113) x2  0x000004d4
core   0: 0x80004fd0 (0x0000074a) c.slli  a4, 18
core   0: 3 0x80004fd0 (0x074a) x14 0x00000000
core   0: 0x80004fd2 (0x021a1ab3) mulh    s5, s4, ra
core   0: 3 0x80004fd2 (0x021a1ab3) x21 0x00000000
core   0: 0x80004fd6 (0x0000c81d) c.beqz  s0, pc + 54
core   0: 3 0x80004fd6 (0xc81d)
core   0: 0x80004fd8 (0x0000c891) c.beqz  s1, pc + 20
core   0: 3 0x80004fd8 (0xc891)
core   0: 0x80004fec (0x00008005) c.srli  s0, 1
core   0: 3 0x80004fec (0x8005) x8  0x00003000
core   0: 0x80004fee (0x00000506) c.slli  a0, 1
core   0: 3 0x80004fee (0x0506) x10 0x00000000
core   0: 0x80004ff0 (0x00008489) c.srai  s1, 2
core   0: 3 0x80004ff0 (0x8489) x9  0x00000000
core   0: 0x80004ff2 (0x0000e21d) c.bnez  a2, pc + 38
core   0: 3 0x80004ff2 (0xe21d)
core   0: 0x80005018 (0x0000ef99) c.bnez  a5, pc + 30
core   0: 3 0x80005018 (0xef99)
core   0: 0x80005036 (0x0000117d) c.addi  sp, -1
core   0: 3 0x80005036 (0x117d) x2  0x000004d3
core   0: 0x80005038 (0x00001818) c.addi4spn a4, sp, 48
core   0: 3 0x80005038 (0x1818) x14 0x00000503
core   0: 0x8000503a (0xced96613) ori     a2, s2, -787
core   0: 3 0x8000503a (0xced96613) x12 0xfffffced
core   0: 0x8000503e (0x270c6013) ori     zero, s8, 624
core   0: 3 0x8000503e (0x270c6013)
core   0: 0x80005042 (0x0000855d) c.srai  a0, 23
core   0: 3 0x80005042 (0x855d) x10 0x00000000
core   0: 0x80005044 (0x000097b6) c.add   a5, a3
core   0: 3 0x80005044 (0x97b6) x15 0x00000008
core   0: 0x80005046 (0x0137dc33) srl     s8, a5, s3
core   0: 3 0x80005046 (0x0137dc33) x24 0x00000000
core   0: 0x8000504a (0xc724b893) sltiu   a7, s1, -910
core   0: 3 0x8000504a (0xc724b893) x17 0x00000001
core   0: 0x8000504e (0x03512e33) mulhsu  t3, sp, s5
core   0: 3 0x8000504e (0x03512e33) x28 0x00000000
core   0: 0x80005052 (0x000082e6) c.mv    t0, s9
core   0: 3 0x80005052 (0x82e6) x5  0x0000000f
core   0: 0x80005054 (0x00000001) c.nop
core   0: 3 0x80005054 (0x0001)
core   0: 0x80005056 (0x01bb1633) sll     a2, s6, s11
core   0: 3 0x80005056 (0x01bb1633) x12 0xcb0d4e56
core   0: 0x8000505a (0x342b0193) addi    gp, s6, 834
core   0: 3 0x8000505a (0x342b0193) x3  0xcb0d5198
core   0: 0x8000505e (0x414fd7b3) sra     a5, t6, s4
core   0: 3 0x8000505e (0x414fd7b3) x15 0x00000060
core   0: 0x80005062 (0x14987993) andi    s3, a6, 329
core   0: 3 0x80005062 (0x14987993) x19 0x00000001
core   0: 0x80005066 (0x023d4f63) blt     s10, gp, pc + 62
core   0: 3 0x80005066 (0x023d4f63)
core   0: 0x8000506a (0x01fa1863) bne     s4, t6, pc + 16
core   0: 3 0x8000506a (0x01fa1863)
core   0: 0x8000507a (0xf0df7e13) andi    t3, t5, -243
core   0: 3 0x8000507a (0xf0df7e13) x28 0x74dac400
core   0: 0x8000507e (0x00008335) c.srli  a4, 13
core   0: 3 0x8000507e (0x8335) x14 0x00000000
core   0: 0x80005080 (0x00008c75) c.and   s0, a3
core   0: 3 0x80005080 (0x8c75) x8  0x00000000
core   0: 0x80005082 (0x0368cb63) blt     a7, s6, pc + 54
core   0: 3 0x80005082 (0x0368cb63)
core   0: 0x80005086 (0x0000717d) c.addi16sp sp, -16
core   0: 3 0x80005086 (0x717d) x2  0x000004c3
core   0: 0x80005088 (0x00972ab3) slt     s5, a4, s1
core   0: 3 0x80005088 (0x00972ab3) x21 0x00000000
core   0: 0x8000508c (0x05b9e063) bltu    s3, s11, pc + 64
core   0: 3 0x8000508c (0x05b9e063)
core   0: 0x80005090 (0x014acfb3) xor     t6, s5, s4
core   0: 3 0x80005090 (0x014acfb3) x31 0x00000000
core   0: 0x80005094 (0xb13a7737) lui     a4, 0xb13a7
core   0: 3 0x80005094 (0xb13a7737) x14 0xb13a7000
core   0: 0x80005098 (0x01661793) slli    a5, a2, 22
core   0: 3 0x80005098 (0x01661793) x15 0x95800000
core   0: 0x8000509c (0xc76f5537) lui     a0, 0xc76f5
core   0: 3 0x8000509c (0xc76f5537) x10 0xc76f5000
core   0: 0x800050a0 (0x4056dd33) sra     s10, a3, t0
core   0: 3 0x800050a0 (0x4056dd33) x26 0x00000000
core   0: 0x800050a4 (0x009c74b3) and     s1, s8, s1
core   0: 3 0x800050a4 (0x009c74b3) x9  0x00000000
core   0: 0x800050a8 (0x4212ea13) ori     s4, t0, 1057
core   0: 3 0x800050a8 (0x4212ea13) x20 0x0000042f
core   0: 0x800050ac (0x01d78263) beq     a5, t4, pc + 4
core   0: 3 0x800050ac (0x01d78263)
core   0: 0x800050b0 (0x005010b3) sll     ra, zero, t0
core   0: 3 0x800050b0 (0x005010b3) x1  0x00000000
core   0: 0x800050b4 (0x00c149b3) xor     s3, sp, a2
core   0: 3 0x800050b4 (0x00c149b3) x19 0xcb0d4a95
core   0: 0x800050b8 (0x00008c35) c.xor   s0, a3
core   0: 3 0x800050b8 (0x8c35) x8  0x00000000
core   0: 0x800050ba (0x0000cc19) c.beqz  s0, pc + 30
core   0: 3 0x800050ba (0xcc19)
core   0: 0x800050d8 (0x030956b3) divu    a3, s2, a6
core   0: 3 0x800050d8 (0x030956b3) x13 0x00007aaa
core   0: 0x800050dc (0x03b4e133) rem     sp, s1, s11
core   0: 3 0x800050dc (0x03b4e133) x2  0x00000000
core   0: 0x800050e0 (0x00008a3d) c.andi  a2, 15
core   0: 3 0x800050e0 (0x8a3d) x12 0x00000006
core   0: 0x800050e2 (0x408f5893) srai    a7, t5, 8
core   0: 3 0x800050e2 (0x408f5893) x17 0x0074dac4
core   0: 0x800050e6 (0x00008d1d) c.sub   a0, a5
core   0: 3 0x800050e6 (0x8d1d) x10 0x31ef5000
core   0: 0x800050e8 (0x0000e799) c.bnez  a5, pc + 14
core   0: 3 0x800050e8 (0xe799)
core   0: 0x800050f6 (0x0109a633) slt     a2, s3, a6
core   0: 3 0x800050f6 (0x0109a633) x12 0x00000001
core   0: 0x800050fa (0x03625e33) divu    t3, tp, s6
core   0: 3 0x800050fa (0x03625e33) x28 0x00000000
core   0: 0x800050fe (0x025201b3) mul     gp, tp, t0
core   0: 3 0x800050fe (0x025201b3) x3  0x00000000
core   0: 0x80005102 (0x03152ab3) mulhsu  s5, a0, a7
core   0: 3 0x80005102 (0x03152ab3) x21 0x0016cb1c
core   0: 0x80005106 (0x00000001) c.nop
core   0: 3 0x80005106 (0x0001)
core   0: 0x80005108 (0xd4bba013) slti    zero, s7, -693
core   0: 3 0x80005108 (0xd4bba013)
core   0: 0x8000510c (0x0000717d) c.addi16sp sp, -16
core   0: 3 0x8000510c (0x717d) x2  0xfffffff0
core   0: 0x8000510e (0x0000c389) c.beqz  a5, pc + 2
core   0: 3 0x8000510e (0xc389)
core   0: 0x80005110 (0x004eeb33) or      s6, t4, tp
core   0: 3 0x80005110 (0x004eeb33) x22 0xd8438fff
core   0: 0x80005114 (0x01dc3e33) sltu    t3, s8, t4
core   0: 3 0x80005114 (0x01dc3e33) x28 0x00000001
core   0: 0x80005118 (0x0257c663) blt     a5, t0, pc + 44
core   0: 3 0x80005118 (0x0257c663)
core   0: 0x80005144 (0x02f8b533) mulhu   a0, a7, a5
core   0: 3 0x80005144 (0x02f8b533) x10 0x00443dc1
core   0: 0x80005148 (0x02c760b3) rem     ra, a4, a2
core   0: 3 0x80005148 (0x02c760b3) x1  0x00000000
core   0: 0x8000514c (0x00816863) bltu    sp, s0, pc + 16
core   0: 3 0x8000514c (0x00816863)
core   0: 0x80005150 (0x0000651d) c.lui   a0, 0x7
core   0: 3 0x80005150 (0x651d) x10 0x00007000
core   0: 0x80005152 (0x015b6733) or      a4, s6, s5
core   0: 3 0x80005152 (0x015b6733) x14 0xd857cfff
core   0: 0x80005156 (0x00001b9c) c.addi4spn a5, sp, 496
core   0: 3 0x80005156 (0x1b9c) x15 0x000001e0
core   0: 0x80005158 (0x410c56b3) sra     a3, s8, a6
core   0: 3 0x80005158 (0x410c56b3) x13 0x00000000
core   0: 0x8000515c (0x01f30c63) beq     t1, t6, pc + 24
core   0: 3 0x8000515c (0x01f30c63)
core   0: 0x80005160 (0x028b7533) remu    a0, s6, s0
core   0: 3 0x80005160 (0x028b7533) x10 0xd8438fff
core   0: 0x80005164 (0x00813033) sltu    zero, sp, s0
core   0: 3 0x80005164 (0x00813033)
core   0: 0x80005168 (0x00008c61) c.and   s0, s0
core   0: 3 0x80005168 (0x8c61) x8  0x00000000
core   0: 0x8000516a (0x033afc63) bgeu    s5, s3, pc + 56
core   0: 3 0x8000516a (0x033afc63)
core   0: 0x8000516e (0x00006129) c.addi16sp sp, 192
core   0: 3 0x8000516e (0x6129) x2  0x000000b0
core   0: 0x80005170 (0x01755633) srl     a2, a0, s7
core   0: 3 0x80005170 (0x01755633) x12 0xd8438fff
core   0: 0x80005174 (0x00004bc5) c.li    s7, 17
core   0: 3 0x80005174 (0x4bc5) x23 0x00000011
core   0: 0x80005176 (0x00008509) c.srai  a0, 2
core   0: 3 0x80005176 (0x8509) x10 0xf610e3ff
core   0: 0x80005178 (0x01e017b3) sll     a5, zero, t5
core   0: 3 0x80005178 (0x01e017b3) x15 0x00000000
core   0: 0x8000517c (0x00000001) c.nop
core   0: 3 0x8000517c (0x0001)
core   0: 0x8000517e (0x01a54733) xor     a4, a0, s10
core   0: 3 0x8000517e (0x01a54733) x14 0xf610e3ff
core   0: 0x80005182 (0x00000001) c.nop
core   0: 3 0x80005182 (0x0001)
core   0: 0x80005184 (0x60b06113) ori     sp, zero, 1547
core   0: 3 0x80005184 (0x60b06113) x2  0x0000060b
core   0: 0x80005188 (0x000051fd) c.li    gp, -1
core   0: 3 0x80005188 (0x51fd) x3  0xffffffff
core   0: 0x8000518a (0x00000001) c.nop
core   0: 3 0x8000518a (0x0001)
core   0: 0x8000518c (0x02e55db3) divu    s11, a0, a4
core   0: 3 0x8000518c (0x02e55db3) x27 0x00000001
core   0: 0x80005190 (0x01cd88b3) add     a7, s11, t3
core   0: 3 0x80005190 (0x01cd88b3) x17 0x00000002
core   0: 0x80005194 (0x00008fad) c.xor   a5, a1
core   0: 3 0x80005194 (0x8fad) x15 0x80029ce4
core   0: 0x80005196 (0x0001e733) or      a4, gp, zero
core   0: 3 0x80005196 (0x0001e733) x14 0xffffffff
core   0: 0x8000519a (0xaa8ca097) auipc   ra, 0xaa8ca
core   0: 3 0x8000519a (0xaa8ca097) x1  0x2a8cf19a
core   0: 0x8000519e (0x02327f33) remu    t5, tp, gp
core   0: 3 0x8000519e (0x02327f33) x30 0x00000000
core   0: 0x800051a2 (0x0000c019) c.beqz  s0, pc + 6
core   0: 3 0x800051a2 (0xc019)
core   0: 0x800051a8 (0x01797263) bgeu    s2, s7, pc + 4
core   0: 3 0x800051a8 (0x01797263)
core   0: 0x800051ac (0x0000ea0d) c.bnez  a2, pc + 50
core   0: 3 0x800051ac (0xea0d)
core   0: 0x800051de (0x0000587d) c.li    a6, -1
core   0: 3 0x800051de (0x587d) x16 0xffffffff
core   0: 0x800051e0 (0x0000067e) c.slli  a2, 31
core   0: 3 0x800051e0 (0x067e) x12 0x80000000
core   0: 0x800051e2 (0x00000001) c.nop
core   0: 3 0x800051e2 (0x0001)
core   0: 0x800051e4 (0x01379633) sll     a2, a5, s3
core   0: 3 0x800051e4 (0x01379633) x12 0x9c800000
core   0: 0x800051e8 (0x01241693) slli    a3, s0, 18
core   0: 3 0x800051e8 (0x01241693) x13 0x00000000
core   0: 0x800051ec (0xec53d697) auipc   a3, 0xec53d
core   0: 3 0x800051ec (0xec53d697) x13 0x6c5421ec
core   0: 0x800051f0 (0x00fbcb63) blt     s7, a5, pc + 22
core   0: 3 0x800051f0 (0x00fbcb63)
core   0: 0x800051f4 (0x03db8c33) mul     s8, s7, t4
core   0: 3 0x800051f4 (0x03db8c33) x24 0x5c7c8fef
core   0: 0x800051f8 (0x0000862a) c.mv    a2, a0
core   0: 3 0x800051f8 (0x862a) x12 0xf610e3ff
core   0: 0x800051fa (0x00008f45) c.or    a4, s1
core   0: 3 0x800051fa (0x8f45) x14 0xffffffff
core   0: 0x800051fc (0x40645113) srai    sp, s0, 6
core   0: 3 0x800051fc (0x40645113) x2  0x00000000
core   0: 0x80005200 (0x00005a7d) c.li    s4, -1
core   0: 3 0x80005200 (0x5a7d) x20 0xffffffff
core   0: 0x80005202 (0x033f97b3) mulh    a5, t6, s3
core   0: 3 0x80005202 (0x033f97b3) x15 0x00000000
core   0: 0x80005206 (0x0000870a) c.mv    a4, sp
core   0: 3 0x80005206 (0x870a) x14 0x00000000
core   0: 0x80005208 (0x0390fdb3) remu    s11, ra, s9
core   0: 3 0x80005208 (0x0390fdb3) x27 0x00000007
core   0: 0x8000520c (0xc71e6293) ori     t0, t3, -911
core   0: 3 0x8000520c (0xc71e6293) x5  0xfffffc71
core   0: 0x80005210 (0x00000001) c.nop
core   0: 3 0x80005210 (0x0001)
core   0: 0x80005212 (0x016ca3b3) slt     t2, s9, s6
core   0: 3 0x80005212 (0x016ca3b3) x7  0x00000000
core   0: 0x80005216 (0x033cff33) remu    t5, s9, s3
core   0: 3 0x80005216 (0x033cff33) x30 0x0000000f
core   0: 0x8000521a (0x041e6263) bltu    t3, ra, pc + 68
core   0: 3 0x8000521a (0x041e6263)
core   0: 0x8000525e (0x00919b33) sll     s6, gp, s1
core   0: 3 0x8000525e (0x00919b33) x22 0xffffffff
core   0: 0x80005262 (0x00001a90) c.addi4spn a2, sp, 368
core   0: 3 0x80005262 (0x1a90) x12 0x00000170
core   0: 0x80005264 (0x033d1e63) bne     s10, s3, pc + 60
core   0: 3 0x80005264 (0x033d1e63)
core   0: 0x800052a0 (0x008b4f63) blt     s6, s0, pc + 30
core   0: 3 0x800052a0 (0x008b4f63)
core   0: 0x800052be (0x02bace33) div     t3, s5, a1
core   0: 3 0x800052be (0x02bace33) x28 0x00000000
core   0: 0x800052c2 (0x030fdb33) divu    s6, t6, a6
core   0: 3 0x800052c2 (0x030fdb33) x22 0x00000000
core   0: 0x800052c6 (0x00008c59) c.or    s0, a4
core   0: 3 0x800052c6 (0x8c59) x8  0x00000000
core   0: 0x800052c8 (0x00000001) c.nop
core   0: 3 0x800052c8 (0x0001)
core   0: 0x800052ca (0x02e244b3) div     s1, tp, a4
core   0: 3 0x800052ca (0x02e244b3) x9  0xffffffff
core   0: 0x800052ce (0x00fda2b3) slt     t0, s11, a5
core   0: 3 0x800052ce (0x00fda2b3) x5  0x00000000
core   0: 0x800052d2 (0x00000001) c.nop
core   0: 3 0x800052d2 (0x0001)
core   0: 0x800052d4 (0x02ccda63) bge     s9, a2, pc + 52
core   0: 3 0x800052d4 (0x02ccda63)
core   0: 0x800052d8 (0x9e9eb893) sltiu   a7, t4, -1559
core   0: 3 0x800052d8 (0x9e9eb893) x17 0x00000001
core   0: 0x800052dc (0x00cecd63) blt     t4, a2, pc + 26
core   0: 3 0x800052dc (0x00cecd63)
core   0: 0x800052f6 (0x00d9cc33) xor     s8, s3, a3
core   0: 3 0x800052f6 (0x00d9cc33) x24 0xa7596b79
core   0: 0x800052fa (0x00004571) c.li    a0, 28
core   0: 3 0x800052fa (0x4571) x10 0x0000001c
core   0: 0x800052fc (0x0356bf33) mulhu   t5, a3, s5
core   0: 3 0x800052fc (0x0356bf33) x30 0x0009a52d
core   0: 0x80005300 (0x00000e3a) c.slli  t3, 14
core   0: 3 0x80005300 (0x0e3a) x28 0x00000000
core   0: 0x80005302 (0x01c35993) srli    s3, t1, 28
core   0: 3 0x80005302 (0x01c35993) x19 0x00000008
core   0: 0x80005306 (0x00008d61) c.and   a0, s0
core   0: 3 0x80005306 (0x8d61) x10 0x00000000
core   0: 0x80005308 (0x0390c363) blt     ra, s9, pc + 38
core   0: 3 0x80005308 (0x0390c363)
core   0: 0x8000530c (0x000003fd) c.addi  t2, 31
core   0: 3 0x8000530c (0x03fd) x7  0x0000001f
core   0: 0x8000530e (0x00000001) c.nop
core   0: 3 0x8000530e (0x0001)
core   0: 0x80005310 (0x00008cf5) c.and   s1, a3
core   0: 3 0x80005310 (0x8cf5) x9  0x6c5421ec
core   0: 0x80005312 (0x02f521b3) mulhsu  gp, a0, a5
core   0: 3 0x80005312 (0x02f521b3) x3  0x00000000
core   0: 0x80005316 (0x00275c13) srli    s8, a4, 2
core   0: 3 0x80005316 (0x00275c13) x24 0x00000000
core   0: 0x8000531a (0x00008491) c.srai  s1, 4
core   0: 3 0x8000531a (0x8491) x9  0x06c5421e
core   0: 0x8000531c (0x03dc84b3) mul     s1, s9, t4
core   0: 3 0x8000531c (0x03dc84b3) x9  0xabf56ff1
core   0: 0x80005320 (0x994a8f13) addi    t5, s5, -1644
core   0: 3 0x80005320 (0x994a8f13) x30 0x0016c4b0
core   0: 0x80005324 (0x0000997d) c.andi  a0, -1
core   0: 3 0x80005324 (0x997d) x10 0x00000000
core   0: 0x80005326 (0x00009a7d) c.andi  a2, -1
core   0: 3 0x80005326 (0x9a7d) x12 0x00000170
core   0: 0x80005328 (0x01f31393) slli    t2, t1, 31
core   0: 3 0x80005328 (0x01f31393) x7  0x00000000
core   0: 0x8000532c (0x000089c2) c.mv    s3, a6
core   0: 3 0x8000532c (0x89c2) x19 0xffffffff
core   0: 0x8000532e (0x0000638d) c.lui   t2, 0x3
core   0: 3 0x8000532e (0x638d) x7  0x00003000
core   0: 0x80005330 (0x7152b513) sltiu   a0, t0, 1813
core   0: 3 0x80005330 (0x7152b513) x10 0x00000001
core   0: 0x80005334 (0x00006179) c.addi16sp sp, 464
core   0: 3 0x80005334 (0x6179) x2  0x000001d0
core   0: 0x80005336 (0x03d912b3) mulh    t0, s2, t4
core   0: 3 0x80005336 (0x03d912b3) x5  0xffffc6e1
core   0: 0x8000533a (0x03b18563) beq     gp, s11, pc + 42
core   0: 3 0x8000533a (0x03b18563)
core   0: 0x8000533e (0x008a9613) slli    a2, s5, 8
core   0: 3 0x8000533e (0x008a9613) x12 0x16cb1c00
core   0: 0x80005342 (0x02640db3) mul     s11, s0, t1
core   0: 3 0x80005342 (0x02640db3) x27 0x00000000
core   0: 0x80005346 (0x03109763) bne     ra, a7, pc + 46
core   0: 3 0x80005346 (0x03109763)
core   0: 0x80005374 (0x036f4563) blt     t5, s6, pc + 42
core   0: 3 0x80005374 (0x036f4563)
core   0: 0x80005378 (0x039aa4b3) mulhsu  s1, s5, s9
core   0: 3 0x80005378 (0x039aa4b3) x9  0x00000000
core   0: 0x8000537c (0x017ffa33) and     s4, t6, s7
core   0: 3 0x8000537c (0x017ffa33) x20 0x00000000
core   0: 0x80005380 (0x014d7363) bgeu    s10, s4, pc + 6
core   0: 3 0x80005380 (0x014d7363)
core   0: 0x80005386 (0x00008ebd) c.xor   a3, a5
core   0: 3 0x80005386 (0x8ebd) x13 0x6c5421ec
core   0: 0x80005388 (0x8708ec13) ori     s8, a7, -1936
core   0: 3 0x80005388 (0x8708ec13) x24 0xfffff871
core   0: 0x8000538c (0x01efdf13) srli    t5, t6, 30
core   0: 3 0x8000538c (0x01efdf13) x30 0x00000000
core   0: 0x80005390 (0x0000197d) c.addi  s2, -1
core   0: 3 0x80005390 (0x197d) x18 0x00016fff
core   0: 0x80005392 (0x000046d1) c.li    a3, 20
core   0: 3 0x80005392 (0x46d1) x13 0x00000014
core   0: 0x80005394 (0x32e9ff93) andi    t6, s3, 814
core   0: 3 0x80005394 (0x32e9ff93) x31 0x0000032e
core   0: 0x80005398 (0x02a579b3) remu    s3, a0, a0
core   0: 3 0x80005398 (0x02a579b3) x19 0x00000000
core   0: 0x8000539c (0x000054fd) c.li    s1, -1
core   0: 3 0x8000539c (0x54fd) x9  0xffffffff
core   0: 0x8000539e (0x1cdca113) slti    sp, s9, 461
core   0: 3 0x8000539e (0x1cdca113) x2  0x00000001
core   0: 0x800053a2 (0x01adee33) or      t3, s11, s10
core   0: 3 0x800053a2 (0x01adee33) x28 0x00000000
core   0: 0x800053a6 (0x02f50733) mul     a4, a0, a5
core   0: 3 0x800053a6 (0x02f50733) x14 0x00000000
core   0: 0x800053aa (0x001def33) or      t5, s11, ra
core   0: 3 0x800053aa (0x001def33) x30 0x2a8cf19a
core   0: 0x800053ae (0x0000843d) c.srai  s0, 15
core   0: 3 0x800053ae (0x843d) x8  0x00000000
core   0: 0x800053b0 (0x019b7133) and     sp, s6, s9
core   0: 3 0x800053b0 (0x019b7133) x2  0x00000000
core   0: 0x800053b4 (0x403a5993) srai    s3, s4, 3
core   0: 3 0x800053b4 (0x403a5993) x19 0x00000000
core   0: 0x800053b8 (0x01f23c33) sltu    s8, tp, t6
core   0: 3 0x800053b8 (0x01f23c33) x24 0x00000001
core   0: 0x800053bc (0x00008b32) c.mv    s6, a2
core   0: 3 0x800053bc (0x8b32) x22 0x16cb1c00
core   0: 0x800053be (0x00008e75) c.and   a2, a3
core   0: 3 0x800053be (0x8e75) x12 0x00000000
core   0: 0x800053c0 (0x00008f19) c.sub   a4, a4
core   0: 3 0x800053c0 (0x8f19) x14 0x00000000
core   0: 0x800053c2 (0x014f64b3) or      s1, t5, s4
core   0: 3 0x800053c2 (0x014f64b3) x9  0x2a8cf19a
core   0: 0x800053c6 (0x0000997e) c.add   s2, t6
core   0: 3 0x800053c6 (0x997e) x18 0x0001732d
core   0: 0x800053c8 (0x004a6233) or      tp, s4, tp
core   0: 3 0x800053c8 (0x004a6233) x4  0x00000000
core   0: 0x800053cc (0x3f2c2893) slti    a7, s8, 1010
core   0: 3 0x800053cc (0x3f2c2893) x17 0x00000001
core   0: 0x800053d0 (0xb3502613) slti    a2, zero, -1227
core   0: 3 0x800053d0 (0xb3502613) x12 0x00000000
core   0: 0x800053d4 (0x02bdfab3) remu    s5, s11, a1
core   0: 3 0x800053d4 (0x02bdfab3) x21 0x00000000
core   0: 0x800053d8 (0x00008ca9) c.xor   s1, a0
core   0: 3 0x800053d8 (0x8ca9) x9  0x2a8cf19b
core   0: 0x800053da (0xd64ebb13) sltiu   s6, t4, -668
core   0: 3 0x800053da (0xd64ebb13) x22 0x00000001
core   0: 0x800053de (0x01130933) add     s2, t1, a7
core   0: 3 0x800053de (0x01130933) x18 0x80025e65
core   0: 0x800053e2 (0x01401c33) sll     s8, zero, s4
core   0: 3 0x800053e2 (0x01401c33) x24 0x00000000
core   0: 0x800053e6 (0x0000717d) c.addi16sp sp, -16
core   0: 3 0x800053e6 (0x717d) x2  0xfffffff0
core   0: 0x800053e8 (0x665ef213) andi    tp, t4, 1637
core   0: 3 0x800053e8 (0x665ef213) x4  0x00000665
core   0: 0x800053ec (0x000dabb3) slt     s7, s11, zero
core   0: 3 0x800053ec (0x000dabb3) x23 0x00000000
core   0: 0x800053f0 (0x05aa7263) bgeu    s4, s10, pc + 68
core   0: 3 0x800053f0 (0x05aa7263)
core   0: 0x80005434 (0x019a1713) slli    a4, s4, 25
core   0: 3 0x80005434 (0x019a1713) x14 0x00000000
core   0: 0x80005438 (0x0368dd33) divu    s10, a7, s6
core   0: 3 0x80005438 (0x0368dd33) x26 0x00000001
core   0: 0x8000543c (0xc145f393) andi    t2, a1, -1004
core   0: 3 0x8000543c (0xc145f393) x7  0x80029c04
core   0: 0x80005440 (0x00008c69) c.and   s0, a0
core   0: 3 0x80005440 (0x8c69) x8  0x00000000
core   0: 0x80005442 (0x00718b33) add     s6, gp, t2
core   0: 3 0x80005442 (0x00718b33) x22 0x80029c04
core   0: 0x80005446 (0x00feca33) xor     s4, t4, a5
core   0: 3 0x80005446 (0x00feca33) x20 0xd8438fff
core   0: 0x8000544a (0xba024e37) lui     t3, 0xba024
core   0: 3 0x8000544a (0xba024e37) x28 0xba024000
core   0: 0x8000544e (0x01d25a93) srli    s5, tp, 29
core   0: 3 0x8000544e (0x01d25a93) x21 0x00000000
core   0: 0x80005452 (0x000001fa) c.slli  gp, 30
core   0: 3 0x80005452 (0x01fa) x3  0x00000000
core   0: 0x80005454 (0xecae0c13) addi    s8, t3, -310
core   0: 3 0x80005454 (0xecae0c13) x24 0xba023eca
core   0: 0x80005458 (0x00000001) c.nop
core   0: 3 0x80005458 (0x0001)
core   0: 0x8000545a (0x02fb9f33) mulh    t5, s7, a5
core   0: 3 0x8000545a (0x02fb9f33) x30 0x00000000
core   0: 0x8000545e (0x00ad3bb3) sltu    s7, s10, a0
core   0: 3 0x8000545e (0x00ad3bb3) x23 0x00000000
core   0: 0x80005462 (0x00006821) c.lui   a6, 0x8
core   0: 3 0x80005462 (0x6821) x16 0x00008000
core   0: 0x80005464 (0x01519113) slli    sp, gp, 21
core   0: 3 0x80005464 (0x01519113) x2  0x00000000
core   0: 0x80005468 (0x411e5633) sra     a2, t3, a7
core   0: 3 0x80005468 (0x411e5633) x12 0xdd012000
core   0: 0x8000546c (0x0000717d) c.addi16sp sp, -16
core   0: 3 0x8000546c (0x717d) x2  0xfffffff0
core   0: 0x8000546e (0x034ada63) bge     s5, s4, pc + 52
core   0: 3 0x8000546e (0x034ada63)
core   0: 0x800054a2 (0x00008fe9) c.and   a5, a0
core   0: 3 0x800054a2 (0x8fe9) x15 0x00000000
core   0: 0x800054a4 (0x03d68633) mul     a2, a3, t4
core   0: 3 0x800054a4 (0x03d68633) x12 0xe5473fec
core   0: 0x800054a8 (0x0cb47513) andi    a0, s0, 203
core   0: 3 0x800054a8 (0x0cb47513) x10 0x00000000
core   0: 0x800054ac (0x02a1cfb3) div     t6, gp, a0
core   0: 3 0x800054ac (0x02a1cfb3) x31 0xffffffff
core   0: 0x800054b0 (0x00006885) c.lui   a7, 0x1
core   0: 3 0x800054b0 (0x6885) x17 0x00001000
core   0: 0x800054b2 (0x01c45733) srl     a4, s0, t3
core   0: 3 0x800054b2 (0x01c45733) x14 0x00000000
core   0: 0x800054b6 (0x0000e345) c.bnez  a4, pc + 160
core   0: 3 0x800054b6 (0xe345)
core   0: 0x800054b8 (0x0000717d) c.addi16sp sp, -16
core   0: 3 0x800054b8 (0x717d) x2  0xffffffe0
core   0: 0x800054ba (0x09974e63) blt     a4, s9, pc + 156
core   0: 3 0x800054ba (0x09974e63)
core   0: 0x80005556 (0x33c37b13) andi    s6, t1, 828
core   0: 3 0x80005556 (0x33c37b13) x22 0x00000224
core   0: 0x8000555a (0x008acc63) blt     s5, s0, pc + 24
core   0: 3 0x8000555a (0x008acc63)
core   0: 0x8000555e (0xac3e2d97) auipc   s11, 0xac3e2
core   0: 3 0x8000555e (0xac3e2d97) x27 0x2c3e755e
core   0: 0x80005562 (0x00000001) c.nop
core   0: 3 0x80005562 (0x0001)
core   0: 0x80005564 (0x029f6f33) rem     t5, t5, s1
core   0: 3 0x80005564 (0x029f6f33) x30 0x00000000
core   0: 0x80005568 (0x00000001) c.nop
core   0: 3 0x80005568 (0x0001)
core   0: 0x8000556a (0x01c628b3) slt     a7, a2, t3
core   0: 3 0x8000556a (0x01c628b3) x17 0x00000000
core   0: 0x8000556e (0x9969c893) xori    a7, s3, -1642
core   0: 3 0x8000556e (0x9969c893) x17 0xfffff996
core   0: 0x80005572 (0x000083ad) c.srli  a5, 11
core   0: 3 0x80005572 (0x83ad) x15 0x00000000
core   0: 0x80005574 (0x03ce2db3) mulhsu  s11, t3, t3
core   0: 3 0x80005574 (0x03ce2db3) x27 0xcd250505
core   0: 0x80005578 (0x0000897e) c.mv    s2, t6
core   0: 3 0x80005578 (0x897e) x18 0xffffffff
core   0: 0x8000557a (0x0ea38e97) auipc   t4, 0xea38
core   0: 3 0x8000557a (0x0ea38e97) x29 0x8ea3d57a
core   0: 0x8000557e (0xcad84793) xori    a5, a6, -851
core   0: 3 0x8000557e (0xcad84793) x15 0xffff7cad
core   0: 0x80005582 (0x000087da) c.mv    a5, s6
core   0: 3 0x80005582 (0x87da) x15 0x00000224
core   0: 0x80005584 (0xf6b3b493) sltiu   s1, t2, -149
core   0: 3 0x80005584 (0xf6b3b493) x9  0x00000001
core   0: 0x80005588 (0x92abf113) andi    sp, s7, -1750
core   0: 3 0x80005588 (0x92abf113) x2  0x00000000
core   0: 0x8000558c (0x40c302b3) sub     t0, t1, a2
core   0: 3 0x8000558c (0x40c302b3) x5  0x9abb1e78
core   0: 0x80005590 (0xa4790093) addi    ra, s2, -1465
core   0: 3 0x80005590 (0xa4790093) x1  0xfffffa46
core   0: 0x80005594 (0x019b97b3) sll     a5, s7, s9
core   0: 3 0x80005594 (0x019b97b3) x15 0x00000000
core   0: 0x80005598 (0x414c5ab3) sra     s5, s8, s4
core   0: 3 0x80005598 (0x414c5ab3) x21 0xffffffff
core   0: 0x8000559c (0x00008bfd) c.andi  a5, 31
core   0: 3 0x8000559c (0x8bfd) x15 0x00000000
core   0: 0x8000559e (0x00005efd) c.li    t4, -1
core   0: 3 0x8000559e (0x5efd) x29 0xffffffff
core   0: 0x800055a0 (0x017e87b3) add     a5, t4, s7
core   0: 3 0x800055a0 (0x017e87b3) x15 0xffffffff
core   0: 0x800055a4 (0x000011fd) c.addi  gp, -1
core   0: 3 0x800055a4 (0x11fd) x3  0xffffffff
core   0: 0x800055a6 (0x02099a33) mulh    s4, s3, zero
core   0: 3 0x800055a6 (0x02099a33) x20 0x00000000
core   0: 0x800055aa (0x01f490b3) sll     ra, s1, t6
core   0: 3 0x800055aa (0x01f490b3) x1  0x80000000
core   0: 0x800055ae (0x00cad7b3) srl     a5, s5, a2
core   0: 3 0x800055ae (0x00cad7b3) x15 0x000fffff
core   0: 0x800055b2 (0x00009db6) c.add   s11, a3
core   0: 3 0x800055b2 (0x9db6) x27 0xcd250519
core   0: 0x800055b4 (0x0177f6b3) and     a3, a5, s7
core   0: 3 0x800055b4 (0x0177f6b3) x13 0x00000000
core   0: 0x800055b8 (0x00000001) c.nop
core   0: 3 0x800055b8 (0x0001)
core   0: 0x800055ba (0x032a2633) mulhsu  a2, s4, s2
core   0: 3 0x800055ba (0x032a2633) x12 0x00000000
core   0: 0x800055be (0x72d44493) xori    s1, s0, 1837
core   0: 3 0x800055be (0x72d44493) x9  0x0000072d
core   0: 0x800055c2 (0x0017a2b3) slt     t0, a5, ra
core   0: 3 0x800055c2 (0x0017a2b3) x5  0x00000000
core   0: 0x800055c6 (0x01454c63) blt     a0, s4, pc + 24
core   0: 3 0x800055c6 (0x01454c63)
core   0: 0x800055ca (0x402ed013) srai    zero, t4, 2
core   0: 3 0x800055ca (0x402ed013)
core   0: 0x800055ce (0x0b5c2a93) slti    s5, s8, 181
core   0: 3 0x800055ce (0x0b5c2a93) x21 0x00000001
core   0: 0x800055d2 (0x40040833) sub     a6, s0, zero
core   0: 3 0x800055d2 (0x40040833) x16 0x00000000
core   0: 0x800055d6 (0x00006179) c.addi16sp sp, 464
core   0: 3 0x800055d6 (0x6179) x2  0x000001d0
core   0: 0x800055d8 (0x00000001) c.nop
core   0: 3 0x800055d8 (0x0001)
core   0: 0x800055da (0x00000001) c.nop
core   0: 3 0x800055da (0x0001)
core   0: 0x800055dc (0x00000262) c.slli  tp, 24
core   0: 3 0x800055dc (0x0262) x4  0x65000000
core   0: 0x800055de (0xf3dafa93) andi    s5, s5, -195
core   0: 3 0x800055de (0xf3dafa93) x21 0x00000001
core   0: 0x800055e2 (0x00000c1c) c.addi4spn a5, sp, 528
core   0: 3 0x800055e2 (0x0c1c) x15 0x000003e0
core   0: 0x800055e4 (0xec7a9c17) auipc   s8, 0xec7a9
core   0: 3 0x800055e4 (0xec7a9c17) x24 0x6c7ae5e4
core   0: 0x800055e8 (0x05039663) bne     t2, a6, pc + 76
core   0: 3 0x800055e8 (0x05039663)
core   0: 0x80005634 (0x9e51e293) ori     t0, gp, -1563
core   0: 3 0x80005634 (0x9e51e293) x5  0xffffffff
core   0: 0x80005638 (0x911b03b7) lui     t2, 0x911b0
core   0: 3 0x80005638 (0x911b03b7) x7  0x911b0000
core   0: 0x8000563c (0x41d9d0b3) sra     ra, s3, t4
core   0: 3 0x8000563c (0x41d9d0b3) x1  0x00000000
core   0: 0x80005640 (0x02a413b3) mulh    t2, s0, a0
core   0: 3 0x80005640 (0x02a413b3) x7  0x00000000
core   0: 0x80005644 (0xb79e6b93) ori     s7, t3, -1159
core   0: 3 0x80005644 (0xb79e6b93) x23 0xfffffb79
core   0: 0x80005648 (0x00008135) c.srli  a0, 13
core   0: 3 0x80005648 (0x8135) x10 0x00000000
core   0: 0x8000564a (0x0069fd33) and     s10, s3, t1
core   0: 3 0x8000564a (0x0069fd33) x26 0x00000000
core   0: 0x8000564e (0x41065f33) sra     t5, a2, a6
core   0: 3 0x8000564e (0x41065f33) x30 0x00000000
core   0: 0x80005652 (0x00251e93) slli    t4, a0, 2
core   0: 3 0x80005652 (0x00251e93) x29 0x00000000
core   0: 0x80005656 (0x02a47d63) bgeu    s0, a0, pc + 58
core   0: 3 0x80005656 (0x02a47d63)
core   0: 0x80005690 (0xf0570413) addi    s0, a4, -251
core   0: 3 0x80005690 (0xf0570413) x8  0xffffff05
core   0: 0x80005694 (0x000050fd) c.li    ra, -1
core   0: 3 0x80005694 (0x50fd) x1  0xffffffff
core   0: 0x80005696 (0x0228c663) blt     a7, sp, pc + 44
core   0: 3 0x80005696 (0x0228c663)
core   0: 0x800056c2 (0x00008e39) c.xor   a2, a4
core   0: 3 0x800056c2 (0x8e39) x12 0x00000000
core   0: 0x800056c4 (0x002fe7b3) or      a5, t6, sp
core   0: 3 0x800056c4 (0x002fe7b3) x15 0xffffffff
core   0: 0x800056c8 (0x00009e3e) c.add   t3, a5
core   0: 3 0x800056c8 (0x9e3e) x28 0xba023fff
core   0: 0x800056ca (0x00000001) c.nop
core   0: 3 0x800056ca (0x0001)
core   0: 0x800056cc (0x030c5d33) divu    s10, s8, a6
core   0: 3 0x800056cc (0x030c5d33) x26 0xffffffff
core   0: 0x800056d0 (0x03e65f33) divu    t5, a2, t5
core   0: 3 0x800056d0 (0x03e65f33) x30 0xffffffff
core   0: 0x800056d4 (0x02ec6d63) bltu    s8, a4, pc + 58
core   0: 3 0x800056d4 (0x02ec6d63)
core   0: 0x800056d8 (0xf547e493) ori     s1, a5, -172
core   0: 3 0x800056d8 (0xf547e493) x9  0xffffffff
core   0: 0x800056dc (0x00008eb5) c.xor   a3, a3
core   0: 3 0x800056dc (0x8eb5) x13 0x00000000
core   0: 0x800056de (0x02f46a33) rem     s4, s0, a5
core   0: 3 0x800056de (0x02f46a33) x20 0x00000000
core   0: 0x800056e2 (0x03457a33) remu    s4, a0, s4
core   0: 3 0x800056e2 (0x03457a33) x20 0x00000000
core   0: 0x800056e6 (0x00001000) c.addi4spn s0, sp, 32
core   0: 3 0x800056e6 (0x1000) x8  0x000001f0
core   0: 0x800056e8 (0x00008f91) c.sub   a5, a2
core   0: 3 0x800056e8 (0x8f91) x15 0xffffffff
core   0: 0x800056ea (0x41ea5e13) srai    t3, s4, 30
core   0: 3 0x800056ea (0x41ea5e13) x28 0x00000000
core   0: 0x800056ee (0x0000717d) c.addi16sp sp, -16
core   0: 3 0x800056ee (0x717d) x2  0x000001c0
core   0: 0x800056f0 (0x02d33fb3) mulhu   t6, t1, a3
core   0: 3 0x800056f0 (0x02d33fb3) x31 0x00000000
core   0: 0x800056f4 (0x00006185) c.lui   gp, 0x1
core   0: 3 0x800056f4 (0x6185) x3  0x00001000
core   0: 0x800056f6 (0x02a419b3) mulh    s3, s0, a0
core   0: 3 0x800056f6 (0x02a419b3) x19 0x00000000
core   0: 0x800056fa (0x03059233) mulh    tp, a1, a6
core   0: 3 0x800056fa (0x03059233) x4  0x00000000
core   0: 0x800056fe (0x00000001) c.nop
core   0: 3 0x800056fe (0x0001)
core   0: 0x80005700 (0x03b2b0b3) mulhu   ra, t0, s11
core   0: 3 0x80005700 (0x03b2b0b3) x1  0xcd250518
core   0: 0x80005704 (0x0245b3b3) mulhu   t2, a1, tp
core   0: 3 0x80005704 (0x0245b3b3) x7  0x00000000
core   0: 0x80005708 (0x027aaf33) mulhsu  t5, s5, t2
core   0: 3 0x80005708 (0x027aaf33) x30 0x00000000
core   0: 0x8000570c (0x00008e4d) c.or    a2, a1
core   0: 3 0x8000570c (0x8e4d) x12 0x80029ce4
core   0: 0x8000570e (0x0000ec01) c.bnez  s0, pc + 24
core   0: 3 0x8000570e (0xec01)
core   0: 0x80005726 (0x02af8a33) mul     s4, t6, a0
core   0: 3 0x80005726 (0x02af8a33) x20 0x00000000
core   0: 0x8000572a (0xc4b43093) sltiu   ra, s0, -949
core   0: 3 0x8000572a (0xc4b43093) x1  0x00000001
core   0: 0x8000572e (0x401e8c33) sub     s8, t4, ra
core   0: 3 0x8000572e (0x401e8c33) x24 0xffffffff
core   0: 0x80005732 (0x00008ee1) c.and   a3, s0
core   0: 3 0x80005732 (0x8ee1) x13 0x00000000
core   0: 0x80005734 (0xfbe5f013) andi    zero, a1, -66
core   0: 3 0x80005734 (0xfbe5f013)
core   0: 0x80005738 (0x0565f163) bgeu    a1, s6, pc + 66
core   0: 3 0x80005738 (0x0565f163)
core   0: 0x8000577a (0x0241b2b3) mulhu   t0, gp, tp
core   0: 3 0x8000577a (0x0241b2b3) x5  0x00000000
core   0: 0x8000577e (0x01e8f663) bgeu    a7, t5, pc + 12
core   0: 3 0x8000577e (0x01e8f663)
core   0: 0x8000578a (0x00723d33) sltu    s10, tp, t2
core   0: 3 0x8000578a (0x00723d33) x26 0x00000000
core   0: 0x8000578e (0x00939233) sll     tp, t2, s1
core   0: 3 0x8000578e (0x00939233) x4  0x00000000
core   0: 0x80005792 (0x00006ded) c.lui   s11, 0x1b
core   0: 3 0x80005792 (0x6ded) x27 0x0001b000
core   0: 0x80005794 (0x00bd1463) bne     s10, a1, pc + 8
core   0: 3 0x80005794 (0x00bd1463)
core   0: 0x8000579c (0x02f04ab3) div     s5, zero, a5
core   0: 3 0x8000579c (0x02f04ab3) x21 0x00000000
core   0: 0x800057a0 (0x02ab4e63) blt     s6, a0, pc + 60
core   0: 3 0x800057a0 (0x02ab4e63)
core   0: 0x800057a4 (0x0000949e) c.add   s1, t2
core   0: 3 0x800057a4 (0x949e) x9  0xffffffff
core   0: 0x800057a6 (0x54cbcd13) xori    s10, s7, 1356
core   0: 3 0x800057a6 (0x54cbcd13) x26 0xfffffe35
core   0: 0x800057aa (0x037a7833) remu    a6, s4, s7
core   0: 3 0x800057aa (0x037a7833) x16 0x00000000
core   0: 0x800057ae (0x004d6963) bltu    s10, tp, pc + 18
core   0: 3 0x800057ae (0x004d6963)
core   0: 0x800057b2 (0x01f13fb3) sltu    t6, sp, t6
core   0: 3 0x800057b2 (0x01f13fb3) x31 0x00000000
core   0: 0x800057b6 (0x40ae56b3) sra     a3, t3, a0
core   0: 3 0x800057b6 (0x40ae56b3) x13 0x00000000
core   0: 0x800057ba (0x00939d33) sll     s10, t2, s1
core   0: 3 0x800057ba (0x00939d33) x26 0x00000000
core   0: 0x800057be (0x00006f09) c.lui   t5, 0x2
core   0: 3 0x800057be (0x6f09) x30 0x00002000
core   0: 0x800057c0 (0x00b71e63) bne     a4, a1, pc + 28
core   0: 3 0x800057c0 (0x00b71e63)
core   0: 0x800057dc (0x01b1f663) bgeu    gp, s11, pc + 12
core   0: 3 0x800057dc (0x01b1f663)
core   0: 0x800057e0 (0x02cd7263) bgeu    s10, a2, pc + 36
core   0: 3 0x800057e0 (0x02cd7263)
core   0: 0x800057e4 (0x00009742) c.add   a4, a6
core   0: 3 0x800057e4 (0x9742) x14 0x00000000
core   0: 0x800057e6 (0x000084cd) c.srai  s1, 19
core   0: 3 0x800057e6 (0x84cd) x9  0xffffffff
core   0: 0x800057e8 (0x00006179) c.addi16sp sp, 464
core   0: 3 0x800057e8 (0x6179) x2  0x00000390
core   0: 0x800057ea (0x01467c33) and     s8, a2, s4
core   0: 3 0x800057ea (0x01467c33) x24 0x00000000
core   0: 0x800057ee (0x00008c3d) c.xor   s0, a5
core   0: 3 0x800057ee (0x8c3d) x8  0xfffffe0f
core   0: 0x800057f0 (0x01a7d7b3) srl     a5, a5, s10
core   0: 3 0x800057f0 (0x01a7d7b3) x15 0xffffffff
core   0: 0x800057f4 (0x013dde13) srli    t3, s11, 19
core   0: 3 0x800057f4 (0x013dde13) x28 0x00000000
core   0: 0x800057f8 (0xdf261f37) lui     t5, 0xdf261
core   0: 3 0x800057f8 (0xdf261f37) x30 0xdf261000
core   0: 0x800057fc (0x0204f3b3) remu    t2, s1, zero
core   0: 3 0x800057fc (0x0204f3b3) x7  0xffffffff
core   0: 0x80005800 (0x01c08c33) add     s8, ra, t3
core   0: 3 0x80005800 (0x01c08c33) x24 0x00000001
core   0: 0x80005804 (0x0000009c) c.addi4spn a5, sp, 64
core   0: 3 0x80005804 (0x009c) x15 0x000003d0
core   0: 0x80005806 (0x01d72bb3) slt     s7, a4, t4
core   0: 3 0x80005806 (0x01d72bb3) x23 0x00000000
core   0: 0x8000580a (0x03888963) beq     a7, s8, pc + 50
core   0: 3 0x8000580a (0x03888963)
core   0: 0x8000580e (0x00425093) srli    ra, tp, 4
core   0: 3 0x8000580e (0x00425093) x1  0x00000000
core   0: 0x80005812 (0x0262da33) divu    s4, t0, t1
core   0: 3 0x80005812 (0x0262da33) x20 0x00000000
core   0: 0x80005816 (0x00a89433) sll     s0, a7, a0
core   0: 3 0x80005816 (0x00a89433) x8  0xfffff996
core   0: 0x8000581a (0x036e7633) remu    a2, t3, s6
core   0: 3 0x8000581a (0x036e7633) x12 0x00000000
core   0: 0x8000581e (0x01565a13) srli    s4, a2, 21
core   0: 3 0x8000581e (0x01565a13) x20 0x00000000
core   0: 0x80005822 (0x0000e41d) c.bnez  s0, pc + 46
core   0: 3 0x80005822 (0xe41d)
core   0: 0x80005850 (0x00de1013) slli    zero, t3, 13
core   0: 3 0x80005850 (0x00de1013)
core   0: 0x80005854 (0x02605a63) bge     zero, t1, pc + 52
core   0: 3 0x80005854 (0x02605a63)
core   0: 0x80005888 (0x03749733) mulh    a4, s1, s7
core   0: 3 0x80005888 (0x03749733) x14 0x00000000
core   0: 0x8000588c (0x03953d33) mulhu   s10, a0, s9
core   0: 3 0x8000588c (0x03953d33) x26 0x00000000
core   0: 0x80005890 (0x0000c315) c.beqz  a4, pc + 36
core   0: 3 0x80005890 (0xc315)
core   0: 0x800058b4 (0x013d6863) bltu    s10, s3, pc + 16
core   0: 3 0x800058b4 (0x013d6863)
core   0: 0x800058b8 (0x000086ce) c.mv    a3, s3
core   0: 3 0x800058b8 (0x86ce) x13 0x00000000
core   0: 0x800058ba (0x000053fd) c.li    t2, -1
core   0: 3 0x800058ba (0x53fd) x7  0xffffffff
core   0: 0x800058bc (0x0000611d) c.addi16sp sp, 416
core   0: 3 0x800058bc (0x611d) x2  0x00000530
core   0: 0x800058be (0x039c6463) bltu    s8, s9, pc + 40
core   0: 3 0x800058be (0x039c6463)
core   0: 0x800058e6 (0x405f0233) sub     tp, t5, t0
core   0: 3 0x800058e6 (0x405f0233) x4  0xdf261000
core   0: 0x800058ea (0x0191c2b3) xor     t0, gp, s9
core   0: 3 0x800058ea (0x0191c2b3) x5  0x0000100f
core   0: 0x800058ee (0x01bf9793) slli    a5, t6, 27
core   0: 3 0x800058ee (0x01bf9793) x15 0x00000000
core   0: 0x800058f2 (0x0162e4b3) or      s1, t0, s6
core   0: 3 0x800058f2 (0x0162e4b3) x9  0x0000122f
core   0: 0x800058f6 (0x0932d263) bge     t0, s3, pc + 132
core   0: 3 0x800058f6 (0x0932d263)
core   0: 0x8000597a (0x045e0863) beq     t3, t0, pc + 80
core   0: 3 0x8000597a (0x045e0863)
core   0: 0x8000597e (0x00008f2d) c.xor   a4, a1
core   0: 3 0x8000597e (0x8f2d) x14 0x80029ce4
core   0: 0x80005980 (0x03a006ef) jal     a3, pc + 0x3a
core   0: 3 0x80005980 (0x03a006ef) x13 0x80005984
core   0: 0x800059ba (0x0000bfe1) c.j     pc - 40
core   0: 3 0x800059ba (0xbfe1)
core   0: 0x80005992 (0x0000a019) c.j     pc + 6
core   0: 3 0x80005992 (0xa019)
core   0: 0x80005998 (0x0000bff5) c.j     pc - 4
core   0: 3 0x80005998 (0xbff5)
core   0: 0x80005994 (0x01a000ef) jal     pc + 0x1a
core   0: 3 0x80005994 (0x01a000ef) x1  0x80005998
core   0: 0x800059ae (0xffbffc6f) jal     s8, pc - 0x6
core   0: 3 0x800059ae (0xffbffc6f) x24 0x800059b2
core   0: 0x800059a8 (0xff3ff0ef) jal     pc - 0xe
core   0: 3 0x800059a8 (0xff3ff0ef) x1  0x800059ac
core   0: 0x8000599a (0x0000a009) c.j     pc + 2
core   0: 3 0x8000599a (0xa009)
core   0: 0x8000599c (0x010000ef) jal     pc + 0x10
core   0: 3 0x8000599c (0x010000ef) x1  0x800059a0
core   0: 0x800059ac (0x00003fe9) c.jal   pc - 38
core   0: 3 0x800059ac (0x3fe9) x1  0x800059ae
core   0: 0x80005986 (0x0000a825) c.j     pc + 56
core   0: 3 0x80005986 (0xa825)
core   0: 0x800059be (0x0000bfc9) c.j     pc - 46
core   0: 3 0x800059be (0xbfc9)
core   0: 0x80005990 (0x0000a801) c.j     pc + 16
core   0: 3 0x80005990 (0xa801)
core   0: 0x800059a0 (0x0000a811) c.j     pc + 20
core   0: 3 0x800059a0 (0xa811)
core   0: 0x800059b4 (0x00003fcd) c.jal   pc - 14
core   0: 3 0x800059b4 (0x3fcd) x1  0x800059b6
core   0: 0x800059a6 (0x0000bff9) c.j     pc - 34
core   0: 3 0x800059a6 (0xbff9)
core   0: 0x80005984 (0x00002825) c.jal   pc + 56
core   0: 3 0x80005984 (0x2825) x1  0x80005986
core   0: 0x800059bc (0x0000b7f1) c.j     pc - 52
core   0: 3 0x800059bc (0xb7f1)
core   0: 0x80005988 (0x02a002ef) jal     t0, pc + 0x2a
core   0: 3 0x80005988 (0x02a002ef) x5  0x8000598c
core   0: 0x800059b2 (0x0000a011) c.j     pc + 4
core   0: 3 0x800059b2 (0xa011)
core   0: 0x800059b6 (0xfd7ff0ef) jal     pc - 0x2a
core   0: 3 0x800059b6 (0xfd7ff0ef) x1  0x800059ba
core   0: 0x8000598c (0x016000ef) jal     pc + 0x16
core   0: 3 0x8000598c (0x016000ef) x1  0x80005990
core   0: 0x800059a2 (0x01e000ef) jal     pc + 0x1e
core   0: 3 0x800059a2 (0x01e000ef) x1  0x800059a6
core   0: 0x800059c0 (0x033358b3) divu    a7, t1, s3
core   0: 3 0x800059c0 (0x033358b3) x17 0xffffffff
core   0: 0x800059c4 (0x00008cb9) c.xor   s1, a4
core   0: 3 0x800059c4 (0x8cb9) x9  0x80028ecb
core   0: 0x800059c6 (0x000092ea) c.add   t0, s10
core   0: 3 0x800059c6 (0x92ea) x5  0x8000598c
core   0: 0x800059c8 (0x00000001) c.nop
core   0: 3 0x800059c8 (0x0001)
core   0: 0x800059ca (0x408a04b3) sub     s1, s4, s0
core   0: 3 0x800059ca (0x408a04b3) x9  0x0000066a
core   0: 0x800059ce (0x02e40533) mul     a0, s0, a4
core   0: 3 0x800059ce (0x02e40533) x10 0xef3db198
core   0: 0x800059d2 (0x00006fcd) c.lui   t6, 0x13
core   0: 3 0x800059d2 (0x6fcd) x31 0x00013000
core   0: 0x800059d4 (0x00c8ed63) bltu    a7, a2, pc + 26
core   0: 3 0x800059d4 (0x00c8ed63)
core   0: 0x800059d8 (0x9924c113) xori    sp, s1, -1646
core   0: 3 0x800059d8 (0x9924c113) x2  0xfffffff8
core   0: 0x800059dc (0x01ea1d93) slli    s11, s4, 30
core   0: 3 0x800059dc (0x01ea1d93) x27 0x00000000
core   0: 0x800059e0 (0xfeede793) ori     a5, s11, -18
core   0: 3 0x800059e0 (0xfeede793) x15 0xffffffee
core   0: 0x800059e4 (0x00004a8d) c.li    s5, 3
core   0: 3 0x800059e4 (0x4a8d) x21 0x00000003
core   0: 0x800059e6 (0x02be6a63) bltu    t3, a1, pc + 52
core   0: 3 0x800059e6 (0x02be6a63)
core   0: 0x80005a1a (0x00471e63) bne     a4, tp, pc + 28
core   0: 3 0x80005a1a (0x00471e63)
core   0: 0x80005a36 (0x03e6da33) divu    s4, a3, t5
core   0: 3 0x80005a36 (0x03e6da33) x20 0x00000000
core   0: 0x80005a3a (0x01c7c893) xori    a7, a5, 28
core   0: 3 0x80005a3a (0x01c7c893) x17 0xfffffff2
core   0: 0x80005a3e (0x68b4fb93) andi    s7, s1, 1675
core   0: 3 0x80005a3e (0x68b4fb93) x23 0x0000060a
core   0: 0x80005a42 (0x02dd51b3) divu    gp, s10, a3
core   0: 3 0x80005a42 (0x02dd51b3) x3  0x00000000
core   0: 0x80005a46 (0x018f1763) bne     t5, s8, pc + 14
core   0: 3 0x80005a46 (0x018f1763)
core   0: 0x80005a54 (0x000284b3) add     s1, t0, zero
core   0: 3 0x80005a54 (0x000284b3) x9  0x8000598c
core   0: 0x80005a58 (0xa58b0113) addi    sp, s6, -1448
core   0: 3 0x80005a58 (0xa58b0113) x2  0xfffffc7c
core   0: 0x80005a5c (0x0000c79d) c.beqz  a5, pc + 46
core   0: 3 0x80005a5c (0xc79d)
core   0: 0x80005a5e (0x3e16a493) slti    s1, a3, 993
core   0: 3 0x80005a5e (0x3e16a493) x9  0x00000001
core   0: 0x80005a62 (0x69d1f393) andi    t2, gp, 1693
core   0: 3 0x80005a62 (0x69d1f393) x7  0x00000000
core   0: 0x80005a66 (0x015859b3) srl     s3, a6, s5
core   0: 3 0x80005a66 (0x015859b3) x19 0x00000000
core   0: 0x80005a6a (0x03dfb233) mulhu   tp, t6, t4
core   0: 3 0x80005a6a (0x03dfb233) x4  0x00000000
core   0: 0x80005a6e (0x025d9133) mulh    sp, s11, t0
core   0: 3 0x80005a6e (0x025d9133) x2  0x00000000
core   0: 0x80005a72 (0x03ba9033) mulh    zero, s5, s11
core   0: 3 0x80005a72 (0x03ba9033)
core   0: 0x80005a76 (0x0217a1b3) mulhsu  gp, a5, ra
core   0: 3 0x80005a76 (0x0217a1b3) x3  0xfffffff6
core   0: 0x80005a7a (0x001cb9b3) sltu    s3, s9, ra
core   0: 3 0x80005a7a (0x001cb9b3) x19 0x00000001
core   0: 0x80005a7e (0x03ec9f33) mulh    t5, s9, t5
core   0: 3 0x80005a7e (0x03ec9f33) x30 0xfffffffe
core   0: 0x80005a82 (0x01bf6c63) bltu    t5, s11, pc + 24
core   0: 3 0x80005a82 (0x01bf6c63)
core   0: 0x80005a86 (0x0000527d) c.li    tp, -1
core   0: 3 0x80005a86 (0x527d) x4  0xffffffff
core   0: 0x80005a88 (0x00000001) c.nop
core   0: 3 0x80005a88 (0x0001)
core   0: 0x80005a8a (0x69eab993) sltiu   s3, s5, 1694
core   0: 3 0x80005a8a (0x69eab993) x19 0x00000001
core   0: 0x80005a8e (0x01f98c33) add     s8, s3, t6
core   0: 3 0x80005a8e (0x01f98c33) x24 0x00013001
core   0: 0x80005a92 (0x02c68863) beq     a3, a2, pc + 48
core   0: 3 0x80005a92 (0x02c68863)
core   0: 0x80005a96 (0x195a0993) addi    s3, s4, 405
core   0: 3 0x80005a96 (0x195a0993) x19 0x00000195
core   0: 0x80005a9a (0x00000800) c.addi4spn s0, sp, 16
core   0: 3 0x80005a9a (0x0800) x8  0x00000010
core   0: 0x80005a9c (0x0279cdb3) div     s11, s3, t2
core   0: 3 0x80005a9c (0x0279cdb3) x27 0xffffffff
core   0: 0x80005aa0 (0x0122dc33) srl     s8, t0, s2
core   0: 3 0x80005aa0 (0x0122dc33) x24 0x00000001
core   0: 0x80005aa4 (0x021d8863) beq     s11, ra, pc + 48
core   0: 3 0x80005aa4 (0x021d8863)
core   0: 0x80005aa8 (0x0bc0bb93) sltiu   s7, ra, 188
core   0: 3 0x80005aa8 (0x0bc0bb93) x23 0x00000000
core   0: 0x80005aac (0x02db9fb3) mulh    t6, s7, a3
core   0: 3 0x80005aac (0x02db9fb3) x31 0x00000000
core   0: 0x80005ab0 (0x01e7d913) srli    s2, a5, 30
core   0: 3 0x80005ab0 (0x01e7d913) x18 0x00000003
core   0: 0x80005ab4 (0x0000c799) c.beqz  a5, pc + 14
core   0: 3 0x80005ab4 (0xc799)
core   0: 0x80005ab6 (0x472f2b37) lui     s6, 0x472f2
core   0: 3 0x80005ab6 (0x472f2b37) x22 0x472f2000
core   0: 0x80005aba (0x000084d9) c.srai  s1, 22
core   0: 3 0x80005aba (0x84d9) x9  0x00000000
core   0: 0x80005abc (0x03809663) bne     ra, s8, pc + 44
core   0: 3 0x80005abc (0x03809663)
core   0: 0x80005ae8 (0x00008c81) c.sub   s1, s0
core   0: 3 0x80005ae8 (0x8c81) x9  0xfffffff0
core   0: 0x80005aea (0x015f57b3) srl     a5, t5, s5
core   0: 3 0x80005aea (0x015f57b3) x15 0x1fffffff
core   0: 0x80005aee (0x0000717d) c.addi16sp sp, -16
core   0: 3 0x80005aee (0x717d) x2  0xfffffff0
core   0: 0x80005af0 (0x000082b1) c.srli  a3, 12
core   0: 3 0x80005af0 (0x82b1) x13 0x00080005
core   0: 0x80005af2 (0x0150bbb3) sltu    s7, ra, s5
core   0: 3 0x80005af2 (0x0150bbb3) x23 0x00000000
core   0: 0x80005af6 (0x00000892) c.slli  a7, 4
core   0: 3 0x80005af6 (0x0892) x17 0xffffff20
core   0: 0x80005af8 (0x0373a533) mulhsu  a0, t2, s7
core   0: 3 0x80005af8 (0x0373a533) x10 0x00000000
core   0: 0x80005afc (0x027d7163) bgeu    s10, t2, pc + 34
core   0: 3 0x80005afc (0x027d7163)
core   0: 0x80005b1e (0x17e67b17) auipc   s6, 0x17e67
core   0: 3 0x80005b1e (0x17e67b17) x22 0x97e6cb1e
core   0: 0x80005b22 (0x0313e1b3) rem     gp, t2, a7
core   0: 3 0x80005b22 (0x0313e1b3) x3  0x00000000
core   0: 0x80005b26 (0xb798ea17) auipc   s4, 0xb798e
core   0: 3 0x80005b26 (0xb798ea17) x20 0x37993b26
core   0: 0x80005b2a (0x01ccee33) or      t3, s9, t3
core   0: 3 0x80005b2a (0x01ccee33) x28 0x0000000f
core   0: 0x80005b2e (0x00008e69) c.and   a2, a0
core   0: 3 0x80005b2e (0x8e69) x12 0x00000000
core   0: 0x80005b30 (0x00001504) c.addi4spn s1, sp, 672
core   0: 3 0x80005b30 (0x1504) x9  0x00000290
core   0: 0x80005b32 (0x016d39b3) sltu    s3, s10, s6
core   0: 3 0x80005b32 (0x016d39b3) x19 0x00000001
core   0: 0x80005b36 (0xa2cb7893) andi    a7, s6, -1492
core   0: 3 0x80005b36 (0xa2cb7893) x17 0x97e6ca0c
core   0: 0x80005b3a (0x40d7df13) srai    t5, a5, 13
core   0: 3 0x80005b3a (0x40d7df13) x30 0x0000ffff
core   0: 0x80005b3e (0x0051c3b3) xor     t2, gp, t0
core   0: 3 0x80005b3e (0x0051c3b3) x7  0x8000598c
core   0: 0x80005b42 (0x015423b3) slt     t2, s0, s5
core   0: 3 0x80005b42 (0x015423b3) x7  0x00000000
core   0: 0x80005b46 (0x02f34bb3) div     s7, t1, a5
core   0: 3 0x80005b46 (0x02f34bb3) x23 0xfffffffd
core   0: 0x80005b4a (0x024fcfb3) div     t6, t6, tp
core   0: 3 0x80005b4a (0x024fcfb3) x31 0x00000000
core   0: 0x80005b4e (0x00000001) c.nop
core   0: 3 0x80005b4e (0x0001)
core   0: 0x80005b50 (0xee1eca13) xori    s4, t4, -287
core   0: 3 0x80005b50 (0xee1eca13) x20 0xfffffee1
core   0: 0x80005b54 (0xeb424893) xori    a7, tp, -332
core   0: 3 0x80005b54 (0xeb424893) x17 0x0000014b
core   0: 0x80005b58 (0x02246d33) rem     s10, s0, sp
core   0: 3 0x80005b58 (0x02246d33) x26 0x00000000
core   0: 0x80005b5c (0x029e2b33) mulhsu  s6, t3, s1
core   0: 3 0x80005b5c (0x029e2b33) x22 0x00000000
core   0: 0x80005b60 (0x00006171) c.addi16sp sp, 336
core   0: 3 0x80005b60 (0x6171) x2  0x00000140
core   0: 0x80005b62 (0x00000001) c.nop
core   0: 3 0x80005b62 (0x0001)
core   0: 0x80005b64 (0x00000b56) c.slli  s6, 21
core   0: 3 0x80005b64 (0x0b56) x22 0x00000000
core   0: 0x80005b66 (0x000080a2) c.mv    ra, s0
core   0: 3 0x80005b66 (0x80a2) x1  0x00000010
core   0: 0x80005b68 (0x00008e5e) c.mv    t3, s7
core   0: 3 0x80005b68 (0x8e5e) x28 0xfffffffd
core   0: 0x80005b6a (0x00008eed) c.and   a3, a1
core   0: 3 0x80005b6a (0x8eed) x13 0x00000004
core   0: 0x80005b6c (0x12360693) addi    a3, a2, 291
core   0: 3 0x80005b6c (0x12360693) x13 0x00000123
core   0: 0x80005b70 (0x0219e0b3) rem     ra, s3, ra
core   0: 3 0x80005b70 (0x0219e0b3) x1  0x00000001
core   0: 0x80005b74 (0x00006ead) c.lui   t4, 0xb
core   0: 3 0x80005b74 (0x6ead) x29 0x0000b000
core   0: 0x80005b76 (0x0358e733) rem     a4, a7, s5
core   0: 3 0x80005b76 (0x0358e733) x14 0x00000001
core   0: 0x80005b7a (0x03ddd163) bge     s11, t4, pc + 34
core   0: 3 0x80005b7a (0x03ddd163)
core   0: 0x80005b7e (0xe32e2513) slti    a0, t3, -462
core   0: 3 0x80005b7e (0xe32e2513) x10 0x00000000
core   0: 0x80005b82 (0x1f497493) andi    s1, s2, 500
core   0: 3 0x80005b82 (0x1f497493) x9  0x00000000
core   0: 0x80005b86 (0x020efbb3) remu    s7, t4, zero
core   0: 3 0x80005b86 (0x020efbb3) x23 0x0000b000
core   0: 0x80005b8a (0x41ffdb13) srai    s6, t6, 31
core   0: 3 0x80005b8a (0x41ffdb13) x22 0x00000000
core   0: 0x80005b8e (0x0199dd63) bge     s3, s9, pc + 26
core   0: 3 0x80005b8e (0x0199dd63)
core   0: 0x80005b92 (0x033d6a33) rem     s4, s10, s3
core   0: 3 0x80005b92 (0x033d6a33) x20 0x00000000
core   0: 0x80005b96 (0x0000802d) c.srli  s0, 11
core   0: 3 0x80005b96 (0x802d) x8  0x00000000
core   0: 0x80005b98 (0x00f05833) srl     a6, zero, a5
core   0: 3 0x80005b98 (0x00f05833) x16 0x00000000
core   0: 0x80005b9c (0x00008c55) c.or    s0, a3
core   0: 3 0x80005b9c (0x8c55) x8  0x00000123
core   0: 0x80005b9e (0x036978b3) remu    a7, s2, s6
core   0: 3 0x80005b9e (0x036978b3) x17 0x00000003
core   0: 0x80005ba2 (0x00008d65) c.and   a0, s1
core   0: 3 0x80005ba2 (0x8d65) x10 0x00000000
core   0: 0x80005ba4 (0x02726163) bltu    tp, t2, pc + 34
core   0: 3 0x80005ba4 (0x02726163)
core   0: 0x80005ba8 (0x00ddf463) bgeu    s11, a3, pc + 8
core   0: 3 0x80005ba8 (0x00ddf463)
core   0: 0x80005bb0 (0x00711813) slli    a6, sp, 7
core   0: 3 0x80005bb0 (0x00711813) x16 0x0000a000
core   0: 0x80005bb4 (0x2d88b3b7) lui     t2, 0x2d88b
core   0: 3 0x80005bb4 (0x2d88b3b7) x7  0x2d88b000
core   0: 0x80005bb8 (0x41c0d4b3) sra     s1, ra, t3
core   0: 3 0x80005bb8 (0x41c0d4b3) x9  0x00000000
core   0: 0x80005bbc (0x0e15b713) sltiu   a4, a1, 225
core   0: 3 0x80005bbc (0x0e15b713) x14 0x00000000
core   0: 0x80005bc0 (0x00008e79) c.and   a2, a4
core   0: 3 0x80005bc0 (0x8e79) x12 0x00000000
core   0: 0x80005bc2 (0x00d96233) or      tp, s2, a3
core   0: 3 0x80005bc2 (0x00d96233) x4  0x00000123
core   0: 0x80005bc6 (0x00008e41) c.or    a2, s0
core   0: 3 0x80005bc6 (0x8e41) x12 0x00000123
core   0: 0x80005bc8 (0x0066cdb3) xor     s11, a3, t1
core   0: 3 0x80005bc8 (0x0066cdb3) x27 0x80025f47
core   0: 0x80005bcc (0x01f04263) blt     zero, t6, pc + 4
core   0: 3 0x80005bcc (0x01f04263)
core   0: 0x80005bd0 (0x000064b5) c.lui   s1, 0xd
core   0: 3 0x80005bd0 (0x64b5) x9  0x0000d000
core   0: 0x80005bd2 (0x00006139) c.addi16sp sp, 448
core   0: 3 0x80005bd2 (0x6139) x2  0x00000300
core   0: 0x80005bd4 (0x00008325) c.srli  a4, 9
core   0: 3 0x80005bd4 (0x8325) x14 0x00000000
core   0: 0x80005bd6 (0x00b88663) beq     a7, a1, pc + 12
core   0: 3 0x80005bd6 (0x00b88663)
core   0: 0x80005bda (0x00004c21) c.li    s8, 8
core   0: 3 0x80005bda (0x4c21) x24 0x00000008
core   0: 0x80005bdc (0x000084dd) c.srai  s1, 23
core   0: 3 0x80005bdc (0x84dd) x9  0x00000000
core   0: 0x80005bde (0x6b288e93) addi    t4, a7, 1714
core   0: 3 0x80005bde (0x6b288e93) x29 0x000006b5
core   0: 0x80005be2 (0x021e2c33) mulhsu  s8, t3, ra
core   0: 3 0x80005be2 (0x021e2c33) x24 0xffffffff
core   0: 0x80005be6 (0x03cad1b3) divu    gp, s5, t3
core   0: 3 0x80005be6 (0x03cad1b3) x3  0x00000000
core   0: 0x80005bea (0x00008d29) c.xor   a0, a0
core   0: 3 0x80005bea (0x8d29) x10 0x00000000
core   0: 0x80005bec (0x0079f963) bgeu    s3, t2, pc + 18
core   0: 3 0x80005bec (0x0079f963)
core   0: 0x80005bf0 (0x00000142) c.slli  sp, 16
core   0: 3 0x80005bf0 (0x0142) x2  0x03000000
core   0: 0x80005bf2 (0xf5951417) auipc   s0, 0xf5951
core   0: 3 0x80005bf2 (0xf5951417) x8  0x75956bf2
core   0: 0x80005bf6 (0x02daff63) bgeu    s5, a3, pc + 62
core   0: 3 0x80005bf6 (0x02daff63)
core   0: 0x80005bfa (0x03be8033) mul     zero, t4, s11
core   0: 3 0x80005bfa (0x03be8033)
core   0: 0x80005bfe (0x000002ed) c.addi  t0, 27
core   0: 3 0x80005bfe (0x02ed) x5  0x800059a7
core   0: 0x80005c00 (0x01dac633) xor     a2, s5, t4
core   0: 3 0x80005c00 (0x01dac633) x12 0x000006b6
core   0: 0x80005c04 (0x000086c1) c.srai  a3, 16
core   0: 3 0x80005c04 (0x86c1) x13 0x00000000
core   0: 0x80005c06 (0x01bc8363) beq     s9, s11, pc + 6
core   0: 3 0x80005c06 (0x01bc8363)
core   0: 0x80005c0a (0x00006179) c.addi16sp sp, 464
core   0: 3 0x80005c0a (0x6179) x2  0x030001d0
core   0: 0x80005c0c (0x00381d63) bne     a6, gp, pc + 26
core   0: 3 0x80005c0c (0x00381d63)
core   0: 0x80005c26 (0x414b5d13) srai    s10, s6, 20
core   0: 3 0x80005c26 (0x414b5d13) x26 0x00000000
core   0: 0x80005c2a (0x00008d61) c.and   a0, s0
core   0: 3 0x80005c2a (0x8d61) x10 0x00000000
core   0: 0x80005c2c (0x02ce0c33) mul     s8, t3, a2
core   0: 3 0x80005c2c (0x02ce0c33) x24 0xffffebde
core   0: 0x80005c30 (0x0017d213) srli    tp, a5, 1
core   0: 3 0x80005c30 (0x0017d213) x4  0x0fffffff
core   0: 0x80005c34 (0xc5e3bd13) sltiu   s10, t2, -930
core   0: 3 0x80005c34 (0xc5e3bd13) x26 0x00000001
core   0: 0x80005c38 (0x00dcaf33) slt     t5, s9, a3
core   0: 3 0x80005c38 (0x00dcaf33) x30 0x00000000
core   0: 0x80005c3c (0x0084ddb3) srl     s11, s1, s0
core   0: 3 0x80005c3c (0x0084ddb3) x27 0x00000000
core   0: 0x80005c40 (0x0174feb3) and     t4, s1, s7
core   0: 3 0x80005c40 (0x0174feb3) x29 0x00000000
core   0: 0x80005c44 (0xd03aaf13) slti    t5, s5, -765
core   0: 3 0x80005c44 (0xd03aaf13) x30 0x00000000
core   0: 0x80005c48 (0x0040a133) slt     sp, ra, tp
core   0: 3 0x80005c48 (0x0040a133) x2  0x00000001
core   0: 0x80005c4c (0x02bf1433) mulh    s0, t5, a1
core   0: 3 0x80005c4c (0x02bf1433) x8  0x00000000
core   0: 0x80005c50 (0x008a7633) and     a2, s4, s0
core   0: 3 0x80005c50 (0x008a7633) x12 0x00000000
core   0: 0x80005c54 (0x000086c9) c.srai  a3, 18
core   0: 3 0x80005c54 (0x86c9) x13 0x00000000
core   0: 0x80005c56 (0x00000a8a) c.slli  s5, 2
core   0: 3 0x80005c56 (0x0a8a) x21 0x0000000c
core   0: 0x80005c58 (0x0000ca81) c.beqz  a3, pc + 16
core   0: 3 0x80005c58 (0xca81)
core   0: 0x80005c68 (0x000083f1) c.srli  a5, 28
core   0: 3 0x80005c68 (0x83f1) x15 0x00000001
core   0: 0x80005c6a (0x0102a033) slt     zero, t0, a6
core   0: 3 0x80005c6a (0x0102a033)
core   0: 0x80005c6e (0x00ceb1b3) sltu    gp, t4, a2
core   0: 3 0x80005c6e (0x00ceb1b3) x3  0x00000000
core   0: 0x80005c72 (0x004c09b3) add     s3, s8, tp
core   0: 3 0x80005c72 (0x004c09b3) x19 0x0fffebdd
core   0: 0x80005c76 (0x00004651) c.li    a2, 20
core   0: 3 0x80005c76 (0x4651) x12 0x00000014
core   0: 0x80005c78 (0x00008cc1) c.or    s1, s0
core   0: 3 0x80005c78 (0x8cc1) x9  0x00000000
core   0: 0x80005c7a (0x00001c88) c.addi4spn a0, sp, 624
core   0: 3 0x80005c7a (0x1c88) x10 0x00000271
core   0: 0x80005c7c (0x0000847d) c.srai  s0, 31
core   0: 3 0x80005c7c (0x847d) x8  0x00000000
core   0: 0x80005c7e (0x1f139f97) auipc   t6, 0x1f139
core   0: 3 0x80005c7e (0x1f139f97) x31 0x9f13ec7e
core   0: 0x80005c82 (0x01cc8c63) beq     s9, t3, pc + 24
core   0: 3 0x80005c82 (0x01cc8c63)
core   0: 0x80005c86 (0x010903b3) add     t2, s2, a6
core   0: 3 0x80005c86 (0x010903b3) x7  0x0000a003
core   0: 0x80005c8a (0x03e7f9b3) remu    s3, a5, t5
core   0: 3 0x80005c8a (0x03e7f9b3) x19 0x00000001
core   0: 0x80005c8e (0x019b4033) xor     zero, s6, s9
core   0: 3 0x80005c8e (0x019b4033)
core   0: 0x80005c92 (0x00e1e763) bltu    gp, a4, pc + 14
core   0: 3 0x80005c92 (0x00e1e763)
core   0: 0x80005c96 (0x048a7163) bgeu    s4, s0, pc + 66
core   0: 3 0x80005c96 (0x048a7163)
core   0: 0x80005cd8 (0x00004add) c.li    s5, 23
core   0: 3 0x80005cd8 (0x4add) x21 0x00000017
core   0: 0x80005cda (0x01ec5f63) bge     s8, t5, pc + 30
core   0: 3 0x80005cda (0x01ec5f63)
core   0: 0x80005cde (0x000050fd) c.li    ra, -1
core   0: 3 0x80005cde (0x50fd) x1  0xffffffff
core   0: 0x80005ce0 (0x033cd033) divu    zero, s9, s3
core   0: 3 0x80005ce0 (0x033cd033)
core   0: 0x80005ce4 (0x0000679d) c.lui   a5, 0x7
core   0: 3 0x80005ce4 (0x679d) x15 0x00007000
core   0: 0x80005ce6 (0xc156b993) sltiu   s3, a3, -1003
core   0: 3 0x80005ce6 (0xc156b993) x19 0x00000001
core   0: 0x80005cea (0x00008a8a) c.mv    s5, sp
core   0: 3 0x80005cea (0x8a8a) x21 0x00000001
core   0: 0x80005cec (0x0025afb3) slt     t6, a1, sp
core   0: 3 0x80005cec (0x0025afb3) x31 0x00000001
core   0: 0x80005cf0 (0x00006171) c.addi16sp sp, 336
core   0: 3 0x80005cf0 (0x6171) x2  0x00000151
core   0: 0x80005cf2 (0x00009a7d) c.andi  a2, -1
core   0: 3 0x80005cf2 (0x9a7d) x12 0x00000014
core   0: 0x80005cf4 (0x020060b3) rem     ra, zero, zero
core   0: 3 0x80005cf4 (0x020060b3) x1  0x00000000
core   0: 0x80005cf8 (0x00008ffd) c.and   a5, a5
core   0: 3 0x80005cf8 (0x8ffd) x15 0x00007000
core   0: 0x80005cfa (0x00865d63) bge     a2, s0, pc + 26
core   0: 3 0x80005cfa (0x00865d63)
core   0: 0x80005d14 (0x037e56b3) divu    a3, t3, s7
core   0: 3 0x80005d14 (0x037e56b3) x13 0x0001745d
core   0: 0x80005d18 (0x01a18a33) add     s4, gp, s10
core   0: 3 0x80005d18 (0x01a18a33) x20 0x00000001
core   0: 0x80005d1c (0x036289b3) mul     s3, t0, s6
core   0: 3 0x80005d1c (0x036289b3) x19 0x00000000
core   0: 0x80005d20 (0x00006561) c.lui   a0, 0x18
core   0: 3 0x80005d20 (0x6561) x10 0x00018000
core   0: 0x80005d22 (0xf50e2913) slti    s2, t3, -176
core   0: 3 0x80005d22 (0xf50e2913) x18 0x00000000
core   0: 0x80005d26 (0xdcd6ad13) slti    s10, a3, -563
core   0: 3 0x80005d26 (0xdcd6ad13) x26 0x00000000
core   0: 0x80005d2a (0x0000eb9d) c.bnez  a5, pc + 54
core   0: 3 0x80005d2a (0xeb9d)
core   0: 0x80005d60 (0x001f1493) slli    s1, t5, 1
core   0: 3 0x80005d60 (0x001f1493) x9  0x00000000
core   0: 0x80005d64 (0x55dbcd93) xori    s11, s7, 1373
core   0: 3 0x80005d64 (0x55dbcd93) x27 0x0000b55d
core   0: 0x80005d68 (0x00008899) c.andi  s1, 6
core   0: 3 0x80005d68 (0x8899) x9  0x00000000
core   0: 0x80005d6a (0x0216f1b3) remu    gp, a3, ra
core   0: 3 0x80005d6a (0x0216f1b3) x3  0x0001745d
core   0: 0x80005d6e (0x000080a2) c.mv    ra, s0
core   0: 3 0x80005d6e (0x80a2) x1  0x00000000
core   0: 0x80005d70 (0x00f2f8b3) and     a7, t0, a5
core   0: 3 0x80005d70 (0x00f2f8b3) x17 0x00005000
core   0: 0x80005d74 (0x01c3de13) srli    t3, t2, 28
core   0: 3 0x80005d74 (0x01c3de13) x28 0x00000000
core   0: 0x80005d78 (0x0000887e) c.mv    a6, t6
core   0: 3 0x80005d78 (0x887e) x16 0x00000001
core   0: 0x80005d7a (0x022d2833) mulhsu  a6, s10, sp
core   0: 3 0x80005d7a (0x022d2833) x16 0x00000000
core   0: 0x80005d7e (0x00008f55) c.or    a4, a3
core   0: 3 0x80005d7e (0x8f55) x14 0x0001745d
core   0: 0x80005d80 (0x00008d71) c.and   a0, a2
core   0: 3 0x80005d80 (0x8d71) x10 0x00000000
core   0: 0x80005d82 (0x03b1ef33) rem     t5, gp, s11
core   0: 3 0x80005d82 (0x03b1ef33) x30 0x000009a3
core   0: 0x80005d86 (0x038908b3) mul     a7, s2, s8
core   0: 3 0x80005d86 (0x038908b3) x17 0x00000000
core   0: 0x80005d8a (0x035e2733) mulhsu  a4, t3, s5
core   0: 3 0x80005d8a (0x035e2733) x14 0x00000000
core   0: 0x80005d8e (0x0000717d) c.addi16sp sp, -16
core   0: 3 0x80005d8e (0x717d) x2  0x00000141
core   0: 0x80005d90 (0x00000001) c.nop
core   0: 3 0x80005d90 (0x0001)
core   0: 0x80005d92 (0x00008319) c.srli  a4, 6
core   0: 3 0x80005d92 (0x8319) x14 0x00000000
core   0: 0x80005d94 (0x00008e5d) c.or    a2, a5
core   0: 3 0x80005d94 (0x8e5d) x12 0x00007014
core   0: 0x80005d96 (0x000d36b3) sltu    a3, s10, zero
core   0: 3 0x80005d96 (0x000d36b3) x13 0x00000000
core   0: 0x80005d9a (0x59b1a713) slti    a4, gp, 1435
core   0: 3 0x80005d9a (0x59b1a713) x14 0x00000000
core   0: 0x80005d9e (0x00008c7d) c.and   s0, a5
core   0: 3 0x80005d9e (0x8c7d) x8  0x00000000
core   0: 0x80005da0 (0x03994033) div     zero, s2, s9
core   0: 3 0x80005da0 (0x03994033)
core   0: 0x80005da4 (0x005f60b3) or      ra, t5, t0
core   0: 3 0x80005da4 (0x005f60b3) x1  0x800059a7
core   0: 0x80005da8 (0x000069ed) c.lui   s3, 0x1b
core   0: 3 0x80005da8 (0x69ed) x19 0x0001b000
core   0: 0x80005daa (0x00008f4a) c.mv    t5, s2
core   0: 3 0x80005daa (0x8f4a) x30 0x00000000
core   0: 0x80005dac (0x0000e689) c.bnez  a3, pc + 10
core   0: 3 0x80005dac (0xe689)
core   0: 0x80005dae (0x005bb833) sltu    a6, s7, t0
core   0: 3 0x80005dae (0x005bb833) x16 0x00000001
core   0: 0x80005db2 (0x0164d233) srl     tp, s1, s6
core   0: 3 0x80005db2 (0x0164d233) x4  0x00000000
core   0: 0x80005db6 (0x000d7c33) and     s8, s10, zero
core   0: 3 0x80005db6 (0x000d7c33) x24 0x00000000
core   0: 0x80005dba (0x00008f99) c.sub   a5, a4
core   0: 3 0x80005dba (0x8f99) x15 0x00007000
core   0: 0x80005dbc (0x00135213) srli    tp, t1, 1
core   0: 3 0x80005dbc (0x00135213) x4  0x40012f32
core   0: 0x80005dc0 (0x00000706) c.slli  a4, 1
core   0: 3 0x80005dc0 (0x0706) x14 0x00000000
core   0: 0x80005dc2 (0x0000b917) auipc   s2, 0xb
core   0: 3 0x80005dc2 (0x0000b917) x18 0x80010dc2
core   0: 0x80005dc6 (0x18290913) addi    s2, s2, 386
core   0: 3 0x80005dc6 (0x18290913) x18 0x80010f44
core   0: 0x80005dca (0x000091aa) c.add   gp, a0
core   0: 3 0x80005dca (0x91aa) x3  0x0001745d
core   0: 0x80005dcc (0x00d903a3) sb      a3, 7(s2)
core   0: 3 0x80005dcc (0x00d903a3) mem 0x80010f4b 0x00
core   0: 0x80005dd0 (0x00008ec1) c.or    a3, s0
core   0: 3 0x80005dd0 (0x8ec1) x13 0x00000000
core   0: 0x80005dd2 (0x01895d83) lhu     s11, 24(s2)
core   0: 3 0x80005dd2 (0x01895d83) x27 0x0000ffff mem 0x80010f5c
core   0: 0x80005dd6 (0x00008d2d) c.xor   a0, a1
core   0: 3 0x80005dd6 (0x8d2d) x10 0x80029ce4
core   0: 0x80005dd8 (0x00594983) lbu     s3, 5(s2)
core   0: 3 0x80005dd8 (0x00594983) x19 0x00000002 mem 0x80010f49
core   0: 0x80005ddc (0x02f94983) lbu     s3, 47(s2)
core   0: 3 0x80005ddc (0x02f94983) x19 0x00000028 mem 0x80010f73
core   0: 0x80005de0 (0xfee95c03) lhu     s8, -18(s2)
core   0: 3 0x80005de0 (0xfee95c03) x24 0x0000e8e9 mem 0x80010f32
core   0: 0x80005de4 (0xfe390b23) sb      gp, -10(s2)
core   0: 3 0x80005de4 (0xfe390b23) mem 0x80010f3a 0x5d
core   0: 0x80005de8 (0x69b13d97) auipc   s11, 0x69b13
core   0: 3 0x80005de8 (0x69b13d97) x27 0xe9b18de8
core   0: 0x80005dec (0xffe95383) lhu     t2, -2(s2)
core   0: 3 0x80005dec (0xffe95383) x7  0x0000f8f9 mem 0x80010f42
core   0: 0x80005df0 (0xfda90b23) sb      s10, -42(s2)
core   0: 3 0x80005df0 (0xfda90b23) mem 0x80010f1a 0x00
core   0: 0x80005df4 (0x039d60b3) rem     ra, s10, s9
core   0: 3 0x80005df4 (0x039d60b3) x1  0x00000000
core   0: 0x80005df8 (0x00fbb1b3) sltu    gp, s7, a5
core   0: 3 0x80005df8 (0x00fbb1b3) x3  0x00000000
core   0: 0x80005dfc (0x01cd9893) slli    a7, s11, 28
core   0: 3 0x80005dfc (0x01cd9893) x17 0x80000000
core   0: 0x80005e00 (0x00006a95) c.lui   s5, 0x5
core   0: 3 0x80005e00 (0x6a95) x21 0x00005000
core   0: 0x80005e02 (0x02057e33) remu    t3, a0, zero
core   0: 3 0x80005e02 (0x02057e33) x28 0x80029ce4
core   0: 0x80005e06 (0xff590b83) lb      s7, -11(s2)
core   0: 3 0x80005e06 (0xff590b83) x23 0xfffffff2 mem 0x80010f39
core   0: 0x80005e0a (0x02c90283) lb      t0, 44(s2)
core   0: 3 0x80005e0a (0x02c90283) x5  0x0000002b mem 0x80010f70
core   0: 0x80005e0e (0x000084b1) c.srai  s1, 12
core   0: 3 0x80005e0e (0x84b1) x9  0x00000000
core   0: 0x80005e10 (0x03c92003) lw      zero, 60(s2)
core   0: 3 0x80005e10 (0x03c92003) mem 0x80010f80
core   0: 0x80005e14 (0xfe990aa3) sb      s1, -11(s2)
core   0: 3 0x80005e14 (0xfe990aa3) mem 0x80010f39 0x00
core   0: 0x80005e18 (0x02d0cb33) div     s6, ra, a3
core   0: 3 0x80005e18 (0x02d0cb33) x22 0xffffffff
core   0: 0x80005e1c (0xfee90923) sb      a4, -14(s2)
core   0: 3 0x80005e1c (0xfee90923) mem 0x80010f36 0x00
core   0: 0x80005e20 (0x00000001) c.nop
core   0: 3 0x80005e20 (0x0001)
core   0: 0x80005e22 (0xff492503) lw      a0, -12(s2)
core   0: 3 0x80005e22 (0xff492503) x10 0xf05d00f3 mem 0x80010f38
core   0: 0x80005e26 (0xfef90a03) lb      s4, -17(s2)
core   0: 3 0x80005e26 (0xfef90a03) x20 0xffffffe8 mem 0x80010f33
core   0: 0x80005e2a (0x03190803) lb      a6, 49(s2)
core   0: 3 0x80005e2a (0x03190803) x16 0x0000002e mem 0x80010f75
core   0: 0x80005e2e (0x00006129) c.addi16sp sp, 192
core   0: 3 0x80005e2e (0x6129) x2  0x00000201
core   0: 0x80005e30 (0xfce90aa3) sb      a4, -43(s2)
core   0: 3 0x80005e30 (0xfce90aa3) mem 0x80010f19 0x00
core   0: 0x80005e34 (0x013d2433) slt     s0, s10, s3
core   0: 3 0x80005e34 (0x013d2433) x8  0x00000001
core   0: 0x80005e38 (0x00008f85) c.sub   a5, s1
core   0: 3 0x80005e38 (0x8f85) x15 0x00007000
core   0: 0x80005e3a (0x01e183b3) add     t2, gp, t5
core   0: 3 0x80005e3a (0x01e183b3) x7  0x00000000
core   0: 0x80005e3e (0x01d7ddb3) srl     s11, a5, t4
core   0: 3 0x80005e3e (0x01d7ddb3) x27 0x00007000
core   0: 0x80005e42 (0x035ba533) mulhsu  a0, s7, s5
core   0: 3 0x80005e42 (0x035ba533) x10 0xffffffff
core   0: 0x80005e46 (0x0000ca81) c.beqz  a3, pc + 16
core   0: 3 0x80005e46 (0xca81)
core   0: 0x80005e56 (0x0081b3b3) sltu    t2, gp, s0
core   0: 3 0x80005e56 (0x0081b3b3) x7  0x00000001
core   0: 0x80005e5a (0xbe98bf13) sltiu   t5, a7, -1047
core   0: 3 0x80005e5a (0xbe98bf13) x30 0x00000001
core   0: 0x80005e5e (0x036c5633) divu    a2, s8, s6
core   0: 3 0x80005e5e (0x036c5633) x12 0x00000000
core   0: 0x80005e62 (0x00000272) c.slli  tp, 28
core   0: 3 0x80005e62 (0x0272) x4  0x20000000
core   0: 0x80005e64 (0x0000628d) c.lui   t0, 0x3
core   0: 3 0x80005e64 (0x628d) x5  0x00003000
core   0: 0x80005e66 (0x00000001) c.nop
core   0: 3 0x80005e66 (0x0001)
core   0: 0x80005e68 (0x001fafb3) slt     t6, t6, ra
core   0: 3 0x80005e68 (0x001fafb3) x31 0x00000000
core   0: 0x80005e6c (0x40a08eb3) sub     t4, ra, a0
core   0: 3 0x80005e6c (0x40a08eb3) x29 0x00000001
core   0: 0x80005e70 (0x01e44ab3) xor     s5, s0, t5
core   0: 3 0x80005e70 (0x01e44ab3) x21 0x00000000
core   0: 0x80005e74 (0x01f258b3) srl     a7, tp, t6
core   0: 3 0x80005e74 (0x01f258b3) x17 0x20000000
core   0: 0x80005e78 (0x00001588) c.addi4spn a0, sp, 736
core   0: 3 0x80005e78 (0x1588) x10 0x000004e1
core   0: 0x80005e7a (0x00f31493) slli    s1, t1, 15
core   0: 3 0x80005e7a (0x00f31493) x9  0x2f320000
core   0: 0x80005e7e (0x000098fd) c.andi  s1, -1
core   0: 3 0x80005e7e (0x98fd) x9  0x2f320000
core   0: 0x80005e80 (0x0000717d) c.addi16sp sp, -16
core   0: 3 0x80005e80 (0x717d) x2  0x000001f1
core   0: 0x80005e82 (0x0000e395) c.bnez  a5, pc + 36
core   0: 3 0x80005e82 (0xe395)
core   0: 0x80005ea6 (0x00009396) c.add   t2, t0
core   0: 3 0x80005ea6 (0x9396) x7  0x00003001
core   0: 0x80005ea8 (0x0146f263) bgeu    a3, s4, pc + 4
core   0: 3 0x80005ea8 (0x0146f263)
core   0: 0x80005eac (0x0334c3b3) div     t2, s1, s3
core   0: 3 0x80005eac (0x0334c3b3) x7  0x012e0ccc
core   0: 0x80005eb0 (0x008976b3) and     a3, s2, s0
core   0: 3 0x80005eb0 (0x008976b3) x13 0x00000000
core   0: 0x80005eb4 (0x02097bb3) remu    s7, s2, zero
core   0: 3 0x80005eb4 (0x02097bb3) x23 0x80010f44
core   0: 0x80005eb8 (0x0000169c) c.addi4spn a5, sp, 864
core   0: 3 0x80005eb8 (0x169c) x15 0x00000551
core   0: 0x80005eba (0x0000808d) c.srli  s1, 3
core   0: 3 0x80005eba (0x808d) x9  0x05e64000
core   0: 0x80005ebc (0x00000935) c.addi  s2, 13
core   0: 3 0x80005ebc (0x0935) x18 0x80010f51
core   0: 0x80005ebe (0x005bdfb3) srl     t6, s7, t0
core   0: 3 0x80005ebe (0x005bdfb3) x31 0x80010f44
core   0: 0x80005ec2 (0x023cdeb3) divu    t4, s9, gp
core   0: 3 0x80005ec2 (0x023cdeb3) x29 0xffffffff
core   0: 0x80005ec6 (0x01bea133) slt     sp, t4, s11
core   0: 3 0x80005ec6 (0x01bea133) x2  0x00000001
core   0: 0x80005eca (0x00e731b3) sltu    gp, a4, a4
core   0: 3 0x80005eca (0x00e731b3) x3  0x00000000
core   0: 0x80005ece (0x0000ed31) c.bnez  a0, pc + 92
core   0: 3 0x80005ece (0xed31)
core   0: 0x80005f2a (0x010a9f63) bne     s5, a6, pc + 30
core   0: 3 0x80005f2a (0x010a9f63)
core   0: 0x80005f48 (0x41155113) srai    sp, a0, 17
core   0: 3 0x80005f48 (0x41155113) x2  0x00000000
core   0: 0x80005f4c (0x00000001) c.nop
core   0: 3 0x80005f4c (0x0001)
core   0: 0x80005f4e (0x00000001) c.nop
core   0: 3 0x80005f4e (0x0001)
core   0: 0x80005f50 (0x021d0633) mul     a2, s10, ra
core   0: 3 0x80005f50 (0x021d0633) x12 0x00000000
core   0: 0x80005f54 (0x8fb6aa13) slti    s4, a3, -1797
core   0: 3 0x80005f54 (0x8fb6aa13) x20 0x00000000
core   0: 0x80005f58 (0x025d5233) divu    tp, s10, t0
core   0: 3 0x80005f58 (0x025d5233) x4  0x00000000
core   0: 0x80005f5c (0x0059e4b3) or      s1, s3, t0
core   0: 3 0x80005f5c (0x0059e4b3) x9  0x00003028
core   0: 0x80005f60 (0x41d95393) srai    t2, s2, 29
core   0: 3 0x80005f60 (0x41d95393) x7  0xfffffffc
core   0: 0x80005f64 (0x955dc637) lui     a2, 0x955dc
core   0: 3 0x80005f64 (0x955dc637) x12 0x955dc000
core   0: 0x80005f68 (0x946e3a93) sltiu   s5, t3, -1722
core   0: 3 0x80005f68 (0x946e3a93) x21 0x00000001
core   0: 0x80005f6c (0x00008ef1) c.and   a3, a2
core   0: 3 0x80005f6c (0x8ef1) x13 0x00000000
core   0: 0x80005f6e (0x67fb8393) addi    t2, s7, 1663
core   0: 3 0x80005f6e (0x67fb8393) x7  0x800115c3
core   0: 0x80005f72 (0x00e19b33) sll     s6, gp, a4
core   0: 3 0x80005f72 (0x00e19b33) x22 0x00000000
core   0: 0x80005f76 (0x00008e39) c.xor   a2, a4
core   0: 3 0x80005f76 (0x8e39) x12 0x955dc000
core   0: 0x80005f78 (0x0361c463) blt     gp, s6, pc + 40
core   0: 3 0x80005f78 (0x0361c463)
core   0: 0x80005f7c (0x00008d41) c.or    a0, s0
core   0: 3 0x80005f7c (0x8d41) x10 0x000004e1
core   0: 0x80005f7e (0x00005f7d) c.li    t5, -1
core   0: 3 0x80005f7e (0x5f7d) x30 0xffffffff
core   0: 0x80005f80 (0x00001514) c.addi4spn a3, sp, 672
core   0: 3 0x80005f80 (0x1514) x13 0x000002a0
core   0: 0x80005f82 (0x025c6463) bltu    s8, t0, pc + 40
core   0: 3 0x80005f82 (0x025c6463)
core   0: 0x80005f86 (0x0000984a) c.add   a6, s2
core   0: 3 0x80005f86 (0x984a) x16 0x80010f7f
core   0: 0x80005f88 (0x00001c7d) c.addi  s8, -1
core   0: 3 0x80005f88 (0x1c7d) x24 0x0000e8e8
core   0: 0x80005f8a (0x031fdf63) bge     t6, a7, pc + 62
core   0: 3 0x80005f8a (0x031fdf63)
core   0: 0x80005f8e (0x00000001) c.nop
core   0: 3 0x80005f8e (0x0001)
core   0: 0x80005f90 (0x0f420b93) addi    s7, tp, 244
core   0: 3 0x80005f90 (0x0f420b93) x23 0x000000f4
core   0: 0x80005f94 (0x01d0df13) srli    t5, ra, 29
core   0: 3 0x80005f94 (0x01d0df13) x30 0x00000000
core   0: 0x80005f98 (0x00008d21) c.xor   a0, s0
core   0: 3 0x80005f98 (0x8d21) x10 0x000004e0
core   0: 0x80005f9a (0x0000027e) c.slli  tp, 31
core   0: 3 0x80005f9a (0x027e) x4  0x00000000
core   0: 0x80005f9c (0x02ac5863) bge     s8, a0, pc + 48
core   0: 3 0x80005f9c (0x02ac5863)
core   0: 0x80005fcc (0xc0438693) addi    a3, t2, -1020
core   0: 3 0x80005fcc (0xc0438693) x13 0x800111c7
core   0: 0x80005fd0 (0x000da0b3) slt     ra, s11, zero
core   0: 3 0x80005fd0 (0x000da0b3) x1  0x00000000
core   0: 0x80005fd4 (0x037d4b33) div     s6, s10, s7
core   0: 3 0x80005fd4 (0x037d4b33) x22 0x00000000
core   0: 0x80005fd8 (0x00008c31) c.xor   s0, a2
core   0: 3 0x80005fd8 (0x8c31) x8  0x955dc001
core   0: 0x80005fda (0x0128dc33) srl     s8, a7, s2
core   0: 3 0x80005fda (0x0128dc33) x24 0x00001000
core   0: 0x80005fde (0x5d87c113) xori    sp, a5, 1496
core   0: 3 0x80005fde (0x5d87c113) x2  0x00000089
core   0: 0x80005fe2 (0x90c419b7) lui     s3, 0x90c41
core   0: 3 0x80005fe2 (0x90c419b7) x19 0x90c41000
core   0: 0x80005fe6 (0xd9b97b13) andi    s6, s2, -613
core   0: 3 0x80005fe6 (0xd9b97b13) x22 0x80010d11
core   0: 0x80005fea (0x000082b1) c.srli  a3, 12
core   0: 3 0x80005fea (0x82b1) x13 0x00080011
core   0: 0x80005fec (0x000098be) c.add   a7, a5
core   0: 3 0x80005fec (0x98be) x17 0x20000551
core   0: 0x80005fee (0x000080b1) c.srli  s1, 12
core   0: 3 0x80005fee (0x80b1) x9  0x00000003
core   0: 0x80005ff0 (0x0000101c) c.addi4spn a5, sp, 32
core   0: 3 0x80005ff0 (0x101c) x15 0x000000a9
core   0: 0x80005ff2 (0x50ccbeb7) lui     t4, 0x50ccb
core   0: 3 0x80005ff2 (0x50ccbeb7) x29 0x50ccb000
core   0: 0x80005ff6 (0x00001c7d) c.addi  s8, -1
core   0: 3 0x80005ff6 (0x1c7d) x24 0x00000fff
core   0: 0x80005ff8 (0x00001b7d) c.addi  s6, -1
core   0: 3 0x80005ff8 (0x1b7d) x22 0x80010d10
core   0: 0x80005ffa (0x03cf4533) div     a0, t5, t3
core   0: 3 0x80005ffa (0x03cf4533) x10 0x00000000
core   0: 0x80005ffe (0x7af16193) ori     gp, sp, 1967
core   0: 3 0x80005ffe (0x7af16193) x3  0x000007af
core   0: 0x80006002 (0xe7d72113) slti    sp, a4, -387
core   0: 3 0x80006002 (0xe7d72113) x2  0x00000000
core   0: 0x80006006 (0x00416a33) or      s4, sp, tp
core   0: 3 0x80006006 (0x00416a33) x20 0x00000000
core   0: 0x8000600a (0x402bdd93) srai    s11, s7, 2
core   0: 3 0x8000600a (0x402bdd93) x27 0x0000003d
core   0: 0x8000600e (0x00eb99b3) sll     s3, s7, a4
core   0: 3 0x8000600e (0x00eb99b3) x19 0x000000f4
core   0: 0x80006012 (0x00000001) c.nop
core   0: 3 0x80006012 (0x0001)
core   0: 0x80006014 (0x02d4b433) mulhu   s0, s1, a3
core   0: 3 0x80006014 (0x02d4b433) x8  0x00000000
core   0: 0x80006018 (0x92e87d93) andi    s11, a6, -1746
core   0: 3 0x80006018 (0x92e87d93) x27 0x8001092e
core   0: 0x8000601c (0x0167d4b3) srl     s1, a5, s6
core   0: 3 0x8000601c (0x0167d4b3) x9  0x00000000
core   0: 0x80006020 (0x00008e35) c.xor   a2, a3
core   0: 3 0x80006020 (0x8e35) x12 0x9555c011
core   0: 0x80006022 (0xc0cdd397) auipc   t2, 0xc0cdd
core   0: 3 0x80006022 (0xc0cdd397) x7  0x40ce3022
core   0: 0x80006026 (0x01559a63) bne     a1, s5, pc + 20
core   0: 3 0x80006026 (0x01559a63)
core   0: 0x8000603a (0x02c2ed63) bltu    t0, a2, pc + 58
core   0: 3 0x8000603a (0x02c2ed63)
core   0: 0x80006074 (0x0136a7b3) slt     a5, a3, s3
core   0: 3 0x80006074 (0x0136a7b3) x15 0x00000000
core   0: 0x80006078 (0x419cd893) srai    a7, s9, 25
core   0: 3 0x80006078 (0x419cd893) x17 0x00000000
core   0: 0x8000607c (0x03ad73b3) remu    t2, s10, s10
core   0: 3 0x8000607c (0x03ad73b3) x7  0x00000000
core   0: 0x80006080 (0x00000b84) c.addi4spn s1, sp, 464
core   0: 3 0x80006080 (0x0b84) x9  0x000001d0
core   0: 0x80006082 (0x02c10133) mul     sp, sp, a2
core   0: 3 0x80006082 (0x02c10133) x2  0x00000000
core   0: 0x80006086 (0x00fbd813) srli    a6, s7, 15
core   0: 3 0x80006086 (0x00fbd813) x16 0x00000000
core   0: 0x8000608a (0x000080b1) c.srli  s1, 12
core   0: 3 0x8000608a (0x80b1) x9  0x00000000
core   0: 0x8000608c (0x017c8963) beq     s9, s7, pc + 18
core   0: 3 0x8000608c (0x017c8963)
core   0: 0x80006090 (0x0000973a) c.add   a4, a4
core   0: 3 0x80006090 (0x973a) x14 0x00000000
core   0: 0x80006092 (0x084c0d63) beq     s8, tp, pc + 154
core   0: 3 0x80006092 (0x084c0d63)
core   0: 0x80006096 (0x4195d413) srai    s0, a1, 25
core   0: 3 0x80006096 (0x4195d413) x8  0xffffffc0
core   0: 0x8000609a (0x00b73433) sltu    s0, a4, a1
core   0: 3 0x8000609a (0x00b73433) x8  0x00000001
core   0: 0x8000609e (0x00008451) c.srai  s0, 20
core   0: 3 0x8000609e (0x8451) x8  0x00000000
core   0: 0x800060a0 (0x01639d13) slli    s10, t2, 22
core   0: 3 0x800060a0 (0x01639d13) x26 0x00000000
core   0: 0x800060a4 (0x0000aa17) auipc   s4, 0xa
core   0: 3 0x800060a4 (0x0000aa17) x20 0x800100a4
core   0: 0x800060a8 (0x610a0a13) addi    s4, s4, 1552
core   0: 3 0x800060a8 (0x610a0a13) x20 0x800106b4
core   0: 0x800060ac (0x00609533) sll     a0, ra, t1
core   0: 3 0x800060ac (0x00609533) x10 0x00000000
core   0: 0x800060b0 (0x00006705) c.lui   a4, 0x1
core   0: 3 0x800060b0 (0x6705) x14 0x00001000
core   0: 0x800060b2 (0x13aa1a23) sh      s10, 308(s4)
core   0: 3 0x800060b2 (0x13aa1a23) mem 0x800107e8 0x0000
core   0: 0x800060b6 (0x134a2283) lw      t0, 308(s4)
core   0: 3 0x800060b6 (0x134a2283) x5  0xa0a10000 mem 0x800107e8
core   0: 0x800060ba (0x134a4803) lbu     a6, 308(s4)
core   0: 3 0x800060ba (0x134a4803) x16 0x00000000 mem 0x800107e8
core   0: 0x800060be (0x134a1e03) lh      t3, 308(s4)
core   0: 3 0x800060be (0x134a1e03) x28 0x00000000 mem 0x800107e8
core   0: 0x800060c2 (0x34ea0623) sb      a4, 844(s4)
core   0: 3 0x800060c2 (0x34ea0623) mem 0x80010a00 0x00
core   0: 0x800060c6 (0x407a4703) lbu     a4, 1031(s4)
core   0: 3 0x800060c6 (0x407a4703) x14 0x00000000 mem 0x80010abb
core   0: 0x800060ca (0x00000001) c.nop
core   0: 3 0x800060ca (0x0001)
core   0: 0x800060cc (0x407a4b03) lbu     s6, 1031(s4)
core   0: 3 0x800060cc (0x407a4b03) x22 0x00000000 mem 0x80010abb
core   0: 0x800060d0 (0x442a0e03) lb      t3, 1090(s4)
core   0: 3 0x800060d0 (0x442a0e03) x28 0xffffffad mem 0x80010af6
core   0: 0x800060d4 (0x00000300) c.addi4spn s0, sp, 384
core   0: 3 0x800060d4 (0x0300) x8  0x00000180
core   0: 0x800060d6 (0x442a5e03) lhu     t3, 1090(s4)
core   0: 3 0x800060d6 (0x442a5e03) x28 0x0000acad mem 0x80010af6
core   0: 0x800060da (0x452a0123) sb      s2, 1090(s4)
core   0: 3 0x800060da (0x452a0123) mem 0x80010af6 0x51
core   0: 0x800060de (0x442a1503) lh      a0, 1090(s4)
core   0: 3 0x800060de (0x442a1503) x10 0xffffac51 mem 0x80010af6
core   0: 0x800060e2 (0x00006131) c.addi16sp sp, 320
core   0: 3 0x800060e2 (0x6131) x2  0x00000140
core   0: 0x800060e4 (0x9cdd3413) sltiu   s0, s10, -1587
core   0: 3 0x800060e4 (0x9cdd3413) x8  0x00000001
core   0: 0x800060e8 (0x00008f31) c.xor   a4, a2
core   0: 3 0x800060e8 (0x8f31) x14 0x9555c011
core   0: 0x800060ea (0x45aa1123) sh      s10, 1090(s4)
core   0: 3 0x800060ea (0x45aa1123) mem 0x80010af6 0x0000
core   0: 0x800060ee (0x442a1d83) lh      s11, 1090(s4)
core   0: 3 0x800060ee (0x442a1d83) x27 0x00000000 mem 0x80010af6
core   0: 0x800060f2 (0x459a1123) sh      s9, 1090(s4)
core   0: 3 0x800060f2 (0x459a1123) mem 0x80010af6 0x000f
core   0: 0x800060f6 (0x6cea4d03) lbu     s10, 1742(s4)
core   0: 3 0x800060f6 (0x6cea4d03) x26 0x00000039 mem 0x80010d82
core   0: 0x800060fa (0x6d8a1723) sh      s8, 1742(s4)
core   0: 3 0x800060fa (0x6d8a1723) mem 0x80010d82 0x0fff
core   0: 0x800060fe (0x6d0a1723) sh      a6, 1742(s4)
core   0: 3 0x800060fe (0x6d0a1723) mem 0x80010d82 0x0000
core   0: 0x80006102 (0x00991763) bne     s2, s1, pc + 14
core   0: 3 0x80006102 (0x00991763)
core   0: 0x80006110 (0x00316433) or      s0, sp, gp
core   0: 3 0x80006110 (0x00316433) x8  0x000007ef
core   0: 0x80006114 (0x00bfca63) blt     t6, a1, pc + 20
core   0: 3 0x80006114 (0x00bfca63)
core   0: 0x80006128 (0x02118e33) mul     t3, gp, ra
core   0: 3 0x80006128 (0x02118e33) x28 0x00000000
core   0: 0x8000612c (0x1b62fc13) andi    s8, t0, 438
core   0: 3 0x8000612c (0x1b62fc13) x24 0x00000000
core   0: 0x80006130 (0x014c3233) sltu    tp, s8, s4
core   0: 3 0x80006130 (0x014c3233) x4  0x00000001
core   0: 0x80006134 (0x402fddb3) sra     s11, t6, sp
core   0: 3 0x80006134 (0x402fddb3) x27 0x80010f44
core   0: 0x80006138 (0x03083233) mulhu   tp, a6, a6
core   0: 3 0x80006138 (0x03083233) x4  0x00000000
core   0: 0x8000613c (0x00009856) c.add   a6, s5
core   0: 3 0x8000613c (0x9856) x16 0x00000001
core   0: 0x8000613e (0x0000171c) c.addi4spn a5, sp, 928
core   0: 3 0x8000613e (0x171c) x15 0x000004e0
core   0: 0x80006140 (0x0000c209) c.beqz  a2, pc + 2
core   0: 3 0x80006140 (0xc209)
core   0: 0x80006142 (0xa65bab93) slti    s7, s7, -1435
core   0: 3 0x80006142 (0xa65bab93) x23 0x00000000
core   0: 0x80006146 (0x01309d33) sll     s10, ra, s3
core   0: 3 0x80006146 (0x01309d33) x26 0x00000000
core   0: 0x8000614a (0x40d4de13) srai    t3, s1, 13
core   0: 3 0x8000614a (0x40d4de13) x28 0x00000000
core   0: 0x8000614e (0x33313d13) sltiu   s10, sp, 819
core   0: 3 0x8000614e (0x33313d13) x26 0x00000001
core   0: 0x80006152 (0x01bea4b3) slt     s1, t4, s11
core   0: 3 0x80006152 (0x01bea4b3) x9  0x00000000
core   0: 0x80006156 (0x011bd733) srl     a4, s7, a7
core   0: 3 0x80006156 (0x011bd733) x14 0x00000000
core   0: 0x8000615a (0x00000001) c.nop
core   0: 3 0x8000615a (0x0001)
core   0: 0x8000615c (0x000080f5) c.srli  s1, 29
core   0: 3 0x8000615c (0x80f5) x9  0x00000000
core   0: 0x8000615e (0x029f5b33) divu    s6, t5, s1
core   0: 3 0x8000615e (0x029f5b33) x22 0xffffffff
core   0: 0x80006162 (0x02d7fc33) remu    s8, a5, a3
core   0: 3 0x80006162 (0x02d7fc33) x24 0x000004e0
core   0: 0x80006166 (0x00006109) c.addi16sp sp, 128
core   0: 3 0x80006166 (0x6109) x2  0x000001c0
core   0: 0x80006168 (0x0000838d) c.srli  a5, 3
core   0: 3 0x80006168 (0x838d) x15 0x0000009c
core   0: 0x8000616a (0x00000001) c.nop
core   0: 3 0x8000616a (0x0001)
core   0: 0x8000616c (0x00008349) c.srli  a4, 18
core   0: 3 0x8000616c (0x8349) x14 0x00000000
core   0: 0x8000616e (0x015af933) and     s2, s5, s5
core   0: 3 0x8000616e (0x015af933) x18 0x00000001
core   0: 0x80006172 (0xe1937c13) andi    s8, t1, -487
core   0: 3 0x80006172 (0xe1937c13) x24 0x80025e00
core   0: 0x80006176 (0x034cb533) mulhu   a0, s9, s4
core   0: 3 0x80006176 (0x034cb533) x10 0x00000007
core   0: 0x8000617a (0x0328f063) bgeu    a7, s2, pc + 32
core   0: 3 0x8000617a (0x0328f063)
core   0: 0x8000617e (0x00008711) c.srai  a4, 4
core   0: 3 0x8000617e (0x8711) x14 0x00000000
core   0: 0x80006180 (0x00009872) c.add   a6, t3
core   0: 3 0x80006180 (0x9872) x16 0x00000001
core   0: 0x80006182 (0x92476213) ori     tp, a4, -1756
core   0: 3 0x80006182 (0x92476213) x4  0xfffff924
core   0: 0x80006186 (0x0297c063) blt     a5, s1, pc + 32
core   0: 3 0x80006186 (0x0297c063)
core   0: 0x8000618a (0x00000001) c.nop
core   0: 3 0x8000618a (0x0001)
core   0: 0x8000618c (0x0000109c) c.addi4spn a5, sp, 96
core   0: 3 0x8000618c (0x109c) x15 0x00000220
core   0: 0x8000618e (0x031632b3) mulhu   t0, a2, a7
core   0: 3 0x8000618e (0x031632b3) x5  0x00000000
core   0: 0x80006192 (0x02eef7b3) remu    a5, t4, a4
core   0: 3 0x80006192 (0x02eef7b3) x15 0x50ccb000
core   0: 0x80006196 (0x00598863) beq     s3, t0, pc + 16
core   0: 3 0x80006196 (0x00598863)
core   0: 0x8000619a (0x00ac8e33) add     t3, s9, a0
core   0: 3 0x8000619a (0x00ac8e33) x28 0x00000016
core   0: 0x8000619e (0xa4e4e017) auipc   zero, 0xa4e4e
core   0: 3 0x8000619e (0xa4e4e017)
core   0: 0x800061a2 (0x036cf463) bgeu    s9, s6, pc + 40
core   0: 3 0x800061a2 (0x036cf463)
core   0: 0x800061a6 (0x40eb8833) sub     a6, s7, a4
core   0: 3 0x800061a6 (0x40eb8833) x16 0x00000000
core   0: 0x800061aa (0x41148f33) sub     t5, s1, a7
core   0: 3 0x800061aa (0x41148f33) x30 0x00000000
core   0: 0x800061ae (0x01d37e63) bgeu    t1, t4, pc + 28
core   0: 3 0x800061ae (0x01d37e63)
core   0: 0x800061ca (0x40290733) sub     a4, s2, sp
core   0: 3 0x800061ca (0x40290733) x14 0xfffffe41
core   0: 0x800061ce (0x00008279) c.srli  a2, 30
core   0: 3 0x800061ce (0x8279) x12 0x00000002
core   0: 0x800061d0 (0x00006e85) c.lui   t4, 0x1
core   0: 3 0x800061d0 (0x6e85) x29 0x00001000
core   0: 0x800061d2 (0x00006151) c.addi16sp sp, 272
core   0: 3 0x800061d2 (0x6151) x2  0x000002d0
core   0: 0x800061d4 (0x0000997d) c.andi  a0, -1
core   0: 3 0x800061d4 (0x997d) x10 0x00000007
core   0: 0x800061d6 (0x024cbb33) mulhu   s6, s9, tp
core   0: 3 0x800061d6 (0x024cbb33) x22 0x0000000e
core   0: 0x800061da (0x414582b3) sub     t0, a1, s4
core   0: 3 0x800061da (0x414582b3) x5  0x00019630
core   0: 0x800061de (0x64bd4297) auipc   t0, 0x64bd4
core   0: 3 0x800061de (0x64bd4297) x5  0xe4bda1de
core   0: 0x800061e2 (0x08115e63) bge     sp, ra, pc + 156
core   0: 3 0x800061e2 (0x08115e63)
core   0: 0x8000627e (0x0000939a) c.add   t2, t1
core   0: 3 0x8000627e (0x939a) x7  0x80025e64
core   0: 0x80006280 (0x01283a33) sltu    s4, a6, s2
core   0: 3 0x80006280 (0x01283a33) x20 0x00000001
core   0: 0x80006284 (0x026e6163) bltu    t3, t1, pc + 34
core   0: 3 0x80006284 (0x026e6163)
core   0: 0x800062a6 (0xc1e39997) auipc   s3, 0xc1e39
core   0: 3 0x800062a6 (0xc1e39997) x19 0x41e3f2a6
core   0: 0x800062aa (0x008fde93) srli    t4, t6, 8
core   0: 3 0x800062aa (0x008fde93) x29 0x0080010f
core   0: 0x800062ae (0x00009bd6) c.add   s7, s5
core   0: 3 0x800062ae (0x9bd6) x23 0x00000001
core   0: 0x800062b0 (0x00008ec2) c.mv    t4, a6
core   0: 3 0x800062b0 (0x8ec2) x29 0x00000000
core   0: 0x800062b2 (0x0000c3a9) c.beqz  a5, pc + 66
core   0: 3 0x800062b2 (0xc3a9)
core   0: 0x800062b4 (0x01f304b3) add     s1, t1, t6
core   0: 3 0x800062b4 (0x01f304b3) x9  0x00036da8
core   0: 0x800062b8 (0x00000f00) c.addi4spn s0, sp, 912
core   0: 3 0x800062b8 (0x0f00) x8  0x00000660
core   0: 0x800062ba (0x00008e51) c.or    a2, a2
core   0: 3 0x800062ba (0x8e51) x12 0x00000002
core   0: 0x800062bc (0x00a15d33) srl     s10, sp, a0
core   0: 3 0x800062bc (0x00a15d33) x26 0x00000005
core   0: 0x800062c0 (0x00008da2) c.mv    s11, s0
core   0: 3 0x800062c0 (0x8da2) x27 0x00000660
core   0: 0x800062c2 (0x01bf2fb3) slt     t6, t5, s11
core   0: 3 0x800062c2 (0x01bf2fb3) x31 0x00000001
core   0: 0x800062c6 (0x00008bf5) c.andi  a5, 29
core   0: 3 0x800062c6 (0x8bf5) x15 0x00000000
core   0: 0x800062c8 (0x022b04b3) mul     s1, s6, sp
core   0: 3 0x800062c8 (0x022b04b3) x9  0x00002760
core   0: 0x800062cc (0x40228733) sub     a4, t0, sp
core   0: 3 0x800062cc (0x40228733) x14 0xe4bd9f0e
core   0: 0x800062d0 (0x411f5233) sra     tp, t5, a7
core   0: 3 0x800062d0 (0x411f5233) x4  0x00000000
core   0: 0x800062d4 (0x014c37b3) sltu    a5, s8, s4
core   0: 3 0x800062d4 (0x014c37b3) x15 0x00000000
core   0: 0x800062d8 (0x0000039c) c.addi4spn a5, sp, 448
core   0: 3 0x800062d8 (0x039c) x15 0x00000490
core   0: 0x800062da (0x01bd0d63) beq     s10, s11, pc + 26
core   0: 3 0x800062da (0x01bd0d63)
core   0: 0x800062de (0x0323fa33) remu    s4, t2, s2
core   0: 3 0x800062de (0x0323fa33) x20 0x00000000
core   0: 0x800062e2 (0x03d40633) mul     a2, s0, t4
core   0: 3 0x800062e2 (0x03d40633) x12 0x00000000
core   0: 0x800062e6 (0x021908b3) mul     a7, s2, ra
core   0: 3 0x800062e6 (0x021908b3) x17 0x00000000
core   0: 0x800062ea (0x02d0d663) bge     ra, a3, pc + 44
core   0: 3 0x800062ea (0x02d0d663)
core   0: 0x800062ee (0x02c2e633) rem     a2, t0, a2
core   0: 3 0x800062ee (0x02c2e633) x12 0xe4bda1de
core   0: 0x800062f2 (0x00006561) c.lui   a0, 0x18
core   0: 3 0x800062f2 (0x6561) x10 0x00018000
core   0: 0x800062f4 (0x00000001) c.nop
core   0: 3 0x800062f4 (0x0001)
core   0: 0x800062f6 (0x01a2d793) srli    a5, t0, 26
core   0: 3 0x800062f6 (0x01a2d793) x15 0x00000039
core   0: 0x800062fa (0x03ac7e33) remu    t3, s8, s10
core   0: 3 0x800062fa (0x03ac7e33) x28 0x00000004
core   0: 0x800062fe (0x02da4033) div     zero, s4, a3
core   0: 3 0x800062fe (0x02da4033)
core   0: 0x80006302 (0x000009dd) c.addi  s3, 23
core   0: 3 0x80006302 (0x09dd) x19 0x41e3f2bd
core   0: 0x80006304 (0x41bf8d33) sub     s10, t6, s11
core   0: 3 0x80006304 (0x41bf8d33) x26 0xfffff9a1
core   0: 0x80006308 (0x024c9b33) mulh    s6, s9, tp
core   0: 3 0x80006308 (0x024c9b33) x22 0x00000000
core   0: 0x8000630c (0x00000001) c.nop
core   0: 3 0x8000630c (0x0001)
core   0: 0x8000630e (0x00009122) c.add   sp, s0
core   0: 3 0x8000630e (0x9122) x2  0x00000930
core   0: 0x80006310 (0x00000788) c.addi4spn a0, sp, 960
core   0: 3 0x80006310 (0x0788) x10 0x00000cf0
core   0: 0x80006312 (0xc7432993) slti    s3, t1, -908
core   0: 3 0x80006312 (0xc7432993) x19 0x00000001
core   0: 0x80006316 (0x0000cb0d) c.beqz  a4, pc + 50
core   0: 3 0x80006316 (0xcb0d)
core   0: 0x80006318 (0x012e1963) bne     t3, s2, pc + 18
core   0: 3 0x80006318 (0x012e1963)
core   0: 0x8000632a (0x00006699) c.lui   a3, 0x6
core   0: 3 0x8000632a (0x6699) x13 0x00006000
core   0: 0x8000632c (0x51043b13) sltiu   s6, s0, 1296
core   0: 3 0x8000632c (0x51043b13) x22 0x00000000
core   0: 0x80006330 (0x4218a113) slti    sp, a7, 1057
core   0: 3 0x80006330 (0x4218a113) x2  0x00000001
core   0: 0x80006334 (0x00f4e263) bltu    s1, a5, pc + 4
core   0: 3 0x80006334 (0x00f4e263)
core   0: 0x80006338 (0x01286733) or      a4, a6, s2
core   0: 3 0x80006338 (0x01286733) x14 0x00000001
core   0: 0x8000633c (0x01f6e033) or      zero, a3, t6
core   0: 3 0x8000633c (0x01f6e033)
core   0: 0x80006340 (0x41b8deb3) sra     t4, a7, s11
core   0: 3 0x80006340 (0x41b8deb3) x29 0x00000000
core   0: 0x80006344 (0x5a67bb97) auipc   s7, 0x5a67b
core   0: 3 0x80006344 (0x5a67bb97) x23 0xda681344
core   0: 0x80006348 (0x00006749) c.lui   a4, 0x12
core   0: 3 0x80006348 (0x6749) x14 0x00012000
core   0: 0x8000634a (0x039d81b3) mul     gp, s11, s9
core   0: 3 0x8000634a (0x039d81b3) x3  0x00005fa0
core   0: 0x8000634e (0x00009bfd) c.andi  a5, -1
core   0: 3 0x8000634e (0x9bfd) x15 0x00000039
core   0: 0x80006350 (0x026b6eb3) rem     t4, s6, t1
core   0: 3 0x80006350 (0x026b6eb3) x29 0x00000000
core   0: 0x80006354 (0x02d18b63) beq     gp, a3, pc + 54
core   0: 3 0x80006354 (0x02d18b63)
core   0: 0x80006358 (0x00001180) c.addi4spn s0, sp, 224
core   0: 3 0x80006358 (0x1180) x8  0x000000e1
core   0: 0x8000635a (0x010533b3) sltu    t2, a0, a6
core   0: 3 0x8000635a (0x010533b3) x7  0x00000000
core   0: 0x8000635e (0x0133bc33) sltu    s8, t2, s3
core   0: 3 0x8000635e (0x0133bc33) x24 0x00000001
core   0: 0x80006362 (0x0000894d) c.andi  a0, 19
core   0: 3 0x80006362 (0x894d) x10 0x00000010
core   0: 0x80006364 (0x00acb533) sltu    a0, s9, a0
core   0: 3 0x80006364 (0x00acb533) x10 0x00000001
core   0: 0x80006368 (0x00101113) slli    sp, zero, 1
core   0: 3 0x80006368 (0x00101113) x2  0x00000000
core   0: 0x8000636c (0x0f6c9263) bne     s9, s6, pc + 228
core   0: 3 0x8000636c (0x0f6c9263)
core   0: 0x80006450 (0x02dcba33) mulhu   s4, s9, a3
core   0: 3 0x80006450 (0x02dcba33) x20 0x00000000
core   0: 0x80006454 (0x00001efd) c.addi  t4, -1
core   0: 3 0x80006454 (0x1efd) x29 0xffffffff
core   0: 0x80006456 (0x02c25033) divu    zero, tp, a2
core   0: 3 0x80006456 (0x02c25033)
core   0: 0x8000645a (0x0000ef09) c.bnez  a4, pc + 26
core   0: 3 0x8000645a (0xef09)
core   0: 0x80006474 (0x03b08f63) beq     ra, s11, pc + 62
core   0: 3 0x80006474 (0x03b08f63)
core   0: 0x80006478 (0x011796b3) sll     a3, a5, a7
core   0: 3 0x80006478 (0x011796b3) x13 0x00000039
core   0: 0x8000647c (0x02f03733) mulhu   a4, zero, a5
core   0: 3 0x8000647c (0x02f03733) x14 0x00000000
core   0: 0x80006480 (0x02d8bf33) mulhu   t5, a7, a3
core   0: 3 0x80006480 (0x02d8bf33) x30 0x00000000
core   0: 0x80006484 (0x0000157d) c.addi  a0, -1
core   0: 3 0x80006484 (0x157d) x10 0x00000000
core   0: 0x80006486 (0x0200a8b3) mulhsu  a7, ra, zero
core   0: 3 0x80006486 (0x0200a8b3) x17 0x00000000
core   0: 0x8000648a (0x023df833) remu    a6, s11, gp
core   0: 3 0x8000648a (0x023df833) x16 0x00000660
core   0: 0x8000648e (0x00e8d493) srli    s1, a7, 14
core   0: 3 0x8000648e (0x00e8d493) x9  0x00000000
core   0: 0x80006492 (0x40470db3) sub     s11, a4, tp
core   0: 3 0x80006492 (0x40470db3) x27 0x00000000
core   0: 0x80006496 (0x00001790) c.addi4spn a2, sp, 992
core   0: 3 0x80006496 (0x1790) x12 0x000003e0
core   0: 0x80006498 (0x0000897d) c.andi  a0, 31
core   0: 3 0x80006498 (0x897d) x10 0x00000000
core   0: 0x8000649a (0x00107663) bgeu    zero, ra, pc + 12
core   0: 3 0x8000649a (0x00107663)
core   0: 0x800064a6 (0x00001f7d) c.addi  t5, -1
core   0: 3 0x800064a6 (0x1f7d) x30 0xffffffff
core   0: 0x800064a8 (0x000b70b3) and     ra, s6, zero
core   0: 3 0x800064a8 (0x000b70b3) x1  0x00000000
core   0: 0x800064ac (0x00000c0e) c.slli  s8, 3
core   0: 3 0x800064ac (0x0c0e) x24 0x00000008
core   0: 0x800064ae (0x019ec433) xor     s0, t4, s9
core   0: 3 0x800064ae (0x019ec433) x8  0xfffffff0
core   0: 0x800064b2 (0x41ea89b3) sub     s3, s5, t5
core   0: 3 0x800064b2 (0x41ea89b3) x19 0x00000002
core   0: 0x800064b6 (0x00008ec9) c.or    a3, a0
core   0: 3 0x800064b6 (0x8ec9) x13 0x00000039
core   0: 0x800064b8 (0x0000eb09) c.bnez  a4, pc + 18
core   0: 3 0x800064b8 (0xeb09)
core   0: 0x800064ba (0x7e340d37) lui     s10, 0x7e340
core   0: 3 0x800064ba (0x7e340d37) x26 0x7e340000
core   0: 0x800064be (0xa09c4a93) xori    s5, s8, -1527
core   0: 3 0x800064be (0xa09c4a93) x21 0xfffffa01
core   0: 0x800064c2 (0x015a4463) blt     s4, s5, pc + 8
core   0: 3 0x800064c2 (0x015a4463)
core   0: 0x800064c6 (0x01b7ef63) bltu    a5, s11, pc + 30
core   0: 3 0x800064c6 (0x01b7ef63)
core   0: 0x800064ca (0x407654b3) sra     s1, a2, t2
core   0: 3 0x800064ca (0x407654b3) x9  0x000003e0
core   0: 0x800064ce (0x021f1b33) mulh    s6, t5, ra
core   0: 3 0x800064ce (0x021f1b33) x22 0x00000000
core   0: 0x800064d2 (0x0d820d37) lui     s10, 0xd820
core   0: 3 0x800064d2 (0x0d820d37) x26 0x0d820000
core   0: 0x800064d6 (0x7725b013) sltiu   zero, a1, 1906
core   0: 3 0x800064d6 (0x7725b013)
core   0: 0x800064da (0x0000ce85) c.beqz  a3, pc + 56
core   0: 3 0x800064da (0xce85)
core   0: 0x800064dc (0x019e5c13) srli    s8, t3, 25
core   0: 3 0x800064dc (0x019e5c13) x24 0x00000000
core   0: 0x800064e0 (0x034754b3) divu    s1, a4, s4
core   0: 3 0x800064e0 (0x034754b3) x9  0xffffffff
core   0: 0x800064e4 (0x0293af33) mulhsu  t5, t2, s1
core   0: 3 0x800064e4 (0x0293af33) x30 0x00000000
core   0: 0x800064e8 (0x00009afd) c.andi  a3, -1
core   0: 3 0x800064e8 (0x9afd) x13 0x00000039
core   0: 0x800064ea (0x40f3dc13) srai    s8, t2, 15
core   0: 3 0x800064ea (0x40f3dc13) x24 0x00000000
core   0: 0x800064ee (0x0200e933) rem     s2, ra, zero
core   0: 3 0x800064ee (0x0200e933) x18 0x00000000
core   0: 0x800064f2 (0x034de563) bltu    s11, s4, pc + 42
core   0: 3 0x800064f2 (0x034de563)
core   0: 0x800064f6 (0xbb1a6213) ori     tp, s4, -1103
core   0: 3 0x800064f6 (0xbb1a6213) x4  0xfffffbb1
core   0: 0x800064fa (0x00954233) xor     tp, a0, s1
core   0: 3 0x800064fa (0x00954233) x4  0xffffffff
core   0: 0x800064fe (0x000ba3b3) slt     t2, s7, zero
core   0: 3 0x800064fe (0x000ba3b3) x7  0x00000001
core   0: 0x80006502 (0x0000816d) c.srli  a0, 27
core   0: 3 0x80006502 (0x816d) x10 0x00000000
core   0: 0x80006504 (0x00ad0bb3) add     s7, s10, a0
core   0: 3 0x80006504 (0x00ad0bb3) x23 0x0d820000
core   0: 0x80006508 (0x0000e891) c.bnez  s1, pc + 20
core   0: 3 0x80006508 (0xe891)
core   0: 0x8000651c (0x005d7b33) and     s6, s10, t0
core   0: 3 0x8000651c (0x005d7b33) x22 0x04800000
core   0: 0x80006520 (0x03f72233) mulhsu  tp, a4, t6
core   0: 3 0x80006520 (0x03f72233) x4  0x00000000
core   0: 0x80006524 (0x026f0663) beq     t5, t1, pc + 44
core   0: 3 0x80006524 (0x026f0663)
core   0: 0x80006528 (0x00008255) c.srli  a2, 21
core   0: 3 0x80006528 (0x8255) x12 0x00000000
core   0: 0x8000652a (0x49b6f237) lui     tp, 0x49b6f
core   0: 3 0x8000652a (0x49b6f237) x4  0x49b6f000
core   0: 0x8000652e (0x02c71eb3) mulh    t4, a4, a2
core   0: 3 0x8000652e (0x02c71eb3) x29 0x00000000
core   0: 0x80006532 (0xf9606717) auipc   a4, 0xf9606
core   0: 3 0x80006532 (0xf9606717) x14 0x7960c532
core   0: 0x80006536 (0xde2968b7) lui     a7, 0xde296
core   0: 3 0x80006536 (0xde2968b7) x17 0xde296000
core   0: 0x8000653a (0x00009b7d) c.andi  a4, -1
core   0: 3 0x8000653a (0x9b7d) x14 0x7960c532
core   0: 0x8000653c (0x026144b3) div     s1, sp, t1
core   0: 3 0x8000653c (0x026144b3) x9  0x00000000
core   0: 0x80006540 (0x02bfc363) blt     t6, a1, pc + 38
core   0: 3 0x80006540 (0x02bfc363)
core   0: 0x80006544 (0x02e27f63) bgeu    tp, a4, pc + 62
core   0: 3 0x80006544 (0x02e27f63)
core   0: 0x80006548 (0x0000cf0d) c.beqz  a4, pc + 58
core   0: 3 0x80006548 (0xcf0d)
core   0: 0x8000654a (0x00000001) c.nop
core   0: 3 0x8000654a (0x0001)
core   0: 0x8000654c (0x025462b3) rem     t0, s0, t0
core   0: 3 0x8000654c (0x025462b3) x5  0xfffffff0
core   0: 0x80006550 (0x00008eb5) c.xor   a3, a3
core   0: 3 0x80006550 (0x8eb5) x13 0x00000000
core   0: 0x80006552 (0x00001684) c.addi4spn s1, sp, 864
core   0: 3 0x80006552 (0x1684) x9  0x00000360
core   0: 0x80006554 (0x01b6f9b3) and     s3, a3, s11
core   0: 3 0x80006554 (0x01b6f9b3) x19 0x00000000
core   0: 0x80006558 (0x004670b3) and     ra, a2, tp
core   0: 3 0x80006558 (0x004670b3) x1  0x00000000
core   0: 0x8000655c (0x0000167d) c.addi  a2, -1
core   0: 3 0x8000655c (0x167d) x12 0xffffffff
core   0: 0x8000655e (0x01a7dc63) bge     a5, s10, pc + 24
core   0: 3 0x8000655e (0x01a7dc63)
core   0: 0x80006562 (0x00008f09) c.sub   a4, a0
core   0: 3 0x80006562 (0x8f09) x14 0x7960c532
core   0: 0x80006564 (0x00004df1) c.li    s11, 28
core   0: 3 0x80006564 (0x4df1) x27 0x0000001c
core   0: 0x80006566 (0x02c6e4b3) rem     s1, a3, a2
core   0: 3 0x80006566 (0x02c6e4b3) x9  0x00000000
core   0: 0x8000656a (0x017d8033) add     zero, s11, s7
core   0: 3 0x8000656a (0x017d8033)
core   0: 0x8000656e (0x0051f663) bgeu    gp, t0, pc + 12
core   0: 3 0x8000656e (0x0051f663)
core   0: 0x80006572 (0x028748b3) div     a7, a4, s0
core   0: 3 0x80006572 (0x028748b3) x17 0xf869f3ad
core   0: 0x80006576 (0x000002f2) c.slli  t0, 28
core   0: 3 0x80006576 (0x02f2) x5  0x00000000
core   0: 0x80006578 (0x00008fd5) c.or    a5, a3
core   0: 3 0x80006578 (0x8fd5) x15 0x00000039
core   0: 0x8000657a (0x44a1b693) sltiu   a3, gp, 1098
core   0: 3 0x8000657a (0x44a1b693) x13 0x00000000
core   0: 0x8000657e (0x005cfd63) bgeu    s9, t0, pc + 26
core   0: 3 0x8000657e (0x005cfd63)
core   0: 0x80006598 (0x00009b7d) c.andi  a4, -1
core   0: 3 0x80006598 (0x9b7d) x14 0x7960c532
core   0: 0x8000659a (0x00000001) c.nop
core   0: 3 0x8000659a (0x0001)
core   0: 0x8000659c (0x013981b3) add     gp, s3, s3
core   0: 3 0x8000659c (0x013981b3) x3  0x00000000
core   0: 0x800065a0 (0x01579763) bne     a5, s5, pc + 14
core   0: 3 0x800065a0 (0x01579763)
core   0: 0x800065ae (0x000083da) c.mv    t2, s6
core   0: 3 0x800065ae (0x83da) x7  0x04800000
core   0: 0x800065b0 (0x03c918b3) mulh    a7, s2, t3
core   0: 3 0x800065b0 (0x03c918b3) x17 0x00000000
core   0: 0x800065b4 (0x026bbdb3) mulhu   s11, s7, t1
core   0: 3 0x800065b4 (0x026bbdb3) x27 0x06c11fff
core   0: 0x800065b8 (0x00008eb6) c.mv    t4, a3
core   0: 3 0x800065b8 (0x8eb6) x29 0x00000000
core   0: 0x800065ba (0x00008e59) c.or    a2, a4
core   0: 3 0x800065ba (0x8e59) x12 0xffffffff
core   0: 0x800065bc (0x02b9adb3) mulhsu  s11, s3, a1
core   0: 3 0x800065bc (0x02b9adb3) x27 0x00000000
core   0: 0x800065c0 (0x0000613d) c.addi16sp sp, 480
core   0: 3 0x800065c0 (0x613d) x2  0x000001e0
core   0: 0x800065c2 (0x00000384) c.addi4spn s1, sp, 448
core   0: 3 0x800065c2 (0x0384) x9  0x000003a0
core   0: 0x800065c4 (0x0100d7b3) srl     a5, ra, a6
core   0: 3 0x800065c4 (0x0100d7b3) x15 0x00000000
core   0: 0x800065c8 (0x017b92b3) sll     t0, s7, s7
core   0: 3 0x800065c8 (0x017b92b3) x5  0x0d820000
core   0: 0x800065cc (0x00000001) c.nop
core   0: 3 0x800065cc (0x0001)
core   0: 0x800065ce (0x8fb8f293) andi    t0, a7, -1797
core   0: 3 0x800065ce (0x8fb8f293) x5  0x00000000
core   0: 0x800065d2 (0x416f5293) srai    t0, t5, 22
core   0: 3 0x800065d2 (0x416f5293) x5  0x00000000
core   0: 0x800065d6 (0x41d0dfb3) sra     t6, ra, t4
core   0: 3 0x800065d6 (0x41d0dfb3) x31 0x00000000
core   0: 0x800065da (0x00001b7d) c.addi  s6, -1
core   0: 3 0x800065da (0x1b7d) x22 0x047fffff
core   0: 0x800065dc (0x03a7c163) blt     a5, s10, pc + 34
core   0: 3 0x800065dc (0x03a7c163)
core   0: 0x800065fe (0x6bdae513) ori     a0, s5, 1725
core   0: 3 0x800065fe (0x6bdae513) x10 0xfffffebd
core   0: 0x80006602 (0x0066d263) bge     a3, t1, pc + 4
core   0: 3 0x80006602 (0x0066d263)
core   0: 0x80006606 (0x00008bd2) c.mv    s7, s4
core   0: 3 0x80006606 (0x8bd2) x23 0x00000000
core   0: 0x80006608 (0x01a61793) slli    a5, a2, 26
core   0: 3 0x80006608 (0x01a61793) x15 0xfc000000
core   0: 0x8000660c (0x029294b3) mulh    s1, t0, s1
core   0: 3 0x8000660c (0x029294b3) x9  0x00000000
core   0: 0x80006610 (0x03e1d833) divu    a6, gp, t5
core   0: 3 0x80006610 (0x03e1d833) x16 0xffffffff
core   0: 0x80006614 (0xd5ee8a93) addi    s5, t4, -674
core   0: 3 0x80006614 (0xd5ee8a93) x21 0xfffffd5e
core   0: 0x80006618 (0x00000001) c.nop
core   0: 3 0x80006618 (0x0001)
core   0: 0x8000661a (0x009bc833) xor     a6, s7, s1
core   0: 3 0x8000661a (0x009bc833) x16 0x00000000
core   0: 0x8000661e (0x0012adb3) slt     s11, t0, ra
core   0: 3 0x8000661e (0x0012adb3) x27 0x00000000
core   0: 0x80006622 (0x000000f6) c.slli  ra, 29
core   0: 3 0x80006622 (0x00f6) x1  0x00000000
core   0: 0x80006624 (0x034a6033) rem     zero, s4, s4
core   0: 3 0x80006624 (0x034a6033)
core   0: 0x80006628 (0x41e3d433) sra     s0, t2, t5
core   0: 3 0x80006628 (0x41e3d433) x8  0x04800000
core   0: 0x8000662c (0x00006121) c.addi16sp sp, 64
core   0: 3 0x8000662c (0x6121) x2  0x00000220
core   0: 0x8000662e (0x00008915) c.andi  a0, 5
core   0: 3 0x8000662e (0x8915) x10 0x00000005
core   0: 0x80006630 (0x00581093) slli    ra, a6, 5
core   0: 3 0x80006630 (0x00581093) x1  0x00000000
core   0: 0x80006634 (0x00001584) c.addi4spn s1, sp, 736
core   0: 3 0x80006634 (0x1584) x9  0x00000500
core   0: 0x80006636 (0xe97d2913) slti    s2, s10, -361
core   0: 3 0x80006636 (0xe97d2913) x18 0x00000000
core   0: 0x8000663a (0x05715163) bge     sp, s7, pc + 66
core   0: 3 0x8000663a (0x05715163)
core   0: 0x8000667c (0x00006161) c.addi16sp sp, 80
core   0: 3 0x8000667c (0x6161) x2  0x00000270
core   0: 0x8000667e (0xb472af93) slti    t6, t0, -1209
core   0: 3 0x8000667e (0xb472af93) x31 0x00000000
core   0: 0x80006682 (0x01abdb63) bge     s7, s10, pc + 22
core   0: 3 0x80006682 (0x01abdb63)
core   0: 0x80006686 (0x024d7a33) remu    s4, s10, tp
core   0: 3 0x80006686 (0x024d7a33) x20 0x0d820000
core   0: 0x8000668a (0x00006125) c.addi16sp sp, 96
core   0: 3 0x8000668a (0x6125) x2  0x000002d0
core   0: 0x8000668c (0x02f56463) bltu    a0, a5, pc + 40
core   0: 3 0x8000668c (0x02f56463)
core   0: 0x800066b4 (0x00006f1d) c.lui   t5, 0x7
core   0: 3 0x800066b4 (0x6f1d) x30 0x00007000
core   0: 0x800066b6 (0x00004a35) c.li    s4, 13
core   0: 3 0x800066b6 (0x4a35) x20 0x0000000d
core   0: 0x800066b8 (0x004df9b3) and     s3, s11, tp
core   0: 3 0x800066b8 (0x004df9b3) x19 0x00000000
core   0: 0x800066bc (0x00008cb9) c.xor   s1, a4
core   0: 3 0x800066bc (0x8cb9) x9  0x7960c032
core   0: 0x800066be (0x00008c29) c.xor   s0, a0
core   0: 3 0x800066be (0x8c29) x8  0x04800005
core   0: 0x800066c0 (0x00009b7d) c.andi  a4, -1
core   0: 3 0x800066c0 (0x9b7d) x14 0x7960c532
core   0: 0x800066c2 (0x0000964e) c.add   a2, s3
core   0: 3 0x800066c2 (0x964e) x12 0xffffffff
core   0: 0x800066c4 (0x006c8c63) beq     s9, t1, pc + 24
core   0: 3 0x800066c4 (0x006c8c63)
core   0: 0x800066c8 (0x0000717d) c.addi16sp sp, -16
core   0: 3 0x800066c8 (0x717d) x2  0x000002c0
core   0: 0x800066ca (0x41e44993) xori    s3, s0, 1054
core   0: 3 0x800066ca (0x41e44993) x19 0x0480041b
core   0: 0x800066ce (0x01ab1993) slli    s3, s6, 26
core   0: 3 0x800066ce (0x01ab1993) x19 0xfc000000
core   0: 0x800066d2 (0x5902b9b7) lui     s3, 0x5902b
core   0: 3 0x800066d2 (0x5902b9b7) x19 0x5902b000
core   0: 0x800066d6 (0x00006f9d) c.lui   t6, 0x7
core   0: 3 0x800066d6 (0x6f9d) x31 0x00007000
core   0: 0x800066d8 (0x03078533) mul     a0, a5, a6
core   0: 3 0x800066d8 (0x03078533) x10 0x00000000
core   0: 0x800066dc (0xf0618b93) addi    s7, gp, -250
core   0: 3 0x800066dc (0xf0618b93) x23 0xffffff06
core   0: 0x800066e0 (0x00587a33) and     s4, a6, t0
core   0: 3 0x800066e0 (0x00587a33) x20 0x00000000
core   0: 0x800066e4 (0x52cde113) ori     sp, s11, 1324
core   0: 3 0x800066e4 (0x52cde113) x2  0x0000052c
core   0: 0x800066e8 (0x3f6cdc37) lui     s8, 0x3f6cd
core   0: 3 0x800066e8 (0x3f6cdc37) x24 0x3f6cd000
core   0: 0x800066ec (0x40a6db93) srai    s7, a3, 10
core   0: 3 0x800066ec (0x40a6db93) x23 0x00000000
core   0: 0x800066f0 (0x01039e63) bne     t2, a6, pc + 28
core   0: 3 0x800066f0 (0x01039e63)
core   0: 0x8000670c (0x00000c4e) c.slli  s8, 19
core   0: 3 0x8000670c (0x0c4e) x24 0x80000000
core   0: 0x8000670e (0x034c8533) mul     a0, s9, s4
core   0: 3 0x8000670e (0x034c8533) x10 0x00000000
core   0: 0x80006712 (0x00008ea1) c.xor   a3, s0
core   0: 3 0x80006712 (0x8ea1) x13 0x04800005
core   0: 0x80006714 (0x0000e105) c.bnez  a0, pc + 32
core   0: 3 0x80006714 (0xe105)
core   0: 0x80006716 (0x039fdb33) divu    s6, t6, s9
core   0: 3 0x80006716 (0x039fdb33) x22 0x00000777
core   0: 0x8000671a (0x01595413) srli    s0, s2, 21
core   0: 3 0x8000671a (0x01595413) x8  0x00000000
core   0: 0x8000671e (0x00000001) c.nop
core   0: 3 0x8000671e (0x0001)
core   0: 0x80006720 (0x0036b033) sltu    zero, a3, gp
core   0: 3 0x80006720 (0x0036b033)
core   0: 0x80006724 (0x06563e13) sltiu   t3, a2, 101
core   0: 3 0x80006724 (0x06563e13) x28 0x00000000
core   0: 0x80006728 (0x362e2893) slti    a7, t3, 866
core   0: 3 0x80006728 (0x362e2893) x17 0x00000001
core   0: 0x8000672c (0x9a6a7837) lui     a6, 0x9a6a7
core   0: 3 0x8000672c (0x9a6a7837) x16 0x9a6a7000
core   0: 0x80006730 (0x36d43b93) sltiu   s7, s0, 877
core   0: 3 0x80006730 (0x36d43b93) x23 0x00000001
core   0: 0x80006734 (0x0182d793) srli    a5, t0, 24
core   0: 3 0x80006734 (0x0182d793) x15 0x00000000
core   0: 0x80006738 (0x031159b3) divu    s3, sp, a7
core   0: 3 0x80006738 (0x031159b3) x19 0x0000052c
core   0: 0x8000673c (0x017fde63) bge     t6, s7, pc + 28
core   0: 3 0x8000673c (0x017fde63)
core   0: 0x80006758 (0x03d0fbb3) remu    s7, ra, t4
core   0: 3 0x80006758 (0x03d0fbb3) x23 0x00000000
core   0: 0x8000675c (0x01024433) xor     s0, tp, a6
core   0: 3 0x8000675c (0x01024433) x8  0xd3dc8000
core   0: 0x80006760 (0x000097fe) c.add   a5, t6
core   0: 3 0x80006760 (0x97fe) x15 0x00007000
core   0: 0x80006762 (0xcecb0b93) addi    s7, s6, -788
core   0: 3 0x80006762 (0xcecb0b93) x23 0x00000463
core   0: 0x80006766 (0x000081f6) c.mv    gp, t4
core   0: 3 0x80006766 (0x81f6) x3  0x00000000
core   0: 0x80006768 (0x00991813) slli    a6, s2, 9
core   0: 3 0x80006768 (0x00991813) x16 0x00000000
core   0: 0x8000676c (0xa3ab3f93) sltiu   t6, s6, -1478
core   0: 3 0x8000676c (0xa3ab3f93) x31 0x00000001
core   0: 0x80006770 (0x0052ac33) slt     s8, t0, t0
core   0: 3 0x80006770 (0x0052ac33) x24 0x00000000
core   0: 0x80006774 (0x026d5833) divu    a6, s10, t1
core   0: 3 0x80006774 (0x026d5833) x16 0x00000000
core   0: 0x80006778 (0x1e0a0a93) addi    s5, s4, 480
core   0: 3 0x80006778 (0x1e0a0a93) x21 0x000001e0
core   0: 0x8000677c (0x00009b7d) c.andi  a4, -1
core   0: 3 0x8000677c (0x9b7d) x14 0x7960c532
core   0: 0x8000677e (0x41f8d293) srai    t0, a7, 31
core   0: 3 0x8000677e (0x41f8d293) x5  0x00000000
core   0: 0x80006782 (0x00008cb9) c.xor   s1, a4
core   0: 3 0x80006782 (0x8cb9) x9  0x00000500
core   0: 0x80006784 (0x02937bb3) remu    s7, t1, s1
core   0: 3 0x80006784 (0x02937bb3) x23 0x00000464
core   0: 0x80006788 (0x01611c63) bne     sp, s6, pc + 24
core   0: 3 0x80006788 (0x01611c63)
core   0: 0x800067a0 (0x00008f45) c.or    a4, s1
core   0: 3 0x800067a0 (0x8f45) x14 0x7960c532
core   0: 0x800067a2 (0x00008d36) c.mv    s10, a3
core   0: 3 0x800067a2 (0x8d36) x26 0x04800005
core   0: 0x800067a4 (0x0000863a) c.mv    a2, a4
core   0: 3 0x800067a4 (0x863a) x12 0x7960c532
core   0: 0x800067a6 (0x03871eb3) mulh    t4, a4, s8
core   0: 3 0x800067a6 (0x03871eb3) x29 0x00000000
core   0: 0x800067aa (0x4158d4b3) sra     s1, a7, s5
core   0: 3 0x800067aa (0x4158d4b3) x9  0x00000001
core   0: 0x800067ae (0x0000e515) c.bnez  a0, pc + 44
core   0: 3 0x800067ae (0xe515)
core   0: 0x800067b0 (0xfb6a0493) addi    s1, s4, -74
core   0: 3 0x800067b0 (0xfb6a0493) x9  0xffffffb6
core   0: 0x800067b4 (0x0000e60d) c.bnez  a2, pc + 42
core   0: 3 0x800067b4 (0xe60d)
core   0: 0x800067de (0x00008bf2) c.mv    s7, t3
core   0: 3 0x800067de (0x8bf2) x23 0x00000000
core   0: 0x800067e0 (0x009101b3) add     gp, sp, s1
core   0: 3 0x800067e0 (0x009101b3) x3  0x000004e2
core   0: 0x800067e4 (0x01f8dbb3) srl     s7, a7, t6
core   0: 3 0x800067e4 (0x01f8dbb3) x23 0x00000000
core   0: 0x800067e8 (0x00036c33) or      s8, t1, zero
core   0: 3 0x800067e8 (0x00036c33) x24 0x80025e64
core   0: 0x800067ec (0x0231bbb3) mulhu   s7, gp, gp
core   0: 3 0x800067ec (0x0231bbb3) x23 0x00000000
core   0: 0x800067f0 (0xcdf70997) auipc   s3, 0xcdf70
core   0: 3 0x800067f0 (0xcdf70997) x19 0x4df767f0
core   0: 0x800067f4 (0x032f57b3) divu    a5, t5, s2
core   0: 3 0x800067f4 (0x032f57b3) x15 0xffffffff
core   0: 0x800067f8 (0x9f134113) xori    sp, t1, -1551
core   0: 3 0x800067f8 (0x9f134113) x2  0x7ffda795
core   0: 0x800067fc (0x46aeb213) sltiu   tp, t4, 1130
core   0: 3 0x800067fc (0x46aeb213) x4  0x00000001
core   0: 0x80006800 (0x03cdf9b3) remu    s3, s11, t3
core   0: 3 0x80006800 (0x03cdf9b3) x19 0x00000000
core   0: 0x80006804 (0x000080a5) c.srli  s1, 9
core   0: 3 0x80006804 (0x80a5) x9  0x007fffff
core   0: 0x80006806 (0x00008f9d) c.sub   a5, a5
core   0: 3 0x80006806 (0x8f9d) x15 0x00000000
core   0: 0x80006808 (0x00008cf9) c.and   s1, a4
core   0: 3 0x80006808 (0x8cf9) x9  0x0060c532
core   0: 0x8000680a (0x01dd7a33) and     s4, s10, t4
core   0: 3 0x8000680a (0x01dd7a33) x20 0x00000000
core   0: 0x8000680e (0x00bd9a63) bne     s11, a1, pc + 20
core   0: 3 0x8000680e (0x00bd9a63)
core   0: 0x80006822 (0x00006465) c.lui   s0, 0x19
core   0: 3 0x80006822 (0x6465) x8  0x00019000
core   0: 0x80006824 (0x02c356b3) divu    a3, t1, a2
core   0: 3 0x80006824 (0x02c356b3) x13 0x00000001
core   0: 0x80006828 (0x3cc0c413) xori    s0, ra, 972
core   0: 3 0x80006828 (0x3cc0c413) x8  0x000003cc
core   0: 0x8000682c (0x41cbd7b3) sra     a5, s7, t3
core   0: 3 0x8000682c (0x41cbd7b3) x15 0x00000000
core   0: 0x80006830 (0x4135dc33) sra     s8, a1, s3
core   0: 3 0x80006830 (0x4135dc33) x24 0x80029ce4
core   0: 0x80006834 (0x02945263) bge     s0, s1, pc + 36
core   0: 3 0x80006834 (0x02945263)
core   0: 0x80006838 (0x00005dfd) c.li    s11, -1
core   0: 3 0x80006838 (0x5dfd) x27 0xffffffff
core   0: 0x8000683a (0x01ea6f63) bltu    s4, t5, pc + 30
core   0: 3 0x8000683a (0x01ea6f63)
core   0: 0x80006858 (0x03d38f33) mul     t5, t2, t4
core   0: 3 0x80006858 (0x03d38f33) x30 0x00000000
core   0: 0x8000685c (0x01b6f563) bgeu    a3, s11, pc + 10
core   0: 3 0x8000685c (0x01b6f563)
core   0: 0x80006860 (0x000084a9) c.srai  s1, 10
core   0: 3 0x80006860 (0x84a9) x9  0x00001831
core   0: 0x80006862 (0x63be23b7) lui     t2, 0x63be2
core   0: 3 0x80006862 (0x63be23b7) x7  0x63be2000
core   0: 0x80006866 (0x000083b5) c.srli  a5, 13
core   0: 3 0x80006866 (0x83b5) x15 0x00000000
core   0: 0x80006868 (0x000087e5) c.srai  a5, 25
core   0: 3 0x80006868 (0x87e5) x15 0x00000000
core   0: 0x8000686a (0x0120e733) or      a4, ra, s2
core   0: 3 0x8000686a (0x0120e733) x14 0x00000000
core   0: 0x8000686e (0x03a098b3) mulh    a7, ra, s10
core   0: 3 0x8000686e (0x03a098b3) x17 0x00000000
core   0: 0x80006872 (0x03fbd563) bge     s7, t6, pc + 42
core   0: 3 0x80006872 (0x03fbd563)
core   0: 0x80006876 (0x0000717d) c.addi16sp sp, -16
core   0: 3 0x80006876 (0x717d) x2  0x7ffda785
core   0: 0x80006878 (0x031c0d33) mul     s10, s8, a7
core   0: 3 0x80006878 (0x031c0d33) x26 0x00000000
core   0: 0x8000687c (0x00008e69) c.and   a2, a0
core   0: 3 0x8000687c (0x8e69) x12 0x00000000
core   0: 0x8000687e (0x55ca3013) sltiu   zero, s4, 1372
core   0: 3 0x8000687e (0x55ca3013)
core   0: 0x80006882 (0x02d4f533) remu    a0, s1, a3
core   0: 3 0x80006882 (0x02d4f533) x10 0x00000000
core   0: 0x80006886 (0x16a7beb7) lui     t4, 0x16a7b
core   0: 3 0x80006886 (0x16a7beb7) x29 0x16a7b000
core   0: 0x8000688a (0x031fc133) div     sp, t6, a7
core   0: 3 0x8000688a (0x031fc133) x2  0xffffffff
core   0: 0x8000688e (0x00008439) c.srai  s0, 14
core   0: 3 0x8000688e (0x8439) x8  0x00000000
core   0: 0x80006890 (0x84896993) ori     s3, s2, -1976
core   0: 3 0x80006890 (0x84896993) x19 0xfffff848
core   0: 0x80006894 (0xbec7fc13) andi    s8, a5, -1044
core   0: 3 0x80006894 (0xbec7fc13) x24 0x00000000
core   0: 0x80006898 (0x000082a1) c.srli  a3, 8
core   0: 3 0x80006898 (0x82a1) x13 0x00000000
core   0: 0x8000689a (0x00006109) c.addi16sp sp, 128
core   0: 3 0x8000689a (0x6109) x2  0x0000007f
core   0: 0x8000689c (0x9c3e2793) slti    a5, t3, -1597
core   0: 3 0x8000689c (0x9c3e2793) x15 0x00000000
core   0: 0x800068a0 (0x00461e93) slli    t4, a2, 4
core   0: 3 0x800068a0 (0x00461e93) x29 0x00000000
core   0: 0x800068a4 (0x02710933) mul     s2, sp, t2
core   0: 3 0x800068a4 (0x02710933) x18 0x7b51e000
core   0: 0x800068a8 (0x0280f633) remu    a2, ra, s0
core   0: 3 0x800068a8 (0x0280f633) x12 0x00000000
core   0: 0x800068ac (0x514ef793) andi    a5, t4, 1300
core   0: 3 0x800068ac (0x514ef793) x15 0x00000000
core   0: 0x800068b0 (0x00157033) and     zero, a0, ra
core   0: 3 0x800068b0 (0x00157033)
core   0: 0x800068b4 (0x00d2d293) srli    t0, t0, 13
core   0: 3 0x800068b4 (0x00d2d293) x5  0x00000000
core   0: 0x800068b8 (0x0000873e) c.mv    a4, a5
core   0: 3 0x800068b8 (0x873e) x14 0x00000000
core   0: 0x800068ba (0x0063a533) slt     a0, t2, t1
core   0: 3 0x800068ba (0x0063a533) x10 0x00000000
core   0: 0x800068be (0x0000717d) c.addi16sp sp, -16
core   0: 3 0x800068be (0x717d) x2  0x0000006f
core   0: 0x800068c0 (0x00008ea9) c.xor   a3, a0
core   0: 3 0x800068c0 (0x8ea9) x13 0x00000000
core   0: 0x800068c2 (0x41615b13) srai    s6, sp, 22
core   0: 3 0x800068c2 (0x41615b13) x22 0x00000000
core   0: 0x800068c6 (0x4d63e717) auipc   a4, 0x4d63e
core   0: 3 0x800068c6 (0x4d63e717) x14 0xcd6448c6
core   0: 0x800068ca (0x409c8ab3) sub     s5, s9, s1
core   0: 3 0x800068ca (0x409c8ab3) x21 0xffffe7de
core   0: 0x800068ce (0x01104c63) blt     zero, a7, pc + 24
core   0: 3 0x800068ce (0x01104c63)
core   0: 0x800068d2 (0x03b8d463) bge     a7, s11, pc + 40
core   0: 3 0x800068d2 (0x03b8d463)
core   0: 0x800068fa (0x000046c5) c.li    a3, 17
core   0: 3 0x800068fa (0x46c5) x13 0x00000011
core   0: 0x800068fc (0x45024813) xori    a6, tp, 1104
core   0: 3 0x800068fc (0x45024813) x16 0x00000451
core   0: 0x80006900 (0x00000891) c.addi  a7, 4
core   0: 3 0x80006900 (0x0891) x17 0x00000004
core   0: 0x80006902 (0xe1a20b17) auipc   s6, 0xe1a20
core   0: 3 0x80006902 (0xe1a20b17) x22 0x61a26902
core   0: 0x80006906 (0x00008ffe) c.mv    t6, t6
core   0: 3 0x80006906 (0x8ffe) x31 0x00000001
core   0: 0x80006908 (0x03171b33) mulh    s6, a4, a7
core   0: 3 0x80006908 (0x03171b33) x22 0xffffffff
core   0: 0x8000690c (0x00008c7d) c.and   s0, a5
core   0: 3 0x8000690c (0x8c7d) x8  0x00000000
core   0: 0x8000690e (0xc59f8213) addi    tp, t6, -935
core   0: 3 0x8000690e (0xc59f8213) x4  0xfffffc5a
core   0: 0x80006912 (0x00008139) c.srli  a0, 14
core   0: 3 0x80006912 (0x8139) x10 0x00000000
core   0: 0x80006914 (0x000063cd) c.lui   t2, 0x13
core   0: 3 0x80006914 (0x63cd) x7  0x00013000
core   0: 0x80006916 (0x406b58b3) sra     a7, s6, t1
core   0: 3 0x80006916 (0x406b58b3) x17 0xffffffff
core   0: 0x8000691a (0x000083d5) c.srli  a5, 21
core   0: 3 0x8000691a (0x83d5) x15 0x00000000
core   0: 0x8000691c (0x00000001) c.nop
core   0: 3 0x8000691c (0x0001)
core   0: 0x8000691e (0x000098fd) c.andi  s1, -1
core   0: 3 0x8000691e (0x98fd) x9  0x00001831
core   0: 0x80006920 (0x9a207393) andi    t2, zero, -1630
core   0: 3 0x80006920 (0x9a207393) x7  0x00000000
core   0: 0x80006924 (0x00bb32b3) sltu    t0, s6, a1
core   0: 3 0x80006924 (0x00bb32b3) x5  0x00000000
core   0: 0x80006928 (0x00c7bab3) sltu    s5, a5, a2
core   0: 3 0x80006928 (0x00c7bab3) x21 0x00000000
core   0: 0x8000692c (0x00000001) c.nop
core   0: 3 0x8000692c (0x0001)
core   0: 0x8000692e (0x6833b297) auipc   t0, 0x6833b
core   0: 3 0x8000692e (0x6833b297) x5  0xe834192e
core   0: 0x80006932 (0x45fca113) slti    sp, s9, 1119
core   0: 3 0x80006932 (0x45fca113) x2  0x00000001
core   0: 0x80006936 (0xd14bc293) xori    t0, s7, -748
core   0: 3 0x80006936 (0xd14bc293) x5  0xfffffd14
core   0: 0x8000693a (0x00acf263) bgeu    s9, a0, pc + 4
core   0: 3 0x8000693a (0x00acf263)
core   0: 0x8000693e (0x00000001) c.nop
core   0: 3 0x8000693e (0x0001)
core   0: 0x80006940 (0xc50cd717) auipc   a4, 0xc50cd
core   0: 3 0x80006940 (0xc50cd717) x14 0x450d3940
core   0: 0x80006944 (0x0000ae97) auipc   t4, 0xa
core   0: 3 0x80006944 (0x0000ae97) x29 0x80010944
core   0: 0x80006948 (0x152e8e93) addi    t4, t4, 338
core   0: 3 0x80006948 (0x152e8e93) x29 0x80010a96
core   0: 0x8000694c (0x0caec183) lbu     gp, 202(t4)
core   0: 3 0x8000694c (0x0caec183) x3  0x0000001b mem 0x80010b60
core   0: 0x80006950 (0xfabe8aa3) sb      a1, -75(t4)
core   0: 3 0x80006950 (0xfabe8aa3) mem 0x80010a4b 0xe4
core   0: 0x80006954 (0x0e0e88a3) sb      zero, 241(t4)
core   0: 3 0x80006954 (0x0e0e88a3) mem 0x80010b87 0x00
core   0: 0x80006958 (0x08de8683) lb      a3, 141(t4)
core   0: 3 0x80006958 (0x08de8683) x13 0xffffffd8 mem 0x80010b23
core   0: 0x8000695c (0x06fe8903) lb      s2, 111(t4)
core   0: 3 0x8000695c (0x06fe8903) x18 0xffffffbe mem 0x80010b05
core   0: 0x80006960 (0xf97e8a23) sb      s7, -108(t4)
core   0: 3 0x80006960 (0xf97e8a23) mem 0x80010a2a 0x00
core   0: 0x80006964 (0x09fe8083) lb      ra, 159(t4)
core   0: 3 0x80006964 (0x09fe8083) x1  0xffffffee mem 0x80010b35
core   0: 0x80006968 (0x00008f6e) c.mv    t5, s11
core   0: 3 0x80006968 (0x8f6e) x30 0xffffffff
core   0: 0x8000696a (0xf97ea323) sw      s7, -122(t4)
core   0: 3 0x8000696a (0xf97ea323) mem 0x80010a1c 0x00000000
core   0: 0x8000696e (0xfd9ea323) sw      s9, -58(t4)
core   0: 3 0x8000696e (0xfd9ea323) mem 0x80010a5c 0x0000000f
core   0: 0x80006972 (0xf80e9623) sh      zero, -116(t4)
core   0: 3 0x80006972 (0xf80e9623) mem 0x80010a22 0x0000
core   0: 0x80006976 (0x6f8a8013) addi    zero, s5, 1784
core   0: 3 0x80006976 (0x6f8a8013)
core   0: 0x8000697a (0x00008ec9) c.or    a3, a0
core   0: 3 0x8000697a (0x8ec9) x13 0xffffffd8
core   0: 0x8000697c (0xf85e82a3) sb      t0, -123(t4)
core   0: 3 0x8000697c (0xf85e82a3) mem 0x80010a1b 0x14
core   0: 0x80006980 (0xf42e8783) lb      a5, -190(t4)
core   0: 3 0x80006980 (0xf42e8783) x15 0xffffff93 mem 0x800109d8
core   0: 0x80006984 (0x00bb8433) add     s0, s7, a1
core   0: 3 0x80006984 (0x00bb8433) x8  0x80029ce4
core   0: 0x80006988 (0x022e9203) lh      tp, 34(t4)
core   0: 3 0x80006988 (0x022e9203) x4  0x00007273 mem 0x80010ab8
core   0: 0x8000698c (0x0e4ea323) sw      tp, 230(t4)
core   0: 3 0x8000698c (0x0e4ea323) mem 0x80010b7c 0x00007273
core   0: 0x80006990 (0xf8b3a093) slti    ra, t2, -117
core   0: 3 0x80006990 (0xf8b3a093) x1  0x00000000
core   0: 0x80006994 (0x009e8603) lb      a2, 9(t4)
core   0: 3 0x80006994 (0x009e8603) x12 0x00000054 mem 0x80010a9f
core   0: 0x80006998 (0xfd9e9723) sh      s9, -50(t4)
core   0: 3 0x80006998 (0xfd9e9723) mem 0x80010a64 0x000f
core   0: 0x8000699c (0x001d1533) sll     a0, s10, ra
core   0: 3 0x8000699c (0x001d1533) x10 0x00000000
core   0: 0x800069a0 (0xf5fecd83) lbu     s11, -161(t4)
core   0: 3 0x800069a0 (0xf5fecd83) x27 0x00000000 mem 0x800109f5
core   0: 0x800069a4 (0x08fe8703) lb      a4, 143(t4)
core   0: 3 0x800069a4 (0x08fe8703) x14 0xffffffde mem 0x80010b25
core   0: 0x800069a8 (0x057e8f83) lb      t6, 87(t4)
core   0: 3 0x800069a8 (0x057e8f83) x31 0xffffffa6 mem 0x80010aed
core   0: 0x800069ac (0x05eed503) lhu     a0, 94(t4)
core   0: 3 0x800069ac (0x05eed503) x10 0x0000aeaf mem 0x80010af4
core   0: 0x800069b0 (0x038e9603) lh      a2, 56(t4)
core   0: 3 0x800069b0 (0x038e9603) x12 0xffff8485 mem 0x80010ace
core   0: 0x800069b4 (0x0000717d) c.addi16sp sp, -16
core   0: 3 0x800069b4 (0x717d) x2  0xfffffff1
core   0: 0x800069b6 (0x5fcafa13) andi    s4, s5, 1532
core   0: 3 0x800069b6 (0x5fcafa13) x20 0x00000000
core   0: 0x800069ba (0x00001004) c.addi4spn s1, sp, 32
core   0: 3 0x800069ba (0x1004) x9  0x00000011
core   0: 0x800069bc (0x7b09fe13) andi    t3, s3, 1968
core   0: 3 0x800069bc (0x7b09fe13) x28 0x00000000
core   0: 0x800069c0 (0xf2ee86a3) sb      a4, -211(t4)
core   0: 3 0x800069c0 (0xf2ee86a3) mem 0x800109c3 0xde
core   0: 0x800069c4 (0x065eca83) lbu     s5, 101(t4)
core   0: 3 0x800069c4 (0x065eca83) x21 0x000000b0 mem 0x80010afb
core   0: 0x800069c8 (0xf39e8403) lb      s0, -199(t4)
core   0: 3 0x800069c8 (0xf39e8403) x8  0xffffff84 mem 0x800109cf
core   0: 0x800069cc (0x03bd26b3) mulhsu  a3, s10, s11
core   0: 3 0x800069cc (0x03bd26b3) x13 0x00000000
core   0: 0x800069d0 (0x00008f3d) c.xor   a4, a5
core   0: 3 0x800069d0 (0x8f3d) x14 0x0000004d
core   0: 0x800069d2 (0x0183e263) bltu    t2, s8, pc + 4
core   0: 3 0x800069d2 (0x0183e263)
core   0: 0x800069d6 (0x018aa9b3) slt     s3, s5, s8
core   0: 3 0x800069d6 (0x018aa9b3) x19 0x00000000
core   0: 0x800069da (0x402cdb33) sra     s6, s9, sp
core   0: 3 0x800069da (0x402cdb33) x22 0x00000000
core   0: 0x800069de (0x01129f63) bne     t0, a7, pc + 30
core   0: 3 0x800069de (0x01129f63)
core   0: 0x800069fc (0x00008465) c.srai  s0, 25
core   0: 3 0x800069fc (0x8465) x8  0xffffffff
core   0: 0x800069fe (0x0000615d) c.addi16sp sp, 432
core   0: 3 0x800069fe (0x615d) x2  0x000001a1
core   0: 0x80006a00 (0x012441b3) xor     gp, s0, s2
core   0: 3 0x80006a00 (0x012441b3) x3  0x00000041
core   0: 0x80006a04 (0x4021d793) srai    a5, gp, 2
core   0: 3 0x80006a04 (0x4021d793) x15 0x00000010
core   0: 0x80006a08 (0x00008cd5) c.or    s1, a3
core   0: 3 0x80006a08 (0x8cd5) x9  0x00000011
core   0: 0x80006a0a (0x0213cc63) blt     t2, ra, pc + 56
core   0: 3 0x80006a0a (0x0213cc63)
core   0: 0x80006a0e (0x00008f41) c.or    a4, s0
core   0: 3 0x80006a0e (0x8f41) x14 0xffffffff
core   0: 0x80006a10 (0x02bd02b3) mul     t0, s10, a1
core   0: 3 0x80006a10 (0x02bd02b3) x5  0x00000000
core   0: 0x80006a14 (0x142f87b7) lui     a5, 0x142f8
core   0: 3 0x80006a14 (0x142f87b7) x15 0x142f8000
core   0: 0x80006a18 (0x0000414d) c.li    sp, 19
core   0: 3 0x80006a18 (0x414d) x2  0x00000013
core   0: 0x80006a1a (0x00009e0e) c.add   t3, gp
core   0: 3 0x80006a1a (0x9e0e) x28 0x00000041
core   0: 0x80006a1c (0xbf09c613) xori    a2, s3, -1040
core   0: 3 0x80006a1c (0xbf09c613) x12 0xfffffbf0
core   0: 0x80006a20 (0x030ba733) mulhsu  a4, s7, a6
core   0: 3 0x80006a20 (0x030ba733) x14 0x00000000
core   0: 0x80006a24 (0x00000001) c.nop
core   0: 3 0x80006a24 (0x0001)
core   0: 0x80006a26 (0x00008361) c.srli  a4, 24
core   0: 3 0x80006a26 (0x8361) x14 0x00000000
core   0: 0x80006a28 (0x02bc2d33) mulhsu  s10, s8, a1
core   0: 3 0x80006a28 (0x02bc2d33) x26 0x00000000
core   0: 0x80006a2c (0x006f3ab3) sltu    s5, t5, t1
core   0: 3 0x80006a2c (0x006f3ab3) x21 0x00000000
core   0: 0x80006a30 (0x0000e50d) c.bnez  a0, pc + 42
core   0: 3 0x80006a30 (0xe50d)
core   0: 0x80006a5a (0x03bcb633) mulhu   a2, s9, s11
core   0: 3 0x80006a5a (0x03bcb633) x12 0x00000000
core   0: 0x80006a5e (0x02125933) divu    s2, tp, ra
core   0: 3 0x80006a5e (0x02125933) x18 0xffffffff
core   0: 0x80006a62 (0x00000001) c.nop
core   0: 3 0x80006a62 (0x0001)
core   0: 0x80006a64 (0x8f102213) slti    tp, zero, -1807
core   0: 3 0x80006a64 (0x8f102213) x4  0x00000000
core   0: 0x80006a68 (0x417704b3) sub     s1, a4, s7
core   0: 3 0x80006a68 (0x417704b3) x9  0x00000000
core   0: 0x80006a6c (0x03169533) mulh    a0, a3, a7
core   0: 3 0x80006a6c (0x03169533) x10 0x00000000
core   0: 0x80006a70 (0x00008541) c.srai  a0, 16
core   0: 3 0x80006a70 (0x8541) x10 0x00000000
core   0: 0x80006a72 (0x00814bb3) xor     s7, sp, s0
core   0: 3 0x80006a72 (0x00814bb3) x23 0xffffffec
core   0: 0x80006a76 (0x00009bf6) c.add   s7, t4
core   0: 3 0x80006a76 (0x9bf6) x23 0x80010a82
core   0: 0x80006a78 (0xddcf8f93) addi    t6, t6, -548
core   0: 3 0x80006a78 (0xddcf8f93) x31 0xfffffd82
core   0: 0x80006a7c (0x7c12f193) andi    gp, t0, 1985
core   0: 3 0x80006a7c (0x7c12f193) x3  0x00000000
core   0: 0x80006a80 (0x526d08b7) lui     a7, 0x526d0
core   0: 3 0x80006a80 (0x526d08b7) x17 0x526d0000
core   0: 0x80006a84 (0x024006ef) jal     a3, pc + 0x24
core   0: 3 0x80006a84 (0x024006ef) x13 0x80006a88
core   0: 0x80006aa8 (0x00002031) c.jal   pc + 12
core   0: 3 0x80006aa8 (0x2031) x1  0x80006aaa
core   0: 0x80006ab4 (0xfdbff0ef) jal     pc - 0x26
core   0: 3 0x80006ab4 (0xfdbff0ef) x1  0x80006ab8
core   0: 0x80006a8e (0x0000282d) c.jal   pc + 58
core   0: 3 0x80006a8e (0x282d) x1  0x80006a90
core   0: 0x80006ac8 (0x0000a009) c.j     pc + 2
core   0: 3 0x80006ac8 (0xa009)
core   0: 0x80006aca (0x00003fc1) c.jal   pc - 48
core   0: 3 0x80006aca (0x3fc1) x1  0x80006acc
core   0: 0x80006a9a (0x0000a00d) c.j     pc + 34
core   0: 3 0x80006a9a (0xa00d)
core   0: 0x80006abc (0x0000b7fd) c.j     pc - 18
core   0: 3 0x80006abc (0xb7fd)
core   0: 0x80006aaa (0x00002039) c.jal   pc + 14
core   0: 3 0x80006aaa (0x2039) x1  0x80006aac
core   0: 0x80006ab8 (0x000037c5) c.jal   pc - 32
core   0: 3 0x80006ab8 (0x37c5) x1  0x80006aba
core   0: 0x80006a98 (0x0000a829) c.j     pc + 26
core   0: 3 0x80006a98 (0xa829)
core   0: 0x80006ab2 (0x0000bfd5) c.j     pc - 12
core   0: 3 0x80006ab2 (0xbfd5)
core   0: 0x80006aa6 (0x0000b7cd) c.j     pc - 30
core   0: 3 0x80006aa6 (0xb7cd)
core   0: 0x80006a88 (0x00002025) c.jal   pc + 40
core   0: 3 0x80006a88 (0x2025) x1  0x80006a8a
core   0: 0x80006ab0 (0x000037c5) c.jal   pc - 32
core   0: 3 0x80006ab0 (0x37c5) x1  0x80006ab2
core   0: 0x80006a90 (0x006000ef) jal     pc + 0x6
core   0: 3 0x80006a90 (0x006000ef) x1  0x80006a94
core   0: 0x80006a96 (0x00002821) c.jal   pc + 24
core   0: 3 0x80006a96 (0x2821) x1  0x80006a98
core   0: 0x80006aae (0x0000bff1) c.j     pc - 36
core   0: 3 0x80006aae (0xbff1)
core   0: 0x80006a8a (0x022000ef) jal     pc + 0x22
core   0: 3 0x80006a8a (0x022000ef) x1  0x80006a8e
core   0: 0x80006aac (0x0000a809) c.j     pc + 18
core   0: 3 0x80006aac (0xa809)
core   0: 0x80006abe (0x00002009) c.jal   pc + 2
core   0: 3 0x80006abe (0x2009) x1  0x80006ac0
core   0: 0x80006ac0 (0x004000ef) jal     pc + 0x4
core   0: 3 0x80006ac0 (0x004000ef) x1  0x80006ac4
core   0: 0x80006ac4 (0x00003fe9) c.jal   pc - 38
core   0: 3 0x80006ac4 (0x3fe9) x1  0x80006ac6
core   0: 0x80006a9e (0xfffff0ef) jal     pc - 0x2
core   0: 3 0x80006a9e (0xfffff0ef) x1  0x80006aa2
core   0: 0x80006a9c (0x00002019) c.jal   pc + 6
core   0: 3 0x80006a9c (0x2019) x1  0x80006a9e
core   0: 0x80006aa2 (0xff3ff0ef) jal     pc - 0xe
core   0: 3 0x80006aa2 (0xff3ff0ef) x1  0x80006aa6
core   0: 0x80006a94 (0x0000201d) c.jal   pc + 38
core   0: 3 0x80006a94 (0x201d) x1  0x80006a96
core   0: 0x80006aba (0x0000a031) c.j     pc + 12
core   0: 3 0x80006aba (0xa031)
core   0: 0x80006ac6 (0x00002019) c.jal   pc + 6
core   0: 3 0x80006ac6 (0x2019) x1  0x80006ac8
core   0: 0x80006acc (0x0000717d) c.addi16sp sp, -16
core   0: 3 0x80006acc (0x717d) x2  0x00000003
core   0: 0x80006ace (0x00008ea1) c.xor   a3, s0
core   0: 3 0x80006ace (0x8ea1) x13 0x7fff9577
core   0: 0x80006ad0 (0x01a1e133) or      sp, gp, s10
core   0: 3 0x80006ad0 (0x01a1e133) x2  0x00000000
core   0: 0x80006ad4 (0xabc42f13) slti    t5, s0, -1348
core   0: 3 0x80006ad4 (0xabc42f13) x30 0x00000000
core   0: 0x80006ad8 (0x00627733) and     a4, tp, t1
core   0: 3 0x80006ad8 (0x00627733) x14 0x00000000
core   0: 0x80006adc (0x0152c6b3) xor     a3, t0, s5
core   0: 3 0x80006adc (0x0152c6b3) x13 0x00000000
core   0: 0x80006ae0 (0x02ae0633) mul     a2, t3, a0
core   0: 3 0x80006ae0 (0x02ae0633) x12 0x00000000
core   0: 0x80006ae4 (0x0000c881) c.beqz  s1, pc + 16
core   0: 3 0x80006ae4 (0xc881)
core   0: 0x80006af4 (0x0000c305) c.beqz  a4, pc + 32
core   0: 3 0x80006af4 (0xc305)
core   0: 0x80006b14 (0x01f5b133) sltu    sp, a1, t6
core   0: 3 0x80006b14 (0x01f5b133) x2  0x00000001
core   0: 0x80006b18 (0x018a4db3) xor     s11, s4, s8
core   0: 3 0x80006b18 (0x018a4db3) x27 0x00000000
core   0: 0x80006b1c (0xbb666893) ori     a7, a2, -1098
core   0: 3 0x80006b1c (0xbb666893) x17 0xfffffbb6
core   0: 0x80006b20 (0x01988633) add     a2, a7, s9
core   0: 3 0x80006b20 (0x01988633) x12 0xfffffbc5
core   0: 0x80006b24 (0x00008c75) c.and   s0, a3
core   0: 3 0x80006b24 (0x8c75) x8  0x00000000
core   0: 0x80006b26 (0x035d36b3) mulhu   a3, s10, s5
core   0: 3 0x80006b26 (0x035d36b3) x13 0x00000000
core   0: 0x80006b2a (0x41300b33) sub     s6, zero, s3
core   0: 3 0x80006b2a (0x41300b33) x22 0x00000000
core   0: 0x80006b2e (0x40b803b3) sub     t2, a6, a1
core   0: 3 0x80006b2e (0x40b803b3) x7  0x7ffd676d
core   0: 0x80006b32 (0x01f568b3) or      a7, a0, t6
core   0: 3 0x80006b32 (0x01f568b3) x17 0xfffffd82
core   0: 0x80006b36 (0x02ac5b33) divu    s6, s8, a0
core   0: 3 0x80006b36 (0x02ac5b33) x22 0xffffffff
core   0: 0x80006b3a (0x0323f263) bgeu    t2, s2, pc + 36
core   0: 3 0x80006b3a (0x0323f263)
core   0: 0x80006b3e (0x0146f863) bgeu    a3, s4, pc + 16
core   0: 3 0x80006b3e (0x0146f863)
core   0: 0x80006b4e (0x00fada13) srli    s4, s5, 15
core   0: 3 0x80006b4e (0x00fada13) x20 0x00000000
core   0: 0x80006b52 (0x00008ced) c.and   s1, a1
core   0: 3 0x80006b52 (0x8ced) x9  0x00000000
core   0: 0x80006b54 (0x3ae34e93) xori    t4, t1, 942
core   0: 3 0x80006b54 (0x3ae34e93) x29 0x80025dca
core   0: 0x80006b58 (0x00c1af33) slt     t5, gp, a2
core   0: 3 0x80006b58 (0x00c1af33) x30 0x00000000
core   0: 0x80006b5c (0x00009972) c.add   s2, t3
core   0: 3 0x80006b5c (0x9972) x18 0x00000040
core   0: 0x80006b5e (0x00008cd5) c.or    s1, a3
core   0: 3 0x80006b5e (0x8cd5) x9  0x00000000
core   0: 0x80006b60 (0x41cc5913) srai    s2, s8, 28
core   0: 3 0x80006b60 (0x41cc5913) x18 0x00000000
core   0: 0x80006b64 (0x00000001) c.nop
core   0: 3 0x80006b64 (0x0001)
core   0: 0x80006b66 (0x0205c3b3) div     t2, a1, zero
core   0: 3 0x80006b66 (0x0205c3b3) x7  0xffffffff
core   0: 0x80006b6a (0x02b90b63) beq     s2, a1, pc + 54
core   0: 3 0x80006b6a (0x02b90b63)
core   0: 0x80006b6e (0x00bc1533) sll     a0, s8, a1
core   0: 3 0x80006b6e (0x00bc1533) x10 0x00000000
core   0: 0x80006b72 (0x019be863) bltu    s7, s9, pc + 16
core   0: 3 0x80006b72 (0x019be863)
core   0: 0x80006b76 (0xaa14e693) ori     a3, s1, -1375
core   0: 3 0x80006b76 (0xaa14e693) x13 0xfffffaa1
core   0: 0x80006b7a (0x03a64eb3) div     t4, a2, s10
core   0: 3 0x80006b7a (0x03a64eb3) x29 0xffffffff
core   0: 0x80006b7e (0x037a9833) mulh    a6, s5, s7
core   0: 3 0x80006b7e (0x037a9833) x16 0x00000000
core   0: 0x80006b82 (0x00008ca5) c.xor   s1, s1
core   0: 3 0x80006b82 (0x8ca5) x9  0x00000000
core   0: 0x80006b84 (0xb5d47c13) andi    s8, s0, -1187
core   0: 3 0x80006b84 (0xb5d47c13) x24 0x00000000
core   0: 0x80006b88 (0x00000001) c.nop
core   0: 3 0x80006b88 (0x0001)
core   0: 0x80006b8a (0x00009bfd) c.andi  a5, -1
core   0: 3 0x80006b8a (0x9bfd) x15 0x142f8000
core   0: 0x80006b8c (0x000009ee) c.slli  s3, 27
core   0: 3 0x80006b8c (0x09ee) x19 0x00000000
core   0: 0x80006b8e (0x4cfaed13) ori     s10, s5, 1231
core   0: 3 0x80006b8e (0x4cfaed13) x26 0x000004cf
core   0: 0x80006b92 (0x000082cd) c.srli  a3, 19
core   0: 3 0x80006b92 (0x82cd) x13 0x00001fff
core   0: 0x80006b94 (0x0000826e) c.mv    tp, s11
core   0: 3 0x80006b94 (0x826e) x4  0x00000000
core   0: 0x80006b96 (0x40b1d0b3) sra     ra, gp, a1
core   0: 3 0x80006b96 (0x40b1d0b3) x1  0x00000000
core   0: 0x80006b9a (0x00008529) c.srai  a0, 10
core   0: 3 0x80006b9a (0x8529) x10 0x00000000
core   0: 0x80006b9c (0x013cdb13) srli    s6, s9, 19
core   0: 3 0x80006b9c (0x013cdb13) x22 0x00000000
core   0: 0x80006ba0 (0x00006a61) c.lui   s4, 0x18
core   0: 3 0x80006ba0 (0x6a61) x20 0x00018000
core   0: 0x80006ba2 (0x0000527d) c.li    tp, -1
core   0: 3 0x80006ba2 (0x527d) x4  0xffffffff
core   0: 0x80006ba4 (0x00000f18) c.addi4spn a4, sp, 912
core   0: 3 0x80006ba4 (0x0f18) x14 0x00000391
core   0: 0x80006ba6 (0x000066f9) c.lui   a3, 0x1e
core   0: 3 0x80006ba6 (0x66f9) x13 0x0001e000
core   0: 0x80006ba8 (0x00000a00) c.addi4spn s0, sp, 272
core   0: 3 0x80006ba8 (0x0a00) x8  0x00000111
core   0: 0x80006baa (0x00009b7d) c.andi  a4, -1
core   0: 3 0x80006baa (0x9b7d) x14 0x00000391
core   0: 0x80006bac (0x005d1e33) sll     t3, s10, t0
core   0: 3 0x80006bac (0x005d1e33) x28 0x000004cf
core   0: 0x80006bb0 (0x4074d193) srai    gp, s1, 7
core   0: 3 0x80006bb0 (0x4074d193) x3  0x00000000
core   0: 0x80006bb4 (0x00d27b33) and     s6, tp, a3
core   0: 3 0x80006bb4 (0x00d27b33) x22 0x0001e000
core   0: 0x80006bb8 (0x03ed3eb3) mulhu   t4, s10, t5
core   0: 3 0x80006bb8 (0x03ed3eb3) x29 0x00000000
core   0: 0x80006bbc (0x0217c4b3) div     s1, a5, ra
core   0: 3 0x80006bbc (0x0217c4b3) x9  0xffffffff
core   0: 0x80006bc0 (0x0000c385) c.beqz  a5, pc + 32
core   0: 3 0x80006bc0 (0xc385)
core   0: 0x80006bc2 (0x0000ee99) c.bnez  a3, pc + 30
core   0: 3 0x80006bc2 (0xee99)
core   0: 0x80006be0 (0x00000001) c.nop
core   0: 3 0x80006be0 (0x0001)
core   0: 0x80006be2 (0x000098d6) c.add   a7, s5
core   0: 3 0x80006be2 (0x98d6) x17 0xfffffd82
core   0: 0x80006be4 (0x00008d71) c.and   a0, a2
core   0: 3 0x80006be4 (0x8d71) x10 0x00000000
core   0: 0x80006be6 (0x00006f0d) c.lui   t5, 0x3
core   0: 3 0x80006be6 (0x6f0d) x30 0x00003000
core   0: 0x80006be8 (0x00000001) c.nop
core   0: 3 0x80006be8 (0x0001)
core   0: 0x80006bea (0xdd620517) auipc   a0, 0xdd620
core   0: 3 0x80006bea (0xdd620517) x10 0x5d626bea
core   0: 0x80006bee (0x0000157d) c.addi  a0, -1
core   0: 3 0x80006bee (0x157d) x10 0x5d626be9
core   0: 0x80006bf0 (0x14323493) sltiu   s1, tp, 323
core   0: 3 0x80006bf0 (0x14323493) x9  0x00000000
core   0: 0x80006bf4 (0x54c46293) ori     t0, s0, 1356
core   0: 3 0x80006bf4 (0x54c46293) x5  0x0000055d
core   0: 0x80006bf8 (0x01039d33) sll     s10, t2, a6
core   0: 3 0x80006bf8 (0x01039d33) x26 0xffffffff
core   0: 0x80006bfc (0x03ffe3b3) rem     t2, t6, t6
core   0: 3 0x80006bfc (0x03ffe3b3) x7  0x00000000
core   0: 0x80006c00 (0x000086d9) c.srai  a3, 22
core   0: 3 0x80006c00 (0x86d9) x13 0x00000000
core   0: 0x80006c02 (0x00008c91) c.sub   s1, a2
core   0: 3 0x80006c02 (0x8c91) x9  0x0000043b
core   0: 0x80006c04 (0xed5d3913) sltiu   s2, s10, -299
core   0: 3 0x80006c04 (0xed5d3913) x18 0x00000000
core   0: 0x80006c08 (0x00008c21) c.xor   s0, s0
core   0: 3 0x80006c08 (0x8c21) x8  0x00000000
core   0: 0x80006c0a (0x039564b3) rem     s1, a0, s9
core   0: 3 0x80006c0a (0x039564b3) x9  0x00000006
core   0: 0x80006c0e (0x00764763) blt     a2, t2, pc + 14
core   0: 3 0x80006c0e (0x00764763)
core   0: 0x80006c1c (0x0000ec0d) c.bnez  s0, pc + 58
core   0: 3 0x80006c1c (0xec0d)
core   0: 0x80006c1e (0x0000cc89) c.beqz  s1, pc + 26
core   0: 3 0x80006c1e (0xcc89)
core   0: 0x80006c20 (0x00b864b3) or      s1, a6, a1
core   0: 3 0x80006c20 (0x00b864b3) x9  0x80029ce4
core   0: 0x80006c24 (0x03ad63b3) rem     t2, s10, s10
core   0: 3 0x80006c24 (0x03ad63b3) x7  0x00000000
core   0: 0x80006c28 (0x02edc8b3) div     a7, s11, a4
core   0: 3 0x80006c28 (0x02edc8b3) x17 0x00000000
core   0: 0x80006c2c (0x00008665) c.srai  a2, 25
core   0: 3 0x80006c2c (0x8665) x12 0xffffffff
core   0: 0x80006c2e (0x0000e895) c.bnez  s1, pc + 52
core   0: 3 0x80006c2e (0xe895)
core   0: 0x80006c62 (0x001e5763) bge     t3, ra, pc + 14
core   0: 3 0x80006c62 (0x001e5763)
core   0: 0x80006c70 (0x01439a13) slli    s4, t2, 20
core   0: 3 0x80006c70 (0x01439a13) x20 0x00000000
core   0: 0x80006c74 (0x8a45e437) lui     s0, 0x8a45e
core   0: 3 0x80006c74 (0x8a45e437) x8  0x8a45e000
core   0: 0x80006c78 (0x009dda13) srli    s4, s11, 9
core   0: 3 0x80006c78 (0x009dda13) x20 0x00000000
core   0: 0x80006c7c (0xede97e93) andi    t4, s2, -290
core   0: 3 0x80006c7c (0xede97e93) x29 0x00000000
core   0: 0x80006c80 (0x00000001) c.nop
core   0: 3 0x80006c80 (0x0001)
core   0: 0x80006c82 (0x035e0763) beq     t3, s5, pc + 46
core   0: 3 0x80006c82 (0x035e0763)
core   0: 0x80006c86 (0x01132c33) slt     s8, t1, a7
core   0: 3 0x80006c86 (0x01132c33) x24 0x00000001
core   0: 0x80006c8a (0x002c1a63) bne     s8, sp, pc + 20
core   0: 3 0x80006c8a (0x002c1a63)
core   0: 0x80006c8e (0x00008485) c.srai  s1, 1
core   0: 3 0x80006c8e (0x8485) x9  0xc0014e72
core   0: 0x80006c90 (0x03e160b3) rem     ra, sp, t5
core   0: 3 0x80006c90 (0x03e160b3) x1  0x00000001
core   0: 0x80006c94 (0x000050fd) c.li    ra, -1
core   0: 3 0x80006c94 (0x50fd) x1  0xffffffff
core   0: 0x80006c96 (0xbe54e493) ori     s1, s1, -1051
core   0: 3 0x80006c96 (0xbe54e493) x9  0xfffffff7
core   0: 0x80006c9a (0x037ae763) bltu    s5, s7, pc + 46
core   0: 3 0x80006c9a (0x037ae763)
core   0: 0x80006cc8 (0x0b22f063) bgeu    t0, s2, pc + 160
core   0: 3 0x80006cc8 (0x0b22f063)
core   0: 0x80006d68 (0x40c08ab3) sub     s5, ra, a2
core   0: 3 0x80006d68 (0x40c08ab3) x21 0x00000000
core   0: 0x80006d6c (0x0000717d) c.addi16sp sp, -16
core   0: 3 0x80006d6c (0x717d) x2  0xfffffff1
core   0: 0x80006d6e (0x03fa7eb3) remu    t4, s4, t6
core   0: 3 0x80006d6e (0x03fa7eb3) x29 0x00000000
core   0: 0x80006d72 (0x00001284) c.addi4spn s1, sp, 352
core   0: 3 0x80006d72 (0x1284) x9  0x00000151
core   0: 0x80006d74 (0x0193b533) sltu    a0, t2, s9
core   0: 3 0x80006d74 (0x0193b533) x10 0x00000001
core   0: 0x80006d78 (0x00009f0e) c.add   t5, gp
core   0: 3 0x80006d78 (0x9f0e) x30 0x00003000
core   0: 0x80006d7a (0x00008ee9) c.and   a3, a0
core   0: 3 0x80006d7a (0x8ee9) x13 0x00000000
core   0: 0x80006d7c (0x0000614d) c.addi16sp sp, 176
core   0: 3 0x80006d7c (0x614d) x2  0x000000a1
core   0: 0x80006d7e (0x00000001) c.nop
core   0: 3 0x80006d7e (0x0001)
core   0: 0x80006d80 (0x0095db93) srli    s7, a1, 9
core   0: 3 0x80006d80 (0x0095db93) x23 0x0040014e
core   0: 0x80006d84 (0x006fd813) srli    a6, t6, 6
core   0: 3 0x80006d84 (0x006fd813) x16 0x03fffff6
core   0: 0x80006d88 (0x02a35c63) bge     t1, a0, pc + 56
core   0: 3 0x80006d88 (0x02a35c63)
core   0: 0x80006d8c (0x0125ffb3) and     t6, a1, s2
core   0: 3 0x80006d8c (0x0125ffb3) x31 0x00000000
core   0: 0x80006d90 (0x9eebae13) slti    t3, s7, -1554
core   0: 3 0x80006d90 (0x9eebae13) x28 0x00000000
core   0: 0x80006d94 (0x0000517d) c.li    sp, -1
core   0: 3 0x80006d94 (0x517d) x2  0xffffffff
core   0: 0x80006d96 (0x00006c35) c.lui   s8, 0xd
core   0: 3 0x80006d96 (0x6c35) x24 0x0000d000
core   0: 0x80006d98 (0x02351a63) bne     a0, gp, pc + 52
core   0: 3 0x80006d98 (0x02351a63)
core   0: 0x80006dcc (0xa46f4413) xori    s0, t5, -1466
core   0: 3 0x80006dcc (0xa46f4413) x8  0xffffca46
core   0: 0x80006dd0 (0x01e09013) slli    zero, ra, 30
core   0: 3 0x80006dd0 (0x01e09013)
core   0: 0x80006dd4 (0x01fbec33) or      s8, s7, t6
core   0: 3 0x80006dd4 (0x01fbec33) x24 0x0040014e
core   0: 0x80006dd8 (0x010dca63) blt     s11, a6, pc + 20
core   0: 3 0x80006dd8 (0x010dca63)
core   0: 0x80006dec (0x405f5813) srai    a6, t5, 5
core   0: 3 0x80006dec (0x405f5813) x16 0x00000180
core   0: 0x80006df0 (0x00ad24b3) slt     s1, s10, a0
core   0: 3 0x80006df0 (0x00ad24b3) x9  0x00000001
core   0: 0x80006df4 (0xac3f3a93) sltiu   s5, t5, -1341
core   0: 3 0x80006df4 (0xac3f3a93) x21 0x00000001
core   0: 0x80006df8 (0x0179d033) srl     zero, s3, s7
core   0: 3 0x80006df8 (0x0179d033)
core   0: 0x80006dfc (0x11ac8437) lui     s0, 0x11ac8
core   0: 3 0x80006dfc (0x11ac8437) x8  0x11ac8000
core   0: 0x80006e00 (0x00a708b3) add     a7, a4, a0
core   0: 3 0x80006e00 (0x00a708b3) x17 0x00000392
core   0: 0x80006e04 (0x0107c263) blt     a5, a6, pc + 4
core   0: 3 0x80006e04 (0x0107c263)
core   0: 0x80006e08 (0x00e67db3) and     s11, a2, a4
core   0: 3 0x80006e08 (0x00e67db3) x27 0x00000391
core   0: 0x80006e0c (0x01fd1eb3) sll     t4, s10, t6
core   0: 3 0x80006e0c (0x01fd1eb3) x29 0xffffffff
core   0: 0x80006e10 (0x0369bbb3) mulhu   s7, s3, s6
core   0: 3 0x80006e10 (0x0369bbb3) x23 0x00000000
core   0: 0x80006e14 (0x02999bb3) mulh    s7, s3, s1
core   0: 3 0x80006e14 (0x02999bb3) x23 0x00000000
core   0: 0x80006e18 (0xcdceeb93) ori     s7, t4, -804
core   0: 3 0x80006e18 (0xcdceeb93) x23 0xffffffff
core   0: 0x80006e1c (0x000081da) c.mv    gp, s6
core   0: 3 0x80006e1c (0x81da) x3  0x0001e000
core   0: 0x80006e1e (0xd1ff3993) sltiu   s3, t5, -737
core   0: 3 0x80006e1e (0xd1ff3993) x19 0x00000001
core   0: 0x80006e22 (0x03c2c963) blt     t0, t3, pc + 50
core   0: 3 0x80006e22 (0x03c2c963)
core   0: 0x80006e26 (0x01a4bdb3) sltu    s11, s1, s10
core   0: 3 0x80006e26 (0x01a4bdb3) x27 0x00000001
core   0: 0x80006e2a (0xcaa7f013) andi    zero, a5, -854
core   0: 3 0x80006e2a (0xcaa7f013)
core   0: 0x80006e2e (0x41075eb3) sra     t4, a4, a6
core   0: 3 0x80006e2e (0x41075eb3) x29 0x00000391
core   0: 0x80006e32 (0xc21fc013) xori    zero, t6, -991
core   0: 3 0x80006e32 (0xc21fc013)
core   0: 0x80006e36 (0xe4d66c13) ori     s8, a2, -435
core   0: 3 0x80006e36 (0xe4d66c13) x24 0xffffffff
core   0: 0x80006e3a (0x03b5d563) bge     a1, s11, pc + 42
core   0: 3 0x80006e3a (0x03b5d563)
core   0: 0x80006e3e (0x0000695d) c.lui   s2, 0x17
core   0: 3 0x80006e3e (0x695d) x18 0x00017000
core   0: 0x80006e40 (0x01ac4233) xor     tp, s8, s10
core   0: 3 0x80006e40 (0x01ac4233) x4  0x00000000
core   0: 0x80006e44 (0x00533533) sltu    a0, t1, t0
core   0: 3 0x80006e44 (0x00533533) x10 0x00000000
core   0: 0x80006e48 (0x0023dc63) bge     t2, sp, pc + 24
core   0: 3 0x80006e48 (0x0023dc63)
core   0: 0x80006e60 (0x20d9b493) sltiu   s1, s3, 525
core   0: 3 0x80006e60 (0x20d9b493) x9  0x00000001
core   0: 0x80006e64 (0x40a40c33) sub     s8, s0, a0
core   0: 3 0x80006e64 (0x40a40c33) x24 0x11ac8000
core   0: 0x80006e68 (0x317c2197) auipc   gp, 0x317c2
core   0: 3 0x80006e68 (0x317c2197) x3  0xb17c8e68
core   0: 0x80006e6c (0x95d2fe93) andi    t4, t0, -1699
core   0: 3 0x80006e6c (0x95d2fe93) x29 0x0000015d
core   0: 0x80006e70 (0x40bf5e93) srai    t4, t5, 11
core   0: 3 0x80006e70 (0x40bf5e93) x29 0x00000006
core   0: 0x80006e74 (0x40340a33) sub     s4, s0, gp
core   0: 3 0x80006e74 (0x40340a33) x20 0x602ff198
core   0: 0x80006e78 (0x015d5633) srl     a2, s10, s5
core   0: 3 0x80006e78 (0x015d5633) x12 0x7fffffff
core   0: 0x80006e7c (0x03129433) mulh    s0, t0, a7
core   0: 3 0x80006e7c (0x03129433) x8  0x00000000
core   0: 0x80006e80 (0x03077d63) bgeu    a4, a6, pc + 58
core   0: 3 0x80006e80 (0x03077d63)
core   0: 0x80006eba (0x00d838b3) sltu    a7, a6, a3
core   0: 3 0x80006eba (0x00d838b3) x17 0x00000000
core   0: 0x80006ebe (0x01b79533) sll     a0, a5, s11
core   0: 3 0x80006ebe (0x01b79533) x10 0x285f0000
core   0: 0x80006ec2 (0x017be1b3) or      gp, s7, s7
core   0: 3 0x80006ec2 (0x017be1b3) x3  0xffffffff
core   0: 0x80006ec6 (0x000087a1) c.srai  a5, 8
core   0: 3 0x80006ec6 (0x87a1) x15 0x00142f80
core   0: 0x80006ec8 (0x00000190) c.addi4spn a2, sp, 192
core   0: 3 0x80006ec8 (0x0190) x12 0x000000bf
core   0: 0x80006eca (0x78c62713) slti    a4, a2, 1932
core   0: 3 0x80006eca (0x78c62713) x14 0x00000001
core   0: 0x80006ece (0x00008fdd) c.or    a5, a5
core   0: 3 0x80006ece (0x8fdd) x15 0x00142f80
core   0: 0x80006ed0 (0x00008061) c.srli  s0, 24
core   0: 3 0x80006ed0 (0x8061) x8  0x00000000
core   0: 0x80006ed2 (0x0032e833) or      a6, t0, gp
core   0: 3 0x80006ed2 (0x0032e833) x16 0xffffffff
core   0: 0x80006ed6 (0x024ec433) div     s0, t4, tp
core   0: 3 0x80006ed6 (0x024ec433) x8  0xffffffff
core   0: 0x80006eda (0x2e69adb7) lui     s11, 0x2e69a
core   0: 3 0x80006eda (0x2e69adb7) x27 0x2e69a000
core   0: 0x80006ede (0x407d5033) sra     zero, s10, t2
core   0: 3 0x80006ede (0x407d5033)
core   0: 0x80006ee2 (0x0040fab3) and     s5, ra, tp
core   0: 3 0x80006ee2 (0x0040fab3) x21 0x00000000
core   0: 0x80006ee6 (0x2c711817) auipc   a6, 0x2c711
core   0: 3 0x80006ee6 (0x2c711817) x16 0xac717ee6
core   0: 0x80006eea (0x288ba213) slti    tp, s7, 648
core   0: 3 0x80006eea (0x288ba213) x4  0x00000001
core   0: 0x80006eee (0x000084b9) c.srai  s1, 14
core   0: 3 0x80006eee (0x84b9) x9  0x00000000
core   0: 0x80006ef0 (0x0368a6b3) mulhsu  a3, a7, s6
core   0: 3 0x80006ef0 (0x0368a6b3) x13 0x00000000
core   0: 0x80006ef4 (0x00018217) auipc   tp, 0x18
core   0: 3 0x80006ef4 (0x00018217) x4  0x8001eef4
core   0: 0x80006ef8 (0xa8e20213) addi    tp, tp, -1394
core   0: 3 0x80006ef8 (0xa8e20213) x4  0x8001e982
core   0: 0x80006efc (0xd5ce7113) andi    sp, t3, -676
core   0: 3 0x80006efc (0xd5ce7113) x2  0x00000000
core   0: 0x80006f00 (0x00009d6e) c.add   s10, s11
core   0: 3 0x80006f00 (0x9d6e) x26 0x2e699fff
core   0: 0x80006f02 (0xf6420c03) lb      s8, -156(tp)
core   0: 3 0x80006f02 (0xf6420c03) x24 0xffffff9d mem 0x8001e8e6
core   0: 0x80006f06 (0x90a20403) lb      s0, -1782(tp)
core   0: 3 0x80006f06 (0x90a20403) x8  0x00000047 mem 0x8001e28c
core   0: 0x80006f0a (0x59025a83) lhu     s5, 1424(tp)
core   0: 3 0x80006f0a (0x59025a83) x21 0x0000c8c9 mem 0x8001ef12
core   0: 0x80006f0e (0x01524903) lbu     s2, 21(tp)
core   0: 3 0x80006f0e (0x01524903) x18 0x0000004c mem 0x8001e997
core   0: 0x80006f12 (0xe5920603) lb      a2, -423(tp)
core   0: 3 0x80006f12 (0xe5920603) x12 0xffffff90 mem 0x8001e7db
core   0: 0x80006f16 (0x00ad7933) and     s2, s10, a0
core   0: 3 0x80006f16 (0x00ad7933) x18 0x28490000
core   0: 0x80006f1a (0x024954b3) divu    s1, s2, tp
core   0: 3 0x80006f1a (0x024954b3) x9  0x00000000
core   0: 0x80006f1e (0x1d124983) lbu     s3, 465(tp)
core   0: 3 0x80006f1e (0x1d124983) x19 0x00000008 mem 0x8001eb53
core   0: 0x80006f22 (0x0000822d) c.srli  a2, 11
core   0: 3 0x80006f22 (0x822d) x12 0x001fffff
core   0: 0x80006f24 (0x02f1f033) remu    zero, gp, a5
core   0: 3 0x80006f24 (0x02f1f033)
core   0: 0x80006f28 (0x0196de13) srli    t3, a3, 25
core   0: 3 0x80006f28 (0x0196de13) x28 0x00000000
core   0: 0x80006f2c (0x0247f7b3) remu    a5, a5, tp
core   0: 3 0x80006f2c (0x0247f7b3) x15 0x00142f80
core   0: 0x80006f30 (0x38721c23) sh      t2, 920(tp)
core   0: 3 0x80006f30 (0x38721c23) mem 0x8001ed1a 0x0000
core   0: 0x80006f34 (0x98820d23) sb      s0, -1638(tp)
core   0: 3 0x80006f34 (0x98820d23) mem 0x8001e31c 0x47
core   0: 0x80006f38 (0x00001388) c.addi4spn a0, sp, 480
core   0: 3 0x80006f38 (0x1388) x10 0x000001e0
core   0: 0x80006f3a (0x00fbedb3) or      s11, s7, a5
core   0: 3 0x80006f3a (0x00fbedb3) x27 0xffffffff
core   0: 0x80006f3e (0x63e21b83) lh      s7, 1598(tp)
core   0: 3 0x80006f3e (0x63e21b83) x23 0x00007a7b mem 0x8001efc0
core   0: 0x80006f42 (0x8aa20783) lb      a5, -1878(tp)
core   0: 3 0x80006f42 (0x8aa20783) x15 0xffffffe7 mem 0x8001e22c
core   0: 0x80006f46 (0x3c124b03) lbu     s6, 961(tp)
core   0: 3 0x80006f46 (0x3c124b03) x22 0x000000f8 mem 0x8001ed43
core   0: 0x80006f4a (0x03d47eb3) remu    t4, s0, t4
core   0: 3 0x80006f4a (0x03d47eb3) x29 0x00000005
core   0: 0x80006f4e (0xba825883) lhu     a7, -1112(tp)
core   0: 3 0x80006f4e (0xba825883) x17 0x0000e0e1 mem 0x8001e52a
core   0: 0x80006f52 (0xfe820523) sb      s0, -22(tp)
core   0: 3 0x80006f52 (0xfe820523) mem 0x8001e96c 0x47
core   0: 0x80006f56 (0x03c69b33) mulh    s6, a3, t3
core   0: 3 0x80006f56 (0x03c69b33) x22 0x00000000
core   0: 0x80006f5a (0xa5821183) lh      gp, -1448(tp)
core   0: 3 0x80006f5a (0xa5821183) x3  0xffff9091 mem 0x8001e3da
core   0: 0x80006f5e (0x83220ca3) sb      s2, -1991(tp)
core   0: 3 0x80006f5e (0x83220ca3) mem 0x8001e1bb 0x00
core   0: 0x80006f62 (0x0200d8b3) divu    a7, ra, zero
core   0: 3 0x80006f62 (0x0200d8b3) x17 0xffffffff
core   0: 0x80006f66 (0x1cc77493) andi    s1, a4, 460
core   0: 3 0x80006f66 (0x1cc77493) x9  0x00000000
core   0: 0x80006f6a (0xd8720fa3) sb      t2, -609(tp)
core   0: 3 0x80006f6a (0xd8720fa3) mem 0x8001e721 0x00
core   0: 0x80006f6e (0x008bfdb3) and     s11, s7, s0
core   0: 3 0x80006f6e (0x008bfdb3) x27 0x00000043
core   0: 0x80006f72 (0x010b2ab3) slt     s5, s6, a6
core   0: 3 0x80006f72 (0x010b2ab3) x21 0x00000000
core   0: 0x80006f76 (0x00006b9d) c.lui   s7, 0x7
core   0: 3 0x80006f76 (0x6b9d) x23 0x00007000
core   0: 0x80006f78 (0x00006f99) c.lui   t6, 0x6
core   0: 3 0x80006f78 (0x6f99) x31 0x00006000
core   0: 0x80006f7a (0x10a25d03) lhu     s10, 266(tp)
core   0: 3 0x80006f7a (0x10a25d03) x26 0x00004647 mem 0x8001ea8c
core   0: 0x80006f7e (0x018876b3) and     a3, a6, s8
core   0: 3 0x80006f7e (0x018876b3) x13 0xac717e84
core   0: 0x80006f82 (0x29c24683) lbu     a3, 668(tp)
core   0: 3 0x80006f82 (0x29c24683) x13 0x000000d5 mem 0x8001ec1e
core   0: 0x80006f86 (0x79e204a3) sb      t5, 1929(tp)
core   0: 3 0x80006f86 (0x79e204a3) mem 0x8001f10b 0x00
core   0: 0x80006f8a (0x21f20423) sb      t6, 520(tp)
core   0: 3 0x80006f8a (0x21f20423) mem 0x8001eb8a 0x00
core   0: 0x80006f8e (0x00000606) c.slli  a2, 1
core   0: 3 0x80006f8e (0x0606) x12 0x003ffffe
core   0: 0x80006f90 (0x4177d013) srai    zero, a5, 23
core   0: 3 0x80006f90 (0x4177d013)
core   0: 0x80006f94 (0x00009afd) c.andi  a3, -1
core   0: 3 0x80006f94 (0x9afd) x13 0x000000d5
core   0: 0x80006f96 (0x02e0a233) mulhsu  tp, ra, a4
core   0: 3 0x80006f96 (0x02e0a233) x4  0xffffffff
core   0: 0x80006f9a (0x00006115) c.addi16sp sp, 288
core   0: 3 0x80006f9a (0x6115) x2  0x00000120
core   0: 0x80006f9c (0x03484763) blt     a6, s4, pc + 46
core   0: 3 0x80006f9c (0x03484763)
core   0: 0x80006fca (0x00008fa9) c.xor   a5, a0
core   0: 3 0x80006fca (0x8fa9) x15 0xfffffe07
core   0: 0x80006fcc (0xbb717493) andi    s1, sp, -1097
core   0: 3 0x80006fcc (0xbb717493) x9  0x00000120
core   0: 0x80006fd0 (0x00008561) c.srai  a0, 24
core   0: 3 0x80006fd0 (0x8561) x10 0x00000000
core   0: 0x80006fd2 (0x0176f2b3) and     t0, a3, s7
core   0: 3 0x80006fd2 (0x0176f2b3) x5  0x00000000
core   0: 0x80006fd6 (0x0127e233) or      tp, a5, s2
core   0: 3 0x80006fd6 (0x0127e233) x4  0xfffffe07
core   0: 0x80006fda (0x4076d613) srai    a2, a3, 7
core   0: 3 0x80006fda (0x4076d613) x12 0x00000001
core   0: 0x80006fde (0x843c3813) sltiu   a6, s8, -1981
core   0: 3 0x80006fde (0x843c3813) x16 0x00000000
core   0: 0x80006fe2 (0x00008d61) c.and   a0, s0
core   0: 3 0x80006fe2 (0x8d61) x10 0x00000000
core   0: 0x80006fe4 (0x00008fb6) c.mv    t6, a3
core   0: 3 0x80006fe4 (0x8fb6) x31 0x000000d5
core   0: 0x80006fe6 (0x00000001) c.nop
core   0: 3 0x80006fe6 (0x0001)
core   0: 0x80006fe8 (0xcd0f8093) addi    ra, t6, -816
core   0: 3 0x80006fe8 (0xcd0f8093) x1  0xfffffda5
core   0: 0x80006fec (0x03cb6063) bltu    s6, t3, pc + 32
core   0: 3 0x80006fec (0x03cb6063)
core   0: 0x80006ff0 (0x00000001) c.nop
core   0: 3 0x80006ff0 (0x0001)
core   0: 0x80006ff2 (0x00008cd1) c.or    s1, a2
core   0: 3 0x80006ff2 (0x8cd1) x9  0x00000121
core   0: 0x80006ff4 (0x00008c8d) c.sub   s1, a1
core   0: 3 0x80006ff4 (0x8c8d) x9  0x7ffd643d
core   0: 0x80006ff6 (0x00009a7d) c.andi  a2, -1
core   0: 3 0x80006ff6 (0x9a7d) x12 0x00000001
core   0: 0x80006ff8 (0x02893733) mulhu   a4, s2, s0
core   0: 3 0x80006ff8 (0x02893733) x14 0x0000000b
core   0: 0x80006ffc (0x00bf6ab3) or      s5, t5, a1
core   0: 3 0x80006ffc (0x00bf6ab3) x21 0x8002bce4
core   0: 0x80007000 (0x0000c829) c.beqz  s0, pc + 82
core   0: 3 0x80007000 (0xc829)
core   0: 0x80007002 (0x03985d33) divu    s10, a6, s9
core   0: 3 0x80007002 (0x03985d33) x26 0x00000000
core   0: 0x80007006 (0x01114eb3) xor     t4, sp, a7
core   0: 3 0x80007006 (0x01114eb3) x29 0xfffffedf
core   0: 0x8000700a (0x0000717d) c.addi16sp sp, -16
core   0: 3 0x8000700a (0x717d) x2  0x00000110
core   0: 0x8000700c (0x05ef8a63) beq     t6, t5, pc + 84
core   0: 3 0x8000700c (0x05ef8a63)
core   0: 0x80007010 (0x409e83b3) sub     t2, t4, s1
core   0: 3 0x80007010 (0x409e83b3) x7  0x80029aa2
core   0: 0x80007014 (0x0000ac17) auipc   s8, 0xa
core   0: 3 0x80007014 (0x0000ac17) x24 0x80011014
core   0: 0x80007018 (0x9cac0c13) addi    s8, s8, -1590
core   0: 3 0x80007018 (0x9cac0c13) x24 0x800109de
core   0: 0x8000701c (0x0139bb33) sltu    s6, s3, s3
core   0: 3 0x8000701c (0x0139bb33) x22 0x00000000
core   0: 0x80007020 (0x0d1c2523) sw      a7, 202(s8)
core   0: 3 0x80007020 (0x0d1c2523) mem 0x80010aa8 0xffffffff
core   0: 0x80007024 (0xf70c01a3) sb      a6, -157(s8)
core   0: 3 0x80007024 (0xf70c01a3) mem 0x80010941 0x00
core   0: 0x80007028 (0xf63c4483) lbu     s1, -157(s8)
core   0: 3 0x80007028 (0xf63c4483) x9  0x00000000 mem 0x80010941
core   0: 0x8000702c (0xf63c01a3) sb      gp, -157(s8)
core   0: 3 0x8000702c (0xf63c01a3) mem 0x80010941 0x91
core   0: 0x80007030 (0xf5ac0d83) lb      s11, -166(s8)
core   0: 3 0x80007030 (0xf5ac0d83) x27 0xfffffff3 mem 0x80010938
core   0: 0x80007034 (0x03f1f1b3) remu    gp, gp, t6
core   0: 3 0x80007034 (0x03f1f1b3) x3  0x000000a6
core   0: 0x80007038 (0xf59c4883) lbu     a7, -167(s8)
core   0: 3 0x80007038 (0xf59c4883) x17 0x000000ec mem 0x80010937
core   0: 0x8000703c (0x01fc0683) lb      a3, 31(s8)
core   0: 3 0x8000703c (0x01fc0683) x13 0xffffffb6 mem 0x800109fd
core   0: 0x80007040 (0x01fc4b83) lbu     s7, 31(s8)
core   0: 3 0x80007040 (0x01fc4b83) x23 0x000000b6 mem 0x800109fd
core   0: 0x80007044 (0xfbdc0423) sb      t4, -88(s8)
core   0: 3 0x80007044 (0xfbdc0423) mem 0x80010986 0xdf
core   0: 0x80007048 (0xfb9c1423) sh      s9, -88(s8)
core   0: 3 0x80007048 (0xfb9c1423) mem 0x80010986 0x000f
core   0: 0x8000704c (0xfa8c4903) lbu     s2, -88(s8)
core   0: 3 0x8000704c (0xfa8c4903) x18 0x0000000f mem 0x80010986
core   0: 0x80007050 (0x000062b5) c.lui   t0, 0xd
core   0: 3 0x80007050 (0x62b5) x5  0x0000d000
core   0: 0x80007052 (0x02bd57b3) divu    a5, s10, a1
core   0: 3 0x80007052 (0x02bd57b3) x15 0x00000000
core   0: 0x80007056 (0x00000001) c.nop
core   0: 3 0x80007056 (0x0001)
core   0: 0x80007058 (0x013cf733) and     a4, s9, s3
core   0: 3 0x80007058 (0x013cf733) x14 0x00000008
core   0: 0x8000705c (0x03b1f0b3) remu    ra, gp, s11
core   0: 3 0x8000705c (0x03b1f0b3) x1  0x000000a6
core   0: 0x80007060 (0x00d99633) sll     a2, s3, a3
core   0: 3 0x80007060 (0x00d99633) x12 0x02000000
core   0: 0x80007064 (0x00008c09) c.sub   s0, a0
core   0: 3 0x80007064 (0x8c09) x8  0x00000047
core   0: 0x80007066 (0x008b6d33) or      s10, s6, s0
core   0: 3 0x80007066 (0x008b6d33) x26 0x00000047
core   0: 0x8000706a (0x00000001) c.nop
core   0: 3 0x8000706a (0x0001)
core   0: 0x8000706c (0x00009fa2) c.add   t6, s0
core   0: 3 0x8000706c (0x9fa2) x31 0x0000011c
core   0: 0x8000706e (0xd7088f13) addi    t5, a7, -656
core   0: 3 0x8000706e (0xd7088f13) x30 0xfffffe5c
core   0: 0x80007072 (0x029500b3) mul     ra, a0, s1
core   0: 3 0x80007072 (0x029500b3) x1  0x00000000
core   0: 0x80007076 (0x03ab5463) bge     s6, s10, pc + 40
core   0: 3 0x80007076 (0x03ab5463)
core   0: 0x8000707a (0x5fb8ef13) ori     t5, a7, 1531
core   0: 3 0x8000707a (0x5fb8ef13) x30 0x000005ff
core   0: 0x8000707e (0x00000001) c.nop
core   0: 3 0x8000707e (0x0001)
core   0: 0x80007080 (0x000083cd) c.srli  a5, 19
core   0: 3 0x80007080 (0x83cd) x15 0x00000000
core   0: 0x80007082 (0x00116e63) bltu    sp, ra, pc + 28
core   0: 3 0x80007082 (0x00116e63)
core   0: 0x80007086 (0x03ddd6b3) divu    a3, s11, t4
core   0: 3 0x80007086 (0x03ddd6b3) x13 0x00000001
core   0: 0x8000708a (0x009e9133) sll     sp, t4, s1
core   0: 3 0x8000708a (0x009e9133) x2  0xfffffedf
core   0: 0x8000708e (0x40815033) sra     zero, sp, s0
core   0: 3 0x8000708e (0x40815033)
core   0: 0x80007092 (0x402ad893) srai    a7, s5, 2
core   0: 3 0x80007092 (0x402ad893) x17 0xe000af39
core   0: 0x80007096 (0x00672133) slt     sp, a4, t1
core   0: 3 0x80007096 (0x00672133) x2  0x00000000
core   0: 0x8000709a (0x01541a33) sll     s4, s0, s5
core   0: 3 0x8000709a (0x01541a33) x20 0x00000470
core   0: 0x8000709e (0x4171dd13) srai    s10, gp, 23
core   0: 3 0x8000709e (0x4171dd13) x26 0x00000000
core   0: 0x800070a2 (0x00fe6233) or      tp, t3, a5
core   0: 3 0x800070a2 (0x00fe6233) x4  0x00000000
core   0: 0x800070a6 (0x03410c33) mul     s8, sp, s4
core   0: 3 0x800070a6 (0x03410c33) x24 0x00000000
core   0: 0x800070aa (0x02370933) mul     s2, a4, gp
core   0: 3 0x800070aa (0x02370933) x18 0x00000530
core   0: 0x800070ae (0x03284f33) div     t5, a6, s2
core   0: 3 0x800070ae (0x03284f33) x30 0x00000000
core   0: 0x800070b2 (0x840ccb37) lui     s6, 0x840cc
core   0: 3 0x800070b2 (0x840ccb37) x22 0x840cc000
core   0: 0x800070b6 (0x000006a6) c.slli  a3, 9
core   0: 3 0x800070b6 (0x06a6) x13 0x00000200
core   0: 0x800070b8 (0x03830db3) mul     s11, t1, s8
core   0: 3 0x800070b8 (0x03830db3) x27 0x00000000
core   0: 0x800070bc (0x000051fd) c.li    gp, -1
core   0: 3 0x800070bc (0x51fd) x3  0xffffffff
core   0: 0x800070be (0x00008d35) c.xor   a0, a3
core   0: 3 0x800070be (0x8d35) x10 0x00000200
core   0: 0x800070c0 (0x872bf897) auipc   a7, 0x872bf
core   0: 3 0x800070c0 (0x872bf897) x17 0x072c60c0
core   0: 0x800070c4 (0x225e3793) sltiu   a5, t3, 549
core   0: 3 0x800070c4 (0x225e3793) x15 0x00000001
core   0: 0x800070c8 (0x015f2bb3) slt     s7, t5, s5
core   0: 3 0x800070c8 (0x015f2bb3) x23 0x00000000
core   0: 0x800070cc (0x02843c33) mulhu   s8, s0, s0
core   0: 3 0x800070cc (0x02843c33) x24 0x00000000
core   0: 0x800070d0 (0x00006895) c.lui   a7, 0x5
core   0: 3 0x800070d0 (0x6895) x17 0x00005000
core   0: 0x800070d2 (0x00008e55) c.or    a2, a3
core   0: 3 0x800070d2 (0x8e55) x12 0x02000200
core   0: 0x800070d4 (0x00bfb133) sltu    sp, t6, a1
core   0: 3 0x800070d4 (0x00bfb133) x2  0x00000001
core   0: 0x800070d8 (0x0000c119) c.beqz  a0, pc + 6
core   0: 3 0x800070d8 (0xc119)
core   0: 0x800070da (0x01e38963) beq     t2, t5, pc + 18
core   0: 3 0x800070da (0x01e38963)
core   0: 0x800070de (0x5a1f6db7) lui     s11, 0x5a1f6
core   0: 3 0x800070de (0x5a1f6db7) x27 0x5a1f6000
core   0: 0x800070e2 (0x00008e6d) c.and   a2, a1
core   0: 3 0x800070e2 (0x8e6d) x12 0x00000000
core   0: 0x800070e4 (0x03371763) bne     a4, s3, pc + 46
core   0: 3 0x800070e4 (0x03371763)
core   0: 0x800070e8 (0x03321e63) bne     tp, s3, pc + 60
core   0: 3 0x800070e8 (0x03321e63)
core   0: 0x80007124 (0x0000987d) c.andi  s0, -1
core   0: 3 0x80007124 (0x987d) x8  0x00000047
core   0: 0x80007126 (0x01feaab3) slt     s5, t4, t6
core   0: 3 0x80007126 (0x01feaab3) x21 0x00000001
core   0: 0x8000712a (0x518c8d93) addi    s11, s9, 1304
core   0: 3 0x8000712a (0x518c8d93) x27 0x00000527
core   0: 0x8000712e (0x006261b3) or      gp, tp, t1
core   0: 3 0x8000712e (0x006261b3) x3  0x80025e64
core   0: 0x80007132 (0x40ba0ab3) sub     s5, s4, a1
core   0: 3 0x80007132 (0x40ba0ab3) x21 0x7ffd678c
core   0: 0x80007136 (0x03229d63) bne     t0, s2, pc + 58
core   0: 3 0x80007136 (0x03229d63)
core   0: 0x80007170 (0x00000001) c.nop
core   0: 3 0x80007170 (0x0001)
core   0: 0x80007172 (0x01fcc133) xor     sp, s9, t6
core   0: 3 0x80007172 (0x01fcc133) x2  0x00000113
core   0: 0x80007176 (0x00000001) c.nop
core   0: 3 0x80007176 (0x0001)
core   0: 0x80007178 (0x01adc3b3) xor     t2, s11, s10
core   0: 3 0x80007178 (0x01adc3b3) x7  0x00000527
core   0: 0x8000717c (0x008e1493) slli    s1, t3, 8
core   0: 3 0x8000717c (0x008e1493) x9  0x00000000
core   0: 0x80007180 (0x03eee063) bltu    t4, t5, pc + 32
core   0: 3 0x80007180 (0x03eee063)
core   0: 0x80007184 (0x00631733) sll     a4, t1, t1
core   0: 3 0x80007184 (0x00631733) x14 0x0025e640
core   0: 0x80007188 (0x028d8eb3) mul     t4, s11, s0
core   0: 3 0x80007188 (0x028d8eb3) x29 0x00016dd1
core   0: 0x8000718c (0x01da0a63) beq     s4, t4, pc + 20
core   0: 3 0x8000718c (0x01da0a63)
core   0: 0x80007190 (0x02738233) mul     tp, t2, t2
core   0: 3 0x80007190 (0x02738233) x4  0x001a8bf1
core   0: 0x80007194 (0x530c0f93) addi    t6, s8, 1328
core   0: 3 0x80007194 (0x530c0f93) x31 0x00000530
core   0: 0x80007198 (0x00325a93) srli    s5, tp, 3
core   0: 3 0x80007198 (0x00325a93) x21 0x0003517e
core   0: 0x8000719c (0xa3dc6913) ori     s2, s8, -1475
core   0: 3 0x8000719c (0xa3dc6913) x18 0xfffffa3d
core   0: 0x800071a0 (0x0000c40d) c.beqz  s0, pc + 42
core   0: 3 0x800071a0 (0xc40d)
core   0: 0x800071a2 (0x0168e263) bltu    a7, s6, pc + 4
core   0: 3 0x800071a2 (0x0168e263)
core   0: 0x800071a6 (0x02ae9363) bne     t4, a0, pc + 38
core   0: 3 0x800071a6 (0x02ae9363)
core   0: 0x800071cc (0x000083c1) c.srli  a5, 16
core   0: 3 0x800071cc (0x83c1) x15 0x00000000
core   0: 0x800071ce (0x00009a7d) c.andi  a2, -1
core   0: 3 0x800071ce (0x9a7d) x12 0x00000000
core   0: 0x800071d0 (0x00004575) c.li    a0, 29
core   0: 3 0x800071d0 (0x4575) x10 0x0000001d
core   0: 0x800071d2 (0x416cd793) srai    a5, s9, 22
core   0: 3 0x800071d2 (0x416cd793) x15 0x00000000
core   0: 0x800071d6 (0x00009a0e) c.add   s4, gp
core   0: 3 0x800071d6 (0x9a0e) x20 0x800262d4
core   0: 0x800071d8 (0x413681b3) sub     gp, a3, s3
core   0: 3 0x800071d8 (0x413681b3) x3  0x000001f8
core   0: 0x800071dc (0x1c1f0493) addi    s1, t5, 449
core   0: 3 0x800071dc (0x1c1f0493) x9  0x000001c1
core   0: 0x800071e0 (0x3eea2b17) auipc   s6, 0x3eea2
core   0: 3 0x800071e0 (0x3eea2b17) x22 0xbeea91e0
core   0: 0x800071e4 (0x40abd893) srai    a7, s7, 10
core   0: 3 0x800071e4 (0x40abd893) x17 0x00000000
core   0: 0x800071e8 (0x01ff36b3) sltu    a3, t5, t6
core   0: 3 0x800071e8 (0x01ff36b3) x13 0x00000001
core   0: 0x800071ec (0x013f67b3) or      a5, t5, s3
core   0: 3 0x800071ec (0x013f67b3) x15 0x00000008
core   0: 0x800071f0 (0x00008d0d) c.sub   a0, a1
core   0: 3 0x800071f0 (0x8d0d) x10 0x7ffd6339
core   0: 0x800071f2 (0xb7eb2113) slti    sp, s6, -1154
core   0: 3 0x800071f2 (0xb7eb2113) x2  0x00000001
core   0: 0x800071f6 (0x00008d19) c.sub   a0, a4
core   0: 3 0x800071f6 (0x8d19) x10 0x7fd77cf9
core   0: 0x800071f8 (0x00008836) c.mv    a6, a3
core   0: 3 0x800071f8 (0x8836) x16 0x00000001
core   0: 0x800071fa (0x02d390b3) mulh    ra, t2, a3
core   0: 3 0x800071fa (0x02d390b3) x1  0x00000000
core   0: 0x800071fe (0x02374563) blt     a4, gp, pc + 42
core   0: 3 0x800071fe (0x02374563)
core   0: 0x80007202 (0x38636e13) ori     t3, t1, 902
core   0: 3 0x80007202 (0x38636e13) x28 0x80025fe6
core   0: 0x80007206 (0x00008ff1) c.and   a5, a2
core   0: 3 0x80007206 (0x8ff1) x15 0x00000000
core   0: 0x80007208 (0x00009bf6) c.add   s7, t4
core   0: 3 0x80007208 (0x9bf6) x23 0x00016dd1
core   0: 0x8000720a (0x03664163) blt     a2, s6, pc + 34
core   0: 3 0x8000720a (0x03664163)
core   0: 0x8000720e (0x00008c99) c.sub   s1, a4
core   0: 3 0x8000720e (0x8c99) x9  0xffda1b81
core   0: 0x80007210 (0x0000982e) c.add   a6, a1
core   0: 3 0x80007210 (0x982e) x16 0x80029ce5
core   0: 0x80007212 (0x03e0bf33) mulhu   t5, ra, t5
core   0: 3 0x80007212 (0x03e0bf33) x30 0x00000000
core   0: 0x80007216 (0xe3c487b7) lui     a5, 0xe3c48
core   0: 3 0x80007216 (0xe3c487b7) x15 0xe3c48000
core   0: 0x8000721a (0x00008cb1) c.xor   s1, a2
core   0: 3 0x8000721a (0x8cb1) x9  0xffda1b81
core   0: 0x8000721c (0x40d782b3) sub     t0, a5, a3
core   0: 3 0x8000721c (0x40d782b3) x5  0xe3c47fff
core   0: 0x80007220 (0x01574763) blt     a4, s5, pc + 14
core   0: 3 0x80007220 (0x01574763)
core   0: 0x80007224 (0x944cfa93) andi    s5, s9, -1724
core   0: 3 0x80007224 (0x944cfa93) x21 0x00000004
core   0: 0x80007228 (0x0327efb3) rem     t6, a5, s2
core   0: 3 0x80007228 (0x0327efb3) x31 0xfffffdb2
core   0: 0x8000722c (0x00008225) c.srli  a2, 9
core   0: 3 0x8000722c (0x8225) x12 0x00000000
core   0: 0x8000722e (0x0143e1b3) or      gp, t2, s4
core   0: 3 0x8000722e (0x0143e1b3) x3  0x800267f7
core   0: 0x80007232 (0x00009be2) c.add   s7, s8
core   0: 3 0x80007232 (0x9be2) x23 0x00016dd1
core   0: 0x80007234 (0x0151f533) and     a0, gp, s5
core   0: 3 0x80007234 (0x0151f533) x10 0x00000004
core   0: 0x80007238 (0x0241aab3) mulhsu  s5, gp, tp
core   0: 3 0x80007238 (0x0241aab3) x21 0xfff2ba47
core   0: 0x8000723c (0x00008ea1) c.xor   a3, s0
core   0: 3 0x8000723c (0x8ea1) x13 0x00000046
core   0: 0x8000723e (0x00f4f3b3) and     t2, s1, a5
core   0: 3 0x8000723e (0x00f4f3b3) x7  0xe3c00000
core   0: 0x80007242 (0x00000c09) c.addi  s8, 2
core   0: 3 0x80007242 (0x0c09) x24 0x00000002
core   0: 0x80007244 (0x039f3233) mulhu   tp, t5, s9
core   0: 3 0x80007244 (0x039f3233) x4  0x00000000
core   0: 0x80007248 (0x00005ffd) c.li    t6, -1
core   0: 3 0x80007248 (0x5ffd) x31 0xffffffff
core   0: 0x8000724a (0x03450b63) beq     a0, s4, pc + 54
core   0: 3 0x8000724a (0x03450b63)
core   0: 0x8000724e (0x00008636) c.mv    a2, a3
core   0: 3 0x8000724e (0x8636) x12 0x00000046
core   0: 0x80007250 (0x00104ab3) xor     s5, zero, ra
core   0: 3 0x80007250 (0x00104ab3) x21 0x00000000
core   0: 0x80007254 (0xca788213) addi    tp, a7, -857
core   0: 3 0x80007254 (0xca788213) x4  0xfffffca7
core   0: 0x80007258 (0x00008f59) c.or    a4, a4
core   0: 3 0x80007258 (0x8f59) x14 0x0025e640
core   0: 0x8000725a (0x03940833) mul     a6, s0, s9
core   0: 3 0x8000725a (0x03940833) x16 0x00000429
core   0: 0x8000725e (0x00008c61) c.and   s0, s0
core   0: 3 0x8000725e (0x8c61) x8  0x00000047
core   0: 0x80007260 (0x01c95963) bge     s2, t3, pc + 18
core   0: 3 0x80007260 (0x01c95963)
core   0: 0x80007272 (0x00009b7d) c.andi  a4, -1
core   0: 3 0x80007272 (0x9b7d) x14 0x0025e640
core   0: 0x80007274 (0x006f17b3) sll     a5, t5, t1
core   0: 3 0x80007274 (0x006f17b3) x15 0x00000000
core   0: 0x80007278 (0x00008f01) c.sub   a4, s0
core   0: 3 0x80007278 (0x8f01) x14 0x0025e5f9
core   0: 0x8000727a (0x00008fd1) c.or    a5, a2
core   0: 3 0x8000727a (0x8fd1) x15 0x00000046
core   0: 0x8000727c (0xf748f437) lui     s0, 0xf748f
core   0: 3 0x8000727c (0xf748f437) x8  0xf748f000
core   0: 0x80007280 (0x0000097a) c.slli  s2, 30
core   0: 3 0x80007280 (0x097a) x18 0x40000000
core   0: 0x80007282 (0x0292d9b3) divu    s3, t0, s1
core   0: 3 0x80007282 (0x0292d9b3) x19 0x00000000
core   0: 0x80007286 (0xdba38613) addi    a2, t2, -582
core   0: 3 0x80007286 (0xdba38613) x12 0xe3bffdba
core   0: 0x8000728a (0x033dd233) divu    tp, s11, s3
core   0: 3 0x8000728a (0x033dd233) x4  0xffffffff
core   0: 0x8000728e (0x01407463) bgeu    zero, s4, pc + 8
core   0: 3 0x8000728e (0x01407463)
core   0: 0x80007292 (0x01d02c33) slt     s8, zero, t4
core   0: 3 0x80007292 (0x01d02c33) x24 0x00000001
core   0: 0x80007296 (0x00008d79) c.and   a0, a4
core   0: 3 0x80007296 (0x8d79) x10 0x00000000
core   0: 0x80007298 (0x00008cd9) c.or    s1, a4
core   0: 3 0x80007298 (0x8cd9) x9  0xfffffff9
core   0: 0x8000729a (0x028582b3) mul     t0, a1, s0
core   0: 3 0x8000729a (0x028582b3) x5  0x8f35c000
core   0: 0x8000729e (0x00001a9c) c.addi4spn a5, sp, 368
core   0: 3 0x8000729e (0x1a9c) x15 0x00000171
core   0: 0x800072a0 (0x00006649) c.lui   a2, 0x12
core   0: 3 0x800072a0 (0x6649) x12 0x00012000
core   0: 0x800072a2 (0x01a8fd63) bgeu    a7, s10, pc + 26
core   0: 3 0x800072a2 (0x01a8fd63)
core   0: 0x800072bc (0x0391f133) remu    sp, gp, s9
core   0: 3 0x800072bc (0x0391f133) x2  0x00000000
core   0: 0x800072c0 (0x00008571) c.srai  a0, 28
core   0: 3 0x800072c0 (0x8571) x10 0x00000000
core   0: 0x800072c2 (0x00008f89) c.sub   a5, a0
core   0: 3 0x800072c2 (0x8f89) x15 0x00000171
core   0: 0x800072c4 (0x13a7ab93) slti    s7, a5, 314
core   0: 3 0x800072c4 (0x13a7ab93) x23 0x00000000
core   0: 0x800072c8 (0x03177263) bgeu    a4, a7, pc + 36
core   0: 3 0x800072c8 (0x03177263)
core   0: 0x800072ec (0x0000841d) c.srai  s0, 7
core   0: 3 0x800072ec (0x841d) x8  0xffee91e0
core   0: 0x800072ee (0x03c86133) rem     sp, a6, t3
core   0: 3 0x800072ee (0x03c86133) x2  0x00000429
core   0: 0x800072f2 (0x00765b63) bge     a2, t2, pc + 22
core   0: 3 0x800072f2 (0x00765b63)
core   0: 0x80007308 (0x000083b5) c.srli  a5, 13
core   0: 3 0x80007308 (0x83b5) x15 0x00000000
core   0: 0x8000730a (0xa6680a93) addi    s5, a6, -1434
core   0: 3 0x8000730a (0xa6680a93) x21 0xfffffe8f
core   0: 0x8000730e (0x0000083a) c.slli  a6, 14
core   0: 3 0x8000730e (0x083a) x16 0x010a4000
core   0: 0x80007310 (0x035b5663) bge     s6, s5, pc + 44
core   0: 3 0x80007310 (0x035b5663)
core   0: 0x80007314 (0x005328b3) slt     a7, t1, t0
core   0: 3 0x80007314 (0x005328b3) x17 0x00000001
core   0: 0x80007318 (0x00001efd) c.addi  t4, -1
core   0: 3 0x80007318 (0x1efd) x29 0x00016dd0
core   0: 0x8000731a (0x1a1ac637) lui     a2, 0x1a1ac
core   0: 3 0x8000731a (0x1a1ac637) x12 0x1a1ac000
core   0: 0x8000731e (0x40c3deb3) sra     t4, t2, a2
core   0: 3 0x8000731e (0x40c3deb3) x29 0xe3c00000
core   0: 0x80007322 (0x00008369) c.srli  a4, 26
core   0: 3 0x80007322 (0x8369) x14 0x00000000
core   0: 0x80007324 (0x03214c33) div     s8, sp, s2
core   0: 3 0x80007324 (0x03214c33) x24 0x00000000
core   0: 0x80007328 (0xd8a04513) xori    a0, zero, -630
core   0: 3 0x80007328 (0xd8a04513) x10 0xfffffd8a
core   0: 0x8000732c (0x3524c993) xori    s3, s1, 850
core   0: 3 0x8000732c (0x3524c993) x19 0xfffffcab
core   0: 0x80007330 (0x000001e2) c.slli  gp, 24
core   0: 3 0x80007330 (0x01e2) x3  0xf7000000
core   0: 0x80007332 (0x000058fd) c.li    a7, -1
core   0: 3 0x80007332 (0x58fd) x17 0xffffffff
core   0: 0x80007334 (0x00000c66) c.slli  s8, 25
core   0: 3 0x80007334 (0x0c66) x24 0x00000000
core   0: 0x80007336 (0x01f6e6b3) or      a3, a3, t6
core   0: 3 0x80007336 (0x01f6e6b3) x13 0xffffffff
core   0: 0x8000733a (0x00008615) c.srai  a2, 5
core   0: 3 0x8000733a (0x8615) x12 0x00d0d600
core   0: 0x8000733c (0x00009236) c.add   tp, a3
core   0: 3 0x8000733c (0x9236) x4  0xfffffffe
core   0: 0x8000733e (0x00336f63) bltu    t1, gp, pc + 30
core   0: 3 0x8000733e (0x00336f63)
core   0: 0x8000735c (0x00009696) c.add   a3, t0
core   0: 3 0x8000735c (0x9696) x13 0x8f35bfff
core   0: 0x8000735e (0x007d2213) slti    tp, s10, 7
core   0: 3 0x8000735e (0x007d2213) x4  0x00000001
core   0: 0x80007362 (0x03107563) bgeu    zero, a7, pc + 42
core   0: 3 0x80007362 (0x03107563)
core   0: 0x80007366 (0x41ce5213) srai    tp, t3, 28
core   0: 3 0x80007366 (0x41ce5213) x4  0xfffffff8
core   0: 0x8000736a (0x000049b1) c.li    s3, 12
core   0: 3 0x8000736a (0x49b1) x19 0x0000000c
core   0: 0x8000736c (0x027902b3) mul     t0, s2, t2
core   0: 3 0x8000736c (0x027902b3) x5  0x00000000
core   0: 0x80007370 (0x00000001) c.nop
core   0: 3 0x80007370 (0x0001)
core   0: 0x80007372 (0x0132c033) xor     zero, t0, s3
core   0: 3 0x80007372 (0x0132c033)
core   0: 0x80007376 (0x0000c41d) c.beqz  s0, pc + 46
core   0: 3 0x80007376 (0xc41d)
core   0: 0x80007378 (0x0000063e) c.slli  a2, 15
core   0: 3 0x80007378 (0x063e) x12 0x6b000000
core   0: 0x8000737a (0x6ca88697) auipc   a3, 0x6ca88
core   0: 3 0x8000737a (0x6ca88697) x13 0xeca8f37a
core   0: 0x8000737e (0x01505433) srl     s0, zero, s5
core   0: 3 0x8000737e (0x01505433) x8  0x00000000
core   0: 0x80007382 (0x006d8263) beq     s11, t1, pc + 4
core   0: 3 0x80007382 (0x006d8263)
core   0: 0x80007386 (0x03063db3) mulhu   s11, a2, a6
core   0: 3 0x80007386 (0x03063db3) x27 0x006f48c0
core   0: 0x8000738a (0x00008f85) c.sub   a5, s1
core   0: 3 0x8000738a (0x8f85) x15 0x00000007
core   0: 0x8000738c (0x0000c901) c.beqz  a0, pc + 16
core   0: 3 0x8000738c (0xc901)
core   0: 0x8000738e (0x008ef763) bgeu    t4, s0, pc + 14
core   0: 3 0x8000738e (0x008ef763)
core   0: 0x8000739c (0x004601b3) add     gp, a2, tp
core   0: 3 0x8000739c (0x004601b3) x3  0x6afffff8
core   0: 0x800073a0 (0x0418d263) bge     a7, ra, pc + 68
core   0: 3 0x800073a0 (0x0418d263)
core   0: 0x800073a4 (0x032c2133) mulhsu  sp, s8, s2
core   0: 3 0x800073a4 (0x032c2133) x2  0x00000000
core   0: 0x800073a8 (0x03fe23b3) mulhsu  t2, t3, t6
core   0: 3 0x800073a8 (0x03fe23b3) x7  0x80025fe6
core   0: 0x800073ac (0x40cc0533) sub     a0, s8, a2
core   0: 3 0x800073ac (0x40cc0533) x10 0x95000000
core   0: 0x800073b0 (0x00279b63) bne     a5, sp, pc + 22
core   0: 3 0x800073b0 (0x00279b63)
core   0: 0x800073c6 (0x00000001) c.nop
core   0: 3 0x800073c6 (0x0001)
core   0: 0x800073c8 (0x01e21663) bne     tp, t5, pc + 12
core   0: 3 0x800073c8 (0x01e21663)
core   0: 0x800073d4 (0x02680d63) beq     a6, t1, pc + 58
core   0: 3 0x800073d4 (0x02680d63)
core   0: 0x800073d8 (0x0000670d) c.lui   a4, 0x3
core   0: 3 0x800073d8 (0x670d) x14 0x00003000
core   0: 0x800073da (0x038f4633) div     a2, t5, s8
core   0: 3 0x800073da (0x038f4633) x12 0xffffffff
core   0: 0x800073de (0x000000ae) c.slli  ra, 11
core   0: 3 0x800073de (0x00ae) x1  0x00000000
core   0: 0x800073e0 (0x022d23b3) mulhsu  t2, s10, sp
core   0: 3 0x800073e0 (0x022d23b3) x7  0x00000000
core   0: 0x800073e4 (0x025507b3) mul     a5, a0, t0
core   0: 3 0x800073e4 (0x025507b3) x15 0x00000000
core   0: 0x800073e8 (0x03910233) mul     tp, sp, s9
core   0: 3 0x800073e8 (0x03910233) x4  0x00000000
core   0: 0x800073ec (0x01e16e63) bltu    sp, t5, pc + 28
core   0: 3 0x800073ec (0x01e16e63)
core   0: 0x800073f0 (0x0000eb8d) c.bnez  a5, pc + 50
core   0: 3 0x800073f0 (0xeb8d)
core   0: 0x800073f2 (0x000003d6) c.slli  t2, 21
core   0: 3 0x800073f2 (0x03d6) x7  0x00000000
core   0: 0x800073f4 (0x2f59e213) ori     tp, s3, 757
core   0: 3 0x800073f4 (0x2f59e213) x4  0x000002fd
core   0: 0x800073f8 (0x00006ae1) c.lui   s5, 0x18
core   0: 3 0x800073f8 (0x6ae1) x21 0x00018000
core   0: 0x800073fa (0x0329d963) bge     s3, s2, pc + 50
core   0: 3 0x800073fa (0x0329d963)
core   0: 0x800073fe (0x02705f33) divu    t5, zero, t2
core   0: 3 0x800073fe (0x02705f33) x30 0xffffffff
core   0: 0x80007402 (0x00000ac2) c.slli  s5, 16
core   0: 3 0x80007402 (0x0ac2) x21 0x80000000
core   0: 0x80007404 (0x02c16933) rem     s2, sp, a2
core   0: 3 0x80007404 (0x02c16933) x18 0x00000000
core   0: 0x80007408 (0x006cd513) srli    a0, s9, 6
core   0: 3 0x80007408 (0x006cd513) x10 0x00000000
core   0: 0x8000740c (0x00006179) c.addi16sp sp, 464
core   0: 3 0x8000740c (0x6179) x2  0x000001d0
core   0: 0x8000740e (0x02244f33) div     t5, s0, sp
core   0: 3 0x8000740e (0x02244f33) x30 0x00000000
core   0: 0x80007412 (0x02356133) rem     sp, a0, gp
core   0: 3 0x80007412 (0x02356133) x2  0x00000000
core   0: 0x80007416 (0x00000001) c.nop
core   0: 3 0x80007416 (0x0001)
core   0: 0x80007418 (0x0000e489) c.bnez  s1, pc + 10
core   0: 3 0x80007418 (0xe489)
core   0: 0x80007422 (0x00a3b7b3) sltu    a5, t2, a0
core   0: 3 0x80007422 (0x00a3b7b3) x15 0x00000000
core   0: 0x80007426 (0x00c7c6b3) xor     a3, a5, a2
core   0: 3 0x80007426 (0x00c7c6b3) x13 0xffffffff
core   0: 0x8000742a (0x000086d9) c.srai  a3, 22
core   0: 3 0x8000742a (0x86d9) x13 0xffffffff
core   0: 0x8000742c (0x00008e69) c.and   a2, a0
core   0: 3 0x8000742c (0x8e69) x12 0x00000000
core   0: 0x8000742e (0x0000527d) c.li    tp, -1
core   0: 3 0x8000742e (0x527d) x4  0xffffffff
core   0: 0x80007430 (0x0000887e) c.mv    a6, t6
core   0: 3 0x80007430 (0x887e) x16 0xffffffff
core   0: 0x80007432 (0x0234bbb3) mulhu   s7, s1, gp
core   0: 3 0x80007432 (0x0234bbb3) x23 0x6afffff5
core   0: 0x80007436 (0x00008fb9) c.xor   a5, a4
core   0: 3 0x80007436 (0x8fb9) x15 0x00003000
core   0: 0x80007438 (0x0000c809) c.beqz  s0, pc + 18
core   0: 3 0x80007438 (0xc809)
core   0: 0x8000744a (0x00000310) c.addi4spn a2, sp, 384
core   0: 3 0x8000744a (0x0310) x12 0x00000180
core   0: 0x8000744c (0x0000847a) c.mv    s0, t5
core   0: 3 0x8000744c (0x847a) x8  0x00000000
core   0: 0x8000744e (0x007d9f33) sll     t5, s11, t2
core   0: 3 0x8000744e (0x007d9f33) x30 0x006f48c0
core   0: 0x80007452 (0x0000e109) c.bnez  a0, pc + 2
core   0: 3 0x80007452 (0xe109)
core   0: 0x80007454 (0xa2cdf413) andi    s0, s11, -1492
core   0: 3 0x80007454 (0xa2cdf413) x8  0x006f4800
core   0: 0x80007458 (0x00000d89) c.addi  s11, 2
core   0: 3 0x80007458 (0x0d89) x27 0x006f48c2
core   0: 0x8000745a (0x01e44963) blt     s0, t5, pc + 18
core   0: 3 0x8000745a (0x01e44963)
core   0: 0x8000746c (0x03b93f33) mulhu   t5, s2, s11
core   0: 3 0x8000746c (0x03b93f33) x30 0x00000000
core   0: 0x80007470 (0xe8e56a13) ori     s4, a0, -370
core   0: 3 0x80007470 (0xe8e56a13) x20 0xfffffe8e
core   0: 0x80007474 (0x03a30bb3) mul     s7, t1, s10
core   0: 3 0x80007474 (0x03a30bb3) x23 0x00000000
core   0: 0x80007478 (0x484b3013) sltiu   zero, s6, 1156
core   0: 3 0x80007478 (0x484b3013)
core   0: 0x8000747c (0x005d5bb3) srl     s7, s10, t0
core   0: 3 0x8000747c (0x005d5bb3) x23 0x00000000
core   0: 0x80007480 (0x00006161) c.addi16sp sp, 80
core   0: 3 0x80007480 (0x6161) x2  0x00000050
core   0: 0x80007482 (0xc600b213) sltiu   tp, ra, -928
core   0: 3 0x80007482 (0xc600b213) x4  0x00000001
core   0: 0x80007486 (0x03099d63) bne     s3, a6, pc + 58
core   0: 3 0x80007486 (0x03099d63)
core   0: 0x800074c0 (0x00dac133) xor     sp, s5, a3
core   0: 3 0x800074c0 (0x00dac133) x2  0x7fffffff
core   0: 0x800074c4 (0x001b5713) srli    a4, s6, 1
core   0: 3 0x800074c4 (0x001b5713) x14 0x5f7548f0
core   0: 0x800074c8 (0x0000527d) c.li    tp, -1
core   0: 3 0x800074c8 (0x527d) x4  0xffffffff
core   0: 0x800074ca (0x00004b49) c.li    s6, 18
core   0: 3 0x800074ca (0x4b49) x22 0x00000012
core   0: 0x800074cc (0x02f50663) beq     a0, a5, pc + 44
core   0: 3 0x800074cc (0x02f50663)
core   0: 0x800074d0 (0x000007b2) c.slli  a5, 12
core   0: 3 0x800074d0 (0x07b2) x15 0x03000000
core   0: 0x800074d2 (0x00c27d63) bgeu    tp, a2, pc + 26
core   0: 3 0x800074d2 (0x00c27d63)
core   0: 0x800074ec (0x0000079c) c.addi4spn a5, sp, 960
core   0: 3 0x800074ec (0x079c) x15 0x800003bf
core   0: 0x800074ee (0x4186d013) srai    zero, a3, 24
core   0: 3 0x800074ee (0x4186d013)
core   0: 0x800074f2 (0x00009216) c.add   tp, t0
core   0: 3 0x800074f2 (0x9216) x4  0xffffffff
core   0: 0x800074f4 (0x0036b233) sltu    tp, a3, gp
core   0: 3 0x800074f4 (0x0036b233) x4  0x00000000
core   0: 0x800074f8 (0x01edd493) srli    s1, s11, 30
core   0: 3 0x800074f8 (0x01edd493) x9  0x00000000
core   0: 0x800074fc (0xf63db437) lui     s0, 0xf63db
core   0: 3 0x800074fc (0xf63db437) x8  0xf63db000
core   0: 0x80007500 (0xb453f893) andi    a7, t2, -1211
core   0: 3 0x80007500 (0xb453f893) x17 0x00000000
core   0: 0x80007504 (0x01fa9293) slli    t0, s5, 31
core   0: 3 0x80007504 (0x01fa9293) x5  0x00000000
core   0: 0x80007508 (0x0000567d) c.li    a2, -1
core   0: 3 0x80007508 (0x567d) x12 0xffffffff
core   0: 0x8000750a (0x00000001) c.nop
core   0: 3 0x8000750a (0x0001)
core   0: 0x8000750c (0x00008579) c.srai  a0, 30
core   0: 3 0x8000750c (0x8579) x10 0x00000000
core   0: 0x8000750e (0x72ff0993) addi    s3, t5, 1839
core   0: 3 0x8000750e (0x72ff0993) x19 0x0000072f
core   0: 0x80007512 (0x03f70963) beq     a4, t6, pc + 50
core   0: 3 0x80007512 (0x03f70963)
core   0: 0x80007516 (0x00f91133) sll     sp, s2, a5
core   0: 3 0x80007516 (0x00f91133) x2  0x00000000
core   0: 0x8000751a (0x0000927e) c.add   tp, t6
core   0: 3 0x8000751a (0x927e) x4  0xffffffff
core   0: 0x8000751c (0x40bb08b3) sub     a7, s6, a1
core   0: 3 0x8000751c (0x40bb08b3) x17 0x7ffd632e
core   0: 0x80007520 (0x0078fdb3) and     s11, a7, t2
core   0: 3 0x80007520 (0x0078fdb3) x27 0x00000000
core   0: 0x80007524 (0x0000815d) c.srli  a0, 23
core   0: 3 0x80007524 (0x815d) x10 0x00000000
core   0: 0x80007526 (0x0230f0b3) remu    ra, ra, gp
core   0: 3 0x80007526 (0x0230f0b3) x1  0x00000000
core   0: 0x8000752a (0x403d5833) sra     a6, s10, gp
core   0: 3 0x8000752a (0x403d5833) x16 0x00000000
core   0: 0x8000752e (0x02585063) bge     a6, t0, pc + 32
core   0: 3 0x8000752e (0x02585063)
core   0: 0x8000754e (0x03828933) mul     s2, t0, s8
core   0: 3 0x8000754e (0x03828933) x18 0x00000000
core   0: 0x80007552 (0xd0a08393) addi    t2, ra, -758
core   0: 3 0x80007552 (0xd0a08393) x7  0xfffffd0a
core   0: 0x80007556 (0x87b76193) ori     gp, a4, -1925
core   0: 3 0x80007556 (0x87b76193) x3  0xfffff8fb
core   0: 0x8000755a (0x028bc4b3) div     s1, s7, s0
core   0: 3 0x8000755a (0x028bc4b3) x9  0x00000000
core   0: 0x8000755e (0x00008b16) c.mv    s6, t0
core   0: 3 0x8000755e (0x8b16) x22 0x00000000
core   0: 0x80007560 (0x00008549) c.srai  a0, 18
core   0: 3 0x80007560 (0x8549) x10 0x00000000
core   0: 0x80007562 (0x40695513) srai    a0, s2, 6
core   0: 3 0x80007562 (0x40695513) x10 0x00000000
core   0: 0x80007566 (0x02176463) bltu    a4, ra, pc + 40
core   0: 3 0x80007566 (0x02176463)
core   0: 0x8000756a (0x00000001) c.nop
core   0: 3 0x8000756a (0x0001)
core   0: 0x8000756c (0x036304b3) mul     s1, t1, s6
core   0: 3 0x8000756c (0x036304b3) x9  0x00000000
core   0: 0x80007570 (0x00000001) c.nop
core   0: 3 0x80007570 (0x0001)
core   0: 0x80007572 (0x02f9e863) bltu    s3, a5, pc + 48
core   0: 3 0x80007572 (0x02f9e863)
core   0: 0x800075a2 (0x02522db3) mulhsu  s11, tp, t0
core   0: 3 0x800075a2 (0x02522db3) x27 0x00000000
core   0: 0x800075a6 (0xa5492713) slti    a4, s2, -1452
core   0: 3 0x800075a6 (0xa5492713) x14 0x00000000
core   0: 0x800075aa (0x49d2f613) andi    a2, t0, 1181
core   0: 3 0x800075aa (0x49d2f613) x12 0x00000000
core   0: 0x800075ae (0xa5afcb93) xori    s7, t6, -1446
core   0: 3 0x800075ae (0xa5afcb93) x23 0x000005a5
core   0: 0x800075b2 (0x03e352b3) divu    t0, t1, t5
core   0: 3 0x800075b2 (0x03e352b3) x5  0xffffffff
core   0: 0x800075b6 (0x00008d5d) c.or    a0, a5
core   0: 3 0x800075b6 (0x8d5d) x10 0x800003bf
core   0: 0x800075b8 (0x00f8d533) srl     a0, a7, a5
core   0: 3 0x800075b8 (0x00f8d533) x10 0x00000000
core   0: 0x800075bc (0x00b27363) bgeu    tp, a1, pc + 6
core   0: 3 0x800075bc (0x00b27363)
core   0: 0x800075c2 (0x00009126) c.add   sp, s1
core   0: 3 0x800075c2 (0x9126) x2  0x00000000
core   0: 0x800075c4 (0x40030ab3) sub     s5, t1, zero
core   0: 3 0x800075c4 (0x40030ab3) x21 0x80025e64
core   0: 0x800075c8 (0x000042d9) c.li    t0, 22
core   0: 3 0x800075c8 (0x42d9) x5  0x00000016
core   0: 0x800075ca (0x00008c26) c.mv    s8, s1
core   0: 3 0x800075ca (0x8c26) x24 0x00000000
core   0: 0x800075cc (0x028adeb3) divu    t4, s5, s0
core   0: 3 0x800075cc (0x028adeb3) x29 0x00000000
core   0: 0x800075d0 (0x02e6c7b3) div     a5, a3, a4
core   0: 3 0x800075d0 (0x02e6c7b3) x15 0xffffffff
core   0: 0x800075d4 (0x021c8933) mul     s2, s9, ra
core   0: 3 0x800075d4 (0x021c8933) x18 0x00000000
core   0: 0x800075d8 (0x4135d493) srai    s1, a1, 19
core   0: 3 0x800075d8 (0x4135d493) x9  0xfffff000
core   0: 0x800075dc (0x6b0f7713) andi    a4, t5, 1712
core   0: 3 0x800075dc (0x6b0f7713) x14 0x00000000
core   0: 0x800075e0 (0x037602b3) mul     t0, a2, s7
core   0: 3 0x800075e0 (0x037602b3) x5  0x00000000
core   0: 0x800075e4 (0x9ef60817) auipc   a6, 0x9ef60
core   0: 3 0x800075e4 (0x9ef60817) x16 0x1ef675e4
core   0: 0x800075e8 (0x000084a5) c.srai  s1, 9
core   0: 3 0x800075e8 (0x84a5) x9  0xfffffff8
core   0: 0x800075ea (0x02802633) mulhsu  a2, zero, s0
core   0: 3 0x800075ea (0x02802633) x12 0x00000000
core   0: 0x800075ee (0x0000892a) c.mv    s2, a0
core   0: 3 0x800075ee (0x892a) x18 0x00000000
core   0: 0x800075f0 (0x0000808d) c.srli  s1, 3
core   0: 3 0x800075f0 (0x808d) x9  0x1fffffff
core   0: 0x800075f2 (0x030d5e33) divu    t3, s10, a6
core   0: 3 0x800075f2 (0x030d5e33) x28 0x00000000
core   0: 0x800075f6 (0x00008a65) c.andi  a2, 25
core   0: 3 0x800075f6 (0x8a65) x12 0x00000000
core   0: 0x800075f8 (0x00008315) c.srli  a4, 5
core   0: 3 0x800075f8 (0x8315) x14 0x00000000
core   0: 0x800075fa (0x007831b3) sltu    gp, a6, t2
core   0: 3 0x800075fa (0x007831b3) x3  0x00000001
core   0: 0x800075fe (0x00000001) c.nop
core   0: 3 0x800075fe (0x0001)
core   0: 0x80007600 (0x0317d4b3) divu    s1, a5, a7
core   0: 3 0x80007600 (0x0317d4b3) x9  0x00000002
core   0: 0x80007604 (0x000047dd) c.li    a5, 23
core   0: 3 0x80007604 (0x47dd) x15 0x00000017
core   0: 0x80007606 (0x000ba733) slt     a4, s7, zero
core   0: 3 0x80007606 (0x000ba733) x14 0x00000000
core   0: 0x8000760a (0x00008d19) c.sub   a0, a4
core   0: 3 0x8000760a (0x8d19) x10 0x00000000
core   0: 0x8000760c (0xdcbdeb93) ori     s7, s11, -565
core   0: 3 0x8000760c (0xdcbdeb93) x23 0xfffffdcb
core   0: 0x80007610 (0xcaf93813) sltiu   a6, s2, -849
core   0: 3 0x80007610 (0xcaf93813) x16 0x00000001
core   0: 0x80007614 (0x038ba6b3) mulhsu  a3, s7, s8
core   0: 3 0x80007614 (0x038ba6b3) x13 0x00000000
core   0: 0x80007618 (0x00aa6633) or      a2, s4, a0
core   0: 3 0x80007618 (0x00aa6633) x12 0xfffffe8e
core   0: 0x8000761c (0x00009c5a) c.add   s8, s6
core   0: 3 0x8000761c (0x9c5a) x24 0x00000000
core   0: 0x8000761e (0x00008e3d) c.xor   a2, a5
core   0: 3 0x8000761e (0x8e3d) x12 0xfffffe99
core   0: 0x80007620 (0x00014033) xor     zero, sp, zero
core   0: 3 0x80007620 (0x00014033)
core   0: 0x80007624 (0xd1da3693) sltiu   a3, s4, -739
core   0: 3 0x80007624 (0xd1da3693) x13 0x00000000
core   0: 0x80007628 (0x0000aa33) slt     s4, ra, zero
core   0: 3 0x80007628 (0x0000aa33) x20 0x00000000
core   0: 0x8000762c (0x0000c705) c.beqz  a4, pc + 40
core   0: 3 0x8000762c (0xc705)
core   0: 0x80007654 (0xac833793) sltiu   a5, t1, -1336
core   0: 3 0x80007654 (0xac833793) x15 0x00000001
core   0: 0x80007658 (0x000d1113) slli    sp, s10, 0
core   0: 3 0x80007658 (0x000d1113) x2  0x00000000
core   0: 0x8000765c (0x021c7b33) remu    s6, s8, ra
core   0: 3 0x8000765c (0x021c7b33) x22 0x00000000
core   0: 0x80007660 (0x00008cc9) c.or    s1, a0
core   0: 3 0x80007660 (0x8cc9) x9  0x00000002
core   0: 0x80007662 (0x40445a93) srai    s5, s0, 4
core   0: 3 0x80007662 (0x40445a93) x21 0xff63db00
core   0: 0x80007666 (0x00004269) c.li    tp, 26
core   0: 3 0x80007666 (0x4269) x4  0x0000001a
core   0: 0x80007668 (0x000004ea) c.slli  s1, 26
core   0: 3 0x80007668 (0x04ea) x9  0x08000000
core   0: 0x8000766a (0x00850b33) add     s6, a0, s0
core   0: 3 0x8000766a (0x00850b33) x22 0xf63db000
core   0: 0x8000766e (0x03b09533) mulh    a0, ra, s11
core   0: 3 0x8000766e (0x03b09533) x10 0x00000000
core   0: 0x80007672 (0x20c47193) andi    gp, s0, 524
core   0: 3 0x80007672 (0x20c47193) x3  0x00000000
core   0: 0x80007676 (0x40805993) srai    s3, zero, 8
core   0: 3 0x80007676 (0x40805993) x19 0x00000000
core   0: 0x8000767a (0x00ecce33) xor     t3, s9, a4
core   0: 3 0x8000767a (0x00ecce33) x28 0x0000000f
core   0: 0x8000767e (0x0362a833) mulhsu  a6, t0, s6
core   0: 3 0x8000767e (0x0362a833) x16 0x00000000
core   0: 0x80007682 (0x01174b33) xor     s6, a4, a7
core   0: 3 0x80007682 (0x01174b33) x22 0x7ffd632e
core   0: 0x80007686 (0xad53f613) andi    a2, t2, -1323
core   0: 3 0x80007686 (0xad53f613) x12 0xfffff800
core   0: 0x8000768a (0x00921693) slli    a3, tp, 9
core   0: 3 0x8000768a (0x00921693) x13 0x00003400
core   0: 0x8000768e (0x74337213) andi    tp, t1, 1859
core   0: 3 0x8000768e (0x74337213) x4  0x00000640
core   0: 0x80007692 (0x00a33933) sltu    s2, t1, a0
core   0: 3 0x80007692 (0x00a33933) x18 0x00000000
core   0: 0x80007696 (0x009e5c63) bge     t3, s1, pc + 24
core   0: 3 0x80007696 (0x009e5c63)
core   0: 0x8000769a (0x02c617b3) mulh    a5, a2, a2
core   0: 3 0x8000769a (0x02c617b3) x15 0x00000000
core   0: 0x8000769e (0x01530263) beq     t1, s5, pc + 4
core   0: 3 0x8000769e (0x01530263)
core   0: 0x800076a2 (0x039988b3) mul     a7, s3, s9
core   0: 3 0x800076a2 (0x039988b3) x17 0x00000000
core   0: 0x800076a6 (0xa8b52e93) slti    t4, a0, -1397
core   0: 3 0x800076a6 (0xa8b52e93) x29 0x00000000
core   0: 0x800076aa (0x013c9693) slli    a3, s9, 19
core   0: 3 0x800076aa (0x013c9693) x13 0x00780000
core   0: 0x800076ae (0x00005afd) c.li    s5, -1
core   0: 3 0x800076ae (0x5afd) x21 0xffffffff
core   0: 0x800076b0 (0x03fd02b3) mul     t0, s10, t6
core   0: 3 0x800076b0 (0x03fd02b3) x5  0x00000000
core   0: 0x800076b4 (0x030387b3) mul     a5, t2, a6
core   0: 3 0x800076b4 (0x030387b3) x15 0x00000000
core   0: 0x800076b8 (0x0219f6b3) remu    a3, s3, ra
core   0: 3 0x800076b8 (0x0219f6b3) x13 0x00000000
core   0: 0x800076bc (0x00aeee33) or      t3, t4, a0
core   0: 3 0x800076bc (0x00aeee33) x28 0x00000000
core   0: 0x800076c0 (0x0000597d) c.li    s2, -1
core   0: 3 0x800076c0 (0x597d) x18 0xffffffff
core   0: 0x800076c2 (0x018ae1b3) or      gp, s5, s8
core   0: 3 0x800076c2 (0x018ae1b3) x3  0xffffffff
core   0: 0x800076c6 (0x25e26113) ori     sp, tp, 606
core   0: 3 0x800076c6 (0x25e26113) x2  0x0000065e
core   0: 0x800076ca (0xd0936917) auipc   s2, 0xd0936
core   0: 3 0x800076ca (0xd0936917) x18 0x5093d6ca
core   0: 0x800076ce (0x00008d39) c.xor   a0, a4
core   0: 3 0x800076ce (0x8d39) x10 0x00000000
core   0: 0x800076d0 (0x025cafb3) mulhsu  t6, s9, t0
core   0: 3 0x800076d0 (0x025cafb3) x31 0x00000000
core   0: 0x800076d4 (0x00810db3) add     s11, sp, s0
core   0: 3 0x800076d4 (0x00810db3) x27 0xf63db65e
core   0: 0x800076d8 (0x00008f45) c.or    a4, s1
core   0: 3 0x800076d8 (0x8f45) x14 0x08000000
core   0: 0x800076da (0x4091d813) srai    a6, gp, 9
core   0: 3 0x800076da (0x4091d813) x16 0xffffffff
core   0: 0x800076de (0x035a4463) blt     s4, s5, pc + 40
core   0: 3 0x800076de (0x035a4463)
core   0: 0x800076e2 (0x000089b6) c.mv    s3, a3
core   0: 3 0x800076e2 (0x89b6) x19 0x00000000
core   0: 0x800076e4 (0x00008e49) c.or    a2, a0
core   0: 3 0x800076e4 (0x8e49) x12 0xfffff800
core   0: 0x800076e6 (0x02fe24b3) mulhsu  s1, t3, a5
core   0: 3 0x800076e6 (0x02fe24b3) x9  0x00000000
core   0: 0x800076ea (0x0372d2b3) divu    t0, t0, s7
core   0: 3 0x800076ea (0x0372d2b3) x5  0x00000000
core   0: 0x800076ee (0x000017fd) c.addi  a5, -1
core   0: 3 0x800076ee (0x17fd) x15 0xffffffff
core   0: 0x800076f0 (0x8fc8e113) ori     sp, a7, -1796
core   0: 3 0x800076f0 (0x8fc8e113) x2  0xfffff8fc
core   0: 0x800076f4 (0x0330f833) remu    a6, ra, s3
core   0: 3 0x800076f4 (0x0330f833) x16 0x00000000
core   0: 0x800076f8 (0x013edc63) bge     t4, s3, pc + 24
core   0: 3 0x800076f8 (0x013edc63)
core   0: 0x80007710 (0x00008d35) c.xor   a0, a3
core   0: 3 0x80007710 (0x8d35) x10 0x00000000
core   0: 0x80007712 (0x0395d363) bge     a1, s9, pc + 38
core   0: 3 0x80007712 (0x0395d363)
core   0: 0x80007716 (0x032397b3) mulh    a5, t2, s2
core   0: 3 0x80007716 (0x032397b3) x15 0xffffff11
core   0: 0x8000771a (0x028cf6b3) remu    a3, s9, s0
core   0: 3 0x8000771a (0x028cf6b3) x13 0x0000000f
core   0: 0x8000771e (0x01e48133) add     sp, s1, t5
core   0: 3 0x8000771e (0x01e48133) x2  0x00000000
core   0: 0x80007722 (0x0000e901) c.bnez  a0, pc + 16
core   0: 3 0x80007722 (0xe901)
core   0: 0x80007724 (0x0273f533) remu    a0, t2, t2
core   0: 3 0x80007724 (0x0273f533) x10 0x00000000
core   0: 0x80007728 (0x0000ee85) c.bnez  a3, pc + 56
core   0: 3 0x80007728 (0xee85)
core   0: 0x80007760 (0xf562ff13) andi    t5, t0, -170
core   0: 3 0x80007760 (0xf562ff13) x30 0x00000000
core   0: 0x80007764 (0x02791063) bne     s2, t2, pc + 32
core   0: 3 0x80007764 (0x02791063)
core   0: 0x80007784 (0x026b1963) bne     s6, t1, pc + 50
core   0: 3 0x80007784 (0x026b1963)
core   0: 0x800077b6 (0xfefb2d93) slti    s11, s6, -17
core   0: 3 0x800077b6 (0xfefb2d93) x27 0x00000000
core   0: 0x800077ba (0x0000cf81) c.beqz  a5, pc + 24
core   0: 3 0x800077ba (0xcf81)
core   0: 0x800077bc (0x00d620b3) slt     ra, a2, a3
core   0: 3 0x800077bc (0x00d620b3) x1  0x00000001
core   0: 0x800077c0 (0x00440c33) add     s8, s0, tp
core   0: 3 0x800077c0 (0x00440c33) x24 0xf63db640
core   0: 0x800077c4 (0x41eadbb3) sra     s7, s5, t5
core   0: 3 0x800077c4 (0x41eadbb3) x23 0xffffffff
core   0: 0x800077c8 (0x005b5e33) srl     t3, s6, t0
core   0: 3 0x800077c8 (0x005b5e33) x28 0x7ffd632e
core   0: 0x800077cc (0x0000973a) c.add   a4, a4
core   0: 3 0x800077cc (0x973a) x14 0x10000000
core   0: 0x800077ce (0x406c8933) sub     s2, s9, t1
core   0: 3 0x800077ce (0x406c8933) x18 0x7ffda1ab
core   0: 0x800077d2 (0x01203233) snez    tp, s2
core   0: 3 0x800077d2 (0x01203233) x4  0x00000001
core   0: 0x800077d6 (0x00000476) c.slli  s0, 29
core   0: 3 0x800077d6 (0x0476) x8  0x00000000
core   0: 0x800077d8 (0x02e2eb33) rem     s6, t0, a4
core   0: 3 0x800077d8 (0x02e2eb33) x22 0x00000000
core   0: 0x800077dc (0x00001d98) c.addi4spn a4, sp, 752
core   0: 3 0x800077dc (0x1d98) x14 0x000002f0
core   0: 0x800077de (0x00000001) c.nop
core   0: 3 0x800077de (0x0001)
core   0: 0x800077e0 (0x013c1633) sll     a2, s8, s3
core   0: 3 0x800077e0 (0x013c1633) x12 0xf63db640
core   0: 0x800077e4 (0x01490e63) beq     s2, s4, pc + 28
core   0: 3 0x800077e4 (0x01490e63)
core   0: 0x800077e8 (0x02afdf63) bge     t6, a0, pc + 62
core   0: 3 0x800077e8 (0x02afdf63)
core   0: 0x80007826 (0x0085d013) srli    zero, a1, 8
core   0: 3 0x80007826 (0x0085d013)
core   0: 0x8000782a (0x00000c9c) c.addi4spn a5, sp, 592
core   0: 3 0x8000782a (0x0c9c) x15 0x00000250
core   0: 0x8000782c (0x00965bb3) srl     s7, a2, s1
core   0: 3 0x8000782c (0x00965bb3) x23 0xf63db640
core   0: 0x80007830 (0x00000001) c.nop
core   0: 3 0x80007830 (0x0001)
core   0: 0x80007832 (0x0000839d) c.srli  a5, 7
core   0: 3 0x80007832 (0x839d) x15 0x00000004
core   0: 0x80007834 (0x01b314b3) sll     s1, t1, s11
core   0: 3 0x80007834 (0x01b314b3) x9  0x80025e64
core   0: 0x80007838 (0x000098fd) c.andi  s1, -1
core   0: 3 0x80007838 (0x98fd) x9  0x80025e64
core   0: 0x8000783a (0x044ef163) bgeu    t4, tp, pc + 66
core   0: 3 0x8000783a (0x044ef163)
core   0: 0x8000783e (0x00060233) add     tp, a2, zero
core   0: 3 0x8000783e (0x00060233) x4  0xf63db640
core   0: 0x80007842 (0x0000e805) c.bnez  s0, pc + 48
core   0: 3 0x80007842 (0xe805)
core   0: 0x80007844 (0x4190d993) srai    s3, ra, 25
core   0: 3 0x80007844 (0x4190d993) x19 0x00000000
core   0: 0x80007848 (0x026eb0b3) mulhu   ra, t4, t1
core   0: 3 0x80007848 (0x026eb0b3) x1  0x00000000
core   0: 0x8000784c (0x028c1e63) bne     s8, s0, pc + 60
core   0: 3 0x8000784c (0x028c1e63)
core   0: 0x80007888 (0x54396793) ori     a5, s2, 1347
core   0: 3 0x80007888 (0x54396793) x15 0x7ffda5eb
core   0: 0x8000788c (0x00379f93) slli    t6, a5, 3
core   0: 3 0x8000788c (0x00379f93) x31 0xffed2f58
core   0: 0x80007890 (0x00ad5f33) srl     t5, s10, a0
core   0: 3 0x80007890 (0x00ad5f33) x30 0x00000000
core   0: 0x80007894 (0x00008d09) c.sub   a0, a0
core   0: 3 0x80007894 (0x8d09) x10 0x00000000
core   0: 0x80007896 (0x04c66163) bltu    a2, a2, pc + 66
core   0: 3 0x80007896 (0x04c66163)
core   0: 0x8000789a (0x00006ee1) c.lui   t4, 0x18
core   0: 3 0x8000789a (0x6ee1) x29 0x00018000
core   0: 0x8000789c (0x02b3feb3) remu    t4, t2, a1
core   0: 3 0x8000789c (0x02b3feb3) x29 0x7ffd6026
core   0: 0x800078a0 (0x02cbd1b3) divu    gp, s7, a2
core   0: 3 0x800078a0 (0x02cbd1b3) x3  0x00000001
core   0: 0x800078a4 (0x03f3c563) blt     t2, t6, pc + 42
core   0: 3 0x800078a4 (0x03f3c563)
core   0: 0x800078a8 (0x00008eb1) c.xor   a3, a2
core   0: 3 0x800078a8 (0x8eb1) x13 0xf63db64f
core   0: 0x800078aa (0x0000997d) c.andi  a0, -1
core   0: 3 0x800078aa (0x997d) x10 0x00000000
core   0: 0x800078ac (0x2d0eaf93) slti    t6, t4, 720
core   0: 3 0x800078ac (0x2d0eaf93) x31 0x00000000
core   0: 0x800078b0 (0x00e05913) srli    s2, zero, 14
core   0: 3 0x800078b0 (0x00e05913) x18 0x00000000
core   0: 0x800078b4 (0x00000001) c.nop
core   0: 3 0x800078b4 (0x0001)
core   0: 0x800078b6 (0x01915c33) srl     s8, sp, s9
core   0: 3 0x800078b6 (0x01915c33) x24 0x00000000
core   0: 0x800078ba (0x00667233) and     tp, a2, t1
core   0: 3 0x800078ba (0x00667233) x4  0x80001640
core   0: 0x800078be (0x503bcf93) xori    t6, s7, 1283
core   0: 3 0x800078be (0x503bcf93) x31 0xf63db343
core   0: 0x800078c2 (0x0000817e) c.mv    sp, t6
core   0: 3 0x800078c2 (0x817e) x2  0xf63db343
core   0: 0x800078c4 (0x9c9ecc13) xori    s8, t4, -1591
core   0: 3 0x800078c4 (0x9c9ecc13) x24 0x800299ef
core   0: 0x800078c8 (0x001c29b3) slt     s3, s8, ra
core   0: 3 0x800078c8 (0x001c29b3) x19 0x00000001
core   0: 0x800078cc (0x000082f2) c.mv    t0, t3
core   0: 3 0x800078cc (0x82f2) x5  0x7ffd632e
core   0: 0x800078ce (0x037df2b3) remu    t0, s11, s7
core   0: 3 0x800078ce (0x037df2b3) x5  0x00000000
core   0: 0x800078d2 (0x000087d1) c.srai  a5, 20
core   0: 3 0x800078d2 (0x87d1) x15 0x000007ff
core   0: 0x800078d4 (0x01ad9263) bne     s11, s10, pc + 4
core   0: 3 0x800078d4 (0x01ad9263)
core   0: 0x800078d8 (0x07356913) ori     s2, a0, 115
core   0: 3 0x800078d8 (0x07356913) x18 0x00000073
core   0: 0x800078dc (0x000087c6) c.mv    a5, a7
core   0: 3 0x800078dc (0x87c6) x15 0x00000000
core   0: 0x800078de (0x4120d293) srai    t0, ra, 18
core   0: 3 0x800078de (0x4120d293) x5  0x00000000
core   0: 0x800078e2 (0x00905193) srli    gp, zero, 9
core   0: 3 0x800078e2 (0x00905193) x3  0x00000000
core   0: 0x800078e6 (0xf84df617) auipc   a2, 0xf84df
core   0: 3 0x800078e6 (0xf84df617) x12 0x784e68e6
core   0: 0x800078ea (0x1936e293) ori     t0, a3, 403
core   0: 3 0x800078ea (0x1936e293) x5  0xf63db7df
core   0: 0x800078ee (0x323b6413) ori     s0, s6, 803
core   0: 3 0x800078ee (0x323b6413) x8  0x00000323
core   0: 0x800078f2 (0x01cf5a63) bge     t5, t3, pc + 20
core   0: 3 0x800078f2 (0x01cf5a63)
core   0: 0x800078f6 (0x00f90663) beq     s2, a5, pc + 12
core   0: 3 0x800078f6 (0x00f90663)
core   0: 0x800078fa (0x03556363) bltu    a0, s5, pc + 38
core   0: 3 0x800078fa (0x03556363)
core   0: 0x80007920 (0x00000001) c.nop
core   0: 3 0x80007920 (0x0001)
core   0: 0x80007922 (0x01a17263) bgeu    sp, s10, pc + 4
core   0: 3 0x80007922 (0x01a17263)
core   0: 0x80007926 (0x017f40b3) xor     ra, t5, s7
core   0: 3 0x80007926 (0x017f40b3) x1  0xf63db640
core   0: 0x8000792a (0x00220d63) beq     tp, sp, pc + 26
core   0: 3 0x8000792a (0x00220d63)
core   0: 0x8000792e (0x03b00833) mul     a6, zero, s11
core   0: 3 0x8000792e (0x03b00833) x16 0x00000000
core   0: 0x80007932 (0x02370463) beq     a4, gp, pc + 40
core   0: 3 0x80007932 (0x02370463)
core   0: 0x80007936 (0x00008135) c.srli  a0, 13
core   0: 3 0x80007936 (0x8135) x10 0x00000000
core   0: 0x80007938 (0x005c8d63) beq     s9, t0, pc + 26
core   0: 3 0x80007938 (0x005c8d63)
core   0: 0x8000793c (0x034e5563) bge     t3, s4, pc + 42
core   0: 3 0x8000793c (0x034e5563)
core   0: 0x80007966 (0x41828813) addi    a6, t0, 1048
core   0: 3 0x80007966 (0x41828813) x16 0xf63dbbf7
core   0: 0x8000796a (0x404b0b33) sub     s6, s6, tp
core   0: 3 0x8000796a (0x404b0b33) x22 0x7fffe9c0
core   0: 0x8000796e (0x401000b3) sub     ra, zero, ra
core   0: 3 0x8000796e (0x401000b3) x1  0x09c249c0
core   0: 0x80007972 (0x00000001) c.nop
core   0: 3 0x80007972 (0x0001)
core   0: 0x80007974 (0x000089b6) c.mv    s3, a3
core   0: 3 0x80007974 (0x89b6) x19 0xf63db64f
core   0: 0x80007976 (0x799c4b13) xori    s6, s8, 1945
core   0: 3 0x80007976 (0x799c4b13) x22 0x80029e76
core   0: 0x8000797a (0x009e6863) bltu    t3, s1, pc + 16
core   0: 3 0x8000797a (0x009e6863)
core   0: 0x8000798a (0x4e1d2893) slti    a7, s10, 1249
core   0: 3 0x8000798a (0x4e1d2893) x17 0x00000001
core   0: 0x8000798e (0x02e854b3) divu    s1, a6, a4
core   0: 3 0x8000798e (0x02e854b3) x9  0x0053d3a7
core   0: 0x80007992 (0x002a1693) slli    a3, s4, 2
core   0: 3 0x80007992 (0x002a1693) x13 0x00000000
core   0: 0x80007996 (0x03eb0eb3) mul     t4, s6, t5
core   0: 3 0x80007996 (0x03eb0eb3) x29 0x00000000
core   0: 0x8000799a (0xaffaab13) slti    s6, s5, -1281
core   0: 3 0x8000799a (0xaffaab13) x22 0x00000000
core   0: 0x8000799e (0xc4b96f13) ori     t5, s2, -949
core   0: 3 0x8000799e (0xc4b96f13) x30 0xfffffc7b
core   0: 0x800079a2 (0x024283b3) mul     t2, t0, tp
core   0: 3 0x800079a2 (0x024283b3) x7  0x5d3b21c0
core   0: 0x800079a6 (0x8d5b3393) sltiu   t2, s6, -1835
core   0: 3 0x800079a6 (0x8d5b3393) x7  0x00000001
core   0: 0x800079aa (0x12136bb7) lui     s7, 0x12136
core   0: 3 0x800079aa (0x12136bb7) x23 0x12136000
core   0: 0x800079ae (0x0000717d) c.addi16sp sp, -16
core   0: 3 0x800079ae (0x717d) x2  0xf63db333
core   0: 0x800079b0 (0x00000a65) c.addi  s4, 25
core   0: 3 0x800079b0 (0x0a65) x20 0x00000019
core   0: 0x800079b2 (0x00008d11) c.sub   a0, a2
core   0: 3 0x800079b2 (0x8d11) x10 0x87b1971a
core   0: 0x800079b4 (0x03469f63) bne     a3, s4, pc + 62
core   0: 3 0x800079b4 (0x03469f63)
core   0: 0x800079f2 (0x023cd2b3) divu    t0, s9, gp
core   0: 3 0x800079f2 (0x023cd2b3) x5  0xffffffff
core   0: 0x800079f6 (0x0000863d) c.srai  a2, 15
core   0: 3 0x800079f6 (0x863d) x12 0x0000f09c
core   0: 0x800079f8 (0x036ec1b3) div     gp, t4, s6
core   0: 3 0x800079f8 (0x036ec1b3) x3  0xffffffff
core   0: 0x800079fc (0x3f517293) andi    t0, sp, 1013
core   0: 3 0x800079fc (0x3f517293) x5  0x00000331
core   0: 0x80007a00 (0x40845213) srai    tp, s0, 8
core   0: 3 0x80007a00 (0x40845213) x4  0x00000003
core   0: 0x80007a04 (0x00008f09) c.sub   a4, a0
core   0: 3 0x80007a04 (0x8f09) x14 0x784e6bd6
core   0: 0x80007a06 (0x01509213) slli    tp, ra, 21
core   0: 3 0x80007a06 (0x01509213) x4  0x38000000
core   0: 0x80007a0a (0x00006985) c.lui   s3, 0x1
core   0: 3 0x80007a0a (0x6985) x19 0x00001000
core   0: 0x80007a0c (0x00006115) c.addi16sp sp, 288
core   0: 3 0x80007a0c (0x6115) x2  0xf63db453
core   0: 0x80007a0e (0x00008ebd) c.xor   a3, a5
core   0: 3 0x80007a0e (0x8ebd) x13 0x00000000
core   0: 0x80007a10 (0x02e00133) mul     sp, zero, a4
core   0: 3 0x80007a10 (0x02e00133) x2  0x00000000
core   0: 0x80007a14 (0x029f9133) mulh    sp, t6, s1
core   0: 3 0x80007a14 (0x029f9133) x2  0xfffccdef
core   0: 0x80007a18 (0x00200c63) beq     zero, sp, pc + 24
core   0: 3 0x80007a18 (0x00200c63)
core   0: 0x80007a1c (0x0342c163) blt     t0, s4, pc + 34
core   0: 3 0x80007a1c (0x0342c163)
core   0: 0x80007a20 (0x02ff3133) mulhu   sp, t5, a5
core   0: 3 0x80007a20 (0x02ff3133) x2  0x00000000
core   0: 0x80007a24 (0x00008ca5) c.xor   s1, s1
core   0: 3 0x80007a24 (0x8ca5) x9  0x00000000
core   0: 0x80007a26 (0x00ac0363) beq     s8, a0, pc + 6
core   0: 3 0x80007a26 (0x00ac0363)
core   0: 0x80007a2a (0x00000001) c.nop
core   0: 3 0x80007a2a (0x0001)
core   0: 0x80007a2c (0x001ddeb3) srl     t4, s11, ra
core   0: 3 0x80007a2c (0x001ddeb3) x29 0x00000000
core   0: 0x80007a30 (0x002aaf33) slt     t5, s5, sp
core   0: 3 0x80007a30 (0x002aaf33) x30 0x00000001
core   0: 0x80007a34 (0x00607a33) and     s4, zero, t1
core   0: 3 0x80007a34 (0x00607a33) x20 0x00000000
core   0: 0x80007a38 (0x0000992e) c.add   s2, a1
core   0: 3 0x80007a38 (0x992e) x18 0x80029d57
core   0: 0x80007a3a (0x02028ab3) mul     s5, t0, zero
core   0: 3 0x80007a3a (0x02028ab3) x21 0x00000000
core   0: 0x80007a3e (0x41dc0c33) sub     s8, s8, t4
core   0: 3 0x80007a3e (0x41dc0c33) x24 0x800299ef
core   0: 0x80007a42 (0x00000001) c.nop
core   0: 3 0x80007a42 (0x0001)
core   0: 0x80007a44 (0x051ff063) bgeu    t6, a7, pc + 64
core   0: 3 0x80007a44 (0x051ff063)
core   0: 0x80007a84 (0x028519b3) mulh    s3, a0, s0
core   0: 3 0x80007a84 (0x028519b3) x19 0xfffffe86
core   0: 0x80007a88 (0x10049563) bnez    s1, pc + 266
core   0: 3 0x80007a88 (0x10049563)
core   0: 0x80007a8c (0x88760e17) auipc   t3, 0x88760
core   0: 3 0x80007a8c (0x88760e17) x28 0x08767a8c
core   0: 0x80007a90 (0x00980863) beq     a6, s1, pc + 16
core   0: 3 0x80007a90 (0x00980863)
core   0: 0x80007a94 (0x0113d513) srli    a0, t2, 17
core   0: 3 0x80007a94 (0x0113d513) x10 0x00000000
core   0: 0x80007a98 (0x41fc8833) sub     a6, s9, t6
core   0: 3 0x80007a98 (0x41fc8833) x16 0x09c24ccc
core   0: 0x80007a9c (0x41d8db33) sra     s6, a7, t4
core   0: 3 0x80007a9c (0x41d8db33) x22 0x00000001
core   0: 0x80007aa0 (0x0115d8b3) srl     a7, a1, a7
core   0: 3 0x80007aa0 (0x0115d8b3) x17 0x40014e72
core   0: 0x80007aa4 (0x032793b3) mulh    t2, a5, s2
core   0: 3 0x80007aa4 (0x032793b3) x7  0x00000000
core   0: 0x80007aa8 (0x41d4da33) sra     s4, s1, t4
core   0: 3 0x80007aa8 (0x41d4da33) x20 0x00000000
core   0: 0x80007aac (0x0f4bf563) bgeu    s7, s4, pc + 234
core   0: 3 0x80007aac (0x0f4bf563)
core   0: 0x80007b96 (0x00a01013) slli    zero, zero, 10
core   0: 3 0x80007b96 (0x00a01013)
core   0: 0x80007b9a (0x02183633) mulhu   a2, a6, ra
core   0: 3 0x80007b9a (0x02183633) x12 0x005f3cc1
core   0: 0x80007b9e (0x00000d9c) c.addi4spn a5, sp, 720
core   0: 3 0x80007b9e (0x0d9c) x15 0x000002d0
core   0: 0x80007ba0 (0x1957af93) slti    t6, a5, 405
core   0: 3 0x80007ba0 (0x1957af93) x31 0x00000000
core   0: 0x80007ba4 (0x000080f1) c.srli  s1, 28
core   0: 3 0x80007ba4 (0x80f1) x9  0x00000000
core   0: 0x80007ba6 (0x01090eb3) add     t4, s2, a6
core   0: 3 0x80007ba6 (0x01090eb3) x29 0x89c4ea23
core   0: 0x80007baa (0x01004563) blt     zero, a6, pc + 10
core   0: 3 0x80007baa (0x01004563)
core   0: 0x80007bb4 (0x0300c1b3) div     gp, ra, a6
core   0: 3 0x80007bb4 (0x0300c1b3) x3  0x00000000
core   0: 0x80007bb8 (0xe668e693) ori     a3, a7, -410
core   0: 3 0x80007bb8 (0xe668e693) x13 0xfffffe76
core   0: 0x80007bbc (0x02589a33) mulh    s4, a7, t0
core   0: 3 0x80007bbc (0x02589a33) x20 0x000000cc
core   0: 0x80007bc0 (0x00008451) c.srai  s0, 20
core   0: 3 0x80007bc0 (0x8451) x8  0x00000000
core   0: 0x80007bc2 (0x022df133) remu    sp, s11, sp
core   0: 3 0x80007bc2 (0x022df133) x2  0x00000000
core   0: 0x80007bc6 (0x00008e31) c.xor   a2, a2
core   0: 3 0x80007bc6 (0x8e31) x12 0x00000000
core   0: 0x80007bc8 (0x00000001) c.nop
core   0: 3 0x80007bc8 (0x0001)
core   0: 0x80007bca (0x013a8633) add     a2, s5, s3
core   0: 3 0x80007bca (0x013a8633) x12 0xfffffe86
core   0: 0x80007bce (0x0012d9b3) srl     s3, t0, ra
core   0: 3 0x80007bce (0x0012d9b3) x19 0x00000331
core   0: 0x80007bd2 (0x0289b033) mulhu   zero, s3, s0
core   0: 3 0x80007bd2 (0x0289b033)
core   0: 0x80007bd6 (0x000016fd) c.addi  a3, -1
core   0: 3 0x80007bd6 (0x16fd) x13 0xfffffe75
core   0: 0x80007bd8 (0x0000e209) c.bnez  a2, pc + 2
core   0: 3 0x80007bd8 (0xe209)
core   0: 0x80007bda (0x002599b3) sll     s3, a1, sp
core   0: 3 0x80007bda (0x002599b3) x19 0x80029ce4
core   0: 0x80007bde (0x00008f75) c.and   a4, a3
core   0: 3 0x80007bde (0x8f75) x14 0x784e6a54
core   0: 0x80007be0 (0x0000527d) c.li    tp, -1
core   0: 3 0x80007be0 (0x527d) x4  0xffffffff
core   0: 0x80007be2 (0x01d5e8b3) or      a7, a1, t4
core   0: 3 0x80007be2 (0x01d5e8b3) x17 0x89c6fee7
core   0: 0x80007be6 (0x00008fe5) c.and   a5, s1
core   0: 3 0x80007be6 (0x8fe5) x15 0x00000000
core   0: 0x80007be8 (0x0000eb01) c.bnez  a4, pc + 16
core   0: 3 0x80007be8 (0xeb01)
core   0: 0x80007bf8 (0x4095d413) srai    s0, a1, 9
core   0: 3 0x80007bf8 (0x4095d413) x8  0xffc0014e
core   0: 0x80007bfc (0x0000c129) c.beqz  a0, pc + 66
core   0: 3 0x80007bfc (0xc129)
core   0: 0x80007c3e (0x01869433) sll     s0, a3, s8
core   0: 3 0x80007c3e (0x01869433) x8  0xff3a8000
core   0: 0x80007c42 (0x03888fb3) mul     t6, a7, s8
core   0: 3 0x80007c42 (0x03888fb3) x31 0x0cee08a9
core   0: 0x80007c46 (0x029b44b3) div     s1, s6, s1
core   0: 3 0x80007c46 (0x029b44b3) x9  0xffffffff
core   0: 0x80007c4a (0x025b69b3) rem     s3, s6, t0
core   0: 3 0x80007c4a (0x025b69b3) x19 0x00000001
core   0: 0x80007c4e (0x035f44b3) div     s1, t5, s5
core   0: 3 0x80007c4e (0x035f44b3) x9  0xffffffff
core   0: 0x80007c52 (0x01f7d533) srl     a0, a5, t6
core   0: 3 0x80007c52 (0x01f7d533) x10 0x00000000
core   0: 0x80007c56 (0x0000855d) c.srai  a0, 23
core   0: 3 0x80007c56 (0x855d) x10 0x00000000
core   0: 0x80007c58 (0x00000fbd) c.addi  t6, 15
core   0: 3 0x80007c58 (0x0fbd) x31 0x0cee08b8
core   0: 0x80007c5a (0x00000001) c.nop
core   0: 3 0x80007c5a (0x0001)
core   0: 0x80007c5c (0x03a8cf33) div     t5, a7, s10
core   0: 3 0x80007c5c (0x03a8cf33) x30 0xffffffff
core   0: 0x80007c60 (0x0000e305) c.bnez  a4, pc + 32
core   0: 3 0x80007c60 (0xe305)
core   0: 0x80007c80 (0x00000001) c.nop
core   0: 3 0x80007c80 (0x0001)
core   0: 0x80007c82 (0x007bac33) slt     s8, s7, t2
core   0: 3 0x80007c82 (0x007bac33) x24 0x00000000
core   0: 0x80007c86 (0x00005659) c.li    a2, -10
core   0: 3 0x80007c86 (0x5659) x12 0xfffffff6
core   0: 0x80007c88 (0x0397efb3) rem     t6, a5, s9
core   0: 3 0x80007c88 (0x0397efb3) x31 0x00000000
core   0: 0x80007c8c (0x032302b3) mul     t0, t1, s2
core   0: 3 0x80007c8c (0x032302b3) x5  0xb17967fc
core   0: 0x80007c90 (0x000041b9) c.li    gp, 14
core   0: 3 0x80007c90 (0x41b9) x3  0x0000000e
core   0: 0x80007c92 (0x000099be) c.add   s3, a5
core   0: 3 0x80007c92 (0x99be) x19 0x00000001
core   0: 0x80007c94 (0x00000605) c.addi  a2, 1
core   0: 3 0x80007c94 (0x0605) x12 0xfffffff7
core   0: 0x80007c96 (0x0244feb3) remu    t4, s1, tp
core   0: 3 0x80007c96 (0x0244feb3) x29 0x00000000
core   0: 0x80007c9a (0x00005559) c.li    a0, -10
core   0: 3 0x80007c9a (0x5559) x10 0xfffffff6
core   0: 0x80007c9c (0x0091f7b3) and     a5, gp, s1
core   0: 3 0x80007c9c (0x0091f7b3) x15 0x0000000e
core   0: 0x80007ca0 (0xacf13db7) lui     s11, 0xacf13
core   0: 3 0x80007ca0 (0xacf13db7) x27 0xacf13000
core   0: 0x80007ca4 (0x03c83933) mulhu   s2, a6, t3
core   0: 3 0x80007ca4 (0x03c83933) x18 0x005296a1
core   0: 0x80007ca8 (0x000043a9) c.li    t2, 10
core   0: 3 0x80007ca8 (0x43a9) x7  0x0000000a
core   0: 0x80007caa (0x000087d9) c.srai  a5, 22
core   0: 3 0x80007caa (0x87d9) x15 0x00000000
core   0: 0x80007cac (0xb23d2793) slti    a5, s10, -1245
core   0: 3 0x80007cac (0xb23d2793) x15 0x00000000
core   0: 0x80007cb0 (0x009a5993) srli    s3, s4, 9
core   0: 3 0x80007cb0 (0x009a5993) x19 0x00000000
core   0: 0x80007cb4 (0x02546e33) rem     t3, s0, t0
core   0: 3 0x80007cb4 (0x02546e33) x28 0xff3a8000
core   0: 0x80007cb8 (0x40d7d893) srai    a7, a5, 13
core   0: 3 0x80007cb8 (0x40d7d893) x17 0x00000000
core   0: 0x80007cbc (0xb4db2213) slti    tp, s6, -1203
core   0: 3 0x80007cbc (0xb4db2213) x4  0x00000000
core   0: 0x80007cc0 (0xfae92713) slti    a4, s2, -82
core   0: 3 0x80007cc0 (0xfae92713) x14 0x00000000
core   0: 0x80007cc4 (0x00000521) c.addi  a0, 8
core   0: 3 0x80007cc4 (0x0521) x10 0xfffffffe
core   0: 0x80007cc6 (0x00000001) c.nop
core   0: 3 0x80007cc6 (0x0001)
core   0: 0x80007cc8 (0x025f4e33) div     t3, t5, t0
core   0: 3 0x80007cc8 (0x025f4e33) x28 0x00000000
core   0: 0x80007ccc (0xfe756ae3) bltu    a0, t2, pc - 12
core   0: 3 0x80007ccc (0xfe756ae3)
core   0: 0x80007cd0 (0x02c5cf33) div     t5, a1, a2
core   0: 3 0x80007cd0 (0x02c5cf33) x30 0x0e38993c
core   0: 0x80007cd4 (0x000086b9) c.srai  a3, 14
core   0: 3 0x80007cd4 (0x86b9) x13 0xffffffff
core   0: 0x80007cd6 (0xfa361ee3) bne     a2, gp, pc - 68
core   0: 3 0x80007cd6 (0xfa361ee3)
core   0: 0x80007c92 (0x000099be) c.add   s3, a5
core   0: 3 0x80007c92 (0x99be) x19 0x00000000
core   0: 0x80007c94 (0x00000605) c.addi  a2, 1
core   0: 3 0x80007c94 (0x0605) x12 0xfffffff8
core   0: 0x80007c96 (0x0244feb3) remu    t4, s1, tp
core   0: 3 0x80007c96 (0x0244feb3) x29 0xffffffff
core   0: 0x80007c9a (0x00005559) c.li    a0, -10
core   0: 3 0x80007c9a (0x5559) x10 0xfffffff6
core   0: 0x80007c9c (0x0091f7b3) and     a5, gp, s1
core   0: 3 0x80007c9c (0x0091f7b3) x15 0x0000000e
core   0: 0x80007ca0 (0xacf13db7) lui     s11, 0xacf13
core   0: 3 0x80007ca0 (0xacf13db7) x27 0xacf13000
core   0: 0x80007ca4 (0x03c83933) mulhu   s2, a6, t3
core   0: 3 0x80007ca4 (0x03c83933) x18 0x00000000
core   0: 0x80007ca8 (0x000043a9) c.li    t2, 10
core   0: 3 0x80007ca8 (0x43a9) x7  0x0000000a
core   0: 0x80007caa (0x000087d9) c.srai  a5, 22
core   0: 3 0x80007caa (0x87d9) x15 0x00000000
core   0: 0x80007cac (0xb23d2793) slti    a5, s10, -1245
core   0: 3 0x80007cac (0xb23d2793) x15 0x00000000
core   0: 0x80007cb0 (0x009a5993) srli    s3, s4, 9
core   0: 3 0x80007cb0 (0x009a5993) x19 0x00000000
core   0: 0x80007cb4 (0x02546e33) rem     t3, s0, t0
core   0: 3 0x80007cb4 (0x02546e33) x28 0xff3a8000
core   0: 0x80007cb8 (0x40d7d893) srai    a7, a5, 13
core   0: 3 0x80007cb8 (0x40d7d893) x17 0x00000000
core   0: 0x80007cbc (0xb4db2213) slti    tp, s6, -1203
core   0: 3 0x80007cbc (0xb4db2213) x4  0x00000000
core   0: 0x80007cc0 (0xfae92713) slti    a4, s2, -82
core   0: 3 0x80007cc0 (0xfae92713) x14 0x00000000
core   0: 0x80007cc4 (0x00000521) c.addi  a0, 8
core   0: 3 0x80007cc4 (0x0521) x10 0xfffffffe
core   0: 0x80007cc6 (0x00000001) c.nop
core   0: 3 0x80007cc6 (0x0001)
core   0: 0x80007cc8 (0x025f4e33) div     t3, t5, t0
core   0: 3 0x80007cc8 (0x025f4e33) x28 0x00000000
core   0: 0x80007ccc (0xfe756ae3) bltu    a0, t2, pc - 12
core   0: 3 0x80007ccc (0xfe756ae3)
core   0: 0x80007cd0 (0x02c5cf33) div     t5, a1, a2
core   0: 3 0x80007cd0 (0x02c5cf33) x30 0x0fffac63
core   0: 0x80007cd4 (0x000086b9) c.srai  a3, 14
core   0: 3 0x80007cd4 (0x86b9) x13 0xffffffff
core   0: 0x80007cd6 (0xfa361ee3) bne     a2, gp, pc - 68
core   0: 3 0x80007cd6 (0xfa361ee3)
core   0: 0x80007c92 (0x000099be) c.add   s3, a5
core   0: 3 0x80007c92 (0x99be) x19 0x00000000
core   0: 0x80007c94 (0x00000605) c.addi  a2, 1
core   0: 3 0x80007c94 (0x0605) x12 0xfffffff9
core   0: 0x80007c96 (0x0244feb3) remu    t4, s1, tp
core   0: 3 0x80007c96 (0x0244feb3) x29 0xffffffff
core   0: 0x80007c9a (0x00005559) c.li    a0, -10
core   0: 3 0x80007c9a (0x5559) x10 0xfffffff6
core   0: 0x80007c9c (0x0091f7b3) and     a5, gp, s1
core   0: 3 0x80007c9c (0x0091f7b3) x15 0x0000000e
core   0: 0x80007ca0 (0xacf13db7) lui     s11, 0xacf13
core   0: 3 0x80007ca0 (0xacf13db7) x27 0xacf13000
core   0: 0x80007ca4 (0x03c83933) mulhu   s2, a6, t3
core   0: 3 0x80007ca4 (0x03c83933) x18 0x00000000
core   0: 0x80007ca8 (0x000043a9) c.li    t2, 10
core   0: 3 0x80007ca8 (0x43a9) x7  0x0000000a
core   0: 0x80007caa (0x000087d9) c.srai  a5, 22
core   0: 3 0x80007caa (0x87d9) x15 0x00000000
core   0: 0x80007cac (0xb23d2793) slti    a5, s10, -1245
core   0: 3 0x80007cac (0xb23d2793) x15 0x00000000
core   0: 0x80007cb0 (0x009a5993) srli    s3, s4, 9
core   0: 3 0x80007cb0 (0x009a5993) x19 0x00000000
core   0: 0x80007cb4 (0x02546e33) rem     t3, s0, t0
core   0: 3 0x80007cb4 (0x02546e33) x28 0xff3a8000
core   0: 0x80007cb8 (0x40d7d893) srai    a7, a5, 13
core   0: 3 0x80007cb8 (0x40d7d893) x17 0x00000000
core   0: 0x80007cbc (0xb4db2213) slti    tp, s6, -1203
core   0: 3 0x80007cbc (0xb4db2213) x4  0x00000000
core   0: 0x80007cc0 (0xfae92713) slti    a4, s2, -82
core   0: 3 0x80007cc0 (0xfae92713) x14 0x00000000
core   0: 0x80007cc4 (0x00000521) c.addi  a0, 8
core   0: 3 0x80007cc4 (0x0521) x10 0xfffffffe
core   0: 0x80007cc6 (0x00000001) c.nop
core   0: 3 0x80007cc6 (0x0001)
core   0: 0x80007cc8 (0x025f4e33) div     t3, t5, t0
core   0: 3 0x80007cc8 (0x025f4e33) x28 0x00000000
core   0: 0x80007ccc (0xfe756ae3) bltu    a0, t2, pc - 12
core   0: 3 0x80007ccc (0xfe756ae3)
core   0: 0x80007cd0 (0x02c5cf33) div     t5, a1, a2
core   0: 3 0x80007cd0 (0x02c5cf33) x30 0x1248c504
core   0: 0x80007cd4 (0x000086b9) c.srai  a3, 14
core   0: 3 0x80007cd4 (0x86b9) x13 0xffffffff
core   0: 0x80007cd6 (0xfa361ee3) bne     a2, gp, pc - 68
core   0: 3 0x80007cd6 (0xfa361ee3)
core   0: 0x80007c92 (0x000099be) c.add   s3, a5
core   0: 3 0x80007c92 (0x99be) x19 0x00000000
core   0: 0x80007c94 (0x00000605) c.addi  a2, 1
core   0: 3 0x80007c94 (0x0605) x12 0xfffffffa
core   0: 0x80007c96 (0x0244feb3) remu    t4, s1, tp
core   0: 3 0x80007c96 (0x0244feb3) x29 0xffffffff
core   0: 0x80007c9a (0x00005559) c.li    a0, -10
core   0: 3 0x80007c9a (0x5559) x10 0xfffffff6
core   0: 0x80007c9c (0x0091f7b3) and     a5, gp, s1
core   0: 3 0x80007c9c (0x0091f7b3) x15 0x0000000e
core   0: 0x80007ca0 (0xacf13db7) lui     s11, 0xacf13
core   0: 3 0x80007ca0 (0xacf13db7) x27 0xacf13000
core   0: 0x80007ca4 (0x03c83933) mulhu   s2, a6, t3
core   0: 3 0x80007ca4 (0x03c83933) x18 0x00000000
core   0: 0x80007ca8 (0x000043a9) c.li    t2, 10
core   0: 3 0x80007ca8 (0x43a9) x7  0x0000000a
core   0: 0x80007caa (0x000087d9) c.srai  a5, 22
core   0: 3 0x80007caa (0x87d9) x15 0x00000000
core   0: 0x80007cac (0xb23d2793) slti    a5, s10, -1245
core   0: 3 0x80007cac (0xb23d2793) x15 0x00000000
core   0: 0x80007cb0 (0x009a5993) srli    s3, s4, 9
core   0: 3 0x80007cb0 (0x009a5993) x19 0x00000000
core   0: 0x80007cb4 (0x02546e33) rem     t3, s0, t0
core   0: 3 0x80007cb4 (0x02546e33) x28 0xff3a8000
core   0: 0x80007cb8 (0x40d7d893) srai    a7, a5, 13
core   0: 3 0x80007cb8 (0x40d7d893) x17 0x00000000
core   0: 0x80007cbc (0xb4db2213) slti    tp, s6, -1203
core   0: 3 0x80007cbc (0xb4db2213) x4  0x00000000
core   0: 0x80007cc0 (0xfae92713) slti    a4, s2, -82
core   0: 3 0x80007cc0 (0xfae92713) x14 0x00000000
core   0: 0x80007cc4 (0x00000521) c.addi  a0, 8
core   0: 3 0x80007cc4 (0x0521) x10 0xfffffffe
core   0: 0x80007cc6 (0x00000001) c.nop
core   0: 3 0x80007cc6 (0x0001)
core   0: 0x80007cc8 (0x025f4e33) div     t3, t5, t0
core   0: 3 0x80007cc8 (0x025f4e33) x28 0x00000000
core   0: 0x80007ccc (0xfe756ae3) bltu    a0, t2, pc - 12
core   0: 3 0x80007ccc (0xfe756ae3)
core   0: 0x80007cd0 (0x02c5cf33) div     t5, a1, a2
core   0: 3 0x80007cd0 (0x02c5cf33) x30 0x1554e5da
core   0: 0x80007cd4 (0x000086b9) c.srai  a3, 14
core   0: 3 0x80007cd4 (0x86b9) x13 0xffffffff
core   0: 0x80007cd6 (0xfa361ee3) bne     a2, gp, pc - 68
core   0: 3 0x80007cd6 (0xfa361ee3)
core   0: 0x80007c92 (0x000099be) c.add   s3, a5
core   0: 3 0x80007c92 (0x99be) x19 0x00000000
core   0: 0x80007c94 (0x00000605) c.addi  a2, 1
core   0: 3 0x80007c94 (0x0605) x12 0xfffffffb
core   0: 0x80007c96 (0x0244feb3) remu    t4, s1, tp
core   0: 3 0x80007c96 (0x0244feb3) x29 0xffffffff
core   0: 0x80007c9a (0x00005559) c.li    a0, -10
core   0: 3 0x80007c9a (0x5559) x10 0xfffffff6
core   0: 0x80007c9c (0x0091f7b3) and     a5, gp, s1
core   0: 3 0x80007c9c (0x0091f7b3) x15 0x0000000e
core   0: 0x80007ca0 (0xacf13db7) lui     s11, 0xacf13
core   0: 3 0x80007ca0 (0xacf13db7) x27 0xacf13000
core   0: 0x80007ca4 (0x03c83933) mulhu   s2, a6, t3
core   0: 3 0x80007ca4 (0x03c83933) x18 0x00000000
core   0: 0x80007ca8 (0x000043a9) c.li    t2, 10
core   0: 3 0x80007ca8 (0x43a9) x7  0x0000000a
core   0: 0x80007caa (0x000087d9) c.srai  a5, 22
core   0: 3 0x80007caa (0x87d9) x15 0x00000000
core   0: 0x80007cac (0xb23d2793) slti    a5, s10, -1245
core   0: 3 0x80007cac (0xb23d2793) x15 0x00000000
core   0: 0x80007cb0 (0x009a5993) srli    s3, s4, 9
core   0: 3 0x80007cb0 (0x009a5993) x19 0x00000000
core   0: 0x80007cb4 (0x02546e33) rem     t3, s0, t0
core   0: 3 0x80007cb4 (0x02546e33) x28 0xff3a8000
core   0: 0x80007cb8 (0x40d7d893) srai    a7, a5, 13
core   0: 3 0x80007cb8 (0x40d7d893) x17 0x00000000
core   0: 0x80007cbc (0xb4db2213) slti    tp, s6, -1203
core   0: 3 0x80007cbc (0xb4db2213) x4  0x00000000
core   0: 0x80007cc0 (0xfae92713) slti    a4, s2, -82
core   0: 3 0x80007cc0 (0xfae92713) x14 0x00000000
core   0: 0x80007cc4 (0x00000521) c.addi  a0, 8
core   0: 3 0x80007cc4 (0x0521) x10 0xfffffffe
core   0: 0x80007cc6 (0x00000001) c.nop
core   0: 3 0x80007cc6 (0x0001)
core   0: 0x80007cc8 (0x025f4e33) div     t3, t5, t0
core   0: 3 0x80007cc8 (0x025f4e33) x28 0x00000000
core   0: 0x80007ccc (0xfe756ae3) bltu    a0, t2, pc - 12
core   0: 3 0x80007ccc (0xfe756ae3)
core   0: 0x80007cd0 (0x02c5cf33) div     t5, a1, a2
core   0: 3 0x80007cd0 (0x02c5cf33) x30 0x199913d2
core   0: 0x80007cd4 (0x000086b9) c.srai  a3, 14
core   0: 3 0x80007cd4 (0x86b9) x13 0xffffffff
core   0: 0x80007cd6 (0xfa361ee3) bne     a2, gp, pc - 68
core   0: 3 0x80007cd6 (0xfa361ee3)
core   0: 0x80007c92 (0x000099be) c.add   s3, a5
core   0: 3 0x80007c92 (0x99be) x19 0x00000000
core   0: 0x80007c94 (0x00000605) c.addi  a2, 1
core   0: 3 0x80007c94 (0x0605) x12 0xfffffffc
core   0: 0x80007c96 (0x0244feb3) remu    t4, s1, tp
core   0: 3 0x80007c96 (0x0244feb3) x29 0xffffffff
core   0: 0x80007c9a (0x00005559) c.li    a0, -10
core   0: 3 0x80007c9a (0x5559) x10 0xfffffff6
core   0: 0x80007c9c (0x0091f7b3) and     a5, gp, s1
core   0: 3 0x80007c9c (0x0091f7b3) x15 0x0000000e
core   0: 0x80007ca0 (0xacf13db7) lui     s11, 0xacf13
core   0: 3 0x80007ca0 (0xacf13db7) x27 0xacf13000
core   0: 0x80007ca4 (0x03c83933) mulhu   s2, a6, t3
core   0: 3 0x80007ca4 (0x03c83933) x18 0x00000000
core   0: 0x80007ca8 (0x000043a9) c.li    t2, 10
core   0: 3 0x80007ca8 (0x43a9) x7  0x0000000a
core   0: 0x80007caa (0x000087d9) c.srai  a5, 22
core   0: 3 0x80007caa (0x87d9) x15 0x00000000
core   0: 0x80007cac (0xb23d2793) slti    a5, s10, -1245
core   0: 3 0x80007cac (0xb23d2793) x15 0x00000000
core   0: 0x80007cb0 (0x009a5993) srli    s3, s4, 9
core   0: 3 0x80007cb0 (0x009a5993) x19 0x00000000
core   0: 0x80007cb4 (0x02546e33) rem     t3, s0, t0
core   0: 3 0x80007cb4 (0x02546e33) x28 0xff3a8000
core   0: 0x80007cb8 (0x40d7d893) srai    a7, a5, 13
core   0: 3 0x80007cb8 (0x40d7d893) x17 0x00000000
core   0: 0x80007cbc (0xb4db2213) slti    tp, s6, -1203
core   0: 3 0x80007cbc (0xb4db2213) x4  0x00000000
core   0: 0x80007cc0 (0xfae92713) slti    a4, s2, -82
core   0: 3 0x80007cc0 (0xfae92713) x14 0x00000000
core   0: 0x80007cc4 (0x00000521) c.addi  a0, 8
core   0: 3 0x80007cc4 (0x0521) x10 0xfffffffe
core   0: 0x80007cc6 (0x00000001) c.nop
core   0: 3 0x80007cc6 (0x0001)
core   0: 0x80007cc8 (0x025f4e33) div     t3, t5, t0
core   0: 3 0x80007cc8 (0x025f4e33) x28 0x00000000
core   0: 0x80007ccc (0xfe756ae3) bltu    a0, t2, pc - 12
core   0: 3 0x80007ccc (0xfe756ae3)
core   0: 0x80007cd0 (0x02c5cf33) div     t5, a1, a2
core   0: 3 0x80007cd0 (0x02c5cf33) x30 0x1fff58c7
core   0: 0x80007cd4 (0x000086b9) c.srai  a3, 14
core   0: 3 0x80007cd4 (0x86b9) x13 0xffffffff
core   0: 0x80007cd6 (0xfa361ee3) bne     a2, gp, pc - 68
core   0: 3 0x80007cd6 (0xfa361ee3)
core   0: 0x80007c92 (0x000099be) c.add   s3, a5
core   0: 3 0x80007c92 (0x99be) x19 0x00000000
core   0: 0x80007c94 (0x00000605) c.addi  a2, 1
core   0: 3 0x80007c94 (0x0605) x12 0xfffffffd
core   0: 0x80007c96 (0x0244feb3) remu    t4, s1, tp
core   0: 3 0x80007c96 (0x0244feb3) x29 0xffffffff
core   0: 0x80007c9a (0x00005559) c.li    a0, -10
core   0: 3 0x80007c9a (0x5559) x10 0xfffffff6
core   0: 0x80007c9c (0x0091f7b3) and     a5, gp, s1
core   0: 3 0x80007c9c (0x0091f7b3) x15 0x0000000e
core   0: 0x80007ca0 (0xacf13db7) lui     s11, 0xacf13
core   0: 3 0x80007ca0 (0xacf13db7) x27 0xacf13000
core   0: 0x80007ca4 (0x03c83933) mulhu   s2, a6, t3
core   0: 3 0x80007ca4 (0x03c83933) x18 0x00000000
core   0: 0x80007ca8 (0x000043a9) c.li    t2, 10
core   0: 3 0x80007ca8 (0x43a9) x7  0x0000000a
core   0: 0x80007caa (0x000087d9) c.srai  a5, 22
core   0: 3 0x80007caa (0x87d9) x15 0x00000000
core   0: 0x80007cac (0xb23d2793) slti    a5, s10, -1245
core   0: 3 0x80007cac (0xb23d2793) x15 0x00000000
core   0: 0x80007cb0 (0x009a5993) srli    s3, s4, 9
core   0: 3 0x80007cb0 (0x009a5993) x19 0x00000000
core   0: 0x80007cb4 (0x02546e33) rem     t3, s0, t0
core   0: 3 0x80007cb4 (0x02546e33) x28 0xff3a8000
core   0: 0x80007cb8 (0x40d7d893) srai    a7, a5, 13
core   0: 3 0x80007cb8 (0x40d7d893) x17 0x00000000
core   0: 0x80007cbc (0xb4db2213) slti    tp, s6, -1203
core   0: 3 0x80007cbc (0xb4db2213) x4  0x00000000
core   0: 0x80007cc0 (0xfae92713) slti    a4, s2, -82
core   0: 3 0x80007cc0 (0xfae92713) x14 0x00000000
core   0: 0x80007cc4 (0x00000521) c.addi  a0, 8
core   0: 3 0x80007cc4 (0x0521) x10 0xfffffffe
core   0: 0x80007cc6 (0x00000001) c.nop
core   0: 3 0x80007cc6 (0x0001)
core   0: 0x80007cc8 (0x025f4e33) div     t3, t5, t0
core   0: 3 0x80007cc8 (0x025f4e33) x28 0x00000000
core   0: 0x80007ccc (0xfe756ae3) bltu    a0, t2, pc - 12
core   0: 3 0x80007ccc (0xfe756ae3)
core   0: 0x80007cd0 (0x02c5cf33) div     t5, a1, a2
core   0: 3 0x80007cd0 (0x02c5cf33) x30 0x2aa9cbb4
core   0: 0x80007cd4 (0x000086b9) c.srai  a3, 14
core   0: 3 0x80007cd4 (0x86b9) x13 0xffffffff
core   0: 0x80007cd6 (0xfa361ee3) bne     a2, gp, pc - 68
core   0: 3 0x80007cd6 (0xfa361ee3)
core   0: 0x80007c92 (0x000099be) c.add   s3, a5
core   0: 3 0x80007c92 (0x99be) x19 0x00000000
core   0: 0x80007c94 (0x00000605) c.addi  a2, 1
core   0: 3 0x80007c94 (0x0605) x12 0xfffffffe
core   0: 0x80007c96 (0x0244feb3) remu    t4, s1, tp
core   0: 3 0x80007c96 (0x0244feb3) x29 0xffffffff
core   0: 0x80007c9a (0x00005559) c.li    a0, -10
core   0: 3 0x80007c9a (0x5559) x10 0xfffffff6
core   0: 0x80007c9c (0x0091f7b3) and     a5, gp, s1
core   0: 3 0x80007c9c (0x0091f7b3) x15 0x0000000e
core   0: 0x80007ca0 (0xacf13db7) lui     s11, 0xacf13
core   0: 3 0x80007ca0 (0xacf13db7) x27 0xacf13000
core   0: 0x80007ca4 (0x03c83933) mulhu   s2, a6, t3
core   0: 3 0x80007ca4 (0x03c83933) x18 0x00000000
core   0: 0x80007ca8 (0x000043a9) c.li    t2, 10
core   0: 3 0x80007ca8 (0x43a9) x7  0x0000000a
core   0: 0x80007caa (0x000087d9) c.srai  a5, 22
core   0: 3 0x80007caa (0x87d9) x15 0x00000000
core   0: 0x80007cac (0xb23d2793) slti    a5, s10, -1245
core   0: 3 0x80007cac (0xb23d2793) x15 0x00000000
core   0: 0x80007cb0 (0x009a5993) srli    s3, s4, 9
core   0: 3 0x80007cb0 (0x009a5993) x19 0x00000000
core   0: 0x80007cb4 (0x02546e33) rem     t3, s0, t0
core   0: 3 0x80007cb4 (0x02546e33) x28 0xff3a8000
core   0: 0x80007cb8 (0x40d7d893) srai    a7, a5, 13
core   0: 3 0x80007cb8 (0x40d7d893) x17 0x00000000
core   0: 0x80007cbc (0xb4db2213) slti    tp, s6, -1203
core   0: 3 0x80007cbc (0xb4db2213) x4  0x00000000
core   0: 0x80007cc0 (0xfae92713) slti    a4, s2, -82
core   0: 3 0x80007cc0 (0xfae92713) x14 0x00000000
core   0: 0x80007cc4 (0x00000521) c.addi  a0, 8
core   0: 3 0x80007cc4 (0x0521) x10 0xfffffffe
core   0: 0x80007cc6 (0x00000001) c.nop
core   0: 3 0x80007cc6 (0x0001)
core   0: 0x80007cc8 (0x025f4e33) div     t3, t5, t0
core   0: 3 0x80007cc8 (0x025f4e33) x28 0x00000000
core   0: 0x80007ccc (0xfe756ae3) bltu    a0, t2, pc - 12
core   0: 3 0x80007ccc (0xfe756ae3)
core   0: 0x80007cd0 (0x02c5cf33) div     t5, a1, a2
core   0: 3 0x80007cd0 (0x02c5cf33) x30 0x3ffeb18e
core   0: 0x80007cd4 (0x000086b9) c.srai  a3, 14
core   0: 3 0x80007cd4 (0x86b9) x13 0xffffffff
core   0: 0x80007cd6 (0xfa361ee3) bne     a2, gp, pc - 68
core   0: 3 0x80007cd6 (0xfa361ee3)
core   0: 0x80007c92 (0x000099be) c.add   s3, a5
core   0: 3 0x80007c92 (0x99be) x19 0x00000000
core   0: 0x80007c94 (0x00000605) c.addi  a2, 1
core   0: 3 0x80007c94 (0x0605) x12 0xffffffff
core   0: 0x80007c96 (0x0244feb3) remu    t4, s1, tp
core   0: 3 0x80007c96 (0x0244feb3) x29 0xffffffff
core   0: 0x80007c9a (0x00005559) c.li    a0, -10
core   0: 3 0x80007c9a (0x5559) x10 0xfffffff6
core   0: 0x80007c9c (0x0091f7b3) and     a5, gp, s1
core   0: 3 0x80007c9c (0x0091f7b3) x15 0x0000000e
core   0: 0x80007ca0 (0xacf13db7) lui     s11, 0xacf13
core   0: 3 0x80007ca0 (0xacf13db7) x27 0xacf13000
core   0: 0x80007ca4 (0x03c83933) mulhu   s2, a6, t3
core   0: 3 0x80007ca4 (0x03c83933) x18 0x00000000
core   0: 0x80007ca8 (0x000043a9) c.li    t2, 10
core   0: 3 0x80007ca8 (0x43a9) x7  0x0000000a
core   0: 0x80007caa (0x000087d9) c.srai  a5, 22
core   0: 3 0x80007caa (0x87d9) x15 0x00000000
core   0: 0x80007cac (0xb23d2793) slti    a5, s10, -1245
core   0: 3 0x80007cac (0xb23d2793) x15 0x00000000
core   0: 0x80007cb0 (0x009a5993) srli    s3, s4, 9
core   0: 3 0x80007cb0 (0x009a5993) x19 0x00000000
core   0: 0x80007cb4 (0x02546e33) rem     t3, s0, t0
core   0: 3 0x80007cb4 (0x02546e33) x28 0xff3a8000
core   0: 0x80007cb8 (0x40d7d893) srai    a7, a5, 13
core   0: 3 0x80007cb8 (0x40d7d893) x17 0x00000000
core   0: 0x80007cbc (0xb4db2213) slti    tp, s6, -1203
core   0: 3 0x80007cbc (0xb4db2213) x4  0x00000000
core   0: 0x80007cc0 (0xfae92713) slti    a4, s2, -82
core   0: 3 0x80007cc0 (0xfae92713) x14 0x00000000
core   0: 0x80007cc4 (0x00000521) c.addi  a0, 8
core   0: 3 0x80007cc4 (0x0521) x10 0xfffffffe
core   0: 0x80007cc6 (0x00000001) c.nop
core   0: 3 0x80007cc6 (0x0001)
core   0: 0x80007cc8 (0x025f4e33) div     t3, t5, t0
core   0: 3 0x80007cc8 (0x025f4e33) x28 0x00000000
core   0: 0x80007ccc (0xfe756ae3) bltu    a0, t2, pc - 12
core   0: 3 0x80007ccc (0xfe756ae3)
core   0: 0x80007cd0 (0x02c5cf33) div     t5, a1, a2
core   0: 3 0x80007cd0 (0x02c5cf33) x30 0x7ffd631c
core   0: 0x80007cd4 (0x000086b9) c.srai  a3, 14
core   0: 3 0x80007cd4 (0x86b9) x13 0xffffffff
core   0: 0x80007cd6 (0xfa361ee3) bne     a2, gp, pc - 68
core   0: 3 0x80007cd6 (0xfa361ee3)
core   0: 0x80007c92 (0x000099be) c.add   s3, a5
core   0: 3 0x80007c92 (0x99be) x19 0x00000000
core   0: 0x80007c94 (0x00000605) c.addi  a2, 1
core   0: 3 0x80007c94 (0x0605) x12 0x00000000
core   0: 0x80007c96 (0x0244feb3) remu    t4, s1, tp
core   0: 3 0x80007c96 (0x0244feb3) x29 0xffffffff
core   0: 0x80007c9a (0x00005559) c.li    a0, -10
core   0: 3 0x80007c9a (0x5559) x10 0xfffffff6
core   0: 0x80007c9c (0x0091f7b3) and     a5, gp, s1
core   0: 3 0x80007c9c (0x0091f7b3) x15 0x0000000e
core   0: 0x80007ca0 (0xacf13db7) lui     s11, 0xacf13
core   0: 3 0x80007ca0 (0xacf13db7) x27 0xacf13000
core   0: 0x80007ca4 (0x03c83933) mulhu   s2, a6, t3
core   0: 3 0x80007ca4 (0x03c83933) x18 0x00000000
core   0: 0x80007ca8 (0x000043a9) c.li    t2, 10
core   0: 3 0x80007ca8 (0x43a9) x7  0x0000000a
core   0: 0x80007caa (0x000087d9) c.srai  a5, 22
core   0: 3 0x80007caa (0x87d9) x15 0x00000000
core   0: 0x80007cac (0xb23d2793) slti    a5, s10, -1245
core   0: 3 0x80007cac (0xb23d2793) x15 0x00000000
core   0: 0x80007cb0 (0x009a5993) srli    s3, s4, 9
core   0: 3 0x80007cb0 (0x009a5993) x19 0x00000000
core   0: 0x80007cb4 (0x02546e33) rem     t3, s0, t0
core   0: 3 0x80007cb4 (0x02546e33) x28 0xff3a8000
core   0: 0x80007cb8 (0x40d7d893) srai    a7, a5, 13
core   0: 3 0x80007cb8 (0x40d7d893) x17 0x00000000
core   0: 0x80007cbc (0xb4db2213) slti    tp, s6, -1203
core   0: 3 0x80007cbc (0xb4db2213) x4  0x00000000
core   0: 0x80007cc0 (0xfae92713) slti    a4, s2, -82
core   0: 3 0x80007cc0 (0xfae92713) x14 0x00000000
core   0: 0x80007cc4 (0x00000521) c.addi  a0, 8
core   0: 3 0x80007cc4 (0x0521) x10 0xfffffffe
core   0: 0x80007cc6 (0x00000001) c.nop
core   0: 3 0x80007cc6 (0x0001)
core   0: 0x80007cc8 (0x025f4e33) div     t3, t5, t0
core   0: 3 0x80007cc8 (0x025f4e33) x28 0xffffffff
core   0: 0x80007ccc (0xfe756ae3) bltu    a0, t2, pc - 12
core   0: 3 0x80007ccc (0xfe756ae3)
core   0: 0x80007cd0 (0x02c5cf33) div     t5, a1, a2
core   0: 3 0x80007cd0 (0x02c5cf33) x30 0xffffffff
core   0: 0x80007cd4 (0x000086b9) c.srai  a3, 14
core   0: 3 0x80007cd4 (0x86b9) x13 0xffffffff
core   0: 0x80007cd6 (0xfa361ee3) bne     a2, gp, pc - 68
core   0: 3 0x80007cd6 (0xfa361ee3)
core   0: 0x80007c92 (0x000099be) c.add   s3, a5
core   0: 3 0x80007c92 (0x99be) x19 0x00000000
core   0: 0x80007c94 (0x00000605) c.addi  a2, 1
core   0: 3 0x80007c94 (0x0605) x12 0x00000001
core   0: 0x80007c96 (0x0244feb3) remu    t4, s1, tp
core   0: 3 0x80007c96 (0x0244feb3) x29 0xffffffff
core   0: 0x80007c9a (0x00005559) c.li    a0, -10
core   0: 3 0x80007c9a (0x5559) x10 0xfffffff6
core   0: 0x80007c9c (0x0091f7b3) and     a5, gp, s1
core   0: 3 0x80007c9c (0x0091f7b3) x15 0x0000000e
core   0: 0x80007ca0 (0xacf13db7) lui     s11, 0xacf13
core   0: 3 0x80007ca0 (0xacf13db7) x27 0xacf13000
core   0: 0x80007ca4 (0x03c83933) mulhu   s2, a6, t3
core   0: 3 0x80007ca4 (0x03c83933) x18 0x09c24ccb
core   0: 0x80007ca8 (0x000043a9) c.li    t2, 10
core   0: 3 0x80007ca8 (0x43a9) x7  0x0000000a
core   0: 0x80007caa (0x000087d9) c.srai  a5, 22
core   0: 3 0x80007caa (0x87d9) x15 0x00000000
core   0: 0x80007cac (0xb23d2793) slti    a5, s10, -1245
core   0: 3 0x80007cac (0xb23d2793) x15 0x00000000
core   0: 0x80007cb0 (0x009a5993) srli    s3, s4, 9
core   0: 3 0x80007cb0 (0x009a5993) x19 0x00000000
core   0: 0x80007cb4 (0x02546e33) rem     t3, s0, t0
core   0: 3 0x80007cb4 (0x02546e33) x28 0xff3a8000
core   0: 0x80007cb8 (0x40d7d893) srai    a7, a5, 13
core   0: 3 0x80007cb8 (0x40d7d893) x17 0x00000000
core   0: 0x80007cbc (0xb4db2213) slti    tp, s6, -1203
core   0: 3 0x80007cbc (0xb4db2213) x4  0x00000000
core   0: 0x80007cc0 (0xfae92713) slti    a4, s2, -82
core   0: 3 0x80007cc0 (0xfae92713) x14 0x00000000
core   0: 0x80007cc4 (0x00000521) c.addi  a0, 8
core   0: 3 0x80007cc4 (0x0521) x10 0xfffffffe
core   0: 0x80007cc6 (0x00000001) c.nop
core   0: 3 0x80007cc6 (0x0001)
core   0: 0x80007cc8 (0x025f4e33) div     t3, t5, t0
core   0: 3 0x80007cc8 (0x025f4e33) x28 0x00000000
core   0: 0x80007ccc (0xfe756ae3) bltu    a0, t2, pc - 12
core   0: 3 0x80007ccc (0xfe756ae3)
core   0: 0x80007cd0 (0x02c5cf33) div     t5, a1, a2
core   0: 3 0x80007cd0 (0x02c5cf33) x30 0x80029ce4
core   0: 0x80007cd4 (0x000086b9) c.srai  a3, 14
core   0: 3 0x80007cd4 (0x86b9) x13 0xffffffff
core   0: 0x80007cd6 (0xfa361ee3) bne     a2, gp, pc - 68
core   0: 3 0x80007cd6 (0xfa361ee3)
core   0: 0x80007c92 (0x000099be) c.add   s3, a5
core   0: 3 0x80007c92 (0x99be) x19 0x00000000
core   0: 0x80007c94 (0x00000605) c.addi  a2, 1
core   0: 3 0x80007c94 (0x0605) x12 0x00000002
core   0: 0x80007c96 (0x0244feb3) remu    t4, s1, tp
core   0: 3 0x80007c96 (0x0244feb3) x29 0xffffffff
core   0: 0x80007c9a (0x00005559) c.li    a0, -10
core   0: 3 0x80007c9a (0x5559) x10 0xfffffff6
core   0: 0x80007c9c (0x0091f7b3) and     a5, gp, s1
core   0: 3 0x80007c9c (0x0091f7b3) x15 0x0000000e
core   0: 0x80007ca0 (0xacf13db7) lui     s11, 0xacf13
core   0: 3 0x80007ca0 (0xacf13db7) x27 0xacf13000
core   0: 0x80007ca4 (0x03c83933) mulhu   s2, a6, t3
core   0: 3 0x80007ca4 (0x03c83933) x18 0x00000000
core   0: 0x80007ca8 (0x000043a9) c.li    t2, 10
core   0: 3 0x80007ca8 (0x43a9) x7  0x0000000a
core   0: 0x80007caa (0x000087d9) c.srai  a5, 22
core   0: 3 0x80007caa (0x87d9) x15 0x00000000
core   0: 0x80007cac (0xb23d2793) slti    a5, s10, -1245
core   0: 3 0x80007cac (0xb23d2793) x15 0x00000000
core   0: 0x80007cb0 (0x009a5993) srli    s3, s4, 9
core   0: 3 0x80007cb0 (0x009a5993) x19 0x00000000
core   0: 0x80007cb4 (0x02546e33) rem     t3, s0, t0
core   0: 3 0x80007cb4 (0x02546e33) x28 0xff3a8000
core   0: 0x80007cb8 (0x40d7d893) srai    a7, a5, 13
core   0: 3 0x80007cb8 (0x40d7d893) x17 0x00000000
core   0: 0x80007cbc (0xb4db2213) slti    tp, s6, -1203
core   0: 3 0x80007cbc (0xb4db2213) x4  0x00000000
core   0: 0x80007cc0 (0xfae92713) slti    a4, s2, -82
core   0: 3 0x80007cc0 (0xfae92713) x14 0x00000000
core   0: 0x80007cc4 (0x00000521) c.addi  a0, 8
core   0: 3 0x80007cc4 (0x0521) x10 0xfffffffe
core   0: 0x80007cc6 (0x00000001) c.nop
core   0: 3 0x80007cc6 (0x0001)
core   0: 0x80007cc8 (0x025f4e33) div     t3, t5, t0
core   0: 3 0x80007cc8 (0x025f4e33) x28 0x00000001
core   0: 0x80007ccc (0xfe756ae3) bltu    a0, t2, pc - 12
core   0: 3 0x80007ccc (0xfe756ae3)
core   0: 0x80007cd0 (0x02c5cf33) div     t5, a1, a2
core   0: 3 0x80007cd0 (0x02c5cf33) x30 0xc0014e72
core   0: 0x80007cd4 (0x000086b9) c.srai  a3, 14
core   0: 3 0x80007cd4 (0x86b9) x13 0xffffffff
core   0: 0x80007cd6 (0xfa361ee3) bne     a2, gp, pc - 68
core   0: 3 0x80007cd6 (0xfa361ee3)
core   0: 0x80007c92 (0x000099be) c.add   s3, a5
core   0: 3 0x80007c92 (0x99be) x19 0x00000000
core   0: 0x80007c94 (0x00000605) c.addi  a2, 1
core   0: 3 0x80007c94 (0x0605) x12 0x00000003
core   0: 0x80007c96 (0x0244feb3) remu    t4, s1, tp
core   0: 3 0x80007c96 (0x0244feb3) x29 0xffffffff
core   0: 0x80007c9a (0x00005559) c.li    a0, -10
core   0: 3 0x80007c9a (0x5559) x10 0xfffffff6
core   0: 0x80007c9c (0x0091f7b3) and     a5, gp, s1
core   0: 3 0x80007c9c (0x0091f7b3) x15 0x0000000e
core   0: 0x80007ca0 (0xacf13db7) lui     s11, 0xacf13
core   0: 3 0x80007ca0 (0xacf13db7) x27 0xacf13000
core   0: 0x80007ca4 (0x03c83933) mulhu   s2, a6, t3
core   0: 3 0x80007ca4 (0x03c83933) x18 0x00000000
core   0: 0x80007ca8 (0x000043a9) c.li    t2, 10
core   0: 3 0x80007ca8 (0x43a9) x7  0x0000000a
core   0: 0x80007caa (0x000087d9) c.srai  a5, 22
core   0: 3 0x80007caa (0x87d9) x15 0x00000000
core   0: 0x80007cac (0xb23d2793) slti    a5, s10, -1245
core   0: 3 0x80007cac (0xb23d2793) x15 0x00000000
core   0: 0x80007cb0 (0x009a5993) srli    s3, s4, 9
core   0: 3 0x80007cb0 (0x009a5993) x19 0x00000000
core   0: 0x80007cb4 (0x02546e33) rem     t3, s0, t0
core   0: 3 0x80007cb4 (0x02546e33) x28 0xff3a8000
core   0: 0x80007cb8 (0x40d7d893) srai    a7, a5, 13
core   0: 3 0x80007cb8 (0x40d7d893) x17 0x00000000
core   0: 0x80007cbc (0xb4db2213) slti    tp, s6, -1203
core   0: 3 0x80007cbc (0xb4db2213) x4  0x00000000
core   0: 0x80007cc0 (0xfae92713) slti    a4, s2, -82
core   0: 3 0x80007cc0 (0xfae92713) x14 0x00000000
core   0: 0x80007cc4 (0x00000521) c.addi  a0, 8
core   0: 3 0x80007cc4 (0x0521) x10 0xfffffffe
core   0: 0x80007cc6 (0x00000001) c.nop
core   0: 3 0x80007cc6 (0x0001)
core   0: 0x80007cc8 (0x025f4e33) div     t3, t5, t0
core   0: 3 0x80007cc8 (0x025f4e33) x28 0x00000000
core   0: 0x80007ccc (0xfe756ae3) bltu    a0, t2, pc - 12
core   0: 3 0x80007ccc (0xfe756ae3)
core   0: 0x80007cd0 (0x02c5cf33) div     t5, a1, a2
core   0: 3 0x80007cd0 (0x02c5cf33) x30 0xd556344c
core   0: 0x80007cd4 (0x000086b9) c.srai  a3, 14
core   0: 3 0x80007cd4 (0x86b9) x13 0xffffffff
core   0: 0x80007cd6 (0xfa361ee3) bne     a2, gp, pc - 68
core   0: 3 0x80007cd6 (0xfa361ee3)
core   0: 0x80007c92 (0x000099be) c.add   s3, a5
core   0: 3 0x80007c92 (0x99be) x19 0x00000000
core   0: 0x80007c94 (0x00000605) c.addi  a2, 1
core   0: 3 0x80007c94 (0x0605) x12 0x00000004
core   0: 0x80007c96 (0x0244feb3) remu    t4, s1, tp
core   0: 3 0x80007c96 (0x0244feb3) x29 0xffffffff
core   0: 0x80007c9a (0x00005559) c.li    a0, -10
core   0: 3 0x80007c9a (0x5559) x10 0xfffffff6
core   0: 0x80007c9c (0x0091f7b3) and     a5, gp, s1
core   0: 3 0x80007c9c (0x0091f7b3) x15 0x0000000e
core   0: 0x80007ca0 (0xacf13db7) lui     s11, 0xacf13
core   0: 3 0x80007ca0 (0xacf13db7) x27 0xacf13000
core   0: 0x80007ca4 (0x03c83933) mulhu   s2, a6, t3
core   0: 3 0x80007ca4 (0x03c83933) x18 0x00000000
core   0: 0x80007ca8 (0x000043a9) c.li    t2, 10
core   0: 3 0x80007ca8 (0x43a9) x7  0x0000000a
core   0: 0x80007caa (0x000087d9) c.srai  a5, 22
core   0: 3 0x80007caa (0x87d9) x15 0x00000000
core   0: 0x80007cac (0xb23d2793) slti    a5, s10, -1245
core   0: 3 0x80007cac (0xb23d2793) x15 0x00000000
core   0: 0x80007cb0 (0x009a5993) srli    s3, s4, 9
core   0: 3 0x80007cb0 (0x009a5993) x19 0x00000000
core   0: 0x80007cb4 (0x02546e33) rem     t3, s0, t0
core   0: 3 0x80007cb4 (0x02546e33) x28 0xff3a8000
core   0: 0x80007cb8 (0x40d7d893) srai    a7, a5, 13
core   0: 3 0x80007cb8 (0x40d7d893) x17 0x00000000
core   0: 0x80007cbc (0xb4db2213) slti    tp, s6, -1203
core   0: 3 0x80007cbc (0xb4db2213) x4  0x00000000
core   0: 0x80007cc0 (0xfae92713) slti    a4, s2, -82
core   0: 3 0x80007cc0 (0xfae92713) x14 0x00000000
core   0: 0x80007cc4 (0x00000521) c.addi  a0, 8
core   0: 3 0x80007cc4 (0x0521) x10 0xfffffffe
core   0: 0x80007cc6 (0x00000001) c.nop
core   0: 3 0x80007cc6 (0x0001)
core   0: 0x80007cc8 (0x025f4e33) div     t3, t5, t0
core   0: 3 0x80007cc8 (0x025f4e33) x28 0x00000000
core   0: 0x80007ccc (0xfe756ae3) bltu    a0, t2, pc - 12
core   0: 3 0x80007ccc (0xfe756ae3)
core   0: 0x80007cd0 (0x02c5cf33) div     t5, a1, a2
core   0: 3 0x80007cd0 (0x02c5cf33) x30 0xe000a739
core   0: 0x80007cd4 (0x000086b9) c.srai  a3, 14
core   0: 3 0x80007cd4 (0x86b9) x13 0xffffffff
core   0: 0x80007cd6 (0xfa361ee3) bne     a2, gp, pc - 68
core   0: 3 0x80007cd6 (0xfa361ee3)
core   0: 0x80007c92 (0x000099be) c.add   s3, a5
core   0: 3 0x80007c92 (0x99be) x19 0x00000000
core   0: 0x80007c94 (0x00000605) c.addi  a2, 1
core   0: 3 0x80007c94 (0x0605) x12 0x00000005
core   0: 0x80007c96 (0x0244feb3) remu    t4, s1, tp
core   0: 3 0x80007c96 (0x0244feb3) x29 0xffffffff
core   0: 0x80007c9a (0x00005559) c.li    a0, -10
core   0: 3 0x80007c9a (0x5559) x10 0xfffffff6
core   0: 0x80007c9c (0x0091f7b3) and     a5, gp, s1
core   0: 3 0x80007c9c (0x0091f7b3) x15 0x0000000e
core   0: 0x80007ca0 (0xacf13db7) lui     s11, 0xacf13
core   0: 3 0x80007ca0 (0xacf13db7) x27 0xacf13000
core   0: 0x80007ca4 (0x03c83933) mulhu   s2, a6, t3
core   0: 3 0x80007ca4 (0x03c83933) x18 0x00000000
core   0: 0x80007ca8 (0x000043a9) c.li    t2, 10
core   0: 3 0x80007ca8 (0x43a9) x7  0x0000000a
core   0: 0x80007caa (0x000087d9) c.srai  a5, 22
core   0: 3 0x80007caa (0x87d9) x15 0x00000000
core   0: 0x80007cac (0xb23d2793) slti    a5, s10, -1245
core   0: 3 0x80007cac (0xb23d2793) x15 0x00000000
core   0: 0x80007cb0 (0x009a5993) srli    s3, s4, 9
core   0: 3 0x80007cb0 (0x009a5993) x19 0x00000000
core   0: 0x80007cb4 (0x02546e33) rem     t3, s0, t0
core   0: 3 0x80007cb4 (0x02546e33) x28 0xff3a8000
core   0: 0x80007cb8 (0x40d7d893) srai    a7, a5, 13
core   0: 3 0x80007cb8 (0x40d7d893) x17 0x00000000
core   0: 0x80007cbc (0xb4db2213) slti    tp, s6, -1203
core   0: 3 0x80007cbc (0xb4db2213) x4  0x00000000
core   0: 0x80007cc0 (0xfae92713) slti    a4, s2, -82
core   0: 3 0x80007cc0 (0xfae92713) x14 0x00000000
core   0: 0x80007cc4 (0x00000521) c.addi  a0, 8
core   0: 3 0x80007cc4 (0x0521) x10 0xfffffffe
core   0: 0x80007cc6 (0x00000001) c.nop
core   0: 3 0x80007cc6 (0x0001)
core   0: 0x80007cc8 (0x025f4e33) div     t3, t5, t0
core   0: 3 0x80007cc8 (0x025f4e33) x28 0x00000000
core   0: 0x80007ccc (0xfe756ae3) bltu    a0, t2, pc - 12
core   0: 3 0x80007ccc (0xfe756ae3)
core   0: 0x80007cd0 (0x02c5cf33) div     t5, a1, a2
core   0: 3 0x80007cd0 (0x02c5cf33) x30 0xe666ec2e
core   0: 0x80007cd4 (0x000086b9) c.srai  a3, 14
core   0: 3 0x80007cd4 (0x86b9) x13 0xffffffff
core   0: 0x80007cd6 (0xfa361ee3) bne     a2, gp, pc - 68
core   0: 3 0x80007cd6 (0xfa361ee3)
core   0: 0x80007c92 (0x000099be) c.add   s3, a5
core   0: 3 0x80007c92 (0x99be) x19 0x00000000
core   0: 0x80007c94 (0x00000605) c.addi  a2, 1
core   0: 3 0x80007c94 (0x0605) x12 0x00000006
core   0: 0x80007c96 (0x0244feb3) remu    t4, s1, tp
core   0: 3 0x80007c96 (0x0244feb3) x29 0xffffffff
core   0: 0x80007c9a (0x00005559) c.li    a0, -10
core   0: 3 0x80007c9a (0x5559) x10 0xfffffff6
core   0: 0x80007c9c (0x0091f7b3) and     a5, gp, s1
core   0: 3 0x80007c9c (0x0091f7b3) x15 0x0000000e
core   0: 0x80007ca0 (0xacf13db7) lui     s11, 0xacf13
core   0: 3 0x80007ca0 (0xacf13db7) x27 0xacf13000
core   0: 0x80007ca4 (0x03c83933) mulhu   s2, a6, t3
core   0: 3 0x80007ca4 (0x03c83933) x18 0x00000000
core   0: 0x80007ca8 (0x000043a9) c.li    t2, 10
core   0: 3 0x80007ca8 (0x43a9) x7  0x0000000a
core   0: 0x80007caa (0x000087d9) c.srai  a5, 22
core   0: 3 0x80007caa (0x87d9) x15 0x00000000
core   0: 0x80007cac (0xb23d2793) slti    a5, s10, -1245
core   0: 3 0x80007cac (0xb23d2793) x15 0x00000000
core   0: 0x80007cb0 (0x009a5993) srli    s3, s4, 9
core   0: 3 0x80007cb0 (0x009a5993) x19 0x00000000
core   0: 0x80007cb4 (0x02546e33) rem     t3, s0, t0
core   0: 3 0x80007cb4 (0x02546e33) x28 0xff3a8000
core   0: 0x80007cb8 (0x40d7d893) srai    a7, a5, 13
core   0: 3 0x80007cb8 (0x40d7d893) x17 0x00000000
core   0: 0x80007cbc (0xb4db2213) slti    tp, s6, -1203
core   0: 3 0x80007cbc (0xb4db2213) x4  0x00000000
core   0: 0x80007cc0 (0xfae92713) slti    a4, s2, -82
core   0: 3 0x80007cc0 (0xfae92713) x14 0x00000000
core   0: 0x80007cc4 (0x00000521) c.addi  a0, 8
core   0: 3 0x80007cc4 (0x0521) x10 0xfffffffe
core   0: 0x80007cc6 (0x00000001) c.nop
core   0: 3 0x80007cc6 (0x0001)
core   0: 0x80007cc8 (0x025f4e33) div     t3, t5, t0
core   0: 3 0x80007cc8 (0x025f4e33) x28 0x00000000
core   0: 0x80007ccc (0xfe756ae3) bltu    a0, t2, pc - 12
core   0: 3 0x80007ccc (0xfe756ae3)
core   0: 0x80007cd0 (0x02c5cf33) div     t5, a1, a2
core   0: 3 0x80007cd0 (0x02c5cf33) x30 0xeaab1a26
core   0: 0x80007cd4 (0x000086b9) c.srai  a3, 14
core   0: 3 0x80007cd4 (0x86b9) x13 0xffffffff
core   0: 0x80007cd6 (0xfa361ee3) bne     a2, gp, pc - 68
core   0: 3 0x80007cd6 (0xfa361ee3)
core   0: 0x80007c92 (0x000099be) c.add   s3, a5
core   0: 3 0x80007c92 (0x99be) x19 0x00000000
core   0: 0x80007c94 (0x00000605) c.addi  a2, 1
core   0: 3 0x80007c94 (0x0605) x12 0x00000007
core   0: 0x80007c96 (0x0244feb3) remu    t4, s1, tp
core   0: 3 0x80007c96 (0x0244feb3) x29 0xffffffff
core   0: 0x80007c9a (0x00005559) c.li    a0, -10
core   0: 3 0x80007c9a (0x5559) x10 0xfffffff6
core   0: 0x80007c9c (0x0091f7b3) and     a5, gp, s1
core   0: 3 0x80007c9c (0x0091f7b3) x15 0x0000000e
core   0: 0x80007ca0 (0xacf13db7) lui     s11, 0xacf13
core   0: 3 0x80007ca0 (0xacf13db7) x27 0xacf13000
core   0: 0x80007ca4 (0x03c83933) mulhu   s2, a6, t3
core   0: 3 0x80007ca4 (0x03c83933) x18 0x00000000
core   0: 0x80007ca8 (0x000043a9) c.li    t2, 10
core   0: 3 0x80007ca8 (0x43a9) x7  0x0000000a
core   0: 0x80007caa (0x000087d9) c.srai  a5, 22
core   0: 3 0x80007caa (0x87d9) x15 0x00000000
core   0: 0x80007cac (0xb23d2793) slti    a5, s10, -1245
core   0: 3 0x80007cac (0xb23d2793) x15 0x00000000
core   0: 0x80007cb0 (0x009a5993) srli    s3, s4, 9
core   0: 3 0x80007cb0 (0x009a5993) x19 0x00000000
core   0: 0x80007cb4 (0x02546e33) rem     t3, s0, t0
core   0: 3 0x80007cb4 (0x02546e33) x28 0xff3a8000
core   0: 0x80007cb8 (0x40d7d893) srai    a7, a5, 13
core   0: 3 0x80007cb8 (0x40d7d893) x17 0x00000000
core   0: 0x80007cbc (0xb4db2213) slti    tp, s6, -1203
core   0: 3 0x80007cbc (0xb4db2213) x4  0x00000000
core   0: 0x80007cc0 (0xfae92713) slti    a4, s2, -82
core   0: 3 0x80007cc0 (0xfae92713) x14 0x00000000
core   0: 0x80007cc4 (0x00000521) c.addi  a0, 8
core   0: 3 0x80007cc4 (0x0521) x10 0xfffffffe
core   0: 0x80007cc6 (0x00000001) c.nop
core   0: 3 0x80007cc6 (0x0001)
core   0: 0x80007cc8 (0x025f4e33) div     t3, t5, t0
core   0: 3 0x80007cc8 (0x025f4e33) x28 0x00000000
core   0: 0x80007ccc (0xfe756ae3) bltu    a0, t2, pc - 12
core   0: 3 0x80007ccc (0xfe756ae3)
core   0: 0x80007cd0 (0x02c5cf33) div     t5, a1, a2
core   0: 3 0x80007cd0 (0x02c5cf33) x30 0xedb73afc
core   0: 0x80007cd4 (0x000086b9) c.srai  a3, 14
core   0: 3 0x80007cd4 (0x86b9) x13 0xffffffff
core   0: 0x80007cd6 (0xfa361ee3) bne     a2, gp, pc - 68
core   0: 3 0x80007cd6 (0xfa361ee3)
core   0: 0x80007c92 (0x000099be) c.add   s3, a5
core   0: 3 0x80007c92 (0x99be) x19 0x00000000
core   0: 0x80007c94 (0x00000605) c.addi  a2, 1
core   0: 3 0x80007c94 (0x0605) x12 0x00000008
core   0: 0x80007c96 (0x0244feb3) remu    t4, s1, tp
core   0: 3 0x80007c96 (0x0244feb3) x29 0xffffffff
core   0: 0x80007c9a (0x00005559) c.li    a0, -10
core   0: 3 0x80007c9a (0x5559) x10 0xfffffff6
core   0: 0x80007c9c (0x0091f7b3) and     a5, gp, s1
core   0: 3 0x80007c9c (0x0091f7b3) x15 0x0000000e
core   0: 0x80007ca0 (0xacf13db7) lui     s11, 0xacf13
core   0: 3 0x80007ca0 (0xacf13db7) x27 0xacf13000
core   0: 0x80007ca4 (0x03c83933) mulhu   s2, a6, t3
core   0: 3 0x80007ca4 (0x03c83933) x18 0x00000000
core   0: 0x80007ca8 (0x000043a9) c.li    t2, 10
core   0: 3 0x80007ca8 (0x43a9) x7  0x0000000a
core   0: 0x80007caa (0x000087d9) c.srai  a5, 22
core   0: 3 0x80007caa (0x87d9) x15 0x00000000
core   0: 0x80007cac (0xb23d2793) slti    a5, s10, -1245
core   0: 3 0x80007cac (0xb23d2793) x15 0x00000000
core   0: 0x80007cb0 (0x009a5993) srli    s3, s4, 9
core   0: 3 0x80007cb0 (0x009a5993) x19 0x00000000
core   0: 0x80007cb4 (0x02546e33) rem     t3, s0, t0
core   0: 3 0x80007cb4 (0x02546e33) x28 0xff3a8000
core   0: 0x80007cb8 (0x40d7d893) srai    a7, a5, 13
core   0: 3 0x80007cb8 (0x40d7d893) x17 0x00000000
core   0: 0x80007cbc (0xb4db2213) slti    tp, s6, -1203
core   0: 3 0x80007cbc (0xb4db2213) x4  0x00000000
core   0: 0x80007cc0 (0xfae92713) slti    a4, s2, -82
core   0: 3 0x80007cc0 (0xfae92713) x14 0x00000000
core   0: 0x80007cc4 (0x00000521) c.addi  a0, 8
core   0: 3 0x80007cc4 (0x0521) x10 0xfffffffe
core   0: 0x80007cc6 (0x00000001) c.nop
core   0: 3 0x80007cc6 (0x0001)
core   0: 0x80007cc8 (0x025f4e33) div     t3, t5, t0
core   0: 3 0x80007cc8 (0x025f4e33) x28 0x00000000
core   0: 0x80007ccc (0xfe756ae3) bltu    a0, t2, pc - 12
core   0: 3 0x80007ccc (0xfe756ae3)
core   0: 0x80007cd0 (0x02c5cf33) div     t5, a1, a2
core   0: 3 0x80007cd0 (0x02c5cf33) x30 0xf000539d
core   0: 0x80007cd4 (0x000086b9) c.srai  a3, 14
core   0: 3 0x80007cd4 (0x86b9) x13 0xffffffff
core   0: 0x80007cd6 (0xfa361ee3) bne     a2, gp, pc - 68
core   0: 3 0x80007cd6 (0xfa361ee3)
core   0: 0x80007c92 (0x000099be) c.add   s3, a5
core   0: 3 0x80007c92 (0x99be) x19 0x00000000
core   0: 0x80007c94 (0x00000605) c.addi  a2, 1
core   0: 3 0x80007c94 (0x0605) x12 0x00000009
core   0: 0x80007c96 (0x0244feb3) remu    t4, s1, tp
core   0: 3 0x80007c96 (0x0244feb3) x29 0xffffffff
core   0: 0x80007c9a (0x00005559) c.li    a0, -10
core   0: 3 0x80007c9a (0x5559) x10 0xfffffff6
core   0: 0x80007c9c (0x0091f7b3) and     a5, gp, s1
core   0: 3 0x80007c9c (0x0091f7b3) x15 0x0000000e
core   0: 0x80007ca0 (0xacf13db7) lui     s11, 0xacf13
core   0: 3 0x80007ca0 (0xacf13db7) x27 0xacf13000
core   0: 0x80007ca4 (0x03c83933) mulhu   s2, a6, t3
core   0: 3 0x80007ca4 (0x03c83933) x18 0x00000000
core   0: 0x80007ca8 (0x000043a9) c.li    t2, 10
core   0: 3 0x80007ca8 (0x43a9) x7  0x0000000a
core   0: 0x80007caa (0x000087d9) c.srai  a5, 22
core   0: 3 0x80007caa (0x87d9) x15 0x00000000
core   0: 0x80007cac (0xb23d2793) slti    a5, s10, -1245
core   0: 3 0x80007cac (0xb23d2793) x15 0x00000000
core   0: 0x80007cb0 (0x009a5993) srli    s3, s4, 9
core   0: 3 0x80007cb0 (0x009a5993) x19 0x00000000
core   0: 0x80007cb4 (0x02546e33) rem     t3, s0, t0
core   0: 3 0x80007cb4 (0x02546e33) x28 0xff3a8000
core   0: 0x80007cb8 (0x40d7d893) srai    a7, a5, 13
core   0: 3 0x80007cb8 (0x40d7d893) x17 0x00000000
core   0: 0x80007cbc (0xb4db2213) slti    tp, s6, -1203
core   0: 3 0x80007cbc (0xb4db2213) x4  0x00000000
core   0: 0x80007cc0 (0xfae92713) slti    a4, s2, -82
core   0: 3 0x80007cc0 (0xfae92713) x14 0x00000000
core   0: 0x80007cc4 (0x00000521) c.addi  a0, 8
core   0: 3 0x80007cc4 (0x0521) x10 0xfffffffe
core   0: 0x80007cc6 (0x00000001) c.nop
core   0: 3 0x80007cc6 (0x0001)
core   0: 0x80007cc8 (0x025f4e33) div     t3, t5, t0
core   0: 3 0x80007cc8 (0x025f4e33) x28 0x00000000
core   0: 0x80007ccc (0xfe756ae3) bltu    a0, t2, pc - 12
core   0: 3 0x80007ccc (0xfe756ae3)
core   0: 0x80007cd0 (0x02c5cf33) div     t5, a1, a2
core   0: 3 0x80007cd0 (0x02c5cf33) x30 0xf1c766c4
core   0: 0x80007cd4 (0x000086b9) c.srai  a3, 14
core   0: 3 0x80007cd4 (0x86b9) x13 0xffffffff
core   0: 0x80007cd6 (0xfa361ee3) bne     a2, gp, pc - 68
core   0: 3 0x80007cd6 (0xfa361ee3)
core   0: 0x80007c92 (0x000099be) c.add   s3, a5
core   0: 3 0x80007c92 (0x99be) x19 0x00000000
core   0: 0x80007c94 (0x00000605) c.addi  a2, 1
core   0: 3 0x80007c94 (0x0605) x12 0x0000000a
core   0: 0x80007c96 (0x0244feb3) remu    t4, s1, tp
core   0: 3 0x80007c96 (0x0244feb3) x29 0xffffffff
core   0: 0x80007c9a (0x00005559) c.li    a0, -10
core   0: 3 0x80007c9a (0x5559) x10 0xfffffff6
core   0: 0x80007c9c (0x0091f7b3) and     a5, gp, s1
core   0: 3 0x80007c9c (0x0091f7b3) x15 0x0000000e
core   0: 0x80007ca0 (0xacf13db7) lui     s11, 0xacf13
core   0: 3 0x80007ca0 (0xacf13db7) x27 0xacf13000
core   0: 0x80007ca4 (0x03c83933) mulhu   s2, a6, t3
core   0: 3 0x80007ca4 (0x03c83933) x18 0x00000000
core   0: 0x80007ca8 (0x000043a9) c.li    t2, 10
core   0: 3 0x80007ca8 (0x43a9) x7  0x0000000a
core   0: 0x80007caa (0x000087d9) c.srai  a5, 22
core   0: 3 0x80007caa (0x87d9) x15 0x00000000
core   0: 0x80007cac (0xb23d2793) slti    a5, s10, -1245
core   0: 3 0x80007cac (0xb23d2793) x15 0x00000000
core   0: 0x80007cb0 (0x009a5993) srli    s3, s4, 9
core   0: 3 0x80007cb0 (0x009a5993) x19 0x00000000
core   0: 0x80007cb4 (0x02546e33) rem     t3, s0, t0
core   0: 3 0x80007cb4 (0x02546e33) x28 0xff3a8000
core   0: 0x80007cb8 (0x40d7d893) srai    a7, a5, 13
core   0: 3 0x80007cb8 (0x40d7d893) x17 0x00000000
core   0: 0x80007cbc (0xb4db2213) slti    tp, s6, -1203
core   0: 3 0x80007cbc (0xb4db2213) x4  0x00000000
core   0: 0x80007cc0 (0xfae92713) slti    a4, s2, -82
core   0: 3 0x80007cc0 (0xfae92713) x14 0x00000000
core   0: 0x80007cc4 (0x00000521) c.addi  a0, 8
core   0: 3 0x80007cc4 (0x0521) x10 0xfffffffe
core   0: 0x80007cc6 (0x00000001) c.nop
core   0: 3 0x80007cc6 (0x0001)
core   0: 0x80007cc8 (0x025f4e33) div     t3, t5, t0
core   0: 3 0x80007cc8 (0x025f4e33) x28 0x00000000
core   0: 0x80007ccc (0xfe756ae3) bltu    a0, t2, pc - 12
core   0: 3 0x80007ccc (0xfe756ae3)
core   0: 0x80007cd0 (0x02c5cf33) div     t5, a1, a2
core   0: 3 0x80007cd0 (0x02c5cf33) x30 0xf3337617
core   0: 0x80007cd4 (0x000086b9) c.srai  a3, 14
core   0: 3 0x80007cd4 (0x86b9) x13 0xffffffff
core   0: 0x80007cd6 (0xfa361ee3) bne     a2, gp, pc - 68
core   0: 3 0x80007cd6 (0xfa361ee3)
core   0: 0x80007c92 (0x000099be) c.add   s3, a5
core   0: 3 0x80007c92 (0x99be) x19 0x00000000
core   0: 0x80007c94 (0x00000605) c.addi  a2, 1
core   0: 3 0x80007c94 (0x0605) x12 0x0000000b
core   0: 0x80007c96 (0x0244feb3) remu    t4, s1, tp
core   0: 3 0x80007c96 (0x0244feb3) x29 0xffffffff
core   0: 0x80007c9a (0x00005559) c.li    a0, -10
core   0: 3 0x80007c9a (0x5559) x10 0xfffffff6
core   0: 0x80007c9c (0x0091f7b3) and     a5, gp, s1
core   0: 3 0x80007c9c (0x0091f7b3) x15 0x0000000e
core   0: 0x80007ca0 (0xacf13db7) lui     s11, 0xacf13
core   0: 3 0x80007ca0 (0xacf13db7) x27 0xacf13000
core   0: 0x80007ca4 (0x03c83933) mulhu   s2, a6, t3
core   0: 3 0x80007ca4 (0x03c83933) x18 0x00000000
core   0: 0x80007ca8 (0x000043a9) c.li    t2, 10
core   0: 3 0x80007ca8 (0x43a9) x7  0x0000000a
core   0: 0x80007caa (0x000087d9) c.srai  a5, 22
core   0: 3 0x80007caa (0x87d9) x15 0x00000000
core   0: 0x80007cac (0xb23d2793) slti    a5, s10, -1245
core   0: 3 0x80007cac (0xb23d2793) x15 0x00000000
core   0: 0x80007cb0 (0x009a5993) srli    s3, s4, 9
core   0: 3 0x80007cb0 (0x009a5993) x19 0x00000000
core   0: 0x80007cb4 (0x02546e33) rem     t3, s0, t0
core   0: 3 0x80007cb4 (0x02546e33) x28 0xff3a8000
core   0: 0x80007cb8 (0x40d7d893) srai    a7, a5, 13
core   0: 3 0x80007cb8 (0x40d7d893) x17 0x00000000
core   0: 0x80007cbc (0xb4db2213) slti    tp, s6, -1203
core   0: 3 0x80007cbc (0xb4db2213) x4  0x00000000
core   0: 0x80007cc0 (0xfae92713) slti    a4, s2, -82
core   0: 3 0x80007cc0 (0xfae92713) x14 0x00000000
core   0: 0x80007cc4 (0x00000521) c.addi  a0, 8
core   0: 3 0x80007cc4 (0x0521) x10 0xfffffffe
core   0: 0x80007cc6 (0x00000001) c.nop
core   0: 3 0x80007cc6 (0x0001)
core   0: 0x80007cc8 (0x025f4e33) div     t3, t5, t0
core   0: 3 0x80007cc8 (0x025f4e33) x28 0x00000000
core   0: 0x80007ccc (0xfe756ae3) bltu    a0, t2, pc - 12
core   0: 3 0x80007ccc (0xfe756ae3)
core   0: 0x80007cd0 (0x02c5cf33) div     t5, a1, a2
core   0: 3 0x80007cd0 (0x02c5cf33) x30 0xf45d5415
core   0: 0x80007cd4 (0x000086b9) c.srai  a3, 14
core   0: 3 0x80007cd4 (0x86b9) x13 0xffffffff
core   0: 0x80007cd6 (0xfa361ee3) bne     a2, gp, pc - 68
core   0: 3 0x80007cd6 (0xfa361ee3)
core   0: 0x80007c92 (0x000099be) c.add   s3, a5
core   0: 3 0x80007c92 (0x99be) x19 0x00000000
core   0: 0x80007c94 (0x00000605) c.addi  a2, 1
core   0: 3 0x80007c94 (0x0605) x12 0x0000000c
core   0: 0x80007c96 (0x0244feb3) remu    t4, s1, tp
core   0: 3 0x80007c96 (0x0244feb3) x29 0xffffffff
core   0: 0x80007c9a (0x00005559) c.li    a0, -10
core   0: 3 0x80007c9a (0x5559) x10 0xfffffff6
core   0: 0x80007c9c (0x0091f7b3) and     a5, gp, s1
core   0: 3 0x80007c9c (0x0091f7b3) x15 0x0000000e
core   0: 0x80007ca0 (0xacf13db7) lui     s11, 0xacf13
core   0: 3 0x80007ca0 (0xacf13db7) x27 0xacf13000
core   0: 0x80007ca4 (0x03c83933) mulhu   s2, a6, t3
core   0: 3 0x80007ca4 (0x03c83933) x18 0x00000000
core   0: 0x80007ca8 (0x000043a9) c.li    t2, 10
core   0: 3 0x80007ca8 (0x43a9) x7  0x0000000a
core   0: 0x80007caa (0x000087d9) c.srai  a5, 22
core   0: 3 0x80007caa (0x87d9) x15 0x00000000
core   0: 0x80007cac (0xb23d2793) slti    a5, s10, -1245
core   0: 3 0x80007cac (0xb23d2793) x15 0x00000000
core   0: 0x80007cb0 (0x009a5993) srli    s3, s4, 9
core   0: 3 0x80007cb0 (0x009a5993) x19 0x00000000
core   0: 0x80007cb4 (0x02546e33) rem     t3, s0, t0
core   0: 3 0x80007cb4 (0x02546e33) x28 0xff3a8000
core   0: 0x80007cb8 (0x40d7d893) srai    a7, a5, 13
core   0: 3 0x80007cb8 (0x40d7d893) x17 0x00000000
core   0: 0x80007cbc (0xb4db2213) slti    tp, s6, -1203
core   0: 3 0x80007cbc (0xb4db2213) x4  0x00000000
core   0: 0x80007cc0 (0xfae92713) slti    a4, s2, -82
core   0: 3 0x80007cc0 (0xfae92713) x14 0x00000000
core   0: 0x80007cc4 (0x00000521) c.addi  a0, 8
core   0: 3 0x80007cc4 (0x0521) x10 0xfffffffe
core   0: 0x80007cc6 (0x00000001) c.nop
core   0: 3 0x80007cc6 (0x0001)
core   0: 0x80007cc8 (0x025f4e33) div     t3, t5, t0
core   0: 3 0x80007cc8 (0x025f4e33) x28 0x00000000
core   0: 0x80007ccc (0xfe756ae3) bltu    a0, t2, pc - 12
core   0: 3 0x80007ccc (0xfe756ae3)
core   0: 0x80007cd0 (0x02c5cf33) div     t5, a1, a2
core   0: 3 0x80007cd0 (0x02c5cf33) x30 0xf5558d13
core   0: 0x80007cd4 (0x000086b9) c.srai  a3, 14
core   0: 3 0x80007cd4 (0x86b9) x13 0xffffffff
core   0: 0x80007cd6 (0xfa361ee3) bne     a2, gp, pc - 68
core   0: 3 0x80007cd6 (0xfa361ee3)
core   0: 0x80007c92 (0x000099be) c.add   s3, a5
core   0: 3 0x80007c92 (0x99be) x19 0x00000000
core   0: 0x80007c94 (0x00000605) c.addi  a2, 1
core   0: 3 0x80007c94 (0x0605) x12 0x0000000d
core   0: 0x80007c96 (0x0244feb3) remu    t4, s1, tp
core   0: 3 0x80007c96 (0x0244feb3) x29 0xffffffff
core   0: 0x80007c9a (0x00005559) c.li    a0, -10
core   0: 3 0x80007c9a (0x5559) x10 0xfffffff6
core   0: 0x80007c9c (0x0091f7b3) and     a5, gp, s1
core   0: 3 0x80007c9c (0x0091f7b3) x15 0x0000000e
core   0: 0x80007ca0 (0xacf13db7) lui     s11, 0xacf13
core   0: 3 0x80007ca0 (0xacf13db7) x27 0xacf13000
core   0: 0x80007ca4 (0x03c83933) mulhu   s2, a6, t3
core   0: 3 0x80007ca4 (0x03c83933) x18 0x00000000
core   0: 0x80007ca8 (0x000043a9) c.li    t2, 10
core   0: 3 0x80007ca8 (0x43a9) x7  0x0000000a
core   0: 0x80007caa (0x000087d9) c.srai  a5, 22
core   0: 3 0x80007caa (0x87d9) x15 0x00000000
core   0: 0x80007cac (0xb23d2793) slti    a5, s10, -1245
core   0: 3 0x80007cac (0xb23d2793) x15 0x00000000
core   0: 0x80007cb0 (0x009a5993) srli    s3, s4, 9
core   0: 3 0x80007cb0 (0x009a5993) x19 0x00000000
core   0: 0x80007cb4 (0x02546e33) rem     t3, s0, t0
core   0: 3 0x80007cb4 (0x02546e33) x28 0xff3a8000
core   0: 0x80007cb8 (0x40d7d893) srai    a7, a5, 13
core   0: 3 0x80007cb8 (0x40d7d893) x17 0x00000000
core   0: 0x80007cbc (0xb4db2213) slti    tp, s6, -1203
core   0: 3 0x80007cbc (0xb4db2213) x4  0x00000000
core   0: 0x80007cc0 (0xfae92713) slti    a4, s2, -82
core   0: 3 0x80007cc0 (0xfae92713) x14 0x00000000
core   0: 0x80007cc4 (0x00000521) c.addi  a0, 8
core   0: 3 0x80007cc4 (0x0521) x10 0xfffffffe
core   0: 0x80007cc6 (0x00000001) c.nop
core   0: 3 0x80007cc6 (0x0001)
core   0: 0x80007cc8 (0x025f4e33) div     t3, t5, t0
core   0: 3 0x80007cc8 (0x025f4e33) x28 0x00000000
core   0: 0x80007ccc (0xfe756ae3) bltu    a0, t2, pc - 12
core   0: 3 0x80007ccc (0xfe756ae3)
core   0: 0x80007cd0 (0x02c5cf33) div     t5, a1, a2
core   0: 3 0x80007cd0 (0x02c5cf33) x30 0xf62795eb
core   0: 0x80007cd4 (0x000086b9) c.srai  a3, 14
core   0: 3 0x80007cd4 (0x86b9) x13 0xffffffff
core   0: 0x80007cd6 (0xfa361ee3) bne     a2, gp, pc - 68
core   0: 3 0x80007cd6 (0xfa361ee3)
core   0: 0x80007c92 (0x000099be) c.add   s3, a5
core   0: 3 0x80007c92 (0x99be) x19 0x00000000
core   0: 0x80007c94 (0x00000605) c.addi  a2, 1
core   0: 3 0x80007c94 (0x0605) x12 0x0000000e
core   0: 0x80007c96 (0x0244feb3) remu    t4, s1, tp
core   0: 3 0x80007c96 (0x0244feb3) x29 0xffffffff
core   0: 0x80007c9a (0x00005559) c.li    a0, -10
core   0: 3 0x80007c9a (0x5559) x10 0xfffffff6
core   0: 0x80007c9c (0x0091f7b3) and     a5, gp, s1
core   0: 3 0x80007c9c (0x0091f7b3) x15 0x0000000e
core   0: 0x80007ca0 (0xacf13db7) lui     s11, 0xacf13
core   0: 3 0x80007ca0 (0xacf13db7) x27 0xacf13000
core   0: 0x80007ca4 (0x03c83933) mulhu   s2, a6, t3
core   0: 3 0x80007ca4 (0x03c83933) x18 0x00000000
core   0: 0x80007ca8 (0x000043a9) c.li    t2, 10
core   0: 3 0x80007ca8 (0x43a9) x7  0x0000000a
core   0: 0x80007caa (0x000087d9) c.srai  a5, 22
core   0: 3 0x80007caa (0x87d9) x15 0x00000000
core   0: 0x80007cac (0xb23d2793) slti    a5, s10, -1245
core   0: 3 0x80007cac (0xb23d2793) x15 0x00000000
core   0: 0x80007cb0 (0x009a5993) srli    s3, s4, 9
core   0: 3 0x80007cb0 (0x009a5993) x19 0x00000000
core   0: 0x80007cb4 (0x02546e33) rem     t3, s0, t0
core   0: 3 0x80007cb4 (0x02546e33) x28 0xff3a8000
core   0: 0x80007cb8 (0x40d7d893) srai    a7, a5, 13
core   0: 3 0x80007cb8 (0x40d7d893) x17 0x00000000
core   0: 0x80007cbc (0xb4db2213) slti    tp, s6, -1203
core   0: 3 0x80007cbc (0xb4db2213) x4  0x00000000
core   0: 0x80007cc0 (0xfae92713) slti    a4, s2, -82
core   0: 3 0x80007cc0 (0xfae92713) x14 0x00000000
core   0: 0x80007cc4 (0x00000521) c.addi  a0, 8
core   0: 3 0x80007cc4 (0x0521) x10 0xfffffffe
core   0: 0x80007cc6 (0x00000001) c.nop
core   0: 3 0x80007cc6 (0x0001)
core   0: 0x80007cc8 (0x025f4e33) div     t3, t5, t0
core   0: 3 0x80007cc8 (0x025f4e33) x28 0x00000000
core   0: 0x80007ccc (0xfe756ae3) bltu    a0, t2, pc - 12
core   0: 3 0x80007ccc (0xfe756ae3)
core   0: 0x80007cd0 (0x02c5cf33) div     t5, a1, a2
core   0: 3 0x80007cd0 (0x02c5cf33) x30 0xf6db9d7e
core   0: 0x80007cd4 (0x000086b9) c.srai  a3, 14
core   0: 3 0x80007cd4 (0x86b9) x13 0xffffffff
core   0: 0x80007cd6 (0xfa361ee3) bne     a2, gp, pc - 68
core   0: 3 0x80007cd6 (0xfa361ee3)
core   0: 0x80007cda (0xf493c093) xori    ra, t2, -183
core   0: 3 0x80007cda (0xf493c093) x1  0xffffff43
core   0: 0x80007cde (0x015fd6b3) srl     a3, t6, s5
core   0: 3 0x80007cde (0x015fd6b3) x13 0x00000000
core   0: 0x80007ce2 (0x01dc3633) sltu    a2, s8, t4
core   0: 3 0x80007ce2 (0x01dc3633) x12 0x00000001
core   0: 0x80007ce6 (0x0000011c) c.addi4spn a5, sp, 128
core   0: 3 0x80007ce6 (0x011c) x15 0x00000080
core   0: 0x80007ce8 (0x00000001) c.nop
core   0: 3 0x80007ce8 (0x0001)
core   0: 0x80007cea (0x018c9733) sll     a4, s9, s8
core   0: 3 0x80007cea (0x018c9733) x14 0x0000000f
core   0: 0x80007cee (0x33b2bd13) sltiu   s10, t0, 827
core   0: 3 0x80007cee (0x33b2bd13) x26 0x00000000
core   0: 0x80007cf2 (0x0000ecd5) c.bnez  s1, pc + 188
core   0: 3 0x80007cf2 (0xecd5)
core   0: 0x80007dae (0x009e1193) slli    gp, t3, 9
core   0: 3 0x80007dae (0x009e1193) x3  0x00000000
core   0: 0x80007db2 (0x01afa6b3) slt     a3, t6, s10
core   0: 3 0x80007db2 (0x01afa6b3) x13 0x00000000
core   0: 0x80007db6 (0x00006f61) c.lui   t5, 0x18
core   0: 3 0x80007db6 (0x6f61) x30 0x00018000
core   0: 0x80007db8 (0x00000c9c) c.addi4spn a5, sp, 592
core   0: 3 0x80007db8 (0x0c9c) x15 0x00000250
core   0: 0x80007dba (0x03f8c833) div     a6, a7, t6
core   0: 3 0x80007dba (0x03f8c833) x16 0xffffffff
core   0: 0x80007dbe (0x000004ae) c.slli  s1, 11
core   0: 3 0x80007dbe (0x04ae) x9  0xfffff800
core   0: 0x80007dc0 (0x01291f13) slli    t5, s2, 18
core   0: 3 0x80007dc0 (0x01291f13) x30 0x00000000
core   0: 0x80007dc4 (0xfdd8c793) xori    a5, a7, -35
core   0: 3 0x80007dc4 (0xfdd8c793) x15 0xffffffdd
core   0: 0x80007dc8 (0x014caa33) slt     s4, s9, s4
core   0: 3 0x80007dc8 (0x014caa33) x20 0x00000001
core   0: 0x80007dcc (0x00008cc9) c.or    s1, a0
core   0: 3 0x80007dcc (0x8cc9) x9  0xfffffffe
core   0: 0x80007dce (0x00008151) c.srli  a0, 20
core   0: 3 0x80007dce (0x8151) x10 0x00000fff
core   0: 0x80007dd0 (0x00008e41) c.or    a2, s0
core   0: 3 0x80007dd0 (0x8e41) x12 0xff3a8001
core   0: 0x80007dd2 (0x00008aa9) c.andi  a3, 10
core   0: 3 0x80007dd2 (0x8aa9) x13 0x00000000
core   0: 0x80007dd4 (0x00000541) c.addi  a0, 16
core   0: 3 0x80007dd4 (0x0541) x10 0x0000100f
core   0: 0x80007dd6 (0x000010fd) c.addi  ra, -1
core   0: 3 0x80007dd6 (0x10fd) x1  0xffffff42
core   0: 0x80007dd8 (0x00000001) c.nop
core   0: 3 0x80007dd8 (0x0001)
core   0: 0x80007dda (0x01541b93) slli    s7, s0, 21
core   0: 3 0x80007dda (0x01541b93) x23 0x00000000
core   0: 0x80007dde (0x02a0a0b3) mulhsu  ra, ra, a0
core   0: 3 0x80007dde (0x02a0a0b3) x1  0xffffffff
core   0: 0x80007de2 (0x00000001) c.nop
core   0: 3 0x80007de2 (0x0001)
core   0: 0x80007de4 (0x02331a63) bne     t1, gp, pc + 52
core   0: 3 0x80007de4 (0x02331a63)
core   0: 0x80007e18 (0x03e190b3) mulh    ra, gp, t5
core   0: 3 0x80007e18 (0x03e190b3) x1  0x00000000
core   0: 0x80007e1c (0x00e6b4b3) sltu    s1, a3, a4
core   0: 3 0x80007e1c (0x00e6b4b3) x9  0x00000001
core   0: 0x80007e20 (0xacc93193) sltiu   gp, s2, -1332
core   0: 3 0x80007e20 (0xacc93193) x3  0x00000001
core   0: 0x80007e24 (0x01211eb3) sll     t4, sp, s2
core   0: 3 0x80007e24 (0x01211eb3) x29 0x00000000
core   0: 0x80007e28 (0x001f0763) beq     t5, ra, pc + 14
core   0: 3 0x80007e28 (0x001f0763)
core   0: 0x80007e36 (0x0262d6b3) divu    a3, t0, t1
core   0: 3 0x80007e36 (0x0262d6b3) x13 0x00000001
core   0: 0x80007e3a (0x014d48b3) xor     a7, s10, s4
core   0: 3 0x80007e3a (0x014d48b3) x17 0x00000001
core   0: 0x80007e3e (0x048ee263) bltu    t4, s0, pc + 68
core   0: 3 0x80007e3e (0x048ee263)
core   0: 0x80007e82 (0x735d6113) ori     sp, s10, 1845
core   0: 3 0x80007e82 (0x735d6113) x2  0x00000735
core   0: 0x80007e86 (0x0172bdb3) sltu    s11, t0, s7
core   0: 3 0x80007e86 (0x0172bdb3) x27 0x00000000
core   0: 0x80007e8a (0x000086c9) c.srai  a3, 18
core   0: 3 0x80007e8a (0x86c9) x13 0x00000000
core   0: 0x80007e8c (0x02f466b3) rem     a3, s0, a5
core   0: 3 0x80007e8c (0x02f466b3) x13 0xfffffff6
core   0: 0x80007e90 (0x2a026093) ori     ra, tp, 672
core   0: 3 0x80007e90 (0x2a026093) x1  0x000002a0
core   0: 0x80007e94 (0x03e54c63) blt     a0, t5, pc + 56
core   0: 3 0x80007e94 (0x03e54c63)
core   0: 0x80007e98 (0x00ce5513) srli    a0, t3, 12
core   0: 3 0x80007e98 (0x00ce5513) x10 0x00000000
core   0: 0x80007e9c (0x03956563) bltu    a0, s9, pc + 42
core   0: 3 0x80007e9c (0x03956563)
core   0: 0x80007ec6 (0x0000847d) c.srai  s0, 31
core   0: 3 0x80007ec6 (0x847d) x8  0xffffffff
core   0: 0x80007ec8 (0x00008972) c.mv    s2, t3
core   0: 3 0x80007ec8 (0x8972) x18 0x00000000
core   0: 0x80007eca (0x000004a6) c.slli  s1, 9
core   0: 3 0x80007eca (0x04a6) x9  0x00000200
core   0: 0x80007ecc (0x40c30eb3) sub     t4, t1, a2
core   0: 3 0x80007ecc (0x40c30eb3) x29 0x80c7de63
core   0: 0x80007ed0 (0x00006155) c.addi16sp sp, 304
core   0: 3 0x80007ed0 (0x6155) x2  0x00000865
core   0: 0x80007ed2 (0x46c2f113) andi    sp, t0, 1132
core   0: 3 0x80007ed2 (0x46c2f113) x2  0x0000046c
core   0: 0x80007ed6 (0x01c21e33) sll     t3, tp, t3
core   0: 3 0x80007ed6 (0x01c21e33) x28 0x00000000
core   0: 0x80007eda (0x0272ec33) rem     s8, t0, t2
core   0: 3 0x80007eda (0x0272ec33) x24 0xfffffff8
core   0: 0x80007ede (0x000047f5) c.li    a5, 29
core   0: 3 0x80007ede (0x47f5) x15 0x0000001d
core   0: 0x80007ee0 (0x017d6b33) or      s6, s10, s7
core   0: 3 0x80007ee0 (0x017d6b33) x22 0x00000000
core   0: 0x80007ee4 (0x4150d6b3) sra     a3, ra, s5
core   0: 3 0x80007ee4 (0x4150d6b3) x13 0x000002a0
core   0: 0x80007ee8 (0x41f008b3) sub     a7, zero, t6
core   0: 3 0x80007ee8 (0x41f008b3) x17 0x00000000
core   0: 0x80007eec (0x0307f7b3) remu    a5, a5, a6
core   0: 3 0x80007eec (0x0307f7b3) x15 0x0000001d
core   0: 0x80007ef0 (0x03a6ed33) rem     s10, a3, s10
core   0: 3 0x80007ef0 (0x03a6ed33) x26 0x000002a0
core   0: 0x80007ef4 (0x00000001) c.nop
core   0: 3 0x80007ef4 (0x0001)
core   0: 0x80007ef6 (0xff3d4d13) xori    s10, s10, -13
core   0: 3 0x80007ef6 (0xff3d4d13) x26 0xfffffd53
core   0: 0x80007efa (0x00008f4d) c.or    a4, a1
core   0: 3 0x80007efa (0x8f4d) x14 0x80029cef
core   0: 0x80007efc (0x002c2033) slt     zero, s8, sp
core   0: 3 0x80007efc (0x002c2033)
core   0: 0x80007f00 (0x000bee33) or      t3, s7, zero
core   0: 3 0x80007f00 (0x000bee33) x28 0x00000000
core   0: 0x80007f04 (0x00009be6) c.add   s7, s9
core   0: 3 0x80007f04 (0x9be6) x23 0x0000000f
core   0: 0x80007f06 (0x035963b3) rem     t2, s2, s5
core   0: 3 0x80007f06 (0x035963b3) x7  0x00000000
core   0: 0x80007f0a (0x03de80b3) mul     ra, t4, t4
core   0: 3 0x80007f0a (0x03de80b3) x1  0x7f19da49
core   0: 0x80007f0e (0x00bf7d63) bgeu    t5, a1, pc + 26
core   0: 3 0x80007f0e (0x00bf7d63)
core   0: 0x80007f12 (0x00009afd) c.andi  a3, -1
core   0: 3 0x80007f12 (0x9afd) x13 0x000002a0
core   0: 0x80007f14 (0x0000ef01) c.bnez  a4, pc + 24
core   0: 3 0x80007f14 (0xef01)
core   0: 0x80007f2c (0x0000984e) c.add   a6, s3
core   0: 3 0x80007f2c (0x984e) x16 0xffffffff
core   0: 0x80007f2e (0x00000001) c.nop
core   0: 3 0x80007f2e (0x0001)
core   0: 0x80007f30 (0x00008295) c.srli  a3, 5
core   0: 3 0x80007f30 (0x8295) x13 0x00000015
core   0: 0x80007f32 (0x00000001) c.nop
core   0: 3 0x80007f32 (0x0001)
core   0: 0x80007f34 (0x00006115) c.addi16sp sp, 288
core   0: 3 0x80007f34 (0x6115) x2  0x0000058c
core   0: 0x80007f36 (0x20ed3137) lui     sp, 0x20ed3
core   0: 3 0x80007f36 (0x20ed3137) x2  0x20ed3000
core   0: 0x80007f3a (0x036ee133) rem     sp, t4, s6
core   0: 3 0x80007f3a (0x036ee133) x2  0x80c7de63
core   0: 0x80007f3e (0x0000199c) c.addi4spn a5, sp, 240
core   0: 3 0x80007f3e (0x199c) x15 0x80c7df53
core   0: 0x80007f40 (0x000084b6) c.mv    s1, a3
core   0: 3 0x80007f40 (0x84b6) x9  0x00000015
core   0: 0x80007f42 (0x00008f41) c.or    a4, s0
core   0: 3 0x80007f42 (0x8f41) x14 0xffffffff
core   0: 0x80007f44 (0x80363413) sltiu   s0, a2, -2045
core   0: 3 0x80007f44 (0x80363413) x8  0x00000001
core   0: 0x80007f48 (0x00000001) c.nop
core   0: 3 0x80007f48 (0x0001)
core   0: 0x80007f4a (0x406d5693) srai    a3, s10, 6
core   0: 3 0x80007f4a (0x406d5693) x13 0xfffffff5
core   0: 0x80007f4e (0x00001b90) c.addi4spn a2, sp, 496
core   0: 3 0x80007f4e (0x1b90) x12 0x80c7e053
core   0: 0x80007f50 (0x000088d5) c.andi  s1, 21
core   0: 3 0x80007f50 (0x88d5) x9  0x00000015
core   0: 0x80007f52 (0x038292b3) mulh    t0, t0, s8
core   0: 3 0x80007f52 (0x038292b3) x5  0x00000002
core   0: 0x80007f56 (0x49f3eb37) lui     s6, 0x49f3e
core   0: 3 0x80007f56 (0x49f3eb37) x22 0x49f3e000
core   0: 0x80007f5a (0x00b18c63) beq     gp, a1, pc + 24
core   0: 3 0x80007f5a (0x00b18c63)
core   0: 0x80007f5e (0x0080d9b3) srl     s3, ra, s0
core   0: 3 0x80007f5e (0x0080d9b3) x19 0x3f8ced24
core   0: 0x80007f62 (0x01ac6c33) or      s8, s8, s10
core   0: 3 0x80007f62 (0x01ac6c33) x24 0xfffffffb
core   0: 0x80007f66 (0x00008129) c.srli  a0, 10
core   0: 3 0x80007f66 (0x8129) x10 0x00000000
core   0: 0x80007f68 (0x0000177d) c.addi  a4, -1
core   0: 3 0x80007f68 (0x177d) x14 0xfffffffe
core   0: 0x80007f6a (0x000c9a63) bnez    s9, pc + 20
core   0: 3 0x80007f6a (0x000c9a63)
core   0: 0x80007f7e (0x00000eb5) c.addi  t4, 13
core   0: 3 0x80007f7e (0x0eb5) x29 0x80c7de70
core   0: 0x80007f80 (0x021ab7b3) mulhu   a5, s5, ra
core   0: 3 0x80007f80 (0x021ab7b3) x15 0x00000000
core   0: 0x80007f84 (0x000086b9) c.srai  a3, 14
core   0: 3 0x80007f84 (0x86b9) x13 0xffffffff
core   0: 0x80007f86 (0x0398a4b3) mulhsu  s1, a7, s9
core   0: 3 0x80007f86 (0x0398a4b3) x9  0x00000000
core   0: 0x80007f8a (0xb00d4b13) xori    s6, s10, -1280
core   0: 3 0x80007f8a (0xb00d4b13) x22 0x00000653
core   0: 0x80007f8e (0xb03d3c13) sltiu   s8, s10, -1277
core   0: 3 0x80007f8e (0xb03d3c13) x24 0x00000000
core   0: 0x80007f92 (0x00cd8fb3) add     t6, s11, a2
core   0: 3 0x80007f92 (0x00cd8fb3) x31 0x80c7e053
core   0: 0x80007f96 (0xc3dd8513) addi    a0, s11, -963
core   0: 3 0x80007f96 (0xc3dd8513) x10 0xfffffc3d
core   0: 0x80007f9a (0x022a4233) div     tp, s4, sp
core   0: 3 0x80007f9a (0x022a4233) x4  0x00000000
core   0: 0x80007f9e (0x013c5eb3) srl     t4, s8, s3
core   0: 3 0x80007f9e (0x013c5eb3) x29 0x00000000
core   0: 0x80007fa2 (0x03576563) bltu    a4, s5, pc + 42
core   0: 3 0x80007fa2 (0x03576563)
core   0: 0x80007fa6 (0x01c51c13) slli    s8, a0, 28
core   0: 3 0x80007fa6 (0x01c51c13) x24 0xd0000000
core   0: 0x80007faa (0x00000001) c.nop
core   0: 3 0x80007faa (0x0001)
core   0: 0x80007fac (0x000733b3) sltu    t2, a4, zero
core   0: 3 0x80007fac (0x000733b3) x7  0x00000000
core   0: 0x80007fb0 (0x01a8f8b3) and     a7, a7, s10
core   0: 3 0x80007fb0 (0x01a8f8b3) x17 0x00000000
core   0: 0x80007fb4 (0x02b7b833) mulhu   a6, a5, a1
core   0: 3 0x80007fb4 (0x02b7b833) x16 0x00000000
core   0: 0x80007fb8 (0x01018863) beq     gp, a6, pc + 16
core   0: 3 0x80007fb8 (0x01018863)
core   0: 0x80007fbc (0x00008efd) c.and   a3, a5
core   0: 3 0x80007fbc (0x8efd) x13 0x00000000
core   0: 0x80007fbe (0x038c0663) beq     s8, s8, pc + 44
core   0: 3 0x80007fbe (0x038c0663)
core   0: 0x80007fea (0x00404663) blt     zero, tp, pc + 12
core   0: 3 0x80007fea (0x00404663)
core   0: 0x80007fee (0x0f1a2993) slti    s3, s4, 241
core   0: 3 0x80007fee (0x0f1a2993) x19 0x00000001
core   0: 0x80007ff2 (0x39023013) sltiu   zero, tp, 912
core   0: 3 0x80007ff2 (0x39023013)
core   0: 0x80007ff6 (0x0000717d) c.addi16sp sp, -16
core   0: 3 0x80007ff6 (0x717d) x2  0x80c7de53
core   0: 0x80007ff8 (0x0065d763) bge     a1, t1, pc + 14
core   0: 3 0x80007ff8 (0x0065d763)
core   0: 0x80008006 (0x00b2ae33) slt     t3, t0, a1
core   0: 3 0x80008006 (0x00b2ae33) x28 0x00000000
core   0: 0x8000800a (0x00000001) c.nop
core   0: 3 0x8000800a (0x0001)
core   0: 0x8000800c (0x02215833) divu    a6, sp, sp
core   0: 3 0x8000800c (0x02215833) x16 0x00000001
core   0: 0x80008010 (0x0000623d) c.lui   tp, 0xf
core   0: 3 0x80008010 (0x623d) x4  0x0000f000
core   0: 0x80008012 (0x033b7b63) bgeu    s6, s3, pc + 54
core   0: 3 0x80008012 (0x033b7b63)
core   0: 0x80008048 (0x00008d29) c.xor   a0, a0
core   0: 3 0x80008048 (0x8d29) x10 0x00000000
core   0: 0x8000804a (0x022e9933) mulh    s2, t4, sp
core   0: 3 0x8000804a (0x022e9933) x18 0x00000000
core   0: 0x8000804e (0x000000d2) c.slli  ra, 20
core   0: 3 0x8000804e (0x00d2) x1  0xa4900000
core   0: 0x80008050 (0x03894fb3) div     t6, s2, s8
core   0: 3 0x80008050 (0x03894fb3) x31 0x00000000
core   0: 0x80008054 (0x00008579) c.srai  a0, 30
core   0: 3 0x80008054 (0x8579) x10 0x00000000
core   0: 0x80008056 (0x2b40a693) slti    a3, ra, 692
core   0: 3 0x80008056 (0x2b40a693) x13 0x00000001
core   0: 0x8000805a (0x0000845a) c.mv    s0, s6
core   0: 3 0x8000805a (0x845a) x8  0x00000653
core   0: 0x8000805c (0x03457fb3) remu    t6, a0, s4
core   0: 3 0x8000805c (0x03457fb3) x31 0x00000000
core   0: 0x80008060 (0xfb6fff93) andi    t6, t6, -74
core   0: 3 0x80008060 (0xfb6fff93) x31 0x00000000
core   0: 0x80008064 (0x034e2833) mulhsu  a6, t3, s4
core   0: 3 0x80008064 (0x034e2833) x16 0x00000000
core   0: 0x80008068 (0x00008e75) c.and   a2, a3
core   0: 3 0x80008068 (0x8e75) x12 0x00000001
core   0: 0x8000806a (0x0000e089) c.bnez  s1, pc + 2
core   0: 3 0x8000806a (0xe089)
core   0: 0x8000806c (0x00121963) bne     tp, ra, pc + 18
core   0: 3 0x8000806c (0x00121963)
core   0: 0x8000807e (0x00008a0d) c.andi  a2, 3
core   0: 3 0x8000807e (0x8a0d) x12 0x00000001
core   0: 0x80008080 (0x000093de) c.add   t2, s7
core   0: 3 0x80008080 (0x93de) x7  0x0000000f
core   0: 0x80008082 (0x0257d163) bge     a5, t0, pc + 34
core   0: 3 0x80008082 (0x0257d163)
core   0: 0x80008086 (0x0000ca19) c.beqz  a2, pc + 22
core   0: 3 0x80008086 (0xca19)
core   0: 0x80008088 (0x00009a7d) c.andi  a2, -1
core   0: 3 0x80008088 (0x9a7d) x12 0x00000001
core   0: 0x8000808a (0x0343c633) div     a2, t2, s4
core   0: 3 0x8000808a (0x0343c633) x12 0x0000000f
core   0: 0x8000808e (0x4090d7b3) sra     a5, ra, s1
core   0: 3 0x8000808e (0x4090d7b3) x15 0xa4900000
core   0: 0x80008092 (0x02508eb3) mul     t4, ra, t0
core   0: 3 0x80008092 (0x02508eb3) x29 0x49200000
core   0: 0x80008096 (0x0000717d) c.addi16sp sp, -16
core   0: 3 0x80008096 (0x717d) x2  0x80c7de43
core   0: 0x80008098 (0x00e10a63) beq     sp, a4, pc + 20
core   0: 3 0x80008098 (0x00e10a63)
core   0: 0x8000809c (0xbf490917) auipc   s2, 0xbf490
core   0: 3 0x8000809c (0xbf490917) x18 0x3f49809c
core   0: 0x800080a0 (0x00000001) c.nop
core   0: 3 0x800080a0 (0x0001)
core   0: 0x800080a2 (0x00006b59) c.lui   s6, 0x16
core   0: 3 0x800080a2 (0x6b59) x22 0x00016000
core   0: 0x800080a4 (0x0052b033) sltu    zero, t0, t0
core   0: 3 0x800080a4 (0x0052b033)
core   0: 0x800080a8 (0x40bd0533) sub     a0, s10, a1
core   0: 3 0x800080a8 (0x40bd0533) x10 0x7ffd606f
core   0: 0x800080ac (0x018db433) sltu    s0, s11, s8
core   0: 3 0x800080ac (0x018db433) x8  0x00000001
core   0: 0x800080b0 (0x00000001) c.nop
core   0: 3 0x800080b0 (0x0001)
core   0: 0x800080b2 (0xfba54093) xori    ra, a0, -70
core   0: 3 0x800080b2 (0xfba54093) x1  0x80029fd5
core   0: 0x800080b6 (0x00008eb5) c.xor   a3, a3
core   0: 3 0x800080b6 (0x8eb5) x13 0x00000000
core   0: 0x800080b8 (0x00006539) c.lui   a0, 0xe
core   0: 3 0x800080b8 (0x6539) x10 0x0000e000
core   0: 0x800080ba (0x092b2693) slti    a3, s6, 146
core   0: 3 0x800080ba (0x092b2693) x13 0x00000000
core   0: 0x800080be (0x04e2c163) blt     t0, a4, pc + 66
core   0: 3 0x800080be (0x04e2c163)
core   0: 0x800080c2 (0xde77ea93) ori     s5, a5, -537
core   0: 3 0x800080c2 (0xde77ea93) x21 0xfffffde7
core   0: 0x800080c6 (0x02caadb3) mulhsu  s11, s5, a2
core   0: 3 0x800080c6 (0x02caadb3) x27 0xffffffff
core   0: 0x800080ca (0x03990db3) mul     s11, s2, s9
core   0: 3 0x800080ca (0x03990db3) x27 0xb54e8924
core   0: 0x800080ce (0x03a69d63) bne     a3, s10, pc + 58
core   0: 3 0x800080ce (0x03a69d63)
core   0: 0x80008108 (0x019ae1b3) or      gp, s5, s9
core   0: 3 0x80008108 (0x019ae1b3) x3  0xfffffdef
core   0: 0x8000810c (0x038f4163) blt     t5, s8, pc + 34
core   0: 3 0x8000810c (0x038f4163)
core   0: 0x80008110 (0x00000001) c.nop
core   0: 3 0x80008110 (0x0001)
core   0: 0x80008112 (0x000064c1) c.lui   s1, 0x10
core   0: 3 0x80008112 (0x64c1) x9  0x00010000
core   0: 0x80008114 (0x00fbe733) or      a4, s7, a5
core   0: 3 0x80008114 (0x00fbe733) x14 0xa490000f
core   0: 0x80008118 (0x403d0533) sub     a0, s10, gp
core   0: 3 0x80008118 (0x403d0533) x10 0xffffff64
core   0: 0x8000811c (0x01609263) bne     ra, s6, pc + 4
core   0: 3 0x8000811c (0x01609263)
core   0: 0x80008120 (0x7f5aa8b7) lui     a7, 0x7f5aa
core   0: 3 0x80008120 (0x7f5aa8b7) x17 0x7f5aa000
core   0: 0x80008124 (0x037ed033) divu    zero, t4, s7
core   0: 3 0x80008124 (0x037ed033)
core   0: 0x80008128 (0x40c90833) sub     a6, s2, a2
core   0: 3 0x80008128 (0x40c90833) x16 0x3f49808d
core   0: 0x8000812c (0x00000001) c.nop
core   0: 3 0x8000812c (0x0001)
core   0: 0x8000812e (0x0014a933) slt     s2, s1, ra
core   0: 3 0x8000812e (0x0014a933) x18 0x00000000
core   0: 0x80008132 (0x000000e1) c.addi  ra, 24
core   0: 3 0x80008132 (0x00e1) x1  0x80029fed
core   0: 0x80008134 (0x02556f33) rem     t5, a0, t0
core   0: 3 0x80008134 (0x02556f33) x30 0x00000000
core   0: 0x80008138 (0x00e2f833) and     a6, t0, a4
core   0: 3 0x80008138 (0x00e2f833) x16 0x00000002
core   0: 0x8000813c (0xbdf6a737) lui     a4, 0xbdf6a
core   0: 3 0x8000813c (0xbdf6a737) x14 0xbdf6a000
core   0: 0x80008140 (0xf888e3b7) lui     t2, 0xf888e
core   0: 3 0x80008140 (0xf888e3b7) x7  0xf888e000
core   0: 0x80008144 (0x00ab0d33) add     s10, s6, a0
core   0: 3 0x80008144 (0x00ab0d33) x26 0x00015f64
core   0: 0x80008148 (0x00a61433) sll     s0, a2, a0
core   0: 3 0x80008148 (0x00a61433) x8  0x000000f0
core   0: 0x8000814c (0x00000001) c.nop
core   0: 3 0x8000814c (0x0001)
core   0: 0x8000814e (0x530b8917) auipc   s2, 0x530b8
core   0: 3 0x8000814e (0x530b8917) x18 0xd30c014e
core   0: 0x80008152 (0x02a390b3) mulh    ra, t2, a0
core   0: 3 0x80008152 (0x02a390b3) x1  0x00000004
core   0: 0x80008156 (0x00008e31) c.xor   a2, a2
core   0: 3 0x80008156 (0x8e31) x12 0x00000000
core   0: 0x80008158 (0x000061f9) c.lui   gp, 0x1e
core   0: 3 0x80008158 (0x61f9) x3  0x0001e000
core   0: 0x8000815a (0xc715f413) andi    s0, a1, -911
core   0: 3 0x8000815a (0xc715f413) x8  0x80029c60
core   0: 0x8000815e (0x02701263) bne     zero, t2, pc + 36
core   0: 3 0x8000815e (0x02701263)
core   0: 0x80008182 (0x02c864b3) rem     s1, a6, a2
core   0: 3 0x80008182 (0x02c864b3) x9  0x00000002
core   0: 0x80008186 (0x026828b3) mulhsu  a7, a6, t1
core   0: 3 0x80008186 (0x026828b3) x17 0x00000001
core   0: 0x8000818a (0x006451b3) srl     gp, s0, t1
core   0: 3 0x8000818a (0x006451b3) x3  0x080029c6
core   0: 0x8000818e (0x73fc6ab7) lui     s5, 0x73fc6
core   0: 3 0x8000818e (0x73fc6ab7) x21 0x73fc6000
core   0: 0x80008192 (0x00008c71) c.and   s0, a2
core   0: 3 0x80008192 (0x8c71) x8  0x00000000
core   0: 0x80008194 (0x00006299) c.lui   t0, 0x6
core   0: 3 0x80008194 (0x6299) x5  0x00006000
core   0: 0x80008196 (0x0075b6b3) sltu    a3, a1, t2
core   0: 3 0x80008196 (0x0075b6b3) x13 0x00000001
core   0: 0x8000819a (0x01a768b3) or      a7, a4, s10
core   0: 3 0x8000819a (0x01a768b3) x17 0xbdf7ff64
core   0: 0x8000819e (0x0000157d) c.addi  a0, -1
core   0: 3 0x8000819e (0x157d) x10 0xffffff63
core   0: 0x800081a0 (0x01237033) and     zero, t1, s2
core   0: 3 0x800081a0 (0x01237033)
core   0: 0x800081a4 (0x002fd3b3) srl     t2, t6, sp
core   0: 3 0x800081a4 (0x002fd3b3) x7  0x00000000
core   0: 0x800081a8 (0x00273f33) sltu    t5, a4, sp
core   0: 3 0x800081a8 (0x00273f33) x30 0x00000000
core   0: 0x800081ac (0x0000ef01) c.bnez  a4, pc + 24
core   0: 3 0x800081ac (0xef01)
core   0: 0x800081c4 (0x0000cf8d) c.beqz  a5, pc + 58
core   0: 3 0x800081c4 (0xcf8d)
core   0: 0x800081c6 (0x417357b3) sra     a5, t1, s7
core   0: 3 0x800081c6 (0x417357b3) x15 0xffff0004
core   0: 0x800081ca (0x01e0d193) srli    gp, ra, 30
core   0: 3 0x800081ca (0x01e0d193) x3  0x00000000
core   0: 0x800081ce (0x06d30413) addi    s0, t1, 109
core   0: 3 0x800081ce (0x06d30413) x8  0x80025ed1
core   0: 0x800081d2 (0x00008891) c.andi  s1, 4
core   0: 3 0x800081d2 (0x8891) x9  0x00000000
core   0: 0x800081d4 (0x0006a0b3) slt     ra, a3, zero
core   0: 3 0x800081d4 (0x0006a0b3) x1  0x00000000
core   0: 0x800081d8 (0x00008a56) c.mv    s4, s5
core   0: 3 0x800081d8 (0x8a56) x20 0x73fc6000
core   0: 0x800081da (0x00008f01) c.sub   a4, s0
core   0: 3 0x800081da (0x8f01) x14 0x3df4412f
core   0: 0x800081dc (0x0fb93297) auipc   t0, 0xfb93
core   0: 3 0x800081dc (0x0fb93297) x5  0x8fb9b1dc
core   0: 0x800081e0 (0x00c61d93) slli    s11, a2, 12
core   0: 3 0x800081e0 (0x00c61d93) x27 0x00000000
core   0: 0x800081e4 (0x02a80bb3) mul     s7, a6, a0
core   0: 3 0x800081e4 (0x02a80bb3) x23 0xfffffec6
core   0: 0x800081e8 (0x02fd71b3) remu    gp, s10, a5
core   0: 3 0x800081e8 (0x02fd71b3) x3  0x00015f64
core   0: 0x800081ec (0x00665f33) srl     t5, a2, t1
core   0: 3 0x800081ec (0x00665f33) x30 0x00000000
core   0: 0x800081f0 (0x0000139c) c.addi4spn a5, sp, 480
core   0: 3 0x800081f0 (0x139c) x15 0x80c7e023
core   0: 0x800081f2 (0x00b509b3) add     s3, a0, a1
core   0: 3 0x800081f2 (0x00b509b3) x19 0x80029c47
core   0: 0x800081f6 (0x003b0263) beq     s6, gp, pc + 4
core   0: 3 0x800081f6 (0x003b0263)
core   0: 0x800081fa (0x03c150b3) divu    ra, sp, t3
core   0: 3 0x800081fa (0x03c150b3) x1  0xffffffff
core   0: 0x800081fe (0x15244413) xori    s0, s0, 338
core   0: 3 0x800081fe (0x15244413) x8  0x80025f83
core   0: 0x80008202 (0x0000839a) c.mv    t2, t1
core   0: 3 0x80008202 (0x839a) x7  0x80025e64
core   0: 0x80008204 (0x0b2a3b13) sltiu   s6, s4, 178
core   0: 3 0x80008204 (0x0b2a3b13) x22 0x00000000
core   0: 0x80008208 (0x00cbd893) srli    a7, s7, 12
core   0: 3 0x80008208 (0x00cbd893) x17 0x000fffff
core   0: 0x8000820c (0x00008625) c.srai  a2, 9
core   0: 3 0x8000820c (0x8625) x12 0x00000000
core   0: 0x8000820e (0x021cc233) div     tp, s9, ra
core   0: 3 0x8000820e (0x021cc233) x4  0xfffffff1
core   0: 0x80008212 (0x0384c1b3) div     gp, s1, s8
core   0: 3 0x80008212 (0x0384c1b3) x3  0x00000000
core   0: 0x80008216 (0x029803b3) mul     t2, a6, s1
core   0: 3 0x80008216 (0x029803b3) x7  0x00000000
core   0: 0x8000821a (0x0000024e) c.slli  tp, 19
core   0: 3 0x8000821a (0x024e) x4  0xff880000
core   0: 0x8000821c (0x00008dc2) c.mv    s11, a6
core   0: 3 0x8000821c (0x8dc2) x27 0x00000002
core   0: 0x8000821e (0x020883b3) mul     t2, a7, zero
core   0: 3 0x8000821e (0x020883b3) x7  0x00000000
core   0: 0x80008222 (0x00008fc5) c.or    a5, s1
core   0: 3 0x80008222 (0x8fc5) x15 0x80c7e023
core   0: 0x80008224 (0x02d6b433) mulhu   s0, a3, a3
core   0: 3 0x80008224 (0x02d6b433) x8  0x00000000
core   0: 0x80008228 (0xf4803913) sltiu   s2, zero, -184
core   0: 3 0x80008228 (0xf4803913) x18 0x00000001
core   0: 0x8000822c (0x02837f63) bgeu    t1, s0, pc + 62
core   0: 3 0x8000822c (0x02837f63)
core   0: 0x8000826a (0xedb46b13) ori     s6, s0, -293
core   0: 3 0x8000826a (0xedb46b13) x22 0xfffffedb
core   0: 0x8000826e (0x00008fc1) c.or    a5, s0
core   0: 3 0x8000826e (0x8fc1) x15 0x80c7e023
core   0: 0x80008270 (0x036bf663) bgeu    s7, s6, pc + 44
core   0: 3 0x80008270 (0x036bf663)
core   0: 0x80008274 (0x0000412d) c.li    sp, 11
core   0: 3 0x80008274 (0x412d) x2  0x0000000b
core   0: 0x80008276 (0x0106a1b3) slt     gp, a3, a6
core   0: 3 0x80008276 (0x0106a1b3) x3  0x00000001
core   0: 0x8000827a (0x000098fd) c.andi  s1, -1
core   0: 3 0x8000827a (0x98fd) x9  0x00000000
core   0: 0x8000827c (0x00000e7a) c.slli  t3, 30
core   0: 3 0x8000827c (0x0e7a) x28 0x00000000
core   0: 0x8000827e (0x4035d033) sra     zero, a1, gp
core   0: 3 0x8000827e (0x4035d033)
core   0: 0x80008282 (0x02d0ea33) rem     s4, ra, a3
core   0: 3 0x80008282 (0x02d0ea33) x20 0x00000000
core   0: 0x80008286 (0x00008cb9) c.xor   s1, a4
core   0: 3 0x80008286 (0x8cb9) x9  0x3df4412f
core   0: 0x80008288 (0x01dd2d33) slt     s10, s10, t4
core   0: 3 0x80008288 (0x01dd2d33) x26 0x00000001
core   0: 0x8000828c (0xe1c27b13) andi    s6, tp, -484
core   0: 3 0x8000828c (0xe1c27b13) x22 0xff880000
core   0: 0x80008290 (0x0138fc33) and     s8, a7, s3
core   0: 3 0x80008290 (0x0138fc33) x24 0x00029c47
core   0: 0x80008294 (0x04fd7063) bgeu    s10, a5, pc + 64
core   0: 3 0x80008294 (0x04fd7063)
core   0: 0x80008298 (0x0280a6b3) mulhsu  a3, ra, s0
core   0: 3 0x80008298 (0x0280a6b3) x13 0x00000000
core   0: 0x8000829c (0x0042a0b3) slt     ra, t0, tp
core   0: 3 0x8000829c (0x0042a0b3) x1  0x00000001
core   0: 0x800082a0 (0x022faf33) mulhsu  t5, t6, sp
core   0: 3 0x800082a0 (0x022faf33) x30 0x00000000
core   0: 0x800082a4 (0x6003c793) xori    a5, t2, 1536
core   0: 3 0x800082a4 (0x6003c793) x15 0x00000600
core   0: 0x800082a8 (0x00d21713) slli    a4, tp, 13
core   0: 3 0x800082a8 (0x00d21713) x14 0x00000000
core   0: 0x800082ac (0x01fd4233) xor     tp, s10, t6
core   0: 3 0x800082ac (0x01fd4233) x4  0x00000001
core   0: 0x800082b0 (0x02015f33) divu    t5, sp, zero
core   0: 3 0x800082b0 (0x02015f33) x30 0xffffffff
core   0: 0x800082b4 (0x00000c94) c.addi4spn a3, sp, 592
core   0: 3 0x800082b4 (0x0c94) x13 0x0000025b
core   0: 0x800082b6 (0x00008cf9) c.and   s1, a4
core   0: 3 0x800082b6 (0x8cf9) x9  0x00000000
core   0: 0x800082b8 (0x0060e963) bltu    ra, t1, pc + 18
core   0: 3 0x800082b8 (0x0060e963)
core   0: 0x800082ca (0x92a6af93) slti    t6, a3, -1750
core   0: 3 0x800082ca (0x92a6af93) x31 0x00000000
core   0: 0x800082ce (0x00005b7d) c.li    s6, -1
core   0: 3 0x800082ce (0x5b7d) x22 0xffffffff
core   0: 0x800082d0 (0x03f7d0b3) divu    ra, a5, t6
core   0: 3 0x800082d0 (0x03f7d0b3) x1  0xffffffff
core   0: 0x800082d4 (0x0000717d) c.addi16sp sp, -16
core   0: 3 0x800082d4 (0x717d) x2  0xfffffffb
core   0: 0x800082d6 (0x0239ddb3) divu    s11, s3, gp
core   0: 3 0x800082d6 (0x0239ddb3) x27 0x80029c47
core   0: 0x800082da (0x00008c7d) c.and   s0, a5
core   0: 3 0x800082da (0x8c7d) x8  0x00000000
core   0: 0x800082dc (0x00589463) bne     a7, t0, pc + 8
core   0: 3 0x800082dc (0x00589463)
core   0: 0x800082e4 (0x028bc033) div     zero, s7, s0
core   0: 3 0x800082e4 (0x028bc033)
core   0: 0x800082e8 (0x01badd33) srl     s10, s5, s11
core   0: 3 0x800082e8 (0x01badd33) x26 0x00e7f8c0
core   0: 0x800082ec (0x02f8b4b3) mulhu   s1, a7, a5
core   0: 3 0x800082ec (0x02f8b4b3) x9  0x00000000
core   0: 0x800082f0 (0x00008361) c.srli  a4, 24
core   0: 3 0x800082f0 (0x8361) x14 0x00000000
core   0: 0x800082f2 (0x016aa933) slt     s2, s5, s6
core   0: 3 0x800082f2 (0x016aa933) x18 0x00000000
core   0: 0x800082f6 (0x00000001) c.nop
core   0: 3 0x800082f6 (0x0001)
core   0: 0x800082f8 (0x00000001) c.nop
core   0: 3 0x800082f8 (0x0001)
core   0: 0x800082fa (0x0000c419) c.beqz  s0, pc + 14
core   0: 3 0x800082fa (0xc419)
core   0: 0x80008308 (0x0089dab3) srl     s5, s3, s0
core   0: 3 0x80008308 (0x0089dab3) x21 0x80029c47
core   0: 0x8000830c (0x01c01f13) slli    t5, zero, 28
core   0: 3 0x8000830c (0x01c01f13) x30 0x00000000
core   0: 0x80008310 (0x05f2d563) bge     t0, t6, pc + 74
core   0: 3 0x80008310 (0x05f2d563)
core   0: 0x80008314 (0x00f4c6b3) xor     a3, s1, a5
core   0: 3 0x80008314 (0x00f4c6b3) x13 0x00000600
core   0: 0x80008318 (0xc1e0ff93) andi    t6, ra, -994
core   0: 3 0x80008318 (0xc1e0ff93) x31 0xfffffc1e
core   0: 0x8000831c (0x0085da33) srl     s4, a1, s0
core   0: 3 0x8000831c (0x0085da33) x20 0x80029ce4
core   0: 0x80008320 (0x00008f41) c.or    a4, s0
core   0: 3 0x80008320 (0x8f41) x14 0x00000000
core   0: 0x80008322 (0x000050fd) c.li    ra, -1
core   0: 3 0x80008322 (0x50fd) x1  0xffffffff
core   0: 0x80008324 (0x02136533) rem     a0, t1, ra
core   0: 3 0x80008324 (0x02136533) x10 0x00000000
core   0: 0x80008328 (0x40350a33) sub     s4, a0, gp
core   0: 3 0x80008328 (0x40350a33) x20 0xffffffff
core   0: 0x8000832c (0x00008455) c.srai  s0, 21
core   0: 3 0x8000832c (0x8455) x8  0x00000000
core   0: 0x8000832e (0x03043433) mulhu   s0, s0, a6
core   0: 3 0x8000832e (0x03043433) x8  0x00000000
core   0: 0x80008332 (0x40af52b3) sra     t0, t5, a0
core   0: 3 0x80008332 (0x40af52b3) x5  0x00000000
core   0: 0x80008336 (0xf0847793) andi    a5, s0, -248
core   0: 3 0x80008336 (0xf0847793) x15 0x00000000
core   0: 0x8000833a (0x0007d113) srli    sp, a5, 0
core   0: 3 0x8000833a (0x0007d113) x2  0x00000000
core   0: 0x8000833e (0x0138fc33) and     s8, a7, s3
core   0: 3 0x8000833e (0x0138fc33) x24 0x00029c47
core   0: 0x80008342 (0x017d09b3) add     s3, s10, s7
core   0: 3 0x80008342 (0x017d09b3) x19 0x00e7f786
core   0: 0x80008346 (0x00865b13) srli    s6, a2, 8
core   0: 3 0x80008346 (0x00865b13) x22 0x00000000
core   0: 0x8000834a (0x00e3f663) bgeu    t2, a4, pc + 12
core   0: 3 0x8000834a (0x00e3f663)
core   0: 0x80008356 (0x02e9b533) mulhu   a0, s3, a4
core   0: 3 0x80008356 (0x02e9b533) x10 0x00000000
core   0: 0x8000835a (0x00008fd9) c.or    a5, a4
core   0: 3 0x8000835a (0x8fd9) x15 0x00000000
core   0: 0x8000835c (0x021fe563) bltu    t6, ra, pc + 42
core   0: 3 0x8000835c (0x021fe563)
core   0: 0x80008386 (0x176fb413) sltiu   s0, t6, 374
core   0: 3 0x80008386 (0x176fb413) x8  0x00000000
core   0: 0x8000838a (0x00008279) c.srli  a2, 30
core   0: 3 0x8000838a (0x8279) x12 0x00000000
core   0: 0x8000838c (0x029cd9b3) divu    s3, s9, s1
core   0: 3 0x8000838c (0x029cd9b3) x19 0xffffffff
core   0: 0x80008390 (0x000086ed) c.srai  a3, 27
core   0: 3 0x80008390 (0x86ed) x13 0x00000000
core   0: 0x80008392 (0x028502b3) mul     t0, a0, s0
core   0: 3 0x80008392 (0x028502b3) x5  0x00000000
core   0: 0x80008396 (0x00008d45) c.or    a0, s1
core   0: 3 0x80008396 (0x8d45) x10 0x00000000
core   0: 0x80008398 (0x036cdab3) divu    s5, s9, s6
core   0: 3 0x80008398 (0x036cdab3) x21 0xffffffff
core   0: 0x8000839c (0x00008fa5) c.xor   a5, s1
core   0: 3 0x8000839c (0x8fa5) x15 0x00000000
core   0: 0x8000839e (0x02eb4b33) div     s6, s6, a4
core   0: 3 0x8000839e (0x02eb4b33) x22 0xffffffff
core   0: 0x800083a2 (0x01554f63) blt     a0, s5, pc + 30
core   0: 3 0x800083a2 (0x01554f63)
core   0: 0x800083a6 (0x02207f33) remu    t5, zero, sp
core   0: 3 0x800083a6 (0x02207f33) x30 0x00000000
core   0: 0x800083aa (0x00336a33) or      s4, t1, gp
core   0: 3 0x800083aa (0x00336a33) x20 0x80025e65
core   0: 0x800083ae (0x01251793) slli    a5, a0, 18
core   0: 3 0x800083ae (0x01251793) x15 0x00000000
core   0: 0x800083b2 (0x00005d7d) c.li    s10, -1
core   0: 3 0x800083b2 (0x5d7d) x26 0xffffffff
core   0: 0x800083b4 (0x0207ed33) rem     s10, a5, zero
core   0: 3 0x800083b4 (0x0207ed33) x26 0x00000000
core   0: 0x800083b8 (0x01635c63) bge     t1, s6, pc + 24
core   0: 3 0x800083b8 (0x01635c63)
core   0: 0x800083bc (0x00e284b3) add     s1, t0, a4
core   0: 3 0x800083bc (0x00e284b3) x9  0x00000000
core   0: 0x800083c0 (0x00000001) c.nop
core   0: 3 0x800083c0 (0x0001)
core   0: 0x800083c2 (0x02ed0db3) mul     s11, s10, a4
core   0: 3 0x800083c2 (0x02ed0db3) x27 0x00000000
core   0: 0x800083c6 (0x02931233) mulh    tp, t1, s1
core   0: 3 0x800083c6 (0x02931233) x4  0x00000000
core   0: 0x800083ca (0x0000861d) c.srai  a2, 7
core   0: 3 0x800083ca (0x861d) x12 0x00000000
core   0: 0x800083cc (0x00f28d63) beq     t0, a5, pc + 26
core   0: 3 0x800083cc (0x00f28d63)
core   0: 0x800083e6 (0x00009476) c.add   s0, t4
core   0: 3 0x800083e6 (0x9476) x8  0x49200000
core   0: 0x800083e8 (0x01740a63) beq     s0, s7, pc + 20
core   0: 3 0x800083e8 (0x01740a63)
core   0: 0x800083ec (0x0000717d) c.addi16sp sp, -16
core   0: 3 0x800083ec (0x717d) x2  0xfffffff0
core   0: 0x800083ee (0x017ffc33) and     s8, t6, s7
core   0: 3 0x800083ee (0x017ffc33) x24 0xfffffc06
core   0: 0x800083f2 (0x01f3da13) srli    s4, t2, 31
core   0: 3 0x800083f2 (0x01f3da13) x20 0x00000000
core   0: 0x800083f6 (0x02e17a33) remu    s4, sp, a4
core   0: 3 0x800083f6 (0x02e17a33) x20 0xfffffff0
core   0: 0x800083fa (0x000087e6) c.mv    a5, s9
core   0: 3 0x800083fa (0x87e6) x15 0x0000000f
core   0: 0x800083fc (0x02a01a33) mulh    s4, zero, a0
core   0: 3 0x800083fc (0x02a01a33) x20 0x00000000
core   0: 0x80008400 (0x0b1e7a13) andi    s4, t3, 177
core   0: 3 0x80008400 (0x0b1e7a13) x20 0x00000000
core   0: 0x80008404 (0x00b0d233) srl     tp, ra, a1
core   0: 3 0x80008404 (0x00b0d233) x4  0x0fffffff
core   0: 0x80008408 (0x02e7cf63) blt     a5, a4, pc + 62
core   0: 3 0x80008408 (0x02e7cf63)
core   0: 0x8000840c (0x0163cdb3) xor     s11, t2, s6
core   0: 3 0x8000840c (0x0163cdb3) x27 0xffffffff
core   0: 0x80008410 (0x00348b33) add     s6, s1, gp
core   0: 3 0x80008410 (0x00348b33) x22 0x00000001
core   0: 0x80008414 (0x3ccbcc13) xori    s8, s7, 972
core   0: 3 0x80008414 (0x3ccbcc13) x24 0xfffffd0a
core   0: 0x80008418 (0x0000945a) c.add   s0, s6
core   0: 3 0x80008418 (0x945a) x8  0x49200001
core   0: 0x8000841a (0x00008fd5) c.or    a5, a3
core   0: 3 0x8000841a (0x8fd5) x15 0x0000000f
core   0: 0x8000841c (0x000e7db3) and     s11, t3, zero
core   0: 3 0x8000841c (0x000e7db3) x27 0x00000000
core   0: 0x80008420 (0xf906f513) andi    a0, a3, -112
core   0: 3 0x80008420 (0xf906f513) x10 0x00000000
core   0: 0x80008424 (0x00008d09) c.sub   a0, a0
core   0: 3 0x80008424 (0x8d09) x10 0x00000000
core   0: 0x80008426 (0x01929a13) slli    s4, t0, 25
core   0: 3 0x80008426 (0x01929a13) x20 0x00000000
core   0: 0x8000842a (0x0189c133) xor     sp, s3, s8
core   0: 3 0x8000842a (0x0189c133) x2  0x000002f5
core   0: 0x8000842e (0x00008ce9) c.and   s1, a0
core   0: 3 0x8000842e (0x8ce9) x9  0x00000000
core   0: 0x80008430 (0x02e91833) mulh    a6, s2, a4
core   0: 3 0x80008430 (0x02e91833) x16 0x00000000
core   0: 0x80008434 (0x9e717393) andi    t2, sp, -1561
core   0: 3 0x80008434 (0x9e717393) x7  0x000000e5
core   0: 0x80008438 (0x27b37d37) lui     s10, 0x27b37
core   0: 3 0x80008438 (0x27b37d37) x26 0x27b37000
core   0: 0x8000843c (0x00969233) sll     tp, a3, s1
core   0: 3 0x8000843c (0x00969233) x4  0x00000000
core   0: 0x80008440 (0x040de063) bltu    s11, zero, pc + 64
core   0: 3 0x80008440 (0x040de063)
core   0: 0x80008444 (0x00008439) c.srai  s0, 14
core   0: 3 0x80008444 (0x8439) x8  0x00012480
core   0: 0x80008446 (0x407cd793) srai    a5, s9, 7
core   0: 3 0x80008446 (0x407cd793) x15 0x00000000
core   0: 0x8000844a (0xc2947a13) andi    s4, s0, -983
core   0: 3 0x8000844a (0xc2947a13) x20 0x00012400
core   0: 0x8000844e (0x5c618d93) addi    s11, gp, 1478
core   0: 3 0x8000844e (0x5c618d93) x27 0x000005c7
core   0: 0x80008452 (0x02fba633) mulhsu  a2, s7, a5
core   0: 3 0x80008452 (0x02fba633) x12 0x00000000
core   0: 0x80008456 (0x000019fd) c.addi  s3, -1
core   0: 3 0x80008456 (0x19fd) x19 0xfffffffe
core   0: 0x80008458 (0x62bae913) ori     s2, s5, 1579
core   0: 3 0x80008458 (0x62bae913) x18 0xffffffff
core   0: 0x8000845c (0x0000877d) c.srai  a4, 31
core   0: 3 0x8000845c (0x877d) x14 0x00000000
core   0: 0x8000845e (0x03a88663) beq     a7, s10, pc + 44
core   0: 3 0x8000845e (0x03a88663)
core   0: 0x80008462 (0x004c22b3) slt     t0, s8, tp
core   0: 3 0x80008462 (0x004c22b3) x5  0x00000001
core   0: 0x80008466 (0x8d517113) andi    sp, sp, -1835
core   0: 3 0x80008466 (0x8d517113) x2  0x000000d5
core   0: 0x8000846a (0x0344a7b3) mulhsu  a5, s1, s4
core   0: 3 0x8000846a (0x0344a7b3) x15 0x00000000
core   0: 0x8000846e (0x0181a833) slt     a6, gp, s8
core   0: 3 0x8000846e (0x0181a833) x16 0x00000000
core   0: 0x80008472 (0x00000001) c.nop
core   0: 3 0x80008472 (0x0001)
core   0: 0x80008474 (0x00006c0d) c.lui   s8, 0x3
core   0: 3 0x80008474 (0x6c0d) x24 0x00003000
core   0: 0x80008476 (0x01917db3) and     s11, sp, s9
core   0: 3 0x80008476 (0x01917db3) x27 0x00000005
core   0: 0x8000847a (0xf4958513) addi    a0, a1, -183
core   0: 3 0x8000847a (0xf4958513) x10 0x80029c2d
core   0: 0x8000847e (0x00009b7d) c.andi  a4, -1
core   0: 3 0x8000847e (0x9b7d) x14 0x00000000
core   0: 0x80008480 (0x02ed6363) bltu    s10, a4, pc + 38
core   0: 3 0x80008480 (0x02ed6363)
core   0: 0x80008484 (0x00006121) c.addi16sp sp, 64
core   0: 3 0x80008484 (0x6121) x2  0x00000115
core   0: 0x80008486 (0x0135e7b3) or      a5, a1, s3
core   0: 3 0x80008486 (0x0135e7b3) x15 0xfffffffe
core   0: 0x8000848a (0x029264b3) rem     s1, tp, s1
core   0: 3 0x8000848a (0x029264b3) x9  0x00000000
core   0: 0x8000848e (0x01c68633) add     a2, a3, t3
core   0: 3 0x8000848e (0x01c68633) x12 0x00000000
core   0: 0x80008492 (0x0101c1b3) xor     gp, gp, a6
core   0: 3 0x80008492 (0x0101c1b3) x3  0x00000001
core   0: 0x80008496 (0x033b9c63) bne     s7, s3, pc + 56
core   0: 3 0x80008496 (0x033b9c63)
core   0: 0x800084ce (0x409c04b3) sub     s1, s8, s1
core   0: 3 0x800084ce (0x409c04b3) x9  0x00003000
core   0: 0x800084d2 (0x00000001) c.nop
core   0: 3 0x800084d2 (0x0001)
core   0: 0x800084d4 (0x00000f1d) c.addi  t5, 7
core   0: 3 0x800084d4 (0x0f1d) x30 0x00000007
core   0: 0x800084d6 (0x009d5133) srl     sp, s10, s1
core   0: 3 0x800084d6 (0x009d5133) x2  0x27b37000
core   0: 0x800084da (0x00008fc2) c.mv    t6, a6
core   0: 3 0x800084da (0x8fc2) x31 0x00000000
core   0: 0x800084dc (0x01559513) slli    a0, a1, 21
core   0: 3 0x800084dc (0x01559513) x10 0x9c800000
core   0: 0x800084e0 (0x00008f49) c.or    a4, a0
core   0: 3 0x800084e0 (0x8f49) x14 0x9c800000
core   0: 0x800084e2 (0x00376233) or      tp, a4, gp
core   0: 3 0x800084e2 (0x00376233) x4  0x9c800001
core   0: 0x800084e6 (0x0341dab3) divu    s5, gp, s4
core   0: 3 0x800084e6 (0x0341dab3) x21 0x00000000
core   0: 0x800084ea (0x01ed9913) slli    s2, s11, 30
core   0: 3 0x800084ea (0x01ed9913) x18 0x40000000
core   0: 0x800084ee (0x00008c1a) c.mv    s8, t1
core   0: 3 0x800084ee (0x8c1a) x24 0x80025e64
core   0: 0x800084f0 (0x00006469) c.lui   s0, 0x1a
core   0: 3 0x800084f0 (0x6469) x8  0x0001a000
core   0: 0x800084f2 (0x003a18b3) sll     a7, s4, gp
core   0: 3 0x800084f2 (0x003a18b3) x17 0x00024800
core   0: 0x800084f6 (0x018cb8b3) sltu    a7, s9, s8
core   0: 3 0x800084f6 (0x018cb8b3) x17 0x00000001
core   0: 0x800084fa (0x00008061) c.srli  s0, 24
core   0: 3 0x800084fa (0x8061) x8  0x00000000
core   0: 0x800084fc (0x0000ce09) c.beqz  a2, pc + 26
core   0: 3 0x800084fc (0xce09)
core   0: 0x80008516 (0x0000ca05) c.beqz  a2, pc + 48
core   0: 3 0x80008516 (0xca05)
core   0: 0x80008546 (0x0000696d) c.lui   s2, 0x1b
core   0: 3 0x80008546 (0x696d) x18 0x0001b000
core   0: 0x80008548 (0x00000001) c.nop
core   0: 3 0x80008548 (0x0001)
core   0: 0x8000854a (0x03cb98b3) mulh    a7, s7, t3
core   0: 3 0x8000854a (0x03cb98b3) x17 0x00000000
core   0: 0x8000854e (0x01e61f63) bne     a2, t5, pc + 30
core   0: 3 0x8000854e (0x01e61f63)
core   0: 0x8000856c (0x6812f793) andi    a5, t0, 1665
core   0: 3 0x8000856c (0x6812f793) x15 0x00000001
core   0: 0x80008570 (0x00009d6e) c.add   s10, s11
core   0: 3 0x80008570 (0x9d6e) x26 0x27b37005
core   0: 0x80008572 (0x01f5cf63) blt     a1, t6, pc + 30
core   0: 3 0x80008572 (0x01f5cf63)
core   0: 0x80008590 (0x016eedb3) or      s11, t4, s6
core   0: 3 0x80008590 (0x016eedb3) x27 0x49200001
core   0: 0x80008594 (0x00006131) c.addi16sp sp, 320
core   0: 3 0x80008594 (0x6131) x2  0x27b37140
core   0: 0x80008596 (0x02526c33) rem     s8, tp, t0
core   0: 3 0x80008596 (0x02526c33) x24 0x00000000
core   0: 0x8000859a (0x0000e419) c.bnez  s0, pc + 14
core   0: 3 0x8000859a (0xe419)
core   0: 0x8000859c (0x00055f63) bgez    a0, pc + 30
core   0: 3 0x8000859c (0x00055f63)
core   0: 0x800085a0 (0x03a36463) bltu    t1, s10, pc + 40
core   0: 3 0x800085a0 (0x03a36463)
core   0: 0x800085a4 (0xaec90493) addi    s1, s2, -1300
core   0: 3 0x800085a4 (0xaec90493) x9  0x0001aaec
core   0: 0x800085a8 (0x00000001) c.nop
core   0: 3 0x800085a8 (0x0001)
core   0: 0x800085aa (0x027aa3b3) mulhsu  t2, s5, t2
core   0: 3 0x800085aa (0x027aa3b3) x7  0x00000000
core   0: 0x800085ae (0x000086c9) c.srai  a3, 18
core   0: 3 0x800085ae (0x86c9) x13 0x00000000
core   0: 0x800085b0 (0x0360b133) mulhu   sp, ra, s6
core   0: 3 0x800085b0 (0x0360b133) x2  0x00000000
core   0: 0x800085b4 (0x0199c433) xor     s0, s3, s9
core   0: 3 0x800085b4 (0x0199c433) x8  0xfffffff1
core   0: 0x800085b8 (0x0000717d) c.addi16sp sp, -16
core   0: 3 0x800085b8 (0x717d) x2  0xfffffff0
core   0: 0x800085ba (0x01e988b3) add     a7, s3, t5
core   0: 3 0x800085ba (0x01e988b3) x17 0x00000005
core   0: 0x800085be (0x0000e699) c.bnez  a3, pc + 14
core   0: 3 0x800085be (0xe699)
core   0: 0x800085c0 (0x013932b3) sltu    t0, s2, s3
core   0: 3 0x800085c0 (0x013932b3) x5  0x00000001
core   0: 0x800085c4 (0x026e44b3) div     s1, t3, t1
core   0: 3 0x800085c4 (0x026e44b3) x9  0x00000000
core   0: 0x800085c8 (0x62e50393) addi    t2, a0, 1582
core   0: 3 0x800085c8 (0x62e50393) x7  0x9c80062e
core   0: 0x800085cc (0x585c8b37) lui     s6, 0x585c8
core   0: 3 0x800085cc (0x585c8b37) x22 0x585c8000
core   0: 0x800085d0 (0x00a2eab3) or      s5, t0, a0
core   0: 3 0x800085d0 (0x00a2eab3) x21 0x9c800001
core   0: 0x800085d4 (0x032ce533) rem     a0, s9, s2
core   0: 3 0x800085d4 (0x032ce533) x10 0x0000000f
core   0: 0x800085d8 (0xf94d3113) sltiu   sp, s10, -108
core   0: 3 0x800085d8 (0xf94d3113) x2  0x00000001
core   0: 0x800085dc (0x026e8433) mul     s0, t4, t1
core   0: 3 0x800085dc (0x026e8433) x8  0x50800000
core   0: 0x800085e0 (0x007ae833) or      a6, s5, t2
core   0: 3 0x800085e0 (0x007ae833) x16 0x9c80062f
core   0: 0x800085e4 (0x0000991e) c.add   s2, t2
core   0: 3 0x800085e4 (0x991e) x18 0x9c81b62e
core   0: 0x800085e6 (0x03b74463) blt     a4, s11, pc + 40
core   0: 3 0x800085e6 (0x03b74463)
core   0: 0x8000860e (0x03cee033) rem     zero, t4, t3
core   0: 3 0x8000860e (0x03cee033)
core   0: 0x80008612 (0x00009bfd) c.andi  a5, -1
core   0: 3 0x80008612 (0x9bfd) x15 0x00000001
core   0: 0x80008614 (0x02fcda63) bge     s9, a5, pc + 52
core   0: 3 0x80008614 (0x02fcda63)
core   0: 0x80008648 (0x012fd463) bge     t6, s2, pc + 8
core   0: 3 0x80008648 (0x012fd463)
core   0: 0x80008650 (0x00008939) c.andi  a0, 14
core   0: 3 0x80008650 (0x8939) x10 0x0000000e
core   0: 0x80008652 (0x03daf6b3) remu    a3, s5, t4
core   0: 3 0x80008652 (0x03daf6b3) x13 0x0a400001
core   0: 0x80008656 (0x0000841e) c.mv    s0, t2
core   0: 3 0x80008656 (0x841e) x8  0x9c80062e
core   0: 0x80008658 (0x000003e6) c.slli  t2, 25
core   0: 3 0x80008658 (0x03e6) x7  0x5c000000
core   0: 0x8000865a (0xe905e713) ori     a4, a1, -368
core   0: 3 0x8000865a (0xe905e713) x14 0xfffffef4
core   0: 0x8000865e (0x00009b52) c.add   s6, s4
core   0: 3 0x8000865e (0x9b52) x22 0x585da400
core   0: 0x80008660 (0x00006229) c.lui   tp, 0xa
core   0: 3 0x80008660 (0x6229) x4  0x0000a000
core   0: 0x80008662 (0x00008ce9) c.and   s1, a0
core   0: 3 0x80008662 (0x8ce9) x9  0x00000000
core   0: 0x80008664 (0x014d9263) bne     s11, s4, pc + 4
core   0: 3 0x80008664 (0x014d9263)
core   0: 0x80008668 (0x00008f39) c.xor   a4, a4
core   0: 3 0x80008668 (0x8f39) x14 0x00000000
core   0: 0x8000866a (0x00008fa9) c.xor   a5, a0
core   0: 3 0x8000866a (0x8fa9) x15 0x0000000f
core   0: 0x8000866c (0x40aadfb3) sra     t6, s5, a0
core   0: 3 0x8000866c (0x40aadfb3) x31 0xfffe7200
core   0: 0x80008670 (0x0000009a) c.slli  ra, 6
core   0: 3 0x80008670 (0x009a) x1  0xffffffc0
core   0: 0x80008672 (0x00008e95) c.sub   a3, a3
core   0: 3 0x80008672 (0x8e95) x13 0x00000000
core   0: 0x80008674 (0x008fefb3) or      t6, t6, s0
core   0: 3 0x80008674 (0x008fefb3) x31 0xfffe762e
core   0: 0x80008678 (0x00e38263) beq     t2, a4, pc + 4
core   0: 3 0x80008678 (0x00e38263)
core   0: 0x8000867c (0x03597fb3) remu    t6, s2, s5
core   0: 3 0x8000867c (0x03597fb3) x31 0x0001b62d
core   0: 0x80008680 (0x034e73b3) remu    t2, t3, s4
core   0: 3 0x80008680 (0x034e73b3) x7  0x00000000
core   0: 0x80008684 (0x021b16b3) mulh    a3, s6, ra
core   0: 3 0x80008684 (0x021b16b3) x13 0xffffffe9
core   0: 0x80008688 (0x00a63033) sltu    zero, a2, a0
core   0: 3 0x80008688 (0x00a63033)
core   0: 0x8000868c (0xeb82a513) slti    a0, t0, -328
core   0: 3 0x8000868c (0xeb82a513) x10 0x00000000
core   0: 0x80008690 (0x021b82b3) mul     t0, s7, ra
core   0: 3 0x80008690 (0x021b82b3) x5  0x00004e80
core   0: 0x80008694 (0x00005efd) c.li    t4, -1
core   0: 3 0x80008694 (0x5efd) x29 0xffffffff
core   0: 0x80008696 (0x000059fd) c.li    s3, -1
core   0: 3 0x80008696 (0x59fd) x19 0xffffffff
core   0: 0x80008698 (0x00008d59) c.or    a0, a4
core   0: 3 0x80008698 (0x8d59) x10 0x00000000
core   0: 0x8000869a (0x40335413) srai    s0, t1, 3
core   0: 3 0x8000869a (0x40335413) x8  0xf0004bcc
core   0: 0x8000869e (0x00008146) c.mv    sp, a7
core   0: 3 0x8000869e (0x8146) x2  0x00000005
core   0: 0x800086a0 (0x026cf533) remu    a0, s9, t1
core   0: 3 0x800086a0 (0x026cf533) x10 0x0000000f
core   0: 0x800086a4 (0x01635a93) srli    s5, t1, 22
core   0: 3 0x800086a4 (0x01635a93) x21 0x00000200
core   0: 0x800086a8 (0x02e36033) rem     zero, t1, a4
core   0: 3 0x800086a8 (0x02e36033)
core   0: 0x800086ac (0x3c1a2f13) slti    t5, s4, 961
core   0: 3 0x800086ac (0x3c1a2f13) x30 0x00000000
core   0: 0x800086b0 (0x41495933) sra     s2, s2, s4
core   0: 3 0x800086b0 (0x41495933) x18 0x9c81b62e
core   0: 0x800086b4 (0x011a8b63) beq     s5, a7, pc + 22
core   0: 3 0x800086b4 (0x011a8b63)
core   0: 0x800086b8 (0x01adfc33) and     s8, s11, s10
core   0: 3 0x800086b8 (0x01adfc33) x24 0x01200001
core   0: 0x800086bc (0x02c57e63) bgeu    a0, a2, pc + 60
core   0: 3 0x800086bc (0x02c57e63)
core   0: 0x800086f8 (0x01159693) slli    a3, a1, 17
core   0: 3 0x800086f8 (0x01159693) x13 0x39c80000
core   0: 0x800086fc (0x0000119c) c.addi4spn a5, sp, 224
core   0: 3 0x800086fc (0x119c) x15 0x000000e5
core   0: 0x800086fe (0x00004ed5) c.li    t4, 21
core   0: 3 0x800086fe (0x4ed5) x29 0x00000015
core   0: 0x80008700 (0x50377013) andi    zero, a4, 1283
core   0: 3 0x80008700 (0x50377013)
core   0: 0x80008704 (0x41f68033) sub     zero, a3, t6
core   0: 3 0x80008704 (0x41f68033)
core   0: 0x80008708 (0x0000717d) c.addi16sp sp, -16
core   0: 3 0x80008708 (0x717d) x2  0xfffffff5
core   0: 0x8000870a (0x0143c0b3) xor     ra, t2, s4
core   0: 3 0x8000870a (0x0143c0b3) x1  0x00012400
core   0: 0x8000870e (0x5a523493) sltiu   s1, tp, 1445
core   0: 3 0x8000870e (0x5a523493) x9  0x00000000
core   0: 0x80008712 (0x0311c433) div     s0, gp, a7
core   0: 3 0x80008712 (0x0311c433) x8  0x00000000
core   0: 0x80008716 (0x0000427d) c.li    tp, 31
core   0: 3 0x80008716 (0x427d) x4  0x0000001f
core   0: 0x80008718 (0x005e5633) srl     a2, t3, t0
core   0: 3 0x80008718 (0x005e5633) x12 0x00000000
core   0: 0x8000871c (0x027314b3) mulh    s1, t1, t2
core   0: 3 0x8000871c (0x027314b3) x9  0x00000000
core   0: 0x80008720 (0x038d9a63) bne     s11, s8, pc + 52
core   0: 3 0x80008720 (0x038d9a63)
core   0: 0x80008754 (0x00610263) beq     sp, t1, pc + 4
core   0: 3 0x80008754 (0x00610263)
core   0: 0x80008758 (0x000081ba) c.mv    gp, a4
core   0: 3 0x80008758 (0x81ba) x3  0x00000000
core   0: 0x8000875a (0x00009afd) c.andi  a3, -1
core   0: 3 0x8000875a (0x9afd) x13 0x39c80000
core   0: 0x8000875c (0x018013b3) sll     t2, zero, s8
core   0: 3 0x8000875c (0x018013b3) x7  0x00000000
core   0: 0x80008760 (0x000d9d93) slli    s11, s11, 0
core   0: 3 0x80008760 (0x000d9d93) x27 0x49200001
core   0: 0x80008764 (0x0000c611) c.beqz  a2, pc + 12
core   0: 3 0x80008764 (0xc611)
core   0: 0x80008770 (0xd1cd91b7) lui     gp, 0xd1cd9
core   0: 3 0x80008770 (0xd1cd91b7) x3  0xd1cd9000
core   0: 0x80008774 (0x00008c65) c.and   s0, s1
core   0: 3 0x80008774 (0x8c65) x8  0x00000000
core   0: 0x80008776 (0x0000cd19) c.beqz  a0, pc + 30
core   0: 3 0x80008776 (0xcd19)
core   0: 0x80008778 (0x9383e413) ori     s0, t2, -1736
core   0: 3 0x80008778 (0x9383e413) x8  0xfffff938
core   0: 0x8000877c (0x015bbb33) sltu    s6, s7, s5
core   0: 3 0x8000877c (0x015bbb33) x22 0x00000000
core   0: 0x80008780 (0x0000c499) c.beqz  s1, pc + 14
core   0: 3 0x80008780 (0xc499)
core   0: 0x8000878e (0x000052fd) c.li    t0, -1
core   0: 3 0x8000878e (0x52fd) x5  0xffffffff
core   0: 0x80008790 (0x031ee463) bltu    t4, a7, pc + 40
core   0: 3 0x80008790 (0x031ee463)
core   0: 0x80008794 (0x4067d733) sra     a4, a5, t1
core   0: 3 0x80008794 (0x4067d733) x14 0x0000000e
core   0: 0x80008798 (0x00008e1a) c.mv    t3, t1
core   0: 3 0x80008798 (0x8e1a) x28 0x80025e64
core   0: 0x8000879a (0x02c113b3) mulh    t2, sp, a2
core   0: 3 0x8000879a (0x02c113b3) x7  0x00000000
core   0: 0x8000879e (0xbbe5b793) sltiu   a5, a1, -1090
core   0: 3 0x8000879e (0xbbe5b793) x15 0x00000001
core   0: 0x800087a2 (0x0347fc33) remu    s8, a5, s4
core   0: 3 0x800087a2 (0x0347fc33) x24 0x00000001
core   0: 0x800087a6 (0x00008c91) c.sub   s1, a2
core   0: 3 0x800087a6 (0x8c91) x9  0x00000000
core   0: 0x800087a8 (0x0202e6b3) rem     a3, t0, zero
core   0: 3 0x800087a8 (0x0202e6b3) x13 0xffffffff
core   0: 0x800087ac (0x03b49db3) mulh    s11, s1, s11
core   0: 3 0x800087ac (0x03b49db3) x27 0x00000000
core   0: 0x800087b0 (0x03763a33) mulhu   s4, a2, s7
core   0: 3 0x800087b0 (0x03763a33) x20 0x00000000
core   0: 0x800087b4 (0x00a01393) slli    t2, zero, 10
core   0: 3 0x800087b4 (0x00a01393) x7  0x00000000
core   0: 0x800087b8 (0x02e70463) beq     a4, a4, pc + 40
core   0: 3 0x800087b8 (0x02e70463)
core   0: 0x800087e0 (0xef1dae13) slti    t3, s11, -271
core   0: 3 0x800087e0 (0xef1dae13) x28 0x00000000
core   0: 0x800087e4 (0x000001e1) c.addi  gp, 24
core   0: 3 0x800087e4 (0x01e1) x3  0xd1cd9018
core   0: 0x800087e6 (0xf2e5fc13) andi    s8, a1, -210
core   0: 3 0x800087e6 (0xf2e5fc13) x24 0x80029c24
core   0: 0x800087ea (0x00899b13) slli    s6, s3, 8
core   0: 3 0x800087ea (0x00899b13) x22 0xffffff00
core   0: 0x800087ee (0x0000717d) c.addi16sp sp, -16
core   0: 3 0x800087ee (0x717d) x2  0xffffffe5
core   0: 0x800087f0 (0x00000001) c.nop
core   0: 3 0x800087f0 (0x0001)
core   0: 0x800087f2 (0x0000e819) c.bnez  s0, pc + 22
core   0: 3 0x800087f2 (0xe819)
core   0: 0x80008808 (0xc7831197) auipc   gp, 0xc7831
core   0: 3 0x80008808 (0xc7831197) x3  0x47839808
core   0: 0x8000880c (0x009c1413) slli    s0, s8, 9
core   0: 3 0x8000880c (0x009c1413) x8  0x05384800
core   0: 0x80008810 (0x00000001) c.nop
core   0: 3 0x80008810 (0x0001)
core   0: 0x80008812 (0x824051b7) lui     gp, 0x82405
core   0: 3 0x80008812 (0x824051b7) x3  0x82405000
core   0: 0x80008816 (0x03b19363) bne     gp, s11, pc + 38
core   0: 3 0x80008816 (0x03b19363)
core   0: 0x8000883c (0x0000e919) c.bnez  a0, pc + 22
core   0: 3 0x8000883c (0xe919)
core   0: 0x80008852 (0x00004e89) c.li    t4, 2
core   0: 3 0x80008852 (0x4e89) x29 0x00000002
core   0: 0x80008854 (0x0000e901) c.bnez  a0, pc + 16
core   0: 3 0x80008854 (0xe901)
core   0: 0x80008864 (0x00000d1a) c.slli  s10, 6
core   0: 3 0x80008864 (0x0d1a) x26 0xecdc0140
core   0: 0x80008866 (0x0000038e) c.slli  t2, 3
core   0: 3 0x80008866 (0x038e) x7  0x00000000
core   0: 0x80008868 (0xe7036113) ori     sp, t1, -400
core   0: 3 0x80008868 (0xe7036113) x2  0xfffffe74
core   0: 0x8000886c (0x11b1aa93) slti    s5, gp, 283
core   0: 3 0x8000886c (0x11b1aa93) x21 0x00000001
core   0: 0x80008870 (0x01efd393) srli    t2, t6, 30
core   0: 3 0x80008870 (0x01efd393) x7  0x00000000
core   0: 0x80008874 (0x00000001) c.nop
core   0: 3 0x80008874 (0x0001)
core   0: 0x80008876 (0x41b15113) srai    sp, sp, 27
core   0: 3 0x80008876 (0x41b15113) x2  0xffffffff
core   0: 0x8000887a (0x0192d933) srl     s2, t0, s9
core   0: 3 0x8000887a (0x0192d933) x18 0x0001ffff
core   0: 0x8000887e (0x00d54eb3) xor     t4, a0, a3
core   0: 3 0x8000887e (0x00d54eb3) x29 0xfffffff0
core   0: 0x80008882 (0x01f9ad33) slt     s10, s3, t6
core   0: 3 0x80008882 (0x01f9ad33) x26 0x00000001
core   0: 0x80008886 (0x0000611d) c.addi16sp sp, 416
core   0: 3 0x80008886 (0x611d) x2  0x0000019f
core   0: 0x80008888 (0x00000b1a) c.slli  s6, 6
core   0: 3 0x80008888 (0x0b1a) x22 0xffffc000
core   0: 0x8000888a (0x03dee9b3) rem     s3, t4, t4
core   0: 3 0x8000888a (0x03dee9b3) x19 0x00000000
core   0: 0x8000888e (0x9dc68a13) addi    s4, a3, -1572
core   0: 3 0x8000888e (0x9dc68a13) x20 0xfffff9db
core   0: 0x80008892 (0x00000135) c.addi  sp, 13
core   0: 3 0x80008892 (0x0135) x2  0x000001ac
core   0: 0x80008894 (0x033de363) bltu    s11, s3, pc + 38
core   0: 3 0x80008894 (0x033de363)
core   0: 0x80008898 (0x00008f69) c.and   a4, a0
core   0: 3 0x80008898 (0x8f69) x14 0x0000000e
core   0: 0x8000889a (0xaad24e13) xori    t3, tp, -1363
core   0: 3 0x8000889a (0xaad24e13) x28 0xfffffab2
core   0: 0x8000889e (0x50ac8213) addi    tp, s9, 1290
core   0: 3 0x8000889e (0x50ac8213) x4  0x00000519
core   0: 0x800088a2 (0x0333c063) blt     t2, s3, pc + 32
core   0: 3 0x800088a2 (0x0333c063)
core   0: 0x800088a6 (0x006421b3) slt     gp, s0, t1
core   0: 3 0x800088a6 (0x006421b3) x3  0x00000000
core   0: 0x800088aa (0x3ce92e17) auipc   t3, 0x3ce92
core   0: 3 0x800088aa (0x3ce92e17) x28 0xbce9a8aa
core   0: 0x800088ae (0x414654b3) sra     s1, a2, s4
core   0: 3 0x800088ae (0x414654b3) x9  0x00000000
core   0: 0x800088b2 (0x003a0f33) add     t5, s4, gp
core   0: 3 0x800088b2 (0x003a0f33) x30 0xfffff9db
core   0: 0x800088b6 (0x41cb5413) srai    s0, s6, 28
core   0: 3 0x800088b6 (0x41cb5413) x8  0xffffffff
core   0: 0x800088ba (0x00a8ae33) slt     t3, a7, a0
core   0: 3 0x800088ba (0x00a8ae33) x28 0x00000001
core   0: 0x800088be (0x000ed533) srl     a0, t4, zero
core   0: 3 0x800088be (0x000ed533) x10 0xfffffff0
core   0: 0x800088c2 (0x00000001) c.nop
core   0: 3 0x800088c2 (0x0001)
core   0: 0x800088c4 (0x03f6f063) bgeu    a3, t6, pc + 32
core   0: 3 0x800088c4 (0x03f6f063)
core   0: 0x800088e4 (0x00399963) bne     s3, gp, pc + 18
core   0: 3 0x800088e4 (0x00399963)
core   0: 0x800088e8 (0x011274b3) and     s1, tp, a7
core   0: 3 0x800088e8 (0x011274b3) x9  0x00000001
core   0: 0x800088ec (0x00510363) beq     sp, t0, pc + 6
core   0: 3 0x800088ec (0x00510363)
core   0: 0x800088f0 (0x000092c2) c.add   t0, a6
core   0: 3 0x800088f0 (0x92c2) x5  0x9c80062e
core   0: 0x800088f2 (0x02d15a63) bge     sp, a3, pc + 52
core   0: 3 0x800088f2 (0x02d15a63)
core   0: 0x80008926 (0x027e4763) blt     t3, t2, pc + 46
core   0: 3 0x80008926 (0x027e4763)
core   0: 0x8000892a (0x40a254b3) sra     s1, tp, a0
core   0: 3 0x8000892a (0x40a254b3) x9  0x00000000
core   0: 0x8000892e (0x0000957a) c.add   a0, t5
core   0: 3 0x8000892e (0x957a) x10 0xfffff9cb
core   0: 0x80008930 (0x853a8093) addi    ra, s5, -1965
core   0: 3 0x80008930 (0x853a8093) x1  0xfffff854
core   0: 0x80008934 (0x00fa1733) sll     a4, s4, a5
core   0: 3 0x80008934 (0x00fa1733) x14 0xfffff3b6
core   0: 0x80008938 (0x02375f33) divu    t5, a4, gp
core   0: 3 0x80008938 (0x02375f33) x30 0xffffffff
core   0: 0x8000893c (0x408a8eb3) sub     t4, s5, s0
core   0: 3 0x8000893c (0x408a8eb3) x29 0x00000002
core   0: 0x80008940 (0x0000ee15) c.bnez  a2, pc + 60
core   0: 3 0x80008940 (0xee15)
core   0: 0x80008942 (0x4d8d2013) slti    zero, s10, 1240
core   0: 3 0x80008942 (0x4d8d2013)
core   0: 0x80008946 (0x00000c84) c.addi4spn s1, sp, 592
core   0: 3 0x80008946 (0x0c84) x9  0x000003fc
core   0: 0x80008948 (0x00e1d7b3) srl     a5, gp, a4
core   0: 3 0x80008948 (0x00e1d7b3) x15 0x00000000
core   0: 0x8000894c (0x017141b3) xor     gp, sp, s7
core   0: 3 0x8000894c (0x017141b3) x3  0xffffff6a
core   0: 0x80008950 (0x00445433) srl     s0, s0, tp
core   0: 3 0x80008950 (0x00445433) x8  0x0000007f
core   0: 0x80008954 (0x0000717d) c.addi16sp sp, -16
core   0: 3 0x80008954 (0x717d) x2  0x0000019c
core   0: 0x80008956 (0x0000941e) c.add   s0, t2
core   0: 3 0x80008956 (0x941e) x8  0x0000007f
core   0: 0x80008958 (0x0000c511) c.beqz  a0, pc + 12
core   0: 3 0x80008958 (0xc511)
core   0: 0x8000895a (0x02c35733) divu    a4, t1, a2
core   0: 3 0x8000895a (0x02c35733) x14 0xffffffff
core   0: 0x8000895e (0x00006c35) c.lui   s8, 0xd
core   0: 3 0x8000895e (0x6c35) x24 0x0000d000
core   0: 0x80008960 (0x40ce53b3) sra     t2, t3, a2
core   0: 3 0x80008960 (0x40ce53b3) x7  0x00000001
core   0: 0x80008964 (0x00008c79) c.and   s0, a4
core   0: 3 0x80008964 (0x8c79) x8  0x0000007f
core   0: 0x80008966 (0x00008c45) c.or    s0, s1
core   0: 3 0x80008966 (0x8c45) x8  0x000003ff
core   0: 0x80008968 (0x0168e6b3) or      a3, a7, s6
core   0: 3 0x80008968 (0x0168e6b3) x13 0xffffc005
core   0: 0x8000896c (0x00008ea1) c.xor   a3, s0
core   0: 3 0x8000896c (0x8ea1) x13 0xffffc3fa
core   0: 0x8000896e (0x416f5f13) srai    t5, t5, 22
core   0: 3 0x8000896e (0x416f5f13) x30 0xffffffff
core   0: 0x80008972 (0x40f35513) srai    a0, t1, 15
core   0: 3 0x80008972 (0x40f35513) x10 0xffff0004
core   0: 0x80008976 (0x006470b3) and     ra, s0, t1
core   0: 3 0x80008976 (0x006470b3) x1  0x00000264
core   0: 0x8000897a (0x00009e12) c.add   t3, tp
core   0: 3 0x8000897a (0x9e12) x28 0x0000051a
core   0: 0x8000897c (0x03976863) bltu    a4, s9, pc + 48
core   0: 3 0x8000897c (0x03976863)
core   0: 0x80008980 (0x01de32b3) sltu    t0, t3, t4
core   0: 3 0x80008980 (0x01de32b3) x5  0x00000000
core   0: 0x80008984 (0x006a56b3) srl     a3, s4, t1
core   0: 3 0x80008984 (0x006a56b3) x13 0x0fffff9d
core   0: 0x80008988 (0x416d0eb3) sub     t4, s10, s6
core   0: 3 0x80008988 (0x416d0eb3) x29 0x00004001
core   0: 0x8000898c (0x00000001) c.nop
core   0: 3 0x8000898c (0x0001)
core   0: 0x8000898e (0x03a6d733) divu    a4, a3, s10
core   0: 3 0x8000898e (0x03a6d733) x14 0x0fffff9d
core   0: 0x80008992 (0x01cf6ab3) or      s5, t5, t3
core   0: 3 0x80008992 (0x01cf6ab3) x21 0xffffffff
core   0: 0x80008996 (0x01f99fb3) sll     t6, s3, t6
core   0: 3 0x80008996 (0x01f99fb3) x31 0x00000000
core   0: 0x8000899a (0x01a89793) slli    a5, a7, 26
core   0: 3 0x8000899a (0x01a89793) x15 0x14000000
core   0: 0x8000899e (0x03c25163) bge     tp, t3, pc + 34
core   0: 3 0x8000899e (0x03c25163)
core   0: 0x800089a2 (0x93aaab13) slti    s6, s5, -1734
core   0: 3 0x800089a2 (0x93aaab13) x22 0x00000000
core   0: 0x800089a6 (0x00000001) c.nop
core   0: 3 0x800089a6 (0x0001)
core   0: 0x800089a8 (0x037767b3) rem     a5, a4, s7
core   0: 3 0x800089a8 (0x037767b3) x15 0x000000d3
core   0: 0x800089ac (0x02fc2933) mulhsu  s2, s8, a5
core   0: 3 0x800089ac (0x02fc2933) x18 0x00000000
core   0: 0x800089b0 (0x0000cc99) c.beqz  s1, pc + 30
core   0: 3 0x800089b0 (0xcc99)
core   0: 0x800089b2 (0x00008e75) c.and   a2, a3
core   0: 3 0x800089b2 (0x8e75) x12 0x00000000
core   0: 0x800089b4 (0x41180f33) sub     t5, a6, a7
core   0: 3 0x800089b4 (0x41180f33) x30 0x9c80062a
core   0: 0x800089b8 (0x9243be13) sltiu   t3, t2, -1756
core   0: 3 0x800089b8 (0x9243be13) x28 0x00000001
core   0: 0x800089bc (0x000087c9) c.srai  a5, 18
core   0: 3 0x800089bc (0x87c9) x15 0x00000000
core   0: 0x800089be (0x0000e881) c.bnez  s1, pc + 16
core   0: 3 0x800089be (0xe881)
core   0: 0x800089ce (0x6faeae93) slti    t4, t4, 1786
core   0: 3 0x800089ce (0x6faeae93) x29 0x00000000
core   0: 0x800089d2 (0x02ff21b3) mulhsu  gp, t5, a5
core   0: 3 0x800089d2 (0x02ff21b3) x3  0x00000000
core   0: 0x800089d6 (0xc1aec417) auipc   s0, 0xc1aec
core   0: 3 0x800089d6 (0xc1aec417) x8  0x41af49d6
core   0: 0x800089da (0x400ad613) srai    a2, s5, 0
core   0: 3 0x800089da (0x400ad613) x12 0xffffffff
core   0: 0x800089de (0x6b724293) xori    t0, tp, 1719
core   0: 3 0x800089de (0x6b724293) x5  0x000003ae
core   0: 0x800089e2 (0x4041d2b3) sra     t0, gp, tp
core   0: 3 0x800089e2 (0x4041d2b3) x5  0x00000000
core   0: 0x800089e6 (0x00517033) and     zero, sp, t0
core   0: 3 0x800089e6 (0x00517033)
core   0: 0x800089ea (0x9a855a17) auipc   s4, 0x9a855
core   0: 3 0x800089ea (0x9a855a17) x20 0x1a85d9ea
core   0: 0x800089ee (0x01765793) srli    a5, a2, 23
core   0: 3 0x800089ee (0x01765793) x15 0x000001ff
core   0: 0x800089f2 (0x0000827d) c.srli  a2, 31
core   0: 3 0x800089f2 (0x827d) x12 0x00000001
core   0: 0x800089f4 (0x00008671) c.srai  a2, 28
core   0: 3 0x800089f4 (0x8671) x12 0x00000000
core   0: 0x800089f6 (0xd3e882b7) lui     t0, 0xd3e88
core   0: 3 0x800089f6 (0xd3e882b7) x5  0xd3e88000
core   0: 0x800089fa (0x01ea5433) srl     s0, s4, t5
core   0: 3 0x800089fa (0x01ea5433) x8  0x0006a176
core   0: 0x800089fe (0x00006145) c.addi16sp sp, 48
core   0: 3 0x800089fe (0x6145) x2  0x000001cc
core   0: 0x80008a00 (0x408a8833) sub     a6, s5, s0
core   0: 3 0x80008a00 (0x408a8833) x16 0xfff95e89
core   0: 0x80008a04 (0x027b4f63) blt     s6, t2, pc + 62
core   0: 3 0x80008a04 (0x027b4f63)
core   0: 0x80008a42 (0xf05d0a93) addi    s5, s10, -251
core   0: 3 0x80008a42 (0xf05d0a93) x21 0xffffff06
core   0: 0x80008a46 (0x00000001) c.nop
core   0: 3 0x80008a46 (0x0001)
core   0: 0x80008a48 (0x1b6f7493) andi    s1, t5, 438
core   0: 3 0x80008a48 (0x1b6f7493) x9  0x00000022
core   0: 0x80008a4c (0x0fad6563) bltu    s10, s10, pc + 234
core   0: 3 0x80008a4c (0x0fad6563)
core   0: 0x80008a50 (0x01dbae33) slt     t3, s7, t4
core   0: 3 0x80008a50 (0x01dbae33) x28 0x00000001
core   0: 0x80008a54 (0x000084ad) c.srai  s1, 11
core   0: 3 0x80008a54 (0x84ad) x9  0x00000000
core   0: 0x80008a56 (0x00555f13) srli    t5, a0, 5
core   0: 3 0x80008a56 (0x00555f13) x30 0x07fff800
core   0: 0x80008a5a (0x00e8f633) and     a2, a7, a4
core   0: 3 0x80008a5a (0x00e8f633) x12 0x00000005
core   0: 0x80008a5e (0x00d789b3) add     s3, a5, a3
core   0: 3 0x80008a5e (0x00d789b3) x19 0x1000019c
core   0: 0x80008a62 (0x000019fd) c.addi  s3, -1
core   0: 3 0x80008a62 (0x19fd) x19 0x1000019b
core   0: 0x80008a64 (0x00008097) auipc   ra, 0x8
core   0: 3 0x80008a64 (0x00008097) x1  0x80010a64
core   0: 0x80008a68 (0xa9108093) addi    ra, ra, -1391
core   0: 3 0x80008a68 (0xa9108093) x1  0x800104f5
core   0: 0x80008a6c (0x2830db83) lhu     s7, 643(ra)
core   0: 3 0x80008a6c (0x2830db83) x23 0x0000e8e9 mem 0x80010778
core   0: 0x80008a70 (0x017166b3) or      a3, sp, s7
core   0: 3 0x80008a70 (0x017166b3) x13 0x0000e9ed
core   0: 0x80008a74 (0x79907113) andi    sp, zero, 1945
core   0: 3 0x80008a74 (0x79907113) x2  0x00000000
core   0: 0x80008a78 (0x15f14013) xori    zero, sp, 351
core   0: 3 0x80008a78 (0x15f14013)
core   0: 0x80008a7c (0x79e08d83) lb      s11, 1950(ra)
core   0: 3 0x80008a7c (0x79e08d83) x27 0x00000048 mem 0x80010c93
core   0: 0x80008a80 (0x02212bb3) mulhsu  s7, sp, sp
core   0: 3 0x80008a80 (0x02212bb3) x23 0x00000000
core   0: 0x80008a84 (0x00008ed5) c.or    a3, a3
core   0: 3 0x80008a84 (0x8ed5) x13 0x0000e9ed
core   0: 0x80008a86 (0x00069db3) sll     s11, a3, zero
core   0: 3 0x80008a86 (0x00069db3) x27 0x0000e9ed
core   0: 0x80008a8a (0x02608d83) lb      s11, 38(ra)
core   0: 3 0x80008a8a (0x02608d83) x27 0xffffffd0 mem 0x8001051b
core   0: 0x80008a8e (0x40d08503) lb      a0, 1037(ra)
core   0: 3 0x80008a8e (0x40d08503) x10 0xffffffb9 mem 0x80010902
core   0: 0x80008a92 (0x02200db3) mul     s11, zero, sp
core   0: 3 0x80008a92 (0x02200db3) x27 0x00000000
core   0: 0x80008a96 (0x00dbebb3) or      s7, s7, a3
core   0: 3 0x80008a96 (0x00dbebb3) x23 0x0000e9ed
core   0: 0x80008a9a (0x12d0a5a3) sw      a3, 299(ra)
core   0: 3 0x80008a9a (0x12d0a5a3) mem 0x80010620 0x0000e9ed
core   0: 0x80008a9e (0x00008d8a) c.mv    s11, sp
core   0: 3 0x80008a9e (0x8d8a) x27 0x00000000
core   0: 0x80008aa0 (0x5cf08503) lb      a0, 1487(ra)
core   0: 3 0x80008aa0 (0x5cf08503) x10 0x0000007f mem 0x80010ac4
core   0: 0x80008aa4 (0xcb909d83) lh      s11, -839(ra)
core   0: 3 0x80008aa4 (0xcb909d83) x27 0x00006465 mem 0x800101ae
core   0: 0x80008aa8 (0x41710db3) sub     s11, sp, s7
core   0: 3 0x80008aa8 (0x41710db3) x27 0xffff1613
core   0: 0x80008aac (0xfc109683) lh      a3, -63(ra)
core   0: 3 0x80008aac (0xfc109683) x13 0x00006c6d mem 0x800104b6
core   0: 0x80008ab0 (0x00000169) c.addi  sp, 26
core   0: 3 0x80008ab0 (0x0169) x2  0x0000001a
core   0: 0x80008ab2 (0xff206d93) ori     s11, zero, -14
core   0: 3 0x80008ab2 (0xff206d93) x27 0xfffffff2
core   0: 0x80008ab6 (0x01b556b3) srl     a3, a0, s11
core   0: 3 0x80008ab6 (0x01b556b3) x13 0x00000000
core   0: 0x80008aba (0x03b52133) mulhsu  sp, a0, s11
core   0: 3 0x80008aba (0x03b52133) x2  0x0000007e
core   0: 0x80008abe (0x00008ee9) c.and   a3, a0
core   0: 3 0x80008abe (0x8ee9) x13 0x00000000
core   0: 0x80008ac0 (0x00000551) c.addi  a0, 20
core   0: 3 0x80008ac0 (0x0551) x10 0x00000093
core   0: 0x80008ac2 (0x00969013) slli    zero, a3, 9
core   0: 3 0x80008ac2 (0x00969013)
core   0: 0x80008ac6 (0x00b08683) lb      a3, 11(ra)
core   0: 3 0x80008ac6 (0x00b08683) x13 0xffffffbb mem 0x80010500
core   0: 0x80008aca (0x00208923) sb      sp, 18(ra)
core   0: 3 0x80008aca (0x00208923) mem 0x80010507 0x7e
core   0: 0x80008ace (0x01bd8133) add     sp, s11, s11
core   0: 3 0x80008ace (0x01bd8133) x2  0xffffffe4
core   0: 0x80008ad2 (0x0000815e) c.mv    sp, s7
core   0: 3 0x80008ad2 (0x815e) x2  0x0000e9ed
core   0: 0x80008ad4 (0x01bdebb3) or      s7, s11, s11
core   0: 3 0x80008ad4 (0x01bdebb3) x23 0xfffffff2
core   0: 0x80008ad8 (0x1240cb83) lbu     s7, 292(ra)
core   0: 3 0x80008ad8 (0x1240cb83) x23 0x000000d2 mem 0x80010619
core   0: 0x80008adc (0x3db08aa3) sb      s11, 981(ra)
core   0: 3 0x80008adc (0x3db08aa3) mem 0x800108ca 0xf2
core   0: 0x80008ae0 (0x00f05693) srli    a3, zero, 15
core   0: 3 0x80008ae0 (0x00f05693) x13 0x00000000
core   0: 0x80008ae4 (0x00008eb5) c.xor   a3, a3
core   0: 3 0x80008ae4 (0x8eb5) x13 0x00000000
core   0: 0x80008ae6 (0x95ebbd93) sltiu   s11, s7, -1698
core   0: 3 0x80008ae6 (0x95ebbd93) x27 0x00000001
core   0: 0x80008aea (0xb680cd83) lbu     s11, -1176(ra)
core   0: 3 0x80008aea (0xb680cd83) x27 0x00000016 mem 0x8001005d
core   0: 0x80008aee (0x0206d133) divu    sp, a3, zero
core   0: 3 0x80008aee (0x0206d133) x2  0xffffffff
core   0: 0x80008af2 (0x01bd9db3) sll     s11, s11, s11
core   0: 3 0x80008af2 (0x01bd9db3) x27 0x05800000
core   0: 0x80008af6 (0x24008723) sb      zero, 590(ra)
core   0: 3 0x80008af6 (0x24008723) mem 0x80010743 0x00
core   0: 0x80008afa (0x00d55133) srl     sp, a0, a3
core   0: 3 0x80008afa (0x00d55133) x2  0x00000093
core   0: 0x80008afe (0x017bc033) xor     zero, s7, s7
core   0: 3 0x80008afe (0x017bc033)
core   0: 0x80008b02 (0x7b50cb83) lbu     s7, 1973(ra)
core   0: 3 0x80008b02 (0x7b50cb83) x23 0x00000061 mem 0x80010caa
core   0: 0x80008b06 (0x6070db83) lhu     s7, 1543(ra)
core   0: 3 0x80008b06 (0x6070db83) x23 0x000000b7 mem 0x80010afc
core   0: 0x80008b0a (0x039a5d63) bge     s4, s9, pc + 58
core   0: 3 0x80008b0a (0x039a5d63)
core   0: 0x80008b44 (0x00006149) c.addi16sp sp, 144
core   0: 3 0x80008b44 (0x6149) x2  0x00000123
core   0: 0x80008b46 (0x0190b833) sltu    a6, ra, s9
core   0: 3 0x80008b46 (0x0190b833) x16 0x00000000
core   0: 0x80008b4a (0x01488db3) add     s11, a7, s4
core   0: 3 0x80008b4a (0x01488db3) x27 0x1a85d9ef
core   0: 0x80008b4e (0x003f7963) bgeu    t5, gp, pc + 18
core   0: 3 0x80008b4e (0x003f7963)
core   0: 0x80008b60 (0x03eb1963) bne     s6, t5, pc + 50
core   0: 3 0x80008b60 (0x03eb1963)
core   0: 0x80008b92 (0x035a7c33) remu    s8, s4, s5
core   0: 3 0x80008b92 (0x035a7c33) x24 0x1a85d9ea
core   0: 0x80008b96 (0x0000eb15) c.bnez  a4, pc + 52
core   0: 3 0x80008b96 (0xeb15)
core   0: 0x80008bca (0x009ea1b3) slt     gp, t4, s1
core   0: 3 0x80008bca (0x009ea1b3) x3  0x00000000
core   0: 0x80008bce (0x02bd2eb3) mulhsu  t4, s10, a1
core   0: 3 0x80008bce (0x02bd2eb3) x29 0x00000000
core   0: 0x80008bd2 (0x34ea1097) auipc   ra, 0x34ea1
core   0: 3 0x80008bd2 (0x34ea1097) x1  0xb4ea9bd2
core   0: 0x80008bd6 (0x00008221) c.srli  a2, 8
core   0: 3 0x80008bd6 (0x8221) x12 0x00000000
core   0: 0x80008bd8 (0x00000001) c.nop
core   0: 3 0x80008bd8 (0x0001)
core   0: 0x80008bda (0x03989b33) mulh    s6, a7, s9
core   0: 3 0x80008bda (0x03989b33) x22 0x00000000
core   0: 0x80008bde (0x000087f9) c.srai  a5, 30
core   0: 3 0x80008bde (0x87f9) x15 0x00000000
core   0: 0x80008be0 (0x00005ffd) c.li    t6, -1
core   0: 3 0x80008be0 (0x5ffd) x31 0xffffffff
core   0: 0x80008be2 (0x000009b2) c.slli  s3, 12
core   0: 3 0x80008be2 (0x09b2) x19 0x0019b000
core   0: 0x80008be4 (0x49062013) slti    zero, a2, 1168
core   0: 3 0x80008be4 (0x49062013)
core   0: 0x80008be8 (0x03a8b8b3) mulhu   a7, a7, s10
core   0: 3 0x80008be8 (0x03a8b8b3) x17 0x00000000
core   0: 0x80008bec (0x00000001) c.nop
core   0: 3 0x80008bec (0x0001)
core   0: 0x80008bee (0x00f38763) beq     t2, a5, pc + 14
core   0: 3 0x80008bee (0x00f38763)
core   0: 0x80008bf2 (0x00000001) c.nop
core   0: 3 0x80008bf2 (0x0001)
core   0: 0x80008bf4 (0x01b3f233) and     tp, t2, s11
core   0: 3 0x80008bf4 (0x01b3f233) x4  0x00000001
core   0: 0x80008bf8 (0x02569e63) bne     a3, t0, pc + 60
core   0: 3 0x80008bf8 (0x02569e63)
core   0: 0x80008c34 (0x0000870d) c.srai  a4, 3
core   0: 3 0x80008c34 (0x870d) x14 0x01fffff3
core   0: 0x80008c36 (0x00000b85) c.addi  s7, 1
core   0: 3 0x80008c36 (0x0b85) x23 0x000000b8
core   0: 0x80008c38 (0xdd72eb93) ori     s7, t0, -553
core   0: 3 0x80008c38 (0xdd72eb93) x23 0xfffffdd7
core   0: 0x80008c3c (0x11947993) andi    s3, s0, 281
core   0: 3 0x80008c3c (0x11947993) x19 0x00000110
core   0: 0x80008c40 (0x1559ef13) ori     t5, s3, 341
core   0: 3 0x80008c40 (0x1559ef13) x30 0x00000155
core   0: 0x80008c44 (0x00cd9893) slli    a7, s11, 12
core   0: 3 0x80008c44 (0x00cd9893) x17 0x5d9ef000
core   0: 0x80008c48 (0x00008351) c.srli  a4, 20
core   0: 3 0x80008c48 (0x8351) x14 0x0000001f
core   0: 0x80008c4a (0x40da8733) sub     a4, s5, a3
core   0: 3 0x80008c4a (0x40da8733) x14 0xffffff06
core   0: 0x80008c4e (0x0000811e) c.mv    sp, t2
core   0: 3 0x80008c4e (0x811e) x2  0x00000001
core   0: 0x80008c50 (0x007ac7b3) xor     a5, s5, t2
core   0: 3 0x80008c50 (0x007ac7b3) x15 0xffffff07
core   0: 0x80008c54 (0x02af6b63) bltu    t5, a0, pc + 54
core   0: 3 0x80008c54 (0x02af6b63)
core   0: 0x80008c58 (0x01978533) add     a0, a5, s9
core   0: 3 0x80008c58 (0x01978533) x10 0xffffff16
core   0: 0x80008c5c (0x009e3633) sltu    a2, t3, s1
core   0: 3 0x80008c5c (0x009e3633) x12 0x00000000
core   0: 0x80008c60 (0x029c3533) mulhu   a0, s8, s1
core   0: 3 0x80008c60 (0x029c3533) x10 0x00000000
core   0: 0x80008c64 (0x02c2f463) bgeu    t0, a2, pc + 40
core   0: 3 0x80008c64 (0x02c2f463)
core   0: 0x80008c8c (0x020c9863) bnez    s9, pc + 48
core   0: 3 0x80008c8c (0x020c9863)
core   0: 0x80008cbc (0x0000ea11) c.bnez  a2, pc + 20
core   0: 3 0x80008cbc (0xea11)
core   0: 0x80008cbe (0x7f7e2237) lui     tp, 0x7f7e2
core   0: 3 0x80008cbe (0x7f7e2237) x4  0x7f7e2000
core   0: 0x80008cc2 (0x00008496) c.mv    s1, t0
core   0: 3 0x80008cc2 (0x8496) x9  0xd3e88000
core   0: 0x80008cc4 (0x00008eb5) c.xor   a3, a3
core   0: 3 0x80008cc4 (0x8eb5) x13 0x00000000
core   0: 0x80008cc6 (0x00dc5a63) bge     s8, a3, pc + 20
core   0: 3 0x80008cc6 (0x00dc5a63)
core   0: 0x80008cda (0xac847613) andi    a2, s0, -1336
core   0: 3 0x80008cda (0xac847613) x12 0x0006a040
core   0: 0x80008cde (0x00a2e8b3) or      a7, t0, a0
core   0: 3 0x80008cde (0x00a2e8b3) x17 0xd3e88000
core   0: 0x80008ce2 (0x0139e433) or      s0, s3, s3
core   0: 3 0x80008ce2 (0x0139e433) x8  0x00000110
core   0: 0x80008ce6 (0x402152b3) sra     t0, sp, sp
core   0: 3 0x80008ce6 (0x402152b3) x5  0x00000000
core   0: 0x80008cea (0x035ff7b3) remu    a5, t6, s5
core   0: 3 0x80008cea (0x035ff7b3) x15 0x000000f9
core   0: 0x80008cee (0x000087e5) c.srai  a5, 25
core   0: 3 0x80008cee (0x87e5) x15 0x00000000
core   0: 0x80008cf0 (0x00008e51) c.or    a2, a2
core   0: 3 0x80008cf0 (0x8e51) x12 0x0006a040
core   0: 0x80008cf2 (0x00a0a9b3) slt     s3, ra, a0
core   0: 3 0x80008cf2 (0x00a0a9b3) x19 0x00000001
core   0: 0x80008cf6 (0x00c4cb33) xor     s6, s1, a2
core   0: 3 0x80008cf6 (0x00c4cb33) x22 0xd3ee2040
core   0: 0x80008cfa (0x02b2a233) mulhsu  tp, t0, a1
core   0: 3 0x80008cfa (0x02b2a233) x4  0x00000000
core   0: 0x80008cfe (0x50fccb17) auipc   s6, 0x50fcc
core   0: 3 0x80008cfe (0x50fccb17) x22 0xd0fd4cfe
core   0: 0x80008d02 (0x0000ec81) c.bnez  s1, pc + 24
core   0: 3 0x80008d02 (0xec81)
core   0: 0x80008d1a (0x01e03733) snez    a4, t5
core   0: 3 0x80008d1a (0x01e03733) x14 0x00000001
core   0: 0x80008d1e (0x00000001) c.nop
core   0: 3 0x80008d1e (0x0001)
core   0: 0x80008d20 (0x15d4c613) xori    a2, s1, 349
core   0: 3 0x80008d20 (0x15d4c613) x12 0xd3e8815d
core   0: 0x80008d24 (0x00cb44b3) xor     s1, s6, a2
core   0: 3 0x80008d24 (0x00cb44b3) x9  0x0315cda3
core   0: 0x80008d28 (0x41225213) srai    tp, tp, 18
core   0: 3 0x80008d28 (0x41225213) x4  0x00000000
core   0: 0x80008d2c (0x038c6833) rem     a6, s8, s8
core   0: 3 0x80008d2c (0x038c6833) x16 0x00000000
core   0: 0x80008d30 (0x02c0f733) remu    a4, ra, a2
core   0: 3 0x80008d30 (0x02c0f733) x14 0xb4ea9bd2
core   0: 0x80008d34 (0x0000892e) c.mv    s2, a1
core   0: 3 0x80008d34 (0x892e) x18 0x80029ce4
core   0: 0x80008d36 (0x9caab217) auipc   tp, 0x9caab
core   0: 3 0x80008d36 (0x9caab217) x4  0x1cab3d36
core   0: 0x80008d3a (0x53184f13) xori    t5, a6, 1329
core   0: 3 0x80008d3a (0x53184f13) x30 0x00000531
core   0: 0x80008d3e (0x020db0b3) mulhu   ra, s11, zero
core   0: 3 0x80008d3e (0x020db0b3) x1  0x00000000
core   0: 0x80008d42 (0x01718663) beq     gp, s7, pc + 12
core   0: 3 0x80008d42 (0x01718663)
core   0: 0x80008d46 (0x0059d263) bge     s3, t0, pc + 4
core   0: 3 0x80008d46 (0x0059d263)
core   0: 0x80008d4a (0x008cea33) or      s4, s9, s0
core   0: 3 0x80008d4a (0x008cea33) x20 0x0000011f
core   0: 0x80008d4e (0x028153b3) divu    t2, sp, s0
core   0: 3 0x80008d4e (0x028153b3) x7  0x00000000
core   0: 0x80008d52 (0x29e7f817) auipc   a6, 0x29e7f
core   0: 3 0x80008d52 (0x29e7f817) x16 0xa9e87d52
core   0: 0x80008d56 (0x49c4bf13) sltiu   t5, s1, 1180
core   0: 3 0x80008d56 (0x49c4bf13) x30 0x00000000
core   0: 0x80008d5a (0x026a5833) divu    a6, s4, t1
core   0: 3 0x80008d5a (0x026a5833) x16 0x00000000
core   0: 0x80008d5e (0x0000c429) c.beqz  s0, pc + 74
core   0: 3 0x80008d5e (0xc429)
core   0: 0x80008d60 (0x01d69c33) sll     s8, a3, t4
core   0: 3 0x80008d60 (0x01d69c33) x24 0x00000000
core   0: 0x80008d64 (0x418a5933) sra     s2, s4, s8
core   0: 3 0x80008d64 (0x418a5933) x18 0x0000011f
core   0: 0x80008d68 (0x007507b3) add     a5, a0, t2
core   0: 3 0x80008d68 (0x007507b3) x15 0x00000000
core   0: 0x80008d6c (0x001ab033) sltu    zero, s5, ra
core   0: 3 0x80008d6c (0x001ab033)
core   0: 0x80008d70 (0x413ddf13) srai    t5, s11, 19
core   0: 3 0x80008d70 (0x413ddf13) x30 0x00000350
core   0: 0x80008d74 (0x01261e93) slli    t4, a2, 18
core   0: 3 0x80008d74 (0x01261e93) x29 0x05740000
core   0: 0x80008d78 (0x01f0feb3) and     t4, ra, t6
core   0: 3 0x80008d78 (0x01f0feb3) x29 0x00000000
core   0: 0x80008d7c (0x039088b3) mul     a7, ra, s9
core   0: 3 0x80008d7c (0x039088b3) x17 0x00000000
core   0: 0x80008d80 (0x03489363) bne     a7, s4, pc + 38
core   0: 3 0x80008d80 (0x03489363)
core   0: 0x80008da6 (0x00000d51) c.addi  s10, 20
core   0: 3 0x80008da6 (0x0d51) x26 0x00000015
core   0: 0x80008da8 (0x0256e9b3) rem     s3, a3, t0
core   0: 3 0x80008da8 (0x0256e9b3) x19 0x00000000
core   0: 0x80008dac (0xb4c07a93) andi    s5, zero, -1204
core   0: 3 0x80008dac (0xb4c07a93) x21 0x00000000
core   0: 0x80008db0 (0x004eeeb3) or      t4, t4, tp
core   0: 3 0x80008db0 (0x004eeeb3) x29 0x1cab3d36
core   0: 0x80008db4 (0x02eb03b3) mul     t2, s6, a4
core   0: 3 0x80008db4 (0x02eb03b3) x7  0xc592f25c
core   0: 0x80008db8 (0x012cde33) srl     t3, s9, s2
core   0: 3 0x80008db8 (0x012cde33) x28 0x00000000
core   0: 0x80008dbc (0x0000e39d) c.bnez  a5, pc + 38
core   0: 3 0x80008dbc (0xe39d)
core   0: 0x80008dbe (0x02d664b3) rem     s1, a2, a3
core   0: 3 0x80008dbe (0x02d664b3) x9  0xd3e8815d
core   0: 0x80008dc2 (0x00008f89) c.sub   a5, a0
core   0: 3 0x80008dc2 (0x8f89) x15 0x00000000
core   0: 0x80008dc4 (0x00008c3a) c.mv    s8, a4
core   0: 3 0x80008dc4 (0x8c3a) x24 0xb4ea9bd2
core   0: 0x80008dc6 (0x0023dc63) bge     t2, sp, pc + 24
core   0: 3 0x80008dc6 (0x0023dc63)
core   0: 0x80008dca (0xf70ffb93) andi    s7, t6, -144
core   0: 3 0x80008dca (0xf70ffb93) x23 0xffffff70
core   0: 0x80008dce (0x00008ced) c.and   s1, a1
core   0: 3 0x80008dce (0x8ced) x9  0x80008044
core   0: 0x80008dd0 (0x0148cb33) xor     s6, a7, s4
core   0: 3 0x80008dd0 (0x0148cb33) x22 0x0000011f
core   0: 0x80008dd4 (0x0864e813) ori     a6, s1, 134
core   0: 3 0x80008dd4 (0x0864e813) x16 0x800080c6
core   0: 0x80008dd8 (0x01dea3b3) slt     t2, t4, t4
core   0: 3 0x80008dd8 (0x01dea3b3) x7  0x00000000
core   0: 0x80008ddc (0x00008d4d) c.or    a0, a1
core   0: 3 0x80008ddc (0x8d4d) x10 0x80029ce4
core   0: 0x80008dde (0xde643a93) sltiu   s5, s0, -538
core   0: 3 0x80008dde (0xde643a93) x21 0x00000001
core   0: 0x80008de2 (0x40288133) sub     sp, a7, sp
core   0: 3 0x80008de2 (0x40288133) x2  0xffffffff
core   0: 0x80008de6 (0x63260437) lui     s0, 0x63260
core   0: 3 0x80008de6 (0x63260437) x8  0x63260000
core   0: 0x80008dea (0x019e6ab3) or      s5, t3, s9
core   0: 3 0x80008dea (0x019e6ab3) x21 0x0000000f
core   0: 0x80008dee (0x85cfb113) sltiu   sp, t6, -1956
core   0: 3 0x80008dee (0x85cfb113) x2  0x00000000
core   0: 0x80008df2 (0x0000804d) c.srli  s0, 19
core   0: 3 0x80008df2 (0x804d) x8  0x00000c64
core   0: 0x80008df4 (0x00da7433) and     s0, s4, a3
core   0: 3 0x80008df4 (0x00da7433) x8  0x00000000
core   0: 0x80008df8 (0xdcea7c13) andi    s8, s4, -562
core   0: 3 0x80008df8 (0xdcea7c13) x24 0x0000010e
core   0: 0x80008dfc (0x0380ef63) bltu    ra, s8, pc + 62
core   0: 3 0x80008dfc (0x0380ef63)
core   0: 0x80008e3a (0x02011b33) mulh    s6, sp, zero
core   0: 3 0x80008e3a (0x02011b33) x22 0x00000000
core   0: 0x80008e3e (0xb2d13d93) sltiu   s11, sp, -1235
core   0: 3 0x80008e3e (0xb2d13d93) x27 0x00000001
core   0: 0x80008e42 (0x0186a633) slt     a2, a3, s8
core   0: 3 0x80008e42 (0x0186a633) x12 0x00000001
core   0: 0x80008e46 (0x00008059) c.srli  s0, 22
core   0: 3 0x80008e46 (0x8059) x8  0x00000000
core   0: 0x80008e48 (0x0000063d) c.addi  a2, 15
core   0: 3 0x80008e48 (0x063d) x12 0x00000010
core   0: 0x80008e4a (0x00168c33) add     s8, a3, ra
core   0: 3 0x80008e4a (0x00168c33) x24 0x00000000
core   0: 0x80008e4e (0x02720463) beq     tp, t2, pc + 40
core   0: 3 0x80008e4e (0x02720463)
core   0: 0x80008e52 (0x0091f863) bgeu    gp, s1, pc + 16
core   0: 3 0x80008e52 (0x0091f863)
core   0: 0x80008e56 (0x00008f75) c.and   a4, a3
core   0: 3 0x80008e56 (0x8f75) x14 0x00000000
core   0: 0x80008e58 (0x00008206) c.mv    tp, ra
core   0: 3 0x80008e58 (0x8206) x4  0x00000000
core   0: 0x80008e5a (0x00a40e33) add     t3, s0, a0
core   0: 3 0x80008e5a (0x00a40e33) x28 0x80029ce4
core   0: 0x80008e5e (0x000051fd) c.li    gp, -1
core   0: 3 0x80008e5e (0x51fd) x3  0xffffffff
core   0: 0x80008e60 (0x00000dc2) c.slli  s11, 16
core   0: 3 0x80008e60 (0x0dc2) x27 0x00010000
core   0: 0x80008e62 (0x03f2f733) remu    a4, t0, t6
core   0: 3 0x80008e62 (0x03f2f733) x14 0x00000000
core   0: 0x80008e66 (0x000006fe) c.slli  a3, 31
core   0: 3 0x80008e66 (0x06fe) x13 0x00000000
core   0: 0x80008e68 (0x0285d4b3) divu    s1, a1, s0
core   0: 3 0x80008e68 (0x0285d4b3) x9  0xffffffff
core   0: 0x80008e6c (0x00d289b3) add     s3, t0, a3
core   0: 3 0x80008e6c (0x00d289b3) x19 0x00000000
core   0: 0x80008e70 (0x000003c2) c.slli  t2, 16
core   0: 3 0x80008e70 (0x03c2) x7  0x00000000
core   0: 0x80008e72 (0x00001584) c.addi4spn s1, sp, 736
core   0: 3 0x80008e72 (0x1584) x9  0x000002e0
core   0: 0x80008e74 (0x0000c011) c.beqz  s0, pc + 4
core   0: 3 0x80008e74 (0xc011)
core   0: 0x80008e78 (0x00008ea5) c.xor   a3, s1
core   0: 3 0x80008e78 (0x8ea5) x13 0x000002e0
core   0: 0x80008e7a (0x00000c97) auipc   s9, 0x0
core   0: 3 0x80008e7a (0x00000c97) x25 0x80008e7a
core   0: 0x80008e7e (0x00cc8c93) addi    s9, s9, 12
core   0: 3 0x80008e7e (0x00cc8c93) x25 0x80008e86
core   0: 0x80008e82 (0x000c8067) jr      s9
core   0: 3 0x80008e82 (0x000c8067)
core   0: 0x80008e86 (0x00004185) c.li    gp, 1
core   0: 3 0x80008e86 (0x4185) x3  0x00000001
core   0: 0x80008e88 (0x00000073) ecall
core   0: exception trap_machine_ecall, epc 0x80008e88
core   0: >>>>  mtvec_handler
core   0: 0x8000b170 (0x0400006f) j       pc + 0x40
core   0: 3 0x8000b170 (0x0400006f)
core   0: 0x8000b1b0 (0x000015f1) c.addi  a1, -4
core   0: 3 0x8000b1b0 (0x15f1) x11 0x80029ce0
core   0: 0x8000b1b2 (0x0065a023) sw      t1, 0(a1)
core   0: 3 0x8000b1b2 (0x0065a023) mem 0x80029ce0 0x80025e64
core   0: 0x8000b1b6 (0x00058333) add     t1, a1, zero
core   0: 3 0x8000b1b6 (0x00058333) x6  0x80029ce0
core   0: 0x8000b1ba (0xf8030313) addi    t1, t1, -128
core   0: 3 0x8000b1ba (0xf8030313) x6  0x80029c60
core   0: 0x8000b1be (0x00132223) sw      ra, 4(t1)
core   0: 3 0x8000b1be (0x00132223) mem 0x80029c64 0x00000000
core   0: 0x8000b1c2 (0x00232423) sw      sp, 8(t1)
core   0: 3 0x8000b1c2 (0x00232423) mem 0x80029c68 0x00000000
core   0: 0x8000b1c6 (0x00332623) sw      gp, 12(t1)
core   0: 3 0x8000b1c6 (0x00332623) mem 0x80029c6c 0x00000001
core   0: 0x8000b1ca (0x00432823) sw      tp, 16(t1)
core   0: 3 0x8000b1ca (0x00432823) mem 0x80029c70 0x00000000
core   0: 0x8000b1ce (0x00532a23) sw      t0, 20(t1)
core   0: 3 0x8000b1ce (0x00532a23) mem 0x80029c74 0x00000000
core   0: 0x8000b1d2 (0x00632c23) sw      t1, 24(t1)
core   0: 3 0x8000b1d2 (0x00632c23) mem 0x80029c78 0x80029c60
core   0: 0x8000b1d6 (0x00732e23) sw      t2, 28(t1)
core   0: 3 0x8000b1d6 (0x00732e23) mem 0x80029c7c 0x00000000
core   0: 0x8000b1da (0x02832023) sw      s0, 32(t1)
core   0: 3 0x8000b1da (0x02832023) mem 0x80029c80 0x00000000
core   0: 0x8000b1de (0x02932223) sw      s1, 36(t1)
core   0: 3 0x8000b1de (0x02932223) mem 0x80029c84 0x000002e0
core   0: 0x8000b1e2 (0x02a32423) sw      a0, 40(t1)
core   0: 3 0x8000b1e2 (0x02a32423) mem 0x80029c88 0x80029ce4
core   0: 0x8000b1e6 (0x02b32623) sw      a1, 44(t1)
core   0: 3 0x8000b1e6 (0x02b32623) mem 0x80029c8c 0x80029ce0
core   0: 0x8000b1ea (0x02c32823) sw      a2, 48(t1)
core   0: 3 0x8000b1ea (0x02c32823) mem 0x80029c90 0x00000010
core   0: 0x8000b1ee (0x02d32a23) sw      a3, 52(t1)
core   0: 3 0x8000b1ee (0x02d32a23) mem 0x80029c94 0x000002e0
core   0: 0x8000b1f2 (0x02e32c23) sw      a4, 56(t1)
core   0: 3 0x8000b1f2 (0x02e32c23) mem 0x80029c98 0x00000000
core   0: 0x8000b1f6 (0x02f32e23) sw      a5, 60(t1)
core   0: 3 0x8000b1f6 (0x02f32e23) mem 0x80029c9c 0x00000000
core   0: 0x8000b1fa (0x05032023) sw      a6, 64(t1)
core   0: 3 0x8000b1fa (0x05032023) mem 0x80029ca0 0x800080c6
core   0: 0x8000b1fe (0x05132223) sw      a7, 68(t1)
core   0: 3 0x8000b1fe (0x05132223) mem 0x80029ca4 0x00000000
core   0: 0x8000b202 (0x05232423) sw      s2, 72(t1)
core   0: 3 0x8000b202 (0x05232423) mem 0x80029ca8 0x0000011f
core   0: 0x8000b206 (0x05332623) sw      s3, 76(t1)
core   0: 3 0x8000b206 (0x05332623) mem 0x80029cac 0x00000000
core   0: 0x8000b20a (0x05432823) sw      s4, 80(t1)
core   0: 3 0x8000b20a (0x05432823) mem 0x80029cb0 0x0000011f
core   0: 0x8000b20e (0x05532a23) sw      s5, 84(t1)
core   0: 3 0x8000b20e (0x05532a23) mem 0x80029cb4 0x0000000f
core   0: 0x8000b212 (0x05632c23) sw      s6, 88(t1)
core   0: 3 0x8000b212 (0x05632c23) mem 0x80029cb8 0x00000000
core   0: 0x8000b216 (0x05732e23) sw      s7, 92(t1)
core   0: 3 0x8000b216 (0x05732e23) mem 0x80029cbc 0xffffff70
core   0: 0x8000b21a (0x07832023) sw      s8, 96(t1)
core   0: 3 0x8000b21a (0x07832023) mem 0x80029cc0 0x00000000
core   0: 0x8000b21e (0x07932223) sw      s9, 100(t1)
core   0: 3 0x8000b21e (0x07932223) mem 0x80029cc4 0x80008e86
core   0: 0x8000b222 (0x07a32423) sw      s10, 104(t1)
core   0: 3 0x8000b222 (0x07a32423) mem 0x80029cc8 0x00000015
core   0: 0x8000b226 (0x07b32623) sw      s11, 108(t1)
core   0: 3 0x8000b226 (0x07b32623) mem 0x80029ccc 0x00010000
core   0: 0x8000b22a (0x07c32823) sw      t3, 112(t1)
core   0: 3 0x8000b22a (0x07c32823) mem 0x80029cd0 0x80029ce4
core   0: 0x8000b22e (0x07d32a23) sw      t4, 116(t1)
core   0: 3 0x8000b22e (0x07d32a23) mem 0x80029cd4 0x1cab3d36
core   0: 0x8000b232 (0x07e32c23) sw      t5, 120(t1)
core   0: 3 0x8000b232 (0x07e32c23) mem 0x80029cd8 0x00000350
core   0: 0x8000b236 (0x07f32e23) sw      t6, 124(t1)
core   0: 3 0x8000b236 (0x07f32e23) mem 0x80029cdc 0xffffffff
core   0: 0x8000b23a (0x000305b3) add     a1, t1, zero
core   0: 3 0x8000b23a (0x000305b3) x11 0x80029c60
core   0: 0x8000b23e (0x34102273) csrr    tp, mepc
core   0: 3 0x8000b23e (0x34102273) x4  0x80008e88
core   0: 0x8000b242 (0x34202273) csrr    tp, mcause
core   0: 3 0x8000b242 (0x34202273) x4  0x0000000b
core   0: 0x8000b246 (0x0000488d) c.li    a7, 3
core   0: 3 0x8000b246 (0x488d) x17 0x00000003
core   0: 0x8000b248 (0x29120d63) beq     tp, a7, pc + 666
core   0: 3 0x8000b248 (0x29120d63)
core   0: 0x8000b24c (0x000048a1) c.li    a7, 8
core   0: 3 0x8000b24c (0x48a1) x17 0x00000008
core   0: 0x8000b24e (0x05120563) beq     tp, a7, pc + 74
core   0: 3 0x8000b24e (0x05120563)
core   0: 0x8000b252 (0x000048a5) c.li    a7, 9
core   0: 3 0x8000b252 (0x48a5) x17 0x00000009
core   0: 0x8000b254 (0x05120263) beq     tp, a7, pc + 68
core   0: 3 0x8000b254 (0x05120263)
core   0: 0x8000b258 (0x000048ad) c.li    a7, 11
core   0: 3 0x8000b258 (0x48ad) x17 0x0000000b
core   0: 0x8000b25a (0x03120f63) beq     tp, a7, pc + 62
core   0: 3 0x8000b25a (0x03120f63)
core   0: 0x8000b298 (0xffff5217) auipc   tp, 0xffff5
core   0: 3 0x8000b298 (0xffff5217) x4  0x80000298
core   0: 0x8000b29c (0xd6820213) addi    tp, tp, -664
core   0: 3 0x8000b29c (0xd6820213) x4  0x80000000
core   0: 0x8000b2a0 (0x00022023) sw      zero, 0(tp)
core   0: 3 0x8000b2a0 (0x00022023) mem 0x80000000 0x00000000
core   0: 0x8000b2a4 (0x00122223) sw      ra, 4(tp)
core   0: 3 0x8000b2a4 (0x00122223) mem 0x80000004 0x00000000
core   0: 0x8000b2a8 (0x00222423) sw      sp, 8(tp)
core   0: 3 0x8000b2a8 (0x00222423) mem 0x80000008 0x00000000
core   0: 0x8000b2ac (0x00322623) sw      gp, 12(tp)
core   0: 3 0x8000b2ac (0x00322623) mem 0x8000000c 0x00000001
core   0: 0x8000b2b0 (0x00422823) sw      tp, 16(tp)
core   0: 3 0x8000b2b0 (0x00422823) mem 0x80000010 0x80000000
core   0: 0x8000b2b4 (0x00522a23) sw      t0, 20(tp)
core   0: 3 0x8000b2b4 (0x00522a23) mem 0x80000014 0x00000000
core   0: 0x8000b2b8 (0x00622c23) sw      t1, 24(tp)
core   0: 3 0x8000b2b8 (0x00622c23) mem 0x80000018 0x80029c60
core   0: 0x8000b2bc (0x00722e23) sw      t2, 28(tp)
core   0: 3 0x8000b2bc (0x00722e23) mem 0x8000001c 0x00000000
core   0: 0x8000b2c0 (0x02822023) sw      s0, 32(tp)
core   0: 3 0x8000b2c0 (0x02822023) mem 0x80000020 0x00000000
core   0: 0x8000b2c4 (0x02922223) sw      s1, 36(tp)
core   0: 3 0x8000b2c4 (0x02922223) mem 0x80000024 0x000002e0
core   0: 0x8000b2c8 (0x02a22423) sw      a0, 40(tp)
core   0: 3 0x8000b2c8 (0x02a22423) mem 0x80000028 0x80029ce4
core   0: 0x8000b2cc (0x02b22623) sw      a1, 44(tp)
core   0: 3 0x8000b2cc (0x02b22623) mem 0x8000002c 0x80029c60
core   0: 0x8000b2d0 (0x02c22823) sw      a2, 48(tp)
core   0: 3 0x8000b2d0 (0x02c22823) mem 0x80000030 0x00000010
core   0: 0x8000b2d4 (0x02d22a23) sw      a3, 52(tp)
core   0: 3 0x8000b2d4 (0x02d22a23) mem 0x80000034 0x000002e0
core   0: 0x8000b2d8 (0x02e22c23) sw      a4, 56(tp)
core   0: 3 0x8000b2d8 (0x02e22c23) mem 0x80000038 0x00000000
core   0: 0x8000b2dc (0x02f22e23) sw      a5, 60(tp)
core   0: 3 0x8000b2dc (0x02f22e23) mem 0x8000003c 0x00000000
core   0: 0x8000b2e0 (0x05022023) sw      a6, 64(tp)
core   0: 3 0x8000b2e0 (0x05022023) mem 0x80000040 0x800080c6
core   0: 0x8000b2e4 (0x05122223) sw      a7, 68(tp)
core   0: 3 0x8000b2e4 (0x05122223) mem 0x80000044 0x0000000b
core   0: 0x8000b2e8 (0x05222423) sw      s2, 72(tp)
core   0: 3 0x8000b2e8 (0x05222423) mem 0x80000048 0x0000011f
core   0: 0x8000b2ec (0x05322623) sw      s3, 76(tp)
core   0: 3 0x8000b2ec (0x05322623) mem 0x8000004c 0x00000000
core   0: 0x8000b2f0 (0x05422823) sw      s4, 80(tp)
core   0: 3 0x8000b2f0 (0x05422823) mem 0x80000050 0x0000011f
core   0: 0x8000b2f4 (0x05522a23) sw      s5, 84(tp)
core   0: 3 0x8000b2f4 (0x05522a23) mem 0x80000054 0x0000000f
core   0: 0x8000b2f8 (0x05622c23) sw      s6, 88(tp)
core   0: 3 0x8000b2f8 (0x05622c23) mem 0x80000058 0x00000000
core   0: 0x8000b2fc (0x05722e23) sw      s7, 92(tp)
core   0: 3 0x8000b2fc (0x05722e23) mem 0x8000005c 0xffffff70
core   0: 0x8000b300 (0x07822023) sw      s8, 96(tp)
core   0: 3 0x8000b300 (0x07822023) mem 0x80000060 0x00000000
core   0: 0x8000b304 (0x07922223) sw      s9, 100(tp)
core   0: 3 0x8000b304 (0x07922223) mem 0x80000064 0x80008e86
core   0: 0x8000b308 (0x07a22423) sw      s10, 104(tp)
core   0: 3 0x8000b308 (0x07a22423) mem 0x80000068 0x00000015
core   0: 0x8000b30c (0x07b22623) sw      s11, 108(tp)
core   0: 3 0x8000b30c (0x07b22623) mem 0x8000006c 0x00010000
core   0: 0x8000b310 (0x07c22823) sw      t3, 112(tp)
core   0: 3 0x8000b310 (0x07c22823) mem 0x80000070 0x80029ce4
core   0: 0x8000b314 (0x07d22a23) sw      t4, 116(tp)
core   0: 3 0x8000b314 (0x07d22a23) mem 0x80000074 0x1cab3d36
core   0: 0x8000b318 (0x07e22c23) sw      t5, 120(tp)
core   0: 3 0x8000b318 (0x07e22c23) mem 0x80000078 0x00000350
core   0: 0x8000b31c (0x07f22e23) sw      t6, 124(tp)
core   0: 3 0x8000b31c (0x07f22e23) mem 0x8000007c 0xffffffff
core   0: 0x8000b320 (0xfffffc97) auipc   s9, 0xfffff
core   0: 3 0x8000b320 (0xfffffc97) x25 0x8000a320
core   0: 0x8000b324 (0x44ac8c93) addi    s9, s9, 1098
core   0: 3 0x8000b324 (0x44ac8c93) x25 0x8000a76a
core   0: 0x8000b328 (0x000c8067) jr      s9
core   0: 3 0x8000b328 (0x000c8067)
core   0: 0x8000a76a (0x00006f17) auipc   t5, 0x6
core   0: 3 0x8000a76a (0x00006f17) x30 0x8001076a
core   0: 0x8000a76e (0x883f2b23) sw      gp, -1898(t5)
core   0: 3 0x8000a76e (0x883f2b23) mem 0x80010000 0x00000001
core   0: 0x8000a772 (0x0000bfe5) c.j     pc - 8
core   0: 3 0x8000a772 (0xbfe5)
core   0: 0x8000a76a (0x00006f17) auipc   t5, 0x6
core   0: 3 0x8000a76a (0x00006f17) x30 0x8001076a
core   0: 0x8000a76e (0x883f2b23) sw      gp, -1898(t5)
core   0: 3 0x8000a76e (0x883f2b23) mem 0x80010000 0x00000001
core   0: 0x8000a772 (0x0000bfe5) c.j     pc - 8
core   0: 3 0x8000a772 (0xbfe5)
core   0: 0x8000a76a (0x00006f17) auipc   t5, 0x6
core   0: 3 0x8000a76a (0x00006f17) x30 0x8001076a
core   0: 0x8000a76e (0x883f2b23) sw      gp, -1898(t5)
core   0: 3 0x8000a76e (0x883f2b23) mem 0x80010000 0x00000001
core   0: 0x8000a772 (0x0000bfe5) c.j     pc - 8
core   0: 3 0x8000a772 (0xbfe5)
core   0: 0x8000a76a (0x00006f17) auipc   t5, 0x6
core   0: 3 0x8000a76a (0x00006f17) x30 0x8001076a
core   0: 0x8000a76e (0x883f2b23) sw      gp, -1898(t5)
core   0: 3 0x8000a76e (0x883f2b23) mem 0x80010000 0x00000001
core   0: 0x8000a772 (0x0000bfe5) c.j     pc - 8
core   0: 3 0x8000a772 (0xbfe5)
core   0: 0x8000a76a (0x00006f17) auipc   t5, 0x6
core   0: 3 0x8000a76a (0x00006f17) x30 0x8001076a
core   0: 0x8000a76e (0x883f2b23) sw      gp, -1898(t5)
core   0: 3 0x8000a76e (0x883f2b23) mem 0x80010000 0x00000001
core   0: 0x8000a772 (0x0000bfe5) c.j     pc - 8
core   0: 3 0x8000a772 (0xbfe5)
core   0: 0x8000a76a (0x00006f17) auipc   t5, 0x6
core   0: 3 0x8000a76a (0x00006f17) x30 0x8001076a
core   0: 0x8000a76e (0x883f2b23) sw      gp, -1898(t5)
core   0: 3 0x8000a76e (0x883f2b23) mem 0x80010000 0x00000001
core   0: 0x8000a772 (0x0000bfe5) c.j     pc - 8
core   0: 3 0x8000a772 (0xbfe5)
core   0: 0x8000a76a (0x00006f17) auipc   t5, 0x6
core   0: 3 0x8000a76a (0x00006f17) x30 0x8001076a
core   0: 0x8000a76e (0x883f2b23) sw      gp, -1898(t5)
core   0: 3 0x8000a76e (0x883f2b23) mem 0x80010000 0x00000001
core   0: 0x8000a772 (0x0000bfe5) c.j     pc - 8
core   0: 3 0x8000a772 (0xbfe5)
core   0: 0x8000a76a (0x00006f17) auipc   t5, 0x6
core   0: 3 0x8000a76a (0x00006f17) x30 0x8001076a
core   0: 0x8000a76e (0x883f2b23) sw      gp, -1898(t5)
core   0: 3 0x8000a76e (0x883f2b23) mem 0x80010000 0x00000001
core   0: 0x8000a772 (0x0000bfe5) c.j     pc - 8
core   0: 3 0x8000a772 (0xbfe5)
core   0: 0x8000a76a (0x00006f17) auipc   t5, 0x6
core   0: 3 0x8000a76a (0x00006f17) x30 0x8001076a
core   0: 0x8000a76e (0x883f2b23) sw      gp, -1898(t5)
core   0: 3 0x8000a76e (0x883f2b23) mem 0x80010000 0x00000001
core   0: 0x8000a772 (0x0000bfe5) c.j     pc - 8
core   0: 3 0x8000a772 (0xbfe5)
core   0: 0x8000a76a (0x00006f17) auipc   t5, 0x6
core   0: 3 0x8000a76a (0x00006f17) x30 0x8001076a
core   0: 0x8000a76e (0x883f2b23) sw      gp, -1898(t5)
core   0: 3 0x8000a76e (0x883f2b23) mem 0x80010000 0x00000001
core   0: 0x8000a772 (0x0000bfe5) c.j     pc - 8
core   0: 3 0x8000a772 (0xbfe5)
core   0: 0x8000a76a (0x00006f17) auipc   t5, 0x6
core   0: 3 0x8000a76a (0x00006f17) x30 0x8001076a
core   0: 0x8000a76e (0x883f2b23) sw      gp, -1898(t5)
core   0: 3 0x8000a76e (0x883f2b23) mem 0x80010000 0x00000001
core   0: 0x8000a772 (0x0000bfe5) c.j     pc - 8
core   0: 3 0x8000a772 (0xbfe5)
core   0: 0x8000a76a (0x00006f17) auipc   t5, 0x6
core   0: 3 0x8000a76a (0x00006f17) x30 0x8001076a
core   0: 0x8000a76e (0x883f2b23) sw      gp, -1898(t5)
core   0: 3 0x8000a76e (0x883f2b23) mem 0x80010000 0x00000001
core   0: 0x8000a772 (0x0000bfe5) c.j     pc - 8
core   0: 3 0x8000a772 (0xbfe5)
core   0: 0x8000a76a (0x00006f17) auipc   t5, 0x6
core   0: 3 0x8000a76a (0x00006f17) x30 0x8001076a
core   0: 0x8000a76e (0x883f2b23) sw      gp, -1898(t5)
core   0: 3 0x8000a76e (0x883f2b23) mem 0x80010000 0x00000001
core   0: 0x8000a772 (0x0000bfe5) c.j     pc - 8
core   0: 3 0x8000a772 (0xbfe5)
core   0: 0x8000a76a (0x00006f17) auipc   t5, 0x6
core   0: 3 0x8000a76a (0x00006f17) x30 0x8001076a
core   0: 0x8000a76e (0x883f2b23) sw      gp, -1898(t5)
core   0: 3 0x8000a76e (0x883f2b23) mem 0x80010000 0x00000001
core   0: 0x8000a772 (0x0000bfe5) c.j     pc - 8
core   0: 3 0x8000a772 (0xbfe5)
core   0: 0x8000a76a (0x00006f17) auipc   t5, 0x6
core   0: 3 0x8000a76a (0x00006f17) x30 0x8001076a
core   0: 0x8000a76e (0x883f2b23) sw      gp, -1898(t5)
core   0: 3 0x8000a76e (0x883f2b23) mem 0x80010000 0x00000001
core   0: 0x8000a772 (0x0000bfe5) c.j     pc - 8
core   0: 3 0x8000a772 (0xbfe5)
core   0: 0x8000a76a (0x00006f17) auipc   t5, 0x6
core   0: 3 0x8000a76a (0x00006f17) x30 0x8001076a
core   0: 0x8000a76e (0x883f2b23) sw      gp, -1898(t5)
core   0: 3 0x8000a76e (0x883f2b23) mem 0x80010000 0x00000001
core   0: 0x8000a772 (0x0000bfe5) c.j     pc - 8
core   0: 3 0x8000a772 (0xbfe5)
core   0: 0x8000a76a (0x00006f17) auipc   t5, 0x6
core   0: 3 0x8000a76a (0x00006f17) x30 0x8001076a
core   0: 0x8000a76e (0x883f2b23) sw      gp, -1898(t5)
core   0: 3 0x8000a76e (0x883f2b23) mem 0x80010000 0x00000001
core   0: 0x8000a772 (0x0000bfe5) c.j     pc - 8
core   0: 3 0x8000a772 (0xbfe5)
core   0: 0x8000a76a (0x00006f17) auipc   t5, 0x6
core   0: 3 0x8000a76a (0x00006f17) x30 0x8001076a
core   0: 0x8000a76e (0x883f2b23) sw      gp, -1898(t5)
core   0: 3 0x8000a76e (0x883f2b23) mem 0x80010000 0x00000001
core   0: 0x8000a772 (0x0000bfe5) c.j     pc - 8
core   0: 3 0x8000a772 (0xbfe5)
core   0: 0x8000a76a (0x00006f17) auipc   t5, 0x6
core   0: 3 0x8000a76a (0x00006f17) x30 0x8001076a
core   0: 0x8000a76e (0x883f2b23) sw      gp, -1898(t5)
core   0: 3 0x8000a76e (0x883f2b23) mem 0x80010000 0x00000001
core   0: 0x8000a772 (0x0000bfe5) c.j     pc - 8
core   0: 3 0x8000a772 (0xbfe5)
core   0: 0x8000a76a (0x00006f17) auipc   t5, 0x6
core   0: 3 0x8000a76a (0x00006f17) x30 0x8001076a
core   0: 0x8000a76e (0x883f2b23) sw      gp, -1898(t5)
core   0: 3 0x8000a76e (0x883f2b23) mem 0x80010000 0x00000001
core   0: 0x8000a772 (0x0000bfe5) c.j     pc - 8
core   0: 3 0x8000a772 (0xbfe5)
core   0: 0x8000a76a (0x00006f17) auipc   t5, 0x6
core   0: 3 0x8000a76a (0x00006f17) x30 0x8001076a
core   0: 0x8000a76e (0x883f2b23) sw      gp, -1898(t5)
core   0: 3 0x8000a76e (0x883f2b23) mem 0x80010000 0x00000001
core   0: 0x8000a772 (0x0000bfe5) c.j     pc - 8
core   0: 3 0x8000a772 (0xbfe5)
core   0: 0x8000a76a (0x00006f17) auipc   t5, 0x6
core   0: 3 0x8000a76a (0x00006f17) x30 0x8001076a
core   0: 0x8000a76e (0x883f2b23) sw      gp, -1898(t5)
core   0: 3 0x8000a76e (0x883f2b23) mem 0x80010000 0x00000001
core   0: 0x8000a772 (0x0000bfe5) c.j     pc - 8
core   0: 3 0x8000a772 (0xbfe5)
core   0: 0x8000a76a (0x00006f17) auipc   t5, 0x6
core   0: 3 0x8000a76a (0x00006f17) x30 0x8001076a
core   0: 0x8000a76e (0x883f2b23) sw      gp, -1898(t5)
core   0: 3 0x8000a76e (0x883f2b23) mem 0x80010000 0x00000001
core   0: 0x8000a772 (0x0000bfe5) c.j     pc - 8
core   0: 3 0x8000a772 (0xbfe5)
core   0: 0x8000a76a (0x00006f17) auipc   t5, 0x6
core   0: 3 0x8000a76a (0x00006f17) x30 0x8001076a
core   0: 0x8000a76e (0x883f2b23) sw      gp, -1898(t5)
core   0: 3 0x8000a76e (0x883f2b23) mem 0x80010000 0x00000001
core   0: 0x8000a772 (0x0000bfe5) c.j     pc - 8
core   0: 3 0x8000a772 (0xbfe5)
core   0: 0x8000a76a (0x00006f17) auipc   t5, 0x6
core   0: 3 0x8000a76a (0x00006f17) x30 0x8001076a
core   0: 0x8000a76e (0x883f2b23) sw      gp, -1898(t5)
core   0: 3 0x8000a76e (0x883f2b23) mem 0x80010000 0x00000001
core   0: 0x8000a772 (0x0000bfe5) c.j     pc - 8
core   0: 3 0x8000a772 (0xbfe5)
core   0: 0x8000a76a (0x00006f17) auipc   t5, 0x6
core   0: 3 0x8000a76a (0x00006f17) x30 0x8001076a
core   0: 0x8000a76e (0x883f2b23) sw      gp, -1898(t5)
core   0: 3 0x8000a76e (0x883f2b23) mem 0x80010000 0x00000001
core   0: 0x8000a772 (0x0000bfe5) c.j     pc - 8
core   0: 3 0x8000a772 (0xbfe5)
core   0: 0x8000a76a (0x00006f17) auipc   t5, 0x6
core   0: 3 0x8000a76a (0x00006f17) x30 0x8001076a
core   0: 0x8000a76e (0x883f2b23) sw      gp, -1898(t5)
core   0: 3 0x8000a76e (0x883f2b23) mem 0x80010000 0x00000001
core   0: 0x8000a772 (0x0000bfe5) c.j     pc - 8
core   0: 3 0x8000a772 (0xbfe5)
core   0: 0x8000a76a (0x00006f17) auipc   t5, 0x6
core   0: 3 0x8000a76a (0x00006f17) x30 0x8001076a
core   0: 0x8000a76e (0x883f2b23) sw      gp, -1898(t5)
core   0: 3 0x8000a76e (0x883f2b23) mem 0x80010000 0x00000001
core   0: 0x8000a772 (0x0000bfe5) c.j     pc - 8
core   0: 3 0x8000a772 (0xbfe5)
core   0: 0x8000a76a (0x00006f17) auipc   t5, 0x6
core   0: 3 0x8000a76a (0x00006f17) x30 0x8001076a
core   0: 0x8000a76e (0x883f2b23) sw      gp, -1898(t5)
core   0: 3 0x8000a76e (0x883f2b23) mem 0x80010000 0x00000001
core   0: 0x8000a772 (0x0000bfe5) c.j     pc - 8
core   0: 3 0x8000a772 (0xbfe5)
core   0: 0x8000a76a (0x00006f17) auipc   t5, 0x6
core   0: 3 0x8000a76a (0x00006f17) x30 0x8001076a
core   0: 0x8000a76e (0x883f2b23) sw      gp, -1898(t5)
core   0: 3 0x8000a76e (0x883f2b23) mem 0x80010000 0x00000001
core   0: 0x8000a772 (0x0000bfe5) c.j     pc - 8
core   0: 3 0x8000a772 (0xbfe5)
core   0: 0x8000a76a (0x00006f17) auipc   t5, 0x6
core   0: 3 0x8000a76a (0x00006f17) x30 0x8001076a
core   0: 0x8000a76e (0x883f2b23) sw      gp, -1898(t5)
core   0: 3 0x8000a76e (0x883f2b23) mem 0x80010000 0x00000001
core   0: 0x8000a772 (0x0000bfe5) c.j     pc - 8
core   0: 3 0x8000a772 (0xbfe5)
core   0: 0x8000a76a (0x00006f17) auipc   t5, 0x6
core   0: 3 0x8000a76a (0x00006f17) x30 0x8001076a
core   0: 0x8000a76e (0x883f2b23) sw      gp, -1898(t5)
core   0: 3 0x8000a76e (0x883f2b23) mem 0x80010000 0x00000001
core   0: 0x8000a772 (0x0000bfe5) c.j     pc - 8
core   0: 3 0x8000a772 (0xbfe5)
core   0: 0x8000a76a (0x00006f17) auipc   t5, 0x6
core   0: 3 0x8000a76a (0x00006f17) x30 0x8001076a
core   0: 0x8000a76e (0x883f2b23) sw      gp, -1898(t5)
core   0: 3 0x8000a76e (0x883f2b23) mem 0x80010000 0x00000001
core   0: 0x8000a772 (0x0000bfe5) c.j     pc - 8
core   0: 3 0x8000a772 (0xbfe5)
core   0: 0x8000a76a (0x00006f17) auipc   t5, 0x6
core   0: 3 0x8000a76a (0x00006f17) x30 0x8001076a
core   0: 0x8000a76e (0x883f2b23) sw      gp, -1898(t5)
core   0: 3 0x8000a76e (0x883f2b23) mem 0x80010000 0x00000001
core   0: 0x8000a772 (0x0000bfe5) c.j     pc - 8
core   0: 3 0x8000a772 (0xbfe5)
core   0: 0x8000a76a (0x00006f17) auipc   t5, 0x6
core   0: 3 0x8000a76a (0x00006f17) x30 0x8001076a
core   0: 0x8000a76e (0x883f2b23) sw      gp, -1898(t5)
core   0: 3 0x8000a76e (0x883f2b23) mem 0x80010000 0x00000001
core   0: 0x8000a772 (0x0000bfe5) c.j     pc - 8
core   0: 3 0x8000a772 (0xbfe5)
core   0: 0x8000a76a (0x00006f17) auipc   t5, 0x6
core   0: 3 0x8000a76a (0x00006f17) x30 0x8001076a
core   0: 0x8000a76e (0x883f2b23) sw      gp, -1898(t5)
core   0: 3 0x8000a76e (0x883f2b23) mem 0x80010000 0x00000001
core   0: 0x8000a772 (0x0000bfe5) c.j     pc - 8
core   0: 3 0x8000a772 (0xbfe5)
core   0: 0x8000a76a (0x00006f17) auipc   t5, 0x6
core   0: 3 0x8000a76a (0x00006f17) x30 0x8001076a
core   0: 0x8000a76e (0x883f2b23) sw      gp, -1898(t5)
core   0: 3 0x8000a76e (0x883f2b23) mem 0x80010000 0x00000001
core   0: 0x8000a772 (0x0000bfe5) c.j     pc - 8
core   0: 3 0x8000a772 (0xbfe5)
core   0: 0x8000a76a (0x00006f17) auipc   t5, 0x6
core   0: 3 0x8000a76a (0x00006f17) x30 0x8001076a
core   0: 0x8000a76e (0x883f2b23) sw      gp, -1898(t5)
core   0: 3 0x8000a76e (0x883f2b23) mem 0x80010000 0x00000001
core   0: 0x8000a772 (0x0000bfe5) c.j     pc - 8
core   0: 3 0x8000a772 (0xbfe5)
core   0: 0x8000a76a (0x00006f17) auipc   t5, 0x6
core   0: 3 0x8000a76a (0x00006f17) x30 0x8001076a
core   0: 0x8000a76e (0x883f2b23) sw      gp, -1898(t5)
core   0: 3 0x8000a76e (0x883f2b23) mem 0x80010000 0x00000001
core   0: 0x8000a772 (0x0000bfe5) c.j     pc - 8
core   0: 3 0x8000a772 (0xbfe5)
core   0: 0x8000a76a (0x00006f17) auipc   t5, 0x6
core   0: 3 0x8000a76a (0x00006f17) x30 0x8001076a
core   0: 0x8000a76e (0x883f2b23) sw      gp, -1898(t5)
core   0: 3 0x8000a76e (0x883f2b23) mem 0x80010000 0x00000001
core   0: 0x8000a772 (0x0000bfe5) c.j     pc - 8
core   0: 3 0x8000a772 (0xbfe5)
core   0: 0x8000a76a (0x00006f17) auipc   t5, 0x6
core   0: 3 0x8000a76a (0x00006f17) x30 0x8001076a
core   0: 0x8000a76e (0x883f2b23) sw      gp, -1898(t5)
core   0: 3 0x8000a76e (0x883f2b23) mem 0x80010000 0x00000001
core   0: 0x8000a772 (0x0000bfe5) c.j     pc - 8
core   0: 3 0x8000a772 (0xbfe5)
core   0: 0x8000a76a (0x00006f17) auipc   t5, 0x6
core   0: 3 0x8000a76a (0x00006f17) x30 0x8001076a
core   0: 0x8000a76e (0x883f2b23) sw      gp, -1898(t5)
core   0: 3 0x8000a76e (0x883f2b23) mem 0x80010000 0x00000001
core   0: 0x8000a772 (0x0000bfe5) c.j     pc - 8
core   0: 3 0x8000a772 (0xbfe5)
core   0: 0x8000a76a (0x00006f17) auipc   t5, 0x6
core   0: 3 0x8000a76a (0x00006f17) x30 0x8001076a
core   0: 0x8000a76e (0x883f2b23) sw      gp, -1898(t5)
core   0: 3 0x8000a76e (0x883f2b23) mem 0x80010000 0x00000001
core   0: 0x8000a772 (0x0000bfe5) c.j     pc - 8
core   0: 3 0x8000a772 (0xbfe5)
core   0: 0x8000a76a (0x00006f17) auipc   t5, 0x6
core   0: 3 0x8000a76a (0x00006f17) x30 0x8001076a
core   0: 0x8000a76e (0x883f2b23) sw      gp, -1898(t5)
core   0: 3 0x8000a76e (0x883f2b23) mem 0x80010000 0x00000001
core   0: 0x8000a772 (0x0000bfe5) c.j     pc - 8
core   0: 3 0x8000a772 (0xbfe5)
core   0: 0x8000a76a (0x00006f17) auipc   t5, 0x6
core   0: 3 0x8000a76a (0x00006f17) x30 0x8001076a
core   0: 0x8000a76e (0x883f2b23) sw      gp, -1898(t5)
core   0: 3 0x8000a76e (0x883f2b23) mem 0x80010000 0x00000001
core   0: 0x8000a772 (0x0000bfe5) c.j     pc - 8
core   0: 3 0x8000a772 (0xbfe5)
core   0: 0x8000a76a (0x00006f17) auipc   t5, 0x6
core   0: 3 0x8000a76a (0x00006f17) x30 0x8001076a
core   0: 0x8000a76e (0x883f2b23) sw      gp, -1898(t5)
core   0: 3 0x8000a76e (0x883f2b23) mem 0x80010000 0x00000001
core   0: 0x8000a772 (0x0000bfe5) c.j     pc - 8
core   0: 3 0x8000a772 (0xbfe5)
core   0: 0x8000a76a (0x00006f17) auipc   t5, 0x6
core   0: 3 0x8000a76a (0x00006f17) x30 0x8001076a
core   0: 0x8000a76e (0x883f2b23) sw      gp, -1898(t5)
core   0: 3 0x8000a76e (0x883f2b23) mem 0x80010000 0x00000001
core   0: 0x8000a772 (0x0000bfe5) c.j     pc - 8
core   0: 3 0x8000a772 (0xbfe5)
core   0: 0x8000a76a (0x00006f17) auipc   t5, 0x6
core   0: 3 0x8000a76a (0x00006f17) x30 0x8001076a
core   0: 0x8000a76e (0x883f2b23) sw      gp, -1898(t5)
core   0: 3 0x8000a76e (0x883f2b23) mem 0x80010000 0x00000001
core   0: 0x8000a772 (0x0000bfe5) c.j     pc - 8
core   0: 3 0x8000a772 (0xbfe5)
core   0: 0x8000a76a (0x00006f17) auipc   t5, 0x6
core   0: 3 0x8000a76a (0x00006f17) x30 0x8001076a
core   0: 0x8000a76e (0x883f2b23) sw      gp, -1898(t5)
core   0: 3 0x8000a76e (0x883f2b23) mem 0x80010000 0x00000001
core   0: 0x8000a772 (0x0000bfe5) c.j     pc - 8
core   0: 3 0x8000a772 (0xbfe5)
core   0: 0x8000a76a (0x00006f17) auipc   t5, 0x6
core   0: 3 0x8000a76a (0x00006f17) x30 0x8001076a
core   0: 0x8000a76e (0x883f2b23) sw      gp, -1898(t5)
core   0: 3 0x8000a76e (0x883f2b23) mem 0x80010000 0x00000001
core   0: 0x8000a772 (0x0000bfe5) c.j     pc - 8
core   0: 3 0x8000a772 (0xbfe5)
core   0: 0x8000a76a (0x00006f17) auipc   t5, 0x6
core   0: 3 0x8000a76a (0x00006f17) x30 0x8001076a
core   0: 0x8000a76e (0x883f2b23) sw      gp, -1898(t5)
core   0: 3 0x8000a76e (0x883f2b23) mem 0x80010000 0x00000001
core   0: 0x8000a772 (0x0000bfe5) c.j     pc - 8
core   0: 3 0x8000a772 (0xbfe5)
core   0: 0x8000a76a (0x00006f17) auipc   t5, 0x6
core   0: 3 0x8000a76a (0x00006f17) x30 0x8001076a
core   0: 0x8000a76e (0x883f2b23) sw      gp, -1898(t5)
core   0: 3 0x8000a76e (0x883f2b23) mem 0x80010000 0x00000001
core   0: 0x8000a772 (0x0000bfe5) c.j     pc - 8
core   0: 3 0x8000a772 (0xbfe5)
core   0: 0x8000a76a (0x00006f17) auipc   t5, 0x6
core   0: 3 0x8000a76a (0x00006f17) x30 0x8001076a
core   0: 0x8000a76e (0x883f2b23) sw      gp, -1898(t5)
core   0: 3 0x8000a76e (0x883f2b23) mem 0x80010000 0x00000001
core   0: 0x8000a772 (0x0000bfe5) c.j     pc - 8
core   0: 3 0x8000a772 (0xbfe5)
core   0: 0x8000a76a (0x00006f17) auipc   t5, 0x6
core   0: 3 0x8000a76a (0x00006f17) x30 0x8001076a
core   0: 0x8000a76e (0x883f2b23) sw      gp, -1898(t5)
core   0: 3 0x8000a76e (0x883f2b23) mem 0x80010000 0x00000001
core   0: 0x8000a772 (0x0000bfe5) c.j     pc - 8
core   0: 3 0x8000a772 (0xbfe5)
core   0: 0x8000a76a (0x00006f17) auipc   t5, 0x6
core   0: 3 0x8000a76a (0x00006f17) x30 0x8001076a
core   0: 0x8000a76e (0x883f2b23) sw      gp, -1898(t5)
core   0: 3 0x8000a76e (0x883f2b23) mem 0x80010000 0x00000001
core   0: 0x8000a772 (0x0000bfe5) c.j     pc - 8
core   0: 3 0x8000a772 (0xbfe5)
core   0: 0x8000a76a (0x00006f17) auipc   t5, 0x6
core   0: 3 0x8000a76a (0x00006f17) x30 0x8001076a
core   0: 0x8000a76e (0x883f2b23) sw      gp, -1898(t5)
core   0: 3 0x8000a76e (0x883f2b23) mem 0x80010000 0x00000001
core   0: 0x8000a772 (0x0000bfe5) c.j     pc - 8
core   0: 3 0x8000a772 (0xbfe5)
core   0: 0x8000a76a (0x00006f17) auipc   t5, 0x6
core   0: 3 0x8000a76a (0x00006f17) x30 0x8001076a
core   0: 0x8000a76e (0x883f2b23) sw      gp, -1898(t5)
core   0: 3 0x8000a76e (0x883f2b23) mem 0x80010000 0x00000001
core   0: 0x8000a772 (0x0000bfe5) c.j     pc - 8
core   0: 3 0x8000a772 (0xbfe5)
core   0: 0x8000a76a (0x00006f17) auipc   t5, 0x6
core   0: 3 0x8000a76a (0x00006f17) x30 0x8001076a
core   0: 0x8000a76e (0x883f2b23) sw      gp, -1898(t5)
core   0: 3 0x8000a76e (0x883f2b23) mem 0x80010000 0x00000001
core   0: 0x8000a772 (0x0000bfe5) c.j     pc - 8
core   0: 3 0x8000a772 (0xbfe5)
core   0: 0x8000a76a (0x00006f17) auipc   t5, 0x6
core   0: 3 0x8000a76a (0x00006f17) x30 0x8001076a
core   0: 0x8000a76e (0x883f2b23) sw      gp, -1898(t5)
core   0: 3 0x8000a76e (0x883f2b23) mem 0x80010000 0x00000001
core   0: 0x8000a772 (0x0000bfe5) c.j     pc - 8
core   0: 3 0x8000a772 (0xbfe5)
core   0: 0x8000a76a (0x00006f17) auipc   t5, 0x6
core   0: 3 0x8000a76a (0x00006f17) x30 0x8001076a
core   0: 0x8000a76e (0x883f2b23) sw      gp, -1898(t5)
core   0: 3 0x8000a76e (0x883f2b23) mem 0x80010000 0x00000001
core   0: 0x8000a772 (0x0000bfe5) c.j     pc - 8
core   0: 3 0x8000a772 (0xbfe5)
core   0: 0x8000a76a (0x00006f17) auipc   t5, 0x6
core   0: 3 0x8000a76a (0x00006f17) x30 0x8001076a
core   0: 0x8000a76e (0x883f2b23) sw      gp, -1898(t5)
core   0: 3 0x8000a76e (0x883f2b23) mem 0x80010000 0x00000001
core   0: 0x8000a772 (0x0000bfe5) c.j     pc - 8
core   0: 3 0x8000a772 (0xbfe5)
core   0: 0x8000a76a (0x00006f17) auipc   t5, 0x6
core   0: 3 0x8000a76a (0x00006f17) x30 0x8001076a
core   0: 0x8000a76e (0x883f2b23) sw      gp, -1898(t5)
core   0: 3 0x8000a76e (0x883f2b23) mem 0x80010000 0x00000001
core   0: 0x8000a772 (0x0000bfe5) c.j     pc - 8
core   0: 3 0x8000a772 (0xbfe5)
core   0: 0x8000a76a (0x00006f17) auipc   t5, 0x6
core   0: 3 0x8000a76a (0x00006f17) x30 0x8001076a
core   0: 0x8000a76e (0x883f2b23) sw      gp, -1898(t5)
core   0: 3 0x8000a76e (0x883f2b23) mem 0x80010000 0x00000001
core   0: 0x8000a772 (0x0000bfe5) c.j     pc - 8
core   0: 3 0x8000a772 (0xbfe5)
core   0: 0x8000a76a (0x00006f17) auipc   t5, 0x6
core   0: 3 0x8000a76a (0x00006f17) x30 0x8001076a
core   0: 0x8000a76e (0x883f2b23) sw      gp, -1898(t5)
core   0: 3 0x8000a76e (0x883f2b23) mem 0x80010000 0x00000001
core   0: 0x8000a772 (0x0000bfe5) c.j     pc - 8
core   0: 3 0x8000a772 (0xbfe5)
core   0: 0x8000a76a (0x00006f17) auipc   t5, 0x6
core   0: 3 0x8000a76a (0x00006f17) x30 0x8001076a
core   0: 0x8000a76e (0x883f2b23) sw      gp, -1898(t5)
core   0: 3 0x8000a76e (0x883f2b23) mem 0x80010000 0x00000001
core   0: 0x8000a772 (0x0000bfe5) c.j     pc - 8
core   0: 3 0x8000a772 (0xbfe5)
core   0: 0x8000a76a (0x00006f17) auipc   t5, 0x6
core   0: 3 0x8000a76a (0x00006f17) x30 0x8001076a
core   0: 0x8000a76e (0x883f2b23) sw      gp, -1898(t5)
core   0: 3 0x8000a76e (0x883f2b23) mem 0x80010000 0x00000001
core   0: 0x8000a772 (0x0000bfe5) c.j     pc - 8
core   0: 3 0x8000a772 (0xbfe5)
core   0: 0x8000a76a (0x00006f17) auipc   t5, 0x6
core   0: 3 0x8000a76a (0x00006f17) x30 0x8001076a
core   0: 0x8000a76e (0x883f2b23) sw      gp, -1898(t5)
core   0: 3 0x8000a76e (0x883f2b23) mem 0x80010000 0x00000001
core   0: 0x8000a772 (0x0000bfe5) c.j     pc - 8
core   0: 3 0x8000a772 (0xbfe5)
core   0: 0x8000a76a (0x00006f17) auipc   t5, 0x6
core   0: 3 0x8000a76a (0x00006f17) x30 0x8001076a
core   0: 0x8000a76e (0x883f2b23) sw      gp, -1898(t5)
core   0: 3 0x8000a76e (0x883f2b23) mem 0x80010000 0x00000001
core   0: 0x8000a772 (0x0000bfe5) c.j     pc - 8
core   0: 3 0x8000a772 (0xbfe5)
core   0: 0x8000a76a (0x00006f17) auipc   t5, 0x6
core   0: 3 0x8000a76a (0x00006f17) x30 0x8001076a
core   0: 0x8000a76e (0x883f2b23) sw      gp, -1898(t5)
core   0: 3 0x8000a76e (0x883f2b23) mem 0x80010000 0x00000001
core   0: 0x8000a772 (0x0000bfe5) c.j     pc - 8
core   0: 3 0x8000a772 (0xbfe5)
core   0: 0x8000a76a (0x00006f17) auipc   t5, 0x6
core   0: 3 0x8000a76a (0x00006f17) x30 0x8001076a
core   0: 0x8000a76e (0x883f2b23) sw      gp, -1898(t5)
core   0: 3 0x8000a76e (0x883f2b23) mem 0x80010000 0x00000001
core   0: 0x8000a772 (0x0000bfe5) c.j     pc - 8
core   0: 3 0x8000a772 (0xbfe5)
core   0: 0x8000a76a (0x00006f17) auipc   t5, 0x6
core   0: 3 0x8000a76a (0x00006f17) x30 0x8001076a
core   0: 0x8000a76e (0x883f2b23) sw      gp, -1898(t5)
core   0: 3 0x8000a76e (0x883f2b23) mem 0x80010000 0x00000001
core   0: 0x8000a772 (0x0000bfe5) c.j     pc - 8
core   0: 3 0x8000a772 (0xbfe5)
core   0: 0x8000a76a (0x00006f17) auipc   t5, 0x6
core   0: 3 0x8000a76a (0x00006f17) x30 0x8001076a
core   0: 0x8000a76e (0x883f2b23) sw      gp, -1898(t5)
core   0: 3 0x8000a76e (0x883f2b23) mem 0x80010000 0x00000001
core   0: 0x8000a772 (0x0000bfe5) c.j     pc - 8
core   0: 3 0x8000a772 (0xbfe5)
core   0: 0x8000a76a (0x00006f17) auipc   t5, 0x6
core   0: 3 0x8000a76a (0x00006f17) x30 0x8001076a
core   0: 0x8000a76e (0x883f2b23) sw      gp, -1898(t5)
core   0: 3 0x8000a76e (0x883f2b23) mem 0x80010000 0x00000001
core   0: 0x8000a772 (0x0000bfe5) c.j     pc - 8
core   0: 3 0x8000a772 (0xbfe5)
core   0: 0x8000a76a (0x00006f17) auipc   t5, 0x6
core   0: 3 0x8000a76a (0x00006f17) x30 0x8001076a
core   0: 0x8000a76e (0x883f2b23) sw      gp, -1898(t5)
core   0: 3 0x8000a76e (0x883f2b23) mem 0x80010000 0x00000001
core   0: 0x8000a772 (0x0000bfe5) c.j     pc - 8
core   0: 3 0x8000a772 (0xbfe5)
core   0: 0x8000a76a (0x00006f17) auipc   t5, 0x6
core   0: 3 0x8000a76a (0x00006f17) x30 0x8001076a
core   0: 0x8000a76e (0x883f2b23) sw      gp, -1898(t5)
core   0: 3 0x8000a76e (0x883f2b23) mem 0x80010000 0x00000001
core   0: 0x8000a772 (0x0000bfe5) c.j     pc - 8
core   0: 3 0x8000a772 (0xbfe5)
core   0: 0x8000a76a (0x00006f17) auipc   t5, 0x6
core   0: 3 0x8000a76a (0x00006f17) x30 0x8001076a
core   0: 0x8000a76e (0x883f2b23) sw      gp, -1898(t5)
core   0: 3 0x8000a76e (0x883f2b23) mem 0x80010000 0x00000001
core   0: 0x8000a772 (0x0000bfe5) c.j     pc - 8
core   0: 3 0x8000a772 (0xbfe5)
core   0: 0x8000a76a (0x00006f17) auipc   t5, 0x6
core   0: 3 0x8000a76a (0x00006f17) x30 0x8001076a
core   0: 0x8000a76e (0x883f2b23) sw      gp, -1898(t5)
core   0: 3 0x8000a76e (0x883f2b23) mem 0x80010000 0x00000001
core   0: 0x8000a772 (0x0000bfe5) c.j     pc - 8
core   0: 3 0x8000a772 (0xbfe5)
core   0: 0x8000a76a (0x00006f17) auipc   t5, 0x6
core   0: 3 0x8000a76a (0x00006f17) x30 0x8001076a
core   0: 0x8000a76e (0x883f2b23) sw      gp, -1898(t5)
core   0: 3 0x8000a76e (0x883f2b23) mem 0x80010000 0x00000001
core   0: 0x8000a772 (0x0000bfe5) c.j     pc - 8
core   0: 3 0x8000a772 (0xbfe5)
core   0: 0x8000a76a (0x00006f17) auipc   t5, 0x6
core   0: 3 0x8000a76a (0x00006f17) x30 0x8001076a
core   0: 0x8000a76e (0x883f2b23) sw      gp, -1898(t5)
core   0: 3 0x8000a76e (0x883f2b23) mem 0x80010000 0x00000001
core   0: 0x8000a772 (0x0000bfe5) c.j     pc - 8
core   0: 3 0x8000a772 (0xbfe5)
core   0: 0x8000a76a (0x00006f17) auipc   t5, 0x6
core   0: 3 0x8000a76a (0x00006f17) x30 0x8001076a
core   0: 0x8000a76e (0x883f2b23) sw      gp, -1898(t5)
core   0: 3 0x8000a76e (0x883f2b23) mem 0x80010000 0x00000001
core   0: 0x8000a772 (0x0000bfe5) c.j     pc - 8
core   0: 3 0x8000a772 (0xbfe5)
core   0: 0x8000a76a (0x00006f17) auipc   t5, 0x6
core   0: 3 0x8000a76a (0x00006f17) x30 0x8001076a
core   0: 0x8000a76e (0x883f2b23) sw      gp, -1898(t5)
core   0: 3 0x8000a76e (0x883f2b23) mem 0x80010000 0x00000001
core   0: 0x8000a772 (0x0000bfe5) c.j     pc - 8
core   0: 3 0x8000a772 (0xbfe5)
core   0: 0x8000a76a (0x00006f17) auipc   t5, 0x6
core   0: 3 0x8000a76a (0x00006f17) x30 0x8001076a
core   0: 0x8000a76e (0x883f2b23) sw      gp, -1898(t5)
core   0: 3 0x8000a76e (0x883f2b23) mem 0x80010000 0x00000001
core   0: 0x8000a772 (0x0000bfe5) c.j     pc - 8
core   0: 3 0x8000a772 (0xbfe5)
core   0: 0x8000a76a (0x00006f17) auipc   t5, 0x6
core   0: 3 0x8000a76a (0x00006f17) x30 0x8001076a
core   0: 0x8000a76e (0x883f2b23) sw      gp, -1898(t5)
core   0: 3 0x8000a76e (0x883f2b23) mem 0x80010000 0x00000001
core   0: 0x8000a772 (0x0000bfe5) c.j     pc - 8
core   0: 3 0x8000a772 (0xbfe5)
core   0: 0x8000a76a (0x00006f17) auipc   t5, 0x6
core   0: 3 0x8000a76a (0x00006f17) x30 0x8001076a
core   0: 0x8000a76e (0x883f2b23) sw      gp, -1898(t5)
core   0: 3 0x8000a76e (0x883f2b23) mem 0x80010000 0x00000001
core   0: 0x8000a772 (0x0000bfe5) c.j     pc - 8
core   0: 3 0x8000a772 (0xbfe5)
core   0: 0x8000a76a (0x00006f17) auipc   t5, 0x6
core   0: 3 0x8000a76a (0x00006f17) x30 0x8001076a
core   0: 0x8000a76e (0x883f2b23) sw      gp, -1898(t5)
core   0: 3 0x8000a76e (0x883f2b23) mem 0x80010000 0x00000001
core   0: 0x8000a772 (0x0000bfe5) c.j     pc - 8
core   0: 3 0x8000a772 (0xbfe5)
core   0: 0x8000a76a (0x00006f17) auipc   t5, 0x6
core   0: 3 0x8000a76a (0x00006f17) x30 0x8001076a
core   0: 0x8000a76e (0x883f2b23) sw      gp, -1898(t5)
core   0: 3 0x8000a76e (0x883f2b23) mem 0x80010000 0x00000001
core   0: 0x8000a772 (0x0000bfe5) c.j     pc - 8
core   0: 3 0x8000a772 (0xbfe5)
core   0: 0x8000a76a (0x00006f17) auipc   t5, 0x6
core   0: 3 0x8000a76a (0x00006f17) x30 0x8001076a
core   0: 0x8000a76e (0x883f2b23) sw      gp, -1898(t5)
core   0: 3 0x8000a76e (0x883f2b23) mem 0x80010000 0x00000001
core   0: 0x8000a772 (0x0000bfe5) c.j     pc - 8
core   0: 3 0x8000a772 (0xbfe5)
core   0: 0x8000a76a (0x00006f17) auipc   t5, 0x6
core   0: 3 0x8000a76a (0x00006f17) x30 0x8001076a
core   0: 0x8000a76e (0x883f2b23) sw      gp, -1898(t5)
core   0: 3 0x8000a76e (0x883f2b23) mem 0x80010000 0x00000001
core   0: 0x8000a772 (0x0000bfe5) c.j     pc - 8
core   0: 3 0x8000a772 (0xbfe5)
core   0: 0x8000a76a (0x00006f17) auipc   t5, 0x6
core   0: 3 0x8000a76a (0x00006f17) x30 0x8001076a
core   0: 0x8000a76e (0x883f2b23) sw      gp, -1898(t5)
core   0: 3 0x8000a76e (0x883f2b23) mem 0x80010000 0x00000001
core   0: 0x8000a772 (0x0000bfe5) c.j     pc - 8
core   0: 3 0x8000a772 (0xbfe5)
core   0: 0x8000a76a (0x00006f17) auipc   t5, 0x6
core   0: 3 0x8000a76a (0x00006f17) x30 0x8001076a
core   0: 0x8000a76e (0x883f2b23) sw      gp, -1898(t5)
core   0: 3 0x8000a76e (0x883f2b23) mem 0x80010000 0x00000001
core   0: 0x8000a772 (0x0000bfe5) c.j     pc - 8
core   0: 3 0x8000a772 (0xbfe5)
core   0: 0x8000a76a (0x00006f17) auipc   t5, 0x6
core   0: 3 0x8000a76a (0x00006f17) x30 0x8001076a
core   0: 0x8000a76e (0x883f2b23) sw      gp, -1898(t5)
core   0: 3 0x8000a76e (0x883f2b23) mem 0x80010000 0x00000001
core   0: 0x8000a772 (0x0000bfe5) c.j     pc - 8
core   0: 3 0x8000a772 (0xbfe5)
core   0: 0x8000a76a (0x00006f17) auipc   t5, 0x6
core   0: 3 0x8000a76a (0x00006f17) x30 0x8001076a
core   0: 0x8000a76e (0x883f2b23) sw      gp, -1898(t5)
core   0: 3 0x8000a76e (0x883f2b23) mem 0x80010000 0x00000001
core   0: 0x8000a772 (0x0000bfe5) c.j     pc - 8
core   0: 3 0x8000a772 (0xbfe5)
core   0: 0x8000a76a (0x00006f17) auipc   t5, 0x6
core   0: 3 0x8000a76a (0x00006f17) x30 0x8001076a
core   0: 0x8000a76e (0x883f2b23) sw      gp, -1898(t5)
core   0: 3 0x8000a76e (0x883f2b23) mem 0x80010000 0x00000001
core   0: 0x8000a772 (0x0000bfe5) c.j     pc - 8
core   0: 3 0x8000a772 (0xbfe5)
core   0: 0x8000a76a (0x00006f17) auipc   t5, 0x6
core   0: 3 0x8000a76a (0x00006f17) x30 0x8001076a
core   0: 0x8000a76e (0x883f2b23) sw      gp, -1898(t5)
core   0: 3 0x8000a76e (0x883f2b23) mem 0x80010000 0x00000001
core   0: 0x8000a772 (0x0000bfe5) c.j     pc - 8
core   0: 3 0x8000a772 (0xbfe5)
core   0: 0x8000a76a (0x00006f17) auipc   t5, 0x6
core   0: 3 0x8000a76a (0x00006f17) x30 0x8001076a
core   0: 0x8000a76e (0x883f2b23) sw      gp, -1898(t5)
core   0: 3 0x8000a76e (0x883f2b23) mem 0x80010000 0x00000001
core   0: 0x8000a772 (0x0000bfe5) c.j     pc - 8
core   0: 3 0x8000a772 (0xbfe5)
core   0: 0x8000a76a (0x00006f17) auipc   t5, 0x6
core   0: 3 0x8000a76a (0x00006f17) x30 0x8001076a
core   0: 0x8000a76e (0x883f2b23) sw      gp, -1898(t5)
core   0: 3 0x8000a76e (0x883f2b23) mem 0x80010000 0x00000001
core   0: 0x8000a772 (0x0000bfe5) c.j     pc - 8
core   0: 3 0x8000a772 (0xbfe5)
core   0: 0x8000a76a (0x00006f17) auipc   t5, 0x6
core   0: 3 0x8000a76a (0x00006f17) x30 0x8001076a
core   0: 0x8000a76e (0x883f2b23) sw      gp, -1898(t5)
core   0: 3 0x8000a76e (0x883f2b23) mem 0x80010000 0x00000001
core   0: 0x8000a772 (0x0000bfe5) c.j     pc - 8
core   0: 3 0x8000a772 (0xbfe5)
core   0: 0x8000a76a (0x00006f17) auipc   t5, 0x6
core   0: 3 0x8000a76a (0x00006f17) x30 0x8001076a
core   0: 0x8000a76e (0x883f2b23) sw      gp, -1898(t5)
core   0: 3 0x8000a76e (0x883f2b23) mem 0x80010000 0x00000001
core   0: 0x8000a772 (0x0000bfe5) c.j     pc - 8
core   0: 3 0x8000a772 (0xbfe5)
core   0: 0x8000a76a (0x00006f17) auipc   t5, 0x6
core   0: 3 0x8000a76a (0x00006f17) x30 0x8001076a
core   0: 0x8000a76e (0x883f2b23) sw      gp, -1898(t5)
core   0: 3 0x8000a76e (0x883f2b23) mem 0x80010000 0x00000001
core   0: 0x8000a772 (0x0000bfe5) c.j     pc - 8
core   0: 3 0x8000a772 (0xbfe5)
core   0: 0x8000a76a (0x00006f17) auipc   t5, 0x6
core   0: 3 0x8000a76a (0x00006f17) x30 0x8001076a
core   0: 0x8000a76e (0x883f2b23) sw      gp, -1898(t5)
core   0: 3 0x8000a76e (0x883f2b23) mem 0x80010000 0x00000001
core   0: 0x8000a772 (0x0000bfe5) c.j     pc - 8
core   0: 3 0x8000a772 (0xbfe5)
core   0: 0x8000a76a (0x00006f17) auipc   t5, 0x6
core   0: 3 0x8000a76a (0x00006f17) x30 0x8001076a
core   0: 0x8000a76e (0x883f2b23) sw      gp, -1898(t5)
core   0: 3 0x8000a76e (0x883f2b23) mem 0x80010000 0x00000001
core   0: 0x8000a772 (0x0000bfe5) c.j     pc - 8
core   0: 3 0x8000a772 (0xbfe5)
core   0: 0x8000a76a (0x00006f17) auipc   t5, 0x6
core   0: 3 0x8000a76a (0x00006f17) x30 0x8001076a
core   0: 0x8000a76e (0x883f2b23) sw      gp, -1898(t5)
core   0: 3 0x8000a76e (0x883f2b23) mem 0x80010000 0x00000001
core   0: 0x8000a772 (0x0000bfe5) c.j     pc - 8
core   0: 3 0x8000a772 (0xbfe5)
core   0: 0x8000a76a (0x00006f17) auipc   t5, 0x6
core   0: 3 0x8000a76a (0x00006f17) x30 0x8001076a
core   0: 0x8000a76e (0x883f2b23) sw      gp, -1898(t5)
core   0: 3 0x8000a76e (0x883f2b23) mem 0x80010000 0x00000001
core   0: 0x8000a772 (0x0000bfe5) c.j     pc - 8
core   0: 3 0x8000a772 (0xbfe5)
core   0: 0x8000a76a (0x00006f17) auipc   t5, 0x6
core   0: 3 0x8000a76a (0x00006f17) x30 0x8001076a
core   0: 0x8000a76e (0x883f2b23) sw      gp, -1898(t5)
core   0: 3 0x8000a76e (0x883f2b23) mem 0x80010000 0x00000001
core   0: 0x8000a772 (0x0000bfe5) c.j     pc - 8
core   0: 3 0x8000a772 (0xbfe5)
core   0: 0x8000a76a (0x00006f17) auipc   t5, 0x6
core   0: 3 0x8000a76a (0x00006f17) x30 0x8001076a
core   0: 0x8000a76e (0x883f2b23) sw      gp, -1898(t5)
core   0: 3 0x8000a76e (0x883f2b23) mem 0x80010000 0x00000001
core   0: 0x8000a772 (0x0000bfe5) c.j     pc - 8
core   0: 3 0x8000a772 (0xbfe5)
core   0: 0x8000a76a (0x00006f17) auipc   t5, 0x6
core   0: 3 0x8000a76a (0x00006f17) x30 0x8001076a
core   0: 0x8000a76e (0x883f2b23) sw      gp, -1898(t5)
core   0: 3 0x8000a76e (0x883f2b23) mem 0x80010000 0x00000001
core   0: 0x8000a772 (0x0000bfe5) c.j     pc - 8
core   0: 3 0x8000a772 (0xbfe5)
core   0: 0x8000a76a (0x00006f17) auipc   t5, 0x6
core   0: 3 0x8000a76a (0x00006f17) x30 0x8001076a
core   0: 0x8000a76e (0x883f2b23) sw      gp, -1898(t5)
core   0: 3 0x8000a76e (0x883f2b23) mem 0x80010000 0x00000001
core   0: 0x8000a772 (0x0000bfe5) c.j     pc - 8
core   0: 3 0x8000a772 (0xbfe5)
core   0: 0x8000a76a (0x00006f17) auipc   t5, 0x6
core   0: 3 0x8000a76a (0x00006f17) x30 0x8001076a
core   0: 0x8000a76e (0x883f2b23) sw      gp, -1898(t5)
core   0: 3 0x8000a76e (0x883f2b23) mem 0x80010000 0x00000001
core   0: 0x8000a772 (0x0000bfe5) c.j     pc - 8
core   0: 3 0x8000a772 (0xbfe5)
core   0: 0x8000a76a (0x00006f17) auipc   t5, 0x6
core   0: 3 0x8000a76a (0x00006f17) x30 0x8001076a
core   0: 0x8000a76e (0x883f2b23) sw      gp, -1898(t5)
core   0: 3 0x8000a76e (0x883f2b23) mem 0x80010000 0x00000001
core   0: 0x8000a772 (0x0000bfe5) c.j     pc - 8
core   0: 3 0x8000a772 (0xbfe5)
core   0: 0x8000a76a (0x00006f17) auipc   t5, 0x6
core   0: 3 0x8000a76a (0x00006f17) x30 0x8001076a
core   0: 0x8000a76e (0x883f2b23) sw      gp, -1898(t5)
core   0: 3 0x8000a76e (0x883f2b23) mem 0x80010000 0x00000001
core   0: 0x8000a772 (0x0000bfe5) c.j     pc - 8
core   0: 3 0x8000a772 (0xbfe5)
core   0: 0x8000a76a (0x00006f17) auipc   t5, 0x6
core   0: 3 0x8000a76a (0x00006f17) x30 0x8001076a
core   0: 0x8000a76e (0x883f2b23) sw      gp, -1898(t5)
core   0: 3 0x8000a76e (0x883f2b23) mem 0x80010000 0x00000001
core   0: 0x8000a772 (0x0000bfe5) c.j     pc - 8
core   0: 3 0x8000a772 (0xbfe5)
core   0: 0x8000a76a (0x00006f17) auipc   t5, 0x6
core   0: 3 0x8000a76a (0x00006f17) x30 0x8001076a
core   0: 0x8000a76e (0x883f2b23) sw      gp, -1898(t5)
core   0: 3 0x8000a76e (0x883f2b23) mem 0x80010000 0x00000001
core   0: 0x8000a772 (0x0000bfe5) c.j     pc - 8
core   0: 3 0x8000a772 (0xbfe5)
core   0: 0x8000a76a (0x00006f17) auipc   t5, 0x6
core   0: 3 0x8000a76a (0x00006f17) x30 0x8001076a
core   0: 0x8000a76e (0x883f2b23) sw      gp, -1898(t5)
core   0: 3 0x8000a76e (0x883f2b23) mem 0x80010000 0x00000001
core   0: 0x8000a772 (0x0000bfe5) c.j     pc - 8
core   0: 3 0x8000a772 (0xbfe5)
core   0: 0x8000a76a (0x00006f17) auipc   t5, 0x6
core   0: 3 0x8000a76a (0x00006f17) x30 0x8001076a
core   0: 0x8000a76e (0x883f2b23) sw      gp, -1898(t5)
core   0: 3 0x8000a76e (0x883f2b23) mem 0x80010000 0x00000001
core   0: 0x8000a772 (0x0000bfe5) c.j     pc - 8
core   0: 3 0x8000a772 (0xbfe5)
core   0: 0x8000a76a (0x00006f17) auipc   t5, 0x6
core   0: 3 0x8000a76a (0x00006f17) x30 0x8001076a
core   0: 0x8000a76e (0x883f2b23) sw      gp, -1898(t5)
core   0: 3 0x8000a76e (0x883f2b23) mem 0x80010000 0x00000001
core   0: 0x8000a772 (0x0000bfe5) c.j     pc - 8
core   0: 3 0x8000a772 (0xbfe5)
core   0: 0x8000a76a (0x00006f17) auipc   t5, 0x6
core   0: 3 0x8000a76a (0x00006f17) x30 0x8001076a
core   0: 0x8000a76e (0x883f2b23) sw      gp, -1898(t5)
core   0: 3 0x8000a76e (0x883f2b23) mem 0x80010000 0x00000001
core   0: 0x8000a772 (0x0000bfe5) c.j     pc - 8
core   0: 3 0x8000a772 (0xbfe5)
core   0: 0x8000a76a (0x00006f17) auipc   t5, 0x6
core   0: 3 0x8000a76a (0x00006f17) x30 0x8001076a
core   0: 0x8000a76e (0x883f2b23) sw      gp, -1898(t5)
core   0: 3 0x8000a76e (0x883f2b23) mem 0x80010000 0x00000001
core   0: 0x8000a772 (0x0000bfe5) c.j     pc - 8
core   0: 3 0x8000a772 (0xbfe5)
core   0: 0x8000a76a (0x00006f17) auipc   t5, 0x6
core   0: 3 0x8000a76a (0x00006f17) x30 0x8001076a
core   0: 0x8000a76e (0x883f2b23) sw      gp, -1898(t5)
core   0: 3 0x8000a76e (0x883f2b23) mem 0x80010000 0x00000001
core   0: 0x8000a772 (0x0000bfe5) c.j     pc - 8
core   0: 3 0x8000a772 (0xbfe5)
core   0: 0x8000a76a (0x00006f17) auipc   t5, 0x6
core   0: 3 0x8000a76a (0x00006f17) x30 0x8001076a
core   0: 0x8000a76e (0x883f2b23) sw      gp, -1898(t5)
core   0: 3 0x8000a76e (0x883f2b23) mem 0x80010000 0x00000001
core   0: 0x8000a772 (0x0000bfe5) c.j     pc - 8
core   0: 3 0x8000a772 (0xbfe5)
core   0: 0x8000a76a (0x00006f17) auipc   t5, 0x6
core   0: 3 0x8000a76a (0x00006f17) x30 0x8001076a
core   0: 0x8000a76e (0x883f2b23) sw      gp, -1898(t5)
core   0: 3 0x8000a76e (0x883f2b23) mem 0x80010000 0x00000001
core   0: 0x8000a772 (0x0000bfe5) c.j     pc - 8
core   0: 3 0x8000a772 (0xbfe5)
core   0: 0x8000a76a (0x00006f17) auipc   t5, 0x6
core   0: 3 0x8000a76a (0x00006f17) x30 0x8001076a
core   0: 0x8000a76e (0x883f2b23) sw      gp, -1898(t5)
core   0: 3 0x8000a76e (0x883f2b23) mem 0x80010000 0x00000001
core   0: 0x8000a772 (0x0000bfe5) c.j     pc - 8
core   0: 3 0x8000a772 (0xbfe5)
core   0: 0x8000a76a (0x00006f17) auipc   t5, 0x6
core   0: 3 0x8000a76a (0x00006f17) x30 0x8001076a
core   0: 0x8000a76e (0x883f2b23) sw      gp, -1898(t5)
core   0: 3 0x8000a76e (0x883f2b23) mem 0x80010000 0x00000001
core   0: 0x8000a772 (0x0000bfe5) c.j     pc - 8
core   0: 3 0x8000a772 (0xbfe5)
core   0: 0x8000a76a (0x00006f17) auipc   t5, 0x6
core   0: 3 0x8000a76a (0x00006f17) x30 0x8001076a
core   0: 0x8000a76e (0x883f2b23) sw      gp, -1898(t5)
core   0: 3 0x8000a76e (0x883f2b23) mem 0x80010000 0x00000001
core   0: 0x8000a772 (0x0000bfe5) c.j     pc - 8
core   0: 3 0x8000a772 (0xbfe5)
core   0: 0x8000a76a (0x00006f17) auipc   t5, 0x6
core   0: 3 0x8000a76a (0x00006f17) x30 0x8001076a
core   0: 0x8000a76e (0x883f2b23) sw      gp, -1898(t5)
core   0: 3 0x8000a76e (0x883f2b23) mem 0x80010000 0x00000001
core   0: 0x8000a772 (0x0000bfe5) c.j     pc - 8
core   0: 3 0x8000a772 (0xbfe5)
core   0: 0x8000a76a (0x00006f17) auipc   t5, 0x6
core   0: 3 0x8000a76a (0x00006f17) x30 0x8001076a
core   0: 0x8000a76e (0x883f2b23) sw      gp, -1898(t5)
core   0: 3 0x8000a76e (0x883f2b23) mem 0x80010000 0x00000001
core   0: 0x8000a772 (0x0000bfe5) c.j     pc - 8
core   0: 3 0x8000a772 (0xbfe5)
core   0: 0x8000a76a (0x00006f17) auipc   t5, 0x6
core   0: 3 0x8000a76a (0x00006f17) x30 0x8001076a
core   0: 0x8000a76e (0x883f2b23) sw      gp, -1898(t5)
core   0: 3 0x8000a76e (0x883f2b23) mem 0x80010000 0x00000001
core   0: 0x8000a772 (0x0000bfe5) c.j     pc - 8
core   0: 3 0x8000a772 (0xbfe5)
core   0: 0x8000a76a (0x00006f17) auipc   t5, 0x6
core   0: 3 0x8000a76a (0x00006f17) x30 0x8001076a
core   0: 0x8000a76e (0x883f2b23) sw      gp, -1898(t5)
core   0: 3 0x8000a76e (0x883f2b23) mem 0x80010000 0x00000001
core   0: 0x8000a772 (0x0000bfe5) c.j     pc - 8
core   0: 3 0x8000a772 (0xbfe5)
core   0: 0x8000a76a (0x00006f17) auipc   t5, 0x6
core   0: 3 0x8000a76a (0x00006f17) x30 0x8001076a
core   0: 0x8000a76e (0x883f2b23) sw      gp, -1898(t5)
core   0: 3 0x8000a76e (0x883f2b23) mem 0x80010000 0x00000001
core   0: 0x8000a772 (0x0000bfe5) c.j     pc - 8
core   0: 3 0x8000a772 (0xbfe5)
core   0: 0x8000a76a (0x00006f17) auipc   t5, 0x6
core   0: 3 0x8000a76a (0x00006f17) x30 0x8001076a
core   0: 0x8000a76e (0x883f2b23) sw      gp, -1898(t5)
core   0: 3 0x8000a76e (0x883f2b23) mem 0x80010000 0x00000001
core   0: 0x8000a772 (0x0000bfe5) c.j     pc - 8
core   0: 3 0x8000a772 (0xbfe5)
core   0: 0x8000a76a (0x00006f17) auipc   t5, 0x6
core   0: 3 0x8000a76a (0x00006f17) x30 0x8001076a
core   0: 0x8000a76e (0x883f2b23) sw      gp, -1898(t5)
core   0: 3 0x8000a76e (0x883f2b23) mem 0x80010000 0x00000001
core   0: 0x8000a772 (0x0000bfe5) c.j     pc - 8
core   0: 3 0x8000a772 (0xbfe5)
core   0: 0x8000a76a (0x00006f17) auipc   t5, 0x6
core   0: 3 0x8000a76a (0x00006f17) x30 0x8001076a
core   0: 0x8000a76e (0x883f2b23) sw      gp, -1898(t5)
core   0: 3 0x8000a76e (0x883f2b23) mem 0x80010000 0x00000001
core   0: 0x8000a772 (0x0000bfe5) c.j     pc - 8
core   0: 3 0x8000a772 (0xbfe5)
core   0: 0x8000a76a (0x00006f17) auipc   t5, 0x6
core   0: 3 0x8000a76a (0x00006f17) x30 0x8001076a
core   0: 0x8000a76e (0x883f2b23) sw      gp, -1898(t5)
core   0: 3 0x8000a76e (0x883f2b23) mem 0x80010000 0x00000001
core   0: 0x8000a772 (0x0000bfe5) c.j     pc - 8
core   0: 3 0x8000a772 (0xbfe5)
core   0: 0x8000a76a (0x00006f17) auipc   t5, 0x6
core   0: 3 0x8000a76a (0x00006f17) x30 0x8001076a
core   0: 0x8000a76e (0x883f2b23) sw      gp, -1898(t5)
core   0: 3 0x8000a76e (0x883f2b23) mem 0x80010000 0x00000001
core   0: 0x8000a772 (0x0000bfe5) c.j     pc - 8
core   0: 3 0x8000a772 (0xbfe5)
core   0: 0x8000a76a (0x00006f17) auipc   t5, 0x6
core   0: 3 0x8000a76a (0x00006f17) x30 0x8001076a
core   0: 0x8000a76e (0x883f2b23) sw      gp, -1898(t5)
core   0: 3 0x8000a76e (0x883f2b23) mem 0x80010000 0x00000001
core   0: 0x8000a772 (0x0000bfe5) c.j     pc - 8
core   0: 3 0x8000a772 (0xbfe5)
core   0: 0x8000a76a (0x00006f17) auipc   t5, 0x6
core   0: 3 0x8000a76a (0x00006f17) x30 0x8001076a
core   0: 0x8000a76e (0x883f2b23) sw      gp, -1898(t5)
core   0: 3 0x8000a76e (0x883f2b23) mem 0x80010000 0x00000001
core   0: 0x8000a772 (0x0000bfe5) c.j     pc - 8
core   0: 3 0x8000a772 (0xbfe5)
core   0: 0x8000a76a (0x00006f17) auipc   t5, 0x6
core   0: 3 0x8000a76a (0x00006f17) x30 0x8001076a
core   0: 0x8000a76e (0x883f2b23) sw      gp, -1898(t5)
core   0: 3 0x8000a76e (0x883f2b23) mem 0x80010000 0x00000001
core   0: 0x8000a772 (0x0000bfe5) c.j     pc - 8
core   0: 3 0x8000a772 (0xbfe5)
core   0: 0x8000a76a (0x00006f17) auipc   t5, 0x6
core   0: 3 0x8000a76a (0x00006f17) x30 0x8001076a
core   0: 0x8000a76e (0x883f2b23) sw      gp, -1898(t5)
core   0: 3 0x8000a76e (0x883f2b23) mem 0x80010000 0x00000001
core   0: 0x8000a772 (0x0000bfe5) c.j     pc - 8
core   0: 3 0x8000a772 (0xbfe5)
core   0: 0x8000a76a (0x00006f17) auipc   t5, 0x6
core   0: 3 0x8000a76a (0x00006f17) x30 0x8001076a
core   0: 0x8000a76e (0x883f2b23) sw      gp, -1898(t5)
core   0: 3 0x8000a76e (0x883f2b23) mem 0x80010000 0x00000001
core   0: 0x8000a772 (0x0000bfe5) c.j     pc - 8
core   0: 3 0x8000a772 (0xbfe5)
core   0: 0x8000a76a (0x00006f17) auipc   t5, 0x6
core   0: 3 0x8000a76a (0x00006f17) x30 0x8001076a
core   0: 0x8000a76e (0x883f2b23) sw      gp, -1898(t5)
core   0: 3 0x8000a76e (0x883f2b23) mem 0x80010000 0x00000001
core   0: 0x8000a772 (0x0000bfe5) c.j     pc - 8
core   0: 3 0x8000a772 (0xbfe5)
core   0: 0x8000a76a (0x00006f17) auipc   t5, 0x6
core   0: 3 0x8000a76a (0x00006f17) x30 0x8001076a
core   0: 0x8000a76e (0x883f2b23) sw      gp, -1898(t5)
core   0: 3 0x8000a76e (0x883f2b23) mem 0x80010000 0x00000001
core   0: 0x8000a772 (0x0000bfe5) c.j     pc - 8
core   0: 3 0x8000a772 (0xbfe5)
core   0: 0x8000a76a (0x00006f17) auipc   t5, 0x6
core   0: 3 0x8000a76a (0x00006f17) x30 0x8001076a
core   0: 0x8000a76e (0x883f2b23) sw      gp, -1898(t5)
core   0: 3 0x8000a76e (0x883f2b23) mem 0x80010000 0x00000001
core   0: 0x8000a772 (0x0000bfe5) c.j     pc - 8
core   0: 3 0x8000a772 (0xbfe5)
core   0: 0x8000a76a (0x00006f17) auipc   t5, 0x6
core   0: 3 0x8000a76a (0x00006f17) x30 0x8001076a
core   0: 0x8000a76e (0x883f2b23) sw      gp, -1898(t5)
core   0: 3 0x8000a76e (0x883f2b23) mem 0x80010000 0x00000001
core   0: 0x8000a772 (0x0000bfe5) c.j     pc - 8
core   0: 3 0x8000a772 (0xbfe5)
core   0: 0x8000a76a (0x00006f17) auipc   t5, 0x6
core   0: 3 0x8000a76a (0x00006f17) x30 0x8001076a
core   0: 0x8000a76e (0x883f2b23) sw      gp, -1898(t5)
core   0: 3 0x8000a76e (0x883f2b23) mem 0x80010000 0x00000001
core   0: 0x8000a772 (0x0000bfe5) c.j     pc - 8
core   0: 3 0x8000a772 (0xbfe5)
core   0: 0x8000a76a (0x00006f17) auipc   t5, 0x6
core   0: 3 0x8000a76a (0x00006f17) x30 0x8001076a
core   0: 0x8000a76e (0x883f2b23) sw      gp, -1898(t5)
core   0: 3 0x8000a76e (0x883f2b23) mem 0x80010000 0x00000001
core   0: 0x8000a772 (0x0000bfe5) c.j     pc - 8
core   0: 3 0x8000a772 (0xbfe5)
core   0: 0x8000a76a (0x00006f17) auipc   t5, 0x6
core   0: 3 0x8000a76a (0x00006f17) x30 0x8001076a
core   0: 0x8000a76e (0x883f2b23) sw      gp, -1898(t5)
core   0: 3 0x8000a76e (0x883f2b23) mem 0x80010000 0x00000001
core   0: 0x8000a772 (0x0000bfe5) c.j     pc - 8
core   0: 3 0x8000a772 (0xbfe5)
core   0: 0x8000a76a (0x00006f17) auipc   t5, 0x6
core   0: 3 0x8000a76a (0x00006f17) x30 0x8001076a
core   0: 0x8000a76e (0x883f2b23) sw      gp, -1898(t5)
core   0: 3 0x8000a76e (0x883f2b23) mem 0x80010000 0x00000001
core   0: 0x8000a772 (0x0000bfe5) c.j     pc - 8
core   0: 3 0x8000a772 (0xbfe5)
core   0: 0x8000a76a (0x00006f17) auipc   t5, 0x6
core   0: 3 0x8000a76a (0x00006f17) x30 0x8001076a
core   0: 0x8000a76e (0x883f2b23) sw      gp, -1898(t5)
core   0: 3 0x8000a76e (0x883f2b23) mem 0x80010000 0x00000001
core   0: 0x8000a772 (0x0000bfe5) c.j     pc - 8
core   0: 3 0x8000a772 (0xbfe5)
core   0: 0x8000a76a (0x00006f17) auipc   t5, 0x6
core   0: 3 0x8000a76a (0x00006f17) x30 0x8001076a
core   0: 0x8000a76e (0x883f2b23) sw      gp, -1898(t5)
core   0: 3 0x8000a76e (0x883f2b23) mem 0x80010000 0x00000001
core   0: 0x8000a772 (0x0000bfe5) c.j     pc - 8
core   0: 3 0x8000a772 (0xbfe5)
core   0: 0x8000a76a (0x00006f17) auipc   t5, 0x6
core   0: 3 0x8000a76a (0x00006f17) x30 0x8001076a
core   0: 0x8000a76e (0x883f2b23) sw      gp, -1898(t5)
core   0: 3 0x8000a76e (0x883f2b23) mem 0x80010000 0x00000001
core   0: 0x8000a772 (0x0000bfe5) c.j     pc - 8
core   0: 3 0x8000a772 (0xbfe5)
core   0: 0x8000a76a (0x00006f17) auipc   t5, 0x6
core   0: 3 0x8000a76a (0x00006f17) x30 0x8001076a
core   0: 0x8000a76e (0x883f2b23) sw      gp, -1898(t5)
core   0: 3 0x8000a76e (0x883f2b23) mem 0x80010000 0x00000001
core   0: 0x8000a772 (0x0000bfe5) c.j     pc - 8
core   0: 3 0x8000a772 (0xbfe5)
core   0: 0x8000a76a (0x00006f17) auipc   t5, 0x6
core   0: 3 0x8000a76a (0x00006f17) x30 0x8001076a
core   0: 0x8000a76e (0x883f2b23) sw      gp, -1898(t5)
core   0: 3 0x8000a76e (0x883f2b23) mem 0x80010000 0x00000001
core   0: 0x8000a772 (0x0000bfe5) c.j     pc - 8
core   0: 3 0x8000a772 (0xbfe5)
core   0: 0x8000a76a (0x00006f17) auipc   t5, 0x6
core   0: 3 0x8000a76a (0x00006f17) x30 0x8001076a
core   0: 0x8000a76e (0x883f2b23) sw      gp, -1898(t5)
core   0: 3 0x8000a76e (0x883f2b23) mem 0x80010000 0x00000001
core   0: 0x8000a772 (0x0000bfe5) c.j     pc - 8
core   0: 3 0x8000a772 (0xbfe5)
core   0: 0x8000a76a (0x00006f17) auipc   t5, 0x6
core   0: 3 0x8000a76a (0x00006f17) x30 0x8001076a
core   0: 0x8000a76e (0x883f2b23) sw      gp, -1898(t5)
core   0: 3 0x8000a76e (0x883f2b23) mem 0x80010000 0x00000001
core   0: 0x8000a772 (0x0000bfe5) c.j     pc - 8
core   0: 3 0x8000a772 (0xbfe5)
core   0: 0x8000a76a (0x00006f17) auipc   t5, 0x6
core   0: 3 0x8000a76a (0x00006f17) x30 0x8001076a
core   0: 0x8000a76e (0x883f2b23) sw      gp, -1898(t5)
core   0: 3 0x8000a76e (0x883f2b23) mem 0x80010000 0x00000001
core   0: 0x8000a772 (0x0000bfe5) c.j     pc - 8
core   0: 3 0x8000a772 (0xbfe5)
core   0: 0x8000a76a (0x00006f17) auipc   t5, 0x6
core   0: 3 0x8000a76a (0x00006f17) x30 0x8001076a
core   0: 0x8000a76e (0x883f2b23) sw      gp, -1898(t5)
core   0: 3 0x8000a76e (0x883f2b23) mem 0x80010000 0x00000001
core   0: 0x8000a772 (0x0000bfe5) c.j     pc - 8
core   0: 3 0x8000a772 (0xbfe5)
core   0: 0x8000a76a (0x00006f17) auipc   t5, 0x6
core   0: 3 0x8000a76a (0x00006f17) x30 0x8001076a
core   0: 0x8000a76e (0x883f2b23) sw      gp, -1898(t5)
core   0: 3 0x8000a76e (0x883f2b23) mem 0x80010000 0x00000001
core   0: 0x8000a772 (0x0000bfe5) c.j     pc - 8
core   0: 3 0x8000a772 (0xbfe5)
core   0: 0x8000a76a (0x00006f17) auipc   t5, 0x6
core   0: 3 0x8000a76a (0x00006f17) x30 0x8001076a
core   0: 0x8000a76e (0x883f2b23) sw      gp, -1898(t5)
core   0: 3 0x8000a76e (0x883f2b23) mem 0x80010000 0x00000001
core   0: 0x8000a772 (0x0000bfe5) c.j     pc - 8
core   0: 3 0x8000a772 (0xbfe5)
core   0: 0x8000a76a (0x00006f17) auipc   t5, 0x6
core   0: 3 0x8000a76a (0x00006f17) x30 0x8001076a
core   0: 0x8000a76e (0x883f2b23) sw      gp, -1898(t5)
core   0: 3 0x8000a76e (0x883f2b23) mem 0x80010000 0x00000001
core   0: 0x8000a772 (0x0000bfe5) c.j     pc - 8
core   0: 3 0x8000a772 (0xbfe5)
core   0: 0x8000a76a (0x00006f17) auipc   t5, 0x6
core   0: 3 0x8000a76a (0x00006f17) x30 0x8001076a
core   0: 0x8000a76e (0x883f2b23) sw      gp, -1898(t5)
core   0: 3 0x8000a76e (0x883f2b23) mem 0x80010000 0x00000001
core   0: 0x8000a772 (0x0000bfe5) c.j     pc - 8
core   0: 3 0x8000a772 (0xbfe5)
core   0: 0x8000a76a (0x00006f17) auipc   t5, 0x6
core   0: 3 0x8000a76a (0x00006f17) x30 0x8001076a
core   0: 0x8000a76e (0x883f2b23) sw      gp, -1898(t5)
core   0: 3 0x8000a76e (0x883f2b23) mem 0x80010000 0x00000001
core   0: 0x8000a772 (0x0000bfe5) c.j     pc - 8
core   0: 3 0x8000a772 (0xbfe5)
core   0: 0x8000a76a (0x00006f17) auipc   t5, 0x6
core   0: 3 0x8000a76a (0x00006f17) x30 0x8001076a
core   0: 0x8000a76e (0x883f2b23) sw      gp, -1898(t5)
core   0: 3 0x8000a76e (0x883f2b23) mem 0x80010000 0x00000001
core   0: 0x8000a772 (0x0000bfe5) c.j     pc - 8
core   0: 3 0x8000a772 (0xbfe5)
core   0: 0x8000a76a (0x00006f17) auipc   t5, 0x6
core   0: 3 0x8000a76a (0x00006f17) x30 0x8001076a
core   0: 0x8000a76e (0x883f2b23) sw      gp, -1898(t5)
core   0: 3 0x8000a76e (0x883f2b23) mem 0x80010000 0x00000001
core   0: 0x8000a772 (0x0000bfe5) c.j     pc - 8
core   0: 3 0x8000a772 (0xbfe5)
core   0: 0x8000a76a (0x00006f17) auipc   t5, 0x6
core   0: 3 0x8000a76a (0x00006f17) x30 0x8001076a
core   0: 0x8000a76e (0x883f2b23) sw      gp, -1898(t5)
core   0: 3 0x8000a76e (0x883f2b23) mem 0x80010000 0x00000001
core   0: 0x8000a772 (0x0000bfe5) c.j     pc - 8
core   0: 3 0x8000a772 (0xbfe5)
core   0: 0x8000a76a (0x00006f17) auipc   t5, 0x6
core   0: 3 0x8000a76a (0x00006f17) x30 0x8001076a
core   0: 0x8000a76e (0x883f2b23) sw      gp, -1898(t5)
core   0: 3 0x8000a76e (0x883f2b23) mem 0x80010000 0x00000001
core   0: 0x8000a772 (0x0000bfe5) c.j     pc - 8
core   0: 3 0x8000a772 (0xbfe5)
core   0: 0x8000a76a (0x00006f17) auipc   t5, 0x6
core   0: 3 0x8000a76a (0x00006f17) x30 0x8001076a
core   0: 0x8000a76e (0x883f2b23) sw      gp, -1898(t5)
core   0: 3 0x8000a76e (0x883f2b23) mem 0x80010000 0x00000001
core   0: 0x8000a772 (0x0000bfe5) c.j     pc - 8
core   0: 3 0x8000a772 (0xbfe5)
core   0: 0x8000a76a (0x00006f17) auipc   t5, 0x6
core   0: 3 0x8000a76a (0x00006f17) x30 0x8001076a
core   0: 0x8000a76e (0x883f2b23) sw      gp, -1898(t5)
core   0: 3 0x8000a76e (0x883f2b23) mem 0x80010000 0x00000001
core   0: 0x8000a772 (0x0000bfe5) c.j     pc - 8
core   0: 3 0x8000a772 (0xbfe5)
core   0: 0x8000a76a (0x00006f17) auipc   t5, 0x6
core   0: 3 0x8000a76a (0x00006f17) x30 0x8001076a
core   0: 0x8000a76e (0x883f2b23) sw      gp, -1898(t5)
core   0: 3 0x8000a76e (0x883f2b23) mem 0x80010000 0x00000001
core   0: 0x8000a772 (0x0000bfe5) c.j     pc - 8
core   0: 3 0x8000a772 (0xbfe5)
core   0: 0x8000a76a (0x00006f17) auipc   t5, 0x6
core   0: 3 0x8000a76a (0x00006f17) x30 0x8001076a
core   0: 0x8000a76e (0x883f2b23) sw      gp, -1898(t5)
core   0: 3 0x8000a76e (0x883f2b23) mem 0x80010000 0x00000001
core   0: 0x8000a772 (0x0000bfe5) c.j     pc - 8
core   0: 3 0x8000a772 (0xbfe5)
core   0: 0x8000a76a (0x00006f17) auipc   t5, 0x6
core   0: 3 0x8000a76a (0x00006f17) x30 0x8001076a
core   0: 0x8000a76e (0x883f2b23) sw      gp, -1898(t5)
core   0: 3 0x8000a76e (0x883f2b23) mem 0x80010000 0x00000001
core   0: 0x8000a772 (0x0000bfe5) c.j     pc - 8
core   0: 3 0x8000a772 (0xbfe5)
core   0: 0x8000a76a (0x00006f17) auipc   t5, 0x6
core   0: 3 0x8000a76a (0x00006f17) x30 0x8001076a
core   0: 0x8000a76e (0x883f2b23) sw      gp, -1898(t5)
core   0: 3 0x8000a76e (0x883f2b23) mem 0x80010000 0x00000001
core   0: 0x8000a772 (0x0000bfe5) c.j     pc - 8
core   0: 3 0x8000a772 (0xbfe5)
core   0: 0x8000a76a (0x00006f17) auipc   t5, 0x6
core   0: 3 0x8000a76a (0x00006f17) x30 0x8001076a
core   0: 0x8000a76e (0x883f2b23) sw      gp, -1898(t5)
core   0: 3 0x8000a76e (0x883f2b23) mem 0x80010000 0x00000001
core   0: 0x8000a772 (0x0000bfe5) c.j     pc - 8
core   0: 3 0x8000a772 (0xbfe5)
core   0: 0x8000a76a (0x00006f17) auipc   t5, 0x6
core   0: 3 0x8000a76a (0x00006f17) x30 0x8001076a
core   0: 0x8000a76e (0x883f2b23) sw      gp, -1898(t5)
core   0: 3 0x8000a76e (0x883f2b23) mem 0x80010000 0x00000001
core   0: 0x8000a772 (0x0000bfe5) c.j     pc - 8
core   0: 3 0x8000a772 (0xbfe5)
core   0: 0x8000a76a (0x00006f17) auipc   t5, 0x6
core   0: 3 0x8000a76a (0x00006f17) x30 0x8001076a
core   0: 0x8000a76e (0x883f2b23) sw      gp, -1898(t5)
core   0: 3 0x8000a76e (0x883f2b23) mem 0x80010000 0x00000001
core   0: 0x8000a772 (0x0000bfe5) c.j     pc - 8
core   0: 3 0x8000a772 (0xbfe5)
core   0: 0x8000a76a (0x00006f17) auipc   t5, 0x6
core   0: 3 0x8000a76a (0x00006f17) x30 0x8001076a
core   0: 0x8000a76e (0x883f2b23) sw      gp, -1898(t5)
core   0: 3 0x8000a76e (0x883f2b23) mem 0x80010000 0x00000001
core   0: 0x8000a772 (0x0000bfe5) c.j     pc - 8
core   0: 3 0x8000a772 (0xbfe5)
core   0: 0x8000a76a (0x00006f17) auipc   t5, 0x6
core   0: 3 0x8000a76a (0x00006f17) x30 0x8001076a
core   0: 0x8000a76e (0x883f2b23) sw      gp, -1898(t5)
core   0: 3 0x8000a76e (0x883f2b23) mem 0x80010000 0x00000001
core   0: 0x8000a772 (0x0000bfe5) c.j     pc - 8
core   0: 3 0x8000a772 (0xbfe5)
core   0: 0x8000a76a (0x00006f17) auipc   t5, 0x6
core   0: 3 0x8000a76a (0x00006f17) x30 0x8001076a
core   0: 0x8000a76e (0x883f2b23) sw      gp, -1898(t5)
core   0: 3 0x8000a76e (0x883f2b23) mem 0x80010000 0x00000001
core   0: 0x8000a772 (0x0000bfe5) c.j     pc - 8
core   0: 3 0x8000a772 (0xbfe5)
core   0: 0x8000a76a (0x00006f17) auipc   t5, 0x6
core   0: 3 0x8000a76a (0x00006f17) x30 0x8001076a
core   0: 0x8000a76e (0x883f2b23) sw      gp, -1898(t5)
core   0: 3 0x8000a76e (0x883f2b23) mem 0x80010000 0x00000001
core   0: 0x8000a772 (0x0000bfe5) c.j     pc - 8
core   0: 3 0x8000a772 (0xbfe5)
core   0: 0x8000a76a (0x00006f17) auipc   t5, 0x6
core   0: 3 0x8000a76a (0x00006f17) x30 0x8001076a
core   0: 0x8000a76e (0x883f2b23) sw      gp, -1898(t5)
core   0: 3 0x8000a76e (0x883f2b23) mem 0x80010000 0x00000001
core   0: 0x8000a772 (0x0000bfe5) c.j     pc - 8
core   0: 3 0x8000a772 (0xbfe5)
core   0: 0x8000a76a (0x00006f17) auipc   t5, 0x6
core   0: 3 0x8000a76a (0x00006f17) x30 0x8001076a
core   0: 0x8000a76e (0x883f2b23) sw      gp, -1898(t5)
core   0: 3 0x8000a76e (0x883f2b23) mem 0x80010000 0x00000001
core   0: 0x8000a772 (0x0000bfe5) c.j     pc - 8
core   0: 3 0x8000a772 (0xbfe5)
core   0: 0x8000a76a (0x00006f17) auipc   t5, 0x6
core   0: 3 0x8000a76a (0x00006f17) x30 0x8001076a
core   0: 0x8000a76e (0x883f2b23) sw      gp, -1898(t5)
core   0: 3 0x8000a76e (0x883f2b23) mem 0x80010000 0x00000001
core   0: 0x8000a772 (0x0000bfe5) c.j     pc - 8
core   0: 3 0x8000a772 (0xbfe5)
core   0: 0x8000a76a (0x00006f17) auipc   t5, 0x6
core   0: 3 0x8000a76a (0x00006f17) x30 0x8001076a
core   0: 0x8000a76e (0x883f2b23) sw      gp, -1898(t5)
core   0: 3 0x8000a76e (0x883f2b23) mem 0x80010000 0x00000001
core   0: 0x8000a772 (0x0000bfe5) c.j     pc - 8
core   0: 3 0x8000a772 (0xbfe5)
core   0: 0x8000a76a (0x00006f17) auipc   t5, 0x6
core   0: 3 0x8000a76a (0x00006f17) x30 0x8001076a
core   0: 0x8000a76e (0x883f2b23) sw      gp, -1898(t5)
core   0: 3 0x8000a76e (0x883f2b23) mem 0x80010000 0x00000001
core   0: 0x8000a772 (0x0000bfe5) c.j     pc - 8
core   0: 3 0x8000a772 (0xbfe5)
core   0: 0x8000a76a (0x00006f17) auipc   t5, 0x6
core   0: 3 0x8000a76a (0x00006f17) x30 0x8001076a
core   0: 0x8000a76e (0x883f2b23) sw      gp, -1898(t5)
core   0: 3 0x8000a76e (0x883f2b23) mem 0x80010000 0x00000001
core   0: 0x8000a772 (0x0000bfe5) c.j     pc - 8
core   0: 3 0x8000a772 (0xbfe5)
core   0: 0x8000a76a (0x00006f17) auipc   t5, 0x6
core   0: 3 0x8000a76a (0x00006f17) x30 0x8001076a
core   0: 0x8000a76e (0x883f2b23) sw      gp, -1898(t5)
core   0: 3 0x8000a76e (0x883f2b23) mem 0x80010000 0x00000001
core   0: 0x8000a772 (0x0000bfe5) c.j     pc - 8
core   0: 3 0x8000a772 (0xbfe5)
core   0: 0x8000a76a (0x00006f17) auipc   t5, 0x6
core   0: 3 0x8000a76a (0x00006f17) x30 0x8001076a
core   0: 0x8000a76e (0x883f2b23) sw      gp, -1898(t5)
core   0: 3 0x8000a76e (0x883f2b23) mem 0x80010000 0x00000001
core   0: 0x8000a772 (0x0000bfe5) c.j     pc - 8
core   0: 3 0x8000a772 (0xbfe5)
core   0: 0x8000a76a (0x00006f17) auipc   t5, 0x6
core   0: 3 0x8000a76a (0x00006f17) x30 0x8001076a
core   0: 0x8000a76e (0x883f2b23) sw      gp, -1898(t5)
core   0: 3 0x8000a76e (0x883f2b23) mem 0x80010000 0x00000001
core   0: 0x8000a772 (0x0000bfe5) c.j     pc - 8
core   0: 3 0x8000a772 (0xbfe5)
core   0: 0x8000a76a (0x00006f17) auipc   t5, 0x6
core   0: 3 0x8000a76a (0x00006f17) x30 0x8001076a
core   0: 0x8000a76e (0x883f2b23) sw      gp, -1898(t5)
core   0: 3 0x8000a76e (0x883f2b23) mem 0x80010000 0x00000001
core   0: 0x8000a772 (0x0000bfe5) c.j     pc - 8
core   0: 3 0x8000a772 (0xbfe5)
core   0: 0x8000a76a (0x00006f17) auipc   t5, 0x6
core   0: 3 0x8000a76a (0x00006f17) x30 0x8001076a
core   0: 0x8000a76e (0x883f2b23) sw      gp, -1898(t5)
core   0: 3 0x8000a76e (0x883f2b23) mem 0x80010000 0x00000001
core   0: 0x8000a772 (0x0000bfe5) c.j     pc - 8
core   0: 3 0x8000a772 (0xbfe5)
core   0: 0x8000a76a (0x00006f17) auipc   t5, 0x6
core   0: 3 0x8000a76a (0x00006f17) x30 0x8001076a
core   0: 0x8000a76e (0x883f2b23) sw      gp, -1898(t5)
core   0: 3 0x8000a76e (0x883f2b23) mem 0x80010000 0x00000001
core   0: 0x8000a772 (0x0000bfe5) c.j     pc - 8
core   0: 3 0x8000a772 (0xbfe5)
core   0: 0x8000a76a (0x00006f17) auipc   t5, 0x6
core   0: 3 0x8000a76a (0x00006f17) x30 0x8001076a
core   0: 0x8000a76e (0x883f2b23) sw      gp, -1898(t5)
core   0: 3 0x8000a76e (0x883f2b23) mem 0x80010000 0x00000001
core   0: 0x8000a772 (0x0000bfe5) c.j     pc - 8
core   0: 3 0x8000a772 (0xbfe5)
core   0: 0x8000a76a (0x00006f17) auipc   t5, 0x6
core   0: 3 0x8000a76a (0x00006f17) x30 0x8001076a
core   0: 0x8000a76e (0x883f2b23) sw      gp, -1898(t5)
core   0: 3 0x8000a76e (0x883f2b23) mem 0x80010000 0x00000001
core   0: 0x8000a772 (0x0000bfe5) c.j     pc - 8
core   0: 3 0x8000a772 (0xbfe5)
core   0: 0x8000a76a (0x00006f17) auipc   t5, 0x6
core   0: 3 0x8000a76a (0x00006f17) x30 0x8001076a
core   0: 0x8000a76e (0x883f2b23) sw      gp, -1898(t5)
core   0: 3 0x8000a76e (0x883f2b23) mem 0x80010000 0x00000001
core   0: 0x8000a772 (0x0000bfe5) c.j     pc - 8
core   0: 3 0x8000a772 (0xbfe5)
core   0: 0x8000a76a (0x00006f17) auipc   t5, 0x6
core   0: 3 0x8000a76a (0x00006f17) x30 0x8001076a
core   0: 0x8000a76e (0x883f2b23) sw      gp, -1898(t5)
core   0: 3 0x8000a76e (0x883f2b23) mem 0x80010000 0x00000001
core   0: 0x8000a772 (0x0000bfe5) c.j     pc - 8
core   0: 3 0x8000a772 (0xbfe5)
core   0: 0x8000a76a (0x00006f17) auipc   t5, 0x6
core   0: 3 0x8000a76a (0x00006f17) x30 0x8001076a
core   0: 0x8000a76e (0x883f2b23) sw      gp, -1898(t5)
core   0: 3 0x8000a76e (0x883f2b23) mem 0x80010000 0x00000001
core   0: 0x8000a772 (0x0000bfe5) c.j     pc - 8
core   0: 3 0x8000a772 (0xbfe5)
core   0: 0x8000a76a (0x00006f17) auipc   t5, 0x6
core   0: 3 0x8000a76a (0x00006f17) x30 0x8001076a
core   0: 0x8000a76e (0x883f2b23) sw      gp, -1898(t5)
core   0: 3 0x8000a76e (0x883f2b23) mem 0x80010000 0x00000001
core   0: 0x8000a772 (0x0000bfe5) c.j     pc - 8
core   0: 3 0x8000a772 (0xbfe5)
core   0: 0x8000a76a (0x00006f17) auipc   t5, 0x6
core   0: 3 0x8000a76a (0x00006f17) x30 0x8001076a
core   0: 0x8000a76e (0x883f2b23) sw      gp, -1898(t5)
core   0: 3 0x8000a76e (0x883f2b23) mem 0x80010000 0x00000001
core   0: 0x8000a772 (0x0000bfe5) c.j     pc - 8
core   0: 3 0x8000a772 (0xbfe5)
core   0: 0x8000a76a (0x00006f17) auipc   t5, 0x6
core   0: 3 0x8000a76a (0x00006f17) x30 0x8001076a
core   0: 0x8000a76e (0x883f2b23) sw      gp, -1898(t5)
core   0: 3 0x8000a76e (0x883f2b23) mem 0x80010000 0x00000001
core   0: 0x8000a772 (0x0000bfe5) c.j     pc - 8
core   0: 3 0x8000a772 (0xbfe5)
core   0: 0x8000a76a (0x00006f17) auipc   t5, 0x6
core   0: 3 0x8000a76a (0x00006f17) x30 0x8001076a
core   0: 0x8000a76e (0x883f2b23) sw      gp, -1898(t5)
core   0: 3 0x8000a76e (0x883f2b23) mem 0x80010000 0x00000001
core   0: 0x8000a772 (0x0000bfe5) c.j     pc - 8
core   0: 3 0x8000a772 (0xbfe5)
core   0: 0x8000a76a (0x00006f17) auipc   t5, 0x6
core   0: 3 0x8000a76a (0x00006f17) x30 0x8001076a
core   0: 0x8000a76e (0x883f2b23) sw      gp, -1898(t5)
core   0: 3 0x8000a76e (0x883f2b23) mem 0x80010000 0x00000001
core   0: 0x8000a772 (0x0000bfe5) c.j     pc - 8
core   0: 3 0x8000a772 (0xbfe5)
core   0: 0x8000a76a (0x00006f17) auipc   t5, 0x6
core   0: 3 0x8000a76a (0x00006f17) x30 0x8001076a
core   0: 0x8000a76e (0x883f2b23) sw      gp, -1898(t5)
core   0: 3 0x8000a76e (0x883f2b23) mem 0x80010000 0x00000001
core   0: 0x8000a772 (0x0000bfe5) c.j     pc - 8
core   0: 3 0x8000a772 (0xbfe5)
core   0: 0x8000a76a (0x00006f17) auipc   t5, 0x6
core   0: 3 0x8000a76a (0x00006f17) x30 0x8001076a
core   0: 0x8000a76e (0x883f2b23) sw      gp, -1898(t5)
core   0: 3 0x8000a76e (0x883f2b23) mem 0x80010000 0x00000001
core   0: 0x8000a772 (0x0000bfe5) c.j     pc - 8
core   0: 3 0x8000a772 (0xbfe5)
core   0: 0x8000a76a (0x00006f17) auipc   t5, 0x6
core   0: 3 0x8000a76a (0x00006f17) x30 0x8001076a
core   0: 0x8000a76e (0x883f2b23) sw      gp, -1898(t5)
core   0: 3 0x8000a76e (0x883f2b23) mem 0x80010000 0x00000001
core   0: 0x8000a772 (0x0000bfe5) c.j     pc - 8
core   0: 3 0x8000a772 (0xbfe5)
core   0: 0x8000a76a (0x00006f17) auipc   t5, 0x6
core   0: 3 0x8000a76a (0x00006f17) x30 0x8001076a
core   0: 0x8000a76e (0x883f2b23) sw      gp, -1898(t5)
core   0: 3 0x8000a76e (0x883f2b23) mem 0x80010000 0x00000001
core   0: 0x8000a772 (0x0000bfe5) c.j     pc - 8
core   0: 3 0x8000a772 (0xbfe5)
core   0: 0x8000a76a (0x00006f17) auipc   t5, 0x6
core   0: 3 0x8000a76a (0x00006f17) x30 0x8001076a
core   0: 0x8000a76e (0x883f2b23) sw      gp, -1898(t5)
core   0: 3 0x8000a76e (0x883f2b23) mem 0x80010000 0x00000001
core   0: 0x8000a772 (0x0000bfe5) c.j     pc - 8
core   0: 3 0x8000a772 (0xbfe5)
core   0: 0x8000a76a (0x00006f17) auipc   t5, 0x6
core   0: 3 0x8000a76a (0x00006f17) x30 0x8001076a
core   0: 0x8000a76e (0x883f2b23) sw      gp, -1898(t5)
core   0: 3 0x8000a76e (0x883f2b23) mem 0x80010000 0x00000001
core   0: 0x8000a772 (0x0000bfe5) c.j     pc - 8
core   0: 3 0x8000a772 (0xbfe5)
core   0: 0x8000a76a (0x00006f17) auipc   t5, 0x6
core   0: 3 0x8000a76a (0x00006f17) x30 0x8001076a
core   0: 0x8000a76e (0x883f2b23) sw      gp, -1898(t5)
core   0: 3 0x8000a76e (0x883f2b23) mem 0x80010000 0x00000001
core   0: 0x8000a772 (0x0000bfe5) c.j     pc - 8
core   0: 3 0x8000a772 (0xbfe5)
core   0: 0x8000a76a (0x00006f17) auipc   t5, 0x6
core   0: 3 0x8000a76a (0x00006f17) x30 0x8001076a
core   0: 0x8000a76e (0x883f2b23) sw      gp, -1898(t5)
core   0: 3 0x8000a76e (0x883f2b23) mem 0x80010000 0x00000001
core   0: 0x8000a772 (0x0000bfe5) c.j     pc - 8
core   0: 3 0x8000a772 (0xbfe5)
core   0: 0x8000a76a (0x00006f17) auipc   t5, 0x6
core   0: 3 0x8000a76a (0x00006f17) x30 0x8001076a
core   0: 0x8000a76e (0x883f2b23) sw      gp, -1898(t5)
core   0: 3 0x8000a76e (0x883f2b23) mem 0x80010000 0x00000001
core   0: 0x8000a772 (0x0000bfe5) c.j     pc - 8
core   0: 3 0x8000a772 (0xbfe5)
core   0: 0x8000a76a (0x00006f17) auipc   t5, 0x6
core   0: 3 0x8000a76a (0x00006f17) x30 0x8001076a
core   0: 0x8000a76e (0x883f2b23) sw      gp, -1898(t5)
core   0: 3 0x8000a76e (0x883f2b23) mem 0x80010000 0x00000001
core   0: 0x8000a772 (0x0000bfe5) c.j     pc - 8
core   0: 3 0x8000a772 (0xbfe5)
core   0: 0x8000a76a (0x00006f17) auipc   t5, 0x6
core   0: 3 0x8000a76a (0x00006f17) x30 0x8001076a
core   0: 0x8000a76e (0x883f2b23) sw      gp, -1898(t5)
core   0: 3 0x8000a76e (0x883f2b23) mem 0x80010000 0x00000001
core   0: 0x8000a772 (0x0000bfe5) c.j     pc - 8
core   0: 3 0x8000a772 (0xbfe5)
core   0: 0x8000a76a (0x00006f17) auipc   t5, 0x6
core   0: 3 0x8000a76a (0x00006f17) x30 0x8001076a
core   0: 0x8000a76e (0x883f2b23) sw      gp, -1898(t5)
core   0: 3 0x8000a76e (0x883f2b23) mem 0x80010000 0x00000001
core   0: 0x8000a772 (0x0000bfe5) c.j     pc - 8
core   0: 3 0x8000a772 (0xbfe5)
core   0: 0x8000a76a (0x00006f17) auipc   t5, 0x6
core   0: 3 0x8000a76a (0x00006f17) x30 0x8001076a
core   0: 0x8000a76e (0x883f2b23) sw      gp, -1898(t5)
core   0: 3 0x8000a76e (0x883f2b23) mem 0x80010000 0x00000001
core   0: 0x8000a772 (0x0000bfe5) c.j     pc - 8
core   0: 3 0x8000a772 (0xbfe5)
core   0: 0x8000a76a (0x00006f17) auipc   t5, 0x6
core   0: 3 0x8000a76a (0x00006f17) x30 0x8001076a
core   0: 0x8000a76e (0x883f2b23) sw      gp, -1898(t5)
core   0: 3 0x8000a76e (0x883f2b23) mem 0x80010000 0x00000001
core   0: 0x8000a772 (0x0000bfe5) c.j     pc - 8
core   0: 3 0x8000a772 (0xbfe5)
core   0: 0x8000a76a (0x00006f17) auipc   t5, 0x6
core   0: 3 0x8000a76a (0x00006f17) x30 0x8001076a
core   0: 0x8000a76e (0x883f2b23) sw      gp, -1898(t5)
core   0: 3 0x8000a76e (0x883f2b23) mem 0x80010000 0x00000001
core   0: 0x8000a772 (0x0000bfe5) c.j     pc - 8
core   0: 3 0x8000a772 (0xbfe5)
core   0: 0x8000a76a (0x00006f17) auipc   t5, 0x6
core   0: 3 0x8000a76a (0x00006f17) x30 0x8001076a
core   0: 0x8000a76e (0x883f2b23) sw      gp, -1898(t5)
core   0: 3 0x8000a76e (0x883f2b23) mem 0x80010000 0x00000001
core   0: 0x8000a772 (0x0000bfe5) c.j     pc - 8
core   0: 3 0x8000a772 (0xbfe5)
core   0: 0x8000a76a (0x00006f17) auipc   t5, 0x6
core   0: 3 0x8000a76a (0x00006f17) x30 0x8001076a
core   0: 0x8000a76e (0x883f2b23) sw      gp, -1898(t5)
core   0: 3 0x8000a76e (0x883f2b23) mem 0x80010000 0x00000001
core   0: 0x8000a772 (0x0000bfe5) c.j     pc - 8
core   0: 3 0x8000a772 (0xbfe5)
core   0: 0x8000a76a (0x00006f17) auipc   t5, 0x6
core   0: 3 0x8000a76a (0x00006f17) x30 0x8001076a
core   0: 0x8000a76e (0x883f2b23) sw      gp, -1898(t5)
core   0: 3 0x8000a76e (0x883f2b23) mem 0x80010000 0x00000001
core   0: 0x8000a772 (0x0000bfe5) c.j     pc - 8
core   0: 3 0x8000a772 (0xbfe5)
core   0: 0x8000a76a (0x00006f17) auipc   t5, 0x6
core   0: 3 0x8000a76a (0x00006f17) x30 0x8001076a
core   0: 0x8000a76e (0x883f2b23) sw      gp, -1898(t5)
core   0: 3 0x8000a76e (0x883f2b23) mem 0x80010000 0x00000001
core   0: 0x8000a772 (0x0000bfe5) c.j     pc - 8
core   0: 3 0x8000a772 (0xbfe5)
core   0: 0x8000a76a (0x00006f17) auipc   t5, 0x6
core   0: 3 0x8000a76a (0x00006f17) x30 0x8001076a
core   0: 0x8000a76e (0x883f2b23) sw      gp, -1898(t5)
core   0: 3 0x8000a76e (0x883f2b23) mem 0x80010000 0x00000001
core   0: 0x8000a772 (0x0000bfe5) c.j     pc - 8
core   0: 3 0x8000a772 (0xbfe5)
core   0: 0x8000a76a (0x00006f17) auipc   t5, 0x6
core   0: 3 0x8000a76a (0x00006f17) x30 0x8001076a
core   0: 0x8000a76e (0x883f2b23) sw      gp, -1898(t5)
core   0: 3 0x8000a76e (0x883f2b23) mem 0x80010000 0x00000001
core   0: 0x8000a772 (0x0000bfe5) c.j     pc - 8
core   0: 3 0x8000a772 (0xbfe5)
core   0: 0x8000a76a (0x00006f17) auipc   t5, 0x6
core   0: 3 0x8000a76a (0x00006f17) x30 0x8001076a
core   0: 0x8000a76e (0x883f2b23) sw      gp, -1898(t5)
core   0: 3 0x8000a76e (0x883f2b23) mem 0x80010000 0x00000001
core   0: 0x8000a772 (0x0000bfe5) c.j     pc - 8
core   0: 3 0x8000a772 (0xbfe5)
core   0: 0x8000a76a (0x00006f17) auipc   t5, 0x6
core   0: 3 0x8000a76a (0x00006f17) x30 0x8001076a
core   0: 0x8000a76e (0x883f2b23) sw      gp, -1898(t5)
core   0: 3 0x8000a76e (0x883f2b23) mem 0x80010000 0x00000001
core   0: 0x8000a772 (0x0000bfe5) c.j     pc - 8
core   0: 3 0x8000a772 (0xbfe5)
core   0: 0x8000a76a (0x00006f17) auipc   t5, 0x6
core   0: 3 0x8000a76a (0x00006f17) x30 0x8001076a
core   0: 0x8000a76e (0x883f2b23) sw      gp, -1898(t5)
core   0: 3 0x8000a76e (0x883f2b23) mem 0x80010000 0x00000001
core   0: 0x8000a772 (0x0000bfe5) c.j     pc - 8
core   0: 3 0x8000a772 (0xbfe5)
core   0: 0x8000a76a (0x00006f17) auipc   t5, 0x6
core   0: 3 0x8000a76a (0x00006f17) x30 0x8001076a
core   0: 0x8000a76e (0x883f2b23) sw      gp, -1898(t5)
core   0: 3 0x8000a76e (0x883f2b23) mem 0x80010000 0x00000001
core   0: 0x8000a772 (0x0000bfe5) c.j     pc - 8
core   0: 3 0x8000a772 (0xbfe5)
core   0: 0x8000a76a (0x00006f17) auipc   t5, 0x6
core   0: 3 0x8000a76a (0x00006f17) x30 0x8001076a
core   0: 0x8000a76e (0x883f2b23) sw      gp, -1898(t5)
core   0: 3 0x8000a76e (0x883f2b23) mem 0x80010000 0x00000001
core   0: 0x8000a772 (0x0000bfe5) c.j     pc - 8
core   0: 3 0x8000a772 (0xbfe5)
core   0: 0x8000a76a (0x00006f17) auipc   t5, 0x6
core   0: 3 0x8000a76a (0x00006f17) x30 0x8001076a
core   0: 0x8000a76e (0x883f2b23) sw      gp, -1898(t5)
core   0: 3 0x8000a76e (0x883f2b23) mem 0x80010000 0x00000001
core   0: 0x8000a772 (0x0000bfe5) c.j     pc - 8
core   0: 3 0x8000a772 (0xbfe5)
core   0: 0x8000a76a (0x00006f17) auipc   t5, 0x6
core   0: 3 0x8000a76a (0x00006f17) x30 0x8001076a
core   0: 0x8000a76e (0x883f2b23) sw      gp, -1898(t5)
core   0: 3 0x8000a76e (0x883f2b23) mem 0x80010000 0x00000001
core   0: 0x8000a772 (0x0000bfe5) c.j     pc - 8
core   0: 3 0x8000a772 (0xbfe5)
core   0: 0x8000a76a (0x00006f17) auipc   t5, 0x6
core   0: 3 0x8000a76a (0x00006f17) x30 0x8001076a
core   0: 0x8000a76e (0x883f2b23) sw      gp, -1898(t5)
core   0: 3 0x8000a76e (0x883f2b23) mem 0x80010000 0x00000001
core   0: 0x8000a772 (0x0000bfe5) c.j     pc - 8
core   0: 3 0x8000a772 (0xbfe5)
core   0: 0x8000a76a (0x00006f17) auipc   t5, 0x6
core   0: 3 0x8000a76a (0x00006f17) x30 0x8001076a
core   0: 0x8000a76e (0x883f2b23) sw      gp, -1898(t5)
core   0: 3 0x8000a76e (0x883f2b23) mem 0x80010000 0x00000001
core   0: 0x8000a772 (0x0000bfe5) c.j     pc - 8
core   0: 3 0x8000a772 (0xbfe5)
core   0: 0x8000a76a (0x00006f17) auipc   t5, 0x6
core   0: 3 0x8000a76a (0x00006f17) x30 0x8001076a
core   0: 0x8000a76e (0x883f2b23) sw      gp, -1898(t5)
core   0: 3 0x8000a76e (0x883f2b23) mem 0x80010000 0x00000001
core   0: 0x8000a772 (0x0000bfe5) c.j     pc - 8
core   0: 3 0x8000a772 (0xbfe5)
core   0: 0x8000a76a (0x00006f17) auipc   t5, 0x6
core   0: 3 0x8000a76a (0x00006f17) x30 0x8001076a
core   0: 0x8000a76e (0x883f2b23) sw      gp, -1898(t5)
core   0: 3 0x8000a76e (0x883f2b23) mem 0x80010000 0x00000001
core   0: 0x8000a772 (0x0000bfe5) c.j     pc - 8
core   0: 3 0x8000a772 (0xbfe5)
core   0: 0x8000a76a (0x00006f17) auipc   t5, 0x6
core   0: 3 0x8000a76a (0x00006f17) x30 0x8001076a
core   0: 0x8000a76e (0x883f2b23) sw      gp, -1898(t5)
core   0: 3 0x8000a76e (0x883f2b23) mem 0x80010000 0x00000001
core   0: 0x8000a772 (0x0000bfe5) c.j     pc - 8
core   0: 3 0x8000a772 (0xbfe5)
core   0: 0x8000a76a (0x00006f17) auipc   t5, 0x6
core   0: 3 0x8000a76a (0x00006f17) x30 0x8001076a
core   0: 0x8000a76e (0x883f2b23) sw      gp, -1898(t5)
core   0: 3 0x8000a76e (0x883f2b23) mem 0x80010000 0x00000001
core   0: 0x8000a772 (0x0000bfe5) c.j     pc - 8
core   0: 3 0x8000a772 (0xbfe5)
core   0: 0x8000a76a (0x00006f17) auipc   t5, 0x6
core   0: 3 0x8000a76a (0x00006f17) x30 0x8001076a
core   0: 0x8000a76e (0x883f2b23) sw      gp, -1898(t5)
core   0: 3 0x8000a76e (0x883f2b23) mem 0x80010000 0x00000001
core   0: 0x8000a772 (0x0000bfe5) c.j     pc - 8
core   0: 3 0x8000a772 (0xbfe5)
core   0: 0x8000a76a (0x00006f17) auipc   t5, 0x6
core   0: 3 0x8000a76a (0x00006f17) x30 0x8001076a
core   0: 0x8000a76e (0x883f2b23) sw      gp, -1898(t5)
core   0: 3 0x8000a76e (0x883f2b23) mem 0x80010000 0x00000001
core   0: 0x8000a772 (0x0000bfe5) c.j     pc - 8
core   0: 3 0x8000a772 (0xbfe5)
core   0: 0x8000a76a (0x00006f17) auipc   t5, 0x6
core   0: 3 0x8000a76a (0x00006f17) x30 0x8001076a
core   0: 0x8000a76e (0x883f2b23) sw      gp, -1898(t5)
core   0: 3 0x8000a76e (0x883f2b23) mem 0x80010000 0x00000001
core   0: 0x8000a772 (0x0000bfe5) c.j     pc - 8
core   0: 3 0x8000a772 (0xbfe5)
core   0: 0x8000a76a (0x00006f17) auipc   t5, 0x6
core   0: 3 0x8000a76a (0x00006f17) x30 0x8001076a
core   0: 0x8000a76e (0x883f2b23) sw      gp, -1898(t5)
core   0: 3 0x8000a76e (0x883f2b23) mem 0x80010000 0x00000001
core   0: 0x8000a772 (0x0000bfe5) c.j     pc - 8
core   0: 3 0x8000a772 (0xbfe5)
core   0: 0x8000a76a (0x00006f17) auipc   t5, 0x6
core   0: 3 0x8000a76a (0x00006f17) x30 0x8001076a
core   0: 0x8000a76e (0x883f2b23) sw      gp, -1898(t5)
core   0: 3 0x8000a76e (0x883f2b23) mem 0x80010000 0x00000001
core   0: 0x8000a772 (0x0000bfe5) c.j     pc - 8
core   0: 3 0x8000a772 (0xbfe5)
core   0: 0x8000a76a (0x00006f17) auipc   t5, 0x6
core   0: 3 0x8000a76a (0x00006f17) x30 0x8001076a
core   0: 0x8000a76e (0x883f2b23) sw      gp, -1898(t5)
core   0: 3 0x8000a76e (0x883f2b23) mem 0x80010000 0x00000001
core   0: 0x8000a772 (0x0000bfe5) c.j     pc - 8
core   0: 3 0x8000a772 (0xbfe5)
core   0: 0x8000a76a (0x00006f17) auipc   t5, 0x6
core   0: 3 0x8000a76a (0x00006f17) x30 0x8001076a
core   0: 0x8000a76e (0x883f2b23) sw      gp, -1898(t5)
core   0: 3 0x8000a76e (0x883f2b23) mem 0x80010000 0x00000001
core   0: 0x8000a772 (0x0000bfe5) c.j     pc - 8
core   0: 3 0x8000a772 (0xbfe5)
core   0: 0x8000a76a (0x00006f17) auipc   t5, 0x6
core   0: 3 0x8000a76a (0x00006f17) x30 0x8001076a
core   0: 0x8000a76e (0x883f2b23) sw      gp, -1898(t5)
core   0: 3 0x8000a76e (0x883f2b23) mem 0x80010000 0x00000001
core   0: 0x8000a772 (0x0000bfe5) c.j     pc - 8
core   0: 3 0x8000a772 (0xbfe5)
core   0: 0x8000a76a (0x00006f17) auipc   t5, 0x6
core   0: 3 0x8000a76a (0x00006f17) x30 0x8001076a
core   0: 0x8000a76e (0x883f2b23) sw      gp, -1898(t5)
core   0: 3 0x8000a76e (0x883f2b23) mem 0x80010000 0x00000001
core   0: 0x8000a772 (0x0000bfe5) c.j     pc - 8
core   0: 3 0x8000a772 (0xbfe5)
core   0: 0x8000a76a (0x00006f17) auipc   t5, 0x6
core   0: 3 0x8000a76a (0x00006f17) x30 0x8001076a
core   0: 0x8000a76e (0x883f2b23) sw      gp, -1898(t5)
core   0: 3 0x8000a76e (0x883f2b23) mem 0x80010000 0x00000001
core   0: 0x8000a772 (0x0000bfe5) c.j     pc - 8
core   0: 3 0x8000a772 (0xbfe5)
core   0: 0x8000a76a (0x00006f17) auipc   t5, 0x6
core   0: 3 0x8000a76a (0x00006f17) x30 0x8001076a
core   0: 0x8000a76e (0x883f2b23) sw      gp, -1898(t5)
core   0: 3 0x8000a76e (0x883f2b23) mem 0x80010000 0x00000001
core   0: 0x8000a772 (0x0000bfe5) c.j     pc - 8
core   0: 3 0x8000a772 (0xbfe5)
core   0: 0x8000a76a (0x00006f17) auipc   t5, 0x6
core   0: 3 0x8000a76a (0x00006f17) x30 0x8001076a
core   0: 0x8000a76e (0x883f2b23) sw      gp, -1898(t5)
core   0: 3 0x8000a76e (0x883f2b23) mem 0x80010000 0x00000001
core   0: 0x8000a772 (0x0000bfe5) c.j     pc - 8
core   0: 3 0x8000a772 (0xbfe5)
core   0: 0x8000a76a (0x00006f17) auipc   t5, 0x6
core   0: 3 0x8000a76a (0x00006f17) x30 0x8001076a
core   0: 0x8000a76e (0x883f2b23) sw      gp, -1898(t5)
core   0: 3 0x8000a76e (0x883f2b23) mem 0x80010000 0x00000001
core   0: 0x8000a772 (0x0000bfe5) c.j     pc - 8
core   0: 3 0x8000a772 (0xbfe5)
core   0: 0x8000a76a (0x00006f17) auipc   t5, 0x6
core   0: 3 0x8000a76a (0x00006f17) x30 0x8001076a
core   0: 0x8000a76e (0x883f2b23) sw      gp, -1898(t5)
core   0: 3 0x8000a76e (0x883f2b23) mem 0x80010000 0x00000001
core   0: 0x8000a772 (0x0000bfe5) c.j     pc - 8
core   0: 3 0x8000a772 (0xbfe5)
core   0: 0x8000a76a (0x00006f17) auipc   t5, 0x6
core   0: 3 0x8000a76a (0x00006f17) x30 0x8001076a
core   0: 0x8000a76e (0x883f2b23) sw      gp, -1898(t5)
core   0: 3 0x8000a76e (0x883f2b23) mem 0x80010000 0x00000001
core   0: 0x8000a772 (0x0000bfe5) c.j     pc - 8
core   0: 3 0x8000a772 (0xbfe5)
core   0: 0x8000a76a (0x00006f17) auipc   t5, 0x6
core   0: 3 0x8000a76a (0x00006f17) x30 0x8001076a
core   0: 0x8000a76e (0x883f2b23) sw      gp, -1898(t5)
core   0: 3 0x8000a76e (0x883f2b23) mem 0x80010000 0x00000001
core   0: 0x8000a772 (0x0000bfe5) c.j     pc - 8
core   0: 3 0x8000a772 (0xbfe5)
core   0: 0x8000a76a (0x00006f17) auipc   t5, 0x6
core   0: 3 0x8000a76a (0x00006f17) x30 0x8001076a
core   0: 0x8000a76e (0x883f2b23) sw      gp, -1898(t5)
core   0: 3 0x8000a76e (0x883f2b23) mem 0x80010000 0x00000001
core   0: 0x8000a772 (0x0000bfe5) c.j     pc - 8
core   0: 3 0x8000a772 (0xbfe5)
core   0: 0x8000a76a (0x00006f17) auipc   t5, 0x6
core   0: 3 0x8000a76a (0x00006f17) x30 0x8001076a
core   0: 0x8000a76e (0x883f2b23) sw      gp, -1898(t5)
core   0: 3 0x8000a76e (0x883f2b23) mem 0x80010000 0x00000001
core   0: 0x8000a772 (0x0000bfe5) c.j     pc - 8
core   0: 3 0x8000a772 (0xbfe5)
core   0: 0x8000a76a (0x00006f17) auipc   t5, 0x6
core   0: 3 0x8000a76a (0x00006f17) x30 0x8001076a
core   0: 0x8000a76e (0x883f2b23) sw      gp, -1898(t5)
core   0: 3 0x8000a76e (0x883f2b23) mem 0x80010000 0x00000001
core   0: 0x8000a772 (0x0000bfe5) c.j     pc - 8
core   0: 3 0x8000a772 (0xbfe5)
core   0: 0x8000a76a (0x00006f17) auipc   t5, 0x6
core   0: 3 0x8000a76a (0x00006f17) x30 0x8001076a
core   0: 0x8000a76e (0x883f2b23) sw      gp, -1898(t5)
core   0: 3 0x8000a76e (0x883f2b23) mem 0x80010000 0x00000001
core   0: 0x8000a772 (0x0000bfe5) c.j     pc - 8
core   0: 3 0x8000a772 (0xbfe5)
core   0: 0x8000a76a (0x00006f17) auipc   t5, 0x6
core   0: 3 0x8000a76a (0x00006f17) x30 0x8001076a
core   0: 0x8000a76e (0x883f2b23) sw      gp, -1898(t5)
core   0: 3 0x8000a76e (0x883f2b23) mem 0x80010000 0x00000001
core   0: 0x8000a772 (0x0000bfe5) c.j     pc - 8
core   0: 3 0x8000a772 (0xbfe5)
core   0: 0x8000a76a (0x00006f17) auipc   t5, 0x6
core   0: 3 0x8000a76a (0x00006f17) x30 0x8001076a
core   0: 0x8000a76e (0x883f2b23) sw      gp, -1898(t5)
core   0: 3 0x8000a76e (0x883f2b23) mem 0x80010000 0x00000001
core   0: 0x8000a772 (0x0000bfe5) c.j     pc - 8
core   0: 3 0x8000a772 (0xbfe5)
core   0: 0x8000a76a (0x00006f17) auipc   t5, 0x6
core   0: 3 0x8000a76a (0x00006f17) x30 0x8001076a
core   0: 0x8000a76e (0x883f2b23) sw      gp, -1898(t5)
core   0: 3 0x8000a76e (0x883f2b23) mem 0x80010000 0x00000001
core   0: 0x8000a772 (0x0000bfe5) c.j     pc - 8
core   0: 3 0x8000a772 (0xbfe5)
core   0: 0x8000a76a (0x00006f17) auipc   t5, 0x6
core   0: 3 0x8000a76a (0x00006f17) x30 0x8001076a
core   0: 0x8000a76e (0x883f2b23) sw      gp, -1898(t5)
core   0: 3 0x8000a76e (0x883f2b23) mem 0x80010000 0x00000001
core   0: 0x8000a772 (0x0000bfe5) c.j     pc - 8
core   0: 3 0x8000a772 (0xbfe5)
core   0: 0x8000a76a (0x00006f17) auipc   t5, 0x6
core   0: 3 0x8000a76a (0x00006f17) x30 0x8001076a
core   0: 0x8000a76e (0x883f2b23) sw      gp, -1898(t5)
core   0: 3 0x8000a76e (0x883f2b23) mem 0x80010000 0x00000001
core   0: 0x8000a772 (0x0000bfe5) c.j     pc - 8
core   0: 3 0x8000a772 (0xbfe5)
core   0: 0x8000a76a (0x00006f17) auipc   t5, 0x6
core   0: 3 0x8000a76a (0x00006f17) x30 0x8001076a
core   0: 0x8000a76e (0x883f2b23) sw      gp, -1898(t5)
core   0: 3 0x8000a76e (0x883f2b23) mem 0x80010000 0x00000001
core   0: 0x8000a772 (0x0000bfe5) c.j     pc - 8
core   0: 3 0x8000a772 (0xbfe5)
core   0: 0x8000a76a (0x00006f17) auipc   t5, 0x6
core   0: 3 0x8000a76a (0x00006f17) x30 0x8001076a
core   0: 0x8000a76e (0x883f2b23) sw      gp, -1898(t5)
core   0: 3 0x8000a76e (0x883f2b23) mem 0x80010000 0x00000001
core   0: 0x8000a772 (0x0000bfe5) c.j     pc - 8
core   0: 3 0x8000a772 (0xbfe5)
core   0: 0x8000a76a (0x00006f17) auipc   t5, 0x6
core   0: 3 0x8000a76a (0x00006f17) x30 0x8001076a
core   0: 0x8000a76e (0x883f2b23) sw      gp, -1898(t5)
core   0: 3 0x8000a76e (0x883f2b23) mem 0x80010000 0x00000001
core   0: 0x8000a772 (0x0000bfe5) c.j     pc - 8
core   0: 3 0x8000a772 (0xbfe5)
core   0: 0x8000a76a (0x00006f17) auipc   t5, 0x6
core   0: 3 0x8000a76a (0x00006f17) x30 0x8001076a
core   0: 0x8000a76e (0x883f2b23) sw      gp, -1898(t5)
core   0: 3 0x8000a76e (0x883f2b23) mem 0x80010000 0x00000001
core   0: 0x8000a772 (0x0000bfe5) c.j     pc - 8
core   0: 3 0x8000a772 (0xbfe5)
core   0: 0x8000a76a (0x00006f17) auipc   t5, 0x6
core   0: 3 0x8000a76a (0x00006f17) x30 0x8001076a
core   0: 0x8000a76e (0x883f2b23) sw      gp, -1898(t5)
core   0: 3 0x8000a76e (0x883f2b23) mem 0x80010000 0x00000001
core   0: 0x8000a772 (0x0000bfe5) c.j     pc - 8
core   0: 3 0x8000a772 (0xbfe5)
core   0: 0x8000a76a (0x00006f17) auipc   t5, 0x6
core   0: 3 0x8000a76a (0x00006f17) x30 0x8001076a
core   0: 0x8000a76e (0x883f2b23) sw      gp, -1898(t5)
core   0: 3 0x8000a76e (0x883f2b23) mem 0x80010000 0x00000001
core   0: 0x8000a772 (0x0000bfe5) c.j     pc - 8
core   0: 3 0x8000a772 (0xbfe5)
core   0: 0x8000a76a (0x00006f17) auipc   t5, 0x6
core   0: 3 0x8000a76a (0x00006f17) x30 0x8001076a
core   0: 0x8000a76e (0x883f2b23) sw      gp, -1898(t5)
core   0: 3 0x8000a76e (0x883f2b23) mem 0x80010000 0x00000001
core   0: 0x8000a772 (0x0000bfe5) c.j     pc - 8
core   0: 3 0x8000a772 (0xbfe5)
core   0: 0x8000a76a (0x00006f17) auipc   t5, 0x6
core   0: 3 0x8000a76a (0x00006f17) x30 0x8001076a
core   0: 0x8000a76e (0x883f2b23) sw      gp, -1898(t5)
core   0: 3 0x8000a76e (0x883f2b23) mem 0x80010000 0x00000001
core   0: 0x8000a772 (0x0000bfe5) c.j     pc - 8
core   0: 3 0x8000a772 (0xbfe5)
core   0: 0x8000a76a (0x00006f17) auipc   t5, 0x6
core   0: 3 0x8000a76a (0x00006f17) x30 0x8001076a
core   0: 0x8000a76e (0x883f2b23) sw      gp, -1898(t5)
core   0: 3 0x8000a76e (0x883f2b23) mem 0x80010000 0x00000001
core   0: 0x8000a772 (0x0000bfe5) c.j     pc - 8
core   0: 3 0x8000a772 (0xbfe5)
core   0: 0x8000a76a (0x00006f17) auipc   t5, 0x6
core   0: 3 0x8000a76a (0x00006f17) x30 0x8001076a
core   0: 0x8000a76e (0x883f2b23) sw      gp, -1898(t5)
core   0: 3 0x8000a76e (0x883f2b23) mem 0x80010000 0x00000001
core   0: 0x8000a772 (0x0000bfe5) c.j     pc - 8
core   0: 3 0x8000a772 (0xbfe5)
core   0: 0x8000a76a (0x00006f17) auipc   t5, 0x6
core   0: 3 0x8000a76a (0x00006f17) x30 0x8001076a
core   0: 0x8000a76e (0x883f2b23) sw      gp, -1898(t5)
core   0: 3 0x8000a76e (0x883f2b23) mem 0x80010000 0x00000001
core   0: 0x8000a772 (0x0000bfe5) c.j     pc - 8
core   0: 3 0x8000a772 (0xbfe5)
core   0: 0x8000a76a (0x00006f17) auipc   t5, 0x6
core   0: 3 0x8000a76a (0x00006f17) x30 0x8001076a
core   0: 0x8000a76e (0x883f2b23) sw      gp, -1898(t5)
core   0: 3 0x8000a76e (0x883f2b23) mem 0x80010000 0x00000001
core   0: 0x8000a772 (0x0000bfe5) c.j     pc - 8
core   0: 3 0x8000a772 (0xbfe5)
core   0: 0x8000a76a (0x00006f17) auipc   t5, 0x6
core   0: 3 0x8000a76a (0x00006f17) x30 0x8001076a
core   0: 0x8000a76e (0x883f2b23) sw      gp, -1898(t5)
core   0: 3 0x8000a76e (0x883f2b23) mem 0x80010000 0x00000001
core   0: 0x8000a772 (0x0000bfe5) c.j     pc - 8
core   0: 3 0x8000a772 (0xbfe5)
core   0: 0x8000a76a (0x00006f17) auipc   t5, 0x6
core   0: 3 0x8000a76a (0x00006f17) x30 0x8001076a
core   0: 0x8000a76e (0x883f2b23) sw      gp, -1898(t5)
core   0: 3 0x8000a76e (0x883f2b23) mem 0x80010000 0x00000001
core   0: 0x8000a772 (0x0000bfe5) c.j     pc - 8
core   0: 3 0x8000a772 (0xbfe5)
core   0: 0x8000a76a (0x00006f17) auipc   t5, 0x6
core   0: 3 0x8000a76a (0x00006f17) x30 0x8001076a
core   0: 0x8000a76e (0x883f2b23) sw      gp, -1898(t5)
core   0: 3 0x8000a76e (0x883f2b23) mem 0x80010000 0x00000001
core   0: 0x8000a772 (0x0000bfe5) c.j     pc - 8
core   0: 3 0x8000a772 (0xbfe5)
core   0: 0x8000a76a (0x00006f17) auipc   t5, 0x6
core   0: 3 0x8000a76a (0x00006f17) x30 0x8001076a
core   0: 0x8000a76e (0x883f2b23) sw      gp, -1898(t5)
core   0: 3 0x8000a76e (0x883f2b23) mem 0x80010000 0x00000001
core   0: 0x8000a772 (0x0000bfe5) c.j     pc - 8
core   0: 3 0x8000a772 (0xbfe5)
core   0: 0x8000a76a (0x00006f17) auipc   t5, 0x6
core   0: 3 0x8000a76a (0x00006f17) x30 0x8001076a
core   0: 0x8000a76e (0x883f2b23) sw      gp, -1898(t5)
core   0: 3 0x8000a76e (0x883f2b23) mem 0x80010000 0x00000001
core   0: 0x8000a772 (0x0000bfe5) c.j     pc - 8
core   0: 3 0x8000a772 (0xbfe5)
core   0: 0x8000a76a (0x00006f17) auipc   t5, 0x6
core   0: 3 0x8000a76a (0x00006f17) x30 0x8001076a
core   0: 0x8000a76e (0x883f2b23) sw      gp, -1898(t5)
core   0: 3 0x8000a76e (0x883f2b23) mem 0x80010000 0x00000001
core   0: 0x8000a772 (0x0000bfe5) c.j     pc - 8
core   0: 3 0x8000a772 (0xbfe5)
core   0: 0x8000a76a (0x00006f17) auipc   t5, 0x6
core   0: 3 0x8000a76a (0x00006f17) x30 0x8001076a
core   0: 0x8000a76e (0x883f2b23) sw      gp, -1898(t5)
core   0: 3 0x8000a76e (0x883f2b23) mem 0x80010000 0x00000001
core   0: 0x8000a772 (0x0000bfe5) c.j     pc - 8
core   0: 3 0x8000a772 (0xbfe5)
core   0: 0x8000a76a (0x00006f17) auipc   t5, 0x6
core   0: 3 0x8000a76a (0x00006f17) x30 0x8001076a
core   0: 0x8000a76e (0x883f2b23) sw      gp, -1898(t5)
core   0: 3 0x8000a76e (0x883f2b23) mem 0x80010000 0x00000001
core   0: 0x8000a772 (0x0000bfe5) c.j     pc - 8
core   0: 3 0x8000a772 (0xbfe5)
core   0: 0x8000a76a (0x00006f17) auipc   t5, 0x6
core   0: 3 0x8000a76a (0x00006f17) x30 0x8001076a
core   0: 0x8000a76e (0x883f2b23) sw      gp, -1898(t5)
core   0: 3 0x8000a76e (0x883f2b23) mem 0x80010000 0x00000001
core   0: 0x8000a772 (0x0000bfe5) c.j     pc - 8
core   0: 3 0x8000a772 (0xbfe5)
core   0: 0x8000a76a (0x00006f17) auipc   t5, 0x6
core   0: 3 0x8000a76a (0x00006f17) x30 0x8001076a
core   0: 0x8000a76e (0x883f2b23) sw      gp, -1898(t5)
core   0: 3 0x8000a76e (0x883f2b23) mem 0x80010000 0x00000001
core   0: 0x8000a772 (0x0000bfe5) c.j     pc - 8
core   0: 3 0x8000a772 (0xbfe5)
core   0: 0x8000a76a (0x00006f17) auipc   t5, 0x6
core   0: 3 0x8000a76a (0x00006f17) x30 0x8001076a
core   0: 0x8000a76e (0x883f2b23) sw      gp, -1898(t5)
core   0: 3 0x8000a76e (0x883f2b23) mem 0x80010000 0x00000001
core   0: 0x8000a772 (0x0000bfe5) c.j     pc - 8
core   0: 3 0x8000a772 (0xbfe5)
core   0: 0x8000a76a (0x00006f17) auipc   t5, 0x6
core   0: 3 0x8000a76a (0x00006f17) x30 0x8001076a
core   0: 0x8000a76e (0x883f2b23) sw      gp, -1898(t5)
core   0: 3 0x8000a76e (0x883f2b23) mem 0x80010000 0x00000001
core   0: 0x8000a772 (0x0000bfe5) c.j     pc - 8
core   0: 3 0x8000a772 (0xbfe5)
core   0: 0x8000a76a (0x00006f17) auipc   t5, 0x6
core   0: 3 0x8000a76a (0x00006f17) x30 0x8001076a
core   0: 0x8000a76e (0x883f2b23) sw      gp, -1898(t5)
core   0: 3 0x8000a76e (0x883f2b23) mem 0x80010000 0x00000001
core   0: 0x8000a772 (0x0000bfe5) c.j     pc - 8
core   0: 3 0x8000a772 (0xbfe5)
core   0: 0x8000a76a (0x00006f17) auipc   t5, 0x6
core   0: 3 0x8000a76a (0x00006f17) x30 0x8001076a
core   0: 0x8000a76e (0x883f2b23) sw      gp, -1898(t5)
core   0: 3 0x8000a76e (0x883f2b23) mem 0x80010000 0x00000001
core   0: 0x8000a772 (0x0000bfe5) c.j     pc - 8
core   0: 3 0x8000a772 (0xbfe5)
core   0: 0x8000a76a (0x00006f17) auipc   t5, 0x6
core   0: 3 0x8000a76a (0x00006f17) x30 0x8001076a
core   0: 0x8000a76e (0x883f2b23) sw      gp, -1898(t5)
core   0: 3 0x8000a76e (0x883f2b23) mem 0x80010000 0x00000001
core   0: 0x8000a772 (0x0000bfe5) c.j     pc - 8
core   0: 3 0x8000a772 (0xbfe5)
core   0: 0x8000a76a (0x00006f17) auipc   t5, 0x6
core   0: 3 0x8000a76a (0x00006f17) x30 0x8001076a
core   0: 0x8000a76e (0x883f2b23) sw      gp, -1898(t5)
core   0: 3 0x8000a76e (0x883f2b23) mem 0x80010000 0x00000001
core   0: 0x8000a772 (0x0000bfe5) c.j     pc - 8
core   0: 3 0x8000a772 (0xbfe5)
core   0: 0x8000a76a (0x00006f17) auipc   t5, 0x6
core   0: 3 0x8000a76a (0x00006f17) x30 0x8001076a
core   0: 0x8000a76e (0x883f2b23) sw      gp, -1898(t5)
core   0: 3 0x8000a76e (0x883f2b23) mem 0x80010000 0x00000001
core   0: 0x8000a772 (0x0000bfe5) c.j     pc - 8
core   0: 3 0x8000a772 (0xbfe5)
core   0: 0x8000a76a (0x00006f17) auipc   t5, 0x6
core   0: 3 0x8000a76a (0x00006f17) x30 0x8001076a
core   0: 0x8000a76e (0x883f2b23) sw      gp, -1898(t5)
core   0: 3 0x8000a76e (0x883f2b23) mem 0x80010000 0x00000001
core   0: 0x8000a772 (0x0000bfe5) c.j     pc - 8
core   0: 3 0x8000a772 (0xbfe5)
core   0: 0x8000a76a (0x00006f17) auipc   t5, 0x6
core   0: 3 0x8000a76a (0x00006f17) x30 0x8001076a
core   0: 0x8000a76e (0x883f2b23) sw      gp, -1898(t5)
core   0: 3 0x8000a76e (0x883f2b23) mem 0x80010000 0x00000001
core   0: 0x8000a772 (0x0000bfe5) c.j     pc - 8
core   0: 3 0x8000a772 (0xbfe5)
core   0: 0x8000a76a (0x00006f17) auipc   t5, 0x6
core   0: 3 0x8000a76a (0x00006f17) x30 0x8001076a
core   0: 0x8000a76e (0x883f2b23) sw      gp, -1898(t5)
core   0: 3 0x8000a76e (0x883f2b23) mem 0x80010000 0x00000001
core   0: 0x8000a772 (0x0000bfe5) c.j     pc - 8
core   0: 3 0x8000a772 (0xbfe5)
core   0: 0x8000a76a (0x00006f17) auipc   t5, 0x6
core   0: 3 0x8000a76a (0x00006f17) x30 0x8001076a
core   0: 0x8000a76e (0x883f2b23) sw      gp, -1898(t5)
core   0: 3 0x8000a76e (0x883f2b23) mem 0x80010000 0x00000001
core   0: 0x8000a772 (0x0000bfe5) c.j     pc - 8
core   0: 3 0x8000a772 (0xbfe5)
core   0: 0x8000a76a (0x00006f17) auipc   t5, 0x6
core   0: 3 0x8000a76a (0x00006f17) x30 0x8001076a
core   0: 0x8000a76e (0x883f2b23) sw      gp, -1898(t5)
core   0: 3 0x8000a76e (0x883f2b23) mem 0x80010000 0x00000001
core   0: 0x8000a772 (0x0000bfe5) c.j     pc - 8
core   0: 3 0x8000a772 (0xbfe5)
core   0: 0x8000a76a (0x00006f17) auipc   t5, 0x6
core   0: 3 0x8000a76a (0x00006f17) x30 0x8001076a
core   0: 0x8000a76e (0x883f2b23) sw      gp, -1898(t5)
core   0: 3 0x8000a76e (0x883f2b23) mem 0x80010000 0x00000001
core   0: 0x8000a772 (0x0000bfe5) c.j     pc - 8
core   0: 3 0x8000a772 (0xbfe5)
core   0: 0x8000a76a (0x00006f17) auipc   t5, 0x6
core   0: 3 0x8000a76a (0x00006f17) x30 0x8001076a
core   0: 0x8000a76e (0x883f2b23) sw      gp, -1898(t5)
core   0: 3 0x8000a76e (0x883f2b23) mem 0x80010000 0x00000001
core   0: 0x8000a772 (0x0000bfe5) c.j     pc - 8
core   0: 3 0x8000a772 (0xbfe5)
core   0: 0x8000a76a (0x00006f17) auipc   t5, 0x6
core   0: 3 0x8000a76a (0x00006f17) x30 0x8001076a
core   0: 0x8000a76e (0x883f2b23) sw      gp, -1898(t5)
core   0: 3 0x8000a76e (0x883f2b23) mem 0x80010000 0x00000001
core   0: 0x8000a772 (0x0000bfe5) c.j     pc - 8
core   0: 3 0x8000a772 (0xbfe5)
core   0: 0x8000a76a (0x00006f17) auipc   t5, 0x6
core   0: 3 0x8000a76a (0x00006f17) x30 0x8001076a
core   0: 0x8000a76e (0x883f2b23) sw      gp, -1898(t5)
core   0: 3 0x8000a76e (0x883f2b23) mem 0x80010000 0x00000001
core   0: 0x8000a772 (0x0000bfe5) c.j     pc - 8
core   0: 3 0x8000a772 (0xbfe5)
core   0: 0x8000a76a (0x00006f17) auipc   t5, 0x6
core   0: 3 0x8000a76a (0x00006f17) x30 0x8001076a
core   0: 0x8000a76e (0x883f2b23) sw      gp, -1898(t5)
core   0: 3 0x8000a76e (0x883f2b23) mem 0x80010000 0x00000001
core   0: 0x8000a772 (0x0000bfe5) c.j     pc - 8
core   0: 3 0x8000a772 (0xbfe5)
core   0: 0x8000a76a (0x00006f17) auipc   t5, 0x6
core   0: 3 0x8000a76a (0x00006f17) x30 0x8001076a
core   0: 0x8000a76e (0x883f2b23) sw      gp, -1898(t5)
core   0: 3 0x8000a76e (0x883f2b23) mem 0x80010000 0x00000001
core   0: 0x8000a772 (0x0000bfe5) c.j     pc - 8
core   0: 3 0x8000a772 (0xbfe5)
core   0: 0x8000a76a (0x00006f17) auipc   t5, 0x6
core   0: 3 0x8000a76a (0x00006f17) x30 0x8001076a
core   0: 0x8000a76e (0x883f2b23) sw      gp, -1898(t5)
core   0: 3 0x8000a76e (0x883f2b23) mem 0x80010000 0x00000001
core   0: 0x8000a772 (0x0000bfe5) c.j     pc - 8
core   0: 3 0x8000a772 (0xbfe5)
core   0: 0x8000a76a (0x00006f17) auipc   t5, 0x6
core   0: 3 0x8000a76a (0x00006f17) x30 0x8001076a
core   0: 0x8000a76e (0x883f2b23) sw      gp, -1898(t5)
core   0: 3 0x8000a76e (0x883f2b23) mem 0x80010000 0x00000001
core   0: 0x8000a772 (0x0000bfe5) c.j     pc - 8
core   0: 3 0x8000a772 (0xbfe5)
core   0: 0x8000a76a (0x00006f17) auipc   t5, 0x6
core   0: 3 0x8000a76a (0x00006f17) x30 0x8001076a
core   0: 0x8000a76e (0x883f2b23) sw      gp, -1898(t5)
core   0: 3 0x8000a76e (0x883f2b23) mem 0x80010000 0x00000001
core   0: 0x8000a772 (0x0000bfe5) c.j     pc - 8
core   0: 3 0x8000a772 (0xbfe5)
core   0: 0x8000a76a (0x00006f17) auipc   t5, 0x6
core   0: 3 0x8000a76a (0x00006f17) x30 0x8001076a
core   0: 0x8000a76e (0x883f2b23) sw      gp, -1898(t5)
core   0: 3 0x8000a76e (0x883f2b23) mem 0x80010000 0x00000001
core   0: 0x8000a772 (0x0000bfe5) c.j     pc - 8
core   0: 3 0x8000a772 (0xbfe5)
core   0: 0x8000a76a (0x00006f17) auipc   t5, 0x6
core   0: 3 0x8000a76a (0x00006f17) x30 0x8001076a
core   0: 0x8000a76e (0x883f2b23) sw      gp, -1898(t5)
core   0: 3 0x8000a76e (0x883f2b23) mem 0x80010000 0x00000001
core   0: 0x8000a772 (0x0000bfe5) c.j     pc - 8
core   0: 3 0x8000a772 (0xbfe5)
core   0: 0x8000a76a (0x00006f17) auipc   t5, 0x6
core   0: 3 0x8000a76a (0x00006f17) x30 0x8001076a
core   0: 0x8000a76e (0x883f2b23) sw      gp, -1898(t5)
core   0: 3 0x8000a76e (0x883f2b23) mem 0x80010000 0x00000001
core   0: 0x8000a772 (0x0000bfe5) c.j     pc - 8
core   0: 3 0x8000a772 (0xbfe5)
core   0: 0x8000a76a (0x00006f17) auipc   t5, 0x6
core   0: 3 0x8000a76a (0x00006f17) x30 0x8001076a
core   0: 0x8000a76e (0x883f2b23) sw      gp, -1898(t5)
core   0: 3 0x8000a76e (0x883f2b23) mem 0x80010000 0x00000001
core   0: 0x8000a772 (0x0000bfe5) c.j     pc - 8
core   0: 3 0x8000a772 (0xbfe5)
core   0: 0x8000a76a (0x00006f17) auipc   t5, 0x6
core   0: 3 0x8000a76a (0x00006f17) x30 0x8001076a
core   0: 0x8000a76e (0x883f2b23) sw      gp, -1898(t5)
core   0: 3 0x8000a76e (0x883f2b23) mem 0x80010000 0x00000001
core   0: 0x8000a772 (0x0000bfe5) c.j     pc - 8
core   0: 3 0x8000a772 (0xbfe5)
core   0: 0x8000a76a (0x00006f17) auipc   t5, 0x6
core   0: 3 0x8000a76a (0x00006f17) x30 0x8001076a
core   0: 0x8000a76e (0x883f2b23) sw      gp, -1898(t5)
core   0: 3 0x8000a76e (0x883f2b23) mem 0x80010000 0x00000001
core   0: 0x8000a772 (0x0000bfe5) c.j     pc - 8
core   0: 3 0x8000a772 (0xbfe5)
core   0: 0x8000a76a (0x00006f17) auipc   t5, 0x6
core   0: 3 0x8000a76a (0x00006f17) x30 0x8001076a
core   0: 0x8000a76e (0x883f2b23) sw      gp, -1898(t5)
core   0: 3 0x8000a76e (0x883f2b23) mem 0x80010000 0x00000001
core   0: 0x8000a772 (0x0000bfe5) c.j     pc - 8
core   0: 3 0x8000a772 (0xbfe5)
core   0: 0x8000a76a (0x00006f17) auipc   t5, 0x6
core   0: 3 0x8000a76a (0x00006f17) x30 0x8001076a
core   0: 0x8000a76e (0x883f2b23) sw      gp, -1898(t5)
core   0: 3 0x8000a76e (0x883f2b23) mem 0x80010000 0x00000001
core   0: 0x8000a772 (0x0000bfe5) c.j     pc - 8
core   0: 3 0x8000a772 (0xbfe5)
core   0: 0x8000a76a (0x00006f17) auipc   t5, 0x6
core   0: 3 0x8000a76a (0x00006f17) x30 0x8001076a
core   0: 0x8000a76e (0x883f2b23) sw      gp, -1898(t5)
core   0: 3 0x8000a76e (0x883f2b23) mem 0x80010000 0x00000001
core   0: 0x8000a772 (0x0000bfe5) c.j     pc - 8
core   0: 3 0x8000a772 (0xbfe5)
core   0: 0x8000a76a (0x00006f17) auipc   t5, 0x6
core   0: 3 0x8000a76a (0x00006f17) x30 0x8001076a
core   0: 0x8000a76e (0x883f2b23) sw      gp, -1898(t5)
core   0: 3 0x8000a76e (0x883f2b23) mem 0x80010000 0x00000001
core   0: 0x8000a772 (0x0000bfe5) c.j     pc - 8
core   0: 3 0x8000a772 (0xbfe5)
core   0: 0x8000a76a (0x00006f17) auipc   t5, 0x6
core   0: 3 0x8000a76a (0x00006f17) x30 0x8001076a
core   0: 0x8000a76e (0x883f2b23) sw      gp, -1898(t5)
core   0: 3 0x8000a76e (0x883f2b23) mem 0x80010000 0x00000001
core   0: 0x8000a772 (0x0000bfe5) c.j     pc - 8
core   0: 3 0x8000a772 (0xbfe5)
core   0: 0x8000a76a (0x00006f17) auipc   t5, 0x6
core   0: 3 0x8000a76a (0x00006f17) x30 0x8001076a
core   0: 0x8000a76e (0x883f2b23) sw      gp, -1898(t5)
core   0: 3 0x8000a76e (0x883f2b23) mem 0x80010000 0x00000001
core   0: 0x8000a772 (0x0000bfe5) c.j     pc - 8
core   0: 3 0x8000a772 (0xbfe5)
core   0: 0x8000a76a (0x00006f17) auipc   t5, 0x6
core   0: 3 0x8000a76a (0x00006f17) x30 0x8001076a
core   0: 0x8000a76e (0x883f2b23) sw      gp, -1898(t5)
core   0: 3 0x8000a76e (0x883f2b23) mem 0x80010000 0x00000001
core   0: 0x8000a772 (0x0000bfe5) c.j     pc - 8
core   0: 3 0x8000a772 (0xbfe5)
core   0: 0x8000a76a (0x00006f17) auipc   t5, 0x6
core   0: 3 0x8000a76a (0x00006f17) x30 0x8001076a
core   0: 0x8000a76e (0x883f2b23) sw      gp, -1898(t5)
core   0: 3 0x8000a76e (0x883f2b23) mem 0x80010000 0x00000001
core   0: 0x8000a772 (0x0000bfe5) c.j     pc - 8
core   0: 3 0x8000a772 (0xbfe5)
core   0: 0x8000a76a (0x00006f17) auipc   t5, 0x6
core   0: 3 0x8000a76a (0x00006f17) x30 0x8001076a
core   0: 0x8000a76e (0x883f2b23) sw      gp, -1898(t5)
core   0: 3 0x8000a76e (0x883f2b23) mem 0x80010000 0x00000001
core   0: 0x8000a772 (0x0000bfe5) c.j     pc - 8
core   0: 3 0x8000a772 (0xbfe5)
core   0: 0x8000a76a (0x00006f17) auipc   t5, 0x6
core   0: 3 0x8000a76a (0x00006f17) x30 0x8001076a
core   0: 0x8000a76e (0x883f2b23) sw      gp, -1898(t5)
core   0: 3 0x8000a76e (0x883f2b23) mem 0x80010000 0x00000001
core   0: 0x8000a772 (0x0000bfe5) c.j     pc - 8
core   0: 3 0x8000a772 (0xbfe5)
core   0: 0x8000a76a (0x00006f17) auipc   t5, 0x6
core   0: 3 0x8000a76a (0x00006f17) x30 0x8001076a
core   0: 0x8000a76e (0x883f2b23) sw      gp, -1898(t5)
core   0: 3 0x8000a76e (0x883f2b23) mem 0x80010000 0x00000001
core   0: 0x8000a772 (0x0000bfe5) c.j     pc - 8
core   0: 3 0x8000a772 (0xbfe5)
core   0: 0x8000a76a (0x00006f17) auipc   t5, 0x6
core   0: 3 0x8000a76a (0x00006f17) x30 0x8001076a
core   0: 0x8000a76e (0x883f2b23) sw      gp, -1898(t5)
core   0: 3 0x8000a76e (0x883f2b23) mem 0x80010000 0x00000001
core   0: 0x8000a772 (0x0000bfe5) c.j     pc - 8
core   0: 3 0x8000a772 (0xbfe5)
core   0: 0x8000a76a (0x00006f17) auipc   t5, 0x6
core   0: 3 0x8000a76a (0x00006f17) x30 0x8001076a
core   0: 0x8000a76e (0x883f2b23) sw      gp, -1898(t5)
core   0: 3 0x8000a76e (0x883f2b23) mem 0x80010000 0x00000001
core   0: 0x8000a772 (0x0000bfe5) c.j     pc - 8
core   0: 3 0x8000a772 (0xbfe5)
core   0: 0x8000a76a (0x00006f17) auipc   t5, 0x6
core   0: 3 0x8000a76a (0x00006f17) x30 0x8001076a
core   0: 0x8000a76e (0x883f2b23) sw      gp, -1898(t5)
core   0: 3 0x8000a76e (0x883f2b23) mem 0x80010000 0x00000001
core   0: 0x8000a772 (0x0000bfe5) c.j     pc - 8
core   0: 3 0x8000a772 (0xbfe5)
core   0: 0x8000a76a (0x00006f17) auipc   t5, 0x6
core   0: 3 0x8000a76a (0x00006f17) x30 0x8001076a
core   0: 0x8000a76e (0x883f2b23) sw      gp, -1898(t5)
core   0: 3 0x8000a76e (0x883f2b23) mem 0x80010000 0x00000001
core   0: 0x8000a772 (0x0000bfe5) c.j     pc - 8
core   0: 3 0x8000a772 (0xbfe5)
core   0: 0x8000a76a (0x00006f17) auipc   t5, 0x6
core   0: 3 0x8000a76a (0x00006f17) x30 0x8001076a
core   0: 0x8000a76e (0x883f2b23) sw      gp, -1898(t5)
core   0: 3 0x8000a76e (0x883f2b23) mem 0x80010000 0x00000001
core   0: 0x8000a772 (0x0000bfe5) c.j     pc - 8
core   0: 3 0x8000a772 (0xbfe5)
core   0: 0x8000a76a (0x00006f17) auipc   t5, 0x6
core   0: 3 0x8000a76a (0x00006f17) x30 0x8001076a
core   0: 0x8000a76e (0x883f2b23) sw      gp, -1898(t5)
core   0: 3 0x8000a76e (0x883f2b23) mem 0x80010000 0x00000001
core   0: 0x8000a772 (0x0000bfe5) c.j     pc - 8
core   0: 3 0x8000a772 (0xbfe5)
core   0: 0x8000a76a (0x00006f17) auipc   t5, 0x6
core   0: 3 0x8000a76a (0x00006f17) x30 0x8001076a
core   0: 0x8000a76e (0x883f2b23) sw      gp, -1898(t5)
core   0: 3 0x8000a76e (0x883f2b23) mem 0x80010000 0x00000001
core   0: 0x8000a772 (0x0000bfe5) c.j     pc - 8
core   0: 3 0x8000a772 (0xbfe5)
core   0: 0x8000a76a (0x00006f17) auipc   t5, 0x6
core   0: 3 0x8000a76a (0x00006f17) x30 0x8001076a
core   0: 0x8000a76e (0x883f2b23) sw      gp, -1898(t5)
core   0: 3 0x8000a76e (0x883f2b23) mem 0x80010000 0x00000001
core   0: 0x8000a772 (0x0000bfe5) c.j     pc - 8
core   0: 3 0x8000a772 (0xbfe5)
core   0: 0x8000a76a (0x00006f17) auipc   t5, 0x6
core   0: 3 0x8000a76a (0x00006f17) x30 0x8001076a
core   0: 0x8000a76e (0x883f2b23) sw      gp, -1898(t5)
core   0: 3 0x8000a76e (0x883f2b23) mem 0x80010000 0x00000001
core   0: 0x8000a772 (0x0000bfe5) c.j     pc - 8
core   0: 3 0x8000a772 (0xbfe5)
core   0: 0x8000a76a (0x00006f17) auipc   t5, 0x6
core   0: 3 0x8000a76a (0x00006f17) x30 0x8001076a
core   0: 0x8000a76e (0x883f2b23) sw      gp, -1898(t5)
core   0: 3 0x8000a76e (0x883f2b23) mem 0x80010000 0x00000001
core   0: 0x8000a772 (0x0000bfe5) c.j     pc - 8
core   0: 3 0x8000a772 (0xbfe5)
core   0: 0x8000a76a (0x00006f17) auipc   t5, 0x6
core   0: 3 0x8000a76a (0x00006f17) x30 0x8001076a
core   0: 0x8000a76e (0x883f2b23) sw      gp, -1898(t5)
core   0: 3 0x8000a76e (0x883f2b23) mem 0x80010000 0x00000001
core   0: 0x8000a772 (0x0000bfe5) c.j     pc - 8
core   0: 3 0x8000a772 (0xbfe5)
core   0: 0x8000a76a (0x00006f17) auipc   t5, 0x6
core   0: 3 0x8000a76a (0x00006f17) x30 0x8001076a
core   0: 0x8000a76e (0x883f2b23) sw      gp, -1898(t5)
core   0: 3 0x8000a76e (0x883f2b23) mem 0x80010000 0x00000001
core   0: 0x8000a772 (0x0000bfe5) c.j     pc - 8
core   0: 3 0x8000a772 (0xbfe5)
core   0: 0x8000a76a (0x00006f17) auipc   t5, 0x6
core   0: 3 0x8000a76a (0x00006f17) x30 0x8001076a
core   0: 0x8000a76e (0x883f2b23) sw      gp, -1898(t5)
core   0: 3 0x8000a76e (0x883f2b23) mem 0x80010000 0x00000001
core   0: 0x8000a772 (0x0000bfe5) c.j     pc - 8
core   0: 3 0x8000a772 (0xbfe5)
core   0: 0x8000a76a (0x00006f17) auipc   t5, 0x6
core   0: 3 0x8000a76a (0x00006f17) x30 0x8001076a
core   0: 0x8000a76e (0x883f2b23) sw      gp, -1898(t5)
core   0: 3 0x8000a76e (0x883f2b23) mem 0x80010000 0x00000001
core   0: 0x8000a772 (0x0000bfe5) c.j     pc - 8
core   0: 3 0x8000a772 (0xbfe5)
core   0: 0x8000a76a (0x00006f17) auipc   t5, 0x6
core   0: 3 0x8000a76a (0x00006f17) x30 0x8001076a
core   0: 0x8000a76e (0x883f2b23) sw      gp, -1898(t5)
core   0: 3 0x8000a76e (0x883f2b23) mem 0x80010000 0x00000001
core   0: 0x8000a772 (0x0000bfe5) c.j     pc - 8
core   0: 3 0x8000a772 (0xbfe5)
core   0: 0x8000a76a (0x00006f17) auipc   t5, 0x6
core   0: 3 0x8000a76a (0x00006f17) x30 0x8001076a
core   0: 0x8000a76e (0x883f2b23) sw      gp, -1898(t5)
core   0: 3 0x8000a76e (0x883f2b23) mem 0x80010000 0x00000001
core   0: 0x8000a772 (0x0000bfe5) c.j     pc - 8
core   0: 3 0x8000a772 (0xbfe5)
core   0: 0x8000a76a (0x00006f17) auipc   t5, 0x6
core   0: 3 0x8000a76a (0x00006f17) x30 0x8001076a
core   0: 0x8000a76e (0x883f2b23) sw      gp, -1898(t5)
core   0: 3 0x8000a76e (0x883f2b23) mem 0x80010000 0x00000001
core   0: 0x8000a772 (0x0000bfe5) c.j     pc - 8
core   0: 3 0x8000a772 (0xbfe5)
core   0: 0x8000a76a (0x00006f17) auipc   t5, 0x6
core   0: 3 0x8000a76a (0x00006f17) x30 0x8001076a
core   0: 0x8000a76e (0x883f2b23) sw      gp, -1898(t5)
core   0: 3 0x8000a76e (0x883f2b23) mem 0x80010000 0x00000001
core   0: 0x8000a772 (0x0000bfe5) c.j     pc - 8
core   0: 3 0x8000a772 (0xbfe5)
core   0: 0x8000a76a (0x00006f17) auipc   t5, 0x6
core   0: 3 0x8000a76a (0x00006f17) x30 0x8001076a
core   0: 0x8000a76e (0x883f2b23) sw      gp, -1898(t5)
core   0: 3 0x8000a76e (0x883f2b23) mem 0x80010000 0x00000001
core   0: 0x8000a772 (0x0000bfe5) c.j     pc - 8
core   0: 3 0x8000a772 (0xbfe5)
core   0: 0x8000a76a (0x00006f17) auipc   t5, 0x6
core   0: 3 0x8000a76a (0x00006f17) x30 0x8001076a
core   0: 0x8000a76e (0x883f2b23) sw      gp, -1898(t5)
core   0: 3 0x8000a76e (0x883f2b23) mem 0x80010000 0x00000001
core   0: 0x8000a772 (0x0000bfe5) c.j     pc - 8
core   0: 3 0x8000a772 (0xbfe5)
core   0: 0x8000a76a (0x00006f17) auipc   t5, 0x6
core   0: 3 0x8000a76a (0x00006f17) x30 0x8001076a
core   0: 0x8000a76e (0x883f2b23) sw      gp, -1898(t5)
core   0: 3 0x8000a76e (0x883f2b23) mem 0x80010000 0x00000001
core   0: 0x8000a772 (0x0000bfe5) c.j     pc - 8
core   0: 3 0x8000a772 (0xbfe5)
core   0: 0x8000a76a (0x00006f17) auipc   t5, 0x6
core   0: 3 0x8000a76a (0x00006f17) x30 0x8001076a
core   0: 0x8000a76e (0x883f2b23) sw      gp, -1898(t5)
core   0: 3 0x8000a76e (0x883f2b23) mem 0x80010000 0x00000001
core   0: 0x8000a772 (0x0000bfe5) c.j     pc - 8
core   0: 3 0x8000a772 (0xbfe5)
core   0: 0x8000a76a (0x00006f17) auipc   t5, 0x6
core   0: 3 0x8000a76a (0x00006f17) x30 0x8001076a
core   0: 0x8000a76e (0x883f2b23) sw      gp, -1898(t5)
core   0: 3 0x8000a76e (0x883f2b23) mem 0x80010000 0x00000001
core   0: 0x8000a772 (0x0000bfe5) c.j     pc - 8
core   0: 3 0x8000a772 (0xbfe5)
core   0: 0x8000a76a (0x00006f17) auipc   t5, 0x6
core   0: 3 0x8000a76a (0x00006f17) x30 0x8001076a
core   0: 0x8000a76e (0x883f2b23) sw      gp, -1898(t5)
core   0: 3 0x8000a76e (0x883f2b23) mem 0x80010000 0x00000001
core   0: 0x8000a772 (0x0000bfe5) c.j     pc - 8
core   0: 3 0x8000a772 (0xbfe5)
core   0: 0x8000a76a (0x00006f17) auipc   t5, 0x6
core   0: 3 0x8000a76a (0x00006f17) x30 0x8001076a
core   0: 0x8000a76e (0x883f2b23) sw      gp, -1898(t5)
core   0: 3 0x8000a76e (0x883f2b23) mem 0x80010000 0x00000001
core   0: 0x8000a772 (0x0000bfe5) c.j     pc - 8
core   0: 3 0x8000a772 (0xbfe5)
core   0: 0x8000a76a (0x00006f17) auipc   t5, 0x6
core   0: 3 0x8000a76a (0x00006f17) x30 0x8001076a
core   0: 0x8000a76e (0x883f2b23) sw      gp, -1898(t5)
core   0: 3 0x8000a76e (0x883f2b23) mem 0x80010000 0x00000001
core   0: 0x8000a772 (0x0000bfe5) c.j     pc - 8
core   0: 3 0x8000a772 (0xbfe5)
core   0: 0x8000a76a (0x00006f17) auipc   t5, 0x6
core   0: 3 0x8000a76a (0x00006f17) x30 0x8001076a
core   0: 0x8000a76e (0x883f2b23) sw      gp, -1898(t5)
core   0: 3 0x8000a76e (0x883f2b23) mem 0x80010000 0x00000001
core   0: 0x8000a772 (0x0000bfe5) c.j     pc - 8
core   0: 3 0x8000a772 (0xbfe5)
core   0: 0x8000a76a (0x00006f17) auipc   t5, 0x6
core   0: 3 0x8000a76a (0x00006f17) x30 0x8001076a
core   0: 0x8000a76e (0x883f2b23) sw      gp, -1898(t5)
core   0: 3 0x8000a76e (0x883f2b23) mem 0x80010000 0x00000001
core   0: 0x8000a772 (0x0000bfe5) c.j     pc - 8
core   0: 3 0x8000a772 (0xbfe5)
core   0: 0x8000a76a (0x00006f17) auipc   t5, 0x6
core   0: 3 0x8000a76a (0x00006f17) x30 0x8001076a
core   0: 0x8000a76e (0x883f2b23) sw      gp, -1898(t5)
core   0: 3 0x8000a76e (0x883f2b23) mem 0x80010000 0x00000001
core   0: 0x8000a772 (0x0000bfe5) c.j     pc - 8
core   0: 3 0x8000a772 (0xbfe5)
core   0: 0x8000a76a (0x00006f17) auipc   t5, 0x6
core   0: 3 0x8000a76a (0x00006f17) x30 0x8001076a
core   0: 0x8000a76e (0x883f2b23) sw      gp, -1898(t5)
core   0: 3 0x8000a76e (0x883f2b23) mem 0x80010000 0x00000001
core   0: 0x8000a772 (0x0000bfe5) c.j     pc - 8
core   0: 3 0x8000a772 (0xbfe5)
core   0: 0x8000a76a (0x00006f17) auipc   t5, 0x6
core   0: 3 0x8000a76a (0x00006f17) x30 0x8001076a
core   0: 0x8000a76e (0x883f2b23) sw      gp, -1898(t5)
core   0: 3 0x8000a76e (0x883f2b23) mem 0x80010000 0x00000001
core   0: 0x8000a772 (0x0000bfe5) c.j     pc - 8
core   0: 3 0x8000a772 (0xbfe5)
core   0: 0x8000a76a (0x00006f17) auipc   t5, 0x6
core   0: 3 0x8000a76a (0x00006f17) x30 0x8001076a
core   0: 0x8000a76e (0x883f2b23) sw      gp, -1898(t5)
core   0: 3 0x8000a76e (0x883f2b23) mem 0x80010000 0x00000001
core   0: 0x8000a772 (0x0000bfe5) c.j     pc - 8
core   0: 3 0x8000a772 (0xbfe5)
core   0: 0x8000a76a (0x00006f17) auipc   t5, 0x6
core   0: 3 0x8000a76a (0x00006f17) x30 0x8001076a
core   0: 0x8000a76e (0x883f2b23) sw      gp, -1898(t5)
core   0: 3 0x8000a76e (0x883f2b23) mem 0x80010000 0x00000001
core   0: 0x8000a772 (0x0000bfe5) c.j     pc - 8
core   0: 3 0x8000a772 (0xbfe5)
core   0: 0x8000a76a (0x00006f17) auipc   t5, 0x6
core   0: 3 0x8000a76a (0x00006f17) x30 0x8001076a
core   0: 0x8000a76e (0x883f2b23) sw      gp, -1898(t5)
core   0: 3 0x8000a76e (0x883f2b23) mem 0x80010000 0x00000001
core   0: 0x8000a772 (0x0000bfe5) c.j     pc - 8
core   0: 3 0x8000a772 (0xbfe5)
core   0: 0x8000a76a (0x00006f17) auipc   t5, 0x6
core   0: 3 0x8000a76a (0x00006f17) x30 0x8001076a
core   0: 0x8000a76e (0x883f2b23) sw      gp, -1898(t5)
core   0: 3 0x8000a76e (0x883f2b23) mem 0x80010000 0x00000001
core   0: 0x8000a772 (0x0000bfe5) c.j     pc - 8
core   0: 3 0x8000a772 (0xbfe5)
core   0: 0x8000a76a (0x00006f17) auipc   t5, 0x6
core   0: 3 0x8000a76a (0x00006f17) x30 0x8001076a
core   0: 0x8000a76e (0x883f2b23) sw      gp, -1898(t5)
core   0: 3 0x8000a76e (0x883f2b23) mem 0x80010000 0x00000001
core   0: 0x8000a772 (0x0000bfe5) c.j     pc - 8
core   0: 3 0x8000a772 (0xbfe5)
core   0: 0x8000a76a (0x00006f17) auipc   t5, 0x6
core   0: 3 0x8000a76a (0x00006f17) x30 0x8001076a
core   0: 0x8000a76e (0x883f2b23) sw      gp, -1898(t5)
core   0: 3 0x8000a76e (0x883f2b23) mem 0x80010000 0x00000001
core   0: 0x8000a772 (0x0000bfe5) c.j     pc - 8
core   0: 3 0x8000a772 (0xbfe5)
core   0: 0x8000a76a (0x00006f17) auipc   t5, 0x6
core   0: 3 0x8000a76a (0x00006f17) x30 0x8001076a
core   0: 0x8000a76e (0x883f2b23) sw      gp, -1898(t5)
core   0: 3 0x8000a76e (0x883f2b23) mem 0x80010000 0x00000001
core   0: 0x8000a772 (0x0000bfe5) c.j     pc - 8
core   0: 3 0x8000a772 (0xbfe5)
core   0: 0x8000a76a (0x00006f17) auipc   t5, 0x6
core   0: 3 0x8000a76a (0x00006f17) x30 0x8001076a
core   0: 0x8000a76e (0x883f2b23) sw      gp, -1898(t5)
core   0: 3 0x8000a76e (0x883f2b23) mem 0x80010000 0x00000001
core   0: 0x8000a772 (0x0000bfe5) c.j     pc - 8
core   0: 3 0x8000a772 (0xbfe5)
core   0: 0x8000a76a (0x00006f17) auipc   t5, 0x6
core   0: 3 0x8000a76a (0x00006f17) x30 0x8001076a
core   0: 0x8000a76e (0x883f2b23) sw      gp, -1898(t5)
core   0: 3 0x8000a76e (0x883f2b23) mem 0x80010000 0x00000001
core   0: 0x8000a772 (0x0000bfe5) c.j     pc - 8
core   0: 3 0x8000a772 (0xbfe5)
core   0: 0x8000a76a (0x00006f17) auipc   t5, 0x6
core   0: 3 0x8000a76a (0x00006f17) x30 0x8001076a
core   0: 0x8000a76e (0x883f2b23) sw      gp, -1898(t5)
core   0: 3 0x8000a76e (0x883f2b23) mem 0x80010000 0x00000001
core   0: 0x8000a772 (0x0000bfe5) c.j     pc - 8
core   0: 3 0x8000a772 (0xbfe5)
core   0: 0x8000a76a (0x00006f17) auipc   t5, 0x6
core   0: 3 0x8000a76a (0x00006f17) x30 0x8001076a
core   0: 0x8000a76e (0x883f2b23) sw      gp, -1898(t5)
core   0: 3 0x8000a76e (0x883f2b23) mem 0x80010000 0x00000001
core   0: 0x8000a772 (0x0000bfe5) c.j     pc - 8
core   0: 3 0x8000a772 (0xbfe5)
core   0: 0x8000a76a (0x00006f17) auipc   t5, 0x6
core   0: 3 0x8000a76a (0x00006f17) x30 0x8001076a
core   0: 0x8000a76e (0x883f2b23) sw      gp, -1898(t5)
core   0: 3 0x8000a76e (0x883f2b23) mem 0x80010000 0x00000001
core   0: 0x8000a772 (0x0000bfe5) c.j     pc - 8
core   0: 3 0x8000a772 (0xbfe5)
core   0: 0x8000a76a (0x00006f17) auipc   t5, 0x6
core   0: 3 0x8000a76a (0x00006f17) x30 0x8001076a
core   0: 0x8000a76e (0x883f2b23) sw      gp, -1898(t5)
core   0: 3 0x8000a76e (0x883f2b23) mem 0x80010000 0x00000001
core   0: 0x8000a772 (0x0000bfe5) c.j     pc - 8
core   0: 3 0x8000a772 (0xbfe5)
core   0: 0x8000a76a (0x00006f17) auipc   t5, 0x6
core   0: 3 0x8000a76a (0x00006f17) x30 0x8001076a
core   0: 0x8000a76e (0x883f2b23) sw      gp, -1898(t5)
core   0: 3 0x8000a76e (0x883f2b23) mem 0x80010000 0x00000001
core   0: 0x8000a772 (0x0000bfe5) c.j     pc - 8
core   0: 3 0x8000a772 (0xbfe5)
core   0: 0x8000a76a (0x00006f17) auipc   t5, 0x6
core   0: 3 0x8000a76a (0x00006f17) x30 0x8001076a
core   0: 0x8000a76e (0x883f2b23) sw      gp, -1898(t5)
core   0: 3 0x8000a76e (0x883f2b23) mem 0x80010000 0x00000001
core   0: 0x8000a772 (0x0000bfe5) c.j     pc - 8
core   0: 3 0x8000a772 (0xbfe5)
core   0: 0x8000a76a (0x00006f17) auipc   t5, 0x6
core   0: 3 0x8000a76a (0x00006f17) x30 0x8001076a
core   0: 0x8000a76e (0x883f2b23) sw      gp, -1898(t5)
core   0: 3 0x8000a76e (0x883f2b23) mem 0x80010000 0x00000001
core   0: 0x8000a772 (0x0000bfe5) c.j     pc - 8
core   0: 3 0x8000a772 (0xbfe5)
core   0: 0x8000a76a (0x00006f17) auipc   t5, 0x6
core   0: 3 0x8000a76a (0x00006f17) x30 0x8001076a
core   0: 0x8000a76e (0x883f2b23) sw      gp, -1898(t5)
core   0: 3 0x8000a76e (0x883f2b23) mem 0x80010000 0x00000001
core   0: 0x8000a772 (0x0000bfe5) c.j     pc - 8
core   0: 3 0x8000a772 (0xbfe5)
core   0: 0x8000a76a (0x00006f17) auipc   t5, 0x6
core   0: 3 0x8000a76a (0x00006f17) x30 0x8001076a
core   0: 0x8000a76e (0x883f2b23) sw      gp, -1898(t5)
core   0: 3 0x8000a76e (0x883f2b23) mem 0x80010000 0x00000001
core   0: 0x8000a772 (0x0000bfe5) c.j     pc - 8
core   0: 3 0x8000a772 (0xbfe5)
core   0: 0x8000a76a (0x00006f17) auipc   t5, 0x6
core   0: 3 0x8000a76a (0x00006f17) x30 0x8001076a
core   0: 0x8000a76e (0x883f2b23) sw      gp, -1898(t5)
core   0: 3 0x8000a76e (0x883f2b23) mem 0x80010000 0x00000001
core   0: 0x8000a772 (0x0000bfe5) c.j     pc - 8
core   0: 3 0x8000a772 (0xbfe5)
core   0: 0x8000a76a (0x00006f17) auipc   t5, 0x6
core   0: 3 0x8000a76a (0x00006f17) x30 0x8001076a
core   0: 0x8000a76e (0x883f2b23) sw      gp, -1898(t5)
core   0: 3 0x8000a76e (0x883f2b23) mem 0x80010000 0x00000001
core   0: 0x8000a772 (0x0000bfe5) c.j     pc - 8
core   0: 3 0x8000a772 (0xbfe5)
core   0: 0x8000a76a (0x00006f17) auipc   t5, 0x6
core   0: 3 0x8000a76a (0x00006f17) x30 0x8001076a
core   0: 0x8000a76e (0x883f2b23) sw      gp, -1898(t5)
core   0: 3 0x8000a76e (0x883f2b23) mem 0x80010000 0x00000001
core   0: 0x8000a772 (0x0000bfe5) c.j     pc - 8
core   0: 3 0x8000a772 (0xbfe5)
core   0: 0x8000a76a (0x00006f17) auipc   t5, 0x6
core   0: 3 0x8000a76a (0x00006f17) x30 0x8001076a
core   0: 0x8000a76e (0x883f2b23) sw      gp, -1898(t5)
core   0: 3 0x8000a76e (0x883f2b23) mem 0x80010000 0x00000001
core   0: 0x8000a772 (0x0000bfe5) c.j     pc - 8
core   0: 3 0x8000a772 (0xbfe5)
core   0: 0x8000a76a (0x00006f17) auipc   t5, 0x6
core   0: 3 0x8000a76a (0x00006f17) x30 0x8001076a
core   0: 0x8000a76e (0x883f2b23) sw      gp, -1898(t5)
core   0: 3 0x8000a76e (0x883f2b23) mem 0x80010000 0x00000001
core   0: 0x8000a772 (0x0000bfe5) c.j     pc - 8
core   0: 3 0x8000a772 (0xbfe5)
core   0: 0x8000a76a (0x00006f17) auipc   t5, 0x6
core   0: 3 0x8000a76a (0x00006f17) x30 0x8001076a
core   0: 0x8000a76e (0x883f2b23) sw      gp, -1898(t5)
core   0: 3 0x8000a76e (0x883f2b23) mem 0x80010000 0x00000001
core   0: 0x8000a772 (0x0000bfe5) c.j     pc - 8
core   0: 3 0x8000a772 (0xbfe5)
core   0: 0x8000a76a (0x00006f17) auipc   t5, 0x6
core   0: 3 0x8000a76a (0x00006f17) x30 0x8001076a
core   0: 0x8000a76e (0x883f2b23) sw      gp, -1898(t5)
core   0: 3 0x8000a76e (0x883f2b23) mem 0x80010000 0x00000001
core   0: 0x8000a772 (0x0000bfe5) c.j     pc - 8
core   0: 3 0x8000a772 (0xbfe5)
core   0: 0x8000a76a (0x00006f17) auipc   t5, 0x6
core   0: 3 0x8000a76a (0x00006f17) x30 0x8001076a
core   0: 0x8000a76e (0x883f2b23) sw      gp, -1898(t5)
core   0: 3 0x8000a76e (0x883f2b23) mem 0x80010000 0x00000001
core   0: 0x8000a772 (0x0000bfe5) c.j     pc - 8
core   0: 3 0x8000a772 (0xbfe5)
core   0: 0x8000a76a (0x00006f17) auipc   t5, 0x6
core   0: 3 0x8000a76a (0x00006f17) x30 0x8001076a
core   0: 0x8000a76e (0x883f2b23) sw      gp, -1898(t5)
core   0: 3 0x8000a76e (0x883f2b23) mem 0x80010000 0x00000001
core   0: 0x8000a772 (0x0000bfe5) c.j     pc - 8
core   0: 3 0x8000a772 (0xbfe5)
core   0: 0x8000a76a (0x00006f17) auipc   t5, 0x6
core   0: 3 0x8000a76a (0x00006f17) x30 0x8001076a
core   0: 0x8000a76e (0x883f2b23) sw      gp, -1898(t5)
core   0: 3 0x8000a76e (0x883f2b23) mem 0x80010000 0x00000001
core   0: 0x8000a772 (0x0000bfe5) c.j     pc - 8
core   0: 3 0x8000a772 (0xbfe5)
core   0: 0x8000a76a (0x00006f17) auipc   t5, 0x6
core   0: 3 0x8000a76a (0x00006f17) x30 0x8001076a
core   0: 0x8000a76e (0x883f2b23) sw      gp, -1898(t5)
core   0: 3 0x8000a76e (0x883f2b23) mem 0x80010000 0x00000001
core   0: 0x8000a772 (0x0000bfe5) c.j     pc - 8
core   0: 3 0x8000a772 (0xbfe5)
core   0: 0x8000a76a (0x00006f17) auipc   t5, 0x6
core   0: 3 0x8000a76a (0x00006f17) x30 0x8001076a
core   0: 0x8000a76e (0x883f2b23) sw      gp, -1898(t5)
core   0: 3 0x8000a76e (0x883f2b23) mem 0x80010000 0x00000001
core   0: 0x8000a772 (0x0000bfe5) c.j     pc - 8
core   0: 3 0x8000a772 (0xbfe5)
core   0: 0x8000a76a (0x00006f17) auipc   t5, 0x6
core   0: 3 0x8000a76a (0x00006f17) x30 0x8001076a
core   0: 0x8000a76e (0x883f2b23) sw      gp, -1898(t5)
core   0: 3 0x8000a76e (0x883f2b23) mem 0x80010000 0x00000001
core   0: 0x8000a772 (0x0000bfe5) c.j     pc - 8
core   0: 3 0x8000a772 (0xbfe5)
core   0: 0x8000a76a (0x00006f17) auipc   t5, 0x6
core   0: 3 0x8000a76a (0x00006f17) x30 0x8001076a
core   0: 0x8000a76e (0x883f2b23) sw      gp, -1898(t5)
core   0: 3 0x8000a76e (0x883f2b23) mem 0x80010000 0x00000001
core   0: 0x8000a772 (0x0000bfe5) c.j     pc - 8
core   0: 3 0x8000a772 (0xbfe5)
core   0: 0x8000a76a (0x00006f17) auipc   t5, 0x6
core   0: 3 0x8000a76a (0x00006f17) x30 0x8001076a
core   0: 0x8000a76e (0x883f2b23) sw      gp, -1898(t5)
core   0: 3 0x8000a76e (0x883f2b23) mem 0x80010000 0x00000001
core   0: 0x8000a772 (0x0000bfe5) c.j     pc - 8
core   0: 3 0x8000a772 (0xbfe5)
core   0: 0x8000a76a (0x00006f17) auipc   t5, 0x6
core   0: 3 0x8000a76a (0x00006f17) x30 0x8001076a
core   0: 0x8000a76e (0x883f2b23) sw      gp, -1898(t5)
core   0: 3 0x8000a76e (0x883f2b23) mem 0x80010000 0x00000001
core   0: 0x8000a772 (0x0000bfe5) c.j     pc - 8
core   0: 3 0x8000a772 (0xbfe5)
core   0: 0x8000a76a (0x00006f17) auipc   t5, 0x6
core   0: 3 0x8000a76a (0x00006f17) x30 0x8001076a
core   0: 0x8000a76e (0x883f2b23) sw      gp, -1898(t5)
core   0: 3 0x8000a76e (0x883f2b23) mem 0x80010000 0x00000001
core   0: 0x8000a772 (0x0000bfe5) c.j     pc - 8
core   0: 3 0x8000a772 (0xbfe5)
core   0: 0x8000a76a (0x00006f17) auipc   t5, 0x6
core   0: 3 0x8000a76a (0x00006f17) x30 0x8001076a
core   0: 0x8000a76e (0x883f2b23) sw      gp, -1898(t5)
core   0: 3 0x8000a76e (0x883f2b23) mem 0x80010000 0x00000001
core   0: 0x8000a772 (0x0000bfe5) c.j     pc - 8
core   0: 3 0x8000a772 (0xbfe5)
core   0: 0x8000a76a (0x00006f17) auipc   t5, 0x6
core   0: 3 0x8000a76a (0x00006f17) x30 0x8001076a
core   0: 0x8000a76e (0x883f2b23) sw      gp, -1898(t5)
core   0: 3 0x8000a76e (0x883f2b23) mem 0x80010000 0x00000001
core   0: 0x8000a772 (0x0000bfe5) c.j     pc - 8
core   0: 3 0x8000a772 (0xbfe5)
core   0: 0x8000a76a (0x00006f17) auipc   t5, 0x6
core   0: 3 0x8000a76a (0x00006f17) x30 0x8001076a
core   0: 0x8000a76e (0x883f2b23) sw      gp, -1898(t5)
core   0: 3 0x8000a76e (0x883f2b23) mem 0x80010000 0x00000001
core   0: 0x8000a772 (0x0000bfe5) c.j     pc - 8
core   0: 3 0x8000a772 (0xbfe5)
core   0: 0x8000a76a (0x00006f17) auipc   t5, 0x6
core   0: 3 0x8000a76a (0x00006f17) x30 0x8001076a
core   0: 0x8000a76e (0x883f2b23) sw      gp, -1898(t5)
core   0: 3 0x8000a76e (0x883f2b23) mem 0x80010000 0x00000001
core   0: 0x8000a772 (0x0000bfe5) c.j     pc - 8
core   0: 3 0x8000a772 (0xbfe5)
core   0: 0x8000a76a (0x00006f17) auipc   t5, 0x6
core   0: 3 0x8000a76a (0x00006f17) x30 0x8001076a
core   0: 0x8000a76e (0x883f2b23) sw      gp, -1898(t5)
core   0: 3 0x8000a76e (0x883f2b23) mem 0x80010000 0x00000001
core   0: 0x8000a772 (0x0000bfe5) c.j     pc - 8
core   0: 3 0x8000a772 (0xbfe5)
core   0: 0x8000a76a (0x00006f17) auipc   t5, 0x6
core   0: 3 0x8000a76a (0x00006f17) x30 0x8001076a
core   0: 0x8000a76e (0x883f2b23) sw      gp, -1898(t5)
core   0: 3 0x8000a76e (0x883f2b23) mem 0x80010000 0x00000001
core   0: 0x8000a772 (0x0000bfe5) c.j     pc - 8
core   0: 3 0x8000a772 (0xbfe5)
core   0: 0x8000a76a (0x00006f17) auipc   t5, 0x6
core   0: 3 0x8000a76a (0x00006f17) x30 0x8001076a
core   0: 0x8000a76e (0x883f2b23) sw      gp, -1898(t5)
core   0: 3 0x8000a76e (0x883f2b23) mem 0x80010000 0x00000001
core   0: 0x8000a772 (0x0000bfe5) c.j     pc - 8
core   0: 3 0x8000a772 (0xbfe5)
core   0: 0x8000a76a (0x00006f17) auipc   t5, 0x6
core   0: 3 0x8000a76a (0x00006f17) x30 0x8001076a
core   0: 0x8000a76e (0x883f2b23) sw      gp, -1898(t5)
core   0: 3 0x8000a76e (0x883f2b23) mem 0x80010000 0x00000001
core   0: 0x8000a772 (0x0000bfe5) c.j     pc - 8
core   0: 3 0x8000a772 (0xbfe5)
core   0: 0x8000a76a (0x00006f17) auipc   t5, 0x6
core   0: 3 0x8000a76a (0x00006f17) x30 0x8001076a
core   0: 0x8000a76e (0x883f2b23) sw      gp, -1898(t5)
core   0: 3 0x8000a76e (0x883f2b23) mem 0x80010000 0x00000001
core   0: 0x8000a772 (0x0000bfe5) c.j     pc - 8
core   0: 3 0x8000a772 (0xbfe5)
core   0: 0x8000a76a (0x00006f17) auipc   t5, 0x6
core   0: 3 0x8000a76a (0x00006f17) x30 0x8001076a
core   0: 0x8000a76e (0x883f2b23) sw      gp, -1898(t5)
core   0: 3 0x8000a76e (0x883f2b23) mem 0x80010000 0x00000001
core   0: 0x8000a772 (0x0000bfe5) c.j     pc - 8
core   0: 3 0x8000a772 (0xbfe5)
core   0: 0x8000a76a (0x00006f17) auipc   t5, 0x6
core   0: 3 0x8000a76a (0x00006f17) x30 0x8001076a
core   0: 0x8000a76e (0x883f2b23) sw      gp, -1898(t5)
core   0: 3 0x8000a76e (0x883f2b23) mem 0x80010000 0x00000001
core   0: 0x8000a772 (0x0000bfe5) c.j     pc - 8
core   0: 3 0x8000a772 (0xbfe5)
core   0: 0x8000a76a (0x00006f17) auipc   t5, 0x6
core   0: 3 0x8000a76a (0x00006f17) x30 0x8001076a
core   0: 0x8000a76e (0x883f2b23) sw      gp, -1898(t5)
core   0: 3 0x8000a76e (0x883f2b23) mem 0x80010000 0x00000001
core   0: 0x8000a772 (0x0000bfe5) c.j     pc - 8
core   0: 3 0x8000a772 (0xbfe5)
core   0: 0x8000a76a (0x00006f17) auipc   t5, 0x6
core   0: 3 0x8000a76a (0x00006f17) x30 0x8001076a
core   0: 0x8000a76e (0x883f2b23) sw      gp, -1898(t5)
core   0: 3 0x8000a76e (0x883f2b23) mem 0x80010000 0x00000001
core   0: 0x8000a772 (0x0000bfe5) c.j     pc - 8
core   0: 3 0x8000a772 (0xbfe5)
core   0: 0x8000a76a (0x00006f17) auipc   t5, 0x6
core   0: 3 0x8000a76a (0x00006f17) x30 0x8001076a
core   0: 0x8000a76e (0x883f2b23) sw      gp, -1898(t5)
core   0: 3 0x8000a76e (0x883f2b23) mem 0x80010000 0x00000001
core   0: 0x8000a772 (0x0000bfe5) c.j     pc - 8
core   0: 3 0x8000a772 (0xbfe5)
core   0: 0x8000a76a (0x00006f17) auipc   t5, 0x6
core   0: 3 0x8000a76a (0x00006f17) x30 0x8001076a
core   0: 0x8000a76e (0x883f2b23) sw      gp, -1898(t5)
core   0: 3 0x8000a76e (0x883f2b23) mem 0x80010000 0x00000001
core   0: 0x8000a772 (0x0000bfe5) c.j     pc - 8
core   0: 3 0x8000a772 (0xbfe5)
core   0: 0x8000a76a (0x00006f17) auipc   t5, 0x6
core   0: 3 0x8000a76a (0x00006f17) x30 0x8001076a
core   0: 0x8000a76e (0x883f2b23) sw      gp, -1898(t5)
core   0: 3 0x8000a76e (0x883f2b23) mem 0x80010000 0x00000001
core   0: 0x8000a772 (0x0000bfe5) c.j     pc - 8
core   0: 3 0x8000a772 (0xbfe5)
core   0: 0x8000a76a (0x00006f17) auipc   t5, 0x6
core   0: 3 0x8000a76a (0x00006f17) x30 0x8001076a
core   0: 0x8000a76e (0x883f2b23) sw      gp, -1898(t5)
core   0: 3 0x8000a76e (0x883f2b23) mem 0x80010000 0x00000001
core   0: 0x8000a772 (0x0000bfe5) c.j     pc - 8
core   0: 3 0x8000a772 (0xbfe5)
core   0: 0x8000a76a (0x00006f17) auipc   t5, 0x6
core   0: 3 0x8000a76a (0x00006f17) x30 0x8001076a
core   0: 0x8000a76e (0x883f2b23) sw      gp, -1898(t5)
core   0: 3 0x8000a76e (0x883f2b23) mem 0x80010000 0x00000001
core   0: 0x8000a772 (0x0000bfe5) c.j     pc - 8
core   0: 3 0x8000a772 (0xbfe5)
core   0: 0x8000a76a (0x00006f17) auipc   t5, 0x6
core   0: 3 0x8000a76a (0x00006f17) x30 0x8001076a
core   0: 0x8000a76e (0x883f2b23) sw      gp, -1898(t5)
core   0: 3 0x8000a76e (0x883f2b23) mem 0x80010000 0x00000001
core   0: 0x8000a772 (0x0000bfe5) c.j     pc - 8
core   0: 3 0x8000a772 (0xbfe5)
core   0: 0x8000a76a (0x00006f17) auipc   t5, 0x6
core   0: 3 0x8000a76a (0x00006f17) x30 0x8001076a
core   0: 0x8000a76e (0x883f2b23) sw      gp, -1898(t5)
core   0: 3 0x8000a76e (0x883f2b23) mem 0x80010000 0x00000001
core   0: 0x8000a772 (0x0000bfe5) c.j     pc - 8
core   0: 3 0x8000a772 (0xbfe5)
core   0: 0x8000a76a (0x00006f17) auipc   t5, 0x6
core   0: 3 0x8000a76a (0x00006f17) x30 0x8001076a
core   0: 0x8000a76e (0x883f2b23) sw      gp, -1898(t5)
core   0: 3 0x8000a76e (0x883f2b23) mem 0x80010000 0x00000001
core   0: 0x8000a772 (0x0000bfe5) c.j     pc - 8
core   0: 3 0x8000a772 (0xbfe5)
core   0: 0x8000a76a (0x00006f17) auipc   t5, 0x6
core   0: 3 0x8000a76a (0x00006f17) x30 0x8001076a
core   0: 0x8000a76e (0x883f2b23) sw      gp, -1898(t5)
core   0: 3 0x8000a76e (0x883f2b23) mem 0x80010000 0x00000001
core   0: 0x8000a772 (0x0000bfe5) c.j     pc - 8
core   0: 3 0x8000a772 (0xbfe5)
core   0: 0x8000a76a (0x00006f17) auipc   t5, 0x6
core   0: 3 0x8000a76a (0x00006f17) x30 0x8001076a
core   0: 0x8000a76e (0x883f2b23) sw      gp, -1898(t5)
core   0: 3 0x8000a76e (0x883f2b23) mem 0x80010000 0x00000001
core   0: 0x8000a772 (0x0000bfe5) c.j     pc - 8
core   0: 3 0x8000a772 (0xbfe5)
core   0: 0x8000a76a (0x00006f17) auipc   t5, 0x6
core   0: 3 0x8000a76a (0x00006f17) x30 0x8001076a
core   0: 0x8000a76e (0x883f2b23) sw      gp, -1898(t5)
core   0: 3 0x8000a76e (0x883f2b23) mem 0x80010000 0x00000001
core   0: 0x8000a772 (0x0000bfe5) c.j     pc - 8
core   0: 3 0x8000a772 (0xbfe5)
core   0: 0x8000a76a (0x00006f17) auipc   t5, 0x6
core   0: 3 0x8000a76a (0x00006f17) x30 0x8001076a
core   0: 0x8000a76e (0x883f2b23) sw      gp, -1898(t5)
core   0: 3 0x8000a76e (0x883f2b23) mem 0x80010000 0x00000001
core   0: 0x8000a772 (0x0000bfe5) c.j     pc - 8
core   0: 3 0x8000a772 (0xbfe5)
core   0: 0x8000a76a (0x00006f17) auipc   t5, 0x6
core   0: 3 0x8000a76a (0x00006f17) x30 0x8001076a
core   0: 0x8000a76e (0x883f2b23) sw      gp, -1898(t5)
core   0: 3 0x8000a76e (0x883f2b23) mem 0x80010000 0x00000001
core   0: 0x8000a772 (0x0000bfe5) c.j     pc - 8
core   0: 3 0x8000a772 (0xbfe5)
core   0: 0x8000a76a (0x00006f17) auipc   t5, 0x6
core   0: 3 0x8000a76a (0x00006f17) x30 0x8001076a
core   0: 0x8000a76e (0x883f2b23) sw      gp, -1898(t5)
core   0: 3 0x8000a76e (0x883f2b23) mem 0x80010000 0x00000001
core   0: 0x8000a772 (0x0000bfe5) c.j     pc - 8
core   0: 3 0x8000a772 (0xbfe5)
core   0: 0x8000a76a (0x00006f17) auipc   t5, 0x6
core   0: 3 0x8000a76a (0x00006f17) x30 0x8001076a
core   0: 0x8000a76e (0x883f2b23) sw      gp, -1898(t5)
core   0: 3 0x8000a76e (0x883f2b23) mem 0x80010000 0x00000001
core   0: 0x8000a772 (0x0000bfe5) c.j     pc - 8
core   0: 3 0x8000a772 (0xbfe5)
core   0: 0x8000a76a (0x00006f17) auipc   t5, 0x6
core   0: 3 0x8000a76a (0x00006f17) x30 0x8001076a
core   0: 0x8000a76e (0x883f2b23) sw      gp, -1898(t5)
core   0: 3 0x8000a76e (0x883f2b23) mem 0x80010000 0x00000001
core   0: 0x8000a772 (0x0000bfe5) c.j     pc - 8
core   0: 3 0x8000a772 (0xbfe5)
core   0: 0x8000a76a (0x00006f17) auipc   t5, 0x6
core   0: 3 0x8000a76a (0x00006f17) x30 0x8001076a
core   0: 0x8000a76e (0x883f2b23) sw      gp, -1898(t5)
core   0: 3 0x8000a76e (0x883f2b23) mem 0x80010000 0x00000001
core   0: 0x8000a772 (0x0000bfe5) c.j     pc - 8
core   0: 3 0x8000a772 (0xbfe5)
core   0: 0x8000a76a (0x00006f17) auipc   t5, 0x6
core   0: 3 0x8000a76a (0x00006f17) x30 0x8001076a
core   0: 0x8000a76e (0x883f2b23) sw      gp, -1898(t5)
core   0: 3 0x8000a76e (0x883f2b23) mem 0x80010000 0x00000001
core   0: 0x8000a772 (0x0000bfe5) c.j     pc - 8
core   0: 3 0x8000a772 (0xbfe5)
core   0: 0x8000a76a (0x00006f17) auipc   t5, 0x6
core   0: 3 0x8000a76a (0x00006f17) x30 0x8001076a
core   0: 0x8000a76e (0x883f2b23) sw      gp, -1898(t5)
core   0: 3 0x8000a76e (0x883f2b23) mem 0x80010000 0x00000001
core   0: 0x8000a772 (0x0000bfe5) c.j     pc - 8
core   0: 3 0x8000a772 (0xbfe5)
core   0: 0x8000a76a (0x00006f17) auipc   t5, 0x6
core   0: 3 0x8000a76a (0x00006f17) x30 0x8001076a
core   0: 0x8000a76e (0x883f2b23) sw      gp, -1898(t5)
core   0: 3 0x8000a76e (0x883f2b23) mem 0x80010000 0x00000001
core   0: 0x8000a772 (0x0000bfe5) c.j     pc - 8
core   0: 3 0x8000a772 (0xbfe5)
core   0: 0x8000a76a (0x00006f17) auipc   t5, 0x6
core   0: 3 0x8000a76a (0x00006f17) x30 0x8001076a
core   0: 0x8000a76e (0x883f2b23) sw      gp, -1898(t5)
core   0: 3 0x8000a76e (0x883f2b23) mem 0x80010000 0x00000001
core   0: 0x8000a772 (0x0000bfe5) c.j     pc - 8
core   0: 3 0x8000a772 (0xbfe5)
core   0: 0x8000a76a (0x00006f17) auipc   t5, 0x6
core   0: 3 0x8000a76a (0x00006f17) x30 0x8001076a
core   0: 0x8000a76e (0x883f2b23) sw      gp, -1898(t5)
core   0: 3 0x8000a76e (0x883f2b23) mem 0x80010000 0x00000001
core   0: 0x8000a772 (0x0000bfe5) c.j     pc - 8
core   0: 3 0x8000a772 (0xbfe5)
core   0: 0x8000a76a (0x00006f17) auipc   t5, 0x6
core   0: 3 0x8000a76a (0x00006f17) x30 0x8001076a
core   0: 0x8000a76e (0x883f2b23) sw      gp, -1898(t5)
core   0: 3 0x8000a76e (0x883f2b23) mem 0x80010000 0x00000001
core   0: 0x8000a772 (0x0000bfe5) c.j     pc - 8
core   0: 3 0x8000a772 (0xbfe5)
core   0: 0x8000a76a (0x00006f17) auipc   t5, 0x6
core   0: 3 0x8000a76a (0x00006f17) x30 0x8001076a
core   0: 0x8000a76e (0x883f2b23) sw      gp, -1898(t5)
core   0: 3 0x8000a76e (0x883f2b23) mem 0x80010000 0x00000001
core   0: 0x8000a772 (0x0000bfe5) c.j     pc - 8
core   0: 3 0x8000a772 (0xbfe5)
core   0: 0x8000a76a (0x00006f17) auipc   t5, 0x6
core   0: 3 0x8000a76a (0x00006f17) x30 0x8001076a
core   0: 0x8000a76e (0x883f2b23) sw      gp, -1898(t5)
core   0: 3 0x8000a76e (0x883f2b23) mem 0x80010000 0x00000001
core   0: 0x8000a772 (0x0000bfe5) c.j     pc - 8
core   0: 3 0x8000a772 (0xbfe5)
core   0: 0x8000a76a (0x00006f17) auipc   t5, 0x6
core   0: 3 0x8000a76a (0x00006f17) x30 0x8001076a
core   0: 0x8000a76e (0x883f2b23) sw      gp, -1898(t5)
core   0: 3 0x8000a76e (0x883f2b23) mem 0x80010000 0x00000001
core   0: 0x8000a772 (0x0000bfe5) c.j     pc - 8
core   0: 3 0x8000a772 (0xbfe5)
core   0: 0x8000a76a (0x00006f17) auipc   t5, 0x6
core   0: 3 0x8000a76a (0x00006f17) x30 0x8001076a
core   0: 0x8000a76e (0x883f2b23) sw      gp, -1898(t5)
core   0: 3 0x8000a76e (0x883f2b23) mem 0x80010000 0x00000001
core   0: 0x8000a772 (0x0000bfe5) c.j     pc - 8
core   0: 3 0x8000a772 (0xbfe5)
core   0: 0x8000a76a (0x00006f17) auipc   t5, 0x6
core   0: 3 0x8000a76a (0x00006f17) x30 0x8001076a
core   0: 0x8000a76e (0x883f2b23) sw      gp, -1898(t5)
core   0: 3 0x8000a76e (0x883f2b23) mem 0x80010000 0x00000001
core   0: 0x8000a772 (0x0000bfe5) c.j     pc - 8
core   0: 3 0x8000a772 (0xbfe5)
core   0: 0x8000a76a (0x00006f17) auipc   t5, 0x6
core   0: 3 0x8000a76a (0x00006f17) x30 0x8001076a
core   0: 0x8000a76e (0x883f2b23) sw      gp, -1898(t5)
core   0: 3 0x8000a76e (0x883f2b23) mem 0x80010000 0x00000001
core   0: 0x8000a772 (0x0000bfe5) c.j     pc - 8
core   0: 3 0x8000a772 (0xbfe5)
core   0: 0x8000a76a (0x00006f17) auipc   t5, 0x6
core   0: 3 0x8000a76a (0x00006f17) x30 0x8001076a
core   0: 0x8000a76e (0x883f2b23) sw      gp, -1898(t5)
core   0: 3 0x8000a76e (0x883f2b23) mem 0x80010000 0x00000001
core   0: 0x8000a772 (0x0000bfe5) c.j     pc - 8
core   0: 3 0x8000a772 (0xbfe5)
core   0: 0x8000a76a (0x00006f17) auipc   t5, 0x6
core   0: 3 0x8000a76a (0x00006f17) x30 0x8001076a
core   0: 0x8000a76e (0x883f2b23) sw      gp, -1898(t5)
core   0: 3 0x8000a76e (0x883f2b23) mem 0x80010000 0x00000001
core   0: 0x8000a772 (0x0000bfe5) c.j     pc - 8
core   0: 3 0x8000a772 (0xbfe5)
core   0: 0x8000a76a (0x00006f17) auipc   t5, 0x6
core   0: 3 0x8000a76a (0x00006f17) x30 0x8001076a
core   0: 0x8000a76e (0x883f2b23) sw      gp, -1898(t5)
core   0: 3 0x8000a76e (0x883f2b23) mem 0x80010000 0x00000001
core   0: 0x8000a772 (0x0000bfe5) c.j     pc - 8
core   0: 3 0x8000a772 (0xbfe5)
core   0: 0x8000a76a (0x00006f17) auipc   t5, 0x6
core   0: 3 0x8000a76a (0x00006f17) x30 0x8001076a
core   0: 0x8000a76e (0x883f2b23) sw      gp, -1898(t5)
core   0: 3 0x8000a76e (0x883f2b23) mem 0x80010000 0x00000001
core   0: 0x8000a772 (0x0000bfe5) c.j     pc - 8
core   0: 3 0x8000a772 (0xbfe5)
core   0: 0x8000a76a (0x00006f17) auipc   t5, 0x6
core   0: 3 0x8000a76a (0x00006f17) x30 0x8001076a
core   0: 0x8000a76e (0x883f2b23) sw      gp, -1898(t5)
core   0: 3 0x8000a76e (0x883f2b23) mem 0x80010000 0x00000001
core   0: 0x8000a772 (0x0000bfe5) c.j     pc - 8
core   0: 3 0x8000a772 (0xbfe5)
core   0: 0x8000a76a (0x00006f17) auipc   t5, 0x6
core   0: 3 0x8000a76a (0x00006f17) x30 0x8001076a
core   0: 0x8000a76e (0x883f2b23) sw      gp, -1898(t5)
core   0: 3 0x8000a76e (0x883f2b23) mem 0x80010000 0x00000001
core   0: 0x8000a772 (0x0000bfe5) c.j     pc - 8
core   0: 3 0x8000a772 (0xbfe5)
core   0: 0x8000a76a (0x00006f17) auipc   t5, 0x6
core   0: 3 0x8000a76a (0x00006f17) x30 0x8001076a
core   0: 0x8000a76e (0x883f2b23) sw      gp, -1898(t5)
core   0: 3 0x8000a76e (0x883f2b23) mem 0x80010000 0x00000001
core   0: 0x8000a772 (0x0000bfe5) c.j     pc - 8
core   0: 3 0x8000a772 (0xbfe5)
core   0: 0x8000a76a (0x00006f17) auipc   t5, 0x6
core   0: 3 0x8000a76a (0x00006f17) x30 0x8001076a
core   0: 0x8000a76e (0x883f2b23) sw      gp, -1898(t5)
core   0: 3 0x8000a76e (0x883f2b23) mem 0x80010000 0x00000001
core   0: 0x8000a772 (0x0000bfe5) c.j     pc - 8
core   0: 3 0x8000a772 (0xbfe5)
core   0: 0x8000a76a (0x00006f17) auipc   t5, 0x6
core   0: 3 0x8000a76a (0x00006f17) x30 0x8001076a
core   0: 0x8000a76e (0x883f2b23) sw      gp, -1898(t5)
core   0: 3 0x8000a76e (0x883f2b23) mem 0x80010000 0x00000001
core   0: 0x8000a772 (0x0000bfe5) c.j     pc - 8
core   0: 3 0x8000a772 (0xbfe5)
core   0: 0x8000a76a (0x00006f17) auipc   t5, 0x6
core   0: 3 0x8000a76a (0x00006f17) x30 0x8001076a
core   0: 0x8000a76e (0x883f2b23) sw      gp, -1898(t5)
core   0: 3 0x8000a76e (0x883f2b23) mem 0x80010000 0x00000001
core   0: 0x8000a772 (0x0000bfe5) c.j     pc - 8
core   0: 3 0x8000a772 (0xbfe5)
core   0: 0x8000a76a (0x00006f17) auipc   t5, 0x6
core   0: 3 0x8000a76a (0x00006f17) x30 0x8001076a
core   0: 0x8000a76e (0x883f2b23) sw      gp, -1898(t5)
core   0: 3 0x8000a76e (0x883f2b23) mem 0x80010000 0x00000001
core   0: 0x8000a772 (0x0000bfe5) c.j     pc - 8
core   0: 3 0x8000a772 (0xbfe5)
core   0: 0x8000a76a (0x00006f17) auipc   t5, 0x6
core   0: 3 0x8000a76a (0x00006f17) x30 0x8001076a
core   0: 0x8000a76e (0x883f2b23) sw      gp, -1898(t5)
core   0: 3 0x8000a76e (0x883f2b23) mem 0x80010000 0x00000001
core   0: 0x8000a772 (0x0000bfe5) c.j     pc - 8
core   0: 3 0x8000a772 (0xbfe5)
core   0: 0x8000a76a (0x00006f17) auipc   t5, 0x6
core   0: 3 0x8000a76a (0x00006f17) x30 0x8001076a
core   0: 0x8000a76e (0x883f2b23) sw      gp, -1898(t5)
core   0: 3 0x8000a76e (0x883f2b23) mem 0x80010000 0x00000001
core   0: 0x8000a772 (0x0000bfe5) c.j     pc - 8
core   0: 3 0x8000a772 (0xbfe5)
core   0: 0x8000a76a (0x00006f17) auipc   t5, 0x6
core   0: 3 0x8000a76a (0x00006f17) x30 0x8001076a
core   0: 0x8000a76e (0x883f2b23) sw      gp, -1898(t5)
core   0: 3 0x8000a76e (0x883f2b23) mem 0x80010000 0x00000001
core   0: 0x8000a772 (0x0000bfe5) c.j     pc - 8
core   0: 3 0x8000a772 (0xbfe5)
core   0: 0x8000a76a (0x00006f17) auipc   t5, 0x6
core   0: 3 0x8000a76a (0x00006f17) x30 0x8001076a
core   0: 0x8000a76e (0x883f2b23) sw      gp, -1898(t5)
core   0: 3 0x8000a76e (0x883f2b23) mem 0x80010000 0x00000001
core   0: 0x8000a772 (0x0000bfe5) c.j     pc - 8
core   0: 3 0x8000a772 (0xbfe5)
core   0: 0x8000a76a (0x00006f17) auipc   t5, 0x6
core   0: 3 0x8000a76a (0x00006f17) x30 0x8001076a
core   0: 0x8000a76e (0x883f2b23) sw      gp, -1898(t5)
core   0: 3 0x8000a76e (0x883f2b23) mem 0x80010000 0x00000001
core   0: 0x8000a772 (0x0000bfe5) c.j     pc - 8
core   0: 3 0x8000a772 (0xbfe5)
core   0: 0x8000a76a (0x00006f17) auipc   t5, 0x6
core   0: 3 0x8000a76a (0x00006f17) x30 0x8001076a
core   0: 0x8000a76e (0x883f2b23) sw      gp, -1898(t5)
core   0: 3 0x8000a76e (0x883f2b23) mem 0x80010000 0x00000001
core   0: 0x8000a772 (0x0000bfe5) c.j     pc - 8
core   0: 3 0x8000a772 (0xbfe5)
core   0: 0x8000a76a (0x00006f17) auipc   t5, 0x6
core   0: 3 0x8000a76a (0x00006f17) x30 0x8001076a
core   0: 0x8000a76e (0x883f2b23) sw      gp, -1898(t5)
core   0: 3 0x8000a76e (0x883f2b23) mem 0x80010000 0x00000001
core   0: 0x8000a772 (0x0000bfe5) c.j     pc - 8
core   0: 3 0x8000a772 (0xbfe5)
core   0: 0x8000a76a (0x00006f17) auipc   t5, 0x6
core   0: 3 0x8000a76a (0x00006f17) x30 0x8001076a
core   0: 0x8000a76e (0x883f2b23) sw      gp, -1898(t5)
core   0: 3 0x8000a76e (0x883f2b23) mem 0x80010000 0x00000001
core   0: 0x8000a772 (0x0000bfe5) c.j     pc - 8
core   0: 3 0x8000a772 (0xbfe5)
core   0: 0x8000a76a (0x00006f17) auipc   t5, 0x6
core   0: 3 0x8000a76a (0x00006f17) x30 0x8001076a
core   0: 0x8000a76e (0x883f2b23) sw      gp, -1898(t5)
core   0: 3 0x8000a76e (0x883f2b23) mem 0x80010000 0x00000001
core   0: 0x8000a772 (0x0000bfe5) c.j     pc - 8
core   0: 3 0x8000a772 (0xbfe5)
core   0: 0x8000a76a (0x00006f17) auipc   t5, 0x6
core   0: 3 0x8000a76a (0x00006f17) x30 0x8001076a
core   0: 0x8000a76e (0x883f2b23) sw      gp, -1898(t5)
core   0: 3 0x8000a76e (0x883f2b23) mem 0x80010000 0x00000001
core   0: 0x8000a772 (0x0000bfe5) c.j     pc - 8
core   0: 3 0x8000a772 (0xbfe5)
core   0: 0x8000a76a (0x00006f17) auipc   t5, 0x6
core   0: 3 0x8000a76a (0x00006f17) x30 0x8001076a
core   0: 0x8000a76e (0x883f2b23) sw      gp, -1898(t5)
core   0: 3 0x8000a76e (0x883f2b23) mem 0x80010000 0x00000001
core   0: 0x8000a772 (0x0000bfe5) c.j     pc - 8
core   0: 3 0x8000a772 (0xbfe5)
core   0: 0x8000a76a (0x00006f17) auipc   t5, 0x6
core   0: 3 0x8000a76a (0x00006f17) x30 0x8001076a
core   0: 0x8000a76e (0x883f2b23) sw      gp, -1898(t5)
core   0: 3 0x8000a76e (0x883f2b23) mem 0x80010000 0x00000001
core   0: 0x8000a772 (0x0000bfe5) c.j     pc - 8
core   0: 3 0x8000a772 (0xbfe5)
core   0: 0x8000a76a (0x00006f17) auipc   t5, 0x6
core   0: 3 0x8000a76a (0x00006f17) x30 0x8001076a
core   0: 0x8000a76e (0x883f2b23) sw      gp, -1898(t5)
core   0: 3 0x8000a76e (0x883f2b23) mem 0x80010000 0x00000001
core   0: 0x8000a772 (0x0000bfe5) c.j     pc - 8
core   0: 3 0x8000a772 (0xbfe5)
core   0: 0x8000a76a (0x00006f17) auipc   t5, 0x6
core   0: 3 0x8000a76a (0x00006f17) x30 0x8001076a
core   0: 0x8000a76e (0x883f2b23) sw      gp, -1898(t5)
core   0: 3 0x8000a76e (0x883f2b23) mem 0x80010000 0x00000001
core   0: 0x8000a772 (0x0000bfe5) c.j     pc - 8
core   0: 3 0x8000a772 (0xbfe5)
core   0: 0x8000a76a (0x00006f17) auipc   t5, 0x6
core   0: 3 0x8000a76a (0x00006f17) x30 0x8001076a
core   0: 0x8000a76e (0x883f2b23) sw      gp, -1898(t5)
core   0: 3 0x8000a76e (0x883f2b23) mem 0x80010000 0x00000001
core   0: 0x8000a772 (0x0000bfe5) c.j     pc - 8
core   0: 3 0x8000a772 (0xbfe5)
core   0: 0x8000a76a (0x00006f17) auipc   t5, 0x6
core   0: 3 0x8000a76a (0x00006f17) x30 0x8001076a
core   0: 0x8000a76e (0x883f2b23) sw      gp, -1898(t5)
core   0: 3 0x8000a76e (0x883f2b23) mem 0x80010000 0x00000001
core   0: 0x8000a772 (0x0000bfe5) c.j     pc - 8
core   0: 3 0x8000a772 (0xbfe5)
core   0: 0x8000a76a (0x00006f17) auipc   t5, 0x6
core   0: 3 0x8000a76a (0x00006f17) x30 0x8001076a
core   0: 0x8000a76e (0x883f2b23) sw      gp, -1898(t5)
core   0: 3 0x8000a76e (0x883f2b23) mem 0x80010000 0x00000001
core   0: 0x8000a772 (0x0000bfe5) c.j     pc - 8
core   0: 3 0x8000a772 (0xbfe5)
core   0: 0x8000a76a (0x00006f17) auipc   t5, 0x6
core   0: 3 0x8000a76a (0x00006f17) x30 0x8001076a
core   0: 0x8000a76e (0x883f2b23) sw      gp, -1898(t5)
core   0: 3 0x8000a76e (0x883f2b23) mem 0x80010000 0x00000001
core   0: 0x8000a772 (0x0000bfe5) c.j     pc - 8
core   0: 3 0x8000a772 (0xbfe5)
core   0: 0x8000a76a (0x00006f17) auipc   t5, 0x6
core   0: 3 0x8000a76a (0x00006f17) x30 0x8001076a
core   0: 0x8000a76e (0x883f2b23) sw      gp, -1898(t5)
core   0: 3 0x8000a76e (0x883f2b23) mem 0x80010000 0x00000001
core   0: 0x8000a772 (0x0000bfe5) c.j     pc - 8
core   0: 3 0x8000a772 (0xbfe5)
core   0: 0x8000a76a (0x00006f17) auipc   t5, 0x6
core   0: 3 0x8000a76a (0x00006f17) x30 0x8001076a
core   0: 0x8000a76e (0x883f2b23) sw      gp, -1898(t5)
core   0: 3 0x8000a76e (0x883f2b23) mem 0x80010000 0x00000001
core   0: 0x8000a772 (0x0000bfe5) c.j     pc - 8
core   0: 3 0x8000a772 (0xbfe5)
core   0: 0x8000a76a (0x00006f17) auipc   t5, 0x6
core   0: 3 0x8000a76a (0x00006f17) x30 0x8001076a
core   0: 0x8000a76e (0x883f2b23) sw      gp, -1898(t5)
core   0: 3 0x8000a76e (0x883f2b23) mem 0x80010000 0x00000001
core   0: 0x8000a772 (0x0000bfe5) c.j     pc - 8
core   0: 3 0x8000a772 (0xbfe5)
core   0: 0x8000a76a (0x00006f17) auipc   t5, 0x6
core   0: 3 0x8000a76a (0x00006f17) x30 0x8001076a
core   0: 0x8000a76e (0x883f2b23) sw      gp, -1898(t5)
core   0: 3 0x8000a76e (0x883f2b23) mem 0x80010000 0x00000001
core   0: 0x8000a772 (0x0000bfe5) c.j     pc - 8
core   0: 3 0x8000a772 (0xbfe5)
core   0: 0x8000a76a (0x00006f17) auipc   t5, 0x6
core   0: 3 0x8000a76a (0x00006f17) x30 0x8001076a
core   0: 0x8000a76e (0x883f2b23) sw      gp, -1898(t5)
core   0: 3 0x8000a76e (0x883f2b23) mem 0x80010000 0x00000001
core   0: 0x8000a772 (0x0000bfe5) c.j     pc - 8
core   0: 3 0x8000a772 (0xbfe5)
core   0: 0x8000a76a (0x00006f17) auipc   t5, 0x6
core   0: 3 0x8000a76a (0x00006f17) x30 0x8001076a
core   0: 0x8000a76e (0x883f2b23) sw      gp, -1898(t5)
core   0: 3 0x8000a76e (0x883f2b23) mem 0x80010000 0x00000001
core   0: 0x8000a772 (0x0000bfe5) c.j     pc - 8
core   0: 3 0x8000a772 (0xbfe5)
core   0: 0x8000a76a (0x00006f17) auipc   t5, 0x6
core   0: 3 0x8000a76a (0x00006f17) x30 0x8001076a
core   0: 0x8000a76e (0x883f2b23) sw      gp, -1898(t5)
core   0: 3 0x8000a76e (0x883f2b23) mem 0x80010000 0x00000001
core   0: 0x8000a772 (0x0000bfe5) c.j     pc - 8
core   0: 3 0x8000a772 (0xbfe5)
core   0: 0x8000a76a (0x00006f17) auipc   t5, 0x6
core   0: 3 0x8000a76a (0x00006f17) x30 0x8001076a
core   0: 0x8000a76e (0x883f2b23) sw      gp, -1898(t5)
core   0: 3 0x8000a76e (0x883f2b23) mem 0x80010000 0x00000001
core   0: 0x8000a772 (0x0000bfe5) c.j     pc - 8
core   0: 3 0x8000a772 (0xbfe5)
core   0: 0x8000a76a (0x00006f17) auipc   t5, 0x6
core   0: 3 0x8000a76a (0x00006f17) x30 0x8001076a
core   0: 0x8000a76e (0x883f2b23) sw      gp, -1898(t5)
core   0: 3 0x8000a76e (0x883f2b23) mem 0x80010000 0x00000001
core   0: 0x8000a772 (0x0000bfe5) c.j     pc - 8
core   0: 3 0x8000a772 (0xbfe5)
core   0: 0x8000a76a (0x00006f17) auipc   t5, 0x6
core   0: 3 0x8000a76a (0x00006f17) x30 0x8001076a
core   0: 0x8000a76e (0x883f2b23) sw      gp, -1898(t5)
core   0: 3 0x8000a76e (0x883f2b23) mem 0x80010000 0x00000001
core   0: 0x8000a772 (0x0000bfe5) c.j     pc - 8
core   0: 3 0x8000a772 (0xbfe5)
core   0: 0x8000a76a (0x00006f17) auipc   t5, 0x6
core   0: 3 0x8000a76a (0x00006f17) x30 0x8001076a
core   0: 0x8000a76e (0x883f2b23) sw      gp, -1898(t5)
core   0: 3 0x8000a76e (0x883f2b23) mem 0x80010000 0x00000001
core   0: 0x8000a772 (0x0000bfe5) c.j     pc - 8
core   0: 3 0x8000a772 (0xbfe5)
core   0: 0x8000a76a (0x00006f17) auipc   t5, 0x6
core   0: 3 0x8000a76a (0x00006f17) x30 0x8001076a
core   0: 0x8000a76e (0x883f2b23) sw      gp, -1898(t5)
core   0: 3 0x8000a76e (0x883f2b23) mem 0x80010000 0x00000001
core   0: 0x8000a772 (0x0000bfe5) c.j     pc - 8
core   0: 3 0x8000a772 (0xbfe5)
core   0: 0x8000a76a (0x00006f17) auipc   t5, 0x6
core   0: 3 0x8000a76a (0x00006f17) x30 0x8001076a
core   0: 0x8000a76e (0x883f2b23) sw      gp, -1898(t5)
core   0: 3 0x8000a76e (0x883f2b23) mem 0x80010000 0x00000001
core   0: 0x8000a772 (0x0000bfe5) c.j     pc - 8
core   0: 3 0x8000a772 (0xbfe5)
core   0: 0x8000a76a (0x00006f17) auipc   t5, 0x6
core   0: 3 0x8000a76a (0x00006f17) x30 0x8001076a
core   0: 0x8000a76e (0x883f2b23) sw      gp, -1898(t5)
core   0: 3 0x8000a76e (0x883f2b23) mem 0x80010000 0x00000001
core   0: 0x8000a772 (0x0000bfe5) c.j     pc - 8
core   0: 3 0x8000a772 (0xbfe5)
core   0: 0x8000a76a (0x00006f17) auipc   t5, 0x6
core   0: 3 0x8000a76a (0x00006f17) x30 0x8001076a
core   0: 0x8000a76e (0x883f2b23) sw      gp, -1898(t5)
core   0: 3 0x8000a76e (0x883f2b23) mem 0x80010000 0x00000001
core   0: 0x8000a772 (0x0000bfe5) c.j     pc - 8
core   0: 3 0x8000a772 (0xbfe5)
core   0: 0x8000a76a (0x00006f17) auipc   t5, 0x6
core   0: 3 0x8000a76a (0x00006f17) x30 0x8001076a
core   0: 0x8000a76e (0x883f2b23) sw      gp, -1898(t5)
core   0: 3 0x8000a76e (0x883f2b23) mem 0x80010000 0x00000001
core   0: 0x8000a772 (0x0000bfe5) c.j     pc - 8
core   0: 3 0x8000a772 (0xbfe5)
core   0: 0x8000a76a (0x00006f17) auipc   t5, 0x6
core   0: 3 0x8000a76a (0x00006f17) x30 0x8001076a
core   0: 0x8000a76e (0x883f2b23) sw      gp, -1898(t5)
core   0: 3 0x8000a76e (0x883f2b23) mem 0x80010000 0x00000001
core   0: 0x8000a772 (0x0000bfe5) c.j     pc - 8
core   0: 3 0x8000a772 (0xbfe5)
core   0: 0x8000a76a (0x00006f17) auipc   t5, 0x6
core   0: 3 0x8000a76a (0x00006f17) x30 0x8001076a
core   0: 0x8000a76e (0x883f2b23) sw      gp, -1898(t5)
core   0: 3 0x8000a76e (0x883f2b23) mem 0x80010000 0x00000001
core   0: 0x8000a772 (0x0000bfe5) c.j     pc - 8
core   0: 3 0x8000a772 (0xbfe5)
core   0: 0x8000a76a (0x00006f17) auipc   t5, 0x6
core   0: 3 0x8000a76a (0x00006f17) x30 0x8001076a
core   0: 0x8000a76e (0x883f2b23) sw      gp, -1898(t5)
core   0: 3 0x8000a76e (0x883f2b23) mem 0x80010000 0x00000001
core   0: 0x8000a772 (0x0000bfe5) c.j     pc - 8
core   0: 3 0x8000a772 (0xbfe5)
core   0: 0x8000a76a (0x00006f17) auipc   t5, 0x6
core   0: 3 0x8000a76a (0x00006f17) x30 0x8001076a
core   0: 0x8000a76e (0x883f2b23) sw      gp, -1898(t5)
core   0: 3 0x8000a76e (0x883f2b23) mem 0x80010000 0x00000001
core   0: 0x8000a772 (0x0000bfe5) c.j     pc - 8
core   0: 3 0x8000a772 (0xbfe5)
core   0: 0x8000a76a (0x00006f17) auipc   t5, 0x6
core   0: 3 0x8000a76a (0x00006f17) x30 0x8001076a
core   0: 0x8000a76e (0x883f2b23) sw      gp, -1898(t5)
core   0: 3 0x8000a76e (0x883f2b23) mem 0x80010000 0x00000001
core   0: 0x8000a772 (0x0000bfe5) c.j     pc - 8
core   0: 3 0x8000a772 (0xbfe5)
core   0: 0x8000a76a (0x00006f17) auipc   t5, 0x6
core   0: 3 0x8000a76a (0x00006f17) x30 0x8001076a
core   0: 0x8000a76e (0x883f2b23) sw      gp, -1898(t5)
core   0: 3 0x8000a76e (0x883f2b23) mem 0x80010000 0x00000001
core   0: 0x8000a772 (0x0000bfe5) c.j     pc - 8
core   0: 3 0x8000a772 (0xbfe5)
core   0: 0x8000a76a (0x00006f17) auipc   t5, 0x6
core   0: 3 0x8000a76a (0x00006f17) x30 0x8001076a
core   0: 0x8000a76e (0x883f2b23) sw      gp, -1898(t5)
core   0: 3 0x8000a76e (0x883f2b23) mem 0x80010000 0x00000001
core   0: 0x8000a772 (0x0000bfe5) c.j     pc - 8
core   0: 3 0x8000a772 (0xbfe5)
core   0: 0x8000a76a (0x00006f17) auipc   t5, 0x6
core   0: 3 0x8000a76a (0x00006f17) x30 0x8001076a
core   0: 0x8000a76e (0x883f2b23) sw      gp, -1898(t5)
core   0: 3 0x8000a76e (0x883f2b23) mem 0x80010000 0x00000001
core   0: 0x8000a772 (0x0000bfe5) c.j     pc - 8
core   0: 3 0x8000a772 (0xbfe5)
core   0: 0x8000a76a (0x00006f17) auipc   t5, 0x6
core   0: 3 0x8000a76a (0x00006f17) x30 0x8001076a
core   0: 0x8000a76e (0x883f2b23) sw      gp, -1898(t5)
core   0: 3 0x8000a76e (0x883f2b23) mem 0x80010000 0x00000001
core   0: 0x8000a772 (0x0000bfe5) c.j     pc - 8
core   0: 3 0x8000a772 (0xbfe5)
core   0: 0x8000a76a (0x00006f17) auipc   t5, 0x6
core   0: 3 0x8000a76a (0x00006f17) x30 0x8001076a
core   0: 0x8000a76e (0x883f2b23) sw      gp, -1898(t5)
core   0: 3 0x8000a76e (0x883f2b23) mem 0x80010000 0x00000001
core   0: 0x8000a772 (0x0000bfe5) c.j     pc - 8
core   0: 3 0x8000a772 (0xbfe5)
core   0: 0x8000a76a (0x00006f17) auipc   t5, 0x6
core   0: 3 0x8000a76a (0x00006f17) x30 0x8001076a
core   0: 0x8000a76e (0x883f2b23) sw      gp, -1898(t5)
core   0: 3 0x8000a76e (0x883f2b23) mem 0x80010000 0x00000001
core   0: 0x8000a772 (0x0000bfe5) c.j     pc - 8
core   0: 3 0x8000a772 (0xbfe5)
core   0: 0x8000a76a (0x00006f17) auipc   t5, 0x6
core   0: 3 0x8000a76a (0x00006f17) x30 0x8001076a
core   0: 0x8000a76e (0x883f2b23) sw      gp, -1898(t5)
core   0: 3 0x8000a76e (0x883f2b23) mem 0x80010000 0x00000001
core   0: 0x8000a772 (0x0000bfe5) c.j     pc - 8
core   0: 3 0x8000a772 (0xbfe5)
core   0: 0x8000a76a (0x00006f17) auipc   t5, 0x6
core   0: 3 0x8000a76a (0x00006f17) x30 0x8001076a
core   0: 0x8000a76e (0x883f2b23) sw      gp, -1898(t5)
core   0: 3 0x8000a76e (0x883f2b23) mem 0x80010000 0x00000001
core   0: 0x8000a772 (0x0000bfe5) c.j     pc - 8
core   0: 3 0x8000a772 (0xbfe5)
core   0: 0x8000a76a (0x00006f17) auipc   t5, 0x6
core   0: 3 0x8000a76a (0x00006f17) x30 0x8001076a
core   0: 0x8000a76e (0x883f2b23) sw      gp, -1898(t5)
core   0: 3 0x8000a76e (0x883f2b23) mem 0x80010000 0x00000001
core   0: 0x8000a772 (0x0000bfe5) c.j     pc - 8
core   0: 3 0x8000a772 (0xbfe5)
core   0: 0x8000a76a (0x00006f17) auipc   t5, 0x6
core   0: 3 0x8000a76a (0x00006f17) x30 0x8001076a
core   0: 0x8000a76e (0x883f2b23) sw      gp, -1898(t5)
core   0: 3 0x8000a76e (0x883f2b23) mem 0x80010000 0x00000001
core   0: 0x8000a772 (0x0000bfe5) c.j     pc - 8
core   0: 3 0x8000a772 (0xbfe5)
core   0: 0x8000a76a (0x00006f17) auipc   t5, 0x6
core   0: 3 0x8000a76a (0x00006f17) x30 0x8001076a
core   0: 0x8000a76e (0x883f2b23) sw      gp, -1898(t5)
core   0: 3 0x8000a76e (0x883f2b23) mem 0x80010000 0x00000001
core   0: 0x8000a772 (0x0000bfe5) c.j     pc - 8
core   0: 3 0x8000a772 (0xbfe5)
core   0: 0x8000a76a (0x00006f17) auipc   t5, 0x6
core   0: 3 0x8000a76a (0x00006f17) x30 0x8001076a
core   0: 0x8000a76e (0x883f2b23) sw      gp, -1898(t5)
core   0: 3 0x8000a76e (0x883f2b23) mem 0x80010000 0x00000001
core   0: 0x8000a772 (0x0000bfe5) c.j     pc - 8
core   0: 3 0x8000a772 (0xbfe5)
core   0: 0x8000a76a (0x00006f17) auipc   t5, 0x6
core   0: 3 0x8000a76a (0x00006f17) x30 0x8001076a
core   0: 0x8000a76e (0x883f2b23) sw      gp, -1898(t5)
core   0: 3 0x8000a76e (0x883f2b23) mem 0x80010000 0x00000001
core   0: 0x8000a772 (0x0000bfe5) c.j     pc - 8
core   0: 3 0x8000a772 (0xbfe5)
core   0: 0x8000a76a (0x00006f17) auipc   t5, 0x6
core   0: 3 0x8000a76a (0x00006f17) x30 0x8001076a
core   0: 0x8000a76e (0x883f2b23) sw      gp, -1898(t5)
core   0: 3 0x8000a76e (0x883f2b23) mem 0x80010000 0x00000001
core   0: 0x8000a772 (0x0000bfe5) c.j     pc - 8
core   0: 3 0x8000a772 (0xbfe5)
core   0: 0x8000a76a (0x00006f17) auipc   t5, 0x6
core   0: 3 0x8000a76a (0x00006f17) x30 0x8001076a
core   0: 0x8000a76e (0x883f2b23) sw      gp, -1898(t5)
core   0: 3 0x8000a76e (0x883f2b23) mem 0x80010000 0x00000001
core   0: 0x8000a772 (0x0000bfe5) c.j     pc - 8
core   0: 3 0x8000a772 (0xbfe5)
core   0: 0x8000a76a (0x00006f17) auipc   t5, 0x6
core   0: 3 0x8000a76a (0x00006f17) x30 0x8001076a
core   0: 0x8000a76e (0x883f2b23) sw      gp, -1898(t5)
core   0: 3 0x8000a76e (0x883f2b23) mem 0x80010000 0x00000001
core   0: 0x8000a772 (0x0000bfe5) c.j     pc - 8
core   0: 3 0x8000a772 (0xbfe5)
core   0: 0x8000a76a (0x00006f17) auipc   t5, 0x6
core   0: 3 0x8000a76a (0x00006f17) x30 0x8001076a
core   0: 0x8000a76e (0x883f2b23) sw      gp, -1898(t5)
core   0: 3 0x8000a76e (0x883f2b23) mem 0x80010000 0x00000001
core   0: 0x8000a772 (0x0000bfe5) c.j     pc - 8
core   0: 3 0x8000a772 (0xbfe5)
core   0: 0x8000a76a (0x00006f17) auipc   t5, 0x6
core   0: 3 0x8000a76a (0x00006f17) x30 0x8001076a
core   0: 0x8000a76e (0x883f2b23) sw      gp, -1898(t5)
core   0: 3 0x8000a76e (0x883f2b23) mem 0x80010000 0x00000001
core   0: 0x8000a772 (0x0000bfe5) c.j     pc - 8
core   0: 3 0x8000a772 (0xbfe5)
core   0: 0x8000a76a (0x00006f17) auipc   t5, 0x6
core   0: 3 0x8000a76a (0x00006f17) x30 0x8001076a
core   0: 0x8000a76e (0x883f2b23) sw      gp, -1898(t5)
core   0: 3 0x8000a76e (0x883f2b23) mem 0x80010000 0x00000001
core   0: 0x8000a772 (0x0000bfe5) c.j     pc - 8
core   0: 3 0x8000a772 (0xbfe5)
core   0: 0x8000a76a (0x00006f17) auipc   t5, 0x6
core   0: 3 0x8000a76a (0x00006f17) x30 0x8001076a
core   0: 0x8000a76e (0x883f2b23) sw      gp, -1898(t5)
core   0: 3 0x8000a76e (0x883f2b23) mem 0x80010000 0x00000001
core   0: 0x8000a772 (0x0000bfe5) c.j     pc - 8
core   0: 3 0x8000a772 (0xbfe5)
core   0: 0x8000a76a (0x00006f17) auipc   t5, 0x6
core   0: 3 0x8000a76a (0x00006f17) x30 0x8001076a
core   0: 0x8000a76e (0x883f2b23) sw      gp, -1898(t5)
core   0: 3 0x8000a76e (0x883f2b23) mem 0x80010000 0x00000001
core   0: 0x8000a772 (0x0000bfe5) c.j     pc - 8
core   0: 3 0x8000a772 (0xbfe5)
core   0: 0x8000a76a (0x00006f17) auipc   t5, 0x6
core   0: 3 0x8000a76a (0x00006f17) x30 0x8001076a
core   0: 0x8000a76e (0x883f2b23) sw      gp, -1898(t5)
core   0: 3 0x8000a76e (0x883f2b23) mem 0x80010000 0x00000001
core   0: 0x8000a772 (0x0000bfe5) c.j     pc - 8
core   0: 3 0x8000a772 (0xbfe5)
core   0: 0x8000a76a (0x00006f17) auipc   t5, 0x6
core   0: 3 0x8000a76a (0x00006f17) x30 0x8001076a
core   0: 0x8000a76e (0x883f2b23) sw      gp, -1898(t5)
core   0: 3 0x8000a76e (0x883f2b23) mem 0x80010000 0x00000001
core   0: 0x8000a772 (0x0000bfe5) c.j     pc - 8
core   0: 3 0x8000a772 (0xbfe5)
core   0: 0x8000a76a (0x00006f17) auipc   t5, 0x6
core   0: 3 0x8000a76a (0x00006f17) x30 0x8001076a
core   0: 0x8000a76e (0x883f2b23) sw      gp, -1898(t5)
core   0: 3 0x8000a76e (0x883f2b23) mem 0x80010000 0x00000001
core   0: 0x8000a772 (0x0000bfe5) c.j     pc - 8
core   0: 3 0x8000a772 (0xbfe5)
core   0: 0x8000a76a (0x00006f17) auipc   t5, 0x6
core   0: 3 0x8000a76a (0x00006f17) x30 0x8001076a
core   0: 0x8000a76e (0x883f2b23) sw      gp, -1898(t5)
core   0: 3 0x8000a76e (0x883f2b23) mem 0x80010000 0x00000001
core   0: 0x8000a772 (0x0000bfe5) c.j     pc - 8
core   0: 3 0x8000a772 (0xbfe5)
core   0: 0x8000a76a (0x00006f17) auipc   t5, 0x6
core   0: 3 0x8000a76a (0x00006f17) x30 0x8001076a
core   0: 0x8000a76e (0x883f2b23) sw      gp, -1898(t5)
core   0: 3 0x8000a76e (0x883f2b23) mem 0x80010000 0x00000001
core   0: 0x8000a772 (0x0000bfe5) c.j     pc - 8
core   0: 3 0x8000a772 (0xbfe5)
core   0: 0x8000a76a (0x00006f17) auipc   t5, 0x6
core   0: 3 0x8000a76a (0x00006f17) x30 0x8001076a
core   0: 0x8000a76e (0x883f2b23) sw      gp, -1898(t5)
core   0: 3 0x8000a76e (0x883f2b23) mem 0x80010000 0x00000001
core   0: 0x8000a772 (0x0000bfe5) c.j     pc - 8
core   0: 3 0x8000a772 (0xbfe5)
core   0: 0x8000a76a (0x00006f17) auipc   t5, 0x6
core   0: 3 0x8000a76a (0x00006f17) x30 0x8001076a
core   0: 0x8000a76e (0x883f2b23) sw      gp, -1898(t5)
core   0: 3 0x8000a76e (0x883f2b23) mem 0x80010000 0x00000001
core   0: 0x8000a772 (0x0000bfe5) c.j     pc - 8
core   0: 3 0x8000a772 (0xbfe5)
core   0: 0x8000a76a (0x00006f17) auipc   t5, 0x6
core   0: 3 0x8000a76a (0x00006f17) x30 0x8001076a
core   0: 0x8000a76e (0x883f2b23) sw      gp, -1898(t5)
core   0: 3 0x8000a76e (0x883f2b23) mem 0x80010000 0x00000001
core   0: 0x8000a772 (0x0000bfe5) c.j     pc - 8
core   0: 3 0x8000a772 (0xbfe5)
core   0: 0x8000a76a (0x00006f17) auipc   t5, 0x6
core   0: 3 0x8000a76a (0x00006f17) x30 0x8001076a
core   0: 0x8000a76e (0x883f2b23) sw      gp, -1898(t5)
core   0: 3 0x8000a76e (0x883f2b23) mem 0x80010000 0x00000001
core   0: 0x8000a772 (0x0000bfe5) c.j     pc - 8
core   0: 3 0x8000a772 (0xbfe5)
core   0: 0x8000a76a (0x00006f17) auipc   t5, 0x6
core   0: 3 0x8000a76a (0x00006f17) x30 0x8001076a
core   0: 0x8000a76e (0x883f2b23) sw      gp, -1898(t5)
core   0: 3 0x8000a76e (0x883f2b23) mem 0x80010000 0x00000001
core   0: 0x8000a772 (0x0000bfe5) c.j     pc - 8
core   0: 3 0x8000a772 (0xbfe5)
core   0: 0x8000a76a (0x00006f17) auipc   t5, 0x6
core   0: 3 0x8000a76a (0x00006f17) x30 0x8001076a
core   0: 0x8000a76e (0x883f2b23) sw      gp, -1898(t5)
core   0: 3 0x8000a76e (0x883f2b23) mem 0x80010000 0x00000001
core   0: 0x8000a772 (0x0000bfe5) c.j     pc - 8
core   0: 3 0x8000a772 (0xbfe5)
core   0: 0x8000a76a (0x00006f17) auipc   t5, 0x6
core   0: 3 0x8000a76a (0x00006f17) x30 0x8001076a
core   0: 0x8000a76e (0x883f2b23) sw      gp, -1898(t5)
core   0: 3 0x8000a76e (0x883f2b23) mem 0x80010000 0x00000001
core   0: 0x8000a772 (0x0000bfe5) c.j     pc - 8
core   0: 3 0x8000a772 (0xbfe5)
core   0: 0x8000a76a (0x00006f17) auipc   t5, 0x6
core   0: 3 0x8000a76a (0x00006f17) x30 0x8001076a
core   0: 0x8000a76e (0x883f2b23) sw      gp, -1898(t5)
core   0: 3 0x8000a76e (0x883f2b23) mem 0x80010000 0x00000001
core   0: 0x8000a772 (0x0000bfe5) c.j     pc - 8
core   0: 3 0x8000a772 (0xbfe5)
core   0: 0x8000a76a (0x00006f17) auipc   t5, 0x6
core   0: 3 0x8000a76a (0x00006f17) x30 0x8001076a
core   0: 0x8000a76e (0x883f2b23) sw      gp, -1898(t5)
core   0: 3 0x8000a76e (0x883f2b23) mem 0x80010000 0x00000001
core   0: 0x8000a772 (0x0000bfe5) c.j     pc - 8
core   0: 3 0x8000a772 (0xbfe5)
core   0: 0x8000a76a (0x00006f17) auipc   t5, 0x6
core   0: 3 0x8000a76a (0x00006f17) x30 0x8001076a
core   0: 0x8000a76e (0x883f2b23) sw      gp, -1898(t5)
core   0: 3 0x8000a76e (0x883f2b23) mem 0x80010000 0x00000001
core   0: 0x8000a772 (0x0000bfe5) c.j     pc - 8
core   0: 3 0x8000a772 (0xbfe5)
core   0: 0x8000a76a (0x00006f17) auipc   t5, 0x6
core   0: 3 0x8000a76a (0x00006f17) x30 0x8001076a
core   0: 0x8000a76e (0x883f2b23) sw      gp, -1898(t5)
core   0: 3 0x8000a76e (0x883f2b23) mem 0x80010000 0x00000001
core   0: 0x8000a772 (0x0000bfe5) c.j     pc - 8
core   0: 3 0x8000a772 (0xbfe5)
core   0: 0x8000a76a (0x00006f17) auipc   t5, 0x6
core   0: 3 0x8000a76a (0x00006f17) x30 0x8001076a
core   0: 0x8000a76e (0x883f2b23) sw      gp, -1898(t5)
core   0: 3 0x8000a76e (0x883f2b23) mem 0x80010000 0x00000001
core   0: 0x8000a772 (0x0000bfe5) c.j     pc - 8
core   0: 3 0x8000a772 (0xbfe5)
core   0: 0x8000a76a (0x00006f17) auipc   t5, 0x6
core   0: 3 0x8000a76a (0x00006f17) x30 0x8001076a
core   0: 0x8000a76e (0x883f2b23) sw      gp, -1898(t5)
core   0: 3 0x8000a76e (0x883f2b23) mem 0x80010000 0x00000001
core   0: 0x8000a772 (0x0000bfe5) c.j     pc - 8
core   0: 3 0x8000a772 (0xbfe5)
core   0: 0x8000a76a (0x00006f17) auipc   t5, 0x6
core   0: 3 0x8000a76a (0x00006f17) x30 0x8001076a
core   0: 0x8000a76e (0x883f2b23) sw      gp, -1898(t5)
core   0: 3 0x8000a76e (0x883f2b23) mem 0x80010000 0x00000001
core   0: 0x8000a772 (0x0000bfe5) c.j     pc - 8
core   0: 3 0x8000a772 (0xbfe5)
core   0: 0x8000a76a (0x00006f17) auipc   t5, 0x6
core   0: 3 0x8000a76a (0x00006f17) x30 0x8001076a
core   0: 0x8000a76e (0x883f2b23) sw      gp, -1898(t5)
core   0: 3 0x8000a76e (0x883f2b23) mem 0x80010000 0x00000001
core   0: 0x8000a772 (0x0000bfe5) c.j     pc - 8
core   0: 3 0x8000a772 (0xbfe5)
core   0: 0x8000a76a (0x00006f17) auipc   t5, 0x6
core   0: 3 0x8000a76a (0x00006f17) x30 0x8001076a
core   0: 0x8000a76e (0x883f2b23) sw      gp, -1898(t5)
core   0: 3 0x8000a76e (0x883f2b23) mem 0x80010000 0x00000001
core   0: 0x8000a772 (0x0000bfe5) c.j     pc - 8
core   0: 3 0x8000a772 (0xbfe5)
core   0: 0x8000a76a (0x00006f17) auipc   t5, 0x6
core   0: 3 0x8000a76a (0x00006f17) x30 0x8001076a
core   0: 0x8000a76e (0x883f2b23) sw      gp, -1898(t5)
core   0: 3 0x8000a76e (0x883f2b23) mem 0x80010000 0x00000001
core   0: 0x8000a772 (0x0000bfe5) c.j     pc - 8
core   0: 3 0x8000a772 (0xbfe5)
core   0: 0x8000a76a (0x00006f17) auipc   t5, 0x6
core   0: 3 0x8000a76a (0x00006f17) x30 0x8001076a
core   0: 0x8000a76e (0x883f2b23) sw      gp, -1898(t5)
core   0: 3 0x8000a76e (0x883f2b23) mem 0x80010000 0x00000001
core   0: 0x8000a772 (0x0000bfe5) c.j     pc - 8
core   0: 3 0x8000a772 (0xbfe5)
core   0: 0x8000a76a (0x00006f17) auipc   t5, 0x6
core   0: 3 0x8000a76a (0x00006f17) x30 0x8001076a
core   0: 0x8000a76e (0x883f2b23) sw      gp, -1898(t5)
core   0: 3 0x8000a76e (0x883f2b23) mem 0x80010000 0x00000001
core   0: 0x8000a772 (0x0000bfe5) c.j     pc - 8
core   0: 3 0x8000a772 (0xbfe5)
core   0: 0x8000a76a (0x00006f17) auipc   t5, 0x6
core   0: 3 0x8000a76a (0x00006f17) x30 0x8001076a
core   0: 0x8000a76e (0x883f2b23) sw      gp, -1898(t5)
core   0: 3 0x8000a76e (0x883f2b23) mem 0x80010000 0x00000001
core   0: 0x8000a772 (0x0000bfe5) c.j     pc - 8
core   0: 3 0x8000a772 (0xbfe5)
core   0: 0x8000a76a (0x00006f17) auipc   t5, 0x6
core   0: 3 0x8000a76a (0x00006f17) x30 0x8001076a
core   0: 0x8000a76e (0x883f2b23) sw      gp, -1898(t5)
core   0: 3 0x8000a76e (0x883f2b23) mem 0x80010000 0x00000001
core   0: 0x8000a772 (0x0000bfe5) c.j     pc - 8
core   0: 3 0x8000a772 (0xbfe5)
core   0: 0x8000a76a (0x00006f17) auipc   t5, 0x6
core   0: 3 0x8000a76a (0x00006f17) x30 0x8001076a
core   0: 0x8000a76e (0x883f2b23) sw      gp, -1898(t5)
core   0: 3 0x8000a76e (0x883f2b23) mem 0x80010000 0x00000001
core   0: 0x8000a772 (0x0000bfe5) c.j     pc - 8
core   0: 3 0x8000a772 (0xbfe5)
core   0: 0x8000a76a (0x00006f17) auipc   t5, 0x6
core   0: 3 0x8000a76a (0x00006f17) x30 0x8001076a
core   0: 0x8000a76e (0x883f2b23) sw      gp, -1898(t5)
core   0: 3 0x8000a76e (0x883f2b23) mem 0x80010000 0x00000001
core   0: 0x8000a772 (0x0000bfe5) c.j     pc - 8
core   0: 3 0x8000a772 (0xbfe5)
core   0: 0x8000a76a (0x00006f17) auipc   t5, 0x6
core   0: 3 0x8000a76a (0x00006f17) x30 0x8001076a
core   0: 0x8000a76e (0x883f2b23) sw      gp, -1898(t5)
core   0: 3 0x8000a76e (0x883f2b23) mem 0x80010000 0x00000001
core   0: 0x8000a772 (0x0000bfe5) c.j     pc - 8
core   0: 3 0x8000a772 (0xbfe5)
core   0: 0x8000a76a (0x00006f17) auipc   t5, 0x6
core   0: 3 0x8000a76a (0x00006f17) x30 0x8001076a
core   0: 0x8000a76e (0x883f2b23) sw      gp, -1898(t5)
core   0: 3 0x8000a76e (0x883f2b23) mem 0x80010000 0x00000001
core   0: 0x8000a772 (0x0000bfe5) c.j     pc - 8
core   0: 3 0x8000a772 (0xbfe5)
core   0: 0x8000a76a (0x00006f17) auipc   t5, 0x6
core   0: 3 0x8000a76a (0x00006f17) x30 0x8001076a
core   0: 0x8000a76e (0x883f2b23) sw      gp, -1898(t5)
core   0: 3 0x8000a76e (0x883f2b23) mem 0x80010000 0x00000001
core   0: 0x8000a772 (0x0000bfe5) c.j     pc - 8
core   0: 3 0x8000a772 (0xbfe5)
core   0: 0x8000a76a (0x00006f17) auipc   t5, 0x6
core   0: 3 0x8000a76a (0x00006f17) x30 0x8001076a
core   0: 0x8000a76e (0x883f2b23) sw      gp, -1898(t5)
core   0: 3 0x8000a76e (0x883f2b23) mem 0x80010000 0x00000001
core   0: 0x8000a772 (0x0000bfe5) c.j     pc - 8
core   0: 3 0x8000a772 (0xbfe5)
core   0: 0x8000a76a (0x00006f17) auipc   t5, 0x6
core   0: 3 0x8000a76a (0x00006f17) x30 0x8001076a
core   0: 0x8000a76e (0x883f2b23) sw      gp, -1898(t5)
core   0: 3 0x8000a76e (0x883f2b23) mem 0x80010000 0x00000001
core   0: 0x8000a772 (0x0000bfe5) c.j     pc - 8
core   0: 3 0x8000a772 (0xbfe5)
core   0: 0x8000a76a (0x00006f17) auipc   t5, 0x6
core   0: 3 0x8000a76a (0x00006f17) x30 0x8001076a
core   0: 0x8000a76e (0x883f2b23) sw      gp, -1898(t5)
core   0: 3 0x8000a76e (0x883f2b23) mem 0x80010000 0x00000001
core   0: 0x8000a772 (0x0000bfe5) c.j     pc - 8
core   0: 3 0x8000a772 (0xbfe5)
core   0: 0x8000a76a (0x00006f17) auipc   t5, 0x6
core   0: 3 0x8000a76a (0x00006f17) x30 0x8001076a
core   0: 0x8000a76e (0x883f2b23) sw      gp, -1898(t5)
core   0: 3 0x8000a76e (0x883f2b23) mem 0x80010000 0x00000001
core   0: 0x8000a772 (0x0000bfe5) c.j     pc - 8
core   0: 3 0x8000a772 (0xbfe5)
core   0: 0x8000a76a (0x00006f17) auipc   t5, 0x6
core   0: 3 0x8000a76a (0x00006f17) x30 0x8001076a
core   0: 0x8000a76e (0x883f2b23) sw      gp, -1898(t5)
core   0: 3 0x8000a76e (0x883f2b23) mem 0x80010000 0x00000001
core   0: 0x8000a772 (0x0000bfe5) c.j     pc - 8
core   0: 3 0x8000a772 (0xbfe5)
core   0: 0x8000a76a (0x00006f17) auipc   t5, 0x6
core   0: 3 0x8000a76a (0x00006f17) x30 0x8001076a
core   0: 0x8000a76e (0x883f2b23) sw      gp, -1898(t5)
core   0: 3 0x8000a76e (0x883f2b23) mem 0x80010000 0x00000001
core   0: 0x8000a772 (0x0000bfe5) c.j     pc - 8
core   0: 3 0x8000a772 (0xbfe5)
core   0: 0x8000a76a (0x00006f17) auipc   t5, 0x6
core   0: 3 0x8000a76a (0x00006f17) x30 0x8001076a
core   0: 0x8000a76e (0x883f2b23) sw      gp, -1898(t5)
core   0: 3 0x8000a76e (0x883f2b23) mem 0x80010000 0x00000001
core   0: 0x8000a772 (0x0000bfe5) c.j     pc - 8
core   0: 3 0x8000a772 (0xbfe5)
core   0: 0x8000a76a (0x00006f17) auipc   t5, 0x6
core   0: 3 0x8000a76a (0x00006f17) x30 0x8001076a
core   0: 0x8000a76e (0x883f2b23) sw      gp, -1898(t5)
core   0: 3 0x8000a76e (0x883f2b23) mem 0x80010000 0x00000001
core   0: 0x8000a772 (0x0000bfe5) c.j     pc - 8
core   0: 3 0x8000a772 (0xbfe5)
core   0: 0x8000a76a (0x00006f17) auipc   t5, 0x6
core   0: 3 0x8000a76a (0x00006f17) x30 0x8001076a
core   0: 0x8000a76e (0x883f2b23) sw      gp, -1898(t5)
core   0: 3 0x8000a76e (0x883f2b23) mem 0x80010000 0x00000001
core   0: 0x8000a772 (0x0000bfe5) c.j     pc - 8
core   0: 3 0x8000a772 (0xbfe5)
core   0: 0x8000a76a (0x00006f17) auipc   t5, 0x6
core   0: 3 0x8000a76a (0x00006f17) x30 0x8001076a
core   0: 0x8000a76e (0x883f2b23) sw      gp, -1898(t5)
core   0: 3 0x8000a76e (0x883f2b23) mem 0x80010000 0x00000001
core   0: 0x8000a772 (0x0000bfe5) c.j     pc - 8
core   0: 3 0x8000a772 (0xbfe5)
core   0: 0x8000a76a (0x00006f17) auipc   t5, 0x6
core   0: 3 0x8000a76a (0x00006f17) x30 0x8001076a
core   0: 0x8000a76e (0x883f2b23) sw      gp, -1898(t5)
core   0: 3 0x8000a76e (0x883f2b23) mem 0x80010000 0x00000001
core   0: 0x8000a772 (0x0000bfe5) c.j     pc - 8
core   0: 3 0x8000a772 (0xbfe5)
core   0: 0x8000a76a (0x00006f17) auipc   t5, 0x6
core   0: 3 0x8000a76a (0x00006f17) x30 0x8001076a
core   0: 0x8000a76e (0x883f2b23) sw      gp, -1898(t5)
core   0: 3 0x8000a76e (0x883f2b23) mem 0x80010000 0x00000001
core   0: 0x8000a772 (0x0000bfe5) c.j     pc - 8
core   0: 3 0x8000a772 (0xbfe5)
core   0: 0x8000a76a (0x00006f17) auipc   t5, 0x6
core   0: 3 0x8000a76a (0x00006f17) x30 0x8001076a
core   0: 0x8000a76e (0x883f2b23) sw      gp, -1898(t5)
core   0: 3 0x8000a76e (0x883f2b23) mem 0x80010000 0x00000001
core   0: 0x8000a772 (0x0000bfe5) c.j     pc - 8
core   0: 3 0x8000a772 (0xbfe5)
core   0: 0x8000a76a (0x00006f17) auipc   t5, 0x6
core   0: 3 0x8000a76a (0x00006f17) x30 0x8001076a
core   0: 0x8000a76e (0x883f2b23) sw      gp, -1898(t5)
core   0: 3 0x8000a76e (0x883f2b23) mem 0x80010000 0x00000001
core   0: 0x8000a772 (0x0000bfe5) c.j     pc - 8
core   0: 3 0x8000a772 (0xbfe5)
core   0: 0x8000a76a (0x00006f17) auipc   t5, 0x6
core   0: 3 0x8000a76a (0x00006f17) x30 0x8001076a
core   0: 0x8000a76e (0x883f2b23) sw      gp, -1898(t5)
core   0: 3 0x8000a76e (0x883f2b23) mem 0x80010000 0x00000001
core   0: 0x8000a772 (0x0000bfe5) c.j     pc - 8
core   0: 3 0x8000a772 (0xbfe5)
core   0: 0x8000a76a (0x00006f17) auipc   t5, 0x6
core   0: 3 0x8000a76a (0x00006f17) x30 0x8001076a
core   0: 0x8000a76e (0x883f2b23) sw      gp, -1898(t5)
core   0: 3 0x8000a76e (0x883f2b23) mem 0x80010000 0x00000001
core   0: 0x8000a772 (0x0000bfe5) c.j     pc - 8
core   0: 3 0x8000a772 (0xbfe5)
core   0: 0x8000a76a (0x00006f17) auipc   t5, 0x6
core   0: 3 0x8000a76a (0x00006f17) x30 0x8001076a
core   0: 0x8000a76e (0x883f2b23) sw      gp, -1898(t5)
core   0: 3 0x8000a76e (0x883f2b23) mem 0x80010000 0x00000001
core   0: 0x8000a772 (0x0000bfe5) c.j     pc - 8
core   0: 3 0x8000a772 (0xbfe5)
core   0: 0x8000a76a (0x00006f17) auipc   t5, 0x6
core   0: 3 0x8000a76a (0x00006f17) x30 0x8001076a
core   0: 0x8000a76e (0x883f2b23) sw      gp, -1898(t5)
core   0: 3 0x8000a76e (0x883f2b23) mem 0x80010000 0x00000001
core   0: 0x8000a772 (0x0000bfe5) c.j     pc - 8
core   0: 3 0x8000a772 (0xbfe5)
core   0: 0x8000a76a (0x00006f17) auipc   t5, 0x6
core   0: 3 0x8000a76a (0x00006f17) x30 0x8001076a
core   0: 0x8000a76e (0x883f2b23) sw      gp, -1898(t5)
core   0: 3 0x8000a76e (0x883f2b23) mem 0x80010000 0x00000001
core   0: 0x8000a772 (0x0000bfe5) c.j     pc - 8
core   0: 3 0x8000a772 (0xbfe5)
core   0: 0x8000a76a (0x00006f17) auipc   t5, 0x6
core   0: 3 0x8000a76a (0x00006f17) x30 0x8001076a
core   0: 0x8000a76e (0x883f2b23) sw      gp, -1898(t5)
core   0: 3 0x8000a76e (0x883f2b23) mem 0x80010000 0x00000001
core   0: 0x8000a772 (0x0000bfe5) c.j     pc - 8
core   0: 3 0x8000a772 (0xbfe5)
core   0: 0x8000a76a (0x00006f17) auipc   t5, 0x6
core   0: 3 0x8000a76a (0x00006f17) x30 0x8001076a
core   0: 0x8000a76e (0x883f2b23) sw      gp, -1898(t5)
core   0: 3 0x8000a76e (0x883f2b23) mem 0x80010000 0x00000001
core   0: 0x8000a772 (0x0000bfe5) c.j     pc - 8
core   0: 3 0x8000a772 (0xbfe5)
core   0: 0x8000a76a (0x00006f17) auipc   t5, 0x6
core   0: 3 0x8000a76a (0x00006f17) x30 0x8001076a
core   0: 0x8000a76e (0x883f2b23) sw      gp, -1898(t5)
core   0: 3 0x8000a76e (0x883f2b23) mem 0x80010000 0x00000001
core   0: 0x8000a772 (0x0000bfe5) c.j     pc - 8
core   0: 3 0x8000a772 (0xbfe5)
core   0: 0x8000a76a (0x00006f17) auipc   t5, 0x6
core   0: 3 0x8000a76a (0x00006f17) x30 0x8001076a
core   0: 0x8000a76e (0x883f2b23) sw      gp, -1898(t5)
core   0: 3 0x8000a76e (0x883f2b23) mem 0x80010000 0x00000001
core   0: 0x8000a772 (0x0000bfe5) c.j     pc - 8
core   0: 3 0x8000a772 (0xbfe5)
core   0: 0x8000a76a (0x00006f17) auipc   t5, 0x6
core   0: 3 0x8000a76a (0x00006f17) x30 0x8001076a
core   0: 0x8000a76e (0x883f2b23) sw      gp, -1898(t5)
core   0: 3 0x8000a76e (0x883f2b23) mem 0x80010000 0x00000001
core   0: 0x8000a772 (0x0000bfe5) c.j     pc - 8
core   0: 3 0x8000a772 (0xbfe5)
core   0: 0x8000a76a (0x00006f17) auipc   t5, 0x6
core   0: 3 0x8000a76a (0x00006f17) x30 0x8001076a
core   0: 0x8000a76e (0x883f2b23) sw      gp, -1898(t5)
core   0: 3 0x8000a76e (0x883f2b23) mem 0x80010000 0x00000001
core   0: 0x8000a772 (0x0000bfe5) c.j     pc - 8
core   0: 3 0x8000a772 (0xbfe5)
core   0: 0x8000a76a (0x00006f17) auipc   t5, 0x6
core   0: 3 0x8000a76a (0x00006f17) x30 0x8001076a
core   0: 0x8000a76e (0x883f2b23) sw      gp, -1898(t5)
core   0: 3 0x8000a76e (0x883f2b23) mem 0x80010000 0x00000001
core   0: 0x8000a772 (0x0000bfe5) c.j     pc - 8
core   0: 3 0x8000a772 (0xbfe5)
core   0: 0x8000a76a (0x00006f17) auipc   t5, 0x6
core   0: 3 0x8000a76a (0x00006f17) x30 0x8001076a
core   0: 0x8000a76e (0x883f2b23) sw      gp, -1898(t5)
core   0: 3 0x8000a76e (0x883f2b23) mem 0x80010000 0x00000001
core   0: 0x8000a772 (0x0000bfe5) c.j     pc - 8
core   0: 3 0x8000a772 (0xbfe5)
core   0: 0x8000a76a (0x00006f17) auipc   t5, 0x6
core   0: 3 0x8000a76a (0x00006f17) x30 0x8001076a
core   0: 0x8000a76e (0x883f2b23) sw      gp, -1898(t5)
core   0: 3 0x8000a76e (0x883f2b23) mem 0x80010000 0x00000001
core   0: 0x8000a772 (0x0000bfe5) c.j     pc - 8
core   0: 3 0x8000a772 (0xbfe5)
core   0: 0x8000a76a (0x00006f17) auipc   t5, 0x6
core   0: 3 0x8000a76a (0x00006f17) x30 0x8001076a
core   0: 0x8000a76e (0x883f2b23) sw      gp, -1898(t5)
core   0: 3 0x8000a76e (0x883f2b23) mem 0x80010000 0x00000001
core   0: 0x8000a772 (0x0000bfe5) c.j     pc - 8
core   0: 3 0x8000a772 (0xbfe5)
core   0: 0x8000a76a (0x00006f17) auipc   t5, 0x6
core   0: 3 0x8000a76a (0x00006f17) x30 0x8001076a
core   0: 0x8000a76e (0x883f2b23) sw      gp, -1898(t5)
core   0: 3 0x8000a76e (0x883f2b23) mem 0x80010000 0x00000001
core   0: 0x8000a772 (0x0000bfe5) c.j     pc - 8
core   0: 3 0x8000a772 (0xbfe5)
core   0: 0x8000a76a (0x00006f17) auipc   t5, 0x6
core   0: 3 0x8000a76a (0x00006f17) x30 0x8001076a
core   0: 0x8000a76e (0x883f2b23) sw      gp, -1898(t5)
core   0: 3 0x8000a76e (0x883f2b23) mem 0x80010000 0x00000001
core   0: 0x8000a772 (0x0000bfe5) c.j     pc - 8
core   0: 3 0x8000a772 (0xbfe5)
core   0: 0x8000a76a (0x00006f17) auipc   t5, 0x6
core   0: 3 0x8000a76a (0x00006f17) x30 0x8001076a
core   0: 0x8000a76e (0x883f2b23) sw      gp, -1898(t5)
core   0: 3 0x8000a76e (0x883f2b23) mem 0x80010000 0x00000001
core   0: 0x8000a772 (0x0000bfe5) c.j     pc - 8
core   0: 3 0x8000a772 (0xbfe5)
core   0: 0x8000a76a (0x00006f17) auipc   t5, 0x6
core   0: 3 0x8000a76a (0x00006f17) x30 0x8001076a
core   0: 0x8000a76e (0x883f2b23) sw      gp, -1898(t5)
core   0: 3 0x8000a76e (0x883f2b23) mem 0x80010000 0x00000001
core   0: 0x8000a772 (0x0000bfe5) c.j     pc - 8
core   0: 3 0x8000a772 (0xbfe5)
core   0: 0x8000a76a (0x00006f17) auipc   t5, 0x6
core   0: 3 0x8000a76a (0x00006f17) x30 0x8001076a
core   0: 0x8000a76e (0x883f2b23) sw      gp, -1898(t5)
core   0: 3 0x8000a76e (0x883f2b23) mem 0x80010000 0x00000001
core   0: 0x8000a772 (0x0000bfe5) c.j     pc - 8
core   0: 3 0x8000a772 (0xbfe5)
core   0: 0x8000a76a (0x00006f17) auipc   t5, 0x6
core   0: 3 0x8000a76a (0x00006f17) x30 0x8001076a
core   0: 0x8000a76e (0x883f2b23) sw      gp, -1898(t5)
core   0: 3 0x8000a76e (0x883f2b23) mem 0x80010000 0x00000001
core   0: 0x8000a772 (0x0000bfe5) c.j     pc - 8
core   0: 3 0x8000a772 (0xbfe5)
core   0: 0x8000a76a (0x00006f17) auipc   t5, 0x6
core   0: 3 0x8000a76a (0x00006f17) x30 0x8001076a
core   0: 0x8000a76e (0x883f2b23) sw      gp, -1898(t5)
core   0: 3 0x8000a76e (0x883f2b23) mem 0x80010000 0x00000001
core   0: 0x8000a772 (0x0000bfe5) c.j     pc - 8
core   0: 3 0x8000a772 (0xbfe5)
core   0: 0x8000a76a (0x00006f17) auipc   t5, 0x6
core   0: 3 0x8000a76a (0x00006f17) x30 0x8001076a
core   0: 0x8000a76e (0x883f2b23) sw      gp, -1898(t5)
core   0: 3 0x8000a76e (0x883f2b23) mem 0x80010000 0x00000001
core   0: 0x8000a772 (0x0000bfe5) c.j     pc - 8
core   0: 3 0x8000a772 (0xbfe5)
core   0: 0x8000a76a (0x00006f17) auipc   t5, 0x6
core   0: 3 0x8000a76a (0x00006f17) x30 0x8001076a
core   0: 0x8000a76e (0x883f2b23) sw      gp, -1898(t5)
core   0: 3 0x8000a76e (0x883f2b23) mem 0x80010000 0x00000001
core   0: 0x8000a772 (0x0000bfe5) c.j     pc - 8
core   0: 3 0x8000a772 (0xbfe5)
core   0: 0x8000a76a (0x00006f17) auipc   t5, 0x6
core   0: 3 0x8000a76a (0x00006f17) x30 0x8001076a
core   0: 0x8000a76e (0x883f2b23) sw      gp, -1898(t5)
core   0: 3 0x8000a76e (0x883f2b23) mem 0x80010000 0x00000001
core   0: 0x8000a772 (0x0000bfe5) c.j     pc - 8
core   0: 3 0x8000a772 (0xbfe5)
core   0: 0x8000a76a (0x00006f17) auipc   t5, 0x6
core   0: 3 0x8000a76a (0x00006f17) x30 0x8001076a
core   0: 0x8000a76e (0x883f2b23) sw      gp, -1898(t5)
core   0: 3 0x8000a76e (0x883f2b23) mem 0x80010000 0x00000001
core   0: 0x8000a772 (0x0000bfe5) c.j     pc - 8
core   0: 3 0x8000a772 (0xbfe5)
core   0: 0x8000a76a (0x00006f17) auipc   t5, 0x6
core   0: 3 0x8000a76a (0x00006f17) x30 0x8001076a
core   0: 0x8000a76e (0x883f2b23) sw      gp, -1898(t5)
core   0: 3 0x8000a76e (0x883f2b23) mem 0x80010000 0x00000001
core   0: 0x8000a772 (0x0000bfe5) c.j     pc - 8
core   0: 3 0x8000a772 (0xbfe5)
core   0: 0x8000a76a (0x00006f17) auipc   t5, 0x6
core   0: 3 0x8000a76a (0x00006f17) x30 0x8001076a
core   0: 0x8000a76e (0x883f2b23) sw      gp, -1898(t5)
core   0: 3 0x8000a76e (0x883f2b23) mem 0x80010000 0x00000001
core   0: 0x8000a772 (0x0000bfe5) c.j     pc - 8
core   0: 3 0x8000a772 (0xbfe5)
core   0: 0x8000a76a (0x00006f17) auipc   t5, 0x6
core   0: 3 0x8000a76a (0x00006f17) x30 0x8001076a
core   0: 0x8000a76e (0x883f2b23) sw      gp, -1898(t5)
core   0: 3 0x8000a76e (0x883f2b23) mem 0x80010000 0x00000001
core   0: 0x8000a772 (0x0000bfe5) c.j     pc - 8
core   0: 3 0x8000a772 (0xbfe5)
core   0: 0x8000a76a (0x00006f17) auipc   t5, 0x6
core   0: 3 0x8000a76a (0x00006f17) x30 0x8001076a
core   0: 0x8000a76e (0x883f2b23) sw      gp, -1898(t5)
core   0: 3 0x8000a76e (0x883f2b23) mem 0x80010000 0x00000001
core   0: 0x8000a772 (0x0000bfe5) c.j     pc - 8
core   0: 3 0x8000a772 (0xbfe5)
core   0: 0x8000a76a (0x00006f17) auipc   t5, 0x6
core   0: 3 0x8000a76a (0x00006f17) x30 0x8001076a
core   0: 0x8000a76e (0x883f2b23) sw      gp, -1898(t5)
core   0: 3 0x8000a76e (0x883f2b23) mem 0x80010000 0x00000001
core   0: 0x8000a772 (0x0000bfe5) c.j     pc - 8
core   0: 3 0x8000a772 (0xbfe5)
core   0: 0x8000a76a (0x00006f17) auipc   t5, 0x6
core   0: 3 0x8000a76a (0x00006f17) x30 0x8001076a
core   0: 0x8000a76e (0x883f2b23) sw      gp, -1898(t5)
core   0: 3 0x8000a76e (0x883f2b23) mem 0x80010000 0x00000001
core   0: 0x8000a772 (0x0000bfe5) c.j     pc - 8
core   0: 3 0x8000a772 (0xbfe5)
core   0: 0x8000a76a (0x00006f17) auipc   t5, 0x6
core   0: 3 0x8000a76a (0x00006f17) x30 0x8001076a
core   0: 0x8000a76e (0x883f2b23) sw      gp, -1898(t5)
core   0: 3 0x8000a76e (0x883f2b23) mem 0x80010000 0x00000001
core   0: 0x8000a772 (0x0000bfe5) c.j     pc - 8
core   0: 3 0x8000a772 (0xbfe5)
core   0: 0x8000a76a (0x00006f17) auipc   t5, 0x6
core   0: 3 0x8000a76a (0x00006f17) x30 0x8001076a
core   0: 0x8000a76e (0x883f2b23) sw      gp, -1898(t5)
core   0: 3 0x8000a76e (0x883f2b23) mem 0x80010000 0x00000001
core   0: 0x8000a772 (0x0000bfe5) c.j     pc - 8
core   0: 3 0x8000a772 (0xbfe5)
core   0: 0x8000a76a (0x00006f17) auipc   t5, 0x6
core   0: 3 0x8000a76a (0x00006f17) x30 0x8001076a
core   0: 0x8000a76e (0x883f2b23) sw      gp, -1898(t5)
core   0: 3 0x8000a76e (0x883f2b23) mem 0x80010000 0x00000001
core   0: 0x8000a772 (0x0000bfe5) c.j     pc - 8
core   0: 3 0x8000a772 (0xbfe5)
core   0: 0x8000a76a (0x00006f17) auipc   t5, 0x6
core   0: 3 0x8000a76a (0x00006f17) x30 0x8001076a
core   0: 0x8000a76e (0x883f2b23) sw      gp, -1898(t5)
core   0: 3 0x8000a76e (0x883f2b23) mem 0x80010000 0x00000001
core   0: 0x8000a772 (0x0000bfe5) c.j     pc - 8
core   0: 3 0x8000a772 (0xbfe5)
core   0: 0x8000a76a (0x00006f17) auipc   t5, 0x6
core   0: 3 0x8000a76a (0x00006f17) x30 0x8001076a
core   0: 0x8000a76e (0x883f2b23) sw      gp, -1898(t5)
core   0: 3 0x8000a76e (0x883f2b23) mem 0x80010000 0x00000001
core   0: 0x8000a772 (0x0000bfe5) c.j     pc - 8
core   0: 3 0x8000a772 (0xbfe5)
core   0: 0x8000a76a (0x00006f17) auipc   t5, 0x6
core   0: 3 0x8000a76a (0x00006f17) x30 0x8001076a
core   0: 0x8000a76e (0x883f2b23) sw      gp, -1898(t5)
core   0: 3 0x8000a76e (0x883f2b23) mem 0x80010000 0x00000001
core   0: 0x8000a772 (0x0000bfe5) c.j     pc - 8
core   0: 3 0x8000a772 (0xbfe5)
core   0: 0x8000a76a (0x00006f17) auipc   t5, 0x6
core   0: 3 0x8000a76a (0x00006f17) x30 0x8001076a
core   0: 0x8000a76e (0x883f2b23) sw      gp, -1898(t5)
core   0: 3 0x8000a76e (0x883f2b23) mem 0x80010000 0x00000001
core   0: 0x8000a772 (0x0000bfe5) c.j     pc - 8
core   0: 3 0x8000a772 (0xbfe5)
core   0: 0x8000a76a (0x00006f17) auipc   t5, 0x6
core   0: 3 0x8000a76a (0x00006f17) x30 0x8001076a
core   0: 0x8000a76e (0x883f2b23) sw      gp, -1898(t5)
core   0: 3 0x8000a76e (0x883f2b23) mem 0x80010000 0x00000001
core   0: 0x8000a772 (0x0000bfe5) c.j     pc - 8
core   0: 3 0x8000a772 (0xbfe5)
core   0: 0x8000a76a (0x00006f17) auipc   t5, 0x6
core   0: 3 0x8000a76a (0x00006f17) x30 0x8001076a
core   0: 0x8000a76e (0x883f2b23) sw      gp, -1898(t5)
core   0: 3 0x8000a76e (0x883f2b23) mem 0x80010000 0x00000001
core   0: 0x8000a772 (0x0000bfe5) c.j     pc - 8
core   0: 3 0x8000a772 (0xbfe5)
core   0: 0x8000a76a (0x00006f17) auipc   t5, 0x6
core   0: 3 0x8000a76a (0x00006f17) x30 0x8001076a
core   0: 0x8000a76e (0x883f2b23) sw      gp, -1898(t5)
core   0: 3 0x8000a76e (0x883f2b23) mem 0x80010000 0x00000001
core   0: 0x8000a772 (0x0000bfe5) c.j     pc - 8
core   0: 3 0x8000a772 (0xbfe5)
core   0: 0x8000a76a (0x00006f17) auipc   t5, 0x6
core   0: 3 0x8000a76a (0x00006f17) x30 0x8001076a
core   0: 0x8000a76e (0x883f2b23) sw      gp, -1898(t5)
core   0: 3 0x8000a76e (0x883f2b23) mem 0x80010000 0x00000001
core   0: 0x8000a772 (0x0000bfe5) c.j     pc - 8
core   0: 3 0x8000a772 (0xbfe5)
core   0: 0x8000a76a (0x00006f17) auipc   t5, 0x6
core   0: 3 0x8000a76a (0x00006f17) x30 0x8001076a
core   0: 0x8000a76e (0x883f2b23) sw      gp, -1898(t5)
core   0: 3 0x8000a76e (0x883f2b23) mem 0x80010000 0x00000001
core   0: 0x8000a772 (0x0000bfe5) c.j     pc - 8
core   0: 3 0x8000a772 (0xbfe5)
core   0: 0x8000a76a (0x00006f17) auipc   t5, 0x6
core   0: 3 0x8000a76a (0x00006f17) x30 0x8001076a
core   0: 0x8000a76e (0x883f2b23) sw      gp, -1898(t5)
core   0: 3 0x8000a76e (0x883f2b23) mem 0x80010000 0x00000001
core   0: 0x8000a772 (0x0000bfe5) c.j     pc - 8
core   0: 3 0x8000a772 (0xbfe5)
core   0: 0x8000a76a (0x00006f17) auipc   t5, 0x6
core   0: 3 0x8000a76a (0x00006f17) x30 0x8001076a
core   0: 0x8000a76e (0x883f2b23) sw      gp, -1898(t5)
core   0: 3 0x8000a76e (0x883f2b23) mem 0x80010000 0x00000001
core   0: 0x8000a772 (0x0000bfe5) c.j     pc - 8
core   0: 3 0x8000a772 (0xbfe5)
core   0: 0x8000a76a (0x00006f17) auipc   t5, 0x6
core   0: 3 0x8000a76a (0x00006f17) x30 0x8001076a
core   0: 0x8000a76e (0x883f2b23) sw      gp, -1898(t5)
core   0: 3 0x8000a76e (0x883f2b23) mem 0x80010000 0x00000001
core   0: 0x8000a772 (0x0000bfe5) c.j     pc - 8
core   0: 3 0x8000a772 (0xbfe5)
core   0: 0x8000a76a (0x00006f17) auipc   t5, 0x6
core   0: 3 0x8000a76a (0x00006f17) x30 0x8001076a
core   0: 0x8000a76e (0x883f2b23) sw      gp, -1898(t5)
core   0: 3 0x8000a76e (0x883f2b23) mem 0x80010000 0x00000001
core   0: 0x8000a772 (0x0000bfe5) c.j     pc - 8
core   0: 3 0x8000a772 (0xbfe5)
core   0: 0x8000a76a (0x00006f17) auipc   t5, 0x6
core   0: 3 0x8000a76a (0x00006f17) x30 0x8001076a
core   0: 0x8000a76e (0x883f2b23) sw      gp, -1898(t5)
core   0: 3 0x8000a76e (0x883f2b23) mem 0x80010000 0x00000001
core   0: 0x8000a772 (0x0000bfe5) c.j     pc - 8
core   0: 3 0x8000a772 (0xbfe5)
core   0: 0x8000a76a (0x00006f17) auipc   t5, 0x6
core   0: 3 0x8000a76a (0x00006f17) x30 0x8001076a
core   0: 0x8000a76e (0x883f2b23) sw      gp, -1898(t5)
core   0: 3 0x8000a76e (0x883f2b23) mem 0x80010000 0x00000001
core   0: 0x8000a772 (0x0000bfe5) c.j     pc - 8
core   0: 3 0x8000a772 (0xbfe5)
core   0: 0x8000a76a (0x00006f17) auipc   t5, 0x6
core   0: 3 0x8000a76a (0x00006f17) x30 0x8001076a
core   0: 0x8000a76e (0x883f2b23) sw      gp, -1898(t5)
core   0: 3 0x8000a76e (0x883f2b23) mem 0x80010000 0x00000001
core   0: 0x8000a772 (0x0000bfe5) c.j     pc - 8
core   0: 3 0x8000a772 (0xbfe5)
core   0: 0x8000a76a (0x00006f17) auipc   t5, 0x6
core   0: 3 0x8000a76a (0x00006f17) x30 0x8001076a
core   0: 0x8000a76e (0x883f2b23) sw      gp, -1898(t5)
core   0: 3 0x8000a76e (0x883f2b23) mem 0x80010000 0x00000001
core   0: 0x8000a772 (0x0000bfe5) c.j     pc - 8
core   0: 3 0x8000a772 (0xbfe5)
core   0: 0x8000a76a (0x00006f17) auipc   t5, 0x6
core   0: 3 0x8000a76a (0x00006f17) x30 0x8001076a
core   0: 0x8000a76e (0x883f2b23) sw      gp, -1898(t5)
core   0: 3 0x8000a76e (0x883f2b23) mem 0x80010000 0x00000001
core   0: 0x8000a772 (0x0000bfe5) c.j     pc - 8
core   0: 3 0x8000a772 (0xbfe5)
core   0: 0x8000a76a (0x00006f17) auipc   t5, 0x6
core   0: 3 0x8000a76a (0x00006f17) x30 0x8001076a
core   0: 0x8000a76e (0x883f2b23) sw      gp, -1898(t5)
core   0: 3 0x8000a76e (0x883f2b23) mem 0x80010000 0x00000001
core   0: 0x8000a772 (0x0000bfe5) c.j     pc - 8
core   0: 3 0x8000a772 (0xbfe5)
core   0: 0x8000a76a (0x00006f17) auipc   t5, 0x6
core   0: 3 0x8000a76a (0x00006f17) x30 0x8001076a
core   0: 0x8000a76e (0x883f2b23) sw      gp, -1898(t5)
core   0: 3 0x8000a76e (0x883f2b23) mem 0x80010000 0x00000001
core   0: 0x8000a772 (0x0000bfe5) c.j     pc - 8
core   0: 3 0x8000a772 (0xbfe5)
core   0: 0x8000a76a (0x00006f17) auipc   t5, 0x6
core   0: 3 0x8000a76a (0x00006f17) x30 0x8001076a
core   0: 0x8000a76e (0x883f2b23) sw      gp, -1898(t5)
core   0: 3 0x8000a76e (0x883f2b23) mem 0x80010000 0x00000001
core   0: 0x8000a772 (0x0000bfe5) c.j     pc - 8
core   0: 3 0x8000a772 (0xbfe5)
core   0: 0x8000a76a (0x00006f17) auipc   t5, 0x6
core   0: 3 0x8000a76a (0x00006f17) x30 0x8001076a
core   0: 0x8000a76e (0x883f2b23) sw      gp, -1898(t5)
core   0: 3 0x8000a76e (0x883f2b23) mem 0x80010000 0x00000001
core   0: 0x8000a772 (0x0000bfe5) c.j     pc - 8
core   0: 3 0x8000a772 (0xbfe5)
core   0: 0x8000a76a (0x00006f17) auipc   t5, 0x6
core   0: 3 0x8000a76a (0x00006f17) x30 0x8001076a
core   0: 0x8000a76e (0x883f2b23) sw      gp, -1898(t5)
core   0: 3 0x8000a76e (0x883f2b23) mem 0x80010000 0x00000001
core   0: 0x8000a772 (0x0000bfe5) c.j     pc - 8
core   0: 3 0x8000a772 (0xbfe5)
core   0: 0x8000a76a (0x00006f17) auipc   t5, 0x6
core   0: 3 0x8000a76a (0x00006f17) x30 0x8001076a
core   0: 0x8000a76e (0x883f2b23) sw      gp, -1898(t5)
core   0: 3 0x8000a76e (0x883f2b23) mem 0x80010000 0x00000001
core   0: 0x8000a772 (0x0000bfe5) c.j     pc - 8
core   0: 3 0x8000a772 (0xbfe5)
core   0: 0x8000a76a (0x00006f17) auipc   t5, 0x6
core   0: 3 0x8000a76a (0x00006f17) x30 0x8001076a
core   0: 0x8000a76e (0x883f2b23) sw      gp, -1898(t5)
core   0: 3 0x8000a76e (0x883f2b23) mem 0x80010000 0x00000001
core   0: 0x8000a772 (0x0000bfe5) c.j     pc - 8
core   0: 3 0x8000a772 (0xbfe5)
core   0: 0x8000a76a (0x00006f17) auipc   t5, 0x6
core   0: 3 0x8000a76a (0x00006f17) x30 0x8001076a
core   0: 0x8000a76e (0x883f2b23) sw      gp, -1898(t5)
core   0: 3 0x8000a76e (0x883f2b23) mem 0x80010000 0x00000001
core   0: 0x8000a772 (0x0000bfe5) c.j     pc - 8
core   0: 3 0x8000a772 (0xbfe5)
core   0: 0x8000a76a (0x00006f17) auipc   t5, 0x6
core   0: 3 0x8000a76a (0x00006f17) x30 0x8001076a
core   0: 0x8000a76e (0x883f2b23) sw      gp, -1898(t5)
core   0: 3 0x8000a76e (0x883f2b23) mem 0x80010000 0x00000001
core   0: 0x8000a772 (0x0000bfe5) c.j     pc - 8
core   0: 3 0x8000a772 (0xbfe5)
core   0: 0x8000a76a (0x00006f17) auipc   t5, 0x6
core   0: 3 0x8000a76a (0x00006f17) x30 0x8001076a
core   0: 0x8000a76e (0x883f2b23) sw      gp, -1898(t5)
core   0: 3 0x8000a76e (0x883f2b23) mem 0x80010000 0x00000001
core   0: 0x8000a772 (0x0000bfe5) c.j     pc - 8
core   0: 3 0x8000a772 (0xbfe5)
core   0: 0x8000a76a (0x00006f17) auipc   t5, 0x6
core   0: 3 0x8000a76a (0x00006f17) x30 0x8001076a
core   0: 0x8000a76e (0x883f2b23) sw      gp, -1898(t5)
core   0: 3 0x8000a76e (0x883f2b23) mem 0x80010000 0x00000001
core   0: 0x8000a772 (0x0000bfe5) c.j     pc - 8
core   0: 3 0x8000a772 (0xbfe5)
core   0: 0x8000a76a (0x00006f17) auipc   t5, 0x6
core   0: 3 0x8000a76a (0x00006f17) x30 0x8001076a
core   0: 0x8000a76e (0x883f2b23) sw      gp, -1898(t5)
core   0: 3 0x8000a76e (0x883f2b23) mem 0x80010000 0x00000001
core   0: 0x8000a772 (0x0000bfe5) c.j     pc - 8
core   0: 3 0x8000a772 (0xbfe5)
core   0: 0x8000a76a (0x00006f17) auipc   t5, 0x6
core   0: 3 0x8000a76a (0x00006f17) x30 0x8001076a
core   0: 0x8000a76e (0x883f2b23) sw      gp, -1898(t5)
core   0: 3 0x8000a76e (0x883f2b23) mem 0x80010000 0x00000001
core   0: 0x8000a772 (0x0000bfe5) c.j     pc - 8
core   0: 3 0x8000a772 (0xbfe5)
core   0: 0x8000a76a (0x00006f17) auipc   t5, 0x6
core   0: 3 0x8000a76a (0x00006f17) x30 0x8001076a
core   0: 0x8000a76e (0x883f2b23) sw      gp, -1898(t5)
core   0: 3 0x8000a76e (0x883f2b23) mem 0x80010000 0x00000001
core   0: 0x8000a772 (0x0000bfe5) c.j     pc - 8
core   0: 3 0x8000a772 (0xbfe5)
core   0: 0x8000a76a (0x00006f17) auipc   t5, 0x6
core   0: 3 0x8000a76a (0x00006f17) x30 0x8001076a
core   0: 0x8000a76e (0x883f2b23) sw      gp, -1898(t5)
core   0: 3 0x8000a76e (0x883f2b23) mem 0x80010000 0x00000001
core   0: 0x8000a772 (0x0000bfe5) c.j     pc - 8
core   0: 3 0x8000a772 (0xbfe5)
core   0: 0x8000a76a (0x00006f17) auipc   t5, 0x6
core   0: 3 0x8000a76a (0x00006f17) x30 0x8001076a
core   0: 0x8000a76e (0x883f2b23) sw      gp, -1898(t5)
core   0: 3 0x8000a76e (0x883f2b23) mem 0x80010000 0x00000001
core   0: 0x8000a772 (0x0000bfe5) c.j     pc - 8
core   0: 3 0x8000a772 (0xbfe5)
core   0: 0x8000a76a (0x00006f17) auipc   t5, 0x6
core   0: 3 0x8000a76a (0x00006f17) x30 0x8001076a
core   0: 0x8000a76e (0x883f2b23) sw      gp, -1898(t5)
core   0: 3 0x8000a76e (0x883f2b23) mem 0x80010000 0x00000001
core   0: 0x8000a772 (0x0000bfe5) c.j     pc - 8
core   0: 3 0x8000a772 (0xbfe5)
core   0: 0x8000a76a (0x00006f17) auipc   t5, 0x6
core   0: 3 0x8000a76a (0x00006f17) x30 0x8001076a
core   0: 0x8000a76e (0x883f2b23) sw      gp, -1898(t5)
core   0: 3 0x8000a76e (0x883f2b23) mem 0x80010000 0x00000001
core   0: 0x8000a772 (0x0000bfe5) c.j     pc - 8
core   0: 3 0x8000a772 (0xbfe5)
core   0: 0x8000a76a (0x00006f17) auipc   t5, 0x6
core   0: 3 0x8000a76a (0x00006f17) x30 0x8001076a
core   0: 0x8000a76e (0x883f2b23) sw      gp, -1898(t5)
core   0: 3 0x8000a76e (0x883f2b23) mem 0x80010000 0x00000001
core   0: 0x8000a772 (0x0000bfe5) c.j     pc - 8
core   0: 3 0x8000a772 (0xbfe5)
core   0: 0x8000a76a (0x00006f17) auipc   t5, 0x6
core   0: 3 0x8000a76a (0x00006f17) x30 0x8001076a
core   0: 0x8000a76e (0x883f2b23) sw      gp, -1898(t5)
core   0: 3 0x8000a76e (0x883f2b23) mem 0x80010000 0x00000001
core   0: 0x8000a772 (0x0000bfe5) c.j     pc - 8
core   0: 3 0x8000a772 (0xbfe5)
core   0: 0x8000a76a (0x00006f17) auipc   t5, 0x6
core   0: 3 0x8000a76a (0x00006f17) x30 0x8001076a
core   0: 0x8000a76e (0x883f2b23) sw      gp, -1898(t5)
core   0: 3 0x8000a76e (0x883f2b23) mem 0x80010000 0x00000001
core   0: 0x8000a772 (0x0000bfe5) c.j     pc - 8
core   0: 3 0x8000a772 (0xbfe5)
core   0: 0x8000a76a (0x00006f17) auipc   t5, 0x6
core   0: 3 0x8000a76a (0x00006f17) x30 0x8001076a
core   0: 0x8000a76e (0x883f2b23) sw      gp, -1898(t5)
core   0: 3 0x8000a76e (0x883f2b23) mem 0x80010000 0x00000001
core   0: 0x8000a772 (0x0000bfe5) c.j     pc - 8
core   0: 3 0x8000a772 (0xbfe5)
core   0: 0x8000a76a (0x00006f17) auipc   t5, 0x6
core   0: 3 0x8000a76a (0x00006f17) x30 0x8001076a
core   0: 0x8000a76e (0x883f2b23) sw      gp, -1898(t5)
core   0: 3 0x8000a76e (0x883f2b23) mem 0x80010000 0x00000001
core   0: 0x8000a772 (0x0000bfe5) c.j     pc - 8
core   0: 3 0x8000a772 (0xbfe5)
core   0: 0x8000a76a (0x00006f17) auipc   t5, 0x6
core   0: 3 0x8000a76a (0x00006f17) x30 0x8001076a
core   0: 0x8000a76e (0x883f2b23) sw      gp, -1898(t5)
core   0: 3 0x8000a76e (0x883f2b23) mem 0x80010000 0x00000001
core   0: 0x8000a772 (0x0000bfe5) c.j     pc - 8
core   0: 3 0x8000a772 (0xbfe5)
core   0: 0x8000a76a (0x00006f17) auipc   t5, 0x6
core   0: 3 0x8000a76a (0x00006f17) x30 0x8001076a
core   0: 0x8000a76e (0x883f2b23) sw      gp, -1898(t5)
core   0: 3 0x8000a76e (0x883f2b23) mem 0x80010000 0x00000001
core   0: 0x8000a772 (0x0000bfe5) c.j     pc - 8
core   0: 3 0x8000a772 (0xbfe5)
core   0: 0x8000a76a (0x00006f17) auipc   t5, 0x6
core   0: 3 0x8000a76a (0x00006f17) x30 0x8001076a
core   0: 0x8000a76e (0x883f2b23) sw      gp, -1898(t5)
core   0: 3 0x8000a76e (0x883f2b23) mem 0x80010000 0x00000001
core   0: 0x8000a772 (0x0000bfe5) c.j     pc - 8
core   0: 3 0x8000a772 (0xbfe5)
core   0: 0x8000a76a (0x00006f17) auipc   t5, 0x6
core   0: 3 0x8000a76a (0x00006f17) x30 0x8001076a
core   0: 0x8000a76e (0x883f2b23) sw      gp, -1898(t5)
core   0: 3 0x8000a76e (0x883f2b23) mem 0x80010000 0x00000001
core   0: 0x8000a772 (0x0000bfe5) c.j     pc - 8
core   0: 3 0x8000a772 (0xbfe5)
core   0: 0x8000a76a (0x00006f17) auipc   t5, 0x6
core   0: 3 0x8000a76a (0x00006f17) x30 0x8001076a
core   0: 0x8000a76e (0x883f2b23) sw      gp, -1898(t5)
core   0: 3 0x8000a76e (0x883f2b23) mem 0x80010000 0x00000001
core   0: 0x8000a772 (0x0000bfe5) c.j     pc - 8
core   0: 3 0x8000a772 (0xbfe5)
core   0: 0x8000a76a (0x00006f17) auipc   t5, 0x6
core   0: 3 0x8000a76a (0x00006f17) x30 0x8001076a
core   0: 0x8000a76e (0x883f2b23) sw      gp, -1898(t5)
core   0: 3 0x8000a76e (0x883f2b23) mem 0x80010000 0x00000001
core   0: 0x8000a772 (0x0000bfe5) c.j     pc - 8
core   0: 3 0x8000a772 (0xbfe5)
core   0: 0x8000a76a (0x00006f17) auipc   t5, 0x6
core   0: 3 0x8000a76a (0x00006f17) x30 0x8001076a
core   0: 0x8000a76e (0x883f2b23) sw      gp, -1898(t5)
core   0: 3 0x8000a76e (0x883f2b23) mem 0x80010000 0x00000001
core   0: 0x8000a772 (0x0000bfe5) c.j     pc - 8
core   0: 3 0x8000a772 (0xbfe5)
core   0: 0x8000a76a (0x00006f17) auipc   t5, 0x6
core   0: 3 0x8000a76a (0x00006f17) x30 0x8001076a
core   0: 0x8000a76e (0x883f2b23) sw      gp, -1898(t5)
core   0: 3 0x8000a76e (0x883f2b23) mem 0x80010000 0x00000001
core   0: 0x8000a772 (0x0000bfe5) c.j     pc - 8
core   0: 3 0x8000a772 (0xbfe5)
core   0: 0x8000a76a (0x00006f17) auipc   t5, 0x6
core   0: 3 0x8000a76a (0x00006f17) x30 0x8001076a
core   0: 0x8000a76e (0x883f2b23) sw      gp, -1898(t5)
core   0: 3 0x8000a76e (0x883f2b23) mem 0x80010000 0x00000001
core   0: 0x8000a772 (0x0000bfe5) c.j     pc - 8
core   0: 3 0x8000a772 (0xbfe5)
core   0: 0x8000a76a (0x00006f17) auipc   t5, 0x6
core   0: 3 0x8000a76a (0x00006f17) x30 0x8001076a
core   0: 0x8000a76e (0x883f2b23) sw      gp, -1898(t5)
core   0: 3 0x8000a76e (0x883f2b23) mem 0x80010000 0x00000001
core   0: 0x8000a772 (0x0000bfe5) c.j     pc - 8
core   0: 3 0x8000a772 (0xbfe5)
core   0: 0x8000a76a (0x00006f17) auipc   t5, 0x6
core   0: 3 0x8000a76a (0x00006f17) x30 0x8001076a
core   0: 0x8000a76e (0x883f2b23) sw      gp, -1898(t5)
core   0: 3 0x8000a76e (0x883f2b23) mem 0x80010000 0x00000001
core   0: 0x8000a772 (0x0000bfe5) c.j     pc - 8
core   0: 3 0x8000a772 (0xbfe5)
core   0: 0x8000a76a (0x00006f17) auipc   t5, 0x6
core   0: 3 0x8000a76a (0x00006f17) x30 0x8001076a
core   0: 0x8000a76e (0x883f2b23) sw      gp, -1898(t5)
core   0: 3 0x8000a76e (0x883f2b23) mem 0x80010000 0x00000001
core   0: 0x8000a772 (0x0000bfe5) c.j     pc - 8
core   0: 3 0x8000a772 (0xbfe5)
core   0: 0x8000a76a (0x00006f17) auipc   t5, 0x6
core   0: 3 0x8000a76a (0x00006f17) x30 0x8001076a
core   0: 0x8000a76e (0x883f2b23) sw      gp, -1898(t5)
core   0: 3 0x8000a76e (0x883f2b23) mem 0x80010000 0x00000001
core   0: 0x8000a772 (0x0000bfe5) c.j     pc - 8
core   0: 3 0x8000a772 (0xbfe5)
core   0: 0x8000a76a (0x00006f17) auipc   t5, 0x6
core   0: 3 0x8000a76a (0x00006f17) x30 0x8001076a
core   0: 0x8000a76e (0x883f2b23) sw      gp, -1898(t5)
core   0: 3 0x8000a76e (0x883f2b23) mem 0x80010000 0x00000001
core   0: 0x8000a772 (0x0000bfe5) c.j     pc - 8
core   0: 3 0x8000a772 (0xbfe5)
core   0: 0x8000a76a (0x00006f17) auipc   t5, 0x6
core   0: 3 0x8000a76a (0x00006f17) x30 0x8001076a
core   0: 0x8000a76e (0x883f2b23) sw      gp, -1898(t5)
core   0: 3 0x8000a76e (0x883f2b23) mem 0x80010000 0x00000001
core   0: 0x8000a772 (0x0000bfe5) c.j     pc - 8
core   0: 3 0x8000a772 (0xbfe5)
core   0: 0x8000a76a (0x00006f17) auipc   t5, 0x6
core   0: 3 0x8000a76a (0x00006f17) x30 0x8001076a
core   0: 0x8000a76e (0x883f2b23) sw      gp, -1898(t5)
core   0: 3 0x8000a76e (0x883f2b23) mem 0x80010000 0x00000001
core   0: 0x8000a772 (0x0000bfe5) c.j     pc - 8
core   0: 3 0x8000a772 (0xbfe5)
core   0: 0x8000a76a (0x00006f17) auipc   t5, 0x6
core   0: 3 0x8000a76a (0x00006f17) x30 0x8001076a
core   0: 0x8000a76e (0x883f2b23) sw      gp, -1898(t5)
core   0: 3 0x8000a76e (0x883f2b23) mem 0x80010000 0x00000001
core   0: 0x8000a772 (0x0000bfe5) c.j     pc - 8
core   0: 3 0x8000a772 (0xbfe5)
core   0: 0x8000a76a (0x00006f17) auipc   t5, 0x6
core   0: 3 0x8000a76a (0x00006f17) x30 0x8001076a
core   0: 0x8000a76e (0x883f2b23) sw      gp, -1898(t5)
core   0: 3 0x8000a76e (0x883f2b23) mem 0x80010000 0x00000001
core   0: 0x8000a772 (0x0000bfe5) c.j     pc - 8
core   0: 3 0x8000a772 (0xbfe5)
core   0: 0x8000a76a (0x00006f17) auipc   t5, 0x6
core   0: 3 0x8000a76a (0x00006f17) x30 0x8001076a
core   0: 0x8000a76e (0x883f2b23) sw      gp, -1898(t5)
core   0: 3 0x8000a76e (0x883f2b23) mem 0x80010000 0x00000001
core   0: 0x8000a772 (0x0000bfe5) c.j     pc - 8
core   0: 3 0x8000a772 (0xbfe5)
core   0: 0x8000a76a (0x00006f17) auipc   t5, 0x6
core   0: 3 0x8000a76a (0x00006f17) x30 0x8001076a
core   0: 0x8000a76e (0x883f2b23) sw      gp, -1898(t5)
core   0: 3 0x8000a76e (0x883f2b23) mem 0x80010000 0x00000001
core   0: 0x8000a772 (0x0000bfe5) c.j     pc - 8
core   0: 3 0x8000a772 (0xbfe5)
core   0: 0x8000a76a (0x00006f17) auipc   t5, 0x6
core   0: 3 0x8000a76a (0x00006f17) x30 0x8001076a
core   0: 0x8000a76e (0x883f2b23) sw      gp, -1898(t5)
core   0: 3 0x8000a76e (0x883f2b23) mem 0x80010000 0x00000001
core   0: 0x8000a772 (0x0000bfe5) c.j     pc - 8
core   0: 3 0x8000a772 (0xbfe5)
core   0: 0x8000a76a (0x00006f17) auipc   t5, 0x6
core   0: 3 0x8000a76a (0x00006f17) x30 0x8001076a
core   0: 0x8000a76e (0x883f2b23) sw      gp, -1898(t5)
core   0: 3 0x8000a76e (0x883f2b23) mem 0x80010000 0x00000001
core   0: 0x8000a772 (0x0000bfe5) c.j     pc - 8
core   0: 3 0x8000a772 (0xbfe5)
core   0: 0x8000a76a (0x00006f17) auipc   t5, 0x6
core   0: 3 0x8000a76a (0x00006f17) x30 0x8001076a
core   0: 0x8000a76e (0x883f2b23) sw      gp, -1898(t5)
core   0: 3 0x8000a76e (0x883f2b23) mem 0x80010000 0x00000001
core   0: 0x8000a772 (0x0000bfe5) c.j     pc - 8
core   0: 3 0x8000a772 (0xbfe5)
core   0: 0x8000a76a (0x00006f17) auipc   t5, 0x6
core   0: 3 0x8000a76a (0x00006f17) x30 0x8001076a
core   0: 0x8000a76e (0x883f2b23) sw      gp, -1898(t5)
core   0: 3 0x8000a76e (0x883f2b23) mem 0x80010000 0x00000001
core   0: 0x8000a772 (0x0000bfe5) c.j     pc - 8
core   0: 3 0x8000a772 (0xbfe5)
core   0: 0x8000a76a (0x00006f17) auipc   t5, 0x6
core   0: 3 0x8000a76a (0x00006f17) x30 0x8001076a
core   0: 0x8000a76e (0x883f2b23) sw      gp, -1898(t5)
core   0: 3 0x8000a76e (0x883f2b23) mem 0x80010000 0x00000001
core   0: 0x8000a772 (0x0000bfe5) c.j     pc - 8
core   0: 3 0x8000a772 (0xbfe5)
core   0: 0x8000a76a (0x00006f17) auipc   t5, 0x6
core   0: 3 0x8000a76a (0x00006f17) x30 0x8001076a
core   0: 0x8000a76e (0x883f2b23) sw      gp, -1898(t5)
core   0: 3 0x8000a76e (0x883f2b23) mem 0x80010000 0x00000001
core   0: 0x8000a772 (0x0000bfe5) c.j     pc - 8
core   0: 3 0x8000a772 (0xbfe5)
core   0: 0x8000a76a (0x00006f17) auipc   t5, 0x6
core   0: 3 0x8000a76a (0x00006f17) x30 0x8001076a
core   0: 0x8000a76e (0x883f2b23) sw      gp, -1898(t5)
core   0: 3 0x8000a76e (0x883f2b23) mem 0x80010000 0x00000001
core   0: 0x8000a772 (0x0000bfe5) c.j     pc - 8
core   0: 3 0x8000a772 (0xbfe5)
core   0: 0x8000a76a (0x00006f17) auipc   t5, 0x6
core   0: 3 0x8000a76a (0x00006f17) x30 0x8001076a
core   0: 0x8000a76e (0x883f2b23) sw      gp, -1898(t5)
core   0: 3 0x8000a76e (0x883f2b23) mem 0x80010000 0x00000001
core   0: 0x8000a772 (0x0000bfe5) c.j     pc - 8
core   0: 3 0x8000a772 (0xbfe5)
core   0: 0x8000a76a (0x00006f17) auipc   t5, 0x6
core   0: 3 0x8000a76a (0x00006f17) x30 0x8001076a
core   0: 0x8000a76e (0x883f2b23) sw      gp, -1898(t5)
core   0: 3 0x8000a76e (0x883f2b23) mem 0x80010000 0x00000001
core   0: 0x8000a772 (0x0000bfe5) c.j     pc - 8
core   0: 3 0x8000a772 (0xbfe5)
core   0: 0x8000a76a (0x00006f17) auipc   t5, 0x6
core   0: 3 0x8000a76a (0x00006f17) x30 0x8001076a
core   0: 0x8000a76e (0x883f2b23) sw      gp, -1898(t5)
core   0: 3 0x8000a76e (0x883f2b23) mem 0x80010000 0x00000001
core   0: 0x8000a772 (0x0000bfe5) c.j     pc - 8
core   0: 3 0x8000a772 (0xbfe5)
core   0: 0x8000a76a (0x00006f17) auipc   t5, 0x6
core   0: 3 0x8000a76a (0x00006f17) x30 0x8001076a
core   0: 0x8000a76e (0x883f2b23) sw      gp, -1898(t5)
core   0: 3 0x8000a76e (0x883f2b23) mem 0x80010000 0x00000001
core   0: 0x8000a772 (0x0000bfe5) c.j     pc - 8
core   0: 3 0x8000a772 (0xbfe5)
core   0: 0x8000a76a (0x00006f17) auipc   t5, 0x6
core   0: 3 0x8000a76a (0x00006f17) x30 0x8001076a
core   0: 0x8000a76e (0x883f2b23) sw      gp, -1898(t5)
core   0: 3 0x8000a76e (0x883f2b23) mem 0x80010000 0x00000001
core   0: 0x8000a772 (0x0000bfe5) c.j     pc - 8
core   0: 3 0x8000a772 (0xbfe5)
core   0: 0x8000a76a (0x00006f17) auipc   t5, 0x6
core   0: 3 0x8000a76a (0x00006f17) x30 0x8001076a
core   0: 0x8000a76e (0x883f2b23) sw      gp, -1898(t5)
core   0: 3 0x8000a76e (0x883f2b23) mem 0x80010000 0x00000001
core   0: 0x8000a772 (0x0000bfe5) c.j     pc - 8
core   0: 3 0x8000a772 (0xbfe5)
core   0: 0x8000a76a (0x00006f17) auipc   t5, 0x6
core   0: 3 0x8000a76a (0x00006f17) x30 0x8001076a
core   0: 0x8000a76e (0x883f2b23) sw      gp, -1898(t5)
core   0: 3 0x8000a76e (0x883f2b23) mem 0x80010000 0x00000001
core   0: 0x8000a772 (0x0000bfe5) c.j     pc - 8
core   0: 3 0x8000a772 (0xbfe5)
core   0: 0x8000a76a (0x00006f17) auipc   t5, 0x6
core   0: 3 0x8000a76a (0x00006f17) x30 0x8001076a
core   0: 0x8000a76e (0x883f2b23) sw      gp, -1898(t5)
core   0: 3 0x8000a76e (0x883f2b23) mem 0x80010000 0x00000001
core   0: 0x8000a772 (0x0000bfe5) c.j     pc - 8
core   0: 3 0x8000a772 (0xbfe5)
core   0: 0x8000a76a (0x00006f17) auipc   t5, 0x6
core   0: 3 0x8000a76a (0x00006f17) x30 0x8001076a
core   0: 0x8000a76e (0x883f2b23) sw      gp, -1898(t5)
core   0: 3 0x8000a76e (0x883f2b23) mem 0x80010000 0x00000001
core   0: 0x8000a772 (0x0000bfe5) c.j     pc - 8
core   0: 3 0x8000a772 (0xbfe5)
core   0: 0x8000a76a (0x00006f17) auipc   t5, 0x6
core   0: 3 0x8000a76a (0x00006f17) x30 0x8001076a
core   0: 0x8000a76e (0x883f2b23) sw      gp, -1898(t5)
core   0: 3 0x8000a76e (0x883f2b23) mem 0x80010000 0x00000001
core   0: 0x8000a772 (0x0000bfe5) c.j     pc - 8
core   0: 3 0x8000a772 (0xbfe5)
core   0: 0x8000a76a (0x00006f17) auipc   t5, 0x6
core   0: 3 0x8000a76a (0x00006f17) x30 0x8001076a
core   0: 0x8000a76e (0x883f2b23) sw      gp, -1898(t5)
core   0: 3 0x8000a76e (0x883f2b23) mem 0x80010000 0x00000001
core   0: 0x8000a772 (0x0000bfe5) c.j     pc - 8
core   0: 3 0x8000a772 (0xbfe5)
core   0: 0x8000a76a (0x00006f17) auipc   t5, 0x6
core   0: 3 0x8000a76a (0x00006f17) x30 0x8001076a
core   0: 0x8000a76e (0x883f2b23) sw      gp, -1898(t5)
core   0: 3 0x8000a76e (0x883f2b23) mem 0x80010000 0x00000001
core   0: 0x8000a772 (0x0000bfe5) c.j     pc - 8
core   0: 3 0x8000a772 (0xbfe5)
core   0: 0x8000a76a (0x00006f17) auipc   t5, 0x6
core   0: 3 0x8000a76a (0x00006f17) x30 0x8001076a
core   0: 0x8000a76e (0x883f2b23) sw      gp, -1898(t5)
core   0: 3 0x8000a76e (0x883f2b23) mem 0x80010000 0x00000001
core   0: 0x8000a772 (0x0000bfe5) c.j     pc - 8
core   0: 3 0x8000a772 (0xbfe5)
core   0: 0x8000a76a (0x00006f17) auipc   t5, 0x6
core   0: 3 0x8000a76a (0x00006f17) x30 0x8001076a
core   0: 0x8000a76e (0x883f2b23) sw      gp, -1898(t5)
core   0: 3 0x8000a76e (0x883f2b23) mem 0x80010000 0x00000001
core   0: 0x8000a772 (0x0000bfe5) c.j     pc - 8
core   0: 3 0x8000a772 (0xbfe5)
core   0: 0x8000a76a (0x00006f17) auipc   t5, 0x6
core   0: 3 0x8000a76a (0x00006f17) x30 0x8001076a
core   0: 0x8000a76e (0x883f2b23) sw      gp, -1898(t5)
core   0: 3 0x8000a76e (0x883f2b23) mem 0x80010000 0x00000001
core   0: 0x8000a772 (0x0000bfe5) c.j     pc - 8
core   0: 3 0x8000a772 (0xbfe5)
core   0: 0x8000a76a (0x00006f17) auipc   t5, 0x6
core   0: 3 0x8000a76a (0x00006f17) x30 0x8001076a
core   0: 0x8000a76e (0x883f2b23) sw      gp, -1898(t5)
core   0: 3 0x8000a76e (0x883f2b23) mem 0x80010000 0x00000001
core   0: 0x8000a772 (0x0000bfe5) c.j     pc - 8
core   0: 3 0x8000a772 (0xbfe5)
core   0: 0x8000a76a (0x00006f17) auipc   t5, 0x6
core   0: 3 0x8000a76a (0x00006f17) x30 0x8001076a
core   0: 0x8000a76e (0x883f2b23) sw      gp, -1898(t5)
core   0: 3 0x8000a76e (0x883f2b23) mem 0x80010000 0x00000001
core   0: 0x8000a772 (0x0000bfe5) c.j     pc - 8
core   0: 3 0x8000a772 (0xbfe5)
core   0: 0x8000a76a (0x00006f17) auipc   t5, 0x6
core   0: 3 0x8000a76a (0x00006f17) x30 0x8001076a
core   0: 0x8000a76e (0x883f2b23) sw      gp, -1898(t5)
core   0: 3 0x8000a76e (0x883f2b23) mem 0x80010000 0x00000001
core   0: 0x8000a772 (0x0000bfe5) c.j     pc - 8
core   0: 3 0x8000a772 (0xbfe5)
core   0: 0x8000a76a (0x00006f17) auipc   t5, 0x6
core   0: 3 0x8000a76a (0x00006f17) x30 0x8001076a
core   0: 0x8000a76e (0x883f2b23) sw      gp, -1898(t5)
core   0: 3 0x8000a76e (0x883f2b23) mem 0x80010000 0x00000001
core   0: 0x8000a772 (0x0000bfe5) c.j     pc - 8
core   0: 3 0x8000a772 (0xbfe5)
core   0: 0x8000a76a (0x00006f17) auipc   t5, 0x6
core   0: 3 0x8000a76a (0x00006f17) x30 0x8001076a
core   0: 0x8000a76e (0x883f2b23) sw      gp, -1898(t5)
core   0: 3 0x8000a76e (0x883f2b23) mem 0x80010000 0x00000001
core   0: 0x8000a772 (0x0000bfe5) c.j     pc - 8
core   0: 3 0x8000a772 (0xbfe5)
core   0: 0x8000a76a (0x00006f17) auipc   t5, 0x6
core   0: 3 0x8000a76a (0x00006f17) x30 0x8001076a
core   0: 0x8000a76e (0x883f2b23) sw      gp, -1898(t5)
core   0: 3 0x8000a76e (0x883f2b23) mem 0x80010000 0x00000001
core   0: 0x8000a772 (0x0000bfe5) c.j     pc - 8
core   0: 3 0x8000a772 (0xbfe5)
core   0: 0x8000a76a (0x00006f17) auipc   t5, 0x6
core   0: 3 0x8000a76a (0x00006f17) x30 0x8001076a
core   0: 0x8000a76e (0x883f2b23) sw      gp, -1898(t5)
core   0: 3 0x8000a76e (0x883f2b23) mem 0x80010000 0x00000001
core   0: 0x8000a772 (0x0000bfe5) c.j     pc - 8
core   0: 3 0x8000a772 (0xbfe5)
core   0: 0x8000a76a (0x00006f17) auipc   t5, 0x6
core   0: 3 0x8000a76a (0x00006f17) x30 0x8001076a
core   0: 0x8000a76e (0x883f2b23) sw      gp, -1898(t5)
core   0: 3 0x8000a76e (0x883f2b23) mem 0x80010000 0x00000001
core   0: 0x8000a772 (0x0000bfe5) c.j     pc - 8
core   0: 3 0x8000a772 (0xbfe5)
core   0: 0x8000a76a (0x00006f17) auipc   t5, 0x6
core   0: 3 0x8000a76a (0x00006f17) x30 0x8001076a
core   0: 0x8000a76e (0x883f2b23) sw      gp, -1898(t5)
core   0: 3 0x8000a76e (0x883f2b23) mem 0x80010000 0x00000001
core   0: 0x8000a772 (0x0000bfe5) c.j     pc - 8
core   0: 3 0x8000a772 (0xbfe5)
core   0: 0x8000a76a (0x00006f17) auipc   t5, 0x6
core   0: 3 0x8000a76a (0x00006f17) x30 0x8001076a
core   0: 0x8000a76e (0x883f2b23) sw      gp, -1898(t5)
core   0: 3 0x8000a76e (0x883f2b23) mem 0x80010000 0x00000001
core   0: 0x8000a772 (0x0000bfe5) c.j     pc - 8
core   0: 3 0x8000a772 (0xbfe5)
core   0: 0x8000a76a (0x00006f17) auipc   t5, 0x6
core   0: 3 0x8000a76a (0x00006f17) x30 0x8001076a
core   0: 0x8000a76e (0x883f2b23) sw      gp, -1898(t5)
core   0: 3 0x8000a76e (0x883f2b23) mem 0x80010000 0x00000001
core   0: 0x8000a772 (0x0000bfe5) c.j     pc - 8
core   0: 3 0x8000a772 (0xbfe5)
core   0: 0x8000a76a (0x00006f17) auipc   t5, 0x6
core   0: 3 0x8000a76a (0x00006f17) x30 0x8001076a
core   0: 0x8000a76e (0x883f2b23) sw      gp, -1898(t5)
core   0: 3 0x8000a76e (0x883f2b23) mem 0x80010000 0x00000001
core   0: 0x8000a772 (0x0000bfe5) c.j     pc - 8
core   0: 3 0x8000a772 (0xbfe5)
core   0: 0x8000a76a (0x00006f17) auipc   t5, 0x6
core   0: 3 0x8000a76a (0x00006f17) x30 0x8001076a
core   0: 0x8000a76e (0x883f2b23) sw      gp, -1898(t5)
core   0: 3 0x8000a76e (0x883f2b23) mem 0x80010000 0x00000001
core   0: 0x8000a772 (0x0000bfe5) c.j     pc - 8
core   0: 3 0x8000a772 (0xbfe5)
core   0: 0x8000a76a (0x00006f17) auipc   t5, 0x6
core   0: 3 0x8000a76a (0x00006f17) x30 0x8001076a
core   0: 0x8000a76e (0x883f2b23) sw      gp, -1898(t5)
core   0: 3 0x8000a76e (0x883f2b23) mem 0x80010000 0x00000001
core   0: 0x8000a772 (0x0000bfe5) c.j     pc - 8
core   0: 3 0x8000a772 (0xbfe5)
core   0: 0x8000a76a (0x00006f17) auipc   t5, 0x6
core   0: 3 0x8000a76a (0x00006f17) x30 0x8001076a
core   0: 0x8000a76e (0x883f2b23) sw      gp, -1898(t5)
core   0: 3 0x8000a76e (0x883f2b23) mem 0x80010000 0x00000001
core   0: 0x8000a772 (0x0000bfe5) c.j     pc - 8
core   0: 3 0x8000a772 (0xbfe5)
core   0: 0x8000a76a (0x00006f17) auipc   t5, 0x6
core   0: 3 0x8000a76a (0x00006f17) x30 0x8001076a
core   0: 0x8000a76e (0x883f2b23) sw      gp, -1898(t5)
core   0: 3 0x8000a76e (0x883f2b23) mem 0x80010000 0x00000001
core   0: 0x8000a772 (0x0000bfe5) c.j     pc - 8
core   0: 3 0x8000a772 (0xbfe5)
core   0: 0x8000a76a (0x00006f17) auipc   t5, 0x6
core   0: 3 0x8000a76a (0x00006f17) x30 0x8001076a
core   0: 0x8000a76e (0x883f2b23) sw      gp, -1898(t5)
core   0: 3 0x8000a76e (0x883f2b23) mem 0x80010000 0x00000001
core   0: 0x8000a772 (0x0000bfe5) c.j     pc - 8
core   0: 3 0x8000a772 (0xbfe5)
core   0: 0x8000a76a (0x00006f17) auipc   t5, 0x6
core   0: 3 0x8000a76a (0x00006f17) x30 0x8001076a
core   0: 0x8000a76e (0x883f2b23) sw      gp, -1898(t5)
core   0: 3 0x8000a76e (0x883f2b23) mem 0x80010000 0x00000001
core   0: 0x8000a772 (0x0000bfe5) c.j     pc - 8
core   0: 3 0x8000a772 (0xbfe5)
core   0: 0x8000a76a (0x00006f17) auipc   t5, 0x6
core   0: 3 0x8000a76a (0x00006f17) x30 0x8001076a
core   0: 0x8000a76e (0x883f2b23) sw      gp, -1898(t5)
core   0: 3 0x8000a76e (0x883f2b23) mem 0x80010000 0x00000001
core   0: 0x8000a772 (0x0000bfe5) c.j     pc - 8
core   0: 3 0x8000a772 (0xbfe5)
core   0: 0x8000a76a (0x00006f17) auipc   t5, 0x6
core   0: 3 0x8000a76a (0x00006f17) x30 0x8001076a
core   0: 0x8000a76e (0x883f2b23) sw      gp, -1898(t5)
core   0: 3 0x8000a76e (0x883f2b23) mem 0x80010000 0x00000001
core   0: 0x8000a772 (0x0000bfe5) c.j     pc - 8
core   0: 3 0x8000a772 (0xbfe5)
core   0: 0x8000a76a (0x00006f17) auipc   t5, 0x6
core   0: 3 0x8000a76a (0x00006f17) x30 0x8001076a
core   0: 0x8000a76e (0x883f2b23) sw      gp, -1898(t5)
core   0: 3 0x8000a76e (0x883f2b23) mem 0x80010000 0x00000001
core   0: 0x8000a772 (0x0000bfe5) c.j     pc - 8
core   0: 3 0x8000a772 (0xbfe5)
core   0: 0x8000a76a (0x00006f17) auipc   t5, 0x6
core   0: 3 0x8000a76a (0x00006f17) x30 0x8001076a
core   0: 0x8000a76e (0x883f2b23) sw      gp, -1898(t5)
core   0: 3 0x8000a76e (0x883f2b23) mem 0x80010000 0x00000001
core   0: 0x8000a772 (0x0000bfe5) c.j     pc - 8
core   0: 3 0x8000a772 (0xbfe5)
core   0: 0x8000a76a (0x00006f17) auipc   t5, 0x6
core   0: 3 0x8000a76a (0x00006f17) x30 0x8001076a
core   0: 0x8000a76e (0x883f2b23) sw      gp, -1898(t5)
core   0: 3 0x8000a76e (0x883f2b23) mem 0x80010000 0x00000001
core   0: 0x8000a772 (0x0000bfe5) c.j     pc - 8
core   0: 3 0x8000a772 (0xbfe5)
core   0: 0x8000a76a (0x00006f17) auipc   t5, 0x6
core   0: 3 0x8000a76a (0x00006f17) x30 0x8001076a
core   0: 0x8000a76e (0x883f2b23) sw      gp, -1898(t5)
core   0: 3 0x8000a76e (0x883f2b23) mem 0x80010000 0x00000001
core   0: 0x8000a772 (0x0000bfe5) c.j     pc - 8
core   0: 3 0x8000a772 (0xbfe5)
core   0: 0x8000a76a (0x00006f17) auipc   t5, 0x6
core   0: 3 0x8000a76a (0x00006f17) x30 0x8001076a
core   0: 0x8000a76e (0x883f2b23) sw      gp, -1898(t5)
core   0: 3 0x8000a76e (0x883f2b23) mem 0x80010000 0x00000001
core   0: 0x8000a772 (0x0000bfe5) c.j     pc - 8
core   0: 3 0x8000a772 (0xbfe5)
core   0: 0x8000a76a (0x00006f17) auipc   t5, 0x6
core   0: 3 0x8000a76a (0x00006f17) x30 0x8001076a
core   0: 0x8000a76e (0x883f2b23) sw      gp, -1898(t5)
core   0: 3 0x8000a76e (0x883f2b23) mem 0x80010000 0x00000001
core   0: 0x8000a772 (0x0000bfe5) c.j     pc - 8
core   0: 3 0x8000a772 (0xbfe5)
core   0: 0x8000a76a (0x00006f17) auipc   t5, 0x6
core   0: 3 0x8000a76a (0x00006f17) x30 0x8001076a
core   0: 0x8000a76e (0x883f2b23) sw      gp, -1898(t5)
core   0: 3 0x8000a76e (0x883f2b23) mem 0x80010000 0x00000001
core   0: 0x8000a772 (0x0000bfe5) c.j     pc - 8
core   0: 3 0x8000a772 (0xbfe5)
core   0: 0x8000a76a (0x00006f17) auipc   t5, 0x6
core   0: 3 0x8000a76a (0x00006f17) x30 0x8001076a
core   0: 0x8000a76e (0x883f2b23) sw      gp, -1898(t5)
core   0: 3 0x8000a76e (0x883f2b23) mem 0x80010000 0x00000001
core   0: 0x8000a772 (0x0000bfe5) c.j     pc - 8
core   0: 3 0x8000a772 (0xbfe5)
core   0: 0x8000a76a (0x00006f17) auipc   t5, 0x6
core   0: 3 0x8000a76a (0x00006f17) x30 0x8001076a
core   0: 0x8000a76e (0x883f2b23) sw      gp, -1898(t5)
core   0: 3 0x8000a76e (0x883f2b23) mem 0x80010000 0x00000001
core   0: 0x8000a772 (0x0000bfe5) c.j     pc - 8
core   0: 3 0x8000a772 (0xbfe5)
core   0: 0x8000a76a (0x00006f17) auipc   t5, 0x6
core   0: 3 0x8000a76a (0x00006f17) x30 0x8001076a
core   0: 0x8000a76e (0x883f2b23) sw      gp, -1898(t5)
core   0: 3 0x8000a76e (0x883f2b23) mem 0x80010000 0x00000001
core   0: 0x8000a772 (0x0000bfe5) c.j     pc - 8
core   0: 3 0x8000a772 (0xbfe5)
core   0: 0x8000a76a (0x00006f17) auipc   t5, 0x6
core   0: 3 0x8000a76a (0x00006f17) x30 0x8001076a
core   0: 0x8000a76e (0x883f2b23) sw      gp, -1898(t5)
core   0: 3 0x8000a76e (0x883f2b23) mem 0x80010000 0x00000001
core   0: 0x8000a772 (0x0000bfe5) c.j     pc - 8
core   0: 3 0x8000a772 (0xbfe5)
core   0: 0x8000a76a (0x00006f17) auipc   t5, 0x6
core   0: 3 0x8000a76a (0x00006f17) x30 0x8001076a
core   0: 0x8000a76e (0x883f2b23) sw      gp, -1898(t5)
core   0: 3 0x8000a76e (0x883f2b23) mem 0x80010000 0x00000001
core   0: 0x8000a772 (0x0000bfe5) c.j     pc - 8
core   0: 3 0x8000a772 (0xbfe5)
core   0: 0x8000a76a (0x00006f17) auipc   t5, 0x6
core   0: 3 0x8000a76a (0x00006f17) x30 0x8001076a
core   0: 0x8000a76e (0x883f2b23) sw      gp, -1898(t5)
core   0: 3 0x8000a76e (0x883f2b23) mem 0x80010000 0x00000001
core   0: 0x8000a772 (0x0000bfe5) c.j     pc - 8
core   0: 3 0x8000a772 (0xbfe5)
core   0: 0x8000a76a (0x00006f17) auipc   t5, 0x6
core   0: 3 0x8000a76a (0x00006f17) x30 0x8001076a
core   0: 0x8000a76e (0x883f2b23) sw      gp, -1898(t5)
core   0: 3 0x8000a76e (0x883f2b23) mem 0x80010000 0x00000001
core   0: 0x8000a772 (0x0000bfe5) c.j     pc - 8
core   0: 3 0x8000a772 (0xbfe5)
core   0: 0x8000a76a (0x00006f17) auipc   t5, 0x6
core   0: 3 0x8000a76a (0x00006f17) x30 0x8001076a
core   0: 0x8000a76e (0x883f2b23) sw      gp, -1898(t5)
core   0: 3 0x8000a76e (0x883f2b23) mem 0x80010000 0x00000001
core   0: 0x8000a772 (0x0000bfe5) c.j     pc - 8
core   0: 3 0x8000a772 (0xbfe5)
core   0: 0x8000a76a (0x00006f17) auipc   t5, 0x6
core   0: 3 0x8000a76a (0x00006f17) x30 0x8001076a
core   0: 0x8000a76e (0x883f2b23) sw      gp, -1898(t5)
core   0: 3 0x8000a76e (0x883f2b23) mem 0x80010000 0x00000001
core   0: 0x8000a772 (0x0000bfe5) c.j     pc - 8
core   0: 3 0x8000a772 (0xbfe5)
core   0: 0x8000a76a (0x00006f17) auipc   t5, 0x6
core   0: 3 0x8000a76a (0x00006f17) x30 0x8001076a
core   0: 0x8000a76e (0x883f2b23) sw      gp, -1898(t5)
core   0: 3 0x8000a76e (0x883f2b23) mem 0x80010000 0x00000001
core   0: 0x8000a772 (0x0000bfe5) c.j     pc - 8
core   0: 3 0x8000a772 (0xbfe5)
core   0: 0x8000a76a (0x00006f17) auipc   t5, 0x6
core   0: 3 0x8000a76a (0x00006f17) x30 0x8001076a
core   0: 0x8000a76e (0x883f2b23) sw      gp, -1898(t5)
core   0: 3 0x8000a76e (0x883f2b23) mem 0x80010000 0x00000001
core   0: 0x8000a772 (0x0000bfe5) c.j     pc - 8
core   0: 3 0x8000a772 (0xbfe5)
core   0: 0x8000a76a (0x00006f17) auipc   t5, 0x6
core   0: 3 0x8000a76a (0x00006f17) x30 0x8001076a
core   0: 0x8000a76e (0x883f2b23) sw      gp, -1898(t5)
core   0: 3 0x8000a76e (0x883f2b23) mem 0x80010000 0x00000001
core   0: 0x8000a772 (0x0000bfe5) c.j     pc - 8
core   0: 3 0x8000a772 (0xbfe5)
core   0: 0x8000a76a (0x00006f17) auipc   t5, 0x6
core   0: 3 0x8000a76a (0x00006f17) x30 0x8001076a
core   0: 0x8000a76e (0x883f2b23) sw      gp, -1898(t5)
core   0: 3 0x8000a76e (0x883f2b23) mem 0x80010000 0x00000001
core   0: 0x8000a772 (0x0000bfe5) c.j     pc - 8
core   0: 3 0x8000a772 (0xbfe5)
core   0: 0x8000a76a (0x00006f17) auipc   t5, 0x6
core   0: 3 0x8000a76a (0x00006f17) x30 0x8001076a
core   0: 0x8000a76e (0x883f2b23) sw      gp, -1898(t5)
core   0: 3 0x8000a76e (0x883f2b23) mem 0x80010000 0x00000001
core   0: 0x8000a772 (0x0000bfe5) c.j     pc - 8
core   0: 3 0x8000a772 (0xbfe5)
core   0: 0x8000a76a (0x00006f17) auipc   t5, 0x6
core   0: 3 0x8000a76a (0x00006f17) x30 0x8001076a
core   0: 0x8000a76e (0x883f2b23) sw      gp, -1898(t5)
core   0: 3 0x8000a76e (0x883f2b23) mem 0x80010000 0x00000001
core   0: 0x8000a772 (0x0000bfe5) c.j     pc - 8
core   0: 3 0x8000a772 (0xbfe5)
core   0: 0x8000a76a (0x00006f17) auipc   t5, 0x6
core   0: 3 0x8000a76a (0x00006f17) x30 0x8001076a
core   0: 0x8000a76e (0x883f2b23) sw      gp, -1898(t5)
core   0: 3 0x8000a76e (0x883f2b23) mem 0x80010000 0x00000001
core   0: 0x8000a772 (0x0000bfe5) c.j     pc - 8
core   0: 3 0x8000a772 (0xbfe5)
core   0: 0x8000a76a (0x00006f17) auipc   t5, 0x6
core   0: 3 0x8000a76a (0x00006f17) x30 0x8001076a
core   0: 0x8000a76e (0x883f2b23) sw      gp, -1898(t5)
core   0: 3 0x8000a76e (0x883f2b23) mem 0x80010000 0x00000001
core   0: 0x8000a772 (0x0000bfe5) c.j     pc - 8
core   0: 3 0x8000a772 (0xbfe5)
core   0: 0x8000a76a (0x00006f17) auipc   t5, 0x6
core   0: 3 0x8000a76a (0x00006f17) x30 0x8001076a
core   0: 0x8000a76e (0x883f2b23) sw      gp, -1898(t5)
core   0: 3 0x8000a76e (0x883f2b23) mem 0x80010000 0x00000001
core   0: 0x8000a772 (0x0000bfe5) c.j     pc - 8
core   0: 3 0x8000a772 (0xbfe5)
core   0: 0x8000a76a (0x00006f17) auipc   t5, 0x6
core   0: 3 0x8000a76a (0x00006f17) x30 0x8001076a
core   0: 0x8000a76e (0x883f2b23) sw      gp, -1898(t5)
core   0: 3 0x8000a76e (0x883f2b23) mem 0x80010000 0x00000001
core   0: 0x8000a772 (0x0000bfe5) c.j     pc - 8
core   0: 3 0x8000a772 (0xbfe5)
core   0: 0x8000a76a (0x00006f17) auipc   t5, 0x6
core   0: 3 0x8000a76a (0x00006f17) x30 0x8001076a
core   0: 0x8000a76e (0x883f2b23) sw      gp, -1898(t5)
core   0: 3 0x8000a76e (0x883f2b23) mem 0x80010000 0x00000001
core   0: 0x8000a772 (0x0000bfe5) c.j     pc - 8
core   0: 3 0x8000a772 (0xbfe5)
core   0: 0x8000a76a (0x00006f17) auipc   t5, 0x6
core   0: 3 0x8000a76a (0x00006f17) x30 0x8001076a
core   0: 0x8000a76e (0x883f2b23) sw      gp, -1898(t5)
core   0: 3 0x8000a76e (0x883f2b23) mem 0x80010000 0x00000001
core   0: 0x8000a772 (0x0000bfe5) c.j     pc - 8
core   0: 3 0x8000a772 (0xbfe5)
core   0: 0x8000a76a (0x00006f17) auipc   t5, 0x6
core   0: 3 0x8000a76a (0x00006f17) x30 0x8001076a
core   0: 0x8000a76e (0x883f2b23) sw      gp, -1898(t5)
core   0: 3 0x8000a76e (0x883f2b23) mem 0x80010000 0x00000001
core   0: 0x8000a772 (0x0000bfe5) c.j     pc - 8
core   0: 3 0x8000a772 (0xbfe5)
core   0: 0x8000a76a (0x00006f17) auipc   t5, 0x6
core   0: 3 0x8000a76a (0x00006f17) x30 0x8001076a
core   0: 0x8000a76e (0x883f2b23) sw      gp, -1898(t5)
core   0: 3 0x8000a76e (0x883f2b23) mem 0x80010000 0x00000001
core   0: 0x8000a772 (0x0000bfe5) c.j     pc - 8
core   0: 3 0x8000a772 (0xbfe5)
core   0: 0x8000a76a (0x00006f17) auipc   t5, 0x6
core   0: 3 0x8000a76a (0x00006f17) x30 0x8001076a
core   0: 0x8000a76e (0x883f2b23) sw      gp, -1898(t5)
core   0: 3 0x8000a76e (0x883f2b23) mem 0x80010000 0x00000001
core   0: 0x8000a772 (0x0000bfe5) c.j     pc - 8
core   0: 3 0x8000a772 (0xbfe5)
core   0: 0x8000a76a (0x00006f17) auipc   t5, 0x6
core   0: 3 0x8000a76a (0x00006f17) x30 0x8001076a
core   0: 0x8000a76e (0x883f2b23) sw      gp, -1898(t5)
core   0: 3 0x8000a76e (0x883f2b23) mem 0x80010000 0x00000001
core   0: 0x8000a772 (0x0000bfe5) c.j     pc - 8
core   0: 3 0x8000a772 (0xbfe5)
core   0: 0x8000a76a (0x00006f17) auipc   t5, 0x6
core   0: 3 0x8000a76a (0x00006f17) x30 0x8001076a
core   0: 0x8000a76e (0x883f2b23) sw      gp, -1898(t5)
core   0: 3 0x8000a76e (0x883f2b23) mem 0x80010000 0x00000001
core   0: 0x8000a772 (0x0000bfe5) c.j     pc - 8
core   0: 3 0x8000a772 (0xbfe5)
core   0: 0x8000a76a (0x00006f17) auipc   t5, 0x6
core   0: 3 0x8000a76a (0x00006f17) x30 0x8001076a
core   0: 0x8000a76e (0x883f2b23) sw      gp, -1898(t5)
core   0: 3 0x8000a76e (0x883f2b23) mem 0x80010000 0x00000001
core   0: 0x8000a772 (0x0000bfe5) c.j     pc - 8
core   0: 3 0x8000a772 (0xbfe5)
core   0: 0x8000a76a (0x00006f17) auipc   t5, 0x6
core   0: 3 0x8000a76a (0x00006f17) x30 0x8001076a
core   0: 0x8000a76e (0x883f2b23) sw      gp, -1898(t5)
core   0: 3 0x8000a76e (0x883f2b23) mem 0x80010000 0x00000001
core   0: 0x8000a772 (0x0000bfe5) c.j     pc - 8
core   0: 3 0x8000a772 (0xbfe5)
core   0: 0x8000a76a (0x00006f17) auipc   t5, 0x6
core   0: 3 0x8000a76a (0x00006f17) x30 0x8001076a
core   0: 0x8000a76e (0x883f2b23) sw      gp, -1898(t5)
core   0: 3 0x8000a76e (0x883f2b23) mem 0x80010000 0x00000001
core   0: 0x8000a772 (0x0000bfe5) c.j     pc - 8
core   0: 3 0x8000a772 (0xbfe5)
core   0: 0x8000a76a (0x00006f17) auipc   t5, 0x6
core   0: 3 0x8000a76a (0x00006f17) x30 0x8001076a
core   0: 0x8000a76e (0x883f2b23) sw      gp, -1898(t5)
core   0: 3 0x8000a76e (0x883f2b23) mem 0x80010000 0x00000001
core   0: 0x8000a772 (0x0000bfe5) c.j     pc - 8
core   0: 3 0x8000a772 (0xbfe5)
core   0: 0x8000a76a (0x00006f17) auipc   t5, 0x6
core   0: 3 0x8000a76a (0x00006f17) x30 0x8001076a
core   0: 0x8000a76e (0x883f2b23) sw      gp, -1898(t5)
core   0: 3 0x8000a76e (0x883f2b23) mem 0x80010000 0x00000001
core   0: 0x8000a772 (0x0000bfe5) c.j     pc - 8
core   0: 3 0x8000a772 (0xbfe5)
core   0: 0x8000a76a (0x00006f17) auipc   t5, 0x6
core   0: 3 0x8000a76a (0x00006f17) x30 0x8001076a
core   0: 0x8000a76e (0x883f2b23) sw      gp, -1898(t5)
core   0: 3 0x8000a76e (0x883f2b23) mem 0x80010000 0x00000001
core   0: 0x8000a772 (0x0000bfe5) c.j     pc - 8
core   0: 3 0x8000a772 (0xbfe5)
core   0: 0x8000a76a (0x00006f17) auipc   t5, 0x6
core   0: 3 0x8000a76a (0x00006f17) x30 0x8001076a
core   0: 0x8000a76e (0x883f2b23) sw      gp, -1898(t5)
core   0: 3 0x8000a76e (0x883f2b23) mem 0x80010000 0x00000001
core   0: 0x8000a772 (0x0000bfe5) c.j     pc - 8
core   0: 3 0x8000a772 (0xbfe5)
core   0: 0x8000a76a (0x00006f17) auipc   t5, 0x6
core   0: 3 0x8000a76a (0x00006f17) x30 0x8001076a
core   0: 0x8000a76e (0x883f2b23) sw      gp, -1898(t5)
core   0: 3 0x8000a76e (0x883f2b23) mem 0x80010000 0x00000001
core   0: 0x8000a772 (0x0000bfe5) c.j     pc - 8
core   0: 3 0x8000a772 (0xbfe5)
core   0: 0x8000a76a (0x00006f17) auipc   t5, 0x6
core   0: 3 0x8000a76a (0x00006f17) x30 0x8001076a
core   0: 0x8000a76e (0x883f2b23) sw      gp, -1898(t5)
core   0: 3 0x8000a76e (0x883f2b23) mem 0x80010000 0x00000001
core   0: 0x8000a772 (0x0000bfe5) c.j     pc - 8
core   0: 3 0x8000a772 (0xbfe5)
core   0: 0x8000a76a (0x00006f17) auipc   t5, 0x6
core   0: 3 0x8000a76a (0x00006f17) x30 0x8001076a
core   0: 0x8000a76e (0x883f2b23) sw      gp, -1898(t5)
core   0: 3 0x8000a76e (0x883f2b23) mem 0x80010000 0x00000001
core   0: 0x8000a772 (0x0000bfe5) c.j     pc - 8
core   0: 3 0x8000a772 (0xbfe5)
core   0: 0x8000a76a (0x00006f17) auipc   t5, 0x6
core   0: 3 0x8000a76a (0x00006f17) x30 0x8001076a
core   0: 0x8000a76e (0x883f2b23) sw      gp, -1898(t5)
core   0: 3 0x8000a76e (0x883f2b23) mem 0x80010000 0x00000001
core   0: 0x8000a772 (0x0000bfe5) c.j     pc - 8
core   0: 3 0x8000a772 (0xbfe5)
core   0: 0x8000a76a (0x00006f17) auipc   t5, 0x6
core   0: 3 0x8000a76a (0x00006f17) x30 0x8001076a
core   0: 0x8000a76e (0x883f2b23) sw      gp, -1898(t5)
core   0: 3 0x8000a76e (0x883f2b23) mem 0x80010000 0x00000001
core   0: 0x8000a772 (0x0000bfe5) c.j     pc - 8
core   0: 3 0x8000a772 (0xbfe5)
core   0: 0x8000a76a (0x00006f17) auipc   t5, 0x6
core   0: 3 0x8000a76a (0x00006f17) x30 0x8001076a
core   0: 0x8000a76e (0x883f2b23) sw      gp, -1898(t5)
core   0: 3 0x8000a76e (0x883f2b23) mem 0x80010000 0x00000001
core   0: 0x8000a772 (0x0000bfe5) c.j     pc - 8
core   0: 3 0x8000a772 (0xbfe5)
core   0: 0x8000a76a (0x00006f17) auipc   t5, 0x6
core   0: 3 0x8000a76a (0x00006f17) x30 0x8001076a
core   0: 0x8000a76e (0x883f2b23) sw      gp, -1898(t5)
core   0: 3 0x8000a76e (0x883f2b23) mem 0x80010000 0x00000001
core   0: 0x8000a772 (0x0000bfe5) c.j     pc - 8
core   0: 3 0x8000a772 (0xbfe5)
core   0: 0x8000a76a (0x00006f17) auipc   t5, 0x6
core   0: 3 0x8000a76a (0x00006f17) x30 0x8001076a
core   0: 0x8000a76e (0x883f2b23) sw      gp, -1898(t5)
core   0: 3 0x8000a76e (0x883f2b23) mem 0x80010000 0x00000001
core   0: 0x8000a772 (0x0000bfe5) c.j     pc - 8
core   0: 3 0x8000a772 (0xbfe5)
core   0: 0x8000a76a (0x00006f17) auipc   t5, 0x6
core   0: 3 0x8000a76a (0x00006f17) x30 0x8001076a
core   0: 0x8000a76e (0x883f2b23) sw      gp, -1898(t5)
core   0: 3 0x8000a76e (0x883f2b23) mem 0x80010000 0x00000001
core   0: 0x8000a772 (0x0000bfe5) c.j     pc - 8
core   0: 3 0x8000a772 (0xbfe5)
core   0: 0x8000a76a (0x00006f17) auipc   t5, 0x6
core   0: 3 0x8000a76a (0x00006f17) x30 0x8001076a
core   0: 0x8000a76e (0x883f2b23) sw      gp, -1898(t5)
core   0: 3 0x8000a76e (0x883f2b23) mem 0x80010000 0x00000001
core   0: 0x8000a772 (0x0000bfe5) c.j     pc - 8
core   0: 3 0x8000a772 (0xbfe5)
core   0: 0x8000a76a (0x00006f17) auipc   t5, 0x6
core   0: 3 0x8000a76a (0x00006f17) x30 0x8001076a
core   0: 0x8000a76e (0x883f2b23) sw      gp, -1898(t5)
core   0: 3 0x8000a76e (0x883f2b23) mem 0x80010000 0x00000001
core   0: 0x8000a772 (0x0000bfe5) c.j     pc - 8
core   0: 3 0x8000a772 (0xbfe5)
core   0: 0x8000a76a (0x00006f17) auipc   t5, 0x6
core   0: 3 0x8000a76a (0x00006f17) x30 0x8001076a
core   0: 0x8000a76e (0x883f2b23) sw      gp, -1898(t5)
core   0: 3 0x8000a76e (0x883f2b23) mem 0x80010000 0x00000001
core   0: 0x8000a772 (0x0000bfe5) c.j     pc - 8
core   0: 3 0x8000a772 (0xbfe5)
core   0: 0x8000a76a (0x00006f17) auipc   t5, 0x6
core   0: 3 0x8000a76a (0x00006f17) x30 0x8001076a
core   0: 0x8000a76e (0x883f2b23) sw      gp, -1898(t5)
core   0: 3 0x8000a76e (0x883f2b23) mem 0x80010000 0x00000001
core   0: 0x8000a772 (0x0000bfe5) c.j     pc - 8
core   0: 3 0x8000a772 (0xbfe5)
core   0: 0x8000a76a (0x00006f17) auipc   t5, 0x6
core   0: 3 0x8000a76a (0x00006f17) x30 0x8001076a
core   0: 0x8000a76e (0x883f2b23) sw      gp, -1898(t5)
core   0: 3 0x8000a76e (0x883f2b23) mem 0x80010000 0x00000001
core   0: 0x8000a772 (0x0000bfe5) c.j     pc - 8
core   0: 3 0x8000a772 (0xbfe5)
core   0: 0x8000a76a (0x00006f17) auipc   t5, 0x6
core   0: 3 0x8000a76a (0x00006f17) x30 0x8001076a
core   0: 0x8000a76e (0x883f2b23) sw      gp, -1898(t5)
core   0: 3 0x8000a76e (0x883f2b23) mem 0x80010000 0x00000001
core   0: 0x8000a772 (0x0000bfe5) c.j     pc - 8
core   0: 3 0x8000a772 (0xbfe5)
core   0: 0x8000a76a (0x00006f17) auipc   t5, 0x6
core   0: 3 0x8000a76a (0x00006f17) x30 0x8001076a
core   0: 0x8000a76e (0x883f2b23) sw      gp, -1898(t5)
core   0: 3 0x8000a76e (0x883f2b23) mem 0x80010000 0x00000001
core   0: 0x8000a772 (0x0000bfe5) c.j     pc - 8
core   0: 3 0x8000a772 (0xbfe5)
core   0: 0x8000a76a (0x00006f17) auipc   t5, 0x6
core   0: 3 0x8000a76a (0x00006f17) x30 0x8001076a
core   0: 0x8000a76e (0x883f2b23) sw      gp, -1898(t5)
core   0: 3 0x8000a76e (0x883f2b23) mem 0x80010000 0x00000001
core   0: 0x8000a772 (0x0000bfe5) c.j     pc - 8
core   0: 3 0x8000a772 (0xbfe5)
core   0: 0x8000a76a (0x00006f17) auipc   t5, 0x6
core   0: 3 0x8000a76a (0x00006f17) x30 0x8001076a
core   0: 0x8000a76e (0x883f2b23) sw      gp, -1898(t5)
core   0: 3 0x8000a76e (0x883f2b23) mem 0x80010000 0x00000001
core   0: 0x8000a772 (0x0000bfe5) c.j     pc - 8
core   0: 3 0x8000a772 (0xbfe5)
core   0: 0x8000a76a (0x00006f17) auipc   t5, 0x6
core   0: 3 0x8000a76a (0x00006f17) x30 0x8001076a
core   0: 0x8000a76e (0x883f2b23) sw      gp, -1898(t5)
core   0: 3 0x8000a76e (0x883f2b23) mem 0x80010000 0x00000001
core   0: 0x8000a772 (0x0000bfe5) c.j     pc - 8
core   0: 3 0x8000a772 (0xbfe5)
core   0: 0x8000a76a (0x00006f17) auipc   t5, 0x6
core   0: 3 0x8000a76a (0x00006f17) x30 0x8001076a
core   0: 0x8000a76e (0x883f2b23) sw      gp, -1898(t5)
core   0: 3 0x8000a76e (0x883f2b23) mem 0x80010000 0x00000001
core   0: 0x8000a772 (0x0000bfe5) c.j     pc - 8
core   0: 3 0x8000a772 (0xbfe5)
core   0: 0x8000a76a (0x00006f17) auipc   t5, 0x6
core   0: 3 0x8000a76a (0x00006f17) x30 0x8001076a
core   0: 0x8000a76e (0x883f2b23) sw      gp, -1898(t5)
core   0: 3 0x8000a76e (0x883f2b23) mem 0x80010000 0x00000001
core   0: 0x8000a772 (0x0000bfe5) c.j     pc - 8
core   0: 3 0x8000a772 (0xbfe5)
core   0: 0x8000a76a (0x00006f17) auipc   t5, 0x6
core   0: 3 0x8000a76a (0x00006f17) x30 0x8001076a
core   0: 0x8000a76e (0x883f2b23) sw      gp, -1898(t5)
core   0: 3 0x8000a76e (0x883f2b23) mem 0x80010000 0x00000001
core   0: 0x8000a772 (0x0000bfe5) c.j     pc - 8
core   0: 3 0x8000a772 (0xbfe5)
core   0: 0x8000a76a (0x00006f17) auipc   t5, 0x6
core   0: 3 0x8000a76a (0x00006f17) x30 0x8001076a
core   0: 0x8000a76e (0x883f2b23) sw      gp, -1898(t5)
core   0: 3 0x8000a76e (0x883f2b23) mem 0x80010000 0x00000001
core   0: 0x8000a772 (0x0000bfe5) c.j     pc - 8
core   0: 3 0x8000a772 (0xbfe5)
core   0: 0x8000a76a (0x00006f17) auipc   t5, 0x6
core   0: 3 0x8000a76a (0x00006f17) x30 0x8001076a
core   0: 0x8000a76e (0x883f2b23) sw      gp, -1898(t5)
core   0: 3 0x8000a76e (0x883f2b23) mem 0x80010000 0x00000001
core   0: 0x8000a772 (0x0000bfe5) c.j     pc - 8
core   0: 3 0x8000a772 (0xbfe5)
core   0: 0x8000a76a (0x00006f17) auipc   t5, 0x6
core   0: 3 0x8000a76a (0x00006f17) x30 0x8001076a
core   0: 0x8000a76e (0x883f2b23) sw      gp, -1898(t5)
core   0: 3 0x8000a76e (0x883f2b23) mem 0x80010000 0x00000001
core   0: 0x8000a772 (0x0000bfe5) c.j     pc - 8
core   0: 3 0x8000a772 (0xbfe5)
core   0: 0x8000a76a (0x00006f17) auipc   t5, 0x6
core   0: 3 0x8000a76a (0x00006f17) x30 0x8001076a
core   0: 0x8000a76e (0x883f2b23) sw      gp, -1898(t5)
core   0: 3 0x8000a76e (0x883f2b23) mem 0x80010000 0x00000001
core   0: 0x8000a772 (0x0000bfe5) c.j     pc - 8
core   0: 3 0x8000a772 (0xbfe5)
core   0: 0x8000a76a (0x00006f17) auipc   t5, 0x6
core   0: 3 0x8000a76a (0x00006f17) x30 0x8001076a
core   0: 0x8000a76e (0x883f2b23) sw      gp, -1898(t5)
core   0: 3 0x8000a76e (0x883f2b23) mem 0x80010000 0x00000001
core   0: 0x8000a772 (0x0000bfe5) c.j     pc - 8
core   0: 3 0x8000a772 (0xbfe5)
core   0: 0x8000a76a (0x00006f17) auipc   t5, 0x6
core   0: 3 0x8000a76a (0x00006f17) x30 0x8001076a
core   0: 0x8000a76e (0x883f2b23) sw      gp, -1898(t5)
core   0: 3 0x8000a76e (0x883f2b23) mem 0x80010000 0x00000001
core   0: 0x8000a772 (0x0000bfe5) c.j     pc - 8
core   0: 3 0x8000a772 (0xbfe5)
core   0: 0x8000a76a (0x00006f17) auipc   t5, 0x6
core   0: 3 0x8000a76a (0x00006f17) x30 0x8001076a
core   0: 0x8000a76e (0x883f2b23) sw      gp, -1898(t5)
core   0: 3 0x8000a76e (0x883f2b23) mem 0x80010000 0x00000001
core   0: 0x8000a772 (0x0000bfe5) c.j     pc - 8
core   0: 3 0x8000a772 (0xbfe5)
core   0: 0x8000a76a (0x00006f17) auipc   t5, 0x6
core   0: 3 0x8000a76a (0x00006f17) x30 0x8001076a
core   0: 0x8000a76e (0x883f2b23) sw      gp, -1898(t5)
core   0: 3 0x8000a76e (0x883f2b23) mem 0x80010000 0x00000001
core   0: 0x8000a772 (0x0000bfe5) c.j     pc - 8
core   0: 3 0x8000a772 (0xbfe5)
core   0: 0x8000a76a (0x00006f17) auipc   t5, 0x6
core   0: 3 0x8000a76a (0x00006f17) x30 0x8001076a
core   0: 0x8000a76e (0x883f2b23) sw      gp, -1898(t5)
core   0: 3 0x8000a76e (0x883f2b23) mem 0x80010000 0x00000001
core   0: 0x8000a772 (0x0000bfe5) c.j     pc - 8
core   0: 3 0x8000a772 (0xbfe5)
core   0: 0x8000a76a (0x00006f17) auipc   t5, 0x6
core   0: 3 0x8000a76a (0x00006f17) x30 0x8001076a
core   0: 0x8000a76e (0x883f2b23) sw      gp, -1898(t5)
core   0: 3 0x8000a76e (0x883f2b23) mem 0x80010000 0x00000001
core   0: 0x8000a772 (0x0000bfe5) c.j     pc - 8
core   0: 3 0x8000a772 (0xbfe5)
core   0: 0x8000a76a (0x00006f17) auipc   t5, 0x6
core   0: 3 0x8000a76a (0x00006f17) x30 0x8001076a
core   0: 0x8000a76e (0x883f2b23) sw      gp, -1898(t5)
core   0: 3 0x8000a76e (0x883f2b23) mem 0x80010000 0x00000001
core   0: 0x8000a772 (0x0000bfe5) c.j     pc - 8
core   0: 3 0x8000a772 (0xbfe5)
core   0: 0x8000a76a (0x00006f17) auipc   t5, 0x6
core   0: 3 0x8000a76a (0x00006f17) x30 0x8001076a
core   0: 0x8000a76e (0x883f2b23) sw      gp, -1898(t5)
core   0: 3 0x8000a76e (0x883f2b23) mem 0x80010000 0x00000001
core   0: 0x8000a772 (0x0000bfe5) c.j     pc - 8
core   0: 3 0x8000a772 (0xbfe5)
core   0: 0x8000a76a (0x00006f17) auipc   t5, 0x6
core   0: 3 0x8000a76a (0x00006f17) x30 0x8001076a
core   0: 0x8000a76e (0x883f2b23) sw      gp, -1898(t5)
core   0: 3 0x8000a76e (0x883f2b23) mem 0x80010000 0x00000001
core   0: 0x8000a772 (0x0000bfe5) c.j     pc - 8
core   0: 3 0x8000a772 (0xbfe5)
core   0: 0x8000a76a (0x00006f17) auipc   t5, 0x6
core   0: 3 0x8000a76a (0x00006f17) x30 0x8001076a
core   0: 0x8000a76e (0x883f2b23) sw      gp, -1898(t5)
core   0: 3 0x8000a76e (0x883f2b23) mem 0x80010000 0x00000001
core   0: 0x8000a772 (0x0000bfe5) c.j     pc - 8
core   0: 3 0x8000a772 (0xbfe5)
core   0: 0x8000a76a (0x00006f17) auipc   t5, 0x6
core   0: 3 0x8000a76a (0x00006f17) x30 0x8001076a
core   0: 0x8000a76e (0x883f2b23) sw      gp, -1898(t5)
core   0: 3 0x8000a76e (0x883f2b23) mem 0x80010000 0x00000001
core   0: 0x8000a772 (0x0000bfe5) c.j     pc - 8
core   0: 3 0x8000a772 (0xbfe5)
core   0: 0x8000a76a (0x00006f17) auipc   t5, 0x6
core   0: 3 0x8000a76a (0x00006f17) x30 0x8001076a
core   0: 0x8000a76e (0x883f2b23) sw      gp, -1898(t5)
core   0: 3 0x8000a76e (0x883f2b23) mem 0x80010000 0x00000001
core   0: 0x8000a772 (0x0000bfe5) c.j     pc - 8
core   0: 3 0x8000a772 (0xbfe5)
core   0: 0x8000a76a (0x00006f17) auipc   t5, 0x6
core   0: 3 0x8000a76a (0x00006f17) x30 0x8001076a
core   0: 0x8000a76e (0x883f2b23) sw      gp, -1898(t5)
core   0: 3 0x8000a76e (0x883f2b23) mem 0x80010000 0x00000001
core   0: 0x8000a772 (0x0000bfe5) c.j     pc - 8
core   0: 3 0x8000a772 (0xbfe5)
core   0: 0x8000a76a (0x00006f17) auipc   t5, 0x6
core   0: 3 0x8000a76a (0x00006f17) x30 0x8001076a
core   0: 0x8000a76e (0x883f2b23) sw      gp, -1898(t5)
core   0: 3 0x8000a76e (0x883f2b23) mem 0x80010000 0x00000001
core   0: 0x8000a772 (0x0000bfe5) c.j     pc - 8
core   0: 3 0x8000a772 (0xbfe5)
core   0: 0x8000a76a (0x00006f17) auipc   t5, 0x6
core   0: 3 0x8000a76a (0x00006f17) x30 0x8001076a
core   0: 0x8000a76e (0x883f2b23) sw      gp, -1898(t5)
core   0: 3 0x8000a76e (0x883f2b23) mem 0x80010000 0x00000001
core   0: 0x8000a772 (0x0000bfe5) c.j     pc - 8
core   0: 3 0x8000a772 (0xbfe5)
core   0: 0x8000a76a (0x00006f17) auipc   t5, 0x6
core   0: 3 0x8000a76a (0x00006f17) x30 0x8001076a
core   0: 0x8000a76e (0x883f2b23) sw      gp, -1898(t5)
core   0: 3 0x8000a76e (0x883f2b23) mem 0x80010000 0x00000001
core   0: 0x8000a772 (0x0000bfe5) c.j     pc - 8
core   0: 3 0x8000a772 (0xbfe5)
core   0: 0x8000a76a (0x00006f17) auipc   t5, 0x6
core   0: 3 0x8000a76a (0x00006f17) x30 0x8001076a
core   0: 0x8000a76e (0x883f2b23) sw      gp, -1898(t5)
core   0: 3 0x8000a76e (0x883f2b23) mem 0x80010000 0x00000001
core   0: 0x8000a772 (0x0000bfe5) c.j     pc - 8
core   0: 3 0x8000a772 (0xbfe5)
core   0: 0x8000a76a (0x00006f17) auipc   t5, 0x6
core   0: 3 0x8000a76a (0x00006f17) x30 0x8001076a
core   0: 0x8000a76e (0x883f2b23) sw      gp, -1898(t5)
core   0: 3 0x8000a76e (0x883f2b23) mem 0x80010000 0x00000001
core   0: 0x8000a772 (0x0000bfe5) c.j     pc - 8
core   0: 3 0x8000a772 (0xbfe5)
core   0: 0x8000a76a (0x00006f17) auipc   t5, 0x6
core   0: 3 0x8000a76a (0x00006f17) x30 0x8001076a
core   0: 0x8000a76e (0x883f2b23) sw      gp, -1898(t5)
core   0: 3 0x8000a76e (0x883f2b23) mem 0x80010000 0x00000001
core   0: 0x8000a772 (0x0000bfe5) c.j     pc - 8
core   0: 3 0x8000a772 (0xbfe5)
core   0: 0x8000a76a (0x00006f17) auipc   t5, 0x6
core   0: 3 0x8000a76a (0x00006f17) x30 0x8001076a
core   0: 0x8000a76e (0x883f2b23) sw      gp, -1898(t5)
core   0: 3 0x8000a76e (0x883f2b23) mem 0x80010000 0x00000001
core   0: 0x8000a772 (0x0000bfe5) c.j     pc - 8
core   0: 3 0x8000a772 (0xbfe5)
core   0: 0x8000a76a (0x00006f17) auipc   t5, 0x6
core   0: 3 0x8000a76a (0x00006f17) x30 0x8001076a
core   0: 0x8000a76e (0x883f2b23) sw      gp, -1898(t5)
core   0: 3 0x8000a76e (0x883f2b23) mem 0x80010000 0x00000001
core   0: 0x8000a772 (0x0000bfe5) c.j     pc - 8
core   0: 3 0x8000a772 (0xbfe5)
core   0: 0x8000a76a (0x00006f17) auipc   t5, 0x6
core   0: 3 0x8000a76a (0x00006f17) x30 0x8001076a
core   0: 0x8000a76e (0x883f2b23) sw      gp, -1898(t5)
core   0: 3 0x8000a76e (0x883f2b23) mem 0x80010000 0x00000001
core   0: 0x8000a772 (0x0000bfe5) c.j     pc - 8
core   0: 3 0x8000a772 (0xbfe5)
core   0: 0x8000a76a (0x00006f17) auipc   t5, 0x6
core   0: 3 0x8000a76a (0x00006f17) x30 0x8001076a
core   0: 0x8000a76e (0x883f2b23) sw      gp, -1898(t5)
core   0: 3 0x8000a76e (0x883f2b23) mem 0x80010000 0x00000001
core   0: 0x8000a772 (0x0000bfe5) c.j     pc - 8
core   0: 3 0x8000a772 (0xbfe5)
core   0: 0x8000a76a (0x00006f17) auipc   t5, 0x6
core   0: 3 0x8000a76a (0x00006f17) x30 0x8001076a
core   0: 0x8000a76e (0x883f2b23) sw      gp, -1898(t5)
core   0: 3 0x8000a76e (0x883f2b23) mem 0x80010000 0x00000001
core   0: 0x8000a772 (0x0000bfe5) c.j     pc - 8
core   0: 3 0x8000a772 (0xbfe5)
core   0: 0x8000a76a (0x00006f17) auipc   t5, 0x6
core   0: 3 0x8000a76a (0x00006f17) x30 0x8001076a
core   0: 0x8000a76e (0x883f2b23) sw      gp, -1898(t5)
core   0: 3 0x8000a76e (0x883f2b23) mem 0x80010000 0x00000001
core   0: 0x8000a772 (0x0000bfe5) c.j     pc - 8
core   0: 3 0x8000a772 (0xbfe5)
core   0: 0x8000a76a (0x00006f17) auipc   t5, 0x6
core   0: 3 0x8000a76a (0x00006f17) x30 0x8001076a
core   0: 0x8000a76e (0x883f2b23) sw      gp, -1898(t5)
core   0: 3 0x8000a76e (0x883f2b23) mem 0x80010000 0x00000001
core   0: 0x8000a772 (0x0000bfe5) c.j     pc - 8
core   0: 3 0x8000a772 (0xbfe5)
core   0: 0x8000a76a (0x00006f17) auipc   t5, 0x6
core   0: 3 0x8000a76a (0x00006f17) x30 0x8001076a
core   0: 0x8000a76e (0x883f2b23) sw      gp, -1898(t5)
core   0: 3 0x8000a76e (0x883f2b23) mem 0x80010000 0x00000001
core   0: 0x8000a772 (0x0000bfe5) c.j     pc - 8
core   0: 3 0x8000a772 (0xbfe5)
core   0: 0x8000a76a (0x00006f17) auipc   t5, 0x6
core   0: 3 0x8000a76a (0x00006f17) x30 0x8001076a
core   0: 0x8000a76e (0x883f2b23) sw      gp, -1898(t5)
core   0: 3 0x8000a76e (0x883f2b23) mem 0x80010000 0x00000001
core   0: 0x8000a772 (0x0000bfe5) c.j     pc - 8
core   0: 3 0x8000a772 (0xbfe5)
core   0: 0x8000a76a (0x00006f17) auipc   t5, 0x6
core   0: 3 0x8000a76a (0x00006f17) x30 0x8001076a
core   0: 0x8000a76e (0x883f2b23) sw      gp, -1898(t5)
core   0: 3 0x8000a76e (0x883f2b23) mem 0x80010000 0x00000001
core   0: 0x8000a772 (0x0000bfe5) c.j     pc - 8
core   0: 3 0x8000a772 (0xbfe5)
core   0: 0x8000a76a (0x00006f17) auipc   t5, 0x6
core   0: 3 0x8000a76a (0x00006f17) x30 0x8001076a
core   0: 0x8000a76e (0x883f2b23) sw      gp, -1898(t5)
core   0: 3 0x8000a76e (0x883f2b23) mem 0x80010000 0x00000001
core   0: 0x8000a772 (0x0000bfe5) c.j     pc - 8
core   0: 3 0x8000a772 (0xbfe5)
core   0: 0x8000a76a (0x00006f17) auipc   t5, 0x6
core   0: 3 0x8000a76a (0x00006f17) x30 0x8001076a
core   0: 0x8000a76e (0x883f2b23) sw      gp, -1898(t5)
core   0: 3 0x8000a76e (0x883f2b23) mem 0x80010000 0x00000001
core   0: 0x8000a772 (0x0000bfe5) c.j     pc - 8
core   0: 3 0x8000a772 (0xbfe5)
core   0: 0x8000a76a (0x00006f17) auipc   t5, 0x6
core   0: 3 0x8000a76a (0x00006f17) x30 0x8001076a
core   0: 0x8000a76e (0x883f2b23) sw      gp, -1898(t5)
core   0: 3 0x8000a76e (0x883f2b23) mem 0x80010000 0x00000001
core   0: 0x8000a772 (0x0000bfe5) c.j     pc - 8
core   0: 3 0x8000a772 (0xbfe5)
core   0: 0x8000a76a (0x00006f17) auipc   t5, 0x6
core   0: 3 0x8000a76a (0x00006f17) x30 0x8001076a
core   0: 0x8000a76e (0x883f2b23) sw      gp, -1898(t5)
core   0: 3 0x8000a76e (0x883f2b23) mem 0x80010000 0x00000001
core   0: 0x8000a772 (0x0000bfe5) c.j     pc - 8
core   0: 3 0x8000a772 (0xbfe5)
core   0: 0x8000a76a (0x00006f17) auipc   t5, 0x6
core   0: 3 0x8000a76a (0x00006f17) x30 0x8001076a
core   0: 0x8000a76e (0x883f2b23) sw      gp, -1898(t5)
core   0: 3 0x8000a76e (0x883f2b23) mem 0x80010000 0x00000001
core   0: 0x8000a772 (0x0000bfe5) c.j     pc - 8
core   0: 3 0x8000a772 (0xbfe5)
core   0: 0x8000a76a (0x00006f17) auipc   t5, 0x6
core   0: 3 0x8000a76a (0x00006f17) x30 0x8001076a
core   0: 0x8000a76e (0x883f2b23) sw      gp, -1898(t5)
core   0: 3 0x8000a76e (0x883f2b23) mem 0x80010000 0x00000001
core   0: 0x8000a772 (0x0000bfe5) c.j     pc - 8
core   0: 3 0x8000a772 (0xbfe5)
core   0: 0x8000a76a (0x00006f17) auipc   t5, 0x6
core   0: 3 0x8000a76a (0x00006f17) x30 0x8001076a
core   0: 0x8000a76e (0x883f2b23) sw      gp, -1898(t5)
core   0: 3 0x8000a76e (0x883f2b23) mem 0x80010000 0x00000001
core   0: 0x8000a772 (0x0000bfe5) c.j     pc - 8
core   0: 3 0x8000a772 (0xbfe5)
core   0: 0x8000a76a (0x00006f17) auipc   t5, 0x6
core   0: 3 0x8000a76a (0x00006f17) x30 0x8001076a
core   0: 0x8000a76e (0x883f2b23) sw      gp, -1898(t5)
core   0: 3 0x8000a76e (0x883f2b23) mem 0x80010000 0x00000001
core   0: 0x8000a772 (0x0000bfe5) c.j     pc - 8
core   0: 3 0x8000a772 (0xbfe5)
core   0: 0x8000a76a (0x00006f17) auipc   t5, 0x6
core   0: 3 0x8000a76a (0x00006f17) x30 0x8001076a
core   0: 0x8000a76e (0x883f2b23) sw      gp, -1898(t5)
core   0: 3 0x8000a76e (0x883f2b23) mem 0x80010000 0x00000001
core   0: 0x8000a772 (0x0000bfe5) c.j     pc - 8
core   0: 3 0x8000a772 (0xbfe5)
core   0: 0x8000a76a (0x00006f17) auipc   t5, 0x6
core   0: 3 0x8000a76a (0x00006f17) x30 0x8001076a
core   0: 0x8000a76e (0x883f2b23) sw      gp, -1898(t5)
core   0: 3 0x8000a76e (0x883f2b23) mem 0x80010000 0x00000001
core   0: 0x8000a772 (0x0000bfe5) c.j     pc - 8
core   0: 3 0x8000a772 (0xbfe5)
core   0: 0x8000a76a (0x00006f17) auipc   t5, 0x6
core   0: 3 0x8000a76a (0x00006f17) x30 0x8001076a
core   0: 0x8000a76e (0x883f2b23) sw      gp, -1898(t5)
core   0: 3 0x8000a76e (0x883f2b23) mem 0x80010000 0x00000001
core   0: 0x8000a772 (0x0000bfe5) c.j     pc - 8
core   0: 3 0x8000a772 (0xbfe5)
core   0: 0x8000a76a (0x00006f17) auipc   t5, 0x6
core   0: 3 0x8000a76a (0x00006f17) x30 0x8001076a
core   0: 0x8000a76e (0x883f2b23) sw      gp, -1898(t5)
core   0: 3 0x8000a76e (0x883f2b23) mem 0x80010000 0x00000001
core   0: 0x8000a772 (0x0000bfe5) c.j     pc - 8
core   0: 3 0x8000a772 (0xbfe5)
core   0: 0x8000a76a (0x00006f17) auipc   t5, 0x6
core   0: 3 0x8000a76a (0x00006f17) x30 0x8001076a
core   0: 0x8000a76e (0x883f2b23) sw      gp, -1898(t5)
core   0: 3 0x8000a76e (0x883f2b23) mem 0x80010000 0x00000001
core   0: 0x8000a772 (0x0000bfe5) c.j     pc - 8
core   0: 3 0x8000a772 (0xbfe5)
core   0: 0x8000a76a (0x00006f17) auipc   t5, 0x6
core   0: 3 0x8000a76a (0x00006f17) x30 0x8001076a
core   0: 0x8000a76e (0x883f2b23) sw      gp, -1898(t5)
core   0: 3 0x8000a76e (0x883f2b23) mem 0x80010000 0x00000001
core   0: 0x8000a772 (0x0000bfe5) c.j     pc - 8
core   0: 3 0x8000a772 (0xbfe5)
core   0: 0x8000a76a (0x00006f17) auipc   t5, 0x6
core   0: 3 0x8000a76a (0x00006f17) x30 0x8001076a
core   0: 0x8000a76e (0x883f2b23) sw      gp, -1898(t5)
core   0: 3 0x8000a76e (0x883f2b23) mem 0x80010000 0x00000001
core   0: 0x8000a772 (0x0000bfe5) c.j     pc - 8
core   0: 3 0x8000a772 (0xbfe5)
core   0: 0x8000a76a (0x00006f17) auipc   t5, 0x6
core   0: 3 0x8000a76a (0x00006f17) x30 0x8001076a
core   0: 0x8000a76e (0x883f2b23) sw      gp, -1898(t5)
core   0: 3 0x8000a76e (0x883f2b23) mem 0x80010000 0x00000001
core   0: 0x8000a772 (0x0000bfe5) c.j     pc - 8
core   0: 3 0x8000a772 (0xbfe5)
core   0: 0x8000a76a (0x00006f17) auipc   t5, 0x6
core   0: 3 0x8000a76a (0x00006f17) x30 0x8001076a
core   0: 0x8000a76e (0x883f2b23) sw      gp, -1898(t5)
core   0: 3 0x8000a76e (0x883f2b23) mem 0x80010000 0x00000001
core   0: 0x8000a772 (0x0000bfe5) c.j     pc - 8
core   0: 3 0x8000a772 (0xbfe5)
core   0: 0x8000a76a (0x00006f17) auipc   t5, 0x6
core   0: 3 0x8000a76a (0x00006f17) x30 0x8001076a
core   0: 0x8000a76e (0x883f2b23) sw      gp, -1898(t5)
core   0: 3 0x8000a76e (0x883f2b23) mem 0x80010000 0x00000001
core   0: 0x8000a772 (0x0000bfe5) c.j     pc - 8
core   0: 3 0x8000a772 (0xbfe5)
core   0: 0x8000a76a (0x00006f17) auipc   t5, 0x6
core   0: 3 0x8000a76a (0x00006f17) x30 0x8001076a
core   0: 0x8000a76e (0x883f2b23) sw      gp, -1898(t5)
core   0: 3 0x8000a76e (0x883f2b23) mem 0x80010000 0x00000001
core   0: 0x8000a772 (0x0000bfe5) c.j     pc - 8
core   0: 3 0x8000a772 (0xbfe5)
core   0: 0x8000a76a (0x00006f17) auipc   t5, 0x6
core   0: 3 0x8000a76a (0x00006f17) x30 0x8001076a
core   0: 0x8000a76e (0x883f2b23) sw      gp, -1898(t5)
core   0: 3 0x8000a76e (0x883f2b23) mem 0x80010000 0x00000001
core   0: 0x8000a772 (0x0000bfe5) c.j     pc - 8
core   0: 3 0x8000a772 (0xbfe5)
core   0: 0x8000a76a (0x00006f17) auipc   t5, 0x6
core   0: 3 0x8000a76a (0x00006f17) x30 0x8001076a
core   0: 0x8000a76e (0x883f2b23) sw      gp, -1898(t5)
core   0: 3 0x8000a76e (0x883f2b23) mem 0x80010000 0x00000001
core   0: 0x8000a772 (0x0000bfe5) c.j     pc - 8
core   0: 3 0x8000a772 (0xbfe5)
core   0: 0x8000a76a (0x00006f17) auipc   t5, 0x6
core   0: 3 0x8000a76a (0x00006f17) x30 0x8001076a
core   0: 0x8000a76e (0x883f2b23) sw      gp, -1898(t5)
core   0: 3 0x8000a76e (0x883f2b23) mem 0x80010000 0x00000001
core   0: 0x8000a772 (0x0000bfe5) c.j     pc - 8
core   0: 3 0x8000a772 (0xbfe5)
core   0: 0x8000a76a (0x00006f17) auipc   t5, 0x6
core   0: 3 0x8000a76a (0x00006f17) x30 0x8001076a
core   0: 0x8000a76e (0x883f2b23) sw      gp, -1898(t5)
core   0: 3 0x8000a76e (0x883f2b23) mem 0x80010000 0x00000001
core   0: 0x8000a772 (0x0000bfe5) c.j     pc - 8
core   0: 3 0x8000a772 (0xbfe5)
core   0: 0x8000a76a (0x00006f17) auipc   t5, 0x6
core   0: 3 0x8000a76a (0x00006f17) x30 0x8001076a
core   0: 0x8000a76e (0x883f2b23) sw      gp, -1898(t5)
core   0: 3 0x8000a76e (0x883f2b23) mem 0x80010000 0x00000001
core   0: 0x8000a772 (0x0000bfe5) c.j     pc - 8
core   0: 3 0x8000a772 (0xbfe5)
core   0: 0x8000a76a (0x00006f17) auipc   t5, 0x6
core   0: 3 0x8000a76a (0x00006f17) x30 0x8001076a
core   0: 0x8000a76e (0x883f2b23) sw      gp, -1898(t5)
core   0: 3 0x8000a76e (0x883f2b23) mem 0x80010000 0x00000001
core   0: 0x8000a772 (0x0000bfe5) c.j     pc - 8
core   0: 3 0x8000a772 (0xbfe5)
core   0: 0x8000a76a (0x00006f17) auipc   t5, 0x6
core   0: 3 0x8000a76a (0x00006f17) x30 0x8001076a
core   0: 0x8000a76e (0x883f2b23) sw      gp, -1898(t5)
core   0: 3 0x8000a76e (0x883f2b23) mem 0x80010000 0x00000001
core   0: 0x8000a772 (0x0000bfe5) c.j     pc - 8
core   0: 3 0x8000a772 (0xbfe5)
core   0: 0x8000a76a (0x00006f17) auipc   t5, 0x6
core   0: 3 0x8000a76a (0x00006f17) x30 0x8001076a
core   0: 0x8000a76e (0x883f2b23) sw      gp, -1898(t5)
core   0: 3 0x8000a76e (0x883f2b23) mem 0x80010000 0x00000001
core   0: 0x8000a772 (0x0000bfe5) c.j     pc - 8
core   0: 3 0x8000a772 (0xbfe5)
core   0: 0x8000a76a (0x00006f17) auipc   t5, 0x6
core   0: 3 0x8000a76a (0x00006f17) x30 0x8001076a
core   0: 0x8000a76e (0x883f2b23) sw      gp, -1898(t5)
core   0: 3 0x8000a76e (0x883f2b23) mem 0x80010000 0x00000001
core   0: 0x8000a772 (0x0000bfe5) c.j     pc - 8
core   0: 3 0x8000a772 (0xbfe5)
core   0: 0x8000a76a (0x00006f17) auipc   t5, 0x6
core   0: 3 0x8000a76a (0x00006f17) x30 0x8001076a
core   0: 0x8000a76e (0x883f2b23) sw      gp, -1898(t5)
core   0: 3 0x8000a76e (0x883f2b23) mem 0x80010000 0x00000001
core   0: 0x8000a772 (0x0000bfe5) c.j     pc - 8
core   0: 3 0x8000a772 (0xbfe5)
core   0: 0x8000a76a (0x00006f17) auipc   t5, 0x6
core   0: 3 0x8000a76a (0x00006f17) x30 0x8001076a
core   0: 0x8000a76e (0x883f2b23) sw      gp, -1898(t5)
core   0: 3 0x8000a76e (0x883f2b23) mem 0x80010000 0x00000001
core   0: 0x8000a772 (0x0000bfe5) c.j     pc - 8
core   0: 3 0x8000a772 (0xbfe5)
core   0: 0x8000a76a (0x00006f17) auipc   t5, 0x6
core   0: 3 0x8000a76a (0x00006f17) x30 0x8001076a
core   0: 0x8000a76e (0x883f2b23) sw      gp, -1898(t5)
core   0: 3 0x8000a76e (0x883f2b23) mem 0x80010000 0x00000001
core   0: 0x8000a772 (0x0000bfe5) c.j     pc - 8
core   0: 3 0x8000a772 (0xbfe5)
core   0: 0x8000a76a (0x00006f17) auipc   t5, 0x6
core   0: 3 0x8000a76a (0x00006f17) x30 0x8001076a
core   0: 0x8000a76e (0x883f2b23) sw      gp, -1898(t5)
core   0: 3 0x8000a76e (0x883f2b23) mem 0x80010000 0x00000001
core   0: 0x8000a772 (0x0000bfe5) c.j     pc - 8
core   0: 3 0x8000a772 (0xbfe5)
core   0: 0x8000a76a (0x00006f17) auipc   t5, 0x6
core   0: 3 0x8000a76a (0x00006f17) x30 0x8001076a
core   0: 0x8000a76e (0x883f2b23) sw      gp, -1898(t5)
core   0: 3 0x8000a76e (0x883f2b23) mem 0x80010000 0x00000001
core   0: 0x8000a772 (0x0000bfe5) c.j     pc - 8
core   0: 3 0x8000a772 (0xbfe5)
core   0: 0x8000a76a (0x00006f17) auipc   t5, 0x6
core   0: 3 0x8000a76a (0x00006f17) x30 0x8001076a
core   0: 0x8000a76e (0x883f2b23) sw      gp, -1898(t5)
core   0: 3 0x8000a76e (0x883f2b23) mem 0x80010000 0x00000001
core   0: 0x8000a772 (0x0000bfe5) c.j     pc - 8
core   0: 3 0x8000a772 (0xbfe5)
core   0: 0x8000a76a (0x00006f17) auipc   t5, 0x6
core   0: 3 0x8000a76a (0x00006f17) x30 0x8001076a
core   0: 0x8000a76e (0x883f2b23) sw      gp, -1898(t5)
core   0: 3 0x8000a76e (0x883f2b23) mem 0x80010000 0x00000001
core   0: 0x8000a772 (0x0000bfe5) c.j     pc - 8
core   0: 3 0x8000a772 (0xbfe5)
core   0: 0x8000a76a (0x00006f17) auipc   t5, 0x6
core   0: 3 0x8000a76a (0x00006f17) x30 0x8001076a
core   0: 0x8000a76e (0x883f2b23) sw      gp, -1898(t5)
core   0: 3 0x8000a76e (0x883f2b23) mem 0x80010000 0x00000001
core   0: 0x8000a772 (0x0000bfe5) c.j     pc - 8
core   0: 3 0x8000a772 (0xbfe5)
core   0: 0x8000a76a (0x00006f17) auipc   t5, 0x6
core   0: 3 0x8000a76a (0x00006f17) x30 0x8001076a
core   0: 0x8000a76e (0x883f2b23) sw      gp, -1898(t5)
core   0: 3 0x8000a76e (0x883f2b23) mem 0x80010000 0x00000001
core   0: 0x8000a772 (0x0000bfe5) c.j     pc - 8
core   0: 3 0x8000a772 (0xbfe5)
core   0: 0x8000a76a (0x00006f17) auipc   t5, 0x6
core   0: 3 0x8000a76a (0x00006f17) x30 0x8001076a
core   0: 0x8000a76e (0x883f2b23) sw      gp, -1898(t5)
core   0: 3 0x8000a76e (0x883f2b23) mem 0x80010000 0x00000001
core   0: 0x8000a772 (0x0000bfe5) c.j     pc - 8
core   0: 3 0x8000a772 (0xbfe5)
core   0: 0x8000a76a (0x00006f17) auipc   t5, 0x6
core   0: 3 0x8000a76a (0x00006f17) x30 0x8001076a
core   0: 0x8000a76e (0x883f2b23) sw      gp, -1898(t5)
core   0: 3 0x8000a76e (0x883f2b23) mem 0x80010000 0x00000001
core   0: 0x8000a772 (0x0000bfe5) c.j     pc - 8
core   0: 3 0x8000a772 (0xbfe5)
core   0: 0x8000a76a (0x00006f17) auipc   t5, 0x6
core   0: 3 0x8000a76a (0x00006f17) x30 0x8001076a
core   0: 0x8000a76e (0x883f2b23) sw      gp, -1898(t5)
core   0: 3 0x8000a76e (0x883f2b23) mem 0x80010000 0x00000001
core   0: 0x8000a772 (0x0000bfe5) c.j     pc - 8
core   0: 3 0x8000a772 (0xbfe5)
core   0: 0x8000a76a (0x00006f17) auipc   t5, 0x6
core   0: 3 0x8000a76a (0x00006f17) x30 0x8001076a
core   0: 0x8000a76e (0x883f2b23) sw      gp, -1898(t5)
core   0: 3 0x8000a76e (0x883f2b23) mem 0x80010000 0x00000001
core   0: 0x8000a772 (0x0000bfe5) c.j     pc - 8
core   0: 3 0x8000a772 (0xbfe5)
core   0: 0x8000a76a (0x00006f17) auipc   t5, 0x6
core   0: 3 0x8000a76a (0x00006f17) x30 0x8001076a
core   0: 0x8000a76e (0x883f2b23) sw      gp, -1898(t5)
core   0: 3 0x8000a76e (0x883f2b23) mem 0x80010000 0x00000001
core   0: 0x8000a772 (0x0000bfe5) c.j     pc - 8
core   0: 3 0x8000a772 (0xbfe5)
core   0: 0x8000a76a (0x00006f17) auipc   t5, 0x6
core   0: 3 0x8000a76a (0x00006f17) x30 0x8001076a
core   0: 0x8000a76e (0x883f2b23) sw      gp, -1898(t5)
core   0: 3 0x8000a76e (0x883f2b23) mem 0x80010000 0x00000001
core   0: 0x8000a772 (0x0000bfe5) c.j     pc - 8
core   0: 3 0x8000a772 (0xbfe5)
core   0: 0x8000a76a (0x00006f17) auipc   t5, 0x6
core   0: 3 0x8000a76a (0x00006f17) x30 0x8001076a
core   0: 0x8000a76e (0x883f2b23) sw      gp, -1898(t5)
core   0: 3 0x8000a76e (0x883f2b23) mem 0x80010000 0x00000001
core   0: 0x8000a772 (0x0000bfe5) c.j     pc - 8
core   0: 3 0x8000a772 (0xbfe5)
core   0: 0x8000a76a (0x00006f17) auipc   t5, 0x6
core   0: 3 0x8000a76a (0x00006f17) x30 0x8001076a
core   0: 0x8000a76e (0x883f2b23) sw      gp, -1898(t5)
core   0: 3 0x8000a76e (0x883f2b23) mem 0x80010000 0x00000001
core   0: 0x8000a772 (0x0000bfe5) c.j     pc - 8
core   0: 3 0x8000a772 (0xbfe5)
core   0: 0x8000a76a (0x00006f17) auipc   t5, 0x6
core   0: 3 0x8000a76a (0x00006f17) x30 0x8001076a
core   0: 0x8000a76e (0x883f2b23) sw      gp, -1898(t5)
core   0: 3 0x8000a76e (0x883f2b23) mem 0x80010000 0x00000001
core   0: 0x8000a772 (0x0000bfe5) c.j     pc - 8
core   0: 3 0x8000a772 (0xbfe5)
core   0: 0x8000a76a (0x00006f17) auipc   t5, 0x6
core   0: 3 0x8000a76a (0x00006f17) x30 0x8001076a
core   0: 0x8000a76e (0x883f2b23) sw      gp, -1898(t5)
core   0: 3 0x8000a76e (0x883f2b23) mem 0x80010000 0x00000001
core   0: 0x8000a772 (0x0000bfe5) c.j     pc - 8
core   0: 3 0x8000a772 (0xbfe5)
core   0: 0x8000a76a (0x00006f17) auipc   t5, 0x6
core   0: 3 0x8000a76a (0x00006f17) x30 0x8001076a
core   0: 0x8000a76e (0x883f2b23) sw      gp, -1898(t5)
core   0: 3 0x8000a76e (0x883f2b23) mem 0x80010000 0x00000001
core   0: 0x8000a772 (0x0000bfe5) c.j     pc - 8
core   0: 3 0x8000a772 (0xbfe5)
core   0: 0x8000a76a (0x00006f17) auipc   t5, 0x6
core   0: 3 0x8000a76a (0x00006f17) x30 0x8001076a
core   0: 0x8000a76e (0x883f2b23) sw      gp, -1898(t5)
core   0: 3 0x8000a76e (0x883f2b23) mem 0x80010000 0x00000001
core   0: 0x8000a772 (0x0000bfe5) c.j     pc - 8
core   0: 3 0x8000a772 (0xbfe5)
core   0: 0x8000a76a (0x00006f17) auipc   t5, 0x6
core   0: 3 0x8000a76a (0x00006f17) x30 0x8001076a
core   0: 0x8000a76e (0x883f2b23) sw      gp, -1898(t5)
core   0: 3 0x8000a76e (0x883f2b23) mem 0x80010000 0x00000001
core   0: 0x8000a772 (0x0000bfe5) c.j     pc - 8
core   0: 3 0x8000a772 (0xbfe5)
core   0: 0x8000a76a (0x00006f17) auipc   t5, 0x6
core   0: 3 0x8000a76a (0x00006f17) x30 0x8001076a
core   0: 0x8000a76e (0x883f2b23) sw      gp, -1898(t5)
core   0: 3 0x8000a76e (0x883f2b23) mem 0x80010000 0x00000001
core   0: 0x8000a772 (0x0000bfe5) c.j     pc - 8
core   0: 3 0x8000a772 (0xbfe5)
core   0: 0x8000a76a (0x00006f17) auipc   t5, 0x6
core   0: 3 0x8000a76a (0x00006f17) x30 0x8001076a
core   0: 0x8000a76e (0x883f2b23) sw      gp, -1898(t5)
core   0: 3 0x8000a76e (0x883f2b23) mem 0x80010000 0x00000001
core   0: 0x8000a772 (0x0000bfe5) c.j     pc - 8
core   0: 3 0x8000a772 (0xbfe5)
core   0: 0x8000a76a (0x00006f17) auipc   t5, 0x6
core   0: 3 0x8000a76a (0x00006f17) x30 0x8001076a
core   0: 0x8000a76e (0x883f2b23) sw      gp, -1898(t5)
core   0: 3 0x8000a76e (0x883f2b23) mem 0x80010000 0x00000001
core   0: 0x8000a772 (0x0000bfe5) c.j     pc - 8
core   0: 3 0x8000a772 (0xbfe5)
core   0: 0x8000a76a (0x00006f17) auipc   t5, 0x6
core   0: 3 0x8000a76a (0x00006f17) x30 0x8001076a
core   0: 0x8000a76e (0x883f2b23) sw      gp, -1898(t5)
core   0: 3 0x8000a76e (0x883f2b23) mem 0x80010000 0x00000001
core   0: 0x8000a772 (0x0000bfe5) c.j     pc - 8
core   0: 3 0x8000a772 (0xbfe5)
core   0: 0x8000a76a (0x00006f17) auipc   t5, 0x6
core   0: 3 0x8000a76a (0x00006f17) x30 0x8001076a
core   0: 0x8000a76e (0x883f2b23) sw      gp, -1898(t5)
core   0: 3 0x8000a76e (0x883f2b23) mem 0x80010000 0x00000001
core   0: 0x8000a772 (0x0000bfe5) c.j     pc - 8
core   0: 3 0x8000a772 (0xbfe5)
core   0: 0x8000a76a (0x00006f17) auipc   t5, 0x6
core   0: 3 0x8000a76a (0x00006f17) x30 0x8001076a
core   0: 0x8000a76e (0x883f2b23) sw      gp, -1898(t5)
core   0: 3 0x8000a76e (0x883f2b23) mem 0x80010000 0x00000001
core   0: 0x8000a772 (0x0000bfe5) c.j     pc - 8
core   0: 3 0x8000a772 (0xbfe5)
core   0: 0x8000a76a (0x00006f17) auipc   t5, 0x6
core   0: 3 0x8000a76a (0x00006f17) x30 0x8001076a
core   0: 0x8000a76e (0x883f2b23) sw      gp, -1898(t5)
core   0: 3 0x8000a76e (0x883f2b23) mem 0x80010000 0x00000001
core   0: 0x8000a772 (0x0000bfe5) c.j     pc - 8
core   0: 3 0x8000a772 (0xbfe5)
core   0: 0x8000a76a (0x00006f17) auipc   t5, 0x6
core   0: 3 0x8000a76a (0x00006f17) x30 0x8001076a
core   0: 0x8000a76e (0x883f2b23) sw      gp, -1898(t5)
core   0: 3 0x8000a76e (0x883f2b23) mem 0x80010000 0x00000001
core   0: 0x8000a772 (0x0000bfe5) c.j     pc - 8
core   0: 3 0x8000a772 (0xbfe5)
core   0: 0x8000a76a (0x00006f17) auipc   t5, 0x6
core   0: 3 0x8000a76a (0x00006f17) x30 0x8001076a
core   0: 0x8000a76e (0x883f2b23) sw      gp, -1898(t5)
core   0: 3 0x8000a76e (0x883f2b23) mem 0x80010000 0x00000001
core   0: 0x8000a772 (0x0000bfe5) c.j     pc - 8
core   0: 3 0x8000a772 (0xbfe5)
core   0: 0x8000a76a (0x00006f17) auipc   t5, 0x6
core   0: 3 0x8000a76a (0x00006f17) x30 0x8001076a
core   0: 0x8000a76e (0x883f2b23) sw      gp, -1898(t5)
core   0: 3 0x8000a76e (0x883f2b23) mem 0x80010000 0x00000001
core   0: 0x8000a772 (0x0000bfe5) c.j     pc - 8
core   0: 3 0x8000a772 (0xbfe5)
core   0: 0x8000a76a (0x00006f17) auipc   t5, 0x6
core   0: 3 0x8000a76a (0x00006f17) x30 0x8001076a
core   0: 0x8000a76e (0x883f2b23) sw      gp, -1898(t5)
core   0: 3 0x8000a76e (0x883f2b23) mem 0x80010000 0x00000001
core   0: 0x8000a772 (0x0000bfe5) c.j     pc - 8
core   0: 3 0x8000a772 (0xbfe5)
core   0: 0x8000a76a (0x00006f17) auipc   t5, 0x6
core   0: 3 0x8000a76a (0x00006f17) x30 0x8001076a
core   0: 0x8000a76e (0x883f2b23) sw      gp, -1898(t5)
core   0: 3 0x8000a76e (0x883f2b23) mem 0x80010000 0x00000001
core   0: 0x8000a772 (0x0000bfe5) c.j     pc - 8
core   0: 3 0x8000a772 (0xbfe5)
core   0: 0x8000a76a (0x00006f17) auipc   t5, 0x6
core   0: 3 0x8000a76a (0x00006f17) x30 0x8001076a
core   0: 0x8000a76e (0x883f2b23) sw      gp, -1898(t5)
core   0: 3 0x8000a76e (0x883f2b23) mem 0x80010000 0x00000001
core   0: 0x8000a772 (0x0000bfe5) c.j     pc - 8
core   0: 3 0x8000a772 (0xbfe5)
core   0: 0x8000a76a (0x00006f17) auipc   t5, 0x6
core   0: 3 0x8000a76a (0x00006f17) x30 0x8001076a
core   0: 0x8000a76e (0x883f2b23) sw      gp, -1898(t5)
core   0: 3 0x8000a76e (0x883f2b23) mem 0x80010000 0x00000001
core   0: 0x8000a772 (0x0000bfe5) c.j     pc - 8
core   0: 3 0x8000a772 (0xbfe5)
core   0: 0x8000a76a (0x00006f17) auipc   t5, 0x6
core   0: 3 0x8000a76a (0x00006f17) x30 0x8001076a
core   0: 0x8000a76e (0x883f2b23) sw      gp, -1898(t5)
core   0: 3 0x8000a76e (0x883f2b23) mem 0x80010000 0x00000001
core   0: 0x8000a772 (0x0000bfe5) c.j     pc - 8
core   0: 3 0x8000a772 (0xbfe5)
core   0: 0x8000a76a (0x00006f17) auipc   t5, 0x6
core   0: 3 0x8000a76a (0x00006f17) x30 0x8001076a
core   0: 0x8000a76e (0x883f2b23) sw      gp, -1898(t5)
core   0: 3 0x8000a76e (0x883f2b23) mem 0x80010000 0x00000001
core   0: 0x8000a772 (0x0000bfe5) c.j     pc - 8
core   0: 3 0x8000a772 (0xbfe5)
core   0: 0x8000a76a (0x00006f17) auipc   t5, 0x6
core   0: 3 0x8000a76a (0x00006f17) x30 0x8001076a
core   0: 0x8000a76e (0x883f2b23) sw      gp, -1898(t5)
core   0: 3 0x8000a76e (0x883f2b23) mem 0x80010000 0x00000001
core   0: 0x8000a772 (0x0000bfe5) c.j     pc - 8
core   0: 3 0x8000a772 (0xbfe5)
core   0: 0x8000a76a (0x00006f17) auipc   t5, 0x6
core   0: 3 0x8000a76a (0x00006f17) x30 0x8001076a
core   0: 0x8000a76e (0x883f2b23) sw      gp, -1898(t5)
core   0: 3 0x8000a76e (0x883f2b23) mem 0x80010000 0x00000001
core   0: 0x8000a772 (0x0000bfe5) c.j     pc - 8
core   0: 3 0x8000a772 (0xbfe5)
core   0: 0x8000a76a (0x00006f17) auipc   t5, 0x6
core   0: 3 0x8000a76a (0x00006f17) x30 0x8001076a
core   0: 0x8000a76e (0x883f2b23) sw      gp, -1898(t5)
core   0: 3 0x8000a76e (0x883f2b23) mem 0x80010000 0x00000001
core   0: 0x8000a772 (0x0000bfe5) c.j     pc - 8
core   0: 3 0x8000a772 (0xbfe5)
core   0: 0x8000a76a (0x00006f17) auipc   t5, 0x6
core   0: 3 0x8000a76a (0x00006f17) x30 0x8001076a
core   0: 0x8000a76e (0x883f2b23) sw      gp, -1898(t5)
core   0: 3 0x8000a76e (0x883f2b23) mem 0x80010000 0x00000001
core   0: 0x8000a772 (0x0000bfe5) c.j     pc - 8
core   0: 3 0x8000a772 (0xbfe5)
core   0: 0x8000a76a (0x00006f17) auipc   t5, 0x6
core   0: 3 0x8000a76a (0x00006f17) x30 0x8001076a
core   0: 0x8000a76e (0x883f2b23) sw      gp, -1898(t5)
core   0: 3 0x8000a76e (0x883f2b23) mem 0x80010000 0x00000001
core   0: 0x8000a772 (0x0000bfe5) c.j     pc - 8
core   0: 3 0x8000a772 (0xbfe5)
core   0: 0x8000a76a (0x00006f17) auipc   t5, 0x6
core   0: 3 0x8000a76a (0x00006f17) x30 0x8001076a
core   0: 0x8000a76e (0x883f2b23) sw      gp, -1898(t5)
core   0: 3 0x8000a76e (0x883f2b23) mem 0x80010000 0x00000001
core   0: 0x8000a772 (0x0000bfe5) c.j     pc - 8
core   0: 3 0x8000a772 (0xbfe5)
core   0: 0x8000a76a (0x00006f17) auipc   t5, 0x6
core   0: 3 0x8000a76a (0x00006f17) x30 0x8001076a
core   0: 0x8000a76e (0x883f2b23) sw      gp, -1898(t5)
core   0: 3 0x8000a76e (0x883f2b23) mem 0x80010000 0x00000001
core   0: 0x8000a772 (0x0000bfe5) c.j     pc - 8
core   0: 3 0x8000a772 (0xbfe5)
core   0: 0x8000a76a (0x00006f17) auipc   t5, 0x6
core   0: 3 0x8000a76a (0x00006f17) x30 0x8001076a
core   0: 0x8000a76e (0x883f2b23) sw      gp, -1898(t5)
core   0: 3 0x8000a76e (0x883f2b23) mem 0x80010000 0x00000001
core   0: 0x8000a772 (0x0000bfe5) c.j     pc - 8
core   0: 3 0x8000a772 (0xbfe5)
core   0: 0x8000a76a (0x00006f17) auipc   t5, 0x6
core   0: 3 0x8000a76a (0x00006f17) x30 0x8001076a
core   0: 0x8000a76e (0x883f2b23) sw      gp, -1898(t5)
core   0: 3 0x8000a76e (0x883f2b23) mem 0x80010000 0x00000001
core   0: 0x8000a772 (0x0000bfe5) c.j     pc - 8
core   0: 3 0x8000a772 (0xbfe5)
core   0: 0x8000a76a (0x00006f17) auipc   t5, 0x6
core   0: 3 0x8000a76a (0x00006f17) x30 0x8001076a
core   0: 0x8000a76e (0x883f2b23) sw      gp, -1898(t5)
core   0: 3 0x8000a76e (0x883f2b23) mem 0x80010000 0x00000001
core   0: 0x8000a772 (0x0000bfe5) c.j     pc - 8
core   0: 3 0x8000a772 (0xbfe5)
core   0: 0x8000a76a (0x00006f17) auipc   t5, 0x6
core   0: 3 0x8000a76a (0x00006f17) x30 0x8001076a
core   0: 0x8000a76e (0x883f2b23) sw      gp, -1898(t5)
core   0: 3 0x8000a76e (0x883f2b23) mem 0x80010000 0x00000001
core   0: 0x8000a772 (0x0000bfe5) c.j     pc - 8
core   0: 3 0x8000a772 (0xbfe5)
core   0: 0x8000a76a (0x00006f17) auipc   t5, 0x6
core   0: 3 0x8000a76a (0x00006f17) x30 0x8001076a
core   0: 0x8000a76e (0x883f2b23) sw      gp, -1898(t5)
core   0: 3 0x8000a76e (0x883f2b23) mem 0x80010000 0x00000001
core   0: 0x8000a772 (0x0000bfe5) c.j     pc - 8
core   0: 3 0x8000a772 (0xbfe5)
core   0: 0x8000a76a (0x00006f17) auipc   t5, 0x6
core   0: 3 0x8000a76a (0x00006f17) x30 0x8001076a
core   0: 0x8000a76e (0x883f2b23) sw      gp, -1898(t5)
core   0: 3 0x8000a76e (0x883f2b23) mem 0x80010000 0x00000001
core   0: 0x8000a772 (0x0000bfe5) c.j     pc - 8
core   0: 3 0x8000a772 (0xbfe5)
core   0: 0x8000a76a (0x00006f17) auipc   t5, 0x6
core   0: 3 0x8000a76a (0x00006f17) x30 0x8001076a
core   0: 0x8000a76e (0x883f2b23) sw      gp, -1898(t5)
core   0: 3 0x8000a76e (0x883f2b23) mem 0x80010000 0x00000001
core   0: 0x8000a772 (0x0000bfe5) c.j     pc - 8
core   0: 3 0x8000a772 (0xbfe5)
core   0: 0x8000a76a (0x00006f17) auipc   t5, 0x6
core   0: 3 0x8000a76a (0x00006f17) x30 0x8001076a
core   0: 0x8000a76e (0x883f2b23) sw      gp, -1898(t5)
core   0: 3 0x8000a76e (0x883f2b23) mem 0x80010000 0x00000001
core   0: 0x8000a772 (0x0000bfe5) c.j     pc - 8
core   0: 3 0x8000a772 (0xbfe5)
core   0: 0x8000a76a (0x00006f17) auipc   t5, 0x6
core   0: 3 0x8000a76a (0x00006f17) x30 0x8001076a
core   0: 0x8000a76e (0x883f2b23) sw      gp, -1898(t5)
core   0: 3 0x8000a76e (0x883f2b23) mem 0x80010000 0x00000001
core   0: 0x8000a772 (0x0000bfe5) c.j     pc - 8
core   0: 3 0x8000a772 (0xbfe5)
core   0: 0x8000a76a (0x00006f17) auipc   t5, 0x6
core   0: 3 0x8000a76a (0x00006f17) x30 0x8001076a
core   0: 0x8000a76e (0x883f2b23) sw      gp, -1898(t5)
core   0: 3 0x8000a76e (0x883f2b23) mem 0x80010000 0x00000001
core   0: 0x8000a772 (0x0000bfe5) c.j     pc - 8
core   0: 3 0x8000a772 (0xbfe5)
core   0: 0x8000a76a (0x00006f17) auipc   t5, 0x6
core   0: 3 0x8000a76a (0x00006f17) x30 0x8001076a
core   0: 0x8000a76e (0x883f2b23) sw      gp, -1898(t5)
core   0: 3 0x8000a76e (0x883f2b23) mem 0x80010000 0x00000001
core   0: 0x8000a772 (0x0000bfe5) c.j     pc - 8
core   0: 3 0x8000a772 (0xbfe5)
core   0: 0x8000a76a (0x00006f17) auipc   t5, 0x6
core   0: 3 0x8000a76a (0x00006f17) x30 0x8001076a
core   0: 0x8000a76e (0x883f2b23) sw      gp, -1898(t5)
core   0: 3 0x8000a76e (0x883f2b23) mem 0x80010000 0x00000001
core   0: 0x8000a772 (0x0000bfe5) c.j     pc - 8
core   0: 3 0x8000a772 (0xbfe5)
core   0: 0x8000a76a (0x00006f17) auipc   t5, 0x6
core   0: 3 0x8000a76a (0x00006f17) x30 0x8001076a
core   0: 0x8000a76e (0x883f2b23) sw      gp, -1898(t5)
core   0: 3 0x8000a76e (0x883f2b23) mem 0x80010000 0x00000001
core   0: 0x8000a772 (0x0000bfe5) c.j     pc - 8
core   0: 3 0x8000a772 (0xbfe5)
core   0: 0x8000a76a (0x00006f17) auipc   t5, 0x6
core   0: 3 0x8000a76a (0x00006f17) x30 0x8001076a
core   0: 0x8000a76e (0x883f2b23) sw      gp, -1898(t5)
core   0: 3 0x8000a76e (0x883f2b23) mem 0x80010000 0x00000001
core   0: 0x8000a772 (0x0000bfe5) c.j     pc - 8
core   0: 3 0x8000a772 (0xbfe5)
core   0: 0x8000a76a (0x00006f17) auipc   t5, 0x6
core   0: 3 0x8000a76a (0x00006f17) x30 0x8001076a
core   0: 0x8000a76e (0x883f2b23) sw      gp, -1898(t5)
core   0: 3 0x8000a76e (0x883f2b23) mem 0x80010000 0x00000001
core   0: 0x8000a772 (0x0000bfe5) c.j     pc - 8
core   0: 3 0x8000a772 (0xbfe5)
core   0: 0x8000a76a (0x00006f17) auipc   t5, 0x6
core   0: 3 0x8000a76a (0x00006f17) x30 0x8001076a
core   0: 0x8000a76e (0x883f2b23) sw      gp, -1898(t5)
core   0: 3 0x8000a76e (0x883f2b23) mem 0x80010000 0x00000001
core   0: 0x8000a772 (0x0000bfe5) c.j     pc - 8
core   0: 3 0x8000a772 (0xbfe5)
core   0: 0x8000a76a (0x00006f17) auipc   t5, 0x6
core   0: 3 0x8000a76a (0x00006f17) x30 0x8001076a
core   0: 0x8000a76e (0x883f2b23) sw      gp, -1898(t5)
core   0: 3 0x8000a76e (0x883f2b23) mem 0x80010000 0x00000001
core   0: 0x8000a772 (0x0000bfe5) c.j     pc - 8
core   0: 3 0x8000a772 (0xbfe5)
core   0: 0x8000a76a (0x00006f17) auipc   t5, 0x6
core   0: 3 0x8000a76a (0x00006f17) x30 0x8001076a
core   0: 0x8000a76e (0x883f2b23) sw      gp, -1898(t5)
core   0: 3 0x8000a76e (0x883f2b23) mem 0x80010000 0x00000001
core   0: 0x8000a772 (0x0000bfe5) c.j     pc - 8
core   0: 3 0x8000a772 (0xbfe5)
core   0: 0x8000a76a (0x00006f17) auipc   t5, 0x6
core   0: 3 0x8000a76a (0x00006f17) x30 0x8001076a
core   0: 0x8000a76e (0x883f2b23) sw      gp, -1898(t5)
core   0: 3 0x8000a76e (0x883f2b23) mem 0x80010000 0x00000001
core   0: 0x8000a772 (0x0000bfe5) c.j     pc - 8
core   0: 3 0x8000a772 (0xbfe5)
core   0: 0x8000a76a (0x00006f17) auipc   t5, 0x6
core   0: 3 0x8000a76a (0x00006f17) x30 0x8001076a
core   0: 0x8000a76e (0x883f2b23) sw      gp, -1898(t5)
core   0: 3 0x8000a76e (0x883f2b23) mem 0x80010000 0x00000001
core   0: 0x8000a772 (0x0000bfe5) c.j     pc - 8
core   0: 3 0x8000a772 (0xbfe5)
core   0: 0x8000a76a (0x00006f17) auipc   t5, 0x6
core   0: 3 0x8000a76a (0x00006f17) x30 0x8001076a
core   0: 0x8000a76e (0x883f2b23) sw      gp, -1898(t5)
core   0: 3 0x8000a76e (0x883f2b23) mem 0x80010000 0x00000001
core   0: 0x8000a772 (0x0000bfe5) c.j     pc - 8
core   0: 3 0x8000a772 (0xbfe5)
core   0: 0x8000a76a (0x00006f17) auipc   t5, 0x6
core   0: 3 0x8000a76a (0x00006f17) x30 0x8001076a
core   0: 0x8000a76e (0x883f2b23) sw      gp, -1898(t5)
core   0: 3 0x8000a76e (0x883f2b23) mem 0x80010000 0x00000001
core   0: 0x8000a772 (0x0000bfe5) c.j     pc - 8
core   0: 3 0x8000a772 (0xbfe5)
core   0: 0x8000a76a (0x00006f17) auipc   t5, 0x6
core   0: 3 0x8000a76a (0x00006f17) x30 0x8001076a
core   0: 0x8000a76e (0x883f2b23) sw      gp, -1898(t5)
core   0: 3 0x8000a76e (0x883f2b23) mem 0x80010000 0x00000001
core   0: 0x8000a772 (0x0000bfe5) c.j     pc - 8
core   0: 3 0x8000a772 (0xbfe5)
core   0: 0x8000a76a (0x00006f17) auipc   t5, 0x6
core   0: 3 0x8000a76a (0x00006f17) x30 0x8001076a
core   0: 0x8000a76e (0x883f2b23) sw      gp, -1898(t5)
core   0: 3 0x8000a76e (0x883f2b23) mem 0x80010000 0x00000001
core   0: 0x8000a772 (0x0000bfe5) c.j     pc - 8
core   0: 3 0x8000a772 (0xbfe5)
core   0: 0x8000a76a (0x00006f17) auipc   t5, 0x6
core   0: 3 0x8000a76a (0x00006f17) x30 0x8001076a
core   0: 0x8000a76e (0x883f2b23) sw      gp, -1898(t5)
core   0: 3 0x8000a76e (0x883f2b23) mem 0x80010000 0x00000001
core   0: 0x8000a772 (0x0000bfe5) c.j     pc - 8
core   0: 3 0x8000a772 (0xbfe5)
core   0: 0x8000a76a (0x00006f17) auipc   t5, 0x6
core   0: 3 0x8000a76a (0x00006f17) x30 0x8001076a
core   0: 0x8000a76e (0x883f2b23) sw      gp, -1898(t5)
core   0: 3 0x8000a76e (0x883f2b23) mem 0x80010000 0x00000001
core   0: 0x8000a772 (0x0000bfe5) c.j     pc - 8
core   0: 3 0x8000a772 (0xbfe5)
core   0: 0x8000a76a (0x00006f17) auipc   t5, 0x6
core   0: 3 0x8000a76a (0x00006f17) x30 0x8001076a
core   0: 0x8000a76e (0x883f2b23) sw      gp, -1898(t5)
core   0: 3 0x8000a76e (0x883f2b23) mem 0x80010000 0x00000001
core   0: 0x8000a772 (0x0000bfe5) c.j     pc - 8
core   0: 3 0x8000a772 (0xbfe5)
core   0: 0x8000a76a (0x00006f17) auipc   t5, 0x6
core   0: 3 0x8000a76a (0x00006f17) x30 0x8001076a
core   0: 0x8000a76e (0x883f2b23) sw      gp, -1898(t5)
core   0: 3 0x8000a76e (0x883f2b23) mem 0x80010000 0x00000001
core   0: 0x8000a772 (0x0000bfe5) c.j     pc - 8
core   0: 3 0x8000a772 (0xbfe5)
core   0: 0x8000a76a (0x00006f17) auipc   t5, 0x6
core   0: 3 0x8000a76a (0x00006f17) x30 0x8001076a
core   0: 0x8000a76e (0x883f2b23) sw      gp, -1898(t5)
core   0: 3 0x8000a76e (0x883f2b23) mem 0x80010000 0x00000001
core   0: 0x8000a772 (0x0000bfe5) c.j     pc - 8
core   0: 3 0x8000a772 (0xbfe5)
core   0: 0x8000a76a (0x00006f17) auipc   t5, 0x6
core   0: 3 0x8000a76a (0x00006f17) x30 0x8001076a
core   0: 0x8000a76e (0x883f2b23) sw      gp, -1898(t5)
core   0: 3 0x8000a76e (0x883f2b23) mem 0x80010000 0x00000001
core   0: 0x8000a772 (0x0000bfe5) c.j     pc - 8
core   0: 3 0x8000a772 (0xbfe5)
core   0: 0x8000a76a (0x00006f17) auipc   t5, 0x6
core   0: 3 0x8000a76a (0x00006f17) x30 0x8001076a
core   0: 0x8000a76e (0x883f2b23) sw      gp, -1898(t5)
core   0: 3 0x8000a76e (0x883f2b23) mem 0x80010000 0x00000001
core   0: 0x8000a772 (0x0000bfe5) c.j     pc - 8
core   0: 3 0x8000a772 (0xbfe5)
core   0: 0x8000a76a (0x00006f17) auipc   t5, 0x6
core   0: 3 0x8000a76a (0x00006f17) x30 0x8001076a
core   0: 0x8000a76e (0x883f2b23) sw      gp, -1898(t5)
core   0: 3 0x8000a76e (0x883f2b23) mem 0x80010000 0x00000001
core   0: 0x8000a772 (0x0000bfe5) c.j     pc - 8
core   0: 3 0x8000a772 (0xbfe5)
core   0: 0x8000a76a (0x00006f17) auipc   t5, 0x6
core   0: 3 0x8000a76a (0x00006f17) x30 0x8001076a
core   0: 0x8000a76e (0x883f2b23) sw      gp, -1898(t5)
core   0: 3 0x8000a76e (0x883f2b23) mem 0x80010000 0x00000001
core   0: 0x8000a772 (0x0000bfe5) c.j     pc - 8
core   0: 3 0x8000a772 (0xbfe5)
core   0: 0x8000a76a (0x00006f17) auipc   t5, 0x6
core   0: 3 0x8000a76a (0x00006f17) x30 0x8001076a
core   0: 0x8000a76e (0x883f2b23) sw      gp, -1898(t5)
core   0: 3 0x8000a76e (0x883f2b23) mem 0x80010000 0x00000001
core   0: 0x8000a772 (0x0000bfe5) c.j     pc - 8
core   0: 3 0x8000a772 (0xbfe5)
core   0: 0x8000a76a (0x00006f17) auipc   t5, 0x6
core   0: 3 0x8000a76a (0x00006f17) x30 0x8001076a
core   0: 0x8000a76e (0x883f2b23) sw      gp, -1898(t5)
core   0: 3 0x8000a76e (0x883f2b23) mem 0x80010000 0x00000001
core   0: 0x8000a772 (0x0000bfe5) c.j     pc - 8
core   0: 3 0x8000a772 (0xbfe5)
core   0: 0x8000a76a (0x00006f17) auipc   t5, 0x6
core   0: 3 0x8000a76a (0x00006f17) x30 0x8001076a
core   0: 0x8000a76e (0x883f2b23) sw      gp, -1898(t5)
core   0: 3 0x8000a76e (0x883f2b23) mem 0x80010000 0x00000001
core   0: 0x8000a772 (0x0000bfe5) c.j     pc - 8
core   0: 3 0x8000a772 (0xbfe5)
core   0: 0x8000a76a (0x00006f17) auipc   t5, 0x6
core   0: 3 0x8000a76a (0x00006f17) x30 0x8001076a
core   0: 0x8000a76e (0x883f2b23) sw      gp, -1898(t5)
core   0: 3 0x8000a76e (0x883f2b23) mem 0x80010000 0x00000001
core   0: 0x8000a772 (0x0000bfe5) c.j     pc - 8
core   0: 3 0x8000a772 (0xbfe5)
core   0: 0x8000a76a (0x00006f17) auipc   t5, 0x6
core   0: 3 0x8000a76a (0x00006f17) x30 0x8001076a
core   0: 0x8000a76e (0x883f2b23) sw      gp, -1898(t5)
core   0: 3 0x8000a76e (0x883f2b23) mem 0x80010000 0x00000001
core   0: 0x8000a772 (0x0000bfe5) c.j     pc - 8
core   0: 3 0x8000a772 (0xbfe5)
core   0: 0x8000a76a (0x00006f17) auipc   t5, 0x6
core   0: 3 0x8000a76a (0x00006f17) x30 0x8001076a
core   0: 0x8000a76e (0x883f2b23) sw      gp, -1898(t5)
core   0: 3 0x8000a76e (0x883f2b23) mem 0x80010000 0x00000001
core   0: 0x8000a772 (0x0000bfe5) c.j     pc - 8
core   0: 3 0x8000a772 (0xbfe5)
core   0: 0x8000a76a (0x00006f17) auipc   t5, 0x6
core   0: 3 0x8000a76a (0x00006f17) x30 0x8001076a
core   0: 0x8000a76e (0x883f2b23) sw      gp, -1898(t5)
core   0: 3 0x8000a76e (0x883f2b23) mem 0x80010000 0x00000001
core   0: 0x8000a772 (0x0000bfe5) c.j     pc - 8
core   0: 3 0x8000a772 (0xbfe5)
core   0: 0x8000a76a (0x00006f17) auipc   t5, 0x6
core   0: 3 0x8000a76a (0x00006f17) x30 0x8001076a
core   0: 0x8000a76e (0x883f2b23) sw      gp, -1898(t5)
core   0: 3 0x8000a76e (0x883f2b23) mem 0x80010000 0x00000001
core   0: 0x8000a772 (0x0000bfe5) c.j     pc - 8
core   0: 3 0x8000a772 (0xbfe5)
core   0: 0x8000a76a (0x00006f17) auipc   t5, 0x6
core   0: 3 0x8000a76a (0x00006f17) x30 0x8001076a
core   0: 0x8000a76e (0x883f2b23) sw      gp, -1898(t5)
core   0: 3 0x8000a76e (0x883f2b23) mem 0x80010000 0x00000001
core   0: 0x8000a772 (0x0000bfe5) c.j     pc - 8
core   0: 3 0x8000a772 (0xbfe5)
core   0: 0x8000a76a (0x00006f17) auipc   t5, 0x6
core   0: 3 0x8000a76a (0x00006f17) x30 0x8001076a
core   0: 0x8000a76e (0x883f2b23) sw      gp, -1898(t5)
core   0: 3 0x8000a76e (0x883f2b23) mem 0x80010000 0x00000001
core   0: 0x8000a772 (0x0000bfe5) c.j     pc - 8
core   0: 3 0x8000a772 (0xbfe5)
core   0: 0x8000a76a (0x00006f17) auipc   t5, 0x6
core   0: 3 0x8000a76a (0x00006f17) x30 0x8001076a
core   0: 0x8000a76e (0x883f2b23) sw      gp, -1898(t5)
core   0: 3 0x8000a76e (0x883f2b23) mem 0x80010000 0x00000001
core   0: 0x8000a772 (0x0000bfe5) c.j     pc - 8
core   0: 3 0x8000a772 (0xbfe5)
core   0: 0x8000a76a (0x00006f17) auipc   t5, 0x6
core   0: 3 0x8000a76a (0x00006f17) x30 0x8001076a
core   0: 0x8000a76e (0x883f2b23) sw      gp, -1898(t5)
core   0: 3 0x8000a76e (0x883f2b23) mem 0x80010000 0x00000001
core   0: 0x8000a772 (0x0000bfe5) c.j     pc - 8
core   0: 3 0x8000a772 (0xbfe5)
core   0: 0x8000a76a (0x00006f17) auipc   t5, 0x6
core   0: 3 0x8000a76a (0x00006f17) x30 0x8001076a
core   0: 0x8000a76e (0x883f2b23) sw      gp, -1898(t5)
core   0: 3 0x8000a76e (0x883f2b23) mem 0x80010000 0x00000001
core   0: 0x8000a772 (0x0000bfe5) c.j     pc - 8
core   0: 3 0x8000a772 (0xbfe5)
core   0: 0x8000a76a (0x00006f17) auipc   t5, 0x6
core   0: 3 0x8000a76a (0x00006f17) x30 0x8001076a
core   0: 0x8000a76e (0x883f2b23) sw      gp, -1898(t5)
core   0: 3 0x8000a76e (0x883f2b23) mem 0x80010000 0x00000001
core   0: 0x8000a772 (0x0000bfe5) c.j     pc - 8
core   0: 3 0x8000a772 (0xbfe5)
core   0: 0x8000a76a (0x00006f17) auipc   t5, 0x6
core   0: 3 0x8000a76a (0x00006f17) x30 0x8001076a
core   0: 0x8000a76e (0x883f2b23) sw      gp, -1898(t5)
core   0: 3 0x8000a76e (0x883f2b23) mem 0x80010000 0x00000001
core   0: 0x8000a772 (0x0000bfe5) c.j     pc - 8
core   0: 3 0x8000a772 (0xbfe5)
core   0: 0x8000a76a (0x00006f17) auipc   t5, 0x6
core   0: 3 0x8000a76a (0x00006f17) x30 0x8001076a
core   0: 0x8000a76e (0x883f2b23) sw      gp, -1898(t5)
core   0: 3 0x8000a76e (0x883f2b23) mem 0x80010000 0x00000001
core   0: 0x8000a772 (0x0000bfe5) c.j     pc - 8
core   0: 3 0x8000a772 (0xbfe5)
core   0: 0x8000a76a (0x00006f17) auipc   t5, 0x6
core   0: 3 0x8000a76a (0x00006f17) x30 0x8001076a
core   0: 0x8000a76e (0x883f2b23) sw      gp, -1898(t5)
core   0: 3 0x8000a76e (0x883f2b23) mem 0x80010000 0x00000001
core   0: 0x8000a772 (0x0000bfe5) c.j     pc - 8
core   0: 3 0x8000a772 (0xbfe5)
core   0: 0x8000a76a (0x00006f17) auipc   t5, 0x6
core   0: 3 0x8000a76a (0x00006f17) x30 0x8001076a
core   0: 0x8000a76e (0x883f2b23) sw      gp, -1898(t5)
core   0: 3 0x8000a76e (0x883f2b23) mem 0x80010000 0x00000001
core   0: 0x8000a772 (0x0000bfe5) c.j     pc - 8
core   0: 3 0x8000a772 (0xbfe5)
core   0: 0x8000a76a (0x00006f17) auipc   t5, 0x6
core   0: 3 0x8000a76a (0x00006f17) x30 0x8001076a
core   0: 0x8000a76e (0x883f2b23) sw      gp, -1898(t5)
core   0: 3 0x8000a76e (0x883f2b23) mem 0x80010000 0x00000001
core   0: 0x8000a772 (0x0000bfe5) c.j     pc - 8
core   0: 3 0x8000a772 (0xbfe5)
core   0: 0x8000a76a (0x00006f17) auipc   t5, 0x6
core   0: 3 0x8000a76a (0x00006f17) x30 0x8001076a
core   0: 0x8000a76e (0x883f2b23) sw      gp, -1898(t5)
core   0: 3 0x8000a76e (0x883f2b23) mem 0x80010000 0x00000001
core   0: 0x8000a772 (0x0000bfe5) c.j     pc - 8
core   0: 3 0x8000a772 (0xbfe5)
core   0: 0x8000a76a (0x00006f17) auipc   t5, 0x6
core   0: 3 0x8000a76a (0x00006f17) x30 0x8001076a
core   0: 0x8000a76e (0x883f2b23) sw      gp, -1898(t5)
core   0: 3 0x8000a76e (0x883f2b23) mem 0x80010000 0x00000001
core   0: 0x8000a772 (0x0000bfe5) c.j     pc - 8
core   0: 3 0x8000a772 (0xbfe5)
core   0: 0x8000a76a (0x00006f17) auipc   t5, 0x6
core   0: 3 0x8000a76a (0x00006f17) x30 0x8001076a
core   0: 0x8000a76e (0x883f2b23) sw      gp, -1898(t5)
core   0: 3 0x8000a76e (0x883f2b23) mem 0x80010000 0x00000001
core   0: 0x8000a772 (0x0000bfe5) c.j     pc - 8
core   0: 3 0x8000a772 (0xbfe5)
core   0: 0x8000a76a (0x00006f17) auipc   t5, 0x6
core   0: 3 0x8000a76a (0x00006f17) x30 0x8001076a
core   0: 0x8000a76e (0x883f2b23) sw      gp, -1898(t5)
core   0: 3 0x8000a76e (0x883f2b23) mem 0x80010000 0x00000001
core   0: 0x8000a772 (0x0000bfe5) c.j     pc - 8
core   0: 3 0x8000a772 (0xbfe5)
core   0: 0x8000a76a (0x00006f17) auipc   t5, 0x6
core   0: 3 0x8000a76a (0x00006f17) x30 0x8001076a
core   0: 0x8000a76e (0x883f2b23) sw      gp, -1898(t5)
core   0: 3 0x8000a76e (0x883f2b23) mem 0x80010000 0x00000001
core   0: 0x8000a772 (0x0000bfe5) c.j     pc - 8
core   0: 3 0x8000a772 (0xbfe5)
core   0: 0x8000a76a (0x00006f17) auipc   t5, 0x6
core   0: 3 0x8000a76a (0x00006f17) x30 0x8001076a
core   0: 0x8000a76e (0x883f2b23) sw      gp, -1898(t5)
core   0: 3 0x8000a76e (0x883f2b23) mem 0x80010000 0x00000001
core   0: 0x8000a772 (0x0000bfe5) c.j     pc - 8
core   0: 3 0x8000a772 (0xbfe5)
core   0: 0x8000a76a (0x00006f17) auipc   t5, 0x6
core   0: 3 0x8000a76a (0x00006f17) x30 0x8001076a
core   0: 0x8000a76e (0x883f2b23) sw      gp, -1898(t5)
core   0: 3 0x8000a76e (0x883f2b23) mem 0x80010000 0x00000001
core   0: 0x8000a772 (0x0000bfe5) c.j     pc - 8
core   0: 3 0x8000a772 (0xbfe5)
core   0: 0x8000a76a (0x00006f17) auipc   t5, 0x6
core   0: 3 0x8000a76a (0x00006f17) x30 0x8001076a
core   0: 0x8000a76e (0x883f2b23) sw      gp, -1898(t5)
core   0: 3 0x8000a76e (0x883f2b23) mem 0x80010000 0x00000001
core   0: 0x8000a772 (0x0000bfe5) c.j     pc - 8
core   0: 3 0x8000a772 (0xbfe5)
core   0: 0x8000a76a (0x00006f17) auipc   t5, 0x6
core   0: 3 0x8000a76a (0x00006f17) x30 0x8001076a
core   0: 0x8000a76e (0x883f2b23) sw      gp, -1898(t5)
core   0: 3 0x8000a76e (0x883f2b23) mem 0x80010000 0x00000001
core   0: 0x8000a772 (0x0000bfe5) c.j     pc - 8
core   0: 3 0x8000a772 (0xbfe5)
core   0: 0x8000a76a (0x00006f17) auipc   t5, 0x6
core   0: 3 0x8000a76a (0x00006f17) x30 0x8001076a
core   0: 0x8000a76e (0x883f2b23) sw      gp, -1898(t5)
core   0: 3 0x8000a76e (0x883f2b23) mem 0x80010000 0x00000001
core   0: 0x8000a772 (0x0000bfe5) c.j     pc - 8
core   0: 3 0x8000a772 (0xbfe5)
core   0: 0x8000a76a (0x00006f17) auipc   t5, 0x6
core   0: 3 0x8000a76a (0x00006f17) x30 0x8001076a
core   0: 0x8000a76e (0x883f2b23) sw      gp, -1898(t5)
core   0: 3 0x8000a76e (0x883f2b23) mem 0x80010000 0x00000001
core   0: 0x8000a772 (0x0000bfe5) c.j     pc - 8
core   0: 3 0x8000a772 (0xbfe5)
core   0: 0x8000a76a (0x00006f17) auipc   t5, 0x6
core   0: 3 0x8000a76a (0x00006f17) x30 0x8001076a
core   0: 0x8000a76e (0x883f2b23) sw      gp, -1898(t5)
core   0: 3 0x8000a76e (0x883f2b23) mem 0x80010000 0x00000001
core   0: 0x8000a772 (0x0000bfe5) c.j     pc - 8
core   0: 3 0x8000a772 (0xbfe5)
core   0: 0x8000a76a (0x00006f17) auipc   t5, 0x6
core   0: 3 0x8000a76a (0x00006f17) x30 0x8001076a
core   0: 0x8000a76e (0x883f2b23) sw      gp, -1898(t5)
core   0: 3 0x8000a76e (0x883f2b23) mem 0x80010000 0x00000001
core   0: 0x8000a772 (0x0000bfe5) c.j     pc - 8
core   0: 3 0x8000a772 (0xbfe5)
core   0: 0x8000a76a (0x00006f17) auipc   t5, 0x6
core   0: 3 0x8000a76a (0x00006f17) x30 0x8001076a
core   0: 0x8000a76e (0x883f2b23) sw      gp, -1898(t5)
core   0: 3 0x8000a76e (0x883f2b23) mem 0x80010000 0x00000001
core   0: 0x8000a772 (0x0000bfe5) c.j     pc - 8
core   0: 3 0x8000a772 (0xbfe5)
core   0: 0x8000a76a (0x00006f17) auipc   t5, 0x6
core   0: 3 0x8000a76a (0x00006f17) x30 0x8001076a
core   0: 0x8000a76e (0x883f2b23) sw      gp, -1898(t5)
core   0: 3 0x8000a76e (0x883f2b23) mem 0x80010000 0x00000001
core   0: 0x8000a772 (0x0000bfe5) c.j     pc - 8
core   0: 3 0x8000a772 (0xbfe5)
core   0: 0x8000a76a (0x00006f17) auipc   t5, 0x6
core   0: 3 0x8000a76a (0x00006f17) x30 0x8001076a
core   0: 0x8000a76e (0x883f2b23) sw      gp, -1898(t5)
core   0: 3 0x8000a76e (0x883f2b23) mem 0x80010000 0x00000001
core   0: 0x8000a772 (0x0000bfe5) c.j     pc - 8
core   0: 3 0x8000a772 (0xbfe5)
core   0: 0x8000a76a (0x00006f17) auipc   t5, 0x6
core   0: 3 0x8000a76a (0x00006f17) x30 0x8001076a
core   0: 0x8000a76e (0x883f2b23) sw      gp, -1898(t5)
core   0: 3 0x8000a76e (0x883f2b23) mem 0x80010000 0x00000001
core   0: 0x8000a772 (0x0000bfe5) c.j     pc - 8
core   0: 3 0x8000a772 (0xbfe5)
core   0: 0x8000a76a (0x00006f17) auipc   t5, 0x6
core   0: 3 0x8000a76a (0x00006f17) x30 0x8001076a
core   0: 0x8000a76e (0x883f2b23) sw      gp, -1898(t5)
core   0: 3 0x8000a76e (0x883f2b23) mem 0x80010000 0x00000001
core   0: 0x8000a772 (0x0000bfe5) c.j     pc - 8
core   0: 3 0x8000a772 (0xbfe5)
core   0: 0x8000a76a (0x00006f17) auipc   t5, 0x6
core   0: 3 0x8000a76a (0x00006f17) x30 0x8001076a
core   0: 0x8000a76e (0x883f2b23) sw      gp, -1898(t5)
core   0: 3 0x8000a76e (0x883f2b23) mem 0x80010000 0x00000001
core   0: 0x8000a772 (0x0000bfe5) c.j     pc - 8
core   0: 3 0x8000a772 (0xbfe5)
core   0: 0x8000a76a (0x00006f17) auipc   t5, 0x6
core   0: 3 0x8000a76a (0x00006f17) x30 0x8001076a
core   0: 0x8000a76e (0x883f2b23) sw      gp, -1898(t5)
core   0: 3 0x8000a76e (0x883f2b23) mem 0x80010000 0x00000001
core   0: 0x8000a772 (0x0000bfe5) c.j     pc - 8
core   0: 3 0x8000a772 (0xbfe5)
core   0: 0x8000a76a (0x00006f17) auipc   t5, 0x6
core   0: 3 0x8000a76a (0x00006f17) x30 0x8001076a
core   0: 0x8000a76e (0x883f2b23) sw      gp, -1898(t5)
core   0: 3 0x8000a76e (0x883f2b23) mem 0x80010000 0x00000001
core   0: 0x8000a772 (0x0000bfe5) c.j     pc - 8
core   0: 3 0x8000a772 (0xbfe5)
core   0: 0x8000a76a (0x00006f17) auipc   t5, 0x6
core   0: 3 0x8000a76a (0x00006f17) x30 0x8001076a
core   0: 0x8000a76e (0x883f2b23) sw      gp, -1898(t5)
core   0: 3 0x8000a76e (0x883f2b23) mem 0x80010000 0x00000001
core   0: 0x8000a772 (0x0000bfe5) c.j     pc - 8
core   0: 3 0x8000a772 (0xbfe5)
core   0: 0x8000a76a (0x00006f17) auipc   t5, 0x6
core   0: 3 0x8000a76a (0x00006f17) x30 0x8001076a
core   0: 0x8000a76e (0x883f2b23) sw      gp, -1898(t5)
core   0: 3 0x8000a76e (0x883f2b23) mem 0x80010000 0x00000001
core   0: 0x8000a772 (0x0000bfe5) c.j     pc - 8
core   0: 3 0x8000a772 (0xbfe5)
core   0: 0x8000a76a (0x00006f17) auipc   t5, 0x6
core   0: 3 0x8000a76a (0x00006f17) x30 0x8001076a
core   0: 0x8000a76e (0x883f2b23) sw      gp, -1898(t5)
core   0: 3 0x8000a76e (0x883f2b23) mem 0x80010000 0x00000001
core   0: 0x8000a772 (0x0000bfe5) c.j     pc - 8
core   0: 3 0x8000a772 (0xbfe5)
core   0: 0x8000a76a (0x00006f17) auipc   t5, 0x6
core   0: 3 0x8000a76a (0x00006f17) x30 0x8001076a
core   0: 0x8000a76e (0x883f2b23) sw      gp, -1898(t5)
core   0: 3 0x8000a76e (0x883f2b23) mem 0x80010000 0x00000001
core   0: 0x8000a772 (0x0000bfe5) c.j     pc - 8
core   0: 3 0x8000a772 (0xbfe5)
core   0: 0x8000a76a (0x00006f17) auipc   t5, 0x6
core   0: 3 0x8000a76a (0x00006f17) x30 0x8001076a
core   0: 0x8000a76e (0x883f2b23) sw      gp, -1898(t5)
core   0: 3 0x8000a76e (0x883f2b23) mem 0x80010000 0x00000001
core   0: 0x8000a772 (0x0000bfe5) c.j     pc - 8
core   0: 3 0x8000a772 (0xbfe5)
core   0: 0x8000a76a (0x00006f17) auipc   t5, 0x6
core   0: 3 0x8000a76a (0x00006f17) x30 0x8001076a
core   0: 0x8000a76e (0x883f2b23) sw      gp, -1898(t5)
core   0: 3 0x8000a76e (0x883f2b23) mem 0x80010000 0x00000001
core   0: 0x8000a772 (0x0000bfe5) c.j     pc - 8
core   0: 3 0x8000a772 (0xbfe5)
core   0: 0x8000a76a (0x00006f17) auipc   t5, 0x6
core   0: 3 0x8000a76a (0x00006f17) x30 0x8001076a
core   0: 0x8000a76e (0x883f2b23) sw      gp, -1898(t5)
core   0: 3 0x8000a76e (0x883f2b23) mem 0x80010000 0x00000001
core   0: 0x8000a772 (0x0000bfe5) c.j     pc - 8
core   0: 3 0x8000a772 (0xbfe5)
core   0: 0x8000a76a (0x00006f17) auipc   t5, 0x6
core   0: 3 0x8000a76a (0x00006f17) x30 0x8001076a
core   0: 0x8000a76e (0x883f2b23) sw      gp, -1898(t5)
core   0: 3 0x8000a76e (0x883f2b23) mem 0x80010000 0x00000001
core   0: 0x8000a772 (0x0000bfe5) c.j     pc - 8
core   0: 3 0x8000a772 (0xbfe5)
core   0: 0x8000a76a (0x00006f17) auipc   t5, 0x6
core   0: 3 0x8000a76a (0x00006f17) x30 0x8001076a
core   0: 0x8000a76e (0x883f2b23) sw      gp, -1898(t5)
core   0: 3 0x8000a76e (0x883f2b23) mem 0x80010000 0x00000001
core   0: 0x8000a772 (0x0000bfe5) c.j     pc - 8
core   0: 3 0x8000a772 (0xbfe5)
core   0: 0x8000a76a (0x00006f17) auipc   t5, 0x6
core   0: 3 0x8000a76a (0x00006f17) x30 0x8001076a
core   0: 0x8000a76e (0x883f2b23) sw      gp, -1898(t5)
core   0: 3 0x8000a76e (0x883f2b23) mem 0x80010000 0x00000001
core   0: 0x8000a772 (0x0000bfe5) c.j     pc - 8
core   0: 3 0x8000a772 (0xbfe5)
core   0: 0x8000a76a (0x00006f17) auipc   t5, 0x6
core   0: 3 0x8000a76a (0x00006f17) x30 0x8001076a
core   0: 0x8000a76e (0x883f2b23) sw      gp, -1898(t5)
core   0: 3 0x8000a76e (0x883f2b23) mem 0x80010000 0x00000001
core   0: 0x8000a772 (0x0000bfe5) c.j     pc - 8
core   0: 3 0x8000a772 (0xbfe5)
core   0: 0x8000a76a (0x00006f17) auipc   t5, 0x6
core   0: 3 0x8000a76a (0x00006f17) x30 0x8001076a
core   0: 0x8000a76e (0x883f2b23) sw      gp, -1898(t5)
core   0: 3 0x8000a76e (0x883f2b23) mem 0x80010000 0x00000001
core   0: 0x8000a772 (0x0000bfe5) c.j     pc - 8
core   0: 3 0x8000a772 (0xbfe5)
core   0: 0x8000a76a (0x00006f17) auipc   t5, 0x6
core   0: 3 0x8000a76a (0x00006f17) x30 0x8001076a
core   0: 0x8000a76e (0x883f2b23) sw      gp, -1898(t5)
core   0: 3 0x8000a76e (0x883f2b23) mem 0x80010000 0x00000001
core   0: 0x8000a772 (0x0000bfe5) c.j     pc - 8
core   0: 3 0x8000a772 (0xbfe5)
core   0: 0x8000a76a (0x00006f17) auipc   t5, 0x6
core   0: 3 0x8000a76a (0x00006f17) x30 0x8001076a
core   0: 0x8000a76e (0x883f2b23) sw      gp, -1898(t5)
core   0: 3 0x8000a76e (0x883f2b23) mem 0x80010000 0x00000001
core   0: 0x8000a772 (0x0000bfe5) c.j     pc - 8
core   0: 3 0x8000a772 (0xbfe5)
core   0: 0x8000a76a (0x00006f17) auipc   t5, 0x6
core   0: 3 0x8000a76a (0x00006f17) x30 0x8001076a
core   0: 0x8000a76e (0x883f2b23) sw      gp, -1898(t5)
core   0: 3 0x8000a76e (0x883f2b23) mem 0x80010000 0x00000001
core   0: 0x8000a772 (0x0000bfe5) c.j     pc - 8
core   0: 3 0x8000a772 (0xbfe5)
core   0: 0x8000a76a (0x00006f17) auipc   t5, 0x6
core   0: 3 0x8000a76a (0x00006f17) x30 0x8001076a
core   0: 0x8000a76e (0x883f2b23) sw      gp, -1898(t5)
core   0: 3 0x8000a76e (0x883f2b23) mem 0x80010000 0x00000001
core   0: 0x8000a772 (0x0000bfe5) c.j     pc - 8
core   0: 3 0x8000a772 (0xbfe5)
core   0: 0x8000a76a (0x00006f17) auipc   t5, 0x6
core   0: 3 0x8000a76a (0x00006f17) x30 0x8001076a
core   0: 0x8000a76e (0x883f2b23) sw      gp, -1898(t5)
core   0: 3 0x8000a76e (0x883f2b23) mem 0x80010000 0x00000001
core   0: 0x8000a772 (0x0000bfe5) c.j     pc - 8
core   0: 3 0x8000a772 (0xbfe5)
core   0: 0x8000a76a (0x00006f17) auipc   t5, 0x6
core   0: 3 0x8000a76a (0x00006f17) x30 0x8001076a
core   0: 0x8000a76e (0x883f2b23) sw      gp, -1898(t5)
core   0: 3 0x8000a76e (0x883f2b23) mem 0x80010000 0x00000001
core   0: 0x8000a772 (0x0000bfe5) c.j     pc - 8
core   0: 3 0x8000a772 (0xbfe5)
core   0: 0x8000a76a (0x00006f17) auipc   t5, 0x6
core   0: 3 0x8000a76a (0x00006f17) x30 0x8001076a
core   0: 0x8000a76e (0x883f2b23) sw      gp, -1898(t5)
core   0: 3 0x8000a76e (0x883f2b23) mem 0x80010000 0x00000001
core   0: 0x8000a772 (0x0000bfe5) c.j     pc - 8
core   0: 3 0x8000a772 (0xbfe5)
core   0: 0x8000a76a (0x00006f17) auipc   t5, 0x6
core   0: 3 0x8000a76a (0x00006f17) x30 0x8001076a
core   0: 0x8000a76e (0x883f2b23) sw      gp, -1898(t5)
core   0: 3 0x8000a76e (0x883f2b23) mem 0x80010000 0x00000001
core   0: 0x8000a772 (0x0000bfe5) c.j     pc - 8
core   0: 3 0x8000a772 (0xbfe5)
core   0: 0x8000a76a (0x00006f17) auipc   t5, 0x6
core   0: 3 0x8000a76a (0x00006f17) x30 0x8001076a
core   0: 0x8000a76e (0x883f2b23) sw      gp, -1898(t5)
core   0: 3 0x8000a76e (0x883f2b23) mem 0x80010000 0x00000001
core   0: 0x8000a772 (0x0000bfe5) c.j     pc - 8
core   0: 3 0x8000a772 (0xbfe5)
core   0: 0x8000a76a (0x00006f17) auipc   t5, 0x6
core   0: 3 0x8000a76a (0x00006f17) x30 0x8001076a
core   0: 0x8000a76e (0x883f2b23) sw      gp, -1898(t5)
core   0: 3 0x8000a76e (0x883f2b23) mem 0x80010000 0x00000001
core   0: 0x8000a772 (0x0000bfe5) c.j     pc - 8
core   0: 3 0x8000a772 (0xbfe5)
core   0: 0x8000a76a (0x00006f17) auipc   t5, 0x6
core   0: 3 0x8000a76a (0x00006f17) x30 0x8001076a
core   0: 0x8000a76e (0x883f2b23) sw      gp, -1898(t5)
core   0: 3 0x8000a76e (0x883f2b23) mem 0x80010000 0x00000001
core   0: 0x8000a772 (0x0000bfe5) c.j     pc - 8
core   0: 3 0x8000a772 (0xbfe5)
core   0: 0x8000a76a (0x00006f17) auipc   t5, 0x6
core   0: 3 0x8000a76a (0x00006f17) x30 0x8001076a
core   0: 0x8000a76e (0x883f2b23) sw      gp, -1898(t5)
core   0: 3 0x8000a76e (0x883f2b23) mem 0x80010000 0x00000001
core   0: 0x8000a772 (0x0000bfe5) c.j     pc - 8
core   0: 3 0x8000a772 (0xbfe5)
core   0: 0x8000a76a (0x00006f17) auipc   t5, 0x6
core   0: 3 0x8000a76a (0x00006f17) x30 0x8001076a
core   0: 0x8000a76e (0x883f2b23) sw      gp, -1898(t5)
core   0: 3 0x8000a76e (0x883f2b23) mem 0x80010000 0x00000001
core   0: 0x8000a772 (0x0000bfe5) c.j     pc - 8
core   0: 3 0x8000a772 (0xbfe5)
core   0: 0x8000a76a (0x00006f17) auipc   t5, 0x6
core   0: 3 0x8000a76a (0x00006f17) x30 0x8001076a
core   0: 0x8000a76e (0x883f2b23) sw      gp, -1898(t5)
core   0: 3 0x8000a76e (0x883f2b23) mem 0x80010000 0x00000001
core   0: 0x8000a772 (0x0000bfe5) c.j     pc - 8
core   0: 3 0x8000a772 (0xbfe5)
core   0: 0x8000a76a (0x00006f17) auipc   t5, 0x6
core   0: 3 0x8000a76a (0x00006f17) x30 0x8001076a
core   0: 0x8000a76e (0x883f2b23) sw      gp, -1898(t5)
core   0: 3 0x8000a76e (0x883f2b23) mem 0x80010000 0x00000001
core   0: 0x8000a772 (0x0000bfe5) c.j     pc - 8
core   0: 3 0x8000a772 (0xbfe5)
core   0: 0x8000a76a (0x00006f17) auipc   t5, 0x6
core   0: 3 0x8000a76a (0x00006f17) x30 0x8001076a
core   0: 0x8000a76e (0x883f2b23) sw      gp, -1898(t5)
core   0: 3 0x8000a76e (0x883f2b23) mem 0x80010000 0x00000001
core   0: 0x8000a772 (0x0000bfe5) c.j     pc - 8
core   0: 3 0x8000a772 (0xbfe5)
core   0: 0x8000a76a (0x00006f17) auipc   t5, 0x6
core   0: 3 0x8000a76a (0x00006f17) x30 0x8001076a
core   0: 0x8000a76e (0x883f2b23) sw      gp, -1898(t5)
core   0: 3 0x8000a76e (0x883f2b23) mem 0x80010000 0x00000001
core   0: 0x8000a772 (0x0000bfe5) c.j     pc - 8
core   0: 3 0x8000a772 (0xbfe5)
core   0: 0x8000a76a (0x00006f17) auipc   t5, 0x6
core   0: 3 0x8000a76a (0x00006f17) x30 0x8001076a
core   0: 0x8000a76e (0x883f2b23) sw      gp, -1898(t5)
core   0: 3 0x8000a76e (0x883f2b23) mem 0x80010000 0x00000001
core   0: 0x8000a772 (0x0000bfe5) c.j     pc - 8
core   0: 3 0x8000a772 (0xbfe5)
core   0: 0x8000a76a (0x00006f17) auipc   t5, 0x6
core   0: 3 0x8000a76a (0x00006f17) x30 0x8001076a
core   0: 0x8000a76e (0x883f2b23) sw      gp, -1898(t5)
core   0: 3 0x8000a76e (0x883f2b23) mem 0x80010000 0x00000001
core   0: 0x8000a772 (0x0000bfe5) c.j     pc - 8
core   0: 3 0x8000a772 (0xbfe5)
core   0: 0x8000a76a (0x00006f17) auipc   t5, 0x6
core   0: 3 0x8000a76a (0x00006f17) x30 0x8001076a
core   0: 0x8000a76e (0x883f2b23) sw      gp, -1898(t5)
core   0: 3 0x8000a76e (0x883f2b23) mem 0x80010000 0x00000001
core   0: 0x8000a772 (0x0000bfe5) c.j     pc - 8
core   0: 3 0x8000a772 (0xbfe5)
core   0: 0x8000a76a (0x00006f17) auipc   t5, 0x6
core   0: 3 0x8000a76a (0x00006f17) x30 0x8001076a
core   0: 0x8000a76e (0x883f2b23) sw      gp, -1898(t5)
core   0: 3 0x8000a76e (0x883f2b23) mem 0x80010000 0x00000001
core   0: 0x8000a772 (0x0000bfe5) c.j     pc - 8
core   0: 3 0x8000a772 (0xbfe5)
core   0: 0x8000a76a (0x00006f17) auipc   t5, 0x6
core   0: 3 0x8000a76a (0x00006f17) x30 0x8001076a
core   0: 0x8000a76e (0x883f2b23) sw      gp, -1898(t5)
core   0: 3 0x8000a76e (0x883f2b23) mem 0x80010000 0x00000001
core   0: 0x8000a772 (0x0000bfe5) c.j     pc - 8
core   0: 3 0x8000a772 (0xbfe5)
core   0: 0x8000a76a (0x00006f17) auipc   t5, 0x6
core   0: 3 0x8000a76a (0x00006f17) x30 0x8001076a
core   0: 0x8000a76e (0x883f2b23) sw      gp, -1898(t5)
core   0: 3 0x8000a76e (0x883f2b23) mem 0x80010000 0x00000001
core   0: 0x8000a772 (0x0000bfe5) c.j     pc - 8
core   0: 3 0x8000a772 (0xbfe5)
core   0: 0x8000a76a (0x00006f17) auipc   t5, 0x6
core   0: 3 0x8000a76a (0x00006f17) x30 0x8001076a
core   0: 0x8000a76e (0x883f2b23) sw      gp, -1898(t5)
core   0: 3 0x8000a76e (0x883f2b23) mem 0x80010000 0x00000001
core   0: 0x8000a772 (0x0000bfe5) c.j     pc - 8
core   0: 3 0x8000a772 (0xbfe5)
core   0: 0x8000a76a (0x00006f17) auipc   t5, 0x6
core   0: 3 0x8000a76a (0x00006f17) x30 0x8001076a
core   0: 0x8000a76e (0x883f2b23) sw      gp, -1898(t5)
core   0: 3 0x8000a76e (0x883f2b23) mem 0x80010000 0x00000001
core   0: 0x8000a772 (0x0000bfe5) c.j     pc - 8
core   0: 3 0x8000a772 (0xbfe5)
core   0: 0x8000a76a (0x00006f17) auipc   t5, 0x6
core   0: 3 0x8000a76a (0x00006f17) x30 0x8001076a
core   0: 0x8000a76e (0x883f2b23) sw      gp, -1898(t5)
core   0: 3 0x8000a76e (0x883f2b23) mem 0x80010000 0x00000001
core   0: 0x8000a772 (0x0000bfe5) c.j     pc - 8
core   0: 3 0x8000a772 (0xbfe5)
core   0: 0x8000a76a (0x00006f17) auipc   t5, 0x6
core   0: 3 0x8000a76a (0x00006f17) x30 0x8001076a
core   0: 0x8000a76e (0x883f2b23) sw      gp, -1898(t5)
core   0: 3 0x8000a76e (0x883f2b23) mem 0x80010000 0x00000001
core   0: 0x8000a772 (0x0000bfe5) c.j     pc - 8
core   0: 3 0x8000a772 (0xbfe5)
core   0: 0x8000a76a (0x00006f17) auipc   t5, 0x6
core   0: 3 0x8000a76a (0x00006f17) x30 0x8001076a
core   0: 0x8000a76e (0x883f2b23) sw      gp, -1898(t5)
core   0: 3 0x8000a76e (0x883f2b23) mem 0x80010000 0x00000001
core   0: 0x8000a772 (0x0000bfe5) c.j     pc - 8
core   0: 3 0x8000a772 (0xbfe5)
core   0: 0x8000a76a (0x00006f17) auipc   t5, 0x6
core   0: 3 0x8000a76a (0x00006f17) x30 0x8001076a
core   0: 0x8000a76e (0x883f2b23) sw      gp, -1898(t5)
core   0: 3 0x8000a76e (0x883f2b23) mem 0x80010000 0x00000001
core   0: 0x8000a772 (0x0000bfe5) c.j     pc - 8
core   0: 3 0x8000a772 (0xbfe5)
core   0: 0x8000a76a (0x00006f17) auipc   t5, 0x6
core   0: 3 0x8000a76a (0x00006f17) x30 0x8001076a
core   0: 0x8000a76e (0x883f2b23) sw      gp, -1898(t5)
core   0: 3 0x8000a76e (0x883f2b23) mem 0x80010000 0x00000001
core   0: 0x8000a772 (0x0000bfe5) c.j     pc - 8
core   0: 3 0x8000a772 (0xbfe5)
core   0: 0x8000a76a (0x00006f17) auipc   t5, 0x6
core   0: 3 0x8000a76a (0x00006f17) x30 0x8001076a
core   0: 0x8000a76e (0x883f2b23) sw      gp, -1898(t5)
core   0: 3 0x8000a76e (0x883f2b23) mem 0x80010000 0x00000001
core   0: 0x8000a772 (0x0000bfe5) c.j     pc - 8
core   0: 3 0x8000a772 (0xbfe5)
core   0: 0x8000a76a (0x00006f17) auipc   t5, 0x6
core   0: 3 0x8000a76a (0x00006f17) x30 0x8001076a
core   0: 0x8000a76e (0x883f2b23) sw      gp, -1898(t5)
core   0: 3 0x8000a76e (0x883f2b23) mem 0x80010000 0x00000001
core   0: 0x8000a772 (0x0000bfe5) c.j     pc - 8
core   0: 3 0x8000a772 (0xbfe5)
core   0: 0x8000a76a (0x00006f17) auipc   t5, 0x6
core   0: 3 0x8000a76a (0x00006f17) x30 0x8001076a
core   0: 0x8000a76e (0x883f2b23) sw      gp, -1898(t5)
core   0: 3 0x8000a76e (0x883f2b23) mem 0x80010000 0x00000001
core   0: 0x8000a772 (0x0000bfe5) c.j     pc - 8
core   0: 3 0x8000a772 (0xbfe5)
core   0: 0x8000a76a (0x00006f17) auipc   t5, 0x6
core   0: 3 0x8000a76a (0x00006f17) x30 0x8001076a
core   0: 0x8000a76e (0x883f2b23) sw      gp, -1898(t5)
core   0: 3 0x8000a76e (0x883f2b23) mem 0x80010000 0x00000001
core   0: 0x8000a772 (0x0000bfe5) c.j     pc - 8
core   0: 3 0x8000a772 (0xbfe5)
core   0: 0x8000a76a (0x00006f17) auipc   t5, 0x6
core   0: 3 0x8000a76a (0x00006f17) x30 0x8001076a
core   0: 0x8000a76e (0x883f2b23) sw      gp, -1898(t5)
core   0: 3 0x8000a76e (0x883f2b23) mem 0x80010000 0x00000001
core   0: 0x8000a772 (0x0000bfe5) c.j     pc - 8
core   0: 3 0x8000a772 (0xbfe5)
core   0: 0x8000a76a (0x00006f17) auipc   t5, 0x6
core   0: 3 0x8000a76a (0x00006f17) x30 0x8001076a
core   0: 0x8000a76e (0x883f2b23) sw      gp, -1898(t5)
core   0: 3 0x8000a76e (0x883f2b23) mem 0x80010000 0x00000001
core   0: 0x8000a772 (0x0000bfe5) c.j     pc - 8
core   0: 3 0x8000a772 (0xbfe5)
core   0: 0x8000a76a (0x00006f17) auipc   t5, 0x6
core   0: 3 0x8000a76a (0x00006f17) x30 0x8001076a
core   0: 0x8000a76e (0x883f2b23) sw      gp, -1898(t5)
core   0: 3 0x8000a76e (0x883f2b23) mem 0x80010000 0x00000001
core   0: 0x8000a772 (0x0000bfe5) c.j     pc - 8
core   0: 3 0x8000a772 (0xbfe5)
core   0: 0x8000a76a (0x00006f17) auipc   t5, 0x6
core   0: 3 0x8000a76a (0x00006f17) x30 0x8001076a
core   0: 0x8000a76e (0x883f2b23) sw      gp, -1898(t5)
core   0: 3 0x8000a76e (0x883f2b23) mem 0x80010000 0x00000001
core   0: 0x8000a772 (0x0000bfe5) c.j     pc - 8
core   0: 3 0x8000a772 (0xbfe5)
core   0: 0x8000a76a (0x00006f17) auipc   t5, 0x6
core   0: 3 0x8000a76a (0x00006f17) x30 0x8001076a
core   0: 0x8000a76e (0x883f2b23) sw      gp, -1898(t5)
core   0: 3 0x8000a76e (0x883f2b23) mem 0x80010000 0x00000001
core   0: 0x8000a772 (0x0000bfe5) c.j     pc - 8
core   0: 3 0x8000a772 (0xbfe5)
core   0: 0x8000a76a (0x00006f17) auipc   t5, 0x6
core   0: 3 0x8000a76a (0x00006f17) x30 0x8001076a
core   0: 0x8000a76e (0x883f2b23) sw      gp, -1898(t5)
core   0: 3 0x8000a76e (0x883f2b23) mem 0x80010000 0x00000001
core   0: 0x8000a772 (0x0000bfe5) c.j     pc - 8
core   0: 3 0x8000a772 (0xbfe5)
core   0: 0x8000a76a (0x00006f17) auipc   t5, 0x6
core   0: 3 0x8000a76a (0x00006f17) x30 0x8001076a
core   0: 0x8000a76e (0x883f2b23) sw      gp, -1898(t5)
core   0: 3 0x8000a76e (0x883f2b23) mem 0x80010000 0x00000001
core   0: 0x8000a772 (0x0000bfe5) c.j     pc - 8
core   0: 3 0x8000a772 (0xbfe5)
core   0: 0x8000a76a (0x00006f17) auipc   t5, 0x6
core   0: 3 0x8000a76a (0x00006f17) x30 0x8001076a
core   0: 0x8000a76e (0x883f2b23) sw      gp, -1898(t5)
core   0: 3 0x8000a76e (0x883f2b23) mem 0x80010000 0x00000001
core   0: 0x8000a772 (0x0000bfe5) c.j     pc - 8
core   0: 3 0x8000a772 (0xbfe5)
core   0: 0x8000a76a (0x00006f17) auipc   t5, 0x6
core   0: 3 0x8000a76a (0x00006f17) x30 0x8001076a
core   0: 0x8000a76e (0x883f2b23) sw      gp, -1898(t5)
core   0: 3 0x8000a76e (0x883f2b23) mem 0x80010000 0x00000001
core   0: 0x8000a772 (0x0000bfe5) c.j     pc - 8
core   0: 3 0x8000a772 (0xbfe5)
core   0: 0x8000a76a (0x00006f17) auipc   t5, 0x6
core   0: 3 0x8000a76a (0x00006f17) x30 0x8001076a
core   0: 0x8000a76e (0x883f2b23) sw      gp, -1898(t5)
core   0: 3 0x8000a76e (0x883f2b23) mem 0x80010000 0x00000001
core   0: 0x8000a772 (0x0000bfe5) c.j     pc - 8
core   0: 3 0x8000a772 (0xbfe5)
core   0: 0x8000a76a (0x00006f17) auipc   t5, 0x6
core   0: 3 0x8000a76a (0x00006f17) x30 0x8001076a
core   0: 0x8000a76e (0x883f2b23) sw      gp, -1898(t5)
core   0: 3 0x8000a76e (0x883f2b23) mem 0x80010000 0x00000001
core   0: 0x8000a772 (0x0000bfe5) c.j     pc - 8
core   0: 3 0x8000a772 (0xbfe5)
core   0: 0x8000a76a (0x00006f17) auipc   t5, 0x6
core   0: 3 0x8000a76a (0x00006f17) x30 0x8001076a
core   0: 0x8000a76e (0x883f2b23) sw      gp, -1898(t5)
core   0: 3 0x8000a76e (0x883f2b23) mem 0x80010000 0x00000001
core   0: 0x8000a772 (0x0000bfe5) c.j     pc - 8
core   0: 3 0x8000a772 (0xbfe5)
core   0: 0x8000a76a (0x00006f17) auipc   t5, 0x6
core   0: 3 0x8000a76a (0x00006f17) x30 0x8001076a
core   0: 0x8000a76e (0x883f2b23) sw      gp, -1898(t5)
core   0: 3 0x8000a76e (0x883f2b23) mem 0x80010000 0x00000001
core   0: 0x8000a772 (0x0000bfe5) c.j     pc - 8
core   0: 3 0x8000a772 (0xbfe5)
core   0: 0x8000a76a (0x00006f17) auipc   t5, 0x6
core   0: 3 0x8000a76a (0x00006f17) x30 0x8001076a
core   0: 0x8000a76e (0x883f2b23) sw      gp, -1898(t5)
core   0: 3 0x8000a76e (0x883f2b23) mem 0x80010000 0x00000001
core   0: 0x8000a772 (0x0000bfe5) c.j     pc - 8
core   0: 3 0x8000a772 (0xbfe5)
core   0: 0x8000a76a (0x00006f17) auipc   t5, 0x6
core   0: 3 0x8000a76a (0x00006f17) x30 0x8001076a
core   0: 0x8000a76e (0x883f2b23) sw      gp, -1898(t5)
core   0: 3 0x8000a76e (0x883f2b23) mem 0x80010000 0x00000001
core   0: 0x8000a772 (0x0000bfe5) c.j     pc - 8
core   0: 3 0x8000a772 (0xbfe5)
core   0: 0x8000a76a (0x00006f17) auipc   t5, 0x6
core   0: 3 0x8000a76a (0x00006f17) x30 0x8001076a
core   0: 0x8000a76e (0x883f2b23) sw      gp, -1898(t5)
core   0: 3 0x8000a76e (0x883f2b23) mem 0x80010000 0x00000001
core   0: 0x8000a772 (0x0000bfe5) c.j     pc - 8
core   0: 3 0x8000a772 (0xbfe5)
core   0: 0x8000a76a (0x00006f17) auipc   t5, 0x6
core   0: 3 0x8000a76a (0x00006f17) x30 0x8001076a
core   0: 0x8000a76e (0x883f2b23) sw      gp, -1898(t5)
core   0: 3 0x8000a76e (0x883f2b23) mem 0x80010000 0x00000001
core   0: 0x8000a772 (0x0000bfe5) c.j     pc - 8
core   0: 3 0x8000a772 (0xbfe5)
core   0: 0x8000a76a (0x00006f17) auipc   t5, 0x6
core   0: 3 0x8000a76a (0x00006f17) x30 0x8001076a
core   0: 0x8000a76e (0x883f2b23) sw      gp, -1898(t5)
core   0: 3 0x8000a76e (0x883f2b23) mem 0x80010000 0x00000001
core   0: 0x8000a772 (0x0000bfe5) c.j     pc - 8
core   0: 3 0x8000a772 (0xbfe5)
core   0: 0x8000a76a (0x00006f17) auipc   t5, 0x6
core   0: 3 0x8000a76a (0x00006f17) x30 0x8001076a
core   0: 0x8000a76e (0x883f2b23) sw      gp, -1898(t5)
core   0: 3 0x8000a76e (0x883f2b23) mem 0x80010000 0x00000001
core   0: 0x8000a772 (0x0000bfe5) c.j     pc - 8
core   0: 3 0x8000a772 (0xbfe5)
core   0: 0x8000a76a (0x00006f17) auipc   t5, 0x6
core   0: 3 0x8000a76a (0x00006f17) x30 0x8001076a
core   0: 0x8000a76e (0x883f2b23) sw      gp, -1898(t5)
core   0: 3 0x8000a76e (0x883f2b23) mem 0x80010000 0x00000001
core   0: 0x8000a772 (0x0000bfe5) c.j     pc - 8
core   0: 3 0x8000a772 (0xbfe5)
core   0: 0x8000a76a (0x00006f17) auipc   t5, 0x6
core   0: 3 0x8000a76a (0x00006f17) x30 0x8001076a
core   0: 0x8000a76e (0x883f2b23) sw      gp, -1898(t5)
core   0: 3 0x8000a76e (0x883f2b23) mem 0x80010000 0x00000001
core   0: 0x8000a772 (0x0000bfe5) c.j     pc - 8
core   0: 3 0x8000a772 (0xbfe5)
core   0: 0x8000a76a (0x00006f17) auipc   t5, 0x6
core   0: 3 0x8000a76a (0x00006f17) x30 0x8001076a
core   0: 0x8000a76e (0x883f2b23) sw      gp, -1898(t5)
core   0: 3 0x8000a76e (0x883f2b23) mem 0x80010000 0x00000001
core   0: 0x8000a772 (0x0000bfe5) c.j     pc - 8
core   0: 3 0x8000a772 (0xbfe5)
core   0: 0x8000a76a (0x00006f17) auipc   t5, 0x6
core   0: 3 0x8000a76a (0x00006f17) x30 0x8001076a
core   0: 0x8000a76e (0x883f2b23) sw      gp, -1898(t5)
core   0: 3 0x8000a76e (0x883f2b23) mem 0x80010000 0x00000001
core   0: 0x8000a772 (0x0000bfe5) c.j     pc - 8
core   0: 3 0x8000a772 (0xbfe5)
core   0: 0x8000a76a (0x00006f17) auipc   t5, 0x6
core   0: 3 0x8000a76a (0x00006f17) x30 0x8001076a
core   0: 0x8000a76e (0x883f2b23) sw      gp, -1898(t5)
core   0: 3 0x8000a76e (0x883f2b23) mem 0x80010000 0x00000001
core   0: 0x8000a772 (0x0000bfe5) c.j     pc - 8
core   0: 3 0x8000a772 (0xbfe5)
core   0: 0x8000a76a (0x00006f17) auipc   t5, 0x6
core   0: 3 0x8000a76a (0x00006f17) x30 0x8001076a
core   0: 0x8000a76e (0x883f2b23) sw      gp, -1898(t5)
core   0: 3 0x8000a76e (0x883f2b23) mem 0x80010000 0x00000001
core   0: 0x8000a772 (0x0000bfe5) c.j     pc - 8
core   0: 3 0x8000a772 (0xbfe5)
core   0: 0x8000a76a (0x00006f17) auipc   t5, 0x6
core   0: 3 0x8000a76a (0x00006f17) x30 0x8001076a
core   0: 0x8000a76e (0x883f2b23) sw      gp, -1898(t5)
core   0: 3 0x8000a76e (0x883f2b23) mem 0x80010000 0x00000001
core   0: 0x8000a772 (0x0000bfe5) c.j     pc - 8
core   0: 3 0x8000a772 (0xbfe5)
core   0: 0x8000a76a (0x00006f17) auipc   t5, 0x6
core   0: 3 0x8000a76a (0x00006f17) x30 0x8001076a
core   0: 0x8000a76e (0x883f2b23) sw      gp, -1898(t5)
core   0: 3 0x8000a76e (0x883f2b23) mem 0x80010000 0x00000001
core   0: 0x8000a772 (0x0000bfe5) c.j     pc - 8
core   0: 3 0x8000a772 (0xbfe5)
core   0: 0x8000a76a (0x00006f17) auipc   t5, 0x6
core   0: 3 0x8000a76a (0x00006f17) x30 0x8001076a
core   0: 0x8000a76e (0x883f2b23) sw      gp, -1898(t5)
core   0: 3 0x8000a76e (0x883f2b23) mem 0x80010000 0x00000001
core   0: 0x8000a772 (0x0000bfe5) c.j     pc - 8
core   0: 3 0x8000a772 (0xbfe5)
core   0: 0x8000a76a (0x00006f17) auipc   t5, 0x6
core   0: 3 0x8000a76a (0x00006f17) x30 0x8001076a
core   0: 0x8000a76e (0x883f2b23) sw      gp, -1898(t5)
core   0: 3 0x8000a76e (0x883f2b23) mem 0x80010000 0x00000001
core   0: 0x8000a772 (0x0000bfe5) c.j     pc - 8
core   0: 3 0x8000a772 (0xbfe5)
core   0: 0x8000a76a (0x00006f17) auipc   t5, 0x6
core   0: 3 0x8000a76a (0x00006f17) x30 0x8001076a
core   0: 0x8000a76e (0x883f2b23) sw      gp, -1898(t5)
core   0: 3 0x8000a76e (0x883f2b23) mem 0x80010000 0x00000001
core   0: 0x8000a772 (0x0000bfe5) c.j     pc - 8
core   0: 3 0x8000a772 (0xbfe5)
core   0: 0x8000a76a (0x00006f17) auipc   t5, 0x6
core   0: 3 0x8000a76a (0x00006f17) x30 0x8001076a
core   0: 0x8000a76e (0x883f2b23) sw      gp, -1898(t5)
core   0: 3 0x8000a76e (0x883f2b23) mem 0x80010000 0x00000001
core   0: 0x8000a772 (0x0000bfe5) c.j     pc - 8
core   0: 3 0x8000a772 (0xbfe5)
core   0: 0x8000a76a (0x00006f17) auipc   t5, 0x6
core   0: 3 0x8000a76a (0x00006f17) x30 0x8001076a
core   0: 0x8000a76e (0x883f2b23) sw      gp, -1898(t5)
core   0: 3 0x8000a76e (0x883f2b23) mem 0x80010000 0x00000001
core   0: 0x8000a772 (0x0000bfe5) c.j     pc - 8
core   0: 3 0x8000a772 (0xbfe5)
core   0: 0x8000a76a (0x00006f17) auipc   t5, 0x6
core   0: 3 0x8000a76a (0x00006f17) x30 0x8001076a
core   0: 0x8000a76e (0x883f2b23) sw      gp, -1898(t5)
core   0: 3 0x8000a76e (0x883f2b23) mem 0x80010000 0x00000001
core   0: 0x8000a772 (0x0000bfe5) c.j     pc - 8
core   0: 3 0x8000a772 (0xbfe5)
core   0: 0x8000a76a (0x00006f17) auipc   t5, 0x6
core   0: 3 0x8000a76a (0x00006f17) x30 0x8001076a
core   0: 0x8000a76e (0x883f2b23) sw      gp, -1898(t5)
core   0: 3 0x8000a76e (0x883f2b23) mem 0x80010000 0x00000001
core   0: 0x8000a772 (0x0000bfe5) c.j     pc - 8
core   0: 3 0x8000a772 (0xbfe5)
core   0: 0x8000a76a (0x00006f17) auipc   t5, 0x6
core   0: 3 0x8000a76a (0x00006f17) x30 0x8001076a
core   0: 0x8000a76e (0x883f2b23) sw      gp, -1898(t5)
core   0: 3 0x8000a76e (0x883f2b23) mem 0x80010000 0x00000001
core   0: 0x8000a772 (0x0000bfe5) c.j     pc - 8
core   0: 3 0x8000a772 (0xbfe5)
core   0: 0x8000a76a (0x00006f17) auipc   t5, 0x6
core   0: 3 0x8000a76a (0x00006f17) x30 0x8001076a
core   0: 0x8000a76e (0x883f2b23) sw      gp, -1898(t5)
core   0: 3 0x8000a76e (0x883f2b23) mem 0x80010000 0x00000001
core   0: 0x8000a772 (0x0000bfe5) c.j     pc - 8
core   0: 3 0x8000a772 (0xbfe5)
core   0: 0x8000a76a (0x00006f17) auipc   t5, 0x6
core   0: 3 0x8000a76a (0x00006f17) x30 0x8001076a
core   0: 0x8000a76e (0x883f2b23) sw      gp, -1898(t5)
core   0: 3 0x8000a76e (0x883f2b23) mem 0x80010000 0x00000001
core   0: 0x8000a772 (0x0000bfe5) c.j     pc - 8
core   0: 3 0x8000a772 (0xbfe5)
core   0: 0x8000a76a (0x00006f17) auipc   t5, 0x6
core   0: 3 0x8000a76a (0x00006f17) x30 0x8001076a
core   0: 0x8000a76e (0x883f2b23) sw      gp, -1898(t5)
core   0: 3 0x8000a76e (0x883f2b23) mem 0x80010000 0x00000001
core   0: 0x8000a772 (0x0000bfe5) c.j     pc - 8
core   0: 3 0x8000a772 (0xbfe5)
core   0: 0x8000a76a (0x00006f17) auipc   t5, 0x6
core   0: 3 0x8000a76a (0x00006f17) x30 0x8001076a
core   0: 0x8000a76e (0x883f2b23) sw      gp, -1898(t5)
core   0: 3 0x8000a76e (0x883f2b23) mem 0x80010000 0x00000001
core   0: 0x8000a772 (0x0000bfe5) c.j     pc - 8
core   0: 3 0x8000a772 (0xbfe5)
core   0: 0x8000a76a (0x00006f17) auipc   t5, 0x6
core   0: 3 0x8000a76a (0x00006f17) x30 0x8001076a
core   0: 0x8000a76e (0x883f2b23) sw      gp, -1898(t5)
core   0: 3 0x8000a76e (0x883f2b23) mem 0x80010000 0x00000001
core   0: 0x8000a772 (0x0000bfe5) c.j     pc - 8
core   0: 3 0x8000a772 (0xbfe5)
core   0: 0x8000a76a (0x00006f17) auipc   t5, 0x6
core   0: 3 0x8000a76a (0x00006f17) x30 0x8001076a
core   0: 0x8000a76e (0x883f2b23) sw      gp, -1898(t5)
core   0: 3 0x8000a76e (0x883f2b23) mem 0x80010000 0x00000001
core   0: 0x8000a772 (0x0000bfe5) c.j     pc - 8
core   0: 3 0x8000a772 (0xbfe5)
core   0: 0x8000a76a (0x00006f17) auipc   t5, 0x6
core   0: 3 0x8000a76a (0x00006f17) x30 0x8001076a
core   0: 0x8000a76e (0x883f2b23) sw      gp, -1898(t5)
core   0: 3 0x8000a76e (0x883f2b23) mem 0x80010000 0x00000001
core   0: 0x8000a772 (0x0000bfe5) c.j     pc - 8
core   0: 3 0x8000a772 (0xbfe5)
core   0: 0x8000a76a (0x00006f17) auipc   t5, 0x6
core   0: 3 0x8000a76a (0x00006f17) x30 0x8001076a
core   0: 0x8000a76e (0x883f2b23) sw      gp, -1898(t5)
core   0: 3 0x8000a76e (0x883f2b23) mem 0x80010000 0x00000001
core   0: 0x8000a772 (0x0000bfe5) c.j     pc - 8
core   0: 3 0x8000a772 (0xbfe5)
core   0: 0x8000a76a (0x00006f17) auipc   t5, 0x6
core   0: 3 0x8000a76a (0x00006f17) x30 0x8001076a
core   0: 0x8000a76e (0x883f2b23) sw      gp, -1898(t5)
core   0: 3 0x8000a76e (0x883f2b23) mem 0x80010000 0x00000001
core   0: 0x8000a772 (0x0000bfe5) c.j     pc - 8
core   0: 3 0x8000a772 (0xbfe5)
core   0: 0x8000a76a (0x00006f17) auipc   t5, 0x6
core   0: 3 0x8000a76a (0x00006f17) x30 0x8001076a
core   0: 0x8000a76e (0x883f2b23) sw      gp, -1898(t5)
core   0: 3 0x8000a76e (0x883f2b23) mem 0x80010000 0x00000001
core   0: 0x8000a772 (0x0000bfe5) c.j     pc - 8
core   0: 3 0x8000a772 (0xbfe5)
core   0: 0x8000a76a (0x00006f17) auipc   t5, 0x6
core   0: 3 0x8000a76a (0x00006f17) x30 0x8001076a
core   0: 0x8000a76e (0x883f2b23) sw      gp, -1898(t5)
core   0: 3 0x8000a76e (0x883f2b23) mem 0x80010000 0x00000001
core   0: 0x8000a772 (0x0000bfe5) c.j     pc - 8
core   0: 3 0x8000a772 (0xbfe5)
core   0: 0x8000a76a (0x00006f17) auipc   t5, 0x6
core   0: 3 0x8000a76a (0x00006f17) x30 0x8001076a
core   0: 0x8000a76e (0x883f2b23) sw      gp, -1898(t5)
core   0: 3 0x8000a76e (0x883f2b23) mem 0x80010000 0x00000001
core   0: 0x8000a772 (0x0000bfe5) c.j     pc - 8
core   0: 3 0x8000a772 (0xbfe5)
core   0: 0x8000a76a (0x00006f17) auipc   t5, 0x6
core   0: 3 0x8000a76a (0x00006f17) x30 0x8001076a
core   0: 0x8000a76e (0x883f2b23) sw      gp, -1898(t5)
core   0: 3 0x8000a76e (0x883f2b23) mem 0x80010000 0x00000001
core   0: 0x8000a772 (0x0000bfe5) c.j     pc - 8
core   0: 3 0x8000a772 (0xbfe5)
core   0: 0x8000a76a (0x00006f17) auipc   t5, 0x6
core   0: 3 0x8000a76a (0x00006f17) x30 0x8001076a
core   0: 0x8000a76e (0x883f2b23) sw      gp, -1898(t5)
core   0: 3 0x8000a76e (0x883f2b23) mem 0x80010000 0x00000001
core   0: 0x8000a772 (0x0000bfe5) c.j     pc - 8
core   0: 3 0x8000a772 (0xbfe5)
core   0: 0x8000a76a (0x00006f17) auipc   t5, 0x6
core   0: 3 0x8000a76a (0x00006f17) x30 0x8001076a
core   0: 0x8000a76e (0x883f2b23) sw      gp, -1898(t5)
core   0: 3 0x8000a76e (0x883f2b23) mem 0x80010000 0x00000001
core   0: 0x8000a772 (0x0000bfe5) c.j     pc - 8
core   0: 3 0x8000a772 (0xbfe5)
core   0: 0x8000a76a (0x00006f17) auipc   t5, 0x6
core   0: 3 0x8000a76a (0x00006f17) x30 0x8001076a
core   0: 0x8000a76e (0x883f2b23) sw      gp, -1898(t5)
core   0: 3 0x8000a76e (0x883f2b23) mem 0x80010000 0x00000001
core   0: 0x8000a772 (0x0000bfe5) c.j     pc - 8
core   0: 3 0x8000a772 (0xbfe5)
core   0: 0x8000a76a (0x00006f17) auipc   t5, 0x6
core   0: 3 0x8000a76a (0x00006f17) x30 0x8001076a
core   0: 0x8000a76e (0x883f2b23) sw      gp, -1898(t5)
core   0: 3 0x8000a76e (0x883f2b23) mem 0x80010000 0x00000001
core   0: 0x8000a772 (0x0000bfe5) c.j     pc - 8
core   0: 3 0x8000a772 (0xbfe5)
core   0: 0x8000a76a (0x00006f17) auipc   t5, 0x6
core   0: 3 0x8000a76a (0x00006f17) x30 0x8001076a
core   0: 0x8000a76e (0x883f2b23) sw      gp, -1898(t5)
core   0: 3 0x8000a76e (0x883f2b23) mem 0x80010000 0x00000001
core   0: 0x8000a772 (0x0000bfe5) c.j     pc - 8
core   0: 3 0x8000a772 (0xbfe5)
core   0: 0x8000a76a (0x00006f17) auipc   t5, 0x6
core   0: 3 0x8000a76a (0x00006f17) x30 0x8001076a
core   0: 0x8000a76e (0x883f2b23) sw      gp, -1898(t5)
core   0: 3 0x8000a76e (0x883f2b23) mem 0x80010000 0x00000001
core   0: 0x8000a772 (0x0000bfe5) c.j     pc - 8
core   0: 3 0x8000a772 (0xbfe5)
core   0: 0x8000a76a (0x00006f17) auipc   t5, 0x6
core   0: 3 0x8000a76a (0x00006f17) x30 0x8001076a
core   0: 0x8000a76e (0x883f2b23) sw      gp, -1898(t5)
core   0: 3 0x8000a76e (0x883f2b23) mem 0x80010000 0x00000001
core   0: 0x8000a772 (0x0000bfe5) c.j     pc - 8
core   0: 3 0x8000a772 (0xbfe5)
core   0: 0x8000a76a (0x00006f17) auipc   t5, 0x6
core   0: 3 0x8000a76a (0x00006f17) x30 0x8001076a
core   0: 0x8000a76e (0x883f2b23) sw      gp, -1898(t5)
core   0: 3 0x8000a76e (0x883f2b23) mem 0x80010000 0x00000001
core   0: 0x8000a772 (0x0000bfe5) c.j     pc - 8
core   0: 3 0x8000a772 (0xbfe5)
core   0: 0x8000a76a (0x00006f17) auipc   t5, 0x6
core   0: 3 0x8000a76a (0x00006f17) x30 0x8001076a
core   0: 0x8000a76e (0x883f2b23) sw      gp, -1898(t5)
core   0: 3 0x8000a76e (0x883f2b23) mem 0x80010000 0x00000001
core   0: 0x8000a772 (0x0000bfe5) c.j     pc - 8
core   0: 3 0x8000a772 (0xbfe5)
core   0: 0x8000a76a (0x00006f17) auipc   t5, 0x6
core   0: 3 0x8000a76a (0x00006f17) x30 0x8001076a
core   0: 0x8000a76e (0x883f2b23) sw      gp, -1898(t5)
core   0: 3 0x8000a76e (0x883f2b23) mem 0x80010000 0x00000001
core   0: 0x8000a772 (0x0000bfe5) c.j     pc - 8
core   0: 3 0x8000a772 (0xbfe5)
core   0: 0x8000a76a (0x00006f17) auipc   t5, 0x6
core   0: 3 0x8000a76a (0x00006f17) x30 0x8001076a
core   0: 0x8000a76e (0x883f2b23) sw      gp, -1898(t5)
core   0: 3 0x8000a76e (0x883f2b23) mem 0x80010000 0x00000001
core   0: 0x8000a772 (0x0000bfe5) c.j     pc - 8
core   0: 3 0x8000a772 (0xbfe5)
core   0: 0x8000a76a (0x00006f17) auipc   t5, 0x6
core   0: 3 0x8000a76a (0x00006f17) x30 0x8001076a
core   0: 0x8000a76e (0x883f2b23) sw      gp, -1898(t5)
core   0: 3 0x8000a76e (0x883f2b23) mem 0x80010000 0x00000001
core   0: 0x8000a772 (0x0000bfe5) c.j     pc - 8
core   0: 3 0x8000a772 (0xbfe5)
core   0: 0x8000a76a (0x00006f17) auipc   t5, 0x6
core   0: 3 0x8000a76a (0x00006f17) x30 0x8001076a
core   0: 0x8000a76e (0x883f2b23) sw      gp, -1898(t5)
core   0: 3 0x8000a76e (0x883f2b23) mem 0x80010000 0x00000001
core   0: 0x8000a772 (0x0000bfe5) c.j     pc - 8
core   0: 3 0x8000a772 (0xbfe5)
core   0: 0x8000a76a (0x00006f17) auipc   t5, 0x6
core   0: 3 0x8000a76a (0x00006f17) x30 0x8001076a
core   0: 0x8000a76e (0x883f2b23) sw      gp, -1898(t5)
core   0: 3 0x8000a76e (0x883f2b23) mem 0x80010000 0x00000001
core   0: 0x8000a772 (0x0000bfe5) c.j     pc - 8
core   0: 3 0x8000a772 (0xbfe5)
core   0: 0x8000a76a (0x00006f17) auipc   t5, 0x6
core   0: 3 0x8000a76a (0x00006f17) x30 0x8001076a
core   0: 0x8000a76e (0x883f2b23) sw      gp, -1898(t5)
core   0: 3 0x8000a76e (0x883f2b23) mem 0x80010000 0x00000001
core   0: 0x8000a772 (0x0000bfe5) c.j     pc - 8
core   0: 3 0x8000a772 (0xbfe5)
core   0: 0x8000a76a (0x00006f17) auipc   t5, 0x6
core   0: 3 0x8000a76a (0x00006f17) x30 0x8001076a
core   0: 0x8000a76e (0x883f2b23) sw      gp, -1898(t5)
core   0: 3 0x8000a76e (0x883f2b23) mem 0x80010000 0x00000001
core   0: 0x8000a772 (0x0000bfe5) c.j     pc - 8
core   0: 3 0x8000a772 (0xbfe5)
core   0: 0x8000a76a (0x00006f17) auipc   t5, 0x6
core   0: 3 0x8000a76a (0x00006f17) x30 0x8001076a
core   0: 0x8000a76e (0x883f2b23) sw      gp, -1898(t5)
core   0: 3 0x8000a76e (0x883f2b23) mem 0x80010000 0x00000001
core   0: 0x8000a772 (0x0000bfe5) c.j     pc - 8
core   0: 3 0x8000a772 (0xbfe5)
core   0: 0x8000a76a (0x00006f17) auipc   t5, 0x6
core   0: 3 0x8000a76a (0x00006f17) x30 0x8001076a
core   0: 0x8000a76e (0x883f2b23) sw      gp, -1898(t5)
core   0: 3 0x8000a76e (0x883f2b23) mem 0x80010000 0x00000001
core   0: 0x8000a772 (0x0000bfe5) c.j     pc - 8
core   0: 3 0x8000a772 (0xbfe5)
core   0: 0x8000a76a (0x00006f17) auipc   t5, 0x6
core   0: 3 0x8000a76a (0x00006f17) x30 0x8001076a
core   0: 0x8000a76e (0x883f2b23) sw      gp, -1898(t5)
core   0: 3 0x8000a76e (0x883f2b23) mem 0x80010000 0x00000001
core   0: 0x8000a772 (0x0000bfe5) c.j     pc - 8
core   0: 3 0x8000a772 (0xbfe5)
core   0: 0x8000a76a (0x00006f17) auipc   t5, 0x6
core   0: 3 0x8000a76a (0x00006f17) x30 0x8001076a
core   0: 0x8000a76e (0x883f2b23) sw      gp, -1898(t5)
core   0: 3 0x8000a76e (0x883f2b23) mem 0x80010000 0x00000001
core   0: 0x8000a772 (0x0000bfe5) c.j     pc - 8
core   0: 3 0x8000a772 (0xbfe5)
core   0: 0x8000a76a (0x00006f17) auipc   t5, 0x6
core   0: 3 0x8000a76a (0x00006f17) x30 0x8001076a
core   0: 0x8000a76e (0x883f2b23) sw      gp, -1898(t5)
core   0: 3 0x8000a76e (0x883f2b23) mem 0x80010000 0x00000001
core   0: 0x8000a772 (0x0000bfe5) c.j     pc - 8
core   0: 3 0x8000a772 (0xbfe5)
core   0: 0x8000a76a (0x00006f17) auipc   t5, 0x6
core   0: 3 0x8000a76a (0x00006f17) x30 0x8001076a
core   0: 0x8000a76e (0x883f2b23) sw      gp, -1898(t5)
core   0: 3 0x8000a76e (0x883f2b23) mem 0x80010000 0x00000001
core   0: 0x8000a772 (0x0000bfe5) c.j     pc - 8
core   0: 3 0x8000a772 (0xbfe5)
core   0: 0x8000a76a (0x00006f17) auipc   t5, 0x6
core   0: 3 0x8000a76a (0x00006f17) x30 0x8001076a
core   0: 0x8000a76e (0x883f2b23) sw      gp, -1898(t5)
core   0: 3 0x8000a76e (0x883f2b23) mem 0x80010000 0x00000001
core   0: 0x8000a772 (0x0000bfe5) c.j     pc - 8
core   0: 3 0x8000a772 (0xbfe5)
core   0: 0x8000a76a (0x00006f17) auipc   t5, 0x6
core   0: 3 0x8000a76a (0x00006f17) x30 0x8001076a
core   0: 0x8000a76e (0x883f2b23) sw      gp, -1898(t5)
core   0: 3 0x8000a76e (0x883f2b23) mem 0x80010000 0x00000001
core   0: 0x8000a772 (0x0000bfe5) c.j     pc - 8
core   0: 3 0x8000a772 (0xbfe5)
core   0: 0x8000a76a (0x00006f17) auipc   t5, 0x6
core   0: 3 0x8000a76a (0x00006f17) x30 0x8001076a
core   0: 0x8000a76e (0x883f2b23) sw      gp, -1898(t5)
core   0: 3 0x8000a76e (0x883f2b23) mem 0x80010000 0x00000001
core   0: 0x8000a772 (0x0000bfe5) c.j     pc - 8
core   0: 3 0x8000a772 (0xbfe5)
core   0: 0x8000a76a (0x00006f17) auipc   t5, 0x6
core   0: 3 0x8000a76a (0x00006f17) x30 0x8001076a
core   0: 0x8000a76e (0x883f2b23) sw      gp, -1898(t5)
core   0: 3 0x8000a76e (0x883f2b23) mem 0x80010000 0x00000001
core   0: 0x8000a772 (0x0000bfe5) c.j     pc - 8
core   0: 3 0x8000a772 (0xbfe5)
core   0: 0x8000a76a (0x00006f17) auipc   t5, 0x6
core   0: 3 0x8000a76a (0x00006f17) x30 0x8001076a
core   0: 0x8000a76e (0x883f2b23) sw      gp, -1898(t5)
core   0: 3 0x8000a76e (0x883f2b23) mem 0x80010000 0x00000001
core   0: 0x8000a772 (0x0000bfe5) c.j     pc - 8
core   0: 3 0x8000a772 (0xbfe5)
core   0: 0x8000a76a (0x00006f17) auipc   t5, 0x6
core   0: 3 0x8000a76a (0x00006f17) x30 0x8001076a
core   0: 0x8000a76e (0x883f2b23) sw      gp, -1898(t5)
core   0: 3 0x8000a76e (0x883f2b23) mem 0x80010000 0x00000001
core   0: 0x8000a772 (0x0000bfe5) c.j     pc - 8
core   0: 3 0x8000a772 (0xbfe5)
core   0: 0x8000a76a (0x00006f17) auipc   t5, 0x6
core   0: 3 0x8000a76a (0x00006f17) x30 0x8001076a
core   0: 0x8000a76e (0x883f2b23) sw      gp, -1898(t5)
core   0: 3 0x8000a76e (0x883f2b23) mem 0x80010000 0x00000001
core   0: 0x8000a772 (0x0000bfe5) c.j     pc - 8
core   0: 3 0x8000a772 (0xbfe5)
core   0: 0x8000a76a (0x00006f17) auipc   t5, 0x6
core   0: 3 0x8000a76a (0x00006f17) x30 0x8001076a
core   0: 0x8000a76e (0x883f2b23) sw      gp, -1898(t5)
core   0: 3 0x8000a76e (0x883f2b23) mem 0x80010000 0x00000001
core   0: 0x8000a772 (0x0000bfe5) c.j     pc - 8
core   0: 3 0x8000a772 (0xbfe5)
core   0: 0x8000a76a (0x00006f17) auipc   t5, 0x6
core   0: 3 0x8000a76a (0x00006f17) x30 0x8001076a
core   0: 0x8000a76e (0x883f2b23) sw      gp, -1898(t5)
core   0: 3 0x8000a76e (0x883f2b23) mem 0x80010000 0x00000001
core   0: 0x8000a772 (0x0000bfe5) c.j     pc - 8
core   0: 3 0x8000a772 (0xbfe5)
core   0: 0x8000a76a (0x00006f17) auipc   t5, 0x6
core   0: 3 0x8000a76a (0x00006f17) x30 0x8001076a
core   0: 0x8000a76e (0x883f2b23) sw      gp, -1898(t5)
core   0: 3 0x8000a76e (0x883f2b23) mem 0x80010000 0x00000001
core   0: 0x8000a772 (0x0000bfe5) c.j     pc - 8
core   0: 3 0x8000a772 (0xbfe5)
core   0: 0x8000a76a (0x00006f17) auipc   t5, 0x6
core   0: 3 0x8000a76a (0x00006f17) x30 0x8001076a
core   0: 0x8000a76e (0x883f2b23) sw      gp, -1898(t5)
core   0: 3 0x8000a76e (0x883f2b23) mem 0x80010000 0x00000001
core   0: 0x8000a772 (0x0000bfe5) c.j     pc - 8
core   0: 3 0x8000a772 (0xbfe5)
core   0: 0x8000a76a (0x00006f17) auipc   t5, 0x6
core   0: 3 0x8000a76a (0x00006f17) x30 0x8001076a
core   0: 0x8000a76e (0x883f2b23) sw      gp, -1898(t5)
core   0: 3 0x8000a76e (0x883f2b23) mem 0x80010000 0x00000001
core   0: 0x8000a772 (0x0000bfe5) c.j     pc - 8
core   0: 3 0x8000a772 (0xbfe5)
core   0: 0x8000a76a (0x00006f17) auipc   t5, 0x6
core   0: 3 0x8000a76a (0x00006f17) x30 0x8001076a
core   0: 0x8000a76e (0x883f2b23) sw      gp, -1898(t5)
core   0: 3 0x8000a76e (0x883f2b23) mem 0x80010000 0x00000001
core   0: 0x8000a772 (0x0000bfe5) c.j     pc - 8
core   0: 3 0x8000a772 (0xbfe5)
core   0: 0x8000a76a (0x00006f17) auipc   t5, 0x6
core   0: 3 0x8000a76a (0x00006f17) x30 0x8001076a
core   0: 0x8000a76e (0x883f2b23) sw      gp, -1898(t5)
core   0: 3 0x8000a76e (0x883f2b23) mem 0x80010000 0x00000001
core   0: 0x8000a772 (0x0000bfe5) c.j     pc - 8
core   0: 3 0x8000a772 (0xbfe5)
core   0: 0x8000a76a (0x00006f17) auipc   t5, 0x6
core   0: 3 0x8000a76a (0x00006f17) x30 0x8001076a
core   0: 0x8000a76e (0x883f2b23) sw      gp, -1898(t5)
core   0: 3 0x8000a76e (0x883f2b23) mem 0x80010000 0x00000001
core   0: 0x8000a772 (0x0000bfe5) c.j     pc - 8
core   0: 3 0x8000a772 (0xbfe5)
core   0: 0x8000a76a (0x00006f17) auipc   t5, 0x6
core   0: 3 0x8000a76a (0x00006f17) x30 0x8001076a
core   0: 0x8000a76e (0x883f2b23) sw      gp, -1898(t5)
core   0: 3 0x8000a76e (0x883f2b23) mem 0x80010000 0x00000001
core   0: 0x8000a772 (0x0000bfe5) c.j     pc - 8
core   0: 3 0x8000a772 (0xbfe5)
core   0: 0x8000a76a (0x00006f17) auipc   t5, 0x6
core   0: 3 0x8000a76a (0x00006f17) x30 0x8001076a
core   0: 0x8000a76e (0x883f2b23) sw      gp, -1898(t5)
core   0: 3 0x8000a76e (0x883f2b23) mem 0x80010000 0x00000001
core   0: 0x8000a772 (0x0000bfe5) c.j     pc - 8
core   0: 3 0x8000a772 (0xbfe5)
core   0: 0x8000a76a (0x00006f17) auipc   t5, 0x6
core   0: 3 0x8000a76a (0x00006f17) x30 0x8001076a
core   0: 0x8000a76e (0x883f2b23) sw      gp, -1898(t5)
core   0: 3 0x8000a76e (0x883f2b23) mem 0x80010000 0x00000001
core   0: 0x8000a772 (0x0000bfe5) c.j     pc - 8
core   0: 3 0x8000a772 (0xbfe5)
core   0: 0x8000a76a (0x00006f17) auipc   t5, 0x6
core   0: 3 0x8000a76a (0x00006f17) x30 0x8001076a
core   0: 0x8000a76e (0x883f2b23) sw      gp, -1898(t5)
core   0: 3 0x8000a76e (0x883f2b23) mem 0x80010000 0x00000001
core   0: 0x8000a772 (0x0000bfe5) c.j     pc - 8
core   0: 3 0x8000a772 (0xbfe5)
core   0: 0x8000a76a (0x00006f17) auipc   t5, 0x6
core   0: 3 0x8000a76a (0x00006f17) x30 0x8001076a
core   0: 0x8000a76e (0x883f2b23) sw      gp, -1898(t5)
core   0: 3 0x8000a76e (0x883f2b23) mem 0x80010000 0x00000001
core   0: 0x8000a772 (0x0000bfe5) c.j     pc - 8
core   0: 3 0x8000a772 (0xbfe5)
core   0: 0x8000a76a (0x00006f17) auipc   t5, 0x6
core   0: 3 0x8000a76a (0x00006f17) x30 0x8001076a
core   0: 0x8000a76e (0x883f2b23) sw      gp, -1898(t5)
core   0: 3 0x8000a76e (0x883f2b23) mem 0x80010000 0x00000001
core   0: 0x8000a772 (0x0000bfe5) c.j     pc - 8
core   0: 3 0x8000a772 (0xbfe5)
core   0: 0x8000a76a (0x00006f17) auipc   t5, 0x6
core   0: 3 0x8000a76a (0x00006f17) x30 0x8001076a
core   0: 0x8000a76e (0x883f2b23) sw      gp, -1898(t5)
core   0: 3 0x8000a76e (0x883f2b23) mem 0x80010000 0x00000001
core   0: 0x8000a772 (0x0000bfe5) c.j     pc - 8
core   0: 3 0x8000a772 (0xbfe5)
core   0: 0x8000a76a (0x00006f17) auipc   t5, 0x6
core   0: 3 0x8000a76a (0x00006f17) x30 0x8001076a
core   0: 0x8000a76e (0x883f2b23) sw      gp, -1898(t5)
core   0: 3 0x8000a76e (0x883f2b23) mem 0x80010000 0x00000001
core   0: 0x8000a772 (0x0000bfe5) c.j     pc - 8
core   0: 3 0x8000a772 (0xbfe5)
core   0: 0x8000a76a (0x00006f17) auipc   t5, 0x6
core   0: 3 0x8000a76a (0x00006f17) x30 0x8001076a
core   0: 0x8000a76e (0x883f2b23) sw      gp, -1898(t5)
core   0: 3 0x8000a76e (0x883f2b23) mem 0x80010000 0x00000001
core   0: 0x8000a772 (0x0000bfe5) c.j     pc - 8
core   0: 3 0x8000a772 (0xbfe5)
core   0: 0x8000a76a (0x00006f17) auipc   t5, 0x6
core   0: 3 0x8000a76a (0x00006f17) x30 0x8001076a
core   0: 0x8000a76e (0x883f2b23) sw      gp, -1898(t5)
core   0: 3 0x8000a76e (0x883f2b23) mem 0x80010000 0x00000001
core   0: 0x8000a772 (0x0000bfe5) c.j     pc - 8
core   0: 3 0x8000a772 (0xbfe5)
core   0: 0x8000a76a (0x00006f17) auipc   t5, 0x6
core   0: 3 0x8000a76a (0x00006f17) x30 0x8001076a
core   0: 0x8000a76e (0x883f2b23) sw      gp, -1898(t5)
core   0: 3 0x8000a76e (0x883f2b23) mem 0x80010000 0x00000001
core   0: 0x8000a772 (0x0000bfe5) c.j     pc - 8
core   0: 3 0x8000a772 (0xbfe5)
core   0: 0x8000a76a (0x00006f17) auipc   t5, 0x6
core   0: 3 0x8000a76a (0x00006f17) x30 0x8001076a
core   0: 0x8000a76e (0x883f2b23) sw      gp, -1898(t5)
core   0: 3 0x8000a76e (0x883f2b23) mem 0x80010000 0x00000001
core   0: 0x8000a772 (0x0000bfe5) c.j     pc - 8
core   0: 3 0x8000a772 (0xbfe5)
core   0: 0x8000a76a (0x00006f17) auipc   t5, 0x6
core   0: 3 0x8000a76a (0x00006f17) x30 0x8001076a
core   0: 0x8000a76e (0x883f2b23) sw      gp, -1898(t5)
core   0: 3 0x8000a76e (0x883f2b23) mem 0x80010000 0x00000001
core   0: 0x8000a772 (0x0000bfe5) c.j     pc - 8
core   0: 3 0x8000a772 (0xbfe5)
core   0: 0x8000a76a (0x00006f17) auipc   t5, 0x6
core   0: 3 0x8000a76a (0x00006f17) x30 0x8001076a
core   0: 0x8000a76e (0x883f2b23) sw      gp, -1898(t5)
core   0: 3 0x8000a76e (0x883f2b23) mem 0x80010000 0x00000001
core   0: 0x8000a772 (0x0000bfe5) c.j     pc - 8
core   0: 3 0x8000a772 (0xbfe5)
core   0: 0x8000a76a (0x00006f17) auipc   t5, 0x6
core   0: 3 0x8000a76a (0x00006f17) x30 0x8001076a
core   0: 0x8000a76e (0x883f2b23) sw      gp, -1898(t5)
core   0: 3 0x8000a76e (0x883f2b23) mem 0x80010000 0x00000001
core   0: 0x8000a772 (0x0000bfe5) c.j     pc - 8
core   0: 3 0x8000a772 (0xbfe5)
core   0: 0x8000a76a (0x00006f17) auipc   t5, 0x6
core   0: 3 0x8000a76a (0x00006f17) x30 0x8001076a
core   0: 0x8000a76e (0x883f2b23) sw      gp, -1898(t5)
core   0: 3 0x8000a76e (0x883f2b23) mem 0x80010000 0x00000001
core   0: 0x8000a772 (0x0000bfe5) c.j     pc - 8
core   0: 3 0x8000a772 (0xbfe5)
core   0: 0x8000a76a (0x00006f17) auipc   t5, 0x6
core   0: 3 0x8000a76a (0x00006f17) x30 0x8001076a
core   0: 0x8000a76e (0x883f2b23) sw      gp, -1898(t5)
core   0: 3 0x8000a76e (0x883f2b23) mem 0x80010000 0x00000001
core   0: 0x8000a772 (0x0000bfe5) c.j     pc - 8
core   0: 3 0x8000a772 (0xbfe5)
core   0: 0x8000a76a (0x00006f17) auipc   t5, 0x6
core   0: 3 0x8000a76a (0x00006f17) x30 0x8001076a
core   0: 0x8000a76e (0x883f2b23) sw      gp, -1898(t5)
core   0: 3 0x8000a76e (0x883f2b23) mem 0x80010000 0x00000001
core   0: 0x8000a772 (0x0000bfe5) c.j     pc - 8
core   0: 3 0x8000a772 (0xbfe5)
core   0: 0x8000a76a (0x00006f17) auipc   t5, 0x6
core   0: 3 0x8000a76a (0x00006f17) x30 0x8001076a
core   0: 0x8000a76e (0x883f2b23) sw      gp, -1898(t5)
core   0: 3 0x8000a76e (0x883f2b23) mem 0x80010000 0x00000001
core   0: 0x8000a772 (0x0000bfe5) c.j     pc - 8
core   0: 3 0x8000a772 (0xbfe5)
core   0: 0x8000a76a (0x00006f17) auipc   t5, 0x6
core   0: 3 0x8000a76a (0x00006f17) x30 0x8001076a
core   0: 0x8000a76e (0x883f2b23) sw      gp, -1898(t5)
core   0: 3 0x8000a76e (0x883f2b23) mem 0x80010000 0x00000001
core   0: 0x8000a772 (0x0000bfe5) c.j     pc - 8
core   0: 3 0x8000a772 (0xbfe5)
core   0: 0x8000a76a (0x00006f17) auipc   t5, 0x6
core   0: 3 0x8000a76a (0x00006f17) x30 0x8001076a
core   0: 0x8000a76e (0x883f2b23) sw      gp, -1898(t5)
core   0: 3 0x8000a76e (0x883f2b23) mem 0x80010000 0x00000001
core   0: 0x8000a772 (0x0000bfe5) c.j     pc - 8
core   0: 3 0x8000a772 (0xbfe5)
core   0: 0x8000a76a (0x00006f17) auipc   t5, 0x6
core   0: 3 0x8000a76a (0x00006f17) x30 0x8001076a
core   0: 0x8000a76e (0x883f2b23) sw      gp, -1898(t5)
core   0: 3 0x8000a76e (0x883f2b23) mem 0x80010000 0x00000001
core   0: 0x8000a772 (0x0000bfe5) c.j     pc - 8
core   0: 3 0x8000a772 (0xbfe5)
core   0: 0x8000a76a (0x00006f17) auipc   t5, 0x6
core   0: 3 0x8000a76a (0x00006f17) x30 0x8001076a
core   0: 0x8000a76e (0x883f2b23) sw      gp, -1898(t5)
core   0: 3 0x8000a76e (0x883f2b23) mem 0x80010000 0x00000001
core   0: 0x8000a772 (0x0000bfe5) c.j     pc - 8
core   0: 3 0x8000a772 (0xbfe5)
core   0: 0x8000a76a (0x00006f17) auipc   t5, 0x6
core   0: 3 0x8000a76a (0x00006f17) x30 0x8001076a
core   0: 0x8000a76e (0x883f2b23) sw      gp, -1898(t5)
core   0: 3 0x8000a76e (0x883f2b23) mem 0x80010000 0x00000001
core   0: 0x8000a772 (0x0000bfe5) c.j     pc - 8
core   0: 3 0x8000a772 (0xbfe5)
core   0: 0x8000a76a (0x00006f17) auipc   t5, 0x6
core   0: 3 0x8000a76a (0x00006f17) x30 0x8001076a
core   0: 0x8000a76e (0x883f2b23) sw      gp, -1898(t5)
core   0: 3 0x8000a76e (0x883f2b23) mem 0x80010000 0x00000001
core   0: 0x8000a772 (0x0000bfe5) c.j     pc - 8
core   0: 3 0x8000a772 (0xbfe5)
core   0: 0x8000a76a (0x00006f17) auipc   t5, 0x6
core   0: 3 0x8000a76a (0x00006f17) x30 0x8001076a
core   0: 0x8000a76e (0x883f2b23) sw      gp, -1898(t5)
core   0: 3 0x8000a76e (0x883f2b23) mem 0x80010000 0x00000001
core   0: 0x8000a772 (0x0000bfe5) c.j     pc - 8
core   0: 3 0x8000a772 (0xbfe5)
core   0: 0x8000a76a (0x00006f17) auipc   t5, 0x6
core   0: 3 0x8000a76a (0x00006f17) x30 0x8001076a
core   0: 0x8000a76e (0x883f2b23) sw      gp, -1898(t5)
core   0: 3 0x8000a76e (0x883f2b23) mem 0x80010000 0x00000001
core   0: 0x8000a772 (0x0000bfe5) c.j     pc - 8
core   0: 3 0x8000a772 (0xbfe5)
core   0: 0x8000a76a (0x00006f17) auipc   t5, 0x6
core   0: 3 0x8000a76a (0x00006f17) x30 0x8001076a
core   0: 0x8000a76e (0x883f2b23) sw      gp, -1898(t5)
core   0: 3 0x8000a76e (0x883f2b23) mem 0x80010000 0x00000001
core   0: 0x8000a772 (0x0000bfe5) c.j     pc - 8
core   0: 3 0x8000a772 (0xbfe5)
core   0: 0x8000a76a (0x00006f17) auipc   t5, 0x6
core   0: 3 0x8000a76a (0x00006f17) x30 0x8001076a
core   0: 0x8000a76e (0x883f2b23) sw      gp, -1898(t5)
core   0: 3 0x8000a76e (0x883f2b23) mem 0x80010000 0x00000001
core   0: 0x8000a772 (0x0000bfe5) c.j     pc - 8
core   0: 3 0x8000a772 (0xbfe5)
core   0: 0x8000a76a (0x00006f17) auipc   t5, 0x6
core   0: 3 0x8000a76a (0x00006f17) x30 0x8001076a
core   0: 0x8000a76e (0x883f2b23) sw      gp, -1898(t5)
core   0: 3 0x8000a76e (0x883f2b23) mem 0x80010000 0x00000001
core   0: 0x8000a772 (0x0000bfe5) c.j     pc - 8
core   0: 3 0x8000a772 (0xbfe5)
core   0: 0x8000a76a (0x00006f17) auipc   t5, 0x6
core   0: 3 0x8000a76a (0x00006f17) x30 0x8001076a
core   0: 0x8000a76e (0x883f2b23) sw      gp, -1898(t5)
core   0: 3 0x8000a76e (0x883f2b23) mem 0x80010000 0x00000001
core   0: 0x8000a772 (0x0000bfe5) c.j     pc - 8
core   0: 3 0x8000a772 (0xbfe5)
core   0: 0x8000a76a (0x00006f17) auipc   t5, 0x6
core   0: 3 0x8000a76a (0x00006f17) x30 0x8001076a
core   0: 0x8000a76e (0x883f2b23) sw      gp, -1898(t5)
core   0: 3 0x8000a76e (0x883f2b23) mem 0x80010000 0x00000001
core   0: 0x8000a772 (0x0000bfe5) c.j     pc - 8
core   0: 3 0x8000a772 (0xbfe5)
core   0: 0x8000a76a (0x00006f17) auipc   t5, 0x6
core   0: 3 0x8000a76a (0x00006f17) x30 0x8001076a
core   0: 0x8000a76e (0x883f2b23) sw      gp, -1898(t5)
core   0: 3 0x8000a76e (0x883f2b23) mem 0x80010000 0x00000001
core   0: 0x8000a772 (0x0000bfe5) c.j     pc - 8
core   0: 3 0x8000a772 (0xbfe5)
core   0: 0x8000a76a (0x00006f17) auipc   t5, 0x6
core   0: 3 0x8000a76a (0x00006f17) x30 0x8001076a
core   0: 0x8000a76e (0x883f2b23) sw      gp, -1898(t5)
core   0: 3 0x8000a76e (0x883f2b23) mem 0x80010000 0x00000001
core   0: 0x8000a772 (0x0000bfe5) c.j     pc - 8
core   0: 3 0x8000a772 (0xbfe5)
core   0: 0x8000a76a (0x00006f17) auipc   t5, 0x6
core   0: 3 0x8000a76a (0x00006f17) x30 0x8001076a
core   0: 0x8000a76e (0x883f2b23) sw      gp, -1898(t5)
core   0: 3 0x8000a76e (0x883f2b23) mem 0x80010000 0x00000001
core   0: 0x8000a772 (0x0000bfe5) c.j     pc - 8
core   0: 3 0x8000a772 (0xbfe5)
core   0: 0x8000a76a (0x00006f17) auipc   t5, 0x6
core   0: 3 0x8000a76a (0x00006f17) x30 0x8001076a
core   0: 0x8000a76e (0x883f2b23) sw      gp, -1898(t5)
core   0: 3 0x8000a76e (0x883f2b23) mem 0x80010000 0x00000001
core   0: 0x8000a772 (0x0000bfe5) c.j     pc - 8
core   0: 3 0x8000a772 (0xbfe5)
core   0: 0x8000a76a (0x00006f17) auipc   t5, 0x6
core   0: 3 0x8000a76a (0x00006f17) x30 0x8001076a
core   0: 0x8000a76e (0x883f2b23) sw      gp, -1898(t5)
core   0: 3 0x8000a76e (0x883f2b23) mem 0x80010000 0x00000001
core   0: 0x8000a772 (0x0000bfe5) c.j     pc - 8
core   0: 3 0x8000a772 (0xbfe5)
core   0: 0x8000a76a (0x00006f17) auipc   t5, 0x6
core   0: 3 0x8000a76a (0x00006f17) x30 0x8001076a
core   0: 0x8000a76e (0x883f2b23) sw      gp, -1898(t5)
core   0: 3 0x8000a76e (0x883f2b23) mem 0x80010000 0x00000001
core   0: 0x8000a772 (0x0000bfe5) c.j     pc - 8
core   0: 3 0x8000a772 (0xbfe5)
core   0: 0x8000a76a (0x00006f17) auipc   t5, 0x6
core   0: 3 0x8000a76a (0x00006f17) x30 0x8001076a
core   0: 0x8000a76e (0x883f2b23) sw      gp, -1898(t5)
core   0: 3 0x8000a76e (0x883f2b23) mem 0x80010000 0x00000001
core   0: 0x8000a772 (0x0000bfe5) c.j     pc - 8
core   0: 3 0x8000a772 (0xbfe5)
core   0: 0x8000a76a (0x00006f17) auipc   t5, 0x6
core   0: 3 0x8000a76a (0x00006f17) x30 0x8001076a
core   0: 0x8000a76e (0x883f2b23) sw      gp, -1898(t5)
core   0: 3 0x8000a76e (0x883f2b23) mem 0x80010000 0x00000001
core   0: 0x8000a772 (0x0000bfe5) c.j     pc - 8
core   0: 3 0x8000a772 (0xbfe5)
core   0: 0x8000a76a (0x00006f17) auipc   t5, 0x6
core   0: 3 0x8000a76a (0x00006f17) x30 0x8001076a
core   0: 0x8000a76e (0x883f2b23) sw      gp, -1898(t5)
core   0: 3 0x8000a76e (0x883f2b23) mem 0x80010000 0x00000001
core   0: 0x8000a772 (0x0000bfe5) c.j     pc - 8
core   0: 3 0x8000a772 (0xbfe5)
core   0: 0x8000a76a (0x00006f17) auipc   t5, 0x6
core   0: 3 0x8000a76a (0x00006f17) x30 0x8001076a
core   0: 0x8000a76e (0x883f2b23) sw      gp, -1898(t5)
core   0: 3 0x8000a76e (0x883f2b23) mem 0x80010000 0x00000001
core   0: 0x8000a772 (0x0000bfe5) c.j     pc - 8
core   0: 3 0x8000a772 (0xbfe5)
core   0: 0x8000a76a (0x00006f17) auipc   t5, 0x6
core   0: 3 0x8000a76a (0x00006f17) x30 0x8001076a
core   0: 0x8000a76e (0x883f2b23) sw      gp, -1898(t5)
core   0: 3 0x8000a76e (0x883f2b23) mem 0x80010000 0x00000001
core   0: 0x8000a772 (0x0000bfe5) c.j     pc - 8
core   0: 3 0x8000a772 (0xbfe5)
core   0: 0x8000a76a (0x00006f17) auipc   t5, 0x6
core   0: 3 0x8000a76a (0x00006f17) x30 0x8001076a
core   0: 0x8000a76e (0x883f2b23) sw      gp, -1898(t5)
core   0: 3 0x8000a76e (0x883f2b23) mem 0x80010000 0x00000001
core   0: 0x8000a772 (0x0000bfe5) c.j     pc - 8
core   0: 3 0x8000a772 (0xbfe5)
core   0: 0x8000a76a (0x00006f17) auipc   t5, 0x6
core   0: 3 0x8000a76a (0x00006f17) x30 0x8001076a
core   0: 0x8000a76e (0x883f2b23) sw      gp, -1898(t5)
core   0: 3 0x8000a76e (0x883f2b23) mem 0x80010000 0x00000001
core   0: 0x8000a772 (0x0000bfe5) c.j     pc - 8
core   0: 3 0x8000a772 (0xbfe5)
core   0: 0x8000a76a (0x00006f17) auipc   t5, 0x6
core   0: 3 0x8000a76a (0x00006f17) x30 0x8001076a
core   0: 0x8000a76e (0x883f2b23) sw      gp, -1898(t5)
core   0: 3 0x8000a76e (0x883f2b23) mem 0x80010000 0x00000001
core   0: 0x8000a772 (0x0000bfe5) c.j     pc - 8
core   0: 3 0x8000a772 (0xbfe5)
core   0: 0x8000a76a (0x00006f17) auipc   t5, 0x6
core   0: 3 0x8000a76a (0x00006f17) x30 0x8001076a
core   0: 0x8000a76e (0x883f2b23) sw      gp, -1898(t5)
core   0: 3 0x8000a76e (0x883f2b23) mem 0x80010000 0x00000001
core   0: 0x8000a772 (0x0000bfe5) c.j     pc - 8
core   0: 3 0x8000a772 (0xbfe5)
core   0: 0x8000a76a (0x00006f17) auipc   t5, 0x6
core   0: 3 0x8000a76a (0x00006f17) x30 0x8001076a
core   0: 0x8000a76e (0x883f2b23) sw      gp, -1898(t5)
core   0: 3 0x8000a76e (0x883f2b23) mem 0x80010000 0x00000001
core   0: 0x8000a772 (0x0000bfe5) c.j     pc - 8
core   0: 3 0x8000a772 (0xbfe5)
core   0: 0x8000a76a (0x00006f17) auipc   t5, 0x6
core   0: 3 0x8000a76a (0x00006f17) x30 0x8001076a
core   0: 0x8000a76e (0x883f2b23) sw      gp, -1898(t5)
core   0: 3 0x8000a76e (0x883f2b23) mem 0x80010000 0x00000001
core   0: 0x8000a772 (0x0000bfe5) c.j     pc - 8
core   0: 3 0x8000a772 (0xbfe5)
core   0: 0x8000a76a (0x00006f17) auipc   t5, 0x6
core   0: 3 0x8000a76a (0x00006f17) x30 0x8001076a
core   0: 0x8000a76e (0x883f2b23) sw      gp, -1898(t5)
core   0: 3 0x8000a76e (0x883f2b23) mem 0x80010000 0x00000001
core   0: 0x8000a772 (0x0000bfe5) c.j     pc - 8
core   0: 3 0x8000a772 (0xbfe5)
core   0: 0x8000a76a (0x00006f17) auipc   t5, 0x6
core   0: 3 0x8000a76a (0x00006f17) x30 0x8001076a
core   0: 0x8000a76e (0x883f2b23) sw      gp, -1898(t5)
core   0: 3 0x8000a76e (0x883f2b23) mem 0x80010000 0x00000001
core   0: 0x8000a772 (0x0000bfe5) c.j     pc - 8
core   0: 3 0x8000a772 (0xbfe5)
core   0: 0x8000a76a (0x00006f17) auipc   t5, 0x6
core   0: 3 0x8000a76a (0x00006f17) x30 0x8001076a
core   0: 0x8000a76e (0x883f2b23) sw      gp, -1898(t5)
core   0: 3 0x8000a76e (0x883f2b23) mem 0x80010000 0x00000001
core   0: 0x8000a772 (0x0000bfe5) c.j     pc - 8
core   0: 3 0x8000a772 (0xbfe5)
core   0: 0x8000a76a (0x00006f17) auipc   t5, 0x6
core   0: 3 0x8000a76a (0x00006f17) x30 0x8001076a
core   0: 0x8000a76e (0x883f2b23) sw      gp, -1898(t5)
core   0: 3 0x8000a76e (0x883f2b23) mem 0x80010000 0x00000001
core   0: 0x8000a772 (0x0000bfe5) c.j     pc - 8
core   0: 3 0x8000a772 (0xbfe5)
core   0: 0x8000a76a (0x00006f17) auipc   t5, 0x6
core   0: 3 0x8000a76a (0x00006f17) x30 0x8001076a
core   0: 0x8000a76e (0x883f2b23) sw      gp, -1898(t5)
core   0: 3 0x8000a76e (0x883f2b23) mem 0x80010000 0x00000001
core   0: 0x8000a772 (0x0000bfe5) c.j     pc - 8
core   0: 3 0x8000a772 (0xbfe5)
core   0: 0x8000a76a (0x00006f17) auipc   t5, 0x6
core   0: 3 0x8000a76a (0x00006f17) x30 0x8001076a
core   0: 0x8000a76e (0x883f2b23) sw      gp, -1898(t5)
core   0: 3 0x8000a76e (0x883f2b23) mem 0x80010000 0x00000001
core   0: 0x8000a772 (0x0000bfe5) c.j     pc - 8
core   0: 3 0x8000a772 (0xbfe5)
core   0: 0x8000a76a (0x00006f17) auipc   t5, 0x6
core   0: 3 0x8000a76a (0x00006f17) x30 0x8001076a
core   0: 0x8000a76e (0x883f2b23) sw      gp, -1898(t5)
core   0: 3 0x8000a76e (0x883f2b23) mem 0x80010000 0x00000001
core   0: 0x8000a772 (0x0000bfe5) c.j     pc - 8
core   0: 3 0x8000a772 (0xbfe5)
core   0: 0x8000a76a (0x00006f17) auipc   t5, 0x6
core   0: 3 0x8000a76a (0x00006f17) x30 0x8001076a
core   0: 0x8000a76e (0x883f2b23) sw      gp, -1898(t5)
core   0: 3 0x8000a76e (0x883f2b23) mem 0x80010000 0x00000001
core   0: 0x8000a772 (0x0000bfe5) c.j     pc - 8
core   0: 3 0x8000a772 (0xbfe5)
core   0: 0x8000a76a (0x00006f17) auipc   t5, 0x6
core   0: 3 0x8000a76a (0x00006f17) x30 0x8001076a
core   0: 0x8000a76e (0x883f2b23) sw      gp, -1898(t5)
core   0: 3 0x8000a76e (0x883f2b23) mem 0x80010000 0x00000001
core   0: 0x8000a772 (0x0000bfe5) c.j     pc - 8
core   0: 3 0x8000a772 (0xbfe5)
core   0: 0x8000a76a (0x00006f17) auipc   t5, 0x6
core   0: 3 0x8000a76a (0x00006f17) x30 0x8001076a
core   0: 0x8000a76e (0x883f2b23) sw      gp, -1898(t5)
core   0: 3 0x8000a76e (0x883f2b23) mem 0x80010000 0x00000001
core   0: 0x8000a772 (0x0000bfe5) c.j     pc - 8
core   0: 3 0x8000a772 (0xbfe5)
core   0: 0x8000a76a (0x00006f17) auipc   t5, 0x6
core   0: 3 0x8000a76a (0x00006f17) x30 0x8001076a
core   0: 0x8000a76e (0x883f2b23) sw      gp, -1898(t5)
core   0: 3 0x8000a76e (0x883f2b23) mem 0x80010000 0x00000001
core   0: 0x8000a772 (0x0000bfe5) c.j     pc - 8
core   0: 3 0x8000a772 (0xbfe5)
core   0: 0x8000a76a (0x00006f17) auipc   t5, 0x6
core   0: 3 0x8000a76a (0x00006f17) x30 0x8001076a
core   0: 0x8000a76e (0x883f2b23) sw      gp, -1898(t5)
core   0: 3 0x8000a76e (0x883f2b23) mem 0x80010000 0x00000001
core   0: 0x8000a772 (0x0000bfe5) c.j     pc - 8
core   0: 3 0x8000a772 (0xbfe5)
core   0: 0x8000a76a (0x00006f17) auipc   t5, 0x6
core   0: 3 0x8000a76a (0x00006f17) x30 0x8001076a
core   0: 0x8000a76e (0x883f2b23) sw      gp, -1898(t5)
core   0: 3 0x8000a76e (0x883f2b23) mem 0x80010000 0x00000001
core   0: 0x8000a772 (0x0000bfe5) c.j     pc - 8
core   0: 3 0x8000a772 (0xbfe5)
core   0: 0x8000a76a (0x00006f17) auipc   t5, 0x6
core   0: 3 0x8000a76a (0x00006f17) x30 0x8001076a
core   0: 0x8000a76e (0x883f2b23) sw      gp, -1898(t5)
core   0: 3 0x8000a76e (0x883f2b23) mem 0x80010000 0x00000001
core   0: 0x8000a772 (0x0000bfe5) c.j     pc - 8
core   0: 3 0x8000a772 (0xbfe5)
core   0: 0x8000a76a (0x00006f17) auipc   t5, 0x6
core   0: 3 0x8000a76a (0x00006f17) x30 0x8001076a
core   0: 0x8000a76e (0x883f2b23) sw      gp, -1898(t5)
core   0: 3 0x8000a76e (0x883f2b23) mem 0x80010000 0x00000001
core   0: 0x8000a772 (0x0000bfe5) c.j     pc - 8
core   0: 3 0x8000a772 (0xbfe5)
core   0: 0x8000a76a (0x00006f17) auipc   t5, 0x6
core   0: 3 0x8000a76a (0x00006f17) x30 0x8001076a
core   0: 0x8000a76e (0x883f2b23) sw      gp, -1898(t5)
core   0: 3 0x8000a76e (0x883f2b23) mem 0x80010000 0x00000001
core   0: 0x8000a772 (0x0000bfe5) c.j     pc - 8
core   0: 3 0x8000a772 (0xbfe5)
core   0: 0x8000a76a (0x00006f17) auipc   t5, 0x6
core   0: 3 0x8000a76a (0x00006f17) x30 0x8001076a
core   0: 0x8000a76e (0x883f2b23) sw      gp, -1898(t5)
core   0: 3 0x8000a76e (0x883f2b23) mem 0x80010000 0x00000001
core   0: 0x8000a772 (0x0000bfe5) c.j     pc - 8
core   0: 3 0x8000a772 (0xbfe5)
core   0: 0x8000a76a (0x00006f17) auipc   t5, 0x6
core   0: 3 0x8000a76a (0x00006f17) x30 0x8001076a
core   0: 0x8000a76e (0x883f2b23) sw      gp, -1898(t5)
core   0: 3 0x8000a76e (0x883f2b23) mem 0x80010000 0x00000001
core   0: 0x8000a772 (0x0000bfe5) c.j     pc - 8
core   0: 3 0x8000a772 (0xbfe5)
core   0: 0x8000a76a (0x00006f17) auipc   t5, 0x6
core   0: 3 0x8000a76a (0x00006f17) x30 0x8001076a
core   0: 0x8000a76e (0x883f2b23) sw      gp, -1898(t5)
core   0: 3 0x8000a76e (0x883f2b23) mem 0x80010000 0x00000001
core   0: 0x8000a772 (0x0000bfe5) c.j     pc - 8
core   0: 3 0x8000a772 (0xbfe5)
core   0: 0x8000a76a (0x00006f17) auipc   t5, 0x6
core   0: 3 0x8000a76a (0x00006f17) x30 0x8001076a
core   0: 0x8000a76e (0x883f2b23) sw      gp, -1898(t5)
core   0: 3 0x8000a76e (0x883f2b23) mem 0x80010000 0x00000001
core   0: 0x8000a772 (0x0000bfe5) c.j     pc - 8
core   0: 3 0x8000a772 (0xbfe5)
core   0: 0x8000a76a (0x00006f17) auipc   t5, 0x6
core   0: 3 0x8000a76a (0x00006f17) x30 0x8001076a
core   0: 0x8000a76e (0x883f2b23) sw      gp, -1898(t5)
core   0: 3 0x8000a76e (0x883f2b23) mem 0x80010000 0x00000001
core   0: 0x8000a772 (0x0000bfe5) c.j     pc - 8
core   0: 3 0x8000a772 (0xbfe5)
core   0: 0x8000a76a (0x00006f17) auipc   t5, 0x6
core   0: 3 0x8000a76a (0x00006f17) x30 0x8001076a
core   0: 0x8000a76e (0x883f2b23) sw      gp, -1898(t5)
core   0: 3 0x8000a76e (0x883f2b23) mem 0x80010000 0x00000001
core   0: 0x8000a772 (0x0000bfe5) c.j     pc - 8
core   0: 3 0x8000a772 (0xbfe5)
core   0: 0x8000a76a (0x00006f17) auipc   t5, 0x6
core   0: 3 0x8000a76a (0x00006f17) x30 0x8001076a
core   0: 0x8000a76e (0x883f2b23) sw      gp, -1898(t5)
core   0: 3 0x8000a76e (0x883f2b23) mem 0x80010000 0x00000001
core   0: 0x8000a772 (0x0000bfe5) c.j     pc - 8
core   0: 3 0x8000a772 (0xbfe5)
core   0: 0x8000a76a (0x00006f17) auipc   t5, 0x6
core   0: 3 0x8000a76a (0x00006f17) x30 0x8001076a
core   0: 0x8000a76e (0x883f2b23) sw      gp, -1898(t5)
core   0: 3 0x8000a76e (0x883f2b23) mem 0x80010000 0x00000001
core   0: 0x8000a772 (0x0000bfe5) c.j     pc - 8
core   0: 3 0x8000a772 (0xbfe5)
core   0: 0x8000a76a (0x00006f17) auipc   t5, 0x6
core   0: 3 0x8000a76a (0x00006f17) x30 0x8001076a
core   0: 0x8000a76e (0x883f2b23) sw      gp, -1898(t5)
core   0: 3 0x8000a76e (0x883f2b23) mem 0x80010000 0x00000001
core   0: 0x8000a772 (0x0000bfe5) c.j     pc - 8
core   0: 3 0x8000a772 (0xbfe5)
core   0: 0x8000a76a (0x00006f17) auipc   t5, 0x6
core   0: 3 0x8000a76a (0x00006f17) x30 0x8001076a
core   0: 0x8000a76e (0x883f2b23) sw      gp, -1898(t5)
core   0: 3 0x8000a76e (0x883f2b23) mem 0x80010000 0x00000001
core   0: 0x8000a772 (0x0000bfe5) c.j     pc - 8
core   0: 3 0x8000a772 (0xbfe5)
core   0: 0x8000a76a (0x00006f17) auipc   t5, 0x6
core   0: 3 0x8000a76a (0x00006f17) x30 0x8001076a
core   0: 0x8000a76e (0x883f2b23) sw      gp, -1898(t5)
core   0: 3 0x8000a76e (0x883f2b23) mem 0x80010000 0x00000001
core   0: 0x8000a772 (0x0000bfe5) c.j     pc - 8
core   0: 3 0x8000a772 (0xbfe5)
core   0: 0x8000a76a (0x00006f17) auipc   t5, 0x6
core   0: 3 0x8000a76a (0x00006f17) x30 0x8001076a
core   0: 0x8000a76e (0x883f2b23) sw      gp, -1898(t5)
core   0: 3 0x8000a76e (0x883f2b23) mem 0x80010000 0x00000001
core   0: 0x8000a772 (0x0000bfe5) c.j     pc - 8
core   0: 3 0x8000a772 (0xbfe5)
core   0: 0x8000a76a (0x00006f17) auipc   t5, 0x6
core   0: 3 0x8000a76a (0x00006f17) x30 0x8001076a
core   0: 0x8000a76e (0x883f2b23) sw      gp, -1898(t5)
core   0: 3 0x8000a76e (0x883f2b23) mem 0x80010000 0x00000001
core   0: 0x8000a772 (0x0000bfe5) c.j     pc - 8
core   0: 3 0x8000a772 (0xbfe5)
core   0: 0x8000a76a (0x00006f17) auipc   t5, 0x6
core   0: 3 0x8000a76a (0x00006f17) x30 0x8001076a
core   0: 0x8000a76e (0x883f2b23) sw      gp, -1898(t5)
core   0: 3 0x8000a76e (0x883f2b23) mem 0x80010000 0x00000001
core   0: 0x8000a772 (0x0000bfe5) c.j     pc - 8
core   0: 3 0x8000a772 (0xbfe5)
core   0: 0x8000a76a (0x00006f17) auipc   t5, 0x6
core   0: 3 0x8000a76a (0x00006f17) x30 0x8001076a
core   0: 0x8000a76e (0x883f2b23) sw      gp, -1898(t5)
core   0: 3 0x8000a76e (0x883f2b23) mem 0x80010000 0x00000001
core   0: 0x8000a772 (0x0000bfe5) c.j     pc - 8
core   0: 3 0x8000a772 (0xbfe5)
core   0: 0x8000a76a (0x00006f17) auipc   t5, 0x6
core   0: 3 0x8000a76a (0x00006f17) x30 0x8001076a
core   0: 0x8000a76e (0x883f2b23) sw      gp, -1898(t5)
core   0: 3 0x8000a76e (0x883f2b23) mem 0x80010000 0x00000001
core   0: 0x8000a772 (0x0000bfe5) c.j     pc - 8
core   0: 3 0x8000a772 (0xbfe5)
core   0: 0x8000a76a (0x00006f17) auipc   t5, 0x6
core   0: 3 0x8000a76a (0x00006f17) x30 0x8001076a
core   0: 0x8000a76e (0x883f2b23) sw      gp, -1898(t5)
core   0: 3 0x8000a76e (0x883f2b23) mem 0x80010000 0x00000001
core   0: 0x8000a772 (0x0000bfe5) c.j     pc - 8
core   0: 3 0x8000a772 (0xbfe5)
core   0: 0x8000a76a (0x00006f17) auipc   t5, 0x6
core   0: 3 0x8000a76a (0x00006f17) x30 0x8001076a
core   0: 0x8000a76e (0x883f2b23) sw      gp, -1898(t5)
core   0: 3 0x8000a76e (0x883f2b23) mem 0x80010000 0x00000001
core   0: 0x8000a772 (0x0000bfe5) c.j     pc - 8
core   0: 3 0x8000a772 (0xbfe5)
core   0: 0x8000a76a (0x00006f17) auipc   t5, 0x6
core   0: 3 0x8000a76a (0x00006f17) x30 0x8001076a
core   0: 0x8000a76e (0x883f2b23) sw      gp, -1898(t5)
core   0: 3 0x8000a76e (0x883f2b23) mem 0x80010000 0x00000001
core   0: 0x8000a772 (0x0000bfe5) c.j     pc - 8
core   0: 3 0x8000a772 (0xbfe5)
core   0: 0x8000a76a (0x00006f17) auipc   t5, 0x6
core   0: 3 0x8000a76a (0x00006f17) x30 0x8001076a
core   0: 0x8000a76e (0x883f2b23) sw      gp, -1898(t5)
core   0: 3 0x8000a76e (0x883f2b23) mem 0x80010000 0x00000001
core   0: 0x8000a772 (0x0000bfe5) c.j     pc - 8
core   0: 3 0x8000a772 (0xbfe5)
core   0: 0x8000a76a (0x00006f17) auipc   t5, 0x6
core   0: 3 0x8000a76a (0x00006f17) x30 0x8001076a
core   0: 0x8000a76e (0x883f2b23) sw      gp, -1898(t5)
core   0: 3 0x8000a76e (0x883f2b23) mem 0x80010000 0x00000001
core   0: 0x8000a772 (0x0000bfe5) c.j     pc - 8
core   0: 3 0x8000a772 (0xbfe5)
core   0: 0x8000a76a (0x00006f17) auipc   t5, 0x6
core   0: 3 0x8000a76a (0x00006f17) x30 0x8001076a
core   0: 0x8000a76e (0x883f2b23) sw      gp, -1898(t5)
core   0: 3 0x8000a76e (0x883f2b23) mem 0x80010000 0x00000001
core   0: 0x8000a772 (0x0000bfe5) c.j     pc - 8
core   0: 3 0x8000a772 (0xbfe5)
core   0: 0x8000a76a (0x00006f17) auipc   t5, 0x6
core   0: 3 0x8000a76a (0x00006f17) x30 0x8001076a
core   0: 0x8000a76e (0x883f2b23) sw      gp, -1898(t5)
core   0: 3 0x8000a76e (0x883f2b23) mem 0x80010000 0x00000001
core   0: 0x8000a772 (0x0000bfe5) c.j     pc - 8
core   0: 3 0x8000a772 (0xbfe5)
core   0: 0x8000a76a (0x00006f17) auipc   t5, 0x6
core   0: 3 0x8000a76a (0x00006f17) x30 0x8001076a
core   0: 0x8000a76e (0x883f2b23) sw      gp, -1898(t5)
core   0: 3 0x8000a76e (0x883f2b23) mem 0x80010000 0x00000001
core   0: 0x8000a772 (0x0000bfe5) c.j     pc - 8
core   0: 3 0x8000a772 (0xbfe5)
core   0: 0x8000a76a (0x00006f17) auipc   t5, 0x6
core   0: 3 0x8000a76a (0x00006f17) x30 0x8001076a
core   0: 0x8000a76e (0x883f2b23) sw      gp, -1898(t5)
core   0: 3 0x8000a76e (0x883f2b23) mem 0x80010000 0x00000001
core   0: 0x8000a772 (0x0000bfe5) c.j     pc - 8
core   0: 3 0x8000a772 (0xbfe5)
core   0: 0x8000a76a (0x00006f17) auipc   t5, 0x6
core   0: 3 0x8000a76a (0x00006f17) x30 0x8001076a
core   0: 0x8000a76e (0x883f2b23) sw      gp, -1898(t5)
core   0: 3 0x8000a76e (0x883f2b23) mem 0x80010000 0x00000001
core   0: 0x8000a772 (0x0000bfe5) c.j     pc - 8
core   0: 3 0x8000a772 (0xbfe5)
core   0: 0x8000a76a (0x00006f17) auipc   t5, 0x6
core   0: 3 0x8000a76a (0x00006f17) x30 0x8001076a
core   0: 0x8000a76e (0x883f2b23) sw      gp, -1898(t5)
core   0: 3 0x8000a76e (0x883f2b23) mem 0x80010000 0x00000001
core   0: 0x8000a772 (0x0000bfe5) c.j     pc - 8
core   0: 3 0x8000a772 (0xbfe5)
core   0: 0x8000a76a (0x00006f17) auipc   t5, 0x6
core   0: 3 0x8000a76a (0x00006f17) x30 0x8001076a
core   0: 0x8000a76e (0x883f2b23) sw      gp, -1898(t5)
core   0: 3 0x8000a76e (0x883f2b23) mem 0x80010000 0x00000001
core   0: 0x8000a772 (0x0000bfe5) c.j     pc - 8
core   0: 3 0x8000a772 (0xbfe5)
core   0: 0x8000a76a (0x00006f17) auipc   t5, 0x6
core   0: 3 0x8000a76a (0x00006f17) x30 0x8001076a
core   0: 0x8000a76e (0x883f2b23) sw      gp, -1898(t5)
core   0: 3 0x8000a76e (0x883f2b23) mem 0x80010000 0x00000001
core   0: 0x8000a772 (0x0000bfe5) c.j     pc - 8
core   0: 3 0x8000a772 (0xbfe5)
core   0: 0x8000a76a (0x00006f17) auipc   t5, 0x6
core   0: 3 0x8000a76a (0x00006f17) x30 0x8001076a
core   0: 0x8000a76e (0x883f2b23) sw      gp, -1898(t5)
core   0: 3 0x8000a76e (0x883f2b23) mem 0x80010000 0x00000001
core   0: 0x8000a772 (0x0000bfe5) c.j     pc - 8
core   0: 3 0x8000a772 (0xbfe5)
core   0: 0x8000a76a (0x00006f17) auipc   t5, 0x6
core   0: 3 0x8000a76a (0x00006f17) x30 0x8001076a
core   0: 0x8000a76e (0x883f2b23) sw      gp, -1898(t5)
core   0: 3 0x8000a76e (0x883f2b23) mem 0x80010000 0x00000001
core   0: 0x8000a772 (0x0000bfe5) c.j     pc - 8
core   0: 3 0x8000a772 (0xbfe5)
core   0: 0x8000a76a (0x00006f17) auipc   t5, 0x6
core   0: 3 0x8000a76a (0x00006f17) x30 0x8001076a
core   0: 0x8000a76e (0x883f2b23) sw      gp, -1898(t5)
core   0: 3 0x8000a76e (0x883f2b23) mem 0x80010000 0x00000001
core   0: 0x8000a772 (0x0000bfe5) c.j     pc - 8
core   0: 3 0x8000a772 (0xbfe5)
core   0: 0x8000a76a (0x00006f17) auipc   t5, 0x6
core   0: 3 0x8000a76a (0x00006f17) x30 0x8001076a
core   0: 0x8000a76e (0x883f2b23) sw      gp, -1898(t5)
core   0: 3 0x8000a76e (0x883f2b23) mem 0x80010000 0x00000001
core   0: 0x8000a772 (0x0000bfe5) c.j     pc - 8
core   0: 3 0x8000a772 (0xbfe5)
core   0: 0x8000a76a (0x00006f17) auipc   t5, 0x6
core   0: 3 0x8000a76a (0x00006f17) x30 0x8001076a
core   0: 0x8000a76e (0x883f2b23) sw      gp, -1898(t5)
core   0: 3 0x8000a76e (0x883f2b23) mem 0x80010000 0x00000001
core   0: 0x8000a772 (0x0000bfe5) c.j     pc - 8
core   0: 3 0x8000a772 (0xbfe5)
core   0: 0x8000a76a (0x00006f17) auipc   t5, 0x6
core   0: 3 0x8000a76a (0x00006f17) x30 0x8001076a
core   0: 0x8000a76e (0x883f2b23) sw      gp, -1898(t5)
core   0: 3 0x8000a76e (0x883f2b23) mem 0x80010000 0x00000001
core   0: 0x8000a772 (0x0000bfe5) c.j     pc - 8
core   0: 3 0x8000a772 (0xbfe5)
core   0: 0x8000a76a (0x00006f17) auipc   t5, 0x6
core   0: 3 0x8000a76a (0x00006f17) x30 0x8001076a
core   0: 0x8000a76e (0x883f2b23) sw      gp, -1898(t5)
core   0: 3 0x8000a76e (0x883f2b23) mem 0x80010000 0x00000001
core   0: 0x8000a772 (0x0000bfe5) c.j     pc - 8
core   0: 3 0x8000a772 (0xbfe5)
core   0: 0x8000a76a (0x00006f17) auipc   t5, 0x6
core   0: 3 0x8000a76a (0x00006f17) x30 0x8001076a
core   0: 0x8000a76e (0x883f2b23) sw      gp, -1898(t5)
core   0: 3 0x8000a76e (0x883f2b23) mem 0x80010000 0x00000001
core   0: 0x8000a772 (0x0000bfe5) c.j     pc - 8
core   0: 3 0x8000a772 (0xbfe5)
core   0: 0x8000a76a (0x00006f17) auipc   t5, 0x6
core   0: 3 0x8000a76a (0x00006f17) x30 0x8001076a
core   0: 0x8000a76e (0x883f2b23) sw      gp, -1898(t5)
core   0: 3 0x8000a76e (0x883f2b23) mem 0x80010000 0x00000001
core   0: 0x8000a772 (0x0000bfe5) c.j     pc - 8
core   0: 3 0x8000a772 (0xbfe5)
core   0: 0x8000a76a (0x00006f17) auipc   t5, 0x6
core   0: 3 0x8000a76a (0x00006f17) x30 0x8001076a
core   0: 0x8000a76e (0x883f2b23) sw      gp, -1898(t5)
core   0: 3 0x8000a76e (0x883f2b23) mem 0x80010000 0x00000001
core   0: 0x8000a772 (0x0000bfe5) c.j     pc - 8
core   0: 3 0x8000a772 (0xbfe5)
core   0: 0x8000a76a (0x00006f17) auipc   t5, 0x6
core   0: 3 0x8000a76a (0x00006f17) x30 0x8001076a
core   0: 0x8000a76e (0x883f2b23) sw      gp, -1898(t5)
core   0: 3 0x8000a76e (0x883f2b23) mem 0x80010000 0x00000001
core   0: 0x8000a772 (0x0000bfe5) c.j     pc - 8
core   0: 3 0x8000a772 (0xbfe5)
core   0: 0x8000a76a (0x00006f17) auipc   t5, 0x6
core   0: 3 0x8000a76a (0x00006f17) x30 0x8001076a
core   0: 0x8000a76e (0x883f2b23) sw      gp, -1898(t5)
core   0: 3 0x8000a76e (0x883f2b23) mem 0x80010000 0x00000001
core   0: 0x8000a772 (0x0000bfe5) c.j     pc - 8
core   0: 3 0x8000a772 (0xbfe5)
core   0: 0x8000a76a (0x00006f17) auipc   t5, 0x6
core   0: 3 0x8000a76a (0x00006f17) x30 0x8001076a
core   0: 0x8000a76e (0x883f2b23) sw      gp, -1898(t5)
core   0: 3 0x8000a76e (0x883f2b23) mem 0x80010000 0x00000001
core   0: 0x8000a772 (0x0000bfe5) c.j     pc - 8
core   0: 3 0x8000a772 (0xbfe5)
core   0: 0x8000a76a (0x00006f17) auipc   t5, 0x6
core   0: 3 0x8000a76a (0x00006f17) x30 0x8001076a
core   0: 0x8000a76e (0x883f2b23) sw      gp, -1898(t5)
core   0: 3 0x8000a76e (0x883f2b23) mem 0x80010000 0x00000001
core   0: 0x8000a772 (0x0000bfe5) c.j     pc - 8
core   0: 3 0x8000a772 (0xbfe5)
core   0: 0x8000a76a (0x00006f17) auipc   t5, 0x6
core   0: 3 0x8000a76a (0x00006f17) x30 0x8001076a
core   0: 0x8000a76e (0x883f2b23) sw      gp, -1898(t5)
core   0: 3 0x8000a76e (0x883f2b23) mem 0x80010000 0x00000001
core   0: 0x8000a772 (0x0000bfe5) c.j     pc - 8
core   0: 3 0x8000a772 (0xbfe5)
core   0: 0x8000a76a (0x00006f17) auipc   t5, 0x6
core   0: 3 0x8000a76a (0x00006f17) x30 0x8001076a
core   0: 0x8000a76e (0x883f2b23) sw      gp, -1898(t5)
core   0: 3 0x8000a76e (0x883f2b23) mem 0x80010000 0x00000001
core   0: 0x8000a772 (0x0000bfe5) c.j     pc - 8
core   0: 3 0x8000a772 (0xbfe5)
core   0: 0x8000a76a (0x00006f17) auipc   t5, 0x6
core   0: 3 0x8000a76a (0x00006f17) x30 0x8001076a
core   0: 0x8000a76e (0x883f2b23) sw      gp, -1898(t5)
core   0: 3 0x8000a76e (0x883f2b23) mem 0x80010000 0x00000001
core   0: 0x8000a772 (0x0000bfe5) c.j     pc - 8
core   0: 3 0x8000a772 (0xbfe5)
core   0: 0x8000a76a (0x00006f17) auipc   t5, 0x6
core   0: 3 0x8000a76a (0x00006f17) x30 0x8001076a
core   0: 0x8000a76e (0x883f2b23) sw      gp, -1898(t5)
core   0: 3 0x8000a76e (0x883f2b23) mem 0x80010000 0x00000001
core   0: 0x8000a772 (0x0000bfe5) c.j     pc - 8
core   0: 3 0x8000a772 (0xbfe5)
core   0: 0x8000a76a (0x00006f17) auipc   t5, 0x6
core   0: 3 0x8000a76a (0x00006f17) x30 0x8001076a
core   0: 0x8000a76e (0x883f2b23) sw      gp, -1898(t5)
core   0: 3 0x8000a76e (0x883f2b23) mem 0x80010000 0x00000001
core   0: 0x8000a772 (0x0000bfe5) c.j     pc - 8
core   0: 3 0x8000a772 (0xbfe5)
core   0: 0x8000a76a (0x00006f17) auipc   t5, 0x6
core   0: 3 0x8000a76a (0x00006f17) x30 0x8001076a
core   0: 0x8000a76e (0x883f2b23) sw      gp, -1898(t5)
core   0: 3 0x8000a76e (0x883f2b23) mem 0x80010000 0x00000001
core   0: 0x8000a772 (0x0000bfe5) c.j     pc - 8
core   0: 3 0x8000a772 (0xbfe5)
core   0: 0x8000a76a (0x00006f17) auipc   t5, 0x6
core   0: 3 0x8000a76a (0x00006f17) x30 0x8001076a
core   0: 0x8000a76e (0x883f2b23) sw      gp, -1898(t5)
core   0: 3 0x8000a76e (0x883f2b23) mem 0x80010000 0x00000001
core   0: 0x8000a772 (0x0000bfe5) c.j     pc - 8
core   0: 3 0x8000a772 (0xbfe5)
core   0: 0x8000a76a (0x00006f17) auipc   t5, 0x6
core   0: 3 0x8000a76a (0x00006f17) x30 0x8001076a
core   0: 0x8000a76e (0x883f2b23) sw      gp, -1898(t5)
core   0: 3 0x8000a76e (0x883f2b23) mem 0x80010000 0x00000001
core   0: 0x8000a772 (0x0000bfe5) c.j     pc - 8
core   0: 3 0x8000a772 (0xbfe5)
core   0: 0x8000a76a (0x00006f17) auipc   t5, 0x6
core   0: 3 0x8000a76a (0x00006f17) x30 0x8001076a
core   0: 0x8000a76e (0x883f2b23) sw      gp, -1898(t5)
core   0: 3 0x8000a76e (0x883f2b23) mem 0x80010000 0x00000001
core   0: 0x8000a772 (0x0000bfe5) c.j     pc - 8
core   0: 3 0x8000a772 (0xbfe5)
core   0: 0x8000a76a (0x00006f17) auipc   t5, 0x6
core   0: 3 0x8000a76a (0x00006f17) x30 0x8001076a
core   0: 0x8000a76e (0x883f2b23) sw      gp, -1898(t5)
core   0: 3 0x8000a76e (0x883f2b23) mem 0x80010000 0x00000001
core   0: 0x8000a772 (0x0000bfe5) c.j     pc - 8
core   0: 3 0x8000a772 (0xbfe5)
core   0: 0x8000a76a (0x00006f17) auipc   t5, 0x6
core   0: 3 0x8000a76a (0x00006f17) x30 0x8001076a
core   0: 0x8000a76e (0x883f2b23) sw      gp, -1898(t5)
core   0: 3 0x8000a76e (0x883f2b23) mem 0x80010000 0x00000001
core   0: 0x8000a772 (0x0000bfe5) c.j     pc - 8
core   0: 3 0x8000a772 (0xbfe5)
core   0: 0x8000a76a (0x00006f17) auipc   t5, 0x6
core   0: 3 0x8000a76a (0x00006f17) x30 0x8001076a
core   0: 0x8000a76e (0x883f2b23) sw      gp, -1898(t5)
core   0: 3 0x8000a76e (0x883f2b23) mem 0x80010000 0x00000001
core   0: 0x8000a772 (0x0000bfe5) c.j     pc - 8
core   0: 3 0x8000a772 (0xbfe5)
core   0: 0x8000a76a (0x00006f17) auipc   t5, 0x6
core   0: 3 0x8000a76a (0x00006f17) x30 0x8001076a
core   0: 0x8000a76e (0x883f2b23) sw      gp, -1898(t5)
core   0: 3 0x8000a76e (0x883f2b23) mem 0x80010000 0x00000001
core   0: 0x8000a772 (0x0000bfe5) c.j     pc - 8
core   0: 3 0x8000a772 (0xbfe5)
core   0: 0x8000a76a (0x00006f17) auipc   t5, 0x6
core   0: 3 0x8000a76a (0x00006f17) x30 0x8001076a
core   0: 0x8000a76e (0x883f2b23) sw      gp, -1898(t5)
core   0: 3 0x8000a76e (0x883f2b23) mem 0x80010000 0x00000001
core   0: 0x8000a772 (0x0000bfe5) c.j     pc - 8
core   0: 3 0x8000a772 (0xbfe5)
core   0: 0x8000a76a (0x00006f17) auipc   t5, 0x6
core   0: 3 0x8000a76a (0x00006f17) x30 0x8001076a
core   0: 0x8000a76e (0x883f2b23) sw      gp, -1898(t5)
core   0: 3 0x8000a76e (0x883f2b23) mem 0x80010000 0x00000001
core   0: 0x8000a772 (0x0000bfe5) c.j     pc - 8
core   0: 3 0x8000a772 (0xbfe5)
core   0: 0x8000a76a (0x00006f17) auipc   t5, 0x6
core   0: 3 0x8000a76a (0x00006f17) x30 0x8001076a
core   0: 0x8000a76e (0x883f2b23) sw      gp, -1898(t5)
core   0: 3 0x8000a76e (0x883f2b23) mem 0x80010000 0x00000001
core   0: 0x8000a772 (0x0000bfe5) c.j     pc - 8
core   0: 3 0x8000a772 (0xbfe5)
core   0: 0x8000a76a (0x00006f17) auipc   t5, 0x6
core   0: 3 0x8000a76a (0x00006f17) x30 0x8001076a
core   0: 0x8000a76e (0x883f2b23) sw      gp, -1898(t5)
core   0: 3 0x8000a76e (0x883f2b23) mem 0x80010000 0x00000001
core   0: 0x8000a772 (0x0000bfe5) c.j     pc - 8
core   0: 3 0x8000a772 (0xbfe5)
core   0: 0x8000a76a (0x00006f17) auipc   t5, 0x6
core   0: 3 0x8000a76a (0x00006f17) x30 0x8001076a
core   0: 0x8000a76e (0x883f2b23) sw      gp, -1898(t5)
core   0: 3 0x8000a76e (0x883f2b23) mem 0x80010000 0x00000001
core   0: 0x8000a772 (0x0000bfe5) c.j     pc - 8
core   0: 3 0x8000a772 (0xbfe5)
core   0: 0x8000a76a (0x00006f17) auipc   t5, 0x6
core   0: 3 0x8000a76a (0x00006f17) x30 0x8001076a
core   0: 0x8000a76e (0x883f2b23) sw      gp, -1898(t5)
core   0: 3 0x8000a76e (0x883f2b23) mem 0x80010000 0x00000001
core   0: 0x8000a772 (0x0000bfe5) c.j     pc - 8
core   0: 3 0x8000a772 (0xbfe5)
core   0: 0x8000a76a (0x00006f17) auipc   t5, 0x6
core   0: 3 0x8000a76a (0x00006f17) x30 0x8001076a
core   0: 0x8000a76e (0x883f2b23) sw      gp, -1898(t5)
core   0: 3 0x8000a76e (0x883f2b23) mem 0x80010000 0x00000001
core   0: 0x8000a772 (0x0000bfe5) c.j     pc - 8
core   0: 3 0x8000a772 (0xbfe5)
core   0: 0x8000a76a (0x00006f17) auipc   t5, 0x6
core   0: 3 0x8000a76a (0x00006f17) x30 0x8001076a
core   0: 0x8000a76e (0x883f2b23) sw      gp, -1898(t5)
core   0: 3 0x8000a76e (0x883f2b23) mem 0x80010000 0x00000001
core   0: 0x8000a772 (0x0000bfe5) c.j     pc - 8
core   0: 3 0x8000a772 (0xbfe5)
core   0: 0x8000a76a (0x00006f17) auipc   t5, 0x6
core   0: 3 0x8000a76a (0x00006f17) x30 0x8001076a
core   0: 0x8000a76e (0x883f2b23) sw      gp, -1898(t5)
core   0: 3 0x8000a76e (0x883f2b23) mem 0x80010000 0x00000001
core   0: 0x8000a772 (0x0000bfe5) c.j     pc - 8
core   0: 3 0x8000a772 (0xbfe5)
core   0: 0x8000a76a (0x00006f17) auipc   t5, 0x6
core   0: 3 0x8000a76a (0x00006f17) x30 0x8001076a
core   0: 0x8000a76e (0x883f2b23) sw      gp, -1898(t5)
core   0: 3 0x8000a76e (0x883f2b23) mem 0x80010000 0x00000001
core   0: 0x8000a772 (0x0000bfe5) c.j     pc - 8
core   0: 3 0x8000a772 (0xbfe5)
core   0: 0x8000a76a (0x00006f17) auipc   t5, 0x6
core   0: 3 0x8000a76a (0x00006f17) x30 0x8001076a
core   0: 0x8000a76e (0x883f2b23) sw      gp, -1898(t5)
core   0: 3 0x8000a76e (0x883f2b23) mem 0x80010000 0x00000001
core   0: 0x8000a772 (0x0000bfe5) c.j     pc - 8
core   0: 3 0x8000a772 (0xbfe5)
core   0: 0x8000a76a (0x00006f17) auipc   t5, 0x6
core   0: 3 0x8000a76a (0x00006f17) x30 0x8001076a
core   0: 0x8000a76e (0x883f2b23) sw      gp, -1898(t5)
core   0: 3 0x8000a76e (0x883f2b23) mem 0x80010000 0x00000001
core   0: 0x8000a772 (0x0000bfe5) c.j     pc - 8
core   0: 3 0x8000a772 (0xbfe5)
core   0: 0x8000a76a (0x00006f17) auipc   t5, 0x6
core   0: 3 0x8000a76a (0x00006f17) x30 0x8001076a
core   0: 0x8000a76e (0x883f2b23) sw      gp, -1898(t5)
core   0: 3 0x8000a76e (0x883f2b23) mem 0x80010000 0x00000001
core   0: 0x8000a772 (0x0000bfe5) c.j     pc - 8
core   0: 3 0x8000a772 (0xbfe5)
core   0: 0x8000a76a (0x00006f17) auipc   t5, 0x6
core   0: 3 0x8000a76a (0x00006f17) x30 0x8001076a
core   0: 0x8000a76e (0x883f2b23) sw      gp, -1898(t5)
core   0: 3 0x8000a76e (0x883f2b23) mem 0x80010000 0x00000001
core   0: 0x8000a772 (0x0000bfe5) c.j     pc - 8
core   0: 3 0x8000a772 (0xbfe5)
core   0: 0x8000a76a (0x00006f17) auipc   t5, 0x6
core   0: 3 0x8000a76a (0x00006f17) x30 0x8001076a
core   0: 0x8000a76e (0x883f2b23) sw      gp, -1898(t5)
core   0: 3 0x8000a76e (0x883f2b23) mem 0x80010000 0x00000001
core   0: 0x8000a772 (0x0000bfe5) c.j     pc - 8
core   0: 3 0x8000a772 (0xbfe5)
core   0: 0x8000a76a (0x00006f17) auipc   t5, 0x6
core   0: 3 0x8000a76a (0x00006f17) x30 0x8001076a
core   0: 0x8000a76e (0x883f2b23) sw      gp, -1898(t5)
core   0: 3 0x8000a76e (0x883f2b23) mem 0x80010000 0x00000001
core   0: 0x8000a772 (0x0000bfe5) c.j     pc - 8
core   0: 3 0x8000a772 (0xbfe5)
core   0: 0x8000a76a (0x00006f17) auipc   t5, 0x6
core   0: 3 0x8000a76a (0x00006f17) x30 0x8001076a
core   0: 0x8000a76e (0x883f2b23) sw      gp, -1898(t5)
core   0: 3 0x8000a76e (0x883f2b23) mem 0x80010000 0x00000001
core   0: 0x8000a772 (0x0000bfe5) c.j     pc - 8
core   0: 3 0x8000a772 (0xbfe5)
core   0: 0x8000a76a (0x00006f17) auipc   t5, 0x6
core   0: 3 0x8000a76a (0x00006f17) x30 0x8001076a
core   0: 0x8000a76e (0x883f2b23) sw      gp, -1898(t5)
core   0: 3 0x8000a76e (0x883f2b23) mem 0x80010000 0x00000001
core   0: 0x8000a772 (0x0000bfe5) c.j     pc - 8
core   0: 3 0x8000a772 (0xbfe5)
core   0: 0x8000a76a (0x00006f17) auipc   t5, 0x6
core   0: 3 0x8000a76a (0x00006f17) x30 0x8001076a
core   0: 0x8000a76e (0x883f2b23) sw      gp, -1898(t5)
core   0: 3 0x8000a76e (0x883f2b23) mem 0x80010000 0x00000001
core   0: 0x8000a772 (0x0000bfe5) c.j     pc - 8
core   0: 3 0x8000a772 (0xbfe5)
core   0: 0x8000a76a (0x00006f17) auipc   t5, 0x6
core   0: 3 0x8000a76a (0x00006f17) x30 0x8001076a
core   0: 0x8000a76e (0x883f2b23) sw      gp, -1898(t5)
core   0: 3 0x8000a76e (0x883f2b23) mem 0x80010000 0x00000001
core   0: 0x8000a772 (0x0000bfe5) c.j     pc - 8
core   0: 3 0x8000a772 (0xbfe5)
core   0: 0x8000a76a (0x00006f17) auipc   t5, 0x6
core   0: 3 0x8000a76a (0x00006f17) x30 0x8001076a
core   0: 0x8000a76e (0x883f2b23) sw      gp, -1898(t5)
core   0: 3 0x8000a76e (0x883f2b23) mem 0x80010000 0x00000001
core   0: 0x8000a772 (0x0000bfe5) c.j     pc - 8
core   0: 3 0x8000a772 (0xbfe5)
core   0: 0x8000a76a (0x00006f17) auipc   t5, 0x6
core   0: 3 0x8000a76a (0x00006f17) x30 0x8001076a
core   0: 0x8000a76e (0x883f2b23) sw      gp, -1898(t5)
core   0: 3 0x8000a76e (0x883f2b23) mem 0x80010000 0x00000001
core   0: 0x8000a772 (0x0000bfe5) c.j     pc - 8
core   0: 3 0x8000a772 (0xbfe5)
core   0: 0x8000a76a (0x00006f17) auipc   t5, 0x6
core   0: 3 0x8000a76a (0x00006f17) x30 0x8001076a
core   0: 0x8000a76e (0x883f2b23) sw      gp, -1898(t5)
core   0: 3 0x8000a76e (0x883f2b23) mem 0x80010000 0x00000001
core   0: 0x8000a772 (0x0000bfe5) c.j     pc - 8
core   0: 3 0x8000a772 (0xbfe5)
core   0: 0x8000a76a (0x00006f17) auipc   t5, 0x6
core   0: 3 0x8000a76a (0x00006f17) x30 0x8001076a
core   0: 0x8000a76e (0x883f2b23) sw      gp, -1898(t5)
core   0: 3 0x8000a76e (0x883f2b23) mem 0x80010000 0x00000001
core   0: 0x8000a772 (0x0000bfe5) c.j     pc - 8
core   0: 3 0x8000a772 (0xbfe5)
core   0: 0x8000a76a (0x00006f17) auipc   t5, 0x6
core   0: 3 0x8000a76a (0x00006f17) x30 0x8001076a
core   0: 0x8000a76e (0x883f2b23) sw      gp, -1898(t5)
core   0: 3 0x8000a76e (0x883f2b23) mem 0x80010000 0x00000001
core   0: 0x8000a772 (0x0000bfe5) c.j     pc - 8
core   0: 3 0x8000a772 (0xbfe5)
core   0: 0x8000a76a (0x00006f17) auipc   t5, 0x6
core   0: 3 0x8000a76a (0x00006f17) x30 0x8001076a
core   0: 0x8000a76e (0x883f2b23) sw      gp, -1898(t5)
core   0: 3 0x8000a76e (0x883f2b23) mem 0x80010000 0x00000001
core   0: 0x8000a772 (0x0000bfe5) c.j     pc - 8
core   0: 3 0x8000a772 (0xbfe5)
core   0: 0x8000a76a (0x00006f17) auipc   t5, 0x6
core   0: 3 0x8000a76a (0x00006f17) x30 0x8001076a
core   0: 0x8000a76e (0x883f2b23) sw      gp, -1898(t5)
core   0: 3 0x8000a76e (0x883f2b23) mem 0x80010000 0x00000001
core   0: 0x8000a772 (0x0000bfe5) c.j     pc - 8
core   0: 3 0x8000a772 (0xbfe5)
core   0: 0x8000a76a (0x00006f17) auipc   t5, 0x6
core   0: 3 0x8000a76a (0x00006f17) x30 0x8001076a
core   0: 0x8000a76e (0x883f2b23) sw      gp, -1898(t5)
core   0: 3 0x8000a76e (0x883f2b23) mem 0x80010000 0x00000001
core   0: 0x8000a772 (0x0000bfe5) c.j     pc - 8
core   0: 3 0x8000a772 (0xbfe5)
core   0: 0x8000a76a (0x00006f17) auipc   t5, 0x6
core   0: 3 0x8000a76a (0x00006f17) x30 0x8001076a
core   0: 0x8000a76e (0x883f2b23) sw      gp, -1898(t5)
core   0: 3 0x8000a76e (0x883f2b23) mem 0x80010000 0x00000001
core   0: 0x8000a772 (0x0000bfe5) c.j     pc - 8
core   0: 3 0x8000a772 (0xbfe5)
core   0: 0x8000a76a (0x00006f17) auipc   t5, 0x6
core   0: 3 0x8000a76a (0x00006f17) x30 0x8001076a
core   0: 0x8000a76e (0x883f2b23) sw      gp, -1898(t5)
core   0: 3 0x8000a76e (0x883f2b23) mem 0x80010000 0x00000001
core   0: 0x8000a772 (0x0000bfe5) c.j     pc - 8
core   0: 3 0x8000a772 (0xbfe5)
core   0: 0x8000a76a (0x00006f17) auipc   t5, 0x6
core   0: 3 0x8000a76a (0x00006f17) x30 0x8001076a
core   0: 0x8000a76e (0x883f2b23) sw      gp, -1898(t5)
core   0: 3 0x8000a76e (0x883f2b23) mem 0x80010000 0x00000001
core   0: 0x8000a772 (0x0000bfe5) c.j     pc - 8
core   0: 3 0x8000a772 (0xbfe5)
core   0: 0x8000a76a (0x00006f17) auipc   t5, 0x6
core   0: 3 0x8000a76a (0x00006f17) x30 0x8001076a
core   0: 0x8000a76e (0x883f2b23) sw      gp, -1898(t5)
core   0: 3 0x8000a76e (0x883f2b23) mem 0x80010000 0x00000001
core   0: 0x8000a772 (0x0000bfe5) c.j     pc - 8
core   0: 3 0x8000a772 (0xbfe5)
core   0: 0x8000a76a (0x00006f17) auipc   t5, 0x6
core   0: 3 0x8000a76a (0x00006f17) x30 0x8001076a
core   0: 0x8000a76e (0x883f2b23) sw      gp, -1898(t5)
core   0: 3 0x8000a76e (0x883f2b23) mem 0x80010000 0x00000001
core   0: 0x8000a772 (0x0000bfe5) c.j     pc - 8
core   0: 3 0x8000a772 (0xbfe5)
core   0: 0x8000a76a (0x00006f17) auipc   t5, 0x6
core   0: 3 0x8000a76a (0x00006f17) x30 0x8001076a
core   0: 0x8000a76e (0x883f2b23) sw      gp, -1898(t5)
core   0: 3 0x8000a76e (0x883f2b23) mem 0x80010000 0x00000001
core   0: 0x8000a772 (0x0000bfe5) c.j     pc - 8
core   0: 3 0x8000a772 (0xbfe5)
core   0: 0x8000a76a (0x00006f17) auipc   t5, 0x6
core   0: 3 0x8000a76a (0x00006f17) x30 0x8001076a
core   0: 0x8000a76e (0x883f2b23) sw      gp, -1898(t5)
core   0: 3 0x8000a76e (0x883f2b23) mem 0x80010000 0x00000001
core   0: 0x8000a772 (0x0000bfe5) c.j     pc - 8
core   0: 3 0x8000a772 (0xbfe5)
core   0: 0x8000a76a (0x00006f17) auipc   t5, 0x6
core   0: 3 0x8000a76a (0x00006f17) x30 0x8001076a
core   0: 0x8000a76e (0x883f2b23) sw      gp, -1898(t5)
core   0: 3 0x8000a76e (0x883f2b23) mem 0x80010000 0x00000001
core   0: 0x8000a772 (0x0000bfe5) c.j     pc - 8
core   0: 3 0x8000a772 (0xbfe5)
core   0: 0x8000a76a (0x00006f17) auipc   t5, 0x6
core   0: 3 0x8000a76a (0x00006f17) x30 0x8001076a
core   0: 0x8000a76e (0x883f2b23) sw      gp, -1898(t5)
core   0: 3 0x8000a76e (0x883f2b23) mem 0x80010000 0x00000001
core   0: 0x8000a772 (0x0000bfe5) c.j     pc - 8
core   0: 3 0x8000a772 (0xbfe5)
core   0: 0x8000a76a (0x00006f17) auipc   t5, 0x6
core   0: 3 0x8000a76a (0x00006f17) x30 0x8001076a
core   0: 0x8000a76e (0x883f2b23) sw      gp, -1898(t5)
core   0: 3 0x8000a76e (0x883f2b23) mem 0x80010000 0x00000001
core   0: 0x8000a772 (0x0000bfe5) c.j     pc - 8
core   0: 3 0x8000a772 (0xbfe5)
core   0: 0x8000a76a (0x00006f17) auipc   t5, 0x6
core   0: 3 0x8000a76a (0x00006f17) x30 0x8001076a
core   0: 0x8000a76e (0x883f2b23) sw      gp, -1898(t5)
core   0: 3 0x8000a76e (0x883f2b23) mem 0x80010000 0x00000001
core   0: 0x8000a772 (0x0000bfe5) c.j     pc - 8
core   0: 3 0x8000a772 (0xbfe5)
core   0: 0x8000a76a (0x00006f17) auipc   t5, 0x6
core   0: 3 0x8000a76a (0x00006f17) x30 0x8001076a
core   0: 0x8000a76e (0x883f2b23) sw      gp, -1898(t5)
core   0: 3 0x8000a76e (0x883f2b23) mem 0x80010000 0x00000001
core   0: 0x8000a772 (0x0000bfe5) c.j     pc - 8
core   0: 3 0x8000a772 (0xbfe5)
core   0: 0x8000a76a (0x00006f17) auipc   t5, 0x6
core   0: 3 0x8000a76a (0x00006f17) x30 0x8001076a
core   0: 0x8000a76e (0x883f2b23) sw      gp, -1898(t5)
core   0: 3 0x8000a76e (0x883f2b23) mem 0x80010000 0x00000001
core   0: 0x8000a772 (0x0000bfe5) c.j     pc - 8
core   0: 3 0x8000a772 (0xbfe5)
core   0: 0x8000a76a (0x00006f17) auipc   t5, 0x6
core   0: 3 0x8000a76a (0x00006f17) x30 0x8001076a
core   0: 0x8000a76e (0x883f2b23) sw      gp, -1898(t5)
core   0: 3 0x8000a76e (0x883f2b23) mem 0x80010000 0x00000001
core   0: 0x8000a772 (0x0000bfe5) c.j     pc - 8
core   0: 3 0x8000a772 (0xbfe5)
core   0: 0x8000a76a (0x00006f17) auipc   t5, 0x6
core   0: 3 0x8000a76a (0x00006f17) x30 0x8001076a
core   0: 0x8000a76e (0x883f2b23) sw      gp, -1898(t5)
core   0: 3 0x8000a76e (0x883f2b23) mem 0x80010000 0x00000001
core   0: 0x8000a772 (0x0000bfe5) c.j     pc - 8
core   0: 3 0x8000a772 (0xbfe5)
core   0: 0x8000a76a (0x00006f17) auipc   t5, 0x6
core   0: 3 0x8000a76a (0x00006f17) x30 0x8001076a
core   0: 0x8000a76e (0x883f2b23) sw      gp, -1898(t5)
core   0: 3 0x8000a76e (0x883f2b23) mem 0x80010000 0x00000001
core   0: 0x8000a772 (0x0000bfe5) c.j     pc - 8
core   0: 3 0x8000a772 (0xbfe5)
core   0: 0x8000a76a (0x00006f17) auipc   t5, 0x6
core   0: 3 0x8000a76a (0x00006f17) x30 0x8001076a
core   0: 0x8000a76e (0x883f2b23) sw      gp, -1898(t5)
core   0: 3 0x8000a76e (0x883f2b23) mem 0x80010000 0x00000001
core   0: 0x8000a772 (0x0000bfe5) c.j     pc - 8
core   0: 3 0x8000a772 (0xbfe5)
core   0: 0x8000a76a (0x00006f17) auipc   t5, 0x6
core   0: 3 0x8000a76a (0x00006f17) x30 0x8001076a
core   0: 0x8000a76e (0x883f2b23) sw      gp, -1898(t5)
core   0: 3 0x8000a76e (0x883f2b23) mem 0x80010000 0x00000001
core   0: 0x8000a772 (0x0000bfe5) c.j     pc - 8
core   0: 3 0x8000a772 (0xbfe5)
core   0: 0x8000a76a (0x00006f17) auipc   t5, 0x6
core   0: 3 0x8000a76a (0x00006f17) x30 0x8001076a
core   0: 0x8000a76e (0x883f2b23) sw      gp, -1898(t5)
core   0: 3 0x8000a76e (0x883f2b23) mem 0x80010000 0x00000001
core   0: 0x8000a772 (0x0000bfe5) c.j     pc - 8
core   0: 3 0x8000a772 (0xbfe5)
core   0: 0x8000a76a (0x00006f17) auipc   t5, 0x6
core   0: 3 0x8000a76a (0x00006f17) x30 0x8001076a
core   0: 0x8000a76e (0x883f2b23) sw      gp, -1898(t5)
core   0: 3 0x8000a76e (0x883f2b23) mem 0x80010000 0x00000001
core   0: 0x8000a772 (0x0000bfe5) c.j     pc - 8
core   0: 3 0x8000a772 (0xbfe5)
core   0: 0x8000a76a (0x00006f17) auipc   t5, 0x6
core   0: 3 0x8000a76a (0x00006f17) x30 0x8001076a
core   0: 0x8000a76e (0x883f2b23) sw      gp, -1898(t5)
core   0: 3 0x8000a76e (0x883f2b23) mem 0x80010000 0x00000001
core   0: 0x8000a772 (0x0000bfe5) c.j     pc - 8
core   0: 3 0x8000a772 (0xbfe5)
core   0: 0x8000a76a (0x00006f17) auipc   t5, 0x6
core   0: 3 0x8000a76a (0x00006f17) x30 0x8001076a
core   0: 0x8000a76e (0x883f2b23) sw      gp, -1898(t5)
core   0: 3 0x8000a76e (0x883f2b23) mem 0x80010000 0x00000001
core   0: 0x8000a772 (0x0000bfe5) c.j     pc - 8
core   0: 3 0x8000a772 (0xbfe5)
core   0: 0x8000a76a (0x00006f17) auipc   t5, 0x6
core   0: 3 0x8000a76a (0x00006f17) x30 0x8001076a
core   0: 0x8000a76e (0x883f2b23) sw      gp, -1898(t5)
core   0: 3 0x8000a76e (0x883f2b23) mem 0x80010000 0x00000001
core   0: 0x8000a772 (0x0000bfe5) c.j     pc - 8
core   0: 3 0x8000a772 (0xbfe5)
core   0: 0x8000a76a (0x00006f17) auipc   t5, 0x6
core   0: 3 0x8000a76a (0x00006f17) x30 0x8001076a
core   0: 0x8000a76e (0x883f2b23) sw      gp, -1898(t5)
core   0: 3 0x8000a76e (0x883f2b23) mem 0x80010000 0x00000001
core   0: 0x8000a772 (0x0000bfe5) c.j     pc - 8
core   0: 3 0x8000a772 (0xbfe5)
core   0: 0x8000a76a (0x00006f17) auipc   t5, 0x6
core   0: 3 0x8000a76a (0x00006f17) x30 0x8001076a
core   0: 0x8000a76e (0x883f2b23) sw      gp, -1898(t5)
core   0: 3 0x8000a76e (0x883f2b23) mem 0x80010000 0x00000001
core   0: 0x8000a772 (0x0000bfe5) c.j     pc - 8
core   0: 3 0x8000a772 (0xbfe5)
core   0: 0x8000a76a (0x00006f17) auipc   t5, 0x6
core   0: 3 0x8000a76a (0x00006f17) x30 0x8001076a
core   0: 0x8000a76e (0x883f2b23) sw      gp, -1898(t5)
core   0: 3 0x8000a76e (0x883f2b23) mem 0x80010000 0x00000001
core   0: 0x8000a772 (0x0000bfe5) c.j     pc - 8
core   0: 3 0x8000a772 (0xbfe5)
core   0: 0x8000a76a (0x00006f17) auipc   t5, 0x6
core   0: 3 0x8000a76a (0x00006f17) x30 0x8001076a
core   0: 0x8000a76e (0x883f2b23) sw      gp, -1898(t5)
core   0: 3 0x8000a76e (0x883f2b23) mem 0x80010000 0x00000001
core   0: 0x8000a772 (0x0000bfe5) c.j     pc - 8
core   0: 3 0x8000a772 (0xbfe5)
core   0: 0x8000a76a (0x00006f17) auipc   t5, 0x6
core   0: 3 0x8000a76a (0x00006f17) x30 0x8001076a
core   0: 0x8000a76e (0x883f2b23) sw      gp, -1898(t5)
core   0: 3 0x8000a76e (0x883f2b23) mem 0x80010000 0x00000001
core   0: 0x8000a772 (0x0000bfe5) c.j     pc - 8
core   0: 3 0x8000a772 (0xbfe5)
core   0: 0x8000a76a (0x00006f17) auipc   t5, 0x6
core   0: 3 0x8000a76a (0x00006f17) x30 0x8001076a
core   0: 0x8000a76e (0x883f2b23) sw      gp, -1898(t5)
core   0: 3 0x8000a76e (0x883f2b23) mem 0x80010000 0x00000001
core   0: 0x8000a772 (0x0000bfe5) c.j     pc - 8
core   0: 3 0x8000a772 (0xbfe5)
core   0: 0x8000a76a (0x00006f17) auipc   t5, 0x6
core   0: 3 0x8000a76a (0x00006f17) x30 0x8001076a
core   0: 0x8000a76e (0x883f2b23) sw      gp, -1898(t5)
core   0: 3 0x8000a76e (0x883f2b23) mem 0x80010000 0x00000001
core   0: 0x8000a772 (0x0000bfe5) c.j     pc - 8
core   0: 3 0x8000a772 (0xbfe5)
core   0: 0x8000a76a (0x00006f17) auipc   t5, 0x6
core   0: 3 0x8000a76a (0x00006f17) x30 0x8001076a
core   0: 0x8000a76e (0x883f2b23) sw      gp, -1898(t5)
core   0: 3 0x8000a76e (0x883f2b23) mem 0x80010000 0x00000001
core   0: 0x8000a772 (0x0000bfe5) c.j     pc - 8
core   0: 3 0x8000a772 (0xbfe5)
core   0: 0x8000a76a (0x00006f17) auipc   t5, 0x6
core   0: 3 0x8000a76a (0x00006f17) x30 0x8001076a
core   0: 0x8000a76e (0x883f2b23) sw      gp, -1898(t5)
core   0: 3 0x8000a76e (0x883f2b23) mem 0x80010000 0x00000001
core   0: 0x8000a772 (0x0000bfe5) c.j     pc - 8
core   0: 3 0x8000a772 (0xbfe5)
core   0: 0x8000a76a (0x00006f17) auipc   t5, 0x6
core   0: 3 0x8000a76a (0x00006f17) x30 0x8001076a
core   0: 0x8000a76e (0x883f2b23) sw      gp, -1898(t5)
core   0: 3 0x8000a76e (0x883f2b23) mem 0x80010000 0x00000001
core   0: 0x8000a772 (0x0000bfe5) c.j     pc - 8
core   0: 3 0x8000a772 (0xbfe5)
core   0: 0x8000a76a (0x00006f17) auipc   t5, 0x6
core   0: 3 0x8000a76a (0x00006f17) x30 0x8001076a
core   0: 0x8000a76e (0x883f2b23) sw      gp, -1898(t5)
core   0: 3 0x8000a76e (0x883f2b23) mem 0x80010000 0x00000001
core   0: 0x8000a772 (0x0000bfe5) c.j     pc - 8
core   0: 3 0x8000a772 (0xbfe5)
core   0: 0x8000a76a (0x00006f17) auipc   t5, 0x6
core   0: 3 0x8000a76a (0x00006f17) x30 0x8001076a
core   0: 0x8000a76e (0x883f2b23) sw      gp, -1898(t5)
core   0: 3 0x8000a76e (0x883f2b23) mem 0x80010000 0x00000001
core   0: 0x8000a772 (0x0000bfe5) c.j     pc - 8
core   0: 3 0x8000a772 (0xbfe5)
core   0: 0x8000a76a (0x00006f17) auipc   t5, 0x6
core   0: 3 0x8000a76a (0x00006f17) x30 0x8001076a
core   0: 0x8000a76e (0x883f2b23) sw      gp, -1898(t5)
core   0: 3 0x8000a76e (0x883f2b23) mem 0x80010000 0x00000001
core   0: 0x8000a772 (0x0000bfe5) c.j     pc - 8
core   0: 3 0x8000a772 (0xbfe5)
core   0: 0x8000a76a (0x00006f17) auipc   t5, 0x6
core   0: 3 0x8000a76a (0x00006f17) x30 0x8001076a
core   0: 0x8000a76e (0x883f2b23) sw      gp, -1898(t5)
core   0: 3 0x8000a76e (0x883f2b23) mem 0x80010000 0x00000001
core   0: 0x8000a772 (0x0000bfe5) c.j     pc - 8
core   0: 3 0x8000a772 (0xbfe5)
core   0: 0x8000a76a (0x00006f17) auipc   t5, 0x6
core   0: 3 0x8000a76a (0x00006f17) x30 0x8001076a
core   0: 0x8000a76e (0x883f2b23) sw      gp, -1898(t5)
core   0: 3 0x8000a76e (0x883f2b23) mem 0x80010000 0x00000001
core   0: 0x8000a772 (0x0000bfe5) c.j     pc - 8
core   0: 3 0x8000a772 (0xbfe5)
core   0: 0x8000a76a (0x00006f17) auipc   t5, 0x6
core   0: 3 0x8000a76a (0x00006f17) x30 0x8001076a
core   0: 0x8000a76e (0x883f2b23) sw      gp, -1898(t5)
core   0: 3 0x8000a76e (0x883f2b23) mem 0x80010000 0x00000001
core   0: 0x8000a772 (0x0000bfe5) c.j     pc - 8
core   0: 3 0x8000a772 (0xbfe5)
core   0: 0x8000a76a (0x00006f17) auipc   t5, 0x6
core   0: 3 0x8000a76a (0x00006f17) x30 0x8001076a
core   0: 0x8000a76e (0x883f2b23) sw      gp, -1898(t5)
core   0: 3 0x8000a76e (0x883f2b23) mem 0x80010000 0x00000001
core   0: 0x8000a772 (0x0000bfe5) c.j     pc - 8
core   0: 3 0x8000a772 (0xbfe5)
core   0: 0x8000a76a (0x00006f17) auipc   t5, 0x6
core   0: 3 0x8000a76a (0x00006f17) x30 0x8001076a
core   0: 0x8000a76e (0x883f2b23) sw      gp, -1898(t5)
core   0: 3 0x8000a76e (0x883f2b23) mem 0x80010000 0x00000001
core   0: 0x8000a772 (0x0000bfe5) c.j     pc - 8
core   0: 3 0x8000a772 (0xbfe5)
core   0: 0x8000a76a (0x00006f17) auipc   t5, 0x6
core   0: 3 0x8000a76a (0x00006f17) x30 0x8001076a
core   0: 0x8000a76e (0x883f2b23) sw      gp, -1898(t5)
core   0: 3 0x8000a76e (0x883f2b23) mem 0x80010000 0x00000001
core   0: 0x8000a772 (0x0000bfe5) c.j     pc - 8
core   0: 3 0x8000a772 (0xbfe5)
core   0: 0x8000a76a (0x00006f17) auipc   t5, 0x6
core   0: 3 0x8000a76a (0x00006f17) x30 0x8001076a
core   0: 0x8000a76e (0x883f2b23) sw      gp, -1898(t5)
core   0: 3 0x8000a76e (0x883f2b23) mem 0x80010000 0x00000001
core   0: 0x8000a772 (0x0000bfe5) c.j     pc - 8
core   0: 3 0x8000a772 (0xbfe5)
core   0: 0x8000a76a (0x00006f17) auipc   t5, 0x6
core   0: 3 0x8000a76a (0x00006f17) x30 0x8001076a
core   0: 0x8000a76e (0x883f2b23) sw      gp, -1898(t5)
core   0: 3 0x8000a76e (0x883f2b23) mem 0x80010000 0x00000001
core   0: 0x8000a772 (0x0000bfe5) c.j     pc - 8
core   0: 3 0x8000a772 (0xbfe5)
core   0: 0x8000a76a (0x00006f17) auipc   t5, 0x6
core   0: 3 0x8000a76a (0x00006f17) x30 0x8001076a
core   0: 0x8000a76e (0x883f2b23) sw      gp, -1898(t5)
core   0: 3 0x8000a76e (0x883f2b23) mem 0x80010000 0x00000001
core   0: 0x8000a772 (0x0000bfe5) c.j     pc - 8
core   0: 3 0x8000a772 (0xbfe5)
core   0: 0x8000a76a (0x00006f17) auipc   t5, 0x6
core   0: 3 0x8000a76a (0x00006f17) x30 0x8001076a
core   0: 0x8000a76e (0x883f2b23) sw      gp, -1898(t5)
core   0: 3 0x8000a76e (0x883f2b23) mem 0x80010000 0x00000001
core   0: 0x8000a772 (0x0000bfe5) c.j     pc - 8
core   0: 3 0x8000a772 (0xbfe5)
core   0: 0x8000a76a (0x00006f17) auipc   t5, 0x6
core   0: 3 0x8000a76a (0x00006f17) x30 0x8001076a
core   0: 0x8000a76e (0x883f2b23) sw      gp, -1898(t5)
core   0: 3 0x8000a76e (0x883f2b23) mem 0x80010000 0x00000001
core   0: 0x8000a772 (0x0000bfe5) c.j     pc - 8
core   0: 3 0x8000a772 (0xbfe5)
core   0: 0x8000a76a (0x00006f17) auipc   t5, 0x6
core   0: 3 0x8000a76a (0x00006f17) x30 0x8001076a
core   0: 0x8000a76e (0x883f2b23) sw      gp, -1898(t5)
core   0: 3 0x8000a76e (0x883f2b23) mem 0x80010000 0x00000001
core   0: 0x8000a772 (0x0000bfe5) c.j     pc - 8
core   0: 3 0x8000a772 (0xbfe5)
core   0: 0x8000a76a (0x00006f17) auipc   t5, 0x6
core   0: 3 0x8000a76a (0x00006f17) x30 0x8001076a
core   0: 0x8000a76e (0x883f2b23) sw      gp, -1898(t5)
core   0: 3 0x8000a76e (0x883f2b23) mem 0x80010000 0x00000001
core   0: 0x8000a772 (0x0000bfe5) c.j     pc - 8
core   0: 3 0x8000a772 (0xbfe5)
core   0: 0x8000a76a (0x00006f17) auipc   t5, 0x6
core   0: 3 0x8000a76a (0x00006f17) x30 0x8001076a
core   0: 0x8000a76e (0x883f2b23) sw      gp, -1898(t5)
core   0: 3 0x8000a76e (0x883f2b23) mem 0x80010000 0x00000001
core   0: 0x8000a772 (0x0000bfe5) c.j     pc - 8
core   0: 3 0x8000a772 (0xbfe5)
core   0: 0x8000a76a (0x00006f17) auipc   t5, 0x6
core   0: 3 0x8000a76a (0x00006f17) x30 0x8001076a
core   0: 0x8000a76e (0x883f2b23) sw      gp, -1898(t5)
core   0: 3 0x8000a76e (0x883f2b23) mem 0x80010000 0x00000001
core   0: 0x8000a772 (0x0000bfe5) c.j     pc - 8
core   0: 3 0x8000a772 (0xbfe5)
core   0: 0x8000a76a (0x00006f17) auipc   t5, 0x6
core   0: 3 0x8000a76a (0x00006f17) x30 0x8001076a
core   0: 0x8000a76e (0x883f2b23) sw      gp, -1898(t5)
core   0: 3 0x8000a76e (0x883f2b23) mem 0x80010000 0x00000001
core   0: 0x8000a772 (0x0000bfe5) c.j     pc - 8
core   0: 3 0x8000a772 (0xbfe5)
core   0: 0x8000a76a (0x00006f17) auipc   t5, 0x6
core   0: 3 0x8000a76a (0x00006f17) x30 0x8001076a
core   0: 0x8000a76e (0x883f2b23) sw      gp, -1898(t5)
core   0: 3 0x8000a76e (0x883f2b23) mem 0x80010000 0x00000001
core   0: 0x8000a772 (0x0000bfe5) c.j     pc - 8
core   0: 3 0x8000a772 (0xbfe5)
core   0: 0x8000a76a (0x00006f17) auipc   t5, 0x6
core   0: 3 0x8000a76a (0x00006f17) x30 0x8001076a
core   0: 0x8000a76e (0x883f2b23) sw      gp, -1898(t5)
core   0: 3 0x8000a76e (0x883f2b23) mem 0x80010000 0x00000001
core   0: 0x8000a772 (0x0000bfe5) c.j     pc - 8
core   0: 3 0x8000a772 (0xbfe5)
core   0: 0x8000a76a (0x00006f17) auipc   t5, 0x6
core   0: 3 0x8000a76a (0x00006f17) x30 0x8001076a
core   0: 0x8000a76e (0x883f2b23) sw      gp, -1898(t5)
core   0: 3 0x8000a76e (0x883f2b23) mem 0x80010000 0x00000001
core   0: 0x8000a772 (0x0000bfe5) c.j     pc - 8
core   0: 3 0x8000a772 (0xbfe5)
core   0: 0x8000a76a (0x00006f17) auipc   t5, 0x6
core   0: 3 0x8000a76a (0x00006f17) x30 0x8001076a
core   0: 0x8000a76e (0x883f2b23) sw      gp, -1898(t5)
core   0: 3 0x8000a76e (0x883f2b23) mem 0x80010000 0x00000001
core   0: 0x8000a772 (0x0000bfe5) c.j     pc - 8
core   0: 3 0x8000a772 (0xbfe5)
core   0: 0x8000a76a (0x00006f17) auipc   t5, 0x6
core   0: 3 0x8000a76a (0x00006f17) x30 0x8001076a
core   0: 0x8000a76e (0x883f2b23) sw      gp, -1898(t5)
core   0: 3 0x8000a76e (0x883f2b23) mem 0x80010000 0x00000001
core   0: 0x8000a772 (0x0000bfe5) c.j     pc - 8
core   0: 3 0x8000a772 (0xbfe5)
core   0: 0x8000a76a (0x00006f17) auipc   t5, 0x6
core   0: 3 0x8000a76a (0x00006f17) x30 0x8001076a
core   0: 0x8000a76e (0x883f2b23) sw      gp, -1898(t5)
core   0: 3 0x8000a76e (0x883f2b23) mem 0x80010000 0x00000001
core   0: 0x8000a772 (0x0000bfe5) c.j     pc - 8
core   0: 3 0x8000a772 (0xbfe5)
core   0: 0x8000a76a (0x00006f17) auipc   t5, 0x6
core   0: 3 0x8000a76a (0x00006f17) x30 0x8001076a
core   0: 0x8000a76e (0x883f2b23) sw      gp, -1898(t5)
core   0: 3 0x8000a76e (0x883f2b23) mem 0x80010000 0x00000001
core   0: 0x8000a772 (0x0000bfe5) c.j     pc - 8
core   0: 3 0x8000a772 (0xbfe5)
core   0: 0x8000a76a (0x00006f17) auipc   t5, 0x6
core   0: 3 0x8000a76a (0x00006f17) x30 0x8001076a
core   0: 0x8000a76e (0x883f2b23) sw      gp, -1898(t5)
core   0: 3 0x8000a76e (0x883f2b23) mem 0x80010000 0x00000001
core   0: 0x8000a772 (0x0000bfe5) c.j     pc - 8
core   0: 3 0x8000a772 (0xbfe5)
core   0: 0x8000a76a (0x00006f17) auipc   t5, 0x6
core   0: 3 0x8000a76a (0x00006f17) x30 0x8001076a
core   0: 0x8000a76e (0x883f2b23) sw      gp, -1898(t5)
core   0: 3 0x8000a76e (0x883f2b23) mem 0x80010000 0x00000001
core   0: 0x8000a772 (0x0000bfe5) c.j     pc - 8
core   0: 3 0x8000a772 (0xbfe5)
core   0: 0x8000a76a (0x00006f17) auipc   t5, 0x6
core   0: 3 0x8000a76a (0x00006f17) x30 0x8001076a
core   0: 0x8000a76e (0x883f2b23) sw      gp, -1898(t5)
core   0: 3 0x8000a76e (0x883f2b23) mem 0x80010000 0x00000001
core   0: 0x8000a772 (0x0000bfe5) c.j     pc - 8
core   0: 3 0x8000a772 (0xbfe5)
core   0: 0x8000a76a (0x00006f17) auipc   t5, 0x6
core   0: 3 0x8000a76a (0x00006f17) x30 0x8001076a
core   0: 0x8000a76e (0x883f2b23) sw      gp, -1898(t5)
core   0: 3 0x8000a76e (0x883f2b23) mem 0x80010000 0x00000001
core   0: 0x8000a772 (0x0000bfe5) c.j     pc - 8
core   0: 3 0x8000a772 (0xbfe5)
core   0: 0x8000a76a (0x00006f17) auipc   t5, 0x6
core   0: 3 0x8000a76a (0x00006f17) x30 0x8001076a
core   0: 0x8000a76e (0x883f2b23) sw      gp, -1898(t5)
core   0: 3 0x8000a76e (0x883f2b23) mem 0x80010000 0x00000001
core   0: 0x8000a772 (0x0000bfe5) c.j     pc - 8
core   0: 3 0x8000a772 (0xbfe5)
core   0: 0x8000a76a (0x00006f17) auipc   t5, 0x6
core   0: 3 0x8000a76a (0x00006f17) x30 0x8001076a
core   0: 0x8000a76e (0x883f2b23) sw      gp, -1898(t5)
core   0: 3 0x8000a76e (0x883f2b23) mem 0x80010000 0x00000001
core   0: 0x8000a772 (0x0000bfe5) c.j     pc - 8
core   0: 3 0x8000a772 (0xbfe5)
core   0: 0x8000a76a (0x00006f17) auipc   t5, 0x6
core   0: 3 0x8000a76a (0x00006f17) x30 0x8001076a
core   0: 0x8000a76e (0x883f2b23) sw      gp, -1898(t5)
core   0: 3 0x8000a76e (0x883f2b23) mem 0x80010000 0x00000001
core   0: 0x8000a772 (0x0000bfe5) c.j     pc - 8
core   0: 3 0x8000a772 (0xbfe5)
core   0: 0x8000a76a (0x00006f17) auipc   t5, 0x6
core   0: 3 0x8000a76a (0x00006f17) x30 0x8001076a
core   0: 0x8000a76e (0x883f2b23) sw      gp, -1898(t5)
core   0: 3 0x8000a76e (0x883f2b23) mem 0x80010000 0x00000001
core   0: 0x8000a772 (0x0000bfe5) c.j     pc - 8
core   0: 3 0x8000a772 (0xbfe5)
core   0: 0x8000a76a (0x00006f17) auipc   t5, 0x6
core   0: 3 0x8000a76a (0x00006f17) x30 0x8001076a
core   0: 0x8000a76e (0x883f2b23) sw      gp, -1898(t5)
core   0: 3 0x8000a76e (0x883f2b23) mem 0x80010000 0x00000001
core   0: 0x8000a772 (0x0000bfe5) c.j     pc - 8
core   0: 3 0x8000a772 (0xbfe5)
core   0: 0x8000a76a (0x00006f17) auipc   t5, 0x6
core   0: 3 0x8000a76a (0x00006f17) x30 0x8001076a
core   0: 0x8000a76e (0x883f2b23) sw      gp, -1898(t5)
core   0: 3 0x8000a76e (0x883f2b23) mem 0x80010000 0x00000001
core   0: 0x8000a772 (0x0000bfe5) c.j     pc - 8
core   0: 3 0x8000a772 (0xbfe5)
core   0: 0x8000a76a (0x00006f17) auipc   t5, 0x6
core   0: 3 0x8000a76a (0x00006f17) x30 0x8001076a
core   0: 0x8000a76e (0x883f2b23) sw      gp, -1898(t5)
core   0: 3 0x8000a76e (0x883f2b23) mem 0x80010000 0x00000001
core   0: 0x8000a772 (0x0000bfe5) c.j     pc - 8
core   0: 3 0x8000a772 (0xbfe5)
core   0: 0x8000a76a (0x00006f17) auipc   t5, 0x6
core   0: 3 0x8000a76a (0x00006f17) x30 0x8001076a
core   0: 0x8000a76e (0x883f2b23) sw      gp, -1898(t5)
core   0: 3 0x8000a76e (0x883f2b23) mem 0x80010000 0x00000001
core   0: 0x8000a772 (0x0000bfe5) c.j     pc - 8
core   0: 3 0x8000a772 (0xbfe5)
core   0: 0x8000a76a (0x00006f17) auipc   t5, 0x6
core   0: 3 0x8000a76a (0x00006f17) x30 0x8001076a
core   0: 0x8000a76e (0x883f2b23) sw      gp, -1898(t5)
core   0: 3 0x8000a76e (0x883f2b23) mem 0x80010000 0x00000001
core   0: 0x8000a772 (0x0000bfe5) c.j     pc - 8
core   0: 3 0x8000a772 (0xbfe5)
core   0: 0x8000a76a (0x00006f17) auipc   t5, 0x6
core   0: 3 0x8000a76a (0x00006f17) x30 0x8001076a
core   0: 0x8000a76e (0x883f2b23) sw      gp, -1898(t5)
core   0: 3 0x8000a76e (0x883f2b23) mem 0x80010000 0x00000001
core   0: 0x8000a772 (0x0000bfe5) c.j     pc - 8
core   0: 3 0x8000a772 (0xbfe5)
core   0: 0x8000a76a (0x00006f17) auipc   t5, 0x6
core   0: 3 0x8000a76a (0x00006f17) x30 0x8001076a
core   0: 0x8000a76e (0x883f2b23) sw      gp, -1898(t5)
core   0: 3 0x8000a76e (0x883f2b23) mem 0x80010000 0x00000001
core   0: 0x8000a772 (0x0000bfe5) c.j     pc - 8
core   0: 3 0x8000a772 (0xbfe5)
core   0: 0x8000a76a (0x00006f17) auipc   t5, 0x6
core   0: 3 0x8000a76a (0x00006f17) x30 0x8001076a
core   0: 0x8000a76e (0x883f2b23) sw      gp, -1898(t5)
core   0: 3 0x8000a76e (0x883f2b23) mem 0x80010000 0x00000001
core   0: 0x8000a772 (0x0000bfe5) c.j     pc - 8
core   0: 3 0x8000a772 (0xbfe5)
core   0: 0x8000a76a (0x00006f17) auipc   t5, 0x6
core   0: 3 0x8000a76a (0x00006f17) x30 0x8001076a
core   0: 0x8000a76e (0x883f2b23) sw      gp, -1898(t5)
core   0: 3 0x8000a76e (0x883f2b23) mem 0x80010000 0x00000001
core   0: 0x8000a772 (0x0000bfe5) c.j     pc - 8
core   0: 3 0x8000a772 (0xbfe5)
core   0: 0x8000a76a (0x00006f17) auipc   t5, 0x6
core   0: 3 0x8000a76a (0x00006f17) x30 0x8001076a
core   0: 0x8000a76e (0x883f2b23) sw      gp, -1898(t5)
core   0: 3 0x8000a76e (0x883f2b23) mem 0x80010000 0x00000001
core   0: 0x8000a772 (0x0000bfe5) c.j     pc - 8
core   0: 3 0x8000a772 (0xbfe5)
core   0: 0x8000a76a (0x00006f17) auipc   t5, 0x6
core   0: 3 0x8000a76a (0x00006f17) x30 0x8001076a
core   0: 0x8000a76e (0x883f2b23) sw      gp, -1898(t5)
core   0: 3 0x8000a76e (0x883f2b23) mem 0x80010000 0x00000001
core   0: 0x8000a772 (0x0000bfe5) c.j     pc - 8
core   0: 3 0x8000a772 (0xbfe5)
core   0: 0x8000a76a (0x00006f17) auipc   t5, 0x6
core   0: 3 0x8000a76a (0x00006f17) x30 0x8001076a
core   0: 0x8000a76e (0x883f2b23) sw      gp, -1898(t5)
core   0: 3 0x8000a76e (0x883f2b23) mem 0x80010000 0x00000001
core   0: 0x8000a772 (0x0000bfe5) c.j     pc - 8
core   0: 3 0x8000a772 (0xbfe5)
core   0: 0x8000a76a (0x00006f17) auipc   t5, 0x6
core   0: 3 0x8000a76a (0x00006f17) x30 0x8001076a
core   0: 0x8000a76e (0x883f2b23) sw      gp, -1898(t5)
core   0: 3 0x8000a76e (0x883f2b23) mem 0x80010000 0x00000001
core   0: 0x8000a772 (0x0000bfe5) c.j     pc - 8
core   0: 3 0x8000a772 (0xbfe5)
core   0: 0x8000a76a (0x00006f17) auipc   t5, 0x6
core   0: 3 0x8000a76a (0x00006f17) x30 0x8001076a
core   0: 0x8000a76e (0x883f2b23) sw      gp, -1898(t5)
core   0: 3 0x8000a76e (0x883f2b23) mem 0x80010000 0x00000001
core   0: 0x8000a772 (0x0000bfe5) c.j     pc - 8
core   0: 3 0x8000a772 (0xbfe5)
core   0: 0x8000a76a (0x00006f17) auipc   t5, 0x6
core   0: 3 0x8000a76a (0x00006f17) x30 0x8001076a
core   0: 0x8000a76e (0x883f2b23) sw      gp, -1898(t5)
core   0: 3 0x8000a76e (0x883f2b23) mem 0x80010000 0x00000001
core   0: 0x8000a772 (0x0000bfe5) c.j     pc - 8
core   0: 3 0x8000a772 (0xbfe5)
core   0: 0x8000a76a (0x00006f17) auipc   t5, 0x6
core   0: 3 0x8000a76a (0x00006f17) x30 0x8001076a
core   0: 0x8000a76e (0x883f2b23) sw      gp, -1898(t5)
core   0: 3 0x8000a76e (0x883f2b23) mem 0x80010000 0x00000001
core   0: 0x8000a772 (0x0000bfe5) c.j     pc - 8
core   0: 3 0x8000a772 (0xbfe5)
core   0: 0x8000a76a (0x00006f17) auipc   t5, 0x6
core   0: 3 0x8000a76a (0x00006f17) x30 0x8001076a
core   0: 0x8000a76e (0x883f2b23) sw      gp, -1898(t5)
core   0: 3 0x8000a76e (0x883f2b23) mem 0x80010000 0x00000001
core   0: 0x8000a772 (0x0000bfe5) c.j     pc - 8
core   0: 3 0x8000a772 (0xbfe5)
core   0: 0x8000a76a (0x00006f17) auipc   t5, 0x6
core   0: 3 0x8000a76a (0x00006f17) x30 0x8001076a
core   0: 0x8000a76e (0x883f2b23) sw      gp, -1898(t5)
core   0: 3 0x8000a76e (0x883f2b23) mem 0x80010000 0x00000001
core   0: 0x8000a772 (0x0000bfe5) c.j     pc - 8
core   0: 3 0x8000a772 (0xbfe5)
core   0: 0x8000a76a (0x00006f17) auipc   t5, 0x6
core   0: 3 0x8000a76a (0x00006f17) x30 0x8001076a
core   0: 0x8000a76e (0x883f2b23) sw      gp, -1898(t5)
core   0: 3 0x8000a76e (0x883f2b23) mem 0x80010000 0x00000001
core   0: 0x8000a772 (0x0000bfe5) c.j     pc - 8
core   0: 3 0x8000a772 (0xbfe5)
core   0: 0x8000a76a (0x00006f17) auipc   t5, 0x6
core   0: 3 0x8000a76a (0x00006f17) x30 0x8001076a
core   0: 0x8000a76e (0x883f2b23) sw      gp, -1898(t5)
core   0: 3 0x8000a76e (0x883f2b23) mem 0x80010000 0x00000001
core   0: 0x8000a772 (0x0000bfe5) c.j     pc - 8
core   0: 3 0x8000a772 (0xbfe5)
core   0: 0x8000a76a (0x00006f17) auipc   t5, 0x6
core   0: 3 0x8000a76a (0x00006f17) x30 0x8001076a
core   0: 0x8000a76e (0x883f2b23) sw      gp, -1898(t5)
core   0: 3 0x8000a76e (0x883f2b23) mem 0x80010000 0x00000001
core   0: 0x8000a772 (0x0000bfe5) c.j     pc - 8
core   0: 3 0x8000a772 (0xbfe5)
core   0: 0x8000a76a (0x00006f17) auipc   t5, 0x6
core   0: 3 0x8000a76a (0x00006f17) x30 0x8001076a
core   0: 0x8000a76e (0x883f2b23) sw      gp, -1898(t5)
core   0: 3 0x8000a76e (0x883f2b23) mem 0x80010000 0x00000001
core   0: 0x8000a772 (0x0000bfe5) c.j     pc - 8
core   0: 3 0x8000a772 (0xbfe5)
core   0: 0x8000a76a (0x00006f17) auipc   t5, 0x6
core   0: 3 0x8000a76a (0x00006f17) x30 0x8001076a
core   0: 0x8000a76e (0x883f2b23) sw      gp, -1898(t5)
core   0: 3 0x8000a76e (0x883f2b23) mem 0x80010000 0x00000001
core   0: 0x8000a772 (0x0000bfe5) c.j     pc - 8
core   0: 3 0x8000a772 (0xbfe5)
core   0: 0x8000a76a (0x00006f17) auipc   t5, 0x6
core   0: 3 0x8000a76a (0x00006f17) x30 0x8001076a
core   0: 0x8000a76e (0x883f2b23) sw      gp, -1898(t5)
core   0: 3 0x8000a76e (0x883f2b23) mem 0x80010000 0x00000001
core   0: 0x8000a772 (0x0000bfe5) c.j     pc - 8
core   0: 3 0x8000a772 (0xbfe5)
core   0: 0x8000a76a (0x00006f17) auipc   t5, 0x6
core   0: 3 0x8000a76a (0x00006f17) x30 0x8001076a
core   0: 0x8000a76e (0x883f2b23) sw      gp, -1898(t5)
core   0: 3 0x8000a76e (0x883f2b23) mem 0x80010000 0x00000001
core   0: 0x8000a772 (0x0000bfe5) c.j     pc - 8
core   0: 3 0x8000a772 (0xbfe5)
core   0: 0x8000a76a (0x00006f17) auipc   t5, 0x6
core   0: 3 0x8000a76a (0x00006f17) x30 0x8001076a
core   0: 0x8000a76e (0x883f2b23) sw      gp, -1898(t5)
core   0: 3 0x8000a76e (0x883f2b23) mem 0x80010000 0x00000001
core   0: 0x8000a772 (0x0000bfe5) c.j     pc - 8
core   0: 3 0x8000a772 (0xbfe5)
core   0: 0x8000a76a (0x00006f17) auipc   t5, 0x6
core   0: 3 0x8000a76a (0x00006f17) x30 0x8001076a
core   0: 0x8000a76e (0x883f2b23) sw      gp, -1898(t5)
core   0: 3 0x8000a76e (0x883f2b23) mem 0x80010000 0x00000001
core   0: 0x8000a772 (0x0000bfe5) c.j     pc - 8
core   0: 3 0x8000a772 (0xbfe5)
core   0: 0x8000a76a (0x00006f17) auipc   t5, 0x6
core   0: 3 0x8000a76a (0x00006f17) x30 0x8001076a
core   0: 0x8000a76e (0x883f2b23) sw      gp, -1898(t5)
core   0: 3 0x8000a76e (0x883f2b23) mem 0x80010000 0x00000001
core   0: 0x8000a772 (0x0000bfe5) c.j     pc - 8
core   0: 3 0x8000a772 (0xbfe5)
core   0: 0x8000a76a (0x00006f17) auipc   t5, 0x6
core   0: 3 0x8000a76a (0x00006f17) x30 0x8001076a
core   0: 0x8000a76e (0x883f2b23) sw      gp, -1898(t5)
core   0: 3 0x8000a76e (0x883f2b23) mem 0x80010000 0x00000001
core   0: 0x8000a772 (0x0000bfe5) c.j     pc - 8
core   0: 3 0x8000a772 (0xbfe5)
core   0: 0x8000a76a (0x00006f17) auipc   t5, 0x6
core   0: 3 0x8000a76a (0x00006f17) x30 0x8001076a
core   0: 0x8000a76e (0x883f2b23) sw      gp, -1898(t5)
core   0: 3 0x8000a76e (0x883f2b23) mem 0x80010000 0x00000001
core   0: 0x8000a772 (0x0000bfe5) c.j     pc - 8
core   0: 3 0x8000a772 (0xbfe5)
core   0: 0x8000a76a (0x00006f17) auipc   t5, 0x6
core   0: 3 0x8000a76a (0x00006f17) x30 0x8001076a
core   0: 0x8000a76e (0x883f2b23) sw      gp, -1898(t5)
core   0: 3 0x8000a76e (0x883f2b23) mem 0x80010000 0x00000001
core   0: 0x8000a772 (0x0000bfe5) c.j     pc - 8
core   0: 3 0x8000a772 (0xbfe5)
core   0: 0x8000a76a (0x00006f17) auipc   t5, 0x6
core   0: 3 0x8000a76a (0x00006f17) x30 0x8001076a
core   0: 0x8000a76e (0x883f2b23) sw      gp, -1898(t5)
core   0: 3 0x8000a76e (0x883f2b23) mem 0x80010000 0x00000001
core   0: 0x8000a772 (0x0000bfe5) c.j     pc - 8
core   0: 3 0x8000a772 (0xbfe5)
core   0: 0x8000a76a (0x00006f17) auipc   t5, 0x6
core   0: 3 0x8000a76a (0x00006f17) x30 0x8001076a
core   0: 0x8000a76e (0x883f2b23) sw      gp, -1898(t5)
core   0: 3 0x8000a76e (0x883f2b23) mem 0x80010000 0x00000001
core   0: 0x8000a772 (0x0000bfe5) c.j     pc - 8
core   0: 3 0x8000a772 (0xbfe5)
core   0: 0x8000a76a (0x00006f17) auipc   t5, 0x6
core   0: 3 0x8000a76a (0x00006f17) x30 0x8001076a
core   0: 0x8000a76e (0x883f2b23) sw      gp, -1898(t5)
core   0: 3 0x8000a76e (0x883f2b23) mem 0x80010000 0x00000001
core   0: 0x8000a772 (0x0000bfe5) c.j     pc - 8
core   0: 3 0x8000a772 (0xbfe5)
core   0: 0x8000a76a (0x00006f17) auipc   t5, 0x6
core   0: 3 0x8000a76a (0x00006f17) x30 0x8001076a
core   0: 0x8000a76e (0x883f2b23) sw      gp, -1898(t5)
core   0: 3 0x8000a76e (0x883f2b23) mem 0x80010000 0x00000001
core   0: 0x8000a772 (0x0000bfe5) c.j     pc - 8
core   0: 3 0x8000a772 (0xbfe5)
core   0: 0x8000a76a (0x00006f17) auipc   t5, 0x6
core   0: 3 0x8000a76a (0x00006f17) x30 0x8001076a
core   0: 0x8000a76e (0x883f2b23) sw      gp, -1898(t5)
core   0: 3 0x8000a76e (0x883f2b23) mem 0x80010000 0x00000001
core   0: 0x8000a772 (0x0000bfe5) c.j     pc - 8
core   0: 3 0x8000a772 (0xbfe5)
core   0: 0x8000a76a (0x00006f17) auipc   t5, 0x6
core   0: 3 0x8000a76a (0x00006f17) x30 0x8001076a
core   0: 0x8000a76e (0x883f2b23) sw      gp, -1898(t5)
core   0: 3 0x8000a76e (0x883f2b23) mem 0x80010000 0x00000001
core   0: 0x8000a772 (0x0000bfe5) c.j     pc - 8
core   0: 3 0x8000a772 (0xbfe5)
core   0: 0x8000a76a (0x00006f17) auipc   t5, 0x6
core   0: 3 0x8000a76a (0x00006f17) x30 0x8001076a
core   0: 0x8000a76e (0x883f2b23) sw      gp, -1898(t5)
core   0: 3 0x8000a76e (0x883f2b23) mem 0x80010000 0x00000001
core   0: 0x8000a772 (0x0000bfe5) c.j     pc - 8
core   0: 3 0x8000a772 (0xbfe5)
core   0: 0x8000a76a (0x00006f17) auipc   t5, 0x6
core   0: 3 0x8000a76a (0x00006f17) x30 0x8001076a
core   0: 0x8000a76e (0x883f2b23) sw      gp, -1898(t5)
core   0: 3 0x8000a76e (0x883f2b23) mem 0x80010000 0x00000001
core   0: 0x8000a772 (0x0000bfe5) c.j     pc - 8
core   0: 3 0x8000a772 (0xbfe5)
core   0: 0x8000a76a (0x00006f17) auipc   t5, 0x6
core   0: 3 0x8000a76a (0x00006f17) x30 0x8001076a
core   0: 0x8000a76e (0x883f2b23) sw      gp, -1898(t5)
core   0: 3 0x8000a76e (0x883f2b23) mem 0x80010000 0x00000001
core   0: 0x8000a772 (0x0000bfe5) c.j     pc - 8
core   0: 3 0x8000a772 (0xbfe5)
core   0: 0x8000a76a (0x00006f17) auipc   t5, 0x6
core   0: 3 0x8000a76a (0x00006f17) x30 0x8001076a
core   0: 0x8000a76e (0x883f2b23) sw      gp, -1898(t5)
core   0: 3 0x8000a76e (0x883f2b23) mem 0x80010000 0x00000001
core   0: 0x8000a772 (0x0000bfe5) c.j     pc - 8
core   0: 3 0x8000a772 (0xbfe5)
core   0: 0x8000a76a (0x00006f17) auipc   t5, 0x6
core   0: 3 0x8000a76a (0x00006f17) x30 0x8001076a
core   0: 0x8000a76e (0x883f2b23) sw      gp, -1898(t5)
core   0: 3 0x8000a76e (0x883f2b23) mem 0x80010000 0x00000001
core   0: 0x8000a772 (0x0000bfe5) c.j     pc - 8
core   0: 3 0x8000a772 (0xbfe5)
core   0: 0x8000a76a (0x00006f17) auipc   t5, 0x6
core   0: 3 0x8000a76a (0x00006f17) x30 0x8001076a
core   0: 0x8000a76e (0x883f2b23) sw      gp, -1898(t5)
core   0: 3 0x8000a76e (0x883f2b23) mem 0x80010000 0x00000001
core   0: 0x8000a772 (0x0000bfe5) c.j     pc - 8
core   0: 3 0x8000a772 (0xbfe5)
core   0: 0x8000a76a (0x00006f17) auipc   t5, 0x6
core   0: 3 0x8000a76a (0x00006f17) x30 0x8001076a
core   0: 0x8000a76e (0x883f2b23) sw      gp, -1898(t5)
core   0: 3 0x8000a76e (0x883f2b23) mem 0x80010000 0x00000001
core   0: 0x8000a772 (0x0000bfe5) c.j     pc - 8
core   0: 3 0x8000a772 (0xbfe5)
core   0: 0x8000a76a (0x00006f17) auipc   t5, 0x6
core   0: 3 0x8000a76a (0x00006f17) x30 0x8001076a
core   0: 0x8000a76e (0x883f2b23) sw      gp, -1898(t5)
core   0: 3 0x8000a76e (0x883f2b23) mem 0x80010000 0x00000001
core   0: 0x8000a772 (0x0000bfe5) c.j     pc - 8
core   0: 3 0x8000a772 (0xbfe5)
core   0: 0x8000a76a (0x00006f17) auipc   t5, 0x6
core   0: 3 0x8000a76a (0x00006f17) x30 0x8001076a
core   0: 0x8000a76e (0x883f2b23) sw      gp, -1898(t5)
core   0: 3 0x8000a76e (0x883f2b23) mem 0x80010000 0x00000001
core   0: 0x8000a772 (0x0000bfe5) c.j     pc - 8
core   0: 3 0x8000a772 (0xbfe5)
core   0: 0x8000a76a (0x00006f17) auipc   t5, 0x6
core   0: 3 0x8000a76a (0x00006f17) x30 0x8001076a
core   0: 0x8000a76e (0x883f2b23) sw      gp, -1898(t5)
core   0: 3 0x8000a76e (0x883f2b23) mem 0x80010000 0x00000001
core   0: 0x8000a772 (0x0000bfe5) c.j     pc - 8
core   0: 3 0x8000a772 (0xbfe5)
core   0: 0x8000a76a (0x00006f17) auipc   t5, 0x6
core   0: 3 0x8000a76a (0x00006f17) x30 0x8001076a
core   0: 0x8000a76e (0x883f2b23) sw      gp, -1898(t5)
core   0: 3 0x8000a76e (0x883f2b23) mem 0x80010000 0x00000001
core   0: 0x8000a772 (0x0000bfe5) c.j     pc - 8
core   0: 3 0x8000a772 (0xbfe5)
core   0: 0x8000a76a (0x00006f17) auipc   t5, 0x6
core   0: 3 0x8000a76a (0x00006f17) x30 0x8001076a
core   0: 0x8000a76e (0x883f2b23) sw      gp, -1898(t5)
core   0: 3 0x8000a76e (0x883f2b23) mem 0x80010000 0x00000001
core   0: 0x8000a772 (0x0000bfe5) c.j     pc - 8
core   0: 3 0x8000a772 (0xbfe5)
core   0: 0x8000a76a (0x00006f17) auipc   t5, 0x6
core   0: 3 0x8000a76a (0x00006f17) x30 0x8001076a
core   0: 0x8000a76e (0x883f2b23) sw      gp, -1898(t5)
core   0: 3 0x8000a76e (0x883f2b23) mem 0x80010000 0x00000001
core   0: 0x8000a772 (0x0000bfe5) c.j     pc - 8
core   0: 3 0x8000a772 (0xbfe5)
core   0: 0x8000a76a (0x00006f17) auipc   t5, 0x6
core   0: 3 0x8000a76a (0x00006f17) x30 0x8001076a
core   0: 0x8000a76e (0x883f2b23) sw      gp, -1898(t5)
core   0: 3 0x8000a76e (0x883f2b23) mem 0x80010000 0x00000001
core   0: 0x8000a772 (0x0000bfe5) c.j     pc - 8
core   0: 3 0x8000a772 (0xbfe5)
core   0: 0x8000a76a (0x00006f17) auipc   t5, 0x6
core   0: 3 0x8000a76a (0x00006f17) x30 0x8001076a
core   0: 0x8000a76e (0x883f2b23) sw      gp, -1898(t5)
core   0: 3 0x8000a76e (0x883f2b23) mem 0x80010000 0x00000001
core   0: 0x8000a772 (0x0000bfe5) c.j     pc - 8
core   0: 3 0x8000a772 (0xbfe5)
core   0: 0x8000a76a (0x00006f17) auipc   t5, 0x6
core   0: 3 0x8000a76a (0x00006f17) x30 0x8001076a
core   0: 0x8000a76e (0x883f2b23) sw      gp, -1898(t5)
core   0: 3 0x8000a76e (0x883f2b23) mem 0x80010000 0x00000001
core   0: 0x8000a772 (0x0000bfe5) c.j     pc - 8
core   0: 3 0x8000a772 (0xbfe5)
core   0: 0x8000a76a (0x00006f17) auipc   t5, 0x6
core   0: 3 0x8000a76a (0x00006f17) x30 0x8001076a
core   0: 0x8000a76e (0x883f2b23) sw      gp, -1898(t5)
core   0: 3 0x8000a76e (0x883f2b23) mem 0x80010000 0x00000001
core   0: 0x8000a772 (0x0000bfe5) c.j     pc - 8
core   0: 3 0x8000a772 (0xbfe5)
core   0: 0x8000a76a (0x00006f17) auipc   t5, 0x6
core   0: 3 0x8000a76a (0x00006f17) x30 0x8001076a
core   0: 0x8000a76e (0x883f2b23) sw      gp, -1898(t5)
core   0: 3 0x8000a76e (0x883f2b23) mem 0x80010000 0x00000001
core   0: 0x8000a772 (0x0000bfe5) c.j     pc - 8
core   0: 3 0x8000a772 (0xbfe5)
core   0: 0x8000a76a (0x00006f17) auipc   t5, 0x6
core   0: 3 0x8000a76a (0x00006f17) x30 0x8001076a
core   0: 0x8000a76e (0x883f2b23) sw      gp, -1898(t5)
core   0: 3 0x8000a76e (0x883f2b23) mem 0x80010000 0x00000001
core   0: 0x8000a772 (0x0000bfe5) c.j     pc - 8
core   0: 3 0x8000a772 (0xbfe5)
core   0: 0x8000a76a (0x00006f17) auipc   t5, 0x6
core   0: 3 0x8000a76a (0x00006f17) x30 0x8001076a
core   0: 0x8000a76e (0x883f2b23) sw      gp, -1898(t5)
core   0: 3 0x8000a76e (0x883f2b23) mem 0x80010000 0x00000001
core   0: 0x8000a772 (0x0000bfe5) c.j     pc - 8
core   0: 3 0x8000a772 (0xbfe5)
core   0: 0x8000a76a (0x00006f17) auipc   t5, 0x6
core   0: 3 0x8000a76a (0x00006f17) x30 0x8001076a
core   0: 0x8000a76e (0x883f2b23) sw      gp, -1898(t5)
core   0: 3 0x8000a76e (0x883f2b23) mem 0x80010000 0x00000001
core   0: 0x8000a772 (0x0000bfe5) c.j     pc - 8
core   0: 3 0x8000a772 (0xbfe5)
core   0: 0x8000a76a (0x00006f17) auipc   t5, 0x6
core   0: 3 0x8000a76a (0x00006f17) x30 0x8001076a
core   0: 0x8000a76e (0x883f2b23) sw      gp, -1898(t5)
core   0: 3 0x8000a76e (0x883f2b23) mem 0x80010000 0x00000001
core   0: 0x8000a772 (0x0000bfe5) c.j     pc - 8
core   0: 3 0x8000a772 (0xbfe5)
core   0: 0x8000a76a (0x00006f17) auipc   t5, 0x6
core   0: 3 0x8000a76a (0x00006f17) x30 0x8001076a
core   0: 0x8000a76e (0x883f2b23) sw      gp, -1898(t5)
core   0: 3 0x8000a76e (0x883f2b23) mem 0x80010000 0x00000001
core   0: 0x8000a772 (0x0000bfe5) c.j     pc - 8
core   0: 3 0x8000a772 (0xbfe5)
core   0: 0x8000a76a (0x00006f17) auipc   t5, 0x6
core   0: 3 0x8000a76a (0x00006f17) x30 0x8001076a
core   0: 0x8000a76e (0x883f2b23) sw      gp, -1898(t5)
core   0: 3 0x8000a76e (0x883f2b23) mem 0x80010000 0x00000001
core   0: 0x8000a772 (0x0000bfe5) c.j     pc - 8
core   0: 3 0x8000a772 (0xbfe5)
core   0: 0x8000a76a (0x00006f17) auipc   t5, 0x6
core   0: 3 0x8000a76a (0x00006f17) x30 0x8001076a
core   0: 0x8000a76e (0x883f2b23) sw      gp, -1898(t5)
core   0: 3 0x8000a76e (0x883f2b23) mem 0x80010000 0x00000001
core   0: 0x8000a772 (0x0000bfe5) c.j     pc - 8
core   0: 3 0x8000a772 (0xbfe5)
core   0: 0x8000a76a (0x00006f17) auipc   t5, 0x6
core   0: 3 0x8000a76a (0x00006f17) x30 0x8001076a
core   0: 0x8000a76e (0x883f2b23) sw      gp, -1898(t5)
core   0: 3 0x8000a76e (0x883f2b23) mem 0x80010000 0x00000001
core   0: 0x8000a772 (0x0000bfe5) c.j     pc - 8
core   0: 3 0x8000a772 (0xbfe5)
core   0: 0x8000a76a (0x00006f17) auipc   t5, 0x6
core   0: 3 0x8000a76a (0x00006f17) x30 0x8001076a
core   0: 0x8000a76e (0x883f2b23) sw      gp, -1898(t5)
core   0: 3 0x8000a76e (0x883f2b23) mem 0x80010000 0x00000001
core   0: 0x8000a772 (0x0000bfe5) c.j     pc - 8
core   0: 3 0x8000a772 (0xbfe5)
core   0: 0x8000a76a (0x00006f17) auipc   t5, 0x6
core   0: 3 0x8000a76a (0x00006f17) x30 0x8001076a
core   0: 0x8000a76e (0x883f2b23) sw      gp, -1898(t5)
core   0: 3 0x8000a76e (0x883f2b23) mem 0x80010000 0x00000001
core   0: 0x8000a772 (0x0000bfe5) c.j     pc - 8
core   0: 3 0x8000a772 (0xbfe5)
core   0: 0x8000a76a (0x00006f17) auipc   t5, 0x6
core   0: 3 0x8000a76a (0x00006f17) x30 0x8001076a
core   0: 0x8000a76e (0x883f2b23) sw      gp, -1898(t5)
core   0: 3 0x8000a76e (0x883f2b23) mem 0x80010000 0x00000001
core   0: 0x8000a772 (0x0000bfe5) c.j     pc - 8
core   0: 3 0x8000a772 (0xbfe5)
core   0: 0x8000a76a (0x00006f17) auipc   t5, 0x6
core   0: 3 0x8000a76a (0x00006f17) x30 0x8001076a
core   0: 0x8000a76e (0x883f2b23) sw      gp, -1898(t5)
core   0: 3 0x8000a76e (0x883f2b23) mem 0x80010000 0x00000001
core   0: 0x8000a772 (0x0000bfe5) c.j     pc - 8
core   0: 3 0x8000a772 (0xbfe5)
core   0: 0x8000a76a (0x00006f17) auipc   t5, 0x6
core   0: 3 0x8000a76a (0x00006f17) x30 0x8001076a
core   0: 0x8000a76e (0x883f2b23) sw      gp, -1898(t5)
core   0: 3 0x8000a76e (0x883f2b23) mem 0x80010000 0x00000001
core   0: 0x8000a772 (0x0000bfe5) c.j     pc - 8
core   0: 3 0x8000a772 (0xbfe5)
core   0: 0x8000a76a (0x00006f17) auipc   t5, 0x6
core   0: 3 0x8000a76a (0x00006f17) x30 0x8001076a
core   0: 0x8000a76e (0x883f2b23) sw      gp, -1898(t5)
core   0: 3 0x8000a76e (0x883f2b23) mem 0x80010000 0x00000001
core   0: 0x8000a772 (0x0000bfe5) c.j     pc - 8
core   0: 3 0x8000a772 (0xbfe5)
core   0: 0x8000a76a (0x00006f17) auipc   t5, 0x6
core   0: 3 0x8000a76a (0x00006f17) x30 0x8001076a
core   0: 0x8000a76e (0x883f2b23) sw      gp, -1898(t5)
core   0: 3 0x8000a76e (0x883f2b23) mem 0x80010000 0x00000001
core   0: 0x8000a772 (0x0000bfe5) c.j     pc - 8
core   0: 3 0x8000a772 (0xbfe5)
core   0: 0x8000a76a (0x00006f17) auipc   t5, 0x6
core   0: 3 0x8000a76a (0x00006f17) x30 0x8001076a
core   0: 0x8000a76e (0x883f2b23) sw      gp, -1898(t5)
core   0: 3 0x8000a76e (0x883f2b23) mem 0x80010000 0x00000001
core   0: 0x8000a772 (0x0000bfe5) c.j     pc - 8
core   0: 3 0x8000a772 (0xbfe5)
core   0: 0x8000a76a (0x00006f17) auipc   t5, 0x6
core   0: 3 0x8000a76a (0x00006f17) x30 0x8001076a
core   0: 0x8000a76e (0x883f2b23) sw      gp, -1898(t5)
core   0: 3 0x8000a76e (0x883f2b23) mem 0x80010000 0x00000001
core   0: 0x8000a772 (0x0000bfe5) c.j     pc - 8
core   0: 3 0x8000a772 (0xbfe5)
core   0: 0x8000a76a (0x00006f17) auipc   t5, 0x6
core   0: 3 0x8000a76a (0x00006f17) x30 0x8001076a
core   0: 0x8000a76e (0x883f2b23) sw      gp, -1898(t5)
core   0: 3 0x8000a76e (0x883f2b23) mem 0x80010000 0x00000001
core   0: 0x8000a772 (0x0000bfe5) c.j     pc - 8
core   0: 3 0x8000a772 (0xbfe5)
core   0: 0x8000a76a (0x00006f17) auipc   t5, 0x6
core   0: 3 0x8000a76a (0x00006f17) x30 0x8001076a
core   0: 0x8000a76e (0x883f2b23) sw      gp, -1898(t5)
core   0: 3 0x8000a76e (0x883f2b23) mem 0x80010000 0x00000001
core   0: 0x8000a772 (0x0000bfe5) c.j     pc - 8
core   0: 3 0x8000a772 (0xbfe5)
core   0: 0x8000a76a (0x00006f17) auipc   t5, 0x6
core   0: 3 0x8000a76a (0x00006f17) x30 0x8001076a
core   0: 0x8000a76e (0x883f2b23) sw      gp, -1898(t5)
core   0: 3 0x8000a76e (0x883f2b23) mem 0x80010000 0x00000001
core   0: 0x8000a772 (0x0000bfe5) c.j     pc - 8
core   0: 3 0x8000a772 (0xbfe5)
core   0: 0x8000a76a (0x00006f17) auipc   t5, 0x6
core   0: 3 0x8000a76a (0x00006f17) x30 0x8001076a
core   0: 0x8000a76e (0x883f2b23) sw      gp, -1898(t5)
core   0: 3 0x8000a76e (0x883f2b23) mem 0x80010000 0x00000001
core   0: 0x8000a772 (0x0000bfe5) c.j     pc - 8
core   0: 3 0x8000a772 (0xbfe5)
core   0: 0x8000a76a (0x00006f17) auipc   t5, 0x6
core   0: 3 0x8000a76a (0x00006f17) x30 0x8001076a
core   0: 0x8000a76e (0x883f2b23) sw      gp, -1898(t5)
core   0: 3 0x8000a76e (0x883f2b23) mem 0x80010000 0x00000001
core   0: 0x8000a772 (0x0000bfe5) c.j     pc - 8
core   0: 3 0x8000a772 (0xbfe5)
core   0: 0x8000a76a (0x00006f17) auipc   t5, 0x6
core   0: 3 0x8000a76a (0x00006f17) x30 0x8001076a
core   0: 0x8000a76e (0x883f2b23) sw      gp, -1898(t5)
core   0: 3 0x8000a76e (0x883f2b23) mem 0x80010000 0x00000001
core   0: 0x8000a772 (0x0000bfe5) c.j     pc - 8
core   0: 3 0x8000a772 (0xbfe5)
core   0: 0x8000a76a (0x00006f17) auipc   t5, 0x6
core   0: 3 0x8000a76a (0x00006f17) x30 0x8001076a
core   0: 0x8000a76e (0x883f2b23) sw      gp, -1898(t5)
core   0: 3 0x8000a76e (0x883f2b23) mem 0x80010000 0x00000001
core   0: 0x8000a772 (0x0000bfe5) c.j     pc - 8
core   0: 3 0x8000a772 (0xbfe5)
core   0: 0x8000a76a (0x00006f17) auipc   t5, 0x6
core   0: 3 0x8000a76a (0x00006f17) x30 0x8001076a
core   0: 0x8000a76e (0x883f2b23) sw      gp, -1898(t5)
core   0: 3 0x8000a76e (0x883f2b23) mem 0x80010000 0x00000001
core   0: 0x8000a772 (0x0000bfe5) c.j     pc - 8
core   0: 3 0x8000a772 (0xbfe5)
core   0: 0x8000a76a (0x00006f17) auipc   t5, 0x6
core   0: 3 0x8000a76a (0x00006f17) x30 0x8001076a
core   0: 0x8000a76e (0x883f2b23) sw      gp, -1898(t5)
core   0: 3 0x8000a76e (0x883f2b23) mem 0x80010000 0x00000001
core   0: 0x8000a772 (0x0000bfe5) c.j     pc - 8
core   0: 3 0x8000a772 (0xbfe5)
core   0: 0x8000a76a (0x00006f17) auipc   t5, 0x6
core   0: 3 0x8000a76a (0x00006f17) x30 0x8001076a
core   0: 0x8000a76e (0x883f2b23) sw      gp, -1898(t5)
core   0: 3 0x8000a76e (0x883f2b23) mem 0x80010000 0x00000001
core   0: 0x8000a772 (0x0000bfe5) c.j     pc - 8
core   0: 3 0x8000a772 (0xbfe5)
core   0: 0x8000a76a (0x00006f17) auipc   t5, 0x6
core   0: 3 0x8000a76a (0x00006f17) x30 0x8001076a
core   0: 0x8000a76e (0x883f2b23) sw      gp, -1898(t5)
core   0: 3 0x8000a76e (0x883f2b23) mem 0x80010000 0x00000001
core   0: 0x8000a772 (0x0000bfe5) c.j     pc - 8
core   0: 3 0x8000a772 (0xbfe5)
core   0: 0x8000a76a (0x00006f17) auipc   t5, 0x6
core   0: 3 0x8000a76a (0x00006f17) x30 0x8001076a
core   0: 0x8000a76e (0x883f2b23) sw      gp, -1898(t5)
core   0: 3 0x8000a76e (0x883f2b23) mem 0x80010000 0x00000001
core   0: 0x8000a772 (0x0000bfe5) c.j     pc - 8
core   0: 3 0x8000a772 (0xbfe5)
core   0: 0x8000a76a (0x00006f17) auipc   t5, 0x6
core   0: 3 0x8000a76a (0x00006f17) x30 0x8001076a
core   0: 0x8000a76e (0x883f2b23) sw      gp, -1898(t5)
core   0: 3 0x8000a76e (0x883f2b23) mem 0x80010000 0x00000001
core   0: 0x8000a772 (0x0000bfe5) c.j     pc - 8
core   0: 3 0x8000a772 (0xbfe5)
core   0: 0x8000a76a (0x00006f17) auipc   t5, 0x6
core   0: 3 0x8000a76a (0x00006f17) x30 0x8001076a
core   0: 0x8000a76e (0x883f2b23) sw      gp, -1898(t5)
core   0: 3 0x8000a76e (0x883f2b23) mem 0x80010000 0x00000001
core   0: 0x8000a772 (0x0000bfe5) c.j     pc - 8
core   0: 3 0x8000a772 (0xbfe5)
core   0: 0x8000a76a (0x00006f17) auipc   t5, 0x6
core   0: 3 0x8000a76a (0x00006f17) x30 0x8001076a
core   0: 0x8000a76e (0x883f2b23) sw      gp, -1898(t5)
core   0: 3 0x8000a76e (0x883f2b23) mem 0x80010000 0x00000001
core   0: 0x8000a772 (0x0000bfe5) c.j     pc - 8
core   0: 3 0x8000a772 (0xbfe5)
core   0: 0x8000a76a (0x00006f17) auipc   t5, 0x6
core   0: 3 0x8000a76a (0x00006f17) x30 0x8001076a
core   0: 0x8000a76e (0x883f2b23) sw      gp, -1898(t5)
core   0: 3 0x8000a76e (0x883f2b23) mem 0x80010000 0x00000001
core   0: 0x8000a772 (0x0000bfe5) c.j     pc - 8
core   0: 3 0x8000a772 (0xbfe5)
core   0: 0x8000a76a (0x00006f17) auipc   t5, 0x6
core   0: 3 0x8000a76a (0x00006f17) x30 0x8001076a
core   0: 0x8000a76e (0x883f2b23) sw      gp, -1898(t5)
core   0: 3 0x8000a76e (0x883f2b23) mem 0x80010000 0x00000001
core   0: 0x8000a772 (0x0000bfe5) c.j     pc - 8
core   0: 3 0x8000a772 (0xbfe5)
core   0: 0x8000a76a (0x00006f17) auipc   t5, 0x6
core   0: 3 0x8000a76a (0x00006f17) x30 0x8001076a
core   0: 0x8000a76e (0x883f2b23) sw      gp, -1898(t5)
core   0: 3 0x8000a76e (0x883f2b23) mem 0x80010000 0x00000001
core   0: 0x8000a772 (0x0000bfe5) c.j     pc - 8
core   0: 3 0x8000a772 (0xbfe5)
core   0: 0x8000a76a (0x00006f17) auipc   t5, 0x6
core   0: 3 0x8000a76a (0x00006f17) x30 0x8001076a
core   0: 0x8000a76e (0x883f2b23) sw      gp, -1898(t5)
core   0: 3 0x8000a76e (0x883f2b23) mem 0x80010000 0x00000001
core   0: 0x8000a772 (0x0000bfe5) c.j     pc - 8
core   0: 3 0x8000a772 (0xbfe5)
core   0: 0x8000a76a (0x00006f17) auipc   t5, 0x6
core   0: 3 0x8000a76a (0x00006f17) x30 0x8001076a
core   0: 0x8000a76e (0x883f2b23) sw      gp, -1898(t5)
core   0: 3 0x8000a76e (0x883f2b23) mem 0x80010000 0x00000001
core   0: 0x8000a772 (0x0000bfe5) c.j     pc - 8
core   0: 3 0x8000a772 (0xbfe5)
core   0: 0x8000a76a (0x00006f17) auipc   t5, 0x6
core   0: 3 0x8000a76a (0x00006f17) x30 0x8001076a
core   0: 0x8000a76e (0x883f2b23) sw      gp, -1898(t5)
core   0: 3 0x8000a76e (0x883f2b23) mem 0x80010000 0x00000001
core   0: 0x8000a772 (0x0000bfe5) c.j     pc - 8
core   0: 3 0x8000a772 (0xbfe5)
core   0: 0x8000a76a (0x00006f17) auipc   t5, 0x6
core   0: 3 0x8000a76a (0x00006f17) x30 0x8001076a
core   0: 0x8000a76e (0x883f2b23) sw      gp, -1898(t5)
core   0: 3 0x8000a76e (0x883f2b23) mem 0x80010000 0x00000001
core   0: 0x8000a772 (0x0000bfe5) c.j     pc - 8
core   0: 3 0x8000a772 (0xbfe5)
core   0: 0x8000a76a (0x00006f17) auipc   t5, 0x6
core   0: 3 0x8000a76a (0x00006f17) x30 0x8001076a
core   0: 0x8000a76e (0x883f2b23) sw      gp, -1898(t5)
core   0: 3 0x8000a76e (0x883f2b23) mem 0x80010000 0x00000001
core   0: 0x8000a772 (0x0000bfe5) c.j     pc - 8
core   0: 3 0x8000a772 (0xbfe5)
core   0: 0x8000a76a (0x00006f17) auipc   t5, 0x6
core   0: 3 0x8000a76a (0x00006f17) x30 0x8001076a
core   0: 0x8000a76e (0x883f2b23) sw      gp, -1898(t5)
core   0: 3 0x8000a76e (0x883f2b23) mem 0x80010000 0x00000001
core   0: 0x8000a772 (0x0000bfe5) c.j     pc - 8
core   0: 3 0x8000a772 (0xbfe5)
core   0: 0x8000a76a (0x00006f17) auipc   t5, 0x6
core   0: 3 0x8000a76a (0x00006f17) x30 0x8001076a
core   0: 0x8000a76e (0x883f2b23) sw      gp, -1898(t5)
core   0: 3 0x8000a76e (0x883f2b23) mem 0x80010000 0x00000001
core   0: 0x8000a772 (0x0000bfe5) c.j     pc - 8
core   0: 3 0x8000a772 (0xbfe5)
core   0: 0x8000a76a (0x00006f17) auipc   t5, 0x6
core   0: 3 0x8000a76a (0x00006f17) x30 0x8001076a
core   0: 0x8000a76e (0x883f2b23) sw      gp, -1898(t5)
core   0: 3 0x8000a76e (0x883f2b23) mem 0x80010000 0x00000001
core   0: 0x8000a772 (0x0000bfe5) c.j     pc - 8
core   0: 3 0x8000a772 (0xbfe5)
core   0: 0x8000a76a (0x00006f17) auipc   t5, 0x6
core   0: 3 0x8000a76a (0x00006f17) x30 0x8001076a
core   0: 0x8000a76e (0x883f2b23) sw      gp, -1898(t5)
core   0: 3 0x8000a76e (0x883f2b23) mem 0x80010000 0x00000001
core   0: 0x8000a772 (0x0000bfe5) c.j     pc - 8
core   0: 3 0x8000a772 (0xbfe5)
core   0: 0x8000a76a (0x00006f17) auipc   t5, 0x6
core   0: 3 0x8000a76a (0x00006f17) x30 0x8001076a
core   0: 0x8000a76e (0x883f2b23) sw      gp, -1898(t5)
core   0: 3 0x8000a76e (0x883f2b23) mem 0x80010000 0x00000001
core   0: 0x8000a772 (0x0000bfe5) c.j     pc - 8
core   0: 3 0x8000a772 (0xbfe5)
core   0: 0x8000a76a (0x00006f17) auipc   t5, 0x6
core   0: 3 0x8000a76a (0x00006f17) x30 0x8001076a
core   0: 0x8000a76e (0x883f2b23) sw      gp, -1898(t5)
core   0: 3 0x8000a76e (0x883f2b23) mem 0x80010000 0x00000001
core   0: 0x8000a772 (0x0000bfe5) c.j     pc - 8
core   0: 3 0x8000a772 (0xbfe5)
core   0: 0x8000a76a (0x00006f17) auipc   t5, 0x6
core   0: 3 0x8000a76a (0x00006f17) x30 0x8001076a
core   0: 0x8000a76e (0x883f2b23) sw      gp, -1898(t5)
core   0: 3 0x8000a76e (0x883f2b23) mem 0x80010000 0x00000001
core   0: 0x8000a772 (0x0000bfe5) c.j     pc - 8
core   0: 3 0x8000a772 (0xbfe5)
core   0: 0x8000a76a (0x00006f17) auipc   t5, 0x6
core   0: 3 0x8000a76a (0x00006f17) x30 0x8001076a
core   0: 0x8000a76e (0x883f2b23) sw      gp, -1898(t5)
core   0: 3 0x8000a76e (0x883f2b23) mem 0x80010000 0x00000001
core   0: 0x8000a772 (0x0000bfe5) c.j     pc - 8
core   0: 3 0x8000a772 (0xbfe5)
core   0: 0x8000a76a (0x00006f17) auipc   t5, 0x6
core   0: 3 0x8000a76a (0x00006f17) x30 0x8001076a
core   0: 0x8000a76e (0x883f2b23) sw      gp, -1898(t5)
core   0: 3 0x8000a76e (0x883f2b23) mem 0x80010000 0x00000001
core   0: 0x8000a772 (0x0000bfe5) c.j     pc - 8
core   0: 3 0x8000a772 (0xbfe5)
core   0: 0x8000a76a (0x00006f17) auipc   t5, 0x6
core   0: 3 0x8000a76a (0x00006f17) x30 0x8001076a
core   0: 0x8000a76e (0x883f2b23) sw      gp, -1898(t5)
core   0: 3 0x8000a76e (0x883f2b23) mem 0x80010000 0x00000001
core   0: 0x8000a772 (0x0000bfe5) c.j     pc - 8
core   0: 3 0x8000a772 (0xbfe5)
core   0: 0x8000a76a (0x00006f17) auipc   t5, 0x6
core   0: 3 0x8000a76a (0x00006f17) x30 0x8001076a
core   0: 0x8000a76e (0x883f2b23) sw      gp, -1898(t5)
core   0: 3 0x8000a76e (0x883f2b23) mem 0x80010000 0x00000001
core   0: 0x8000a772 (0x0000bfe5) c.j     pc - 8
core   0: 3 0x8000a772 (0xbfe5)
core   0: 0x8000a76a (0x00006f17) auipc   t5, 0x6
core   0: 3 0x8000a76a (0x00006f17) x30 0x8001076a
core   0: 0x8000a76e (0x883f2b23) sw      gp, -1898(t5)
core   0: 3 0x8000a76e (0x883f2b23) mem 0x80010000 0x00000001
core   0: 0x8000a772 (0x0000bfe5) c.j     pc - 8
core   0: 3 0x8000a772 (0xbfe5)
core   0: 0x8000a76a (0x00006f17) auipc   t5, 0x6
core   0: 3 0x8000a76a (0x00006f17) x30 0x8001076a
core   0: 0x8000a76e (0x883f2b23) sw      gp, -1898(t5)
core   0: 3 0x8000a76e (0x883f2b23) mem 0x80010000 0x00000001
core   0: 0x8000a772 (0x0000bfe5) c.j     pc - 8
core   0: 3 0x8000a772 (0xbfe5)
core   0: 0x8000a76a (0x00006f17) auipc   t5, 0x6
core   0: 3 0x8000a76a (0x00006f17) x30 0x8001076a
core   0: 0x8000a76e (0x883f2b23) sw      gp, -1898(t5)
core   0: 3 0x8000a76e (0x883f2b23) mem 0x80010000 0x00000001
core   0: 0x8000a772 (0x0000bfe5) c.j     pc - 8
core   0: 3 0x8000a772 (0xbfe5)
core   0: 0x8000a76a (0x00006f17) auipc   t5, 0x6
core   0: 3 0x8000a76a (0x00006f17) x30 0x8001076a
core   0: 0x8000a76e (0x883f2b23) sw      gp, -1898(t5)
core   0: 3 0x8000a76e (0x883f2b23) mem 0x80010000 0x00000001
core   0: 0x8000a772 (0x0000bfe5) c.j     pc - 8
core   0: 3 0x8000a772 (0xbfe5)
core   0: 0x8000a76a (0x00006f17) auipc   t5, 0x6
core   0: 3 0x8000a76a (0x00006f17) x30 0x8001076a
core   0: 0x8000a76e (0x883f2b23) sw      gp, -1898(t5)
core   0: 3 0x8000a76e (0x883f2b23) mem 0x80010000 0x00000001
core   0: 0x8000a772 (0x0000bfe5) c.j     pc - 8
core   0: 3 0x8000a772 (0xbfe5)
core   0: 0x8000a76a (0x00006f17) auipc   t5, 0x6
core   0: 3 0x8000a76a (0x00006f17) x30 0x8001076a
core   0: 0x8000a76e (0x883f2b23) sw      gp, -1898(t5)
core   0: 3 0x8000a76e (0x883f2b23) mem 0x80010000 0x00000001
core   0: 0x8000a772 (0x0000bfe5) c.j     pc - 8
core   0: 3 0x8000a772 (0xbfe5)
core   0: 0x8000a76a (0x00006f17) auipc   t5, 0x6
core   0: 3 0x8000a76a (0x00006f17) x30 0x8001076a
core   0: 0x8000a76e (0x883f2b23) sw      gp, -1898(t5)
core   0: 3 0x8000a76e (0x883f2b23) mem 0x80010000 0x00000001
core   0: 0x8000a772 (0x0000bfe5) c.j     pc - 8
core   0: 3 0x8000a772 (0xbfe5)
core   0: 0x8000a76a (0x00006f17) auipc   t5, 0x6
core   0: 3 0x8000a76a (0x00006f17) x30 0x8001076a
core   0: 0x8000a76e (0x883f2b23) sw      gp, -1898(t5)
core   0: 3 0x8000a76e (0x883f2b23) mem 0x80010000 0x00000001
core   0: 0x8000a772 (0x0000bfe5) c.j     pc - 8
core   0: 3 0x8000a772 (0xbfe5)
core   0: 0x8000a76a (0x00006f17) auipc   t5, 0x6
core   0: 3 0x8000a76a (0x00006f17) x30 0x8001076a
core   0: 0x8000a76e (0x883f2b23) sw      gp, -1898(t5)
core   0: 3 0x8000a76e (0x883f2b23) mem 0x80010000 0x00000001
core   0: 0x8000a772 (0x0000bfe5) c.j     pc - 8
core   0: 3 0x8000a772 (0xbfe5)
core   0: 0x8000a76a (0x00006f17) auipc   t5, 0x6
core   0: 3 0x8000a76a (0x00006f17) x30 0x8001076a
core   0: 0x8000a76e (0x883f2b23) sw      gp, -1898(t5)
core   0: 3 0x8000a76e (0x883f2b23) mem 0x80010000 0x00000001
core   0: 0x8000a772 (0x0000bfe5) c.j     pc - 8
core   0: 3 0x8000a772 (0xbfe5)
core   0: 0x8000a76a (0x00006f17) auipc   t5, 0x6
core   0: 3 0x8000a76a (0x00006f17) x30 0x8001076a
core   0: 0x8000a76e (0x883f2b23) sw      gp, -1898(t5)
core   0: 3 0x8000a76e (0x883f2b23) mem 0x80010000 0x00000001
core   0: 0x8000a772 (0x0000bfe5) c.j     pc - 8
core   0: 3 0x8000a772 (0xbfe5)
core   0: 0x8000a76a (0x00006f17) auipc   t5, 0x6
core   0: 3 0x8000a76a (0x00006f17) x30 0x8001076a
core   0: 0x8000a76e (0x883f2b23) sw      gp, -1898(t5)
core   0: 3 0x8000a76e (0x883f2b23) mem 0x80010000 0x00000001
core   0: 0x8000a772 (0x0000bfe5) c.j     pc - 8
core   0: 3 0x8000a772 (0xbfe5)
core   0: 0x8000a76a (0x00006f17) auipc   t5, 0x6
core   0: 3 0x8000a76a (0x00006f17) x30 0x8001076a
core   0: 0x8000a76e (0x883f2b23) sw      gp, -1898(t5)
core   0: 3 0x8000a76e (0x883f2b23) mem 0x80010000 0x00000001
core   0: 0x8000a772 (0x0000bfe5) c.j     pc - 8
core   0: 3 0x8000a772 (0xbfe5)
core   0: 0x8000a76a (0x00006f17) auipc   t5, 0x6
core   0: 3 0x8000a76a (0x00006f17) x30 0x8001076a
core   0: 0x8000a76e (0x883f2b23) sw      gp, -1898(t5)
core   0: 3 0x8000a76e (0x883f2b23) mem 0x80010000 0x00000001
core   0: 0x8000a772 (0x0000bfe5) c.j     pc - 8
core   0: 3 0x8000a772 (0xbfe5)
core   0: 0x8000a76a (0x00006f17) auipc   t5, 0x6
core   0: 3 0x8000a76a (0x00006f17) x30 0x8001076a
core   0: 0x8000a76e (0x883f2b23) sw      gp, -1898(t5)
core   0: 3 0x8000a76e (0x883f2b23) mem 0x80010000 0x00000001
core   0: 0x8000a772 (0x0000bfe5) c.j     pc - 8
core   0: 3 0x8000a772 (0xbfe5)
core   0: 0x8000a76a (0x00006f17) auipc   t5, 0x6
core   0: 3 0x8000a76a (0x00006f17) x30 0x8001076a
core   0: 0x8000a76e (0x883f2b23) sw      gp, -1898(t5)
core   0: 3 0x8000a76e (0x883f2b23) mem 0x80010000 0x00000001
core   0: 0x8000a772 (0x0000bfe5) c.j     pc - 8
core   0: 3 0x8000a772 (0xbfe5)
core   0: 0x8000a76a (0x00006f17) auipc   t5, 0x6
core   0: 3 0x8000a76a (0x00006f17) x30 0x8001076a
core   0: 0x8000a76e (0x883f2b23) sw      gp, -1898(t5)
core   0: 3 0x8000a76e (0x883f2b23) mem 0x80010000 0x00000001
core   0: 0x8000a772 (0x0000bfe5) c.j     pc - 8
core   0: 3 0x8000a772 (0xbfe5)
core   0: 0x8000a76a (0x00006f17) auipc   t5, 0x6
core   0: 3 0x8000a76a (0x00006f17) x30 0x8001076a
core   0: 0x8000a76e (0x883f2b23) sw      gp, -1898(t5)
core   0: 3 0x8000a76e (0x883f2b23) mem 0x80010000 0x00000001
core   0: 0x8000a772 (0x0000bfe5) c.j     pc - 8
core   0: 3 0x8000a772 (0xbfe5)
core   0: 0x8000a76a (0x00006f17) auipc   t5, 0x6
core   0: 3 0x8000a76a (0x00006f17) x30 0x8001076a
core   0: 0x8000a76e (0x883f2b23) sw      gp, -1898(t5)
core   0: 3 0x8000a76e (0x883f2b23) mem 0x80010000 0x00000001
core   0: 0x8000a772 (0x0000bfe5) c.j     pc - 8
core   0: 3 0x8000a772 (0xbfe5)
core   0: 0x8000a76a (0x00006f17) auipc   t5, 0x6
core   0: 3 0x8000a76a (0x00006f17) x30 0x8001076a
core   0: 0x8000a76e (0x883f2b23) sw      gp, -1898(t5)
core   0: 3 0x8000a76e (0x883f2b23) mem 0x80010000 0x00000001
core   0: 0x8000a772 (0x0000bfe5) c.j     pc - 8
core   0: 3 0x8000a772 (0xbfe5)
core   0: 0x8000a76a (0x00006f17) auipc   t5, 0x6
core   0: 3 0x8000a76a (0x00006f17) x30 0x8001076a
core   0: 0x8000a76e (0x883f2b23) sw      gp, -1898(t5)
core   0: 3 0x8000a76e (0x883f2b23) mem 0x80010000 0x00000001
core   0: 0x8000a772 (0x0000bfe5) c.j     pc - 8
core   0: 3 0x8000a772 (0xbfe5)
core   0: 0x8000a76a (0x00006f17) auipc   t5, 0x6
core   0: 3 0x8000a76a (0x00006f17) x30 0x8001076a
core   0: 0x8000a76e (0x883f2b23) sw      gp, -1898(t5)
core   0: 3 0x8000a76e (0x883f2b23) mem 0x80010000 0x00000001
core   0: 0x8000a772 (0x0000bfe5) c.j     pc - 8
core   0: 3 0x8000a772 (0xbfe5)
core   0: 0x8000a76a (0x00006f17) auipc   t5, 0x6
core   0: 3 0x8000a76a (0x00006f17) x30 0x8001076a
core   0: 0x8000a76e (0x883f2b23) sw      gp, -1898(t5)
core   0: 3 0x8000a76e (0x883f2b23) mem 0x80010000 0x00000001
core   0: 0x8000a772 (0x0000bfe5) c.j     pc - 8
core   0: 3 0x8000a772 (0xbfe5)
core   0: 0x8000a76a (0x00006f17) auipc   t5, 0x6
core   0: 3 0x8000a76a (0x00006f17) x30 0x8001076a
core   0: 0x8000a76e (0x883f2b23) sw      gp, -1898(t5)
core   0: 3 0x8000a76e (0x883f2b23) mem 0x80010000 0x00000001
core   0: 0x8000a772 (0x0000bfe5) c.j     pc - 8
core   0: 3 0x8000a772 (0xbfe5)
core   0: 0x8000a76a (0x00006f17) auipc   t5, 0x6
core   0: 3 0x8000a76a (0x00006f17) x30 0x8001076a
core   0: 0x8000a76e (0x883f2b23) sw      gp, -1898(t5)
core   0: 3 0x8000a76e (0x883f2b23) mem 0x80010000 0x00000001
core   0: 0x8000a772 (0x0000bfe5) c.j     pc - 8
core   0: 3 0x8000a772 (0xbfe5)
core   0: 0x8000a76a (0x00006f17) auipc   t5, 0x6
core   0: 3 0x8000a76a (0x00006f17) x30 0x8001076a
core   0: 0x8000a76e (0x883f2b23) sw      gp, -1898(t5)
core   0: 3 0x8000a76e (0x883f2b23) mem 0x80010000 0x00000001
core   0: 0x8000a772 (0x0000bfe5) c.j     pc - 8
core   0: 3 0x8000a772 (0xbfe5)
core   0: 0x8000a76a (0x00006f17) auipc   t5, 0x6
core   0: 3 0x8000a76a (0x00006f17) x30 0x8001076a
core   0: 0x8000a76e (0x883f2b23) sw      gp, -1898(t5)
core   0: 3 0x8000a76e (0x883f2b23) mem 0x80010000 0x00000001
core   0: 0x8000a772 (0x0000bfe5) c.j     pc - 8
core   0: 3 0x8000a772 (0xbfe5)
core   0: 0x8000a76a (0x00006f17) auipc   t5, 0x6
core   0: 3 0x8000a76a (0x00006f17) x30 0x8001076a
core   0: 0x8000a76e (0x883f2b23) sw      gp, -1898(t5)
core   0: 3 0x8000a76e (0x883f2b23) mem 0x80010000 0x00000001
core   0: 0x8000a772 (0x0000bfe5) c.j     pc - 8
core   0: 3 0x8000a772 (0xbfe5)
core   0: 0x8000a76a (0x00006f17) auipc   t5, 0x6
core   0: 3 0x8000a76a (0x00006f17) x30 0x8001076a
core   0: 0x8000a76e (0x883f2b23) sw      gp, -1898(t5)
core   0: 3 0x8000a76e (0x883f2b23) mem 0x80010000 0x00000001
core   0: 0x8000a772 (0x0000bfe5) c.j     pc - 8
core   0: 3 0x8000a772 (0xbfe5)
core   0: 0x8000a76a (0x00006f17) auipc   t5, 0x6
core   0: 3 0x8000a76a (0x00006f17) x30 0x8001076a
core   0: 0x8000a76e (0x883f2b23) sw      gp, -1898(t5)
core   0: 3 0x8000a76e (0x883f2b23) mem 0x80010000 0x00000001
core   0: 0x8000a772 (0x0000bfe5) c.j     pc - 8
core   0: 3 0x8000a772 (0xbfe5)
core   0: 0x8000a76a (0x00006f17) auipc   t5, 0x6
core   0: 3 0x8000a76a (0x00006f17) x30 0x8001076a
core   0: 0x8000a76e (0x883f2b23) sw      gp, -1898(t5)
core   0: 3 0x8000a76e (0x883f2b23) mem 0x80010000 0x00000001
core   0: 0x8000a772 (0x0000bfe5) c.j     pc - 8
core   0: 3 0x8000a772 (0xbfe5)
core   0: 0x8000a76a (0x00006f17) auipc   t5, 0x6
core   0: 3 0x8000a76a (0x00006f17) x30 0x8001076a
core   0: 0x8000a76e (0x883f2b23) sw      gp, -1898(t5)
core   0: 3 0x8000a76e (0x883f2b23) mem 0x80010000 0x00000001
core   0: 0x8000a772 (0x0000bfe5) c.j     pc - 8
core   0: 3 0x8000a772 (0xbfe5)
core   0: 0x8000a76a (0x00006f17) auipc   t5, 0x6
core   0: 3 0x8000a76a (0x00006f17) x30 0x8001076a
core   0: 0x8000a76e (0x883f2b23) sw      gp, -1898(t5)
core   0: 3 0x8000a76e (0x883f2b23) mem 0x80010000 0x00000001
core   0: 0x8000a772 (0x0000bfe5) c.j     pc - 8
core   0: 3 0x8000a772 (0xbfe5)
core   0: 0x8000a76a (0x00006f17) auipc   t5, 0x6
core   0: 3 0x8000a76a (0x00006f17) x30 0x8001076a
core   0: 0x8000a76e (0x883f2b23) sw      gp, -1898(t5)
core   0: 3 0x8000a76e (0x883f2b23) mem 0x80010000 0x00000001
core   0: 0x8000a772 (0x0000bfe5) c.j     pc - 8
core   0: 3 0x8000a772 (0xbfe5)
core   0: 0x8000a76a (0x00006f17) auipc   t5, 0x6
core   0: 3 0x8000a76a (0x00006f17) x30 0x8001076a
core   0: 0x8000a76e (0x883f2b23) sw      gp, -1898(t5)
core   0: 3 0x8000a76e (0x883f2b23) mem 0x80010000 0x00000001
core   0: 0x8000a772 (0x0000bfe5) c.j     pc - 8
core   0: 3 0x8000a772 (0xbfe5)
core   0: 0x8000a76a (0x00006f17) auipc   t5, 0x6
core   0: 3 0x8000a76a (0x00006f17) x30 0x8001076a
core   0: 0x8000a76e (0x883f2b23) sw      gp, -1898(t5)
core   0: 3 0x8000a76e (0x883f2b23) mem 0x80010000 0x00000001
core   0: 0x8000a772 (0x0000bfe5) c.j     pc - 8
core   0: 3 0x8000a772 (0xbfe5)
core   0: 0x8000a76a (0x00006f17) auipc   t5, 0x6
core   0: 3 0x8000a76a (0x00006f17) x30 0x8001076a
core   0: 0x8000a76e (0x883f2b23) sw      gp, -1898(t5)
core   0: 3 0x8000a76e (0x883f2b23) mem 0x80010000 0x00000001
core   0: 0x8000a772 (0x0000bfe5) c.j     pc - 8
core   0: 3 0x8000a772 (0xbfe5)
core   0: 0x8000a76a (0x00006f17) auipc   t5, 0x6
core   0: 3 0x8000a76a (0x00006f17) x30 0x8001076a
core   0: 0x8000a76e (0x883f2b23) sw      gp, -1898(t5)
core   0: 3 0x8000a76e (0x883f2b23) mem 0x80010000 0x00000001
core   0: 0x8000a772 (0x0000bfe5) c.j     pc - 8
core   0: 3 0x8000a772 (0xbfe5)
core   0: 0x8000a76a (0x00006f17) auipc   t5, 0x6
core   0: 3 0x8000a76a (0x00006f17) x30 0x8001076a
core   0: 0x8000a76e (0x883f2b23) sw      gp, -1898(t5)
core   0: 3 0x8000a76e (0x883f2b23) mem 0x80010000 0x00000001
core   0: 0x8000a772 (0x0000bfe5) c.j     pc - 8
core   0: 3 0x8000a772 (0xbfe5)
core   0: 0x8000a76a (0x00006f17) auipc   t5, 0x6
core   0: 3 0x8000a76a (0x00006f17) x30 0x8001076a
core   0: 0x8000a76e (0x883f2b23) sw      gp, -1898(t5)
core   0: 3 0x8000a76e (0x883f2b23) mem 0x80010000 0x00000001
core   0: 0x8000a772 (0x0000bfe5) c.j     pc - 8
core   0: 3 0x8000a772 (0xbfe5)
core   0: 0x8000a76a (0x00006f17) auipc   t5, 0x6
core   0: 3 0x8000a76a (0x00006f17) x30 0x8001076a
core   0: 0x8000a76e (0x883f2b23) sw      gp, -1898(t5)
core   0: 3 0x8000a76e (0x883f2b23) mem 0x80010000 0x00000001
core   0: 0x8000a772 (0x0000bfe5) c.j     pc - 8
core   0: 3 0x8000a772 (0xbfe5)
core   0: 0x8000a76a (0x00006f17) auipc   t5, 0x6
core   0: 3 0x8000a76a (0x00006f17) x30 0x8001076a
core   0: 0x8000a76e (0x883f2b23) sw      gp, -1898(t5)
core   0: 3 0x8000a76e (0x883f2b23) mem 0x80010000 0x00000001
core   0: 0x8000a772 (0x0000bfe5) c.j     pc - 8
core   0: 3 0x8000a772 (0xbfe5)
core   0: 0x8000a76a (0x00006f17) auipc   t5, 0x6
core   0: 3 0x8000a76a (0x00006f17) x30 0x8001076a
core   0: 0x8000a76e (0x883f2b23) sw      gp, -1898(t5)
core   0: 3 0x8000a76e (0x883f2b23) mem 0x80010000 0x00000001
core   0: 0x8000a772 (0x0000bfe5) c.j     pc - 8
core   0: 3 0x8000a772 (0xbfe5)
core   0: 0x8000a76a (0x00006f17) auipc   t5, 0x6
core   0: 3 0x8000a76a (0x00006f17) x30 0x8001076a
core   0: 0x8000a76e (0x883f2b23) sw      gp, -1898(t5)
core   0: 3 0x8000a76e (0x883f2b23) mem 0x80010000 0x00000001
core   0: 0x8000a772 (0x0000bfe5) c.j     pc - 8
core   0: 3 0x8000a772 (0xbfe5)
core   0: 0x8000a76a (0x00006f17) auipc   t5, 0x6
core   0: 3 0x8000a76a (0x00006f17) x30 0x8001076a
core   0: 0x8000a76e (0x883f2b23) sw      gp, -1898(t5)
core   0: 3 0x8000a76e (0x883f2b23) mem 0x80010000 0x00000001
core   0: 0x8000a772 (0x0000bfe5) c.j     pc - 8
core   0: 3 0x8000a772 (0xbfe5)
core   0: 0x8000a76a (0x00006f17) auipc   t5, 0x6
core   0: 3 0x8000a76a (0x00006f17) x30 0x8001076a
core   0: 0x8000a76e (0x883f2b23) sw      gp, -1898(t5)
core   0: 3 0x8000a76e (0x883f2b23) mem 0x80010000 0x00000001
core   0: 0x8000a772 (0x0000bfe5) c.j     pc - 8
core   0: 3 0x8000a772 (0xbfe5)
core   0: 0x8000a76a (0x00006f17) auipc   t5, 0x6
core   0: 3 0x8000a76a (0x00006f17) x30 0x8001076a
core   0: 0x8000a76e (0x883f2b23) sw      gp, -1898(t5)
core   0: 3 0x8000a76e (0x883f2b23) mem 0x80010000 0x00000001
core   0: 0x8000a772 (0x0000bfe5) c.j     pc - 8
core   0: 3 0x8000a772 (0xbfe5)
core   0: 0x8000a76a (0x00006f17) auipc   t5, 0x6
core   0: 3 0x8000a76a (0x00006f17) x30 0x8001076a
core   0: 0x8000a76e (0x883f2b23) sw      gp, -1898(t5)
core   0: 3 0x8000a76e (0x883f2b23) mem 0x80010000 0x00000001
core   0: 0x8000a772 (0x0000bfe5) c.j     pc - 8
core   0: 3 0x8000a772 (0xbfe5)
core   0: 0x8000a76a (0x00006f17) auipc   t5, 0x6
core   0: 3 0x8000a76a (0x00006f17) x30 0x8001076a
core   0: 0x8000a76e (0x883f2b23) sw      gp, -1898(t5)
core   0: 3 0x8000a76e (0x883f2b23) mem 0x80010000 0x00000001
core   0: 0x8000a772 (0x0000bfe5) c.j     pc - 8
core   0: 3 0x8000a772 (0xbfe5)
core   0: 0x8000a76a (0x00006f17) auipc   t5, 0x6
core   0: 3 0x8000a76a (0x00006f17) x30 0x8001076a
core   0: 0x8000a76e (0x883f2b23) sw      gp, -1898(t5)
core   0: 3 0x8000a76e (0x883f2b23) mem 0x80010000 0x00000001
core   0: 0x8000a772 (0x0000bfe5) c.j     pc - 8
core   0: 3 0x8000a772 (0xbfe5)
core   0: 0x8000a76a (0x00006f17) auipc   t5, 0x6
core   0: 3 0x8000a76a (0x00006f17) x30 0x8001076a
core   0: 0x8000a76e (0x883f2b23) sw      gp, -1898(t5)
core   0: 3 0x8000a76e (0x883f2b23) mem 0x80010000 0x00000001
core   0: 0x8000a772 (0x0000bfe5) c.j     pc - 8
core   0: 3 0x8000a772 (0xbfe5)
core   0: 0x8000a76a (0x00006f17) auipc   t5, 0x6
core   0: 3 0x8000a76a (0x00006f17) x30 0x8001076a
core   0: 0x8000a76e (0x883f2b23) sw      gp, -1898(t5)
core   0: 3 0x8000a76e (0x883f2b23) mem 0x80010000 0x00000001
core   0: 0x8000a772 (0x0000bfe5) c.j     pc - 8
core   0: 3 0x8000a772 (0xbfe5)
core   0: 0x8000a76a (0x00006f17) auipc   t5, 0x6
core   0: 3 0x8000a76a (0x00006f17) x30 0x8001076a
core   0: 0x8000a76e (0x883f2b23) sw      gp, -1898(t5)
core   0: 3 0x8000a76e (0x883f2b23) mem 0x80010000 0x00000001
core   0: 0x8000a772 (0x0000bfe5) c.j     pc - 8
core   0: 3 0x8000a772 (0xbfe5)
core   0: 0x8000a76a (0x00006f17) auipc   t5, 0x6
core   0: 3 0x8000a76a (0x00006f17) x30 0x8001076a
core   0: 0x8000a76e (0x883f2b23) sw      gp, -1898(t5)
core   0: 3 0x8000a76e (0x883f2b23) mem 0x80010000 0x00000001
core   0: 0x8000a772 (0x0000bfe5) c.j     pc - 8
core   0: 3 0x8000a772 (0xbfe5)
core   0: 0x8000a76a (0x00006f17) auipc   t5, 0x6
core   0: 3 0x8000a76a (0x00006f17) x30 0x8001076a
core   0: 0x8000a76e (0x883f2b23) sw      gp, -1898(t5)
core   0: 3 0x8000a76e (0x883f2b23) mem 0x80010000 0x00000001
core   0: 0x8000a772 (0x0000bfe5) c.j     pc - 8
core   0: 3 0x8000a772 (0xbfe5)
core   0: 0x8000a76a (0x00006f17) auipc   t5, 0x6
core   0: 3 0x8000a76a (0x00006f17) x30 0x8001076a
core   0: 0x8000a76e (0x883f2b23) sw      gp, -1898(t5)
core   0: 3 0x8000a76e (0x883f2b23) mem 0x80010000 0x00000001
core   0: 0x8000a772 (0x0000bfe5) c.j     pc - 8
core   0: 3 0x8000a772 (0xbfe5)
core   0: 0x8000a76a (0x00006f17) auipc   t5, 0x6
core   0: 3 0x8000a76a (0x00006f17) x30 0x8001076a
core   0: 0x8000a76e (0x883f2b23) sw      gp, -1898(t5)
core   0: 3 0x8000a76e (0x883f2b23) mem 0x80010000 0x00000001
core   0: 0x8000a772 (0x0000bfe5) c.j     pc - 8
core   0: 3 0x8000a772 (0xbfe5)
core   0: 0x8000a76a (0x00006f17) auipc   t5, 0x6
core   0: 3 0x8000a76a (0x00006f17) x30 0x8001076a
core   0: 0x8000a76e (0x883f2b23) sw      gp, -1898(t5)
core   0: 3 0x8000a76e (0x883f2b23) mem 0x80010000 0x00000001
core   0: 0x8000a772 (0x0000bfe5) c.j     pc - 8
core   0: 3 0x8000a772 (0xbfe5)
core   0: 0x8000a76a (0x00006f17) auipc   t5, 0x6
core   0: 3 0x8000a76a (0x00006f17) x30 0x8001076a
core   0: 0x8000a76e (0x883f2b23) sw      gp, -1898(t5)
core   0: 3 0x8000a76e (0x883f2b23) mem 0x80010000 0x00000001
core   0: 0x8000a772 (0x0000bfe5) c.j     pc - 8
core   0: 3 0x8000a772 (0xbfe5)
core   0: 0x8000a76a (0x00006f17) auipc   t5, 0x6
core   0: 3 0x8000a76a (0x00006f17) x30 0x8001076a
core   0: 0x8000a76e (0x883f2b23) sw      gp, -1898(t5)
core   0: 3 0x8000a76e (0x883f2b23) mem 0x80010000 0x00000001
core   0: 0x8000a772 (0x0000bfe5) c.j     pc - 8
core   0: 3 0x8000a772 (0xbfe5)
core   0: 0x8000a76a (0x00006f17) auipc   t5, 0x6
core   0: 3 0x8000a76a (0x00006f17) x30 0x8001076a
core   0: 0x8000a76e (0x883f2b23) sw      gp, -1898(t5)
core   0: 3 0x8000a76e (0x883f2b23) mem 0x80010000 0x00000001
core   0: 0x8000a772 (0x0000bfe5) c.j     pc - 8
core   0: 3 0x8000a772 (0xbfe5)
core   0: 0x8000a76a (0x00006f17) auipc   t5, 0x6
core   0: 3 0x8000a76a (0x00006f17) x30 0x8001076a
core   0: 0x8000a76e (0x883f2b23) sw      gp, -1898(t5)
core   0: 3 0x8000a76e (0x883f2b23) mem 0x80010000 0x00000001
core   0: 0x8000a772 (0x0000bfe5) c.j     pc - 8
core   0: 3 0x8000a772 (0xbfe5)
core   0: 0x8000a76a (0x00006f17) auipc   t5, 0x6
core   0: 3 0x8000a76a (0x00006f17) x30 0x8001076a
core   0: 0x8000a76e (0x883f2b23) sw      gp, -1898(t5)
core   0: 3 0x8000a76e (0x883f2b23) mem 0x80010000 0x00000001
core   0: 0x8000a772 (0x0000bfe5) c.j     pc - 8
core   0: 3 0x8000a772 (0xbfe5)
core   0: 0x8000a76a (0x00006f17) auipc   t5, 0x6
core   0: 3 0x8000a76a (0x00006f17) x30 0x8001076a
core   0: 0x8000a76e (0x883f2b23) sw      gp, -1898(t5)
core   0: 3 0x8000a76e (0x883f2b23) mem 0x80010000 0x00000001
core   0: 0x8000a772 (0x0000bfe5) c.j     pc - 8
core   0: 3 0x8000a772 (0xbfe5)
core   0: 0x8000a76a (0x00006f17) auipc   t5, 0x6
core   0: 3 0x8000a76a (0x00006f17) x30 0x8001076a
core   0: 0x8000a76e (0x883f2b23) sw      gp, -1898(t5)
core   0: 3 0x8000a76e (0x883f2b23) mem 0x80010000 0x00000001
core   0: 0x8000a772 (0x0000bfe5) c.j     pc - 8
core   0: 3 0x8000a772 (0xbfe5)
core   0: 0x8000a76a (0x00006f17) auipc   t5, 0x6
core   0: 3 0x8000a76a (0x00006f17) x30 0x8001076a
core   0: 0x8000a76e (0x883f2b23) sw      gp, -1898(t5)
core   0: 3 0x8000a76e (0x883f2b23) mem 0x80010000 0x00000001
core   0: 0x8000a772 (0x0000bfe5) c.j     pc - 8
core   0: 3 0x8000a772 (0xbfe5)
core   0: 0x8000a76a (0x00006f17) auipc   t5, 0x6
core   0: 3 0x8000a76a (0x00006f17) x30 0x8001076a
core   0: 0x8000a76e (0x883f2b23) sw      gp, -1898(t5)
core   0: 3 0x8000a76e (0x883f2b23) mem 0x80010000 0x00000001
core   0: 0x8000a772 (0x0000bfe5) c.j     pc - 8
core   0: 3 0x8000a772 (0xbfe5)
core   0: 0x8000a76a (0x00006f17) auipc   t5, 0x6
core   0: 3 0x8000a76a (0x00006f17) x30 0x8001076a
core   0: 0x8000a76e (0x883f2b23) sw      gp, -1898(t5)
core   0: 3 0x8000a76e (0x883f2b23) mem 0x80010000 0x00000001
core   0: 0x8000a772 (0x0000bfe5) c.j     pc - 8
core   0: 3 0x8000a772 (0xbfe5)
core   0: 0x8000a76a (0x00006f17) auipc   t5, 0x6
core   0: 3 0x8000a76a (0x00006f17) x30 0x8001076a
core   0: 0x8000a76e (0x883f2b23) sw      gp, -1898(t5)
core   0: 3 0x8000a76e (0x883f2b23) mem 0x80010000 0x00000001
core   0: 0x8000a772 (0x0000bfe5) c.j     pc - 8
core   0: 3 0x8000a772 (0xbfe5)
core   0: 0x8000a76a (0x00006f17) auipc   t5, 0x6
core   0: 3 0x8000a76a (0x00006f17) x30 0x8001076a
core   0: 0x8000a76e (0x883f2b23) sw      gp, -1898(t5)
core   0: 3 0x8000a76e (0x883f2b23) mem 0x80010000 0x00000001
core   0: 0x8000a772 (0x0000bfe5) c.j     pc - 8
core   0: 3 0x8000a772 (0xbfe5)
core   0: 0x8000a76a (0x00006f17) auipc   t5, 0x6
core   0: 3 0x8000a76a (0x00006f17) x30 0x8001076a
core   0: 0x8000a76e (0x883f2b23) sw      gp, -1898(t5)
core   0: 3 0x8000a76e (0x883f2b23) mem 0x80010000 0x00000001
core   0: 0x8000a772 (0x0000bfe5) c.j     pc - 8
core   0: 3 0x8000a772 (0xbfe5)
core   0: 0x8000a76a (0x00006f17) auipc   t5, 0x6
core   0: 3 0x8000a76a (0x00006f17) x30 0x8001076a
core   0: 0x8000a76e (0x883f2b23) sw      gp, -1898(t5)
core   0: 3 0x8000a76e (0x883f2b23) mem 0x80010000 0x00000001
core   0: 0x8000a772 (0x0000bfe5) c.j     pc - 8
core   0: 3 0x8000a772 (0xbfe5)
core   0: 0x8000a76a (0x00006f17) auipc   t5, 0x6
core   0: 3 0x8000a76a (0x00006f17) x30 0x8001076a
core   0: 0x8000a76e (0x883f2b23) sw      gp, -1898(t5)
core   0: 3 0x8000a76e (0x883f2b23) mem 0x80010000 0x00000001
core   0: 0x8000a772 (0x0000bfe5) c.j     pc - 8
core   0: 3 0x8000a772 (0xbfe5)
core   0: 0x8000a76a (0x00006f17) auipc   t5, 0x6
core   0: 3 0x8000a76a (0x00006f17) x30 0x8001076a
core   0: 0x8000a76e (0x883f2b23) sw      gp, -1898(t5)
core   0: 3 0x8000a76e (0x883f2b23) mem 0x80010000 0x00000001
core   0: 0x8000a772 (0x0000bfe5) c.j     pc - 8
core   0: 3 0x8000a772 (0xbfe5)
core   0: 0x8000a76a (0x00006f17) auipc   t5, 0x6
core   0: 3 0x8000a76a (0x00006f17) x30 0x8001076a
core   0: 0x8000a76e (0x883f2b23) sw      gp, -1898(t5)
core   0: 3 0x8000a76e (0x883f2b23) mem 0x80010000 0x00000001
core   0: 0x8000a772 (0x0000bfe5) c.j     pc - 8
core   0: 3 0x8000a772 (0xbfe5)
core   0: 0x8000a76a (0x00006f17) auipc   t5, 0x6
core   0: 3 0x8000a76a (0x00006f17) x30 0x8001076a
core   0: 0x8000a76e (0x883f2b23) sw      gp, -1898(t5)
core   0: 3 0x8000a76e (0x883f2b23) mem 0x80010000 0x00000001
core   0: 0x8000a772 (0x0000bfe5) c.j     pc - 8
core   0: 3 0x8000a772 (0xbfe5)
core   0: 0x8000a76a (0x00006f17) auipc   t5, 0x6
core   0: 3 0x8000a76a (0x00006f17) x30 0x8001076a
core   0: 0x8000a76e (0x883f2b23) sw      gp, -1898(t5)
core   0: 3 0x8000a76e (0x883f2b23) mem 0x80010000 0x00000001
core   0: 0x8000a772 (0x0000bfe5) c.j     pc - 8
core   0: 3 0x8000a772 (0xbfe5)
core   0: 0x8000a76a (0x00006f17) auipc   t5, 0x6
core   0: 3 0x8000a76a (0x00006f17) x30 0x8001076a
core   0: 0x8000a76e (0x883f2b23) sw      gp, -1898(t5)
core   0: 3 0x8000a76e (0x883f2b23) mem 0x80010000 0x00000001
core   0: 0x8000a772 (0x0000bfe5) c.j     pc - 8
core   0: 3 0x8000a772 (0xbfe5)
core   0: 0x8000a76a (0x00006f17) auipc   t5, 0x6
core   0: 3 0x8000a76a (0x00006f17) x30 0x8001076a
core   0: 0x8000a76e (0x883f2b23) sw      gp, -1898(t5)
core   0: 3 0x8000a76e (0x883f2b23) mem 0x80010000 0x00000001
core   0: 0x8000a772 (0x0000bfe5) c.j     pc - 8
core   0: 3 0x8000a772 (0xbfe5)
core   0: 0x8000a76a (0x00006f17) auipc   t5, 0x6
core   0: 3 0x8000a76a (0x00006f17) x30 0x8001076a
core   0: 0x8000a76e (0x883f2b23) sw      gp, -1898(t5)
core   0: 3 0x8000a76e (0x883f2b23) mem 0x80010000 0x00000001
core   0: 0x8000a772 (0x0000bfe5) c.j     pc - 8
core   0: 3 0x8000a772 (0xbfe5)
core   0: 0x8000a76a (0x00006f17) auipc   t5, 0x6
core   0: 3 0x8000a76a (0x00006f17) x30 0x8001076a
core   0: 0x8000a76e (0x883f2b23) sw      gp, -1898(t5)
core   0: 3 0x8000a76e (0x883f2b23) mem 0x80010000 0x00000001
core   0: 0x8000a772 (0x0000bfe5) c.j     pc - 8
core   0: 3 0x8000a772 (0xbfe5)
core   0: 0x8000a76a (0x00006f17) auipc   t5, 0x6
core   0: 3 0x8000a76a (0x00006f17) x30 0x8001076a
core   0: 0x8000a76e (0x883f2b23) sw      gp, -1898(t5)
core   0: 3 0x8000a76e (0x883f2b23) mem 0x80010000 0x00000001
core   0: 0x8000a772 (0x0000bfe5) c.j     pc - 8
core   0: 3 0x8000a772 (0xbfe5)
core   0: 0x8000a76a (0x00006f17) auipc   t5, 0x6
core   0: 3 0x8000a76a (0x00006f17) x30 0x8001076a
core   0: 0x8000a76e (0x883f2b23) sw      gp, -1898(t5)
core   0: 3 0x8000a76e (0x883f2b23) mem 0x80010000 0x00000001
core   0: 0x8000a772 (0x0000bfe5) c.j     pc - 8
core   0: 3 0x8000a772 (0xbfe5)
core   0: 0x8000a76a (0x00006f17) auipc   t5, 0x6
core   0: 3 0x8000a76a (0x00006f17) x30 0x8001076a
core   0: 0x8000a76e (0x883f2b23) sw      gp, -1898(t5)
core   0: 3 0x8000a76e (0x883f2b23) mem 0x80010000 0x00000001
core   0: 0x8000a772 (0x0000bfe5) c.j     pc - 8
core   0: 3 0x8000a772 (0xbfe5)
core   0: 0x8000a76a (0x00006f17) auipc   t5, 0x6
core   0: 3 0x8000a76a (0x00006f17) x30 0x8001076a
core   0: 0x8000a76e (0x883f2b23) sw      gp, -1898(t5)
core   0: 3 0x8000a76e (0x883f2b23) mem 0x80010000 0x00000001
core   0: 0x8000a772 (0x0000bfe5) c.j     pc - 8
core   0: 3 0x8000a772 (0xbfe5)
core   0: 0x8000a76a (0x00006f17) auipc   t5, 0x6
core   0: 3 0x8000a76a (0x00006f17) x30 0x8001076a
core   0: 0x8000a76e (0x883f2b23) sw      gp, -1898(t5)
core   0: 3 0x8000a76e (0x883f2b23) mem 0x80010000 0x00000001
core   0: 0x8000a772 (0x0000bfe5) c.j     pc - 8
core   0: 3 0x8000a772 (0xbfe5)
core   0: 0x8000a76a (0x00006f17) auipc   t5, 0x6
core   0: 3 0x8000a76a (0x00006f17) x30 0x8001076a
core   0: 0x8000a76e (0x883f2b23) sw      gp, -1898(t5)
core   0: 3 0x8000a76e (0x883f2b23) mem 0x80010000 0x00000001
core   0: 0x8000a772 (0x0000bfe5) c.j     pc - 8
core   0: 3 0x8000a772 (0xbfe5)
core   0: 0x8000a76a (0x00006f17) auipc   t5, 0x6
core   0: 3 0x8000a76a (0x00006f17) x30 0x8001076a
core   0: 0x8000a76e (0x883f2b23) sw      gp, -1898(t5)
core   0: 3 0x8000a76e (0x883f2b23) mem 0x80010000 0x00000001
core   0: 0x8000a772 (0x0000bfe5) c.j     pc - 8
core   0: 3 0x8000a772 (0xbfe5)
core   0: 0x8000a76a (0x00006f17) auipc   t5, 0x6
core   0: 3 0x8000a76a (0x00006f17) x30 0x8001076a
core   0: 0x8000a76e (0x883f2b23) sw      gp, -1898(t5)
core   0: 3 0x8000a76e (0x883f2b23) mem 0x80010000 0x00000001
core   0: 0x8000a772 (0x0000bfe5) c.j     pc - 8
core   0: 3 0x8000a772 (0xbfe5)
core   0: 0x8000a76a (0x00006f17) auipc   t5, 0x6
core   0: 3 0x8000a76a (0x00006f17) x30 0x8001076a
core   0: 0x8000a76e (0x883f2b23) sw      gp, -1898(t5)
core   0: 3 0x8000a76e (0x883f2b23) mem 0x80010000 0x00000001
core   0: 0x8000a772 (0x0000bfe5) c.j     pc - 8
core   0: 3 0x8000a772 (0xbfe5)
core   0: 0x8000a76a (0x00006f17) auipc   t5, 0x6
core   0: 3 0x8000a76a (0x00006f17) x30 0x8001076a
core   0: 0x8000a76e (0x883f2b23) sw      gp, -1898(t5)
core   0: 3 0x8000a76e (0x883f2b23) mem 0x80010000 0x00000001
core   0: 0x8000a772 (0x0000bfe5) c.j     pc - 8
core   0: 3 0x8000a772 (0xbfe5)
core   0: 0x8000a76a (0x00006f17) auipc   t5, 0x6
core   0: 3 0x8000a76a (0x00006f17) x30 0x8001076a
core   0: 0x8000a76e (0x883f2b23) sw      gp, -1898(t5)
core   0: 3 0x8000a76e (0x883f2b23) mem 0x80010000 0x00000001
core   0: 0x8000a772 (0x0000bfe5) c.j     pc - 8
core   0: 3 0x8000a772 (0xbfe5)
core   0: 0x8000a76a (0x00006f17) auipc   t5, 0x6
core   0: 3 0x8000a76a (0x00006f17) x30 0x8001076a
core   0: 0x8000a76e (0x883f2b23) sw      gp, -1898(t5)
core   0: 3 0x8000a76e (0x883f2b23) mem 0x80010000 0x00000001
core   0: 0x8000a772 (0x0000bfe5) c.j     pc - 8
core   0: 3 0x8000a772 (0xbfe5)
core   0: 0x8000a76a (0x00006f17) auipc   t5, 0x6
core   0: 3 0x8000a76a (0x00006f17) x30 0x8001076a
core   0: 0x8000a76e (0x883f2b23) sw      gp, -1898(t5)
core   0: 3 0x8000a76e (0x883f2b23) mem 0x80010000 0x00000001
core   0: 0x8000a772 (0x0000bfe5) c.j     pc - 8
core   0: 3 0x8000a772 (0xbfe5)
core   0: 0x8000a76a (0x00006f17) auipc   t5, 0x6
core   0: 3 0x8000a76a (0x00006f17) x30 0x8001076a
core   0: 0x8000a76e (0x883f2b23) sw      gp, -1898(t5)
core   0: 3 0x8000a76e (0x883f2b23) mem 0x80010000 0x00000001
core   0: 0x8000a772 (0x0000bfe5) c.j     pc - 8
core   0: 3 0x8000a772 (0xbfe5)
core   0: 0x8000a76a (0x00006f17) auipc   t5, 0x6
core   0: 3 0x8000a76a (0x00006f17) x30 0x8001076a
core   0: 0x8000a76e (0x883f2b23) sw      gp, -1898(t5)
core   0: 3 0x8000a76e (0x883f2b23) mem 0x80010000 0x00000001
core   0: 0x8000a772 (0x0000bfe5) c.j     pc - 8
core   0: 3 0x8000a772 (0xbfe5)
core   0: 0x8000a76a (0x00006f17) auipc   t5, 0x6
core   0: 3 0x8000a76a (0x00006f17) x30 0x8001076a
core   0: 0x8000a76e (0x883f2b23) sw      gp, -1898(t5)
core   0: 3 0x8000a76e (0x883f2b23) mem 0x80010000 0x00000001
core   0: 0x8000a772 (0x0000bfe5) c.j     pc - 8
core   0: 3 0x8000a772 (0xbfe5)
core   0: 0x8000a76a (0x00006f17) auipc   t5, 0x6
core   0: 3 0x8000a76a (0x00006f17) x30 0x8001076a
core   0: 0x8000a76e (0x883f2b23) sw      gp, -1898(t5)
core   0: 3 0x8000a76e (0x883f2b23) mem 0x80010000 0x00000001
core   0: 0x8000a772 (0x0000bfe5) c.j     pc - 8
core   0: 3 0x8000a772 (0xbfe5)
core   0: 0x8000a76a (0x00006f17) auipc   t5, 0x6
core   0: 3 0x8000a76a (0x00006f17) x30 0x8001076a
core   0: 0x8000a76e (0x883f2b23) sw      gp, -1898(t5)
core   0: 3 0x8000a76e (0x883f2b23) mem 0x80010000 0x00000001
core   0: 0x8000a772 (0x0000bfe5) c.j     pc - 8
core   0: 3 0x8000a772 (0xbfe5)
core   0: 0x8000a76a (0x00006f17) auipc   t5, 0x6
core   0: 3 0x8000a76a (0x00006f17) x30 0x8001076a
core   0: 0x8000a76e (0x883f2b23) sw      gp, -1898(t5)
core   0: 3 0x8000a76e (0x883f2b23) mem 0x80010000 0x00000001
core   0: 0x8000a772 (0x0000bfe5) c.j     pc - 8
core   0: 3 0x8000a772 (0xbfe5)
core   0: 0x8000a76a (0x00006f17) auipc   t5, 0x6
core   0: 3 0x8000a76a (0x00006f17) x30 0x8001076a
core   0: 0x8000a76e (0x883f2b23) sw      gp, -1898(t5)
core   0: 3 0x8000a76e (0x883f2b23) mem 0x80010000 0x00000001
core   0: 0x8000a772 (0x0000bfe5) c.j     pc - 8
core   0: 3 0x8000a772 (0xbfe5)
core   0: 0x8000a76a (0x00006f17) auipc   t5, 0x6
core   0: 3 0x8000a76a (0x00006f17) x30 0x8001076a
core   0: 0x8000a76e (0x883f2b23) sw      gp, -1898(t5)
core   0: 3 0x8000a76e (0x883f2b23) mem 0x80010000 0x00000001
core   0: 0x8000a772 (0x0000bfe5) c.j     pc - 8
core   0: 3 0x8000a772 (0xbfe5)
core   0: 0x8000a76a (0x00006f17) auipc   t5, 0x6
core   0: 3 0x8000a76a (0x00006f17) x30 0x8001076a
core   0: 0x8000a76e (0x883f2b23) sw      gp, -1898(t5)
core   0: 3 0x8000a76e (0x883f2b23) mem 0x80010000 0x00000001
core   0: 0x8000a772 (0x0000bfe5) c.j     pc - 8
core   0: 3 0x8000a772 (0xbfe5)
core   0: 0x8000a76a (0x00006f17) auipc   t5, 0x6
core   0: 3 0x8000a76a (0x00006f17) x30 0x8001076a
core   0: 0x8000a76e (0x883f2b23) sw      gp, -1898(t5)
core   0: 3 0x8000a76e (0x883f2b23) mem 0x80010000 0x00000001
core   0: 0x8000a772 (0x0000bfe5) c.j     pc - 8
core   0: 3 0x8000a772 (0xbfe5)
core   0: 0x8000a76a (0x00006f17) auipc   t5, 0x6
core   0: 3 0x8000a76a (0x00006f17) x30 0x8001076a
core   0: 0x8000a76e (0x883f2b23) sw      gp, -1898(t5)
core   0: 3 0x8000a76e (0x883f2b23) mem 0x80010000 0x00000001
core   0: 0x8000a772 (0x0000bfe5) c.j     pc - 8
core   0: 3 0x8000a772 (0xbfe5)
core   0: 0x8000a76a (0x00006f17) auipc   t5, 0x6
core   0: 3 0x8000a76a (0x00006f17) x30 0x8001076a
core   0: 0x8000a76e (0x883f2b23) sw      gp, -1898(t5)
core   0: 3 0x8000a76e (0x883f2b23) mem 0x80010000 0x00000001
core   0: 0x8000a772 (0x0000bfe5) c.j     pc - 8
core   0: 3 0x8000a772 (0xbfe5)
core   0: 0x8000a76a (0x00006f17) auipc   t5, 0x6
core   0: 3 0x8000a76a (0x00006f17) x30 0x8001076a
core   0: 0x8000a76e (0x883f2b23) sw      gp, -1898(t5)
core   0: 3 0x8000a76e (0x883f2b23) mem 0x80010000 0x00000001
core   0: 0x8000a772 (0x0000bfe5) c.j     pc - 8
core   0: 3 0x8000a772 (0xbfe5)
core   0: 0x8000a76a (0x00006f17) auipc   t5, 0x6
core   0: 3 0x8000a76a (0x00006f17) x30 0x8001076a
core   0: 0x8000a76e (0x883f2b23) sw      gp, -1898(t5)
core   0: 3 0x8000a76e (0x883f2b23) mem 0x80010000 0x00000001
core   0: 0x8000a772 (0x0000bfe5) c.j     pc - 8
core   0: 3 0x8000a772 (0xbfe5)
core   0: 0x8000a76a (0x00006f17) auipc   t5, 0x6
core   0: 3 0x8000a76a (0x00006f17) x30 0x8001076a
core   0: 0x8000a76e (0x883f2b23) sw      gp, -1898(t5)
core   0: 3 0x8000a76e (0x883f2b23) mem 0x80010000 0x00000001
core   0: 0x8000a772 (0x0000bfe5) c.j     pc - 8
core   0: 3 0x8000a772 (0xbfe5)
core   0: 0x8000a76a (0x00006f17) auipc   t5, 0x6
core   0: 3 0x8000a76a (0x00006f17) x30 0x8001076a
core   0: 0x8000a76e (0x883f2b23) sw      gp, -1898(t5)
core   0: 3 0x8000a76e (0x883f2b23) mem 0x80010000 0x00000001
core   0: 0x8000a772 (0x0000bfe5) c.j     pc - 8
core   0: 3 0x8000a772 (0xbfe5)
core   0: 0x8000a76a (0x00006f17) auipc   t5, 0x6
core   0: 3 0x8000a76a (0x00006f17) x30 0x8001076a
core   0: 0x8000a76e (0x883f2b23) sw      gp, -1898(t5)
core   0: 3 0x8000a76e (0x883f2b23) mem 0x80010000 0x00000001
core   0: 0x8000a772 (0x0000bfe5) c.j     pc - 8
core   0: 3 0x8000a772 (0xbfe5)
core   0: 0x8000a76a (0x00006f17) auipc   t5, 0x6
core   0: 3 0x8000a76a (0x00006f17) x30 0x8001076a
core   0: 0x8000a76e (0x883f2b23) sw      gp, -1898(t5)
core   0: 3 0x8000a76e (0x883f2b23) mem 0x80010000 0x00000001
core   0: 0x8000a772 (0x0000bfe5) c.j     pc - 8
core   0: 3 0x8000a772 (0xbfe5)
core   0: 0x8000a76a (0x00006f17) auipc   t5, 0x6
core   0: 3 0x8000a76a (0x00006f17) x30 0x8001076a
core   0: 0x8000a76e (0x883f2b23) sw      gp, -1898(t5)
core   0: 3 0x8000a76e (0x883f2b23) mem 0x80010000 0x00000001
core   0: 0x8000a772 (0x0000bfe5) c.j     pc - 8
core   0: 3 0x8000a772 (0xbfe5)
core   0: 0x8000a76a (0x00006f17) auipc   t5, 0x6
core   0: 3 0x8000a76a (0x00006f17) x30 0x8001076a
core   0: 0x8000a76e (0x883f2b23) sw      gp, -1898(t5)
core   0: 3 0x8000a76e (0x883f2b23) mem 0x80010000 0x00000001
core   0: 0x8000a772 (0x0000bfe5) c.j     pc - 8
core   0: 3 0x8000a772 (0xbfe5)
core   0: 0x8000a76a (0x00006f17) auipc   t5, 0x6
core   0: 3 0x8000a76a (0x00006f17) x30 0x8001076a
core   0: 0x8000a76e (0x883f2b23) sw      gp, -1898(t5)
core   0: 3 0x8000a76e (0x883f2b23) mem 0x80010000 0x00000001
core   0: 0x8000a772 (0x0000bfe5) c.j     pc - 8
core   0: 3 0x8000a772 (0xbfe5)
core   0: 0x8000a76a (0x00006f17) auipc   t5, 0x6
core   0: 3 0x8000a76a (0x00006f17) x30 0x8001076a
core   0: 0x8000a76e (0x883f2b23) sw      gp, -1898(t5)
core   0: 3 0x8000a76e (0x883f2b23) mem 0x80010000 0x00000001
core   0: 0x8000a772 (0x0000bfe5) c.j     pc - 8
core   0: 3 0x8000a772 (0xbfe5)
core   0: 0x8000a76a (0x00006f17) auipc   t5, 0x6
core   0: 3 0x8000a76a (0x00006f17) x30 0x8001076a
core   0: 0x8000a76e (0x883f2b23) sw      gp, -1898(t5)
core   0: 3 0x8000a76e (0x883f2b23) mem 0x80010000 0x00000001
core   0: 0x8000a772 (0x0000bfe5) c.j     pc - 8
core   0: 3 0x8000a772 (0xbfe5)
core   0: 0x8000a76a (0x00006f17) auipc   t5, 0x6
core   0: 3 0x8000a76a (0x00006f17) x30 0x8001076a
core   0: 0x8000a76e (0x883f2b23) sw      gp, -1898(t5)
core   0: 3 0x8000a76e (0x883f2b23) mem 0x80010000 0x00000001
core   0: 0x8000a772 (0x0000bfe5) c.j     pc - 8
core   0: 3 0x8000a772 (0xbfe5)
core   0: 0x8000a76a (0x00006f17) auipc   t5, 0x6
core   0: 3 0x8000a76a (0x00006f17) x30 0x8001076a
core   0: 0x8000a76e (0x883f2b23) sw      gp, -1898(t5)
core   0: 3 0x8000a76e (0x883f2b23) mem 0x80010000 0x00000001
core   0: 0x8000a772 (0x0000bfe5) c.j     pc - 8
core   0: 3 0x8000a772 (0xbfe5)
core   0: 0x8000a76a (0x00006f17) auipc   t5, 0x6
core   0: 3 0x8000a76a (0x00006f17) x30 0x8001076a
core   0: 0x8000a76e (0x883f2b23) sw      gp, -1898(t5)
core   0: 3 0x8000a76e (0x883f2b23) mem 0x80010000 0x00000001
core   0: 0x8000a772 (0x0000bfe5) c.j     pc - 8
core   0: 3 0x8000a772 (0xbfe5)
core   0: 0x8000a76a (0x00006f17) auipc   t5, 0x6
core   0: 3 0x8000a76a (0x00006f17) x30 0x8001076a
core   0: 0x8000a76e (0x883f2b23) sw      gp, -1898(t5)
core   0: 3 0x8000a76e (0x883f2b23) mem 0x80010000 0x00000001
core   0: 0x8000a772 (0x0000bfe5) c.j     pc - 8
core   0: 3 0x8000a772 (0xbfe5)
core   0: 0x8000a76a (0x00006f17) auipc   t5, 0x6
core   0: 3 0x8000a76a (0x00006f17) x30 0x8001076a
core   0: 0x8000a76e (0x883f2b23) sw      gp, -1898(t5)
core   0: 3 0x8000a76e (0x883f2b23) mem 0x80010000 0x00000001
core   0: 0x8000a772 (0x0000bfe5) c.j     pc - 8
core   0: 3 0x8000a772 (0xbfe5)
core   0: 0x8000a76a (0x00006f17) auipc   t5, 0x6
core   0: 3 0x8000a76a (0x00006f17) x30 0x8001076a
core   0: 0x8000a76e (0x883f2b23) sw      gp, -1898(t5)
core   0: 3 0x8000a76e (0x883f2b23) mem 0x80010000 0x00000001
core   0: 0x8000a772 (0x0000bfe5) c.j     pc - 8
core   0: 3 0x8000a772 (0xbfe5)
core   0: 0x8000a76a (0x00006f17) auipc   t5, 0x6
core   0: 3 0x8000a76a (0x00006f17) x30 0x8001076a
core   0: 0x8000a76e (0x883f2b23) sw      gp, -1898(t5)
core   0: 3 0x8000a76e (0x883f2b23) mem 0x80010000 0x00000001
core   0: 0x8000a772 (0x0000bfe5) c.j     pc - 8
core   0: 3 0x8000a772 (0xbfe5)
core   0: 0x8000a76a (0x00006f17) auipc   t5, 0x6
core   0: 3 0x8000a76a (0x00006f17) x30 0x8001076a
core   0: 0x8000a76e (0x883f2b23) sw      gp, -1898(t5)
core   0: 3 0x8000a76e (0x883f2b23) mem 0x80010000 0x00000001
core   0: 0x8000a772 (0x0000bfe5) c.j     pc - 8
core   0: 3 0x8000a772 (0xbfe5)
core   0: 0x8000a76a (0x00006f17) auipc   t5, 0x6
core   0: 3 0x8000a76a (0x00006f17) x30 0x8001076a
core   0: 0x8000a76e (0x883f2b23) sw      gp, -1898(t5)
core   0: 3 0x8000a76e (0x883f2b23) mem 0x80010000 0x00000001
core   0: 0x8000a772 (0x0000bfe5) c.j     pc - 8
core   0: 3 0x8000a772 (0xbfe5)
core   0: 0x8000a76a (0x00006f17) auipc   t5, 0x6
core   0: 3 0x8000a76a (0x00006f17) x30 0x8001076a
core   0: 0x8000a76e (0x883f2b23) sw      gp, -1898(t5)
core   0: 3 0x8000a76e (0x883f2b23) mem 0x80010000 0x00000001
core   0: 0x8000a772 (0x0000bfe5) c.j     pc - 8
core   0: 3 0x8000a772 (0xbfe5)
core   0: 0x8000a76a (0x00006f17) auipc   t5, 0x6
core   0: 3 0x8000a76a (0x00006f17) x30 0x8001076a
core   0: 0x8000a76e (0x883f2b23) sw      gp, -1898(t5)
core   0: 3 0x8000a76e (0x883f2b23) mem 0x80010000 0x00000001
core   0: 0x8000a772 (0x0000bfe5) c.j     pc - 8
core   0: 3 0x8000a772 (0xbfe5)
core   0: 0x8000a76a (0x00006f17) auipc   t5, 0x6
core   0: 3 0x8000a76a (0x00006f17) x30 0x8001076a
core   0: 0x8000a76e (0x883f2b23) sw      gp, -1898(t5)
core   0: 3 0x8000a76e (0x883f2b23) mem 0x80010000 0x00000001
core   0: 0x8000a772 (0x0000bfe5) c.j     pc - 8
core   0: 3 0x8000a772 (0xbfe5)
core   0: 0x8000a76a (0x00006f17) auipc   t5, 0x6
core   0: 3 0x8000a76a (0x00006f17) x30 0x8001076a
core   0: 0x8000a76e (0x883f2b23) sw      gp, -1898(t5)
core   0: 3 0x8000a76e (0x883f2b23) mem 0x80010000 0x00000001
core   0: 0x8000a772 (0x0000bfe5) c.j     pc - 8
core   0: 3 0x8000a772 (0xbfe5)
core   0: 0x8000a76a (0x00006f17) auipc   t5, 0x6
core   0: 3 0x8000a76a (0x00006f17) x30 0x8001076a
core   0: 0x8000a76e (0x883f2b23) sw      gp, -1898(t5)
core   0: 3 0x8000a76e (0x883f2b23) mem 0x80010000 0x00000001
core   0: 0x8000a772 (0x0000bfe5) c.j     pc - 8
core   0: 3 0x8000a772 (0xbfe5)
core   0: 0x8000a76a (0x00006f17) auipc   t5, 0x6
core   0: 3 0x8000a76a (0x00006f17) x30 0x8001076a
core   0: 0x8000a76e (0x883f2b23) sw      gp, -1898(t5)
core   0: 3 0x8000a76e (0x883f2b23) mem 0x80010000 0x00000001
core   0: 0x8000a772 (0x0000bfe5) c.j     pc - 8
core   0: 3 0x8000a772 (0xbfe5)
core   0: 0x8000a76a (0x00006f17) auipc   t5, 0x6
core   0: 3 0x8000a76a (0x00006f17) x30 0x8001076a
core   0: 0x8000a76e (0x883f2b23) sw      gp, -1898(t5)
core   0: 3 0x8000a76e (0x883f2b23) mem 0x80010000 0x00000001
core   0: 0x8000a772 (0x0000bfe5) c.j     pc - 8
core   0: 3 0x8000a772 (0xbfe5)
core   0: 0x8000a76a (0x00006f17) auipc   t5, 0x6
core   0: 3 0x8000a76a (0x00006f17) x30 0x8001076a
core   0: 0x8000a76e (0x883f2b23) sw      gp, -1898(t5)
core   0: 3 0x8000a76e (0x883f2b23) mem 0x80010000 0x00000001
core   0: 0x8000a772 (0x0000bfe5) c.j     pc - 8
core   0: 3 0x8000a772 (0xbfe5)
core   0: 0x8000a76a (0x00006f17) auipc   t5, 0x6
core   0: 3 0x8000a76a (0x00006f17) x30 0x8001076a
core   0: 0x8000a76e (0x883f2b23) sw      gp, -1898(t5)
core   0: 3 0x8000a76e (0x883f2b23) mem 0x80010000 0x00000001
core   0: 0x8000a772 (0x0000bfe5) c.j     pc - 8
core   0: 3 0x8000a772 (0xbfe5)
core   0: 0x8000a76a (0x00006f17) auipc   t5, 0x6
core   0: 3 0x8000a76a (0x00006f17) x30 0x8001076a
core   0: 0x8000a76e (0x883f2b23) sw      gp, -1898(t5)
core   0: 3 0x8000a76e (0x883f2b23) mem 0x80010000 0x00000001
core   0: 0x8000a772 (0x0000bfe5) c.j     pc - 8
core   0: 3 0x8000a772 (0xbfe5)
core   0: 0x8000a76a (0x00006f17) auipc   t5, 0x6
core   0: 3 0x8000a76a (0x00006f17) x30 0x8001076a
core   0: 0x8000a76e (0x883f2b23) sw      gp, -1898(t5)
core   0: 3 0x8000a76e (0x883f2b23) mem 0x80010000 0x00000001
core   0: 0x8000a772 (0x0000bfe5) c.j     pc - 8
core   0: 3 0x8000a772 (0xbfe5)
core   0: 0x8000a76a (0x00006f17) auipc   t5, 0x6
core   0: 3 0x8000a76a (0x00006f17) x30 0x8001076a
core   0: 0x8000a76e (0x883f2b23) sw      gp, -1898(t5)
core   0: 3 0x8000a76e (0x883f2b23) mem 0x80010000 0x00000001
core   0: 0x8000a772 (0x0000bfe5) c.j     pc - 8
core   0: 3 0x8000a772 (0xbfe5)
core   0: 0x8000a76a (0x00006f17) auipc   t5, 0x6
core   0: 3 0x8000a76a (0x00006f17) x30 0x8001076a
core   0: 0x8000a76e (0x883f2b23) sw      gp, -1898(t5)
core   0: 3 0x8000a76e (0x883f2b23) mem 0x80010000 0x00000001
core   0: 0x8000a772 (0x0000bfe5) c.j     pc - 8
core   0: 3 0x8000a772 (0xbfe5)
core   0: 0x8000a76a (0x00006f17) auipc   t5, 0x6
core   0: 3 0x8000a76a (0x00006f17) x30 0x8001076a
core   0: 0x8000a76e (0x883f2b23) sw      gp, -1898(t5)
core   0: 3 0x8000a76e (0x883f2b23) mem 0x80010000 0x00000001
core   0: 0x8000a772 (0x0000bfe5) c.j     pc - 8
core   0: 3 0x8000a772 (0xbfe5)
core   0: 0x8000a76a (0x00006f17) auipc   t5, 0x6
core   0: 3 0x8000a76a (0x00006f17) x30 0x8001076a
core   0: 0x8000a76e (0x883f2b23) sw      gp, -1898(t5)
core   0: 3 0x8000a76e (0x883f2b23) mem 0x80010000 0x00000001
core   0: 0x8000a772 (0x0000bfe5) c.j     pc - 8
core   0: 3 0x8000a772 (0xbfe5)
core   0: 0x8000a76a (0x00006f17) auipc   t5, 0x6
core   0: 3 0x8000a76a (0x00006f17) x30 0x8001076a
core   0: 0x8000a76e (0x883f2b23) sw      gp, -1898(t5)
core   0: 3 0x8000a76e (0x883f2b23) mem 0x80010000 0x00000001
core   0: 0x8000a772 (0x0000bfe5) c.j     pc - 8
core   0: 3 0x8000a772 (0xbfe5)
core   0: 0x8000a76a (0x00006f17) auipc   t5, 0x6
core   0: 3 0x8000a76a (0x00006f17) x30 0x8001076a
core   0: 0x8000a76e (0x883f2b23) sw      gp, -1898(t5)
core   0: 3 0x8000a76e (0x883f2b23) mem 0x80010000 0x00000001
core   0: 0x8000a772 (0x0000bfe5) c.j     pc - 8
core   0: 3 0x8000a772 (0xbfe5)
core   0: 0x8000a76a (0x00006f17) auipc   t5, 0x6
core   0: 3 0x8000a76a (0x00006f17) x30 0x8001076a
core   0: 0x8000a76e (0x883f2b23) sw      gp, -1898(t5)
core   0: 3 0x8000a76e (0x883f2b23) mem 0x80010000 0x00000001
core   0: 0x8000a772 (0x0000bfe5) c.j     pc - 8
core   0: 3 0x8000a772 (0xbfe5)
core   0: 0x8000a76a (0x00006f17) auipc   t5, 0x6
core   0: 3 0x8000a76a (0x00006f17) x30 0x8001076a
core   0: 0x8000a76e (0x883f2b23) sw      gp, -1898(t5)
core   0: 3 0x8000a76e (0x883f2b23) mem 0x80010000 0x00000001
core   0: 0x8000a772 (0x0000bfe5) c.j     pc - 8
core   0: 3 0x8000a772 (0xbfe5)
core   0: 0x8000a76a (0x00006f17) auipc   t5, 0x6
core   0: 3 0x8000a76a (0x00006f17) x30 0x8001076a
core   0: 0x8000a76e (0x883f2b23) sw      gp, -1898(t5)
core   0: 3 0x8000a76e (0x883f2b23) mem 0x80010000 0x00000001
core   0: 0x8000a772 (0x0000bfe5) c.j     pc - 8
core   0: 3 0x8000a772 (0xbfe5)
core   0: 0x8000a76a (0x00006f17) auipc   t5, 0x6
core   0: 3 0x8000a76a (0x00006f17) x30 0x8001076a
core   0: 0x8000a76e (0x883f2b23) sw      gp, -1898(t5)
core   0: 3 0x8000a76e (0x883f2b23) mem 0x80010000 0x00000001
core   0: 0x8000a772 (0x0000bfe5) c.j     pc - 8
core   0: 3 0x8000a772 (0xbfe5)
core   0: 0x8000a76a (0x00006f17) auipc   t5, 0x6
core   0: 3 0x8000a76a (0x00006f17) x30 0x8001076a
core   0: 0x8000a76e (0x883f2b23) sw      gp, -1898(t5)
core   0: 3 0x8000a76e (0x883f2b23) mem 0x80010000 0x00000001
core   0: 0x8000a772 (0x0000bfe5) c.j     pc - 8
core   0: 3 0x8000a772 (0xbfe5)
core   0: 0x8000a76a (0x00006f17) auipc   t5, 0x6
core   0: 3 0x8000a76a (0x00006f17) x30 0x8001076a
core   0: 0x8000a76e (0x883f2b23) sw      gp, -1898(t5)
core   0: 3 0x8000a76e (0x883f2b23) mem 0x80010000 0x00000001
core   0: 0x8000a772 (0x0000bfe5) c.j     pc - 8
core   0: 3 0x8000a772 (0xbfe5)
core   0: 0x8000a76a (0x00006f17) auipc   t5, 0x6
core   0: 3 0x8000a76a (0x00006f17) x30 0x8001076a
core   0: 0x8000a76e (0x883f2b23) sw      gp, -1898(t5)
core   0: 3 0x8000a76e (0x883f2b23) mem 0x80010000 0x00000001
core   0: 0x8000a772 (0x0000bfe5) c.j     pc - 8
core   0: 3 0x8000a772 (0xbfe5)
core   0: 0x8000a76a (0x00006f17) auipc   t5, 0x6
core   0: 3 0x8000a76a (0x00006f17) x30 0x8001076a
core   0: 0x8000a76e (0x883f2b23) sw      gp, -1898(t5)
core   0: 3 0x8000a76e (0x883f2b23) mem 0x80010000 0x00000001
core   0: 0x8000a772 (0x0000bfe5) c.j     pc - 8
core   0: 3 0x8000a772 (0xbfe5)
core   0: 0x8000a76a (0x00006f17) auipc   t5, 0x6
core   0: 3 0x8000a76a (0x00006f17) x30 0x8001076a
core   0: 0x8000a76e (0x883f2b23) sw      gp, -1898(t5)
core   0: 3 0x8000a76e (0x883f2b23) mem 0x80010000 0x00000001
core   0: 0x8000a772 (0x0000bfe5) c.j     pc - 8
core   0: 3 0x8000a772 (0xbfe5)
core   0: 0x8000a76a (0x00006f17) auipc   t5, 0x6
core   0: 3 0x8000a76a (0x00006f17) x30 0x8001076a
core   0: 0x8000a76e (0x883f2b23) sw      gp, -1898(t5)
core   0: 3 0x8000a76e (0x883f2b23) mem 0x80010000 0x00000001
core   0: 0x8000a772 (0x0000bfe5) c.j     pc - 8
core   0: 3 0x8000a772 (0xbfe5)
core   0: 0x8000a76a (0x00006f17) auipc   t5, 0x6
core   0: 3 0x8000a76a (0x00006f17) x30 0x8001076a
core   0: 0x8000a76e (0x883f2b23) sw      gp, -1898(t5)
core   0: 3 0x8000a76e (0x883f2b23) mem 0x80010000 0x00000001
core   0: 0x8000a772 (0x0000bfe5) c.j     pc - 8
core   0: 3 0x8000a772 (0xbfe5)
core   0: 0x8000a76a (0x00006f17) auipc   t5, 0x6
core   0: 3 0x8000a76a (0x00006f17) x30 0x8001076a
core   0: 0x8000a76e (0x883f2b23) sw      gp, -1898(t5)
core   0: 3 0x8000a76e (0x883f2b23) mem 0x80010000 0x00000001
core   0: 0x8000a772 (0x0000bfe5) c.j     pc - 8
core   0: 3 0x8000a772 (0xbfe5)
core   0: 0x8000a76a (0x00006f17) auipc   t5, 0x6
core   0: 3 0x8000a76a (0x00006f17) x30 0x8001076a
core   0: 0x8000a76e (0x883f2b23) sw      gp, -1898(t5)
core   0: 3 0x8000a76e (0x883f2b23) mem 0x80010000 0x00000001
core   0: 0x8000a772 (0x0000bfe5) c.j     pc - 8
core   0: 3 0x8000a772 (0xbfe5)
core   0: 0x8000a76a (0x00006f17) auipc   t5, 0x6
core   0: 3 0x8000a76a (0x00006f17) x30 0x8001076a
core   0: 0x8000a76e (0x883f2b23) sw      gp, -1898(t5)
core   0: 3 0x8000a76e (0x883f2b23) mem 0x80010000 0x00000001
core   0: 0x8000a772 (0x0000bfe5) c.j     pc - 8
core   0: 3 0x8000a772 (0xbfe5)
core   0: 0x8000a76a (0x00006f17) auipc   t5, 0x6
core   0: 3 0x8000a76a (0x00006f17) x30 0x8001076a
core   0: 0x8000a76e (0x883f2b23) sw      gp, -1898(t5)
core   0: 3 0x8000a76e (0x883f2b23) mem 0x80010000 0x00000001
core   0: 0x8000a772 (0x0000bfe5) c.j     pc - 8
core   0: 3 0x8000a772 (0xbfe5)
core   0: 0x8000a76a (0x00006f17) auipc   t5, 0x6
core   0: 3 0x8000a76a (0x00006f17) x30 0x8001076a
core   0: 0x8000a76e (0x883f2b23) sw      gp, -1898(t5)
core   0: 3 0x8000a76e (0x883f2b23) mem 0x80010000 0x00000001
core   0: 0x8000a772 (0x0000bfe5) c.j     pc - 8
core   0: 3 0x8000a772 (0xbfe5)
core   0: 0x8000a76a (0x00006f17) auipc   t5, 0x6
core   0: 3 0x8000a76a (0x00006f17) x30 0x8001076a
core   0: 0x8000a76e (0x883f2b23) sw      gp, -1898(t5)
core   0: 3 0x8000a76e (0x883f2b23) mem 0x80010000 0x00000001
core   0: 0x8000a772 (0x0000bfe5) c.j     pc - 8
core   0: 3 0x8000a772 (0xbfe5)
core   0: 0x8000a76a (0x00006f17) auipc   t5, 0x6
core   0: 3 0x8000a76a (0x00006f17) x30 0x8001076a
core   0: 0x8000a76e (0x883f2b23) sw      gp, -1898(t5)
core   0: 3 0x8000a76e (0x883f2b23) mem 0x80010000 0x00000001
core   0: 0x8000a772 (0x0000bfe5) c.j     pc - 8
core   0: 3 0x8000a772 (0xbfe5)
core   0: 0x8000a76a (0x00006f17) auipc   t5, 0x6
core   0: 3 0x8000a76a (0x00006f17) x30 0x8001076a
core   0: 0x8000a76e (0x883f2b23) sw      gp, -1898(t5)
core   0: 3 0x8000a76e (0x883f2b23) mem 0x80010000 0x00000001
core   0: 0x8000a772 (0x0000bfe5) c.j     pc - 8
core   0: 3 0x8000a772 (0xbfe5)
core   0: 0x8000a76a (0x00006f17) auipc   t5, 0x6
core   0: 3 0x8000a76a (0x00006f17) x30 0x8001076a
core   0: 0x8000a76e (0x883f2b23) sw      gp, -1898(t5)
core   0: 3 0x8000a76e (0x883f2b23) mem 0x80010000 0x00000001
core   0: 0x8000a772 (0x0000bfe5) c.j     pc - 8
core   0: 3 0x8000a772 (0xbfe5)
core   0: 0x8000a76a (0x00006f17) auipc   t5, 0x6
core   0: 3 0x8000a76a (0x00006f17) x30 0x8001076a
core   0: 0x8000a76e (0x883f2b23) sw      gp, -1898(t5)
core   0: 3 0x8000a76e (0x883f2b23) mem 0x80010000 0x00000001
core   0: 0x8000a772 (0x0000bfe5) c.j     pc - 8
core   0: 3 0x8000a772 (0xbfe5)
core   0: 0x8000a76a (0x00006f17) auipc   t5, 0x6
core   0: 3 0x8000a76a (0x00006f17) x30 0x8001076a
core   0: 0x8000a76e (0x883f2b23) sw      gp, -1898(t5)
core   0: 3 0x8000a76e (0x883f2b23) mem 0x80010000 0x00000001
core   0: 0x8000a772 (0x0000bfe5) c.j     pc - 8
core   0: 3 0x8000a772 (0xbfe5)
core   0: 0x8000a76a (0x00006f17) auipc   t5, 0x6
core   0: 3 0x8000a76a (0x00006f17) x30 0x8001076a
core   0: 0x8000a76e (0x883f2b23) sw      gp, -1898(t5)
core   0: 3 0x8000a76e (0x883f2b23) mem 0x80010000 0x00000001
core   0: 0x8000a772 (0x0000bfe5) c.j     pc - 8
core   0: 3 0x8000a772 (0xbfe5)
core   0: 0x8000a76a (0x00006f17) auipc   t5, 0x6
core   0: 3 0x8000a76a (0x00006f17) x30 0x8001076a
core   0: 0x8000a76e (0x883f2b23) sw      gp, -1898(t5)
core   0: 3 0x8000a76e (0x883f2b23) mem 0x80010000 0x00000001
core   0: 0x8000a772 (0x0000bfe5) c.j     pc - 8
core   0: 3 0x8000a772 (0xbfe5)
core   0: 0x8000a76a (0x00006f17) auipc   t5, 0x6
core   0: 3 0x8000a76a (0x00006f17) x30 0x8001076a
core   0: 0x8000a76e (0x883f2b23) sw      gp, -1898(t5)
core   0: 3 0x8000a76e (0x883f2b23) mem 0x80010000 0x00000001
core   0: 0x8000a772 (0x0000bfe5) c.j     pc - 8
core   0: 3 0x8000a772 (0xbfe5)
core   0: 0x8000a76a (0x00006f17) auipc   t5, 0x6
core   0: 3 0x8000a76a (0x00006f17) x30 0x8001076a
core   0: 0x8000a76e (0x883f2b23) sw      gp, -1898(t5)
core   0: 3 0x8000a76e (0x883f2b23) mem 0x80010000 0x00000001
core   0: 0x8000a772 (0x0000bfe5) c.j     pc - 8
core   0: 3 0x8000a772 (0xbfe5)
core   0: 0x8000a76a (0x00006f17) auipc   t5, 0x6
core   0: 3 0x8000a76a (0x00006f17) x30 0x8001076a
core   0: 0x8000a76e (0x883f2b23) sw      gp, -1898(t5)
core   0: 3 0x8000a76e (0x883f2b23) mem 0x80010000 0x00000001
core   0: 0x8000a772 (0x0000bfe5) c.j     pc - 8
core   0: 3 0x8000a772 (0xbfe5)
core   0: 0x8000a76a (0x00006f17) auipc   t5, 0x6
core   0: 3 0x8000a76a (0x00006f17) x30 0x8001076a
core   0: 0x8000a76e (0x883f2b23) sw      gp, -1898(t5)
core   0: 3 0x8000a76e (0x883f2b23) mem 0x80010000 0x00000001
core   0: 0x8000a772 (0x0000bfe5) c.j     pc - 8
core   0: 3 0x8000a772 (0xbfe5)
core   0: 0x8000a76a (0x00006f17) auipc   t5, 0x6
core   0: 3 0x8000a76a (0x00006f17) x30 0x8001076a
core   0: 0x8000a76e (0x883f2b23) sw      gp, -1898(t5)
core   0: 3 0x8000a76e (0x883f2b23) mem 0x80010000 0x00000001
core   0: 0x8000a772 (0x0000bfe5) c.j     pc - 8
core   0: 3 0x8000a772 (0xbfe5)
core   0: 0x8000a76a (0x00006f17) auipc   t5, 0x6
core   0: 3 0x8000a76a (0x00006f17) x30 0x8001076a
core   0: 0x8000a76e (0x883f2b23) sw      gp, -1898(t5)
core   0: 3 0x8000a76e (0x883f2b23) mem 0x80010000 0x00000001
core   0: 0x8000a772 (0x0000bfe5) c.j     pc - 8
core   0: 3 0x8000a772 (0xbfe5)
core   0: 0x8000a76a (0x00006f17) auipc   t5, 0x6
core   0: 3 0x8000a76a (0x00006f17) x30 0x8001076a
core   0: 0x8000a76e (0x883f2b23) sw      gp, -1898(t5)
core   0: 3 0x8000a76e (0x883f2b23) mem 0x80010000 0x00000001
core   0: 0x8000a772 (0x0000bfe5) c.j     pc - 8
core   0: 3 0x8000a772 (0xbfe5)
core   0: 0x8000a76a (0x00006f17) auipc   t5, 0x6
core   0: 3 0x8000a76a (0x00006f17) x30 0x8001076a
core   0: 0x8000a76e (0x883f2b23) sw      gp, -1898(t5)
core   0: 3 0x8000a76e (0x883f2b23) mem 0x80010000 0x00000001
core   0: 0x8000a772 (0x0000bfe5) c.j     pc - 8
core   0: 3 0x8000a772 (0xbfe5)
core   0: 0x8000a76a (0x00006f17) auipc   t5, 0x6
core   0: 3 0x8000a76a (0x00006f17) x30 0x8001076a
core   0: 0x8000a76e (0x883f2b23) sw      gp, -1898(t5)
core   0: 3 0x8000a76e (0x883f2b23) mem 0x80010000 0x00000001
core   0: 0x8000a772 (0x0000bfe5) c.j     pc - 8
core   0: 3 0x8000a772 (0xbfe5)
core   0: 0x8000a76a (0x00006f17) auipc   t5, 0x6
core   0: 3 0x8000a76a (0x00006f17) x30 0x8001076a
core   0: 0x8000a76e (0x883f2b23) sw      gp, -1898(t5)
core   0: 3 0x8000a76e (0x883f2b23) mem 0x80010000 0x00000001
core   0: 0x8000a772 (0x0000bfe5) c.j     pc - 8
core   0: 3 0x8000a772 (0xbfe5)
core   0: 0x8000a76a (0x00006f17) auipc   t5, 0x6
core   0: 3 0x8000a76a (0x00006f17) x30 0x8001076a
core   0: 0x8000a76e (0x883f2b23) sw      gp, -1898(t5)
core   0: 3 0x8000a76e (0x883f2b23) mem 0x80010000 0x00000001
core   0: 0x8000a772 (0x0000bfe5) c.j     pc - 8
core   0: 3 0x8000a772 (0xbfe5)
core   0: 0x8000a76a (0x00006f17) auipc   t5, 0x6
core   0: 3 0x8000a76a (0x00006f17) x30 0x8001076a
core   0: 0x8000a76e (0x883f2b23) sw      gp, -1898(t5)
core   0: 3 0x8000a76e (0x883f2b23) mem 0x80010000 0x00000001
core   0: 0x8000a772 (0x0000bfe5) c.j     pc - 8
core   0: 3 0x8000a772 (0xbfe5)
core   0: 0x8000a76a (0x00006f17) auipc   t5, 0x6
core   0: 3 0x8000a76a (0x00006f17) x30 0x8001076a
core   0: 0x8000a76e (0x883f2b23) sw      gp, -1898(t5)
core   0: 3 0x8000a76e (0x883f2b23) mem 0x80010000 0x00000001
core   0: 0x8000a772 (0x0000bfe5) c.j     pc - 8
core   0: 3 0x8000a772 (0xbfe5)
core   0: 0x8000a76a (0x00006f17) auipc   t5, 0x6
core   0: 3 0x8000a76a (0x00006f17) x30 0x8001076a
core   0: 0x8000a76e (0x883f2b23) sw      gp, -1898(t5)
core   0: 3 0x8000a76e (0x883f2b23) mem 0x80010000 0x00000001
core   0: 0x8000a772 (0x0000bfe5) c.j     pc - 8
core   0: 3 0x8000a772 (0xbfe5)
core   0: 0x8000a76a (0x00006f17) auipc   t5, 0x6
core   0: 3 0x8000a76a (0x00006f17) x30 0x8001076a
core   0: 0x8000a76e (0x883f2b23) sw      gp, -1898(t5)
core   0: 3 0x8000a76e (0x883f2b23) mem 0x80010000 0x00000001
core   0: 0x8000a772 (0x0000bfe5) c.j     pc - 8
core   0: 3 0x8000a772 (0xbfe5)
core   0: 0x8000a76a (0x00006f17) auipc   t5, 0x6
core   0: 3 0x8000a76a (0x00006f17) x30 0x8001076a
core   0: 0x8000a76e (0x883f2b23) sw      gp, -1898(t5)
core   0: 3 0x8000a76e (0x883f2b23) mem 0x80010000 0x00000001
core   0: 0x8000a772 (0x0000bfe5) c.j     pc - 8
core   0: 3 0x8000a772 (0xbfe5)
core   0: 0x8000a76a (0x00006f17) auipc   t5, 0x6
core   0: 3 0x8000a76a (0x00006f17) x30 0x8001076a
core   0: 0x8000a76e (0x883f2b23) sw      gp, -1898(t5)
core   0: 3 0x8000a76e (0x883f2b23) mem 0x80010000 0x00000001
core   0: 0x8000a772 (0x0000bfe5) c.j     pc - 8
core   0: 3 0x8000a772 (0xbfe5)
core   0: 0x8000a76a (0x00006f17) auipc   t5, 0x6
core   0: 3 0x8000a76a (0x00006f17) x30 0x8001076a
core   0: 0x8000a76e (0x883f2b23) sw      gp, -1898(t5)
core   0: 3 0x8000a76e (0x883f2b23) mem 0x80010000 0x00000001
core   0: 0x8000a772 (0x0000bfe5) c.j     pc - 8
core   0: 3 0x8000a772 (0xbfe5)
core   0: 0x8000a76a (0x00006f17) auipc   t5, 0x6
core   0: 3 0x8000a76a (0x00006f17) x30 0x8001076a
core   0: 0x8000a76e (0x883f2b23) sw      gp, -1898(t5)
core   0: 3 0x8000a76e (0x883f2b23) mem 0x80010000 0x00000001
core   0: 0x8000a772 (0x0000bfe5) c.j     pc - 8
core   0: 3 0x8000a772 (0xbfe5)
core   0: 0x8000a76a (0x00006f17) auipc   t5, 0x6
core   0: 3 0x8000a76a (0x00006f17) x30 0x8001076a
core   0: 0x8000a76e (0x883f2b23) sw      gp, -1898(t5)
core   0: 3 0x8000a76e (0x883f2b23) mem 0x80010000 0x00000001
core   0: 0x8000a772 (0x0000bfe5) c.j     pc - 8
core   0: 3 0x8000a772 (0xbfe5)
core   0: 0x8000a76a (0x00006f17) auipc   t5, 0x6
core   0: 3 0x8000a76a (0x00006f17) x30 0x8001076a
core   0: 0x8000a76e (0x883f2b23) sw      gp, -1898(t5)
core   0: 3 0x8000a76e (0x883f2b23) mem 0x80010000 0x00000001
core   0: 0x8000a772 (0x0000bfe5) c.j     pc - 8
core   0: 3 0x8000a772 (0xbfe5)
core   0: 0x8000a76a (0x00006f17) auipc   t5, 0x6
core   0: 3 0x8000a76a (0x00006f17) x30 0x8001076a
core   0: 0x8000a76e (0x883f2b23) sw      gp, -1898(t5)
core   0: 3 0x8000a76e (0x883f2b23) mem 0x80010000 0x00000001
core   0: 0x8000a772 (0x0000bfe5) c.j     pc - 8
core   0: 3 0x8000a772 (0xbfe5)
core   0: 0x8000a76a (0x00006f17) auipc   t5, 0x6
core   0: 3 0x8000a76a (0x00006f17) x30 0x8001076a
core   0: 0x8000a76e (0x883f2b23) sw      gp, -1898(t5)
core   0: 3 0x8000a76e (0x883f2b23) mem 0x80010000 0x00000001
core   0: 0x8000a772 (0x0000bfe5) c.j     pc - 8
core   0: 3 0x8000a772 (0xbfe5)
core   0: 0x8000a76a (0x00006f17) auipc   t5, 0x6
core   0: 3 0x8000a76a (0x00006f17) x30 0x8001076a
core   0: 0x8000a76e (0x883f2b23) sw      gp, -1898(t5)
core   0: 3 0x8000a76e (0x883f2b23) mem 0x80010000 0x00000001
core   0: 0x8000a772 (0x0000bfe5) c.j     pc - 8
core   0: 3 0x8000a772 (0xbfe5)
core   0: 0x8000a76a (0x00006f17) auipc   t5, 0x6
core   0: 3 0x8000a76a (0x00006f17) x30 0x8001076a
core   0: 0x8000a76e (0x883f2b23) sw      gp, -1898(t5)
core   0: 3 0x8000a76e (0x883f2b23) mem 0x80010000 0x00000001
core   0: 0x8000a772 (0x0000bfe5) c.j     pc - 8
core   0: 3 0x8000a772 (0xbfe5)
core   0: 0x8000a76a (0x00006f17) auipc   t5, 0x6
core   0: 3 0x8000a76a (0x00006f17) x30 0x8001076a
core   0: 0x8000a76e (0x883f2b23) sw      gp, -1898(t5)
core   0: 3 0x8000a76e (0x883f2b23) mem 0x80010000 0x00000001
core   0: 0x8000a772 (0x0000bfe5) c.j     pc - 8
core   0: 3 0x8000a772 (0xbfe5)
core   0: 0x8000a76a (0x00006f17) auipc   t5, 0x6
core   0: 3 0x8000a76a (0x00006f17) x30 0x8001076a
core   0: 0x8000a76e (0x883f2b23) sw      gp, -1898(t5)
core   0: 3 0x8000a76e (0x883f2b23) mem 0x80010000 0x00000001
core   0: 0x8000a772 (0x0000bfe5) c.j     pc - 8
core   0: 3 0x8000a772 (0xbfe5)
core   0: 0x8000a76a (0x00006f17) auipc   t5, 0x6
core   0: 3 0x8000a76a (0x00006f17) x30 0x8001076a
core   0: 0x8000a76e (0x883f2b23) sw      gp, -1898(t5)
core   0: 3 0x8000a76e (0x883f2b23) mem 0x80010000 0x00000001
core   0: 0x8000a772 (0x0000bfe5) c.j     pc - 8
core   0: 3 0x8000a772 (0xbfe5)
core   0: 0x8000a76a (0x00006f17) auipc   t5, 0x6
core   0: 3 0x8000a76a (0x00006f17) x30 0x8001076a
core   0: 0x8000a76e (0x883f2b23) sw      gp, -1898(t5)
core   0: 3 0x8000a76e (0x883f2b23) mem 0x80010000 0x00000001
core   0: 0x8000a772 (0x0000bfe5) c.j     pc - 8
core   0: 3 0x8000a772 (0xbfe5)
core   0: 0x8000a76a (0x00006f17) auipc   t5, 0x6
core   0: 3 0x8000a76a (0x00006f17) x30 0x8001076a
core   0: 0x8000a76e (0x883f2b23) sw      gp, -1898(t5)
core   0: 3 0x8000a76e (0x883f2b23) mem 0x80010000 0x00000001
core   0: 0x8000a772 (0x0000bfe5) c.j     pc - 8
core   0: 3 0x8000a772 (0xbfe5)
core   0: 0x8000a76a (0x00006f17) auipc   t5, 0x6
core   0: 3 0x8000a76a (0x00006f17) x30 0x8001076a
core   0: 0x8000a76e (0x883f2b23) sw      gp, -1898(t5)
core   0: 3 0x8000a76e (0x883f2b23) mem 0x80010000 0x00000001
core   0: 0x8000a772 (0x0000bfe5) c.j     pc - 8
core   0: 3 0x8000a772 (0xbfe5)
core   0: 0x8000a76a (0x00006f17) auipc   t5, 0x6
core   0: 3 0x8000a76a (0x00006f17) x30 0x8001076a
core   0: 0x8000a76e (0x883f2b23) sw      gp, -1898(t5)
core   0: 3 0x8000a76e (0x883f2b23) mem 0x80010000 0x00000001
core   0: 0x8000a772 (0x0000bfe5) c.j     pc - 8
core   0: 3 0x8000a772 (0xbfe5)
core   0: 0x8000a76a (0x00006f17) auipc   t5, 0x6
core   0: 3 0x8000a76a (0x00006f17) x30 0x8001076a
core   0: 0x8000a76e (0x883f2b23) sw      gp, -1898(t5)
core   0: 3 0x8000a76e (0x883f2b23) mem 0x80010000 0x00000001
core   0: 0x8000a772 (0x0000bfe5) c.j     pc - 8
core   0: 3 0x8000a772 (0xbfe5)
core   0: 0x8000a76a (0x00006f17) auipc   t5, 0x6
core   0: 3 0x8000a76a (0x00006f17) x30 0x8001076a
core   0: 0x8000a76e (0x883f2b23) sw      gp, -1898(t5)
core   0: 3 0x8000a76e (0x883f2b23) mem 0x80010000 0x00000001
core   0: 0x8000a772 (0x0000bfe5) c.j     pc - 8
core   0: 3 0x8000a772 (0xbfe5)
core   0: 0x8000a76a (0x00006f17) auipc   t5, 0x6
core   0: 3 0x8000a76a (0x00006f17) x30 0x8001076a
core   0: 0x8000a76e (0x883f2b23) sw      gp, -1898(t5)
core   0: 3 0x8000a76e (0x883f2b23) mem 0x80010000 0x00000001
core   0: 0x8000a772 (0x0000bfe5) c.j     pc - 8
core   0: 3 0x8000a772 (0xbfe5)
core   0: 0x8000a76a (0x00006f17) auipc   t5, 0x6
core   0: 3 0x8000a76a (0x00006f17) x30 0x8001076a
core   0: 0x8000a76e (0x883f2b23) sw      gp, -1898(t5)
core   0: 3 0x8000a76e (0x883f2b23) mem 0x80010000 0x00000001
core   0: 0x8000a772 (0x0000bfe5) c.j     pc - 8
core   0: 3 0x8000a772 (0xbfe5)
core   0: 0x8000a76a (0x00006f17) auipc   t5, 0x6
core   0: 3 0x8000a76a (0x00006f17) x30 0x8001076a
core   0: 0x8000a76e (0x883f2b23) sw      gp, -1898(t5)
core   0: 3 0x8000a76e (0x883f2b23) mem 0x80010000 0x00000001
core   0: 0x8000a772 (0x0000bfe5) c.j     pc - 8
core   0: 3 0x8000a772 (0xbfe5)
core   0: 0x8000a76a (0x00006f17) auipc   t5, 0x6
core   0: 3 0x8000a76a (0x00006f17) x30 0x8001076a
core   0: 0x8000a76e (0x883f2b23) sw      gp, -1898(t5)
core   0: 3 0x8000a76e (0x883f2b23) mem 0x80010000 0x00000001
core   0: 0x8000a772 (0x0000bfe5) c.j     pc - 8
core   0: 3 0x8000a772 (0xbfe5)
core   0: 0x8000a76a (0x00006f17) auipc   t5, 0x6
core   0: 3 0x8000a76a (0x00006f17) x30 0x8001076a
core   0: 0x8000a76e (0x883f2b23) sw      gp, -1898(t5)
core   0: 3 0x8000a76e (0x883f2b23) mem 0x80010000 0x00000001
core   0: 0x8000a772 (0x0000bfe5) c.j     pc - 8
core   0: 3 0x8000a772 (0xbfe5)
core   0: 0x8000a76a (0x00006f17) auipc   t5, 0x6
core   0: 3 0x8000a76a (0x00006f17) x30 0x8001076a
core   0: 0x8000a76e (0x883f2b23) sw      gp, -1898(t5)
core   0: 3 0x8000a76e (0x883f2b23) mem 0x80010000 0x00000001
core   0: 0x8000a772 (0x0000bfe5) c.j     pc - 8
core   0: 3 0x8000a772 (0xbfe5)
core   0: 0x8000a76a (0x00006f17) auipc   t5, 0x6
core   0: 3 0x8000a76a (0x00006f17) x30 0x8001076a
core   0: 0x8000a76e (0x883f2b23) sw      gp, -1898(t5)
core   0: 3 0x8000a76e (0x883f2b23) mem 0x80010000 0x00000001
core   0: 0x8000a772 (0x0000bfe5) c.j     pc - 8
core   0: 3 0x8000a772 (0xbfe5)
core   0: 0x8000a76a (0x00006f17) auipc   t5, 0x6
core   0: 3 0x8000a76a (0x00006f17) x30 0x8001076a
core   0: 0x8000a76e (0x883f2b23) sw      gp, -1898(t5)
core   0: 3 0x8000a76e (0x883f2b23) mem 0x80010000 0x00000001
core   0: 0x8000a772 (0x0000bfe5) c.j     pc - 8
core   0: 3 0x8000a772 (0xbfe5)
core   0: 0x8000a76a (0x00006f17) auipc   t5, 0x6
core   0: 3 0x8000a76a (0x00006f17) x30 0x8001076a
core   0: 0x8000a76e (0x883f2b23) sw      gp, -1898(t5)
core   0: 3 0x8000a76e (0x883f2b23) mem 0x80010000 0x00000001
core   0: 0x8000a772 (0x0000bfe5) c.j     pc - 8
core   0: 3 0x8000a772 (0xbfe5)
core   0: 0x8000a76a (0x00006f17) auipc   t5, 0x6
core   0: 3 0x8000a76a (0x00006f17) x30 0x8001076a
core   0: 0x8000a76e (0x883f2b23) sw      gp, -1898(t5)
core   0: 3 0x8000a76e (0x883f2b23) mem 0x80010000 0x00000001
core   0: 0x8000a772 (0x0000bfe5) c.j     pc - 8
core   0: 3 0x8000a772 (0xbfe5)
core   0: 0x8000a76a (0x00006f17) auipc   t5, 0x6
core   0: 3 0x8000a76a (0x00006f17) x30 0x8001076a
core   0: 0x8000a76e (0x883f2b23) sw      gp, -1898(t5)
core   0: 3 0x8000a76e (0x883f2b23) mem 0x80010000 0x00000001
core   0: 0x8000a772 (0x0000bfe5) c.j     pc - 8
core   0: 3 0x8000a772 (0xbfe5)
core   0: 0x8000a76a (0x00006f17) auipc   t5, 0x6
core   0: 3 0x8000a76a (0x00006f17) x30 0x8001076a
core   0: 0x8000a76e (0x883f2b23) sw      gp, -1898(t5)
core   0: 3 0x8000a76e (0x883f2b23) mem 0x80010000 0x00000001
core   0: 0x8000a772 (0x0000bfe5) c.j     pc - 8
core   0: 3 0x8000a772 (0xbfe5)
core   0: 0x8000a76a (0x00006f17) auipc   t5, 0x6
core   0: 3 0x8000a76a (0x00006f17) x30 0x8001076a
core   0: 0x8000a76e (0x883f2b23) sw      gp, -1898(t5)
core   0: 3 0x8000a76e (0x883f2b23) mem 0x80010000 0x00000001
core   0: 0x8000a772 (0x0000bfe5) c.j     pc - 8
core   0: 3 0x8000a772 (0xbfe5)
core   0: 0x8000a76a (0x00006f17) auipc   t5, 0x6
core   0: 3 0x8000a76a (0x00006f17) x30 0x8001076a
core   0: 0x8000a76e (0x883f2b23) sw      gp, -1898(t5)
core   0: 3 0x8000a76e (0x883f2b23) mem 0x80010000 0x00000001
core   0: 0x8000a772 (0x0000bfe5) c.j     pc - 8
core   0: 3 0x8000a772 (0xbfe5)
core   0: 0x8000a76a (0x00006f17) auipc   t5, 0x6
core   0: 3 0x8000a76a (0x00006f17) x30 0x8001076a
core   0: 0x8000a76e (0x883f2b23) sw      gp, -1898(t5)
core   0: 3 0x8000a76e (0x883f2b23) mem 0x80010000 0x00000001
core   0: 0x8000a772 (0x0000bfe5) c.j     pc - 8
core   0: 3 0x8000a772 (0xbfe5)
core   0: 0x8000a76a (0x00006f17) auipc   t5, 0x6
core   0: 3 0x8000a76a (0x00006f17) x30 0x8001076a
core   0: 0x8000a76e (0x883f2b23) sw      gp, -1898(t5)
core   0: 3 0x8000a76e (0x883f2b23) mem 0x80010000 0x00000001
core   0: 0x8000a772 (0x0000bfe5) c.j     pc - 8
core   0: 3 0x8000a772 (0xbfe5)
core   0: 0x8000a76a (0x00006f17) auipc   t5, 0x6
core   0: 3 0x8000a76a (0x00006f17) x30 0x8001076a
core   0: 0x8000a76e (0x883f2b23) sw      gp, -1898(t5)
core   0: 3 0x8000a76e (0x883f2b23) mem 0x80010000 0x00000001
core   0: 0x8000a772 (0x0000bfe5) c.j     pc - 8
core   0: 3 0x8000a772 (0xbfe5)
core   0: 0x8000a76a (0x00006f17) auipc   t5, 0x6
core   0: 3 0x8000a76a (0x00006f17) x30 0x8001076a
core   0: 0x8000a76e (0x883f2b23) sw      gp, -1898(t5)
core   0: 3 0x8000a76e (0x883f2b23) mem 0x80010000 0x00000001
core   0: 0x8000a772 (0x0000bfe5) c.j     pc - 8
core   0: 3 0x8000a772 (0xbfe5)
core   0: 0x8000a76a (0x00006f17) auipc   t5, 0x6
core   0: 3 0x8000a76a (0x00006f17) x30 0x8001076a
core   0: 0x8000a76e (0x883f2b23) sw      gp, -1898(t5)
core   0: 3 0x8000a76e (0x883f2b23) mem 0x80010000 0x00000001
core   0: 0x8000a772 (0x0000bfe5) c.j     pc - 8
core   0: 3 0x8000a772 (0xbfe5)
core   0: 0x8000a76a (0x00006f17) auipc   t5, 0x6
core   0: 3 0x8000a76a (0x00006f17) x30 0x8001076a
core   0: 0x8000a76e (0x883f2b23) sw      gp, -1898(t5)
core   0: 3 0x8000a76e (0x883f2b23) mem 0x80010000 0x00000001
core   0: 0x8000a772 (0x0000bfe5) c.j     pc - 8
core   0: 3 0x8000a772 (0xbfe5)
core   0: 0x8000a76a (0x00006f17) auipc   t5, 0x6
core   0: 3 0x8000a76a (0x00006f17) x30 0x8001076a
core   0: 0x8000a76e (0x883f2b23) sw      gp, -1898(t5)
core   0: 3 0x8000a76e (0x883f2b23) mem 0x80010000 0x00000001
core   0: 0x8000a772 (0x0000bfe5) c.j     pc - 8
core   0: 3 0x8000a772 (0xbfe5)
core   0: 0x8000a76a (0x00006f17) auipc   t5, 0x6
core   0: 3 0x8000a76a (0x00006f17) x30 0x8001076a
core   0: 0x8000a76e (0x883f2b23) sw      gp, -1898(t5)
core   0: 3 0x8000a76e (0x883f2b23) mem 0x80010000 0x00000001
core   0: 0x8000a772 (0x0000bfe5) c.j     pc - 8
core   0: 3 0x8000a772 (0xbfe5)
core   0: 0x8000a76a (0x00006f17) auipc   t5, 0x6
core   0: 3 0x8000a76a (0x00006f17) x30 0x8001076a
core   0: 0x8000a76e (0x883f2b23) sw      gp, -1898(t5)
core   0: 3 0x8000a76e (0x883f2b23) mem 0x80010000 0x00000001
core   0: 0x8000a772 (0x0000bfe5) c.j     pc - 8
core   0: 3 0x8000a772 (0xbfe5)
core   0: 0x8000a76a (0x00006f17) auipc   t5, 0x6
core   0: 3 0x8000a76a (0x00006f17) x30 0x8001076a
core   0: 0x8000a76e (0x883f2b23) sw      gp, -1898(t5)
core   0: 3 0x8000a76e (0x883f2b23) mem 0x80010000 0x00000001
core   0: 0x8000a772 (0x0000bfe5) c.j     pc - 8
core   0: 3 0x8000a772 (0xbfe5)
core   0: 0x8000a76a (0x00006f17) auipc   t5, 0x6
core   0: 3 0x8000a76a (0x00006f17) x30 0x8001076a
core   0: 0x8000a76e (0x883f2b23) sw      gp, -1898(t5)
core   0: 3 0x8000a76e (0x883f2b23) mem 0x80010000 0x00000001
core   0: 0x8000a772 (0x0000bfe5) c.j     pc - 8
core   0: 3 0x8000a772 (0xbfe5)
core   0: 0x8000a76a (0x00006f17) auipc   t5, 0x6
core   0: 3 0x8000a76a (0x00006f17) x30 0x8001076a
core   0: 0x8000a76e (0x883f2b23) sw      gp, -1898(t5)
core   0: 3 0x8000a76e (0x883f2b23) mem 0x80010000 0x00000001
core   0: 0x8000a772 (0x0000bfe5) c.j     pc - 8
core   0: 3 0x8000a772 (0xbfe5)
core   0: 0x8000a76a (0x00006f17) auipc   t5, 0x6
core   0: 3 0x8000a76a (0x00006f17) x30 0x8001076a
core   0: 0x8000a76e (0x883f2b23) sw      gp, -1898(t5)
core   0: 3 0x8000a76e (0x883f2b23) mem 0x80010000 0x00000001
core   0: 0x8000a772 (0x0000bfe5) c.j     pc - 8
core   0: 3 0x8000a772 (0xbfe5)
core   0: 0x8000a76a (0x00006f17) auipc   t5, 0x6
core   0: 3 0x8000a76a (0x00006f17) x30 0x8001076a
core   0: 0x8000a76e (0x883f2b23) sw      gp, -1898(t5)
core   0: 3 0x8000a76e (0x883f2b23) mem 0x80010000 0x00000001
core   0: 0x8000a772 (0x0000bfe5) c.j     pc - 8
core   0: 3 0x8000a772 (0xbfe5)
core   0: 0x8000a76a (0x00006f17) auipc   t5, 0x6
core   0: 3 0x8000a76a (0x00006f17) x30 0x8001076a
core   0: 0x8000a76e (0x883f2b23) sw      gp, -1898(t5)
core   0: 3 0x8000a76e (0x883f2b23) mem 0x80010000 0x00000001
core   0: 0x8000a772 (0x0000bfe5) c.j     pc - 8
core   0: 3 0x8000a772 (0xbfe5)
core   0: 0x8000a76a (0x00006f17) auipc   t5, 0x6
core   0: 3 0x8000a76a (0x00006f17) x30 0x8001076a
core   0: 0x8000a76e (0x883f2b23) sw      gp, -1898(t5)
core   0: 3 0x8000a76e (0x883f2b23) mem 0x80010000 0x00000001
core   0: 0x8000a772 (0x0000bfe5) c.j     pc - 8
core   0: 3 0x8000a772 (0xbfe5)
core   0: 0x8000a76a (0x00006f17) auipc   t5, 0x6
core   0: 3 0x8000a76a (0x00006f17) x30 0x8001076a
core   0: 0x8000a76e (0x883f2b23) sw      gp, -1898(t5)
core   0: 3 0x8000a76e (0x883f2b23) mem 0x80010000 0x00000001
core   0: 0x8000a772 (0x0000bfe5) c.j     pc - 8
core   0: 3 0x8000a772 (0xbfe5)
core   0: 0x8000a76a (0x00006f17) auipc   t5, 0x6
core   0: 3 0x8000a76a (0x00006f17) x30 0x8001076a
core   0: 0x8000a76e (0x883f2b23) sw      gp, -1898(t5)
core   0: 3 0x8000a76e (0x883f2b23) mem 0x80010000 0x00000001
core   0: 0x8000a772 (0x0000bfe5) c.j     pc - 8
core   0: 3 0x8000a772 (0xbfe5)
core   0: 0x8000a76a (0x00006f17) auipc   t5, 0x6
core   0: 3 0x8000a76a (0x00006f17) x30 0x8001076a
core   0: 0x8000a76e (0x883f2b23) sw      gp, -1898(t5)
core   0: 3 0x8000a76e (0x883f2b23) mem 0x80010000 0x00000001
core   0: 0x8000a772 (0x0000bfe5) c.j     pc - 8
core   0: 3 0x8000a772 (0xbfe5)
core   0: 0x8000a76a (0x00006f17) auipc   t5, 0x6
core   0: 3 0x8000a76a (0x00006f17) x30 0x8001076a
core   0: 0x8000a76e (0x883f2b23) sw      gp, -1898(t5)
core   0: 3 0x8000a76e (0x883f2b23) mem 0x80010000 0x00000001
core   0: 0x8000a772 (0x0000bfe5) c.j     pc - 8
core   0: 3 0x8000a772 (0xbfe5)
core   0: 0x8000a76a (0x00006f17) auipc   t5, 0x6
core   0: 3 0x8000a76a (0x00006f17) x30 0x8001076a
core   0: 0x8000a76e (0x883f2b23) sw      gp, -1898(t5)
core   0: 3 0x8000a76e (0x883f2b23) mem 0x80010000 0x00000001
core   0: 0x8000a772 (0x0000bfe5) c.j     pc - 8
core   0: 3 0x8000a772 (0xbfe5)
core   0: 0x8000a76a (0x00006f17) auipc   t5, 0x6
core   0: 3 0x8000a76a (0x00006f17) x30 0x8001076a
core   0: 0x8000a76e (0x883f2b23) sw      gp, -1898(t5)
core   0: 3 0x8000a76e (0x883f2b23) mem 0x80010000 0x00000001
core   0: 0x8000a772 (0x0000bfe5) c.j     pc - 8
core   0: 3 0x8000a772 (0xbfe5)
core   0: 0x8000a76a (0x00006f17) auipc   t5, 0x6
core   0: 3 0x8000a76a (0x00006f17) x30 0x8001076a
core   0: 0x8000a76e (0x883f2b23) sw      gp, -1898(t5)
core   0: 3 0x8000a76e (0x883f2b23) mem 0x80010000 0x00000001
core   0: 0x8000a772 (0x0000bfe5) c.j     pc - 8
core   0: 3 0x8000a772 (0xbfe5)
core   0: 0x8000a76a (0x00006f17) auipc   t5, 0x6
core   0: 3 0x8000a76a (0x00006f17) x30 0x8001076a
core   0: 0x8000a76e (0x883f2b23) sw      gp, -1898(t5)
core   0: 3 0x8000a76e (0x883f2b23) mem 0x80010000 0x00000001
core   0: 0x8000a772 (0x0000bfe5) c.j     pc - 8
core   0: 3 0x8000a772 (0xbfe5)
core   0: 0x8000a76a (0x00006f17) auipc   t5, 0x6
core   0: 3 0x8000a76a (0x00006f17) x30 0x8001076a
core   0: 0x8000a76e (0x883f2b23) sw      gp, -1898(t5)
core   0: 3 0x8000a76e (0x883f2b23) mem 0x80010000 0x00000001
core   0: 0x8000a772 (0x0000bfe5) c.j     pc - 8
core   0: 3 0x8000a772 (0xbfe5)
core   0: 0x8000a76a (0x00006f17) auipc   t5, 0x6
core   0: 3 0x8000a76a (0x00006f17) x30 0x8001076a
core   0: 0x8000a76e (0x883f2b23) sw      gp, -1898(t5)
core   0: 3 0x8000a76e (0x883f2b23) mem 0x80010000 0x00000001
core   0: 0x8000a772 (0x0000bfe5) c.j     pc - 8
core   0: 3 0x8000a772 (0xbfe5)
core   0: 0x8000a76a (0x00006f17) auipc   t5, 0x6
core   0: 3 0x8000a76a (0x00006f17) x30 0x8001076a
core   0: 0x8000a76e (0x883f2b23) sw      gp, -1898(t5)
core   0: 3 0x8000a76e (0x883f2b23) mem 0x80010000 0x00000001
core   0: 0x8000a772 (0x0000bfe5) c.j     pc - 8
core   0: 3 0x8000a772 (0xbfe5)
core   0: 0x8000a76a (0x00006f17) auipc   t5, 0x6
core   0: 3 0x8000a76a (0x00006f17) x30 0x8001076a
core   0: 0x8000a76e (0x883f2b23) sw      gp, -1898(t5)
core   0: 3 0x8000a76e (0x883f2b23) mem 0x80010000 0x00000001
core   0: 0x8000a772 (0x0000bfe5) c.j     pc - 8
core   0: 3 0x8000a772 (0xbfe5)
core   0: 0x8000a76a (0x00006f17) auipc   t5, 0x6
core   0: 3 0x8000a76a (0x00006f17) x30 0x8001076a
core   0: 0x8000a76e (0x883f2b23) sw      gp, -1898(t5)
core   0: 3 0x8000a76e (0x883f2b23) mem 0x80010000 0x00000001
core   0: 0x8000a772 (0x0000bfe5) c.j     pc - 8
core   0: 3 0x8000a772 (0xbfe5)
core   0: 0x8000a76a (0x00006f17) auipc   t5, 0x6
core   0: 3 0x8000a76a (0x00006f17) x30 0x8001076a
core   0: 0x8000a76e (0x883f2b23) sw      gp, -1898(t5)
core   0: 3 0x8000a76e (0x883f2b23) mem 0x80010000 0x00000001
core   0: 0x8000a772 (0x0000bfe5) c.j     pc - 8
core   0: 3 0x8000a772 (0xbfe5)
core   0: 0x8000a76a (0x00006f17) auipc   t5, 0x6
core   0: 3 0x8000a76a (0x00006f17) x30 0x8001076a
core   0: 0x8000a76e (0x883f2b23) sw      gp, -1898(t5)
core   0: 3 0x8000a76e (0x883f2b23) mem 0x80010000 0x00000001
core   0: 0x8000a772 (0x0000bfe5) c.j     pc - 8
core   0: 3 0x8000a772 (0xbfe5)
core   0: 0x8000a76a (0x00006f17) auipc   t5, 0x6
core   0: 3 0x8000a76a (0x00006f17) x30 0x8001076a
core   0: 0x8000a76e (0x883f2b23) sw      gp, -1898(t5)
core   0: 3 0x8000a76e (0x883f2b23) mem 0x80010000 0x00000001
core   0: 0x8000a772 (0x0000bfe5) c.j     pc - 8
core   0: 3 0x8000a772 (0xbfe5)
core   0: 0x8000a76a (0x00006f17) auipc   t5, 0x6
core   0: 3 0x8000a76a (0x00006f17) x30 0x8001076a
core   0: 0x8000a76e (0x883f2b23) sw      gp, -1898(t5)
core   0: 3 0x8000a76e (0x883f2b23) mem 0x80010000 0x00000001
core   0: 0x8000a772 (0x0000bfe5) c.j     pc - 8
core   0: 3 0x8000a772 (0xbfe5)
core   0: 0x8000a76a (0x00006f17) auipc   t5, 0x6
core   0: 3 0x8000a76a (0x00006f17) x30 0x8001076a
core   0: 0x8000a76e (0x883f2b23) sw      gp, -1898(t5)
core   0: 3 0x8000a76e (0x883f2b23) mem 0x80010000 0x00000001
core   0: 0x8000a772 (0x0000bfe5) c.j     pc - 8
core   0: 3 0x8000a772 (0xbfe5)
core   0: 0x8000a76a (0x00006f17) auipc   t5, 0x6
core   0: 3 0x8000a76a (0x00006f17) x30 0x8001076a
core   0: 0x8000a76e (0x883f2b23) sw      gp, -1898(t5)
core   0: 3 0x8000a76e (0x883f2b23) mem 0x80010000 0x00000001
core   0: 0x8000a772 (0x0000bfe5) c.j     pc - 8
core   0: 3 0x8000a772 (0xbfe5)
core   0: 0x8000a76a (0x00006f17) auipc   t5, 0x6
core   0: 3 0x8000a76a (0x00006f17) x30 0x8001076a
core   0: 0x8000a76e (0x883f2b23) sw      gp, -1898(t5)
core   0: 3 0x8000a76e (0x883f2b23) mem 0x80010000 0x00000001
core   0: 0x8000a772 (0x0000bfe5) c.j     pc - 8
core   0: 3 0x8000a772 (0xbfe5)
core   0: 0x8000a76a (0x00006f17) auipc   t5, 0x6
core   0: 3 0x8000a76a (0x00006f17) x30 0x8001076a
core   0: 0x8000a76e (0x883f2b23) sw      gp, -1898(t5)
core   0: 3 0x8000a76e (0x883f2b23) mem 0x80010000 0x00000001
core   0: 0x8000a772 (0x0000bfe5) c.j     pc - 8
core   0: 3 0x8000a772 (0xbfe5)
core   0: 0x8000a76a (0x00006f17) auipc   t5, 0x6
core   0: 3 0x8000a76a (0x00006f17) x30 0x8001076a
core   0: 0x8000a76e (0x883f2b23) sw      gp, -1898(t5)
core   0: 3 0x8000a76e (0x883f2b23) mem 0x80010000 0x00000001
core   0: 0x8000a772 (0x0000bfe5) c.j     pc - 8
core   0: 3 0x8000a772 (0xbfe5)
core   0: 0x8000a76a (0x00006f17) auipc   t5, 0x6
core   0: 3 0x8000a76a (0x00006f17) x30 0x8001076a
core   0: 0x8000a76e (0x883f2b23) sw      gp, -1898(t5)
core   0: 3 0x8000a76e (0x883f2b23) mem 0x80010000 0x00000001
core   0: 0x8000a772 (0x0000bfe5) c.j     pc - 8
core   0: 3 0x8000a772 (0xbfe5)
core   0: 0x8000a76a (0x00006f17) auipc   t5, 0x6
core   0: 3 0x8000a76a (0x00006f17) x30 0x8001076a
core   0: 0x8000a76e (0x883f2b23) sw      gp, -1898(t5)
core   0: 3 0x8000a76e (0x883f2b23) mem 0x80010000 0x00000001
core   0: 0x8000a772 (0x0000bfe5) c.j     pc - 8
core   0: 3 0x8000a772 (0xbfe5)
core   0: 0x8000a76a (0x00006f17) auipc   t5, 0x6
core   0: 3 0x8000a76a (0x00006f17) x30 0x8001076a
core   0: 0x8000a76e (0x883f2b23) sw      gp, -1898(t5)
core   0: 3 0x8000a76e (0x883f2b23) mem 0x80010000 0x00000001
core   0: 0x8000a772 (0x0000bfe5) c.j     pc - 8
core   0: 3 0x8000a772 (0xbfe5)
core   0: 0x8000a76a (0x00006f17) auipc   t5, 0x6
core   0: 3 0x8000a76a (0x00006f17) x30 0x8001076a
core   0: 0x8000a76e (0x883f2b23) sw      gp, -1898(t5)
core   0: 3 0x8000a76e (0x883f2b23) mem 0x80010000 0x00000001
core   0: 0x8000a772 (0x0000bfe5) c.j     pc - 8
core   0: 3 0x8000a772 (0xbfe5)
core   0: 0x8000a76a (0x00006f17) auipc   t5, 0x6
core   0: 3 0x8000a76a (0x00006f17) x30 0x8001076a
core   0: 0x8000a76e (0x883f2b23) sw      gp, -1898(t5)
core   0: 3 0x8000a76e (0x883f2b23) mem 0x80010000 0x00000001
core   0: 0x8000a772 (0x0000bfe5) c.j     pc - 8
core   0: 3 0x8000a772 (0xbfe5)
core   0: 0x8000a76a (0x00006f17) auipc   t5, 0x6
core   0: 3 0x8000a76a (0x00006f17) x30 0x8001076a
core   0: 0x8000a76e (0x883f2b23) sw      gp, -1898(t5)
core   0: 3 0x8000a76e (0x883f2b23) mem 0x80010000 0x00000001
core   0: 0x8000a772 (0x0000bfe5) c.j     pc - 8
core   0: 3 0x8000a772 (0xbfe5)
core   0: 0x8000a76a (0x00006f17) auipc   t5, 0x6
core   0: 3 0x8000a76a (0x00006f17) x30 0x8001076a
core   0: 0x8000a76e (0x883f2b23) sw      gp, -1898(t5)
core   0: 3 0x8000a76e (0x883f2b23) mem 0x80010000 0x00000001
core   0: 0x8000a772 (0x0000bfe5) c.j     pc - 8
core   0: 3 0x8000a772 (0xbfe5)
core   0: 0x8000a76a (0x00006f17) auipc   t5, 0x6
core   0: 3 0x8000a76a (0x00006f17) x30 0x8001076a
core   0: 0x8000a76e (0x883f2b23) sw      gp, -1898(t5)
core   0: 3 0x8000a76e (0x883f2b23) mem 0x80010000 0x00000001
core   0: 0x8000a772 (0x0000bfe5) c.j     pc - 8
core   0: 3 0x8000a772 (0xbfe5)
core   0: 0x8000a76a (0x00006f17) auipc   t5, 0x6
core   0: 3 0x8000a76a (0x00006f17) x30 0x8001076a
core   0: 0x8000a76e (0x883f2b23) sw      gp, -1898(t5)
core   0: 3 0x8000a76e (0x883f2b23) mem 0x80010000 0x00000001
core   0: 0x8000a772 (0x0000bfe5) c.j     pc - 8
core   0: 3 0x8000a772 (0xbfe5)
core   0: 0x8000a76a (0x00006f17) auipc   t5, 0x6
core   0: 3 0x8000a76a (0x00006f17) x30 0x8001076a
core   0: 0x8000a76e (0x883f2b23) sw      gp, -1898(t5)
core   0: 3 0x8000a76e (0x883f2b23) mem 0x80010000 0x00000001
core   0: 0x8000a772 (0x0000bfe5) c.j     pc - 8
core   0: 3 0x8000a772 (0xbfe5)
core   0: 0x8000a76a (0x00006f17) auipc   t5, 0x6
core   0: 3 0x8000a76a (0x00006f17) x30 0x8001076a
core   0: 0x8000a76e (0x883f2b23) sw      gp, -1898(t5)
core   0: 3 0x8000a76e (0x883f2b23) mem 0x80010000 0x00000001
core   0: 0x8000a772 (0x0000bfe5) c.j     pc - 8
core   0: 3 0x8000a772 (0xbfe5)
core   0: 0x8000a76a (0x00006f17) auipc   t5, 0x6
core   0: 3 0x8000a76a (0x00006f17) x30 0x8001076a
core   0: 0x8000a76e (0x883f2b23) sw      gp, -1898(t5)
core   0: 3 0x8000a76e (0x883f2b23) mem 0x80010000 0x00000001
