core   0: 0x00001000 (0x00000297) auipc   t0, 0x0
core   0: 3 0x00001000 (0x00000297) x 5 0x00001000
core   0: 0x00001004 (0x02028593) addi    a1, t0, 32
core   0: 3 0x00001004 (0x02028593) x11 0x00001020
core   0: 0x00001008 (0xf1402573) csrr    a0, mhartid
core   0: 3 0x00001008 (0xf1402573) x10 0x00000000
core   0: 0x0000100c (0x0182a283) lw      t0, 24(t0)
core   0: 3 0x0000100c (0x0182a283) x 5 0x80000000 mem 0x00001018
core   0: 0x00001010 (0x00028067) jr      t0
core   0: 3 0x00001010 (0x00028067)
core   0: 0x80000000 (0xf14022f3) csrr    t0, mhartid
core   0: 3 0x80000000 (0xf14022f3) x 5 0x00000000
core   0: 0x80000004 (0x00004301) c.li    t1, 0
core   0: 3 0x80000004 (0x4301) x 6 0x00000000
core   0: 0x80000006 (0x00628263) beq     t0, t1, pc + 4
core   0: 3 0x80000006 (0x00628263)
core   0: 0x8000000a (0x00000317) auipc   t1, 0x0
core   0: 3 0x8000000a (0x00000317) x 6 0x8000000a
core   0: 0x8000000e (0x00c30313) addi    t1, t1, 12
core   0: 3 0x8000000e (0x00c30313) x 6 0x80000016
core   0: 0x80000012 (0x00030067) jr      t1
core   0: 3 0x80000012 (0x00030067)
core   0: 0x80000016 (0x400014b7) lui     s1, 0x40001
core   0: 3 0x80000016 (0x400014b7) x 9 0x40001000
core   0: 0x8000001a (0x10448493) addi    s1, s1, 260
core   0: 3 0x8000001a (0x10448493) x 9 0x40001104
core   0: 0x8000001e (0x30149073) csrw    misa, s1
core   0: 3 0x8000001e (0x30149073) c769_misa 0x40141104
core   0: 0x80000022 (0x00014217) auipc   tp, 0x14
core   0: 3 0x80000022 (0x00014217) x 4 0x80014022
core   0: 0x80000026 (0xcc220213) addi    tp, tp, -830
core   0: 3 0x80000026 (0xcc220213) x 4 0x80013ce4
core   0: 0x8000002a (0x0000a497) auipc   s1, 0xa
core   0: 3 0x8000002a (0x0000a497) x 9 0x8000a02a
core   0: 0x8000002e (0xeb648493) addi    s1, s1, -330
core   0: 3 0x8000002e (0xeb648493) x 9 0x80009ee0
core   0: 0x80000032 (0x0014e493) ori     s1, s1, 1
core   0: 3 0x80000032 (0x0014e493) x 9 0x80009ee1
core   0: 0x80000036 (0x30549073) csrw    mtvec, s1
core   0: 3 0x80000036 (0x30549073) c773_mtvec 0x80009ee1
core   0: 0x8000003a (0x00000497) auipc   s1, 0x0
core   0: 3 0x8000003a (0x00000497) x 9 0x8000003a
core   0: 0x8000003e (0x02448493) addi    s1, s1, 36
core   0: 3 0x8000003e (0x02448493) x 9 0x8000005e
core   0: 0x80000042 (0x34149073) csrw    mepc, s1
core   0: 3 0x80000042 (0x34149073) c833_mepc 0x8000005e
core   0: 0x80000046 (0x00000001) c.nop
core   0: 3 0x80000046 (0x0001)
core   0: 0x80000048 (0x000024b7) lui     s1, 0x2
core   0: 3 0x80000048 (0x000024b7) x 9 0x00002000
core   0: 0x8000004c (0x80048493) addi    s1, s1, -2048
core   0: 3 0x8000004c (0x80048493) x 9 0x00001800
core   0: 0x80000050 (0x30049073) csrw    mstatus, s1
core   0: 3 0x80000050 (0x30049073) c768_mstatus 0x00001800
core   0: 0x80000054 (0x00004481) c.li    s1, 0
core   0: 3 0x80000054 (0x4481) x 9 0x00000000
core   0: 0x80000056 (0x30449073) csrw    mie, s1
core   0: 3 0x80000056 (0x30449073) c772_mie 0x00000000
core   0: 0x8000005a (0x30200073) mret
core   0: 3 0x8000005a (0x30200073) c768_mstatus 0x00000080
core   0: >>>>  init
core   0: 0x8000005e (0x00c00013) li      zero, 12
core   0: 3 0x8000005e (0x00c00013)
core   0: 0x80000062 (0xf31b30b7) lui     ra, 0xf31b3
core   0: 3 0x80000062 (0xf31b30b7) x 1 0xf31b3000
core   0: 0x80000066 (0x86608093) addi    ra, ra, -1946
core   0: 3 0x80000066 (0x86608093) x 1 0xf31b2866
core   0: 0x8000006a (0x80000137) lui     sp, 0x80000
core   0: 3 0x8000006a (0x80000137) x 2 0x80000000
core   0: 0x8000006e (0x00004195) c.li    gp, 5
core   0: 3 0x8000006e (0x4195) x 3 0x00000005
core   0: 0x80000070 (0x800002b7) lui     t0, 0x80000
core   0: 3 0x80000070 (0x800002b7) x 5 0x80000000
core   0: 0x80000074 (0x80000337) lui     t1, 0x80000
core   0: 3 0x80000074 (0x80000337) x 6 0x80000000
core   0: 0x80000078 (0x800003b7) lui     t2, 0x80000
core   0: 3 0x80000078 (0x800003b7) x 7 0x80000000
core   0: 0x8000007c (0x80000437) lui     s0, 0x80000
core   0: 3 0x8000007c (0x80000437) x 8 0x80000000
core   0: 0x80000080 (0x000044ad) c.li    s1, 11
core   0: 3 0x80000080 (0x44ad) x 9 0x0000000b
core   0: 0x80000082 (0x0d669537) lui     a0, 0xd669
core   0: 3 0x80000082 (0x0d669537) x10 0x0d669000
core   0: 0x80000086 (0xf1a50513) addi    a0, a0, -230
core   0: 3 0x80000086 (0xf1a50513) x10 0x0d668f1a
core   0: 0x8000008a (0x800005b7) lui     a1, 0x80000
core   0: 3 0x8000008a (0x800005b7) x11 0x80000000
core   0: 0x8000008e (0xd0754637) lui     a2, 0xd0754
core   0: 3 0x8000008e (0xd0754637) x12 0xd0754000
core   0: 0x80000092 (0xab060613) addi    a2, a2, -1360
core   0: 3 0x80000092 (0xab060613) x12 0xd0753ab0
core   0: 0x80000096 (0xf19336b7) lui     a3, 0xf1933
core   0: 3 0x80000096 (0xf19336b7) x13 0xf1933000
core   0: 0x8000009a (0x06368693) addi    a3, a3, 99
core   0: 3 0x8000009a (0x06368693) x13 0xf1933063
core   0: 0x8000009e (0xfd317737) lui     a4, 0xfd317
core   0: 3 0x8000009e (0xfd317737) x14 0xfd317000
core   0: 0x800000a2 (0xeda70713) addi    a4, a4, -294
core   0: 3 0x800000a2 (0xeda70713) x14 0xfd316eda
core   0: 0x800000a6 (0x00004791) c.li    a5, 4
core   0: 3 0x800000a6 (0x4791) x15 0x00000004
core   0: 0x800000a8 (0x00004801) c.li    a6, 0
core   0: 3 0x800000a8 (0x4801) x16 0x00000000
core   0: 0x800000aa (0x00004895) c.li    a7, 5
core   0: 3 0x800000aa (0x4895) x17 0x00000005
core   0: 0x800000ac (0x00004901) c.li    s2, 0
core   0: 3 0x800000ac (0x4901) x18 0x00000000
core   0: 0x800000ae (0x0000498d) c.li    s3, 3
core   0: 3 0x800000ae (0x498d) x19 0x00000003
core   0: 0x800000b0 (0xfbdd8ab7) lui     s5, 0xfbdd8
core   0: 3 0x800000b0 (0xfbdd8ab7) x21 0xfbdd8000
core   0: 0x800000b4 (0xd37a8a93) addi    s5, s5, -713
core   0: 3 0x800000b4 (0xd37a8a93) x21 0xfbdd7d37
core   0: 0x800000b8 (0x00004b19) c.li    s6, 6
core   0: 3 0x800000b8 (0x4b19) x22 0x00000006
core   0: 0x800000ba (0x00004b81) c.li    s7, 0
core   0: 3 0x800000ba (0x4b81) x23 0x00000000
core   0: 0x800000bc (0x80000c37) lui     s8, 0x80000
core   0: 3 0x800000bc (0x80000c37) x24 0x80000000
core   0: 0x800000c0 (0x80000cb7) lui     s9, 0x80000
core   0: 3 0x800000c0 (0x80000cb7) x25 0x80000000
core   0: 0x800000c4 (0x00004d01) c.li    s10, 0
core   0: 3 0x800000c4 (0x4d01) x26 0x00000000
core   0: 0x800000c6 (0xf0c3adb7) lui     s11, 0xf0c3a
core   0: 3 0x800000c6 (0xf0c3adb7) x27 0xf0c3a000
core   0: 0x800000ca (0x881d8d93) addi    s11, s11, -1919
core   0: 3 0x800000ca (0x881d8d93) x27 0xf0c39881
core   0: 0x800000ce (0x80000e37) lui     t3, 0x80000
core   0: 3 0x800000ce (0x80000e37) x28 0x80000000
core   0: 0x800000d2 (0x80000eb7) lui     t4, 0x80000
core   0: 3 0x800000d2 (0x80000eb7) x29 0x80000000
core   0: 0x800000d6 (0x80000f37) lui     t5, 0x80000
core   0: 3 0x800000d6 (0x80000f37) x30 0x80000000
core   0: 0x800000da (0x80000fb7) lui     t6, 0x80000
core   0: 3 0x800000da (0x80000fb7) x31 0x80000000
core   0: 0x800000de (0x00010a17) auipc   s4, 0x10
core   0: 3 0x800000de (0x00010a17) x20 0x800100de
core   0: 0x800000e2 (0xd86a0a13) addi    s4, s4, -634
core   0: 3 0x800000e2 (0xd86a0a13) x20 0x8000fe64
core   0: 0x800000e6 (0xfff00b13) li      s6, -1
core   0: 3 0x800000e6 (0xfff00b13) x22 0xffffffff
core   0: 0x800000ea (0x00004481) c.li    s1, 0
core   0: 3 0x800000ea (0x4481) x 9 0x00000000
core   0: 0x800000ec (0xfff00613) li      a2, -1
core   0: 3 0x800000ec (0xfff00613) x12 0xffffffff
core   0: 0x800000f0 (0x800001b7) lui     gp, 0x80000
core   0: 3 0x800000f0 (0x800001b7) x 3 0x80000000
core   0: 0x800000f4 (0x800002b7) lui     t0, 0x80000
core   0: 3 0x800000f4 (0x800002b7) x 5 0x80000000
core   0: 0x800000f8 (0x800009b7) lui     s3, 0x80000
core   0: 3 0x800000f8 (0x800009b7) x19 0x80000000
core   0: 0x800000fc (0x00004c81) c.li    s9, 0
core   0: 3 0x800000fc (0x4c81) x25 0x00000000
core   0: 0x800000fe (0x00004581) c.li    a1, 0
core   0: 3 0x800000fe (0x4581) x11 0x00000000
core   0: 0x80000100 (0x00004101) c.li    sp, 0
core   0: 3 0x80000100 (0x4101) x 2 0x00000000
core   0: 0x80000102 (0x800006b7) lui     a3, 0x80000
core   0: 3 0x80000102 (0x800006b7) x13 0x80000000
core   0: 0x80000106 (0x402b04b3) sub     s1, s6, sp
core   0: 3 0x80000106 (0x402b04b3) x 9 0xffffffff
core   0: 0x8000010a (0x02b5d9b3) divu    s3, a1, a1
core   0: 3 0x8000010a (0x02b5d9b3) x19 0xffffffff
core   0: 0x8000010e (0x41628b33) sub     s6, t0, s6
core   0: 3 0x8000010e (0x41628b33) x22 0x80000001
core   0: 0x80000112 (0x0232ab33) mulhsu  s6, t0, gp
core   0: 3 0x80000112 (0x0232ab33) x22 0xc0000000
core   0: 0x80000116 (0x00000001) c.nop
core   0: 3 0x80000116 (0x0001)
core   0: 0x80000118 (0x0254ab33) mulhsu  s6, s1, t0
core   0: 3 0x80000118 (0x0254ab33) x22 0xffffffff
core   0: 0x8000011c (0x409106b3) sub     a3, sp, s1
core   0: 3 0x8000011c (0x409106b3) x13 0x00000001
core   0: 0x80000120 (0x029b41b3) div     gp, s6, s1
core   0: 3 0x80000120 (0x029b41b3) x 3 0x00000001
core   0: 0x80000124 (0x6d3b89b7) lui     s3, 0x6d3b8
core   0: 3 0x80000124 (0x6d3b89b7) x19 0x6d3b8000
core   0: 0x80000128 (0x029282b3) mul     t0, t0, s1
core   0: 3 0x80000128 (0x029282b3) x 5 0x80000000
core   0: 0x8000012c (0x025ce9b3) rem     s3, s9, t0
core   0: 3 0x8000012c (0x025ce9b3) x19 0x00000000
core   0: 0x80000130 (0x00000001) c.nop
core   0: 3 0x80000130 (0x0001)
core   0: 0x80000132 (0x02c6a1b3) mulhsu  gp, a3, a2
core   0: 3 0x80000132 (0x02c6a1b3) x 3 0x00000000
core   0: 0x80000136 (0x033c8cb3) mul     s9, s9, s3
core   0: 3 0x80000136 (0x033c8cb3) x25 0x00000000
core   0: 0x8000013a (0x0394e2b3) rem     t0, s1, s9
core   0: 3 0x8000013a (0x0394e2b3) x 5 0xffffffff
core   0: 0x8000013e (0x02ccc2b3) div     t0, s9, a2
core   0: 3 0x8000013e (0x02ccc2b3) x 5 0x00000000
core   0: 0x80000142 (0x0655db17) auipc   s6, 0x655d
core   0: 3 0x80000142 (0x0655db17) x22 0x8655d142
core   0: 0x80000146 (0x403c85b3) sub     a1, s9, gp
core   0: 3 0x80000146 (0x403c85b3) x11 0x00000000
core   0: 0x8000014a (0x019b09b3) add     s3, s6, s9
core   0: 3 0x8000014a (0x019b09b3) x19 0x8655d142
core   0: 0x8000014e (0xa6828b13) addi    s6, t0, -1432
core   0: 3 0x8000014e (0xa6828b13) x22 0xfffffa68
core   0: 0x80000152 (0x016684b3) add     s1, a3, s6
core   0: 3 0x80000152 (0x016684b3) x 9 0xfffffa69
core   0: 0x80000156 (0x039154b3) divu    s1, sp, s9
core   0: 3 0x80000156 (0x039154b3) x 9 0xffffffff
core   0: 0x8000015a (0x03613133) mulhu   sp, sp, s6
core   0: 3 0x8000015a (0x03613133) x 2 0x00000000
core   0: 0x8000015e (0x03668633) mul     a2, a3, s6
core   0: 3 0x8000015e (0x03668633) x12 0xfffffa68
core   0: 0x80000162 (0x5afd06b7) lui     a3, 0x5afd0
core   0: 3 0x80000162 (0x5afd06b7) x13 0x5afd0000
core   0: 0x80000166 (0x023ce5b3) rem     a1, s9, gp
core   0: 3 0x80000166 (0x023ce5b3) x11 0x00000000
core   0: 0x8000016a (0xffb7b8b7) lui     a7, 0xffb7b
core   0: 3 0x8000016a (0xffb7b8b7) x17 0xffb7b000
core   0: 0x8000016e (0x91688893) addi    a7, a7, -1770
core   0: 3 0x8000016e (0x91688893) x17 0xffb7a916
core   0: 0x80000172 (0x800004b7) lui     s1, 0x80000
core   0: 3 0x80000172 (0x800004b7) x 9 0x80000000
core   0: 0x80000176 (0x800003b7) lui     t2, 0x80000
core   0: 3 0x80000176 (0x800003b7) x 7 0x80000000
core   0: 0x8000017a (0x00004f01) c.li    t5, 0
core   0: 3 0x8000017a (0x4f01) x30 0x00000000
core   0: 0x8000017c (0x7f129b37) lui     s6, 0x7f129
core   0: 3 0x8000017c (0x7f129b37) x22 0x7f129000
core   0: 0x80000180 (0xebfb0b13) addi    s6, s6, -321
core   0: 3 0x80000180 (0xebfb0b13) x22 0x7f128ebf
core   0: 0x80000184 (0x80000637) lui     a2, 0x80000
core   0: 3 0x80000184 (0x80000637) x12 0x80000000
core   0: 0x80000188 (0x6bce5eb7) lui     t4, 0x6bce5
core   0: 3 0x80000188 (0x6bce5eb7) x29 0x6bce5000
core   0: 0x8000018c (0x8aae8e93) addi    t4, t4, -1878
core   0: 3 0x8000018c (0x8aae8e93) x29 0x6bce48aa
core   0: 0x80000190 (0x3b6a7e37) lui     t3, 0x3b6a7
core   0: 3 0x80000190 (0x3b6a7e37) x28 0x3b6a7000
core   0: 0x80000194 (0x43fe0e13) addi    t3, t3, 1087
core   0: 3 0x80000194 (0x43fe0e13) x28 0x3b6a743f
core   0: 0x80000198 (0x80000ab7) lui     s5, 0x80000
core   0: 3 0x80000198 (0x80000ab7) x21 0x80000000
core   0: 0x8000019c (0x8330ccb7) lui     s9, 0x8330c
core   0: 3 0x8000019c (0x8330ccb7) x25 0x8330c000
core   0: 0x800001a0 (0xa12c8c93) addi    s9, s9, -1518
core   0: 3 0x800001a0 (0xa12c8c93) x25 0x8330ba12
core   0: 0x800001a4 (0x03cb3eb3) mulhu   t4, s6, t3
core   0: 3 0x800001a4 (0x03cb3eb3) x29 0x1d7e1e48
core   0: 0x800001a8 (0x68338493) addi    s1, t2, 1667
core   0: 3 0x800001a8 (0x68338493) x 9 0x80000683
core   0: 0x800001ac (0xbab67ab7) lui     s5, 0xbab67
core   0: 3 0x800001ac (0xbab67ab7) x21 0xbab67000
core   0: 0x800001b0 (0x035a83b3) mul     t2, s5, s5
core   0: 3 0x800001b0 (0x035a83b3) x 7 0x71000000
core   0: 0x800001b4 (0x41dc8ab3) sub     s5, s9, t4
core   0: 3 0x800001b4 (0x41dc8ab3) x21 0x65b29bca
core   0: 0x800001b8 (0x00000001) c.nop
core   0: 3 0x800001b8 (0x0001)
core   0: 0x800001ba (0x02748cb3) mul     s9, s1, t2
core   0: 3 0x800001ba (0x02748cb3) x25 0xd3000000
core   0: 0x800001be (0x00009666) c.add   a2, s9
core   0: 3 0x800001be (0x9666) x12 0x53000000
core   0: 0x800001c0 (0x03d3ccb3) div     s9, t2, t4
core   0: 3 0x800001c0 (0x03d3ccb3) x25 0x00000003
core   0: 0x800001c4 (0x148f0613) addi    a2, t5, 328
core   0: 3 0x800001c4 (0x148f0613) x12 0x00000148
core   0: 0x800001c8 (0x02c4aeb3) mulhsu  t4, s1, a2
core   0: 3 0x800001c8 (0x02c4aeb3) x29 0xffffff5c
core   0: 0x800001cc (0x00000001) c.nop
core   0: 3 0x800001cc (0x0001)
core   0: 0x800001ce (0x8ac57a97) auipc   s5, 0x8ac57
core   0: 3 0x800001ce (0x8ac57a97) x21 0x0ac571ce
core   0: 0x800001d2 (0x029ed4b3) divu    s1, t4, s1
core   0: 3 0x800001d2 (0x029ed4b3) x 9 0x00000001
core   0: 0x800001d6 (0x40c38e33) sub     t3, t2, a2
core   0: 3 0x800001d6 (0x40c38e33) x28 0x70fffeb8
core   0: 0x800001da (0x00000001) c.nop
core   0: 3 0x800001da (0x0001)
core   0: 0x800001dc (0x03de23b3) mulhsu  t2, t3, t4
core   0: 3 0x800001dc (0x03de23b3) x 7 0x70fffe6f
core   0: 0x800001e0 (0x031e3eb3) mulhu   t4, t3, a7
core   0: 3 0x800001e0 (0x031e3eb3) x29 0x70e0105b
core   0: 0x800001e4 (0x73a38893) addi    a7, t2, 1850
core   0: 3 0x800001e4 (0x73a38893) x17 0x710005a9
core   0: 0x800001e8 (0x03cb1b33) mulh    s6, s6, t3
core   0: 3 0x800001e8 (0x03cb1b33) x22 0x3817305f
core   0: 0x800001ec (0x03cab8b3) mulhu   a7, s5, t3
core   0: 3 0x800001ec (0x03cab8b3) x17 0x04c1272e
core   0: 0x800001f0 (0x02cb7b33) remu    s6, s6, a2
core   0: 3 0x800001f0 (0x02cb7b33) x22 0x00000147
core   0: 0x800001f4 (0x01648633) add     a2, s1, s6
core   0: 3 0x800001f4 (0x01648633) x12 0x00000148
core   0: 0x800001f8 (0xd3460c97) auipc   s9, 0xd3460
core   0: 3 0x800001f8 (0xd3460c97) x25 0x534601f8
core   0: 0x800001fc (0x036f5e33) divu    t3, t5, s6
core   0: 3 0x800001fc (0x036f5e33) x28 0x00000000
core   0: 0x80000200 (0x411484b3) sub     s1, s1, a7
core   0: 3 0x80000200 (0x411484b3) x 9 0xfb3ed8d3
core   0: 0x80000204 (0xa824a737) lui     a4, 0xa824a
core   0: 3 0x80000204 (0xa824a737) x14 0xa824a000
core   0: 0x80000208 (0x3dd70713) addi    a4, a4, 989
core   0: 3 0x80000208 (0x3dd70713) x14 0xa824a3dd
core   0: 0x8000020c (0x80000fb7) lui     t6, 0x80000
core   0: 3 0x8000020c (0x80000fb7) x31 0x80000000
core   0: 0x80000210 (0x00004881) c.li    a7, 0
core   0: 3 0x80000210 (0x4881) x17 0x00000000
core   0: 0x80000212 (0x00004901) c.li    s2, 0
core   0: 3 0x80000212 (0x4901) x18 0x00000000
core   0: 0x80000214 (0x00004181) c.li    gp, 0
core   0: 3 0x80000214 (0x4181) x 3 0x00000000
core   0: 0x80000216 (0x00004d81) c.li    s11, 0
core   0: 3 0x80000216 (0x4d81) x27 0x00000000
core   0: 0x80000218 (0x59a7b437) lui     s0, 0x59a7b
core   0: 3 0x80000218 (0x59a7b437) x 8 0x59a7b000
core   0: 0x8000021c (0x39140413) addi    s0, s0, 913
core   0: 3 0x8000021c (0x39140413) x 8 0x59a7b391
core   0: 0x80000220 (0xfff00a93) li      s5, -1
core   0: 3 0x80000220 (0xfff00a93) x21 0xffffffff
core   0: 0x80000224 (0x00004281) c.li    t0, 0
core   0: 3 0x80000224 (0x4281) x 5 0x00000000
core   0: 0x80000226 (0xc4ce1c37) lui     s8, 0xc4ce1
core   0: 3 0x80000226 (0xc4ce1c37) x24 0xc4ce1000
core   0: 0x8000022a (0x227c0c13) addi    s8, s8, 551
core   0: 3 0x8000022a (0x227c0c13) x24 0xc4ce1227
core   0: 0x8000022e (0x031c6fb3) rem     t6, s8, a7
core   0: 3 0x8000022e (0x031c6fb3) x31 0xc4ce1227
core   0: 0x80000232 (0x03f461b3) rem     gp, s0, t6
core   0: 3 0x80000232 (0x03f461b3) x 3 0x1e75c5b8
core   0: 0x80000236 (0x53a262b7) lui     t0, 0x53a26
core   0: 3 0x80000236 (0x53a262b7) x 5 0x53a26000
core   0: 0x8000023a (0x00000001) c.nop
core   0: 3 0x8000023a (0x0001)
core   0: 0x8000023c (0xd8d1e2b7) lui     t0, 0xd8d1e
core   0: 3 0x8000023c (0xd8d1e2b7) x 5 0xd8d1e000
core   0: 0x80000240 (0x03242933) mulhsu  s2, s0, s2
core   0: 3 0x80000240 (0x03242933) x18 0x00000000
core   0: 0x80000244 (0x011182b3) add     t0, gp, a7
core   0: 3 0x80000244 (0x011182b3) x 5 0x1e75c5b8
core   0: 0x80000248 (0x68a3f297) auipc   t0, 0x68a3f
core   0: 3 0x80000248 (0x68a3f297) x 5 0xe8a3f248
core   0: 0x8000024c (0x0358d2b3) divu    t0, a7, s5
core   0: 3 0x8000024c (0x0358d2b3) x 5 0x00000000
core   0: 0x80000250 (0x59f90713) addi    a4, s2, 1439
core   0: 3 0x80000250 (0x59f90713) x14 0x0000059f
core   0: 0x80000254 (0x03b46ab3) rem     s5, s0, s11
core   0: 3 0x80000254 (0x03b46ab3) x21 0x59a7b391
core   0: 0x80000258 (0x03fa8ab3) mul     s5, s5, t6
core   0: 3 0x80000258 (0x03fa8ab3) x21 0xf5da8d17
core   0: 0x8000025c (0xec340f93) addi    t6, s0, -317
core   0: 3 0x8000025c (0xec340f93) x31 0x59a7b254
core   0: 0x80000260 (0x1978b197) auipc   gp, 0x1978b
core   0: 3 0x80000260 (0x1978b197) x 3 0x9978b260
core   0: 0x80000264 (0x5a728193) addi    gp, t0, 1447
core   0: 3 0x80000264 (0x5a728193) x 3 0x000005a7
core   0: 0x80000268 (0x031acdb3) div     s11, s5, a7
core   0: 3 0x80000268 (0x031acdb3) x27 0xffffffff
core   0: 0x8000026c (0x025ad8b3) divu    a7, s5, t0
core   0: 3 0x8000026c (0x025ad8b3) x17 0xffffffff
core   0: 0x80000270 (0x77428913) addi    s2, t0, 1908
core   0: 3 0x80000270 (0x77428913) x18 0x00000774
core   0: 0x80000274 (0x03876db3) rem     s11, a4, s8
core   0: 3 0x80000274 (0x03876db3) x27 0x0000059f
core   0: 0x80000278 (0x028c5933) divu    s2, s8, s0
core   0: 3 0x80000278 (0x028c5933) x18 0x00000002
core   0: 0x8000027c (0x03191fb3) mulh    t6, s2, a7
core   0: 3 0x8000027c (0x03191fb3) x31 0xffffffff
core   0: 0x80000280 (0x800003b7) lui     t2, 0x80000
core   0: 3 0x80000280 (0x800003b7) x 7 0x80000000
core   0: 0x80000284 (0x80000cb7) lui     s9, 0x80000
core   0: 3 0x80000284 (0x80000cb7) x25 0x80000000
core   0: 0x80000288 (0x00004a81) c.li    s5, 0
core   0: 3 0x80000288 (0x4a81) x21 0x00000000
core   0: 0x8000028a (0x4b4250b7) lui     ra, 0x4b425
core   0: 3 0x8000028a (0x4b4250b7) x 1 0x4b425000
core   0: 0x8000028e (0xdd108093) addi    ra, ra, -559
core   0: 3 0x8000028e (0xdd108093) x 1 0x4b424dd1
core   0: 0x80000292 (0x80000837) lui     a6, 0x80000
core   0: 3 0x80000292 (0x80000837) x16 0x80000000
core   0: 0x80000296 (0xfff00b13) li      s6, -1
core   0: 3 0x80000296 (0xfff00b13) x22 0xffffffff
core   0: 0x8000029a (0xfff00613) li      a2, -1
core   0: 3 0x8000029a (0xfff00613) x12 0xffffffff
core   0: 0x8000029e (0xfff00793) li      a5, -1
core   0: 3 0x8000029e (0xfff00793) x15 0xffffffff
core   0: 0x800002a2 (0x80000e37) lui     t3, 0x80000
core   0: 3 0x800002a2 (0x80000e37) x28 0x80000000
core   0: 0x800002a6 (0x80000d37) lui     s10, 0x80000
core   0: 3 0x800002a6 (0x80000d37) x26 0x80000000
core   0: 0x800002aa (0x00f08633) add     a2, ra, a5
core   0: 3 0x800002aa (0x00f08633) x12 0x4b424dd0
core   0: 0x800002ae (0x95f6fb37) lui     s6, 0x95f6f
core   0: 3 0x800002ae (0x95f6fb37) x22 0x95f6f000
core   0: 0x800002b2 (0x41cd07b3) sub     a5, s10, t3
core   0: 3 0x800002b2 (0x41cd07b3) x15 0x00000000
core   0: 0x800002b6 (0x035cd833) divu    a6, s9, s5
core   0: 3 0x800002b6 (0x035cd833) x16 0xffffffff
core   0: 0x800002ba (0x01038d33) add     s10, t2, a6
core   0: 3 0x800002ba (0x01038d33) x26 0x7fffffff
core   0: 0x800002be (0xeaefb817) auipc   a6, 0xeaefb
core   0: 3 0x800002be (0xeaefb817) x16 0x6aefb2be
core   0: 0x800002c2 (0x0213cd33) div     s10, t2, ra
core   0: 3 0x800002c2 (0x0213cd33) x26 0xffffffff
core   0: 0x800002c6 (0x0390fb33) remu    s6, ra, s9
core   0: 3 0x800002c6 (0x0390fb33) x22 0x4b424dd1
core   0: 0x800002ca (0x00f38cb3) add     s9, t2, a5
core   0: 3 0x800002ca (0x00f38cb3) x25 0x80000000
core   0: 0x800002ce (0x03ab73b3) remu    t2, s6, s10
core   0: 3 0x800002ce (0x03ab73b3) x 7 0x4b424dd1
core   0: 0x800002d2 (0x02cb20b3) mulhsu  ra, s6, a2
core   0: 3 0x800002d2 (0x02cb20b3) x 1 0x161feac4
core   0: 0x800002d6 (0x02783b33) mulhu   s6, a6, t2
core   0: 3 0x800002d6 (0x02783b33) x22 0x1f6febab
core   0: 0x800002da (0x03665b33) divu    s6, a2, s6
core   0: 3 0x800002da (0x03665b33) x22 0x00000002
core   0: 0x800002de (0x02f7f0b3) remu    ra, a5, a5
core   0: 3 0x800002de (0x02f7f0b3) x 1 0x00000000
core   0: 0x800002e2 (0x0363fab3) remu    s5, t2, s6
core   0: 3 0x800002e2 (0x0363fab3) x21 0x00000001
core   0: 0x800002e6 (0x03c67633) remu    a2, a2, t3
core   0: 3 0x800002e6 (0x03c67633) x12 0x4b424dd0
core   0: 0x800002ea (0x027d3833) mulhu   a6, s10, t2
core   0: 3 0x800002ea (0x027d3833) x16 0x4b424dd0
core   0: 0x800002ee (0x00009e5a) c.add   t3, s6
core   0: 3 0x800002ee (0x9e5a) x28 0x80000002
core   0: 0x800002f0 (0x03ce0d33) mul     s10, t3, t3
core   0: 3 0x800002f0 (0x03ce0d33) x26 0x00000004
core   0: 0x800002f4 (0x02c66ab3) rem     s5, a2, a2
core   0: 3 0x800002f4 (0x02c66ab3) x21 0x00000000
core   0: 0x800002f8 (0x00000001) c.nop
core   0: 3 0x800002f8 (0x0001)
core   0: 0x800002fa (0x03c870b3) remu    ra, a6, t3
core   0: 3 0x800002fa (0x03c870b3) x 1 0x4b424dd0
core   0: 0x800002fe (0x5887dcb7) lui     s9, 0x5887d
core   0: 3 0x800002fe (0x5887dcb7) x25 0x5887d000
core   0: 0x80000302 (0x00004b81) c.li    s7, 0
core   0: 3 0x80000302 (0x4b81) x23 0x00000000
core   0: 0x80000304 (0x80000e37) lui     t3, 0x80000
core   0: 3 0x80000304 (0x80000e37) x28 0x80000000
core   0: 0x80000308 (0xd3b42eb7) lui     t4, 0xd3b42
core   0: 3 0x80000308 (0xd3b42eb7) x29 0xd3b42000
core   0: 0x8000030c (0x735e8e93) addi    t4, t4, 1845
core   0: 3 0x8000030c (0x735e8e93) x29 0xd3b42735
core   0: 0x80000310 (0x00004d81) c.li    s11, 0
core   0: 3 0x80000310 (0x4d81) x27 0x00000000
core   0: 0x80000312 (0xfff00593) li      a1, -1
core   0: 3 0x80000312 (0xfff00593) x11 0xffffffff
core   0: 0x80000316 (0xfff00293) li      t0, -1
core   0: 3 0x80000316 (0xfff00293) x 5 0xffffffff
core   0: 0x8000031a (0x88ec2837) lui     a6, 0x88ec2
core   0: 3 0x8000031a (0x88ec2837) x16 0x88ec2000
core   0: 0x8000031e (0x89980813) addi    a6, a6, -1895
core   0: 3 0x8000031e (0x89980813) x16 0x88ec1899
core   0: 0x80000322 (0xfff00793) li      a5, -1
core   0: 3 0x80000322 (0xfff00793) x15 0xffffffff
core   0: 0x80000326 (0x00004401) c.li    s0, 0
core   0: 3 0x80000326 (0x4401) x 8 0x00000000
core   0: 0x80000328 (0x00004501) c.li    a0, 0
core   0: 3 0x80000328 (0x4501) x10 0x00000000
core   0: 0x8000032a (0x03c2c533) div     a0, t0, t3
core   0: 3 0x8000032a (0x03c2c533) x10 0x00000000
core   0: 0x8000032e (0x03d507b3) mul     a5, a0, t4
core   0: 3 0x8000032e (0x03d507b3) x15 0x00000000
core   0: 0x80000332 (0x00000001) c.nop
core   0: 3 0x80000332 (0x0001)
core   0: 0x80000334 (0x41bb8db3) sub     s11, s7, s11
core   0: 3 0x80000334 (0x41bb8db3) x27 0x00000000
core   0: 0x80000338 (0x0000985e) c.add   a6, s7
core   0: 3 0x80000338 (0x985e) x16 0x88ec1899
core   0: 0x8000033a (0x03c53833) mulhu   a6, a0, t3
core   0: 3 0x8000033a (0x03c53833) x16 0x00000000
core   0: 0x8000033e (0x037e12b3) mulh    t0, t3, s7
core   0: 3 0x8000033e (0x037e12b3) x 5 0x00000000
core   0: 0x80000342 (0x00858bb3) add     s7, a1, s0
core   0: 3 0x80000342 (0x00858bb3) x23 0xffffffff
core   0: 0x80000346 (0x037bdbb3) divu    s7, s7, s7
core   0: 3 0x80000346 (0x037bdbb3) x23 0x00000001
core   0: 0x8000034a (0x0000986e) c.add   a6, s11
core   0: 3 0x8000034a (0x986e) x16 0x00000000
core   0: 0x8000034c (0x03d2a433) mulhsu  s0, t0, t4
core   0: 3 0x8000034c (0x03d2a433) x 8 0x00000000
core   0: 0x80000350 (0x03086433) rem     s0, a6, a6
core   0: 3 0x80000350 (0x03086433) x 8 0x00000000
core   0: 0x80000354 (0x037ede33) divu    t3, t4, s7
core   0: 3 0x80000354 (0x037ede33) x28 0xd3b42735
core   0: 0x80000358 (0x40fb8533) sub     a0, s7, a5
core   0: 3 0x80000358 (0x40fb8533) x10 0x00000001
core   0: 0x8000035c (0xbe940293) addi    t0, s0, -1047
core   0: 3 0x8000035c (0xbe940293) x 5 0xfffffbe9
core   0: 0x80000360 (0x037baeb3) mulhsu  t4, s7, s7
core   0: 3 0x80000360 (0x037baeb3) x29 0x00000000
core   0: 0x80000364 (0x4a8082b7) lui     t0, 0x4a808
core   0: 3 0x80000364 (0x4a8082b7) x 5 0x4a808000
core   0: 0x80000368 (0x03ddde33) divu    t3, s11, t4
core   0: 3 0x80000368 (0x03ddde33) x28 0xffffffff
core   0: 0x8000036c (0x03bd92b3) mulh    t0, s11, s11
core   0: 3 0x8000036c (0x03bd92b3) x 5 0x00000000
core   0: 0x80000370 (0x433c17b7) lui     a5, 0x433c1
core   0: 3 0x80000370 (0x433c17b7) x15 0x433c1000
core   0: 0x80000374 (0x01de02b3) add     t0, t3, t4
core   0: 3 0x80000374 (0x01de02b3) x 5 0xffffffff
core   0: 0x80000378 (0x03bb8db3) mul     s11, s7, s11
core   0: 3 0x80000378 (0x03bb8db3) x27 0x00000000
core   0: 0x8000037c (0x40540e33) sub     t3, s0, t0
core   0: 3 0x8000037c (0x40540e33) x28 0x00000001
core   0: 0x80000380 (0x02f5c833) div     a6, a1, a5
core   0: 3 0x80000380 (0x02f5c833) x16 0x00000000
core   0: 0x80000384 (0x417802b3) sub     t0, a6, s7
core   0: 3 0x80000384 (0x417802b3) x 5 0xffffffff
core   0: 0x80000388 (0x0d353817) auipc   a6, 0xd353
core   0: 3 0x80000388 (0x0d353817) x16 0x8d353388
core   0: 0x8000038c (0x03dbb5b3) mulhu   a1, s7, t4
core   0: 3 0x8000038c (0x03dbb5b3) x11 0x00000000
core   0: 0x80000390 (0xecee3297) auipc   t0, 0xecee3
core   0: 3 0x80000390 (0xecee3297) x 5 0x6cee3390
core   0: 0x80000394 (0x03de55b3) divu    a1, t3, t4
core   0: 3 0x80000394 (0x03de55b3) x11 0xffffffff
core   0: 0x80000398 (0x59d7e6b7) lui     a3, 0x59d7e
core   0: 3 0x80000398 (0x59d7e6b7) x13 0x59d7e000
core   0: 0x8000039c (0x2c168693) addi    a3, a3, 705
core   0: 3 0x8000039c (0x2c168693) x13 0x59d7e2c1
core   0: 0x800003a0 (0x00004b01) c.li    s6, 0
core   0: 3 0x800003a0 (0x4b01) x22 0x00000000
core   0: 0x800003a2 (0x98b3a837) lui     a6, 0x98b3a
core   0: 3 0x800003a2 (0x98b3a837) x16 0x98b3a000
core   0: 0x800003a6 (0xc4180813) addi    a6, a6, -959
core   0: 3 0x800003a6 (0xc4180813) x16 0x98b39c41
core   0: 0x800003aa (0x00004081) c.li    ra, 0
core   0: 3 0x800003aa (0x4081) x 1 0x00000000
core   0: 0x800003ac (0x059a87b7) lui     a5, 0x59a8
core   0: 3 0x800003ac (0x059a87b7) x15 0x059a8000
core   0: 0x800003b0 (0xbc978793) addi    a5, a5, -1079
core   0: 3 0x800003b0 (0xbc978793) x15 0x059a7bc9
core   0: 0x800003b4 (0x00004c81) c.li    s9, 0
core   0: 3 0x800003b4 (0x4c81) x25 0x00000000
core   0: 0x800003b6 (0x00004181) c.li    gp, 0
core   0: 3 0x800003b6 (0x4181) x 3 0x00000000
core   0: 0x800003b8 (0x638555b7) lui     a1, 0x63855
core   0: 3 0x800003b8 (0x638555b7) x11 0x63855000
core   0: 0x800003bc (0x07158593) addi    a1, a1, 113
core   0: 3 0x800003bc (0x07158593) x11 0x63855071
core   0: 0x800003c0 (0xfff00e93) li      t4, -1
core   0: 3 0x800003c0 (0xfff00e93) x29 0xffffffff
core   0: 0x800003c4 (0x800003b7) lui     t2, 0x80000
core   0: 3 0x800003c4 (0x800003b7) x 7 0x80000000
core   0: 0x800003c8 (0x02dcc7b3) div     a5, s9, a3
core   0: 3 0x800003c8 (0x02dcc7b3) x15 0x00000000
core   0: 0x800003cc (0x02b6db33) divu    s6, a3, a1
core   0: 3 0x800003cc (0x02b6db33) x22 0x00000000
core   0: 0x800003d0 (0x027587b3) mul     a5, a1, t2
core   0: 3 0x800003d0 (0x027587b3) x15 0x80000000
core   0: 0x800003d4 (0x023b11b3) mulh    gp, s6, gp
core   0: 3 0x800003d4 (0x023b11b3) x 3 0x00000000
core   0: 0x800003d8 (0x5dd8a197) auipc   gp, 0x5dd8a
core   0: 3 0x800003d8 (0x5dd8a197) x 3 0xddd8a3d8
core   0: 0x800003dc (0x03d6a3b3) mulhsu  t2, a3, t4
core   0: 3 0x800003dc (0x03d6a3b3) x 7 0x59d7e2c0
core   0: 0x800003e0 (0x7f608193) addi    gp, ra, 2038
core   0: 3 0x800003e0 (0x7f608193) x 3 0x000007f6
core   0: 0x800003e4 (0x021c96b3) mulh    a3, s9, ra
core   0: 3 0x800003e4 (0x021c96b3) x13 0x00000000
core   0: 0x800003e8 (0x03680b33) mul     s6, a6, s6
core   0: 3 0x800003e8 (0x03680b33) x22 0x00000000
core   0: 0x800003ec (0x40768eb3) sub     t4, a3, t2
core   0: 3 0x800003ec (0x40768eb3) x29 0xa6281d40
core   0: 0x800003f0 (0x40b586b3) sub     a3, a1, a1
core   0: 3 0x800003f0 (0x40b586b3) x13 0x00000000
core   0: 0x800003f4 (0x00000001) c.nop
core   0: 3 0x800003f4 (0x0001)
core   0: 0x800003f6 (0x0300e833) rem     a6, ra, a6
core   0: 3 0x800003f6 (0x0300e833) x16 0x00000000
core   0: 0x800003fa (0x03080833) mul     a6, a6, a6
core   0: 3 0x800003fa (0x03080833) x16 0x00000000
core   0: 0x800003fe (0x0236e3b3) rem     t2, a3, gp
core   0: 3 0x800003fe (0x0236e3b3) x 7 0x00000000
core   0: 0x80000402 (0x03d5b3b3) mulhu   t2, a1, t4
core   0: 3 0x80000402 (0x03d5b3b3) x 7 0x40980a5c
core   0: 0x80000406 (0x4f25cc97) auipc   s9, 0x4f25c
core   0: 3 0x80000406 (0x4f25cc97) x25 0xcf25c406
core   0: 0x8000040a (0x40fb0eb3) sub     t4, s6, a5
core   0: 3 0x8000040a (0x40fb0eb3) x29 0x80000000
core   0: 0x8000040e (0x03d7e0b3) rem     ra, a5, t4
core   0: 3 0x8000040e (0x03d7e0b3) x 1 0x00000000
core   0: 0x80000412 (0x0213f7b3) remu    a5, t2, ra
core   0: 3 0x80000412 (0x0213f7b3) x15 0x40980a5c
core   0: 0x80000416 (0x00000001) c.nop
core   0: 3 0x80000416 (0x0001)
core   0: 0x80000418 (0x00000001) c.nop
core   0: 3 0x80000418 (0x0001)
core   0: 0x8000041a (0x00378833) add     a6, a5, gp
core   0: 3 0x8000041a (0x00378833) x16 0x40981252
core   0: 0x8000041e (0x02d825b3) mulhsu  a1, a6, a3
core   0: 3 0x8000041e (0x02d825b3) x11 0x00000000
core   0: 0x80000422 (0x02169b33) mulh    s6, a3, ra
core   0: 3 0x80000422 (0x02169b33) x22 0x00000000
core   0: 0x80000426 (0x248fdcb7) lui     s9, 0x248fd
core   0: 3 0x80000426 (0x248fdcb7) x25 0x248fd000
core   0: 0x8000042a (0x0395b7b3) mulhu   a5, a1, s9
core   0: 3 0x8000042a (0x0395b7b3) x15 0x00000000
core   0: 0x8000042e (0x0fa56b17) auipc   s6, 0xfa56
core   0: 3 0x8000042e (0x0fa56b17) x22 0x8fa5642e
core   0: 0x80000432 (0x0cf2a837) lui     a6, 0xcf2a
core   0: 3 0x80000432 (0x0cf2a837) x16 0x0cf2a000
core   0: 0x80000436 (0x00000001) c.nop
core   0: 3 0x80000436 (0x0001)
core   0: 0x80000438 (0x800003b7) lui     t2, 0x80000
core   0: 3 0x80000438 (0x800003b7) x 7 0x80000000
core   0: 0x8000043c (0xfff00513) li      a0, -1
core   0: 3 0x8000043c (0xfff00513) x10 0xffffffff
core   0: 0x80000440 (0x00004081) c.li    ra, 0
core   0: 3 0x80000440 (0x4081) x 1 0x00000000
core   0: 0x80000442 (0x800004b7) lui     s1, 0x80000
core   0: 3 0x80000442 (0x800004b7) x 9 0x80000000
core   0: 0x80000446 (0xc25babb7) lui     s7, 0xc25ba
core   0: 3 0x80000446 (0xc25babb7) x23 0xc25ba000
core   0: 0x8000044a (0x314b8b93) addi    s7, s7, 788
core   0: 3 0x8000044a (0x314b8b93) x23 0xc25ba314
core   0: 0x8000044e (0x00004d01) c.li    s10, 0
core   0: 3 0x8000044e (0x4d01) x26 0x00000000
core   0: 0x80000450 (0xfff00f13) li      t5, -1
core   0: 3 0x80000450 (0xfff00f13) x30 0xffffffff
core   0: 0x80000454 (0xfff00c13) li      s8, -1
core   0: 3 0x80000454 (0xfff00c13) x24 0xffffffff
core   0: 0x80000458 (0x00004901) c.li    s2, 0
core   0: 3 0x80000458 (0x4901) x18 0x00000000
core   0: 0x8000045a (0x00004981) c.li    s3, 0
core   0: 3 0x8000045a (0x4981) x19 0x00000000
core   0: 0x8000045c (0x417c0c33) sub     s8, s8, s7
core   0: 3 0x8000045c (0x417c0c33) x24 0x3da45ceb
core   0: 0x80000460 (0xf5513c37) lui     s8, 0xf5513
core   0: 3 0x80000460 (0xf5513c37) x24 0xf5513000
core   0: 0x80000464 (0x037c2bb3) mulhsu  s7, s8, s7
core   0: 3 0x80000464 (0x037c2bb3) x23 0xf7e3b36d
core   0: 0x80000468 (0xedab8b93) addi    s7, s7, -294
core   0: 3 0x80000468 (0xedab8b93) x23 0xf7e3b247
core   0: 0x8000046c (0x037bf3b3) remu    t2, s7, s7
core   0: 3 0x8000046c (0x037bf3b3) x 7 0x00000000
core   0: 0x80000470 (0x418503b3) sub     t2, a0, s8
core   0: 3 0x80000470 (0x418503b3) x 7 0x0aaecfff
core   0: 0x80000474 (0x0210cc33) div     s8, ra, ra
core   0: 3 0x80000474 (0x0210cc33) x24 0xffffffff
core   0: 0x80000478 (0x033c0533) mul     a0, s8, s3
core   0: 3 0x80000478 (0x033c0533) x10 0x00000000
core   0: 0x8000047c (0x0210dbb3) divu    s7, ra, ra
core   0: 3 0x8000047c (0x0210dbb3) x23 0xffffffff
core   0: 0x80000480 (0x02ac79b3) remu    s3, s8, a0
core   0: 3 0x80000480 (0x02ac79b3) x19 0xffffffff
core   0: 0x80000484 (0x0274b0b3) mulhu   ra, s1, t2
core   0: 3 0x80000484 (0x0274b0b3) x 1 0x055767ff
core   0: 0x80000488 (0x037b93b3) mulh    t2, s7, s7
core   0: 3 0x80000488 (0x037b93b3) x 7 0x00000000
core   0: 0x8000048c (0x037f03b3) mul     t2, t5, s7
core   0: 3 0x8000048c (0x037f03b3) x 7 0x00000001
core   0: 0x80000490 (0x037d59b3) divu    s3, s10, s7
core   0: 3 0x80000490 (0x037d59b3) x19 0x00000000
core   0: 0x80000494 (0x03e9df33) divu    t5, s3, t5
core   0: 3 0x80000494 (0x03e9df33) x30 0x00000000
core   0: 0x80000498 (0xf0dc0b93) addi    s7, s8, -243
core   0: 3 0x80000498 (0xf0dc0b93) x23 0xffffff0c
core   0: 0x8000049c (0x68fabf37) lui     t5, 0x68fab
core   0: 3 0x8000049c (0x68fabf37) x30 0x68fab000
core   0: 0x800004a0 (0x23989497) auipc   s1, 0x23989
core   0: 3 0x800004a0 (0x23989497) x 9 0xa39894a0
core   0: 0x800004a4 (0x02ad7533) remu    a0, s10, a0
core   0: 3 0x800004a4 (0x02ad7533) x10 0x00000000
core   0: 0x800004a8 (0x029569b3) rem     s3, a0, s1
core   0: 3 0x800004a8 (0x029569b3) x19 0x00000000
core   0: 0x800004ac (0x02a9bc33) mulhu   s8, s3, a0
core   0: 3 0x800004ac (0x02a9bc33) x24 0x00000000
core   0: 0x800004b0 (0x03e39933) mulh    s2, t2, t5
core   0: 3 0x800004b0 (0x03e39933) x18 0x00000000
core   0: 0x800004b4 (0xdfff0913) addi    s2, t5, -513
core   0: 3 0x800004b4 (0xdfff0913) x18 0x68faadff
core   0: 0x800004b8 (0x03a553b3) divu    t2, a0, s10
core   0: 3 0x800004b8 (0x03a553b3) x 7 0xffffffff
core   0: 0x800004bc (0x02af10b3) mulh    ra, t5, a0
core   0: 3 0x800004bc (0x02af10b3) x 1 0x00000000
core   0: 0x800004c0 (0x02191f33) mulh    t5, s2, ra
core   0: 3 0x800004c0 (0x02191f33) x30 0x00000000
core   0: 0x800004c4 (0x0293a0b3) mulhsu  ra, t2, s1
core   0: 3 0x800004c4 (0x0293a0b3) x 1 0xffffffff
core   0: 0x800004c8 (0x41750f33) sub     t5, a0, s7
core   0: 3 0x800004c8 (0x41750f33) x30 0x000000f4
core   0: 0x800004cc (0x02a930b3) mulhu   ra, s2, a0
core   0: 3 0x800004cc (0x02a930b3) x 1 0x00000000
core   0: 0x800004d0 (0x02193f33) mulhu   t5, s2, ra
core   0: 3 0x800004d0 (0x02193f33) x30 0x00000000
core   0: 0x800004d4 (0xc92d82b7) lui     t0, 0xc92d8
core   0: 3 0x800004d4 (0xc92d82b7) x 5 0xc92d8000
core   0: 0x800004d8 (0x9b528293) addi    t0, t0, -1611
core   0: 3 0x800004d8 (0x9b528293) x 5 0xc92d79b5
core   0: 0x800004dc (0xbaa5a437) lui     s0, 0xbaa5a
core   0: 3 0x800004dc (0xbaa5a437) x 8 0xbaa5a000
core   0: 0x800004e0 (0x3df40413) addi    s0, s0, 991
core   0: 3 0x800004e0 (0x3df40413) x 8 0xbaa5a3df
core   0: 0x800004e4 (0x80000c37) lui     s8, 0x80000
core   0: 3 0x800004e4 (0x80000c37) x24 0x80000000
core   0: 0x800004e8 (0x00004f81) c.li    t6, 0
core   0: 3 0x800004e8 (0x4f81) x31 0x00000000
core   0: 0x800004ea (0x82c63837) lui     a6, 0x82c63
core   0: 3 0x800004ea (0x82c63837) x16 0x82c63000
core   0: 0x800004ee (0x2e180813) addi    a6, a6, 737
core   0: 3 0x800004ee (0x2e180813) x16 0x82c632e1
core   0: 0x800004f2 (0xfff00513) li      a0, -1
core   0: 3 0x800004f2 (0xfff00513) x10 0xffffffff
core   0: 0x800004f6 (0xed3c6ab7) lui     s5, 0xed3c6
core   0: 3 0x800004f6 (0xed3c6ab7) x21 0xed3c6000
core   0: 0x800004fa (0x956a8a93) addi    s5, s5, -1706
core   0: 3 0x800004fa (0x956a8a93) x21 0xed3c5956
core   0: 0x800004fe (0x80000db7) lui     s11, 0x80000
core   0: 3 0x800004fe (0x80000db7) x27 0x80000000
core   0: 0x80000502 (0x00004181) c.li    gp, 0
core   0: 3 0x80000502 (0x4181) x 3 0x00000000
core   0: 0x80000504 (0x00004081) c.li    ra, 0
core   0: 3 0x80000504 (0x4081) x 1 0x00000000
core   0: 0x80000506 (0x3b1b40b7) lui     ra, 0x3b1b4
core   0: 3 0x80000506 (0x3b1b40b7) x 1 0x3b1b4000
core   0: 0x8000050a (0x62680513) addi    a0, a6, 1574
core   0: 3 0x8000050a (0x62680513) x10 0x82c63907
core   0: 0x8000050e (0x023502b3) mul     t0, a0, gp
core   0: 3 0x8000050e (0x023502b3) x 5 0x00000000
core   0: 0x80000512 (0x005081b3) add     gp, ra, t0
core   0: 3 0x80000512 (0x005081b3) x 3 0x3b1b4000
core   0: 0x80000516 (0x03f53c33) mulhu   s8, a0, t6
core   0: 3 0x80000516 (0x03f53c33) x24 0x00000000
core   0: 0x8000051a (0x0210f533) remu    a0, ra, ra
core   0: 3 0x8000051a (0x0210f533) x10 0x00000000
core   0: 0x8000051e (0x41b18c33) sub     s8, gp, s11
core   0: 3 0x8000051e (0x41b18c33) x24 0xbb1b4000
core   0: 0x80000522 (0x41ff8fb3) sub     t6, t6, t6
core   0: 3 0x80000522 (0x41ff8fb3) x31 0x00000000
core   0: 0x80000526 (0x02ac4c33) div     s8, s8, a0
core   0: 3 0x80000526 (0x02ac4c33) x24 0xffffffff
core   0: 0x8000052a (0x00118533) add     a0, gp, ra
core   0: 3 0x8000052a (0x00118533) x10 0x76368000
core   0: 0x8000052e (0x025c3db3) mulhu   s11, s8, t0
core   0: 3 0x8000052e (0x025c3db3) x27 0x00000000
core   0: 0x80000532 (0x02ac2433) mulhsu  s0, s8, a0
core   0: 3 0x80000532 (0x02ac2433) x 8 0xffffffff
core   0: 0x80000536 (0x030acfb3) div     t6, s5, a6
core   0: 3 0x80000536 (0x030acfb3) x31 0x00000000
core   0: 0x8000053a (0x03041db3) mulh    s11, s0, a6
core   0: 3 0x8000053a (0x03041db3) x27 0x00000000
core   0: 0x8000053e (0x021fc1b3) div     gp, t6, ra
core   0: 3 0x8000053e (0x021fc1b3) x 3 0x00000000
core   0: 0x80000542 (0x038ff533) remu    a0, t6, s8
core   0: 3 0x80000542 (0x038ff533) x10 0x00000000
core   0: 0x80000546 (0xa4818813) addi    a6, gp, -1464
core   0: 3 0x80000546 (0xa4818813) x16 0xfffffa48
core   0: 0x8000054a (0x0301a833) mulhsu  a6, gp, a6
core   0: 3 0x8000054a (0x0301a833) x16 0x00000000
core   0: 0x8000054e (0x0300f2b3) remu    t0, ra, a6
core   0: 3 0x8000054e (0x0300f2b3) x 5 0x3b1b4000
core   0: 0x80000552 (0x02841db3) mulh    s11, s0, s0
core   0: 3 0x80000552 (0x02841db3) x27 0x00000000
core   0: 0x80000556 (0x0211cfb3) div     t6, gp, ra
core   0: 3 0x80000556 (0x0211cfb3) x31 0x00000000
core   0: 0x8000055a (0xcc840a93) addi    s5, s0, -824
core   0: 3 0x8000055a (0xcc840a93) x21 0xfffffcc7
core   0: 0x8000055e (0x028c7db3) remu    s11, s8, s0
core   0: 3 0x8000055e (0x028c7db3) x27 0x00000000
core   0: 0x80000562 (0x00308db3) add     s11, ra, gp
core   0: 3 0x80000562 (0x00308db3) x27 0x3b1b4000
core   0: 0x80000566 (0x415f8833) sub     a6, t6, s5
core   0: 3 0x80000566 (0x415f8833) x16 0x00000339
core   0: 0x8000056a (0x3c033b37) lui     s6, 0x3c033
core   0: 3 0x8000056a (0x3c033b37) x22 0x3c033000
core   0: 0x8000056e (0x1c4b0b13) addi    s6, s6, 452
core   0: 3 0x8000056e (0x1c4b0b13) x22 0x3c0331c4
core   0: 0x80000572 (0x80000737) lui     a4, 0x80000
core   0: 3 0x80000572 (0x80000737) x14 0x80000000
core   0: 0x80000576 (0x80000137) lui     sp, 0x80000
core   0: 3 0x80000576 (0x80000137) x 2 0x80000000
core   0: 0x8000057a (0x00004d81) c.li    s11, 0
core   0: 3 0x8000057a (0x4d81) x27 0x00000000
core   0: 0x8000057c (0x00004d01) c.li    s10, 0
core   0: 3 0x8000057c (0x4d01) x26 0x00000000
core   0: 0x8000057e (0x80000fb7) lui     t6, 0x80000
core   0: 3 0x8000057e (0x80000fb7) x31 0x80000000
core   0: 0x80000582 (0xea8c76b7) lui     a3, 0xea8c7
core   0: 3 0x80000582 (0xea8c76b7) x13 0xea8c7000
core   0: 0x80000586 (0xf6068693) addi    a3, a3, -160
core   0: 3 0x80000586 (0xf6068693) x13 0xea8c6f60
core   0: 0x8000058a (0x800004b7) lui     s1, 0x80000
core   0: 3 0x8000058a (0x800004b7) x 9 0x80000000
core   0: 0x8000058e (0xfff00913) li      s2, -1
core   0: 3 0x8000058e (0xfff00913) x18 0xffffffff
core   0: 0x80000592 (0x00004c81) c.li    s9, 0
core   0: 3 0x80000592 (0x4c81) x25 0x00000000
core   0: 0x80000594 (0x03669db3) mulh    s11, a3, s6
core   0: 3 0x80000594 (0x03669db3) x27 0xfaf8a594
core   0: 0x80000598 (0x85110f93) addi    t6, sp, -1967
core   0: 3 0x80000598 (0x85110f93) x31 0x7ffff851
core   0: 0x8000059c (0x01bc84b3) add     s1, s9, s11
core   0: 3 0x8000059c (0x01bc84b3) x 9 0xfaf8a594
core   0: 0x800005a0 (0x52590913) addi    s2, s2, 1317
core   0: 3 0x800005a0 (0x52590913) x18 0x00000524
core   0: 0x800005a4 (0x039db933) mulhu   s2, s11, s9
core   0: 3 0x800005a4 (0x039db933) x18 0x00000000
core   0: 0x800005a8 (0x039686b3) mul     a3, a3, s9
core   0: 3 0x800005a8 (0x039686b3) x13 0x00000000
core   0: 0x800005ac (0x019b0d33) add     s10, s6, s9
core   0: 3 0x800005ac (0x019b0d33) x26 0x3c0331c4
core   0: 0x800005b0 (0x03ac8cb3) mul     s9, s9, s10
core   0: 3 0x800005b0 (0x03ac8cb3) x25 0x00000000
core   0: 0x800005b4 (0x03970d33) mul     s10, a4, s9
core   0: 3 0x800005b4 (0x03970d33) x26 0x00000000
core   0: 0x800005b8 (0x0294c6b3) div     a3, s1, s1
core   0: 3 0x800005b8 (0x0294c6b3) x13 0x00000001
core   0: 0x800005bc (0x33210d93) addi    s11, sp, 818
core   0: 3 0x800005bc (0x33210d93) x27 0x80000332
core   0: 0x800005c0 (0x11310b17) auipc   s6, 0x11310
core   0: 3 0x800005c0 (0x11310b17) x22 0x913105c0
core   0: 0x800005c4 (0x03ad9db3) mulh    s11, s11, s10
core   0: 3 0x800005c4 (0x03ad9db3) x27 0x00000000
core   0: 0x800005c8 (0x02eb4133) div     sp, s6, a4
core   0: 3 0x800005c8 (0x02eb4133) x 2 0x00000000
core   0: 0x800005cc (0x03215fb3) divu    t6, sp, s2
core   0: 3 0x800005cc (0x03215fb3) x31 0xffffffff
core   0: 0x800005d0 (0x0366b6b3) mulhu   a3, a3, s6
core   0: 3 0x800005d0 (0x0366b6b3) x13 0x00000000
core   0: 0x800005d4 (0x00ef8933) add     s2, t6, a4
core   0: 3 0x800005d4 (0x00ef8933) x18 0x7fffffff
core   0: 0x800005d8 (0x02910db3) mul     s11, sp, s1
core   0: 3 0x800005d8 (0x02910db3) x27 0x00000000
core   0: 0x800005dc (0x02e6d6b3) divu    a3, a3, a4
core   0: 3 0x800005dc (0x02e6d6b3) x13 0x00000000
core   0: 0x800005e0 (0x409706b3) sub     a3, a4, s1
core   0: 3 0x800005e0 (0x409706b3) x13 0x85075a6c
core   0: 0x800005e4 (0x03b94db3) div     s11, s2, s11
core   0: 3 0x800005e4 (0x03b94db3) x27 0xffffffff
core   0: 0x800005e8 (0x00000001) c.nop
core   0: 3 0x800005e8 (0x0001)
core   0: 0x800005ea (0x02d69133) mulh    sp, a3, a3
core   0: 3 0x800005ea (0x02d69133) x 2 0x3b11ef52
core   0: 0x800005ee (0x00009b66) c.add   s6, s9
core   0: 3 0x800005ee (0x9b66) x22 0x913105c0
core   0: 0x800005f0 (0x02d15d33) divu    s10, sp, a3
core   0: 3 0x800005f0 (0x02d15d33) x26 0x00000000
core   0: 0x800005f4 (0x03f95933) divu    s2, s2, t6
core   0: 3 0x800005f4 (0x03f95933) x18 0x00000000
core   0: 0x800005f8 (0x016f8d33) add     s10, t6, s6
core   0: 3 0x800005f8 (0x016f8d33) x26 0x913105bf
core   0: 0x800005fc (0x03a4a4b3) mulhsu  s1, s1, s10
core   0: 3 0x800005fc (0x03a4a4b3) x 9 0xfd25df43
core   0: 0x80000600 (0x00000001) c.nop
core   0: 3 0x80000600 (0x0001)
core   0: 0x80000602 (0x8595a137) lui     sp, 0x8595a
core   0: 3 0x80000602 (0x8595a137) x 2 0x8595a000
core   0: 0x80000606 (0x00004801) c.li    a6, 0
core   0: 3 0x80000606 (0x4801) x16 0x00000000
core   0: 0x80000608 (0x80000937) lui     s2, 0x80000
core   0: 3 0x80000608 (0x80000937) x18 0x80000000
core   0: 0x8000060c (0x00004881) c.li    a7, 0
core   0: 3 0x8000060c (0x4881) x17 0x00000000
core   0: 0x8000060e (0xfff00993) li      s3, -1
core   0: 3 0x8000060e (0xfff00993) x19 0xffffffff
core   0: 0x80000612 (0xfff00493) li      s1, -1
core   0: 3 0x80000612 (0xfff00493) x 9 0xffffffff
core   0: 0x80000616 (0x49f55bb7) lui     s7, 0x49f55
core   0: 3 0x80000616 (0x49f55bb7) x23 0x49f55000
core   0: 0x8000061a (0x282b8b93) addi    s7, s7, 642
core   0: 3 0x8000061a (0x282b8b93) x23 0x49f55282
core   0: 0x8000061e (0x06d965b7) lui     a1, 0x6d96
core   0: 3 0x8000061e (0x06d965b7) x11 0x06d96000
core   0: 0x80000622 (0x04558593) addi    a1, a1, 69
core   0: 3 0x80000622 (0x04558593) x11 0x06d96045
core   0: 0x80000626 (0x21f50737) lui     a4, 0x21f50
core   0: 3 0x80000626 (0x21f50737) x14 0x21f50000
core   0: 0x8000062a (0x02d70713) addi    a4, a4, 45
core   0: 3 0x8000062a (0x02d70713) x14 0x21f5002d
core   0: 0x8000062e (0xfff00e93) li      t4, -1
core   0: 3 0x8000062e (0xfff00e93) x29 0xffffffff
core   0: 0x80000632 (0x00004d81) c.li    s11, 0
core   0: 3 0x80000632 (0x4d81) x27 0x00000000
core   0: 0x80000634 (0x029beeb3) rem     t4, s7, s1
core   0: 3 0x80000634 (0x029beeb3) x29 0x00000000
core   0: 0x80000638 (0x01258833) add     a6, a1, s2
core   0: 3 0x80000638 (0x01258833) x16 0x86d96045
core   0: 0x8000063c (0x00000001) c.nop
core   0: 3 0x8000063c (0x0001)
core   0: 0x8000063e (0x037ee833) rem     a6, t4, s7
core   0: 3 0x8000063e (0x037ee833) x16 0x00000000
core   0: 0x80000642 (0x03b89bb3) mulh    s7, a7, s11
core   0: 3 0x80000642 (0x03b89bb3) x23 0x00000000
core   0: 0x80000646 (0x7e088b93) addi    s7, a7, 2016
core   0: 3 0x80000646 (0x7e088b93) x23 0x000007e0
core   0: 0x8000064a (0x00000001) c.nop
core   0: 3 0x8000064a (0x0001)
core   0: 0x8000064c (0x015aa917) auipc   s2, 0x15aa
core   0: 3 0x8000064c (0x015aa917) x18 0x815aa64c
core   0: 0x80000650 (0x03177933) remu    s2, a4, a7
core   0: 3 0x80000650 (0x03177933) x18 0x21f5002d
core   0: 0x80000654 (0x0329a9b3) mulhsu  s3, s3, s2
core   0: 3 0x80000654 (0x0329a9b3) x19 0xffffffff
core   0: 0x80000658 (0xbe490d93) addi    s11, s2, -1052
core   0: 3 0x80000658 (0xbe490d93) x27 0x21f4fc11
core   0: 0x8000065c (0x00000001) c.nop
core   0: 3 0x8000065c (0x0001)
core   0: 0x8000065e (0x40ee8733) sub     a4, t4, a4
core   0: 3 0x8000065e (0x40ee8733) x14 0xde0affd3
core   0: 0x80000662 (0x030dedb3) rem     s11, s11, a6
core   0: 3 0x80000662 (0x030dedb3) x27 0x21f4fc11
core   0: 0x80000666 (0x02be9eb3) mulh    t4, t4, a1
core   0: 3 0x80000666 (0x02be9eb3) x29 0x00000000
core   0: 0x8000066a (0xa78e8b93) addi    s7, t4, -1416
core   0: 3 0x8000066a (0xa78e8b93) x23 0xfffffa78
core   0: 0x8000066e (0x029bfbb3) remu    s7, s7, s1
core   0: 3 0x8000066e (0x029bfbb3) x23 0xfffffa78
core   0: 0x80000672 (0xfff00f93) li      t6, -1
core   0: 3 0x80000672 (0xfff00f93) x31 0xffffffff
core   0: 0x80000676 (0x00004401) c.li    s0, 0
core   0: 3 0x80000676 (0x4401) x 8 0x00000000
core   0: 0x80000678 (0xfff00b13) li      s6, -1
core   0: 3 0x80000678 (0xfff00b13) x22 0xffffffff
core   0: 0x8000067c (0xfff00193) li      gp, -1
core   0: 3 0x8000067c (0xfff00193) x 3 0xffffffff
core   0: 0x80000680 (0x3ace5137) lui     sp, 0x3ace5
core   0: 3 0x80000680 (0x3ace5137) x 2 0x3ace5000
core   0: 0x80000684 (0xbc410113) addi    sp, sp, -1084
core   0: 3 0x80000684 (0xbc410113) x 2 0x3ace4bc4
core   0: 0x80000688 (0xa0ed2737) lui     a4, 0xa0ed2
core   0: 3 0x80000688 (0xa0ed2737) x14 0xa0ed2000
core   0: 0x8000068c (0x38670713) addi    a4, a4, 902
core   0: 3 0x8000068c (0x38670713) x14 0xa0ed2386
core   0: 0x80000690 (0x80000637) lui     a2, 0x80000
core   0: 3 0x80000690 (0x80000637) x12 0x80000000
core   0: 0x80000694 (0x9c2222b7) lui     t0, 0x9c222
core   0: 3 0x80000694 (0x9c2222b7) x 5 0x9c222000
core   0: 0x80000698 (0x9ba28293) addi    t0, t0, -1606
core   0: 3 0x80000698 (0x9ba28293) x 5 0x9c2219ba
core   0: 0x8000069c (0x80000cb7) lui     s9, 0x80000
core   0: 3 0x8000069c (0x80000cb7) x25 0x80000000
core   0: 0x800006a0 (0x00004d81) c.li    s11, 0
core   0: 3 0x800006a0 (0x4d81) x27 0x00000000
core   0: 0x800006a2 (0x036f82b3) mul     t0, t6, s6
core   0: 3 0x800006a2 (0x036f82b3) x 5 0x00000001
core   0: 0x800006a6 (0x02562733) mulhsu  a4, a2, t0
core   0: 3 0x800006a6 (0x02562733) x14 0xffffffff
core   0: 0x800006aa (0x036ca733) mulhsu  a4, s9, s6
core   0: 3 0x800006aa (0x036ca733) x14 0x80000000
core   0: 0x800006ae (0x016b0433) add     s0, s6, s6
core   0: 3 0x800006ae (0x016b0433) x 8 0xfffffffe
core   0: 0x800006b2 (0xde70f617) auipc   a2, 0xde70f
core   0: 3 0x800006b2 (0xde70f617) x12 0x5e70f6b2
core   0: 0x800006b6 (0xfdb10413) addi    s0, sp, -37
core   0: 3 0x800006b6 (0xfdb10413) x 8 0x3ace4b9f
core   0: 0x800006ba (0x25f28113) addi    sp, t0, 607
core   0: 3 0x800006ba (0x25f28113) x 2 0x00000260
core   0: 0x800006be (0x028cab33) mulhsu  s6, s9, s0
core   0: 3 0x800006be (0x028cab33) x22 0xe298da30
core   0: 0x800006c2 (0x02c10633) mul     a2, sp, a2
core   0: 3 0x800006c2 (0x02c10633) x12 0x4c49e6c0
core   0: 0x800006c6 (0x03615633) divu    a2, sp, s6
core   0: 3 0x800006c6 (0x03615633) x12 0x00000000
core   0: 0x800006ca (0x02e1b2b3) mulhu   t0, gp, a4
core   0: 3 0x800006ca (0x02e1b2b3) x 5 0x7fffffff
core   0: 0x800006ce (0x00cc8733) add     a4, s9, a2
core   0: 3 0x800006ce (0x00cc8733) x14 0x80000000
core   0: 0x800006d2 (0x03fcab33) mulhsu  s6, s9, t6
core   0: 3 0x800006d2 (0x03fcab33) x22 0x80000000
core   0: 0x800006d6 (0x00009c96) c.add   s9, t0
core   0: 3 0x800006d6 (0x9c96) x25 0xffffffff
core   0: 0x800006d8 (0x0000913a) c.add   sp, a4
core   0: 3 0x800006d8 (0x913a) x 2 0x80000260
core   0: 0x800006da (0x022772b3) remu    t0, a4, sp
core   0: 3 0x800006da (0x022772b3) x 5 0x80000000
core   0: 0x800006de (0x9d2ccb37) lui     s6, 0x9d2cc
core   0: 3 0x800006de (0x9d2ccb37) x22 0x9d2cc000
core   0: 0x800006e2 (0x03f70cb3) mul     s9, a4, t6
core   0: 3 0x800006e2 (0x03f70cb3) x25 0x80000000
core   0: 0x800006e6 (0x022432b3) mulhu   t0, s0, sp
core   0: 3 0x800006e6 (0x022432b3) x 5 0x1d67265b
core   0: 0x800006ea (0x41928b33) sub     s6, t0, s9
core   0: 3 0x800006ea (0x41928b33) x22 0x9d67265b
core   0: 0x800006ee (0x036fbfb3) mulhu   t6, t6, s6
core   0: 3 0x800006ee (0x036fbfb3) x31 0x9d67265a
core   0: 0x800006f2 (0x4f9251b7) lui     gp, 0x4f925
core   0: 3 0x800006f2 (0x4f9251b7) x 3 0x4f925000
core   0: 0x800006f6 (0x00828b33) add     s6, t0, s0
core   0: 3 0x800006f6 (0x00828b33) x22 0x583571fa
core   0: 0x800006fa (0x02e71cb3) mulh    s9, a4, a4
core   0: 3 0x800006fa (0x02e71cb3) x25 0x40000000
core   0: 0x800006fe (0x30a432b7) lui     t0, 0x30a43
core   0: 3 0x800006fe (0x30a432b7) x 5 0x30a43000
core   0: 0x80000702 (0x40240cb3) sub     s9, s0, sp
core   0: 3 0x80000702 (0x40240cb3) x25 0xbace493f
core   0: 0x80000706 (0x0252ecb3) rem     s9, t0, t0
core   0: 3 0x80000706 (0x0252ecb3) x25 0x00000000
core   0: 0x8000070a (0x00009c8a) c.add   s9, sp
core   0: 3 0x8000070a (0x9c8a) x25 0x80000260
core   0: 0x8000070c (0x00004b01) c.li    s6, 0
core   0: 3 0x8000070c (0x4b01) x22 0x00000000
core   0: 0x8000070e (0xfff00c13) li      s8, -1
core   0: 3 0x8000070e (0xfff00c13) x24 0xffffffff
core   0: 0x80000712 (0x00004f01) c.li    t5, 0
core   0: 3 0x80000712 (0x4f01) x30 0x00000000
core   0: 0x80000714 (0x00004481) c.li    s1, 0
core   0: 3 0x80000714 (0x4481) x 9 0x00000000
core   0: 0x80000716 (0x80000db7) lui     s11, 0x80000
core   0: 3 0x80000716 (0x80000db7) x27 0x80000000
core   0: 0x8000071a (0x80000937) lui     s2, 0x80000
core   0: 3 0x8000071a (0x80000937) x18 0x80000000
core   0: 0x8000071e (0xe451f1b7) lui     gp, 0xe451f
core   0: 3 0x8000071e (0xe451f1b7) x 3 0xe451f000
core   0: 0x80000722 (0x5d618193) addi    gp, gp, 1494
core   0: 3 0x80000722 (0x5d618193) x 3 0xe451f5d6
core   0: 0x80000726 (0x00004281) c.li    t0, 0
core   0: 3 0x80000726 (0x4281) x 5 0x00000000
core   0: 0x80000728 (0x183a5537) lui     a0, 0x183a5
core   0: 3 0x80000728 (0x183a5537) x10 0x183a5000
core   0: 0x8000072c (0xb4750513) addi    a0, a0, -1209
core   0: 3 0x8000072c (0xb4750513) x10 0x183a4b47
core   0: 0x80000730 (0xfff00b93) li      s7, -1
core   0: 3 0x80000730 (0xfff00b93) x23 0xffffffff
core   0: 0x80000734 (0x0292c533) div     a0, t0, s1
core   0: 3 0x80000734 (0x0292c533) x10 0xffffffff
core   0: 0x80000738 (0x03bbcdb3) div     s11, s7, s11
core   0: 3 0x80000738 (0x03bbcdb3) x27 0x00000000
core   0: 0x8000073c (0x00000001) c.nop
core   0: 3 0x8000073c (0x0001)
core   0: 0x8000073e (0x023b0bb3) mul     s7, s6, gp
core   0: 3 0x8000073e (0x023b0bb3) x23 0x00000000
core   0: 0x80000742 (0x00000001) c.nop
core   0: 3 0x80000742 (0x0001)
core   0: 0x80000744 (0x025d91b3) mulh    gp, s11, t0
core   0: 3 0x80000744 (0x025d91b3) x 3 0x00000000
core   0: 0x80000748 (0x023bd2b3) divu    t0, s7, gp
core   0: 3 0x80000748 (0x023bd2b3) x 5 0xffffffff
core   0: 0x8000074c (0x037bac33) mulhsu  s8, s7, s7
core   0: 3 0x8000074c (0x037bac33) x24 0x00000000
core   0: 0x80000750 (0x032c1c33) mulh    s8, s8, s2
core   0: 3 0x80000750 (0x032c1c33) x24 0x00000000
core   0: 0x80000754 (0x032c0533) mul     a0, s8, s2
core   0: 3 0x80000754 (0x032c0533) x10 0x00000000
core   0: 0x80000758 (0x0372ef33) rem     t5, t0, s7
core   0: 3 0x80000758 (0x0372ef33) x30 0xffffffff
core   0: 0x8000075c (0x00000001) c.nop
core   0: 3 0x8000075c (0x0001)
core   0: 0x8000075e (0x037562b3) rem     t0, a0, s7
core   0: 3 0x8000075e (0x037562b3) x 5 0x00000000
core   0: 0x80000762 (0x0251f533) remu    a0, gp, t0
core   0: 3 0x80000762 (0x0251f533) x10 0x00000000
core   0: 0x80000766 (0x405504b3) sub     s1, a0, t0
core   0: 3 0x80000766 (0x405504b3) x 9 0x00000000
core   0: 0x8000076a (0x032f5f33) divu    t5, t5, s2
core   0: 3 0x8000076a (0x032f5f33) x30 0x00000001
core   0: 0x8000076e (0x023c2533) mulhsu  a0, s8, gp
core   0: 3 0x8000076e (0x023c2533) x10 0x00000000
core   0: 0x80000772 (0x005b8533) add     a0, s7, t0
core   0: 3 0x80000772 (0x005b8533) x10 0x00000000
core   0: 0x80000776 (0x00009b8e) c.add   s7, gp
core   0: 3 0x80000776 (0x9b8e) x23 0x00000000
core   0: 0x80000778 (0x800003b7) lui     t2, 0x80000
core   0: 3 0x80000778 (0x800003b7) x 7 0x80000000
core   0: 0x8000077c (0xfff00413) li      s0, -1
core   0: 3 0x8000077c (0xfff00413) x 8 0xffffffff
core   0: 0x80000780 (0x00004c01) c.li    s8, 0
core   0: 3 0x80000780 (0x4c01) x24 0x00000000
core   0: 0x80000782 (0xfff00a93) li      s5, -1
core   0: 3 0x80000782 (0xfff00a93) x21 0xffffffff
core   0: 0x80000786 (0x800000b7) lui     ra, 0x80000
core   0: 3 0x80000786 (0x800000b7) x 1 0x80000000
core   0: 0x8000078a (0xfff00293) li      t0, -1
core   0: 3 0x8000078a (0xfff00293) x 5 0xffffffff
core   0: 0x8000078e (0xd8465e37) lui     t3, 0xd8465
core   0: 3 0x8000078e (0xd8465e37) x28 0xd8465000
core   0: 0x80000792 (0x493e0e13) addi    t3, t3, 1171
core   0: 3 0x80000792 (0x493e0e13) x28 0xd8465493
core   0: 0x80000796 (0xfff00493) li      s1, -1
core   0: 3 0x80000796 (0xfff00493) x 9 0xffffffff
core   0: 0x8000079a (0xfff00113) li      sp, -1
core   0: 3 0x8000079a (0xfff00113) x 2 0xffffffff
core   0: 0x8000079e (0x02c97db7) lui     s11, 0x2c97
core   0: 3 0x8000079e (0x02c97db7) x27 0x02c97000
core   0: 0x800007a2 (0x165d8d93) addi    s11, s11, 357
core   0: 3 0x800007a2 (0x165d8d93) x27 0x02c97165
core   0: 0x800007a6 (0x00548e33) add     t3, s1, t0
core   0: 3 0x800007a6 (0x00548e33) x28 0xfffffffe
core   0: 0x800007aa (0x02215db3) divu    s11, sp, sp
core   0: 3 0x800007aa (0x02215db3) x27 0x00000001
core   0: 0x800007ae (0x409e0e33) sub     t3, t3, s1
core   0: 3 0x800007ae (0x409e0e33) x28 0xffffffff
core   0: 0x800007b2 (0x03ce3ab3) mulhu   s5, t3, t3
core   0: 3 0x800007b2 (0x03ce3ab3) x21 0xfffffffe
core   0: 0x800007b6 (0x022c0ab3) mul     s5, s8, sp
core   0: 3 0x800007b6 (0x022c0ab3) x21 0x00000000
core   0: 0x800007ba (0x03be3ab3) mulhu   s5, t3, s11
core   0: 3 0x800007ba (0x03be3ab3) x21 0x00000000
core   0: 0x800007be (0x029dce33) div     t3, s11, s1
core   0: 3 0x800007be (0x029dce33) x28 0xffffffff
core   0: 0x800007c2 (0x40510133) sub     sp, sp, t0
core   0: 3 0x800007c2 (0x40510133) x 2 0x00000000
core   0: 0x800007c6 (0x00000001) c.nop
core   0: 3 0x800007c6 (0x0001)
core   0: 0x800007c8 (0x022e2ab3) mulhsu  s5, t3, sp
core   0: 3 0x800007c8 (0x022e2ab3) x21 0x00000000
core   0: 0x800007cc (0x03c48433) mul     s0, s1, t3
core   0: 3 0x800007cc (0x03c48433) x 8 0x00000001
core   0: 0x800007d0 (0x00000001) c.nop
core   0: 3 0x800007d0 (0x0001)
core   0: 0x800007d2 (0xafb1d2b7) lui     t0, 0xafb1d
core   0: 3 0x800007d2 (0xafb1d2b7) x 5 0xafb1d000
core   0: 0x800007d6 (0x03848433) mul     s0, s1, s8
core   0: 3 0x800007d6 (0x03848433) x 8 0x00000000
core   0: 0x800007da (0x000090a6) c.add   ra, s1
core   0: 3 0x800007da (0x90a6) x 1 0x7fffffff
core   0: 0x800007dc (0x0272f133) remu    sp, t0, t2
core   0: 3 0x800007dc (0x0272f133) x 2 0x2fb1d000
core   0: 0x800007e0 (0x7e432497) auipc   s1, 0x7e432
core   0: 3 0x800007e0 (0x7e432497) x 9 0xfe4327e0
core   0: 0x800007e4 (0x038e24b3) mulhsu  s1, t3, s8
core   0: 3 0x800007e4 (0x038e24b3) x 9 0x00000000
core   0: 0x800007e8 (0x02539133) mulh    sp, t2, t0
core   0: 3 0x800007e8 (0x02539133) x 2 0x28271800
core   0: 0x800007ec (0x901d8293) addi    t0, s11, -1791
core   0: 3 0x800007ec (0x901d8293) x 5 0xfffff902
core   0: 0x800007f0 (0x00000001) c.nop
core   0: 3 0x800007f0 (0x0001)
core   0: 0x800007f2 (0x03bda4b3) mulhsu  s1, s11, s11
core   0: 3 0x800007f2 (0x03bda4b3) x 9 0x00000000
core   0: 0x800007f6 (0x45bb31b7) lui     gp, 0x45bb3
core   0: 3 0x800007f6 (0x45bb31b7) x 3 0x45bb3000
core   0: 0x800007fa (0xe2618193) addi    gp, gp, -474
core   0: 3 0x800007fa (0xe2618193) x 3 0x45bb2e26
core   0: 0x800007fe (0xfff00f13) li      t5, -1
core   0: 3 0x800007fe (0xfff00f13) x30 0xffffffff
core   0: 0x80000802 (0xfff00413) li      s0, -1
core   0: 3 0x80000802 (0xfff00413) x 8 0xffffffff
core   0: 0x80000806 (0x5a39b9b7) lui     s3, 0x5a39b
core   0: 3 0x80000806 (0x5a39b9b7) x19 0x5a39b000
core   0: 0x8000080a (0x19598993) addi    s3, s3, 405
core   0: 3 0x8000080a (0x19598993) x19 0x5a39b195
core   0: 0x8000080e (0x80000cb7) lui     s9, 0x80000
core   0: 3 0x8000080e (0x80000cb7) x25 0x80000000
core   0: 0x80000812 (0x257d0b37) lui     s6, 0x257d0
core   0: 3 0x80000812 (0x257d0b37) x22 0x257d0000
core   0: 0x80000816 (0x34fb0b13) addi    s6, s6, 847
core   0: 3 0x80000816 (0x34fb0b13) x22 0x257d034f
core   0: 0x8000081a (0xfff00493) li      s1, -1
core   0: 3 0x8000081a (0xfff00493) x 9 0xffffffff
core   0: 0x8000081e (0xfff00393) li      t2, -1
core   0: 3 0x8000081e (0xfff00393) x 7 0xffffffff
core   0: 0x80000822 (0x0fd17637) lui     a2, 0xfd17
core   0: 3 0x80000822 (0x0fd17637) x12 0x0fd17000
core   0: 0x80000826 (0x13560613) addi    a2, a2, 309
core   0: 3 0x80000826 (0x13560613) x12 0x0fd17135
core   0: 0x8000082a (0x80000d37) lui     s10, 0x80000
core   0: 3 0x8000082a (0x80000d37) x26 0x80000000
core   0: 0x8000082e (0x8986bcb7) lui     s9, 0x8986b
core   0: 3 0x8000082e (0x8986bcb7) x25 0x8986b000
core   0: 0x80000832 (0x02945cb3) divu    s9, s0, s1
core   0: 3 0x80000832 (0x02945cb3) x25 0x00000001
core   0: 0x80000836 (0x0233e9b3) rem     s3, t2, gp
core   0: 3 0x80000836 (0x0233e9b3) x19 0xffffffff
core   0: 0x8000083a (0x02399b33) mulh    s6, s3, gp
core   0: 3 0x8000083a (0x02399b33) x22 0xffffffff
core   0: 0x8000083e (0x416b0633) sub     a2, s6, s6
core   0: 3 0x8000083e (0x416b0633) x12 0x00000000
core   0: 0x80000842 (0x028d0f33) mul     t5, s10, s0
core   0: 3 0x80000842 (0x028d0f33) x30 0x80000000
core   0: 0x80000846 (0x4a2183b7) lui     t2, 0x4a218
core   0: 3 0x80000846 (0x4a2183b7) x 7 0x4a218000
core   0: 0x8000084a (0x03af0f33) mul     t5, t5, s10
core   0: 3 0x8000084a (0x03af0f33) x30 0x00000000
core   0: 0x8000084e (0x03ad1f33) mulh    t5, s10, s10
core   0: 3 0x8000084e (0x03ad1f33) x30 0x40000000
core   0: 0x80000852 (0x406f3997) auipc   s3, 0x406f3
core   0: 3 0x80000852 (0x406f3997) x19 0xc06f3852
core   0: 0x80000856 (0x027389b3) mul     s3, t2, t2
core   0: 3 0x80000856 (0x027389b3) x19 0x40000000
core   0: 0x8000085a (0x03362633) mulhsu  a2, a2, s3
core   0: 3 0x8000085a (0x03362633) x12 0x00000000
core   0: 0x8000085e (0x02ccdd33) divu    s10, s9, a2
core   0: 3 0x8000085e (0x02ccdd33) x26 0xffffffff
core   0: 0x80000862 (0x033b7633) remu    a2, s6, s3
core   0: 3 0x80000862 (0x033b7633) x12 0x3fffffff
core   0: 0x80000866 (0x02c493b3) mulh    t2, s1, a2
core   0: 3 0x80000866 (0x02c493b3) x 7 0xffffffff
core   0: 0x8000086a (0x02cd2f33) mulhsu  t5, s10, a2
core   0: 3 0x8000086a (0x02cd2f33) x30 0xffffffff
core   0: 0x8000086e (0x03e1bf33) mulhu   t5, gp, t5
core   0: 3 0x8000086e (0x03e1bf33) x30 0x45bb2e25
core   0: 0x80000872 (0x0361f3b3) remu    t2, gp, s6
core   0: 3 0x80000872 (0x0361f3b3) x 7 0x45bb2e26
core   0: 0x80000876 (0x02cca3b3) mulhsu  t2, s9, a2
core   0: 3 0x80000876 (0x02cca3b3) x 7 0x00000000
core   0: 0x8000087a (0x02348433) mul     s0, s1, gp
core   0: 3 0x8000087a (0x02348433) x 8 0xba44d1da
core   0: 0x8000087e (0x00004c81) c.li    s9, 0
core   0: 3 0x8000087e (0x4c81) x25 0x00000000
core   0: 0x80000880 (0xfff00d13) li      s10, -1
core   0: 3 0x80000880 (0xfff00d13) x26 0xffffffff
core   0: 0x80000884 (0xfff00293) li      t0, -1
core   0: 3 0x80000884 (0xfff00293) x 5 0xffffffff
core   0: 0x80000888 (0x00004681) c.li    a3, 0
core   0: 3 0x80000888 (0x4681) x13 0x00000000
core   0: 0x8000088a (0x00004581) c.li    a1, 0
core   0: 3 0x8000088a (0x4581) x11 0x00000000
core   0: 0x8000088c (0xfff00993) li      s3, -1
core   0: 3 0x8000088c (0xfff00993) x19 0xffffffff
core   0: 0x80000890 (0x00004b01) c.li    s6, 0
core   0: 3 0x80000890 (0x4b01) x22 0x00000000
core   0: 0x80000892 (0xfff00c13) li      s8, -1
core   0: 3 0x80000892 (0xfff00c13) x24 0xffffffff
core   0: 0x80000896 (0xff0d6637) lui     a2, 0xff0d6
core   0: 3 0x80000896 (0xff0d6637) x12 0xff0d6000
core   0: 0x8000089a (0xb7e60613) addi    a2, a2, -1154
core   0: 3 0x8000089a (0xb7e60613) x12 0xff0d5b7e
core   0: 0x8000089e (0x800003b7) lui     t2, 0x80000
core   0: 3 0x8000089e (0x800003b7) x 7 0x80000000
core   0: 0x800008a2 (0x02b3b633) mulhu   a2, t2, a1
core   0: 3 0x800008a2 (0x02b3b633) x12 0x00000000
core   0: 0x800008a6 (0x02c5c2b3) div     t0, a1, a2
core   0: 3 0x800008a6 (0x02c5c2b3) x 5 0xffffffff
core   0: 0x800008aa (0x17528c13) addi    s8, t0, 373
core   0: 3 0x800008aa (0x17528c13) x24 0x00000174
core   0: 0x800008ae (0x02cb05b3) mul     a1, s6, a2
core   0: 3 0x800008ae (0x02cb05b3) x11 0x00000000
core   0: 0x800008b2 (0x03accd33) div     s10, s9, s10
core   0: 3 0x800008b2 (0x03accd33) x26 0x00000000
core   0: 0x800008b6 (0x0395cb33) div     s6, a1, s9
core   0: 3 0x800008b6 (0x0395cb33) x22 0xffffffff
core   0: 0x800008ba (0x40cb0b33) sub     s6, s6, a2
core   0: 3 0x800008ba (0x40cb0b33) x22 0xffffffff
core   0: 0x800008be (0x03a3b3b3) mulhu   t2, t2, s10
core   0: 3 0x800008be (0x03a3b3b3) x 7 0x00000000
core   0: 0x800008c2 (0x0339c5b3) div     a1, s3, s3
core   0: 3 0x800008c2 (0x0339c5b3) x11 0x00000001
core   0: 0x800008c6 (0x00009c2e) c.add   s8, a1
core   0: 3 0x800008c6 (0x9c2e) x24 0x00000175
core   0: 0x800008c8 (0xd1928d13) addi    s10, t0, -743
core   0: 3 0x800008c8 (0xd1928d13) x26 0xfffffd18
core   0: 0x800008cc (0x0385f5b3) remu    a1, a1, s8
core   0: 3 0x800008cc (0x0385f5b3) x11 0x00000001
core   0: 0x800008d0 (0x033d55b3) divu    a1, s10, s3
core   0: 3 0x800008d0 (0x033d55b3) x11 0x00000000
core   0: 0x800008d4 (0x02d3e5b3) rem     a1, t2, a3
core   0: 3 0x800008d4 (0x02d3e5b3) x11 0x00000000
core   0: 0x800008d8 (0x02bcbc33) mulhu   s8, s9, a1
core   0: 3 0x800008d8 (0x02bcbc33) x24 0x00000000
core   0: 0x800008dc (0x000096e6) c.add   a3, s9
core   0: 3 0x800008dc (0x96e6) x13 0x00000000
core   0: 0x800008de (0x027ca5b3) mulhsu  a1, s9, t2
core   0: 3 0x800008de (0x027ca5b3) x11 0x00000000
core   0: 0x800008e2 (0xdbea2637) lui     a2, 0xdbea2
core   0: 3 0x800008e2 (0xdbea2637) x12 0xdbea2000
core   0: 0x800008e6 (0x03a5e633) rem     a2, a1, s10
core   0: 3 0x800008e6 (0x03a5e633) x12 0x00000000
core   0: 0x800008ea (0x00000001) c.nop
core   0: 3 0x800008ea (0x0001)
core   0: 0x800008ec (0x80f4e813) ori     a6, s1, -2033
core   0: 3 0x800008ec (0x80f4e813) x16 0xffffffff
core   0: 0x800008f0 (0x03512db3) mulhsu  s11, sp, s5
core   0: 3 0x800008f0 (0x03512db3) x27 0x00000000
core   0: 0x800008f4 (0x6edccc13) xori    s8, s9, 1773
core   0: 3 0x800008f4 (0x6edccc13) x24 0x000006ed
core   0: 0x800008f8 (0x00008e09) c.sub   a2, a0
core   0: 3 0x800008f8 (0x8e09) x12 0x00000000
core   0: 0x800008fa (0x01f380b3) add     ra, t2, t6
core   0: 3 0x800008fa (0x01f380b3) x 1 0x9d67265a
core   0: 0x800008fe (0x0000049c) c.addi4spn a5, sp, 576
core   0: 3 0x800008fe (0x049c) x15 0x28271a40
core   0: 0x80000900 (0xf1782b93) slti    s7, a6, -233
core   0: 3 0x80000900 (0xf1782b93) x23 0x00000000
core   0: 0x80000904 (0x000008fe) c.slli  a7, 31
core   0: 3 0x80000904 (0x08fe) x17 0x00000000
core   0: 0x80000906 (0x000093ea) c.add   t2, s10
core   0: 3 0x80000906 (0x93ea) x 7 0xfffffd18
core   0: 0x80000908 (0x00008cfd) c.and   s1, a5
core   0: 3 0x80000908 (0x8cfd) x 9 0x28271a40
core   0: 0x8000090a (0x00009666) c.add   a2, s9
core   0: 3 0x8000090a (0x9666) x12 0x00000000
core   0: 0x8000090c (0xd840a193) slti    gp, ra, -636
core   0: 3 0x8000090c (0xd840a193) x 3 0x00000001
core   0: 0x80000910 (0x00005c7d) c.li    s8, -1
core   0: 3 0x80000910 (0x5c7d) x24 0xffffffff
core   0: 0x80000912 (0x057c4813) xori    a6, s8, 87
core   0: 3 0x80000912 (0x057c4813) x16 0xffffffa8
core   0: 0x80000916 (0x00000f66) c.slli  t5, 25
core   0: 3 0x80000916 (0x0f66) x30 0x4a000000
core   0: 0x80000918 (0x1e118813) addi    a6, gp, 481
core   0: 3 0x80000918 (0x1e118813) x16 0x000001e2
core   0: 0x8000091c (0x02626db3) rem     s11, tp, t1
core   0: 3 0x8000091c (0x02626db3) x27 0x80013ce4
core   0: 0x80000920 (0x412ddd13) srai    s10, s11, 18
core   0: 3 0x80000920 (0x412ddd13) x26 0xffffe000
core   0: 0x80000924 (0x03a2b733) mulhu   a4, t0, s10
core   0: 3 0x80000924 (0x03a2b733) x14 0xffffdfff
core   0: 0x80000928 (0x016cfeb3) and     t4, s9, s6
core   0: 3 0x80000928 (0x016cfeb3) x29 0x00000000
core   0: 0x8000092c (0x00008ef1) c.and   a3, a2
core   0: 3 0x8000092c (0x8ef1) x13 0x00000000
core   0: 0x8000092e (0x02491433) mulh    s0, s2, tp
core   0: 3 0x8000092e (0x02491433) x 8 0x3fff618e
core   0: 0x80000932 (0x008a1613) slli    a2, s4, 8
core   0: 3 0x80000932 (0x008a1613) x12 0x00fe6400
core   0: 0x80000936 (0x032428b3) mulhsu  a7, s0, s2
core   0: 3 0x80000936 (0x032428b3) x17 0x1fffb0c7
core   0: 0x8000093a (0x00008e09) c.sub   a2, a0
core   0: 3 0x8000093a (0x8e09) x12 0x00fe6400
core   0: 0x8000093c (0x0190d513) srli    a0, ra, 25
core   0: 3 0x8000093c (0x0190d513) x10 0x0000004e
core   0: 0x80000940 (0x00000001) c.nop
core   0: 3 0x80000940 (0x0001)
core   0: 0x80000942 (0x01e71533) sll     a0, a4, t5
core   0: 3 0x80000942 (0x01e71533) x10 0xffffdfff
core   0: 0x80000946 (0x40f0d3b3) sra     t2, ra, a5
core   0: 3 0x80000946 (0x40f0d3b3) x 7 0x9d67265a
core   0: 0x8000094a (0x00008c96) c.mv    s9, t0
core   0: 3 0x8000094a (0x8c96) x25 0xffffffff
core   0: 0x8000094c (0xcf52bb37) lui     s6, 0xcf52b
core   0: 3 0x8000094c (0xcf52bb37) x22 0xcf52b000
core   0: 0x80000950 (0x00905833) srl     a6, zero, s1
core   0: 3 0x80000950 (0x00905833) x16 0x00000000
core   0: 0x80000954 (0x0286d833) divu    a6, a3, s0
core   0: 3 0x80000954 (0x0286d833) x16 0x00000000
core   0: 0x80000958 (0xb52eefb7) lui     t6, 0xb52ee
core   0: 3 0x80000958 (0xb52eefb7) x31 0xb52ee000
core   0: 0x8000095c (0x0342eab3) rem     s5, t0, s4
core   0: 3 0x8000095c (0x0342eab3) x21 0xffffffff
core   0: 0x80000960 (0x00008685) c.srai  a3, 1
core   0: 3 0x80000960 (0x8685) x13 0x00000000
core   0: 0x80000962 (0x3b17c813) xori    a6, a5, 945
core   0: 3 0x80000962 (0x3b17c813) x16 0x282719f1
core   0: 0x80000966 (0x000080ed) c.srli  s1, 27
core   0: 3 0x80000966 (0x80ed) x 9 0x00000005
core   0: 0x80000968 (0x00005b7d) c.li    s6, -1
core   0: 3 0x80000968 (0x5b7d) x22 0xffffffff
core   0: 0x8000096a (0x02191f33) mulh    t5, s2, ra
core   0: 3 0x8000096a (0x02191f33) x30 0x314c6cd3
core   0: 0x8000096e (0x00008f31) c.xor   a4, a2
core   0: 3 0x8000096e (0x8f31) x14 0xff01bbff
core   0: 0x80000970 (0x006f3b33) sltu    s6, t5, t1
core   0: 3 0x80000970 (0x006f3b33) x22 0x00000001
core   0: 0x80000974 (0x00000001) c.nop
core   0: 3 0x80000974 (0x0001)
core   0: 0x80000976 (0x0000052e) c.slli  a0, 11
core   0: 3 0x80000976 (0x052e) x10 0xfefff800
core   0: 0x80000978 (0x0000987d) c.andi  s0, -1
core   0: 3 0x80000978 (0x987d) x 8 0x3fff618e
core   0: 0x8000097a (0x0000997d) c.andi  a0, -1
core   0: 3 0x8000097a (0x997d) x10 0xfefff800
core   0: 0x8000097c (0x034b2ab3) mulhsu  s5, s6, s4
core   0: 3 0x8000097c (0x034b2ab3) x21 0x00000000
core   0: 0x80000980 (0x00008dc5) c.or    a1, s1
core   0: 3 0x80000980 (0x8dc5) x11 0x00000005
core   0: 0x80000982 (0x00008c79) c.and   s0, a4
core   0: 3 0x80000982 (0x8c79) x 8 0x3f01218e
core   0: 0x80000984 (0x00000001) c.nop
core   0: 3 0x80000984 (0x0001)
core   0: 0x80000986 (0xc3e50517) auipc   a0, 0xc3e50
core   0: 3 0x80000986 (0xc3e50517) x10 0x43e50986
core   0: 0x8000098a (0x00000de6) c.slli  s11, 25
core   0: 3 0x8000098a (0x0de6) x27 0xc8000000
core   0: 0x8000098c (0x00008dc9) c.or    a1, a0
core   0: 3 0x8000098c (0x8dc9) x11 0x43e50987
core   0: 0x8000098e (0x02e46733) rem     a4, s0, a4
core   0: 3 0x8000098e (0x02e46733) x14 0x006e654f
core   0: 0x80000992 (0x03943ab3) mulhu   s5, s0, s9
core   0: 3 0x80000992 (0x03943ab3) x21 0x3f01218d
core   0: 0x80000996 (0x00001cfd) c.addi  s9, -1
core   0: 3 0x80000996 (0x1cfd) x25 0xfffffffe
core   0: 0x80000998 (0xbb52f893) andi    a7, t0, -1099
core   0: 3 0x80000998 (0xbb52f893) x17 0xfffffbb5
core   0: 0x8000099c (0x000062e5) c.lui   t0, 0x19
core   0: 3 0x8000099c (0x62e5) x 5 0x00019000
core   0: 0x8000099e (0x0000014a) c.slli  sp, 18
core   0: 3 0x8000099e (0x014a) x 2 0x60000000
core   0: 0x800009a0 (0x00db5e93) srli    t4, s6, 13
core   0: 3 0x800009a0 (0x00db5e93) x29 0x00000000
core   0: 0x800009a4 (0x0000587d) c.li    a6, -1
core   0: 3 0x800009a4 (0x587d) x16 0xffffffff
core   0: 0x800009a6 (0x031a51b3) divu    gp, s4, a7
core   0: 3 0x800009a6 (0x031a51b3) x 3 0x00000000
core   0: 0x800009aa (0x00004c19) c.li    s8, 6
core   0: 3 0x800009aa (0x4c19) x24 0x00000006
core   0: 0x800009ac (0x00006169) c.addi16sp sp, 208
core   0: 3 0x800009ac (0x6169) x 2 0x600000d0
core   0: 0x800009ae (0x00009492) c.add   s1, tp
core   0: 3 0x800009ae (0x9492) x 9 0x80013ce9
core   0: 0x800009b0 (0x00008cf5) c.and   s1, a3
core   0: 3 0x800009b0 (0x8cf5) x 9 0x00000000
core   0: 0x800009b2 (0x03a059b3) divu    s3, zero, s10
core   0: 3 0x800009b2 (0x03a059b3) x19 0x00000000
core   0: 0x800009b6 (0x035bfdb3) remu    s11, s7, s5
core   0: 3 0x800009b6 (0x035bfdb3) x27 0x00000000
core   0: 0x800009ba (0x0117a633) slt     a2, a5, a7
core   0: 3 0x800009ba (0x0117a633) x12 0x00000000
core   0: 0x800009be (0x4119d093) srai    ra, s3, 17
core   0: 3 0x800009be (0x4119d093) x 1 0x00000000
core   0: 0x800009c2 (0x030e0d33) mul     s10, t3, a6
core   0: 3 0x800009c2 (0x030e0d33) x26 0x00000001
core   0: 0x800009c6 (0x00008db1) c.xor   a1, a2
core   0: 3 0x800009c6 (0x8db1) x11 0x43e50987
core   0: 0x800009c8 (0x023459b3) divu    s3, s0, gp
core   0: 3 0x800009c8 (0x023459b3) x19 0xffffffff
core   0: 0x800009cc (0x11724893) xori    a7, tp, 279
core   0: 3 0x800009cc (0x11724893) x17 0x80013df3
core   0: 0x800009d0 (0x000068dd) c.lui   a7, 0x17
core   0: 3 0x800009d0 (0x68dd) x17 0x00017000
core   0: 0x800009d2 (0x009a59b3) srl     s3, s4, s1
core   0: 3 0x800009d2 (0x009a59b3) x19 0x8000fe64
core   0: 0x800009d6 (0x000084c1) c.srai  s1, 16
core   0: 3 0x800009d6 (0x84c1) x 9 0x00000000
core   0: 0x800009d8 (0x0000074a) c.slli  a4, 18
core   0: 3 0x800009d8 (0x074a) x14 0x953c0000
core   0: 0x800009da (0x410bd013) srai    zero, s7, 16
core   0: 3 0x800009da (0x410bd013)
core   0: 0x800009de (0x2c6e3493) sltiu   s1, t3, 710
core   0: 3 0x800009de (0x2c6e3493) x 9 0x00000000
core   0: 0x800009e2 (0x0000982e) c.add   a6, a1
core   0: 3 0x800009e2 (0x982e) x16 0x43e50986
core   0: 0x800009e4 (0x5dc3e517) auipc   a0, 0x5dc3e
core   0: 3 0x800009e4 (0x5dc3e517) x10 0xddc3e9e4
core   0: 0x800009e8 (0x99d68617) auipc   a2, 0x99d68
core   0: 3 0x800009e8 (0x99d68617) x12 0x19d689e8
core   0: 0x800009ec (0x41e4dc93) srai    s9, s1, 30
core   0: 3 0x800009ec (0x41e4dc93) x25 0x00000000
core   0: 0x800009f0 (0x03c7cf33) div     t5, a5, t3
core   0: 3 0x800009f0 (0x03c7cf33) x30 0xd7d8e5c0
core   0: 0x800009f4 (0x00000f8c) c.addi4spn a1, sp, 976
core   0: 3 0x800009f4 (0x0f8c) x11 0x600004a0
core   0: 0x800009f6 (0x00000001) c.nop
core   0: 3 0x800009f6 (0x0001)
core   0: 0x800009f8 (0x000086f1) c.srai  a3, 28
core   0: 3 0x800009f8 (0x86f1) x13 0x00000000
core   0: 0x800009fa (0x0000717d) c.addi16sp sp, -16
core   0: 3 0x800009fa (0x717d) x 2 0x600000c0
core   0: 0x800009fc (0x000098fd) c.andi  s1, -1
core   0: 3 0x800009fc (0x98fd) x 9 0x00000000
core   0: 0x800009fe (0x4f5a1117) auipc   sp, 0x4f5a1
core   0: 3 0x800009fe (0x4f5a1117) x 2 0xcf5a19fe
core   0: 0x80000a02 (0x008ca1b3) slt     gp, s9, s0
core   0: 3 0x80000a02 (0x008ca1b3) x 3 0x00000001
core   0: 0x80000a06 (0x405d8eb3) sub     t4, s11, t0
core   0: 3 0x80000a06 (0x405d8eb3) x29 0xfffe7000
core   0: 0x80000a0a (0x009cd513) srli    a0, s9, 9
core   0: 3 0x80000a0a (0x009cd513) x10 0x00000000
core   0: 0x80000a0e (0x00008db9) c.xor   a1, a4
core   0: 3 0x80000a0e (0x8db9) x11 0xf53c04a0
core   0: 0x80000a10 (0x00009e4a) c.add   t3, s2
core   0: 3 0x80000a10 (0x9e4a) x28 0x7fffffff
core   0: 0x80000a12 (0x00006831) c.lui   a6, 0xc
core   0: 3 0x80000a12 (0x6831) x16 0x0000c000
core   0: 0x80000a14 (0x01348633) add     a2, s1, s3
core   0: 3 0x80000a14 (0x01348633) x12 0x8000fe64
core   0: 0x80000a18 (0x41cc0d33) sub     s10, s8, t3
core   0: 3 0x80000a18 (0x41cc0d33) x26 0x80000007
core   0: 0x80000a1c (0x00006509) c.lui   a0, 0x2
core   0: 3 0x80000a1c (0x6509) x10 0x00002000
core   0: 0x80000a1e (0x000006be) c.slli  a3, 15
core   0: 3 0x80000a1e (0x06be) x13 0x00000000
core   0: 0x80000a20 (0x00008669) c.srai  a2, 26
core   0: 3 0x80000a20 (0x8669) x12 0xffffffe0
core   0: 0x80000a22 (0x037d09b3) mul     s3, s10, s7
core   0: 3 0x80000a22 (0x037d09b3) x19 0x00000000
core   0: 0x80000a26 (0x0365a0b3) mulhsu  ra, a1, s6
core   0: 3 0x80000a26 (0x0365a0b3) x 1 0xffffffff
core   0: 0x80000a2a (0x01b6e093) ori     ra, a3, 27
core   0: 3 0x80000a2a (0x01b6e093) x 1 0x0000001b
core   0: 0x80000a2e (0x00845e13) srli    t3, s0, 8
core   0: 3 0x80000a2e (0x00845e13) x28 0x003f0121
core   0: 0x80000a32 (0x00008b91) c.andi  a5, 4
core   0: 3 0x80000a32 (0x8b91) x15 0x00000000
core   0: 0x80000a34 (0x000046f5) c.li    a3, 29
core   0: 3 0x80000a34 (0x46f5) x13 0x0000001d
core   0: 0x80000a36 (0x00c276b3) and     a3, tp, a2
core   0: 3 0x80000a36 (0x00c276b3) x13 0x80013ce0
core   0: 0x80000a3a (0x4096d833) sra     a6, a3, s1
core   0: 3 0x80000a3a (0x4096d833) x16 0x80013ce0
core   0: 0x80000a3e (0x0000717d) c.addi16sp sp, -16
core   0: 3 0x80000a3e (0x717d) x 2 0xcf5a19ee
core   0: 0x80000a40 (0x00008df1) c.and   a1, a2
core   0: 3 0x80000a40 (0x8df1) x11 0xf53c04a0
core   0: 0x80000a42 (0x036e2e33) mulhsu  t3, t3, s6
core   0: 3 0x80000a42 (0x036e2e33) x28 0x00000000
core   0: 0x80000a46 (0x03b4bf33) mulhu   t5, s1, s11
core   0: 3 0x80000a46 (0x03b4bf33) x30 0x00000000
core   0: 0x80000a4a (0x003afdb3) and     s11, s5, gp
core   0: 3 0x80000a4a (0x003afdb3) x27 0x00000001
core   0: 0x80000a4e (0x00008fa9) c.xor   a5, a0
core   0: 3 0x80000a4e (0x8fa9) x15 0x00002000
core   0: 0x80000a50 (0xa55bde37) lui     t3, 0xa55bd
core   0: 3 0x80000a50 (0xa55bde37) x28 0xa55bd000
core   0: 0x80000a54 (0x00008fa5) c.xor   a5, s1
core   0: 3 0x80000a54 (0x8fa5) x15 0x00002000
core   0: 0x80000a56 (0x00009fc2) c.add   t6, a6
core   0: 3 0x80000a56 (0x9fc2) x31 0x35301ce0
core   0: 0x80000a58 (0x22963493) sltiu   s1, a2, 553
core   0: 3 0x80000a58 (0x22963493) x 9 0x00000000
core   0: 0x80000a5c (0x01e61433) sll     s0, a2, t5
core   0: 3 0x80000a5c (0x01e61433) x 8 0xffffffe0
core   0: 0x80000a60 (0xf8837393) andi    t2, t1, -120
core   0: 3 0x80000a60 (0xf8837393) x 7 0x80000000
core   0: 0x80000a64 (0x0000884d) c.andi  s0, 19
core   0: 3 0x80000a64 (0x884d) x 8 0x00000000
core   0: 0x80000a66 (0x02aafab3) remu    s5, s5, a0
core   0: 3 0x80000a66 (0x02aafab3) x21 0x0000018d
core   0: 0x80000a6a (0x037e4633) div     a2, t3, s7
core   0: 3 0x80000a6a (0x037e4633) x12 0xffffffff
core   0: 0x80000a6e (0x029ce1b3) rem     gp, s9, s1
core   0: 3 0x80000a6e (0x029ce1b3) x 3 0x00000000
core   0: 0x80000a72 (0x0000717d) c.addi16sp sp, -16
core   0: 3 0x80000a72 (0x717d) x 2 0xcf5a19de
core   0: 0x80000a74 (0x01115393) srli    t2, sp, 17
core   0: 3 0x80000a74 (0x01115393) x 7 0x000067ad
core   0: 0x80000a78 (0x01c743b3) xor     t2, a4, t3
core   0: 3 0x80000a78 (0x01c743b3) x 7 0x3067d000
core   0: 0x80000a7c (0x03b98f33) mul     t5, s3, s11
core   0: 3 0x80000a7c (0x03b98f33) x30 0x00000000
core   0: 0x80000a80 (0x00008f81) c.sub   a5, s0
core   0: 3 0x80000a80 (0x8f81) x15 0x00002000
core   0: 0x80000a82 (0x00008ed9) c.or    a3, a4
core   0: 3 0x80000a82 (0x8ed9) x13 0x953d3ce0
core   0: 0x80000a84 (0x41395c13) srai    s8, s2, 19
core   0: 3 0x80000a84 (0x41395c13) x24 0xfffff000
core   0: 0x80000a88 (0x00008bb1) c.andi  a5, 12
core   0: 3 0x80000a88 (0x8bb1) x15 0x00000000
core   0: 0x80000a8a (0x00f6c1b3) xor     gp, a3, a5
core   0: 3 0x80000a8a (0x00f6c1b3) x 3 0x953d3ce0
core   0: 0x80000a8e (0x405c50b3) sra     ra, s8, t0
core   0: 3 0x80000a8e (0x405c50b3) x 1 0xfffff000
core   0: 0x80000a92 (0x00008e25) c.xor   a2, s1
core   0: 3 0x80000a92 (0x8e25) x12 0xffffffff
core   0: 0x80000a94 (0x00006cc5) c.lui   s9, 0x11
core   0: 3 0x80000a94 (0x6cc5) x25 0x00011000
core   0: 0x80000a96 (0x00bb8eb3) add     t4, s7, a1
core   0: 3 0x80000a96 (0x00bb8eb3) x29 0xf53c04a0
core   0: 0x80000a9a (0x02ab1633) mulh    a2, s6, a0
core   0: 3 0x80000a9a (0x02ab1633) x12 0x00000000
core   0: 0x80000a9e (0x536e84b7) lui     s1, 0x536e8
core   0: 3 0x80000a9e (0x536e84b7) x 9 0x536e8000
core   0: 0x80000aa2 (0x61cdae13) slti    t3, s11, 1564
core   0: 3 0x80000aa2 (0x61cdae13) x28 0x00000001
core   0: 0x80000aa6 (0x00c31813) slli    a6, t1, 12
core   0: 3 0x80000aa6 (0x00c31813) x16 0x00000000
core   0: 0x80000aaa (0xcc38b513) sltiu   a0, a7, -829
core   0: 3 0x80000aaa (0xcc38b513) x10 0x00000001
core   0: 0x80000aae (0x800003b7) lui     t2, 0x80000
core   0: 3 0x80000aae (0x800003b7) x 7 0x80000000
core   0: 0x80000ab2 (0xfff00c13) li      s8, -1
core   0: 3 0x80000ab2 (0xfff00c13) x24 0xffffffff
core   0: 0x80000ab6 (0xfff00b13) li      s6, -1
core   0: 3 0x80000ab6 (0xfff00b13) x22 0xffffffff
core   0: 0x80000aba (0xb23e8637) lui     a2, 0xb23e8
core   0: 3 0x80000aba (0xb23e8637) x12 0xb23e8000
core   0: 0x80000abe (0x2fc60613) addi    a2, a2, 764
core   0: 3 0x80000abe (0x2fc60613) x12 0xb23e82fc
core   0: 0x80000ac2 (0x00004881) c.li    a7, 0
core   0: 3 0x80000ac2 (0x4881) x17 0x00000000
core   0: 0x80000ac4 (0xfff00c93) li      s9, -1
core   0: 3 0x80000ac4 (0xfff00c93) x25 0xffffffff
core   0: 0x80000ac8 (0xfff00493) li      s1, -1
core   0: 3 0x80000ac8 (0xfff00493) x 9 0xffffffff
core   0: 0x80000acc (0xfff00093) li      ra, -1
core   0: 3 0x80000acc (0xfff00093) x 1 0xffffffff
core   0: 0x80000ad0 (0xfff00713) li      a4, -1
core   0: 3 0x80000ad0 (0xfff00713) x14 0xffffffff
core   0: 0x80000ad4 (0xad5836b7) lui     a3, 0xad583
core   0: 3 0x80000ad4 (0xad5836b7) x13 0xad583000
core   0: 0x80000ad8 (0x42868693) addi    a3, a3, 1064
core   0: 3 0x80000ad8 (0x42868693) x13 0xad583428
core   0: 0x80000adc (0x00000001) c.nop
core   0: 3 0x80000adc (0x0001)
core   0: 0x80000ade (0x02d73633) mulhu   a2, a4, a3
core   0: 3 0x80000ade (0x02d73633) x12 0xad583427
core   0: 0x80000ae2 (0x7073e097) auipc   ra, 0x7073e
core   0: 3 0x80000ae2 (0x7073e097) x 1 0xf073eae2
core   0: 0x80000ae6 (0x036646b3) div     a3, a2, s6
core   0: 3 0x80000ae6 (0x036646b3) x13 0x52a7cbd9
core   0: 0x80000aea (0x027c6b33) rem     s6, s8, t2
core   0: 3 0x80000aea (0x027c6b33) x22 0xffffffff
core   0: 0x80000aee (0xaaac8b13) addi    s6, s9, -1366
core   0: 3 0x80000aee (0xaaac8b13) x22 0xfffffaa9
core   0: 0x80000af2 (0x00000001) c.nop
core   0: 3 0x80000af2 (0x0001)
core   0: 0x80000af4 (0x036098b3) mulh    a7, ra, s6
core   0: 3 0x80000af4 (0x036098b3) x17 0x00000053
core   0: 0x80000af8 (0x021713b3) mulh    t2, a4, ra
core   0: 3 0x80000af8 (0x021713b3) x 7 0x00000000
core   0: 0x80000afc (0x038b0b33) mul     s6, s6, s8
core   0: 3 0x80000afc (0x038b0b33) x22 0x00000557
core   0: 0x80000b00 (0x0314acb3) mulhsu  s9, s1, a7
core   0: 3 0x80000b00 (0x0314acb3) x25 0xffffffff
core   0: 0x80000b04 (0xce689b17) auipc   s6, 0xce689
core   0: 3 0x80000b04 (0xce689b17) x22 0x4e689b04
core   0: 0x80000b08 (0x02eb68b3) rem     a7, s6, a4
core   0: 3 0x80000b08 (0x02eb68b3) x17 0x00000000
core   0: 0x80000b0c (0x416383b3) sub     t2, t2, s6
core   0: 3 0x80000b0c (0x416383b3) x 7 0xb19764fc
core   0: 0x80000b10 (0x02d750b3) divu    ra, a4, a3
core   0: 3 0x80000b10 (0x02d750b3) x 1 0x00000003
core   0: 0x80000b14 (0x407706b3) sub     a3, a4, t2
core   0: 3 0x80000b14 (0x407706b3) x13 0x4e689b03
core   0: 0x80000b18 (0x0276a733) mulhsu  a4, a3, t2
core   0: 3 0x80000b18 (0x0276a733) x14 0x3664b1ce
core   0: 0x80000b1c (0x00009c32) c.add   s8, a2
core   0: 3 0x80000b1c (0x9c32) x24 0xad583426
core   0: 0x80000b1e (0x818b0393) addi    t2, s6, -2024
core   0: 3 0x80000b1e (0x818b0393) x 7 0x4e68931c
core   0: 0x80000b22 (0x0360a733) mulhsu  a4, ra, s6
core   0: 3 0x80000b22 (0x0360a733) x14 0x00000000
core   0: 0x80000b26 (0x02c71b33) mulh    s6, a4, a2
core   0: 3 0x80000b26 (0x02c71b33) x22 0x00000000
core   0: 0x80000b2a (0x00000001) c.nop
core   0: 3 0x80000b2a (0x0001)
core   0: 0x80000b2c (0x00000001) c.nop
core   0: 3 0x80000b2c (0x0001)
core   0: 0x80000b2e (0x4b192093) slti    ra, s2, 1201
core   0: 3 0x80000b2e (0x4b192093) x 1 0x00000001
core   0: 0x80000b32 (0x017060b3) or      ra, zero, s7
core   0: 3 0x80000b32 (0x017060b3) x 1 0x00000000
core   0: 0x80000b36 (0x90455e17) auipc   t3, 0x90455
core   0: 3 0x80000b36 (0x90455e17) x28 0x10455b36
core   0: 0x80000b3a (0x02c64d33) div     s10, a2, a2
core   0: 3 0x80000b3a (0x02c64d33) x26 0x00000001
core   0: 0x80000b3e (0x02af4733) div     a4, t5, a0
core   0: 3 0x80000b3e (0x02af4733) x14 0x00000000
core   0: 0x80000b42 (0x03fc43b3) div     t2, s8, t6
core   0: 3 0x80000b42 (0x03fc43b3) x 7 0xffffffff
core   0: 0x80000b46 (0x035e63b3) rem     t2, t3, s5
core   0: 3 0x80000b46 (0x035e63b3) x 7 0x00000011
core   0: 0x80000b4a (0x9da14e17) auipc   t3, 0x9da14
core   0: 3 0x80000b4a (0x9da14e17) x28 0x1da14b4a
core   0: 0x80000b4e (0x01385913) srli    s2, a6, 19
core   0: 3 0x80000b4e (0x01385913) x18 0x00000000
core   0: 0x80000b52 (0x000080e5) c.srli  s1, 25
core   0: 3 0x80000b52 (0x80e5) x 9 0x0000007f
core   0: 0x80000b54 (0x00008e7d) c.and   a2, a5
core   0: 3 0x80000b54 (0x8e7d) x12 0x00000000
core   0: 0x80000b56 (0x01039633) sll     a2, t2, a6
core   0: 3 0x80000b56 (0x01039633) x12 0x00000011
core   0: 0x80000b5a (0x417ad433) sra     s0, s5, s7
core   0: 3 0x80000b5a (0x417ad433) x 8 0x0000018d
core   0: 0x80000b5e (0x00009bfd) c.andi  a5, -1
core   0: 3 0x80000b5e (0x9bfd) x15 0x00000000
core   0: 0x80000b60 (0x00008e6d) c.and   a2, a1
core   0: 3 0x80000b60 (0x8e6d) x12 0x00000000
core   0: 0x80000b62 (0x026cc133) div     sp, s9, t1
core   0: 3 0x80000b62 (0x026cc133) x 2 0x00000000
core   0: 0x80000b66 (0x88d73e13) sltiu   t3, a4, -1907
core   0: 3 0x80000b66 (0x88d73e13) x28 0x00000001
core   0: 0x80000b6a (0x037cbdb3) mulhu   s11, s9, s7
core   0: 3 0x80000b6a (0x037cbdb3) x27 0x00000000
core   0: 0x80000b6e (0x00008ce1) c.and   s1, s0
core   0: 3 0x80000b6e (0x8ce1) x 9 0x0000000d
core   0: 0x80000b70 (0x01f450b3) srl     ra, s0, t6
core   0: 3 0x80000b70 (0x01f450b3) x 1 0x0000018d
core   0: 0x80000b74 (0x013246b3) xor     a3, tp, s3
core   0: 3 0x80000b74 (0x013246b3) x13 0x80013ce4
core   0: 0x80000b78 (0x01eca5b3) slt     a1, s9, t5
core   0: 3 0x80000b78 (0x01eca5b3) x11 0x00000001
core   0: 0x80000b7c (0x00dab133) sltu    sp, s5, a3
core   0: 3 0x80000b7c (0x00dab133) x 2 0x00000001
core   0: 0x80000b80 (0x013a3ab3) sltu    s5, s4, s3
core   0: 3 0x80000b80 (0x013a3ab3) x21 0x00000000
core   0: 0x80000b84 (0x007e4b33) xor     s6, t3, t2
core   0: 3 0x80000b84 (0x007e4b33) x22 0x00000010
core   0: 0x80000b88 (0x001f4eb3) xor     t4, t5, ra
core   0: 3 0x80000b88 (0x001f4eb3) x29 0x0000018d
core   0: 0x80000b8c (0xe52ce197) auipc   gp, 0xe52ce
core   0: 3 0x80000b8c (0xe52ce197) x 3 0x652ceb8c
core   0: 0x80000b90 (0x000085dd) c.srai  a1, 23
core   0: 3 0x80000b90 (0x85dd) x11 0x00000000
core   0: 0x80000b92 (0x9aefe613) ori     a2, t6, -1618
core   0: 3 0x80000b92 (0x9aefe613) x12 0xfffffdee
core   0: 0x80000b96 (0xde13b493) sltiu   s1, t2, -543
core   0: 3 0x80000b96 (0xde13b493) x 9 0x00000001
core   0: 0x80000b9a (0x4103d733) sra     a4, t2, a6
core   0: 3 0x80000b9a (0x4103d733) x14 0x00000011
core   0: 0x80000b9e (0x5206ab13) slti    s6, a3, 1312
core   0: 3 0x80000b9e (0x5206ab13) x22 0x00000001
core   0: 0x80000ba2 (0x0236f833) remu    a6, a3, gp
core   0: 3 0x80000ba2 (0x0236f833) x16 0x1ad45158
core   0: 0x80000ba6 (0x027177b3) remu    a5, sp, t2
core   0: 3 0x80000ba6 (0x027177b3) x15 0x00000001
core   0: 0x80000baa (0x82586f13) ori     t5, a6, -2011
core   0: 3 0x80000baa (0x82586f13) x30 0xfffff97d
core   0: 0x80000bae (0x00008fe9) c.and   a5, a0
core   0: 3 0x80000bae (0x8fe9) x15 0x00000001
core   0: 0x80000bb0 (0x00fc7533) and     a0, s8, a5
core   0: 3 0x80000bb0 (0x00fc7533) x10 0x00000000
core   0: 0x80000bb4 (0x00006175) c.addi16sp sp, 368
core   0: 3 0x80000bb4 (0x6175) x 2 0x00000171
core   0: 0x80000bb6 (0x00f0bf33) sltu    t5, ra, a5
core   0: 3 0x80000bb6 (0x00f0bf33) x30 0x00000000
core   0: 0x80000bba (0x00008d71) c.and   a0, a2
core   0: 3 0x80000bba (0x8d71) x10 0x00000000
core   0: 0x80000bbc (0x4029d413) srai    s0, s3, 2
core   0: 3 0x80000bbc (0x4029d413) x 8 0x00000000
core   0: 0x80000bc0 (0x00000a18) c.addi4spn a4, sp, 272
core   0: 3 0x80000bc0 (0x0a18) x14 0x00000281
core   0: 0x80000bc2 (0x00009d46) c.add   s10, a7
core   0: 3 0x80000bc2 (0x9d46) x26 0x00000001
core   0: 0x80000bc4 (0x41e3d613) srai    a2, t2, 30
core   0: 3 0x80000bc4 (0x41e3d613) x12 0x00000000
core   0: 0x80000bc8 (0x0000717d) c.addi16sp sp, -16
core   0: 3 0x80000bc8 (0x717d) x 2 0x00000161
core   0: 0x80000bca (0x00000792) c.slli  a5, 4
core   0: 3 0x80000bca (0x0792) x15 0x00000010
core   0: 0x80000bcc (0x00008e01) c.sub   a2, s0
core   0: 3 0x80000bcc (0x8e01) x12 0x00000000
core   0: 0x80000bce (0xa98df093) andi    ra, s11, -1384
core   0: 3 0x80000bce (0xa98df093) x 1 0x00000000
core   0: 0x80000bd2 (0xd4cd8693) addi    a3, s11, -692
core   0: 3 0x80000bd2 (0xd4cd8693) x13 0xfffffd4c
core   0: 0x80000bd6 (0xdb7e2713) slti    a4, t3, -585
core   0: 3 0x80000bd6 (0xdb7e2713) x14 0x00000000
core   0: 0x80000bda (0x00008e1d) c.sub   a2, a5
core   0: 3 0x80000bda (0x8e1d) x12 0xfffffff0
core   0: 0x80000bdc (0x03cb85b3) mul     a1, s7, t3
core   0: 3 0x80000bdc (0x03cb85b3) x11 0x00000000
core   0: 0x80000be0 (0x00008149) c.srli  a0, 18
core   0: 3 0x80000be0 (0x8149) x10 0x00000000
core   0: 0x80000be2 (0x37402593) slti    a1, zero, 884
core   0: 3 0x80000be2 (0x37402593) x11 0x00000001
core   0: 0x80000be6 (0x000062e9) c.lui   t0, 0x1a
core   0: 3 0x80000be6 (0x62e9) x 5 0x0001a000
core   0: 0x80000be8 (0x02aa53b3) divu    t2, s4, a0
core   0: 3 0x80000be8 (0x02aa53b3) x 7 0xffffffff
core   0: 0x80000bec (0x0d52e9b7) lui     s3, 0xd52e
core   0: 3 0x80000bec (0x0d52e9b7) x19 0x0d52e000
core   0: 0x80000bf0 (0x07f8e713) ori     a4, a7, 127
core   0: 3 0x80000bf0 (0x07f8e713) x14 0x0000007f
core   0: 0x80000bf4 (0x03c144b3) div     s1, sp, t3
core   0: 3 0x80000bf4 (0x03c144b3) x 9 0x00000161
core   0: 0x80000bf8 (0x02d752b3) divu    t0, a4, a3
core   0: 3 0x80000bf8 (0x02d752b3) x 5 0x00000000
core   0: 0x80000bfc (0x00008cdd) c.or    s1, a5
core   0: 3 0x80000bfc (0x8cdd) x 9 0x00000171
core   0: 0x80000bfe (0x02a96fb3) rem     t6, s2, a0
core   0: 3 0x80000bfe (0x02a96fb3) x31 0x00000000
core   0: 0x80000c02 (0x03d28fb3) mul     t6, t0, t4
core   0: 3 0x80000c02 (0x03d28fb3) x31 0x00000000
core   0: 0x80000c06 (0x03b844b3) div     s1, a6, s11
core   0: 3 0x80000c06 (0x03b844b3) x 9 0xffffffff
core   0: 0x80000c0a (0x0000696d) c.lui   s2, 0x1b
core   0: 3 0x80000c0a (0x696d) x18 0x0001b000
core   0: 0x80000c0c (0x00008e7d) c.and   a2, a5
core   0: 3 0x80000c0c (0x8e7d) x12 0x00000010
core   0: 0x80000c0e (0x020fdc33) divu    s8, t6, zero
core   0: 3 0x80000c0e (0x020fdc33) x24 0xffffffff
core   0: 0x80000c12 (0x000098fd) c.andi  s1, -1
core   0: 3 0x80000c12 (0x98fd) x 9 0xffffffff
core   0: 0x80000c14 (0x3651c393) xori    t2, gp, 869
core   0: 3 0x80000c14 (0x3651c393) x 7 0x652ce8e9
core   0: 0x80000c18 (0x000087bd) c.srai  a5, 15
core   0: 3 0x80000c18 (0x87bd) x15 0x00000000
core   0: 0x80000c1a (0x000063fd) c.lui   t2, 0x1f
core   0: 3 0x80000c1a (0x63fd) x 7 0x0001f000
core   0: 0x80000c1c (0x00001398) c.addi4spn a4, sp, 480
core   0: 3 0x80000c1c (0x1398) x14 0x00000341
core   0: 0x80000c1e (0x00000798) c.addi4spn a4, sp, 960
core   0: 3 0x80000c1e (0x0798) x14 0x00000521
core   0: 0x80000c20 (0x01965433) srl     s0, a2, s9
core   0: 3 0x80000c20 (0x01965433) x 8 0x00000000
core   0: 0x80000c24 (0x00fe6633) or      a2, t3, a5
core   0: 3 0x80000c24 (0x00fe6633) x12 0x00000001
core   0: 0x80000c28 (0x000065f1) c.lui   a1, 0x1c
core   0: 3 0x80000c28 (0x65f1) x11 0x0001c000
core   0: 0x80000c2a (0x00cd5b93) srli    s7, s10, 12
core   0: 3 0x80000c2a (0x00cd5b93) x23 0x00000000
core   0: 0x80000c2e (0x0000567d) c.li    a2, -1
core   0: 3 0x80000c2e (0x567d) x12 0xffffffff
core   0: 0x80000c30 (0x40288133) sub     sp, a7, sp
core   0: 3 0x80000c30 (0x40288133) x 2 0xfffffe9f
core   0: 0x80000c34 (0x0009b4b3) sltu    s1, s3, zero
core   0: 3 0x80000c34 (0x0009b4b3) x 9 0x00000000
core   0: 0x80000c38 (0x4074dd93) srai    s11, s1, 7
core   0: 3 0x80000c38 (0x4074dd93) x27 0x00000000
core   0: 0x80000c3c (0x00000001) c.nop
core   0: 3 0x80000c3c (0x0001)
core   0: 0x80000c3e (0x008d9cb3) sll     s9, s11, s0
core   0: 3 0x80000c3e (0x008d9cb3) x25 0x00000000
core   0: 0x80000c42 (0x418eda93) srai    s5, t4, 24
core   0: 3 0x80000c42 (0x418eda93) x21 0x00000000
core   0: 0x80000c46 (0x02c5e6b3) rem     a3, a1, a2
core   0: 3 0x80000c46 (0x02c5e6b3) x13 0x00000000
core   0: 0x80000c4a (0x0000587d) c.li    a6, -1
core   0: 3 0x80000c4a (0x587d) x16 0xffffffff
core   0: 0x80000c4c (0x00000001) c.nop
core   0: 3 0x80000c4c (0x0001)
core   0: 0x80000c4e (0x00006165) c.addi16sp sp, 112
core   0: 3 0x80000c4e (0x6165) x 2 0xffffff0f
core   0: 0x80000c50 (0x00000001) c.nop
core   0: 3 0x80000c50 (0x0001)
core   0: 0x80000c52 (0x40d401b3) sub     gp, s0, a3
core   0: 3 0x80000c52 (0x40d401b3) x 3 0x00000000
core   0: 0x80000c56 (0x01011693) slli    a3, sp, 16
core   0: 3 0x80000c56 (0x01011693) x13 0xff0f0000
core   0: 0x80000c5a (0x00006875) c.lui   a6, 0x1d
core   0: 3 0x80000c5a (0x6875) x16 0x0001d000
core   0: 0x80000c5c (0x000007d6) c.slli  a5, 21
core   0: 3 0x80000c5c (0x07d6) x15 0x00000000
core   0: 0x80000c5e (0x00c6cf33) xor     t5, a3, a2
core   0: 3 0x80000c5e (0x00c6cf33) x30 0x00f0ffff
core   0: 0x80000c62 (0xb259c493) xori    s1, s3, -1243
core   0: 3 0x80000c62 (0xb259c493) x 9 0xf2ad1b25
core   0: 0x80000c66 (0x019e0733) add     a4, t3, s9
core   0: 3 0x80000c66 (0x019e0733) x14 0x00000001
core   0: 0x80000c6a (0x00a01c13) slli    s8, zero, 10
core   0: 3 0x80000c6a (0x00a01c13) x24 0x00000000
core   0: 0x80000c6e (0x00006b45) c.lui   s6, 0x11
core   0: 3 0x80000c6e (0x6b45) x22 0x00011000
core   0: 0x80000c70 (0x022442b3) div     t0, s0, sp
core   0: 3 0x80000c70 (0x022442b3) x 5 0x00000000
core   0: 0x80000c74 (0x000081e1) c.srli  a1, 24
core   0: 3 0x80000c74 (0x81e1) x11 0x00000000
core   0: 0x80000c76 (0x151eaf13) slti    t5, t4, 337
core   0: 3 0x80000c76 (0x151eaf13) x30 0x00000000
core   0: 0x80000c7a (0x03f57733) remu    a4, a0, t6
core   0: 3 0x80000c7a (0x03f57733) x14 0x00000000
core   0: 0x80000c7e (0x00008db5) c.xor   a1, a3
core   0: 3 0x80000c7e (0x8db5) x11 0xff0f0000
core   0: 0x80000c80 (0x00000ae2) c.slli  s5, 24
core   0: 3 0x80000c80 (0x0ae2) x21 0x00000000
core   0: 0x80000c82 (0x000057fd) c.li    a5, -1
core   0: 3 0x80000c82 (0x57fd) x15 0xffffffff
core   0: 0x80000c84 (0x00008c3d) c.xor   s0, a5
core   0: 3 0x80000c84 (0x8c3d) x 8 0xffffffff
core   0: 0x80000c86 (0x03a64ab3) div     s5, a2, s10
core   0: 3 0x80000c86 (0x03a64ab3) x21 0xffffffff
core   0: 0x80000c8a (0xee5aff13) andi    t5, s5, -283
core   0: 3 0x80000c8a (0xee5aff13) x30 0xfffffee5
core   0: 0x80000c8e (0x0166eab3) or      s5, a3, s6
core   0: 3 0x80000c8e (0x0166eab3) x21 0xff0f1000
core   0: 0x80000c92 (0x011ca8b3) slt     a7, s9, a7
core   0: 3 0x80000c92 (0x011ca8b3) x17 0x00000000
core   0: 0x80000c96 (0x40add193) srai    gp, s11, 10
core   0: 3 0x80000c96 (0x40add193) x 3 0x00000000
core   0: 0x80000c9a (0x01660eb3) add     t4, a2, s6
core   0: 3 0x80000c9a (0x01660eb3) x29 0x00010fff
core   0: 0x80000c9e (0x01a01533) sll     a0, zero, s10
core   0: 3 0x80000c9e (0x01a01533) x10 0x00000000
core   0: 0x80000ca2 (0x00008ea6) c.mv    t4, s1
core   0: 3 0x80000ca2 (0x8ea6) x29 0xf2ad1b25
core   0: 0x80000ca4 (0x00006129) c.addi16sp sp, 192
core   0: 3 0x80000ca4 (0x6129) x 2 0xffffffcf
core   0: 0x80000ca6 (0x013510b3) sll     ra, a0, s3
core   0: 3 0x80000ca6 (0x013510b3) x 1 0x00000000
core   0: 0x80000caa (0x00008d9d) c.sub   a1, a5
core   0: 3 0x80000caa (0x8d9d) x11 0xff0f0001
core   0: 0x80000cac (0x0000062e) c.slli  a2, 11
core   0: 3 0x80000cac (0x062e) x12 0xfffff800
core   0: 0x80000cae (0x41975513) srai    a0, a4, 25
core   0: 3 0x80000cae (0x41975513) x10 0x00000000
core   0: 0x80000cb2 (0x019a9533) sll     a0, s5, s9
core   0: 3 0x80000cb2 (0x019a9533) x10 0xff0f1000
core   0: 0x80000cb6 (0x0000167d) c.addi  a2, -1
core   0: 3 0x80000cb6 (0x167d) x12 0xfffff7ff
core   0: 0x80000cb8 (0xfff00f93) li      t6, -1
core   0: 3 0x80000cb8 (0xfff00f93) x31 0xffffffff
core   0: 0x80000cbc (0x00004701) c.li    a4, 0
core   0: 3 0x80000cbc (0x4701) x14 0x00000000
core   0: 0x80000cbe (0xfff00a93) li      s5, -1
core   0: 3 0x80000cbe (0xfff00a93) x21 0xffffffff
core   0: 0x80000cc2 (0xfff00c93) li      s9, -1
core   0: 3 0x80000cc2 (0xfff00c93) x25 0xffffffff
core   0: 0x80000cc6 (0x00004881) c.li    a7, 0
core   0: 3 0x80000cc6 (0x4881) x17 0x00000000
core   0: 0x80000cc8 (0x96beb6b7) lui     a3, 0x96beb
core   0: 3 0x80000cc8 (0x96beb6b7) x13 0x96beb000
core   0: 0x80000ccc (0xea168693) addi    a3, a3, -351
core   0: 3 0x80000ccc (0xea168693) x13 0x96beaea1
core   0: 0x80000cd0 (0xfff00b13) li      s6, -1
core   0: 3 0x80000cd0 (0xfff00b13) x22 0xffffffff
core   0: 0x80000cd4 (0x800001b7) lui     gp, 0x80000
core   0: 3 0x80000cd4 (0x800001b7) x 3 0x80000000
core   0: 0x80000cd8 (0xdf457837) lui     a6, 0xdf457
core   0: 3 0x80000cd8 (0xdf457837) x16 0xdf457000
core   0: 0x80000cdc (0x4b480813) addi    a6, a6, 1204
core   0: 3 0x80000cdc (0x4b480813) x16 0xdf4574b4
core   0: 0x80000ce0 (0x800005b7) lui     a1, 0x80000
core   0: 3 0x80000ce0 (0x800005b7) x11 0x80000000
core   0: 0x80000ce4 (0x02b81733) mulh    a4, a6, a1
core   0: 3 0x80000ce4 (0x02b81733) x14 0x105d45a6
core   0: 0x80000ce8 (0x02eb51b3) divu    gp, s6, a4
core   0: 3 0x80000ce8 (0x02eb51b3) x 3 0x0000000f
core   0: 0x80000cec (0x03fcffb3) remu    t6, s9, t6
core   0: 3 0x80000cec (0x03fcffb3) x31 0x00000000
core   0: 0x80000cf0 (0x410581b3) sub     gp, a1, a6
core   0: 3 0x80000cf0 (0x410581b3) x 3 0xa0ba8b4c
core   0: 0x80000cf4 (0x02b8c6b3) div     a3, a7, a1
core   0: 3 0x80000cf4 (0x02b8c6b3) x13 0x00000000
core   0: 0x80000cf8 (0x00000001) c.nop
core   0: 3 0x80000cf8 (0x0001)
core   0: 0x80000cfa (0xa65bbab7) lui     s5, 0xa65bb
core   0: 3 0x80000cfa (0xa65bbab7) x21 0xa65bb000
core   0: 0x80000cfe (0x02bf8ab3) mul     s5, t6, a1
core   0: 3 0x80000cfe (0x02bf8ab3) x21 0x00000000
core   0: 0x80000d02 (0x78921b37) lui     s6, 0x78921
core   0: 3 0x80000d02 (0x78921b37) x22 0x78921000
core   0: 0x80000d06 (0x12ca1c97) auipc   s9, 0x12ca1
core   0: 3 0x80000d06 (0x12ca1c97) x25 0x92ca1d06
core   0: 0x80000d0a (0x039681b3) mul     gp, a3, s9
core   0: 3 0x80000d0a (0x039681b3) x 3 0x00000000
core   0: 0x80000d0e (0x02b58b33) mul     s6, a1, a1
core   0: 3 0x80000d0e (0x02b58b33) x22 0x00000000
core   0: 0x80000d12 (0xb76f8c93) addi    s9, t6, -1162
core   0: 3 0x80000d12 (0xb76f8c93) x25 0xfffffb76
core   0: 0x80000d16 (0x00000001) c.nop
core   0: 3 0x80000d16 (0x0001)
core   0: 0x80000d18 (0x00000001) c.nop
core   0: 3 0x80000d18 (0x0001)
core   0: 0x80000d1a (0x02ea9833) mulh    a6, s5, a4
core   0: 3 0x80000d1a (0x02ea9833) x16 0x00000000
core   0: 0x80000d1e (0x01f68733) add     a4, a3, t6
core   0: 3 0x80000d1e (0x01f68733) x14 0x00000000
core   0: 0x80000d22 (0x023ffb33) remu    s6, t6, gp
core   0: 3 0x80000d22 (0x023ffb33) x22 0x00000000
core   0: 0x80000d26 (0x035195b3) mulh    a1, gp, s5
core   0: 3 0x80000d26 (0x035195b3) x11 0x00000000
core   0: 0x80000d2a (0x5c1ed8b7) lui     a7, 0x5c1ed
core   0: 3 0x80000d2a (0x5c1ed8b7) x17 0x5c1ed000
core   0: 0x80000d2e (0x41c4d993) srai    s3, s1, 28
core   0: 3 0x80000d2e (0x41c4d993) x19 0xffffffff
core   0: 0x80000d32 (0x00000e95) c.addi  t4, 5
core   0: 3 0x80000d32 (0x0e95) x29 0xf2ad1b2a
core   0: 0x80000d34 (0x0126f733) and     a4, a3, s2
core   0: 3 0x80000d34 (0x0126f733) x14 0x00000000
core   0: 0x80000d38 (0x00000bd6) c.slli  s7, 21
core   0: 3 0x80000d38 (0x0bd6) x23 0x00000000
core   0: 0x80000d3a (0x000080e5) c.srli  s1, 25
core   0: 3 0x80000d3a (0x80e5) x 9 0x00000079
core   0: 0x80000d3c (0x006ad693) srli    a3, s5, 6
core   0: 3 0x80000d3c (0x006ad693) x13 0x00000000
core   0: 0x80000d40 (0x023525b3) mulhsu  a1, a0, gp
core   0: 3 0x80000d40 (0x023525b3) x11 0x00000000
core   0: 0x80000d44 (0x00009afd) c.andi  a3, -1
core   0: 3 0x80000d44 (0x9afd) x13 0x00000000
core   0: 0x80000d46 (0x02d456b3) divu    a3, s0, a3
core   0: 3 0x80000d46 (0x02d456b3) x13 0xffffffff
core   0: 0x80000d4a (0x7eb1c013) xori    zero, gp, 2027
core   0: 3 0x80000d4a (0x7eb1c013)
core   0: 0x80000d4e (0x0027d113) srli    sp, a5, 2
core   0: 3 0x80000d4e (0x0027d113) x 2 0x3fffffff
core   0: 0x80000d52 (0x00009a7d) c.andi  a2, -1
core   0: 3 0x80000d52 (0x9a7d) x12 0xfffff7ff
core   0: 0x80000d54 (0x03995cb3) divu    s9, s2, s9
core   0: 3 0x80000d54 (0x03995cb3) x25 0x00000000
core   0: 0x80000d58 (0x00000cdd) c.addi  s9, 23
core   0: 3 0x80000d58 (0x0cdd) x25 0x00000017
core   0: 0x80000d5a (0x00009c5a) c.add   s8, s6
core   0: 3 0x80000d5a (0x9c5a) x24 0x00000000
core   0: 0x80000d5c (0x48eb5d37) lui     s10, 0x48eb5
core   0: 3 0x80000d5c (0x48eb5d37) x26 0x48eb5000
core   0: 0x80000d60 (0x00004445) c.li    s0, 17
core   0: 3 0x80000d60 (0x4445) x 8 0x00000011
core   0: 0x80000d62 (0x403adb13) srai    s6, s5, 3
core   0: 3 0x80000d62 (0x403adb13) x22 0x00000000
core   0: 0x80000d66 (0x03ec3e33) mulhu   t3, s8, t5
core   0: 3 0x80000d66 (0x03ec3e33) x28 0x00000000
core   0: 0x80000d6a (0x000085c9) c.srai  a1, 18
core   0: 3 0x80000d6a (0x85c9) x11 0x00000000
core   0: 0x80000d6c (0x02e93433) mulhu   s0, s2, a4
core   0: 3 0x80000d6c (0x02e93433) x 8 0x00000000
core   0: 0x80000d70 (0x3ea47e93) andi    t4, s0, 1002
core   0: 3 0x80000d70 (0x3ea47e93) x29 0x00000000
core   0: 0x80000d74 (0x01f84c33) xor     s8, a6, t6
core   0: 3 0x80000d74 (0x01f84c33) x24 0x00000000
core   0: 0x80000d78 (0x006d0b33) add     s6, s10, t1
core   0: 3 0x80000d78 (0x006d0b33) x22 0xc8eb5000
core   0: 0x80000d7c (0x00ce9b13) slli    s6, t4, 12
core   0: 3 0x80000d7c (0x00ce9b13) x22 0x00000000
core   0: 0x80000d80 (0x41370e33) sub     t3, a4, s3
core   0: 3 0x80000d80 (0x41370e33) x28 0x00000001
core   0: 0x80000d84 (0x0000717d) c.addi16sp sp, -16
core   0: 3 0x80000d84 (0x717d) x 2 0x3fffffef
core   0: 0x80000d86 (0x01c2d993) srli    s3, t0, 28
core   0: 3 0x80000d86 (0x01c2d993) x19 0x00000000
core   0: 0x80000d8a (0x00006bb5) c.lui   s7, 0xd
core   0: 3 0x80000d8a (0x6bb5) x23 0x0000d000
core   0: 0x80000d8c (0x00008ed9) c.or    a3, a4
core   0: 3 0x80000d8c (0x8ed9) x13 0xffffffff
core   0: 0x80000d8e (0xefee0b13) addi    s6, t3, -258
core   0: 3 0x80000d8e (0xefee0b13) x22 0xfffffeff
core   0: 0x80000d92 (0x00008ed9) c.or    a3, a4
core   0: 3 0x80000d92 (0x8ed9) x13 0xffffffff
core   0: 0x80000d94 (0x03aa93b3) mulh    t2, s5, s10
core   0: 3 0x80000d94 (0x03aa93b3) x 7 0x00000000
core   0: 0x80000d98 (0x00603ab3) snez    s5, t1
core   0: 3 0x80000d98 (0x00603ab3) x21 0x00000001
core   0: 0x80000d9c (0x407afc37) lui     s8, 0x407af
core   0: 3 0x80000d9c (0x407afc37) x24 0x407af000
core   0: 0x80000da0 (0x00001480) c.addi4spn s0, sp, 608
core   0: 3 0x80000da0 (0x1480) x 8 0x4000024f
core   0: 0x80000da2 (0x00c1c4b3) xor     s1, gp, a2
core   0: 3 0x80000da2 (0x00c1c4b3) x 9 0xfffff7ff
core   0: 0x80000da6 (0x45a1e913) ori     s2, gp, 1114
core   0: 3 0x80000da6 (0x45a1e913) x18 0x0000045a
core   0: 0x80000daa (0xfedcec13) ori     s8, s9, -19
core   0: 3 0x80000daa (0xfedcec13) x24 0xffffffff
core   0: 0x80000dae (0x02325fb3) divu    t6, tp, gp
core   0: 3 0x80000dae (0x02325fb3) x31 0xffffffff
core   0: 0x80000db2 (0x0000197d) c.addi  s2, -1
core   0: 3 0x80000db2 (0x197d) x18 0x00000459
core   0: 0x80000db4 (0x00008089) c.srli  s1, 2
core   0: 3 0x80000db4 (0x8089) x 9 0x3ffffdff
core   0: 0x80000db6 (0x40ebd5b3) sra     a1, s7, a4
core   0: 3 0x80000db6 (0x40ebd5b3) x11 0x0000d000
core   0: 0x80000dba (0x037a4e33) div     t3, s4, s7
core   0: 3 0x80000dba (0x037a4e33) x28 0xffff6278
core   0: 0x80000dbe (0x014e02b3) add     t0, t3, s4
core   0: 3 0x80000dbe (0x014e02b3) x 5 0x800060dc
core   0: 0x80000dc2 (0x000011fd) c.addi  gp, -1
core   0: 3 0x80000dc2 (0x11fd) x 3 0xffffffff
core   0: 0x80000dc4 (0x00000001) c.nop
core   0: 3 0x80000dc4 (0x0001)
core   0: 0x80000dc6 (0x0000044a) c.slli  s0, 18
core   0: 3 0x80000dc6 (0x044a) x 8 0x093c0000
core   0: 0x80000dc8 (0x00006ea9) c.lui   t4, 0xa
core   0: 3 0x80000dc8 (0x6ea9) x29 0x0000a000
core   0: 0x80000dca (0x00009772) c.add   a4, t3
core   0: 3 0x80000dca (0x9772) x14 0xffff6278
core   0: 0x80000dcc (0x03f00b33) mul     s6, zero, t6
core   0: 3 0x80000dcc (0x03f00b33) x22 0x00000000
core   0: 0x80000dd0 (0x00006129) c.addi16sp sp, 192
core   0: 3 0x80000dd0 (0x6129) x 2 0x400000af
core   0: 0x80000dd2 (0x00008df9) c.and   a1, a4
core   0: 3 0x80000dd2 (0x8df9) x11 0x00004000
core   0: 0x80000dd4 (0xe42e2f13) slti    t5, t3, -446
core   0: 3 0x80000dd4 (0xe42e2f13) x30 0x00000001
core   0: 0x80000dd8 (0x00008801) c.andi  s0, 0
core   0: 3 0x80000dd8 (0x8801) x 8 0x00000000
core   0: 0x80000dda (0x5d3a3393) sltiu   t2, s4, 1491
core   0: 3 0x80000dda (0x5d3a3393) x 7 0x00000000
core   0: 0x80000dde (0xf67446b7) lui     a3, 0xf6744
core   0: 3 0x80000dde (0xf67446b7) x13 0xf6744000
core   0: 0x80000de2 (0x02189633) mulh    a2, a7, ra
core   0: 3 0x80000de2 (0x02189633) x12 0x00000000
core   0: 0x80000de6 (0x00e5db33) srl     s6, a1, a4
core   0: 3 0x80000de6 (0x00e5db33) x22 0x00000000
core   0: 0x80000dea (0x000082ce) c.mv    t0, s3
core   0: 3 0x80000dea (0x82ce) x 5 0x00000000
core   0: 0x80000dec (0x000082dd) c.srli  a3, 23
core   0: 3 0x80000dec (0x82dd) x13 0x000001ec
core   0: 0x80000dee (0x004c5613) srli    a2, s8, 4
core   0: 3 0x80000dee (0x004c5613) x12 0x0fffffff
core   0: 0x80000df2 (0x0127b8b3) sltu    a7, a5, s2
core   0: 3 0x80000df2 (0x0127b8b3) x17 0x00000000
core   0: 0x80000df6 (0x000083e6) c.mv    t2, s9
core   0: 3 0x80000df6 (0x83e6) x 7 0x00000017
core   0: 0x80000df8 (0x00720fb3) add     t6, tp, t2
core   0: 3 0x80000df8 (0x00720fb3) x31 0x80013cfb
core   0: 0x80000dfc (0x018863b3) or      t2, a6, s8
core   0: 3 0x80000dfc (0x018863b3) x 7 0xffffffff
core   0: 0x80000e00 (0x00000001) c.nop
core   0: 3 0x80000e00 (0x0001)
core   0: 0x80000e02 (0x0178f133) and     sp, a7, s7
core   0: 3 0x80000e02 (0x0178f133) x 2 0x00000000
core   0: 0x80000e06 (0x4ea7bd93) sltiu   s11, a5, 1258
core   0: 3 0x80000e06 (0x4ea7bd93) x27 0x00000000
core   0: 0x80000e0a (0x00008f55) c.or    a4, a3
core   0: 3 0x80000e0a (0x8f55) x14 0xffff63fc
core   0: 0x80000e0c (0x02606c33) rem     s8, zero, t1
core   0: 3 0x80000e0c (0x02606c33) x24 0x00000000
core   0: 0x80000e10 (0x0000147d) c.addi  s0, -1
core   0: 3 0x80000e10 (0x147d) x 8 0xffffffff
core   0: 0x80000e12 (0x40505033) sra     zero, zero, t0
core   0: 3 0x80000e12 (0x40505033)
core   0: 0x80000e16 (0x0000717d) c.addi16sp sp, -16
core   0: 3 0x80000e16 (0x717d) x 2 0xfffffff0
core   0: 0x80000e18 (0x02e423b3) mulhsu  t2, s0, a4
core   0: 3 0x80000e18 (0x02e423b3) x 7 0xffffffff
core   0: 0x80000e1c (0x00008219) c.srli  a2, 6
core   0: 3 0x80000e1c (0x8219) x12 0x003fffff
core   0: 0x80000e1e (0x01e67f33) and     t5, a2, t5
core   0: 3 0x80000e1e (0x01e67f33) x30 0x00000001
core   0: 0x80000e22 (0xe86bac13) slti    s8, s7, -378
core   0: 3 0x80000e22 (0xe86bac13) x24 0x00000000
core   0: 0x80000e26 (0x4050dcb3) sra     s9, ra, t0
core   0: 3 0x80000e26 (0x4050dcb3) x25 0x00000000
core   0: 0x80000e2a (0x40315633) sra     a2, sp, gp
core   0: 3 0x80000e2a (0x40315633) x12 0xffffffff
core   0: 0x80000e2e (0x0000856d) c.srai  a0, 27
core   0: 3 0x80000e2e (0x856d) x10 0xffffffff
core   0: 0x80000e30 (0x00006d2d) c.lui   s10, 0xb
core   0: 3 0x80000e30 (0x6d2d) x26 0x0000b000
core   0: 0x80000e32 (0x00008571) c.srai  a0, 28
core   0: 3 0x80000e32 (0x8571) x10 0xffffffff
core   0: 0x80000e34 (0x0202c0b3) div     ra, t0, zero
core   0: 3 0x80000e34 (0x0202c0b3) x 1 0xffffffff
core   0: 0x80000e38 (0x026c33b3) mulhu   t2, s8, t1
core   0: 3 0x80000e38 (0x026c33b3) x 7 0x00000000
core   0: 0x80000e3c (0x4ca0fd13) andi    s10, ra, 1226
core   0: 3 0x80000e3c (0x4ca0fd13) x26 0x000004ca
core   0: 0x80000e40 (0x00008ef1) c.and   a3, a2
core   0: 3 0x80000e40 (0x8ef1) x13 0x000001ec
core   0: 0x80000e42 (0x0000940a) c.add   s0, sp
core   0: 3 0x80000e42 (0x940a) x 8 0xffffffef
core   0: 0x80000e44 (0x8e63bf13) sltiu   t5, t2, -1818
core   0: 3 0x80000e44 (0x8e63bf13) x30 0x00000001
core   0: 0x80000e48 (0x001ff433) and     s0, t6, ra
core   0: 3 0x80000e48 (0x001ff433) x 8 0x80013cfb
core   0: 0x80000e4c (0x00000c79) c.addi  s8, 30
core   0: 3 0x80000e4c (0x0c79) x24 0x0000001e
core   0: 0x80000e4e (0x2a29bd93) sltiu   s11, s3, 674
core   0: 3 0x80000e4e (0x2a29bd93) x27 0x00000001
core   0: 0x80000e52 (0x0000717d) c.addi16sp sp, -16
core   0: 3 0x80000e52 (0x717d) x 2 0xffffffe0
core   0: 0x80000e54 (0x8dacbc13) sltiu   s8, s9, -1830
core   0: 3 0x80000e54 (0x8dacbc13) x24 0x00000001
core   0: 0x80000e58 (0x011a74b3) and     s1, s4, a7
core   0: 3 0x80000e58 (0x011a74b3) x 9 0x00000000
core   0: 0x80000e5c (0x00000b49) c.addi  s6, 18
core   0: 3 0x80000e5c (0x0b49) x22 0x00000012
core   0: 0x80000e5e (0x0000717d) c.addi16sp sp, -16
core   0: 3 0x80000e5e (0x717d) x 2 0xffffffd0
core   0: 0x80000e60 (0x01dfe1b3) or      gp, t6, t4
core   0: 3 0x80000e60 (0x01dfe1b3) x 3 0x8001bcfb
core   0: 0x80000e64 (0x00a998b3) sll     a7, s3, a0
core   0: 3 0x80000e64 (0x00a998b3) x17 0x00000000
core   0: 0x80000e68 (0x003e7b33) and     s6, t3, gp
core   0: 3 0x80000e68 (0x003e7b33) x22 0x80012078
core   0: 0x80000e6c (0x00008f21) c.xor   a4, s0
core   0: 3 0x80000e6c (0x8f21) x14 0x7ffe5f07
core   0: 0x80000e6e (0x410a81b3) sub     gp, s5, a6
core   0: 3 0x80000e6e (0x410a81b3) x 3 0x00000001
core   0: 0x80000e72 (0x01357133) and     sp, a0, s3
core   0: 3 0x80000e72 (0x01357133) x 2 0x00000000
core   0: 0x80000e76 (0x00fd90b3) sll     ra, s11, a5
core   0: 3 0x80000e76 (0x00fd90b3) x 1 0x80000000
core   0: 0x80000e7a (0x013de0b3) or      ra, s11, s3
core   0: 3 0x80000e7a (0x013de0b3) x 1 0x00000001
core   0: 0x80000e7e (0xb5d4f113) andi    sp, s1, -1187
core   0: 3 0x80000e7e (0xb5d4f113) x 2 0x00000000
core   0: 0x80000e82 (0x0000826d) c.srli  a2, 27
core   0: 3 0x80000e82 (0x826d) x12 0x0000001f
core   0: 0x80000e84 (0x00cc5493) srli    s1, s8, 12
core   0: 3 0x80000e84 (0x00cc5493) x 9 0x00000000
core   0: 0x80000e88 (0x405402b3) sub     t0, s0, t0
core   0: 3 0x80000e88 (0x405402b3) x 5 0x80013cfb
core   0: 0x80000e8c (0x01c433b3) sltu    t2, s0, t3
core   0: 3 0x80000e8c (0x01c433b3) x 7 0x00000001
core   0: 0x80000e90 (0x0000808e) c.mv    ra, gp
core   0: 3 0x80000e90 (0x808e) x 1 0x00000001
core   0: 0x80000e92 (0x00000001) c.nop
core   0: 3 0x80000e92 (0x0001)
core   0: 0x80000e94 (0x00000c6e) c.slli  s8, 27
core   0: 3 0x80000e94 (0x0c6e) x24 0x08000000
core   0: 0x80000e96 (0x00000001) c.nop
core   0: 3 0x80000e96 (0x0001)
core   0: 0x80000e98 (0x03852eb3) mulhsu  t4, a0, s8
core   0: 3 0x80000e98 (0x03852eb3) x29 0xffffffff
core   0: 0x80000e9c (0x36e49597) auipc   a1, 0x36e49
core   0: 3 0x80000e9c (0x36e49597) x11 0xb6e49e9c
core   0: 0x80000ea0 (0x00008e2d) c.xor   a2, a1
core   0: 3 0x80000ea0 (0x8e2d) x12 0xb6e49e83
core   0: 0x80000ea2 (0x017e9633) sll     a2, t4, s7
core   0: 3 0x80000ea2 (0x017e9633) x12 0xffffffff
core   0: 0x80000ea6 (0x0250f833) remu    a6, ra, t0
core   0: 3 0x80000ea6 (0x0250f833) x16 0x00000001
core   0: 0x80000eaa (0x40ac8033) sub     zero, s9, a0
core   0: 3 0x80000eaa (0x40ac8033)
core   0: 0x80000eae (0x008253b3) srl     t2, tp, s0
core   0: 3 0x80000eae (0x008253b3) x 7 0x00000010
core   0: 0x80000eb2 (0x00008622) c.mv    a2, s0
core   0: 3 0x80000eb2 (0x8622) x12 0x80013cfb
core   0: 0x80000eb4 (0x000083cd) c.srli  a5, 19
core   0: 3 0x80000eb4 (0x83cd) x15 0x00001fff
core   0: 0x80000eb6 (0x019f5d93) srli    s11, t5, 25
core   0: 3 0x80000eb6 (0x019f5d93) x27 0x00000000
core   0: 0x80000eba (0x000002aa) c.slli  t0, 10
core   0: 3 0x80000eba (0x02aa) x 5 0x04f3ec00
core   0: 0x80000ebc (0x9f9e7717) auipc   a4, 0x9f9e7
core   0: 3 0x80000ebc (0x9f9e7717) x14 0x1f9e7ebc
core   0: 0x80000ec0 (0x00008fe5) c.and   a5, s1
core   0: 3 0x80000ec0 (0x8fe5) x15 0x00000000
core   0: 0x80000ec2 (0x41c45513) srai    a0, s0, 28
core   0: 3 0x80000ec2 (0x41c45513) x10 0xfffffff8
core   0: 0x80000ec6 (0x008ff833) and     a6, t6, s0
core   0: 3 0x80000ec6 (0x008ff833) x16 0x80013cfb
core   0: 0x80000eca (0x6650b017) auipc   zero, 0x6650b
core   0: 3 0x80000eca (0x6650b017)
core   0: 0x80000ece (0x0175d113) srli    sp, a1, 23
core   0: 3 0x80000ece (0x0175d113) x 2 0x0000016d
core   0: 0x80000ed2 (0x15a98893) addi    a7, s3, 346
core   0: 3 0x80000ed2 (0x15a98893) x17 0x0000015a
core   0: 0x80000ed6 (0x61786993) ori     s3, a6, 1559
core   0: 3 0x80000ed6 (0x61786993) x19 0x80013eff
core   0: 0x80000eda (0x02c2ceb3) div     t4, t0, a2
core   0: 3 0x80000eda (0x02c2ceb3) x29 0x00000000
core   0: 0x80000ede (0x000085f5) c.srai  a1, 29
core   0: 3 0x80000ede (0x85f5) x11 0xfffffffd
core   0: 0x80000ee0 (0x02c98833) mul     a6, s3, a2
core   0: 3 0x80000ee0 (0x02c98833) x16 0x8afb8805
core   0: 0x80000ee4 (0x00000001) c.nop
core   0: 3 0x80000ee4 (0x0001)
core   0: 0x80000ee6 (0x033cabb3) mulhsu  s7, s9, s3
core   0: 3 0x80000ee6 (0x033cabb3) x23 0x00000000
core   0: 0x80000eea (0x01fc54b3) srl     s1, s8, t6
core   0: 3 0x80000eea (0x01fc54b3) x 9 0x00000001
core   0: 0x80000eee (0x00000001) c.nop
core   0: 3 0x80000eee (0x0001)
core   0: 0x80000ef0 (0x000018fd) c.addi  a7, -1
core   0: 3 0x80000ef0 (0x18fd) x17 0x00000159
core   0: 0x80000ef2 (0x00008275) c.srli  a2, 29
core   0: 3 0x80000ef2 (0x8275) x12 0x00000004
core   0: 0x80000ef4 (0x0153d013) srli    zero, t2, 21
core   0: 3 0x80000ef4 (0x0153d013)
core   0: 0x80000ef8 (0x01e6a0b3) slt     ra, a3, t5
core   0: 3 0x80000ef8 (0x01e6a0b3) x 1 0x00000000
core   0: 0x80000efc (0x00000001) c.nop
core   0: 3 0x80000efc (0x0001)
core   0: 0x80000efe (0x414ad033) sra     zero, s5, s4
core   0: 3 0x80000efe (0x414ad033)
core   0: 0x80000f02 (0x404d8db3) sub     s11, s11, tp
core   0: 3 0x80000f02 (0x404d8db3) x27 0x7ffec31c
core   0: 0x80000f06 (0x029d7933) remu    s2, s10, s1
core   0: 3 0x80000f06 (0x029d7933) x18 0x00000000
core   0: 0x80000f0a (0xa4330993) addi    s3, t1, -1469
core   0: 3 0x80000f0a (0xa4330993) x19 0x7ffffa43
core   0: 0x80000f0e (0x02d562b3) rem     t0, a0, a3
core   0: 3 0x80000f0e (0x02d562b3) x 5 0xfffffff8
core   0: 0x80000f12 (0x008801b3) add     gp, a6, s0
core   0: 3 0x80000f12 (0x008801b3) x 3 0x0afcc500
core   0: 0x80000f16 (0x401b5a93) srai    s5, s6, 1
core   0: 3 0x80000f16 (0x401b5a93) x21 0xc000903c
core   0: 0x80000f1a (0x00008bed) c.andi  a5, 27
core   0: 3 0x80000f1a (0x8bed) x15 0x00000000
core   0: 0x80000f1c (0x00000001) c.nop
core   0: 3 0x80000f1c (0x0001)
core   0: 0x80000f1e (0x00004f6d) c.li    t5, 27
core   0: 3 0x80000f1e (0x4f6d) x30 0x0000001b
core   0: 0x80000f20 (0x03806033) rem     zero, zero, s8
core   0: 3 0x80000f20 (0x03806033)
core   0: 0x80000f24 (0x00000001) c.nop
core   0: 3 0x80000f24 (0x0001)
core   0: 0x80000f26 (0x00008f81) c.sub   a5, s0
core   0: 3 0x80000f26 (0x8f81) x15 0x7ffec305
core   0: 0x80000f28 (0x5542b993) sltiu   s3, t0, 1364
core   0: 3 0x80000f28 (0x5542b993) x19 0x00000000
core   0: 0x80000f2c (0x00005ffd) c.li    t6, -1
core   0: 3 0x80000f2c (0x5ffd) x31 0xffffffff
core   0: 0x80000f2e (0x01ba0fb3) add     t6, s4, s11
core   0: 3 0x80000f2e (0x01ba0fb3) x31 0xffffc180
core   0: 0x80000f32 (0x017a45b3) xor     a1, s4, s7
core   0: 3 0x80000f32 (0x017a45b3) x11 0x8000fe64
core   0: 0x80000f36 (0x4181d693) srai    a3, gp, 24
core   0: 3 0x80000f36 (0x4181d693) x13 0x0000000a
core   0: 0x80000f3a (0xeaf93893) sltiu   a7, s2, -337
core   0: 3 0x80000f3a (0xeaf93893) x17 0x00000001
core   0: 0x80000f3e (0xdda84113) xori    sp, a6, -550
core   0: 3 0x80000f3e (0xdda84113) x 2 0x750475df
core   0: 0x80000f42 (0x03669733) mulh    a4, a3, s6
core   0: 3 0x80000f42 (0x03669733) x14 0xfffffffb
core   0: 0x80000f46 (0x00008d75) c.and   a0, a3
core   0: 3 0x80000f46 (0x8d75) x10 0x00000008
core   0: 0x80000f48 (0x00008de9) c.and   a1, a0
core   0: 3 0x80000f48 (0x8de9) x11 0x00000000
core   0: 0x80000f4a (0x92f34293) xori    t0, t1, -1745
core   0: 3 0x80000f4a (0x92f34293) x 5 0x7ffff92f
core   0: 0x80000f4e (0x00f49713) slli    a4, s1, 15
core   0: 3 0x80000f4e (0x00f49713) x14 0x00008000
core   0: 0x80000f52 (0x419288b3) sub     a7, t0, s9
core   0: 3 0x80000f52 (0x419288b3) x17 0x7ffff92f
core   0: 0x80000f56 (0x0000067a) c.slli  a2, 30
core   0: 3 0x80000f56 (0x067a) x12 0x00000000
core   0: 0x80000f58 (0x3d4a6d13) ori     s10, s4, 980
core   0: 3 0x80000f58 (0x3d4a6d13) x26 0x8000fff4
core   0: 0x80000f5c (0x00ae2ab3) slt     s5, t3, a0
core   0: 3 0x80000f5c (0x00ae2ab3) x21 0x00000001
core   0: 0x80000f60 (0x00008309) c.srli  a4, 2
core   0: 3 0x80000f60 (0x8309) x14 0x00002000
core   0: 0x80000f62 (0x41735613) srai    a2, t1, 23
core   0: 3 0x80000f62 (0x41735613) x12 0xffffff00
core   0: 0x80000f66 (0x00008ee1) c.and   a3, s0
core   0: 3 0x80000f66 (0x8ee1) x13 0x0000000a
core   0: 0x80000f68 (0x00000704) c.addi4spn s1, sp, 896
core   0: 3 0x80000f68 (0x0704) x 9 0x7504795f
core   0: 0x80000f6a (0x4134de33) sra     t3, s1, s3
core   0: 3 0x80000f6a (0x4134de33) x28 0x7504795f
core   0: 0x80000f6e (0x0017c4b3) xor     s1, a5, ra
core   0: 3 0x80000f6e (0x0017c4b3) x 9 0x7ffec305
core   0: 0x80000f72 (0x025a7f33) remu    t5, s4, t0
core   0: 3 0x80000f72 (0x025a7f33) x30 0x00010535
core   0: 0x80000f76 (0x41505eb3) sra     t4, zero, s5
core   0: 3 0x80000f76 (0x41505eb3) x29 0x00000000
core   0: 0x80000f7a (0x00d6b6b3) sltu    a3, a3, a3
core   0: 3 0x80000f7a (0x00d6b6b3) x13 0x00000000
core   0: 0x80000f7e (0x02649fb3) mulh    t6, s1, t1
core   0: 3 0x80000f7e (0x02649fb3) x31 0xc0009e7d
core   0: 0x80000f82 (0x000001a5) c.addi  gp, 9
core   0: 3 0x80000f82 (0x01a5) x 3 0x0afcc509
core   0: 0x80000f84 (0x556c7613) andi    a2, s8, 1366
core   0: 3 0x80000f84 (0x556c7613) x12 0x00000000
core   0: 0x80000f88 (0xb339ef93) ori     t6, s3, -1229
core   0: 3 0x80000f88 (0xb339ef93) x31 0xfffffb33
core   0: 0x80000f8c (0x0235dab3) divu    s5, a1, gp
core   0: 3 0x80000f8c (0x0235dab3) x21 0x00000000
core   0: 0x80000f90 (0x023391b3) mulh    gp, t2, gp
core   0: 3 0x80000f90 (0x023391b3) x 3 0x00000000
core   0: 0x80000f94 (0x40305f13) srai    t5, zero, 3
core   0: 3 0x80000f94 (0x40305f13) x30 0x00000000
core   0: 0x80000f98 (0x411a0533) sub     a0, s4, a7
core   0: 3 0x80000f98 (0x411a0533) x10 0x00010535
core   0: 0x80000f9c (0x007455b3) srl     a1, s0, t2
core   0: 3 0x80000f9c (0x007455b3) x11 0x00008001
core   0: 0x80000fa0 (0x00008c79) c.and   s0, a4
core   0: 3 0x80000fa0 (0x8c79) x 8 0x00002000
core   0: 0x80000fa2 (0x0000147d) c.addi  s0, -1
core   0: 3 0x80000fa2 (0x147d) x 8 0x00001fff
core   0: 0x80000fa4 (0x000052fd) c.li    t0, -1
core   0: 3 0x80000fa4 (0x52fd) x 5 0xffffffff
core   0: 0x80000fa6 (0xfc0bee93) ori     t4, s7, -64
core   0: 3 0x80000fa6 (0xfc0bee93) x29 0xffffffc0
core   0: 0x80000faa (0x00139913) slli    s2, t2, 1
core   0: 3 0x80000faa (0x00139913) x18 0x00000020
core   0: 0x80000fae (0x00008e6d) c.and   a2, a1
core   0: 3 0x80000fae (0x8e6d) x12 0x00000000
core   0: 0x80000fb0 (0x000083d6) c.mv    t2, s5
core   0: 3 0x80000fb0 (0x83d6) x 7 0x00000000
core   0: 0x80000fb2 (0x00008e99) c.sub   a3, a4
core   0: 3 0x80000fb2 (0x8e99) x13 0xffffe000
core   0: 0x80000fb4 (0x9aada9b7) lui     s3, 0x9aada
core   0: 3 0x80000fb4 (0x9aada9b7) x19 0x9aada000
core   0: 0x80000fb8 (0x0000015e) c.slli  sp, 23
core   0: 3 0x80000fb8 (0x015e) x 2 0xef800000
core   0: 0x80000fba (0x41fade33) sra     t3, s5, t6
core   0: 3 0x80000fba (0x41fade33) x28 0x00000000
core   0: 0x80000fbe (0x539f0b13) addi    s6, t5, 1337
core   0: 3 0x80000fbe (0x539f0b13) x22 0x00000539
core   0: 0x80000fc2 (0x00008f46) c.mv    t5, a7
core   0: 3 0x80000fc2 (0x8f46) x30 0x7ffff92f
core   0: 0x80000fc4 (0x016b0733) add     a4, s6, s6
core   0: 3 0x80000fc4 (0x016b0733) x14 0x00000a72
core   0: 0x80000fc8 (0x022e1ab3) mulh    s5, t3, sp
core   0: 3 0x80000fc8 (0x022e1ab3) x21 0x00000000
core   0: 0x80000fcc (0x016886b3) add     a3, a7, s6
core   0: 3 0x80000fcc (0x016886b3) x13 0x7ffffe68
core   0: 0x80000fd0 (0x419fd3b3) sra     t2, t6, s9
core   0: 3 0x80000fd0 (0x419fd3b3) x 7 0xfffffb33
core   0: 0x80000fd4 (0x018338b3) sltu    a7, t1, s8
core   0: 3 0x80000fd4 (0x018338b3) x17 0x00000000
core   0: 0x80000fd8 (0xa00aad93) slti    s11, s5, -1536
core   0: 3 0x80000fd8 (0xa00aad93) x27 0x00000000
core   0: 0x80000fdc (0x58806f93) ori     t6, zero, 1416
core   0: 3 0x80000fdc (0x58806f93) x31 0x00000588
core   0: 0x80000fe0 (0x024e63b3) rem     t2, t3, tp
core   0: 3 0x80000fe0 (0x024e63b3) x 7 0x00000000
core   0: 0x80000fe4 (0x00008df1) c.and   a1, a2
core   0: 3 0x80000fe4 (0x8df1) x11 0x00000000
core   0: 0x80000fe6 (0x00000d84) c.addi4spn s1, sp, 720
core   0: 3 0x80000fe6 (0x0d84) x 9 0xef8002d0
core   0: 0x80000fe8 (0x01791d93) slli    s11, s2, 23
core   0: 3 0x80000fe8 (0x01791d93) x27 0x10000000
core   0: 0x80000fec (0x001be5b3) or      a1, s7, ra
core   0: 3 0x80000fec (0x001be5b3) x11 0x00000000
core   0: 0x80000ff0 (0x00008c85) c.sub   s1, s1
core   0: 3 0x80000ff0 (0x8c85) x 9 0x00000000
core   0: 0x80000ff2 (0x01249613) slli    a2, s1, 18
core   0: 3 0x80000ff2 (0x01249613) x12 0x00000000
core   0: 0x80000ff6 (0x00008e0d) c.sub   a2, a1
core   0: 3 0x80000ff6 (0x8e0d) x12 0x00000000
core   0: 0x80000ff8 (0x00008d51) c.or    a0, a2
core   0: 3 0x80000ff8 (0x8d51) x10 0x00010535
core   0: 0x80000ffa (0x000099b6) c.add   s3, a3
core   0: 3 0x80000ffa (0x99b6) x19 0x1aad9e68
core   0: 0x80000ffc (0xafb5b493) sltiu   s1, a1, -1285
core   0: 3 0x80000ffc (0xafb5b493) x 9 0x00000001
core   0: 0x80001000 (0x00008e85) c.sub   a3, s1
core   0: 3 0x80001000 (0x8e85) x13 0x7ffffe67
core   0: 0x80001002 (0x03f4e933) rem     s2, s1, t6
core   0: 3 0x80001002 (0x03f4e933) x18 0x00000001
core   0: 0x80001006 (0x006b5e93) srli    t4, s6, 6
core   0: 3 0x80001006 (0x006b5e93) x29 0x00000014
core   0: 0x8000100a (0xac786493) ori     s1, a6, -1337
core   0: 3 0x8000100a (0xac786493) x 9 0xfffffac7
core   0: 0x8000100e (0x0237f133) remu    sp, a5, gp
core   0: 3 0x8000100e (0x0237f133) x 2 0x7ffec305
core   0: 0x80001012 (0x1ac7fd93) andi    s11, a5, 428
core   0: 3 0x80001012 (0x1ac7fd93) x27 0x00000104
core   0: 0x80001016 (0x00001e7d) c.addi  t3, -1
core   0: 3 0x80001016 (0x1e7d) x28 0xffffffff
core   0: 0x80001018 (0x0129df13) srli    t5, s3, 18
core   0: 3 0x80001018 (0x0129df13) x30 0x000006ab
core   0: 0x8000101c (0x00000001) c.nop
core   0: 3 0x8000101c (0x0001)
core   0: 0x8000101e (0x41898bb3) sub     s7, s3, s8
core   0: 3 0x8000101e (0x41898bb3) x23 0x12ad9e68
core   0: 0x80001022 (0x03821d33) mulh    s10, tp, s8
core   0: 3 0x80001022 (0x03821d33) x26 0xfc0009e7
core   0: 0x80001026 (0x02741133) mulh    sp, s0, t2
core   0: 3 0x80001026 (0x02741133) x 2 0x00000000
core   0: 0x8000102a (0x003e10b3) sll     ra, t3, gp
core   0: 3 0x8000102a (0x003e10b3) x 1 0xffffffff
core   0: 0x8000102e (0x0217dbb3) divu    s7, a5, ra
core   0: 3 0x8000102e (0x0217dbb3) x23 0x00000000
core   0: 0x80001032 (0x01aaa9b3) slt     s3, s5, s10
core   0: 3 0x80001032 (0x01aaa9b3) x19 0x00000000
core   0: 0x80001036 (0x000095a2) c.add   a1, s0
core   0: 3 0x80001036 (0x95a2) x11 0x00001fff
core   0: 0x80001038 (0x07c39d97) auipc   s11, 0x7c39
core   0: 3 0x80001038 (0x07c39d97) x27 0x87c3a038
core   0: 0x8000103c (0xd4417f93) andi    t6, sp, -700
core   0: 3 0x8000103c (0xd4417f93) x31 0x00000000
core   0: 0x80001040 (0x00ef2f33) slt     t5, t5, a4
core   0: 3 0x80001040 (0x00ef2f33) x30 0x00000001
core   0: 0x80001044 (0x00008e81) c.sub   a3, s0
core   0: 3 0x80001044 (0x8e81) x13 0x7fffde68
core   0: 0x80001046 (0x000e1913) slli    s2, t3, 0
core   0: 3 0x80001046 (0x000e1913) x18 0xffffffff
core   0: 0x8000104a (0x41c65d33) sra     s10, a2, t3
core   0: 3 0x8000104a (0x41c65d33) x26 0x00000000
core   0: 0x8000104e (0x02a9a0b3) mulhsu  ra, s3, a0
core   0: 3 0x8000104e (0x02a9a0b3) x 1 0x00000000
core   0: 0x80001052 (0x0083fe33) and     t3, t2, s0
core   0: 3 0x80001052 (0x0083fe33) x28 0x00000000
core   0: 0x80001056 (0x00a295b3) sll     a1, t0, a0
core   0: 3 0x80001056 (0x00a295b3) x11 0xffe00000
core   0: 0x8000105a (0x02b2ec33) rem     s8, t0, a1
core   0: 3 0x8000105a (0x02b2ec33) x24 0xffffffff
core   0: 0x8000105e (0x00008ecd) c.or    a3, a1
core   0: 3 0x8000105e (0x8ecd) x13 0xffffde68
core   0: 0x80001060 (0x01f098b3) sll     a7, ra, t6
core   0: 3 0x80001060 (0x01f098b3) x17 0x00000000
core   0: 0x80001064 (0x0c920493) addi    s1, tp, 201
core   0: 3 0x80001064 (0x0c920493) x 9 0x80013dad
core   0: 0x80001068 (0x0000019c) c.addi4spn a5, sp, 192
core   0: 3 0x80001068 (0x019c) x15 0x000000c0
core   0: 0x8000106a (0x19be4e13) xori    t3, t3, 411
core   0: 3 0x8000106a (0x19be4e13) x28 0x0000019b
core   0: 0x8000106e (0x03c8ceb3) div     t4, a7, t3
core   0: 3 0x8000106e (0x03c8ceb3) x29 0x00000000
core   0: 0x80001072 (0x008afc33) and     s8, s5, s0
core   0: 3 0x80001072 (0x008afc33) x24 0x00000000
core   0: 0x80001076 (0x02bad0b3) divu    ra, s5, a1
core   0: 3 0x80001076 (0x02bad0b3) x 1 0x00000000
core   0: 0x8000107a (0xf140eab7) lui     s5, 0xf140e
core   0: 3 0x8000107a (0xf140eab7) x21 0xf140e000
core   0: 0x8000107e (0xf0f0ce13) xori    t3, ra, -241
core   0: 3 0x8000107e (0xf0f0ce13) x28 0xffffff0f
core   0: 0x80001082 (0x000006a2) c.slli  a3, 8
core   0: 3 0x80001082 (0x06a2) x13 0xffde6800
core   0: 0x80001084 (0x0112d633) srl     a2, t0, a7
core   0: 3 0x80001084 (0x0112d633) x12 0xffffffff
core   0: 0x80001088 (0x02232633) mulhsu  a2, t1, sp
core   0: 3 0x80001088 (0x02232633) x12 0x00000000
core   0: 0x8000108c (0x00008c4d) c.or    s0, a1
core   0: 3 0x8000108c (0x8c4d) x 8 0xffe01fff
core   0: 0x8000108e (0x000040f9) c.li    ra, 30
core   0: 3 0x8000108e (0x40f9) x 1 0x0000001e
core   0: 0x80001090 (0x00000001) c.nop
core   0: 3 0x80001090 (0x0001)
core   0: 0x80001092 (0x000098fd) c.andi  s1, -1
core   0: 3 0x80001092 (0x98fd) x 9 0x80013dad
core   0: 0x80001094 (0x00008385) c.srli  a5, 1
core   0: 3 0x80001094 (0x8385) x15 0x00000060
core   0: 0x80001096 (0x02e041b3) div     gp, zero, a4
core   0: 3 0x80001096 (0x02e041b3) x 3 0x00000000
core   0: 0x8000109a (0x00008d49) c.or    a0, a0
core   0: 3 0x8000109a (0x8d49) x10 0x00010535
core   0: 0x8000109c (0x7765ee37) lui     t3, 0x7765e
core   0: 3 0x8000109c (0x7765ee37) x28 0x7765e000
core   0: 0x800010a0 (0x5b40c693) xori    a3, ra, 1460
core   0: 3 0x800010a0 (0x5b40c693) x13 0x000005aa
core   0: 0x800010a4 (0x36b08b13) addi    s6, ra, 875
core   0: 3 0x800010a4 (0x36b08b13) x22 0x00000389
core   0: 0x800010a8 (0x0320ddb3) divu    s11, ra, s2
core   0: 3 0x800010a8 (0x0320ddb3) x27 0x00000000
core   0: 0x800010ac (0x0333ac33) mulhsu  s8, t2, s3
core   0: 3 0x800010ac (0x0333ac33) x24 0x00000000
core   0: 0x800010b0 (0x01e32d33) slt     s10, t1, t5
core   0: 3 0x800010b0 (0x01e32d33) x26 0x00000001
core   0: 0x800010b4 (0x03420133) mul     sp, tp, s4
core   0: 3 0x800010b4 (0x03420133) x 2 0x3ae60110
core   0: 0x800010b8 (0x40388eb3) sub     t4, a7, gp
core   0: 3 0x800010b8 (0x40388eb3) x29 0x00000000
core   0: 0x800010bc (0x019a4533) xor     a0, s4, s9
core   0: 3 0x800010bc (0x019a4533) x10 0x8000fe64
core   0: 0x800010c0 (0x01e11913) slli    s2, sp, 30
core   0: 3 0x800010c0 (0x01e11913) x18 0x00000000
core   0: 0x800010c4 (0x00008ce1) c.and   s1, s0
core   0: 3 0x800010c4 (0x8ce1) x 9 0x80001dad
core   0: 0x800010c6 (0x00009636) c.add   a2, a3
core   0: 3 0x800010c6 (0x9636) x12 0x000005aa
core   0: 0x800010c8 (0x000081bd) c.srli  a1, 15
core   0: 3 0x800010c8 (0x81bd) x11 0x0001ffc0
core   0: 0x800010ca (0x01ce1e93) slli    t4, t3, 28
core   0: 3 0x800010ca (0x01ce1e93) x29 0x00000000
core   0: 0x800010ce (0x40335fb3) sra     t6, t1, gp
core   0: 3 0x800010ce (0x40335fb3) x31 0x80000000
core   0: 0x800010d2 (0x00008dcd) c.or    a1, a1
core   0: 3 0x800010d2 (0x8dcd) x11 0x0001ffc0
core   0: 0x800010d4 (0x00009aaa) c.add   s5, a0
core   0: 3 0x800010d4 (0x9aaa) x21 0x7141de64
core   0: 0x800010d6 (0x09803d93) sltiu   s11, zero, 152
core   0: 3 0x800010d6 (0x09803d93) x27 0x00000001
core   0: 0x800010da (0x00000636) c.slli  a2, 13
core   0: 3 0x800010da (0x0636) x12 0x00b54000
core   0: 0x800010dc (0x01949113) slli    sp, s1, 25
core   0: 3 0x800010dc (0x01949113) x 2 0x5a000000
core   0: 0x800010e0 (0x031bb533) mulhu   a0, s7, a7
core   0: 3 0x800010e0 (0x031bb533) x10 0x00000000
core   0: 0x800010e4 (0x023652b3) divu    t0, a2, gp
core   0: 3 0x800010e4 (0x023652b3) x 5 0xffffffff
core   0: 0x800010e8 (0x002e6b33) or      s6, t3, sp
core   0: 3 0x800010e8 (0x002e6b33) x22 0x7f65e000
core   0: 0x800010ec (0x00008471) c.srai  s0, 28
core   0: 3 0x800010ec (0x8471) x 8 0xffffffff
core   0: 0x800010ee (0xbc23e117) auipc   sp, 0xbc23e
core   0: 3 0x800010ee (0xbc23e117) x 2 0x3c23f0ee
core   0: 0x800010f2 (0x40a85813) srai    a6, a6, 10
core   0: 3 0x800010f2 (0x40a85813) x16 0xffe2bee2
core   0: 0x800010f6 (0x005f2bb3) slt     s7, t5, t0
core   0: 3 0x800010f6 (0x005f2bb3) x23 0x00000000
core   0: 0x800010fa (0x028309b3) mul     s3, t1, s0
core   0: 3 0x800010fa (0x028309b3) x19 0x80000000
core   0: 0x800010fe (0x7fad3913) sltiu   s2, s10, 2042
core   0: 3 0x800010fe (0x7fad3913) x18 0x00000001
core   0: 0x80001102 (0xb8f0ab13) slti    s6, ra, -1137
core   0: 3 0x80001102 (0xb8f0ab13) x22 0x00000000
core   0: 0x80001106 (0x00008f9d) c.sub   a5, a5
core   0: 3 0x80001106 (0x8f9d) x15 0x00000000
core   0: 0x80001108 (0x0129d633) srl     a2, s3, s2
core   0: 3 0x80001108 (0x0129d633) x12 0x40000000
core   0: 0x8000110c (0xbc0a8c93) addi    s9, s5, -1088
core   0: 3 0x8000110c (0xbc0a8c93) x25 0x7141da24
core   0: 0x80001110 (0x7d56eb13) ori     s6, a3, 2005
core   0: 3 0x80001110 (0x7d56eb13) x22 0x000007ff
core   0: 0x80001114 (0x038271b3) remu    gp, tp, s8
core   0: 3 0x80001114 (0x038271b3) x 3 0x80013ce4
core   0: 0x80001118 (0x031a7b33) remu    s6, s4, a7
core   0: 3 0x80001118 (0x031a7b33) x22 0x8000fe64
core   0: 0x8000111c (0x00005dfd) c.li    s11, -1
core   0: 3 0x8000111c (0x5dfd) x27 0xffffffff
core   0: 0x8000111e (0x00008c09) c.sub   s0, a0
core   0: 3 0x8000111e (0x8c09) x 8 0xffffffff
core   0: 0x80001120 (0x02b06933) rem     s2, zero, a1
core   0: 3 0x80001120 (0x02b06933) x18 0x00000000
core   0: 0x80001124 (0x00008cc5) c.or    s1, s1
core   0: 3 0x80001124 (0x8cc5) x 9 0x80001dad
core   0: 0x80001126 (0x0af93193) sltiu   gp, s2, 175
core   0: 3 0x80001126 (0x0af93193) x 3 0x00000001
core   0: 0x8000112a (0x016a08b3) add     a7, s4, s6
core   0: 3 0x8000112a (0x016a08b3) x17 0x0001fcc8
core   0: 0x8000112e (0x000080c1) c.srli  s1, 16
core   0: 3 0x8000112e (0x80c1) x 9 0x00008000
core   0: 0x80001130 (0x000090ae) c.add   ra, a1
core   0: 3 0x80001130 (0x90ae) x 1 0x0001ffde
core   0: 0x80001132 (0x00008e45) c.or    a2, s1
core   0: 3 0x80001132 (0x8e45) x12 0x40008000
core   0: 0x80001134 (0x2e297837) lui     a6, 0x2e297
core   0: 3 0x80001134 (0x2e297837) x16 0x2e297000
core   0: 0x80001138 (0x0000717d) c.addi16sp sp, -16
core   0: 3 0x80001138 (0x717d) x 2 0x3c23f0de
core   0: 0x8000113a (0x588cce37) lui     t3, 0x588cc
core   0: 3 0x8000113a (0x588cce37) x28 0x588cc000
core   0: 0x8000113e (0x000081f5) c.srli  a1, 29
core   0: 3 0x8000113e (0x81f5) x11 0x00000000
core   0: 0x80001140 (0x02d70093) addi    ra, a4, 45
core   0: 3 0x80001140 (0x02d70093) x 1 0x00000a9f
core   0: 0x80001144 (0x01001e93) slli    t4, zero, 16
core   0: 3 0x80001144 (0x01001e93) x29 0x00000000
core   0: 0x80001148 (0x00008065) c.srli  s0, 25
core   0: 3 0x80001148 (0x8065) x 8 0x0000007f
core   0: 0x8000114a (0x031a5c33) divu    s8, s4, a7
core   0: 3 0x8000114a (0x031a5c33) x24 0x00004068
core   0: 0x8000114e (0x520e6f93) ori     t6, t3, 1312
core   0: 3 0x8000114e (0x520e6f93) x31 0x588cc520
core   0: 0x80001152 (0x03cc11b3) mulh    gp, s8, t3
core   0: 3 0x80001152 (0x03cc11b3) x 3 0x00001647
core   0: 0x80001156 (0x00809eb3) sll     t4, ra, s0
core   0: 3 0x80001156 (0x00809eb3) x29 0x80000000
core   0: 0x8000115a (0x000062f1) c.lui   t0, 0x1c
core   0: 3 0x8000115a (0x62f1) x 5 0x0001c000
core   0: 0x8000115c (0x0000615d) c.addi16sp sp, 432
core   0: 3 0x8000115c (0x615d) x 2 0x3c23f28e
core   0: 0x8000115e (0x005b9693) slli    a3, s7, 5
core   0: 3 0x8000115e (0x005b9693) x13 0x00000000
core   0: 0x80001162 (0x02064c33) div     s8, a2, zero
core   0: 3 0x80001162 (0x02064c33) x24 0xffffffff
core   0: 0x80001166 (0x00008dc1) c.or    a1, s0
core   0: 3 0x80001166 (0x8dc1) x11 0x0000007f
core   0: 0x80001168 (0x0000717d) c.addi16sp sp, -16
core   0: 3 0x80001168 (0x717d) x 2 0x3c23f27e
core   0: 0x8000116a (0x00001bfd) c.addi  s7, -1
core   0: 3 0x8000116a (0x1bfd) x23 0xffffffff
core   0: 0x8000116c (0x01a96bb3) or      s7, s2, s10
core   0: 3 0x8000116c (0x01a96bb3) x23 0x00000001
core   0: 0x80001170 (0x000049b1) c.li    s3, 12
core   0: 3 0x80001170 (0x49b1) x19 0x0000000c
core   0: 0x80001172 (0x00005f7d) c.li    t5, -1
core   0: 3 0x80001172 (0x5f7d) x30 0xffffffff
core   0: 0x80001174 (0x00008e61) c.and   a2, s0
core   0: 3 0x80001174 (0x8e61) x12 0x00000000
core   0: 0x80001176 (0xa6fd3a93) sltiu   s5, s10, -1425
core   0: 3 0x80001176 (0xa6fd3a93) x21 0x00000001
core   0: 0x8000117a (0x08d7cf97) auipc   t6, 0x8d7c
core   0: 3 0x8000117a (0x08d7cf97) x31 0x88d7d17a
core   0: 0x8000117e (0x00991db3) sll     s11, s2, s1
core   0: 3 0x8000117e (0x00991db3) x27 0x00000000
core   0: 0x80001182 (0x000009d6) c.slli  s3, 21
core   0: 3 0x80001182 (0x09d6) x19 0x01800000
core   0: 0x80001184 (0x208c4f13) xori    t5, s8, 520
core   0: 3 0x80001184 (0x208c4f13) x30 0xfffffdf7
core   0: 0x80001188 (0x021b7733) remu    a4, s6, ra
core   0: 3 0x80001188 (0x021b7733) x14 0x000003ea
core   0: 0x8000118c (0x00008df5) c.and   a1, a3
core   0: 3 0x8000118c (0x8df5) x11 0x00000000
core   0: 0x8000118e (0x0118c2b3) xor     t0, a7, a7
core   0: 3 0x8000118e (0x0118c2b3) x 5 0x00000000
core   0: 0x80001192 (0x413f5393) srai    t2, t5, 19
core   0: 3 0x80001192 (0x413f5393) x 7 0xffffffff
core   0: 0x80001196 (0x00001380) c.addi4spn s0, sp, 480
core   0: 3 0x80001196 (0x1380) x 8 0x3c23f45e
core   0: 0x80001198 (0x02e651b3) divu    gp, a2, a4
core   0: 3 0x80001198 (0x02e651b3) x 3 0x00000000
core   0: 0x8000119c (0x02e479b3) remu    s3, s0, a4
core   0: 3 0x8000119c (0x02e479b3) x19 0x00000148
core   0: 0x800011a0 (0x000083fd) c.srli  a5, 31
core   0: 3 0x800011a0 (0x83fd) x15 0x00000000
core   0: 0x800011a2 (0x003ea513) slti    a0, t4, 3
core   0: 3 0x800011a2 (0x003ea513) x10 0x00000001
core   0: 0x800011a6 (0x015e61b3) or      gp, t3, s5
core   0: 3 0x800011a6 (0x015e61b3) x 3 0x588cc001
core   0: 0x800011aa (0x03532133) mulhsu  sp, t1, s5
core   0: 3 0x800011aa (0x03532133) x 2 0xffffffff
core   0: 0x800011ae (0x033775b3) remu    a1, a4, s3
core   0: 3 0x800011ae (0x033775b3) x11 0x00000012
core   0: 0x800011b2 (0x000006bd) c.addi  a3, 15
core   0: 3 0x800011b2 (0x06bd) x13 0x0000000f
core   0: 0x800011b4 (0x017c8e33) add     t3, s9, s7
core   0: 3 0x800011b4 (0x017c8e33) x28 0x7141da25
core   0: 0x800011b8 (0xa9943593) sltiu   a1, s0, -1383
core   0: 3 0x800011b8 (0xa9943593) x11 0x00000001
core   0: 0x800011bc (0x00008d59) c.or    a0, a4
core   0: 3 0x800011bc (0x8d59) x10 0x000003eb
core   0: 0x800011be (0x00006965) c.lui   s2, 0x19
core   0: 3 0x800011be (0x6965) x18 0x00019000
core   0: 0x800011c0 (0x0000147d) c.addi  s0, -1
core   0: 3 0x800011c0 (0x147d) x 8 0x3c23f45d
core   0: 0x800011c2 (0x01901813) slli    a6, zero, 25
core   0: 3 0x800011c2 (0x01901813) x16 0x00000000
core   0: 0x800011c6 (0x02f02933) mulhsu  s2, zero, a5
core   0: 3 0x800011c6 (0x02f02933) x18 0x00000000
core   0: 0x800011ca (0x01974533) xor     a0, a4, s9
core   0: 3 0x800011ca (0x01974533) x10 0x7141d9ce
core   0: 0x800011ce (0x002303b3) add     t2, t1, sp
core   0: 3 0x800011ce (0x002303b3) x 7 0x7fffffff
core   0: 0x800011d2 (0x00000e69) c.addi  t3, 26
core   0: 3 0x800011d2 (0x0e69) x28 0x7141da3f
core   0: 0x800011d4 (0x001ddb33) srl     s6, s11, ra
core   0: 3 0x800011d4 (0x001ddb33) x22 0x00000000
core   0: 0x800011d8 (0x01434ab3) xor     s5, t1, s4
core   0: 3 0x800011d8 (0x01434ab3) x21 0x0000fe64
core   0: 0x800011dc (0x00008c85) c.sub   s1, s1
core   0: 3 0x800011dc (0x8c85) x 9 0x00000000
core   0: 0x800011de (0x0000039e) c.slli  t2, 7
core   0: 3 0x800011de (0x039e) x 7 0xffffff80
core   0: 0x800011e0 (0x00008d19) c.sub   a0, a4
core   0: 3 0x800011e0 (0x8d19) x10 0x7141d5e4
core   0: 0x800011e2 (0x0000717d) c.addi16sp sp, -16
core   0: 3 0x800011e2 (0x717d) x 2 0xffffffef
core   0: 0x800011e4 (0x00000001) c.nop
core   0: 3 0x800011e4 (0x0001)
core   0: 0x800011e6 (0x03883133) mulhu   sp, a6, s8
core   0: 3 0x800011e6 (0x03883133) x 2 0x00000000
core   0: 0x800011ea (0x00008f99) c.sub   a5, a4
core   0: 3 0x800011ea (0x8f99) x15 0xfffffc16
core   0: 0x800011ec (0x00008b2e) c.mv    s6, a1
core   0: 3 0x800011ec (0x8b2e) x22 0x00000001
core   0: 0x800011ee (0x02e40ab3) mul     s5, s0, a4
core   0: 3 0x800011ee (0x02e40ab3) x21 0x64ba7402
core   0: 0x800011f2 (0x007b5813) srli    a6, s6, 7
core   0: 3 0x800011f2 (0x007b5813) x16 0x00000000
core   0: 0x800011f6 (0x00006111) c.addi16sp sp, 256
core   0: 3 0x800011f6 (0x6111) x 2 0x00000100
core   0: 0x800011f8 (0x0351a633) mulhsu  a2, gp, s5
core   0: 3 0x800011f8 (0x0351a633) x12 0x22d77964
core   0: 0x800011fc (0x00009b7d) c.andi  a4, -1
core   0: 3 0x800011fc (0x9b7d) x14 0x000003ea
core   0: 0x800011fe (0x401705b3) sub     a1, a4, ra
core   0: 3 0x800011fe (0x401705b3) x11 0xfffff94b
core   0: 0x80001202 (0x00effcb3) and     s9, t6, a4
core   0: 3 0x80001202 (0x00effcb3) x25 0x0000016a
core   0: 0x80001206 (0x00dc3433) sltu    s0, s8, a3
core   0: 3 0x80001206 (0x00dc3433) x 8 0x00000000
core   0: 0x8000120a (0x000007f1) c.addi  a5, 28
core   0: 3 0x8000120a (0x07f1) x15 0xfffffc32
core   0: 0x8000120c (0x7d764d37) lui     s10, 0x7d764
core   0: 3 0x8000120c (0x7d764d37) x26 0x7d764000
core   0: 0x80001210 (0x038452b3) divu    t0, s0, s8
core   0: 3 0x80001210 (0x038452b3) x 5 0x00000000
core   0: 0x80001214 (0x016902b3) add     t0, s2, s6
core   0: 3 0x80001214 (0x016902b3) x 5 0x00000001
core   0: 0x80001218 (0x00006871) c.lui   a6, 0x1c
core   0: 3 0x80001218 (0x6871) x16 0x0001c000
core   0: 0x8000121a (0x013dcd93) xori    s11, s11, 19
core   0: 3 0x8000121a (0x013dcd93) x27 0x00000013
core   0: 0x8000121e (0x8e20c513) xori    a0, ra, -1822
core   0: 3 0x8000121e (0x8e20c513) x10 0xfffff27d
core   0: 0x80001222 (0x01485db3) srl     s11, a6, s4
core   0: 3 0x80001222 (0x01485db3) x27 0x00001c00
core   0: 0x80001226 (0x00008739) c.srai  a4, 14
core   0: 3 0x80001226 (0x8739) x14 0x00000000
core   0: 0x80001228 (0x00008f0d) c.sub   a4, a1
core   0: 3 0x80001228 (0x8f0d) x14 0x000006b5
core   0: 0x8000122a (0x00008899) c.andi  s1, 6
core   0: 3 0x8000122a (0x8899) x 9 0x00000000
core   0: 0x8000122c (0x0000960e) c.add   a2, gp
core   0: 3 0x8000122c (0x960e) x12 0x7b643965
core   0: 0x8000122e (0x00006519) c.lui   a0, 0x6
core   0: 3 0x8000122e (0x6519) x10 0x00006000
core   0: 0x80001230 (0x00006391) c.lui   t2, 0x4
core   0: 3 0x80001230 (0x6391) x 7 0x00004000
core   0: 0x80001232 (0x00008f0a) c.mv    t5, sp
core   0: 3 0x80001232 (0x8f0a) x30 0x00000100
core   0: 0x80001234 (0xfc58ce13) xori    t3, a7, -59
core   0: 3 0x80001234 (0xfc58ce13) x28 0xfffe030d
core   0: 0x80001238 (0x0179d613) srli    a2, s3, 23
core   0: 3 0x80001238 (0x0179d613) x12 0x00000000
core   0: 0x8000123c (0xbc8e2c13) slti    s8, t3, -1080
core   0: 3 0x8000123c (0xbc8e2c13) x24 0x00000001
core   0: 0x80001240 (0x012c1a93) slli    s5, s8, 18
core   0: 3 0x80001240 (0x012c1a93) x21 0x00040000
core   0: 0x80001244 (0x00000d1e) c.slli  s10, 7
core   0: 3 0x80001244 (0x0d1e) x26 0xbb200000
core   0: 0x80001246 (0x000082ca) c.mv    t0, s2
core   0: 3 0x80001246 (0x82ca) x 5 0x00000000
core   0: 0x80001248 (0x0055a033) slt     zero, a1, t0
core   0: 3 0x80001248 (0x0055a033)
core   0: 0x8000124c (0x03595033) divu    zero, s2, s5
core   0: 3 0x8000124c (0x03595033)
core   0: 0x80001250 (0x409707b3) sub     a5, a4, s1
core   0: 3 0x80001250 (0x409707b3) x15 0x000006b5
core   0: 0x80001254 (0x002d56b3) srl     a3, s10, sp
core   0: 3 0x80001254 (0x002d56b3) x13 0xbb200000
core   0: 0x80001258 (0x02a4ef33) rem     t5, s1, a0
core   0: 3 0x80001258 (0x02a4ef33) x30 0x00000000
core   0: 0x8000125c (0x419b02b3) sub     t0, s6, s9
core   0: 3 0x8000125c (0x419b02b3) x 5 0xfffffe97
core   0: 0x80001260 (0x9419eb13) ori     s6, s3, -1727
core   0: 3 0x80001260 (0x9419eb13) x22 0xfffff949
core   0: 0x80001264 (0x4b212293) slti    t0, sp, 1202
core   0: 3 0x80001264 (0x4b212293) x 5 0x00000001
core   0: 0x80001268 (0x01d5b6b3) sltu    a3, a1, t4
core   0: 3 0x80001268 (0x01d5b6b3) x13 0x00000000
core   0: 0x8000126c (0x00008f49) c.or    a4, a0
core   0: 3 0x8000126c (0x8f49) x14 0x000066b5
core   0: 0x8000126e (0x0359f633) remu    a2, s3, s5
core   0: 3 0x8000126e (0x0359f633) x12 0x00000148
core   0: 0x80001272 (0x0111d2b3) srl     t0, gp, a7
core   0: 3 0x80001272 (0x0111d2b3) x 5 0x00588cc0
core   0: 0x80001276 (0x000081b1) c.srli  a1, 12
core   0: 3 0x80001276 (0x81b1) x11 0x000fffff
core   0: 0x80001278 (0x00008441) c.srai  s0, 16
core   0: 3 0x80001278 (0x8441) x 8 0x00000000
core   0: 0x8000127a (0x03b6cc93) xori    s9, a3, 59
core   0: 3 0x8000127a (0x03b6cc93) x25 0x0000003b
core   0: 0x8000127e (0x00431733) sll     a4, t1, tp
core   0: 3 0x8000127e (0x00431733) x14 0x00000000
core   0: 0x80001282 (0x011670b3) and     ra, a2, a7
core   0: 3 0x80001282 (0x011670b3) x 1 0x00000048
core   0: 0x80001286 (0x0000611d) c.addi16sp sp, 416
core   0: 3 0x80001286 (0x611d) x 2 0x000002a0
core   0: 0x80001288 (0x00005ffd) c.li    t6, -1
core   0: 3 0x80001288 (0x5ffd) x31 0xffffffff
core   0: 0x8000128a (0x00266633) or      a2, a2, sp
core   0: 3 0x8000128a (0x00266633) x12 0x000003e8
core   0: 0x8000128e (0x01cd74b3) and     s1, s10, t3
core   0: 3 0x8000128e (0x01cd74b3) x 9 0xbb200000
core   0: 0x80001292 (0x5cedce13) xori    t3, s11, 1486
core   0: 3 0x80001292 (0x5cedce13) x28 0x000019ce
core   0: 0x80001296 (0x00001018) c.addi4spn a4, sp, 32
core   0: 3 0x80001296 (0x1018) x14 0x000002c0
core   0: 0x80001298 (0x03e6e633) rem     a2, a3, t5
core   0: 3 0x80001298 (0x03e6e633) x12 0x00000000
core   0: 0x8000129c (0x0fd07497) auipc   s1, 0xfd07
core   0: 3 0x8000129c (0x0fd07497) x 9 0x8fd0829c
core   0: 0x800012a0 (0x00006151) c.addi16sp sp, 272
core   0: 3 0x800012a0 (0x6151) x 2 0x000003b0
core   0: 0x800012a2 (0x00000001) c.nop
core   0: 3 0x800012a2 (0x0001)
core   0: 0x800012a4 (0x02423ab3) mulhu   s5, tp, tp
core   0: 3 0x800012a4 (0x02423ab3) x21 0x40013ce5
core   0: 0x800012a8 (0x03de4e33) div     t3, t3, t4
core   0: 3 0x800012a8 (0x03de4e33) x28 0x00000000
core   0: 0x800012ac (0x03082f33) mulhsu  t5, a6, a6
core   0: 3 0x800012ac (0x03082f33) x30 0x00000003
core   0: 0x800012b0 (0x01291bb3) sll     s7, s2, s2
core   0: 3 0x800012b0 (0x01291bb3) x23 0x00000000
core   0: 0x800012b4 (0x40c75a93) srai    s5, a4, 12
core   0: 3 0x800012b4 (0x40c75a93) x21 0x00000000
core   0: 0x800012b8 (0x00008ec1) c.or    a3, s0
core   0: 3 0x800012b8 (0x8ec1) x13 0x00000000
core   0: 0x800012ba (0x005b38b3) sltu    a7, s6, t0
core   0: 3 0x800012ba (0x005b38b3) x17 0x00000000
core   0: 0x800012be (0x40005293) srai    t0, zero, 0
core   0: 3 0x800012be (0x40005293) x 5 0x00000000
core   0: 0x800012c2 (0x00dfe033) or      zero, t6, a3
core   0: 3 0x800012c2 (0x00dfe033)
core   0: 0x800012c6 (0xcc343293) sltiu   t0, s0, -829
core   0: 3 0x800012c6 (0xcc343293) x 5 0x00000001
core   0: 0x800012ca (0x03c04b33) div     s6, zero, t3
core   0: 3 0x800012ca (0x03c04b33) x22 0xffffffff
core   0: 0x800012ce (0x008f4fb3) xor     t6, t5, s0
core   0: 3 0x800012ce (0x008f4fb3) x31 0x00000003
core   0: 0x800012d2 (0x0000131c) c.addi4spn a5, sp, 416
core   0: 3 0x800012d2 (0x131c) x15 0x00000550
core   0: 0x800012d4 (0x40355993) srai    s3, a0, 3
core   0: 3 0x800012d4 (0x40355993) x19 0x00000c00
core   0: 0x800012d8 (0x0364b4b3) mulhu   s1, s1, s6
core   0: 3 0x800012d8 (0x0364b4b3) x 9 0x8fd0829b
core   0: 0x800012dc (0x561a4b13) xori    s6, s4, 1377
core   0: 3 0x800012dc (0x561a4b13) x22 0x8000fb05
core   0: 0x800012e0 (0x3f244e13) xori    t3, s0, 1010
core   0: 3 0x800012e0 (0x3f244e13) x28 0x000003f2
core   0: 0x800012e4 (0x8397ce93) xori    t4, a5, -1991
core   0: 3 0x800012e4 (0x8397ce93) x29 0xfffffd69
core   0: 0x800012e8 (0x000003a9) c.addi  t2, 10
core   0: 3 0x800012e8 (0x03a9) x 7 0x0000400a
core   0: 0x800012ea (0x03041eb3) mulh    t4, s0, a6
core   0: 3 0x800012ea (0x03041eb3) x29 0x00000000
core   0: 0x800012ee (0x00eab8b3) sltu    a7, s5, a4
core   0: 3 0x800012ee (0x00eab8b3) x17 0x00000001
core   0: 0x800012f2 (0x03e6e0b3) rem     ra, a3, t5
core   0: 3 0x800012f2 (0x03e6e0b3) x 1 0x00000000
core   0: 0x800012f6 (0x00005c7d) c.li    s8, -1
core   0: 3 0x800012f6 (0x5c7d) x24 0xffffffff
core   0: 0x800012f8 (0x000082ad) c.srli  a3, 11
core   0: 3 0x800012f8 (0x82ad) x13 0x00000000
core   0: 0x800012fa (0x00008c31) c.xor   s0, a2
core   0: 3 0x800012fa (0x8c31) x 8 0x00000000
core   0: 0x800012fc (0x0194e733) or      a4, s1, s9
core   0: 3 0x800012fc (0x0194e733) x14 0x8fd082bb
core   0: 0x80001300 (0x01175eb3) srl     t4, a4, a7
core   0: 3 0x80001300 (0x01175eb3) x29 0x47e8415d
core   0: 0x80001304 (0xbda5ac17) auipc   s8, 0xbda5a
core   0: 3 0x80001304 (0xbda5ac17) x24 0x3da5b304
core   0: 0x80001308 (0x000087f9) c.srai  a5, 30
core   0: 3 0x80001308 (0x87f9) x15 0x00000000
core   0: 0x8000130a (0x02b97d33) remu    s10, s2, a1
core   0: 3 0x8000130a (0x02b97d33) x26 0x00000000
core   0: 0x8000130e (0x03afe833) rem     a6, t6, s10
core   0: 3 0x8000130e (0x03afe833) x16 0x00000003
core   0: 0x80001312 (0x67907593) andi    a1, zero, 1657
core   0: 3 0x80001312 (0x67907593) x11 0x00000000
core   0: 0x80001316 (0x40bfdc13) srai    s8, t6, 11
core   0: 3 0x80001316 (0x40bfdc13) x24 0x00000000
core   0: 0x8000131a (0x00009b7d) c.andi  a4, -1
core   0: 3 0x8000131a (0x9b7d) x14 0x8fd082bb
core   0: 0x8000131c (0x7cce6c13) ori     s8, t3, 1996
core   0: 3 0x8000131c (0x7cce6c13) x24 0x000007fe
core   0: 0x80001320 (0x0000948e) c.add   s1, gp
core   0: 3 0x80001320 (0x948e) x 9 0xe85d429c
core   0: 0x80001322 (0x00008fb9) c.xor   a5, a4
core   0: 3 0x80001322 (0x8fb9) x15 0x8fd082bb
core   0: 0x80001324 (0x01cd16b3) sll     a3, s10, t3
core   0: 3 0x80001324 (0x01cd16b3) x13 0x00000000
core   0: 0x80001328 (0x00dd1913) slli    s2, s10, 13
core   0: 3 0x80001328 (0x00dd1913) x18 0x00000000
core   0: 0x8000132c (0x00008561) c.srai  a0, 24
core   0: 3 0x8000132c (0x8561) x10 0x00000000
core   0: 0x8000132e (0x658723b7) lui     t2, 0x65872
core   0: 3 0x8000132e (0x658723b7) x 7 0x65872000
core   0: 0x80001332 (0x00006119) c.addi16sp sp, 384
core   0: 3 0x80001332 (0x6119) x 2 0x00000530
core   0: 0x80001334 (0x02457833) remu    a6, a0, tp
core   0: 3 0x80001334 (0x02457833) x16 0x00000000
core   0: 0x80001338 (0x0000717d) c.addi16sp sp, -16
core   0: 3 0x80001338 (0x717d) x 2 0x00000520
core   0: 0x8000133a (0x0177f9b3) and     s3, a5, s7
core   0: 3 0x8000133a (0x0177f9b3) x19 0x00000000
core   0: 0x8000133e (0x0000717d) c.addi16sp sp, -16
core   0: 3 0x8000133e (0x717d) x 2 0x00000510
core   0: 0x80001340 (0x019b9813) slli    a6, s7, 25
core   0: 3 0x80001340 (0x019b9813) x16 0x00000000
core   0: 0x80001344 (0x000087e1) c.srai  a5, 24
core   0: 3 0x80001344 (0x87e1) x15 0xffffff8f
core   0: 0x80001346 (0x2bad04b7) lui     s1, 0x2bad0
core   0: 3 0x80001346 (0x2bad04b7) x 9 0x2bad0000
core   0: 0x8000134a (0x00008575) c.srai  a0, 29
core   0: 3 0x8000134a (0x8575) x10 0x00000000
core   0: 0x8000134c (0x0000869d) c.srai  a3, 7
core   0: 3 0x8000134c (0x869d) x13 0x00000000
core   0: 0x8000134e (0x00655033) srl     zero, a0, t1
core   0: 3 0x8000134e (0x00655033)
core   0: 0x80001352 (0x03c45133) divu    sp, s0, t3
core   0: 3 0x80001352 (0x03c45133) x 2 0x00000000
core   0: 0x80001356 (0x00632f33) slt     t5, t1, t1
core   0: 3 0x80001356 (0x00632f33) x30 0x00000000
core   0: 0x8000135a (0x000098be) c.add   a7, a5
core   0: 3 0x8000135a (0x98be) x17 0xffffff90
core   0: 0x8000135c (0x8830c593) xori    a1, ra, -1917
core   0: 3 0x8000135c (0x8830c593) x11 0xfffff883
core   0: 0x80001360 (0x00008ce1) c.and   s1, s0
core   0: 3 0x80001360 (0x8ce1) x 9 0x00000000
core   0: 0x80001362 (0x00008259) c.srli  a2, 22
core   0: 3 0x80001362 (0x8259) x12 0x00000000
core   0: 0x80001364 (0x023f1f33) mulh    t5, t5, gp
core   0: 3 0x80001364 (0x023f1f33) x30 0x00000000
core   0: 0x80001368 (0x000069f1) c.lui   s3, 0x1c
core   0: 3 0x80001368 (0x69f1) x19 0x0001c000
core   0: 0x8000136a (0x020b0b33) mul     s6, s6, zero
core   0: 3 0x8000136a (0x020b0b33) x22 0x00000000
core   0: 0x8000136e (0xedca2093) slti    ra, s4, -292
core   0: 3 0x8000136e (0xedca2093) x 1 0x00000001
core   0: 0x80001372 (0x02ee33b3) mulhu   t2, t3, a4
core   0: 3 0x80001372 (0x02ee33b3) x 7 0x00000237
core   0: 0x80001376 (0x030180b3) mul     ra, gp, a6
core   0: 3 0x80001376 (0x030180b3) x 1 0x00000000
core   0: 0x8000137a (0x00008cc5) c.or    s1, s1
core   0: 3 0x8000137a (0x8cc5) x 9 0x00000000
core   0: 0x8000137c (0x00099d33) sll     s10, s3, zero
core   0: 3 0x8000137c (0x00099d33) x26 0x0001c000
core   0: 0x80001380 (0x01dc6d33) or      s10, s8, t4
core   0: 3 0x80001380 (0x01dc6d33) x26 0x47e847ff
core   0: 0x80001384 (0x00008831) c.andi  s0, 12
core   0: 3 0x80001384 (0x8831) x 8 0x00000000
core   0: 0x80001386 (0x005d61b3) or      gp, s10, t0
core   0: 3 0x80001386 (0x005d61b3) x 3 0x47e847ff
core   0: 0x8000138a (0x000091be) c.add   gp, a5
core   0: 3 0x8000138a (0x91be) x 3 0x47e8478e
core   0: 0x8000138c (0x409a8c33) sub     s8, s5, s1
core   0: 3 0x8000138c (0x409a8c33) x24 0x00000000
core   0: 0x80001390 (0x000043c1) c.li    t2, 16
core   0: 3 0x80001390 (0x43c1) x 7 0x00000010
core   0: 0x80001392 (0x0000867d) c.srai  a2, 31
core   0: 3 0x80001392 (0x867d) x12 0x00000000
core   0: 0x80001394 (0x00f57433) and     s0, a0, a5
core   0: 3 0x80001394 (0x00f57433) x 8 0x00000000
core   0: 0x80001398 (0x00000e46) c.slli  t3, 17
core   0: 3 0x80001398 (0x0e46) x28 0x07e40000
core   0: 0x8000139a (0x00000bbe) c.slli  s7, 15
core   0: 3 0x8000139a (0x0bbe) x23 0x00000000
core   0: 0x8000139c (0x03584833) div     a6, a6, s5
core   0: 3 0x8000139c (0x03584833) x16 0xffffffff
core   0: 0x800013a0 (0x00000cea) c.slli  s9, 26
core   0: 3 0x800013a0 (0x0cea) x25 0xec000000
core   0: 0x800013a2 (0x00056633) or      a2, a0, zero
core   0: 3 0x800013a2 (0x00056633) x12 0x00000000
core   0: 0x800013a6 (0x03327633) remu    a2, tp, s3
core   0: 3 0x800013a6 (0x03327633) x12 0x00007ce4
core   0: 0x800013aa (0x007bdf93) srli    t6, s7, 7
core   0: 3 0x800013aa (0x007bdf93) x31 0x00000000
core   0: 0x800013ae (0x0000717d) c.addi16sp sp, -16
core   0: 3 0x800013ae (0x717d) x 2 0xfffffff0
core   0: 0x800013b0 (0x03411533) mulh    a0, sp, s4
core   0: 3 0x800013b0 (0x03411533) x10 0x00000007
core   0: 0x800013b4 (0x10cc2b17) auipc   s6, 0x10cc2
core   0: 3 0x800013b4 (0x10cc2b17) x22 0x90cc33b4
core   0: 0x800013b8 (0x033e35b3) mulhu   a1, t3, s3
core   0: 3 0x800013b8 (0x033e35b3) x11 0x00000dcf
core   0: 0x800013bc (0x00006cb1) c.lui   s9, 0xc
core   0: 3 0x800013bc (0x6cb1) x25 0x0000c000
core   0: 0x800013be (0xaddea693) slti    a3, t4, -1315
core   0: 3 0x800013be (0xaddea693) x13 0x00000000
core   0: 0x800013c2 (0x01d4c3b3) xor     t2, s1, t4
core   0: 3 0x800013c2 (0x01d4c3b3) x 7 0x47e8415d
core   0: 0x800013c6 (0x000066e5) c.lui   a3, 0x19
core   0: 3 0x800013c6 (0x66e5) x13 0x00019000
core   0: 0x800013c8 (0x00000001) c.nop
core   0: 3 0x800013c8 (0x0001)
core   0: 0x800013ca (0x00bd9f33) sll     t5, s11, a1
core   0: 3 0x800013ca (0x00bd9f33) x30 0x0e000000
core   0: 0x800013ce (0x02563533) mulhu   a0, a2, t0
core   0: 3 0x800013ce (0x02563533) x10 0x00000000
core   0: 0x800013d2 (0x00aa2933) slt     s2, s4, a0
core   0: 3 0x800013d2 (0x00aa2933) x18 0x00000001
core   0: 0x800013d6 (0x41d9c913) xori    s2, s3, 1053
core   0: 3 0x800013d6 (0x41d9c913) x18 0x0001c41d
core   0: 0x800013da (0x01663c33) sltu    s8, a2, s6
core   0: 3 0x800013da (0x01663c33) x24 0x00000001
core   0: 0x800013de (0x0000611d) c.addi16sp sp, 416
core   0: 3 0x800013de (0x611d) x 2 0x00000190
core   0: 0x800013e0 (0x02ea88b3) mul     a7, s5, a4
core   0: 3 0x800013e0 (0x02ea88b3) x17 0x00000000
core   0: 0x800013e4 (0x00008d3d) c.xor   a0, a5
core   0: 3 0x800013e4 (0x8d3d) x10 0xffffff8f
core   0: 0x800013e6 (0x01fcdd93) srli    s11, s9, 31
core   0: 3 0x800013e6 (0x01fcdd93) x27 0x00000000
core   0: 0x800013ea (0x00009afd) c.andi  a3, -1
core   0: 3 0x800013ea (0x9afd) x13 0x00019000
core   0: 0x800013ec (0x0000717d) c.addi16sp sp, -16
core   0: 3 0x800013ec (0x717d) x 2 0x00000180
core   0: 0x800013ee (0x000091fa) c.add   gp, t5
core   0: 3 0x800013ee (0x91fa) x 3 0x55e8478e
core   0: 0x800013f0 (0x00008c09) c.sub   s0, a0
core   0: 3 0x800013f0 (0x8c09) x 8 0x00000071
core   0: 0x800013f2 (0x00ee6e33) or      t3, t3, a4
core   0: 3 0x800013f2 (0x00ee6e33) x28 0x8ff482bb
core   0: 0x800013f6 (0x00008f89) c.sub   a5, a0
core   0: 3 0x800013f6 (0x8f89) x15 0x00000000
core   0: 0x800013f8 (0x022c21b3) mulhsu  gp, s8, sp
core   0: 3 0x800013f8 (0x022c21b3) x 3 0x00000000
core   0: 0x800013fc (0x0392fe33) remu    t3, t0, s9
core   0: 3 0x800013fc (0x0392fe33) x28 0x00000001
core   0: 0x80001400 (0x00005efd) c.li    t4, -1
core   0: 3 0x80001400 (0x5efd) x29 0xffffffff
core   0: 0x80001402 (0xce1e8d93) addi    s11, t4, -799
core   0: 3 0x80001402 (0xce1e8d93) x27 0xfffffce0
core   0: 0x80001406 (0x416bd393) srai    t2, s7, 22
core   0: 3 0x80001406 (0x416bd393) x 7 0x00000000
core   0: 0x8000140a (0x40c40d33) sub     s10, s0, a2
core   0: 3 0x8000140a (0x40c40d33) x26 0xffff838d
core   0: 0x8000140e (0x0000038c) c.addi4spn a1, sp, 448
core   0: 3 0x8000140e (0x038c) x11 0x00000340
core   0: 0x80001410 (0x6da88093) addi    ra, a7, 1754
core   0: 3 0x80001410 (0x6da88093) x 1 0x000006da
core   0: 0x80001414 (0x00008855) c.andi  s0, 21
core   0: 3 0x80001414 (0x8855) x 8 0x00000011
core   0: 0x80001416 (0xdb118013) addi    zero, gp, -591
core   0: 3 0x80001416 (0xdb118013)
core   0: 0x8000141a (0x00000080) c.addi4spn s0, sp, 64
core   0: 3 0x8000141a (0x0080) x 8 0x000001c0
core   0: 0x8000141c (0x274d4b13) xori    s6, s10, 628
core   0: 3 0x8000141c (0x274d4b13) x22 0xffff81f9
core   0: 0x80001420 (0xfd36f593) andi    a1, a3, -45
core   0: 3 0x80001420 (0xfd36f593) x11 0x00019000
core   0: 0x80001424 (0x03e08f33) mul     t5, ra, t5
core   0: 3 0x80001424 (0x03e08f33) x30 0xec000000
core   0: 0x80001428 (0x02ddfe33) remu    t3, s11, a3
core   0: 3 0x80001428 (0x02ddfe33) x28 0x00000ce0
core   0: 0x8000142c (0xff084293) xori    t0, a6, -16
core   0: 3 0x8000142c (0xff084293) x 5 0x0000000f
core   0: 0x80001430 (0x00000835) c.addi  a6, 13
core   0: 3 0x80001430 (0x0835) x16 0x0000000c
core   0: 0x80001432 (0x01a65cb3) srl     s9, a2, s10
core   0: 3 0x80001432 (0x01a65cb3) x25 0x00000003
core   0: 0x80001436 (0xbbde8f93) addi    t6, t4, -1091
core   0: 3 0x80001436 (0xbbde8f93) x31 0xfffffbbc
core   0: 0x8000143a (0x03e8c733) div     a4, a7, t5
core   0: 3 0x8000143a (0x03e8c733) x14 0x00000000
core   0: 0x8000143e (0x0000157d) c.addi  a0, -1
core   0: 3 0x8000143e (0x157d) x10 0xffffff8e
core   0: 0x80001440 (0x01b50e33) add     t3, a0, s11
core   0: 3 0x80001440 (0x01b50e33) x28 0xfffffc6e
core   0: 0x80001444 (0x00bedbb3) srl     s7, t4, a1
core   0: 3 0x80001444 (0x00bedbb3) x23 0xffffffff
core   0: 0x80001448 (0x00005c7d) c.li    s8, -1
core   0: 3 0x80001448 (0x5c7d) x24 0xffffffff
core   0: 0x8000144a (0xe28ce393) ori     t2, s9, -472
core   0: 3 0x8000144a (0xe28ce393) x 7 0xfffffe2b
core   0: 0x8000144e (0x00008f11) c.sub   a4, a2
core   0: 3 0x8000144e (0x8f11) x14 0xffff831c
core   0: 0x80001450 (0x03d93033) mulhu   zero, s2, t4
core   0: 3 0x80001450 (0x03d93033)
core   0: 0x80001454 (0x00000001) c.nop
core   0: 3 0x80001454 (0x0001)
core   0: 0x80001456 (0x00978f33) add     t5, a5, s1
core   0: 3 0x80001456 (0x00978f33) x30 0x00000000
core   0: 0x8000145a (0x36d44593) xori    a1, s0, 877
core   0: 3 0x8000145a (0x36d44593) x11 0x000002ad
core   0: 0x8000145e (0x00000eca) c.slli  t4, 18
core   0: 3 0x8000145e (0x0eca) x29 0xfffc0000
core   0: 0x80001460 (0x00000001) c.nop
core   0: 3 0x80001460 (0x0001)
core   0: 0x80001462 (0x020b9933) mulh    s2, s7, zero
core   0: 3 0x80001462 (0x020b9933) x18 0x00000000
core   0: 0x80001466 (0x00006145) c.addi16sp sp, 48
core   0: 3 0x80001466 (0x6145) x 2 0x000001b0
core   0: 0x80001468 (0x00001c9c) c.addi4spn a5, sp, 624
core   0: 3 0x80001468 (0x1c9c) x15 0x00000420
core   0: 0x8000146a (0x00006469) c.lui   s0, 0x1a
core   0: 3 0x8000146a (0x6469) x 8 0x0001a000
core   0: 0x8000146c (0x00008da9) c.xor   a1, a0
core   0: 3 0x8000146c (0x8da9) x11 0xfffffd23
core   0: 0x8000146e (0x00006151) c.addi16sp sp, 272
core   0: 3 0x8000146e (0x6151) x 2 0x000002c0
core   0: 0x80001470 (0x1334a817) auipc   a6, 0x1334a
core   0: 3 0x80001470 (0x1334a817) x16 0x9334b470
core   0: 0x80001474 (0x00000a08) c.addi4spn a0, sp, 272
core   0: 3 0x80001474 (0x0a08) x10 0x000003d0
core   0: 0x80001476 (0x00006549) c.lui   a0, 0x12
core   0: 3 0x80001476 (0x6549) x10 0x00012000
core   0: 0x80001478 (0x00008f89) c.sub   a5, a0
core   0: 3 0x80001478 (0x8f89) x15 0xfffee420
core   0: 0x8000147a (0x01805133) srl     sp, zero, s8
core   0: 3 0x8000147a (0x01805133) x 2 0x00000000
core   0: 0x8000147e (0x40e35393) srai    t2, t1, 14
core   0: 3 0x8000147e (0x40e35393) x 7 0xfffe0000
core   0: 0x80001482 (0x00df7c33) and     s8, t5, a3
core   0: 3 0x80001482 (0x00df7c33) x24 0x00000000
core   0: 0x80001486 (0x00008dd1) c.or    a1, a2
core   0: 3 0x80001486 (0x8dd1) x11 0xfffffde7
core   0: 0x80001488 (0xbb85ff93) andi    t6, a1, -1096
core   0: 3 0x80001488 (0xbb85ff93) x31 0xfffff9a0
core   0: 0x8000148c (0x0083db33) srl     s6, t2, s0
core   0: 3 0x8000148c (0x0083db33) x22 0xfffe0000
core   0: 0x80001490 (0x00008615) c.srai  a2, 5
core   0: 3 0x80001490 (0x8615) x12 0x000003e7
core   0: 0x80001492 (0x024e6833) rem     a6, t3, tp
core   0: 3 0x80001492 (0x024e6833) x16 0xfffffc6e
core   0: 0x80001496 (0x01224433) xor     s0, tp, s2
core   0: 3 0x80001496 (0x01224433) x 8 0x80013ce4
core   0: 0x8000149a (0x0273bd33) mulhu   s10, t2, t2
core   0: 3 0x8000149a (0x0273bd33) x26 0xfffc0004
core   0: 0x8000149e (0x00008d01) c.sub   a0, s0
core   0: 3 0x8000149e (0x8d01) x10 0x7fffe31c
core   0: 0x800014a0 (0x00216d33) or      s10, sp, sp
core   0: 3 0x800014a0 (0x00216d33) x26 0x00000000
core   0: 0x800014a4 (0x00674833) xor     a6, a4, t1
core   0: 3 0x800014a4 (0x00674833) x16 0x7fff831c
core   0: 0x800014a8 (0xb62b8413) addi    s0, s7, -1182
core   0: 3 0x800014a8 (0xb62b8413) x 8 0xfffffb61
core   0: 0x800014ac (0x01ab3f33) sltu    t5, s6, s10
core   0: 3 0x800014ac (0x01ab3f33) x30 0x00000000
core   0: 0x800014b0 (0x00001094) c.addi4spn a3, sp, 96
core   0: 3 0x800014b0 (0x1094) x13 0x00000060
core   0: 0x800014b2 (0x00008136) c.mv    sp, a3
core   0: 3 0x800014b2 (0x8136) x 2 0x00000060
core   0: 0x800014b4 (0x02b66fb3) rem     t6, a2, a1
core   0: 3 0x800014b4 (0x02b66fb3) x31 0x000001ce
core   0: 0x800014b8 (0x00008d2a) c.mv    s10, a0
core   0: 3 0x800014b8 (0x8d2a) x26 0x7fffe31c
core   0: 0x800014ba (0x41a90733) sub     a4, s2, s10
core   0: 3 0x800014ba (0x41a90733) x14 0x80001ce4
core   0: 0x800014be (0x00008736) c.mv    a4, a3
core   0: 3 0x800014be (0x8736) x14 0x00000060
core   0: 0x800014c0 (0x00000794) c.addi4spn a3, sp, 960
core   0: 3 0x800014c0 (0x0794) x13 0x00000420
core   0: 0x800014c2 (0x01969c93) slli    s9, a3, 25
core   0: 3 0x800014c2 (0x01969c93) x25 0x40000000
core   0: 0x800014c6 (0x00008fe9) c.and   a5, a0
core   0: 3 0x800014c6 (0x8fe9) x15 0x7ffee000
core   0: 0x800014c8 (0x00008d6d) c.and   a0, a1
core   0: 3 0x800014c8 (0x8d6d) x10 0x7fffe104
core   0: 0x800014ca (0x4150d433) sra     s0, ra, s5
core   0: 3 0x800014ca (0x4150d433) x 8 0x000006da
core   0: 0x800014ce (0x00008c4d) c.or    s0, a1
core   0: 3 0x800014ce (0x8c4d) x 8 0xffffffff
core   0: 0x800014d0 (0x000084f9) c.srai  s1, 30
core   0: 3 0x800014d0 (0x84f9) x 9 0x00000000
core   0: 0x800014d2 (0x01ad7cb3) and     s9, s10, s10
core   0: 3 0x800014d2 (0x01ad7cb3) x25 0x7fffe31c
core   0: 0x800014d6 (0x00869833) sll     a6, a3, s0
core   0: 3 0x800014d6 (0x00869833) x16 0x00000000
core   0: 0x800014da (0x03c910b3) mulh    ra, s2, t3
core   0: 3 0x800014da (0x03c910b3) x 1 0x00000000
core   0: 0x800014de (0x0167d393) srli    t2, a5, 22
core   0: 3 0x800014de (0x0167d393) x 7 0x000001ff
core   0: 0x800014e2 (0x00006161) c.addi16sp sp, 80
core   0: 3 0x800014e2 (0x6161) x 2 0x000000b0
core   0: 0x800014e4 (0x01bf2e33) slt     t3, t5, s11
core   0: 3 0x800014e4 (0x01bf2e33) x28 0x00000000
core   0: 0x800014e8 (0x00f204b3) add     s1, tp, a5
core   0: 3 0x800014e8 (0x00f204b3) x 9 0x00001ce4
core   0: 0x800014ec (0x00000794) c.addi4spn a3, sp, 960
core   0: 3 0x800014ec (0x0794) x13 0x00000470
core   0: 0x800014ee (0x41ac5193) srai    gp, s8, 26
core   0: 3 0x800014ee (0x41ac5193) x 3 0x00000000
core   0: 0x800014f2 (0x8adc7113) andi    sp, s8, -1875
core   0: 3 0x800014f2 (0x8adc7113) x 2 0x00000000
core   0: 0x800014f6 (0x696d0b13) addi    s6, s10, 1686
core   0: 3 0x800014f6 (0x696d0b13) x22 0x7fffe9b2
core   0: 0x800014fa (0x02f17cb3) remu    s9, sp, a5
core   0: 3 0x800014fa (0x02f17cb3) x25 0x00000000
core   0: 0x800014fe (0x03fcbb33) mulhu   s6, s9, t6
core   0: 3 0x800014fe (0x03fcbb33) x22 0x00000000
core   0: 0x80001502 (0x00475393) srli    t2, a4, 4
core   0: 3 0x80001502 (0x00475393) x 7 0x00000006
core   0: 0x80001506 (0x028b7193) andi    gp, s6, 40
core   0: 3 0x80001506 (0x028b7193) x 3 0x00000000
core   0: 0x8000150a (0x000040cd) c.li    ra, 19
core   0: 3 0x8000150a (0x40cd) x 1 0x00000013
core   0: 0x8000150c (0x0000683d) c.lui   a6, 0xf
core   0: 3 0x8000150c (0x683d) x16 0x0000f000
core   0: 0x8000150e (0xff577613) andi    a2, a4, -11
core   0: 3 0x8000150e (0xff577613) x12 0x00000060
core   0: 0x80001512 (0x3396f393) andi    t2, a3, 825
core   0: 3 0x80001512 (0x3396f393) x 7 0x00000030
core   0: 0x80001516 (0x028a1e33) mulh    t3, s4, s0
core   0: 3 0x80001516 (0x028a1e33) x28 0x00000000
core   0: 0x8000151a (0x012d9733) sll     a4, s11, s2
core   0: 3 0x8000151a (0x012d9733) x14 0xfffffce0
core   0: 0x8000151e (0x0ace0437) lui     s0, 0xace0
core   0: 3 0x8000151e (0x0ace0437) x 8 0x0ace0000
core   0: 0x80001522 (0x01525593) srli    a1, tp, 21
core   0: 3 0x80001522 (0x01525593) x11 0x00000400
core   0: 0x80001526 (0x4140d793) srai    a5, ra, 20
core   0: 3 0x80001526 (0x4140d793) x15 0x00000000
core   0: 0x8000152a (0x01e0f1b3) and     gp, ra, t5
core   0: 3 0x8000152a (0x01e0f1b3) x 3 0x00000000
core   0: 0x8000152e (0x03542fb3) mulhsu  t6, s0, s5
core   0: 3 0x8000152e (0x03542fb3) x31 0x00000000
core   0: 0x80001532 (0x00241a93) slli    s5, s0, 2
core   0: 3 0x80001532 (0x00241a93) x21 0x2b380000
core   0: 0x80001536 (0x01b4d7b3) srl     a5, s1, s11
core   0: 3 0x80001536 (0x01b4d7b3) x15 0x00001ce4
core   0: 0x8000153a (0x03a83533) mulhu   a0, a6, s10
core   0: 3 0x8000153a (0x03a83533) x10 0x000077ff
core   0: 0x8000153e (0x01e66db3) or      s11, a2, t5
core   0: 3 0x8000153e (0x01e66db3) x27 0x00000060
core   0: 0x80001542 (0x6bb22113) slti    sp, tp, 1723
core   0: 3 0x80001542 (0x6bb22113) x 2 0x00000001
core   0: 0x80001546 (0x0023dab3) srl     s5, t2, sp
core   0: 3 0x80001546 (0x0023dab3) x21 0x00000018
core   0: 0x8000154a (0x00008552) c.mv    a0, s4
core   0: 3 0x8000154a (0x8552) x10 0x8000fe64
core   0: 0x8000154c (0x00009b7d) c.andi  a4, -1
core   0: 3 0x8000154c (0x9b7d) x14 0xfffffce0
core   0: 0x8000154e (0x02348bb3) mul     s7, s1, gp
core   0: 3 0x8000154e (0x02348bb3) x23 0x00000000
core   0: 0x80001552 (0x8dd5f013) andi    zero, a1, -1827
core   0: 3 0x80001552 (0x8dd5f013)
core   0: 0x80001556 (0x50343993) sltiu   s3, s0, 1283
core   0: 3 0x80001556 (0x50343993) x19 0x00000000
core   0: 0x8000155a (0x00008c51) c.or    s0, a2
core   0: 3 0x8000155a (0x8c51) x 8 0x0ace0060
core   0: 0x8000155c (0x00008e1d) c.sub   a2, a5
core   0: 3 0x8000155c (0x8e1d) x12 0xffffe37c
core   0: 0x8000155e (0x2dd9d137) lui     sp, 0x2dd9d
core   0: 3 0x8000155e (0x2dd9d137) x 2 0x2dd9d000
core   0: 0x80001562 (0x00006511) c.lui   a0, 0x4
core   0: 3 0x80001562 (0x6511) x10 0x00004000
core   0: 0x80001564 (0x01cf6ab3) or      s5, t5, t3
core   0: 3 0x80001564 (0x01cf6ab3) x21 0x00000000
core   0: 0x80001568 (0x00008c25) c.xor   s0, s1
core   0: 3 0x80001568 (0x8c25) x 8 0x0ace1c84
core   0: 0x8000156a (0x00009af2) c.add   s5, t3
core   0: 3 0x8000156a (0x9af2) x21 0x00000000
core   0: 0x8000156c (0x000086fa) c.mv    a3, t5
core   0: 3 0x8000156c (0x86fa) x13 0x00000000
core   0: 0x8000156e (0x5ad14693) xori    a3, sp, 1453
core   0: 3 0x8000156e (0x5ad14693) x13 0x2dd9d5ad
core   0: 0x80001572 (0x00978cb3) add     s9, a5, s1
core   0: 3 0x80001572 (0x00978cb3) x25 0x000039c8
core   0: 0x80001576 (0x0184d2b3) srl     t0, s1, s8
core   0: 3 0x80001576 (0x0184d2b3) x 5 0x00001ce4
core   0: 0x8000157a (0xd972f813) andi    a6, t0, -617
core   0: 3 0x8000157a (0xd972f813) x16 0x00001c84
core   0: 0x8000157e (0x01b73e33) sltu    t3, a4, s11
core   0: 3 0x8000157e (0x01b73e33) x28 0x00000000
core   0: 0x80001582 (0xb545bb13) sltiu   s6, a1, -1196
core   0: 3 0x80001582 (0xb545bb13) x22 0x00000001
core   0: 0x80001586 (0x000051fd) c.li    gp, -1
core   0: 3 0x80001586 (0x51fd) x 3 0xffffffff
core   0: 0x80001588 (0x00000001) c.nop
core   0: 3 0x80001588 (0x0001)
core   0: 0x8000158a (0x00dc20b3) slt     ra, s8, a3
core   0: 3 0x8000158a (0x00dc20b3) x 1 0x00000001
core   0: 0x8000158e (0x00000001) c.nop
core   0: 3 0x8000158e (0x0001)
core   0: 0x80001590 (0xca66e293) ori     t0, a3, -858
core   0: 3 0x80001590 (0xca66e293) x 5 0xfffffdaf
core   0: 0x80001594 (0x4f4eba93) sltiu   s5, t4, 1268
core   0: 3 0x80001594 (0x4f4eba93) x21 0x00000000
core   0: 0x80001598 (0x7503cd13) xori    s10, t2, 1872
core   0: 3 0x80001598 (0x7503cd13) x26 0x00000760
core   0: 0x8000159c (0x01ab84b3) add     s1, s7, s10
core   0: 3 0x8000159c (0x01ab84b3) x 9 0x00000760
core   0: 0x800015a0 (0x418cde13) srai    t3, s9, 24
core   0: 3 0x800015a0 (0x418cde13) x28 0x00000000
core   0: 0x800015a4 (0x00008956) c.mv    s2, s5
core   0: 3 0x800015a4 (0x8956) x18 0x00000000
core   0: 0x800015a6 (0x01429193) slli    gp, t0, 20
core   0: 3 0x800015a6 (0x01429193) x 3 0xdaf00000
core   0: 0x800015aa (0x036488b3) mul     a7, s1, s6
core   0: 3 0x800015aa (0x036488b3) x17 0x00000760
core   0: 0x800015ae (0x00008aed) c.andi  a3, 27
core   0: 3 0x800015ae (0x8aed) x13 0x00000009
core   0: 0x800015b0 (0x000003ee) c.slli  t2, 27
core   0: 3 0x800015b0 (0x03ee) x 7 0x80000000
core   0: 0x800015b2 (0x00b10bb3) add     s7, sp, a1
core   0: 3 0x800015b2 (0x00b10bb3) x23 0x2dd9d400
core   0: 0x800015b6 (0x0000888a) c.mv    a7, sp
core   0: 3 0x800015b6 (0x888a) x17 0x2dd9d000
core   0: 0x800015b8 (0x003af833) and     a6, s5, gp
core   0: 3 0x800015b8 (0x003af833) x16 0x00000000
core   0: 0x800015bc (0x00008c89) c.sub   s1, a0
core   0: 3 0x800015bc (0x8c89) x 9 0xffffc760
core   0: 0x800015be (0x40e15b93) srai    s7, sp, 14
core   0: 3 0x800015be (0x40e15b93) x23 0x0000b767
core   0: 0x800015c2 (0x039f2133) mulhsu  sp, t5, s9
core   0: 3 0x800015c2 (0x039f2133) x 2 0x00000000
core   0: 0x800015c6 (0x00008e31) c.xor   a2, a2
core   0: 3 0x800015c6 (0x8e31) x12 0x00000000
core   0: 0x800015c8 (0x00ab82b3) add     t0, s7, a0
core   0: 3 0x800015c8 (0x00ab82b3) x 5 0x0000f767
core   0: 0x800015cc (0x0222bf33) mulhu   t5, t0, sp
core   0: 3 0x800015cc (0x0222bf33) x30 0x00000000
core   0: 0x800015d0 (0x404a8db3) sub     s11, s5, tp
core   0: 3 0x800015d0 (0x404a8db3) x27 0x7ffec31c
core   0: 0x800015d4 (0x00d3e033) or      zero, t2, a3
core   0: 3 0x800015d4 (0x00d3e033)
core   0: 0x800015d8 (0x00aec3b3) xor     t2, t4, a0
core   0: 3 0x800015d8 (0x00aec3b3) x 7 0xfffc4000
core   0: 0x800015dc (0x8ea1d997) auipc   s3, 0x8ea1d
core   0: 3 0x800015dc (0x8ea1d997) x19 0x0ea1e5dc
core   0: 0x800015e0 (0x00fc5393) srli    t2, s8, 15
core   0: 3 0x800015e0 (0x00fc5393) x 7 0x00000000
core   0: 0x800015e4 (0x02683eb3) mulhu   t4, a6, t1
core   0: 3 0x800015e4 (0x02683eb3) x29 0x00000000
core   0: 0x800015e8 (0x0000717d) c.addi16sp sp, -16
core   0: 3 0x800015e8 (0x717d) x 2 0xfffffff0
core   0: 0x800015ea (0x00000310) c.addi4spn a2, sp, 384
core   0: 3 0x800015ea (0x0310) x12 0x00000170
core   0: 0x800015ec (0x00ce8f33) add     t5, t4, a2
core   0: 3 0x800015ec (0x00ce8f33) x30 0x00000170
core   0: 0x800015f0 (0x400b0393) addi    t2, s6, 1024
core   0: 3 0x800015f0 (0x400b0393) x 7 0x00000401
core   0: 0x800015f4 (0x00008fd5) c.or    a5, a3
core   0: 3 0x800015f4 (0x8fd5) x15 0x00001ced
core   0: 0x800015f6 (0x00000001) c.nop
core   0: 3 0x800015f6 (0x0001)
core   0: 0x800015f8 (0xd98c2713) slti    a4, s8, -616
core   0: 3 0x800015f8 (0xd98c2713) x14 0x00000000
core   0: 0x800015fc (0x0038a5b3) slt     a1, a7, gp
core   0: 3 0x800015fc (0x0038a5b3) x11 0x00000000
core   0: 0x80001600 (0x00229913) slli    s2, t0, 2
core   0: 3 0x80001600 (0x00229913) x18 0x0003dd9c
core   0: 0x80001604 (0x01349993) slli    s3, s1, 19
core   0: 3 0x80001604 (0x01349993) x19 0x3b000000
core   0: 0x80001608 (0x00a65293) srli    t0, a2, 10
core   0: 3 0x80001608 (0x00a65293) x 5 0x00000000
core   0: 0x8000160c (0x9302ac13) slti    s8, t0, -1744
core   0: 3 0x8000160c (0x9302ac13) x24 0x00000000
core   0: 0x80001610 (0xdf389037) lui     zero, 0xdf389
core   0: 3 0x80001610 (0xdf389037)
core   0: 0x80001614 (0x02917f33) remu    t5, sp, s1
core   0: 3 0x80001614 (0x02917f33) x30 0x00003890
core   0: 0x80001618 (0x01b35813) srli    a6, t1, 27
core   0: 3 0x80001618 (0x01b35813) x16 0x00000010
core   0: 0x8000161c (0x0263b933) mulhu   s2, t2, t1
core   0: 3 0x8000161c (0x0263b933) x18 0x00000200
core   0: 0x80001620 (0x000082b1) c.srli  a3, 12
core   0: 3 0x80001620 (0x82b1) x13 0x00000000
core   0: 0x80001622 (0x00000d18) c.addi4spn a4, sp, 656
core   0: 3 0x80001622 (0x0d18) x14 0x00000280
core   0: 0x80001624 (0x00df93b3) sll     t2, t6, a3
core   0: 3 0x80001624 (0x00df93b3) x 7 0x00000000
core   0: 0x80001628 (0xc34c3813) sltiu   a6, s8, -972
core   0: 3 0x80001628 (0xc34c3813) x16 0x00000001
core   0: 0x8000162c (0x029f6433) rem     s0, t5, s1
core   0: 3 0x8000162c (0x029f6433) x 8 0x00003890
core   0: 0x80001630 (0x00008f99) c.sub   a5, a4
core   0: 3 0x80001630 (0x8f99) x15 0x00001a6d
core   0: 0x80001632 (0x00000d8e) c.slli  s11, 3
core   0: 3 0x80001632 (0x0d8e) x27 0xfff618e0
core   0: 0x80001634 (0x02125133) divu    sp, tp, ra
core   0: 3 0x80001634 (0x02125133) x 2 0x80013ce4
core   0: 0x80001638 (0x000060b1) c.lui   ra, 0xc
core   0: 3 0x80001638 (0x60b1) x 1 0x0000c000
core   0: 0x8000163a (0x00008d59) c.or    a0, a4
core   0: 3 0x8000163a (0x8d59) x10 0x00004280
core   0: 0x8000163c (0x0000046a) c.slli  s0, 26
core   0: 3 0x8000163c (0x046a) x 8 0x40000000
core   0: 0x8000163e (0x00008eb1) c.xor   a3, a2
core   0: 3 0x8000163e (0x8eb1) x13 0x00000170
core   0: 0x80001640 (0x00ad1933) sll     s2, s10, a0
core   0: 3 0x80001640 (0x00ad1933) x18 0x00000760
core   0: 0x80001644 (0x005741b3) xor     gp, a4, t0
core   0: 3 0x80001644 (0x005741b3) x 3 0x00000280
core   0: 0x80001648 (0x0258e033) rem     zero, a7, t0
core   0: 3 0x80001648 (0x0258e033)
core   0: 0x8000164c (0x5c613d13) sltiu   s10, sp, 1478
core   0: 3 0x8000164c (0x5c613d13) x26 0x00000000
core   0: 0x80001650 (0x00006c55) c.lui   s8, 0x15
core   0: 3 0x80001650 (0x6c55) x24 0x00015000
core   0: 0x80001652 (0x03e06d33) rem     s10, zero, t5
core   0: 3 0x80001652 (0x03e06d33) x26 0x00000000
core   0: 0x80001656 (0x02e38b97) auipc   s7, 0x2e38
core   0: 3 0x80001656 (0x02e38b97) x23 0x82e39656
core   0: 0x8000165a (0x40110cb3) sub     s9, sp, ra
core   0: 3 0x8000165a (0x40110cb3) x25 0x80007ce4
core   0: 0x8000165e (0x025a4733) div     a4, s4, t0
core   0: 3 0x8000165e (0x025a4733) x14 0xffffffff
core   0: 0x80001662 (0x00000c4a) c.slli  s8, 18
core   0: 3 0x80001662 (0x0c4a) x24 0x40000000
core   0: 0x80001664 (0x00008629) c.srai  a2, 10
core   0: 3 0x80001664 (0x8629) x12 0x00000000
core   0: 0x80001666 (0x022fe533) rem     a0, t6, sp
core   0: 3 0x80001666 (0x022fe533) x10 0x00000000
core   0: 0x8000166a (0x00008f81) c.sub   a5, s0
core   0: 3 0x8000166a (0x8f81) x15 0xc0001a6d
core   0: 0x8000166c (0x00008f6d) c.and   a4, a1
core   0: 3 0x8000166c (0x8f6d) x14 0x00000000
core   0: 0x8000166e (0x00008ebd) c.xor   a3, a5
core   0: 3 0x8000166e (0x8ebd) x13 0xc0001b1d
core   0: 0x80001670 (0x018d91b3) sll     gp, s11, s8
core   0: 3 0x80001670 (0x018d91b3) x 3 0xfff618e0
core   0: 0x80001674 (0x00000289) c.addi  t0, 2
core   0: 3 0x80001674 (0x0289) x 5 0x00000002
core   0: 0x80001676 (0x00000001) c.nop
core   0: 3 0x80001676 (0x0001)
core   0: 0x80001678 (0x02904733) div     a4, zero, s1
core   0: 3 0x80001678 (0x02904733) x14 0x00000000
core   0: 0x8000167c (0x016b09b3) add     s3, s6, s6
core   0: 3 0x8000167c (0x016b09b3) x19 0x00000002
core   0: 0x80001680 (0x02b11533) mulh    a0, sp, a1
core   0: 3 0x80001680 (0x02b11533) x10 0x00000000
core   0: 0x80001684 (0xa6b6fc17) auipc   s8, 0xa6b6f
core   0: 3 0x80001684 (0xa6b6fc17) x24 0x26b70684
core   0: 0x80001688 (0x038e88b3) mul     a7, t4, s8
core   0: 3 0x80001688 (0x038e88b3) x17 0x00000000
core   0: 0x8000168c (0x00009446) c.add   s0, a7
core   0: 3 0x8000168c (0x9446) x 8 0x40000000
core   0: 0x8000168e (0x00008ca9) c.xor   s1, a0
core   0: 3 0x8000168e (0x8ca9) x 9 0xffffc760
core   0: 0x80001690 (0x0000587d) c.li    a6, -1
core   0: 3 0x80001690 (0x587d) x16 0xffffffff
core   0: 0x80001692 (0x00009b3a) c.add   s6, a4
core   0: 3 0x80001692 (0x9b3a) x22 0x00000001
core   0: 0x80001694 (0x0000987d) c.andi  s0, -1
core   0: 3 0x80001694 (0x987d) x 8 0x40000000
core   0: 0x80001696 (0x007e7f33) and     t5, t3, t2
core   0: 3 0x80001696 (0x007e7f33) x30 0x00000000
core   0: 0x8000169a (0x00000001) c.nop
core   0: 3 0x8000169a (0x0001)
core   0: 0x8000169c (0x02d95fb3) divu    t6, s2, a3
core   0: 3 0x8000169c (0x02d95fb3) x31 0x00000000
core   0: 0x800016a0 (0x01709533) sll     a0, ra, s7
core   0: 3 0x800016a0 (0x01709533) x10 0x00000000
core   0: 0x800016a4 (0x017740b3) xor     ra, a4, s7
core   0: 3 0x800016a4 (0x017740b3) x 1 0x82e39656
core   0: 0x800016a8 (0x0000997d) c.andi  a0, -1
core   0: 3 0x800016a8 (0x997d) x10 0x00000000
core   0: 0x800016aa (0x00000dd1) c.addi  s11, 20
core   0: 3 0x800016aa (0x0dd1) x27 0xfff618f4
core   0: 0x800016ac (0x00000001) c.nop
core   0: 3 0x800016ac (0x0001)
core   0: 0x800016ae (0x00000f10) c.addi4spn a2, sp, 912
core   0: 3 0x800016ae (0x0f10) x12 0x80014074
core   0: 0x800016b0 (0x00008e99) c.sub   a3, a4
core   0: 3 0x800016b0 (0x8e99) x13 0xc0001b1d
core   0: 0x800016b2 (0x4162d433) sra     s0, t0, s6
core   0: 3 0x800016b2 (0x4162d433) x 8 0x00000001
core   0: 0x800016b6 (0x41ed0ab3) sub     s5, s10, t5
core   0: 3 0x800016b6 (0x41ed0ab3) x21 0x00000000
core   0: 0x800016ba (0x00006f61) c.lui   t5, 0x18
core   0: 3 0x800016ba (0x6f61) x30 0x00018000
core   0: 0x800016bc (0x417edfb3) sra     t6, t4, s7
core   0: 3 0x800016bc (0x417edfb3) x31 0x00000000
core   0: 0x800016c0 (0x01f3c5b3) xor     a1, t2, t6
core   0: 3 0x800016c0 (0x01f3c5b3) x11 0x00000000
core   0: 0x800016c4 (0x01ec74b3) and     s1, s8, t5
core   0: 3 0x800016c4 (0x01ec74b3) x 9 0x00010000
core   0: 0x800016c8 (0x0097d2b3) srl     t0, a5, s1
core   0: 3 0x800016c8 (0x0097d2b3) x 5 0xc0001a6d
core   0: 0x800016cc (0x00b85cb3) srl     s9, a6, a1
core   0: 3 0x800016cc (0x00b85cb3) x25 0xffffffff
core   0: 0x800016d0 (0x00000001) c.nop
core   0: 3 0x800016d0 (0x0001)
core   0: 0x800016d2 (0x001e1533) sll     a0, t3, ra
core   0: 3 0x800016d2 (0x001e1533) x10 0x00000000
core   0: 0x800016d6 (0x00dc15b3) sll     a1, s8, a3
core   0: 3 0x800016d6 (0x00dc15b3) x11 0x80000000
core   0: 0x800016da (0xa6212813) slti    a6, sp, -1438
core   0: 3 0x800016da (0xa6212813) x16 0x00000001
core   0: 0x800016de (0x000018fd) c.addi  a7, -1
core   0: 3 0x800016de (0x18fd) x17 0xffffffff
core   0: 0x800016e0 (0x03a326b3) mulhsu  a3, t1, s10
core   0: 3 0x800016e0 (0x03a326b3) x13 0x00000000
core   0: 0x800016e4 (0x00008de1) c.and   a1, s0
core   0: 3 0x800016e4 (0x8de1) x11 0x00000000
core   0: 0x800016e6 (0xe3427393) andi    t2, tp, -460
core   0: 3 0x800016e6 (0xe3427393) x 7 0x80013c24
core   0: 0x800016ea (0x00008dc9) c.or    a1, a0
core   0: 3 0x800016ea (0x8dc9) x11 0x00000000
core   0: 0x800016ec (0x000082d1) c.srli  a3, 20
core   0: 3 0x800016ec (0x82d1) x13 0x00000000
core   0: 0x800016ee (0x00000bb6) c.slli  s7, 13
core   0: 3 0x800016ee (0x0bb6) x23 0x72cac000
core   0: 0x800016f0 (0xa7d5e913) ori     s2, a1, -1411
core   0: 3 0x800016f0 (0xa7d5e913) x18 0xfffffa7d
core   0: 0x800016f4 (0x020ff3b3) remu    t2, t6, zero
core   0: 3 0x800016f4 (0x020ff3b3) x 7 0x00000000
core   0: 0x800016f8 (0x436aa193) slti    gp, s5, 1078
core   0: 3 0x800016f8 (0x436aa193) x 3 0x00000001
core   0: 0x800016fc (0x0109c6b3) xor     a3, s3, a6
core   0: 3 0x800016fc (0x0109c6b3) x13 0x00000003
core   0: 0x80001700 (0x035b0cb3) mul     s9, s6, s5
core   0: 3 0x80001700 (0x035b0cb3) x25 0x00000000
core   0: 0x80001704 (0x40f48533) sub     a0, s1, a5
core   0: 3 0x80001704 (0x40f48533) x10 0x4000e593
core   0: 0x80001708 (0xe54a2813) slti    a6, s4, -428
core   0: 3 0x80001708 (0xe54a2813) x16 0x00000001
core   0: 0x8000170c (0x71672893) slti    a7, a4, 1814
core   0: 3 0x8000170c (0x71672893) x17 0x00000001
core   0: 0x80001710 (0x00000001) c.nop
core   0: 3 0x80001710 (0x0001)
core   0: 0x80001712 (0x009e4733) xor     a4, t3, s1
core   0: 3 0x80001712 (0x009e4733) x14 0x00010000
core   0: 0x80001716 (0x01f75833) srl     a6, a4, t6
core   0: 3 0x80001716 (0x01f75833) x16 0x00010000
core   0: 0x8000171a (0x00000efe) c.slli  t4, 31
core   0: 3 0x8000171a (0x0efe) x29 0x00000000
core   0: 0x8000171c (0x03058033) mul     zero, a1, a6
core   0: 3 0x8000171c (0x03058033)
core   0: 0x80001720 (0x009791b3) sll     gp, a5, s1
core   0: 3 0x80001720 (0x009791b3) x 3 0xc0001a6d
core   0: 0x80001724 (0x00006ac5) c.lui   s5, 0x11
core   0: 3 0x80001724 (0x6ac5) x21 0x00011000
core   0: 0x80001726 (0x00bc5293) srli    t0, s8, 11
core   0: 3 0x80001726 (0x00bc5293) x 5 0x0004d6e0
core   0: 0x8000172a (0x00d3dc93) srli    s9, t2, 13
core   0: 3 0x8000172a (0x00d3dc93) x25 0x00000000
core   0: 0x8000172e (0xb41e8713) addi    a4, t4, -1215
core   0: 3 0x8000172e (0xb41e8713) x14 0xfffffb41
core   0: 0x80001732 (0x00000001) c.nop
core   0: 3 0x80001732 (0x0001)
core   0: 0x80001734 (0x0211cd33) div     s10, gp, ra
core   0: 3 0x80001734 (0x0211cd33) x26 0x00000000
core   0: 0x80001738 (0x02e0de33) divu    t3, ra, a4
core   0: 3 0x80001738 (0x02e0de33) x28 0x00000000
core   0: 0x8000173c (0x00b16733) or      a4, sp, a1
core   0: 3 0x8000173c (0x00b16733) x14 0x80013ce4
core   0: 0x80001740 (0x008c61b3) or      gp, s8, s0
core   0: 3 0x80001740 (0x008c61b3) x 3 0x26b70685
core   0: 0x80001744 (0x00e058b3) srl     a7, zero, a4
core   0: 3 0x80001744 (0x00e058b3) x17 0x00000000
core   0: 0x80001748 (0x00008245) c.srli  a2, 17
core   0: 3 0x80001748 (0x8245) x12 0x00004000
core   0: 0x8000174a (0x00008ed5) c.or    a3, a3
core   0: 3 0x8000174a (0x8ed5) x13 0x00000003
core   0: 0x8000174c (0x00008445) c.srai  s0, 17
core   0: 3 0x8000174c (0x8445) x 8 0x00000000
core   0: 0x8000174e (0xa9833c93) sltiu   s9, t1, -1384
core   0: 3 0x8000174e (0xa9833c93) x25 0x00000001
core   0: 0x80001752 (0x00b09713) slli    a4, ra, 11
core   0: 3 0x80001752 (0x00b09713) x14 0x1cb2b000
core   0: 0x80001756 (0xdfa02b13) slti    s6, zero, -518
core   0: 3 0x80001756 (0xdfa02b13) x22 0x00000000
core   0: 0x8000175a (0x037926b3) mulhsu  a3, s2, s7
core   0: 3 0x8000175a (0x037926b3) x13 0xfffffd87
core   0: 0x8000175e (0x00008d35) c.xor   a0, a3
core   0: 3 0x8000175e (0x8d35) x10 0xbfff1814
core   0: 0x80001760 (0x000089e1) c.andi  a1, 24
core   0: 3 0x80001760 (0x89e1) x11 0x00000000
core   0: 0x80001762 (0x02b7dbb3) divu    s7, a5, a1
core   0: 3 0x80001762 (0x02b7dbb3) x23 0xffffffff
core   0: 0x80001766 (0x0000717d) c.addi16sp sp, -16
core   0: 3 0x80001766 (0x717d) x 2 0x80013cd4
core   0: 0x80001768 (0x404fd113) srai    sp, t6, 4
core   0: 3 0x80001768 (0x404fd113) x 2 0x00000000
core   0: 0x8000176c (0x034aeab3) rem     s5, s5, s4
core   0: 3 0x8000176c (0x034aeab3) x21 0x00011000
core   0: 0x80001770 (0xfd032717) auipc   a4, 0xfd032
core   0: 3 0x80001770 (0xfd032717) x14 0x7d033770
core   0: 0x80001774 (0x0167d633) srl     a2, a5, s6
core   0: 3 0x80001774 (0x0167d633) x12 0xc0001a6d
core   0: 0x80001778 (0x00006aa5) c.lui   s5, 0x9
core   0: 3 0x80001778 (0x6aa5) x21 0x00009000
core   0: 0x8000177a (0x03a93133) mulhu   sp, s2, s10
core   0: 3 0x8000177a (0x03a93133) x 2 0x00000000
core   0: 0x8000177e (0xa8b37b17) auipc   s6, 0xa8b37
core   0: 3 0x8000177e (0xa8b37b17) x22 0x28b3877e
core   0: 0x80001782 (0x00ef5633) srl     a2, t5, a4
core   0: 3 0x80001782 (0x00ef5633) x12 0x00000001
core   0: 0x80001786 (0x000095c2) c.add   a1, a6
core   0: 3 0x80001786 (0x95c2) x11 0x00010000
core   0: 0x80001788 (0x00008c19) c.sub   s0, a4
core   0: 3 0x80001788 (0x8c19) x 8 0x82fcc890
core   0: 0x8000178a (0xfdf8b193) sltiu   gp, a7, -33
core   0: 3 0x8000178a (0xfdf8b193) x 3 0x00000001
core   0: 0x8000178e (0x409f8533) sub     a0, t6, s1
core   0: 3 0x8000178e (0x409f8533) x10 0xffff0000
core   0: 0x80001792 (0x00136cb3) or      s9, t1, ra
core   0: 3 0x80001792 (0x00136cb3) x25 0x82e39656
core   0: 0x80001796 (0x00000001) c.nop
core   0: 3 0x80001796 (0x0001)
core   0: 0x80001798 (0x01775e33) srl     t3, a4, s7
core   0: 3 0x80001798 (0x01775e33) x28 0x00000000
core   0: 0x8000179c (0xe83ecc93) xori    s9, t4, -381
core   0: 3 0x8000179c (0xe83ecc93) x25 0xfffffe83
core   0: 0x800017a0 (0x4d1c2837) lui     a6, 0x4d1c2
core   0: 3 0x800017a0 (0x4d1c2837) x16 0x4d1c2000
core   0: 0x800017a4 (0x00008ec5) c.or    a3, s1
core   0: 3 0x800017a4 (0x8ec5) x13 0xfffffd87
core   0: 0x800017a6 (0x00006f19) c.lui   t5, 0x6
core   0: 3 0x800017a6 (0x6f19) x30 0x00006000
core   0: 0x800017a8 (0x017a01b3) add     gp, s4, s7
core   0: 3 0x800017a8 (0x017a01b3) x 3 0x8000fe63
core   0: 0x800017ac (0x00008cc9) c.or    s1, a0
core   0: 3 0x800017ac (0x8cc9) x 9 0xffff0000
core   0: 0x800017ae (0x404c5133) sra     sp, s8, tp
core   0: 3 0x800017ae (0x404c5133) x 2 0x026b7068
core   0: 0x800017b2 (0x000052fd) c.li    t0, -1
core   0: 3 0x800017b2 (0x52fd) x 5 0xffffffff
core   0: 0x800017b4 (0x00005f7d) c.li    t5, -1
core   0: 3 0x800017b4 (0x5f7d) x30 0xffffffff
core   0: 0x800017b6 (0x00008d45) c.or    a0, s1
core   0: 3 0x800017b6 (0x8d45) x10 0xffff0000
core   0: 0x800017b8 (0x00004e91) c.li    t4, 4
core   0: 3 0x800017b8 (0x4e91) x29 0x00000004
core   0: 0x800017ba (0x00001a94) c.addi4spn a3, sp, 368
core   0: 3 0x800017ba (0x1a94) x13 0x026b71d8
core   0: 0x800017bc (0x40d75f93) srai    t6, a4, 13
core   0: 3 0x800017bc (0x40d75f93) x31 0x0003e819
core   0: 0x800017c0 (0x00000001) c.nop
core   0: 3 0x800017c0 (0x0001)
core   0: 0x800017c2 (0x02ddc033) div     zero, s11, a3
core   0: 3 0x800017c2 (0x02ddc033)
core   0: 0x800017c6 (0x405509b3) sub     s3, a0, t0
core   0: 3 0x800017c6 (0x405509b3) x19 0xffff0001
core   0: 0x800017ca (0x00000001) c.nop
core   0: 3 0x800017ca (0x0001)
core   0: 0x800017cc (0x00008df5) c.and   a1, a3
core   0: 3 0x800017cc (0x8df5) x11 0x00010000
core   0: 0x800017ce (0x00008a05) c.andi  a2, 1
core   0: 3 0x800017ce (0x8a05) x12 0x00000001
core   0: 0x800017d0 (0x40935593) srai    a1, t1, 9
core   0: 3 0x800017d0 (0x40935593) x11 0xffc00000
core   0: 0x800017d4 (0x0000177d) c.addi  a4, -1
core   0: 3 0x800017d4 (0x177d) x14 0x7d03376f
core   0: 0x800017d6 (0x9dcefe13) andi    t3, t4, -1572
core   0: 3 0x800017d6 (0x9dcefe13) x28 0x00000004
core   0: 0x800017da (0xd02d6e13) ori     t3, s10, -766
core   0: 3 0x800017da (0xd02d6e13) x28 0xfffffd02
core   0: 0x800017de (0x00000700) c.addi4spn s0, sp, 896
core   0: 3 0x800017de (0x0700) x 8 0x026b73e8
core   0: 0x800017e0 (0x006adb33) srl     s6, s5, t1
core   0: 3 0x800017e0 (0x006adb33) x22 0x00009000
core   0: 0x800017e4 (0x000083f9) c.srli  a5, 30
core   0: 3 0x800017e4 (0x83f9) x15 0x00000003
core   0: 0x800017e6 (0x01185293) srli    t0, a6, 17
core   0: 3 0x800017e6 (0x01185293) x 5 0x0000268e
core   0: 0x800017ea (0x03ab5d33) divu    s10, s6, s10
core   0: 3 0x800017ea (0x03ab5d33) x26 0xffffffff
core   0: 0x800017ee (0x000082d1) c.srli  a3, 20
core   0: 3 0x800017ee (0x82d1) x13 0x00000026
core   0: 0x800017f0 (0x023fa9b3) mulhsu  s3, t6, gp
core   0: 3 0x800017f0 (0x023fa9b3) x19 0x0001f410
core   0: 0x800017f4 (0x00000b12) c.slli  s6, 4
core   0: 3 0x800017f4 (0x0b12) x22 0x00090000
core   0: 0x800017f6 (0x00008db1) c.xor   a1, a2
core   0: 3 0x800017f6 (0x8db1) x11 0xffc00001
core   0: 0x800017f8 (0x038151b3) divu    gp, sp, s8
core   0: 3 0x800017f8 (0x038151b3) x 3 0x00000000
core   0: 0x800017fc (0x00936d33) or      s10, t1, s1
core   0: 3 0x800017fc (0x00936d33) x26 0xffff0000
core   0: 0x80001800 (0x0256f833) remu    a6, a3, t0
core   0: 3 0x80001800 (0x0256f833) x16 0x00000026
core   0: 0x80001804 (0x031bdf33) divu    t5, s7, a7
core   0: 3 0x80001804 (0x031bdf33) x30 0xffffffff
core   0: 0x80001808 (0x003ded33) or      s10, s11, gp
core   0: 3 0x80001808 (0x003ded33) x26 0xfff618f4
core   0: 0x8000180c (0x0000615d) c.addi16sp sp, 432
core   0: 3 0x8000180c (0x615d) x 2 0x026b7218
core   0: 0x8000180e (0x0240a7b3) mulhsu  a5, ra, tp
core   0: 3 0x8000180e (0x0240a7b3) x15 0xc171304c
core   0: 0x80001812 (0x0000094a) c.slli  s2, 18
core   0: 3 0x80001812 (0x094a) x18 0xe9f40000
core   0: 0x80001814 (0x01e3a6b3) slt     a3, t2, t5
core   0: 3 0x80001814 (0x01e3a6b3) x13 0x00000000
core   0: 0x80001818 (0xc41f1b17) auipc   s6, 0xc41f1
core   0: 3 0x80001818 (0xc41f1b17) x22 0x441f2818
core   0: 0x8000181c (0x00000684) c.addi4spn s1, sp, 832
core   0: 3 0x8000181c (0x0684) x 9 0x026b7558
core   0: 0x8000181e (0x0000029c) c.addi4spn a5, sp, 320
core   0: 3 0x8000181e (0x029c) x15 0x026b7358
core   0: 0x80001820 (0x00005ffd) c.li    t6, -1
core   0: 3 0x80001820 (0x5ffd) x31 0xffffffff
core   0: 0x80001822 (0x00001a84) c.addi4spn s1, sp, 368
core   0: 3 0x80001822 (0x1a84) x 9 0x026b7388
core   0: 0x80001824 (0x435f3893) sltiu   a7, t5, 1077
core   0: 3 0x80001824 (0x435f3893) x17 0x00000000
core   0: 0x80001828 (0x00008e31) c.xor   a2, a2
core   0: 3 0x80001828 (0x8e31) x12 0x00000000
core   0: 0x8000182a (0x004c5393) srli    t2, s8, 4
core   0: 3 0x8000182a (0x004c5393) x 7 0x026b7068
core   0: 0x8000182e (0x00000f46) c.slli  t5, 17
core   0: 3 0x8000182e (0x0f46) x30 0xfffe0000
core   0: 0x80001830 (0x00000001) c.nop
core   0: 3 0x80001830 (0x0001)
core   0: 0x80001832 (0x00008ed5) c.or    a3, a3
core   0: 3 0x80001832 (0x8ed5) x13 0x00000000
core   0: 0x80001834 (0x02adbfb3) mulhu   t6, s11, a0
core   0: 3 0x80001834 (0x02adbfb3) x31 0xfff518fd
core   0: 0x80001838 (0x5db27097) auipc   ra, 0x5db27
core   0: 3 0x80001838 (0x5db27097) x 1 0xddb28838
core   0: 0x8000183c (0xe7428413) addi    s0, t0, -396
core   0: 3 0x8000183c (0xe7428413) x 8 0x00002502
core   0: 0x80001840 (0x008e4f33) xor     t5, t3, s0
core   0: 3 0x80001840 (0x008e4f33) x30 0xffffd800
core   0: 0x80001844 (0x00473833) sltu    a6, a4, tp
core   0: 3 0x80001844 (0x00473833) x16 0x00000001
core   0: 0x80001848 (0x00229713) slli    a4, t0, 2
core   0: 3 0x80001848 (0x00229713) x14 0x00009a38
core   0: 0x8000184c (0x002dfeb3) and     t4, s11, sp
core   0: 3 0x8000184c (0x002dfeb3) x29 0x02621010
core   0: 0x80001850 (0x01241bb3) sll     s7, s0, s2
core   0: 3 0x80001850 (0x01241bb3) x23 0x00002502
core   0: 0x80001854 (0x913bc113) xori    sp, s7, -1773
core   0: 3 0x80001854 (0x913bc113) x 2 0xffffdc11
core   0: 0x80001858 (0xcda5ff93) andi    t6, a1, -806
core   0: 3 0x80001858 (0xcda5ff93) x31 0xffc00000
core   0: 0x8000185c (0x0197cab3) xor     s5, a5, s9
core   0: 3 0x8000185c (0x0197cab3) x21 0xfd948ddb
core   0: 0x80001860 (0x000087f5) c.srai  a5, 29
core   0: 3 0x80001860 (0x87f5) x15 0x00000000
core   0: 0x80001862 (0x020b7f33) remu    t5, s6, zero
core   0: 3 0x80001862 (0x020b7f33) x30 0x441f2818
core   0: 0x80001866 (0x000080a9) c.srli  s1, 10
core   0: 3 0x80001866 (0x80a9) x 9 0x00009adc
core   0: 0x80001868 (0x022b3ab3) mulhu   s5, s6, sp
core   0: 3 0x80001868 (0x022b3ab3) x21 0x441f1e88
core   0: 0x8000186c (0x00000001) c.nop
core   0: 3 0x8000186c (0x0001)
core   0: 0x8000186e (0x2edeb993) sltiu   s3, t4, 749
core   0: 3 0x8000186e (0x2edeb993) x19 0x00000000
core   0: 0x80001872 (0x007884b3) add     s1, a7, t2
core   0: 3 0x80001872 (0x007884b3) x 9 0x026b7068
core   0: 0x80001876 (0x00ce7eb3) and     t4, t3, a2
core   0: 3 0x80001876 (0x00ce7eb3) x29 0x00000000
core   0: 0x8000187a (0x00e63e33) sltu    t3, a2, a4
core   0: 3 0x8000187a (0x00e63e33) x28 0x00000001
core   0: 0x8000187e (0x41b28733) sub     a4, t0, s11
core   0: 3 0x8000187e (0x41b28733) x14 0x000a0d9a
core   0: 0x80001882 (0x0683ef13) ori     t5, t2, 104
core   0: 3 0x80001882 (0x0683ef13) x30 0x026b7068
core   0: 0x80001886 (0x000083d2) c.mv    t2, s4
core   0: 3 0x80001886 (0x83d2) x 7 0x8000fe64
core   0: 0x80001888 (0x00005b7d) c.li    s6, -1
core   0: 3 0x80001888 (0x5b7d) x22 0xffffffff
core   0: 0x8000188a (0x00aa9db3) sll     s11, s5, a0
core   0: 3 0x8000188a (0x00aa9db3) x27 0x441f1e88
core   0: 0x8000188e (0x015473b3) and     t2, s0, s5
core   0: 3 0x8000188e (0x015473b3) x 7 0x00000400
core   0: 0x80001892 (0x00000001) c.nop
core   0: 3 0x80001892 (0x0001)
core   0: 0x80001894 (0x01395813) srli    a6, s2, 19
core   0: 3 0x80001894 (0x01395813) x16 0x00001d3e
core   0: 0x80001898 (0x00000984) c.addi4spn s1, sp, 208
core   0: 3 0x80001898 (0x0984) x 9 0xffffdce1
core   0: 0x8000189a (0x030479b3) remu    s3, s0, a6
core   0: 3 0x8000189a (0x030479b3) x19 0x000007c4
core   0: 0x8000189e (0x00008b05) c.andi  a4, 1
core   0: 3 0x8000189e (0x8b05) x14 0x00000000
core   0: 0x800018a0 (0x414a5933) sra     s2, s4, s4
core   0: 3 0x800018a0 (0x414a5933) x18 0xf8000fe6
core   0: 0x800018a4 (0x41e15533) sra     a0, sp, t5
core   0: 3 0x800018a4 (0x41e15533) x10 0xffffffdc
core   0: 0x800018a8 (0x00008c2d) c.xor   s0, a1
core   0: 3 0x800018a8 (0x8c2d) x 8 0xffc02503
core   0: 0x800018aa (0x5f180193) addi    gp, a6, 1521
core   0: 3 0x800018aa (0x5f180193) x 3 0x0000232f
core   0: 0x800018ae (0xacd86193) ori     gp, a6, -1331
core   0: 3 0x800018ae (0xacd86193) x 3 0xffffffff
core   0: 0x800018b2 (0x0000066e) c.slli  a2, 27
core   0: 3 0x800018b2 (0x066e) x12 0x00000000
core   0: 0x800018b4 (0x00009a7d) c.andi  a2, -1
core   0: 3 0x800018b4 (0x9a7d) x12 0x00000000
core   0: 0x800018b6 (0x4c196513) ori     a0, s2, 1217
core   0: 3 0x800018b6 (0x4c196513) x10 0xf8000fe7
core   0: 0x800018ba (0x017bd2b3) srl     t0, s7, s7
core   0: 3 0x800018ba (0x017bd2b3) x 5 0x00000940
core   0: 0x800018be (0xfd718893) addi    a7, gp, -41
core   0: 3 0x800018be (0xfd718893) x17 0xffffffd6
core   0: 0x800018c2 (0x00000e7a) c.slli  t3, 30
core   0: 3 0x800018c2 (0x0e7a) x28 0x40000000
core   0: 0x800018c4 (0x00b75093) srli    ra, a4, 11
core   0: 3 0x800018c4 (0x00b75093) x 1 0x00000000
core   0: 0x800018c8 (0x0000860e) c.mv    a2, gp
core   0: 3 0x800018c8 (0x860e) x12 0xffffffff
core   0: 0x800018ca (0x02164533) div     a0, a2, ra
core   0: 3 0x800018ca (0x02164533) x10 0xffffffff
core   0: 0x800018ce (0xf20bbd13) sltiu   s10, s7, -224
core   0: 3 0x800018ce (0xf20bbd13) x26 0x00000001
core   0: 0x800018d2 (0xf6672b13) slti    s6, a4, -154
core   0: 3 0x800018d2 (0xf6672b13) x22 0x00000000
core   0: 0x800018d6 (0x00001c7d) c.addi  s8, -1
core   0: 3 0x800018d6 (0x1c7d) x24 0x26b70683
core   0: 0x800018d8 (0x0239ebb3) rem     s7, s3, gp
core   0: 3 0x800018d8 (0x0239ebb3) x23 0x00000000
core   0: 0x800018dc (0x014caab3) slt     s5, s9, s4
core   0: 3 0x800018dc (0x014caab3) x21 0x00000000
core   0: 0x800018e0 (0x000081b2) c.mv    gp, a2
core   0: 3 0x800018e0 (0x81b2) x 3 0xffffffff
core   0: 0x800018e2 (0x00008cb2) c.mv    s9, a2
core   0: 3 0x800018e2 (0x8cb2) x25 0xffffffff
core   0: 0x800018e4 (0x00008de1) c.and   a1, s0
core   0: 3 0x800018e4 (0x8de1) x11 0xffc00001
core   0: 0x800018e6 (0x6bc88513) addi    a0, a7, 1724
core   0: 3 0x800018e6 (0x6bc88513) x10 0x00000692
core   0: 0x800018ea (0x00000001) c.nop
core   0: 3 0x800018ea (0x0001)
core   0: 0x800018ec (0x000598b3) sll     a7, a1, zero
core   0: 3 0x800018ec (0x000598b3) x17 0xffc00001
core   0: 0x800018f0 (0x0000009c) c.addi4spn a5, sp, 64
core   0: 3 0x800018f0 (0x009c) x15 0xffffdc51
core   0: 0x800018f2 (0x403e5093) srai    ra, t3, 3
core   0: 3 0x800018f2 (0x403e5093) x 1 0x08000000
core   0: 0x800018f6 (0x00cacc33) xor     s8, s5, a2
core   0: 3 0x800018f6 (0x00cacc33) x24 0xffffffff
core   0: 0x800018fa (0xccff6893) ori     a7, t5, -817
core   0: 3 0x800018fa (0xccff6893) x17 0xfffffcef
core   0: 0x800018fe (0x00008fe1) c.and   a5, s0
core   0: 3 0x800018fe (0x8fe1) x15 0xffc00401
core   0: 0x80001900 (0x00181bb3) sll     s7, a6, ra
core   0: 3 0x80001900 (0x00181bb3) x23 0x00001d3e
core   0: 0x80001904 (0x000017fd) c.addi  a5, -1
core   0: 3 0x80001904 (0x17fd) x15 0xffc00400
core   0: 0x80001906 (0x025fdfb3) divu    t6, t6, t0
core   0: 3 0x80001906 (0x025fdfb3) x31 0x001ba60d
core   0: 0x8000190a (0x41e206b3) sub     a3, tp, t5
core   0: 3 0x8000190a (0x41e206b3) x13 0x7d95cc7c
core   0: 0x8000190e (0x037b9f33) mulh    t5, s7, s7
core   0: 3 0x8000190e (0x037b9f33) x30 0x00000000
core   0: 0x80001912 (0x02603533) mulhu   a0, zero, t1
core   0: 3 0x80001912 (0x02603533) x10 0x00000000
core   0: 0x80001916 (0x00008e8d) c.sub   a3, a1
core   0: 3 0x80001916 (0x8e8d) x13 0x7dd5cc7b
core   0: 0x80001918 (0x000001d9) c.addi  gp, 22
core   0: 3 0x80001918 (0x01d9) x 3 0x00000015
core   0: 0x8000191a (0x00000001) c.nop
core   0: 3 0x8000191a (0x0001)
core   0: 0x8000191c (0xdca18d13) addi    s10, gp, -566
core   0: 3 0x8000191c (0xdca18d13) x26 0xfffffddf
core   0: 0x80001920 (0x00008c89) c.sub   s1, a0
core   0: 3 0x80001920 (0x8c89) x 9 0xffffdce1
core   0: 0x80001922 (0x0033e2b3) or      t0, t2, gp
core   0: 3 0x80001922 (0x0033e2b3) x 5 0x00000415
core   0: 0x80001926 (0x03cc7b33) remu    s6, s8, t3
core   0: 3 0x80001926 (0x03cc7b33) x22 0x3fffffff
core   0: 0x8000192a (0x012a6533) or      a0, s4, s2
core   0: 3 0x8000192a (0x012a6533) x10 0xf800ffe6
core   0: 0x8000192e (0x012c9e13) slli    t3, s9, 18
core   0: 3 0x8000192e (0x012c9e13) x28 0xfffc0000
core   0: 0x80001932 (0x00ec64b3) or      s1, s8, a4
core   0: 3 0x80001932 (0x00ec64b3) x 9 0xffffffff
core   0: 0x80001936 (0x00001004) c.addi4spn s1, sp, 32
core   0: 3 0x80001936 (0x1004) x 9 0xffffdc31
core   0: 0x80001938 (0x03d246b3) div     a3, tp, t4
core   0: 3 0x80001938 (0x03d246b3) x13 0xffffffff
core   0: 0x8000193c (0x00000001) c.nop
core   0: 3 0x8000193c (0x0001)
core   0: 0x8000193e (0x02c69eb3) mulh    t4, a3, a2
core   0: 3 0x8000193e (0x02c69eb3) x29 0x00000000
core   0: 0x80001942 (0x00008e91) c.sub   a3, a2
core   0: 3 0x80001942 (0x8e91) x13 0x00000000
core   0: 0x80001944 (0x036dfb33) remu    s6, s11, s6
core   0: 3 0x80001944 (0x036dfb33) x22 0x041f1e89
core   0: 0x80001948 (0x03585733) divu    a4, a6, s5
core   0: 3 0x80001948 (0x03585733) x14 0xffffffff
core   0: 0x8000194c (0x00000001) c.nop
core   0: 3 0x8000194c (0x0001)
core   0: 0x8000194e (0x00008fc5) c.or    a5, s1
core   0: 3 0x8000194e (0x8fc5) x15 0xffffdc31
core   0: 0x80001950 (0x028f7733) remu    a4, t5, s0
core   0: 3 0x80001950 (0x028f7733) x14 0x00000000
core   0: 0x80001954 (0x40188133) sub     sp, a7, ra
core   0: 3 0x80001954 (0x40188133) x 2 0xf7fffcef
core   0: 0x80001958 (0x0356d8b3) divu    a7, a3, s5
core   0: 3 0x80001958 (0x0356d8b3) x17 0xffffffff
core   0: 0x8000195c (0x0202dbb3) divu    s7, t0, zero
core   0: 3 0x8000195c (0x0202dbb3) x23 0xffffffff
core   0: 0x80001960 (0x80685597) auipc   a1, 0x80685
core   0: 3 0x80001960 (0x80685597) x11 0x00686960
core   0: 0x80001964 (0x6626a793) slti    a5, a3, 1634
core   0: 3 0x80001964 (0x6626a793) x15 0x00000001
core   0: 0x80001968 (0x019436b3) sltu    a3, s0, s9
core   0: 3 0x80001968 (0x019436b3) x13 0x00000001
core   0: 0x8000196c (0x00009a7d) c.andi  a2, -1
core   0: 3 0x8000196c (0x9a7d) x12 0xffffffff
core   0: 0x8000196e (0x0000567d) c.li    a2, -1
core   0: 3 0x8000196e (0x567d) x12 0xffffffff
core   0: 0x80001970 (0x00008d25) c.xor   a0, s1
core   0: 3 0x80001970 (0x8d25) x10 0x07ff23d7
core   0: 0x80001972 (0x01857bb3) and     s7, a0, s8
core   0: 3 0x80001972 (0x01857bb3) x23 0x07ff23d7
core   0: 0x80001976 (0x022402b3) mul     t0, s0, sp
core   0: 3 0x80001976 (0x022402b3) x 5 0xabce81cd
core   0: 0x8000197a (0x00294933) xor     s2, s2, sp
core   0: 3 0x8000197a (0x00294933) x18 0x0ffff309
core   0: 0x8000197e (0x133f0493) addi    s1, t5, 307
core   0: 3 0x8000197e (0x133f0493) x 9 0x00000133
core   0: 0x80001982 (0x03b83733) mulhu   a4, a6, s11
core   0: 3 0x80001982 (0x03b83733) x14 0x000007c8
core   0: 0x80001986 (0x020ba033) mulhsu  zero, s7, zero
core   0: 3 0x80001986 (0x020ba033)
core   0: 0x8000198a (0x02a71cb3) mulh    s9, a4, a0
core   0: 3 0x8000198a (0x02a71cb3) x25 0x0000003e
core   0: 0x8000198e (0x00000580) c.addi4spn s0, sp, 704
core   0: 3 0x8000198e (0x0580) x 8 0xf7ffffaf
core   0: 0x80001990 (0x01271933) sll     s2, a4, s2
core   0: 3 0x80001990 (0x01271933) x18 0x000f9000
core   0: 0x80001994 (0x000099fd) c.andi  a1, -1
core   0: 3 0x80001994 (0x99fd) x11 0x00686960
core   0: 0x80001996 (0xfc8ce513) ori     a0, s9, -56
core   0: 3 0x80001996 (0xfc8ce513) x10 0xfffffffe
core   0: 0x8000199a (0x00849713) slli    a4, s1, 8
core   0: 3 0x8000199a (0x00849713) x14 0x00013300
core   0: 0x8000199e (0x00008241) c.srli  a2, 16
core   0: 3 0x8000199e (0x8241) x12 0x0000ffff
core   0: 0x800019a0 (0x0000987d) c.andi  s0, -1
core   0: 3 0x800019a0 (0x987d) x 8 0xf7ffffaf
core   0: 0x800019a2 (0x03b1a6b3) mulhsu  a3, gp, s11
core   0: 3 0x800019a2 (0x03b1a6b3) x13 0x00000005
core   0: 0x800019a6 (0x00000001) c.nop
core   0: 3 0x800019a6 (0x0001)
core   0: 0x800019a8 (0x00008cdd) c.or    s1, a5
core   0: 3 0x800019a8 (0x8cdd) x 9 0x00000133
core   0: 0x800019aa (0x40dad293) srai    t0, s5, 13
core   0: 3 0x800019aa (0x40dad293) x 5 0x00000000
core   0: 0x800019ae (0x41ac0c33) sub     s8, s8, s10
core   0: 3 0x800019ae (0x41ac0c33) x24 0x00000220
core   0: 0x800019b2 (0xd94ebeb7) lui     t4, 0xd94eb
core   0: 3 0x800019b2 (0xd94ebeb7) x29 0xd94eb000
core   0: 0x800019b6 (0xd6fe3413) sltiu   s0, t3, -657
core   0: 3 0x800019b6 (0xd6fe3413) x 8 0x00000001
core   0: 0x800019ba (0x000089c1) c.andi  a1, 16
core   0: 3 0x800019ba (0x89c1) x11 0x00000000
core   0: 0x800019bc (0x00c24ab3) xor     s5, tp, a2
core   0: 3 0x800019bc (0x00c24ab3) x21 0x8001c31b
core   0: 0x800019c0 (0x9c7e0813) addi    a6, t3, -1593
core   0: 3 0x800019c0 (0x9c7e0813) x16 0xfffbf9c7
core   0: 0x800019c4 (0x40f38533) sub     a0, t2, a5
core   0: 3 0x800019c4 (0x40f38533) x10 0x000003ff
core   0: 0x800019c8 (0x00006499) c.lui   s1, 0x6
core   0: 3 0x800019c8 (0x6499) x 9 0x00006000
core   0: 0x800019ca (0x00008c5d) c.or    s0, a5
core   0: 3 0x800019ca (0x8c5d) x 8 0x00000001
core   0: 0x800019cc (0x00008f86) c.mv    t6, ra
core   0: 3 0x800019cc (0x8f86) x31 0x08000000
core   0: 0x800019ce (0x0000557d) c.li    a0, -1
core   0: 3 0x800019ce (0x557d) x10 0xffffffff
core   0: 0x800019d0 (0x03abab33) mulhsu  s6, s7, s10
core   0: 3 0x800019d0 (0x03abab33) x22 0x07ff23c5
core   0: 0x800019d4 (0x723e11b7) lui     gp, 0x723e1
core   0: 3 0x800019d4 (0x723e11b7) x 3 0x723e1000
core   0: 0x800019d8 (0x0000929a) c.add   t0, t1
core   0: 3 0x800019d8 (0x929a) x 5 0x80000000
core   0: 0x800019da (0x000f40b3) xor     ra, t5, zero
core   0: 3 0x800019da (0x000f40b3) x 1 0x00000000
core   0: 0x800019de (0x02d9b6b3) mulhu   a3, s3, a3
core   0: 3 0x800019de (0x02d9b6b3) x13 0x00000000
core   0: 0x800019e2 (0x7b26cb13) xori    s6, a3, 1970
core   0: 3 0x800019e2 (0x7b26cb13) x22 0x000007b2
core   0: 0x800019e6 (0x014d2eb3) slt     t4, s10, s4
core   0: 3 0x800019e6 (0x014d2eb3) x29 0x00000000
core   0: 0x800019ea (0x00008e95) c.sub   a3, a3
core   0: 3 0x800019ea (0x8e95) x13 0x00000000
core   0: 0x800019ec (0x40b05993) srai    s3, zero, 11
core   0: 3 0x800019ec (0x40b05993) x19 0x00000000
core   0: 0x800019f0 (0x2e90cb13) xori    s6, ra, 745
core   0: 3 0x800019f0 (0x2e90cb13) x22 0x000002e9
core   0: 0x800019f4 (0x02e6eb33) rem     s6, a3, a4
core   0: 3 0x800019f4 (0x02e6eb33) x22 0x00000000
core   0: 0x800019f8 (0x00006141) c.addi16sp sp, 16
core   0: 3 0x800019f8 (0x6141) x 2 0xf7fffcff
core   0: 0x800019fa (0x00008f69) c.and   a4, a0
core   0: 3 0x800019fa (0x8f69) x14 0x00013300
core   0: 0x800019fc (0x02f73db3) mulhu   s11, a4, a5
core   0: 3 0x800019fc (0x02f73db3) x27 0x00000000
core   0: 0x80001a00 (0x021256b3) divu    a3, tp, ra
core   0: 3 0x80001a00 (0x021256b3) x13 0xffffffff
core   0: 0x80001a04 (0x00763c33) sltu    s8, a2, t2
core   0: 3 0x80001a04 (0x00763c33) x24 0x00000000
core   0: 0x80001a08 (0x00008c8d) c.sub   s1, a1
core   0: 3 0x80001a08 (0x8c8d) x 9 0x00006000
core   0: 0x80001a0a (0x0217c033) div     zero, a5, ra
core   0: 3 0x80001a0a (0x0217c033)
core   0: 0x80001a0e (0x00009b9a) c.add   s7, t1
core   0: 3 0x80001a0e (0x9b9a) x23 0x87ff23d7
core   0: 0x80001a10 (0x02526d33) rem     s10, tp, t0
core   0: 3 0x80001a10 (0x02526d33) x26 0x80013ce4
core   0: 0x80001a14 (0x01f09eb3) sll     t4, ra, t6
core   0: 3 0x80001a14 (0x01f09eb3) x29 0x00000000
core   0: 0x80001a18 (0x03c0bb33) mulhu   s6, ra, t3
core   0: 3 0x80001a18 (0x03c0bb33) x22 0x00000000
core   0: 0x80001a1c (0x00000001) c.nop
core   0: 3 0x80001a1c (0x0001)
core   0: 0x80001a1e (0x0000117d) c.addi  sp, -1
core   0: 3 0x80001a1e (0x117d) x 2 0xf7fffcfe
core   0: 0x80001a20 (0x0000472d) c.li    a4, 11
core   0: 3 0x80001a20 (0x472d) x14 0x0000000b
core   0: 0x80001a22 (0x02c80e33) mul     t3, a6, a2
core   0: 3 0x80001a22 (0x02c80e33) x28 0xf9cb0639
core   0: 0x80001a26 (0x0053cfb3) xor     t6, t2, t0
core   0: 3 0x80001a26 (0x0053cfb3) x31 0x80000400
core   0: 0x80001a2a (0x01d35833) srl     a6, t1, t4
core   0: 3 0x80001a2a (0x01d35833) x16 0x80000000
core   0: 0x80001a2e (0x000089aa) c.mv    s3, a0
core   0: 3 0x80001a2e (0x89aa) x19 0xffffffff
core   0: 0x80001a30 (0x0251fe33) remu    t3, gp, t0
core   0: 3 0x80001a30 (0x0251fe33) x28 0x723e1000
core   0: 0x80001a34 (0x79343e13) sltiu   t3, s0, 1939
core   0: 3 0x80001a34 (0x79343e13) x28 0x00000001
core   0: 0x80001a38 (0x03e82833) mulhsu  a6, a6, t5
core   0: 3 0x80001a38 (0x03e82833) x16 0x00000000
core   0: 0x80001a3c (0x00b320b3) slt     ra, t1, a1
core   0: 3 0x80001a3c (0x00b320b3) x 1 0x00000001
core   0: 0x80001a40 (0x00008e79) c.and   a2, a4
core   0: 3 0x80001a40 (0x8e79) x12 0x0000000b
core   0: 0x80001a42 (0x03575fb3) divu    t6, a4, s5
core   0: 3 0x80001a42 (0x03575fb3) x31 0x00000000
core   0: 0x80001a46 (0x000001d9) c.addi  gp, 22
core   0: 3 0x80001a46 (0x01d9) x 3 0x723e1016
core   0: 0x80001a48 (0x0039be33) sltu    t3, s3, gp
core   0: 3 0x80001a48 (0x0039be33) x28 0x00000000
core   0: 0x80001a4c (0x00d03833) snez    a6, a3
core   0: 3 0x80001a4c (0x00d03833) x16 0x00000001
core   0: 0x80001a50 (0x00008552) c.mv    a0, s4
core   0: 3 0x80001a50 (0x8552) x10 0x8000fe64
core   0: 0x80001a52 (0x00000f08) c.addi4spn a0, sp, 912
core   0: 3 0x80001a52 (0x0f08) x10 0xf800008e
core   0: 0x80001a54 (0x000089b2) c.mv    s3, a2
core   0: 3 0x80001a54 (0x89b2) x19 0x0000000b
core   0: 0x80001a56 (0x00000425) c.addi  s0, 9
core   0: 3 0x80001a56 (0x0425) x 8 0x0000000a
core   0: 0x80001a58 (0x853f3b93) sltiu   s7, t5, -1965
core   0: 3 0x80001a58 (0x853f3b93) x23 0x00000001
core   0: 0x80001a5c (0x02fcf2b3) remu    t0, s9, a5
core   0: 3 0x80001a5c (0x02fcf2b3) x 5 0x00000000
core   0: 0x80001a60 (0x0371f833) remu    a6, gp, s7
core   0: 3 0x80001a60 (0x0371f833) x16 0x00000000
core   0: 0x80001a64 (0x00000cba) c.slli  s9, 14
core   0: 3 0x80001a64 (0x0cba) x25 0x000f8000
core   0: 0x80001a66 (0x406b5cb3) sra     s9, s6, t1
core   0: 3 0x80001a66 (0x406b5cb3) x25 0x00000000
core   0: 0x80001a6a (0x00fcfb33) and     s6, s9, a5
core   0: 3 0x80001a6a (0x00fcfb33) x22 0x00000000
core   0: 0x80001a6e (0x00000eba) c.slli  t4, 14
core   0: 3 0x80001a6e (0x0eba) x29 0x00000000
core   0: 0x80001a70 (0x90478593) addi    a1, a5, -1788
core   0: 3 0x80001a70 (0x90478593) x11 0xfffff905
core   0: 0x80001a74 (0x00008779) c.srai  a4, 30
core   0: 3 0x80001a74 (0x8779) x14 0x00000000
core   0: 0x80001a76 (0x00008fc5) c.or    a5, s1
core   0: 3 0x80001a76 (0x8fc5) x15 0x00006001
core   0: 0x80001a78 (0x026f84b3) mul     s1, t6, t1
core   0: 3 0x80001a78 (0x026f84b3) x 9 0x00000000
core   0: 0x80001a7c (0x0379fab3) remu    s5, s3, s7
core   0: 3 0x80001a7c (0x0379fab3) x21 0x00000000
core   0: 0x80001a80 (0x00008af6) c.mv    s5, t4
core   0: 3 0x80001a80 (0x8af6) x21 0x00000000
core   0: 0x80001a82 (0x007dcd33) xor     s10, s11, t2
core   0: 3 0x80001a82 (0x007dcd33) x26 0x00000400
core   0: 0x80001a86 (0x00004a89) c.li    s5, 2
core   0: 3 0x80001a86 (0x4a89) x21 0x00000002
core   0: 0x80001a88 (0x00439093) slli    ra, t2, 4
core   0: 3 0x80001a88 (0x00439093) x 1 0x00004000
core   0: 0x80001a8c (0x03a77133) remu    sp, a4, s10
core   0: 3 0x80001a8c (0x03a77133) x 2 0x00000000
core   0: 0x80001a90 (0x46ece893) ori     a7, s9, 1134
core   0: 3 0x80001a90 (0x46ece893) x17 0x0000046e
core   0: 0x80001a94 (0x006a1a93) slli    s5, s4, 6
core   0: 3 0x80001a94 (0x006a1a93) x21 0x003f9900
core   0: 0x80001a98 (0x00008e19) c.sub   a2, a4
core   0: 3 0x80001a98 (0x8e19) x12 0x0000000b
core   0: 0x80001a9a (0xd4f33d93) sltiu   s11, t1, -689
core   0: 3 0x80001a9a (0xd4f33d93) x27 0x00000001
core   0: 0x80001a9e (0x29562837) lui     a6, 0x29562
core   0: 3 0x80001a9e (0x29562837) x16 0x29562000
core   0: 0x80001aa2 (0x00001e00) c.addi4spn s0, sp, 816
core   0: 3 0x80001aa2 (0x1e00) x 8 0x00000330
core   0: 0x80001aa4 (0x000086f9) c.srai  a3, 30
core   0: 3 0x80001aa4 (0x86f9) x13 0xffffffff
core   0: 0x80001aa6 (0x003593b3) sll     t2, a1, gp
core   0: 3 0x80001aa6 (0x003593b3) x 7 0x41400000
core   0: 0x80001aaa (0x00009e3a) c.add   t3, a4
core   0: 3 0x80001aaa (0x9e3a) x28 0x00000000
core   0: 0x80001aac (0x00005e7d) c.li    t3, -1
core   0: 3 0x80001aac (0x5e7d) x28 0xffffffff
core   0: 0x80001aae (0x4b24c793) xori    a5, s1, 1202
core   0: 3 0x80001aae (0x4b24c793) x15 0x000004b2
core   0: 0x80001ab2 (0xae64f793) andi    a5, s1, -1306
core   0: 3 0x80001ab2 (0xae64f793) x15 0x00000000
core   0: 0x80001ab6 (0x00008f41) c.or    a4, s0
core   0: 3 0x80001ab6 (0x8f41) x14 0x00000330
core   0: 0x80001ab8 (0x02dd7fb3) remu    t6, s10, a3
core   0: 3 0x80001ab8 (0x02dd7fb3) x31 0x00000400
core   0: 0x80001abc (0x76abef93) ori     t6, s7, 1898
core   0: 3 0x80001abc (0x76abef93) x31 0x0000076b
core   0: 0x80001ac0 (0xe242d7b7) lui     a5, 0xe242d
core   0: 3 0x80001ac0 (0xe242d7b7) x15 0xe242d000
core   0: 0x80001ac4 (0x004869b3) or      s3, a6, tp
core   0: 3 0x80001ac4 (0x004869b3) x19 0xa9573ce4
core   0: 0x80001ac8 (0x005c03b3) add     t2, s8, t0
core   0: 3 0x80001ac8 (0x005c03b3) x 7 0x00000000
core   0: 0x80001acc (0x025b9433) mulh    s0, s7, t0
core   0: 3 0x80001acc (0x025b9433) x 8 0x00000000
core   0: 0x80001ad0 (0x016a2133) slt     sp, s4, s6
core   0: 3 0x80001ad0 (0x016a2133) x 2 0x00000001
core   0: 0x80001ad4 (0x00008649) c.srai  a2, 18
core   0: 3 0x80001ad4 (0x8649) x12 0x00000000
core   0: 0x80001ad6 (0x00006165) c.addi16sp sp, 112
core   0: 3 0x80001ad6 (0x6165) x 2 0x00000071
core   0: 0x80001ad8 (0x00000001) c.nop
core   0: 3 0x80001ad8 (0x0001)
core   0: 0x80001ada (0x60efbb93) sltiu   s7, t6, 1550
core   0: 3 0x80001ada (0x60efbb93) x23 0x00000000
core   0: 0x80001ade (0x01c61c13) slli    s8, a2, 28
core   0: 3 0x80001ade (0x01c61c13) x24 0x00000000
core   0: 0x80001ae2 (0x0239f733) remu    a4, s3, gp
core   0: 3 0x80001ae2 (0x0239f733) x14 0x37192cce
core   0: 0x80001ae6 (0x0000486d) c.li    a6, 27
core   0: 3 0x80001ae6 (0x486d) x16 0x0000001b
core   0: 0x80001ae8 (0xeea8cb13) xori    s6, a7, -278
core   0: 3 0x80001ae8 (0xeea8cb13) x22 0xfffffa84
core   0: 0x80001aec (0x02c957b3) divu    a5, s2, a2
core   0: 3 0x80001aec (0x02c957b3) x15 0xffffffff
core   0: 0x80001af0 (0x00008d1d) c.sub   a0, a5
core   0: 3 0x80001af0 (0x8d1d) x10 0xf800008f
core   0: 0x80001af2 (0x00000f32) c.slli  t5, 12
core   0: 3 0x80001af2 (0x0f32) x30 0x00000000
core   0: 0x80001af4 (0x00dbedb3) or      s11, s7, a3
core   0: 3 0x80001af4 (0x00dbedb3) x27 0xffffffff
core   0: 0x80001af8 (0x124e4b13) xori    s6, t3, 292
core   0: 3 0x80001af8 (0x124e4b13) x22 0xfffffedb
core   0: 0x80001afc (0x00009756) c.add   a4, s5
core   0: 3 0x80001afc (0x9756) x14 0x3758c5ce
core   0: 0x80001afe (0x5675ce13) xori    t3, a1, 1383
core   0: 3 0x80001afe (0x5675ce13) x28 0xfffffc62
core   0: 0x80001b02 (0x008c77b3) and     a5, s8, s0
core   0: 3 0x80001b02 (0x008c77b3) x15 0x00000000
core   0: 0x80001b06 (0x015ec5b3) xor     a1, t4, s5
core   0: 3 0x80001b06 (0x015ec5b3) x11 0x003f9900
core   0: 0x80001b0a (0x00008d11) c.sub   a0, a2
core   0: 3 0x80001b0a (0x8d11) x10 0xf800008f
core   0: 0x80001b0c (0x00008e95) c.sub   a3, a3
core   0: 3 0x80001b0c (0x8e95) x13 0x00000000
core   0: 0x80001b0e (0xc9807013) andi    zero, zero, -872
core   0: 3 0x80001b0e (0xc9807013)
core   0: 0x80001b12 (0x69373613) sltiu   a2, a4, 1683
core   0: 3 0x80001b12 (0x69373613) x12 0x00000000
core   0: 0x80001b16 (0x0384cab3) div     s5, s1, s8
core   0: 3 0x80001b16 (0x0384cab3) x21 0xffffffff
core   0: 0x80001b1a (0x02db0933) mul     s2, s6, a3
core   0: 3 0x80001b1a (0x02db0933) x18 0x00000000
core   0: 0x80001b1e (0x2780f597) auipc   a1, 0x2780f
core   0: 3 0x80001b1e (0x2780f597) x11 0xa7810b1e
core   0: 0x80001b22 (0x00245393) srli    t2, s0, 2
core   0: 3 0x80001b22 (0x00245393) x 7 0x00000000
core   0: 0x80001b26 (0x3eb2d517) auipc   a0, 0x3eb2d
core   0: 3 0x80001b26 (0x3eb2d517) x10 0xbeb2eb26
core   0: 0x80001b2a (0x1b656f13) ori     t5, a0, 438
core   0: 3 0x80001b2a (0x1b656f13) x30 0xbeb2ebb6
core   0: 0x80001b2e (0x03708b33) mul     s6, ra, s7
core   0: 3 0x80001b2e (0x03708b33) x22 0x00000000
core   0: 0x80001b32 (0x000082f1) c.srli  a3, 28
core   0: 3 0x80001b32 (0x82f1) x13 0x00000000
core   0: 0x80001b34 (0x41d75913) srai    s2, a4, 29
core   0: 3 0x80001b34 (0x41d75913) x18 0x00000001
core   0: 0x80001b38 (0x01f45b13) srli    s6, s0, 31
core   0: 3 0x80001b38 (0x01f45b13) x22 0x00000000
core   0: 0x80001b3c (0x00008fd1) c.or    a5, a2
core   0: 3 0x80001b3c (0x8fd1) x15 0x00000000
core   0: 0x80001b3e (0x033ee833) rem     a6, t4, s3
core   0: 3 0x80001b3e (0x033ee833) x16 0x00000000
core   0: 0x80001b42 (0x0214ef33) rem     t5, s1, ra
core   0: 3 0x80001b42 (0x0214ef33) x30 0x00000000
core   0: 0x80001b46 (0x00000001) c.nop
core   0: 3 0x80001b46 (0x0001)
core   0: 0x80001b48 (0x005656b3) srl     a3, a2, t0
core   0: 3 0x80001b48 (0x005656b3) x13 0x00000000
core   0: 0x80001b4c (0x019595b3) sll     a1, a1, s9
core   0: 3 0x80001b4c (0x019595b3) x11 0xa7810b1e
core   0: 0x80001b50 (0x00261733) sll     a4, a2, sp
core   0: 3 0x80001b50 (0x00261733) x14 0x00000000
core   0: 0x80001b54 (0x40165293) srai    t0, a2, 1
core   0: 3 0x80001b54 (0x40165293) x 5 0x00000000
core   0: 0x80001b58 (0x02506433) rem     s0, zero, t0
core   0: 3 0x80001b58 (0x02506433) x 8 0x00000000
core   0: 0x80001b5c (0x00008c31) c.xor   s0, a2
core   0: 3 0x80001b5c (0x8c31) x 8 0x00000000
core   0: 0x80001b5e (0x00000001) c.nop
core   0: 3 0x80001b5e (0x0001)
core   0: 0x80001b60 (0x00008f59) c.or    a4, a4
core   0: 3 0x80001b60 (0x8f59) x14 0x00000000
core   0: 0x80001b62 (0xac72a293) slti    t0, t0, -1337
core   0: 3 0x80001b62 (0xac72a293) x 5 0x00000000
core   0: 0x80001b66 (0x020aa8b3) mulhsu  a7, s5, zero
core   0: 3 0x80001b66 (0x020aa8b3) x17 0x00000000
core   0: 0x80001b6a (0x00008ef1) c.and   a3, a2
core   0: 3 0x80001b6a (0x8ef1) x13 0x00000000
core   0: 0x80001b6c (0x4071dc13) srai    s8, gp, 7
core   0: 3 0x80001b6c (0x4071dc13) x24 0x00e47c20
core   0: 0x80001b70 (0x836e7f93) andi    t6, t3, -1994
core   0: 3 0x80001b70 (0x836e7f93) x31 0xfffff822
core   0: 0x80001b74 (0x018aebb3) or      s7, s5, s8
core   0: 3 0x80001b74 (0x018aebb3) x23 0xffffffff
core   0: 0x80001b78 (0x00006fb5) c.lui   t6, 0xd
core   0: 3 0x80001b78 (0x6fb5) x31 0x0000d000
core   0: 0x80001b7a (0x0160bdb3) sltu    s11, ra, s6
core   0: 3 0x80001b7a (0x0160bdb3) x27 0x00000000
core   0: 0x80001b7e (0x0ddc3793) sltiu   a5, s8, 221
core   0: 3 0x80001b7e (0x0ddc3793) x15 0x00000000
core   0: 0x80001b82 (0x03406033) rem     zero, zero, s4
core   0: 3 0x80001b82 (0x03406033)
core   0: 0x80001b86 (0x00f2f633) and     a2, t0, a5
core   0: 3 0x80001b86 (0x00f2f633) x12 0x00000000
core   0: 0x80001b8a (0x0ca8c513) xori    a0, a7, 202
core   0: 3 0x80001b8a (0x0ca8c513) x10 0x000000ca
core   0: 0x80001b8e (0x00008296) c.mv    t0, t0
core   0: 3 0x80001b8e (0x8296) x 5 0x00000000
core   0: 0x80001b90 (0x3f886f13) ori     t5, a6, 1016
core   0: 3 0x80001b90 (0x3f886f13) x30 0x000003f8
core   0: 0x80001b94 (0x00006691) c.lui   a3, 0x4
core   0: 3 0x80001b94 (0x6691) x13 0x00004000
core   0: 0x80001b96 (0x00008d89) c.sub   a1, a0
core   0: 3 0x80001b96 (0x8d89) x11 0xa7810a54
core   0: 0x80001b98 (0x3bf108b7) lui     a7, 0x3bf10
core   0: 3 0x80001b98 (0x3bf108b7) x17 0x3bf10000
core   0: 0x80001b9c (0x0028aeb3) slt     t4, a7, sp
core   0: 3 0x80001b9c (0x0028aeb3) x29 0x00000000
core   0: 0x80001ba0 (0x00008179) c.srli  a0, 30
core   0: 3 0x80001ba0 (0x8179) x10 0x00000000
core   0: 0x80001ba2 (0x17fb6bb7) lui     s7, 0x17fb6
core   0: 3 0x80001ba2 (0x17fb6bb7) x23 0x17fb6000
core   0: 0x80001ba6 (0x00008c21) c.xor   s0, s0
core   0: 3 0x80001ba6 (0x8c21) x 8 0x00000000
core   0: 0x80001ba8 (0xf89ff8b7) lui     a7, 0xf89ff
core   0: 3 0x80001ba8 (0xf89ff8b7) x17 0xf89ff000
core   0: 0x80001bac (0x1e9c7017) auipc   zero, 0x1e9c7
core   0: 3 0x80001bac (0x1e9c7017)
core   0: 0x80001bb0 (0xdc890293) addi    t0, s2, -568
core   0: 3 0x80001bb0 (0xdc890293) x 5 0xfffffdc9
core   0: 0x80001bb4 (0x01789193) slli    gp, a7, 23
core   0: 3 0x80001bb4 (0x01789193) x 3 0x00000000
core   0: 0x80001bb8 (0x03b8ebb3) rem     s7, a7, s11
core   0: 3 0x80001bb8 (0x03b8ebb3) x23 0xf89ff000
core   0: 0x80001bbc (0x000049a1) c.li    s3, 8
core   0: 3 0x80001bbc (0x49a1) x19 0x00000008
core   0: 0x80001bbe (0xc883cb13) xori    s6, t2, -888
core   0: 3 0x80001bbe (0xc883cb13) x22 0xfffffc88
core   0: 0x80001bc2 (0x00001b80) c.addi4spn s0, sp, 496
core   0: 3 0x80001bc2 (0x1b80) x 8 0x00000261
core   0: 0x80001bc4 (0x79b67093) andi    ra, a2, 1947
core   0: 3 0x80001bc4 (0x79b67093) x 1 0x00000000
core   0: 0x80001bc8 (0x01e87033) and     zero, a6, t5
core   0: 3 0x80001bc8 (0x01e87033)
core   0: 0x80001bcc (0x5018ec13) ori     s8, a7, 1281
core   0: 3 0x80001bcc (0x5018ec13) x24 0xf89ff501
core   0: 0x80001bd0 (0x00008cf1) c.and   s1, a2
core   0: 3 0x80001bd0 (0x8cf1) x 9 0x00000000
core   0: 0x80001bd2 (0x45276513) ori     a0, a4, 1106
core   0: 3 0x80001bd2 (0x45276513) x10 0x00000452
core   0: 0x80001bd6 (0x03ea6633) rem     a2, s4, t5
core   0: 3 0x80001bd6 (0x03ea6633) x12 0xfffffc64
core   0: 0x80001bda (0x00009bfd) c.andi  a5, -1
core   0: 3 0x80001bda (0x9bfd) x15 0x00000000
core   0: 0x80001bdc (0x01901993) slli    s3, zero, 25
core   0: 3 0x80001bdc (0x01901993) x19 0x00000000
core   0: 0x80001be0 (0x00e929b3) slt     s3, s2, a4
core   0: 3 0x80001be0 (0x00e929b3) x19 0x00000000
core   0: 0x80001be4 (0x02f09d33) mulh    s10, ra, a5
core   0: 3 0x80001be4 (0x02f09d33) x26 0x00000000
core   0: 0x80001be8 (0x4168d033) sra     zero, a7, s6
core   0: 3 0x80001be8 (0x4168d033)
core   0: 0x80001bec (0x024745b3) div     a1, a4, tp
core   0: 3 0x80001bec (0x024745b3) x11 0x00000000
core   0: 0x80001bf0 (0x02566cb3) rem     s9, a2, t0
core   0: 3 0x80001bf0 (0x02566cb3) x25 0xfffffe9b
core   0: 0x80001bf4 (0x00008d65) c.and   a0, s1
core   0: 3 0x80001bf4 (0x8d65) x10 0x00000000
core   0: 0x80001bf6 (0x01b49913) slli    s2, s1, 27
core   0: 3 0x80001bf6 (0x01b49913) x18 0x00000000
core   0: 0x80001bfa (0x41805913) srai    s2, zero, 24
core   0: 3 0x80001bfa (0x41805913) x18 0x00000000
core   0: 0x80001bfe (0x00f08c17) auipc   s8, 0xf08
core   0: 3 0x80001bfe (0x00f08c17) x24 0x80f09bfe
core   0: 0x80001c02 (0x0000148c) c.addi4spn a1, sp, 608
core   0: 3 0x80001c02 (0x148c) x11 0x000002d1
core   0: 0x80001c04 (0x007053b3) srl     t2, zero, t2
core   0: 3 0x80001c04 (0x007053b3) x 7 0x00000000
core   0: 0x80001c08 (0x03a257b3) divu    a5, tp, s10
core   0: 3 0x80001c08 (0x03a257b3) x15 0xffffffff
core   0: 0x80001c0c (0x02983133) mulhu   sp, a6, s1
core   0: 3 0x80001c0c (0x02983133) x 2 0x00000000
core   0: 0x80001c10 (0xb48e8c97) auipc   s9, 0xb48e8
core   0: 3 0x80001c10 (0xb48e8c97) x25 0x348e9c10
core   0: 0x80001c14 (0x00000001) c.nop
core   0: 3 0x80001c14 (0x0001)
core   0: 0x80001c16 (0xd8873613) sltiu   a2, a4, -632
core   0: 3 0x80001c16 (0xd8873613) x12 0x00000001
core   0: 0x80001c1a (0x0005f7b3) and     a5, a1, zero
core   0: 3 0x80001c1a (0x0005f7b3) x15 0x00000000
core   0: 0x80001c1e (0x00008fd5) c.or    a5, a3
core   0: 3 0x80001c1e (0x8fd5) x15 0x00004000
core   0: 0x80001c20 (0x00000b19) c.addi  s6, 6
core   0: 3 0x80001c20 (0x0b19) x22 0xfffffc8e
core   0: 0x80001c22 (0x00000001) c.nop
core   0: 3 0x80001c22 (0x0001)
core   0: 0x80001c24 (0x00edf6b3) and     a3, s11, a4
core   0: 3 0x80001c24 (0x00edf6b3) x13 0x00000000
core   0: 0x80001c28 (0x00c80d33) add     s10, a6, a2
core   0: 3 0x80001c28 (0x00c80d33) x26 0x00000001
core   0: 0x80001c2c (0x00008bd2) c.mv    s7, s4
core   0: 3 0x80001c2c (0x8bd2) x23 0x8000fe64
core   0: 0x80001c2e (0xa17a2493) slti    s1, s4, -1513
core   0: 3 0x80001c2e (0xa17a2493) x 9 0x00000001
core   0: 0x80001c32 (0x03e8b133) mulhu   sp, a7, t5
core   0: 3 0x80001c32 (0x03e8b133) x 2 0x000003da
core   0: 0x80001c36 (0x41558033) sub     zero, a1, s5
core   0: 3 0x80001c36 (0x41558033)
core   0: 0x80001c3a (0x0113b3b3) sltu    t2, t2, a7
core   0: 3 0x80001c3a (0x0113b3b3) x 7 0x00000001
core   0: 0x80001c3e (0x00000dc5) c.addi  s11, 17
core   0: 3 0x80001c3e (0x0dc5) x27 0x00000011
core   0: 0x80001c40 (0x00005afd) c.li    s5, -1
core   0: 3 0x80001c40 (0x5afd) x21 0xffffffff
core   0: 0x80001c42 (0x0000717d) c.addi16sp sp, -16
core   0: 3 0x80001c42 (0x717d) x 2 0x000003ca
core   0: 0x80001c44 (0x40b25793) srai    a5, tp, 11
core   0: 3 0x80001c44 (0x40b25793) x15 0xfff00027
core   0: 0x80001c48 (0x00008ced) c.and   s1, a1
core   0: 3 0x80001c48 (0x8ced) x 9 0x00000001
core   0: 0x80001c4a (0x012429b3) slt     s3, s0, s2
core   0: 3 0x80001c4a (0x012429b3) x19 0x00000000
core   0: 0x80001c4e (0x0000092d) c.addi  s2, 11
core   0: 3 0x80001c4e (0x092d) x18 0x0000000b
core   0: 0x80001c50 (0x00fb3ab3) sltu    s5, s6, a5
core   0: 3 0x80001c50 (0x00fb3ab3) x21 0x00000000
core   0: 0x80001c54 (0x01fa0533) add     a0, s4, t6
core   0: 3 0x80001c54 (0x01fa0533) x10 0x8001ce64
core   0: 0x80001c58 (0x037879b3) remu    s3, a6, s7
core   0: 3 0x80001c58 (0x037879b3) x19 0x00000000
core   0: 0x80001c5c (0x001ffb33) and     s6, t6, ra
core   0: 3 0x80001c5c (0x001ffb33) x22 0x00000000
core   0: 0x80001c60 (0x015ce3b3) or      t2, s9, s5
core   0: 3 0x80001c60 (0x015ce3b3) x 7 0x348e9c10
core   0: 0x80001c64 (0x01e19f33) sll     t5, gp, t5
core   0: 3 0x80001c64 (0x01e19f33) x30 0x00000000
core   0: 0x80001c68 (0x40c40d33) sub     s10, s0, a2
core   0: 3 0x80001c68 (0x40c40d33) x26 0x00000260
core   0: 0x80001c6c (0x4108d4b3) sra     s1, a7, a6
core   0: 3 0x80001c6c (0x4108d4b3) x 9 0xf89ff000
core   0: 0x80001c70 (0x0389cfb3) div     t6, s3, s8
core   0: 3 0x80001c70 (0x0389cfb3) x31 0x00000000
core   0: 0x80001c74 (0x000042d5) c.li    t0, 21
core   0: 3 0x80001c74 (0x42d5) x 5 0x00000015
core   0: 0x80001c76 (0x026e9133) mulh    sp, t4, t1
core   0: 3 0x80001c76 (0x026e9133) x 2 0x00000000
core   0: 0x80001c7a (0x02976033) rem     zero, a4, s1
core   0: 3 0x80001c7a (0x02976033)
core   0: 0x80001c7e (0x83f90bb7) lui     s7, 0x83f90
core   0: 3 0x80001c7e (0x83f90bb7) x23 0x83f90000
core   0: 0x80001c82 (0x000008f6) c.slli  a7, 29
core   0: 3 0x80001c82 (0x08f6) x17 0x00000000
core   0: 0x80001c84 (0xe94a6993) ori     s3, s4, -364
core   0: 3 0x80001c84 (0xe94a6993) x19 0xfffffef4
core   0: 0x80001c88 (0x4159de33) sra     t3, s3, s5
core   0: 3 0x80001c88 (0x4159de33) x28 0xfffffef4
core   0: 0x80001c8c (0x00008879) c.andi  s0, 30
core   0: 3 0x80001c8c (0x8879) x 8 0x00000000
core   0: 0x80001c8e (0x000c9b13) slli    s6, s9, 0
core   0: 3 0x80001c8e (0x000c9b13) x22 0x348e9c10
core   0: 0x80001c92 (0x01eadc93) srli    s9, s5, 30
core   0: 3 0x80001c92 (0x01eadc93) x25 0x00000000
core   0: 0x80001c96 (0x00006489) c.lui   s1, 0x2
core   0: 3 0x80001c96 (0x6489) x 9 0x00002000
core   0: 0x80001c98 (0x00000001) c.nop
core   0: 3 0x80001c98 (0x0001)
core   0: 0x80001c9a (0x02c91f33) mulh    t5, s2, a2
core   0: 3 0x80001c9a (0x02c91f33) x30 0x00000000
core   0: 0x80001c9e (0x000007e5) c.addi  a5, 25
core   0: 3 0x80001c9e (0x07e5) x15 0xfff00040
core   0: 0x80001ca0 (0x00000e21) c.addi  t3, 8
core   0: 3 0x80001ca0 (0x0e21) x28 0xfffffefc
core   0: 0x80001ca2 (0x028679b3) remu    s3, a2, s0
core   0: 3 0x80001ca2 (0x028679b3) x19 0x00000001
core   0: 0x80001ca6 (0x033637b3) mulhu   a5, a2, s3
core   0: 3 0x80001ca6 (0x033637b3) x15 0x00000000
core   0: 0x80001caa (0x03c01fb3) mulh    t6, zero, t3
core   0: 3 0x80001caa (0x03c01fb3) x31 0x00000000
core   0: 0x80001cae (0x0173f6b3) and     a3, t2, s7
core   0: 3 0x80001cae (0x0173f6b3) x13 0x00880000
core   0: 0x80001cb2 (0x00008c1d) c.sub   s0, a5
core   0: 3 0x80001cb2 (0x8c1d) x 8 0x00000000
core   0: 0x80001cb4 (0xb6477713) andi    a4, a4, -1180
core   0: 3 0x80001cb4 (0xb6477713) x14 0x00000000
core   0: 0x80001cb8 (0x020ff1b3) remu    gp, t6, zero
core   0: 3 0x80001cb8 (0x020ff1b3) x 3 0x00000000
core   0: 0x80001cbc (0x03815633) divu    a2, sp, s8
core   0: 3 0x80001cbc (0x03815633) x12 0x00000000
core   0: 0x80001cc0 (0x00008872) c.mv    a6, t3
core   0: 3 0x80001cc0 (0x8872) x16 0xfffffefc
core   0: 0x80001cc2 (0x00008ebd) c.xor   a3, a5
core   0: 3 0x80001cc2 (0x8ebd) x13 0x00880000
core   0: 0x80001cc4 (0x01240133) add     sp, s0, s2
core   0: 3 0x80001cc4 (0x01240133) x 2 0x0000000b
core   0: 0x80001cc8 (0x0000557d) c.li    a0, -1
core   0: 3 0x80001cc8 (0x557d) x10 0xffffffff
core   0: 0x80001cca (0xe5f13e13) sltiu   t3, sp, -417
core   0: 3 0x80001cca (0xe5f13e13) x28 0x00000001
core   0: 0x80001cce (0x7abb2513) slti    a0, s6, 1963
core   0: 3 0x80001cce (0x7abb2513) x10 0x00000000
core   0: 0x80001cd2 (0x0000809d) c.srli  s1, 7
core   0: 3 0x80001cd2 (0x809d) x 9 0x00000040
core   0: 0x80001cd4 (0x000089de) c.mv    s3, s7
core   0: 3 0x80001cd4 (0x89de) x19 0x83f90000
core   0: 0x80001cd6 (0x00005afd) c.li    s5, -1
core   0: 3 0x80001cd6 (0x5afd) x21 0xffffffff
core   0: 0x80001cd8 (0x013d4eb3) xor     t4, s10, s3
core   0: 3 0x80001cd8 (0x013d4eb3) x29 0x83f90260
core   0: 0x80001cdc (0x02bdb3b3) mulhu   t2, s11, a1
core   0: 3 0x80001cdc (0x02bdb3b3) x 7 0x00000000
core   0: 0x80001ce0 (0x02c2ce33) div     t3, t0, a2
core   0: 3 0x80001ce0 (0x02c2ce33) x28 0xffffffff
core   0: 0x80001ce4 (0x00000001) c.nop
core   0: 3 0x80001ce4 (0x0001)
core   0: 0x80001ce6 (0x5e8ee293) ori     t0, t4, 1512
core   0: 3 0x80001ce6 (0x5e8ee293) x 5 0x83f907e8
core   0: 0x80001cea (0x03669d33) mulh    s10, a3, s6
core   0: 3 0x80001cea (0x03669d33) x26 0x001bebc2
core   0: 0x80001cee (0x02ada033) mulhsu  zero, s11, a0
core   0: 3 0x80001cee (0x02ada033)
core   0: 0x80001cf2 (0x03b6f8b3) remu    a7, a3, s11
core   0: 3 0x80001cf2 (0x03b6f8b3) x17 0x00000000
core   0: 0x80001cf6 (0x03a41cb3) mulh    s9, s0, s10
core   0: 3 0x80001cf6 (0x03a41cb3) x25 0x00000000
core   0: 0x80001cfa (0x6e24d8b7) lui     a7, 0x6e24d
core   0: 3 0x80001cfa (0x6e24d8b7) x17 0x6e24d000
core   0: 0x80001cfe (0x0ea64913) xori    s2, a2, 234
core   0: 3 0x80001cfe (0x0ea64913) x18 0x000000ea
core   0: 0x80001d02 (0x0000685d) c.lui   a6, 0x17
core   0: 3 0x80001d02 (0x685d) x16 0x00017000
core   0: 0x80001d04 (0x00bdbdb3) sltu    s11, s11, a1
core   0: 3 0x80001d04 (0x00bdbdb3) x27 0x00000001
core   0: 0x80001d08 (0x033a13b3) mulh    t2, s4, s3
core   0: 3 0x80001d08 (0x033a13b3) x 7 0x3e0304c0
core   0: 0x80001d0c (0x000085e9) c.srai  a1, 26
core   0: 3 0x80001d0c (0x85e9) x11 0x00000000
core   0: 0x80001d0e (0x00000001) c.nop
core   0: 3 0x80001d0e (0x0001)
core   0: 0x80001d10 (0xf5ba2e13) slti    t3, s4, -165
core   0: 3 0x80001d10 (0xf5ba2e13) x28 0x00000001
core   0: 0x80001d14 (0x02c21db3) mulh    s11, tp, a2
core   0: 3 0x80001d14 (0x02c21db3) x27 0x00000000
core   0: 0x80001d18 (0x0000054e) c.slli  a0, 19
core   0: 3 0x80001d18 (0x054e) x10 0x00000000
core   0: 0x80001d1a (0x7cfcde97) auipc   t4, 0x7cfcd
core   0: 3 0x80001d1a (0x7cfcde97) x29 0xfcfced1a
core   0: 0x80001d1e (0x01322b33) slt     s6, tp, s3
core   0: 3 0x80001d1e (0x01322b33) x22 0x00000001
core   0: 0x80001d22 (0x000086d1) c.srai  a3, 20
core   0: 3 0x80001d22 (0x86d1) x13 0x00000008
core   0: 0x80001d24 (0x00481613) slli    a2, a6, 4
core   0: 3 0x80001d24 (0x00481613) x12 0x00170000
core   0: 0x80001d28 (0xeb3d0c13) addi    s8, s10, -333
core   0: 3 0x80001d28 (0xeb3d0c13) x24 0x001bea75
core   0: 0x80001d2c (0x00008bb5) c.andi  a5, 13
core   0: 3 0x80001d2c (0x8bb5) x15 0x00000000
core   0: 0x80001d2e (0x00554833) xor     a6, a0, t0
core   0: 3 0x80001d2e (0x00554833) x16 0x83f907e8
core   0: 0x80001d32 (0x40bfdc93) srai    s9, t6, 11
core   0: 3 0x80001d32 (0x40bfdc93) x25 0x00000000
core   0: 0x80001d36 (0xdcbc7893) andi    a7, s8, -565
core   0: 3 0x80001d36 (0xdcbc7893) x17 0x001be841
core   0: 0x80001d3a (0x401e8b33) sub     s6, t4, ra
core   0: 3 0x80001d3a (0x401e8b33) x22 0xfcfced1a
core   0: 0x80001d3e (0x02fa73b3) remu    t2, s4, a5
core   0: 3 0x80001d3e (0x02fa73b3) x 7 0x8000fe64
core   0: 0x80001d42 (0x0000587d) c.li    a6, -1
core   0: 3 0x80001d42 (0x587d) x16 0xffffffff
core   0: 0x80001d44 (0x5c19b193) sltiu   gp, s3, 1473
core   0: 3 0x80001d44 (0x5c19b193) x 3 0x00000000
core   0: 0x80001d48 (0x0000804d) c.srli  s0, 19
core   0: 3 0x80001d48 (0x804d) x 8 0x00000000
core   0: 0x80001d4a (0x71332713) slti    a4, t1, 1811
core   0: 3 0x80001d4a (0x71332713) x14 0x00000001
core   0: 0x80001d4e (0x40445613) srai    a2, s0, 4
core   0: 3 0x80001d4e (0x40445613) x12 0x00000000
core   0: 0x80001d52 (0x02b54d33) div     s10, a0, a1
core   0: 3 0x80001d52 (0x02b54d33) x26 0xffffffff
core   0: 0x80001d56 (0xe820c093) xori    ra, ra, -382
core   0: 3 0x80001d56 (0xe820c093) x 1 0xfffffe82
core   0: 0x80001d5a (0x007a5c33) srl     s8, s4, t2
core   0: 3 0x80001d5a (0x007a5c33) x24 0x08000fe6
core   0: 0x80001d5e (0x00008856) c.mv    a6, s5
core   0: 3 0x80001d5e (0x8856) x16 0xffffffff
core   0: 0x80001d60 (0x0168a4b3) slt     s1, a7, s6
core   0: 3 0x80001d60 (0x0168a4b3) x 9 0x00000000
core   0: 0x80001d64 (0x53a4bd13) sltiu   s10, s1, 1338
core   0: 3 0x80001d64 (0x53a4bd13) x26 0x00000001
core   0: 0x80001d68 (0x00000001) c.nop
core   0: 3 0x80001d68 (0x0001)
core   0: 0x80001d6a (0x016246b3) xor     a3, tp, s6
core   0: 3 0x80001d6a (0x016246b3) x13 0x7cfdd1fe
core   0: 0x80001d6e (0x00009806) c.add   a6, ra
core   0: 3 0x80001d6e (0x9806) x16 0xfffffe81
core   0: 0x80001d70 (0x00006e09) c.lui   t3, 0x2
core   0: 3 0x80001d70 (0x6e09) x28 0x00002000
core   0: 0x80001d72 (0x00006e59) c.lui   t3, 0x16
core   0: 3 0x80001d72 (0x6e59) x28 0x00016000
core   0: 0x80001d74 (0x00c7a933) slt     s2, a5, a2
core   0: 3 0x80001d74 (0x00c7a933) x18 0x00000000
core   0: 0x80001d78 (0x0000946e) c.add   s0, s11
core   0: 3 0x80001d78 (0x946e) x 8 0x00000000
core   0: 0x80001d7a (0x033180b3) mul     ra, gp, s3
core   0: 3 0x80001d7a (0x033180b3) x 1 0x00000000
core   0: 0x80001d7e (0x00000755) c.addi  a4, 21
core   0: 3 0x80001d7e (0x0755) x14 0x00000016
core   0: 0x80001d80 (0x00008371) c.srli  a4, 28
core   0: 3 0x80001d80 (0x8371) x14 0x00000000
core   0: 0x80001d82 (0x03eff933) remu    s2, t6, t5
core   0: 3 0x80001d82 (0x03eff933) x18 0x00000000
core   0: 0x80001d86 (0x00b0be33) sltu    t3, ra, a1
core   0: 3 0x80001d86 (0x00b0be33) x28 0x00000000
core   0: 0x80001d8a (0x00008d6e) c.mv    s10, s11
core   0: 3 0x80001d8a (0x8d6e) x26 0x00000000
core   0: 0x80001d8c (0x00008cdd) c.or    s1, a5
core   0: 3 0x80001d8c (0x8cdd) x 9 0x00000000
core   0: 0x80001d8e (0x00145633) srl     a2, s0, ra
core   0: 3 0x80001d8e (0x00145633) x12 0x00000000
core   0: 0x80001d92 (0x00000f3e) c.slli  t5, 15
core   0: 3 0x80001d92 (0x0f3e) x30 0x00000000
core   0: 0x80001d94 (0x92c8b997) auipc   s3, 0x92c8b
core   0: 3 0x80001d94 (0x92c8b997) x19 0x12c8cd94
core   0: 0x80001d98 (0x00008435) c.srai  s0, 13
core   0: 3 0x80001d98 (0x8435) x 8 0x00000000
core   0: 0x80001d9a (0x00abf9b3) and     s3, s7, a0
core   0: 3 0x80001d9a (0x00abf9b3) x19 0x00000000
core   0: 0x80001d9e (0x026b45b3) div     a1, s6, t1
core   0: 3 0x80001d9e (0x026b45b3) x11 0x00000000
core   0: 0x80001da2 (0x00000388) c.addi4spn a0, sp, 448
core   0: 3 0x80001da2 (0x0388) x10 0x000001cb
core   0: 0x80001da4 (0x03655133) divu    sp, a0, s6
core   0: 3 0x80001da4 (0x03655133) x 2 0x00000000
core   0: 0x80001da8 (0x3c3af693) andi    a3, s5, 963
core   0: 3 0x80001da8 (0x3c3af693) x13 0x000003c3
core   0: 0x80001dac (0x00000099) c.addi  ra, 6
core   0: 3 0x80001dac (0x0099) x 1 0x00000006
core   0: 0x80001dae (0x01fe9893) slli    a7, t4, 31
core   0: 3 0x80001dae (0x01fe9893) x17 0x00000000
core   0: 0x80001db2 (0x00f9c433) xor     s0, s3, a5
core   0: 3 0x80001db2 (0x00f9c433) x 8 0x00000000
core   0: 0x80001db6 (0x00196bb3) or      s7, s2, ra
core   0: 3 0x80001db6 (0x00196bb3) x23 0x00000006
core   0: 0x80001dba (0x03559633) mulh    a2, a1, s5
core   0: 3 0x80001dba (0x03559633) x12 0x00000000
core   0: 0x80001dbe (0x00000001) c.nop
core   0: 3 0x80001dbe (0x0001)
core   0: 0x80001dc0 (0x00000001) c.nop
core   0: 3 0x80001dc0 (0x0001)
core   0: 0x80001dc2 (0x00008f41) c.or    a4, s0
core   0: 3 0x80001dc2 (0x8f41) x14 0x00000000
core   0: 0x80001dc4 (0x00006de5) c.lui   s11, 0x19
core   0: 3 0x80001dc4 (0x6de5) x27 0x00019000
core   0: 0x80001dc6 (0x00c01933) sll     s2, zero, a2
core   0: 3 0x80001dc6 (0x00c01933) x18 0x00000000
core   0: 0x80001dca (0x00008d31) c.xor   a0, a2
core   0: 3 0x80001dca (0x8d31) x10 0x000001cb
core   0: 0x80001dcc (0x00669133) sll     sp, a3, t1
core   0: 3 0x80001dcc (0x00669133) x 2 0x000003c3
core   0: 0x80001dd0 (0x02e1dfb3) divu    t6, gp, a4
core   0: 3 0x80001dd0 (0x02e1dfb3) x31 0xffffffff
core   0: 0x80001dd4 (0x0267dfb3) divu    t6, a5, t1
core   0: 3 0x80001dd4 (0x0267dfb3) x31 0x00000000
core   0: 0x80001dd8 (0x00008c71) c.and   s0, a2
core   0: 3 0x80001dd8 (0x8c71) x 8 0x00000000
core   0: 0x80001dda (0x006915b3) sll     a1, s2, t1
core   0: 3 0x80001dda (0x006915b3) x11 0x00000000
core   0: 0x80001dde (0x0000717d) c.addi16sp sp, -16
core   0: 3 0x80001dde (0x717d) x 2 0x000003b3
core   0: 0x80001de0 (0x0000717d) c.addi16sp sp, -16
core   0: 3 0x80001de0 (0x717d) x 2 0x000003a3
core   0: 0x80001de2 (0x000048f1) c.li    a7, 28
core   0: 3 0x80001de2 (0x48f1) x17 0x0000001c
core   0: 0x80001de4 (0x00008d21) c.xor   a0, s0
core   0: 3 0x80001de4 (0x8d21) x10 0x000001cb
core   0: 0x80001de6 (0x00000001) c.nop
core   0: 3 0x80001de6 (0x0001)
core   0: 0x80001de8 (0x0000482d) c.li    a6, 11
core   0: 3 0x80001de8 (0x482d) x16 0x0000000b
core   0: 0x80001dea (0x02ffaab3) mulhsu  s5, t6, a5
core   0: 3 0x80001dea (0x02ffaab3) x21 0x00000000
core   0: 0x80001dee (0x000064f9) c.lui   s1, 0x1e
core   0: 3 0x80001dee (0x64f9) x 9 0x0001e000
core   0: 0x80001df0 (0x0000864d) c.srai  a2, 19
core   0: 3 0x80001df0 (0x864d) x12 0x00000000
core   0: 0x80001df2 (0x01d45733) srl     a4, s0, t4
core   0: 3 0x80001df2 (0x01d45733) x14 0x00000000
core   0: 0x80001df6 (0x00000001) c.nop
core   0: 3 0x80001df6 (0x0001)
core   0: 0x80001df8 (0x401a5cb3) sra     s9, s4, ra
core   0: 3 0x80001df8 (0x401a5cb3) x25 0xfe0003f9
core   0: 0x80001dfc (0x000085b5) c.srai  a1, 13
core   0: 3 0x80001dfc (0x85b5) x11 0x00000000
core   0: 0x80001dfe (0xb0bd3c13) sltiu   s8, s10, -1269
core   0: 3 0x80001dfe (0xb0bd3c13) x24 0x00000001
core   0: 0x80001e02 (0x00008055) c.srli  s0, 21
core   0: 3 0x80001e02 (0x8055) x 8 0x00000000
core   0: 0x80001e04 (0x2471cf93) xori    t6, gp, 583
core   0: 3 0x80001e04 (0x2471cf93) x31 0x00000247
core   0: 0x80001e08 (0x0000611d) c.addi16sp sp, 416
core   0: 3 0x80001e08 (0x611d) x 2 0x00000543
core   0: 0x80001e0a (0x03d4e3b3) rem     t2, s1, t4
core   0: 3 0x80001e0a (0x03d4e3b3) x 7 0x0001e000
core   0: 0x80001e0e (0x02adbfb3) mulhu   t6, s11, a0
core   0: 3 0x80001e0e (0x02adbfb3) x31 0x00000000
core   0: 0x80001e12 (0x00006d85) c.lui   s11, 0x1
core   0: 3 0x80001e12 (0x6d85) x27 0x00001000
core   0: 0x80001e14 (0x02a43513) sltiu   a0, s0, 42
core   0: 3 0x80001e14 (0x02a43513) x10 0x00000001
core   0: 0x80001e18 (0x0282cf33) div     t5, t0, s0
core   0: 3 0x80001e18 (0x0282cf33) x30 0xffffffff
core   0: 0x80001e1c (0x00008ea5) c.xor   a3, s1
core   0: 3 0x80001e1c (0x8ea5) x13 0x0001e3c3
core   0: 0x80001e1e (0x5ec6a013) slti    zero, a3, 1516
core   0: 3 0x80001e1e (0x5ec6a013)
core   0: 0x80001e22 (0x02b77833) remu    a6, a4, a1
core   0: 3 0x80001e22 (0x02b77833) x16 0x00000000
core   0: 0x80001e26 (0x0000850d) c.srai  a0, 3
core   0: 3 0x80001e26 (0x850d) x10 0x00000000
core   0: 0x80001e28 (0x796c3413) sltiu   s0, s8, 1942
core   0: 3 0x80001e28 (0x796c3413) x 8 0x00000001
core   0: 0x80001e2c (0x1c81e713) ori     a4, gp, 456
core   0: 3 0x80001e2c (0x1c81e713) x14 0x000001c8
core   0: 0x80001e30 (0x023fa6b3) mulhsu  a3, t6, gp
core   0: 3 0x80001e30 (0x023fa6b3) x13 0x00000000
core   0: 0x80001e34 (0x00006161) c.addi16sp sp, 80
core   0: 3 0x80001e34 (0x6161) x 2 0x00000593
core   0: 0x80001e36 (0x41b85613) srai    a2, a6, 27
core   0: 3 0x80001e36 (0x41b85613) x12 0x00000000
core   0: 0x80001e3a (0xaa1d0b17) auipc   s6, 0xaa1d0
core   0: 3 0x80001e3a (0xaa1d0b17) x22 0x2a1d1e3a
core   0: 0x80001e3e (0x02fe7933) remu    s2, t3, a5
core   0: 3 0x80001e3e (0x02fe7933) x18 0x00000000
core   0: 0x80001e42 (0xe006a113) slti    sp, a3, -512
core   0: 3 0x80001e42 (0xe006a113) x 2 0x00000000
core   0: 0x80001e46 (0xc2034393) xori    t2, t1, -992
core   0: 3 0x80001e46 (0xc2034393) x 7 0x7ffffc20
core   0: 0x80001e4a (0x0000944e) c.add   s0, s3
core   0: 3 0x80001e4a (0x944e) x 8 0x00000001
core   0: 0x80001e4c (0x02e8e833) rem     a6, a7, a4
core   0: 3 0x80001e4c (0x02e8e833) x16 0x0000001c
core   0: 0x80001e50 (0x02b17db3) remu    s11, sp, a1
core   0: 3 0x80001e50 (0x02b17db3) x27 0x00000000
core   0: 0x80001e54 (0x02936f33) rem     t5, t1, s1
core   0: 3 0x80001e54 (0x02936f33) x30 0xffff8000
core   0: 0x80001e58 (0xf90e6697) auipc   a3, 0xf90e6
core   0: 3 0x80001e58 (0xf90e6697) x13 0x790e7e58
core   0: 0x80001e5c (0x00000001) c.nop
core   0: 3 0x80001e5c (0x0001)
core   0: 0x80001e5e (0x00e9d613) srli    a2, s3, 14
core   0: 3 0x80001e5e (0x00e9d613) x12 0x00000000
core   0: 0x80001e62 (0x00000001) c.nop
core   0: 3 0x80001e62 (0x0001)
core   0: 0x80001e64 (0x410dd593) srai    a1, s11, 16
core   0: 3 0x80001e64 (0x410dd593) x11 0x00000000
core   0: 0x80001e68 (0x00008d31) c.xor   a0, a2
core   0: 3 0x80001e68 (0x8d31) x10 0x00000000
core   0: 0x80001e6a (0x00008e71) c.and   a2, a2
core   0: 3 0x80001e6a (0x8e71) x12 0x00000000
core   0: 0x80001e6c (0x00006161) c.addi16sp sp, 80
core   0: 3 0x80001e6c (0x6161) x 2 0x00000050
core   0: 0x80001e6e (0x0000835d) c.srli  a4, 23
core   0: 3 0x80001e6e (0x835d) x14 0x00000000
core   0: 0x80001e70 (0x2ddc6713) ori     a4, s8, 733
core   0: 3 0x80001e70 (0x2ddc6713) x14 0x000002dd
core   0: 0x80001e74 (0x00008fd1) c.or    a5, a2
core   0: 3 0x80001e74 (0x8fd1) x15 0x00000000
core   0: 0x80001e76 (0x199495b7) lui     a1, 0x19949
core   0: 3 0x80001e76 (0x199495b7) x11 0x19949000
core   0: 0x80001e7a (0x004efd33) and     s10, t4, tp
core   0: 3 0x80001e7a (0x004efd33) x26 0x80002c00
core   0: 0x80001e7e (0x01016633) or      a2, sp, a6
core   0: 3 0x80001e7e (0x01016633) x12 0x0000005c
core   0: 0x80001e82 (0x71394013) xori    zero, s2, 1811
core   0: 3 0x80001e82 (0x71394013)
core   0: 0x80001e86 (0x1cc38b93) addi    s7, t2, 460
core   0: 3 0x80001e86 (0x1cc38b93) x23 0x7ffffdec
core   0: 0x80001e8a (0x00008ec1) c.or    a3, s0
core   0: 3 0x80001e8a (0x8ec1) x13 0x790e7e59
core   0: 0x80001e8c (0x00ae9733) sll     a4, t4, a0
core   0: 3 0x80001e8c (0x00ae9733) x14 0xfcfced1a
core   0: 0x80001e90 (0x0101de13) srli    t3, gp, 16
core   0: 3 0x80001e90 (0x0101de13) x28 0x00000000
core   0: 0x80001e94 (0x00643b33) sltu    s6, s0, t1
core   0: 3 0x80001e94 (0x00643b33) x22 0x00000001
core   0: 0x80001e98 (0x5e2d2993) slti    s3, s10, 1506
core   0: 3 0x80001e98 (0x5e2d2993) x19 0x00000001
core   0: 0x80001e9c (0x014ce133) or      sp, s9, s4
core   0: 3 0x80001e9c (0x014ce133) x 2 0xfe00fffd
core   0: 0x80001ea0 (0x00008339) c.srli  a4, 14
core   0: 3 0x80001ea0 (0x8339) x14 0x0003f3f3
core   0: 0x80001ea2 (0xc75af593) andi    a1, s5, -907
core   0: 3 0x80001ea2 (0xc75af593) x11 0x00000000
core   0: 0x80001ea6 (0x01ae5013) srli    zero, t3, 26
core   0: 3 0x80001ea6 (0x01ae5013)
core   0: 0x80001eaa (0x00008ac2) c.mv    s5, a6
core   0: 3 0x80001eaa (0x8ac2) x21 0x0000001c
core   0: 0x80001eac (0x01e2c2b3) xor     t0, t0, t5
core   0: 3 0x80001eac (0x01e2c2b3) x 5 0x7c0687e8
core   0: 0x80001eb0 (0x403e8bb3) sub     s7, t4, gp
core   0: 3 0x80001eb0 (0x403e8bb3) x23 0xfcfced1a
core   0: 0x80001eb4 (0x00e65733) srl     a4, a2, a4
core   0: 3 0x80001eb4 (0x00e65733) x14 0x00000000
core   0: 0x80001eb8 (0x01f8d613) srli    a2, a7, 31
core   0: 3 0x80001eb8 (0x01f8d613) x12 0x00000000
core   0: 0x80001ebc (0x00211433) sll     s0, sp, sp
core   0: 3 0x80001ebc (0x00211433) x 8 0xa0000000
core   0: 0x80001ec0 (0x019d7033) and     zero, s10, s9
core   0: 3 0x80001ec0 (0x019d7033)
core   0: 0x80001ec4 (0x00006665) c.lui   a2, 0x19
core   0: 3 0x80001ec4 (0x6665) x12 0x00019000
core   0: 0x80001ec6 (0x0000018c) c.addi4spn a1, sp, 192
core   0: 3 0x80001ec6 (0x018c) x11 0xfe0100bd
core   0: 0x80001ec8 (0x004636b3) sltu    a3, a2, tp
core   0: 3 0x80001ec8 (0x004636b3) x13 0x00000001
core   0: 0x80001ecc (0x00000001) c.nop
core   0: 3 0x80001ecc (0x0001)
core   0: 0x80001ece (0x005f8d33) add     s10, t6, t0
core   0: 3 0x80001ece (0x005f8d33) x26 0x7c0687e8
core   0: 0x80001ed2 (0x03a8c8b3) div     a7, a7, s10
core   0: 3 0x80001ed2 (0x03a8c8b3) x17 0x00000000
core   0: 0x80001ed6 (0x41e75293) srai    t0, a4, 30
core   0: 3 0x80001ed6 (0x41e75293) x 5 0x00000000
core   0: 0x80001eda (0x00008d41) c.or    a0, s0
core   0: 3 0x80001eda (0x8d41) x10 0xa0000000
core   0: 0x80001edc (0x00a79093) slli    ra, a5, 10
core   0: 3 0x80001edc (0x00a79093) x 1 0x00000000
core   0: 0x80001ee0 (0x50b376b7) lui     a3, 0x50b37
core   0: 3 0x80001ee0 (0x50b376b7) x13 0x50b37000
core   0: 0x80001ee4 (0x034bf733) remu    a4, s7, s4
core   0: 3 0x80001ee4 (0x034bf733) x14 0x7cfbeeb6
core   0: 0x80001ee8 (0x00008a35) c.andi  a2, 13
core   0: 3 0x80001ee8 (0x8a35) x12 0x00000000
core   0: 0x80001eea (0x01cc8b33) add     s6, s9, t3
core   0: 3 0x80001eea (0x01cc8b33) x22 0xfe0003f9
core   0: 0x80001eee (0x0eae02b7) lui     t0, 0xeae0
core   0: 3 0x80001eee (0x0eae02b7) x 5 0x0eae0000
core   0: 0x80001ef2 (0x000054fd) c.li    s1, -1
core   0: 3 0x80001ef2 (0x54fd) x 9 0xffffffff
core   0: 0x80001ef4 (0x00006741) c.lui   a4, 0x10
core   0: 3 0x80001ef4 (0x6741) x14 0x00010000
core   0: 0x80001ef6 (0x5a714993) xori    s3, sp, 1447
core   0: 3 0x80001ef6 (0x5a714993) x19 0xfe00fa5a
core   0: 0x80001efa (0x40f25d33) sra     s10, tp, a5
core   0: 3 0x80001efa (0x40f25d33) x26 0x80013ce4
core   0: 0x80001efe (0x2c1e3013) sltiu   zero, t3, 705
core   0: 3 0x80001efe (0x2c1e3013)
core   0: 0x80001f02 (0x00456eb3) or      t4, a0, tp
core   0: 3 0x80001f02 (0x00456eb3) x29 0xa0013ce4
core   0: 0x80001f06 (0x016b8d33) add     s10, s7, s6
core   0: 3 0x80001f06 (0x016b8d33) x26 0xfafcf113
core   0: 0x80001f0a (0x00006139) c.addi16sp sp, 448
core   0: 3 0x80001f0a (0x6139) x 2 0xfe0101bd
core   0: 0x80001f0c (0x01e1c633) xor     a2, gp, t5
core   0: 3 0x80001f0c (0x01e1c633) x12 0xffff8000
core   0: 0x80001f10 (0x03c365b3) rem     a1, t1, t3
core   0: 3 0x80001f10 (0x03c365b3) x11 0x80000000
core   0: 0x80001f14 (0x00c8ac33) slt     s8, a7, a2
core   0: 3 0x80001f14 (0x00c8ac33) x24 0x00000000
core   0: 0x80001f18 (0x0378de33) divu    t3, a7, s7
core   0: 3 0x80001f18 (0x0378de33) x28 0x00000000
core   0: 0x80001f1c (0x00939d13) slli    s10, t2, 9
core   0: 3 0x80001f1c (0x00939d13) x26 0xfff84000
core   0: 0x80001f20 (0x03d7e633) rem     a2, a5, t4
core   0: 3 0x80001f20 (0x03d7e633) x12 0x00000000
core   0: 0x80001f24 (0x000083b5) c.srli  a5, 13
core   0: 3 0x80001f24 (0x83b5) x15 0x00000000
core   0: 0x80001f26 (0x000080ce) c.mv    ra, s3
core   0: 3 0x80001f26 (0x80ce) x 1 0xfe00fa5a
core   0: 0x80001f28 (0x00008d31) c.xor   a0, a2
core   0: 3 0x80001f28 (0x8d31) x10 0xa0000000
core   0: 0x80001f2a (0x42486893) ori     a7, a6, 1060
core   0: 3 0x80001f2a (0x42486893) x17 0x0000043c
core   0: 0x80001f2e (0x03635cb3) divu    s9, t1, s6
core   0: 3 0x80001f2e (0x03635cb3) x25 0x00000000
core   0: 0x80001f32 (0x00008dd5) c.or    a1, a3
core   0: 3 0x80001f32 (0x8dd5) x11 0xd0b37000
core   0: 0x80001f34 (0x00961e33) sll     t3, a2, s1
core   0: 3 0x80001f34 (0x00961e33) x28 0x00000000
core   0: 0x80001f38 (0x02da82b3) mul     t0, s5, a3
core   0: 3 0x80001f38 (0x02da82b3) x 5 0xd3a04000
core   0: 0x80001f3c (0x00009a7d) c.andi  a2, -1
core   0: 3 0x80001f3c (0x9a7d) x12 0x00000000
core   0: 0x80001f3e (0x40b105b3) sub     a1, sp, a1
core   0: 3 0x80001f3e (0x40b105b3) x11 0x2d4d91bd
core   0: 0x80001f42 (0x000014fd) c.addi  s1, -1
core   0: 3 0x80001f42 (0x14fd) x 9 0xfffffffe
core   0: 0x80001f44 (0x027a2533) mulhsu  a0, s4, t2
core   0: 3 0x80001f44 (0x027a2533) x10 0xc0008121
core   0: 0x80001f48 (0x00008fbd) c.xor   a5, a5
core   0: 3 0x80001f48 (0x8fbd) x15 0x00000000
core   0: 0x80001f4a (0x019b1633) sll     a2, s6, s9
core   0: 3 0x80001f4a (0x019b1633) x12 0xfe0003f9
core   0: 0x80001f4e (0x02ba9fb3) mulh    t6, s5, a1
core   0: 3 0x80001f4e (0x02ba9fb3) x31 0x00000004
core   0: 0x80001f52 (0x0397bcb3) mulhu   s9, a5, s9
core   0: 3 0x80001f52 (0x0397bcb3) x25 0x00000000
core   0: 0x80001f56 (0x54b9e093) ori     ra, s3, 1355
core   0: 3 0x80001f56 (0x54b9e093) x 1 0xfe00ff5b
core   0: 0x80001f5a (0x00008a8a) c.mv    s5, sp
core   0: 3 0x80001f5a (0x8a8a) x21 0xfe0101bd
core   0: 0x80001f5c (0xc0730f93) addi    t6, t1, -1017
core   0: 3 0x80001f5c (0xc0730f93) x31 0x7ffffc07
core   0: 0x80001f60 (0x41780633) sub     a2, a6, s7
core   0: 3 0x80001f60 (0x41780633) x12 0x03031302
core   0: 0x80001f64 (0x02ef2b33) mulhsu  s6, t5, a4
core   0: 3 0x80001f64 (0x02ef2b33) x22 0xffffffff
core   0: 0x80001f68 (0x00009452) c.add   s0, s4
core   0: 3 0x80001f68 (0x9452) x 8 0x2000fe64
core   0: 0x80001f6a (0x02d0c133) div     sp, ra, a3
core   0: 3 0x80001f6a (0x02d0c133) x 2 0x00000000
core   0: 0x80001f6e (0x4004ddb3) sra     s11, s1, zero
core   0: 3 0x80001f6e (0x4004ddb3) x27 0xfffffffe
core   0: 0x80001f72 (0x01156533) or      a0, a0, a7
core   0: 3 0x80001f72 (0x01156533) x10 0xc000853d
core   0: 0x80001f76 (0x7a330813) addi    a6, t1, 1955
core   0: 3 0x80001f76 (0x7a330813) x16 0x800007a3
core   0: 0x80001f7a (0x00006809) c.lui   a6, 0x2
core   0: 3 0x80001f7a (0x6809) x16 0x00002000
core   0: 0x80001f7c (0x019c77b3) and     a5, s8, s9
core   0: 3 0x80001f7c (0x019c77b3) x15 0x00000000
core   0: 0x80001f80 (0x00008191) c.srli  a1, 4
core   0: 3 0x80001f80 (0x8191) x11 0x02d4d91b
core   0: 0x80001f82 (0x40875b93) srai    s7, a4, 8
core   0: 3 0x80001f82 (0x40875b93) x23 0x00000100
core   0: 0x80001f86 (0x404a0c33) sub     s8, s4, tp
core   0: 3 0x80001f86 (0x404a0c33) x24 0xffffc180
core   0: 0x80001f8a (0x595cff13) andi    t5, s9, 1429
core   0: 3 0x80001f8a (0x595cff13) x30 0x00000000
core   0: 0x80001f8e (0x09e7ef93) ori     t6, a5, 158
core   0: 3 0x80001f8e (0x09e7ef93) x31 0x0000009e
core   0: 0x80001f92 (0x001f25b3) slt     a1, t5, ra
core   0: 3 0x80001f92 (0x001f25b3) x11 0x00000000
core   0: 0x80001f96 (0x027db933) mulhu   s2, s11, t2
core   0: 3 0x80001f96 (0x027db933) x18 0x7ffffc1f
core   0: 0x80001f9a (0x3d137b17) auipc   s6, 0x3d137
core   0: 3 0x80001f9a (0x3d137b17) x22 0xbd138f9a
core   0: 0x80001f9e (0x00006fb9) c.lui   t6, 0xe
core   0: 3 0x80001f9e (0x6fb9) x31 0x0000e000
core   0: 0x80001fa0 (0x00008f41) c.or    a4, s0
core   0: 3 0x80001fa0 (0x8f41) x14 0x2001fe64
core   0: 0x80001fa2 (0xe52f6293) ori     t0, t5, -430
core   0: 3 0x80001fa2 (0xe52f6293) x 5 0xfffffe52
core   0: 0x80001fa6 (0x966bf913) andi    s2, s7, -1690
core   0: 3 0x80001fa6 (0x966bf913) x18 0x00000100
core   0: 0x80001faa (0x12e2e737) lui     a4, 0x12e2e
core   0: 3 0x80001faa (0x12e2e737) x14 0x12e2e000
core   0: 0x80001fae (0x0221f2b3) remu    t0, gp, sp
core   0: 3 0x80001fae (0x0221f2b3) x 5 0x00000000
core   0: 0x80001fb2 (0x00e4ae33) slt     t3, s1, a4
core   0: 3 0x80001fb2 (0x00e4ae33) x28 0x00000001
core   0: 0x80001fb6 (0x00000100) c.addi4spn s0, sp, 128
core   0: 3 0x80001fb6 (0x0100) x 8 0x00000080
core   0: 0x80001fb8 (0x00008e6d) c.and   a2, a1
core   0: 3 0x80001fb8 (0x8e6d) x12 0x00000000
core   0: 0x80001fba (0x000083c5) c.srli  a5, 17
core   0: 3 0x80001fba (0x83c5) x15 0x00000000
core   0: 0x80001fbc (0x69465817) auipc   a6, 0x69465
core   0: 3 0x80001fbc (0x69465817) x16 0xe9466fbc
core   0: 0x80001fc0 (0x03cab433) mulhu   s0, s5, t3
core   0: 3 0x80001fc0 (0x03cab433) x 8 0x00000000
core   0: 0x80001fc4 (0x85957593) andi    a1, a0, -1959
core   0: 3 0x80001fc4 (0x85957593) x11 0xc0008019
core   0: 0x80001fc8 (0x0000099c) c.addi4spn a5, sp, 208
core   0: 3 0x80001fc8 (0x099c) x15 0x000000d0
core   0: 0x80001fca (0x4126d933) sra     s2, a3, s2
core   0: 3 0x80001fca (0x4126d933) x18 0x50b37000
core   0: 0x80001fce (0x0234d433) divu    s0, s1, gp
core   0: 3 0x80001fce (0x0234d433) x 8 0xffffffff
core   0: 0x80001fd2 (0x01eb13b3) sll     t2, s6, t5
core   0: 3 0x80001fd2 (0x01eb13b3) x 7 0xbd138f9a
core   0: 0x80001fd6 (0x00e65813) srli    a6, a2, 14
core   0: 3 0x80001fd6 (0x00e65813) x16 0x00000000
core   0: 0x80001fda (0x8bbe8493) addi    s1, t4, -1861
core   0: 3 0x80001fda (0x8bbe8493) x 9 0xa001359f
core   0: 0x80001fde (0x00009d76) c.add   s10, t4
core   0: 3 0x80001fde (0x9d76) x26 0x9ff97ce4
core   0: 0x80001fe0 (0x0172ed33) or      s10, t0, s7
core   0: 3 0x80001fe0 (0x0172ed33) x26 0x00000100
core   0: 0x80001fe4 (0x0071f833) and     a6, gp, t2
core   0: 3 0x80001fe4 (0x0071f833) x16 0x00000000
core   0: 0x80001fe8 (0x01cf8bb3) add     s7, t6, t3
core   0: 3 0x80001fe8 (0x01cf8bb3) x23 0x0000e001
core   0: 0x80001fec (0x0000872a) c.mv    a4, a0
core   0: 3 0x80001fec (0x872a) x14 0xc000853d
core   0: 0x80001fee (0x41e783b3) sub     t2, a5, t5
core   0: 3 0x80001fee (0x41e783b3) x 7 0x000000d0
core   0: 0x80001ff2 (0x0326e733) rem     a4, a3, s2
core   0: 3 0x80001ff2 (0x0326e733) x14 0x00000000
core   0: 0x80001ff6 (0x0096ae33) slt     t3, a3, s1
core   0: 3 0x80001ff6 (0x0096ae33) x28 0x00000000
core   0: 0x80001ffa (0x00008225) c.srli  a2, 9
core   0: 3 0x80001ffa (0x8225) x12 0x00000000
core   0: 0x80001ffc (0x00008c95) c.sub   s1, a3
core   0: 3 0x80001ffc (0x8c95) x 9 0x4f4dc59f
core   0: 0x80001ffe (0xffca7e93) andi    t4, s4, -4
core   0: 3 0x80001ffe (0xffca7e93) x29 0x8000fe64
core   0: 0x80002002 (0x90de0e93) addi    t4, t3, -1779
core   0: 3 0x80002002 (0x90de0e93) x29 0xfffff90d
core   0: 0x80002006 (0x10853e13) sltiu   t3, a0, 264
core   0: 3 0x80002006 (0x10853e13) x28 0x00000000
core   0: 0x8000200a (0x008e3733) sltu    a4, t3, s0
core   0: 3 0x8000200a (0x008e3733) x14 0x00000001
core   0: 0x8000200e (0x09fd0393) addi    t2, s10, 159
core   0: 3 0x8000200e (0x09fd0393) x 7 0x0000019f
core   0: 0x80002012 (0x0000454d) c.li    a0, 19
core   0: 3 0x80002012 (0x454d) x10 0x00000013
core   0: 0x80002014 (0x418806b3) sub     a3, a6, s8
core   0: 3 0x80002014 (0x418806b3) x13 0x00003e80
core   0: 0x80002018 (0x41705733) sra     a4, zero, s7
core   0: 3 0x80002018 (0x41705733) x14 0x00000000
core   0: 0x8000201c (0x00000eb1) c.addi  t4, 12
core   0: 3 0x8000201c (0x0eb1) x29 0xfffff919
core   0: 0x8000201e (0x024765b3) rem     a1, a4, tp
core   0: 3 0x8000201e (0x024765b3) x11 0x00000000
core   0: 0x80002022 (0x0083a4b3) slt     s1, t2, s0
core   0: 3 0x80002022 (0x0083a4b3) x 9 0x00000000
core   0: 0x80002026 (0x00008eb1) c.xor   a3, a2
core   0: 3 0x80002026 (0x8eb1) x13 0x00003e80
core   0: 0x80002028 (0x409ad913) srai    s2, s5, 9
core   0: 3 0x80002028 (0x409ad913) x18 0xffff0080
core   0: 0x8000202c (0x000061f1) c.lui   gp, 0x1c
core   0: 3 0x8000202c (0x61f1) x 3 0x0001c000
core   0: 0x8000202e (0x002443b3) xor     t2, s0, sp
core   0: 3 0x8000202e (0x002443b3) x 7 0xffffffff
core   0: 0x80002032 (0xd547ed13) ori     s10, a5, -684
core   0: 3 0x80002032 (0xd547ed13) x26 0xfffffdd4
core   0: 0x80002036 (0x02a78933) mul     s2, a5, a0
core   0: 3 0x80002036 (0x02a78933) x18 0x00000f70
core   0: 0x8000203a (0x0230d8b3) divu    a7, ra, gp
core   0: 3 0x8000203a (0x0230d8b3) x17 0x00009125
core   0: 0x8000203e (0x01ede533) or      a0, s11, t5
core   0: 3 0x8000203e (0x01ede533) x10 0xfffffffe
core   0: 0x80002042 (0x01c61b13) slli    s6, a2, 28
core   0: 3 0x80002042 (0x01c61b13) x22 0x00000000
core   0: 0x80002046 (0x00008df1) c.and   a1, a2
core   0: 3 0x80002046 (0x8df1) x11 0x00000000
core   0: 0x80002048 (0x034692b3) mulh    t0, a3, s4
core   0: 3 0x80002048 (0x034692b3) x 5 0xffffe0c0
core   0: 0x8000204c (0x01861a93) slli    s5, a2, 24
core   0: 3 0x8000204c (0x01861a93) x21 0x00000000
core   0: 0x80002050 (0x01ec9913) slli    s2, s9, 30
core   0: 3 0x80002050 (0x01ec9913) x18 0x00000000
core   0: 0x80002054 (0x00008f35) c.xor   a4, a3
core   0: 3 0x80002054 (0x8f35) x14 0x00003e80
core   0: 0x80002056 (0x00008a65) c.andi  a2, 25
core   0: 3 0x80002056 (0x8a65) x12 0x00000000
core   0: 0x80002058 (0x00008fe9) c.and   a5, a0
core   0: 3 0x80002058 (0x8fe9) x15 0x000000d0
core   0: 0x8000205a (0x00ed41b3) xor     gp, s10, a4
core   0: 3 0x8000205a (0x00ed41b3) x 3 0xffffc354
core   0: 0x8000205e (0x03a360b3) rem     ra, t1, s10
core   0: 3 0x8000205e (0x03a360b3) x 1 0xfffffe90
core   0: 0x80002062 (0x00000b06) c.slli  s6, 1
core   0: 3 0x80002062 (0x0b06) x22 0x00000000
core   0: 0x80002064 (0x01335413) srli    s0, t1, 19
core   0: 3 0x80002064 (0x01335413) x 8 0x00001000
core   0: 0x80002068 (0x03f5a5b3) mulhsu  a1, a1, t6
core   0: 3 0x80002068 (0x03f5a5b3) x11 0x00000000
core   0: 0x8000206c (0x0604e813) ori     a6, s1, 96
core   0: 3 0x8000206c (0x0604e813) x16 0x00000060
core   0: 0x80002070 (0x6287b413) sltiu   s0, a5, 1576
core   0: 3 0x80002070 (0x6287b413) x 8 0x00000001
core   0: 0x80002074 (0x9cc90e17) auipc   t3, 0x9cc90
core   0: 3 0x80002074 (0x9cc90e17) x28 0x1cc92074
core   0: 0x80002078 (0x00009e12) c.add   t3, tp
core   0: 3 0x80002078 (0x9e12) x28 0x9cca5d58
core   0: 0x8000207a (0x411f5e13) srai    t3, t5, 17
core   0: 3 0x8000207a (0x411f5e13) x28 0x00000000
core   0: 0x8000207e (0x022322b3) mulhsu  t0, t1, sp
core   0: 3 0x8000207e (0x022322b3) x 5 0x00000000
core   0: 0x80002082 (0x41ea8033) sub     zero, s5, t5
core   0: 3 0x80002082 (0x41ea8033)
core   0: 0x80002086 (0xfa93f013) andi    zero, t2, -87
core   0: 3 0x80002086 (0xfa93f013)
core   0: 0x8000208a (0x00005ffd) c.li    t6, -1
core   0: 3 0x8000208a (0x5ffd) x31 0xffffffff
core   0: 0x8000208c (0x00006cad) c.lui   s9, 0xb
core   0: 3 0x8000208c (0x6cad) x25 0x0000b000
core   0: 0x8000208e (0x00000e0d) c.addi  t3, 3
core   0: 3 0x8000208e (0x0e0d) x28 0x00000003
core   0: 0x80002090 (0x00008659) c.srai  a2, 22
core   0: 3 0x80002090 (0x8659) x12 0x00000000
core   0: 0x80002092 (0x6d368493) addi    s1, a3, 1747
core   0: 3 0x80002092 (0x6d368493) x 9 0x00004553
core   0: 0x80002096 (0x00000001) c.nop
core   0: 3 0x80002096 (0x0001)
core   0: 0x80002098 (0x00008fb5) c.xor   a5, a3
core   0: 3 0x80002098 (0x8fb5) x15 0x00003e50
core   0: 0x8000209a (0x003b1e93) slli    t4, s6, 3
core   0: 3 0x8000209a (0x003b1e93) x29 0x00000000
core   0: 0x8000209e (0x0000863a) c.mv    a2, a4
core   0: 3 0x8000209e (0x863a) x12 0x00003e80
core   0: 0x800020a0 (0x025ef4b3) remu    s1, t4, t0
core   0: 3 0x800020a0 (0x025ef4b3) x 9 0x00000000
core   0: 0x800020a4 (0x70017193) andi    gp, sp, 1792
core   0: 3 0x800020a4 (0x70017193) x 3 0x00000000
core   0: 0x800020a8 (0x00005e7d) c.li    t3, -1
core   0: 3 0x800020a8 (0x5e7d) x28 0xffffffff
core   0: 0x800020aa (0x00000e7e) c.slli  t3, 31
core   0: 3 0x800020aa (0x0e7e) x28 0x80000000
core   0: 0x800020ac (0x007f5693) srli    a3, t5, 7
core   0: 3 0x800020ac (0x007f5693) x13 0x00000000
core   0: 0x800020b0 (0xfd8fc593) xori    a1, t6, -40
core   0: 3 0x800020b0 (0xfd8fc593) x11 0x00000027
core   0: 0x800020b4 (0x0000011c) c.addi4spn a5, sp, 128
core   0: 3 0x800020b4 (0x011c) x15 0x00000080
core   0: 0x800020b6 (0x023461b3) rem     gp, s0, gp
core   0: 3 0x800020b6 (0x023461b3) x 3 0x00000001
core   0: 0x800020ba (0x00008e65) c.and   a2, s1
core   0: 3 0x800020ba (0x8e65) x12 0x00000000
core   0: 0x800020bc (0xbc017113) andi    sp, sp, -1088
core   0: 3 0x800020bc (0xbc017113) x 2 0x00000000
core   0: 0x800020c0 (0x03d873b3) remu    t2, a6, t4
core   0: 3 0x800020c0 (0x03d873b3) x 7 0x00000060
core   0: 0x800020c4 (0x00008e9d) c.sub   a3, a5
core   0: 3 0x800020c4 (0x8e9d) x13 0xffffff80
core   0: 0x800020c6 (0xb5fcf513) andi    a0, s9, -1185
core   0: 3 0x800020c6 (0xb5fcf513) x10 0x0000b000
core   0: 0x800020ca (0x6b9c0893) addi    a7, s8, 1721
core   0: 3 0x800020ca (0x6b9c0893) x17 0xffffc839
core   0: 0x800020ce (0x0000012d) c.addi  sp, 11
core   0: 3 0x800020ce (0x012d) x 2 0x0000000b
core   0: 0x800020d0 (0x3f80e413) ori     s0, ra, 1016
core   0: 3 0x800020d0 (0x3f80e413) x 8 0xfffffff8
core   0: 0x800020d4 (0x01081713) slli    a4, a6, 16
core   0: 3 0x800020d4 (0x01081713) x14 0x00600000
core   0: 0x800020d8 (0x411cd9b3) sra     s3, s9, a7
core   0: 3 0x800020d8 (0x411cd9b3) x19 0x00000000
core   0: 0x800020dc (0x0104c933) xor     s2, s1, a6
core   0: 3 0x800020dc (0x0104c933) x18 0x00000060
core   0: 0x800020e0 (0x00006b25) c.lui   s6, 0x9
core   0: 3 0x800020e0 (0x6b25) x22 0x00009000
core   0: 0x800020e2 (0x00000001) c.nop
core   0: 3 0x800020e2 (0x0001)
core   0: 0x800020e4 (0x01f19293) slli    t0, gp, 31
core   0: 3 0x800020e4 (0x01f19293) x 5 0x80000000
core   0: 0x800020e8 (0x00006959) c.lui   s2, 0x16
core   0: 3 0x800020e8 (0x6959) x18 0x00016000
core   0: 0x800020ea (0x000080a1) c.srli  s1, 8
core   0: 3 0x800020ea (0x80a1) x 9 0x00000000
core   0: 0x800020ec (0x03386133) rem     sp, a6, s3
core   0: 3 0x800020ec (0x03386133) x 2 0x00000060
core   0: 0x800020f0 (0x92849b97) auipc   s7, 0x92849
core   0: 3 0x800020f0 (0x92849b97) x23 0x1284b0f0
core   0: 0x800020f4 (0x01d1ecb3) or      s9, gp, t4
core   0: 3 0x800020f4 (0x01d1ecb3) x25 0x00000001
core   0: 0x800020f8 (0xd7ba2693) slti    a3, s4, -645
core   0: 3 0x800020f8 (0xd7ba2693) x13 0x00000001
core   0: 0x800020fc (0x0317e4b3) rem     s1, a5, a7
core   0: 3 0x800020fc (0x0317e4b3) x 9 0x00000080
core   0: 0x80002100 (0x038967b3) rem     a5, s2, s8
core   0: 3 0x80002100 (0x038967b3) x15 0x00002780
core   0: 0x80002104 (0xa5c7ea93) ori     s5, a5, -1444
core   0: 3 0x80002104 (0xa5c7ea93) x21 0xffffffdc
core   0: 0x80002108 (0x01195b93) srli    s7, s2, 17
core   0: 3 0x80002108 (0x01195b93) x23 0x00000000
core   0: 0x8000210c (0x00000694) c.addi4spn a3, sp, 832
core   0: 3 0x8000210c (0x0694) x13 0x000003a0
core   0: 0x8000210e (0x02c6c2b3) div     t0, a3, a2
core   0: 3 0x8000210e (0x02c6c2b3) x 5 0xffffffff
core   0: 0x80002112 (0x00008391) c.srli  a5, 4
core   0: 3 0x80002112 (0x8391) x15 0x00000278
core   0: 0x80002114 (0x4156d2b3) sra     t0, a3, s5
core   0: 3 0x80002114 (0x4156d2b3) x 5 0x00000000
core   0: 0x80002118 (0x00000001) c.nop
core   0: 3 0x80002118 (0x0001)
core   0: 0x8000211a (0x00000b66) c.slli  s6, 25
core   0: 3 0x8000211a (0x0b66) x22 0x00000000
core   0: 0x8000211c (0x23d2eb93) ori     s7, t0, 573
core   0: 3 0x8000211c (0x23d2eb93) x23 0x0000023d
core   0: 0x80002120 (0x03d70b33) mul     s6, a4, t4
core   0: 3 0x80002120 (0x03d70b33) x22 0x00000000
core   0: 0x80002124 (0x00001580) c.addi4spn s0, sp, 736
core   0: 3 0x80002124 (0x1580) x 8 0x00000340
core   0: 0x80002126 (0x00001b7d) c.addi  s6, -1
core   0: 3 0x80002126 (0x1b7d) x22 0xffffffff
core   0: 0x80002128 (0x01a21513) slli    a0, tp, 26
core   0: 3 0x80002128 (0x01a21513) x10 0x90000000
core   0: 0x8000212c (0x41fb09b3) sub     s3, s6, t6
core   0: 3 0x8000212c (0x41fb09b3) x19 0x00000000
core   0: 0x80002130 (0xe0e10a93) addi    s5, sp, -498
core   0: 3 0x80002130 (0xe0e10a93) x21 0xfffffe6e
core   0: 0x80002134 (0x000e9393) slli    t2, t4, 0
core   0: 3 0x80002134 (0x000e9393) x 7 0x00000000
core   0: 0x80002138 (0x02a2be33) mulhu   t3, t0, a0
core   0: 3 0x80002138 (0x02a2be33) x28 0x00000000
core   0: 0x8000213c (0x00008c01) c.sub   s0, s0
core   0: 3 0x8000213c (0x8c01) x 8 0x00000000
core   0: 0x8000213e (0x00008e65) c.and   a2, s1
core   0: 3 0x8000213e (0x8e65) x12 0x00000000
core   0: 0x80002140 (0xa2238293) addi    t0, t2, -1502
core   0: 3 0x80002140 (0xa2238293) x 5 0xfffffa22
core   0: 0x80002144 (0x00006ad5) c.lui   s5, 0x15
core   0: 3 0x80002144 (0x6ad5) x21 0x00015000
core   0: 0x80002146 (0x00004d39) c.li    s10, 14
core   0: 3 0x80002146 (0x4d39) x26 0x0000000e
core   0: 0x80002148 (0x9a7ec913) xori    s2, t4, -1625
core   0: 3 0x80002148 (0x9a7ec913) x18 0xfffff9a7
core   0: 0x8000214c (0x00004139) c.li    sp, 14
core   0: 3 0x8000214c (0x4139) x 2 0x0000000e
core   0: 0x8000214e (0x0313f3b3) remu    t2, t2, a7
core   0: 3 0x8000214e (0x0313f3b3) x 7 0x00000000
core   0: 0x80002152 (0x0000557d) c.li    a0, -1
core   0: 3 0x80002152 (0x557d) x10 0xffffffff
core   0: 0x80002154 (0x0000717d) c.addi16sp sp, -16
core   0: 3 0x80002154 (0x717d) x 2 0xfffffffe
core   0: 0x80002156 (0x00000c6e) c.slli  s8, 27
core   0: 3 0x80002156 (0x0c6e) x24 0x00000000
core   0: 0x80002158 (0x02a11c33) mulh    s8, sp, a0
core   0: 3 0x80002158 (0x02a11c33) x24 0x00000000
core   0: 0x8000215c (0x40a2d633) sra     a2, t0, a0
core   0: 3 0x8000215c (0x40a2d633) x12 0xffffffff
core   0: 0x80002160 (0x00008f42) c.mv    t5, a6
core   0: 3 0x80002160 (0x8f42) x30 0x00000060
core   0: 0x80002162 (0x001dc133) xor     sp, s11, ra
core   0: 3 0x80002162 (0x001dc133) x 2 0x0000016e
core   0: 0x80002166 (0x00008da5) c.xor   a1, s1
core   0: 3 0x80002166 (0x8da5) x11 0x000000a7
core   0: 0x80002168 (0x41d1d933) sra     s2, gp, t4
core   0: 3 0x80002168 (0x41d1d933) x18 0x00000001
core   0: 0x8000216c (0x01afc7b3) xor     a5, t6, s10
core   0: 3 0x8000216c (0x01afc7b3) x15 0xfffffff1
core   0: 0x80002170 (0x00006db1) c.lui   s11, 0xc
core   0: 3 0x80002170 (0x6db1) x27 0x0000c000
core   0: 0x80002172 (0x039122b3) mulhsu  t0, sp, s9
core   0: 3 0x80002172 (0x039122b3) x 5 0x00000000
core   0: 0x80002176 (0x00009cd2) c.add   s9, s4
core   0: 3 0x80002176 (0x9cd2) x25 0x8000fe65
core   0: 0x80002178 (0x01a8d393) srli    t2, a7, 26
core   0: 3 0x80002178 (0x01a8d393) x 7 0x0000003f
core   0: 0x8000217c (0x01626633) or      a2, tp, s6
core   0: 3 0x8000217c (0x01626633) x12 0xffffffff
core   0: 0x80002180 (0x027a6633) rem     a2, s4, t2
core   0: 3 0x80002180 (0x027a6633) x12 0xffffffec
core   0: 0x80002184 (0x00009856) c.add   a6, s5
core   0: 3 0x80002184 (0x9856) x16 0x00015060
core   0: 0x80002186 (0xd28d8893) addi    a7, s11, -728
core   0: 3 0x80002186 (0xd28d8893) x17 0x0000bd28
core   0: 0x8000218a (0x96be6a93) ori     s5, t3, -1685
core   0: 3 0x8000218a (0x96be6a93) x21 0xfffff96b
core   0: 0x8000218e (0x0000038c) c.addi4spn a1, sp, 448
core   0: 3 0x8000218e (0x038c) x11 0x0000032e
core   0: 0x80002190 (0x00000001) c.nop
core   0: 3 0x80002190 (0x0001)
core   0: 0x80002192 (0x01c5d293) srli    t0, a1, 28
core   0: 3 0x80002192 (0x01c5d293) x 5 0x00000000
core   0: 0x80002196 (0x00f43633) sltu    a2, s0, a5
core   0: 3 0x80002196 (0x00f43633) x12 0x00000001
core   0: 0x8000219a (0x00008771) c.srai  a4, 28
core   0: 3 0x8000219a (0x8771) x14 0x00000000
core   0: 0x8000219c (0x00000001) c.nop
core   0: 3 0x8000219c (0x0001)
core   0: 0x8000219e (0x00008259) c.srli  a2, 22
core   0: 3 0x8000219e (0x8259) x12 0x00000000
core   0: 0x800021a0 (0x01f05813) srli    a6, zero, 31
core   0: 3 0x800021a0 (0x01f05813) x16 0x00000000
core   0: 0x800021a4 (0x00001f9c) c.addi4spn a5, sp, 1008
core   0: 3 0x800021a4 (0x1f9c) x15 0x0000055e
core   0: 0x800021a6 (0x00aefbb3) and     s7, t4, a0
core   0: 3 0x800021a6 (0x00aefbb3) x23 0x00000000
core   0: 0x800021aa (0x012751b3) srl     gp, a4, s2
core   0: 3 0x800021aa (0x012751b3) x 3 0x00000000
core   0: 0x800021ae (0x009d5713) srli    a4, s10, 9
core   0: 3 0x800021ae (0x009d5713) x14 0x00000000
core   0: 0x800021b2 (0x000091fa) c.add   gp, t5
core   0: 3 0x800021b2 (0x91fa) x 3 0x00000060
core   0: 0x800021b4 (0x0240e0b3) rem     ra, ra, tp
core   0: 3 0x800021b4 (0x0240e0b3) x 1 0xfffffe90
core   0: 0x800021b8 (0x00569c93) slli    s9, a3, 5
core   0: 3 0x800021b8 (0x00569c93) x25 0x00007400
core   0: 0x800021bc (0x76d07b13) andi    s6, zero, 1901
core   0: 3 0x800021bc (0x76d07b13) x22 0x00000000
core   0: 0x800021c0 (0x01c91eb3) sll     t4, s2, t3
core   0: 3 0x800021c0 (0x01c91eb3) x29 0x00000001
core   0: 0x800021c4 (0x00009e36) c.add   t3, a3
core   0: 3 0x800021c4 (0x9e36) x28 0x000003a0
core   0: 0x800021c6 (0x00008e9d) c.sub   a3, a5
core   0: 3 0x800021c6 (0x8e9d) x13 0xfffffe42
core   0: 0x800021c8 (0x0313b3b3) mulhu   t2, t2, a7
core   0: 3 0x800021c8 (0x0313b3b3) x 7 0x00000000
core   0: 0x800021cc (0x03170833) mul     a6, a4, a7
core   0: 3 0x800021cc (0x03170833) x16 0x00000000
core   0: 0x800021d0 (0x00008e15) c.sub   a2, a3
core   0: 3 0x800021d0 (0x8e15) x12 0x000001be
core   0: 0x800021d2 (0x03d2eb33) rem     s6, t0, t4
core   0: 3 0x800021d2 (0x03d2eb33) x22 0x00000000
core   0: 0x800021d6 (0x00000001) c.nop
core   0: 3 0x800021d6 (0x0001)
core   0: 0x800021d8 (0xfac0bd13) sltiu   s10, ra, -84
core   0: 3 0x800021d8 (0xfac0bd13) x26 0x00000001
core   0: 0x800021dc (0x038948b3) div     a7, s2, s8
core   0: 3 0x800021dc (0x038948b3) x17 0xffffffff
core   0: 0x800021e0 (0x01cebeb3) sltu    t4, t4, t3
core   0: 3 0x800021e0 (0x01cebeb3) x29 0x00000001
core   0: 0x800021e4 (0x00008f29) c.xor   a4, a0
core   0: 3 0x800021e4 (0x8f29) x14 0xffffffff
core   0: 0x800021e6 (0x00009b7d) c.andi  a4, -1
core   0: 3 0x800021e6 (0x9b7d) x14 0xffffffff
core   0: 0x800021e8 (0xf765a737) lui     a4, 0xf765a
core   0: 3 0x800021e8 (0xf765a737) x14 0xf765a000
core   0: 0x800021ec (0x4198d5b3) sra     a1, a7, s9
core   0: 3 0x800021ec (0x4198d5b3) x11 0xffffffff
core   0: 0x800021f0 (0x01791a93) slli    s5, s2, 23
core   0: 3 0x800021f0 (0x01791a93) x21 0x00800000
core   0: 0x800021f4 (0x770f7113) andi    sp, t5, 1904
core   0: 3 0x800021f4 (0x770f7113) x 2 0x00000060
core   0: 0x800021f8 (0xa7f07813) andi    a6, zero, -1409
core   0: 3 0x800021f8 (0xa7f07813) x16 0x00000000
core   0: 0x800021fc (0x014456b3) srl     a3, s0, s4
core   0: 3 0x800021fc (0x014456b3) x13 0x00000000
core   0: 0x80002200 (0x2d2e8993) addi    s3, t4, 722
core   0: 3 0x80002200 (0x2d2e8993) x19 0x000002d3
core   0: 0x80002204 (0x00008c39) c.xor   s0, a4
core   0: 3 0x80002204 (0x8c39) x 8 0xf765a000
core   0: 0x80002206 (0x000947b3) xor     a5, s2, zero
core   0: 3 0x80002206 (0x000947b3) x15 0x00000001
core   0: 0x8000220a (0x39b5d0b7) lui     ra, 0x39b5d
core   0: 3 0x8000220a (0x39b5d0b7) x 1 0x39b5d000
core   0: 0x8000220e (0x03d4d3b3) divu    t2, s1, t4
core   0: 3 0x8000220e (0x03d4d3b3) x 7 0x00000080
core   0: 0x80002212 (0x011db4b3) sltu    s1, s11, a7
core   0: 3 0x80002212 (0x011db4b3) x 9 0x00000001
core   0: 0x80002216 (0x00008d81) c.sub   a1, s0
core   0: 3 0x80002216 (0x8d81) x11 0x089a5fff
core   0: 0x80002218 (0xad0d8893) addi    a7, s11, -1328
core   0: 3 0x80002218 (0xad0d8893) x17 0x0000bad0
core   0: 0x8000221c (0x0233d2b3) divu    t0, t2, gp
core   0: 3 0x8000221c (0x0233d2b3) x 5 0x00000001
core   0: 0x80002220 (0xc205cb13) xori    s6, a1, -992
core   0: 3 0x80002220 (0xc205cb13) x22 0xf765a3df
core   0: 0x80002224 (0x000085b5) c.srai  a1, 13
core   0: 3 0x80002224 (0x85b5) x11 0x000044d2
core   0: 0x80002226 (0x40c20eb3) sub     t4, tp, a2
core   0: 3 0x80002226 (0x40c20eb3) x29 0x80013b26
core   0: 0x8000222a (0x02b459b3) divu    s3, s0, a1
core   0: 3 0x8000222a (0x02b459b3) x19 0x00039846
core   0: 0x8000222e (0x016c4133) xor     sp, s8, s6
core   0: 3 0x8000222e (0x016c4133) x 2 0xf765a3df
core   0: 0x80002232 (0x00008121) c.srli  a0, 8
core   0: 3 0x80002232 (0x8121) x10 0x00ffffff
core   0: 0x80002234 (0x00004d09) c.li    s10, 2
core   0: 3 0x80002234 (0x4d09) x26 0x00000002
core   0: 0x80002236 (0x02f632b3) mulhu   t0, a2, a5
core   0: 3 0x80002236 (0x02f632b3) x 5 0x00000000
core   0: 0x8000223a (0x00008ad5) c.andi  a3, 21
core   0: 3 0x8000223a (0x8ad5) x13 0x00000000
core   0: 0x8000223c (0xdf870293) addi    t0, a4, -520
core   0: 3 0x8000223c (0xdf870293) x 5 0xf7659df8
core   0: 0x80002240 (0x01ccfb33) and     s6, s9, t3
core   0: 3 0x80002240 (0x01ccfb33) x22 0x00000000
core   0: 0x80002244 (0x01a079b3) and     s3, zero, s10
core   0: 3 0x80002244 (0x01a079b3) x19 0x00000000
core   0: 0x80002248 (0x00006dcd) c.lui   s11, 0x13
core   0: 3 0x80002248 (0x6dcd) x27 0x00013000
core   0: 0x8000224a (0x2e89f113) andi    sp, s3, 744
core   0: 3 0x8000224a (0x2e89f113) x 2 0x00000000
core   0: 0x8000224e (0x3f33cd93) xori    s11, t2, 1011
core   0: 3 0x8000224e (0x3f33cd93) x27 0x00000373
core   0: 0x80002252 (0x0000717d) c.addi16sp sp, -16
core   0: 3 0x80002252 (0x717d) x 2 0xfffffff0
core   0: 0x80002254 (0x024c96b3) mulh    a3, s9, tp
core   0: 3 0x80002254 (0x024c96b3) x13 0xffffc600
core   0: 0x80002258 (0x01d48d33) add     s10, s1, t4
core   0: 3 0x80002258 (0x01d48d33) x26 0x80013b27
core   0: 0x8000225c (0x000094ba) c.add   s1, a4
core   0: 3 0x8000225c (0x94ba) x 9 0xf765a001
core   0: 0x8000225e (0xdd670093) addi    ra, a4, -554
core   0: 3 0x8000225e (0xdd670093) x 1 0xf7659dd6
core   0: 0x80002262 (0x013bd033) srl     zero, s7, s3
core   0: 3 0x80002262 (0x013bd033)
core   0: 0x80002266 (0xde85b297) auipc   t0, 0xde85b
core   0: 3 0x80002266 (0xde85b297) x 5 0x5e85d266
core   0: 0x8000226a (0xbc3c8713) addi    a4, s9, -1085
core   0: 3 0x8000226a (0xbc3c8713) x14 0x00006fc3
core   0: 0x8000226e (0x03c98933) mul     s2, s3, t3
core   0: 3 0x8000226e (0x03c98933) x18 0x00000000
core   0: 0x80002272 (0x03d63cb3) mulhu   s9, a2, t4
core   0: 3 0x80002272 (0x03d63cb3) x25 0x000000df
core   0: 0x80002276 (0x00c7bd33) sltu    s10, a5, a2
core   0: 3 0x80002276 (0x00c7bd33) x26 0x00000001
core   0: 0x8000227a (0x00000e00) c.addi4spn s0, sp, 784
core   0: 3 0x8000227a (0x0e00) x 8 0x00000300
core   0: 0x8000227c (0xf93e8437) lui     s0, 0xf93e8
core   0: 3 0x8000227c (0xf93e8437) x 8 0xf93e8000
core   0: 0x80002280 (0x00008c52) c.mv    s8, s4
core   0: 3 0x80002280 (0x8c52) x24 0x8000fe64
core   0: 0x80002282 (0x00001a0c) c.addi4spn a1, sp, 304
core   0: 3 0x80002282 (0x1a0c) x11 0x00000120
core   0: 0x80002284 (0x66ae0593) addi    a1, t3, 1642
core   0: 3 0x80002284 (0x66ae0593) x11 0x00000a0a
core   0: 0x80002288 (0x57944d93) xori    s11, s0, 1401
core   0: 3 0x80002288 (0x57944d93) x27 0xf93e8579
core   0: 0x8000228c (0x0000177d) c.addi  a4, -1
core   0: 3 0x8000228c (0x177d) x14 0x00006fc2
core   0: 0x8000228e (0x00001b00) c.addi4spn s0, sp, 432
core   0: 3 0x8000228e (0x1b00) x 8 0x000001a0
core   0: 0x80002290 (0x0206cd33) div     s10, a3, zero
core   0: 3 0x80002290 (0x0206cd33) x26 0xffffffff
core   0: 0x80002294 (0x85acbf93) sltiu   t6, s9, -1958
core   0: 3 0x80002294 (0x85acbf93) x31 0x00000001
core   0: 0x80002298 (0x00008edd) c.or    a3, a5
core   0: 3 0x80002298 (0x8edd) x13 0xffffc601
core   0: 0x8000229a (0x01551e13) slli    t3, a0, 21
core   0: 3 0x8000229a (0x01551e13) x28 0xffe00000
core   0: 0x8000229e (0x022a3933) mulhu   s2, s4, sp
core   0: 3 0x8000229e (0x022a3933) x18 0x8000fe5b
core   0: 0x800022a2 (0x490d8013) addi    zero, s11, 1168
core   0: 3 0x800022a2 (0x490d8013)
core   0: 0x800022a6 (0x00cfb8b3) sltu    a7, t6, a2
core   0: 3 0x800022a6 (0x00cfb8b3) x17 0x00000001
core   0: 0x800022aa (0x0130efb3) or      t6, ra, s3
core   0: 3 0x800022aa (0x0130efb3) x31 0xf7659dd6
core   0: 0x800022ae (0x00000d36) c.slli  s10, 13
core   0: 3 0x800022ae (0x0d36) x26 0xffffe000
core   0: 0x800022b0 (0x005ccd33) xor     s10, s9, t0
core   0: 3 0x800022b0 (0x005ccd33) x26 0x5e85d2b9
core   0: 0x800022b4 (0x005c87b3) add     a5, s9, t0
core   0: 3 0x800022b4 (0x005c87b3) x15 0x5e85d345
core   0: 0x800022b8 (0x0000883a) c.mv    a6, a4
core   0: 3 0x800022b8 (0x883a) x16 0x00006fc2
core   0: 0x800022ba (0x00008d0d) c.sub   a0, a1
core   0: 3 0x800022ba (0x8d0d) x10 0x00fff5f5
core   0: 0x800022bc (0x013b12b3) sll     t0, s6, s3
core   0: 3 0x800022bc (0x013b12b3) x 5 0x00000000
core   0: 0x800022c0 (0xcd6eab13) slti    s6, t4, -810
core   0: 3 0x800022c0 (0xcd6eab13) x22 0x00000001
core   0: 0x800022c4 (0x03884293) xori    t0, a6, 56
core   0: 3 0x800022c4 (0x03884293) x 5 0x00006ffa
core   0: 0x800022c8 (0x00008ca5) c.xor   s1, s1
core   0: 3 0x800022c8 (0x8ca5) x 9 0x00000000
core   0: 0x800022ca (0x03d7d4b3) divu    s1, a5, t4
core   0: 3 0x800022ca (0x03d7d4b3) x 9 0x00000000
core   0: 0x800022ce (0x0000717d) c.addi16sp sp, -16
core   0: 3 0x800022ce (0x717d) x 2 0xffffffe0
core   0: 0x800022d0 (0xf6404e13) xori    t3, zero, -156
core   0: 3 0x800022d0 (0xf6404e13) x28 0xffffff64
core   0: 0x800022d4 (0x00229593) slli    a1, t0, 2
core   0: 3 0x800022d4 (0x00229593) x11 0x0001bfe8
core   0: 0x800022d8 (0x00008175) c.srli  a0, 29
core   0: 3 0x800022d8 (0x8175) x10 0x00000000
core   0: 0x800022da (0x000064b5) c.lui   s1, 0xd
core   0: 3 0x800022da (0x64b5) x 9 0x0000d000
core   0: 0x800022dc (0x01f79d13) slli    s10, a5, 31
core   0: 3 0x800022dc (0x01f79d13) x26 0x80000000
core   0: 0x800022e0 (0x038670b3) remu    ra, a2, s8
core   0: 3 0x800022e0 (0x038670b3) x 1 0x000001be
core   0: 0x800022e4 (0x00000001) c.nop
core   0: 3 0x800022e4 (0x0001)
core   0: 0x800022e6 (0x00000876) c.slli  a6, 29
core   0: 3 0x800022e6 (0x0876) x16 0x40000000
core   0: 0x800022e8 (0x00000001) c.nop
core   0: 3 0x800022e8 (0x0001)
core   0: 0x800022ea (0x00000001) c.nop
core   0: 3 0x800022ea (0x0001)
core   0: 0x800022ec (0x00000001) c.nop
core   0: 3 0x800022ec (0x0001)
core   0: 0x800022ee (0x03d26db3) rem     s11, tp, t4
core   0: 3 0x800022ee (0x03d26db3) x27 0x80013ce4
core   0: 0x800022f2 (0x00008da1) c.xor   a1, s0
core   0: 3 0x800022f2 (0x8da1) x11 0x0001be48
core   0: 0x800022f4 (0x00008eed) c.and   a3, a1
core   0: 3 0x800022f4 (0x8eed) x13 0x00018600
core   0: 0x800022f6 (0x01075133) srl     sp, a4, a6
core   0: 3 0x800022f6 (0x01075133) x 2 0x00006fc2
core   0: 0x800022fa (0x03c45633) divu    a2, s0, t3
core   0: 3 0x800022fa (0x03c45633) x12 0x00000000
core   0: 0x800022fe (0x03c4c2b3) div     t0, s1, t3
core   0: 3 0x800022fe (0x03c4c2b3) x 5 0xfffffeab
core   0: 0x80002302 (0xd53ee913) ori     s2, t4, -685
core   0: 3 0x80002302 (0xd53ee913) x18 0xffffff77
core   0: 0x80002306 (0x00008bc1) c.andi  a5, 16
core   0: 3 0x80002306 (0x8bc1) x15 0x00000000
core   0: 0x80002308 (0x1796cdb7) lui     s11, 0x1796c
core   0: 3 0x80002308 (0x1796cdb7) x27 0x1796c000
core   0: 0x8000230c (0x414fdb13) srai    s6, t6, 20
core   0: 3 0x8000230c (0x414fdb13) x22 0xffffff76
core   0: 0x80002310 (0xd5d08593) addi    a1, ra, -675
core   0: 3 0x80002310 (0xd5d08593) x11 0xffffff1b
core   0: 0x80002314 (0x00529013) slli    zero, t0, 5
core   0: 3 0x80002314 (0x00529013)
core   0: 0x80002318 (0x9327be93) sltiu   t4, a5, -1742
core   0: 3 0x80002318 (0x9327be93) x29 0x00000001
core   0: 0x8000231c (0x015b78b3) and     a7, s6, s5
core   0: 3 0x8000231c (0x015b78b3) x17 0x00800000
core   0: 0x80002320 (0x00000001) c.nop
core   0: 3 0x80002320 (0x0001)
core   0: 0x80002322 (0x03f247b3) div     a5, tp, t6
core   0: 3 0x80002322 (0x03f247b3) x15 0x0000000e
core   0: 0x80002326 (0x4f38e793) ori     a5, a7, 1267
core   0: 3 0x80002326 (0x4f38e793) x15 0x008004f3
core   0: 0x8000232a (0x00008de9) c.and   a1, a0
core   0: 3 0x8000232a (0x8de9) x11 0x00000000
core   0: 0x8000232c (0xbe008137) lui     sp, 0xbe008
core   0: 3 0x8000232c (0xbe008137) x 2 0xbe008000
core   0: 0x80002330 (0x018fcc33) xor     s8, t6, s8
core   0: 3 0x80002330 (0x018fcc33) x24 0x776563b2
core   0: 0x80002334 (0x4d9c7813) andi    a6, s8, 1241
core   0: 3 0x80002334 (0x4d9c7813) x16 0x00000090
core   0: 0x80002338 (0x000058fd) c.li    a7, -1
core   0: 3 0x80002338 (0x58fd) x17 0xffffffff
core   0: 0x8000233a (0x00008f81) c.sub   a5, s0
core   0: 3 0x8000233a (0x8f81) x15 0x00800353
core   0: 0x8000233c (0x00455813) srli    a6, a0, 4
core   0: 3 0x8000233c (0x00455813) x16 0x00000000
core   0: 0x80002340 (0x00595b13) srli    s6, s2, 5
core   0: 3 0x80002340 (0x00595b13) x22 0x07fffffb
core   0: 0x80002344 (0xea493d93) sltiu   s11, s2, -348
core   0: 3 0x80002344 (0xea493d93) x27 0x00000000
core   0: 0x80002348 (0x00008f05) c.sub   a4, s1
core   0: 3 0x80002348 (0x8f05) x14 0xffff9fc2
core   0: 0x8000234a (0xf3abaf93) slti    t6, s7, -198
core   0: 3 0x8000234a (0xf3abaf93) x31 0x00000000
core   0: 0x8000234e (0x03da2733) mulhsu  a4, s4, t4
core   0: 3 0x8000234e (0x03da2733) x14 0xffffffff
core   0: 0x80002352 (0x40e8d0b3) sra     ra, a7, a4
core   0: 3 0x80002352 (0x40e8d0b3) x 1 0xffffffff
core   0: 0x80002356 (0xd398b793) sltiu   a5, a7, -711
core   0: 3 0x80002356 (0xd398b793) x15 0x00000000
core   0: 0x8000235a (0x40c25f33) sra     t5, tp, a2
core   0: 3 0x8000235a (0x40c25f33) x30 0x80013ce4
core   0: 0x8000235e (0x000080dd) c.srli  s1, 23
core   0: 3 0x8000235e (0x80dd) x 9 0x00000000
core   0: 0x80002360 (0x00008071) c.srli  s0, 28
core   0: 3 0x80002360 (0x8071) x 8 0x00000000
core   0: 0x80002362 (0xafa8c793) xori    a5, a7, -1286
core   0: 3 0x80002362 (0xafa8c793) x15 0x00000505
core   0: 0x80002366 (0x00008d71) c.and   a0, a2
core   0: 3 0x80002366 (0x8d71) x10 0x00000000
core   0: 0x80002368 (0x417751b3) sra     gp, a4, s7
core   0: 3 0x80002368 (0x417751b3) x 3 0xffffffff
core   0: 0x8000236c (0x038dc1b3) div     gp, s11, s8
core   0: 3 0x8000236c (0x038dc1b3) x 3 0x00000000
core   0: 0x80002370 (0x7cc83b13) sltiu   s6, a6, 1996
core   0: 3 0x80002370 (0x7cc83b13) x22 0x00000001
core   0: 0x80002374 (0x03e7dcb3) divu    s9, a5, t5
core   0: 3 0x80002374 (0x03e7dcb3) x25 0x00000000
core   0: 0x80002378 (0x003b74b3) and     s1, s6, gp
core   0: 3 0x80002378 (0x003b74b3) x 9 0x00000000
core   0: 0x8000237c (0x0d9aa193) slti    gp, s5, 217
core   0: 3 0x8000237c (0x0d9aa193) x 3 0x00000000
core   0: 0x80002380 (0x00000001) c.nop
core   0: 3 0x80002380 (0x0001)
core   0: 0x80002382 (0x00009c3e) c.add   s8, a5
core   0: 3 0x80002382 (0x9c3e) x24 0x776568b7
core   0: 0x80002384 (0x00864fb3) xor     t6, a2, s0
core   0: 3 0x80002384 (0x00864fb3) x31 0x00000000
core   0: 0x80002388 (0x00000001) c.nop
core   0: 3 0x80002388 (0x0001)
core   0: 0x8000238a (0x00000001) c.nop
core   0: 3 0x8000238a (0x0001)
core   0: 0x8000238c (0x0000615d) c.addi16sp sp, 432
core   0: 3 0x8000238c (0x615d) x 2 0xbe0081b0
core   0: 0x8000238e (0x03279433) mulh    s0, a5, s2
core   0: 3 0x8000238e (0x03279433) x 8 0xffffffff
core   0: 0x80002392 (0x000089cd) c.andi  a1, 19
core   0: 3 0x80002392 (0x89cd) x11 0x00000000
core   0: 0x80002394 (0x00009676) c.add   a2, t4
core   0: 3 0x80002394 (0x9676) x12 0x00000001
core   0: 0x80002396 (0x0000717d) c.addi16sp sp, -16
core   0: 3 0x80002396 (0x717d) x 2 0xbe0081a0
core   0: 0x80002398 (0x0000987d) c.andi  s0, -1
core   0: 3 0x80002398 (0x987d) x 8 0xffffffff
core   0: 0x8000239a (0x00008dc1) c.or    a1, s0
core   0: 3 0x8000239a (0x8dc1) x11 0xffffffff
core   0: 0x8000239c (0x00729c33) sll     s8, t0, t2
core   0: 3 0x8000239c (0x00729c33) x24 0xfffffeab
core   0: 0x800023a0 (0x0064ce33) xor     t3, s1, t1
core   0: 3 0x800023a0 (0x0064ce33) x28 0x80000000
core   0: 0x800023a4 (0x55f120b7) lui     ra, 0x55f12
core   0: 3 0x800023a4 (0x55f120b7) x 1 0x55f12000
core   0: 0x800023a8 (0x1f3fbe93) sltiu   t4, t6, 499
core   0: 3 0x800023a8 (0x1f3fbe93) x29 0x00000001
core   0: 0x800023ac (0xf3593097) auipc   ra, 0xf3593
core   0: 3 0x800023ac (0xf3593097) x 1 0x735953ac
core   0: 0x800023b0 (0x00008bd2) c.mv    s7, s4
core   0: 3 0x800023b0 (0x8bd2) x23 0x8000fe64
core   0: 0x800023b2 (0x3d9c6197) auipc   gp, 0x3d9c6
core   0: 3 0x800023b2 (0x3d9c6197) x 3 0xbd9c83b2
core   0: 0x800023b6 (0x033292b3) mulh    t0, t0, s3
core   0: 3 0x800023b6 (0x033292b3) x 5 0x00000000
core   0: 0x800023ba (0x00008c79) c.and   s0, a4
core   0: 3 0x800023ba (0x8c79) x 8 0xffffffff
core   0: 0x800023bc (0xc1674e93) xori    t4, a4, -1002
core   0: 3 0x800023bc (0xc1674e93) x29 0x000003e9
core   0: 0x800023c0 (0x00006109) c.addi16sp sp, 128
core   0: 3 0x800023c0 (0x6109) x 2 0xbe008220
core   0: 0x800023c2 (0x00e37eb3) and     t4, t1, a4
core   0: 3 0x800023c2 (0x00e37eb3) x29 0x80000000
core   0: 0x800023c6 (0x00000001) c.nop
core   0: 3 0x800023c6 (0x0001)
core   0: 0x800023c8 (0x00006141) c.addi16sp sp, 16
core   0: 3 0x800023c8 (0x6141) x 2 0xbe008230
core   0: 0x800023ca (0x000084ad) c.srai  s1, 11
core   0: 3 0x800023ca (0x84ad) x 9 0x00000000
core   0: 0x800023cc (0x0103f533) and     a0, t2, a6
core   0: 3 0x800023cc (0x0103f533) x10 0x00000000
core   0: 0x800023d0 (0x000084d9) c.srai  s1, 22
core   0: 3 0x800023d0 (0x84d9) x 9 0x00000000
core   0: 0x800023d2 (0x00f6f8b3) and     a7, a3, a5
core   0: 3 0x800023d2 (0x00f6f8b3) x17 0x00000400
core   0: 0x800023d6 (0x00f33133) sltu    sp, t1, a5
core   0: 3 0x800023d6 (0x00f33133) x 2 0x00000000
core   0: 0x800023da (0x00000001) c.nop
core   0: 3 0x800023da (0x0001)
core   0: 0x800023dc (0x0235d833) divu    a6, a1, gp
core   0: 3 0x800023dc (0x0235d833) x16 0x00000001
core   0: 0x800023e0 (0x00000e0c) c.addi4spn a1, sp, 784
core   0: 3 0x800023e0 (0x0e0c) x11 0x00000310
core   0: 0x800023e2 (0x018022b3) slt     t0, zero, s8
core   0: 3 0x800023e2 (0x018022b3) x 5 0x00000000
core   0: 0x800023e6 (0x02d05fb3) divu    t6, zero, a3
core   0: 3 0x800023e6 (0x02d05fb3) x31 0x00000000
core   0: 0x800023ea (0x00b46633) or      a2, s0, a1
core   0: 3 0x800023ea (0x00b46633) x12 0xffffffff
core   0: 0x800023ee (0x03d66d33) rem     s10, a2, t4
core   0: 3 0x800023ee (0x03d66d33) x26 0xffffffff
core   0: 0x800023f2 (0x0096cc33) xor     s8, a3, s1
core   0: 3 0x800023f2 (0x0096cc33) x24 0x00018600
core   0: 0x800023f6 (0x01602433) slt     s0, zero, s6
core   0: 3 0x800023f6 (0x01602433) x 8 0x00000001
core   0: 0x800023fa (0x50f44493) xori    s1, s0, 1295
core   0: 3 0x800023fa (0x50f44493) x 9 0x0000050e
core   0: 0x800023fe (0x0268cf33) div     t5, a7, t1
core   0: 3 0x800023fe (0x0268cf33) x30 0x00000000
core   0: 0x80002402 (0x000090ba) c.add   ra, a4
core   0: 3 0x80002402 (0x90ba) x 1 0x735953ab
core   0: 0x80002404 (0x00000001) c.nop
core   0: 3 0x80002404 (0x0001)
core   0: 0x80002406 (0x00359d33) sll     s10, a1, gp
core   0: 3 0x80002406 (0x00359d33) x26 0x0c400000
core   0: 0x8000240a (0x00001dfd) c.addi  s11, -1
core   0: 3 0x8000240a (0x1dfd) x27 0xffffffff
core   0: 0x8000240c (0x03c7e933) rem     s2, a5, t3
core   0: 3 0x8000240c (0x03c7e933) x18 0x00000505
core   0: 0x80002410 (0x00000292) c.slli  t0, 4
core   0: 3 0x80002410 (0x0292) x 5 0x00000000
core   0: 0x80002412 (0x01be4533) xor     a0, t3, s11
core   0: 3 0x80002412 (0x01be4533) x10 0x7fffffff
core   0: 0x80002416 (0x1cbf7d37) lui     s10, 0x1cbf7
core   0: 3 0x80002416 (0x1cbf7d37) x26 0x1cbf7000
core   0: 0x8000241a (0x00000001) c.nop
core   0: 3 0x8000241a (0x0001)
core   0: 0x8000241c (0x3434f513) andi    a0, s1, 835
core   0: 3 0x8000241c (0x3434f513) x10 0x00000102
core   0: 0x80002420 (0x41425bb3) sra     s7, tp, s4
core   0: 3 0x80002420 (0x41425bb3) x23 0xf80013ce
core   0: 0x80002424 (0x406fd793) srai    a5, t6, 6
core   0: 3 0x80002424 (0x406fd793) x15 0x00000000
core   0: 0x80002428 (0x0000801d) c.srli  s0, 7
core   0: 3 0x80002428 (0x801d) x 8 0x00000000
core   0: 0x8000242a (0x00008e7d) c.and   a2, a5
core   0: 3 0x8000242a (0x8e7d) x12 0x00000000
core   0: 0x8000242c (0x00008f96) c.mv    t6, t0
core   0: 3 0x8000242c (0x8f96) x31 0x00000000
core   0: 0x8000242e (0x036bf6b3) remu    a3, s7, s6
core   0: 3 0x8000242e (0x036bf6b3) x13 0x00000000
core   0: 0x80002432 (0x03c065b3) rem     a1, zero, t3
core   0: 3 0x80002432 (0x03c065b3) x11 0x00000000
core   0: 0x80002436 (0x000084d1) c.srai  s1, 20
core   0: 3 0x80002436 (0x84d1) x 9 0x00000000
core   0: 0x80002438 (0x000084a1) c.srai  s1, 8
core   0: 3 0x80002438 (0x84a1) x 9 0x00000000
core   0: 0x8000243a (0x40aed6b3) sra     a3, t4, a0
core   0: 3 0x8000243a (0x40aed6b3) x13 0xe0000000
core   0: 0x8000243e (0x5ff8f293) andi    t0, a7, 1535
core   0: 3 0x8000243e (0x5ff8f293) x 5 0x00000400
core   0: 0x80002442 (0x00000cba) c.slli  s9, 14
core   0: 3 0x80002442 (0x0cba) x25 0x00000000
core   0: 0x80002444 (0x00000001) c.nop
core   0: 3 0x80002444 (0x0001)
core   0: 0x80002446 (0x01d15a93) srli    s5, sp, 29
core   0: 3 0x80002446 (0x01d15a93) x21 0x00000000
core   0: 0x8000244a (0x00008f35) c.xor   a4, a3
core   0: 3 0x8000244a (0x8f35) x14 0x1fffffff
core   0: 0x8000244c (0x010bf5b3) and     a1, s7, a6
core   0: 3 0x8000244c (0x010bf5b3) x11 0x00000000
core   0: 0x80002450 (0x01369493) slli    s1, a3, 19
core   0: 3 0x80002450 (0x01369493) x 9 0x00000000
core   0: 0x80002454 (0x00008ef9) c.and   a3, a4
core   0: 3 0x80002454 (0x8ef9) x13 0x00000000
core   0: 0x80002456 (0x41918bb3) sub     s7, gp, s9
core   0: 3 0x80002456 (0x41918bb3) x23 0xbd9c83b2
core   0: 0x8000245a (0x037b9833) mulh    a6, s7, s7
core   0: 3 0x8000245a (0x037b9833) x16 0x113772c1
core   0: 0x8000245e (0x005780b3) add     ra, a5, t0
core   0: 3 0x8000245e (0x005780b3) x 1 0x00000400
core   0: 0x80002462 (0x015f1293) slli    t0, t5, 21
core   0: 3 0x80002462 (0x015f1293) x 5 0x00000000
core   0: 0x80002466 (0x000089ee) c.mv    s3, s11
core   0: 3 0x80002466 (0x89ee) x19 0xffffffff
core   0: 0x80002468 (0x00000001) c.nop
core   0: 3 0x80002468 (0x0001)
core   0: 0x8000246a (0x00765733) srl     a4, a2, t2
core   0: 3 0x8000246a (0x00765733) x14 0x00000000
core   0: 0x8000246e (0x0062a4b3) slt     s1, t0, t1
core   0: 3 0x8000246e (0x0062a4b3) x 9 0x00000000
core   0: 0x80002472 (0x0006d893) srli    a7, a3, 0
core   0: 3 0x80002472 (0x0006d893) x17 0x00000000
core   0: 0x80002476 (0x00008c75) c.and   s0, a3
core   0: 3 0x80002476 (0x8c75) x 8 0x00000000
core   0: 0x80002478 (0x00006f7d) c.lui   t5, 0x1f
core   0: 3 0x80002478 (0x6f7d) x30 0x0001f000
core   0: 0x8000247a (0x00000001) c.nop
core   0: 3 0x8000247a (0x0001)
core   0: 0x8000247c (0x74283e13) sltiu   t3, a6, 1858
core   0: 3 0x8000247c (0x74283e13) x28 0x00000000
core   0: 0x80002480 (0x400b07b3) sub     a5, s6, zero
core   0: 3 0x80002480 (0x400b07b3) x15 0x00000001
core   0: 0x80002484 (0x01d9f733) and     a4, s3, t4
core   0: 3 0x80002484 (0x01d9f733) x14 0x80000000
core   0: 0x80002488 (0x458ecb13) xori    s6, t4, 1112
core   0: 3 0x80002488 (0x458ecb13) x22 0x80000458
core   0: 0x8000248c (0x00006fb1) c.lui   t6, 0xc
core   0: 3 0x8000248c (0x6fb1) x31 0x0000c000
core   0: 0x8000248e (0xe4f83093) sltiu   ra, a6, -433
core   0: 3 0x8000248e (0xe4f83093) x 1 0x00000001
core   0: 0x80002492 (0x40e95833) sra     a6, s2, a4
core   0: 3 0x80002492 (0x40e95833) x16 0x00000505
core   0: 0x80002496 (0x00000dc6) c.slli  s11, 17
core   0: 3 0x80002496 (0x0dc6) x27 0xfffe0000
core   0: 0x80002498 (0x027bfbb3) remu    s7, s7, t2
core   0: 3 0x80002498 (0x027bfbb3) x23 0x00000032
core   0: 0x8000249c (0x00008c6d) c.and   s0, a1
core   0: 3 0x8000249c (0x8c6d) x 8 0x00000000
core   0: 0x8000249e (0x00006129) c.addi16sp sp, 192
core   0: 3 0x8000249e (0x6129) x 2 0x000000c0
core   0: 0x800024a0 (0x00008fed) c.and   a5, a1
core   0: 3 0x800024a0 (0x8fed) x15 0x00000000
core   0: 0x800024a2 (0x0060afb3) slt     t6, ra, t1
core   0: 3 0x800024a2 (0x0060afb3) x31 0x00000000
core   0: 0x800024a6 (0x000048ed) c.li    a7, 27
core   0: 3 0x800024a6 (0x48ed) x17 0x0000001b
core   0: 0x800024a8 (0x00000984) c.addi4spn s1, sp, 208
core   0: 3 0x800024a8 (0x0984) x 9 0x00000190
core   0: 0x800024aa (0x03a9a2b3) mulhsu  t0, s3, s10
core   0: 3 0x800024aa (0x03a9a2b3) x 5 0xffffffff
core   0: 0x800024ae (0x00008cd5) c.or    s1, a3
core   0: 3 0x800024ae (0x8cd5) x 9 0x00000190
core   0: 0x800024b0 (0x025405b3) mul     a1, s0, t0
core   0: 3 0x800024b0 (0x025405b3) x11 0x00000000
core   0: 0x800024b4 (0x00008fe1) c.and   a5, s0
core   0: 3 0x800024b4 (0x8fe1) x15 0x00000000
core   0: 0x800024b6 (0x00006769) c.lui   a4, 0x1a
core   0: 3 0x800024b6 (0x6769) x14 0x0001a000
core   0: 0x800024b8 (0x0000567d) c.li    a2, -1
core   0: 3 0x800024b8 (0x567d) x12 0xffffffff
core   0: 0x800024ba (0x00006131) c.addi16sp sp, 320
core   0: 3 0x800024ba (0x6131) x 2 0x00000200
core   0: 0x800024bc (0x00e144b3) xor     s1, sp, a4
core   0: 3 0x800024bc (0x00e144b3) x 9 0x0001a200
core   0: 0x800024c0 (0x0000011a) c.slli  sp, 6
core   0: 3 0x800024c0 (0x011a) x 2 0x00008000
core   0: 0x800024c2 (0x000099fd) c.andi  a1, -1
core   0: 3 0x800024c2 (0x99fd) x11 0x00000000
core   0: 0x800024c4 (0x0348cab3) div     s5, a7, s4
core   0: 3 0x800024c4 (0x0348cab3) x21 0x00000000
core   0: 0x800024c8 (0x414280b3) sub     ra, t0, s4
core   0: 3 0x800024c8 (0x414280b3) x 1 0x7fff019b
core   0: 0x800024cc (0x00d5db33) srl     s6, a1, a3
core   0: 3 0x800024cc (0x00d5db33) x22 0x00000000
core   0: 0x800024d0 (0x0049a2b3) slt     t0, s3, tp
core   0: 3 0x800024d0 (0x0049a2b3) x 5 0x00000000
core   0: 0x800024d4 (0x029c31b3) mulhu   gp, s8, s1
core   0: 3 0x800024d4 (0x029c31b3) x 3 0x00000002
core   0: 0x800024d8 (0x40b1d413) srai    s0, gp, 11
core   0: 3 0x800024d8 (0x40b1d413) x 8 0x00000000
core   0: 0x800024dc (0x0052fb33) and     s6, t0, t0
core   0: 3 0x800024dc (0x0052fb33) x22 0x00000000
core   0: 0x800024e0 (0x62ee0793) addi    a5, t3, 1582
core   0: 3 0x800024e0 (0x62ee0793) x15 0x0000062e
core   0: 0x800024e4 (0x40f988b3) sub     a7, s3, a5
core   0: 3 0x800024e4 (0x40f988b3) x17 0xfffff9d1
core   0: 0x800024e8 (0x0377cdb3) div     s11, a5, s7
core   0: 3 0x800024e8 (0x0377cdb3) x27 0x0000001f
core   0: 0x800024ec (0x40125833) sra     a6, tp, ra
core   0: 3 0x800024ec (0x40125833) x16 0xfffffff0
core   0: 0x800024f0 (0x01a29893) slli    a7, t0, 26
core   0: 3 0x800024f0 (0x01a29893) x17 0x00000000
core   0: 0x800024f4 (0x00e158b3) srl     a7, sp, a4
core   0: 3 0x800024f4 (0x00e158b3) x17 0x00008000
core   0: 0x800024f8 (0x6591c713) xori    a4, gp, 1625
core   0: 3 0x800024f8 (0x6591c713) x14 0x0000065b
core   0: 0x800024fc (0x03f18fb3) mul     t6, gp, t6
core   0: 3 0x800024fc (0x03f18fb3) x31 0x00000000
core   0: 0x80002500 (0x03f80b33) mul     s6, a6, t6
core   0: 3 0x80002500 (0x03f80b33) x22 0x00000000
core   0: 0x80002504 (0x0ca3ab17) auipc   s6, 0xca3a
core   0: 3 0x80002504 (0x0ca3ab17) x22 0x8ca3c504
core   0: 0x80002508 (0x00009eb6) c.add   t4, a3
core   0: 3 0x80002508 (0x9eb6) x29 0x80000000
core   0: 0x8000250a (0x000006e6) c.slli  a3, 25
core   0: 3 0x8000250a (0x06e6) x13 0x00000000
core   0: 0x8000250c (0x033349b3) div     s3, t1, s3
core   0: 3 0x8000250c (0x033349b3) x19 0x80000000
core   0: 0x80002510 (0x02db6633) rem     a2, s6, a3
core   0: 3 0x80002510 (0x02db6633) x12 0x8ca3c504
core   0: 0x80002514 (0x00b55693) srli    a3, a0, 11
core   0: 3 0x80002514 (0x00b55693) x13 0x00000000
core   0: 0x80002518 (0x03b79cb3) mulh    s9, a5, s11
core   0: 3 0x80002518 (0x03b79cb3) x25 0x00000000
core   0: 0x8000251c (0x00008e95) c.sub   a3, a3
core   0: 3 0x8000251c (0x8e95) x13 0x00000000
core   0: 0x8000251e (0x9105d537) lui     a0, 0x9105d
core   0: 3 0x8000251e (0x9105d537) x10 0x9105d000
core   0: 0x80002522 (0xe6a00a93) li      s5, -406
core   0: 3 0x80002522 (0xe6a00a93) x21 0xfffffe6a
core   0: 0x80002526 (0xb8658e93) addi    t4, a1, -1146
core   0: 3 0x80002526 (0xb8658e93) x29 0xfffffb86
core   0: 0x8000252a (0x0000717d) c.addi16sp sp, -16
core   0: 3 0x8000252a (0x717d) x 2 0x00007ff0
core   0: 0x8000252c (0x00d24533) xor     a0, tp, a3
core   0: 3 0x8000252c (0x00d24533) x10 0x80013ce4
core   0: 0x80002530 (0x000080b9) c.srli  s1, 14
core   0: 3 0x80002530 (0x80b9) x 9 0x00000006
core   0: 0x80002532 (0x01655113) srli    sp, a0, 22
core   0: 3 0x80002532 (0x01655113) x 2 0x00000200
core   0: 0x80002536 (0x00008ea5) c.xor   a3, s1
core   0: 3 0x80002536 (0x8ea5) x13 0x00000006
core   0: 0x80002538 (0x00898533) add     a0, s3, s0
core   0: 3 0x80002538 (0x00898533) x10 0x80000000
core   0: 0x8000253c (0x000081e6) c.mv    gp, s9
core   0: 3 0x8000253c (0x81e6) x 3 0x00000000
core   0: 0x8000253e (0x02b597b3) mulh    a5, a1, a1
core   0: 3 0x8000253e (0x02b597b3) x15 0x00000000
core   0: 0x80002542 (0x0000861d) c.srai  a2, 7
core   0: 3 0x80002542 (0x861d) x12 0xff19478a
core   0: 0x80002544 (0x00da9b13) slli    s6, s5, 13
core   0: 3 0x80002544 (0x00da9b13) x22 0xffcd4000
core   0: 0x80002548 (0x0324f0b3) remu    ra, s1, s2
core   0: 3 0x80002548 (0x0324f0b3) x 1 0x00000006
core   0: 0x8000254c (0x00c91293) slli    t0, s2, 12
core   0: 3 0x8000254c (0x00c91293) x 5 0x00505000
core   0: 0x80002550 (0xebd73c93) sltiu   s9, a4, -323
core   0: 3 0x80002550 (0xebd73c93) x25 0x00000001
core   0: 0x80002554 (0x021d27b3) mulhsu  a5, s10, ra
core   0: 3 0x80002554 (0x021d27b3) x15 0x00000000
core   0: 0x80002558 (0x00008f89) c.sub   a5, a0
core   0: 3 0x80002558 (0x8f89) x15 0x80000000
core   0: 0x8000255a (0x00008cd2) c.mv    s9, s4
core   0: 3 0x8000255a (0x8cd2) x25 0x8000fe64
core   0: 0x8000255c (0x00008ae9) c.andi  a3, 26
core   0: 3 0x8000255c (0x8ae9) x13 0x00000002
core   0: 0x8000255e (0x017ca6b3) slt     a3, s9, s7
core   0: 3 0x8000255e (0x017ca6b3) x13 0x00000001
core   0: 0x80002562 (0x01f54db3) xor     s11, a0, t6
core   0: 3 0x80002562 (0x01f54db3) x27 0x80000000
core   0: 0x80002566 (0x00008f2d) c.xor   a4, a1
core   0: 3 0x80002566 (0x8f2d) x14 0x0000065b
core   0: 0x80002568 (0x28b64513) xori    a0, a2, 651
core   0: 3 0x80002568 (0x28b64513) x10 0xff194501
core   0: 0x8000256c (0x0150d733) srl     a4, ra, s5
core   0: 3 0x8000256c (0x0150d733) x14 0x00000000
core   0: 0x80002570 (0x00001794) c.addi4spn a3, sp, 992
core   0: 3 0x80002570 (0x1794) x13 0x000005e0
core   0: 0x80002572 (0x03e2aeb3) mulhsu  t4, t0, t5
core   0: 3 0x80002572 (0x03e2aeb3) x29 0x0000009b
core   0: 0x80002576 (0x00000001) c.nop
core   0: 3 0x80002576 (0x0001)
core   0: 0x80002578 (0x405a5113) srai    sp, s4, 5
core   0: 3 0x80002578 (0x405a5113) x 2 0xfc0007f3
core   0: 0x8000257c (0x00000001) c.nop
core   0: 3 0x8000257c (0x0001)
core   0: 0x8000257e (0x03bf7ab3) remu    s5, t5, s11
core   0: 3 0x8000257e (0x03bf7ab3) x21 0x0001f000
core   0: 0x80002582 (0x8351f713) andi    a4, gp, -1995
core   0: 3 0x80002582 (0x8351f713) x14 0x00000000
core   0: 0x80002586 (0xd1833e93) sltiu   t4, t1, -744
core   0: 3 0x80002586 (0xd1833e93) x29 0x00000001
core   0: 0x8000258a (0x01c19fb3) sll     t6, gp, t3
core   0: 3 0x8000258a (0x01c19fb3) x31 0x00000000
core   0: 0x8000258e (0x03e2d433) divu    s0, t0, t5
core   0: 3 0x8000258e (0x03e2d433) x 8 0x00000029
core   0: 0x80002592 (0xc0e97b13) andi    s6, s2, -1010
core   0: 3 0x80002592 (0xc0e97b13) x22 0x00000404
core   0: 0x80002596 (0x00008c0d) c.sub   s0, a1
core   0: 3 0x80002596 (0x8c0d) x 8 0x00000029
core   0: 0x80002598 (0x193b6f93) ori     t6, s6, 403
core   0: 3 0x80002598 (0x193b6f93) x31 0x00000597
core   0: 0x8000259c (0x86deef93) ori     t6, t4, -1939
core   0: 3 0x8000259c (0x86deef93) x31 0xfffff86d
core   0: 0x800025a0 (0x01893933) sltu    s2, s2, s8
core   0: 3 0x800025a0 (0x01893933) x18 0x00000001
core   0: 0x800025a4 (0x03be0cb3) mul     s9, t3, s11
core   0: 3 0x800025a4 (0x03be0cb3) x25 0x00000000
core   0: 0x800025a8 (0x7e15fc13) andi    s8, a1, 2017
core   0: 3 0x800025a8 (0x7e15fc13) x24 0x00000000
core   0: 0x800025ac (0x00009cc6) c.add   s9, a7
core   0: 3 0x800025ac (0x9cc6) x25 0x00008000
core   0: 0x800025ae (0x02d059b3) divu    s3, zero, a3
core   0: 3 0x800025ae (0x02d059b3) x19 0x00000000
core   0: 0x800025b2 (0x004f9933) sll     s2, t6, tp
core   0: 3 0x800025b2 (0x004f9933) x18 0xffff86d0
core   0: 0x800025b6 (0x99180297) auipc   t0, 0x99180
core   0: 3 0x800025b6 (0x99180297) x 5 0x191825b6
core   0: 0x800025ba (0x00000001) c.nop
core   0: 3 0x800025ba (0x0001)
core   0: 0x800025bc (0x00000b84) c.addi4spn s1, sp, 464
core   0: 3 0x800025bc (0x0b84) x 9 0xfc0009c3
core   0: 0x800025be (0x02bccf33) div     t5, s9, a1
core   0: 3 0x800025be (0x02bccf33) x30 0xffffffff
core   0: 0x800025c2 (0x00090e33) add     t3, s2, zero
core   0: 3 0x800025c2 (0x00090e33) x28 0xffff86d0
core   0: 0x800025c6 (0x000066b9) c.lui   a3, 0xe
core   0: 3 0x800025c6 (0x66b9) x13 0x0000e000
core   0: 0x800025c8 (0x00008c6d) c.and   s0, a1
core   0: 3 0x800025c8 (0x8c6d) x 8 0x00000000
core   0: 0x800025ca (0x0065e6b3) or      a3, a1, t1
core   0: 3 0x800025ca (0x0065e6b3) x13 0x80000000
core   0: 0x800025ce (0x1ef8ac97) auipc   s9, 0x1ef8a
core   0: 3 0x800025ce (0x1ef8ac97) x25 0x9ef8c5ce
core   0: 0x800025d2 (0x01eefab3) and     s5, t4, t5
core   0: 3 0x800025d2 (0x01eefab3) x21 0x00000001
core   0: 0x800025d6 (0x85732013) slti    zero, t1, -1961
core   0: 3 0x800025d6 (0x85732013)
core   0: 0x800025da (0x00000001) c.nop
core   0: 3 0x800025da (0x0001)
core   0: 0x800025dc (0x000088e5) c.andi  s1, 25
core   0: 3 0x800025dc (0x88e5) x 9 0x00000001
core   0: 0x800025de (0x03590c33) mul     s8, s2, s5
core   0: 3 0x800025de (0x03590c33) x24 0xffff86d0
core   0: 0x800025e2 (0xafb88e93) addi    t4, a7, -1285
core   0: 3 0x800025e2 (0xafb88e93) x29 0x00007afb
core   0: 0x800025e6 (0x02c95c33) divu    s8, s2, a2
core   0: 3 0x800025e6 (0x02c95c33) x24 0x00000001
core   0: 0x800025ea (0x025750b3) divu    ra, a4, t0
core   0: 3 0x800025ea (0x025750b3) x 1 0x00000000
core   0: 0x800025ee (0x00008fd1) c.or    a5, a2
core   0: 3 0x800025ee (0x8fd1) x15 0xff19478a
core   0: 0x800025f0 (0x01e0b633) sltu    a2, ra, t5
core   0: 3 0x800025f0 (0x01e0b633) x12 0x00000001
core   0: 0x800025f4 (0x00000001) c.nop
core   0: 3 0x800025f4 (0x0001)
core   0: 0x800025f6 (0x00000001) c.nop
core   0: 3 0x800025f6 (0x0001)
core   0: 0x800025f8 (0x00000001) c.nop
core   0: 3 0x800025f8 (0x0001)
core   0: 0x800025fa (0x00009b7d) c.andi  a4, -1
core   0: 3 0x800025fa (0x9b7d) x14 0x00000000
core   0: 0x800025fc (0x00000001) c.nop
core   0: 3 0x800025fc (0x0001)
core   0: 0x800025fe (0x0360d3b3) divu    t2, ra, s6
core   0: 3 0x800025fe (0x0360d3b3) x 7 0x00000000
core   0: 0x80002602 (0x00000001) c.nop
core   0: 3 0x80002602 (0x0001)
core   0: 0x80002604 (0x01e15bb3) srl     s7, sp, t5
core   0: 3 0x80002604 (0x01e15bb3) x23 0x00000001
core   0: 0x80002608 (0x00006151) c.addi16sp sp, 272
core   0: 3 0x80002608 (0x6151) x 2 0xfc000903
core   0: 0x8000260a (0x00b8d813) srli    a6, a7, 11
core   0: 3 0x8000260a (0x00b8d813) x16 0x00000010
core   0: 0x8000260e (0x00000001) c.nop
core   0: 3 0x8000260e (0x0001)
core   0: 0x80002610 (0x02a3d1b3) divu    gp, t2, a0
core   0: 3 0x80002610 (0x02a3d1b3) x 3 0x00000000
core   0: 0x80002614 (0x01891433) sll     s0, s2, s8
core   0: 3 0x80002614 (0x01891433) x 8 0xffff0da0
core   0: 0x80002618 (0x00006ce9) c.lui   s9, 0x1a
core   0: 3 0x80002618 (0x6ce9) x25 0x0001a000
core   0: 0x8000261a (0x039dfc33) remu    s8, s11, s9
core   0: 3 0x8000261a (0x039dfc33) x24 0x00018000
core   0: 0x8000261e (0x00000fe1) c.addi  t6, 24
core   0: 3 0x8000261e (0x0fe1) x31 0xfffff885
core   0: 0x80002620 (0x00008f05) c.sub   a4, s1
core   0: 3 0x80002620 (0x8f05) x14 0xffffffff
core   0: 0x80002622 (0x00000f05) c.addi  t5, 1
core   0: 3 0x80002622 (0x0f05) x30 0x00000000
core   0: 0x80002624 (0xce92e0b7) lui     ra, 0xce92e
core   0: 3 0x80002624 (0xce92e0b7) x 1 0xce92e000
core   0: 0x80002628 (0x03cf24b3) mulhsu  s1, t5, t3
core   0: 3 0x80002628 (0x03cf24b3) x 9 0x00000000
core   0: 0x8000262c (0x00000001) c.nop
core   0: 3 0x8000262c (0x0001)
core   0: 0x8000262e (0x023db633) mulhu   a2, s11, gp
core   0: 3 0x8000262e (0x023db633) x12 0x00000000
core   0: 0x80002632 (0x03fbb133) mulhu   sp, s7, t6
core   0: 3 0x80002632 (0x03fbb133) x 2 0x00000000
core   0: 0x80002636 (0x00008ed5) c.or    a3, a3
core   0: 3 0x80002636 (0x8ed5) x13 0x80000000
core   0: 0x80002638 (0x02eee633) rem     a2, t4, a4
core   0: 3 0x80002638 (0x02eee633) x12 0x00000000
core   0: 0x8000263c (0x000005a2) c.slli  a1, 8
core   0: 3 0x8000263c (0x05a2) x11 0x00000000
core   0: 0x8000263e (0x00000001) c.nop
core   0: 3 0x8000263e (0x0001)
core   0: 0x80002640 (0x02a6b033) mulhu   zero, a3, a0
core   0: 3 0x80002640 (0x02a6b033)
core   0: 0x80002644 (0x00008c25) c.xor   s0, s1
core   0: 3 0x80002644 (0x8c25) x 8 0xffff0da0
core   0: 0x80002646 (0x037aefb3) rem     t6, s5, s7
core   0: 3 0x80002646 (0x037aefb3) x31 0x00000000
core   0: 0x8000264a (0x0233b4b3) mulhu   s1, t2, gp
core   0: 3 0x8000264a (0x0233b4b3) x 9 0x00000000
core   0: 0x8000264e (0x414d8fb3) sub     t6, s11, s4
core   0: 3 0x8000264e (0x414d8fb3) x31 0xffff019c
core   0: 0x80002652 (0x02545e33) divu    t3, s0, t0
core   0: 3 0x80002652 (0x02545e33) x28 0x0000000a
core   0: 0x80002656 (0x000058fd) c.li    a7, -1
core   0: 3 0x80002656 (0x58fd) x17 0xffffffff
core   0: 0x80002658 (0x0243bd33) mulhu   s10, t2, tp
core   0: 3 0x80002658 (0x0243bd33) x26 0x00000000
core   0: 0x8000265c (0x54cda113) slti    sp, s11, 1356
core   0: 3 0x8000265c (0x54cda113) x 2 0x00000001
core   0: 0x80002660 (0x00000001) c.nop
core   0: 3 0x80002660 (0x0001)
core   0: 0x80002662 (0x0000863a) c.mv    a2, a4
core   0: 3 0x80002662 (0x863a) x12 0xffffffff
core   0: 0x80002664 (0x0230e3b3) rem     t2, ra, gp
core   0: 3 0x80002664 (0x0230e3b3) x 7 0xce92e000
core   0: 0x80002668 (0x00008476) c.mv    s0, t4
core   0: 3 0x80002668 (0x8476) x 8 0x00007afb
core   0: 0x8000266a (0xe88cc393) xori    t2, s9, -376
core   0: 3 0x8000266a (0xe88cc393) x 7 0xfffe5e88
core   0: 0x8000266e (0x00006c31) c.lui   s8, 0xc
core   0: 3 0x8000266e (0x6c31) x24 0x0000c000
core   0: 0x80002670 (0x01849b13) slli    s6, s1, 24
core   0: 3 0x80002670 (0x01849b13) x22 0x00000000
core   0: 0x80002674 (0x00000001) c.nop
core   0: 3 0x80002674 (0x0001)
core   0: 0x80002676 (0x02e2d933) divu    s2, t0, a4
core   0: 3 0x80002676 (0x02e2d933) x18 0x00000000
core   0: 0x8000267a (0x00008e29) c.xor   a2, a0
core   0: 3 0x8000267a (0x8e29) x12 0x00e6bafe
core   0: 0x8000267c (0x7475b193) sltiu   gp, a1, 1863
core   0: 3 0x8000267c (0x7475b193) x 3 0x00000001
core   0: 0x80002680 (0x00000001) c.nop
core   0: 3 0x80002680 (0x0001)
core   0: 0x80002682 (0x03c075b3) remu    a1, zero, t3
core   0: 3 0x80002682 (0x03c075b3) x11 0x00000000
core   0: 0x80002686 (0x01c77fb3) and     t6, a4, t3
core   0: 3 0x80002686 (0x01c77fb3) x31 0x0000000a
core   0: 0x8000268a (0x00006105) c.addi16sp sp, 32
core   0: 3 0x8000268a (0x6105) x 2 0x00000021
core   0: 0x8000268c (0x00c7cf33) xor     t5, a5, a2
core   0: 3 0x8000268c (0x00c7cf33) x30 0xfffffd74
core   0: 0x80002690 (0x014a72b3) and     t0, s4, s4
core   0: 3 0x80002690 (0x014a72b3) x 5 0x8000fe64
core   0: 0x80002694 (0x000004ce) c.slli  s1, 19
core   0: 3 0x80002694 (0x04ce) x 9 0x00000000
core   0: 0x80002696 (0x015f9293) slli    t0, t6, 21
core   0: 3 0x80002696 (0x015f9293) x 5 0x01400000
core   0: 0x8000269a (0x4184d033) sra     zero, s1, s8
core   0: 3 0x8000269a (0x4184d033)
core   0: 0x8000269e (0x65aa3893) sltiu   a7, s4, 1626
core   0: 3 0x8000269e (0x65aa3893) x17 0x00000000
core   0: 0x800026a2 (0x00a1e3b3) or      t2, gp, a0
core   0: 3 0x800026a2 (0x00a1e3b3) x 7 0xff194501
core   0: 0x800026a6 (0x00363f33) sltu    t5, a2, gp
core   0: 3 0x800026a6 (0x00363f33) x30 0x00000000
core   0: 0x800026aa (0x034b1733) mulh    a4, s6, s4
core   0: 3 0x800026aa (0x034b1733) x14 0x00000000
core   0: 0x800026ae (0x000013fd) c.addi  t2, -1
core   0: 3 0x800026ae (0x13fd) x 7 0xff194500
core   0: 0x800026b0 (0x038d4eb3) div     t4, s10, s8
core   0: 3 0x800026b0 (0x038d4eb3) x29 0x00000000
core   0: 0x800026b4 (0x00001e7d) c.addi  t3, -1
core   0: 3 0x800026b4 (0x1e7d) x28 0x00000009
core   0: 0x800026b6 (0x00006e05) c.lui   t3, 0x1
core   0: 3 0x800026b6 (0x6e05) x28 0x00001000
core   0: 0x800026b8 (0x2f9aef13) ori     t5, s5, 761
core   0: 3 0x800026b8 (0x2f9aef13) x30 0x000002f9
core   0: 0x800026bc (0x034bdc33) divu    s8, s7, s4
core   0: 3 0x800026bc (0x034bdc33) x24 0x00000000
core   0: 0x800026c0 (0x003e3493) sltiu   s1, t3, 3
core   0: 3 0x800026c0 (0x003e3493) x 9 0x00000000
core   0: 0x800026c4 (0x037150b3) divu    ra, sp, s7
core   0: 3 0x800026c4 (0x037150b3) x 1 0x00000021
core   0: 0x800026c8 (0x007b1813) slli    a6, s6, 7
core   0: 3 0x800026c8 (0x007b1813) x16 0x00000000
core   0: 0x800026cc (0x00000bb2) c.slli  s7, 12
core   0: 3 0x800026cc (0x0bb2) x23 0x00001000
core   0: 0x800026ce (0x01786e33) or      t3, a6, s7
core   0: 3 0x800026ce (0x01786e33) x28 0x00001000
core   0: 0x800026d2 (0x212d4e13) xori    t3, s10, 530
core   0: 3 0x800026d2 (0x212d4e13) x28 0x00000212
core   0: 0x800026d6 (0x019380b3) add     ra, t2, s9
core   0: 3 0x800026d6 (0x019380b3) x 1 0xff1ae500
core   0: 0x800026da (0x03b60e33) mul     t3, a2, s11
core   0: 3 0x800026da (0x03b60e33) x28 0x00000000
core   0: 0x800026de (0x00008cf1) c.and   s1, a2
core   0: 3 0x800026de (0x8cf1) x 9 0x00000000
core   0: 0x800026e0 (0x02f4edb3) rem     s11, s1, a5
core   0: 3 0x800026e0 (0x02f4edb3) x27 0x00000000
core   0: 0x800026e4 (0x286a4293) xori    t0, s4, 646
core   0: 3 0x800026e4 (0x286a4293) x 5 0x8000fce2
core   0: 0x800026e8 (0x03128d33) mul     s10, t0, a7
core   0: 3 0x800026e8 (0x03128d33) x26 0x00000000
core   0: 0x800026ec (0x01e1cab3) xor     s5, gp, t5
core   0: 3 0x800026ec (0x01e1cab3) x21 0x000002f8
core   0: 0x800026f0 (0x0167c633) xor     a2, a5, s6
core   0: 3 0x800026f0 (0x0167c633) x12 0xff19478a
core   0: 0x800026f4 (0x0123f833) and     a6, t2, s2
core   0: 3 0x800026f4 (0x0123f833) x16 0x00000000
core   0: 0x800026f8 (0x00009e6e) c.add   t3, s11
core   0: 3 0x800026f8 (0x9e6e) x28 0x00000000
core   0: 0x800026fa (0x006f7b33) and     s6, t5, t1
core   0: 3 0x800026fa (0x006f7b33) x22 0x00000000
core   0: 0x800026fe (0x00f233b3) sltu    t2, tp, a5
core   0: 3 0x800026fe (0x00f233b3) x 7 0x00000001
core   0: 0x80002702 (0x00008425) c.srai  s0, 9
core   0: 3 0x80002702 (0x8425) x 8 0x0000003d
core   0: 0x80002704 (0x00008ec1) c.or    a3, s0
core   0: 3 0x80002704 (0x8ec1) x13 0x8000003d
core   0: 0x80002706 (0x02360813) addi    a6, a2, 35
core   0: 3 0x80002706 (0x02360813) x16 0xff1947ad
core   0: 0x8000270a (0x00bac533) xor     a0, s5, a1
core   0: 3 0x8000270a (0x00bac533) x10 0x000002f8
core   0: 0x8000270e (0x00008cf5) c.and   s1, a3
core   0: 3 0x8000270e (0x8cf5) x 9 0x00000000
core   0: 0x80002710 (0x00008b92) c.mv    s7, tp
core   0: 3 0x80002710 (0x8b92) x23 0x80013ce4
core   0: 0x80002712 (0x027d6db3) rem     s11, s10, t2
core   0: 3 0x80002712 (0x027d6db3) x27 0x00000000
core   0: 0x80002716 (0x0000840d) c.srai  s0, 3
core   0: 3 0x80002716 (0x840d) x 8 0x00000007
core   0: 0x80002718 (0x005f4b33) xor     s6, t5, t0
core   0: 3 0x80002718 (0x005f4b33) x22 0x8000fe1b
core   0: 0x8000271c (0x00000001) c.nop
core   0: 3 0x8000271c (0x0001)
core   0: 0x8000271e (0x03c35d33) divu    s10, t1, t3
core   0: 3 0x8000271e (0x03c35d33) x26 0xffffffff
core   0: 0x80002722 (0x01e6d813) srli    a6, a3, 30
core   0: 3 0x80002722 (0x01e6d813) x16 0x00000002
core   0: 0x80002726 (0x010bffb3) and     t6, s7, a6
core   0: 3 0x80002726 (0x010bffb3) x31 0x00000000
core   0: 0x8000272a (0x035b8d33) mul     s10, s7, s5
core   0: 3 0x8000272a (0x035b8d33) x26 0x03acc4e0
core   0: 0x8000272e (0x00006915) c.lui   s2, 0x5
core   0: 3 0x8000272e (0x6915) x18 0x00005000
core   0: 0x80002730 (0x00618933) add     s2, gp, t1
core   0: 3 0x80002730 (0x00618933) x18 0x80000001
core   0: 0x80002734 (0x000000f2) c.slli  ra, 28
core   0: 3 0x80002734 (0x00f2) x 1 0x00000000
core   0: 0x80002736 (0x022625b3) mulhsu  a1, a2, sp
core   0: 3 0x80002736 (0x022625b3) x11 0xffffffff
core   0: 0x8000273a (0x00006bd9) c.lui   s7, 0x16
core   0: 3 0x8000273a (0x6bd9) x23 0x00016000
core   0: 0x8000273c (0x0100a2b3) slt     t0, ra, a6
core   0: 3 0x8000273c (0x0100a2b3) x 5 0x00000001
core   0: 0x80002740 (0x00006091) c.lui   ra, 0x4
core   0: 3 0x80002740 (0x6091) x 1 0x00004000
core   0: 0x80002742 (0x01f47ab3) and     s5, s0, t6
core   0: 3 0x80002742 (0x01f47ab3) x21 0x00000000
core   0: 0x80002746 (0x000046dd) c.li    a3, 23
core   0: 3 0x80002746 (0x46dd) x13 0x00000017
core   0: 0x80002748 (0x01c29db3) sll     s11, t0, t3
core   0: 3 0x80002748 (0x01c29db3) x27 0x00000001
core   0: 0x8000274c (0x02d75db3) divu    s11, a4, a3
core   0: 3 0x8000274c (0x02d75db3) x27 0x00000000
core   0: 0x80002750 (0x00068533) add     a0, a3, zero
core   0: 3 0x80002750 (0x00068533) x10 0x00000017
core   0: 0x80002754 (0xce94ec93) ori     s9, s1, -791
core   0: 3 0x80002754 (0xce94ec93) x25 0xfffffce9
core   0: 0x80002758 (0x2529c193) xori    gp, s3, 594
core   0: 3 0x80002758 (0x2529c193) x 3 0x00000252
core   0: 0x8000275c (0x00000001) c.nop
core   0: 3 0x8000275c (0x0001)
core   0: 0x8000275e (0x54b1b113) sltiu   sp, gp, 1355
core   0: 3 0x8000275e (0x54b1b113) x 2 0x00000001
core   0: 0x80002762 (0x00008ef5) c.and   a3, a3
core   0: 3 0x80002762 (0x8ef5) x13 0x00000017
core   0: 0x80002764 (0x406b8ab3) sub     s5, s7, t1
core   0: 3 0x80002764 (0x406b8ab3) x21 0x80016000
core   0: 0x80002768 (0x49c3e293) ori     t0, t2, 1180
core   0: 3 0x80002768 (0x49c3e293) x 5 0x0000049d
core   0: 0x8000276c (0x033e1633) mulh    a2, t3, s3
core   0: 3 0x8000276c (0x033e1633) x12 0x00000000
core   0: 0x80002770 (0x000098fd) c.andi  s1, -1
core   0: 3 0x80002770 (0x98fd) x 9 0x00000000
core   0: 0x80002772 (0x00006111) c.addi16sp sp, 256
core   0: 3 0x80002772 (0x6111) x 2 0x00000101
core   0: 0x80002774 (0x03168733) mul     a4, a3, a7
core   0: 3 0x80002774 (0x03168733) x14 0x00000000
core   0: 0x80002778 (0x025b5c33) divu    s8, s6, t0
core   0: 3 0x80002778 (0x025b5c33) x24 0x001bbf2f
core   0: 0x8000277c (0x01ca8b33) add     s6, s5, t3
core   0: 3 0x8000277c (0x01ca8b33) x22 0x80016000
core   0: 0x80002780 (0x2b294293) xori    t0, s2, 690
core   0: 3 0x80002780 (0x2b294293) x 5 0x800002b3
core   0: 0x80002784 (0x00008cd9) c.or    s1, a4
core   0: 3 0x80002784 (0x8cd9) x 9 0x00000000
core   0: 0x80002786 (0x0000016e) c.slli  sp, 27
core   0: 3 0x80002786 (0x016e) x 2 0x08000000
core   0: 0x80002788 (0x008cd093) srli    ra, s9, 8
core   0: 3 0x80002788 (0x008cd093) x 1 0x00fffffc
core   0: 0x8000278c (0x01d0f733) and     a4, ra, t4
core   0: 3 0x8000278c (0x01d0f733) x14 0x00000000
core   0: 0x80002790 (0xc6f27e93) andi    t4, tp, -913
core   0: 3 0x80002790 (0xc6f27e93) x29 0x80013c64
core   0: 0x80002794 (0x020c39b3) mulhu   s3, s8, zero
core   0: 3 0x80002794 (0x020c39b3) x19 0x00000000
core   0: 0x80002798 (0x000053fd) c.li    t2, -1
core   0: 3 0x80002798 (0x53fd) x 7 0xffffffff
core   0: 0x8000279a (0x000018fd) c.addi  a7, -1
core   0: 3 0x8000279a (0x18fd) x17 0xffffffff
core   0: 0x8000279c (0x00006ab1) c.lui   s5, 0xc
core   0: 3 0x8000279c (0x6ab1) x21 0x0000c000
core   0: 0x8000279e (0x01e7da93) srli    s5, a5, 30
core   0: 3 0x8000279e (0x01e7da93) x21 0x00000003
core   0: 0x800027a2 (0x00008df9) c.and   a1, a4
core   0: 3 0x800027a2 (0x8df9) x11 0x00000000
core   0: 0x800027a4 (0x0128cfb3) xor     t6, a7, s2
core   0: 3 0x800027a4 (0x0128cfb3) x31 0x7ffffffe
core   0: 0x800027a8 (0x00e7ee33) or      t3, a5, a4
core   0: 3 0x800027a8 (0x00e7ee33) x28 0xff19478a
core   0: 0x800027ac (0x02cc2633) mulhsu  a2, s8, a2
core   0: 3 0x800027ac (0x02cc2633) x12 0x00000000
core   0: 0x800027b0 (0x018cb633) sltu    a2, s9, s8
core   0: 3 0x800027b0 (0x018cb633) x12 0x00000000
core   0: 0x800027b4 (0x00006179) c.addi16sp sp, 464
core   0: 3 0x800027b4 (0x6179) x 2 0x080001d0
core   0: 0x800027b6 (0xcdf50413) addi    s0, a0, -801
core   0: 3 0x800027b6 (0xcdf50413) x 8 0xfffffcf6
core   0: 0x800027ba (0x00008d61) c.and   a0, s0
core   0: 3 0x800027ba (0x8d61) x10 0x00000016
core   0: 0x800027bc (0xa61b0e13) addi    t3, s6, -1439
core   0: 3 0x800027bc (0xa61b0e13) x28 0x80015a61
core   0: 0x800027c0 (0x02a17bb3) remu    s7, sp, a0
core   0: 3 0x800027c0 (0x02a17bb3) x23 0x00000014
core   0: 0x800027c4 (0x02365fb3) divu    t6, a2, gp
core   0: 3 0x800027c4 (0x02365fb3) x31 0x00000000
core   0: 0x800027c8 (0x806dfb13) andi    s6, s11, -2042
core   0: 3 0x800027c8 (0x806dfb13) x22 0x00000000
core   0: 0x800027cc (0x1a4eef93) ori     t6, t4, 420
core   0: 3 0x800027cc (0x1a4eef93) x31 0x80013de4
core   0: 0x800027d0 (0x01d58db3) add     s11, a1, t4
core   0: 3 0x800027d0 (0x01d58db3) x27 0x80013c64
core   0: 0x800027d4 (0x03b05db3) divu    s11, zero, s11
core   0: 3 0x800027d4 (0x03b05db3) x27 0x00000000
core   0: 0x800027d8 (0x00008dcd) c.or    a1, a1
core   0: 3 0x800027d8 (0x8dcd) x11 0x00000000
core   0: 0x800027da (0x00000001) c.nop
core   0: 3 0x800027da (0x0001)
core   0: 0x800027dc (0xf876a893) slti    a7, a3, -121
core   0: 3 0x800027dc (0xf876a893) x17 0x00000000
core   0: 0x800027e0 (0x00a43cb3) sltu    s9, s0, a0
core   0: 3 0x800027e0 (0x00a43cb3) x25 0x00000000
core   0: 0x800027e4 (0x00008e99) c.sub   a3, a4
core   0: 3 0x800027e4 (0x8e99) x13 0x00000017
core   0: 0x800027e6 (0x03bfa6b3) mulhsu  a3, t6, s11
core   0: 3 0x800027e6 (0x03bfa6b3) x13 0x00000000
core   0: 0x800027ea (0x52bce893) ori     a7, s9, 1323
core   0: 3 0x800027ea (0x52bce893) x17 0x0000052b
core   0: 0x800027ee (0x00300cb3) add     s9, zero, gp
core   0: 3 0x800027ee (0x00300cb3) x25 0x00000252
core   0: 0x800027f2 (0x01731a93) slli    s5, t1, 23
core   0: 3 0x800027f2 (0x01731a93) x21 0x00000000
core   0: 0x800027f6 (0x05db7013) andi    zero, s6, 93
core   0: 3 0x800027f6 (0x05db7013)
core   0: 0x800027fa (0x814e8013) addi    zero, t4, -2028
core   0: 3 0x800027fa (0x814e8013)
core   0: 0x800027fe (0x002442b3) xor     t0, s0, sp
core   0: 3 0x800027fe (0x002442b3) x 5 0xf7fffd26
core   0: 0x80002802 (0x00004281) c.li    t0, 0
core   0: 3 0x80002802 (0x4281) x 5 0x00000000
core   0: 0x80002804 (0x80000e37) lui     t3, 0x80000
core   0: 3 0x80002804 (0x80000e37) x28 0x80000000
core   0: 0x80002808 (0x800009b7) lui     s3, 0x80000
core   0: 3 0x80002808 (0x800009b7) x19 0x80000000
core   0: 0x8000280c (0xfff00d13) li      s10, -1
core   0: 3 0x8000280c (0xfff00d13) x26 0xffffffff
core   0: 0x80002810 (0x80000eb7) lui     t4, 0x80000
core   0: 3 0x80002810 (0x80000eb7) x29 0x80000000
core   0: 0x80002814 (0x800008b7) lui     a7, 0x80000
core   0: 3 0x80002814 (0x800008b7) x17 0x80000000
core   0: 0x80002818 (0x80000c37) lui     s8, 0x80000
core   0: 3 0x80002818 (0x80000c37) x24 0x80000000
core   0: 0x8000281c (0x2489b5b7) lui     a1, 0x2489b
core   0: 3 0x8000281c (0x2489b5b7) x11 0x2489b000
core   0: 0x80002820 (0xefc58593) addi    a1, a1, -260
core   0: 3 0x80002820 (0xefc58593) x11 0x2489aefc
core   0: 0x80002824 (0x00004f01) c.li    t5, 0
core   0: 3 0x80002824 (0x4f01) x30 0x00000000
core   0: 0x80002826 (0xfff00413) li      s0, -1
core   0: 3 0x80002826 (0xfff00413) x 8 0xffffffff
core   0: 0x8000282a (0x0e3b3897) auipc   a7, 0xe3b3
core   0: 3 0x8000282a (0x0e3b3897) x17 0x8e3b582a
core   0: 0x8000282e (0x00000001) c.nop
core   0: 3 0x8000282e (0x0001)
core   0: 0x80002830 (0x031288b3) mul     a7, t0, a7
core   0: 3 0x80002830 (0x031288b3) x17 0x00000000
core   0: 0x80002834 (0x0385fc33) remu    s8, a1, s8
core   0: 3 0x80002834 (0x0385fc33) x24 0x2489aefc
core   0: 0x80002838 (0x031c7c33) remu    s8, s8, a7
core   0: 3 0x80002838 (0x031c7c33) x24 0x2489aefc
core   0: 0x8000283c (0xcf3f1417) auipc   s0, 0xcf3f1
core   0: 3 0x8000283c (0xcf3f1417) x 8 0x4f3f383c
core   0: 0x80002840 (0x03d5d5b3) divu    a1, a1, t4
core   0: 3 0x80002840 (0x03d5d5b3) x11 0x00000000
core   0: 0x80002844 (0x00000001) c.nop
core   0: 3 0x80002844 (0x0001)
core   0: 0x80002846 (0x01e285b3) add     a1, t0, t5
core   0: 3 0x80002846 (0x01e285b3) x11 0x00000000
core   0: 0x8000284a (0x028e92b3) mulh    t0, t4, s0
core   0: 3 0x8000284a (0x028e92b3) x 5 0xd86063e2
core   0: 0x8000284e (0x01898f33) add     t5, s3, s8
core   0: 3 0x8000284e (0x01898f33) x30 0xa489aefc
core   0: 0x80002852 (0x03859433) mulh    s0, a1, s8
core   0: 3 0x80002852 (0x03859433) x 8 0x00000000
core   0: 0x80002856 (0x9194b997) auipc   s3, 0x9194b
core   0: 3 0x80002856 (0x9194b997) x19 0x1194d856
core   0: 0x8000285a (0x00000001) c.nop
core   0: 3 0x8000285a (0x0001)
core   0: 0x8000285c (0x02528f33) mul     t5, t0, t0
core   0: 3 0x8000285c (0x02528f33) x30 0x70789384
core   0: 0x80002860 (0x01a28433) add     s0, t0, s10
core   0: 3 0x80002860 (0x01a28433) x 8 0xd86063e1
core   0: 0x80002864 (0x02b5c433) div     s0, a1, a1
core   0: 3 0x80002864 (0x02b5c433) x 8 0xffffffff
core   0: 0x80002868 (0x82fc89b7) lui     s3, 0x82fc8
core   0: 3 0x80002868 (0x82fc89b7) x19 0x82fc8000
core   0: 0x8000286c (0x03ce12b3) mulh    t0, t3, t3
core   0: 3 0x8000286c (0x03ce12b3) x 5 0x40000000
core   0: 0x80002870 (0x59d1bc37) lui     s8, 0x59d1b
core   0: 3 0x80002870 (0x59d1bc37) x24 0x59d1b000
core   0: 0x80002874 (0x025e8d33) mul     s10, t4, t0
core   0: 3 0x80002874 (0x025e8d33) x26 0x00000000
core   0: 0x80002878 (0x033ecf33) div     t5, t4, s3
core   0: 3 0x80002878 (0x033ecf33) x30 0x00000001
core   0: 0x8000287c (0x0335ae33) mulhsu  t3, a1, s3
core   0: 3 0x8000287c (0x0335ae33) x28 0x00000000
core   0: 0x80002880 (0x0288c2b3) div     t0, a7, s0
core   0: 3 0x80002880 (0x0288c2b3) x 5 0x00000000
core   0: 0x80002884 (0x005e0f33) add     t5, t3, t0
core   0: 3 0x80002884 (0x005e0f33) x30 0x00000000
core   0: 0x80002888 (0x00b98c33) add     s8, s3, a1
core   0: 3 0x80002888 (0x00b98c33) x24 0x82fc8000
core   0: 0x8000288c (0x01085cb3) srl     s9, a6, a6
core   0: 3 0x8000288c (0x01085cb3) x25 0x00000000
core   0: 0x80002890 (0xbb512713) slti    a4, sp, -1099
core   0: 3 0x80002890 (0xbb512713) x14 0x00000000
core   0: 0x80002894 (0x0166f033) and     zero, a3, s6
core   0: 3 0x80002894 (0x0166f033)
core   0: 0x80002898 (0x026b2b17) auipc   s6, 0x26b2
core   0: 3 0x80002898 (0x026b2b17) x22 0x826b4898
core   0: 0x8000289c (0x03cc7cb3) remu    s9, s8, t3
core   0: 3 0x8000289c (0x03cc7cb3) x25 0x82fc8000
core   0: 0x800028a0 (0x0083d113) srli    sp, t2, 8
core   0: 3 0x800028a0 (0x0083d113) x 2 0x00ffffff
core   0: 0x800028a4 (0x01dab9b3) sltu    s3, s5, t4
core   0: 3 0x800028a4 (0x01dab9b3) x19 0x00000001
core   0: 0x800028a8 (0x0113ecb3) or      s9, t2, a7
core   0: 3 0x800028a8 (0x0113ecb3) x25 0xffffffff
core   0: 0x800028ac (0x00531db3) sll     s11, t1, t0
core   0: 3 0x800028ac (0x00531db3) x27 0x80000000
core   0: 0x800028b0 (0x0000717d) c.addi16sp sp, -16
core   0: 3 0x800028b0 (0x717d) x 2 0x00ffffef
core   0: 0x800028b2 (0x00008ee1) c.and   a3, s0
core   0: 3 0x800028b2 (0x8ee1) x13 0x00000000
core   0: 0x800028b4 (0x0156e9b3) or      s3, a3, s5
core   0: 3 0x800028b4 (0x0156e9b3) x19 0x00000000
core   0: 0x800028b8 (0x03487cb3) remu    s9, a6, s4
core   0: 3 0x800028b8 (0x03487cb3) x25 0x00000002
core   0: 0x800028bc (0x02a858b3) divu    a7, a6, a0
core   0: 3 0x800028bc (0x02a858b3) x17 0x00000000
core   0: 0x800028c0 (0x01e480b3) add     ra, s1, t5
core   0: 3 0x800028c0 (0x01e480b3) x 1 0x00000000
core   0: 0x800028c4 (0x000088c5) c.andi  s1, 17
core   0: 3 0x800028c4 (0x88c5) x 9 0x00000000
core   0: 0x800028c6 (0x02029533) mulh    a0, t0, zero
core   0: 3 0x800028c6 (0x02029533) x10 0x00000000
core   0: 0x800028ca (0x40145f33) sra     t5, s0, ra
core   0: 3 0x800028ca (0x40145f33) x30 0xffffffff
core   0: 0x800028ce (0x00008c55) c.or    s0, a3
core   0: 3 0x800028ce (0x8c55) x 8 0xffffffff
core   0: 0x800028d0 (0x00377533) and     a0, a4, gp
core   0: 3 0x800028d0 (0x00377533) x10 0x00000000
core   0: 0x800028d4 (0x00e306b3) add     a3, t1, a4
core   0: 3 0x800028d4 (0x00e306b3) x13 0x80000000
core   0: 0x800028d8 (0x00008c41) c.or    s0, s0
core   0: 3 0x800028d8 (0x8c41) x 8 0xffffffff
core   0: 0x800028da (0x014b4833) xor     a6, s6, s4
core   0: 3 0x800028da (0x014b4833) x16 0x026bb6fc
core   0: 0x800028de (0x02906b33) rem     s6, zero, s1
core   0: 3 0x800028de (0x02906b33) x22 0x00000000
core   0: 0x800028e2 (0x0295acb3) mulhsu  s9, a1, s1
core   0: 3 0x800028e2 (0x0295acb3) x25 0x00000000
core   0: 0x800028e6 (0x000083f5) c.srli  a5, 29
core   0: 3 0x800028e6 (0x83f5) x15 0x00000007
core   0: 0x800028e8 (0x00008fd5) c.or    a5, a3
core   0: 3 0x800028e8 (0x8fd5) x15 0x80000007
core   0: 0x800028ea (0x026fa733) mulhsu  a4, t6, t1
core   0: 3 0x800028ea (0x026fa733) x14 0xc0009ef2
core   0: 0x800028ee (0xd0f0fe13) andi    t3, ra, -753
core   0: 3 0x800028ee (0xd0f0fe13) x28 0x00000000
core   0: 0x800028f2 (0x00009bfd) c.andi  a5, -1
core   0: 3 0x800028f2 (0x9bfd) x15 0x80000007
core   0: 0x800028f4 (0x01c54933) xor     s2, a0, t3
core   0: 3 0x800028f4 (0x01c54933) x18 0x00000000
core   0: 0x800028f8 (0x02c77fb3) remu    t6, a4, a2
core   0: 3 0x800028f8 (0x02c77fb3) x31 0xc0009ef2
core   0: 0x800028fc (0x41f95c33) sra     s8, s2, t6
core   0: 3 0x800028fc (0x41f95c33) x24 0x00000000
core   0: 0x80002900 (0xe7627813) andi    a6, tp, -394
core   0: 3 0x80002900 (0xe7627813) x16 0x80013c64
core   0: 0x80002904 (0x019021b3) slt     gp, zero, s9
core   0: 3 0x80002904 (0x019021b3) x 3 0x00000000
core   0: 0x80002908 (0x0000717d) c.addi16sp sp, -16
core   0: 3 0x80002908 (0x717d) x 2 0x00ffffdf
core   0: 0x8000290a (0x036bf033) remu    zero, s7, s6
core   0: 3 0x8000290a (0x036bf033)
core   0: 0x8000290e (0x031f83b3) mul     t2, t6, a7
core   0: 3 0x8000290e (0x031f83b3) x 7 0x00000000
core   0: 0x80002912 (0x00000ed2) c.slli  t4, 20
core   0: 3 0x80002912 (0x0ed2) x29 0x00000000
core   0: 0x80002914 (0x40bc06b3) sub     a3, s8, a1
core   0: 3 0x80002914 (0x40bc06b3) x13 0x00000000
core   0: 0x80002918 (0xdd554193) xori    gp, a0, -555
core   0: 3 0x80002918 (0xdd554193) x 3 0xfffffdd5
core   0: 0x8000291c (0x000000be) c.slli  ra, 15
core   0: 3 0x8000291c (0x00be) x 1 0x00000000
core   0: 0x8000291e (0x00008ea1) c.xor   a3, s0
core   0: 3 0x8000291e (0x8ea1) x13 0xffffffff
core   0: 0x80002920 (0x002ce833) or      a6, s9, sp
core   0: 3 0x80002920 (0x002ce833) x16 0x00ffffdf
core   0: 0x80002924 (0x78e29d97) auipc   s11, 0x78e29
core   0: 3 0x80002924 (0x78e29d97) x27 0xf8e2b924
core   0: 0x80002928 (0x00935833) srl     a6, t1, s1
core   0: 3 0x80002928 (0x00935833) x16 0x80000000
core   0: 0x8000292c (0x00009d5a) c.add   s10, s6
core   0: 3 0x8000292c (0x9d5a) x26 0x00000000
core   0: 0x8000292e (0x0019fab3) and     s5, s3, ra
core   0: 3 0x8000292e (0x0019fab3) x21 0x00000000
core   0: 0x80002932 (0x03dd11b3) mulh    gp, s10, t4
core   0: 3 0x80002932 (0x03dd11b3) x 3 0x00000000
core   0: 0x80002936 (0x00008b55) c.andi  a4, 21
core   0: 3 0x80002936 (0x8b55) x14 0x00000010
core   0: 0x80002938 (0x029e7cb3) remu    s9, t3, s1
core   0: 3 0x80002938 (0x029e7cb3) x25 0x00000000
core   0: 0x8000293c (0x00008c41) c.or    s0, s0
core   0: 3 0x8000293c (0x8c41) x 8 0xffffffff
core   0: 0x8000293e (0x014aefb3) or      t6, s5, s4
core   0: 3 0x8000293e (0x014aefb3) x31 0x8000fe64
core   0: 0x80002942 (0x00000001) c.nop
core   0: 3 0x80002942 (0x0001)
core   0: 0x80002944 (0x00009a9e) c.add   s5, t2
core   0: 3 0x80002944 (0x9a9e) x21 0x00000000
core   0: 0x80002946 (0x00ca59b3) srl     s3, s4, a2
core   0: 3 0x80002946 (0x00ca59b3) x19 0x8000fe64
core   0: 0x8000294a (0x00008e01) c.sub   a2, s0
core   0: 3 0x8000294a (0x8e01) x12 0x00000001
core   0: 0x8000294c (0x02429833) mulh    a6, t0, tp
core   0: 3 0x8000294c (0x02429833) x16 0x00000000
core   0: 0x80002950 (0x000083e6) c.mv    t2, s9
core   0: 3 0x80002950 (0x83e6) x 7 0x00000000
core   0: 0x80002952 (0x00000001) c.nop
core   0: 3 0x80002952 (0x0001)
core   0: 0x80002954 (0x0360a7b3) mulhsu  a5, ra, s6
core   0: 3 0x80002954 (0x0360a7b3) x15 0x00000000
core   0: 0x80002958 (0x41e751b3) sra     gp, a4, t5
core   0: 3 0x80002958 (0x41e751b3) x 3 0x00000000
core   0: 0x8000295c (0x1f0cb393) sltiu   t2, s9, 496
core   0: 3 0x8000295c (0x1f0cb393) x 7 0x00000001
core   0: 0x80002960 (0xe9b0fe13) andi    t3, ra, -357
core   0: 3 0x80002960 (0xe9b0fe13) x28 0x00000000
core   0: 0x80002964 (0x03ce16b3) mulh    a3, t3, t3
core   0: 3 0x80002964 (0x03ce16b3) x13 0x00000000
core   0: 0x80002968 (0x018eb2b3) sltu    t0, t4, s8
core   0: 3 0x80002968 (0x018eb2b3) x 5 0x00000000
core   0: 0x8000296c (0x019f8633) add     a2, t6, s9
core   0: 3 0x8000296c (0x019f8633) x12 0x8000fe64
core   0: 0x80002970 (0x00000001) c.nop
core   0: 3 0x80002970 (0x0001)
core   0: 0x80002972 (0x41df8e33) sub     t3, t6, t4
core   0: 3 0x80002972 (0x41df8e33) x28 0x8000fe64
core   0: 0x80002976 (0x031754b3) divu    s1, a4, a7
core   0: 3 0x80002976 (0x031754b3) x 9 0xffffffff
core   0: 0x8000297a (0x02edd1b3) divu    gp, s11, a4
core   0: 3 0x8000297a (0x02edd1b3) x 3 0x0f8e2b92
core   0: 0x8000297e (0x00008a5d) c.andi  a2, 23
core   0: 3 0x8000297e (0x8a5d) x12 0x00000004
core   0: 0x80002980 (0x01537fb3) and     t6, t1, s5
core   0: 3 0x80002980 (0x01537fb3) x31 0x00000000
core   0: 0x80002984 (0x01d0d993) srli    s3, ra, 29
core   0: 3 0x80002984 (0x01d0d993) x19 0x00000000
core   0: 0x80002988 (0x0105dbb3) srl     s7, a1, a6
core   0: 3 0x80002988 (0x0105dbb3) x23 0x00000000
core   0: 0x8000298c (0x01461813) slli    a6, a2, 20
core   0: 3 0x8000298c (0x01461813) x16 0x00400000
core   0: 0x80002990 (0x03a406b3) mul     a3, s0, s10
core   0: 3 0x80002990 (0x03a406b3) x13 0x00000000
core   0: 0x80002994 (0x00008f85) c.sub   a5, s1
core   0: 3 0x80002994 (0x8f85) x15 0x00000001
core   0: 0x80002996 (0x00008da5) c.xor   a1, s1
core   0: 3 0x80002996 (0x8da5) x11 0xffffffff
core   0: 0x80002998 (0x00008aca) c.mv    s5, s2
core   0: 3 0x80002998 (0x8aca) x21 0x00000000
core   0: 0x8000299a (0x03f562b3) rem     t0, a0, t6
core   0: 3 0x8000299a (0x03f562b3) x 5 0x00000000
core   0: 0x8000299e (0x000013fd) c.addi  t2, -1
core   0: 3 0x8000299e (0x13fd) x 7 0x00000000
core   0: 0x800029a0 (0x009ccfb3) xor     t6, s9, s1
core   0: 3 0x800029a0 (0x009ccfb3) x31 0xffffffff
core   0: 0x800029a4 (0x0000077e) c.slli  a4, 31
core   0: 3 0x800029a4 (0x077e) x14 0x00000000
core   0: 0x800029a6 (0xa468be37) lui     t3, 0xa468b
core   0: 3 0x800029a6 (0xa468be37) x28 0xa468b000
core   0: 0x800029aa (0x00001410) c.addi4spn a2, sp, 544
core   0: 3 0x800029aa (0x1410) x12 0x010001ff
core   0: 0x800029ac (0x01dff1b3) and     gp, t6, t4
core   0: 3 0x800029ac (0x01dff1b3) x 3 0x00000000
core   0: 0x800029b0 (0x00e21833) sll     a6, tp, a4
core   0: 3 0x800029b0 (0x00e21833) x16 0x80013ce4
core   0: 0x800029b4 (0x00629193) slli    gp, t0, 6
core   0: 3 0x800029b4 (0x00629193) x 3 0x00000000
core   0: 0x800029b8 (0xa77c8d93) addi    s11, s9, -1417
core   0: 3 0x800029b8 (0xa77c8d93) x27 0xfffffa77
core   0: 0x800029bc (0x02438bb3) mul     s7, t2, tp
core   0: 3 0x800029bc (0x02438bb3) x23 0x00000000
core   0: 0x800029c0 (0x38ae4893) xori    a7, t3, 906
core   0: 3 0x800029c0 (0x38ae4893) x17 0xa468b38a
core   0: 0x800029c4 (0x00008955) c.andi  a0, 21
core   0: 3 0x800029c4 (0x8955) x10 0x00000000
core   0: 0x800029c6 (0x000086b1) c.srai  a3, 12
core   0: 3 0x800029c6 (0x86b1) x13 0x00000000
core   0: 0x800029c8 (0x0308adb3) mulhsu  s11, a7, a6
core   0: 3 0x800029c8 (0x0308adb3) x27 0xd233e864
core   0: 0x800029cc (0x820f7c93) andi    s9, t5, -2016
core   0: 3 0x800029cc (0x820f7c93) x25 0xfffff820
core   0: 0x800029d0 (0xb5fcb113) sltiu   sp, s9, -1185
core   0: 3 0x800029d0 (0xb5fcb113) x 2 0x00000001
core   0: 0x800029d4 (0x00000909) c.addi  s2, 2
core   0: 3 0x800029d4 (0x0909) x18 0x00000002
core   0: 0x800029d6 (0x032f11b3) mulh    gp, t5, s2
core   0: 3 0x800029d6 (0x032f11b3) x 3 0xffffffff
core   0: 0x800029da (0x00000496) c.slli  s1, 5
core   0: 3 0x800029da (0x0496) x 9 0xffffffe0
core   0: 0x800029dc (0x8a32c413) xori    s0, t0, -1885
core   0: 3 0x800029dc (0x8a32c413) x 8 0xfffff8a3
core   0: 0x800029e0 (0x0000831d) c.srli  a4, 7
core   0: 3 0x800029e0 (0x831d) x14 0x00000000
core   0: 0x800029e2 (0x00000f8d) c.addi  t6, 3
core   0: 3 0x800029e2 (0x0f8d) x31 0x00000002
core   0: 0x800029e4 (0xf25d4013) xori    zero, s10, -219
core   0: 3 0x800029e4 (0xf25d4013)
core   0: 0x800029e8 (0x0000916a) c.add   sp, s10
core   0: 3 0x800029e8 (0x916a) x 2 0x00000001
core   0: 0x800029ea (0x0074fb33) and     s6, s1, t2
core   0: 3 0x800029ea (0x0074fb33) x22 0x00000000
core   0: 0x800029ee (0x000080c9) c.srli  s1, 18
core   0: 3 0x800029ee (0x80c9) x 9 0x00003fff
core   0: 0x800029f0 (0x41473537) lui     a0, 0x41473
core   0: 3 0x800029f0 (0x41473537) x10 0x41473000
core   0: 0x800029f4 (0x00512cb3) slt     s9, sp, t0
core   0: 3 0x800029f4 (0x00512cb3) x25 0x00000000
core   0: 0x800029f8 (0x000000e6) c.slli  ra, 25
core   0: 3 0x800029f8 (0x00e6) x 1 0x00000000
core   0: 0x800029fa (0x03296133) rem     sp, s2, s2
core   0: 3 0x800029fa (0x03296133) x 2 0x00000000
core   0: 0x800029fe (0x00008ce1) c.and   s1, s0
core   0: 3 0x800029fe (0x8ce1) x 9 0x000038a3
core   0: 0x80002a00 (0x1d647d13) andi    s10, s0, 470
core   0: 3 0x80002a00 (0x1d647d13) x26 0x00000082
core   0: 0x80002a04 (0x00008d2d) c.xor   a0, a1
core   0: 3 0x80002a04 (0x8d2d) x10 0xbeb8cfff
core   0: 0x80002a06 (0x8866f093) andi    ra, a3, -1914
core   0: 3 0x80002a06 (0x8866f093) x 1 0x00000000
core   0: 0x80002a0a (0x00008fb1) c.xor   a5, a2
core   0: 3 0x80002a0a (0x8fb1) x15 0x010001fe
core   0: 0x80002a0c (0x00f6c133) xor     sp, a3, a5
core   0: 3 0x80002a0c (0x00f6c133) x 2 0x010001fe
core   0: 0x80002a10 (0x00dab4b3) sltu    s1, s5, a3
core   0: 3 0x80002a10 (0x00dab4b3) x 9 0x00000000
core   0: 0x80002a14 (0x005f9c93) slli    s9, t6, 5
core   0: 3 0x80002a14 (0x005f9c93) x25 0x00000040
core   0: 0x80002a18 (0x03ff9d33) mulh    s10, t6, t6
core   0: 3 0x80002a18 (0x03ff9d33) x26 0x00000000
core   0: 0x80002a1c (0x00008fe5) c.and   a5, s1
core   0: 3 0x80002a1c (0x8fe5) x15 0x00000000
core   0: 0x80002a1e (0x029847b3) div     a5, a6, s1
core   0: 3 0x80002a1e (0x029847b3) x15 0xffffffff
core   0: 0x80002a22 (0x0000871d) c.srai  a4, 7
core   0: 3 0x80002a22 (0x871d) x14 0x00000000
core   0: 0x80002a24 (0x012e1813) slli    a6, t3, 18
core   0: 3 0x80002a24 (0x012e1813) x16 0xc0000000
core   0: 0x80002a28 (0x4138d913) srai    s2, a7, 19
core   0: 3 0x80002a28 (0x4138d913) x18 0xfffff48d
core   0: 0x80002a2c (0x0000836d) c.srli  a4, 27
core   0: 3 0x80002a2c (0x836d) x14 0x00000000
core   0: 0x80002a2e (0x00008e49) c.or    a2, a0
core   0: 3 0x80002a2e (0x8e49) x12 0xbfb8cfff
core   0: 0x80002a30 (0x01d728b3) slt     a7, a4, t4
core   0: 3 0x80002a30 (0x01d728b3) x17 0x00000000
core   0: 0x80002a34 (0x41e109b3) sub     s3, sp, t5
core   0: 3 0x80002a34 (0x41e109b3) x19 0x010001ff
core   0: 0x80002a38 (0xa2cd6fb7) lui     t6, 0xa2cd6
core   0: 3 0x80002a38 (0xa2cd6fb7) x31 0xa2cd6000
core   0: 0x80002a3c (0x00000112) c.slli  sp, 4
core   0: 3 0x80002a3c (0x0112) x 2 0x10001fe0
core   0: 0x80002a3e (0xb06943b7) lui     t2, 0xb0694
core   0: 3 0x80002a3e (0xb06943b7) x 7 0xb0694000
core   0: 0x80002a42 (0x4d922b13) slti    s6, tp, 1241
core   0: 3 0x80002a42 (0x4d922b13) x22 0x00000001
core   0: 0x80002a46 (0x00000001) c.nop
core   0: 3 0x80002a46 (0x0001)
core   0: 0x80002a48 (0x01984633) xor     a2, a6, s9
core   0: 3 0x80002a48 (0x01984633) x12 0xc0000040
core   0: 0x80002a4c (0x010cdb93) srli    s7, s9, 16
core   0: 3 0x80002a4c (0x010cdb93) x23 0x00000000
core   0: 0x80002a50 (0x733e8793) addi    a5, t4, 1843
core   0: 3 0x80002a50 (0x733e8793) x15 0x00000733
core   0: 0x80002a54 (0x000088e6) c.mv    a7, s9
core   0: 3 0x80002a54 (0x88e6) x17 0x00000040
core   0: 0x80002a56 (0x02999033) mulh    zero, s3, s1
core   0: 3 0x80002a56 (0x02999033)
core   0: 0x80002a5a (0x008c02b3) add     t0, s8, s0
core   0: 3 0x80002a5a (0x008c02b3) x 5 0xfffff8a3
core   0: 0x80002a5e (0x03428433) mul     s0, t0, s4
core   0: 3 0x80002a5e (0x03428433) x 8 0x78aed9ac
core   0: 0x80002a62 (0x000043c5) c.li    t2, 17
core   0: 3 0x80002a62 (0x43c5) x 7 0x00000011
core   0: 0x80002a64 (0x00008562) c.mv    a0, s8
core   0: 3 0x80002a64 (0x8562) x10 0x00000000
core   0: 0x80002a66 (0x02a66bb3) rem     s7, a2, a0
core   0: 3 0x80002a66 (0x02a66bb3) x23 0xc0000040
core   0: 0x80002a6a (0x03403b33) mulhu   s6, zero, s4
core   0: 3 0x80002a6a (0x03403b33) x22 0x00000000
core   0: 0x80002a6e (0x01d00db3) add     s11, zero, t4
core   0: 3 0x80002a6e (0x01d00db3) x27 0x00000000
core   0: 0x80002a72 (0x00008cad) c.xor   s1, a1
core   0: 3 0x80002a72 (0x8cad) x 9 0xffffffff
core   0: 0x80002a74 (0x00008f81) c.sub   a5, s0
core   0: 3 0x80002a74 (0x8f81) x15 0x87512d87
core   0: 0x80002a76 (0x000000ce) c.slli  ra, 19
core   0: 3 0x80002a76 (0x00ce) x 1 0x00000000
core   0: 0x80002a78 (0x00008fc5) c.or    a5, s1
core   0: 3 0x80002a78 (0x8fc5) x15 0xffffffff
core   0: 0x80002a7a (0x0000915a) c.add   sp, s6
core   0: 3 0x80002a7a (0x915a) x 2 0x10001fe0
core   0: 0x80002a7c (0x00009f5a) c.add   t5, s6
core   0: 3 0x80002a7c (0x9f5a) x30 0xffffffff
core   0: 0x80002a7e (0x021b5bb3) divu    s7, s6, ra
core   0: 3 0x80002a7e (0x021b5bb3) x23 0xffffffff
core   0: 0x80002a82 (0x00593fb3) sltu    t6, s2, t0
core   0: 3 0x80002a82 (0x00593fb3) x31 0x00000001
core   0: 0x80002a86 (0x2c5e27b7) lui     a5, 0x2c5e2
core   0: 3 0x80002a86 (0x2c5e27b7) x15 0x2c5e2000
core   0: 0x80002a8a (0x24e90d93) addi    s11, s2, 590
core   0: 3 0x80002a8a (0x24e90d93) x27 0xfffff6db
core   0: 0x80002a8e (0x34583c93) sltiu   s9, a6, 837
core   0: 3 0x80002a8e (0x34583c93) x25 0x00000000
core   0: 0x80002a92 (0x017928b3) slt     a7, s2, s7
core   0: 3 0x80002a92 (0x017928b3) x17 0x00000001
core   0: 0x80002a96 (0x00009d0a) c.add   s10, sp
core   0: 3 0x80002a96 (0x9d0a) x26 0x10001fe0
core   0: 0x80002a98 (0x00008071) c.srli  s0, 28
core   0: 3 0x80002a98 (0x8071) x 8 0x00000007
core   0: 0x80002a9a (0x009c1713) slli    a4, s8, 9
core   0: 3 0x80002a9a (0x009c1713) x14 0x00000000
core   0: 0x80002a9e (0x239dce13) xori    t3, s11, 569
core   0: 3 0x80002a9e (0x239dce13) x28 0xfffff4e2
core   0: 0x80002aa2 (0x01625833) srl     a6, tp, s6
core   0: 3 0x80002aa2 (0x01625833) x16 0x80013ce4
core   0: 0x80002aa6 (0x03f35bb3) divu    s7, t1, t6
core   0: 3 0x80002aa6 (0x03f35bb3) x23 0x80000000
core   0: 0x80002aaa (0x00000001) c.nop
core   0: 3 0x80002aaa (0x0001)
core   0: 0x80002aac (0x0058dc33) srl     s8, a7, t0
core   0: 3 0x80002aac (0x0058dc33) x24 0x00000000
core   0: 0x80002ab0 (0x000086a9) c.srai  a3, 10
core   0: 3 0x80002ab0 (0x86a9) x13 0x00000000
core   0: 0x80002ab2 (0xc1034413) xori    s0, t1, -1008
core   0: 3 0x80002ab2 (0xc1034413) x 8 0x7ffffc10
core   0: 0x80002ab6 (0x401e0533) sub     a0, t3, ra
core   0: 3 0x80002ab6 (0x401e0533) x10 0xfffff4e2
core   0: 0x80002aba (0x01569713) slli    a4, a3, 21
core   0: 3 0x80002aba (0x01569713) x14 0x00000000
core   0: 0x80002abe (0x012e1093) slli    ra, t3, 18
core   0: 3 0x80002abe (0x012e1093) x 1 0xd3880000
core   0: 0x80002ac2 (0x41e15513) srai    a0, sp, 30
core   0: 3 0x80002ac2 (0x41e15513) x10 0x00000000
core   0: 0x80002ac6 (0x0000717d) c.addi16sp sp, -16
core   0: 3 0x80002ac6 (0x717d) x 2 0x10001fd0
core   0: 0x80002ac8 (0x00000ed2) c.slli  t4, 20
core   0: 3 0x80002ac8 (0x0ed2) x29 0x00000000
core   0: 0x80002aca (0x0049d933) srl     s2, s3, tp
core   0: 3 0x80002aca (0x0049d933) x18 0x0010001f
core   0: 0x80002ace (0x02887eb3) remu    t4, a6, s0
core   0: 3 0x80002ace (0x02887eb3) x29 0x000140d4
core   0: 0x80002ad2 (0x0042a733) slt     a4, t0, tp
core   0: 3 0x80002ad2 (0x0042a733) x14 0x00000000
core   0: 0x80002ad6 (0x0bc6d797) auipc   a5, 0xbc6d
core   0: 3 0x80002ad6 (0x0bc6d797) x15 0x8bc6fad6
core   0: 0x80002ada (0x00008819) c.andi  s0, 6
core   0: 3 0x80002ada (0x8819) x 8 0x00000000
core   0: 0x80002adc (0x00008d15) c.sub   a0, a3
core   0: 3 0x80002adc (0x8d15) x10 0x00000000
core   0: 0x80002ade (0x00009d6a) c.add   s10, s10
core   0: 3 0x80002ade (0x9d6a) x26 0x20003fc0
core   0: 0x80002ae0 (0x016cdf33) srl     t5, s9, s6
core   0: 3 0x80002ae0 (0x016cdf33) x30 0x00000000
core   0: 0x80002ae4 (0x0073cdb3) xor     s11, t2, t2
core   0: 3 0x80002ae4 (0x0073cdb3) x27 0x00000000
core   0: 0x80002ae8 (0x00006e65) c.lui   t3, 0x19
core   0: 3 0x80002ae8 (0x6e65) x28 0x00019000
core   0: 0x80002aea (0x035a69b3) rem     s3, s4, s5
core   0: 3 0x80002aea (0x035a69b3) x19 0x8000fe64
core   0: 0x80002aee (0x032da033) mulhsu  zero, s11, s2
core   0: 3 0x80002aee (0x032da033)
core   0: 0x80002af2 (0x034e0533) mul     a0, t3, s4
core   0: 3 0x80002af2 (0x034e0533) x10 0x8d7c4000
core   0: 0x80002af6 (0x006912b3) sll     t0, s2, t1
core   0: 3 0x80002af6 (0x006912b3) x 5 0x0010001f
core   0: 0x80002afa (0x02692bb3) mulhsu  s7, s2, t1
core   0: 3 0x80002afa (0x02692bb3) x23 0x0008000f
core   0: 0x80002afe (0x00000292) c.slli  t0, 4
core   0: 3 0x80002afe (0x0292) x 5 0x010001f0
core   0: 0x80002b00 (0x0000611d) c.addi16sp sp, 416
core   0: 3 0x80002b00 (0x611d) x 2 0x10002170
core   0: 0x80002b02 (0x02899cb3) mulh    s9, s3, s0
core   0: 3 0x80002b02 (0x02899cb3) x25 0x00000000
core   0: 0x80002b06 (0xa7c52293) slti    t0, a0, -1412
core   0: 3 0x80002b06 (0xa7c52293) x 5 0x00000001
core   0: 0x80002b0a (0x00000001) c.nop
core   0: 3 0x80002b0a (0x0001)
core   0: 0x80002b0c (0x01feccb3) xor     s9, t4, t6
core   0: 3 0x80002b0c (0x01feccb3) x25 0x000140d5
core   0: 0x80002b10 (0x00008329) c.srli  a4, 10
core   0: 3 0x80002b10 (0x8329) x14 0x00000000
core   0: 0x80002b12 (0x00000b3e) c.slli  s6, 15
core   0: 3 0x80002b12 (0x0b3e) x22 0x00000000
core   0: 0x80002b14 (0x01494db3) xor     s11, s2, s4
core   0: 3 0x80002b14 (0x01494db3) x27 0x8010fe7b
core   0: 0x80002b18 (0x125b0993) addi    s3, s6, 293
core   0: 3 0x80002b18 (0x125b0993) x19 0x00000125
core   0: 0x80002b1c (0x036349b3) div     s3, t1, s6
core   0: 3 0x80002b1c (0x036349b3) x19 0xffffffff
core   0: 0x80002b20 (0x41930733) sub     a4, t1, s9
core   0: 3 0x80002b20 (0x41930733) x14 0x7ffebf2b
core   0: 0x80002b24 (0x00008f4d) c.or    a4, a1
core   0: 3 0x80002b24 (0x8f4d) x14 0xffffffff
core   0: 0x80002b26 (0x0000071a) c.slli  a4, 6
core   0: 3 0x80002b26 (0x071a) x14 0xffffffc0
core   0: 0x80002b28 (0x0000419d) c.li    gp, 7
core   0: 3 0x80002b28 (0x419d) x 3 0x00000007
core   0: 0x80002b2a (0x000e77b3) and     a5, t3, zero
core   0: 3 0x80002b2a (0x000e77b3) x15 0x00000000
core   0: 0x80002b2e (0x86212e97) auipc   t4, 0x86212
core   0: 3 0x80002b2e (0x86212e97) x29 0x06214b2e
core   0: 0x80002b32 (0x00006dc9) c.lui   s11, 0x12
core   0: 3 0x80002b32 (0x6dc9) x27 0x00012000
core   0: 0x80002b34 (0x02c95cb3) divu    s9, s2, a2
core   0: 3 0x80002b34 (0x02c95cb3) x25 0x00000000
core   0: 0x80002b38 (0x41e55833) sra     a6, a0, t5
core   0: 3 0x80002b38 (0x41e55833) x16 0x8d7c4000
core   0: 0x80002b3c (0x003bd0b3) srl     ra, s7, gp
core   0: 3 0x80002b3c (0x003bd0b3) x 1 0x00001000
core   0: 0x80002b40 (0x006e7833) and     a6, t3, t1
core   0: 3 0x80002b40 (0x006e7833) x16 0x00000000
core   0: 0x80002b44 (0x00000001) c.nop
core   0: 3 0x80002b44 (0x0001)
core   0: 0x80002b46 (0x0e633513) sltiu   a0, t1, 230
core   0: 3 0x80002b46 (0x0e633513) x10 0x00000000
core   0: 0x80002b4a (0x01f5fc33) and     s8, a1, t6
core   0: 3 0x80002b4a (0x01f5fc33) x24 0x00000001
core   0: 0x80002b4e (0x001d2ab3) slt     s5, s10, ra
core   0: 3 0x80002b4e (0x001d2ab3) x21 0x00000000
core   0: 0x80002b52 (0x02716cb3) rem     s9, sp, t2
core   0: 3 0x80002b52 (0x02716cb3) x25 0x00000008
core   0: 0x80002b56 (0x00006125) c.addi16sp sp, 96
core   0: 3 0x80002b56 (0x6125) x 2 0x100021d0
core   0: 0x80002b58 (0x00000cf5) c.addi  s9, 29
core   0: 3 0x80002b58 (0x0cf5) x25 0x00000025
core   0: 0x80002b5a (0x0249a133) mulhsu  sp, s3, tp
core   0: 3 0x80002b5a (0x0249a133) x 2 0xffffffff
core   0: 0x80002b5e (0x00000136) c.slli  sp, 13
core   0: 3 0x80002b5e (0x0136) x 2 0xffffe000
core   0: 0x80002b60 (0x41c18ab3) sub     s5, gp, t3
core   0: 3 0x80002b60 (0x41c18ab3) x21 0xfffe7007
core   0: 0x80002b64 (0x00b6b2b3) sltu    t0, a3, a1
core   0: 3 0x80002b64 (0x00b6b2b3) x 5 0x00000001
core   0: 0x80002b68 (0x00008875) c.andi  s0, 29
core   0: 3 0x80002b68 (0x8875) x 8 0x00000000
core   0: 0x80002b6a (0x008e2133) slt     sp, t3, s0
core   0: 3 0x80002b6a (0x008e2133) x 2 0x00000000
core   0: 0x80002b6e (0x40fc5933) sra     s2, s8, a5
core   0: 3 0x80002b6e (0x40fc5933) x18 0x00000001
core   0: 0x80002b72 (0x65de6193) ori     gp, t3, 1629
core   0: 3 0x80002b72 (0x65de6193) x 3 0x0001965d
core   0: 0x80002b76 (0x41190c33) sub     s8, s2, a7
core   0: 3 0x80002b76 (0x41190c33) x24 0x00000000
core   0: 0x80002b7a (0x00445b33) srl     s6, s0, tp
core   0: 3 0x80002b7a (0x00445b33) x22 0x00000000
core   0: 0x80002b7e (0x40f75db3) sra     s11, a4, a5
core   0: 3 0x80002b7e (0x40f75db3) x27 0xffffffc0
core   0: 0x80002b82 (0x00ace9b3) or      s3, s9, a0
core   0: 3 0x80002b82 (0x00ace9b3) x19 0x00000025
core   0: 0x80002b86 (0xeb389137) lui     sp, 0xeb389
core   0: 3 0x80002b86 (0xeb389137) x 2 0xeb389000
core   0: 0x80002b8a (0x20524713) xori    a4, tp, 517
core   0: 3 0x80002b8a (0x20524713) x14 0x80013ee1
core   0: 0x80002b8e (0x030240b3) div     ra, tp, a6
core   0: 3 0x80002b8e (0x030240b3) x 1 0xffffffff
core   0: 0x80002b92 (0x00008d9d) c.sub   a1, a5
core   0: 3 0x80002b92 (0x8d9d) x11 0xffffffff
core   0: 0x80002b94 (0x0000997d) c.andi  a0, -1
core   0: 3 0x80002b94 (0x997d) x10 0x00000000
core   0: 0x80002b96 (0xcc2acc13) xori    s8, s5, -830
core   0: 3 0x80002b96 (0xcc2acc13) x24 0x00018cc5
core   0: 0x80002b9a (0x000002e2) c.slli  t0, 24
core   0: 3 0x80002b9a (0x02e2) x 5 0x01000000
core   0: 0x80002b9c (0x02a072b3) remu    t0, zero, a0
core   0: 3 0x80002b9c (0x02a072b3) x 5 0x00000000
core   0: 0x80002ba0 (0x0135da93) srli    s5, a1, 19
core   0: 3 0x80002ba0 (0x0135da93) x21 0x00001fff
core   0: 0x80002ba4 (0x00dcd0b3) srl     ra, s9, a3
core   0: 3 0x80002ba4 (0x00dcd0b3) x 1 0x00000025
core   0: 0x80002ba8 (0x01fa60b3) or      ra, s4, t6
core   0: 3 0x80002ba8 (0x01fa60b3) x 1 0x8000fe65
core   0: 0x80002bac (0x00008705) c.srai  a4, 1
core   0: 3 0x80002bac (0x8705) x14 0xc0009f70
core   0: 0x80002bae (0x00000001) c.nop
core   0: 3 0x80002bae (0x0001)
core   0: 0x80002bb0 (0x00d01e33) sll     t3, zero, a3
core   0: 3 0x80002bb0 (0x00d01e33) x28 0x00000000
core   0: 0x80002bb4 (0x000007fa) c.slli  a5, 30
core   0: 3 0x80002bb4 (0x07fa) x15 0x00000000
core   0: 0x80002bb6 (0x010f82b3) add     t0, t6, a6
core   0: 3 0x80002bb6 (0x010f82b3) x 5 0x00000001
core   0: 0x80002bba (0x03f4feb3) remu    t4, s1, t6
core   0: 3 0x80002bba (0x03f4feb3) x29 0x00000000
core   0: 0x80002bbe (0x023657b3) divu    a5, a2, gp
core   0: 3 0x80002bbe (0x023657b3) x15 0x000078f4
core   0: 0x80002bc2 (0x00319c33) sll     s8, gp, gp
core   0: 3 0x80002bc2 (0x00319c33) x24 0xa0000000
core   0: 0x80002bc6 (0x0174cc33) xor     s8, s1, s7
core   0: 3 0x80002bc6 (0x0174cc33) x24 0xfff7fff0
core   0: 0x80002bca (0x32433093) sltiu   ra, t1, 804
core   0: 3 0x80002bca (0x32433093) x 1 0x00000000
core   0: 0x80002bce (0x032c94b3) mulh    s1, s9, s2
core   0: 3 0x80002bce (0x032c94b3) x 9 0x00000000
core   0: 0x80002bd2 (0x00001e18) c.addi4spn a4, sp, 816
core   0: 3 0x80002bd2 (0x1e18) x14 0xeb389330
core   0: 0x80002bd4 (0x40b00fb3) sub     t6, zero, a1
core   0: 3 0x80002bd4 (0x40b00fb3) x31 0x00000001
core   0: 0x80002bd8 (0x00009f92) c.add   t6, tp
core   0: 3 0x80002bd8 (0x9f92) x31 0x80013ce5
core   0: 0x80002bda (0x00008c46) c.mv    s8, a7
core   0: 3 0x80002bda (0x8c46) x24 0x00000001
core   0: 0x80002bdc (0x4435b993) sltiu   s3, a1, 1091
core   0: 3 0x80002bdc (0x4435b993) x19 0x00000000
core   0: 0x80002be0 (0x00000001) c.nop
core   0: 3 0x80002be0 (0x0001)
core   0: 0x80002be2 (0x412b5e93) srai    t4, s6, 18
core   0: 3 0x80002be2 (0x412b5e93) x29 0x00000000
core   0: 0x80002be6 (0x000086b2) c.mv    a3, a2
core   0: 3 0x80002be6 (0x86b2) x13 0xc0000040
core   0: 0x80002be8 (0x0000975e) c.add   a4, s7
core   0: 3 0x80002be8 (0x975e) x14 0xeb40933f
core   0: 0x80002bea (0x00a8c733) xor     a4, a7, a0
core   0: 3 0x80002bea (0x00a8c733) x14 0x00000001
core   0: 0x80002bee (0x00008a49) c.andi  a2, 18
core   0: 3 0x80002bee (0x8a49) x12 0x00000000
core   0: 0x80002bf0 (0x00377633) and     a2, a4, gp
core   0: 3 0x80002bf0 (0x00377633) x12 0x00000001
core   0: 0x80002bf4 (0x000098f2) c.add   a7, t3
core   0: 3 0x80002bf4 (0x98f2) x17 0x00000001
core   0: 0x80002bf6 (0x01c71413) slli    s0, a4, 28
core   0: 3 0x80002bf6 (0x01c71413) x 8 0x10000000
core   0: 0x80002bfa (0x01a56433) or      s0, a0, s10
core   0: 3 0x80002bfa (0x01a56433) x 8 0x20003fc0
core   0: 0x80002bfe (0x0000717d) c.addi16sp sp, -16
core   0: 3 0x80002bfe (0x717d) x 2 0xeb388ff0
core   0: 0x80002c00 (0x0005f6b3) and     a3, a1, zero
core   0: 3 0x80002c00 (0x0005f6b3) x13 0x00000000
core   0: 0x80002c04 (0x02ea5833) divu    a6, s4, a4
core   0: 3 0x80002c04 (0x02ea5833) x16 0x8000fe64
core   0: 0x80002c08 (0x02d23933) mulhu   s2, tp, a3
core   0: 3 0x80002c08 (0x02d23933) x18 0x00000000
core   0: 0x80002c0c (0x00000500) c.addi4spn s0, sp, 640
core   0: 3 0x80002c0c (0x0500) x 8 0xeb389270
core   0: 0x80002c0e (0x1ee9b517) auipc   a0, 0x1ee9b
core   0: 3 0x80002c0e (0x1ee9b517) x10 0x9ee9dc0e
core   0: 0x80002c12 (0x0000658d) c.lui   a1, 0x3
core   0: 3 0x80002c12 (0x658d) x11 0x00003000
core   0: 0x80002c14 (0x4164deb3) sra     t4, s1, s6
core   0: 3 0x80002c14 (0x4164deb3) x29 0x00000000
core   0: 0x80002c18 (0x2c54ce13) xori    t3, s1, 709
core   0: 3 0x80002c18 (0x2c54ce13) x28 0x000002c5
core   0: 0x80002c1c (0x0026d893) srli    a7, a3, 2
core   0: 3 0x80002c1c (0x0026d893) x17 0x00000000
core   0: 0x80002c20 (0xdff53293) sltiu   t0, a0, -513
core   0: 3 0x80002c20 (0xdff53293) x 5 0x00000001
core   0: 0x80002c24 (0x00008289) c.srli  a3, 2
core   0: 3 0x80002c24 (0x8289) x13 0x00000000
core   0: 0x80002c26 (0x02b8df33) divu    t5, a7, a1
core   0: 3 0x80002c26 (0x02b8df33) x30 0x00000000
core   0: 0x80002c2a (0x01dcde93) srli    t4, s9, 29
core   0: 3 0x80002c2a (0x01dcde93) x29 0x00000000
core   0: 0x80002c2e (0x00008995) c.andi  a1, 5
core   0: 3 0x80002c2e (0x8995) x11 0x00000000
core   0: 0x80002c30 (0x00001afd) c.addi  s5, -1
core   0: 3 0x80002c30 (0x1afd) x21 0x00001ffe
core   0: 0x80002c32 (0x03f741b3) div     gp, a4, t6
core   0: 3 0x80002c32 (0x03f741b3) x 3 0x00000000
core   0: 0x80002c36 (0x00008ee9) c.and   a3, a0
core   0: 3 0x80002c36 (0x8ee9) x13 0x00000000
core   0: 0x80002c38 (0x0000817e) c.mv    sp, t6
core   0: 3 0x80002c38 (0x817e) x 2 0x80013ce5
core   0: 0x80002c3a (0xd526c2b7) lui     t0, 0xd526c
core   0: 3 0x80002c3a (0xd526c2b7) x 5 0xd526c000
core   0: 0x80002c3e (0x00000001) c.nop
core   0: 3 0x80002c3e (0x0001)
core   0: 0x80002c40 (0xf58c2693) slti    a3, s8, -168
core   0: 3 0x80002c40 (0xf58c2693) x13 0x00000000
core   0: 0x80002c44 (0x00008cc9) c.or    s1, a0
core   0: 3 0x80002c44 (0x8cc9) x 9 0x9ee9dc0e
core   0: 0x80002c46 (0x000cf133) and     sp, s9, zero
core   0: 3 0x80002c46 (0x000cf133) x 2 0x00000000
core   0: 0x80002c4a (0x000091fe) c.add   gp, t6
core   0: 3 0x80002c4a (0x91fe) x 3 0x80013ce5
core   0: 0x80002c4c (0x03cc64b3) rem     s1, s8, t3
core   0: 3 0x80002c4c (0x03cc64b3) x 9 0x00000001
core   0: 0x80002c50 (0x000019fd) c.addi  s3, -1
core   0: 3 0x80002c50 (0x19fd) x19 0xffffffff
core   0: 0x80002c52 (0x00001804) c.addi4spn s1, sp, 48
core   0: 3 0x80002c52 (0x1804) x 9 0x00000030
core   0: 0x80002c54 (0x00008c45) c.or    s0, s1
core   0: 3 0x80002c54 (0x8c45) x 8 0xeb389270
core   0: 0x80002c56 (0x0000843a) c.mv    s0, a4
core   0: 3 0x80002c56 (0x843a) x 8 0x00000001
core   0: 0x80002c58 (0x98638c93) addi    s9, t2, -1658
core   0: 3 0x80002c58 (0x98638c93) x25 0xfffff997
core   0: 0x80002c5c (0xfe1ac293) xori    t0, s5, -31
core   0: 3 0x80002c5c (0xfe1ac293) x 5 0xffffe01f
core   0: 0x80002c60 (0x8d4d2017) auipc   zero, 0x8d4d2
core   0: 3 0x80002c60 (0x8d4d2017)
core   0: 0x80002c64 (0x013cc133) xor     sp, s9, s3
core   0: 3 0x80002c64 (0x013cc133) x 2 0x00000668
core   0: 0x80002c68 (0xf13b8793) addi    a5, s7, -237
core   0: 3 0x80002c68 (0xf13b8793) x15 0x0007ff22
core   0: 0x80002c6c (0x01c27933) and     s2, tp, t3
core   0: 3 0x80002c6c (0x01c27933) x18 0x000000c4
core   0: 0x80002c70 (0x003d3133) sltu    sp, s10, gp
core   0: 3 0x80002c70 (0x003d3133) x 2 0x00000001
core   0: 0x80002c74 (0x0182eeb3) or      t4, t0, s8
core   0: 3 0x80002c74 (0x0182eeb3) x29 0xffffe01f
core   0: 0x80002c78 (0x0000717d) c.addi16sp sp, -16
core   0: 3 0x80002c78 (0x717d) x 2 0xfffffff1
core   0: 0x80002c7a (0x0272e1b3) rem     gp, t0, t2
core   0: 3 0x80002c7a (0x0272e1b3) x 3 0xffffffff
core   0: 0x80002c7e (0xa943aa93) slti    s5, t2, -1388
core   0: 3 0x80002c7e (0xa943aa93) x21 0x00000000
core   0: 0x80002c82 (0x000091ee) c.add   gp, s11
core   0: 3 0x80002c82 (0x91ee) x 3 0xffffffbf
core   0: 0x80002c84 (0x03626ab3) rem     s5, tp, s6
core   0: 3 0x80002c84 (0x03626ab3) x21 0x80013ce4
core   0: 0x80002c88 (0x021e4633) div     a2, t3, ra
core   0: 3 0x80002c88 (0x021e4633) x12 0xffffffff
core   0: 0x80002c8c (0xdc930593) addi    a1, t1, -567
core   0: 3 0x80002c8c (0xdc930593) x11 0x7ffffdc9
core   0: 0x80002c90 (0x7bbc1c97) auipc   s9, 0x7bbc1
core   0: 3 0x80002c90 (0x7bbc1c97) x25 0xfbbc3c90
core   0: 0x80002c94 (0x00008f49) c.or    a4, a0
core   0: 3 0x80002c94 (0x8f49) x14 0x9ee9dc0f
core   0: 0x80002c96 (0x00000998) c.addi4spn a4, sp, 208
core   0: 3 0x80002c96 (0x0998) x14 0x000000c1
core   0: 0x80002c98 (0x00000df6) c.slli  s11, 29
core   0: 3 0x80002c98 (0x0df6) x27 0x00000000
core   0: 0x80002c9a (0x41298eb3) sub     t4, s3, s2
core   0: 3 0x80002c9a (0x41298eb3) x29 0xffffff3b
core   0: 0x80002c9e (0x00000001) c.nop
core   0: 3 0x80002c9e (0x0001)
core   0: 0x80002ca0 (0x01619793) slli    a5, gp, 22
core   0: 3 0x80002ca0 (0x01619793) x15 0xefc00000
core   0: 0x80002ca4 (0x01368eb3) add     t4, a3, s3
core   0: 3 0x80002ca4 (0x01368eb3) x29 0xffffffff
core   0: 0x80002ca8 (0x00009afd) c.andi  a3, -1
core   0: 3 0x80002ca8 (0x9afd) x13 0x00000000
core   0: 0x80002caa (0x06b57613) andi    a2, a0, 107
core   0: 3 0x80002caa (0x06b57613) x12 0x0000000a
core   0: 0x80002cae (0xbdac7813) andi    a6, s8, -1062
core   0: 3 0x80002cae (0xbdac7813) x16 0x00000000
core   0: 0x80002cb2 (0x0000717d) c.addi16sp sp, -16
core   0: 3 0x80002cb2 (0x717d) x 2 0xffffffe1
core   0: 0x80002cb4 (0x00000001) c.nop
core   0: 3 0x80002cb4 (0x0001)
core   0: 0x80002cb6 (0x00963ab3) sltu    s5, a2, s1
core   0: 3 0x80002cb6 (0x00963ab3) x21 0x00000001
core   0: 0x80002cba (0x93f90613) addi    a2, s2, -1729
core   0: 3 0x80002cba (0x93f90613) x12 0xfffffa03
core   0: 0x80002cbe (0x004ec833) xor     a6, t4, tp
core   0: 3 0x80002cbe (0x004ec833) x16 0x7ffec31b
core   0: 0x80002cc2 (0x00524bb3) xor     s7, tp, t0
core   0: 3 0x80002cc2 (0x00524bb3) x23 0x7ffedcfb
core   0: 0x80002cc6 (0x01932633) slt     a2, t1, s9
core   0: 3 0x80002cc6 (0x01932633) x12 0x00000001
core   0: 0x80002cca (0x4002d3b3) sra     t2, t0, zero
core   0: 3 0x80002cca (0x4002d3b3) x 7 0xffffe01f
core   0: 0x80002cce (0x018479b3) and     s3, s0, s8
core   0: 3 0x80002cce (0x018479b3) x19 0x00000001
core   0: 0x80002cd2 (0x000082fd) c.srli  a3, 31
core   0: 3 0x80002cd2 (0x82fd) x13 0x00000000
core   0: 0x80002cd4 (0xf28deb13) ori     s6, s11, -216
core   0: 3 0x80002cd4 (0xf28deb13) x22 0xffffff28
core   0: 0x80002cd8 (0x00001798) c.addi4spn a4, sp, 992
core   0: 3 0x80002cd8 (0x1798) x14 0x000003c1
core   0: 0x80002cda (0x5d9d0413) addi    s0, s10, 1497
core   0: 3 0x80002cda (0x5d9d0413) x 8 0x20004599
core   0: 0x80002cde (0x000084bd) c.srai  s1, 15
core   0: 3 0x80002cde (0x84bd) x 9 0x00000000
core   0: 0x80002ce0 (0x41e1d5b3) sra     a1, gp, t5
core   0: 3 0x80002ce0 (0x41e1d5b3) x11 0xffffffbf
core   0: 0x80002ce4 (0xac772993) slti    s3, a4, -1337
core   0: 3 0x80002ce4 (0xac772993) x19 0x00000000
core   0: 0x80002ce8 (0x07b96f13) ori     t5, s2, 123
core   0: 3 0x80002ce8 (0x07b96f13) x30 0x000000ff
core   0: 0x80002cec (0x8a18eb13) ori     s6, a7, -1887
core   0: 3 0x80002cec (0x8a18eb13) x22 0xfffff8a1
core   0: 0x80002cf0 (0x00008992) c.mv    s3, tp
core   0: 3 0x80002cf0 (0x8992) x19 0x80013ce4
core   0: 0x80002cf2 (0x031fa7b3) mulhsu  a5, t6, a7
core   0: 3 0x80002cf2 (0x031fa7b3) x15 0x00000000
core   0: 0x80002cf6 (0x021c16b3) mulh    a3, s8, ra
core   0: 3 0x80002cf6 (0x021c16b3) x13 0x00000000
core   0: 0x80002cfa (0x31e8b7b7) lui     a5, 0x31e8b
core   0: 3 0x80002cfa (0x31e8b7b7) x15 0x31e8b000
core   0: 0x80002cfe (0x00001c8c) c.addi4spn a1, sp, 624
core   0: 3 0x80002cfe (0x1c8c) x11 0x00000251
core   0: 0x80002d00 (0x009e9f33) sll     t5, t4, s1
core   0: 3 0x80002d00 (0x009e9f33) x30 0xffffffff
core   0: 0x80002d04 (0x00006ca5) c.lui   s9, 0x9
core   0: 3 0x80002d04 (0x6ca5) x25 0x00009000
core   0: 0x80002d06 (0x026ff1b3) remu    gp, t6, t1
core   0: 3 0x80002d06 (0x026ff1b3) x 3 0x00013ce5
core   0: 0x80002d0a (0x0000054a) c.slli  a0, 18
core   0: 3 0x80002d0a (0x054a) x10 0x70380000
core   0: 0x80002d0c (0xa03b8693) addi    a3, s7, -1533
core   0: 3 0x80002d0c (0xa03b8693) x13 0x7ffed6fe
core   0: 0x80002d10 (0x01ec5d93) srli    s11, s8, 30
core   0: 3 0x80002d10 (0x01ec5d93) x27 0x00000000
core   0: 0x80002d14 (0x0adbe513) ori     a0, s7, 173
core   0: 3 0x80002d14 (0x0adbe513) x10 0x7ffedcff
core   0: 0x80002d18 (0x00000f8a) c.slli  t6, 2
core   0: 3 0x80002d18 (0x0f8a) x31 0x0004f394
core   0: 0x80002d1a (0x00000001) c.nop
core   0: 3 0x80002d1a (0x0001)
core   0: 0x80002d1c (0x02c21433) mulh    s0, tp, a2
core   0: 3 0x80002d1c (0x02c21433) x 8 0xffffffff
core   0: 0x80002d20 (0x33de3113) sltiu   sp, t3, 829
core   0: 3 0x80002d20 (0x33de3113) x 2 0x00000001
core   0: 0x80002d24 (0x021101b3) mul     gp, sp, ra
core   0: 3 0x80002d24 (0x021101b3) x 3 0x00000000
core   0: 0x80002d28 (0x000093da) c.add   t2, s6
core   0: 3 0x80002d28 (0x93da) x 7 0xffffd8c0
core   0: 0x80002d2a (0x00008725) c.srai  a4, 9
core   0: 3 0x80002d2a (0x8725) x14 0x00000001
core   0: 0x80002d2c (0xc5fc1a97) auipc   s5, 0xc5fc1
core   0: 3 0x80002d2c (0xc5fc1a97) x21 0x45fc3d2c
core   0: 0x80002d30 (0x2727b517) auipc   a0, 0x2727b
core   0: 3 0x80002d30 (0x2727b517) x10 0xa727dd30
core   0: 0x80002d34 (0x022a5f33) divu    t5, s4, sp
core   0: 3 0x80002d34 (0x022a5f33) x30 0x8000fe64
core   0: 0x80002d38 (0x0255f1b3) remu    gp, a1, t0
core   0: 3 0x80002d38 (0x0255f1b3) x 3 0x00000251
core   0: 0x80002d3c (0x00cba1b3) slt     gp, s7, a2
core   0: 3 0x80002d3c (0x00cba1b3) x 3 0x00000000
core   0: 0x80002d40 (0x028d95b3) mulh    a1, s11, s0
core   0: 3 0x80002d40 (0x028d95b3) x11 0x00000000
core   0: 0x80002d44 (0x01da6eb3) or      t4, s4, t4
core   0: 3 0x80002d44 (0x01da6eb3) x29 0xffffffff
core   0: 0x80002d48 (0x00000506) c.slli  a0, 1
core   0: 3 0x80002d48 (0x0506) x10 0x4e4fba60
core   0: 0x80002d4a (0xf0aa4197) auipc   gp, 0xf0aa4
core   0: 3 0x80002d4a (0xf0aa4197) x 3 0x70aa6d4a
core   0: 0x80002d4e (0x56596b37) lui     s6, 0x56596
core   0: 3 0x80002d4e (0x56596b37) x22 0x56596000
core   0: 0x80002d52 (0x030a3cb3) mulhu   s9, s4, a6
core   0: 3 0x80002d52 (0x030a3cb3) x25 0x3fffe0be
core   0: 0x80002d56 (0x0000694d) c.lui   s2, 0x13
core   0: 3 0x80002d56 (0x694d) x18 0x00013000
core   0: 0x80002d58 (0x418d8b33) sub     s6, s11, s8
core   0: 3 0x80002d58 (0x418d8b33) x22 0xffffffff
core   0: 0x80002d5c (0x02f1d0b3) divu    ra, gp, a5
core   0: 3 0x80002d5c (0x02f1d0b3) x 1 0x00000002
core   0: 0x80002d60 (0x00000001) c.nop
core   0: 3 0x80002d60 (0x0001)
core   0: 0x80002d62 (0x411c59b3) sra     s3, s8, a7
core   0: 3 0x80002d62 (0x411c59b3) x19 0x00000001
core   0: 0x80002d66 (0x00000126) c.slli  sp, 9
core   0: 3 0x80002d66 (0x0126) x 2 0x00000200
core   0: 0x80002d68 (0x0362ef13) ori     t5, t0, 54
core   0: 3 0x80002d68 (0x0362ef13) x30 0xffffe03f
core   0: 0x80002d6c (0x40b403b3) sub     t2, s0, a1
core   0: 3 0x80002d6c (0x40b403b3) x 7 0xffffffff
core   0: 0x80002d70 (0x00006119) c.addi16sp sp, 384
core   0: 3 0x80002d70 (0x6119) x 2 0x00000380
core   0: 0x80002d72 (0x00000001) c.nop
core   0: 3 0x80002d72 (0x0001)
core   0: 0x80002d74 (0x00009b7d) c.andi  a4, -1
core   0: 3 0x80002d74 (0x9b7d) x14 0x00000001
core   0: 0x80002d76 (0x00004595) c.li    a1, 5
core   0: 3 0x80002d76 (0x4595) x11 0x00000005
core   0: 0x80002d78 (0x03fed033) divu    zero, t4, t6
core   0: 3 0x80002d78 (0x03fed033)
core   0: 0x80002d7c (0x00008975) c.andi  a0, 29
core   0: 3 0x80002d7c (0x8975) x10 0x00000000
core   0: 0x80002d7e (0x036a11b3) mulh    gp, s4, s6
core   0: 3 0x80002d7e (0x036a11b3) x 3 0x00000000
core   0: 0x80002d82 (0x03751fb3) mulh    t6, a0, s7
core   0: 3 0x80002d82 (0x03751fb3) x31 0x00000000
core   0: 0x80002d86 (0x00001dfd) c.addi  s11, -1
core   0: 3 0x80002d86 (0x1dfd) x27 0xffffffff
core   0: 0x80002d88 (0x03b78f33) mul     t5, a5, s11
core   0: 3 0x80002d88 (0x03b78f33) x30 0xce175000
core   0: 0x80002d8c (0x00008f29) c.xor   a4, a0
core   0: 3 0x80002d8c (0x8f29) x14 0x00000001
core   0: 0x80002d8e (0x0016be33) sltu    t3, a3, ra
core   0: 3 0x80002d8e (0x0016be33) x28 0x00000000
core   0: 0x80002d92 (0x00005f7d) c.li    t5, -1
core   0: 3 0x80002d92 (0x5f7d) x30 0xffffffff
core   0: 0x80002d94 (0x0000889d) c.andi  s1, 7
core   0: 3 0x80002d94 (0x889d) x 9 0x00000000
core   0: 0x80002d96 (0x0000179c) c.addi4spn a5, sp, 992
core   0: 3 0x80002d96 (0x179c) x15 0x00000760
core   0: 0x80002d98 (0x00008cf9) c.and   s1, a4
core   0: 3 0x80002d98 (0x8cf9) x 9 0x00000000
core   0: 0x80002d9a (0x0268f033) remu    zero, a7, t1
core   0: 3 0x80002d9a (0x0268f033)
core   0: 0x80002d9e (0x03ae0133) mul     sp, t3, s10
core   0: 3 0x80002d9e (0x03ae0133) x 2 0x00000000
core   0: 0x80002da2 (0x00000001) c.nop
core   0: 3 0x80002da2 (0x0001)
core   0: 0x80002da4 (0x405058b3) sra     a7, zero, t0
core   0: 3 0x80002da4 (0x405058b3) x17 0x00000000
core   0: 0x80002da8 (0x003f1b33) sll     s6, t5, gp
core   0: 3 0x80002da8 (0x003f1b33) x22 0xffffffff
core   0: 0x80002dac (0x01561633) sll     a2, a2, s5
core   0: 3 0x80002dac (0x01561633) x12 0x00001000
core   0: 0x80002db0 (0xc7104993) xori    s3, zero, -911
core   0: 3 0x80002db0 (0xc7104993) x19 0xfffffc71
core   0: 0x80002db4 (0x00000db6) c.slli  s11, 13
core   0: 3 0x80002db4 (0x0db6) x27 0xffffe000
core   0: 0x80002db6 (0x000065f9) c.lui   a1, 0x1e
core   0: 3 0x80002db6 (0x65f9) x11 0x0001e000
core   0: 0x80002db8 (0x01321893) slli    a7, tp, 19
core   0: 3 0x80002db8 (0x01321893) x17 0xe7200000
core   0: 0x80002dbc (0x0102d693) srli    a3, t0, 16
core   0: 3 0x80002dbc (0x0102d693) x13 0x0000ffff
core   0: 0x80002dc0 (0x0000717d) c.addi16sp sp, -16
core   0: 3 0x80002dc0 (0x717d) x 2 0xfffffff0
core   0: 0x80002dc2 (0x00000001) c.nop
core   0: 3 0x80002dc2 (0x0001)
core   0: 0x80002dc4 (0x00000792) c.slli  a5, 4
core   0: 3 0x80002dc4 (0x0792) x15 0x00007600
core   0: 0x80002dc6 (0x014e36b3) sltu    a3, t3, s4
core   0: 3 0x80002dc6 (0x014e36b3) x13 0x00000001
core   0: 0x80002dca (0x4061d0b3) sra     ra, gp, t1
core   0: 3 0x80002dca (0x4061d0b3) x 1 0x00000000
core   0: 0x80002dce (0x405adf33) sra     t5, s5, t0
core   0: 3 0x80002dce (0x405adf33) x30 0x00000000
core   0: 0x80002dd2 (0x00004e61) c.li    t3, 24
core   0: 3 0x80002dd2 (0x4e61) x28 0x00000018
core   0: 0x80002dd4 (0x00004cbd) c.li    s9, 15
core   0: 3 0x80002dd4 (0x4cbd) x25 0x0000000f
core   0: 0x80002dd6 (0x000085ae) c.mv    a1, a1
core   0: 3 0x80002dd6 (0x85ae) x11 0x0001e000
core   0: 0x80002dd8 (0x00009b7e) c.add   s6, t6
core   0: 3 0x80002dd8 (0x9b7e) x22 0xffffffff
core   0: 0x80002dda (0x00008426) c.mv    s0, s1
core   0: 3 0x80002dda (0x8426) x 8 0x00000000
core   0: 0x80002ddc (0x03b82033) mulhsu  zero, a6, s11
core   0: 3 0x80002ddc (0x03b82033)
core   0: 0x80002de0 (0x40add9b3) sra     s3, s11, a0
core   0: 3 0x80002de0 (0x40add9b3) x19 0xffffe000
core   0: 0x80002de4 (0x0b54f737) lui     a4, 0xb54f
core   0: 3 0x80002de4 (0x0b54f737) x14 0x0b54f000
core   0: 0x80002de8 (0x025777b3) remu    a5, a4, t0
core   0: 3 0x80002de8 (0x025777b3) x15 0x0b54f000
core   0: 0x80002dec (0x415f5c13) srai    s8, t5, 21
core   0: 3 0x80002dec (0x415f5c13) x24 0x00000000
core   0: 0x80002df0 (0x41d35193) srai    gp, t1, 29
core   0: 3 0x80002df0 (0x41d35193) x 3 0xfffffffc
core   0: 0x80002df4 (0x4a445617) auipc   a2, 0x4a445
core   0: 3 0x80002df4 (0x4a445617) x12 0xca447df4
core   0: 0x80002df8 (0x24dc0e13) addi    t3, s8, 589
core   0: 3 0x80002df8 (0x24dc0e13) x28 0x0000024d
core   0: 0x80002dfc (0x00000001) c.nop
core   0: 3 0x80002dfc (0x0001)
core   0: 0x80002dfe (0x00008106) c.mv    sp, ra
core   0: 3 0x80002dfe (0x8106) x 2 0x00000000
core   0: 0x80002e00 (0x002e9133) sll     sp, t4, sp
core   0: 3 0x80002e00 (0x002e9133) x 2 0xffffffff
core   0: 0x80002e04 (0xfcbd2497) auipc   s1, 0xfcbd2
core   0: 3 0x80002e04 (0xfcbd2497) x 9 0x7cbd4e04
core   0: 0x80002e08 (0x02cd6ab3) rem     s5, s10, a2
core   0: 3 0x80002e08 (0x02cd6ab3) x21 0x20003fc0
core   0: 0x80002e0c (0x01cd5e13) srli    t3, s10, 28
core   0: 3 0x80002e0c (0x01cd5e13) x28 0x00000002
core   0: 0x80002e10 (0x03935b33) divu    s6, t1, s9
core   0: 3 0x80002e10 (0x03935b33) x22 0x08888888
core   0: 0x80002e14 (0x41cbd733) sra     a4, s7, t3
core   0: 3 0x80002e14 (0x41cbd733) x14 0x1fffb73e
core   0: 0x80002e18 (0x03e161b3) rem     gp, sp, t5
core   0: 3 0x80002e18 (0x03e161b3) x 3 0xffffffff
core   0: 0x80002e1c (0x00008e65) c.and   a2, s1
core   0: 3 0x80002e1c (0x8e65) x12 0x48044c04
core   0: 0x80002e1e (0x415c0db3) sub     s11, s8, s5
core   0: 3 0x80002e1e (0x415c0db3) x27 0xdfffc040
core   0: 0x80002e22 (0x00b72633) slt     a2, a4, a1
core   0: 3 0x80002e22 (0x00b72633) x12 0x00000000
core   0: 0x80002e26 (0x42b64013) xori    zero, a2, 1067
core   0: 3 0x80002e26 (0x42b64013)
core   0: 0x80002e2a (0x01da1493) slli    s1, s4, 29
core   0: 3 0x80002e2a (0x01da1493) x 9 0x80000000
core   0: 0x80002e2e (0xd2143913) sltiu   s2, s0, -735
core   0: 3 0x80002e2e (0xd2143913) x18 0x00000001
core   0: 0x80002e32 (0x015fbe13) sltiu   t3, t6, 21
core   0: 3 0x80002e32 (0x015fbe13) x28 0x00000001
core   0: 0x80002e36 (0x00008275) c.srli  a2, 29
core   0: 3 0x80002e36 (0x8275) x12 0x00000000
core   0: 0x80002e38 (0x036a0db3) mul     s11, s4, s6
core   0: 3 0x80002e38 (0x036a0db3) x27 0xcccc4520
core   0: 0x80002e3c (0x41368c33) sub     s8, a3, s3
core   0: 3 0x80002e3c (0x41368c33) x24 0x00002001
core   0: 0x80002e40 (0x017d3133) sltu    sp, s10, s7
core   0: 3 0x80002e40 (0x017d3133) x 2 0x00000001
core   0: 0x80002e44 (0x6a043397) auipc   t2, 0x6a043
core   0: 3 0x80002e44 (0x6a043397) x 7 0xea045e44
core   0: 0x80002e48 (0x02ada133) mulhsu  sp, s11, a0
core   0: 3 0x80002e48 (0x02ada133) x 2 0x00000000
core   0: 0x80002e4c (0x41a6d4b3) sra     s1, a3, s10
core   0: 3 0x80002e4c (0x41a6d4b3) x 9 0x00000001
core   0: 0x80002e50 (0x00008dd9) c.or    a1, a4
core   0: 3 0x80002e50 (0x8dd9) x11 0x1ffff73e
core   0: 0x80002e52 (0x01200bb3) add     s7, zero, s2
core   0: 3 0x80002e52 (0x01200bb3) x23 0x00000001
core   0: 0x80002e56 (0x00008375) c.srli  a4, 29
core   0: 3 0x80002e56 (0x8375) x14 0x00000000
core   0: 0x80002e58 (0x9324b593) sltiu   a1, s1, -1742
core   0: 3 0x80002e58 (0x9324b593) x11 0x00000001
core   0: 0x80002e5c (0x02bb67b3) rem     a5, s6, a1
core   0: 3 0x80002e5c (0x02bb67b3) x15 0x00000000
core   0: 0x80002e60 (0x0000597d) c.li    s2, -1
core   0: 3 0x80002e60 (0x597d) x18 0xffffffff
core   0: 0x80002e62 (0x418b8b33) sub     s6, s7, s8
core   0: 3 0x80002e62 (0x418b8b33) x22 0xffffe000
core   0: 0x80002e66 (0x2e239a97) auipc   s5, 0x2e239
core   0: 3 0x80002e66 (0x2e239a97) x21 0xae23be66
core   0: 0x80002e6a (0x0193f9b3) and     s3, t2, s9
core   0: 3 0x80002e6a (0x0193f9b3) x19 0x00000004
core   0: 0x80002e6e (0x000a1433) sll     s0, s4, zero
core   0: 3 0x80002e6e (0x000a1433) x 8 0x8000fe64
core   0: 0x80002e72 (0x00008e0d) c.sub   a2, a1
core   0: 3 0x80002e72 (0x8e0d) x12 0xffffffff
core   0: 0x80002e74 (0x0000717d) c.addi16sp sp, -16
core   0: 3 0x80002e74 (0x717d) x 2 0xfffffff0
core   0: 0x80002e76 (0xa205c893) xori    a7, a1, -1504
core   0: 3 0x80002e76 (0xa205c893) x17 0xfffffa21
core   0: 0x80002e7a (0x41ee0033) sub     zero, t3, t5
core   0: 3 0x80002e7a (0x41ee0033)
core   0: 0x80002e7e (0x000001a2) c.slli  gp, 8
core   0: 3 0x80002e7e (0x01a2) x 3 0xffffff00
core   0: 0x80002e80 (0x000081c5) c.srli  a1, 17
core   0: 3 0x80002e80 (0x81c5) x11 0x00000000
core   0: 0x80002e82 (0x00008eed) c.and   a3, a1
core   0: 3 0x80002e82 (0x8eed) x13 0x00000000
core   0: 0x80002e84 (0x9fa367b7) lui     a5, 0x9fa36
core   0: 3 0x80002e84 (0x9fa367b7) x15 0x9fa36000
core   0: 0x80002e88 (0x00006109) c.addi16sp sp, 128
core   0: 3 0x80002e88 (0x6109) x 2 0x00000070
core   0: 0x80002e8a (0x00008c21) c.xor   s0, s0
core   0: 3 0x80002e8a (0x8c21) x 8 0x00000000
core   0: 0x80002e8c (0x8609cc93) xori    s9, s3, -1952
core   0: 3 0x80002e8c (0x8609cc93) x25 0xfffff864
core   0: 0x80002e90 (0x00eb3f33) sltu    t5, s6, a4
core   0: 3 0x80002e90 (0x00eb3f33) x30 0x00000000
core   0: 0x80002e94 (0x02be4933) div     s2, t3, a1
core   0: 3 0x80002e94 (0x02be4933) x18 0xffffffff
core   0: 0x80002e98 (0x00008f56) c.mv    t5, s5
core   0: 3 0x80002e98 (0x8f56) x30 0xae23be66
core   0: 0x80002e9a (0x00008ee5) c.and   a3, s1
core   0: 3 0x80002e9a (0x8ee5) x13 0x00000000
core   0: 0x80002e9c (0x02c85033) divu    zero, a6, a2
core   0: 3 0x80002e9c (0x02c85033)
core   0: 0x80002ea0 (0x00008c19) c.sub   s0, a4
core   0: 3 0x80002ea0 (0x8c19) x 8 0x00000000
core   0: 0x80002ea2 (0x00000f6e) c.slli  t5, 27
core   0: 3 0x80002ea2 (0x0f6e) x30 0x30000000
core   0: 0x80002ea4 (0x038c8133) mul     sp, s9, s8
core   0: 3 0x80002ea4 (0x038c8133) x 2 0xff0c7864
core   0: 0x80002ea8 (0x03fde3b3) rem     t2, s11, t6
core   0: 3 0x80002ea8 (0x03fde3b3) x 7 0xcccc4520
core   0: 0x80002eac (0x3d51fa93) andi    s5, gp, 981
core   0: 3 0x80002eac (0x3d51fa93) x21 0x00000300
core   0: 0x80002eb0 (0x00005bfd) c.li    s7, -1
core   0: 3 0x80002eb0 (0x5bfd) x23 0xffffffff
core   0: 0x80002eb2 (0x000000e1) c.addi  ra, 24
core   0: 3 0x80002eb2 (0x00e1) x 1 0x00000018
core   0: 0x80002eb4 (0x01b627b3) slt     a5, a2, s11
core   0: 3 0x80002eb4 (0x01b627b3) x15 0x00000000
core   0: 0x80002eb8 (0x02b0a1b3) mulhsu  gp, ra, a1
core   0: 3 0x80002eb8 (0x02b0a1b3) x 3 0x00000000
core   0: 0x80002ebc (0xb9ccbb93) sltiu   s7, s9, -1124
core   0: 3 0x80002ebc (0xb9ccbb93) x23 0x00000001
core   0: 0x80002ec0 (0x00009bfd) c.andi  a5, -1
core   0: 3 0x80002ec0 (0x9bfd) x15 0x00000000
core   0: 0x80002ec2 (0x6d408d97) auipc   s11, 0x6d408
core   0: 3 0x80002ec2 (0x6d408d97) x27 0xed40aec2
core   0: 0x80002ec6 (0x01d74733) xor     a4, a4, t4
core   0: 3 0x80002ec6 (0x01d74733) x14 0xffffffff
core   0: 0x80002eca (0x030ce9b3) rem     s3, s9, a6
core   0: 3 0x80002eca (0x030ce9b3) x19 0xfffff864
core   0: 0x80002ece (0x00006161) c.addi16sp sp, 80
core   0: 3 0x80002ece (0x6161) x 2 0xff0c78b4
core   0: 0x80002ed0 (0x03ddd5b3) divu    a1, s11, t4
core   0: 3 0x80002ed0 (0x03ddd5b3) x11 0x00000000
core   0: 0x80002ed4 (0x00008866) c.mv    a6, s9
core   0: 3 0x80002ed4 (0x8866) x16 0xfffff864
core   0: 0x80002ed6 (0x033b83b3) mul     t2, s7, s3
core   0: 3 0x80002ed6 (0x033b83b3) x 7 0xfffff864
core   0: 0x80002eda (0x4d57e293) ori     t0, a5, 1237
core   0: 3 0x80002eda (0x4d57e293) x 5 0x000004d5
core   0: 0x80002ede (0x000e2c33) slt     s8, t3, zero
core   0: 3 0x80002ede (0x000e2c33) x24 0x00000000
core   0: 0x80002ee2 (0x020b9d33) mulh    s10, s7, zero
core   0: 3 0x80002ee2 (0x020b9d33) x26 0x00000000
core   0: 0x80002ee6 (0x41708e33) sub     t3, ra, s7
core   0: 3 0x80002ee6 (0x41708e33) x28 0x00000017
core   0: 0x80002eea (0x414d09b3) sub     s3, s10, s4
core   0: 3 0x80002eea (0x414d09b3) x19 0x7fff019c
core   0: 0x80002eee (0x0000717d) c.addi16sp sp, -16
core   0: 3 0x80002eee (0x717d) x 2 0xff0c78a4
core   0: 0x80002ef0 (0x000010fd) c.addi  ra, -1
core   0: 3 0x80002ef0 (0x10fd) x 1 0x00000017
core   0: 0x80002ef2 (0x5bec3093) sltiu   ra, s8, 1470
core   0: 3 0x80002ef2 (0x5bec3093) x 1 0x00000001
core   0: 0x80002ef6 (0x401b86b3) sub     a3, s7, ra
core   0: 3 0x80002ef6 (0x401b86b3) x13 0x00000000
core   0: 0x80002efa (0x032b7b33) remu    s6, s6, s2
core   0: 3 0x80002efa (0x032b7b33) x22 0xffffe000
core   0: 0x80002efe (0x213db713) sltiu   a4, s11, 531
core   0: 3 0x80002efe (0x213db713) x14 0x00000000
core   0: 0x80002f02 (0x00000001) c.nop
core   0: 3 0x80002f02 (0x0001)
core   0: 0x80002f04 (0x01ad8f33) add     t5, s11, s10
core   0: 3 0x80002f04 (0x01ad8f33) x30 0xed40aec2
core   0: 0x80002f08 (0x00008c99) c.sub   s1, a4
core   0: 3 0x80002f08 (0x8c99) x 9 0x00000001
core   0: 0x80002f0a (0x0342db33) divu    s6, t0, s4
core   0: 3 0x80002f0a (0x0342db33) x22 0x00000000
core   0: 0x80002f0e (0x00008df5) c.and   a1, a3
core   0: 3 0x80002f0e (0x8df5) x11 0x00000000
core   0: 0x80002f10 (0x03eca6b3) mulhsu  a3, s9, t5
core   0: 3 0x80002f10 (0x03eca6b3) x13 0xfffff8f2
core   0: 0x80002f14 (0x000016fd) c.addi  a3, -1
core   0: 3 0x80002f14 (0x16fd) x13 0xfffff8f1
core   0: 0x80002f16 (0x00af6eb3) or      t4, t5, a0
core   0: 3 0x80002f16 (0x00af6eb3) x29 0xed40aec2
core   0: 0x80002f1a (0x01bf3fb3) sltu    t6, t5, s11
core   0: 3 0x80002f1a (0x01bf3fb3) x31 0x00000000
core   0: 0x80002f1e (0xb2f07f13) andi    t5, zero, -1233
core   0: 3 0x80002f1e (0xb2f07f13) x30 0x00000000
core   0: 0x80002f22 (0x03d01733) mulh    a4, zero, t4
core   0: 3 0x80002f22 (0x03d01733) x14 0x00000000
core   0: 0x80002f26 (0x00b75d33) srl     s10, a4, a1
core   0: 3 0x80002f26 (0x00b75d33) x26 0x00000000
core   0: 0x80002f2a (0x00008ff1) c.and   a5, a2
core   0: 3 0x80002f2a (0x8ff1) x15 0x00000000
core   0: 0x80002f2c (0x00008bfe) c.mv    s7, t6
core   0: 3 0x80002f2c (0x8bfe) x23 0x00000000
core   0: 0x80002f2e (0x00995d13) srli    s10, s2, 9
core   0: 3 0x80002f2e (0x00995d13) x26 0x007fffff
core   0: 0x80002f32 (0x000082d5) c.srli  a3, 21
core   0: 3 0x80002f32 (0x82d5) x13 0x000007ff
core   0: 0x80002f34 (0x0000689d) c.lui   a7, 0x7
core   0: 3 0x80002f34 (0x689d) x17 0x00007000
core   0: 0x80002f36 (0x02701933) mulh    s2, zero, t2
core   0: 3 0x80002f36 (0x02701933) x18 0x00000000
core   0: 0x80002f3a (0xeae3b713) sltiu   a4, t2, -338
core   0: 3 0x80002f3a (0xeae3b713) x14 0x00000001
core   0: 0x80002f3e (0x03c351b3) divu    gp, t1, t3
core   0: 3 0x80002f3e (0x03c351b3) x 3 0x0590b216
core   0: 0x80002f42 (0x0107e833) or      a6, a5, a6
core   0: 3 0x80002f42 (0x0107e833) x16 0xfffff864
core   0: 0x80002f46 (0x00000001) c.nop
core   0: 3 0x80002f46 (0x0001)
core   0: 0x80002f48 (0x03e2a633) mulhsu  a2, t0, t5
core   0: 3 0x80002f48 (0x03e2a633) x12 0x00000000
core   0: 0x80002f4c (0x034b4d33) div     s10, s6, s4
core   0: 3 0x80002f4c (0x034b4d33) x26 0x00000000
core   0: 0x80002f50 (0x030f0e33) mul     t3, t5, a6
core   0: 3 0x80002f50 (0x030f0e33) x28 0x00000000
core   0: 0x80002f54 (0x41e38db3) sub     s11, t2, t5
core   0: 3 0x80002f54 (0x41e38db3) x27 0xfffff864
core   0: 0x80002f58 (0x00008599) c.srai  a1, 6
core   0: 3 0x80002f58 (0x8599) x11 0x00000000
core   0: 0x80002f5a (0x00000c04) c.addi4spn s1, sp, 528
core   0: 3 0x80002f5a (0x0c04) x 9 0xff0c7ab4
core   0: 0x80002f5c (0x016b77b3) and     a5, s6, s6
core   0: 3 0x80002f5c (0x016b77b3) x15 0x00000000
core   0: 0x80002f60 (0x41fa0133) sub     sp, s4, t6
core   0: 3 0x80002f60 (0x41fa0133) x 2 0x8000fe64
core   0: 0x80002f64 (0x0018dd33) srl     s10, a7, ra
core   0: 3 0x80002f64 (0x0018dd33) x26 0x00003800
core   0: 0x80002f68 (0x00000001) c.nop
core   0: 3 0x80002f68 (0x0001)
core   0: 0x80002f6a (0x3ab48193) addi    gp, s1, 939
core   0: 3 0x80002f6a (0x3ab48193) x 3 0xff0c7e5f
core   0: 0x80002f6e (0xd0ec3113) sltiu   sp, s8, -754
core   0: 3 0x80002f6e (0xd0ec3113) x 2 0x00000001
core   0: 0x80002f72 (0x00b6e4b3) or      s1, a3, a1
core   0: 3 0x80002f72 (0x00b6e4b3) x 9 0x000007ff
core   0: 0x80002f76 (0x00000972) c.slli  s2, 28
core   0: 3 0x80002f76 (0x0972) x18 0x00000000
core   0: 0x80002f78 (0x00008956) c.mv    s2, s5
core   0: 3 0x80002f78 (0x8956) x18 0x00000300
core   0: 0x80002f7a (0x000089f1) c.andi  a1, 28
core   0: 3 0x80002f7a (0x89f1) x11 0x00000000
core   0: 0x80002f7c (0x03722ab3) mulhsu  s5, tp, s7
core   0: 3 0x80002f7c (0x03722ab3) x21 0x00000000
core   0: 0x80002f80 (0x8a51cc13) xori    s8, gp, -1883
core   0: 3 0x80002f80 (0x8a51cc13) x24 0x00f386fa
core   0: 0x80002f84 (0x00ab40b3) xor     ra, s6, a0
core   0: 3 0x80002f84 (0x00ab40b3) x 1 0x00000000
core   0: 0x80002f88 (0x015da633) slt     a2, s11, s5
core   0: 3 0x80002f88 (0x015da633) x12 0x00000001
core   0: 0x80002f8c (0x1b255c97) auipc   s9, 0x1b255
core   0: 3 0x80002f8c (0x1b255c97) x25 0x9b257f8c
core   0: 0x80002f90 (0xe88f3513) sltiu   a0, t5, -376
core   0: 3 0x80002f90 (0xe88f3513) x10 0x00000001
core   0: 0x80002f94 (0x00d11db3) sll     s11, sp, a3
core   0: 3 0x80002f94 (0x00d11db3) x27 0x80000000
core   0: 0x80002f98 (0x0342cb33) div     s6, t0, s4
core   0: 3 0x80002f98 (0x0342cb33) x22 0x00000000
core   0: 0x80002f9c (0x000082c1) c.srli  a3, 16
core   0: 3 0x80002f9c (0x82c1) x13 0x00000000
core   0: 0x80002f9e (0x0000999e) c.add   s3, t2
core   0: 3 0x80002f9e (0x999e) x19 0x7ffefa00
core   0: 0x80002fa0 (0x01cf50b3) srl     ra, t5, t3
core   0: 3 0x80002fa0 (0x01cf50b3) x 1 0x00000000
core   0: 0x80002fa4 (0x4c9bc493) xori    s1, s7, 1225
core   0: 3 0x80002fa4 (0x4c9bc493) x 9 0x000004c9
core   0: 0x80002fa8 (0x000082dd) c.srli  a3, 23
core   0: 3 0x80002fa8 (0x82dd) x13 0x00000000
core   0: 0x80002faa (0x00005dfd) c.li    s11, -1
core   0: 3 0x80002faa (0x5dfd) x27 0xffffffff
core   0: 0x80002fac (0x02c892b3) mulh    t0, a7, a2
core   0: 3 0x80002fac (0x02c892b3) x 5 0x00000000
core   0: 0x80002fb0 (0x032724b3) mulhsu  s1, a4, s2
core   0: 3 0x80002fb0 (0x032724b3) x 9 0x00000000
core   0: 0x80002fb4 (0x001e5093) srli    ra, t3, 1
core   0: 3 0x80002fb4 (0x001e5093) x 1 0x00000000
core   0: 0x80002fb8 (0x025891b3) mulh    gp, a7, t0
core   0: 3 0x80002fb8 (0x025891b3) x 3 0x00000000
core   0: 0x80002fbc (0x00223ab3) sltu    s5, tp, sp
core   0: 3 0x80002fbc (0x00223ab3) x21 0x00000000
core   0: 0x80002fc0 (0x7ff20413) addi    s0, tp, 2047
core   0: 3 0x80002fc0 (0x7ff20413) x 8 0x800144e3
core   0: 0x80002fc4 (0x0328d133) divu    sp, a7, s2
core   0: 3 0x80002fc4 (0x0328d133) x 2 0x00000025
core   0: 0x80002fc8 (0x00006e6d) c.lui   t3, 0x1b
core   0: 3 0x80002fc8 (0x6e6d) x28 0x0001b000
core   0: 0x80002fca (0x39c7d017) auipc   zero, 0x39c7d
core   0: 3 0x80002fca (0x39c7d017)
core   0: 0x80002fce (0x1f96c113) xori    sp, a3, 505
core   0: 3 0x80002fce (0x1f96c113) x 2 0x000001f9
core   0: 0x80002fd2 (0x00b76fb3) or      t6, a4, a1
core   0: 3 0x80002fd2 (0x00b76fb3) x31 0x00000001
core   0: 0x80002fd6 (0x000088f5) c.andi  s1, 29
core   0: 3 0x80002fd6 (0x88f5) x 9 0x00000000
core   0: 0x80002fd8 (0x0000613d) c.addi16sp sp, 480
core   0: 3 0x80002fd8 (0x613d) x 2 0x000003d9
core   0: 0x80002fda (0x0000864e) c.mv    a2, s3
core   0: 3 0x80002fda (0x864e) x12 0x7ffefa00
core   0: 0x80002fdc (0x0262f2b3) remu    t0, t0, t1
core   0: 3 0x80002fdc (0x0262f2b3) x 5 0x00000000
core   0: 0x80002fe0 (0x0192db33) srl     s6, t0, s9
core   0: 3 0x80002fe0 (0x0192db33) x22 0x00000000
core   0: 0x80002fe4 (0x00008b76) c.mv    s6, t4
core   0: 3 0x80002fe4 (0x8b76) x22 0xed40aec2
core   0: 0x80002fe6 (0x039a25b3) mulhsu  a1, s4, s9
core   0: 3 0x80002fe6 (0x039a25b3) x11 0xb26dda65
core   0: 0x80002fea (0x00008e81) c.sub   a3, s0
core   0: 3 0x80002fea (0x8e81) x13 0x7ffebb1d
core   0: 0x80002fec (0x003544b3) xor     s1, a0, gp
core   0: 3 0x80002fec (0x003544b3) x 9 0x00000001
core   0: 0x80002ff0 (0x00000ee9) c.addi  t4, 26
core   0: 3 0x80002ff0 (0x0ee9) x29 0xed40aedc
core   0: 0x80002ff2 (0x00008d25) c.xor   a0, s1
core   0: 3 0x80002ff2 (0x8d25) x10 0x00000000
core   0: 0x80002ff4 (0x40548b33) sub     s6, s1, t0
core   0: 3 0x80002ff4 (0x40548b33) x22 0x00000001
core   0: 0x80002ff8 (0xfff00e93) li      t4, -1
core   0: 3 0x80002ff8 (0xfff00e93) x29 0xffffffff
core   0: 0x80002ffc (0xfff00893) li      a7, -1
core   0: 3 0x80002ffc (0xfff00893) x17 0xffffffff
core   0: 0x80003000 (0x80000637) lui     a2, 0x80000
core   0: 3 0x80003000 (0x80000637) x12 0x80000000
core   0: 0x80003004 (0x01a001b7) lui     gp, 0x1a00
core   0: 3 0x80003004 (0x01a001b7) x 3 0x01a00000
core   0: 0x80003008 (0x2e618193) addi    gp, gp, 742
core   0: 3 0x80003008 (0x2e618193) x 3 0x01a002e6
core   0: 0x8000300c (0x00004581) c.li    a1, 0
core   0: 3 0x8000300c (0x4581) x11 0x00000000
core   0: 0x8000300e (0xfff00b13) li      s6, -1
core   0: 3 0x8000300e (0xfff00b13) x22 0xffffffff
core   0: 0x80003012 (0x800007b7) lui     a5, 0x80000
core   0: 3 0x80003012 (0x800007b7) x15 0x80000000
core   0: 0x80003016 (0x00004e01) c.li    t3, 0
core   0: 3 0x80003016 (0x4e01) x28 0x00000000
core   0: 0x80003018 (0x00004101) c.li    sp, 0
core   0: 3 0x80003018 (0x4101) x 2 0x00000000
core   0: 0x8000301a (0x65da2537) lui     a0, 0x65da2
core   0: 3 0x8000301a (0x65da2537) x10 0x65da2000
core   0: 0x8000301e (0x72050513) addi    a0, a0, 1824
core   0: 3 0x8000301e (0x72050513) x10 0x65da2720
core   0: 0x80003022 (0x03ce67b3) rem     a5, t3, t3
core   0: 3 0x80003022 (0x03ce67b3) x15 0x00000000
core   0: 0x80003026 (0x02bb0133) mul     sp, s6, a1
core   0: 3 0x80003026 (0x02bb0133) x 2 0x00000000
core   0: 0x8000302a (0x00000001) c.nop
core   0: 3 0x8000302a (0x0001)
core   0: 0x8000302c (0x03de6133) rem     sp, t3, t4
core   0: 3 0x8000302c (0x03de6133) x 2 0x00000000
core   0: 0x80003030 (0x0238e5b3) rem     a1, a7, gp
core   0: 3 0x80003030 (0x0238e5b3) x11 0xffffffff
core   0: 0x80003034 (0x02a531b3) mulhu   gp, a0, a0
core   0: 3 0x80003034 (0x02a531b3) x 3 0x2885dcc5
core   0: 0x80003038 (0x40f60eb3) sub     t4, a2, a5
core   0: 3 0x80003038 (0x40f60eb3) x29 0x80000000
core   0: 0x8000303c (0x02b5e7b3) rem     a5, a1, a1
core   0: 3 0x8000303c (0x02b5e7b3) x15 0x00000000
core   0: 0x80003040 (0x02f8e8b3) rem     a7, a7, a5
core   0: 3 0x80003040 (0x02f8e8b3) x17 0xffffffff
core   0: 0x80003044 (0x41d18533) sub     a0, gp, t4
core   0: 3 0x80003044 (0x41d18533) x10 0xa885dcc5
core   0: 0x80003048 (0x02b1e133) rem     sp, gp, a1
core   0: 3 0x80003048 (0x02b1e133) x 2 0x00000000
core   0: 0x8000304c (0x03c57633) remu    a2, a0, t3
core   0: 3 0x8000304c (0x03c57633) x12 0xa885dcc5
core   0: 0x80003050 (0x0317f633) remu    a2, a5, a7
core   0: 3 0x80003050 (0x0317f633) x12 0x00000000
core   0: 0x80003054 (0x02b66e33) rem     t3, a2, a1
core   0: 3 0x80003054 (0x02b66e33) x28 0x00000000
core   0: 0x80003058 (0xb1029e37) lui     t3, 0xb1029
core   0: 3 0x80003058 (0xb1029e37) x28 0xb1029000
core   0: 0x8000305c (0x00388633) add     a2, a7, gp
core   0: 3 0x8000305c (0x00388633) x12 0x2885dcc4
core   0: 0x80003060 (0x0367d533) divu    a0, a5, s6
core   0: 3 0x80003060 (0x0367d533) x10 0x00000000
core   0: 0x80003064 (0x02a16eb3) rem     t4, sp, a0
core   0: 3 0x80003064 (0x02a16eb3) x29 0x00000000
core   0: 0x80003068 (0x03db01b3) mul     gp, s6, t4
core   0: 3 0x80003068 (0x03db01b3) x 3 0x00000000
core   0: 0x8000306c (0x023eae33) mulhsu  t3, t4, gp
core   0: 3 0x8000306c (0x023eae33) x28 0x00000000
core   0: 0x80003070 (0x33eb1b17) auipc   s6, 0x33eb1
core   0: 3 0x80003070 (0x33eb1b17) x22 0xb3eb4070
core   0: 0x80003074 (0x03c7d7b3) divu    a5, a5, t3
core   0: 3 0x80003074 (0x03c7d7b3) x15 0xffffffff
core   0: 0x80003078 (0x01618133) add     sp, gp, s6
core   0: 3 0x80003078 (0x01618133) x 2 0xb3eb4070
core   0: 0x8000307c (0x03cb17b3) mulh    a5, s6, t3
core   0: 3 0x8000307c (0x03cb17b3) x15 0x00000000
core   0: 0x80003080 (0xb21abe97) auipc   t4, 0xb21ab
core   0: 3 0x80003080 (0xb21abe97) x29 0x321ae080
core   0: 0x80003084 (0x698e8e37) lui     t3, 0x698e8
core   0: 3 0x80003084 (0x698e8e37) x28 0x698e8000
core   0: 0x80003088 (0x40c888b3) sub     a7, a7, a2
core   0: 3 0x80003088 (0x40c888b3) x17 0xd77a233b
core   0: 0x8000308c (0x0086a433) slt     s0, a3, s0
core   0: 3 0x8000308c (0x0086a433) x 8 0x00000000
core   0: 0x80003090 (0x41b58133) sub     sp, a1, s11
core   0: 3 0x80003090 (0x41b58133) x 2 0x00000000
core   0: 0x80003094 (0x6ad530b7) lui     ra, 0x6ad53
core   0: 3 0x80003094 (0x6ad530b7) x 1 0x6ad53000
core   0: 0x80003098 (0xa054ac13) slti    s8, s1, -1531
core   0: 3 0x80003098 (0xa054ac13) x24 0x00000000
core   0: 0x8000309c (0x6df40893) addi    a7, s0, 1759
core   0: 3 0x8000309c (0x6df40893) x17 0x000006df
core   0: 0x800030a0 (0x7b427b37) lui     s6, 0x7b427
core   0: 3 0x800030a0 (0x7b427b37) x22 0x7b427000
core   0: 0x800030a4 (0x70cba813) slti    a6, s7, 1804
core   0: 3 0x800030a4 (0x70cba813) x16 0x00000001
core   0: 0x800030a8 (0x408a5c93) srai    s9, s4, 8
core   0: 3 0x800030a8 (0x408a5c93) x25 0xff8000fe
core   0: 0x800030ac (0x0357a833) mulhsu  a6, a5, s5
core   0: 3 0x800030ac (0x0357a833) x16 0x00000000
core   0: 0x800030b0 (0x0000610d) c.addi16sp sp, 160
core   0: 3 0x800030b0 (0x610d) x 2 0x000000a0
core   0: 0x800030b2 (0x979d3a93) sltiu   s5, s10, -1671
core   0: 3 0x800030b2 (0x979d3a93) x21 0x00000001
core   0: 0x800030b6 (0x000081e9) c.srli  a1, 26
core   0: 3 0x800030b6 (0x81e9) x11 0x0000003f
core   0: 0x800030b8 (0x01388533) add     a0, a7, s3
core   0: 3 0x800030b8 (0x01388533) x10 0x7fff00df
core   0: 0x800030bc (0x404403b3) sub     t2, s0, tp
core   0: 3 0x800030bc (0x404403b3) x 7 0x7ffec31c
core   0: 0x800030c0 (0x000091b6) c.add   gp, a3
core   0: 3 0x800030c0 (0x91b6) x 3 0x7ffebb1d
core   0: 0x800030c2 (0x00008cf1) c.and   s1, a2
core   0: 3 0x800030c2 (0x8cf1) x 9 0x00000000
core   0: 0x800030c4 (0x4cfc8d37) lui     s10, 0x4cfc8
core   0: 3 0x800030c4 (0x4cfc8d37) x26 0x4cfc8000
core   0: 0x800030c8 (0x000000fd) c.addi  ra, 31
core   0: 3 0x800030c8 (0x00fd) x 1 0x6ad5301f
core   0: 0x800030ca (0x406d5b13) srai    s6, s10, 6
core   0: 3 0x800030ca (0x406d5b13) x22 0x0133f200
core   0: 0x800030ce (0x3617ff93) andi    t6, a5, 865
core   0: 3 0x800030ce (0x3617ff93) x31 0x00000000
core   0: 0x800030d2 (0x02eac2b3) div     t0, s5, a4
core   0: 3 0x800030d2 (0x02eac2b3) x 5 0x00000001
core   0: 0x800030d6 (0xba5574b7) lui     s1, 0xba557
core   0: 3 0x800030d6 (0xba5574b7) x 9 0xba557000
core   0: 0x800030da (0x5dac6f13) ori     t5, s8, 1498
core   0: 3 0x800030da (0x5dac6f13) x30 0x000005da
core   0: 0x800030de (0xce50c713) xori    a4, ra, -795
core   0: 3 0x800030de (0xce50c713) x14 0x952accfa
core   0: 0x800030e2 (0xf9438d93) addi    s11, t2, -108
core   0: 3 0x800030e2 (0xf9438d93) x27 0x7ffec2b0
core   0: 0x800030e6 (0x00000e7a) c.slli  t3, 30
core   0: 3 0x800030e6 (0x0e7a) x28 0x00000000
core   0: 0x800030e8 (0x7631f393) andi    t2, gp, 1891
core   0: 3 0x800030e8 (0x7631f393) x 7 0x00000301
core   0: 0x800030ec (0x00000d1c) c.addi4spn a5, sp, 656
core   0: 3 0x800030ec (0x0d1c) x15 0x00000330
core   0: 0x800030ee (0x02d3bdb3) mulhu   s11, t2, a3
core   0: 3 0x800030ee (0x02d3bdb3) x27 0x00000180
core   0: 0x800030f2 (0x00008611) c.srai  a2, 4
core   0: 3 0x800030f2 (0x8611) x12 0x02885dcc
core   0: 0x800030f4 (0x00000001) c.nop
core   0: 3 0x800030f4 (0x0001)
core   0: 0x800030f6 (0x000086b5) c.srai  a3, 13
core   0: 3 0x800030f6 (0x86b5) x13 0x0003fff5
core   0: 0x800030f8 (0x02c0e633) rem     a2, ra, a2
core   0: 3 0x800030f8 (0x02c0e633) x12 0x0075cca7
core   0: 0x800030fc (0x00008c4d) c.or    s0, a1
core   0: 3 0x800030fc (0x8c4d) x 8 0x0000003f
core   0: 0x800030fe (0x02616ab3) rem     s5, sp, t1
core   0: 3 0x800030fe (0x02616ab3) x21 0x000000a0
core   0: 0x80003102 (0x00008e5d) c.or    a2, a5
core   0: 3 0x80003102 (0x8e5d) x12 0x0075cfb7
core   0: 0x80003104 (0x03c61fb3) mulh    t6, a2, t3
core   0: 3 0x80003104 (0x03c61fb3) x31 0x00000000
core   0: 0x80003108 (0x01519113) slli    sp, gp, 21
core   0: 3 0x80003108 (0x01519113) x 2 0x63a00000
core   0: 0x8000310c (0x01421e93) slli    t4, tp, 20
core   0: 3 0x8000310c (0x01421e93) x29 0xce400000
core   0: 0x80003110 (0x01ebd133) srl     sp, s7, t5
core   0: 3 0x80003110 (0x01ebd133) x 2 0x00000000
core   0: 0x80003114 (0x00000ae6) c.slli  s5, 25
core   0: 3 0x80003114 (0x0ae6) x21 0x40000000
core   0: 0x80003116 (0x00eab433) sltu    s0, s5, a4
core   0: 3 0x80003116 (0x00eab433) x 8 0x00000001
core   0: 0x8000311a (0x00008c55) c.or    s0, a3
core   0: 3 0x8000311a (0x8c55) x 8 0x0003fff5
core   0: 0x8000311c (0x000047a5) c.li    a5, 9
core   0: 3 0x8000311c (0x47a5) x15 0x00000009
core   0: 0x8000311e (0x03138e33) mul     t3, t2, a7
core   0: 3 0x8000311e (0x03138e33) x28 0x0014a3df
core   0: 0x80003122 (0x00005b7d) c.li    s6, -1
core   0: 3 0x80003122 (0x5b7d) x22 0xffffffff
core   0: 0x80003124 (0x401c0cb3) sub     s9, s8, ra
core   0: 3 0x80003124 (0x401c0cb3) x25 0x952acfe1
core   0: 0x80003128 (0x0018fe33) and     t3, a7, ra
core   0: 3 0x80003128 (0x0018fe33) x28 0x0000001f
core   0: 0x8000312c (0x00008791) c.srai  a5, 4
core   0: 3 0x8000312c (0x8791) x15 0x00000000
core   0: 0x8000312e (0x000062c9) c.lui   t0, 0x12
core   0: 3 0x8000312e (0x62c9) x 5 0x00012000
core   0: 0x80003130 (0x02fc8e33) mul     t3, s9, a5
core   0: 3 0x80003130 (0x02fc8e33) x28 0x00000000
core   0: 0x80003134 (0x03290633) mul     a2, s2, s2
core   0: 3 0x80003134 (0x03290633) x12 0x00090000
core   0: 0x80003138 (0x00009ea6) c.add   t4, s1
core   0: 3 0x80003138 (0x9ea6) x29 0x88957000
core   0: 0x8000313a (0x00008c35) c.xor   s0, a3
core   0: 3 0x8000313a (0x8c35) x 8 0x00000000
core   0: 0x8000313c (0x02ad18b3) mulh    a7, s10, a0
core   0: 3 0x8000313c (0x02ad18b3) x17 0x267df346
core   0: 0x80003140 (0x007b67b3) or      a5, s6, t2
core   0: 3 0x80003140 (0x007b67b3) x15 0xffffffff
core   0: 0x80003144 (0x00006c3d) c.lui   s8, 0xf
core   0: 3 0x80003144 (0x6c3d) x24 0x0000f000
core   0: 0x80003146 (0x0000683d) c.lui   a6, 0xf
core   0: 3 0x80003146 (0x683d) x16 0x0000f000
core   0: 0x80003148 (0x00006cc5) c.lui   s9, 0x11
core   0: 3 0x80003148 (0x6cc5) x25 0x00011000
core   0: 0x8000314a (0x40975193) srai    gp, a4, 9
core   0: 3 0x8000314a (0x40975193) x 3 0xffca9566
core   0: 0x8000314e (0x019a58b3) srl     a7, s4, s9
core   0: 3 0x8000314e (0x019a58b3) x17 0x8000fe64
core   0: 0x80003152 (0x4cab2413) slti    s0, s6, 1226
core   0: 3 0x80003152 (0x4cab2413) x 8 0x00000001
core   0: 0x80003156 (0x0334e433) rem     s0, s1, s3
core   0: 3 0x80003156 (0x0334e433) x 8 0xba557000
core   0: 0x8000315a (0x02f9ce33) div     t3, s3, a5
core   0: 3 0x8000315a (0x02f9ce33) x28 0x80010600
core   0: 0x8000315e (0xc0664e17) auipc   t3, 0xc0664
core   0: 3 0x8000315e (0xc0664e17) x28 0x4066715e
core   0: 0x80003162 (0x0cad7113) andi    sp, s10, 202
core   0: 3 0x80003162 (0x0cad7113) x 2 0x00000000
core   0: 0x80003166 (0x6a81bdb7) lui     s11, 0x6a81b
core   0: 3 0x80003166 (0x6a81bdb7) x27 0x6a81b000
core   0: 0x8000316a (0x00000001) c.nop
core   0: 3 0x8000316a (0x0001)
core   0: 0x8000316c (0x01a2d633) srl     a2, t0, s10
core   0: 3 0x8000316c (0x01a2d633) x12 0x00012000
core   0: 0x80003170 (0x03a198b3) mulh    a7, gp, s10
core   0: 3 0x80003170 (0x03a198b3) x17 0xffefefaa
core   0: 0x80003174 (0xa1466193) ori     gp, a2, -1516
core   0: 3 0x80003174 (0xa1466193) x 3 0xfffffa14
core   0: 0x80003178 (0x000080c1) c.srli  s1, 16
core   0: 3 0x80003178 (0x80c1) x 9 0x0000ba55
core   0: 0x8000317a (0x40e6d533) sra     a0, a3, a4
core   0: 3 0x8000317a (0x40e6d533) x10 0x00000000
core   0: 0x8000317e (0xf01f1637) lui     a2, 0xf01f1
core   0: 3 0x8000317e (0xf01f1637) x12 0xf01f1000
core   0: 0x80003182 (0x0000848d) c.srai  s1, 3
core   0: 3 0x80003182 (0x848d) x 9 0x0000174a
core   0: 0x80003184 (0x01c17933) and     s2, sp, t3
core   0: 3 0x80003184 (0x01c17933) x18 0x00000000
core   0: 0x80003188 (0x00008c69) c.and   s0, a0
core   0: 3 0x80003188 (0x8c69) x 8 0x00000000
core   0: 0x8000318a (0x031abb33) mulhu   s6, s5, a7
core   0: 3 0x8000318a (0x031abb33) x22 0x3ffbfbea
core   0: 0x8000318e (0x000083c1) c.srli  a5, 16
core   0: 3 0x8000318e (0x83c1) x15 0x0000ffff
core   0: 0x80003190 (0x02bdf733) remu    a4, s11, a1
core   0: 3 0x80003190 (0x02bdf733) x14 0x00000027
core   0: 0x80003194 (0x000069a9) c.lui   s3, 0xa
core   0: 3 0x80003194 (0x69a9) x19 0x0000a000
core   0: 0x80003196 (0x0000897d) c.andi  a0, 31
core   0: 3 0x80003196 (0x897d) x10 0x00000000
core   0: 0x80003198 (0x0166d113) srli    sp, a3, 22
core   0: 3 0x80003198 (0x0166d113) x 2 0x00000000
core   0: 0x8000319c (0x00931f33) sll     t5, t1, s1
core   0: 3 0x8000319c (0x00931f33) x30 0x00000000
core   0: 0x800031a0 (0x00000001) c.nop
core   0: 3 0x800031a0 (0x0001)
core   0: 0x800031a2 (0x01b0df13) srli    t5, ra, 27
core   0: 3 0x800031a2 (0x01b0df13) x30 0x0000000d
core   0: 0x800031a6 (0x02cb99b3) mulh    s3, s7, a2
core   0: 3 0x800031a6 (0x02cb99b3) x19 0x00000000
core   0: 0x800031aa (0x0000717d) c.addi16sp sp, -16
core   0: 3 0x800031aa (0x717d) x 2 0xfffffff0
core   0: 0x800031ac (0xe97a3493) sltiu   s1, s4, -361
core   0: 3 0x800031ac (0xe97a3493) x 9 0x00000001
core   0: 0x800031b0 (0x9bd80d17) auipc   s10, 0x9bd80
core   0: 3 0x800031b0 (0x9bd80d17) x26 0x1bd831b0
core   0: 0x800031b4 (0x000066f9) c.lui   a3, 0x1e
core   0: 3 0x800031b4 (0x66f9) x13 0x0001e000
core   0: 0x800031b6 (0x000089cd) c.andi  a1, 19
core   0: 3 0x800031b6 (0x89cd) x11 0x00000013
core   0: 0x800031b8 (0x02a07133) remu    sp, zero, a0
core   0: 3 0x800031b8 (0x02a07133) x 2 0x00000000
core   0: 0x800031bc (0x00000001) c.nop
core   0: 3 0x800031bc (0x0001)
core   0: 0x800031be (0x00000001) c.nop
core   0: 3 0x800031be (0x0001)
core   0: 0x800031c0 (0x00000b15) c.addi  s6, 5
core   0: 3 0x800031c0 (0x0b15) x22 0x3ffbfbef
core   0: 0x800031c2 (0x00000001) c.nop
core   0: 3 0x800031c2 (0x0001)
core   0: 0x800031c4 (0x03708b33) mul     s6, ra, s7
core   0: 3 0x800031c4 (0x03708b33) x22 0x00000000
core   0: 0x800031c8 (0xa57da993) slti    s3, s11, -1449
core   0: 3 0x800031c8 (0xa57da993) x19 0x00000000
core   0: 0x800031cc (0x500c1f17) auipc   t5, 0x500c1
core   0: 3 0x800031cc (0x500c1f17) x30 0xd00c41cc
core   0: 0x800031d0 (0x00000b92) c.slli  s7, 4
core   0: 3 0x800031d0 (0x0b92) x23 0x00000000
core   0: 0x800031d2 (0x00008dcd) c.or    a1, a1
core   0: 3 0x800031d2 (0x8dcd) x11 0x00000013
core   0: 0x800031d4 (0x00001dfd) c.addi  s11, -1
core   0: 3 0x800031d4 (0x1dfd) x27 0x6a81afff
core   0: 0x800031d6 (0x02655b33) divu    s6, a0, t1
core   0: 3 0x800031d6 (0x02655b33) x22 0x00000000
core   0: 0x800031da (0x000084e5) c.srai  s1, 25
core   0: 3 0x800031da (0x84e5) x 9 0x00000000
core   0: 0x800031dc (0x0000987d) c.andi  s0, -1
core   0: 3 0x800031dc (0x987d) x 8 0x00000000
core   0: 0x800031de (0x0000843a) c.mv    s0, a4
core   0: 3 0x800031de (0x843a) x 8 0x00000027
core   0: 0x800031e0 (0x00008455) c.srai  s0, 21
core   0: 3 0x800031e0 (0x8455) x 8 0x00000000
core   0: 0x800031e2 (0x02faae33) mulhsu  t3, s5, a5
core   0: 3 0x800031e2 (0x02faae33) x28 0x00003fff
core   0: 0x800031e6 (0x3ac8ff93) andi    t6, a7, 940
core   0: 3 0x800031e6 (0x3ac8ff93) x31 0x000003a8
core   0: 0x800031ea (0x03a954b3) divu    s1, s2, s10
core   0: 3 0x800031ea (0x03a954b3) x 9 0x00000000
core   0: 0x800031ee (0x415e5933) sra     s2, t3, s5
core   0: 3 0x800031ee (0x415e5933) x18 0x00003fff
core   0: 0x800031f2 (0x01085893) srli    a7, a6, 16
core   0: 3 0x800031f2 (0x01085893) x17 0x00000000
core   0: 0x800031f6 (0x0ba5f997) auipc   s3, 0xba5f
core   0: 3 0x800031f6 (0x0ba5f997) x19 0x8ba621f6
core   0: 0x800031fa (0x01a61833) sll     a6, a2, s10
core   0: 3 0x800031fa (0x01a61833) x16 0x10000000
core   0: 0x800031fe (0x00008e0a) c.mv    t3, sp
core   0: 3 0x800031fe (0x8e0a) x28 0x00000000
core   0: 0x80003200 (0x01778cb3) add     s9, a5, s7
core   0: 3 0x80003200 (0x01778cb3) x25 0x0000ffff
core   0: 0x80003204 (0x01741e13) slli    t3, s0, 23
core   0: 3 0x80003204 (0x01741e13) x28 0x00000000
core   0: 0x80003208 (0x0339a1b3) mulhsu  gp, s3, s3
core   0: 3 0x80003208 (0x0339a1b3) x 3 0xc087b2bb
core   0: 0x8000320c (0x008f0133) add     sp, t5, s0
core   0: 3 0x8000320c (0x008f0133) x 2 0xd00c41cc
core   0: 0x80003210 (0x01653833) sltu    a6, a0, s6
core   0: 3 0x80003210 (0x01653833) x16 0x00000000
core   0: 0x80003214 (0x00001d1c) c.addi4spn a5, sp, 688
core   0: 3 0x80003214 (0x1d1c) x15 0xd00c447c
core   0: 0x80003216 (0x03e9b833) mulhu   a6, s3, t5
core   0: 3 0x80003216 (0x03e9b833) x16 0x717dab45
core   0: 0x8000321a (0x000084c9) c.srai  s1, 18
core   0: 3 0x8000321a (0x84c9) x 9 0x00000000
core   0: 0x8000321c (0x410b87b3) sub     a5, s7, a6
core   0: 3 0x8000321c (0x410b87b3) x15 0x8e8254bb
core   0: 0x80003220 (0x000080b5) c.srli  s1, 13
core   0: 3 0x80003220 (0x80b5) x 9 0x00000000
core   0: 0x80003222 (0x00005bfd) c.li    s7, -1
core   0: 3 0x80003222 (0x5bfd) x23 0xffffffff
core   0: 0x80003224 (0x00008e79) c.and   a2, a4
core   0: 3 0x80003224 (0x8e79) x12 0x00000000
core   0: 0x80003226 (0x000087c1) c.srai  a5, 16
core   0: 3 0x80003226 (0x87c1) x15 0xffff8e82
core   0: 0x80003228 (0x00008d15) c.sub   a0, a3
core   0: 3 0x80003228 (0x8d15) x10 0xfffe2000
core   0: 0x8000322a (0x00000151) c.addi  sp, 20
core   0: 3 0x8000322a (0x0151) x 2 0xd00c41e0
core   0: 0x8000322c (0x0000178c) c.addi4spn a1, sp, 992
core   0: 3 0x8000322c (0x178c) x11 0xd00c45c0
core   0: 0x8000322e (0x81072e13) slti    t3, a4, -2032
core   0: 3 0x8000322e (0x81072e13) x28 0x00000000
core   0: 0x80003232 (0x01b59ab3) sll     s5, a1, s11
core   0: 3 0x80003232 (0x01b59ab3) x21 0x00000000
core   0: 0x80003236 (0x00000001) c.nop
core   0: 3 0x80003236 (0x0001)
core   0: 0x80003238 (0x9bc5c013) xori    zero, a1, -1604
core   0: 3 0x80003238 (0x9bc5c013)
core   0: 0x8000323c (0x0000807d) c.srli  s0, 31
core   0: 3 0x8000323c (0x807d) x 8 0x00000000
core   0: 0x8000323e (0x00006d85) c.lui   s11, 0x1
core   0: 3 0x8000323e (0x6d85) x27 0x00001000
core   0: 0x80003240 (0xda7a8d93) addi    s11, s5, -601
core   0: 3 0x80003240 (0xda7a8d93) x27 0xfffffda7
core   0: 0x80003244 (0x02a76eb3) rem     t4, a4, a0
core   0: 3 0x80003244 (0x02a76eb3) x29 0x00000027
core   0: 0x80003248 (0x00000001) c.nop
core   0: 3 0x80003248 (0x0001)
core   0: 0x8000324a (0x01ab7533) and     a0, s6, s10
core   0: 3 0x8000324a (0x01ab7533) x10 0x00000000
core   0: 0x8000324e (0x000099a6) c.add   s3, s1
core   0: 3 0x8000324e (0x99a6) x19 0x8ba621f6
core   0: 0x80003250 (0x01be4fb3) xor     t6, t3, s11
core   0: 3 0x80003250 (0x01be4fb3) x31 0xfffffda7
core   0: 0x80003254 (0x03920433) mul     s0, tp, s9
core   0: 3 0x80003254 (0x03920433) x 8 0xbce2c31c
core   0: 0x80003258 (0x011401b3) add     gp, s0, a7
core   0: 3 0x80003258 (0x011401b3) x 3 0xbce2c31c
core   0: 0x8000325c (0xec79b613) sltiu   a2, s3, -313
core   0: 3 0x8000325c (0xec79b613) x12 0x00000001
core   0: 0x80003260 (0x00008c61) c.and   s0, s0
core   0: 3 0x80003260 (0x8c61) x 8 0xbce2c31c
core   0: 0x80003262 (0x0090ccb3) xor     s9, ra, s1
core   0: 3 0x80003262 (0x0090ccb3) x25 0x6ad5301f
core   0: 0x80003266 (0x683a2c13) slti    s8, s4, 1667
core   0: 3 0x80003266 (0x683a2c13) x24 0x00000001
core   0: 0x8000326a (0x97e7ea93) ori     s5, a5, -1666
core   0: 3 0x8000326a (0x97e7ea93) x21 0xfffffffe
core   0: 0x8000326e (0x0000717d) c.addi16sp sp, -16
core   0: 3 0x8000326e (0x717d) x 2 0xd00c41d0
core   0: 0x80003270 (0x335f2437) lui     s0, 0x335f2
core   0: 3 0x80003270 (0x335f2437) x 8 0x335f2000
core   0: 0x80003274 (0x00008e75) c.and   a2, a3
core   0: 3 0x80003274 (0x8e75) x12 0x00000000
core   0: 0x80003276 (0x0000876a) c.mv    a4, s10
core   0: 3 0x80003276 (0x876a) x14 0x1bd831b0
core   0: 0x80003278 (0x000edf93) srli    t6, t4, 0
core   0: 3 0x80003278 (0x000edf93) x31 0x00000027
core   0: 0x8000327c (0x02b600b3) mul     ra, a2, a1
core   0: 3 0x8000327c (0x02b600b3) x 1 0x00000000
core   0: 0x80003280 (0x000013fd) c.addi  t2, -1
core   0: 3 0x80003280 (0x13fd) x 7 0x00000300
core   0: 0x80003282 (0x00008f69) c.and   a4, a0
core   0: 3 0x80003282 (0x8f69) x14 0x00000000
core   0: 0x80003284 (0x00008ca9) c.xor   s1, a0
core   0: 3 0x80003284 (0x8ca9) x 9 0x00000000
core   0: 0x80003286 (0x000064d9) c.lui   s1, 0x16
core   0: 3 0x80003286 (0x64d9) x 9 0x00016000
core   0: 0x80003288 (0x00000e0e) c.slli  t3, 3
core   0: 3 0x80003288 (0x0e0e) x28 0x00000000
core   0: 0x8000328a (0x0231f5b3) remu    a1, gp, gp
core   0: 3 0x8000328a (0x0231f5b3) x11 0x00000000
core   0: 0x8000328e (0xd6817013) andi    zero, sp, -664
core   0: 3 0x8000328e (0xd6817013)
core   0: 0x80003292 (0x00b580b3) add     ra, a1, a1
core   0: 3 0x80003292 (0x00b580b3) x 1 0x00000000
core   0: 0x80003296 (0x000087d9) c.srai  a5, 22
core   0: 3 0x80003296 (0x87d9) x15 0xffffffff
core   0: 0x80003298 (0x00b2dab3) srl     s5, t0, a1
core   0: 3 0x80003298 (0x00b2dab3) x21 0x00012000
core   0: 0x8000329c (0x00321913) slli    s2, tp, 3
core   0: 3 0x8000329c (0x00321913) x18 0x0009e720
core   0: 0x800032a0 (0x00a46b33) or      s6, s0, a0
core   0: 3 0x800032a0 (0x00a46b33) x22 0x335f2000
core   0: 0x800032a4 (0xa0d29a97) auipc   s5, 0xa0d29
core   0: 3 0x800032a4 (0xa0d29a97) x21 0x20d2c2a4
core   0: 0x800032a8 (0x00008d2d) c.xor   a0, a1
core   0: 3 0x800032a8 (0x8d2d) x10 0x00000000
core   0: 0x800032aa (0x004486b3) add     a3, s1, tp
core   0: 3 0x800032aa (0x004486b3) x13 0x80029ce4
core   0: 0x800032ae (0x00000001) c.nop
core   0: 3 0x800032ae (0x0001)
core   0: 0x800032b0 (0x00d75db3) srl     s11, a4, a3
core   0: 3 0x800032b0 (0x00d75db3) x27 0x00000000
core   0: 0x800032b4 (0x00001610) c.addi4spn a2, sp, 800
core   0: 3 0x800032b4 (0x1610) x12 0xd00c44f0
core   0: 0x800032b6 (0x000012fd) c.addi  t0, -1
core   0: 3 0x800032b6 (0x12fd) x 5 0x00011fff
core   0: 0x800032b8 (0x5c2bf113) andi    sp, s7, 1474
core   0: 3 0x800032b8 (0x5c2bf113) x 2 0x000005c2
core   0: 0x800032bc (0x00cd1bb3) sll     s7, s10, a2
core   0: 3 0x800032bc (0x00cd1bb3) x23 0x31b00000
core   0: 0x800032c0 (0x00006141) c.addi16sp sp, 16
core   0: 3 0x800032c0 (0x6141) x 2 0x000005d2
core   0: 0x800032c2 (0xbeaa2093) slti    ra, s4, -1046
core   0: 3 0x800032c2 (0xbeaa2093) x 1 0x00000001
core   0: 0x800032c6 (0x00008589) c.srai  a1, 2
core   0: 3 0x800032c6 (0x8589) x11 0x00000000
core   0: 0x800032c8 (0x00009e52) c.add   t3, s4
core   0: 3 0x800032c8 (0x9e52) x28 0x8000fe64
core   0: 0x800032ca (0x0233f833) remu    a6, t2, gp
core   0: 3 0x800032ca (0x0233f833) x16 0x00000300
core   0: 0x800032ce (0x00001904) c.addi4spn s1, sp, 176
core   0: 3 0x800032ce (0x1904) x 9 0x00000682
core   0: 0x800032d0 (0x019b1713) slli    a4, s6, 25
core   0: 3 0x800032d0 (0x019b1713) x14 0x00000000
core   0: 0x800032d4 (0xe64cab93) slti    s7, s9, -412
core   0: 3 0x800032d4 (0xe64cab93) x23 0x00000000
core   0: 0x800032d8 (0x00008ef5) c.and   a3, a3
core   0: 3 0x800032d8 (0x8ef5) x13 0x80029ce4
core   0: 0x800032da (0x000317b3) sll     a5, t1, zero
core   0: 3 0x800032da (0x000317b3) x15 0x80000000
core   0: 0x800032de (0x000060f5) c.lui   ra, 0x1d
core   0: 3 0x800032de (0x60f5) x 1 0x0001d000
core   0: 0x800032e0 (0x00008df5) c.and   a1, a3
core   0: 3 0x800032e0 (0x8df5) x11 0x00000000
core   0: 0x800032e2 (0x009f76b3) and     a3, t5, s1
core   0: 3 0x800032e2 (0x009f76b3) x13 0x00000080
core   0: 0x800032e6 (0x00008d85) c.sub   a1, s1
core   0: 3 0x800032e6 (0x8d85) x11 0xfffff97e
core   0: 0x800032e8 (0x1ab07e13) andi    t3, zero, 427
core   0: 3 0x800032e8 (0x1ab07e13) x28 0x00000000
core   0: 0x800032ec (0x001194b3) sll     s1, gp, ra
core   0: 3 0x800032ec (0x001194b3) x 9 0xbce2c31c
core   0: 0x800032f0 (0x48096b93) ori     s7, s2, 1152
core   0: 3 0x800032f0 (0x48096b93) x23 0x0009e7a0
core   0: 0x800032f4 (0x00000001) c.nop
core   0: 3 0x800032f4 (0x0001)
core   0: 0x800032f6 (0x4f31e493) ori     s1, gp, 1267
core   0: 3 0x800032f6 (0x4f31e493) x 9 0xbce2c7ff
core   0: 0x800032fa (0x000008ea) c.slli  a7, 26
core   0: 3 0x800032fa (0x08ea) x17 0x00000000
core   0: 0x800032fc (0x0228fdb3) remu    s11, a7, sp
core   0: 3 0x800032fc (0x0228fdb3) x27 0x00000000
core   0: 0x80003300 (0xcdb43a93) sltiu   s5, s0, -805
core   0: 3 0x80003300 (0xcdb43a93) x21 0x00000001
core   0: 0x80003304 (0x0000966a) c.add   a2, s10
core   0: 3 0x80003304 (0x966a) x12 0xebe476a0
core   0: 0x80003306 (0x0289f4b3) remu    s1, s3, s0
core   0: 3 0x80003306 (0x0289f4b3) x 9 0x24e7e1f6
core   0: 0x8000330a (0x40060933) sub     s2, a2, zero
core   0: 3 0x8000330a (0x40060933) x18 0xebe476a0
core   0: 0x8000330e (0x00009bfd) c.andi  a5, -1
core   0: 3 0x8000330e (0x9bfd) x15 0x80000000
core   0: 0x80003310 (0x80000937) lui     s2, 0x80000
core   0: 3 0x80003310 (0x80000937) x18 0x80000000
core   0: 0x80003314 (0x80000ab7) lui     s5, 0x80000
core   0: 3 0x80003314 (0x80000ab7) x21 0x80000000
core   0: 0x80003318 (0x800006b7) lui     a3, 0x80000
core   0: 3 0x80003318 (0x800006b7) x13 0x80000000
core   0: 0x8000331c (0xfff00d13) li      s10, -1
core   0: 3 0x8000331c (0xfff00d13) x26 0xffffffff
core   0: 0x80003320 (0xfff00d93) li      s11, -1
core   0: 3 0x80003320 (0xfff00d93) x27 0xffffffff
core   0: 0x80003324 (0x992ab637) lui     a2, 0x992ab
core   0: 3 0x80003324 (0x992ab637) x12 0x992ab000
core   0: 0x80003328 (0xcb960613) addi    a2, a2, -839
core   0: 3 0x80003328 (0xcb960613) x12 0x992aacb9
core   0: 0x8000332c (0x824f10b7) lui     ra, 0x824f1
core   0: 3 0x8000332c (0x824f10b7) x 1 0x824f1000
core   0: 0x80003330 (0xaf108093) addi    ra, ra, -1295
core   0: 3 0x80003330 (0xaf108093) x 1 0x824f0af1
core   0: 0x80003334 (0x00004c01) c.li    s8, 0
core   0: 3 0x80003334 (0x4c01) x24 0x00000000
core   0: 0x80003336 (0xfff00393) li      t2, -1
core   0: 3 0x80003336 (0xfff00393) x 7 0xffffffff
core   0: 0x8000333a (0x00004e81) c.li    t4, 0
core   0: 3 0x8000333a (0x4e81) x29 0x00000000
core   0: 0x8000333c (0x03a603b3) mul     t2, a2, s10
core   0: 3 0x8000333c (0x03a603b3) x 7 0x66d55347
core   0: 0x80003340 (0x00000001) c.nop
core   0: 3 0x80003340 (0x0001)
core   0: 0x80003342 (0x02dc4db3) div     s11, s8, a3
core   0: 3 0x80003342 (0x02dc4db3) x27 0x00000000
core   0: 0x80003346 (0x03590c33) mul     s8, s2, s5
core   0: 3 0x80003346 (0x03590c33) x24 0x00000000
core   0: 0x8000334a (0x00000001) c.nop
core   0: 3 0x8000334a (0x0001)
core   0: 0x8000334c (0x032abeb3) mulhu   t4, s5, s2
core   0: 3 0x8000334c (0x032abeb3) x29 0x40000000
core   0: 0x80003350 (0x03ad80b3) mul     ra, s11, s10
core   0: 3 0x80003350 (0x03ad80b3) x 1 0x00000000
core   0: 0x80003354 (0x0383b633) mulhu   a2, t2, s8
core   0: 3 0x80003354 (0x0383b633) x12 0x00000000
core   0: 0x80003358 (0x0210edb3) rem     s11, ra, ra
core   0: 3 0x80003358 (0x0210edb3) x27 0x00000000
core   0: 0x8000335c (0x027d4c33) div     s8, s10, t2
core   0: 3 0x8000335c (0x027d4c33) x24 0x00000000
core   0: 0x80003360 (0x032e93b3) mulh    t2, t4, s2
core   0: 3 0x80003360 (0x032e93b3) x 7 0xe0000000
core   0: 0x80003364 (0x021616b3) mulh    a3, a2, ra
core   0: 3 0x80003364 (0x021616b3) x13 0x00000000
core   0: 0x80003368 (0x03596933) rem     s2, s2, s5
core   0: 3 0x80003368 (0x03596933) x18 0x00000000
core   0: 0x8000336c (0x00000001) c.nop
core   0: 3 0x8000336c (0x0001)
core   0: 0x8000336e (0x40108c33) sub     s8, ra, ra
core   0: 3 0x8000336e (0x40108c33) x24 0x00000000
core   0: 0x80003372 (0x0000841d) c.srai  s0, 7
core   0: 3 0x80003372 (0x841d) x 8 0x0066be40
core   0: 0x80003374 (0x03cbcfb3) div     t6, s7, t3
core   0: 3 0x80003374 (0x03cbcfb3) x31 0xffffffff
core   0: 0x80003378 (0x00008f61) c.and   a4, s0
core   0: 3 0x80003378 (0x8f61) x14 0x00000000
core   0: 0x8000337a (0x00000001) c.nop
core   0: 3 0x8000337a (0x0001)
core   0: 0x8000337c (0x00008cdd) c.or    s1, a5
core   0: 3 0x8000337c (0x8cdd) x 9 0xa4e7e1f6
core   0: 0x8000337e (0x000008c2) c.slli  a7, 16
core   0: 3 0x8000337e (0x08c2) x17 0x00000000
core   0: 0x80003380 (0x022422b3) mulhsu  t0, s0, sp
core   0: 3 0x80003380 (0x022422b3) x 5 0x00000002
core   0: 0x80003384 (0x00008ffd) c.and   a5, a5
core   0: 3 0x80003384 (0x8ffd) x15 0x80000000
core   0: 0x80003386 (0x00501133) sll     sp, zero, t0
core   0: 3 0x80003386 (0x00501133) x 2 0x00000000
core   0: 0x8000338a (0x00008e75) c.and   a2, a3
core   0: 3 0x8000338a (0x8e75) x12 0x00000000
core   0: 0x8000338c (0x029955b3) divu    a1, s2, s1
core   0: 3 0x8000338c (0x029955b3) x11 0x00000000
core   0: 0x80003390 (0x00008c9d) c.sub   s1, a5
core   0: 3 0x80003390 (0x8c9d) x 9 0x24e7e1f6
core   0: 0x80003392 (0x00009292) c.add   t0, tp
core   0: 3 0x80003392 (0x9292) x 5 0x80013ce6
core   0: 0x80003394 (0x4155dc33) sra     s8, a1, s5
core   0: 3 0x80003394 (0x4155dc33) x24 0x00000000
core   0: 0x80003398 (0x01b7f6b3) and     a3, a5, s11
core   0: 3 0x80003398 (0x01b7f6b3) x13 0x00000000
core   0: 0x8000339c (0x00006e75) c.lui   t3, 0x1d
core   0: 3 0x8000339c (0x6e75) x28 0x0001d000
core   0: 0x8000339e (0x01ef5e33) srl     t3, t5, t5
core   0: 3 0x8000339e (0x01ef5e33) x28 0x000d00c4
core   0: 0x800033a2 (0xbbbc2413) slti    s0, s8, -1093
core   0: 3 0x800033a2 (0xbbbc2413) x 8 0x00000000
core   0: 0x800033a6 (0x0000610d) c.addi16sp sp, 160
core   0: 3 0x800033a6 (0x610d) x 2 0x000000a0
core   0: 0x800033a8 (0x02079b33) mulh    s6, a5, zero
core   0: 3 0x800033a8 (0x02079b33) x22 0x00000000
core   0: 0x800033ac (0x00008491) c.srai  s1, 4
core   0: 3 0x800033ac (0x8491) x 9 0x024e7e1f
core   0: 0x800033ae (0x01c8a793) slti    a5, a7, 28
core   0: 3 0x800033ae (0x01c8a793) x15 0x00000001
core   0: 0x800033b2 (0x00008776) c.mv    a4, t4
core   0: 3 0x800033b2 (0x8776) x14 0x40000000
core   0: 0x800033b4 (0xb84efc93) andi    s9, t4, -1148
core   0: 3 0x800033b4 (0xb84efc93) x25 0x40000000
core   0: 0x800033b8 (0x034d61b3) rem     gp, s10, s4
core   0: 3 0x800033b8 (0x034d61b3) x 3 0xffffffff
core   0: 0x800033bc (0x01edb733) sltu    a4, s11, t5
core   0: 3 0x800033bc (0x01edb733) x14 0x00000001
core   0: 0x800033c0 (0x00da0833) add     a6, s4, a3
core   0: 3 0x800033c0 (0x00da0833) x16 0x8000fe64
core   0: 0x800033c4 (0x039b43b3) div     t2, s6, s9
core   0: 3 0x800033c4 (0x039b43b3) x 7 0x00000000
core   0: 0x800033c8 (0x5afd1837) lui     a6, 0x5afd1
core   0: 3 0x800033c8 (0x5afd1837) x16 0x5afd1000
core   0: 0x800033cc (0xfb830893) addi    a7, t1, -72
core   0: 3 0x800033cc (0xfb830893) x17 0x7fffffb8
core   0: 0x800033d0 (0x03a448b3) div     a7, s0, s10
core   0: 3 0x800033d0 (0x03a448b3) x17 0x00000000
core   0: 0x800033d4 (0x00095013) srli    zero, s2, 0
core   0: 3 0x800033d4 (0x00095013)
core   0: 0x800033d8 (0xe53a6713) ori     a4, s4, -429
core   0: 3 0x800033d8 (0xe53a6713) x14 0xfffffe77
core   0: 0x800033dc (0x00008cb1) c.xor   s1, a2
core   0: 3 0x800033dc (0x8cb1) x 9 0x024e7e1f
core   0: 0x800033de (0x014a5b93) srli    s7, s4, 20
core   0: 3 0x800033de (0x014a5b93) x23 0x00000800
core   0: 0x800033e2 (0x016a1893) slli    a7, s4, 22
core   0: 3 0x800033e2 (0x016a1893) x17 0x99000000
core   0: 0x800033e6 (0x00009626) c.add   a2, s1
core   0: 3 0x800033e6 (0x9626) x12 0x024e7e1f
core   0: 0x800033e8 (0x010efe33) and     t3, t4, a6
core   0: 3 0x800033e8 (0x010efe33) x28 0x40000000
core   0: 0x800033ec (0x404e4c97) auipc   s9, 0x404e4
core   0: 3 0x800033ec (0x404e4c97) x25 0xc04e73ec
core   0: 0x800033f0 (0x7ab34bb7) lui     s7, 0x7ab34
core   0: 3 0x800033f0 (0x7ab34bb7) x23 0x7ab34000
core   0: 0x800033f4 (0x000098b6) c.add   a7, a3
core   0: 3 0x800033f4 (0x98b6) x17 0x99000000
core   0: 0x800033f6 (0x00008225) c.srli  a2, 9
core   0: 3 0x800033f6 (0x8225) x12 0x0001273f
core   0: 0x800033f8 (0x00000b06) c.slli  s6, 1
core   0: 3 0x800033f8 (0x0b06) x22 0x00000000
core   0: 0x800033fa (0x01c4ebb3) or      s7, s1, t3
core   0: 3 0x800033fa (0x01c4ebb3) x23 0x424e7e1f
core   0: 0x800033fe (0x498bb297) auipc   t0, 0x498bb
core   0: 3 0x800033fe (0x498bb297) x 5 0xc98be3fe
core   0: 0x80003402 (0x41b553b3) sra     t2, a0, s11
core   0: 3 0x80003402 (0x41b553b3) x 7 0x00000000
core   0: 0x80003406 (0x00d4aab3) slt     s5, s1, a3
core   0: 3 0x80003406 (0x00d4aab3) x21 0x00000000
core   0: 0x8000340a (0x00006111) c.addi16sp sp, 256
core   0: 3 0x8000340a (0x6111) x 2 0x000001a0
core   0: 0x8000340c (0x00fe5393) srli    t2, t3, 15
core   0: 3 0x8000340c (0x00fe5393) x 7 0x00008000
core   0: 0x80003410 (0x000066d9) c.lui   a3, 0x16
core   0: 3 0x80003410 (0x66d9) x13 0x00016000
core   0: 0x80003412 (0xd90eeb13) ori     s6, t4, -624
core   0: 3 0x80003412 (0xd90eeb13) x22 0xfffffd90
core   0: 0x80003416 (0x00000946) c.slli  s2, 17
core   0: 3 0x80003416 (0x0946) x18 0x00000000
core   0: 0x80003418 (0x093ce693) ori     a3, s9, 147
core   0: 3 0x80003418 (0x093ce693) x13 0xc04e73ff
core   0: 0x8000341c (0x846cb413) sltiu   s0, s9, -1978
core   0: 3 0x8000341c (0x846cb413) x 8 0x00000001
core   0: 0x80003420 (0x000082fd) c.srli  a3, 31
core   0: 3 0x80003420 (0x82fd) x13 0x00000001
core   0: 0x80003422 (0x01b1ebb3) or      s7, gp, s11
core   0: 3 0x80003422 (0x01b1ebb3) x23 0xffffffff
core   0: 0x80003426 (0x350b2597) auipc   a1, 0x350b2
core   0: 3 0x80003426 (0x350b2597) x11 0xb50b5426
core   0: 0x8000342a (0x3cfbe837) lui     a6, 0x3cfbe
core   0: 3 0x8000342a (0x3cfbe837) x16 0x3cfbe000
core   0: 0x8000342e (0x00006be5) c.lui   s7, 0x19
core   0: 3 0x8000342e (0x6be5) x23 0x00019000
core   0: 0x80003430 (0x00009a7d) c.andi  a2, -1
core   0: 3 0x80003430 (0x9a7d) x12 0x0001273f
core   0: 0x80003432 (0x000092aa) c.add   t0, a0
core   0: 3 0x80003432 (0x92aa) x 5 0xc98be3fe
core   0: 0x80003434 (0x02ec1033) mulh    zero, s8, a4
core   0: 3 0x80003434 (0x02ec1033)
core   0: 0x80003438 (0x00f894b3) sll     s1, a7, a5
core   0: 3 0x80003438 (0x00f894b3) x 9 0x32000000
core   0: 0x8000343c (0x03e852b3) divu    t0, a6, t5
core   0: 3 0x8000343c (0x03e852b3) x 5 0x00000000
core   0: 0x80003440 (0xd808b193) sltiu   gp, a7, -640
core   0: 3 0x80003440 (0xd808b193) x 3 0x00000001
core   0: 0x80003444 (0x00008d3d) c.xor   a0, a5
core   0: 3 0x80003444 (0x8d3d) x10 0x00000001
core   0: 0x80003446 (0x01c60d93) addi    s11, a2, 28
core   0: 3 0x80003446 (0x01c60d93) x27 0x0001275b
core   0: 0x8000344a (0x03194433) div     s0, s2, a7
core   0: 3 0x8000344a (0x03194433) x 8 0x00000000
core   0: 0x8000344e (0x02314733) div     a4, sp, gp
core   0: 3 0x8000344e (0x02314733) x14 0x000001a0
core   0: 0x80003452 (0x00008c95) c.sub   s1, a3
core   0: 3 0x80003452 (0x8c95) x 9 0x31ffffff
core   0: 0x80003454 (0x00004b05) c.li    s6, 1
core   0: 3 0x80003454 (0x4b05) x22 0x00000001
core   0: 0x80003456 (0x03253433) mulhu   s0, a0, s2
core   0: 3 0x80003456 (0x03253433) x 8 0x00000000
core   0: 0x8000345a (0x014346b3) xor     a3, t1, s4
core   0: 3 0x8000345a (0x014346b3) x13 0x0000fe64
core   0: 0x8000345e (0x00000001) c.nop
core   0: 3 0x8000345e (0x0001)
core   0: 0x80003460 (0x33a52c93) slti    s9, a0, 826
core   0: 3 0x80003460 (0x33a52c93) x25 0x00000001
core   0: 0x80003464 (0x03a024b3) mulhsu  s1, zero, s10
core   0: 3 0x80003464 (0x03a024b3) x 9 0x00000000
core   0: 0x80003468 (0xa518c293) xori    t0, a7, -1455
core   0: 3 0x80003468 (0xa518c293) x 5 0x66fffa51
core   0: 0x8000346c (0x000040c5) c.li    ra, 17
core   0: 3 0x8000346c (0x40c5) x 1 0x00000011
core   0: 0x8000346e (0x00008c79) c.and   s0, a4
core   0: 3 0x8000346e (0x8c79) x 8 0x00000000
core   0: 0x80003470 (0xcf6cc193) xori    gp, s9, -778
core   0: 3 0x80003470 (0xcf6cc193) x 3 0xfffffcf7
core   0: 0x80003474 (0x0000885a) c.mv    a6, s6
core   0: 3 0x80003474 (0x885a) x16 0x00000001
core   0: 0x80003476 (0x018488b3) add     a7, s1, s8
core   0: 3 0x80003476 (0x018488b3) x17 0x00000000
core   0: 0x8000347a (0x41f45d93) srai    s11, s0, 31
core   0: 3 0x8000347a (0x41f45d93) x27 0x00000000
core   0: 0x8000347e (0x00401533) sll     a0, zero, tp
core   0: 3 0x8000347e (0x00401533) x10 0x00000000
core   0: 0x80003482 (0x00000001) c.nop
core   0: 3 0x80003482 (0x0001)
core   0: 0x80003484 (0x00008941) c.andi  a0, 16
core   0: 3 0x80003484 (0x8941) x10 0x00000000
core   0: 0x80003486 (0x0000717d) c.addi16sp sp, -16
core   0: 3 0x80003486 (0x717d) x 2 0x00000190
core   0: 0x80003488 (0x40590533) sub     a0, s2, t0
core   0: 3 0x80003488 (0x40590533) x10 0x990005af
core   0: 0x8000348c (0x034d27b3) mulhsu  a5, s10, s4
core   0: 3 0x8000348c (0x034d27b3) x15 0xffffffff
core   0: 0x80003490 (0x400d8133) sub     sp, s11, zero
core   0: 3 0x80003490 (0x400d8133) x 2 0x00000000
core   0: 0x80003494 (0x03899d33) mulh    s10, s3, s8
core   0: 3 0x80003494 (0x03899d33) x26 0x00000000
core   0: 0x80003498 (0x00000fc2) c.slli  t6, 16
core   0: 3 0x80003498 (0x0fc2) x31 0xffff0000
core   0: 0x8000349a (0x0000076e) c.slli  a4, 27
core   0: 3 0x8000349a (0x076e) x14 0x00000000
core   0: 0x8000349c (0x01a0c2b3) xor     t0, ra, s10
core   0: 3 0x8000349c (0x01a0c2b3) x 5 0x00000011
core   0: 0x800034a0 (0x01fb5813) srli    a6, s6, 31
core   0: 3 0x800034a0 (0x01fb5813) x16 0x00000000
core   0: 0x800034a4 (0x034501b3) mul     gp, a0, s4
core   0: 3 0x800034a4 (0x034501b3) x 3 0x49a5da5c
core   0: 0x800034a8 (0x00008fe1) c.and   a5, s0
core   0: 3 0x800034a8 (0x8fe1) x15 0x00000000
core   0: 0x800034aa (0x01621133) sll     sp, tp, s6
core   0: 3 0x800034aa (0x01621133) x 2 0x000279c8
core   0: 0x800034ae (0xeab58993) addi    s3, a1, -341
core   0: 3 0x800034ae (0xeab58993) x19 0xb50b52d1
core   0: 0x800034b2 (0x009483b3) add     t2, s1, s1
core   0: 3 0x800034b2 (0x009483b3) x 7 0x00000000
core   0: 0x800034b6 (0x00f9f2b3) and     t0, s3, a5
core   0: 3 0x800034b6 (0x00f9f2b3) x 5 0x00000000
core   0: 0x800034ba (0x00008cc5) c.or    s1, s1
core   0: 3 0x800034ba (0x8cc5) x 9 0x00000000
core   0: 0x800034bc (0x000000ea) c.slli  ra, 26
core   0: 3 0x800034bc (0x00ea) x 1 0x44000000
core   0: 0x800034be (0x10ff6637) lui     a2, 0x10ff6
core   0: 3 0x800034be (0x10ff6637) x12 0x10ff6000
core   0: 0x800034c2 (0x011c61b3) or      gp, s8, a7
core   0: 3 0x800034c2 (0x011c61b3) x 3 0x00000000
core   0: 0x800034c6 (0x00006911) c.lui   s2, 0x4
core   0: 3 0x800034c6 (0x6911) x18 0x00004000
core   0: 0x800034c8 (0x48164d93) xori    s11, a2, 1153
core   0: 3 0x800034c8 (0x48164d93) x27 0x10ff6481
core   0: 0x800034cc (0x00008035) c.srli  s0, 13
core   0: 3 0x800034cc (0x8035) x 8 0x00000000
core   0: 0x800034ce (0x00008cfd) c.and   s1, a5
core   0: 3 0x800034ce (0x8cfd) x 9 0x00000000
core   0: 0x800034d0 (0x000082e9) c.srli  a3, 26
core   0: 3 0x800034d0 (0x82e9) x13 0x00000000
core   0: 0x800034d2 (0xc5cf9b37) lui     s6, 0xc5cf9
core   0: 3 0x800034d2 (0xc5cf9b37) x22 0xc5cf9000
core   0: 0x800034d6 (0x00000001) c.nop
core   0: 3 0x800034d6 (0x0001)
core   0: 0x800034d8 (0x039799b3) mulh    s3, a5, s9
core   0: 3 0x800034d8 (0x039799b3) x19 0x00000000
core   0: 0x800034dc (0x00000d1c) c.addi4spn a5, sp, 656
core   0: 3 0x800034dc (0x0d1c) x15 0x00027c58
core   0: 0x800034de (0x000016fd) c.addi  a3, -1
core   0: 3 0x800034de (0x16fd) x13 0xffffffff
core   0: 0x800034e0 (0x01d63133) sltu    sp, a2, t4
core   0: 3 0x800034e0 (0x01d63133) x 2 0x00000001
core   0: 0x800034e4 (0x00008d81) c.sub   a1, s0
core   0: 3 0x800034e4 (0x8d81) x11 0xb50b5426
core   0: 0x800034e6 (0x00008c45) c.or    s0, s1
core   0: 3 0x800034e6 (0x8c45) x 8 0x00000000
core   0: 0x800034e8 (0x00008d2d) c.xor   a0, a1
core   0: 3 0x800034e8 (0x8d2d) x10 0x2c0b5189
core   0: 0x800034ea (0x026500b3) mul     ra, a0, t1
core   0: 3 0x800034ea (0x026500b3) x 1 0x80000000
core   0: 0x800034ee (0x00008ec1) c.or    a3, s0
core   0: 3 0x800034ee (0x8ec1) x13 0xffffffff
core   0: 0x800034f0 (0x02e6f4b3) remu    s1, a3, a4
core   0: 3 0x800034f0 (0x02e6f4b3) x 9 0xffffffff
core   0: 0x800034f4 (0x00000392) c.slli  t2, 4
core   0: 3 0x800034f4 (0x0392) x 7 0x00000000
core   0: 0x800034f6 (0x000081dd) c.srli  a1, 23
core   0: 3 0x800034f6 (0x81dd) x11 0x0000016a
core   0: 0x800034f8 (0x0116f2b3) and     t0, a3, a7
core   0: 3 0x800034f8 (0x0116f2b3) x 5 0x00000000
core   0: 0x800034fc (0x020c4d33) div     s10, s8, zero
core   0: 3 0x800034fc (0x020c4d33) x26 0xffffffff
core   0: 0x80003500 (0x00008209) c.srli  a2, 2
core   0: 3 0x80003500 (0x8209) x12 0x043fd800
core   0: 0x80003502 (0x000066fd) c.lui   a3, 0x1f
core   0: 3 0x80003502 (0x66fd) x13 0x0001f000
core   0: 0x80003504 (0x006b7d33) and     s10, s6, t1
core   0: 3 0x80003504 (0x006b7d33) x26 0x80000000
core   0: 0x80003508 (0x00001c18) c.addi4spn a4, sp, 560
core   0: 3 0x80003508 (0x1c18) x14 0x00000231
core   0: 0x8000350a (0x00008c5d) c.or    s0, a5
core   0: 3 0x8000350a (0x8c5d) x 8 0x00027c58
core   0: 0x8000350c (0x00000c5a) c.slli  s8, 22
core   0: 3 0x8000350c (0x0c5a) x24 0x00000000
core   0: 0x8000350e (0x00008ecd) c.or    a3, a1
core   0: 3 0x8000350e (0x8ecd) x13 0x0001f16a
core   0: 0x80003510 (0x03e4af33) mulhsu  t5, s1, t5
core   0: 3 0x80003510 (0x03e4af33) x30 0xffffffff
core   0: 0x80003514 (0x03c3f3b3) remu    t2, t2, t3
core   0: 3 0x80003514 (0x03c3f3b3) x 7 0x00000000
core   0: 0x80003518 (0x0000117d) c.addi  sp, -1
core   0: 3 0x80003518 (0x117d) x 2 0x00000000
core   0: 0x8000351a (0x01eb6533) or      a0, s6, t5
core   0: 3 0x8000351a (0x01eb6533) x10 0xffffffff
core   0: 0x8000351e (0x010744b3) xor     s1, a4, a6
core   0: 3 0x8000351e (0x010744b3) x 9 0x00000231
core   0: 0x80003522 (0x004601b3) add     gp, a2, tp
core   0: 3 0x80003522 (0x004601b3) x 3 0x844114e4
core   0: 0x80003526 (0x00938033) add     zero, t2, s1
core   0: 3 0x80003526 (0x00938033)
core   0: 0x8000352a (0x00000c08) c.addi4spn a0, sp, 528
core   0: 3 0x8000352a (0x0c08) x10 0x00000210
core   0: 0x8000352c (0x00006629) c.lui   a2, 0xa
core   0: 3 0x8000352c (0x6629) x12 0x0000a000
core   0: 0x8000352e (0x02d8af33) mulhsu  t5, a7, a3
core   0: 3 0x8000352e (0x02d8af33) x30 0x00000000
core   0: 0x80003532 (0x029d9e33) mulh    t3, s11, s1
core   0: 3 0x80003532 (0x029d9e33) x28 0x00000025
core   0: 0x80003536 (0x0000867a) c.mv    a2, t5
core   0: 3 0x80003536 (0x867a) x12 0x00000000
core   0: 0x80003538 (0x7a2538b7) lui     a7, 0x7a253
core   0: 3 0x80003538 (0x7a2538b7) x17 0x7a253000
core   0: 0x8000353c (0x02e04f33) div     t5, zero, a4
core   0: 3 0x8000353c (0x02e04f33) x30 0x00000000
core   0: 0x80003540 (0x00cf4433) xor     s0, t5, a2
core   0: 3 0x80003540 (0x00cf4433) x 8 0x00000000
core   0: 0x80003544 (0x00000d04) c.addi4spn s1, sp, 656
core   0: 3 0x80003544 (0x0d04) x 9 0x00000290
core   0: 0x80003546 (0x00008ef1) c.and   a3, a2
core   0: 3 0x80003546 (0x8ef1) x13 0x00000000
core   0: 0x80003548 (0x00bb8b33) add     s6, s7, a1
core   0: 3 0x80003548 (0x00bb8b33) x22 0x0001916a
core   0: 0x8000354c (0x0000870d) c.srai  a4, 3
core   0: 3 0x8000354c (0x870d) x14 0x00000046
core   0: 0x8000354e (0x030d1433) mulh    s0, s10, a6
core   0: 3 0x8000354e (0x030d1433) x 8 0x00000000
core   0: 0x80003552 (0x0082ccb3) xor     s9, t0, s0
core   0: 3 0x80003552 (0x0082ccb3) x25 0x00000000
core   0: 0x80003556 (0x02425e33) divu    t3, tp, tp
core   0: 3 0x80003556 (0x02425e33) x28 0x00000001
core   0: 0x8000355a (0x00008e5d) c.or    a2, a5
core   0: 3 0x8000355a (0x8e5d) x12 0x00027c58
core   0: 0x8000355c (0x02082eb3) mulhsu  t4, a6, zero
core   0: 3 0x8000355c (0x02082eb3) x29 0x00000000
core   0: 0x80003560 (0x026aa433) mulhsu  s0, s5, t1
core   0: 3 0x80003560 (0x026aa433) x 8 0x00000000
core   0: 0x80003564 (0x407dd8b3) sra     a7, s11, t2
core   0: 3 0x80003564 (0x407dd8b3) x17 0x10ff6481
core   0: 0x80003568 (0x0000987d) c.andi  s0, -1
core   0: 3 0x80003568 (0x987d) x 8 0x00000000
core   0: 0x8000356a (0x0172a2b3) slt     t0, t0, s7
core   0: 3 0x8000356a (0x0172a2b3) x 5 0x00000001
core   0: 0x8000356e (0x03786e33) rem     t3, a6, s7
core   0: 3 0x8000356e (0x03786e33) x28 0x00000000
core   0: 0x80003572 (0x2e3d0693) addi    a3, s10, 739
core   0: 3 0x80003572 (0x2e3d0693) x13 0x800002e3
core   0: 0x80003576 (0xb6a0e113) ori     sp, ra, -1174
core   0: 3 0x80003576 (0xb6a0e113) x 2 0xfffffb6a
core   0: 0x8000357a (0x01c2bab3) sltu    s5, t0, t3
core   0: 3 0x8000357a (0x01c2bab3) x21 0x00000000
core   0: 0x8000357e (0x024b62b3) rem     t0, s6, tp
core   0: 3 0x8000357e (0x024b62b3) x 5 0x0001916a
core   0: 0x80003582 (0x03908b33) mul     s6, ra, s9
core   0: 3 0x80003582 (0x03908b33) x22 0x00000000
core   0: 0x80003586 (0x0359c5b3) div     a1, s3, s5
core   0: 3 0x80003586 (0x0359c5b3) x11 0xffffffff
core   0: 0x8000358a (0x02d72533) mulhsu  a0, a4, a3
core   0: 3 0x8000358a (0x02d72533) x10 0x00000023
core   0: 0x8000358e (0x00008f2d) c.xor   a4, a1
core   0: 3 0x8000358e (0x8f2d) x14 0xffffffb9
core   0: 0x80003590 (0x017290b3) sll     ra, t0, s7
core   0: 3 0x80003590 (0x017290b3) x 1 0x0001916a
core   0: 0x80003594 (0x026eae33) mulhsu  t3, t4, t1
core   0: 3 0x80003594 (0x026eae33) x28 0x00000000
core   0: 0x80003598 (0x41f1dc13) srai    s8, gp, 31
core   0: 3 0x80003598 (0x41f1dc13) x24 0xffffffff
core   0: 0x8000359c (0x777bff93) andi    t6, s7, 1911
core   0: 3 0x8000359c (0x777bff93) x31 0x00000000
core   0: 0x800035a0 (0x0083a9b3) slt     s3, t2, s0
core   0: 3 0x800035a0 (0x0083a9b3) x19 0x00000000
core   0: 0x800035a4 (0x000053fd) c.li    t2, -1
core   0: 3 0x800035a4 (0x53fd) x 7 0xffffffff
core   0: 0x800035a6 (0x01185ab3) srl     s5, a6, a7
core   0: 3 0x800035a6 (0x01185ab3) x21 0x00000000
core   0: 0x800035aa (0x000004c5) c.addi  s1, 17
core   0: 3 0x800035aa (0x04c5) x 9 0x000002a1
core   0: 0x800035ac (0x3ed17737) lui     a4, 0x3ed17
core   0: 3 0x800035ac (0x3ed17737) x14 0x3ed17000
core   0: 0x800035b0 (0x00000456) c.slli  s0, 21
core   0: 3 0x800035b0 (0x0456) x 8 0x00000000
core   0: 0x800035b2 (0x00009e32) c.add   t3, a2
core   0: 3 0x800035b2 (0x9e32) x28 0x00027c58
core   0: 0x800035b4 (0x7bd10e13) addi    t3, sp, 1981
core   0: 3 0x800035b4 (0x7bd10e13) x28 0x00000327
core   0: 0x800035b8 (0x00000001) c.nop
core   0: 3 0x800035b8 (0x0001)
core   0: 0x800035ba (0x000008be) c.slli  a7, 15
core   0: 3 0x800035ba (0x08be) x17 0xb2408000
core   0: 0x800035bc (0x01e023b3) slt     t2, zero, t5
core   0: 3 0x800035bc (0x01e023b3) x 7 0x00000000
core   0: 0x800035c0 (0x00f19293) slli    t0, gp, 15
core   0: 3 0x800035c0 (0x00f19293) x 5 0x8a720000
core   0: 0x800035c4 (0xd97ebc17) auipc   s8, 0xd97eb
core   0: 3 0x800035c4 (0xd97ebc17) x24 0x597ee5c4
core   0: 0x800035c8 (0x40800633) sub     a2, zero, s0
core   0: 3 0x800035c8 (0x40800633) x12 0x00000000
core   0: 0x800035cc (0x00008d09) c.sub   a0, a0
core   0: 3 0x800035cc (0x8d09) x10 0x00000000
core   0: 0x800035ce (0x000092d6) c.add   t0, s5
core   0: 3 0x800035ce (0x92d6) x 5 0x8a720000
core   0: 0x800035d0 (0x01946b33) or      s6, s0, s9
core   0: 3 0x800035d0 (0x01946b33) x22 0x00000000
core   0: 0x800035d4 (0x00000001) c.nop
core   0: 3 0x800035d4 (0x0001)
core   0: 0x800035d6 (0x79d1f993) andi    s3, gp, 1949
core   0: 3 0x800035d6 (0x79d1f993) x19 0x00000484
core   0: 0x800035da (0x000013fd) c.addi  t2, -1
core   0: 3 0x800035da (0x13fd) x 7 0xffffffff
core   0: 0x800035dc (0xa6e74493) xori    s1, a4, -1426
core   0: 3 0x800035dc (0xa6e74493) x 9 0xc12e8a6e
core   0: 0x800035e0 (0x02b1b733) mulhu   a4, gp, a1
core   0: 3 0x800035e0 (0x02b1b733) x14 0x844114e3
core   0: 0x800035e4 (0xc3b6ae93) slti    t4, a3, -965
core   0: 3 0x800035e4 (0xc3b6ae93) x29 0x00000001
core   0: 0x800035e8 (0x4059d713) srai    a4, s3, 5
core   0: 3 0x800035e8 (0x4059d713) x14 0x00000024
core   0: 0x800035ec (0x019f9013) slli    zero, t6, 25
core   0: 3 0x800035ec (0x019f9013)
core   0: 0x800035f0 (0x000085ad) c.srai  a1, 11
core   0: 3 0x800035f0 (0x85ad) x11 0xffffffff
core   0: 0x800035f2 (0x001de033) or      zero, s11, ra
core   0: 3 0x800035f2 (0x001de033)
core   0: 0x800035f6 (0x0285ae33) mulhsu  t3, a1, s0
core   0: 3 0x800035f6 (0x0285ae33) x28 0x00000000
core   0: 0x800035fa (0x031a90b3) mulh    ra, s5, a7
core   0: 3 0x800035fa (0x031a90b3) x 1 0x00000000
core   0: 0x800035fe (0x024fee33) rem     t3, t6, tp
core   0: 3 0x800035fe (0x024fee33) x28 0x00000000
core   0: 0x80003602 (0x01842d33) slt     s10, s0, s8
core   0: 3 0x80003602 (0x01842d33) x26 0x00000001
core   0: 0x80003606 (0x034245b3) div     a1, tp, s4
core   0: 3 0x80003606 (0x034245b3) x11 0x00000000
core   0: 0x8000360a (0x03227633) remu    a2, tp, s2
core   0: 3 0x8000360a (0x03227633) x12 0x00003ce4
core   0: 0x8000360e (0x21040993) addi    s3, s0, 528
core   0: 3 0x8000360e (0x21040993) x19 0x00000210
core   0: 0x80003612 (0x0205d033) divu    zero, a1, zero
core   0: 3 0x80003612 (0x0205d033)
core   0: 0x80003616 (0x003b9093) slli    ra, s7, 3
core   0: 3 0x80003616 (0x003b9093) x 1 0x000c8000
core   0: 0x8000361a (0x0000614d) c.addi16sp sp, 176
core   0: 3 0x8000361a (0x614d) x 2 0xfffffc1a
core   0: 0x8000361c (0x872f2393) slti    t2, t5, -1934
core   0: 3 0x8000361c (0x872f2393) x 7 0x00000000
core   0: 0x80003620 (0x63f97913) andi    s2, s2, 1599
core   0: 3 0x80003620 (0x63f97913) x18 0x00000000
core   0: 0x80003624 (0x00008c3d) c.xor   s0, a5
core   0: 3 0x80003624 (0x8c3d) x 8 0x00027c58
core   0: 0x80003626 (0x0341beb3) mulhu   t4, gp, s4
core   0: 3 0x80003626 (0x0341beb3) x29 0x42210dde
core   0: 0x8000362a (0xb158b893) sltiu   a7, a7, -1259
core   0: 3 0x8000362a (0xb158b893) x17 0x00000001
core   0: 0x8000362e (0x00000508) c.addi4spn a0, sp, 640
core   0: 3 0x8000362e (0x0508) x10 0xfffffe9a
core   0: 0x80003630 (0x0185f0b3) and     ra, a1, s8
core   0: 3 0x80003630 (0x0185f0b3) x 1 0x00000000
core   0: 0x80003634 (0x02fa0533) mul     a0, s4, a5
core   0: 3 0x80003634 (0x02fa0533) x10 0x7857e260
core   0: 0x80003638 (0x00008ee9) c.and   a3, a0
core   0: 3 0x80003638 (0x8ee9) x13 0x00000260
core   0: 0x8000363a (0x40ed57b3) sra     a5, s10, a4
core   0: 3 0x8000363a (0x40ed57b3) x15 0x00000000
core   0: 0x8000363e (0x0304bd33) mulhu   s10, s1, a6
core   0: 3 0x8000363e (0x0304bd33) x26 0x00000000
core   0: 0x80003642 (0x00008fa9) c.xor   a5, a0
core   0: 3 0x80003642 (0x8fa9) x15 0x7857e260
core   0: 0x80003644 (0xc4293f13) sltiu   t5, s2, -958
core   0: 3 0x80003644 (0xc4293f13) x30 0x00000001
core   0: 0x80003648 (0xb1bd4713) xori    a4, s10, -1253
core   0: 3 0x80003648 (0xb1bd4713) x14 0xfffffb1b
core   0: 0x8000364c (0x0000717d) c.addi16sp sp, -16
core   0: 3 0x8000364c (0x717d) x 2 0xfffffc0a
core   0: 0x8000364e (0x01b173b3) and     t2, sp, s11
core   0: 3 0x8000364e (0x01b173b3) x 7 0x10ff6400
core   0: 0x80003652 (0x00006419) c.lui   s0, 0x6
core   0: 3 0x80003652 (0x6419) x 8 0x00006000
core   0: 0x80003654 (0x0069eeb3) or      t4, s3, t1
core   0: 3 0x80003654 (0x0069eeb3) x29 0x80000210
core   0: 0x80003658 (0x0000177d) c.addi  a4, -1
core   0: 3 0x80003658 (0x177d) x14 0xfffffb1a
core   0: 0x8000365a (0x00000001) c.nop
core   0: 3 0x8000365a (0x0001)
core   0: 0x8000365c (0x80000737) lui     a4, 0x80000
core   0: 3 0x8000365c (0x80000737) x14 0x80000000
core   0: 0x80003660 (0xfff00693) li      a3, -1
core   0: 3 0x80003660 (0xfff00693) x13 0xffffffff
core   0: 0x80003664 (0x00004181) c.li    gp, 0
core   0: 3 0x80003664 (0x4181) x 3 0x00000000
core   0: 0x80003666 (0x03932e37) lui     t3, 0x3932
core   0: 3 0x80003666 (0x03932e37) x28 0x03932000
core   0: 0x8000366a (0x2aae0e13) addi    t3, t3, 682
core   0: 3 0x8000366a (0x2aae0e13) x28 0x039322aa
core   0: 0x8000366e (0x0c412ab7) lui     s5, 0xc412
core   0: 3 0x8000366e (0x0c412ab7) x21 0x0c412000
core   0: 0x80003672 (0xd43a8a93) addi    s5, s5, -701
core   0: 3 0x80003672 (0xd43a8a93) x21 0x0c411d43
core   0: 0x80003676 (0x80000cb7) lui     s9, 0x80000
core   0: 3 0x80003676 (0x80000cb7) x25 0x80000000
core   0: 0x8000367a (0xe52f8db7) lui     s11, 0xe52f8
core   0: 3 0x8000367a (0xe52f8db7) x27 0xe52f8000
core   0: 0x8000367e (0x24fd8d93) addi    s11, s11, 591
core   0: 3 0x8000367e (0x24fd8d93) x27 0xe52f824f
core   0: 0x80003682 (0x800000b7) lui     ra, 0x80000
core   0: 3 0x80003682 (0x800000b7) x 1 0x80000000
core   0: 0x80003686 (0xaccea7b7) lui     a5, 0xaccea
core   0: 3 0x80003686 (0xaccea7b7) x15 0xaccea000
core   0: 0x8000368a (0x49978793) addi    a5, a5, 1177
core   0: 3 0x8000368a (0x49978793) x15 0xaccea499
core   0: 0x8000368e (0x221ec637) lui     a2, 0x221ec
core   0: 3 0x8000368e (0x221ec637) x12 0x221ec000
core   0: 0x80003692 (0x81c60613) addi    a2, a2, -2020
core   0: 3 0x80003692 (0x81c60613) x12 0x221eb81c
core   0: 0x80003696 (0x40fd8633) sub     a2, s11, a5
core   0: 3 0x80003696 (0x40fd8633) x12 0x3860ddb6
core   0: 0x8000369a (0x02d0dab3) divu    s5, ra, a3
core   0: 3 0x8000369a (0x02d0dab3) x21 0x00000000
core   0: 0x8000369e (0x03cccdb3) div     s11, s9, t3
core   0: 3 0x8000369e (0x03cccdb3) x27 0xffffffdd
core   0: 0x800036a2 (0x41aa8613) addi    a2, s5, 1050
core   0: 3 0x800036a2 (0x41aa8613) x12 0x0000041a
core   0: 0x800036a6 (0x02ee6e33) rem     t3, t3, a4
core   0: 3 0x800036a6 (0x02ee6e33) x28 0x039322aa
core   0: 0x800036aa (0x02d75ab3) divu    s5, a4, a3
core   0: 3 0x800036aa (0x02d75ab3) x21 0x00000000
core   0: 0x800036ae (0x0236a633) mulhsu  a2, a3, gp
core   0: 3 0x800036ae (0x0236a633) x12 0x00000000
core   0: 0x800036b2 (0x02edb7b3) mulhu   a5, s11, a4
core   0: 3 0x800036b2 (0x02edb7b3) x15 0x7fffffee
core   0: 0x800036b6 (0x021af0b3) remu    ra, s5, ra
core   0: 3 0x800036b6 (0x021af0b3) x 1 0x00000000
core   0: 0x800036ba (0x02369733) mulh    a4, a3, gp
core   0: 3 0x800036ba (0x02369733) x14 0x00000000
core   0: 0x800036be (0x19ea20b7) lui     ra, 0x19ea2
core   0: 3 0x800036be (0x19ea20b7) x 1 0x19ea2000
core   0: 0x800036c2 (0x035e57b3) divu    a5, t3, s5
core   0: 3 0x800036c2 (0x035e57b3) x15 0xffffffff
core   0: 0x800036c6 (0x039707b3) mul     a5, a4, s9
core   0: 3 0x800036c6 (0x039707b3) x15 0x00000000
core   0: 0x800036ca (0x02dcbcb3) mulhu   s9, s9, a3
core   0: 3 0x800036ca (0x02dcbcb3) x25 0x7fffffff
core   0: 0x800036ce (0x03918ab3) mul     s5, gp, s9
core   0: 3 0x800036ce (0x03918ab3) x21 0x00000000
core   0: 0x800036d2 (0x02e1fcb3) remu    s9, gp, a4
core   0: 3 0x800036d2 (0x02e1fcb3) x25 0x00000000
core   0: 0x800036d6 (0x039747b3) div     a5, a4, s9
core   0: 3 0x800036d6 (0x039747b3) x15 0xffffffff
core   0: 0x800036da (0x0350edb3) rem     s11, ra, s5
core   0: 3 0x800036da (0x0350edb3) x27 0x19ea2000
core   0: 0x800036de (0x00000001) c.nop
core   0: 3 0x800036de (0x0001)
core   0: 0x800036e0 (0x63e08093) addi    ra, ra, 1598
core   0: 3 0x800036e0 (0x63e08093) x 1 0x19ea263e
core   0: 0x800036e4 (0x02f1c7b3) div     a5, gp, a5
core   0: 3 0x800036e4 (0x02f1c7b3) x15 0x00000000
core   0: 0x800036e8 (0x407fd2b3) sra     t0, t6, t2
core   0: 3 0x800036e8 (0x407fd2b3) x 5 0x00000000
core   0: 0x800036ec (0x44c4a093) slti    ra, s1, 1100
core   0: 3 0x800036ec (0x44c4a093) x 1 0x00000001
core   0: 0x800036f0 (0x000048f5) c.li    a7, 29
core   0: 3 0x800036f0 (0x48f5) x17 0x0000001d
core   0: 0x800036f2 (0x40e45d93) srai    s11, s0, 14
core   0: 3 0x800036f2 (0x40e45d93) x27 0x00000001
core   0: 0x800036f6 (0x00d1b2b3) sltu    t0, gp, a3
core   0: 3 0x800036f6 (0x00d1b2b3) x 5 0x00000001
core   0: 0x800036fa (0x03ebf633) remu    a2, s7, t5
core   0: 3 0x800036fa (0x03ebf633) x12 0x00000000
core   0: 0x800036fe (0x00001400) c.addi4spn s0, sp, 544
core   0: 3 0x800036fe (0x1400) x 8 0xfffffe2a
core   0: 0x80003700 (0x02853cb3) mulhu   s9, a0, s0
core   0: 3 0x80003700 (0x02853cb3) x25 0x7857e183
core   0: 0x80003704 (0x02dad6b3) divu    a3, s5, a3
core   0: 3 0x80003704 (0x02dad6b3) x13 0x00000000
core   0: 0x80003708 (0x00001214) c.addi4spn a3, sp, 288
core   0: 3 0x80003708 (0x1214) x13 0xfffffd2a
core   0: 0x8000370a (0x039733b3) mulhu   t2, a4, s9
core   0: 3 0x8000370a (0x039733b3) x 7 0x00000000
core   0: 0x8000370e (0x0265ddb3) divu    s11, a1, t1
core   0: 3 0x8000370e (0x0265ddb3) x27 0x00000000
core   0: 0x80003712 (0x00008d09) c.sub   a0, a0
core   0: 3 0x80003712 (0x8d09) x10 0x00000000
core   0: 0x80003714 (0x00008a69) c.andi  a2, 26
core   0: 3 0x80003714 (0x8a69) x12 0x00000000
core   0: 0x80003716 (0x00000bea) c.slli  s7, 26
core   0: 3 0x80003716 (0x0bea) x23 0x00000000
core   0: 0x80003718 (0xdbc38c97) auipc   s9, 0xdbc38
core   0: 3 0x80003718 (0xdbc38c97) x25 0x5bc3b718
core   0: 0x8000371c (0xb43cc017) auipc   zero, 0xb43cc
core   0: 3 0x8000371c (0xb43cc017)
core   0: 0x80003720 (0x039744b3) div     s1, a4, s9
core   0: 3 0x80003720 (0x039744b3) x 9 0x00000000
core   0: 0x80003724 (0x00008c19) c.sub   s0, a4
core   0: 3 0x80003724 (0x8c19) x 8 0xfffffe2a
core   0: 0x80003726 (0x035290b3) mulh    ra, t0, s5
core   0: 3 0x80003726 (0x035290b3) x 1 0x00000000
core   0: 0x8000372a (0x00006161) c.addi16sp sp, 80
core   0: 3 0x8000372a (0x6161) x 2 0xfffffc5a
core   0: 0x8000372c (0x40008733) sub     a4, ra, zero
core   0: 3 0x8000372c (0x40008733) x14 0x00000000
core   0: 0x80003730 (0x008acb33) xor     s6, s5, s0
core   0: 3 0x80003730 (0x008acb33) x22 0xfffffe2a
core   0: 0x80003734 (0x01c15833) srl     a6, sp, t3
core   0: 3 0x80003734 (0x01c15833) x16 0x003fffff
core   0: 0x80003738 (0x02a481b3) mul     gp, s1, a0
core   0: 3 0x80003738 (0x02a481b3) x 3 0x00000000
core   0: 0x8000373c (0x022a55b3) divu    a1, s4, sp
core   0: 3 0x8000373c (0x022a55b3) x11 0x00000000
core   0: 0x80003740 (0x00b1eeb3) or      t4, gp, a1
core   0: 3 0x80003740 (0x00b1eeb3) x29 0x00000000
core   0: 0x80003744 (0x0212a1b3) mulhsu  gp, t0, ra
core   0: 3 0x80003744 (0x0212a1b3) x 3 0x00000000
core   0: 0x80003748 (0x00009b92) c.add   s7, tp
core   0: 3 0x80003748 (0x9b92) x23 0x80013ce4
core   0: 0x8000374a (0x014a5413) srli    s0, s4, 20
core   0: 3 0x8000374a (0x014a5413) x 8 0x00000800
core   0: 0x8000374e (0x3dcd2d93) slti    s11, s10, 988
core   0: 3 0x8000374e (0x3dcd2d93) x27 0x00000001
core   0: 0x80003752 (0x00006135) c.addi16sp sp, 352
core   0: 3 0x80003752 (0x6135) x 2 0xfffffdba
core   0: 0x80003754 (0x00008fe5) c.and   a5, s1
core   0: 3 0x80003754 (0x8fe5) x15 0x00000000
core   0: 0x80003756 (0xb82c3617) auipc   a2, 0xb82c3
core   0: 3 0x80003756 (0xb82c3617) x12 0x382c6756
core   0: 0x8000375a (0x03b47f33) remu    t5, s0, s11
core   0: 3 0x8000375a (0x03b47f33) x30 0x00000000
core   0: 0x8000375e (0x00008849) c.andi  s0, 18
core   0: 3 0x8000375e (0x8849) x 8 0x00000000
core   0: 0x80003760 (0x00008d3d) c.xor   a0, a5
core   0: 3 0x80003760 (0x8d3d) x10 0x00000000
core   0: 0x80003762 (0x0ad37013) andi    zero, t1, 173
core   0: 3 0x80003762 (0x0ad37013)
core   0: 0x80003766 (0x13e32893) slti    a7, t1, 318
core   0: 3 0x80003766 (0x13e32893) x17 0x00000001
core   0: 0x8000376a (0x6d2da737) lui     a4, 0x6d2da
core   0: 3 0x8000376a (0x6d2da737) x14 0x6d2da000
core   0: 0x8000376e (0x000099fd) c.andi  a1, -1
core   0: 3 0x8000376e (0x99fd) x11 0x00000000
core   0: 0x80003770 (0x75046737) lui     a4, 0x75046
core   0: 3 0x80003770 (0x75046737) x14 0x75046000
core   0: 0x80003774 (0x01d6e7b3) or      a5, a3, t4
core   0: 3 0x80003774 (0x01d6e7b3) x15 0xfffffd2a
core   0: 0x80003778 (0x4020df13) srai    t5, ra, 2
core   0: 3 0x80003778 (0x4020df13) x30 0x00000000
core   0: 0x8000377c (0x00b6f133) and     sp, a3, a1
core   0: 3 0x8000377c (0x00b6f133) x 2 0x00000000
core   0: 0x80003780 (0x41568ab3) sub     s5, a3, s5
core   0: 3 0x80003780 (0x41568ab3) x21 0xfffffd2a
core   0: 0x80003784 (0x3a638c93) addi    s9, t2, 934
core   0: 3 0x80003784 (0x3a638c93) x25 0x000003a6
core   0: 0x80003788 (0x03be56b3) divu    a3, t3, s11
core   0: 3 0x80003788 (0x03be56b3) x13 0x039322aa
core   0: 0x8000378c (0x84b42693) slti    a3, s0, -1973
core   0: 3 0x8000378c (0x84b42693) x13 0x00000000
core   0: 0x80003790 (0xd6534693) xori    a3, t1, -667
core   0: 3 0x80003790 (0xd6534693) x13 0x7ffffd65
core   0: 0x80003794 (0x00008c19) c.sub   s0, a4
core   0: 3 0x80003794 (0x8c19) x 8 0x8afba000
core   0: 0x80003796 (0x0000697d) c.lui   s2, 0x1f
core   0: 3 0x80003796 (0x697d) x18 0x0001f000
core   0: 0x80003798 (0x00008806) c.mv    a6, ra
core   0: 3 0x80003798 (0x8806) x16 0x00000000
core   0: 0x8000379a (0x033ad4b3) divu    s1, s5, s3
core   0: 3 0x8000379a (0x033ad4b3) x 9 0x007c1f06
core   0: 0x8000379e (0x3ee73b13) sltiu   s6, a4, 1006
core   0: 3 0x8000379e (0x3ee73b13) x22 0x00000000
core   0: 0x800037a2 (0x00000ca6) c.slli  s9, 9
core   0: 3 0x800037a2 (0x0ca6) x25 0x00074c00
core   0: 0x800037a4 (0x00b468b3) or      a7, s0, a1
core   0: 3 0x800037a4 (0x00b468b3) x17 0x8afba000
core   0: 0x800037a8 (0xd9b5e913) ori     s2, a1, -613
core   0: 3 0x800037a8 (0xd9b5e913) x18 0xfffffd9b
core   0: 0x800037ac (0x00000001) c.nop
core   0: 3 0x800037ac (0x0001)
core   0: 0x800037ae (0x03795db3) divu    s11, s2, s7
core   0: 3 0x800037ae (0x03795db3) x27 0x00000001
core   0: 0x800037b2 (0x00bd7eb3) and     t4, s10, a1
core   0: 3 0x800037b2 (0x00bd7eb3) x29 0x00000000
core   0: 0x800037b6 (0x0309f1b3) remu    gp, s3, a6
core   0: 3 0x800037b6 (0x0309f1b3) x 3 0x00000210
core   0: 0x800037ba (0xb922e693) ori     a3, t0, -1134
core   0: 3 0x800037ba (0xb922e693) x13 0xfffffb93
core   0: 0x800037be (0x000001b1) c.addi  gp, 12
core   0: 3 0x800037be (0x01b1) x 3 0x0000021c
core   0: 0x800037c0 (0x002f0733) add     a4, t5, sp
core   0: 3 0x800037c0 (0x002f0733) x14 0x00000000
core   0: 0x800037c4 (0x3a78fc93) andi    s9, a7, 935
core   0: 3 0x800037c4 (0x3a78fc93) x25 0x00000000
core   0: 0x800037c8 (0x01d5dc93) srli    s9, a1, 29
core   0: 3 0x800037c8 (0x01d5dc93) x25 0x00000000
core   0: 0x800037cc (0x000081ad) c.srli  a1, 11
core   0: 3 0x800037cc (0x81ad) x11 0x00000000
core   0: 0x800037ce (0x00000001) c.nop
core   0: 3 0x800037ce (0x0001)
core   0: 0x800037d0 (0xfe464e13) xori    t3, a2, -28
core   0: 3 0x800037d0 (0xfe464e13) x28 0xc7d398b2
core   0: 0x800037d4 (0x00004981) c.li    s3, 0
core   0: 3 0x800037d4 (0x4981) x19 0x00000000
core   0: 0x800037d6 (0x80000737) lui     a4, 0x80000
core   0: 3 0x800037d6 (0x80000737) x14 0x80000000
core   0: 0x800037da (0x5796cc37) lui     s8, 0x5796c
core   0: 3 0x800037da (0x5796cc37) x24 0x5796c000
core   0: 0x800037de (0x966c0c13) addi    s8, s8, -1690
core   0: 3 0x800037de (0x966c0c13) x24 0x5796b966
core   0: 0x800037e2 (0x00004a81) c.li    s5, 0
core   0: 3 0x800037e2 (0x4a81) x21 0x00000000
core   0: 0x800037e4 (0xf46b65b7) lui     a1, 0xf46b6
core   0: 3 0x800037e4 (0xf46b65b7) x11 0xf46b6000
core   0: 0x800037e8 (0x9a058593) addi    a1, a1, -1632
core   0: 3 0x800037e8 (0x9a058593) x11 0xf46b59a0
core   0: 0x800037ec (0x800004b7) lui     s1, 0x80000
core   0: 3 0x800037ec (0x800004b7) x 9 0x80000000
core   0: 0x800037f0 (0x00004f81) c.li    t6, 0
core   0: 3 0x800037f0 (0x4f81) x31 0x00000000
core   0: 0x800037f2 (0x01e433b7) lui     t2, 0x1e43
core   0: 3 0x800037f2 (0x01e433b7) x 7 0x01e43000
core   0: 0x800037f6 (0x39838393) addi    t2, t2, 920
core   0: 3 0x800037f6 (0x39838393) x 7 0x01e43398
core   0: 0x800037fa (0x800008b7) lui     a7, 0x80000
core   0: 3 0x800037fa (0x800008b7) x17 0x80000000
core   0: 0x800037fe (0xfff00c93) li      s9, -1
core   0: 3 0x800037fe (0xfff00c93) x25 0xffffffff
core   0: 0x80003802 (0x035fd3b3) divu    t2, t6, s5
core   0: 3 0x80003802 (0x035fd3b3) x 7 0xffffffff
core   0: 0x80003806 (0xac3a39b7) lui     s3, 0xac3a3
core   0: 3 0x80003806 (0xac3a39b7) x19 0xac3a3000
core   0: 0x8000380a (0x0333c5b3) div     a1, t2, s3
core   0: 3 0x8000380a (0x0333c5b3) x11 0x00000000
core   0: 0x8000380e (0x59e74397) auipc   t2, 0x59e74
core   0: 3 0x8000380e (0x59e74397) x 7 0xd9e7780e
core   0: 0x80003812 (0x038f8c33) mul     s8, t6, s8
core   0: 3 0x80003812 (0x038f8c33) x24 0x00000000
core   0: 0x80003816 (0x00738733) add     a4, t2, t2
core   0: 3 0x80003816 (0x00738733) x14 0xb3cef01c
core   0: 0x8000381a (0x039c0733) mul     a4, s8, s9
core   0: 3 0x8000381a (0x039c0733) x14 0x00000000
core   0: 0x8000381e (0x02974c33) div     s8, a4, s1
core   0: 3 0x8000381e (0x02974c33) x24 0x00000000
core   0: 0x80003822 (0x00000001) c.nop
core   0: 3 0x80003822 (0x0001)
core   0: 0x80003824 (0x0398ec33) rem     s8, a7, s9
core   0: 3 0x80003824 (0x0398ec33) x24 0x00000000
core   0: 0x80003828 (0x039ca4b3) mulhsu  s1, s9, s9
core   0: 3 0x80003828 (0x039ca4b3) x 9 0xffffffff
core   0: 0x8000382c (0x0359c733) div     a4, s3, s5
core   0: 3 0x8000382c (0x0359c733) x14 0xffffffff
core   0: 0x80003830 (0x033ca8b3) mulhsu  a7, s9, s3
core   0: 3 0x80003830 (0x033ca8b3) x17 0xffffffff
core   0: 0x80003834 (0x0293d733) divu    a4, t2, s1
core   0: 3 0x80003834 (0x0293d733) x14 0x00000000
core   0: 0x80003838 (0x02e5f4b3) remu    s1, a1, a4
core   0: 3 0x80003838 (0x02e5f4b3) x 9 0x00000000
core   0: 0x8000383c (0x04ae55b7) lui     a1, 0x4ae5
core   0: 3 0x8000383c (0x04ae55b7) x11 0x04ae5000
core   0: 0x80003840 (0x03199ab3) mulh    s5, s3, a7
core   0: 3 0x80003840 (0x03199ab3) x21 0x00000000
core   0: 0x80003844 (0x027c63b3) rem     t2, s8, t2
core   0: 3 0x80003844 (0x027c63b3) x 7 0x00000000
core   0: 0x80003848 (0xd21d5a97) auipc   s5, 0xd21d5
core   0: 3 0x80003848 (0xd21d5a97) x21 0x521d8848
core   0: 0x8000384c (0x2a23ac97) auipc   s9, 0x2a23a
core   0: 3 0x8000384c (0x2a23ac97) x25 0xaa23d84c
core   0: 0x80003850 (0x73f70393) addi    t2, a4, 1855
core   0: 3 0x80003850 (0x73f70393) x 7 0x0000073f
core   0: 0x80003854 (0x0298afb3) mulhsu  t6, a7, s1
core   0: 3 0x80003854 (0x0298afb3) x31 0x00000000
core   0: 0x80003858 (0x0313f5b3) remu    a1, t2, a7
core   0: 3 0x80003858 (0x0313f5b3) x11 0x0000073f
core   0: 0x8000385c (0x02eac5b3) div     a1, s5, a4
core   0: 3 0x8000385c (0x02eac5b3) x11 0xffffffff
core   0: 0x80003860 (0x0000981e) c.add   a6, t2
core   0: 3 0x80003860 (0x981e) x16 0x0000073f
core   0: 0x80003862 (0x037d9ab3) mulh    s5, s11, s7
core   0: 3 0x80003862 (0x037d9ab3) x21 0xffffffff
core   0: 0x80003866 (0x00d9eab3) or      s5, s3, a3
core   0: 3 0x80003866 (0x00d9eab3) x21 0xfffffb93
core   0: 0x8000386a (0x00006b09) c.lui   s6, 0x2
core   0: 3 0x8000386a (0x6b09) x22 0x00002000
core   0: 0x8000386c (0x0000717d) c.addi16sp sp, -16
core   0: 3 0x8000386c (0x717d) x 2 0xfffffff0
core   0: 0x8000386e (0x4ba87a93) andi    s5, a6, 1210
core   0: 3 0x8000386e (0x4ba87a93) x21 0x0000043a
core   0: 0x80003872 (0x009fa033) slt     zero, t6, s1
core   0: 3 0x80003872 (0x009fa033)
core   0: 0x80003876 (0x00008d7d) c.and   a0, a5
core   0: 3 0x80003876 (0x8d7d) x10 0x00000000
core   0: 0x80003878 (0x0000717d) c.addi16sp sp, -16
core   0: 3 0x80003878 (0x717d) x 2 0xffffffe0
core   0: 0x8000387a (0x0000987d) c.andi  s0, -1
core   0: 3 0x8000387a (0x987d) x 8 0x8afba000
core   0: 0x8000387c (0x00008221) c.srli  a2, 8
core   0: 3 0x8000387c (0x8221) x12 0x00382c67
core   0: 0x8000387e (0x01bb1b93) slli    s7, s6, 27
core   0: 3 0x8000387e (0x01bb1b93) x23 0x00000000
core   0: 0x80003882 (0x00008f35) c.xor   a4, a3
core   0: 3 0x80003882 (0x8f35) x14 0xfffffb93
core   0: 0x80003884 (0x001a9433) sll     s0, s5, ra
core   0: 3 0x80003884 (0x001a9433) x 8 0x0000043a
core   0: 0x80003888 (0x00008fe9) c.and   a5, a0
core   0: 3 0x80003888 (0x8fe9) x15 0x00000000
core   0: 0x8000388a (0x00fe4b33) xor     s6, t3, a5
core   0: 3 0x8000388a (0x00fe4b33) x22 0xc7d398b2
core   0: 0x8000388e (0x08b61497) auipc   s1, 0x8b61
core   0: 3 0x8000388e (0x08b61497) x 9 0x88b6488e
core   0: 0x80003892 (0x00008be5) c.andi  a5, 25
core   0: 3 0x80003892 (0x8be5) x15 0x00000000
core   0: 0x80003894 (0xdb485197) auipc   gp, 0xdb485
core   0: 3 0x80003894 (0xdb485197) x 3 0x5b488894
core   0: 0x80003898 (0x03cf1433) mulh    s0, t5, t3
core   0: 3 0x80003898 (0x03cf1433) x 8 0x00000000
core   0: 0x8000389c (0x008132b3) sltu    t0, sp, s0
core   0: 3 0x8000389c (0x008132b3) x 5 0x00000000
core   0: 0x800038a0 (0x40418033) sub     zero, gp, tp
core   0: 3 0x800038a0 (0x40418033)
core   0: 0x800038a4 (0x01f986b3) add     a3, s3, t6
core   0: 3 0x800038a4 (0x01f986b3) x13 0xac3a3000
core   0: 0x800038a8 (0x02111533) mulh    a0, sp, ra
core   0: 3 0x800038a8 (0x02111533) x10 0x00000000
core   0: 0x800038ac (0x004a1db3) sll     s11, s4, tp
core   0: 3 0x800038ac (0x004a1db3) x27 0x000fe640
core   0: 0x800038b0 (0x032772b3) remu    t0, a4, s2
core   0: 3 0x800038b0 (0x032772b3) x 5 0xfffffb93
core   0: 0x800038b4 (0x00008179) c.srli  a0, 30
core   0: 3 0x800038b4 (0x8179) x10 0x00000000
core   0: 0x800038b6 (0x4a51ad37) lui     s10, 0x4a51a
core   0: 3 0x800038b6 (0x4a51ad37) x26 0x4a51a000
core   0: 0x800038ba (0x00008d3d) c.xor   a0, a5
core   0: 3 0x800038ba (0x8d3d) x10 0x00000000
core   0: 0x800038bc (0x015e1833) sll     a6, t3, s5
core   0: 3 0x800038bc (0x015e1833) x16 0xc8000000
core   0: 0x800038c0 (0x41aa5c33) sra     s8, s4, s10
core   0: 3 0x800038c0 (0x41aa5c33) x24 0x8000fe64
core   0: 0x800038c4 (0x01195097) auipc   ra, 0x1195
core   0: 3 0x800038c4 (0x01195097) x 1 0x811988c4
core   0: 0x800038c8 (0x90effe93) andi    t4, t6, -1778
core   0: 3 0x800038c8 (0x90effe93) x29 0x00000000
core   0: 0x800038cc (0x41ae0933) sub     s2, t3, s10
core   0: 3 0x800038cc (0x41ae0933) x18 0x7d81f8b2
core   0: 0x800038d0 (0x03d58133) mul     sp, a1, t4
core   0: 3 0x800038d0 (0x03d58133) x 2 0x00000000
core   0: 0x800038d4 (0x01aaf1b3) and     gp, s5, s10
core   0: 3 0x800038d4 (0x01aaf1b3) x 3 0x00000000
core   0: 0x800038d8 (0x039a2733) mulhsu  a4, s4, s9
core   0: 3 0x800038d8 (0x039a2733) x14 0xaaeebcec
core   0: 0x800038dc (0xebf23b97) auipc   s7, 0xebf23
core   0: 3 0x800038dc (0xebf23b97) x23 0x6bf268dc
core   0: 0x800038e0 (0x031aed33) rem     s10, s5, a7
core   0: 3 0x800038e0 (0x031aed33) x26 0x00000000
core   0: 0x800038e4 (0xfbd8f813) andi    a6, a7, -67
core   0: 3 0x800038e4 (0xfbd8f813) x16 0xffffffbd
core   0: 0x800038e8 (0x017c83b3) add     t2, s9, s7
core   0: 3 0x800038e8 (0x017c83b3) x 7 0x16164128
core   0: 0x800038ec (0x00008d11) c.sub   a0, a2
core   0: 3 0x800038ec (0x8d11) x10 0xffc7d399
core   0: 0x800038ee (0x000086b1) c.srai  a3, 12
core   0: 3 0x800038ee (0x86b1) x13 0xfffac3a3
core   0: 0x800038f0 (0x0000488d) c.li    a7, 3
core   0: 3 0x800038f0 (0x488d) x17 0x00000003
core   0: 0x800038f2 (0x41c8d7b3) sra     a5, a7, t3
core   0: 3 0x800038f2 (0x41c8d7b3) x15 0x00000000
core   0: 0x800038f6 (0x00006151) c.addi16sp sp, 272
core   0: 3 0x800038f6 (0x6151) x 2 0x00000110
core   0: 0x800038f8 (0x00000704) c.addi4spn s1, sp, 896
core   0: 3 0x800038f8 (0x0704) x 9 0x00000490
core   0: 0x800038fa (0x00940bb3) add     s7, s0, s1
core   0: 3 0x800038fa (0x00940bb3) x23 0x00000490
core   0: 0x800038fe (0x00008cd9) c.or    s1, a4
core   0: 3 0x800038fe (0x8cd9) x 9 0xaaeebcfc
core   0: 0x80003900 (0xad7d7693) andi    a3, s10, -1321
core   0: 3 0x80003900 (0xad7d7693) x13 0x00000000
core   0: 0x80003904 (0x40818ab3) sub     s5, gp, s0
core   0: 3 0x80003904 (0x40818ab3) x21 0x00000000
core   0: 0x80003908 (0x00000001) c.nop
core   0: 3 0x80003908 (0x0001)
core   0: 0x8000390a (0x01b14db3) xor     s11, sp, s11
core   0: 3 0x8000390a (0x01b14db3) x27 0x000fe750
core   0: 0x8000390e (0x02e0d5b3) divu    a1, ra, a4
core   0: 3 0x8000390e (0x02e0d5b3) x11 0x00000000
core   0: 0x80003912 (0x01de5e33) srl     t3, t3, t4
core   0: 3 0x80003912 (0x01de5e33) x28 0xc7d398b2
core   0: 0x80003916 (0x00000d36) c.slli  s10, 13
core   0: 3 0x80003916 (0x0d36) x26 0x00000000
core   0: 0x80003918 (0x000019fd) c.addi  s3, -1
core   0: 3 0x80003918 (0x19fd) x19 0xac3a2fff
core   0: 0x8000391a (0x00008059) c.srli  s0, 22
core   0: 3 0x8000391a (0x8059) x 8 0x00000000
core   0: 0x8000391c (0x00008d95) c.sub   a1, a3
core   0: 3 0x8000391c (0x8d95) x11 0x00000000
core   0: 0x8000391e (0x00008d75) c.and   a0, a3
core   0: 3 0x8000391e (0x8d75) x10 0x00000000
core   0: 0x80003920 (0x02c445b3) div     a1, s0, a2
core   0: 3 0x80003920 (0x02c445b3) x11 0x00000000
core   0: 0x80003924 (0x0000717d) c.addi16sp sp, -16
core   0: 3 0x80003924 (0x717d) x 2 0x00000100
core   0: 0x80003926 (0x03b12fb3) mulhsu  t6, sp, s11
core   0: 3 0x80003926 (0x03b12fb3) x31 0x00000000
core   0: 0x8000392a (0x01329d93) slli    s11, t0, 19
core   0: 3 0x8000392a (0x01329d93) x27 0xdc980000
core   0: 0x8000392e (0x01598933) add     s2, s3, s5
core   0: 3 0x8000392e (0x01598933) x18 0xac3a2fff
core   0: 0x80003932 (0x035a4133) div     sp, s4, s5
core   0: 3 0x80003932 (0x035a4133) x 2 0xffffffff
core   0: 0x80003936 (0x000005e2) c.slli  a1, 24
core   0: 3 0x80003936 (0x05e2) x11 0x00000000
core   0: 0x80003938 (0x40dd5b33) sra     s6, s10, a3
core   0: 3 0x80003938 (0x40dd5b33) x22 0x00000000
core   0: 0x8000393c (0x6e56d697) auipc   a3, 0x6e56d
core   0: 3 0x8000393c (0x6e56d697) x13 0xee57093c
core   0: 0x80003940 (0x038d0f33) mul     t5, s10, s8
core   0: 3 0x80003940 (0x038d0f33) x30 0x00000000
core   0: 0x80003944 (0x000063b5) c.lui   t2, 0xd
core   0: 3 0x80003944 (0x63b5) x 7 0x0000d000
core   0: 0x80003946 (0x02d782b3) mul     t0, a5, a3
core   0: 3 0x80003946 (0x02d782b3) x 5 0x00000000
core   0: 0x8000394a (0x00431f93) slli    t6, t1, 4
core   0: 3 0x8000394a (0x00431f93) x31 0x00000000
core   0: 0x8000394e (0x0000577d) c.li    a4, -1
core   0: 3 0x8000394e (0x577d) x14 0xffffffff
core   0: 0x80003950 (0x038ebf33) mulhu   t5, t4, s8
core   0: 3 0x80003950 (0x038ebf33) x30 0x00000000
core   0: 0x80003954 (0x000000da) c.slli  ra, 22
core   0: 3 0x80003954 (0x00da) x 1 0x31000000
core   0: 0x80003956 (0x00c59c13) slli    s8, a1, 12
core   0: 3 0x80003956 (0x00c59c13) x24 0x00000000
core   0: 0x8000395a (0x00005e7d) c.li    t3, -1
core   0: 3 0x8000395a (0x5e7d) x28 0xffffffff
core   0: 0x8000395c (0x01ba5393) srli    t2, s4, 27
core   0: 3 0x8000395c (0x01ba5393) x 7 0x00000010
core   0: 0x80003960 (0x00ba7433) and     s0, s4, a1
core   0: 3 0x80003960 (0x00ba7433) x 8 0x00000000
core   0: 0x80003964 (0xaa088713) addi    a4, a7, -1376
core   0: 3 0x80003964 (0xaa088713) x14 0xfffffaa3
core   0: 0x80003968 (0x0000717d) c.addi16sp sp, -16
core   0: 3 0x80003968 (0x717d) x 2 0xffffffef
core   0: 0x8000396a (0x179b8713) addi    a4, s7, 377
core   0: 3 0x8000396a (0x179b8713) x14 0x00000609
core   0: 0x8000396e (0x0000982a) c.add   a6, a0
core   0: 3 0x8000396e (0x982a) x16 0xffffffbd
core   0: 0x80003970 (0x036a5fb3) divu    t6, s4, s6
core   0: 3 0x80003970 (0x036a5fb3) x31 0xffffffff
core   0: 0x80003974 (0x00008962) c.mv    s2, s8
core   0: 3 0x80003974 (0x8962) x18 0x00000000
core   0: 0x80003976 (0x00000001) c.nop
core   0: 3 0x80003976 (0x0001)
core   0: 0x80003978 (0x00008cbd) c.xor   s1, a5
core   0: 3 0x80003978 (0x8cbd) x 9 0xaaeebcfc
core   0: 0x8000397a (0x00000001) c.nop
core   0: 3 0x8000397a (0x0001)
core   0: 0x8000397c (0x20b6fb93) andi    s7, a3, 523
core   0: 3 0x8000397c (0x20b6fb93) x23 0x00000008
core   0: 0x80003980 (0x014da733) slt     a4, s11, s4
core   0: 3 0x80003980 (0x014da733) x14 0x00000000
core   0: 0x80003984 (0xb74cce93) xori    t4, s9, -1164
core   0: 3 0x80003984 (0xb74cce93) x29 0x55dc2338
core   0: 0x80003988 (0x003924b3) slt     s1, s2, gp
core   0: 3 0x80003988 (0x003924b3) x 9 0x00000000
core   0: 0x8000398c (0xc1bbc117) auipc   sp, 0xc1bbc
core   0: 3 0x8000398c (0xc1bbc117) x 2 0x41bbf98c
core   0: 0x80003990 (0x00000001) c.nop
core   0: 3 0x80003990 (0x0001)
core   0: 0x80003992 (0x0000717d) c.addi16sp sp, -16
core   0: 3 0x80003992 (0x717d) x 2 0x41bbf97c
core   0: 0x80003994 (0x02890cb3) mul     s9, s2, s0
core   0: 3 0x80003994 (0x02890cb3) x25 0x00000000
core   0: 0x80003998 (0x4ca35fb7) lui     t6, 0x4ca35
core   0: 3 0x80003998 (0x4ca35fb7) x31 0x4ca35000
core   0: 0x8000399c (0x07786b13) ori     s6, a6, 119
core   0: 3 0x8000399c (0x07786b13) x22 0xffffffff
core   0: 0x800039a0 (0x00008cfd) c.and   s1, a5
core   0: 3 0x800039a0 (0x8cfd) x 9 0x00000000
core   0: 0x800039a2 (0x02891533) mulh    a0, s2, s0
core   0: 3 0x800039a2 (0x02891533) x10 0x00000000
core   0: 0x800039a6 (0x545ea837) lui     a6, 0x545ea
core   0: 3 0x800039a6 (0x545ea837) x16 0x545ea000
core   0: 0x800039aa (0x00006411) c.lui   s0, 0x4
core   0: 3 0x800039aa (0x6411) x 8 0x00004000
core   0: 0x800039ac (0x00001680) c.addi4spn s0, sp, 864
core   0: 3 0x800039ac (0x1680) x 8 0x41bbfcdc
core   0: 0x800039ae (0x008d29b3) slt     s3, s10, s0
core   0: 3 0x800039ae (0x008d29b3) x19 0x00000001
core   0: 0x800039b2 (0x00008ea1) c.xor   a3, s0
core   0: 3 0x800039b2 (0x8ea1) x13 0xafecf5e0
core   0: 0x800039b4 (0x03bdd2b3) divu    t0, s11, s11
core   0: 3 0x800039b4 (0x03bdd2b3) x 5 0x00000001
core   0: 0x800039b8 (0x038aa6b3) mulhsu  a3, s5, s8
core   0: 3 0x800039b8 (0x038aa6b3) x13 0x00000000
core   0: 0x800039bc (0x8648b693) sltiu   a3, a7, -1948
core   0: 3 0x800039bc (0x8648b693) x13 0x00000001
core   0: 0x800039c0 (0x412909b3) sub     s3, s2, s2
core   0: 3 0x800039c0 (0x412909b3) x19 0x00000000
core   0: 0x800039c4 (0x00004a91) c.li    s5, 4
core   0: 3 0x800039c4 (0x4a91) x21 0x00000004
core   0: 0x800039c6 (0x000081c5) c.srli  a1, 17
core   0: 3 0x800039c6 (0x81c5) x11 0x00000000
core   0: 0x800039c8 (0xa7cc7293) andi    t0, s8, -1412
core   0: 3 0x800039c8 (0xa7cc7293) x 5 0x00000000
core   0: 0x800039cc (0x01b0b3b3) sltu    t2, ra, s11
core   0: 3 0x800039cc (0x01b0b3b3) x 7 0x00000001
core   0: 0x800039d0 (0x014491b3) sll     gp, s1, s4
core   0: 3 0x800039d0 (0x014491b3) x 3 0x00000000
core   0: 0x800039d4 (0x0000717d) c.addi16sp sp, -16
core   0: 3 0x800039d4 (0x717d) x 2 0x41bbf96c
core   0: 0x800039d6 (0x0000840e) c.mv    s0, gp
core   0: 3 0x800039d6 (0x840e) x 8 0x00000000
core   0: 0x800039d8 (0x00008c39) c.xor   s0, a4
core   0: 3 0x800039d8 (0x8c39) x 8 0x00000000
core   0: 0x800039da (0x00008ed9) c.or    a3, a4
core   0: 3 0x800039da (0x8ed9) x13 0x00000001
core   0: 0x800039dc (0x000087be) c.mv    a5, a5
core   0: 3 0x800039dc (0x87be) x15 0x00000000
core   0: 0x800039de (0x0193d9b3) srl     s3, t2, s9
core   0: 3 0x800039de (0x0193d9b3) x19 0x00000001
core   0: 0x800039e2 (0x0102dd13) srli    s10, t0, 16
core   0: 3 0x800039e2 (0x0102dd13) x26 0x00000000
core   0: 0x800039e6 (0x00009e7a) c.add   t3, t5
core   0: 3 0x800039e6 (0x9e7a) x28 0xffffffff
core   0: 0x800039e8 (0x00008345) c.srli  a4, 17
core   0: 3 0x800039e8 (0x8345) x14 0x00000000
core   0: 0x800039ea (0x00005d7d) c.li    s10, -1
core   0: 3 0x800039ea (0x5d7d) x26 0xffffffff
core   0: 0x800039ec (0x035b2eb3) mulhsu  t4, s6, s5
core   0: 3 0x800039ec (0x035b2eb3) x29 0xffffffff
core   0: 0x800039f0 (0x011cbab3) sltu    s5, s9, a7
core   0: 3 0x800039f0 (0x011cbab3) x21 0x00000001
core   0: 0x800039f4 (0x0304bdb3) mulhu   s11, s1, a6
core   0: 3 0x800039f4 (0x0304bdb3) x27 0x00000000
core   0: 0x800039f8 (0x00de5fb3) srl     t6, t3, a3
core   0: 3 0x800039f8 (0x00de5fb3) x31 0x7fffffff
core   0: 0x800039fc (0x007f1f93) slli    t6, t5, 7
core   0: 3 0x800039fc (0x007f1f93) x31 0x00000000
core   0: 0x80003a00 (0x017aaf33) slt     t5, s5, s7
core   0: 3 0x80003a00 (0x017aaf33) x30 0x00000001
core   0: 0x80003a04 (0x00008d81) c.sub   a1, s0
core   0: 3 0x80003a04 (0x8d81) x11 0x00000000
core   0: 0x80003a06 (0x02038033) mul     zero, t2, zero
core   0: 3 0x80003a06 (0x02038033)
core   0: 0x80003a0a (0x0000056a) c.slli  a0, 26
core   0: 3 0x80003a0a (0x056a) x10 0x00000000
core   0: 0x80003a0c (0x00008e86) c.mv    t4, ra
core   0: 3 0x80003a0c (0x8e86) x29 0x31000000
core   0: 0x80003a0e (0x039347b3) div     a5, t1, s9
core   0: 3 0x80003a0e (0x039347b3) x15 0xffffffff
core   0: 0x80003a12 (0x00008d69) c.and   a0, a0
core   0: 3 0x80003a12 (0x8d69) x10 0x00000000
core   0: 0x80003a14 (0x7dcf8b13) addi    s6, t6, 2012
core   0: 3 0x80003a14 (0x7dcf8b13) x22 0x000007dc
core   0: 0x80003a18 (0x000082bd) c.srli  a3, 15
core   0: 3 0x80003a18 (0x82bd) x13 0x00000000
core   0: 0x80003a1a (0xc50024b7) lui     s1, 0xc5002
core   0: 3 0x80003a1a (0xc50024b7) x 9 0xc5002000
core   0: 0x80003a1e (0x40d15d33) sra     s10, sp, a3
core   0: 3 0x80003a1e (0x40d15d33) x26 0x41bbf96c
core   0: 0x80003a22 (0x27bee093) ori     ra, t4, 635
core   0: 3 0x80003a22 (0x27bee093) x 1 0x3100027b
core   0: 0x80003a26 (0x0280e5b3) rem     a1, ra, s0
core   0: 3 0x80003a26 (0x0280e5b3) x11 0x3100027b
core   0: 0x80003a2a (0x00009afd) c.andi  a3, -1
core   0: 3 0x80003a2a (0x9afd) x13 0x00000000
core   0: 0x80003a2c (0x00fa75b3) and     a1, s4, a5
core   0: 3 0x80003a2c (0x00fa75b3) x11 0x8000fe64
core   0: 0x80003a30 (0x00008c95) c.sub   s1, a3
core   0: 3 0x80003a30 (0x8c95) x 9 0xc5002000
core   0: 0x80003a32 (0x03d131b3) mulhu   gp, sp, t4
core   0: 3 0x80003a32 (0x03d131b3) x 3 0x0c94fabd
core   0: 0x80003a36 (0x03910133) mul     sp, sp, s9
core   0: 3 0x80003a36 (0x03910133) x 2 0x00000000
core   0: 0x80003a3a (0x02e787b3) mul     a5, a5, a4
core   0: 3 0x80003a3a (0x02e787b3) x15 0x00000000
core   0: 0x80003a3e (0x00000001) c.nop
core   0: 3 0x80003a3e (0x0001)
core   0: 0x80003a40 (0x00008d05) c.sub   a0, s1
core   0: 3 0x80003a40 (0x8d05) x10 0x3affe000
core   0: 0x80003a42 (0x00000112) c.slli  sp, 4
core   0: 3 0x80003a42 (0x0112) x 2 0x00000000
core   0: 0x80003a44 (0xe66f96b7) lui     a3, 0xe66f9
core   0: 3 0x80003a44 (0xe66f96b7) x13 0xe66f9000
core   0: 0x80003a48 (0x000085c9) c.srai  a1, 18
core   0: 3 0x80003a48 (0x85c9) x11 0xffffe000
core   0: 0x80003a4a (0x01a58633) add     a2, a1, s10
core   0: 3 0x80003a4a (0x01a58633) x12 0x41bbd96c
core   0: 0x80003a4e (0x032f9c33) mulh    s8, t6, s2
core   0: 3 0x80003a4e (0x032f9c33) x24 0x00000000
core   0: 0x80003a52 (0x40ac5193) srai    gp, s8, 10
core   0: 3 0x80003a52 (0x40ac5193) x 3 0x00000000
core   0: 0x80003a56 (0x41c15c33) sra     s8, sp, t3
core   0: 3 0x80003a56 (0x41c15c33) x24 0x00000000
core   0: 0x80003a5a (0x00000001) c.nop
core   0: 3 0x80003a5a (0x0001)
core   0: 0x80003a5c (0x2d9f4893) xori    a7, t5, 729
core   0: 3 0x80003a5c (0x2d9f4893) x17 0x000002d8
core   0: 0x80003a60 (0x01847c33) and     s8, s0, s8
core   0: 3 0x80003a60 (0x01847c33) x24 0x00000000
core   0: 0x80003a64 (0x1d05eeb7) lui     t4, 0x1d05e
core   0: 3 0x80003a64 (0x1d05eeb7) x29 0x1d05e000
core   0: 0x80003a68 (0x00000001) c.nop
core   0: 3 0x80003a68 (0x0001)
core   0: 0x80003a6a (0x00008eb9) c.xor   a3, a4
core   0: 3 0x80003a6a (0x8eb9) x13 0xe66f9000
core   0: 0x80003a6c (0x000e5d13) srli    s10, t3, 0
core   0: 3 0x80003a6c (0x000e5d13) x26 0xffffffff
core   0: 0x80003a70 (0x00008b8d) c.andi  a5, 3
core   0: 3 0x80003a70 (0x8b8d) x15 0x00000000
core   0: 0x80003a72 (0x49987c13) andi    s8, a6, 1177
core   0: 3 0x80003a72 (0x49987c13) x24 0x00000000
core   0: 0x80003a76 (0x00009172) c.add   sp, t3
core   0: 3 0x80003a76 (0x9172) x 2 0xffffffff
core   0: 0x80003a78 (0x00df12b3) sll     t0, t5, a3
core   0: 3 0x80003a78 (0x00df12b3) x 5 0x00000001
core   0: 0x80003a7c (0x00008fcd) c.or    a5, a1
core   0: 3 0x80003a7c (0x8fcd) x15 0xffffe000
core   0: 0x80003a7e (0x03d42eb3) mulhsu  t4, s0, t4
core   0: 3 0x80003a7e (0x03d42eb3) x29 0x00000000
core   0: 0x80003a82 (0x00000001) c.nop
core   0: 3 0x80003a82 (0x0001)
core   0: 0x80003a84 (0x0000197d) c.addi  s2, -1
core   0: 3 0x80003a84 (0x197d) x18 0xffffffff
core   0: 0x80003a86 (0x00006c65) c.lui   s8, 0x19
core   0: 3 0x80003a86 (0x6c65) x24 0x00019000
core   0: 0x80003a88 (0x000084e6) c.mv    s1, s9
core   0: 3 0x80003a88 (0x84e6) x 9 0x00000000
core   0: 0x80003a8a (0x0288b8b3) mulhu   a7, a7, s0
core   0: 3 0x80003a8a (0x0288b8b3) x17 0x00000000
core   0: 0x80003a8e (0x4dc93413) sltiu   s0, s2, 1244
core   0: 3 0x80003a8e (0x4dc93413) x 8 0x00000000
core   0: 0x80003a92 (0x00bf9933) sll     s2, t6, a1
core   0: 3 0x80003a92 (0x00bf9933) x18 0x00000000
core   0: 0x80003a96 (0x00004439) c.li    s0, 14
core   0: 3 0x80003a96 (0x4439) x 8 0x0000000e
core   0: 0x80003a98 (0x02ed01b3) mul     gp, s10, a4
core   0: 3 0x80003a98 (0x02ed01b3) x 3 0x00000000
core   0: 0x80003a9c (0x006d6c33) or      s8, s10, t1
core   0: 3 0x80003a9c (0x006d6c33) x24 0xffffffff
core   0: 0x80003aa0 (0x034663b3) rem     t2, a2, s4
core   0: 3 0x80003aa0 (0x034663b3) x 7 0x41bbd96c
core   0: 0x80003aa4 (0x02068033) mul     zero, a3, zero
core   0: 3 0x80003aa4 (0x02068033)
core   0: 0x80003aa8 (0x0339d9b3) divu    s3, s3, s3
core   0: 3 0x80003aa8 (0x0339d9b3) x19 0x00000001
core   0: 0x80003aac (0x03c83633) mulhu   a2, a6, t3
core   0: 3 0x80003aac (0x03c83633) x12 0x545e9fff
core   0: 0x80003ab0 (0x00008bf5) c.andi  a5, 29
core   0: 3 0x80003ab0 (0x8bf5) x15 0x00000000
core   0: 0x80003ab2 (0x0000812e) c.mv    sp, a1
core   0: 3 0x80003ab2 (0x812e) x 2 0xffffe000
core   0: 0x80003ab4 (0x41ec5d93) srai    s11, s8, 30
core   0: 3 0x80003ab4 (0x41ec5d93) x27 0xffffffff
core   0: 0x80003ab8 (0x00f093b3) sll     t2, ra, a5
core   0: 3 0x80003ab8 (0x00f093b3) x 7 0x3100027b
core   0: 0x80003abc (0x413b03b3) sub     t2, s6, s3
core   0: 3 0x80003abc (0x413b03b3) x 7 0x000007db
core   0: 0x80003ac0 (0x00008406) c.mv    s0, ra
core   0: 3 0x80003ac0 (0x8406) x 8 0x3100027b
core   0: 0x80003ac2 (0x00009736) c.add   a4, a3
core   0: 3 0x80003ac2 (0x9736) x14 0xe66f9000
core   0: 0x80003ac4 (0xbb5d4893) xori    a7, s10, -1099
core   0: 3 0x80003ac4 (0xbb5d4893) x17 0x0000044a
core   0: 0x80003ac8 (0x00000696) c.slli  a3, 5
core   0: 3 0x80003ac8 (0x0696) x13 0xcdf20000
core   0: 0x80003aca (0xa5c59e97) auipc   t4, 0xa5c59
core   0: 3 0x80003aca (0xa5c59e97) x29 0x25c5caca
core   0: 0x80003ace (0x036e0b33) mul     s6, t3, s6
core   0: 3 0x80003ace (0x036e0b33) x22 0xfffff824
core   0: 0x80003ad2 (0x00006545) c.lui   a0, 0x11
core   0: 3 0x80003ad2 (0x6545) x10 0x00011000
core   0: 0x80003ad4 (0x01afb2b3) sltu    t0, t6, s10
core   0: 3 0x80003ad4 (0x01afb2b3) x 5 0x00000001
core   0: 0x80003ad8 (0x0082a033) slt     zero, t0, s0
core   0: 3 0x80003ad8 (0x0082a033)
core   0: 0x80003adc (0x0000826d) c.srli  a2, 27
core   0: 3 0x80003adc (0x826d) x12 0x0000000a
core   0: 0x80003ade (0x033b96b3) mulh    a3, s7, s3
core   0: 3 0x80003ade (0x033b96b3) x13 0x00000000
core   0: 0x80003ae2 (0x038a6933) rem     s2, s4, s8
core   0: 3 0x80003ae2 (0x038a6933) x18 0x00000000
core   0: 0x80003ae6 (0x41d30d33) sub     s10, t1, t4
core   0: 3 0x80003ae6 (0x41d30d33) x26 0x5a3a3536
core   0: 0x80003aea (0x01d8d613) srli    a2, a7, 29
core   0: 3 0x80003aea (0x01d8d613) x12 0x00000000
core   0: 0x80003aee (0x00b5b7b3) sltu    a5, a1, a1
core   0: 3 0x80003aee (0x00b5b7b3) x15 0x00000000
core   0: 0x80003af2 (0x00000001) c.nop
core   0: 3 0x80003af2 (0x0001)
core   0: 0x80003af4 (0x023ba1b3) mulhsu  gp, s7, gp
core   0: 3 0x80003af4 (0x023ba1b3) x 3 0x00000000
core   0: 0x80003af8 (0x01e659b3) srl     s3, a2, t5
core   0: 3 0x80003af8 (0x01e659b3) x19 0x00000000
core   0: 0x80003afc (0x000095d2) c.add   a1, s4
core   0: 3 0x80003afc (0x95d2) x11 0x8000de64
core   0: 0x80003afe (0x00441113) slli    sp, s0, 4
core   0: 3 0x80003afe (0x00441113) x 2 0x100027b0
core   0: 0x80003b02 (0x024bf4b3) remu    s1, s7, tp
core   0: 3 0x80003b02 (0x024bf4b3) x 9 0x00000008
core   0: 0x80003b06 (0x00a415b3) sll     a1, s0, a0
core   0: 3 0x80003b06 (0x00a415b3) x11 0x3100027b
core   0: 0x80003b0a (0x00005c7d) c.li    s8, -1
core   0: 3 0x80003b0a (0x5c7d) x24 0xffffffff
core   0: 0x80003b0c (0x01d93133) sltu    sp, s2, t4
core   0: 3 0x80003b0c (0x01d93133) x 2 0x00000001
core   0: 0x80003b10 (0x7a70e413) ori     s0, ra, 1959
core   0: 3 0x80003b10 (0x7a70e413) x 8 0x310007ff
core   0: 0x80003b14 (0x00c065b3) or      a1, zero, a2
core   0: 3 0x80003b14 (0x00c065b3) x11 0x00000000
core   0: 0x80003b18 (0x4018d693) srai    a3, a7, 1
core   0: 3 0x80003b18 (0x4018d693) x13 0x00000225
core   0: 0x80003b1c (0x5aadf4b7) lui     s1, 0x5aadf
core   0: 3 0x80003b1c (0x5aadf4b7) x 9 0x5aadf000
core   0: 0x80003b20 (0x00000001) c.nop
core   0: 3 0x80003b20 (0x0001)
core   0: 0x80003b22 (0x0000717d) c.addi16sp sp, -16
core   0: 3 0x80003b22 (0x717d) x 2 0xfffffff1
core   0: 0x80003b24 (0x008e12b3) sll     t0, t3, s0
core   0: 3 0x80003b24 (0x008e12b3) x 5 0x80000000
core   0: 0x80003b28 (0x03975133) divu    sp, a4, s9
core   0: 3 0x80003b28 (0x03975133) x 2 0xffffffff
core   0: 0x80003b2c (0x01cf9e33) sll     t3, t6, t3
core   0: 3 0x80003b2c (0x01cf9e33) x28 0x00000000
core   0: 0x80003b30 (0x001086b3) add     a3, ra, ra
core   0: 3 0x80003b30 (0x001086b3) x13 0x620004f6
core   0: 0x80003b34 (0x00165ab3) srl     s5, a2, ra
core   0: 3 0x80003b34 (0x00165ab3) x21 0x00000000
core   0: 0x80003b38 (0x40e684b3) sub     s1, a3, a4
core   0: 3 0x80003b38 (0x40e684b3) x 9 0x7b9074f6
core   0: 0x80003b3c (0x00000001) c.nop
core   0: 3 0x80003b3c (0x0001)
core   0: 0x80003b3e (0x00008bb5) c.andi  a5, 13
core   0: 3 0x80003b3e (0x8bb5) x15 0x00000000
core   0: 0x80003b40 (0x030bf733) remu    a4, s7, a6
core   0: 3 0x80003b40 (0x030bf733) x14 0x00000008
core   0: 0x80003b44 (0x514ec193) xori    gp, t4, 1300
core   0: 3 0x80003b44 (0x514ec193) x 3 0x25c5cfde
core   0: 0x80003b48 (0x000009fa) c.slli  s3, 30
core   0: 3 0x80003b48 (0x09fa) x19 0x00000000
core   0: 0x80003b4a (0x402e5f33) sra     t5, t3, sp
core   0: 3 0x80003b4a (0x402e5f33) x30 0x00000000
core   0: 0x80003b4e (0x0137dab3) srl     s5, a5, s3
core   0: 3 0x80003b4e (0x0137dab3) x21 0x00000000
core   0: 0x80003b52 (0x0000872d) c.srai  a4, 11
core   0: 3 0x80003b52 (0x872d) x14 0x00000000
core   0: 0x80003b54 (0x768a65b7) lui     a1, 0x768a6
core   0: 3 0x80003b54 (0x768a65b7) x11 0x768a6000
core   0: 0x80003b58 (0x9381f717) auipc   a4, 0x9381f
core   0: 3 0x80003b58 (0x9381f717) x14 0x13822b58
core   0: 0x80003b5c (0x01fd9ab3) sll     s5, s11, t6
core   0: 3 0x80003b5c (0x01fd9ab3) x21 0xffffffff
core   0: 0x80003b60 (0x01cbdd13) srli    s10, s7, 28
core   0: 3 0x80003b60 (0x01cbdd13) x26 0x00000000
core   0: 0x80003b64 (0x020939b3) mulhu   s3, s2, zero
core   0: 3 0x80003b64 (0x020939b3) x19 0x00000000
core   0: 0x80003b68 (0x0000816d) c.srli  a0, 27
core   0: 3 0x80003b68 (0x816d) x10 0x00000000
core   0: 0x80003b6a (0x0000081d) c.addi  a6, 7
core   0: 3 0x80003b6a (0x081d) x16 0x545ea007
core   0: 0x80003b6c (0x01d42033) slt     zero, s0, t4
core   0: 3 0x80003b6c (0x01d42033)
core   0: 0x80003b70 (0x00008d45) c.or    a0, s1
core   0: 3 0x80003b70 (0x8d45) x10 0x7b9074f6
core   0: 0x80003b72 (0x00008621) c.srai  a2, 8
core   0: 3 0x80003b72 (0x8621) x12 0x00000000
core   0: 0x80003b74 (0x0298f2b3) remu    t0, a7, s1
core   0: 3 0x80003b74 (0x0298f2b3) x 5 0x0000044a
core   0: 0x80003b78 (0x01ecf7b3) and     a5, s9, t5
core   0: 3 0x80003b78 (0x01ecf7b3) x15 0x00000000
core   0: 0x80003b7c (0x02a7d3b3) divu    t2, a5, a0
core   0: 3 0x80003b7c (0x02a7d3b3) x 7 0x00000000
core   0: 0x80003b80 (0x00008eed) c.and   a3, a1
core   0: 3 0x80003b80 (0x8eed) x13 0x62000000
core   0: 0x80003b82 (0x01969933) sll     s2, a3, s9
core   0: 3 0x80003b82 (0x01969933) x18 0x62000000
core   0: 0x80003b86 (0xcc823113) sltiu   sp, tp, -824
core   0: 3 0x80003b86 (0xcc823113) x 2 0x00000001
core   0: 0x80003b8a (0x00004df5) c.li    s11, 29
core   0: 3 0x80003b8a (0x4df5) x27 0x0000001d
core   0: 0x80003b8c (0x00008e7d) c.and   a2, a5
core   0: 3 0x80003b8c (0x8e7d) x12 0x00000000
core   0: 0x80003b8e (0x00000001) c.nop
core   0: 3 0x80003b8e (0x0001)
core   0: 0x80003b90 (0x00008a85) c.andi  a3, 1
core   0: 3 0x80003b90 (0x8a85) x13 0x00000000
core   0: 0x80003b92 (0x000091c2) c.add   gp, a6
core   0: 3 0x80003b92 (0x91c2) x 3 0x7a246fe5
core   0: 0x80003b94 (0x03021833) mulh    a6, tp, a6
core   0: 3 0x80003b94 (0x03021833) x16 0xd5d1186c
core   0: 0x80003b98 (0x02cf0633) mul     a2, t5, a2
core   0: 3 0x80003b98 (0x02cf0633) x12 0x00000000
core   0: 0x80003b9c (0x00008c21) c.xor   s0, s0
core   0: 3 0x80003b9c (0x8c21) x 8 0x00000000
core   0: 0x80003b9e (0x009a68b3) or      a7, s4, s1
core   0: 3 0x80003b9e (0x009a68b3) x17 0xfb90fef6
core   0: 0x80003ba2 (0x002d8f33) add     t5, s11, sp
core   0: 3 0x80003ba2 (0x002d8f33) x30 0x0000001e
core   0: 0x80003ba6 (0x0397e2b3) rem     t0, a5, s9
core   0: 3 0x80003ba6 (0x0397e2b3) x 5 0x00000000
core   0: 0x80003baa (0x51940713) addi    a4, s0, 1305
core   0: 3 0x80003baa (0x51940713) x14 0x00000519
core   0: 0x80003bae (0xd9e06697) auipc   a3, 0xd9e06
core   0: 3 0x80003bae (0xd9e06697) x13 0x59e09bae
core   0: 0x80003bb2 (0x01c66e97) auipc   t4, 0x1c66
core   0: 3 0x80003bb2 (0x01c66e97) x29 0x81c69bb2
core   0: 0x80003bb6 (0x97dc8293) addi    t0, s9, -1667
core   0: 3 0x80003bb6 (0x97dc8293) x 5 0xfffff97d
core   0: 0x80003bba (0x0000717d) c.addi16sp sp, -16
core   0: 3 0x80003bba (0x717d) x 2 0xfffffff1
core   0: 0x80003bbc (0x00006109) c.addi16sp sp, 128
core   0: 3 0x80003bbc (0x6109) x 2 0x00000071
core   0: 0x80003bbe (0x025d34b3) mulhu   s1, s10, t0
core   0: 3 0x80003bbe (0x025d34b3) x 9 0x00000000
core   0: 0x80003bc2 (0x0000015e) c.slli  sp, 23
core   0: 3 0x80003bc2 (0x015e) x 2 0x38800000
core   0: 0x80003bc4 (0xa0cbc013) xori    zero, s7, -1524
core   0: 3 0x80003bc4 (0xa0cbc013)
core   0: 0x80003bc8 (0x0066eab3) or      s5, a3, t1
core   0: 3 0x80003bc8 (0x0066eab3) x21 0xd9e09bae
core   0: 0x80003bcc (0x000048ed) c.li    a7, 27
core   0: 3 0x80003bcc (0x48ed) x17 0x0000001b
core   0: 0x80003bce (0x387ed997) auipc   s3, 0x387ed
core   0: 3 0x80003bce (0x387ed997) x19 0xb87f0bce
core   0: 0x80003bd2 (0x000001c9) c.addi  gp, 18
core   0: 3 0x80003bd2 (0x01c9) x 3 0x7a246ff7
core   0: 0x80003bd4 (0x00b8d893) srli    a7, a7, 11
core   0: 3 0x80003bd4 (0x00b8d893) x17 0x00000000
core   0: 0x80003bd8 (0x00000001) c.nop
core   0: 3 0x80003bd8 (0x0001)
core   0: 0x80003bda (0x3ccae713) ori     a4, s5, 972
core   0: 3 0x80003bda (0x3ccae713) x14 0xd9e09bee
core   0: 0x80003bde (0x010d1eb3) sll     t4, s10, a6
core   0: 3 0x80003bde (0x010d1eb3) x29 0x00000000
core   0: 0x80003be2 (0x00f63033) sltu    zero, a2, a5
core   0: 3 0x80003be2 (0x00f63033)
core   0: 0x80003be6 (0x00008d39) c.xor   a0, a4
core   0: 3 0x80003be6 (0x8d39) x10 0xa270ef18
core   0: 0x80003be8 (0xed3cb013) sltiu   zero, s9, -301
core   0: 3 0x80003be8 (0xed3cb013)
core   0: 0x80003bec (0x00000d12) c.slli  s10, 4
core   0: 3 0x80003bec (0x0d12) x26 0x00000000
core   0: 0x80003bee (0x000017fd) c.addi  a5, -1
core   0: 3 0x80003bee (0x17fd) x15 0xffffffff
core   0: 0x80003bf0 (0x00006159) c.addi16sp sp, 400
core   0: 3 0x80003bf0 (0x6159) x 2 0x38800190
core   0: 0x80003bf2 (0x01c2eeb3) or      t4, t0, t3
core   0: 3 0x80003bf2 (0x01c2eeb3) x29 0xfffff97d
core   0: 0x80003bf6 (0x0000177d) c.addi  a4, -1
core   0: 3 0x80003bf6 (0x177d) x14 0xd9e09bed
core   0: 0x80003bf8 (0x027474b3) remu    s1, s0, t2
core   0: 3 0x80003bf8 (0x027474b3) x 9 0x00000000
core   0: 0x80003bfc (0x00008926) c.mv    s2, s1
core   0: 3 0x80003bfc (0x8926) x18 0x00000000
core   0: 0x80003bfe (0x000098fd) c.andi  s1, -1
core   0: 3 0x80003bfe (0x98fd) x 9 0x00000000
core   0: 0x80003c00 (0x000006b2) c.slli  a3, 12
core   0: 3 0x80003c00 (0x06b2) x13 0x09bae000
core   0: 0x80003c02 (0x0003a933) slt     s2, t2, zero
core   0: 3 0x80003c02 (0x0003a933) x18 0x00000000
core   0: 0x80003c06 (0x0d9ac013) xori    zero, s5, 217
core   0: 3 0x80003c06 (0x0d9ac013)
core   0: 0x80003c0a (0x0000611d) c.addi16sp sp, 416
core   0: 3 0x80003c0a (0x611d) x 2 0x38800330
core   0: 0x80003c0c (0x0000879d) c.srai  a5, 7
core   0: 3 0x80003c0c (0x879d) x15 0xffffffff
core   0: 0x80003c0e (0x00008dd9) c.or    a1, a4
core   0: 3 0x80003c0e (0x8dd9) x11 0xffeafbed
core   0: 0x80003c10 (0x020dfab3) remu    s5, s11, zero
core   0: 3 0x80003c10 (0x020dfab3) x21 0x0000001d
core   0: 0x80003c14 (0x01d309b3) add     s3, t1, t4
core   0: 3 0x80003c14 (0x01d309b3) x19 0x7ffff97d
core   0: 0x80003c18 (0x00008e51) c.or    a2, a2
core   0: 3 0x80003c18 (0x8e51) x12 0x00000000
core   0: 0x80003c1a (0x00735b93) srli    s7, t1, 7
core   0: 3 0x80003c1a (0x00735b93) x23 0x01000000
core   0: 0x80003c1e (0x00000001) c.nop
core   0: 3 0x80003c1e (0x0001)
core   0: 0x80003c20 (0x03a8f133) remu    sp, a7, s10
core   0: 3 0x80003c20 (0x03a8f133) x 2 0x00000000
core   0: 0x80003c24 (0x40f93913) sltiu   s2, s2, 1039
core   0: 3 0x80003c24 (0x40f93913) x18 0x00000001
core   0: 0x80003c28 (0x00008055) c.srli  s0, 21
core   0: 3 0x80003c28 (0x8055) x 8 0x00000000
core   0: 0x80003c2a (0xff6227b7) lui     a5, 0xff622
core   0: 3 0x80003c2a (0xff6227b7) x15 0xff622000
core   0: 0x80003c2e (0x03da2e33) mulhsu  t3, s4, t4
core   0: 3 0x80003c2e (0x03da2e33) x28 0x800101a5
core   0: 0x80003c32 (0x41c68f33) sub     t5, a3, t3
core   0: 3 0x80003c32 (0x41c68f33) x30 0x89b9de5b
core   0: 0x80003c36 (0x89fb3f93) sltiu   t6, s6, -1889
core   0: 3 0x80003c36 (0x89fb3f93) x31 0x00000001
core   0: 0x80003c3a (0x029527b3) mulhsu  a5, a0, s1
core   0: 3 0x80003c3a (0x029527b3) x15 0x00000000
core   0: 0x80003c3e (0xfe94f093) andi    ra, s1, -23
core   0: 3 0x80003c3e (0xfe94f093) x 1 0x00000000
core   0: 0x80003c42 (0x0000855d) c.srai  a0, 23
core   0: 3 0x80003c42 (0x855d) x10 0xffffff44
core   0: 0x80003c44 (0x00008fd9) c.or    a5, a4
core   0: 3 0x80003c44 (0x8fd9) x15 0xd9e09bed
core   0: 0x80003c46 (0x00e812b3) sll     t0, a6, a4
core   0: 3 0x80003c46 (0x00e812b3) x 5 0x230d8000
core   0: 0x80003c4a (0x00008c0d) c.sub   s0, a1
core   0: 3 0x80003c4a (0x8c0d) x 8 0x00150413
core   0: 0x80003c4c (0x000017fd) c.addi  a5, -1
core   0: 3 0x80003c4c (0x17fd) x15 0xd9e09bec
core   0: 0x80003c4e (0x00008059) c.srli  s0, 22
core   0: 3 0x80003c4e (0x8059) x 8 0x00000000
core   0: 0x80003c50 (0xe752f913) andi    s2, t0, -395
core   0: 3 0x80003c50 (0xe752f913) x18 0x230d8000
core   0: 0x80003c54 (0x02c02e33) mulhsu  t3, zero, a2
core   0: 3 0x80003c54 (0x02c02e33) x28 0x00000000
core   0: 0x80003c58 (0x4bf10d93) addi    s11, sp, 1215
core   0: 3 0x80003c58 (0x4bf10d93) x27 0x000004bf
core   0: 0x80003c5c (0x019e98b3) sll     a7, t4, s9
core   0: 3 0x80003c5c (0x019e98b3) x17 0xfffff97d
core   0: 0x80003c60 (0x70c0eb93) ori     s7, ra, 1804
core   0: 3 0x80003c60 (0x70c0eb93) x23 0x0000070c
core   0: 0x80003c64 (0x41e45e93) srai    t4, s0, 30
core   0: 3 0x80003c64 (0x41e45e93) x29 0x00000000
core   0: 0x80003c68 (0x0000664d) c.lui   a2, 0x13
core   0: 3 0x80003c68 (0x664d) x12 0x00013000
core   0: 0x80003c6a (0x010a0733) add     a4, s4, a6
core   0: 3 0x80003c6a (0x010a0733) x14 0x55d216d0
core   0: 0x80003c6e (0xfd0c1e97) auipc   t4, 0xfd0c1
core   0: 3 0x80003c6e (0xfd0c1e97) x29 0x7d0c4c6e
core   0: 0x80003c72 (0x000082c9) c.srli  a3, 18
core   0: 3 0x80003c72 (0x82c9) x13 0x0000026e
core   0: 0x80003c74 (0x00000e46) c.slli  t3, 17
core   0: 3 0x80003c74 (0x0e46) x28 0x00000000
core   0: 0x80003c76 (0x005cf1b3) and     gp, s9, t0
core   0: 3 0x80003c76 (0x005cf1b3) x 3 0x00000000
core   0: 0x80003c7a (0x4b975db7) lui     s11, 0x4b975
core   0: 3 0x80003c7a (0x4b975db7) x27 0x4b975000
core   0: 0x80003c7e (0xaa138e37) lui     t3, 0xaa138
core   0: 3 0x80003c7e (0xaa138e37) x28 0xaa138000
core   0: 0x80003c82 (0x000095de) c.add   a1, s7
core   0: 3 0x80003c82 (0x95de) x11 0xffeb02f9
core   0: 0x80003c84 (0x02dab133) mulhu   sp, s5, a3
core   0: 3 0x80003c84 (0x02dab133) x 2 0x00000000
core   0: 0x80003c88 (0x01db6ab3) or      s5, s6, t4
core   0: 3 0x80003c88 (0x01db6ab3) x21 0xfffffc6e
core   0: 0x80003c8c (0x002fb433) sltu    s0, t6, sp
core   0: 3 0x80003c8c (0x002fb433) x 8 0x00000000
core   0: 0x80003c90 (0x000080d5) c.srli  s1, 21
core   0: 3 0x80003c90 (0x80d5) x 9 0x00000000
core   0: 0x80003c92 (0x039847b3) div     a5, a6, s9
core   0: 3 0x80003c92 (0x039847b3) x15 0xffffffff
core   0: 0x80003c96 (0x00008f71) c.and   a4, a2
core   0: 3 0x80003c96 (0x8f71) x14 0x00001000
core   0: 0x80003c98 (0x37fbe493) ori     s1, s7, 895
core   0: 3 0x80003c98 (0x37fbe493) x 9 0x0000077f
core   0: 0x80003c9c (0x00fd6ab3) or      s5, s10, a5
core   0: 3 0x80003c9c (0x00fd6ab3) x21 0xffffffff
core   0: 0x80003ca0 (0x417383b3) sub     t2, t2, s7
core   0: 3 0x80003ca0 (0x417383b3) x 7 0xfffff8f4
core   0: 0x80003ca4 (0x004b05b3) add     a1, s6, tp
core   0: 3 0x80003ca4 (0x004b05b3) x11 0x80013508
core   0: 0x80003ca8 (0x000d06b3) add     a3, s10, zero
core   0: 3 0x80003ca8 (0x000d06b3) x13 0x00000000
core   0: 0x80003cac (0xe8ff4493) xori    s1, t5, -369
core   0: 3 0x80003cac (0xe8ff4493) x 9 0x764620d4
core   0: 0x80003cb0 (0x028d7e33) remu    t3, s10, s0
core   0: 3 0x80003cb0 (0x028d7e33) x28 0x00000000
core   0: 0x80003cb4 (0x03bf0533) mul     a0, t5, s11
core   0: 3 0x80003cb4 (0x03bf0533) x10 0xe6297000
core   0: 0x80003cb8 (0x00009fae) c.add   t6, a1
core   0: 3 0x80003cb8 (0x9fae) x31 0x80013509
core   0: 0x80003cba (0x40835633) sra     a2, t1, s0
core   0: 3 0x80003cba (0x40835633) x12 0x80000000
core   0: 0x80003cbe (0x0188a1b3) slt     gp, a7, s8
core   0: 3 0x80003cbe (0x0188a1b3) x 3 0x00000001
core   0: 0x80003cc2 (0xaddb5f97) auipc   t6, 0xaddb5
core   0: 3 0x80003cc2 (0xaddb5f97) x31 0x2ddb8cc2
core   0: 0x80003cc6 (0xa55b4e13) xori    t3, s6, -1451
core   0: 3 0x80003cc6 (0xa55b4e13) x28 0x00000271
core   0: 0x80003cca (0x000013fd) c.addi  t2, -1
core   0: 3 0x80003cca (0x13fd) x 7 0xfffff8f3
core   0: 0x80003ccc (0x02ff8c33) mul     s8, t6, a5
core   0: 3 0x80003ccc (0x02ff8c33) x24 0xd224733e
core   0: 0x80003cd0 (0x01ce1193) slli    gp, t3, 28
core   0: 3 0x80003cd0 (0x01ce1193) x 3 0x10000000
core   0: 0x80003cd4 (0x033861b3) rem     gp, a6, s3
core   0: 3 0x80003cd4 (0x033861b3) x 3 0xd5d1186c
core   0: 0x80003cd8 (0x02e72e33) mulhsu  t3, a4, a4
core   0: 3 0x80003cd8 (0x02e72e33) x28 0x00000000
core   0: 0x80003cdc (0x03c0eb33) rem     s6, ra, t3
core   0: 3 0x80003cdc (0x03c0eb33) x22 0x00000000
core   0: 0x80003ce0 (0x0040db33) srl     s6, ra, tp
core   0: 3 0x80003ce0 (0x0040db33) x22 0x00000000
core   0: 0x80003ce4 (0x00009a7d) c.andi  a2, -1
core   0: 3 0x80003ce4 (0x9a7d) x12 0x80000000
core   0: 0x80003ce6 (0x00000001) c.nop
core   0: 3 0x80003ce6 (0x0001)
core   0: 0x80003ce8 (0x00008bde) c.mv    s7, s7
core   0: 3 0x80003ce8 (0x8bde) x23 0x0000070c
core   0: 0x80003cea (0x40655c33) sra     s8, a0, t1
core   0: 3 0x80003cea (0x40655c33) x24 0xe6297000
core   0: 0x80003cee (0x00008d0d) c.sub   a0, a1
core   0: 3 0x80003cee (0x8d0d) x10 0x66283af8
core   0: 0x80003cf0 (0x018f1193) slli    gp, t5, 24
core   0: 3 0x80003cf0 (0x018f1193) x 3 0x5b000000
core   0: 0x80003cf4 (0x0000893e) c.mv    s2, a5
core   0: 3 0x80003cf4 (0x893e) x18 0xffffffff
core   0: 0x80003cf6 (0x01ab9833) sll     a6, s7, s10
core   0: 3 0x80003cf6 (0x01ab9833) x16 0x0000070c
core   0: 0x80003cfa (0x030bdab3) divu    s5, s7, a6
core   0: 3 0x80003cfa (0x030bdab3) x21 0x00000001
core   0: 0x80003cfe (0x02973db3) mulhu   s11, a4, s1
core   0: 3 0x80003cfe (0x02973db3) x27 0x00000764
core   0: 0x80003d02 (0x013e1f13) slli    t5, t3, 19
core   0: 3 0x80003d02 (0x013e1f13) x30 0x00000000
core   0: 0x80003d06 (0xb504ec37) lui     s8, 0xb504e
core   0: 3 0x80003d06 (0xb504ec37) x24 0xb504e000
core   0: 0x80003d0a (0x41e4db93) srai    s7, s1, 30
core   0: 3 0x80003d0a (0x41e4db93) x23 0x00000001
core   0: 0x80003d0e (0x00000dd5) c.addi  s11, 21
core   0: 3 0x80003d0e (0x0dd5) x27 0x00000779
core   0: 0x80003d10 (0x0289b7b3) mulhu   a5, s3, s0
core   0: 3 0x80003d10 (0x0289b7b3) x15 0x00000000
core   0: 0x80003d14 (0x41875893) srai    a7, a4, 24
core   0: 3 0x80003d14 (0x41875893) x17 0x00000000
core   0: 0x80003d18 (0x03de10b3) mulh    ra, t3, t4
core   0: 3 0x80003d18 (0x03de10b3) x 1 0x00000000
core   0: 0x80003d1c (0x0000717d) c.addi16sp sp, -16
core   0: 3 0x80003d1c (0x717d) x 2 0xfffffff0
core   0: 0x80003d1e (0x00b75fb3) srl     t6, a4, a1
core   0: 3 0x80003d1e (0x00b75fb3) x31 0x00000010
core   0: 0x80003d22 (0x012a4433) xor     s0, s4, s2
core   0: 3 0x80003d22 (0x012a4433) x 8 0x7fff019b
core   0: 0x80003d26 (0x0000084a) c.slli  a6, 18
core   0: 3 0x80003d26 (0x084a) x16 0x1c300000
core   0: 0x80003d28 (0x03bc7cb3) remu    s9, s8, s11
core   0: 3 0x80003d28 (0x03bc7cb3) x25 0x000003bc
core   0: 0x80003d2c (0x00008ddd) c.or    a1, a5
core   0: 3 0x80003d2c (0x8ddd) x11 0x80013508
core   0: 0x80003d2e (0x0289a9b3) mulhsu  s3, s3, s0
core   0: 3 0x80003d2e (0x0289a9b3) x19 0x3fff7d8c
core   0: 0x80003d32 (0x00004e01) c.li    t3, 0
core   0: 3 0x80003d32 (0x4e01) x28 0x00000000
core   0: 0x80003d34 (0x00004481) c.li    s1, 0
core   0: 3 0x80003d34 (0x4481) x 9 0x00000000
core   0: 0x80003d36 (0x80000637) lui     a2, 0x80000
core   0: 3 0x80003d36 (0x80000637) x12 0x80000000
core   0: 0x80003d3a (0x00004c81) c.li    s9, 0
core   0: 3 0x80003d3a (0x4c81) x25 0x00000000
core   0: 0x80003d3c (0xfff00993) li      s3, -1
core   0: 3 0x80003d3c (0xfff00993) x19 0xffffffff
core   0: 0x80003d40 (0xfff00393) li      t2, -1
core   0: 3 0x80003d40 (0xfff00393) x 7 0xffffffff
core   0: 0x80003d44 (0x80000fb7) lui     t6, 0x80000
core   0: 3 0x80003d44 (0x80000fb7) x31 0x80000000
core   0: 0x80003d48 (0x561687b7) lui     a5, 0x56168
core   0: 3 0x80003d48 (0x561687b7) x15 0x56168000
core   0: 0x80003d4c (0xccb78793) addi    a5, a5, -821
core   0: 3 0x80003d4c (0xccb78793) x15 0x56167ccb
core   0: 0x80003d50 (0x90b85eb7) lui     t4, 0x90b85
core   0: 3 0x80003d50 (0x90b85eb7) x29 0x90b85000
core   0: 0x80003d54 (0xe98e8e93) addi    t4, t4, -360
core   0: 3 0x80003d54 (0xe98e8e93) x29 0x90b84e98
core   0: 0x80003d58 (0xfff00293) li      t0, -1
core   0: 3 0x80003d58 (0xfff00293) x 5 0xffffffff
core   0: 0x80003d5c (0x00000001) c.nop
core   0: 3 0x80003d5c (0x0001)
core   0: 0x80003d5e (0x1cb92617) auipc   a2, 0x1cb92
core   0: 3 0x80003d5e (0x1cb92617) x12 0x9cb95d5e
core   0: 0x80003d62 (0x40f282b3) sub     t0, t0, a5
core   0: 3 0x80003d62 (0x40f282b3) x 5 0xa9e98334
core   0: 0x80003d66 (0x02cfee33) rem     t3, t6, a2
core   0: 3 0x80003d66 (0x02cfee33) x28 0xe346a2a2
core   0: 0x80003d6a (0x029f82b3) mul     t0, t6, s1
core   0: 3 0x80003d6a (0x029f82b3) x 5 0x00000000
core   0: 0x80003d6e (0x0293f633) remu    a2, t2, s1
core   0: 3 0x80003d6e (0x0293f633) x12 0xffffffff
core   0: 0x80003d72 (0x039629b3) mulhsu  s3, a2, s9
core   0: 3 0x80003d72 (0x039629b3) x19 0x00000000
core   0: 0x80003d76 (0x407387b3) sub     a5, t2, t2
core   0: 3 0x80003d76 (0x407387b3) x15 0x00000000
core   0: 0x80003d7a (0x25286617) auipc   a2, 0x25286
core   0: 3 0x80003d7a (0x25286617) x12 0xa5289d7a
core   0: 0x80003d7e (0x701e8993) addi    s3, t4, 1793
core   0: 3 0x80003d7e (0x701e8993) x19 0x90b85599
core   0: 0x80003d82 (0x02f4ce33) div     t3, s1, a5
core   0: 3 0x80003d82 (0x02f4ce33) x28 0xffffffff
core   0: 0x80003d86 (0x40c789b3) sub     s3, a5, a2
core   0: 3 0x80003d86 (0x40c789b3) x19 0x5ad76286
core   0: 0x80003d8a (0x0337e633) rem     a2, a5, s3
core   0: 3 0x80003d8a (0x0337e633) x12 0x00000000
core   0: 0x80003d8e (0x029993b3) mulh    t2, s3, s1
core   0: 3 0x80003d8e (0x029993b3) x 7 0x00000000
core   0: 0x80003d92 (0x027659b3) divu    s3, a2, t2
core   0: 3 0x80003d92 (0x027659b3) x19 0xffffffff
core   0: 0x80003d96 (0x00000001) c.nop
core   0: 3 0x80003d96 (0x0001)
core   0: 0x80003d98 (0x48948c93) addi    s9, s1, 1161
core   0: 3 0x80003d98 (0x48948c93) x25 0x00000489
core   0: 0x80003d9c (0x03ccf633) remu    a2, s9, t3
core   0: 3 0x80003d9c (0x03ccf633) x12 0x00000489
core   0: 0x80003da0 (0x668e0c93) addi    s9, t3, 1640
core   0: 3 0x80003da0 (0x668e0c93) x25 0x00000667
core   0: 0x80003da4 (0x0333b3b3) mulhu   t2, t2, s3
core   0: 3 0x80003da4 (0x0333b3b3) x 7 0x00000000
core   0: 0x80003da8 (0x36848f93) addi    t6, s1, 872
core   0: 3 0x80003da8 (0x36848f93) x31 0x00000368
core   0: 0x80003dac (0x00000001) c.nop
core   0: 3 0x80003dac (0x0001)
core   0: 0x80003dae (0x00008539) c.srai  a0, 14
core   0: 3 0x80003dae (0x8539) x10 0x000198a0
core   0: 0x80003db0 (0x0000717d) c.addi16sp sp, -16
core   0: 3 0x80003db0 (0x717d) x 2 0xffffffe0
core   0: 0x80003db2 (0x00009942) c.add   s2, a6
core   0: 3 0x80003db2 (0x9942) x18 0x1c2fffff
core   0: 0x80003db4 (0x01c67f33) and     t5, a2, t3
core   0: 3 0x80003db4 (0x01c67f33) x30 0x00000489
core   0: 0x80003db8 (0x00008f8d) c.sub   a5, a1
core   0: 3 0x80003db8 (0x8f8d) x15 0x7ffecaf8
core   0: 0x80003dba (0x01a6e6b3) or      a3, a3, s10
core   0: 3 0x80003dba (0x01a6e6b3) x13 0x00000000
core   0: 0x80003dbe (0x01b3a8b3) slt     a7, t2, s11
core   0: 3 0x80003dbe (0x01b3a8b3) x17 0x00000001
core   0: 0x80003dc2 (0x0000954e) c.add   a0, s3
core   0: 3 0x80003dc2 (0x954e) x10 0x0001989f
core   0: 0x80003dc4 (0x00006191) c.lui   gp, 0x4
core   0: 3 0x80003dc4 (0x6191) x 3 0x00004000
core   0: 0x80003dc6 (0x002bc7b3) xor     a5, s7, sp
core   0: 3 0x80003dc6 (0x002bc7b3) x15 0xffffffe1
core   0: 0x80003dca (0x00008fb9) c.xor   a5, a4
core   0: 3 0x80003dca (0x8fb9) x15 0xffffefe1
core   0: 0x80003dcc (0x40e086b3) sub     a3, ra, a4
core   0: 3 0x80003dcc (0x40e086b3) x13 0xfffff000
core   0: 0x80003dd0 (0x00008e15) c.sub   a2, a3
core   0: 3 0x80003dd0 (0x8e15) x12 0x00001489
core   0: 0x80003dd2 (0x00001880) c.addi4spn s0, sp, 112
core   0: 3 0x80003dd2 (0x1880) x 8 0x00000050
core   0: 0x80003dd4 (0xe7e2af13) slti    t5, t0, -386
core   0: 3 0x80003dd4 (0xe7e2af13) x30 0x00000000
core   0: 0x80003dd8 (0x03e6ee33) rem     t3, a3, t5
core   0: 3 0x80003dd8 (0x03e6ee33) x28 0xfffff000
core   0: 0x80003ddc (0x02d7d2b3) divu    t0, a5, a3
core   0: 3 0x80003ddc (0x02d7d2b3) x 5 0x00000000
core   0: 0x80003de0 (0x0000567d) c.li    a2, -1
core   0: 3 0x80003de0 (0x567d) x12 0xffffffff
core   0: 0x80003de2 (0x85a26513) ori     a0, tp, -1958
core   0: 3 0x80003de2 (0x85a26513) x10 0xfffffcfe
core   0: 0x80003de6 (0x00008f95) c.sub   a5, a3
core   0: 3 0x80003de6 (0x8f95) x15 0xffffffe1
core   0: 0x80003de8 (0x0000848d) c.srai  s1, 3
core   0: 3 0x80003de8 (0x848d) x 9 0x00000000
core   0: 0x80003dea (0x01be5293) srli    t0, t3, 27
core   0: 3 0x80003dea (0x01be5293) x 5 0x0000001f
core   0: 0x80003dee (0x40148733) sub     a4, s1, ra
core   0: 3 0x80003dee (0x40148733) x14 0x00000000
core   0: 0x80003df2 (0x00008fcd) c.or    a5, a1
core   0: 3 0x80003df2 (0x8fcd) x15 0xffffffe9
core   0: 0x80003df4 (0x00000001) c.nop
core   0: 3 0x80003df4 (0x0001)
core   0: 0x80003df6 (0x0000890d) c.andi  a0, 3
core   0: 3 0x80003df6 (0x890d) x10 0x00000002
core   0: 0x80003df8 (0x01b0b3b3) sltu    t2, ra, s11
core   0: 3 0x80003df8 (0x01b0b3b3) x 7 0x00000001
core   0: 0x80003dfc (0x00008cc9) c.or    s1, a0
core   0: 3 0x80003dfc (0x8cc9) x 9 0x00000002
core   0: 0x80003dfe (0x0059f833) and     a6, s3, t0
core   0: 3 0x80003dfe (0x0059f833) x16 0x0000001f
core   0: 0x80003e02 (0x97497693) andi    a3, s2, -1676
core   0: 3 0x80003e02 (0x97497693) x13 0x1c2ff974
core   0: 0x80003e06 (0x00008c3d) c.xor   s0, a5
core   0: 3 0x80003e06 (0x8c3d) x 8 0xffffffb9
core   0: 0x80003e08 (0xbc15f017) auipc   zero, 0xbc15f
core   0: 3 0x80003e08 (0xbc15f017)
core   0: 0x80003e0c (0x00381913) slli    s2, a6, 3
core   0: 3 0x80003e0c (0x00381913) x18 0x000000f8
core   0: 0x80003e10 (0x02d405b3) mul     a1, s0, a3
core   0: 3 0x80003e10 (0x02d405b3) x11 0x2eb1d0d4
core   0: 0x80003e14 (0x00b774b3) and     s1, a4, a1
core   0: 3 0x80003e14 (0x00b774b3) x 9 0x00000000
core   0: 0x80003e18 (0xa2a20f13) addi    t5, tp, -1494
core   0: 3 0x80003e18 (0xa2a20f13) x30 0x8001370e
core   0: 0x80003e1c (0x41b05db3) sra     s11, zero, s11
core   0: 3 0x80003e1c (0x41b05db3) x27 0x00000000
core   0: 0x80003e20 (0x40065fb3) sra     t6, a2, zero
core   0: 3 0x80003e20 (0x40065fb3) x31 0xffffffff
core   0: 0x80003e24 (0x00008d45) c.or    a0, s1
core   0: 3 0x80003e24 (0x8d45) x10 0x00000002
core   0: 0x80003e26 (0x03ae30b3) mulhu   ra, t3, s10
core   0: 3 0x80003e26 (0x03ae30b3) x 1 0x00000000
core   0: 0x80003e2a (0x00008c36) c.mv    s8, a3
core   0: 3 0x80003e2a (0x8c36) x24 0x1c2ff974
core   0: 0x80003e2c (0x01051713) slli    a4, a0, 16
core   0: 3 0x80003e2c (0x01051713) x14 0x00020000
core   0: 0x80003e30 (0xfed0a693) slti    a3, ra, -19
core   0: 3 0x80003e30 (0xfed0a693) x13 0x00000000
core   0: 0x80003e34 (0x0000873d) c.srai  a4, 15
core   0: 3 0x80003e34 (0x873d) x14 0x00000004
core   0: 0x80003e36 (0x00008d49) c.or    a0, a0
core   0: 3 0x80003e36 (0x8d49) x10 0x00000002
core   0: 0x80003e38 (0x17228b93) addi    s7, t0, 370
core   0: 3 0x80003e38 (0x17228b93) x23 0x00000191
core   0: 0x80003e3c (0x000067b5) c.lui   a5, 0xd
core   0: 3 0x80003e3c (0x67b5) x15 0x0000d000
core   0: 0x80003e3e (0x00001598) c.addi4spn a4, sp, 736
core   0: 3 0x80003e3e (0x1598) x14 0x000002c0
core   0: 0x80003e40 (0x035c9033) mulh    zero, s9, s5
core   0: 3 0x80003e40 (0x035c9033)
core   0: 0x80003e44 (0x00000bde) c.slli  s7, 23
core   0: 3 0x80003e44 (0x0bde) x23 0xc8800000
core   0: 0x80003e46 (0x000099fd) c.andi  a1, -1
core   0: 3 0x80003e46 (0x99fd) x11 0x2eb1d0d4
core   0: 0x80003e48 (0x0281e133) rem     sp, gp, s0
core   0: 3 0x80003e48 (0x0281e133) x 2 0x00000036
core   0: 0x80003e4c (0x8da02913) slti    s2, zero, -1830
core   0: 3 0x80003e4c (0x8da02913) x18 0x00000000
core   0: 0x80003e50 (0x005177b3) and     a5, sp, t0
core   0: 3 0x80003e50 (0x005177b3) x15 0x00000016
core   0: 0x80003e54 (0x00009f3e) c.add   t5, a5
core   0: 3 0x80003e54 (0x9f3e) x30 0x80013724
core   0: 0x80003e56 (0x00235293) srli    t0, t1, 2
core   0: 3 0x80003e56 (0x00235293) x 5 0x20000000
core   0: 0x80003e5a (0x00f36833) or      a6, t1, a5
core   0: 3 0x80003e5a (0x00f36833) x16 0x80000016
core   0: 0x80003e5e (0x010cf033) and     zero, s9, a6
core   0: 3 0x80003e5e (0x010cf033)
core   0: 0x80003e62 (0x00000001) c.nop
core   0: 3 0x80003e62 (0x0001)
core   0: 0x80003e64 (0x000006c9) c.addi  a3, 18
core   0: 3 0x80003e64 (0x06c9) x13 0x00000012
core   0: 0x80003e66 (0xac15e893) ori     a7, a1, -1343
core   0: 3 0x80003e66 (0xac15e893) x17 0xfffffad5
core   0: 0x80003e6a (0x03ded6b3) divu    a3, t4, t4
core   0: 3 0x80003e6a (0x03ded6b3) x13 0x00000001
core   0: 0x80003e6e (0x40565a93) srai    s5, a2, 5
core   0: 3 0x80003e6e (0x40565a93) x21 0xffffffff
core   0: 0x80003e72 (0x03c29ab3) mulh    s5, t0, t3
core   0: 3 0x80003e72 (0x03c29ab3) x21 0xfffffe00
core   0: 0x80003e76 (0x20158913) addi    s2, a1, 513
core   0: 3 0x80003e76 (0x20158913) x18 0x2eb1d2d5
core   0: 0x80003e7a (0x00001b84) c.addi4spn s1, sp, 496
core   0: 3 0x80003e7a (0x1b84) x 9 0x00000226
core   0: 0x80003e7c (0x000d38b3) sltu    a7, s10, zero
core   0: 3 0x80003e7c (0x000d38b3) x17 0x00000000
core   0: 0x80003e80 (0x03a521b3) mulhsu  gp, a0, s10
core   0: 3 0x80003e80 (0x03a521b3) x 3 0x00000000
core   0: 0x80003e84 (0x0000717d) c.addi16sp sp, -16
core   0: 3 0x80003e84 (0x717d) x 2 0x00000026
core   0: 0x80003e86 (0x00006135) c.addi16sp sp, 352
core   0: 3 0x80003e86 (0x6135) x 2 0x00000186
core   0: 0x80003e88 (0x018c31b3) sltu    gp, s8, s8
core   0: 3 0x80003e88 (0x018c31b3) x 3 0x00000000
core   0: 0x80003e8c (0x00008d75) c.and   a0, a3
core   0: 3 0x80003e8c (0x8d75) x10 0x00000000
core   0: 0x80003e8e (0x00000915) c.addi  s2, 5
core   0: 3 0x80003e8e (0x0915) x18 0x2eb1d2da
core   0: 0x80003e90 (0xf5f56a93) ori     s5, a0, -161
core   0: 3 0x80003e90 (0xf5f56a93) x21 0xffffff5f
core   0: 0x80003e94 (0xd8d0f6b7) lui     a3, 0xd8d0f
core   0: 3 0x80003e94 (0xd8d0f6b7) x13 0xd8d0f000
core   0: 0x80003e98 (0x00000e1c) c.addi4spn a5, sp, 784
core   0: 3 0x80003e98 (0x0e1c) x15 0x00000496
core   0: 0x80003e9a (0x00006291) c.lui   t0, 0x4
core   0: 3 0x80003e9a (0x6291) x 5 0x00004000
core   0: 0x80003e9c (0x00354833) xor     a6, a0, gp
core   0: 3 0x80003e9c (0x00354833) x16 0x00000000
core   0: 0x80003ea0 (0x411ed133) sra     sp, t4, a7
core   0: 3 0x80003ea0 (0x411ed133) x 2 0x90b84e98
core   0: 0x80003ea4 (0x021918b3) mulh    a7, s2, ra
core   0: 3 0x80003ea4 (0x021918b3) x17 0x00000000
core   0: 0x80003ea8 (0x02e098b3) mulh    a7, ra, a4
core   0: 3 0x80003ea8 (0x02e098b3) x17 0x00000000
core   0: 0x80003eac (0x00008f05) c.sub   a4, s1
core   0: 3 0x80003eac (0x8f05) x14 0x0000009a
core   0: 0x80003eae (0x00fda5b3) slt     a1, s11, a5
core   0: 3 0x80003eae (0x00fda5b3) x11 0x00000001
core   0: 0x80003eb2 (0x3d172f93) slti    t6, a4, 977
core   0: 3 0x80003eb2 (0x3d172f93) x31 0x00000001
core   0: 0x80003eb6 (0xb6cb4297) auipc   t0, 0xb6cb4
core   0: 3 0x80003eb6 (0xb6cb4297) x 5 0x36cb7eb6
core   0: 0x80003eba (0x031f0c33) mul     s8, t5, a7
core   0: 3 0x80003eba (0x031f0c33) x24 0x00000000
core   0: 0x80003ebe (0x0000987d) c.andi  s0, -1
core   0: 3 0x80003ebe (0x987d) x 8 0xffffffb9
core   0: 0x80003ec0 (0x00008d39) c.xor   a0, a4
core   0: 3 0x80003ec0 (0x8d39) x10 0x0000009a
core   0: 0x80003ec2 (0x94c0e393) ori     t2, ra, -1716
core   0: 3 0x80003ec2 (0x94c0e393) x 7 0xfffff94c
core   0: 0x80003ec6 (0x00b15533) srl     a0, sp, a1
core   0: 3 0x80003ec6 (0x00b15533) x10 0x485c274c
core   0: 0x80003eca (0x40b15033) sra     zero, sp, a1
core   0: 3 0x80003eca (0x40b15033)
core   0: 0x80003ece (0x1ac1b993) sltiu   s3, gp, 428
core   0: 3 0x80003ece (0x1ac1b993) x19 0x00000001
core   0: 0x80003ed2 (0x00009bca) c.add   s7, s2
core   0: 3 0x80003ed2 (0x9bca) x23 0xf731d2da
core   0: 0x80003ed4 (0x00008c81) c.sub   s1, s0
core   0: 3 0x80003ed4 (0x8c81) x 9 0x0000026d
core   0: 0x80003ed6 (0x006c62b3) or      t0, s8, t1
core   0: 3 0x80003ed6 (0x006c62b3) x 5 0x80000000
core   0: 0x80003eda (0x002328b3) slt     a7, t1, sp
core   0: 3 0x80003eda (0x002328b3) x17 0x00000001
core   0: 0x80003ede (0x8bde6813) ori     a6, t3, -1859
core   0: 3 0x80003ede (0x8bde6813) x16 0xfffff8bd
core   0: 0x80003ee2 (0x000002a1) c.addi  t0, 8
core   0: 3 0x80003ee2 (0x02a1) x 5 0x80000008
core   0: 0x80003ee4 (0x01a5fc33) and     s8, a1, s10
core   0: 3 0x80003ee4 (0x01a5fc33) x24 0x00000000
core   0: 0x80003ee8 (0x400adc93) srai    s9, s5, 0
core   0: 3 0x80003ee8 (0x400adc93) x25 0xffffff5f
core   0: 0x80003eec (0xfaa54693) xori    a3, a0, -86
core   0: 3 0x80003eec (0xfaa54693) x13 0xb7a3d8e6
core   0: 0x80003ef0 (0x025da133) mulhsu  sp, s11, t0
core   0: 3 0x80003ef0 (0x025da133) x 2 0x00000000
core   0: 0x80003ef4 (0xfb584893) xori    a7, a6, -75
core   0: 3 0x80003ef4 (0xfb584893) x17 0x00000708
core   0: 0x80003ef8 (0x00ed6bb3) or      s7, s10, a4
core   0: 3 0x80003ef8 (0x00ed6bb3) x23 0x0000009a
core   0: 0x80003efc (0x40cf5693) srai    a3, t5, 12
core   0: 3 0x80003efc (0x40cf5693) x13 0xfff80013
core   0: 0x80003f00 (0x00008d35) c.xor   a0, a3
core   0: 3 0x80003f00 (0x8d35) x10 0xb7a4275f
core   0: 0x80003f02 (0x003e9513) slli    a0, t4, 3
core   0: 3 0x80003f02 (0x003e9513) x10 0x85c274c0
core   0: 0x80003f06 (0x027b7433) remu    s0, s6, t2
core   0: 3 0x80003f06 (0x027b7433) x 8 0x00000000
core   0: 0x80003f0a (0x0000567d) c.li    a2, -1
core   0: 3 0x80003f0a (0x567d) x12 0xffffffff
core   0: 0x80003f0c (0x01f897b3) sll     a5, a7, t6
core   0: 3 0x80003f0c (0x01f897b3) x15 0x00000e10
core   0: 0x80003f10 (0x000001d2) c.slli  gp, 20
core   0: 3 0x80003f10 (0x01d2) x 3 0x00000000
core   0: 0x80003f12 (0x011179b3) and     s3, sp, a7
core   0: 3 0x80003f12 (0x011179b3) x19 0x00000000
core   0: 0x80003f16 (0x0391b133) mulhu   sp, gp, s9
core   0: 3 0x80003f16 (0x0391b133) x 2 0x00000000
core   0: 0x80003f1a (0x00008d49) c.or    a0, a0
core   0: 3 0x80003f1a (0x8d49) x10 0x85c274c0
core   0: 0x80003f1c (0x3ac42c37) lui     s8, 0x3ac42
core   0: 3 0x80003f1c (0x3ac42c37) x24 0x3ac42000
core   0: 0x80003f20 (0x40b7d413) srai    s0, a5, 11
core   0: 3 0x80003f20 (0x40b7d413) x 8 0x00000001
core   0: 0x80003f24 (0x01109033) sll     zero, ra, a7
core   0: 3 0x80003f24 (0x01109033)
core   0: 0x80003f28 (0x01cbdcb3) srl     s9, s7, t3
core   0: 3 0x80003f28 (0x01cbdcb3) x25 0x0000009a
core   0: 0x80003f2c (0x0000997d) c.andi  a0, -1
core   0: 3 0x80003f2c (0x997d) x10 0x85c274c0
core   0: 0x80003f2e (0x00008c31) c.xor   s0, a2
core   0: 3 0x80003f2e (0x8c31) x 8 0xfffffffe
core   0: 0x80003f30 (0x03529b33) mulh    s6, t0, s5
core   0: 3 0x80003f30 (0x03529b33) x22 0x00000050
core   0: 0x80003f34 (0x033edc33) divu    s8, t4, s3
core   0: 3 0x80003f34 (0x033edc33) x24 0xffffffff
core   0: 0x80003f38 (0x0208c3b3) div     t2, a7, zero
core   0: 3 0x80003f38 (0x0208c3b3) x 7 0xffffffff
core   0: 0x80003f3c (0x764fcd93) xori    s11, t6, 1892
core   0: 3 0x80003f3c (0x764fcd93) x27 0x00000765
core   0: 0x80003f40 (0x00008f61) c.and   a4, s0
core   0: 3 0x80003f40 (0x8f61) x14 0x0000009a
core   0: 0x80003f42 (0x00c4e2b3) or      t0, s1, a2
core   0: 3 0x80003f42 (0x00c4e2b3) x 5 0xffffffff
core   0: 0x80003f46 (0x00008e89) c.sub   a3, a0
core   0: 3 0x80003f46 (0x8e89) x13 0x7a358b53
core   0: 0x80003f48 (0xa1d03b13) sltiu   s6, zero, -1507
core   0: 3 0x80003f48 (0xa1d03b13) x22 0x00000001
core   0: 0x80003f4c (0x00d51493) slli    s1, a0, 13
core   0: 3 0x80003f4c (0x00d51493) x 9 0x4e980000
core   0: 0x80003f50 (0x00006fc1) c.lui   t6, 0x10
core   0: 3 0x80003f50 (0x6fc1) x31 0x00010000
core   0: 0x80003f52 (0x02ed8bb3) mul     s7, s11, a4
core   0: 3 0x80003f52 (0x02ed8bb3) x23 0x000472c2
core   0: 0x80003f56 (0x00d121b3) slt     gp, sp, a3
core   0: 3 0x80003f56 (0x00d121b3) x 3 0x00000001
core   0: 0x80003f5a (0x154f9537) lui     a0, 0x154f9
core   0: 3 0x80003f5a (0x154f9537) x10 0x154f9000
core   0: 0x80003f5e (0x01974f33) xor     t5, a4, s9
core   0: 3 0x80003f5e (0x01974f33) x30 0x00000000
core   0: 0x80003f62 (0x000087a5) c.srai  a5, 9
core   0: 3 0x80003f62 (0x87a5) x15 0x00000007
core   0: 0x80003f64 (0x00008f7d) c.and   a4, a5
core   0: 3 0x80003f64 (0x8f7d) x14 0x00000002
core   0: 0x80003f66 (0x03329b33) mulh    s6, t0, s3
core   0: 3 0x80003f66 (0x03329b33) x22 0x00000000
core   0: 0x80003f6a (0x000018fd) c.addi  a7, -1
core   0: 3 0x80003f6a (0x18fd) x17 0x00000707
core   0: 0x80003f6c (0x0000147d) c.addi  s0, -1
core   0: 3 0x80003f6c (0x147d) x 8 0xfffffffd
core   0: 0x80003f6e (0x0000612d) c.addi16sp sp, 224
core   0: 3 0x80003f6e (0x612d) x 2 0x000000e0
core   0: 0x80003f70 (0x01dcd393) srli    t2, s9, 29
core   0: 3 0x80003f70 (0x01dcd393) x 7 0x00000000
core   0: 0x80003f74 (0x1ce7cc93) xori    s9, a5, 462
core   0: 3 0x80003f74 (0x1ce7cc93) x25 0x000001c9
core   0: 0x80003f78 (0x0000818a) c.mv    gp, sp
core   0: 3 0x80003f78 (0x818a) x 3 0x000000e0
core   0: 0x80003f7a (0xc3235d17) auipc   s10, 0xc3235
core   0: 3 0x80003f7a (0xc3235d17) x26 0x43238f7a
core   0: 0x80003f7e (0x01850db3) add     s11, a0, s8
core   0: 3 0x80003f7e (0x01850db3) x27 0x154f8fff
core   0: 0x80003f82 (0x00d9e133) or      sp, s3, a3
core   0: 3 0x80003f82 (0x00d9e133) x 2 0x7a358b53
core   0: 0x80003f86 (0x007991b3) sll     gp, s3, t2
core   0: 3 0x80003f86 (0x007991b3) x 3 0x00000000
core   0: 0x80003f8a (0x01874633) xor     a2, a4, s8
core   0: 3 0x80003f8a (0x01874633) x12 0xfffffffd
core   0: 0x80003f8e (0x038dcab3) div     s5, s11, s8
core   0: 3 0x80003f8e (0x038dcab3) x21 0xeab07001
core   0: 0x80003f92 (0x00001e88) c.addi4spn a0, sp, 880
core   0: 3 0x80003f92 (0x1e88) x10 0x7a358ec3
core   0: 0x80003f94 (0x0226b833) mulhu   a6, a3, sp
core   0: 3 0x80003f94 (0x0226b833) x16 0x3a5713fe
core   0: 0x80003f98 (0x000080f6) c.mv    ra, t4
core   0: 3 0x80003f98 (0x80f6) x 1 0x90b84e98
core   0: 0x80003f9a (0x000003f2) c.slli  t2, 28
core   0: 3 0x80003f9a (0x03f2) x 7 0x00000000
core   0: 0x80003f9c (0x00008fed) c.and   a5, a1
core   0: 3 0x80003f9c (0x8fed) x15 0x00000001
core   0: 0x80003f9e (0x00008475) c.srai  s0, 29
core   0: 3 0x80003f9e (0x8475) x 8 0xffffffff
core   0: 0x80003fa0 (0x37ce6e13) ori     t3, t3, 892
core   0: 3 0x80003fa0 (0x37ce6e13) x28 0xfffff37c
core   0: 0x80003fa4 (0x409100b3) sub     ra, sp, s1
core   0: 3 0x80003fa4 (0x409100b3) x 1 0x2b9d8b53
core   0: 0x80003fa8 (0x00fbb833) sltu    a6, s7, a5
core   0: 3 0x80003fa8 (0x00fbb833) x16 0x00000000
core   0: 0x80003fac (0x00008439) c.srai  s0, 14
core   0: 3 0x80003fac (0x8439) x 8 0xffffffff
core   0: 0x80003fae (0x000096ca) c.add   a3, s2
core   0: 3 0x80003fae (0x96ca) x13 0xa8e75e2d
core   0: 0x80003fb0 (0x00004715) c.li    a4, 5
core   0: 3 0x80003fb0 (0x4715) x14 0x00000005
core   0: 0x80003fb2 (0x0000480d) c.li    a6, 3
core   0: 3 0x80003fb2 (0x480d) x16 0x00000003
core   0: 0x80003fb4 (0x01939e93) slli    t4, t2, 25
core   0: 3 0x80003fb4 (0x01939e93) x29 0x00000000
core   0: 0x80003fb8 (0x007cce33) xor     t3, s9, t2
core   0: 3 0x80003fb8 (0x007cce33) x28 0x000001c9
core   0: 0x80003fbc (0x00008ed5) c.or    a3, a3
core   0: 3 0x80003fbc (0x8ed5) x13 0xa8e75e2d
core   0: 0x80003fbe (0xc2cd2d93) slti    s11, s10, -980
core   0: 3 0x80003fbe (0xc2cd2d93) x27 0x00000000
core   0: 0x80003fc2 (0x000082d1) c.srli  a3, 20
core   0: 3 0x80003fc2 (0x82d1) x13 0x00000a8e
core   0: 0x80003fc4 (0x4181deb3) sra     t4, gp, s8
core   0: 3 0x80003fc4 (0x4181deb3) x29 0x00000000
core   0: 0x80003fc8 (0x00008d61) c.and   a0, s0
core   0: 3 0x80003fc8 (0x8d61) x10 0x7a358ec3
core   0: 0x80003fca (0x00000936) c.slli  s2, 13
core   0: 3 0x80003fca (0x0936) x18 0x3a5b4000
core   0: 0x80003fcc (0xfba3a813) slti    a6, t2, -70
core   0: 3 0x80003fcc (0xfba3a813) x16 0x00000000
core   0: 0x80003fd0 (0x00000001) c.nop
core   0: 3 0x80003fd0 (0x0001)
core   0: 0x80003fd2 (0x00008f45) c.or    a4, s1
core   0: 3 0x80003fd2 (0x8f45) x14 0x4e980005
core   0: 0x80003fd4 (0x00000001) c.nop
core   0: 3 0x80003fd4 (0x0001)
core   0: 0x80003fd6 (0x03b5ffb3) remu    t6, a1, s11
core   0: 3 0x80003fd6 (0x03b5ffb3) x31 0x00000001
core   0: 0x80003fda (0x00008d8d) c.sub   a1, a1
core   0: 3 0x80003fda (0x8d8d) x11 0x00000000
core   0: 0x80003fdc (0x00001c00) c.addi4spn s0, sp, 560
core   0: 3 0x80003fdc (0x1c00) x 8 0x7a358d83
core   0: 0x80003fde (0x00008ef9) c.and   a3, a4
core   0: 3 0x80003fde (0x8ef9) x13 0x00000004
core   0: 0x80003fe0 (0x00000e94) c.addi4spn a3, sp, 848
core   0: 3 0x80003fe0 (0x0e94) x13 0x7a358ea3
core   0: 0x80003fe2 (0x00008fbd) c.xor   a5, a5
core   0: 3 0x80003fe2 (0x8fbd) x15 0x00000000
core   0: 0x80003fe4 (0x031084b3) mul     s1, ra, a7
core   0: 3 0x80003fe4 (0x031084b3) x 9 0x801e1445
core   0: 0x80003fe8 (0x0088d013) srli    zero, a7, 8
core   0: 3 0x80003fe8 (0x0088d013)
core   0: 0x80003fec (0x00008ed9) c.or    a3, a4
core   0: 3 0x80003fec (0x8ed9) x13 0x7ebd8ea7
core   0: 0x80003fee (0x00008c6d) c.and   s0, a1
core   0: 3 0x80003fee (0x8c6d) x 8 0x00000000
core   0: 0x80003ff0 (0x413e5c93) srai    s9, t3, 19
core   0: 3 0x80003ff0 (0x413e5c93) x25 0x00000000
core   0: 0x80003ff4 (0xec3bef13) ori     t5, s7, -317
core   0: 3 0x80003ff4 (0xec3bef13) x30 0xfffffec3
core   0: 0x80003ff8 (0x000000ea) c.slli  ra, 26
core   0: 3 0x80003ff8 (0x00ea) x 1 0x4c000000
core   0: 0x80003ffa (0x00000001) c.nop
core   0: 3 0x80003ffa (0x0001)
core   0: 0x80003ffc (0x3d9ff1b7) lui     gp, 0x3d9ff
core   0: 3 0x80003ffc (0x3d9ff1b7) x 3 0x3d9ff000
core   0: 0x80004000 (0x00000001) c.nop
core   0: 3 0x80004000 (0x0001)
core   0: 0x80004002 (0x00000001) c.nop
core   0: 3 0x80004002 (0x0001)
core   0: 0x80004004 (0x000002da) c.slli  t0, 22
core   0: 3 0x80004004 (0x02da) x 5 0xffc00000
core   0: 0x80004006 (0x00005f7d) c.li    t5, -1
core   0: 3 0x80004006 (0x5f7d) x30 0xffffffff
core   0: 0x80004008 (0x016194b3) sll     s1, gp, s6
core   0: 3 0x80004008 (0x016194b3) x 9 0x3d9ff000
core   0: 0x8000400c (0xcfe5f413) andi    s0, a1, -770
core   0: 3 0x8000400c (0xcfe5f413) x 8 0x00000000
core   0: 0x80004010 (0x00008ecd) c.or    a3, a1
core   0: 3 0x80004010 (0x8ecd) x13 0x7ebd8ea7
core   0: 0x80004012 (0x000056fd) c.li    a3, -1
core   0: 3 0x80004012 (0x56fd) x13 0xffffffff
core   0: 0x80004014 (0x00a35513) srli    a0, t1, 10
core   0: 3 0x80004014 (0x00a35513) x10 0x00200000
core   0: 0x80004018 (0x0017d533) srl     a0, a5, ra
core   0: 3 0x80004018 (0x0017d533) x10 0x00000000
core   0: 0x8000401c (0x03a3deb3) divu    t4, t2, s10
core   0: 3 0x8000401c (0x03a3deb3) x29 0x00000000
core   0: 0x80004020 (0x03f08e33) mul     t3, ra, t6
core   0: 3 0x80004020 (0x03f08e33) x28 0x4c000000
core   0: 0x80004024 (0x034c36b3) mulhu   a3, s8, s4
core   0: 3 0x80004024 (0x034c36b3) x13 0x8000fe63
core   0: 0x80004028 (0x21feadb7) lui     s11, 0x21fea
core   0: 3 0x80004028 (0x21feadb7) x27 0x21fea000
core   0: 0x8000402c (0x002fd093) srli    ra, t6, 2
core   0: 3 0x8000402c (0x002fd093) x 1 0x00000000
core   0: 0x80004030 (0x0000177d) c.addi  a4, -1
core   0: 3 0x80004030 (0x177d) x14 0x4e980004
core   0: 0x80004032 (0x0277e833) rem     a6, a5, t2
core   0: 3 0x80004032 (0x0277e833) x16 0x00000000
core   0: 0x80004036 (0x2a2f2993) slti    s3, t5, 674
core   0: 3 0x80004036 (0x2a2f2993) x19 0x00000001
core   0: 0x8000403a (0x00004f31) c.li    t5, 12
core   0: 3 0x8000403a (0x4f31) x30 0x0000000c
core   0: 0x8000403c (0x0206fe33) remu    t3, a3, zero
core   0: 3 0x8000403c (0x0206fe33) x28 0x8000fe63
core   0: 0x80004040 (0x743f0093) addi    ra, t5, 1859
core   0: 3 0x80004040 (0x743f0093) x 1 0x0000074f
core   0: 0x80004044 (0x00009bfd) c.andi  a5, -1
core   0: 3 0x80004044 (0x9bfd) x15 0x00000000
core   0: 0x80004046 (0x00008c7d) c.and   s0, a5
core   0: 3 0x80004046 (0x8c7d) x 8 0x00000000
core   0: 0x80004048 (0x4f3ca193) slti    gp, s9, 1267
core   0: 3 0x80004048 (0x4f3ca193) x 3 0x00000001
core   0: 0x8000404c (0x00769db3) sll     s11, a3, t2
core   0: 3 0x8000404c (0x00769db3) x27 0x8000fe63
core   0: 0x80004050 (0x00000001) c.nop
core   0: 3 0x80004050 (0x0001)
core   0: 0x80004052 (0x02835533) divu    a0, t1, s0
core   0: 3 0x80004052 (0x02835533) x10 0xffffffff
core   0: 0x80004056 (0x002b94b3) sll     s1, s7, sp
core   0: 3 0x80004056 (0x002b94b3) x 9 0x96100000
core   0: 0x8000405a (0x023d41b3) div     gp, s10, gp
core   0: 3 0x8000405a (0x023d41b3) x 3 0x43238f7a
core   0: 0x8000405e (0x84deb117) auipc   sp, 0x84deb
core   0: 3 0x8000405e (0x84deb117) x 2 0x04def05e
core   0: 0x80004062 (0x00008379) c.srli  a4, 30
core   0: 3 0x80004062 (0x8379) x14 0x00000001
core   0: 0x80004064 (0x00000145) c.addi  sp, 17
core   0: 3 0x80004064 (0x0145) x 2 0x04def06f
core   0: 0x80004066 (0x00008f55) c.or    a4, a3
core   0: 3 0x80004066 (0x8f55) x14 0x8000fe63
core   0: 0x80004068 (0x01685cb3) srl     s9, a6, s6
core   0: 3 0x80004068 (0x01685cb3) x25 0x00000000
core   0: 0x8000406c (0x000006e6) c.slli  a3, 25
core   0: 3 0x8000406c (0x06e6) x13 0xc6000000
core   0: 0x8000406e (0x0078d993) srli    s3, a7, 7
core   0: 3 0x8000406e (0x0078d993) x19 0x0000000e
core   0: 0x80004072 (0x00001604) c.addi4spn s1, sp, 800
core   0: 3 0x80004072 (0x1604) x 9 0x04def38f
core   0: 0x80004074 (0x00c5f433) and     s0, a1, a2
core   0: 3 0x80004074 (0x00c5f433) x 8 0x00000000
core   0: 0x80004078 (0x000067b1) c.lui   a5, 0xc
core   0: 3 0x80004078 (0x67b1) x15 0x0000c000
core   0: 0x8000407a (0x009395b3) sll     a1, t2, s1
core   0: 3 0x8000407a (0x009395b3) x11 0x00000000
core   0: 0x8000407e (0x99774a97) auipc   s5, 0x99774
core   0: 3 0x8000407e (0x99774a97) x21 0x1977807e
core   0: 0x80004082 (0x00008129) c.srli  a0, 10
core   0: 3 0x80004082 (0x8129) x10 0x003fffff
core   0: 0x80004084 (0x0025da93) srli    s5, a1, 2
core   0: 3 0x80004084 (0x0025da93) x21 0x00000000
core   0: 0x80004088 (0x2493f613) andi    a2, t2, 585
core   0: 3 0x80004088 (0x2493f613) x12 0x00000000
core   0: 0x8000408c (0x014215b3) sll     a1, tp, s4
core   0: 3 0x8000408c (0x014215b3) x11 0x0013ce40
core   0: 0x80004090 (0x021ab033) mulhu   zero, s5, ra
core   0: 3 0x80004090 (0x021ab033)
core   0: 0x80004094 (0x000085e5) c.srai  a1, 25
core   0: 3 0x80004094 (0x85e5) x11 0x00000000
core   0: 0x80004096 (0x00008c49) c.or    s0, a0
core   0: 3 0x80004096 (0x8c49) x 8 0x003fffff
core   0: 0x80004098 (0x00cf9293) slli    t0, t6, 12
core   0: 3 0x80004098 (0x00cf9293) x 5 0x00001000
core   0: 0x8000409c (0x418a0733) sub     a4, s4, s8
core   0: 3 0x8000409c (0x418a0733) x14 0x8000fe65
core   0: 0x800040a0 (0x01e00db3) add     s11, zero, t5
core   0: 3 0x800040a0 (0x01e00db3) x27 0x0000000c
core   0: 0x800040a4 (0x03cb9933) mulh    s2, s7, t3
core   0: 3 0x800040a4 (0x03cb9933) x18 0xfffdc6a3
core   0: 0x800040a8 (0x40f3d713) srai    a4, t2, 15
core   0: 3 0x800040a8 (0x40f3d713) x14 0x00000000
core   0: 0x800040ac (0x00c4f033) and     zero, s1, a2
core   0: 3 0x800040ac (0x00c4f033)
core   0: 0x800040b0 (0x036b47b3) div     a5, s6, s6
core   0: 3 0x800040b0 (0x036b47b3) x15 0xffffffff
core   0: 0x800040b4 (0x03f18c33) mul     s8, gp, t6
core   0: 3 0x800040b4 (0x03f18c33) x24 0x43238f7a
core   0: 0x800040b8 (0x00851d33) sll     s10, a0, s0
core   0: 3 0x800040b8 (0x00851d33) x26 0x80000000
core   0: 0x800040bc (0x0245bc33) mulhu   s8, a1, tp
core   0: 3 0x800040bc (0x0245bc33) x24 0x00000000
core   0: 0x800040c0 (0x0000092e) c.slli  s2, 11
core   0: 3 0x800040c0 (0x092e) x18 0xee351800
core   0: 0x800040c2 (0x00008946) c.mv    s2, a7
core   0: 3 0x800040c2 (0x8946) x18 0x00000707
core   0: 0x800040c4 (0xb8a34713) xori    a4, t1, -1142
core   0: 3 0x800040c4 (0xb8a34713) x14 0x7ffffb8a
core   0: 0x800040c8 (0x00f43f33) sltu    t5, s0, a5
core   0: 3 0x800040c8 (0x00f43f33) x30 0x00000001
core   0: 0x800040cc (0x00000a8e) c.slli  s5, 3
core   0: 3 0x800040cc (0x0a8e) x21 0x00000000
core   0: 0x800040ce (0x00e9c9b3) xor     s3, s3, a4
core   0: 3 0x800040ce (0x00e9c9b3) x19 0x7ffffb84
core   0: 0x800040d2 (0x01051113) slli    sp, a0, 16
core   0: 3 0x800040d2 (0x01051113) x 2 0xffff0000
core   0: 0x800040d6 (0x000093f6) c.add   t2, t4
core   0: 3 0x800040d6 (0x93f6) x 7 0x00000000
core   0: 0x800040d8 (0x00008f75) c.and   a4, a3
core   0: 3 0x800040d8 (0x8f75) x14 0x46000000
core   0: 0x800040da (0x7f92f393) andi    t2, t0, 2041
core   0: 3 0x800040da (0x7f92f393) x 7 0x00000000
core   0: 0x800040de (0x0149ab33) slt     s6, s3, s4
core   0: 3 0x800040de (0x0149ab33) x22 0x00000000
core   0: 0x800040e2 (0x00b5b633) sltu    a2, a1, a1
core   0: 3 0x800040e2 (0x00b5b633) x12 0x00000000
core   0: 0x800040e6 (0x008fd433) srl     s0, t6, s0
core   0: 3 0x800040e6 (0x008fd433) x 8 0x00000000
core   0: 0x800040ea (0x03d524b3) mulhsu  s1, a0, t4
core   0: 3 0x800040ea (0x03d524b3) x 9 0x00000000
core   0: 0x800040ee (0x00000001) c.nop
core   0: 3 0x800040ee (0x0001)
core   0: 0x800040f0 (0x0062dbb3) srl     s7, t0, t1
core   0: 3 0x800040f0 (0x0062dbb3) x23 0x00001000
core   0: 0x800040f4 (0x408e5113) srai    sp, t3, 8
core   0: 3 0x800040f4 (0x408e5113) x 2 0xff8000fe
core   0: 0x800040f8 (0x03a0b6b3) mulhu   a3, ra, s10
core   0: 3 0x800040f8 (0x03a0b6b3) x13 0x000003a7
core   0: 0x800040fc (0x00000001) c.nop
core   0: 3 0x800040fc (0x0001)
core   0: 0x800040fe (0x025d2bb3) mulhsu  s7, s10, t0
core   0: 3 0x800040fe (0x025d2bb3) x23 0xfffff800
core   0: 0x80004102 (0x006418b3) sll     a7, s0, t1
core   0: 3 0x80004102 (0x006418b3) x17 0x00000000
core   0: 0x80004106 (0x0261ef33) rem     t5, gp, t1
core   0: 3 0x80004106 (0x0261ef33) x30 0x43238f7a
core   0: 0x8000410a (0x00008b3d) c.andi  a4, 15
core   0: 3 0x8000410a (0x8b3d) x14 0x00000000
core   0: 0x8000410c (0x000083ad) c.srli  a5, 11
core   0: 3 0x8000410c (0x83ad) x15 0x001fffff
core   0: 0x8000410e (0x0000597d) c.li    s2, -1
core   0: 3 0x8000410e (0x597d) x18 0xffffffff
core   0: 0x80004110 (0x405bd913) srai    s2, s7, 5
core   0: 3 0x80004110 (0x405bd913) x18 0xffffffc0
core   0: 0x80004114 (0x00eeaf33) slt     t5, t4, a4
core   0: 3 0x80004114 (0x00eeaf33) x30 0x00000000
core   0: 0x80004118 (0x00000001) c.nop
core   0: 3 0x80004118 (0x0001)
core   0: 0x8000411a (0x00ffceb3) xor     t4, t6, a5
core   0: 3 0x8000411a (0x00ffceb3) x29 0x001ffffe
core   0: 0x8000411e (0x8b85e913) ori     s2, a1, -1864
core   0: 3 0x8000411e (0x8b85e913) x18 0xfffff8b8
core   0: 0x80004122 (0x028ca733) mulhsu  a4, s9, s0
core   0: 3 0x80004122 (0x028ca733) x14 0x00000000
core   0: 0x80004126 (0x00005e7d) c.li    t3, -1
core   0: 3 0x80004126 (0x5e7d) x28 0xffffffff
core   0: 0x80004128 (0x00000822) c.slli  a6, 8
core   0: 3 0x80004128 (0x0822) x16 0x00000000
core   0: 0x8000412a (0x0000098c) c.addi4spn a1, sp, 208
core   0: 3 0x8000412a (0x098c) x11 0xff8001ce
core   0: 0x8000412c (0x000042c5) c.li    t0, 17
core   0: 3 0x8000412c (0x42c5) x 5 0x00000011
core   0: 0x8000412e (0x001253b3) srl     t2, tp, ra
core   0: 3 0x8000412e (0x001253b3) x 7 0x00010002
core   0: 0x80004132 (0x00008e2d) c.xor   a2, a1
core   0: 3 0x80004132 (0x8e2d) x12 0xff8001ce
core   0: 0x80004134 (0x92292913) slti    s2, s2, -1758
core   0: 3 0x80004134 (0x92292913) x18 0x00000001
core   0: 0x80004138 (0x4042d013) srai    zero, t0, 4
core   0: 3 0x80004138 (0x4042d013)
core   0: 0x8000413c (0x03a54ab3) div     s5, a0, s10
core   0: 3 0x8000413c (0x03a54ab3) x21 0x00000000
core   0: 0x80004140 (0x2de5b297) auipc   t0, 0x2de5b
core   0: 3 0x80004140 (0x2de5b297) x 5 0xade5f140
core   0: 0x80004144 (0x031b87b3) mul     a5, s7, a7
core   0: 3 0x80004144 (0x031b87b3) x15 0x00000000
core   0: 0x80004148 (0x00720cb3) add     s9, tp, t2
core   0: 3 0x80004148 (0x00720cb3) x25 0x80023ce6
core   0: 0x8000414c (0x02d937b3) mulhu   a5, s2, a3
core   0: 3 0x8000414c (0x02d937b3) x15 0x00000000
core   0: 0x80004150 (0x03bab6b3) mulhu   a3, s5, s11
core   0: 3 0x80004150 (0x03bab6b3) x13 0x00000000
core   0: 0x80004154 (0x028537b3) mulhu   a5, a0, s0
core   0: 3 0x80004154 (0x028537b3) x15 0x00000000
core   0: 0x80004158 (0x0000117d) c.addi  sp, -1
core   0: 3 0x80004158 (0x117d) x 2 0xff8000fd
core   0: 0x8000415a (0x029c4db3) div     s11, s8, s1
core   0: 3 0x8000415a (0x029c4db3) x27 0xffffffff
core   0: 0x8000415e (0x00008d65) c.and   a0, s1
core   0: 3 0x8000415e (0x8d65) x10 0x00000000
core   0: 0x80004160 (0x7103b813) sltiu   a6, t2, 1808
core   0: 3 0x80004160 (0x7103b813) x16 0x00000000
core   0: 0x80004164 (0x032b4833) div     a6, s6, s2
core   0: 3 0x80004164 (0x032b4833) x16 0x00000000
core   0: 0x80004168 (0x007bafb3) slt     t6, s7, t2
core   0: 3 0x80004168 (0x007bafb3) x31 0x00000001
core   0: 0x8000416c (0x00dbd493) srli    s1, s7, 13
core   0: 3 0x8000416c (0x00dbd493) x 9 0x0007ffff
core   0: 0x80004170 (0x00000001) c.nop
core   0: 3 0x80004170 (0x0001)
core   0: 0x80004172 (0x0181fab3) and     s5, gp, s8
core   0: 3 0x80004172 (0x0181fab3) x21 0x00000000
core   0: 0x80004176 (0x000086e1) c.srai  a3, 24
core   0: 3 0x80004176 (0x86e1) x13 0x00000000
core   0: 0x80004178 (0x00008f2d) c.xor   a4, a1
core   0: 3 0x80004178 (0x8f2d) x14 0xff8001ce
core   0: 0x8000417a (0x02d31d33) mulh    s10, t1, a3
core   0: 3 0x8000417a (0x02d31d33) x26 0x00000000
core   0: 0x8000417e (0x0326c1b3) div     gp, a3, s2
core   0: 3 0x8000417e (0x0326c1b3) x 3 0x00000000
core   0: 0x80004182 (0x013c9e93) slli    t4, s9, 19
core   0: 3 0x80004182 (0x013c9e93) x29 0xe7300000
core   0: 0x80004186 (0x407bde33) sra     t3, s7, t2
core   0: 3 0x80004186 (0x407bde33) x28 0xfffffe00
core   0: 0x8000418a (0x0230a0b3) mulhsu  ra, ra, gp
core   0: 3 0x8000418a (0x0230a0b3) x 1 0x00000000
core   0: 0x8000418e (0x03cd2633) mulhsu  a2, s10, t3
core   0: 3 0x8000418e (0x03cd2633) x12 0x00000000
core   0: 0x80004192 (0x019975b3) and     a1, s2, s9
core   0: 3 0x80004192 (0x019975b3) x11 0x00000000
core   0: 0x80004196 (0x0000611d) c.addi16sp sp, 416
core   0: 3 0x80004196 (0x611d) x 2 0xff80029d
core   0: 0x80004198 (0x000094da) c.add   s1, s6
core   0: 3 0x80004198 (0x94da) x 9 0x0007ffff
core   0: 0x8000419a (0x00008451) c.srai  s0, 20
core   0: 3 0x8000419a (0x8451) x 8 0x00000000
core   0: 0x8000419c (0x00f19b33) sll     s6, gp, a5
core   0: 3 0x8000419c (0x00f19b33) x22 0x00000000
core   0: 0x800041a0 (0x00008edd) c.or    a3, a5
core   0: 3 0x800041a0 (0x8edd) x13 0x00000000
core   0: 0x800041a2 (0x0000717d) c.addi16sp sp, -16
core   0: 3 0x800041a2 (0x717d) x 2 0xff80028d
core   0: 0x800041a4 (0x03ce5f33) divu    t5, t3, t3
core   0: 3 0x800041a4 (0x03ce5f33) x30 0x00000001
core   0: 0x800041a8 (0x00008eed) c.and   a3, a1
core   0: 3 0x800041a8 (0x8eed) x13 0x00000000
core   0: 0x800041aa (0x00008be2) c.mv    s7, s8
core   0: 3 0x800041aa (0x8be2) x23 0x00000000
core   0: 0x800041ac (0x00000e46) c.slli  t3, 17
core   0: 3 0x800041ac (0x0e46) x28 0xfc000000
core   0: 0x800041ae (0x00329913) slli    s2, t0, 3
core   0: 3 0x800041ae (0x00329913) x18 0x6f2f8a00
core   0: 0x800041b2 (0x0000882a) c.mv    a6, a0
core   0: 3 0x800041b2 (0x882a) x16 0x00000000
core   0: 0x800041b4 (0x02154033) div     zero, a0, ra
core   0: 3 0x800041b4 (0x02154033)
core   0: 0x800041b8 (0xcd667fb7) lui     t6, 0xcd667
core   0: 3 0x800041b8 (0xcd667fb7) x31 0xcd667000
core   0: 0x800041bc (0x00008db1) c.xor   a1, a2
core   0: 3 0x800041bc (0x8db1) x11 0x00000000
core   0: 0x800041be (0x018e0f33) add     t5, t3, s8
core   0: 3 0x800041be (0x018e0f33) x30 0xfc000000
core   0: 0x800041c2 (0x009db833) sltu    a6, s11, s1
core   0: 3 0x800041c2 (0x009db833) x16 0x00000000
core   0: 0x800041c6 (0xc96e0393) addi    t2, t3, -874
core   0: 3 0x800041c6 (0xc96e0393) x 7 0xfbfffc96
core   0: 0x800041ca (0x00af3933) sltu    s2, t5, a0
core   0: 3 0x800041ca (0x00af3933) x18 0x00000000
core   0: 0x800041ce (0x00008ffd) c.and   a5, a5
core   0: 3 0x800041ce (0x8ffd) x15 0x00000000
core   0: 0x800041d0 (0xc5cee293) ori     t0, t4, -932
core   0: 3 0x800041d0 (0xc5cee293) x 5 0xfffffc5c
core   0: 0x800041d4 (0x00583bb3) sltu    s7, a6, t0
core   0: 3 0x800041d4 (0x00583bb3) x23 0x00000001
core   0: 0x800041d8 (0x034539b3) mulhu   s3, a0, s4
core   0: 3 0x800041d8 (0x034539b3) x19 0x00000000
core   0: 0x800041dc (0xdf118697) auipc   a3, 0xdf118
core   0: 3 0x800041dc (0xdf118697) x13 0x5f11c1dc
core   0: 0x800041e0 (0x27919e97) auipc   t4, 0x27919
core   0: 3 0x800041e0 (0x27919e97) x29 0xa791d1e0
core   0: 0x800041e4 (0x0010c433) xor     s0, ra, ra
core   0: 3 0x800041e4 (0x0010c433) x 8 0x00000000
core   0: 0x800041e8 (0x000068c1) c.lui   a7, 0x10
core   0: 3 0x800041e8 (0x68c1) x17 0x00010000
core   0: 0x800041ea (0x00008ca9) c.xor   s1, a0
core   0: 3 0x800041ea (0x8ca9) x 9 0x0007ffff
core   0: 0x800041ec (0x00006171) c.addi16sp sp, 336
core   0: 3 0x800041ec (0x6171) x 2 0xff8003dd
core   0: 0x800041ee (0x00005e7d) c.li    t3, -1
core   0: 3 0x800041ee (0x5e7d) x28 0xffffffff
core   0: 0x800041f0 (0x03fd4b33) div     s6, s10, t6
core   0: 3 0x800041f0 (0x03fd4b33) x22 0x00000000
core   0: 0x800041f4 (0xd7e12193) slti    gp, sp, -642
core   0: 3 0x800041f4 (0xd7e12193) x 3 0x00000001
core   0: 0x800041f8 (0x00008f9d) c.sub   a5, a5
core   0: 3 0x800041f8 (0x8f9d) x15 0x00000000
core   0: 0x800041fa (0x02ccb6b3) mulhu   a3, s9, a2
core   0: 3 0x800041fa (0x02ccb6b3) x13 0x00000000
core   0: 0x800041fe (0x004b2eb3) slt     t4, s6, tp
core   0: 3 0x800041fe (0x004b2eb3) x29 0x00000000
core   0: 0x80004202 (0x02599ab3) mulh    s5, s3, t0
core   0: 3 0x80004202 (0x02599ab3) x21 0x00000000
core   0: 0x80004206 (0x038f8d33) mul     s10, t6, s8
core   0: 3 0x80004206 (0x038f8d33) x26 0x00000000
core   0: 0x8000420a (0x01f8e633) or      a2, a7, t6
core   0: 3 0x8000420a (0x01f8e633) x12 0xcd677000
core   0: 0x8000420e (0x00da1b33) sll     s6, s4, a3
core   0: 3 0x8000420e (0x00da1b33) x22 0x8000fe64
core   0: 0x80004212 (0x00a47db3) and     s11, s0, a0
core   0: 3 0x80004212 (0x00a47db3) x27 0x00000000
core   0: 0x80004216 (0x90137137) lui     sp, 0x90137
core   0: 3 0x80004216 (0x90137137) x 2 0x90137000
core   0: 0x8000421a (0x02c4f533) remu    a0, s1, a2
core   0: 3 0x8000421a (0x02c4f533) x10 0x0007ffff
core   0: 0x8000421e (0x02e1e133) rem     sp, gp, a4
core   0: 3 0x8000421e (0x02e1e133) x 2 0x00000001
core   0: 0x80004222 (0x00000001) c.nop
core   0: 3 0x80004222 (0x0001)
core   0: 0x80004224 (0x00008edd) c.or    a3, a5
core   0: 3 0x80004224 (0x8edd) x13 0x00000000
core   0: 0x80004226 (0x00da7f33) and     t5, s4, a3
core   0: 3 0x80004226 (0x00da7f33) x30 0x00000000
core   0: 0x8000422a (0x00fd7c33) and     s8, s10, a5
core   0: 3 0x8000422a (0x00fd7c33) x24 0x00000000
core   0: 0x8000422e (0x03036e33) rem     t3, t1, a6
core   0: 3 0x8000422e (0x03036e33) x28 0x80000000
core   0: 0x80004232 (0x00008c65) c.and   s0, s1
core   0: 3 0x80004232 (0x8c65) x 8 0x00000000
core   0: 0x80004234 (0x000053fd) c.li    t2, -1
core   0: 3 0x80004234 (0x53fd) x 7 0xffffffff
core   0: 0x80004236 (0x00387433) and     s0, a6, gp
core   0: 3 0x80004236 (0x00387433) x 8 0x00000000
core   0: 0x8000423a (0x00008d29) c.xor   a0, a0
core   0: 3 0x8000423a (0x8d29) x10 0x00000000
core   0: 0x8000423c (0x00000fd2) c.slli  t6, 20
core   0: 3 0x8000423c (0x0fd2) x31 0x00000000
core   0: 0x8000423e (0x00009c5a) c.add   s8, s6
core   0: 3 0x8000423e (0x9c5a) x24 0x8000fe64
core   0: 0x80004240 (0x00001d84) c.addi4spn s1, sp, 752
core   0: 3 0x80004240 (0x1d84) x 9 0x000002f1
core   0: 0x80004242 (0x022ebdb3) mulhu   s11, t4, sp
core   0: 3 0x80004242 (0x022ebdb3) x27 0x00000000
core   0: 0x80004246 (0x414c0e33) sub     t3, s8, s4
core   0: 3 0x80004246 (0x414c0e33) x28 0x00000000
core   0: 0x8000424a (0x000093fa) c.add   t2, t5
core   0: 3 0x8000424a (0x93fa) x 7 0xffffffff
core   0: 0x8000424c (0x0202d2b3) divu    t0, t0, zero
core   0: 3 0x8000424c (0x0202d2b3) x 5 0xffffffff
core   0: 0x80004250 (0x00009532) c.add   a0, a2
core   0: 3 0x80004250 (0x9532) x10 0xcd677000
core   0: 0x80004252 (0x0139dc93) srli    s9, s3, 19
core   0: 3 0x80004252 (0x0139dc93) x25 0x00000000
core   0: 0x80004256 (0x00006711) c.lui   a4, 0x4
core   0: 3 0x80004256 (0x6711) x14 0x00004000
core   0: 0x80004258 (0x00008dcd) c.or    a1, a1
core   0: 3 0x80004258 (0x8dcd) x11 0x00000000
core   0: 0x8000425a (0x00758f33) add     t5, a1, t2
core   0: 3 0x8000425a (0x00758f33) x30 0xffffffff
core   0: 0x8000425e (0x00008d4a) c.mv    s10, s2
core   0: 3 0x8000425e (0x8d4a) x26 0x00000000
core   0: 0x80004260 (0x03471c33) mulh    s8, a4, s4
core   0: 3 0x80004260 (0x03471c33) x24 0xffffe000
core   0: 0x80004264 (0x0000897e) c.mv    s2, t6
core   0: 3 0x80004264 (0x897e) x18 0x00000000
core   0: 0x80004266 (0x03729733) mulh    a4, t0, s7
core   0: 3 0x80004266 (0x03729733) x14 0xffffffff
core   0: 0x8000426a (0x262b4e13) xori    t3, s6, 610
core   0: 3 0x8000426a (0x262b4e13) x28 0x8000fc06
core   0: 0x8000426e (0x00920d33) add     s10, tp, s1
core   0: 3 0x8000426e (0x00920d33) x26 0x80013fd5
core   0: 0x80004272 (0x02b08033) mul     zero, ra, a1
core   0: 3 0x80004272 (0x02b08033)
core   0: 0x80004276 (0x01271293) slli    t0, a4, 18
core   0: 3 0x80004276 (0x01271293) x 5 0xfffc0000
core   0: 0x8000427a (0x00009466) c.add   s0, s9
core   0: 3 0x8000427a (0x9466) x 8 0x00000000
core   0: 0x8000427c (0xd8ec4917) auipc   s2, 0xd8ec4
core   0: 3 0x8000427c (0xd8ec4917) x18 0x58ec827c
core   0: 0x80004280 (0x0ef3e913) ori     s2, t2, 239
core   0: 3 0x80004280 (0x0ef3e913) x18 0xffffffff
core   0: 0x80004284 (0x19d2b493) sltiu   s1, t0, 413
core   0: 3 0x80004284 (0x19d2b493) x 9 0x00000000
core   0: 0x80004288 (0x02daa1b3) mulhsu  gp, s5, a3
core   0: 3 0x80004288 (0x02daa1b3) x 3 0x00000000
core   0: 0x8000428c (0x02d99633) mulh    a2, s3, a3
core   0: 3 0x8000428c (0x02d99633) x12 0x00000000
core   0: 0x80004290 (0x023f54b3) divu    s1, t5, gp
core   0: 3 0x80004290 (0x023f54b3) x 9 0xffffffff
core   0: 0x80004294 (0x02e26fb3) rem     t6, tp, a4
core   0: 3 0x80004294 (0x02e26fb3) x31 0x00000000
core   0: 0x80004298 (0x008609b3) add     s3, a2, s0
core   0: 3 0x80004298 (0x008609b3) x19 0x00000000
core   0: 0x8000429c (0x02658633) mul     a2, a1, t1
core   0: 3 0x8000429c (0x02658633) x12 0x00000000
core   0: 0x800042a0 (0x00008ee1) c.and   a3, s0
core   0: 3 0x800042a0 (0x8ee1) x13 0x00000000
core   0: 0x800042a2 (0x00004d81) c.li    s11, 0
core   0: 3 0x800042a2 (0x4d81) x27 0x00000000
core   0: 0x800042a4 (0x800005b7) lui     a1, 0x80000
core   0: 3 0x800042a4 (0x800005b7) x11 0x80000000
core   0: 0x800042a8 (0xfff00b93) li      s7, -1
core   0: 3 0x800042a8 (0xfff00b93) x23 0xffffffff
core   0: 0x800042ac (0x800008b7) lui     a7, 0x80000
core   0: 3 0x800042ac (0x800008b7) x17 0x80000000
core   0: 0x800042b0 (0x00004101) c.li    sp, 0
core   0: 3 0x800042b0 (0x4101) x 2 0x00000000
core   0: 0x800042b2 (0x00004281) c.li    t0, 0
core   0: 3 0x800042b2 (0x4281) x 5 0x00000000
core   0: 0x800042b4 (0xfff00413) li      s0, -1
core   0: 3 0x800042b4 (0xfff00413) x 8 0xffffffff
core   0: 0x800042b8 (0xbb3681b7) lui     gp, 0xbb368
core   0: 3 0x800042b8 (0xbb3681b7) x 3 0xbb368000
core   0: 0x800042bc (0x41618193) addi    gp, gp, 1046
core   0: 3 0x800042bc (0x41618193) x 3 0xbb368416
core   0: 0x800042c0 (0x00004e81) c.li    t4, 0
core   0: 3 0x800042c0 (0x4e81) x29 0x00000000
core   0: 0x800042c2 (0x00004981) c.li    s3, 0
core   0: 3 0x800042c2 (0x4981) x19 0x00000000
core   0: 0x800042c4 (0x03b5f1b3) remu    gp, a1, s11
core   0: 3 0x800042c4 (0x03b5f1b3) x 3 0x80000000
core   0: 0x800042c8 (0x41740433) sub     s0, s0, s7
core   0: 3 0x800042c8 (0x41740433) x 8 0x00000000
core   0: 0x800042cc (0x0338adb3) mulhsu  s11, a7, s3
core   0: 3 0x800042cc (0x0338adb3) x27 0x00000000
core   0: 0x800042d0 (0x037428b3) mulhsu  a7, s0, s7
core   0: 3 0x800042d0 (0x037428b3) x17 0x00000000
core   0: 0x800042d4 (0xab912297) auipc   t0, 0xab912
core   0: 3 0x800042d4 (0xab912297) x 5 0x2b9162d4
core   0: 0x800042d8 (0x02e11117) auipc   sp, 0x2e11
core   0: 3 0x800042d8 (0x02e11117) x 2 0x82e152d8
core   0: 0x800042dc (0x02216133) rem     sp, sp, sp
core   0: 3 0x800042dc (0x02216133) x 2 0x00000000
core   0: 0x800042e0 (0x22de8893) addi    a7, t4, 557
core   0: 3 0x800042e0 (0x22de8893) x17 0x0000022d
core   0: 0x800042e4 (0x02b402b3) mul     t0, s0, a1
core   0: 3 0x800042e4 (0x02b402b3) x 5 0x00000000
core   0: 0x800042e8 (0xc43308b7) lui     a7, 0xc4330
core   0: 3 0x800042e8 (0xc43308b7) x17 0xc4330000
core   0: 0x800042ec (0x408b89b3) sub     s3, s7, s0
core   0: 3 0x800042ec (0x408b89b3) x19 0xffffffff
core   0: 0x800042f0 (0x02b5c2b3) div     t0, a1, a1
core   0: 3 0x800042f0 (0x02b5c2b3) x 5 0x00000001
core   0: 0x800042f4 (0x03d18eb3) mul     t4, gp, t4
core   0: 3 0x800042f4 (0x03d18eb3) x29 0x00000000
core   0: 0x800042f8 (0x7226ceb7) lui     t4, 0x7226c
core   0: 3 0x800042f8 (0x7226ceb7) x29 0x7226c000
core   0: 0x800042fc (0x023eeeb3) rem     t4, t4, gp
core   0: 3 0x800042fc (0x023eeeb3) x29 0x7226c000
core   0: 0x80004300 (0x0282b433) mulhu   s0, t0, s0
core   0: 3 0x80004300 (0x0282b433) x 8 0x00000000
core   0: 0x80004304 (0x033168b3) rem     a7, sp, s3
core   0: 3 0x80004304 (0x033168b3) x17 0x00000000
core   0: 0x80004308 (0x0289a133) mulhsu  sp, s3, s0
core   0: 3 0x80004308 (0x0289a133) x 2 0x00000000
core   0: 0x8000430c (0x02b142b3) div     t0, sp, a1
core   0: 3 0x8000430c (0x02b142b3) x 5 0x00000000
core   0: 0x80004310 (0x00000001) c.nop
core   0: 3 0x80004310 (0x0001)
core   0: 0x80004312 (0x023d9db3) mulh    s11, s11, gp
core   0: 3 0x80004312 (0x023d9db3) x27 0x00000000
core   0: 0x80004316 (0x2cfb59b7) lui     s3, 0x2cfb5
core   0: 3 0x80004316 (0x2cfb59b7) x19 0x2cfb5000
core   0: 0x8000431a (0x03d192b3) mulh    t0, gp, t4
core   0: 3 0x8000431a (0x03d192b3) x 5 0xc6eca000
core   0: 0x8000431e (0xe43ed197) auipc   gp, 0xe43ed
core   0: 3 0x8000431e (0xe43ed197) x 3 0x643f131e
core   0: 0x80004322 (0x02515bb3) divu    s7, sp, t0
core   0: 3 0x80004322 (0x02515bb3) x23 0x00000000
core   0: 0x80004326 (0x02b14633) div     a2, sp, a1
core   0: 3 0x80004326 (0x02b14633) x12 0x00000000
core   0: 0x8000432a (0xa2327e13) andi    t3, tp, -1501
core   0: 3 0x8000432a (0xa2327e13) x28 0x80013820
core   0: 0x8000432e (0x007ba2b3) slt     t0, s7, t2
core   0: 3 0x8000432e (0x007ba2b3) x 5 0x00000000
core   0: 0x80004332 (0x000014fd) c.addi  s1, -1
core   0: 3 0x80004332 (0x14fd) x 9 0xfffffffe
core   0: 0x80004334 (0x00008c5d) c.or    s0, a5
core   0: 3 0x80004334 (0x8c5d) x 8 0x00000000
core   0: 0x80004336 (0x40df00b3) sub     ra, t5, a3
core   0: 3 0x80004336 (0x40df00b3) x 1 0xffffffff
core   0: 0x8000433a (0x0000084e) c.slli  a6, 19
core   0: 3 0x8000433a (0x084e) x16 0x00000000
core   0: 0x8000433c (0x00008e01) c.sub   a2, s0
core   0: 3 0x8000433c (0x8e01) x12 0x00000000
core   0: 0x8000433e (0x03100ab3) mul     s5, zero, a7
core   0: 3 0x8000433e (0x03100ab3) x21 0x00000000
core   0: 0x80004342 (0x41720933) sub     s2, tp, s7
core   0: 3 0x80004342 (0x41720933) x18 0x80013ce4
core   0: 0x80004346 (0x00008f59) c.or    a4, a4
core   0: 3 0x80004346 (0x8f59) x14 0xffffffff
core   0: 0x80004348 (0x409bdb13) srai    s6, s7, 9
core   0: 3 0x80004348 (0x409bdb13) x22 0x00000000
core   0: 0x8000434c (0x5f9daa93) slti    s5, s11, 1529
core   0: 3 0x8000434c (0x5f9daa93) x21 0x00000001
core   0: 0x80004350 (0x000083c5) c.srli  a5, 17
core   0: 3 0x80004350 (0x83c5) x15 0x00000000
core   0: 0x80004352 (0x02cbb633) mulhu   a2, s7, a2
core   0: 3 0x80004352 (0x02cbb633) x12 0x00000000
core   0: 0x80004356 (0x014e5db3) srl     s11, t3, s4
core   0: 3 0x80004356 (0x014e5db3) x27 0x08001382
core   0: 0x8000435a (0x026d9fb3) mulh    t6, s11, t1
core   0: 3 0x8000435a (0x026d9fb3) x31 0xfbfff63f
core   0: 0x8000435e (0x01fecc33) xor     s8, t4, t6
core   0: 3 0x8000435e (0x01fecc33) x24 0x89d9363f
core   0: 0x80004362 (0x80f2b537) lui     a0, 0x80f2b
core   0: 3 0x80004362 (0x80f2b537) x10 0x80f2b000
core   0: 0x80004366 (0x000086dd) c.srai  a3, 23
core   0: 3 0x80004366 (0x86dd) x13 0x00000000
core   0: 0x80004368 (0x00006505) c.lui   a0, 0x1
core   0: 3 0x80004368 (0x6505) x10 0x00001000
core   0: 0x8000436a (0x417002b3) sub     t0, zero, s7
core   0: 3 0x8000436a (0x417002b3) x 5 0x00000000
core   0: 0x8000436e (0x5ad1a637) lui     a2, 0x5ad1a
core   0: 3 0x8000436e (0x5ad1a637) x12 0x5ad1a000
core   0: 0x80004372 (0x00000488) c.addi4spn a0, sp, 576
core   0: 3 0x80004372 (0x0488) x10 0x00000240
core   0: 0x80004374 (0x414c0eb3) sub     t4, s8, s4
core   0: 3 0x80004374 (0x414c0eb3) x29 0x09d837db
core   0: 0x80004378 (0x03e13933) mulhu   s2, sp, t5
core   0: 3 0x80004378 (0x03e13933) x18 0x00000000
core   0: 0x8000437c (0xb6f33713) sltiu   a4, t1, -1169
core   0: 3 0x8000437c (0xb6f33713) x14 0x00000001
core   0: 0x80004380 (0x0156ffb3) and     t6, a3, s5
core   0: 3 0x80004380 (0x0156ffb3) x31 0x00000000
core   0: 0x80004384 (0x0332d8b3) divu    a7, t0, s3
core   0: 3 0x80004384 (0x0332d8b3) x17 0x00000000
core   0: 0x80004388 (0x00008f59) c.or    a4, a4
core   0: 3 0x80004388 (0x8f59) x14 0x00000001
core   0: 0x8000438a (0x02f44633) div     a2, s0, a5
core   0: 3 0x8000438a (0x02f44633) x12 0xffffffff
core   0: 0x8000438e (0x0000717d) c.addi16sp sp, -16
core   0: 3 0x8000438e (0x717d) x 2 0xfffffff0
core   0: 0x80004390 (0x41ffddb3) sra     s11, t6, t6
core   0: 3 0x80004390 (0x41ffddb3) x27 0x00000000
core   0: 0x80004394 (0x00000d8e) c.slli  s11, 3
core   0: 3 0x80004394 (0x0d8e) x27 0x00000000
core   0: 0x80004396 (0x000085cd) c.srai  a1, 19
core   0: 3 0x80004396 (0x85cd) x11 0xfffff000
core   0: 0x80004398 (0x00000001) c.nop
core   0: 3 0x80004398 (0x0001)
core   0: 0x8000439a (0x01679733) sll     a4, a5, s6
core   0: 3 0x8000439a (0x01679733) x14 0x00000000
core   0: 0x8000439e (0x41675fb3) sra     t6, a4, s6
core   0: 3 0x8000439e (0x41675fb3) x31 0x00000000
core   0: 0x800043a2 (0x27340713) addi    a4, s0, 627
core   0: 3 0x800043a2 (0x27340713) x14 0x00000273
core   0: 0x800043a6 (0x0387f733) remu    a4, a5, s8
core   0: 3 0x800043a6 (0x0387f733) x14 0x00000000
core   0: 0x800043aa (0x00008371) c.srli  a4, 28
core   0: 3 0x800043aa (0x8371) x14 0x00000000
core   0: 0x800043ac (0x01e3bfb3) sltu    t6, t2, t5
core   0: 3 0x800043ac (0x01e3bfb3) x31 0x00000000
core   0: 0x800043b0 (0x00717b33) and     s6, sp, t2
core   0: 3 0x800043b0 (0x00717b33) x22 0xfffffff0
core   0: 0x800043b4 (0xeff60893) addi    a7, a2, -257
core   0: 3 0x800043b4 (0xeff60893) x17 0xfffffefe
core   0: 0x800043b8 (0x00009766) c.add   a4, s9
core   0: 3 0x800043b8 (0x9766) x14 0x00000000
core   0: 0x800043ba (0x00000001) c.nop
core   0: 3 0x800043ba (0x0001)
core   0: 0x800043bc (0x20c27c13) andi    s8, tp, 524
core   0: 3 0x800043bc (0x20c27c13) x24 0x00000004
core   0: 0x800043c0 (0x02f242b3) div     t0, tp, a5
core   0: 3 0x800043c0 (0x02f242b3) x 5 0xffffffff
core   0: 0x800043c4 (0x000051fd) c.li    gp, -1
core   0: 3 0x800043c4 (0x51fd) x 3 0xffffffff
core   0: 0x800043c6 (0x408f4e13) xori    t3, t5, 1032
core   0: 3 0x800043c6 (0x408f4e13) x28 0xfffffbf7
core   0: 0x800043ca (0x024688b3) mul     a7, a3, tp
core   0: 3 0x800043ca (0x024688b3) x17 0x00000000
core   0: 0x800043ce (0x00008dc9) c.or    a1, a0
core   0: 3 0x800043ce (0x8dc9) x11 0xfffff240
core   0: 0x800043d0 (0xa1c17693) andi    a3, sp, -1508
core   0: 3 0x800043d0 (0xa1c17693) x13 0xfffffa10
core   0: 0x800043d4 (0x007c5e93) srli    t4, s8, 7
core   0: 3 0x800043d4 (0x007c5e93) x29 0x00000000
core   0: 0x800043d8 (0x01b69893) slli    a7, a3, 27
core   0: 3 0x800043d8 (0x01b69893) x17 0x80000000
core   0: 0x800043dc (0x023c0d33) mul     s10, s8, gp
core   0: 3 0x800043dc (0x023c0d33) x26 0xfffffffc
core   0: 0x800043e0 (0x00a43433) sltu    s0, s0, a0
core   0: 3 0x800043e0 (0x00a43433) x 8 0x00000001
core   0: 0x800043e4 (0x01850133) add     sp, a0, s8
core   0: 3 0x800043e4 (0x01850133) x 2 0x00000244
core   0: 0x800043e8 (0x01d1f7b3) and     a5, gp, t4
core   0: 3 0x800043e8 (0x01d1f7b3) x15 0x00000000
core   0: 0x800043ec (0x000a1b13) slli    s6, s4, 0
core   0: 3 0x800043ec (0x000a1b13) x22 0x8000fe64
core   0: 0x800043f0 (0x9e2c4297) auipc   t0, 0x9e2c4
core   0: 3 0x800043f0 (0x9e2c4297) x 5 0x1e2c83f0
core   0: 0x800043f4 (0x0000882e) c.mv    a6, a1
core   0: 3 0x800043f4 (0x882e) x16 0xfffff240
core   0: 0x800043f6 (0x00008f51) c.or    a4, a2
core   0: 3 0x800043f6 (0x8f51) x14 0xffffffff
core   0: 0x800043f8 (0x41e48633) sub     a2, s1, t5
core   0: 3 0x800043f8 (0x41e48633) x12 0xffffffff
core   0: 0x800043fc (0x029c81b3) mul     gp, s9, s1
core   0: 3 0x800043fc (0x029c81b3) x 3 0x00000000
core   0: 0x80004400 (0x00008c05) c.sub   s0, s1
core   0: 3 0x80004400 (0x8c05) x 8 0x00000003
core   0: 0x80004402 (0x00f2da93) srli    s5, t0, 15
core   0: 3 0x80004402 (0x00f2da93) x21 0x00003c59
core   0: 0x80004406 (0x00730ab3) add     s5, t1, t2
core   0: 3 0x80004406 (0x00730ab3) x21 0x7fffffff
core   0: 0x8000440a (0x00000d15) c.addi  s10, 5
core   0: 3 0x8000440a (0x0d15) x26 0x00000001
core   0: 0x8000440c (0x11c38393) addi    t2, t2, 284
core   0: 3 0x8000440c (0x11c38393) x 7 0x0000011b
core   0: 0x80004410 (0x0000717d) c.addi16sp sp, -16
core   0: 3 0x80004410 (0x717d) x 2 0x00000234
core   0: 0x80004412 (0x9d8862b7) lui     t0, 0x9d886
core   0: 3 0x80004412 (0x9d8862b7) x 5 0x9d886000
core   0: 0x80004416 (0x00009bfd) c.andi  a5, -1
core   0: 3 0x80004416 (0x9bfd) x15 0x00000000
core   0: 0x80004418 (0x00008b96) c.mv    s7, t0
core   0: 3 0x80004418 (0x8b96) x23 0x9d886000
core   0: 0x8000441a (0x00008de5) c.and   a1, s1
core   0: 3 0x8000441a (0x8de5) x11 0xfffff240
core   0: 0x8000441c (0x015be6b3) or      a3, s7, s5
core   0: 3 0x8000441c (0x015be6b3) x13 0xffffffff
core   0: 0x80004420 (0x00008fb5) c.xor   a5, a3
core   0: 3 0x80004420 (0x8fb5) x15 0xffffffff
core   0: 0x80004422 (0x00673033) sltu    zero, a4, t1
core   0: 3 0x80004422 (0x00673033)
core   0: 0x80004426 (0x00008fd5) c.or    a5, a3
core   0: 3 0x80004426 (0x8fd5) x15 0xffffffff
core   0: 0x80004428 (0x419d5193) srai    gp, s10, 25
core   0: 3 0x80004428 (0x419d5193) x 3 0x00000000
core   0: 0x8000442c (0x40b7d533) sra     a0, a5, a1
core   0: 3 0x8000442c (0x40b7d533) x10 0xffffffff
core   0: 0x80004430 (0x01251b33) sll     s6, a0, s2
core   0: 3 0x80004430 (0x01251b33) x22 0xffffffff
core   0: 0x80004434 (0x006a2c33) slt     s8, s4, t1
core   0: 3 0x80004434 (0x006a2c33) x24 0x00000000
core   0: 0x80004438 (0x02e294b3) mulh    s1, t0, a4
core   0: 3 0x80004438 (0x02e294b3) x 9 0x00000000
core   0: 0x8000443c (0x00008e49) c.or    a2, a0
core   0: 3 0x8000443c (0x8e49) x12 0xffffffff
core   0: 0x8000443e (0x03023733) mulhu   a4, tp, a6
core   0: 3 0x8000443e (0x03023733) x14 0x80013603
core   0: 0x80004442 (0x014f3fb3) sltu    t6, t5, s4
core   0: 3 0x80004442 (0x014f3fb3) x31 0x00000000
core   0: 0x80004446 (0x0209f3b3) remu    t2, s3, zero
core   0: 3 0x80004446 (0x0209f3b3) x 7 0x2cfb5000
core   0: 0x8000444a (0x00000001) c.nop
core   0: 3 0x8000444a (0x0001)
core   0: 0x8000444c (0x00008361) c.srli  a4, 24
core   0: 3 0x8000444c (0x8361) x14 0x00000080
core   0: 0x8000444e (0x4a395537) lui     a0, 0x4a395
core   0: 3 0x8000444e (0x4a395537) x10 0x4a395000
core   0: 0x80004452 (0x40ecd113) srai    sp, s9, 14
core   0: 3 0x80004452 (0x40ecd113) x 2 0x00000000
core   0: 0x80004456 (0x02088db3) mul     s11, a7, zero
core   0: 3 0x80004456 (0x02088db3) x27 0x00000000
core   0: 0x8000445a (0x00000494) c.addi4spn a3, sp, 576
core   0: 3 0x8000445a (0x0494) x13 0x00000240
core   0: 0x8000445c (0x01b1d1b3) srl     gp, gp, s11
core   0: 3 0x8000445c (0x01b1d1b3) x 3 0x00000000
core   0: 0x80004460 (0x01aff733) and     a4, t6, s10
core   0: 3 0x80004460 (0x01aff733) x14 0x00000000
core   0: 0x80004464 (0x03796d33) rem     s10, s2, s7
core   0: 3 0x80004464 (0x03796d33) x26 0x00000000
core   0: 0x80004468 (0x036fe2b3) rem     t0, t6, s6
core   0: 3 0x80004468 (0x036fe2b3) x 5 0x00000000
core   0: 0x8000446c (0x00008f25) c.xor   a4, s1
core   0: 3 0x8000446c (0x8f25) x14 0x00000000
core   0: 0x8000446e (0x8046bb37) lui     s6, 0x8046b
core   0: 3 0x8000446e (0x8046bb37) x22 0x8046b000
core   0: 0x80004472 (0x00e720b3) slt     ra, a4, a4
core   0: 3 0x80004472 (0x00e720b3) x 1 0x00000000
core   0: 0x80004476 (0x41f07a93) andi    s5, zero, 1055
core   0: 3 0x80004476 (0x41f07a93) x21 0x00000000
core   0: 0x8000447a (0xd7e66513) ori     a0, a2, -642
core   0: 3 0x8000447a (0xd7e66513) x10 0xffffffff
core   0: 0x8000447e (0x00006ad5) c.lui   s5, 0x15
core   0: 3 0x8000447e (0x6ad5) x21 0x00015000
core   0: 0x80004480 (0x00005c7d) c.li    s8, -1
core   0: 3 0x80004480 (0x5c7d) x24 0xffffffff
core   0: 0x80004482 (0x000066d9) c.lui   a3, 0x16
core   0: 3 0x80004482 (0x66d9) x13 0x00016000
core   0: 0x80004484 (0x000082c6) c.mv    t0, a7
core   0: 3 0x80004484 (0x82c6) x 5 0x80000000
core   0: 0x80004486 (0xe98e2b13) slti    s6, t3, -360
core   0: 3 0x80004486 (0xe98e2b13) x22 0x00000001
core   0: 0x8000448a (0x0000882a) c.mv    a6, a0
core   0: 3 0x8000448a (0x882a) x16 0xffffffff
core   0: 0x8000448c (0x015cf7b3) and     a5, s9, s5
core   0: 3 0x8000448c (0x015cf7b3) x15 0x00000000
core   0: 0x80004490 (0x00006aad) c.lui   s5, 0xb
core   0: 3 0x80004490 (0x6aad) x21 0x0000b000
core   0: 0x80004492 (0x000059fd) c.li    s3, -1
core   0: 3 0x80004492 (0x59fd) x19 0xffffffff
core   0: 0x80004494 (0x00c05d33) srl     s10, zero, a2
core   0: 3 0x80004494 (0x00c05d33) x26 0x00000000
core   0: 0x80004498 (0xa5dc6693) ori     a3, s8, -1443
core   0: 3 0x80004498 (0xa5dc6693) x13 0xffffffff
core   0: 0x8000449c (0xe8e92d13) slti    s10, s2, -370
core   0: 3 0x8000449c (0xe8e92d13) x26 0x00000000
core   0: 0x800044a0 (0x3c662a93) slti    s5, a2, 966
core   0: 3 0x800044a0 (0x3c662a93) x21 0x00000001
core   0: 0x800044a4 (0x00006ef5) c.lui   t4, 0x1d
core   0: 3 0x800044a4 (0x6ef5) x29 0x0001d000
core   0: 0x800044a6 (0x00000b31) c.addi  s6, 12
core   0: 3 0x800044a6 (0x0b31) x22 0x0000000d
core   0: 0x800044a8 (0x039194b3) mulh    s1, gp, s9
core   0: 3 0x800044a8 (0x039194b3) x 9 0x00000000
core   0: 0x800044ac (0x00008ed5) c.or    a3, a3
core   0: 3 0x800044ac (0x8ed5) x13 0xffffffff
core   0: 0x800044ae (0x00000f21) c.addi  t5, 8
core   0: 3 0x800044ae (0x0f21) x30 0x00000007
core   0: 0x800044b0 (0x01671633) sll     a2, a4, s6
core   0: 3 0x800044b0 (0x01671633) x12 0x00000000
core   0: 0x800044b4 (0x0212b833) mulhu   a6, t0, ra
core   0: 3 0x800044b4 (0x0212b833) x16 0x00000000
core   0: 0x800044b8 (0x0137afb3) slt     t6, a5, s3
core   0: 3 0x800044b8 (0x0137afb3) x31 0x00000000
core   0: 0x800044bc (0xde3e3d93) sltiu   s11, t3, -541
core   0: 3 0x800044bc (0xde3e3d93) x27 0x00000001
core   0: 0x800044c0 (0x00008c89) c.sub   s1, a0
core   0: 3 0x800044c0 (0x8c89) x 9 0x00000001
core   0: 0x800044c2 (0x011c75b3) and     a1, s8, a7
core   0: 3 0x800044c2 (0x011c75b3) x11 0x80000000
core   0: 0x800044c6 (0x0149d1b3) srl     gp, s3, s4
core   0: 3 0x800044c6 (0x0149d1b3) x 3 0x0fffffff
core   0: 0x800044ca (0x0028c633) xor     a2, a7, sp
core   0: 3 0x800044ca (0x0028c633) x12 0x80000000
core   0: 0x800044ce (0x0000615d) c.addi16sp sp, 432
core   0: 3 0x800044ce (0x615d) x 2 0x000001b0
core   0: 0x800044d0 (0x000003f1) c.addi  t2, 28
core   0: 3 0x800044d0 (0x03f1) x 7 0x2cfb501c
core   0: 0x800044d2 (0x020eee33) rem     t3, t4, zero
core   0: 3 0x800044d2 (0x020eee33) x28 0x0001d000
core   0: 0x800044d6 (0x00000001) c.nop
core   0: 3 0x800044d6 (0x0001)
core   0: 0x800044d8 (0x404b0433) sub     s0, s6, tp
core   0: 3 0x800044d8 (0x404b0433) x 8 0x7ffec329
core   0: 0x800044dc (0x00d29d93) slli    s11, t0, 13
core   0: 3 0x800044dc (0x00d29d93) x27 0x00000000
core   0: 0x800044e0 (0x41c88833) sub     a6, a7, t3
core   0: 3 0x800044e0 (0x41c88833) x16 0x7ffe3000
core   0: 0x800044e4 (0x00008d25) c.xor   a0, s1
core   0: 3 0x800044e4 (0x8d25) x10 0xfffffffe
core   0: 0x800044e6 (0x0150d733) srl     a4, ra, s5
core   0: 3 0x800044e6 (0x0150d733) x14 0x00000000
core   0: 0x800044ea (0x00006929) c.lui   s2, 0xa
core   0: 3 0x800044ea (0x6929) x18 0x0000a000
core   0: 0x800044ec (0xaeeb3413) sltiu   s0, s6, -1298
core   0: 3 0x800044ec (0xaeeb3413) x 8 0x00000001
core   0: 0x800044f0 (0xc3e2eb13) ori     s6, t0, -962
core   0: 3 0x800044f0 (0xc3e2eb13) x22 0xfffffc3e
core   0: 0x800044f4 (0x01f292b3) sll     t0, t0, t6
core   0: 3 0x800044f4 (0x01f292b3) x 5 0x80000000
core   0: 0x800044f8 (0x000008a2) c.slli  a7, 8
core   0: 3 0x800044f8 (0x08a2) x17 0x00000000
core   0: 0x800044fa (0x00e763b3) or      t2, a4, a4
core   0: 3 0x800044fa (0x00e763b3) x 7 0x00000000
core   0: 0x800044fe (0x02b17c33) remu    s8, sp, a1
core   0: 3 0x800044fe (0x02b17c33) x24 0x000001b0
core   0: 0x80004502 (0xe035a293) slti    t0, a1, -509
core   0: 3 0x80004502 (0xe035a293) x 5 0x00000001
core   0: 0x80004506 (0x00008b4e) c.mv    s6, s3
core   0: 3 0x80004506 (0x8b4e) x22 0xffffffff
core   0: 0x80004508 (0x0351ccb3) div     s9, gp, s5
core   0: 3 0x80004508 (0x0351ccb3) x25 0x0fffffff
core   0: 0x8000450c (0x00006131) c.addi16sp sp, 320
core   0: 3 0x8000450c (0x6131) x 2 0x000002f0
core   0: 0x8000450e (0x0000066e) c.slli  a2, 27
core   0: 3 0x8000450e (0x066e) x12 0x00000000
core   0: 0x80004510 (0x00549ab3) sll     s5, s1, t0
core   0: 3 0x80004510 (0x00549ab3) x21 0x00000002
core   0: 0x80004514 (0x41978633) sub     a2, a5, s9
core   0: 3 0x80004514 (0x41978633) x12 0xf0000001
core   0: 0x80004518 (0x01611613) slli    a2, sp, 22
core   0: 3 0x80004518 (0x01611613) x12 0xbc000000
core   0: 0x8000451c (0x008fb033) sltu    zero, t6, s0
core   0: 3 0x8000451c (0x008fb033)
core   0: 0x80004520 (0x9b0df913) andi    s2, s11, -1616
core   0: 3 0x80004520 (0x9b0df913) x18 0x00000000
core   0: 0x80004524 (0xfd0de713) ori     a4, s11, -48
core   0: 3 0x80004524 (0xfd0de713) x14 0xffffffd0
core   0: 0x80004528 (0x00008cdd) c.or    s1, a5
core   0: 3 0x80004528 (0x8cdd) x 9 0x00000001
core   0: 0x8000452a (0x00008585) c.srai  a1, 1
core   0: 3 0x8000452a (0x8585) x11 0xc0000000
core   0: 0x8000452c (0x0243bd93) sltiu   s11, t2, 36
core   0: 3 0x8000452c (0x0243bd93) x27 0x00000001
core   0: 0x80004530 (0x038aa2b3) mulhsu  t0, s5, s8
core   0: 3 0x80004530 (0x038aa2b3) x 5 0x00000000
core   0: 0x80004534 (0x029b53b3) divu    t2, s6, s1
core   0: 3 0x80004534 (0x029b53b3) x 7 0xffffffff
core   0: 0x80004538 (0x40e452b3) sra     t0, s0, a4
core   0: 3 0x80004538 (0x40e452b3) x 5 0x00000000
core   0: 0x8000453c (0x028ee5b3) rem     a1, t4, s0
core   0: 3 0x8000453c (0x028ee5b3) x11 0x00000000
core   0: 0x80004540 (0x00008fd1) c.or    a5, a2
core   0: 3 0x80004540 (0x8fd1) x15 0xbc000000
core   0: 0x80004542 (0x0000917e) c.add   sp, t6
core   0: 3 0x80004542 (0x917e) x 2 0x000002f0
core   0: 0x80004544 (0xca641c97) auipc   s9, 0xca641
core   0: 3 0x80004544 (0xca641c97) x25 0x4a645544
core   0: 0x80004548 (0x00006129) c.addi16sp sp, 192
core   0: 3 0x80004548 (0x6129) x 2 0x000003b0
core   0: 0x8000454a (0x00006be1) c.lui   s7, 0x18
core   0: 3 0x8000454a (0x6be1) x23 0x00018000
core   0: 0x8000454c (0xb314fc93) andi    s9, s1, -1231
core   0: 3 0x8000454c (0xb314fc93) x25 0x00000001
core   0: 0x80004550 (0x049e35b7) lui     a1, 0x49e3
core   0: 3 0x80004550 (0x049e35b7) x11 0x049e3000
core   0: 0x80004554 (0x02bd3033) mulhu   zero, s10, a1
core   0: 3 0x80004554 (0x02bd3033)
core   0: 0x80004558 (0x017895b3) sll     a1, a7, s7
core   0: 3 0x80004558 (0x017895b3) x11 0x00000000
core   0: 0x8000455c (0x000062c1) c.lui   t0, 0x10
core   0: 3 0x8000455c (0x62c1) x 5 0x00010000
core   0: 0x8000455e (0x001dfe33) and     t3, s11, ra
core   0: 3 0x8000455e (0x001dfe33) x28 0x00000000
core   0: 0x80004562 (0x034a5033) divu    zero, s4, s4
core   0: 3 0x80004562 (0x034a5033)
core   0: 0x80004566 (0x01977033) and     zero, a4, s9
core   0: 3 0x80004566 (0x01977033)
core   0: 0x8000456a (0x6d017f37) lui     t5, 0x6d017
core   0: 3 0x8000456a (0x6d017f37) x30 0x6d017000
core   0: 0x8000456e (0x417f04b3) sub     s1, t5, s7
core   0: 3 0x8000456e (0x417f04b3) x 9 0x6cfff000
core   0: 0x80004572 (0x00339493) slli    s1, t2, 3
core   0: 3 0x80004572 (0x00339493) x 9 0xfffffff8
core   0: 0x80004576 (0x00008779) c.srai  a4, 30
core   0: 3 0x80004576 (0x8779) x14 0xffffffff
core   0: 0x80004578 (0x00196b33) or      s6, s2, ra
core   0: 3 0x80004578 (0x00196b33) x22 0x00000000
core   0: 0x8000457c (0x4609eb93) ori     s7, s3, 1120
core   0: 3 0x8000457c (0x4609eb93) x23 0xffffffff
core   0: 0x80004580 (0x00008f6d) c.and   a4, a1
core   0: 3 0x80004580 (0x8f6d) x14 0x00000000
core   0: 0x80004582 (0x41a15b33) sra     s6, sp, s10
core   0: 3 0x80004582 (0x41a15b33) x22 0x000003b0
core   0: 0x80004586 (0x418dd733) sra     a4, s11, s8
core   0: 3 0x80004586 (0x418dd733) x14 0x00000000
core   0: 0x8000458a (0x00008e19) c.sub   a2, a4
core   0: 3 0x8000458a (0x8e19) x12 0xbc000000
core   0: 0x8000458c (0x000083c2) c.mv    t2, a6
core   0: 3 0x8000458c (0x83c2) x 7 0x7ffe3000
core   0: 0x8000458e (0x0295abb3) mulhsu  s7, a1, s1
core   0: 3 0x8000458e (0x0295abb3) x23 0x00000000
core   0: 0x80004592 (0x00009b06) c.add   s6, ra
core   0: 3 0x80004592 (0x9b06) x22 0x000003b0
core   0: 0x80004594 (0x02956433) rem     s0, a0, s1
core   0: 3 0x80004594 (0x02956433) x 8 0xfffffffe
core   0: 0x80004598 (0x00009b7d) c.andi  a4, -1
core   0: 3 0x80004598 (0x9b7d) x14 0x00000000
core   0: 0x8000459a (0x00ed1ab3) sll     s5, s10, a4
core   0: 3 0x8000459a (0x00ed1ab3) x21 0x00000000
core   0: 0x8000459e (0x00008d19) c.sub   a0, a4
core   0: 3 0x8000459e (0x8d19) x10 0xfffffffe
core   0: 0x800045a0 (0x0000883e) c.mv    a6, a5
core   0: 3 0x800045a0 (0x883e) x16 0xbc000000
core   0: 0x800045a2 (0x00008f9d) c.sub   a5, a5
core   0: 3 0x800045a2 (0x8f9d) x15 0x00000000
core   0: 0x800045a4 (0xbe826713) ori     a4, tp, -1048
core   0: 3 0x800045a4 (0xbe826713) x14 0xffffffec
core   0: 0x800045a8 (0xadb63617) auipc   a2, 0xadb63
core   0: 3 0x800045a8 (0xadb63617) x12 0x2db675a8
core   0: 0x800045ac (0x0297d3b3) divu    t2, a5, s1
core   0: 3 0x800045ac (0x0297d3b3) x 7 0x00000000
core   0: 0x800045b0 (0x40108933) sub     s2, ra, ra
core   0: 3 0x800045b0 (0x40108933) x18 0x00000000
core   0: 0x800045b4 (0x00006399) c.lui   t2, 0x6
core   0: 3 0x800045b4 (0x6399) x 7 0x00006000
core   0: 0x800045b6 (0x00008e19) c.sub   a2, a4
core   0: 3 0x800045b6 (0x8e19) x12 0x2db675bc
core   0: 0x800045b8 (0x00008ca5) c.xor   s1, s1
core   0: 3 0x800045b8 (0x8ca5) x 9 0x00000000
core   0: 0x800045ba (0x15bc4013) xori    zero, s8, 347
core   0: 3 0x800045ba (0x15bc4013)
core   0: 0x800045be (0x0000617d) c.addi16sp sp, 496
core   0: 3 0x800045be (0x617d) x 2 0x000005a0
core   0: 0x800045c0 (0x03ca8eb3) mul     t4, s5, t3
core   0: 3 0x800045c0 (0x03ca8eb3) x29 0x00000000
core   0: 0x800045c4 (0x0000824d) c.srli  a2, 19
core   0: 3 0x800045c4 (0x824d) x12 0x000005b6
core   0: 0x800045c6 (0x000086c6) c.mv    a3, a7
core   0: 3 0x800045c6 (0x86c6) x13 0x00000000
core   0: 0x800045c8 (0x6dc03293) sltiu   t0, zero, 1756
core   0: 3 0x800045c8 (0x6dc03293) x 5 0x00000001
core   0: 0x800045cc (0x40fdd693) srai    a3, s11, 15
core   0: 3 0x800045cc (0x40fdd693) x13 0x00000000
core   0: 0x800045d0 (0x01da4f33) xor     t5, s4, t4
core   0: 3 0x800045d0 (0x01da4f33) x30 0x8000fe64
core   0: 0x800045d4 (0x000019fd) c.addi  s3, -1
core   0: 3 0x800045d4 (0x19fd) x19 0xfffffffe
core   0: 0x800045d6 (0x00008ced) c.and   s1, a1
core   0: 3 0x800045d6 (0x8ced) x 9 0x00000000
core   0: 0x800045d8 (0x018e09b3) add     s3, t3, s8
core   0: 3 0x800045d8 (0x018e09b3) x19 0x000001b0
core   0: 0x800045dc (0x01afdfb3) srl     t6, t6, s10
core   0: 3 0x800045dc (0x01afdfb3) x31 0x00000000
core   0: 0x800045e0 (0x031bc633) div     a2, s7, a7
core   0: 3 0x800045e0 (0x031bc633) x12 0xffffffff
core   0: 0x800045e4 (0x00004ea1) c.li    t4, 8
core   0: 3 0x800045e4 (0x4ea1) x29 0x00000008
core   0: 0x800045e6 (0x000001de) c.slli  gp, 23
core   0: 3 0x800045e6 (0x01de) x 3 0xff800000
core   0: 0x800045e8 (0x00006d5d) c.lui   s10, 0x17
core   0: 3 0x800045e8 (0x6d5d) x26 0x00017000
core   0: 0x800045ea (0x00001894) c.addi4spn a3, sp, 112
core   0: 3 0x800045ea (0x1894) x13 0x00000610
core   0: 0x800045ec (0x00008e31) c.xor   a2, a2
core   0: 3 0x800045ec (0x8e31) x12 0x00000000
core   0: 0x800045ee (0x032ef3b3) remu    t2, t4, s2
core   0: 3 0x800045ee (0x032ef3b3) x 7 0x00000008
core   0: 0x800045f2 (0x0124a633) slt     a2, s1, s2
core   0: 3 0x800045f2 (0x0124a633) x12 0x00000000
core   0: 0x800045f6 (0x017bd113) srli    sp, s7, 23
core   0: 3 0x800045f6 (0x017bd113) x 2 0x00000000
core   0: 0x800045fa (0x00008f4d) c.or    a4, a1
core   0: 3 0x800045fa (0x8f4d) x14 0xffffffec
core   0: 0x800045fc (0x00000001) c.nop
core   0: 3 0x800045fc (0x0001)
core   0: 0x800045fe (0x01ee1e93) slli    t4, t3, 30
core   0: 3 0x800045fe (0x01ee1e93) x29 0x00000000
core   0: 0x80004602 (0x023f7bb3) remu    s7, t5, gp
core   0: 3 0x80004602 (0x023f7bb3) x23 0x8000fe64
core   0: 0x80004606 (0x01a04833) xor     a6, zero, s10
core   0: 3 0x80004606 (0x01a04833) x16 0x00017000
core   0: 0x8000460a (0x02acc0b3) div     ra, s9, a0
core   0: 3 0x8000460a (0x02acc0b3) x 1 0x00000000
core   0: 0x8000460e (0x03106bb3) rem     s7, zero, a7
core   0: 3 0x8000460e (0x03106bb3) x23 0x00000000
core   0: 0x80004612 (0x6d97a113) slti    sp, a5, 1753
core   0: 3 0x80004612 (0x6d97a113) x 2 0x00000001
core   0: 0x80004616 (0x41e7dc13) srai    s8, a5, 30
core   0: 3 0x80004616 (0x41e7dc13) x24 0x00000000
core   0: 0x8000461a (0x00000001) c.nop
core   0: 3 0x8000461a (0x0001)
core   0: 0x8000461c (0x00008f5d) c.or    a4, a5
core   0: 3 0x8000461c (0x8f5d) x14 0xffffffec
core   0: 0x8000461e (0x2b3801b7) lui     gp, 0x2b380
core   0: 3 0x8000461e (0x2b3801b7) x 3 0x2b380000
core   0: 0x80004622 (0x00008aee) c.mv    s5, s11
core   0: 3 0x80004622 (0x8aee) x21 0x00000001
core   0: 0x80004624 (0x4b45c413) xori    s0, a1, 1204
core   0: 3 0x80004624 (0x4b45c413) x 8 0x000004b4
core   0: 0x80004628 (0x40710e33) sub     t3, sp, t2
core   0: 3 0x80004628 (0x40710e33) x28 0xfffffff9
core   0: 0x8000462c (0x00000171) c.addi  sp, 28
core   0: 3 0x8000462c (0x0171) x 2 0x0000001d
core   0: 0x8000462e (0xadbe7093) andi    ra, t3, -1317
core   0: 3 0x8000462e (0xadbe7093) x 1 0xfffffad9
core   0: 0x80004632 (0x00ba6633) or      a2, s4, a1
core   0: 3 0x80004632 (0x00ba6633) x12 0x8000fe64
core   0: 0x80004636 (0xb27c4493) xori    s1, s8, -1241
core   0: 3 0x80004636 (0xb27c4493) x 9 0xfffffb27
core   0: 0x8000463a (0x1c4b8f93) addi    t6, s7, 452
core   0: 3 0x8000463a (0x1c4b8f93) x31 0x000001c4
core   0: 0x8000463e (0xd6d23193) sltiu   gp, tp, -659
core   0: 3 0x8000463e (0xd6d23193) x 3 0x00000001
core   0: 0x80004642 (0x02e70cb3) mul     s9, a4, a4
core   0: 3 0x80004642 (0x02e70cb3) x25 0x00000190
core   0: 0x80004646 (0x00008fd5) c.or    a5, a3
core   0: 3 0x80004646 (0x8fd5) x15 0x00000610
core   0: 0x80004648 (0x01df9613) slli    a2, t6, 29
core   0: 3 0x80004648 (0x01df9613) x12 0x80000000
core   0: 0x8000464c (0x00001b84) c.addi4spn s1, sp, 496
core   0: 3 0x8000464c (0x1b84) x 9 0x0000020d
core   0: 0x8000464e (0x4018d613) srai    a2, a7, 1
core   0: 3 0x8000464e (0x4018d613) x12 0x00000000
core   0: 0x80004652 (0x0301b6b3) mulhu   a3, gp, a6
core   0: 3 0x80004652 (0x0301b6b3) x13 0x00000000
core   0: 0x80004656 (0x004b7d33) and     s10, s6, tp
core   0: 3 0x80004656 (0x004b7d33) x26 0x000000a0
core   0: 0x8000465a (0x000085cd) c.srai  a1, 19
core   0: 3 0x8000465a (0x85cd) x11 0x00000000
core   0: 0x8000465c (0x60567717) auipc   a4, 0x60567
core   0: 3 0x8000465c (0x60567717) x14 0xe056b65c
core   0: 0x80004660 (0x0000014a) c.slli  sp, 18
core   0: 3 0x80004660 (0x014a) x 2 0x00740000
core   0: 0x80004662 (0x02b15733) divu    a4, sp, a1
core   0: 3 0x80004662 (0x02b15733) x14 0xffffffff
core   0: 0x80004666 (0x00000001) c.nop
core   0: 3 0x80004666 (0x0001)
core   0: 0x80004668 (0x033ff3b3) remu    t2, t6, s3
core   0: 3 0x80004668 (0x033ff3b3) x 7 0x00000014
core   0: 0x8000466c (0x00001dfd) c.addi  s11, -1
core   0: 3 0x8000466c (0x1dfd) x27 0x00000000
core   0: 0x8000466e (0x00008045) c.srli  s0, 17
core   0: 3 0x8000466e (0x8045) x 8 0x00000000
core   0: 0x80004670 (0x02c98bb3) mul     s7, s3, a2
core   0: 3 0x80004670 (0x02c98bb3) x23 0x00000000
core   0: 0x80004674 (0x00008fc9) c.or    a5, a0
core   0: 3 0x80004674 (0x8fc9) x15 0xfffffffe
core   0: 0x80004676 (0x00004581) c.li    a1, 0
core   0: 3 0x80004676 (0x4581) x11 0x00000000
core   0: 0x80004678 (0x80000737) lui     a4, 0x80000
core   0: 3 0x80004678 (0x80000737) x14 0x80000000
core   0: 0x8000467c (0x800008b7) lui     a7, 0x80000
core   0: 3 0x8000467c (0x800008b7) x17 0x80000000
core   0: 0x80004680 (0x800002b7) lui     t0, 0x80000
core   0: 3 0x80004680 (0x800002b7) x 5 0x80000000
core   0: 0x80004684 (0x80000e37) lui     t3, 0x80000
core   0: 3 0x80004684 (0x80000e37) x28 0x80000000
core   0: 0x80004688 (0xfff00413) li      s0, -1
core   0: 3 0x80004688 (0xfff00413) x 8 0xffffffff
core   0: 0x8000468c (0x800009b7) lui     s3, 0x80000
core   0: 3 0x8000468c (0x800009b7) x19 0x80000000
core   0: 0x80004690 (0x00004d81) c.li    s11, 0
core   0: 3 0x80004690 (0x4d81) x27 0x00000000
core   0: 0x80004692 (0xfff00f13) li      t5, -1
core   0: 3 0x80004692 (0xfff00f13) x30 0xffffffff
core   0: 0x80004696 (0x00004381) c.li    t2, 0
core   0: 3 0x80004696 (0x4381) x 7 0x00000000
core   0: 0x80004698 (0x00000001) c.nop
core   0: 3 0x80004698 (0x0001)
core   0: 0x8000469a (0x02ef58b3) divu    a7, t5, a4
core   0: 3 0x8000469a (0x02ef58b3) x17 0x00000001
core   0: 0x8000469e (0x51cdf437) lui     s0, 0x51cdf
core   0: 3 0x8000469e (0x51cdf437) x 8 0x51cdf000
core   0: 0x800046a2 (0x03edb2b3) mulhu   t0, s11, t5
core   0: 3 0x800046a2 (0x03edb2b3) x 5 0x00000000
core   0: 0x800046a6 (0x03b5b3b3) mulhu   t2, a1, s11
core   0: 3 0x800046a6 (0x03b5b3b3) x 7 0x00000000
core   0: 0x800046aa (0x03b5f3b3) remu    t2, a1, s11
core   0: 3 0x800046aa (0x03b5f3b3) x 7 0x00000000
core   0: 0x800046ae (0x01b985b3) add     a1, s3, s11
core   0: 3 0x800046ae (0x01b985b3) x11 0x80000000
core   0: 0x800046b2 (0x40bd8733) sub     a4, s11, a1
core   0: 3 0x800046b2 (0x40bd8733) x14 0x80000000
core   0: 0x800046b6 (0x03b8f8b3) remu    a7, a7, s11
core   0: 3 0x800046b6 (0x03b8f8b3) x17 0x00000001
core   0: 0x800046ba (0x407282b3) sub     t0, t0, t2
core   0: 3 0x800046ba (0x407282b3) x 5 0x00000000
core   0: 0x800046be (0x41128e33) sub     t3, t0, a7
core   0: 3 0x800046be (0x41128e33) x28 0xffffffff
core   0: 0x800046c2 (0x0313a8b3) mulhsu  a7, t2, a7
core   0: 3 0x800046c2 (0x0313a8b3) x17 0x00000000
core   0: 0x800046c6 (0x02841f33) mulh    t5, s0, s0
core   0: 3 0x800046c6 (0x02841f33) x30 0x1a23f78a
core   0: 0x800046ca (0x0319c733) div     a4, s3, a7
core   0: 3 0x800046ca (0x0319c733) x14 0xffffffff
core   0: 0x800046ce (0x025419b3) mulh    s3, s0, t0
core   0: 3 0x800046ce (0x025419b3) x19 0x00000000
core   0: 0x800046d2 (0x00000001) c.nop
core   0: 3 0x800046d2 (0x0001)
core   0: 0x800046d4 (0x03ce7433) remu    s0, t3, t3
core   0: 3 0x800046d4 (0x03ce7433) x 8 0x00000000
core   0: 0x800046d8 (0x00000001) c.nop
core   0: 3 0x800046d8 (0x0001)
core   0: 0x800046da (0x033e72b3) remu    t0, t3, s3
core   0: 3 0x800046da (0x033e72b3) x 5 0xffffffff
core   0: 0x800046de (0x03340e33) mul     t3, s0, s3
core   0: 3 0x800046de (0x03340e33) x28 0x00000000
core   0: 0x800046e2 (0x025e05b3) mul     a1, t3, t0
core   0: 3 0x800046e2 (0x025e05b3) x11 0x00000000
core   0: 0x800046e6 (0x00000001) c.nop
core   0: 3 0x800046e6 (0x0001)
core   0: 0x800046e8 (0x025db733) mulhu   a4, s11, t0
core   0: 3 0x800046e8 (0x025db733) x14 0x00000000
core   0: 0x800046ec (0x0338c9b3) div     s3, a7, s3
core   0: 3 0x800046ec (0x0338c9b3) x19 0xffffffff
core   0: 0x800046f0 (0x0333c2b3) div     t0, t2, s3
core   0: 3 0x800046f0 (0x0333c2b3) x 5 0x00000000
core   0: 0x800046f4 (0x02b2d9b3) divu    s3, t0, a1
core   0: 3 0x800046f4 (0x02b2d9b3) x19 0xffffffff
core   0: 0x800046f8 (0x0283b433) mulhu   s0, t2, s0
core   0: 3 0x800046f8 (0x0283b433) x 8 0x00000000
core   0: 0x800046fc (0x02c9ce33) div     t3, s3, a2
core   0: 3 0x800046fc (0x02c9ce33) x28 0xffffffff
core   0: 0x80004700 (0x01b4a833) slt     a6, s1, s11
core   0: 3 0x80004700 (0x01b4a833) x16 0x00000000
core   0: 0x80004704 (0x00001cfd) c.addi  s9, -1
core   0: 3 0x80004704 (0x1cfd) x25 0x0000018f
core   0: 0x80004706 (0x00c854b3) srl     s1, a6, a2
core   0: 3 0x80004706 (0x00c854b3) x 9 0x00000000
core   0: 0x8000470a (0x00008cf1) c.and   s1, a2
core   0: 3 0x8000470a (0x8cf1) x 9 0x00000000
core   0: 0x8000470c (0x0000966a) c.add   a2, s10
core   0: 3 0x8000470c (0x966a) x12 0x000000a0
core   0: 0x8000470e (0x035c63b3) rem     t2, s8, s5
core   0: 3 0x8000470e (0x035c63b3) x 7 0x00000000
core   0: 0x80004712 (0x0000859d) c.srai  a1, 7
core   0: 3 0x80004712 (0x859d) x11 0x00000000
core   0: 0x80004714 (0x00008d01) c.sub   a0, s0
core   0: 3 0x80004714 (0x8d01) x10 0xfffffffe
core   0: 0x80004716 (0x0318d833) divu    a6, a7, a7
core   0: 3 0x80004716 (0x0318d833) x16 0xffffffff
core   0: 0x8000471a (0x009aaf33) slt     t5, s5, s1
core   0: 3 0x8000471a (0x009aaf33) x30 0x00000000
core   0: 0x8000471e (0x008bd033) srl     zero, s7, s0
core   0: 3 0x8000471e (0x008bd033)
core   0: 0x80004722 (0x00b86d33) or      s10, a6, a1
core   0: 3 0x80004722 (0x00b86d33) x26 0xffffffff
core   0: 0x80004726 (0xe99be913) ori     s2, s7, -359
core   0: 3 0x80004726 (0xe99be913) x18 0xfffffe99
core   0: 0x8000472a (0x41675e13) srai    t3, a4, 22
core   0: 3 0x8000472a (0x41675e13) x28 0x00000000
core   0: 0x8000472e (0x03b71ab3) mulh    s5, a4, s11
core   0: 3 0x8000472e (0x03b71ab3) x21 0x00000000
core   0: 0x80004732 (0x01918fb3) add     t6, gp, s9
core   0: 3 0x80004732 (0x01918fb3) x31 0x00000190
core   0: 0x80004736 (0x01a5ecb3) or      s9, a1, s10
core   0: 3 0x80004736 (0x01a5ecb3) x25 0xffffffff
core   0: 0x8000473a (0x00009166) c.add   sp, s9
core   0: 3 0x8000473a (0x9166) x 2 0x0073ffff
core   0: 0x8000473c (0x00008c51) c.or    s0, a2
core   0: 3 0x8000473c (0x8c51) x 8 0x000000a0
core   0: 0x8000473e (0x026bad33) mulhsu  s10, s7, t1
core   0: 3 0x8000473e (0x026bad33) x26 0x00000000
core   0: 0x80004742 (0x003559b3) srl     s3, a0, gp
core   0: 3 0x80004742 (0x003559b3) x19 0x7fffffff
core   0: 0x80004746 (0x0000087e) c.slli  a6, 31
core   0: 3 0x80004746 (0x087e) x16 0x80000000
core   0: 0x80004748 (0x032d47b3) div     a5, s10, s2
core   0: 3 0x80004748 (0x032d47b3) x15 0x00000000
core   0: 0x8000474c (0x008477b3) and     a5, s0, s0
core   0: 3 0x8000474c (0x008477b3) x15 0x000000a0
core   0: 0x80004750 (0x1594e837) lui     a6, 0x1594e
core   0: 3 0x80004750 (0x1594e837) x16 0x1594e000
core   0: 0x80004754 (0x000096e6) c.add   a3, s9
core   0: 3 0x80004754 (0x96e6) x13 0xffffffff
core   0: 0x80004756 (0x00e35113) srli    sp, t1, 14
core   0: 3 0x80004756 (0x00e35113) x 2 0x00020000
core   0: 0x8000475a (0x011b6533) or      a0, s6, a7
core   0: 3 0x8000475a (0x011b6533) x10 0x000003b0
core   0: 0x8000475e (0x00000796) c.slli  a5, 5
core   0: 3 0x8000475e (0x0796) x15 0x00001400
core   0: 0x80004760 (0x000082f1) c.srli  a3, 28
core   0: 3 0x80004760 (0x82f1) x13 0x0000000f
core   0: 0x80004762 (0x038698b3) mulh    a7, a3, s8
core   0: 3 0x80004762 (0x038698b3) x17 0x00000000
core   0: 0x80004766 (0x4172d493) srai    s1, t0, 23
core   0: 3 0x80004766 (0x4172d493) x 9 0x00000000
core   0: 0x8000476a (0xa2436993) ori     s3, t1, -1500
core   0: 3 0x8000476a (0xa2436993) x19 0xfffffa24
core   0: 0x8000476e (0x00b70eb3) add     t4, a4, a1
core   0: 3 0x8000476e (0x00b70eb3) x29 0x00000000
core   0: 0x80004772 (0x00008e0d) c.sub   a2, a1
core   0: 3 0x80004772 (0x8e0d) x12 0x000000a0
core   0: 0x80004774 (0x03c3e2b3) rem     t0, t2, t3
core   0: 3 0x80004774 (0x03c3e2b3) x 5 0x00000000
core   0: 0x80004778 (0x00008c65) c.and   s0, s1
core   0: 3 0x80004778 (0x8c65) x 8 0x00000000
core   0: 0x8000477a (0x01d20bb3) add     s7, tp, t4
core   0: 3 0x8000477a (0x01d20bb3) x23 0x80013ce4
core   0: 0x8000477e (0x00009afd) c.andi  a3, -1
core   0: 3 0x8000477e (0x9afd) x13 0x0000000f
core   0: 0x80004780 (0x00006131) c.addi16sp sp, 320
core   0: 3 0x80004780 (0x6131) x 2 0x00020140
core   0: 0x80004782 (0x00008f79) c.and   a4, a4
core   0: 3 0x80004782 (0x8f79) x14 0x00000000
core   0: 0x80004784 (0x00008e81) c.sub   a3, s0
core   0: 3 0x80004784 (0x8e81) x13 0x0000000f
core   0: 0x80004786 (0x00006131) c.addi16sp sp, 320
core   0: 3 0x80004786 (0x6131) x 2 0x00020280
core   0: 0x80004788 (0x00609133) sll     sp, ra, t1
core   0: 3 0x80004788 (0x00609133) x 2 0xfffffad9
core   0: 0x8000478c (0x01529bb3) sll     s7, t0, s5
core   0: 3 0x8000478c (0x01529bb3) x23 0x00000000
core   0: 0x80004790 (0x03125ab3) divu    s5, tp, a7
core   0: 3 0x80004790 (0x03125ab3) x21 0xffffffff
core   0: 0x80004794 (0x01ccae33) slt     t3, s9, t3
core   0: 3 0x80004794 (0x01ccae33) x28 0x00000001
core   0: 0x80004798 (0x011f9e33) sll     t3, t6, a7
core   0: 3 0x80004798 (0x011f9e33) x28 0x00000190
core   0: 0x8000479c (0x00dfcfb3) xor     t6, t6, a3
core   0: 3 0x8000479c (0x00dfcfb3) x31 0x0000019f
core   0: 0x800047a0 (0x037c9533) mulh    a0, s9, s7
core   0: 3 0x800047a0 (0x037c9533) x10 0x00000000
core   0: 0x800047a4 (0x03cd95b3) mulh    a1, s11, t3
core   0: 3 0x800047a4 (0x03cd95b3) x11 0x00000000
core   0: 0x800047a8 (0x0d58cd13) xori    s10, a7, 213
core   0: 3 0x800047a8 (0x0d58cd13) x26 0x000000d5
core   0: 0x800047ac (0xdb94a913) slti    s2, s1, -583
core   0: 3 0x800047ac (0xdb94a913) x18 0x00000000
core   0: 0x800047b0 (0x00008cdd) c.or    s1, a5
core   0: 3 0x800047b0 (0x8cdd) x 9 0x00001400
core   0: 0x800047b2 (0x2d270613) addi    a2, a4, 722
core   0: 3 0x800047b2 (0x2d270613) x12 0x000002d2
core   0: 0x800047b6 (0x00006151) c.addi16sp sp, 272
core   0: 3 0x800047b6 (0x6151) x 2 0xfffffbe9
core   0: 0x800047b8 (0x0189e1b3) or      gp, s3, s8
core   0: 3 0x800047b8 (0x0189e1b3) x 3 0xfffffa24
core   0: 0x800047bc (0x00008495) c.srai  s1, 5
core   0: 3 0x800047bc (0x8495) x 9 0x000000a0
core   0: 0x800047be (0x001ec033) xor     zero, t4, ra
core   0: 3 0x800047be (0x001ec033)
core   0: 0x800047c2 (0x0098c3b3) xor     t2, a7, s1
core   0: 3 0x800047c2 (0x0098c3b3) x 7 0x000000a0
core   0: 0x800047c6 (0x01f2c0b3) xor     ra, t0, t6
core   0: 3 0x800047c6 (0x01f2c0b3) x 1 0x0000019f
core   0: 0x800047ca (0x0350b1b3) mulhu   gp, ra, s5
core   0: 3 0x800047ca (0x0350b1b3) x 3 0x0000019e
core   0: 0x800047ce (0x0006c633) xor     a2, a3, zero
core   0: 3 0x800047ce (0x0006c633) x12 0x0000000f
core   0: 0x800047d2 (0x00a84393) xori    t2, a6, 10
core   0: 3 0x800047d2 (0x00a84393) x 7 0x1594e00a
core   0: 0x800047d6 (0x00000001) c.nop
core   0: 3 0x800047d6 (0x0001)
core   0: 0x800047d8 (0x00000001) c.nop
core   0: 3 0x800047d8 (0x0001)
core   0: 0x800047da (0x01179193) slli    gp, a5, 17
core   0: 3 0x800047da (0x01179193) x 3 0x28000000
core   0: 0x800047de (0xf0bb2513) slti    a0, s6, -245
core   0: 3 0x800047de (0xf0bb2513) x10 0x00000000
core   0: 0x800047e2 (0xa72d6f13) ori     t5, s10, -1422
core   0: 3 0x800047e2 (0xa72d6f13) x30 0xfffffaf7
core   0: 0x800047e6 (0x00000b52) c.slli  s6, 20
core   0: 3 0x800047e6 (0x0b52) x22 0x3b000000
core   0: 0x800047e8 (0x00001090) c.addi4spn a2, sp, 96
core   0: 3 0x800047e8 (0x1090) x12 0xfffffc49
core   0: 0x800047ea (0x44a3ce13) xori    t3, t2, 1098
core   0: 3 0x800047ea (0x44a3ce13) x28 0x1594e440
core   0: 0x800047ee (0x00aee0b3) or      ra, t4, a0
core   0: 3 0x800047ee (0x00aee0b3) x 1 0x00000000
core   0: 0x800047f2 (0x011ca633) slt     a2, s9, a7
core   0: 3 0x800047f2 (0x011ca633) x12 0x00000001
core   0: 0x800047f6 (0x5a676413) ori     s0, a4, 1446
core   0: 3 0x800047f6 (0x5a676413) x 8 0x000005a6
core   0: 0x800047fa (0xebefb413) sltiu   s0, t6, -322
core   0: 3 0x800047fa (0xebefb413) x 8 0x00000001
core   0: 0x800047fe (0x013a1c13) slli    s8, s4, 19
core   0: 3 0x800047fe (0x013a1c13) x24 0xf3200000
core   0: 0x80004802 (0x00008cd5) c.or    s1, a3
core   0: 3 0x80004802 (0x8cd5) x 9 0x000000af
core   0: 0x80004804 (0x710c2c93) slti    s9, s8, 1808
core   0: 3 0x80004804 (0x710c2c93) x25 0x00000001
core   0: 0x80004808 (0x0000969e) c.add   a3, t2
core   0: 3 0x80004808 (0x969e) x13 0x1594e019
core   0: 0x8000480a (0x00009f9a) c.add   t6, t1
core   0: 3 0x8000480a (0x9f9a) x31 0x8000019f
core   0: 0x8000480c (0xce45f793) andi    a5, a1, -796
core   0: 3 0x8000480c (0xce45f793) x15 0x00000000
core   0: 0x80004810 (0x00000118) c.addi4spn a4, sp, 128
core   0: 3 0x80004810 (0x0118) x14 0xfffffc69
core   0: 0x80004812 (0x026f6c33) rem     s8, t5, t1
core   0: 3 0x80004812 (0x026f6c33) x24 0xfffffaf7
core   0: 0x80004816 (0xf2493013) sltiu   zero, s2, -220
core   0: 3 0x80004816 (0xf2493013)
core   0: 0x8000481a (0x000085ed) c.srai  a1, 27
core   0: 3 0x8000481a (0x85ed) x11 0x00000000
core   0: 0x8000481c (0x00008d85) c.sub   a1, s1
core   0: 3 0x8000481c (0x8d85) x11 0xffffff51
core   0: 0x8000481e (0x03cb16b3) mulh    a3, s6, t3
core   0: 3 0x8000481e (0x03cb16b3) x13 0x04f9509a
core   0: 0x80004822 (0x0017b2b3) sltu    t0, a5, ra
core   0: 3 0x80004822 (0x0017b2b3) x 5 0x00000000
core   0: 0x80004826 (0x0138f833) and     a6, a7, s3
core   0: 3 0x80004826 (0x0138f833) x16 0x00000000
core   0: 0x8000482a (0x03da45b3) div     a1, s4, t4
core   0: 3 0x8000482a (0x03da45b3) x11 0xffffffff
core   0: 0x8000482e (0x00a573b3) and     t2, a0, a0
core   0: 3 0x8000482e (0x00a573b3) x 7 0x00000000
core   0: 0x80004832 (0x00006129) c.addi16sp sp, 192
core   0: 3 0x80004832 (0x6129) x 2 0xfffffca9
core   0: 0x80004834 (0x00008fcd) c.or    a5, a1
core   0: 3 0x80004834 (0x8fcd) x15 0xffffffff
core   0: 0x80004836 (0x500b1117) auipc   sp, 0x500b1
core   0: 3 0x80004836 (0x500b1117) x 2 0xd00b5836
core   0: 0x8000483a (0x02760e33) mul     t3, a2, t2
core   0: 3 0x8000483a (0x02760e33) x28 0x00000000
core   0: 0x8000483e (0x000087d6) c.mv    a5, s5
core   0: 3 0x8000483e (0x87d6) x15 0xffffffff
core   0: 0x80004840 (0x03260633) mul     a2, a2, s2
core   0: 3 0x80004840 (0x03260633) x12 0x00000000
core   0: 0x80004844 (0x0034c133) xor     sp, s1, gp
core   0: 3 0x80004844 (0x0034c133) x 2 0x280000af
core   0: 0x80004848 (0x00005b7d) c.li    s6, -1
core   0: 3 0x80004848 (0x5b7d) x22 0xffffffff
core   0: 0x8000484a (0x40b95713) srai    a4, s2, 11
core   0: 3 0x8000484a (0x40b95713) x14 0x00000000
core   0: 0x8000484e (0x03a13e33) mulhu   t3, sp, s10
core   0: 3 0x8000484e (0x03a13e33) x28 0x00000021
core   0: 0x80004852 (0x00009486) c.add   s1, ra
core   0: 3 0x80004852 (0x9486) x 9 0x000000af
core   0: 0x80004854 (0x100cc693) xori    a3, s9, 256
core   0: 3 0x80004854 (0x100cc693) x13 0x00000101
core   0: 0x80004858 (0x406a85b3) sub     a1, s5, t1
core   0: 3 0x80004858 (0x406a85b3) x11 0x7fffffff
core   0: 0x8000485c (0x02d161b3) rem     gp, sp, a3
core   0: 3 0x8000485c (0x02d161b3) x 3 0x00000087
core   0: 0x80004860 (0x0028b7b3) sltu    a5, a7, sp
core   0: 3 0x80004860 (0x0028b7b3) x15 0x00000001
core   0: 0x80004864 (0x00008505) c.srai  a0, 1
core   0: 3 0x80004864 (0x8505) x10 0x00000000
core   0: 0x80004866 (0x2cc0e093) ori     ra, ra, 716
core   0: 3 0x80004866 (0x2cc0e093) x 1 0x000002cc
core   0: 0x8000486a (0x00004cc1) c.li    s9, 16
core   0: 3 0x8000486a (0x4cc1) x25 0x00000010
core   0: 0x8000486c (0x00000d16) c.slli  s10, 5
core   0: 3 0x8000486c (0x0d16) x26 0x00001aa0
core   0: 0x8000486e (0x417e5b93) srai    s7, t3, 23
core   0: 3 0x8000486e (0x417e5b93) x23 0x00000000
core   0: 0x80004872 (0x40b7d393) srai    t2, a5, 11
core   0: 3 0x80004872 (0x40b7d393) x 7 0x00000000
core   0: 0x80004876 (0x000083ae) c.mv    t2, a1
core   0: 3 0x80004876 (0x83ae) x 7 0x7fffffff
core   0: 0x80004878 (0x01357e33) and     t3, a0, s3
core   0: 3 0x80004878 (0x01357e33) x28 0x00000000
core   0: 0x8000487c (0x0000613d) c.addi16sp sp, 480
core   0: 3 0x8000487c (0x613d) x 2 0x2800028f
core   0: 0x8000487e (0x007062b3) or      t0, zero, t2
core   0: 3 0x8000487e (0x007062b3) x 5 0x7fffffff
core   0: 0x80004882 (0x353a3c93) sltiu   s9, s4, 851
core   0: 3 0x80004882 (0x353a3c93) x25 0x00000000
core   0: 0x80004886 (0x40d4dc93) srai    s9, s1, 13
core   0: 3 0x80004886 (0x40d4dc93) x25 0x00000000
core   0: 0x8000488a (0x41ad5933) sra     s2, s10, s10
core   0: 3 0x8000488a (0x41ad5933) x18 0x00001aa0
core   0: 0x8000488e (0x00008ea9) c.xor   a3, a0
core   0: 3 0x8000488e (0x8ea9) x13 0x00000101
core   0: 0x80004890 (0x03ecee33) rem     t3, s9, t5
core   0: 3 0x80004890 (0x03ecee33) x28 0x00000000
core   0: 0x80004894 (0x00008e81) c.sub   a3, s0
core   0: 3 0x80004894 (0x8e81) x13 0x00000100
core   0: 0x80004896 (0x0000666d) c.lui   a2, 0x1b
core   0: 3 0x80004896 (0x666d) x12 0x0001b000
core   0: 0x80004898 (0x000099fd) c.andi  a1, -1
core   0: 3 0x80004898 (0x99fd) x11 0x7fffffff
core   0: 0x8000489a (0x0189c7b3) xor     a5, s3, s8
core   0: 3 0x8000489a (0x0189c7b3) x15 0x000000d3
core   0: 0x8000489e (0x004fd393) srli    t2, t6, 4
core   0: 3 0x8000489e (0x004fd393) x 7 0x08000019
core   0: 0x800048a2 (0x00000484) c.addi4spn s1, sp, 576
core   0: 3 0x800048a2 (0x0484) x 9 0x280004cf
core   0: 0x800048a4 (0x03bb36b3) mulhu   a3, s6, s11
core   0: 3 0x800048a4 (0x03bb36b3) x13 0x00000000
core   0: 0x800048a8 (0x00008da1) c.xor   a1, s0
core   0: 3 0x800048a8 (0x8da1) x11 0x7ffffffe
core   0: 0x800048aa (0x000088f5) c.andi  s1, 29
core   0: 3 0x800048aa (0x88f5) x 9 0x0000000d
core   0: 0x800048ac (0x03d443b3) div     t2, s0, t4
core   0: 3 0x800048ac (0x03d443b3) x 7 0xffffffff
core   0: 0x800048b0 (0x00009afd) c.andi  a3, -1
core   0: 3 0x800048b0 (0x9afd) x13 0x00000000
core   0: 0x800048b2 (0x41335393) srai    t2, t1, 19
core   0: 3 0x800048b2 (0x41335393) x 7 0xfffff000
core   0: 0x800048b6 (0x028bbe33) mulhu   t3, s7, s0
core   0: 3 0x800048b6 (0x028bbe33) x28 0x00000000
core   0: 0x800048ba (0x033b1c33) mulh    s8, s6, s3
core   0: 3 0x800048ba (0x033b1c33) x24 0x00000000
core   0: 0x800048be (0x0000997d) c.andi  a0, -1
core   0: 3 0x800048be (0x997d) x10 0x00000000
core   0: 0x800048c0 (0x00008ca1) c.xor   s1, s0
core   0: 3 0x800048c0 (0x8ca1) x 9 0x0000000c
core   0: 0x800048c2 (0x0d04e813) ori     a6, s1, 208
core   0: 3 0x800048c2 (0x0d04e813) x16 0x000000dc
core   0: 0x800048c6 (0x00008cd5) c.or    s1, a3
core   0: 3 0x800048c6 (0x8cd5) x 9 0x0000000c
core   0: 0x800048c8 (0x000c2533) slt     a0, s8, zero
core   0: 3 0x800048c8 (0x000c2533) x10 0x00000000
core   0: 0x800048cc (0x00008451) c.srai  s0, 20
core   0: 3 0x800048cc (0x8451) x 8 0x00000000
core   0: 0x800048ce (0x00008fb5) c.xor   a5, a3
core   0: 3 0x800048ce (0x8fb5) x15 0x000000d3
core   0: 0x800048d0 (0x00008d6d) c.and   a0, a1
core   0: 3 0x800048d0 (0x8d6d) x10 0x00000000
core   0: 0x800048d2 (0x009c8ab3) add     s5, s9, s1
core   0: 3 0x800048d2 (0x009c8ab3) x21 0x0000000c
core   0: 0x800048d6 (0x00004d01) c.li    s10, 0
core   0: 3 0x800048d6 (0x4d01) x26 0x00000000
core   0: 0x800048d8 (0x00004781) c.li    a5, 0
core   0: 3 0x800048d8 (0x4781) x15 0x00000000
core   0: 0x800048da (0xbd130137) lui     sp, 0xbd130
core   0: 3 0x800048da (0xbd130137) x 2 0xbd130000
core   0: 0x800048de (0xb2210113) addi    sp, sp, -1246
core   0: 3 0x800048de (0xb2210113) x 2 0xbd12fb22
core   0: 0x800048e2 (0x00004081) c.li    ra, 0
core   0: 3 0x800048e2 (0x4081) x 1 0x00000000
core   0: 0x800048e4 (0x80000ab7) lui     s5, 0x80000
core   0: 3 0x800048e4 (0x80000ab7) x21 0x80000000
core   0: 0x800048e8 (0x80000eb7) lui     t4, 0x80000
core   0: 3 0x800048e8 (0x80000eb7) x29 0x80000000
core   0: 0x800048ec (0x00004901) c.li    s2, 0
core   0: 3 0x800048ec (0x4901) x18 0x00000000
core   0: 0x800048ee (0x76cb3e37) lui     t3, 0x76cb3
core   0: 3 0x800048ee (0x76cb3e37) x28 0x76cb3000
core   0: 0x800048f2 (0x03de0e13) addi    t3, t3, 61
core   0: 3 0x800048f2 (0x03de0e13) x28 0x76cb303d
core   0: 0x800048f6 (0xfff00f13) li      t5, -1
core   0: 3 0x800048f6 (0xfff00f13) x30 0xffffffff
core   0: 0x800048fa (0x00004c01) c.li    s8, 0
core   0: 3 0x800048fa (0x4c01) x24 0x00000000
core   0: 0x800048fc (0x03d7feb3) remu    t4, a5, t4
core   0: 3 0x800048fc (0x03d7feb3) x29 0x00000000
core   0: 0x80004900 (0x0350ff33) remu    t5, ra, s5
core   0: 3 0x80004900 (0x0350ff33) x30 0x00000000
core   0: 0x80004904 (0xaa110793) addi    a5, sp, -1375
core   0: 3 0x80004904 (0xaa110793) x15 0xbd12f5c3
core   0: 0x80004908 (0x03ac3f33) mulhu   t5, s8, s10
core   0: 3 0x80004908 (0x03ac3f33) x30 0x00000000
core   0: 0x8000490c (0x01a780b3) add     ra, a5, s10
core   0: 3 0x8000490c (0x01a780b3) x 1 0xbd12f5c3
core   0: 0x80004910 (0x5a108093) addi    ra, ra, 1441
core   0: 3 0x80004910 (0x5a108093) x 1 0xbd12fb64
core   0: 0x80004914 (0x02fc67b3) rem     a5, s8, a5
core   0: 3 0x80004914 (0x02fc67b3) x15 0x00000000
core   0: 0x80004918 (0x022ef0b3) remu    ra, t4, sp
core   0: 3 0x80004918 (0x022ef0b3) x 1 0x00000000
core   0: 0x8000491c (0x00000001) c.nop
core   0: 3 0x8000491c (0x0001)
core   0: 0x8000491e (0x00000001) c.nop
core   0: 3 0x8000491e (0x0001)
core   0: 0x80004920 (0x03c92c33) mulhsu  s8, s2, t3
core   0: 3 0x80004920 (0x03c92c33) x24 0x00000000
core   0: 0x80004924 (0x03a17133) remu    sp, sp, s10
core   0: 3 0x80004924 (0x03a17133) x 2 0xbd12fb22
core   0: 0x80004928 (0x7fca8e13) addi    t3, s5, 2044
core   0: 3 0x80004928 (0x7fca8e13) x28 0x800007fc
core   0: 0x8000492c (0x03a91ab3) mulh    s5, s2, s10
core   0: 3 0x8000492c (0x03a91ab3) x21 0x00000000
core   0: 0x80004930 (0x00278933) add     s2, a5, sp
core   0: 3 0x80004930 (0x00278933) x18 0xbd12fb22
core   0: 0x80004934 (0x000093e6) c.add   t2, s9
core   0: 3 0x80004934 (0x93e6) x 7 0xfffff000
core   0: 0x80004936 (0xe0f473b7) lui     t2, 0xe0f47
core   0: 3 0x80004936 (0xe0f473b7) x 7 0xe0f47000
core   0: 0x8000493a (0x00e263b3) or      t2, tp, a4
core   0: 3 0x8000493a (0x00e263b3) x 7 0x80013ce4
core   0: 0x8000493e (0xd41c8bb7) lui     s7, 0xd41c8
core   0: 3 0x8000493e (0xd41c8bb7) x23 0xd41c8000
core   0: 0x80004942 (0x00b69eb3) sll     t4, a3, a1
core   0: 3 0x80004942 (0x00b69eb3) x29 0x00000000
core   0: 0x80004946 (0x00f141b3) xor     gp, sp, a5
core   0: 3 0x80004946 (0x00f141b3) x 3 0xbd12fb22
core   0: 0x8000494a (0x01f5a4b3) slt     s1, a1, t6
core   0: 3 0x8000494a (0x01f5a4b3) x 9 0x00000000
core   0: 0x8000494e (0x0112cbb3) xor     s7, t0, a7
core   0: 3 0x8000494e (0x0112cbb3) x23 0x7fffffff
core   0: 0x80004952 (0x000006ce) c.slli  a3, 19
core   0: 3 0x80004952 (0x06ce) x13 0x00000000
core   0: 0x80004954 (0x5cdd3013) sltiu   zero, s10, 1485
core   0: 3 0x80004954 (0x5cdd3013)
core   0: 0x80004958 (0xc9835837) lui     a6, 0xc9835
core   0: 3 0x80004958 (0xc9835837) x16 0xc9835000
core   0: 0x8000495c (0x026d27b3) mulhsu  a5, s10, t1
core   0: 3 0x8000495c (0x026d27b3) x15 0x00000000
core   0: 0x80004960 (0x6d69f093) andi    ra, s3, 1750
core   0: 3 0x80004960 (0x6d69f093) x 1 0x00000204
core   0: 0x80004964 (0x00008c81) c.sub   s1, s0
core   0: 3 0x80004964 (0x8c81) x 9 0x00000000
core   0: 0x80004966 (0x03b44e33) div     t3, s0, s11
core   0: 3 0x80004966 (0x03b44e33) x28 0xffffffff
core   0: 0x8000496a (0x00d31cb3) sll     s9, t1, a3
core   0: 3 0x8000496a (0x00d31cb3) x25 0x80000000
core   0: 0x8000496e (0x40b9d293) srai    t0, s3, 11
core   0: 3 0x8000496e (0x40b9d293) x 5 0xffffffff
core   0: 0x80004972 (0x00006cf5) c.lui   s9, 0x1d
core   0: 3 0x80004972 (0x6cf5) x25 0x0001d000
core   0: 0x80004974 (0x03757033) remu    zero, a0, s7
core   0: 3 0x80004974 (0x03757033)
core   0: 0x80004978 (0x00a2de93) srli    t4, t0, 10
core   0: 3 0x80004978 (0x00a2de93) x29 0x003fffff
core   0: 0x8000497c (0x9bf8bf97) auipc   t6, 0x9bf8b
core   0: 3 0x8000497c (0x9bf8bf97) x31 0x1bf8f97c
core   0: 0x80004980 (0x0000717d) c.addi16sp sp, -16
core   0: 3 0x80004980 (0x717d) x 2 0xbd12fb12
core   0: 0x80004982 (0x000043e5) c.li    t2, 25
core   0: 3 0x80004982 (0x43e5) x 7 0x00000019
core   0: 0x80004984 (0x4da0cf17) auipc   t5, 0x4da0c
core   0: 3 0x80004984 (0x4da0cf17) x30 0xcda10984
core   0: 0x80004988 (0x01375033) srl     zero, a4, s3
core   0: 3 0x80004988 (0x01375033)
core   0: 0x8000498c (0xfa090d93) addi    s11, s2, -96
core   0: 3 0x8000498c (0xfa090d93) x27 0xbd12fac2
core   0: 0x80004990 (0x00004939) c.li    s2, 14
core   0: 3 0x80004990 (0x4939) x18 0x0000000e
core   0: 0x80004992 (0x01f3d3b3) srl     t2, t2, t6
core   0: 3 0x80004992 (0x01f3d3b3) x 7 0x00000000
core   0: 0x80004996 (0x00008e71) c.and   a2, a2
core   0: 3 0x80004996 (0x8e71) x12 0x0001b000
core   0: 0x80004998 (0x44084c97) auipc   s9, 0x44084
core   0: 3 0x80004998 (0x44084c97) x25 0xc4088998
core   0: 0x8000499c (0x03cecb33) div     s6, t4, t3
core   0: 3 0x8000499c (0x03cecb33) x22 0xffc00001
core   0: 0x800049a0 (0x03887db3) remu    s11, a6, s8
core   0: 3 0x800049a0 (0x03887db3) x27 0xc9835000
core   0: 0x800049a4 (0x401cd633) sra     a2, s9, ra
core   0: 3 0x800049a4 (0x401cd633) x12 0xfc408899
core   0: 0x800049a8 (0x017a1e93) slli    t4, s4, 23
core   0: 3 0x800049a8 (0x017a1e93) x29 0x32000000
core   0: 0x800049ac (0x01dfc3b3) xor     t2, t6, t4
core   0: 3 0x800049ac (0x01dfc3b3) x 7 0x29f8f97c
core   0: 0x800049b0 (0x9e113993) sltiu   s3, sp, -1567
core   0: 3 0x800049b0 (0x9e113993) x19 0x00000001
core   0: 0x800049b4 (0x031444b3) div     s1, s0, a7
core   0: 3 0x800049b4 (0x031444b3) x 9 0xffffffff
core   0: 0x800049b8 (0x57fac493) xori    s1, s5, 1407
core   0: 3 0x800049b8 (0x57fac493) x 9 0x0000057f
core   0: 0x800049bc (0x0196dab3) srl     s5, a3, s9
core   0: 3 0x800049bc (0x0196dab3) x21 0x00000000
core   0: 0x800049c0 (0x03579633) mulh    a2, a5, s5
core   0: 3 0x800049c0 (0x03579633) x12 0x00000000
core   0: 0x800049c4 (0x00000001) c.nop
core   0: 3 0x800049c4 (0x0001)
core   0: 0x800049c6 (0x00008ced) c.and   s1, a1
core   0: 3 0x800049c6 (0x8ced) x 9 0x0000057e
core   0: 0x800049c8 (0x00209f93) slli    t6, ra, 2
core   0: 3 0x800049c8 (0x00209f93) x31 0x00000810
core   0: 0x800049cc (0x00001394) c.addi4spn a3, sp, 480
core   0: 3 0x800049cc (0x1394) x13 0xbd12fcf2
core   0: 0x800049ce (0x011f1713) slli    a4, t5, 17
core   0: 3 0x800049ce (0x011f1713) x14 0x13080000
core   0: 0x800049d2 (0x00008f8d) c.sub   a5, a1
core   0: 3 0x800049d2 (0x8f8d) x15 0x80000002
core   0: 0x800049d4 (0x000088b1) c.andi  s1, 12
core   0: 3 0x800049d4 (0x88b1) x 9 0x0000000c
core   0: 0x800049d6 (0x01c21f13) slli    t5, tp, 28
core   0: 3 0x800049d6 (0x01c21f13) x30 0x40000000
core   0: 0x800049da (0x00008dd5) c.or    a1, a3
core   0: 3 0x800049da (0x8dd5) x11 0xfffffffe
core   0: 0x800049dc (0x0000987d) c.andi  s0, -1
core   0: 3 0x800049dc (0x987d) x 8 0x00000000
core   0: 0x800049de (0x000061a9) c.lui   gp, 0xa
core   0: 3 0x800049de (0x61a9) x 3 0x0000a000
core   0: 0x800049e0 (0x5577cd93) xori    s11, a5, 1367
core   0: 3 0x800049e0 (0x5577cd93) x27 0x80000555
core   0: 0x800049e4 (0x01801633) sll     a2, zero, s8
core   0: 3 0x800049e4 (0x01801633) x12 0x00000000
core   0: 0x800049e8 (0x00008e8d) c.sub   a3, a1
core   0: 3 0x800049e8 (0x8e8d) x13 0xbd12fcf4
core   0: 0x800049ea (0x001d0c33) add     s8, s10, ra
core   0: 3 0x800049ea (0x001d0c33) x24 0x00000204
core   0: 0x800049ee (0x028b7633) remu    a2, s6, s0
core   0: 3 0x800049ee (0x028b7633) x12 0xffc00001
core   0: 0x800049f2 (0x03989cb3) mulh    s9, a7, s9
core   0: 3 0x800049f2 (0x03989cb3) x25 0x00000000
core   0: 0x800049f6 (0x43e44813) xori    a6, s0, 1086
core   0: 3 0x800049f6 (0x43e44813) x16 0x0000043e
core   0: 0x800049fa (0x411d5f13) srai    t5, s10, 17
core   0: 3 0x800049fa (0x411d5f13) x30 0x00000000
core   0: 0x800049fe (0xf47d2f93) slti    t6, s10, -185
core   0: 3 0x800049fe (0xf47d2f93) x31 0x00000000
core   0: 0x80004a02 (0x033fc2b3) div     t0, t6, s3
core   0: 3 0x80004a02 (0x033fc2b3) x 5 0x00000000
core   0: 0x80004a06 (0x003fc633) xor     a2, t6, gp
core   0: 3 0x80004a06 (0x003fc633) x12 0x0000a000
core   0: 0x80004a0a (0x0215deb3) divu    t4, a1, ra
core   0: 3 0x80004a0a (0x0215deb3) x29 0x007f01fc
core   0: 0x80004a0e (0x00008e81) c.sub   a3, s0
core   0: 3 0x80004a0e (0x8e81) x13 0xbd12fcf4
core   0: 0x80004a10 (0x012f16b3) sll     a3, t5, s2
core   0: 3 0x80004a10 (0x012f16b3) x13 0x00000000
core   0: 0x80004a14 (0x75073613) sltiu   a2, a4, 1872
core   0: 3 0x80004a14 (0x75073613) x12 0x00000000
core   0: 0x80004a18 (0x009e3033) sltu    zero, t3, s1
core   0: 3 0x80004a18 (0x009e3033)
core   0: 0x80004a1c (0x012f71b3) and     gp, t5, s2
core   0: 3 0x80004a1c (0x012f71b3) x 3 0x00000000
core   0: 0x80004a20 (0x00008f59) c.or    a4, a4
core   0: 3 0x80004a20 (0x8f59) x14 0x13080000
core   0: 0x80004a22 (0x0234a833) mulhsu  a6, s1, gp
core   0: 3 0x80004a22 (0x0234a833) x16 0x00000000
core   0: 0x80004a26 (0x000fe2b3) or      t0, t6, zero
core   0: 3 0x80004a26 (0x000fe2b3) x 5 0x00000000
core   0: 0x80004a2a (0x0000654d) c.lui   a0, 0x13
core   0: 3 0x80004a2a (0x654d) x10 0x00013000
core   0: 0x80004a2c (0x037d2633) mulhsu  a2, s10, s7
core   0: 3 0x80004a2c (0x037d2633) x12 0x00000000
core   0: 0x80004a30 (0x00008ff9) c.and   a5, a4
core   0: 3 0x80004a30 (0x8ff9) x15 0x00000000
core   0: 0x80004a32 (0x000089e5) c.andi  a1, 25
core   0: 3 0x80004a32 (0x89e5) x11 0x00000018
core   0: 0x80004a34 (0x409bd8b3) sra     a7, s7, s1
core   0: 3 0x80004a34 (0x409bd8b3) x17 0x0007ffff
core   0: 0x80004a38 (0x8ef050b7) lui     ra, 0x8ef05
core   0: 3 0x80004a38 (0x8ef050b7) x 1 0x8ef05000
core   0: 0x80004a3c (0x000098fd) c.andi  s1, -1
core   0: 3 0x80004a3c (0x98fd) x 9 0x0000000c
core   0: 0x80004a3e (0x0000864d) c.srai  a2, 19
core   0: 3 0x80004a3e (0x864d) x12 0x00000000
core   0: 0x80004a40 (0xbb8e8493) addi    s1, t4, -1096
core   0: 3 0x80004a40 (0xbb8e8493) x 9 0x007efdb4
core   0: 0x80004a44 (0x01759e93) slli    t4, a1, 23
core   0: 3 0x80004a44 (0x01759e93) x29 0x0c000000
core   0: 0x80004a48 (0x82c0e613) ori     a2, ra, -2004
core   0: 3 0x80004a48 (0x82c0e613) x12 0xfffff82c
core   0: 0x80004a4c (0x03e521b3) mulhsu  gp, a0, t5
core   0: 3 0x80004a4c (0x03e521b3) x 3 0x00000000
core   0: 0x80004a50 (0xdcaf3a93) sltiu   s5, t5, -566
core   0: 3 0x80004a50 (0xdcaf3a93) x21 0x00000001
core   0: 0x80004a54 (0x00009b6a) c.add   s6, s10
core   0: 3 0x80004a54 (0x9b6a) x22 0xffc00001
core   0: 0x80004a56 (0x3ed8c793) xori    a5, a7, 1005
core   0: 3 0x80004a56 (0x3ed8c793) x15 0x0007fc12
core   0: 0x80004a5a (0x80000eb7) lui     t4, 0x80000
core   0: 3 0x80004a5a (0x80000eb7) x29 0x80000000
core   0: 0x80004a5e (0x00004401) c.li    s0, 0
core   0: 3 0x80004a5e (0x4401) x 8 0x00000000
core   0: 0x80004a60 (0x1693c1b7) lui     gp, 0x1693c
core   0: 3 0x80004a60 (0x1693c1b7) x 3 0x1693c000
core   0: 0x80004a64 (0xd7118193) addi    gp, gp, -655
core   0: 3 0x80004a64 (0xd7118193) x 3 0x1693bd71
core   0: 0x80004a68 (0xa9e3c537) lui     a0, 0xa9e3c
core   0: 3 0x80004a68 (0xa9e3c537) x10 0xa9e3c000
core   0: 0x80004a6c (0xb9e50513) addi    a0, a0, -1122
core   0: 3 0x80004a6c (0xb9e50513) x10 0xa9e3bb9e
core   0: 0x80004a70 (0x00004601) c.li    a2, 0
core   0: 3 0x80004a70 (0x4601) x12 0x00000000
core   0: 0x80004a72 (0xe7d870b7) lui     ra, 0xe7d87
core   0: 3 0x80004a72 (0xe7d870b7) x 1 0xe7d87000
core   0: 0x80004a76 (0x1ff08093) addi    ra, ra, 511
core   0: 3 0x80004a76 (0x1ff08093) x 1 0xe7d871ff
core   0: 0x80004a7a (0xf0a04fb7) lui     t6, 0xf0a04
core   0: 3 0x80004a7a (0xf0a04fb7) x31 0xf0a04000
core   0: 0x80004a7e (0x1eaf8f93) addi    t6, t6, 490
core   0: 3 0x80004a7e (0x1eaf8f93) x31 0xf0a041ea
core   0: 0x80004a82 (0xfff00393) li      t2, -1
core   0: 3 0x80004a82 (0xfff00393) x 7 0xffffffff
core   0: 0x80004a86 (0x80000137) lui     sp, 0x80000
core   0: 3 0x80004a86 (0x80000137) x 2 0x80000000
core   0: 0x80004a8a (0x80000937) lui     s2, 0x80000
core   0: 3 0x80004a8a (0x80000937) x18 0x80000000
core   0: 0x80004a8e (0x00000001) c.nop
core   0: 3 0x80004a8e (0x0001)
core   0: 0x80004a90 (0x02214133) div     sp, sp, sp
core   0: 3 0x80004a90 (0x02214133) x 2 0x00000001
core   0: 0x80004a94 (0x02c0e3b3) rem     t2, ra, a2
core   0: 3 0x80004a94 (0x02c0e3b3) x 7 0xe7d871ff
core   0: 0x80004a98 (0x021551b3) divu    gp, a0, ra
core   0: 3 0x80004a98 (0x021551b3) x 3 0x00000000
core   0: 0x80004a9c (0x10488617) auipc   a2, 0x10488
core   0: 3 0x80004a9c (0x10488617) x12 0x9048ca9c
core   0: 0x80004aa0 (0x0220b633) mulhu   a2, ra, sp
core   0: 3 0x80004aa0 (0x0220b633) x12 0x00000000
core   0: 0x80004aa4 (0x02a95133) divu    sp, s2, a0
core   0: 3 0x80004aa4 (0x02a95133) x 2 0x00000000
core   0: 0x80004aa8 (0xba390613) addi    a2, s2, -1117
core   0: 3 0x80004aa8 (0xba390613) x12 0x7ffffba3
core   0: 0x80004aac (0x027f9eb3) mulh    t4, t6, t2
core   0: 3 0x80004aac (0x027f9eb3) x29 0x017359ef
core   0: 0x80004ab0 (0x03d1c933) div     s2, gp, t4
core   0: 3 0x80004ab0 (0x03d1c933) x18 0x00000000
core   0: 0x80004ab4 (0x02392433) mulhsu  s0, s2, gp
core   0: 3 0x80004ab4 (0x02392433) x 8 0x00000000
core   0: 0x80004ab8 (0xa2e90f93) addi    t6, s2, -1490
core   0: 3 0x80004ab8 (0xa2e90f93) x31 0xfffffa2e
core   0: 0x80004abc (0x0320f933) remu    s2, ra, s2
core   0: 3 0x80004abc (0x0320f933) x18 0xe7d871ff
core   0: 0x80004ac0 (0xce790e93) addi    t4, s2, -793
core   0: 3 0x80004ac0 (0xce790e93) x29 0xe7d86ee6
core   0: 0x80004ac4 (0x02357fb3) remu    t6, a0, gp
core   0: 3 0x80004ac4 (0x02357fb3) x31 0xa9e3bb9e
core   0: 0x80004ac8 (0x01d900b3) add     ra, s2, t4
core   0: 3 0x80004ac8 (0x01d900b3) x 1 0xcfb0e0e5
core   0: 0x80004acc (0x689fefb7) lui     t6, 0x689fe
core   0: 3 0x80004acc (0x689fefb7) x31 0x689fe000
core   0: 0x80004ad0 (0x01d900b3) add     ra, s2, t4
core   0: 3 0x80004ad0 (0x01d900b3) x 1 0xcfb0e0e5
core   0: 0x80004ad4 (0x02215933) divu    s2, sp, sp
core   0: 3 0x80004ad4 (0x02215933) x18 0xffffffff
core   0: 0x80004ad8 (0x02a43133) mulhu   sp, s0, a0
core   0: 3 0x80004ad8 (0x02a43133) x 2 0x00000000
core   0: 0x80004adc (0x03292fb3) mulhsu  t6, s2, s2
core   0: 3 0x80004adc (0x03292fb3) x31 0xffffffff
core   0: 0x80004ae0 (0x00000001) c.nop
core   0: 3 0x80004ae0 (0x0001)
core   0: 0x80004ae2 (0x02c90133) mul     sp, s2, a2
core   0: 3 0x80004ae2 (0x02c90133) x 2 0x8000045d
core   0: 0x80004ae6 (0x00008552) c.mv    a0, s4
core   0: 3 0x80004ae6 (0x8552) x10 0x8000fe64
core   0: 0x80004ae8 (0x004020b3) slt     ra, zero, tp
core   0: 3 0x80004ae8 (0x004020b3) x 1 0x00000000
core   0: 0x80004aec (0x001d5793) srli    a5, s10, 1
core   0: 3 0x80004aec (0x001d5793) x15 0x00000000
core   0: 0x80004af0 (0x01fc8533) add     a0, s9, t6
core   0: 3 0x80004af0 (0x01fc8533) x10 0xffffffff
core   0: 0x80004af4 (0x000047c9) c.li    a5, 18
core   0: 3 0x80004af4 (0x47c9) x15 0x00000012
core   0: 0x80004af6 (0x00008ed5) c.or    a3, a3
core   0: 3 0x80004af6 (0x8ed5) x13 0x00000000
core   0: 0x80004af8 (0x00008e75) c.and   a2, a3
core   0: 3 0x80004af8 (0x8e75) x12 0x00000000
core   0: 0x80004afa (0x40075eb3) sra     t4, a4, zero
core   0: 3 0x80004afa (0x40075eb3) x29 0x13080000
core   0: 0x80004afe (0x028ac433) div     s0, s5, s0
core   0: 3 0x80004afe (0x028ac433) x 8 0xffffffff
core   0: 0x80004b02 (0x0236bd33) mulhu   s10, a3, gp
core   0: 3 0x80004b02 (0x0236bd33) x26 0x00000000
core   0: 0x80004b06 (0x00000001) c.nop
core   0: 3 0x80004b06 (0x0001)
core   0: 0x80004b08 (0x00000b5a) c.slli  s6, 22
core   0: 3 0x80004b08 (0x0b5a) x22 0x00400000
core   0: 0x80004b0a (0x000099fd) c.andi  a1, -1
core   0: 3 0x80004b0a (0x99fd) x11 0x00000018
core   0: 0x80004b0c (0x00008da6) c.mv    s11, s1
core   0: 3 0x80004b0c (0x8da6) x27 0x007efdb4
core   0: 0x80004b0e (0xb522a117) auipc   sp, 0xb522a
core   0: 3 0x80004b0e (0xb522a117) x 2 0x3522eb0e
core   0: 0x80004b12 (0x41b4d513) srai    a0, s1, 27
core   0: 3 0x80004b12 (0x41b4d513) x10 0x00000000
core   0: 0x80004b16 (0x03f278b3) remu    a7, tp, t6
core   0: 3 0x80004b16 (0x03f278b3) x17 0x80013ce4
core   0: 0x80004b1a (0x905c6693) ori     a3, s8, -1787
core   0: 3 0x80004b1a (0x905c6693) x13 0xfffffb05
core   0: 0x80004b1e (0x0000073a) c.slli  a4, 14
core   0: 3 0x80004b1e (0x073a) x14 0x00000000
core   0: 0x80004b20 (0x01080eb3) add     t4, a6, a6
core   0: 3 0x80004b20 (0x01080eb3) x29 0x00000000
core   0: 0x80004b24 (0x0047c733) xor     a4, a5, tp
core   0: 3 0x80004b24 (0x0047c733) x14 0x80013cf6
core   0: 0x80004b28 (0x00008f95) c.sub   a5, a3
core   0: 3 0x80004b28 (0x8f95) x15 0x0000050d
core   0: 0x80004b2a (0x02b866b3) rem     a3, a6, a1
core   0: 3 0x80004b2a (0x02b866b3) x13 0x00000000
core   0: 0x80004b2e (0xbdfae537) lui     a0, 0xbdfae
core   0: 3 0x80004b2e (0xbdfae537) x10 0xbdfae000
core   0: 0x80004b32 (0x023bb833) mulhu   a6, s7, gp
core   0: 3 0x80004b32 (0x023bb833) x16 0x00000000
core   0: 0x80004b36 (0x00000001) c.nop
core   0: 3 0x80004b36 (0x0001)
core   0: 0x80004b38 (0x00f373b3) and     t2, t1, a5
core   0: 3 0x80004b38 (0x00f373b3) x 7 0x00000000
core   0: 0x80004b3c (0x4bf13593) sltiu   a1, sp, 1215
core   0: 3 0x80004b3c (0x4bf13593) x11 0x00000000
core   0: 0x80004b40 (0x03723033) mulhu   zero, tp, s7
core   0: 3 0x80004b40 (0x03723033)
core   0: 0x80004b44 (0x000089bd) c.andi  a1, 15
core   0: 3 0x80004b44 (0x89bd) x11 0x00000000
core   0: 0x80004b46 (0x00919b33) sll     s6, gp, s1
core   0: 3 0x80004b46 (0x00919b33) x22 0x00000000
core   0: 0x80004b4a (0x00009fa6) c.add   t6, s1
core   0: 3 0x80004b4a (0x9fa6) x31 0x007efdb3
core   0: 0x80004b4c (0x00008fe5) c.and   a5, s1
core   0: 3 0x80004b4c (0x8fe5) x15 0x00000504
core   0: 0x80004b4e (0x02661933) mulh    s2, a2, t1
core   0: 3 0x80004b4e (0x02661933) x18 0x00000000
core   0: 0x80004b52 (0x000cf633) and     a2, s9, zero
core   0: 3 0x80004b52 (0x000cf633) x12 0x00000000
core   0: 0x80004b56 (0x007ba033) slt     zero, s7, t2
core   0: 3 0x80004b56 (0x007ba033)
core   0: 0x80004b5a (0x00008db2) c.mv    s11, a2
core   0: 3 0x80004b5a (0x8db2) x27 0x00000000
core   0: 0x80004b5c (0x00008d69) c.and   a0, a0
core   0: 3 0x80004b5c (0x8d69) x10 0xbdfae000
core   0: 0x80004b5e (0xc9393413) sltiu   s0, s2, -877
core   0: 3 0x80004b5e (0xc9393413) x 8 0x00000001
core   0: 0x80004b62 (0x00d8de93) srli    t4, a7, 13
core   0: 3 0x80004b62 (0x00d8de93) x29 0x00040009
core   0: 0x80004b66 (0x03ba4533) div     a0, s4, s11
core   0: 3 0x80004b66 (0x03ba4533) x10 0xffffffff
core   0: 0x80004b6a (0x02cd30b3) mulhu   ra, s10, a2
core   0: 3 0x80004b6a (0x02cd30b3) x 1 0x00000000
core   0: 0x80004b6e (0x02451eb3) mulh    t4, a0, tp
core   0: 3 0x80004b6e (0x02451eb3) x29 0x00000000
core   0: 0x80004b72 (0x03b10cb3) mul     s9, sp, s11
core   0: 3 0x80004b72 (0x03b10cb3) x25 0x00000000
core   0: 0x80004b76 (0x02407fb3) remu    t6, zero, tp
core   0: 3 0x80004b76 (0x02407fb3) x31 0x00000000
core   0: 0x80004b7a (0x03612c33) mulhsu  s8, sp, s6
core   0: 3 0x80004b7a (0x03612c33) x24 0x00000000
core   0: 0x80004b7e (0x00000001) c.nop
core   0: 3 0x80004b7e (0x0001)
core   0: 0x80004b80 (0x00008fa2) c.mv    t6, s0
core   0: 3 0x80004b80 (0x8fa2) x31 0x00000001
core   0: 0x80004b82 (0x275f4d13) xori    s10, t5, 629
core   0: 3 0x80004b82 (0x275f4d13) x26 0x00000275
core   0: 0x80004b86 (0x41688ab3) sub     s5, a7, s6
core   0: 3 0x80004b86 (0x41688ab3) x21 0x80013ce4
core   0: 0x80004b8a (0xa9957d93) andi    s11, a0, -1383
core   0: 3 0x80004b8a (0xa9957d93) x27 0xfffffa99
core   0: 0x80004b8e (0x07520493) addi    s1, tp, 117
core   0: 3 0x80004b8e (0x07520493) x 9 0x80013d59
core   0: 0x80004b92 (0x00000001) c.nop
core   0: 3 0x80004b92 (0x0001)
core   0: 0x80004b94 (0x00571993) slli    s3, a4, 5
core   0: 3 0x80004b94 (0x00571993) x19 0x00279ec0
core   0: 0x80004b98 (0x0294c933) div     s2, s1, s1
core   0: 3 0x80004b98 (0x0294c933) x18 0x00000001
core   0: 0x80004b9c (0x00008ce5) c.and   s1, s1
core   0: 3 0x80004b9c (0x8ce5) x 9 0x80013d59
core   0: 0x80004b9e (0x00000cca) c.slli  s9, 18
core   0: 3 0x80004b9e (0x0cca) x25 0x00000000
core   0: 0x80004ba0 (0x002a5293) srli    t0, s4, 2
core   0: 3 0x80004ba0 (0x002a5293) x 5 0x20003f99
core   0: 0x80004ba4 (0x03177533) remu    a0, a4, a7
core   0: 3 0x80004ba4 (0x03177533) x10 0x00000012
core   0: 0x80004ba8 (0x00000180) c.addi4spn s0, sp, 192
core   0: 3 0x80004ba8 (0x0180) x 8 0x3522ebce
core   0: 0x80004baa (0x41745d93) srai    s11, s0, 23
core   0: 3 0x80004baa (0x41745d93) x27 0x0000006a
core   0: 0x80004bae (0x00006a91) c.lui   s5, 0x4
core   0: 3 0x80004bae (0x6a91) x21 0x00004000
core   0: 0x80004bb0 (0x0272a933) mulhsu  s2, t0, t2
core   0: 3 0x80004bb0 (0x0272a933) x18 0x00000000
core   0: 0x80004bb4 (0x01883733) sltu    a4, a6, s8
core   0: 3 0x80004bb4 (0x01883733) x14 0x00000000
core   0: 0x80004bb8 (0x031493b3) mulh    t2, s1, a7
core   0: 3 0x80004bb8 (0x031493b3) x 7 0x3ffec2e3
core   0: 0x80004bbc (0x00004f49) c.li    t5, 18
core   0: 3 0x80004bbc (0x4f49) x30 0x00000012
core   0: 0x80004bbe (0x00006171) c.addi16sp sp, 336
core   0: 3 0x80004bbe (0x6171) x 2 0x3522ec5e
core   0: 0x80004bc0 (0x01f24ab3) xor     s5, tp, t6
core   0: 3 0x80004bc0 (0x01f24ab3) x21 0x80013ce5
core   0: 0x80004bc4 (0x1ebb6fb7) lui     t6, 0x1ebb6
core   0: 3 0x80004bc4 (0x1ebb6fb7) x31 0x1ebb6000
core   0: 0x80004bc8 (0x00000e88) c.addi4spn a0, sp, 848
core   0: 3 0x80004bc8 (0x0e88) x10 0x3522efae
core   0: 0x80004bca (0x00000001) c.nop
core   0: 3 0x80004bca (0x0001)
core   0: 0x80004bcc (0x00004e2d) c.li    t3, 11
core   0: 3 0x80004bcc (0x4e2d) x28 0x0000000b
core   0: 0x80004bce (0x41cc5733) sra     a4, s8, t3
core   0: 3 0x80004bce (0x41cc5733) x14 0x00000000
core   0: 0x80004bd2 (0x60d52613) slti    a2, a0, 1549
core   0: 3 0x80004bd2 (0x60d52613) x12 0x00000000
core   0: 0x80004bd6 (0x02e8dcb3) divu    s9, a7, a4
core   0: 3 0x80004bd6 (0x02e8dcb3) x25 0xffffffff
core   0: 0x80004bda (0x02a13cb3) mulhu   s9, sp, a0
core   0: 3 0x80004bda (0x02a13cb3) x25 0x0b077b52
core   0: 0x80004bde (0x00ead813) srli    a6, s5, 14
core   0: 3 0x80004bde (0x00ead813) x16 0x00020004
core   0: 0x80004be2 (0x9d14b513) sltiu   a0, s1, -1583
core   0: 3 0x80004be2 (0x9d14b513) x10 0x00000001
core   0: 0x80004be6 (0xd6a53e13) sltiu   t3, a0, -662
core   0: 3 0x80004be6 (0xd6a53e13) x28 0x00000001
core   0: 0x80004bea (0xd08b4d93) xori    s11, s6, -760
core   0: 3 0x80004bea (0xd08b4d93) x27 0xfffffd08
core   0: 0x80004bee (0x01aa54b3) srl     s1, s4, s10
core   0: 3 0x80004bee (0x01aa54b3) x 9 0x00000400
core   0: 0x80004bf2 (0x000087ed) c.srai  a5, 27
core   0: 3 0x80004bf2 (0x87ed) x15 0x00000000
core   0: 0x80004bf4 (0x02510db3) mul     s11, sp, t0
core   0: 3 0x80004bf4 (0x02510db3) x27 0x1a0a662e
core   0: 0x80004bf8 (0x015c17b3) sll     a5, s8, s5
core   0: 3 0x80004bf8 (0x015c17b3) x15 0x00000000
core   0: 0x80004bfc (0x02ed0f33) mul     t5, s10, a4
core   0: 3 0x80004bfc (0x02ed0f33) x30 0x00000000
core   0: 0x80004c00 (0x010b7633) and     a2, s6, a6
core   0: 3 0x80004c00 (0x010b7633) x12 0x00000000
core   0: 0x80004c04 (0x00000676) c.slli  a2, 29
core   0: 3 0x80004c04 (0x0676) x12 0x00000000
core   0: 0x80004c06 (0x06ffbb17) auipc   s6, 0x6ffb
core   0: 3 0x80004c06 (0x06ffbb17) x22 0x86fffc06
core   0: 0x80004c0a (0x9bbe4e93) xori    t4, t3, -1605
core   0: 3 0x80004c0a (0x9bbe4e93) x29 0xfffff9ba
core   0: 0x80004c0e (0x4a607a93) andi    s5, zero, 1190
core   0: 3 0x80004c0e (0x4a607a93) x21 0x00000000
core   0: 0x80004c12 (0x00008ddd) c.or    a1, a5
core   0: 3 0x80004c12 (0x8ddd) x11 0x00000000
core   0: 0x80004c14 (0x00008d65) c.and   a0, s1
core   0: 3 0x80004c14 (0x8d65) x10 0x00000000
core   0: 0x80004c16 (0x0000717d) c.addi16sp sp, -16
core   0: 3 0x80004c16 (0x717d) x 2 0x3522ec4e
core   0: 0x80004c18 (0x02b6d1b3) divu    gp, a3, a1
core   0: 3 0x80004c18 (0x02b6d1b3) x 3 0xffffffff
core   0: 0x80004c1c (0x00008f91) c.sub   a5, a2
core   0: 3 0x80004c1c (0x8f91) x15 0x00000000
core   0: 0x80004c1e (0x000099fd) c.andi  a1, -1
core   0: 3 0x80004c1e (0x99fd) x11 0x00000000
core   0: 0x80004c20 (0x0243d033) divu    zero, t2, tp
core   0: 3 0x80004c20 (0x0243d033)
core   0: 0x80004c24 (0x00008a01) c.andi  a2, 0
core   0: 3 0x80004c24 (0x8a01) x12 0x00000000
core   0: 0x80004c26 (0x0265cab3) div     s5, a1, t1
core   0: 3 0x80004c26 (0x0265cab3) x21 0x00000000
core   0: 0x80004c2a (0x000060f5) c.lui   ra, 0x1d
core   0: 3 0x80004c2a (0x60f5) x 1 0x0001d000
core   0: 0x80004c2c (0x0000717d) c.addi16sp sp, -16
core   0: 3 0x80004c2c (0x717d) x 2 0x3522ec3e
core   0: 0x80004c2e (0xd1dd7b13) andi    s6, s10, -739
core   0: 3 0x80004c2e (0xd1dd7b13) x22 0x00000015
core   0: 0x80004c32 (0xe181e013) ori     zero, gp, -488
core   0: 3 0x80004c32 (0xe181e013)
core   0: 0x80004c36 (0x00d44cb3) xor     s9, s0, a3
core   0: 3 0x80004c36 (0x00d44cb3) x25 0x3522ebce
core   0: 0x80004c3a (0x007c6f33) or      t5, s8, t2
core   0: 3 0x80004c3a (0x007c6f33) x30 0x3ffec2e3
core   0: 0x80004c3e (0x40bbde33) sra     t3, s7, a1
core   0: 3 0x80004c3e (0x40bbde33) x28 0x7fffffff
core   0: 0x80004c42 (0x00008e89) c.sub   a3, a0
core   0: 3 0x80004c42 (0x8e89) x13 0x00000000
core   0: 0x80004c44 (0x016bf033) and     zero, s7, s6
core   0: 3 0x80004c44 (0x016bf033)
core   0: 0x80004c48 (0x030c3b33) mulhu   s6, s8, a6
core   0: 3 0x80004c48 (0x030c3b33) x22 0x00000000
core   0: 0x80004c4c (0x02690db3) mul     s11, s2, t1
core   0: 3 0x80004c4c (0x02690db3) x27 0x00000000
core   0: 0x80004c50 (0x00008c6d) c.and   s0, a1
core   0: 3 0x80004c50 (0x8c6d) x 8 0x00000000
core   0: 0x80004c52 (0x00000494) c.addi4spn a3, sp, 576
core   0: 3 0x80004c52 (0x0494) x13 0x3522ee7e
core   0: 0x80004c54 (0x03062e33) mulhsu  t3, a2, a6
core   0: 3 0x80004c54 (0x03062e33) x28 0x00000000
core   0: 0x80004c58 (0x03cae5b3) rem     a1, s5, t3
core   0: 3 0x80004c58 (0x03cae5b3) x11 0x00000000
core   0: 0x80004c5c (0x03143cb3) mulhu   s9, s0, a7
core   0: 3 0x80004c5c (0x03143cb3) x25 0x00000000
core   0: 0x80004c60 (0x0087ed33) or      s10, a5, s0
core   0: 3 0x80004c60 (0x0087ed33) x26 0x00000000
core   0: 0x80004c64 (0x003f5993) srli    s3, t5, 3
core   0: 3 0x80004c64 (0x003f5993) x19 0x07ffd85c
core   0: 0x80004c68 (0x005bd033) srl     zero, s7, t0
core   0: 3 0x80004c68 (0x005bd033)
core   0: 0x80004c6c (0x03662833) mulhsu  a6, a2, s6
core   0: 3 0x80004c6c (0x03662833) x16 0x00000000
core   0: 0x80004c70 (0x000096de) c.add   a3, s7
core   0: 3 0x80004c70 (0x96de) x13 0xb522ee7d
core   0: 0x80004c72 (0x00008929) c.andi  a0, 10
core   0: 3 0x80004c72 (0x8929) x10 0x00000000
core   0: 0x80004c74 (0x0000834d) c.srli  a4, 19
core   0: 3 0x80004c74 (0x834d) x14 0x00000000
core   0: 0x80004c76 (0x0000717d) c.addi16sp sp, -16
core   0: 3 0x80004c76 (0x717d) x 2 0x3522ec2e
core   0: 0x80004c78 (0x01bad593) srli    a1, s5, 27
core   0: 3 0x80004c78 (0x01bad593) x11 0x00000000
core   0: 0x80004c7c (0x00a69f33) sll     t5, a3, a0
core   0: 3 0x80004c7c (0x00a69f33) x30 0xb522ee7d
core   0: 0x80004c80 (0x00008e01) c.sub   a2, s0
core   0: 3 0x80004c80 (0x8e01) x12 0x00000000
core   0: 0x80004c82 (0x00009bfd) c.andi  a5, -1
core   0: 3 0x80004c82 (0x9bfd) x15 0x00000000
core   0: 0x80004c84 (0x4046da93) srai    s5, a3, 4
core   0: 3 0x80004c84 (0x4046da93) x21 0xfb522ee7
core   0: 0x80004c88 (0x0ec6e913) ori     s2, a3, 236
core   0: 3 0x80004c88 (0x0ec6e913) x18 0xb522eefd
core   0: 0x80004c8c (0xc5baf893) andi    a7, s5, -933
core   0: 3 0x80004c8c (0xc5baf893) x17 0xfb522c43
core   0: 0x80004c90 (0xf43c6493) ori     s1, s8, -189
core   0: 3 0x80004c90 (0xf43c6493) x 9 0xffffff43
core   0: 0x80004c94 (0x441f4e37) lui     t3, 0x441f4
core   0: 3 0x80004c94 (0x441f4e37) x28 0x441f4000
core   0: 0x80004c98 (0x02d611b3) mulh    gp, a2, a3
core   0: 3 0x80004c98 (0x02d611b3) x 3 0x00000000
core   0: 0x80004c9c (0x5544ff37) lui     t5, 0x5544f
core   0: 3 0x80004c9c (0x5544ff37) x30 0x5544f000
core   0: 0x80004ca0 (0x00008469) c.srai  s0, 26
core   0: 3 0x80004ca0 (0x8469) x 8 0x00000000
core   0: 0x80004ca2 (0x00bcde93) srli    t4, s9, 11
core   0: 3 0x80004ca2 (0x00bcde93) x29 0x00000000
core   0: 0x80004ca6 (0x00000001) c.nop
core   0: 3 0x80004ca6 (0x0001)
core   0: 0x80004ca8 (0x03b2ac13) slti    s8, t0, 59
core   0: 3 0x80004ca8 (0x03b2ac13) x24 0x00000000
core   0: 0x80004cac (0x00004731) c.li    a4, 12
core   0: 3 0x80004cac (0x4731) x14 0x0000000c
core   0: 0x80004cae (0x03ef51b3) divu    gp, t5, t5
core   0: 3 0x80004cae (0x03ef51b3) x 3 0x00000001
core   0: 0x80004cb2 (0x031f2633) mulhsu  a2, t5, a7
core   0: 3 0x80004cb2 (0x031f2633) x12 0x53b5f623
core   0: 0x80004cb6 (0x00008d19) c.sub   a0, a4
core   0: 3 0x80004cb6 (0x8d19) x10 0xfffffff4
core   0: 0x80004cb8 (0x050d3813) sltiu   a6, s10, 80
core   0: 3 0x80004cb8 (0x050d3813) x16 0x00000001
core   0: 0x80004cbc (0x004da1b3) slt     gp, s11, tp
core   0: 3 0x80004cbc (0x004da1b3) x 3 0x00000000
core   0: 0x80004cc0 (0x02d9b033) mulhu   zero, s3, a3
core   0: 3 0x80004cc0 (0x02d9b033)
core   0: 0x80004cc4 (0x000082d2) c.mv    t0, s4
core   0: 3 0x80004cc4 (0x82d2) x 5 0x8000fe64
core   0: 0x80004cc6 (0x00000001) c.nop
core   0: 3 0x80004cc6 (0x0001)
core   0: 0x80004cc8 (0x03bc6833) rem     a6, s8, s11
core   0: 3 0x80004cc8 (0x03bc6833) x16 0x00000000
core   0: 0x80004ccc (0x014dbd33) sltu    s10, s11, s4
core   0: 3 0x80004ccc (0x014dbd33) x26 0x00000001
core   0: 0x80004cd0 (0x03d27933) remu    s2, tp, t4
core   0: 3 0x80004cd0 (0x03d27933) x18 0x80013ce4
core   0: 0x80004cd4 (0x401cdc13) srai    s8, s9, 1
core   0: 3 0x80004cd4 (0x401cdc13) x24 0x00000000
core   0: 0x80004cd8 (0x00008e25) c.xor   a2, s1
core   0: 3 0x80004cd8 (0x8e25) x12 0xac4a0960
core   0: 0x80004cda (0x01c1bd33) sltu    s10, gp, t3
core   0: 3 0x80004cda (0x01c1bd33) x26 0x00000001
core   0: 0x80004cde (0xb3230f93) addi    t6, t1, -1230
core   0: 3 0x80004cde (0xb3230f93) x31 0x7ffffb32
core   0: 0x80004ce2 (0x002e2733) slt     a4, t3, sp
core   0: 3 0x80004ce2 (0x002e2733) x14 0x00000000
core   0: 0x80004ce6 (0x000004aa) c.slli  s1, 10
core   0: 3 0x80004ce6 (0x04aa) x 9 0xfffd0c00
core   0: 0x80004ce8 (0x000044cd) c.li    s1, 19
core   0: 3 0x80004ce8 (0x44cd) x 9 0x00000013
core   0: 0x80004cea (0x03126933) rem     s2, tp, a7
core   0: 3 0x80004cea (0x03126933) x18 0xfe5691d3
core   0: 0x80004cee (0x00b29b93) slli    s7, t0, 11
core   0: 3 0x80004cee (0x00b29b93) x23 0x07f32000
core   0: 0x80004cf2 (0x000083e5) c.srli  a5, 25
core   0: 3 0x80004cf2 (0x83e5) x15 0x00000000
core   0: 0x80004cf4 (0x0000899d) c.andi  a1, 7
core   0: 3 0x80004cf4 (0x899d) x11 0x00000000
core   0: 0x80004cf6 (0x018b5e33) srl     t3, s6, s8
core   0: 3 0x80004cf6 (0x018b5e33) x28 0x00000000
core   0: 0x80004cfa (0x017ad133) srl     sp, s5, s7
core   0: 3 0x80004cfa (0x017ad133) x 2 0xfb522ee7
core   0: 0x80004cfe (0x03a52633) mulhsu  a2, a0, s10
core   0: 3 0x80004cfe (0x03a52633) x12 0xffffffff
core   0: 0x80004d02 (0x00004495) c.li    s1, 5
core   0: 3 0x80004d02 (0x4495) x 9 0x00000005
core   0: 0x80004d04 (0x0119d593) srli    a1, s3, 17
core   0: 3 0x80004d04 (0x0119d593) x11 0x000003ff
core   0: 0x80004d08 (0x0000717d) c.addi16sp sp, -16
core   0: 3 0x80004d08 (0x717d) x 2 0xfb522ed7
core   0: 0x80004d0a (0x00008acd) c.andi  a3, 19
core   0: 3 0x80004d0a (0x8acd) x13 0x00000011
core   0: 0x80004d0c (0x202da3b7) lui     t2, 0x202da
core   0: 3 0x80004d0c (0x202da3b7) x 7 0x202da000
core   0: 0x80004d10 (0x01b6d413) srli    s0, a3, 27
core   0: 3 0x80004d10 (0x01b6d413) x 8 0x00000000
core   0: 0x80004d14 (0x00009b59) c.andi  a4, -10
core   0: 3 0x80004d14 (0x9b59) x14 0x00000000
core   0: 0x80004d16 (0x0000557d) c.li    a0, -1
core   0: 3 0x80004d16 (0x557d) x10 0xffffffff
core   0: 0x80004d18 (0x00008c5e) c.mv    s8, s7
core   0: 3 0x80004d18 (0x8c5e) x24 0x07f32000
core   0: 0x80004d1a (0x00008d39) c.xor   a0, a4
core   0: 3 0x80004d1a (0x8d39) x10 0xffffffff
core   0: 0x80004d1c (0x000098fd) c.andi  s1, -1
core   0: 3 0x80004d1c (0x98fd) x 9 0x00000005
core   0: 0x80004d1e (0x78b24993) xori    s3, tp, 1931
core   0: 3 0x80004d1e (0x78b24993) x19 0x80013b6f
core   0: 0x80004d22 (0x000085d1) c.srai  a1, 20
core   0: 3 0x80004d22 (0x85d1) x11 0x00000000
core   0: 0x80004d24 (0x03fdc1b3) div     gp, s11, t6
core   0: 3 0x80004d24 (0x03fdc1b3) x 3 0x00000000
core   0: 0x80004d28 (0x000086a1) c.srai  a3, 8
core   0: 3 0x80004d28 (0x86a1) x13 0x00000000
core   0: 0x80004d2a (0x01345813) srli    a6, s0, 19
core   0: 3 0x80004d2a (0x01345813) x16 0x00000000
core   0: 0x80004d2e (0x415757b3) sra     a5, a4, s5
core   0: 3 0x80004d2e (0x415757b3) x15 0x00000000
core   0: 0x80004d32 (0x4037d433) sra     s0, a5, gp
core   0: 3 0x80004d32 (0x4037d433) x 8 0x00000000
core   0: 0x80004d36 (0x01ad4533) xor     a0, s10, s10
core   0: 3 0x80004d36 (0x01ad4533) x10 0x00000000
core   0: 0x80004d3a (0x00008d9e) c.mv    s11, t2
core   0: 3 0x80004d3a (0x8d9e) x27 0x202da000
core   0: 0x80004d3c (0x0064ad37) lui     s10, 0x64a
core   0: 3 0x80004d3c (0x0064ad37) x26 0x0064a000
core   0: 0x80004d40 (0x01292b33) slt     s6, s2, s2
core   0: 3 0x80004d40 (0x01292b33) x22 0x00000000
core   0: 0x80004d44 (0x01e35fb3) srl     t6, t1, t5
core   0: 3 0x80004d44 (0x01e35fb3) x31 0x80000000
core   0: 0x80004d48 (0x00008091) c.srli  s1, 4
core   0: 3 0x80004d48 (0x8091) x 9 0x00000000
core   0: 0x80004d4a (0x00008ae5) c.andi  a3, 25
core   0: 3 0x80004d4a (0x8ae5) x13 0x00000000
core   0: 0x80004d4c (0x02be1eb3) mulh    t4, t3, a1
core   0: 3 0x80004d4c (0x02be1eb3) x29 0x00000000
core   0: 0x80004d50 (0x00008409) c.srai  s0, 2
core   0: 3 0x80004d50 (0x8409) x 8 0x00000000
core   0: 0x80004d52 (0x41e209b3) sub     s3, tp, t5
core   0: 3 0x80004d52 (0x41e209b3) x19 0x2abc4ce4
core   0: 0x80004d56 (0x00006159) c.addi16sp sp, 400
core   0: 3 0x80004d56 (0x6159) x 2 0xfb523067
core   0: 0x80004d58 (0x0146d393) srli    t2, a3, 20
core   0: 3 0x80004d58 (0x0146d393) x 7 0x00000000
core   0: 0x80004d5c (0x00000001) c.nop
core   0: 3 0x80004d5c (0x0001)
core   0: 0x80004d5e (0x01d14fb3) xor     t6, sp, t4
core   0: 3 0x80004d5e (0x01d14fb3) x31 0xfb523067
core   0: 0x80004d62 (0x00000790) c.addi4spn a2, sp, 960
core   0: 3 0x80004d62 (0x0790) x12 0xfb523427
core   0: 0x80004d64 (0x00008ec9) c.or    a3, a0
core   0: 3 0x80004d64 (0x8ec9) x13 0x00000000
core   0: 0x80004d66 (0x006ab033) sltu    zero, s5, t1
core   0: 3 0x80004d66 (0x006ab033)
core   0: 0x80004d6a (0x0000987d) c.andi  s0, -1
core   0: 3 0x80004d6a (0x987d) x 8 0x00000000
core   0: 0x80004d6c (0x00000911) c.addi  s2, 4
core   0: 3 0x80004d6c (0x0911) x18 0xfe5691d7
core   0: 0x80004d6e (0x0156b433) sltu    s0, a3, s5
core   0: 3 0x80004d6e (0x0156b433) x 8 0x00000001
core   0: 0x80004d72 (0x0363a2b3) mulhsu  t0, t2, s6
core   0: 3 0x80004d72 (0x0363a2b3) x 5 0x00000000
core   0: 0x80004d76 (0x00008fa9) c.xor   a5, a0
core   0: 3 0x80004d76 (0x8fa9) x15 0x00000000
core   0: 0x80004d78 (0xc5a24013) xori    zero, tp, -934
core   0: 3 0x80004d78 (0xc5a24013)
core   0: 0x80004d7c (0x00000d6a) c.slli  s10, 26
core   0: 3 0x80004d7c (0x0d6a) x26 0x00000000
core   0: 0x80004d7e (0x023d84b3) mul     s1, s11, gp
core   0: 3 0x80004d7e (0x023d84b3) x 9 0x00000000
core   0: 0x80004d82 (0x01d22933) slt     s2, tp, t4
core   0: 3 0x80004d82 (0x01d22933) x18 0x00000001
core   0: 0x80004d86 (0xf49ec793) xori    a5, t4, -183
core   0: 3 0x80004d86 (0xf49ec793) x15 0xffffff49
core   0: 0x80004d8a (0x00008ebd) c.xor   a3, a5
core   0: 3 0x80004d8a (0x8ebd) x13 0xffffff49
core   0: 0x80004d8c (0x000b32b3) sltu    t0, s6, zero
core   0: 3 0x80004d8c (0x000b32b3) x 5 0x00000000
core   0: 0x80004d90 (0x02f082b3) mul     t0, ra, a5
core   0: 3 0x80004d90 (0x02f082b3) x 5 0xfeb45000
core   0: 0x80004d94 (0x83f64f13) xori    t5, a2, -1985
core   0: 3 0x80004d94 (0x83f64f13) x30 0x04adcc18
core   0: 0x80004d98 (0x1f4c6e93) ori     t4, s8, 500
core   0: 3 0x80004d98 (0x1f4c6e93) x29 0x07f321f4
core   0: 0x80004d9c (0x000068ed) c.lui   a7, 0x1b
core   0: 3 0x80004d9c (0x68ed) x17 0x0001b000
core   0: 0x80004d9e (0x01449a93) slli    s5, s1, 20
core   0: 3 0x80004d9e (0x01449a93) x21 0x00000000
core   0: 0x80004da2 (0x00000832) c.slli  a6, 12
core   0: 3 0x80004da2 (0x0832) x16 0x00000000
core   0: 0x80004da4 (0x2931b493) sltiu   s1, gp, 659
core   0: 3 0x80004da4 (0x2931b493) x 9 0x00000001
core   0: 0x80004da8 (0x01056d33) or      s10, a0, a6
core   0: 3 0x80004da8 (0x01056d33) x26 0x00000000
core   0: 0x80004dac (0x0005dc13) srli    s8, a1, 0
core   0: 3 0x80004dac (0x0005dc13) x24 0x00000000
core   0: 0x80004db0 (0x000067ad) c.lui   a5, 0xb
core   0: 3 0x80004db0 (0x67ad) x15 0x0000b000
core   0: 0x80004db2 (0x0000986a) c.add   a6, s10
core   0: 3 0x80004db2 (0x986a) x16 0x00000000
core   0: 0x80004db4 (0x014102b3) add     t0, sp, s4
core   0: 3 0x80004db4 (0x014102b3) x 5 0x7b532ecb
core   0: 0x80004db8 (0x02649133) mulh    sp, s1, t1
core   0: 3 0x80004db8 (0x02649133) x 2 0xffffffff
core   0: 0x80004dbc (0x01bcf6b3) and     a3, s9, s11
core   0: 3 0x80004dbc (0x01bcf6b3) x13 0x00000000
core   0: 0x80004dc0 (0x019b1a93) slli    s5, s6, 25
core   0: 3 0x80004dc0 (0x019b1a93) x21 0x00000000
core   0: 0x80004dc4 (0x031d6b33) rem     s6, s10, a7
core   0: 3 0x80004dc4 (0x031d6b33) x22 0x00000000
core   0: 0x80004dc8 (0xf66a2f13) slti    t5, s4, -154
core   0: 3 0x80004dc8 (0xf66a2f13) x30 0x00000001
core   0: 0x80004dcc (0x0060b1b3) sltu    gp, ra, t1
core   0: 3 0x80004dcc (0x0060b1b3) x 3 0x00000001
core   0: 0x80004dd0 (0x01555b93) srli    s7, a0, 21
core   0: 3 0x80004dd0 (0x01555b93) x23 0x00000000
core   0: 0x80004dd4 (0x001d2033) slt     zero, s10, ra
core   0: 3 0x80004dd4 (0x001d2033)
core   0: 0x80004dd8 (0x00008d31) c.xor   a0, a2
core   0: 3 0x80004dd8 (0x8d31) x10 0xfb523427
core   0: 0x80004dda (0x40ff5793) srai    a5, t5, 15
core   0: 3 0x80004dda (0x40ff5793) x15 0x00000000
core   0: 0x80004dde (0x01e65633) srl     a2, a2, t5
core   0: 3 0x80004dde (0x01e65633) x12 0x7da91a13
core   0: 0x80004de2 (0x029424b3) mulhsu  s1, s0, s1
core   0: 3 0x80004de2 (0x029424b3) x 9 0x00000000
core   0: 0x80004de6 (0x02c96cb3) rem     s9, s2, a2
core   0: 3 0x80004de6 (0x02c96cb3) x25 0x00000001
core   0: 0x80004dea (0x00008fe5) c.and   a5, s1
core   0: 3 0x80004dea (0x8fe5) x15 0x00000000
core   0: 0x80004dec (0x00a37b33) and     s6, t1, a0
core   0: 3 0x80004dec (0x00a37b33) x22 0x80000000
core   0: 0x80004df0 (0x00008079) c.srli  s0, 30
core   0: 3 0x80004df0 (0x8079) x 8 0x00000000
core   0: 0x80004df2 (0x00000001) c.nop
core   0: 3 0x80004df2 (0x0001)
core   0: 0x80004df4 (0xe4cc30b7) lui     ra, 0xe4cc3
core   0: 3 0x80004df4 (0xe4cc30b7) x 1 0xe4cc3000
core   0: 0x80004df8 (0x015d07b3) add     a5, s10, s5
core   0: 3 0x80004df8 (0x015d07b3) x15 0x00000000
core   0: 0x80004dfc (0x0000864a) c.mv    a2, s2
core   0: 3 0x80004dfc (0x864a) x12 0x00000001
core   0: 0x80004dfe (0xfdee3737) lui     a4, 0xfdee3
core   0: 3 0x80004dfe (0xfdee3737) x14 0xfdee3000
core   0: 0x80004e02 (0x02cebe33) mulhu   t3, t4, a2
core   0: 3 0x80004e02 (0x02cebe33) x28 0x00000000
core   0: 0x80004e06 (0x00006179) c.addi16sp sp, 464
core   0: 3 0x80004e06 (0x6179) x 2 0x000001cf
core   0: 0x80004e08 (0x00829b33) sll     s6, t0, s0
core   0: 3 0x80004e08 (0x00829b33) x22 0x7b532ecb
core   0: 0x80004e0c (0x000085e9) c.srai  a1, 26
core   0: 3 0x80004e0c (0x85e9) x11 0x00000000
core   0: 0x80004e0e (0x000003da) c.slli  t2, 22
core   0: 3 0x80004e0e (0x03da) x 7 0x00000000
core   0: 0x80004e10 (0x00000001) c.nop
core   0: 3 0x80004e10 (0x0001)
core   0: 0x80004e12 (0x00008f0d) c.sub   a4, a1
core   0: 3 0x80004e12 (0x8f0d) x14 0xfdee3000
core   0: 0x80004e14 (0x0351eb33) rem     s6, gp, s5
core   0: 3 0x80004e14 (0x0351eb33) x22 0x00000001
core   0: 0x80004e18 (0x03b727b3) mulhsu  a5, a4, s11
core   0: 3 0x80004e18 (0x03b727b3) x15 0xffbd6793
core   0: 0x80004e1c (0x00008dc5) c.or    a1, s1
core   0: 3 0x80004e1c (0x8dc5) x11 0x00000000
core   0: 0x80004e1e (0x402c0cb3) sub     s9, s8, sp
core   0: 3 0x80004e1e (0x402c0cb3) x25 0xfffffe31
core   0: 0x80004e22 (0x00008dad) c.xor   a1, a1
core   0: 3 0x80004e22 (0x8dad) x11 0x00000000
core   0: 0x80004e24 (0x80000137) lui     sp, 0x80000
core   0: 3 0x80004e24 (0x80000137) x 2 0x80000000
core   0: 0x80004e28 (0x00004f81) c.li    t6, 0
core   0: 3 0x80004e28 (0x4f81) x31 0x00000000
core   0: 0x80004e2a (0x00004d81) c.li    s11, 0
core   0: 3 0x80004e2a (0x4d81) x27 0x00000000
core   0: 0x80004e2c (0x80000eb7) lui     t4, 0x80000
core   0: 3 0x80004e2c (0x80000eb7) x29 0x80000000
core   0: 0x80004e30 (0x90b34d37) lui     s10, 0x90b34
core   0: 3 0x80004e30 (0x90b34d37) x26 0x90b34000
core   0: 0x80004e34 (0x73ad0d13) addi    s10, s10, 1850
core   0: 3 0x80004e34 (0x73ad0d13) x26 0x90b3473a
core   0: 0x80004e38 (0xdd4a7cb7) lui     s9, 0xdd4a7
core   0: 3 0x80004e38 (0xdd4a7cb7) x25 0xdd4a7000
core   0: 0x80004e3c (0xd0bc8c93) addi    s9, s9, -757
core   0: 3 0x80004e3c (0xd0bc8c93) x25 0xdd4a6d0b
core   0: 0x80004e40 (0x00004a81) c.li    s5, 0
core   0: 3 0x80004e40 (0x4a81) x21 0x00000000
core   0: 0x80004e42 (0x800000b7) lui     ra, 0x80000
core   0: 3 0x80004e42 (0x800000b7) x 1 0x80000000
core   0: 0x80004e46 (0x00004781) c.li    a5, 0
core   0: 3 0x80004e46 (0x4781) x15 0x00000000
core   0: 0x80004e48 (0xfff00693) li      a3, -1
core   0: 3 0x80004e48 (0xfff00693) x13 0xffffffff
core   0: 0x80004e4c (0x00009a86) c.add   s5, ra
core   0: 3 0x80004e4c (0x9a86) x21 0x80000000
core   0: 0x80004e4e (0x02f0bcb3) mulhu   s9, ra, a5
core   0: 3 0x80004e4e (0x02f0bcb3) x25 0x00000000
core   0: 0x80004e52 (0x00000001) c.nop
core   0: 3 0x80004e52 (0x0001)
core   0: 0x80004e54 (0x03f6a7b3) mulhsu  a5, a3, t6
core   0: 3 0x80004e54 (0x03f6a7b3) x15 0x00000000
core   0: 0x80004e58 (0x022170b3) remu    ra, sp, sp
core   0: 3 0x80004e58 (0x022170b3) x 1 0x00000000
core   0: 0x80004e5c (0x419c8133) sub     sp, s9, s9
core   0: 3 0x80004e5c (0x419c8133) x 2 0x00000000
core   0: 0x80004e60 (0x03ad4fb3) div     t6, s10, s10
core   0: 3 0x80004e60 (0x03ad4fb3) x31 0x00000001
core   0: 0x80004e64 (0x02ddb7b3) mulhu   a5, s11, a3
core   0: 3 0x80004e64 (0x02ddb7b3) x15 0x00000000
core   0: 0x80004e68 (0x02f0c0b3) div     ra, ra, a5
core   0: 3 0x80004e68 (0x02f0c0b3) x 1 0xffffffff
core   0: 0x80004e6c (0xb6c78093) addi    ra, a5, -1172
core   0: 3 0x80004e6c (0xb6c78093) x 1 0xfffffb6c
core   0: 0x80004e70 (0x02f16db3) rem     s11, sp, a5
core   0: 3 0x80004e70 (0x02f16db3) x27 0x00000000
core   0: 0x80004e74 (0x03bcdfb3) divu    t6, s9, s11
core   0: 3 0x80004e74 (0x03bcdfb3) x31 0xffffffff
core   0: 0x80004e78 (0xdbc10f93) addi    t6, sp, -580
core   0: 3 0x80004e78 (0xdbc10f93) x31 0xfffffdbc
core   0: 0x80004e7c (0x2b47bab7) lui     s5, 0x2b47b
core   0: 3 0x80004e7c (0x2b47bab7) x21 0x2b47b000
core   0: 0x80004e80 (0x4036e6b7) lui     a3, 0x4036e
core   0: 3 0x80004e80 (0x4036e6b7) x13 0x4036e000
core   0: 0x80004e84 (0x021d90b3) mulh    ra, s11, ra
core   0: 3 0x80004e84 (0x021d90b3) x 1 0x00000000
core   0: 0x80004e88 (0x03dd46b3) div     a3, s10, t4
core   0: 3 0x80004e88 (0x03dd46b3) x13 0x00000000
core   0: 0x80004e8c (0x4ccef7b7) lui     a5, 0x4ccef
core   0: 3 0x80004e8c (0x4ccef7b7) x15 0x4ccef000
core   0: 0x80004e90 (0x03aa9ab3) mulh    s5, s5, s10
core   0: 3 0x80004e90 (0x03aa9ab3) x21 0xed2ef22a
core   0: 0x80004e94 (0x0000098c) c.addi4spn a1, sp, 208
core   0: 3 0x80004e94 (0x098c) x11 0x000000d0
core   0: 0x80004e96 (0x2cdce013) ori     zero, s9, 717
core   0: 3 0x80004e96 (0x2cdce013)
core   0: 0x80004e9a (0x00008981) c.andi  a1, 0
core   0: 3 0x80004e9a (0x8981) x11 0x00000000
core   0: 0x80004e9c (0x03972433) mulhsu  s0, a4, s9
core   0: 3 0x80004e9c (0x03972433) x 8 0x00000000
core   0: 0x80004ea0 (0x010a5a93) srli    s5, s4, 16
core   0: 3 0x80004ea0 (0x010a5a93) x21 0x00008000
core   0: 0x80004ea4 (0x6b5c1517) auipc   a0, 0x6b5c1
core   0: 3 0x80004ea4 (0x6b5c1517) x10 0xeb5c5ea4
core   0: 0x80004ea8 (0x0000197d) c.addi  s2, -1
core   0: 3 0x80004ea8 (0x197d) x18 0x00000000
core   0: 0x80004eaa (0x3abcac13) slti    s8, s9, 939
core   0: 3 0x80004eaa (0x3abcac13) x24 0x00000001
core   0: 0x80004eae (0x01e658b3) srl     a7, a2, t5
core   0: 3 0x80004eae (0x01e658b3) x17 0x00000000
core   0: 0x80004eb2 (0x03e579b3) remu    s3, a0, t5
core   0: 3 0x80004eb2 (0x03e579b3) x19 0x00000000
core   0: 0x80004eb6 (0x027bb633) mulhu   a2, s7, t2
core   0: 3 0x80004eb6 (0x027bb633) x12 0x00000000
core   0: 0x80004eba (0x30843613) sltiu   a2, s0, 776
core   0: 3 0x80004eba (0x30843613) x12 0x00000001
core   0: 0x80004ebe (0x036df833) remu    a6, s11, s6
core   0: 3 0x80004ebe (0x036df833) x16 0x00000000
core   0: 0x80004ec2 (0x19e1b813) sltiu   a6, gp, 414
core   0: 3 0x80004ec2 (0x19e1b813) x16 0x00000001
core   0: 0x80004ec6 (0x01d530b3) sltu    ra, a0, t4
core   0: 3 0x80004ec6 (0x01d530b3) x 1 0x00000000
core   0: 0x80004eca (0x03f1f033) remu    zero, gp, t6
core   0: 3 0x80004eca (0x03f1f033)
core   0: 0x80004ece (0x00522f33) slt     t5, tp, t0
core   0: 3 0x80004ece (0x00522f33) x30 0x00000001
core   0: 0x80004ed2 (0x000104b3) add     s1, sp, zero
core   0: 3 0x80004ed2 (0x000104b3) x 9 0x00000000
core   0: 0x80004ed6 (0x3d3be713) ori     a4, s7, 979
core   0: 3 0x80004ed6 (0x3d3be713) x14 0x000003d3
core   0: 0x80004eda (0x00000001) c.nop
core   0: 3 0x80004eda (0x0001)
core   0: 0x80004edc (0x35c08093) addi    ra, ra, 860
core   0: 3 0x80004edc (0x35c08093) x 1 0x0000035c
core   0: 0x80004ee0 (0x02095633) divu    a2, s2, zero
core   0: 3 0x80004ee0 (0x02095633) x12 0xffffffff
core   0: 0x80004ee4 (0x1fcdb6b7) lui     a3, 0x1fcdb
core   0: 3 0x80004ee4 (0x1fcdb6b7) x13 0x1fcdb000
core   0: 0x80004ee8 (0x02053833) mulhu   a6, a0, zero
core   0: 3 0x80004ee8 (0x02053833) x16 0x00000000
core   0: 0x80004eec (0x005712b3) sll     t0, a4, t0
core   0: 3 0x80004eec (0x005712b3) x 5 0x001e9800
core   0: 0x80004ef0 (0x0340c7b3) div     a5, ra, s4
core   0: 3 0x80004ef0 (0x0340c7b3) x15 0x00000000
core   0: 0x80004ef4 (0x003879b3) and     s3, a6, gp
core   0: 3 0x80004ef4 (0x003879b3) x19 0x00000000
core   0: 0x80004ef8 (0x02804933) div     s2, zero, s0
core   0: 3 0x80004ef8 (0x02804933) x18 0xffffffff
core   0: 0x80004efc (0x00008f99) c.sub   a5, a4
core   0: 3 0x80004efc (0x8f99) x15 0xfffffc2d
core   0: 0x80004efe (0x02ef7db3) remu    s11, t5, a4
core   0: 3 0x80004efe (0x02ef7db3) x27 0x00000001
core   0: 0x80004f02 (0x5a85c2b7) lui     t0, 0x5a85c
core   0: 3 0x80004f02 (0x5a85c2b7) x 5 0x5a85c000
core   0: 0x80004f06 (0x014f9b93) slli    s7, t6, 20
core   0: 3 0x80004f06 (0x014f9b93) x23 0xdbc00000
core   0: 0x80004f0a (0x01b8e533) or      a0, a7, s11
core   0: 3 0x80004f0a (0x01b8e533) x10 0x00000001
core   0: 0x80004f0e (0x6bbfe2b7) lui     t0, 0x6bbfe
core   0: 3 0x80004f0e (0x6bbfe2b7) x 5 0x6bbfe000
core   0: 0x80004f12 (0x00ad2033) slt     zero, s10, a0
core   0: 3 0x80004f12 (0x00ad2033)
core   0: 0x80004f16 (0x00004f3d) c.li    t5, 15
core   0: 3 0x80004f16 (0x4f3d) x30 0x0000000f
core   0: 0x80004f18 (0x007f9ab3) sll     s5, t6, t2
core   0: 3 0x80004f18 (0x007f9ab3) x21 0xfffffdbc
core   0: 0x80004f1c (0x00008965) c.andi  a0, 25
core   0: 3 0x80004f1c (0x8965) x10 0x00000001
core   0: 0x80004f1e (0x00000392) c.slli  t2, 4
core   0: 3 0x80004f1e (0x0392) x 7 0x00000000
core   0: 0x80004f20 (0xf41ce137) lui     sp, 0xf41ce
core   0: 3 0x80004f20 (0xf41ce137) x 2 0xf41ce000
core   0: 0x80004f24 (0x0000587d) c.li    a6, -1
core   0: 3 0x80004f24 (0x587d) x16 0xffffffff
core   0: 0x80004f26 (0x018612b3) sll     t0, a2, s8
core   0: 3 0x80004f26 (0x018612b3) x 5 0xfffffffe
core   0: 0x80004f2a (0x00008edd) c.or    a3, a5
core   0: 3 0x80004f2a (0x8edd) x13 0xfffffc2d
core   0: 0x80004f2c (0x555fa297) auipc   t0, 0x555fa
core   0: 3 0x80004f2c (0x555fa297) x 5 0xd55fef2c
core   0: 0x80004f30 (0x00001b7d) c.addi  s6, -1
core   0: 3 0x80004f30 (0x1b7d) x22 0x00000000
core   0: 0x80004f32 (0x00008e59) c.or    a2, a4
core   0: 3 0x80004f32 (0x8e59) x12 0xffffffff
core   0: 0x80004f34 (0x00004b45) c.li    s6, 17
core   0: 3 0x80004f34 (0x4b45) x22 0x00000011
core   0: 0x80004f36 (0x000096aa) c.add   a3, a0
core   0: 3 0x80004f36 (0x96aa) x13 0xfffffc2e
core   0: 0x80004f38 (0x0201b4b3) mulhu   s1, gp, zero
core   0: 3 0x80004f38 (0x0201b4b3) x 9 0x00000000
core   0: 0x80004f3c (0x005fe033) or      zero, t6, t0
core   0: 3 0x80004f3c (0x005fe033)
core   0: 0x80004f40 (0x00000f2a) c.slli  t5, 10
core   0: 3 0x80004f40 (0x0f2a) x30 0x00003c00
core   0: 0x80004f42 (0x03010033) mul     zero, sp, a6
core   0: 3 0x80004f42 (0x03010033)
core   0: 0x80004f46 (0x00005bfd) c.li    s7, -1
core   0: 3 0x80004f46 (0x5bfd) x23 0xffffffff
core   0: 0x80004f48 (0xd5164993) xori    s3, a2, -687
core   0: 3 0x80004f48 (0xd5164993) x19 0x000002ae
core   0: 0x80004f4c (0x039df7b3) remu    a5, s11, s9
core   0: 3 0x80004f4c (0x039df7b3) x15 0x00000001
core   0: 0x80004f50 (0x00e38433) add     s0, t2, a4
core   0: 3 0x80004f50 (0x00e38433) x 8 0x000003d3
core   0: 0x80004f54 (0x027d9533) mulh    a0, s11, t2
core   0: 3 0x80004f54 (0x027d9533) x10 0x00000000
core   0: 0x80004f58 (0xedf81e17) auipc   t3, 0xedf81
core   0: 3 0x80004f58 (0xedf81e17) x28 0x6df85f58
core   0: 0x80004f5c (0x02ee5633) divu    a2, t3, a4
core   0: 3 0x80004f5c (0x02ee5633) x12 0x001cc199
core   0: 0x80004f60 (0x02691ab3) mulh    s5, s2, t1
core   0: 3 0x80004f60 (0x02691ab3) x21 0x00000000
core   0: 0x80004f64 (0x0000717d) c.addi16sp sp, -16
core   0: 3 0x80004f64 (0x717d) x 2 0xf41cdff0
core   0: 0x80004f66 (0x005a5b93) srli    s7, s4, 5
core   0: 3 0x80004f66 (0x005a5b93) x23 0x040007f3
core   0: 0x80004f6a (0xf17fb613) sltiu   a2, t6, -233
core   0: 3 0x80004f6a (0xf17fb613) x12 0x00000001
core   0: 0x80004f6e (0x0000963a) c.add   a2, a4
core   0: 3 0x80004f6e (0x963a) x12 0x000003d4
core   0: 0x80004f70 (0x00008919) c.andi  a0, 6
core   0: 3 0x80004f70 (0x8919) x10 0x00000000
core   0: 0x80004f72 (0x01c86b33) or      s6, a6, t3
core   0: 3 0x80004f72 (0x01c86b33) x22 0xffffffff
core   0: 0x80004f76 (0x00008c99) c.sub   s1, a4
core   0: 3 0x80004f76 (0x8c99) x 9 0xfffffc2d
core   0: 0x80004f78 (0xe45d7293) andi    t0, s10, -443
core   0: 3 0x80004f78 (0xe45d7293) x 5 0x90b34600
core   0: 0x80004f7c (0x1b823b13) sltiu   s6, tp, 440
core   0: 3 0x80004f7c (0x1b823b13) x22 0x00000000
core   0: 0x80004f80 (0x00000001) c.nop
core   0: 3 0x80004f80 (0x0001)
core   0: 0x80004f82 (0x4749ba93) sltiu   s5, s3, 1140
core   0: 3 0x80004f82 (0x4749ba93) x21 0x00000001
core   0: 0x80004f86 (0x40d4d613) srai    a2, s1, 13
core   0: 3 0x80004f86 (0x40d4d613) x12 0xffffffff
core   0: 0x80004f8a (0x01499813) slli    a6, s3, 20
core   0: 3 0x80004f8a (0x01499813) x16 0x2ae00000
core   0: 0x80004f8e (0x00005dfd) c.li    s11, -1
core   0: 3 0x80004f8e (0x5dfd) x27 0xffffffff
core   0: 0x80004f90 (0x3318a893) slti    a7, a7, 817
core   0: 3 0x80004f90 (0x3318a893) x17 0x00000001
core   0: 0x80004f94 (0x42304b13) xori    s6, zero, 1059
core   0: 3 0x80004f94 (0x42304b13) x22 0x00000423
core   0: 0x80004f98 (0x003f9713) slli    a4, t6, 3
core   0: 3 0x80004f98 (0x003f9713) x14 0xffffede0
core   0: 0x80004f9c (0x0ab02493) slti    s1, zero, 171
core   0: 3 0x80004f9c (0x0ab02493) x 9 0x00000001
core   0: 0x80004fa0 (0x00000e94) c.addi4spn a3, sp, 848
core   0: 3 0x80004fa0 (0x0e94) x13 0xf41ce340
core   0: 0x80004fa2 (0x00008691) c.srai  a3, 4
core   0: 3 0x80004fa2 (0x8691) x13 0xff41ce34
core   0: 0x80004fa4 (0x00cf1893) slli    a7, t5, 12
core   0: 3 0x80004fa4 (0x00cf1893) x17 0x03c00000
core   0: 0x80004fa8 (0x007a9e33) sll     t3, s5, t2
core   0: 3 0x80004fa8 (0x007a9e33) x28 0x00000001
core   0: 0x80004fac (0x0143dfb3) srl     t6, t2, s4
core   0: 3 0x80004fac (0x0143dfb3) x31 0x00000000
core   0: 0x80004fb0 (0x019feab3) or      s5, t6, s9
core   0: 3 0x80004fb0 (0x019feab3) x21 0x00000000
core   0: 0x80004fb4 (0x00f8d5b3) srl     a1, a7, a5
core   0: 3 0x80004fb4 (0x00f8d5b3) x11 0x01e00000
core   0: 0x80004fb8 (0x7b200293) li      t0, 1970
core   0: 3 0x80004fb8 (0x7b200293) x 5 0x000007b2
core   0: 0x80004fbc (0xac95a793) slti    a5, a1, -1335
core   0: 3 0x80004fbc (0xac95a793) x15 0x00000000
core   0: 0x80004fc0 (0x02d2db33) divu    s6, t0, a3
core   0: 3 0x80004fc0 (0x02d2db33) x22 0x00000000
core   0: 0x80004fc4 (0x405556b3) sra     a3, a0, t0
core   0: 3 0x80004fc4 (0x405556b3) x13 0x00000000
core   0: 0x80004fc8 (0x00862ab3) slt     s5, a2, s0
core   0: 3 0x80004fc8 (0x00862ab3) x21 0x00000001
core   0: 0x80004fcc (0x9a0acdb7) lui     s11, 0x9a0ac
core   0: 3 0x80004fcc (0x9a0acdb7) x27 0x9a0ac000
core   0: 0x80004fd0 (0x007e1ab3) sll     s5, t3, t2
core   0: 3 0x80004fd0 (0x007e1ab3) x21 0x00000001
core   0: 0x80004fd4 (0x028faeb3) mulhsu  t4, t6, s0
core   0: 3 0x80004fd4 (0x028faeb3) x29 0x00000000
core   0: 0x80004fd8 (0x00008375) c.srli  a4, 29
core   0: 3 0x80004fd8 (0x8375) x14 0x00000007
core   0: 0x80004fda (0x03673c33) mulhu   s8, a4, s6
core   0: 3 0x80004fda (0x03673c33) x24 0x00000000
core   0: 0x80004fde (0x03aeaab3) mulhsu  s5, t4, s10
core   0: 3 0x80004fde (0x03aeaab3) x21 0x00000000
core   0: 0x80004fe2 (0x00f9b6b3) sltu    a3, s3, a5
core   0: 3 0x80004fe2 (0x00f9b6b3) x13 0x00000000
core   0: 0x80004fe6 (0x0192df33) srl     t5, t0, s9
core   0: 3 0x80004fe6 (0x0192df33) x30 0x000007b2
core   0: 0x80004fea (0x003dc633) xor     a2, s11, gp
core   0: 3 0x80004fea (0x003dc633) x12 0x9a0ac001
core   0: 0x80004fee (0x40f58433) sub     s0, a1, a5
core   0: 3 0x80004fee (0x40f58433) x 8 0x01e00000
core   0: 0x80004ff2 (0x01ce47b3) xor     a5, t3, t3
core   0: 3 0x80004ff2 (0x01ce47b3) x15 0x00000000
core   0: 0x80004ff6 (0x39de0d13) addi    s10, t3, 925
core   0: 3 0x80004ff6 (0x39de0d13) x26 0x0000039e
core   0: 0x80004ffa (0x5b7d8a93) addi    s5, s11, 1463
core   0: 3 0x80004ffa (0x5b7d8a93) x21 0x9a0ac5b7
core   0: 0x80004ffe (0x0090bfb3) sltu    t6, ra, s1
core   0: 3 0x80004ffe (0x0090bfb3) x31 0x00000000
core   0: 0x80005002 (0x00006ae1) c.lui   s5, 0x18
core   0: 3 0x80005002 (0x6ae1) x21 0x00018000
core   0: 0x80005004 (0x036ac4b3) div     s1, s5, s6
core   0: 3 0x80005004 (0x036ac4b3) x 9 0xffffffff
core   0: 0x80005008 (0x033dbbb3) mulhu   s7, s11, s3
core   0: 3 0x80005008 (0x033dbbb3) x23 0x0000019c
core   0: 0x8000500c (0x3e2233b7) lui     t2, 0x3e223
core   0: 3 0x8000500c (0x3e2233b7) x 7 0x3e223000
core   0: 0x80005010 (0xd2cf6113) ori     sp, t5, -724
core   0: 3 0x80005010 (0xd2cf6113) x 2 0xffffffbe
core   0: 0x80005014 (0x0286ed33) rem     s10, a3, s0
core   0: 3 0x80005014 (0x0286ed33) x26 0x00000000
core   0: 0x80005018 (0x00000c91) c.addi  s9, 4
core   0: 3 0x80005018 (0x0c91) x25 0x00000004
core   0: 0x8000501a (0x00006e3d) c.lui   t3, 0xf
core   0: 3 0x8000501a (0x6e3d) x28 0x0000f000
core   0: 0x8000501c (0x031aa6b3) mulhsu  a3, s5, a7
core   0: 3 0x8000501c (0x031aa6b3) x13 0x000005a0
core   0: 0x80005020 (0x00006771) c.lui   a4, 0x1c
core   0: 3 0x80005020 (0x6771) x14 0x0001c000
core   0: 0x80005022 (0x00008e4d) c.or    a2, a1
core   0: 3 0x80005022 (0x8e4d) x12 0x9beac001
core   0: 0x80005024 (0x000087e5) c.srai  a5, 25
core   0: 3 0x80005024 (0x87e5) x15 0x00000000
core   0: 0x80005026 (0x48362c13) slti    s8, a2, 1155
core   0: 3 0x80005026 (0x48362c13) x24 0x00000001
core   0: 0x8000502a (0x00000c2d) c.addi  s8, 11
core   0: 3 0x8000502a (0x0c2d) x24 0x0000000c
core   0: 0x8000502c (0x00c5a8b3) slt     a7, a1, a2
core   0: 3 0x8000502c (0x00c5a8b3) x17 0x00000000
core   0: 0x80005030 (0x01016433) or      s0, sp, a6
core   0: 3 0x80005030 (0x01016433) x 8 0xffffffbe
core   0: 0x80005034 (0x004798b3) sll     a7, a5, tp
core   0: 3 0x80005034 (0x004798b3) x17 0x00000000
core   0: 0x80005038 (0x402a8033) sub     zero, s5, sp
core   0: 3 0x80005038 (0x402a8033)
core   0: 0x8000503c (0x0000857a) c.mv    a0, t5
core   0: 3 0x8000503c (0x857a) x10 0x000007b2
core   0: 0x8000503e (0x00008fc9) c.or    a5, a0
core   0: 3 0x8000503e (0x8fc9) x15 0x000007b2
core   0: 0x80005040 (0x000c9b13) slli    s6, s9, 0
core   0: 3 0x80005040 (0x000c9b13) x22 0x00000004
core   0: 0x80005044 (0x033443b3) div     t2, s0, s3
core   0: 3 0x80005044 (0x033443b3) x 7 0x00000000
core   0: 0x80005048 (0x0284fb33) remu    s6, s1, s0
core   0: 3 0x80005048 (0x0284fb33) x22 0x00000041
core   0: 0x8000504c (0x03051db3) mulh    s11, a0, a6
core   0: 3 0x8000504c (0x03051db3) x27 0x00000149
core   0: 0x80005050 (0x00008296) c.mv    t0, t0
core   0: 3 0x80005050 (0x8296) x 5 0x000007b2
core   0: 0x80005052 (0x0182d513) srli    a0, t0, 24
core   0: 3 0x80005052 (0x0182d513) x10 0x00000000
core   0: 0x80005056 (0x0000968a) c.add   a3, sp
core   0: 3 0x80005056 (0x968a) x13 0x0000055e
core   0: 0x80005058 (0x034b0733) mul     a4, s6, s4
core   0: 3 0x80005058 (0x034b0733) x14 0x80409764
core   0: 0x8000505c (0x00411933) sll     s2, sp, tp
core   0: 3 0x8000505c (0x00411933) x18 0xfffffbe0
core   0: 0x80005060 (0x02825733) divu    a4, tp, s0
core   0: 3 0x80005060 (0x02825733) x14 0x00000000
core   0: 0x80005064 (0x41d75733) sra     a4, a4, t4
core   0: 3 0x80005064 (0x41d75733) x14 0x00000000
core   0: 0x80005068 (0x3a10c413) xori    s0, ra, 929
core   0: 3 0x80005068 (0x3a10c413) x 8 0x000000fd
core   0: 0x8000506c (0x0143dc33) srl     s8, t2, s4
core   0: 3 0x8000506c (0x0143dc33) x24 0x00000000
core   0: 0x80005070 (0x010c1093) slli    ra, s8, 16
core   0: 3 0x80005070 (0x010c1093) x 1 0x00000000
core   0: 0x80005074 (0x51712d13) slti    s10, sp, 1303
core   0: 3 0x80005074 (0x51712d13) x26 0x00000001
core   0: 0x80005078 (0x00c02e33) slt     t3, zero, a2
core   0: 3 0x80005078 (0x00c02e33) x28 0x00000000
core   0: 0x8000507c (0x03f38733) mul     a4, t2, t6
core   0: 3 0x8000507c (0x03f38733) x14 0x00000000
core   0: 0x80005080 (0x00008ff5) c.and   a5, a3
core   0: 3 0x80005080 (0x8ff5) x15 0x00000512
core   0: 0x80005082 (0x00009142) c.add   sp, a6
core   0: 3 0x80005082 (0x9142) x 2 0x2adfffbe
core   0: 0x80005084 (0x41498eb3) sub     t4, s3, s4
core   0: 3 0x80005084 (0x41498eb3) x29 0x7fff044a
core   0: 0x80005088 (0x409b03b3) sub     t2, s6, s1
core   0: 3 0x80005088 (0x409b03b3) x 7 0x00000042
core   0: 0x8000508c (0x229399b7) lui     s3, 0x22939
core   0: 3 0x8000508c (0x229399b7) x19 0x22939000
core   0: 0x80005090 (0x00c6d933) srl     s2, a3, a2
core   0: 3 0x80005090 (0x00c6d933) x18 0x000002af
core   0: 0x80005094 (0x00008c45) c.or    s0, s1
core   0: 3 0x80005094 (0x8c45) x 8 0xffffffff
core   0: 0x80005096 (0x00000584) c.addi4spn s1, sp, 704
core   0: 3 0x80005096 (0x0584) x 9 0x2ae0027e
core   0: 0x80005098 (0x0000091c) c.addi4spn a5, sp, 144
core   0: 3 0x80005098 (0x091c) x15 0x2ae0004e
core   0: 0x8000509a (0x00006769) c.lui   a4, 0x1a
core   0: 3 0x8000509a (0x6769) x14 0x0001a000
core   0: 0x8000509c (0x00000001) c.nop
core   0: 3 0x8000509c (0x0001)
core   0: 0x8000509e (0x00005ffd) c.li    t6, -1
core   0: 3 0x8000509e (0x5ffd) x31 0xffffffff
core   0: 0x800050a0 (0x00008e99) c.sub   a3, a4
core   0: 3 0x800050a0 (0x8e99) x13 0xfffe655e
core   0: 0x800050a2 (0x1e4ea613) slti    a2, t4, 484
core   0: 3 0x800050a2 (0x1e4ea613) x12 0x00000000
core   0: 0x800050a6 (0x0388eeb3) rem     t4, a7, s8
core   0: 3 0x800050a6 (0x0388eeb3) x29 0x00000000
core   0: 0x800050aa (0x00000001) c.nop
core   0: 3 0x800050aa (0x0001)
core   0: 0x800050ac (0x00006719) c.lui   a4, 0x6
core   0: 3 0x800050ac (0x6719) x14 0x00006000
core   0: 0x800050ae (0x41325e33) sra     t3, tp, s3
core   0: 3 0x800050ae (0x41325e33) x28 0x80013ce4
core   0: 0x800050b2 (0x02616b33) rem     s6, sp, t1
core   0: 3 0x800050b2 (0x02616b33) x22 0x2adfffbe
core   0: 0x800050b6 (0x03a58ab3) mul     s5, a1, s10
core   0: 3 0x800050b6 (0x03a58ab3) x21 0x01e00000
core   0: 0x800050ba (0x0026fbb3) and     s7, a3, sp
core   0: 3 0x800050ba (0x0026fbb3) x23 0x2ade651e
core   0: 0x800050be (0x00b8cf33) xor     t5, a7, a1
core   0: 3 0x800050be (0x00b8cf33) x30 0x01e00000
core   0: 0x800050c2 (0x00091193) slli    gp, s2, 0
core   0: 3 0x800050c2 (0x00091193) x 3 0x000002af
core   0: 0x800050c6 (0xb2e0e393) ori     t2, ra, -1234
core   0: 3 0x800050c6 (0xb2e0e393) x 7 0xfffffb2e
core   0: 0x800050ca (0x00008879) c.andi  s0, 30
core   0: 3 0x800050ca (0x8879) x 8 0x0000001e
core   0: 0x800050cc (0x017dad33) slt     s10, s11, s7
core   0: 3 0x800050cc (0x017dad33) x26 0x00000001
core   0: 0x800050d0 (0x00b51833) sll     a6, a0, a1
core   0: 3 0x800050d0 (0x00b51833) x16 0x00000000
core   0: 0x800050d4 (0x00008cdd) c.or    s1, a5
core   0: 3 0x800050d4 (0x8cdd) x 9 0x2ae0027e
core   0: 0x800050d6 (0x03903c33) mulhu   s8, zero, s9
core   0: 3 0x800050d6 (0x03903c33) x24 0x00000000
core   0: 0x800050da (0x01be77b3) and     a5, t3, s11
core   0: 3 0x800050da (0x01be77b3) x15 0x00000040
core   0: 0x800050de (0x00008c0d) c.sub   s0, a1
core   0: 3 0x800050de (0x8c0d) x 8 0xfe20001e
core   0: 0x800050e0 (0x03c41633) mulh    a2, s0, t3
core   0: 3 0x800050e0 (0x03c41633) x12 0x00effd9e
core   0: 0x800050e4 (0xdba2ee13) ori     t3, t0, -582
core   0: 3 0x800050e4 (0xdba2ee13) x28 0xffffffba
core   0: 0x800050e8 (0x027c9633) mulh    a2, s9, t2
core   0: 3 0x800050e8 (0x027c9633) x12 0xffffffff
core   0: 0x800050ec (0xbd0dbe17) auipc   t3, 0xbd0db
core   0: 3 0x800050ec (0xbd0dbe17) x28 0x3d0e00ec
core   0: 0x800050f0 (0x0000547d) c.li    s0, -1
core   0: 3 0x800050f0 (0x547d) x 8 0xffffffff
core   0: 0x800050f2 (0x018d9793) slli    a5, s11, 24
core   0: 3 0x800050f2 (0x018d9793) x15 0x49000000
core   0: 0x800050f6 (0x00006469) c.lui   s0, 0x1a
core   0: 3 0x800050f6 (0x6469) x 8 0x0001a000
core   0: 0x800050f8 (0xe597ff97) auipc   t6, 0xe597f
core   0: 3 0x800050f8 (0xe597ff97) x31 0x659840f8
core   0: 0x800050fc (0x000086da) c.mv    a3, s6
core   0: 3 0x800050fc (0x86da) x13 0x2adfffbe
core   0: 0x800050fe (0x00054db3) xor     s11, a0, zero
core   0: 3 0x800050fe (0x00054db3) x27 0x00000000
core   0: 0x80005102 (0xf03dbe17) auipc   t3, 0xf03db
core   0: 3 0x80005102 (0xf03dbe17) x28 0x703e0102
core   0: 0x80005106 (0x3a290b93) addi    s7, s2, 930
core   0: 3 0x80005106 (0x3a290b93) x23 0x00000651
core   0: 0x8000510a (0x0319d033) divu    zero, s3, a7
core   0: 3 0x8000510a (0x0319d033)
core   0: 0x8000510e (0x04c88613) addi    a2, a7, 76
core   0: 3 0x8000510e (0x04c88613) x12 0x0000004c
core   0: 0x80005112 (0x00a85293) srli    t0, a6, 10
core   0: 3 0x80005112 (0x00a85293) x 5 0x00000000
core   0: 0x80005116 (0xb259a013) slti    zero, s3, -1243
core   0: 3 0x80005116 (0xb259a013)
core   0: 0x8000511a (0x008e1f13) slli    t5, t3, 8
core   0: 3 0x8000511a (0x008e1f13) x30 0x3e010200
core   0: 0x8000511e (0x0203b733) mulhu   a4, t2, zero
core   0: 3 0x8000511e (0x0203b733) x14 0x00000000
core   0: 0x80005122 (0x000084fd) c.srai  s1, 31
core   0: 3 0x80005122 (0x84fd) x 9 0x00000000
core   0: 0x80005124 (0x00000001) c.nop
core   0: 3 0x80005124 (0x0001)
core   0: 0x80005126 (0xce626c93) ori     s9, tp, -794
core   0: 3 0x80005126 (0xce626c93) x25 0xfffffce6
core   0: 0x8000512a (0x01b726b3) slt     a3, a4, s11
core   0: 3 0x8000512a (0x01b726b3) x13 0x00000000
core   0: 0x8000512e (0x006b4633) xor     a2, s6, t1
core   0: 3 0x8000512e (0x006b4633) x12 0xaadfffbe
core   0: 0x80005132 (0x029386b3) mul     a3, t2, s1
core   0: 3 0x80005132 (0x029386b3) x13 0x00000000
core   0: 0x80005136 (0x00f523b3) slt     t2, a0, a5
core   0: 3 0x80005136 (0x00f523b3) x 7 0x00000001
core   0: 0x8000513a (0x0352dab3) divu    s5, t0, s5
core   0: 3 0x8000513a (0x0352dab3) x21 0x00000000
core   0: 0x8000513e (0x38eac293) xori    t0, s5, 910
core   0: 3 0x8000513e (0x38eac293) x 5 0x0000038e
core   0: 0x80005142 (0x41585c33) sra     s8, a6, s5
core   0: 3 0x80005142 (0x41585c33) x24 0x00000000
core   0: 0x80005146 (0x00008f61) c.and   a4, s0
core   0: 3 0x80005146 (0x8f61) x14 0x00000000
core   0: 0x80005148 (0x02a4f9b3) remu    s3, s1, a0
core   0: 3 0x80005148 (0x02a4f9b3) x19 0x00000000
core   0: 0x8000514c (0x000082c1) c.srli  a3, 16
core   0: 3 0x8000514c (0x82c1) x13 0x00000000
core   0: 0x8000514e (0xaa718593) addi    a1, gp, -1369
core   0: 3 0x8000514e (0xaa718593) x11 0xfffffd56
core   0: 0x80005152 (0xf3982ab7) lui     s5, 0xf3982
core   0: 3 0x80005152 (0xf3982ab7) x21 0xf3982000
core   0: 0x80005156 (0x024bc9b3) div     s3, s7, tp
core   0: 3 0x80005156 (0x024bc9b3) x19 0x00000000
core   0: 0x8000515a (0x02ec3033) mulhu   zero, s8, a4
core   0: 3 0x8000515a (0x02ec3033)
core   0: 0x8000515e (0x01d31813) slli    a6, t1, 29
core   0: 3 0x8000515e (0x01d31813) x16 0x00000000
core   0: 0x80005162 (0x01715733) srl     a4, sp, s7
core   0: 3 0x80005162 (0x01715733) x14 0x0000156f
core   0: 0x80005166 (0x03f3c0b3) div     ra, t2, t6
core   0: 3 0x80005166 (0x03f3c0b3) x 1 0x00000000
core   0: 0x8000516a (0x039458b3) divu    a7, s0, s9
core   0: 3 0x8000516a (0x039458b3) x17 0x00000000
core   0: 0x8000516e (0x03c376b3) remu    a3, t1, t3
core   0: 3 0x8000516e (0x03c376b3) x13 0x0fc1fefe
core   0: 0x80005172 (0x036afeb3) remu    t4, s5, s6
core   0: 3 0x80005172 (0x036afeb3) x29 0x1d38214a
core   0: 0x80005176 (0x0305ac33) mulhsu  s8, a1, a6
core   0: 3 0x80005176 (0x0305ac33) x24 0x00000000
core   0: 0x8000517a (0x010b71b3) and     gp, s6, a6
core   0: 3 0x8000517a (0x010b71b3) x 3 0x00000000
core   0: 0x8000517e (0x0121a633) slt     a2, gp, s2
core   0: 3 0x8000517e (0x0121a633) x12 0x00000001
core   0: 0x80005182 (0x030e8533) mul     a0, t4, a6
core   0: 3 0x80005182 (0x030e8533) x10 0x00000000
core   0: 0x80005186 (0x13c35f37) lui     t5, 0x13c35
core   0: 3 0x80005186 (0x13c35f37) x30 0x13c35000
core   0: 0x8000518a (0x000089da) c.mv    s3, s6
core   0: 3 0x8000518a (0x89da) x19 0x2adfffbe
core   0: 0x8000518c (0x00a5fc33) and     s8, a1, a0
core   0: 3 0x8000518c (0x00a5fc33) x24 0x00000000
core   0: 0x80005190 (0x00009d86) c.add   s11, ra
core   0: 3 0x80005190 (0x9d86) x27 0x00000000
core   0: 0x80005192 (0x00008f15) c.sub   a4, a3
core   0: 3 0x80005192 (0x8f15) x14 0xf03e1671
core   0: 0x80005194 (0x02b4d133) divu    sp, s1, a1
core   0: 3 0x80005194 (0x02b4d133) x 2 0x00000000
core   0: 0x80005198 (0x01bb5633) srl     a2, s6, s11
core   0: 3 0x80005198 (0x01bb5633) x12 0x2adfffbe
core   0: 0x8000519c (0x0000717d) c.addi16sp sp, -16
core   0: 3 0x8000519c (0x717d) x 2 0xfffffff0
core   0: 0x8000519e (0x00e38833) add     a6, t2, a4
core   0: 3 0x8000519e (0x00e38833) x16 0xf03e1672
core   0: 0x800051a2 (0x00008c09) c.sub   s0, a0
core   0: 3 0x800051a2 (0x8c09) x 8 0x0001a000
core   0: 0x800051a4 (0x000094d2) c.add   s1, s4
core   0: 3 0x800051a4 (0x94d2) x 9 0x8000fe64
core   0: 0x800051a6 (0x0300b6b3) mulhu   a3, ra, a6
core   0: 3 0x800051a6 (0x0300b6b3) x13 0x00000000
core   0: 0x800051aa (0xbc162b13) slti    s6, a2, -1087
core   0: 3 0x800051aa (0xbc162b13) x22 0x00000000
core   0: 0x800051ae (0x00bc61b3) or      gp, s8, a1
core   0: 3 0x800051ae (0x00bc61b3) x 3 0xfffffd56
core   0: 0x800051b2 (0x01711eb3) sll     t4, sp, s7
core   0: 3 0x800051b2 (0x01711eb3) x29 0xffe00000
core   0: 0x800051b6 (0x01634833) xor     a6, t1, s6
core   0: 3 0x800051b6 (0x01634833) x16 0x80000000
core   0: 0x800051ba (0x01342733) slt     a4, s0, s3
core   0: 3 0x800051ba (0x01342733) x14 0x00000001
core   0: 0x800051be (0xfde4f493) andi    s1, s1, -34
core   0: 3 0x800051be (0xfde4f493) x 9 0x8000fe44
core   0: 0x800051c2 (0x02b19f33) mulh    t5, gp, a1
core   0: 3 0x800051c2 (0x02b19f33) x30 0x00000000
core   0: 0x800051c6 (0x405855b3) sra     a1, a6, t0
core   0: 3 0x800051c6 (0x405855b3) x11 0xfffe0000
core   0: 0x800051ca (0x0000517d) c.li    sp, -1
core   0: 3 0x800051ca (0x517d) x 2 0xffffffff
core   0: 0x800051cc (0x01253cb3) sltu    s9, a0, s2
core   0: 3 0x800051cc (0x01253cb3) x25 0x00000001
core   0: 0x800051d0 (0x0052ab33) slt     s6, t0, t0
core   0: 3 0x800051d0 (0x0052ab33) x22 0x00000000
core   0: 0x800051d4 (0x00ce1d13) slli    s10, t3, 12
core   0: 3 0x800051d4 (0x00ce1d13) x26 0xe0102000
core   0: 0x800051d8 (0x4087d7b3) sra     a5, a5, s0
core   0: 3 0x800051d8 (0x4087d7b3) x15 0x49000000
core   0: 0x800051dc (0x4862b293) sltiu   t0, t0, 1158
core   0: 3 0x800051dc (0x4862b293) x 5 0x00000001
core   0: 0x800051e0 (0x01e24db3) xor     s11, tp, t5
core   0: 3 0x800051e0 (0x01e24db3) x27 0x80013ce4
core   0: 0x800051e4 (0x0000717d) c.addi16sp sp, -16
core   0: 3 0x800051e4 (0x717d) x 2 0xffffffef
core   0: 0x800051e6 (0x1af63693) sltiu   a3, a2, 431
core   0: 3 0x800051e6 (0x1af63693) x13 0x00000000
core   0: 0x800051ea (0x67ea6013) ori     zero, s4, 1662
core   0: 3 0x800051ea (0x67ea6013)
core   0: 0x800051ee (0x00e23fb3) sltu    t6, tp, a4
core   0: 3 0x800051ee (0x00e23fb3) x31 0x00000000
core   0: 0x800051f2 (0x02b399b3) mulh    s3, t2, a1
core   0: 3 0x800051f2 (0x02b399b3) x19 0xffffffff
core   0: 0x800051f6 (0x00000001) c.nop
core   0: 3 0x800051f6 (0x0001)
core   0: 0x800051f8 (0x000005b6) c.slli  a1, 13
core   0: 3 0x800051f8 (0x05b6) x11 0xc0000000
core   0: 0x800051fa (0x012b50b3) srl     ra, s6, s2
core   0: 3 0x800051fa (0x012b50b3) x 1 0x00000000
core   0: 0x800051fe (0x00000001) c.nop
core   0: 3 0x800051fe (0x0001)
core   0: 0x80005200 (0x411dd613) srai    a2, s11, 17
core   0: 3 0x80005200 (0x411dd613) x12 0xffffc000
core   0: 0x80005204 (0x00008a6d) c.andi  a2, 27
core   0: 3 0x80005204 (0x8a6d) x12 0x00000000
core   0: 0x80005206 (0xaf98cb13) xori    s6, a7, -1287
core   0: 3 0x80005206 (0xaf98cb13) x22 0xfffffaf9
core   0: 0x8000520a (0xd7d8cb13) xori    s6, a7, -643
core   0: 3 0x8000520a (0xd7d8cb13) x22 0xfffffd7d
core   0: 0x8000520e (0x000099fd) c.andi  a1, -1
core   0: 3 0x8000520e (0x99fd) x11 0xc0000000
core   0: 0x80005210 (0x033079b3) remu    s3, zero, s3
core   0: 3 0x80005210 (0x033079b3) x19 0x00000000
core   0: 0x80005214 (0x00000001) c.nop
core   0: 3 0x80005214 (0x0001)
core   0: 0x80005216 (0x013eae33) slt     t3, t4, s3
core   0: 3 0x80005216 (0x013eae33) x28 0x00000001
core   0: 0x8000521a (0x02a8a1b3) mulhsu  gp, a7, a0
core   0: 3 0x8000521a (0x02a8a1b3) x 3 0x00000000
core   0: 0x8000521e (0x41ee5ab3) sra     s5, t3, t5
core   0: 3 0x8000521e (0x41ee5ab3) x21 0x00000001
core   0: 0x80005222 (0x00000001) c.nop
core   0: 3 0x80005222 (0x0001)
core   0: 0x80005224 (0x04a9cb13) xori    s6, s3, 74
core   0: 3 0x80005224 (0x04a9cb13) x22 0x0000004a
core   0: 0x80005228 (0x03498633) mul     a2, s3, s4
core   0: 3 0x80005228 (0x03498633) x12 0x00000000
core   0: 0x8000522c (0x403cdcb3) sra     s9, s9, gp
core   0: 3 0x8000522c (0x403cdcb3) x25 0x00000001
core   0: 0x80005230 (0x00008e35) c.xor   a2, a3
core   0: 3 0x80005230 (0x8e35) x12 0x00000000
core   0: 0x80005232 (0x00008499) c.srai  s1, 6
core   0: 3 0x80005232 (0x8499) x 9 0xfe0003f9
core   0: 0x80005234 (0x1af67913) andi    s2, a2, 431
core   0: 3 0x80005234 (0x1af67913) x18 0x00000000
core   0: 0x80005238 (0x68876393) ori     t2, a4, 1672
core   0: 3 0x80005238 (0x68876393) x 7 0x00000689
core   0: 0x8000523c (0x00e85e33) srl     t3, a6, a4
core   0: 3 0x8000523c (0x00e85e33) x28 0x40000000
core   0: 0x80005240 (0x03bd6cb3) rem     s9, s10, s11
core   0: 3 0x80005240 (0x03bd6cb3) x25 0xe0102000
core   0: 0x80005244 (0x41185e33) sra     t3, a6, a7
core   0: 3 0x80005244 (0x41185e33) x28 0x80000000
core   0: 0x80005248 (0x0000672d) c.lui   a4, 0xb
core   0: 3 0x80005248 (0x672d) x14 0x0000b000
core   0: 0x8000524a (0x4b8d9c17) auipc   s8, 0x4b8d9
core   0: 3 0x8000524a (0x4b8d9c17) x24 0xcb8de24a
core   0: 0x8000524e (0x00bf6d33) or      s10, t5, a1
core   0: 3 0x8000524e (0x00bf6d33) x26 0xc0000000
core   0: 0x80005252 (0xd92ecf93) xori    t6, t4, -622
core   0: 3 0x80005252 (0xd92ecf93) x31 0x001ffd92
core   0: 0x80005256 (0x00008d5d) c.or    a0, a5
core   0: 3 0x80005256 (0x8d5d) x10 0x49000000
core   0: 0x80005258 (0x007d5c13) srli    s8, s10, 7
core   0: 3 0x80005258 (0x007d5c13) x24 0x01800000
core   0: 0x8000525c (0x17961717) auipc   a4, 0x17961
core   0: 3 0x8000525c (0x17961717) x14 0x9796625c
core   0: 0x80005260 (0x880c1d97) auipc   s11, 0x880c1
core   0: 3 0x80005260 (0x880c1d97) x27 0x080c6260
core   0: 0x80005264 (0x019771b3) and     gp, a4, s9
core   0: 3 0x80005264 (0x019771b3) x 3 0x80102000
core   0: 0x80005268 (0x410750b3) sra     ra, a4, a6
core   0: 3 0x80005268 (0x410750b3) x 1 0x9796625c
core   0: 0x8000526c (0x02599133) mulh    sp, s3, t0
core   0: 3 0x8000526c (0x02599133) x 2 0x00000000
core   0: 0x80005270 (0x00008e95) c.sub   a3, a3
core   0: 3 0x80005270 (0x8e95) x13 0x00000000
core   0: 0x80005272 (0x00008409) c.srai  s0, 2
core   0: 3 0x80005272 (0x8409) x 8 0x00006800
core   0: 0x80005274 (0x675be713) ori     a4, s7, 1653
core   0: 3 0x80005274 (0x675be713) x14 0x00000675
core   0: 0x80005278 (0x005ed9b3) srl     s3, t4, t0
core   0: 3 0x80005278 (0x005ed9b3) x19 0x7ff00000
core   0: 0x8000527c (0x01591eb3) sll     t4, s2, s5
core   0: 3 0x8000527c (0x01591eb3) x29 0x00000000
core   0: 0x80005280 (0x1046f813) andi    a6, a3, 260
core   0: 3 0x80005280 (0x1046f813) x16 0x00000000
core   0: 0x80005284 (0x020425b3) mulhsu  a1, s0, zero
core   0: 3 0x80005284 (0x020425b3) x11 0x00000000
core   0: 0x80005288 (0x0089a2b3) slt     t0, s3, s0
core   0: 3 0x80005288 (0x0089a2b3) x 5 0x00000000
core   0: 0x8000528c (0x00004ce1) c.li    s9, 24
core   0: 3 0x8000528c (0x4ce1) x25 0x00000018
core   0: 0x8000528e (0x4158d013) srai    zero, a7, 21
core   0: 3 0x8000528e (0x4158d013)
core   0: 0x80005292 (0x03f9b4b3) mulhu   s1, s3, t6
core   0: 3 0x80005292 (0x03f9b4b3) x 9 0x000ffcc9
core   0: 0x80005296 (0x036cfeb3) remu    t4, s9, s6
core   0: 3 0x80005296 (0x036cfeb3) x29 0x00000018
core   0: 0x8000529a (0x00008ddd) c.or    a1, a5
core   0: 3 0x8000529a (0x8ddd) x11 0x49000000
core   0: 0x8000529c (0x0000717d) c.addi16sp sp, -16
core   0: 3 0x8000529c (0x717d) x 2 0xfffffff0
core   0: 0x8000529e (0x01ea5633) srl     a2, s4, t5
core   0: 3 0x8000529e (0x01ea5633) x12 0x8000fe64
core   0: 0x800052a2 (0x03159433) mulh    s0, a1, a7
core   0: 3 0x800052a2 (0x03159433) x 8 0x00000000
core   0: 0x800052a6 (0x00008876) c.mv    a6, t4
core   0: 3 0x800052a6 (0x8876) x16 0x00000018
core   0: 0x800052a8 (0x00000e62) c.slli  t3, 24
core   0: 3 0x800052a8 (0x0e62) x28 0x00000000
core   0: 0x800052aa (0x41f5d393) srai    t2, a1, 31
core   0: 3 0x800052aa (0x41f5d393) x 7 0x00000000
core   0: 0x800052ae (0x00000001) c.nop
core   0: 3 0x800052ae (0x0001)
core   0: 0x800052b0 (0x0858ec13) ori     s8, a7, 133
core   0: 3 0x800052b0 (0x0858ec13) x24 0x00000085
core   0: 0x800052b4 (0x3a5cf717) auipc   a4, 0x3a5cf
core   0: 3 0x800052b4 (0x3a5cf717) x14 0xba5d42b4
core   0: 0x800052b8 (0x01e9f3b3) and     t2, s3, t5
core   0: 3 0x800052b8 (0x01e9f3b3) x 7 0x00000000
core   0: 0x800052bc (0x02451733) mulh    a4, a0, tp
core   0: 3 0x800052bc (0x02451733) x14 0xdb805a5d
core   0: 0x800052c0 (0x00000001) c.nop
core   0: 3 0x800052c0 (0x0001)
core   0: 0x800052c2 (0x00009e26) c.add   t3, s1
core   0: 3 0x800052c2 (0x9e26) x28 0x000ffcc9
core   0: 0x800052c4 (0x0072d113) srli    sp, t0, 7
core   0: 3 0x800052c4 (0x0072d113) x 2 0x00000000
core   0: 0x800052c8 (0x02bf16b3) mulh    a3, t5, a1
core   0: 3 0x800052c8 (0x02bf16b3) x13 0x00000000
core   0: 0x800052cc (0x02ee20b3) mulhsu  ra, t3, a4
core   0: 3 0x800052cc (0x02ee20b3) x 1 0x000db543
core   0: 0x800052d0 (0x0273c533) div     a0, t2, t2
core   0: 3 0x800052d0 (0x0273c533) x10 0xffffffff
core   0: 0x800052d4 (0x331ee293) ori     t0, t4, 817
core   0: 3 0x800052d4 (0x331ee293) x 5 0x00000339
core   0: 0x800052d8 (0x00008d3d) c.xor   a0, a5
core   0: 3 0x800052d8 (0x8d3d) x10 0xb6ffffff
core   0: 0x800052da (0x53fc6d17) auipc   s10, 0x53fc6
core   0: 3 0x800052da (0x53fc6d17) x26 0xd3fcb2da
core   0: 0x800052de (0xf265ea97) auipc   s5, 0xf265e
core   0: 3 0x800052de (0xf265ea97) x21 0x726632de
core   0: 0x800052e2 (0x03264433) div     s0, a2, s2
core   0: 3 0x800052e2 (0x03264433) x 8 0xffffffff
core   0: 0x800052e6 (0x00008ea5) c.xor   a3, s1
core   0: 3 0x800052e6 (0x8ea5) x13 0x000ffcc9
core   0: 0x800052e8 (0x00000001) c.nop
core   0: 3 0x800052e8 (0x0001)
core   0: 0x800052ea (0x01f91e33) sll     t3, s2, t6
core   0: 3 0x800052ea (0x01f91e33) x28 0x00000000
core   0: 0x800052ee (0x012f1d33) sll     s10, t5, s2
core   0: 3 0x800052ee (0x012f1d33) x26 0x00000000
core   0: 0x800052f2 (0x00bd1633) sll     a2, s10, a1
core   0: 3 0x800052f2 (0x00bd1633) x12 0x00000000
core   0: 0x800052f6 (0x00000001) c.nop
core   0: 3 0x800052f6 (0x0001)
core   0: 0x800052f8 (0x038e7eb3) remu    t4, t3, s8
core   0: 3 0x800052f8 (0x038e7eb3) x29 0x00000000
core   0: 0x800052fc (0x00bc5013) srli    zero, s8, 11
core   0: 3 0x800052fc (0x00bc5013)
core   0: 0x80005300 (0x00005dfd) c.li    s11, -1
core   0: 3 0x80005300 (0x5dfd) x27 0xffffffff
core   0: 0x80005302 (0x00000001) c.nop
core   0: 3 0x80005302 (0x0001)
core   0: 0x80005304 (0x00535133) srl     sp, t1, t0
core   0: 3 0x80005304 (0x00535133) x 2 0x00000040
core   0: 0x80005308 (0x0100f9b3) and     s3, ra, a6
core   0: 3 0x80005308 (0x0100f9b3) x19 0x00000000
core   0: 0x8000530c (0x00000118) c.addi4spn a4, sp, 128
core   0: 3 0x8000530c (0x0118) x14 0x000000c0
core   0: 0x8000530e (0x60caa393) slti    t2, s5, 1548
core   0: 3 0x8000530e (0x60caa393) x 7 0x00000000
core   0: 0x80005312 (0x00008ded) c.and   a1, a1
core   0: 3 0x80005312 (0x8ded) x11 0x49000000
core   0: 0x80005314 (0x00000aa2) c.slli  s5, 8
core   0: 3 0x80005314 (0x0aa2) x21 0x6632de00
core   0: 0x80005316 (0x40aed433) sra     s0, t4, a0
core   0: 3 0x80005316 (0x40aed433) x 8 0x00000000
core   0: 0x8000531a (0x00005e7d) c.li    t3, -1
core   0: 3 0x8000531a (0x5e7d) x28 0xffffffff
core   0: 0x8000531c (0x005f7f33) and     t5, t5, t0
core   0: 3 0x8000531c (0x005f7f33) x30 0x00000000
core   0: 0x80005320 (0x0350f033) remu    zero, ra, s5
core   0: 3 0x80005320 (0x0350f033)
core   0: 0x80005324 (0x00008c55) c.or    s0, a3
core   0: 3 0x80005324 (0x8c55) x 8 0x000ffcc9
core   0: 0x80005326 (0x40a7de33) sra     t3, a5, a0
core   0: 3 0x80005326 (0x40a7de33) x28 0x00000000
core   0: 0x8000532a (0xd4b5ab13) slti    s6, a1, -693
core   0: 3 0x8000532a (0xd4b5ab13) x22 0x00000000
core   0: 0x8000532e (0x00f49013) slli    zero, s1, 15
core   0: 3 0x8000532e (0x00f49013)
core   0: 0x80005332 (0x9c39ce13) xori    t3, s3, -1597
core   0: 3 0x80005332 (0x9c39ce13) x28 0xfffff9c3
core   0: 0x80005336 (0x01bd1693) slli    a3, s10, 27
core   0: 3 0x80005336 (0x01bd1693) x13 0x00000000
core   0: 0x8000533a (0x00008642) c.mv    a2, a6
core   0: 3 0x8000533a (0x8642) x12 0x00000018
core   0: 0x8000533c (0x01445eb3) srl     t4, s0, s4
core   0: 3 0x8000533c (0x01445eb3) x29 0x0000ffcc
core   0: 0x80005340 (0x00008405) c.srai  s0, 1
core   0: 3 0x80005340 (0x8405) x 8 0x0007fe64
core   0: 0x80005342 (0x00008c3d) c.xor   s0, a5
core   0: 3 0x80005342 (0x8c3d) x 8 0x4907fe64
core   0: 0x80005344 (0x000dfe33) and     t3, s11, zero
core   0: 3 0x80005344 (0x000dfe33) x28 0x00000000
core   0: 0x80005348 (0x1e024e93) xori    t4, tp, 480
core   0: 3 0x80005348 (0x1e024e93) x29 0x80013d04
core   0: 0x8000534c (0x000087ed) c.srai  a5, 27
core   0: 3 0x8000534c (0x87ed) x15 0x00000009
core   0: 0x8000534e (0x000084f6) c.mv    s1, t4
core   0: 3 0x8000534e (0x84f6) x 9 0x80013d04
core   0: 0x80005350 (0x00000001) c.nop
core   0: 3 0x80005350 (0x0001)
core   0: 0x80005352 (0x0358b0b3) mulhu   ra, a7, s5
core   0: 3 0x80005352 (0x0358b0b3) x 1 0x00000000
core   0: 0x80005356 (0x02e99d33) mulh    s10, s3, a4
core   0: 3 0x80005356 (0x02e99d33) x26 0x00000000
core   0: 0x8000535a (0x0000547d) c.li    s0, -1
core   0: 3 0x8000535a (0x547d) x 8 0xffffffff
core   0: 0x8000535c (0xa3427613) andi    a2, tp, -1484
core   0: 3 0x8000535c (0xa3427613) x12 0x80013824
core   0: 0x80005360 (0x410f5d33) sra     s10, t5, a6
core   0: 3 0x80005360 (0x410f5d33) x26 0x00000000
core   0: 0x80005364 (0xb46d2a93) slti    s5, s10, -1210
core   0: 3 0x80005364 (0xb46d2a93) x21 0x00000000
core   0: 0x80005368 (0x00008f9d) c.sub   a5, a5
core   0: 3 0x80005368 (0x8f9d) x15 0x00000000
core   0: 0x8000536a (0x033342b3) div     t0, t1, s3
core   0: 3 0x8000536a (0x033342b3) x 5 0xffffffff
core   0: 0x8000536e (0xf2b08617) auipc   a2, 0xf2b08
core   0: 3 0x8000536e (0xf2b08617) x12 0x72b0d36e
core   0: 0x80005372 (0x00130d33) add     s10, t1, ra
core   0: 3 0x80005372 (0x00130d33) x26 0x80000000
core   0: 0x80005376 (0x02d51c33) mulh    s8, a0, a3
core   0: 3 0x80005376 (0x02d51c33) x24 0x00000000
core   0: 0x8000537a (0x02283c33) mulhu   s8, a6, sp
core   0: 3 0x8000537a (0x02283c33) x24 0x00000000
core   0: 0x8000537e (0x03f5e133) rem     sp, a1, t6
core   0: 3 0x8000537e (0x03f5e133) x 2 0x00058af0
core   0: 0x80005382 (0x91e9e9b7) lui     s3, 0x91e9e
core   0: 3 0x80005382 (0x91e9e9b7) x19 0x91e9e000
core   0: 0x80005386 (0x038c5433) divu    s0, s8, s8
core   0: 3 0x80005386 (0x038c5433) x 8 0xffffffff
core   0: 0x8000538a (0x0000717d) c.addi16sp sp, -16
core   0: 3 0x8000538a (0x717d) x 2 0x00058ae0
core   0: 0x8000538c (0x018e5733) srl     a4, t3, s8
core   0: 3 0x8000538c (0x018e5733) x14 0x00000000
core   0: 0x80005390 (0x024287b3) mul     a5, t0, tp
core   0: 3 0x80005390 (0x024287b3) x15 0x7ffec31c
core   0: 0x80005394 (0x00008e51) c.or    a2, a2
core   0: 3 0x80005394 (0x8e51) x12 0x72b0d36e
core   0: 0x80005396 (0x003e9613) slli    a2, t4, 3
core   0: 3 0x80005396 (0x003e9613) x12 0x0009e820
core   0: 0x8000539a (0x000003fa) c.slli  t2, 30
core   0: 3 0x8000539a (0x03fa) x 7 0x00000000
core   0: 0x8000539c (0x00008d2d) c.xor   a0, a1
core   0: 3 0x8000539c (0x8d2d) x10 0xffffffff
core   0: 0x8000539e (0x000086b9) c.srai  a3, 14
core   0: 3 0x8000539e (0x86b9) x13 0x00000000
core   0: 0x800053a0 (0x007e7d33) and     s10, t3, t2
core   0: 3 0x800053a0 (0x007e7d33) x26 0x00000000
core   0: 0x800053a4 (0x08232b93) slti    s7, t1, 130
core   0: 3 0x800053a4 (0x08232b93) x23 0x00000001
core   0: 0x800053a8 (0x00008089) c.srli  s1, 2
core   0: 3 0x800053a8 (0x8089) x 9 0x20004f41
core   0: 0x800053aa (0x00000e9c) c.addi4spn a5, sp, 848
core   0: 3 0x800053aa (0x0e9c) x15 0x00058e30
core   0: 0x800053ac (0x63f76513) ori     a0, a4, 1599
core   0: 3 0x800053ac (0x63f76513) x10 0x0000063f
core   0: 0x800053b0 (0x0000826d) c.srli  a2, 27
core   0: 3 0x800053b0 (0x826d) x12 0x00000000
core   0: 0x800053b2 (0x417807b3) sub     a5, a6, s7
core   0: 3 0x800053b2 (0x417807b3) x15 0x00000017
core   0: 0x800053b6 (0xa7f68293) addi    t0, a3, -1409
core   0: 3 0x800053b6 (0xa7f68293) x 5 0xfffffa7f
core   0: 0x800053ba (0x0000617d) c.addi16sp sp, 496
core   0: 3 0x800053ba (0x617d) x 2 0x00058cd0
core   0: 0x800053bc (0x5f24b493) sltiu   s1, s1, 1522
core   0: 3 0x800053bc (0x5f24b493) x 9 0x00000000
core   0: 0x800053c0 (0x000087f5) c.srai  a5, 29
core   0: 3 0x800053c0 (0x87f5) x15 0x00000000
core   0: 0x800053c2 (0x00001f7d) c.addi  t5, -1
core   0: 3 0x800053c2 (0x1f7d) x30 0xffffffff
core   0: 0x800053c4 (0xdce3c693) xori    a3, t2, -562
core   0: 3 0x800053c4 (0xdce3c693) x13 0xfffffdce
core   0: 0x800053c8 (0x7251eb13) ori     s6, gp, 1829
core   0: 3 0x800053c8 (0x7251eb13) x22 0x80102725
core   0: 0x800053cc (0x2dcbce97) auipc   t4, 0x2dcbc
core   0: 3 0x800053cc (0x2dcbce97) x29 0xadcc13cc
core   0: 0x800053d0 (0x02272c33) mulhsu  s8, a4, sp
core   0: 3 0x800053d0 (0x02272c33) x24 0x00000000
core   0: 0x800053d4 (0x40b55713) srai    a4, a0, 11
core   0: 3 0x800053d4 (0x40b55713) x14 0x00000000
core   0: 0x800053d8 (0xc52bb913) sltiu   s2, s7, -942
core   0: 3 0x800053d8 (0xc52bb913) x18 0x00000001
core   0: 0x800053dc (0x607d3797) auipc   a5, 0x607d3
core   0: 3 0x800053dc (0x607d3797) x15 0xe07d83dc
core   0: 0x800053e0 (0x12806893) ori     a7, zero, 296
core   0: 3 0x800053e0 (0x12806893) x17 0x00000128
core   0: 0x800053e4 (0xc69c0413) addi    s0, s8, -919
core   0: 3 0x800053e4 (0xc69c0413) x 8 0xfffffc69
core   0: 0x800053e8 (0x00006169) c.addi16sp sp, 208
core   0: 3 0x800053e8 (0x6169) x 2 0x00058da0
core   0: 0x800053ea (0x00006129) c.addi16sp sp, 192
core   0: 3 0x800053ea (0x6129) x 2 0x00058e60
core   0: 0x800053ec (0x000084da) c.mv    s1, s6
core   0: 3 0x800053ec (0x84da) x 9 0x80102725
core   0: 0x800053ee (0x0164da93) srli    s5, s1, 22
core   0: 3 0x800053ee (0x0164da93) x21 0x00000200
core   0: 0x800053f2 (0x02dcccb3) div     s9, s9, a3
core   0: 3 0x800053f2 (0x02dcccb3) x25 0x00000000
core   0: 0x800053f6 (0x01d75993) srli    s3, a4, 29
core   0: 3 0x800053f6 (0x01d75993) x19 0x00000000
core   0: 0x800053fa (0x0191b633) sltu    a2, gp, s9
core   0: 3 0x800053fa (0x0191b633) x12 0x00000000
core   0: 0x800053fe (0x3175ee13) ori     t3, a1, 791
core   0: 3 0x800053fe (0x3175ee13) x28 0x49000317
core   0: 0x80005402 (0x01631513) slli    a0, t1, 22
core   0: 3 0x80005402 (0x01631513) x10 0x00000000
core   0: 0x80005406 (0x01ed9f93) slli    t6, s11, 30
core   0: 3 0x80005406 (0x01ed9f93) x31 0xc0000000
core   0: 0x8000540a (0x00008f99) c.sub   a5, a4
core   0: 3 0x8000540a (0x8f99) x15 0xe07d83dc
core   0: 0x8000540c (0x402bd693) srai    a3, s7, 2
core   0: 3 0x8000540c (0x402bd693) x13 0x00000000
core   0: 0x80005410 (0x4bda2097) auipc   ra, 0x4bda2
core   0: 3 0x80005410 (0x4bda2097) x 1 0xcbda7410
core   0: 0x80005414 (0x00001288) c.addi4spn a0, sp, 352
core   0: 3 0x80005414 (0x1288) x10 0x00058fc0
core   0: 0x80005416 (0x40a18133) sub     sp, gp, a0
core   0: 3 0x80005416 (0x40a18133) x 2 0x800a9040
core   0: 0x8000541a (0x8890ec13) ori     s8, ra, -1911
core   0: 3 0x8000541a (0x8890ec13) x24 0xfffffc99
core   0: 0x8000541e (0x00a9b933) sltu    s2, s3, a0
core   0: 3 0x8000541e (0x00a9b933) x18 0x00000001
core   0: 0x80005422 (0x00009ee6) c.add   t4, s9
core   0: 3 0x80005422 (0x9ee6) x29 0xadcc13cc
core   0: 0x80005424 (0x01e8deb3) srl     t4, a7, t5
core   0: 3 0x80005424 (0x01e8deb3) x29 0x00000000
core   0: 0x80005428 (0xd1e22637) lui     a2, 0xd1e22
core   0: 3 0x80005428 (0xd1e22637) x12 0xd1e22000
core   0: 0x8000542c (0x00000726) c.slli  a4, 9
core   0: 3 0x8000542c (0x0726) x14 0x00000000
core   0: 0x8000542e (0x26cb8993) addi    s3, s7, 620
core   0: 3 0x8000542e (0x26cb8993) x19 0x0000026d
core   0: 0x80005432 (0x0364f933) remu    s2, s1, s6
core   0: 3 0x80005432 (0x0364f933) x18 0x00000000
core   0: 0x80005436 (0x000083a2) c.mv    t2, s0
core   0: 3 0x80005436 (0x83a2) x 7 0xfffffc69
core   0: 0x80005438 (0x40bddc33) sra     s8, s11, a1
core   0: 3 0x80005438 (0x40bddc33) x24 0xffffffff
core   0: 0x8000543c (0x11adfc13) andi    s8, s11, 282
core   0: 3 0x8000543c (0x11adfc13) x24 0x0000011a
core   0: 0x80005440 (0x023e48b3) div     a7, t3, gp
core   0: 3 0x80005440 (0x023e48b3) x17 0x00000000
core   0: 0x80005444 (0xe5fbe037) lui     zero, 0xe5fbe
core   0: 3 0x80005444 (0xe5fbe037)
core   0: 0x80005448 (0xf0ac3d13) sltiu   s10, s8, -246
core   0: 3 0x80005448 (0xf0ac3d13) x26 0x00000001
core   0: 0x8000544c (0x03ec7a93) andi    s5, s8, 62
core   0: 3 0x8000544c (0x03ec7a93) x21 0x0000001a
core   0: 0x80005450 (0x00008c5d) c.or    s0, a5
core   0: 3 0x80005450 (0x8c5d) x 8 0xfffffffd
core   0: 0x80005452 (0x79652593) slti    a1, a0, 1942
core   0: 3 0x80005452 (0x79652593) x11 0x00000000
core   0: 0x80005456 (0x00008fcd) c.or    a5, a1
core   0: 3 0x80005456 (0x8fcd) x15 0xe07d83dc
core   0: 0x80005458 (0xb5973193) sltiu   gp, a4, -1191
core   0: 3 0x80005458 (0xb5973193) x 3 0x00000001
core   0: 0x8000545c (0x0000610d) c.addi16sp sp, 160
core   0: 3 0x8000545c (0x610d) x 2 0x800a90e0
core   0: 0x8000545e (0x00009afd) c.andi  a3, -1
core   0: 3 0x8000545e (0x9afd) x13 0x00000000
core   0: 0x80005460 (0x0000817d) c.srli  a0, 31
core   0: 3 0x80005460 (0x817d) x10 0x00000000
core   0: 0x80005462 (0x0000884e) c.mv    a6, s3
core   0: 3 0x80005462 (0x884e) x16 0x0000026d
core   0: 0x80005464 (0x0381ae33) mulhsu  t3, gp, s8
core   0: 3 0x80005464 (0x0381ae33) x28 0x00000000
core   0: 0x80005468 (0x03d55ab3) divu    s5, a0, t4
core   0: 3 0x80005468 (0x03d55ab3) x21 0xffffffff
core   0: 0x8000546c (0x0074df13) srli    t5, s1, 7
core   0: 3 0x8000546c (0x0074df13) x30 0x0100204e
core   0: 0x80005470 (0xde1a3e13) sltiu   t3, s4, -543
core   0: 3 0x80005470 (0xde1a3e13) x28 0x00000001
core   0: 0x80005474 (0x00fede13) srli    t3, t4, 15
core   0: 3 0x80005474 (0x00fede13) x28 0x00000000
core   0: 0x80005478 (0x00008545) c.srai  a0, 17
core   0: 3 0x80005478 (0x8545) x10 0x00000000
core   0: 0x8000547a (0x000019fd) c.addi  s3, -1
core   0: 3 0x8000547a (0x19fd) x19 0x0000026c
core   0: 0x8000547c (0x00008cbd) c.xor   s1, a5
core   0: 3 0x8000547c (0x8cbd) x 9 0x606da4f9
core   0: 0x8000547e (0x00ba0433) add     s0, s4, a1
core   0: 3 0x8000547e (0x00ba0433) x 8 0x8000fe64
core   0: 0x80005482 (0x0000547d) c.li    s0, -1
core   0: 3 0x80005482 (0x547d) x 8 0xffffffff
core   0: 0x80005484 (0x2f571c37) lui     s8, 0x2f571
core   0: 3 0x80005484 (0x2f571c37) x24 0x2f571000
core   0: 0x80005488 (0x01be7533) and     a0, t3, s11
core   0: 3 0x80005488 (0x01be7533) x10 0x00000000
core   0: 0x8000548c (0x40edde93) srai    t4, s11, 14
core   0: 3 0x8000548c (0x40edde93) x29 0xffffffff
core   0: 0x80005490 (0x00a76833) or      a6, a4, a0
core   0: 3 0x80005490 (0x00a76833) x16 0x00000000
core   0: 0x80005494 (0x0000038c) c.addi4spn a1, sp, 448
core   0: 3 0x80005494 (0x038c) x11 0x800a92a0
core   0: 0x80005496 (0x97ecf293) andi    t0, s9, -1666
core   0: 3 0x80005496 (0x97ecf293) x 5 0x00000000
core   0: 0x8000549a (0x00008fb9) c.xor   a5, a4
core   0: 3 0x8000549a (0x8fb9) x15 0xe07d83dc
core   0: 0x8000549c (0x024538b3) mulhu   a7, a0, tp
core   0: 3 0x8000549c (0x024538b3) x17 0x00000000
core   0: 0x800054a0 (0x00000001) c.nop
core   0: 3 0x800054a0 (0x0001)
core   0: 0x800054a2 (0x00000001) c.nop
core   0: 3 0x800054a2 (0x0001)
core   0: 0x800054a4 (0x01919f13) slli    t5, gp, 25
core   0: 3 0x800054a4 (0x01919f13) x30 0x02000000
core   0: 0x800054a8 (0x00abe1b3) or      gp, s7, a0
core   0: 3 0x800054a8 (0x00abe1b3) x 3 0x00000001
core   0: 0x800054ac (0x9e5e6393) ori     t2, t3, -1563
core   0: 3 0x800054ac (0x9e5e6393) x 7 0xfffff9e5
core   0: 0x800054b0 (0x40a8dfb3) sra     t6, a7, a0
core   0: 3 0x800054b0 (0x40a8dfb3) x31 0x00000000
core   0: 0x800054b4 (0x31164e13) xori    t3, a2, 785
core   0: 3 0x800054b4 (0x31164e13) x28 0xd1e22311
core   0: 0x800054b8 (0x45042a93) slti    s5, s0, 1104
core   0: 3 0x800054b8 (0x45042a93) x21 0x00000001
core   0: 0x800054bc (0x02ac36b3) mulhu   a3, s8, a0
core   0: 3 0x800054bc (0x02ac36b3) x13 0x00000000
core   0: 0x800054c0 (0x4165de33) sra     t3, a1, s6
core   0: 3 0x800054c0 (0x4165de33) x28 0xfc005495
core   0: 0x800054c4 (0x00eb11b3) sll     gp, s6, a4
core   0: 3 0x800054c4 (0x00eb11b3) x 3 0x80102725
core   0: 0x800054c8 (0x01523133) sltu    sp, tp, s5
core   0: 3 0x800054c8 (0x01523133) x 2 0x00000000
core   0: 0x800054cc (0x00008d5d) c.or    a0, a5
core   0: 3 0x800054cc (0x8d5d) x10 0xe07d83dc
core   0: 0x800054ce (0xdaf443b7) lui     t2, 0xdaf44
core   0: 3 0x800054ce (0xdaf443b7) x 7 0xdaf44000
core   0: 0x800054d2 (0x0316e4b3) rem     s1, a3, a7
core   0: 3 0x800054d2 (0x0316e4b3) x 9 0x00000000
core   0: 0x800054d6 (0x523ea793) slti    a5, t4, 1315
core   0: 3 0x800054d6 (0x523ea793) x15 0x00000001
core   0: 0x800054da (0x01b01093) slli    ra, zero, 27
core   0: 3 0x800054da (0x01b01093) x 1 0x00000000
core   0: 0x800054de (0x0013d033) srl     zero, t2, ra
core   0: 3 0x800054de (0x0013d033)
core   0: 0x800054e2 (0x017b7e33) and     t3, s6, s7
core   0: 3 0x800054e2 (0x017b7e33) x28 0x00000001
core   0: 0x800054e6 (0xd1137113) andi    sp, t1, -751
core   0: 3 0x800054e6 (0xd1137113) x 2 0x80000000
core   0: 0x800054ea (0x5496ee13) ori     t3, a3, 1353
core   0: 3 0x800054ea (0x5496ee13) x28 0x00000549
core   0: 0x800054ee (0x00008e1d) c.sub   a2, a5
core   0: 3 0x800054ee (0x8e1d) x12 0xd1e21fff
core   0: 0x800054f0 (0x00008c01) c.sub   s0, s0
core   0: 3 0x800054f0 (0x8c01) x 8 0x00000000
core   0: 0x800054f2 (0x2b4d2193) slti    gp, s10, 692
core   0: 3 0x800054f2 (0x2b4d2193) x 3 0x00000001
core   0: 0x800054f6 (0x0230bab3) mulhu   s5, ra, gp
core   0: 3 0x800054f6 (0x0230bab3) x21 0x00000000
core   0: 0x800054fa (0x032b1733) mulh    a4, s6, s2
core   0: 3 0x800054fa (0x032b1733) x14 0x00000000
core   0: 0x800054fe (0x03c787b3) mul     a5, a5, t3
core   0: 3 0x800054fe (0x03c787b3) x15 0x00000549
core   0: 0x80005502 (0x4035dd33) sra     s10, a1, gp
core   0: 3 0x80005502 (0x4035dd33) x26 0xc0054950
core   0: 0x80005506 (0x01a902b3) add     t0, s2, s10
core   0: 3 0x80005506 (0x01a902b3) x 5 0xc0054950
core   0: 0x8000550a (0x011bdc33) srl     s8, s7, a7
core   0: 3 0x8000550a (0x011bdc33) x24 0x00000001
core   0: 0x8000550e (0x00009186) c.add   gp, ra
core   0: 3 0x8000550e (0x9186) x 3 0x00000001
core   0: 0x80005510 (0x000097ba) c.add   a5, a4
core   0: 3 0x80005510 (0x97ba) x15 0x00000549
core   0: 0x80005512 (0x01b1dc13) srli    s8, gp, 27
core   0: 3 0x80005512 (0x01b1dc13) x24 0x00000000
core   0: 0x80005516 (0x02c3a8b3) mulhsu  a7, t2, a2
core   0: 3 0x80005516 (0x02c3a8b3) x17 0xe1a0af3f
core   0: 0x8000551a (0x0ee40393) addi    t2, s0, 238
core   0: 3 0x8000551a (0x0ee40393) x 7 0x000000ee
core   0: 0x8000551e (0x0000159c) c.addi4spn a5, sp, 736
core   0: 3 0x8000551e (0x159c) x15 0x800002e0
core   0: 0x80005520 (0x00008591) c.srai  a1, 4
core   0: 3 0x80005520 (0x8591) x11 0xf800a92a
core   0: 0x80005522 (0x03b6d433) divu    s0, a3, s11
core   0: 3 0x80005522 (0x03b6d433) x 8 0x00000000
core   0: 0x80005526 (0x40f5d9b3) sra     s3, a1, a5
core   0: 3 0x80005526 (0x40f5d9b3) x19 0xf800a92a
core   0: 0x8000552a (0xf157e493) ori     s1, a5, -235
core   0: 3 0x8000552a (0xf157e493) x 9 0xfffffff5
core   0: 0x8000552e (0x013ee4b3) or      s1, t4, s3
core   0: 3 0x8000552e (0x013ee4b3) x 9 0xffffffff
core   0: 0x80005532 (0x00275793) srli    a5, a4, 2
core   0: 3 0x80005532 (0x00275793) x15 0x00000000
core   0: 0x80005536 (0xda3a9c17) auipc   s8, 0xda3a9
core   0: 3 0x80005536 (0xda3a9c17) x24 0x5a3ae536
core   0: 0x8000553a (0x00008f19) c.sub   a4, a4
core   0: 3 0x8000553a (0x8f19) x14 0x00000000
core   0: 0x8000553c (0x7e598137) lui     sp, 0x7e598
core   0: 3 0x8000553c (0x7e598137) x 2 0x7e598000
core   0: 0x80005540 (0x000086b1) c.srai  a3, 12
core   0: 3 0x80005540 (0x86b1) x13 0x00000000
core   0: 0x80005542 (0x00000001) c.nop
core   0: 3 0x80005542 (0x0001)
core   0: 0x80005544 (0x025dedb3) rem     s11, s11, t0
core   0: 3 0x80005544 (0x025dedb3) x27 0xffffffff
core   0: 0x80005548 (0x00008eb9) c.xor   a3, a4
core   0: 3 0x80005548 (0x8eb9) x13 0x00000000
core   0: 0x8000554a (0x02f3eeb3) rem     t4, t2, a5
core   0: 3 0x8000554a (0x02f3eeb3) x29 0x000000ee
core   0: 0x8000554e (0x000001ce) c.slli  gp, 19
core   0: 3 0x8000554e (0x01ce) x 3 0x00080000
core   0: 0x80005550 (0x40edd293) srai    t0, s11, 14
core   0: 3 0x80005550 (0x40edd293) x 5 0xffffffff
core   0: 0x80005554 (0x0000840d) c.srai  s0, 3
core   0: 3 0x80005554 (0x840d) x 8 0x00000000
core   0: 0x80005556 (0x006758b3) srl     a7, a4, t1
core   0: 3 0x80005556 (0x006758b3) x17 0x00000000
core   0: 0x8000555a (0x000047cd) c.li    a5, 19
core   0: 3 0x8000555a (0x47cd) x15 0x00000013
core   0: 0x8000555c (0x0000640d) c.lui   s0, 0x3
core   0: 3 0x8000555c (0x640d) x 8 0x00003000
core   0: 0x8000555e (0x0162f6b3) and     a3, t0, s6
core   0: 3 0x8000555e (0x0162f6b3) x13 0x80102725
core   0: 0x80005562 (0x01269d13) slli    s10, a3, 18
core   0: 3 0x80005562 (0x01269d13) x26 0x9c940000
core   0: 0x80005566 (0x02be3133) mulhu   sp, t3, a1
core   0: 3 0x80005566 (0x02be3133) x 2 0x0000051e
core   0: 0x8000556a (0xe03c0593) addi    a1, s8, -509
core   0: 3 0x8000556a (0xe03c0593) x11 0x5a3ae339
core   0: 0x8000556e (0xe799e113) ori     sp, s3, -391
core   0: 3 0x8000556e (0xe799e113) x 2 0xffffff7b
core   0: 0x80005572 (0x00008355) c.srli  a4, 21
core   0: 3 0x80005572 (0x8355) x14 0x00000000
core   0: 0x80005574 (0x0308aab3) mulhsu  s5, a7, a6
core   0: 3 0x80005574 (0x0308aab3) x21 0x00000000
core   0: 0x80005578 (0x00cf1593) slli    a1, t5, 12
core   0: 3 0x80005578 (0x00cf1593) x11 0x00000000
core   0: 0x8000557c (0x00008ecd) c.or    a3, a1
core   0: 3 0x8000557c (0x8ecd) x13 0x80102725
core   0: 0x8000557e (0x41a45293) srai    t0, s0, 26
core   0: 3 0x8000557e (0x41a45293) x 5 0x00000000
core   0: 0x80005582 (0x012339b3) sltu    s3, t1, s2
core   0: 3 0x80005582 (0x012339b3) x19 0x00000000
core   0: 0x80005586 (0x01b841b3) xor     gp, a6, s11
core   0: 3 0x80005586 (0x01b841b3) x 3 0xffffffff
core   0: 0x8000558a (0x00001a90) c.addi4spn a2, sp, 368
core   0: 3 0x8000558a (0x1a90) x12 0x000000eb
core   0: 0x8000558c (0x4aa24a93) xori    s5, tp, 1194
core   0: 3 0x8000558c (0x4aa24a93) x21 0x8001384e
core   0: 0x80005590 (0x41e6d433) sra     s0, a3, t5
core   0: 3 0x80005590 (0x41e6d433) x 8 0x80102725
core   0: 0x80005594 (0x0199c933) xor     s2, s3, s9
core   0: 3 0x80005594 (0x0199c933) x18 0x00000000
core   0: 0x80005598 (0x02725833) divu    a6, tp, t2
core   0: 3 0x80005598 (0x02725833) x16 0x0089af95
core   0: 0x8000559c (0x37ebf913) andi    s2, s7, 894
core   0: 3 0x8000559c (0x37ebf913) x18 0x00000000
core   0: 0x800055a0 (0x025c11b3) mulh    gp, s8, t0
core   0: 3 0x800055a0 (0x025c11b3) x 3 0x00000000
core   0: 0x800055a4 (0x00008361) c.srli  a4, 24
core   0: 3 0x800055a4 (0x8361) x14 0x00000000
core   0: 0x800055a6 (0x000017fd) c.addi  a5, -1
core   0: 3 0x800055a6 (0x17fd) x15 0x00000012
core   0: 0x800055a8 (0xcd9e2b37) lui     s6, 0xcd9e2
core   0: 3 0x800055a8 (0xcd9e2b37) x22 0xcd9e2000
core   0: 0x800055ac (0x0228c8b3) div     a7, a7, sp
core   0: 3 0x800055ac (0x0228c8b3) x17 0x00000000
core   0: 0x800055b0 (0x017d7d33) and     s10, s10, s7
core   0: 3 0x800055b0 (0x017d7d33) x26 0x00000000
core   0: 0x800055b4 (0x00000001) c.nop
core   0: 3 0x800055b4 (0x0001)
core   0: 0x800055b6 (0xacbe4793) xori    a5, t3, -1333
core   0: 3 0x800055b6 (0xacbe4793) x15 0xffffff82
core   0: 0x800055ba (0x000084e1) c.srai  s1, 24
core   0: 3 0x800055ba (0x84e1) x 9 0xffffffff
core   0: 0x800055bc (0x000085b1) c.srai  a1, 12
core   0: 3 0x800055bc (0x85b1) x11 0x00000000
core   0: 0x800055be (0x000065b9) c.lui   a1, 0xe
core   0: 3 0x800055be (0x65b9) x11 0x0000e000
core   0: 0x800055c0 (0x026f5033) divu    zero, t5, t1
core   0: 3 0x800055c0 (0x026f5033)
core   0: 0x800055c4 (0x03400ab3) mul     s5, zero, s4
core   0: 3 0x800055c4 (0x03400ab3) x21 0x00000000
core   0: 0x800055c8 (0x10100397) auipc   t2, 0x10100
core   0: 3 0x800055c8 (0x10100397) x 7 0x901055c8
core   0: 0x800055cc (0x036d4e33) div     t3, s10, s6
core   0: 3 0x800055cc (0x036d4e33) x28 0x00000000
core   0: 0x800055d0 (0x000082e2) c.mv    t0, s8
core   0: 3 0x800055d0 (0x82e2) x 5 0x5a3ae536
core   0: 0x800055d2 (0x010f1f93) slli    t6, t5, 16
core   0: 3 0x800055d2 (0x010f1f93) x31 0x00000000
core   0: 0x800055d6 (0x03725bb3) divu    s7, tp, s7
core   0: 3 0x800055d6 (0x03725bb3) x23 0x80013ce4
core   0: 0x800055da (0x00111413) slli    s0, sp, 1
core   0: 3 0x800055da (0x00111413) x 8 0xfffffef6
core   0: 0x800055de (0x01f91cb3) sll     s9, s2, t6
core   0: 3 0x800055de (0x01f91cb3) x25 0x00000000
core   0: 0x800055e2 (0x0000825d) c.srli  a2, 23
core   0: 3 0x800055e2 (0x825d) x12 0x00000000
core   0: 0x800055e4 (0x00008f71) c.and   a4, a2
core   0: 3 0x800055e4 (0x8f71) x14 0x00000000
core   0: 0x800055e6 (0x000002be) c.slli  t0, 15
core   0: 3 0x800055e6 (0x02be) x 5 0x729b0000
core   0: 0x800055e8 (0x000002ee) c.slli  t0, 27
core   0: 3 0x800055e8 (0x02ee) x 5 0x00000000
core   0: 0x800055ea (0x00008d4d) c.or    a0, a1
core   0: 3 0x800055ea (0x8d4d) x10 0xe07de3dc
core   0: 0x800055ec (0x400fec93) ori     s9, t6, 1024
core   0: 3 0x800055ec (0x400fec93) x25 0x00000400
core   0: 0x800055f0 (0x00000f14) c.addi4spn a3, sp, 912
core   0: 3 0x800055f0 (0x0f14) x13 0x0000030b
core   0: 0x800055f2 (0x0133c533) xor     a0, t2, s3
core   0: 3 0x800055f2 (0x0133c533) x10 0x901055c8
core   0: 0x800055f6 (0xcd26e793) ori     a5, a3, -814
core   0: 3 0x800055f6 (0xcd26e793) x15 0xffffffdb
core   0: 0x800055fa (0x000010fd) c.addi  ra, -1
core   0: 3 0x800055fa (0x10fd) x 1 0xffffffff
core   0: 0x800055fc (0x0341abb3) mulhsu  s7, gp, s4
core   0: 3 0x800055fc (0x0341abb3) x23 0x00000000
core   0: 0x80005600 (0x0383bc33) mulhu   s8, t2, s8
core   0: 3 0x80005600 (0x0383bc33) x24 0x32c6e2d8
core   0: 0x80005604 (0x00000612) c.slli  a2, 4
core   0: 3 0x80005604 (0x0612) x12 0x00000000
core   0: 0x80005606 (0x03e5d797) auipc   a5, 0x3e5d
core   0: 3 0x80005606 (0x03e5d797) x15 0x83e62606
core   0: 0x8000560a (0x412a0ab3) sub     s5, s4, s2
core   0: 3 0x8000560a (0x412a0ab3) x21 0x8000fe64
core   0: 0x8000560e (0x03c47cb3) remu    s9, s0, t3
core   0: 3 0x8000560e (0x03c47cb3) x25 0xfffffef6
core   0: 0x80005612 (0xc0002f93) slti    t6, zero, -1024
core   0: 3 0x80005612 (0xc0002f93) x31 0x00000000
core   0: 0x80005616 (0xbb3f0c93) addi    s9, t5, -1101
core   0: 3 0x80005616 (0xbb3f0c93) x25 0x01fffbb3
core   0: 0x8000561a (0xc0e6ef93) ori     t6, a3, -1010
core   0: 3 0x8000561a (0xc0e6ef93) x31 0xffffff0f
core   0: 0x8000561e (0x002a5293) srli    t0, s4, 2
core   0: 3 0x8000561e (0x002a5293) x 5 0x20003f99
core   0: 0x80005622 (0x00005efd) c.li    t4, -1
core   0: 3 0x80005622 (0x5efd) x29 0xffffffff
core   0: 0x80005624 (0x007c6533) or      a0, s8, t2
core   0: 3 0x80005624 (0x007c6533) x10 0xb2d6f7d8
core   0: 0x80005628 (0x00000922) c.slli  s2, 8
core   0: 3 0x80005628 (0x0922) x18 0x00000000
core   0: 0x8000562a (0x496f4893) xori    a7, t5, 1174
core   0: 3 0x8000562a (0x496f4893) x17 0x02000496
core   0: 0x8000562e (0x00009b32) c.add   s6, a2
core   0: 3 0x8000562e (0x9b32) x22 0xcd9e2000
core   0: 0x80005630 (0x0000587d) c.li    a6, -1
core   0: 3 0x80005630 (0x587d) x16 0xffffffff
core   0: 0x80005632 (0x00008c39) c.xor   s0, a4
core   0: 3 0x80005632 (0x8c39) x 8 0xfffffef6
core   0: 0x80005634 (0x9492d837) lui     a6, 0x9492d
core   0: 3 0x80005634 (0x9492d837) x16 0x9492d000
core   0: 0x80005638 (0x61938d13) addi    s10, t2, 1561
core   0: 3 0x80005638 (0x61938d13) x26 0x90105be1
core   0: 0x8000563c (0x59bdc817) auipc   a6, 0x59bdc
core   0: 3 0x8000563c (0x59bdc817) x16 0xd9be163c
core   0: 0x80005640 (0xb7a20b13) addi    s6, tp, -1158
core   0: 3 0x80005640 (0xb7a20b13) x22 0x8001385e
core   0: 0x80005644 (0x023a53b3) divu    t2, s4, gp
core   0: 3 0x80005644 (0x023a53b3) x 7 0xffffffff
core   0: 0x80005648 (0x0000197d) c.addi  s2, -1
core   0: 3 0x80005648 (0x197d) x18 0xffffffff
core   0: 0x8000564a (0x00009692) c.add   a3, tp
core   0: 3 0x8000564a (0x9692) x13 0x80013fef
core   0: 0x8000564c (0x406bd293) srai    t0, s7, 6
core   0: 3 0x8000564c (0x406bd293) x 5 0x00000000
core   0: 0x80005650 (0x0000177d) c.addi  a4, -1
core   0: 3 0x80005650 (0x177d) x14 0xffffffff
core   0: 0x80005652 (0x038da6b3) mulhsu  a3, s11, s8
core   0: 3 0x80005652 (0x038da6b3) x13 0xffffffff
core   0: 0x80005656 (0x011a0f33) add     t5, s4, a7
core   0: 3 0x80005656 (0x011a0f33) x30 0x820102fa
core   0: 0x8000565a (0x00000001) c.nop
core   0: 3 0x8000565a (0x0001)
core   0: 0x8000565c (0x416f0db3) sub     s11, t5, s6
core   0: 3 0x8000565c (0x416f0db3) x27 0x01ffca9c
core   0: 0x80005660 (0x00979493) slli    s1, a5, 9
core   0: 3 0x80005660 (0x00979493) x 9 0xcc4c0c00
core   0: 0x80005664 (0x02bb3033) mulhu   zero, s6, a1
core   0: 3 0x80005664 (0x02bb3033)
core   0: 0x80005668 (0x024c8833) mul     a6, s9, tp
core   0: 3 0x80005668 (0x024c8833) x16 0x42ad1f6c
core   0: 0x8000566c (0x70ed3197) auipc   gp, 0x70ed3
core   0: 3 0x8000566c (0x70ed3197) x 3 0xf0ed866c
core   0: 0x80005670 (0x000090b2) c.add   ra, a2
core   0: 3 0x80005670 (0x90b2) x 1 0xffffffff
core   0: 0x80005672 (0xb1fa7993) andi    s3, s4, -1249
core   0: 3 0x80005672 (0xb1fa7993) x19 0x8000fa04
core   0: 0x80005676 (0x69277713) andi    a4, a4, 1682
core   0: 3 0x80005676 (0x69277713) x14 0x00000692
core   0: 0x8000567a (0x02eb7bb3) remu    s7, s6, a4
core   0: 3 0x8000567a (0x02eb7bb3) x23 0x00000480
core   0: 0x8000567e (0x02deeb33) rem     s6, t4, a3
core   0: 3 0x8000567e (0x02deeb33) x22 0x00000000
core   0: 0x80005682 (0x030973b3) remu    t2, s2, a6
core   0: 3 0x80005682 (0x030973b3) x 7 0x37f8a1bb
core   0: 0x80005686 (0x03df51b3) divu    gp, t5, t4
core   0: 3 0x80005686 (0x03df51b3) x 3 0x00000000
core   0: 0x8000568a (0x00000001) c.nop
core   0: 3 0x8000568a (0x0001)
core   0: 0x8000568c (0x0069afb3) slt     t6, s3, t1
core   0: 3 0x8000568c (0x0069afb3) x31 0x00000000
core   0: 0x80005690 (0x02447633) remu    a2, s0, tp
core   0: 3 0x80005690 (0x02447633) x12 0x7ffec212
core   0: 0x80005694 (0x000013fd) c.addi  t2, -1
core   0: 3 0x80005694 (0x13fd) x 7 0x37f8a1ba
core   0: 0x80005696 (0x95ce7f13) andi    t5, t3, -1700
core   0: 3 0x80005696 (0x95ce7f13) x30 0x00000000
core   0: 0x8000569a (0x000090d6) c.add   ra, s5
core   0: 3 0x8000569a (0x90d6) x 1 0x8000fe63
core   0: 0x8000569c (0x47fbd8b7) lui     a7, 0x47fbd
core   0: 3 0x8000569c (0x47fbd8b7) x17 0x47fbd000
core   0: 0x800056a0 (0x03472ab3) mulhsu  s5, a4, s4
core   0: 3 0x800056a0 (0x03472ab3) x21 0x00000349
core   0: 0x800056a4 (0x0012c2b3) xor     t0, t0, ra
core   0: 3 0x800056a4 (0x0012c2b3) x 5 0x8000fe63
core   0: 0x800056a8 (0x00001c14) c.addi4spn a3, sp, 560
core   0: 3 0x800056a8 (0x1c14) x13 0x000001ab
core   0: 0x800056aa (0x03709533) mulh    a0, ra, s7
core   0: 3 0x800056aa (0x03709533) x10 0xfffffdc0
core   0: 0x800056ae (0x02e36fb3) rem     t6, t1, a4
core   0: 3 0x800056ae (0x02e36fb3) x31 0xffffff10
core   0: 0x800056b2 (0x4042d733) sra     a4, t0, tp
core   0: 3 0x800056b2 (0x4042d733) x14 0xf8000fe6
core   0: 0x800056b6 (0xcd136f13) ori     t5, t1, -815
core   0: 3 0x800056b6 (0xcd136f13) x30 0xfffffcd1
core   0: 0x800056ba (0x0000167d) c.addi  a2, -1
core   0: 3 0x800056ba (0x167d) x12 0x7ffec211
core   0: 0x800056bc (0xe6997713) andi    a4, s2, -407
core   0: 3 0x800056bc (0xe6997713) x14 0xfffffe69
core   0: 0x800056c0 (0x00000de9) c.addi  s11, 26
core   0: 3 0x800056c0 (0x0de9) x27 0x01ffcab6
core   0: 0x800056c2 (0x00bc4633) xor     a2, s8, a1
core   0: 3 0x800056c2 (0x00bc4633) x12 0x32c602d8
core   0: 0x800056c6 (0x01a09393) slli    t2, ra, 26
core   0: 3 0x800056c6 (0x01a09393) x 7 0x8c000000
core   0: 0x800056ca (0x033cdb33) divu    s6, s9, s3
core   0: 3 0x800056ca (0x033cdb33) x22 0x00000000
core   0: 0x800056ce (0x00008f39) c.xor   a4, a4
core   0: 3 0x800056ce (0x8f39) x14 0x00000000
core   0: 0x800056d0 (0x01dbd533) srl     a0, s7, t4
core   0: 3 0x800056d0 (0x01dbd533) x10 0x00000000
core   0: 0x800056d4 (0x00008b29) c.andi  a4, 10
core   0: 3 0x800056d4 (0x8b29) x14 0x00000000
core   0: 0x800056d6 (0x000086b6) c.mv    a3, a3
core   0: 3 0x800056d6 (0x86b6) x13 0x000001ab
core   0: 0x800056d8 (0x000084ce) c.mv    s1, s3
core   0: 3 0x800056d8 (0x84ce) x 9 0x8000fa04
core   0: 0x800056da (0x00f99fb3) sll     t6, s3, a5
core   0: 3 0x800056da (0x00f99fb3) x31 0x003e8100
core   0: 0x800056de (0x00d5f533) and     a0, a1, a3
core   0: 3 0x800056de (0x00d5f533) x10 0x00000000
core   0: 0x800056e2 (0x000083c9) c.srli  a5, 18
core   0: 3 0x800056e2 (0x83c9) x15 0x000020f9
core   0: 0x800056e4 (0x01b0d693) srli    a3, ra, 27
core   0: 3 0x800056e4 (0x01b0d693) x13 0x00000010
core   0: 0x800056e8 (0x11df0e93) addi    t4, t5, 285
core   0: 3 0x800056e8 (0x11df0e93) x29 0xfffffdee
core   0: 0x800056ec (0x0104c7b3) xor     a5, s1, a6
core   0: 3 0x800056ec (0x0104c7b3) x15 0xc2ade568
core   0: 0x800056f0 (0x02cc5133) divu    sp, s8, a2
core   0: 3 0x800056f0 (0x02cc5133) x 2 0x00000001
core   0: 0x800056f4 (0x002f9393) slli    t2, t6, 2
core   0: 3 0x800056f4 (0x002f9393) x 7 0x00fa0400
core   0: 0x800056f8 (0x0163e4b3) or      s1, t2, s6
core   0: 3 0x800056f8 (0x0163e4b3) x 9 0x00fa0400
core   0: 0x800056fc (0x035152b3) divu    t0, sp, s5
core   0: 3 0x800056fc (0x035152b3) x 5 0x00000000
core   0: 0x80005700 (0x00000001) c.nop
core   0: 3 0x80005700 (0x0001)
core   0: 0x80005702 (0x40328fb3) sub     t6, t0, gp
core   0: 3 0x80005702 (0x40328fb3) x31 0x00000000
core   0: 0x80005706 (0x00f7a033) slt     zero, a5, a5
core   0: 3 0x80005706 (0x00f7a033)
core   0: 0x8000570a (0x00008841) c.andi  s0, 16
core   0: 3 0x8000570a (0x8841) x 8 0x00000010
core   0: 0x8000570c (0x00b92bb3) slt     s7, s2, a1
core   0: 3 0x8000570c (0x00b92bb3) x23 0x00000001
core   0: 0x80005710 (0x0373f733) remu    a4, t2, s7
core   0: 3 0x80005710 (0x0373f733) x14 0x00000000
core   0: 0x80005714 (0x026d4b33) div     s6, s10, t1
core   0: 3 0x80005714 (0x026d4b33) x22 0x00000000
core   0: 0x80005718 (0x0162eab3) or      s5, t0, s6
core   0: 3 0x80005718 (0x0162eab3) x21 0x00000000
core   0: 0x8000571c (0x0000617d) c.addi16sp sp, 496
core   0: 3 0x8000571c (0x617d) x 2 0x000001f1
core   0: 0x8000571e (0x0350b0b3) mulhu   ra, ra, s5
core   0: 3 0x8000571e (0x0350b0b3) x 1 0x00000000
core   0: 0x80005722 (0x02d562b3) rem     t0, a0, a3
core   0: 3 0x80005722 (0x02d562b3) x 5 0x00000000
core   0: 0x80005726 (0x7cc3cb97) auipc   s7, 0x7cc3c
core   0: 3 0x80005726 (0x7cc3cb97) x23 0xfcc41726
core   0: 0x8000572a (0x1ed0cc13) xori    s8, ra, 493
core   0: 3 0x8000572a (0x1ed0cc13) x24 0x000001ed
core   0: 0x8000572e (0x00001afd) c.addi  s5, -1
core   0: 3 0x8000572e (0x1afd) x21 0xffffffff
core   0: 0x80005730 (0x01769033) sll     zero, a3, s7
core   0: 3 0x80005730 (0x01769033)
core   0: 0x80005734 (0x400c8fb3) sub     t6, s9, zero
core   0: 3 0x80005734 (0x400c8fb3) x31 0x01fffbb3
core   0: 0x80005738 (0x2cb82a93) slti    s5, a6, 715
core   0: 3 0x80005738 (0x2cb82a93) x21 0x00000000
core   0: 0x8000573c (0x00008f51) c.or    a4, a2
core   0: 3 0x8000573c (0x8f51) x14 0x32c602d8
core   0: 0x8000573e (0x00008435) c.srai  s0, 13
core   0: 3 0x8000573e (0x8435) x 8 0x00000000
core   0: 0x80005740 (0x000006ce) c.slli  a3, 19
core   0: 3 0x80005740 (0x06ce) x13 0x00800000
core   0: 0x80005742 (0x03adaf33) mulhsu  t5, s11, s10
core   0: 3 0x80005742 (0x03adaf33) x30 0x012002ba
core   0: 0x80005746 (0x01e394b3) sll     s1, t2, t5
core   0: 3 0x80005746 (0x01e394b3) x 9 0x00000000
core   0: 0x8000574a (0xc800b013) sltiu   zero, ra, -896
core   0: 3 0x8000574a (0xc800b013)
core   0: 0x8000574e (0x271bfa93) andi    s5, s7, 625
core   0: 3 0x8000574e (0x271bfa93) x21 0x00000220
core   0: 0x80005752 (0x00008aba) c.mv    s5, a4
core   0: 3 0x80005752 (0x8aba) x21 0x32c602d8
core   0: 0x80005754 (0x00000001) c.nop
core   0: 3 0x80005754 (0x0001)
core   0: 0x80005756 (0x01763033) sltu    zero, a2, s7
core   0: 3 0x80005756 (0x01763033)
core   0: 0x8000575a (0x0032e3b3) or      t2, t0, gp
core   0: 3 0x8000575a (0x0032e3b3) x 7 0x00000000
core   0: 0x8000575e (0x03487433) remu    s0, a6, s4
core   0: 3 0x8000575e (0x03487433) x 8 0x42ad1f6c
core   0: 0x80005762 (0x000008ea) c.slli  a7, 26
core   0: 3 0x80005762 (0x08ea) x17 0x00000000
core   0: 0x80005764 (0x007482b3) add     t0, s1, t2
core   0: 3 0x80005764 (0x007482b3) x 5 0x00000000
core   0: 0x80005768 (0x00009292) c.add   t0, tp
core   0: 3 0x80005768 (0x9292) x 5 0x80013ce4
core   0: 0x8000576a (0x006ad513) srli    a0, s5, 6
core   0: 3 0x8000576a (0x006ad513) x10 0x00cb180b
core   0: 0x8000576e (0x10253f13) sltiu   t5, a0, 258
core   0: 3 0x8000576e (0x10253f13) x30 0x00000000
core   0: 0x80005772 (0x00006151) c.addi16sp sp, 272
core   0: 3 0x80005772 (0x6151) x 2 0x00000301
core   0: 0x80005774 (0x41f85b33) sra     s6, a6, t6
core   0: 3 0x80005774 (0x41f85b33) x22 0x00000855
core   0: 0x80005778 (0xbee78d13) addi    s10, a5, -1042
core   0: 3 0x80005778 (0xbee78d13) x26 0xc2ade156
core   0: 0x8000577c (0x0000841e) c.mv    s0, t2
core   0: 3 0x8000577c (0x841e) x 8 0x00000000
core   0: 0x8000577e (0x01fcad33) slt     s10, s9, t6
core   0: 3 0x8000577e (0x01fcad33) x26 0x00000000
core   0: 0x80005782 (0x92da7d93) andi    s11, s4, -1747
core   0: 3 0x80005782 (0x92da7d93) x27 0x8000f824
core   0: 0x80005786 (0x03595733) divu    a4, s2, s5
core   0: 3 0x80005786 (0x03595733) x14 0x00000005
core   0: 0x8000578a (0xce8aa013) slti    zero, s5, -792
core   0: 3 0x8000578a (0xce8aa013)
core   0: 0x8000578e (0x00f01713) slli    a4, zero, 15
core   0: 3 0x8000578e (0x00f01713) x14 0x00000000
core   0: 0x80005792 (0x81c43013) sltiu   zero, s0, -2020
core   0: 3 0x80005792 (0x81c43013)
core   0: 0x80005796 (0x00004709) c.li    a4, 2
core   0: 3 0x80005796 (0x4709) x14 0x00000002
core   0: 0x80005798 (0x0000887e) c.mv    a6, t6
core   0: 3 0x80005798 (0x887e) x16 0x01fffbb3
core   0: 0x8000579a (0x00008625) c.srai  a2, 9
core   0: 3 0x8000579a (0x8625) x12 0x00196301
core   0: 0x8000579c (0xb63892b7) lui     t0, 0xb6389
core   0: 3 0x8000579c (0xb63892b7) x 5 0xb6389000
core   0: 0x800057a0 (0x4049d6b3) sra     a3, s3, tp
core   0: 3 0x800057a0 (0x4049d6b3) x13 0xf8000fa0
core   0: 0x800057a4 (0x00008e91) c.sub   a3, a2
core   0: 3 0x800057a4 (0x8e91) x13 0xf7e6ac9f
core   0: 0x800057a6 (0x03c84533) div     a0, a6, t3
core   0: 3 0x800057a6 (0x03c84533) x10 0xffffffff
core   0: 0x800057aa (0x00008fd5) c.or    a5, a3
core   0: 3 0x800057aa (0x8fd5) x15 0xf7efedff
core   0: 0x800057ac (0x01f68b33) add     s6, a3, t6
core   0: 3 0x800057ac (0x01f68b33) x22 0xf9e6a852
core   0: 0x800057b0 (0x0000830d) c.srli  a4, 3
core   0: 3 0x800057b0 (0x830d) x14 0x00000000
core   0: 0x800057b2 (0x00000cbe) c.slli  s9, 15
core   0: 3 0x800057b2 (0x0cbe) x25 0xfdd98000
core   0: 0x800057b4 (0x00000972) c.slli  s2, 28
core   0: 3 0x800057b4 (0x0972) x18 0xf0000000
core   0: 0x800057b6 (0x00000001) c.nop
core   0: 3 0x800057b6 (0x0001)
core   0: 0x800057b8 (0x00008ec9) c.or    a3, a0
core   0: 3 0x800057b8 (0x8ec9) x13 0xffffffff
core   0: 0x800057ba (0x01eb32b3) sltu    t0, s6, t5
core   0: 3 0x800057ba (0x01eb32b3) x 5 0x00000000
core   0: 0x800057be (0xfc1e6493) ori     s1, t3, -63
core   0: 3 0x800057be (0xfc1e6493) x 9 0xffffffc1
core   0: 0x800057c2 (0x000050fd) c.li    ra, -1
core   0: 3 0x800057c2 (0x50fd) x 1 0xffffffff
core   0: 0x800057c4 (0x022efbb3) remu    s7, t4, sp
core   0: 3 0x800057c4 (0x022efbb3) x23 0x00000102
core   0: 0x800057c8 (0x02681433) mulh    s0, a6, t1
core   0: 3 0x800057c8 (0x02681433) x 8 0xff000226
core   0: 0x800057cc (0x00009afd) c.andi  a3, -1
core   0: 3 0x800057cc (0x9afd) x13 0xffffffff
core   0: 0x800057ce (0x00000888) c.addi4spn a0, sp, 80
core   0: 3 0x800057ce (0x0888) x10 0x00000351
core   0: 0x800057d0 (0x00008589) c.srai  a1, 2
core   0: 3 0x800057d0 (0x8589) x11 0x00003800
core   0: 0x800057d2 (0x0089b933) sltu    s2, s3, s0
core   0: 3 0x800057d2 (0x0089b933) x18 0x00000001
core   0: 0x800057d6 (0x000081be) c.mv    gp, a5
core   0: 3 0x800057d6 (0x81be) x 3 0xf7efedff
core   0: 0x800057d8 (0x00004ac5) c.li    s5, 17
core   0: 3 0x800057d8 (0x4ac5) x21 0x00000011
core   0: 0x800057da (0x00008b66) c.mv    s6, s9
core   0: 3 0x800057da (0x8b66) x22 0xfdd98000
core   0: 0x800057dc (0x03893eb3) mulhu   t4, s2, s8
core   0: 3 0x800057dc (0x03893eb3) x29 0x00000000
core   0: 0x800057e0 (0x00000001) c.nop
core   0: 3 0x800057e0 (0x0001)
core   0: 0x800057e2 (0x00008f21) c.xor   a4, s0
core   0: 3 0x800057e2 (0x8f21) x14 0xff000226
core   0: 0x800057e4 (0x00008f32) c.mv    t5, a2
core   0: 3 0x800057e4 (0x8f32) x30 0x00196301
core   0: 0x800057e6 (0x00008521) c.srai  a0, 8
core   0: 3 0x800057e6 (0x8521) x10 0x00000003
core   0: 0x800057e8 (0x039ca2b3) mulhsu  t0, s9, s9
core   0: 3 0x800057e8 (0x039ca2b3) x 5 0xfdde1fca
core   0: 0x800057ec (0x00371fb3) sll     t6, a4, gp
core   0: 3 0x800057ec (0x00371fb3) x31 0x00000000
core   0: 0x800057f0 (0x0000717d) c.addi16sp sp, -16
core   0: 3 0x800057f0 (0x717d) x 2 0x000002f1
core   0: 0x800057f2 (0x00009ad2) c.add   s5, s4
core   0: 3 0x800057f2 (0x9ad2) x21 0x8000fe75
core   0: 0x800057f4 (0x00006111) c.addi16sp sp, 256
core   0: 3 0x800057f4 (0x6111) x 2 0x000003f1
core   0: 0x800057f6 (0x00008fdd) c.or    a5, a5
core   0: 3 0x800057f6 (0x8fdd) x15 0xf7efedff
core   0: 0x800057f8 (0xd5578e13) addi    t3, a5, -683
core   0: 3 0x800057f8 (0xd5578e13) x28 0xf7efeb54
core   0: 0x800057fc (0x4033d133) sra     sp, t2, gp
core   0: 3 0x800057fc (0x4033d133) x 2 0x00000000
core   0: 0x80005800 (0x3a990b13) addi    s6, s2, 937
core   0: 3 0x80005800 (0x3a990b13) x22 0x000003aa
core   0: 0x80005804 (0x00000001) c.nop
core   0: 3 0x80005804 (0x0001)
core   0: 0x80005806 (0x000042ed) c.li    t0, 27
core   0: 3 0x80005806 (0x42ed) x 5 0x0000001b
core   0: 0x80005808 (0xae30ad13) slti    s10, ra, -1309
core   0: 3 0x80005808 (0xae30ad13) x26 0x00000000
core   0: 0x8000580c (0x00008c75) c.and   s0, a3
core   0: 3 0x8000580c (0x8c75) x 8 0xff000226
core   0: 0x8000580e (0x405ad033) sra     zero, s5, t0
core   0: 3 0x8000580e (0x405ad033)
core   0: 0x80005812 (0x00009fd6) c.add   t6, s5
core   0: 3 0x80005812 (0x9fd6) x31 0x8000fe75
core   0: 0x80005814 (0x00a65b33) srl     s6, a2, a0
core   0: 3 0x80005814 (0x00a65b33) x22 0x00032c60
core   0: 0x80005818 (0x014b05b3) add     a1, s6, s4
core   0: 3 0x80005818 (0x014b05b3) x11 0x80042ac4
core   0: 0x8000581c (0xb5cb7e93) andi    t4, s6, -1188
core   0: 3 0x8000581c (0xb5cb7e93) x29 0x00032840
core   0: 0x80005820 (0x8b678e13) addi    t3, a5, -1866
core   0: 3 0x80005820 (0x8b678e13) x28 0xf7efe6b5
core   0: 0x80005824 (0x00008f31) c.xor   a4, a2
core   0: 3 0x80005824 (0x8f31) x14 0xff196127
core   0: 0x80005826 (0x03613ab3) mulhu   s5, sp, s6
core   0: 3 0x80005826 (0x03613ab3) x21 0x00000000
core   0: 0x8000582a (0x02c00833) mul     a6, zero, a2
core   0: 3 0x8000582a (0x02c00833) x16 0x00000000
core   0: 0x8000582e (0x011809b3) add     s3, a6, a7
core   0: 3 0x8000582e (0x011809b3) x19 0x00000000
core   0: 0x80005832 (0x4682fe93) andi    t4, t0, 1128
core   0: 3 0x80005832 (0x4682fe93) x29 0x00000008
core   0: 0x80005836 (0x136c7eb7) lui     t4, 0x136c7
core   0: 3 0x80005836 (0x136c7eb7) x29 0x136c7000
core   0: 0x8000583a (0xf8fe8e93) addi    t4, t4, -113
core   0: 3 0x8000583a (0xf8fe8e93) x29 0x136c6f8f
core   0: 0x8000583e (0x4307dcb7) lui     s9, 0x4307d
core   0: 3 0x8000583e (0x4307dcb7) x25 0x4307d000
core   0: 0x80005842 (0x7eec8c93) addi    s9, s9, 2030
core   0: 3 0x80005842 (0x7eec8c93) x25 0x4307d7ee
core   0: 0x80005846 (0x00004f01) c.li    t5, 0
core   0: 3 0x80005846 (0x4f01) x30 0x00000000
core   0: 0x80005848 (0xfff00093) li      ra, -1
core   0: 3 0x80005848 (0xfff00093) x 1 0xffffffff
core   0: 0x8000584c (0x80000bb7) lui     s7, 0x80000
core   0: 3 0x8000584c (0x80000bb7) x23 0x80000000
core   0: 0x80005850 (0xfff00393) li      t2, -1
core   0: 3 0x80005850 (0xfff00393) x 7 0xffffffff
core   0: 0x80005854 (0x00004101) c.li    sp, 0
core   0: 3 0x80005854 (0x4101) x 2 0x00000000
core   0: 0x80005856 (0xfff00713) li      a4, -1
core   0: 3 0x80005856 (0xfff00713) x14 0xffffffff
core   0: 0x8000585a (0x00004781) c.li    a5, 0
core   0: 3 0x8000585a (0x4781) x15 0x00000000
core   0: 0x8000585c (0x00004a81) c.li    s5, 0
core   0: 3 0x8000585c (0x4a81) x21 0x00000000
core   0: 0x8000585e (0x40170cb3) sub     s9, a4, ra
core   0: 3 0x8000585e (0x40170cb3) x25 0x00000000
core   0: 0x80005862 (0x02e10733) mul     a4, sp, a4
core   0: 3 0x80005862 (0x02e10733) x14 0x00000000
core   0: 0x80005866 (0x022717b3) mulh    a5, a4, sp
core   0: 3 0x80005866 (0x022717b3) x15 0x00000000
core   0: 0x8000586a (0x03dbdf33) divu    t5, s7, t4
core   0: 3 0x8000586a (0x03dbdf33) x30 0x00000006
core   0: 0x8000586e (0x00000001) c.nop
core   0: 3 0x8000586e (0x0001)
core   0: 0x80005870 (0x03eceeb3) rem     t4, s9, t5
core   0: 3 0x80005870 (0x03eceeb3) x29 0x00000000
core   0: 0x80005874 (0x03ef6733) rem     a4, t5, t5
core   0: 3 0x80005874 (0x03ef6733) x14 0x00000000
core   0: 0x80005878 (0x02ef27b3) mulhsu  a5, t5, a4
core   0: 3 0x80005878 (0x02ef27b3) x15 0x00000000
core   0: 0x8000587c (0x03d10f33) mul     t5, sp, t4
core   0: 3 0x8000587c (0x03d10f33) x30 0x00000000
core   0: 0x80005880 (0x00f100b3) add     ra, sp, a5
core   0: 3 0x80005880 (0x00f100b3) x 1 0x00000000
core   0: 0x80005884 (0x03e3a133) mulhsu  sp, t2, t5
core   0: 3 0x80005884 (0x03e3a133) x 2 0x00000000
core   0: 0x80005888 (0xf5e10113) addi    sp, sp, -162
core   0: 3 0x80005888 (0xf5e10113) x 2 0xffffff5e
core   0: 0x8000588c (0x42c34137) lui     sp, 0x42c34
core   0: 3 0x8000588c (0x42c34137) x 2 0x42c34000
core   0: 0x80005890 (0x03511f33) mulh    t5, sp, s5
core   0: 3 0x80005890 (0x03511f33) x30 0x00000000
core   0: 0x80005894 (0x027cf733) remu    a4, s9, t2
core   0: 3 0x80005894 (0x027cf733) x14 0x00000000
core   0: 0x80005898 (0x03eab0b3) mulhu   ra, s5, t5
core   0: 3 0x80005898 (0x03eab0b3) x 1 0x00000000
core   0: 0x8000589c (0x00000001) c.nop
core   0: 3 0x8000589c (0x0001)
core   0: 0x8000589e (0xf0030cb7) lui     s9, 0xf0030
core   0: 3 0x8000589e (0xf0030cb7) x25 0xf0030000
core   0: 0x800058a2 (0x007f0133) add     sp, t5, t2
core   0: 3 0x800058a2 (0x007f0133) x 2 0xffffffff
core   0: 0x800058a6 (0x03d76eb3) rem     t4, a4, t4
core   0: 3 0x800058a6 (0x03d76eb3) x29 0x00000000
core   0: 0x800058aa (0x00fb80b3) add     ra, s7, a5
core   0: 3 0x800058aa (0x00fb80b3) x 1 0x80000000
core   0: 0x800058ae (0x82e10113) addi    sp, sp, -2002
core   0: 3 0x800058ae (0x82e10113) x 2 0xfffff82d
core   0: 0x800058b2 (0x035cf733) remu    a4, s9, s5
core   0: 3 0x800058b2 (0x035cf733) x14 0xf0030000
core   0: 0x800058b6 (0x00000001) c.nop
core   0: 3 0x800058b6 (0x0001)
core   0: 0x800058b8 (0x0377ef33) rem     t5, a5, s7
core   0: 3 0x800058b8 (0x0377ef33) x30 0x00000000
core   0: 0x800058bc (0x00815993) srli    s3, sp, 8
core   0: 3 0x800058bc (0x00815993) x19 0x00fffff8
core   0: 0x800058c0 (0x000098fd) c.andi  s1, -1
core   0: 3 0x800058c0 (0x98fd) x 9 0xffffffc1
core   0: 0x800058c2 (0x0034b1b3) sltu    gp, s1, gp
core   0: 3 0x800058c2 (0x0034b1b3) x 3 0x00000000
core   0: 0x800058c6 (0x00258bb3) add     s7, a1, sp
core   0: 3 0x800058c6 (0x00258bb3) x23 0x800422f1
core   0: 0x800058ca (0x419a06b3) sub     a3, s4, s9
core   0: 3 0x800058ca (0x419a06b3) x13 0x8ffdfe64
core   0: 0x800058ce (0x000003e1) c.addi  t2, 24
core   0: 3 0x800058ce (0x03e1) x 7 0x00000017
core   0: 0x800058d0 (0x00008e61) c.and   a2, s0
core   0: 3 0x800058d0 (0x8e61) x12 0x00000200
core   0: 0x800058d2 (0x41258633) sub     a2, a1, s2
core   0: 3 0x800058d2 (0x41258633) x12 0x80042ac3
core   0: 0x800058d6 (0x00000001) c.nop
core   0: 3 0x800058d6 (0x0001)
core   0: 0x800058d8 (0xcc470e17) auipc   t3, 0xcc470
core   0: 3 0x800058d8 (0xcc470e17) x28 0x4c4758d8
core   0: 0x800058dc (0x078f4913) xori    s2, t5, 120
core   0: 3 0x800058dc (0x078f4913) x18 0x00000078
core   0: 0x800058e0 (0x41135013) srai    zero, t1, 17
core   0: 3 0x800058e0 (0x41135013)
core   0: 0x800058e4 (0x01ecad33) slt     s10, s9, t5
core   0: 3 0x800058e4 (0x01ecad33) x26 0x00000001
core   0: 0x800058e8 (0x035b56b3) divu    a3, s6, s5
core   0: 3 0x800058e8 (0x035b56b3) x13 0xffffffff
core   0: 0x800058ec (0xd6de6f13) ori     t5, t3, -659
core   0: 3 0x800058ec (0xd6de6f13) x30 0xfffffdfd
core   0: 0x800058f0 (0x0000717d) c.addi16sp sp, -16
core   0: 3 0x800058f0 (0x717d) x 2 0xfffff81d
core   0: 0x800058f2 (0x000081ae) c.mv    gp, a1
core   0: 3 0x800058f2 (0x81ae) x 3 0x80042ac4
core   0: 0x800058f4 (0x25c34793) xori    a5, t1, 604
core   0: 3 0x800058f4 (0x25c34793) x15 0x8000025c
core   0: 0x800058f8 (0x01fd9d33) sll     s10, s11, t6
core   0: 3 0x800058f8 (0x01fd9d33) x26 0x04800000
core   0: 0x800058fc (0x00008e1d) c.sub   a2, a5
core   0: 3 0x800058fc (0x8e1d) x12 0x00042867
core   0: 0x800058fe (0x012ca133) slt     sp, s9, s2
core   0: 3 0x800058fe (0x012ca133) x 2 0x00000001
core   0: 0x80005902 (0x01309613) slli    a2, ra, 19
core   0: 3 0x80005902 (0x01309613) x12 0x00000000
core   0: 0x80005906 (0xcb0bb113) sltiu   sp, s7, -848
core   0: 3 0x80005906 (0xcb0bb113) x 2 0x00000001
core   0: 0x8000590a (0x00000001) c.nop
core   0: 3 0x8000590a (0x0001)
core   0: 0x8000590c (0x00006c79) c.lui   s8, 0x1e
core   0: 3 0x8000590c (0x6c79) x24 0x0001e000
core   0: 0x8000590e (0x039416b3) mulh    a3, s0, s9
core   0: 3 0x8000590e (0x039416b3) x13 0x000ffcdd
core   0: 0x80005912 (0x020b0833) mul     a6, s6, zero
core   0: 3 0x80005912 (0x020b0833) x16 0x00000000
core   0: 0x80005916 (0x0222aab3) mulhsu  s5, t0, sp
core   0: 3 0x80005916 (0x0222aab3) x21 0x00000000
core   0: 0x8000591a (0x00000c80) c.addi4spn s0, sp, 592
core   0: 3 0x8000591a (0x0c80) x 8 0x00000251
core   0: 0x8000591c (0xcdc10b13) addi    s6, sp, -804
core   0: 3 0x8000591c (0xcdc10b13) x22 0xfffffcdd
core   0: 0x80005920 (0x0315d033) divu    zero, a1, a7
core   0: 3 0x80005920 (0x0315d033)
core   0: 0x80005924 (0x03125e33) divu    t3, tp, a7
core   0: 3 0x80005924 (0x03125e33) x28 0xffffffff
core   0: 0x80005928 (0x00008fd9) c.or    a5, a4
core   0: 3 0x80005928 (0x8fd9) x15 0xf003025c
core   0: 0x8000592a (0xd3067513) andi    a0, a2, -720
core   0: 3 0x8000592a (0xd3067513) x10 0x00000000
core   0: 0x8000592e (0x01f60433) add     s0, a2, t6
core   0: 3 0x8000592e (0x01f60433) x 8 0x8000fe75
core   0: 0x80005932 (0x0374dc33) divu    s8, s1, s7
core   0: 3 0x80005932 (0x0374dc33) x24 0x00000001
core   0: 0x80005936 (0x03bee433) rem     s0, t4, s11
core   0: 3 0x80005936 (0x03bee433) x 8 0x00000000
core   0: 0x8000593a (0x014c1c33) sll     s8, s8, s4
core   0: 3 0x8000593a (0x014c1c33) x24 0x00000010
core   0: 0x8000593e (0x037d43b3) div     t2, s10, s7
core   0: 3 0x8000593e (0x037d43b3) x 7 0x00000000
core   0: 0x80005942 (0x41f88933) sub     s2, a7, t6
core   0: 3 0x80005942 (0x41f88933) x18 0x7fff018b
core   0: 0x80005946 (0x00001094) c.addi4spn a3, sp, 96
core   0: 3 0x80005946 (0x1094) x13 0x00000061
core   0: 0x80005948 (0x0000840d) c.srai  s0, 3
core   0: 3 0x80005948 (0x840d) x 8 0x00000000
core   0: 0x8000594a (0x006639b3) sltu    s3, a2, t1
core   0: 3 0x8000594a (0x006639b3) x19 0x00000001
core   0: 0x8000594e (0x000019fd) c.addi  s3, -1
core   0: 3 0x8000594e (0x19fd) x19 0x00000000
core   0: 0x80005950 (0x00008e96) c.mv    t4, t0
core   0: 3 0x80005950 (0x8e96) x29 0x0000001b
core   0: 0x80005952 (0x022b6bb3) rem     s7, s6, sp
core   0: 3 0x80005952 (0x022b6bb3) x23 0x00000000
core   0: 0x80005956 (0x7c84a613) slti    a2, s1, 1992
core   0: 3 0x80005956 (0x7c84a613) x12 0x00000001
core   0: 0x8000595a (0x0000836d) c.srli  a4, 27
core   0: 3 0x8000595a (0x836d) x14 0x0000001e
core   0: 0x8000595c (0x02554f33) div     t5, a0, t0
core   0: 3 0x8000595c (0x02554f33) x30 0x00000000
core   0: 0x80005960 (0x018f1033) sll     zero, t5, s8
core   0: 3 0x80005960 (0x018f1033)
core   0: 0x80005964 (0x00009bea) c.add   s7, s10
core   0: 3 0x80005964 (0x9bea) x23 0x04800000
core   0: 0x80005966 (0x00295813) srli    a6, s2, 2
core   0: 3 0x80005966 (0x00295813) x16 0x1fffc062
core   0: 0x8000596a (0x00009b92) c.add   s7, tp
core   0: 3 0x8000596a (0x9b92) x23 0x84813ce4
core   0: 0x8000596c (0x00d37533) and     a0, t1, a3
core   0: 3 0x8000596c (0x00d37533) x10 0x00000000
core   0: 0x80005970 (0x00000001) c.nop
core   0: 3 0x80005970 (0x0001)
core   0: 0x80005972 (0x19334493) xori    s1, t1, 403
core   0: 3 0x80005972 (0x19334493) x 9 0x80000193
core   0: 0x80005976 (0x00000001) c.nop
core   0: 3 0x80005976 (0x0001)
core   0: 0x80005978 (0x00008c5d) c.or    s0, a5
core   0: 3 0x80005978 (0x8c5d) x 8 0xf003025c
core   0: 0x8000597a (0x000a8cb3) add     s9, s5, zero
core   0: 3 0x8000597a (0x000a8cb3) x25 0x00000000
core   0: 0x8000597e (0x41c00cb3) sub     s9, zero, t3
core   0: 3 0x8000597e (0x41c00cb3) x25 0x00000001
core   0: 0x80005982 (0x411adf33) sra     t5, s5, a7
core   0: 3 0x80005982 (0x411adf33) x30 0x00000000
core   0: 0x80005986 (0x03efb9b3) mulhu   s3, t6, t5
core   0: 3 0x80005986 (0x03efb9b3) x19 0x00000000
core   0: 0x8000598a (0x00000001) c.nop
core   0: 3 0x8000598a (0x0001)
core   0: 0x8000598c (0xe1044f93) xori    t6, s0, -496
core   0: 3 0x8000598c (0xe1044f93) x31 0x0ffcfc4c
core   0: 0x80005990 (0x9f29f893) andi    a7, s3, -1550
core   0: 3 0x80005990 (0x9f29f893) x17 0x00000000
core   0: 0x80005994 (0x00008afe) c.mv    s5, t6
core   0: 3 0x80005994 (0x8afe) x21 0x0ffcfc4c
core   0: 0x80005996 (0x94248513) addi    a0, s1, -1726
core   0: 3 0x80005996 (0x94248513) x10 0x7ffffad5
core   0: 0x8000599a (0x00791733) sll     a4, s2, t2
core   0: 3 0x8000599a (0x00791733) x14 0x7fff018b
core   0: 0x8000599e (0x023f3433) mulhu   s0, t5, gp
core   0: 3 0x8000599e (0x023f3433) x 8 0x00000000
core   0: 0x800059a2 (0x40acda93) srai    s5, s9, 10
core   0: 3 0x800059a2 (0x40acda93) x21 0x00000000
core   0: 0x800059a6 (0x95950d93) addi    s11, a0, -1703
core   0: 3 0x800059a6 (0x95950d93) x27 0x7ffff42e
core   0: 0x800059aa (0x00008b1a) c.mv    s6, t1
core   0: 3 0x800059aa (0x8b1a) x22 0x80000000
core   0: 0x800059ac (0x0133b633) sltu    a2, t2, s3
core   0: 3 0x800059ac (0x0133b633) x12 0x00000000
core   0: 0x800059b0 (0x00008699) c.srai  a3, 6
core   0: 3 0x800059b0 (0x8699) x13 0x00000001
core   0: 0x800059b2 (0x013e29b3) slt     s3, t3, s3
core   0: 3 0x800059b2 (0x013e29b3) x19 0x00000001
core   0: 0x800059b6 (0x0000827d) c.srli  a2, 31
core   0: 3 0x800059b6 (0x827d) x12 0x00000000
core   0: 0x800059b8 (0x000099e6) c.add   s3, s9
core   0: 3 0x800059b8 (0x99e6) x19 0x00000002
core   0: 0x800059ba (0x019f9833) sll     a6, t6, s9
core   0: 3 0x800059ba (0x019f9833) x16 0x1ff9f898
core   0: 0x800059be (0x00004d19) c.li    s10, 6
core   0: 3 0x800059be (0x4d19) x26 0x00000006
core   0: 0x800059c0 (0xe1a9f037) lui     zero, 0xe1a9f
core   0: 3 0x800059c0 (0xe1a9f037)
core   0: 0x800059c4 (0x00008e79) c.and   a2, a4
core   0: 3 0x800059c4 (0x8e79) x12 0x00000000
core   0: 0x800059c6 (0x78497db7) lui     s11, 0x78497
core   0: 3 0x800059c6 (0x78497db7) x27 0x78497000
core   0: 0x800059ca (0x00000001) c.nop
core   0: 3 0x800059ca (0x0001)
core   0: 0x800059cc (0x35e96f37) lui     t5, 0x35e96
core   0: 3 0x800059cc (0x35e96f37) x30 0x35e96000
core   0: 0x800059d0 (0x0359f4b3) remu    s1, s3, s5
core   0: 3 0x800059d0 (0x0359f4b3) x 9 0x00000002
core   0: 0x800059d4 (0x40c283b3) sub     t2, t0, a2
core   0: 3 0x800059d4 (0x40c283b3) x 7 0x0000001b
core   0: 0x800059d8 (0x0064e1b3) or      gp, s1, t1
core   0: 3 0x800059d8 (0x0064e1b3) x 3 0x80000002
core   0: 0x800059dc (0x00006139) c.addi16sp sp, 448
core   0: 3 0x800059dc (0x6139) x 2 0x000001c1
core   0: 0x800059de (0x00004bf1) c.li    s7, 28
core   0: 3 0x800059de (0x4bf1) x23 0x0000001c
core   0: 0x800059e0 (0x0029b193) sltiu   gp, s3, 2
core   0: 3 0x800059e0 (0x0029b193) x 3 0x00000000
core   0: 0x800059e4 (0x0000859d) c.srai  a1, 7
core   0: 3 0x800059e4 (0x859d) x11 0xff000855
core   0: 0x800059e6 (0x00e1ee33) or      t3, gp, a4
core   0: 3 0x800059e6 (0x00e1ee33) x28 0x7fff018b
core   0: 0x800059ea (0x00009afd) c.andi  a3, -1
core   0: 3 0x800059ea (0x9afd) x13 0x00000001
core   0: 0x800059ec (0x41bd0633) sub     a2, s10, s11
core   0: 3 0x800059ec (0x41bd0633) x12 0x87b69006
core   0: 0x800059f0 (0x558a3c13) sltiu   s8, s4, 1368
core   0: 3 0x800059f0 (0x558a3c13) x24 0x00000000
core   0: 0x800059f4 (0x0000042a) c.slli  s0, 10
core   0: 3 0x800059f4 (0x042a) x 8 0x00000000
core   0: 0x800059f6 (0xed1a9617) auipc   a2, 0xed1a9
core   0: 3 0x800059f6 (0xed1a9617) x12 0x6d1ae9f6
core   0: 0x800059fa (0x0204f3b3) remu    t2, s1, zero
core   0: 3 0x800059fa (0x0204f3b3) x 7 0x00000002
core   0: 0x800059fe (0xa94bc693) xori    a3, s7, -1388
core   0: 3 0x800059fe (0xa94bc693) x13 0xfffffa88
core   0: 0x80005a02 (0x0000665d) c.lui   a2, 0x17
core   0: 3 0x80005a02 (0x665d) x12 0x00017000
core   0: 0x80005a04 (0x03fed3b3) divu    t2, t4, t6
core   0: 3 0x80005a04 (0x03fed3b3) x 7 0x00000000
core   0: 0x80005a08 (0x00008de9) c.and   a1, a0
core   0: 3 0x80005a08 (0x8de9) x11 0x7f000855
core   0: 0x80005a0a (0x0011f933) and     s2, gp, ra
core   0: 3 0x80005a0a (0x0011f933) x18 0x00000000
core   0: 0x80005a0e (0x40338fb3) sub     t6, t2, gp
core   0: 3 0x80005a0e (0x40338fb3) x31 0x00000000
core   0: 0x80005a12 (0x3e13fc93) andi    s9, t2, 993
core   0: 3 0x80005a12 (0x3e13fc93) x25 0x00000000
core   0: 0x80005a16 (0x74744093) xori    ra, s0, 1863
core   0: 3 0x80005a16 (0x74744093) x 1 0x00000747
core   0: 0x80005a1a (0x012f6ab3) or      s5, t5, s2
core   0: 3 0x80005a1a (0x012f6ab3) x21 0x35e96000
core   0: 0x80005a1e (0xeca57193) andi    gp, a0, -310
core   0: 3 0x80005a1e (0xeca57193) x 3 0x7ffffac0
core   0: 0x80005a22 (0xc5daff13) andi    t5, s5, -931
core   0: 3 0x80005a22 (0xc5daff13) x30 0x35e96000
core   0: 0x80005a26 (0x70bcfb93) andi    s7, s9, 1803
core   0: 3 0x80005a26 (0x70bcfb93) x23 0x00000000
core   0: 0x80005a2a (0x02527537) lui     a0, 0x2527
core   0: 3 0x80005a2a (0x02527537) x10 0x02527000
core   0: 0x80005a2e (0x232a8f13) addi    t5, s5, 562
core   0: 3 0x80005a2e (0x232a8f13) x30 0x35e96232
core   0: 0x80005a32 (0x03f29c33) mulh    s8, t0, t6
core   0: 3 0x80005a32 (0x03f29c33) x24 0x00000000
core   0: 0x80005a36 (0x00008551) c.srai  a0, 20
core   0: 3 0x80005a36 (0x8551) x10 0x00000025
core   0: 0x80005a38 (0x00000806) c.slli  a6, 1
core   0: 3 0x80005a38 (0x0806) x16 0x3ff3f130
core   0: 0x80005a3a (0x0228f9b3) remu    s3, a7, sp
core   0: 3 0x80005a3a (0x0228f9b3) x19 0x00000000
core   0: 0x80005a3e (0xe19a2e17) auipc   t3, 0xe19a2
core   0: 3 0x80005a3e (0xe19a2e17) x28 0x619a7a3e
core   0: 0x80005a42 (0x01e4d9b3) srl     s3, s1, t5
core   0: 3 0x80005a42 (0x01e4d9b3) x19 0x00000000
core   0: 0x80005a46 (0xce5c7693) andi    a3, s8, -795
core   0: 3 0x80005a46 (0xce5c7693) x13 0x00000000
core   0: 0x80005a4a (0x0352a1b3) mulhsu  gp, t0, s5
core   0: 3 0x80005a4a (0x0352a1b3) x 3 0x00000005
core   0: 0x80005a4e (0xe6e7b693) sltiu   a3, a5, -402
core   0: 3 0x80005a4e (0xe6e7b693) x13 0x00000001
core   0: 0x80005a52 (0x024712b3) mulh    t0, a4, tp
core   0: 3 0x80005a52 (0x024712b3) x 5 0xc0011dab
core   0: 0x80005a56 (0x5fcf7813) andi    a6, t5, 1532
core   0: 3 0x80005a56 (0x5fcf7813) x16 0x00000030
core   0: 0x80005a5a (0x00008cb5) c.xor   s1, a3
core   0: 3 0x80005a5a (0x8cb5) x 9 0x00000003
core   0: 0x80005a5c (0x008c5893) srli    a7, s8, 8
core   0: 3 0x80005a5c (0x008c5893) x17 0x00000000
core   0: 0x80005a60 (0xac7fb693) sltiu   a3, t6, -1337
core   0: 3 0x80005a60 (0xac7fb693) x13 0x00000001
core   0: 0x80005a64 (0x0f49a613) slti    a2, s3, 244
core   0: 3 0x80005a64 (0x0f49a613) x12 0x00000001
core   0: 0x80005a68 (0x00008e2a) c.mv    t3, a0
core   0: 3 0x80005a68 (0x8e2a) x28 0x00000025
core   0: 0x80005a6a (0x00008e21) c.xor   a2, s0
core   0: 3 0x80005a6a (0x8e21) x12 0x00000001
core   0: 0x80005a6c (0x00e4a133) slt     sp, s1, a4
core   0: 3 0x80005a6c (0x00e4a133) x 2 0x00000001
core   0: 0x80005a70 (0x00008d09) c.sub   a0, a0
core   0: 3 0x80005a70 (0x8d09) x10 0x00000000
core   0: 0x80005a72 (0x0182cbb3) xor     s7, t0, s8
core   0: 3 0x80005a72 (0x0182cbb3) x23 0xc0011dab
core   0: 0x80005a76 (0xbe1c5e97) auipc   t4, 0xbe1c5
core   0: 3 0x80005a76 (0xbe1c5e97) x29 0x3e1caa76
core   0: 0x80005a7a (0x4111d913) srai    s2, gp, 17
core   0: 3 0x80005a7a (0x4111d913) x18 0x00000000
core   0: 0x80005a7e (0x00008df5) c.and   a1, a3
core   0: 3 0x80005a7e (0x8df5) x11 0x00000001
core   0: 0x80005a80 (0x00008fa5) c.xor   a5, s1
core   0: 3 0x80005a80 (0x8fa5) x15 0xf003025f
core   0: 0x80005a82 (0x00008ce9) c.and   s1, a0
core   0: 3 0x80005a82 (0x8ce9) x 9 0x00000000
core   0: 0x80005a84 (0x03a94bb3) div     s7, s2, s10
core   0: 3 0x80005a84 (0x03a94bb3) x23 0x00000000
core   0: 0x80005a88 (0x016b8e33) add     t3, s7, s6
core   0: 3 0x80005a88 (0x016b8e33) x28 0x80000000
core   0: 0x80005a8c (0xb2c13193) sltiu   gp, sp, -1236
core   0: 3 0x80005a8c (0xb2c13193) x 3 0x00000001
core   0: 0x80005a90 (0x024a4133) div     sp, s4, tp
core   0: 3 0x80005a90 (0x024a4133) x 2 0x00000001
core   0: 0x80005a94 (0x027eccb3) div     s9, t4, t2
core   0: 3 0x80005a94 (0x027eccb3) x25 0xffffffff
core   0: 0x80005a98 (0x005a00b3) add     ra, s4, t0
core   0: 3 0x80005a98 (0x005a00b3) x 1 0x40021c0f
core   0: 0x80005a9c (0x00d54eb3) xor     t4, a0, a3
core   0: 3 0x80005a9c (0x00d54eb3) x29 0x00000001
core   0: 0x80005aa0 (0x001051b3) srl     gp, zero, ra
core   0: 3 0x80005aa0 (0x001051b3) x 3 0x00000000
core   0: 0x80005aa4 (0x5bbfc513) xori    a0, t6, 1467
core   0: 3 0x80005aa4 (0x5bbfc513) x10 0x000005bb
core   0: 0x80005aa8 (0x03227eb3) remu    t4, tp, s2
core   0: 3 0x80005aa8 (0x03227eb3) x29 0x80013ce4
core   0: 0x80005aac (0x000014fd) c.addi  s1, -1
core   0: 3 0x80005aac (0x14fd) x 9 0xffffffff
core   0: 0x80005aae (0x00008ead) c.xor   a3, a1
core   0: 3 0x80005aae (0x8ead) x13 0x00000000
core   0: 0x80005ab0 (0x00008c55) c.or    s0, a3
core   0: 3 0x80005ab0 (0x8c55) x 8 0x00000000
core   0: 0x80005ab2 (0x00008c3d) c.xor   s0, a5
core   0: 3 0x80005ab2 (0x8c3d) x 8 0xf003025f
core   0: 0x80005ab4 (0x0000918e) c.add   gp, gp
core   0: 3 0x80005ab4 (0x918e) x 3 0x00000000
core   0: 0x80005ab6 (0x00006875) c.lui   a6, 0x1d
core   0: 3 0x80005ab6 (0x6875) x16 0x0001d000
core   0: 0x80005ab8 (0x00d95c33) srl     s8, s2, a3
core   0: 3 0x80005ab8 (0x00d95c33) x24 0x00000000
core   0: 0x80005abc (0x00000001) c.nop
core   0: 3 0x80005abc (0x0001)
core   0: 0x80005abe (0x413d82b3) sub     t0, s11, s3
core   0: 3 0x80005abe (0x413d82b3) x 5 0x78497000
core   0: 0x80005ac2 (0x01117b33) and     s6, sp, a7
core   0: 3 0x80005ac2 (0x01117b33) x22 0x00000000
core   0: 0x80005ac6 (0xc2656113) ori     sp, a0, -986
core   0: 3 0x80005ac6 (0xc2656113) x 2 0xfffffdbf
core   0: 0x80005aca (0x000b06b3) add     a3, s6, zero
core   0: 3 0x80005aca (0x000b06b3) x13 0x00000000
core   0: 0x80005ace (0x010bf733) and     a4, s7, a6
core   0: 3 0x80005ace (0x010bf733) x14 0x00000000
core   0: 0x80005ad2 (0x0000828d) c.srli  a3, 3
core   0: 3 0x80005ad2 (0x828d) x13 0x00000000
core   0: 0x80005ad4 (0x0321b133) mulhu   sp, gp, s2
core   0: 3 0x80005ad4 (0x0321b133) x 2 0x00000000
core   0: 0x80005ad8 (0x001a1693) slli    a3, s4, 1
core   0: 3 0x80005ad8 (0x001a1693) x13 0x0001fcc8
core   0: 0x80005adc (0x00008f81) c.sub   a5, s0
core   0: 3 0x80005adc (0x8f81) x15 0x00000000
core   0: 0x80005ade (0x00006ef1) c.lui   t4, 0x1c
core   0: 3 0x80005ade (0x6ef1) x29 0x0001c000
core   0: 0x80005ae0 (0x0106edb3) or      s11, a3, a6
core   0: 3 0x80005ae0 (0x0106edb3) x27 0x0001fcc8
core   0: 0x80005ae4 (0x00008e22) c.mv    t3, s0
core   0: 3 0x80005ae4 (0x8e22) x28 0xf003025f
core   0: 0x80005ae6 (0x0378a833) mulhsu  a6, a7, s7
core   0: 3 0x80005ae6 (0x0378a833) x16 0x00000000
core   0: 0x80005aea (0x000c9013) slli    zero, s9, 0
core   0: 3 0x80005aea (0x000c9013)
core   0: 0x80005aee (0x00000116) c.slli  sp, 5
core   0: 3 0x80005aee (0x0116) x 2 0x00000000
core   0: 0x80005af0 (0x01cae033) or      zero, s5, t3
core   0: 3 0x80005af0 (0x01cae033)
core   0: 0x80005af4 (0xcf06d637) lui     a2, 0xcf06d
core   0: 3 0x80005af4 (0xcf06d637) x12 0xcf06d000
core   0: 0x80005af8 (0x00008e7d) c.and   a2, a5
core   0: 3 0x80005af8 (0x8e7d) x12 0x00000000
core   0: 0x80005afa (0x03e3f433) remu    s0, t2, t5
core   0: 3 0x80005afa (0x03e3f433) x 8 0x00000000
core   0: 0x80005afe (0x0140dab3) srl     s5, ra, s4
core   0: 3 0x80005afe (0x0140dab3) x21 0x040021c0
core   0: 0x80005b02 (0x013788b3) add     a7, a5, s3
core   0: 3 0x80005b02 (0x013788b3) x17 0x00000000
core   0: 0x80005b06 (0x02fb32b3) mulhu   t0, s6, a5
core   0: 3 0x80005b06 (0x02fb32b3) x 5 0x00000000
core   0: 0x80005b0a (0x11288893) addi    a7, a7, 274
core   0: 3 0x80005b0a (0x11288893) x17 0x00000112
core   0: 0x80005b0e (0x00006e45) c.lui   t3, 0x11
core   0: 3 0x80005b0e (0x6e45) x28 0x00011000
core   0: 0x80005b10 (0xb11e0393) addi    t2, t3, -1263
core   0: 3 0x80005b10 (0xb11e0393) x 7 0x00010b11
core   0: 0x80005b14 (0x00008e85) c.sub   a3, s1
core   0: 3 0x80005b14 (0x8e85) x13 0x0001fcc9
core   0: 0x80005b16 (0x4006dc33) sra     s8, a3, zero
core   0: 3 0x80005b16 (0x4006dc33) x24 0x0001fcc9
core   0: 0x80005b1a (0x41a11b37) lui     s6, 0x41a11
core   0: 3 0x80005b1a (0x41a11b37) x22 0x41a11000
core   0: 0x80005b1e (0x00004cc1) c.li    s9, 16
core   0: 3 0x80005b1e (0x4cc1) x25 0x00000010
core   0: 0x80005b20 (0x40d4d813) srai    a6, s1, 13
core   0: 3 0x80005b20 (0x40d4d813) x16 0xffffffff
core   0: 0x80005b24 (0x00000001) c.nop
core   0: 3 0x80005b24 (0x0001)
core   0: 0x80005b26 (0x00008ea5) c.xor   a3, s1
core   0: 3 0x80005b26 (0x8ea5) x13 0xfffe0336
core   0: 0x80005b28 (0x0000809a) c.mv    ra, t1
core   0: 3 0x80005b28 (0x809a) x 1 0x80000000
core   0: 0x80005b2a (0x41cad113) srai    sp, s5, 28
core   0: 3 0x80005b2a (0x41cad113) x 2 0x00000000
core   0: 0x80005b2e (0x03b1edb3) rem     s11, gp, s11
core   0: 3 0x80005b2e (0x03b1edb3) x27 0x00000000
core   0: 0x80005b32 (0x02f4d7b3) divu    a5, s1, a5
core   0: 3 0x80005b32 (0x02f4d7b3) x15 0xffffffff
core   0: 0x80005b36 (0x00000980) c.addi4spn s0, sp, 208
core   0: 3 0x80005b36 (0x0980) x 8 0x000000d0
core   0: 0x80005b38 (0x00006fed) c.lui   t6, 0x1b
core   0: 3 0x80005b38 (0x6fed) x31 0x0001b000
core   0: 0x80005b3a (0x01f1f133) and     sp, gp, t6
core   0: 3 0x80005b3a (0x01f1f133) x 2 0x00000000
core   0: 0x80005b3e (0x4035d693) srai    a3, a1, 3
core   0: 3 0x80005b3e (0x4035d693) x13 0x00000000
core   0: 0x80005b42 (0x0206f2b3) remu    t0, a3, zero
core   0: 3 0x80005b42 (0x0206f2b3) x 5 0x00000000
core   0: 0x80005b46 (0x00000001) c.nop
core   0: 3 0x80005b46 (0x0001)
core   0: 0x80005b48 (0x02612ab3) mulhsu  s5, sp, t1
core   0: 3 0x80005b48 (0x02612ab3) x21 0x00000000
core   0: 0x80005b4c (0x00004901) c.li    s2, 0
core   0: 3 0x80005b4c (0x4901) x18 0x00000000
core   0: 0x80005b4e (0x00001d98) c.addi4spn a4, sp, 752
core   0: 3 0x80005b4e (0x1d98) x14 0x000002f0
core   0: 0x80005b50 (0x0000051e) c.slli  a0, 7
core   0: 3 0x80005b50 (0x051e) x10 0x0002dd80
core   0: 0x80005b52 (0x2545bf93) sltiu   t6, a1, 596
core   0: 3 0x80005b52 (0x2545bf93) x31 0x00000001
core   0: 0x80005b56 (0x03150033) mul     zero, a0, a7
core   0: 3 0x80005b56 (0x03150033)
core   0: 0x80005b5a (0x85824293) xori    t0, tp, -1960
core   0: 3 0x80005b5a (0x85824293) x 5 0x7ffec4bc
core   0: 0x80005b5e (0x00008095) c.srli  s1, 5
core   0: 3 0x80005b5e (0x8095) x 9 0x07ffffff
core   0: 0x80005b60 (0x00000001) c.nop
core   0: 3 0x80005b60 (0x0001)
core   0: 0x80005b62 (0x0169ec33) or      s8, s3, s6
core   0: 3 0x80005b62 (0x0169ec33) x24 0x41a11000
core   0: 0x80005b66 (0x03d127b3) mulhsu  a5, sp, t4
core   0: 3 0x80005b66 (0x03d127b3) x15 0x00000000
core   0: 0x80005b6a (0x00000480) c.addi4spn s0, sp, 576
core   0: 3 0x80005b6a (0x0480) x 8 0x00000240
core   0: 0x80005b6c (0x14b22613) slti    a2, tp, 331
core   0: 3 0x80005b6c (0x14b22613) x12 0x00000001
core   0: 0x80005b70 (0x00f2bab3) sltu    s5, t0, a5
core   0: 3 0x80005b70 (0x00f2bab3) x21 0x00000000
core   0: 0x80005b74 (0x00008e65) c.and   a2, s1
core   0: 3 0x80005b74 (0x8e65) x12 0x00000001
core   0: 0x80005b76 (0x80913813) sltiu   a6, sp, -2039
core   0: 3 0x80005b76 (0x80913813) x16 0x00000001
core   0: 0x80005b7a (0x41b38633) sub     a2, t2, s11
core   0: 3 0x80005b7a (0x41b38633) x12 0x00010b11
core   0: 0x80005b7e (0xea47aab7) lui     s5, 0xea47a
core   0: 3 0x80005b7e (0xea47aab7) x21 0xea47a000
core   0: 0x80005b82 (0xfad8c513) xori    a0, a7, -83
core   0: 3 0x80005b82 (0xfad8c513) x10 0xfffffebf
core   0: 0x80005b86 (0x02f438b3) mulhu   a7, s0, a5
core   0: 3 0x80005b86 (0x02f438b3) x17 0x00000000
core   0: 0x80005b8a (0x036792b3) mulh    t0, a5, s6
core   0: 3 0x80005b8a (0x036792b3) x 5 0x00000000
core   0: 0x80005b8e (0x60fa2113) slti    sp, s4, 1551
core   0: 3 0x80005b8e (0x60fa2113) x 2 0x00000001
core   0: 0x80005b92 (0x004986b3) add     a3, s3, tp
core   0: 3 0x80005b92 (0x004986b3) x13 0x80013ce4
core   0: 0x80005b96 (0x00000001) c.nop
core   0: 3 0x80005b96 (0x0001)
core   0: 0x80005b98 (0x03ffbb33) mulhu   s6, t6, t6
core   0: 3 0x80005b98 (0x03ffbb33) x22 0x00000000
core   0: 0x80005b9c (0x00284733) xor     a4, a6, sp
core   0: 3 0x80005b9c (0x00284733) x14 0x00000000
core   0: 0x80005ba0 (0x000086fa) c.mv    a3, t5
core   0: 3 0x80005ba0 (0x86fa) x13 0x35e96232
core   0: 0x80005ba2 (0xb2277e13) andi    t3, a4, -1246
core   0: 3 0x80005ba2 (0xb2277e13) x28 0x00000000
core   0: 0x80005ba6 (0x00008fdd) c.or    a5, a5
core   0: 3 0x80005ba6 (0x8fdd) x15 0x00000000
core   0: 0x80005ba8 (0x0180d693) srli    a3, ra, 24
core   0: 3 0x80005ba8 (0x0180d693) x13 0x00000080
core   0: 0x80005bac (0x01f3dc93) srli    s9, t2, 31
core   0: 3 0x80005bac (0x01f3dc93) x25 0x00000000
core   0: 0x80005bb0 (0x00154933) xor     s2, a0, ra
core   0: 3 0x80005bb0 (0x00154933) x18 0x7ffffebf
core   0: 0x80005bb4 (0x0df8bf13) sltiu   t5, a7, 223
core   0: 3 0x80005bb4 (0x0df8bf13) x30 0x00000001
core   0: 0x80005bb8 (0x0368eb33) rem     s6, a7, s6
core   0: 3 0x80005bb8 (0x0368eb33) x22 0x00000000
core   0: 0x80005bbc (0x02b75ab3) divu    s5, a4, a1
core   0: 3 0x80005bbc (0x02b75ab3) x21 0x00000000
core   0: 0x80005bc0 (0x012abb13) sltiu   s6, s5, 18
core   0: 3 0x80005bc0 (0x012abb13) x22 0x00000001
core   0: 0x80005bc4 (0x00008da5) c.xor   a1, s1
core   0: 3 0x80005bc4 (0x8da5) x11 0x07fffffe
core   0: 0x80005bc6 (0x000002dd) c.addi  t0, 23
core   0: 3 0x80005bc6 (0x02dd) x 5 0x00000017
core   0: 0x80005bc8 (0x02a37db3) remu    s11, t1, a0
core   0: 3 0x80005bc8 (0x02a37db3) x27 0x80000000
core   0: 0x80005bcc (0x00008fad) c.xor   a5, a1
core   0: 3 0x80005bcc (0x8fad) x15 0x07fffffe
core   0: 0x80005bce (0xfd5ca817) auipc   a6, 0xfd5ca
core   0: 3 0x80005bce (0xfd5ca817) x16 0x7d5cfbce
core   0: 0x80005bd2 (0x02c02733) mulhsu  a4, zero, a2
core   0: 3 0x80005bd2 (0x02c02733) x14 0x00000000
core   0: 0x80005bd6 (0xd995cf93) xori    t6, a1, -615
core   0: 3 0x80005bd6 (0xd995cf93) x31 0xf8000267
core   0: 0x80005bda (0x000098c6) c.add   a7, a7
core   0: 3 0x80005bda (0x98c6) x17 0x00000000
core   0: 0x80005bdc (0x02b3db33) divu    s6, t2, a1
core   0: 3 0x80005bdc (0x02b3db33) x22 0x00000000
core   0: 0x80005be0 (0xb0a8e137) lui     sp, 0xb0a8e
core   0: 3 0x80005be0 (0xb0a8e137) x 2 0xb0a8e000
core   0: 0x80005be4 (0x00649793) slli    a5, s1, 6
core   0: 3 0x80005be4 (0x00649793) x15 0xffffffc0
core   0: 0x80005be8 (0x00000f41) c.addi  t5, 16
core   0: 3 0x80005be8 (0x0f41) x30 0x00000011
core   0: 0x80005bea (0x5f51f813) andi    a6, gp, 1525
core   0: 3 0x80005bea (0x5f51f813) x16 0x00000000
core   0: 0x80005bee (0x00000001) c.nop
core   0: 3 0x80005bee (0x0001)
core   0: 0x80005bf0 (0x02ac81b3) mul     gp, s9, a0
core   0: 3 0x80005bf0 (0x02ac81b3) x 3 0x00000000
core   0: 0x80005bf4 (0x0000046a) c.slli  s0, 26
core   0: 3 0x80005bf4 (0x046a) x 8 0x00000000
core   0: 0x80005bf6 (0xb92d4e93) xori    t4, s10, -1134
core   0: 3 0x80005bf6 (0xb92d4e93) x29 0xfffffb94
core   0: 0x80005bfa (0x000087e2) c.mv    a5, s8
core   0: 3 0x80005bfa (0x87e2) x15 0x41a11000
core   0: 0x80005bfc (0x0374a0b3) mulhsu  ra, s1, s7
core   0: 3 0x80005bfc (0x0374a0b3) x 1 0x00000000
core   0: 0x80005c00 (0xf9d02c13) slti    s8, zero, -99
core   0: 3 0x80005c00 (0xf9d02c13) x24 0x00000000
core   0: 0x80005c04 (0x00000092) c.slli  ra, 4
core   0: 3 0x80005c04 (0x0092) x 1 0x00000000
core   0: 0x80005c06 (0x03d4d033) divu    zero, s1, t4
core   0: 3 0x80005c06 (0x03d4d033)
core   0: 0x80005c0a (0x01dd1633) sll     a2, s10, t4
core   0: 3 0x80005c0a (0x01dd1633) x12 0x00600000
core   0: 0x80005c0e (0x40cfde13) srai    t3, t6, 12
core   0: 3 0x80005c0e (0x40cfde13) x28 0xffff8000
core   0: 0x80005c12 (0x007920b3) slt     ra, s2, t2
core   0: 3 0x80005c12 (0x007920b3) x 1 0x00000000
core   0: 0x80005c16 (0x017a8d33) add     s10, s5, s7
core   0: 3 0x80005c16 (0x017a8d33) x26 0x00000000
core   0: 0x80005c1a (0x00008259) c.srli  a2, 22
core   0: 3 0x80005c1a (0x8259) x12 0x00000001
core   0: 0x80005c1c (0x02f743b3) div     t2, a4, a5
core   0: 3 0x80005c1c (0x02f743b3) x 7 0x00000000
core   0: 0x80005c20 (0x00006dbd) c.lui   s11, 0xf
core   0: 3 0x80005c20 (0x6dbd) x27 0x0000f000
core   0: 0x80005c22 (0x00008c05) c.sub   s0, s1
core   0: 3 0x80005c22 (0x8c05) x 8 0xf8000001
core   0: 0x80005c24 (0x00008de9) c.and   a1, a0
core   0: 3 0x80005c24 (0x8de9) x11 0x07fffebe
core   0: 0x80005c26 (0x02b01b33) mulh    s6, zero, a1
core   0: 3 0x80005c26 (0x02b01b33) x22 0x00000000
core   0: 0x80005c2a (0x418b0633) sub     a2, s6, s8
core   0: 3 0x80005c2a (0x418b0633) x12 0x00000000
core   0: 0x80005c2e (0x00006111) c.addi16sp sp, 256
core   0: 3 0x80005c2e (0x6111) x 2 0xb0a8e100
core   0: 0x80005c30 (0x0341acb3) mulhsu  s9, gp, s4
core   0: 3 0x80005c30 (0x0341acb3) x25 0x00000000
core   0: 0x80005c34 (0x02fcd3b3) divu    t2, s9, a5
core   0: 3 0x80005c34 (0x02fcd3b3) x 7 0x00000000
core   0: 0x80005c38 (0xab6b7c93) andi    s9, s6, -1354
core   0: 3 0x80005c38 (0xab6b7c93) x25 0x00000000
core   0: 0x80005c3c (0xf8187393) andi    t2, a6, -127
core   0: 3 0x80005c3c (0xf8187393) x 7 0x00000000
core   0: 0x80005c40 (0x55d1b893) sltiu   a7, gp, 1373
core   0: 3 0x80005c40 (0x55d1b893) x17 0x00000001
core   0: 0x80005c44 (0x00105f33) srl     t5, zero, ra
core   0: 3 0x80005c44 (0x00105f33) x30 0x00000000
core   0: 0x80005c48 (0x00000001) c.nop
core   0: 3 0x80005c48 (0x0001)
core   0: 0x80005c4a (0x2ae53193) sltiu   gp, a0, 686
core   0: 3 0x80005c4a (0x2ae53193) x 3 0x00000000
core   0: 0x80005c4e (0x035137b3) mulhu   a5, sp, s5
core   0: 3 0x80005c4e (0x035137b3) x15 0x00000000
core   0: 0x80005c52 (0x00000001) c.nop
core   0: 3 0x80005c52 (0x0001)
core   0: 0x80005c54 (0x01f062b3) or      t0, zero, t6
core   0: 3 0x80005c54 (0x01f062b3) x 5 0xf8000267
core   0: 0x80005c58 (0xfc427f13) andi    t5, tp, -60
core   0: 3 0x80005c58 (0xfc427f13) x30 0x80013cc4
core   0: 0x80005c5c (0x000003ae) c.slli  t2, 11
core   0: 3 0x80005c5c (0x03ae) x 7 0x00000000
core   0: 0x80005c5e (0x024ccd33) div     s10, s9, tp
core   0: 3 0x80005c5e (0x024ccd33) x26 0x00000000
core   0: 0x80005c62 (0x4030d713) srai    a4, ra, 3
core   0: 3 0x80005c62 (0x4030d713) x14 0x00000000
core   0: 0x80005c66 (0x00e86bb3) or      s7, a6, a4
core   0: 3 0x80005c66 (0x00e86bb3) x23 0x00000000
core   0: 0x80005c6a (0x6cf1a093) slti    ra, gp, 1743
core   0: 3 0x80005c6a (0x6cf1a093) x 1 0x00000001
core   0: 0x80005c6e (0x00008c75) c.and   s0, a3
core   0: 3 0x80005c6e (0x8c75) x 8 0x00000000
core   0: 0x80005c70 (0x3dfa2013) slti    zero, s4, 991
core   0: 3 0x80005c70 (0x3dfa2013)
core   0: 0x80005c74 (0x00001418) c.addi4spn a4, sp, 544
core   0: 3 0x80005c74 (0x1418) x14 0xb0a8e320
core   0: 0x80005c76 (0x012f6ab3) or      s5, t5, s2
core   0: 3 0x80005c76 (0x012f6ab3) x21 0xfffffeff
core   0: 0x80005c7a (0x014c1b13) slli    s6, s8, 20
core   0: 3 0x80005c7a (0x014c1b13) x22 0x00000000
core   0: 0x80005c7e (0x01629133) sll     sp, t0, s6
core   0: 3 0x80005c7e (0x01629133) x 2 0xf8000267
core   0: 0x80005c82 (0x402006b3) sub     a3, zero, sp
core   0: 3 0x80005c82 (0x402006b3) x13 0x07fffd99
core   0: 0x80005c86 (0x018013b3) sll     t2, zero, s8
core   0: 3 0x80005c86 (0x018013b3) x 7 0x00000000
core   0: 0x80005c8a (0x03d863b3) rem     t2, a6, t4
core   0: 3 0x80005c8a (0x03d863b3) x 7 0x00000000
core   0: 0x80005c8e (0x00000001) c.nop
core   0: 3 0x80005c8e (0x0001)
core   0: 0x80005c90 (0x0000717d) c.addi16sp sp, -16
core   0: 3 0x80005c90 (0x717d) x 2 0xf8000257
core   0: 0x80005c92 (0x00000e06) c.slli  t3, 1
core   0: 3 0x80005c92 (0x0e06) x28 0xffff0000
core   0: 0x80005c94 (0x923da193) slti    gp, s11, -1757
core   0: 3 0x80005c94 (0x923da193) x 3 0x00000000
core   0: 0x80005c98 (0xbfd6ed93) ori     s11, a3, -1027
core   0: 3 0x80005c98 (0xbfd6ed93) x27 0xfffffffd
core   0: 0x80005c9c (0x40970b33) sub     s6, a4, s1
core   0: 3 0x80005c9c (0x40970b33) x22 0xa8a8e321
core   0: 0x80005ca0 (0x00a13133) sltu    sp, sp, a0
core   0: 3 0x80005ca0 (0x00a13133) x 2 0x00000001
core   0: 0x80005ca4 (0x01855133) srl     sp, a0, s8
core   0: 3 0x80005ca4 (0x01855133) x 2 0xfffffebf
core   0: 0x80005ca8 (0x403e02b3) sub     t0, t3, gp
core   0: 3 0x80005ca8 (0x403e02b3) x 5 0xffff0000
core   0: 0x80005cac (0x00008d8d) c.sub   a1, a1
core   0: 3 0x80005cac (0x8d8d) x11 0x00000000
core   0: 0x80005cae (0x00008af5) c.andi  a3, 29
core   0: 3 0x80005cae (0x8af5) x13 0x00000019
core   0: 0x80005cb0 (0x01401413) slli    s0, zero, 20
core   0: 3 0x80005cb0 (0x01401413) x 8 0x00000000
core   0: 0x80005cb4 (0x000066bd) c.lui   a3, 0xf
core   0: 3 0x80005cb4 (0x66bd) x13 0x0000f000
core   0: 0x80005cb6 (0x01339293) slli    t0, t2, 19
core   0: 3 0x80005cb6 (0x01339293) x 5 0x00000000
core   0: 0x80005cba (0x2dd6f717) auipc   a4, 0x2dd6f
core   0: 3 0x80005cba (0x2dd6f717) x14 0xadd74cba
core   0: 0x80005cbe (0x03c0d833) divu    a6, ra, t3
core   0: 3 0x80005cbe (0x03c0d833) x16 0x00000000
core   0: 0x80005cc2 (0x00008bbe) c.mv    s7, a5
core   0: 3 0x80005cc2 (0x8bbe) x23 0x00000000
core   0: 0x80005cc4 (0xf1612993) slti    s3, sp, -234
core   0: 3 0x80005cc4 (0xf1612993) x19 0x00000001
core   0: 0x80005cc8 (0x0000717d) c.addi16sp sp, -16
core   0: 3 0x80005cc8 (0x717d) x 2 0xfffffeaf
core   0: 0x80005cca (0x00009f92) c.add   t6, tp
core   0: 3 0x80005cca (0x9f92) x31 0x78013f4b
core   0: 0x80005ccc (0x4ee88617) auipc   a2, 0x4ee88
core   0: 3 0x80005ccc (0x4ee88617) x12 0xcee8dccc
core   0: 0x80005cd0 (0x018a6ab3) or      s5, s4, s8
core   0: 3 0x80005cd0 (0x018a6ab3) x21 0x8000fe64
core   0: 0x80005cd4 (0x00009bee) c.add   s7, s11
core   0: 3 0x80005cd4 (0x9bee) x23 0xfffffffd
core   0: 0x80005cd6 (0x01105513) srli    a0, zero, 17
core   0: 3 0x80005cd6 (0x01105513) x10 0x00000000
core   0: 0x80005cda (0x0013dc33) srl     s8, t2, ra
core   0: 3 0x80005cda (0x0013dc33) x24 0x00000000
core   0: 0x80005cde (0x00008cf9) c.and   s1, a4
core   0: 3 0x80005cde (0x8cf9) x 9 0x05d74cba
core   0: 0x80005ce0 (0x00204fb3) xor     t6, zero, sp
core   0: 3 0x80005ce0 (0x00204fb3) x31 0xfffffeaf
core   0: 0x80005ce4 (0x40105393) srai    t2, zero, 1
core   0: 3 0x80005ce4 (0x40105393) x 7 0x00000000
core   0: 0x80005ce8 (0x6883bb93) sltiu   s7, t2, 1672
core   0: 3 0x80005ce8 (0x6883bb93) x23 0x00000001
core   0: 0x80005cec (0x05664e13) xori    t3, a2, 86
core   0: 3 0x80005cec (0x05664e13) x28 0xcee8dc9a
core   0: 0x80005cf0 (0x038a8cb3) mul     s9, s5, s8
core   0: 3 0x80005cf0 (0x038a8cb3) x25 0x00000000
core   0: 0x80005cf4 (0x00008c49) c.or    s0, a0
core   0: 3 0x80005cf4 (0x8c49) x 8 0x00000000
core   0: 0x80005cf6 (0x00cf1393) slli    t2, t5, 12
core   0: 3 0x80005cf6 (0x00cf1393) x 7 0x13cc4000
core   0: 0x80005cfa (0x403f84b3) sub     s1, t6, gp
core   0: 3 0x80005cfa (0x403f84b3) x 9 0xfffffeaf
core   0: 0x80005cfe (0x414e5433) sra     s0, t3, s4
core   0: 3 0x80005cfe (0x414e5433) x 8 0xfcee8dc9
core   0: 0x80005d02 (0x00000001) c.nop
core   0: 3 0x80005d02 (0x0001)
core   0: 0x80005d04 (0x00008a71) c.andi  a2, 28
core   0: 3 0x80005d04 (0x8a71) x12 0x0000000c
core   0: 0x80005d06 (0x000083e5) c.srli  a5, 25
core   0: 3 0x80005d06 (0x83e5) x15 0x00000000
core   0: 0x80005d08 (0x6f9a6d13) ori     s10, s4, 1785
core   0: 3 0x80005d08 (0x6f9a6d13) x26 0x8000fefd
core   0: 0x80005d0c (0x00000001) c.nop
core   0: 3 0x80005d0c (0x0001)
core   0: 0x80005d0e (0x408682b3) sub     t0, a3, s0
core   0: 3 0x80005d0e (0x408682b3) x 5 0x03126237
core   0: 0x80005d12 (0x00005f7d) c.li    t5, -1
core   0: 3 0x80005d12 (0x5f7d) x30 0xffffffff
core   0: 0x80005d14 (0x00008525) c.srai  a0, 9
core   0: 3 0x80005d14 (0x8525) x10 0x00000000
core   0: 0x80005d16 (0x00008e99) c.sub   a3, a4
core   0: 3 0x80005d16 (0x8e99) x13 0x5229a346
core   0: 0x80005d18 (0x010893b3) sll     t2, a7, a6
core   0: 3 0x80005d18 (0x010893b3) x 7 0x00000001
core   0: 0x80005d1c (0x012c0033) add     zero, s8, s2
core   0: 3 0x80005d1c (0x012c0033)
core   0: 0x80005d20 (0x00008f51) c.or    a4, a2
core   0: 3 0x80005d20 (0x8f51) x14 0xadd74cbe
core   0: 0x80005d22 (0x00000001) c.nop
core   0: 3 0x80005d22 (0x0001)
core   0: 0x80005d24 (0x03193c33) mulhu   s8, s2, a7
core   0: 3 0x80005d24 (0x03193c33) x24 0x00000000
core   0: 0x80005d28 (0x0054d933) srl     s2, s1, t0
core   0: 3 0x80005d28 (0x0054d933) x18 0x000001ff
core   0: 0x80005d2c (0x02449833) mulh    a6, s1, tp
core   0: 3 0x80005d2c (0x02449833) x16 0x000000a8
core   0: 0x80005d30 (0x00008f65) c.and   a4, s1
core   0: 3 0x80005d30 (0x8f65) x14 0xadd74cae
core   0: 0x80005d32 (0xe2374297) auipc   t0, 0xe2374
core   0: 3 0x80005d32 (0xe2374297) x 5 0x62379d32
core   0: 0x80005d36 (0x00006119) c.addi16sp sp, 384
core   0: 3 0x80005d36 (0x6119) x 2 0x0000002f
core   0: 0x80005d38 (0x000003be) c.slli  t2, 15
core   0: 3 0x80005d38 (0x03be) x 7 0x00008000
core   0: 0x80005d3a (0x00008eb9) c.xor   a3, a4
core   0: 3 0x80005d3a (0x8eb9) x13 0xfffeefe8
core   0: 0x80005d3c (0x00008712) c.mv    a4, tp
core   0: 3 0x80005d3c (0x8712) x14 0x80013ce4
core   0: 0x80005d3e (0x027b9633) mulh    a2, s7, t2
core   0: 3 0x80005d3e (0x027b9633) x12 0x00000000
core   0: 0x80005d42 (0x005d16b3) sll     a3, s10, t0
core   0: 3 0x80005d42 (0x005d16b3) x13 0xfbf40000
core   0: 0x80005d46 (0x00006d79) c.lui   s10, 0x1e
core   0: 3 0x80005d46 (0x6d79) x26 0x0001e000
core   0: 0x80005d48 (0x00008d65) c.and   a0, s1
core   0: 3 0x80005d48 (0x8d65) x10 0x00000000
core   0: 0x80005d4a (0x00000eb6) c.slli  t4, 13
core   0: 3 0x80005d4a (0x0eb6) x29 0xff728000
core   0: 0x80005d4c (0x00a9eab3) or      s5, s3, a0
core   0: 3 0x80005d4c (0x00a9eab3) x21 0x00000001
core   0: 0x80005d50 (0x010daab3) slt     s5, s11, a6
core   0: 3 0x80005d50 (0x010daab3) x21 0x00000001
core   0: 0x80005d54 (0x000055fd) c.li    a1, -1
core   0: 3 0x80005d54 (0x55fd) x11 0xffffffff
core   0: 0x80005d56 (0x40805613) srai    a2, zero, 8
core   0: 3 0x80005d56 (0x40805613) x12 0x00000000
core   0: 0x80005d5a (0x00819933) sll     s2, gp, s0
core   0: 3 0x80005d5a (0x00819933) x18 0x00000000
core   0: 0x80005d5e (0x00c1ddb3) srl     s11, gp, a2
core   0: 3 0x80005d5e (0x00c1ddb3) x27 0x00000000
core   0: 0x80005d62 (0x00000b0c) c.addi4spn a1, sp, 400
core   0: 3 0x80005d62 (0x0b0c) x11 0x000001bf
core   0: 0x80005d64 (0x000082fd) c.srli  a3, 31
core   0: 3 0x80005d64 (0x82fd) x13 0x00000001
core   0: 0x80005d66 (0x017df533) and     a0, s11, s7
core   0: 3 0x80005d66 (0x017df533) x10 0x00000000
core   0: 0x80005d6a (0x00008ccd) c.or    s1, a1
core   0: 3 0x80005d6a (0x8ccd) x 9 0xffffffbf
core   0: 0x80005d6c (0x00009126) c.add   sp, s1
core   0: 3 0x80005d6c (0x9126) x 2 0xffffffee
core   0: 0x80005d6e (0x0189da93) srli    s5, s3, 24
core   0: 3 0x80005d6e (0x0189da93) x21 0x00000000
core   0: 0x80005d72 (0xb5944113) xori    sp, s0, -1191
core   0: 3 0x80005d72 (0xb5944113) x 2 0x03117690
core   0: 0x80005d76 (0x008c9db3) sll     s11, s9, s0
core   0: 3 0x80005d76 (0x008c9db3) x27 0x00000000
core   0: 0x80005d7a (0xd6628d93) addi    s11, t0, -666
core   0: 3 0x80005d7a (0xd6628d93) x27 0x62379a98
core   0: 0x80005d7e (0x0e797a93) andi    s5, s2, 231
core   0: 3 0x80005d7e (0x0e797a93) x21 0x00000000
core   0: 0x80005d82 (0x00a6dbb3) srl     s7, a3, a0
core   0: 3 0x80005d82 (0x00a6dbb3) x23 0x00000001
core   0: 0x80005d86 (0x0000717d) c.addi16sp sp, -16
core   0: 3 0x80005d86 (0x717d) x 2 0x03117680
core   0: 0x80005d88 (0x000081a5) c.srli  a1, 9
core   0: 3 0x80005d88 (0x81a5) x11 0x00000000
core   0: 0x80005d8a (0x022fdcb3) divu    s9, t6, sp
core   0: 3 0x80005d8a (0x022fdcb3) x25 0x00000053
core   0: 0x80005d8e (0x4b282713) slti    a4, a6, 1202
core   0: 3 0x80005d8e (0x4b282713) x14 0x00000001
core   0: 0x80005d92 (0x00008f05) c.sub   a4, s1
core   0: 3 0x80005d92 (0x8f05) x14 0x00000042
core   0: 0x80005d94 (0x01e08933) add     s2, ra, t5
core   0: 3 0x80005d94 (0x01e08933) x18 0x00000000
core   0: 0x80005d98 (0x0173ee33) or      t3, t2, s7
core   0: 3 0x80005d98 (0x0173ee33) x28 0x00008001
core   0: 0x80005d9c (0x00ece833) or      a6, s9, a4
core   0: 3 0x80005d9c (0x00ece833) x16 0x00000053
core   0: 0x80005da0 (0x00006ed5) c.lui   t4, 0x15
core   0: 3 0x80005da0 (0x6ed5) x29 0x00015000
core   0: 0x80005da2 (0x00008d6d) c.and   a0, a1
core   0: 3 0x80005da2 (0x8d6d) x10 0x00000000
core   0: 0x80005da4 (0x000017fd) c.addi  a5, -1
core   0: 3 0x80005da4 (0x17fd) x15 0xffffffff
core   0: 0x80005da6 (0x00ddfdb3) and     s11, s11, a3
core   0: 3 0x80005da6 (0x00ddfdb3) x27 0x00000000
core   0: 0x80005daa (0x00d554b3) srl     s1, a0, a3
core   0: 3 0x80005daa (0x00d554b3) x 9 0x00000000
core   0: 0x80005dae (0x01b49693) slli    a3, s1, 27
core   0: 3 0x80005dae (0x01b49693) x13 0x00000000
core   0: 0x80005db2 (0x00005c7d) c.li    s8, -1
core   0: 3 0x80005db2 (0x5c7d) x24 0xffffffff
core   0: 0x80005db4 (0x00000b0c) c.addi4spn a1, sp, 400
core   0: 3 0x80005db4 (0x0b0c) x11 0x03117810
core   0: 0x80005db6 (0x00f85937) lui     s2, 0xf85
core   0: 3 0x80005db6 (0x00f85937) x18 0x00f85000
core   0: 0x80005dba (0xedeee113) ori     sp, t4, -290
core   0: 3 0x80005dba (0xedeee113) x 2 0xfffffede
core   0: 0x80005dbe (0x00001410) c.addi4spn a2, sp, 544
core   0: 3 0x80005dbe (0x1410) x12 0x000000fe
core   0: 0x80005dc0 (0x00642033) slt     zero, s0, t1
core   0: 3 0x80005dc0 (0x00642033)
core   0: 0x80005dc4 (0x00000fa2) c.slli  t6, 8
core   0: 3 0x80005dc4 (0x0fa2) x31 0xfffeaf00
core   0: 0x80005dc6 (0x1eb36d13) ori     s10, t1, 491
core   0: 3 0x80005dc6 (0x1eb36d13) x26 0x800001eb
core   0: 0x80005dca (0xc085b713) sltiu   a4, a1, -1016
core   0: 3 0x80005dca (0xc085b713) x14 0x00000001
core   0: 0x80005dce (0xb0b08f17) auipc   t5, 0xb0b08
core   0: 3 0x80005dce (0xb0b08f17) x30 0x30b0ddce
core   0: 0x80005dd2 (0x004bd813) srli    a6, s7, 4
core   0: 3 0x80005dd2 (0x004bd813) x16 0x00000000
core   0: 0x80005dd6 (0x0ab56293) ori     t0, a0, 171
core   0: 3 0x80005dd6 (0x0ab56293) x 5 0x000000ab
core   0: 0x80005dda (0x024616b3) mulh    a3, a2, tp
core   0: 3 0x80005dda (0x024616b3) x13 0xffffff81
core   0: 0x80005dde (0x0239a533) mulhsu  a0, s3, gp
core   0: 3 0x80005dde (0x0239a533) x10 0x00000000
core   0: 0x80005de2 (0x0000187d) c.addi  a6, -1
core   0: 3 0x80005de2 (0x187d) x16 0xffffffff
core   0: 0x80005de4 (0x42130d37) lui     s10, 0x42130
core   0: 3 0x80005de4 (0x42130d37) x26 0x42130000
core   0: 0x80005de8 (0x0000717d) c.addi16sp sp, -16
core   0: 3 0x80005de8 (0x717d) x 2 0xfffffece
core   0: 0x80005dea (0x00008f7d) c.and   a4, a5
core   0: 3 0x80005dea (0x8f7d) x14 0x00000001
core   0: 0x80005dec (0x01101ab3) sll     s5, zero, a7
core   0: 3 0x80005dec (0x01101ab3) x21 0x00000000
core   0: 0x80005df0 (0x00008ca5) c.xor   s1, s1
core   0: 3 0x80005df0 (0x8ca5) x 9 0x00000000
core   0: 0x80005df2 (0x000068ed) c.lui   a7, 0x1b
core   0: 3 0x80005df2 (0x68ed) x17 0x0001b000
core   0: 0x80005df4 (0x30514d17) auipc   s10, 0x30514
core   0: 3 0x80005df4 (0x30514d17) x26 0xb0519df4
core   0: 0x80005df8 (0x00e34b33) xor     s6, t1, a4
core   0: 3 0x80005df8 (0x00e34b33) x22 0x80000001
core   0: 0x80005dfc (0xc3fe4b93) xori    s7, t3, -961
core   0: 3 0x80005dfc (0xc3fe4b93) x23 0xffff7c3e
core   0: 0x80005e00 (0x00008f95) c.sub   a5, a3
core   0: 3 0x80005e00 (0x8f95) x15 0x0000007e
core   0: 0x80005e02 (0x00000001) c.nop
core   0: 3 0x80005e02 (0x0001)
core   0: 0x80005e04 (0x01c28633) add     a2, t0, t3
core   0: 3 0x80005e04 (0x01c28633) x12 0x000080ac
core   0: 0x80005e08 (0x0000886e) c.mv    a6, s11
core   0: 3 0x80005e08 (0x886e) x16 0x00000000
core   0: 0x80005e0a (0x00008e65) c.and   a2, s1
core   0: 3 0x80005e0a (0x8e65) x12 0x00000000
core   0: 0x80005e0c (0x00008369) c.srli  a4, 26
core   0: 3 0x80005e0c (0x8369) x14 0x00000000
core   0: 0x80005e0e (0x2b512d93) slti    s11, sp, 693
core   0: 3 0x80005e0e (0x2b512d93) x27 0x00000001
core   0: 0x80005e12 (0x014c3433) sltu    s0, s8, s4
core   0: 3 0x80005e12 (0x014c3433) x 8 0x00000000
core   0: 0x80005e16 (0x007ee113) ori     sp, t4, 7
core   0: 3 0x80005e16 (0x007ee113) x 2 0x00015007
core   0: 0x80005e1a (0xb3bcab93) slti    s7, s9, -1221
core   0: 3 0x80005e1a (0xb3bcab93) x23 0x00000000
core   0: 0x80005e1e (0x02a30e33) mul     t3, t1, a0
core   0: 3 0x80005e1e (0x02a30e33) x28 0x00000000
core   0: 0x80005e22 (0x00008605) c.srai  a2, 1
core   0: 3 0x80005e22 (0x8605) x12 0x00000000
core   0: 0x80005e24 (0x00000001) c.nop
core   0: 3 0x80005e24 (0x0001)
core   0: 0x80005e26 (0x01e882b3) add     t0, a7, t5
core   0: 3 0x80005e26 (0x01e882b3) x 5 0x30b28dce
core   0: 0x80005e2a (0x02f92db3) mulhsu  s11, s2, a5
core   0: 3 0x80005e2a (0x02f92db3) x27 0x00000000
core   0: 0x80005e2e (0x5633c293) xori    t0, t2, 1379
core   0: 3 0x80005e2e (0x5633c293) x 5 0x00008563
core   0: 0x80005e32 (0x00008b2d) c.andi  a4, 11
core   0: 3 0x80005e32 (0x8b2d) x14 0x00000000
core   0: 0x80005e34 (0x00ca6e33) or      t3, s4, a2
core   0: 3 0x80005e34 (0x00ca6e33) x28 0x8000fe64
core   0: 0x80005e38 (0xc9a30d13) addi    s10, t1, -870
core   0: 3 0x80005e38 (0xc9a30d13) x26 0x7ffffc9a
core   0: 0x80005e3c (0x00000fca) c.slli  t6, 18
core   0: 3 0x80005e3c (0x0fca) x31 0xbc000000
core   0: 0x80005e3e (0x51b8cb93) xori    s7, a7, 1307
core   0: 3 0x80005e3e (0x51b8cb93) x23 0x0001b51b
core   0: 0x80005e42 (0x0071d733) srl     a4, gp, t2
core   0: 3 0x80005e42 (0x0071d733) x14 0x00000000
core   0: 0x80005e46 (0x00000432) c.slli  s0, 12
core   0: 3 0x80005e46 (0x0432) x 8 0x00000000
core   0: 0x80005e48 (0x005645b3) xor     a1, a2, t0
core   0: 3 0x80005e48 (0x005645b3) x11 0x00008563
core   0: 0x80005e4c (0x0132adb3) slt     s11, t0, s3
core   0: 3 0x80005e4c (0x0132adb3) x27 0x00000000
core   0: 0x80005e50 (0x0000610d) c.addi16sp sp, 160
core   0: 3 0x80005e50 (0x610d) x 2 0x000150a7
core   0: 0x80005e52 (0x9e3a2a93) slti    s5, s4, -1565
core   0: 3 0x80005e52 (0x9e3a2a93) x21 0x00000001
core   0: 0x80005e56 (0x0386c933) div     s2, a3, s8
core   0: 3 0x80005e56 (0x0386c933) x18 0x0000007f
core   0: 0x80005e5a (0x03d17b33) remu    s6, sp, t4
core   0: 3 0x80005e5a (0x03d17b33) x22 0x000000a7
core   0: 0x80005e5e (0x5693f113) andi    sp, t2, 1385
core   0: 3 0x80005e5e (0x5693f113) x 2 0x00000000
core   0: 0x80005e62 (0x00008829) c.andi  s0, 10
core   0: 3 0x80005e62 (0x8829) x 8 0x00000000
core   0: 0x80005e64 (0x41205b13) srai    s6, zero, 18
core   0: 3 0x80005e64 (0x41205b13) x22 0x00000000
core   0: 0x80005e68 (0x00008c75) c.and   s0, a3
core   0: 3 0x80005e68 (0x8c75) x 8 0x00000000
core   0: 0x80005e6a (0x00beed33) or      s10, t4, a1
core   0: 3 0x80005e6a (0x00beed33) x26 0x0001d563
core   0: 0x80005e6e (0x00006105) c.addi16sp sp, 32
core   0: 3 0x80005e6e (0x6105) x 2 0x00000020
core   0: 0x80005e70 (0x00dd1833) sll     a6, s10, a3
core   0: 3 0x80005e70 (0x00dd1833) x16 0x0003aac6
core   0: 0x80005e74 (0x002ffab3) and     s5, t6, sp
core   0: 3 0x80005e74 (0x002ffab3) x21 0x00000000
core   0: 0x80005e78 (0xfd5126b7) lui     a3, 0xfd512
core   0: 3 0x80005e78 (0xfd5126b7) x13 0xfd512000
core   0: 0x80005e7c (0x00001b94) c.addi4spn a3, sp, 496
core   0: 3 0x80005e7c (0x1b94) x13 0x00000210
core   0: 0x80005e7e (0xf0ce8a97) auipc   s5, 0xf0ce8
core   0: 3 0x80005e7e (0xf0ce8a97) x21 0x70cede7e
core   0: 0x80005e82 (0x48157a93) andi    s5, a0, 1153
core   0: 3 0x80005e82 (0x48157a93) x21 0x00000000
core   0: 0x80005e86 (0x5374f293) andi    t0, s1, 1335
core   0: 3 0x80005e86 (0x5374f293) x 5 0x00000000
core   0: 0x80005e8a (0x00000001) c.nop
core   0: 3 0x80005e8a (0x0001)
core   0: 0x80005e8c (0x000004b5) c.addi  s1, 13
core   0: 3 0x80005e8c (0x04b5) x 9 0x0000000d
core   0: 0x80005e8e (0x53af3d93) sltiu   s11, t5, 1338
core   0: 3 0x80005e8e (0x53af3d93) x27 0x00000000
core   0: 0x80005e92 (0x00311713) slli    a4, sp, 3
core   0: 3 0x80005e92 (0x00311713) x14 0x00000100
core   0: 0x80005e96 (0x00008512) c.mv    a0, tp
core   0: 3 0x80005e96 (0x8512) x10 0x80013ce4
core   0: 0x80005e98 (0x00b4fc33) and     s8, s1, a1
core   0: 3 0x80005e98 (0x00b4fc33) x24 0x00000001
core   0: 0x80005e9c (0x00000001) c.nop
core   0: 3 0x80005e9c (0x0001)
core   0: 0x80005e9e (0x004fd1b3) srl     gp, t6, tp
core   0: 3 0x80005e9e (0x004fd1b3) x 3 0x0bc00000
core   0: 0x80005ea2 (0x022407b3) mul     a5, s0, sp
core   0: 3 0x80005ea2 (0x022407b3) x15 0x00000000
core   0: 0x80005ea6 (0xda87d037) lui     zero, 0xda87d
core   0: 3 0x80005ea6 (0xda87d037)
core   0: 0x80005eaa (0x01439e33) sll     t3, t2, s4
core   0: 3 0x80005eaa (0x01439e33) x28 0x00080000
core   0: 0x80005eae (0x001d7733) and     a4, s10, ra
core   0: 3 0x80005eae (0x001d7733) x14 0x00000001
core   0: 0x80005eb2 (0x000083a9) c.srli  a5, 10
core   0: 3 0x80005eb2 (0x83a9) x15 0x00000000
core   0: 0x80005eb4 (0x034bbdb3) mulhu   s11, s7, s4
core   0: 3 0x80005eb4 (0x034bbdb3) x27 0x0000da8f
core   0: 0x80005eb8 (0x00c58b33) add     s6, a1, a2
core   0: 3 0x80005eb8 (0x00c58b33) x22 0x00008563
core   0: 0x80005ebc (0x00cac7b3) xor     a5, s5, a2
core   0: 3 0x80005ebc (0x00cac7b3) x15 0x00000000
core   0: 0x80005ec0 (0x021f49b3) div     s3, t5, ra
core   0: 3 0x80005ec0 (0x021f49b3) x19 0x30b0ddce
core   0: 0x80005ec4 (0x00009b76) c.add   s6, t4
core   0: 3 0x80005ec4 (0x9b76) x22 0x0001d563
core   0: 0x80005ec6 (0x03c0cf33) div     t5, ra, t3
core   0: 3 0x80005ec6 (0x03c0cf33) x30 0x00000000
core   0: 0x80005eca (0x00005bfd) c.li    s7, -1
core   0: 3 0x80005eca (0x5bfd) x23 0xffffffff
core   0: 0x80005ecc (0xe83a7d93) andi    s11, s4, -381
core   0: 3 0x80005ecc (0xe83a7d93) x27 0x8000fe00
core   0: 0x80005ed0 (0x01739d13) slli    s10, t2, 23
core   0: 3 0x80005ed0 (0x01739d13) x26 0x00000000
core   0: 0x80005ed4 (0x01a65013) srli    zero, a2, 26
core   0: 3 0x80005ed4 (0x01a65013)
core   0: 0x80005ed8 (0x00008c51) c.or    s0, a2
core   0: 3 0x80005ed8 (0x8c51) x 8 0x00000000
core   0: 0x80005eda (0x244a3593) sltiu   a1, s4, 580
core   0: 3 0x80005eda (0x244a3593) x11 0x00000000
core   0: 0x80005ede (0x01fc6c33) or      s8, s8, t6
core   0: 3 0x80005ede (0x01fc6c33) x24 0xbc000001
core   0: 0x80005ee2 (0x02bc6db3) rem     s11, s8, a1
core   0: 3 0x80005ee2 (0x02bc6db3) x27 0xbc000001
core   0: 0x80005ee6 (0x01ca87b3) add     a5, s5, t3
core   0: 3 0x80005ee6 (0x01ca87b3) x15 0x00080000
core   0: 0x80005eea (0x00000462) c.slli  s0, 24
core   0: 3 0x80005eea (0x0462) x 8 0x00000000
core   0: 0x80005eec (0x0021c433) xor     s0, gp, sp
core   0: 3 0x80005eec (0x0021c433) x 8 0x0bc00020
core   0: 0x80005ef0 (0x013d49b3) xor     s3, s10, s3
core   0: 3 0x80005ef0 (0x013d49b3) x19 0x30b0ddce
core   0: 0x80005ef4 (0x00dc1a93) slli    s5, s8, 13
core   0: 3 0x80005ef4 (0x00dc1a93) x21 0x00002000
core   0: 0x80005ef8 (0x033703b3) mul     t2, a4, s3
core   0: 3 0x80005ef8 (0x033703b3) x 7 0x30b0ddce
core   0: 0x80005efc (0x00000001) c.nop
core   0: 3 0x80005efc (0x0001)
core   0: 0x80005efe (0x007e5293) srli    t0, t3, 7
core   0: 3 0x80005efe (0x007e5293) x 5 0x00001000
core   0: 0x80005f02 (0x22b16693) ori     a3, sp, 555
core   0: 3 0x80005f02 (0x22b16693) x13 0x0000022b
core   0: 0x80005f06 (0x020cb6b3) mulhu   a3, s9, zero
core   0: 3 0x80005f06 (0x020cb6b3) x13 0x00000000
core   0: 0x80005f0a (0x00006931) c.lui   s2, 0xc
core   0: 3 0x80005f0a (0x6931) x18 0x0000c000
core   0: 0x80005f0c (0x00b22133) slt     sp, tp, a1
core   0: 3 0x80005f0c (0x00b22133) x 2 0x00000001
core   0: 0x80005f10 (0x0000557d) c.li    a0, -1
core   0: 3 0x80005f10 (0x557d) x10 0xffffffff
core   0: 0x80005f12 (0x00008cf5) c.and   s1, a3
core   0: 3 0x80005f12 (0x8cf5) x 9 0x00000000
core   0: 0x80005f14 (0x03412b33) mulhsu  s6, sp, s4
core   0: 3 0x80005f14 (0x03412b33) x22 0x00000000
core   0: 0x80005f18 (0x03461833) mulh    a6, a2, s4
core   0: 3 0x80005f18 (0x03461833) x16 0x00000000
core   0: 0x80005f1c (0x000001fd) c.addi  gp, 31
core   0: 3 0x80005f1c (0x01fd) x 3 0x0bc0001f
core   0: 0x80005f1e (0x03d87133) remu    sp, a6, t4
core   0: 3 0x80005f1e (0x03d87133) x 2 0x00000000
core   0: 0x80005f22 (0xdd778693) addi    a3, a5, -553
core   0: 3 0x80005f22 (0xdd778693) x13 0x0007fdd7
core   0: 0x80005f26 (0xb7f8ae13) slti    t3, a7, -1153
core   0: 3 0x80005f26 (0xb7f8ae13) x28 0x00000000
core   0: 0x80005f2a (0x02c63033) mulhu   zero, a2, a2
core   0: 3 0x80005f2a (0x02c63033)
core   0: 0x80005f2e (0x00000aae) c.slli  s5, 11
core   0: 3 0x80005f2e (0x0aae) x21 0x01000000
core   0: 0x80005f30 (0x02798db3) mul     s11, s3, t2
core   0: 3 0x80005f30 (0x02798db3) x27 0xfb6d51c4
core   0: 0x80005f34 (0x0066d813) srli    a6, a3, 6
core   0: 3 0x80005f34 (0x0066d813) x16 0x00001ff7
core   0: 0x80005f38 (0x27b88eb7) lui     t4, 0x27b88
core   0: 3 0x80005f38 (0x27b88eb7) x29 0x27b88000
core   0: 0x80005f3c (0x7890a913) slti    s2, ra, 1929
core   0: 3 0x80005f3c (0x7890a913) x18 0x00000001
core   0: 0x80005f40 (0x02d17133) remu    sp, sp, a3
core   0: 3 0x80005f40 (0x02d17133) x 2 0x00000000
core   0: 0x80005f44 (0x41805793) srai    a5, zero, 24
core   0: 3 0x80005f44 (0x41805793) x15 0x00000000
core   0: 0x80005f48 (0x03906db3) rem     s11, zero, s9
core   0: 3 0x80005f48 (0x03906db3) x27 0x00000000
core   0: 0x80005f4c (0x00008c01) c.sub   s0, s0
core   0: 3 0x80005f4c (0x8c01) x 8 0x00000000
core   0: 0x80005f4e (0x00008f21) c.xor   a4, s0
core   0: 3 0x80005f4e (0x8f21) x14 0x00000001
core   0: 0x80005f50 (0xe779af13) slti    t5, s3, -393
core   0: 3 0x80005f50 (0xe779af13) x30 0x00000000
core   0: 0x80005f54 (0x000085f6) c.mv    a1, t4
core   0: 3 0x80005f54 (0x85f6) x11 0x27b88000
core   0: 0x80005f56 (0x022a80b3) mul     ra, s5, sp
core   0: 3 0x80005f56 (0x022a80b3) x 1 0x00000000
core   0: 0x80005f5a (0x039a8db3) mul     s11, s5, s9
core   0: 3 0x80005f5a (0x039a8db3) x27 0x53000000
core   0: 0x80005f5e (0x001ddf93) srli    t6, s11, 1
core   0: 3 0x80005f5e (0x001ddf93) x31 0x29800000
core   0: 0x80005f62 (0x00a4bd33) sltu    s10, s1, a0
core   0: 3 0x80005f62 (0x00a4bd33) x26 0x00000001
core   0: 0x80005f66 (0x00008fa5) c.xor   a5, s1
core   0: 3 0x80005f66 (0x8fa5) x15 0x00000000
core   0: 0x80005f68 (0x018a1593) slli    a1, s4, 24
core   0: 3 0x80005f68 (0x018a1593) x11 0x64000000
core   0: 0x80005f6c (0x41a45793) srai    a5, s0, 26
core   0: 3 0x80005f6c (0x41a45793) x15 0x00000000
core   0: 0x80005f70 (0xcd02f2b7) lui     t0, 0xcd02f
core   0: 3 0x80005f70 (0xcd02f2b7) x 5 0xcd02f000
core   0: 0x80005f74 (0xa5528293) addi    t0, t0, -1451
core   0: 3 0x80005f74 (0xa5528293) x 5 0xcd02ea55
core   0: 0x80005f78 (0xc0b00737) lui     a4, 0xc0b00
core   0: 3 0x80005f78 (0xc0b00737) x14 0xc0b00000
core   0: 0x80005f7c (0x72070713) addi    a4, a4, 1824
core   0: 3 0x80005f7c (0x72070713) x14 0xc0b00720
core   0: 0x80005f80 (0x35847937) lui     s2, 0x35847
core   0: 3 0x80005f80 (0x35847937) x18 0x35847000
core   0: 0x80005f84 (0xbab90913) addi    s2, s2, -1109
core   0: 3 0x80005f84 (0xbab90913) x18 0x35846bab
core   0: 0x80005f88 (0x072511b7) lui     gp, 0x7251
core   0: 3 0x80005f88 (0x072511b7) x 3 0x07251000
core   0: 0x80005f8c (0xc8318193) addi    gp, gp, -893
core   0: 3 0x80005f8c (0xc8318193) x 3 0x07250c83
core   0: 0x80005f90 (0x7a21c837) lui     a6, 0x7a21c
core   0: 3 0x80005f90 (0x7a21c837) x16 0x7a21c000
core   0: 0x80005f94 (0x01d80813) addi    a6, a6, 29
core   0: 3 0x80005f94 (0x01d80813) x16 0x7a21c01d
core   0: 0x80005f98 (0x9e3a0e37) lui     t3, 0x9e3a0
core   0: 3 0x80005f98 (0x9e3a0e37) x28 0x9e3a0000
core   0: 0x80005f9c (0x87ce0e13) addi    t3, t3, -1924
core   0: 3 0x80005f9c (0x87ce0e13) x28 0x9e39f87c
core   0: 0x80005fa0 (0x7a6c7bb7) lui     s7, 0x7a6c7
core   0: 3 0x80005fa0 (0x7a6c7bb7) x23 0x7a6c7000
core   0: 0x80005fa4 (0xc30b8b93) addi    s7, s7, -976
core   0: 3 0x80005fa4 (0xc30b8b93) x23 0x7a6c6c30
core   0: 0x80005fa8 (0xb54428b7) lui     a7, 0xb5442
core   0: 3 0x80005fa8 (0xb54428b7) x17 0xb5442000
core   0: 0x80005fac (0x0ed88893) addi    a7, a7, 237
core   0: 3 0x80005fac (0x0ed88893) x17 0xb54420ed
core   0: 0x80005fb0 (0x00004e81) c.li    t4, 0
core   0: 3 0x80005fb0 (0x4e81) x29 0x00000000
core   0: 0x80005fb2 (0x4d4d40b7) lui     ra, 0x4d4d4
core   0: 3 0x80005fb2 (0x4d4d40b7) x 1 0x4d4d4000
core   0: 0x80005fb6 (0x82208093) addi    ra, ra, -2014
core   0: 3 0x80005fb6 (0x82208093) x 1 0x4d4d3822
core   0: 0x80005fba (0x037b8833) mul     a6, s7, s7
core   0: 3 0x80005fba (0x037b8833) x16 0x36388900
core   0: 0x80005fbe (0x0311a733) mulhsu  a4, gp, a7
core   0: 3 0x80005fbe (0x0311a733) x14 0x050f189b
core   0: 0x80005fc2 (0x021bd1b3) divu    gp, s7, ra
core   0: 3 0x80005fc2 (0x021bd1b3) x 3 0x00000001
core   0: 0x80005fc6 (0x80b50817) auipc   a6, 0x80b50
core   0: 3 0x80005fc6 (0x80b50817) x16 0x00b55fc6
core   0: 0x80005fca (0x03ceb733) mulhu   a4, t4, t3
core   0: 3 0x80005fca (0x03ceb733) x14 0x00000000
core   0: 0x80005fce (0x00e70e33) add     t3, a4, a4
core   0: 3 0x80005fce (0x00e70e33) x28 0x00000000
core   0: 0x80005fd2 (0x00000001) c.nop
core   0: 3 0x80005fd2 (0x0001)
core   0: 0x80005fd4 (0x03128733) mul     a4, t0, a7
core   0: 3 0x80005fd4 (0x03128733) x14 0x809190b1
core   0: 0x80005fd8 (0x03172933) mulhsu  s2, a4, a7
core   0: 3 0x80005fd8 (0x03172933) x18 0xa5c50193
core   0: 0x80005fdc (0x030ebe33) mulhu   t3, t4, a6
core   0: 3 0x80005fdc (0x030ebe33) x28 0x00000000
core   0: 0x80005fe0 (0x021bb833) mulhu   a6, s7, ra
core   0: 3 0x80005fe0 (0x021bb833) x16 0x24f789fe
core   0: 0x80005fe4 (0x66d90813) addi    a6, s2, 1645
core   0: 3 0x80005fe4 (0x66d90813) x16 0xa5c50800
core   0: 0x80005fe8 (0x40e18e33) sub     t3, gp, a4
core   0: 3 0x80005fe8 (0x40e18e33) x28 0x7f6e6f50
core   0: 0x80005fec (0x412e8733) sub     a4, t4, s2
core   0: 3 0x80005fec (0x412e8733) x14 0x5a3afe6d
core   0: 0x80005ff0 (0x56e57e17) auipc   t3, 0x56e57
core   0: 3 0x80005ff0 (0x56e57e17) x28 0xd6e5cff0
core   0: 0x80005ff4 (0xe79de817) auipc   a6, 0xe79de
core   0: 3 0x80005ff4 (0xe79de817) x16 0x679e3ff4
core   0: 0x80005ff8 (0x2083ce17) auipc   t3, 0x2083c
core   0: 3 0x80005ff8 (0x2083ce17) x28 0xa0841ff8
core   0: 0x80005ffc (0x40528eb3) sub     t4, t0, t0
core   0: 3 0x80005ffc (0x40528eb3) x29 0x00000000
core   0: 0x80006000 (0x00000001) c.nop
core   0: 3 0x80006000 (0x0001)
core   0: 0x80006002 (0x0322e933) rem     s2, t0, s2
core   0: 3 0x80006002 (0x0322e933) x18 0xcd02ea55
core   0: 0x80006006 (0x0000567d) c.li    a2, -1
core   0: 3 0x80006006 (0x567d) x12 0xffffffff
core   0: 0x80006008 (0x0000717d) c.addi16sp sp, -16
core   0: 3 0x80006008 (0x717d) x 2 0xfffffff0
core   0: 0x8000600a (0x4bcce713) ori     a4, s9, 1212
core   0: 3 0x8000600a (0x4bcce713) x14 0x000004ff
core   0: 0x8000600e (0xfaaaf693) andi    a3, s5, -86
core   0: 3 0x8000600e (0xfaaaf693) x13 0x01000000
core   0: 0x80006012 (0x03631c33) mulh    s8, t1, s6
core   0: 3 0x80006012 (0x03631c33) x24 0x00000000
core   0: 0x80006016 (0x31fa0393) addi    t2, s4, 799
core   0: 3 0x80006016 (0x31fa0393) x 7 0x80010183
core   0: 0x8000601a (0x000094b2) c.add   s1, a2
core   0: 3 0x8000601a (0x94b2) x 9 0xffffffff
core   0: 0x8000601c (0x034b08b3) mul     a7, s6, s4
core   0: 3 0x8000601c (0x034b08b3) x17 0x00000000
core   0: 0x80006020 (0x025a0b33) mul     s6, s4, t0
core   0: 3 0x80006020 (0x025a0b33) x22 0x79a3df34
core   0: 0x80006024 (0x02519b33) mulh    s6, gp, t0
core   0: 3 0x80006024 (0x02519b33) x22 0xffffffff
core   0: 0x80006028 (0x41e1d4b3) sra     s1, gp, t5
core   0: 3 0x80006028 (0x41e1d4b3) x 9 0x00000001
core   0: 0x8000602c (0x0234e1b3) rem     gp, s1, gp
core   0: 3 0x8000602c (0x0234e1b3) x 3 0x00000000
core   0: 0x80006030 (0x00008f9d) c.sub   a5, a5
core   0: 3 0x80006030 (0x8f9d) x15 0x00000000
core   0: 0x80006032 (0x00d320b3) slt     ra, t1, a3
core   0: 3 0x80006032 (0x00d320b3) x 1 0x00000001
core   0: 0x80006036 (0x00d7df33) srl     t5, a5, a3
core   0: 3 0x80006036 (0x00d7df33) x30 0x00000000
core   0: 0x8000603a (0x025135b3) mulhu   a1, sp, t0
core   0: 3 0x8000603a (0x025135b3) x11 0xcd02ea48
core   0: 0x8000603e (0x000089bd) c.andi  a1, 15
core   0: 3 0x8000603e (0x89bd) x11 0x00000008
core   0: 0x80006040 (0x414f00b3) sub     ra, t5, s4
core   0: 3 0x80006040 (0x414f00b3) x 1 0x7fff019c
core   0: 0x80006044 (0x03f2fdb3) remu    s11, t0, t6
core   0: 3 0x80006044 (0x03f2fdb3) x27 0x2702ea55
core   0: 0x80006048 (0x00008bce) c.mv    s7, s3
core   0: 3 0x80006048 (0x8bce) x23 0x30b0ddce
core   0: 0x8000604a (0x207f2693) slti    a3, t5, 519
core   0: 3 0x8000604a (0x207f2693) x13 0x00000001
core   0: 0x8000604e (0x02047cb3) remu    s9, s0, zero
core   0: 3 0x8000604e (0x02047cb3) x25 0x00000000
core   0: 0x80006052 (0x29796d13) ori     s10, s2, 663
core   0: 3 0x80006052 (0x29796d13) x26 0xcd02ead7
core   0: 0x80006056 (0x000080b9) c.srli  s1, 14
core   0: 3 0x80006056 (0x80b9) x 9 0x00000000
core   0: 0x80006058 (0x00008f01) c.sub   a4, s0
core   0: 3 0x80006058 (0x8f01) x14 0x000004ff
core   0: 0x8000605a (0x41d50ab3) sub     s5, a0, t4
core   0: 3 0x8000605a (0x41d50ab3) x21 0xffffffff
core   0: 0x8000605e (0x035f1fb3) mulh    t6, t5, s5
core   0: 3 0x8000605e (0x035f1fb3) x31 0x00000000
core   0: 0x80006062 (0x00008c65) c.and   s0, s1
core   0: 3 0x80006062 (0x8c65) x 8 0x00000000
core   0: 0x80006064 (0x00000001) c.nop
core   0: 3 0x80006064 (0x0001)
core   0: 0x80006066 (0x0000197d) c.addi  s2, -1
core   0: 3 0x80006066 (0x197d) x18 0xcd02ea54
core   0: 0x80006068 (0x010aa733) slt     a4, s5, a6
core   0: 3 0x80006068 (0x010aa733) x14 0x00000001
core   0: 0x8000606c (0x038642b3) div     t0, a2, s8
core   0: 3 0x8000606c (0x038642b3) x 5 0xffffffff
core   0: 0x80006070 (0x402bde33) sra     t3, s7, sp
core   0: 3 0x80006070 (0x402bde33) x28 0x000030b0
core   0: 0x80006074 (0x00004779) c.li    a4, 30
core   0: 3 0x80006074 (0x4779) x14 0x0000001e
core   0: 0x80006076 (0x40e75d33) sra     s10, a4, a4
core   0: 3 0x80006076 (0x40e75d33) x26 0x00000000
core   0: 0x8000607a (0x01d1e8b3) or      a7, gp, t4
core   0: 3 0x8000607a (0x01d1e8b3) x17 0x00000000
core   0: 0x8000607e (0x02386f33) rem     t5, a6, gp
core   0: 3 0x8000607e (0x02386f33) x30 0x679e3ff4
core   0: 0x80006082 (0x0312bab3) mulhu   s5, t0, a7
core   0: 3 0x80006082 (0x0312bab3) x21 0x00000000
core   0: 0x80006086 (0x00000e90) c.addi4spn a2, sp, 848
core   0: 3 0x80006086 (0x0e90) x12 0x00000340
core   0: 0x80006088 (0x00006151) c.addi16sp sp, 272
core   0: 3 0x80006088 (0x6151) x 2 0x00000100
core   0: 0x8000608a (0x00000001) c.nop
core   0: 3 0x8000608a (0x0001)
core   0: 0x8000608c (0x00009b7d) c.andi  a4, -1
core   0: 3 0x8000608c (0x9b7d) x14 0x0000001e
core   0: 0x8000608e (0xfff00093) li      ra, -1
core   0: 3 0x8000608e (0xfff00093) x 1 0xffffffff
core   0: 0x80006092 (0x80000f37) lui     t5, 0x80000
core   0: 3 0x80006092 (0x80000f37) x30 0x80000000
core   0: 0x80006096 (0x80000937) lui     s2, 0x80000
core   0: 3 0x80006096 (0x80000937) x18 0x80000000
core   0: 0x8000609a (0xfff00d13) li      s10, -1
core   0: 3 0x8000609a (0xfff00d13) x26 0xffffffff
core   0: 0x8000609e (0x8daa5bb7) lui     s7, 0x8daa5
core   0: 3 0x8000609e (0x8daa5bb7) x23 0x8daa5000
core   0: 0x800060a2 (0x1a0b8b93) addi    s7, s7, 416
core   0: 3 0x800060a2 (0x1a0b8b93) x23 0x8daa51a0
core   0: 0x800060a6 (0x00004e01) c.li    t3, 0
core   0: 3 0x800060a6 (0x4e01) x28 0x00000000
core   0: 0x800060a8 (0x00004481) c.li    s1, 0
core   0: 3 0x800060a8 (0x4481) x 9 0x00000000
core   0: 0x800060aa (0xe4fc9637) lui     a2, 0xe4fc9
core   0: 3 0x800060aa (0xe4fc9637) x12 0xe4fc9000
core   0: 0x800060ae (0x15260613) addi    a2, a2, 338
core   0: 3 0x800060ae (0x15260613) x12 0xe4fc9152
core   0: 0x800060b2 (0x80000137) lui     sp, 0x80000
core   0: 3 0x800060b2 (0x80000137) x 2 0x80000000
core   0: 0x800060b6 (0xfff00813) li      a6, -1
core   0: 3 0x800060b6 (0xfff00813) x16 0xffffffff
core   0: 0x800060ba (0x01c600b3) add     ra, a2, t3
core   0: 3 0x800060ba (0x01c600b3) x 1 0xe4fc9152
core   0: 0x800060be (0x0374fe33) remu    t3, s1, s7
core   0: 3 0x800060be (0x0374fe33) x28 0x00000000
core   0: 0x800060c2 (0x00000001) c.nop
core   0: 3 0x800060c2 (0x0001)
core   0: 0x800060c4 (0x00148d33) add     s10, s1, ra
core   0: 3 0x800060c4 (0x00148d33) x26 0xe4fc9152
core   0: 0x800060c8 (0xdc348613) addi    a2, s1, -573
core   0: 3 0x800060c8 (0xdc348613) x12 0xfffffdc3
core   0: 0x800060cc (0x01c48f33) add     t5, s1, t3
core   0: 3 0x800060cc (0x01c48f33) x30 0x00000000
core   0: 0x800060d0 (0x03a61f33) mulh    t5, a2, s10
core   0: 3 0x800060d0 (0x03a61f33) x30 0x0000003c
core   0: 0x800060d4 (0x03061d33) mulh    s10, a2, a6
core   0: 3 0x800060d4 (0x03061d33) x26 0x00000000
core   0: 0x800060d8 (0x0300a833) mulhsu  a6, ra, a6
core   0: 3 0x800060d8 (0x0300a833) x16 0xe4fc9152
core   0: 0x800060dc (0x410b8e33) sub     t3, s7, a6
core   0: 3 0x800060dc (0x410b8e33) x28 0xa8adc04e
core   0: 0x800060e0 (0x417e0833) sub     a6, t3, s7
core   0: 3 0x800060e0 (0x417e0833) x16 0x1b036eae
core   0: 0x800060e4 (0x022d7bb3) remu    s7, s10, sp
core   0: 3 0x800060e4 (0x022d7bb3) x23 0x00000000
core   0: 0x800060e8 (0x01ce0bb3) add     s7, t3, t3
core   0: 3 0x800060e8 (0x01ce0bb3) x23 0x515b809c
core   0: 0x800060ec (0x02295133) divu    sp, s2, sp
core   0: 3 0x800060ec (0x02295133) x 2 0x00000001
core   0: 0x800060f0 (0x0374c4b3) div     s1, s1, s7
core   0: 3 0x800060f0 (0x0374c4b3) x 9 0x00000000
core   0: 0x800060f4 (0x02cb8833) mul     a6, s7, a2
core   0: 3 0x800060f4 (0x02cb8833) x16 0xe63122d4
core   0: 0x800060f8 (0x032f0bb3) mul     s7, t5, s2
core   0: 3 0x800060f8 (0x032f0bb3) x23 0x00000000
core   0: 0x800060fc (0x0000181c) c.addi4spn a5, sp, 48
core   0: 3 0x800060fc (0x181c) x15 0x00000031
core   0: 0x800060fe (0x0000696d) c.lui   s2, 0x1b
core   0: 3 0x800060fe (0x696d) x18 0x0001b000
core   0: 0x80006100 (0x01872933) slt     s2, a4, s8
core   0: 3 0x80006100 (0x01872933) x18 0x00000000
core   0: 0x80006104 (0x00008b3d) c.andi  a4, 15
core   0: 3 0x80006104 (0x8b3d) x14 0x0000000e
core   0: 0x80006106 (0x00005f7d) c.li    t5, -1
core   0: 3 0x80006106 (0x5f7d) x30 0xffffffff
core   0: 0x80006108 (0x00008cad) c.xor   s1, a1
core   0: 3 0x80006108 (0x8cad) x 9 0x00000008
core   0: 0x8000610a (0x41775fb3) sra     t6, a4, s7
core   0: 3 0x8000610a (0x41775fb3) x31 0x0000000e
core   0: 0x8000610e (0xceb37597) auipc   a1, 0xceb37
core   0: 3 0x8000610e (0xceb37597) x11 0x4eb3d10e
core   0: 0x80006112 (0x88cd0293) addi    t0, s10, -1908
core   0: 3 0x80006112 (0x88cd0293) x 5 0xfffff88c
core   0: 0x80006116 (0x00dede93) srli    t4, t4, 13
core   0: 3 0x80006116 (0x00dede93) x29 0x00000000
core   0: 0x8000611a (0x02ad27b3) mulhsu  a5, s10, a0
core   0: 3 0x8000611a (0x02ad27b3) x15 0x00000000
core   0: 0x8000611e (0x8f420437) lui     s0, 0x8f420
core   0: 3 0x8000611e (0x8f420437) x 8 0x8f420000
core   0: 0x80006122 (0x1be00e13) li      t3, 446
core   0: 3 0x80006122 (0x1be00e13) x28 0x000001be
core   0: 0x80006126 (0x00008f45) c.or    a4, s1
core   0: 3 0x80006126 (0x8f45) x14 0x0000000e
core   0: 0x80006128 (0x00006a99) c.lui   s5, 0x6
core   0: 3 0x80006128 (0x6a99) x21 0x00006000
core   0: 0x8000612a (0x0265bb33) mulhu   s6, a1, t1
core   0: 3 0x8000612a (0x0265bb33) x22 0x2759e887
core   0: 0x8000612e (0x00008f45) c.or    a4, s1
core   0: 3 0x8000612e (0x8f45) x14 0x0000000e
core   0: 0x80006130 (0x00009b7d) c.andi  a4, -1
core   0: 3 0x80006130 (0x9b7d) x14 0x0000000e
core   0: 0x80006132 (0x00008e2d) c.xor   a2, a1
core   0: 3 0x80006132 (0x8e2d) x12 0xb14c2ccd
core   0: 0x80006134 (0x609b0413) addi    s0, s6, 1545
core   0: 3 0x80006134 (0x609b0413) x 8 0x2759ee90
core   0: 0x80006138 (0x03a6ff33) remu    t5, a3, s10
core   0: 3 0x80006138 (0x03a6ff33) x30 0x00000001
core   0: 0x8000613c (0x01729d93) slli    s11, t0, 23
core   0: 3 0x8000613c (0x01729d93) x27 0x46000000
core   0: 0x80006140 (0x00009b4e) c.add   s6, s3
core   0: 3 0x80006140 (0x9b4e) x22 0x580ac655
core   0: 0x80006142 (0x9b7b8413) addi    s0, s7, -1609
core   0: 3 0x80006142 (0x9b7b8413) x 8 0xfffff9b7
core   0: 0x80006146 (0x01bd7933) and     s2, s10, s11
core   0: 3 0x80006146 (0x01bd7933) x18 0x00000000
core   0: 0x8000614a (0x02988133) mul     sp, a7, s1
core   0: 3 0x8000614a (0x02988133) x 2 0x00000000
core   0: 0x8000614e (0x134f4113) xori    sp, t5, 308
core   0: 3 0x8000614e (0x134f4113) x 2 0x00000135
core   0: 0x80006152 (0x41dd5733) sra     a4, s10, t4
core   0: 3 0x80006152 (0x41dd5733) x14 0x00000000
core   0: 0x80006156 (0x0169c2b3) xor     t0, s3, s6
core   0: 3 0x80006156 (0x0169c2b3) x 5 0x68ba1b9b
core   0: 0x8000615a (0x0000717d) c.addi16sp sp, -16
core   0: 3 0x8000615a (0x717d) x 2 0x00000125
core   0: 0x8000615c (0x00008d9d) c.sub   a1, a5
core   0: 3 0x8000615c (0x8d9d) x11 0x4eb3d10e
core   0: 0x8000615e (0x019daeb3) slt     t4, s11, s9
core   0: 3 0x8000615e (0x019daeb3) x29 0x00000000
core   0: 0x80006162 (0x0000717d) c.addi16sp sp, -16
core   0: 3 0x80006162 (0x717d) x 2 0x00000115
core   0: 0x80006164 (0x019c9133) sll     sp, s9, s9
core   0: 3 0x80006164 (0x019c9133) x 2 0x00000000
core   0: 0x80006168 (0xbd230793) addi    a5, t1, -1070
core   0: 3 0x80006168 (0xbd230793) x15 0x7ffffbd2
core   0: 0x8000616c (0x0103d913) srli    s2, t2, 16
core   0: 3 0x8000616c (0x0103d913) x18 0x00008001
core   0: 0x80006170 (0x00000eea) c.slli  t4, 26
core   0: 3 0x80006170 (0x0eea) x29 0x00000000
core   0: 0x80006172 (0x00008449) c.srai  s0, 18
core   0: 3 0x80006172 (0x8449) x 8 0xffffffff
core   0: 0x80006174 (0x00000001) c.nop
core   0: 3 0x80006174 (0x0001)
core   0: 0x80006176 (0x000066bd) c.lui   a3, 0xf
core   0: 3 0x80006176 (0x66bd) x13 0x0000f000
core   0: 0x80006178 (0x000087a5) c.srai  a5, 9
core   0: 3 0x80006178 (0x87a5) x15 0x003ffffd
core   0: 0x8000617a (0x00d4de33) srl     t3, s1, a3
core   0: 3 0x8000617a (0x00d4de33) x28 0x00000008
core   0: 0x8000617e (0x2d8cf393) andi    t2, s9, 728
core   0: 3 0x8000617e (0x2d8cf393) x 7 0x00000000
core   0: 0x80006182 (0x00000f1a) c.slli  t5, 6
core   0: 3 0x80006182 (0x0f1a) x30 0x00000040
core   0: 0x80006184 (0x9b2d7113) andi    sp, s10, -1614
core   0: 3 0x80006184 (0x9b2d7113) x 2 0x00000000
core   0: 0x80006188 (0x00eae633) or      a2, s5, a4
core   0: 3 0x80006188 (0x00eae633) x12 0x00006000
core   0: 0x8000618c (0x00efb733) sltu    a4, t6, a4
core   0: 3 0x8000618c (0x00efb733) x14 0x00000000
core   0: 0x80006190 (0x47e03b93) sltiu   s7, zero, 1150
core   0: 3 0x80006190 (0x47e03b93) x23 0x00000001
core   0: 0x80006194 (0x00009c86) c.add   s9, ra
core   0: 3 0x80006194 (0x9c86) x25 0xe4fc9152
core   0: 0x80006196 (0x0352c533) div     a0, t0, s5
core   0: 3 0x80006196 (0x0352c533) x10 0x00011745
core   0: 0x8000619a (0x00008e2d) c.xor   a2, a1
core   0: 3 0x8000619a (0x8e2d) x12 0x4eb3b10e
core   0: 0x8000619c (0x00008439) c.srai  s0, 14
core   0: 3 0x8000619c (0x8439) x 8 0xffffffff
core   0: 0x8000619e (0x01716b33) or      s6, sp, s7
core   0: 3 0x8000619e (0x01716b33) x22 0x00000001
core   0: 0x800061a2 (0xc3bc2413) slti    s0, s8, -965
core   0: 3 0x800061a2 (0xc3bc2413) x 8 0x00000000
core   0: 0x800061a6 (0x00008de5) c.and   a1, s1
core   0: 3 0x800061a6 (0x8de5) x11 0x00000008
core   0: 0x800061a8 (0x00ea9293) slli    t0, s5, 14
core   0: 3 0x800061a8 (0x00ea9293) x 5 0x18000000
core   0: 0x800061ac (0x41f9df93) srai    t6, s3, 31
core   0: 3 0x800061ac (0x41f9df93) x31 0x00000000
core   0: 0x800061b0 (0x02aa11b3) mulh    gp, s4, a0
core   0: 3 0x800061b0 (0x02aa11b3) x 3 0xffff745e
core   0: 0x800061b4 (0x000082b6) c.mv    t0, a3
core   0: 3 0x800061b4 (0x82b6) x 5 0x0000f000
core   0: 0x800061b6 (0x01cc2db3) slt     s11, s8, t3
core   0: 3 0x800061b6 (0x01cc2db3) x27 0x00000001
core   0: 0x800061ba (0x00009a86) c.add   s5, ra
core   0: 3 0x800061ba (0x9a86) x21 0xe4fcf152
core   0: 0x800061bc (0x00008d81) c.sub   a1, s0
core   0: 3 0x800061bc (0x8d81) x11 0x00000008
core   0: 0x800061be (0x02745633) divu    a2, s0, t2
core   0: 3 0x800061be (0x02745633) x12 0xffffffff
core   0: 0x800061c2 (0x00008b75) c.andi  a4, 29
core   0: 3 0x800061c2 (0x8b75) x14 0x00000000
core   0: 0x800061c4 (0x000083cd) c.srli  a5, 19
core   0: 3 0x800061c4 (0x83cd) x15 0x00000007
core   0: 0x800061c6 (0x01dae7b3) or      a5, s5, t4
core   0: 3 0x800061c6 (0x01dae7b3) x15 0xe4fcf152
core   0: 0x800061ca (0x0000197d) c.addi  s2, -1
core   0: 3 0x800061ca (0x197d) x18 0x00008000
core   0: 0x800061cc (0x012dd8b3) srl     a7, s11, s2
core   0: 3 0x800061cc (0x012dd8b3) x17 0x00000001
core   0: 0x800061d0 (0x022243b3) div     t2, tp, sp
core   0: 3 0x800061d0 (0x022243b3) x 7 0xffffffff
core   0: 0x800061d4 (0x026043b3) div     t2, zero, t1
core   0: 3 0x800061d4 (0x026043b3) x 7 0x00000000
core   0: 0x800061d8 (0x0000801d) c.srli  s0, 7
core   0: 3 0x800061d8 (0x801d) x 8 0x00000000
core   0: 0x800061da (0x00686cb3) or      s9, a6, t1
core   0: 3 0x800061da (0x00686cb3) x25 0xe63122d4
core   0: 0x800061de (0x01d149b3) xor     s3, sp, t4
core   0: 3 0x800061de (0x01d149b3) x19 0x00000000
core   0: 0x800061e2 (0x41bb00b3) sub     ra, s6, s11
core   0: 3 0x800061e2 (0x41bb00b3) x 1 0x00000000
core   0: 0x800061e6 (0x0114e2b3) or      t0, s1, a7
core   0: 3 0x800061e6 (0x0114e2b3) x 5 0x00000009
core   0: 0x800061ea (0x00001a1c) c.addi4spn a5, sp, 304
core   0: 3 0x800061ea (0x1a1c) x15 0x00000130
core   0: 0x800061ec (0x77e9ad93) slti    s11, s3, 1918
core   0: 3 0x800061ec (0x77e9ad93) x27 0x00000001
core   0: 0x800061f0 (0x03ba9733) mulh    a4, s5, s11
core   0: 3 0x800061f0 (0x03ba9733) x14 0xffffffff
core   0: 0x800061f4 (0x41b00eb3) sub     t4, zero, s11
core   0: 3 0x800061f4 (0x41b00eb3) x29 0xffffffff
core   0: 0x800061f8 (0x4dbf8117) auipc   sp, 0x4dbf8
core   0: 3 0x800061f8 (0x4dbf8117) x 2 0xcdbfe1f8
core   0: 0x800061fc (0x41e2d6b3) sra     a3, t0, t5
core   0: 3 0x800061fc (0x41e2d6b3) x13 0x00000009
core   0: 0x80006200 (0x03628633) mul     a2, t0, s6
core   0: 3 0x80006200 (0x03628633) x12 0x00000009
core   0: 0x80006204 (0x59b1f393) andi    t2, gp, 1435
core   0: 3 0x80006204 (0x59b1f393) x 7 0x0000041a
core   0: 0x80006208 (0x000089ce) c.mv    s3, s3
core   0: 3 0x80006208 (0x89ce) x19 0x00000000
core   0: 0x8000620a (0x00355113) srli    sp, a0, 3
core   0: 3 0x8000620a (0x00355113) x 2 0x000022e8
core   0: 0x8000620e (0x741aea93) ori     s5, s5, 1857
core   0: 3 0x8000620e (0x741aea93) x21 0xe4fcf753
core   0: 0x80006212 (0x00008731) c.srai  a4, 12
core   0: 3 0x80006212 (0x8731) x14 0xffffffff
core   0: 0x80006214 (0x00000001) c.nop
core   0: 3 0x80006214 (0x0001)
core   0: 0x80006216 (0x0a0c5037) lui     zero, 0xa0c5
core   0: 3 0x80006216 (0x0a0c5037)
core   0: 0x8000621a (0x024d1e33) mulh    t3, s10, tp
core   0: 3 0x8000621a (0x024d1e33) x28 0x00000000
core   0: 0x8000621e (0x00008bb6) c.mv    s7, a3
core   0: 3 0x8000621e (0x8bb6) x23 0x00000009
core   0: 0x80006220 (0x40bad8b3) sra     a7, s5, a1
core   0: 3 0x80006220 (0x40bad8b3) x17 0xffe4fcf7
core   0: 0x80006224 (0x00008d75) c.and   a0, a3
core   0: 3 0x80006224 (0x8d75) x10 0x00000001
core   0: 0x80006226 (0x00008f7d) c.and   a4, a5
core   0: 3 0x80006226 (0x8f7d) x14 0x00000130
core   0: 0x80006228 (0x41fc5113) srai    sp, s8, 31
core   0: 3 0x80006228 (0x41fc5113) x 2 0x00000000
core   0: 0x8000622c (0x025ce4b3) rem     s1, s9, t0
core   0: 3 0x8000622c (0x025ce4b3) x 9 0xffffffff
core   0: 0x80006230 (0xb1406993) ori     s3, zero, -1260
core   0: 3 0x80006230 (0xb1406993) x19 0xfffffb14
core   0: 0x80006234 (0x4d04ec13) ori     s8, s1, 1232
core   0: 3 0x80006234 (0x4d04ec13) x24 0xffffffff
core   0: 0x80006238 (0xcac79297) auipc   t0, 0xcac79
core   0: 3 0x80006238 (0xcac79297) x 5 0x4ac7f238
core   0: 0x8000623c (0xa3c27693) andi    a3, tp, -1476
core   0: 3 0x8000623c (0xa3c27693) x13 0x80013824
core   0: 0x80006240 (0x0000814e) c.mv    sp, s3
core   0: 3 0x80006240 (0x814e) x 2 0xfffffb14
core   0: 0x80006242 (0x00e2db33) srl     s6, t0, a4
core   0: 3 0x80006242 (0x00e2db33) x22 0x00004ac7
core   0: 0x80006246 (0x00edb2b3) sltu    t0, s11, a4
core   0: 3 0x80006246 (0x00edb2b3) x 5 0x00000001
core   0: 0x8000624a (0x000082b2) c.mv    t0, a2
core   0: 3 0x8000624a (0x82b2) x 5 0x00000009
core   0: 0x8000624c (0x00008a0d) c.andi  a2, 3
core   0: 3 0x8000624c (0x8a0d) x12 0x00000001
core   0: 0x8000624e (0x408f6e13) ori     t3, t5, 1032
core   0: 3 0x8000624e (0x408f6e13) x28 0x00000448
core   0: 0x80006252 (0x0062d993) srli    s3, t0, 6
core   0: 3 0x80006252 (0x0062d993) x19 0x00000000
core   0: 0x80006256 (0x01f9d0b3) srl     ra, s3, t6
core   0: 3 0x80006256 (0x01f9d0b3) x 1 0x00000000
core   0: 0x8000625a (0x0075ae33) slt     t3, a1, t2
core   0: 3 0x8000625a (0x0075ae33) x28 0x00000001
core   0: 0x8000625e (0x01b33733) sltu    a4, t1, s11
core   0: 3 0x8000625e (0x01b33733) x14 0x00000000
core   0: 0x80006262 (0x0159b633) sltu    a2, s3, s5
core   0: 3 0x80006262 (0x0159b633) x12 0x00000001
core   0: 0x80006266 (0x000003e1) c.addi  t2, 24
core   0: 3 0x80006266 (0x03e1) x 7 0x00000432
core   0: 0x80006268 (0x03b900b3) mul     ra, s2, s11
core   0: 3 0x80006268 (0x03b900b3) x 1 0x00008000
core   0: 0x8000626c (0x02c83b33) mulhu   s6, a6, a2
core   0: 3 0x8000626c (0x02c83b33) x22 0x00000000
core   0: 0x80006270 (0x03e62033) mulhsu  zero, a2, t5
core   0: 3 0x80006270 (0x03e62033)
core   0: 0x80006274 (0x00000001) c.nop
core   0: 3 0x80006274 (0x0001)
core   0: 0x80006276 (0x00b88ab3) add     s5, a7, a1
core   0: 3 0x80006276 (0x00b88ab3) x21 0xffe4fcff
core   0: 0x8000627a (0x00000001) c.nop
core   0: 3 0x8000627a (0x0001)
core   0: 0x8000627c (0x17318d93) addi    s11, gp, 371
core   0: 3 0x8000627c (0x17318d93) x27 0xffff75d1
core   0: 0x80006280 (0x0000813e) c.mv    sp, a5
core   0: 3 0x80006280 (0x813e) x 2 0x00000130
core   0: 0x80006282 (0x00008fd5) c.or    a5, a3
core   0: 3 0x80006282 (0x8fd5) x15 0x80013934
core   0: 0x80006284 (0x03af7c33) remu    s8, t5, s10
core   0: 3 0x80006284 (0x03af7c33) x24 0x00000040
core   0: 0x80006288 (0x00008c69) c.and   s0, a0
core   0: 3 0x80006288 (0x8c69) x 8 0x00000000
core   0: 0x8000628a (0x0000670d) c.lui   a4, 0x3
core   0: 3 0x8000628a (0x670d) x14 0x00003000
core   0: 0x8000628c (0x00006e11) c.lui   t3, 0x4
core   0: 3 0x8000628c (0x6e11) x28 0x00004000
core   0: 0x8000628e (0x021ff733) remu    a4, t6, ra
core   0: 3 0x8000628e (0x021ff733) x14 0x00000000
core   0: 0x80006292 (0x35f36a93) ori     s5, t1, 863
core   0: 3 0x80006292 (0x35f36a93) x21 0x8000035f
core   0: 0x80006296 (0x00008cd1) c.or    s1, a2
core   0: 3 0x80006296 (0x8cd1) x 9 0xffffffff
core   0: 0x80006298 (0x03a876b3) remu    a3, a6, s10
core   0: 3 0x80006298 (0x03a876b3) x13 0xe63122d4
core   0: 0x8000629c (0x002a30b3) sltu    ra, s4, sp
core   0: 3 0x8000629c (0x002a30b3) x 1 0x00000000
core   0: 0x800062a0 (0x01171613) slli    a2, a4, 17
core   0: 3 0x800062a0 (0x01171613) x12 0x00000000
core   0: 0x800062a4 (0x00c1a633) slt     a2, gp, a2
core   0: 3 0x800062a4 (0x00c1a633) x12 0x00000001
core   0: 0x800062a8 (0x007edab3) srl     s5, t4, t2
core   0: 3 0x800062a8 (0x007edab3) x21 0x00003fff
core   0: 0x800062ac (0x00229613) slli    a2, t0, 2
core   0: 3 0x800062ac (0x00229613) x12 0x00000024
core   0: 0x800062b0 (0x00009ad2) c.add   s5, s4
core   0: 3 0x800062b0 (0x9ad2) x21 0x80013e63
core   0: 0x800062b2 (0x03106eb3) rem     t4, zero, a7
core   0: 3 0x800062b2 (0x03106eb3) x29 0x00000000
core   0: 0x800062b6 (0x69d88693) addi    a3, a7, 1693
core   0: 3 0x800062b6 (0x69d88693) x13 0xffe50394
core   0: 0x800062ba (0x000290b3) sll     ra, t0, zero
core   0: 3 0x800062ba (0x000290b3) x 1 0x00000009
core   0: 0x800062be (0x01296533) or      a0, s2, s2
core   0: 3 0x800062be (0x01296533) x10 0x00008000
core   0: 0x800062c2 (0x02ebfcb3) remu    s9, s7, a4
core   0: 3 0x800062c2 (0x02ebfcb3) x25 0x00000009
core   0: 0x800062c6 (0x0360c3b3) div     t2, ra, s6
core   0: 3 0x800062c6 (0x0360c3b3) x 7 0xffffffff
core   0: 0x800062ca (0x00008d21) c.xor   a0, s0
core   0: 3 0x800062ca (0x8d21) x10 0x00008000
core   0: 0x800062cc (0x00000001) c.nop
core   0: 3 0x800062cc (0x0001)
core   0: 0x800062ce (0x00008051) c.srli  s0, 20
core   0: 3 0x800062ce (0x8051) x 8 0x00000000
core   0: 0x800062d0 (0x01179b33) sll     s6, a5, a7
core   0: 3 0x800062d0 (0x01179b33) x22 0x9a000000
core   0: 0x800062d4 (0x00001afd) c.addi  s5, -1
core   0: 3 0x800062d4 (0x1afd) x21 0x80013e62
core   0: 0x800062d6 (0x015eff33) and     t5, t4, s5
core   0: 3 0x800062d6 (0x015eff33) x30 0x00000000
core   0: 0x800062da (0x000cab33) slt     s6, s9, zero
core   0: 3 0x800062da (0x000cab33) x22 0x00000000
core   0: 0x800062de (0x0298e1b3) rem     gp, a7, s1
core   0: 3 0x800062de (0x0298e1b3) x 3 0x00000000
core   0: 0x800062e2 (0xfd142193) slti    gp, s0, -47
core   0: 3 0x800062e2 (0xfd142193) x 3 0x00000000
core   0: 0x800062e6 (0x000067bd) c.lui   a5, 0xf
core   0: 3 0x800062e6 (0x67bd) x15 0x0000f000
core   0: 0x800062e8 (0x000096ba) c.add   a3, a4
core   0: 3 0x800062e8 (0x96ba) x13 0xffe50394
core   0: 0x800062ea (0x007dccb3) xor     s9, s11, t2
core   0: 3 0x800062ea (0x007dccb3) x25 0x00008a2e
core   0: 0x800062ee (0x03e6e2b3) rem     t0, a3, t5
core   0: 3 0x800062ee (0x03e6e2b3) x 5 0xffe50394
core   0: 0x800062f2 (0x032b3e33) mulhu   t3, s6, s2
core   0: 3 0x800062f2 (0x032b3e33) x28 0x00000000
core   0: 0x800062f6 (0x006cdeb3) srl     t4, s9, t1
core   0: 3 0x800062f6 (0x006cdeb3) x29 0x00008a2e
core   0: 0x800062fa (0x00780633) add     a2, a6, t2
core   0: 3 0x800062fa (0x00780633) x12 0xe63122d3
core   0: 0x800062fe (0x01370bb3) add     s7, a4, s3
core   0: 3 0x800062fe (0x01370bb3) x23 0x00000000
core   0: 0x80006302 (0x009bf633) and     a2, s7, s1
core   0: 3 0x80006302 (0x009bf633) x12 0x00000000
core   0: 0x80006306 (0x01c010b3) sll     ra, zero, t3
core   0: 3 0x80006306 (0x01c010b3) x 1 0x00000000
core   0: 0x8000630a (0x41ff8fb3) sub     t6, t6, t6
core   0: 3 0x8000630a (0x41ff8fb3) x31 0x00000000
core   0: 0x8000630e (0x00807533) and     a0, zero, s0
core   0: 3 0x8000630e (0x00807533) x10 0x00000000
core   0: 0x80006312 (0x00008d75) c.and   a0, a3
core   0: 3 0x80006312 (0x8d75) x10 0x00000000
core   0: 0x80006314 (0xcd583d93) sltiu   s11, a6, -811
core   0: 3 0x80006314 (0xcd583d93) x27 0x00000001
core   0: 0x80006318 (0x007fb3b3) sltu    t2, t6, t2
core   0: 3 0x80006318 (0x007fb3b3) x 7 0x00000001
core   0: 0x8000631c (0x00000001) c.nop
core   0: 3 0x8000631c (0x0001)
core   0: 0x8000631e (0x00008c91) c.sub   s1, a2
core   0: 3 0x8000631e (0x8c91) x 9 0xffffffff
core   0: 0x80006320 (0x40d6d733) sra     a4, a3, a3
core   0: 3 0x80006320 (0x40d6d733) x14 0xfffffffe
core   0: 0x80006324 (0x01485e33) srl     t3, a6, s4
core   0: 3 0x80006324 (0x01485e33) x28 0x0e63122d
core   0: 0x80006328 (0x0000817e) c.mv    sp, t6
core   0: 3 0x80006328 (0x817e) x 2 0x00000000
core   0: 0x8000632a (0x2087f737) lui     a4, 0x2087f
core   0: 3 0x8000632a (0x2087f737) x14 0x2087f000
core   0: 0x8000632e (0x41aad113) srai    sp, s5, 26
core   0: 3 0x8000632e (0x41aad113) x 2 0xffffffe0
core   0: 0x80006332 (0x01d109b3) add     s3, sp, t4
core   0: 3 0x80006332 (0x01d109b3) x19 0x00008a0e
core   0: 0x80006336 (0x004395b3) sll     a1, t2, tp
core   0: 3 0x80006336 (0x004395b3) x11 0x00000010
core   0: 0x8000633a (0x00eeb9b3) sltu    s3, t4, a4
core   0: 3 0x8000633a (0x00eeb9b3) x19 0x00000001
core   0: 0x8000633e (0x00eb8b33) add     s6, s7, a4
core   0: 3 0x8000633e (0x00eb8b33) x22 0x2087f000
core   0: 0x80006342 (0x00cfc3b3) xor     t2, t6, a2
core   0: 3 0x80006342 (0x00cfc3b3) x 7 0x00000000
core   0: 0x80006346 (0x580ec413) xori    s0, t4, 1408
core   0: 3 0x80006346 (0x580ec413) x 8 0x00008fae
core   0: 0x8000634a (0x02f94533) div     a0, s2, a5
core   0: 3 0x8000634a (0x02f94533) x10 0x00000000
core   0: 0x8000634e (0xa400eb93) ori     s7, ra, -1472
core   0: 3 0x8000634e (0xa400eb93) x23 0xfffffa40
core   0: 0x80006352 (0x0000557d) c.li    a0, -1
core   0: 3 0x80006352 (0x557d) x10 0xffffffff
core   0: 0x80006354 (0x0000019e) c.slli  gp, 7
core   0: 3 0x80006354 (0x019e) x 3 0x00000000
core   0: 0x80006356 (0x01b8dab3) srl     s5, a7, s11
core   0: 3 0x80006356 (0x01b8dab3) x21 0x7ff27e7b
core   0: 0x8000635a (0x00311033) sll     zero, sp, gp
core   0: 3 0x8000635a (0x00311033)
core   0: 0x8000635e (0x00008a5d) c.andi  a2, 23
core   0: 3 0x8000635e (0x8a5d) x12 0x00000000
core   0: 0x80006360 (0x00000001) c.nop
core   0: 3 0x80006360 (0x0001)
core   0: 0x80006362 (0x1dfb2413) slti    s0, s6, 479
core   0: 3 0x80006362 (0x1dfb2413) x 8 0x00000000
core   0: 0x80006366 (0x01bd1fb3) sll     t6, s10, s11
core   0: 3 0x80006366 (0x01bd1fb3) x31 0x00000000
core   0: 0x8000636a (0x00008f3d) c.xor   a4, a5
core   0: 3 0x8000636a (0x8f3d) x14 0x20870000
core   0: 0x8000636c (0x00ae3d33) sltu    s10, t3, a0
core   0: 3 0x8000636c (0x00ae3d33) x26 0x00000001
core   0: 0x80006370 (0x00000001) c.nop
core   0: 3 0x80006370 (0x0001)
core   0: 0x80006372 (0x003dd693) srli    a3, s11, 3
core   0: 3 0x80006372 (0x003dd693) x13 0x00000000
core   0: 0x80006376 (0x0000886a) c.mv    a6, s10
core   0: 3 0x80006376 (0x886a) x16 0x00000001
core   0: 0x80006378 (0x022f7b33) remu    s6, t5, sp
core   0: 3 0x80006378 (0x022f7b33) x22 0x00000000
core   0: 0x8000637c (0x000082e1) c.srli  a3, 24
core   0: 3 0x8000637c (0x82e1) x13 0x00000000
core   0: 0x8000637e (0x00008129) c.srli  a0, 10
core   0: 3 0x8000637e (0x8129) x10 0x003fffff
core   0: 0x80006380 (0x0389d3b3) divu    t2, s3, s8
core   0: 3 0x80006380 (0x0389d3b3) x 7 0x00000000
core   0: 0x80006384 (0x0000717d) c.addi16sp sp, -16
core   0: 3 0x80006384 (0x717d) x 2 0xffffffd0
core   0: 0x80006386 (0x004e6db3) or      s11, t3, tp
core   0: 3 0x80006386 (0x004e6db3) x27 0x8e633eed
core   0: 0x8000638a (0x00008fbd) c.xor   a5, a5
core   0: 3 0x8000638a (0x8fbd) x15 0x00000000
core   0: 0x8000638c (0x00008e1d) c.sub   a2, a5
core   0: 3 0x8000638c (0x8e1d) x12 0x00000000
core   0: 0x8000638e (0x03dc8bb3) mul     s7, s9, t4
core   0: 3 0x8000638e (0x03dc8bb3) x23 0x4a95a044
core   0: 0x80006392 (0x00008499) c.srai  s1, 6
core   0: 3 0x80006392 (0x8499) x 9 0xffffffff
core   0: 0x80006394 (0x00caf833) and     a6, s5, a2
core   0: 3 0x80006394 (0x00caf833) x16 0x00000000
core   0: 0x80006398 (0xb0d5a893) slti    a7, a1, -1267
core   0: 3 0x80006398 (0xb0d5a893) x17 0x00000000
core   0: 0x8000639c (0x00004b61) c.li    s6, 24
core   0: 3 0x8000639c (0x4b61) x22 0x00000018
core   0: 0x8000639e (0x00001308) c.addi4spn a0, sp, 416
core   0: 3 0x8000639e (0x1308) x10 0x00000170
core   0: 0x800063a0 (0x00008449) c.srai  s0, 18
core   0: 3 0x800063a0 (0x8449) x 8 0x00000000
core   0: 0x800063a2 (0x0000197d) c.addi  s2, -1
core   0: 3 0x800063a2 (0x197d) x18 0x00007fff
core   0: 0x800063a4 (0x011e14b3) sll     s1, t3, a7
core   0: 3 0x800063a4 (0x011e14b3) x 9 0x0e63122d
core   0: 0x800063a8 (0x00008ef9) c.and   a3, a4
core   0: 3 0x800063a8 (0x8ef9) x13 0x00000000
core   0: 0x800063aa (0x00008c55) c.or    s0, a3
core   0: 3 0x800063aa (0x8c55) x 8 0x00000000
core   0: 0x800063ac (0x02a59ab3) mulh    s5, a1, a0
core   0: 3 0x800063ac (0x02a59ab3) x21 0x00000000
core   0: 0x800063b0 (0x00fe5093) srli    ra, t3, 15
core   0: 3 0x800063b0 (0x00fe5093) x 1 0x00001cc6
core   0: 0x800063b4 (0x406507b3) sub     a5, a0, t1
core   0: 3 0x800063b4 (0x406507b3) x15 0x80000170
core   0: 0x800063b8 (0x00000001) c.nop
core   0: 3 0x800063b8 (0x0001)
core   0: 0x800063ba (0x000081a9) c.srli  a1, 10
core   0: 3 0x800063ba (0x81a9) x11 0x00000000
core   0: 0x800063bc (0x00465533) srl     a0, a2, tp
core   0: 3 0x800063bc (0x00465533) x10 0x00000000
core   0: 0x800063c0 (0x00cb3133) sltu    sp, s6, a2
core   0: 3 0x800063c0 (0x00cb3133) x 2 0x00000000
core   0: 0x800063c4 (0x00000001) c.nop
core   0: 3 0x800063c4 (0x0001)
core   0: 0x800063c6 (0xa3c9f193) andi    gp, s3, -1476
core   0: 3 0x800063c6 (0xa3c9f193) x 3 0x00000000
core   0: 0x800063ca (0x40ef0ab3) sub     s5, t5, a4
core   0: 3 0x800063ca (0x40ef0ab3) x21 0xdf790000
core   0: 0x800063ce (0x0031ed33) or      s10, gp, gp
core   0: 3 0x800063ce (0x0031ed33) x26 0x00000000
core   0: 0x800063d2 (0x0158c2b3) xor     t0, a7, s5
core   0: 3 0x800063d2 (0x0158c2b3) x 5 0xdf790000
core   0: 0x800063d6 (0x05b4e613) ori     a2, s1, 91
core   0: 3 0x800063d6 (0x05b4e613) x12 0x0e63127f
core   0: 0x800063da (0x03e3dab3) divu    s5, t2, t5
core   0: 3 0x800063da (0x03e3dab3) x21 0xffffffff
core   0: 0x800063de (0x02e20d33) mul     s10, tp, a4
core   0: 3 0x800063de (0x02e20d33) x26 0x9c3c0000
core   0: 0x800063e2 (0x4959ef17) auipc   t5, 0x4959e
core   0: 3 0x800063e2 (0x4959ef17) x30 0xc95a43e2
core   0: 0x800063e6 (0x00000d00) c.addi4spn s0, sp, 656
core   0: 3 0x800063e6 (0x0d00) x 8 0x00000290
core   0: 0x800063e8 (0x00000001) c.nop
core   0: 3 0x800063e8 (0x0001)
core   0: 0x800063ea (0xcc56c013) xori    zero, a3, -827
core   0: 3 0x800063ea (0xcc56c013)
core   0: 0x800063ee (0x030f75b3) remu    a1, t5, a6
core   0: 3 0x800063ee (0x030f75b3) x11 0xc95a43e2
core   0: 0x800063f2 (0xa5f5cb97) auipc   s7, 0xa5f5c
core   0: 3 0x800063f2 (0xa5f5cb97) x23 0x25f623f2
core   0: 0x800063f6 (0x00000001) c.nop
core   0: 3 0x800063f6 (0x0001)
core   0: 0x800063f8 (0x0283bbb3) mulhu   s7, t2, s0
core   0: 3 0x800063f8 (0x0283bbb3) x23 0x00000000
core   0: 0x800063fc (0x00008c11) c.sub   s0, a2
core   0: 3 0x800063fc (0x8c11) x 8 0xf19cf011
core   0: 0x800063fe (0x3927c637) lui     a2, 0x3927c
core   0: 3 0x800063fe (0x3927c637) x12 0x3927c000
core   0: 0x80006402 (0x000082b1) c.srli  a3, 12
core   0: 3 0x80006402 (0x82b1) x13 0x00000000
core   0: 0x80006404 (0x00b9d113) srli    sp, s3, 11
core   0: 3 0x80006404 (0x00b9d113) x 2 0x00000000
core   0: 0x80006408 (0x401cd293) srai    t0, s9, 1
core   0: 3 0x80006408 (0x401cd293) x 5 0x00004517
core   0: 0x8000640c (0x000083e1) c.srli  a5, 24
core   0: 3 0x8000640c (0x83e1) x15 0x00000080
core   0: 0x8000640e (0x00008dc1) c.or    a1, s0
core   0: 3 0x8000640e (0x8dc1) x11 0xf9def3f3
core   0: 0x80006410 (0xc1c38893) addi    a7, t2, -996
core   0: 3 0x80006410 (0xc1c38893) x17 0xfffffc1c
core   0: 0x80006414 (0x004f26b3) slt     a3, t5, tp
core   0: 3 0x80006414 (0x004f26b3) x13 0x00000000
core   0: 0x80006418 (0x00008e01) c.sub   a2, s0
core   0: 3 0x80006418 (0x8e01) x12 0x478acfef
core   0: 0x8000641a (0x012f7cb3) and     s9, t5, s2
core   0: 3 0x8000641a (0x012f7cb3) x25 0x000043e2
core   0: 0x8000641e (0x00008419) c.srai  s0, 6
core   0: 3 0x8000641e (0x8419) x 8 0xffc673c0
core   0: 0x80006420 (0x65c77713) andi    a4, a4, 1628
core   0: 3 0x80006420 (0x65c77713) x14 0x00000000
core   0: 0x80006424 (0x352bae13) slti    t3, s7, 850
core   0: 3 0x80006424 (0x352bae13) x28 0x00000001
core   0: 0x80006428 (0x403f8eb3) sub     t4, t6, gp
core   0: 3 0x80006428 (0x403f8eb3) x29 0x00000000
core   0: 0x8000642c (0x00591193) slli    gp, s2, 5
core   0: 3 0x8000642c (0x00591193) x 3 0x000fffe0
core   0: 0x80006430 (0x00008cd5) c.or    s1, a3
core   0: 3 0x80006430 (0x8cd5) x 9 0x0e63122d
core   0: 0x80006432 (0xf189fd93) andi    s11, s3, -232
core   0: 3 0x80006432 (0xf189fd93) x27 0x00000000
core   0: 0x80006436 (0x000093aa) c.add   t2, a0
core   0: 3 0x80006436 (0x93aa) x 7 0x00000000
core   0: 0x80006438 (0x00006589) c.lui   a1, 0x2
core   0: 3 0x80006438 (0x6589) x11 0x00002000
core   0: 0x8000643a (0x23f22fb7) lui     t6, 0x23f22
core   0: 3 0x8000643a (0x23f22fb7) x31 0x23f22000
core   0: 0x8000643e (0x039c4b33) div     s6, s8, s9
core   0: 3 0x8000643e (0x039c4b33) x22 0x00000000
core   0: 0x80006442 (0xbbbc8093) addi    ra, s9, -1093
core   0: 3 0x80006442 (0xbbbc8093) x 1 0x00003f9d
core   0: 0x80006446 (0x021392b3) mulh    t0, t2, ra
core   0: 3 0x80006446 (0x021392b3) x 5 0x00000000
core   0: 0x8000644a (0x40a1dfb3) sra     t6, gp, a0
core   0: 3 0x8000644a (0x40a1dfb3) x31 0x000fffe0
core   0: 0x8000644e (0x41d6d7b3) sra     a5, a3, t4
core   0: 3 0x8000644e (0x41d6d7b3) x15 0x00000000
core   0: 0x80006452 (0x00008df9) c.and   a1, a4
core   0: 3 0x80006452 (0x8df9) x11 0x00000000
core   0: 0x80006454 (0x02623633) mulhu   a2, tp, t1
core   0: 3 0x80006454 (0x02623633) x12 0x40009e72
core   0: 0x80006458 (0x00009812) c.add   a6, tp
core   0: 3 0x80006458 (0x9812) x16 0x80013ce4
core   0: 0x8000645a (0x00000fe9) c.addi  t6, 26
core   0: 3 0x8000645a (0x0fe9) x31 0x000ffffa
core   0: 0x8000645c (0x00009afd) c.andi  a3, -1
core   0: 3 0x8000645c (0x9afd) x13 0x00000000
core   0: 0x8000645e (0x0247d933) divu    s2, a5, tp
core   0: 3 0x8000645e (0x0247d933) x18 0x00000000
core   0: 0x80006462 (0x489ebe93) sltiu   t4, t4, 1161
core   0: 3 0x80006462 (0x489ebe93) x29 0x00000001
core   0: 0x80006466 (0x034b4db3) div     s11, s6, s4
core   0: 3 0x80006466 (0x034b4db3) x27 0x00000000
core   0: 0x8000646a (0x0382db33) divu    s6, t0, s8
core   0: 3 0x8000646a (0x0382db33) x22 0x00000000
core   0: 0x8000646e (0x13ac8713) addi    a4, s9, 314
core   0: 3 0x8000646e (0x13ac8713) x14 0x0000451c
core   0: 0x80006472 (0x00008339) c.srli  a4, 14
core   0: 3 0x80006472 (0x8339) x14 0x00000001
core   0: 0x80006474 (0x01a8d993) srli    s3, a7, 26
core   0: 3 0x80006474 (0x01a8d993) x19 0x0000003f
core   0: 0x80006478 (0x0239dbb3) divu    s7, s3, gp
core   0: 3 0x80006478 (0x0239dbb3) x23 0x00000000
core   0: 0x8000647c (0x0b26c593) xori    a1, a3, 178
core   0: 3 0x8000647c (0x0b26c593) x11 0x000000b2
core   0: 0x80006480 (0x0020e2b3) or      t0, ra, sp
core   0: 3 0x80006480 (0x0020e2b3) x 5 0x00003f9d
core   0: 0x80006484 (0x01595d93) srli    s11, s2, 21
core   0: 3 0x80006484 (0x01595d93) x27 0x00000000
core   0: 0x80006488 (0x8bf98d37) lui     s10, 0x8bf98
core   0: 3 0x80006488 (0x8bf98d37) x26 0x8bf98000
core   0: 0x8000648c (0x00000001) c.nop
core   0: 3 0x8000648c (0x0001)
core   0: 0x8000648e (0x01bcd493) srli    s1, s9, 27
core   0: 3 0x8000648e (0x01bcd493) x 9 0x00000000
core   0: 0x80006492 (0x00008522) c.mv    a0, s0
core   0: 3 0x80006492 (0x8522) x10 0xffc673c0
core   0: 0x80006494 (0x02bccc33) div     s8, s9, a1
core   0: 3 0x80006494 (0x02bccc33) x24 0x00000061
core   0: 0x80006498 (0x40015db3) sra     s11, sp, zero
core   0: 3 0x80006498 (0x40015db3) x27 0x00000000
core   0: 0x8000649c (0x41730fb3) sub     t6, t1, s7
core   0: 3 0x8000649c (0x41730fb3) x31 0x80000000
core   0: 0x800064a0 (0x0041df13) srli    t5, gp, 4
core   0: 3 0x800064a0 (0x0041df13) x30 0x0000fffe
core   0: 0x800064a4 (0x030bb533) mulhu   a0, s7, a6
core   0: 3 0x800064a4 (0x030bb533) x10 0x00000000
core   0: 0x800064a8 (0x000099ce) c.add   s3, s3
core   0: 3 0x800064a8 (0x99ce) x19 0x0000007e
core   0: 0x800064aa (0x00000001) c.nop
core   0: 3 0x800064aa (0x0001)
core   0: 0x800064ac (0xaa5b8413) addi    s0, s7, -1371
core   0: 3 0x800064ac (0xaa5b8413) x 8 0xfffffaa5
core   0: 0x800064b0 (0x000044c5) c.li    s1, 17
core   0: 3 0x800064b0 (0x44c5) x 9 0x00000011
core   0: 0x800064b2 (0x03c096b3) mulh    a3, ra, t3
core   0: 3 0x800064b2 (0x03c096b3) x13 0x00000000
core   0: 0x800064b6 (0x54a93813) sltiu   a6, s2, 1354
core   0: 3 0x800064b6 (0x54a93813) x16 0x00000001
core   0: 0x800064ba (0x000004fa) c.slli  s1, 30
core   0: 3 0x800064ba (0x04fa) x 9 0x40000000
core   0: 0x800064bc (0x000088c1) c.andi  s1, 16
core   0: 3 0x800064bc (0x88c1) x 9 0x00000000
core   0: 0x800064be (0x03c8f633) remu    a2, a7, t3
core   0: 3 0x800064be (0x03c8f633) x12 0x00000000
core   0: 0x800064c2 (0x0036acb3) slt     s9, a3, gp
core   0: 3 0x800064c2 (0x0036acb3) x25 0x00000001
core   0: 0x800064c6 (0x00cc89b3) add     s3, s9, a2
core   0: 3 0x800064c6 (0x00cc89b3) x19 0x00000001
core   0: 0x800064ca (0x00000e04) c.addi4spn s1, sp, 784
core   0: 3 0x800064ca (0x0e04) x 9 0x00000310
core   0: 0x800064cc (0x00006c8d) c.lui   s9, 0x3
core   0: 3 0x800064cc (0x6c8d) x25 0x00003000
core   0: 0x800064ce (0x405bdc33) sra     s8, s7, t0
core   0: 3 0x800064ce (0x405bdc33) x24 0x00000000
core   0: 0x800064d2 (0x00000e9e) c.slli  t4, 7
core   0: 3 0x800064d2 (0x0e9e) x29 0x00000080
core   0: 0x800064d4 (0x0048df93) srli    t6, a7, 4
core   0: 3 0x800064d4 (0x0048df93) x31 0x0fffffc1
core   0: 0x800064d8 (0x0131b933) sltu    s2, gp, s3
core   0: 3 0x800064d8 (0x0131b933) x18 0x00000000
core   0: 0x800064dc (0x0000717d) c.addi16sp sp, -16
core   0: 3 0x800064dc (0x717d) x 2 0xfffffff0
core   0: 0x800064de (0x00000001) c.nop
core   0: 3 0x800064de (0x0001)
core   0: 0x800064e0 (0xd1c88513) addi    a0, a7, -740
core   0: 3 0x800064e0 (0xd1c88513) x10 0xfffff938
core   0: 0x800064e4 (0x00008c3d) c.xor   s0, a5
core   0: 3 0x800064e4 (0x8c3d) x 8 0xfffffaa5
core   0: 0x800064e6 (0x00000001) c.nop
core   0: 3 0x800064e6 (0x0001)
core   0: 0x800064e8 (0x0000869d) c.srai  a3, 7
core   0: 3 0x800064e8 (0x869d) x13 0x00000000
core   0: 0x800064ea (0x0000917e) c.add   sp, t6
core   0: 3 0x800064ea (0x917e) x 2 0x0fffffb1
core   0: 0x800064ec (0x00008cbd) c.xor   s1, a5
core   0: 3 0x800064ec (0x8cbd) x 9 0x00000310
core   0: 0x800064ee (0x0096cdb3) xor     s11, a3, s1
core   0: 3 0x800064ee (0x0096cdb3) x27 0x00000310
core   0: 0x800064f2 (0x00008ec9) c.or    a3, a0
core   0: 3 0x800064f2 (0x8ec9) x13 0xfffff938
core   0: 0x800064f4 (0x41118e33) sub     t3, gp, a7
core   0: 3 0x800064f4 (0x41118e33) x28 0x001003c4
core   0: 0x800064f8 (0x404c0c33) sub     s8, s8, tp
core   0: 3 0x800064f8 (0x404c0c33) x24 0x7ffec31c
core   0: 0x800064fc (0x41e90eb3) sub     t4, s2, t5
core   0: 3 0x800064fc (0x41e90eb3) x29 0xffff0002
core   0: 0x80006500 (0x01748cb3) add     s9, s1, s7
core   0: 3 0x80006500 (0x01748cb3) x25 0x00000310
core   0: 0x80006504 (0xacb47493) andi    s1, s0, -1333
core   0: 3 0x80006504 (0xacb47493) x 9 0xfffffa81
core   0: 0x80006508 (0x00000c04) c.addi4spn s1, sp, 528
core   0: 3 0x80006508 (0x0c04) x 9 0x100001c1
core   0: 0x8000650a (0x001d31b3) sltu    gp, s10, ra
core   0: 3 0x8000650a (0x001d31b3) x 3 0x00000000
core   0: 0x8000650e (0x02954eb3) div     t4, a0, s1
core   0: 3 0x8000650e (0x02954eb3) x29 0x00000000
core   0: 0x80006512 (0x01cb1bb3) sll     s7, s6, t3
core   0: 3 0x80006512 (0x01cb1bb3) x23 0x00000000
core   0: 0x80006516 (0x00008d3d) c.xor   a0, a5
core   0: 3 0x80006516 (0x8d3d) x10 0xfffff938
core   0: 0x80006518 (0x4083d133) sra     sp, t2, s0
core   0: 3 0x80006518 (0x4083d133) x 2 0x00000000
core   0: 0x8000651c (0x03e2fe33) remu    t3, t0, t5
core   0: 3 0x8000651c (0x03e2fe33) x28 0x00003f9d
core   0: 0x80006520 (0x02c6f4b3) remu    s1, a3, a2
core   0: 3 0x80006520 (0x02c6f4b3) x 9 0xfffff938
core   0: 0x80006524 (0x416bd8b3) sra     a7, s7, s6
core   0: 3 0x80006524 (0x416bd8b3) x17 0x00000000
core   0: 0x80006528 (0x00f361b3) or      gp, t1, a5
core   0: 3 0x80006528 (0x00f361b3) x 3 0x80000000
core   0: 0x8000652c (0x02324cb3) div     s9, tp, gp
core   0: 3 0x8000652c (0x02324cb3) x25 0x00000000
core   0: 0x80006530 (0x40385993) srai    s3, a6, 3
core   0: 3 0x80006530 (0x40385993) x19 0x00000000
core   0: 0x80006534 (0xd64ab193) sltiu   gp, s5, -668
core   0: 3 0x80006534 (0xd64ab193) x 3 0x00000000
core   0: 0x80006538 (0x01479133) sll     sp, a5, s4
core   0: 3 0x80006538 (0x01479133) x 2 0x00000000
core   0: 0x8000653c (0x00008b2e) c.mv    s6, a1
core   0: 3 0x8000653c (0x8b2e) x22 0x000000b2
core   0: 0x8000653e (0xb03a8d13) addi    s10, s5, -1277
core   0: 3 0x8000653e (0xb03a8d13) x26 0xfffffb02
core   0: 0x80006542 (0x015e5fb3) srl     t6, t3, s5
core   0: 3 0x80006542 (0x015e5fb3) x31 0x00000000
core   0: 0x80006546 (0x00006131) c.addi16sp sp, 320
core   0: 3 0x80006546 (0x6131) x 2 0x00000140
core   0: 0x80006548 (0x0080f533) and     a0, ra, s0
core   0: 3 0x80006548 (0x0080f533) x10 0x00003a85
core   0: 0x8000654c (0x0000987d) c.andi  s0, -1
core   0: 3 0x8000654c (0x987d) x 8 0xfffffaa5
core   0: 0x8000654e (0x00006c31) c.lui   s8, 0xc
core   0: 3 0x8000654e (0x6c31) x24 0x0000c000
core   0: 0x80006550 (0x00009afd) c.andi  a3, -1
core   0: 3 0x80006550 (0x9afd) x13 0xfffff938
core   0: 0x80006552 (0x000052fd) c.li    t0, -1
core   0: 3 0x80006552 (0x52fd) x 5 0xffffffff
core   0: 0x80006554 (0x02bf37b3) mulhu   a5, t5, a1
core   0: 3 0x80006554 (0x02bf37b3) x15 0x00000000
core   0: 0x80006558 (0x022be433) rem     s0, s7, sp
core   0: 3 0x80006558 (0x022be433) x 8 0x00000000
core   0: 0x8000655c (0x317a6913) ori     s2, s4, 791
core   0: 3 0x8000655c (0x317a6913) x18 0x8000ff77
core   0: 0x80006560 (0x03facc33) div     s8, s5, t6
core   0: 3 0x80006560 (0x03facc33) x24 0xffffffff
core   0: 0x80006564 (0x033a0033) mul     zero, s4, s3
core   0: 3 0x80006564 (0x033a0033)
core   0: 0x80006568 (0x01228e33) add     t3, t0, s2
core   0: 3 0x80006568 (0x01228e33) x28 0x8000ff76
core   0: 0x8000656c (0x006a9813) slli    a6, s5, 6
core   0: 3 0x8000656c (0x006a9813) x16 0xffffffc0
core   0: 0x80006570 (0x0000013d) c.addi  sp, 15
core   0: 3 0x80006570 (0x013d) x 2 0x0000014f
core   0: 0x80006572 (0x6dccf993) andi    s3, s9, 1756
core   0: 3 0x80006572 (0x6dccf993) x19 0x00000000
core   0: 0x80006576 (0x016dfb33) and     s6, s11, s6
core   0: 3 0x80006576 (0x016dfb33) x22 0x00000010
core   0: 0x8000657a (0x000004aa) c.slli  s1, 10
core   0: 3 0x8000657a (0x04aa) x 9 0xffe4e000
core   0: 0x8000657c (0x0141f633) and     a2, gp, s4
core   0: 3 0x8000657c (0x0141f633) x12 0x00000000
core   0: 0x80006580 (0x4328eb93) ori     s7, a7, 1074
core   0: 3 0x80006580 (0x4328eb93) x23 0x00000432
core   0: 0x80006584 (0x00006111) c.addi16sp sp, 256
core   0: 3 0x80006584 (0x6111) x 2 0x0000024f
core   0: 0x80006586 (0xc3c79cb7) lui     s9, 0xc3c79
core   0: 3 0x80006586 (0xc3c79cb7) x25 0xc3c79000
core   0: 0x8000658a (0x0178e833) or      a6, a7, s7
core   0: 3 0x8000658a (0x0178e833) x16 0x00000432
core   0: 0x8000658e (0x00008565) c.srai  a0, 25
core   0: 3 0x8000658e (0x8565) x10 0x00000000
core   0: 0x80006590 (0x0132bbb3) sltu    s7, t0, s3
core   0: 3 0x80006590 (0x0132bbb3) x23 0x00000000
core   0: 0x80006594 (0x039f72b3) remu    t0, t5, s9
core   0: 3 0x80006594 (0x039f72b3) x 5 0x0000fffe
core   0: 0x80006598 (0x01099db3) sll     s11, s3, a6
core   0: 3 0x80006598 (0x01099db3) x27 0x00000000
core   0: 0x8000659c (0x0352ccb3) div     s9, t0, s5
core   0: 3 0x8000659c (0x0352ccb3) x25 0xffff0002
core   0: 0x800065a0 (0x0294cd33) div     s10, s1, s1
core   0: 3 0x800065a0 (0x0294cd33) x26 0x00000001
core   0: 0x800065a4 (0x000060b5) c.lui   ra, 0xd
core   0: 3 0x800065a4 (0x60b5) x 1 0x0000d000
core   0: 0x800065a6 (0x01588eb3) add     t4, a7, s5
core   0: 3 0x800065a6 (0x01588eb3) x29 0xffffffff
core   0: 0x800065aa (0x028f05b3) mul     a1, t5, s0
core   0: 3 0x800065aa (0x028f05b3) x11 0x00000000
core   0: 0x800065ae (0x037662b3) rem     t0, a2, s7
core   0: 3 0x800065ae (0x037662b3) x 5 0x00000000
core   0: 0x800065b2 (0x01090cb3) add     s9, s2, a6
core   0: 3 0x800065b2 (0x01090cb3) x25 0x800103a9
core   0: 0x800065b6 (0x01d92833) slt     a6, s2, t4
core   0: 3 0x800065b6 (0x01d92833) x16 0x00000001
core   0: 0x800065ba (0x00008ecd) c.or    a3, a1
core   0: 3 0x800065ba (0x8ecd) x13 0xfffff938
core   0: 0x800065bc (0x4142d813) srai    a6, t0, 20
core   0: 3 0x800065bc (0x4142d813) x16 0x00000000
core   0: 0x800065c0 (0x0125f533) and     a0, a1, s2
core   0: 3 0x800065c0 (0x0125f533) x10 0x00000000
core   0: 0x800065c4 (0x00008c7e) c.mv    s8, t6
core   0: 3 0x800065c4 (0x8c7e) x24 0x00000000
core   0: 0x800065c6 (0x022fa633) mulhsu  a2, t6, sp
core   0: 3 0x800065c6 (0x022fa633) x12 0x00000000
core   0: 0x800065ca (0x036c9533) mulh    a0, s9, s6
core   0: 3 0x800065ca (0x036c9533) x10 0xfffffff8
core   0: 0x800065ce (0x018d1e33) sll     t3, s10, s8
core   0: 3 0x800065ce (0x018d1e33) x28 0x00000001
core   0: 0x800065d2 (0x88c2a497) auipc   s1, 0x88c2a
core   0: 3 0x800065d2 (0x88c2a497) x 9 0x08c305d2
core   0: 0x800065d6 (0x000016fd) c.addi  a3, -1
core   0: 3 0x800065d6 (0x16fd) x13 0xfffff937
core   0: 0x800065d8 (0x00008f01) c.sub   a4, s0
core   0: 3 0x800065d8 (0x8f01) x14 0x00000001
core   0: 0x800065da (0x400908b3) sub     a7, s2, zero
core   0: 3 0x800065da (0x400908b3) x17 0x8000ff77
core   0: 0x800065de (0x00c600b3) add     ra, a2, a2
core   0: 3 0x800065de (0x00c600b3) x 1 0x00000000
core   0: 0x800065e2 (0x40c603b3) sub     t2, a2, a2
core   0: 3 0x800065e2 (0x40c603b3) x 7 0x00000000
core   0: 0x800065e6 (0x48d18db7) lui     s11, 0x48d18
core   0: 3 0x800065e6 (0x48d18db7) x27 0x48d18000
core   0: 0x800065ea (0x00a2c5b3) xor     a1, t0, a0
core   0: 3 0x800065ea (0x00a2c5b3) x11 0xfffffff8
core   0: 0x800065ee (0x00583b33) sltu    s6, a6, t0
core   0: 3 0x800065ee (0x00583b33) x22 0x00000000
core   0: 0x800065f2 (0x02de7433) remu    s0, t3, a3
core   0: 3 0x800065f2 (0x02de7433) x 8 0x00000001
core   0: 0x800065f6 (0x000067a1) c.lui   a5, 0x8
core   0: 3 0x800065f6 (0x67a1) x15 0x00008000
core   0: 0x800065f8 (0x018a9833) sll     a6, s5, s8
core   0: 3 0x800065f8 (0x018a9833) x16 0xffffffff
core   0: 0x800065fc (0x36274713) xori    a4, a4, 866
core   0: 3 0x800065fc (0x36274713) x14 0x00000363
core   0: 0x80006600 (0x00004435) c.li    s0, 13
core   0: 3 0x80006600 (0x4435) x 8 0x0000000d
core   0: 0x80006602 (0x035982b3) mul     t0, s3, s5
core   0: 3 0x80006602 (0x035982b3) x 5 0x00000000
core   0: 0x80006606 (0x009207b3) add     a5, tp, s1
core   0: 3 0x80006606 (0x009207b3) x15 0x88c442b6
core   0: 0x8000660a (0x037f77b3) remu    a5, t5, s7
core   0: 3 0x8000660a (0x037f77b3) x15 0x0000fffe
core   0: 0x8000660e (0xd06c41b7) lui     gp, 0xd06c4
core   0: 3 0x8000660e (0xd06c41b7) x 3 0xd06c4000
core   0: 0x80006612 (0xf6286113) ori     sp, a6, -158
core   0: 3 0x80006612 (0xf6286113) x 2 0xffffffff
core   0: 0x80006616 (0x000083a5) c.srli  a5, 9
core   0: 3 0x80006616 (0x83a5) x15 0x0000007f
core   0: 0x80006618 (0x40345113) srai    sp, s0, 3
core   0: 3 0x80006618 (0x40345113) x 2 0x00000001
core   0: 0x8000661c (0x033bb3b3) mulhu   t2, s7, s3
core   0: 3 0x8000661c (0x033bb3b3) x 7 0x00000000
core   0: 0x80006620 (0x0000d513) srli    a0, ra, 0
core   0: 3 0x80006620 (0x0000d513) x10 0x00000000
core   0: 0x80006624 (0x009f71b3) and     gp, t5, s1
core   0: 3 0x80006624 (0x009f71b3) x 3 0x000005d2
core   0: 0x80006628 (0xfb30a893) slti    a7, ra, -77
core   0: 3 0x80006628 (0xfb30a893) x17 0x00000000
core   0: 0x8000662c (0x00000f7a) c.slli  t5, 30
core   0: 3 0x8000662c (0x0f7a) x30 0x80000000
core   0: 0x8000662e (0xec2a4793) xori    a5, s4, -318
core   0: 3 0x8000662e (0xec2a4793) x15 0x7fff00a6
core   0: 0x80006632 (0x012aa7b3) slt     a5, s5, s2
core   0: 3 0x80006632 (0x012aa7b3) x15 0x00000000
core   0: 0x80006636 (0x2fc77513) andi    a0, a4, 764
core   0: 3 0x80006636 (0x2fc77513) x10 0x00000260
core   0: 0x8000663a (0x00000001) c.nop
core   0: 3 0x8000663a (0x0001)
core   0: 0x8000663c (0x00000001) c.nop
core   0: 3 0x8000663c (0x0001)
core   0: 0x8000663e (0x00000f79) c.addi  t5, 30
core   0: 3 0x8000663e (0x0f79) x30 0x8000001e
core   0: 0x80006640 (0x02269033) mulh    zero, a3, sp
core   0: 3 0x80006640 (0x02269033)
core   0: 0x80006644 (0x00001b7d) c.addi  s6, -1
core   0: 3 0x80006644 (0x1b7d) x22 0xffffffff
core   0: 0x80006646 (0xed674113) xori    sp, a4, -298
core   0: 3 0x80006646 (0xed674113) x 2 0xfffffdb5
core   0: 0x8000664a (0x5da7ef93) ori     t6, a5, 1498
core   0: 3 0x8000664a (0x5da7ef93) x31 0x000005da
core   0: 0x8000664e (0x028a3fb3) mulhu   t6, s4, s0
core   0: 3 0x8000664e (0x028a3fb3) x31 0x00000006
core   0: 0x80006652 (0xee99ccb7) lui     s9, 0xee99c
core   0: 3 0x80006652 (0xee99ccb7) x25 0xee99c000
core   0: 0x80006656 (0x027c3bb3) mulhu   s7, s8, t2
core   0: 3 0x80006656 (0x027c3bb3) x23 0x00000000
core   0: 0x8000665a (0x00008e95) c.sub   a3, a3
core   0: 3 0x8000665a (0x8e95) x13 0x00000000
core   0: 0x8000665c (0x00008279) c.srli  a2, 30
core   0: 3 0x8000665c (0x8279) x12 0x00000000
core   0: 0x8000665e (0x036c3ab3) mulhu   s5, s8, s6
core   0: 3 0x8000665e (0x036c3ab3) x21 0x00000000
core   0: 0x80006662 (0x41658b33) sub     s6, a1, s6
core   0: 3 0x80006662 (0x41658b33) x22 0xfffffff9
core   0: 0x80006666 (0x00008b59) c.andi  a4, 22
core   0: 3 0x80006666 (0x8b59) x14 0x00000002
core   0: 0x80006668 (0x0076f633) and     a2, a3, t2
core   0: 3 0x80006668 (0x0076f633) x12 0x00000000
core   0: 0x8000666c (0xb6b26913) ori     s2, tp, -1173
core   0: 3 0x8000666c (0xb6b26913) x18 0xffffffef
core   0: 0x80006670 (0xd8723d13) sltiu   s10, tp, -633
core   0: 3 0x80006670 (0xd8723d13) x26 0x00000001
core   0: 0x80006674 (0x008eedb3) or      s11, t4, s0
core   0: 3 0x80006674 (0x008eedb3) x27 0xffffffff
core   0: 0x80006678 (0x00008789) c.srai  a5, 2
core   0: 3 0x80006678 (0x8789) x15 0x00000000
core   0: 0x8000667a (0x000042bd) c.li    t0, 15
core   0: 3 0x8000667a (0x42bd) x 5 0x0000000f
core   0: 0x8000667c (0x00000001) c.nop
core   0: 3 0x8000667c (0x0001)
core   0: 0x8000667e (0x00008e75) c.and   a2, a3
core   0: 3 0x8000667e (0x8e75) x12 0x00000000
core   0: 0x80006680 (0x039b8cb3) mul     s9, s7, s9
core   0: 3 0x80006680 (0x039b8cb3) x25 0x00000000
core   0: 0x80006684 (0x031a3633) mulhu   a2, s4, a7
core   0: 3 0x80006684 (0x031a3633) x12 0x00000000
core   0: 0x80006688 (0x009c6db3) or      s11, s8, s1
core   0: 3 0x80006688 (0x009c6db3) x27 0x08c305d2
core   0: 0x8000668c (0x417a0cb3) sub     s9, s4, s7
core   0: 3 0x8000668c (0x417a0cb3) x25 0x8000fe64
core   0: 0x80006690 (0x034d69b3) rem     s3, s10, s4
core   0: 3 0x80006690 (0x034d69b3) x19 0x00000001
core   0: 0x80006694 (0x00008e09) c.sub   a2, a0
core   0: 3 0x80006694 (0x8e09) x12 0xfffffda0
core   0: 0x80006696 (0x00000001) c.nop
core   0: 3 0x80006696 (0x0001)
core   0: 0x80006698 (0x5ad33517) auipc   a0, 0x5ad33
core   0: 3 0x80006698 (0x5ad33517) x10 0xdad39698
core   0: 0x8000669c (0xa0f985b7) lui     a1, 0xa0f98
core   0: 3 0x8000669c (0xa0f985b7) x11 0xa0f98000
core   0: 0x800066a0 (0x00000001) c.nop
core   0: 3 0x800066a0 (0x0001)
core   0: 0x800066a2 (0x00008bf6) c.mv    s7, t4
core   0: 3 0x800066a2 (0x8bf6) x23 0xffffffff
core   0: 0x800066a4 (0x01028033) add     zero, t0, a6
core   0: 3 0x800066a4 (0x01028033)
core   0: 0x800066a8 (0x00008711) c.srai  a4, 4
core   0: 3 0x800066a8 (0x8711) x14 0x00000000
core   0: 0x800066aa (0x0000085d) c.addi  a6, 23
core   0: 3 0x800066aa (0x085d) x16 0x00000016
core   0: 0x800066ac (0x0000890a) c.mv    s2, sp
core   0: 3 0x800066ac (0x890a) x18 0xfffffdb5
core   0: 0x800066ae (0x000086fe) c.mv    a3, t6
core   0: 3 0x800066ae (0x86fe) x13 0x00000006
core   0: 0x800066b0 (0x399c8293) addi    t0, s9, 921
core   0: 3 0x800066b0 (0x399c8293) x 5 0x800101fd
core   0: 0x800066b4 (0x013e52b3) srl     t0, t3, s3
core   0: 3 0x800066b4 (0x013e52b3) x 5 0x00000000
core   0: 0x800066b8 (0x141d5cb7) lui     s9, 0x141d5
core   0: 3 0x800066b8 (0x141d5cb7) x25 0x141d5000
core   0: 0x800066bc (0x00008d01) c.sub   a0, s0
core   0: 3 0x800066bc (0x8d01) x10 0xdad3968b
core   0: 0x800066be (0x0000086e) c.slli  a6, 27
core   0: 3 0x800066be (0x086e) x16 0xb0000000
core   0: 0x800066c0 (0xb1ae4593) xori    a1, t3, -1254
core   0: 3 0x800066c0 (0xb1ae4593) x11 0xfffffb1b
core   0: 0x800066c4 (0x00000001) c.nop
core   0: 3 0x800066c4 (0x0001)
core   0: 0x800066c6 (0x01fdcab3) xor     s5, s11, t6
core   0: 3 0x800066c6 (0x01fdcab3) x21 0x08c305d4
core   0: 0x800066ca (0x00008af2) c.mv    s5, t3
core   0: 3 0x800066ca (0x8af2) x21 0x00000001
core   0: 0x800066cc (0x0159d3b3) srl     t2, s3, s5
core   0: 3 0x800066cc (0x0159d3b3) x 7 0x00000000
core   0: 0x800066d0 (0x000085f1) c.srai  a1, 28
core   0: 3 0x800066d0 (0x85f1) x11 0xffffffff
core   0: 0x800066d2 (0x01778fb3) add     t6, a5, s7
core   0: 3 0x800066d2 (0x01778fb3) x31 0xffffffff
core   0: 0x800066d6 (0x00009cb2) c.add   s9, a2
core   0: 3 0x800066d6 (0x9cb2) x25 0x141d4da0
core   0: 0x800066d8 (0x009f89b3) add     s3, t6, s1
core   0: 3 0x800066d8 (0x009f89b3) x19 0x08c305d1
core   0: 0x800066dc (0x00000289) c.addi  t0, 2
core   0: 3 0x800066dc (0x0289) x 5 0x00000002
core   0: 0x800066de (0x00008825) c.andi  s0, 9
core   0: 3 0x800066de (0x8825) x 8 0x00000009
core   0: 0x800066e0 (0x00008df5) c.and   a1, a3
core   0: 3 0x800066e0 (0x8df5) x11 0x00000006
core   0: 0x800066e2 (0x00008121) c.srli  a0, 8
core   0: 3 0x800066e2 (0x8121) x10 0x00dad396
core   0: 0x800066e4 (0x016fc433) xor     s0, t6, s6
core   0: 3 0x800066e4 (0x016fc433) x 8 0x00000006
core   0: 0x800066e8 (0x00008cb5) c.xor   s1, a3
core   0: 3 0x800066e8 (0x8cb5) x 9 0x08c305d4
core   0: 0x800066ea (0x41e656b3) sra     a3, a2, t5
core   0: 3 0x800066ea (0x41e656b3) x13 0xffffffff
core   0: 0x800066ee (0x9f8699b7) lui     s3, 0x9f869
core   0: 3 0x800066ee (0x9f8699b7) x19 0x9f869000
core   0: 0x800066f2 (0x3700b193) sltiu   gp, ra, 880
core   0: 3 0x800066f2 (0x3700b193) x 3 0x00000001
core   0: 0x800066f6 (0x016ef933) and     s2, t4, s6
core   0: 3 0x800066f6 (0x016ef933) x18 0xfffffff9
core   0: 0x800066fa (0x8252d6b7) lui     a3, 0x8252d
core   0: 3 0x800066fa (0x8252d6b7) x13 0x8252d000
core   0: 0x800066fe (0x03b20b33) mul     s6, tp, s11
core   0: 3 0x800066fe (0x03b20b33) x22 0x88e06708
core   0: 0x80006702 (0x00000672) c.slli  a2, 28
core   0: 3 0x80006702 (0x0672) x12 0x00000000
core   0: 0x80006704 (0x00eaa0b3) slt     ra, s5, a4
core   0: 3 0x80006704 (0x00eaa0b3) x 1 0x00000000
core   0: 0x80006708 (0x411cd593) srai    a1, s9, 17
core   0: 3 0x80006708 (0x411cd593) x11 0x00000a0e
core   0: 0x8000670c (0x02fc3bb3) mulhu   s7, s8, a5
core   0: 3 0x8000670c (0x02fc3bb3) x23 0x00000000
core   0: 0x80006710 (0x03dd2033) mulhsu  zero, s10, t4
core   0: 3 0x80006710 (0x03dd2033)
core   0: 0x80006714 (0x01ae5e33) srl     t3, t3, s10
core   0: 3 0x80006714 (0x01ae5e33) x28 0x00000000
core   0: 0x80006718 (0x00004e21) c.li    t3, 8
core   0: 3 0x80006718 (0x4e21) x28 0x00000008
core   0: 0x8000671a (0x02a3dfb3) divu    t6, t2, a0
core   0: 3 0x8000671a (0x02a3dfb3) x31 0x00000000
core   0: 0x8000671e (0x03c814b3) mulh    s1, a6, t3
core   0: 3 0x8000671e (0x03c814b3) x 9 0xfffffffd
core   0: 0x80006722 (0x00008e1d) c.sub   a2, a5
core   0: 3 0x80006722 (0x8e1d) x12 0x00000000
core   0: 0x80006724 (0x00000001) c.nop
core   0: 3 0x80006724 (0x0001)
core   0: 0x80006726 (0x00000001) c.nop
core   0: 3 0x80006726 (0x0001)
core   0: 0x80006728 (0x00006d29) c.lui   s10, 0xa
core   0: 3 0x80006728 (0x6d29) x26 0x0000a000
core   0: 0x8000672a (0x02d2d033) divu    zero, t0, a3
core   0: 3 0x8000672a (0x02d2d033)
core   0: 0x8000672e (0x000040ad) c.li    ra, 11
core   0: 3 0x8000672e (0x40ad) x 1 0x0000000b
core   0: 0x80006730 (0x03e6db33) divu    s6, a3, t5
core   0: 3 0x80006730 (0x03e6db33) x22 0x00000001
core   0: 0x80006734 (0x00008f21) c.xor   a4, s0
core   0: 3 0x80006734 (0x8f21) x14 0x00000006
core   0: 0x80006736 (0x03858c33) mul     s8, a1, s8
core   0: 3 0x80006736 (0x03858c33) x24 0x00000000
core   0: 0x8000673a (0x00009afd) c.andi  a3, -1
core   0: 3 0x8000673a (0x9afd) x13 0x8252d000
core   0: 0x8000673c (0x9f467293) andi    t0, a2, -1548
core   0: 3 0x8000673c (0x9f467293) x 5 0x00000000
core   0: 0x80006740 (0x02156ab3) rem     s5, a0, ra
core   0: 3 0x80006740 (0x02156ab3) x21 0x00000006
core   0: 0x80006744 (0x00006e89) c.lui   t4, 0x2
core   0: 3 0x80006744 (0x6e89) x29 0x00002000
core   0: 0x80006746 (0x006f2533) slt     a0, t5, t1
core   0: 3 0x80006746 (0x006f2533) x10 0x00000000
core   0: 0x8000674a (0x41e68633) sub     a2, a3, t5
core   0: 3 0x8000674a (0x41e68633) x12 0x0252cfe2
core   0: 0x8000674e (0x008112b3) sll     t0, sp, s0
core   0: 3 0x8000674e (0x008112b3) x 5 0xffff6d40
core   0: 0x80006752 (0x00006ae1) c.lui   s5, 0x18
core   0: 3 0x80006752 (0x6ae1) x21 0x00018000
core   0: 0x80006754 (0x00569793) slli    a5, a3, 5
core   0: 3 0x80006754 (0x00569793) x15 0x4a5a0000
core   0: 0x80006758 (0x415b5593) srai    a1, s6, 21
core   0: 3 0x80006758 (0x415b5593) x11 0x00000000
core   0: 0x8000675c (0x9bc32293) slti    t0, t1, -1604
core   0: 3 0x8000675c (0x9bc32293) x 5 0x00000001
core   0: 0x80006760 (0x4134de33) sra     t3, s1, s3
core   0: 3 0x80006760 (0x4134de33) x28 0xfffffffd
core   0: 0x80006764 (0x00008e21) c.xor   a2, s0
core   0: 3 0x80006764 (0x8e21) x12 0x0252cfe4
core   0: 0x80006766 (0x00001b1c) c.addi4spn a5, sp, 432
core   0: 3 0x80006766 (0x1b1c) x15 0xffffff65
core   0: 0x80006768 (0x025190b3) mulh    ra, gp, t0
core   0: 3 0x80006768 (0x025190b3) x 1 0x00000000
core   0: 0x8000676c (0x0095e2b3) or      t0, a1, s1
core   0: 3 0x8000676c (0x0095e2b3) x 5 0xfffffffd
core   0: 0x80006770 (0xc8adc893) xori    a7, s11, -886
core   0: 3 0x80006770 (0xc8adc893) x17 0xf73cf958
core   0: 0x80006774 (0x000069e9) c.lui   s3, 0x1a
core   0: 3 0x80006774 (0x69e9) x19 0x0001a000
core   0: 0x80006776 (0x0000990e) c.add   s2, gp
core   0: 3 0x80006776 (0x990e) x18 0xfffffffa
core   0: 0x80006778 (0x00008d21) c.xor   a0, s0
core   0: 3 0x80006778 (0x8d21) x10 0x00000006
core   0: 0x8000677a (0x0000190c) c.addi4spn a1, sp, 176
core   0: 3 0x8000677a (0x190c) x11 0xfffffe65
core   0: 0x8000677c (0x00008eca) c.mv    t4, s2
core   0: 3 0x8000677c (0x8eca) x29 0xfffffffa
core   0: 0x8000677e (0x00b7c633) xor     a2, a5, a1
core   0: 3 0x8000677e (0x00b7c633) x12 0x00000100
core   0: 0x80006782 (0x02eb5e33) divu    t3, s6, a4
core   0: 3 0x80006782 (0x02eb5e33) x28 0x00000000
core   0: 0x80006786 (0x00008dd9) c.or    a1, a4
core   0: 3 0x80006786 (0x8dd9) x11 0xfffffe67
core   0: 0x80006788 (0x01f34eb3) xor     t4, t1, t6
core   0: 3 0x80006788 (0x01f34eb3) x29 0x80000000
core   0: 0x8000678c (0x0311ce33) div     t3, gp, a7
core   0: 3 0x8000678c (0x0311ce33) x28 0x00000000
core   0: 0x80006790 (0x0000898e) c.mv    s3, gp
core   0: 3 0x80006790 (0x898e) x19 0x00000001
core   0: 0x80006792 (0x00008f69) c.and   a4, a0
core   0: 3 0x80006792 (0x8f69) x14 0x00000006
core   0: 0x80006794 (0x00008efd) c.and   a3, a5
core   0: 3 0x80006794 (0x8efd) x13 0x8252d000
core   0: 0x80006796 (0x0382edb3) rem     s11, t0, s8
core   0: 3 0x80006796 (0x0382edb3) x27 0xfffffffd
core   0: 0x8000679a (0x000081c1) c.srli  a1, 16
core   0: 3 0x8000679a (0x81c1) x11 0x0000ffff
core   0: 0x8000679c (0x00008e99) c.sub   a3, a4
core   0: 3 0x8000679c (0x8e99) x13 0x8252cffa
core   0: 0x8000679e (0x00de1a93) slli    s5, t3, 13
core   0: 3 0x8000679e (0x00de1a93) x21 0x00000000
core   0: 0x800067a2 (0x00792bb3) slt     s7, s2, t2
core   0: 3 0x800067a2 (0x00792bb3) x23 0x00000001
core   0: 0x800067a6 (0x00006b3d) c.lui   s6, 0xf
core   0: 3 0x800067a6 (0x6b3d) x22 0x0000f000
core   0: 0x800067a8 (0x0000844d) c.srai  s0, 19
core   0: 3 0x800067a8 (0x844d) x 8 0x00000000
core   0: 0x800067aa (0x028748b3) div     a7, a4, s0
core   0: 3 0x800067aa (0x028748b3) x17 0xffffffff
core   0: 0x800067ae (0x00136833) or      a6, t1, ra
core   0: 3 0x800067ae (0x00136833) x16 0x80000000
core   0: 0x800067b2 (0x0000717d) c.addi16sp sp, -16
core   0: 3 0x800067b2 (0x717d) x 2 0xfffffda5
core   0: 0x800067b4 (0xed19b613) sltiu   a2, s3, -303
core   0: 3 0x800067b4 (0xed19b613) x12 0x00000001
core   0: 0x800067b8 (0x035199b3) mulh    s3, gp, s5
core   0: 3 0x800067b8 (0x035199b3) x19 0x00000000
core   0: 0x800067bc (0xebf82913) slti    s2, a6, -321
core   0: 3 0x800067bc (0xebf82913) x18 0x00000001
core   0: 0x800067c0 (0x01b9f2b3) and     t0, s3, s11
core   0: 3 0x800067c0 (0x01b9f2b3) x 5 0x00000000
core   0: 0x800067c4 (0x6a27b937) lui     s2, 0x6a27b
core   0: 3 0x800067c4 (0x6a27b937) x18 0x6a27b000
core   0: 0x800067c8 (0xd072c113) xori    sp, t0, -761
core   0: 3 0x800067c8 (0xd072c113) x 2 0xfffffd07
core   0: 0x800067cc (0x41c2d033) sra     zero, t0, t3
core   0: 3 0x800067cc (0x41c2d033)
core   0: 0x800067d0 (0x022a85b3) mul     a1, s5, sp
core   0: 3 0x800067d0 (0x022a85b3) x11 0x00000000
core   0: 0x800067d4 (0x00008d5d) c.or    a0, a5
core   0: 3 0x800067d4 (0x8d5d) x10 0xffffff67
core   0: 0x800067d6 (0x00008595) c.srai  a1, 5
core   0: 3 0x800067d6 (0x8595) x11 0x00000000
core   0: 0x800067d8 (0x417a5393) srai    t2, s4, 23
core   0: 3 0x800067d8 (0x417a5393) x 7 0xffffff00
core   0: 0x800067dc (0x03c3e6b3) rem     a3, t2, t3
core   0: 3 0x800067dc (0x03c3e6b3) x13 0xffffff00
core   0: 0x800067e0 (0x00000001) c.nop
core   0: 3 0x800067e0 (0x0001)
core   0: 0x800067e2 (0x00008f5d) c.or    a4, a5
core   0: 3 0x800067e2 (0x8f5d) x14 0xffffff67
core   0: 0x800067e4 (0x02c50db3) mul     s11, a0, a2
core   0: 3 0x800067e4 (0x02c50db3) x27 0xffffff67
core   0: 0x800067e8 (0xaff5a493) slti    s1, a1, -1281
core   0: 3 0x800067e8 (0xaff5a493) x 9 0x00000000
core   0: 0x800067ec (0x00009676) c.add   a2, t4
core   0: 3 0x800067ec (0x9676) x12 0x80000001
core   0: 0x800067ee (0x03f17533) remu    a0, sp, t6
core   0: 3 0x800067ee (0x03f17533) x10 0xfffffd07
core   0: 0x800067f2 (0x00000001) c.nop
core   0: 3 0x800067f2 (0x0001)
core   0: 0x800067f4 (0x02db2433) mulhsu  s0, s6, a3
core   0: 3 0x800067f4 (0x02db2433) x 8 0x0000efff
core   0: 0x800067f8 (0x00f2adb3) slt     s11, t0, a5
core   0: 3 0x800067f8 (0x00f2adb3) x27 0x00000000
core   0: 0x800067fc (0x4e3b3093) sltiu   ra, s6, 1251
core   0: 3 0x800067fc (0x4e3b3093) x 1 0x00000000
core   0: 0x80006800 (0x00004e81) c.li    t4, 0
core   0: 3 0x80006800 (0x4e81) x29 0x00000000
core   0: 0x80006802 (0x00004501) c.li    a0, 0
core   0: 3 0x80006802 (0x4501) x10 0x00000000
core   0: 0x80006804 (0x80000137) lui     sp, 0x80000
core   0: 3 0x80006804 (0x80000137) x 2 0x80000000
core   0: 0x80006808 (0x80000737) lui     a4, 0x80000
core   0: 3 0x80006808 (0x80000737) x14 0x80000000
core   0: 0x8000680c (0x80000db7) lui     s11, 0x80000
core   0: 3 0x8000680c (0x80000db7) x27 0x80000000
core   0: 0x80006810 (0xa4582637) lui     a2, 0xa4582
core   0: 3 0x80006810 (0xa4582637) x12 0xa4582000
core   0: 0x80006814 (0xa7f60613) addi    a2, a2, -1409
core   0: 3 0x80006814 (0xa7f60613) x12 0xa4581a7f
core   0: 0x80006818 (0x80000ab7) lui     s5, 0x80000
core   0: 3 0x80006818 (0x80000ab7) x21 0x80000000
core   0: 0x8000681c (0x80000cb7) lui     s9, 0x80000
core   0: 3 0x8000681c (0x80000cb7) x25 0x80000000
core   0: 0x80006820 (0x800005b7) lui     a1, 0x80000
core   0: 3 0x80006820 (0x800005b7) x11 0x80000000
core   0: 0x80006824 (0x084c4bb7) lui     s7, 0x84c4
core   0: 3 0x80006824 (0x084c4bb7) x23 0x084c4000
core   0: 0x80006828 (0xcc0b8b93) addi    s7, s7, -832
core   0: 3 0x80006828 (0xcc0b8b93) x23 0x084c3cc0
core   0: 0x8000682c (0x02256db3) rem     s11, a0, sp
core   0: 3 0x8000682c (0x02256db3) x27 0x00000000
core   0: 0x80006830 (0x02c67cb3) remu    s9, a2, a2
core   0: 3 0x80006830 (0x02c67cb3) x25 0x00000000
core   0: 0x80006834 (0x039ed733) divu    a4, t4, s9
core   0: 3 0x80006834 (0x039ed733) x14 0xffffffff
core   0: 0x80006838 (0x03b54bb3) div     s7, a0, s11
core   0: 3 0x80006838 (0x03b54bb3) x23 0xffffffff
core   0: 0x8000683c (0x03bdacb3) mulhsu  s9, s11, s11
core   0: 3 0x8000683c (0x03bdacb3) x25 0x00000000
core   0: 0x80006840 (0x00000001) c.nop
core   0: 3 0x80006840 (0x0001)
core   0: 0x80006842 (0x037a9ab3) mulh    s5, s5, s7
core   0: 3 0x80006842 (0x037a9ab3) x21 0x00000000
core   0: 0x80006846 (0x03d60633) mul     a2, a2, t4
core   0: 3 0x80006846 (0x03d60633) x12 0x00000000
core   0: 0x8000684a (0x02e5d133) divu    sp, a1, a4
core   0: 3 0x8000684a (0x02e5d133) x 2 0x00000000
core   0: 0x8000684e (0x02b63733) mulhu   a4, a2, a1
core   0: 3 0x8000684e (0x02b63733) x14 0x00000000
core   0: 0x80006852 (0x022ccab3) div     s5, s9, sp
core   0: 3 0x80006852 (0x022ccab3) x21 0xffffffff
core   0: 0x80006856 (0x02215cb3) divu    s9, sp, sp
core   0: 3 0x80006856 (0x02215cb3) x25 0xffffffff
core   0: 0x8000685a (0x00ca85b3) add     a1, s5, a2
core   0: 3 0x8000685a (0x00ca85b3) x11 0xffffffff
core   0: 0x8000685e (0xa5a02137) lui     sp, 0xa5a02
core   0: 3 0x8000685e (0xa5a02137) x 2 0xa5a02000
core   0: 0x80006862 (0x02262533) mulhsu  a0, a2, sp
core   0: 3 0x80006862 (0x02262533) x10 0x00000000
core   0: 0x80006866 (0x02ee85b3) mul     a1, t4, a4
core   0: 3 0x80006866 (0x02ee85b3) x11 0x00000000
core   0: 0x8000686a (0x037bf533) remu    a0, s7, s7
core   0: 3 0x8000686a (0x037bf533) x10 0x00000000
core   0: 0x8000686e (0x00000001) c.nop
core   0: 3 0x8000686e (0x0001)
core   0: 0x80006870 (0x40210cb3) sub     s9, sp, sp
core   0: 3 0x80006870 (0x40210cb3) x25 0x00000000
core   0: 0x80006874 (0x0075a8b3) slt     a7, a1, t2
core   0: 3 0x80006874 (0x0075a8b3) x17 0x00000000
core   0: 0x80006878 (0x413003b3) sub     t2, zero, s3
core   0: 3 0x80006878 (0x413003b3) x 7 0x00000000
core   0: 0x8000687c (0x000086a1) c.srai  a3, 8
core   0: 3 0x8000687c (0x86a1) x13 0xffffffff
core   0: 0x8000687e (0x000081ea) c.mv    gp, s10
core   0: 3 0x8000687e (0x81ea) x 3 0x0000a000
core   0: 0x80006880 (0x004ace33) xor     t3, s5, tp
core   0: 3 0x80006880 (0x004ace33) x28 0x7ffec31b
core   0: 0x80006884 (0x00762ab3) slt     s5, a2, t2
core   0: 3 0x80006884 (0x00762ab3) x21 0x00000000
core   0: 0x80006888 (0x0000177d) c.addi  a4, -1
core   0: 3 0x80006888 (0x177d) x14 0xffffffff
core   0: 0x8000688a (0x00008e75) c.and   a2, a3
core   0: 3 0x8000688a (0x8e75) x12 0x00000000
core   0: 0x8000688c (0x00008021) c.srli  s0, 8
core   0: 3 0x8000688c (0x8021) x 8 0x000000ef
core   0: 0x8000688e (0x0000890d) c.andi  a0, 3
core   0: 3 0x8000688e (0x890d) x10 0x00000000
core   0: 0x80006890 (0x025ed9b3) divu    s3, t4, t0
core   0: 3 0x80006890 (0x025ed9b3) x19 0xffffffff
core   0: 0x80006894 (0x02ffed33) rem     s10, t6, a5
core   0: 3 0x80006894 (0x02ffed33) x26 0x00000000
core   0: 0x80006898 (0x00008e71) c.and   a2, a2
core   0: 3 0x80006898 (0x8e71) x12 0x00000000
core   0: 0x8000689a (0x000b4fb3) xor     t6, s6, zero
core   0: 3 0x8000689a (0x000b4fb3) x31 0x0000f000
core   0: 0x8000689e (0x8e838693) addi    a3, t2, -1816
core   0: 3 0x8000689e (0x8e838693) x13 0xfffff8e8
core   0: 0x800068a2 (0x00008ee1) c.and   a3, s0
core   0: 3 0x800068a2 (0x8ee1) x13 0x000000e8
core   0: 0x800068a4 (0x01bfa3b3) slt     t2, t6, s11
core   0: 3 0x800068a4 (0x01bfa3b3) x 7 0x00000000
core   0: 0x800068a8 (0x34376813) ori     a6, a4, 835
core   0: 3 0x800068a8 (0x34376813) x16 0xffffffff
core   0: 0x800068ac (0x00006109) c.addi16sp sp, 128
core   0: 3 0x800068ac (0x6109) x 2 0xa5a02080
core   0: 0x800068ae (0x568ffc93) andi    s9, t6, 1384
core   0: 3 0x800068ae (0x568ffc93) x25 0x00000000
core   0: 0x800068b2 (0x00008ab1) c.andi  a3, 12
core   0: 3 0x800068b2 (0x8ab1) x13 0x00000008
core   0: 0x800068b4 (0x00000156) c.slli  sp, 21
core   0: 3 0x800068b4 (0x0156) x 2 0x10000000
core   0: 0x800068b6 (0x01cb1933) sll     s2, s6, t3
core   0: 3 0x800068b6 (0x01cb1933) x18 0x00000000
core   0: 0x800068ba (0xfff00b13) li      s6, -1
core   0: 3 0x800068ba (0xfff00b13) x22 0xffffffff
core   0: 0x800068be (0x39b91ab7) lui     s5, 0x39b91
core   0: 3 0x800068be (0x39b91ab7) x21 0x39b91000
core   0: 0x800068c2 (0xf20a8a93) addi    s5, s5, -224
core   0: 3 0x800068c2 (0xf20a8a93) x21 0x39b90f20
core   0: 0x800068c6 (0x5afec8b7) lui     a7, 0x5afec
core   0: 3 0x800068c6 (0x5afec8b7) x17 0x5afec000
core   0: 0x800068ca (0xae688893) addi    a7, a7, -1306
core   0: 3 0x800068ca (0xae688893) x17 0x5afebae6
core   0: 0x800068ce (0x800004b7) lui     s1, 0x80000
core   0: 3 0x800068ce (0x800004b7) x 9 0x80000000
core   0: 0x800068d2 (0x80000d37) lui     s10, 0x80000
core   0: 3 0x800068d2 (0x80000d37) x26 0x80000000
core   0: 0x800068d6 (0xfff00b93) li      s7, -1
core   0: 3 0x800068d6 (0xfff00b93) x23 0xffffffff
core   0: 0x800068da (0x00004d81) c.li    s11, 0
core   0: 3 0x800068da (0x4d81) x27 0x00000000
core   0: 0x800068dc (0xfff00193) li      gp, -1
core   0: 3 0x800068dc (0xfff00193) x 3 0xffffffff
core   0: 0x800068e0 (0xaa831537) lui     a0, 0xaa831
core   0: 3 0x800068e0 (0xaa831537) x10 0xaa831000
core   0: 0x800068e4 (0xb9750513) addi    a0, a0, -1129
core   0: 3 0x800068e4 (0xb9750513) x10 0xaa830b97
core   0: 0x800068e8 (0x80000c37) lui     s8, 0x80000
core   0: 3 0x800068e8 (0x80000c37) x24 0x80000000
core   0: 0x800068ec (0x03b88d33) mul     s10, a7, s11
core   0: 3 0x800068ec (0x03b88d33) x26 0x00000000
core   0: 0x800068f0 (0x02a18b33) mul     s6, gp, a0
core   0: 3 0x800068f0 (0x02a18b33) x22 0x557cf469
core   0: 0x800068f4 (0x017c0d33) add     s10, s8, s7
core   0: 3 0x800068f4 (0x017c0d33) x26 0x7fffffff
core   0: 0x800068f8 (0x0381b8b3) mulhu   a7, gp, s8
core   0: 3 0x800068f8 (0x0381b8b3) x17 0x7fffffff
core   0: 0x800068fc (0x00000001) c.nop
core   0: 3 0x800068fc (0x0001)
core   0: 0x800068fe (0x035558b3) divu    a7, a0, s5
core   0: 3 0x800068fe (0x035558b3) x17 0x00000002
core   0: 0x80006902 (0x036ddd33) divu    s10, s11, s6
core   0: 3 0x80006902 (0x036ddd33) x26 0x00000000
core   0: 0x80006906 (0x40a481b3) sub     gp, s1, a0
core   0: 3 0x80006906 (0x40a481b3) x 3 0xd57cf469
core   0: 0x8000690a (0x00000001) c.nop
core   0: 3 0x8000690a (0x0001)
core   0: 0x8000690c (0x9592bc17) auipc   s8, 0x9592b
core   0: 3 0x8000690c (0x9592bc17) x24 0x1593190c
core   0: 0x80006910 (0x036bddb3) divu    s11, s7, s6
core   0: 3 0x80006910 (0x036bddb3) x27 0x00000002
core   0: 0x80006914 (0x0291c4b3) div     s1, gp, s1
core   0: 3 0x80006914 (0x0291c4b3) x 9 0x00000000
core   0: 0x80006918 (0x023b0c33) mul     s8, s6, gp
core   0: 3 0x80006918 (0x023b0c33) x24 0xe9105311
core   0: 0x8000691c (0x0294edb3) rem     s11, s1, s1
core   0: 3 0x8000691c (0x0294edb3) x27 0x00000000
core   0: 0x80006920 (0xdaaadb97) auipc   s7, 0xdaaad
core   0: 3 0x80006920 (0xdaaadb97) x23 0x5aab3920
core   0: 0x80006924 (0x029d9b33) mulh    s6, s11, s1
core   0: 3 0x80006924 (0x029d9b33) x22 0x00000000
core   0: 0x80006928 (0x036498b3) mulh    a7, s1, s6
core   0: 3 0x80006928 (0x036498b3) x17 0x00000000
core   0: 0x8000692c (0x77e63b37) lui     s6, 0x77e63
core   0: 3 0x8000692c (0x77e63b37) x22 0x77e63000
core   0: 0x80006930 (0x036b2bb3) mulhsu  s7, s6, s6
core   0: 3 0x80006930 (0x036b2bb3) x23 0x3827cf9a
core   0: 0x80006934 (0x03818ab3) mul     s5, gp, s8
core   0: 3 0x80006934 (0x03818ab3) x21 0x881a45f9
core   0: 0x80006938 (0xc759cb37) lui     s6, 0xc759c
core   0: 3 0x80006938 (0xc759cb37) x22 0xc759c000
core   0: 0x8000693c (0x91848893) addi    a7, s1, -1768
core   0: 3 0x8000693c (0x91848893) x17 0xfffff918
core   0: 0x80006940 (0x035b4c33) div     s8, s6, s5
core   0: 3 0x80006940 (0x035b4c33) x24 0x00000000
core   0: 0x80006944 (0x03b55db3) divu    s11, a0, s11
core   0: 3 0x80006944 (0x03b55db3) x27 0xffffffff
core   0: 0x80006948 (0x00000001) c.nop
core   0: 3 0x80006948 (0x0001)
core   0: 0x8000694a (0x9b388193) addi    gp, a7, -1613
core   0: 3 0x8000694a (0x9b388193) x 3 0xfffff2cb
core   0: 0x8000694e (0x9c5b44b7) lui     s1, 0x9c5b4
core   0: 3 0x8000694e (0x9c5b44b7) x 9 0x9c5b4000
core   0: 0x80006952 (0x0294b1b3) mulhu   gp, s1, s1
core   0: 3 0x80006952 (0x0294b1b3) x 3 0x5f7f5686
core   0: 0x80006956 (0x029184b3) mul     s1, gp, s1
core   0: 3 0x80006956 (0x029184b3) x 9 0x3f438000
core   0: 0x8000695a (0x038aa8b3) mulhsu  a7, s5, s8
core   0: 3 0x8000695a (0x038aa8b3) x17 0x00000000
core   0: 0x8000695e (0x161e0e13) addi    t3, t3, 353
core   0: 3 0x8000695e (0x161e0e13) x28 0x7ffec47c
core   0: 0x80006962 (0x00e63db3) sltu    s11, a2, a4
core   0: 3 0x80006962 (0x00e63db3) x27 0x00000001
core   0: 0x80006966 (0x000089ad) c.andi  a1, 11
core   0: 3 0x80006966 (0x89ad) x11 0x00000000
core   0: 0x80006968 (0x00008972) c.mv    s2, t3
core   0: 3 0x80006968 (0x8972) x18 0x7ffec47c
core   0: 0x8000696a (0x03e1dbb3) divu    s7, gp, t5
core   0: 3 0x8000696a (0x03e1dbb3) x23 0x00000000
core   0: 0x8000696e (0x000081d5) c.srli  a1, 21
core   0: 3 0x8000696e (0x81d5) x11 0x00000000
core   0: 0x80006970 (0xfcff2f13) slti    t5, t5, -49
core   0: 3 0x80006970 (0xfcff2f13) x30 0x00000001
core   0: 0x80006974 (0x69802b93) slti    s7, zero, 1688
core   0: 3 0x80006974 (0x69802b93) x23 0x00000001
core   0: 0x80006978 (0x022ac2b3) div     t0, s5, sp
core   0: 3 0x80006978 (0x022ac2b3) x 5 0xfffffff9
core   0: 0x8000697c (0x00008cfd) c.and   s1, a5
core   0: 3 0x8000697c (0x8cfd) x 9 0x3f438000
core   0: 0x8000697e (0xea1e3c93) sltiu   s9, t3, -351
core   0: 3 0x8000697e (0xea1e3c93) x25 0x00000001
core   0: 0x80006982 (0x0027c5b3) xor     a1, a5, sp
core   0: 3 0x80006982 (0x0027c5b3) x11 0xefffff65
core   0: 0x80006986 (0x00008fc1) c.or    a5, s0
core   0: 3 0x80006986 (0x8fc1) x15 0xffffffef
core   0: 0x80006988 (0x00000001) c.nop
core   0: 3 0x80006988 (0x0001)
core   0: 0x8000698a (0x00008e09) c.sub   a2, a0
core   0: 3 0x8000698a (0x8e09) x12 0x557cf469
core   0: 0x8000698c (0x000049a1) c.li    s3, 8
core   0: 3 0x8000698c (0x49a1) x19 0x00000008
core   0: 0x8000698e (0x01d927b3) slt     a5, s2, t4
core   0: 3 0x8000698e (0x01d927b3) x15 0x00000000
core   0: 0x80006992 (0x00000001) c.nop
core   0: 3 0x80006992 (0x0001)
core   0: 0x80006994 (0x0347d833) divu    a6, a5, s4
core   0: 3 0x80006994 (0x0347d833) x16 0x00000000
core   0: 0x80006998 (0x0000984a) c.add   a6, s2
core   0: 3 0x80006998 (0x984a) x16 0x7ffec47c
core   0: 0x8000699a (0x01e1f3b3) and     t2, gp, t5
core   0: 3 0x8000699a (0x01e1f3b3) x 7 0x00000000
core   0: 0x8000699e (0x012a96b3) sll     a3, s5, s2
core   0: 3 0x8000699e (0x012a96b3) x13 0x90000000
core   0: 0x800069a2 (0x0109dc33) srl     s8, s3, a6
core   0: 3 0x800069a2 (0x0109dc33) x24 0x00000000
core   0: 0x800069a6 (0x00008dbd) c.xor   a1, a5
core   0: 3 0x800069a6 (0x8dbd) x11 0xefffff65
core   0: 0x800069a8 (0x036d0e33) mul     t3, s10, s6
core   0: 3 0x800069a8 (0x036d0e33) x28 0x00000000
core   0: 0x800069ac (0x016229b3) slt     s3, tp, s6
core   0: 3 0x800069ac (0x016229b3) x19 0x00000001
core   0: 0x800069b0 (0x0000652d) c.lui   a0, 0xb
core   0: 3 0x800069b0 (0x652d) x10 0x0000b000
core   0: 0x800069b2 (0x8bedb093) sltiu   ra, s11, -1858
core   0: 3 0x800069b2 (0x8bedb093) x 1 0x00000001
core   0: 0x800069b6 (0x00000001) c.nop
core   0: 3 0x800069b6 (0x0001)
core   0: 0x800069b8 (0x000002b6) c.slli  t0, 13
core   0: 3 0x800069b8 (0x02b6) x 5 0xffff2000
core   0: 0x800069ba (0x00b6b433) sltu    s0, a3, a1
core   0: 3 0x800069ba (0x00b6b433) x 8 0x00000001
core   0: 0x800069be (0x0000859d) c.srai  a1, 7
core   0: 3 0x800069be (0x859d) x11 0xffdffffe
core   0: 0x800069c0 (0x00009e6a) c.add   t3, s10
core   0: 3 0x800069c0 (0x9e6a) x28 0x00000000
core   0: 0x800069c2 (0x25c2ee93) ori     t4, t0, 604
core   0: 3 0x800069c2 (0x25c2ee93) x29 0xffff225c
core   0: 0x800069c6 (0x01df9e13) slli    t3, t6, 29
core   0: 3 0x800069c6 (0x01df9e13) x28 0x00000000
core   0: 0x800069ca (0x01c6d193) srli    gp, a3, 28
core   0: 3 0x800069ca (0x01c6d193) x 3 0x00000009
core   0: 0x800069ce (0x0329cbb3) div     s7, s3, s2
core   0: 3 0x800069ce (0x0329cbb3) x23 0x00000000
core   0: 0x800069d2 (0x010c9013) slli    zero, s9, 16
core   0: 3 0x800069d2 (0x010c9013)
core   0: 0x800069d6 (0xf867e393) ori     t2, a5, -122
core   0: 3 0x800069d6 (0xf867e393) x 7 0xffffff86
core   0: 0x800069da (0x00008d39) c.xor   a0, a4
core   0: 3 0x800069da (0x8d39) x10 0xffff4fff
core   0: 0x800069dc (0x0000610d) c.addi16sp sp, 160
core   0: 3 0x800069dc (0x610d) x 2 0x100000a0
core   0: 0x800069de (0x00000001) c.nop
core   0: 3 0x800069de (0x0001)
core   0: 0x800069e0 (0x00009722) c.add   a4, s0
core   0: 3 0x800069e0 (0x9722) x14 0x00000000
core   0: 0x800069e2 (0xb913b693) sltiu   a3, t2, -1135
core   0: 3 0x800069e2 (0xb913b693) x13 0x00000000
core   0: 0x800069e6 (0x00004da1) c.li    s11, 8
core   0: 3 0x800069e6 (0x4da1) x27 0x00000008
core   0: 0x800069e8 (0x00008df5) c.and   a1, a3
core   0: 3 0x800069e8 (0x8df5) x11 0x00000000
core   0: 0x800069ea (0x41ee5f33) sra     t5, t3, t5
core   0: 3 0x800069ea (0x41ee5f33) x30 0x00000000
core   0: 0x800069ee (0x41a65f33) sra     t5, a2, s10
core   0: 3 0x800069ee (0x41a65f33) x30 0x557cf469
core   0: 0x800069f2 (0x015e4db3) xor     s11, t3, s5
core   0: 3 0x800069f2 (0x015e4db3) x27 0x881a45f9
core   0: 0x800069f6 (0x00006ecd) c.lui   t4, 0x13
core   0: 3 0x800069f6 (0x6ecd) x29 0x00013000
core   0: 0x800069f8 (0x0228d133) divu    sp, a7, sp
core   0: 3 0x800069f8 (0x0228d133) x 2 0x00000000
core   0: 0x800069fc (0x021ed8b3) divu    a7, t4, ra
core   0: 3 0x800069fc (0x021ed8b3) x17 0x00013000
core   0: 0x80006a00 (0x010a2fb3) slt     t6, s4, a6
core   0: 3 0x80006a00 (0x010a2fb3) x31 0x00000001
core   0: 0x80006a04 (0x00c21613) slli    a2, tp, 12
core   0: 3 0x80006a04 (0x00c21613) x12 0x13ce4000
core   0: 0x80006a08 (0x0000072a) c.slli  a4, 10
core   0: 3 0x80006a08 (0x072a) x14 0x00000000
core   0: 0x80006a0a (0x00008d2d) c.xor   a0, a1
core   0: 3 0x80006a0a (0x8d2d) x10 0xffff4fff
core   0: 0x80006a0c (0x00009dc6) c.add   s11, a7
core   0: 3 0x80006a0c (0x9dc6) x27 0x881b75f9
core   0: 0x80006a0e (0x00009c26) c.add   s8, s1
core   0: 3 0x80006a0e (0x9c26) x24 0x3f438000
core   0: 0x80006a10 (0x00655d13) srli    s10, a0, 6
core   0: 3 0x80006a10 (0x00655d13) x26 0x03fffd3f
core   0: 0x80006a14 (0x00000001) c.nop
core   0: 3 0x80006a14 (0x0001)
core   0: 0x80006a16 (0x00bcfb33) and     s6, s9, a1
core   0: 3 0x80006a16 (0x00bcfb33) x22 0x00000000
core   0: 0x80006a1a (0x006b1c13) slli    s8, s6, 6
core   0: 3 0x80006a1a (0x006b1c13) x24 0x00000000
core   0: 0x80006a1e (0x00008e19) c.sub   a2, a4
core   0: 3 0x80006a1e (0x8e19) x12 0x13ce4000
core   0: 0x80006a20 (0x00324733) xor     a4, tp, gp
core   0: 3 0x80006a20 (0x00324733) x14 0x80013ced
core   0: 0x80006a24 (0x016e2393) slti    t2, t3, 22
core   0: 3 0x80006a24 (0x016e2393) x 7 0x00000001
core   0: 0x80006a28 (0x000061b9) c.lui   gp, 0xe
core   0: 3 0x80006a28 (0x61b9) x 3 0x0000e000
core   0: 0x80006a2a (0x00000aea) c.slli  s5, 26
core   0: 3 0x80006a2a (0x0aea) x21 0xe4000000
core   0: 0x80006a2c (0x000aeab3) or      s5, s5, zero
core   0: 3 0x80006a2c (0x000aeab3) x21 0xe4000000
core   0: 0x80006a30 (0x4bb60493) addi    s1, a2, 1211
core   0: 3 0x80006a30 (0x4bb60493) x 9 0x13ce44bb
core   0: 0x80006a34 (0x02754933) div     s2, a0, t2
core   0: 3 0x80006a34 (0x02754933) x18 0xffff4fff
core   0: 0x80006a38 (0x00006121) c.addi16sp sp, 64
core   0: 3 0x80006a38 (0x6121) x 2 0x00000040
core   0: 0x80006a3a (0x01e477b3) and     a5, s0, t5
core   0: 3 0x80006a3a (0x01e477b3) x15 0x00000001
core   0: 0x80006a3e (0x76beb093) sltiu   ra, t4, 1899
core   0: 3 0x80006a3e (0x76beb093) x 1 0x00000000
core   0: 0x80006a42 (0x007978b3) and     a7, s2, t2
core   0: 3 0x80006a42 (0x007978b3) x17 0x00000001
core   0: 0x80006a46 (0x00000861) c.addi  a6, 24
core   0: 3 0x80006a46 (0x0861) x16 0x7ffec494
core   0: 0x80006a48 (0x027202b3) mul     t0, tp, t2
core   0: 3 0x80006a48 (0x027202b3) x 5 0x80013ce4
core   0: 0x80006a4c (0x00705033) srl     zero, zero, t2
core   0: 3 0x80006a4c (0x00705033)
core   0: 0x80006a50 (0x00008f95) c.sub   a5, a3
core   0: 3 0x80006a50 (0x8f95) x15 0x00000001
core   0: 0x80006a52 (0x0000997d) c.andi  a0, -1
core   0: 3 0x80006a52 (0x997d) x10 0xffff4fff
core   0: 0x80006a54 (0x00004e29) c.li    t3, 10
core   0: 3 0x80006a54 (0x4e29) x28 0x0000000a
core   0: 0x80006a56 (0xa9270393) addi    t2, a4, -1390
core   0: 3 0x80006a56 (0xa9270393) x 7 0x8001377f
core   0: 0x80006a5a (0x40448ab3) sub     s5, s1, tp
core   0: 3 0x80006a5a (0x40448ab3) x21 0x93cd07d7
core   0: 0x80006a5e (0x00008a85) c.andi  a3, 1
core   0: 3 0x80006a5e (0x8a85) x13 0x00000000
core   0: 0x80006a60 (0x00000001) c.nop
core   0: 3 0x80006a60 (0x0001)
core   0: 0x80006a62 (0x00004615) c.li    a2, 5
core   0: 3 0x80006a62 (0x4615) x12 0x00000005
core   0: 0x80006a64 (0x00001610) c.addi4spn a2, sp, 800
core   0: 3 0x80006a64 (0x1610) x12 0x00000360
core   0: 0x80006a66 (0x00006ee5) c.lui   t4, 0x19
core   0: 3 0x80006a66 (0x6ee5) x29 0x00019000
core   0: 0x80006a68 (0x0093aab3) slt     s5, t2, s1
core   0: 3 0x80006a68 (0x0093aab3) x21 0x00000001
core   0: 0x80006a6c (0x00008f69) c.and   a4, a0
core   0: 3 0x80006a6c (0x8f69) x14 0x80010ced
core   0: 0x80006a6e (0x13de8393) addi    t2, t4, 317
core   0: 3 0x80006a6e (0x13de8393) x 7 0x0001913d
core   0: 0x80006a72 (0x0000717d) c.addi16sp sp, -16
core   0: 3 0x80006a72 (0x717d) x 2 0x00000030
core   0: 0x80006a74 (0x000080c9) c.srli  s1, 18
core   0: 3 0x80006a74 (0x80c9) x 9 0x000004f3
core   0: 0x80006a76 (0x00009da6) c.add   s11, s1
core   0: 3 0x80006a76 (0x9da6) x27 0x881b7aec
core   0: 0x80006a78 (0xfff00493) li      s1, -1
core   0: 3 0x80006a78 (0xfff00493) x 9 0xffffffff
core   0: 0x80006a7c (0xfff00613) li      a2, -1
core   0: 3 0x80006a7c (0xfff00613) x12 0xffffffff
core   0: 0x80006a80 (0x00004801) c.li    a6, 0
core   0: 3 0x80006a80 (0x4801) x16 0x00000000
core   0: 0x80006a82 (0x00004c81) c.li    s9, 0
core   0: 3 0x80006a82 (0x4c81) x25 0x00000000
core   0: 0x80006a84 (0xfff00593) li      a1, -1
core   0: 3 0x80006a84 (0xfff00593) x11 0xffffffff
core   0: 0x80006a88 (0x00004901) c.li    s2, 0
core   0: 3 0x80006a88 (0x4901) x18 0x00000000
core   0: 0x80006a8a (0x80000eb7) lui     t4, 0x80000
core   0: 3 0x80006a8a (0x80000eb7) x29 0x80000000
core   0: 0x80006a8e (0x80000537) lui     a0, 0x80000
core   0: 3 0x80006a8e (0x80000537) x10 0x80000000
core   0: 0x80006a92 (0xfff00713) li      a4, -1
core   0: 3 0x80006a92 (0xfff00713) x14 0xffffffff
core   0: 0x80006a96 (0x800000b7) lui     ra, 0x80000
core   0: 3 0x80006a96 (0x800000b7) x 1 0x80000000
core   0: 0x80006a9a (0x00000001) c.nop
core   0: 3 0x80006a9a (0x0001)
core   0: 0x80006a9c (0x02a82833) mulhsu  a6, a6, a0
core   0: 3 0x80006a9c (0x02a82833) x16 0x00000000
core   0: 0x80006aa0 (0x02163833) mulhu   a6, a2, ra
core   0: 3 0x80006aa0 (0x02163833) x16 0x7fffffff
core   0: 0x80006aa4 (0x9c1a0e97) auipc   t4, 0x9c1a0
core   0: 3 0x80006aa4 (0x9c1a0e97) x29 0x1c1a6aa4
core   0: 0x80006aa8 (0x030505b3) mul     a1, a0, a6
core   0: 3 0x80006aa8 (0x030505b3) x11 0x80000000
core   0: 0x80006aac (0x032eb5b3) mulhu   a1, t4, s2
core   0: 3 0x80006aac (0x032eb5b3) x11 0x00000000
core   0: 0x80006ab0 (0xa04d4617) auipc   a2, 0xa04d4
core   0: 3 0x80006ab0 (0xa04d4617) x12 0x204daab0
core   0: 0x80006ab4 (0x00000001) c.nop
core   0: 3 0x80006ab4 (0x0001)
core   0: 0x80006ab6 (0xc3e8c097) auipc   ra, 0xc3e8c
core   0: 3 0x80006ab6 (0xc3e8c097) x 1 0x43e92ab6
core   0: 0x80006aba (0x02bec0b3) div     ra, t4, a1
core   0: 3 0x80006aba (0x02bec0b3) x 1 0xffffffff
core   0: 0x80006abe (0x021960b3) rem     ra, s2, ra
core   0: 3 0x80006abe (0x021960b3) x 1 0x00000000
core   0: 0x80006ac2 (0x02c66eb3) rem     t4, a2, a2
core   0: 3 0x80006ac2 (0x02c66eb3) x29 0x00000000
core   0: 0x80006ac6 (0x02a96933) rem     s2, s2, a0
core   0: 3 0x80006ac6 (0x02a96933) x18 0x00000000
core   0: 0x80006aca (0x021e9cb3) mulh    s9, t4, ra
core   0: 3 0x80006aca (0x021e9cb3) x25 0x00000000
core   0: 0x80006ace (0xc1c7b817) auipc   a6, 0xc1c7b
core   0: 3 0x80006ace (0xc1c7b817) x16 0x41c81ace
core   0: 0x80006ad2 (0x03209cb3) mulh    s9, ra, s2
core   0: 3 0x80006ad2 (0x03209cb3) x25 0x00000000
core   0: 0x80006ad6 (0x00000001) c.nop
core   0: 3 0x80006ad6 (0x0001)
core   0: 0x80006ad8 (0x029845b3) div     a1, a6, s1
core   0: 3 0x80006ad8 (0x029845b3) x11 0xbe37e532
core   0: 0x80006adc (0x00000001) c.nop
core   0: 3 0x80006adc (0x0001)
core   0: 0x80006ade (0x03994cb3) div     s9, s2, s9
core   0: 3 0x80006ade (0x03994cb3) x25 0xffffffff
core   0: 0x80006ae2 (0x1ad60637) lui     a2, 0x1ad60
core   0: 3 0x80006ae2 (0x1ad60637) x12 0x1ad60000
core   0: 0x80006ae6 (0x02acf933) remu    s2, s9, a0
core   0: 3 0x80006ae6 (0x02acf933) x18 0x7fffffff
core   0: 0x80006aea (0x7d8c30b7) lui     ra, 0x7d8c3
core   0: 3 0x80006aea (0x7d8c30b7) x 1 0x7d8c3000
core   0: 0x80006aee (0x030800b3) mul     ra, a6, a6
core   0: 3 0x80006aee (0x030800b3) x 1 0x80ae7dc4
core   0: 0x80006af2 (0x02a500b3) mul     ra, a0, a0
core   0: 3 0x80006af2 (0x02a500b3) x 1 0x00000000
core   0: 0x80006af6 (0x00000001) c.nop
core   0: 3 0x80006af6 (0x0001)
core   0: 0x80006af8 (0x81915097) auipc   ra, 0x81915
core   0: 3 0x80006af8 (0x81915097) x 1 0x0191baf8
core   0: 0x80006afc (0x27783c97) auipc   s9, 0x27783
core   0: 3 0x80006afc (0x27783c97) x25 0xa7789afc
core   0: 0x80006b00 (0x9c4c2e97) auipc   t4, 0x9c4c2
core   0: 3 0x80006b00 (0x9c4c2e97) x29 0x1c4c8b00
core   0: 0x80006b04 (0x0051de13) srli    t3, gp, 5
core   0: 3 0x80006b04 (0x0051de13) x28 0x00000700
core   0: 0x80006b08 (0x00004161) c.li    sp, 24
core   0: 3 0x80006b08 (0x4161) x 2 0x00000018
core   0: 0x80006b0a (0x000005a2) c.slli  a1, 8
core   0: 3 0x80006b0a (0x05a2) x11 0x37e53200
core   0: 0x80006b0c (0x00000001) c.nop
core   0: 3 0x80006b0c (0x0001)
core   0: 0x80006b0e (0x00000001) c.nop
core   0: 3 0x80006b0e (0x0001)
core   0: 0x80006b10 (0x41665db3) sra     s11, a2, s6
core   0: 3 0x80006b10 (0x41665db3) x27 0x1ad60000
core   0: 0x80006b14 (0x00000b1c) c.addi4spn a5, sp, 400
core   0: 3 0x80006b14 (0x0b1c) x15 0x000001a8
core   0: 0x80006b16 (0x00008e5d) c.or    a2, a5
core   0: 3 0x80006b16 (0x8e5d) x12 0x1ad601a8
core   0: 0x80006b18 (0x41fddb93) srai    s7, s11, 31
core   0: 3 0x80006b18 (0x41fddb93) x23 0x00000000
core   0: 0x80006b1c (0x02eba5b3) mulhsu  a1, s7, a4
core   0: 3 0x80006b1c (0x02eba5b3) x11 0x00000000
core   0: 0x80006b20 (0xbb5be613) ori     a2, s7, -1099
core   0: 3 0x80006b20 (0xbb5be613) x12 0xfffffbb5
core   0: 0x80006b24 (0x033d62b3) rem     t0, s10, s3
core   0: 3 0x80006b24 (0x033d62b3) x 5 0x00000000
core   0: 0x80006b28 (0x00006be9) c.lui   s7, 0x1a
core   0: 3 0x80006b28 (0x6be9) x23 0x0001a000
core   0: 0x80006b2a (0x40155c33) sra     s8, a0, ra
core   0: 3 0x80006b2a (0x40155c33) x24 0xffffff80
core   0: 0x80006b2e (0xdda87e93) andi    t4, a6, -550
core   0: 3 0x80006b2e (0xdda87e93) x29 0x41c818ca
core   0: 0x80006b32 (0x0000663d) c.lui   a2, 0xf
core   0: 3 0x80006b32 (0x663d) x12 0x0000f000
core   0: 0x80006b34 (0x00000001) c.nop
core   0: 3 0x80006b34 (0x0001)
core   0: 0x80006b36 (0x000098fd) c.andi  s1, -1
core   0: 3 0x80006b36 (0x98fd) x 9 0xffffffff
core   0: 0x80006b38 (0x00006559) c.lui   a0, 0x16
core   0: 3 0x80006b38 (0x6559) x10 0x00016000
core   0: 0x80006b3a (0xb4900a93) li      s5, -1207
core   0: 3 0x80006b3a (0xb4900a93) x21 0xfffffb49
core   0: 0x80006b3e (0x0102cb33) xor     s6, t0, a6
core   0: 3 0x80006b3e (0x0102cb33) x22 0x41c81ace
core   0: 0x80006b42 (0x0000675d) c.lui   a4, 0x17
core   0: 3 0x80006b42 (0x675d) x14 0x00017000
core   0: 0x80006b44 (0x02884e33) div     t3, a6, s0
core   0: 3 0x80006b44 (0x02884e33) x28 0x41c81ace
core   0: 0x80006b48 (0x03d612b3) mulh    t0, a2, t4
core   0: 3 0x80006b48 (0x03d612b3) x 5 0x00003dab
core   0: 0x80006b4c (0xe057f393) andi    t2, a5, -507
core   0: 3 0x80006b4c (0xe057f393) x 7 0x00000000
core   0: 0x80006b50 (0x0000097e) c.slli  s2, 31
core   0: 3 0x80006b50 (0x097e) x18 0x80000000
core   0: 0x80006b52 (0x00008ca1) c.xor   s1, s0
core   0: 3 0x80006b52 (0x8ca1) x 9 0xfffffffe
core   0: 0x80006b54 (0x03d3a033) mulhsu  zero, t2, t4
core   0: 3 0x80006b54 (0x03d3a033)
core   0: 0x80006b58 (0x032e27b3) mulhsu  a5, t3, s2
core   0: 3 0x80006b58 (0x032e27b3) x15 0x20e40d67
core   0: 0x80006b5c (0x00000001) c.nop
core   0: 3 0x80006b5c (0x0001)
core   0: 0x80006b5e (0x4049d2b3) sra     t0, s3, tp
core   0: 3 0x80006b5e (0x4049d2b3) x 5 0x00000000
core   0: 0x80006b62 (0x00000001) c.nop
core   0: 3 0x80006b62 (0x0001)
core   0: 0x80006b64 (0x01dc4d33) xor     s10, s8, t4
core   0: 3 0x80006b64 (0x01dc4d33) x26 0xbe37e74a
core   0: 0x80006b68 (0x5f60be93) sltiu   t4, ra, 1526
core   0: 3 0x80006b68 (0x5f60be93) x29 0x00000000
core   0: 0x80006b6c (0x410dd8b3) sra     a7, s11, a6
core   0: 3 0x80006b6c (0x410dd8b3) x17 0x00006b58
core   0: 0x80006b70 (0x03fcd433) divu    s0, s9, t6
core   0: 3 0x80006b70 (0x03fcd433) x 8 0xa7789afc
core   0: 0x80006b74 (0x0000825d) c.srli  a2, 23
core   0: 3 0x80006b74 (0x825d) x12 0x00000000
core   0: 0x80006b76 (0x00005bfd) c.li    s7, -1
core   0: 3 0x80006b76 (0x5bfd) x23 0xffffffff
core   0: 0x80006b78 (0x02db64b3) rem     s1, s6, a3
core   0: 3 0x80006b78 (0x02db64b3) x 9 0x41c81ace
core   0: 0x80006b7c (0x031c4933) div     s2, s8, a7
core   0: 3 0x80006b7c (0x031c4933) x18 0x00000000
core   0: 0x80006b80 (0x019923b3) slt     t2, s2, s9
core   0: 3 0x80006b80 (0x019923b3) x 7 0x00000000
core   0: 0x80006b84 (0x03bd01b3) mul     gp, s10, s11
core   0: 3 0x80006b84 (0x03bd01b3) x 3 0xdbdc0000
core   0: 0x80006b88 (0x036d6833) rem     a6, s10, s6
core   0: 3 0x80006b88 (0x036d6833) x16 0xbe37e74a
core   0: 0x80006b8c (0x02aa43b3) div     t2, s4, a0
core   0: 3 0x80006b8c (0x02aa43b3) x 7 0xffffa2ea
core   0: 0x80006b90 (0x02179b33) mulh    s6, a5, ra
core   0: 3 0x80006b90 (0x02179b33) x22 0x00339d3e
core   0: 0x80006b94 (0x024fef33) rem     t5, t6, tp
core   0: 3 0x80006b94 (0x024fef33) x30 0x00000001
core   0: 0x80006b98 (0xc75083b7) lui     t2, 0xc7508
core   0: 3 0x80006b98 (0xc75083b7) x 7 0xc7508000
core   0: 0x80006b9c (0x00000001) c.nop
core   0: 3 0x80006b9c (0x0001)
core   0: 0x80006b9e (0x0000996a) c.add   s2, s10
core   0: 3 0x80006b9e (0x996a) x18 0xbe37e74a
core   0: 0x80006ba0 (0x0096a1b3) slt     gp, a3, s1
core   0: 3 0x80006ba0 (0x0096a1b3) x 3 0x00000001
core   0: 0x80006ba4 (0x022b36b3) mulhu   a3, s6, sp
core   0: 3 0x80006ba4 (0x022b36b3) x13 0x00000000
core   0: 0x80006ba8 (0x035de6b3) rem     a3, s11, s5
core   0: 3 0x80006ba8 (0x035de6b3) x13 0x00000321
core   0: 0x80006bac (0x02c8ecb3) rem     s9, a7, a2
core   0: 3 0x80006bac (0x02c8ecb3) x25 0x00006b58
core   0: 0x80006bb0 (0x32767193) andi    gp, a2, 807
core   0: 3 0x80006bb0 (0x32767193) x 3 0x00000000
core   0: 0x80006bb4 (0x00008fe6) c.mv    t6, s9
core   0: 3 0x80006bb4 (0x8fe6) x31 0x00006b58
core   0: 0x80006bb6 (0xffee0a93) addi    s5, t3, -2
core   0: 3 0x80006bb6 (0xffee0a93) x21 0x41c81acc
core   0: 0x80006bba (0x0000801d) c.srli  s0, 7
core   0: 3 0x80006bba (0x801d) x 8 0x014ef135
core   0: 0x80006bbc (0x0092b5b3) sltu    a1, t0, s1
core   0: 3 0x80006bbc (0x0092b5b3) x11 0x00000001
core   0: 0x80006bc0 (0x00165833) srl     a6, a2, ra
core   0: 3 0x80006bc0 (0x00165833) x16 0x00000000
core   0: 0x80006bc4 (0x0000987d) c.andi  s0, -1
core   0: 3 0x80006bc4 (0x987d) x 8 0x014ef135
core   0: 0x80006bc6 (0x40788f33) sub     t5, a7, t2
core   0: 3 0x80006bc6 (0x40788f33) x30 0x38afeb58
core   0: 0x80006bca (0x008ecd33) xor     s10, t4, s0
core   0: 3 0x80006bca (0x008ecd33) x26 0x014ef135
core   0: 0x80006bce (0x007592b3) sll     t0, a1, t2
core   0: 3 0x80006bce (0x007592b3) x 5 0x00000001
core   0: 0x80006bd2 (0x03c2fbb3) remu    s7, t0, t3
core   0: 3 0x80006bd2 (0x03c2fbb3) x23 0x00000001
core   0: 0x80006bd6 (0x0000717d) c.addi16sp sp, -16
core   0: 3 0x80006bd6 (0x717d) x 2 0x00000008
core   0: 0x80006bd8 (0xa396f293) andi    t0, a3, -1479
core   0: 3 0x80006bd8 (0xa396f293) x 5 0x00000221
core   0: 0x80006bdc (0x000095d6) c.add   a1, s5
core   0: 3 0x80006bdc (0x95d6) x11 0x41c81acd
core   0: 0x80006bde (0x000065bd) c.lui   a1, 0xf
core   0: 3 0x80006bde (0x65bd) x11 0x0000f000
core   0: 0x80006be0 (0x000083d1) c.srli  a5, 20
core   0: 3 0x80006be0 (0x83d1) x15 0x0000020e
core   0: 0x80006be2 (0xa3ab8d93) addi    s11, s7, -1478
core   0: 3 0x80006be2 (0xa3ab8d93) x27 0xfffffa3b
core   0: 0x80006be6 (0x0000717d) c.addi16sp sp, -16
core   0: 3 0x80006be6 (0x717d) x 2 0xfffffff8
core   0: 0x80006be8 (0x0066d293) srli    t0, a3, 6
core   0: 3 0x80006be8 (0x0066d293) x 5 0x0000000c
core   0: 0x80006bec (0x0358f533) remu    a0, a7, s5
core   0: 3 0x80006bec (0x0358f533) x10 0x00006b58
core   0: 0x80006bf0 (0x00008f49) c.or    a4, a0
core   0: 3 0x80006bf0 (0x8f49) x14 0x00017b58
core   0: 0x80006bf2 (0x019cfeb3) and     t4, s9, s9
core   0: 3 0x80006bf2 (0x019cfeb3) x29 0x00006b58
core   0: 0x80006bf6 (0x0201f6b3) remu    a3, gp, zero
core   0: 3 0x80006bf6 (0x0201f6b3) x13 0x00000000
core   0: 0x80006bfa (0x031292b3) mulh    t0, t0, a7
core   0: 3 0x80006bfa (0x031292b3) x 5 0x00000000
core   0: 0x80006bfe (0x00008011) c.srli  s0, 4
core   0: 3 0x80006bfe (0x8011) x 8 0x0014ef13
core   0: 0x80006c00 (0x00008ed9) c.or    a3, a4
core   0: 3 0x80006c00 (0x8ed9) x13 0x00017b58
core   0: 0x80006c02 (0x0000888a) c.mv    a7, sp
core   0: 3 0x80006c02 (0x888a) x17 0xfffffff8
core   0: 0x80006c04 (0x000083a1) c.srli  a5, 8
core   0: 3 0x80006c04 (0x83a1) x15 0x00000002
core   0: 0x80006c06 (0xdc866d93) ori     s11, a2, -568
core   0: 3 0x80006c06 (0xdc866d93) x27 0xfffffdc8
core   0: 0x80006c0a (0x00004b19) c.li    s6, 6
core   0: 3 0x80006c0a (0x4b19) x22 0x00000006
core   0: 0x80006c0c (0x0235e9b3) rem     s3, a1, gp
core   0: 3 0x80006c0c (0x0235e9b3) x19 0x0000f000
core   0: 0x80006c10 (0x0114ecb3) or      s9, s1, a7
core   0: 3 0x80006c10 (0x0114ecb3) x25 0xfffffffe
core   0: 0x80006c14 (0x0d717597) auipc   a1, 0xd717
core   0: 3 0x80006c14 (0x0d717597) x11 0x8d71dc14
core   0: 0x80006c18 (0x00001c94) c.addi4spn a3, sp, 624
core   0: 3 0x80006c18 (0x1c94) x13 0x00000268
core   0: 0x80006c1a (0x7b029597) auipc   a1, 0x7b029
core   0: 3 0x80006c1a (0x7b029597) x11 0xfb02fc1a
core   0: 0x80006c1e (0x02734e33) div     t3, t1, t2
core   0: 3 0x80006c1e (0x02734e33) x28 0x00000002
core   0: 0x80006c22 (0x41b28633) sub     a2, t0, s11
core   0: 3 0x80006c22 (0x41b28633) x12 0x00000238
core   0: 0x80006c26 (0x00f10ab7) lui     s5, 0xf10
core   0: 3 0x80006c26 (0x00f10ab7) x21 0x00f10000
core   0: 0x80006c2a (0x02390533) mul     a0, s2, gp
core   0: 3 0x80006c2a (0x02390533) x10 0x00000000
core   0: 0x80006c2e (0x01716033) or      zero, sp, s7
core   0: 3 0x80006c2e (0x01716033)
core   0: 0x80006c32 (0x00b23833) sltu    a6, tp, a1
core   0: 3 0x80006c32 (0x00b23833) x16 0x00000001
core   0: 0x80006c36 (0x003c9813) slli    a6, s9, 3
core   0: 3 0x80006c36 (0x003c9813) x16 0xfffffff0
core   0: 0x80006c3a (0x000003bd) c.addi  t2, 15
core   0: 3 0x80006c3a (0x03bd) x 7 0xc750800f
core   0: 0x80006c3c (0x00000d04) c.addi4spn s1, sp, 656
core   0: 3 0x80006c3c (0x0d04) x 9 0x00000288
core   0: 0x80006c3e (0x000082ba) c.mv    t0, a4
core   0: 3 0x80006c3e (0x82ba) x 5 0x00017b58
core   0: 0x80006c40 (0x02feabb3) mulhsu  s7, t4, a5
core   0: 3 0x80006c40 (0x02feabb3) x23 0x00000000
core   0: 0x80006c44 (0x02fa1fb3) mulh    t6, s4, a5
core   0: 3 0x80006c44 (0x02fa1fb3) x31 0xffffffff
core   0: 0x80006c48 (0x00008fe1) c.and   a5, s0
core   0: 3 0x80006c48 (0x8fe1) x15 0x00000002
core   0: 0x80006c4a (0x00008ca9) c.xor   s1, a0
core   0: 3 0x80006c4a (0x8ca9) x 9 0x00000288
core   0: 0x80006c4c (0x035c55b3) divu    a1, s8, s5
core   0: 3 0x80006c4c (0x035c55b3) x11 0x0000010f
core   0: 0x80006c50 (0x0094bcb3) sltu    s9, s1, s1
core   0: 3 0x80006c50 (0x0094bcb3) x25 0x00000000
core   0: 0x80006c54 (0x3c0e9117) auipc   sp, 0x3c0e9
core   0: 3 0x80006c54 (0x3c0e9117) x 2 0xbc0efc54
core   0: 0x80006c58 (0x00000001) c.nop
core   0: 3 0x80006c58 (0x0001)
core   0: 0x80006c5a (0x03acf0b3) remu    ra, s9, s10
core   0: 3 0x80006c5a (0x03acf0b3) x 1 0x00000000
core   0: 0x80006c5e (0x00008f42) c.mv    t5, a6
core   0: 3 0x80006c5e (0x8f42) x30 0xfffffff0
core   0: 0x80006c60 (0x0236b8b3) mulhu   a7, a3, gp
core   0: 3 0x80006c60 (0x0236b8b3) x17 0x00000000
core   0: 0x80006c64 (0x40e95d33) sra     s10, s2, a4
core   0: 3 0x80006c64 (0x40e95d33) x26 0xffffffbe
core   0: 0x80006c68 (0x00995633) srl     a2, s2, s1
core   0: 3 0x80006c68 (0x00995633) x12 0x00be37e7
core   0: 0x80006c6c (0x03019b33) mulh    s6, gp, a6
core   0: 3 0x80006c6c (0x03019b33) x22 0x00000000
core   0: 0x80006c70 (0x00121a93) slli    s5, tp, 1
core   0: 3 0x80006c70 (0x00121a93) x21 0x000279c8
core   0: 0x80006c74 (0x03bccf33) div     t5, s9, s11
core   0: 3 0x80006c74 (0x03bccf33) x30 0x00000000
core   0: 0x80006c78 (0x00501933) sll     s2, zero, t0
core   0: 3 0x80006c78 (0x00501933) x18 0x00000000
core   0: 0x80006c7c (0x00008c15) c.sub   s0, a3
core   0: 3 0x80006c7c (0x8c15) x 8 0x0014ecab
core   0: 0x80006c7e (0x407785b3) sub     a1, a5, t2
core   0: 3 0x80006c7e (0x407785b3) x11 0x38af7ff3
core   0: 0x80006c82 (0x004e9493) slli    s1, t4, 4
core   0: 3 0x80006c82 (0x004e9493) x 9 0x0006b580
core   0: 0x80006c86 (0x3210cab7) lui     s5, 0x3210c
core   0: 3 0x80006c86 (0x3210cab7) x21 0x3210c000
core   0: 0x80006c8a (0x03be2833) mulhsu  a6, t3, s11
core   0: 3 0x80006c8a (0x03be2833) x16 0x00000001
core   0: 0x80006c8e (0x00006559) c.lui   a0, 0x16
core   0: 3 0x80006c8e (0x6559) x10 0x00016000
core   0: 0x80006c90 (0x00008b7e) c.mv    s6, t6
core   0: 3 0x80006c90 (0x8b7e) x22 0xffffffff
core   0: 0x80006c92 (0x0000717d) c.addi16sp sp, -16
core   0: 3 0x80006c92 (0x717d) x 2 0xbc0efc44
core   0: 0x80006c94 (0x032305b3) mul     a1, t1, s2
core   0: 3 0x80006c94 (0x032305b3) x11 0x00000000
core   0: 0x80006c98 (0x00000766) c.slli  a4, 25
core   0: 3 0x80006c98 (0x0766) x14 0xb0000000
core   0: 0x80006c9a (0x03276bb3) rem     s7, a4, s2
core   0: 3 0x80006c9a (0x03276bb3) x23 0xb0000000
core   0: 0x80006c9e (0x0122d7b3) srl     a5, t0, s2
core   0: 3 0x80006c9e (0x0122d7b3) x15 0x00017b58
core   0: 0x80006ca2 (0x02c6a433) mulhsu  s0, a3, a2
core   0: 3 0x80006ca2 (0x02c6a433) x 8 0x00000001
core   0: 0x80006ca6 (0x0000157d) c.addi  a0, -1
core   0: 3 0x80006ca6 (0x157d) x10 0x00015fff
core   0: 0x80006ca8 (0x0116b8b3) sltu    a7, a3, a7
core   0: 3 0x80006ca8 (0x0116b8b3) x17 0x00000000
core   0: 0x80006cac (0x5c768c93) addi    s9, a3, 1479
core   0: 3 0x80006cac (0x5c768c93) x25 0x0000082f
core   0: 0x80006cb0 (0x00dcfab3) and     s5, s9, a3
core   0: 3 0x80006cb0 (0x00dcfab3) x21 0x00000028
core   0: 0x80006cb4 (0xa0ba6613) ori     a2, s4, -1525
core   0: 3 0x80006cb4 (0xa0ba6613) x12 0xfffffe6f
core   0: 0x80006cb8 (0x409d5d33) sra     s10, s10, s1
core   0: 3 0x80006cb8 (0x409d5d33) x26 0xffffffbe
core   0: 0x80006cbc (0x03a83833) mulhu   a6, a6, s10
core   0: 3 0x80006cbc (0x03a83833) x16 0x00000000
core   0: 0x80006cc0 (0x26194113) xori    sp, s2, 609
core   0: 3 0x80006cc0 (0x26194113) x 2 0x00000261
core   0: 0x80006cc4 (0x00008061) c.srli  s0, 24
core   0: 3 0x80006cc4 (0x8061) x 8 0x00000000
core   0: 0x80006cc6 (0x00008f9d) c.sub   a5, a5
core   0: 3 0x80006cc6 (0x8f9d) x15 0x00000000
core   0: 0x80006cc8 (0x40f85db3) sra     s11, a6, a5
core   0: 3 0x80006cc8 (0x40f85db3) x27 0x00000000
core   0: 0x80006ccc (0x00810733) add     a4, sp, s0
core   0: 3 0x80006ccc (0x00810733) x14 0x00000261
core   0: 0x80006cd0 (0x00008971) c.andi  a0, 28
core   0: 3 0x80006cd0 (0x8971) x10 0x0000001c
core   0: 0x80006cd2 (0xfc71a413) slti    s0, gp, -57
core   0: 3 0x80006cd2 (0xfc71a413) x 8 0x00000000
core   0: 0x80006cd6 (0x02a1a0b3) mulhsu  ra, gp, a0
core   0: 3 0x80006cd6 (0x02a1a0b3) x 1 0x00000000
core   0: 0x80006cda (0x409901b3) sub     gp, s2, s1
core   0: 3 0x80006cda (0x409901b3) x 3 0xfff94a80
core   0: 0x80006cde (0x00000001) c.nop
core   0: 3 0x80006cde (0x0001)
core   0: 0x80006ce0 (0x016098b3) sll     a7, ra, s6
core   0: 3 0x80006ce0 (0x016098b3) x17 0x00000000
core   0: 0x80006ce4 (0x02279bb3) mulh    s7, a5, sp
core   0: 3 0x80006ce4 (0x02279bb3) x23 0x00000000
core   0: 0x80006ce8 (0x07a638b7) lui     a7, 0x7a63
core   0: 3 0x80006ce8 (0x07a638b7) x17 0x07a63000
core   0: 0x80006cec (0x028b76b3) remu    a3, s6, s0
core   0: 3 0x80006cec (0x028b76b3) x13 0xffffffff
core   0: 0x80006cf0 (0x00a39f93) slli    t6, t2, 10
core   0: 3 0x80006cf0 (0x00a39f93) x31 0x42003c00
core   0: 0x80006cf4 (0x000065a9) c.lui   a1, 0xa
core   0: 3 0x80006cf4 (0x65a9) x11 0x0000a000
core   0: 0x80006cf6 (0x00008c61) c.and   s0, s0
core   0: 3 0x80006cf6 (0x8c61) x 8 0x00000000
core   0: 0x80006cf8 (0x01eb9a93) slli    s5, s7, 30
core   0: 3 0x80006cf8 (0x01eb9a93) x21 0x00000000
core   0: 0x80006cfc (0x01c264b3) or      s1, tp, t3
core   0: 3 0x80006cfc (0x01c264b3) x 9 0x80013ce6
core   0: 0x80006d00 (0x00006b6d) c.lui   s6, 0x1b
core   0: 3 0x80006d00 (0x6b6d) x22 0x0001b000
core   0: 0x80006d02 (0x00008c89) c.sub   s1, a0
core   0: 3 0x80006d02 (0x8c89) x 9 0x80013cca
core   0: 0x80006d04 (0x02b18433) mul     s0, gp, a1
core   0: 3 0x80006d04 (0x02b18433) x 8 0xce900000
core   0: 0x80006d08 (0x00000eda) c.slli  t4, 22
core   0: 3 0x80006d08 (0x0eda) x29 0xd6000000
core   0: 0x80006d0a (0x6d9cc793) xori    a5, s9, 1753
core   0: 3 0x80006d0a (0x6d9cc793) x15 0x00000ef6
core   0: 0x80006d0e (0x000040a5) c.li    ra, 9
core   0: 3 0x80006d0e (0x40a5) x 1 0x00000009
core   0: 0x80006d10 (0x027e89b3) mul     s3, t4, t2
core   0: 3 0x80006d10 (0x027e89b3) x19 0x8a000000
core   0: 0x80006d14 (0x001aad33) slt     s10, s5, ra
core   0: 3 0x80006d14 (0x001aad33) x26 0x00000001
core   0: 0x80006d18 (0x00008c22) c.mv    s8, s0
core   0: 3 0x80006d18 (0x8c22) x24 0xce900000
core   0: 0x80006d1a (0x1708a713) slti    a4, a7, 368
core   0: 3 0x80006d1a (0x1708a713) x14 0x00000000
core   0: 0x80006d1e (0xdda4a113) slti    sp, s1, -550
core   0: 3 0x80006d1e (0xdda4a113) x 2 0x00000001
core   0: 0x80006d22 (0x00000001) c.nop
core   0: 3 0x80006d22 (0x0001)
core   0: 0x80006d24 (0x032e9cb3) mulh    s9, t4, s2
core   0: 3 0x80006d24 (0x032e9cb3) x25 0x00000000
core   0: 0x80006d28 (0xfa7fc193) xori    gp, t6, -89
core   0: 3 0x80006d28 (0xfa7fc193) x 3 0xbdffc3a7
core   0: 0x80006d2c (0x029345b3) div     a1, t1, s1
core   0: 3 0x80006d2c (0x029345b3) x11 0x00000001
core   0: 0x80006d30 (0x00009a7d) c.andi  a2, -1
core   0: 3 0x80006d30 (0x9a7d) x12 0xfffffe6f
core   0: 0x80006d32 (0x410c83b3) sub     t2, s9, a6
core   0: 3 0x80006d32 (0x410c83b3) x 7 0x00000000
core   0: 0x80006d36 (0x003b13b3) sll     t2, s6, gp
core   0: 3 0x80006d36 (0x003b13b3) x 7 0x00d80000
core   0: 0x80006d3a (0x00005bfd) c.li    s7, -1
core   0: 3 0x80006d3a (0x5bfd) x23 0xffffffff
core   0: 0x80006d3c (0x000013fd) c.addi  t2, -1
core   0: 3 0x80006d3c (0x13fd) x 7 0x00d7ffff
core   0: 0x80006d3e (0x03043833) mulhu   a6, s0, a6
core   0: 3 0x80006d3e (0x03043833) x16 0x00000000
core   0: 0x80006d42 (0x00006121) c.addi16sp sp, 64
core   0: 3 0x80006d42 (0x6121) x 2 0x00000041
core   0: 0x80006d44 (0xb7feb713) sltiu   a4, t4, -1153
core   0: 3 0x80006d44 (0xb7feb713) x14 0x00000001
core   0: 0x80006d48 (0x02cac9b3) div     s3, s5, a2
core   0: 3 0x80006d48 (0x02cac9b3) x19 0x00000000
core   0: 0x80006d4c (0x01a38833) add     a6, t2, s10
core   0: 3 0x80006d4c (0x01a38833) x16 0x00d80000
core   0: 0x80006d50 (0x0231a533) mulhsu  a0, gp, gp
core   0: 3 0x80006d50 (0x0231a533) x10 0xcf03e2c4
core   0: 0x80006d54 (0x0152b033) sltu    zero, t0, s5
core   0: 3 0x80006d54 (0x0152b033)
core   0: 0x80006d58 (0x0000869d) c.srai  a3, 7
core   0: 3 0x80006d58 (0x869d) x13 0xffffffff
core   0: 0x80006d5a (0x26a20413) addi    s0, tp, 618
core   0: 3 0x80006d5a (0x26a20413) x 8 0x80013f4e
core   0: 0x80006d5e (0x40eed8b3) sra     a7, t4, a4
core   0: 3 0x80006d5e (0x40eed8b3) x17 0xeb000000
core   0: 0x80006d62 (0x01ef00b3) add     ra, t5, t5
core   0: 3 0x80006d62 (0x01ef00b3) x 1 0x00000000
core   0: 0x80006d66 (0x99dcfc13) andi    s8, s9, -1635
core   0: 3 0x80006d66 (0x99dcfc13) x24 0x00000000
core   0: 0x80006d6a (0x02d37b33) remu    s6, t1, a3
core   0: 3 0x80006d6a (0x02d37b33) x22 0x80000000
core   0: 0x80006d6e (0x02020933) mul     s2, tp, zero
core   0: 3 0x80006d6e (0x02020933) x18 0x00000000
core   0: 0x80006d72 (0x7a3ec713) xori    a4, t4, 1955
core   0: 3 0x80006d72 (0x7a3ec713) x14 0xd60007a3
core   0: 0x80006d76 (0x00008e56) c.mv    t3, s5
core   0: 3 0x80006d76 (0x8e56) x28 0x00000000
core   0: 0x80006d78 (0x023d8033) mul     zero, s11, gp
core   0: 3 0x80006d78 (0x023d8033)
core   0: 0x80006d7c (0x7c4a1d37) lui     s10, 0x7c4a1
core   0: 3 0x80006d7c (0x7c4a1d37) x26 0x7c4a1000
core   0: 0x80006d80 (0x02cc49b3) div     s3, s8, a2
core   0: 3 0x80006d80 (0x02cc49b3) x19 0x00000000
core   0: 0x80006d84 (0x03293b33) mulhu   s6, s2, s2
core   0: 3 0x80006d84 (0x03293b33) x22 0x00000000
core   0: 0x80006d88 (0x021110b3) mulh    ra, sp, ra
core   0: 3 0x80006d88 (0x021110b3) x 1 0x00000000
core   0: 0x80006d8c (0x03bc7c33) remu    s8, s8, s11
core   0: 3 0x80006d8c (0x03bc7c33) x24 0x00000000
core   0: 0x80006d90 (0x00008e25) c.xor   a2, s1
core   0: 3 0x80006d90 (0x8e25) x12 0x7ffec2a5
core   0: 0x80006d92 (0xad698093) addi    ra, s3, -1322
core   0: 3 0x80006d92 (0xad698093) x 1 0xfffffad6
core   0: 0x80006d96 (0x0095a6b3) slt     a3, a1, s1
core   0: 3 0x80006d96 (0x0095a6b3) x13 0x00000000
core   0: 0x80006d9a (0x000061d1) c.lui   gp, 0x14
core   0: 3 0x80006d9a (0x61d1) x 3 0x00014000
core   0: 0x80006d9c (0x00008e15) c.sub   a2, a3
core   0: 3 0x80006d9c (0x8e15) x12 0x7ffec2a5
core   0: 0x80006d9e (0x00009ffe) c.add   t6, t6
core   0: 3 0x80006d9e (0x9ffe) x31 0x84007800
core   0: 0x80006da0 (0x029153b3) divu    t2, sp, s1
core   0: 3 0x80006da0 (0x029153b3) x 7 0x00000000
core   0: 0x80006da4 (0x00000d2a) c.slli  s10, 10
core   0: 3 0x80006da4 (0x0d2a) x26 0x28400000
core   0: 0x80006da6 (0x01e91113) slli    sp, s2, 30
core   0: 3 0x80006da6 (0x01e91113) x 2 0x00000000
core   0: 0x80006daa (0x0326cab3) div     s5, a3, s2
core   0: 3 0x80006daa (0x0326cab3) x21 0xffffffff
core   0: 0x80006dae (0x41d5d613) srai    a2, a1, 29
core   0: 3 0x80006dae (0x41d5d613) x12 0x00000000
core   0: 0x80006db2 (0x00008c7d) c.and   s0, a5
core   0: 3 0x80006db2 (0x8c7d) x 8 0x00000e46
core   0: 0x80006db4 (0x000010fd) c.addi  ra, -1
core   0: 3 0x80006db4 (0x10fd) x 1 0xfffffad5
core   0: 0x80006db6 (0x5eb3bf13) sltiu   t5, t2, 1515
core   0: 3 0x80006db6 (0x5eb3bf13) x30 0x00000001
core   0: 0x80006dba (0x00d95c33) srl     s8, s2, a3
core   0: 3 0x80006dba (0x00d95c33) x24 0x00000000
core   0: 0x80006dbe (0x00fad933) srl     s2, s5, a5
core   0: 3 0x80006dbe (0x00fad933) x18 0x000003ff
core   0: 0x80006dc2 (0x02e6d633) divu    a2, a3, a4
core   0: 3 0x80006dc2 (0x02e6d633) x12 0x00000000
core   0: 0x80006dc6 (0x027e2833) mulhsu  a6, t3, t2
core   0: 3 0x80006dc6 (0x027e2833) x16 0x00000000
core   0: 0x80006dca (0x032596b3) mulh    a3, a1, s2
core   0: 3 0x80006dca (0x032596b3) x13 0x00000000
core   0: 0x80006dce (0x02cb5db3) divu    s11, s6, a2
core   0: 3 0x80006dce (0x02cb5db3) x27 0xffffffff
core   0: 0x80006dd2 (0x00000001) c.nop
core   0: 3 0x80006dd2 (0x0001)
core   0: 0x80006dd4 (0x46a16093) ori     ra, sp, 1130
core   0: 3 0x80006dd4 (0x46a16093) x 1 0x0000046a
core   0: 0x80006dd8 (0x02ff60b3) rem     ra, t5, a5
core   0: 3 0x80006dd8 (0x02ff60b3) x 1 0x00000001
core   0: 0x80006ddc (0x00933033) sltu    zero, t1, s1
core   0: 3 0x80006ddc (0x00933033)
core   0: 0x80006de0 (0x68ce5397) auipc   t2, 0x68ce5
core   0: 3 0x80006de0 (0x68ce5397) x 7 0xe8cebde0
core   0: 0x80006de4 (0x017d7433) and     s0, s10, s7
core   0: 3 0x80006de4 (0x017d7433) x 8 0x28400000
core   0: 0x80006de8 (0x342e4e13) xori    t3, t3, 834
core   0: 3 0x80006de8 (0x342e4e13) x28 0x00000342
core   0: 0x80006dec (0x40ac52b3) sra     t0, s8, a0
core   0: 3 0x80006dec (0x40ac52b3) x 5 0x00000000
core   0: 0x80006df0 (0x006edb33) srl     s6, t4, t1
core   0: 3 0x80006df0 (0x006edb33) x22 0xd6000000
core   0: 0x80006df4 (0x065b2493) slti    s1, s6, 101
core   0: 3 0x80006df4 (0x065b2493) x 9 0x00000001
core   0: 0x80006df8 (0x0000951e) c.add   a0, t2
core   0: 3 0x80006df8 (0x951e) x10 0xb7d2a0a4
core   0: 0x80006dfa (0x0000059e) c.slli  a1, 7
core   0: 3 0x80006dfa (0x059e) x11 0x00000080
core   0: 0x80006dfc (0x009f2633) slt     a2, t5, s1
core   0: 3 0x80006dfc (0x009f2633) x12 0x00000000
core   0: 0x80006e00 (0x0263cd33) div     s10, t2, t1
core   0: 3 0x80006e00 (0x0263cd33) x26 0x00000000
core   0: 0x80006e04 (0x00001304) c.addi4spn s1, sp, 416
core   0: 3 0x80006e04 (0x1304) x 9 0x000001a0
core   0: 0x80006e06 (0x01ca57b3) srl     a5, s4, t3
core   0: 3 0x80006e06 (0x01ca57b3) x15 0x20003f99
core   0: 0x80006e0a (0x00000f0c) c.addi4spn a1, sp, 912
core   0: 3 0x80006e0a (0x0f0c) x11 0x00000390
core   0: 0x80006e0c (0xf579f113) andi    sp, s3, -169
core   0: 3 0x80006e0c (0xf579f113) x 2 0x00000000
core   0: 0x80006e10 (0x013a3fb3) sltu    t6, s4, s3
core   0: 3 0x80006e10 (0x013a3fb3) x31 0x00000000
core   0: 0x80006e14 (0x002d3d33) sltu    s10, s10, sp
core   0: 3 0x80006e14 (0x002d3d33) x26 0x00000000
core   0: 0x80006e18 (0x003f7cb7) lui     s9, 0x3f7
core   0: 3 0x80006e18 (0x003f7cb7) x25 0x003f7000
core   0: 0x80006e1c (0x000044ad) c.li    s1, 11
core   0: 3 0x80006e1c (0x44ad) x 9 0x0000000b
core   0: 0x80006e1e (0x02a888b3) mul     a7, a7, a0
core   0: 3 0x80006e1e (0x02a888b3) x17 0x8c000000
core   0: 0x80006e22 (0x00006435) c.lui   s0, 0xd
core   0: 3 0x80006e22 (0x6435) x 8 0x0000d000
core   0: 0x80006e24 (0x000003f1) c.addi  t2, 28
core   0: 3 0x80006e24 (0x03f1) x 7 0xe8cebdfc
core   0: 0x80006e26 (0x00008cc5) c.or    s1, s1
core   0: 3 0x80006e26 (0x8cc5) x 9 0x0000000b
core   0: 0x80006e28 (0x0234f6b3) remu    a3, s1, gp
core   0: 3 0x80006e28 (0x0234f6b3) x13 0x0000000b
core   0: 0x80006e2c (0xf68db397) auipc   t2, 0xf68db
core   0: 3 0x80006e2c (0xf68db397) x 7 0x768e1e2c
core   0: 0x80006e30 (0x000011fd) c.addi  gp, -1
core   0: 3 0x80006e30 (0x11fd) x 3 0x00013fff
core   0: 0x80006e32 (0x00000e18) c.addi4spn a4, sp, 784
core   0: 3 0x80006e32 (0x0e18) x14 0x00000310
core   0: 0x80006e34 (0x0028f8b3) and     a7, a7, sp
core   0: 3 0x80006e34 (0x0028f8b3) x17 0x00000000
core   0: 0x80006e38 (0x039bc133) div     sp, s7, s9
core   0: 3 0x80006e38 (0x039bc133) x 2 0x00000000
core   0: 0x80006e3c (0x00000001) c.nop
core   0: 3 0x80006e3c (0x0001)
core   0: 0x80006e3e (0x61134eb7) lui     t4, 0x61134
core   0: 3 0x80006e3e (0x61134eb7) x29 0x61134000
core   0: 0x80006e42 (0x0000850e) c.mv    a0, gp
core   0: 3 0x80006e42 (0x850e) x10 0x00013fff
core   0: 0x80006e44 (0x00001c80) c.addi4spn s0, sp, 624
core   0: 3 0x80006e44 (0x1c80) x 8 0x00000270
core   0: 0x80006e46 (0x0332d9b3) divu    s3, t0, s3
core   0: 3 0x80006e46 (0x0332d9b3) x19 0xffffffff
core   0: 0x80006e4a (0x410ed633) sra     a2, t4, a6
core   0: 3 0x80006e4a (0x410ed633) x12 0x61134000
core   0: 0x80006e4e (0x00000001) c.nop
core   0: 3 0x80006e4e (0x0001)
core   0: 0x80006e50 (0x0000961e) c.add   a2, t2
core   0: 3 0x80006e50 (0x961e) x12 0xd7a15e2c
core   0: 0x80006e52 (0x03f263b3) rem     t2, tp, t6
core   0: 3 0x80006e52 (0x03f263b3) x 7 0x80013ce4
core   0: 0x80006e56 (0x00008db9) c.xor   a1, a4
core   0: 3 0x80006e56 (0x8db9) x11 0x00000080
core   0: 0x80006e58 (0x00000dba) c.slli  s11, 14
core   0: 3 0x80006e58 (0x0dba) x27 0xffffc000
core   0: 0x80006e5a (0x00000ae5) c.addi  s5, 25
core   0: 3 0x80006e5a (0x0ae5) x21 0x00000018
core   0: 0x80006e5c (0x1fcd4113) xori    sp, s10, 508
core   0: 3 0x80006e5c (0x1fcd4113) x 2 0x000001fc
core   0: 0x80006e60 (0x00008d21) c.xor   a0, s0
core   0: 3 0x80006e60 (0x8d21) x10 0x00013d8f
core   0: 0x80006e62 (0x017a33b3) sltu    t2, s4, s7
core   0: 3 0x80006e62 (0x017a33b3) x 7 0x00000001
core   0: 0x80006e66 (0x01ea1b33) sll     s6, s4, t5
core   0: 3 0x80006e66 (0x01ea1b33) x22 0x0001fcc8
core   0: 0x80006e6a (0x9259b997) auipc   s3, 0x9259b
core   0: 3 0x80006e6a (0x9259b997) x19 0x125a1e6a
core   0: 0x80006e6e (0x00008d6d) c.and   a0, a1
core   0: 3 0x80006e6e (0x8d6d) x10 0x00000080
core   0: 0x80006e70 (0x016a8eb3) add     t4, s5, s6
core   0: 3 0x80006e70 (0x016a8eb3) x29 0x0001fce0
core   0: 0x80006e74 (0x03f90ab3) mul     s5, s2, t6
core   0: 3 0x80006e74 (0x03f90ab3) x21 0x00000000
core   0: 0x80006e78 (0x00009eee) c.add   t4, s11
core   0: 3 0x80006e78 (0x9eee) x29 0x0001bce0
core   0: 0x80006e7a (0x03c229b3) mulhsu  s3, tp, t3
core   0: 3 0x80006e7a (0x03c229b3) x19 0xfffffe5f
core   0: 0x80006e7e (0x030c6ab3) rem     s5, s8, a6
core   0: 3 0x80006e7e (0x030c6ab3) x21 0x00000000
core   0: 0x80006e82 (0x0000614d) c.addi16sp sp, 176
core   0: 3 0x80006e82 (0x614d) x 2 0x000002ac
core   0: 0x80006e84 (0x80d72837) lui     a6, 0x80d72
core   0: 3 0x80006e84 (0x80d72837) x16 0x80d72000
core   0: 0x80006e88 (0x00000796) c.slli  a5, 5
core   0: 3 0x80006e88 (0x0796) x15 0x0007f320
core   0: 0x80006e8a (0x00008f8d) c.sub   a5, a1
core   0: 3 0x80006e8a (0x8f8d) x15 0x0007f2a0
core   0: 0x80006e8c (0x03ba62b3) rem     t0, s4, s11
core   0: 3 0x80006e8c (0x03ba62b3) x 5 0xfffffe64
core   0: 0x80006e90 (0x01921513) slli    a0, tp, 25
core   0: 3 0x80006e90 (0x01921513) x10 0xc8000000
core   0: 0x80006e94 (0x03caf933) remu    s2, s5, t3
core   0: 3 0x80006e94 (0x03caf933) x18 0x00000000
core   0: 0x80006e98 (0x0000867d) c.srai  a2, 31
core   0: 3 0x80006e98 (0x867d) x12 0xffffffff
core   0: 0x80006e9a (0x95184a93) xori    s5, a6, -1711
core   0: 3 0x80006e9a (0x95184a93) x21 0x7f28d951
core   0: 0x80006e9e (0x01fc7033) and     zero, s8, t6
core   0: 3 0x80006e9e (0x01fc7033)
core   0: 0x80006ea2 (0x00008dd5) c.or    a1, a3
core   0: 3 0x80006ea2 (0x8dd5) x11 0x0000008b
core   0: 0x80006ea4 (0x0003d013) srli    zero, t2, 0
core   0: 3 0x80006ea4 (0x0003d013)
core   0: 0x80006ea8 (0x00231db3) sll     s11, t1, sp
core   0: 3 0x80006ea8 (0x00231db3) x27 0x00000000
core   0: 0x80006eac (0x03212633) mulhsu  a2, sp, s2
core   0: 3 0x80006eac (0x03212633) x12 0x00000000
core   0: 0x80006eb0 (0x00000904) c.addi4spn s1, sp, 144
core   0: 3 0x80006eb0 (0x0904) x 9 0x0000033c
core   0: 0x80006eb2 (0x403b0633) sub     a2, s6, gp
core   0: 3 0x80006eb2 (0x403b0633) x12 0x0000bcc9
core   0: 0x80006eb6 (0x002370b3) and     ra, t1, sp
core   0: 3 0x80006eb6 (0x002370b3) x 1 0x00000000
core   0: 0x80006eba (0x02eabdb3) mulhu   s11, s5, a4
core   0: 3 0x80006eba (0x02eabdb3) x27 0x00000185
core   0: 0x80006ebe (0x411a0633) sub     a2, s4, a7
core   0: 3 0x80006ebe (0x411a0633) x12 0x8000fe64
core   0: 0x80006ec2 (0x01921513) slli    a0, tp, 25
core   0: 3 0x80006ec2 (0x01921513) x10 0xc8000000
core   0: 0x80006ec6 (0x00008c61) c.and   s0, s0
core   0: 3 0x80006ec6 (0x8c61) x 8 0x00000270
core   0: 0x80006ec8 (0x0000717d) c.addi16sp sp, -16
core   0: 3 0x80006ec8 (0x717d) x 2 0x0000029c
core   0: 0x80006eca (0x000086c1) c.srai  a3, 16
core   0: 3 0x80006eca (0x86c1) x13 0x00000000
core   0: 0x80006ecc (0x00cd1693) slli    a3, s10, 12
core   0: 3 0x80006ecc (0x00cd1693) x13 0x00000000
core   0: 0x80006ed0 (0x02efc2b3) div     t0, t6, a4
core   0: 3 0x80006ed0 (0x02efc2b3) x 5 0x00000000
core   0: 0x80006ed4 (0x000000fe) c.slli  ra, 31
core   0: 3 0x80006ed4 (0x00fe) x 1 0x00000000
core   0: 0x80006ed6 (0x000009a6) c.slli  s3, 9
core   0: 3 0x80006ed6 (0x09a6) x19 0xfffcbe00
core   0: 0x80006ed8 (0x022370b3) remu    ra, t1, sp
core   0: 3 0x80006ed8 (0x022370b3) x 1 0x0000024c
core   0: 0x80006edc (0x03ae94b3) mulh    s1, t4, s10
core   0: 3 0x80006edc (0x03ae94b3) x 9 0x00000000
core   0: 0x80006ee0 (0x03f36fb3) rem     t6, t1, t6
core   0: 3 0x80006ee0 (0x03f36fb3) x31 0x80000000
core   0: 0x80006ee4 (0x014362b3) or      t0, t1, s4
core   0: 3 0x80006ee4 (0x014362b3) x 5 0x8000fe64
core   0: 0x80006ee8 (0x017be0b3) or      ra, s7, s7
core   0: 3 0x80006ee8 (0x017be0b3) x 1 0xffffffff
core   0: 0x80006eec (0x03b7a3b3) mulhsu  t2, a5, s11
core   0: 3 0x80006eec (0x03b7a3b3) x 7 0x00000000
core   0: 0x80006ef0 (0x00006179) c.addi16sp sp, 464
core   0: 3 0x80006ef0 (0x6179) x 2 0x0000046c
core   0: 0x80006ef2 (0x000008e5) c.addi  a7, 25
core   0: 3 0x80006ef2 (0x08e5) x17 0x00000019
core   0: 0x80006ef4 (0x000caeb3) slt     t4, s9, zero
core   0: 3 0x80006ef4 (0x000caeb3) x29 0x00000000
core   0: 0x80006ef8 (0x03c2bcb3) mulhu   s9, t0, t3
core   0: 3 0x80006ef8 (0x03c2bcb3) x25 0x000001a1
core   0: 0x80006efc (0x0000896a) c.mv    s2, s10
core   0: 3 0x80006efc (0x896a) x18 0x00000000
core   0: 0x80006efe (0x405058b3) sra     a7, zero, t0
core   0: 3 0x80006efe (0x405058b3) x17 0x00000000
core   0: 0x80006f02 (0x00009106) c.add   sp, ra
core   0: 3 0x80006f02 (0x9106) x 2 0x0000046b
core   0: 0x80006f04 (0x01b81613) slli    a2, a6, 27
core   0: 3 0x80006f04 (0x01b81613) x12 0x00000000
core   0: 0x80006f08 (0x000063e1) c.lui   t2, 0x18
core   0: 3 0x80006f08 (0x63e1) x 7 0x00018000
core   0: 0x80006f0a (0x00000001) c.nop
core   0: 3 0x80006f0a (0x0001)
core   0: 0x80006f0c (0x00006551) c.lui   a0, 0x14
core   0: 3 0x80006f0c (0x6551) x10 0x00014000
core   0: 0x80006f0e (0x406884b3) sub     s1, a7, t1
core   0: 3 0x80006f0e (0x406884b3) x 9 0x80000000
core   0: 0x80006f12 (0x00000001) c.nop
core   0: 3 0x80006f12 (0x0001)
core   0: 0x80006f14 (0x031e2833) mulhsu  a6, t3, a7
core   0: 3 0x80006f14 (0x031e2833) x16 0x00000000
core   0: 0x80006f18 (0x37256f93) ori     t6, a0, 882
core   0: 3 0x80006f18 (0x37256f93) x31 0x00014372
core   0: 0x80006f1c (0x000084fd) c.srai  s1, 31
core   0: 3 0x80006f1c (0x84fd) x 9 0xffffffff
core   0: 0x80006f1e (0x00008ebe) c.mv    t4, a5
core   0: 3 0x80006f1e (0x8ebe) x29 0x0007f2a0
core   0: 0x80006f20 (0x00f83933) sltu    s2, a6, a5
core   0: 3 0x80006f20 (0x00f83933) x18 0x00000001
core   0: 0x80006f24 (0x00008e1d) c.sub   a2, a5
core   0: 3 0x80006f24 (0x8e1d) x12 0xfff80d60
core   0: 0x80006f26 (0x00004fad) c.li    t6, 11
core   0: 3 0x80006f26 (0x4fad) x31 0x0000000b
core   0: 0x80006f28 (0x0000848d) c.srai  s1, 3
core   0: 3 0x80006f28 (0x848d) x 9 0xffffffff
core   0: 0x80006f2a (0x261da993) slti    s3, s11, 609
core   0: 3 0x80006f2a (0x261da993) x19 0x00000001
core   0: 0x80006f2e (0x205a2393) slti    t2, s4, 517
core   0: 3 0x80006f2e (0x205a2393) x 7 0x00000001
core   0: 0x80006f32 (0x355f8713) addi    a4, t6, 853
core   0: 3 0x80006f32 (0x355f8713) x14 0x00000360
core   0: 0x80006f36 (0x4142d993) srai    s3, t0, 20
core   0: 3 0x80006f36 (0x4142d993) x19 0xfffff800
core   0: 0x80006f3a (0x00008e4d) c.or    a2, a1
core   0: 3 0x80006f3a (0x8e4d) x12 0xfff80deb
core   0: 0x80006f3c (0x000099fd) c.andi  a1, -1
core   0: 3 0x80006f3c (0x99fd) x11 0x0000008b
core   0: 0x80006f3e (0x00008f05) c.sub   a4, s1
core   0: 3 0x80006f3e (0x8f05) x14 0x00000361
core   0: 0x80006f40 (0x00d10833) add     a6, sp, a3
core   0: 3 0x80006f40 (0x00d10833) x16 0x0000046b
core   0: 0x80006f44 (0x17623737) lui     a4, 0x17623
core   0: 3 0x80006f44 (0x17623737) x14 0x17623000
core   0: 0x80006f48 (0x00008d6d) c.and   a0, a1
core   0: 3 0x80006f48 (0x8d6d) x10 0x00000000
core   0: 0x80006f4a (0x0000041e) c.slli  s0, 7
core   0: 3 0x80006f4a (0x041e) x 8 0x00013800
core   0: 0x80006f4c (0x0304f8b3) remu    a7, s1, a6
core   0: 3 0x80006f4c (0x0304f8b3) x17 0x000001c2
core   0: 0x80006f50 (0x032107b3) mul     a5, sp, s2
core   0: 3 0x80006f50 (0x032107b3) x15 0x0000046b
core   0: 0x80006f54 (0x00001b7d) c.addi  s6, -1
core   0: 3 0x80006f54 (0x1b7d) x22 0x0001fcc7
core   0: 0x80006f56 (0x02694ab3) div     s5, s2, t1
core   0: 3 0x80006f56 (0x02694ab3) x21 0x00000000
core   0: 0x80006f5a (0x41dd8fb3) sub     t6, s11, t4
core   0: 3 0x80006f5a (0x41dd8fb3) x31 0xfff80ee5
core   0: 0x80006f5e (0x01c483b3) add     t2, s1, t3
core   0: 3 0x80006f5e (0x01c483b3) x 7 0x00000341
core   0: 0x80006f62 (0x97ba44b7) lui     s1, 0x97ba4
core   0: 3 0x80006f62 (0x97ba44b7) x 9 0x97ba4000
core   0: 0x80006f66 (0x2c553a97) auipc   s5, 0x2c553
core   0: 3 0x80006f66 (0x2c553a97) x21 0xac559f66
core   0: 0x80006f6a (0x0074e3b3) or      t2, s1, t2
core   0: 3 0x80006f6a (0x0074e3b3) x 7 0x97ba4341
core   0: 0x80006f6e (0x00a1cc33) xor     s8, gp, a0
core   0: 3 0x80006f6e (0x00a1cc33) x24 0x00013fff
core   0: 0x80006f72 (0xd9b0d897) auipc   a7, 0xd9b0d
core   0: 3 0x80006f72 (0xd9b0d897) x17 0x59b13f72
core   0: 0x80006f76 (0x40735cb3) sra     s9, t1, t2
core   0: 3 0x80006f76 (0x40735cb3) x25 0xc0000000
core   0: 0x80006f7a (0x00000b8c) c.addi4spn a1, sp, 464
core   0: 3 0x80006f7a (0x0b8c) x11 0x0000063b
core   0: 0x80006f7c (0x0000989a) c.add   a7, t1
core   0: 3 0x80006f7c (0x989a) x17 0xd9b13f72
core   0: 0x80006f7e (0x02483fb3) mulhu   t6, a6, tp
core   0: 3 0x80006f7e (0x02483fb3) x31 0x00000235
core   0: 0x80006f82 (0xe6b72193) slti    gp, a4, -405
core   0: 3 0x80006f82 (0xe6b72193) x 3 0x00000000
core   0: 0x80006f86 (0x00008e91) c.sub   a3, a2
core   0: 3 0x80006f86 (0x8e91) x13 0x0007f215
core   0: 0x80006f88 (0x00000ef1) c.addi  t4, 28
core   0: 3 0x80006f88 (0x0ef1) x29 0x0007f2bc
core   0: 0x80006f8a (0x3d392293) slti    t0, s2, 979
core   0: 3 0x80006f8a (0x3d392293) x 5 0x00000001
core   0: 0x80006f8e (0x00008d1d) c.sub   a0, a5
core   0: 3 0x80006f8e (0x8d1d) x10 0xfffffb95
core   0: 0x80006f90 (0x01c7d413) srli    s0, a5, 28
core   0: 3 0x80006f90 (0x01c7d413) x 8 0x00000000
core   0: 0x80006f94 (0x00514033) xor     zero, sp, t0
core   0: 3 0x80006f94 (0x00514033)
core   0: 0x80006f98 (0x00000001) c.nop
core   0: 3 0x80006f98 (0x0001)
core   0: 0x80006f9a (0x1f73cb13) xori    s6, t2, 503
core   0: 3 0x80006f9a (0x1f73cb13) x22 0x97ba42b6
core   0: 0x80006f9e (0x00008edd) c.or    a3, a5
core   0: 3 0x80006f9e (0x8edd) x13 0x0007f67f
core   0: 0x80006fa0 (0x00006131) c.addi16sp sp, 320
core   0: 3 0x80006fa0 (0x6131) x 2 0x000005ab
core   0: 0x80006fa2 (0x03513533) mulhu   a0, sp, s5
core   0: 3 0x80006fa2 (0x03513533) x10 0x000003d0
core   0: 0x80006fa6 (0x85a2b613) sltiu   a2, t0, -1958
core   0: 3 0x80006fa6 (0x85a2b613) x12 0x00000001
core   0: 0x80006faa (0x4ed50493) addi    s1, a0, 1261
core   0: 3 0x80006faa (0x4ed50493) x 9 0x000008bd
core   0: 0x80006fae (0x00000b0d) c.addi  s6, 3
core   0: 3 0x80006fae (0x0b0d) x22 0x97ba42b9
core   0: 0x80006fb0 (0x00001f90) c.addi4spn a2, sp, 1008
core   0: 3 0x80006fb0 (0x1f90) x12 0x0000099b
core   0: 0x80006fb2 (0x00000001) c.nop
core   0: 3 0x80006fb2 (0x0001)
core   0: 0x80006fb4 (0x00006fa5) c.lui   t6, 0x9
core   0: 3 0x80006fb4 (0x6fa5) x31 0x00009000
core   0: 0x80006fb6 (0x00a14933) xor     s2, sp, a0
core   0: 3 0x80006fb6 (0x00a14933) x18 0x0000067b
core   0: 0x80006fba (0x00009152) c.add   sp, s4
core   0: 3 0x80006fba (0x9152) x 2 0x8001040f
core   0: 0x80006fbc (0x00008a01) c.andi  a2, 0
core   0: 3 0x80006fbc (0x8a01) x12 0x00000000
core   0: 0x80006fbe (0x0041e533) or      a0, gp, tp
core   0: 3 0x80006fbe (0x0041e533) x10 0x80013ce4
core   0: 0x80006fc2 (0x00ccc633) xor     a2, s9, a2
core   0: 3 0x80006fc2 (0x00ccc633) x12 0xc0000000
core   0: 0x80006fc6 (0x02550733) mul     a4, a0, t0
core   0: 3 0x80006fc6 (0x02550733) x14 0x80013ce4
core   0: 0x80006fca (0x00000001) c.nop
core   0: 3 0x80006fca (0x0001)
core   0: 0x80006fcc (0x0138c2b3) xor     t0, a7, s3
core   0: 3 0x80006fcc (0x0138c2b3) x 5 0x264ec772
core   0: 0x80006fd0 (0x00006145) c.addi16sp sp, 48
core   0: 3 0x80006fd0 (0x6145) x 2 0x8001043f
core   0: 0x80006fd2 (0x6cfb4513) xori    a0, s6, 1743
core   0: 3 0x80006fd2 (0x6cfb4513) x10 0x97ba4476
core   0: 0x80006fd6 (0x00008e5d) c.or    a2, a5
core   0: 3 0x80006fd6 (0x8e5d) x12 0xc000046b
core   0: 0x80006fd8 (0x000001b5) c.addi  gp, 13
core   0: 3 0x80006fd8 (0x01b5) x 3 0x0000000d
core   0: 0x80006fda (0x992b6713) ori     a4, s6, -1646
core   0: 3 0x80006fda (0x992b6713) x14 0xfffffbbb
core   0: 0x80006fde (0x00008fb9) c.xor   a5, a4
core   0: 3 0x80006fde (0x8fb9) x15 0xffffffd0
core   0: 0x80006fe0 (0x00008d45) c.or    a0, s1
core   0: 3 0x80006fe0 (0x8d45) x10 0x97ba4cff
core   0: 0x80006fe2 (0x00000001) c.nop
core   0: 3 0x80006fe2 (0x0001)
core   0: 0x80006fe4 (0x0000067e) c.slli  a2, 31
core   0: 3 0x80006fe4 (0x067e) x12 0x80000000
core   0: 0x80006fe6 (0x00000001) c.nop
core   0: 3 0x80006fe6 (0x0001)
core   0: 0x80006fe8 (0x001f1b13) slli    s6, t5, 1
core   0: 3 0x80006fe8 (0x001f1b13) x22 0x00000002
core   0: 0x80006fec (0x00008ddd) c.or    a1, a5
core   0: 3 0x80006fec (0x8ddd) x11 0xfffffffb
core   0: 0x80006fee (0x59c30297) auipc   t0, 0x59c30
core   0: 3 0x80006fee (0x59c30297) x 5 0xd9c36fee
core   0: 0x80006ff2 (0x016cb833) sltu    a6, s9, s6
core   0: 3 0x80006ff2 (0x016cb833) x16 0x00000000
core   0: 0x80006ff6 (0x01d2d793) srli    a5, t0, 29
core   0: 3 0x80006ff6 (0x01d2d793) x15 0x00000006
core   0: 0x80006ffa (0xd85c2813) slti    a6, s8, -635
core   0: 3 0x80006ffa (0xd85c2813) x16 0x00000000
core   0: 0x80006ffe (0x00b7b3b3) sltu    t2, a5, a1
core   0: 3 0x80006ffe (0x00b7b3b3) x 7 0x00000001
core   0: 0x80007002 (0x000005de) c.slli  a1, 23
core   0: 3 0x80007002 (0x05de) x11 0xfd800000
core   0: 0x80007004 (0x00008ae2) c.mv    s5, s8
core   0: 3 0x80007004 (0x8ae2) x21 0x00013fff
core   0: 0x80007006 (0x008e5733) srl     a4, t3, s0
core   0: 3 0x80007006 (0x008e5733) x14 0x00000342
core   0: 0x8000700a (0x000082a1) c.srli  a3, 8
core   0: 3 0x8000700a (0x82a1) x13 0x000007f6
core   0: 0x8000700c (0x03a8e9b3) rem     s3, a7, s10
core   0: 3 0x8000700c (0x03a8e9b3) x19 0xd9b13f72
core   0: 0x80007010 (0x41840eb3) sub     t4, s0, s8
core   0: 3 0x80007010 (0x41840eb3) x29 0xfffec001
core   0: 0x80007014 (0x02db83b3) mul     t2, s7, a3
core   0: 3 0x80007014 (0x02db83b3) x 7 0xfffff80a
core   0: 0x80007018 (0x6e346113) ori     sp, s0, 1763
core   0: 3 0x80007018 (0x6e346113) x 2 0x000006e3
core   0: 0x8000701c (0x0d3a76b7) lui     a3, 0xd3a7
core   0: 3 0x8000701c (0x0d3a76b7) x13 0x0d3a7000
core   0: 0x80007020 (0x0064c2b3) xor     t0, s1, t1
core   0: 3 0x80007020 (0x0064c2b3) x 5 0x800008bd
core   0: 0x80007024 (0x41a8d4b3) sra     s1, a7, s10
core   0: 3 0x80007024 (0x41a8d4b3) x 9 0xd9b13f72
core   0: 0x80007028 (0x0397cdb3) div     s11, a5, s9
core   0: 3 0x80007028 (0x0397cdb3) x27 0x00000000
core   0: 0x8000702c (0x03c98133) mul     sp, s3, t3
core   0: 3 0x8000702c (0x03c98133) x 2 0x3370b164
core   0: 0x80007030 (0x037b1733) mulh    a4, s6, s7
core   0: 3 0x80007030 (0x037b1733) x14 0xffffffff
core   0: 0x80007034 (0x01f30bb3) add     s7, t1, t6
core   0: 3 0x80007034 (0x01f30bb3) x23 0x80009000
core   0: 0x80007038 (0xc4c7e993) ori     s3, a5, -948
core   0: 3 0x80007038 (0xc4c7e993) x19 0xfffffc4e
core   0: 0x8000703c (0x87c3f613) andi    a2, t2, -1924
core   0: 3 0x8000703c (0x87c3f613) x12 0xfffff808
core   0: 0x80007040 (0x4f68d097) auipc   ra, 0x4f68d
core   0: 3 0x80007040 (0x4f68d097) x 1 0xcf694040
core   0: 0x80007044 (0x00f31093) slli    ra, t1, 15
core   0: 3 0x80007044 (0x00f31093) x 1 0x00000000
core   0: 0x80007048 (0x036958b3) divu    a7, s2, s6
core   0: 3 0x80007048 (0x036958b3) x17 0x0000033d
core   0: 0x8000704c (0x018ffb33) and     s6, t6, s8
core   0: 3 0x8000704c (0x018ffb33) x22 0x00001000
core   0: 0x80007050 (0x02d6e533) rem     a0, a3, a3
core   0: 3 0x80007050 (0x02d6e533) x10 0x00000000
core   0: 0x80007054 (0x00008cb5) c.xor   s1, a3
core   0: 3 0x80007054 (0x8cb5) x 9 0xd48b4f72
core   0: 0x80007056 (0x5cb83f13) sltiu   t5, a6, 1483
core   0: 3 0x80007056 (0x5cb83f13) x30 0x00000001
core   0: 0x8000705a (0x00000598) c.addi4spn a4, sp, 704
core   0: 3 0x8000705a (0x0598) x14 0x3370b424
core   0: 0x8000705c (0x00006a91) c.lui   s5, 0x4
core   0: 3 0x8000705c (0x6a91) x21 0x00004000
core   0: 0x8000705e (0x02a92db3) mulhsu  s11, s2, a0
core   0: 3 0x8000705e (0x02a92db3) x27 0x00000000
core   0: 0x80007062 (0x00008fad) c.xor   a5, a1
core   0: 3 0x80007062 (0x8fad) x15 0xfd800006
core   0: 0x80007064 (0x00008015) c.srli  s0, 5
core   0: 3 0x80007064 (0x8015) x 8 0x00000000
core   0: 0x80007066 (0x0000911e) c.add   sp, t2
core   0: 3 0x80007066 (0x911e) x 2 0x3370a96e
core   0: 0x80007068 (0x00a9f1b3) and     gp, s3, a0
core   0: 3 0x80007068 (0x00a9f1b3) x 3 0x00000000
core   0: 0x8000706c (0x00008451) c.srai  s0, 20
core   0: 3 0x8000706c (0x8451) x 8 0x00000000
core   0: 0x8000706e (0x00008215) c.srli  a2, 5
core   0: 3 0x8000706e (0x8215) x12 0x07ffffc0
core   0: 0x80007070 (0x1ac08413) addi    s0, ra, 428
core   0: 3 0x80007070 (0x1ac08413) x 8 0x000001ac
core   0: 0x80007074 (0x00008291) c.srli  a3, 4
core   0: 3 0x80007074 (0x8291) x13 0x00d3a700
core   0: 0x80007076 (0x00008d69) c.and   a0, a0
core   0: 3 0x80007076 (0x8d69) x10 0x00000000
core   0: 0x80007078 (0x00008f29) c.xor   a4, a0
core   0: 3 0x80007078 (0x8f29) x14 0x3370b424
core   0: 0x8000707a (0x0105aab3) slt     s5, a1, a6
core   0: 3 0x8000707a (0x0105aab3) x21 0x00000001
core   0: 0x8000707e (0x6161a993) slti    s3, gp, 1558
core   0: 3 0x8000707e (0x6161a993) x19 0x00000001
core   0: 0x80007082 (0x01af79b3) and     s3, t5, s10
core   0: 3 0x80007082 (0x01af79b3) x19 0x00000000
core   0: 0x80007086 (0x03240633) mul     a2, s0, s2
core   0: 3 0x80007086 (0x03240633) x12 0x000ad5a4
core   0: 0x8000708a (0x79fd0b13) addi    s6, s10, 1951
core   0: 3 0x8000708a (0x79fd0b13) x22 0x0000079f
core   0: 0x8000708e (0xf37926b7) lui     a3, 0xf3792
core   0: 3 0x8000708e (0xf37926b7) x13 0xf3792000
core   0: 0x80007092 (0x01d1d293) srli    t0, gp, 29
core   0: 3 0x80007092 (0x01d1d293) x 5 0x00000000
core   0: 0x80007096 (0x403d57b3) sra     a5, s10, gp
core   0: 3 0x80007096 (0x403d57b3) x15 0x00000000
core   0: 0x8000709a (0x00004d55) c.li    s10, 21
core   0: 3 0x8000709a (0x4d55) x26 0x00000015
core   0: 0x8000709c (0x56658e13) addi    t3, a1, 1382
core   0: 3 0x8000709c (0x56658e13) x28 0xfd800566
core   0: 0x800070a0 (0x014a9b33) sll     s6, s5, s4
core   0: 3 0x800070a0 (0x014a9b33) x22 0x00000010
core   0: 0x800070a4 (0x01fc1a93) slli    s5, s8, 31
core   0: 3 0x800070a4 (0x01fc1a93) x21 0x80000000
core   0: 0x800070a8 (0x8d6b2cb7) lui     s9, 0x8d6b2
core   0: 3 0x800070a8 (0x8d6b2cb7) x25 0x8d6b2000
core   0: 0x800070ac (0x017cccb3) xor     s9, s9, s7
core   0: 3 0x800070ac (0x017cccb3) x25 0x0d6bb000
core   0: 0x800070b0 (0x00008409) c.srai  s0, 2
core   0: 3 0x800070b0 (0x8409) x 8 0x0000006b
core   0: 0x800070b2 (0x000086e1) c.srai  a3, 24
core   0: 3 0x800070b2 (0x86e1) x13 0xfffffff3
core   0: 0x800070b4 (0x35316393) ori     t2, sp, 851
core   0: 3 0x800070b4 (0x35316393) x 7 0x3370ab7f
core   0: 0x800070b8 (0x01921633) sll     a2, tp, s9
core   0: 3 0x800070b8 (0x01921633) x12 0x80013ce4
core   0: 0x800070bc (0x0000517d) c.li    sp, -1
core   0: 3 0x800070bc (0x517d) x 2 0xffffffff
core   0: 0x800070be (0x7b554893) xori    a7, a0, 1973
core   0: 3 0x800070be (0x7b554893) x17 0x000007b5
core   0: 0x800070c2 (0x01385813) srli    a6, a6, 19
core   0: 3 0x800070c2 (0x01385813) x16 0x00000000
core   0: 0x800070c6 (0x40c80833) sub     a6, a6, a2
core   0: 3 0x800070c6 (0x40c80833) x16 0x7ffec31c
core   0: 0x800070ca (0x19965e37) lui     t3, 0x19965
core   0: 3 0x800070ca (0x19965e37) x28 0x19965000
core   0: 0x800070ce (0x000081a1) c.srli  a1, 8
core   0: 3 0x800070ce (0x81a1) x11 0x00fd8000
core   0: 0x800070d0 (0x01b911b3) sll     gp, s2, s11
core   0: 3 0x800070d0 (0x01b911b3) x 3 0x0000067b
core   0: 0x800070d4 (0x020fc033) div     zero, t6, zero
core   0: 3 0x800070d4 (0x020fc033)
core   0: 0x800070d8 (0x00000001) c.nop
core   0: 3 0x800070d8 (0x0001)
core   0: 0x800070da (0x01ea9cb3) sll     s9, s5, t5
core   0: 3 0x800070da (0x01ea9cb3) x25 0x00000000
core   0: 0x800070de (0x00ffcab3) xor     s5, t6, a5
core   0: 3 0x800070de (0x00ffcab3) x21 0x00009000
core   0: 0x800070e2 (0x00008649) c.srai  a2, 18
core   0: 3 0x800070e2 (0x8649) x12 0xffffe000
core   0: 0x800070e4 (0x00008209) c.srli  a2, 2
core   0: 3 0x800070e4 (0x8209) x12 0x3ffff800
core   0: 0x800070e6 (0xfccb2093) slti    ra, s6, -52
core   0: 3 0x800070e6 (0xfccb2093) x 1 0x00000000
core   0: 0x800070ea (0x00000001) c.nop
core   0: 3 0x800070ea (0x0001)
core   0: 0x800070ec (0x028ba933) mulhsu  s2, s7, s0
core   0: 3 0x800070ec (0x028ba933) x18 0xffffffca
core   0: 0x800070f0 (0x0237bfb3) mulhu   t6, a5, gp
core   0: 3 0x800070f0 (0x0237bfb3) x31 0x00000000
core   0: 0x800070f4 (0x352ac593) xori    a1, s5, 850
core   0: 3 0x800070f4 (0x352ac593) x11 0x00009352
core   0: 0x800070f8 (0x00008389) c.srli  a5, 2
core   0: 3 0x800070f8 (0x8389) x15 0x00000000
core   0: 0x800070fa (0x00501133) sll     sp, zero, t0
core   0: 3 0x800070fa (0x00501133) x 2 0x00000000
core   0: 0x800070fe (0x03809733) mulh    a4, ra, s8
core   0: 3 0x800070fe (0x03809733) x14 0x00000000
core   0: 0x80007102 (0xa5850713) addi    a4, a0, -1448
core   0: 3 0x80007102 (0xa5850713) x14 0xfffffa58
core   0: 0x80007106 (0x000085b1) c.srai  a1, 12
core   0: 3 0x80007106 (0x85b1) x11 0x00000009
core   0: 0x80007108 (0x00000936) c.slli  s2, 13
core   0: 3 0x80007108 (0x0936) x18 0xfff94000
core   0: 0x8000710a (0x4ab7f393) andi    t2, a5, 1195
core   0: 3 0x8000710a (0x4ab7f393) x 7 0x00000000
core   0: 0x8000710e (0x0000840d) c.srai  s0, 3
core   0: 3 0x8000710e (0x840d) x 8 0x0000000d
core   0: 0x80007110 (0x000003aa) c.slli  t2, 10
core   0: 3 0x80007110 (0x03aa) x 7 0x00000000
core   0: 0x80007112 (0x41b6d933) sra     s2, a3, s11
core   0: 3 0x80007112 (0x41b6d933) x18 0xfffffff3
core   0: 0x80007116 (0x5be56393) ori     t2, a0, 1470
core   0: 3 0x80007116 (0x5be56393) x 7 0x000005be
core   0: 0x8000711a (0x00093833) sltu    a6, s2, zero
core   0: 3 0x8000711a (0x00093833) x16 0x00000000
core   0: 0x8000711e (0x00c38db3) add     s11, t2, a2
core   0: 3 0x8000711e (0x00c38db3) x27 0x3ffffdbe
core   0: 0x80007122 (0x00adb833) sltu    a6, s11, a0
core   0: 3 0x80007122 (0x00adb833) x16 0x00000000
core   0: 0x80007126 (0x00001890) c.addi4spn a2, sp, 112
core   0: 3 0x80007126 (0x1890) x12 0x00000070
core   0: 0x80007128 (0x00001680) c.addi4spn s0, sp, 864
core   0: 3 0x80007128 (0x1680) x 8 0x00000360
core   0: 0x8000712a (0x00008d41) c.or    a0, s0
core   0: 3 0x8000712a (0x8d41) x10 0x00000360
core   0: 0x8000712c (0x02432133) mulhsu  sp, t1, tp
core   0: 3 0x8000712c (0x02432133) x 2 0xbfff618e
core   0: 0x80007130 (0x010df2b3) and     t0, s11, a6
core   0: 3 0x80007130 (0x010df2b3) x 5 0x00000000
core   0: 0x80007134 (0x00000001) c.nop
core   0: 3 0x80007134 (0x0001)
core   0: 0x80007136 (0x00008f3d) c.xor   a4, a5
core   0: 3 0x80007136 (0x8f3d) x14 0xfffffa58
core   0: 0x80007138 (0xc497b113) sltiu   sp, a5, -951
core   0: 3 0x80007138 (0xc497b113) x 2 0x00000001
core   0: 0x8000713c (0x3e2ca413) slti    s0, s9, 994
core   0: 3 0x8000713c (0x3e2ca413) x 8 0x00000001
core   0: 0x80007140 (0x01f2e833) or      a6, t0, t6
core   0: 3 0x80007140 (0x01f2e833) x16 0x00000000
core   0: 0x80007144 (0x00000f80) c.addi4spn s0, sp, 976
core   0: 3 0x80007144 (0x0f80) x 8 0x000003d1
core   0: 0x80007146 (0x000014fd) c.addi  s1, -1
core   0: 3 0x80007146 (0x14fd) x 9 0xd48b4f71
core   0: 0x80007148 (0x00000001) c.nop
core   0: 3 0x80007148 (0x0001)
core   0: 0x8000714a (0x4035d513) srai    a0, a1, 3
core   0: 3 0x8000714a (0x4035d513) x10 0x00000001
core   0: 0x8000714e (0x034b7c33) remu    s8, s6, s4
core   0: 3 0x8000714e (0x034b7c33) x24 0x00000010
core   0: 0x80007152 (0x00006159) c.addi16sp sp, 400
core   0: 3 0x80007152 (0x6159) x 2 0x00000191
core   0: 0x80007154 (0x000063d9) c.lui   t2, 0x16
core   0: 3 0x80007154 (0x63d9) x 7 0x00016000
core   0: 0x80007156 (0x03f64fb3) div     t6, a2, t6
core   0: 3 0x80007156 (0x03f64fb3) x31 0xffffffff
core   0: 0x8000715a (0x0000812d) c.srli  a0, 11
core   0: 3 0x8000715a (0x812d) x10 0x00000000
core   0: 0x8000715c (0x00008979) c.andi  a0, 30
core   0: 3 0x8000715c (0x8979) x10 0x00000000
core   0: 0x8000715e (0x000003ca) c.slli  t2, 18
core   0: 3 0x8000715e (0x03ca) x 7 0x80000000
core   0: 0x80007160 (0x012f3033) sltu    zero, t5, s2
core   0: 3 0x80007160 (0x012f3033)
core   0: 0x80007164 (0x0000867a) c.mv    a2, t5
core   0: 3 0x80007164 (0x867a) x12 0x00000001
core   0: 0x80007166 (0x000080f5) c.srli  s1, 29
core   0: 3 0x80007166 (0x80f5) x 9 0x00000006
core   0: 0x80007168 (0x005c98b3) sll     a7, s9, t0
core   0: 3 0x80007168 (0x005c98b3) x17 0x00000000
core   0: 0x8000716c (0x03dd13b3) mulh    t2, s10, t4
core   0: 3 0x8000716c (0x03dd13b3) x 7 0xffffffff
core   0: 0x80007170 (0x7486ba93) sltiu   s5, a3, 1864
core   0: 3 0x80007170 (0x7486ba93) x21 0x00000000
core   0: 0x80007174 (0x004cabb3) slt     s7, s9, tp
core   0: 3 0x80007174 (0x004cabb3) x23 0x00000000
core   0: 0x80007178 (0x02c956b3) divu    a3, s2, a2
core   0: 3 0x80007178 (0x02c956b3) x13 0xfffffff3
core   0: 0x8000717c (0x00000b79) c.addi  s6, 30
core   0: 3 0x8000717c (0x0b79) x22 0x0000002e
core   0: 0x8000717e (0x021e26b3) mulhsu  a3, t3, ra
core   0: 3 0x8000717e (0x021e26b3) x13 0x00000000
core   0: 0x80007182 (0x411e5e93) srai    t4, t3, 17
core   0: 3 0x80007182 (0x411e5e93) x29 0x00000ccb
core   0: 0x80007186 (0x01383833) sltu    a6, a6, s3
core   0: 3 0x80007186 (0x01383833) x16 0x00000000
core   0: 0x8000718a (0xf125b513) sltiu   a0, a1, -238
core   0: 3 0x8000718a (0xf125b513) x10 0x00000001
core   0: 0x8000718e (0x00000e31) c.addi  t3, 12
core   0: 3 0x8000718e (0x0e31) x28 0x1996500c
core   0: 0x80007190 (0x00000310) c.addi4spn a2, sp, 384
core   0: 3 0x80007190 (0x0310) x12 0x00000311
core   0: 0x80007192 (0x000081d1) c.srli  a1, 20
core   0: 3 0x80007192 (0x81d1) x11 0x00000000
core   0: 0x80007194 (0x016a5e33) srl     t3, s4, s6
core   0: 3 0x80007194 (0x016a5e33) x28 0x00020003
core   0: 0x80007198 (0x7e197793) andi    a5, s2, 2017
core   0: 3 0x80007198 (0x7e197793) x15 0x000007e1
core   0: 0x8000719c (0x00008c5d) c.or    s0, a5
core   0: 3 0x8000719c (0x8c5d) x 8 0x000007f1
core   0: 0x8000719e (0xc3f74f93) xori    t6, a4, -961
core   0: 3 0x8000719e (0xc3f74f93) x31 0x00000667
core   0: 0x800071a2 (0x002a3ab3) sltu    s5, s4, sp
core   0: 3 0x800071a2 (0x002a3ab3) x21 0x00000000
core   0: 0x800071a6 (0x00008299) c.srli  a3, 6
core   0: 3 0x800071a6 (0x8299) x13 0x00000000
core   0: 0x800071a8 (0x00000456) c.slli  s0, 21
core   0: 3 0x800071a8 (0x0456) x 8 0xfe200000
core   0: 0x800071aa (0x00008fc5) c.or    a5, s1
core   0: 3 0x800071aa (0x8fc5) x15 0x000007e7
core   0: 0x800071ac (0x00009afd) c.andi  a3, -1
core   0: 3 0x800071ac (0x9afd) x13 0x00000000
core   0: 0x800071ae (0x00000001) c.nop
core   0: 3 0x800071ae (0x0001)
core   0: 0x800071b0 (0x01bcd8b3) srl     a7, s9, s11
core   0: 3 0x800071b0 (0x01bcd8b3) x17 0x00000000
core   0: 0x800071b4 (0x0fc60897) auipc   a7, 0xfc60
core   0: 3 0x800071b4 (0x0fc60897) x17 0x8fc671b4
core   0: 0x800071b8 (0x8a93af93) slti    t6, t2, -1879
core   0: 3 0x800071b8 (0x8a93af93) x31 0x00000000
core   0: 0x800071bc (0x00008961) c.andi  a0, 24
core   0: 3 0x800071bc (0x8961) x10 0x00000000
core   0: 0x800071be (0x00004ae1) c.li    s5, 24
core   0: 3 0x800071be (0x4ae1) x21 0x00000018
core   0: 0x800071c0 (0x3dd48913) addi    s2, s1, 989
core   0: 3 0x800071c0 (0x3dd48913) x18 0x000003e3
core   0: 0x800071c4 (0x409f02b3) sub     t0, t5, s1
core   0: 3 0x800071c4 (0x409f02b3) x 5 0xfffffffb
core   0: 0x800071c8 (0x021cfd33) remu    s10, s9, ra
core   0: 3 0x800071c8 (0x021cfd33) x26 0x00000000
core   0: 0x800071cc (0x00000c75) c.addi  s8, 29
core   0: 3 0x800071cc (0x0c75) x24 0x0000002d
core   0: 0x800071ce (0x00008e01) c.sub   a2, s0
core   0: 3 0x800071ce (0x8e01) x12 0x01e00311
core   0: 0x800071d0 (0x00000001) c.nop
core   0: 3 0x800071d0 (0x0001)
core   0: 0x800071d2 (0x0000717d) c.addi16sp sp, -16
core   0: 3 0x800071d2 (0x717d) x 2 0x00000181
core   0: 0x800071d4 (0xa138ef93) ori     t6, a7, -1517
core   0: 3 0x800071d4 (0xa138ef93) x31 0xfffffbb7
core   0: 0x800071d8 (0x00008779) c.srai  a4, 30
core   0: 3 0x800071d8 (0x8779) x14 0xffffffff
core   0: 0x800071da (0x218a6f37) lui     t5, 0x218a6
core   0: 3 0x800071da (0x218a6f37) x30 0x218a6000
core   0: 0x800071de (0x00008c45) c.or    s0, s1
core   0: 3 0x800071de (0x8c45) x 8 0xfe200006
core   0: 0x800071e0 (0x00006155) c.addi16sp sp, 304
core   0: 3 0x800071e0 (0x6155) x 2 0x000002b1
core   0: 0x800071e2 (0x00e6ad33) slt     s10, a3, a4
core   0: 3 0x800071e2 (0x00e6ad33) x26 0x00000000
core   0: 0x800071e6 (0x034bfc33) remu    s8, s7, s4
core   0: 3 0x800071e6 (0x034bfc33) x24 0x00000000
core   0: 0x800071ea (0x87670113) addi    sp, a4, -1930
core   0: 3 0x800071ea (0x87670113) x 2 0xfffff875
core   0: 0x800071ee (0x0000717d) c.addi16sp sp, -16
core   0: 3 0x800071ee (0x717d) x 2 0xfffff865
core   0: 0x800071f0 (0xa69f6393) ori     t2, t5, -1431
core   0: 3 0x800071f0 (0xa69f6393) x 7 0xfffffa69
core   0: 0x800071f4 (0x030bbab3) mulhu   s5, s7, a6
core   0: 3 0x800071f4 (0x030bbab3) x21 0x00000000
core   0: 0x800071f8 (0x00000cb9) c.addi  s9, 14
core   0: 3 0x800071f8 (0x0cb9) x25 0x0000000e
core   0: 0x800071fa (0x004f37b3) sltu    a5, t5, tp
core   0: 3 0x800071fa (0x004f37b3) x15 0x00000001
core   0: 0x800071fe (0x0000681d) c.lui   a6, 0x7
core   0: 3 0x800071fe (0x681d) x16 0x00007000
core   0: 0x80007200 (0x40ed0eb3) sub     t4, s10, a4
core   0: 3 0x80007200 (0x40ed0eb3) x29 0x00000001
core   0: 0x80007204 (0x038ce993) ori     s3, s9, 56
core   0: 3 0x80007204 (0x038ce993) x19 0x0000003e
core   0: 0x80007208 (0x00005dfd) c.li    s11, -1
core   0: 3 0x80007208 (0x5dfd) x27 0xffffffff
core   0: 0x8000720a (0x0000188c) c.addi4spn a1, sp, 112
core   0: 3 0x8000720a (0x188c) x11 0xfffff8d5
core   0: 0x8000720c (0x01e99c13) slli    s8, s3, 30
core   0: 3 0x8000720c (0x01e99c13) x24 0x80000000
core   0: 0x80007210 (0x00000f42) c.slli  t5, 16
core   0: 3 0x80007210 (0x0f42) x30 0x60000000
core   0: 0x80007212 (0x028c9733) mulh    a4, s9, s0
core   0: 3 0x80007212 (0x028c9733) x14 0xffffffff
core   0: 0x80007216 (0x000088c1) c.andi  s1, 16
core   0: 3 0x80007216 (0x88c1) x 9 0x00000000
core   0: 0x80007218 (0x000086c1) c.srai  a3, 16
core   0: 3 0x80007218 (0x86c1) x13 0x00000000
core   0: 0x8000721a (0x00000001) c.nop
core   0: 3 0x8000721a (0x0001)
core   0: 0x8000721c (0x029bb133) mulhu   sp, s7, s1
core   0: 3 0x8000721c (0x029bb133) x 2 0x00000000
core   0: 0x80007220 (0x400500b3) sub     ra, a0, zero
core   0: 3 0x80007220 (0x400500b3) x 1 0x00000000
core   0: 0x80007224 (0x0199cab3) xor     s5, s3, s9
core   0: 3 0x80007224 (0x0199cab3) x21 0x00000030
core   0: 0x80007228 (0x00000001) c.nop
core   0: 3 0x80007228 (0x0001)
core   0: 0x8000722a (0x02821533) mulh    a0, tp, s0
core   0: 3 0x8000722a (0x02821533) x10 0x00effdaa
core   0: 0x8000722e (0xa3d88497) auipc   s1, 0xa3d88
core   0: 3 0x8000722e (0xa3d88497) x 9 0x23d8f22e
core   0: 0x80007232 (0x40ae09b3) sub     s3, t3, a0
core   0: 3 0x80007232 (0x40ae09b3) x19 0xff120259
core   0: 0x80007236 (0x000012fd) c.addi  t0, -1
core   0: 3 0x80007236 (0x12fd) x 5 0xfffffffa
core   0: 0x80007238 (0x020bc7b3) div     a5, s7, zero
core   0: 3 0x80007238 (0x020bc7b3) x15 0xffffffff
core   0: 0x8000723c (0x40655033) sra     zero, a0, t1
core   0: 3 0x8000723c (0x40655033)
core   0: 0x80007240 (0x00006699) c.lui   a3, 0x6
core   0: 3 0x80007240 (0x6699) x13 0x00006000
core   0: 0x80007242 (0xfdef0913) addi    s2, t5, -34
core   0: 3 0x80007242 (0xfdef0913) x18 0x5fffffde
core   0: 0x80007246 (0x00008d05) c.sub   a0, s1
core   0: 3 0x80007246 (0x8d05) x10 0xdd170b7c
core   0: 0x80007248 (0x416d5eb3) sra     t4, s10, s6
core   0: 3 0x80007248 (0x416d5eb3) x29 0x00000000
core   0: 0x8000724c (0x01e22d33) slt     s10, tp, t5
core   0: 3 0x8000724c (0x01e22d33) x26 0x00000001
core   0: 0x80007250 (0x00008475) c.srai  s0, 29
core   0: 3 0x80007250 (0x8475) x 8 0xffffffff
core   0: 0x80007252 (0x0287fcb3) remu    s9, a5, s0
core   0: 3 0x80007252 (0x0287fcb3) x25 0x00000000
core   0: 0x80007256 (0x00241713) slli    a4, s0, 2
core   0: 3 0x80007256 (0x00241713) x14 0xfffffffc
core   0: 0x8000725a (0x00000001) c.nop
core   0: 3 0x8000725a (0x0001)
core   0: 0x8000725c (0x000002d2) c.slli  t0, 20
core   0: 3 0x8000725c (0x02d2) x 5 0xffa00000
core   0: 0x8000725e (0x036ba933) mulhsu  s2, s7, s6
core   0: 3 0x8000725e (0x036ba933) x18 0x00000000
core   0: 0x80007262 (0x37c6f913) andi    s2, a3, 892
core   0: 3 0x80007262 (0x37c6f913) x18 0x00000000
core   0: 0x80007266 (0x337839b7) lui     s3, 0x33783
core   0: 3 0x80007266 (0x337839b7) x19 0x33783000
core   0: 0x8000726a (0xc2498993) addi    s3, s3, -988
core   0: 3 0x8000726a (0xc2498993) x19 0x33782c24
core   0: 0x8000726e (0xb97f6f37) lui     t5, 0xb97f6
core   0: 3 0x8000726e (0xb97f6f37) x30 0xb97f6000
core   0: 0x80007272 (0x1a2f0f13) addi    t5, t5, 418
core   0: 3 0x80007272 (0x1a2f0f13) x30 0xb97f61a2
core   0: 0x80007276 (0x80000eb7) lui     t4, 0x80000
core   0: 3 0x80007276 (0x80000eb7) x29 0x80000000
core   0: 0x8000727a (0x030b3e37) lui     t3, 0x30b3
core   0: 3 0x8000727a (0x030b3e37) x28 0x030b3000
core   0: 0x8000727e (0x8cbe0e13) addi    t3, t3, -1845
core   0: 3 0x8000727e (0x8cbe0e13) x28 0x030b28cb
core   0: 0x80007282 (0x800001b7) lui     gp, 0x80000
core   0: 3 0x80007282 (0x800001b7) x 3 0x80000000
core   0: 0x80007286 (0xd3c345b7) lui     a1, 0xd3c34
core   0: 3 0x80007286 (0xd3c345b7) x11 0xd3c34000
core   0: 0x8000728a (0x27158593) addi    a1, a1, 625
core   0: 3 0x8000728a (0x27158593) x11 0xd3c34271
core   0: 0x8000728e (0xfff00293) li      t0, -1
core   0: 3 0x8000728e (0xfff00293) x 5 0xffffffff
core   0: 0x80007292 (0x80000137) lui     sp, 0x80000
core   0: 3 0x80007292 (0x80000137) x 2 0x80000000
core   0: 0x80007296 (0x80000537) lui     a0, 0x80000
core   0: 3 0x80007296 (0x80000537) x10 0x80000000
core   0: 0x8000729a (0x80000fb7) lui     t6, 0x80000
core   0: 3 0x8000729a (0x80000fb7) x31 0x80000000
core   0: 0x8000729e (0x03314fb3) div     t6, sp, s3
core   0: 3 0x8000729e (0x03314fb3) x31 0xfffffffe
core   0: 0x800072a2 (0x06e15e97) auipc   t4, 0x6e15
core   0: 3 0x800072a2 (0x06e15e97) x29 0x86e1c2a2
core   0: 0x800072a6 (0x013985b3) add     a1, s3, s3
core   0: 3 0x800072a6 (0x013985b3) x11 0x66f05848
core   0: 0x800072aa (0x03c9a2b3) mulhsu  t0, s3, t3
core   0: 3 0x800072aa (0x03c9a2b3) x 5 0x009ca6e1
core   0: 0x800072ae (0x0332b1b3) mulhu   gp, t0, s3
core   0: 3 0x800072ae (0x0332b1b3) x 3 0x001f7ec8
core   0: 0x800072b2 (0x40af82b3) sub     t0, t6, a0
core   0: 3 0x800072b2 (0x40af82b3) x 5 0x7ffffffe
core   0: 0x800072b6 (0x02528f33) mul     t5, t0, t0
core   0: 3 0x800072b6 (0x02528f33) x30 0x00000004
core   0: 0x800072ba (0x02b52e33) mulhsu  t3, a0, a1
core   0: 3 0x800072ba (0x02b52e33) x28 0xcc87d3dc
core   0: 0x800072be (0x02310e33) mul     t3, sp, gp
core   0: 3 0x800072be (0x02310e33) x28 0x00000000
core   0: 0x800072c2 (0x02315fb3) divu    t6, sp, gp
core   0: 3 0x800072c2 (0x02315fb3) x31 0x00000410
core   0: 0x800072c6 (0x00000001) c.nop
core   0: 3 0x800072c6 (0x0001)
core   0: 0x800072c8 (0x02559f33) mulh    t5, a1, t0
core   0: 3 0x800072c8 (0x02559f33) x30 0x33782c23
core   0: 0x800072cc (0xc5598993) addi    s3, s3, -939
core   0: 3 0x800072cc (0xc5598993) x19 0x33782879
core   0: 0x800072d0 (0x03efcf33) div     t5, t6, t5
core   0: 3 0x800072d0 (0x03efcf33) x30 0x00000000
core   0: 0x800072d4 (0x00a98e33) add     t3, s3, a0
core   0: 3 0x800072d4 (0x00a98e33) x28 0xb3782879
core   0: 0x800072d8 (0x40ae02b3) sub     t0, t3, a0
core   0: 3 0x800072d8 (0x40ae02b3) x 5 0x33782879
core   0: 0x800072dc (0x03ce3133) mulhu   sp, t3, t3
core   0: 3 0x800072dc (0x03ce3133) x 2 0x7dd140ff
core   0: 0x800072e0 (0xd6c792b7) lui     t0, 0xd6c79
core   0: 3 0x800072e0 (0xd6c792b7) x 5 0xd6c79000
core   0: 0x800072e4 (0x7d4dd297) auipc   t0, 0x7d4dd
core   0: 3 0x800072e4 (0x7d4dd297) x 5 0xfd4e42e4
core   0: 0x800072e8 (0x00000001) c.nop
core   0: 3 0x800072e8 (0x0001)
core   0: 0x800072ea (0x02a552b3) divu    t0, a0, a0
core   0: 3 0x800072ea (0x02a552b3) x 5 0x00000001
core   0: 0x800072ee (0x03f1eeb3) rem     t4, gp, t6
core   0: 3 0x800072ee (0x03f1eeb3) x29 0x000002c8
core   0: 0x800072f2 (0x02bef1b3) remu    gp, t4, a1
core   0: 3 0x800072f2 (0x02bef1b3) x 3 0x000002c8
core   0: 0x800072f6 (0x00000001) c.nop
core   0: 3 0x800072f6 (0x0001)
core   0: 0x800072f8 (0x03de5f33) divu    t5, t3, t4
core   0: 3 0x800072f8 (0x03de5f33) x30 0x0040873f
core   0: 0x800072fc (0x0e1e0137) lui     sp, 0xe1e0
core   0: 3 0x800072fc (0x0e1e0137) x 2 0x0e1e0000
core   0: 0x80007300 (0x15928593) addi    a1, t0, 345
core   0: 3 0x80007300 (0x15928593) x11 0x0000015a
core   0: 0x80007304 (0x00000001) c.nop
core   0: 3 0x80007304 (0x0001)
core   0: 0x80007306 (0xf5be3037) lui     zero, 0xf5be3
core   0: 3 0x80007306 (0xf5be3037)
core   0: 0x8000730a (0x00008d6a) c.mv    s10, s10
core   0: 3 0x8000730a (0x8d6a) x26 0x00000001
core   0: 0x8000730c (0x0000914e) c.add   sp, s3
core   0: 3 0x8000730c (0x914e) x 2 0x41962879
core   0: 0x8000730e (0x00008fa1) c.xor   a5, s0
core   0: 3 0x8000730e (0x8fa1) x15 0x00000000
core   0: 0x80007310 (0x00001f88) c.addi4spn a0, sp, 1008
core   0: 3 0x80007310 (0x1f88) x10 0x41962c69
core   0: 0x80007312 (0x000084a9) c.srai  s1, 10
core   0: 3 0x80007312 (0x84a9) x 9 0x0008f63c
core   0: 0x80007314 (0x00006e5d) c.lui   t3, 0x17
core   0: 3 0x80007314 (0x6e5d) x28 0x00017000
core   0: 0x80007316 (0x89046d13) ori     s10, s0, -1904
core   0: 3 0x80007316 (0x89046d13) x26 0xffffffff
core   0: 0x8000731a (0x0347d033) divu    zero, a5, s4
core   0: 3 0x8000731a (0x0347d033)
core   0: 0x8000731e (0x0169bf33) sltu    t5, s3, s6
core   0: 3 0x8000731e (0x0169bf33) x30 0x00000000
core   0: 0x80007322 (0x000060d5) c.lui   ra, 0x15
core   0: 3 0x80007322 (0x60d5) x 1 0x00015000
core   0: 0x80007324 (0x019bd693) srli    a3, s7, 25
core   0: 3 0x80007324 (0x019bd693) x13 0x00000000
core   0: 0x80007328 (0x00009b5a) c.add   s6, s6
core   0: 3 0x80007328 (0x9b5a) x22 0x0000005c
core   0: 0x8000732a (0x00008c59) c.or    s0, a4
core   0: 3 0x8000732a (0x8c59) x 8 0xffffffff
core   0: 0x8000732c (0x005f5fb3) srl     t6, t5, t0
core   0: 3 0x8000732c (0x005f5fb3) x31 0x00000000
core   0: 0x80007330 (0x00008d6d) c.and   a0, a1
core   0: 3 0x80007330 (0x8d6d) x10 0x00000048
core   0: 0x80007332 (0x00001984) c.addi4spn s1, sp, 240
core   0: 3 0x80007332 (0x1984) x 9 0x41962969
core   0: 0x80007334 (0x00000001) c.nop
core   0: 3 0x80007334 (0x0001)
core   0: 0x80007336 (0x00006151) c.addi16sp sp, 272
core   0: 3 0x80007336 (0x6151) x 2 0x41962989
core   0: 0x80007338 (0x0000801d) c.srli  s0, 7
core   0: 3 0x80007338 (0x801d) x 8 0x01ffffff
core   0: 0x8000733a (0x02b3de33) divu    t3, t2, a1
core   0: 3 0x8000733a (0x02b3de33) x28 0x00bd690c
core   0: 0x8000733e (0x0000567d) c.li    a2, -1
core   0: 3 0x8000733e (0x567d) x12 0xffffffff
core   0: 0x80007340 (0x4080d593) srai    a1, ra, 8
core   0: 3 0x80007340 (0x4080d593) x11 0x00000150
core   0: 0x80007344 (0x00008c29) c.xor   s0, a0
core   0: 3 0x80007344 (0x8c29) x 8 0x01ffffb7
core   0: 0x80007346 (0xbd3a6e13) ori     t3, s4, -1069
core   0: 3 0x80007346 (0xbd3a6e13) x28 0xfffffff7
core   0: 0x8000734a (0xf9f98517) auipc   a0, 0xf9f98
core   0: 3 0x8000734a (0xf9f98517) x10 0x79f9f34a
core   0: 0x8000734e (0xb7ac8613) addi    a2, s9, -1158
core   0: 3 0x8000734e (0xb7ac8613) x12 0xfffffb7a
core   0: 0x80007352 (0x0205ecb3) rem     s9, a1, zero
core   0: 3 0x80007352 (0x0205ecb3) x25 0x00000150
core   0: 0x80007356 (0x00008451) c.srai  s0, 20
core   0: 3 0x80007356 (0x8451) x 8 0x0000001f
core   0: 0x80007358 (0xbabf4113) xori    sp, t5, -1109
core   0: 3 0x80007358 (0xbabf4113) x 2 0xfffffbab
core   0: 0x8000735c (0x024bab33) mulhsu  s6, s7, tp
core   0: 3 0x8000735c (0x024bab33) x22 0x00000000
core   0: 0x80007360 (0x00008c1d) c.sub   s0, a5
core   0: 3 0x80007360 (0x8c1d) x 8 0x0000001f
core   0: 0x80007362 (0x06f13f97) auipc   t6, 0x6f13
core   0: 3 0x80007362 (0x06f13f97) x31 0x86f1a362
core   0: 0x80007366 (0x00008b26) c.mv    s6, s1
core   0: 3 0x80007366 (0x8b26) x22 0x41962969
core   0: 0x80007368 (0x009195b3) sll     a1, gp, s1
core   0: 3 0x80007368 (0x009195b3) x11 0x00059000
core   0: 0x8000736c (0x8387c593) xori    a1, a5, -1992
core   0: 3 0x8000736c (0x8387c593) x11 0xfffff838
core   0: 0x80007370 (0x0361ce33) div     t3, gp, s6
core   0: 3 0x80007370 (0x0361ce33) x28 0x00000000
core   0: 0x80007374 (0x00008959) c.andi  a0, 22
core   0: 3 0x80007374 (0x8959) x10 0x00000002
core   0: 0x80007376 (0x00008bd1) c.andi  a5, 20
core   0: 3 0x80007376 (0x8bd1) x15 0x00000000
core   0: 0x80007378 (0xb49db013) sltiu   zero, s11, -1207
core   0: 3 0x80007378 (0xb49db013)
core   0: 0x8000737c (0x0000438d) c.li    t2, 3
core   0: 3 0x8000737c (0x438d) x 7 0x00000003
core   0: 0x8000737e (0x00008e55) c.or    a2, a3
core   0: 3 0x8000737e (0x8e55) x12 0xfffffb7a
core   0: 0x80007380 (0x0283af33) mulhsu  t5, t2, s0
core   0: 3 0x80007380 (0x0283af33) x30 0x00000000
core   0: 0x80007384 (0x000085dd) c.srai  a1, 23
core   0: 3 0x80007384 (0x85dd) x11 0xffffffff
core   0: 0x80007386 (0x3b04bb13) sltiu   s6, s1, 944
core   0: 3 0x80007386 (0x3b04bb13) x22 0x00000000
core   0: 0x8000738a (0x00d81a93) slli    s5, a6, 13
core   0: 3 0x8000738a (0x00d81a93) x21 0x0e000000
core   0: 0x8000738e (0x000000ed) c.addi  ra, 27
core   0: 3 0x8000738e (0x00ed) x 1 0x0001501b
core   0: 0x80007390 (0x49c3ba93) sltiu   s5, t2, 1180
core   0: 3 0x80007390 (0x49c3ba93) x21 0x00000001
core   0: 0x80007394 (0x0000806d) c.srli  s0, 27
core   0: 3 0x80007394 (0x806d) x 8 0x00000000
core   0: 0x80007396 (0x0000873d) c.srai  a4, 15
core   0: 3 0x80007396 (0x873d) x14 0xffffffff
core   0: 0x80007398 (0x298f0d13) addi    s10, t5, 664
core   0: 3 0x80007398 (0x298f0d13) x26 0x00000298
core   0: 0x8000739c (0x029752b3) divu    t0, a4, s1
core   0: 3 0x8000739c (0x029752b3) x 5 0x00000003
core   0: 0x800073a0 (0xab9b4493) xori    s1, s6, -1351
core   0: 3 0x800073a0 (0xab9b4493) x 9 0xfffffab9
core   0: 0x800073a4 (0x03deff33) remu    t5, t4, t4
core   0: 3 0x800073a4 (0x03deff33) x30 0x00000000
core   0: 0x800073a8 (0x0000160c) c.addi4spn a1, sp, 800
core   0: 3 0x800073a8 (0x160c) x11 0xfffffecb
core   0: 0x800073aa (0x02cb0db3) mul     s11, s6, a2
core   0: 3 0x800073aa (0x02cb0db3) x27 0x00000000
core   0: 0x800073ae (0x025542b3) div     t0, a0, t0
core   0: 3 0x800073ae (0x025542b3) x 5 0x00000000
core   0: 0x800073b2 (0x40c98cb3) sub     s9, s3, a2
core   0: 3 0x800073b2 (0x40c98cb3) x25 0x33782cff
core   0: 0x800073b6 (0x00008e41) c.or    a2, s0
core   0: 3 0x800073b6 (0x8e41) x12 0xfffffb7a
core   0: 0x800073b8 (0x00001ffd) c.addi  t6, -1
core   0: 3 0x800073b8 (0x1ffd) x31 0x86f1a361
core   0: 0x800073ba (0x01731093) slli    ra, t1, 23
core   0: 3 0x800073ba (0x01731093) x 1 0x00000000
core   0: 0x800073be (0x016e0933) add     s2, t3, s6
core   0: 3 0x800073be (0x016e0933) x18 0x00000000
core   0: 0x800073c2 (0x4ee1e113) ori     sp, gp, 1262
core   0: 3 0x800073c2 (0x4ee1e113) x 2 0x000006ee
core   0: 0x800073c6 (0x0155ffb3) and     t6, a1, s5
core   0: 3 0x800073c6 (0x0155ffb3) x31 0x00000001
core   0: 0x800073ca (0x5f4bf113) andi    sp, s7, 1524
core   0: 3 0x800073ca (0x5f4bf113) x 2 0x00000000
core   0: 0x800073ce (0x00008ca9) c.xor   s1, a0
core   0: 3 0x800073ce (0x8ca9) x 9 0xfffffabb
core   0: 0x800073d0 (0x00008d51) c.or    a0, a2
core   0: 3 0x800073d0 (0x8d51) x10 0xfffffb7a
core   0: 0x800073d2 (0x00f402b3) add     t0, s0, a5
core   0: 3 0x800073d2 (0x00f402b3) x 5 0x00000000
core   0: 0x800073d6 (0x00391993) slli    s3, s2, 3
core   0: 3 0x800073d6 (0x00391993) x19 0x00000000
core   0: 0x800073da (0x0380e033) rem     zero, ra, s8
core   0: 3 0x800073da (0x0380e033)
core   0: 0x800073de (0x00008eb1) c.xor   a3, a2
core   0: 3 0x800073de (0x8eb1) x13 0xfffffb7a
core   0: 0x800073e0 (0xb8e43697) auipc   a3, 0xb8e43
core   0: 3 0x800073e0 (0xb8e43697) x13 0x38e4a3e0
core   0: 0x800073e4 (0x000085d6) c.mv    a1, s5
core   0: 3 0x800073e4 (0x85d6) x11 0x00000001
core   0: 0x800073e6 (0x03423133) mulhu   sp, tp, s4
core   0: 3 0x800073e6 (0x03423133) x 2 0x40011da5
core   0: 0x800073ea (0x01e71eb3) sll     t4, a4, t5
core   0: 3 0x800073ea (0x01e71eb3) x29 0xffffffff
core   0: 0x800073ee (0x02c52033) mulhsu  zero, a0, a2
core   0: 3 0x800073ee (0x02c52033)
core   0: 0x800073f2 (0x78598593) addi    a1, s3, 1925
core   0: 3 0x800073f2 (0x78598593) x11 0x00000785
core   0: 0x800073f6 (0x00009fde) c.add   t6, s7
core   0: 3 0x800073f6 (0x9fde) x31 0x00000001
core   0: 0x800073f8 (0x296deb93) ori     s7, s11, 662
core   0: 3 0x800073f8 (0x296deb93) x23 0x00000296
core   0: 0x800073fc (0x00008d55) c.or    a0, a3
core   0: 3 0x800073fc (0x8d55) x10 0xfffffbfa
core   0: 0x800073fe (0x00000001) c.nop
core   0: 3 0x800073fe (0x0001)
core   0: 0x80007400 (0x0000717d) c.addi16sp sp, -16
core   0: 3 0x80007400 (0x717d) x 2 0x40011d95
core   0: 0x80007402 (0x4179dc13) srai    s8, s3, 23
core   0: 3 0x80007402 (0x4179dc13) x24 0x00000000
core   0: 0x80007406 (0x018675b3) and     a1, a2, s8
core   0: 3 0x80007406 (0x018675b3) x11 0x00000000
core   0: 0x8000740a (0x0387d6b3) divu    a3, a5, s8
core   0: 3 0x8000740a (0x0387d6b3) x13 0xffffffff
core   0: 0x8000740e (0x02ec92b3) mulh    t0, s9, a4
core   0: 3 0x8000740e (0x02ec92b3) x 5 0xffffffff
core   0: 0x80007412 (0x038e6fb3) rem     t6, t3, s8
core   0: 3 0x80007412 (0x038e6fb3) x31 0x00000000
core   0: 0x80007416 (0x023a4033) div     zero, s4, gp
core   0: 3 0x80007416 (0x023a4033)
core   0: 0x8000741a (0x8b320f93) addi    t6, tp, -1869
core   0: 3 0x8000741a (0x8b320f93) x31 0x80013597
core   0: 0x8000741e (0x01a31db3) sll     s11, t1, s10
core   0: 3 0x8000741e (0x01a31db3) x27 0x00000000
core   0: 0x80007422 (0x03a64ab3) div     s5, a2, s10
core   0: 3 0x80007422 (0x03a64ab3) x21 0xffffffff
core   0: 0x80007426 (0x00009442) c.add   s0, a6
core   0: 3 0x80007426 (0x9442) x 8 0x00007000
core   0: 0x80007428 (0x000017fd) c.addi  a5, -1
core   0: 3 0x80007428 (0x17fd) x15 0xffffffff
core   0: 0x8000742a (0x00008375) c.srli  a4, 29
core   0: 3 0x8000742a (0x8375) x14 0x00000007
core   0: 0x8000742c (0x02d007b3) mul     a5, zero, a3
core   0: 3 0x8000742c (0x02d007b3) x15 0x00000000
core   0: 0x80007430 (0x69d50993) addi    s3, a0, 1693
core   0: 3 0x80007430 (0x69d50993) x19 0x00000297
core   0: 0x80007434 (0x01bddf13) srli    t5, s11, 27
core   0: 3 0x80007434 (0x01bddf13) x30 0x00000000
core   0: 0x80007438 (0xdd15fb13) andi    s6, a1, -559
core   0: 3 0x80007438 (0xdd15fb13) x22 0x00000000
core   0: 0x8000743c (0x12fb6f13) ori     t5, s6, 303
core   0: 3 0x8000743c (0x12fb6f13) x30 0x0000012f
core   0: 0x80007440 (0x026a83b3) mul     t2, s5, t1
core   0: 3 0x80007440 (0x026a83b3) x 7 0x80000000
core   0: 0x80007444 (0xd82e4993) xori    s3, t3, -638
core   0: 3 0x80007444 (0xd82e4993) x19 0xfffffd82
core   0: 0x80007448 (0x00008dd9) c.or    a1, a4
core   0: 3 0x80007448 (0x8dd9) x11 0x00000007
core   0: 0x8000744a (0x00009be2) c.add   s7, s8
core   0: 3 0x8000744a (0x9be2) x23 0x00000296
core   0: 0x8000744c (0x4001d0b3) sra     ra, gp, zero
core   0: 3 0x8000744c (0x4001d0b3) x 1 0x000002c8
core   0: 0x80007450 (0x405080b3) sub     ra, ra, t0
core   0: 3 0x80007450 (0x405080b3) x 1 0x000002c9
core   0: 0x80007454 (0x02d94633) div     a2, s2, a3
core   0: 3 0x80007454 (0x02d94633) x12 0x00000000
core   0: 0x80007458 (0x013d1613) slli    a2, s10, 19
core   0: 3 0x80007458 (0x013d1613) x12 0x14c00000
core   0: 0x8000745c (0x031f0733) mul     a4, t5, a7
core   0: 3 0x8000745c (0x031f0733) x14 0x2be0940c
core   0: 0x80007460 (0x00008b75) c.andi  a4, 29
core   0: 3 0x80007460 (0x8b75) x14 0x0000000c
core   0: 0x80007462 (0x00008cf9) c.and   s1, a4
core   0: 3 0x80007462 (0x8cf9) x 9 0x00000008
core   0: 0x80007464 (0x41f15093) srai    ra, sp, 31
core   0: 3 0x80007464 (0x41f15093) x 1 0x00000000
core   0: 0x80007468 (0x0241b8b3) mulhu   a7, gp, tp
core   0: 3 0x80007468 (0x0241b8b3) x17 0x00000164
core   0: 0x8000746c (0x00f99013) slli    zero, s3, 15
core   0: 3 0x8000746c (0x00f99013)
core   0: 0x80007470 (0x013a4bb3) xor     s7, s4, s3
core   0: 3 0x80007470 (0x013a4bb3) x23 0x7fff03e6
core   0: 0x80007474 (0x77f3bdb7) lui     s11, 0x77f3b
core   0: 3 0x80007474 (0x77f3bdb7) x27 0x77f3b000
core   0: 0x80007478 (0x022165b3) rem     a1, sp, sp
core   0: 3 0x80007478 (0x022165b3) x11 0x00000000
core   0: 0x8000747c (0x00daa6b3) slt     a3, s5, a3
core   0: 3 0x8000747c (0x00daa6b3) x13 0x00000000
core   0: 0x80007480 (0x41b8d913) srai    s2, a7, 27
core   0: 3 0x80007480 (0x41b8d913) x18 0x00000000
core   0: 0x80007484 (0x0000028e) c.slli  t0, 3
core   0: 3 0x80007484 (0x028e) x 5 0xfffffff8
core   0: 0x80007486 (0x21e17113) andi    sp, sp, 542
core   0: 3 0x80007486 (0x21e17113) x 2 0x00000014
core   0: 0x8000748a (0x0b9a6913) ori     s2, s4, 185
core   0: 3 0x8000748a (0x0b9a6913) x18 0x8000fefd
core   0: 0x8000748e (0x41e7df33) sra     t5, a5, t5
core   0: 3 0x8000748e (0x41e7df33) x30 0x00000000
core   0: 0x80007492 (0x4035dc93) srai    s9, a1, 3
core   0: 3 0x80007492 (0x4035dc93) x25 0x00000000
core   0: 0x80007496 (0xeb67e717) auipc   a4, 0xeb67e
core   0: 3 0x80007496 (0xeb67e717) x14 0x6b685496
core   0: 0x8000749a (0x000083e1) c.srli  a5, 24
core   0: 3 0x8000749a (0x83e1) x15 0x00000000
core   0: 0x8000749c (0x00009ffa) c.add   t6, t5
core   0: 3 0x8000749c (0x9ffa) x31 0x80013597
core   0: 0x8000749e (0x0000098c) c.addi4spn a1, sp, 208
core   0: 3 0x8000749e (0x098c) x11 0x000000e4
core   0: 0x800074a0 (0x006cbe33) sltu    t3, s9, t1
core   0: 3 0x800074a0 (0x006cbe33) x28 0x00000001
core   0: 0x800074a4 (0x03aa8fb3) mul     t6, s5, s10
core   0: 3 0x800074a4 (0x03aa8fb3) x31 0xfffffd68
core   0: 0x800074a8 (0x000002c6) c.slli  t0, 17
core   0: 3 0x800074a8 (0x02c6) x 5 0xfff00000
core   0: 0x800074aa (0x014ff5b3) and     a1, t6, s4
core   0: 3 0x800074aa (0x014ff5b3) x11 0x8000fc60
core   0: 0x800074ae (0x003f1cb3) sll     s9, t5, gp
core   0: 3 0x800074ae (0x003f1cb3) x25 0x00000000
core   0: 0x800074b2 (0x412f5833) sra     a6, t5, s2
core   0: 3 0x800074b2 (0x412f5833) x16 0x00000000
core   0: 0x800074b6 (0x0000717d) c.addi16sp sp, -16
core   0: 3 0x800074b6 (0x717d) x 2 0x00000004
core   0: 0x800074b8 (0x00001c98) c.addi4spn a4, sp, 624
core   0: 3 0x800074b8 (0x1c98) x14 0x00000274
core   0: 0x800074ba (0x0096fab3) and     s5, a3, s1
core   0: 3 0x800074ba (0x0096fab3) x21 0x00000000
core   0: 0x800074be (0x00006175) c.addi16sp sp, 368
core   0: 3 0x800074be (0x6175) x 2 0x00000174
core   0: 0x800074c0 (0x00000001) c.nop
core   0: 3 0x800074c0 (0x0001)
core   0: 0x800074c2 (0x0000717d) c.addi16sp sp, -16
core   0: 3 0x800074c2 (0x717d) x 2 0x00000164
core   0: 0x800074c4 (0x0fbc6f13) ori     t5, s8, 251
core   0: 3 0x800074c4 (0x0fbc6f13) x30 0x000000fb
core   0: 0x800074c8 (0x000090d2) c.add   ra, s4
core   0: 3 0x800074c8 (0x90d2) x 1 0x8000fe64
core   0: 0x800074ca (0x2ae92a93) slti    s5, s2, 686
core   0: 3 0x800074ca (0x2ae92a93) x21 0x00000001
core   0: 0x800074ce (0x00000ffe) c.slli  t6, 31
core   0: 3 0x800074ce (0x0ffe) x31 0x00000000
core   0: 0x800074d0 (0x0000587d) c.li    a6, -1
core   0: 3 0x800074d0 (0x587d) x16 0xffffffff
core   0: 0x800074d2 (0x000085a5) c.srai  a1, 9
core   0: 3 0x800074d2 (0x85a5) x11 0xffc0007e
core   0: 0x800074d4 (0x41145093) srai    ra, s0, 17
core   0: 3 0x800074d4 (0x41145093) x 1 0x00000000
core   0: 0x800074d8 (0x03f6a933) mulhsu  s2, a3, t6
core   0: 3 0x800074d8 (0x03f6a933) x18 0x00000000
core   0: 0x800074dc (0x00fb93b3) sll     t2, s7, a5
core   0: 3 0x800074dc (0x00fb93b3) x 7 0x7fff03e6
core   0: 0x800074e0 (0xe064c193) xori    gp, s1, -506
core   0: 3 0x800074e0 (0xe064c193) x 3 0xfffffe0e
core   0: 0x800074e4 (0x007fd633) srl     a2, t6, t2
core   0: 3 0x800074e4 (0x007fd633) x12 0x00000000
core   0: 0x800074e8 (0xdca74393) xori    t2, a4, -566
core   0: 3 0x800074e8 (0xdca74393) x 7 0xffffffbe
core   0: 0x800074ec (0x00009106) c.add   sp, ra
core   0: 3 0x800074ec (0x9106) x 2 0x00000164
core   0: 0x800074ee (0x00008cdd) c.or    s1, a5
core   0: 3 0x800074ee (0x8cdd) x 9 0x00000008
core   0: 0x800074f0 (0x00008da1) c.xor   a1, s0
core   0: 3 0x800074f0 (0x8da1) x11 0xffc0707e
core   0: 0x800074f2 (0x00008e79) c.and   a2, a4
core   0: 3 0x800074f2 (0x8e79) x12 0x00000000
core   0: 0x800074f4 (0x00009ca2) c.add   s9, s0
core   0: 3 0x800074f4 (0x9ca2) x25 0x00007000
core   0: 0x800074f6 (0x00008cbd) c.xor   s1, a5
core   0: 3 0x800074f6 (0x8cbd) x 9 0x00000008
core   0: 0x800074f8 (0x03a78933) mul     s2, a5, s10
core   0: 3 0x800074f8 (0x03a78933) x18 0x00000000
core   0: 0x800074fc (0x0125f1b3) and     gp, a1, s2
core   0: 3 0x800074fc (0x0125f1b3) x 3 0x00000000
core   0: 0x80007500 (0x02b9c5b3) div     a1, s3, a1
core   0: 3 0x80007500 (0x02b9c5b3) x11 0x00000000
core   0: 0x80007504 (0x01eeefb3) or      t6, t4, t5
core   0: 3 0x80007504 (0x01eeefb3) x31 0xffffffff
core   0: 0x80007508 (0x00000001) c.nop
core   0: 3 0x80007508 (0x0001)
core   0: 0x8000750a (0x00008cc9) c.or    s1, a0
core   0: 3 0x8000750a (0x8cc9) x 9 0xfffffbfa
core   0: 0x8000750c (0x7fb15797) auipc   a5, 0x7fb15
core   0: 3 0x8000750c (0x7fb15797) x15 0xffb1c50c
core   0: 0x80007510 (0x41a5d193) srai    gp, a1, 26
core   0: 3 0x80007510 (0x41a5d193) x 3 0x00000000
core   0: 0x80007514 (0x0000717d) c.addi16sp sp, -16
core   0: 3 0x80007514 (0x717d) x 2 0x00000154
core   0: 0x80007516 (0x00ae4833) xor     a6, t3, a0
core   0: 3 0x80007516 (0x00ae4833) x16 0xfffffbfb
core   0: 0x8000751a (0x41b882b3) sub     t0, a7, s11
core   0: 3 0x8000751a (0x41b882b3) x 5 0x880c5164
core   0: 0x8000751e (0x00008ed9) c.or    a3, a4
core   0: 3 0x8000751e (0x8ed9) x13 0x00000274
core   0: 0x80007520 (0x016f6e33) or      t3, t5, s6
core   0: 3 0x80007520 (0x016f6e33) x28 0x000000fb
core   0: 0x80007524 (0xe85e7197) auipc   gp, 0xe85e7
core   0: 3 0x80007524 (0xe85e7197) x 3 0x685ee524
core   0: 0x80007528 (0x0000824d) c.srli  a2, 19
core   0: 3 0x80007528 (0x824d) x12 0x00000000
core   0: 0x8000752a (0x03bcc933) div     s2, s9, s11
core   0: 3 0x8000752a (0x03bcc933) x18 0x00000000
core   0: 0x8000752e (0x01b7b4b3) sltu    s1, a5, s11
core   0: 3 0x8000752e (0x01b7b4b3) x 9 0x00000000
core   0: 0x80007532 (0x00439e33) sll     t3, t2, tp
core   0: 3 0x80007532 (0x00439e33) x28 0xfffffbe0
core   0: 0x80007536 (0x00000190) c.addi4spn a2, sp, 192
core   0: 3 0x80007536 (0x0190) x12 0x00000214
core   0: 0x80007538 (0x00009efe) c.add   t4, t6
core   0: 3 0x80007538 (0x9efe) x29 0xfffffffe
core   0: 0x8000753a (0x00fadd13) srli    s10, s5, 15
core   0: 3 0x8000753a (0x00fadd13) x26 0x00000000
core   0: 0x8000753e (0x00008c55) c.or    s0, a3
core   0: 3 0x8000753e (0x8c55) x 8 0x00007274
core   0: 0x80007540 (0x00008d61) c.and   a0, s0
core   0: 3 0x80007540 (0x8d61) x10 0x00007270
core   0: 0x80007542 (0x01b68833) add     a6, a3, s11
core   0: 3 0x80007542 (0x01b68833) x16 0x77f3b274
core   0: 0x80007546 (0x000064f1) c.lui   s1, 0x1c
core   0: 3 0x80007546 (0x64f1) x 9 0x0001c000
core   0: 0x80007548 (0x00008c4d) c.or    s0, a1
core   0: 3 0x80007548 (0x8c4d) x 8 0x00007274
core   0: 0x8000754a (0x91d68613) addi    a2, a3, -1763
core   0: 3 0x8000754a (0x91d68613) x12 0xfffffb91
core   0: 0x8000754e (0x41de5493) srai    s1, t3, 29
core   0: 3 0x8000754e (0x41de5493) x 9 0xffffffff
core   0: 0x80007552 (0x00001b7d) c.addi  s6, -1
core   0: 3 0x80007552 (0x1b7d) x22 0xffffffff
core   0: 0x80007554 (0x00000f8e) c.slli  t6, 3
core   0: 3 0x80007554 (0x0f8e) x31 0xfffffff8
core   0: 0x80007556 (0x00000001) c.nop
core   0: 3 0x80007556 (0x0001)
core   0: 0x80007558 (0x026544b3) div     s1, a0, t1
core   0: 3 0x80007558 (0x026544b3) x 9 0x00000000
core   0: 0x8000755c (0x03d0f993) andi    s3, ra, 61
core   0: 3 0x8000755c (0x03d0f993) x19 0x00000000
core   0: 0x80007560 (0x2ff96fb7) lui     t6, 0x2ff96
core   0: 3 0x80007560 (0x2ff96fb7) x31 0x2ff96000
core   0: 0x80007564 (0x9ddf8f93) addi    t6, t6, -1571
core   0: 3 0x80007564 (0x9ddf8f93) x31 0x2ff959dd
core   0: 0x80007568 (0x00004401) c.li    s0, 0
core   0: 3 0x80007568 (0x4401) x 8 0x00000000
core   0: 0x8000756a (0x80000d37) lui     s10, 0x80000
core   0: 3 0x8000756a (0x80000d37) x26 0x80000000
core   0: 0x8000756e (0x800009b7) lui     s3, 0x80000
core   0: 3 0x8000756e (0x800009b7) x19 0x80000000
core   0: 0x80007572 (0x00004101) c.li    sp, 0
core   0: 3 0x80007572 (0x4101) x 2 0x00000000
core   0: 0x80007574 (0xfff00893) li      a7, -1
core   0: 3 0x80007574 (0xfff00893) x17 0xffffffff
core   0: 0x80007578 (0x80000537) lui     a0, 0x80000
core   0: 3 0x80007578 (0x80000537) x10 0x80000000
core   0: 0x8000757c (0x8149b637) lui     a2, 0x8149b
core   0: 3 0x8000757c (0x8149b637) x12 0x8149b000
core   0: 0x80007580 (0xca460613) addi    a2, a2, -860
core   0: 3 0x80007580 (0xca460613) x12 0x8149aca4
core   0: 0x80007584 (0x00004b01) c.li    s6, 0
core   0: 3 0x80007584 (0x4b01) x22 0x00000000
core   0: 0x80007586 (0xfff00093) li      ra, -1
core   0: 3 0x80007586 (0xfff00093) x 1 0xffffffff
core   0: 0x8000758a (0x03ff80b3) mul     ra, t6, t6
core   0: 3 0x8000758a (0x03ff80b3) x 1 0x157568c9
core   0: 0x8000758e (0x02145433) divu    s0, s0, ra
core   0: 3 0x8000758e (0x02145433) x 8 0x00000000
core   0: 0x80007592 (0x02ab6fb3) rem     t6, s6, a0
core   0: 3 0x80007592 (0x02ab6fb3) x31 0x00000000
core   0: 0x80007596 (0x8e78fb37) lui     s6, 0x8e78f
core   0: 3 0x80007596 (0x8e78fb37) x22 0x8e78f000
core   0: 0x8000759a (0x8c238b17) auipc   s6, 0x8c238
core   0: 3 0x8000759a (0x8c238b17) x22 0x0c23f59a
core   0: 0x8000759e (0x4ce88993) addi    s3, a7, 1230
core   0: 3 0x8000759e (0x4ce88993) x19 0x000004cd
core   0: 0x800075a2 (0x02c53fb3) mulhu   t6, a0, a2
core   0: 3 0x800075a2 (0x02c53fb3) x31 0x40a4d652
core   0: 0x800075a6 (0xa0050993) addi    s3, a0, -1536
core   0: 3 0x800075a6 (0xa0050993) x19 0x7ffffa00
core   0: 0x800075aa (0xb8b7d537) lui     a0, 0xb8b7d
core   0: 3 0x800075aa (0xb8b7d537) x10 0xb8b7d000
core   0: 0x800075ae (0x03f89fb3) mulh    t6, a7, t6
core   0: 3 0x800075ae (0x03f89fb3) x31 0xffffffff
core   0: 0x800075b2 (0x40c98fb3) sub     t6, s3, a2
core   0: 3 0x800075b2 (0x40c98fb3) x31 0xfeb64d5c
core   0: 0x800075b6 (0x86367f97) auipc   t6, 0x86367
core   0: 3 0x800075b6 (0x86367f97) x31 0x0636e5b6
core   0: 0x800075ba (0x00a60b33) add     s6, a2, a0
core   0: 3 0x800075ba (0x00a60b33) x22 0x3a017ca4
core   0: 0x800075be (0x02a9bb33) mulhu   s6, s3, a0
core   0: 3 0x800075be (0x02a9bb33) x22 0x5c5be3ab
core   0: 0x800075c2 (0x00000001) c.nop
core   0: 3 0x800075c2 (0x0001)
core   0: 0x800075c4 (0xd6f98613) addi    a2, s3, -657
core   0: 3 0x800075c4 (0xd6f98613) x12 0x7ffff76f
core   0: 0x800075c8 (0x02114b33) div     s6, sp, ra
core   0: 3 0x800075c8 (0x02114b33) x22 0x00000000
core   0: 0x800075cc (0x03f0f633) remu    a2, ra, t6
core   0: 3 0x800075cc (0x03f0f633) x12 0x02d0b7a7
core   0: 0x800075d0 (0x408f8d33) sub     s10, t6, s0
core   0: 3 0x800075d0 (0x408f8d33) x26 0x0636e5b6
core   0: 0x800075d4 (0xf01d0993) addi    s3, s10, -255
core   0: 3 0x800075d4 (0xf01d0993) x19 0x0636e4b7
core   0: 0x800075d8 (0x02cfb8b3) mulhu   a7, t6, a2
core   0: 3 0x800075d8 (0x02cfb8b3) x17 0x00117edb
core   0: 0x800075dc (0x03154fb3) div     t6, a0, a7
core   0: 3 0x800075dc (0x03154fb3) x31 0xfffffbed
core   0: 0x800075e0 (0x0288e9b3) rem     s3, a7, s0
core   0: 3 0x800075e0 (0x0288e9b3) x19 0x00117edb
core   0: 0x800075e4 (0xdd9cd437) lui     s0, 0xdd9cd
core   0: 3 0x800075e4 (0xdd9cd437) x 8 0xdd9cd000
core   0: 0x800075e8 (0x40a50d33) sub     s10, a0, a0
core   0: 3 0x800075e8 (0x40a50d33) x26 0x00000000
core   0: 0x800075ec (0x03367133) remu    sp, a2, s3
core   0: 3 0x800075ec (0x03367133) x 2 0x00036694
core   0: 0x800075f0 (0xb2ff8093) addi    ra, t6, -1233
core   0: 3 0x800075f0 (0xb2ff8093) x 1 0xfffff71c
core   0: 0x800075f4 (0x031f90b3) mulh    ra, t6, a7
core   0: 3 0x800075f4 (0x031f90b3) x 1 0xffffffff
core   0: 0x800075f8 (0x033660b3) rem     ra, a2, s3
core   0: 3 0x800075f8 (0x033660b3) x 1 0x00036694
core   0: 0x800075fc (0x02a890b3) mulh    ra, a7, a0
core   0: 3 0x800075fc (0x02a890b3) x 1 0xfffb20e2
core   0: 0x80007600 (0x01d799b3) sll     s3, a5, t4
core   0: 3 0x80007600 (0x01d799b3) x19 0x00000000
core   0: 0x80007604 (0x407157b3) sra     a5, sp, t2
core   0: 3 0x80007604 (0x407157b3) x15 0x00000000
core   0: 0x80007608 (0x03317db3) remu    s11, sp, s3
core   0: 3 0x80007608 (0x03317db3) x27 0x00036694
core   0: 0x8000760c (0xc526e413) ori     s0, a3, -942
core   0: 3 0x8000760c (0xc526e413) x 8 0xfffffe76
core   0: 0x80007610 (0x3afbdb37) lui     s6, 0x3afbd
core   0: 3 0x80007610 (0x3afbdb37) x22 0x3afbd000
core   0: 0x80007614 (0x00ec2033) slt     zero, s8, a4
core   0: 3 0x80007614 (0x00ec2033)
core   0: 0x80007618 (0x02d8c733) div     a4, a7, a3
core   0: 3 0x80007618 (0x02d8c733) x14 0x00000721
core   0: 0x8000761c (0x000060b5) c.lui   ra, 0xd
core   0: 3 0x8000761c (0x60b5) x 1 0x0000d000
core   0: 0x8000761e (0x00c21113) slli    sp, tp, 12
core   0: 3 0x8000761e (0x00c21113) x 2 0x13ce4000
core   0: 0x80007622 (0x40788db3) sub     s11, a7, t2
core   0: 3 0x80007622 (0x40788db3) x27 0x00117f1d
core   0: 0x80007626 (0x41bad933) sra     s2, s5, s11
core   0: 3 0x80007626 (0x41bad933) x18 0x00000000
core   0: 0x8000762a (0x00000762) c.slli  a4, 24
core   0: 3 0x8000762a (0x0762) x14 0x21000000
core   0: 0x8000762c (0x02b2dbb3) divu    s7, t0, a1
core   0: 3 0x8000762c (0x02b2dbb3) x23 0xffffffff
core   0: 0x80007630 (0x7d751597) auipc   a1, 0x7d751
core   0: 3 0x80007630 (0x7d751597) x11 0xfd758630
core   0: 0x80007634 (0x02d81033) mulh    zero, a6, a3
core   0: 3 0x80007634 (0x02d81033)
core   0: 0x80007638 (0x00000b0c) c.addi4spn a1, sp, 400
core   0: 3 0x80007638 (0x0b0c) x11 0x13ce4190
core   0: 0x8000763a (0x01413c33) sltu    s8, sp, s4
core   0: 3 0x8000763a (0x01413c33) x24 0x00000001
core   0: 0x8000763e (0xa4f8fa93) andi    s5, a7, -1457
core   0: 3 0x8000763e (0xa4f8fa93) x21 0x00117a4b
core   0: 0x80007642 (0x016580b3) add     ra, a1, s6
core   0: 3 0x80007642 (0x016580b3) x 1 0x4eca1190
core   0: 0x80007646 (0xda2bcc13) xori    s8, s7, -606
core   0: 3 0x80007646 (0xda2bcc13) x24 0x0000025d
core   0: 0x8000764a (0x035770b3) remu    ra, a4, s5
core   0: 3 0x8000764a (0x035770b3) x 1 0x0006447f
core   0: 0x8000764e (0x0000717d) c.addi16sp sp, -16
core   0: 3 0x8000764e (0x717d) x 2 0x13ce3ff0
core   0: 0x80007650 (0x020b64b3) rem     s1, s6, zero
core   0: 3 0x80007650 (0x020b64b3) x 9 0x3afbd000
core   0: 0x80007654 (0x414d8e33) sub     t3, s11, s4
core   0: 3 0x80007654 (0x414d8e33) x28 0x801080b9
core   0: 0x80007658 (0x031925b3) mulhsu  a1, s2, a7
core   0: 3 0x80007658 (0x031925b3) x11 0x00000000
core   0: 0x8000765c (0x00000001) c.nop
core   0: 3 0x8000765c (0x0001)
core   0: 0x8000765e (0x419c54b3) sra     s1, s8, s9
core   0: 3 0x8000765e (0x419c54b3) x 9 0x0000025d
core   0: 0x80007662 (0x00000001) c.nop
core   0: 3 0x80007662 (0x0001)
core   0: 0x80007664 (0x0000014e) c.slli  sp, 19
core   0: 3 0x80007664 (0x014e) x 2 0xff800000
core   0: 0x80007666 (0x0000717d) c.addi16sp sp, -16
core   0: 3 0x80007666 (0x717d) x 2 0xff7ffff0
core   0: 0x80007668 (0x18d30c37) lui     s8, 0x18d30
core   0: 3 0x80007668 (0x18d30c37) x24 0x18d30000
core   0: 0x8000766c (0x00006165) c.addi16sp sp, 112
core   0: 3 0x8000766c (0x6165) x 2 0xff800060
core   0: 0x8000766e (0x03987fb3) remu    t6, a6, s9
core   0: 3 0x8000766e (0x03987fb3) x31 0x00000274
core   0: 0x80007672 (0x00008df1) c.and   a1, a2
core   0: 3 0x80007672 (0x8df1) x11 0x00000000
core   0: 0x80007674 (0x036ec033) div     zero, t4, s6
core   0: 3 0x80007674 (0x036ec033)
core   0: 0x80007678 (0x00000001) c.nop
core   0: 3 0x80007678 (0x0001)
core   0: 0x8000767a (0x000092f6) c.add   t0, t4
core   0: 3 0x8000767a (0x92f6) x 5 0x880c5162
core   0: 0x8000767c (0x0006b433) sltu    s0, a3, zero
core   0: 3 0x8000767c (0x0006b433) x 8 0x00000000
core   0: 0x80007680 (0x02072e33) mulhsu  t3, a4, zero
core   0: 3 0x80007680 (0x02072e33) x28 0x00000000
core   0: 0x80007684 (0x00008eed) c.and   a3, a1
core   0: 3 0x80007684 (0x8eed) x13 0x00000000
core   0: 0x80007686 (0x01c599b3) sll     s3, a1, t3
core   0: 3 0x80007686 (0x01c599b3) x19 0x00000000
core   0: 0x8000768a (0xc0779037) lui     zero, 0xc0779
core   0: 3 0x8000768a (0xc0779037)
core   0: 0x8000768e (0x00005ffd) c.li    t6, -1
core   0: 3 0x8000768e (0x5ffd) x31 0xffffffff
core   0: 0x80007690 (0x00000f66) c.slli  t5, 25
core   0: 3 0x80007690 (0x0f66) x30 0xf6000000
core   0: 0x80007692 (0x00a84133) xor     sp, a6, a0
core   0: 3 0x80007692 (0x00a84133) x 2 0xcf446274
core   0: 0x80007696 (0x0000673d) c.lui   a4, 0xf
core   0: 3 0x80007696 (0x673d) x14 0x0000f000
core   0: 0x80007698 (0x02f5f3b3) remu    t2, a1, a5
core   0: 3 0x80007698 (0x02f5f3b3) x 7 0x00000000
core   0: 0x8000769c (0x714fb113) sltiu   sp, t6, 1812
core   0: 3 0x8000769c (0x714fb113) x 2 0x00000000
core   0: 0x800076a0 (0x02aceab3) rem     s5, s9, a0
core   0: 3 0x800076a0 (0x02aceab3) x21 0x00007000
core   0: 0x800076a4 (0xc20ca813) slti    a6, s9, -992
core   0: 3 0x800076a4 (0xc20ca813) x16 0x00000000
core   0: 0x800076a8 (0x79ea6b13) ori     s6, s4, 1950
core   0: 3 0x800076a8 (0x79ea6b13) x22 0x8000fffe
core   0: 0x800076ac (0x02b7a633) mulhsu  a2, a5, a1
core   0: 3 0x800076ac (0x02b7a633) x12 0x00000000
core   0: 0x800076b0 (0x0000717d) c.addi16sp sp, -16
core   0: 3 0x800076b0 (0x717d) x 2 0xfffffff0
core   0: 0x800076b2 (0x00000001) c.nop
core   0: 3 0x800076b2 (0x0001)
core   0: 0x800076b4 (0xc0610413) addi    s0, sp, -1018
core   0: 3 0x800076b4 (0xc0610413) x 8 0xfffffbf6
core   0: 0x800076b8 (0x000012fd) c.addi  t0, -1
core   0: 3 0x800076b8 (0x12fd) x 5 0x880c5161
core   0: 0x800076ba (0x00008c91) c.sub   s1, a2
core   0: 3 0x800076ba (0x8c91) x 9 0x0000025d
core   0: 0x800076bc (0x023eec33) rem     s8, t4, gp
core   0: 3 0x800076bc (0x023eec33) x24 0xfffffffe
core   0: 0x800076c0 (0x00000001) c.nop
core   0: 3 0x800076c0 (0x0001)
core   0: 0x800076c2 (0x000003a2) c.slli  t2, 8
core   0: 3 0x800076c2 (0x03a2) x 7 0x00000000
core   0: 0x800076c4 (0x865134b7) lui     s1, 0x86513
core   0: 3 0x800076c4 (0x865134b7) x 9 0x86513000
core   0: 0x800076c8 (0x0103e533) or      a0, t2, a6
core   0: 3 0x800076c8 (0x0103e533) x10 0x00000000
core   0: 0x800076cc (0x00000001) c.nop
core   0: 3 0x800076cc (0x0001)
core   0: 0x800076ce (0x00008846) c.mv    a6, a7
core   0: 3 0x800076ce (0x8846) x16 0x00117edb
core   0: 0x800076d0 (0x02347733) remu    a4, s0, gp
core   0: 3 0x800076d0 (0x02347733) x14 0x2f4231ae
core   0: 0x800076d4 (0x008b7db3) and     s11, s6, s0
core   0: 3 0x800076d4 (0x008b7db3) x27 0x8000fbf6
core   0: 0x800076d8 (0x02687833) remu    a6, a6, t1
core   0: 3 0x800076d8 (0x02687833) x16 0x00117edb
core   0: 0x800076dc (0x0326ab33) mulhsu  s6, a3, s2
core   0: 3 0x800076dc (0x0326ab33) x22 0x00000000
core   0: 0x800076e0 (0x0000648d) c.lui   s1, 0x3
core   0: 3 0x800076e0 (0x648d) x 9 0x00003000
core   0: 0x800076e2 (0x0308c833) div     a6, a7, a6
core   0: 3 0x800076e2 (0x0308c833) x16 0x00000001
core   0: 0x800076e6 (0x93b02f17) auipc   t5, 0x93b02
core   0: 3 0x800076e6 (0x93b02f17) x30 0x13b096e6
core   0: 0x800076ea (0x03b8bdb3) mulhu   s11, a7, s11
core   0: 3 0x800076ea (0x03b8bdb3) x27 0x0008bf7e
core   0: 0x800076ee (0x0000031c) c.addi4spn a5, sp, 384
core   0: 3 0x800076ee (0x031c) x15 0x00000170
core   0: 0x800076f0 (0xe6e21737) lui     a4, 0xe6e21
core   0: 3 0x800076f0 (0xe6e21737) x14 0xe6e21000
core   0: 0x800076f4 (0x00008e45) c.or    a2, s1
core   0: 3 0x800076f4 (0x8e45) x12 0x00003000
core   0: 0x800076f6 (0x01d0bd33) sltu    s10, ra, t4
core   0: 3 0x800076f6 (0x01d0bd33) x26 0x00000001
core   0: 0x800076fa (0x01dde8b3) or      a7, s11, t4
core   0: 3 0x800076fa (0x01dde8b3) x17 0xfffffffe
core   0: 0x800076fe (0x012875b3) and     a1, a6, s2
core   0: 3 0x800076fe (0x012875b3) x11 0x00000000
core   0: 0x80007702 (0x03f55db3) divu    s11, a0, t6
core   0: 3 0x80007702 (0x03f55db3) x27 0x00000000
core   0: 0x80007706 (0x7b9d3d93) sltiu   s11, s10, 1977
core   0: 3 0x80007706 (0x7b9d3d93) x27 0x00000001
core   0: 0x8000770a (0x0380b833) mulhu   a6, ra, s8
core   0: 3 0x8000770a (0x0380b833) x16 0x0006447e
core   0: 0x8000770e (0x0165b833) sltu    a6, a1, s6
core   0: 3 0x8000770e (0x0165b833) x16 0x00000000
core   0: 0x80007712 (0x00006afd) c.lui   s5, 0x1f
core   0: 3 0x80007712 (0x6afd) x21 0x0001f000
core   0: 0x80007714 (0x01076733) or      a4, a4, a6
core   0: 3 0x80007714 (0x01076733) x14 0xe6e21000
core   0: 0x80007718 (0x4138d093) srai    ra, a7, 19
core   0: 3 0x80007718 (0x4138d093) x 1 0xffffffff
core   0: 0x8000771c (0x7ee56513) ori     a0, a0, 2030
core   0: 3 0x8000771c (0x7ee56513) x10 0x000007ee
core   0: 0x80007720 (0x9abb6f93) ori     t6, s6, -1621
core   0: 3 0x80007720 (0x9abb6f93) x31 0xfffff9ab
core   0: 0x80007724 (0x95060113) addi    sp, a2, -1712
core   0: 3 0x80007724 (0x95060113) x 2 0x00002950
core   0: 0x80007728 (0x00008b89) c.andi  a5, 2
core   0: 3 0x80007728 (0x8b89) x15 0x00000000
core   0: 0x8000772a (0x4aaca493) slti    s1, s9, 1194
core   0: 3 0x8000772a (0x4aaca493) x 9 0x00000000
core   0: 0x8000772e (0x410d85b3) sub     a1, s11, a6
core   0: 3 0x8000772e (0x410d85b3) x11 0x00000001
core   0: 0x80007732 (0x00a83eb3) sltu    t4, a6, a0
core   0: 3 0x80007732 (0x00a83eb3) x29 0x00000001
core   0: 0x80007736 (0x00006c8d) c.lui   s9, 0x3
core   0: 3 0x80007736 (0x6c8d) x25 0x00003000
core   0: 0x80007738 (0x414c81b3) sub     gp, s9, s4
core   0: 3 0x80007738 (0x414c81b3) x 3 0x7fff319c
core   0: 0x8000773c (0x02485d33) divu    s10, a6, tp
core   0: 3 0x8000773c (0x02485d33) x26 0x00000000
core   0: 0x80007740 (0x00008fb1) c.xor   a5, a2
core   0: 3 0x80007740 (0x8fb1) x15 0x00003000
core   0: 0x80007742 (0x000088dd) c.andi  s1, 23
core   0: 3 0x80007742 (0x88dd) x 9 0x00000000
core   0: 0x80007744 (0x00008159) c.srli  a0, 22
core   0: 3 0x80007744 (0x8159) x10 0x00000000
core   0: 0x80007746 (0x00001dfd) c.addi  s11, -1
core   0: 3 0x80007746 (0x1dfd) x27 0x00000000
core   0: 0x80007748 (0x00000780) c.addi4spn s0, sp, 960
core   0: 3 0x80007748 (0x0780) x 8 0x00002d10
core   0: 0x8000774a (0xbf9e3e93) sltiu   t4, t3, -1031
core   0: 3 0x8000774a (0xbf9e3e93) x29 0x00000001
core   0: 0x8000774e (0x37342013) slti    zero, s0, 883
core   0: 3 0x8000774e (0x37342013)
core   0: 0x80007752 (0x02843d33) mulhu   s10, s0, s0
core   0: 3 0x80007752 (0x02843d33) x26 0x00000000
core   0: 0x80007756 (0x00006551) c.lui   a0, 0x14
core   0: 3 0x80007756 (0x6551) x10 0x00014000
core   0: 0x80007758 (0x2032fe13) andi    t3, t0, 515
core   0: 3 0x80007758 (0x2032fe13) x28 0x00000001
core   0: 0x8000775c (0xd5588113) addi    sp, a7, -683
core   0: 3 0x8000775c (0xd5588113) x 2 0xfffffd53
core   0: 0x80007760 (0x8a490e13) addi    t3, s2, -1884
core   0: 3 0x80007760 (0x8a490e13) x28 0xfffff8a4
core   0: 0x80007764 (0x00006589) c.lui   a1, 0x2
core   0: 3 0x80007764 (0x6589) x11 0x00002000
core   0: 0x80007766 (0x41bdd833) sra     a6, s11, s11
core   0: 3 0x80007766 (0x41bdd833) x16 0x00000000
core   0: 0x8000776a (0x00000800) c.addi4spn s0, sp, 16
core   0: 3 0x8000776a (0x0800) x 8 0xfffffd63
core   0: 0x8000776c (0x0000717d) c.addi16sp sp, -16
core   0: 3 0x8000776c (0x717d) x 2 0xfffffd43
core   0: 0x8000776e (0x80000e37) lui     t3, 0x80000
core   0: 3 0x8000776e (0x80000e37) x28 0x80000000
core   0: 0x80007772 (0xfff00693) li      a3, -1
core   0: 3 0x80007772 (0xfff00693) x13 0xffffffff
core   0: 0x80007776 (0x86c9efb7) lui     t6, 0x86c9e
core   0: 3 0x80007776 (0x86c9efb7) x31 0x86c9e000
core   0: 0x8000777a (0xb4af8f93) addi    t6, t6, -1206
core   0: 3 0x8000777a (0xb4af8f93) x31 0x86c9db4a
core   0: 0x8000777e (0x80000eb7) lui     t4, 0x80000
core   0: 3 0x8000777e (0x80000eb7) x29 0x80000000
core   0: 0x80007782 (0x80000b37) lui     s6, 0x80000
core   0: 3 0x80007782 (0x80000b37) x22 0x80000000
core   0: 0x80007786 (0xfff00d93) li      s11, -1
core   0: 3 0x80007786 (0xfff00d93) x27 0xffffffff
core   0: 0x8000778a (0x80000437) lui     s0, 0x80000
core   0: 3 0x8000778a (0x80000437) x 8 0x80000000
core   0: 0x8000778e (0x00004881) c.li    a7, 0
core   0: 3 0x8000778e (0x4881) x17 0x00000000
core   0: 0x80007790 (0x80000ab7) lui     s5, 0x80000
core   0: 3 0x80007790 (0x80000ab7) x21 0x80000000
core   0: 0x80007794 (0x80000d37) lui     s10, 0x80000
core   0: 3 0x80007794 (0x80000d37) x26 0x80000000
core   0: 0x80007798 (0x03d898b3) mulh    a7, a7, t4
core   0: 3 0x80007798 (0x03d898b3) x17 0x00000000
core   0: 0x8000779c (0x03ab7db3) remu    s11, s6, s10
core   0: 3 0x8000779c (0x03ab7db3) x27 0x00000000
core   0: 0x800077a0 (0xbdab7437) lui     s0, 0xbdab7
core   0: 3 0x800077a0 (0xbdab7437) x 8 0xbdab7000
core   0: 0x800077a4 (0x08cb4897) auipc   a7, 0x8cb4
core   0: 3 0x800077a4 (0x08cb4897) x17 0x88cbb7a4
core   0: 0x800077a8 (0x0366e433) rem     s0, a3, s6
core   0: 3 0x800077a8 (0x0366e433) x 8 0xffffffff
core   0: 0x800077ac (0x03a47fb3) remu    t6, s0, s10
core   0: 3 0x800077ac (0x03a47fb3) x31 0x7fffffff
core   0: 0x800077b0 (0xef1a3897) auipc   a7, 0xef1a3
core   0: 3 0x800077b0 (0xef1a3897) x17 0x6f1aa7b0
core   0: 0x800077b4 (0xa37e8693) addi    a3, t4, -1481
core   0: 3 0x800077b4 (0xa37e8693) x13 0x7ffffa37
core   0: 0x800077b8 (0x00009446) c.add   s0, a7
core   0: 3 0x800077b8 (0x9446) x 8 0x6f1aa7af
core   0: 0x800077ba (0x0366bb33) mulhu   s6, a3, s6
core   0: 3 0x800077ba (0x0366bb33) x22 0x3ffffd1b
core   0: 0x800077be (0x03ab3e33) mulhu   t3, s6, s10
core   0: 3 0x800077be (0x03ab3e33) x28 0x1ffffe8d
core   0: 0x800077c2 (0x035b0db3) mul     s11, s6, s5
core   0: 3 0x800077c2 (0x035b0db3) x27 0x80000000
core   0: 0x800077c6 (0x03147db3) remu    s11, s0, a7
core   0: 3 0x800077c6 (0x03147db3) x27 0x6f1aa7af
core   0: 0x800077ca (0x031e1ab3) mulh    s5, t3, a7
core   0: 3 0x800077ca (0x031e1ab3) x21 0x0de35454
core   0: 0x800077ce (0x03df8eb3) mul     t4, t6, t4
core   0: 3 0x800077ce (0x03df8eb3) x29 0x80000000
core   0: 0x800077d2 (0x028ddd33) divu    s10, s11, s0
core   0: 3 0x800077d2 (0x028ddd33) x26 0x00000001
core   0: 0x800077d6 (0x03544e33) div     t3, s0, s5
core   0: 3 0x800077d6 (0x03544e33) x28 0x00000008
core   0: 0x800077da (0x02dd1ab3) mulh    s5, s10, a3
core   0: 3 0x800077da (0x02dd1ab3) x21 0x00000000
core   0: 0x800077de (0x03145433) divu    s0, s0, a7
core   0: 3 0x800077de (0x03145433) x 8 0x00000000
core   0: 0x800077e2 (0x035d3e33) mulhu   t3, s10, s5
core   0: 3 0x800077e2 (0x035d3e33) x28 0x00000000
core   0: 0x800077e6 (0x03b6d8b3) divu    a7, a3, s11
core   0: 3 0x800077e6 (0x03b6d8b3) x17 0x00000001
core   0: 0x800077ea (0x03646433) rem     s0, s0, s6
core   0: 3 0x800077ea (0x03646433) x 8 0x00000000
core   0: 0x800077ee (0x01ad0eb3) add     t4, s10, s10
core   0: 3 0x800077ee (0x01ad0eb3) x29 0x00000002
core   0: 0x800077f2 (0x65b97b37) lui     s6, 0x65b97
core   0: 3 0x800077f2 (0x65b97b37) x22 0x65b97000
core   0: 0x800077f6 (0xc0716497) auipc   s1, 0xc0716
core   0: 3 0x800077f6 (0xc0716497) x 9 0x4071d7f6
core   0: 0x800077fa (0x00008df9) c.and   a1, a4
core   0: 3 0x800077fa (0x8df9) x11 0x00000000
core   0: 0x800077fc (0x4091de93) srai    t4, gp, 9
core   0: 3 0x800077fc (0x4091de93) x29 0x003fff98
core   0: 0x80007800 (0x03c66433) rem     s0, a2, t3
core   0: 3 0x80007800 (0x03c66433) x 8 0x00003000
core   0: 0x80007804 (0x01f59993) slli    s3, a1, 31
core   0: 3 0x80007804 (0x01f59993) x19 0x00000000
core   0: 0x80007808 (0x02b02d33) mulhsu  s10, zero, a1
core   0: 3 0x80007808 (0x02b02d33) x26 0x00000000
core   0: 0x8000780c (0xf9b9b493) sltiu   s1, s3, -101
core   0: 3 0x8000780c (0xf9b9b493) x 9 0x00000001
core   0: 0x80007810 (0xd8f45997) auipc   s3, 0xd8f45
core   0: 3 0x80007810 (0xd8f45997) x19 0x58f4c810
core   0: 0x80007814 (0x007a5f93) srli    t6, s4, 7
core   0: 3 0x80007814 (0x007a5f93) x31 0x010001fc
core   0: 0x80007818 (0x0118d1b3) srl     gp, a7, a7
core   0: 3 0x80007818 (0x0118d1b3) x 3 0x00000000
core   0: 0x8000781c (0x005ec733) xor     a4, t4, t0
core   0: 3 0x8000781c (0x005ec733) x14 0x8833aef9
core   0: 0x80007820 (0x00008569) c.srai  a0, 26
core   0: 3 0x80007820 (0x8569) x10 0x00000000
core   0: 0x80007822 (0x037f61b3) rem     gp, t5, s7
core   0: 3 0x80007822 (0x037f61b3) x 3 0x00000000
core   0: 0x80007826 (0x97bcf093) andi    ra, s9, -1669
core   0: 3 0x80007826 (0x97bcf093) x 1 0x00003000
core   0: 0x8000782a (0x02daacb3) mulhsu  s9, s5, a3
core   0: 3 0x8000782a (0x02daacb3) x25 0x00000000
core   0: 0x8000782e (0x00ddd913) srli    s2, s11, 13
core   0: 3 0x8000782e (0x00ddd913) x18 0x000378d5
core   0: 0x80007832 (0x4ac50013) addi    zero, a0, 1196
core   0: 3 0x80007832 (0x4ac50013)
core   0: 0x80007836 (0x0000683d) c.lui   a6, 0xf
core   0: 3 0x80007836 (0x683d) x16 0x0000f000
core   0: 0x80007838 (0x02193d33) mulhu   s10, s2, ra
core   0: 3 0x80007838 (0x02193d33) x26 0x00000000
core   0: 0x8000783c (0x029401b3) mul     gp, s0, s1
core   0: 3 0x8000783c (0x029401b3) x 3 0x00003000
core   0: 0x80007840 (0xa93a7393) andi    t2, s4, -1389
core   0: 3 0x80007840 (0xa93a7393) x 7 0x8000fa00
core   0: 0x80007844 (0x000003f6) c.slli  t2, 29
core   0: 3 0x80007844 (0x03f6) x 7 0x00000000
core   0: 0x80007846 (0x00008696) c.mv    a3, t0
core   0: 3 0x80007846 (0x8696) x13 0x880c5161
core   0: 0x80007848 (0x000054fd) c.li    s1, -1
core   0: 3 0x80007848 (0x54fd) x 9 0xffffffff
core   0: 0x8000784a (0x00006139) c.addi16sp sp, 448
core   0: 3 0x8000784a (0x6139) x 2 0xffffff03
core   0: 0x8000784c (0x21b6bc13) sltiu   s8, a3, 539
core   0: 3 0x8000784c (0x21b6bc13) x24 0x00000000
core   0: 0x80007850 (0x76562a93) slti    s5, a2, 1893
core   0: 3 0x80007850 (0x76562a93) x21 0x00000000
core   0: 0x80007854 (0xa65aa437) lui     s0, 0xa65aa
core   0: 3 0x80007854 (0xa65aa437) x 8 0xa65aa000
core   0: 0x80007858 (0xa9af2613) slti    a2, t5, -1382
core   0: 3 0x80007858 (0xa9af2613) x12 0x00000000
core   0: 0x8000785c (0x027dcab3) div     s5, s11, t2
core   0: 3 0x8000785c (0x027dcab3) x21 0xffffffff
core   0: 0x80007860 (0xe6ac81b7) lui     gp, 0xe6ac8
core   0: 3 0x80007860 (0xe6ac81b7) x 3 0xe6ac8000
core   0: 0x80007864 (0x00008c35) c.xor   s0, a3
core   0: 3 0x80007864 (0x8c35) x 8 0x2e56f161
core   0: 0x80007866 (0x000068cd) c.lui   a7, 0x13
core   0: 3 0x80007866 (0x68cd) x17 0x00013000
core   0: 0x80007868 (0x023fdb33) divu    s6, t6, gp
core   0: 3 0x80007868 (0x023fdb33) x22 0x00000000
core   0: 0x8000786c (0x00004ff5) c.li    t6, 29
core   0: 3 0x8000786c (0x4ff5) x31 0x0000001d
core   0: 0x8000786e (0x00def533) and     a0, t4, a3
core   0: 3 0x8000786e (0x00def533) x10 0x000c5100
core   0: 0x80007872 (0x03bb4433) div     s0, s6, s11
core   0: 3 0x80007872 (0x03bb4433) x 8 0x00000000
core   0: 0x80007876 (0x0000177d) c.addi  a4, -1
core   0: 3 0x80007876 (0x177d) x14 0x8833aef8
core   0: 0x80007878 (0x00008f99) c.sub   a5, a4
core   0: 3 0x80007878 (0x8f99) x15 0x77cc8108
core   0: 0x8000787a (0xed2cd737) lui     a4, 0xed2cd
core   0: 3 0x8000787a (0xed2cd737) x14 0xed2cd000
core   0: 0x8000787e (0x00699d93) slli    s11, s3, 6
core   0: 3 0x8000787e (0x00699d93) x27 0x3d320400
core   0: 0x80007882 (0xd225f5b7) lui     a1, 0xd225f
core   0: 3 0x80007882 (0xd225f5b7) x11 0xd225f000
core   0: 0x80007886 (0x9b6c6713) ori     a4, s8, -1610
core   0: 3 0x80007886 (0x9b6c6713) x14 0xfffff9b6
core   0: 0x8000788a (0x036ec8b3) div     a7, t4, s6
core   0: 3 0x8000788a (0x036ec8b3) x17 0xffffffff
core   0: 0x8000788e (0x000086a9) c.srai  a3, 10
core   0: 3 0x8000788e (0x86a9) x13 0xffe20314
core   0: 0x80007890 (0x4165db33) sra     s6, a1, s6
core   0: 3 0x80007890 (0x4165db33) x22 0xd225f000
core   0: 0x80007894 (0x021432b3) mulhu   t0, s0, ra
core   0: 3 0x80007894 (0x021432b3) x 5 0x00000000
core   0: 0x80007898 (0x0000823d) c.srli  a2, 15
core   0: 3 0x80007898 (0x823d) x12 0x00000000
core   0: 0x8000789a (0x3369be93) sltiu   t4, s3, 822
core   0: 3 0x8000789a (0x3369be93) x29 0x00000000
core   0: 0x8000789e (0x01701c33) sll     s8, zero, s7
core   0: 3 0x8000789e (0x01701c33) x24 0x00000000
core   0: 0x800078a2 (0x02a41bb3) mulh    s7, s0, a0
core   0: 3 0x800078a2 (0x02a41bb3) x23 0x00000000
core   0: 0x800078a6 (0x0000147d) c.addi  s0, -1
core   0: 3 0x800078a6 (0x147d) x 8 0xffffffff
core   0: 0x800078a8 (0x038ab133) mulhu   sp, s5, s8
core   0: 3 0x800078a8 (0x038ab133) x 2 0x00000000
core   0: 0x800078ac (0x021c17b3) mulh    a5, s8, ra
core   0: 3 0x800078ac (0x021c17b3) x15 0x00000000
core   0: 0x800078b0 (0x00008379) c.srli  a4, 30
core   0: 3 0x800078b0 (0x8379) x14 0x00000003
core   0: 0x800078b2 (0x0000070c) c.addi4spn a1, sp, 896
core   0: 3 0x800078b2 (0x070c) x11 0x00000380
core   0: 0x800078b4 (0x40f15b33) sra     s6, sp, a5
core   0: 3 0x800078b4 (0x40f15b33) x22 0x00000000
core   0: 0x800078b8 (0x0172d7b3) srl     a5, t0, s7
core   0: 3 0x800078b8 (0x0172d7b3) x15 0x00000000
core   0: 0x800078bc (0x00008c1d) c.sub   s0, a5
core   0: 3 0x800078bc (0x8c1d) x 8 0xffffffff
core   0: 0x800078be (0xb5396b93) ori     s7, s2, -1197
core   0: 3 0x800078be (0xb5396b93) x23 0xfffffbd7
core   0: 0x800078c2 (0xab4ac813) xori    a6, s5, -1356
core   0: 3 0x800078c2 (0xab4ac813) x16 0x0000054b
core   0: 0x800078c6 (0x02a664b3) rem     s1, a2, a0
core   0: 3 0x800078c6 (0x02a664b3) x 9 0x00000000
core   0: 0x800078ca (0x028cd0b3) divu    ra, s9, s0
core   0: 3 0x800078ca (0x028cd0b3) x 1 0x00000000
core   0: 0x800078ce (0x7cedbb93) sltiu   s7, s11, 1998
core   0: 3 0x800078ce (0x7cedbb93) x23 0x00000000
core   0: 0x800078d2 (0x0067d113) srli    sp, a5, 6
core   0: 3 0x800078d2 (0x0067d113) x 2 0x00000000
core   0: 0x800078d6 (0x0810f913) andi    s2, ra, 129
core   0: 3 0x800078d6 (0x0810f913) x18 0x00000000
core   0: 0x800078da (0x004d1533) sll     a0, s10, tp
core   0: 3 0x800078da (0x004d1533) x10 0x00000000
core   0: 0x800078de (0x01331e93) slli    t4, t1, 19
core   0: 3 0x800078de (0x01331e93) x29 0x00000000
core   0: 0x800078e2 (0x00008c21) c.xor   s0, s0
core   0: 3 0x800078e2 (0x8c21) x 8 0x00000000
core   0: 0x800078e4 (0x010294b3) sll     s1, t0, a6
core   0: 3 0x800078e4 (0x010294b3) x 9 0x00000000
core   0: 0x800078e8 (0x00008c29) c.xor   s0, a0
core   0: 3 0x800078e8 (0x8c29) x 8 0x00000000
core   0: 0x800078ea (0x039a0ab3) mul     s5, s4, s9
core   0: 3 0x800078ea (0x039a0ab3) x21 0x00000000
core   0: 0x800078ee (0x01229d93) slli    s11, t0, 18
core   0: 3 0x800078ee (0x01229d93) x27 0x00000000
core   0: 0x800078f2 (0x00887833) and     a6, a6, s0
core   0: 3 0x800078f2 (0x00887833) x16 0x00000000
core   0: 0x800078f6 (0x412d8fb3) sub     t6, s11, s2
core   0: 3 0x800078f6 (0x412d8fb3) x31 0x00000000
core   0: 0x800078fa (0x00a95f13) srli    t5, s2, 10
core   0: 3 0x800078fa (0x00a95f13) x30 0x00000000
core   0: 0x800078fe (0x0000547d) c.li    s0, -1
core   0: 3 0x800078fe (0x547d) x 8 0xffffffff
core   0: 0x80007900 (0x9066a017) auipc   zero, 0x9066a
core   0: 3 0x80007900 (0x9066a017)
core   0: 0x80007904 (0x000067bd) c.lui   a5, 0xf
core   0: 3 0x80007904 (0x67bd) x15 0x0000f000
core   0: 0x80007906 (0x00001efd) c.addi  t4, -1
core   0: 3 0x80007906 (0x1efd) x29 0xffffffff
core   0: 0x80007908 (0x00000786) c.slli  a5, 1
core   0: 3 0x80007908 (0x0786) x15 0x0001e000
core   0: 0x8000790a (0x9074b813) sltiu   a6, s1, -1785
core   0: 3 0x8000790a (0x9074b813) x16 0x00000001
core   0: 0x8000790e (0x00109913) slli    s2, ra, 1
core   0: 3 0x8000790e (0x00109913) x18 0x00000000
core   0: 0x80007912 (0x00a64db3) xor     s11, a2, a0
core   0: 3 0x80007912 (0x00a64db3) x27 0x00000000
core   0: 0x80007916 (0x984e9037) lui     zero, 0x984e9
core   0: 3 0x80007916 (0x984e9037)
core   0: 0x8000791a (0x017a5413) srli    s0, s4, 23
core   0: 3 0x8000791a (0x017a5413) x 8 0x00000100
core   0: 0x8000791e (0x0000717d) c.addi16sp sp, -16
core   0: 3 0x8000791e (0x717d) x 2 0xfffffff0
core   0: 0x80007920 (0x6ce6cc17) auipc   s8, 0x6ce6c
core   0: 3 0x80007920 (0x6ce6cc17) x24 0xece73920
core   0: 0x80007924 (0x00001f18) c.addi4spn a4, sp, 944
core   0: 3 0x80007924 (0x1f18) x14 0x000003a0
core   0: 0x80007926 (0x009bbc33) sltu    s8, s7, s1
core   0: 3 0x80007926 (0x009bbc33) x24 0x00000000
core   0: 0x8000792a (0x033dec33) rem     s8, s11, s3
core   0: 3 0x8000792a (0x033dec33) x24 0x00000000
core   0: 0x8000792e (0xc95a0117) auipc   sp, 0xc95a0
core   0: 3 0x8000792e (0xc95a0117) x 2 0x495a792e
core   0: 0x80007932 (0x00006161) c.addi16sp sp, 80
core   0: 3 0x80007932 (0x6161) x 2 0x495a797e
core   0: 0x80007934 (0x006438b3) sltu    a7, s0, t1
core   0: 3 0x80007934 (0x006438b3) x17 0x00000001
core   0: 0x80007938 (0x01594133) xor     sp, s2, s5
core   0: 3 0x80007938 (0x01594133) x 2 0x00000000
core   0: 0x8000793c (0xb790a437) lui     s0, 0xb790a
core   0: 3 0x8000793c (0xb790a437) x 8 0xb790a000
core   0: 0x80007940 (0x00001b7d) c.addi  s6, -1
core   0: 3 0x80007940 (0x1b7d) x22 0xffffffff
core   0: 0x80007942 (0x00008ec9) c.or    a3, a0
core   0: 3 0x80007942 (0x8ec9) x13 0xffe20314
core   0: 0x80007944 (0x029c6533) rem     a0, s8, s1
core   0: 3 0x80007944 (0x029c6533) x10 0x00000000
core   0: 0x80007948 (0x02fc2bb3) mulhsu  s7, s8, a5
core   0: 3 0x80007948 (0x02fc2bb3) x23 0x00000000
core   0: 0x8000794c (0x0368b1b3) mulhu   gp, a7, s6
core   0: 3 0x8000794c (0x0368b1b3) x 3 0x00000000
core   0: 0x80007950 (0x00aad933) srl     s2, s5, a0
core   0: 3 0x80007950 (0x00aad933) x18 0x00000000
core   0: 0x80007954 (0x6e9067b7) lui     a5, 0x6e906
core   0: 3 0x80007954 (0x6e9067b7) x15 0x6e906000
core   0: 0x80007958 (0x0298cbb3) div     s7, a7, s1
core   0: 3 0x80007958 (0x0298cbb3) x23 0xffffffff
core   0: 0x8000795c (0x03efa7b3) mulhsu  a5, t6, t5
core   0: 3 0x8000795c (0x03efa7b3) x15 0x00000000
core   0: 0x80007960 (0x02b200b3) mul     ra, tp, a1
core   0: 3 0x80007960 (0x02b200b3) x 1 0x04551e00
core   0: 0x80007964 (0x7906cf13) xori    t5, a3, 1936
core   0: 3 0x80007964 (0x7906cf13) x30 0xffe20484
core   0: 0x80007968 (0x00000001) c.nop
core   0: 3 0x80007968 (0x0001)
core   0: 0x8000796a (0x00008cc5) c.or    s1, s1
core   0: 3 0x8000796a (0x8cc5) x 9 0x00000000
core   0: 0x8000796c (0x00006121) c.addi16sp sp, 64
core   0: 3 0x8000796c (0x6121) x 2 0x00000040
core   0: 0x8000796e (0x01fc82b3) add     t0, s9, t6
core   0: 3 0x8000796e (0x01fc82b3) x 5 0x00000000
core   0: 0x80007972 (0x00008e05) c.sub   a2, s1
core   0: 3 0x80007972 (0x8e05) x12 0x00000000
core   0: 0x80007974 (0x027483b3) mul     t2, s1, t2
core   0: 3 0x80007974 (0x027483b3) x 7 0x00000000
core   0: 0x80007978 (0x000080e1) c.srli  s1, 24
core   0: 3 0x80007978 (0x80e1) x 9 0x00000000
core   0: 0x8000797a (0x0000567d) c.li    a2, -1
core   0: 3 0x8000797a (0x567d) x12 0xffffffff
core   0: 0x8000797c (0x0000187d) c.addi  a6, -1
core   0: 3 0x8000797c (0x187d) x16 0x00000000
core   0: 0x8000797e (0xe5692917) auipc   s2, 0xe5692
core   0: 3 0x8000797e (0xe5692917) x18 0x6569997e
core   0: 0x80007982 (0x41ec03b3) sub     t2, s8, t5
core   0: 3 0x80007982 (0x41ec03b3) x 7 0x001dfb7c
core   0: 0x80007986 (0x02b8ff33) remu    t5, a7, a1
core   0: 3 0x80007986 (0x02b8ff33) x30 0x00000001
core   0: 0x8000798a (0x00008fe9) c.and   a5, a0
core   0: 3 0x8000798a (0x8fe9) x15 0x00000000
core   0: 0x8000798c (0xa0bcc513) xori    a0, s9, -1525
core   0: 3 0x8000798c (0xa0bcc513) x10 0xfffffa0b
core   0: 0x80007990 (0x00000ece) c.slli  t4, 19
core   0: 3 0x80007990 (0x0ece) x29 0xfff80000
core   0: 0x80007992 (0x41b604b3) sub     s1, a2, s11
core   0: 3 0x80007992 (0x41b604b3) x 9 0xffffffff
core   0: 0x80007996 (0x031be4b3) rem     s1, s7, a7
core   0: 3 0x80007996 (0x031be4b3) x 9 0x00000000
core   0: 0x8000799a (0x012e1b13) slli    s6, t3, 18
core   0: 3 0x8000799a (0x012e1b13) x22 0x00000000
core   0: 0x8000799e (0x00616533) or      a0, sp, t1
core   0: 3 0x8000799e (0x00616533) x10 0x80000040
core   0: 0x800079a2 (0x00000001) c.nop
core   0: 3 0x800079a2 (0x0001)
core   0: 0x800079a4 (0x0000849a) c.mv    s1, t1
core   0: 3 0x800079a4 (0x849a) x 9 0x80000000
core   0: 0x800079a6 (0x41aa8833) sub     a6, s5, s10
core   0: 3 0x800079a6 (0x41aa8833) x16 0x00000000
core   0: 0x800079aa (0x00008539) c.srai  a0, 14
core   0: 3 0x800079aa (0x8539) x10 0xfffe0000
core   0: 0x800079ac (0x00008e3d) c.xor   a2, a5
core   0: 3 0x800079ac (0x8e3d) x12 0xffffffff
core   0: 0x800079ae (0x00008051) c.srli  s0, 20
core   0: 3 0x800079ae (0x8051) x 8 0x00000b79
core   0: 0x800079b0 (0x0000616d) c.addi16sp sp, 240
core   0: 3 0x800079b0 (0x616d) x 2 0x00000130
core   0: 0x800079b2 (0xeaf40c93) addi    s9, s0, -337
core   0: 3 0x800079b2 (0xeaf40c93) x25 0x00000a28
core   0: 0x800079b6 (0x01a2cc33) xor     s8, t0, s10
core   0: 3 0x800079b6 (0x01a2cc33) x24 0x00000000
core   0: 0x800079ba (0x030c62b3) rem     t0, s8, a6
core   0: 3 0x800079ba (0x030c62b3) x 5 0x00000000
core   0: 0x800079be (0x00008075) c.srli  s0, 29
core   0: 3 0x800079be (0x8075) x 8 0x00000000
core   0: 0x800079c0 (0x008b9813) slli    a6, s7, 8
core   0: 3 0x800079c0 (0x008b9813) x16 0xffffff00
core   0: 0x800079c4 (0xef002413) slti    s0, zero, -272
core   0: 3 0x800079c4 (0xef002413) x 8 0x00000000
core   0: 0x800079c8 (0x01771e33) sll     t3, a4, s7
core   0: 3 0x800079c8 (0x01771e33) x28 0x00000000
core   0: 0x800079cc (0x00000001) c.nop
core   0: 3 0x800079cc (0x0001)
core   0: 0x800079ce (0x01c36833) or      a6, t1, t3
core   0: 3 0x800079ce (0x01c36833) x16 0x80000000
core   0: 0x800079d2 (0x00009b52) c.add   s6, s4
core   0: 3 0x800079d2 (0x9b52) x22 0x8000fe64
core   0: 0x800079d4 (0x00001e80) c.addi4spn s0, sp, 880
core   0: 3 0x800079d4 (0x1e80) x 8 0x000004a0
core   0: 0x800079d6 (0x00008edd) c.or    a3, a5
core   0: 3 0x800079d6 (0x8edd) x13 0xffe20314
core   0: 0x800079d8 (0x00008dc9) c.or    a1, a0
core   0: 3 0x800079d8 (0x8dc9) x11 0xfffe0380
core   0: 0x800079da (0x02285ab3) divu    s5, a6, sp
core   0: 3 0x800079da (0x02285ab3) x21 0x006bca1a
core   0: 0x800079de (0x00000001) c.nop
core   0: 3 0x800079de (0x0001)
core   0: 0x800079e0 (0x00008cc1) c.or    s1, s0
core   0: 3 0x800079e0 (0x8cc1) x 9 0x800004a0
core   0: 0x800079e2 (0x000089b1) c.andi  a1, 12
core   0: 3 0x800079e2 (0x89b1) x11 0x00000000
core   0: 0x800079e4 (0x54153193) sltiu   gp, a0, 1345
core   0: 3 0x800079e4 (0x54153193) x 3 0x00000000
core   0: 0x800079e8 (0x006f71b3) and     gp, t5, t1
core   0: 3 0x800079e8 (0x006f71b3) x 3 0x00000000
core   0: 0x800079ec (0x01d70633) add     a2, a4, t4
core   0: 3 0x800079ec (0x01d70633) x12 0xfff803a0
core   0: 0x800079f0 (0x402ed493) srai    s1, t4, 2
core   0: 3 0x800079f0 (0x402ed493) x 9 0xfffe0000
core   0: 0x800079f4 (0x00000001) c.nop
core   0: 3 0x800079f4 (0x0001)
core   0: 0x800079f6 (0x7a15f193) andi    gp, a1, 1953
core   0: 3 0x800079f6 (0x7a15f193) x 3 0x00000000
core   0: 0x800079fa (0x00000001) c.nop
core   0: 3 0x800079fa (0x0001)
core   0: 0x800079fc (0x00e04733) xor     a4, zero, a4
core   0: 3 0x800079fc (0x00e04733) x14 0x000003a0
core   0: 0x80007a00 (0xd2ab4893) xori    a7, s6, -726
core   0: 3 0x80007a00 (0xd2ab4893) x17 0x7fff034e
core   0: 0x80007a04 (0xe9a82513) slti    a0, a6, -358
core   0: 3 0x80007a04 (0xe9a82513) x10 0x00000001
core   0: 0x80007a08 (0x0000717d) c.addi16sp sp, -16
core   0: 3 0x80007a08 (0x717d) x 2 0x00000120
core   0: 0x80007a0a (0x451e0797) auipc   a5, 0x451e0
core   0: 3 0x80007a0a (0x451e0797) x15 0xc51e7a0a
core   0: 0x80007a0e (0x000050fd) c.li    ra, -1
core   0: 3 0x80007a0e (0x50fd) x 1 0xffffffff
core   0: 0x80007a10 (0x03c7e033) rem     zero, a5, t3
core   0: 3 0x80007a10 (0x03c7e033)
core   0: 0x80007a14 (0x12f08c13) addi    s8, ra, 303
core   0: 3 0x80007a14 (0x12f08c13) x24 0x0000012e
core   0: 0x80007a18 (0x9d604793) xori    a5, zero, -1578
core   0: 3 0x80007a18 (0x9d604793) x15 0xfffff9d6
core   0: 0x80007a1c (0x00d5ddb3) srl     s11, a1, a3
core   0: 3 0x80007a1c (0x00d5ddb3) x27 0x00000000
core   0: 0x80007a20 (0x00008e05) c.sub   a2, s1
core   0: 3 0x80007a20 (0x8e05) x12 0xfffa03a0
core   0: 0x80007a22 (0x00008dc9) c.or    a1, a0
core   0: 3 0x80007a22 (0x8dc9) x11 0x00000001
core   0: 0x80007a24 (0x000088ad) c.andi  s1, 11
core   0: 3 0x80007a24 (0x88ad) x 9 0x00000000
core   0: 0x80007a26 (0x00009d8e) c.add   s11, gp
core   0: 3 0x80007a26 (0x9d8e) x27 0x00000000
core   0: 0x80007a28 (0x0253f5b3) remu    a1, t2, t0
core   0: 3 0x80007a28 (0x0253f5b3) x11 0x001dfb7c
core   0: 0x80007a2c (0x00008e6d) c.and   a2, a1
core   0: 3 0x80007a2c (0x8e6d) x12 0x00180320
core   0: 0x80007a2e (0x02a27fb3) remu    t6, tp, a0
core   0: 3 0x80007a2e (0x02a27fb3) x31 0x00000000
core   0: 0x80007a32 (0x01fcdd93) srli    s11, s9, 31
core   0: 3 0x80007a32 (0x01fcdd93) x27 0x00000000
core   0: 0x80007a36 (0x0013bcb3) sltu    s9, t2, ra
core   0: 3 0x80007a36 (0x0013bcb3) x25 0x00000001
core   0: 0x80007a3a (0x036f0db3) mul     s11, t5, s6
core   0: 3 0x80007a3a (0x036f0db3) x27 0x8000fe64
core   0: 0x80007a3e (0x6cc56f13) ori     t5, a0, 1740
core   0: 3 0x80007a3e (0x6cc56f13) x30 0x000006cd
core   0: 0x80007a42 (0x035ccfb3) div     t6, s9, s5
core   0: 3 0x80007a42 (0x035ccfb3) x31 0x00000000
core   0: 0x80007a46 (0x0249dbb3) divu    s7, s3, tp
core   0: 3 0x80007a46 (0x0249dbb3) x23 0x00000000
core   0: 0x80007a4a (0x011c28b3) slt     a7, s8, a7
core   0: 3 0x80007a4a (0x011c28b3) x17 0x00000001
core   0: 0x80007a4e (0x00008d3d) c.xor   a0, a5
core   0: 3 0x80007a4e (0x8d3d) x10 0xfffff9d7
core   0: 0x80007a50 (0x02e2f833) remu    a6, t0, a4
core   0: 3 0x80007a50 (0x02e2f833) x16 0x00000000
core   0: 0x80007a54 (0x00001418) c.addi4spn a4, sp, 544
core   0: 3 0x80007a54 (0x1418) x14 0x00000340
core   0: 0x80007a56 (0x03d49133) mulh    sp, s1, t4
core   0: 3 0x80007a56 (0x03d49133) x 2 0x00000000
core   0: 0x80007a5a (0x000bc6b3) xor     a3, s7, zero
core   0: 3 0x80007a5a (0x000bc6b3) x13 0x00000000
core   0: 0x80007a5e (0x5cd52993) slti    s3, a0, 1485
core   0: 3 0x80007a5e (0x5cd52993) x19 0x00000001
core   0: 0x80007a62 (0x00000001) c.nop
core   0: 3 0x80007a62 (0x0001)
core   0: 0x80007a64 (0x9dfd4813) xori    a6, s10, -1569
core   0: 3 0x80007a64 (0x9dfd4813) x16 0xfffff9df
core   0: 0x80007a68 (0x000089cd) c.andi  a1, 19
core   0: 3 0x80007a68 (0x89cd) x11 0x00000010
core   0: 0x80007a6a (0x00000001) c.nop
core   0: 3 0x80007a6a (0x0001)
core   0: 0x80007a6c (0x02bcb9b3) mulhu   s3, s9, a1
core   0: 3 0x80007a6c (0x02bcb9b3) x19 0x00000000
core   0: 0x80007a70 (0xa2227593) andi    a1, tp, -1502
core   0: 3 0x80007a70 (0xa2227593) x11 0x80013820
core   0: 0x80007a74 (0x01e05513) srli    a0, zero, 30
core   0: 3 0x80007a74 (0x01e05513) x10 0x00000000
core   0: 0x80007a78 (0x41ed5133) sra     sp, s10, t5
core   0: 3 0x80007a78 (0x41ed5133) x 2 0x00000000
core   0: 0x80007a7c (0x0302d033) divu    zero, t0, a6
core   0: 3 0x80007a7c (0x0302d033)
core   0: 0x80007a80 (0x00008b7e) c.mv    s6, t6
core   0: 3 0x80007a80 (0x8b7e) x22 0x00000000
core   0: 0x80007a82 (0x00000e66) c.slli  t3, 25
core   0: 3 0x80007a82 (0x0e66) x28 0x00000000
core   0: 0x80007a84 (0x658e8813) addi    a6, t4, 1624
core   0: 3 0x80007a84 (0x658e8813) x16 0xfff80658
core   0: 0x80007a88 (0x095f1717) auipc   a4, 0x95f1
core   0: 3 0x80007a88 (0x095f1717) x14 0x895f8a88
core   0: 0x80007a8c (0x00009bfd) c.andi  a5, -1
core   0: 3 0x80007a8c (0x9bfd) x15 0xfffff9d6
core   0: 0x80007a8e (0x00009e96) c.add   t4, t0
core   0: 3 0x80007a8e (0x9e96) x29 0xfff80000
core   0: 0x80007a90 (0x00000001) c.nop
core   0: 3 0x80007a90 (0x0001)
core   0: 0x80007a92 (0x662f6437) lui     s0, 0x662f6
core   0: 3 0x80007a92 (0x662f6437) x 8 0x662f6000
core   0: 0x80007a96 (0x031bd5b3) divu    a1, s7, a7
core   0: 3 0x80007a96 (0x031bd5b3) x11 0x00000000
core   0: 0x80007a9a (0x02111db3) mulh    s11, sp, ra
core   0: 3 0x80007a9a (0x02111db3) x27 0x00000000
core   0: 0x80007a9e (0x00006111) c.addi16sp sp, 256
core   0: 3 0x80007a9e (0x6111) x 2 0x00000100
core   0: 0x80007aa0 (0x03a0e0b3) rem     ra, ra, s10
core   0: 3 0x80007aa0 (0x03a0e0b3) x 1 0xffffffff
core   0: 0x80007aa4 (0x0359c4b3) div     s1, s3, s5
core   0: 3 0x80007aa4 (0x0359c4b3) x 9 0x00000000
core   0: 0x80007aa8 (0x026470b3) remu    ra, s0, t1
core   0: 3 0x80007aa8 (0x026470b3) x 1 0x662f6000
core   0: 0x80007aac (0x02559cb3) mulh    s9, a1, t0
core   0: 3 0x80007aac (0x02559cb3) x25 0x00000000
core   0: 0x80007ab0 (0x8926aa97) auipc   s5, 0x8926a
core   0: 3 0x80007ab0 (0x8926aa97) x21 0x09271ab0
core   0: 0x80007ab4 (0x000085fe) c.mv    a1, t6
core   0: 3 0x80007ab4 (0x85fe) x11 0x00000000
core   0: 0x80007ab6 (0x40b4d4b3) sra     s1, s1, a1
core   0: 3 0x80007ab6 (0x40b4d4b3) x 9 0x00000000
core   0: 0x80007aba (0x000002ba) c.slli  t0, 14
core   0: 3 0x80007aba (0x02ba) x 5 0x00000000
core   0: 0x80007abc (0x00008c81) c.sub   s1, s0
core   0: 3 0x80007abc (0x8c81) x 9 0x99d0a000
core   0: 0x80007abe (0xb3a66393) ori     t2, a2, -1222
core   0: 3 0x80007abe (0xb3a66393) x 7 0xfffffb3a
core   0: 0x80007ac2 (0x00000001) c.nop
core   0: 3 0x80007ac2 (0x0001)
core   0: 0x80007ac4 (0x401cd9b3) sra     s3, s9, ra
core   0: 3 0x80007ac4 (0x401cd9b3) x19 0x00000000
core   0: 0x80007ac8 (0x02dab833) mulhu   a6, s5, a3
core   0: 3 0x80007ac8 (0x02dab833) x16 0x00000000
core   0: 0x80007acc (0x97cea437) lui     s0, 0x97cea
core   0: 3 0x80007acc (0x97cea437) x 8 0x97cea000
core   0: 0x80007ad0 (0x0cff2393) slti    t2, t5, 207
core   0: 3 0x80007ad0 (0x0cff2393) x 7 0x00000000
core   0: 0x80007ad4 (0x0171a8b3) slt     a7, gp, s7
core   0: 3 0x80007ad4 (0x0171a8b3) x17 0x00000000
core   0: 0x80007ad8 (0x000080e9) c.srli  s1, 26
core   0: 3 0x80007ad8 (0x80e9) x 9 0x00000026
core   0: 0x80007ada (0x40ad0eb3) sub     t4, s10, a0
core   0: 3 0x80007ada (0x40ad0eb3) x29 0x00000000
core   0: 0x80007ade (0x008e4933) xor     s2, t3, s0
core   0: 3 0x80007ade (0x008e4933) x18 0x97cea000
core   0: 0x80007ae2 (0x00000001) c.nop
core   0: 3 0x80007ae2 (0x0001)
core   0: 0x80007ae4 (0x4012d893) srai    a7, t0, 1
core   0: 3 0x80007ae4 (0x4012d893) x17 0x00000000
core   0: 0x80007ae8 (0x00000001) c.nop
core   0: 3 0x80007ae8 (0x0001)
core   0: 0x80007aea (0x00289693) slli    a3, a7, 2
core   0: 3 0x80007aea (0x00289693) x13 0x00000000
core   0: 0x80007aee (0x5008cd93) xori    s11, a7, 1280
core   0: 3 0x80007aee (0x5008cd93) x27 0x00000500
core   0: 0x80007af2 (0x0010c533) xor     a0, ra, ra
core   0: 3 0x80007af2 (0x0010c533) x10 0x00000000
core   0: 0x80007af6 (0x00008a81) c.andi  a3, 0
core   0: 3 0x80007af6 (0x8a81) x13 0x00000000
core   0: 0x80007af8 (0x00df9433) sll     s0, t6, a3
core   0: 3 0x80007af8 (0x00df9433) x 8 0x00000000
core   0: 0x80007afc (0x41035913) srai    s2, t1, 16
core   0: 3 0x80007afc (0x41035913) x18 0xffff8000
core   0: 0x80007b00 (0xce6c8093) addi    ra, s9, -794
core   0: 3 0x80007b00 (0xce6c8093) x 1 0xfffffce6
core   0: 0x80007b04 (0x40b06f93) ori     t6, zero, 1035
core   0: 3 0x80007b04 (0x40b06f93) x31 0x0000040b
core   0: 0x80007b08 (0x000083ed) c.srli  a5, 27
core   0: 3 0x80007b08 (0x83ed) x15 0x0000001f
core   0: 0x80007b0a (0x000001ed) c.addi  gp, 27
core   0: 3 0x80007b0a (0x01ed) x 3 0x0000001b
core   0: 0x80007b0c (0x00f49033) sll     zero, s1, a5
core   0: 3 0x80007b0c (0x00f49033)
core   0: 0x80007b10 (0x0493a093) slti    ra, t2, 73
core   0: 3 0x80007b10 (0x0493a093) x 1 0x00000001
core   0: 0x80007b14 (0x00000001) c.nop
core   0: 3 0x80007b14 (0x0001)
core   0: 0x80007b16 (0x030852b3) divu    t0, a6, a6
core   0: 3 0x80007b16 (0x030852b3) x 5 0xffffffff
core   0: 0x80007b1a (0x00008c5d) c.or    s0, a5
core   0: 3 0x80007b1a (0x8c5d) x 8 0x0000001f
core   0: 0x80007b1c (0x03bb3633) mulhu   a2, s6, s11
core   0: 3 0x80007b1c (0x03bb3633) x12 0x00000000
core   0: 0x80007b20 (0xf157ae93) slti    t4, a5, -235
core   0: 3 0x80007b20 (0xf157ae93) x29 0x00000000
core   0: 0x80007b24 (0x00001cfd) c.addi  s9, -1
core   0: 3 0x80007b24 (0x1cfd) x25 0xffffffff
core   0: 0x80007b26 (0x01e51e13) slli    t3, a0, 30
core   0: 3 0x80007b26 (0x01e51e13) x28 0x00000000
core   0: 0x80007b2a (0x0005cab3) xor     s5, a1, zero
core   0: 3 0x80007b2a (0x0005cab3) x21 0x00000000
core   0: 0x80007b2e (0x03a2c7b3) div     a5, t0, s10
core   0: 3 0x80007b2e (0x03a2c7b3) x15 0xffffffff
core   0: 0x80007b32 (0x01c1b1b3) sltu    gp, gp, t3
core   0: 3 0x80007b32 (0x01c1b1b3) x 3 0x00000000
core   0: 0x80007b36 (0x024897b3) mulh    a5, a7, tp
core   0: 3 0x80007b36 (0x024897b3) x15 0x00000000
core   0: 0x80007b3a (0x00b04b33) xor     s6, zero, a1
core   0: 3 0x80007b3a (0x00b04b33) x22 0x00000000
core   0: 0x80007b3e (0x01a05e93) srli    t4, zero, 26
core   0: 3 0x80007b3e (0x01a05e93) x29 0x00000000
core   0: 0x80007b42 (0x00f8d833) srl     a6, a7, a5
core   0: 3 0x80007b42 (0x00f8d833) x16 0x00000000
core   0: 0x80007b46 (0x015be733) or      a4, s7, s5
core   0: 3 0x80007b46 (0x015be733) x14 0x00000000
core   0: 0x80007b4a (0x01c7fb33) and     s6, a5, t3
core   0: 3 0x80007b4a (0x01c7fb33) x22 0x00000000
core   0: 0x80007b4e (0x00cf3db3) sltu    s11, t5, a2
core   0: 3 0x80007b4e (0x00cf3db3) x27 0x00000000
core   0: 0x80007b52 (0x46a40f97) auipc   t6, 0x46a40
core   0: 3 0x80007b52 (0x46a40f97) x31 0xc6a47b52
core   0: 0x80007b56 (0x10f48013) addi    zero, s1, 271
core   0: 3 0x80007b56 (0x10f48013)
core   0: 0x80007b5a (0x4e7af897) auipc   a7, 0x4e7af
core   0: 3 0x80007b5a (0x4e7af897) x17 0xce7b6b5a
core   0: 0x80007b5e (0x01da34b3) sltu    s1, s4, t4
core   0: 3 0x80007b5e (0x01da34b3) x 9 0x00000000
core   0: 0x80007b62 (0x00000dad) c.addi  s11, 11
core   0: 3 0x80007b62 (0x0dad) x27 0x0000000b
core   0: 0x80007b64 (0x011922b3) slt     t0, s2, a7
core   0: 3 0x80007b64 (0x011922b3) x 5 0x00000000
core   0: 0x80007b68 (0x40758d33) sub     s10, a1, t2
core   0: 3 0x80007b68 (0x40758d33) x26 0x00000000
core   0: 0x80007b6c (0x0000028c) c.addi4spn a1, sp, 320
core   0: 3 0x80007b6c (0x028c) x11 0x00000240
core   0: 0x80007b6e (0x01b162b3) or      t0, sp, s11
core   0: 3 0x80007b6e (0x01b162b3) x 5 0x0000010b
core   0: 0x80007b72 (0x01fd13b3) sll     t2, s10, t6
core   0: 3 0x80007b72 (0x01fd13b3) x 7 0x00000000
core   0: 0x80007b76 (0x021d82b3) mul     t0, s11, ra
core   0: 3 0x80007b76 (0x021d82b3) x 5 0x0000000b
core   0: 0x80007b7a (0x00006dfd) c.lui   s11, 0x1f
core   0: 3 0x80007b7a (0x6dfd) x27 0x0001f000
core   0: 0x80007b7c (0x00e69d33) sll     s10, a3, a4
core   0: 3 0x80007b7c (0x00e69d33) x26 0x00000000
core   0: 0x80007b80 (0x00006a8d) c.lui   s5, 0x3
core   0: 3 0x80007b80 (0x6a8d) x21 0x00003000
core   0: 0x80007b82 (0x34116c93) ori     s9, sp, 833
core   0: 3 0x80007b82 (0x34116c93) x25 0x00000341
core   0: 0x80007b86 (0x00006f11) c.lui   t5, 0x4
core   0: 3 0x80007b86 (0x6f11) x30 0x00004000
core   0: 0x80007b88 (0x4174db93) srai    s7, s1, 23
core   0: 3 0x80007b88 (0x4174db93) x23 0x00000000
core   0: 0x80007b8c (0x00000c1c) c.addi4spn a5, sp, 528
core   0: 3 0x80007b8c (0x0c1c) x15 0x00000310
core   0: 0x80007b8e (0x00a6d2b3) srl     t0, a3, a0
core   0: 3 0x80007b8e (0x00a6d2b3) x 5 0x00000000
core   0: 0x80007b92 (0x417a55b3) sra     a1, s4, s7
core   0: 3 0x80007b92 (0x417a55b3) x11 0x8000fe64
core   0: 0x80007b96 (0x00000ea5) c.addi  t4, 9
core   0: 3 0x80007b96 (0x0ea5) x29 0x00000009
core   0: 0x80007b98 (0x00000001) c.nop
core   0: 3 0x80007b98 (0x0001)
core   0: 0x80007b9a (0x03c0f2b3) remu    t0, ra, t3
core   0: 3 0x80007b9a (0x03c0f2b3) x 5 0x00000001
core   0: 0x80007b9e (0x00000001) c.nop
core   0: 3 0x80007b9e (0x0001)
core   0: 0x80007ba0 (0x0197d7b3) srl     a5, a5, s9
core   0: 3 0x80007ba0 (0x0197d7b3) x15 0x00000188
core   0: 0x80007ba4 (0x00001184) c.addi4spn s1, sp, 224
core   0: 3 0x80007ba4 (0x1184) x 9 0x000001e0
core   0: 0x80007ba6 (0x40ead833) sra     a6, s5, a4
core   0: 3 0x80007ba6 (0x40ead833) x16 0x00003000
core   0: 0x80007baa (0xacb20b93) addi    s7, tp, -1333
core   0: 3 0x80007baa (0xacb20b93) x23 0x800137af
core   0: 0x80007bae (0x000007a2) c.slli  a5, 8
core   0: 3 0x80007bae (0x07a2) x15 0x00018800
core   0: 0x80007bb0 (0xac35f813) andi    a6, a1, -1341
core   0: 3 0x80007bb0 (0xac35f813) x16 0x8000fa40
core   0: 0x80007bb4 (0x00731b13) slli    s6, t1, 7
core   0: 3 0x80007bb4 (0x00731b13) x22 0x00000000
core   0: 0x80007bb8 (0x034d7b33) remu    s6, s10, s4
core   0: 3 0x80007bb8 (0x034d7b33) x22 0x00000000
core   0: 0x80007bbc (0x009713b3) sll     t2, a4, s1
core   0: 3 0x80007bbc (0x009713b3) x 7 0x00000000
core   0: 0x80007bc0 (0x00008b79) c.andi  a4, 30
core   0: 3 0x80007bc0 (0x8b79) x14 0x00000000
core   0: 0x80007bc2 (0x000082a2) c.mv    t0, s0
core   0: 3 0x80007bc2 (0x82a2) x 5 0x0000001f
core   0: 0x80007bc4 (0x037efc33) remu    s8, t4, s7
core   0: 3 0x80007bc4 (0x037efc33) x24 0x00000009
core   0: 0x80007bc8 (0x00000fae) c.slli  t6, 11
core   0: 3 0x80007bc8 (0x0fae) x31 0x23da9000
core   0: 0x80007bca (0x00008e4a) c.mv    t3, s2
core   0: 3 0x80007bca (0x8e4a) x28 0xffff8000
core   0: 0x80007bcc (0x4cf88a93) addi    s5, a7, 1231
core   0: 3 0x80007bcc (0x4cf88a93) x21 0xce7b7029
core   0: 0x80007bd0 (0x000086c5) c.srai  a3, 17
core   0: 3 0x80007bd0 (0x86c5) x13 0x00000000
core   0: 0x80007bd2 (0x000086d5) c.srai  a3, 21
core   0: 3 0x80007bd2 (0x86d5) x13 0x00000000
core   0: 0x80007bd4 (0x00008d05) c.sub   a0, s1
core   0: 3 0x80007bd4 (0x8d05) x10 0xfffffe20
core   0: 0x80007bd6 (0xa760c393) xori    t2, ra, -1418
core   0: 3 0x80007bd6 (0xa760c393) x 7 0xfffffa77
core   0: 0x80007bda (0x0000577d) c.li    a4, -1
core   0: 3 0x80007bda (0x577d) x14 0xffffffff
core   0: 0x80007bdc (0x037fa1b3) mulhsu  gp, t6, s7
core   0: 3 0x80007bdc (0x037fa1b3) x 3 0x11ed73a7
core   0: 0x80007be0 (0x036d6bb3) rem     s7, s10, s6
core   0: 3 0x80007be0 (0x036d6bb3) x23 0x00000000
core   0: 0x80007be4 (0x00008cc5) c.or    s1, s1
core   0: 3 0x80007be4 (0x8cc5) x 9 0x000001e0
core   0: 0x80007be6 (0x002112b3) sll     t0, sp, sp
core   0: 3 0x80007be6 (0x002112b3) x 5 0x00000100
core   0: 0x80007bea (0x00008f29) c.xor   a4, a0
core   0: 3 0x80007bea (0x8f29) x14 0x000001df
core   0: 0x80007bec (0xe2404537) lui     a0, 0xe2404
core   0: 3 0x80007bec (0xe2404537) x10 0xe2404000
core   0: 0x80007bf0 (0x015c30b3) sltu    ra, s8, s5
core   0: 3 0x80007bf0 (0x015c30b3) x 1 0x00000001
core   0: 0x80007bf4 (0x407552b3) sra     t0, a0, t2
core   0: 3 0x80007bf4 (0x407552b3) x 5 0xffffffc4
core   0: 0x80007bf8 (0x00000001) c.nop
core   0: 3 0x80007bf8 (0x0001)
core   0: 0x80007bfa (0x000088e9) c.andi  s1, 26
core   0: 3 0x80007bfa (0x88e9) x 9 0x00000000
core   0: 0x80007bfc (0x038b6f33) rem     t5, s6, s8
core   0: 3 0x80007bfc (0x038b6f33) x30 0x00000000
core   0: 0x80007c00 (0x022a52b3) divu    t0, s4, sp
core   0: 3 0x80007c00 (0x022a52b3) x 5 0x008000fe
core   0: 0x80007c04 (0x000092e2) c.add   t0, s8
core   0: 3 0x80007c04 (0x92e2) x 5 0x00800107
core   0: 0x80007c06 (0x6bf36937) lui     s2, 0x6bf36
core   0: 3 0x80007c06 (0x6bf36937) x18 0x6bf36000
core   0: 0x80007c0a (0x00008ee9) c.and   a3, a0
core   0: 3 0x80007c0a (0x8ee9) x13 0x00000000
core   0: 0x80007c0c (0x00008f5e) c.mv    t5, s7
core   0: 3 0x80007c0c (0x8f5e) x30 0x00000000
core   0: 0x80007c0e (0x00008d11) c.sub   a0, a2
core   0: 3 0x80007c0e (0x8d11) x10 0xe2404000
core   0: 0x80007c10 (0x40055093) srai    ra, a0, 0
core   0: 3 0x80007c10 (0x40055093) x 1 0xe2404000
core   0: 0x80007c14 (0xb5ab4b93) xori    s7, s6, -1190
core   0: 3 0x80007c14 (0xb5ab4b93) x23 0xfffffb5a
core   0: 0x80007c18 (0x0286c833) div     a6, a3, s0
core   0: 3 0x80007c18 (0x0286c833) x16 0x00000000
core   0: 0x80007c1c (0x024e96b3) mulh    a3, t4, tp
core   0: 3 0x80007c1c (0x024e96b3) x13 0xfffffffb
core   0: 0x80007c20 (0x00006b15) c.lui   s6, 0x5
core   0: 3 0x80007c20 (0x6b15) x22 0x00005000
core   0: 0x80007c22 (0xa43a0d13) addi    s10, s4, -1469
core   0: 3 0x80007c22 (0xa43a0d13) x26 0x8000f8a7
core   0: 0x80007c26 (0x02d8d733) divu    a4, a7, a3
core   0: 3 0x80007c26 (0x02d8d733) x14 0x00000000
core   0: 0x80007c2a (0x000083a6) c.mv    t2, s1
core   0: 3 0x80007c2a (0x83a6) x 7 0x00000000
core   0: 0x80007c2c (0x00a2f033) and     zero, t0, a0
core   0: 3 0x80007c2c (0x00a2f033)
core   0: 0x80007c30 (0x0344adb3) mulhsu  s11, s1, s4
core   0: 3 0x80007c30 (0x0344adb3) x27 0x00000000
core   0: 0x80007c34 (0x00755b13) srli    s6, a0, 7
core   0: 3 0x80007c34 (0x00755b13) x22 0x01c48080
core   0: 0x80007c38 (0x00000a94) c.addi4spn a3, sp, 336
core   0: 3 0x80007c38 (0x0a94) x13 0x00000250
core   0: 0x80007c3a (0x000082d1) c.srli  a3, 20
core   0: 3 0x80007c3a (0x82d1) x13 0x00000000
core   0: 0x80007c3c (0x40e35e33) sra     t3, t1, a4
core   0: 3 0x80007c3c (0x40e35e33) x28 0x80000000
core   0: 0x80007c40 (0x00008ddd) c.or    a1, a5
core   0: 3 0x80007c40 (0x8ddd) x11 0x8001fe64
core   0: 0x80007c42 (0x0000882a) c.mv    a6, a0
core   0: 3 0x80007c42 (0x882a) x16 0xe2404000
core   0: 0x80007c44 (0x00008f31) c.xor   a4, a2
core   0: 3 0x80007c44 (0x8f31) x14 0x00000000
core   0: 0x80007c46 (0x0247d4b3) divu    s1, a5, tp
core   0: 3 0x80007c46 (0x0247d4b3) x 9 0x00000000
core   0: 0x80007c4a (0x007f4833) xor     a6, t5, t2
core   0: 3 0x80007c4a (0x007f4833) x16 0x00000000
core   0: 0x80007c4e (0x00009eee) c.add   t4, s11
core   0: 3 0x80007c4e (0x9eee) x29 0x00000009
core   0: 0x80007c50 (0x1cc8be13) sltiu   t3, a7, 460
core   0: 3 0x80007c50 (0x1cc8be13) x28 0x00000000
core   0: 0x80007c54 (0x00009c52) c.add   s8, s4
core   0: 3 0x80007c54 (0x9c52) x24 0x8000fe6d
core   0: 0x80007c56 (0x00008d2d) c.xor   a0, a1
core   0: 3 0x80007c56 (0x8d2d) x10 0x6241be64
core   0: 0x80007c58 (0xce70a993) slti    s3, ra, -793
core   0: 3 0x80007c58 (0xce70a993) x19 0x00000001
core   0: 0x80007c5c (0x009c7b33) and     s6, s8, s1
core   0: 3 0x80007c5c (0x009c7b33) x22 0x00000000
core   0: 0x80007c60 (0xd70ba493) slti    s1, s7, -656
core   0: 3 0x80007c60 (0xd70ba493) x 9 0x00000001
core   0: 0x80007c64 (0x00008c31) c.xor   s0, a2
core   0: 3 0x80007c64 (0x8c31) x 8 0x0000001f
core   0: 0x80007c66 (0x00000001) c.nop
core   0: 3 0x80007c66 (0x0001)
core   0: 0x80007c68 (0x2fd40817) auipc   a6, 0x2fd40
core   0: 3 0x80007c68 (0x2fd40817) x16 0xafd47c68
core   0: 0x80007c6c (0x00008f81) c.sub   a5, s0
core   0: 3 0x80007c6c (0x8f81) x15 0x000187e1
core   0: 0x80007c6e (0x02f09b33) mulh    s6, ra, a5
core   0: 3 0x80007c6e (0x02f09b33) x22 0xffffd275
core   0: 0x80007c72 (0x0077f2b3) and     t0, a5, t2
core   0: 3 0x80007c72 (0x0077f2b3) x 5 0x00000000
core   0: 0x80007c76 (0x02f645b3) div     a1, a2, a5
core   0: 3 0x80007c76 (0x02f645b3) x11 0x00000000
core   0: 0x80007c7a (0x009c7f33) and     t5, s8, s1
core   0: 3 0x80007c7a (0x009c7f33) x30 0x00000001
core   0: 0x80007c7e (0x00000b4e) c.slli  s6, 19
core   0: 3 0x80007c7e (0x0b4e) x22 0x93a80000
core   0: 0x80007c80 (0x01f178b3) and     a7, sp, t6
core   0: 3 0x80007c80 (0x01f178b3) x17 0x00000000
core   0: 0x80007c84 (0x6c287817) auipc   a6, 0x6c287
core   0: 3 0x80007c84 (0x6c287817) x16 0xec28ec84
core   0: 0x80007c88 (0x01ecde13) srli    t3, s9, 30
core   0: 3 0x80007c88 (0x01ecde13) x28 0x00000000
core   0: 0x80007c8c (0x00000001) c.nop
core   0: 3 0x80007c8c (0x0001)
core   0: 0x80007c8e (0x025b3633) mulhu   a2, s6, t0
core   0: 3 0x80007c8e (0x025b3633) x12 0x00000000
core   0: 0x80007c92 (0x6fbd4c93) xori    s9, s10, 1787
core   0: 3 0x80007c92 (0x6fbd4c93) x25 0x8000fe5c
core   0: 0x80007c96 (0x0805b893) sltiu   a7, a1, 128
core   0: 3 0x80007c96 (0x0805b893) x17 0x00000001
core   0: 0x80007c9a (0xeba9b393) sltiu   t2, s3, -326
core   0: 3 0x80007c9a (0xeba9b393) x 7 0x00000001
core   0: 0x80007c9e (0x0088bb33) sltu    s6, a7, s0
core   0: 3 0x80007c9e (0x0088bb33) x22 0x00000001
core   0: 0x80007ca2 (0x0215bf33) mulhu   t5, a1, ra
core   0: 3 0x80007ca2 (0x0215bf33) x30 0x00000000
core   0: 0x80007ca6 (0x00a5ee33) or      t3, a1, a0
core   0: 3 0x80007ca6 (0x00a5ee33) x28 0x6241be64
core   0: 0x80007caa (0x00001b1c) c.addi4spn a5, sp, 432
core   0: 3 0x80007caa (0x1b1c) x15 0x000002b0
core   0: 0x80007cac (0x00ff27b3) slt     a5, t5, a5
core   0: 3 0x80007cac (0x00ff27b3) x15 0x00000001
core   0: 0x80007cb0 (0x00001b0c) c.addi4spn a1, sp, 432
core   0: 3 0x80007cb0 (0x1b0c) x11 0x000002b0
core   0: 0x80007cb2 (0x00000001) c.nop
core   0: 3 0x80007cb2 (0x0001)
core   0: 0x80007cb4 (0x015f3eb3) sltu    t4, t5, s5
core   0: 3 0x80007cb4 (0x015f3eb3) x29 0x00000001
core   0: 0x80007cb8 (0x00008d8d) c.sub   a1, a1
core   0: 3 0x80007cb8 (0x8d8d) x11 0x00000000
core   0: 0x80007cba (0x000065e9) c.lui   a1, 0x1a
core   0: 3 0x80007cba (0x65e9) x11 0x0001a000
core   0: 0x80007cbc (0x01e45b13) srli    s6, s0, 30
core   0: 3 0x80007cbc (0x01e45b13) x22 0x00000000
core   0: 0x80007cc0 (0x00009afd) c.andi  a3, -1
core   0: 3 0x80007cc0 (0x9afd) x13 0x00000000
core   0: 0x80007cc2 (0x98b1f513) andi    a0, gp, -1653
core   0: 3 0x80007cc2 (0x98b1f513) x10 0x11ed7183
core   0: 0x80007cc6 (0x000084ed) c.srai  s1, 27
core   0: 3 0x80007cc6 (0x84ed) x 9 0x00000000
core   0: 0x80007cc8 (0x00009d2e) c.add   s10, a1
core   0: 3 0x80007cc8 (0x9d2e) x26 0x800298a7
core   0: 0x80007cca (0x00008dc9) c.or    a1, a0
core   0: 3 0x80007cca (0x8dc9) x11 0x11edf183
core   0: 0x80007ccc (0x00008fd9) c.or    a5, a4
core   0: 3 0x80007ccc (0x8fd9) x15 0x00000001
core   0: 0x80007cce (0x39dc6693) ori     a3, s8, 925
core   0: 3 0x80007cce (0x39dc6693) x13 0x8000fffd
core   0: 0x80007cd2 (0x00006729) c.lui   a4, 0xa
core   0: 3 0x80007cd2 (0x6729) x14 0x0000a000
core   0: 0x80007cd4 (0x00006b75) c.lui   s6, 0x1d
core   0: 3 0x80007cd4 (0x6b75) x22 0x0001d000
core   0: 0x80007cd6 (0x00008725) c.srai  a4, 9
core   0: 3 0x80007cd6 (0x8725) x14 0x00000050
core   0: 0x80007cd8 (0xaeee3817) auipc   a6, 0xaeee3
core   0: 3 0x80007cd8 (0xaeee3817) x16 0x2eeeacd8
core   0: 0x80007cdc (0x026822b3) mulhsu  t0, a6, t1
core   0: 3 0x80007cdc (0x026822b3) x 5 0x1777566c
core   0: 0x80007ce0 (0x037471b3) remu    gp, s0, s7
core   0: 3 0x80007ce0 (0x037471b3) x 3 0x0000001f
core   0: 0x80007ce4 (0x029cc433) div     s0, s9, s1
core   0: 3 0x80007ce4 (0x029cc433) x 8 0xffffffff
core   0: 0x80007ce8 (0x020c0ab3) mul     s5, s8, zero
core   0: 3 0x80007ce8 (0x020c0ab3) x21 0x00000000
core   0: 0x80007cec (0x03d13533) mulhu   a0, sp, t4
core   0: 3 0x80007cec (0x03d13533) x10 0x00000000
core   0: 0x80007cf0 (0x40865833) sra     a6, a2, s0
core   0: 3 0x80007cf0 (0x40865833) x16 0x00000000
core   0: 0x80007cf4 (0x03cf2d33) mulhsu  s10, t5, t3
core   0: 3 0x80007cf4 (0x03cf2d33) x26 0x00000000
core   0: 0x80007cf8 (0x00009832) c.add   a6, a2
core   0: 3 0x80007cf8 (0x9832) x16 0x00000000
core   0: 0x80007cfa (0x0069f0b3) and     ra, s3, t1
core   0: 3 0x80007cfa (0x0069f0b3) x 1 0x00000000
core   0: 0x80007cfe (0x039fe2b3) rem     t0, t6, s9
core   0: 3 0x80007cfe (0x039fe2b3) x 5 0x23da9000
core   0: 0x80007d02 (0x03a3abb3) mulhsu  s7, t2, s10
core   0: 3 0x80007d02 (0x03a3abb3) x23 0x00000000
core   0: 0x80007d06 (0x000013fd) c.addi  t2, -1
core   0: 3 0x80007d06 (0x13fd) x 7 0x00000000
core   0: 0x80007d08 (0x3d3c6f93) ori     t6, s8, 979
core   0: 3 0x80007d08 (0x3d3c6f93) x31 0x8000ffff
core   0: 0x80007d0c (0x02c2a133) mulhsu  sp, t0, a2
core   0: 3 0x80007d0c (0x02c2a133) x 2 0x00000000
core   0: 0x80007d10 (0x00001b08) c.addi4spn a0, sp, 432
core   0: 3 0x80007d10 (0x1b08) x10 0x000001b0
core   0: 0x80007d12 (0xa18c3913) sltiu   s2, s8, -1512
core   0: 3 0x80007d12 (0xa18c3913) x18 0x00000001
core   0: 0x80007d16 (0xeb983e13) sltiu   t3, a6, -327
core   0: 3 0x80007d16 (0xeb983e13) x28 0x00000001
core   0: 0x80007d1a (0x039f18b3) mulh    a7, t5, s9
core   0: 3 0x80007d1a (0x039f18b3) x17 0x00000000
core   0: 0x80007d1e (0x01b29613) slli    a2, t0, 27
core   0: 3 0x80007d1e (0x01b29613) x12 0x00000000
core   0: 0x80007d22 (0x00229e93) slli    t4, t0, 2
core   0: 3 0x80007d22 (0x00229e93) x29 0x8f6a4000
core   0: 0x80007d26 (0x03b83b33) mulhu   s6, a6, s11
core   0: 3 0x80007d26 (0x03b83b33) x22 0x00000000
core   0: 0x80007d2a (0x0165d0b3) srl     ra, a1, s6
core   0: 3 0x80007d2a (0x0165d0b3) x 1 0x11edf183
core   0: 0x80007d2e (0x0106d6b3) srl     a3, a3, a6
core   0: 3 0x80007d2e (0x0106d6b3) x13 0x8000fffd
core   0: 0x80007d32 (0x0000717d) c.addi16sp sp, -16
core   0: 3 0x80007d32 (0x717d) x 2 0xfffffff0
core   0: 0x80007d34 (0x415b5b33) sra     s6, s6, s5
core   0: 3 0x80007d34 (0x415b5b33) x22 0x00000000
core   0: 0x80007d38 (0xbc6d0413) addi    s0, s10, -1082
core   0: 3 0x80007d38 (0xbc6d0413) x 8 0xfffffbc6
core   0: 0x80007d3c (0x53bd4a93) xori    s5, s10, 1339
core   0: 3 0x80007d3c (0x53bd4a93) x21 0x0000053b
core   0: 0x80007d40 (0x026a9133) mulh    sp, s5, t1
core   0: 3 0x80007d40 (0x026a9133) x 2 0xfffffd62
core   0: 0x80007d44 (0x01735f13) srli    t5, t1, 23
core   0: 3 0x80007d44 (0x01735f13) x30 0x00000100
core   0: 0x80007d48 (0x00006c1d) c.lui   s8, 0x7
core   0: 3 0x80007d48 (0x6c1d) x24 0x00007000
core   0: 0x80007d4a (0x014ad993) srli    s3, s5, 20
core   0: 3 0x80007d4a (0x014ad993) x19 0x00000000
core   0: 0x80007d4e (0x000011fd) c.addi  gp, -1
core   0: 3 0x80007d4e (0x11fd) x 3 0x0000001e
core   0: 0x80007d50 (0x00000f29) c.addi  t5, 10
core   0: 3 0x80007d50 (0x0f29) x30 0x0000010a
core   0: 0x80007d52 (0x039f8633) mul     a2, t6, s9
core   0: 3 0x80007d52 (0x039f8633) x12 0x7e5b01a4
core   0: 0x80007d56 (0x03e31f33) mulh    t5, t1, t5
core   0: 3 0x80007d56 (0x03e31f33) x30 0xffffff7b
core   0: 0x80007d5a (0x02a86ab3) rem     s5, a6, a0
core   0: 3 0x80007d5a (0x02a86ab3) x21 0x00000000
core   0: 0x80007d5e (0x00e31633) sll     a2, t1, a4
core   0: 3 0x80007d5e (0x00e31633) x12 0x00000000
core   0: 0x80007d62 (0x038141b3) div     gp, sp, s8
core   0: 3 0x80007d62 (0x038141b3) x 3 0x00000000
core   0: 0x80007d66 (0x01591f93) slli    t6, s2, 21
core   0: 3 0x80007d66 (0x01591f93) x31 0x00200000
core   0: 0x80007d6a (0x4a577417) auipc   s0, 0x4a577
core   0: 3 0x80007d6a (0x4a577417) x 8 0xca57ed6a
core   0: 0x80007d6e (0x02f5e933) rem     s2, a1, a5
core   0: 3 0x80007d6e (0x02f5e933) x18 0x00000000
core   0: 0x80007d72 (0x0142df93) srli    t6, t0, 20
core   0: 3 0x80007d72 (0x0142df93) x31 0x0000023d
core   0: 0x80007d76 (0x01d20733) add     a4, tp, t4
core   0: 3 0x80007d76 (0x01d20733) x14 0x0f6b7ce4
core   0: 0x80007d7a (0x41cddeb3) sra     t4, s11, t3
core   0: 3 0x80007d7a (0x41cddeb3) x29 0x00000000
core   0: 0x80007d7e (0x011f74b3) and     s1, t5, a7
core   0: 3 0x80007d7e (0x011f74b3) x 9 0x00000000
core   0: 0x80007d82 (0x00000e4d) c.addi  t3, 19
core   0: 3 0x80007d82 (0x0e4d) x28 0x00000014
core   0: 0x80007d84 (0x029eadb3) mulhsu  s11, t4, s1
core   0: 3 0x80007d84 (0x029eadb3) x27 0x00000000
core   0: 0x80007d88 (0x41bc82b3) sub     t0, s9, s11
core   0: 3 0x80007d88 (0x41bc82b3) x 5 0x8000fe5c
core   0: 0x80007d8c (0x00008722) c.mv    a4, s0
core   0: 3 0x80007d8c (0x8722) x14 0xca57ed6a
core   0: 0x80007d8e (0x011ec8b3) xor     a7, t4, a7
core   0: 3 0x80007d8e (0x011ec8b3) x17 0x00000000
core   0: 0x80007d92 (0x034e5433) divu    s0, t3, s4
core   0: 3 0x80007d92 (0x034e5433) x 8 0x00000000
core   0: 0x80007d96 (0x41aaa193) slti    gp, s5, 1050
core   0: 3 0x80007d96 (0x41aaa193) x 3 0x00000001
core   0: 0x80007d9a (0x02ade6b3) rem     a3, s11, a0
core   0: 3 0x80007d9a (0x02ade6b3) x13 0x00000000
core   0: 0x80007d9e (0xbe1b93b7) lui     t2, 0xbe1b9
core   0: 3 0x80007d9e (0xbe1b93b7) x 7 0xbe1b9000
core   0: 0x80007da2 (0x038f9933) mulh    s2, t6, s8
core   0: 3 0x80007da2 (0x038f9933) x18 0x00000000
core   0: 0x80007da6 (0xd8e82393) slti    t2, a6, -626
core   0: 3 0x80007da6 (0xd8e82393) x 7 0x00000000
core   0: 0x80007daa (0x03f28533) mul     a0, t0, t6
core   0: 3 0x80007daa (0x03f28533) x10 0x823953ec
core   0: 0x80007dae (0x00000a80) c.addi4spn s0, sp, 336
core   0: 3 0x80007dae (0x0a80) x 8 0xfffffeb2
core   0: 0x80007db0 (0x03799033) mulh    zero, s3, s7
core   0: 3 0x80007db0 (0x03799033)
core   0: 0x80007db4 (0x00008375) c.srli  a4, 29
core   0: 3 0x80007db4 (0x8375) x14 0x00000006
core   0: 0x80007db6 (0x01b2dd13) srli    s10, t0, 27
core   0: 3 0x80007db6 (0x01b2dd13) x26 0x00000010
core   0: 0x80007dba (0x000082c2) c.mv    t0, a6
core   0: 3 0x80007dba (0x82c2) x 5 0x00000000
core   0: 0x80007dbc (0x01d949b3) xor     s3, s2, t4
core   0: 3 0x80007dbc (0x01d949b3) x19 0x00000000
core   0: 0x80007dc0 (0x01f81fb3) sll     t6, a6, t6
core   0: 3 0x80007dc0 (0x01f81fb3) x31 0x00000000
core   0: 0x80007dc4 (0x00000e80) c.addi4spn s0, sp, 848
core   0: 3 0x80007dc4 (0x0e80) x 8 0x000000b2
core   0: 0x80007dc6 (0x00321cb3) sll     s9, tp, gp
core   0: 3 0x80007dc6 (0x00321cb3) x25 0x000279c8
core   0: 0x80007dca (0x004e9bb3) sll     s7, t4, tp
core   0: 3 0x80007dca (0x004e9bb3) x23 0x00000000
core   0: 0x80007dce (0x01e8df93) srli    t6, a7, 30
core   0: 3 0x80007dce (0x01e8df93) x31 0x00000000
core   0: 0x80007dd2 (0x400a59b3) sra     s3, s4, zero
core   0: 3 0x80007dd2 (0x400a59b3) x19 0x8000fe64
core   0: 0x80007dd6 (0x03040933) mul     s2, s0, a6
core   0: 3 0x80007dd6 (0x03040933) x18 0x00000000
core   0: 0x80007dda (0xbb41d917) auipc   s2, 0xbb41d
core   0: 3 0x80007dda (0xbb41d917) x18 0x3b424dda
core   0: 0x80007dde (0x00915eb3) srl     t4, sp, s1
core   0: 3 0x80007dde (0x00915eb3) x29 0xfffffd62
core   0: 0x80007de2 (0x00543133) sltu    sp, s0, t0
core   0: 3 0x80007de2 (0x00543133) x 2 0x00000000
core   0: 0x80007de6 (0x01d9f2b3) and     t0, s3, t4
core   0: 3 0x80007de6 (0x01d9f2b3) x 5 0x8000fc60
core   0: 0x80007dea (0x014e3c33) sltu    s8, t3, s4
core   0: 3 0x80007dea (0x014e3c33) x24 0x00000001
core   0: 0x80007dee (0x00000b7a) c.slli  s6, 30
core   0: 3 0x80007dee (0x0b7a) x22 0x00000000
core   0: 0x80007df0 (0x00cd62b3) or      t0, s10, a2
core   0: 3 0x80007df0 (0x00cd62b3) x 5 0x00000010
core   0: 0x80007df4 (0x00000b42) c.slli  s6, 16
core   0: 3 0x80007df4 (0x0b42) x22 0x00000000
core   0: 0x80007df6 (0x00000001) c.nop
core   0: 3 0x80007df6 (0x0001)
core   0: 0x80007df8 (0x02729b33) mulh    s6, t0, t2
core   0: 3 0x80007df8 (0x02729b33) x22 0x00000000
core   0: 0x80007dfc (0x02871133) mulh    sp, a4, s0
core   0: 3 0x80007dfc (0x02871133) x 2 0x00000000
core   0: 0x80007e00 (0x027a4533) div     a0, s4, t2
core   0: 3 0x80007e00 (0x027a4533) x10 0xffffffff
core   0: 0x80007e04 (0x5eb1c513) xori    a0, gp, 1515
core   0: 3 0x80007e04 (0x5eb1c513) x10 0x000005ea
core   0: 0x80007e08 (0x001eb633) sltu    a2, t4, ra
core   0: 3 0x80007e08 (0x001eb633) x12 0x00000000
core   0: 0x80007e0c (0x98e68117) auipc   sp, 0x98e68
core   0: 3 0x80007e0c (0x98e68117) x 2 0x18e6fe0c
core   0: 0x80007e10 (0x418b82b3) sub     t0, s7, s8
core   0: 3 0x80007e10 (0x418b82b3) x 5 0xffffffff
core   0: 0x80007e14 (0x02856733) rem     a4, a0, s0
core   0: 3 0x80007e14 (0x02856733) x14 0x0000005a
core   0: 0x80007e18 (0x012c07b3) add     a5, s8, s2
core   0: 3 0x80007e18 (0x012c07b3) x15 0x3b424ddb
core   0: 0x80007e1c (0x6d333b13) sltiu   s6, t1, 1747
core   0: 3 0x80007e1c (0x6d333b13) x22 0x00000000
core   0: 0x80007e20 (0x01bd5913) srli    s2, s10, 27
core   0: 3 0x80007e20 (0x01bd5913) x18 0x00000000
core   0: 0x80007e24 (0x1e076e93) ori     t4, a4, 480
core   0: 3 0x80007e24 (0x1e076e93) x29 0x000001fa
core   0: 0x80007e28 (0x00000da1) c.addi  s11, 8
core   0: 3 0x80007e28 (0x0da1) x27 0x00000008
core   0: 0x80007e2a (0x02757133) remu    sp, a0, t2
core   0: 3 0x80007e2a (0x02757133) x 2 0x000005ea
core   0: 0x80007e2e (0x41f5df93) srai    t6, a1, 31
core   0: 3 0x80007e2e (0x41f5df93) x31 0x00000000
core   0: 0x80007e32 (0xefe6f613) andi    a2, a3, -258
core   0: 3 0x80007e32 (0xefe6f613) x12 0x00000000
core   0: 0x80007e36 (0x70638513) addi    a0, t2, 1798
core   0: 3 0x80007e36 (0x70638513) x10 0x00000706
core   0: 0x80007e3a (0x2cd9c393) xori    t2, s3, 717
core   0: 3 0x80007e3a (0x2cd9c393) x 7 0x8000fca9
core   0: 0x80007e3e (0xd7598413) addi    s0, s3, -651
core   0: 3 0x80007e3e (0xd7598413) x 8 0x8000fbd9
core   0: 0x80007e42 (0xbe780e93) addi    t4, a6, -1049
core   0: 3 0x80007e42 (0xbe780e93) x29 0xfffffbe7
core   0: 0x80007e46 (0x0224eab3) rem     s5, s1, sp
core   0: 3 0x80007e46 (0x0224eab3) x21 0x00000000
core   0: 0x80007e4a (0x013a5493) srli    s1, s4, 19
core   0: 3 0x80007e4a (0x013a5493) x 9 0x00001000
core   0: 0x80007e4e (0x00000804) c.addi4spn s1, sp, 16
core   0: 3 0x80007e4e (0x0804) x 9 0x000005fa
core   0: 0x80007e50 (0x0269d133) divu    sp, s3, t1
core   0: 3 0x80007e50 (0x0269d133) x 2 0x00000001
core   0: 0x80007e54 (0x000084b9) c.srai  s1, 14
core   0: 3 0x80007e54 (0x84b9) x 9 0x00000000
core   0: 0x80007e56 (0x01b85e33) srl     t3, a6, s11
core   0: 3 0x80007e56 (0x01b85e33) x28 0x00000000
core   0: 0x80007e5a (0x00697bb3) and     s7, s2, t1
core   0: 3 0x80007e5a (0x00697bb3) x23 0x00000000
core   0: 0x80007e5e (0x000001ed) c.addi  gp, 27
core   0: 3 0x80007e5e (0x01ed) x 3 0x0000001c
core   0: 0x80007e60 (0x012555b3) srl     a1, a0, s2
core   0: 3 0x80007e60 (0x012555b3) x11 0x00000706
core   0: 0x80007e64 (0x00368033) add     zero, a3, gp
core   0: 3 0x80007e64 (0x00368033)
core   0: 0x80007e68 (0xe93f3913) sltiu   s2, t5, -365
core   0: 3 0x80007e68 (0xe93f3913) x18 0x00000000
core   0: 0x80007e6c (0x00000a90) c.addi4spn a2, sp, 336
core   0: 3 0x80007e6c (0x0a90) x12 0x00000151
core   0: 0x80007e6e (0x00008e8a) c.mv    t4, sp
core   0: 3 0x80007e6e (0x8e8a) x29 0x00000001
core   0: 0x80007e70 (0xe8607393) andi    t2, zero, -378
core   0: 3 0x80007e70 (0xe8607393) x 7 0x00000000
core   0: 0x80007e74 (0x00008825) c.andi  s0, 9
core   0: 3 0x80007e74 (0x8825) x 8 0x00000009
core   0: 0x80007e76 (0x00009b7d) c.andi  a4, -1
core   0: 3 0x80007e76 (0x9b7d) x14 0x0000005a
core   0: 0x80007e78 (0x01b9e0b3) or      ra, s3, s11
core   0: 3 0x80007e78 (0x01b9e0b3) x 1 0x8000fe6c
core   0: 0x80007e7c (0x019c1e33) sll     t3, s8, s9
core   0: 3 0x80007e7c (0x019c1e33) x28 0x00000100
core   0: 0x80007e80 (0x007c1833) sll     a6, s8, t2
core   0: 3 0x80007e80 (0x007c1833) x16 0x00000001
core   0: 0x80007e84 (0x014378b3) and     a7, t1, s4
core   0: 3 0x80007e84 (0x014378b3) x17 0x80000000
core   0: 0x80007e88 (0x0078f6b3) and     a3, a7, t2
core   0: 3 0x80007e88 (0x0078f6b3) x13 0x00000000
core   0: 0x80007e8c (0x6e3284b7) lui     s1, 0x6e328
core   0: 3 0x80007e8c (0x6e3284b7) x 9 0x6e328000
core   0: 0x80007e90 (0xffddae93) slti    t4, s11, -3
core   0: 3 0x80007e90 (0xffddae93) x29 0x00000000
core   0: 0x80007e94 (0x00001718) c.addi4spn a4, sp, 928
core   0: 3 0x80007e94 (0x1718) x14 0x000003a1
core   0: 0x80007e96 (0x031140b3) div     ra, sp, a7
core   0: 3 0x80007e96 (0x031140b3) x 1 0x00000000
core   0: 0x80007e9a (0xbe9198b7) lui     a7, 0xbe919
core   0: 3 0x80007e9a (0xbe9198b7) x17 0xbe919000
core   0: 0x80007e9e (0xe5003417) auipc   s0, 0xe5003
core   0: 3 0x80007e9e (0xe5003417) x 8 0x6500ae9e
core   0: 0x80007ea2 (0x01330d33) add     s10, t1, s3
core   0: 3 0x80007ea2 (0x01330d33) x26 0x0000fe64
core   0: 0x80007ea6 (0x00008149) c.srli  a0, 18
core   0: 3 0x80007ea6 (0x8149) x10 0x00000000
core   0: 0x80007ea8 (0x0000717d) c.addi16sp sp, -16
core   0: 3 0x80007ea8 (0x717d) x 2 0xfffffff1
core   0: 0x80007eaa (0x010ff733) and     a4, t6, a6
core   0: 3 0x80007eaa (0x010ff733) x14 0x00000000
core   0: 0x80007eae (0x09fbf113) andi    sp, s7, 159
core   0: 3 0x80007eae (0x09fbf113) x 2 0x00000000
core   0: 0x80007eb2 (0x01ef9193) slli    gp, t6, 30
core   0: 3 0x80007eb2 (0x01ef9193) x 3 0x00000000
core   0: 0x80007eb6 (0x000061e5) c.lui   gp, 0x19
core   0: 3 0x80007eb6 (0x61e5) x 3 0x00019000
core   0: 0x80007eb8 (0x000086ed) c.srai  a3, 27
core   0: 3 0x80007eb8 (0x86ed) x13 0x00000000
core   0: 0x80007eba (0x02e1f133) remu    sp, gp, a4
core   0: 3 0x80007eba (0x02e1f133) x 2 0x00019000
core   0: 0x80007ebe (0x0319fd33) remu    s10, s3, a7
core   0: 3 0x80007ebe (0x0319fd33) x26 0x8000fe64
core   0: 0x80007ec2 (0x01b45033) srl     zero, s0, s11
core   0: 3 0x80007ec2 (0x01b45033)
core   0: 0x80007ec6 (0x00b0eab3) or      s5, ra, a1
core   0: 3 0x80007ec6 (0x00b0eab3) x21 0x00000706
core   0: 0x80007eca (0xfae46693) ori     a3, s0, -82
core   0: 3 0x80007eca (0xfae46693) x13 0xffffffbe
core   0: 0x80007ece (0x2804f593) andi    a1, s1, 640
core   0: 3 0x80007ece (0x2804f593) x11 0x00000000
core   0: 0x80007ed2 (0x21c7e593) ori     a1, a5, 540
core   0: 3 0x80007ed2 (0x21c7e593) x11 0x3b424fdf
core   0: 0x80007ed6 (0x02465b33) divu    s6, a2, tp
core   0: 3 0x80007ed6 (0x02465b33) x22 0x00000000
core   0: 0x80007eda (0x00008e71) c.and   a2, a2
core   0: 3 0x80007eda (0x8e71) x12 0x00000151
core   0: 0x80007edc (0x41ad87b3) sub     a5, s11, s10
core   0: 3 0x80007edc (0x41ad87b3) x15 0x7fff01a4
core   0: 0x80007ee0 (0x0000717d) c.addi16sp sp, -16
core   0: 3 0x80007ee0 (0x717d) x 2 0x00018ff0
core   0: 0x80007ee2 (0x01406533) or      a0, zero, s4
core   0: 3 0x80007ee2 (0x01406533) x10 0x8000fe64
core   0: 0x80007ee6 (0x005f59b3) srl     s3, t5, t0
core   0: 3 0x80007ee6 (0x005f59b3) x19 0x00000001
core   0: 0x80007eea (0x00008d55) c.or    a0, a3
core   0: 3 0x80007eea (0x8d55) x10 0xfffffffe
core   0: 0x80007eec (0x00124e33) xor     t3, tp, ra
core   0: 3 0x80007eec (0x00124e33) x28 0x80013ce4
core   0: 0x80007ef0 (0x471c6013) ori     zero, s8, 1137
core   0: 3 0x80007ef0 (0x471c6013)
core   0: 0x80007ef4 (0x00009fca) c.add   t6, s2
core   0: 3 0x80007ef4 (0x9fca) x31 0x00000000
core   0: 0x80007ef6 (0xf0d63a93) sltiu   s5, a2, -243
core   0: 3 0x80007ef6 (0xf0d63a93) x21 0x00000001
core   0: 0x80007efa (0x0150b633) sltu    a2, ra, s5
core   0: 3 0x80007efa (0x0150b633) x12 0x00000001
core   0: 0x80007efe (0x40c9dab3) sra     s5, s3, a2
core   0: 3 0x80007efe (0x40c9dab3) x21 0x00000000
core   0: 0x80007f02 (0x01db97b3) sll     a5, s7, t4
core   0: 3 0x80007f02 (0x01db97b3) x15 0x00000000
core   0: 0x80007f06 (0x0123d433) srl     s0, t2, s2
core   0: 3 0x80007f06 (0x0123d433) x 8 0x00000000
core   0: 0x80007f0a (0x01b97d33) and     s10, s2, s11
core   0: 3 0x80007f0a (0x01b97d33) x26 0x00000000
core   0: 0x80007f0e (0x0000717d) c.addi16sp sp, -16
core   0: 3 0x80007f0e (0x717d) x 2 0x00018fe0
core   0: 0x80007f10 (0x000096de) c.add   a3, s7
core   0: 3 0x80007f10 (0x96de) x13 0xffffffbe
core   0: 0x80007f12 (0x03f279b3) remu    s3, tp, t6
core   0: 3 0x80007f12 (0x03f279b3) x19 0x80013ce4
core   0: 0x80007f16 (0x91cd4c93) xori    s9, s10, -1764
core   0: 3 0x80007f16 (0x91cd4c93) x25 0xfffff91c
core   0: 0x80007f1a (0x65f82113) slti    sp, a6, 1631
core   0: 3 0x80007f1a (0x65f82113) x 2 0x00000001
core   0: 0x80007f1e (0x0c0a6b93) ori     s7, s4, 192
core   0: 3 0x80007f1e (0x0c0a6b93) x23 0x8000fee4
core   0: 0x80007f22 (0x06a7ac93) slti    s9, a5, 106
core   0: 3 0x80007f22 (0x06a7ac93) x25 0x00000001
core   0: 0x80007f26 (0x00d31293) slli    t0, t1, 13
core   0: 3 0x80007f26 (0x00d31293) x 5 0x00000000
core   0: 0x80007f2a (0x01191e93) slli    t4, s2, 17
core   0: 3 0x80007f2a (0x01191e93) x29 0x00000000
core   0: 0x80007f2e (0x003c6133) or      sp, s8, gp
core   0: 3 0x80007f2e (0x003c6133) x 2 0x00019001
core   0: 0x80007f32 (0x40718f33) sub     t5, gp, t2
core   0: 3 0x80007f32 (0x40718f33) x30 0x00019000
core   0: 0x80007f36 (0x00008c59) c.or    s0, a4
core   0: 3 0x80007f36 (0x8c59) x 8 0x00000000
core   0: 0x80007f38 (0x030d1133) mulh    sp, s10, a6
core   0: 3 0x80007f38 (0x030d1133) x 2 0x00000000
core   0: 0x80007f3c (0x01995d93) srli    s11, s2, 25
core   0: 3 0x80007f3c (0x01995d93) x27 0x00000000
core   0: 0x80007f40 (0x022118b3) mulh    a7, sp, sp
core   0: 3 0x80007f40 (0x022118b3) x17 0x00000000
core   0: 0x80007f44 (0x02936433) rem     s0, t1, s1
core   0: 3 0x80007f44 (0x02936433) x 8 0xee328000
core   0: 0x80007f48 (0xb9846d13) ori     s10, s0, -1128
core   0: 3 0x80007f48 (0xb9846d13) x26 0xfffffb98
core   0: 0x80007f4c (0xe16ab613) sltiu   a2, s5, -490
core   0: 3 0x80007f4c (0xe16ab613) x12 0x00000001
core   0: 0x80007f50 (0x0000807d) c.srli  s0, 31
core   0: 3 0x80007f50 (0x807d) x 8 0x00000001
core   0: 0x80007f52 (0x4080f813) andi    a6, ra, 1032
core   0: 3 0x80007f52 (0x4080f813) x16 0x00000000
core   0: 0x80007f56 (0x02cf4133) div     sp, t5, a2
core   0: 3 0x80007f56 (0x02cf4133) x 2 0x00019000
core   0: 0x80007f5a (0x00e69c13) slli    s8, a3, 14
core   0: 3 0x80007f5a (0x00e69c13) x24 0xffef8000
core   0: 0x80007f5e (0x00008d19) c.sub   a0, a4
core   0: 3 0x80007f5e (0x8d19) x10 0xfffffffe
core   0: 0x80007f60 (0x02ad1833) mulh    a6, s10, a0
core   0: 3 0x80007f60 (0x02ad1833) x16 0x00000000
core   0: 0x80007f64 (0x00179033) sll     zero, a5, ra
core   0: 3 0x80007f64 (0x00179033)
core   0: 0x80007f68 (0x4285dc97) auipc   s9, 0x4285d
core   0: 3 0x80007f68 (0x4285dc97) x25 0xc2864f68
core   0: 0x80007f6c (0x74111117) auipc   sp, 0x74111
core   0: 3 0x80007f6c (0x74111117) x 2 0xf4118f6c
core   0: 0x80007f70 (0x0196c3b3) xor     t2, a3, s9
core   0: 3 0x80007f70 (0x0196c3b3) x 7 0x3d79b0d6
core   0: 0x80007f74 (0x02e22cb3) mulhsu  s9, tp, a4
core   0: 3 0x80007f74 (0x02e22cb3) x25 0x00000000
core   0: 0x80007f78 (0x000009f9) c.addi  s3, 30
core   0: 3 0x80007f78 (0x09f9) x19 0x80013d02
core   0: 0x80007f7a (0x407c8033) sub     zero, s9, t2
core   0: 3 0x80007f7a (0x407c8033)
core   0: 0x80007f7e (0x00009b7d) c.andi  a4, -1
core   0: 3 0x80007f7e (0x9b7d) x14 0x00000000
core   0: 0x80007f80 (0x000064b5) c.lui   s1, 0xd
core   0: 3 0x80007f80 (0x64b5) x 9 0x0000d000
core   0: 0x80007f82 (0xcb1c68b7) lui     a7, 0xcb1c6
core   0: 3 0x80007f82 (0xcb1c68b7) x17 0xcb1c6000
core   0: 0x80007f86 (0x00000001) c.nop
core   0: 3 0x80007f86 (0x0001)
core   0: 0x80007f88 (0x01944133) xor     sp, s0, s9
core   0: 3 0x80007f88 (0x01944133) x 2 0x00000001
core   0: 0x80007f8c (0x01f5dc33) srl     s8, a1, t6
core   0: 3 0x80007f8c (0x01f5dc33) x24 0x3b424fdf
core   0: 0x80007f90 (0x00006149) c.addi16sp sp, 144
core   0: 3 0x80007f90 (0x6149) x 2 0x00000091
core   0: 0x80007f92 (0x02358e33) mul     t3, a1, gp
core   0: 3 0x80007f92 (0x02358e33) x28 0x9ccc7000
core   0: 0x80007f96 (0x01df4eb3) xor     t4, t5, t4
core   0: 3 0x80007f96 (0x01df4eb3) x29 0x00019000
core   0: 0x80007f9a (0x02652bb3) mulhsu  s7, a0, t1
core   0: 3 0x80007f9a (0x02652bb3) x23 0xffffffff
core   0: 0x80007f9e (0x0000867d) c.srai  a2, 31
core   0: 3 0x80007f9e (0x867d) x12 0x00000000
core   0: 0x80007fa0 (0x00f8b4b3) sltu    s1, a7, a5
core   0: 3 0x80007fa0 (0x00f8b4b3) x 9 0x00000000
core   0: 0x80007fa4 (0x00911393) slli    t2, sp, 9
core   0: 3 0x80007fa4 (0x00911393) x 7 0x00012200
core   0: 0x80007fa8 (0x00008fe1) c.and   a5, s0
core   0: 3 0x80007fa8 (0x8fe1) x15 0x00000000
core   0: 0x80007faa (0x919f6093) ori     ra, t5, -1767
core   0: 3 0x80007faa (0x919f6093) x 1 0xfffff919
core   0: 0x80007fae (0x00008c4e) c.mv    s8, s3
core   0: 3 0x80007fae (0x8c4e) x24 0x80013d02
core   0: 0x80007fb0 (0x00000001) c.nop
core   0: 3 0x80007fb0 (0x0001)
core   0: 0x80007fb2 (0x415dd393) srai    t2, s11, 21
core   0: 3 0x80007fb2 (0x415dd393) x 7 0x00000000
core   0: 0x80007fb6 (0x00009b66) c.add   s6, s9
core   0: 3 0x80007fb6 (0x9b66) x22 0x00000000
core   0: 0x80007fb8 (0x00000001) c.nop
core   0: 3 0x80007fb8 (0x0001)
core   0: 0x80007fba (0x1d4c8993) addi    s3, s9, 468
core   0: 3 0x80007fba (0x1d4c8993) x19 0x000001d4
core   0: 0x80007fbe (0x01f091b3) sll     gp, ra, t6
core   0: 3 0x80007fbe (0x01f091b3) x 3 0xfffff919
core   0: 0x80007fc2 (0x40570533) sub     a0, a4, t0
core   0: 3 0x80007fc2 (0x40570533) x10 0x00000000
core   0: 0x80007fc6 (0x02c6ce33) div     t3, a3, a2
core   0: 3 0x80007fc6 (0x02c6ce33) x28 0xffffffff
core   0: 0x80007fca (0x02aa9cb3) mulh    s9, s5, a0
core   0: 3 0x80007fca (0x02aa9cb3) x25 0x00000000
core   0: 0x80007fce (0x024eb8b3) mulhu   a7, t4, tp
core   0: 3 0x80007fce (0x024eb8b3) x17 0x0000c801
core   0: 0x80007fd2 (0x035a6c33) rem     s8, s4, s5
core   0: 3 0x80007fd2 (0x035a6c33) x24 0x8000fe64
core   0: 0x80007fd6 (0x02cc46b3) div     a3, s8, a2
core   0: 3 0x80007fd6 (0x02cc46b3) x13 0xffffffff
core   0: 0x80007fda (0x0000861e) c.mv    a2, t2
core   0: 3 0x80007fda (0x861e) x12 0x00000000
core   0: 0x80007fdc (0xd413e2b7) lui     t0, 0xd413e
core   0: 3 0x80007fdc (0xd413e2b7) x 5 0xd413e000
core   0: 0x80007fe0 (0x0074e133) or      sp, s1, t2
core   0: 3 0x80007fe0 (0x0074e133) x 2 0x00000000
core   0: 0x80007fe4 (0x00008161) c.srli  a0, 24
core   0: 3 0x80007fe4 (0x8161) x10 0x00000000
core   0: 0x80007fe6 (0x000069e9) c.lui   s3, 0x1a
core   0: 3 0x80007fe6 (0x69e9) x19 0x0001a000
core   0: 0x80007fe8 (0x01a546b3) xor     a3, a0, s10
core   0: 3 0x80007fe8 (0x01a546b3) x13 0xfffffb98
core   0: 0x80007fec (0x00000156) c.slli  sp, 21
core   0: 3 0x80007fec (0x0156) x 2 0x00000000
core   0: 0x80007fee (0x00008ca1) c.xor   s1, s0
core   0: 3 0x80007fee (0x8ca1) x 9 0x00000001
core   0: 0x80007ff0 (0x0000717d) c.addi16sp sp, -16
core   0: 3 0x80007ff0 (0x717d) x 2 0xfffffff0
core   0: 0x80007ff2 (0x00008105) c.srli  a0, 1
core   0: 3 0x80007ff2 (0x8105) x10 0x00000000
core   0: 0x80007ff4 (0x00008f4d) c.or    a4, a1
core   0: 3 0x80007ff4 (0x8f4d) x14 0x3b424fdf
core   0: 0x80007ff6 (0x00000001) c.nop
core   0: 3 0x80007ff6 (0x0001)
core   0: 0x80007ff8 (0x01bfecb3) or      s9, t6, s11
core   0: 3 0x80007ff8 (0x01bfecb3) x25 0x00000000
core   0: 0x80007ffc (0x4089d5b3) sra     a1, s3, s0
core   0: 3 0x80007ffc (0x4089d5b3) x11 0x0000d000
core   0: 0x80008000 (0x0169bd33) sltu    s10, s3, s6
core   0: 3 0x80008000 (0x0169bd33) x26 0x00000000
core   0: 0x80008004 (0x01e9deb3) srl     t4, s3, t5
core   0: 3 0x80008004 (0x01e9deb3) x29 0x0001a000
core   0: 0x80008008 (0x00008d11) c.sub   a0, a2
core   0: 3 0x80008008 (0x8d11) x10 0x00000000
core   0: 0x8000800a (0x0000717d) c.addi16sp sp, -16
core   0: 3 0x8000800a (0x717d) x 2 0xffffffe0
core   0: 0x8000800c (0x013746b3) xor     a3, a4, s3
core   0: 3 0x8000800c (0x013746b3) x13 0x3b43efdf
core   0: 0x80008010 (0x00000001) c.nop
core   0: 3 0x80008010 (0x0001)
core   0: 0x80008012 (0x037031b3) mulhu   gp, zero, s7
core   0: 3 0x80008012 (0x037031b3) x 3 0x00000000
core   0: 0x80008016 (0xbd4f4293) xori    t0, t5, -1068
core   0: 3 0x80008016 (0xbd4f4293) x 5 0xfffe6bd4
core   0: 0x8000801a (0x40775093) srai    ra, a4, 7
core   0: 3 0x8000801a (0x40775093) x 1 0x0076849f
core   0: 0x8000801e (0x401cdc33) sra     s8, s9, ra
core   0: 3 0x8000801e (0x401cdc33) x24 0x00000000
core   0: 0x80008022 (0x00000aa2) c.slli  s5, 8
core   0: 3 0x80008022 (0x0aa2) x21 0x00000000
core   0: 0x80008024 (0x02c753b3) divu    t2, a4, a2
core   0: 3 0x80008024 (0x02c753b3) x 7 0xffffffff
core   0: 0x80008028 (0x98deab13) slti    s6, t4, -1651
core   0: 3 0x80008028 (0x98deab13) x22 0x00000000
core   0: 0x8000802c (0x0000187d) c.addi  a6, -1
core   0: 3 0x8000802c (0x187d) x16 0xffffffff
core   0: 0x8000802e (0x00004ccd) c.li    s9, 19
core   0: 3 0x8000802e (0x4ccd) x25 0x00000013
core   0: 0x80008030 (0x00006b29) c.lui   s6, 0xa
core   0: 3 0x80008030 (0x6b29) x22 0x0000a000
core   0: 0x80008032 (0x02abaeb3) mulhsu  t4, s7, a0
core   0: 3 0x80008032 (0x02abaeb3) x29 0x00000000
core   0: 0x80008036 (0x03a5ac33) mulhsu  s8, a1, s10
core   0: 3 0x80008036 (0x03a5ac33) x24 0x00000000
core   0: 0x8000803a (0x00230533) add     a0, t1, sp
core   0: 3 0x8000803a (0x00230533) x10 0x7fffffe0
core   0: 0x8000803e (0x456f2013) slti    zero, t5, 1110
core   0: 3 0x8000803e (0x456f2013)
core   0: 0x80008042 (0x034ab633) mulhu   a2, s5, s4
core   0: 3 0x80008042 (0x034ab633) x12 0x00000000
core   0: 0x80008046 (0x3fdfe597) auipc   a1, 0x3fdfe
core   0: 3 0x80008046 (0x3fdfe597) x11 0xbfe06046
core   0: 0x8000804a (0x03e518b3) mulh    a7, a0, t5
core   0: 3 0x8000804a (0x03e518b3) x17 0x0000c7ff
core   0: 0x8000804e (0x10c7cb13) xori    s6, a5, 268
core   0: 3 0x8000804e (0x10c7cb13) x22 0x0000010c
core   0: 0x80008052 (0x00008f29) c.xor   a4, a0
core   0: 3 0x80008052 (0x8f29) x14 0x44bdb03f
core   0: 0x80008054 (0x2c20f593) andi    a1, ra, 706
core   0: 3 0x80008054 (0x2c20f593) x11 0x00000082
core   0: 0x80008058 (0x00cd5f93) srli    t6, s10, 12
core   0: 3 0x80008058 (0x00cd5f93) x31 0x00000000
core   0: 0x8000805c (0x005a5db3) srl     s11, s4, t0
core   0: 3 0x8000805c (0x005a5db3) x27 0x00000800
core   0: 0x80008060 (0x038e72b3) remu    t0, t3, s8
core   0: 3 0x80008060 (0x038e72b3) x 5 0xffffffff
core   0: 0x80008064 (0x00008b61) c.andi  a4, 24
core   0: 3 0x80008064 (0x8b61) x14 0x00000018
core   0: 0x80008066 (0x00000001) c.nop
core   0: 3 0x80008066 (0x0001)
core   0: 0x80008068 (0x00006fd1) c.lui   t6, 0x14
core   0: 3 0x80008068 (0x6fd1) x31 0x00014000
core   0: 0x8000806a (0x01b5d013) srli    zero, a1, 27
core   0: 3 0x8000806a (0x01b5d013)
core   0: 0x8000806e (0x03854933) div     s2, a0, s8
core   0: 3 0x8000806e (0x03854933) x18 0xffffffff
core   0: 0x80008072 (0x02aa5cb3) divu    s9, s4, a0
core   0: 3 0x80008072 (0x02aa5cb3) x25 0x00000001
core   0: 0x80008076 (0x03aa16b3) mulh    a3, s4, s10
core   0: 3 0x80008076 (0x03aa16b3) x13 0x00000000
core   0: 0x8000807a (0x00008dc1) c.or    a1, s0
core   0: 3 0x8000807a (0x8dc1) x11 0x00000083
core   0: 0x8000807c (0x000fd793) srli    a5, t6, 0
core   0: 3 0x8000807c (0x000fd793) x15 0x00014000
core   0: 0x80008080 (0x0000597d) c.li    s2, -1
core   0: 3 0x80008080 (0x597d) x18 0xffffffff
core   0: 0x80008082 (0x013dd293) srli    t0, s11, 19
core   0: 3 0x80008082 (0x013dd293) x 5 0x00000000
core   0: 0x80008086 (0x000087d1) c.srai  a5, 20
core   0: 3 0x80008086 (0x87d1) x15 0x00000000
core   0: 0x80008088 (0x40030133) sub     sp, t1, zero
core   0: 3 0x80008088 (0x40030133) x 2 0x80000000
core   0: 0x8000808c (0x017bc1b3) xor     gp, s7, s7
core   0: 3 0x8000808c (0x017bc1b3) x 3 0x00000000
core   0: 0x80008090 (0x00005cfd) c.li    s9, -1
core   0: 3 0x80008090 (0x5cfd) x25 0xffffffff
core   0: 0x80008092 (0x40cc57b3) sra     a5, s8, a2
core   0: 3 0x80008092 (0x40cc57b3) x15 0x00000000
core   0: 0x80008096 (0x00008699) c.srai  a3, 6
core   0: 3 0x80008096 (0x8699) x13 0x00000000
core   0: 0x80008098 (0x000083e5) c.srli  a5, 25
core   0: 3 0x80008098 (0x83e5) x15 0x00000000
core   0: 0x8000809a (0x413d5d13) srai    s10, s10, 19
core   0: 3 0x8000809a (0x413d5d13) x26 0x00000000
core   0: 0x8000809e (0x8cbbf293) andi    t0, s7, -1845
core   0: 3 0x8000809e (0x8cbbf293) x 5 0xfffff8cb
core   0: 0x800080a2 (0x1ec8b097) auipc   ra, 0x1ec8b
core   0: 3 0x800080a2 (0x1ec8b097) x 1 0x9ec930a2
core   0: 0x800080a6 (0x01852833) slt     a6, a0, s8
core   0: 3 0x800080a6 (0x01852833) x16 0x00000000
core   0: 0x800080aa (0x00000001) c.nop
core   0: 3 0x800080aa (0x0001)
core   0: 0x800080ac (0x99c5c613) xori    a2, a1, -1636
core   0: 3 0x800080ac (0x99c5c613) x12 0xfffff91f
core   0: 0x800080b0 (0x000011fd) c.addi  gp, -1
core   0: 3 0x800080b0 (0x11fd) x 3 0xffffffff
core   0: 0x800080b2 (0x00000fbe) c.slli  t6, 15
core   0: 3 0x800080b2 (0x0fbe) x31 0xa0000000
core   0: 0x800080b4 (0x005622b3) slt     t0, a2, t0
core   0: 3 0x800080b4 (0x005622b3) x 5 0x00000000
core   0: 0x800080b8 (0x02da76b3) remu    a3, s4, a3
core   0: 3 0x800080b8 (0x02da76b3) x13 0x8000fe64
core   0: 0x800080bc (0x00e2c7b3) xor     a5, t0, a4
core   0: 3 0x800080bc (0x00e2c7b3) x15 0x00000018
core   0: 0x800080c0 (0x000080dd) c.srli  s1, 23
core   0: 3 0x800080c0 (0x80dd) x 9 0x00000000
core   0: 0x800080c2 (0x022ba8b3) mulhsu  a7, s7, sp
core   0: 3 0x800080c2 (0x022ba8b3) x17 0xffffffff
core   0: 0x800080c6 (0x02e57533) remu    a0, a0, a4
core   0: 3 0x800080c6 (0x02e57533) x10 0x00000000
core   0: 0x800080ca (0x001dfd33) and     s10, s11, ra
core   0: 3 0x800080ca (0x001dfd33) x26 0x00000000
core   0: 0x800080ce (0xd782b593) sltiu   a1, t0, -648
core   0: 3 0x800080ce (0xd782b593) x11 0x00000001
core   0: 0x800080d2 (0x3f017993) andi    s3, sp, 1008
core   0: 3 0x800080d2 (0x3f017993) x19 0x00000000
core   0: 0x800080d6 (0x00008142) c.mv    sp, a6
core   0: 3 0x800080d6 (0x8142) x 2 0x00000000
core   0: 0x800080d8 (0x00008b21) c.andi  a4, 8
core   0: 3 0x800080d8 (0x8b21) x14 0x00000008
core   0: 0x800080da (0x00008f31) c.xor   a4, a2
core   0: 3 0x800080da (0x8f31) x14 0xfffff917
core   0: 0x800080dc (0x016c5513) srli    a0, s8, 22
core   0: 3 0x800080dc (0x016c5513) x10 0x00000000
core   0: 0x800080e0 (0x028c72b3) remu    t0, s8, s0
core   0: 3 0x800080e0 (0x028c72b3) x 5 0x00000000
core   0: 0x800080e4 (0x00008f85) c.sub   a5, s1
core   0: 3 0x800080e4 (0x8f85) x15 0x00000018
core   0: 0x800080e6 (0x00008fd5) c.or    a5, a3
core   0: 3 0x800080e6 (0x8fd5) x15 0x8000fe7c
core   0: 0x800080e8 (0x02112e33) mulhsu  t3, sp, ra
core   0: 3 0x800080e8 (0x02112e33) x28 0x00000000
core   0: 0x800080ec (0x002babb3) slt     s7, s7, sp
core   0: 3 0x800080ec (0x002babb3) x23 0x00000001
core   0: 0x800080f0 (0xa6c44113) xori    sp, s0, -1428
core   0: 3 0x800080f0 (0xa6c44113) x 2 0xfffffa6d
core   0: 0x800080f4 (0x00000001) c.nop
core   0: 3 0x800080f4 (0x0001)
core   0: 0x800080f6 (0x000098c6) c.add   a7, a7
core   0: 3 0x800080f6 (0x98c6) x17 0xfffffffe
core   0: 0x800080f8 (0x00000001) c.nop
core   0: 3 0x800080f8 (0x0001)
core   0: 0x800080fa (0x028f4e33) div     t3, t5, s0
core   0: 3 0x800080fa (0x028f4e33) x28 0x00019000
core   0: 0x800080fe (0x00008bd2) c.mv    s7, s4
core   0: 3 0x800080fe (0x8bd2) x23 0x8000fe64
core   0: 0x80008100 (0x03467813) andi    a6, a2, 52
core   0: 3 0x80008100 (0x03467813) x16 0x00000014
core   0: 0x80008104 (0x00008d61) c.and   a0, s0
core   0: 3 0x80008104 (0x8d61) x10 0x00000000
core   0: 0x80008106 (0x0bf6beb7) lui     t4, 0xbf6b
core   0: 3 0x80008106 (0x0bf6beb7) x29 0x0bf6b000
core   0: 0x8000810a (0x00009196) c.add   gp, t0
core   0: 3 0x8000810a (0x9196) x 3 0xffffffff
core   0: 0x8000810c (0x02d8a533) mulhsu  a0, a7, a3
core   0: 3 0x8000810c (0x02d8a533) x10 0xfffffffe
core   0: 0x80008110 (0x01e34933) xor     s2, t1, t5
core   0: 3 0x80008110 (0x01e34933) x18 0x80019000
core   0: 0x80008114 (0x0286e6b3) rem     a3, a3, s0
core   0: 3 0x80008114 (0x0286e6b3) x13 0x00000000
core   0: 0x80008118 (0x01c91713) slli    a4, s2, 28
core   0: 3 0x80008118 (0x01c91713) x14 0x00000000
core   0: 0x8000811c (0x190a0d93) addi    s11, s4, 400
core   0: 3 0x8000811c (0x190a0d93) x27 0x8000fff4
core   0: 0x80008120 (0x41340d33) sub     s10, s0, s3
core   0: 3 0x80008120 (0x41340d33) x26 0x00000001
core   0: 0x80008124 (0x008d9133) sll     sp, s11, s0
core   0: 3 0x80008124 (0x008d9133) x 2 0x0001ffe8
core   0: 0x80008128 (0x40035e93) srai    t4, t1, 0
core   0: 3 0x80008128 (0x40035e93) x29 0x80000000
core   0: 0x8000812c (0x000096a2) c.add   a3, s0
core   0: 3 0x8000812c (0x96a2) x13 0x00000001
core   0: 0x8000812e (0x00008051) c.srli  s0, 20
core   0: 3 0x8000812e (0x8051) x 8 0x00000000
core   0: 0x80008130 (0x00ce9133) sll     sp, t4, a2
core   0: 3 0x80008130 (0x00ce9133) x 2 0x00000000
core   0: 0x80008134 (0x000080b6) c.mv    ra, a3
core   0: 3 0x80008134 (0x80b6) x 1 0x00000001
core   0: 0x80008136 (0x015c1cb3) sll     s9, s8, s5
core   0: 3 0x80008136 (0x015c1cb3) x25 0x00000000
core   0: 0x8000813a (0x00008f19) c.sub   a4, a4
core   0: 3 0x8000813a (0x8f19) x14 0x00000000
core   0: 0x8000813c (0x032a45b3) div     a1, s4, s2
core   0: 3 0x8000813c (0x032a45b3) x11 0x00000001
core   0: 0x80008140 (0x00266633) or      a2, a2, sp
core   0: 3 0x80008140 (0x00266633) x12 0xfffff91f
core   0: 0x80008144 (0x00008475) c.srai  s0, 29
core   0: 3 0x80008144 (0x8475) x 8 0x00000000
core   0: 0x80008146 (0x00786b33) or      s6, a6, t2
core   0: 3 0x80008146 (0x00786b33) x22 0xffffffff
core   0: 0x8000814a (0x00097533) and     a0, s2, zero
core   0: 3 0x8000814a (0x00097533) x10 0x00000000
core   0: 0x8000814e (0x00321093) slli    ra, tp, 3
core   0: 3 0x8000814e (0x00321093) x 1 0x0009e720
core   0: 0x80008152 (0xc9af8913) addi    s2, t6, -870
core   0: 3 0x80008152 (0xc9af8913) x18 0x9ffffc9a
core   0: 0x80008156 (0x03a9dc33) divu    s8, s3, s10
core   0: 3 0x80008156 (0x03a9dc33) x24 0x00000000
core   0: 0x8000815a (0x0000096d) c.addi  s2, 27
core   0: 3 0x8000815a (0x096d) x18 0x9ffffcb5
core   0: 0x8000815c (0xd3e20c13) addi    s8, tp, -706
core   0: 3 0x8000815c (0xd3e20c13) x24 0x80013a22
core   0: 0x80008160 (0x02938bb3) mul     s7, t2, s1
core   0: 3 0x80008160 (0x02938bb3) x23 0x00000000
core   0: 0x80008164 (0x000002a2) c.slli  t0, 8
core   0: 3 0x80008164 (0x02a2) x 5 0x00000000
core   0: 0x80008166 (0x020c8833) mul     a6, s9, zero
core   0: 3 0x80008166 (0x020c8833) x16 0x00000000
core   0: 0x8000816a (0x01023c33) sltu    s8, tp, a6
core   0: 3 0x8000816a (0x01023c33) x24 0x00000000
core   0: 0x8000816e (0xe8283437) lui     s0, 0xe8283
core   0: 3 0x8000816e (0xe8283437) x 8 0xe8283000
core   0: 0x80008172 (0x00006fa5) c.lui   t6, 0x9
core   0: 3 0x80008172 (0x6fa5) x31 0x00009000
core   0: 0x80008174 (0xcaff4193) xori    gp, t5, -849
core   0: 3 0x80008174 (0xcaff4193) x 3 0xfffe6caf
core   0: 0x80008178 (0x00008fb1) c.xor   a5, a2
core   0: 3 0x80008178 (0x8fb1) x15 0x7fff0763
core   0: 0x8000817a (0xb5a2f513) andi    a0, t0, -1190
core   0: 3 0x8000817a (0xb5a2f513) x10 0x00000000
core   0: 0x8000817e (0x03f9aab3) mulhsu  s5, s3, t6
core   0: 3 0x8000817e (0x03f9aab3) x21 0x00000000
core   0: 0x80008182 (0x00008fc9) c.or    a5, a0
core   0: 3 0x80008182 (0x8fc9) x15 0x7fff0763
core   0: 0x80008184 (0x00008f8e) c.mv    t6, gp
core   0: 3 0x80008184 (0x8f8e) x31 0xfffe6caf
core   0: 0x80008186 (0x00348933) add     s2, s1, gp
core   0: 3 0x80008186 (0x00348933) x18 0xfffe6caf
core   0: 0x8000818a (0x00000f04) c.addi4spn s1, sp, 912
core   0: 3 0x8000818a (0x0f04) x 9 0x00000390
core   0: 0x8000818c (0x03c0b033) mulhu   zero, ra, t3
core   0: 3 0x8000818c (0x03c0b033)
core   0: 0x80008190 (0x00a01893) slli    a7, zero, 10
core   0: 3 0x80008190 (0x00a01893) x17 0x00000000
core   0: 0x80008194 (0x2aeab913) sltiu   s2, s5, 686
core   0: 3 0x80008194 (0x2aeab913) x18 0x00000001
core   0: 0x80008198 (0x40495913) srai    s2, s2, 4
core   0: 3 0x80008198 (0x40495913) x18 0x00000000
core   0: 0x8000819c (0x02a11b33) mulh    s6, sp, a0
core   0: 3 0x8000819c (0x02a11b33) x22 0x00000000
core   0: 0x800081a0 (0x011149b3) xor     s3, sp, a7
core   0: 3 0x800081a0 (0x011149b3) x19 0x00000000
core   0: 0x800081a4 (0x00008d99) c.sub   a1, a4
core   0: 3 0x800081a4 (0x8d99) x11 0x00000001
core   0: 0x800081a6 (0x89c20737) lui     a4, 0x89c20
core   0: 3 0x800081a6 (0x89c20737) x14 0x89c20000
core   0: 0x800081aa (0x02a568b3) rem     a7, a0, a0
core   0: 3 0x800081aa (0x02a568b3) x17 0x00000000
core   0: 0x800081ae (0x00008c3d) c.xor   s0, a5
core   0: 3 0x800081ae (0x8c3d) x 8 0x97d73763
core   0: 0x800081b0 (0x404e5533) sra     a0, t3, tp
core   0: 3 0x800081b0 (0x404e5533) x10 0x00001900
core   0: 0x800081b4 (0x03584893) xori    a7, a6, 53
core   0: 3 0x800081b4 (0x03584893) x17 0x00000035
core   0: 0x800081b8 (0x0245ddb3) divu    s11, a1, tp
core   0: 3 0x800081b8 (0x0245ddb3) x27 0x00000000
core   0: 0x800081bc (0x03073933) mulhu   s2, a4, a6
core   0: 3 0x800081bc (0x03073933) x18 0x00000000
core   0: 0x800081c0 (0x41e95b93) srai    s7, s2, 30
core   0: 3 0x800081c0 (0x41e95b93) x23 0x00000000
core   0: 0x800081c4 (0x00005cfd) c.li    s9, -1
core   0: 3 0x800081c4 (0x5cfd) x25 0xffffffff
core   0: 0x800081c6 (0x00000001) c.nop
core   0: 3 0x800081c6 (0x0001)
core   0: 0x800081c8 (0x41d35bb3) sra     s7, t1, t4
core   0: 3 0x800081c8 (0x41d35bb3) x23 0x80000000
core   0: 0x800081cc (0x029ffab3) remu    s5, t6, s1
core   0: 3 0x800081cc (0x029ffab3) x21 0x000002af
core   0: 0x800081d0 (0x00008876) c.mv    a6, t4
core   0: 3 0x800081d0 (0x8876) x16 0x80000000
core   0: 0x800081d2 (0x00008ec5) c.or    a3, s1
core   0: 3 0x800081d2 (0x8ec5) x13 0x00000391
core   0: 0x800081d4 (0x037439b3) mulhu   s3, s0, s7
core   0: 3 0x800081d4 (0x037439b3) x19 0x4beb9bb1
core   0: 0x800081d8 (0x0331d1b3) divu    gp, gp, s3
core   0: 3 0x800081d8 (0x0331d1b3) x 3 0x00000003
core   0: 0x800081dc (0x40f4d733) sra     a4, s1, a5
core   0: 3 0x800081dc (0x40f4d733) x14 0x00000072
core   0: 0x800081e0 (0x03b11eb3) mulh    t4, sp, s11
core   0: 3 0x800081e0 (0x03b11eb3) x29 0x00000000
core   0: 0x800081e4 (0x00000001) c.nop
core   0: 3 0x800081e4 (0x0001)
core   0: 0x800081e6 (0x40fd83b3) sub     t2, s11, a5
core   0: 3 0x800081e6 (0x40fd83b3) x 7 0x8000f89d
core   0: 0x800081ea (0x01bd5d33) srl     s10, s10, s11
core   0: 3 0x800081ea (0x01bd5d33) x26 0x00000001
core   0: 0x800081ee (0x00ec39b3) sltu    s3, s8, a4
core   0: 3 0x800081ee (0x00ec39b3) x19 0x00000001
core   0: 0x800081f2 (0x3f697593) andi    a1, s2, 1014
core   0: 3 0x800081f2 (0x3f697593) x11 0x00000000
core   0: 0x800081f6 (0x364e7113) andi    sp, t3, 868
core   0: 3 0x800081f6 (0x364e7113) x 2 0x00000000
core   0: 0x800081fa (0x02408ab3) mul     s5, ra, tp
core   0: 3 0x800081fa (0x02408ab3) x21 0x421d5880
core   0: 0x800081fe (0x47198c37) lui     s8, 0x47198
core   0: 3 0x800081fe (0x47198c37) x24 0x47198000
core   0: 0x80008202 (0x00000001) c.nop
core   0: 3 0x80008202 (0x0001)
core   0: 0x80008204 (0x03326fb3) rem     t6, tp, s3
core   0: 3 0x80008204 (0x03326fb3) x31 0x00000000
core   0: 0x80008208 (0x1c4cbf93) sltiu   t6, s9, 452
core   0: 3 0x80008208 (0x1c4cbf93) x31 0x00000000
core   0: 0x8000820c (0x02b190b3) mulh    ra, gp, a1
core   0: 3 0x8000820c (0x02b190b3) x 1 0x00000000
core   0: 0x80008210 (0x0157b033) sltu    zero, a5, s5
core   0: 3 0x80008210 (0x0157b033)
core   0: 0x80008214 (0xb4daaa93) slti    s5, s5, -1203
core   0: 3 0x80008214 (0xb4daaa93) x21 0x00000000
core   0: 0x80008218 (0x000086cd) c.srai  a3, 19
core   0: 3 0x80008218 (0x86cd) x13 0x00000000
core   0: 0x8000821a (0x02042b33) mulhsu  s6, s0, zero
core   0: 3 0x8000821a (0x02042b33) x22 0x00000000
core   0: 0x8000821e (0x6c998393) addi    t2, s3, 1737
core   0: 3 0x8000821e (0x6c998393) x 7 0x000006ca
core   0: 0x80008222 (0x01905d13) srli    s10, zero, 25
core   0: 3 0x80008222 (0x01905d13) x26 0x00000000
core   0: 0x80008226 (0x00008e59) c.or    a2, a4
core   0: 3 0x80008226 (0x8e59) x12 0xfffff97f
core   0: 0x80008228 (0x8843c793) xori    a5, t2, -1916
core   0: 3 0x80008228 (0x8843c793) x15 0xfffffe4e
core   0: 0x8000822c (0x03685e33) divu    t3, a6, s6
core   0: 3 0x8000822c (0x03685e33) x28 0xffffffff
core   0: 0x80008230 (0x02a522b3) mulhsu  t0, a0, a0
core   0: 3 0x80008230 (0x02a522b3) x 5 0x00000000
core   0: 0x80008234 (0xc08ca9b7) lui     s3, 0xc08ca
core   0: 3 0x80008234 (0xc08ca9b7) x19 0xc08ca000
core   0: 0x80008238 (0x000094ce) c.add   s1, s3
core   0: 3 0x80008238 (0x94ce) x 9 0xc08ca390
core   0: 0x8000823a (0x00006fd1) c.lui   t6, 0x14
core   0: 3 0x8000823a (0x6fd1) x31 0x00014000
core   0: 0x8000823c (0x011600b3) add     ra, a2, a7
core   0: 3 0x8000823c (0x011600b3) x 1 0xfffff9b4
core   0: 0x80008240 (0x00008891) c.andi  s1, 4
core   0: 3 0x80008240 (0x8891) x 9 0x00000000
core   0: 0x80008242 (0x0025a633) slt     a2, a1, sp
core   0: 3 0x80008242 (0x0025a633) x12 0x00000000
core   0: 0x80008246 (0x00001818) c.addi4spn a4, sp, 48
core   0: 3 0x80008246 (0x1818) x14 0x00000030
core   0: 0x80008248 (0x010c1633) sll     a2, s8, a6
core   0: 3 0x80008248 (0x010c1633) x12 0x47198000
core   0: 0x8000824c (0x00000c5a) c.slli  s8, 22
core   0: 3 0x8000824c (0x0c5a) x24 0x00000000
core   0: 0x8000824e (0x00008ef9) c.and   a3, a4
core   0: 3 0x8000824e (0x8ef9) x13 0x00000000
core   0: 0x80008250 (0x00008f79) c.and   a4, a4
core   0: 3 0x80008250 (0x8f79) x14 0x00000030
core   0: 0x80008252 (0x00000001) c.nop
core   0: 3 0x80008252 (0x0001)
core   0: 0x80008254 (0x00008629) c.srai  a2, 10
core   0: 3 0x80008254 (0x8629) x12 0x0011c660
core   0: 0x80008256 (0x00001210) c.addi4spn a2, sp, 288
core   0: 3 0x80008256 (0x1210) x12 0x00000120
core   0: 0x80008258 (0x00008ab5) c.andi  a3, 13
core   0: 3 0x80008258 (0x8ab5) x13 0x00000000
core   0: 0x8000825a (0x00001f90) c.addi4spn a2, sp, 1008
core   0: 3 0x8000825a (0x1f90) x12 0x000003f0
core   0: 0x8000825c (0x73632813) slti    a6, t1, 1846
core   0: 3 0x8000825c (0x73632813) x16 0x00000001
core   0: 0x80008260 (0x00008f15) c.sub   a4, a3
core   0: 3 0x80008260 (0x8f15) x14 0x00000030
core   0: 0x80008262 (0x02f360b3) rem     ra, t1, a5
core   0: 3 0x80008262 (0x02f360b3) x 1 0xfffffffe
core   0: 0x80008266 (0x01f9fab3) and     s5, s3, t6
core   0: 3 0x80008266 (0x01f9fab3) x21 0x00000000
core   0: 0x8000826a (0x00008ed5) c.or    a3, a3
core   0: 3 0x8000826a (0x8ed5) x13 0x00000000
core   0: 0x8000826c (0x0000913e) c.add   sp, a5
core   0: 3 0x8000826c (0x913e) x 2 0xfffffe4e
core   0: 0x8000826e (0x024e07b3) mul     a5, t3, tp
core   0: 3 0x8000826e (0x024e07b3) x15 0x7ffec31c
core   0: 0x80008272 (0x00008795) c.srai  a5, 5
core   0: 3 0x80008272 (0x8795) x15 0x03fff618
core   0: 0x80008274 (0x01af4133) xor     sp, t5, s10
core   0: 3 0x80008274 (0x01af4133) x 2 0x00019000
core   0: 0x80008278 (0x32ad7093) andi    ra, s10, 810
core   0: 3 0x80008278 (0x32ad7093) x 1 0x00000000
core   0: 0x8000827c (0x8f2b6993) ori     s3, s6, -1806
core   0: 3 0x8000827c (0x8f2b6993) x19 0xfffff8f2
core   0: 0x80008280 (0x5e922c93) slti    s9, tp, 1513
core   0: 3 0x80008280 (0x5e922c93) x25 0x00000001
core   0: 0x80008284 (0x00009d4a) c.add   s10, s2
core   0: 3 0x80008284 (0x9d4a) x26 0x00000000
core   0: 0x80008286 (0xf26d9597) auipc   a1, 0xf26d9
core   0: 3 0x80008286 (0xf26d9597) x11 0x726e1286
core   0: 0x8000828a (0x011e8733) add     a4, t4, a7
core   0: 3 0x8000828a (0x011e8733) x14 0x00000035
core   0: 0x8000828e (0x013a4633) xor     a2, s4, s3
core   0: 3 0x8000828e (0x013a4633) x12 0x7fff0696
core   0: 0x80008292 (0x02b5ab33) mulhsu  s6, a1, a1
core   0: 3 0x80008292 (0x02b5ab33) x22 0x332637d3
core   0: 0x80008296 (0x00009cae) c.add   s9, a1
core   0: 3 0x80008296 (0x9cae) x25 0x726e1287
core   0: 0x80008298 (0x038fb033) mulhu   zero, t6, s8
core   0: 3 0x80008298 (0x038fb033)
core   0: 0x8000829c (0x000081f5) c.srli  a1, 29
core   0: 3 0x8000829c (0x81f5) x11 0x00000003
core   0: 0x8000829e (0x00008169) c.srli  a0, 26
core   0: 3 0x8000829e (0x8169) x10 0x00000000
core   0: 0x800082a0 (0x02ef0633) mul     a2, t5, a4
core   0: 3 0x800082a0 (0x02ef0633) x12 0x0052d000
core   0: 0x800082a4 (0x00000001) c.nop
core   0: 3 0x800082a4 (0x0001)
core   0: 0x800082a6 (0x00fe0ab3) add     s5, t3, a5
core   0: 3 0x800082a6 (0x00fe0ab3) x21 0x03fff617
core   0: 0x800082aa (0x015f9f33) sll     t5, t6, s5
core   0: 3 0x800082aa (0x015f9f33) x30 0x00000000
core   0: 0x800082ae (0x002380b3) add     ra, t2, sp
core   0: 3 0x800082ae (0x002380b3) x 1 0x000196ca
core   0: 0x800082b2 (0x00008a55) c.andi  a2, 21
core   0: 3 0x800082b2 (0x8a55) x12 0x00000000
core   0: 0x800082b4 (0xf768b993) sltiu   s3, a7, -138
core   0: 3 0x800082b4 (0xf768b993) x19 0x00000001
core   0: 0x800082b8 (0x0000717d) c.addi16sp sp, -16
core   0: 3 0x800082b8 (0x717d) x 2 0x00018ff0
core   0: 0x800082ba (0x00000ab1) c.addi  s5, 12
core   0: 3 0x800082ba (0x0ab1) x21 0x03fff623
core   0: 0x800082bc (0x404d8933) sub     s2, s11, tp
core   0: 3 0x800082bc (0x404d8933) x18 0x7ffec31c
core   0: 0x800082c0 (0x0258bb33) mulhu   s6, a7, t0
core   0: 3 0x800082c0 (0x0258bb33) x22 0x00000000
core   0: 0x800082c4 (0x03d6feb3) remu    t4, a3, t4
core   0: 3 0x800082c4 (0x03d6feb3) x29 0x00000000
core   0: 0x800082c8 (0x021446b3) div     a3, s0, ra
core   0: 3 0x800082c8 (0x021446b3) x13 0xffffbe74
core   0: 0x800082cc (0x00c91693) slli    a3, s2, 12
core   0: 3 0x800082cc (0x00c91693) x13 0xec31c000
core   0: 0x800082d0 (0x00008c55) c.or    s0, a3
core   0: 3 0x800082d0 (0x8c55) x 8 0xfff7f763
core   0: 0x800082d2 (0x00de13b3) sll     t2, t3, a3
core   0: 3 0x800082d2 (0x00de13b3) x 7 0xffffffff
core   0: 0x800082d6 (0x00d161b3) or      gp, sp, a3
core   0: 3 0x800082d6 (0x00d161b3) x 3 0xec31cff0
core   0: 0x800082da (0xdff14f97) auipc   t6, 0xdff14
core   0: 3 0x800082da (0xdff14f97) x31 0x5ff1c2da
core   0: 0x800082de (0x6cba3d93) sltiu   s11, s4, 1739
core   0: 3 0x800082de (0x6cba3d93) x27 0x00000000
core   0: 0x800082e2 (0x9c33e293) ori     t0, t2, -1597
core   0: 3 0x800082e2 (0x9c33e293) x 5 0xffffffff
core   0: 0x800082e6 (0x0304a833) mulhsu  a6, s1, a6
core   0: 3 0x800082e6 (0x0304a833) x16 0x00000000
core   0: 0x800082ea (0x0b1ac613) xori    a2, s5, 177
core   0: 3 0x800082ea (0x0b1ac613) x12 0x03fff692
core   0: 0x800082ee (0x0322fab3) remu    s5, t0, s2
core   0: 3 0x800082ee (0x0322fab3) x21 0x000279c7
core   0: 0x800082f2 (0x22051697) auipc   a3, 0x22051
core   0: 3 0x800082f2 (0x22051697) x13 0xa20592f2
core   0: 0x800082f6 (0x01e91933) sll     s2, s2, t5
core   0: 3 0x800082f6 (0x01e91933) x18 0x7ffec31c
core   0: 0x800082fa (0x018a9e13) slli    t3, s5, 24
core   0: 3 0x800082fa (0x018a9e13) x28 0xc7000000
core   0: 0x800082fe (0x00009a7d) c.andi  a2, -1
core   0: 3 0x800082fe (0x9a7d) x12 0x03fff692
core   0: 0x80008300 (0x005423b3) slt     t2, s0, t0
core   0: 3 0x80008300 (0x005423b3) x 7 0x00000001
core   0: 0x80008304 (0x00006c61) c.lui   s8, 0x18
core   0: 3 0x80008304 (0x6c61) x24 0x00018000
core   0: 0x80008306 (0x02814cb3) div     s9, sp, s0
core   0: 3 0x80008306 (0x02814cb3) x25 0x00000000
core   0: 0x8000830a (0x00008fd9) c.or    a5, a4
core   0: 3 0x8000830a (0x8fd9) x15 0x03fff63d
core   0: 0x8000830c (0x000002f2) c.slli  t0, 28
core   0: 3 0x8000830c (0x02f2) x 5 0xf0000000
core   0: 0x8000830e (0x01cce6b3) or      a3, s9, t3
core   0: 3 0x8000830e (0x01cce6b3) x13 0xc7000000
core   0: 0x80008312 (0x40c75eb3) sra     t4, a4, a2
core   0: 3 0x80008312 (0x40c75eb3) x29 0x00000000
core   0: 0x80008316 (0x402bc393) xori    t2, s7, 1026
core   0: 3 0x80008316 (0x402bc393) x 7 0x80000402
core   0: 0x8000831a (0x00000d9c) c.addi4spn a5, sp, 720
core   0: 3 0x8000831a (0x0d9c) x15 0x000192c0
core   0: 0x8000831c (0x000069b1) c.lui   s3, 0xc
core   0: 3 0x8000831c (0x69b1) x19 0x0000c000
core   0: 0x8000831e (0x039d5cb3) divu    s9, s10, s9
core   0: 3 0x8000831e (0x039d5cb3) x25 0xffffffff
core   0: 0x80008322 (0x006993b3) sll     t2, s3, t1
core   0: 3 0x80008322 (0x006993b3) x 7 0x0000c000
core   0: 0x80008326 (0x01b19bb3) sll     s7, gp, s11
core   0: 3 0x80008326 (0x01b19bb3) x23 0xec31cff0
core   0: 0x8000832a (0x000044e1) c.li    s1, 24
core   0: 3 0x8000832a (0x44e1) x 9 0x00000018
core   0: 0x8000832c (0x020612b3) mulh    t0, a2, zero
core   0: 3 0x8000832c (0x020612b3) x 5 0x00000000
core   0: 0x80008330 (0x416c0133) sub     sp, s8, s6
core   0: 3 0x80008330 (0x416c0133) x 2 0x00018000
core   0: 0x80008334 (0x00008589) c.srai  a1, 2
core   0: 3 0x80008334 (0x8589) x11 0x00000000
core   0: 0x80008336 (0x014ad9b3) srl     s3, s5, s4
core   0: 3 0x80008336 (0x014ad9b3) x19 0x0000279c
core   0: 0x8000833a (0x00008f1d) c.sub   a4, a5
core   0: 3 0x8000833a (0x8f1d) x14 0xfffe6d75
core   0: 0x8000833c (0x00646533) or      a0, s0, t1
core   0: 3 0x8000833c (0x00646533) x10 0xfff7f763
core   0: 0x80008340 (0x01009613) slli    a2, ra, 16
core   0: 3 0x80008340 (0x01009613) x12 0x96ca0000
core   0: 0x80008344 (0x00008759) c.srai  a4, 22
core   0: 3 0x80008344 (0x8759) x14 0xffffffff
core   0: 0x80008346 (0x03d65933) divu    s2, a2, t4
core   0: 3 0x80008346 (0x03d65933) x18 0xffffffff
core   0: 0x8000834a (0x0000177d) c.addi  a4, -1
core   0: 3 0x8000834a (0x177d) x14 0xfffffffe
core   0: 0x8000834c (0xe3f18513) addi    a0, gp, -449
core   0: 3 0x8000834c (0xe3f18513) x10 0xec31ce2f
core   0: 0x80008350 (0x78662537) lui     a0, 0x78662
core   0: 3 0x80008350 (0x78662537) x10 0x78662000
core   0: 0x80008354 (0x862d6937) lui     s2, 0x862d6
core   0: 3 0x80008354 (0x862d6937) x18 0x862d6000
core   0: 0x80008358 (0x00000001) c.nop
core   0: 3 0x80008358 (0x0001)
core   0: 0x8000835a (0x02a73033) mulhu   zero, a4, a0
core   0: 3 0x8000835a (0x02a73033)
core   0: 0x8000835e (0xf0bd6393) ori     t2, s10, -245
core   0: 3 0x8000835e (0xf0bd6393) x 7 0xffffff0b
core   0: 0x80008362 (0x00000890) c.addi4spn a2, sp, 80
core   0: 3 0x80008362 (0x0890) x12 0x00018050
core   0: 0x80008364 (0x001d8b33) add     s6, s11, ra
core   0: 3 0x80008364 (0x001d8b33) x22 0x000196ca
core   0: 0x80008368 (0x00008c31) c.xor   s0, a2
core   0: 3 0x80008368 (0x8c31) x 8 0xfff67733
core   0: 0x8000836a (0x01c09493) slli    s1, ra, 28
core   0: 3 0x8000836a (0x01c09493) x 9 0xa0000000
core   0: 0x8000836e (0x000093a6) c.add   t2, s1
core   0: 3 0x8000836e (0x93a6) x 7 0x9fffff0b
core   0: 0x80008370 (0x00006161) c.addi16sp sp, 80
core   0: 3 0x80008370 (0x6161) x 2 0x00018050
core   0: 0x80008372 (0x010864b3) or      s1, a6, a6
core   0: 3 0x80008372 (0x010864b3) x 9 0x00000000
core   0: 0x80008376 (0x4503a813) slti    a6, t2, 1104
core   0: 3 0x80008376 (0x4503a813) x16 0x00000001
core   0: 0x8000837a (0x00008e89) c.sub   a3, a0
core   0: 3 0x8000837a (0x8e89) x13 0x4e99e000
core   0: 0x8000837c (0x00008c99) c.sub   s1, a4
core   0: 3 0x8000837c (0x8c99) x 9 0x00000002
core   0: 0x8000837e (0x0000970a) c.add   a4, sp
core   0: 3 0x8000837e (0x970a) x14 0x0001804e
core   0: 0x80008380 (0x000084d9) c.srai  s1, 22
core   0: 3 0x80008380 (0x84d9) x 9 0x00000000
core   0: 0x80008382 (0x00000001) c.nop
core   0: 3 0x80008382 (0x0001)
core   0: 0x80008384 (0x03ff3933) mulhu   s2, t5, t6
core   0: 3 0x80008384 (0x03ff3933) x18 0x00000000
core   0: 0x80008388 (0x0000808d) c.srli  s1, 3
core   0: 3 0x80008388 (0x808d) x 9 0x00000000
core   0: 0x8000838a (0x000000cd) c.addi  ra, 19
core   0: 3 0x8000838a (0x00cd) x 1 0x000196dd
core   0: 0x8000838c (0x41f9dcb3) sra     s9, s3, t6
core   0: 3 0x8000838c (0x41f9dcb3) x25 0x00000000
core   0: 0x80008390 (0x00008141) c.srli  a0, 16
core   0: 3 0x80008390 (0x8141) x10 0x00007866
core   0: 0x80008392 (0x00645133) srl     sp, s0, t1
core   0: 3 0x80008392 (0x00645133) x 2 0xfff67733
core   0: 0x80008396 (0x274b7e93) andi    t4, s6, 628
core   0: 3 0x80008396 (0x274b7e93) x29 0x00000240
core   0: 0x8000839a (0x00231133) sll     sp, t1, sp
core   0: 3 0x8000839a (0x00231133) x 2 0x00000000
core   0: 0x8000839e (0x41fcdc13) srai    s8, s9, 31
core   0: 3 0x8000839e (0x41fcdc13) x24 0x00000000
core   0: 0x800083a2 (0x03a2b133) mulhu   sp, t0, s10
core   0: 3 0x800083a2 (0x03a2b133) x 2 0x00000000
core   0: 0x800083a6 (0x00008629) c.srai  a2, 10
core   0: 3 0x800083a6 (0x8629) x12 0x00000060
core   0: 0x800083a8 (0x0195dab3) srl     s5, a1, s9
core   0: 3 0x800083a8 (0x0195dab3) x21 0x00000000
core   0: 0x800083ac (0x00000001) c.nop
core   0: 3 0x800083ac (0x0001)
core   0: 0x800083ae (0x41a4d113) srai    sp, s1, 26
core   0: 3 0x800083ae (0x41a4d113) x 2 0x00000000
core   0: 0x800083b2 (0x00000001) c.nop
core   0: 3 0x800083b2 (0x0001)
core   0: 0x800083b4 (0x0000987d) c.andi  s0, -1
core   0: 3 0x800083b4 (0x987d) x 8 0xfff67733
core   0: 0x800083b6 (0x5b8e6293) ori     t0, t3, 1464
core   0: 3 0x800083b6 (0x5b8e6293) x 5 0xc70005b8
core   0: 0x800083ba (0x42a77613) andi    a2, a4, 1066
core   0: 3 0x800083ba (0x42a77613) x12 0x0000000a
core   0: 0x800083be (0x004259b3) srl     s3, tp, tp
core   0: 3 0x800083be (0x004259b3) x19 0x080013ce
core   0: 0x800083c2 (0x000067a1) c.lui   a5, 0x8
core   0: 3 0x800083c2 (0x67a1) x15 0x00008000
core   0: 0x800083c4 (0x00fa4fb3) xor     t6, s4, a5
core   0: 3 0x800083c4 (0x00fa4fb3) x31 0x80007e64
core   0: 0x800083c8 (0xe5c5b393) sltiu   t2, a1, -420
core   0: 3 0x800083c8 (0xe5c5b393) x 7 0x00000001
core   0: 0x800083cc (0x0179dcb3) srl     s9, s3, s7
core   0: 3 0x800083cc (0x0179dcb3) x25 0x00000800
core   0: 0x800083d0 (0x000084f9) c.srai  s1, 30
core   0: 3 0x800083d0 (0x84f9) x 9 0x00000000
core   0: 0x800083d2 (0x0000412d) c.li    sp, 11
core   0: 3 0x800083d2 (0x412d) x 2 0x0000000b
core   0: 0x800083d4 (0x008596b3) sll     a3, a1, s0
core   0: 3 0x800083d4 (0x008596b3) x13 0x00000000
core   0: 0x800083d8 (0x00000001) c.nop
core   0: 3 0x800083d8 (0x0001)
core   0: 0x800083da (0x00008cd9) c.or    s1, a4
core   0: 3 0x800083da (0x8cd9) x 9 0x0001804e
core   0: 0x800083dc (0x0152e0b3) or      ra, t0, s5
core   0: 3 0x800083dc (0x0152e0b3) x 1 0xc70005b8
core   0: 0x800083e0 (0x160c8d13) addi    s10, s9, 352
core   0: 3 0x800083e0 (0x160c8d13) x26 0x00000960
core   0: 0x800083e4 (0x024da533) mulhsu  a0, s11, tp
core   0: 3 0x800083e4 (0x024da533) x10 0x00000000
core   0: 0x800083e8 (0x00008e89) c.sub   a3, a0
core   0: 3 0x800083e8 (0x8e89) x13 0x00000000
core   0: 0x800083ea (0x023bc733) div     a4, s7, gp
core   0: 3 0x800083ea (0x023bc733) x14 0x00000001
core   0: 0x800083ee (0x012eae33) slt     t3, t4, s2
core   0: 3 0x800083ee (0x012eae33) x28 0x00000000
core   0: 0x800083f2 (0x000089f5) c.andi  a1, 29
core   0: 3 0x800083f2 (0x89f5) x11 0x00000000
core   0: 0x800083f4 (0x0000157d) c.addi  a0, -1
core   0: 3 0x800083f4 (0x157d) x10 0xffffffff
core   0: 0x800083f6 (0x01602f33) slt     t5, zero, s6
core   0: 3 0x800083f6 (0x01602f33) x30 0x00000001
core   0: 0x800083fa (0x021a35b3) mulhu   a1, s4, ra
core   0: 3 0x800083fa (0x021a35b3) x11 0x6380c89b
core   0: 0x800083fe (0xeee672b7) lui     t0, 0xeee67
core   0: 3 0x800083fe (0xeee672b7) x 5 0xeee67000
core   0: 0x80008402 (0x006e06b3) add     a3, t3, t1
core   0: 3 0x80008402 (0x006e06b3) x13 0x80000000
core   0: 0x80008406 (0x03d8beb3) mulhu   t4, a7, t4
core   0: 3 0x80008406 (0x03d8beb3) x29 0x00000000
core   0: 0x8000840a (0x83205797) auipc   a5, 0x83205
core   0: 3 0x8000840a (0x83205797) x15 0x0320d40a
core   0: 0x8000840e (0x00989733) sll     a4, a7, s1
core   0: 3 0x8000840e (0x00989733) x14 0x000d4000
core   0: 0x80008412 (0x00000001) c.nop
core   0: 3 0x80008412 (0x0001)
core   0: 0x80008414 (0x6b8ae913) ori     s2, s5, 1720
core   0: 3 0x80008414 (0x6b8ae913) x18 0x000006b8
core   0: 0x80008418 (0x00000001) c.nop
core   0: 3 0x80008418 (0x0001)
core   0: 0x8000841a (0x0052d513) srli    a0, t0, 5
core   0: 3 0x8000841a (0x0052d513) x10 0x07773380
core   0: 0x8000841e (0x000089f5) c.andi  a1, 29
core   0: 3 0x8000841e (0x89f5) x11 0x00000019
core   0: 0x80008420 (0x00008f79) c.and   a4, a4
core   0: 3 0x80008420 (0x8f79) x14 0x000d4000
core   0: 0x80008422 (0x00008d05) c.sub   a0, s1
core   0: 3 0x80008422 (0x8d05) x10 0x0775b332
core   0: 0x80008424 (0x00000804) c.addi4spn s1, sp, 16
core   0: 3 0x80008424 (0x0804) x 9 0x0000001b
core   0: 0x80008426 (0x00008c79) c.and   s0, a4
core   0: 3 0x80008426 (0x8c79) x 8 0x00044000
core   0: 0x80008428 (0x41745d33) sra     s10, s0, s7
core   0: 3 0x80008428 (0x41745d33) x26 0x00000004
core   0: 0x8000842c (0x01ead833) srl     a6, s5, t5
core   0: 3 0x8000842c (0x01ead833) x16 0x00000000
core   0: 0x80008430 (0x678f7493) andi    s1, t5, 1656
core   0: 3 0x80008430 (0x678f7493) x 9 0x00000000
core   0: 0x80008434 (0x00008069) c.srli  s0, 26
core   0: 3 0x80008434 (0x8069) x 8 0x00000000
core   0: 0x80008436 (0x027574b3) remu    s1, a0, t2
core   0: 3 0x80008436 (0x027574b3) x 9 0x00000000
core   0: 0x8000843a (0x00000001) c.nop
core   0: 3 0x8000843a (0x0001)
core   0: 0x8000843c (0x020afd33) remu    s10, s5, zero
core   0: 3 0x8000843c (0x020afd33) x26 0x00000000
core   0: 0x80008440 (0x00000001) c.nop
core   0: 3 0x80008440 (0x0001)
core   0: 0x80008442 (0x000062ad) c.lui   t0, 0xb
core   0: 3 0x80008442 (0x62ad) x 5 0x0000b000
core   0: 0x80008444 (0x03f147b3) div     a5, sp, t6
core   0: 3 0x80008444 (0x03f147b3) x15 0x00000000
core   0: 0x80008448 (0x00008cf9) c.and   s1, a4
core   0: 3 0x80008448 (0x8cf9) x 9 0x00000000
core   0: 0x8000844a (0x00008131) c.srli  a0, 12
core   0: 3 0x8000844a (0x8131) x10 0x0000775b
core   0: 0x8000844c (0x037747b3) div     a5, a4, s7
core   0: 3 0x8000844c (0x037747b3) x15 0x00000000
core   0: 0x80008450 (0x02b3fb33) remu    s6, t2, a1
core   0: 3 0x80008450 (0x02b3fb33) x22 0x00000001
core   0: 0x80008454 (0x9c6c8b93) addi    s7, s9, -1594
core   0: 3 0x80008454 (0x9c6c8b93) x23 0x000001c6
core   0: 0x80008458 (0x03e64833) div     a6, a2, t5
core   0: 3 0x80008458 (0x03e64833) x16 0x0000000a
core   0: 0x8000845c (0x5a167913) andi    s2, a2, 1441
core   0: 3 0x8000845c (0x5a167913) x18 0x00000000
core   0: 0x80008460 (0x000002ee) c.slli  t0, 27
core   0: 3 0x80008460 (0x02ee) x 5 0x00000000
core   0: 0x80008462 (0xb9593793) sltiu   a5, s2, -1131
core   0: 3 0x80008462 (0xb9593793) x15 0x00000001
core   0: 0x80008466 (0x771ab137) lui     sp, 0x771ab
core   0: 3 0x80008466 (0x771ab137) x 2 0x771ab000
core   0: 0x8000846a (0x00008f4d) c.or    a4, a1
core   0: 3 0x8000846a (0x8f4d) x14 0x000d4019
core   0: 0x8000846c (0x00008e09) c.sub   a2, a0
core   0: 3 0x8000846c (0x8e09) x12 0xffff88af
core   0: 0x8000846e (0x00bc1f33) sll     t5, s8, a1
core   0: 3 0x8000846e (0x00bc1f33) x30 0x00000000
core   0: 0x80008472 (0x01121293) slli    t0, tp, 17
core   0: 3 0x80008472 (0x01121293) x 5 0x79c80000
core   0: 0x80008476 (0x0307f533) remu    a0, a5, a6
core   0: 3 0x80008476 (0x0307f533) x10 0x00000001
core   0: 0x8000847a (0x00000001) c.nop
core   0: 3 0x8000847a (0x0001)
core   0: 0x8000847c (0x005e60b3) or      ra, t3, t0
core   0: 3 0x8000847c (0x005e60b3) x 1 0x79c80000
core   0: 0x80008480 (0x01d093b3) sll     t2, ra, t4
core   0: 3 0x80008480 (0x01d093b3) x 7 0x79c80000
core   0: 0x80008484 (0x5e397013) andi    zero, s2, 1507
core   0: 3 0x80008484 (0x5e397013)
core   0: 0x80008488 (0x014096b3) sll     a3, ra, s4
core   0: 3 0x80008488 (0x014096b3) x13 0x9c800000
core   0: 0x8000848c (0x28ad4013) xori    zero, s10, 650
core   0: 3 0x8000848c (0x28ad4013)
core   0: 0x80008490 (0x00008df9) c.and   a1, a4
core   0: 3 0x80008490 (0x8df9) x11 0x00000019
core   0: 0x80008492 (0x01d2d0b3) srl     ra, t0, t4
core   0: 3 0x80008492 (0x01d2d0b3) x 1 0x79c80000
core   0: 0x80008496 (0x000082b5) c.srli  a3, 13
core   0: 3 0x80008496 (0x82b5) x13 0x0004e400
core   0: 0x80008498 (0x0000717d) c.addi16sp sp, -16
core   0: 3 0x80008498 (0x717d) x 2 0x771aaff0
core   0: 0x8000849a (0x00008f71) c.and   a4, a2
core   0: 3 0x8000849a (0x8f71) x14 0x000d0009
core   0: 0x8000849c (0x02750b33) mul     s6, a0, t2
core   0: 3 0x8000849c (0x02750b33) x22 0x79c80000
core   0: 0x800084a0 (0x00699133) sll     sp, s3, t1
core   0: 3 0x800084a0 (0x00699133) x 2 0x080013ce
core   0: 0x800084a4 (0x00008bb1) c.andi  a5, 12
core   0: 3 0x800084a4 (0x8bb1) x15 0x00000000
core   0: 0x800084a6 (0xebc5c393) xori    t2, a1, -324
core   0: 3 0x800084a6 (0xebc5c393) x 7 0xfffffea5
core   0: 0x800084aa (0x00008d6d) c.and   a0, a1
core   0: 3 0x800084aa (0x8d6d) x10 0x00000001
core   0: 0x800084ac (0x00008d25) c.xor   a0, s1
core   0: 3 0x800084ac (0x8d25) x10 0x00000001
core   0: 0x800084ae (0x000001dd) c.addi  gp, 23
core   0: 3 0x800084ae (0x01dd) x 3 0xec31d007
core   0: 0x800084b0 (0x00070db3) add     s11, a4, zero
core   0: 3 0x800084b0 (0x00070db3) x27 0x000d0009
core   0: 0x800084b4 (0x00001b7d) c.addi  s6, -1
core   0: 3 0x800084b4 (0x1b7d) x22 0x79c7ffff
core   0: 0x800084b6 (0x02b7a7b3) mulhsu  a5, a5, a1
core   0: 3 0x800084b6 (0x02b7a7b3) x15 0x00000000
core   0: 0x800084ba (0x007d3b33) sltu    s6, s10, t2
core   0: 3 0x800084ba (0x007d3b33) x22 0x00000001
core   0: 0x800084be (0x035b6e33) rem     t3, s6, s5
core   0: 3 0x800084be (0x035b6e33) x28 0x00000001
core   0: 0x800084c2 (0x00006405) c.lui   s0, 0x1
core   0: 3 0x800084c2 (0x6405) x 8 0x00001000
core   0: 0x800084c4 (0x00005f7d) c.li    t5, -1
core   0: 3 0x800084c4 (0x5f7d) x30 0xffffffff
core   0: 0x800084c6 (0x41705933) sra     s2, zero, s7
core   0: 3 0x800084c6 (0x41705933) x18 0x00000000
core   0: 0x800084ca (0x00d01b13) slli    s6, zero, 13
core   0: 3 0x800084ca (0x00d01b13) x22 0x00000000
core   0: 0x800084ce (0x00008d35) c.xor   a0, a3
core   0: 3 0x800084ce (0x8d35) x10 0x0004e401
core   0: 0x800084d0 (0x414a5613) srai    a2, s4, 20
core   0: 3 0x800084d0 (0x414a5613) x12 0xfffff800
core   0: 0x800084d4 (0x00000001) c.nop
core   0: 3 0x800084d4 (0x0001)
core   0: 0x800084d6 (0x00000001) c.nop
core   0: 3 0x800084d6 (0x0001)
core   0: 0x800084d8 (0x02512e33) mulhsu  t3, sp, t0
core   0: 3 0x800084d8 (0x02512e33) x28 0x03ce496b
core   0: 0x800084dc (0x00000001) c.nop
core   0: 3 0x800084dc (0x0001)
core   0: 0x800084de (0x47715297) auipc   t0, 0x47715
core   0: 3 0x800084de (0x47715297) x 5 0xc771d4de
core   0: 0x800084e2 (0x3228bd93) sltiu   s11, a7, 802
core   0: 3 0x800084e2 (0x3228bd93) x27 0x00000001
core   0: 0x800084e6 (0x00f45b93) srli    s7, s0, 15
core   0: 3 0x800084e6 (0x00f45b93) x23 0x00000000
core   0: 0x800084ea (0x00008da9) c.xor   a1, a0
core   0: 3 0x800084ea (0x8da9) x11 0x0004e418
core   0: 0x800084ec (0x00009bfd) c.andi  a5, -1
core   0: 3 0x800084ec (0x9bfd) x15 0x00000000
core   0: 0x800084ee (0x00f025b3) slt     a1, zero, a5
core   0: 3 0x800084ee (0x00f025b3) x11 0x00000000
core   0: 0x800084f2 (0x00006165) c.addi16sp sp, 112
core   0: 3 0x800084f2 (0x6165) x 2 0x0800143e
core   0: 0x800084f4 (0x38593c93) sltiu   s9, s2, 901
core   0: 3 0x800084f4 (0x38593c93) x25 0x00000001
core   0: 0x800084f8 (0x0143c033) xor     zero, t2, s4
core   0: 3 0x800084f8 (0x0143c033)
core   0: 0x800084fc (0x00008d41) c.or    a0, s0
core   0: 3 0x800084fc (0x8d41) x10 0x0004f401
core   0: 0x800084fe (0x02c380b3) mul     ra, t2, a2
core   0: 3 0x800084fe (0x02c380b3) x 1 0x000ad800
core   0: 0x80008502 (0x000087a5) c.srai  a5, 9
core   0: 3 0x80008502 (0x87a5) x15 0x00000000
core   0: 0x80008504 (0x8303c413) xori    s0, t2, -2000
core   0: 3 0x80008504 (0x8303c413) x 8 0x00000695
core   0: 0x80008508 (0x000085e1) c.srai  a1, 24
core   0: 3 0x80008508 (0x85e1) x11 0x00000000
core   0: 0x8000850a (0x413856b3) sra     a3, a6, s3
core   0: 3 0x8000850a (0x413856b3) x13 0x00000000
core   0: 0x8000850e (0x54164a93) xori    s5, a2, 1345
core   0: 3 0x8000850e (0x54164a93) x21 0xfffffd41
core   0: 0x80008512 (0xda9dd117) auipc   sp, 0xda9dd
core   0: 3 0x80008512 (0xda9dd117) x 2 0x5a9e5512
core   0: 0x80008516 (0x00245f93) srli    t6, s0, 2
core   0: 3 0x80008516 (0x00245f93) x31 0x000001a5
core   0: 0x8000851a (0x00008d0d) c.sub   a0, a1
core   0: 3 0x8000851a (0x8d0d) x10 0x0004f401
core   0: 0x8000851c (0x01181633) sll     a2, a6, a7
core   0: 3 0x8000851c (0x01181633) x12 0x01400000
core   0: 0x80008520 (0x00009ad2) c.add   s5, s4
core   0: 3 0x80008520 (0x9ad2) x21 0x8000fba5
core   0: 0x80008522 (0x00000aaa) c.slli  s5, 10
core   0: 3 0x80008522 (0x0aaa) x21 0x03ee9400
core   0: 0x80008524 (0x0000964a) c.add   a2, s2
core   0: 3 0x80008524 (0x964a) x12 0x01400000
core   0: 0x80008526 (0x0000717d) c.addi16sp sp, -16
core   0: 3 0x80008526 (0x717d) x 2 0x5a9e5502
core   0: 0x80008528 (0x00004c85) c.li    s9, 1
core   0: 3 0x80008528 (0x4c85) x25 0x00000001
core   0: 0x8000852a (0x00008fa9) c.xor   a5, a0
core   0: 3 0x8000852a (0x8fa9) x15 0x0004f401
core   0: 0x8000852c (0x0084b1b3) sltu    gp, s1, s0
core   0: 3 0x8000852c (0x0084b1b3) x 3 0x00000001
core   0: 0x80008530 (0x00008379) c.srli  a4, 30
core   0: 3 0x80008530 (0x8379) x14 0x00000000
core   0: 0x80008532 (0x00008859) c.andi  s0, 22
core   0: 3 0x80008532 (0x8859) x 8 0x00000014
core   0: 0x80008534 (0x00008715) c.srai  a4, 5
core   0: 3 0x80008534 (0x8715) x14 0x00000000
core   0: 0x80008536 (0x02a82133) mulhsu  sp, a6, a0
core   0: 3 0x80008536 (0x02a82133) x 2 0x00000000
core   0: 0x8000853a (0x00008e35) c.xor   a2, a3
core   0: 3 0x8000853a (0x8e35) x12 0x01400000
core   0: 0x8000853c (0x00008719) c.srai  a4, 6
core   0: 3 0x8000853c (0x8719) x14 0x00000000
core   0: 0x8000853e (0x00006145) c.addi16sp sp, 48
core   0: 3 0x8000853e (0x6145) x 2 0x00000030
core   0: 0x80008540 (0x419b8eb3) sub     t4, s7, s9
core   0: 3 0x80008540 (0x419b8eb3) x29 0xffffffff
core   0: 0x80008544 (0x00005dfd) c.li    s11, -1
core   0: 3 0x80008544 (0x5dfd) x27 0xffffffff
core   0: 0x80008546 (0x00001e7d) c.addi  t3, -1
core   0: 3 0x80008546 (0x1e7d) x28 0x03ce496a
core   0: 0x80008548 (0x40e18ab3) sub     s5, gp, a4
core   0: 3 0x80008548 (0x40e18ab3) x21 0x00000001
core   0: 0x8000854c (0x0315eeb3) rem     t4, a1, a7
core   0: 3 0x8000854c (0x0315eeb3) x29 0x00000000
core   0: 0x80008550 (0x41220b33) sub     s6, tp, s2
core   0: 3 0x80008550 (0x41220b33) x22 0x80013ce4
core   0: 0x80008554 (0x013a82b3) add     t0, s5, s3
core   0: 3 0x80008554 (0x013a82b3) x 5 0x080013cf
core   0: 0x80008558 (0x0000717d) c.addi16sp sp, -16
core   0: 3 0x80008558 (0x717d) x 2 0x00000020
core   0: 0x8000855a (0x40a25593) srai    a1, tp, 10
core   0: 3 0x8000855a (0x40a25593) x11 0xffe0004f
core   0: 0x8000855e (0x00006119) c.addi16sp sp, 384
core   0: 3 0x8000855e (0x6119) x 2 0x000001a0
core   0: 0x80008560 (0x02310fb3) mul     t6, sp, gp
core   0: 3 0x80008560 (0x02310fb3) x31 0x000001a0
core   0: 0x80008564 (0x000002b6) c.slli  t0, 13
core   0: 3 0x80008564 (0x02b6) x 5 0x0279e000
core   0: 0x80008566 (0x65a92497) auipc   s1, 0x65a92
core   0: 3 0x80008566 (0x65a92497) x 9 0xe5a9a566
core   0: 0x8000856a (0x00006125) c.addi16sp sp, 96
core   0: 3 0x8000856a (0x6125) x 2 0x00000200
core   0: 0x8000856c (0x40f7d6b3) sra     a3, a5, a5
core   0: 3 0x8000856c (0x40f7d6b3) x13 0x00027a00
core   0: 0x80008570 (0x01be9013) slli    zero, t4, 27
core   0: 3 0x80008570 (0x01be9013)
core   0: 0x80008574 (0x038192b3) mulh    t0, gp, s8
core   0: 3 0x80008574 (0x038192b3) x 5 0x00000000
core   0: 0x80008578 (0x000092a2) c.add   t0, s0
core   0: 3 0x80008578 (0x92a2) x 5 0x00000014
core   0: 0x8000857a (0x032e0b33) mul     s6, t3, s2
core   0: 3 0x8000857a (0x032e0b33) x22 0x00000000
core   0: 0x8000857e (0x00fd37b3) sltu    a5, s10, a5
core   0: 3 0x8000857e (0x00fd37b3) x15 0x00000001
core   0: 0x80008582 (0x005597b3) sll     a5, a1, t0
core   0: 3 0x80008582 (0x005597b3) x15 0x04f00000
core   0: 0x80008586 (0x00000001) c.nop
core   0: 3 0x80008586 (0x0001)
core   0: 0x80008588 (0x8fc7e113) ori     sp, a5, -1796
core   0: 3 0x80008588 (0x8fc7e113) x 2 0xfffff8fc
core   0: 0x8000858c (0x0000830d) c.srli  a4, 3
core   0: 3 0x8000858c (0x830d) x14 0x00000000
core   0: 0x8000858e (0xb18d6997) auipc   s3, 0xb18d6
core   0: 3 0x8000858e (0xb18d6997) x19 0x318de58e
core   0: 0x80008592 (0x001f6133) or      sp, t5, ra
core   0: 3 0x80008592 (0x001f6133) x 2 0xffffffff
core   0: 0x80008596 (0x00006b75) c.lui   s6, 0x1d
core   0: 3 0x80008596 (0x6b75) x22 0x0001d000
core   0: 0x80008598 (0x03e4d933) divu    s2, s1, t5
core   0: 3 0x80008598 (0x03e4d933) x18 0x00000000
core   0: 0x8000859c (0x016825b3) slt     a1, a6, s6
core   0: 3 0x8000859c (0x016825b3) x11 0x00000001
core   0: 0x800085a0 (0x0367c933) div     s2, a5, s6
core   0: 3 0x800085a0 (0x0367c933) x18 0x000002b9
core   0: 0x800085a4 (0x0000611d) c.addi16sp sp, 416
core   0: 3 0x800085a4 (0x611d) x 2 0x0000019f
core   0: 0x800085a6 (0x00006139) c.addi16sp sp, 448
core   0: 3 0x800085a6 (0x6139) x 2 0x0000035f
core   0: 0x800085a8 (0x00008f39) c.xor   a4, a4
core   0: 3 0x800085a8 (0x8f39) x14 0x00000000
core   0: 0x800085aa (0x03a4afb3) mulhsu  t6, s1, s10
core   0: 3 0x800085aa (0x03a4afb3) x31 0x00000000
core   0: 0x800085ae (0x001ac633) xor     a2, s5, ra
core   0: 3 0x800085ae (0x001ac633) x12 0x000ad801
core   0: 0x800085b2 (0x01e0a533) slt     a0, ra, t5
core   0: 3 0x800085b2 (0x01e0a533) x10 0x00000000
core   0: 0x800085b6 (0x00000001) c.nop
core   0: 3 0x800085b6 (0x0001)
core   0: 0x800085b8 (0x00dc1393) slli    t2, s8, 13
core   0: 3 0x800085b8 (0x00dc1393) x 7 0x00000000
core   0: 0x800085bc (0x00008722) c.mv    a4, s0
core   0: 3 0x800085bc (0x8722) x14 0x00000014
core   0: 0x800085be (0x00008e89) c.sub   a3, a0
core   0: 3 0x800085be (0x8e89) x13 0x00027a00
core   0: 0x800085c0 (0x037d8033) mul     zero, s11, s7
core   0: 3 0x800085c0 (0x037d8033)
core   0: 0x800085c4 (0x00006461) c.lui   s0, 0x18
core   0: 3 0x800085c4 (0x6461) x 8 0x00018000
core   0: 0x800085c6 (0xff50ac93) slti    s9, ra, -11
core   0: 3 0x800085c6 (0xff50ac93) x25 0x00000000
core   0: 0x800085ca (0x00008196) c.mv    gp, t0
core   0: 3 0x800085ca (0x8196) x 3 0x00000014
core   0: 0x800085cc (0x00dd4833) xor     a6, s10, a3
core   0: 3 0x800085cc (0x00dd4833) x16 0x00027a00
core   0: 0x800085d0 (0x00006f99) c.lui   t6, 0x6
core   0: 3 0x800085d0 (0x6f99) x31 0x00006000
core   0: 0x800085d2 (0x000012fd) c.addi  t0, -1
core   0: 3 0x800085d2 (0x12fd) x 5 0x00000013
core   0: 0x800085d4 (0x028560b3) rem     ra, a0, s0
core   0: 3 0x800085d4 (0x028560b3) x 1 0x00000000
core   0: 0x800085d8 (0x5b4c2297) auipc   t0, 0x5b4c2
core   0: 3 0x800085d8 (0x5b4c2297) x 5 0xdb4ca5d8
core   0: 0x800085dc (0x01739cb3) sll     s9, t2, s7
core   0: 3 0x800085dc (0x01739cb3) x25 0x00000000
core   0: 0x800085e0 (0x02fe78b3) remu    a7, t3, a5
core   0: 3 0x800085e0 (0x02fe78b3) x17 0x03ce496a
core   0: 0x800085e4 (0x41e8dd33) sra     s10, a7, t5
core   0: 3 0x800085e4 (0x41e8dd33) x26 0x00000000
core   0: 0x800085e8 (0x01abd433) srl     s0, s7, s10
core   0: 3 0x800085e8 (0x01abd433) x 8 0x00000000
core   0: 0x800085ec (0x018bf533) and     a0, s7, s8
core   0: 3 0x800085ec (0x018bf533) x10 0x00000000
core   0: 0x800085f0 (0x0038f833) and     a6, a7, gp
core   0: 3 0x800085f0 (0x0038f833) x16 0x00000000
core   0: 0x800085f4 (0xee678193) addi    gp, a5, -282
core   0: 3 0x800085f4 (0xee678193) x 3 0x04effee6
core   0: 0x800085f8 (0x01c9eab3) or      s5, s3, t3
core   0: 3 0x800085f8 (0x01c9eab3) x21 0x33cfedee
core   0: 0x800085fc (0x4028d933) sra     s2, a7, sp
core   0: 3 0x800085fc (0x4028d933) x18 0x00000000
core   0: 0x80008600 (0x00001b84) c.addi4spn s1, sp, 496
core   0: 3 0x80008600 (0x1b84) x 9 0x0000054f
core   0: 0x80008602 (0x02be6db3) rem     s11, t3, a1
core   0: 3 0x80008602 (0x02be6db3) x27 0x00000000
core   0: 0x80008606 (0x24637ab7) lui     s5, 0x24637
core   0: 3 0x80008606 (0x24637ab7) x21 0x24637000
core   0: 0x8000860a (0x00008c1d) c.sub   s0, a5
core   0: 3 0x8000860a (0x8c1d) x 8 0xfb100000
core   0: 0x8000860c (0x00006569) c.lui   a0, 0x1a
core   0: 3 0x8000860c (0x6569) x10 0x0001a000
core   0: 0x8000860e (0x93080a93) addi    s5, a6, -1744
core   0: 3 0x8000860e (0x93080a93) x21 0xfffff930
core   0: 0x80008612 (0x000099fd) c.andi  a1, -1
core   0: 3 0x80008612 (0x99fd) x11 0x00000001
core   0: 0x80008614 (0x036f0bb3) mul     s7, t5, s6
core   0: 3 0x80008614 (0x036f0bb3) x23 0xfffe3000
core   0: 0x80008618 (0x011b9593) slli    a1, s7, 17
core   0: 3 0x80008618 (0x011b9593) x11 0x60000000
core   0: 0x8000861c (0xdd26a613) slti    a2, a3, -558
core   0: 3 0x8000861c (0xdd26a613) x12 0x00000000
core   0: 0x80008620 (0x012a02b3) add     t0, s4, s2
core   0: 3 0x80008620 (0x012a02b3) x 5 0x8000fe64
core   0: 0x80008624 (0x00008fd5) c.or    a5, a3
core   0: 3 0x80008624 (0x8fd5) x15 0x04f27a00
core   0: 0x80008626 (0x000080e9) c.srli  s1, 26
core   0: 3 0x80008626 (0x80e9) x 9 0x00000000
core   0: 0x80008628 (0x01d8c133) xor     sp, a7, t4
core   0: 3 0x80008628 (0x01d8c133) x 2 0x03ce496a
core   0: 0x8000862c (0x404d0eb3) sub     t4, s10, tp
core   0: 3 0x8000862c (0x404d0eb3) x29 0x7ffec31c
core   0: 0x80008630 (0x000098aa) c.add   a7, a0
core   0: 3 0x80008630 (0x98aa) x17 0x03cfe96a
core   0: 0x80008632 (0x00006111) c.addi16sp sp, 256
core   0: 3 0x80008632 (0x6111) x 2 0x03ce4a6a
core   0: 0x80008634 (0x53f66393) ori     t2, a2, 1343
core   0: 3 0x80008634 (0x53f66393) x 7 0x0000053f
core   0: 0x80008638 (0x0056f3b3) and     t2, a3, t0
core   0: 3 0x80008638 (0x0056f3b3) x 7 0x00007a00
core   0: 0x8000863c (0x02b68033) mul     zero, a3, a1
core   0: 3 0x8000863c (0x02b68033)
core   0: 0x80008640 (0x58d03293) sltiu   t0, zero, 1421
core   0: 3 0x80008640 (0x58d03293) x 5 0x00000001
core   0: 0x80008644 (0x000001d2) c.slli  gp, 20
core   0: 3 0x80008644 (0x01d2) x 3 0xee600000
core   0: 0x80008646 (0x0000177d) c.addi  a4, -1
core   0: 3 0x80008646 (0x177d) x14 0x00000013
core   0: 0x80008648 (0x00008db5) c.xor   a1, a3
core   0: 3 0x80008648 (0x8db5) x11 0x60027a00
core   0: 0x8000864a (0x0101b1b3) sltu    gp, gp, a6
core   0: 3 0x8000864a (0x0101b1b3) x 3 0x00000000
core   0: 0x8000864e (0xf6fdc093) xori    ra, s11, -145
core   0: 3 0x8000864e (0xf6fdc093) x 1 0xffffff6f
core   0: 0x80008652 (0x0108a0b3) slt     ra, a7, a6
core   0: 3 0x80008652 (0x0108a0b3) x 1 0x00000000
core   0: 0x80008656 (0x012ad9b3) srl     s3, s5, s2
core   0: 3 0x80008656 (0x012ad9b3) x19 0xfffff930
core   0: 0x8000865a (0x00000001) c.nop
core   0: 3 0x8000865a (0x0001)
core   0: 0x8000865c (0x01db4933) xor     s2, s6, t4
core   0: 3 0x8000865c (0x01db4933) x18 0x7fff131c
core   0: 0x80008660 (0x63b78293) addi    t0, a5, 1595
core   0: 3 0x80008660 (0x63b78293) x 5 0x04f2803b
core   0: 0x80008664 (0x034feeb3) rem     t4, t6, s4
core   0: 3 0x80008664 (0x034feeb3) x29 0x00006000
core   0: 0x80008668 (0x031e29b3) mulhsu  s3, t3, a7
core   0: 3 0x80008668 (0x031e29b3) x19 0x000e8221
core   0: 0x8000866c (0x00008dbd) c.xor   a1, a5
core   0: 3 0x8000866c (0x8dbd) x11 0x64f00000
core   0: 0x8000866e (0x0000982a) c.add   a6, a0
core   0: 3 0x8000866e (0x982a) x16 0x0001a000
core   0: 0x80008670 (0x00004c35) c.li    s8, 13
core   0: 3 0x80008670 (0x4c35) x24 0x0000000d
core   0: 0x80008672 (0x000005f1) c.addi  a1, 28
core   0: 3 0x80008672 (0x05f1) x11 0x64f0001c
core   0: 0x80008674 (0x026ff733) remu    a4, t6, t1
core   0: 3 0x80008674 (0x026ff733) x14 0x00006000
core   0: 0x80008678 (0x00000ce6) c.slli  s9, 25
core   0: 3 0x80008678 (0x0ce6) x25 0x00000000
core   0: 0x8000867a (0x000084fd) c.srai  s1, 31
core   0: 3 0x8000867a (0x84fd) x 9 0x00000000
core   0: 0x8000867c (0x41555e33) sra     t3, a0, s5
core   0: 3 0x8000867c (0x41555e33) x28 0x00000001
core   0: 0x80008680 (0x00dea133) slt     sp, t4, a3
core   0: 3 0x80008680 (0x00dea133) x 2 0x00000001
core   0: 0x80008684 (0x03668e93) addi    t4, a3, 54
core   0: 3 0x80008684 (0x03668e93) x29 0x00027a36
core   0: 0x80008688 (0x00000001) c.nop
core   0: 3 0x80008688 (0x0001)
core   0: 0x8000868a (0x8139c693) xori    a3, s3, -2029
core   0: 3 0x8000868a (0x8139c693) x13 0xfff17a32
core   0: 0x8000868e (0x00008e69) c.and   a2, a0
core   0: 3 0x8000868e (0x8e69) x12 0x00000000
core   0: 0x80008690 (0x02c14f33) div     t5, sp, a2
core   0: 3 0x80008690 (0x02c14f33) x30 0xffffffff
core   0: 0x80008694 (0x00004df5) c.li    s11, 29
core   0: 3 0x80008694 (0x4df5) x27 0x0000001d
core   0: 0x80008696 (0x40f304b3) sub     s1, t1, a5
core   0: 3 0x80008696 (0x40f304b3) x 9 0x7b0d8600
core   0: 0x8000869a (0x0082dc13) srli    s8, t0, 8
core   0: 3 0x8000869a (0x0082dc13) x24 0x0004f280
core   0: 0x8000869e (0xf6ce3e93) sltiu   t4, t3, -148
core   0: 3 0x8000869e (0xf6ce3e93) x29 0x00000001
core   0: 0x800086a2 (0x00008e71) c.and   a2, a2
core   0: 3 0x800086a2 (0x8e71) x12 0x00000000
core   0: 0x800086a4 (0x00d09613) slli    a2, ra, 13
core   0: 3 0x800086a4 (0x00d09613) x12 0x00000000
core   0: 0x800086a8 (0x00009e26) c.add   t3, s1
core   0: 3 0x800086a8 (0x9e26) x28 0x7b0d8601
core   0: 0x800086aa (0x02820f33) mul     t5, tp, s0
core   0: 3 0x800086aa (0x02820f33) x30 0x5a400000
core   0: 0x800086ae (0x02164fb3) div     t6, a2, ra
core   0: 3 0x800086ae (0x02164fb3) x31 0xffffffff
core   0: 0x800086b2 (0x0b4d5437) lui     s0, 0xb4d5
core   0: 3 0x800086b2 (0x0b4d5437) x 8 0x0b4d5000
core   0: 0x800086b6 (0x00000001) c.nop
core   0: 3 0x800086b6 (0x0001)
core   0: 0x800086b8 (0x0159d513) srli    a0, s3, 21
core   0: 3 0x800086b8 (0x0159d513) x10 0x00000000
core   0: 0x800086bc (0x00000fae) c.slli  t6, 11
core   0: 3 0x800086bc (0x0fae) x31 0xfffff800
core   0: 0x800086be (0x018a63b3) or      t2, s4, s8
core   0: 3 0x800086be (0x018a63b3) x 7 0x8004fee4
core   0: 0x800086c2 (0x00000001) c.nop
core   0: 3 0x800086c2 (0x0001)
core   0: 0x800086c4 (0x020bc9b3) div     s3, s7, zero
core   0: 3 0x800086c4 (0x020bc9b3) x19 0xffffffff
core   0: 0x800086c8 (0x02886833) rem     a6, a6, s0
core   0: 3 0x800086c8 (0x02886833) x16 0x0001a000
core   0: 0x800086cc (0xfff00293) li      t0, -1
core   0: 3 0x800086cc (0xfff00293) x 5 0xffffffff
core   0: 0x800086d0 (0x00004b81) c.li    s7, 0
core   0: 3 0x800086d0 (0x4b81) x23 0x00000000
core   0: 0x800086d2 (0x00004101) c.li    sp, 0
core   0: 3 0x800086d2 (0x4101) x 2 0x00000000
core   0: 0x800086d4 (0x0bf0eab7) lui     s5, 0xbf0e
core   0: 3 0x800086d4 (0x0bf0eab7) x21 0x0bf0e000
core   0: 0x800086d8 (0x19ea8a93) addi    s5, s5, 414
core   0: 3 0x800086d8 (0x19ea8a93) x21 0x0bf0e19e
core   0: 0x800086dc (0x00004081) c.li    ra, 0
core   0: 3 0x800086dc (0x4081) x 1 0x00000000
core   0: 0x800086de (0xfff00e13) li      t3, -1
core   0: 3 0x800086de (0xfff00e13) x28 0xffffffff
core   0: 0x800086e2 (0x00004d81) c.li    s11, 0
core   0: 3 0x800086e2 (0x4d81) x27 0x00000000
core   0: 0x800086e4 (0xc11789b7) lui     s3, 0xc1178
core   0: 3 0x800086e4 (0xc11789b7) x19 0xc1178000
core   0: 0x800086e8 (0x2d398993) addi    s3, s3, 723
core   0: 3 0x800086e8 (0x2d398993) x19 0xc11782d3
core   0: 0x800086ec (0x80000737) lui     a4, 0x80000
core   0: 3 0x800086ec (0x80000737) x14 0x80000000
core   0: 0x800086f0 (0x800003b7) lui     t2, 0x80000
core   0: 3 0x800086f0 (0x800003b7) x 7 0x80000000
core   0: 0x800086f4 (0x00000001) c.nop
core   0: 3 0x800086f4 (0x0001)
core   0: 0x800086f6 (0x01570bb3) add     s7, a4, s5
core   0: 3 0x800086f6 (0x01570bb3) x23 0x8bf0e19e
core   0: 0x800086fa (0x76a10113) addi    sp, sp, 1898
core   0: 3 0x800086fa (0x76a10113) x 2 0x0000076a
core   0: 0x800086fe (0x00170133) add     sp, a4, ra
core   0: 3 0x800086fe (0x00170133) x 2 0x80000000
core   0: 0x80008702 (0x0210fbb3) remu    s7, ra, ra
core   0: 3 0x80008702 (0x0210fbb3) x23 0x00000000
core   0: 0x80008706 (0x1b562737) lui     a4, 0x1b562
core   0: 3 0x80008706 (0x1b562737) x14 0x1b562000
core   0: 0x8000870a (0x021e3733) mulhu   a4, t3, ra
core   0: 3 0x8000870a (0x021e3733) x14 0x00000000
core   0: 0x8000870e (0xb3d04137) lui     sp, 0xb3d04
core   0: 3 0x8000870e (0xb3d04137) x 2 0xb3d04000
core   0: 0x80008712 (0x0273c733) div     a4, t2, t2
core   0: 3 0x80008712 (0x0273c733) x14 0x00000001
core   0: 0x80008716 (0x7b85f397) auipc   t2, 0x7b85f
core   0: 3 0x80008716 (0x7b85f397) x 7 0xfb867716
core   0: 0x8000871a (0x022082b3) mul     t0, ra, sp
core   0: 3 0x8000871a (0x022082b3) x 5 0x00000000
core   0: 0x8000871e (0x0250cdb3) div     s11, ra, t0
core   0: 3 0x8000871e (0x0250cdb3) x27 0xffffffff
core   0: 0x80008722 (0x027ace33) div     t3, s5, t2
core   0: 3 0x80008722 (0x027ace33) x28 0xfffffffe
core   0: 0x80008726 (0x1a070293) addi    t0, a4, 416
core   0: 3 0x80008726 (0x1a070293) x 5 0x000001a1
core   0: 0x8000872a (0x415e0133) sub     sp, t3, s5
core   0: 3 0x8000872a (0x415e0133) x 2 0xf40f1e60
core   0: 0x8000872e (0x00000001) c.nop
core   0: 3 0x8000872e (0x0001)
core   0: 0x80008730 (0x03b769b3) rem     s3, a4, s11
core   0: 3 0x80008730 (0x03b769b3) x19 0x00000000
core   0: 0x80008734 (0x0219e9b3) rem     s3, s3, ra
core   0: 3 0x80008734 (0x0219e9b3) x19 0x00000000
core   0: 0x80008738 (0x0372b3b3) mulhu   t2, t0, s7
core   0: 3 0x80008738 (0x0372b3b3) x 7 0x00000000
core   0: 0x8000873c (0x03339733) mulh    a4, t2, s3
core   0: 3 0x8000873c (0x03339733) x14 0x00000000
core   0: 0x80008740 (0x03baa733) mulhsu  a4, s5, s11
core   0: 3 0x80008740 (0x03baa733) x14 0x0bf0e19d
core   0: 0x80008744 (0x80f0f717) auipc   a4, 0x80f0f
core   0: 3 0x80008744 (0x80f0f717) x14 0x00f17744
core   0: 0x80008748 (0x03c2c0b3) div     ra, t0, t3
core   0: 3 0x80008748 (0x03c2c0b3) x 1 0xffffff30
core   0: 0x8000874c (0x0259de33) divu    t3, s3, t0
core   0: 3 0x8000874c (0x0259de33) x28 0x00000000
core   0: 0x80008750 (0x415100b3) sub     ra, sp, s5
core   0: 3 0x80008750 (0x415100b3) x 1 0xe81e3cc2
core   0: 0x80008754 (0x03309ab3) mulh    s5, ra, s3
core   0: 3 0x80008754 (0x03309ab3) x21 0x00000000
core   0: 0x80008758 (0x0350b9b3) mulhu   s3, ra, s5
core   0: 3 0x80008758 (0x0350b9b3) x19 0x00000000
core   0: 0x8000875c (0x2bbea113) slti    sp, t4, 699
core   0: 3 0x8000875c (0x2bbea113) x 2 0x00000001
core   0: 0x80008760 (0x00008e91) c.sub   a3, a2
core   0: 3 0x80008760 (0x8e91) x13 0xfff17a32
core   0: 0x80008762 (0x00000e10) c.addi4spn a2, sp, 784
core   0: 3 0x80008762 (0x0e10) x12 0x00000311
core   0: 0x80008764 (0x9de2fd13) andi    s10, t0, -1570
core   0: 3 0x80008764 (0x9de2fd13) x26 0x00000180
core   0: 0x80008768 (0x00008ff1) c.and   a5, a2
core   0: 3 0x80008768 (0x8ff1) x15 0x00000200
core   0: 0x8000876a (0x012d6db3) or      s11, s10, s2
core   0: 3 0x8000876a (0x012d6db3) x27 0x7fff139c
core   0: 0x8000876e (0x00008e85) c.sub   a3, s1
core   0: 3 0x8000876e (0x8e85) x13 0x84e3f432
core   0: 0x80008770 (0x00000001) c.nop
core   0: 3 0x80008770 (0x0001)
core   0: 0x80008772 (0x00000001) c.nop
core   0: 3 0x80008772 (0x0001)
core   0: 0x80008774 (0x62e44b93) xori    s7, s0, 1582
core   0: 3 0x80008774 (0x62e44b93) x23 0x0b4d562e
core   0: 0x80008778 (0x03accd13) xori    s10, s9, 58
core   0: 3 0x80008778 (0x03accd13) x26 0x0000003a
core   0: 0x8000877c (0x00008421) c.srai  s0, 8
core   0: 3 0x8000877c (0x8421) x 8 0x000b4d50
core   0: 0x8000877e (0x00008e75) c.and   a2, a3
core   0: 3 0x8000877e (0x8e75) x12 0x00000010
core   0: 0x80008780 (0x23faa013) slti    zero, s5, 575
core   0: 3 0x80008780 (0x23faa013)
core   0: 0x80008784 (0x03b8bd33) mulhu   s10, a7, s11
core   0: 3 0x80008784 (0x03b8bd33) x26 0x01e7f12f
core   0: 0x80008788 (0x000002c2) c.slli  t0, 16
core   0: 3 0x80008788 (0x02c2) x 5 0x01a10000
core   0: 0x8000878a (0x409fd193) srai    gp, t6, 9
core   0: 3 0x8000878a (0x409fd193) x 3 0xfffffffc
core   0: 0x8000878e (0x02125033) divu    zero, tp, ra
core   0: 3 0x8000878e (0x02125033)
core   0: 0x80008792 (0x031aa633) mulhsu  a2, s5, a7
core   0: 3 0x80008792 (0x031aa633) x12 0x00000000
core   0: 0x80008796 (0x00008fa1) c.xor   a5, s0
core   0: 3 0x80008796 (0x8fa1) x15 0x000b4f50
core   0: 0x80008798 (0x0000610d) c.addi16sp sp, 160
core   0: 3 0x80008798 (0x610d) x 2 0x000000a1
core   0: 0x8000879a (0x4f46ac93) slti    s9, a3, 1268
core   0: 3 0x8000879a (0x4f46ac93) x25 0x00000001
core   0: 0x8000879e (0x0000198c) c.addi4spn a1, sp, 240
core   0: 3 0x8000879e (0x198c) x11 0x00000191
core   0: 0x800087a0 (0x0004fe33) and     t3, s1, zero
core   0: 3 0x800087a0 (0x0004fe33) x28 0x00000000
core   0: 0x800087a4 (0x018a7e33) and     t3, s4, s8
core   0: 3 0x800087a4 (0x018a7e33) x28 0x0000f200
core   0: 0x800087a8 (0x3b072d93) slti    s11, a4, 944
core   0: 3 0x800087a8 (0x3b072d93) x27 0x00000000
core   0: 0x800087ac (0x00008d81) c.sub   a1, s0
core   0: 3 0x800087ac (0x8d81) x11 0xfff4b441
core   0: 0x800087ae (0xbe8662b7) lui     t0, 0xbe866
core   0: 3 0x800087ae (0xbe8662b7) x 5 0xbe866000
core   0: 0x800087b2 (0xe2828293) addi    t0, t0, -472
core   0: 3 0x800087b2 (0xe2828293) x 5 0xbe865e28
core   0: 0x800087b6 (0x800007b7) lui     a5, 0x80000
core   0: 3 0x800087b6 (0x800007b7) x15 0x80000000
core   0: 0x800087ba (0xfff00093) li      ra, -1
core   0: 3 0x800087ba (0xfff00093) x 1 0xffffffff
core   0: 0x800087be (0x800004b7) lui     s1, 0x80000
core   0: 3 0x800087be (0x800004b7) x 9 0x80000000
core   0: 0x800087c2 (0x00004c81) c.li    s9, 0
core   0: 3 0x800087c2 (0x4c81) x25 0x00000000
core   0: 0x800087c4 (0x00004581) c.li    a1, 0
core   0: 3 0x800087c4 (0x4581) x11 0x00000000
core   0: 0x800087c6 (0x80000c37) lui     s8, 0x80000
core   0: 3 0x800087c6 (0x80000c37) x24 0x80000000
core   0: 0x800087ca (0x80000537) lui     a0, 0x80000
core   0: 3 0x800087ca (0x80000537) x10 0x80000000
core   0: 0x800087ce (0x80000437) lui     s0, 0x80000
core   0: 3 0x800087ce (0x80000437) x 8 0x80000000
core   0: 0x800087d2 (0x80000f37) lui     t5, 0x80000
core   0: 3 0x800087d2 (0x80000f37) x30 0x80000000
core   0: 0x800087d6 (0x029c2f33) mulhsu  t5, s8, s1
core   0: 3 0x800087d6 (0x029c2f33) x30 0xc0000000
core   0: 0x800087da (0x1176d537) lui     a0, 0x1176d
core   0: 3 0x800087da (0x1176d537) x10 0x1176d000
core   0: 0x800087de (0x02a79f33) mulh    t5, a5, a0
core   0: 3 0x800087de (0x02a79f33) x30 0xf7449800
core   0: 0x800087e2 (0x029482b3) mul     t0, s1, s1
core   0: 3 0x800087e2 (0x029482b3) x 5 0x00000000
core   0: 0x800087e6 (0x0280d533) divu    a0, ra, s0
core   0: 3 0x800087e6 (0x0280d533) x10 0x00000001
core   0: 0x800087ea (0x419c80b3) sub     ra, s9, s9
core   0: 3 0x800087ea (0x419c80b3) x 1 0x00000000
core   0: 0x800087ee (0x000090aa) c.add   ra, a0
core   0: 3 0x800087ee (0x90aa) x 1 0x00000001
core   0: 0x800087f0 (0x00000001) c.nop
core   0: 3 0x800087f0 (0x0001)
core   0: 0x800087f2 (0x7b524517) auipc   a0, 0x7b524
core   0: 3 0x800087f2 (0x7b524517) x10 0xfb52c7f2
core   0: 0x800087f6 (0x405c8c33) sub     s8, s9, t0
core   0: 3 0x800087f6 (0x405c8c33) x24 0x00000000
core   0: 0x800087fa (0x049b9297) auipc   t0, 0x49b9
core   0: 3 0x800087fa (0x049b9297) x 5 0x849c17fa
core   0: 0x800087fe (0x03929433) mulh    s0, t0, s9
core   0: 3 0x800087fe (0x03929433) x 8 0x00000000
core   0: 0x80008802 (0xa49340b7) lui     ra, 0xa4934
core   0: 3 0x80008802 (0xa49340b7) x 1 0xa4934000
core   0: 0x80008806 (0x0280ccb3) div     s9, ra, s0
core   0: 3 0x80008806 (0x0280ccb3) x25 0xffffffff
core   0: 0x8000880a (0x25ad3f37) lui     t5, 0x25ad3
core   0: 3 0x8000880a (0x25ad3f37) x30 0x25ad3000
core   0: 0x8000880e (0x0297a7b3) mulhsu  a5, a5, s1
core   0: 3 0x8000880e (0x0297a7b3) x15 0xc0000000
core   0: 0x80008812 (0x43e3d797) auipc   a5, 0x43e3d
core   0: 3 0x80008812 (0x43e3d797) x15 0xc3e45812
core   0: 0x80008816 (0x00b59b33) sll     s6, a1, a1
core   0: 3 0x80008816 (0x00b59b33) x22 0x00000000
core   0: 0x8000881a (0x03c2a933) mulhsu  s2, t0, t3
core   0: 3 0x8000881a (0x03c2a933) x18 0xffff8b5b
core   0: 0x8000881e (0x00000001) c.nop
core   0: 3 0x8000881e (0x0001)
core   0: 0x80008820 (0x02aee3b3) rem     t2, t4, a0
core   0: 3 0x80008820 (0x02aee3b3) x 7 0x00000001
core   0: 0x80008824 (0x00008e75) c.and   a2, a3
core   0: 3 0x80008824 (0x8e75) x12 0x00000000
core   0: 0x80008826 (0x014af5b3) and     a1, s5, s4
core   0: 3 0x80008826 (0x014af5b3) x11 0x00000000
core   0: 0x8000882a (0x00f25833) srl     a6, tp, a5
core   0: 3 0x8000882a (0x00f25833) x16 0x00002000
core   0: 0x8000882e (0x034c3533) mulhu   a0, s8, s4
core   0: 3 0x8000882e (0x034c3533) x10 0x00000000
core   0: 0x80008832 (0x40018133) sub     sp, gp, zero
core   0: 3 0x80008832 (0x40018133) x 2 0xfffffffc
core   0: 0x80008836 (0x023717b3) mulh    a5, a4, gp
core   0: 3 0x80008836 (0x023717b3) x15 0xffffffff
core   0: 0x8000883a (0x01788c33) add     s8, a7, s7
core   0: 3 0x8000883a (0x01788c33) x24 0x0f1d3f98
core   0: 0x8000883e (0x00000001) c.nop
core   0: 3 0x8000883e (0x0001)
core   0: 0x80008840 (0x008dbb33) sltu    s6, s11, s0
core   0: 3 0x80008840 (0x008dbb33) x22 0x00000000
core   0: 0x80008844 (0x038892b3) mulh    t0, a7, s8
core   0: 3 0x80008844 (0x038892b3) x 5 0x00399e2d
core   0: 0x80008848 (0x11ae4993) xori    s3, t3, 282
core   0: 3 0x80008848 (0x11ae4993) x19 0x0000f31a
core   0: 0x8000884c (0x003cc6b3) xor     a3, s9, gp
core   0: 3 0x8000884c (0x003cc6b3) x13 0x00000003
core   0: 0x80008850 (0x418f5993) srai    s3, t5, 24
core   0: 3 0x80008850 (0x418f5993) x19 0x00000025
core   0: 0x80008854 (0x0151d093) srli    ra, gp, 21
core   0: 3 0x80008854 (0x0151d093) x 1 0x000007ff
core   0: 0x80008858 (0x1e6b3013) sltiu   zero, s6, 486
core   0: 3 0x80008858 (0x1e6b3013)
core   0: 0x8000885c (0x40e703b3) sub     t2, a4, a4
core   0: 3 0x8000885c (0x40e703b3) x 7 0x00000000
core   0: 0x80008860 (0x0005c033) xor     zero, a1, zero
core   0: 3 0x80008860 (0x0005c033)
core   0: 0x80008864 (0x1489c093) xori    ra, s3, 328
core   0: 3 0x80008864 (0x1489c093) x 1 0x0000016d
core   0: 0x80008868 (0x01cc88b3) add     a7, s9, t3
core   0: 3 0x80008868 (0x01cc88b3) x17 0x0000f1ff
core   0: 0x8000886c (0x010562b3) or      t0, a0, a6
core   0: 3 0x8000886c (0x010562b3) x 5 0x00002000
core   0: 0x80008870 (0x899d0113) addi    sp, s10, -1895
core   0: 3 0x80008870 (0x899d0113) x 2 0x01e7e9c8
core   0: 0x80008874 (0x00006b75) c.lui   s6, 0x1d
core   0: 3 0x80008874 (0x6b75) x22 0x0001d000
core   0: 0x80008876 (0x00008e19) c.sub   a2, a4
core   0: 3 0x80008876 (0x8e19) x12 0xff0e88bc
core   0: 0x80008878 (0x1f9ce793) ori     a5, s9, 505
core   0: 3 0x80008878 (0x1f9ce793) x15 0xffffffff
core   0: 0x8000887c (0x00009bfd) c.andi  a5, -1
core   0: 3 0x8000887c (0x9bfd) x15 0xffffffff
core   0: 0x8000887e (0x016b5d93) srli    s11, s6, 22
core   0: 3 0x8000887e (0x016b5d93) x27 0x00000000
core   0: 0x80008882 (0x4018dc33) sra     s8, a7, ra
core   0: 3 0x80008882 (0x4018dc33) x24 0x00000007
core   0: 0x80008886 (0x000003b6) c.slli  t2, 13
core   0: 3 0x80008886 (0x03b6) x 7 0x00000000
core   0: 0x80008888 (0x2782f193) andi    gp, t0, 632
core   0: 3 0x80008888 (0x2782f193) x 3 0x00000000
core   0: 0x8000888c (0x3ee88c13) addi    s8, a7, 1006
core   0: 3 0x8000888c (0x3ee88c13) x24 0x0000f5ed
core   0: 0x80008890 (0x1122f113) andi    sp, t0, 274
core   0: 3 0x80008890 (0x1122f113) x 2 0x00000000
core   0: 0x80008894 (0x0173ceb3) xor     t4, t2, s7
core   0: 3 0x80008894 (0x0173ceb3) x29 0x0b4d562e
core   0: 0x80008898 (0x000098fd) c.andi  s1, -1
core   0: 3 0x80008898 (0x98fd) x 9 0x80000000
core   0: 0x8000889a (0x000083a2) c.mv    t2, s0
core   0: 3 0x8000889a (0x83a2) x 7 0x00000000
core   0: 0x8000889c (0x414cdc93) srai    s9, s9, 20
core   0: 3 0x8000889c (0x414cdc93) x25 0xffffffff
core   0: 0x800088a0 (0x00006db5) c.lui   s11, 0xd
core   0: 3 0x800088a0 (0x6db5) x27 0x0000d000
core   0: 0x800088a2 (0xbadbf613) andi    a2, s7, -1107
core   0: 3 0x800088a2 (0xbadbf613) x12 0x0b4d522c
core   0: 0x800088a6 (0xcae9e113) ori     sp, s3, -850
core   0: 3 0x800088a6 (0xcae9e113) x 2 0xfffffcaf
core   0: 0x800088aa (0x00008f0d) c.sub   a4, a1
core   0: 3 0x800088aa (0x8f0d) x14 0x00f17744
core   0: 0x800088ac (0x0000863e) c.mv    a2, a5
core   0: 3 0x800088ac (0x863e) x12 0xffffffff
core   0: 0x800088ae (0x00af5933) srl     s2, t5, a0
core   0: 3 0x800088ae (0x00af5933) x18 0x25ad3000
core   0: 0x800088b2 (0x021d14b3) mulh    s1, s10, ra
core   0: 3 0x800088b2 (0x021d14b3) x 9 0x00000002
core   0: 0x800088b6 (0x410a0833) sub     a6, s4, a6
core   0: 3 0x800088b6 (0x410a0833) x16 0x8000de64
core   0: 0x800088ba (0x00008f3e) c.mv    t5, a5
core   0: 3 0x800088ba (0x8f3e) x30 0xffffffff
core   0: 0x800088bc (0x400d5133) sra     sp, s10, zero
core   0: 3 0x800088bc (0x400d5133) x 2 0x01e7f12f
core   0: 0x800088c0 (0x00501f13) slli    t5, zero, 5
core   0: 3 0x800088c0 (0x00501f13) x30 0x00000000
core   0: 0x800088c4 (0x000082c5) c.srli  a3, 17
core   0: 3 0x800088c4 (0x82c5) x13 0x00000000
core   0: 0x800088c6 (0x0343cd33) div     s10, t2, s4
core   0: 3 0x800088c6 (0x0343cd33) x26 0x00000000
core   0: 0x800088ca (0x1ab2e613) ori     a2, t0, 427
core   0: 3 0x800088ca (0x1ab2e613) x12 0x000021ab
core   0: 0x800088ce (0x4108d513) srai    a0, a7, 16
core   0: 3 0x800088ce (0x4108d513) x10 0x00000000
core   0: 0x800088d2 (0x00000d2a) c.slli  s10, 10
core   0: 3 0x800088d2 (0x0d2a) x26 0x00000000
core   0: 0x800088d4 (0x02cfdb33) divu    s6, t6, a2
core   0: 3 0x800088d4 (0x02cfdb33) x22 0x00079a89
core   0: 0x800088d8 (0x000069ad) c.lui   s3, 0xb
core   0: 3 0x800088d8 (0x69ad) x19 0x0000b000
core   0: 0x800088da (0x41bd0b33) sub     s6, s10, s11
core   0: 3 0x800088da (0x41bd0b33) x22 0xffff3000
core   0: 0x800088de (0x00955013) srli    zero, a0, 9
core   0: 3 0x800088de (0x00955013)
core   0: 0x800088e2 (0x0294d433) divu    s0, s1, s1
core   0: 3 0x800088e2 (0x0294d433) x 8 0x00000001
core   0: 0x800088e6 (0x4000dd93) srai    s11, ra, 0
core   0: 3 0x800088e6 (0x4000dd93) x27 0x0000016d
core   0: 0x800088ea (0x02c2c6b3) div     a3, t0, a2
core   0: 3 0x800088ea (0x02c2c6b3) x13 0x00000000
core   0: 0x800088ee (0x009c4c33) xor     s8, s8, s1
core   0: 3 0x800088ee (0x009c4c33) x24 0x0000f5ef
core   0: 0x800088f2 (0x000081dd) c.srli  a1, 23
core   0: 3 0x800088f2 (0x81dd) x11 0x00000000
core   0: 0x800088f4 (0x000009be) c.slli  s3, 15
core   0: 3 0x800088f4 (0x09be) x19 0x58000000
core   0: 0x800088f6 (0x01d72bb3) slt     s7, a4, t4
core   0: 3 0x800088f6 (0x01d72bb3) x23 0x00000001
core   0: 0x800088fa (0x00000b0c) c.addi4spn a1, sp, 400
core   0: 3 0x800088fa (0x0b0c) x11 0x01e7f2bf
core   0: 0x800088fc (0x01f5d6b3) srl     a3, a1, t6
core   0: 3 0x800088fc (0x01f5d6b3) x13 0x01e7f2bf
core   0: 0x80008900 (0x0000717d) c.addi16sp sp, -16
core   0: 3 0x80008900 (0x717d) x 2 0x01e7f11f
core   0: 0x80008902 (0x00008f71) c.and   a4, a2
core   0: 3 0x80008902 (0x8f71) x14 0x00002100
core   0: 0x80008904 (0x00001198) c.addi4spn a4, sp, 224
core   0: 3 0x80008904 (0x1198) x14 0x01e7f1ff
core   0: 0x80008906 (0x00008ec9) c.or    a3, a0
core   0: 3 0x80008906 (0x8ec9) x13 0x01e7f2bf
core   0: 0x80008908 (0x0119dfb3) srl     t6, s3, a7
core   0: 3 0x80008908 (0x0119dfb3) x31 0x00000000
core   0: 0x8000890c (0x0144db13) srli    s6, s1, 20
core   0: 3 0x8000890c (0x0144db13) x22 0x00000000
core   0: 0x80008910 (0x000085e9) c.srai  a1, 26
core   0: 3 0x80008910 (0x85e9) x11 0x00000000
core   0: 0x80008912 (0x00009f4e) c.add   t5, s3
core   0: 3 0x80008912 (0x9f4e) x30 0x58000000
core   0: 0x80008914 (0x03380433) mul     s0, a6, s3
core   0: 3 0x80008914 (0x03380433) x 8 0x60000000
core   0: 0x80008918 (0x00008a15) c.andi  a2, 5
core   0: 3 0x80008918 (0x8a15) x12 0x00000001
core   0: 0x8000891a (0xb7a0e193) ori     gp, ra, -1158
core   0: 3 0x8000891a (0xb7a0e193) x 3 0xfffffb7f
core   0: 0x8000891e (0x00000611) c.addi  a2, 4
core   0: 3 0x8000891e (0x0611) x12 0x00000005
core   0: 0x80008920 (0x01591893) slli    a7, s2, 21
core   0: 3 0x80008920 (0x01591893) x17 0x00000000
core   0: 0x80008924 (0x02cff733) remu    a4, t6, a2
core   0: 3 0x80008924 (0x02cff733) x14 0x00000000
core   0: 0x80008928 (0x01c3f2b3) and     t0, t2, t3
core   0: 3 0x80008928 (0x01c3f2b3) x 5 0x00000000
core   0: 0x8000892c (0x0227d1b3) divu    gp, a5, sp
core   0: 3 0x8000892c (0x0227d1b3) x 3 0x00000086
core   0: 0x80008930 (0x9831e713) ori     a4, gp, -1661
core   0: 3 0x80008930 (0x9831e713) x14 0xfffff987
core   0: 0x80008934 (0x01c2e0b3) or      ra, t0, t3
core   0: 3 0x80008934 (0x01c2e0b3) x 1 0x0000f200
core   0: 0x80008938 (0x000086fd) c.srai  a3, 31
core   0: 3 0x80008938 (0x86fd) x13 0x00000000
core   0: 0x8000893a (0x00008345) c.srli  a4, 17
core   0: 3 0x8000893a (0x8345) x14 0x00007fff
core   0: 0x8000893c (0x37d7a813) slti    a6, a5, 893
core   0: 3 0x8000893c (0x37d7a813) x16 0x00000001
core   0: 0x80008940 (0x010824b3) slt     s1, a6, a6
core   0: 3 0x80008940 (0x010824b3) x 9 0x00000000
core   0: 0x80008944 (0x41505013) srai    zero, zero, 21
core   0: 3 0x80008944 (0x41505013)
core   0: 0x80008948 (0x85723693) sltiu   a3, tp, -1961
core   0: 3 0x80008948 (0x85723693) x13 0x00000001
core   0: 0x8000894c (0x60987b13) andi    s6, a6, 1545
core   0: 3 0x8000894c (0x60987b13) x22 0x00000001
core   0: 0x80008950 (0x01392033) slt     zero, s2, s3
core   0: 3 0x80008950 (0x01392033)
core   0: 0x80008954 (0x02dd9533) mulh    a0, s11, a3
core   0: 3 0x80008954 (0x02dd9533) x10 0x00000000
core   0: 0x80008958 (0x013f1e13) slli    t3, t5, 19
core   0: 3 0x80008958 (0x013f1e13) x28 0x00000000
core   0: 0x8000895c (0x031f81b3) mul     gp, t6, a7
core   0: 3 0x8000895c (0x031f81b3) x 3 0x00000000
core   0: 0x80008960 (0x0f7a4493) xori    s1, s4, 247
core   0: 3 0x80008960 (0x0f7a4493) x 9 0x8000fe93
core   0: 0x80008964 (0x01e35613) srli    a2, t1, 30
core   0: 3 0x80008964 (0x01e35613) x12 0x00000002
core   0: 0x80008968 (0x03bbe033) rem     zero, s7, s11
core   0: 3 0x80008968 (0x03bbe033)
core   0: 0x8000896c (0x00008bee) c.mv    s7, s11
core   0: 3 0x8000896c (0x8bee) x23 0x0000016d
core   0: 0x8000896e (0x00541193) slli    gp, s0, 5
core   0: 3 0x8000896e (0x00541193) x 3 0x00000000
core   0: 0x80008972 (0x2c3f3513) sltiu   a0, t5, 707
core   0: 3 0x80008972 (0x2c3f3513) x10 0x00000000
core   0: 0x80008976 (0x0000717d) c.addi16sp sp, -16
core   0: 3 0x80008976 (0x717d) x 2 0x01e7f10f
core   0: 0x80008978 (0x00008ec9) c.or    a3, a0
core   0: 3 0x80008978 (0x8ec9) x13 0x00000001
core   0: 0x8000897a (0x02b5d633) divu    a2, a1, a1
core   0: 3 0x8000897a (0x02b5d633) x12 0xffffffff
core   0: 0x8000897e (0x00008da1) c.xor   a1, s0
core   0: 3 0x8000897e (0x8da1) x11 0x60000000
core   0: 0x80008980 (0x00008e9d) c.sub   a3, a5
core   0: 3 0x80008980 (0x8e9d) x13 0x00000002
core   0: 0x80008982 (0x00f511b3) sll     gp, a0, a5
core   0: 3 0x80008982 (0x00f511b3) x 3 0x00000000
core   0: 0x80008986 (0x00c9e3b3) or      t2, s3, a2
core   0: 3 0x80008986 (0x00c9e3b3) x 7 0xffffffff
core   0: 0x8000898a (0x0019dcb3) srl     s9, s3, ra
core   0: 3 0x8000898a (0x0019dcb3) x25 0x58000000
core   0: 0x8000898e (0x2df17413) andi    s0, sp, 735
core   0: 3 0x8000898e (0x2df17413) x 8 0x0000000f
core   0: 0x80008992 (0x026ce0b3) rem     ra, s9, t1
core   0: 3 0x80008992 (0x026ce0b3) x 1 0x58000000
core   0: 0x80008996 (0x00000001) c.nop
core   0: 3 0x80008996 (0x0001)
core   0: 0x80008998 (0x02a80133) mul     sp, a6, a0
core   0: 3 0x80008998 (0x02a80133) x 2 0x00000000
core   0: 0x8000899c (0x69819e17) auipc   t3, 0x69819
core   0: 3 0x8000899c (0x69819e17) x28 0xe982199c
core   0: 0x800089a0 (0x00009c6e) c.add   s8, s11
core   0: 3 0x800089a0 (0x9c6e) x24 0x0000f75c
core   0: 0x800089a2 (0x0000577d) c.li    a4, -1
core   0: 3 0x800089a2 (0x577d) x14 0xffffffff
core   0: 0x800089a4 (0x00006f09) c.lui   t5, 0x2
core   0: 3 0x800089a4 (0x6f09) x30 0x00002000
core   0: 0x800089a6 (0xd00a0513) addi    a0, s4, -768
core   0: 3 0x800089a6 (0xd00a0513) x10 0x8000fb64
core   0: 0x800089aa (0xbb207993) andi    s3, zero, -1102
core   0: 3 0x800089aa (0xbb207993) x19 0x00000000
core   0: 0x800089ae (0x000086fd) c.srai  a3, 31
core   0: 3 0x800089ae (0x86fd) x13 0x00000000
core   0: 0x800089b0 (0x00008789) c.srai  a5, 2
core   0: 3 0x800089b0 (0x8789) x15 0xffffffff
core   0: 0x800089b2 (0x01358cb3) add     s9, a1, s3
core   0: 3 0x800089b2 (0x01358cb3) x25 0x60000000
core   0: 0x800089b6 (0x33022693) slti    a3, tp, 816
core   0: 3 0x800089b6 (0x33022693) x13 0x00000001
core   0: 0x800089ba (0x40add3b3) sra     t2, s11, a0
core   0: 3 0x800089ba (0x40add3b3) x 7 0x00000016
core   0: 0x800089be (0x01e614b3) sll     s1, a2, t5
core   0: 3 0x800089be (0x01e614b3) x 9 0xffffffff
core   0: 0x800089c2 (0x03799e33) mulh    t3, s3, s7
core   0: 3 0x800089c2 (0x03799e33) x28 0x00000000
core   0: 0x800089c6 (0x40505733) sra     a4, zero, t0
core   0: 3 0x800089c6 (0x40505733) x14 0x00000000
core   0: 0x800089ca (0x025c96b3) mulh    a3, s9, t0
core   0: 3 0x800089ca (0x025c96b3) x13 0x00000000
core   0: 0x800089ce (0x0000179c) c.addi4spn a5, sp, 992
core   0: 3 0x800089ce (0x179c) x15 0x000003e0
core   0: 0x800089d0 (0xeca1e8b7) lui     a7, 0xeca1e
core   0: 3 0x800089d0 (0xeca1e8b7) x17 0xeca1e000
core   0: 0x800089d4 (0x018ae5b3) or      a1, s5, s8
core   0: 3 0x800089d4 (0x018ae5b3) x11 0x0000f75c
core   0: 0x800089d8 (0x411a0033) sub     zero, s4, a7
core   0: 3 0x800089d8 (0x411a0033)
core   0: 0x800089dc (0x00008341) c.srli  a4, 16
core   0: 3 0x800089dc (0x8341) x14 0x00000000
core   0: 0x800089de (0x00000fed) c.addi  t6, 27
core   0: 3 0x800089de (0x0fed) x31 0x0000001b
core   0: 0x800089e0 (0x01619ab3) sll     s5, gp, s6
core   0: 3 0x800089e0 (0x01619ab3) x21 0x00000000
core   0: 0x800089e4 (0x00000001) c.nop
core   0: 3 0x800089e4 (0x0001)
core   0: 0x800089e6 (0xe9c40d13) addi    s10, s0, -356
core   0: 3 0x800089e6 (0xe9c40d13) x26 0xfffffeab
core   0: 0x800089ea (0xd2f50113) addi    sp, a0, -721
core   0: 3 0x800089ea (0xd2f50113) x 2 0x8000f893
core   0: 0x800089ee (0x032fe433) rem     s0, t6, s2
core   0: 3 0x800089ee (0x032fe433) x 8 0x0000001b
core   0: 0x800089f2 (0x000062bd) c.lui   t0, 0xf
core   0: 3 0x800089f2 (0x62bd) x 5 0x0000f000
core   0: 0x800089f4 (0x02f20fb3) mul     t6, tp, a5
core   0: 3 0x800089f4 (0x02f20fb3) x31 0x04cbf380
core   0: 0x800089f8 (0x00006111) c.addi16sp sp, 256
core   0: 3 0x800089f8 (0x6111) x 2 0x8000f993
core   0: 0x800089fa (0x000084d5) c.srai  s1, 21
core   0: 3 0x800089fa (0x84d5) x 9 0xffffffff
core   0: 0x800089fc (0x00008c99) c.sub   s1, a4
core   0: 3 0x800089fc (0x8c99) x 9 0xffffffff
core   0: 0x800089fe (0x18c71517) auipc   a0, 0x18c71
core   0: 3 0x800089fe (0x18c71517) x10 0x98c799fe
core   0: 0x80008a02 (0x0156d013) srli    zero, a3, 21
core   0: 3 0x80008a02 (0x0156d013)
core   0: 0x80008a06 (0x000089e6) c.mv    s3, s9
core   0: 3 0x80008a06 (0x89e6) x19 0x60000000
core   0: 0x80008a08 (0x566aa013) slti    zero, s5, 1382
core   0: 3 0x80008a08 (0x566aa013)
core   0: 0x80008a0c (0x00000732) c.slli  a4, 12
core   0: 3 0x80008a0c (0x0732) x14 0x00000000
core   0: 0x80008a0e (0x000086f2) c.mv    a3, t3
core   0: 3 0x80008a0e (0x86f2) x13 0x00000000
core   0: 0x80008a10 (0x40cf5013) srai    zero, t5, 12
core   0: 3 0x80008a10 (0x40cf5013)
core   0: 0x80008a14 (0x00005cfd) c.li    s9, -1
core   0: 3 0x80008a14 (0x5cfd) x25 0xffffffff
core   0: 0x80008a16 (0x03e06033) rem     zero, zero, t5
core   0: 3 0x80008a16 (0x03e06033)
core   0: 0x80008a1a (0x40cd0633) sub     a2, s10, a2
core   0: 3 0x80008a1a (0x40cd0633) x12 0xfffffeac
core   0: 0x80008a1e (0x037a0c33) mul     s8, s4, s7
core   0: 3 0x80008a1e (0x037a0c33) x24 0x816ab494
core   0: 0x80008a22 (0xd0496693) ori     a3, s2, -764
core   0: 3 0x80008a22 (0xd0496693) x13 0xfffffd04
core   0: 0x80008a26 (0x40d55833) sra     a6, a0, a3
core   0: 3 0x80008a26 (0x40d55833) x16 0xf98c799f
core   0: 0x80008a2a (0x00f84e33) xor     t3, a6, a5
core   0: 3 0x80008a2a (0x00f84e33) x28 0xf98c7a7f
core   0: 0x80008a2e (0x037cef33) rem     t5, s9, s7
core   0: 3 0x80008a2e (0x037cef33) x30 0xffffffff
core   0: 0x80008a32 (0x025ddf33) divu    t5, s11, t0
core   0: 3 0x80008a32 (0x025ddf33) x30 0x00000000
core   0: 0x80008a36 (0x00000001) c.nop
core   0: 3 0x80008a36 (0x0001)
core   0: 0x80008a38 (0xc8322c13) slti    s8, tp, -893
core   0: 3 0x80008a38 (0xc8322c13) x24 0x00000001
core   0: 0x80008a3c (0x4163d713) srai    a4, t2, 22
core   0: 3 0x80008a3c (0x4163d713) x14 0x00000000
core   0: 0x80008a40 (0x40fadf13) srai    t5, s5, 15
core   0: 3 0x80008a40 (0x40fadf13) x30 0x00000000
core   0: 0x80008a44 (0x112a0793) addi    a5, s4, 274
core   0: 3 0x80008a44 (0x112a0793) x15 0x8000ff76
core   0: 0x80008a48 (0x7906d6b7) lui     a3, 0x7906d
core   0: 3 0x80008a48 (0x7906d6b7) x13 0x7906d000
core   0: 0x80008a4c (0x0000084a) c.slli  a6, 18
core   0: 3 0x80008a4c (0x084a) x16 0xe67c0000
core   0: 0x80008a4e (0x00008589) c.srai  a1, 2
core   0: 3 0x80008a4e (0x8589) x11 0x00003dd7
core   0: 0x80008a50 (0x02cefeb3) remu    t4, t4, a2
core   0: 3 0x80008a50 (0x02cefeb3) x29 0x0b4d562e
core   0: 0x80008a54 (0x008b5f93) srli    t6, s6, 8
core   0: 3 0x80008a54 (0x008b5f93) x31 0x00000000
core   0: 0x80008a58 (0x03b52033) mulhsu  zero, a0, s11
core   0: 3 0x80008a58 (0x03b52033)
core   0: 0x80008a5c (0x00915b13) srli    s6, sp, 9
core   0: 3 0x80008a5c (0x00915b13) x22 0x0040007c
core   0: 0x80008a60 (0xe86f0d13) addi    s10, t5, -378
core   0: 3 0x80008a60 (0xe86f0d13) x26 0xfffffe86
core   0: 0x80008a64 (0x024144b3) div     s1, sp, tp
core   0: 3 0x80008a64 (0x024144b3) x 9 0x00000001
core   0: 0x80008a68 (0xf38fe693) ori     a3, t6, -200
core   0: 3 0x80008a68 (0xf38fe693) x13 0xffffff38
core   0: 0x80008a6c (0x00008dd9) c.or    a1, a4
core   0: 3 0x80008a6c (0x8dd9) x11 0x00003dd7
core   0: 0x80008a6e (0x407f5bb3) sra     s7, t5, t2
core   0: 3 0x80008a6e (0x407f5bb3) x23 0x00000000
core   0: 0x80008a72 (0x030a1433) mulh    s0, s4, a6
core   0: 3 0x80008a72 (0x030a1433) x 8 0x0cc1e6a5
core   0: 0x80008a76 (0x40715d13) srai    s10, sp, 7
core   0: 3 0x80008a76 (0x40715d13) x26 0xff0001f3
core   0: 0x80008a7a (0x03bd1833) mulh    a6, s10, s11
core   0: 3 0x80008a7a (0x03bd1833) x16 0xfffffffe
core   0: 0x80008a7e (0x01b1db13) srli    s6, gp, 27
core   0: 3 0x80008a7e (0x01b1db13) x22 0x00000000
core   0: 0x80008a82 (0x003e63b3) or      t2, t3, gp
core   0: 3 0x80008a82 (0x003e63b3) x 7 0xf98c7a7f
core   0: 0x80008a86 (0x415681b3) sub     gp, a3, s5
core   0: 3 0x80008a86 (0x415681b3) x 3 0xffffff38
core   0: 0x80008a8a (0x00819b13) slli    s6, gp, 8
core   0: 3 0x80008a8a (0x00819b13) x22 0xffff3800
core   0: 0x80008a8e (0x0000964e) c.add   a2, s3
core   0: 3 0x80008a8e (0x964e) x12 0x5ffffeac
core   0: 0x80008a90 (0x00008776) c.mv    a4, t4
core   0: 3 0x80008a90 (0x8776) x14 0x0b4d562e
core   0: 0x80008a92 (0x02dd71b3) remu    gp, s10, a3
core   0: 3 0x80008a92 (0x02dd71b3) x 3 0xff0001f3
core   0: 0x80008a96 (0x403ed613) srai    a2, t4, 3
core   0: 3 0x80008a96 (0x403ed613) x12 0x0169aac5
core   0: 0x80008a9a (0x037c5833) divu    a6, s8, s7
core   0: 3 0x80008a9a (0x037c5833) x16 0xffffffff
core   0: 0x80008a9e (0x00008c49) c.or    s0, a0
core   0: 3 0x80008a9e (0x8c49) x 8 0x9cc7ffff
core   0: 0x80008aa0 (0x00009d3e) c.add   s10, a5
core   0: 3 0x80008aa0 (0x9d3e) x26 0x7f010169
core   0: 0x80008aa2 (0x00000f7a) c.slli  t5, 30
core   0: 3 0x80008aa2 (0x0f7a) x30 0x00000000
core   0: 0x80008aa4 (0x0162f8b3) and     a7, t0, s6
core   0: 3 0x80008aa4 (0x0162f8b3) x17 0x00003000
core   0: 0x80008aa8 (0x00005e7d) c.li    t3, -1
core   0: 3 0x80008aa8 (0x5e7d) x28 0xffffffff
core   0: 0x80008aaa (0x00008c15) c.sub   s0, a3
core   0: 3 0x80008aaa (0x8c15) x 8 0x9cc800c7
core   0: 0x80008aac (0x02056633) rem     a2, a0, zero
core   0: 3 0x80008aac (0x02056633) x12 0x98c799fe
core   0: 0x80008ab0 (0x0145e4b3) or      s1, a1, s4
core   0: 3 0x80008ab0 (0x0145e4b3) x 9 0x8000fff7
core   0: 0x80008ab4 (0x000047e5) c.li    a5, 25
core   0: 3 0x80008ab4 (0x47e5) x15 0x00000019
core   0: 0x80008ab6 (0x0000878d) c.srai  a5, 3
core   0: 3 0x80008ab6 (0x878d) x15 0x00000003
core   0: 0x80008ab8 (0x00000001) c.nop
core   0: 3 0x80008ab8 (0x0001)
core   0: 0x80008aba (0x020482b3) mul     t0, s1, zero
core   0: 3 0x80008aba (0x020482b3) x 5 0x00000000
core   0: 0x80008abe (0x40c40bb3) sub     s7, s0, a2
core   0: 3 0x80008abe (0x40c40bb3) x23 0x040066c9
core   0: 0x80008ac2 (0x0251bab3) mulhu   s5, gp, t0
core   0: 3 0x80008ac2 (0x0251bab3) x21 0x00000000
core   0: 0x80008ac6 (0x03b9a533) mulhsu  a0, s3, s11
core   0: 3 0x80008ac6 (0x03b9a533) x10 0x00000088
core   0: 0x80008aca (0x0000177d) c.addi  a4, -1
core   0: 3 0x80008aca (0x177d) x14 0x0b4d562d
core   0: 0x80008acc (0xaa3bc913) xori    s2, s7, -1373
core   0: 3 0x80008acc (0xaa3bc913) x18 0xfbff9c6a
core   0: 0x80008ad0 (0x00008afd) c.andi  a3, 31
core   0: 3 0x80008ad0 (0x8afd) x13 0x00000018
core   0: 0x80008ad2 (0x01c1e833) or      a6, gp, t3
core   0: 3 0x80008ad2 (0x01c1e833) x16 0xffffffff
core   0: 0x80008ad6 (0xad406413) ori     s0, zero, -1324
core   0: 3 0x80008ad6 (0xad406413) x 8 0xfffffad4
core   0: 0x80008ada (0x00185993) srli    s3, a6, 1
core   0: 3 0x80008ada (0x00185993) x19 0x7fffffff
core   0: 0x80008ade (0x03e3ffb3) remu    t6, t2, t5
core   0: 3 0x80008ade (0x03e3ffb3) x31 0xf98c7a7f
core   0: 0x80008ae2 (0x41af8613) addi    a2, t6, 1050
core   0: 3 0x80008ae2 (0x41af8613) x12 0xf98c7e99
core   0: 0x80008ae6 (0x00006385) c.lui   t2, 0x1
core   0: 3 0x80008ae6 (0x6385) x 7 0x00001000
core   0: 0x80008ae8 (0x00000001) c.nop
core   0: 3 0x80008ae8 (0x0001)
core   0: 0x80008aea (0x02eb43b3) div     t2, s6, a4
core   0: 3 0x80008aea (0x02eb43b3) x 7 0x00000000
core   0: 0x80008aee (0x00000b39) c.addi  s6, 14
core   0: 3 0x80008aee (0x0b39) x22 0xffff380e
core   0: 0x80008af0 (0x019c13b3) sll     t2, s8, s9
core   0: 3 0x80008af0 (0x019c13b3) x 7 0x80000000
core   0: 0x80008af4 (0x018d7133) and     sp, s10, s8
core   0: 3 0x80008af4 (0x018d7133) x 2 0x00000001
core   0: 0x80008af8 (0x00004615) c.li    a2, 5
core   0: 3 0x80008af8 (0x4615) x12 0x00000005
core   0: 0x80008afa (0x01aa6633) or      a2, s4, s10
core   0: 3 0x80008afa (0x01aa6633) x12 0xff01ff6d
core   0: 0x80008afe (0x00008fcd) c.or    a5, a1
core   0: 3 0x80008afe (0x8fcd) x15 0x00003dd7
core   0: 0x80008b00 (0x0343a7b3) mulhsu  a5, t2, s4
core   0: 3 0x80008b00 (0x0343a7b3) x15 0xbfff80ce
core   0: 0x80008b04 (0x02145eb3) divu    t4, s0, ra
core   0: 3 0x80008b04 (0x02145eb3) x29 0x00000002
core   0: 0x80008b08 (0x035967b3) rem     a5, s2, s5
core   0: 3 0x80008b08 (0x035967b3) x15 0xfbff9c6a
core   0: 0x80008b0c (0x0000717d) c.addi16sp sp, -16
core   0: 3 0x80008b0c (0x717d) x 2 0xfffffff1
core   0: 0x80008b0e (0x01f683b3) add     t2, a3, t6
core   0: 3 0x80008b0e (0x01f683b3) x 7 0xf98c7a97
core   0: 0x80008b12 (0x00c92833) slt     a6, s2, a2
core   0: 3 0x80008b12 (0x00c92833) x16 0x00000001
core   0: 0x80008b16 (0x00008d7e) c.mv    s10, t6
core   0: 3 0x80008b16 (0x8d7e) x26 0xf98c7a7f
core   0: 0x80008b18 (0x00008c6a) c.mv    s8, s10
core   0: 3 0x80008b18 (0x8c6a) x24 0xf98c7a7f
core   0: 0x80008b1a (0x01dd9133) sll     sp, s11, t4
core   0: 3 0x80008b1a (0x01dd9133) x 2 0x000005b4
core   0: 0x80008b1e (0x024ac433) div     s0, s5, tp
core   0: 3 0x80008b1e (0x024ac433) x 8 0x00000000
core   0: 0x80008b22 (0xe96afa93) andi    s5, s5, -362
core   0: 3 0x80008b22 (0xe96afa93) x21 0x00000000
core   0: 0x80008b26 (0x000080d1) c.srli  s1, 20
core   0: 3 0x80008b26 (0x80d1) x 9 0x00000800
core   0: 0x80008b28 (0x000080f1) c.srli  s1, 28
core   0: 3 0x80008b28 (0x80f1) x 9 0x00000000
core   0: 0x80008b2a (0x00008dc9) c.or    a1, a0
core   0: 3 0x80008b2a (0x8dc9) x11 0x00003ddf
core   0: 0x80008b2c (0x18f40a93) addi    s5, s0, 399
core   0: 3 0x80008b2c (0x18f40a93) x21 0x0000018f
core   0: 0x80008b30 (0x00000001) c.nop
core   0: 3 0x80008b30 (0x0001)
core   0: 0x80008b32 (0x00008f3d) c.xor   a4, a5
core   0: 3 0x80008b32 (0x8f3d) x14 0xf0b2ca47
core   0: 0x80008b34 (0x4190d7b3) sra     a5, ra, s9
core   0: 3 0x80008b34 (0x4190d7b3) x15 0x00000000
core   0: 0x80008b38 (0x00000001) c.nop
core   0: 3 0x80008b38 (0x0001)
core   0: 0x80008b3a (0x00008cf5) c.and   s1, a3
core   0: 3 0x80008b3a (0x8cf5) x 9 0x00000000
core   0: 0x80008b3c (0x00008785) c.srai  a5, 1
core   0: 3 0x80008b3c (0x8785) x15 0x00000000
core   0: 0x80008b3e (0x00624733) xor     a4, tp, t1
core   0: 3 0x80008b3e (0x00624733) x14 0x00013ce4
core   0: 0x80008b42 (0xb039ad93) slti    s11, s3, -1277
core   0: 3 0x80008b42 (0xb039ad93) x27 0x00000000
core   0: 0x80008b46 (0x0000814a) c.mv    sp, s2
core   0: 3 0x80008b46 (0x814a) x 2 0xfbff9c6a
core   0: 0x80008b48 (0x0000997d) c.andi  a0, -1
core   0: 3 0x80008b48 (0x997d) x10 0x00000088
core   0: 0x80008b4a (0x11dd2a93) slti    s5, s10, 285
core   0: 3 0x80008b4a (0x11dd2a93) x21 0x00000001
core   0: 0x80008b4e (0x027a1eb3) mulh    t4, s4, t2
core   0: 3 0x80008b4e (0x027a1eb3) x29 0x0339bc4b
core   0: 0x80008b52 (0x00008752) c.mv    a4, s4
core   0: 3 0x80008b52 (0x8752) x14 0x8000fe64
core   0: 0x80008b54 (0x01471993) slli    s3, a4, 20
core   0: 3 0x80008b54 (0x01471993) x19 0xe6400000
core   0: 0x80008b58 (0x000046e1) c.li    a3, 24
core   0: 3 0x80008b58 (0x46e1) x13 0x00000018
core   0: 0x80008b5a (0x413ddb93) srai    s7, s11, 19
core   0: 3 0x80008b5a (0x413ddb93) x23 0x00000000
core   0: 0x80008b5e (0x000000ee) c.slli  ra, 27
core   0: 3 0x80008b5e (0x00ee) x 1 0x00000000
core   0: 0x80008b60 (0x01cddb13) srli    s6, s11, 28
core   0: 3 0x80008b60 (0x01cddb13) x22 0x00000000
core   0: 0x80008b64 (0x000098fd) c.andi  s1, -1
core   0: 3 0x80008b64 (0x98fd) x 9 0x00000000
core   0: 0x80008b66 (0x00008f21) c.xor   a4, s0
core   0: 3 0x80008b66 (0x8f21) x14 0x8000fe64
core   0: 0x80008b68 (0x041fb517) auipc   a0, 0x41fb
core   0: 3 0x80008b68 (0x041fb517) x10 0x84203b68
core   0: 0x80008b6c (0x00008d9d) c.sub   a1, a5
core   0: 3 0x80008b6c (0x8d9d) x11 0x00003ddf
core   0: 0x80008b6e (0x017f7833) and     a6, t5, s7
core   0: 3 0x80008b6e (0x017f7833) x16 0x00000000
core   0: 0x80008b72 (0x00008d95) c.sub   a1, a3
core   0: 3 0x80008b72 (0x8d95) x11 0x00003dc7
core   0: 0x80008b74 (0x00595793) srli    a5, s2, 5
core   0: 3 0x80008b74 (0x00595793) x15 0x07dffce3
core   0: 0x80008b78 (0x00008f29) c.xor   a4, a0
core   0: 3 0x80008b78 (0x8f29) x14 0x0420c50c
core   0: 0x80008b7a (0xc96d3693) sltiu   a3, s10, -874
core   0: 3 0x80008b7a (0xc96d3693) x13 0x00000001
core   0: 0x80008b7e (0x034ea6b3) mulhsu  a3, t4, s4
core   0: 3 0x80008b7e (0x034ea6b3) x13 0x019ce15a
core   0: 0x80008b82 (0x5b7c2413) slti    s0, s8, 1463
core   0: 3 0x80008b82 (0x5b7c2413) x 8 0x00000001
core   0: 0x80008b86 (0x03bed3b3) divu    t2, t4, s11
core   0: 3 0x80008b86 (0x03bed3b3) x 7 0xffffffff
core   0: 0x80008b8a (0x00008fc5) c.or    a5, s1
core   0: 3 0x80008b8a (0x8fc5) x15 0x07dffce3
core   0: 0x80008b8c (0xfda27293) andi    t0, tp, -38
core   0: 3 0x80008b8c (0xfda27293) x 5 0x80013cc0
core   0: 0x80008b90 (0x006158b3) srl     a7, sp, t1
core   0: 3 0x80008b90 (0x006158b3) x17 0xfbff9c6a
core   0: 0x80008b94 (0x0335bc33) mulhu   s8, a1, s3
core   0: 3 0x80008b94 (0x0335bc33) x24 0x00003790
core   0: 0x80008b98 (0x000008f2) c.slli  a7, 28
core   0: 3 0x80008b98 (0x08f2) x17 0xa0000000
core   0: 0x80008b9a (0x00a0d5b3) srl     a1, ra, a0
core   0: 3 0x80008b9a (0x00a0d5b3) x11 0x00000000
core   0: 0x80008b9e (0x00004f4d) c.li    t5, 19
core   0: 3 0x80008b9e (0x4f4d) x30 0x00000013
core   0: 0x80008ba0 (0x000086f9) c.srai  a3, 30
core   0: 3 0x80008ba0 (0x86f9) x13 0x00000000
core   0: 0x80008ba2 (0x019d39b3) sltu    s3, s10, s9
core   0: 3 0x80008ba2 (0x019d39b3) x19 0x00000001
core   0: 0x80008ba6 (0x000080ce) c.mv    ra, s3
core   0: 3 0x80008ba6 (0x80ce) x 1 0x00000001
core   0: 0x80008ba8 (0x03a79433) mulh    s0, a5, s10
core   0: 3 0x80008ba8 (0x03a79433) x 8 0xffcd3258
core   0: 0x80008bac (0x03ae9133) mulh    sp, t4, s10
core   0: 3 0x80008bac (0x03ae9133) x 2 0xffeb30f8
core   0: 0x80008bb0 (0x000091a2) c.add   gp, s0
core   0: 3 0x80008bb0 (0x91a2) x 3 0xfecd344b
core   0: 0x80008bb2 (0x00008885) c.andi  s1, 1
core   0: 3 0x80008bb2 (0x8885) x 9 0x00000000
core   0: 0x80008bb4 (0x00008e59) c.or    a2, a4
core   0: 3 0x80008bb4 (0x8e59) x12 0xff21ff6d
core   0: 0x80008bb6 (0x00000001) c.nop
core   0: 3 0x80008bb6 (0x0001)
core   0: 0x80008bb8 (0x417ed9b3) sra     s3, t4, s7
core   0: 3 0x80008bb8 (0x417ed9b3) x19 0x0339bc4b
core   0: 0x80008bbc (0x033728b3) mulhsu  a7, a4, s3
core   0: 3 0x80008bbc (0x033728b3) x17 0x000d50a4
core   0: 0x80008bc0 (0x00008ed5) c.or    a3, a3
core   0: 3 0x80008bc0 (0x8ed5) x13 0x00000000
core   0: 0x80008bc2 (0x00006395) c.lui   t2, 0x5
core   0: 3 0x80008bc2 (0x6395) x 7 0x00005000
core   0: 0x80008bc4 (0x00000001) c.nop
core   0: 3 0x80008bc4 (0x0001)
core   0: 0x80008bc6 (0x00006145) c.addi16sp sp, 48
core   0: 3 0x80008bc6 (0x6145) x 2 0xffeb3128
core   0: 0x80008bc8 (0x000005fd) c.addi  a1, 31
core   0: 3 0x80008bc8 (0x05fd) x11 0x0000001f
core   0: 0x80008bca (0x023e3eb3) mulhu   t4, t3, gp
core   0: 3 0x80008bca (0x023e3eb3) x29 0xfecd344a
core   0: 0x80008bce (0x018c1d33) sll     s10, s8, s8
core   0: 3 0x80008bce (0x018c1d33) x26 0x37900000
core   0: 0x80008bd2 (0x02598833) mul     a6, s3, t0
core   0: 3 0x80008bd2 (0x02598833) x16 0x2fb9cc40
core   0: 0x80008bd6 (0x00004c55) c.li    s8, 21
core   0: 3 0x80008bd6 (0x4c55) x24 0x00000015
core   0: 0x80008bd8 (0x0000168c) c.addi4spn a1, sp, 864
core   0: 3 0x80008bd8 (0x168c) x11 0xffeb3488
core   0: 0x80008bda (0x41ef5b33) sra     s6, t5, t5
core   0: 3 0x80008bda (0x41ef5b33) x22 0x00000000
core   0: 0x80008bde (0x00c97e33) and     t3, s2, a2
core   0: 3 0x80008bde (0x00c97e33) x28 0xfb219c68
core   0: 0x80008be2 (0x8cb30593) addi    a1, t1, -1845
core   0: 3 0x80008be2 (0x8cb30593) x11 0x7ffff8cb
core   0: 0x80008be6 (0x00008f61) c.and   a4, s0
core   0: 3 0x80008be6 (0x8f61) x14 0x04000008
core   0: 0x80008be8 (0x0ae546b7) lui     a3, 0xae54
core   0: 3 0x80008be8 (0x0ae546b7) x13 0x0ae54000
core   0: 0x80008bec (0x0300a4b3) mulhsu  s1, ra, a6
core   0: 3 0x80008bec (0x0300a4b3) x 9 0x00000000
core   0: 0x80008bf0 (0x01051a93) slli    s5, a0, 16
core   0: 3 0x80008bf0 (0x01051a93) x21 0x3b680000
core   0: 0x80008bf4 (0xb85eac13) slti    s8, t4, -1147
core   0: 3 0x80008bf4 (0xb85eac13) x24 0x00000001
core   0: 0x80008bf8 (0x0000816e) c.mv    sp, s11
core   0: 3 0x80008bf8 (0x816e) x 2 0x00000000
core   0: 0x80008bfa (0x02d05fb3) divu    t6, zero, a3
core   0: 3 0x80008bfa (0x02d05fb3) x31 0x00000000
core   0: 0x80008bfe (0x003de0b3) or      ra, s11, gp
core   0: 3 0x80008bfe (0x003de0b3) x 1 0xfecd344b
core   0: 0x80008c02 (0xca6de893) ori     a7, s11, -858
core   0: 3 0x80008c02 (0xca6de893) x17 0xfffffca6
core   0: 0x80008c06 (0x02fb45b3) div     a1, s6, a5
core   0: 3 0x80008c06 (0x02fb45b3) x11 0x00000000
core   0: 0x80008c0a (0x0000197d) c.addi  s2, -1
core   0: 3 0x80008c0a (0x197d) x18 0xfbff9c69
core   0: 0x80008c0c (0x01040933) add     s2, s0, a6
core   0: 3 0x80008c0c (0x01040933) x18 0x2f86fe98
core   0: 0x80008c10 (0x00008fdd) c.or    a5, a5
core   0: 3 0x80008c10 (0x8fdd) x15 0x07dffce3
core   0: 0x80008c12 (0x0199db33) srl     s6, s3, s9
core   0: 3 0x80008c12 (0x0199db33) x22 0x00000000
core   0: 0x80008c16 (0x000007f5) c.addi  a5, 29
core   0: 3 0x80008c16 (0x07f5) x15 0x07dffd00
core   0: 0x80008c18 (0x9b4c2e93) slti    t4, s8, -1612
core   0: 3 0x80008c18 (0x9b4c2e93) x29 0x00000000
core   0: 0x80008c1c (0x00000485) c.addi  s1, 1
core   0: 3 0x80008c1c (0x0485) x 9 0x00000001
core   0: 0x80008c1e (0x00000001) c.nop
core   0: 3 0x80008c1e (0x0001)
core   0: 0x80008c20 (0xb0f86113) ori     sp, a6, -1265
core   0: 3 0x80008c20 (0xb0f86113) x 2 0xffffff4f
core   0: 0x80008c24 (0x02223fb3) mulhu   t6, tp, sp
core   0: 3 0x80008c24 (0x02223fb3) x31 0x80013c8b
core   0: 0x80008c28 (0x96b8ae93) slti    t4, a7, -1685
core   0: 3 0x80008c28 (0x96b8ae93) x29 0x00000000
core   0: 0x80008c2c (0x6906e013) ori     zero, a3, 1680
core   0: 3 0x80008c2c (0x6906e013)
core   0: 0x80008c30 (0x000014fd) c.addi  s1, -1
core   0: 3 0x80008c30 (0x14fd) x 9 0x00000000
core   0: 0x80008c32 (0x00000001) c.nop
core   0: 3 0x80008c32 (0x0001)
core   0: 0x80008c34 (0x4fece993) ori     s3, s9, 1278
core   0: 3 0x80008c34 (0x4fece993) x19 0xffffffff
core   0: 0x80008c38 (0x200bab93) slti    s7, s7, 512
core   0: 3 0x80008c38 (0x200bab93) x23 0x00000001
core   0: 0x80008c3c (0x0000953a) c.add   a0, a4
core   0: 3 0x80008c3c (0x953a) x10 0x88203b70
core   0: 0x80008c3e (0x000084b1) c.srai  s1, 12
core   0: 3 0x80008c3e (0x84b1) x 9 0x00000000
core   0: 0x80008c40 (0x00008731) c.srai  a4, 12
core   0: 3 0x80008c40 (0x8731) x14 0x00004000
core   0: 0x80008c42 (0x00008c35) c.xor   s0, a3
core   0: 3 0x80008c42 (0x8c35) x 8 0xf5287258
core   0: 0x80008c44 (0x0240c2b3) div     t0, ra, tp
core   0: 3 0x80008c44 (0x0240c2b3) x 5 0x00000000
core   0: 0x80008c48 (0x00000001) c.nop
core   0: 3 0x80008c48 (0x0001)
core   0: 0x80008c4a (0x0178d813) srli    a6, a7, 23
core   0: 3 0x80008c4a (0x0178d813) x16 0x000001ff
core   0: 0x80008c4e (0x03d0b5b3) mulhu   a1, ra, t4
core   0: 3 0x80008c4e (0x03d0b5b3) x11 0x00000000
core   0: 0x80008c52 (0x01c05713) srli    a4, zero, 28
core   0: 3 0x80008c52 (0x01c05713) x14 0x00000000
core   0: 0x80008c56 (0x0000472d) c.li    a4, 11
core   0: 3 0x80008c56 (0x472d) x14 0x0000000b
core   0: 0x80008c58 (0x00221093) slli    ra, tp, 2
core   0: 3 0x80008c58 (0x00221093) x 1 0x0004f390
core   0: 0x80008c5c (0x01a91ab3) sll     s5, s2, s10
core   0: 3 0x80008c5c (0x01a91ab3) x21 0x2f86fe98
core   0: 0x80008c60 (0x038617b3) mulh    a5, a2, s8
core   0: 3 0x80008c60 (0x038617b3) x15 0xffffffff
core   0: 0x80008c64 (0x4a42f913) andi    s2, t0, 1188
core   0: 3 0x80008c64 (0x4a42f913) x18 0x00000000
core   0: 0x80008c68 (0x00008fad) c.xor   a5, a1
core   0: 3 0x80008c68 (0x8fad) x15 0xffffffff
core   0: 0x80008c6a (0x00008e11) c.sub   a2, a2
core   0: 3 0x80008c6a (0x8e11) x12 0x00000000
core   0: 0x80008c6c (0xfda0e493) ori     s1, ra, -38
core   0: 3 0x80008c6c (0xfda0e493) x 9 0xffffffda
core   0: 0x80008c70 (0x1e888293) addi    t0, a7, 488
core   0: 3 0x80008c70 (0x1e888293) x 5 0xfffffe8e
core   0: 0x80008c74 (0x0000615d) c.addi16sp sp, 432
core   0: 3 0x80008c74 (0x615d) x 2 0x000000ff
core   0: 0x80008c76 (0x015d9533) sll     a0, s11, s5
core   0: 3 0x80008c76 (0x015d9533) x10 0x00000000
core   0: 0x80008c7a (0x00008421) c.srai  s0, 8
core   0: 3 0x80008c7a (0x8421) x 8 0xfff52872
core   0: 0x80008c7c (0x0000614d) c.addi16sp sp, 176
core   0: 3 0x80008c7c (0x614d) x 2 0x000001af
core   0: 0x80008c7e (0x030c8633) mul     a2, s9, a6
core   0: 3 0x80008c7e (0x030c8633) x12 0xfffffe01
core   0: 0x80008c82 (0x02124c33) div     s8, tp, ra
core   0: 3 0x80008c82 (0x02124c33) x24 0xffffe627
core   0: 0x80008c86 (0x0392fc33) remu    s8, t0, s9
core   0: 3 0x80008c86 (0x0392fc33) x24 0xfffffe8e
core   0: 0x80008c8a (0x01e45393) srli    t2, s0, 30
core   0: 3 0x80008c8a (0x01e45393) x 7 0x00000003
core   0: 0x80008c8e (0x00008ded) c.and   a1, a1
core   0: 3 0x80008c8e (0x8ded) x11 0x00000000
core   0: 0x80008c90 (0x00008ef1) c.and   a3, a2
core   0: 3 0x80008c90 (0x8ef1) x13 0x0ae54000
core   0: 0x80008c92 (0x00b20bb3) add     s7, tp, a1
core   0: 3 0x80008c92 (0x00b20bb3) x23 0x80013ce4
core   0: 0x80008c96 (0x00006a89) c.lui   s5, 0x2
core   0: 3 0x80008c96 (0x6a89) x21 0x00002000
core   0: 0x80008c98 (0x0171a2b3) slt     t0, gp, s7
core   0: 3 0x80008c98 (0x0171a2b3) x 5 0x00000000
core   0: 0x80008c9c (0xccb47f93) andi    t6, s0, -821
core   0: 3 0x80008c9c (0xccb47f93) x31 0xfff52842
core   0: 0x80008ca0 (0x03af41b3) div     gp, t5, s10
core   0: 3 0x80008ca0 (0x03af41b3) x 3 0x00000000
core   0: 0x80008ca4 (0x0000868d) c.srai  a3, 3
core   0: 3 0x80008ca4 (0x868d) x13 0x015ca800
core   0: 0x80008ca6 (0x000059fd) c.li    s3, -1
core   0: 3 0x80008ca6 (0x59fd) x19 0xffffffff
core   0: 0x80008ca8 (0x00004b45) c.li    s6, 17
core   0: 3 0x80008ca8 (0x4b45) x22 0x00000011
core   0: 0x80008caa (0x8a45f793) andi    a5, a1, -1884
core   0: 3 0x80008caa (0x8a45f793) x15 0x00000000
core   0: 0x80008cae (0x015eabb3) slt     s7, t4, s5
core   0: 3 0x80008cae (0x015eabb3) x23 0x00000001
core   0: 0x80008cb2 (0x007013b3) sll     t2, zero, t2
core   0: 3 0x80008cb2 (0x007013b3) x 7 0x00000000
core   0: 0x80008cb6 (0xefa77613) andi    a2, a4, -262
core   0: 3 0x80008cb6 (0xefa77613) x12 0x0000000a
core   0: 0x80008cba (0x41fa5893) srai    a7, s4, 31
core   0: 3 0x80008cba (0x41fa5893) x17 0xffffffff
core   0: 0x80008cbe (0x0000942e) c.add   s0, a1
core   0: 3 0x80008cbe (0x942e) x 8 0xfff52872
core   0: 0x80008cc0 (0x40fc82b3) sub     t0, s9, a5
core   0: 3 0x80008cc0 (0x40fc82b3) x 5 0xffffffff
core   0: 0x80008cc4 (0x4106de13) srai    t3, a3, 16
core   0: 3 0x80008cc4 (0x4106de13) x28 0x0000015c
core   0: 0x80008cc8 (0x03e2f433) remu    s0, t0, t5
core   0: 3 0x80008cc8 (0x03e2f433) x 8 0x00000005
core   0: 0x80008ccc (0x5842cf13) xori    t5, t0, 1412
core   0: 3 0x80008ccc (0x5842cf13) x30 0xfffffa7b
core   0: 0x80008cd0 (0x00008ca9) c.xor   s1, a0
core   0: 3 0x80008cd0 (0x8ca9) x 9 0xffffffda
core   0: 0x80008cd2 (0x03f117b3) mulh    a5, sp, t6
core   0: 3 0x80008cd2 (0x03f117b3) x15 0xffffffff
core   0: 0x80008cd6 (0x6aac81b7) lui     gp, 0x6aac8
core   0: 3 0x80008cd6 (0x6aac81b7) x 3 0x6aac8000
core   0: 0x80008cda (0x00000431) c.addi  s0, 12
core   0: 3 0x80008cda (0x0431) x 8 0x00000011
core   0: 0x80008cdc (0x000007b6) c.slli  a5, 13
core   0: 3 0x80008cdc (0x07b6) x15 0xffffe000
core   0: 0x80008cde (0x0012de93) srli    t4, t0, 1
core   0: 3 0x80008cde (0x0012de93) x29 0x7fffffff
core   0: 0x80008ce2 (0x00006b2d) c.lui   s6, 0xb
core   0: 3 0x80008ce2 (0x6b2d) x22 0x0000b000
core   0: 0x80008ce4 (0x00008535) c.srai  a0, 13
core   0: 3 0x80008ce4 (0x8535) x10 0x00000000
core   0: 0x80008ce6 (0x40bb59b3) sra     s3, s6, a1
core   0: 3 0x80008ce6 (0x40bb59b3) x19 0x0000b000
core   0: 0x80008cea (0x2dcd4017) auipc   zero, 0x2dcd4
core   0: 3 0x80008cea (0x2dcd4017)
core   0: 0x80008cee (0x03f25c33) divu    s8, tp, t6
core   0: 3 0x80008cee (0x03f25c33) x24 0x00000000
core   0: 0x80008cf2 (0x1e2f2193) slti    gp, t5, 482
core   0: 3 0x80008cf2 (0x1e2f2193) x 3 0x00000001
core   0: 0x80008cf6 (0x0334beb3) mulhu   t4, s1, s3
core   0: 3 0x80008cf6 (0x0334beb3) x29 0x0000afff
core   0: 0x80008cfa (0x00009822) c.add   a6, s0
core   0: 3 0x80008cfa (0x9822) x16 0x00000210
core   0: 0x80008cfc (0x00e113b3) sll     t2, sp, a4
core   0: 3 0x80008cfc (0x00e113b3) x 7 0x000d7800
core   0: 0x80008d00 (0x02b1c5b3) div     a1, gp, a1
core   0: 3 0x80008d00 (0x02b1c5b3) x11 0xffffffff
core   0: 0x80008d04 (0x000098fd) c.andi  s1, -1
core   0: 3 0x80008d04 (0x98fd) x 9 0xffffffda
core   0: 0x80008d06 (0x8b792b37) lui     s6, 0x8b792
core   0: 3 0x80008d06 (0x8b792b37) x22 0x8b792000
core   0: 0x80008d0a (0x034604b3) mul     s1, a2, s4
core   0: 3 0x80008d0a (0x034604b3) x 9 0x0009efe8
core   0: 0x80008d0e (0xb4028693) addi    a3, t0, -1216
core   0: 3 0x80008d0e (0xb4028693) x13 0xfffffb3f
core   0: 0x80008d12 (0x00008c71) c.and   s0, a2
core   0: 3 0x80008d12 (0x8c71) x 8 0x00000000
core   0: 0x80008d14 (0x41fcd293) srai    t0, s9, 31
core   0: 3 0x80008d14 (0x41fcd293) x 5 0xffffffff
core   0: 0x80008d18 (0x000019fd) c.addi  s3, -1
core   0: 3 0x80008d18 (0x19fd) x19 0x0000afff
core   0: 0x80008d1a (0x0000642d) c.lui   s0, 0xb
core   0: 3 0x80008d1a (0x642d) x 8 0x0000b000
core   0: 0x80008d1c (0x00008699) c.srai  a3, 6
core   0: 3 0x80008d1c (0x8699) x13 0xffffffec
core   0: 0x80008d1e (0x76b60813) addi    a6, a2, 1899
core   0: 3 0x80008d1e (0x76b60813) x16 0x00000775
core   0: 0x80008d22 (0x4b56b737) lui     a4, 0x4b56b
core   0: 3 0x80008d22 (0x4b56b737) x14 0x4b56b000
core   0: 0x80008d26 (0xc49c09b7) lui     s3, 0xc49c0
core   0: 3 0x80008d26 (0xc49c09b7) x19 0xc49c0000
core   0: 0x80008d2a (0x00000e80) c.addi4spn s0, sp, 848
core   0: 3 0x80008d2a (0x0e80) x 8 0x000004ff
core   0: 0x80008d2c (0x007f55b3) srl     a1, t5, t2
core   0: 3 0x80008d2c (0x007f55b3) x11 0xfffffa7b
core   0: 0x80008d30 (0x00008411) c.srai  s0, 4
core   0: 3 0x80008d30 (0x8411) x 8 0x0000004f
core   0: 0x80008d32 (0x0005d693) srli    a3, a1, 0
core   0: 3 0x80008d32 (0x0005d693) x13 0xfffffa7b
core   0: 0x80008d36 (0x00000001) c.nop
core   0: 3 0x80008d36 (0x0001)
core   0: 0x80008d38 (0x00008f0d) c.sub   a4, a1
core   0: 3 0x80008d38 (0x8f0d) x14 0x4b56b585
core   0: 0x80008d3a (0x00008e65) c.and   a2, s1
core   0: 3 0x80008d3a (0x8e65) x12 0x00000008
core   0: 0x80008d3c (0x7782f913) andi    s2, t0, 1912
core   0: 3 0x80008d3c (0x7782f913) x18 0x00000778
core   0: 0x80008d40 (0x5d54b113) sltiu   sp, s1, 1493
core   0: 3 0x80008d40 (0x5d54b113) x 2 0x00000000
core   0: 0x80008d44 (0x01194eb3) xor     t4, s2, a7
core   0: 3 0x80008d44 (0x01194eb3) x29 0xfffff887
core   0: 0x80008d48 (0x00008dfd) c.and   a1, a5
core   0: 3 0x80008d48 (0x8dfd) x11 0xffffe000
core   0: 0x80008d4a (0x00000001) c.nop
core   0: 3 0x80008d4a (0x0001)
core   0: 0x80008d4c (0x000087ad) c.srai  a5, 11
core   0: 3 0x80008d4c (0x87ad) x15 0xfffffffc
core   0: 0x80008d4e (0x72a74813) xori    a6, a4, 1834
core   0: 3 0x80008d4e (0x72a74813) x16 0x4b56b2af
core   0: 0x80008d52 (0x0042ff33) and     t5, t0, tp
core   0: 3 0x80008d52 (0x0042ff33) x30 0x80013ce4
core   0: 0x80008d56 (0x00605ab3) srl     s5, zero, t1
core   0: 3 0x80008d56 (0x00605ab3) x21 0x00000000
core   0: 0x80008d5a (0x02a06cb3) rem     s9, zero, a0
core   0: 3 0x80008d5a (0x02a06cb3) x25 0x00000000
core   0: 0x80008d5e (0xf5b2fb13) andi    s6, t0, -165
core   0: 3 0x80008d5e (0xf5b2fb13) x22 0xffffff5b
core   0: 0x80008d62 (0x00008ebd) c.xor   a3, a5
core   0: 3 0x80008d62 (0x8ebd) x13 0x00000587
core   0: 0x80008d64 (0x015336b3) sltu    a3, t1, s5
core   0: 3 0x80008d64 (0x015336b3) x13 0x00000000
core   0: 0x80008d68 (0x03758133) mul     sp, a1, s7
core   0: 3 0x80008d68 (0x03758133) x 2 0xffffe000
core   0: 0x80008d6c (0x000007ce) c.slli  a5, 19
core   0: 3 0x80008d6c (0x07ce) x15 0xffe00000
core   0: 0x80008d6e (0x000f9b13) slli    s6, t6, 0
core   0: 3 0x80008d6e (0x000f9b13) x22 0xfff52842
core   0: 0x80008d72 (0x02d941b3) div     gp, s2, a3
core   0: 3 0x80008d72 (0x02d941b3) x 3 0xffffffff
core   0: 0x80008d76 (0x00241613) slli    a2, s0, 2
core   0: 3 0x80008d76 (0x00241613) x12 0x0000013c
core   0: 0x80008d7a (0xb8326d13) ori     s10, tp, -1149
core   0: 3 0x80008d7a (0xb8326d13) x26 0xffffffe7
core   0: 0x80008d7e (0x00009946) c.add   s2, a7
core   0: 3 0x80008d7e (0x9946) x18 0x00000777
core   0: 0x80008d80 (0x42572197) auipc   gp, 0x42572
core   0: 3 0x80008d80 (0x42572197) x 3 0xc257ad80
core   0: 0x80008d84 (0x000083b9) c.srli  a5, 14
core   0: 3 0x80008d84 (0x83b9) x15 0x0003ff80
core   0: 0x80008d86 (0x0000816e) c.mv    sp, s11
core   0: 3 0x80008d86 (0x816e) x 2 0x00000000
core   0: 0x80008d88 (0x00000001) c.nop
core   0: 3 0x80008d88 (0x0001)
core   0: 0x80008d8a (0x002475b3) and     a1, s0, sp
core   0: 3 0x80008d8a (0x002475b3) x11 0x00000000
core   0: 0x80008d8e (0x03c8a3b3) mulhsu  t2, a7, t3
core   0: 3 0x80008d8e (0x03c8a3b3) x 7 0xffffffff
core   0: 0x80008d92 (0x004ce3b3) or      t2, s9, tp
core   0: 3 0x80008d92 (0x004ce3b3) x 7 0x80013ce4
core   0: 0x80008d96 (0x02e927b3) mulhsu  a5, s2, a4
core   0: 3 0x80008d96 (0x02e927b3) x15 0x00000232
core   0: 0x80008d9a (0x01ef0833) add     a6, t5, t5
core   0: 3 0x80008d9a (0x01ef0833) x16 0x000279c8
core   0: 0x80008d9e (0x000082ad) c.srli  a3, 11
core   0: 3 0x80008d9e (0x82ad) x13 0x00000000
core   0: 0x80008da0 (0x000080d6) c.mv    ra, s5
core   0: 3 0x80008da0 (0x80d6) x 1 0x00000000
core   0: 0x80008da2 (0x00000001) c.nop
core   0: 3 0x80008da2 (0x0001)
core   0: 0x80008da4 (0x00008929) c.andi  a0, 10
core   0: 3 0x80008da4 (0x8929) x10 0x00000000
core   0: 0x80008da6 (0x05796013) ori     zero, s2, 87
core   0: 3 0x80008da6 (0x05796013)
core   0: 0x80008daa (0x00009c86) c.add   s9, ra
core   0: 3 0x80008daa (0x9c86) x25 0x00000000
core   0: 0x80008dac (0x03650533) mul     a0, a0, s6
core   0: 3 0x80008dac (0x03650533) x10 0x00000000
core   0: 0x80008db0 (0x00000001) c.nop
core   0: 3 0x80008db0 (0x0001)
core   0: 0x80008db2 (0x03be71b3) remu    gp, t3, s11
core   0: 3 0x80008db2 (0x03be71b3) x 3 0x0000015c
core   0: 0x80008db6 (0x4d8afb37) lui     s6, 0x4d8af
core   0: 3 0x80008db6 (0x4d8afb37) x22 0x4d8af000
core   0: 0x80008dba (0x000885b3) add     a1, a7, zero
core   0: 3 0x80008dba (0x000885b3) x11 0xffffffff
core   0: 0x80008dbe (0x027ba733) mulhsu  a4, s7, t2
core   0: 3 0x80008dbe (0x027ba733) x14 0x00000000
core   0: 0x80008dc2 (0x01789033) sll     zero, a7, s7
core   0: 3 0x80008dc2 (0x01789033)
core   0: 0x80008dc6 (0x00651093) slli    ra, a0, 6
core   0: 3 0x80008dc6 (0x00651093) x 1 0x00000000
core   0: 0x80008dca (0x00000b62) c.slli  s6, 24
core   0: 3 0x80008dca (0x0b62) x22 0x00000000
core   0: 0x80008dcc (0x00008e19) c.sub   a2, a4
core   0: 3 0x80008dcc (0x8e19) x12 0x0000013c
core   0: 0x80008dce (0x18a57293) andi    t0, a0, 394
core   0: 3 0x80008dce (0x18a57293) x 5 0x00000000
core   0: 0x80008dd2 (0xe7fbf593) andi    a1, s7, -385
core   0: 3 0x80008dd2 (0xe7fbf593) x11 0x00000001
core   0: 0x80008dd6 (0x400c5d93) srai    s11, s8, 0
core   0: 3 0x80008dd6 (0x400c5d93) x27 0x00000000
core   0: 0x80008dda (0x00e7dbb3) srl     s7, a5, a4
core   0: 3 0x80008dda (0x00e7dbb3) x23 0x00000232
core   0: 0x80008dde (0xbc6e0713) addi    a4, t3, -1082
core   0: 3 0x80008dde (0xbc6e0713) x14 0xfffffd22
core   0: 0x80008de2 (0x032b3733) mulhu   a4, s6, s2
core   0: 3 0x80008de2 (0x032b3733) x14 0x00000000
core   0: 0x80008de6 (0x5809eb37) lui     s6, 0x5809e
core   0: 3 0x80008de6 (0x5809eb37) x22 0x5809e000
core   0: 0x80008dea (0x00000918) c.addi4spn a4, sp, 144
core   0: 3 0x80008dea (0x0918) x14 0x00000090
core   0: 0x80008dec (0x00000001) c.nop
core   0: 3 0x80008dec (0x0001)
core   0: 0x80008dee (0x03c9b4b3) mulhu   s1, s3, t3
core   0: 3 0x80008dee (0x03c9b4b3) x 9 0x0000010b
core   0: 0x80008df2 (0x0189dfb3) srl     t6, s3, s8
core   0: 3 0x80008df2 (0x0189dfb3) x31 0xc49c0000
core   0: 0x80008df6 (0x415cd713) srai    a4, s9, 21
core   0: 3 0x80008df6 (0x415cd713) x14 0x00000000
core   0: 0x80008dfa (0x7136ce93) xori    t4, a3, 1811
core   0: 3 0x80008dfa (0x7136ce93) x29 0x00000713
core   0: 0x80008dfe (0x00008546) c.mv    a0, a7
core   0: 3 0x80008dfe (0x8546) x10 0xffffffff
core   0: 0x80008e00 (0x000099fd) c.andi  a1, -1
core   0: 3 0x80008e00 (0x99fd) x11 0x00000001
core   0: 0x80008e02 (0x00c2af33) slt     t5, t0, a2
core   0: 3 0x80008e02 (0x00c2af33) x30 0x00000001
core   0: 0x80008e06 (0x00001194) c.addi4spn a3, sp, 224
core   0: 3 0x80008e06 (0x1194) x13 0x000000e0
core   0: 0x80008e08 (0x5359ac13) slti    s8, s3, 1333
core   0: 3 0x80008e08 (0x5359ac13) x24 0x00000001
core   0: 0x80008e0c (0x00000001) c.nop
core   0: 3 0x80008e0c (0x0001)
core   0: 0x80008e0e (0x403add33) sra     s10, s5, gp
core   0: 3 0x80008e0e (0x403add33) x26 0x00000000
core   0: 0x80008e12 (0x00008c2d) c.xor   s0, a1
core   0: 3 0x80008e12 (0x8c2d) x 8 0x0000004e
core   0: 0x80008e14 (0x00004ce9) c.li    s9, 26
core   0: 3 0x80008e14 (0x4ce9) x25 0x0000001a
core   0: 0x80008e16 (0x409b0733) sub     a4, s6, s1
core   0: 3 0x80008e16 (0x409b0733) x14 0x5809def5
core   0: 0x80008e1a (0x03a2beb3) mulhu   t4, t0, s10
core   0: 3 0x80008e1a (0x03a2beb3) x29 0x00000000
core   0: 0x80008e1e (0x00008cc1) c.or    s1, s0
core   0: 3 0x80008e1e (0x8cc1) x 9 0x0000014f
core   0: 0x80008e20 (0x00008c5d) c.or    s0, a5
core   0: 3 0x80008e20 (0x8c5d) x 8 0x0000027e
core   0: 0x80008e22 (0x00008e39) c.xor   a2, a4
core   0: 3 0x80008e22 (0x8e39) x12 0x5809dfc9
core   0: 0x80008e24 (0x00001414) c.addi4spn a3, sp, 544
core   0: 3 0x80008e24 (0x1414) x13 0x00000220
core   0: 0x80008e26 (0x41c88133) sub     sp, a7, t3
core   0: 3 0x80008e26 (0x41c88133) x 2 0xfffffea3
core   0: 0x80008e2a (0x000087ed) c.srai  a5, 27
core   0: 3 0x80008e2a (0x87ed) x15 0x00000000
core   0: 0x80008e2c (0x00000001) c.nop
core   0: 3 0x80008e2c (0x0001)
core   0: 0x80008e2e (0x00000001) c.nop
core   0: 3 0x80008e2e (0x0001)
core   0: 0x80008e30 (0x0000913a) c.add   sp, a4
core   0: 3 0x80008e30 (0x913a) x 2 0x5809dd98
core   0: 0x80008e32 (0xe2388c93) addi    s9, a7, -477
core   0: 3 0x80008e32 (0xe2388c93) x25 0xfffffe22
core   0: 0x80008e36 (0x00008ce1) c.and   s1, s0
core   0: 3 0x80008e36 (0x8ce1) x 9 0x0000004e
core   0: 0x80008e38 (0x01611293) slli    t0, sp, 22
core   0: 3 0x80008e38 (0x01611293) x 5 0x66000000
core   0: 0x80008e3c (0x02f375b3) remu    a1, t1, a5
core   0: 3 0x80008e3c (0x02f375b3) x11 0x80000000
core   0: 0x80008e40 (0x0242beb3) mulhu   t4, t0, tp
core   0: 3 0x80008e40 (0x0242beb3) x29 0x33007e42
core   0: 0x80008e44 (0x03803e33) mulhu   t3, zero, s8
core   0: 3 0x80008e44 (0x03803e33) x28 0x00000000
core   0: 0x80008e48 (0x00000001) c.nop
core   0: 3 0x80008e48 (0x0001)
core   0: 0x80008e4a (0x00000001) c.nop
core   0: 3 0x80008e4a (0x0001)
core   0: 0x80008e4c (0xcf9e7e13) andi    t3, t3, -775
core   0: 3 0x80008e4c (0xcf9e7e13) x28 0x00000000
core   0: 0x80008e50 (0x031760b3) rem     ra, a4, a7
core   0: 3 0x80008e50 (0x031760b3) x 1 0x00000000
core   0: 0x80008e54 (0x00000001) c.nop
core   0: 3 0x80008e54 (0x0001)
core   0: 0x80008e56 (0x00000001) c.nop
core   0: 3 0x80008e56 (0x0001)
core   0: 0x80008e58 (0x000082f1) c.srli  a3, 28
core   0: 3 0x80008e58 (0x82f1) x13 0x00000000
core   0: 0x80008e5a (0x00008d4d) c.or    a0, a1
core   0: 3 0x80008e5a (0x8d4d) x10 0xffffffff
core   0: 0x80008e5c (0x00008c35) c.xor   s0, a3
core   0: 3 0x80008e5c (0x8c35) x 8 0x0000027e
core   0: 0x80008e5e (0x8fd0af13) slti    t5, ra, -1795
core   0: 3 0x80008e5e (0x8fd0af13) x30 0x00000000
core   0: 0x80008e62 (0x000086c9) c.srai  a3, 18
core   0: 3 0x80008e62 (0x86c9) x13 0x00000000
core   0: 0x80008e64 (0x020cfe33) remu    t3, s9, zero
core   0: 3 0x80008e64 (0x020cfe33) x28 0xfffffe22
core   0: 0x80008e68 (0x417286b3) sub     a3, t0, s7
core   0: 3 0x80008e68 (0x417286b3) x13 0x65fffdce
core   0: 0x80008e6c (0x01ec0eb3) add     t4, s8, t5
core   0: 3 0x80008e6c (0x01ec0eb3) x29 0x00000001
core   0: 0x80008e70 (0x38586793) ori     a5, a6, 901
core   0: 3 0x80008e70 (0x38586793) x15 0x00027bcd
core   0: 0x80008e74 (0x00000001) c.nop
core   0: 3 0x80008e74 (0x0001)
core   0: 0x80008e76 (0x00006515) c.lui   a0, 0x5
core   0: 3 0x80008e76 (0x6515) x10 0x00005000
core   0: 0x80008e78 (0x01e89713) slli    a4, a7, 30
core   0: 3 0x80008e78 (0x01e89713) x14 0xc0000000
core   0: 0x80008e7c (0x02a87cb3) remu    s9, a6, a0
core   0: 3 0x80008e7c (0x02a87cb3) x25 0x000049c8
core   0: 0x80008e80 (0x00a65633) srl     a2, a2, a0
core   0: 3 0x80008e80 (0x00a65633) x12 0x5809dfc9
core   0: 0x80008e84 (0x01fe10b3) sll     ra, t3, t6
core   0: 3 0x80008e84 (0x01fe10b3) x 1 0xfffffe22
core   0: 0x80008e88 (0x62d60813) addi    a6, a2, 1581
core   0: 3 0x80008e88 (0x62d60813) x16 0x5809e5f6
core   0: 0x80008e8c (0x000cbc33) sltu    s8, s9, zero
core   0: 3 0x80008e8c (0x000cbc33) x24 0x00000000
core   0: 0x80008e90 (0xe16ac1b7) lui     gp, 0xe16ac
core   0: 3 0x80008e90 (0xe16ac1b7) x 3 0xe16ac000
core   0: 0x80008e94 (0x1863cb13) xori    s6, t2, 390
core   0: 3 0x80008e94 (0x1863cb13) x22 0x80013d62
core   0: 0x80008e98 (0x000f21b3) slt     gp, t5, zero
core   0: 3 0x80008e98 (0x000f21b3) x 3 0x00000000
core   0: 0x80008e9c (0x41bb0533) sub     a0, s6, s11
core   0: 3 0x80008e9c (0x41bb0533) x10 0x80013d62
core   0: 0x80008ea0 (0x01e79893) slli    a7, a5, 30
core   0: 3 0x80008ea0 (0x01e79893) x17 0x40000000
core   0: 0x80008ea4 (0x01cb8533) add     a0, s7, t3
core   0: 3 0x80008ea4 (0x01cb8533) x10 0x00000054
core   0: 0x80008ea8 (0x000087d5) c.srai  a5, 21
core   0: 3 0x80008ea8 (0x87d5) x15 0x00000000
core   0: 0x80008eaa (0x00004e99) c.li    t4, 6
core   0: 3 0x80008eaa (0x4e99) x29 0x00000006
core   0: 0x80008eac (0x00000001) c.nop
core   0: 3 0x80008eac (0x0001)
core   0: 0x80008eae (0x00008d99) c.sub   a1, a4
core   0: 3 0x80008eae (0x8d99) x11 0xc0000000
core   0: 0x80008eb0 (0xac1a8113) addi    sp, s5, -1343
core   0: 3 0x80008eb0 (0xac1a8113) x 2 0xfffffac1
core   0: 0x80008eb4 (0x00008c15) c.sub   s0, a3
core   0: 3 0x80008eb4 (0x8c15) x 8 0x9a0004b0
core   0: 0x80008eb6 (0x00c98013) addi    zero, s3, 12
core   0: 3 0x80008eb6 (0x00c98013)
core   0: 0x80008eba (0x00008fd9) c.or    a5, a4
core   0: 3 0x80008eba (0x8fd9) x15 0xc0000000
core   0: 0x80008ebc (0x41775833) sra     a6, a4, s7
core   0: 3 0x80008ebc (0x41775833) x16 0xfffff000
core   0: 0x80008ec0 (0x0093eab3) or      s5, t2, s1
core   0: 3 0x80008ec0 (0x0093eab3) x21 0x80013cee
core   0: 0x80008ec4 (0x0000009c) c.addi4spn a5, sp, 64
core   0: 3 0x80008ec4 (0x009c) x15 0xfffffb01
core   0: 0x80008ec6 (0x00a2c633) xor     a2, t0, a0
core   0: 3 0x80008ec6 (0x00a2c633) x12 0x66000054
core   0: 0x80008eca (0x000083f1) c.srli  a5, 28
core   0: 3 0x80008eca (0x83f1) x15 0x0000000f
core   0: 0x80008ecc (0x41c00033) sub     zero, zero, t3
core   0: 3 0x80008ecc (0x41c00033)
core   0: 0x80008ed0 (0x0123fb33) and     s6, t2, s2
core   0: 3 0x80008ed0 (0x0123fb33) x22 0x00000464
core   0: 0x80008ed4 (0x03ae16b3) mulh    a3, t3, s10
core   0: 3 0x80008ed4 (0x03ae16b3) x13 0x00000000
core   0: 0x80008ed8 (0x032b4d33) div     s10, s6, s2
core   0: 3 0x80008ed8 (0x032b4d33) x26 0x00000000
core   0: 0x80008edc (0x002c1613) slli    a2, s8, 2
core   0: 3 0x80008edc (0x002c1613) x12 0x00000000
core   0: 0x80008ee0 (0xbebb4b37) lui     s6, 0xbebb4
core   0: 3 0x80008ee0 (0xbebb4b37) x22 0xbebb4000
core   0: 0x80008ee4 (0x526ee393) ori     t2, t4, 1318
core   0: 3 0x80008ee4 (0x526ee393) x 7 0x00000526
core   0: 0x80008ee8 (0xa9ae0393) addi    t2, t3, -1382
core   0: 3 0x80008ee8 (0xa9ae0393) x 7 0xfffff8bc
core   0: 0x80008eec (0x00008122) c.mv    sp, s0
core   0: 3 0x80008eec (0x8122) x 2 0x9a0004b0
core   0: 0x80008eee (0x00008c39) c.xor   s0, a4
core   0: 3 0x80008eee (0x8c39) x 8 0x5a0004b0
core   0: 0x80008ef0 (0x00001a94) c.addi4spn a3, sp, 368
core   0: 3 0x80008ef0 (0x1a94) x13 0x9a000620
core   0: 0x80008ef2 (0x00e357b3) srl     a5, t1, a4
core   0: 3 0x80008ef2 (0x00e357b3) x15 0x80000000
core   0: 0x80008ef6 (0x000000d2) c.slli  ra, 20
core   0: 3 0x80008ef6 (0x00d2) x 1 0xe2200000
core   0: 0x80008ef8 (0x02c0e2b3) rem     t0, ra, a2
core   0: 3 0x80008ef8 (0x02c0e2b3) x 5 0xe2200000
core   0: 0x80008efc (0x03b082b3) mul     t0, ra, s11
core   0: 3 0x80008efc (0x03b082b3) x 5 0x00000000
core   0: 0x80008f00 (0x00008db1) c.xor   a1, a2
core   0: 3 0x80008f00 (0x8db1) x11 0xc0000000
core   0: 0x80008f02 (0x00009fd2) c.add   t6, s4
core   0: 3 0x80008f02 (0x9fd2) x31 0x449cfe64
core   0: 0x80008f04 (0x00000001) c.nop
core   0: 3 0x80008f04 (0x0001)
core   0: 0x80008f06 (0x032f8e33) mul     t3, t6, s2
core   0: 3 0x80008f06 (0x032f8e33) x28 0x2feefc7c
core   0: 0x80008f0a (0xc8d68193) addi    gp, a3, -883
core   0: 3 0x80008f0a (0xc8d68193) x 3 0x9a0002ad
core   0: 0x80008f0e (0x00008335) c.srli  a4, 13
core   0: 3 0x80008f0e (0x8335) x14 0x00060000
core   0: 0x80008f10 (0x00008d8d) c.sub   a1, a1
core   0: 3 0x80008f10 (0x8d8d) x11 0x00000000
core   0: 0x80008f12 (0x0118ccb3) xor     s9, a7, a7
core   0: 3 0x80008f12 (0x0118ccb3) x25 0x00000000
core   0: 0x80008f16 (0x00006969) c.lui   s2, 0x1a
core   0: 3 0x80008f16 (0x6969) x18 0x0001a000
core   0: 0x80008f18 (0x0c84c093) xori    ra, s1, 200
core   0: 3 0x80008f18 (0x0c84c093) x 1 0x00000086
core   0: 0x80008f1c (0x40650b33) sub     s6, a0, t1
core   0: 3 0x80008f1c (0x40650b33) x22 0x80000054
core   0: 0x80008f20 (0x00008da1) c.xor   a1, s0
core   0: 3 0x80008f20 (0x8da1) x11 0x5a0004b0
core   0: 0x80008f22 (0x0029d493) srli    s1, s3, 2
core   0: 3 0x80008f22 (0x0029d493) x 9 0x31270000
core   0: 0x80008f26 (0x00a91133) sll     sp, s2, a0
core   0: 3 0x80008f26 (0x00a91133) x 2 0x00000000
core   0: 0x80008f2a (0x038930b3) mulhu   ra, s2, s8
core   0: 3 0x80008f2a (0x038930b3) x 1 0x00000000
core   0: 0x80008f2e (0x000088ea) c.mv    a7, s10
core   0: 3 0x80008f2e (0x88ea) x17 0x00000000
core   0: 0x80008f30 (0x42ca0893) addi    a7, s4, 1068
core   0: 3 0x80008f30 (0x42ca0893) x17 0x80010290
core   0: 0x80008f34 (0x00001898) c.addi4spn a4, sp, 112
core   0: 3 0x80008f34 (0x1898) x14 0x00000070
core   0: 0x80008f36 (0x00008d35) c.xor   a0, a3
core   0: 3 0x80008f36 (0x8d35) x10 0x9a000674
core   0: 0x80008f38 (0x0ca57813) andi    a6, a0, 202
core   0: 3 0x80008f38 (0x0ca57813) x16 0x00000040
core   0: 0x80008f3c (0x00000001) c.nop
core   0: 3 0x80008f3c (0x0001)
core   0: 0x80008f3e (0x00000001) c.nop
core   0: 3 0x80008f3e (0x0001)
core   0: 0x80008f40 (0x0000997d) c.andi  a0, -1
core   0: 3 0x80008f40 (0x997d) x10 0x9a000674
core   0: 0x80008f42 (0x01c44133) xor     sp, s0, t3
core   0: 3 0x80008f42 (0x01c44133) x 2 0x75eef8cc
core   0: 0x80008f46 (0x00008d45) c.or    a0, s1
core   0: 3 0x80008f46 (0x8d45) x10 0xbb270674
core   0: 0x80008f48 (0x00006d65) c.lui   s10, 0x19
core   0: 3 0x80008f48 (0x6d65) x26 0x00019000
core   0: 0x80008f4a (0x038cfe33) remu    t3, s9, s8
core   0: 3 0x80008f4a (0x038cfe33) x28 0x00000000
core   0: 0x80008f4e (0x40055d33) sra     s10, a0, zero
core   0: 3 0x80008f4e (0x40055d33) x26 0xbb270674
core   0: 0x80008f52 (0x00ec5e13) srli    t3, s8, 14
core   0: 3 0x80008f52 (0x00ec5e13) x28 0x00000000
core   0: 0x80008f56 (0x00000f88) c.addi4spn a0, sp, 976
core   0: 3 0x80008f56 (0x0f88) x10 0x75eefc9c
core   0: 0x80008f58 (0x03cf8ab3) mul     s5, t6, t3
core   0: 3 0x80008f58 (0x03cf8ab3) x21 0x00000000
core   0: 0x80008f5c (0x418d0cb3) sub     s9, s10, s8
core   0: 3 0x80008f5c (0x418d0cb3) x25 0xbb270674
core   0: 0x80008f60 (0x011f49b3) xor     s3, t5, a7
core   0: 3 0x80008f60 (0x011f49b3) x19 0x80010290
core   0: 0x80008f64 (0x03afb1b3) mulhu   gp, t6, s10
core   0: 3 0x80008f64 (0x03afb1b3) x 3 0x32292378
core   0: 0x80008f68 (0x00000c3a) c.slli  s8, 14
core   0: 3 0x80008f68 (0x0c3a) x24 0x00000000
core   0: 0x80008f6a (0x00499433) sll     s0, s3, tp
core   0: 3 0x80008f6a (0x00499433) x 8 0x00102900
core   0: 0x80008f6e (0x40b50ab3) sub     s5, a0, a1
core   0: 3 0x80008f6e (0x40b50ab3) x21 0x1beef7ec
core   0: 0x80008f72 (0xc3a92093) slti    ra, s2, -966
core   0: 3 0x80008f72 (0xc3a92093) x 1 0x00000000
core   0: 0x80008f76 (0x00eea4b3) slt     s1, t4, a4
core   0: 3 0x80008f76 (0x00eea4b3) x 9 0x00000001
core   0: 0x80008f7a (0x22824f97) auipc   t6, 0x22824
core   0: 3 0x80008f7a (0x22824f97) x31 0xa282cf7a
core   0: 0x80008f7e (0xdcb99937) lui     s2, 0xdcb99
core   0: 3 0x80008f7e (0xdcb99937) x18 0xdcb99000
core   0: 0x80008f82 (0x03eec033) div     zero, t4, t5
core   0: 3 0x80008f82 (0x03eec033)
core   0: 0x80008f86 (0xec42a613) slti    a2, t0, -316
core   0: 3 0x80008f86 (0xec42a613) x12 0x00000000
core   0: 0x80008f8a (0x1f4ead17) auipc   s10, 0x1f4ea
core   0: 3 0x80008f8a (0x1f4ead17) x26 0x9f4f2f8a
core   0: 0x80008f8e (0x40715f93) srai    t6, sp, 7
core   0: 3 0x80008f8e (0x40715f93) x31 0x00ebddf1
core   0: 0x80008f92 (0x028e5eb3) divu    t4, t3, s0
core   0: 3 0x80008f92 (0x028e5eb3) x29 0x00000000
core   0: 0x80008f96 (0x00f12ab3) slt     s5, sp, a5
core   0: 3 0x80008f96 (0x00f12ab3) x21 0x00000000
core   0: 0x80008f9a (0x03d6f6b3) remu    a3, a3, t4
core   0: 3 0x80008f9a (0x03d6f6b3) x13 0x9a000620
core   0: 0x80008f9e (0x00008b12) c.mv    s6, tp
core   0: 3 0x80008f9e (0x8b12) x22 0x80013ce4
core   0: 0x80008fa0 (0x0000081e) c.slli  a6, 7
core   0: 3 0x80008fa0 (0x081e) x16 0x00002000
core   0: 0x80008fa2 (0x009d19b3) sll     s3, s10, s1
core   0: 3 0x80008fa2 (0x009d19b3) x19 0x3e9e5f14
core   0: 0x80008fa6 (0xe0980437) lui     s0, 0xe0980
core   0: 3 0x80008fa6 (0xe0980437) x 8 0xe0980000
core   0: 0x80008faa (0x00000f10) c.addi4spn a2, sp, 912
core   0: 3 0x80008faa (0x0f10) x12 0x75eefc5c
core   0: 0x80008fac (0x0281fcb3) remu    s9, gp, s0
core   0: 3 0x80008fac (0x0281fcb3) x25 0x32292378
core   0: 0x80008fb0 (0x02a59433) mulh    s0, a1, a0
core   0: 3 0x80008fb0 (0x02a59433) x 8 0x297606f7
core   0: 0x80008fb4 (0x027a36b3) mulhu   a3, s4, t2
core   0: 3 0x80008fb4 (0x027a36b3) x13 0x8000fac1
core   0: 0x80008fb8 (0x00008e39) c.xor   a2, a4
core   0: 3 0x80008fb8 (0x8e39) x12 0x75eefc2c
core   0: 0x80008fba (0x0279c0b3) div     ra, s3, t2
core   0: 3 0x80008fba (0x0279c0b3) x 1 0xfff761ac
core   0: 0x80008fbe (0x002945b3) xor     a1, s2, sp
core   0: 3 0x80008fbe (0x002945b3) x11 0xa95768cc
core   0: 0x80008fc2 (0x417bd493) srai    s1, s7, 23
core   0: 3 0x80008fc2 (0x417bd493) x 9 0x00000000
core   0: 0x80008fc6 (0x03628b33) mul     s6, t0, s6
core   0: 3 0x80008fc6 (0x03628b33) x22 0x00000000
core   0: 0x80008fca (0x00008e85) c.sub   a3, s1
core   0: 3 0x80008fca (0x8e85) x13 0x8000fac1
core   0: 0x80008fcc (0x0109ef33) or      t5, s3, a6
core   0: 3 0x80008fcc (0x0109ef33) x30 0x3e9e7f14
core   0: 0x80008fd0 (0x0397bfb3) mulhu   t6, a5, s9
core   0: 3 0x80008fd0 (0x0397bfb3) x31 0x191491bc
core   0: 0x80008fd4 (0x00001898) c.addi4spn a4, sp, 112
core   0: 3 0x80008fd4 (0x1898) x14 0x75eef93c
core   0: 0x80008fd6 (0x009ee1b3) or      gp, t4, s1
core   0: 3 0x80008fd6 (0x009ee1b3) x 3 0x00000000
core   0: 0x80008fda (0x0000971e) c.add   a4, t2
core   0: 3 0x80008fda (0x971e) x14 0x75eef1f8
core   0: 0x80008fdc (0x00008b4a) c.mv    s6, s2
core   0: 3 0x80008fdc (0x8b4a) x22 0xdcb99000
core   0: 0x80008fde (0x02ea2533) mulhsu  a0, s4, a4
core   0: 3 0x80008fde (0x02ea2533) x10 0xc508fc35
core   0: 0x80008fe2 (0x000084d1) c.srai  s1, 20
core   0: 3 0x80008fe2 (0x84d1) x 9 0x00000000
core   0: 0x80008fe4 (0x0000909a) c.add   ra, t1
core   0: 3 0x80008fe4 (0x909a) x 1 0x7ff761ac
core   0: 0x80008fe6 (0x00009bde) c.add   s7, s7
core   0: 3 0x80008fe6 (0x9bde) x23 0x00000464
core   0: 0x80008fe8 (0xc0cbe693) ori     a3, s7, -1012
core   0: 3 0x80008fe8 (0xc0cbe693) x13 0xfffffc6c
core   0: 0x80008fec (0x00008f71) c.and   a4, a2
core   0: 3 0x80008fec (0x8f71) x14 0x75eef028
core   0: 0x80008fee (0x00008d2d) c.xor   a0, a1
core   0: 3 0x80008fee (0x8d2d) x10 0x6c5f94f9
core   0: 0x80008ff0 (0x00e6fdb3) and     s11, a3, a4
core   0: 3 0x80008ff0 (0x00e6fdb3) x27 0x75eef028
core   0: 0x80008ff4 (0x000003b6) c.slli  t2, 13
core   0: 3 0x80008ff4 (0x03b6) x 7 0xff178000
core   0: 0x80008ff6 (0x02ab02b3) mul     t0, s6, a0
core   0: 3 0x80008ff6 (0x02ab02b3) x 5 0x67bd1000
core   0: 0x80008ffa (0x343f1b37) lui     s6, 0x343f1
core   0: 3 0x80008ffa (0x343f1b37) x22 0x343f1000
core   0: 0x80008ffe (0x0213ecb3) rem     s9, t2, ra
core   0: 3 0x80008ffe (0x0213ecb3) x25 0xff178000
core   0: 0x80009002 (0x004732b3) sltu    t0, a4, tp
core   0: 3 0x80009002 (0x004732b3) x 5 0x00000001
core   0: 0x80009006 (0x00861993) slli    s3, a2, 8
core   0: 3 0x80009006 (0x00861993) x19 0xeefc2c00
core   0: 0x8000900a (0x00008889) c.andi  s1, 2
core   0: 3 0x8000900a (0x8889) x 9 0x00000000
core   0: 0x8000900c (0x00008901) c.andi  a0, 0
core   0: 3 0x8000900c (0x8901) x10 0x00000000
core   0: 0x8000900e (0x40abdbb3) sra     s7, s7, a0
core   0: 3 0x8000900e (0x40abdbb3) x23 0x00000464
core   0: 0x80009012 (0xe4a9c393) xori    t2, s3, -438
core   0: 3 0x80009012 (0xe4a9c393) x 7 0x1103d24a
core   0: 0x80009016 (0x00d32eb3) slt     t4, t1, a3
core   0: 3 0x80009016 (0x00d32eb3) x29 0x00000001
core   0: 0x8000901a (0x0188f2b3) and     t0, a7, s8
core   0: 3 0x8000901a (0x0188f2b3) x 5 0x00000000
core   0: 0x8000901e (0x003e9193) slli    gp, t4, 3
core   0: 3 0x8000901e (0x003e9193) x 3 0x00000008
core   0: 0x80009022 (0x00008d51) c.or    a0, a2
core   0: 3 0x80009022 (0x8d51) x10 0x75eefc2c
core   0: 0x80009024 (0x00009afd) c.andi  a3, -1
core   0: 3 0x80009024 (0x9afd) x13 0xfffffc6c
core   0: 0x80009026 (0x038f0433) mul     s0, t5, s8
core   0: 3 0x80009026 (0x038f0433) x 8 0x00000000
core   0: 0x8000902a (0x41ae8e33) sub     t3, t4, s10
core   0: 3 0x8000902a (0x41ae8e33) x28 0x60b0d077
core   0: 0x8000902e (0x854d8f13) addi    t5, s11, -1964
core   0: 3 0x8000902e (0x854d8f13) x30 0x75eee87c
core   0: 0x80009032 (0x03b155b3) divu    a1, sp, s11
core   0: 3 0x80009032 (0x03b155b3) x11 0x00000001
core   0: 0x80009036 (0x00009e56) c.add   t3, s5
core   0: 3 0x80009036 (0x9e56) x28 0x60b0d077
core   0: 0x80009038 (0x000087cd) c.srai  a5, 19
core   0: 3 0x80009038 (0x87cd) x15 0xfffff000
core   0: 0x8000903a (0x02698c33) mul     s8, s3, t1
core   0: 3 0x8000903a (0x02698c33) x24 0x00000000
core   0: 0x8000903e (0xf7340693) addi    a3, s0, -141
core   0: 3 0x8000903e (0xf7340693) x13 0xffffff73
core   0: 0x80009042 (0x00006115) c.addi16sp sp, 288
core   0: 3 0x80009042 (0x6115) x 2 0x75eef9ec
core   0: 0x80009044 (0x00008131) c.srli  a0, 12
core   0: 3 0x80009044 (0x8131) x10 0x00075eef
core   0: 0x80009046 (0x00008962) c.mv    s2, s8
core   0: 3 0x80009046 (0x8962) x18 0x00000000
core   0: 0x80009048 (0x017e68b3) or      a7, t3, s7
core   0: 3 0x80009048 (0x017e68b3) x17 0x60b0d477
core   0: 0x8000904c (0x03e7a733) mulhsu  a4, a5, t5
core   0: 3 0x8000904c (0x03e7a733) x14 0xfffff8a1
core   0: 0x80009050 (0x000087ae) c.mv    a5, a1
core   0: 3 0x80009050 (0x87ae) x15 0x00000001
core   0: 0x80009052 (0x01aed013) srli    zero, t4, 26
core   0: 3 0x80009052 (0x01aed013)
core   0: 0x80009056 (0x557ac5b7) lui     a1, 0x557ac
core   0: 3 0x80009056 (0x557ac5b7) x11 0x557ac000
core   0: 0x8000905a (0x03939b33) mulh    s6, t2, s9
core   0: 3 0x8000905a (0x03939b33) x22 0xfff08c07
core   0: 0x8000905e (0x00000810) c.addi4spn a2, sp, 16
core   0: 3 0x8000905e (0x0810) x12 0x75eef9fc
core   0: 0x80009060 (0x00000692) c.slli  a3, 4
core   0: 3 0x80009060 (0x0692) x13 0xfffff730
core   0: 0x80009062 (0x007174b3) and     s1, sp, t2
core   0: 3 0x80009062 (0x007174b3) x 9 0x1102d048
core   0: 0x80009066 (0x00008cbd) c.xor   s1, a5
core   0: 3 0x80009066 (0x8cbd) x 9 0x1102d049
core   0: 0x80009068 (0xa8808893) addi    a7, ra, -1400
core   0: 3 0x80009068 (0xa8808893) x17 0x7ff75c34
core   0: 0x8000906c (0x00008bdd) c.andi  a5, 23
core   0: 3 0x8000906c (0x8bdd) x15 0x00000001
core   0: 0x8000906e (0x023654b3) divu    s1, a2, gp
core   0: 3 0x8000906e (0x023654b3) x 9 0x0ebddf3f
core   0: 0x80009072 (0x00008231) c.srli  a2, 12
core   0: 3 0x80009072 (0x8231) x12 0x00075eef
core   0: 0x80009074 (0x00044cb3) xor     s9, s0, zero
core   0: 3 0x80009074 (0x00044cb3) x25 0x00000000
core   0: 0x80009078 (0x00211f33) sll     t5, sp, sp
core   0: 3 0x80009078 (0x00211f33) x30 0xef9ec000
core   0: 0x8000907c (0x00008425) c.srai  s0, 9
core   0: 3 0x8000907c (0x8425) x 8 0x00000000
core   0: 0x8000907e (0x00008f45) c.or    a4, s1
core   0: 3 0x8000907e (0x8f45) x14 0xffffffbf
core   0: 0x80009080 (0x992fb013) sltiu   zero, t6, -1646
core   0: 3 0x80009080 (0x992fb013)
core   0: 0x80009084 (0x03e260b3) rem     ra, tp, t5
core   0: 3 0x80009084 (0x03e260b3) x 1 0xf2a9fce4
core   0: 0x80009088 (0x00000001) c.nop
core   0: 3 0x80009088 (0x0001)
core   0: 0x8000908a (0x00008d39) c.xor   a0, a4
core   0: 3 0x8000908a (0x8d39) x10 0xfff8a150
core   0: 0x8000908c (0x7ae28c13) addi    s8, t0, 1966
core   0: 3 0x8000908c (0x7ae28c13) x24 0x000007ae
core   0: 0x80009090 (0x00785613) srli    a2, a6, 7
core   0: 3 0x80009090 (0x00785613) x12 0x00000040
core   0: 0x80009094 (0x00006459) c.lui   s0, 0x16
core   0: 3 0x80009094 (0x6459) x 8 0x00016000
core   0: 0x80009096 (0x4158d9b3) sra     s3, a7, s5
core   0: 3 0x80009096 (0x4158d9b3) x19 0x7ff75c34
core   0: 0x8000909a (0x01971833) sll     a6, a4, s9
core   0: 3 0x8000909a (0x01971833) x16 0xffffffbf
core   0: 0x8000909e (0x00327fb3) and     t6, tp, gp
core   0: 3 0x8000909e (0x00327fb3) x31 0x00000000
core   0: 0x800090a2 (0xd6cf2193) slti    gp, t5, -660
core   0: 3 0x800090a2 (0xd6cf2193) x 3 0x00000001
core   0: 0x800090a6 (0x001fe8b3) or      a7, t6, ra
core   0: 3 0x800090a6 (0x001fe8b3) x17 0xf2a9fce4
core   0: 0x800090aa (0x9cd64613) xori    a2, a2, -1587
core   0: 3 0x800090aa (0x9cd64613) x12 0xfffff98d
core   0: 0x800090ae (0x000012fd) c.addi  t0, -1
core   0: 3 0x800090ae (0x12fd) x 5 0xffffffff
core   0: 0x800090b0 (0x00009772) c.add   a4, t3
core   0: 3 0x800090b0 (0x9772) x14 0x60b0d036
core   0: 0x800090b2 (0x00a706b3) add     a3, a4, a0
core   0: 3 0x800090b2 (0x00a706b3) x13 0x60a97186
core   0: 0x800090b6 (0x00000e3a) c.slli  t3, 14
core   0: 3 0x800090b6 (0x0e3a) x28 0x341dc000
core   0: 0x800090b8 (0x020a5c33) divu    s8, s4, zero
core   0: 3 0x800090b8 (0x020a5c33) x24 0xffffffff
core   0: 0x800090bc (0x000005bd) c.addi  a1, 15
core   0: 3 0x800090bc (0x05bd) x11 0x557ac00f
core   0: 0x800090be (0x02c6ac33) mulhsu  s8, a3, a2
core   0: 3 0x800090be (0x02c6ac33) x24 0x60a96f16
core   0: 0x800090c2 (0x00008461) c.srai  s0, 24
core   0: 3 0x800090c2 (0x8461) x 8 0x00000000
core   0: 0x800090c4 (0x039a30b3) mulhu   ra, s4, s9
core   0: 3 0x800090c4 (0x039a30b3) x 1 0x00000000
core   0: 0x800090c8 (0x61420d37) lui     s10, 0x61420
core   0: 3 0x800090c8 (0x61420d37) x26 0x61420000
core   0: 0x800090cc (0x00359b93) slli    s7, a1, 3
core   0: 3 0x800090cc (0x00359b93) x23 0xabd60078
core   0: 0x800090d0 (0xf5d64993) xori    s3, a2, -163
core   0: 3 0x800090d0 (0xf5d64993) x19 0x000006d0
core   0: 0x800090d4 (0x0068ccb3) xor     s9, a7, t1
core   0: 3 0x800090d4 (0x0068ccb3) x25 0x72a9fce4
core   0: 0x800090d8 (0x000081f1) c.srli  a1, 28
core   0: 3 0x800090d8 (0x81f1) x11 0x00000005
core   0: 0x800090da (0x1b41be13) sltiu   t3, gp, 436
core   0: 3 0x800090da (0x1b41be13) x28 0x00000001
core   0: 0x800090de (0x00009d3e) c.add   s10, a5
core   0: 3 0x800090de (0x9d3e) x26 0x61420001
core   0: 0x800090e0 (0x011961b3) or      gp, s2, a7
core   0: 3 0x800090e0 (0x011961b3) x 3 0xf2a9fce4
core   0: 0x800090e4 (0x00000494) c.addi4spn a3, sp, 576
core   0: 3 0x800090e4 (0x0494) x13 0x75eefc2c
core   0: 0x800090e6 (0x01fa9633) sll     a2, s5, t6
core   0: 3 0x800090e6 (0x01fa9633) x12 0x00000000
core   0: 0x800090ea (0x00ca5133) srl     sp, s4, a2
core   0: 3 0x800090ea (0x00ca5133) x 2 0x8000fe64
core   0: 0x800090ee (0x039ebbb3) mulhu   s7, t4, s9
core   0: 3 0x800090ee (0x039ebbb3) x23 0x00000000
core   0: 0x800090f2 (0xc93a6b97) auipc   s7, 0xc93a6
core   0: 3 0x800090f2 (0xc93a6b97) x23 0x493af0f2
core   0: 0x800090f6 (0x02f00133) mul     sp, zero, a5
core   0: 3 0x800090f6 (0x02f00133) x 2 0x00000000
core   0: 0x800090fa (0x00008e99) c.sub   a3, a4
core   0: 3 0x800090fa (0x8e99) x13 0x153e2bf6
core   0: 0x800090fc (0x00008c15) c.sub   s0, a3
core   0: 3 0x800090fc (0x8c15) x 8 0xeac1d40a
core   0: 0x800090fe (0xe6b52637) lui     a2, 0xe6b52
core   0: 3 0x800090fe (0xe6b52637) x12 0xe6b52000
core   0: 0x80009102 (0x1fbc3613) sltiu   a2, s8, 507
core   0: 3 0x80009102 (0x1fbc3613) x12 0x00000000
core   0: 0x80009106 (0x1db3ab93) slti    s7, t2, 475
core   0: 3 0x80009106 (0x1db3ab93) x23 0x00000000
core   0: 0x8000910a (0x0000848d) c.srai  s1, 3
core   0: 3 0x8000910a (0x848d) x 9 0x01d7bbe7
core   0: 0x8000910c (0x000080ca) c.mv    ra, s2
core   0: 3 0x8000910c (0x80ca) x 1 0x00000000
core   0: 0x8000910e (0x00006149) c.addi16sp sp, 144
core   0: 3 0x8000910e (0x6149) x 2 0x00000090
core   0: 0x80009110 (0x000098fd) c.andi  s1, -1
core   0: 3 0x80009110 (0x98fd) x 9 0x01d7bbe7
core   0: 0x80009112 (0x00006ab5) c.lui   s5, 0xd
core   0: 3 0x80009112 (0x6ab5) x21 0x0000d000
core   0: 0x80009114 (0x000098a6) c.add   a7, s1
core   0: 3 0x80009114 (0x98a6) x17 0xf481b8cb
core   0: 0x80009116 (0x00009afd) c.andi  a3, -1
core   0: 3 0x80009116 (0x9afd) x13 0x153e2bf6
core   0: 0x80009118 (0x02f8cab3) div     s5, a7, a5
core   0: 3 0x80009118 (0x02f8cab3) x21 0xf481b8cb
core   0: 0x8000911c (0x02f3f133) remu    sp, t2, a5
core   0: 3 0x8000911c (0x02f3f133) x 2 0x00000000
core   0: 0x80009120 (0x000098fd) c.andi  s1, -1
core   0: 3 0x80009120 (0x98fd) x 9 0x01d7bbe7
core   0: 0x80009122 (0x00000001) c.nop
core   0: 3 0x80009122 (0x0001)
core   0: 0x80009124 (0x41fd0f33) sub     t5, s10, t6
core   0: 3 0x80009124 (0x41fd0f33) x30 0x61420001
core   0: 0x80009128 (0x03aeb433) mulhu   s0, t4, s10
core   0: 3 0x80009128 (0x03aeb433) x 8 0x00000000
core   0: 0x8000912c (0x0321bb33) mulhu   s6, gp, s2
core   0: 3 0x8000912c (0x0321bb33) x22 0x00000000
core   0: 0x80009130 (0x02ec4ab3) div     s5, s8, a4
core   0: 3 0x80009130 (0x02ec4ab3) x21 0x00000000
core   0: 0x80009134 (0x00008e6d) c.and   a2, a1
core   0: 3 0x80009134 (0x8e6d) x12 0x00000000
core   0: 0x80009136 (0x00000546) c.slli  a0, 17
core   0: 3 0x80009136 (0x0546) x10 0x42a00000
core   0: 0x80009138 (0x000d9833) sll     a6, s11, zero
core   0: 3 0x80009138 (0x000d9833) x16 0x75eef028
core   0: 0x8000913c (0x0273ddb3) divu    s11, t2, t2
core   0: 3 0x8000913c (0x0273ddb3) x27 0x00000001
core   0: 0x80009140 (0x0000557d) c.li    a0, -1
core   0: 3 0x80009140 (0x557d) x10 0xffffffff
core   0: 0x80009142 (0x00006165) c.addi16sp sp, 112
core   0: 3 0x80009142 (0x6165) x 2 0x00000070
core   0: 0x80009144 (0x01fefab3) and     s5, t4, t6
core   0: 3 0x80009144 (0x01fefab3) x21 0x00000000
core   0: 0x80009148 (0x02e7c3b3) div     t2, a5, a4
core   0: 3 0x80009148 (0x02e7c3b3) x 7 0x00000000
core   0: 0x8000914c (0x00008f09) c.sub   a4, a0
core   0: 3 0x8000914c (0x8f09) x14 0x60b0d037
core   0: 0x8000914e (0x00009a92) c.add   s5, tp
core   0: 3 0x8000914e (0x9a92) x21 0x80013ce4
core   0: 0x80009150 (0x00fc3533) sltu    a0, s8, a5
core   0: 3 0x80009150 (0x00fc3533) x10 0x00000000
core   0: 0x80009154 (0x0216a8b3) mulhsu  a7, a3, ra
core   0: 3 0x80009154 (0x0216a8b3) x17 0x00000000
core   0: 0x80009158 (0x00367433) and     s0, a2, gp
core   0: 3 0x80009158 (0x00367433) x 8 0x00000000
core   0: 0x8000915c (0x00000001) c.nop
core   0: 3 0x8000915c (0x0001)
core   0: 0x8000915e (0x00008de5) c.and   a1, s1
core   0: 3 0x8000915e (0x8de5) x11 0x00000005
core   0: 0x80009160 (0x02913b33) mulhu   s6, sp, s1
core   0: 3 0x80009160 (0x02913b33) x22 0x00000000
core   0: 0x80009164 (0x00009616) c.add   a2, t0
core   0: 3 0x80009164 (0x9616) x12 0xffffffff
core   0: 0x80009166 (0x00008d91) c.sub   a1, a2
core   0: 3 0x80009166 (0x8d91) x11 0x00000006
core   0: 0x80009168 (0x002e8833) add     a6, t4, sp
core   0: 3 0x80009168 (0x002e8833) x16 0x00000071
core   0: 0x8000916c (0x00000288) c.addi4spn a0, sp, 320
core   0: 3 0x8000916c (0x0288) x10 0x000001b0
core   0: 0x8000916e (0x014ac133) xor     sp, s5, s4
core   0: 3 0x8000916e (0x014ac133) x 2 0x0001c280
core   0: 0x80009172 (0x019e3b33) sltu    s6, t3, s9
core   0: 3 0x80009172 (0x019e3b33) x22 0x00000001
core   0: 0x80009176 (0x02b3e9b3) rem     s3, t2, a1
core   0: 3 0x80009176 (0x02b3e9b3) x19 0x00000000
core   0: 0x8000917a (0x29188713) addi    a4, a7, 657
core   0: 3 0x8000917a (0x29188713) x14 0x00000291
core   0: 0x8000917e (0x78edb737) lui     a4, 0x78edb
core   0: 3 0x8000917e (0x78edb737) x14 0x78edb000
core   0: 0x80009182 (0xb46a8a93) addi    s5, s5, -1210
core   0: 3 0x80009182 (0xb46a8a93) x21 0x8001382a
core   0: 0x80009186 (0x00001d98) c.addi4spn a4, sp, 752
core   0: 3 0x80009186 (0x1d98) x14 0x0001c570
core   0: 0x80009188 (0x03ed4033) div     zero, s10, t5
core   0: 3 0x80009188 (0x03ed4033)
core   0: 0x8000918c (0x0000828d) c.srli  a3, 3
core   0: 3 0x8000918c (0x828d) x13 0x02a7c57e
core   0: 0x8000918e (0x000013fd) c.addi  t2, -1
core   0: 3 0x8000918e (0x13fd) x 7 0xffffffff
core   0: 0x80009190 (0x00008185) c.srli  a1, 1
core   0: 3 0x80009190 (0x8185) x11 0x00000003
core   0: 0x80009192 (0x00008652) c.mv    a2, s4
core   0: 3 0x80009192 (0x8652) x12 0x8000fe64
core   0: 0x80009194 (0xca8d4493) xori    s1, s10, -856
core   0: 3 0x80009194 (0xca8d4493) x 9 0x9ebdfca9
core   0: 0x80009198 (0x000095c2) c.add   a1, a6
core   0: 3 0x80009198 (0x95c2) x11 0x00000074
core   0: 0x8000919a (0x00000001) c.nop
core   0: 3 0x8000919a (0x0001)
core   0: 0x8000919c (0x00000406) c.slli  s0, 1
core   0: 3 0x8000919c (0x0406) x 8 0x00000000
core   0: 0x8000919e (0x101b4913) xori    s2, s6, 257
core   0: 3 0x8000919e (0x101b4913) x18 0x00000100
core   0: 0x800091a2 (0x00008e09) c.sub   a2, a0
core   0: 3 0x800091a2 (0x8e09) x12 0x8000fcb4
core   0: 0x800091a4 (0x01981293) slli    t0, a6, 25
core   0: 3 0x800091a4 (0x01981293) x 5 0xe2000000
core   0: 0x800091a8 (0x000087aa) c.mv    a5, a0
core   0: 3 0x800091a8 (0x87aa) x15 0x000001b0
core   0: 0x800091aa (0x000010fd) c.addi  ra, -1
core   0: 3 0x800091aa (0x10fd) x 1 0xffffffff
core   0: 0x800091ac (0x0c04be93) sltiu   t4, s1, 192
core   0: 3 0x800091ac (0x0c04be93) x29 0x00000000
core   0: 0x800091b0 (0x00000d98) c.addi4spn a4, sp, 720
core   0: 3 0x800091b0 (0x0d98) x14 0x0001c550
core   0: 0x800091b2 (0x021e5b33) divu    s6, t3, ra
core   0: 3 0x800091b2 (0x021e5b33) x22 0x00000000
core   0: 0x800091b6 (0x00000001) c.nop
core   0: 3 0x800091b6 (0x0001)
core   0: 0x800091b8 (0x00008a59) c.andi  a2, 22
core   0: 3 0x800091b8 (0x8a59) x12 0x00000014
core   0: 0x800091ba (0x00bc1493) slli    s1, s8, 11
core   0: 3 0x800091ba (0x00bc1493) x 9 0x4b78b000
core   0: 0x800091be (0xa6e32393) slti    t2, t1, -1426
core   0: 3 0x800091be (0xa6e32393) x 7 0x00000001
core   0: 0x800091c2 (0x00004d59) c.li    s10, 22
core   0: 3 0x800091c2 (0x4d59) x26 0x00000016
core   0: 0x800091c4 (0x0000860a) c.mv    a2, sp
core   0: 3 0x800091c4 (0x860a) x12 0x0001c280
core   0: 0x800091c6 (0x0000717d) c.addi16sp sp, -16
core   0: 3 0x800091c6 (0x717d) x 2 0x0001c270
core   0: 0x800091c8 (0x00008f99) c.sub   a5, a4
core   0: 3 0x800091c8 (0x8f99) x15 0xfffe3c60
core   0: 0x800091ca (0x03410733) mul     a4, sp, s4
core   0: 3 0x800091ca (0x03410733) x14 0xbf9b13c0
core   0: 0x800091ce (0x03a3d433) divu    s0, t2, s10
core   0: 3 0x800091ce (0x03a3d433) x 8 0x00000000
core   0: 0x800091d2 (0x0055fe33) and     t3, a1, t0
core   0: 3 0x800091d2 (0x0055fe33) x28 0x00000000
core   0: 0x800091d6 (0x0000095a) c.slli  s2, 22
core   0: 3 0x800091d6 (0x095a) x18 0x40000000
core   0: 0x800091d8 (0x000005da) c.slli  a1, 22
core   0: 3 0x800091d8 (0x05da) x11 0x1d000000
core   0: 0x800091da (0x0000187d) c.addi  a6, -1
core   0: 3 0x800091da (0x187d) x16 0x00000070
core   0: 0x800091dc (0x036ea533) mulhsu  a0, t4, s6
core   0: 3 0x800091dc (0x036ea533) x10 0x00000000
core   0: 0x800091e0 (0x00008ddd) c.or    a1, a5
core   0: 3 0x800091e0 (0x8ddd) x11 0xfffe3c60
core   0: 0x800091e2 (0x3ea93413) sltiu   s0, s2, 1002
core   0: 3 0x800091e2 (0x3ea93413) x 8 0x00000000
core   0: 0x800091e6 (0x0000061e) c.slli  a2, 7
core   0: 3 0x800091e6 (0x061e) x12 0x00e14000
core   0: 0x800091e8 (0x005ef733) and     a4, t4, t0
core   0: 3 0x800091e8 (0x005ef733) x14 0x00000000
core   0: 0x800091ec (0x0340bcb3) mulhu   s9, ra, s4
core   0: 3 0x800091ec (0x0340bcb3) x25 0x8000fe63
core   0: 0x800091f0 (0x419a04b3) sub     s1, s4, s9
core   0: 3 0x800091f0 (0x419a04b3) x 9 0x00000001
core   0: 0x800091f4 (0x00cfb033) sltu    zero, t6, a2
core   0: 3 0x800091f4 (0x00cfb033)
core   0: 0x800091f8 (0x00008da1) c.xor   a1, s0
core   0: 3 0x800091f8 (0x8da1) x11 0xfffe3c60
core   0: 0x800091fa (0x00cbd6b3) srl     a3, s7, a2
core   0: 3 0x800091fa (0x00cbd6b3) x13 0x00000000
core   0: 0x800091fe (0x00d0b733) sltu    a4, ra, a3
core   0: 3 0x800091fe (0x00d0b733) x14 0x00000000
core   0: 0x80009202 (0x000062fd) c.lui   t0, 0x1f
core   0: 3 0x80009202 (0x62fd) x 5 0x0001f000
core   0: 0x80009204 (0xe4978497) auipc   s1, 0xe4978
core   0: 3 0x80009204 (0xe4978497) x 9 0x64981204
core   0: 0x80009208 (0x016eb033) sltu    zero, t4, s6
core   0: 3 0x80009208 (0x016eb033)
core   0: 0x8000920c (0x0000883e) c.mv    a6, a5
core   0: 3 0x8000920c (0x883e) x16 0xfffe3c60
core   0: 0x8000920e (0x0067ce13) xori    t3, a5, 6
core   0: 3 0x8000920e (0x0067ce13) x28 0xfffe3c66
core   0: 0x80009212 (0x0121db13) srli    s6, gp, 18
core   0: 3 0x80009212 (0x0121db13) x22 0x00003caa
core   0: 0x80009216 (0x00008dad) c.xor   a1, a1
core   0: 3 0x80009216 (0x8dad) x11 0x00000000
core   0: 0x80009218 (0xff4d4713) xori    a4, s10, -12
core   0: 3 0x80009218 (0xff4d4713) x14 0xffffffe2
core   0: 0x8000921c (0x000097ca) c.add   a5, s2
core   0: 3 0x8000921c (0x97ca) x15 0x3ffe3c60
core   0: 0x8000921e (0x03e26db3) rem     s11, tp, t5
core   0: 3 0x8000921e (0x03e26db3) x27 0xe1433ce5
core   0: 0x80009222 (0x00e927b3) slt     a5, s2, a4
core   0: 3 0x80009222 (0x00e927b3) x15 0x00000000
core   0: 0x80009226 (0x00008595) c.srai  a1, 5
core   0: 3 0x80009226 (0x8595) x11 0x00000000
core   0: 0x80009228 (0x00008f79) c.and   a4, a4
core   0: 3 0x80009228 (0x8f79) x14 0xffffffe2
core   0: 0x8000922a (0x40b30033) sub     zero, t1, a1
core   0: 3 0x8000922a (0x40b30033)
core   0: 0x8000922e (0xf6e38693) addi    a3, t2, -146
core   0: 3 0x8000922e (0xf6e38693) x13 0xffffff6f
core   0: 0x80009232 (0x00008df1) c.and   a1, a2
core   0: 3 0x80009232 (0x8df1) x11 0x00000000
core   0: 0x80009234 (0x015b9933) sll     s2, s7, s5
core   0: 3 0x80009234 (0x015b9933) x18 0x00000000
core   0: 0x80009238 (0x42024e93) xori    t4, tp, 1056
core   0: 3 0x80009238 (0x42024e93) x29 0x800138c4
core   0: 0x8000923c (0x00d2d693) srli    a3, t0, 13
core   0: 3 0x8000923c (0x00d2d693) x13 0x0000000f
core   0: 0x80009240 (0x0114e833) or      a6, s1, a7
core   0: 3 0x80009240 (0x0114e833) x16 0x64981204
core   0: 0x80009244 (0x1497ae13) slti    t3, a5, 329
core   0: 3 0x80009244 (0x1497ae13) x28 0x00000001
core   0: 0x80009248 (0x9cd84913) xori    s2, a6, -1587
core   0: 3 0x80009248 (0x9cd84913) x18 0x9b67ebc9
core   0: 0x8000924c (0x00008c8d) c.sub   s1, a1
core   0: 3 0x8000924c (0x8c8d) x 9 0x64981204
core   0: 0x8000924e (0x00069e93) slli    t4, a3, 0
core   0: 3 0x8000924e (0x00069e93) x29 0x0000000f
core   0: 0x80009252 (0x4acd4113) xori    sp, s10, 1196
core   0: 3 0x80009252 (0x4acd4113) x 2 0x000004ba
core   0: 0x80009256 (0x02e1fdb3) remu    s11, gp, a4
core   0: 3 0x80009256 (0x02e1fdb3) x27 0xf2a9fce4
core   0: 0x8000925a (0x00001f14) c.addi4spn a3, sp, 944
core   0: 3 0x8000925a (0x1f14) x13 0x0000086a
core   0: 0x8000925c (0x00e054b3) srl     s1, zero, a4
core   0: 3 0x8000925c (0x00e054b3) x 9 0x00000000
core   0: 0x80009260 (0x39860b13) addi    s6, a2, 920
core   0: 3 0x80009260 (0x39860b13) x22 0x00e14398
core   0: 0x80009264 (0x00006bcd) c.lui   s7, 0x13
core   0: 3 0x80009264 (0x6bcd) x23 0x00013000
core   0: 0x80009266 (0x02d5cf33) div     t5, a1, a3
core   0: 3 0x80009266 (0x02d5cf33) x30 0x00000000
core   0: 0x8000926a (0x00e24eb3) xor     t4, tp, a4
core   0: 3 0x8000926a (0x00e24eb3) x29 0x7ffec306
core   0: 0x8000926e (0x0000998e) c.add   s3, gp
core   0: 3 0x8000926e (0x998e) x19 0xf2a9fce4
core   0: 0x80009270 (0x01124ab3) xor     s5, tp, a7
core   0: 3 0x80009270 (0x01124ab3) x21 0x80013ce4
core   0: 0x80009274 (0x036eb433) mulhu   s0, t4, s6
core   0: 3 0x80009274 (0x036eb433) x 8 0x0070a0b5
core   0: 0x80009278 (0x00001f00) c.addi4spn s0, sp, 944
core   0: 3 0x80009278 (0x1f00) x 8 0x0000086a
core   0: 0x8000927a (0x405258b3) sra     a7, tp, t0
core   0: 3 0x8000927a (0x405258b3) x17 0x80013ce4
core   0: 0x8000927e (0x01e409b3) add     s3, s0, t5
core   0: 3 0x8000927e (0x01e409b3) x19 0x0000086a
core   0: 0x80009282 (0x01afc4b3) xor     s1, t6, s10
core   0: 3 0x80009282 (0x01afc4b3) x 9 0x00000016
core   0: 0x80009286 (0x000013fd) c.addi  t2, -1
core   0: 3 0x80009286 (0x13fd) x 7 0x00000000
core   0: 0x80009288 (0x007ae833) or      a6, s5, t2
core   0: 3 0x80009288 (0x007ae833) x16 0x80013ce4
core   0: 0x8000928c (0x018834b3) sltu    s1, a6, s8
core   0: 3 0x8000928c (0x018834b3) x 9 0x00000000
core   0: 0x80009290 (0x000003aa) c.slli  t2, 10
core   0: 3 0x80009290 (0x03aa) x 7 0x00000000
core   0: 0x80009292 (0x00000001) c.nop
core   0: 3 0x80009292 (0x0001)
core   0: 0x80009294 (0x031703b3) mul     t2, a4, a7
core   0: 3 0x80009294 (0x031703b3) x 7 0xffdadd48
core   0: 0x80009298 (0x01cc1713) slli    a4, s8, 28
core   0: 3 0x80009298 (0x01cc1713) x14 0x60000000
core   0: 0x8000929c (0x41875513) srai    a0, a4, 24
core   0: 3 0x8000929c (0x41875513) x10 0x00000060
core   0: 0x800092a0 (0x020718b3) mulh    a7, a4, zero
core   0: 3 0x800092a0 (0x020718b3) x17 0x00000000
core   0: 0x800092a4 (0x00006111) c.addi16sp sp, 256
core   0: 3 0x800092a4 (0x6111) x 2 0x000005ba
core   0: 0x800092a6 (0x64488d17) auipc   s10, 0x64488
core   0: 3 0x800092a6 (0x64488d17) x26 0xe44912a6
core   0: 0x800092aa (0x5e2ac613) xori    a2, s5, 1506
core   0: 3 0x800092aa (0x5e2ac613) x12 0x80013906
core   0: 0x800092ae (0x00009efe) c.add   t4, t6
core   0: 3 0x800092ae (0x9efe) x29 0x7ffec306
core   0: 0x800092b0 (0x000096f6) c.add   a3, t4
core   0: 3 0x800092b0 (0x96f6) x13 0x7ffecb70
core   0: 0x800092b2 (0x00008149) c.srli  a0, 18
core   0: 3 0x800092b2 (0x8149) x10 0x00000000
core   0: 0x800092b4 (0x000045c1) c.li    a1, 16
core   0: 3 0x800092b4 (0x45c1) x11 0x00000010
core   0: 0x800092b6 (0x58e3ea93) ori     s5, t2, 1422
core   0: 3 0x800092b6 (0x58e3ea93) x21 0xffdaddce
core   0: 0x800092ba (0x02654fb3) div     t6, a0, t1
core   0: 3 0x800092ba (0x02654fb3) x31 0x00000000
core   0: 0x800092be (0x00008cd5) c.or    s1, a3
core   0: 3 0x800092be (0x8cd5) x 9 0x7ffecb70
core   0: 0x800092c0 (0x00008f29) c.xor   a4, a0
core   0: 3 0x800092c0 (0x8f29) x14 0x60000000
core   0: 0x800092c2 (0x00008edd) c.or    a3, a5
core   0: 3 0x800092c2 (0x8edd) x13 0x7ffecb70
core   0: 0x800092c4 (0x231fec93) ori     s9, t6, 561
core   0: 3 0x800092c4 (0x231fec93) x25 0x00000231
core   0: 0x800092c8 (0x03e33733) mulhu   a4, t1, t5
core   0: 3 0x800092c8 (0x03e33733) x14 0x00000000
core   0: 0x800092cc (0x00008981) c.andi  a1, 0
core   0: 3 0x800092cc (0x8981) x11 0x00000000
core   0: 0x800092ce (0x01b7b5b3) sltu    a1, a5, s11
core   0: 3 0x800092ce (0x01b7b5b3) x11 0x00000001
core   0: 0x800092d2 (0x0265e8b3) rem     a7, a1, t1
core   0: 3 0x800092d2 (0x0265e8b3) x17 0x00000001
core   0: 0x800092d6 (0x0120d0b3) srl     ra, ra, s2
core   0: 3 0x800092d6 (0x0120d0b3) x 1 0x007fffff
core   0: 0x800092da (0x02850b33) mul     s6, a0, s0
core   0: 3 0x800092da (0x02850b33) x22 0x00000000
core   0: 0x800092de (0x0000547d) c.li    s0, -1
core   0: 3 0x800092de (0x547d) x 8 0xffffffff
core   0: 0x800092e0 (0x01a79eb3) sll     t4, a5, s10
core   0: 3 0x800092e0 (0x01a79eb3) x29 0x00000000
core   0: 0x800092e4 (0x02d026b3) mulhsu  a3, zero, a3
core   0: 3 0x800092e4 (0x02d026b3) x13 0x00000000
core   0: 0x800092e8 (0xeaa2f717) auipc   a4, 0xeaa2f
core   0: 3 0x800092e8 (0xeaa2f717) x14 0x6aa382e8
core   0: 0x800092ec (0x031fc1b3) div     gp, t6, a7
core   0: 3 0x800092ec (0x031fc1b3) x 3 0x00000000
core   0: 0x800092f0 (0x01b844b3) xor     s1, a6, s11
core   0: 3 0x800092f0 (0x01b844b3) x 9 0x72a8c000
core   0: 0x800092f4 (0x000089b5) c.andi  a1, 13
core   0: 3 0x800092f4 (0x89b5) x11 0x00000001
core   0: 0x800092f6 (0x01040b33) add     s6, s0, a6
core   0: 3 0x800092f6 (0x01040b33) x22 0x80013ce3
core   0: 0x800092fa (0x54ac8e37) lui     t3, 0x54ac8
core   0: 3 0x800092fa (0x54ac8e37) x28 0x54ac8000
core   0: 0x800092fe (0x4030d493) srai    s1, ra, 3
core   0: 3 0x800092fe (0x4030d493) x 9 0x000fffff
core   0: 0x80009302 (0x403b0cb3) sub     s9, s6, gp
core   0: 3 0x80009302 (0x403b0cb3) x25 0x80013ce3
core   0: 0x80009306 (0x00008289) c.srli  a3, 2
core   0: 3 0x80009306 (0x8289) x13 0x00000000
core   0: 0x80009308 (0x00008671) c.srai  a2, 28
core   0: 3 0x80009308 (0x8671) x12 0xfffffff8
core   0: 0x8000930a (0x415bdd93) srai    s11, s7, 21
core   0: 3 0x8000930a (0x415bdd93) x27 0x00000000
core   0: 0x8000930e (0x3000e693) ori     a3, ra, 768
core   0: 3 0x8000930e (0x3000e693) x13 0x007fffff
core   0: 0x80009312 (0x003fc933) xor     s2, t6, gp
core   0: 3 0x80009312 (0x003fc933) x18 0x00000000
core   0: 0x80009316 (0x00008f06) c.mv    t5, ra
core   0: 3 0x80009316 (0x8f06) x30 0x007fffff
core   0: 0x80009318 (0x00009b7d) c.andi  a4, -1
core   0: 3 0x80009318 (0x9b7d) x14 0x6aa382e8
core   0: 0x8000931a (0x01454f33) xor     t5, a0, s4
core   0: 3 0x8000931a (0x01454f33) x30 0x8000fe64
core   0: 0x8000931e (0x02df9e33) mulh    t3, t6, a3
core   0: 3 0x8000931e (0x02df9e33) x28 0x00000000
core   0: 0x80009322 (0x02cfe2b3) rem     t0, t6, a2
core   0: 3 0x80009322 (0x02cfe2b3) x 5 0x00000000
core   0: 0x80009326 (0x0000985a) c.add   a6, s6
core   0: 3 0x80009326 (0x985a) x16 0x000279c7
core   0: 0x80009328 (0x0310c733) div     a4, ra, a7
core   0: 3 0x80009328 (0x0310c733) x14 0x007fffff
core   0: 0x8000932c (0x02c2e733) rem     a4, t0, a2
core   0: 3 0x8000932c (0x02c2e733) x14 0x00000000
core   0: 0x80009330 (0xfd314393) xori    t2, sp, -45
core   0: 3 0x80009330 (0xfd314393) x 7 0xfffffa69
core   0: 0x80009334 (0x00008c69) c.and   s0, a0
core   0: 3 0x80009334 (0x8c69) x 8 0x00000000
core   0: 0x80009336 (0x0087b3b3) sltu    t2, a5, s0
core   0: 3 0x80009336 (0x0087b3b3) x 7 0x00000000
core   0: 0x8000933a (0x400a87b3) sub     a5, s5, zero
core   0: 3 0x8000933a (0x400a87b3) x15 0xffdaddce
core   0: 0x8000933e (0x015adbb3) srl     s7, s5, s5
core   0: 3 0x8000933e (0x015adbb3) x23 0x0003ff6b
core   0: 0x80009342 (0x41985133) sra     sp, a6, s9
core   0: 3 0x80009342 (0x41985133) x 2 0x00004f38
core   0: 0x80009346 (0x00008da1) c.xor   a1, s0
core   0: 3 0x80009346 (0x8da1) x11 0x00000001
core   0: 0x80009348 (0xadf3ad93) slti    s11, t2, -1313
core   0: 3 0x80009348 (0xadf3ad93) x27 0x00000000
core   0: 0x8000934c (0x800004b7) lui     s1, 0x80000
core   0: 3 0x8000934c (0x800004b7) x 9 0x80000000
core   0: 0x80009350 (0xfff00c93) li      s9, -1
core   0: 3 0x80009350 (0xfff00c93) x25 0xffffffff
core   0: 0x80009354 (0xd1132837) lui     a6, 0xd1132
core   0: 3 0x80009354 (0xd1132837) x16 0xd1132000
core   0: 0x80009358 (0x17f80813) addi    a6, a6, 383
core   0: 3 0x80009358 (0x17f80813) x16 0xd113217f
core   0: 0x8000935c (0x00004b81) c.li    s7, 0
core   0: 3 0x8000935c (0x4b81) x23 0x00000000
core   0: 0x8000935e (0x92d90c37) lui     s8, 0x92d90
core   0: 3 0x8000935e (0x92d90c37) x24 0x92d90000
core   0: 0x80009362 (0x660c0c13) addi    s8, s8, 1632
core   0: 3 0x80009362 (0x660c0c13) x24 0x92d90660
core   0: 0x80009366 (0x00004581) c.li    a1, 0
core   0: 3 0x80009366 (0x4581) x11 0x00000000
core   0: 0x80009368 (0x00004f01) c.li    t5, 0
core   0: 3 0x80009368 (0x4f01) x30 0x00000000
core   0: 0x8000936a (0xd2fbe2b7) lui     t0, 0xd2fbe
core   0: 3 0x8000936a (0xd2fbe2b7) x 5 0xd2fbe000
core   0: 0x8000936e (0x14028293) addi    t0, t0, 320
core   0: 3 0x8000936e (0x14028293) x 5 0xd2fbe140
core   0: 0x80009372 (0x134da137) lui     sp, 0x134da
core   0: 3 0x80009372 (0x134da137) x 2 0x134da000
core   0: 0x80009376 (0x2e410113) addi    sp, sp, 740
core   0: 3 0x80009376 (0x2e410113) x 2 0x134da2e4
core   0: 0x8000937a (0xfff00e93) li      t4, -1
core   0: 3 0x8000937a (0xfff00e93) x29 0xffffffff
core   0: 0x8000937e (0x037e8cb3) mul     s9, t4, s7
core   0: 3 0x8000937e (0x037e8cb3) x25 0x00000000
core   0: 0x80009382 (0x0372b2b3) mulhu   t0, t0, s7
core   0: 3 0x80009382 (0x0372b2b3) x 5 0x00000000
core   0: 0x80009386 (0x02928833) mul     a6, t0, s1
core   0: 3 0x80009386 (0x02928833) x16 0x00000000
core   0: 0x8000938a (0x40548bb3) sub     s7, s1, t0
core   0: 3 0x8000938a (0x40548bb3) x23 0x80000000
core   0: 0x8000938e (0x41561117) auipc   sp, 0x41561
core   0: 3 0x8000938e (0x41561117) x 2 0xc156a38e
core   0: 0x80009392 (0x00000001) c.nop
core   0: 3 0x80009392 (0x0001)
core   0: 0x80009394 (0x76c28f13) addi    t5, t0, 1900
core   0: 3 0x80009394 (0x76c28f13) x30 0x0000076c
core   0: 0x80009398 (0x03dbff33) remu    t5, s7, t4
core   0: 3 0x80009398 (0x03dbff33) x30 0x80000000
core   0: 0x8000939c (0x77980113) addi    sp, a6, 1913
core   0: 3 0x8000939c (0x77980113) x 2 0x00000779
core   0: 0x800093a0 (0x419804b3) sub     s1, a6, s9
core   0: 3 0x800093a0 (0x419804b3) x 9 0x00000000
core   0: 0x800093a4 (0x02b28c33) mul     s8, t0, a1
core   0: 3 0x800093a4 (0x02b28c33) x24 0x00000000
core   0: 0x800093a8 (0x925f9817) auipc   a6, 0x925f9
core   0: 3 0x800093a8 (0x925f9817) x16 0x126023a8
core   0: 0x800093ac (0x03d5ebb3) rem     s7, a1, t4
core   0: 3 0x800093ac (0x03d5ebb3) x23 0x00000000
core   0: 0x800093b0 (0x8afb3297) auipc   t0, 0x8afb3
core   0: 3 0x800093b0 (0x8afb3297) x 5 0x0afbc3b0
core   0: 0x800093b4 (0x7fe32297) auipc   t0, 0x7fe32
core   0: 3 0x800093b4 (0x7fe32297) x 5 0xffe3b3b4
core   0: 0x800093b8 (0x030832b3) mulhu   t0, a6, a6
core   0: 3 0x800093b8 (0x030832b3) x 5 0x0151a91e
core   0: 0x800093bc (0x03dc3cb3) mulhu   s9, s8, t4
core   0: 3 0x800093bc (0x03dc3cb3) x25 0x00000000
core   0: 0x800093c0 (0x41dc8c33) sub     s8, s9, t4
core   0: 3 0x800093c0 (0x41dc8c33) x24 0x00000001
core   0: 0x800093c4 (0x41828f33) sub     t5, t0, s8
core   0: 3 0x800093c4 (0x41828f33) x30 0x0151a91d
core   0: 0x800093c8 (0x012aa2b3) slt     t0, s5, s2
core   0: 3 0x800093c8 (0x012aa2b3) x 5 0x00000001
core   0: 0x800093cc (0x14198817) auipc   a6, 0x14198
core   0: 3 0x800093cc (0x14198817) x16 0x941a13cc
core   0: 0x800093d0 (0x00008d65) c.and   a0, s1
core   0: 3 0x800093d0 (0x8d65) x10 0x00000000
core   0: 0x800093d2 (0x00008045) c.srli  s0, 17
core   0: 3 0x800093d2 (0x8045) x 8 0x00000000
core   0: 0x800093d4 (0x01bb1833) sll     a6, s6, s11
core   0: 3 0x800093d4 (0x01bb1833) x16 0x80013ce3
core   0: 0x800093d8 (0x0000080e) c.slli  a6, 3
core   0: 3 0x800093d8 (0x080e) x16 0x0009e718
core   0: 0x800093da (0x40785813) srai    a6, a6, 7
core   0: 3 0x800093da (0x40785813) x16 0x000013ce
core   0: 0x800093de (0x419e5113) srai    sp, t3, 25
core   0: 3 0x800093de (0x419e5113) x 2 0x00000000
core   0: 0x800093e2 (0xc0a80a93) addi    s5, a6, -1014
core   0: 3 0x800093e2 (0xc0a80a93) x21 0x00000fd8
core   0: 0x800093e6 (0x0235f4b3) remu    s1, a1, gp
core   0: 3 0x800093e6 (0x0235f4b3) x 9 0x00000000
core   0: 0x800093ea (0x00008f91) c.sub   a5, a2
core   0: 3 0x800093ea (0x8f91) x15 0xffdaddd6
core   0: 0x800093ec (0xd18ca113) slti    sp, s9, -744
core   0: 3 0x800093ec (0xd18ca113) x 2 0x00000000
core   0: 0x800093f0 (0x414f0833) sub     a6, t5, s4
core   0: 3 0x800093f0 (0x414f0833) x16 0x8150aab9
core   0: 0x800093f4 (0x00008031) c.srli  s0, 12
core   0: 3 0x800093f4 (0x8031) x 8 0x00000000
core   0: 0x800093f6 (0x00000001) c.nop
core   0: 3 0x800093f6 (0x0001)
core   0: 0x800093f8 (0x02f9cb33) div     s6, s3, a5
core   0: 3 0x800093f8 (0x02f9cb33) x22 0x00000000
core   0: 0x800093fc (0x0116ce33) xor     t3, a3, a7
core   0: 3 0x800093fc (0x0116ce33) x28 0x007ffffe
core   0: 0x80009400 (0x0000842d) c.srai  s0, 11
core   0: 3 0x80009400 (0x842d) x 8 0x00000000
core   0: 0x80009402 (0x00008019) c.srli  s0, 6
core   0: 3 0x80009402 (0x8019) x 8 0x00000000
core   0: 0x80009404 (0x00008bd2) c.mv    s7, s4
core   0: 3 0x80009404 (0x8bd2) x23 0x8000fe64
core   0: 0x80009406 (0x0000954e) c.add   a0, s3
core   0: 3 0x80009406 (0x954e) x10 0x0000086a
core   0: 0x80009408 (0xeac3c993) xori    s3, t2, -340
core   0: 3 0x80009408 (0xeac3c993) x19 0xfffffeac
core   0: 0x8000940c (0x000005ee) c.slli  a1, 27
core   0: 3 0x8000940c (0x05ee) x11 0x00000000
core   0: 0x8000940e (0x00001b14) c.addi4spn a3, sp, 432
core   0: 3 0x8000940e (0x1b14) x13 0x000001b0
core   0: 0x80009410 (0x00008cd5) c.or    s1, a3
core   0: 3 0x80009410 (0x8cd5) x 9 0x000001b0
core   0: 0x80009412 (0x0000717d) c.addi16sp sp, -16
core   0: 3 0x80009412 (0x717d) x 2 0xfffffff0
core   0: 0x80009414 (0x006fdab3) srl     s5, t6, t1
core   0: 3 0x80009414 (0x006fdab3) x21 0x00000000
core   0: 0x80009418 (0x0000073e) c.slli  a4, 15
core   0: 3 0x80009418 (0x073e) x14 0x00000000
core   0: 0x8000941a (0x412edf33) sra     t5, t4, s2
core   0: 3 0x8000941a (0x412edf33) x30 0xffffffff
core   0: 0x8000941e (0x602d0993) addi    s3, s10, 1538
core   0: 3 0x8000941e (0x602d0993) x19 0xe44918a8
core   0: 0x80009422 (0x00008f29) c.xor   a4, a0
core   0: 3 0x80009422 (0x8f29) x14 0x0000086a
core   0: 0x80009424 (0xceec2b13) slti    s6, s8, -786
core   0: 3 0x80009424 (0xceec2b13) x22 0x00000000
core   0: 0x80009428 (0x00000001) c.nop
core   0: 3 0x80009428 (0x0001)
core   0: 0x8000942a (0x4062b393) sltiu   t2, t0, 1030
core   0: 3 0x8000942a (0x4062b393) x 7 0x00000001
core   0: 0x8000942e (0x01e866b3) or      a3, a6, t5
core   0: 3 0x8000942e (0x01e866b3) x13 0xffffffff
core   0: 0x80009432 (0xed2d7197) auipc   gp, 0xed2d7
core   0: 3 0x80009432 (0xed2d7197) x 3 0x6d2e0432
core   0: 0x80009436 (0xb715acb7) lui     s9, 0xb715a
core   0: 3 0x80009436 (0xb715acb7) x25 0xb715a000
core   0: 0x8000943a (0x0000517d) c.li    sp, -1
core   0: 3 0x8000943a (0x517d) x 2 0xffffffff
core   0: 0x8000943c (0x00d683b3) add     t2, a3, a3
core   0: 3 0x8000943c (0x00d683b3) x 7 0xfffffffe
core   0: 0x80009440 (0x0397f6b3) remu    a3, a5, s9
core   0: 3 0x80009440 (0x0397f6b3) x13 0x48c53dd6
core   0: 0x80009444 (0x9783b7b7) lui     a5, 0x9783b
core   0: 3 0x80009444 (0x9783b7b7) x15 0x9783b000
core   0: 0x80009448 (0xb4c50613) addi    a2, a0, -1204
core   0: 3 0x80009448 (0xb4c50613) x12 0x000003b6
core   0: 0x8000944c (0x03531133) mulh    sp, t1, s5
core   0: 3 0x8000944c (0x03531133) x 2 0x00000000
core   0: 0x80009450 (0x0000849d) c.srai  s1, 7
core   0: 3 0x80009450 (0x849d) x 9 0x00000003
core   0: 0x80009452 (0x032e80b3) mul     ra, t4, s2
core   0: 3 0x80009452 (0x032e80b3) x 1 0x00000000
core   0: 0x80009456 (0xed013613) sltiu   a2, sp, -304
core   0: 3 0x80009456 (0xed013613) x12 0x00000001
core   0: 0x8000945a (0xab58cc93) xori    s9, a7, -1355
core   0: 3 0x8000945a (0xab58cc93) x25 0xfffffab4
core   0: 0x8000945e (0x0372c933) div     s2, t0, s7
core   0: 3 0x8000945e (0x0372c933) x18 0x00000000
core   0: 0x80009462 (0x004b8933) add     s2, s7, tp
core   0: 3 0x80009462 (0x004b8933) x18 0x00023b48
core   0: 0x80009466 (0x418ad6b3) sra     a3, s5, s8
core   0: 3 0x80009466 (0x418ad6b3) x13 0x00000000
core   0: 0x8000946a (0x000081a9) c.srli  a1, 10
core   0: 3 0x8000946a (0x81a9) x11 0x00000000
core   0: 0x8000946c (0x00abf433) and     s0, s7, a0
core   0: 3 0x8000946c (0x00abf433) x 8 0x00000860
core   0: 0x80009470 (0x00008c2d) c.xor   s0, a1
core   0: 3 0x80009470 (0x8c2d) x 8 0x00000860
core   0: 0x80009472 (0x00008f59) c.or    a4, a4
core   0: 3 0x80009472 (0x8f59) x14 0x0000086a
core   0: 0x80009474 (0x4559a913) slti    s2, s3, 1109
core   0: 3 0x80009474 (0x4559a913) x18 0x00000001
core   0: 0x80009478 (0xd5ae2637) lui     a2, 0xd5ae2
core   0: 3 0x80009478 (0xd5ae2637) x12 0xd5ae2000
core   0: 0x8000947c (0x01e9d0b3) srl     ra, s3, t5
core   0: 3 0x8000947c (0x01e9d0b3) x 1 0x00000001
core   0: 0x80009480 (0x3e44e193) ori     gp, s1, 996
core   0: 3 0x80009480 (0x3e44e193) x 3 0x000003e7
core   0: 0x80009484 (0x413401b3) sub     gp, s0, s3
core   0: 3 0x80009484 (0x413401b3) x 3 0x1bb6efb8
core   0: 0x80009488 (0x00000392) c.slli  t2, 4
core   0: 3 0x80009488 (0x0392) x 7 0xffffffe0
core   0: 0x8000948a (0x00009fc6) c.add   t6, a7
core   0: 3 0x8000948a (0x9fc6) x31 0x00000001
core   0: 0x8000948c (0x00402933) slt     s2, zero, tp
core   0: 3 0x8000948c (0x00402933) x18 0x00000000
core   0: 0x80009490 (0x01639ab3) sll     s5, t2, s6
core   0: 3 0x80009490 (0x01639ab3) x21 0xffffffe0
core   0: 0x80009494 (0x00008e99) c.sub   a3, a4
core   0: 3 0x80009494 (0x8e99) x13 0xfffff796
core   0: 0x80009496 (0x00000b85) c.addi  s7, 1
core   0: 3 0x80009496 (0x0b85) x23 0x8000fe65
core   0: 0x80009498 (0x00000001) c.nop
core   0: 3 0x80009498 (0x0001)
core   0: 0x8000949a (0x02bc6db3) rem     s11, s8, a1
core   0: 3 0x8000949a (0x02bc6db3) x27 0x00000001
core   0: 0x8000949e (0x000082a9) c.srli  a3, 10
core   0: 3 0x8000949e (0x82a9) x13 0x003ffffd
core   0: 0x800094a0 (0x0000717d) c.addi16sp sp, -16
core   0: 3 0x800094a0 (0x717d) x 2 0xfffffff0
core   0: 0x800094a2 (0x036e40b3) div     ra, t3, s6
core   0: 3 0x800094a2 (0x036e40b3) x 1 0xffffffff
core   0: 0x800094a6 (0x00008c39) c.xor   s0, a4
core   0: 3 0x800094a6 (0x8c39) x 8 0x0000000a
core   0: 0x800094a8 (0x00008d09) c.sub   a0, a0
core   0: 3 0x800094a8 (0x8d09) x10 0x00000000
core   0: 0x800094aa (0x41d95c33) sra     s8, s2, t4
core   0: 3 0x800094aa (0x41d95c33) x24 0x00000000
core   0: 0x800094ae (0x000009a6) c.slli  s3, 9
core   0: 3 0x800094ae (0x09a6) x19 0x92315000
core   0: 0x800094b0 (0x000099fd) c.andi  a1, -1
core   0: 3 0x800094b0 (0x99fd) x11 0x00000000
core   0: 0x800094b2 (0x01f19d13) slli    s10, gp, 31
core   0: 3 0x800094b2 (0x01f19d13) x26 0x00000000
core   0: 0x800094b6 (0x02c59133) mulh    sp, a1, a2
core   0: 3 0x800094b6 (0x02c59133) x 2 0x00000000
core   0: 0x800094ba (0x40b2d993) srai    s3, t0, 11
core   0: 3 0x800094ba (0x40b2d993) x19 0x00000000
core   0: 0x800094be (0x00008f01) c.sub   a4, s0
core   0: 3 0x800094be (0x8f01) x14 0x00000860
core   0: 0x800094c0 (0x000084fd) c.srai  s1, 31
core   0: 3 0x800094c0 (0x84fd) x 9 0x00000000
core   0: 0x800094c2 (0x0000717d) c.addi16sp sp, -16
core   0: 3 0x800094c2 (0x717d) x 2 0xfffffff0
core   0: 0x800094c4 (0x0083bcb3) sltu    s9, t2, s0
core   0: 3 0x800094c4 (0x0083bcb3) x25 0x00000000
core   0: 0x800094c8 (0x0000858d) c.srai  a1, 3
core   0: 3 0x800094c8 (0x858d) x11 0x00000000
core   0: 0x800094ca (0x000084f1) c.srai  s1, 28
core   0: 3 0x800094ca (0x84f1) x 9 0x00000000
core   0: 0x800094cc (0x00006179) c.addi16sp sp, 464
core   0: 3 0x800094cc (0x6179) x 2 0x000001c0
core   0: 0x800094ce (0x03b3c0b3) div     ra, t2, s11
core   0: 3 0x800094ce (0x03b3c0b3) x 1 0xffffffe0
core   0: 0x800094d2 (0x404adb13) srai    s6, s5, 4
core   0: 3 0x800094d2 (0x404adb13) x22 0xfffffffe
core   0: 0x800094d6 (0x00008ef1) c.and   a3, a2
core   0: 3 0x800094d6 (0x8ef1) x13 0x002e2000
core   0: 0x800094d8 (0x8e760413) addi    s0, a2, -1817
core   0: 3 0x800094d8 (0x8e760413) x 8 0xd5ae18e7
core   0: 0x800094dc (0x0000717d) c.addi16sp sp, -16
core   0: 3 0x800094dc (0x717d) x 2 0x000001b0
core   0: 0x800094de (0x002556b3) srl     a3, a0, sp
core   0: 3 0x800094de (0x002556b3) x13 0x00000000
core   0: 0x800094e2 (0x033e1433) mulh    s0, t3, s3
core   0: 3 0x800094e2 (0x033e1433) x 8 0x00000000
core   0: 0x800094e6 (0x017875b3) and     a1, a6, s7
core   0: 3 0x800094e6 (0x017875b3) x11 0x8000aa21
core   0: 0x800094ea (0x000af433) and     s0, s5, zero
core   0: 3 0x800094ea (0x000af433) x 8 0x00000000
core   0: 0x800094ee (0x00000001) c.nop
core   0: 3 0x800094ee (0x0001)
core   0: 0x800094f0 (0x010b2033) slt     zero, s6, a6
core   0: 3 0x800094f0 (0x010b2033)
core   0: 0x800094f4 (0x01ba19b3) sll     s3, s4, s11
core   0: 3 0x800094f4 (0x01ba19b3) x19 0x0001fcc8
core   0: 0x800094f8 (0xcac35817) auipc   a6, 0xcac35
core   0: 3 0x800094f8 (0xcac35817) x16 0x4ac3e4f8
core   0: 0x800094fc (0x4173e293) ori     t0, t2, 1047
core   0: 3 0x800094fc (0x4173e293) x 5 0xfffffff7
core   0: 0x80009500 (0x00000001) c.nop
core   0: 3 0x80009500 (0x0001)
core   0: 0x80009502 (0x00dab2b3) sltu    t0, s5, a3
core   0: 3 0x80009502 (0x00dab2b3) x 5 0x00000000
core   0: 0x80009506 (0x00000001) c.nop
core   0: 3 0x80009506 (0x0001)
core   0: 0x80009508 (0x002865b3) or      a1, a6, sp
core   0: 3 0x80009508 (0x002865b3) x11 0x4ac3e5f8
core   0: 0x8000950c (0x00006925) c.lui   s2, 0x9
core   0: 3 0x8000950c (0x6925) x18 0x00009000
core   0: 0x8000950e (0x00000317) auipc   t1, 0x0
core   0: 3 0x8000950e (0x00000317) x 6 0x8000950e
core   0: 0x80009512 (0x00c30313) addi    t1, t1, 12
core   0: 3 0x80009512 (0x00c30313) x 6 0x8000951a
core   0: 0x80009516 (0x00030067) jr      t1
core   0: 3 0x80009516 (0x00030067)
core   0: 0x8000951a (0x00004185) c.li    gp, 1
core   0: 3 0x8000951a (0x4185) x 3 0x00000001
core   0: 0x8000951c (0x00000073) ecall
core   0: exception trap_machine_ecall, epc 0x8000951c
core   0: >>>>  mtvec_handler
core   0: 0x80009ee0 (0x0400006f) j       pc + 0x40
core   0: 3 0x80009ee0 (0x0400006f)
core   0: 0x80009f20 (0x00001271) c.addi  tp, -4
core   0: 3 0x80009f20 (0x1271) x 4 0x80013ce0
core   0: 0x80009f22 (0x01422023) sw      s4, 0(tp)
core   0: 3 0x80009f22 (0x01422023) mem 0x80013ce0 0x8000fe64
core   0: 0x80009f26 (0x00020a33) add     s4, tp, zero
core   0: 3 0x80009f26 (0x00020a33) x20 0x80013ce0
core   0: 0x80009f2a (0xf80a0a13) addi    s4, s4, -128
core   0: 3 0x80009f2a (0xf80a0a13) x20 0x80013c60
core   0: 0x80009f2e (0x001a2223) sw      ra, 4(s4)
core   0: 3 0x80009f2e (0x001a2223) mem 0x80013c64 0xffffffe0
core   0: 0x80009f32 (0x002a2423) sw      sp, 8(s4)
core   0: 3 0x80009f32 (0x002a2423) mem 0x80013c68 0x000001b0
core   0: 0x80009f36 (0x003a2623) sw      gp, 12(s4)
core   0: 3 0x80009f36 (0x003a2623) mem 0x80013c6c 0x00000001
core   0: 0x80009f3a (0x004a2823) sw      tp, 16(s4)
core   0: 3 0x80009f3a (0x004a2823) mem 0x80013c70 0x80013ce0
core   0: 0x80009f3e (0x005a2a23) sw      t0, 20(s4)
core   0: 3 0x80009f3e (0x005a2a23) mem 0x80013c74 0x00000000
core   0: 0x80009f42 (0x006a2c23) sw      t1, 24(s4)
core   0: 3 0x80009f42 (0x006a2c23) mem 0x80013c78 0x8000951a
core   0: 0x80009f46 (0x007a2e23) sw      t2, 28(s4)
core   0: 3 0x80009f46 (0x007a2e23) mem 0x80013c7c 0xffffffe0
core   0: 0x80009f4a (0x028a2023) sw      s0, 32(s4)
core   0: 3 0x80009f4a (0x028a2023) mem 0x80013c80 0x00000000
core   0: 0x80009f4e (0x029a2223) sw      s1, 36(s4)
core   0: 3 0x80009f4e (0x029a2223) mem 0x80013c84 0x00000000
core   0: 0x80009f52 (0x02aa2423) sw      a0, 40(s4)
core   0: 3 0x80009f52 (0x02aa2423) mem 0x80013c88 0x00000000
core   0: 0x80009f56 (0x02ba2623) sw      a1, 44(s4)
core   0: 3 0x80009f56 (0x02ba2623) mem 0x80013c8c 0x4ac3e5f8
core   0: 0x80009f5a (0x02ca2823) sw      a2, 48(s4)
core   0: 3 0x80009f5a (0x02ca2823) mem 0x80013c90 0xd5ae2000
core   0: 0x80009f5e (0x02da2a23) sw      a3, 52(s4)
core   0: 3 0x80009f5e (0x02da2a23) mem 0x80013c94 0x00000000
core   0: 0x80009f62 (0x02ea2c23) sw      a4, 56(s4)
core   0: 3 0x80009f62 (0x02ea2c23) mem 0x80013c98 0x00000860
core   0: 0x80009f66 (0x02fa2e23) sw      a5, 60(s4)
core   0: 3 0x80009f66 (0x02fa2e23) mem 0x80013c9c 0x9783b000
core   0: 0x80009f6a (0x050a2023) sw      a6, 64(s4)
core   0: 3 0x80009f6a (0x050a2023) mem 0x80013ca0 0x4ac3e4f8
core   0: 0x80009f6e (0x051a2223) sw      a7, 68(s4)
core   0: 3 0x80009f6e (0x051a2223) mem 0x80013ca4 0x00000001
core   0: 0x80009f72 (0x052a2423) sw      s2, 72(s4)
core   0: 3 0x80009f72 (0x052a2423) mem 0x80013ca8 0x00009000
core   0: 0x80009f76 (0x053a2623) sw      s3, 76(s4)
core   0: 3 0x80009f76 (0x053a2623) mem 0x80013cac 0x0001fcc8
core   0: 0x80009f7a (0x054a2823) sw      s4, 80(s4)
core   0: 3 0x80009f7a (0x054a2823) mem 0x80013cb0 0x80013c60
core   0: 0x80009f7e (0x055a2a23) sw      s5, 84(s4)
core   0: 3 0x80009f7e (0x055a2a23) mem 0x80013cb4 0xffffffe0
core   0: 0x80009f82 (0x056a2c23) sw      s6, 88(s4)
core   0: 3 0x80009f82 (0x056a2c23) mem 0x80013cb8 0xfffffffe
core   0: 0x80009f86 (0x057a2e23) sw      s7, 92(s4)
core   0: 3 0x80009f86 (0x057a2e23) mem 0x80013cbc 0x8000fe65
core   0: 0x80009f8a (0x078a2023) sw      s8, 96(s4)
core   0: 3 0x80009f8a (0x078a2023) mem 0x80013cc0 0x00000000
core   0: 0x80009f8e (0x079a2223) sw      s9, 100(s4)
core   0: 3 0x80009f8e (0x079a2223) mem 0x80013cc4 0x00000000
core   0: 0x80009f92 (0x07aa2423) sw      s10, 104(s4)
core   0: 3 0x80009f92 (0x07aa2423) mem 0x80013cc8 0x00000000
core   0: 0x80009f96 (0x07ba2623) sw      s11, 108(s4)
core   0: 3 0x80009f96 (0x07ba2623) mem 0x80013ccc 0x00000001
core   0: 0x80009f9a (0x07ca2823) sw      t3, 112(s4)
core   0: 3 0x80009f9a (0x07ca2823) mem 0x80013cd0 0x007ffffe
core   0: 0x80009f9e (0x07da2a23) sw      t4, 116(s4)
core   0: 3 0x80009f9e (0x07da2a23) mem 0x80013cd4 0xffffffff
core   0: 0x80009fa2 (0x07ea2c23) sw      t5, 120(s4)
core   0: 3 0x80009fa2 (0x07ea2c23) mem 0x80013cd8 0xffffffff
core   0: 0x80009fa6 (0x07fa2e23) sw      t6, 124(s4)
core   0: 3 0x80009fa6 (0x07fa2e23) mem 0x80013cdc 0x00000001
core   0: 0x80009faa (0x000a0233) add     tp, s4, zero
core   0: 3 0x80009faa (0x000a0233) x 4 0x80013c60
core   0: 0x80009fae (0x341024f3) csrr    s1, mepc
core   0: 3 0x80009fae (0x341024f3) x 9 0x8000951c
core   0: 0x80009fb2 (0x342024f3) csrr    s1, mcause
core   0: 3 0x80009fb2 (0x342024f3) x 9 0x0000000b
core   0: 0x80009fb6 (0x0000470d) c.li    a4, 3
core   0: 3 0x80009fb6 (0x470d) x14 0x00000003
core   0: 0x80009fb8 (0x28e48563) beq     s1, a4, pc + 650
core   0: 3 0x80009fb8 (0x28e48563)
core   0: 0x80009fbc (0x00004721) c.li    a4, 8
core   0: 3 0x80009fbc (0x4721) x14 0x00000008
core   0: 0x80009fbe (0x04e48563) beq     s1, a4, pc + 74
core   0: 3 0x80009fbe (0x04e48563)
core   0: 0x80009fc2 (0x00004725) c.li    a4, 9
core   0: 3 0x80009fc2 (0x4725) x14 0x00000009
core   0: 0x80009fc4 (0x04e48263) beq     s1, a4, pc + 68
core   0: 3 0x80009fc4 (0x04e48263)
core   0: 0x80009fc8 (0x0000472d) c.li    a4, 11
core   0: 3 0x80009fc8 (0x472d) x14 0x0000000b
core   0: 0x80009fca (0x02e48f63) beq     s1, a4, pc + 62
core   0: 3 0x80009fca (0x02e48f63)
core   0: 0x8000a008 (0xffff6497) auipc   s1, 0xffff6
core   0: 3 0x8000a008 (0xffff6497) x 9 0x80000008
core   0: 0x8000a00c (0xff848493) addi    s1, s1, -8
core   0: 3 0x8000a00c (0xff848493) x 9 0x80000000
core   0: 0x8000a010 (0x0004a023) sw      zero, 0(s1)
core   0: 3 0x8000a010 (0x0004a023) mem 0x80000000 0x00000000
core   0: 0x8000a014 (0x0014a223) sw      ra, 4(s1)
core   0: 3 0x8000a014 (0x0014a223) mem 0x80000004 0xffffffe0
core   0: 0x8000a018 (0x0024a423) sw      sp, 8(s1)
core   0: 3 0x8000a018 (0x0024a423) mem 0x80000008 0x000001b0
core   0: 0x8000a01c (0x0034a623) sw      gp, 12(s1)
core   0: 3 0x8000a01c (0x0034a623) mem 0x8000000c 0x00000001
core   0: 0x8000a020 (0x0044a823) sw      tp, 16(s1)
core   0: 3 0x8000a020 (0x0044a823) mem 0x80000010 0x80013c60
core   0: 0x8000a024 (0x0054aa23) sw      t0, 20(s1)
core   0: 3 0x8000a024 (0x0054aa23) mem 0x80000014 0x00000000
core   0: 0x8000a028 (0x0064ac23) sw      t1, 24(s1)
core   0: 3 0x8000a028 (0x0064ac23) mem 0x80000018 0x8000951a
core   0: 0x8000a02c (0x0074ae23) sw      t2, 28(s1)
core   0: 3 0x8000a02c (0x0074ae23) mem 0x8000001c 0xffffffe0
core   0: 0x8000a030 (0x0000d080) c.sw    s0, 32(s1)
core   0: 3 0x8000a030 (0xd080) mem 0x80000020 0x00000000
core   0: 0x8000a032 (0x0000d0c4) c.sw    s1, 36(s1)
core   0: 3 0x8000a032 (0xd0c4) mem 0x80000024 0x80000000
core   0: 0x8000a034 (0x0000d488) c.sw    a0, 40(s1)
core   0: 3 0x8000a034 (0xd488) mem 0x80000028 0x00000000
core   0: 0x8000a036 (0x0000d4cc) c.sw    a1, 44(s1)
core   0: 3 0x8000a036 (0xd4cc) mem 0x8000002c 0x4ac3e5f8
core   0: 0x8000a038 (0x0000d890) c.sw    a2, 48(s1)
core   0: 3 0x8000a038 (0xd890) mem 0x80000030 0xd5ae2000
core   0: 0x8000a03a (0x0000d8d4) c.sw    a3, 52(s1)
core   0: 3 0x8000a03a (0xd8d4) mem 0x80000034 0x00000000
core   0: 0x8000a03c (0x0000dc98) c.sw    a4, 56(s1)
core   0: 3 0x8000a03c (0xdc98) mem 0x80000038 0x0000000b
core   0: 0x8000a03e (0x0000dcdc) c.sw    a5, 60(s1)
core   0: 3 0x8000a03e (0xdcdc) mem 0x8000003c 0x9783b000
core   0: 0x8000a040 (0x0504a023) sw      a6, 64(s1)
core   0: 3 0x8000a040 (0x0504a023) mem 0x80000040 0x4ac3e4f8
core   0: 0x8000a044 (0x0514a223) sw      a7, 68(s1)
core   0: 3 0x8000a044 (0x0514a223) mem 0x80000044 0x00000001
core   0: 0x8000a048 (0x0524a423) sw      s2, 72(s1)
core   0: 3 0x8000a048 (0x0524a423) mem 0x80000048 0x00009000
core   0: 0x8000a04c (0x0534a623) sw      s3, 76(s1)
core   0: 3 0x8000a04c (0x0534a623) mem 0x8000004c 0x0001fcc8
core   0: 0x8000a050 (0x0544a823) sw      s4, 80(s1)
core   0: 3 0x8000a050 (0x0544a823) mem 0x80000050 0x80013c60
core   0: 0x8000a054 (0x0554aa23) sw      s5, 84(s1)
core   0: 3 0x8000a054 (0x0554aa23) mem 0x80000054 0xffffffe0
core   0: 0x8000a058 (0x0564ac23) sw      s6, 88(s1)
core   0: 3 0x8000a058 (0x0564ac23) mem 0x80000058 0xfffffffe
core   0: 0x8000a05c (0x0574ae23) sw      s7, 92(s1)
core   0: 3 0x8000a05c (0x0574ae23) mem 0x8000005c 0x8000fe65
core   0: 0x8000a060 (0x0784a023) sw      s8, 96(s1)
core   0: 3 0x8000a060 (0x0784a023) mem 0x80000060 0x00000000
core   0: 0x8000a064 (0x0794a223) sw      s9, 100(s1)
core   0: 3 0x8000a064 (0x0794a223) mem 0x80000064 0x00000000
core   0: 0x8000a068 (0x07a4a423) sw      s10, 104(s1)
core   0: 3 0x8000a068 (0x07a4a423) mem 0x80000068 0x00000000
core   0: 0x8000a06c (0x07b4a623) sw      s11, 108(s1)
core   0: 3 0x8000a06c (0x07b4a623) mem 0x8000006c 0x00000001
core   0: 0x8000a070 (0x07c4a823) sw      t3, 112(s1)
core   0: 3 0x8000a070 (0x07c4a823) mem 0x80000070 0x007ffffe
core   0: 0x8000a074 (0x07d4aa23) sw      t4, 116(s1)
core   0: 3 0x8000a074 (0x07d4aa23) mem 0x80000074 0xffffffff
core   0: 0x8000a078 (0x07e4ac23) sw      t5, 120(s1)
core   0: 3 0x8000a078 (0x07e4ac23) mem 0x80000078 0xffffffff
core   0: 0x8000a07c (0x07f4ae23) sw      t6, 124(s1)
core   0: 3 0x8000a07c (0x07f4ae23) mem 0x8000007c 0x00000001
core   0: 0x8000a080 (0xfffff317) auipc   t1, 0xfffff
core   0: 3 0x8000a080 (0xfffff317) x 6 0x80009080
core   0: 0x8000a084 (0x4a030313) addi    t1, t1, 1184
core   0: 3 0x8000a084 (0x4a030313) x 6 0x80009520
core   0: 0x8000a088 (0x00030067) jr      t1
core   0: 3 0x8000a088 (0x00030067)
core   0: 0x80009520 (0x00002f17) auipc   t5, 0x2
core   0: 3 0x80009520 (0x00002f17) x30 0x8000b520
core   0: 0x80009524 (0xae3f2023) sw      gp, -1312(t5)
core   0: 3 0x80009524 (0xae3f2023) mem 0x8000b000 0x00000001
core   0: 0x80009528 (0x0000bfe5) c.j     pc - 8
core   0: 3 0x80009528 (0xbfe5)
core   0: 0x80009520 (0x00002f17) auipc   t5, 0x2
core   0: 3 0x80009520 (0x00002f17) x30 0x8000b520
core   0: 0x80009524 (0xae3f2023) sw      gp, -1312(t5)
core   0: 3 0x80009524 (0xae3f2023) mem 0x8000b000 0x00000001
core   0: 0x80009528 (0x0000bfe5) c.j     pc - 8
core   0: 3 0x80009528 (0xbfe5)
core   0: 0x80009520 (0x00002f17) auipc   t5, 0x2
core   0: 3 0x80009520 (0x00002f17) x30 0x8000b520
core   0: 0x80009524 (0xae3f2023) sw      gp, -1312(t5)
core   0: 3 0x80009524 (0xae3f2023) mem 0x8000b000 0x00000001
core   0: 0x80009528 (0x0000bfe5) c.j     pc - 8
core   0: 3 0x80009528 (0xbfe5)
core   0: 0x80009520 (0x00002f17) auipc   t5, 0x2
core   0: 3 0x80009520 (0x00002f17) x30 0x8000b520
core   0: 0x80009524 (0xae3f2023) sw      gp, -1312(t5)
core   0: 3 0x80009524 (0xae3f2023) mem 0x8000b000 0x00000001
core   0: 0x80009528 (0x0000bfe5) c.j     pc - 8
core   0: 3 0x80009528 (0xbfe5)
core   0: 0x80009520 (0x00002f17) auipc   t5, 0x2
core   0: 3 0x80009520 (0x00002f17) x30 0x8000b520
core   0: 0x80009524 (0xae3f2023) sw      gp, -1312(t5)
core   0: 3 0x80009524 (0xae3f2023) mem 0x8000b000 0x00000001
core   0: 0x80009528 (0x0000bfe5) c.j     pc - 8
core   0: 3 0x80009528 (0xbfe5)
core   0: 0x80009520 (0x00002f17) auipc   t5, 0x2
core   0: 3 0x80009520 (0x00002f17) x30 0x8000b520
core   0: 0x80009524 (0xae3f2023) sw      gp, -1312(t5)
core   0: 3 0x80009524 (0xae3f2023) mem 0x8000b000 0x00000001
core   0: 0x80009528 (0x0000bfe5) c.j     pc - 8
core   0: 3 0x80009528 (0xbfe5)
core   0: 0x80009520 (0x00002f17) auipc   t5, 0x2
core   0: 3 0x80009520 (0x00002f17) x30 0x8000b520
core   0: 0x80009524 (0xae3f2023) sw      gp, -1312(t5)
core   0: 3 0x80009524 (0xae3f2023) mem 0x8000b000 0x00000001
core   0: 0x80009528 (0x0000bfe5) c.j     pc - 8
core   0: 3 0x80009528 (0xbfe5)
core   0: 0x80009520 (0x00002f17) auipc   t5, 0x2
core   0: 3 0x80009520 (0x00002f17) x30 0x8000b520
core   0: 0x80009524 (0xae3f2023) sw      gp, -1312(t5)
core   0: 3 0x80009524 (0xae3f2023) mem 0x8000b000 0x00000001
core   0: 0x80009528 (0x0000bfe5) c.j     pc - 8
core   0: 3 0x80009528 (0xbfe5)
core   0: 0x80009520 (0x00002f17) auipc   t5, 0x2
core   0: 3 0x80009520 (0x00002f17) x30 0x8000b520
core   0: 0x80009524 (0xae3f2023) sw      gp, -1312(t5)
core   0: 3 0x80009524 (0xae3f2023) mem 0x8000b000 0x00000001
core   0: 0x80009528 (0x0000bfe5) c.j     pc - 8
core   0: 3 0x80009528 (0xbfe5)
core   0: 0x80009520 (0x00002f17) auipc   t5, 0x2
core   0: 3 0x80009520 (0x00002f17) x30 0x8000b520
core   0: 0x80009524 (0xae3f2023) sw      gp, -1312(t5)
core   0: 3 0x80009524 (0xae3f2023) mem 0x8000b000 0x00000001
core   0: 0x80009528 (0x0000bfe5) c.j     pc - 8
core   0: 3 0x80009528 (0xbfe5)
core   0: 0x80009520 (0x00002f17) auipc   t5, 0x2
core   0: 3 0x80009520 (0x00002f17) x30 0x8000b520
core   0: 0x80009524 (0xae3f2023) sw      gp, -1312(t5)
core   0: 3 0x80009524 (0xae3f2023) mem 0x8000b000 0x00000001
core   0: 0x80009528 (0x0000bfe5) c.j     pc - 8
core   0: 3 0x80009528 (0xbfe5)
core   0: 0x80009520 (0x00002f17) auipc   t5, 0x2
core   0: 3 0x80009520 (0x00002f17) x30 0x8000b520
core   0: 0x80009524 (0xae3f2023) sw      gp, -1312(t5)
core   0: 3 0x80009524 (0xae3f2023) mem 0x8000b000 0x00000001
core   0: 0x80009528 (0x0000bfe5) c.j     pc - 8
core   0: 3 0x80009528 (0xbfe5)
core   0: 0x80009520 (0x00002f17) auipc   t5, 0x2
core   0: 3 0x80009520 (0x00002f17) x30 0x8000b520
core   0: 0x80009524 (0xae3f2023) sw      gp, -1312(t5)
core   0: 3 0x80009524 (0xae3f2023) mem 0x8000b000 0x00000001
core   0: 0x80009528 (0x0000bfe5) c.j     pc - 8
core   0: 3 0x80009528 (0xbfe5)
core   0: 0x80009520 (0x00002f17) auipc   t5, 0x2
core   0: 3 0x80009520 (0x00002f17) x30 0x8000b520
core   0: 0x80009524 (0xae3f2023) sw      gp, -1312(t5)
core   0: 3 0x80009524 (0xae3f2023) mem 0x8000b000 0x00000001
core   0: 0x80009528 (0x0000bfe5) c.j     pc - 8
core   0: 3 0x80009528 (0xbfe5)
core   0: 0x80009520 (0x00002f17) auipc   t5, 0x2
core   0: 3 0x80009520 (0x00002f17) x30 0x8000b520
core   0: 0x80009524 (0xae3f2023) sw      gp, -1312(t5)
core   0: 3 0x80009524 (0xae3f2023) mem 0x8000b000 0x00000001
core   0: 0x80009528 (0x0000bfe5) c.j     pc - 8
core   0: 3 0x80009528 (0xbfe5)
core   0: 0x80009520 (0x00002f17) auipc   t5, 0x2
core   0: 3 0x80009520 (0x00002f17) x30 0x8000b520
core   0: 0x80009524 (0xae3f2023) sw      gp, -1312(t5)
core   0: 3 0x80009524 (0xae3f2023) mem 0x8000b000 0x00000001
core   0: 0x80009528 (0x0000bfe5) c.j     pc - 8
core   0: 3 0x80009528 (0xbfe5)
core   0: 0x80009520 (0x00002f17) auipc   t5, 0x2
core   0: 3 0x80009520 (0x00002f17) x30 0x8000b520
core   0: 0x80009524 (0xae3f2023) sw      gp, -1312(t5)
core   0: 3 0x80009524 (0xae3f2023) mem 0x8000b000 0x00000001
core   0: 0x80009528 (0x0000bfe5) c.j     pc - 8
core   0: 3 0x80009528 (0xbfe5)
core   0: 0x80009520 (0x00002f17) auipc   t5, 0x2
core   0: 3 0x80009520 (0x00002f17) x30 0x8000b520
core   0: 0x80009524 (0xae3f2023) sw      gp, -1312(t5)
core   0: 3 0x80009524 (0xae3f2023) mem 0x8000b000 0x00000001
core   0: 0x80009528 (0x0000bfe5) c.j     pc - 8
core   0: 3 0x80009528 (0xbfe5)
core   0: 0x80009520 (0x00002f17) auipc   t5, 0x2
core   0: 3 0x80009520 (0x00002f17) x30 0x8000b520
core   0: 0x80009524 (0xae3f2023) sw      gp, -1312(t5)
core   0: 3 0x80009524 (0xae3f2023) mem 0x8000b000 0x00000001
core   0: 0x80009528 (0x0000bfe5) c.j     pc - 8
core   0: 3 0x80009528 (0xbfe5)
core   0: 0x80009520 (0x00002f17) auipc   t5, 0x2
core   0: 3 0x80009520 (0x00002f17) x30 0x8000b520
core   0: 0x80009524 (0xae3f2023) sw      gp, -1312(t5)
core   0: 3 0x80009524 (0xae3f2023) mem 0x8000b000 0x00000001
core   0: 0x80009528 (0x0000bfe5) c.j     pc - 8
core   0: 3 0x80009528 (0xbfe5)
core   0: 0x80009520 (0x00002f17) auipc   t5, 0x2
core   0: 3 0x80009520 (0x00002f17) x30 0x8000b520
core   0: 0x80009524 (0xae3f2023) sw      gp, -1312(t5)
core   0: 3 0x80009524 (0xae3f2023) mem 0x8000b000 0x00000001
core   0: 0x80009528 (0x0000bfe5) c.j     pc - 8
core   0: 3 0x80009528 (0xbfe5)
core   0: 0x80009520 (0x00002f17) auipc   t5, 0x2
core   0: 3 0x80009520 (0x00002f17) x30 0x8000b520
core   0: 0x80009524 (0xae3f2023) sw      gp, -1312(t5)
core   0: 3 0x80009524 (0xae3f2023) mem 0x8000b000 0x00000001
core   0: 0x80009528 (0x0000bfe5) c.j     pc - 8
core   0: 3 0x80009528 (0xbfe5)
core   0: 0x80009520 (0x00002f17) auipc   t5, 0x2
core   0: 3 0x80009520 (0x00002f17) x30 0x8000b520
core   0: 0x80009524 (0xae3f2023) sw      gp, -1312(t5)
core   0: 3 0x80009524 (0xae3f2023) mem 0x8000b000 0x00000001
core   0: 0x80009528 (0x0000bfe5) c.j     pc - 8
core   0: 3 0x80009528 (0xbfe5)
core   0: 0x80009520 (0x00002f17) auipc   t5, 0x2
core   0: 3 0x80009520 (0x00002f17) x30 0x8000b520
core   0: 0x80009524 (0xae3f2023) sw      gp, -1312(t5)
core   0: 3 0x80009524 (0xae3f2023) mem 0x8000b000 0x00000001
core   0: 0x80009528 (0x0000bfe5) c.j     pc - 8
core   0: 3 0x80009528 (0xbfe5)
core   0: 0x80009520 (0x00002f17) auipc   t5, 0x2
core   0: 3 0x80009520 (0x00002f17) x30 0x8000b520
core   0: 0x80009524 (0xae3f2023) sw      gp, -1312(t5)
core   0: 3 0x80009524 (0xae3f2023) mem 0x8000b000 0x00000001
core   0: 0x80009528 (0x0000bfe5) c.j     pc - 8
core   0: 3 0x80009528 (0xbfe5)
core   0: 0x80009520 (0x00002f17) auipc   t5, 0x2
core   0: 3 0x80009520 (0x00002f17) x30 0x8000b520
core   0: 0x80009524 (0xae3f2023) sw      gp, -1312(t5)
core   0: 3 0x80009524 (0xae3f2023) mem 0x8000b000 0x00000001
core   0: 0x80009528 (0x0000bfe5) c.j     pc - 8
core   0: 3 0x80009528 (0xbfe5)
core   0: 0x80009520 (0x00002f17) auipc   t5, 0x2
core   0: 3 0x80009520 (0x00002f17) x30 0x8000b520
core   0: 0x80009524 (0xae3f2023) sw      gp, -1312(t5)
core   0: 3 0x80009524 (0xae3f2023) mem 0x8000b000 0x00000001
core   0: 0x80009528 (0x0000bfe5) c.j     pc - 8
core   0: 3 0x80009528 (0xbfe5)
core   0: 0x80009520 (0x00002f17) auipc   t5, 0x2
core   0: 3 0x80009520 (0x00002f17) x30 0x8000b520
core   0: 0x80009524 (0xae3f2023) sw      gp, -1312(t5)
core   0: 3 0x80009524 (0xae3f2023) mem 0x8000b000 0x00000001
core   0: 0x80009528 (0x0000bfe5) c.j     pc - 8
core   0: 3 0x80009528 (0xbfe5)
core   0: 0x80009520 (0x00002f17) auipc   t5, 0x2
core   0: 3 0x80009520 (0x00002f17) x30 0x8000b520
core   0: 0x80009524 (0xae3f2023) sw      gp, -1312(t5)
core   0: 3 0x80009524 (0xae3f2023) mem 0x8000b000 0x00000001
core   0: 0x80009528 (0x0000bfe5) c.j     pc - 8
core   0: 3 0x80009528 (0xbfe5)
core   0: 0x80009520 (0x00002f17) auipc   t5, 0x2
core   0: 3 0x80009520 (0x00002f17) x30 0x8000b520
core   0: 0x80009524 (0xae3f2023) sw      gp, -1312(t5)
core   0: 3 0x80009524 (0xae3f2023) mem 0x8000b000 0x00000001
core   0: 0x80009528 (0x0000bfe5) c.j     pc - 8
core   0: 3 0x80009528 (0xbfe5)
core   0: 0x80009520 (0x00002f17) auipc   t5, 0x2
core   0: 3 0x80009520 (0x00002f17) x30 0x8000b520
core   0: 0x80009524 (0xae3f2023) sw      gp, -1312(t5)
core   0: 3 0x80009524 (0xae3f2023) mem 0x8000b000 0x00000001
core   0: 0x80009528 (0x0000bfe5) c.j     pc - 8
core   0: 3 0x80009528 (0xbfe5)
core   0: 0x80009520 (0x00002f17) auipc   t5, 0x2
core   0: 3 0x80009520 (0x00002f17) x30 0x8000b520
core   0: 0x80009524 (0xae3f2023) sw      gp, -1312(t5)
core   0: 3 0x80009524 (0xae3f2023) mem 0x8000b000 0x00000001
core   0: 0x80009528 (0x0000bfe5) c.j     pc - 8
core   0: 3 0x80009528 (0xbfe5)
core   0: 0x80009520 (0x00002f17) auipc   t5, 0x2
core   0: 3 0x80009520 (0x00002f17) x30 0x8000b520
core   0: 0x80009524 (0xae3f2023) sw      gp, -1312(t5)
core   0: 3 0x80009524 (0xae3f2023) mem 0x8000b000 0x00000001
core   0: 0x80009528 (0x0000bfe5) c.j     pc - 8
core   0: 3 0x80009528 (0xbfe5)
core   0: 0x80009520 (0x00002f17) auipc   t5, 0x2
core   0: 3 0x80009520 (0x00002f17) x30 0x8000b520
core   0: 0x80009524 (0xae3f2023) sw      gp, -1312(t5)
core   0: 3 0x80009524 (0xae3f2023) mem 0x8000b000 0x00000001
core   0: 0x80009528 (0x0000bfe5) c.j     pc - 8
core   0: 3 0x80009528 (0xbfe5)
core   0: 0x80009520 (0x00002f17) auipc   t5, 0x2
core   0: 3 0x80009520 (0x00002f17) x30 0x8000b520
core   0: 0x80009524 (0xae3f2023) sw      gp, -1312(t5)
core   0: 3 0x80009524 (0xae3f2023) mem 0x8000b000 0x00000001
core   0: 0x80009528 (0x0000bfe5) c.j     pc - 8
core   0: 3 0x80009528 (0xbfe5)
core   0: 0x80009520 (0x00002f17) auipc   t5, 0x2
core   0: 3 0x80009520 (0x00002f17) x30 0x8000b520
core   0: 0x80009524 (0xae3f2023) sw      gp, -1312(t5)
core   0: 3 0x80009524 (0xae3f2023) mem 0x8000b000 0x00000001
core   0: 0x80009528 (0x0000bfe5) c.j     pc - 8
core   0: 3 0x80009528 (0xbfe5)
core   0: 0x80009520 (0x00002f17) auipc   t5, 0x2
core   0: 3 0x80009520 (0x00002f17) x30 0x8000b520
core   0: 0x80009524 (0xae3f2023) sw      gp, -1312(t5)
core   0: 3 0x80009524 (0xae3f2023) mem 0x8000b000 0x00000001
core   0: 0x80009528 (0x0000bfe5) c.j     pc - 8
core   0: 3 0x80009528 (0xbfe5)
core   0: 0x80009520 (0x00002f17) auipc   t5, 0x2
core   0: 3 0x80009520 (0x00002f17) x30 0x8000b520
core   0: 0x80009524 (0xae3f2023) sw      gp, -1312(t5)
core   0: 3 0x80009524 (0xae3f2023) mem 0x8000b000 0x00000001
core   0: 0x80009528 (0x0000bfe5) c.j     pc - 8
core   0: 3 0x80009528 (0xbfe5)
core   0: 0x80009520 (0x00002f17) auipc   t5, 0x2
core   0: 3 0x80009520 (0x00002f17) x30 0x8000b520
core   0: 0x80009524 (0xae3f2023) sw      gp, -1312(t5)
core   0: 3 0x80009524 (0xae3f2023) mem 0x8000b000 0x00000001
core   0: 0x80009528 (0x0000bfe5) c.j     pc - 8
core   0: 3 0x80009528 (0xbfe5)
core   0: 0x80009520 (0x00002f17) auipc   t5, 0x2
core   0: 3 0x80009520 (0x00002f17) x30 0x8000b520
core   0: 0x80009524 (0xae3f2023) sw      gp, -1312(t5)
core   0: 3 0x80009524 (0xae3f2023) mem 0x8000b000 0x00000001
core   0: 0x80009528 (0x0000bfe5) c.j     pc - 8
core   0: 3 0x80009528 (0xbfe5)
core   0: 0x80009520 (0x00002f17) auipc   t5, 0x2
core   0: 3 0x80009520 (0x00002f17) x30 0x8000b520
core   0: 0x80009524 (0xae3f2023) sw      gp, -1312(t5)
core   0: 3 0x80009524 (0xae3f2023) mem 0x8000b000 0x00000001
core   0: 0x80009528 (0x0000bfe5) c.j     pc - 8
core   0: 3 0x80009528 (0xbfe5)
core   0: 0x80009520 (0x00002f17) auipc   t5, 0x2
core   0: 3 0x80009520 (0x00002f17) x30 0x8000b520
core   0: 0x80009524 (0xae3f2023) sw      gp, -1312(t5)
core   0: 3 0x80009524 (0xae3f2023) mem 0x8000b000 0x00000001
core   0: 0x80009528 (0x0000bfe5) c.j     pc - 8
core   0: 3 0x80009528 (0xbfe5)
core   0: 0x80009520 (0x00002f17) auipc   t5, 0x2
core   0: 3 0x80009520 (0x00002f17) x30 0x8000b520
core   0: 0x80009524 (0xae3f2023) sw      gp, -1312(t5)
core   0: 3 0x80009524 (0xae3f2023) mem 0x8000b000 0x00000001
core   0: 0x80009528 (0x0000bfe5) c.j     pc - 8
core   0: 3 0x80009528 (0xbfe5)
core   0: 0x80009520 (0x00002f17) auipc   t5, 0x2
core   0: 3 0x80009520 (0x00002f17) x30 0x8000b520
core   0: 0x80009524 (0xae3f2023) sw      gp, -1312(t5)
core   0: 3 0x80009524 (0xae3f2023) mem 0x8000b000 0x00000001
core   0: 0x80009528 (0x0000bfe5) c.j     pc - 8
core   0: 3 0x80009528 (0xbfe5)
core   0: 0x80009520 (0x00002f17) auipc   t5, 0x2
core   0: 3 0x80009520 (0x00002f17) x30 0x8000b520
core   0: 0x80009524 (0xae3f2023) sw      gp, -1312(t5)
core   0: 3 0x80009524 (0xae3f2023) mem 0x8000b000 0x00000001
core   0: 0x80009528 (0x0000bfe5) c.j     pc - 8
core   0: 3 0x80009528 (0xbfe5)
core   0: 0x80009520 (0x00002f17) auipc   t5, 0x2
core   0: 3 0x80009520 (0x00002f17) x30 0x8000b520
core   0: 0x80009524 (0xae3f2023) sw      gp, -1312(t5)
core   0: 3 0x80009524 (0xae3f2023) mem 0x8000b000 0x00000001
core   0: 0x80009528 (0x0000bfe5) c.j     pc - 8
core   0: 3 0x80009528 (0xbfe5)
core   0: 0x80009520 (0x00002f17) auipc   t5, 0x2
core   0: 3 0x80009520 (0x00002f17) x30 0x8000b520
core   0: 0x80009524 (0xae3f2023) sw      gp, -1312(t5)
core   0: 3 0x80009524 (0xae3f2023) mem 0x8000b000 0x00000001
core   0: 0x80009528 (0x0000bfe5) c.j     pc - 8
core   0: 3 0x80009528 (0xbfe5)
core   0: 0x80009520 (0x00002f17) auipc   t5, 0x2
core   0: 3 0x80009520 (0x00002f17) x30 0x8000b520
core   0: 0x80009524 (0xae3f2023) sw      gp, -1312(t5)
core   0: 3 0x80009524 (0xae3f2023) mem 0x8000b000 0x00000001
core   0: 0x80009528 (0x0000bfe5) c.j     pc - 8
core   0: 3 0x80009528 (0xbfe5)
core   0: 0x80009520 (0x00002f17) auipc   t5, 0x2
core   0: 3 0x80009520 (0x00002f17) x30 0x8000b520
core   0: 0x80009524 (0xae3f2023) sw      gp, -1312(t5)
core   0: 3 0x80009524 (0xae3f2023) mem 0x8000b000 0x00000001
core   0: 0x80009528 (0x0000bfe5) c.j     pc - 8
core   0: 3 0x80009528 (0xbfe5)
core   0: 0x80009520 (0x00002f17) auipc   t5, 0x2
core   0: 3 0x80009520 (0x00002f17) x30 0x8000b520
core   0: 0x80009524 (0xae3f2023) sw      gp, -1312(t5)
core   0: 3 0x80009524 (0xae3f2023) mem 0x8000b000 0x00000001
core   0: 0x80009528 (0x0000bfe5) c.j     pc - 8
core   0: 3 0x80009528 (0xbfe5)
core   0: 0x80009520 (0x00002f17) auipc   t5, 0x2
core   0: 3 0x80009520 (0x00002f17) x30 0x8000b520
core   0: 0x80009524 (0xae3f2023) sw      gp, -1312(t5)
core   0: 3 0x80009524 (0xae3f2023) mem 0x8000b000 0x00000001
core   0: 0x80009528 (0x0000bfe5) c.j     pc - 8
core   0: 3 0x80009528 (0xbfe5)
core   0: 0x80009520 (0x00002f17) auipc   t5, 0x2
core   0: 3 0x80009520 (0x00002f17) x30 0x8000b520
core   0: 0x80009524 (0xae3f2023) sw      gp, -1312(t5)
core   0: 3 0x80009524 (0xae3f2023) mem 0x8000b000 0x00000001
core   0: 0x80009528 (0x0000bfe5) c.j     pc - 8
core   0: 3 0x80009528 (0xbfe5)
core   0: 0x80009520 (0x00002f17) auipc   t5, 0x2
core   0: 3 0x80009520 (0x00002f17) x30 0x8000b520
core   0: 0x80009524 (0xae3f2023) sw      gp, -1312(t5)
core   0: 3 0x80009524 (0xae3f2023) mem 0x8000b000 0x00000001
core   0: 0x80009528 (0x0000bfe5) c.j     pc - 8
core   0: 3 0x80009528 (0xbfe5)
core   0: 0x80009520 (0x00002f17) auipc   t5, 0x2
core   0: 3 0x80009520 (0x00002f17) x30 0x8000b520
core   0: 0x80009524 (0xae3f2023) sw      gp, -1312(t5)
core   0: 3 0x80009524 (0xae3f2023) mem 0x8000b000 0x00000001
core   0: 0x80009528 (0x0000bfe5) c.j     pc - 8
core   0: 3 0x80009528 (0xbfe5)
core   0: 0x80009520 (0x00002f17) auipc   t5, 0x2
core   0: 3 0x80009520 (0x00002f17) x30 0x8000b520
core   0: 0x80009524 (0xae3f2023) sw      gp, -1312(t5)
core   0: 3 0x80009524 (0xae3f2023) mem 0x8000b000 0x00000001
core   0: 0x80009528 (0x0000bfe5) c.j     pc - 8
core   0: 3 0x80009528 (0xbfe5)
core   0: 0x80009520 (0x00002f17) auipc   t5, 0x2
core   0: 3 0x80009520 (0x00002f17) x30 0x8000b520
core   0: 0x80009524 (0xae3f2023) sw      gp, -1312(t5)
core   0: 3 0x80009524 (0xae3f2023) mem 0x8000b000 0x00000001
core   0: 0x80009528 (0x0000bfe5) c.j     pc - 8
core   0: 3 0x80009528 (0xbfe5)
core   0: 0x80009520 (0x00002f17) auipc   t5, 0x2
core   0: 3 0x80009520 (0x00002f17) x30 0x8000b520
core   0: 0x80009524 (0xae3f2023) sw      gp, -1312(t5)
core   0: 3 0x80009524 (0xae3f2023) mem 0x8000b000 0x00000001
core   0: 0x80009528 (0x0000bfe5) c.j     pc - 8
core   0: 3 0x80009528 (0xbfe5)
core   0: 0x80009520 (0x00002f17) auipc   t5, 0x2
core   0: 3 0x80009520 (0x00002f17) x30 0x8000b520
core   0: 0x80009524 (0xae3f2023) sw      gp, -1312(t5)
core   0: 3 0x80009524 (0xae3f2023) mem 0x8000b000 0x00000001
core   0: 0x80009528 (0x0000bfe5) c.j     pc - 8
core   0: 3 0x80009528 (0xbfe5)
core   0: 0x80009520 (0x00002f17) auipc   t5, 0x2
core   0: 3 0x80009520 (0x00002f17) x30 0x8000b520
core   0: 0x80009524 (0xae3f2023) sw      gp, -1312(t5)
core   0: 3 0x80009524 (0xae3f2023) mem 0x8000b000 0x00000001
core   0: 0x80009528 (0x0000bfe5) c.j     pc - 8
core   0: 3 0x80009528 (0xbfe5)
core   0: 0x80009520 (0x00002f17) auipc   t5, 0x2
core   0: 3 0x80009520 (0x00002f17) x30 0x8000b520
core   0: 0x80009524 (0xae3f2023) sw      gp, -1312(t5)
core   0: 3 0x80009524 (0xae3f2023) mem 0x8000b000 0x00000001
core   0: 0x80009528 (0x0000bfe5) c.j     pc - 8
core   0: 3 0x80009528 (0xbfe5)
core   0: 0x80009520 (0x00002f17) auipc   t5, 0x2
core   0: 3 0x80009520 (0x00002f17) x30 0x8000b520
core   0: 0x80009524 (0xae3f2023) sw      gp, -1312(t5)
core   0: 3 0x80009524 (0xae3f2023) mem 0x8000b000 0x00000001
core   0: 0x80009528 (0x0000bfe5) c.j     pc - 8
core   0: 3 0x80009528 (0xbfe5)
core   0: 0x80009520 (0x00002f17) auipc   t5, 0x2
core   0: 3 0x80009520 (0x00002f17) x30 0x8000b520
core   0: 0x80009524 (0xae3f2023) sw      gp, -1312(t5)
core   0: 3 0x80009524 (0xae3f2023) mem 0x8000b000 0x00000001
core   0: 0x80009528 (0x0000bfe5) c.j     pc - 8
core   0: 3 0x80009528 (0xbfe5)
core   0: 0x80009520 (0x00002f17) auipc   t5, 0x2
core   0: 3 0x80009520 (0x00002f17) x30 0x8000b520
core   0: 0x80009524 (0xae3f2023) sw      gp, -1312(t5)
core   0: 3 0x80009524 (0xae3f2023) mem 0x8000b000 0x00000001
core   0: 0x80009528 (0x0000bfe5) c.j     pc - 8
core   0: 3 0x80009528 (0xbfe5)
core   0: 0x80009520 (0x00002f17) auipc   t5, 0x2
core   0: 3 0x80009520 (0x00002f17) x30 0x8000b520
core   0: 0x80009524 (0xae3f2023) sw      gp, -1312(t5)
core   0: 3 0x80009524 (0xae3f2023) mem 0x8000b000 0x00000001
core   0: 0x80009528 (0x0000bfe5) c.j     pc - 8
core   0: 3 0x80009528 (0xbfe5)
core   0: 0x80009520 (0x00002f17) auipc   t5, 0x2
core   0: 3 0x80009520 (0x00002f17) x30 0x8000b520
core   0: 0x80009524 (0xae3f2023) sw      gp, -1312(t5)
core   0: 3 0x80009524 (0xae3f2023) mem 0x8000b000 0x00000001
core   0: 0x80009528 (0x0000bfe5) c.j     pc - 8
core   0: 3 0x80009528 (0xbfe5)
core   0: 0x80009520 (0x00002f17) auipc   t5, 0x2
core   0: 3 0x80009520 (0x00002f17) x30 0x8000b520
core   0: 0x80009524 (0xae3f2023) sw      gp, -1312(t5)
core   0: 3 0x80009524 (0xae3f2023) mem 0x8000b000 0x00000001
core   0: 0x80009528 (0x0000bfe5) c.j     pc - 8
core   0: 3 0x80009528 (0xbfe5)
core   0: 0x80009520 (0x00002f17) auipc   t5, 0x2
core   0: 3 0x80009520 (0x00002f17) x30 0x8000b520
core   0: 0x80009524 (0xae3f2023) sw      gp, -1312(t5)
core   0: 3 0x80009524 (0xae3f2023) mem 0x8000b000 0x00000001
core   0: 0x80009528 (0x0000bfe5) c.j     pc - 8
core   0: 3 0x80009528 (0xbfe5)
core   0: 0x80009520 (0x00002f17) auipc   t5, 0x2
core   0: 3 0x80009520 (0x00002f17) x30 0x8000b520
core   0: 0x80009524 (0xae3f2023) sw      gp, -1312(t5)
core   0: 3 0x80009524 (0xae3f2023) mem 0x8000b000 0x00000001
core   0: 0x80009528 (0x0000bfe5) c.j     pc - 8
core   0: 3 0x80009528 (0xbfe5)
core   0: 0x80009520 (0x00002f17) auipc   t5, 0x2
core   0: 3 0x80009520 (0x00002f17) x30 0x8000b520
core   0: 0x80009524 (0xae3f2023) sw      gp, -1312(t5)
core   0: 3 0x80009524 (0xae3f2023) mem 0x8000b000 0x00000001
core   0: 0x80009528 (0x0000bfe5) c.j     pc - 8
core   0: 3 0x80009528 (0xbfe5)
core   0: 0x80009520 (0x00002f17) auipc   t5, 0x2
core   0: 3 0x80009520 (0x00002f17) x30 0x8000b520
core   0: 0x80009524 (0xae3f2023) sw      gp, -1312(t5)
core   0: 3 0x80009524 (0xae3f2023) mem 0x8000b000 0x00000001
core   0: 0x80009528 (0x0000bfe5) c.j     pc - 8
core   0: 3 0x80009528 (0xbfe5)
core   0: 0x80009520 (0x00002f17) auipc   t5, 0x2
core   0: 3 0x80009520 (0x00002f17) x30 0x8000b520
core   0: 0x80009524 (0xae3f2023) sw      gp, -1312(t5)
core   0: 3 0x80009524 (0xae3f2023) mem 0x8000b000 0x00000001
core   0: 0x80009528 (0x0000bfe5) c.j     pc - 8
core   0: 3 0x80009528 (0xbfe5)
core   0: 0x80009520 (0x00002f17) auipc   t5, 0x2
core   0: 3 0x80009520 (0x00002f17) x30 0x8000b520
core   0: 0x80009524 (0xae3f2023) sw      gp, -1312(t5)
core   0: 3 0x80009524 (0xae3f2023) mem 0x8000b000 0x00000001
core   0: 0x80009528 (0x0000bfe5) c.j     pc - 8
core   0: 3 0x80009528 (0xbfe5)
core   0: 0x80009520 (0x00002f17) auipc   t5, 0x2
core   0: 3 0x80009520 (0x00002f17) x30 0x8000b520
core   0: 0x80009524 (0xae3f2023) sw      gp, -1312(t5)
core   0: 3 0x80009524 (0xae3f2023) mem 0x8000b000 0x00000001
core   0: 0x80009528 (0x0000bfe5) c.j     pc - 8
core   0: 3 0x80009528 (0xbfe5)
core   0: 0x80009520 (0x00002f17) auipc   t5, 0x2
core   0: 3 0x80009520 (0x00002f17) x30 0x8000b520
core   0: 0x80009524 (0xae3f2023) sw      gp, -1312(t5)
core   0: 3 0x80009524 (0xae3f2023) mem 0x8000b000 0x00000001
core   0: 0x80009528 (0x0000bfe5) c.j     pc - 8
core   0: 3 0x80009528 (0xbfe5)
core   0: 0x80009520 (0x00002f17) auipc   t5, 0x2
core   0: 3 0x80009520 (0x00002f17) x30 0x8000b520
core   0: 0x80009524 (0xae3f2023) sw      gp, -1312(t5)
core   0: 3 0x80009524 (0xae3f2023) mem 0x8000b000 0x00000001
core   0: 0x80009528 (0x0000bfe5) c.j     pc - 8
core   0: 3 0x80009528 (0xbfe5)
core   0: 0x80009520 (0x00002f17) auipc   t5, 0x2
core   0: 3 0x80009520 (0x00002f17) x30 0x8000b520
core   0: 0x80009524 (0xae3f2023) sw      gp, -1312(t5)
core   0: 3 0x80009524 (0xae3f2023) mem 0x8000b000 0x00000001
core   0: 0x80009528 (0x0000bfe5) c.j     pc - 8
core   0: 3 0x80009528 (0xbfe5)
core   0: 0x80009520 (0x00002f17) auipc   t5, 0x2
core   0: 3 0x80009520 (0x00002f17) x30 0x8000b520
core   0: 0x80009524 (0xae3f2023) sw      gp, -1312(t5)
core   0: 3 0x80009524 (0xae3f2023) mem 0x8000b000 0x00000001
core   0: 0x80009528 (0x0000bfe5) c.j     pc - 8
core   0: 3 0x80009528 (0xbfe5)
core   0: 0x80009520 (0x00002f17) auipc   t5, 0x2
core   0: 3 0x80009520 (0x00002f17) x30 0x8000b520
core   0: 0x80009524 (0xae3f2023) sw      gp, -1312(t5)
core   0: 3 0x80009524 (0xae3f2023) mem 0x8000b000 0x00000001
core   0: 0x80009528 (0x0000bfe5) c.j     pc - 8
core   0: 3 0x80009528 (0xbfe5)
core   0: 0x80009520 (0x00002f17) auipc   t5, 0x2
core   0: 3 0x80009520 (0x00002f17) x30 0x8000b520
core   0: 0x80009524 (0xae3f2023) sw      gp, -1312(t5)
core   0: 3 0x80009524 (0xae3f2023) mem 0x8000b000 0x00000001
core   0: 0x80009528 (0x0000bfe5) c.j     pc - 8
core   0: 3 0x80009528 (0xbfe5)
core   0: 0x80009520 (0x00002f17) auipc   t5, 0x2
core   0: 3 0x80009520 (0x00002f17) x30 0x8000b520
core   0: 0x80009524 (0xae3f2023) sw      gp, -1312(t5)
core   0: 3 0x80009524 (0xae3f2023) mem 0x8000b000 0x00000001
core   0: 0x80009528 (0x0000bfe5) c.j     pc - 8
core   0: 3 0x80009528 (0xbfe5)
core   0: 0x80009520 (0x00002f17) auipc   t5, 0x2
core   0: 3 0x80009520 (0x00002f17) x30 0x8000b520
core   0: 0x80009524 (0xae3f2023) sw      gp, -1312(t5)
core   0: 3 0x80009524 (0xae3f2023) mem 0x8000b000 0x00000001
core   0: 0x80009528 (0x0000bfe5) c.j     pc - 8
core   0: 3 0x80009528 (0xbfe5)
core   0: 0x80009520 (0x00002f17) auipc   t5, 0x2
core   0: 3 0x80009520 (0x00002f17) x30 0x8000b520
core   0: 0x80009524 (0xae3f2023) sw      gp, -1312(t5)
core   0: 3 0x80009524 (0xae3f2023) mem 0x8000b000 0x00000001
core   0: 0x80009528 (0x0000bfe5) c.j     pc - 8
core   0: 3 0x80009528 (0xbfe5)
core   0: 0x80009520 (0x00002f17) auipc   t5, 0x2
core   0: 3 0x80009520 (0x00002f17) x30 0x8000b520
core   0: 0x80009524 (0xae3f2023) sw      gp, -1312(t5)
core   0: 3 0x80009524 (0xae3f2023) mem 0x8000b000 0x00000001
core   0: 0x80009528 (0x0000bfe5) c.j     pc - 8
core   0: 3 0x80009528 (0xbfe5)
core   0: 0x80009520 (0x00002f17) auipc   t5, 0x2
core   0: 3 0x80009520 (0x00002f17) x30 0x8000b520
core   0: 0x80009524 (0xae3f2023) sw      gp, -1312(t5)
core   0: 3 0x80009524 (0xae3f2023) mem 0x8000b000 0x00000001
core   0: 0x80009528 (0x0000bfe5) c.j     pc - 8
core   0: 3 0x80009528 (0xbfe5)
core   0: 0x80009520 (0x00002f17) auipc   t5, 0x2
core   0: 3 0x80009520 (0x00002f17) x30 0x8000b520
core   0: 0x80009524 (0xae3f2023) sw      gp, -1312(t5)
core   0: 3 0x80009524 (0xae3f2023) mem 0x8000b000 0x00000001
core   0: 0x80009528 (0x0000bfe5) c.j     pc - 8
core   0: 3 0x80009528 (0xbfe5)
core   0: 0x80009520 (0x00002f17) auipc   t5, 0x2
core   0: 3 0x80009520 (0x00002f17) x30 0x8000b520
core   0: 0x80009524 (0xae3f2023) sw      gp, -1312(t5)
core   0: 3 0x80009524 (0xae3f2023) mem 0x8000b000 0x00000001
core   0: 0x80009528 (0x0000bfe5) c.j     pc - 8
core   0: 3 0x80009528 (0xbfe5)
core   0: 0x80009520 (0x00002f17) auipc   t5, 0x2
core   0: 3 0x80009520 (0x00002f17) x30 0x8000b520
core   0: 0x80009524 (0xae3f2023) sw      gp, -1312(t5)
core   0: 3 0x80009524 (0xae3f2023) mem 0x8000b000 0x00000001
core   0: 0x80009528 (0x0000bfe5) c.j     pc - 8
core   0: 3 0x80009528 (0xbfe5)
core   0: 0x80009520 (0x00002f17) auipc   t5, 0x2
core   0: 3 0x80009520 (0x00002f17) x30 0x8000b520
core   0: 0x80009524 (0xae3f2023) sw      gp, -1312(t5)
core   0: 3 0x80009524 (0xae3f2023) mem 0x8000b000 0x00000001
core   0: 0x80009528 (0x0000bfe5) c.j     pc - 8
core   0: 3 0x80009528 (0xbfe5)
core   0: 0x80009520 (0x00002f17) auipc   t5, 0x2
core   0: 3 0x80009520 (0x00002f17) x30 0x8000b520
core   0: 0x80009524 (0xae3f2023) sw      gp, -1312(t5)
core   0: 3 0x80009524 (0xae3f2023) mem 0x8000b000 0x00000001
core   0: 0x80009528 (0x0000bfe5) c.j     pc - 8
core   0: 3 0x80009528 (0xbfe5)
core   0: 0x80009520 (0x00002f17) auipc   t5, 0x2
core   0: 3 0x80009520 (0x00002f17) x30 0x8000b520
core   0: 0x80009524 (0xae3f2023) sw      gp, -1312(t5)
core   0: 3 0x80009524 (0xae3f2023) mem 0x8000b000 0x00000001
core   0: 0x80009528 (0x0000bfe5) c.j     pc - 8
core   0: 3 0x80009528 (0xbfe5)
core   0: 0x80009520 (0x00002f17) auipc   t5, 0x2
core   0: 3 0x80009520 (0x00002f17) x30 0x8000b520
core   0: 0x80009524 (0xae3f2023) sw      gp, -1312(t5)
core   0: 3 0x80009524 (0xae3f2023) mem 0x8000b000 0x00000001
core   0: 0x80009528 (0x0000bfe5) c.j     pc - 8
core   0: 3 0x80009528 (0xbfe5)
core   0: 0x80009520 (0x00002f17) auipc   t5, 0x2
core   0: 3 0x80009520 (0x00002f17) x30 0x8000b520
core   0: 0x80009524 (0xae3f2023) sw      gp, -1312(t5)
core   0: 3 0x80009524 (0xae3f2023) mem 0x8000b000 0x00000001
core   0: 0x80009528 (0x0000bfe5) c.j     pc - 8
core   0: 3 0x80009528 (0xbfe5)
core   0: 0x80009520 (0x00002f17) auipc   t5, 0x2
core   0: 3 0x80009520 (0x00002f17) x30 0x8000b520
core   0: 0x80009524 (0xae3f2023) sw      gp, -1312(t5)
core   0: 3 0x80009524 (0xae3f2023) mem 0x8000b000 0x00000001
core   0: 0x80009528 (0x0000bfe5) c.j     pc - 8
core   0: 3 0x80009528 (0xbfe5)
core   0: 0x80009520 (0x00002f17) auipc   t5, 0x2
core   0: 3 0x80009520 (0x00002f17) x30 0x8000b520
core   0: 0x80009524 (0xae3f2023) sw      gp, -1312(t5)
core   0: 3 0x80009524 (0xae3f2023) mem 0x8000b000 0x00000001
core   0: 0x80009528 (0x0000bfe5) c.j     pc - 8
core   0: 3 0x80009528 (0xbfe5)
core   0: 0x80009520 (0x00002f17) auipc   t5, 0x2
core   0: 3 0x80009520 (0x00002f17) x30 0x8000b520
core   0: 0x80009524 (0xae3f2023) sw      gp, -1312(t5)
core   0: 3 0x80009524 (0xae3f2023) mem 0x8000b000 0x00000001
core   0: 0x80009528 (0x0000bfe5) c.j     pc - 8
core   0: 3 0x80009528 (0xbfe5)
core   0: 0x80009520 (0x00002f17) auipc   t5, 0x2
core   0: 3 0x80009520 (0x00002f17) x30 0x8000b520
core   0: 0x80009524 (0xae3f2023) sw      gp, -1312(t5)
core   0: 3 0x80009524 (0xae3f2023) mem 0x8000b000 0x00000001
core   0: 0x80009528 (0x0000bfe5) c.j     pc - 8
core   0: 3 0x80009528 (0xbfe5)
core   0: 0x80009520 (0x00002f17) auipc   t5, 0x2
core   0: 3 0x80009520 (0x00002f17) x30 0x8000b520
core   0: 0x80009524 (0xae3f2023) sw      gp, -1312(t5)
core   0: 3 0x80009524 (0xae3f2023) mem 0x8000b000 0x00000001
core   0: 0x80009528 (0x0000bfe5) c.j     pc - 8
core   0: 3 0x80009528 (0xbfe5)
core   0: 0x80009520 (0x00002f17) auipc   t5, 0x2
core   0: 3 0x80009520 (0x00002f17) x30 0x8000b520
core   0: 0x80009524 (0xae3f2023) sw      gp, -1312(t5)
core   0: 3 0x80009524 (0xae3f2023) mem 0x8000b000 0x00000001
core   0: 0x80009528 (0x0000bfe5) c.j     pc - 8
core   0: 3 0x80009528 (0xbfe5)
core   0: 0x80009520 (0x00002f17) auipc   t5, 0x2
core   0: 3 0x80009520 (0x00002f17) x30 0x8000b520
core   0: 0x80009524 (0xae3f2023) sw      gp, -1312(t5)
core   0: 3 0x80009524 (0xae3f2023) mem 0x8000b000 0x00000001
core   0: 0x80009528 (0x0000bfe5) c.j     pc - 8
core   0: 3 0x80009528 (0xbfe5)
core   0: 0x80009520 (0x00002f17) auipc   t5, 0x2
core   0: 3 0x80009520 (0x00002f17) x30 0x8000b520
core   0: 0x80009524 (0xae3f2023) sw      gp, -1312(t5)
core   0: 3 0x80009524 (0xae3f2023) mem 0x8000b000 0x00000001
core   0: 0x80009528 (0x0000bfe5) c.j     pc - 8
core   0: 3 0x80009528 (0xbfe5)
core   0: 0x80009520 (0x00002f17) auipc   t5, 0x2
core   0: 3 0x80009520 (0x00002f17) x30 0x8000b520
core   0: 0x80009524 (0xae3f2023) sw      gp, -1312(t5)
core   0: 3 0x80009524 (0xae3f2023) mem 0x8000b000 0x00000001
core   0: 0x80009528 (0x0000bfe5) c.j     pc - 8
core   0: 3 0x80009528 (0xbfe5)
core   0: 0x80009520 (0x00002f17) auipc   t5, 0x2
core   0: 3 0x80009520 (0x00002f17) x30 0x8000b520
core   0: 0x80009524 (0xae3f2023) sw      gp, -1312(t5)
core   0: 3 0x80009524 (0xae3f2023) mem 0x8000b000 0x00000001
core   0: 0x80009528 (0x0000bfe5) c.j     pc - 8
core   0: 3 0x80009528 (0xbfe5)
core   0: 0x80009520 (0x00002f17) auipc   t5, 0x2
core   0: 3 0x80009520 (0x00002f17) x30 0x8000b520
core   0: 0x80009524 (0xae3f2023) sw      gp, -1312(t5)
core   0: 3 0x80009524 (0xae3f2023) mem 0x8000b000 0x00000001
core   0: 0x80009528 (0x0000bfe5) c.j     pc - 8
core   0: 3 0x80009528 (0xbfe5)
core   0: 0x80009520 (0x00002f17) auipc   t5, 0x2
core   0: 3 0x80009520 (0x00002f17) x30 0x8000b520
core   0: 0x80009524 (0xae3f2023) sw      gp, -1312(t5)
core   0: 3 0x80009524 (0xae3f2023) mem 0x8000b000 0x00000001
core   0: 0x80009528 (0x0000bfe5) c.j     pc - 8
core   0: 3 0x80009528 (0xbfe5)
core   0: 0x80009520 (0x00002f17) auipc   t5, 0x2
core   0: 3 0x80009520 (0x00002f17) x30 0x8000b520
core   0: 0x80009524 (0xae3f2023) sw      gp, -1312(t5)
core   0: 3 0x80009524 (0xae3f2023) mem 0x8000b000 0x00000001
core   0: 0x80009528 (0x0000bfe5) c.j     pc - 8
core   0: 3 0x80009528 (0xbfe5)
core   0: 0x80009520 (0x00002f17) auipc   t5, 0x2
core   0: 3 0x80009520 (0x00002f17) x30 0x8000b520
core   0: 0x80009524 (0xae3f2023) sw      gp, -1312(t5)
core   0: 3 0x80009524 (0xae3f2023) mem 0x8000b000 0x00000001
core   0: 0x80009528 (0x0000bfe5) c.j     pc - 8
core   0: 3 0x80009528 (0xbfe5)
core   0: 0x80009520 (0x00002f17) auipc   t5, 0x2
core   0: 3 0x80009520 (0x00002f17) x30 0x8000b520
core   0: 0x80009524 (0xae3f2023) sw      gp, -1312(t5)
core   0: 3 0x80009524 (0xae3f2023) mem 0x8000b000 0x00000001
core   0: 0x80009528 (0x0000bfe5) c.j     pc - 8
core   0: 3 0x80009528 (0xbfe5)
core   0: 0x80009520 (0x00002f17) auipc   t5, 0x2
core   0: 3 0x80009520 (0x00002f17) x30 0x8000b520
core   0: 0x80009524 (0xae3f2023) sw      gp, -1312(t5)
core   0: 3 0x80009524 (0xae3f2023) mem 0x8000b000 0x00000001
core   0: 0x80009528 (0x0000bfe5) c.j     pc - 8
core   0: 3 0x80009528 (0xbfe5)
core   0: 0x80009520 (0x00002f17) auipc   t5, 0x2
core   0: 3 0x80009520 (0x00002f17) x30 0x8000b520
core   0: 0x80009524 (0xae3f2023) sw      gp, -1312(t5)
core   0: 3 0x80009524 (0xae3f2023) mem 0x8000b000 0x00000001
core   0: 0x80009528 (0x0000bfe5) c.j     pc - 8
core   0: 3 0x80009528 (0xbfe5)
core   0: 0x80009520 (0x00002f17) auipc   t5, 0x2
core   0: 3 0x80009520 (0x00002f17) x30 0x8000b520
core   0: 0x80009524 (0xae3f2023) sw      gp, -1312(t5)
core   0: 3 0x80009524 (0xae3f2023) mem 0x8000b000 0x00000001
core   0: 0x80009528 (0x0000bfe5) c.j     pc - 8
core   0: 3 0x80009528 (0xbfe5)
core   0: 0x80009520 (0x00002f17) auipc   t5, 0x2
core   0: 3 0x80009520 (0x00002f17) x30 0x8000b520
core   0: 0x80009524 (0xae3f2023) sw      gp, -1312(t5)
core   0: 3 0x80009524 (0xae3f2023) mem 0x8000b000 0x00000001
core   0: 0x80009528 (0x0000bfe5) c.j     pc - 8
core   0: 3 0x80009528 (0xbfe5)
core   0: 0x80009520 (0x00002f17) auipc   t5, 0x2
core   0: 3 0x80009520 (0x00002f17) x30 0x8000b520
core   0: 0x80009524 (0xae3f2023) sw      gp, -1312(t5)
core   0: 3 0x80009524 (0xae3f2023) mem 0x8000b000 0x00000001
core   0: 0x80009528 (0x0000bfe5) c.j     pc - 8
core   0: 3 0x80009528 (0xbfe5)
core   0: 0x80009520 (0x00002f17) auipc   t5, 0x2
core   0: 3 0x80009520 (0x00002f17) x30 0x8000b520
core   0: 0x80009524 (0xae3f2023) sw      gp, -1312(t5)
core   0: 3 0x80009524 (0xae3f2023) mem 0x8000b000 0x00000001
core   0: 0x80009528 (0x0000bfe5) c.j     pc - 8
core   0: 3 0x80009528 (0xbfe5)
core   0: 0x80009520 (0x00002f17) auipc   t5, 0x2
core   0: 3 0x80009520 (0x00002f17) x30 0x8000b520
core   0: 0x80009524 (0xae3f2023) sw      gp, -1312(t5)
core   0: 3 0x80009524 (0xae3f2023) mem 0x8000b000 0x00000001
core   0: 0x80009528 (0x0000bfe5) c.j     pc - 8
core   0: 3 0x80009528 (0xbfe5)
core   0: 0x80009520 (0x00002f17) auipc   t5, 0x2
core   0: 3 0x80009520 (0x00002f17) x30 0x8000b520
core   0: 0x80009524 (0xae3f2023) sw      gp, -1312(t5)
core   0: 3 0x80009524 (0xae3f2023) mem 0x8000b000 0x00000001
core   0: 0x80009528 (0x0000bfe5) c.j     pc - 8
core   0: 3 0x80009528 (0xbfe5)
core   0: 0x80009520 (0x00002f17) auipc   t5, 0x2
core   0: 3 0x80009520 (0x00002f17) x30 0x8000b520
core   0: 0x80009524 (0xae3f2023) sw      gp, -1312(t5)
core   0: 3 0x80009524 (0xae3f2023) mem 0x8000b000 0x00000001
core   0: 0x80009528 (0x0000bfe5) c.j     pc - 8
core   0: 3 0x80009528 (0xbfe5)
core   0: 0x80009520 (0x00002f17) auipc   t5, 0x2
core   0: 3 0x80009520 (0x00002f17) x30 0x8000b520
core   0: 0x80009524 (0xae3f2023) sw      gp, -1312(t5)
core   0: 3 0x80009524 (0xae3f2023) mem 0x8000b000 0x00000001
core   0: 0x80009528 (0x0000bfe5) c.j     pc - 8
core   0: 3 0x80009528 (0xbfe5)
core   0: 0x80009520 (0x00002f17) auipc   t5, 0x2
core   0: 3 0x80009520 (0x00002f17) x30 0x8000b520
core   0: 0x80009524 (0xae3f2023) sw      gp, -1312(t5)
core   0: 3 0x80009524 (0xae3f2023) mem 0x8000b000 0x00000001
core   0: 0x80009528 (0x0000bfe5) c.j     pc - 8
core   0: 3 0x80009528 (0xbfe5)
core   0: 0x80009520 (0x00002f17) auipc   t5, 0x2
core   0: 3 0x80009520 (0x00002f17) x30 0x8000b520
core   0: 0x80009524 (0xae3f2023) sw      gp, -1312(t5)
core   0: 3 0x80009524 (0xae3f2023) mem 0x8000b000 0x00000001
core   0: 0x80009528 (0x0000bfe5) c.j     pc - 8
core   0: 3 0x80009528 (0xbfe5)
core   0: 0x80009520 (0x00002f17) auipc   t5, 0x2
core   0: 3 0x80009520 (0x00002f17) x30 0x8000b520
core   0: 0x80009524 (0xae3f2023) sw      gp, -1312(t5)
core   0: 3 0x80009524 (0xae3f2023) mem 0x8000b000 0x00000001
core   0: 0x80009528 (0x0000bfe5) c.j     pc - 8
core   0: 3 0x80009528 (0xbfe5)
core   0: 0x80009520 (0x00002f17) auipc   t5, 0x2
core   0: 3 0x80009520 (0x00002f17) x30 0x8000b520
core   0: 0x80009524 (0xae3f2023) sw      gp, -1312(t5)
core   0: 3 0x80009524 (0xae3f2023) mem 0x8000b000 0x00000001
core   0: 0x80009528 (0x0000bfe5) c.j     pc - 8
core   0: 3 0x80009528 (0xbfe5)
core   0: 0x80009520 (0x00002f17) auipc   t5, 0x2
core   0: 3 0x80009520 (0x00002f17) x30 0x8000b520
core   0: 0x80009524 (0xae3f2023) sw      gp, -1312(t5)
core   0: 3 0x80009524 (0xae3f2023) mem 0x8000b000 0x00000001
core   0: 0x80009528 (0x0000bfe5) c.j     pc - 8
core   0: 3 0x80009528 (0xbfe5)
core   0: 0x80009520 (0x00002f17) auipc   t5, 0x2
core   0: 3 0x80009520 (0x00002f17) x30 0x8000b520
core   0: 0x80009524 (0xae3f2023) sw      gp, -1312(t5)
core   0: 3 0x80009524 (0xae3f2023) mem 0x8000b000 0x00000001
core   0: 0x80009528 (0x0000bfe5) c.j     pc - 8
core   0: 3 0x80009528 (0xbfe5)
core   0: 0x80009520 (0x00002f17) auipc   t5, 0x2
core   0: 3 0x80009520 (0x00002f17) x30 0x8000b520
core   0: 0x80009524 (0xae3f2023) sw      gp, -1312(t5)
core   0: 3 0x80009524 (0xae3f2023) mem 0x8000b000 0x00000001
core   0: 0x80009528 (0x0000bfe5) c.j     pc - 8
core   0: 3 0x80009528 (0xbfe5)
core   0: 0x80009520 (0x00002f17) auipc   t5, 0x2
core   0: 3 0x80009520 (0x00002f17) x30 0x8000b520
core   0: 0x80009524 (0xae3f2023) sw      gp, -1312(t5)
core   0: 3 0x80009524 (0xae3f2023) mem 0x8000b000 0x00000001
core   0: 0x80009528 (0x0000bfe5) c.j     pc - 8
core   0: 3 0x80009528 (0xbfe5)
core   0: 0x80009520 (0x00002f17) auipc   t5, 0x2
core   0: 3 0x80009520 (0x00002f17) x30 0x8000b520
core   0: 0x80009524 (0xae3f2023) sw      gp, -1312(t5)
core   0: 3 0x80009524 (0xae3f2023) mem 0x8000b000 0x00000001
core   0: 0x80009528 (0x0000bfe5) c.j     pc - 8
core   0: 3 0x80009528 (0xbfe5)
core   0: 0x80009520 (0x00002f17) auipc   t5, 0x2
core   0: 3 0x80009520 (0x00002f17) x30 0x8000b520
core   0: 0x80009524 (0xae3f2023) sw      gp, -1312(t5)
core   0: 3 0x80009524 (0xae3f2023) mem 0x8000b000 0x00000001
core   0: 0x80009528 (0x0000bfe5) c.j     pc - 8
core   0: 3 0x80009528 (0xbfe5)
core   0: 0x80009520 (0x00002f17) auipc   t5, 0x2
core   0: 3 0x80009520 (0x00002f17) x30 0x8000b520
core   0: 0x80009524 (0xae3f2023) sw      gp, -1312(t5)
core   0: 3 0x80009524 (0xae3f2023) mem 0x8000b000 0x00000001
core   0: 0x80009528 (0x0000bfe5) c.j     pc - 8
core   0: 3 0x80009528 (0xbfe5)
core   0: 0x80009520 (0x00002f17) auipc   t5, 0x2
core   0: 3 0x80009520 (0x00002f17) x30 0x8000b520
core   0: 0x80009524 (0xae3f2023) sw      gp, -1312(t5)
core   0: 3 0x80009524 (0xae3f2023) mem 0x8000b000 0x00000001
core   0: 0x80009528 (0x0000bfe5) c.j     pc - 8
core   0: 3 0x80009528 (0xbfe5)
core   0: 0x80009520 (0x00002f17) auipc   t5, 0x2
core   0: 3 0x80009520 (0x00002f17) x30 0x8000b520
core   0: 0x80009524 (0xae3f2023) sw      gp, -1312(t5)
core   0: 3 0x80009524 (0xae3f2023) mem 0x8000b000 0x00000001
core   0: 0x80009528 (0x0000bfe5) c.j     pc - 8
core   0: 3 0x80009528 (0xbfe5)
core   0: 0x80009520 (0x00002f17) auipc   t5, 0x2
core   0: 3 0x80009520 (0x00002f17) x30 0x8000b520
core   0: 0x80009524 (0xae3f2023) sw      gp, -1312(t5)
core   0: 3 0x80009524 (0xae3f2023) mem 0x8000b000 0x00000001
core   0: 0x80009528 (0x0000bfe5) c.j     pc - 8
core   0: 3 0x80009528 (0xbfe5)
core   0: 0x80009520 (0x00002f17) auipc   t5, 0x2
core   0: 3 0x80009520 (0x00002f17) x30 0x8000b520
core   0: 0x80009524 (0xae3f2023) sw      gp, -1312(t5)
core   0: 3 0x80009524 (0xae3f2023) mem 0x8000b000 0x00000001
core   0: 0x80009528 (0x0000bfe5) c.j     pc - 8
core   0: 3 0x80009528 (0xbfe5)
core   0: 0x80009520 (0x00002f17) auipc   t5, 0x2
core   0: 3 0x80009520 (0x00002f17) x30 0x8000b520
core   0: 0x80009524 (0xae3f2023) sw      gp, -1312(t5)
core   0: 3 0x80009524 (0xae3f2023) mem 0x8000b000 0x00000001
core   0: 0x80009528 (0x0000bfe5) c.j     pc - 8
core   0: 3 0x80009528 (0xbfe5)
core   0: 0x80009520 (0x00002f17) auipc   t5, 0x2
core   0: 3 0x80009520 (0x00002f17) x30 0x8000b520
core   0: 0x80009524 (0xae3f2023) sw      gp, -1312(t5)
core   0: 3 0x80009524 (0xae3f2023) mem 0x8000b000 0x00000001
core   0: 0x80009528 (0x0000bfe5) c.j     pc - 8
core   0: 3 0x80009528 (0xbfe5)
core   0: 0x80009520 (0x00002f17) auipc   t5, 0x2
core   0: 3 0x80009520 (0x00002f17) x30 0x8000b520
core   0: 0x80009524 (0xae3f2023) sw      gp, -1312(t5)
core   0: 3 0x80009524 (0xae3f2023) mem 0x8000b000 0x00000001
core   0: 0x80009528 (0x0000bfe5) c.j     pc - 8
core   0: 3 0x80009528 (0xbfe5)
core   0: 0x80009520 (0x00002f17) auipc   t5, 0x2
core   0: 3 0x80009520 (0x00002f17) x30 0x8000b520
core   0: 0x80009524 (0xae3f2023) sw      gp, -1312(t5)
core   0: 3 0x80009524 (0xae3f2023) mem 0x8000b000 0x00000001
core   0: 0x80009528 (0x0000bfe5) c.j     pc - 8
core   0: 3 0x80009528 (0xbfe5)
core   0: 0x80009520 (0x00002f17) auipc   t5, 0x2
core   0: 3 0x80009520 (0x00002f17) x30 0x8000b520
core   0: 0x80009524 (0xae3f2023) sw      gp, -1312(t5)
core   0: 3 0x80009524 (0xae3f2023) mem 0x8000b000 0x00000001
core   0: 0x80009528 (0x0000bfe5) c.j     pc - 8
core   0: 3 0x80009528 (0xbfe5)
core   0: 0x80009520 (0x00002f17) auipc   t5, 0x2
core   0: 3 0x80009520 (0x00002f17) x30 0x8000b520
core   0: 0x80009524 (0xae3f2023) sw      gp, -1312(t5)
core   0: 3 0x80009524 (0xae3f2023) mem 0x8000b000 0x00000001
core   0: 0x80009528 (0x0000bfe5) c.j     pc - 8
core   0: 3 0x80009528 (0xbfe5)
core   0: 0x80009520 (0x00002f17) auipc   t5, 0x2
core   0: 3 0x80009520 (0x00002f17) x30 0x8000b520
core   0: 0x80009524 (0xae3f2023) sw      gp, -1312(t5)
core   0: 3 0x80009524 (0xae3f2023) mem 0x8000b000 0x00000001
core   0: 0x80009528 (0x0000bfe5) c.j     pc - 8
core   0: 3 0x80009528 (0xbfe5)
core   0: 0x80009520 (0x00002f17) auipc   t5, 0x2
core   0: 3 0x80009520 (0x00002f17) x30 0x8000b520
core   0: 0x80009524 (0xae3f2023) sw      gp, -1312(t5)
core   0: 3 0x80009524 (0xae3f2023) mem 0x8000b000 0x00000001
core   0: 0x80009528 (0x0000bfe5) c.j     pc - 8
core   0: 3 0x80009528 (0xbfe5)
core   0: 0x80009520 (0x00002f17) auipc   t5, 0x2
core   0: 3 0x80009520 (0x00002f17) x30 0x8000b520
core   0: 0x80009524 (0xae3f2023) sw      gp, -1312(t5)
core   0: 3 0x80009524 (0xae3f2023) mem 0x8000b000 0x00000001
core   0: 0x80009528 (0x0000bfe5) c.j     pc - 8
core   0: 3 0x80009528 (0xbfe5)
core   0: 0x80009520 (0x00002f17) auipc   t5, 0x2
core   0: 3 0x80009520 (0x00002f17) x30 0x8000b520
core   0: 0x80009524 (0xae3f2023) sw      gp, -1312(t5)
core   0: 3 0x80009524 (0xae3f2023) mem 0x8000b000 0x00000001
core   0: 0x80009528 (0x0000bfe5) c.j     pc - 8
core   0: 3 0x80009528 (0xbfe5)
core   0: 0x80009520 (0x00002f17) auipc   t5, 0x2
core   0: 3 0x80009520 (0x00002f17) x30 0x8000b520
core   0: 0x80009524 (0xae3f2023) sw      gp, -1312(t5)
core   0: 3 0x80009524 (0xae3f2023) mem 0x8000b000 0x00000001
core   0: 0x80009528 (0x0000bfe5) c.j     pc - 8
core   0: 3 0x80009528 (0xbfe5)
core   0: 0x80009520 (0x00002f17) auipc   t5, 0x2
core   0: 3 0x80009520 (0x00002f17) x30 0x8000b520
core   0: 0x80009524 (0xae3f2023) sw      gp, -1312(t5)
core   0: 3 0x80009524 (0xae3f2023) mem 0x8000b000 0x00000001
core   0: 0x80009528 (0x0000bfe5) c.j     pc - 8
core   0: 3 0x80009528 (0xbfe5)
core   0: 0x80009520 (0x00002f17) auipc   t5, 0x2
core   0: 3 0x80009520 (0x00002f17) x30 0x8000b520
core   0: 0x80009524 (0xae3f2023) sw      gp, -1312(t5)
core   0: 3 0x80009524 (0xae3f2023) mem 0x8000b000 0x00000001
core   0: 0x80009528 (0x0000bfe5) c.j     pc - 8
core   0: 3 0x80009528 (0xbfe5)
core   0: 0x80009520 (0x00002f17) auipc   t5, 0x2
core   0: 3 0x80009520 (0x00002f17) x30 0x8000b520
core   0: 0x80009524 (0xae3f2023) sw      gp, -1312(t5)
core   0: 3 0x80009524 (0xae3f2023) mem 0x8000b000 0x00000001
core   0: 0x80009528 (0x0000bfe5) c.j     pc - 8
core   0: 3 0x80009528 (0xbfe5)
core   0: 0x80009520 (0x00002f17) auipc   t5, 0x2
core   0: 3 0x80009520 (0x00002f17) x30 0x8000b520
core   0: 0x80009524 (0xae3f2023) sw      gp, -1312(t5)
core   0: 3 0x80009524 (0xae3f2023) mem 0x8000b000 0x00000001
core   0: 0x80009528 (0x0000bfe5) c.j     pc - 8
core   0: 3 0x80009528 (0xbfe5)
core   0: 0x80009520 (0x00002f17) auipc   t5, 0x2
core   0: 3 0x80009520 (0x00002f17) x30 0x8000b520
core   0: 0x80009524 (0xae3f2023) sw      gp, -1312(t5)
core   0: 3 0x80009524 (0xae3f2023) mem 0x8000b000 0x00000001
core   0: 0x80009528 (0x0000bfe5) c.j     pc - 8
core   0: 3 0x80009528 (0xbfe5)
core   0: 0x80009520 (0x00002f17) auipc   t5, 0x2
core   0: 3 0x80009520 (0x00002f17) x30 0x8000b520
core   0: 0x80009524 (0xae3f2023) sw      gp, -1312(t5)
core   0: 3 0x80009524 (0xae3f2023) mem 0x8000b000 0x00000001
core   0: 0x80009528 (0x0000bfe5) c.j     pc - 8
core   0: 3 0x80009528 (0xbfe5)
core   0: 0x80009520 (0x00002f17) auipc   t5, 0x2
core   0: 3 0x80009520 (0x00002f17) x30 0x8000b520
core   0: 0x80009524 (0xae3f2023) sw      gp, -1312(t5)
core   0: 3 0x80009524 (0xae3f2023) mem 0x8000b000 0x00000001
core   0: 0x80009528 (0x0000bfe5) c.j     pc - 8
core   0: 3 0x80009528 (0xbfe5)
core   0: 0x80009520 (0x00002f17) auipc   t5, 0x2
core   0: 3 0x80009520 (0x00002f17) x30 0x8000b520
core   0: 0x80009524 (0xae3f2023) sw      gp, -1312(t5)
core   0: 3 0x80009524 (0xae3f2023) mem 0x8000b000 0x00000001
core   0: 0x80009528 (0x0000bfe5) c.j     pc - 8
core   0: 3 0x80009528 (0xbfe5)
core   0: 0x80009520 (0x00002f17) auipc   t5, 0x2
core   0: 3 0x80009520 (0x00002f17) x30 0x8000b520
core   0: 0x80009524 (0xae3f2023) sw      gp, -1312(t5)
core   0: 3 0x80009524 (0xae3f2023) mem 0x8000b000 0x00000001
core   0: 0x80009528 (0x0000bfe5) c.j     pc - 8
core   0: 3 0x80009528 (0xbfe5)
core   0: 0x80009520 (0x00002f17) auipc   t5, 0x2
core   0: 3 0x80009520 (0x00002f17) x30 0x8000b520
core   0: 0x80009524 (0xae3f2023) sw      gp, -1312(t5)
core   0: 3 0x80009524 (0xae3f2023) mem 0x8000b000 0x00000001
core   0: 0x80009528 (0x0000bfe5) c.j     pc - 8
core   0: 3 0x80009528 (0xbfe5)
core   0: 0x80009520 (0x00002f17) auipc   t5, 0x2
core   0: 3 0x80009520 (0x00002f17) x30 0x8000b520
core   0: 0x80009524 (0xae3f2023) sw      gp, -1312(t5)
core   0: 3 0x80009524 (0xae3f2023) mem 0x8000b000 0x00000001
core   0: 0x80009528 (0x0000bfe5) c.j     pc - 8
core   0: 3 0x80009528 (0xbfe5)
core   0: 0x80009520 (0x00002f17) auipc   t5, 0x2
core   0: 3 0x80009520 (0x00002f17) x30 0x8000b520
core   0: 0x80009524 (0xae3f2023) sw      gp, -1312(t5)
core   0: 3 0x80009524 (0xae3f2023) mem 0x8000b000 0x00000001
core   0: 0x80009528 (0x0000bfe5) c.j     pc - 8
core   0: 3 0x80009528 (0xbfe5)
core   0: 0x80009520 (0x00002f17) auipc   t5, 0x2
core   0: 3 0x80009520 (0x00002f17) x30 0x8000b520
core   0: 0x80009524 (0xae3f2023) sw      gp, -1312(t5)
core   0: 3 0x80009524 (0xae3f2023) mem 0x8000b000 0x00000001
core   0: 0x80009528 (0x0000bfe5) c.j     pc - 8
core   0: 3 0x80009528 (0xbfe5)
core   0: 0x80009520 (0x00002f17) auipc   t5, 0x2
core   0: 3 0x80009520 (0x00002f17) x30 0x8000b520
core   0: 0x80009524 (0xae3f2023) sw      gp, -1312(t5)
core   0: 3 0x80009524 (0xae3f2023) mem 0x8000b000 0x00000001
core   0: 0x80009528 (0x0000bfe5) c.j     pc - 8
core   0: 3 0x80009528 (0xbfe5)
core   0: 0x80009520 (0x00002f17) auipc   t5, 0x2
core   0: 3 0x80009520 (0x00002f17) x30 0x8000b520
core   0: 0x80009524 (0xae3f2023) sw      gp, -1312(t5)
core   0: 3 0x80009524 (0xae3f2023) mem 0x8000b000 0x00000001
core   0: 0x80009528 (0x0000bfe5) c.j     pc - 8
core   0: 3 0x80009528 (0xbfe5)
core   0: 0x80009520 (0x00002f17) auipc   t5, 0x2
core   0: 3 0x80009520 (0x00002f17) x30 0x8000b520
core   0: 0x80009524 (0xae3f2023) sw      gp, -1312(t5)
core   0: 3 0x80009524 (0xae3f2023) mem 0x8000b000 0x00000001
core   0: 0x80009528 (0x0000bfe5) c.j     pc - 8
core   0: 3 0x80009528 (0xbfe5)
core   0: 0x80009520 (0x00002f17) auipc   t5, 0x2
core   0: 3 0x80009520 (0x00002f17) x30 0x8000b520
core   0: 0x80009524 (0xae3f2023) sw      gp, -1312(t5)
core   0: 3 0x80009524 (0xae3f2023) mem 0x8000b000 0x00000001
core   0: 0x80009528 (0x0000bfe5) c.j     pc - 8
core   0: 3 0x80009528 (0xbfe5)
core   0: 0x80009520 (0x00002f17) auipc   t5, 0x2
core   0: 3 0x80009520 (0x00002f17) x30 0x8000b520
core   0: 0x80009524 (0xae3f2023) sw      gp, -1312(t5)
core   0: 3 0x80009524 (0xae3f2023) mem 0x8000b000 0x00000001
core   0: 0x80009528 (0x0000bfe5) c.j     pc - 8
core   0: 3 0x80009528 (0xbfe5)
core   0: 0x80009520 (0x00002f17) auipc   t5, 0x2
core   0: 3 0x80009520 (0x00002f17) x30 0x8000b520
core   0: 0x80009524 (0xae3f2023) sw      gp, -1312(t5)
core   0: 3 0x80009524 (0xae3f2023) mem 0x8000b000 0x00000001
core   0: 0x80009528 (0x0000bfe5) c.j     pc - 8
core   0: 3 0x80009528 (0xbfe5)
core   0: 0x80009520 (0x00002f17) auipc   t5, 0x2
core   0: 3 0x80009520 (0x00002f17) x30 0x8000b520
core   0: 0x80009524 (0xae3f2023) sw      gp, -1312(t5)
core   0: 3 0x80009524 (0xae3f2023) mem 0x8000b000 0x00000001
core   0: 0x80009528 (0x0000bfe5) c.j     pc - 8
core   0: 3 0x80009528 (0xbfe5)
core   0: 0x80009520 (0x00002f17) auipc   t5, 0x2
core   0: 3 0x80009520 (0x00002f17) x30 0x8000b520
core   0: 0x80009524 (0xae3f2023) sw      gp, -1312(t5)
core   0: 3 0x80009524 (0xae3f2023) mem 0x8000b000 0x00000001
core   0: 0x80009528 (0x0000bfe5) c.j     pc - 8
core   0: 3 0x80009528 (0xbfe5)
core   0: 0x80009520 (0x00002f17) auipc   t5, 0x2
core   0: 3 0x80009520 (0x00002f17) x30 0x8000b520
core   0: 0x80009524 (0xae3f2023) sw      gp, -1312(t5)
core   0: 3 0x80009524 (0xae3f2023) mem 0x8000b000 0x00000001
core   0: 0x80009528 (0x0000bfe5) c.j     pc - 8
core   0: 3 0x80009528 (0xbfe5)
core   0: 0x80009520 (0x00002f17) auipc   t5, 0x2
core   0: 3 0x80009520 (0x00002f17) x30 0x8000b520
core   0: 0x80009524 (0xae3f2023) sw      gp, -1312(t5)
core   0: 3 0x80009524 (0xae3f2023) mem 0x8000b000 0x00000001
core   0: 0x80009528 (0x0000bfe5) c.j     pc - 8
core   0: 3 0x80009528 (0xbfe5)
core   0: 0x80009520 (0x00002f17) auipc   t5, 0x2
core   0: 3 0x80009520 (0x00002f17) x30 0x8000b520
core   0: 0x80009524 (0xae3f2023) sw      gp, -1312(t5)
core   0: 3 0x80009524 (0xae3f2023) mem 0x8000b000 0x00000001
core   0: 0x80009528 (0x0000bfe5) c.j     pc - 8
core   0: 3 0x80009528 (0xbfe5)
core   0: 0x80009520 (0x00002f17) auipc   t5, 0x2
core   0: 3 0x80009520 (0x00002f17) x30 0x8000b520
core   0: 0x80009524 (0xae3f2023) sw      gp, -1312(t5)
core   0: 3 0x80009524 (0xae3f2023) mem 0x8000b000 0x00000001
core   0: 0x80009528 (0x0000bfe5) c.j     pc - 8
core   0: 3 0x80009528 (0xbfe5)
core   0: 0x80009520 (0x00002f17) auipc   t5, 0x2
core   0: 3 0x80009520 (0x00002f17) x30 0x8000b520
core   0: 0x80009524 (0xae3f2023) sw      gp, -1312(t5)
core   0: 3 0x80009524 (0xae3f2023) mem 0x8000b000 0x00000001
core   0: 0x80009528 (0x0000bfe5) c.j     pc - 8
core   0: 3 0x80009528 (0xbfe5)
core   0: 0x80009520 (0x00002f17) auipc   t5, 0x2
core   0: 3 0x80009520 (0x00002f17) x30 0x8000b520
core   0: 0x80009524 (0xae3f2023) sw      gp, -1312(t5)
core   0: 3 0x80009524 (0xae3f2023) mem 0x8000b000 0x00000001
core   0: 0x80009528 (0x0000bfe5) c.j     pc - 8
core   0: 3 0x80009528 (0xbfe5)
core   0: 0x80009520 (0x00002f17) auipc   t5, 0x2
core   0: 3 0x80009520 (0x00002f17) x30 0x8000b520
core   0: 0x80009524 (0xae3f2023) sw      gp, -1312(t5)
core   0: 3 0x80009524 (0xae3f2023) mem 0x8000b000 0x00000001
core   0: 0x80009528 (0x0000bfe5) c.j     pc - 8
core   0: 3 0x80009528 (0xbfe5)
core   0: 0x80009520 (0x00002f17) auipc   t5, 0x2
core   0: 3 0x80009520 (0x00002f17) x30 0x8000b520
core   0: 0x80009524 (0xae3f2023) sw      gp, -1312(t5)
core   0: 3 0x80009524 (0xae3f2023) mem 0x8000b000 0x00000001
core   0: 0x80009528 (0x0000bfe5) c.j     pc - 8
core   0: 3 0x80009528 (0xbfe5)
core   0: 0x80009520 (0x00002f17) auipc   t5, 0x2
core   0: 3 0x80009520 (0x00002f17) x30 0x8000b520
core   0: 0x80009524 (0xae3f2023) sw      gp, -1312(t5)
core   0: 3 0x80009524 (0xae3f2023) mem 0x8000b000 0x00000001
core   0: 0x80009528 (0x0000bfe5) c.j     pc - 8
core   0: 3 0x80009528 (0xbfe5)
core   0: 0x80009520 (0x00002f17) auipc   t5, 0x2
core   0: 3 0x80009520 (0x00002f17) x30 0x8000b520
core   0: 0x80009524 (0xae3f2023) sw      gp, -1312(t5)
core   0: 3 0x80009524 (0xae3f2023) mem 0x8000b000 0x00000001
core   0: 0x80009528 (0x0000bfe5) c.j     pc - 8
core   0: 3 0x80009528 (0xbfe5)
core   0: 0x80009520 (0x00002f17) auipc   t5, 0x2
core   0: 3 0x80009520 (0x00002f17) x30 0x8000b520
core   0: 0x80009524 (0xae3f2023) sw      gp, -1312(t5)
core   0: 3 0x80009524 (0xae3f2023) mem 0x8000b000 0x00000001
core   0: 0x80009528 (0x0000bfe5) c.j     pc - 8
core   0: 3 0x80009528 (0xbfe5)
core   0: 0x80009520 (0x00002f17) auipc   t5, 0x2
core   0: 3 0x80009520 (0x00002f17) x30 0x8000b520
core   0: 0x80009524 (0xae3f2023) sw      gp, -1312(t5)
core   0: 3 0x80009524 (0xae3f2023) mem 0x8000b000 0x00000001
core   0: 0x80009528 (0x0000bfe5) c.j     pc - 8
core   0: 3 0x80009528 (0xbfe5)
core   0: 0x80009520 (0x00002f17) auipc   t5, 0x2
core   0: 3 0x80009520 (0x00002f17) x30 0x8000b520
core   0: 0x80009524 (0xae3f2023) sw      gp, -1312(t5)
core   0: 3 0x80009524 (0xae3f2023) mem 0x8000b000 0x00000001
core   0: 0x80009528 (0x0000bfe5) c.j     pc - 8
core   0: 3 0x80009528 (0xbfe5)
core   0: 0x80009520 (0x00002f17) auipc   t5, 0x2
core   0: 3 0x80009520 (0x00002f17) x30 0x8000b520
core   0: 0x80009524 (0xae3f2023) sw      gp, -1312(t5)
core   0: 3 0x80009524 (0xae3f2023) mem 0x8000b000 0x00000001
core   0: 0x80009528 (0x0000bfe5) c.j     pc - 8
core   0: 3 0x80009528 (0xbfe5)
core   0: 0x80009520 (0x00002f17) auipc   t5, 0x2
core   0: 3 0x80009520 (0x00002f17) x30 0x8000b520
core   0: 0x80009524 (0xae3f2023) sw      gp, -1312(t5)
core   0: 3 0x80009524 (0xae3f2023) mem 0x8000b000 0x00000001
core   0: 0x80009528 (0x0000bfe5) c.j     pc - 8
core   0: 3 0x80009528 (0xbfe5)
core   0: 0x80009520 (0x00002f17) auipc   t5, 0x2
core   0: 3 0x80009520 (0x00002f17) x30 0x8000b520
core   0: 0x80009524 (0xae3f2023) sw      gp, -1312(t5)
core   0: 3 0x80009524 (0xae3f2023) mem 0x8000b000 0x00000001
core   0: 0x80009528 (0x0000bfe5) c.j     pc - 8
core   0: 3 0x80009528 (0xbfe5)
core   0: 0x80009520 (0x00002f17) auipc   t5, 0x2
core   0: 3 0x80009520 (0x00002f17) x30 0x8000b520
core   0: 0x80009524 (0xae3f2023) sw      gp, -1312(t5)
core   0: 3 0x80009524 (0xae3f2023) mem 0x8000b000 0x00000001
core   0: 0x80009528 (0x0000bfe5) c.j     pc - 8
core   0: 3 0x80009528 (0xbfe5)
core   0: 0x80009520 (0x00002f17) auipc   t5, 0x2
core   0: 3 0x80009520 (0x00002f17) x30 0x8000b520
core   0: 0x80009524 (0xae3f2023) sw      gp, -1312(t5)
core   0: 3 0x80009524 (0xae3f2023) mem 0x8000b000 0x00000001
core   0: 0x80009528 (0x0000bfe5) c.j     pc - 8
core   0: 3 0x80009528 (0xbfe5)
core   0: 0x80009520 (0x00002f17) auipc   t5, 0x2
core   0: 3 0x80009520 (0x00002f17) x30 0x8000b520
core   0: 0x80009524 (0xae3f2023) sw      gp, -1312(t5)
core   0: 3 0x80009524 (0xae3f2023) mem 0x8000b000 0x00000001
core   0: 0x80009528 (0x0000bfe5) c.j     pc - 8
core   0: 3 0x80009528 (0xbfe5)
core   0: 0x80009520 (0x00002f17) auipc   t5, 0x2
core   0: 3 0x80009520 (0x00002f17) x30 0x8000b520
core   0: 0x80009524 (0xae3f2023) sw      gp, -1312(t5)
core   0: 3 0x80009524 (0xae3f2023) mem 0x8000b000 0x00000001
core   0: 0x80009528 (0x0000bfe5) c.j     pc - 8
core   0: 3 0x80009528 (0xbfe5)
core   0: 0x80009520 (0x00002f17) auipc   t5, 0x2
core   0: 3 0x80009520 (0x00002f17) x30 0x8000b520
core   0: 0x80009524 (0xae3f2023) sw      gp, -1312(t5)
core   0: 3 0x80009524 (0xae3f2023) mem 0x8000b000 0x00000001
core   0: 0x80009528 (0x0000bfe5) c.j     pc - 8
core   0: 3 0x80009528 (0xbfe5)
core   0: 0x80009520 (0x00002f17) auipc   t5, 0x2
core   0: 3 0x80009520 (0x00002f17) x30 0x8000b520
core   0: 0x80009524 (0xae3f2023) sw      gp, -1312(t5)
core   0: 3 0x80009524 (0xae3f2023) mem 0x8000b000 0x00000001
core   0: 0x80009528 (0x0000bfe5) c.j     pc - 8
core   0: 3 0x80009528 (0xbfe5)
core   0: 0x80009520 (0x00002f17) auipc   t5, 0x2
core   0: 3 0x80009520 (0x00002f17) x30 0x8000b520
core   0: 0x80009524 (0xae3f2023) sw      gp, -1312(t5)
core   0: 3 0x80009524 (0xae3f2023) mem 0x8000b000 0x00000001
core   0: 0x80009528 (0x0000bfe5) c.j     pc - 8
core   0: 3 0x80009528 (0xbfe5)
core   0: 0x80009520 (0x00002f17) auipc   t5, 0x2
core   0: 3 0x80009520 (0x00002f17) x30 0x8000b520
core   0: 0x80009524 (0xae3f2023) sw      gp, -1312(t5)
core   0: 3 0x80009524 (0xae3f2023) mem 0x8000b000 0x00000001
core   0: 0x80009528 (0x0000bfe5) c.j     pc - 8
core   0: 3 0x80009528 (0xbfe5)
core   0: 0x80009520 (0x00002f17) auipc   t5, 0x2
core   0: 3 0x80009520 (0x00002f17) x30 0x8000b520
core   0: 0x80009524 (0xae3f2023) sw      gp, -1312(t5)
core   0: 3 0x80009524 (0xae3f2023) mem 0x8000b000 0x00000001
core   0: 0x80009528 (0x0000bfe5) c.j     pc - 8
core   0: 3 0x80009528 (0xbfe5)
core   0: 0x80009520 (0x00002f17) auipc   t5, 0x2
core   0: 3 0x80009520 (0x00002f17) x30 0x8000b520
core   0: 0x80009524 (0xae3f2023) sw      gp, -1312(t5)
core   0: 3 0x80009524 (0xae3f2023) mem 0x8000b000 0x00000001
core   0: 0x80009528 (0x0000bfe5) c.j     pc - 8
core   0: 3 0x80009528 (0xbfe5)
core   0: 0x80009520 (0x00002f17) auipc   t5, 0x2
core   0: 3 0x80009520 (0x00002f17) x30 0x8000b520
core   0: 0x80009524 (0xae3f2023) sw      gp, -1312(t5)
core   0: 3 0x80009524 (0xae3f2023) mem 0x8000b000 0x00000001
core   0: 0x80009528 (0x0000bfe5) c.j     pc - 8
core   0: 3 0x80009528 (0xbfe5)
core   0: 0x80009520 (0x00002f17) auipc   t5, 0x2
core   0: 3 0x80009520 (0x00002f17) x30 0x8000b520
core   0: 0x80009524 (0xae3f2023) sw      gp, -1312(t5)
core   0: 3 0x80009524 (0xae3f2023) mem 0x8000b000 0x00000001
core   0: 0x80009528 (0x0000bfe5) c.j     pc - 8
core   0: 3 0x80009528 (0xbfe5)
core   0: 0x80009520 (0x00002f17) auipc   t5, 0x2
core   0: 3 0x80009520 (0x00002f17) x30 0x8000b520
core   0: 0x80009524 (0xae3f2023) sw      gp, -1312(t5)
core   0: 3 0x80009524 (0xae3f2023) mem 0x8000b000 0x00000001
core   0: 0x80009528 (0x0000bfe5) c.j     pc - 8
core   0: 3 0x80009528 (0xbfe5)
core   0: 0x80009520 (0x00002f17) auipc   t5, 0x2
core   0: 3 0x80009520 (0x00002f17) x30 0x8000b520
core   0: 0x80009524 (0xae3f2023) sw      gp, -1312(t5)
core   0: 3 0x80009524 (0xae3f2023) mem 0x8000b000 0x00000001
core   0: 0x80009528 (0x0000bfe5) c.j     pc - 8
core   0: 3 0x80009528 (0xbfe5)
core   0: 0x80009520 (0x00002f17) auipc   t5, 0x2
core   0: 3 0x80009520 (0x00002f17) x30 0x8000b520
core   0: 0x80009524 (0xae3f2023) sw      gp, -1312(t5)
core   0: 3 0x80009524 (0xae3f2023) mem 0x8000b000 0x00000001
core   0: 0x80009528 (0x0000bfe5) c.j     pc - 8
core   0: 3 0x80009528 (0xbfe5)
core   0: 0x80009520 (0x00002f17) auipc   t5, 0x2
core   0: 3 0x80009520 (0x00002f17) x30 0x8000b520
core   0: 0x80009524 (0xae3f2023) sw      gp, -1312(t5)
core   0: 3 0x80009524 (0xae3f2023) mem 0x8000b000 0x00000001
core   0: 0x80009528 (0x0000bfe5) c.j     pc - 8
core   0: 3 0x80009528 (0xbfe5)
core   0: 0x80009520 (0x00002f17) auipc   t5, 0x2
core   0: 3 0x80009520 (0x00002f17) x30 0x8000b520
core   0: 0x80009524 (0xae3f2023) sw      gp, -1312(t5)
core   0: 3 0x80009524 (0xae3f2023) mem 0x8000b000 0x00000001
core   0: 0x80009528 (0x0000bfe5) c.j     pc - 8
core   0: 3 0x80009528 (0xbfe5)
core   0: 0x80009520 (0x00002f17) auipc   t5, 0x2
core   0: 3 0x80009520 (0x00002f17) x30 0x8000b520
core   0: 0x80009524 (0xae3f2023) sw      gp, -1312(t5)
core   0: 3 0x80009524 (0xae3f2023) mem 0x8000b000 0x00000001
core   0: 0x80009528 (0x0000bfe5) c.j     pc - 8
core   0: 3 0x80009528 (0xbfe5)
core   0: 0x80009520 (0x00002f17) auipc   t5, 0x2
core   0: 3 0x80009520 (0x00002f17) x30 0x8000b520
core   0: 0x80009524 (0xae3f2023) sw      gp, -1312(t5)
core   0: 3 0x80009524 (0xae3f2023) mem 0x8000b000 0x00000001
core   0: 0x80009528 (0x0000bfe5) c.j     pc - 8
core   0: 3 0x80009528 (0xbfe5)
core   0: 0x80009520 (0x00002f17) auipc   t5, 0x2
core   0: 3 0x80009520 (0x00002f17) x30 0x8000b520
core   0: 0x80009524 (0xae3f2023) sw      gp, -1312(t5)
core   0: 3 0x80009524 (0xae3f2023) mem 0x8000b000 0x00000001
core   0: 0x80009528 (0x0000bfe5) c.j     pc - 8
core   0: 3 0x80009528 (0xbfe5)
core   0: 0x80009520 (0x00002f17) auipc   t5, 0x2
core   0: 3 0x80009520 (0x00002f17) x30 0x8000b520
core   0: 0x80009524 (0xae3f2023) sw      gp, -1312(t5)
core   0: 3 0x80009524 (0xae3f2023) mem 0x8000b000 0x00000001
core   0: 0x80009528 (0x0000bfe5) c.j     pc - 8
core   0: 3 0x80009528 (0xbfe5)
core   0: 0x80009520 (0x00002f17) auipc   t5, 0x2
core   0: 3 0x80009520 (0x00002f17) x30 0x8000b520
core   0: 0x80009524 (0xae3f2023) sw      gp, -1312(t5)
core   0: 3 0x80009524 (0xae3f2023) mem 0x8000b000 0x00000001
core   0: 0x80009528 (0x0000bfe5) c.j     pc - 8
core   0: 3 0x80009528 (0xbfe5)
core   0: 0x80009520 (0x00002f17) auipc   t5, 0x2
core   0: 3 0x80009520 (0x00002f17) x30 0x8000b520
core   0: 0x80009524 (0xae3f2023) sw      gp, -1312(t5)
core   0: 3 0x80009524 (0xae3f2023) mem 0x8000b000 0x00000001
core   0: 0x80009528 (0x0000bfe5) c.j     pc - 8
core   0: 3 0x80009528 (0xbfe5)
core   0: 0x80009520 (0x00002f17) auipc   t5, 0x2
core   0: 3 0x80009520 (0x00002f17) x30 0x8000b520
core   0: 0x80009524 (0xae3f2023) sw      gp, -1312(t5)
core   0: 3 0x80009524 (0xae3f2023) mem 0x8000b000 0x00000001
core   0: 0x80009528 (0x0000bfe5) c.j     pc - 8
core   0: 3 0x80009528 (0xbfe5)
core   0: 0x80009520 (0x00002f17) auipc   t5, 0x2
core   0: 3 0x80009520 (0x00002f17) x30 0x8000b520
core   0: 0x80009524 (0xae3f2023) sw      gp, -1312(t5)
core   0: 3 0x80009524 (0xae3f2023) mem 0x8000b000 0x00000001
core   0: 0x80009528 (0x0000bfe5) c.j     pc - 8
core   0: 3 0x80009528 (0xbfe5)
core   0: 0x80009520 (0x00002f17) auipc   t5, 0x2
core   0: 3 0x80009520 (0x00002f17) x30 0x8000b520
core   0: 0x80009524 (0xae3f2023) sw      gp, -1312(t5)
core   0: 3 0x80009524 (0xae3f2023) mem 0x8000b000 0x00000001
core   0: 0x80009528 (0x0000bfe5) c.j     pc - 8
core   0: 3 0x80009528 (0xbfe5)
core   0: 0x80009520 (0x00002f17) auipc   t5, 0x2
core   0: 3 0x80009520 (0x00002f17) x30 0x8000b520
core   0: 0x80009524 (0xae3f2023) sw      gp, -1312(t5)
core   0: 3 0x80009524 (0xae3f2023) mem 0x8000b000 0x00000001
core   0: 0x80009528 (0x0000bfe5) c.j     pc - 8
core   0: 3 0x80009528 (0xbfe5)
core   0: 0x80009520 (0x00002f17) auipc   t5, 0x2
core   0: 3 0x80009520 (0x00002f17) x30 0x8000b520
core   0: 0x80009524 (0xae3f2023) sw      gp, -1312(t5)
core   0: 3 0x80009524 (0xae3f2023) mem 0x8000b000 0x00000001
core   0: 0x80009528 (0x0000bfe5) c.j     pc - 8
core   0: 3 0x80009528 (0xbfe5)
core   0: 0x80009520 (0x00002f17) auipc   t5, 0x2
core   0: 3 0x80009520 (0x00002f17) x30 0x8000b520
core   0: 0x80009524 (0xae3f2023) sw      gp, -1312(t5)
core   0: 3 0x80009524 (0xae3f2023) mem 0x8000b000 0x00000001
core   0: 0x80009528 (0x0000bfe5) c.j     pc - 8
core   0: 3 0x80009528 (0xbfe5)
core   0: 0x80009520 (0x00002f17) auipc   t5, 0x2
core   0: 3 0x80009520 (0x00002f17) x30 0x8000b520
core   0: 0x80009524 (0xae3f2023) sw      gp, -1312(t5)
core   0: 3 0x80009524 (0xae3f2023) mem 0x8000b000 0x00000001
core   0: 0x80009528 (0x0000bfe5) c.j     pc - 8
core   0: 3 0x80009528 (0xbfe5)
core   0: 0x80009520 (0x00002f17) auipc   t5, 0x2
core   0: 3 0x80009520 (0x00002f17) x30 0x8000b520
core   0: 0x80009524 (0xae3f2023) sw      gp, -1312(t5)
core   0: 3 0x80009524 (0xae3f2023) mem 0x8000b000 0x00000001
core   0: 0x80009528 (0x0000bfe5) c.j     pc - 8
core   0: 3 0x80009528 (0xbfe5)
core   0: 0x80009520 (0x00002f17) auipc   t5, 0x2
core   0: 3 0x80009520 (0x00002f17) x30 0x8000b520
core   0: 0x80009524 (0xae3f2023) sw      gp, -1312(t5)
core   0: 3 0x80009524 (0xae3f2023) mem 0x8000b000 0x00000001
core   0: 0x80009528 (0x0000bfe5) c.j     pc - 8
core   0: 3 0x80009528 (0xbfe5)
core   0: 0x80009520 (0x00002f17) auipc   t5, 0x2
core   0: 3 0x80009520 (0x00002f17) x30 0x8000b520
core   0: 0x80009524 (0xae3f2023) sw      gp, -1312(t5)
core   0: 3 0x80009524 (0xae3f2023) mem 0x8000b000 0x00000001
core   0: 0x80009528 (0x0000bfe5) c.j     pc - 8
core   0: 3 0x80009528 (0xbfe5)
core   0: 0x80009520 (0x00002f17) auipc   t5, 0x2
core   0: 3 0x80009520 (0x00002f17) x30 0x8000b520
core   0: 0x80009524 (0xae3f2023) sw      gp, -1312(t5)
core   0: 3 0x80009524 (0xae3f2023) mem 0x8000b000 0x00000001
core   0: 0x80009528 (0x0000bfe5) c.j     pc - 8
core   0: 3 0x80009528 (0xbfe5)
core   0: 0x80009520 (0x00002f17) auipc   t5, 0x2
core   0: 3 0x80009520 (0x00002f17) x30 0x8000b520
core   0: 0x80009524 (0xae3f2023) sw      gp, -1312(t5)
core   0: 3 0x80009524 (0xae3f2023) mem 0x8000b000 0x00000001
core   0: 0x80009528 (0x0000bfe5) c.j     pc - 8
core   0: 3 0x80009528 (0xbfe5)
core   0: 0x80009520 (0x00002f17) auipc   t5, 0x2
core   0: 3 0x80009520 (0x00002f17) x30 0x8000b520
core   0: 0x80009524 (0xae3f2023) sw      gp, -1312(t5)
core   0: 3 0x80009524 (0xae3f2023) mem 0x8000b000 0x00000001
core   0: 0x80009528 (0x0000bfe5) c.j     pc - 8
core   0: 3 0x80009528 (0xbfe5)
core   0: 0x80009520 (0x00002f17) auipc   t5, 0x2
core   0: 3 0x80009520 (0x00002f17) x30 0x8000b520
core   0: 0x80009524 (0xae3f2023) sw      gp, -1312(t5)
core   0: 3 0x80009524 (0xae3f2023) mem 0x8000b000 0x00000001
core   0: 0x80009528 (0x0000bfe5) c.j     pc - 8
core   0: 3 0x80009528 (0xbfe5)
core   0: 0x80009520 (0x00002f17) auipc   t5, 0x2
core   0: 3 0x80009520 (0x00002f17) x30 0x8000b520
core   0: 0x80009524 (0xae3f2023) sw      gp, -1312(t5)
core   0: 3 0x80009524 (0xae3f2023) mem 0x8000b000 0x00000001
core   0: 0x80009528 (0x0000bfe5) c.j     pc - 8
core   0: 3 0x80009528 (0xbfe5)
core   0: 0x80009520 (0x00002f17) auipc   t5, 0x2
core   0: 3 0x80009520 (0x00002f17) x30 0x8000b520
core   0: 0x80009524 (0xae3f2023) sw      gp, -1312(t5)
core   0: 3 0x80009524 (0xae3f2023) mem 0x8000b000 0x00000001
core   0: 0x80009528 (0x0000bfe5) c.j     pc - 8
core   0: 3 0x80009528 (0xbfe5)
core   0: 0x80009520 (0x00002f17) auipc   t5, 0x2
core   0: 3 0x80009520 (0x00002f17) x30 0x8000b520
core   0: 0x80009524 (0xae3f2023) sw      gp, -1312(t5)
core   0: 3 0x80009524 (0xae3f2023) mem 0x8000b000 0x00000001
core   0: 0x80009528 (0x0000bfe5) c.j     pc - 8
core   0: 3 0x80009528 (0xbfe5)
core   0: 0x80009520 (0x00002f17) auipc   t5, 0x2
core   0: 3 0x80009520 (0x00002f17) x30 0x8000b520
core   0: 0x80009524 (0xae3f2023) sw      gp, -1312(t5)
core   0: 3 0x80009524 (0xae3f2023) mem 0x8000b000 0x00000001
core   0: 0x80009528 (0x0000bfe5) c.j     pc - 8
core   0: 3 0x80009528 (0xbfe5)
core   0: 0x80009520 (0x00002f17) auipc   t5, 0x2
core   0: 3 0x80009520 (0x00002f17) x30 0x8000b520
core   0: 0x80009524 (0xae3f2023) sw      gp, -1312(t5)
core   0: 3 0x80009524 (0xae3f2023) mem 0x8000b000 0x00000001
core   0: 0x80009528 (0x0000bfe5) c.j     pc - 8
core   0: 3 0x80009528 (0xbfe5)
core   0: 0x80009520 (0x00002f17) auipc   t5, 0x2
core   0: 3 0x80009520 (0x00002f17) x30 0x8000b520
core   0: 0x80009524 (0xae3f2023) sw      gp, -1312(t5)
core   0: 3 0x80009524 (0xae3f2023) mem 0x8000b000 0x00000001
core   0: 0x80009528 (0x0000bfe5) c.j     pc - 8
core   0: 3 0x80009528 (0xbfe5)
core   0: 0x80009520 (0x00002f17) auipc   t5, 0x2
core   0: 3 0x80009520 (0x00002f17) x30 0x8000b520
core   0: 0x80009524 (0xae3f2023) sw      gp, -1312(t5)
core   0: 3 0x80009524 (0xae3f2023) mem 0x8000b000 0x00000001
core   0: 0x80009528 (0x0000bfe5) c.j     pc - 8
core   0: 3 0x80009528 (0xbfe5)
core   0: 0x80009520 (0x00002f17) auipc   t5, 0x2
core   0: 3 0x80009520 (0x00002f17) x30 0x8000b520
core   0: 0x80009524 (0xae3f2023) sw      gp, -1312(t5)
core   0: 3 0x80009524 (0xae3f2023) mem 0x8000b000 0x00000001
core   0: 0x80009528 (0x0000bfe5) c.j     pc - 8
core   0: 3 0x80009528 (0xbfe5)
core   0: 0x80009520 (0x00002f17) auipc   t5, 0x2
core   0: 3 0x80009520 (0x00002f17) x30 0x8000b520
core   0: 0x80009524 (0xae3f2023) sw      gp, -1312(t5)
core   0: 3 0x80009524 (0xae3f2023) mem 0x8000b000 0x00000001
core   0: 0x80009528 (0x0000bfe5) c.j     pc - 8
core   0: 3 0x80009528 (0xbfe5)
core   0: 0x80009520 (0x00002f17) auipc   t5, 0x2
core   0: 3 0x80009520 (0x00002f17) x30 0x8000b520
core   0: 0x80009524 (0xae3f2023) sw      gp, -1312(t5)
core   0: 3 0x80009524 (0xae3f2023) mem 0x8000b000 0x00000001
core   0: 0x80009528 (0x0000bfe5) c.j     pc - 8
core   0: 3 0x80009528 (0xbfe5)
core   0: 0x80009520 (0x00002f17) auipc   t5, 0x2
core   0: 3 0x80009520 (0x00002f17) x30 0x8000b520
core   0: 0x80009524 (0xae3f2023) sw      gp, -1312(t5)
core   0: 3 0x80009524 (0xae3f2023) mem 0x8000b000 0x00000001
core   0: 0x80009528 (0x0000bfe5) c.j     pc - 8
core   0: 3 0x80009528 (0xbfe5)
core   0: 0x80009520 (0x00002f17) auipc   t5, 0x2
core   0: 3 0x80009520 (0x00002f17) x30 0x8000b520
core   0: 0x80009524 (0xae3f2023) sw      gp, -1312(t5)
core   0: 3 0x80009524 (0xae3f2023) mem 0x8000b000 0x00000001
core   0: 0x80009528 (0x0000bfe5) c.j     pc - 8
core   0: 3 0x80009528 (0xbfe5)
core   0: 0x80009520 (0x00002f17) auipc   t5, 0x2
core   0: 3 0x80009520 (0x00002f17) x30 0x8000b520
core   0: 0x80009524 (0xae3f2023) sw      gp, -1312(t5)
core   0: 3 0x80009524 (0xae3f2023) mem 0x8000b000 0x00000001
core   0: 0x80009528 (0x0000bfe5) c.j     pc - 8
core   0: 3 0x80009528 (0xbfe5)
core   0: 0x80009520 (0x00002f17) auipc   t5, 0x2
core   0: 3 0x80009520 (0x00002f17) x30 0x8000b520
core   0: 0x80009524 (0xae3f2023) sw      gp, -1312(t5)
core   0: 3 0x80009524 (0xae3f2023) mem 0x8000b000 0x00000001
core   0: 0x80009528 (0x0000bfe5) c.j     pc - 8
core   0: 3 0x80009528 (0xbfe5)
core   0: 0x80009520 (0x00002f17) auipc   t5, 0x2
core   0: 3 0x80009520 (0x00002f17) x30 0x8000b520
core   0: 0x80009524 (0xae3f2023) sw      gp, -1312(t5)
core   0: 3 0x80009524 (0xae3f2023) mem 0x8000b000 0x00000001
core   0: 0x80009528 (0x0000bfe5) c.j     pc - 8
core   0: 3 0x80009528 (0xbfe5)
core   0: 0x80009520 (0x00002f17) auipc   t5, 0x2
core   0: 3 0x80009520 (0x00002f17) x30 0x8000b520
core   0: 0x80009524 (0xae3f2023) sw      gp, -1312(t5)
core   0: 3 0x80009524 (0xae3f2023) mem 0x8000b000 0x00000001
core   0: 0x80009528 (0x0000bfe5) c.j     pc - 8
core   0: 3 0x80009528 (0xbfe5)
core   0: 0x80009520 (0x00002f17) auipc   t5, 0x2
core   0: 3 0x80009520 (0x00002f17) x30 0x8000b520
core   0: 0x80009524 (0xae3f2023) sw      gp, -1312(t5)
core   0: 3 0x80009524 (0xae3f2023) mem 0x8000b000 0x00000001
core   0: 0x80009528 (0x0000bfe5) c.j     pc - 8
core   0: 3 0x80009528 (0xbfe5)
core   0: 0x80009520 (0x00002f17) auipc   t5, 0x2
core   0: 3 0x80009520 (0x00002f17) x30 0x8000b520
core   0: 0x80009524 (0xae3f2023) sw      gp, -1312(t5)
core   0: 3 0x80009524 (0xae3f2023) mem 0x8000b000 0x00000001
core   0: 0x80009528 (0x0000bfe5) c.j     pc - 8
core   0: 3 0x80009528 (0xbfe5)
core   0: 0x80009520 (0x00002f17) auipc   t5, 0x2
core   0: 3 0x80009520 (0x00002f17) x30 0x8000b520
core   0: 0x80009524 (0xae3f2023) sw      gp, -1312(t5)
core   0: 3 0x80009524 (0xae3f2023) mem 0x8000b000 0x00000001
core   0: 0x80009528 (0x0000bfe5) c.j     pc - 8
core   0: 3 0x80009528 (0xbfe5)
core   0: 0x80009520 (0x00002f17) auipc   t5, 0x2
core   0: 3 0x80009520 (0x00002f17) x30 0x8000b520
core   0: 0x80009524 (0xae3f2023) sw      gp, -1312(t5)
core   0: 3 0x80009524 (0xae3f2023) mem 0x8000b000 0x00000001
core   0: 0x80009528 (0x0000bfe5) c.j     pc - 8
core   0: 3 0x80009528 (0xbfe5)
core   0: 0x80009520 (0x00002f17) auipc   t5, 0x2
core   0: 3 0x80009520 (0x00002f17) x30 0x8000b520
core   0: 0x80009524 (0xae3f2023) sw      gp, -1312(t5)
core   0: 3 0x80009524 (0xae3f2023) mem 0x8000b000 0x00000001
core   0: 0x80009528 (0x0000bfe5) c.j     pc - 8
core   0: 3 0x80009528 (0xbfe5)
core   0: 0x80009520 (0x00002f17) auipc   t5, 0x2
core   0: 3 0x80009520 (0x00002f17) x30 0x8000b520
core   0: 0x80009524 (0xae3f2023) sw      gp, -1312(t5)
core   0: 3 0x80009524 (0xae3f2023) mem 0x8000b000 0x00000001
core   0: 0x80009528 (0x0000bfe5) c.j     pc - 8
core   0: 3 0x80009528 (0xbfe5)
core   0: 0x80009520 (0x00002f17) auipc   t5, 0x2
core   0: 3 0x80009520 (0x00002f17) x30 0x8000b520
core   0: 0x80009524 (0xae3f2023) sw      gp, -1312(t5)
core   0: 3 0x80009524 (0xae3f2023) mem 0x8000b000 0x00000001
core   0: 0x80009528 (0x0000bfe5) c.j     pc - 8
core   0: 3 0x80009528 (0xbfe5)
core   0: 0x80009520 (0x00002f17) auipc   t5, 0x2
core   0: 3 0x80009520 (0x00002f17) x30 0x8000b520
core   0: 0x80009524 (0xae3f2023) sw      gp, -1312(t5)
core   0: 3 0x80009524 (0xae3f2023) mem 0x8000b000 0x00000001
core   0: 0x80009528 (0x0000bfe5) c.j     pc - 8
core   0: 3 0x80009528 (0xbfe5)
core   0: 0x80009520 (0x00002f17) auipc   t5, 0x2
core   0: 3 0x80009520 (0x00002f17) x30 0x8000b520
core   0: 0x80009524 (0xae3f2023) sw      gp, -1312(t5)
core   0: 3 0x80009524 (0xae3f2023) mem 0x8000b000 0x00000001
core   0: 0x80009528 (0x0000bfe5) c.j     pc - 8
core   0: 3 0x80009528 (0xbfe5)
core   0: 0x80009520 (0x00002f17) auipc   t5, 0x2
core   0: 3 0x80009520 (0x00002f17) x30 0x8000b520
core   0: 0x80009524 (0xae3f2023) sw      gp, -1312(t5)
core   0: 3 0x80009524 (0xae3f2023) mem 0x8000b000 0x00000001
core   0: 0x80009528 (0x0000bfe5) c.j     pc - 8
core   0: 3 0x80009528 (0xbfe5)
core   0: 0x80009520 (0x00002f17) auipc   t5, 0x2
core   0: 3 0x80009520 (0x00002f17) x30 0x8000b520
core   0: 0x80009524 (0xae3f2023) sw      gp, -1312(t5)
core   0: 3 0x80009524 (0xae3f2023) mem 0x8000b000 0x00000001
core   0: 0x80009528 (0x0000bfe5) c.j     pc - 8
core   0: 3 0x80009528 (0xbfe5)
core   0: 0x80009520 (0x00002f17) auipc   t5, 0x2
core   0: 3 0x80009520 (0x00002f17) x30 0x8000b520
core   0: 0x80009524 (0xae3f2023) sw      gp, -1312(t5)
core   0: 3 0x80009524 (0xae3f2023) mem 0x8000b000 0x00000001
core   0: 0x80009528 (0x0000bfe5) c.j     pc - 8
core   0: 3 0x80009528 (0xbfe5)
core   0: 0x80009520 (0x00002f17) auipc   t5, 0x2
core   0: 3 0x80009520 (0x00002f17) x30 0x8000b520
core   0: 0x80009524 (0xae3f2023) sw      gp, -1312(t5)
core   0: 3 0x80009524 (0xae3f2023) mem 0x8000b000 0x00000001
core   0: 0x80009528 (0x0000bfe5) c.j     pc - 8
core   0: 3 0x80009528 (0xbfe5)
core   0: 0x80009520 (0x00002f17) auipc   t5, 0x2
core   0: 3 0x80009520 (0x00002f17) x30 0x8000b520
core   0: 0x80009524 (0xae3f2023) sw      gp, -1312(t5)
core   0: 3 0x80009524 (0xae3f2023) mem 0x8000b000 0x00000001
core   0: 0x80009528 (0x0000bfe5) c.j     pc - 8
core   0: 3 0x80009528 (0xbfe5)
core   0: 0x80009520 (0x00002f17) auipc   t5, 0x2
core   0: 3 0x80009520 (0x00002f17) x30 0x8000b520
core   0: 0x80009524 (0xae3f2023) sw      gp, -1312(t5)
core   0: 3 0x80009524 (0xae3f2023) mem 0x8000b000 0x00000001
core   0: 0x80009528 (0x0000bfe5) c.j     pc - 8
core   0: 3 0x80009528 (0xbfe5)
core   0: 0x80009520 (0x00002f17) auipc   t5, 0x2
core   0: 3 0x80009520 (0x00002f17) x30 0x8000b520
core   0: 0x80009524 (0xae3f2023) sw      gp, -1312(t5)
core   0: 3 0x80009524 (0xae3f2023) mem 0x8000b000 0x00000001
core   0: 0x80009528 (0x0000bfe5) c.j     pc - 8
core   0: 3 0x80009528 (0xbfe5)
core   0: 0x80009520 (0x00002f17) auipc   t5, 0x2
core   0: 3 0x80009520 (0x00002f17) x30 0x8000b520
core   0: 0x80009524 (0xae3f2023) sw      gp, -1312(t5)
core   0: 3 0x80009524 (0xae3f2023) mem 0x8000b000 0x00000001
core   0: 0x80009528 (0x0000bfe5) c.j     pc - 8
core   0: 3 0x80009528 (0xbfe5)
core   0: 0x80009520 (0x00002f17) auipc   t5, 0x2
core   0: 3 0x80009520 (0x00002f17) x30 0x8000b520
core   0: 0x80009524 (0xae3f2023) sw      gp, -1312(t5)
core   0: 3 0x80009524 (0xae3f2023) mem 0x8000b000 0x00000001
core   0: 0x80009528 (0x0000bfe5) c.j     pc - 8
core   0: 3 0x80009528 (0xbfe5)
core   0: 0x80009520 (0x00002f17) auipc   t5, 0x2
core   0: 3 0x80009520 (0x00002f17) x30 0x8000b520
core   0: 0x80009524 (0xae3f2023) sw      gp, -1312(t5)
core   0: 3 0x80009524 (0xae3f2023) mem 0x8000b000 0x00000001
core   0: 0x80009528 (0x0000bfe5) c.j     pc - 8
core   0: 3 0x80009528 (0xbfe5)
core   0: 0x80009520 (0x00002f17) auipc   t5, 0x2
core   0: 3 0x80009520 (0x00002f17) x30 0x8000b520
core   0: 0x80009524 (0xae3f2023) sw      gp, -1312(t5)
core   0: 3 0x80009524 (0xae3f2023) mem 0x8000b000 0x00000001
core   0: 0x80009528 (0x0000bfe5) c.j     pc - 8
core   0: 3 0x80009528 (0xbfe5)
core   0: 0x80009520 (0x00002f17) auipc   t5, 0x2
core   0: 3 0x80009520 (0x00002f17) x30 0x8000b520
core   0: 0x80009524 (0xae3f2023) sw      gp, -1312(t5)
core   0: 3 0x80009524 (0xae3f2023) mem 0x8000b000 0x00000001
core   0: 0x80009528 (0x0000bfe5) c.j     pc - 8
core   0: 3 0x80009528 (0xbfe5)
core   0: 0x80009520 (0x00002f17) auipc   t5, 0x2
core   0: 3 0x80009520 (0x00002f17) x30 0x8000b520
core   0: 0x80009524 (0xae3f2023) sw      gp, -1312(t5)
core   0: 3 0x80009524 (0xae3f2023) mem 0x8000b000 0x00000001
core   0: 0x80009528 (0x0000bfe5) c.j     pc - 8
core   0: 3 0x80009528 (0xbfe5)
core   0: 0x80009520 (0x00002f17) auipc   t5, 0x2
core   0: 3 0x80009520 (0x00002f17) x30 0x8000b520
core   0: 0x80009524 (0xae3f2023) sw      gp, -1312(t5)
core   0: 3 0x80009524 (0xae3f2023) mem 0x8000b000 0x00000001
core   0: 0x80009528 (0x0000bfe5) c.j     pc - 8
core   0: 3 0x80009528 (0xbfe5)
core   0: 0x80009520 (0x00002f17) auipc   t5, 0x2
core   0: 3 0x80009520 (0x00002f17) x30 0x8000b520
core   0: 0x80009524 (0xae3f2023) sw      gp, -1312(t5)
core   0: 3 0x80009524 (0xae3f2023) mem 0x8000b000 0x00000001
core   0: 0x80009528 (0x0000bfe5) c.j     pc - 8
core   0: 3 0x80009528 (0xbfe5)
core   0: 0x80009520 (0x00002f17) auipc   t5, 0x2
core   0: 3 0x80009520 (0x00002f17) x30 0x8000b520
core   0: 0x80009524 (0xae3f2023) sw      gp, -1312(t5)
core   0: 3 0x80009524 (0xae3f2023) mem 0x8000b000 0x00000001
core   0: 0x80009528 (0x0000bfe5) c.j     pc - 8
core   0: 3 0x80009528 (0xbfe5)
core   0: 0x80009520 (0x00002f17) auipc   t5, 0x2
core   0: 3 0x80009520 (0x00002f17) x30 0x8000b520
core   0: 0x80009524 (0xae3f2023) sw      gp, -1312(t5)
core   0: 3 0x80009524 (0xae3f2023) mem 0x8000b000 0x00000001
core   0: 0x80009528 (0x0000bfe5) c.j     pc - 8
core   0: 3 0x80009528 (0xbfe5)
core   0: 0x80009520 (0x00002f17) auipc   t5, 0x2
core   0: 3 0x80009520 (0x00002f17) x30 0x8000b520
core   0: 0x80009524 (0xae3f2023) sw      gp, -1312(t5)
core   0: 3 0x80009524 (0xae3f2023) mem 0x8000b000 0x00000001
core   0: 0x80009528 (0x0000bfe5) c.j     pc - 8
core   0: 3 0x80009528 (0xbfe5)
core   0: 0x80009520 (0x00002f17) auipc   t5, 0x2
core   0: 3 0x80009520 (0x00002f17) x30 0x8000b520
core   0: 0x80009524 (0xae3f2023) sw      gp, -1312(t5)
core   0: 3 0x80009524 (0xae3f2023) mem 0x8000b000 0x00000001
core   0: 0x80009528 (0x0000bfe5) c.j     pc - 8
core   0: 3 0x80009528 (0xbfe5)
core   0: 0x80009520 (0x00002f17) auipc   t5, 0x2
core   0: 3 0x80009520 (0x00002f17) x30 0x8000b520
core   0: 0x80009524 (0xae3f2023) sw      gp, -1312(t5)
core   0: 3 0x80009524 (0xae3f2023) mem 0x8000b000 0x00000001
core   0: 0x80009528 (0x0000bfe5) c.j     pc - 8
core   0: 3 0x80009528 (0xbfe5)
core   0: 0x80009520 (0x00002f17) auipc   t5, 0x2
core   0: 3 0x80009520 (0x00002f17) x30 0x8000b520
core   0: 0x80009524 (0xae3f2023) sw      gp, -1312(t5)
core   0: 3 0x80009524 (0xae3f2023) mem 0x8000b000 0x00000001
core   0: 0x80009528 (0x0000bfe5) c.j     pc - 8
core   0: 3 0x80009528 (0xbfe5)
core   0: 0x80009520 (0x00002f17) auipc   t5, 0x2
core   0: 3 0x80009520 (0x00002f17) x30 0x8000b520
core   0: 0x80009524 (0xae3f2023) sw      gp, -1312(t5)
core   0: 3 0x80009524 (0xae3f2023) mem 0x8000b000 0x00000001
core   0: 0x80009528 (0x0000bfe5) c.j     pc - 8
core   0: 3 0x80009528 (0xbfe5)
core   0: 0x80009520 (0x00002f17) auipc   t5, 0x2
core   0: 3 0x80009520 (0x00002f17) x30 0x8000b520
core   0: 0x80009524 (0xae3f2023) sw      gp, -1312(t5)
core   0: 3 0x80009524 (0xae3f2023) mem 0x8000b000 0x00000001
core   0: 0x80009528 (0x0000bfe5) c.j     pc - 8
core   0: 3 0x80009528 (0xbfe5)
core   0: 0x80009520 (0x00002f17) auipc   t5, 0x2
core   0: 3 0x80009520 (0x00002f17) x30 0x8000b520
core   0: 0x80009524 (0xae3f2023) sw      gp, -1312(t5)
core   0: 3 0x80009524 (0xae3f2023) mem 0x8000b000 0x00000001
core   0: 0x80009528 (0x0000bfe5) c.j     pc - 8
core   0: 3 0x80009528 (0xbfe5)
core   0: 0x80009520 (0x00002f17) auipc   t5, 0x2
core   0: 3 0x80009520 (0x00002f17) x30 0x8000b520
core   0: 0x80009524 (0xae3f2023) sw      gp, -1312(t5)
core   0: 3 0x80009524 (0xae3f2023) mem 0x8000b000 0x00000001
core   0: 0x80009528 (0x0000bfe5) c.j     pc - 8
core   0: 3 0x80009528 (0xbfe5)
core   0: 0x80009520 (0x00002f17) auipc   t5, 0x2
core   0: 3 0x80009520 (0x00002f17) x30 0x8000b520
core   0: 0x80009524 (0xae3f2023) sw      gp, -1312(t5)
core   0: 3 0x80009524 (0xae3f2023) mem 0x8000b000 0x00000001
core   0: 0x80009528 (0x0000bfe5) c.j     pc - 8
core   0: 3 0x80009528 (0xbfe5)
core   0: 0x80009520 (0x00002f17) auipc   t5, 0x2
core   0: 3 0x80009520 (0x00002f17) x30 0x8000b520
core   0: 0x80009524 (0xae3f2023) sw      gp, -1312(t5)
core   0: 3 0x80009524 (0xae3f2023) mem 0x8000b000 0x00000001
core   0: 0x80009528 (0x0000bfe5) c.j     pc - 8
core   0: 3 0x80009528 (0xbfe5)
core   0: 0x80009520 (0x00002f17) auipc   t5, 0x2
core   0: 3 0x80009520 (0x00002f17) x30 0x8000b520
core   0: 0x80009524 (0xae3f2023) sw      gp, -1312(t5)
core   0: 3 0x80009524 (0xae3f2023) mem 0x8000b000 0x00000001
core   0: 0x80009528 (0x0000bfe5) c.j     pc - 8
core   0: 3 0x80009528 (0xbfe5)
core   0: 0x80009520 (0x00002f17) auipc   t5, 0x2
core   0: 3 0x80009520 (0x00002f17) x30 0x8000b520
core   0: 0x80009524 (0xae3f2023) sw      gp, -1312(t5)
core   0: 3 0x80009524 (0xae3f2023) mem 0x8000b000 0x00000001
core   0: 0x80009528 (0x0000bfe5) c.j     pc - 8
core   0: 3 0x80009528 (0xbfe5)
core   0: 0x80009520 (0x00002f17) auipc   t5, 0x2
core   0: 3 0x80009520 (0x00002f17) x30 0x8000b520
core   0: 0x80009524 (0xae3f2023) sw      gp, -1312(t5)
core   0: 3 0x80009524 (0xae3f2023) mem 0x8000b000 0x00000001
core   0: 0x80009528 (0x0000bfe5) c.j     pc - 8
core   0: 3 0x80009528 (0xbfe5)
core   0: 0x80009520 (0x00002f17) auipc   t5, 0x2
core   0: 3 0x80009520 (0x00002f17) x30 0x8000b520
core   0: 0x80009524 (0xae3f2023) sw      gp, -1312(t5)
core   0: 3 0x80009524 (0xae3f2023) mem 0x8000b000 0x00000001
core   0: 0x80009528 (0x0000bfe5) c.j     pc - 8
core   0: 3 0x80009528 (0xbfe5)
core   0: 0x80009520 (0x00002f17) auipc   t5, 0x2
core   0: 3 0x80009520 (0x00002f17) x30 0x8000b520
core   0: 0x80009524 (0xae3f2023) sw      gp, -1312(t5)
core   0: 3 0x80009524 (0xae3f2023) mem 0x8000b000 0x00000001
core   0: 0x80009528 (0x0000bfe5) c.j     pc - 8
core   0: 3 0x80009528 (0xbfe5)
core   0: 0x80009520 (0x00002f17) auipc   t5, 0x2
core   0: 3 0x80009520 (0x00002f17) x30 0x8000b520
core   0: 0x80009524 (0xae3f2023) sw      gp, -1312(t5)
core   0: 3 0x80009524 (0xae3f2023) mem 0x8000b000 0x00000001
core   0: 0x80009528 (0x0000bfe5) c.j     pc - 8
core   0: 3 0x80009528 (0xbfe5)
core   0: 0x80009520 (0x00002f17) auipc   t5, 0x2
core   0: 3 0x80009520 (0x00002f17) x30 0x8000b520
core   0: 0x80009524 (0xae3f2023) sw      gp, -1312(t5)
core   0: 3 0x80009524 (0xae3f2023) mem 0x8000b000 0x00000001
core   0: 0x80009528 (0x0000bfe5) c.j     pc - 8
core   0: 3 0x80009528 (0xbfe5)
core   0: 0x80009520 (0x00002f17) auipc   t5, 0x2
core   0: 3 0x80009520 (0x00002f17) x30 0x8000b520
core   0: 0x80009524 (0xae3f2023) sw      gp, -1312(t5)
core   0: 3 0x80009524 (0xae3f2023) mem 0x8000b000 0x00000001
core   0: 0x80009528 (0x0000bfe5) c.j     pc - 8
core   0: 3 0x80009528 (0xbfe5)
core   0: 0x80009520 (0x00002f17) auipc   t5, 0x2
core   0: 3 0x80009520 (0x00002f17) x30 0x8000b520
core   0: 0x80009524 (0xae3f2023) sw      gp, -1312(t5)
core   0: 3 0x80009524 (0xae3f2023) mem 0x8000b000 0x00000001
core   0: 0x80009528 (0x0000bfe5) c.j     pc - 8
core   0: 3 0x80009528 (0xbfe5)
core   0: 0x80009520 (0x00002f17) auipc   t5, 0x2
core   0: 3 0x80009520 (0x00002f17) x30 0x8000b520
core   0: 0x80009524 (0xae3f2023) sw      gp, -1312(t5)
core   0: 3 0x80009524 (0xae3f2023) mem 0x8000b000 0x00000001
core   0: 0x80009528 (0x0000bfe5) c.j     pc - 8
core   0: 3 0x80009528 (0xbfe5)
core   0: 0x80009520 (0x00002f17) auipc   t5, 0x2
core   0: 3 0x80009520 (0x00002f17) x30 0x8000b520
core   0: 0x80009524 (0xae3f2023) sw      gp, -1312(t5)
core   0: 3 0x80009524 (0xae3f2023) mem 0x8000b000 0x00000001
core   0: 0x80009528 (0x0000bfe5) c.j     pc - 8
core   0: 3 0x80009528 (0xbfe5)
core   0: 0x80009520 (0x00002f17) auipc   t5, 0x2
core   0: 3 0x80009520 (0x00002f17) x30 0x8000b520
core   0: 0x80009524 (0xae3f2023) sw      gp, -1312(t5)
core   0: 3 0x80009524 (0xae3f2023) mem 0x8000b000 0x00000001
core   0: 0x80009528 (0x0000bfe5) c.j     pc - 8
core   0: 3 0x80009528 (0xbfe5)
core   0: 0x80009520 (0x00002f17) auipc   t5, 0x2
core   0: 3 0x80009520 (0x00002f17) x30 0x8000b520
core   0: 0x80009524 (0xae3f2023) sw      gp, -1312(t5)
core   0: 3 0x80009524 (0xae3f2023) mem 0x8000b000 0x00000001
core   0: 0x80009528 (0x0000bfe5) c.j     pc - 8
core   0: 3 0x80009528 (0xbfe5)
core   0: 0x80009520 (0x00002f17) auipc   t5, 0x2
core   0: 3 0x80009520 (0x00002f17) x30 0x8000b520
core   0: 0x80009524 (0xae3f2023) sw      gp, -1312(t5)
core   0: 3 0x80009524 (0xae3f2023) mem 0x8000b000 0x00000001
core   0: 0x80009528 (0x0000bfe5) c.j     pc - 8
core   0: 3 0x80009528 (0xbfe5)
core   0: 0x80009520 (0x00002f17) auipc   t5, 0x2
core   0: 3 0x80009520 (0x00002f17) x30 0x8000b520
core   0: 0x80009524 (0xae3f2023) sw      gp, -1312(t5)
core   0: 3 0x80009524 (0xae3f2023) mem 0x8000b000 0x00000001
core   0: 0x80009528 (0x0000bfe5) c.j     pc - 8
core   0: 3 0x80009528 (0xbfe5)
core   0: 0x80009520 (0x00002f17) auipc   t5, 0x2
core   0: 3 0x80009520 (0x00002f17) x30 0x8000b520
core   0: 0x80009524 (0xae3f2023) sw      gp, -1312(t5)
core   0: 3 0x80009524 (0xae3f2023) mem 0x8000b000 0x00000001
core   0: 0x80009528 (0x0000bfe5) c.j     pc - 8
core   0: 3 0x80009528 (0xbfe5)
core   0: 0x80009520 (0x00002f17) auipc   t5, 0x2
core   0: 3 0x80009520 (0x00002f17) x30 0x8000b520
core   0: 0x80009524 (0xae3f2023) sw      gp, -1312(t5)
core   0: 3 0x80009524 (0xae3f2023) mem 0x8000b000 0x00000001
core   0: 0x80009528 (0x0000bfe5) c.j     pc - 8
core   0: 3 0x80009528 (0xbfe5)
core   0: 0x80009520 (0x00002f17) auipc   t5, 0x2
core   0: 3 0x80009520 (0x00002f17) x30 0x8000b520
core   0: 0x80009524 (0xae3f2023) sw      gp, -1312(t5)
core   0: 3 0x80009524 (0xae3f2023) mem 0x8000b000 0x00000001
core   0: 0x80009528 (0x0000bfe5) c.j     pc - 8
core   0: 3 0x80009528 (0xbfe5)
core   0: 0x80009520 (0x00002f17) auipc   t5, 0x2
core   0: 3 0x80009520 (0x00002f17) x30 0x8000b520
core   0: 0x80009524 (0xae3f2023) sw      gp, -1312(t5)
core   0: 3 0x80009524 (0xae3f2023) mem 0x8000b000 0x00000001
core   0: 0x80009528 (0x0000bfe5) c.j     pc - 8
core   0: 3 0x80009528 (0xbfe5)
core   0: 0x80009520 (0x00002f17) auipc   t5, 0x2
core   0: 3 0x80009520 (0x00002f17) x30 0x8000b520
core   0: 0x80009524 (0xae3f2023) sw      gp, -1312(t5)
core   0: 3 0x80009524 (0xae3f2023) mem 0x8000b000 0x00000001
core   0: 0x80009528 (0x0000bfe5) c.j     pc - 8
core   0: 3 0x80009528 (0xbfe5)
core   0: 0x80009520 (0x00002f17) auipc   t5, 0x2
core   0: 3 0x80009520 (0x00002f17) x30 0x8000b520
core   0: 0x80009524 (0xae3f2023) sw      gp, -1312(t5)
core   0: 3 0x80009524 (0xae3f2023) mem 0x8000b000 0x00000001
core   0: 0x80009528 (0x0000bfe5) c.j     pc - 8
core   0: 3 0x80009528 (0xbfe5)
core   0: 0x80009520 (0x00002f17) auipc   t5, 0x2
core   0: 3 0x80009520 (0x00002f17) x30 0x8000b520
core   0: 0x80009524 (0xae3f2023) sw      gp, -1312(t5)
core   0: 3 0x80009524 (0xae3f2023) mem 0x8000b000 0x00000001
core   0: 0x80009528 (0x0000bfe5) c.j     pc - 8
core   0: 3 0x80009528 (0xbfe5)
core   0: 0x80009520 (0x00002f17) auipc   t5, 0x2
core   0: 3 0x80009520 (0x00002f17) x30 0x8000b520
core   0: 0x80009524 (0xae3f2023) sw      gp, -1312(t5)
core   0: 3 0x80009524 (0xae3f2023) mem 0x8000b000 0x00000001
core   0: 0x80009528 (0x0000bfe5) c.j     pc - 8
core   0: 3 0x80009528 (0xbfe5)
core   0: 0x80009520 (0x00002f17) auipc   t5, 0x2
core   0: 3 0x80009520 (0x00002f17) x30 0x8000b520
core   0: 0x80009524 (0xae3f2023) sw      gp, -1312(t5)
core   0: 3 0x80009524 (0xae3f2023) mem 0x8000b000 0x00000001
core   0: 0x80009528 (0x0000bfe5) c.j     pc - 8
core   0: 3 0x80009528 (0xbfe5)
core   0: 0x80009520 (0x00002f17) auipc   t5, 0x2
core   0: 3 0x80009520 (0x00002f17) x30 0x8000b520
core   0: 0x80009524 (0xae3f2023) sw      gp, -1312(t5)
core   0: 3 0x80009524 (0xae3f2023) mem 0x8000b000 0x00000001
core   0: 0x80009528 (0x0000bfe5) c.j     pc - 8
core   0: 3 0x80009528 (0xbfe5)
core   0: 0x80009520 (0x00002f17) auipc   t5, 0x2
core   0: 3 0x80009520 (0x00002f17) x30 0x8000b520
core   0: 0x80009524 (0xae3f2023) sw      gp, -1312(t5)
core   0: 3 0x80009524 (0xae3f2023) mem 0x8000b000 0x00000001
core   0: 0x80009528 (0x0000bfe5) c.j     pc - 8
core   0: 3 0x80009528 (0xbfe5)
core   0: 0x80009520 (0x00002f17) auipc   t5, 0x2
core   0: 3 0x80009520 (0x00002f17) x30 0x8000b520
core   0: 0x80009524 (0xae3f2023) sw      gp, -1312(t5)
core   0: 3 0x80009524 (0xae3f2023) mem 0x8000b000 0x00000001
core   0: 0x80009528 (0x0000bfe5) c.j     pc - 8
core   0: 3 0x80009528 (0xbfe5)
core   0: 0x80009520 (0x00002f17) auipc   t5, 0x2
core   0: 3 0x80009520 (0x00002f17) x30 0x8000b520
core   0: 0x80009524 (0xae3f2023) sw      gp, -1312(t5)
core   0: 3 0x80009524 (0xae3f2023) mem 0x8000b000 0x00000001
core   0: 0x80009528 (0x0000bfe5) c.j     pc - 8
core   0: 3 0x80009528 (0xbfe5)
core   0: 0x80009520 (0x00002f17) auipc   t5, 0x2
core   0: 3 0x80009520 (0x00002f17) x30 0x8000b520
core   0: 0x80009524 (0xae3f2023) sw      gp, -1312(t5)
core   0: 3 0x80009524 (0xae3f2023) mem 0x8000b000 0x00000001
core   0: 0x80009528 (0x0000bfe5) c.j     pc - 8
core   0: 3 0x80009528 (0xbfe5)
core   0: 0x80009520 (0x00002f17) auipc   t5, 0x2
core   0: 3 0x80009520 (0x00002f17) x30 0x8000b520
core   0: 0x80009524 (0xae3f2023) sw      gp, -1312(t5)
core   0: 3 0x80009524 (0xae3f2023) mem 0x8000b000 0x00000001
core   0: 0x80009528 (0x0000bfe5) c.j     pc - 8
core   0: 3 0x80009528 (0xbfe5)
core   0: 0x80009520 (0x00002f17) auipc   t5, 0x2
core   0: 3 0x80009520 (0x00002f17) x30 0x8000b520
core   0: 0x80009524 (0xae3f2023) sw      gp, -1312(t5)
core   0: 3 0x80009524 (0xae3f2023) mem 0x8000b000 0x00000001
core   0: 0x80009528 (0x0000bfe5) c.j     pc - 8
core   0: 3 0x80009528 (0xbfe5)
core   0: 0x80009520 (0x00002f17) auipc   t5, 0x2
core   0: 3 0x80009520 (0x00002f17) x30 0x8000b520
core   0: 0x80009524 (0xae3f2023) sw      gp, -1312(t5)
core   0: 3 0x80009524 (0xae3f2023) mem 0x8000b000 0x00000001
core   0: 0x80009528 (0x0000bfe5) c.j     pc - 8
core   0: 3 0x80009528 (0xbfe5)
core   0: 0x80009520 (0x00002f17) auipc   t5, 0x2
core   0: 3 0x80009520 (0x00002f17) x30 0x8000b520
core   0: 0x80009524 (0xae3f2023) sw      gp, -1312(t5)
core   0: 3 0x80009524 (0xae3f2023) mem 0x8000b000 0x00000001
core   0: 0x80009528 (0x0000bfe5) c.j     pc - 8
core   0: 3 0x80009528 (0xbfe5)
core   0: 0x80009520 (0x00002f17) auipc   t5, 0x2
core   0: 3 0x80009520 (0x00002f17) x30 0x8000b520
core   0: 0x80009524 (0xae3f2023) sw      gp, -1312(t5)
core   0: 3 0x80009524 (0xae3f2023) mem 0x8000b000 0x00000001
core   0: 0x80009528 (0x0000bfe5) c.j     pc - 8
core   0: 3 0x80009528 (0xbfe5)
core   0: 0x80009520 (0x00002f17) auipc   t5, 0x2
core   0: 3 0x80009520 (0x00002f17) x30 0x8000b520
core   0: 0x80009524 (0xae3f2023) sw      gp, -1312(t5)
core   0: 3 0x80009524 (0xae3f2023) mem 0x8000b000 0x00000001
core   0: 0x80009528 (0x0000bfe5) c.j     pc - 8
core   0: 3 0x80009528 (0xbfe5)
core   0: 0x80009520 (0x00002f17) auipc   t5, 0x2
core   0: 3 0x80009520 (0x00002f17) x30 0x8000b520
core   0: 0x80009524 (0xae3f2023) sw      gp, -1312(t5)
core   0: 3 0x80009524 (0xae3f2023) mem 0x8000b000 0x00000001
core   0: 0x80009528 (0x0000bfe5) c.j     pc - 8
core   0: 3 0x80009528 (0xbfe5)
core   0: 0x80009520 (0x00002f17) auipc   t5, 0x2
core   0: 3 0x80009520 (0x00002f17) x30 0x8000b520
core   0: 0x80009524 (0xae3f2023) sw      gp, -1312(t5)
core   0: 3 0x80009524 (0xae3f2023) mem 0x8000b000 0x00000001
core   0: 0x80009528 (0x0000bfe5) c.j     pc - 8
core   0: 3 0x80009528 (0xbfe5)
core   0: 0x80009520 (0x00002f17) auipc   t5, 0x2
core   0: 3 0x80009520 (0x00002f17) x30 0x8000b520
core   0: 0x80009524 (0xae3f2023) sw      gp, -1312(t5)
core   0: 3 0x80009524 (0xae3f2023) mem 0x8000b000 0x00000001
core   0: 0x80009528 (0x0000bfe5) c.j     pc - 8
core   0: 3 0x80009528 (0xbfe5)
core   0: 0x80009520 (0x00002f17) auipc   t5, 0x2
core   0: 3 0x80009520 (0x00002f17) x30 0x8000b520
core   0: 0x80009524 (0xae3f2023) sw      gp, -1312(t5)
core   0: 3 0x80009524 (0xae3f2023) mem 0x8000b000 0x00000001
core   0: 0x80009528 (0x0000bfe5) c.j     pc - 8
core   0: 3 0x80009528 (0xbfe5)
core   0: 0x80009520 (0x00002f17) auipc   t5, 0x2
core   0: 3 0x80009520 (0x00002f17) x30 0x8000b520
core   0: 0x80009524 (0xae3f2023) sw      gp, -1312(t5)
core   0: 3 0x80009524 (0xae3f2023) mem 0x8000b000 0x00000001
core   0: 0x80009528 (0x0000bfe5) c.j     pc - 8
core   0: 3 0x80009528 (0xbfe5)
core   0: 0x80009520 (0x00002f17) auipc   t5, 0x2
core   0: 3 0x80009520 (0x00002f17) x30 0x8000b520
core   0: 0x80009524 (0xae3f2023) sw      gp, -1312(t5)
core   0: 3 0x80009524 (0xae3f2023) mem 0x8000b000 0x00000001
core   0: 0x80009528 (0x0000bfe5) c.j     pc - 8
core   0: 3 0x80009528 (0xbfe5)
core   0: 0x80009520 (0x00002f17) auipc   t5, 0x2
core   0: 3 0x80009520 (0x00002f17) x30 0x8000b520
core   0: 0x80009524 (0xae3f2023) sw      gp, -1312(t5)
core   0: 3 0x80009524 (0xae3f2023) mem 0x8000b000 0x00000001
core   0: 0x80009528 (0x0000bfe5) c.j     pc - 8
core   0: 3 0x80009528 (0xbfe5)
core   0: 0x80009520 (0x00002f17) auipc   t5, 0x2
core   0: 3 0x80009520 (0x00002f17) x30 0x8000b520
core   0: 0x80009524 (0xae3f2023) sw      gp, -1312(t5)
core   0: 3 0x80009524 (0xae3f2023) mem 0x8000b000 0x00000001
core   0: 0x80009528 (0x0000bfe5) c.j     pc - 8
core   0: 3 0x80009528 (0xbfe5)
core   0: 0x80009520 (0x00002f17) auipc   t5, 0x2
core   0: 3 0x80009520 (0x00002f17) x30 0x8000b520
core   0: 0x80009524 (0xae3f2023) sw      gp, -1312(t5)
core   0: 3 0x80009524 (0xae3f2023) mem 0x8000b000 0x00000001
core   0: 0x80009528 (0x0000bfe5) c.j     pc - 8
core   0: 3 0x80009528 (0xbfe5)
core   0: 0x80009520 (0x00002f17) auipc   t5, 0x2
core   0: 3 0x80009520 (0x00002f17) x30 0x8000b520
core   0: 0x80009524 (0xae3f2023) sw      gp, -1312(t5)
core   0: 3 0x80009524 (0xae3f2023) mem 0x8000b000 0x00000001
core   0: 0x80009528 (0x0000bfe5) c.j     pc - 8
core   0: 3 0x80009528 (0xbfe5)
core   0: 0x80009520 (0x00002f17) auipc   t5, 0x2
core   0: 3 0x80009520 (0x00002f17) x30 0x8000b520
core   0: 0x80009524 (0xae3f2023) sw      gp, -1312(t5)
core   0: 3 0x80009524 (0xae3f2023) mem 0x8000b000 0x00000001
core   0: 0x80009528 (0x0000bfe5) c.j     pc - 8
core   0: 3 0x80009528 (0xbfe5)
core   0: 0x80009520 (0x00002f17) auipc   t5, 0x2
core   0: 3 0x80009520 (0x00002f17) x30 0x8000b520
core   0: 0x80009524 (0xae3f2023) sw      gp, -1312(t5)
core   0: 3 0x80009524 (0xae3f2023) mem 0x8000b000 0x00000001
core   0: 0x80009528 (0x0000bfe5) c.j     pc - 8
core   0: 3 0x80009528 (0xbfe5)
core   0: 0x80009520 (0x00002f17) auipc   t5, 0x2
core   0: 3 0x80009520 (0x00002f17) x30 0x8000b520
core   0: 0x80009524 (0xae3f2023) sw      gp, -1312(t5)
core   0: 3 0x80009524 (0xae3f2023) mem 0x8000b000 0x00000001
core   0: 0x80009528 (0x0000bfe5) c.j     pc - 8
core   0: 3 0x80009528 (0xbfe5)
core   0: 0x80009520 (0x00002f17) auipc   t5, 0x2
core   0: 3 0x80009520 (0x00002f17) x30 0x8000b520
core   0: 0x80009524 (0xae3f2023) sw      gp, -1312(t5)
core   0: 3 0x80009524 (0xae3f2023) mem 0x8000b000 0x00000001
core   0: 0x80009528 (0x0000bfe5) c.j     pc - 8
core   0: 3 0x80009528 (0xbfe5)
core   0: 0x80009520 (0x00002f17) auipc   t5, 0x2
core   0: 3 0x80009520 (0x00002f17) x30 0x8000b520
core   0: 0x80009524 (0xae3f2023) sw      gp, -1312(t5)
core   0: 3 0x80009524 (0xae3f2023) mem 0x8000b000 0x00000001
core   0: 0x80009528 (0x0000bfe5) c.j     pc - 8
core   0: 3 0x80009528 (0xbfe5)
core   0: 0x80009520 (0x00002f17) auipc   t5, 0x2
core   0: 3 0x80009520 (0x00002f17) x30 0x8000b520
core   0: 0x80009524 (0xae3f2023) sw      gp, -1312(t5)
core   0: 3 0x80009524 (0xae3f2023) mem 0x8000b000 0x00000001
core   0: 0x80009528 (0x0000bfe5) c.j     pc - 8
core   0: 3 0x80009528 (0xbfe5)
core   0: 0x80009520 (0x00002f17) auipc   t5, 0x2
core   0: 3 0x80009520 (0x00002f17) x30 0x8000b520
core   0: 0x80009524 (0xae3f2023) sw      gp, -1312(t5)
core   0: 3 0x80009524 (0xae3f2023) mem 0x8000b000 0x00000001
core   0: 0x80009528 (0x0000bfe5) c.j     pc - 8
core   0: 3 0x80009528 (0xbfe5)
core   0: 0x80009520 (0x00002f17) auipc   t5, 0x2
core   0: 3 0x80009520 (0x00002f17) x30 0x8000b520
core   0: 0x80009524 (0xae3f2023) sw      gp, -1312(t5)
core   0: 3 0x80009524 (0xae3f2023) mem 0x8000b000 0x00000001
core   0: 0x80009528 (0x0000bfe5) c.j     pc - 8
core   0: 3 0x80009528 (0xbfe5)
core   0: 0x80009520 (0x00002f17) auipc   t5, 0x2
core   0: 3 0x80009520 (0x00002f17) x30 0x8000b520
core   0: 0x80009524 (0xae3f2023) sw      gp, -1312(t5)
core   0: 3 0x80009524 (0xae3f2023) mem 0x8000b000 0x00000001
core   0: 0x80009528 (0x0000bfe5) c.j     pc - 8
core   0: 3 0x80009528 (0xbfe5)
core   0: 0x80009520 (0x00002f17) auipc   t5, 0x2
core   0: 3 0x80009520 (0x00002f17) x30 0x8000b520
core   0: 0x80009524 (0xae3f2023) sw      gp, -1312(t5)
core   0: 3 0x80009524 (0xae3f2023) mem 0x8000b000 0x00000001
core   0: 0x80009528 (0x0000bfe5) c.j     pc - 8
core   0: 3 0x80009528 (0xbfe5)
core   0: 0x80009520 (0x00002f17) auipc   t5, 0x2
core   0: 3 0x80009520 (0x00002f17) x30 0x8000b520
core   0: 0x80009524 (0xae3f2023) sw      gp, -1312(t5)
core   0: 3 0x80009524 (0xae3f2023) mem 0x8000b000 0x00000001
core   0: 0x80009528 (0x0000bfe5) c.j     pc - 8
core   0: 3 0x80009528 (0xbfe5)
core   0: 0x80009520 (0x00002f17) auipc   t5, 0x2
core   0: 3 0x80009520 (0x00002f17) x30 0x8000b520
core   0: 0x80009524 (0xae3f2023) sw      gp, -1312(t5)
core   0: 3 0x80009524 (0xae3f2023) mem 0x8000b000 0x00000001
core   0: 0x80009528 (0x0000bfe5) c.j     pc - 8
core   0: 3 0x80009528 (0xbfe5)
core   0: 0x80009520 (0x00002f17) auipc   t5, 0x2
core   0: 3 0x80009520 (0x00002f17) x30 0x8000b520
core   0: 0x80009524 (0xae3f2023) sw      gp, -1312(t5)
core   0: 3 0x80009524 (0xae3f2023) mem 0x8000b000 0x00000001
core   0: 0x80009528 (0x0000bfe5) c.j     pc - 8
core   0: 3 0x80009528 (0xbfe5)
core   0: 0x80009520 (0x00002f17) auipc   t5, 0x2
core   0: 3 0x80009520 (0x00002f17) x30 0x8000b520
core   0: 0x80009524 (0xae3f2023) sw      gp, -1312(t5)
core   0: 3 0x80009524 (0xae3f2023) mem 0x8000b000 0x00000001
core   0: 0x80009528 (0x0000bfe5) c.j     pc - 8
core   0: 3 0x80009528 (0xbfe5)
core   0: 0x80009520 (0x00002f17) auipc   t5, 0x2
core   0: 3 0x80009520 (0x00002f17) x30 0x8000b520
core   0: 0x80009524 (0xae3f2023) sw      gp, -1312(t5)
core   0: 3 0x80009524 (0xae3f2023) mem 0x8000b000 0x00000001
core   0: 0x80009528 (0x0000bfe5) c.j     pc - 8
core   0: 3 0x80009528 (0xbfe5)
core   0: 0x80009520 (0x00002f17) auipc   t5, 0x2
core   0: 3 0x80009520 (0x00002f17) x30 0x8000b520
core   0: 0x80009524 (0xae3f2023) sw      gp, -1312(t5)
core   0: 3 0x80009524 (0xae3f2023) mem 0x8000b000 0x00000001
core   0: 0x80009528 (0x0000bfe5) c.j     pc - 8
core   0: 3 0x80009528 (0xbfe5)
core   0: 0x80009520 (0x00002f17) auipc   t5, 0x2
core   0: 3 0x80009520 (0x00002f17) x30 0x8000b520
core   0: 0x80009524 (0xae3f2023) sw      gp, -1312(t5)
core   0: 3 0x80009524 (0xae3f2023) mem 0x8000b000 0x00000001
core   0: 0x80009528 (0x0000bfe5) c.j     pc - 8
core   0: 3 0x80009528 (0xbfe5)
core   0: 0x80009520 (0x00002f17) auipc   t5, 0x2
core   0: 3 0x80009520 (0x00002f17) x30 0x8000b520
core   0: 0x80009524 (0xae3f2023) sw      gp, -1312(t5)
core   0: 3 0x80009524 (0xae3f2023) mem 0x8000b000 0x00000001
core   0: 0x80009528 (0x0000bfe5) c.j     pc - 8
core   0: 3 0x80009528 (0xbfe5)
core   0: 0x80009520 (0x00002f17) auipc   t5, 0x2
core   0: 3 0x80009520 (0x00002f17) x30 0x8000b520
core   0: 0x80009524 (0xae3f2023) sw      gp, -1312(t5)
core   0: 3 0x80009524 (0xae3f2023) mem 0x8000b000 0x00000001
core   0: 0x80009528 (0x0000bfe5) c.j     pc - 8
core   0: 3 0x80009528 (0xbfe5)
core   0: 0x80009520 (0x00002f17) auipc   t5, 0x2
core   0: 3 0x80009520 (0x00002f17) x30 0x8000b520
core   0: 0x80009524 (0xae3f2023) sw      gp, -1312(t5)
core   0: 3 0x80009524 (0xae3f2023) mem 0x8000b000 0x00000001
core   0: 0x80009528 (0x0000bfe5) c.j     pc - 8
core   0: 3 0x80009528 (0xbfe5)
core   0: 0x80009520 (0x00002f17) auipc   t5, 0x2
core   0: 3 0x80009520 (0x00002f17) x30 0x8000b520
core   0: 0x80009524 (0xae3f2023) sw      gp, -1312(t5)
core   0: 3 0x80009524 (0xae3f2023) mem 0x8000b000 0x00000001
core   0: 0x80009528 (0x0000bfe5) c.j     pc - 8
core   0: 3 0x80009528 (0xbfe5)
core   0: 0x80009520 (0x00002f17) auipc   t5, 0x2
core   0: 3 0x80009520 (0x00002f17) x30 0x8000b520
core   0: 0x80009524 (0xae3f2023) sw      gp, -1312(t5)
core   0: 3 0x80009524 (0xae3f2023) mem 0x8000b000 0x00000001
core   0: 0x80009528 (0x0000bfe5) c.j     pc - 8
core   0: 3 0x80009528 (0xbfe5)
core   0: 0x80009520 (0x00002f17) auipc   t5, 0x2
core   0: 3 0x80009520 (0x00002f17) x30 0x8000b520
core   0: 0x80009524 (0xae3f2023) sw      gp, -1312(t5)
core   0: 3 0x80009524 (0xae3f2023) mem 0x8000b000 0x00000001
core   0: 0x80009528 (0x0000bfe5) c.j     pc - 8
core   0: 3 0x80009528 (0xbfe5)
core   0: 0x80009520 (0x00002f17) auipc   t5, 0x2
core   0: 3 0x80009520 (0x00002f17) x30 0x8000b520
core   0: 0x80009524 (0xae3f2023) sw      gp, -1312(t5)
core   0: 3 0x80009524 (0xae3f2023) mem 0x8000b000 0x00000001
core   0: 0x80009528 (0x0000bfe5) c.j     pc - 8
core   0: 3 0x80009528 (0xbfe5)
core   0: 0x80009520 (0x00002f17) auipc   t5, 0x2
core   0: 3 0x80009520 (0x00002f17) x30 0x8000b520
core   0: 0x80009524 (0xae3f2023) sw      gp, -1312(t5)
core   0: 3 0x80009524 (0xae3f2023) mem 0x8000b000 0x00000001
core   0: 0x80009528 (0x0000bfe5) c.j     pc - 8
core   0: 3 0x80009528 (0xbfe5)
core   0: 0x80009520 (0x00002f17) auipc   t5, 0x2
core   0: 3 0x80009520 (0x00002f17) x30 0x8000b520
core   0: 0x80009524 (0xae3f2023) sw      gp, -1312(t5)
core   0: 3 0x80009524 (0xae3f2023) mem 0x8000b000 0x00000001
core   0: 0x80009528 (0x0000bfe5) c.j     pc - 8
core   0: 3 0x80009528 (0xbfe5)
core   0: 0x80009520 (0x00002f17) auipc   t5, 0x2
core   0: 3 0x80009520 (0x00002f17) x30 0x8000b520
core   0: 0x80009524 (0xae3f2023) sw      gp, -1312(t5)
core   0: 3 0x80009524 (0xae3f2023) mem 0x8000b000 0x00000001
core   0: 0x80009528 (0x0000bfe5) c.j     pc - 8
core   0: 3 0x80009528 (0xbfe5)
core   0: 0x80009520 (0x00002f17) auipc   t5, 0x2
core   0: 3 0x80009520 (0x00002f17) x30 0x8000b520
core   0: 0x80009524 (0xae3f2023) sw      gp, -1312(t5)
core   0: 3 0x80009524 (0xae3f2023) mem 0x8000b000 0x00000001
core   0: 0x80009528 (0x0000bfe5) c.j     pc - 8
core   0: 3 0x80009528 (0xbfe5)
core   0: 0x80009520 (0x00002f17) auipc   t5, 0x2
core   0: 3 0x80009520 (0x00002f17) x30 0x8000b520
core   0: 0x80009524 (0xae3f2023) sw      gp, -1312(t5)
core   0: 3 0x80009524 (0xae3f2023) mem 0x8000b000 0x00000001
core   0: 0x80009528 (0x0000bfe5) c.j     pc - 8
core   0: 3 0x80009528 (0xbfe5)
core   0: 0x80009520 (0x00002f17) auipc   t5, 0x2
core   0: 3 0x80009520 (0x00002f17) x30 0x8000b520
core   0: 0x80009524 (0xae3f2023) sw      gp, -1312(t5)
core   0: 3 0x80009524 (0xae3f2023) mem 0x8000b000 0x00000001
core   0: 0x80009528 (0x0000bfe5) c.j     pc - 8
core   0: 3 0x80009528 (0xbfe5)
core   0: 0x80009520 (0x00002f17) auipc   t5, 0x2
core   0: 3 0x80009520 (0x00002f17) x30 0x8000b520
core   0: 0x80009524 (0xae3f2023) sw      gp, -1312(t5)
core   0: 3 0x80009524 (0xae3f2023) mem 0x8000b000 0x00000001
core   0: 0x80009528 (0x0000bfe5) c.j     pc - 8
core   0: 3 0x80009528 (0xbfe5)
core   0: 0x80009520 (0x00002f17) auipc   t5, 0x2
core   0: 3 0x80009520 (0x00002f17) x30 0x8000b520
core   0: 0x80009524 (0xae3f2023) sw      gp, -1312(t5)
core   0: 3 0x80009524 (0xae3f2023) mem 0x8000b000 0x00000001
core   0: 0x80009528 (0x0000bfe5) c.j     pc - 8
core   0: 3 0x80009528 (0xbfe5)
core   0: 0x80009520 (0x00002f17) auipc   t5, 0x2
core   0: 3 0x80009520 (0x00002f17) x30 0x8000b520
core   0: 0x80009524 (0xae3f2023) sw      gp, -1312(t5)
core   0: 3 0x80009524 (0xae3f2023) mem 0x8000b000 0x00000001
core   0: 0x80009528 (0x0000bfe5) c.j     pc - 8
core   0: 3 0x80009528 (0xbfe5)
core   0: 0x80009520 (0x00002f17) auipc   t5, 0x2
core   0: 3 0x80009520 (0x00002f17) x30 0x8000b520
core   0: 0x80009524 (0xae3f2023) sw      gp, -1312(t5)
core   0: 3 0x80009524 (0xae3f2023) mem 0x8000b000 0x00000001
core   0: 0x80009528 (0x0000bfe5) c.j     pc - 8
core   0: 3 0x80009528 (0xbfe5)
core   0: 0x80009520 (0x00002f17) auipc   t5, 0x2
core   0: 3 0x80009520 (0x00002f17) x30 0x8000b520
core   0: 0x80009524 (0xae3f2023) sw      gp, -1312(t5)
core   0: 3 0x80009524 (0xae3f2023) mem 0x8000b000 0x00000001
core   0: 0x80009528 (0x0000bfe5) c.j     pc - 8
core   0: 3 0x80009528 (0xbfe5)
core   0: 0x80009520 (0x00002f17) auipc   t5, 0x2
core   0: 3 0x80009520 (0x00002f17) x30 0x8000b520
core   0: 0x80009524 (0xae3f2023) sw      gp, -1312(t5)
core   0: 3 0x80009524 (0xae3f2023) mem 0x8000b000 0x00000001
core   0: 0x80009528 (0x0000bfe5) c.j     pc - 8
core   0: 3 0x80009528 (0xbfe5)
core   0: 0x80009520 (0x00002f17) auipc   t5, 0x2
core   0: 3 0x80009520 (0x00002f17) x30 0x8000b520
core   0: 0x80009524 (0xae3f2023) sw      gp, -1312(t5)
core   0: 3 0x80009524 (0xae3f2023) mem 0x8000b000 0x00000001
core   0: 0x80009528 (0x0000bfe5) c.j     pc - 8
core   0: 3 0x80009528 (0xbfe5)
core   0: 0x80009520 (0x00002f17) auipc   t5, 0x2
core   0: 3 0x80009520 (0x00002f17) x30 0x8000b520
core   0: 0x80009524 (0xae3f2023) sw      gp, -1312(t5)
core   0: 3 0x80009524 (0xae3f2023) mem 0x8000b000 0x00000001
core   0: 0x80009528 (0x0000bfe5) c.j     pc - 8
core   0: 3 0x80009528 (0xbfe5)
core   0: 0x80009520 (0x00002f17) auipc   t5, 0x2
core   0: 3 0x80009520 (0x00002f17) x30 0x8000b520
core   0: 0x80009524 (0xae3f2023) sw      gp, -1312(t5)
core   0: 3 0x80009524 (0xae3f2023) mem 0x8000b000 0x00000001
core   0: 0x80009528 (0x0000bfe5) c.j     pc - 8
core   0: 3 0x80009528 (0xbfe5)
core   0: 0x80009520 (0x00002f17) auipc   t5, 0x2
core   0: 3 0x80009520 (0x00002f17) x30 0x8000b520
core   0: 0x80009524 (0xae3f2023) sw      gp, -1312(t5)
core   0: 3 0x80009524 (0xae3f2023) mem 0x8000b000 0x00000001
core   0: 0x80009528 (0x0000bfe5) c.j     pc - 8
core   0: 3 0x80009528 (0xbfe5)
core   0: 0x80009520 (0x00002f17) auipc   t5, 0x2
core   0: 3 0x80009520 (0x00002f17) x30 0x8000b520
core   0: 0x80009524 (0xae3f2023) sw      gp, -1312(t5)
core   0: 3 0x80009524 (0xae3f2023) mem 0x8000b000 0x00000001
core   0: 0x80009528 (0x0000bfe5) c.j     pc - 8
core   0: 3 0x80009528 (0xbfe5)
core   0: 0x80009520 (0x00002f17) auipc   t5, 0x2
core   0: 3 0x80009520 (0x00002f17) x30 0x8000b520
core   0: 0x80009524 (0xae3f2023) sw      gp, -1312(t5)
core   0: 3 0x80009524 (0xae3f2023) mem 0x8000b000 0x00000001
core   0: 0x80009528 (0x0000bfe5) c.j     pc - 8
core   0: 3 0x80009528 (0xbfe5)
core   0: 0x80009520 (0x00002f17) auipc   t5, 0x2
core   0: 3 0x80009520 (0x00002f17) x30 0x8000b520
core   0: 0x80009524 (0xae3f2023) sw      gp, -1312(t5)
core   0: 3 0x80009524 (0xae3f2023) mem 0x8000b000 0x00000001
core   0: 0x80009528 (0x0000bfe5) c.j     pc - 8
core   0: 3 0x80009528 (0xbfe5)
core   0: 0x80009520 (0x00002f17) auipc   t5, 0x2
core   0: 3 0x80009520 (0x00002f17) x30 0x8000b520
core   0: 0x80009524 (0xae3f2023) sw      gp, -1312(t5)
core   0: 3 0x80009524 (0xae3f2023) mem 0x8000b000 0x00000001
core   0: 0x80009528 (0x0000bfe5) c.j     pc - 8
core   0: 3 0x80009528 (0xbfe5)
core   0: 0x80009520 (0x00002f17) auipc   t5, 0x2
core   0: 3 0x80009520 (0x00002f17) x30 0x8000b520
core   0: 0x80009524 (0xae3f2023) sw      gp, -1312(t5)
core   0: 3 0x80009524 (0xae3f2023) mem 0x8000b000 0x00000001
core   0: 0x80009528 (0x0000bfe5) c.j     pc - 8
core   0: 3 0x80009528 (0xbfe5)
core   0: 0x80009520 (0x00002f17) auipc   t5, 0x2
core   0: 3 0x80009520 (0x00002f17) x30 0x8000b520
core   0: 0x80009524 (0xae3f2023) sw      gp, -1312(t5)
core   0: 3 0x80009524 (0xae3f2023) mem 0x8000b000 0x00000001
core   0: 0x80009528 (0x0000bfe5) c.j     pc - 8
core   0: 3 0x80009528 (0xbfe5)
core   0: 0x80009520 (0x00002f17) auipc   t5, 0x2
core   0: 3 0x80009520 (0x00002f17) x30 0x8000b520
core   0: 0x80009524 (0xae3f2023) sw      gp, -1312(t5)
core   0: 3 0x80009524 (0xae3f2023) mem 0x8000b000 0x00000001
core   0: 0x80009528 (0x0000bfe5) c.j     pc - 8
core   0: 3 0x80009528 (0xbfe5)
core   0: 0x80009520 (0x00002f17) auipc   t5, 0x2
core   0: 3 0x80009520 (0x00002f17) x30 0x8000b520
core   0: 0x80009524 (0xae3f2023) sw      gp, -1312(t5)
core   0: 3 0x80009524 (0xae3f2023) mem 0x8000b000 0x00000001
core   0: 0x80009528 (0x0000bfe5) c.j     pc - 8
core   0: 3 0x80009528 (0xbfe5)
core   0: 0x80009520 (0x00002f17) auipc   t5, 0x2
core   0: 3 0x80009520 (0x00002f17) x30 0x8000b520
core   0: 0x80009524 (0xae3f2023) sw      gp, -1312(t5)
core   0: 3 0x80009524 (0xae3f2023) mem 0x8000b000 0x00000001
core   0: 0x80009528 (0x0000bfe5) c.j     pc - 8
core   0: 3 0x80009528 (0xbfe5)
core   0: 0x80009520 (0x00002f17) auipc   t5, 0x2
core   0: 3 0x80009520 (0x00002f17) x30 0x8000b520
core   0: 0x80009524 (0xae3f2023) sw      gp, -1312(t5)
core   0: 3 0x80009524 (0xae3f2023) mem 0x8000b000 0x00000001
core   0: 0x80009528 (0x0000bfe5) c.j     pc - 8
core   0: 3 0x80009528 (0xbfe5)
core   0: 0x80009520 (0x00002f17) auipc   t5, 0x2
core   0: 3 0x80009520 (0x00002f17) x30 0x8000b520
core   0: 0x80009524 (0xae3f2023) sw      gp, -1312(t5)
core   0: 3 0x80009524 (0xae3f2023) mem 0x8000b000 0x00000001
core   0: 0x80009528 (0x0000bfe5) c.j     pc - 8
core   0: 3 0x80009528 (0xbfe5)
core   0: 0x80009520 (0x00002f17) auipc   t5, 0x2
core   0: 3 0x80009520 (0x00002f17) x30 0x8000b520
core   0: 0x80009524 (0xae3f2023) sw      gp, -1312(t5)
core   0: 3 0x80009524 (0xae3f2023) mem 0x8000b000 0x00000001
core   0: 0x80009528 (0x0000bfe5) c.j     pc - 8
core   0: 3 0x80009528 (0xbfe5)
core   0: 0x80009520 (0x00002f17) auipc   t5, 0x2
core   0: 3 0x80009520 (0x00002f17) x30 0x8000b520
core   0: 0x80009524 (0xae3f2023) sw      gp, -1312(t5)
core   0: 3 0x80009524 (0xae3f2023) mem 0x8000b000 0x00000001
core   0: 0x80009528 (0x0000bfe5) c.j     pc - 8
core   0: 3 0x80009528 (0xbfe5)
core   0: 0x80009520 (0x00002f17) auipc   t5, 0x2
core   0: 3 0x80009520 (0x00002f17) x30 0x8000b520
core   0: 0x80009524 (0xae3f2023) sw      gp, -1312(t5)
core   0: 3 0x80009524 (0xae3f2023) mem 0x8000b000 0x00000001
core   0: 0x80009528 (0x0000bfe5) c.j     pc - 8
core   0: 3 0x80009528 (0xbfe5)
core   0: 0x80009520 (0x00002f17) auipc   t5, 0x2
core   0: 3 0x80009520 (0x00002f17) x30 0x8000b520
core   0: 0x80009524 (0xae3f2023) sw      gp, -1312(t5)
core   0: 3 0x80009524 (0xae3f2023) mem 0x8000b000 0x00000001
core   0: 0x80009528 (0x0000bfe5) c.j     pc - 8
core   0: 3 0x80009528 (0xbfe5)
core   0: 0x80009520 (0x00002f17) auipc   t5, 0x2
core   0: 3 0x80009520 (0x00002f17) x30 0x8000b520
core   0: 0x80009524 (0xae3f2023) sw      gp, -1312(t5)
core   0: 3 0x80009524 (0xae3f2023) mem 0x8000b000 0x00000001
core   0: 0x80009528 (0x0000bfe5) c.j     pc - 8
core   0: 3 0x80009528 (0xbfe5)
core   0: 0x80009520 (0x00002f17) auipc   t5, 0x2
core   0: 3 0x80009520 (0x00002f17) x30 0x8000b520
core   0: 0x80009524 (0xae3f2023) sw      gp, -1312(t5)
core   0: 3 0x80009524 (0xae3f2023) mem 0x8000b000 0x00000001
core   0: 0x80009528 (0x0000bfe5) c.j     pc - 8
core   0: 3 0x80009528 (0xbfe5)
core   0: 0x80009520 (0x00002f17) auipc   t5, 0x2
core   0: 3 0x80009520 (0x00002f17) x30 0x8000b520
core   0: 0x80009524 (0xae3f2023) sw      gp, -1312(t5)
core   0: 3 0x80009524 (0xae3f2023) mem 0x8000b000 0x00000001
core   0: 0x80009528 (0x0000bfe5) c.j     pc - 8
core   0: 3 0x80009528 (0xbfe5)
core   0: 0x80009520 (0x00002f17) auipc   t5, 0x2
core   0: 3 0x80009520 (0x00002f17) x30 0x8000b520
core   0: 0x80009524 (0xae3f2023) sw      gp, -1312(t5)
core   0: 3 0x80009524 (0xae3f2023) mem 0x8000b000 0x00000001
core   0: 0x80009528 (0x0000bfe5) c.j     pc - 8
core   0: 3 0x80009528 (0xbfe5)
core   0: 0x80009520 (0x00002f17) auipc   t5, 0x2
core   0: 3 0x80009520 (0x00002f17) x30 0x8000b520
core   0: 0x80009524 (0xae3f2023) sw      gp, -1312(t5)
core   0: 3 0x80009524 (0xae3f2023) mem 0x8000b000 0x00000001
core   0: 0x80009528 (0x0000bfe5) c.j     pc - 8
core   0: 3 0x80009528 (0xbfe5)
core   0: 0x80009520 (0x00002f17) auipc   t5, 0x2
core   0: 3 0x80009520 (0x00002f17) x30 0x8000b520
core   0: 0x80009524 (0xae3f2023) sw      gp, -1312(t5)
core   0: 3 0x80009524 (0xae3f2023) mem 0x8000b000 0x00000001
core   0: 0x80009528 (0x0000bfe5) c.j     pc - 8
core   0: 3 0x80009528 (0xbfe5)
core   0: 0x80009520 (0x00002f17) auipc   t5, 0x2
core   0: 3 0x80009520 (0x00002f17) x30 0x8000b520
core   0: 0x80009524 (0xae3f2023) sw      gp, -1312(t5)
core   0: 3 0x80009524 (0xae3f2023) mem 0x8000b000 0x00000001
core   0: 0x80009528 (0x0000bfe5) c.j     pc - 8
core   0: 3 0x80009528 (0xbfe5)
core   0: 0x80009520 (0x00002f17) auipc   t5, 0x2
core   0: 3 0x80009520 (0x00002f17) x30 0x8000b520
core   0: 0x80009524 (0xae3f2023) sw      gp, -1312(t5)
core   0: 3 0x80009524 (0xae3f2023) mem 0x8000b000 0x00000001
core   0: 0x80009528 (0x0000bfe5) c.j     pc - 8
core   0: 3 0x80009528 (0xbfe5)
core   0: 0x80009520 (0x00002f17) auipc   t5, 0x2
core   0: 3 0x80009520 (0x00002f17) x30 0x8000b520
core   0: 0x80009524 (0xae3f2023) sw      gp, -1312(t5)
core   0: 3 0x80009524 (0xae3f2023) mem 0x8000b000 0x00000001
core   0: 0x80009528 (0x0000bfe5) c.j     pc - 8
core   0: 3 0x80009528 (0xbfe5)
core   0: 0x80009520 (0x00002f17) auipc   t5, 0x2
core   0: 3 0x80009520 (0x00002f17) x30 0x8000b520
core   0: 0x80009524 (0xae3f2023) sw      gp, -1312(t5)
core   0: 3 0x80009524 (0xae3f2023) mem 0x8000b000 0x00000001
core   0: 0x80009528 (0x0000bfe5) c.j     pc - 8
core   0: 3 0x80009528 (0xbfe5)
core   0: 0x80009520 (0x00002f17) auipc   t5, 0x2
core   0: 3 0x80009520 (0x00002f17) x30 0x8000b520
core   0: 0x80009524 (0xae3f2023) sw      gp, -1312(t5)
core   0: 3 0x80009524 (0xae3f2023) mem 0x8000b000 0x00000001
core   0: 0x80009528 (0x0000bfe5) c.j     pc - 8
core   0: 3 0x80009528 (0xbfe5)
core   0: 0x80009520 (0x00002f17) auipc   t5, 0x2
core   0: 3 0x80009520 (0x00002f17) x30 0x8000b520
core   0: 0x80009524 (0xae3f2023) sw      gp, -1312(t5)
core   0: 3 0x80009524 (0xae3f2023) mem 0x8000b000 0x00000001
core   0: 0x80009528 (0x0000bfe5) c.j     pc - 8
core   0: 3 0x80009528 (0xbfe5)
core   0: 0x80009520 (0x00002f17) auipc   t5, 0x2
core   0: 3 0x80009520 (0x00002f17) x30 0x8000b520
core   0: 0x80009524 (0xae3f2023) sw      gp, -1312(t5)
core   0: 3 0x80009524 (0xae3f2023) mem 0x8000b000 0x00000001
core   0: 0x80009528 (0x0000bfe5) c.j     pc - 8
core   0: 3 0x80009528 (0xbfe5)
core   0: 0x80009520 (0x00002f17) auipc   t5, 0x2
core   0: 3 0x80009520 (0x00002f17) x30 0x8000b520
core   0: 0x80009524 (0xae3f2023) sw      gp, -1312(t5)
core   0: 3 0x80009524 (0xae3f2023) mem 0x8000b000 0x00000001
core   0: 0x80009528 (0x0000bfe5) c.j     pc - 8
core   0: 3 0x80009528 (0xbfe5)
core   0: 0x80009520 (0x00002f17) auipc   t5, 0x2
core   0: 3 0x80009520 (0x00002f17) x30 0x8000b520
core   0: 0x80009524 (0xae3f2023) sw      gp, -1312(t5)
core   0: 3 0x80009524 (0xae3f2023) mem 0x8000b000 0x00000001
core   0: 0x80009528 (0x0000bfe5) c.j     pc - 8
core   0: 3 0x80009528 (0xbfe5)
core   0: 0x80009520 (0x00002f17) auipc   t5, 0x2
core   0: 3 0x80009520 (0x00002f17) x30 0x8000b520
core   0: 0x80009524 (0xae3f2023) sw      gp, -1312(t5)
core   0: 3 0x80009524 (0xae3f2023) mem 0x8000b000 0x00000001
core   0: 0x80009528 (0x0000bfe5) c.j     pc - 8
core   0: 3 0x80009528 (0xbfe5)
core   0: 0x80009520 (0x00002f17) auipc   t5, 0x2
core   0: 3 0x80009520 (0x00002f17) x30 0x8000b520
core   0: 0x80009524 (0xae3f2023) sw      gp, -1312(t5)
core   0: 3 0x80009524 (0xae3f2023) mem 0x8000b000 0x00000001
core   0: 0x80009528 (0x0000bfe5) c.j     pc - 8
core   0: 3 0x80009528 (0xbfe5)
core   0: 0x80009520 (0x00002f17) auipc   t5, 0x2
core   0: 3 0x80009520 (0x00002f17) x30 0x8000b520
core   0: 0x80009524 (0xae3f2023) sw      gp, -1312(t5)
core   0: 3 0x80009524 (0xae3f2023) mem 0x8000b000 0x00000001
core   0: 0x80009528 (0x0000bfe5) c.j     pc - 8
core   0: 3 0x80009528 (0xbfe5)
core   0: 0x80009520 (0x00002f17) auipc   t5, 0x2
core   0: 3 0x80009520 (0x00002f17) x30 0x8000b520
core   0: 0x80009524 (0xae3f2023) sw      gp, -1312(t5)
core   0: 3 0x80009524 (0xae3f2023) mem 0x8000b000 0x00000001
core   0: 0x80009528 (0x0000bfe5) c.j     pc - 8
core   0: 3 0x80009528 (0xbfe5)
core   0: 0x80009520 (0x00002f17) auipc   t5, 0x2
core   0: 3 0x80009520 (0x00002f17) x30 0x8000b520
core   0: 0x80009524 (0xae3f2023) sw      gp, -1312(t5)
core   0: 3 0x80009524 (0xae3f2023) mem 0x8000b000 0x00000001
core   0: 0x80009528 (0x0000bfe5) c.j     pc - 8
core   0: 3 0x80009528 (0xbfe5)
core   0: 0x80009520 (0x00002f17) auipc   t5, 0x2
core   0: 3 0x80009520 (0x00002f17) x30 0x8000b520
core   0: 0x80009524 (0xae3f2023) sw      gp, -1312(t5)
core   0: 3 0x80009524 (0xae3f2023) mem 0x8000b000 0x00000001
core   0: 0x80009528 (0x0000bfe5) c.j     pc - 8
core   0: 3 0x80009528 (0xbfe5)
core   0: 0x80009520 (0x00002f17) auipc   t5, 0x2
core   0: 3 0x80009520 (0x00002f17) x30 0x8000b520
core   0: 0x80009524 (0xae3f2023) sw      gp, -1312(t5)
core   0: 3 0x80009524 (0xae3f2023) mem 0x8000b000 0x00000001
core   0: 0x80009528 (0x0000bfe5) c.j     pc - 8
core   0: 3 0x80009528 (0xbfe5)
core   0: 0x80009520 (0x00002f17) auipc   t5, 0x2
core   0: 3 0x80009520 (0x00002f17) x30 0x8000b520
core   0: 0x80009524 (0xae3f2023) sw      gp, -1312(t5)
core   0: 3 0x80009524 (0xae3f2023) mem 0x8000b000 0x00000001
core   0: 0x80009528 (0x0000bfe5) c.j     pc - 8
core   0: 3 0x80009528 (0xbfe5)
core   0: 0x80009520 (0x00002f17) auipc   t5, 0x2
core   0: 3 0x80009520 (0x00002f17) x30 0x8000b520
core   0: 0x80009524 (0xae3f2023) sw      gp, -1312(t5)
core   0: 3 0x80009524 (0xae3f2023) mem 0x8000b000 0x00000001
core   0: 0x80009528 (0x0000bfe5) c.j     pc - 8
core   0: 3 0x80009528 (0xbfe5)
core   0: 0x80009520 (0x00002f17) auipc   t5, 0x2
core   0: 3 0x80009520 (0x00002f17) x30 0x8000b520
core   0: 0x80009524 (0xae3f2023) sw      gp, -1312(t5)
core   0: 3 0x80009524 (0xae3f2023) mem 0x8000b000 0x00000001
core   0: 0x80009528 (0x0000bfe5) c.j     pc - 8
core   0: 3 0x80009528 (0xbfe5)
core   0: 0x80009520 (0x00002f17) auipc   t5, 0x2
core   0: 3 0x80009520 (0x00002f17) x30 0x8000b520
core   0: 0x80009524 (0xae3f2023) sw      gp, -1312(t5)
core   0: 3 0x80009524 (0xae3f2023) mem 0x8000b000 0x00000001
core   0: 0x80009528 (0x0000bfe5) c.j     pc - 8
core   0: 3 0x80009528 (0xbfe5)
core   0: 0x80009520 (0x00002f17) auipc   t5, 0x2
core   0: 3 0x80009520 (0x00002f17) x30 0x8000b520
core   0: 0x80009524 (0xae3f2023) sw      gp, -1312(t5)
core   0: 3 0x80009524 (0xae3f2023) mem 0x8000b000 0x00000001
core   0: 0x80009528 (0x0000bfe5) c.j     pc - 8
core   0: 3 0x80009528 (0xbfe5)
core   0: 0x80009520 (0x00002f17) auipc   t5, 0x2
core   0: 3 0x80009520 (0x00002f17) x30 0x8000b520
core   0: 0x80009524 (0xae3f2023) sw      gp, -1312(t5)
core   0: 3 0x80009524 (0xae3f2023) mem 0x8000b000 0x00000001
core   0: 0x80009528 (0x0000bfe5) c.j     pc - 8
core   0: 3 0x80009528 (0xbfe5)
core   0: 0x80009520 (0x00002f17) auipc   t5, 0x2
core   0: 3 0x80009520 (0x00002f17) x30 0x8000b520
core   0: 0x80009524 (0xae3f2023) sw      gp, -1312(t5)
core   0: 3 0x80009524 (0xae3f2023) mem 0x8000b000 0x00000001
core   0: 0x80009528 (0x0000bfe5) c.j     pc - 8
core   0: 3 0x80009528 (0xbfe5)
core   0: 0x80009520 (0x00002f17) auipc   t5, 0x2
core   0: 3 0x80009520 (0x00002f17) x30 0x8000b520
core   0: 0x80009524 (0xae3f2023) sw      gp, -1312(t5)
core   0: 3 0x80009524 (0xae3f2023) mem 0x8000b000 0x00000001
core   0: 0x80009528 (0x0000bfe5) c.j     pc - 8
core   0: 3 0x80009528 (0xbfe5)
core   0: 0x80009520 (0x00002f17) auipc   t5, 0x2
core   0: 3 0x80009520 (0x00002f17) x30 0x8000b520
core   0: 0x80009524 (0xae3f2023) sw      gp, -1312(t5)
core   0: 3 0x80009524 (0xae3f2023) mem 0x8000b000 0x00000001
core   0: 0x80009528 (0x0000bfe5) c.j     pc - 8
core   0: 3 0x80009528 (0xbfe5)
core   0: 0x80009520 (0x00002f17) auipc   t5, 0x2
core   0: 3 0x80009520 (0x00002f17) x30 0x8000b520
core   0: 0x80009524 (0xae3f2023) sw      gp, -1312(t5)
core   0: 3 0x80009524 (0xae3f2023) mem 0x8000b000 0x00000001
core   0: 0x80009528 (0x0000bfe5) c.j     pc - 8
core   0: 3 0x80009528 (0xbfe5)
core   0: 0x80009520 (0x00002f17) auipc   t5, 0x2
core   0: 3 0x80009520 (0x00002f17) x30 0x8000b520
core   0: 0x80009524 (0xae3f2023) sw      gp, -1312(t5)
core   0: 3 0x80009524 (0xae3f2023) mem 0x8000b000 0x00000001
core   0: 0x80009528 (0x0000bfe5) c.j     pc - 8
core   0: 3 0x80009528 (0xbfe5)
core   0: 0x80009520 (0x00002f17) auipc   t5, 0x2
core   0: 3 0x80009520 (0x00002f17) x30 0x8000b520
core   0: 0x80009524 (0xae3f2023) sw      gp, -1312(t5)
core   0: 3 0x80009524 (0xae3f2023) mem 0x8000b000 0x00000001
core   0: 0x80009528 (0x0000bfe5) c.j     pc - 8
core   0: 3 0x80009528 (0xbfe5)
core   0: 0x80009520 (0x00002f17) auipc   t5, 0x2
core   0: 3 0x80009520 (0x00002f17) x30 0x8000b520
core   0: 0x80009524 (0xae3f2023) sw      gp, -1312(t5)
core   0: 3 0x80009524 (0xae3f2023) mem 0x8000b000 0x00000001
core   0: 0x80009528 (0x0000bfe5) c.j     pc - 8
core   0: 3 0x80009528 (0xbfe5)
core   0: 0x80009520 (0x00002f17) auipc   t5, 0x2
core   0: 3 0x80009520 (0x00002f17) x30 0x8000b520
core   0: 0x80009524 (0xae3f2023) sw      gp, -1312(t5)
core   0: 3 0x80009524 (0xae3f2023) mem 0x8000b000 0x00000001
core   0: 0x80009528 (0x0000bfe5) c.j     pc - 8
core   0: 3 0x80009528 (0xbfe5)
core   0: 0x80009520 (0x00002f17) auipc   t5, 0x2
core   0: 3 0x80009520 (0x00002f17) x30 0x8000b520
core   0: 0x80009524 (0xae3f2023) sw      gp, -1312(t5)
core   0: 3 0x80009524 (0xae3f2023) mem 0x8000b000 0x00000001
core   0: 0x80009528 (0x0000bfe5) c.j     pc - 8
core   0: 3 0x80009528 (0xbfe5)
core   0: 0x80009520 (0x00002f17) auipc   t5, 0x2
core   0: 3 0x80009520 (0x00002f17) x30 0x8000b520
core   0: 0x80009524 (0xae3f2023) sw      gp, -1312(t5)
core   0: 3 0x80009524 (0xae3f2023) mem 0x8000b000 0x00000001
core   0: 0x80009528 (0x0000bfe5) c.j     pc - 8
core   0: 3 0x80009528 (0xbfe5)
core   0: 0x80009520 (0x00002f17) auipc   t5, 0x2
core   0: 3 0x80009520 (0x00002f17) x30 0x8000b520
core   0: 0x80009524 (0xae3f2023) sw      gp, -1312(t5)
core   0: 3 0x80009524 (0xae3f2023) mem 0x8000b000 0x00000001
core   0: 0x80009528 (0x0000bfe5) c.j     pc - 8
core   0: 3 0x80009528 (0xbfe5)
core   0: 0x80009520 (0x00002f17) auipc   t5, 0x2
core   0: 3 0x80009520 (0x00002f17) x30 0x8000b520
core   0: 0x80009524 (0xae3f2023) sw      gp, -1312(t5)
core   0: 3 0x80009524 (0xae3f2023) mem 0x8000b000 0x00000001
core   0: 0x80009528 (0x0000bfe5) c.j     pc - 8
core   0: 3 0x80009528 (0xbfe5)
core   0: 0x80009520 (0x00002f17) auipc   t5, 0x2
core   0: 3 0x80009520 (0x00002f17) x30 0x8000b520
core   0: 0x80009524 (0xae3f2023) sw      gp, -1312(t5)
core   0: 3 0x80009524 (0xae3f2023) mem 0x8000b000 0x00000001
core   0: 0x80009528 (0x0000bfe5) c.j     pc - 8
core   0: 3 0x80009528 (0xbfe5)
core   0: 0x80009520 (0x00002f17) auipc   t5, 0x2
core   0: 3 0x80009520 (0x00002f17) x30 0x8000b520
core   0: 0x80009524 (0xae3f2023) sw      gp, -1312(t5)
core   0: 3 0x80009524 (0xae3f2023) mem 0x8000b000 0x00000001
core   0: 0x80009528 (0x0000bfe5) c.j     pc - 8
core   0: 3 0x80009528 (0xbfe5)
core   0: 0x80009520 (0x00002f17) auipc   t5, 0x2
core   0: 3 0x80009520 (0x00002f17) x30 0x8000b520
core   0: 0x80009524 (0xae3f2023) sw      gp, -1312(t5)
core   0: 3 0x80009524 (0xae3f2023) mem 0x8000b000 0x00000001
core   0: 0x80009528 (0x0000bfe5) c.j     pc - 8
core   0: 3 0x80009528 (0xbfe5)
core   0: 0x80009520 (0x00002f17) auipc   t5, 0x2
core   0: 3 0x80009520 (0x00002f17) x30 0x8000b520
core   0: 0x80009524 (0xae3f2023) sw      gp, -1312(t5)
core   0: 3 0x80009524 (0xae3f2023) mem 0x8000b000 0x00000001
core   0: 0x80009528 (0x0000bfe5) c.j     pc - 8
core   0: 3 0x80009528 (0xbfe5)
core   0: 0x80009520 (0x00002f17) auipc   t5, 0x2
core   0: 3 0x80009520 (0x00002f17) x30 0x8000b520
core   0: 0x80009524 (0xae3f2023) sw      gp, -1312(t5)
core   0: 3 0x80009524 (0xae3f2023) mem 0x8000b000 0x00000001
core   0: 0x80009528 (0x0000bfe5) c.j     pc - 8
core   0: 3 0x80009528 (0xbfe5)
core   0: 0x80009520 (0x00002f17) auipc   t5, 0x2
core   0: 3 0x80009520 (0x00002f17) x30 0x8000b520
core   0: 0x80009524 (0xae3f2023) sw      gp, -1312(t5)
core   0: 3 0x80009524 (0xae3f2023) mem 0x8000b000 0x00000001
core   0: 0x80009528 (0x0000bfe5) c.j     pc - 8
core   0: 3 0x80009528 (0xbfe5)
core   0: 0x80009520 (0x00002f17) auipc   t5, 0x2
core   0: 3 0x80009520 (0x00002f17) x30 0x8000b520
core   0: 0x80009524 (0xae3f2023) sw      gp, -1312(t5)
core   0: 3 0x80009524 (0xae3f2023) mem 0x8000b000 0x00000001
core   0: 0x80009528 (0x0000bfe5) c.j     pc - 8
core   0: 3 0x80009528 (0xbfe5)
core   0: 0x80009520 (0x00002f17) auipc   t5, 0x2
core   0: 3 0x80009520 (0x00002f17) x30 0x8000b520
core   0: 0x80009524 (0xae3f2023) sw      gp, -1312(t5)
core   0: 3 0x80009524 (0xae3f2023) mem 0x8000b000 0x00000001
core   0: 0x80009528 (0x0000bfe5) c.j     pc - 8
core   0: 3 0x80009528 (0xbfe5)
core   0: 0x80009520 (0x00002f17) auipc   t5, 0x2
core   0: 3 0x80009520 (0x00002f17) x30 0x8000b520
core   0: 0x80009524 (0xae3f2023) sw      gp, -1312(t5)
core   0: 3 0x80009524 (0xae3f2023) mem 0x8000b000 0x00000001
core   0: 0x80009528 (0x0000bfe5) c.j     pc - 8
core   0: 3 0x80009528 (0xbfe5)
core   0: 0x80009520 (0x00002f17) auipc   t5, 0x2
core   0: 3 0x80009520 (0x00002f17) x30 0x8000b520
core   0: 0x80009524 (0xae3f2023) sw      gp, -1312(t5)
core   0: 3 0x80009524 (0xae3f2023) mem 0x8000b000 0x00000001
core   0: 0x80009528 (0x0000bfe5) c.j     pc - 8
core   0: 3 0x80009528 (0xbfe5)
core   0: 0x80009520 (0x00002f17) auipc   t5, 0x2
core   0: 3 0x80009520 (0x00002f17) x30 0x8000b520
core   0: 0x80009524 (0xae3f2023) sw      gp, -1312(t5)
core   0: 3 0x80009524 (0xae3f2023) mem 0x8000b000 0x00000001
core   0: 0x80009528 (0x0000bfe5) c.j     pc - 8
core   0: 3 0x80009528 (0xbfe5)
core   0: 0x80009520 (0x00002f17) auipc   t5, 0x2
core   0: 3 0x80009520 (0x00002f17) x30 0x8000b520
core   0: 0x80009524 (0xae3f2023) sw      gp, -1312(t5)
core   0: 3 0x80009524 (0xae3f2023) mem 0x8000b000 0x00000001
core   0: 0x80009528 (0x0000bfe5) c.j     pc - 8
core   0: 3 0x80009528 (0xbfe5)
core   0: 0x80009520 (0x00002f17) auipc   t5, 0x2
core   0: 3 0x80009520 (0x00002f17) x30 0x8000b520
core   0: 0x80009524 (0xae3f2023) sw      gp, -1312(t5)
core   0: 3 0x80009524 (0xae3f2023) mem 0x8000b000 0x00000001
core   0: 0x80009528 (0x0000bfe5) c.j     pc - 8
core   0: 3 0x80009528 (0xbfe5)
core   0: 0x80009520 (0x00002f17) auipc   t5, 0x2
core   0: 3 0x80009520 (0x00002f17) x30 0x8000b520
core   0: 0x80009524 (0xae3f2023) sw      gp, -1312(t5)
core   0: 3 0x80009524 (0xae3f2023) mem 0x8000b000 0x00000001
core   0: 0x80009528 (0x0000bfe5) c.j     pc - 8
core   0: 3 0x80009528 (0xbfe5)
core   0: 0x80009520 (0x00002f17) auipc   t5, 0x2
core   0: 3 0x80009520 (0x00002f17) x30 0x8000b520
core   0: 0x80009524 (0xae3f2023) sw      gp, -1312(t5)
core   0: 3 0x80009524 (0xae3f2023) mem 0x8000b000 0x00000001
core   0: 0x80009528 (0x0000bfe5) c.j     pc - 8
core   0: 3 0x80009528 (0xbfe5)
core   0: 0x80009520 (0x00002f17) auipc   t5, 0x2
core   0: 3 0x80009520 (0x00002f17) x30 0x8000b520
core   0: 0x80009524 (0xae3f2023) sw      gp, -1312(t5)
core   0: 3 0x80009524 (0xae3f2023) mem 0x8000b000 0x00000001
core   0: 0x80009528 (0x0000bfe5) c.j     pc - 8
core   0: 3 0x80009528 (0xbfe5)
core   0: 0x80009520 (0x00002f17) auipc   t5, 0x2
core   0: 3 0x80009520 (0x00002f17) x30 0x8000b520
core   0: 0x80009524 (0xae3f2023) sw      gp, -1312(t5)
core   0: 3 0x80009524 (0xae3f2023) mem 0x8000b000 0x00000001
core   0: 0x80009528 (0x0000bfe5) c.j     pc - 8
core   0: 3 0x80009528 (0xbfe5)
core   0: 0x80009520 (0x00002f17) auipc   t5, 0x2
core   0: 3 0x80009520 (0x00002f17) x30 0x8000b520
core   0: 0x80009524 (0xae3f2023) sw      gp, -1312(t5)
core   0: 3 0x80009524 (0xae3f2023) mem 0x8000b000 0x00000001
core   0: 0x80009528 (0x0000bfe5) c.j     pc - 8
core   0: 3 0x80009528 (0xbfe5)
core   0: 0x80009520 (0x00002f17) auipc   t5, 0x2
core   0: 3 0x80009520 (0x00002f17) x30 0x8000b520
core   0: 0x80009524 (0xae3f2023) sw      gp, -1312(t5)
core   0: 3 0x80009524 (0xae3f2023) mem 0x8000b000 0x00000001
core   0: 0x80009528 (0x0000bfe5) c.j     pc - 8
core   0: 3 0x80009528 (0xbfe5)
core   0: 0x80009520 (0x00002f17) auipc   t5, 0x2
core   0: 3 0x80009520 (0x00002f17) x30 0x8000b520
core   0: 0x80009524 (0xae3f2023) sw      gp, -1312(t5)
core   0: 3 0x80009524 (0xae3f2023) mem 0x8000b000 0x00000001
core   0: 0x80009528 (0x0000bfe5) c.j     pc - 8
core   0: 3 0x80009528 (0xbfe5)
core   0: 0x80009520 (0x00002f17) auipc   t5, 0x2
core   0: 3 0x80009520 (0x00002f17) x30 0x8000b520
core   0: 0x80009524 (0xae3f2023) sw      gp, -1312(t5)
core   0: 3 0x80009524 (0xae3f2023) mem 0x8000b000 0x00000001
core   0: 0x80009528 (0x0000bfe5) c.j     pc - 8
core   0: 3 0x80009528 (0xbfe5)
core   0: 0x80009520 (0x00002f17) auipc   t5, 0x2
core   0: 3 0x80009520 (0x00002f17) x30 0x8000b520
core   0: 0x80009524 (0xae3f2023) sw      gp, -1312(t5)
core   0: 3 0x80009524 (0xae3f2023) mem 0x8000b000 0x00000001
core   0: 0x80009528 (0x0000bfe5) c.j     pc - 8
core   0: 3 0x80009528 (0xbfe5)
core   0: 0x80009520 (0x00002f17) auipc   t5, 0x2
core   0: 3 0x80009520 (0x00002f17) x30 0x8000b520
core   0: 0x80009524 (0xae3f2023) sw      gp, -1312(t5)
core   0: 3 0x80009524 (0xae3f2023) mem 0x8000b000 0x00000001
core   0: 0x80009528 (0x0000bfe5) c.j     pc - 8
core   0: 3 0x80009528 (0xbfe5)
core   0: 0x80009520 (0x00002f17) auipc   t5, 0x2
core   0: 3 0x80009520 (0x00002f17) x30 0x8000b520
core   0: 0x80009524 (0xae3f2023) sw      gp, -1312(t5)
core   0: 3 0x80009524 (0xae3f2023) mem 0x8000b000 0x00000001
core   0: 0x80009528 (0x0000bfe5) c.j     pc - 8
core   0: 3 0x80009528 (0xbfe5)
core   0: 0x80009520 (0x00002f17) auipc   t5, 0x2
core   0: 3 0x80009520 (0x00002f17) x30 0x8000b520
core   0: 0x80009524 (0xae3f2023) sw      gp, -1312(t5)
core   0: 3 0x80009524 (0xae3f2023) mem 0x8000b000 0x00000001
core   0: 0x80009528 (0x0000bfe5) c.j     pc - 8
core   0: 3 0x80009528 (0xbfe5)
core   0: 0x80009520 (0x00002f17) auipc   t5, 0x2
core   0: 3 0x80009520 (0x00002f17) x30 0x8000b520
core   0: 0x80009524 (0xae3f2023) sw      gp, -1312(t5)
core   0: 3 0x80009524 (0xae3f2023) mem 0x8000b000 0x00000001
core   0: 0x80009528 (0x0000bfe5) c.j     pc - 8
core   0: 3 0x80009528 (0xbfe5)
core   0: 0x80009520 (0x00002f17) auipc   t5, 0x2
core   0: 3 0x80009520 (0x00002f17) x30 0x8000b520
core   0: 0x80009524 (0xae3f2023) sw      gp, -1312(t5)
core   0: 3 0x80009524 (0xae3f2023) mem 0x8000b000 0x00000001
core   0: 0x80009528 (0x0000bfe5) c.j     pc - 8
core   0: 3 0x80009528 (0xbfe5)
core   0: 0x80009520 (0x00002f17) auipc   t5, 0x2
core   0: 3 0x80009520 (0x00002f17) x30 0x8000b520
core   0: 0x80009524 (0xae3f2023) sw      gp, -1312(t5)
core   0: 3 0x80009524 (0xae3f2023) mem 0x8000b000 0x00000001
core   0: 0x80009528 (0x0000bfe5) c.j     pc - 8
core   0: 3 0x80009528 (0xbfe5)
core   0: 0x80009520 (0x00002f17) auipc   t5, 0x2
core   0: 3 0x80009520 (0x00002f17) x30 0x8000b520
core   0: 0x80009524 (0xae3f2023) sw      gp, -1312(t5)
core   0: 3 0x80009524 (0xae3f2023) mem 0x8000b000 0x00000001
core   0: 0x80009528 (0x0000bfe5) c.j     pc - 8
core   0: 3 0x80009528 (0xbfe5)
core   0: 0x80009520 (0x00002f17) auipc   t5, 0x2
core   0: 3 0x80009520 (0x00002f17) x30 0x8000b520
core   0: 0x80009524 (0xae3f2023) sw      gp, -1312(t5)
core   0: 3 0x80009524 (0xae3f2023) mem 0x8000b000 0x00000001
core   0: 0x80009528 (0x0000bfe5) c.j     pc - 8
core   0: 3 0x80009528 (0xbfe5)
core   0: 0x80009520 (0x00002f17) auipc   t5, 0x2
core   0: 3 0x80009520 (0x00002f17) x30 0x8000b520
core   0: 0x80009524 (0xae3f2023) sw      gp, -1312(t5)
core   0: 3 0x80009524 (0xae3f2023) mem 0x8000b000 0x00000001
core   0: 0x80009528 (0x0000bfe5) c.j     pc - 8
core   0: 3 0x80009528 (0xbfe5)
core   0: 0x80009520 (0x00002f17) auipc   t5, 0x2
core   0: 3 0x80009520 (0x00002f17) x30 0x8000b520
core   0: 0x80009524 (0xae3f2023) sw      gp, -1312(t5)
core   0: 3 0x80009524 (0xae3f2023) mem 0x8000b000 0x00000001
core   0: 0x80009528 (0x0000bfe5) c.j     pc - 8
core   0: 3 0x80009528 (0xbfe5)
core   0: 0x80009520 (0x00002f17) auipc   t5, 0x2
core   0: 3 0x80009520 (0x00002f17) x30 0x8000b520
core   0: 0x80009524 (0xae3f2023) sw      gp, -1312(t5)
core   0: 3 0x80009524 (0xae3f2023) mem 0x8000b000 0x00000001
core   0: 0x80009528 (0x0000bfe5) c.j     pc - 8
core   0: 3 0x80009528 (0xbfe5)
core   0: 0x80009520 (0x00002f17) auipc   t5, 0x2
core   0: 3 0x80009520 (0x00002f17) x30 0x8000b520
core   0: 0x80009524 (0xae3f2023) sw      gp, -1312(t5)
core   0: 3 0x80009524 (0xae3f2023) mem 0x8000b000 0x00000001
core   0: 0x80009528 (0x0000bfe5) c.j     pc - 8
core   0: 3 0x80009528 (0xbfe5)
core   0: 0x80009520 (0x00002f17) auipc   t5, 0x2
core   0: 3 0x80009520 (0x00002f17) x30 0x8000b520
core   0: 0x80009524 (0xae3f2023) sw      gp, -1312(t5)
core   0: 3 0x80009524 (0xae3f2023) mem 0x8000b000 0x00000001
core   0: 0x80009528 (0x0000bfe5) c.j     pc - 8
core   0: 3 0x80009528 (0xbfe5)
core   0: 0x80009520 (0x00002f17) auipc   t5, 0x2
core   0: 3 0x80009520 (0x00002f17) x30 0x8000b520
core   0: 0x80009524 (0xae3f2023) sw      gp, -1312(t5)
core   0: 3 0x80009524 (0xae3f2023) mem 0x8000b000 0x00000001
core   0: 0x80009528 (0x0000bfe5) c.j     pc - 8
core   0: 3 0x80009528 (0xbfe5)
core   0: 0x80009520 (0x00002f17) auipc   t5, 0x2
core   0: 3 0x80009520 (0x00002f17) x30 0x8000b520
core   0: 0x80009524 (0xae3f2023) sw      gp, -1312(t5)
core   0: 3 0x80009524 (0xae3f2023) mem 0x8000b000 0x00000001
core   0: 0x80009528 (0x0000bfe5) c.j     pc - 8
core   0: 3 0x80009528 (0xbfe5)
core   0: 0x80009520 (0x00002f17) auipc   t5, 0x2
core   0: 3 0x80009520 (0x00002f17) x30 0x8000b520
core   0: 0x80009524 (0xae3f2023) sw      gp, -1312(t5)
core   0: 3 0x80009524 (0xae3f2023) mem 0x8000b000 0x00000001
core   0: 0x80009528 (0x0000bfe5) c.j     pc - 8
core   0: 3 0x80009528 (0xbfe5)
core   0: 0x80009520 (0x00002f17) auipc   t5, 0x2
core   0: 3 0x80009520 (0x00002f17) x30 0x8000b520
core   0: 0x80009524 (0xae3f2023) sw      gp, -1312(t5)
core   0: 3 0x80009524 (0xae3f2023) mem 0x8000b000 0x00000001
core   0: 0x80009528 (0x0000bfe5) c.j     pc - 8
core   0: 3 0x80009528 (0xbfe5)
core   0: 0x80009520 (0x00002f17) auipc   t5, 0x2
core   0: 3 0x80009520 (0x00002f17) x30 0x8000b520
core   0: 0x80009524 (0xae3f2023) sw      gp, -1312(t5)
core   0: 3 0x80009524 (0xae3f2023) mem 0x8000b000 0x00000001
core   0: 0x80009528 (0x0000bfe5) c.j     pc - 8
core   0: 3 0x80009528 (0xbfe5)
core   0: 0x80009520 (0x00002f17) auipc   t5, 0x2
core   0: 3 0x80009520 (0x00002f17) x30 0x8000b520
core   0: 0x80009524 (0xae3f2023) sw      gp, -1312(t5)
core   0: 3 0x80009524 (0xae3f2023) mem 0x8000b000 0x00000001
core   0: 0x80009528 (0x0000bfe5) c.j     pc - 8
core   0: 3 0x80009528 (0xbfe5)
core   0: 0x80009520 (0x00002f17) auipc   t5, 0x2
core   0: 3 0x80009520 (0x00002f17) x30 0x8000b520
core   0: 0x80009524 (0xae3f2023) sw      gp, -1312(t5)
core   0: 3 0x80009524 (0xae3f2023) mem 0x8000b000 0x00000001
core   0: 0x80009528 (0x0000bfe5) c.j     pc - 8
core   0: 3 0x80009528 (0xbfe5)
core   0: 0x80009520 (0x00002f17) auipc   t5, 0x2
core   0: 3 0x80009520 (0x00002f17) x30 0x8000b520
core   0: 0x80009524 (0xae3f2023) sw      gp, -1312(t5)
core   0: 3 0x80009524 (0xae3f2023) mem 0x8000b000 0x00000001
core   0: 0x80009528 (0x0000bfe5) c.j     pc - 8
core   0: 3 0x80009528 (0xbfe5)
core   0: 0x80009520 (0x00002f17) auipc   t5, 0x2
core   0: 3 0x80009520 (0x00002f17) x30 0x8000b520
core   0: 0x80009524 (0xae3f2023) sw      gp, -1312(t5)
core   0: 3 0x80009524 (0xae3f2023) mem 0x8000b000 0x00000001
core   0: 0x80009528 (0x0000bfe5) c.j     pc - 8
core   0: 3 0x80009528 (0xbfe5)
core   0: 0x80009520 (0x00002f17) auipc   t5, 0x2
core   0: 3 0x80009520 (0x00002f17) x30 0x8000b520
core   0: 0x80009524 (0xae3f2023) sw      gp, -1312(t5)
core   0: 3 0x80009524 (0xae3f2023) mem 0x8000b000 0x00000001
core   0: 0x80009528 (0x0000bfe5) c.j     pc - 8
core   0: 3 0x80009528 (0xbfe5)
core   0: 0x80009520 (0x00002f17) auipc   t5, 0x2
core   0: 3 0x80009520 (0x00002f17) x30 0x8000b520
core   0: 0x80009524 (0xae3f2023) sw      gp, -1312(t5)
core   0: 3 0x80009524 (0xae3f2023) mem 0x8000b000 0x00000001
core   0: 0x80009528 (0x0000bfe5) c.j     pc - 8
core   0: 3 0x80009528 (0xbfe5)
core   0: 0x80009520 (0x00002f17) auipc   t5, 0x2
core   0: 3 0x80009520 (0x00002f17) x30 0x8000b520
core   0: 0x80009524 (0xae3f2023) sw      gp, -1312(t5)
core   0: 3 0x80009524 (0xae3f2023) mem 0x8000b000 0x00000001
core   0: 0x80009528 (0x0000bfe5) c.j     pc - 8
core   0: 3 0x80009528 (0xbfe5)
core   0: 0x80009520 (0x00002f17) auipc   t5, 0x2
core   0: 3 0x80009520 (0x00002f17) x30 0x8000b520
core   0: 0x80009524 (0xae3f2023) sw      gp, -1312(t5)
core   0: 3 0x80009524 (0xae3f2023) mem 0x8000b000 0x00000001
core   0: 0x80009528 (0x0000bfe5) c.j     pc - 8
core   0: 3 0x80009528 (0xbfe5)
core   0: 0x80009520 (0x00002f17) auipc   t5, 0x2
core   0: 3 0x80009520 (0x00002f17) x30 0x8000b520
core   0: 0x80009524 (0xae3f2023) sw      gp, -1312(t5)
core   0: 3 0x80009524 (0xae3f2023) mem 0x8000b000 0x00000001
core   0: 0x80009528 (0x0000bfe5) c.j     pc - 8
core   0: 3 0x80009528 (0xbfe5)
core   0: 0x80009520 (0x00002f17) auipc   t5, 0x2
core   0: 3 0x80009520 (0x00002f17) x30 0x8000b520
core   0: 0x80009524 (0xae3f2023) sw      gp, -1312(t5)
core   0: 3 0x80009524 (0xae3f2023) mem 0x8000b000 0x00000001
core   0: 0x80009528 (0x0000bfe5) c.j     pc - 8
core   0: 3 0x80009528 (0xbfe5)
core   0: 0x80009520 (0x00002f17) auipc   t5, 0x2
core   0: 3 0x80009520 (0x00002f17) x30 0x8000b520
core   0: 0x80009524 (0xae3f2023) sw      gp, -1312(t5)
core   0: 3 0x80009524 (0xae3f2023) mem 0x8000b000 0x00000001
core   0: 0x80009528 (0x0000bfe5) c.j     pc - 8
core   0: 3 0x80009528 (0xbfe5)
core   0: 0x80009520 (0x00002f17) auipc   t5, 0x2
core   0: 3 0x80009520 (0x00002f17) x30 0x8000b520
core   0: 0x80009524 (0xae3f2023) sw      gp, -1312(t5)
core   0: 3 0x80009524 (0xae3f2023) mem 0x8000b000 0x00000001
core   0: 0x80009528 (0x0000bfe5) c.j     pc - 8
core   0: 3 0x80009528 (0xbfe5)
core   0: 0x80009520 (0x00002f17) auipc   t5, 0x2
core   0: 3 0x80009520 (0x00002f17) x30 0x8000b520
core   0: 0x80009524 (0xae3f2023) sw      gp, -1312(t5)
core   0: 3 0x80009524 (0xae3f2023) mem 0x8000b000 0x00000001
core   0: 0x80009528 (0x0000bfe5) c.j     pc - 8
core   0: 3 0x80009528 (0xbfe5)
core   0: 0x80009520 (0x00002f17) auipc   t5, 0x2
core   0: 3 0x80009520 (0x00002f17) x30 0x8000b520
core   0: 0x80009524 (0xae3f2023) sw      gp, -1312(t5)
core   0: 3 0x80009524 (0xae3f2023) mem 0x8000b000 0x00000001
core   0: 0x80009528 (0x0000bfe5) c.j     pc - 8
core   0: 3 0x80009528 (0xbfe5)
core   0: 0x80009520 (0x00002f17) auipc   t5, 0x2
core   0: 3 0x80009520 (0x00002f17) x30 0x8000b520
core   0: 0x80009524 (0xae3f2023) sw      gp, -1312(t5)
core   0: 3 0x80009524 (0xae3f2023) mem 0x8000b000 0x00000001
core   0: 0x80009528 (0x0000bfe5) c.j     pc - 8
core   0: 3 0x80009528 (0xbfe5)
core   0: 0x80009520 (0x00002f17) auipc   t5, 0x2
core   0: 3 0x80009520 (0x00002f17) x30 0x8000b520
core   0: 0x80009524 (0xae3f2023) sw      gp, -1312(t5)
core   0: 3 0x80009524 (0xae3f2023) mem 0x8000b000 0x00000001
core   0: 0x80009528 (0x0000bfe5) c.j     pc - 8
core   0: 3 0x80009528 (0xbfe5)
core   0: 0x80009520 (0x00002f17) auipc   t5, 0x2
core   0: 3 0x80009520 (0x00002f17) x30 0x8000b520
core   0: 0x80009524 (0xae3f2023) sw      gp, -1312(t5)
core   0: 3 0x80009524 (0xae3f2023) mem 0x8000b000 0x00000001
core   0: 0x80009528 (0x0000bfe5) c.j     pc - 8
core   0: 3 0x80009528 (0xbfe5)
core   0: 0x80009520 (0x00002f17) auipc   t5, 0x2
core   0: 3 0x80009520 (0x00002f17) x30 0x8000b520
core   0: 0x80009524 (0xae3f2023) sw      gp, -1312(t5)
core   0: 3 0x80009524 (0xae3f2023) mem 0x8000b000 0x00000001
core   0: 0x80009528 (0x0000bfe5) c.j     pc - 8
core   0: 3 0x80009528 (0xbfe5)
core   0: 0x80009520 (0x00002f17) auipc   t5, 0x2
core   0: 3 0x80009520 (0x00002f17) x30 0x8000b520
core   0: 0x80009524 (0xae3f2023) sw      gp, -1312(t5)
core   0: 3 0x80009524 (0xae3f2023) mem 0x8000b000 0x00000001
core   0: 0x80009528 (0x0000bfe5) c.j     pc - 8
core   0: 3 0x80009528 (0xbfe5)
core   0: 0x80009520 (0x00002f17) auipc   t5, 0x2
core   0: 3 0x80009520 (0x00002f17) x30 0x8000b520
core   0: 0x80009524 (0xae3f2023) sw      gp, -1312(t5)
core   0: 3 0x80009524 (0xae3f2023) mem 0x8000b000 0x00000001
core   0: 0x80009528 (0x0000bfe5) c.j     pc - 8
core   0: 3 0x80009528 (0xbfe5)
core   0: 0x80009520 (0x00002f17) auipc   t5, 0x2
core   0: 3 0x80009520 (0x00002f17) x30 0x8000b520
core   0: 0x80009524 (0xae3f2023) sw      gp, -1312(t5)
core   0: 3 0x80009524 (0xae3f2023) mem 0x8000b000 0x00000001
core   0: 0x80009528 (0x0000bfe5) c.j     pc - 8
core   0: 3 0x80009528 (0xbfe5)
core   0: 0x80009520 (0x00002f17) auipc   t5, 0x2
core   0: 3 0x80009520 (0x00002f17) x30 0x8000b520
core   0: 0x80009524 (0xae3f2023) sw      gp, -1312(t5)
core   0: 3 0x80009524 (0xae3f2023) mem 0x8000b000 0x00000001
core   0: 0x80009528 (0x0000bfe5) c.j     pc - 8
core   0: 3 0x80009528 (0xbfe5)
core   0: 0x80009520 (0x00002f17) auipc   t5, 0x2
core   0: 3 0x80009520 (0x00002f17) x30 0x8000b520
core   0: 0x80009524 (0xae3f2023) sw      gp, -1312(t5)
core   0: 3 0x80009524 (0xae3f2023) mem 0x8000b000 0x00000001
core   0: 0x80009528 (0x0000bfe5) c.j     pc - 8
core   0: 3 0x80009528 (0xbfe5)
core   0: 0x80009520 (0x00002f17) auipc   t5, 0x2
core   0: 3 0x80009520 (0x00002f17) x30 0x8000b520
core   0: 0x80009524 (0xae3f2023) sw      gp, -1312(t5)
core   0: 3 0x80009524 (0xae3f2023) mem 0x8000b000 0x00000001
core   0: 0x80009528 (0x0000bfe5) c.j     pc - 8
core   0: 3 0x80009528 (0xbfe5)
core   0: 0x80009520 (0x00002f17) auipc   t5, 0x2
core   0: 3 0x80009520 (0x00002f17) x30 0x8000b520
core   0: 0x80009524 (0xae3f2023) sw      gp, -1312(t5)
core   0: 3 0x80009524 (0xae3f2023) mem 0x8000b000 0x00000001
core   0: 0x80009528 (0x0000bfe5) c.j     pc - 8
core   0: 3 0x80009528 (0xbfe5)
core   0: 0x80009520 (0x00002f17) auipc   t5, 0x2
core   0: 3 0x80009520 (0x00002f17) x30 0x8000b520
core   0: 0x80009524 (0xae3f2023) sw      gp, -1312(t5)
core   0: 3 0x80009524 (0xae3f2023) mem 0x8000b000 0x00000001
core   0: 0x80009528 (0x0000bfe5) c.j     pc - 8
core   0: 3 0x80009528 (0xbfe5)
core   0: 0x80009520 (0x00002f17) auipc   t5, 0x2
core   0: 3 0x80009520 (0x00002f17) x30 0x8000b520
core   0: 0x80009524 (0xae3f2023) sw      gp, -1312(t5)
core   0: 3 0x80009524 (0xae3f2023) mem 0x8000b000 0x00000001
core   0: 0x80009528 (0x0000bfe5) c.j     pc - 8
core   0: 3 0x80009528 (0xbfe5)
core   0: 0x80009520 (0x00002f17) auipc   t5, 0x2
core   0: 3 0x80009520 (0x00002f17) x30 0x8000b520
core   0: 0x80009524 (0xae3f2023) sw      gp, -1312(t5)
core   0: 3 0x80009524 (0xae3f2023) mem 0x8000b000 0x00000001
core   0: 0x80009528 (0x0000bfe5) c.j     pc - 8
core   0: 3 0x80009528 (0xbfe5)
core   0: 0x80009520 (0x00002f17) auipc   t5, 0x2
core   0: 3 0x80009520 (0x00002f17) x30 0x8000b520
core   0: 0x80009524 (0xae3f2023) sw      gp, -1312(t5)
core   0: 3 0x80009524 (0xae3f2023) mem 0x8000b000 0x00000001
core   0: 0x80009528 (0x0000bfe5) c.j     pc - 8
core   0: 3 0x80009528 (0xbfe5)
core   0: 0x80009520 (0x00002f17) auipc   t5, 0x2
core   0: 3 0x80009520 (0x00002f17) x30 0x8000b520
core   0: 0x80009524 (0xae3f2023) sw      gp, -1312(t5)
core   0: 3 0x80009524 (0xae3f2023) mem 0x8000b000 0x00000001
core   0: 0x80009528 (0x0000bfe5) c.j     pc - 8
core   0: 3 0x80009528 (0xbfe5)
core   0: 0x80009520 (0x00002f17) auipc   t5, 0x2
core   0: 3 0x80009520 (0x00002f17) x30 0x8000b520
core   0: 0x80009524 (0xae3f2023) sw      gp, -1312(t5)
core   0: 3 0x80009524 (0xae3f2023) mem 0x8000b000 0x00000001
core   0: 0x80009528 (0x0000bfe5) c.j     pc - 8
core   0: 3 0x80009528 (0xbfe5)
core   0: 0x80009520 (0x00002f17) auipc   t5, 0x2
core   0: 3 0x80009520 (0x00002f17) x30 0x8000b520
core   0: 0x80009524 (0xae3f2023) sw      gp, -1312(t5)
core   0: 3 0x80009524 (0xae3f2023) mem 0x8000b000 0x00000001
core   0: 0x80009528 (0x0000bfe5) c.j     pc - 8
core   0: 3 0x80009528 (0xbfe5)
core   0: 0x80009520 (0x00002f17) auipc   t5, 0x2
core   0: 3 0x80009520 (0x00002f17) x30 0x8000b520
core   0: 0x80009524 (0xae3f2023) sw      gp, -1312(t5)
core   0: 3 0x80009524 (0xae3f2023) mem 0x8000b000 0x00000001
core   0: 0x80009528 (0x0000bfe5) c.j     pc - 8
core   0: 3 0x80009528 (0xbfe5)
core   0: 0x80009520 (0x00002f17) auipc   t5, 0x2
core   0: 3 0x80009520 (0x00002f17) x30 0x8000b520
core   0: 0x80009524 (0xae3f2023) sw      gp, -1312(t5)
core   0: 3 0x80009524 (0xae3f2023) mem 0x8000b000 0x00000001
core   0: 0x80009528 (0x0000bfe5) c.j     pc - 8
core   0: 3 0x80009528 (0xbfe5)
core   0: 0x80009520 (0x00002f17) auipc   t5, 0x2
core   0: 3 0x80009520 (0x00002f17) x30 0x8000b520
core   0: 0x80009524 (0xae3f2023) sw      gp, -1312(t5)
core   0: 3 0x80009524 (0xae3f2023) mem 0x8000b000 0x00000001
core   0: 0x80009528 (0x0000bfe5) c.j     pc - 8
core   0: 3 0x80009528 (0xbfe5)
core   0: 0x80009520 (0x00002f17) auipc   t5, 0x2
core   0: 3 0x80009520 (0x00002f17) x30 0x8000b520
core   0: 0x80009524 (0xae3f2023) sw      gp, -1312(t5)
core   0: 3 0x80009524 (0xae3f2023) mem 0x8000b000 0x00000001
core   0: 0x80009528 (0x0000bfe5) c.j     pc - 8
core   0: 3 0x80009528 (0xbfe5)
core   0: 0x80009520 (0x00002f17) auipc   t5, 0x2
core   0: 3 0x80009520 (0x00002f17) x30 0x8000b520
core   0: 0x80009524 (0xae3f2023) sw      gp, -1312(t5)
core   0: 3 0x80009524 (0xae3f2023) mem 0x8000b000 0x00000001
core   0: 0x80009528 (0x0000bfe5) c.j     pc - 8
core   0: 3 0x80009528 (0xbfe5)
core   0: 0x80009520 (0x00002f17) auipc   t5, 0x2
core   0: 3 0x80009520 (0x00002f17) x30 0x8000b520
core   0: 0x80009524 (0xae3f2023) sw      gp, -1312(t5)
core   0: 3 0x80009524 (0xae3f2023) mem 0x8000b000 0x00000001
core   0: 0x80009528 (0x0000bfe5) c.j     pc - 8
core   0: 3 0x80009528 (0xbfe5)
core   0: 0x80009520 (0x00002f17) auipc   t5, 0x2
core   0: 3 0x80009520 (0x00002f17) x30 0x8000b520
core   0: 0x80009524 (0xae3f2023) sw      gp, -1312(t5)
core   0: 3 0x80009524 (0xae3f2023) mem 0x8000b000 0x00000001
core   0: 0x80009528 (0x0000bfe5) c.j     pc - 8
core   0: 3 0x80009528 (0xbfe5)
core   0: 0x80009520 (0x00002f17) auipc   t5, 0x2
core   0: 3 0x80009520 (0x00002f17) x30 0x8000b520
core   0: 0x80009524 (0xae3f2023) sw      gp, -1312(t5)
core   0: 3 0x80009524 (0xae3f2023) mem 0x8000b000 0x00000001
core   0: 0x80009528 (0x0000bfe5) c.j     pc - 8
core   0: 3 0x80009528 (0xbfe5)
core   0: 0x80009520 (0x00002f17) auipc   t5, 0x2
core   0: 3 0x80009520 (0x00002f17) x30 0x8000b520
core   0: 0x80009524 (0xae3f2023) sw      gp, -1312(t5)
core   0: 3 0x80009524 (0xae3f2023) mem 0x8000b000 0x00000001
core   0: 0x80009528 (0x0000bfe5) c.j     pc - 8
core   0: 3 0x80009528 (0xbfe5)
core   0: 0x80009520 (0x00002f17) auipc   t5, 0x2
core   0: 3 0x80009520 (0x00002f17) x30 0x8000b520
core   0: 0x80009524 (0xae3f2023) sw      gp, -1312(t5)
core   0: 3 0x80009524 (0xae3f2023) mem 0x8000b000 0x00000001
core   0: 0x80009528 (0x0000bfe5) c.j     pc - 8
core   0: 3 0x80009528 (0xbfe5)
core   0: 0x80009520 (0x00002f17) auipc   t5, 0x2
core   0: 3 0x80009520 (0x00002f17) x30 0x8000b520
core   0: 0x80009524 (0xae3f2023) sw      gp, -1312(t5)
core   0: 3 0x80009524 (0xae3f2023) mem 0x8000b000 0x00000001
core   0: 0x80009528 (0x0000bfe5) c.j     pc - 8
core   0: 3 0x80009528 (0xbfe5)
core   0: 0x80009520 (0x00002f17) auipc   t5, 0x2
core   0: 3 0x80009520 (0x00002f17) x30 0x8000b520
core   0: 0x80009524 (0xae3f2023) sw      gp, -1312(t5)
core   0: 3 0x80009524 (0xae3f2023) mem 0x8000b000 0x00000001
core   0: 0x80009528 (0x0000bfe5) c.j     pc - 8
core   0: 3 0x80009528 (0xbfe5)
core   0: 0x80009520 (0x00002f17) auipc   t5, 0x2
core   0: 3 0x80009520 (0x00002f17) x30 0x8000b520
core   0: 0x80009524 (0xae3f2023) sw      gp, -1312(t5)
core   0: 3 0x80009524 (0xae3f2023) mem 0x8000b000 0x00000001
core   0: 0x80009528 (0x0000bfe5) c.j     pc - 8
core   0: 3 0x80009528 (0xbfe5)
core   0: 0x80009520 (0x00002f17) auipc   t5, 0x2
core   0: 3 0x80009520 (0x00002f17) x30 0x8000b520
core   0: 0x80009524 (0xae3f2023) sw      gp, -1312(t5)
core   0: 3 0x80009524 (0xae3f2023) mem 0x8000b000 0x00000001
core   0: 0x80009528 (0x0000bfe5) c.j     pc - 8
core   0: 3 0x80009528 (0xbfe5)
core   0: 0x80009520 (0x00002f17) auipc   t5, 0x2
core   0: 3 0x80009520 (0x00002f17) x30 0x8000b520
core   0: 0x80009524 (0xae3f2023) sw      gp, -1312(t5)
core   0: 3 0x80009524 (0xae3f2023) mem 0x8000b000 0x00000001
core   0: 0x80009528 (0x0000bfe5) c.j     pc - 8
core   0: 3 0x80009528 (0xbfe5)
core   0: 0x80009520 (0x00002f17) auipc   t5, 0x2
core   0: 3 0x80009520 (0x00002f17) x30 0x8000b520
core   0: 0x80009524 (0xae3f2023) sw      gp, -1312(t5)
core   0: 3 0x80009524 (0xae3f2023) mem 0x8000b000 0x00000001
core   0: 0x80009528 (0x0000bfe5) c.j     pc - 8
core   0: 3 0x80009528 (0xbfe5)
core   0: 0x80009520 (0x00002f17) auipc   t5, 0x2
core   0: 3 0x80009520 (0x00002f17) x30 0x8000b520
core   0: 0x80009524 (0xae3f2023) sw      gp, -1312(t5)
core   0: 3 0x80009524 (0xae3f2023) mem 0x8000b000 0x00000001
core   0: 0x80009528 (0x0000bfe5) c.j     pc - 8
core   0: 3 0x80009528 (0xbfe5)
core   0: 0x80009520 (0x00002f17) auipc   t5, 0x2
core   0: 3 0x80009520 (0x00002f17) x30 0x8000b520
core   0: 0x80009524 (0xae3f2023) sw      gp, -1312(t5)
core   0: 3 0x80009524 (0xae3f2023) mem 0x8000b000 0x00000001
core   0: 0x80009528 (0x0000bfe5) c.j     pc - 8
core   0: 3 0x80009528 (0xbfe5)
core   0: 0x80009520 (0x00002f17) auipc   t5, 0x2
core   0: 3 0x80009520 (0x00002f17) x30 0x8000b520
core   0: 0x80009524 (0xae3f2023) sw      gp, -1312(t5)
core   0: 3 0x80009524 (0xae3f2023) mem 0x8000b000 0x00000001
core   0: 0x80009528 (0x0000bfe5) c.j     pc - 8
core   0: 3 0x80009528 (0xbfe5)
core   0: 0x80009520 (0x00002f17) auipc   t5, 0x2
core   0: 3 0x80009520 (0x00002f17) x30 0x8000b520
core   0: 0x80009524 (0xae3f2023) sw      gp, -1312(t5)
core   0: 3 0x80009524 (0xae3f2023) mem 0x8000b000 0x00000001
core   0: 0x80009528 (0x0000bfe5) c.j     pc - 8
core   0: 3 0x80009528 (0xbfe5)
core   0: 0x80009520 (0x00002f17) auipc   t5, 0x2
core   0: 3 0x80009520 (0x00002f17) x30 0x8000b520
core   0: 0x80009524 (0xae3f2023) sw      gp, -1312(t5)
core   0: 3 0x80009524 (0xae3f2023) mem 0x8000b000 0x00000001
core   0: 0x80009528 (0x0000bfe5) c.j     pc - 8
core   0: 3 0x80009528 (0xbfe5)
core   0: 0x80009520 (0x00002f17) auipc   t5, 0x2
core   0: 3 0x80009520 (0x00002f17) x30 0x8000b520
core   0: 0x80009524 (0xae3f2023) sw      gp, -1312(t5)
core   0: 3 0x80009524 (0xae3f2023) mem 0x8000b000 0x00000001
core   0: 0x80009528 (0x0000bfe5) c.j     pc - 8
core   0: 3 0x80009528 (0xbfe5)
core   0: 0x80009520 (0x00002f17) auipc   t5, 0x2
core   0: 3 0x80009520 (0x00002f17) x30 0x8000b520
core   0: 0x80009524 (0xae3f2023) sw      gp, -1312(t5)
core   0: 3 0x80009524 (0xae3f2023) mem 0x8000b000 0x00000001
core   0: 0x80009528 (0x0000bfe5) c.j     pc - 8
core   0: 3 0x80009528 (0xbfe5)
core   0: 0x80009520 (0x00002f17) auipc   t5, 0x2
core   0: 3 0x80009520 (0x00002f17) x30 0x8000b520
core   0: 0x80009524 (0xae3f2023) sw      gp, -1312(t5)
core   0: 3 0x80009524 (0xae3f2023) mem 0x8000b000 0x00000001
core   0: 0x80009528 (0x0000bfe5) c.j     pc - 8
core   0: 3 0x80009528 (0xbfe5)
core   0: 0x80009520 (0x00002f17) auipc   t5, 0x2
core   0: 3 0x80009520 (0x00002f17) x30 0x8000b520
core   0: 0x80009524 (0xae3f2023) sw      gp, -1312(t5)
core   0: 3 0x80009524 (0xae3f2023) mem 0x8000b000 0x00000001
core   0: 0x80009528 (0x0000bfe5) c.j     pc - 8
core   0: 3 0x80009528 (0xbfe5)
core   0: 0x80009520 (0x00002f17) auipc   t5, 0x2
core   0: 3 0x80009520 (0x00002f17) x30 0x8000b520
core   0: 0x80009524 (0xae3f2023) sw      gp, -1312(t5)
core   0: 3 0x80009524 (0xae3f2023) mem 0x8000b000 0x00000001
core   0: 0x80009528 (0x0000bfe5) c.j     pc - 8
core   0: 3 0x80009528 (0xbfe5)
core   0: 0x80009520 (0x00002f17) auipc   t5, 0x2
core   0: 3 0x80009520 (0x00002f17) x30 0x8000b520
core   0: 0x80009524 (0xae3f2023) sw      gp, -1312(t5)
core   0: 3 0x80009524 (0xae3f2023) mem 0x8000b000 0x00000001
core   0: 0x80009528 (0x0000bfe5) c.j     pc - 8
core   0: 3 0x80009528 (0xbfe5)
core   0: 0x80009520 (0x00002f17) auipc   t5, 0x2
core   0: 3 0x80009520 (0x00002f17) x30 0x8000b520
core   0: 0x80009524 (0xae3f2023) sw      gp, -1312(t5)
core   0: 3 0x80009524 (0xae3f2023) mem 0x8000b000 0x00000001
core   0: 0x80009528 (0x0000bfe5) c.j     pc - 8
core   0: 3 0x80009528 (0xbfe5)
core   0: 0x80009520 (0x00002f17) auipc   t5, 0x2
core   0: 3 0x80009520 (0x00002f17) x30 0x8000b520
core   0: 0x80009524 (0xae3f2023) sw      gp, -1312(t5)
core   0: 3 0x80009524 (0xae3f2023) mem 0x8000b000 0x00000001
core   0: 0x80009528 (0x0000bfe5) c.j     pc - 8
core   0: 3 0x80009528 (0xbfe5)
core   0: 0x80009520 (0x00002f17) auipc   t5, 0x2
core   0: 3 0x80009520 (0x00002f17) x30 0x8000b520
core   0: 0x80009524 (0xae3f2023) sw      gp, -1312(t5)
core   0: 3 0x80009524 (0xae3f2023) mem 0x8000b000 0x00000001
core   0: 0x80009528 (0x0000bfe5) c.j     pc - 8
core   0: 3 0x80009528 (0xbfe5)
core   0: 0x80009520 (0x00002f17) auipc   t5, 0x2
core   0: 3 0x80009520 (0x00002f17) x30 0x8000b520
core   0: 0x80009524 (0xae3f2023) sw      gp, -1312(t5)
core   0: 3 0x80009524 (0xae3f2023) mem 0x8000b000 0x00000001
core   0: 0x80009528 (0x0000bfe5) c.j     pc - 8
core   0: 3 0x80009528 (0xbfe5)
core   0: 0x80009520 (0x00002f17) auipc   t5, 0x2
core   0: 3 0x80009520 (0x00002f17) x30 0x8000b520
core   0: 0x80009524 (0xae3f2023) sw      gp, -1312(t5)
core   0: 3 0x80009524 (0xae3f2023) mem 0x8000b000 0x00000001
core   0: 0x80009528 (0x0000bfe5) c.j     pc - 8
core   0: 3 0x80009528 (0xbfe5)
core   0: 0x80009520 (0x00002f17) auipc   t5, 0x2
core   0: 3 0x80009520 (0x00002f17) x30 0x8000b520
core   0: 0x80009524 (0xae3f2023) sw      gp, -1312(t5)
core   0: 3 0x80009524 (0xae3f2023) mem 0x8000b000 0x00000001
core   0: 0x80009528 (0x0000bfe5) c.j     pc - 8
core   0: 3 0x80009528 (0xbfe5)
core   0: 0x80009520 (0x00002f17) auipc   t5, 0x2
core   0: 3 0x80009520 (0x00002f17) x30 0x8000b520
core   0: 0x80009524 (0xae3f2023) sw      gp, -1312(t5)
core   0: 3 0x80009524 (0xae3f2023) mem 0x8000b000 0x00000001
core   0: 0x80009528 (0x0000bfe5) c.j     pc - 8
core   0: 3 0x80009528 (0xbfe5)
core   0: 0x80009520 (0x00002f17) auipc   t5, 0x2
core   0: 3 0x80009520 (0x00002f17) x30 0x8000b520
core   0: 0x80009524 (0xae3f2023) sw      gp, -1312(t5)
core   0: 3 0x80009524 (0xae3f2023) mem 0x8000b000 0x00000001
core   0: 0x80009528 (0x0000bfe5) c.j     pc - 8
core   0: 3 0x80009528 (0xbfe5)
core   0: 0x80009520 (0x00002f17) auipc   t5, 0x2
core   0: 3 0x80009520 (0x00002f17) x30 0x8000b520
core   0: 0x80009524 (0xae3f2023) sw      gp, -1312(t5)
core   0: 3 0x80009524 (0xae3f2023) mem 0x8000b000 0x00000001
core   0: 0x80009528 (0x0000bfe5) c.j     pc - 8
core   0: 3 0x80009528 (0xbfe5)
core   0: 0x80009520 (0x00002f17) auipc   t5, 0x2
core   0: 3 0x80009520 (0x00002f17) x30 0x8000b520
core   0: 0x80009524 (0xae3f2023) sw      gp, -1312(t5)
core   0: 3 0x80009524 (0xae3f2023) mem 0x8000b000 0x00000001
core   0: 0x80009528 (0x0000bfe5) c.j     pc - 8
core   0: 3 0x80009528 (0xbfe5)
core   0: 0x80009520 (0x00002f17) auipc   t5, 0x2
core   0: 3 0x80009520 (0x00002f17) x30 0x8000b520
core   0: 0x80009524 (0xae3f2023) sw      gp, -1312(t5)
core   0: 3 0x80009524 (0xae3f2023) mem 0x8000b000 0x00000001
core   0: 0x80009528 (0x0000bfe5) c.j     pc - 8
core   0: 3 0x80009528 (0xbfe5)
core   0: 0x80009520 (0x00002f17) auipc   t5, 0x2
core   0: 3 0x80009520 (0x00002f17) x30 0x8000b520
core   0: 0x80009524 (0xae3f2023) sw      gp, -1312(t5)
core   0: 3 0x80009524 (0xae3f2023) mem 0x8000b000 0x00000001
core   0: 0x80009528 (0x0000bfe5) c.j     pc - 8
core   0: 3 0x80009528 (0xbfe5)
core   0: 0x80009520 (0x00002f17) auipc   t5, 0x2
core   0: 3 0x80009520 (0x00002f17) x30 0x8000b520
core   0: 0x80009524 (0xae3f2023) sw      gp, -1312(t5)
core   0: 3 0x80009524 (0xae3f2023) mem 0x8000b000 0x00000001
core   0: 0x80009528 (0x0000bfe5) c.j     pc - 8
core   0: 3 0x80009528 (0xbfe5)
core   0: 0x80009520 (0x00002f17) auipc   t5, 0x2
core   0: 3 0x80009520 (0x00002f17) x30 0x8000b520
core   0: 0x80009524 (0xae3f2023) sw      gp, -1312(t5)
core   0: 3 0x80009524 (0xae3f2023) mem 0x8000b000 0x00000001
core   0: 0x80009528 (0x0000bfe5) c.j     pc - 8
core   0: 3 0x80009528 (0xbfe5)
core   0: 0x80009520 (0x00002f17) auipc   t5, 0x2
core   0: 3 0x80009520 (0x00002f17) x30 0x8000b520
core   0: 0x80009524 (0xae3f2023) sw      gp, -1312(t5)
core   0: 3 0x80009524 (0xae3f2023) mem 0x8000b000 0x00000001
core   0: 0x80009528 (0x0000bfe5) c.j     pc - 8
core   0: 3 0x80009528 (0xbfe5)
core   0: 0x80009520 (0x00002f17) auipc   t5, 0x2
core   0: 3 0x80009520 (0x00002f17) x30 0x8000b520
core   0: 0x80009524 (0xae3f2023) sw      gp, -1312(t5)
core   0: 3 0x80009524 (0xae3f2023) mem 0x8000b000 0x00000001
core   0: 0x80009528 (0x0000bfe5) c.j     pc - 8
core   0: 3 0x80009528 (0xbfe5)
core   0: 0x80009520 (0x00002f17) auipc   t5, 0x2
core   0: 3 0x80009520 (0x00002f17) x30 0x8000b520
core   0: 0x80009524 (0xae3f2023) sw      gp, -1312(t5)
core   0: 3 0x80009524 (0xae3f2023) mem 0x8000b000 0x00000001
core   0: 0x80009528 (0x0000bfe5) c.j     pc - 8
core   0: 3 0x80009528 (0xbfe5)
core   0: 0x80009520 (0x00002f17) auipc   t5, 0x2
core   0: 3 0x80009520 (0x00002f17) x30 0x8000b520
core   0: 0x80009524 (0xae3f2023) sw      gp, -1312(t5)
core   0: 3 0x80009524 (0xae3f2023) mem 0x8000b000 0x00000001
core   0: 0x80009528 (0x0000bfe5) c.j     pc - 8
core   0: 3 0x80009528 (0xbfe5)
core   0: 0x80009520 (0x00002f17) auipc   t5, 0x2
core   0: 3 0x80009520 (0x00002f17) x30 0x8000b520
core   0: 0x80009524 (0xae3f2023) sw      gp, -1312(t5)
core   0: 3 0x80009524 (0xae3f2023) mem 0x8000b000 0x00000001
core   0: 0x80009528 (0x0000bfe5) c.j     pc - 8
core   0: 3 0x80009528 (0xbfe5)
core   0: 0x80009520 (0x00002f17) auipc   t5, 0x2
core   0: 3 0x80009520 (0x00002f17) x30 0x8000b520
core   0: 0x80009524 (0xae3f2023) sw      gp, -1312(t5)
core   0: 3 0x80009524 (0xae3f2023) mem 0x8000b000 0x00000001
core   0: 0x80009528 (0x0000bfe5) c.j     pc - 8
core   0: 3 0x80009528 (0xbfe5)
core   0: 0x80009520 (0x00002f17) auipc   t5, 0x2
core   0: 3 0x80009520 (0x00002f17) x30 0x8000b520
core   0: 0x80009524 (0xae3f2023) sw      gp, -1312(t5)
core   0: 3 0x80009524 (0xae3f2023) mem 0x8000b000 0x00000001
core   0: 0x80009528 (0x0000bfe5) c.j     pc - 8
core   0: 3 0x80009528 (0xbfe5)
core   0: 0x80009520 (0x00002f17) auipc   t5, 0x2
core   0: 3 0x80009520 (0x00002f17) x30 0x8000b520
core   0: 0x80009524 (0xae3f2023) sw      gp, -1312(t5)
core   0: 3 0x80009524 (0xae3f2023) mem 0x8000b000 0x00000001
core   0: 0x80009528 (0x0000bfe5) c.j     pc - 8
core   0: 3 0x80009528 (0xbfe5)
core   0: 0x80009520 (0x00002f17) auipc   t5, 0x2
core   0: 3 0x80009520 (0x00002f17) x30 0x8000b520
core   0: 0x80009524 (0xae3f2023) sw      gp, -1312(t5)
core   0: 3 0x80009524 (0xae3f2023) mem 0x8000b000 0x00000001
core   0: 0x80009528 (0x0000bfe5) c.j     pc - 8
core   0: 3 0x80009528 (0xbfe5)
core   0: 0x80009520 (0x00002f17) auipc   t5, 0x2
core   0: 3 0x80009520 (0x00002f17) x30 0x8000b520
core   0: 0x80009524 (0xae3f2023) sw      gp, -1312(t5)
core   0: 3 0x80009524 (0xae3f2023) mem 0x8000b000 0x00000001
core   0: 0x80009528 (0x0000bfe5) c.j     pc - 8
core   0: 3 0x80009528 (0xbfe5)
core   0: 0x80009520 (0x00002f17) auipc   t5, 0x2
core   0: 3 0x80009520 (0x00002f17) x30 0x8000b520
core   0: 0x80009524 (0xae3f2023) sw      gp, -1312(t5)
core   0: 3 0x80009524 (0xae3f2023) mem 0x8000b000 0x00000001
core   0: 0x80009528 (0x0000bfe5) c.j     pc - 8
core   0: 3 0x80009528 (0xbfe5)
core   0: 0x80009520 (0x00002f17) auipc   t5, 0x2
core   0: 3 0x80009520 (0x00002f17) x30 0x8000b520
core   0: 0x80009524 (0xae3f2023) sw      gp, -1312(t5)
core   0: 3 0x80009524 (0xae3f2023) mem 0x8000b000 0x00000001
core   0: 0x80009528 (0x0000bfe5) c.j     pc - 8
core   0: 3 0x80009528 (0xbfe5)
core   0: 0x80009520 (0x00002f17) auipc   t5, 0x2
core   0: 3 0x80009520 (0x00002f17) x30 0x8000b520
core   0: 0x80009524 (0xae3f2023) sw      gp, -1312(t5)
core   0: 3 0x80009524 (0xae3f2023) mem 0x8000b000 0x00000001
core   0: 0x80009528 (0x0000bfe5) c.j     pc - 8
core   0: 3 0x80009528 (0xbfe5)
core   0: 0x80009520 (0x00002f17) auipc   t5, 0x2
core   0: 3 0x80009520 (0x00002f17) x30 0x8000b520
core   0: 0x80009524 (0xae3f2023) sw      gp, -1312(t5)
core   0: 3 0x80009524 (0xae3f2023) mem 0x8000b000 0x00000001
core   0: 0x80009528 (0x0000bfe5) c.j     pc - 8
core   0: 3 0x80009528 (0xbfe5)
core   0: 0x80009520 (0x00002f17) auipc   t5, 0x2
core   0: 3 0x80009520 (0x00002f17) x30 0x8000b520
core   0: 0x80009524 (0xae3f2023) sw      gp, -1312(t5)
core   0: 3 0x80009524 (0xae3f2023) mem 0x8000b000 0x00000001
core   0: 0x80009528 (0x0000bfe5) c.j     pc - 8
core   0: 3 0x80009528 (0xbfe5)
core   0: 0x80009520 (0x00002f17) auipc   t5, 0x2
core   0: 3 0x80009520 (0x00002f17) x30 0x8000b520
core   0: 0x80009524 (0xae3f2023) sw      gp, -1312(t5)
core   0: 3 0x80009524 (0xae3f2023) mem 0x8000b000 0x00000001
core   0: 0x80009528 (0x0000bfe5) c.j     pc - 8
core   0: 3 0x80009528 (0xbfe5)
core   0: 0x80009520 (0x00002f17) auipc   t5, 0x2
core   0: 3 0x80009520 (0x00002f17) x30 0x8000b520
core   0: 0x80009524 (0xae3f2023) sw      gp, -1312(t5)
core   0: 3 0x80009524 (0xae3f2023) mem 0x8000b000 0x00000001
core   0: 0x80009528 (0x0000bfe5) c.j     pc - 8
core   0: 3 0x80009528 (0xbfe5)
core   0: 0x80009520 (0x00002f17) auipc   t5, 0x2
core   0: 3 0x80009520 (0x00002f17) x30 0x8000b520
core   0: 0x80009524 (0xae3f2023) sw      gp, -1312(t5)
core   0: 3 0x80009524 (0xae3f2023) mem 0x8000b000 0x00000001
core   0: 0x80009528 (0x0000bfe5) c.j     pc - 8
core   0: 3 0x80009528 (0xbfe5)
core   0: 0x80009520 (0x00002f17) auipc   t5, 0x2
core   0: 3 0x80009520 (0x00002f17) x30 0x8000b520
core   0: 0x80009524 (0xae3f2023) sw      gp, -1312(t5)
core   0: 3 0x80009524 (0xae3f2023) mem 0x8000b000 0x00000001
core   0: 0x80009528 (0x0000bfe5) c.j     pc - 8
core   0: 3 0x80009528 (0xbfe5)
core   0: 0x80009520 (0x00002f17) auipc   t5, 0x2
core   0: 3 0x80009520 (0x00002f17) x30 0x8000b520
core   0: 0x80009524 (0xae3f2023) sw      gp, -1312(t5)
core   0: 3 0x80009524 (0xae3f2023) mem 0x8000b000 0x00000001
core   0: 0x80009528 (0x0000bfe5) c.j     pc - 8
core   0: 3 0x80009528 (0xbfe5)
core   0: 0x80009520 (0x00002f17) auipc   t5, 0x2
core   0: 3 0x80009520 (0x00002f17) x30 0x8000b520
core   0: 0x80009524 (0xae3f2023) sw      gp, -1312(t5)
core   0: 3 0x80009524 (0xae3f2023) mem 0x8000b000 0x00000001
core   0: 0x80009528 (0x0000bfe5) c.j     pc - 8
core   0: 3 0x80009528 (0xbfe5)
core   0: 0x80009520 (0x00002f17) auipc   t5, 0x2
core   0: 3 0x80009520 (0x00002f17) x30 0x8000b520
core   0: 0x80009524 (0xae3f2023) sw      gp, -1312(t5)
core   0: 3 0x80009524 (0xae3f2023) mem 0x8000b000 0x00000001
core   0: 0x80009528 (0x0000bfe5) c.j     pc - 8
core   0: 3 0x80009528 (0xbfe5)
core   0: 0x80009520 (0x00002f17) auipc   t5, 0x2
core   0: 3 0x80009520 (0x00002f17) x30 0x8000b520
core   0: 0x80009524 (0xae3f2023) sw      gp, -1312(t5)
core   0: 3 0x80009524 (0xae3f2023) mem 0x8000b000 0x00000001
core   0: 0x80009528 (0x0000bfe5) c.j     pc - 8
core   0: 3 0x80009528 (0xbfe5)
core   0: 0x80009520 (0x00002f17) auipc   t5, 0x2
core   0: 3 0x80009520 (0x00002f17) x30 0x8000b520
core   0: 0x80009524 (0xae3f2023) sw      gp, -1312(t5)
core   0: 3 0x80009524 (0xae3f2023) mem 0x8000b000 0x00000001
core   0: 0x80009528 (0x0000bfe5) c.j     pc - 8
core   0: 3 0x80009528 (0xbfe5)
core   0: 0x80009520 (0x00002f17) auipc   t5, 0x2
core   0: 3 0x80009520 (0x00002f17) x30 0x8000b520
core   0: 0x80009524 (0xae3f2023) sw      gp, -1312(t5)
core   0: 3 0x80009524 (0xae3f2023) mem 0x8000b000 0x00000001
core   0: 0x80009528 (0x0000bfe5) c.j     pc - 8
core   0: 3 0x80009528 (0xbfe5)
core   0: 0x80009520 (0x00002f17) auipc   t5, 0x2
core   0: 3 0x80009520 (0x00002f17) x30 0x8000b520
core   0: 0x80009524 (0xae3f2023) sw      gp, -1312(t5)
core   0: 3 0x80009524 (0xae3f2023) mem 0x8000b000 0x00000001
core   0: 0x80009528 (0x0000bfe5) c.j     pc - 8
core   0: 3 0x80009528 (0xbfe5)
core   0: 0x80009520 (0x00002f17) auipc   t5, 0x2
core   0: 3 0x80009520 (0x00002f17) x30 0x8000b520
core   0: 0x80009524 (0xae3f2023) sw      gp, -1312(t5)
core   0: 3 0x80009524 (0xae3f2023) mem 0x8000b000 0x00000001
core   0: 0x80009528 (0x0000bfe5) c.j     pc - 8
core   0: 3 0x80009528 (0xbfe5)
core   0: 0x80009520 (0x00002f17) auipc   t5, 0x2
core   0: 3 0x80009520 (0x00002f17) x30 0x8000b520
core   0: 0x80009524 (0xae3f2023) sw      gp, -1312(t5)
core   0: 3 0x80009524 (0xae3f2023) mem 0x8000b000 0x00000001
core   0: 0x80009528 (0x0000bfe5) c.j     pc - 8
core   0: 3 0x80009528 (0xbfe5)
core   0: 0x80009520 (0x00002f17) auipc   t5, 0x2
core   0: 3 0x80009520 (0x00002f17) x30 0x8000b520
core   0: 0x80009524 (0xae3f2023) sw      gp, -1312(t5)
core   0: 3 0x80009524 (0xae3f2023) mem 0x8000b000 0x00000001
core   0: 0x80009528 (0x0000bfe5) c.j     pc - 8
core   0: 3 0x80009528 (0xbfe5)
core   0: 0x80009520 (0x00002f17) auipc   t5, 0x2
core   0: 3 0x80009520 (0x00002f17) x30 0x8000b520
core   0: 0x80009524 (0xae3f2023) sw      gp, -1312(t5)
core   0: 3 0x80009524 (0xae3f2023) mem 0x8000b000 0x00000001
core   0: 0x80009528 (0x0000bfe5) c.j     pc - 8
core   0: 3 0x80009528 (0xbfe5)
core   0: 0x80009520 (0x00002f17) auipc   t5, 0x2
core   0: 3 0x80009520 (0x00002f17) x30 0x8000b520
core   0: 0x80009524 (0xae3f2023) sw      gp, -1312(t5)
core   0: 3 0x80009524 (0xae3f2023) mem 0x8000b000 0x00000001
core   0: 0x80009528 (0x0000bfe5) c.j     pc - 8
core   0: 3 0x80009528 (0xbfe5)
core   0: 0x80009520 (0x00002f17) auipc   t5, 0x2
core   0: 3 0x80009520 (0x00002f17) x30 0x8000b520
core   0: 0x80009524 (0xae3f2023) sw      gp, -1312(t5)
core   0: 3 0x80009524 (0xae3f2023) mem 0x8000b000 0x00000001
core   0: 0x80009528 (0x0000bfe5) c.j     pc - 8
core   0: 3 0x80009528 (0xbfe5)
core   0: 0x80009520 (0x00002f17) auipc   t5, 0x2
core   0: 3 0x80009520 (0x00002f17) x30 0x8000b520
core   0: 0x80009524 (0xae3f2023) sw      gp, -1312(t5)
core   0: 3 0x80009524 (0xae3f2023) mem 0x8000b000 0x00000001
core   0: 0x80009528 (0x0000bfe5) c.j     pc - 8
core   0: 3 0x80009528 (0xbfe5)
core   0: 0x80009520 (0x00002f17) auipc   t5, 0x2
core   0: 3 0x80009520 (0x00002f17) x30 0x8000b520
core   0: 0x80009524 (0xae3f2023) sw      gp, -1312(t5)
core   0: 3 0x80009524 (0xae3f2023) mem 0x8000b000 0x00000001
core   0: 0x80009528 (0x0000bfe5) c.j     pc - 8
core   0: 3 0x80009528 (0xbfe5)
core   0: 0x80009520 (0x00002f17) auipc   t5, 0x2
core   0: 3 0x80009520 (0x00002f17) x30 0x8000b520
core   0: 0x80009524 (0xae3f2023) sw      gp, -1312(t5)
core   0: 3 0x80009524 (0xae3f2023) mem 0x8000b000 0x00000001
core   0: 0x80009528 (0x0000bfe5) c.j     pc - 8
core   0: 3 0x80009528 (0xbfe5)
core   0: 0x80009520 (0x00002f17) auipc   t5, 0x2
core   0: 3 0x80009520 (0x00002f17) x30 0x8000b520
core   0: 0x80009524 (0xae3f2023) sw      gp, -1312(t5)
core   0: 3 0x80009524 (0xae3f2023) mem 0x8000b000 0x00000001
core   0: 0x80009528 (0x0000bfe5) c.j     pc - 8
core   0: 3 0x80009528 (0xbfe5)
core   0: 0x80009520 (0x00002f17) auipc   t5, 0x2
core   0: 3 0x80009520 (0x00002f17) x30 0x8000b520
core   0: 0x80009524 (0xae3f2023) sw      gp, -1312(t5)
core   0: 3 0x80009524 (0xae3f2023) mem 0x8000b000 0x00000001
core   0: 0x80009528 (0x0000bfe5) c.j     pc - 8
core   0: 3 0x80009528 (0xbfe5)
core   0: 0x80009520 (0x00002f17) auipc   t5, 0x2
core   0: 3 0x80009520 (0x00002f17) x30 0x8000b520
core   0: 0x80009524 (0xae3f2023) sw      gp, -1312(t5)
core   0: 3 0x80009524 (0xae3f2023) mem 0x8000b000 0x00000001
core   0: 0x80009528 (0x0000bfe5) c.j     pc - 8
core   0: 3 0x80009528 (0xbfe5)
core   0: 0x80009520 (0x00002f17) auipc   t5, 0x2
core   0: 3 0x80009520 (0x00002f17) x30 0x8000b520
core   0: 0x80009524 (0xae3f2023) sw      gp, -1312(t5)
core   0: 3 0x80009524 (0xae3f2023) mem 0x8000b000 0x00000001
core   0: 0x80009528 (0x0000bfe5) c.j     pc - 8
core   0: 3 0x80009528 (0xbfe5)
core   0: 0x80009520 (0x00002f17) auipc   t5, 0x2
core   0: 3 0x80009520 (0x00002f17) x30 0x8000b520
core   0: 0x80009524 (0xae3f2023) sw      gp, -1312(t5)
core   0: 3 0x80009524 (0xae3f2023) mem 0x8000b000 0x00000001
core   0: 0x80009528 (0x0000bfe5) c.j     pc - 8
core   0: 3 0x80009528 (0xbfe5)
core   0: 0x80009520 (0x00002f17) auipc   t5, 0x2
core   0: 3 0x80009520 (0x00002f17) x30 0x8000b520
core   0: 0x80009524 (0xae3f2023) sw      gp, -1312(t5)
core   0: 3 0x80009524 (0xae3f2023) mem 0x8000b000 0x00000001
core   0: 0x80009528 (0x0000bfe5) c.j     pc - 8
core   0: 3 0x80009528 (0xbfe5)
core   0: 0x80009520 (0x00002f17) auipc   t5, 0x2
core   0: 3 0x80009520 (0x00002f17) x30 0x8000b520
core   0: 0x80009524 (0xae3f2023) sw      gp, -1312(t5)
core   0: 3 0x80009524 (0xae3f2023) mem 0x8000b000 0x00000001
core   0: 0x80009528 (0x0000bfe5) c.j     pc - 8
core   0: 3 0x80009528 (0xbfe5)
core   0: 0x80009520 (0x00002f17) auipc   t5, 0x2
core   0: 3 0x80009520 (0x00002f17) x30 0x8000b520
core   0: 0x80009524 (0xae3f2023) sw      gp, -1312(t5)
core   0: 3 0x80009524 (0xae3f2023) mem 0x8000b000 0x00000001
core   0: 0x80009528 (0x0000bfe5) c.j     pc - 8
core   0: 3 0x80009528 (0xbfe5)
core   0: 0x80009520 (0x00002f17) auipc   t5, 0x2
core   0: 3 0x80009520 (0x00002f17) x30 0x8000b520
core   0: 0x80009524 (0xae3f2023) sw      gp, -1312(t5)
core   0: 3 0x80009524 (0xae3f2023) mem 0x8000b000 0x00000001
core   0: 0x80009528 (0x0000bfe5) c.j     pc - 8
core   0: 3 0x80009528 (0xbfe5)
core   0: 0x80009520 (0x00002f17) auipc   t5, 0x2
core   0: 3 0x80009520 (0x00002f17) x30 0x8000b520
core   0: 0x80009524 (0xae3f2023) sw      gp, -1312(t5)
core   0: 3 0x80009524 (0xae3f2023) mem 0x8000b000 0x00000001
core   0: 0x80009528 (0x0000bfe5) c.j     pc - 8
core   0: 3 0x80009528 (0xbfe5)
core   0: 0x80009520 (0x00002f17) auipc   t5, 0x2
core   0: 3 0x80009520 (0x00002f17) x30 0x8000b520
core   0: 0x80009524 (0xae3f2023) sw      gp, -1312(t5)
core   0: 3 0x80009524 (0xae3f2023) mem 0x8000b000 0x00000001
core   0: 0x80009528 (0x0000bfe5) c.j     pc - 8
core   0: 3 0x80009528 (0xbfe5)
core   0: 0x80009520 (0x00002f17) auipc   t5, 0x2
core   0: 3 0x80009520 (0x00002f17) x30 0x8000b520
core   0: 0x80009524 (0xae3f2023) sw      gp, -1312(t5)
core   0: 3 0x80009524 (0xae3f2023) mem 0x8000b000 0x00000001
core   0: 0x80009528 (0x0000bfe5) c.j     pc - 8
core   0: 3 0x80009528 (0xbfe5)
core   0: 0x80009520 (0x00002f17) auipc   t5, 0x2
core   0: 3 0x80009520 (0x00002f17) x30 0x8000b520
core   0: 0x80009524 (0xae3f2023) sw      gp, -1312(t5)
core   0: 3 0x80009524 (0xae3f2023) mem 0x8000b000 0x00000001
core   0: 0x80009528 (0x0000bfe5) c.j     pc - 8
core   0: 3 0x80009528 (0xbfe5)
core   0: 0x80009520 (0x00002f17) auipc   t5, 0x2
core   0: 3 0x80009520 (0x00002f17) x30 0x8000b520
core   0: 0x80009524 (0xae3f2023) sw      gp, -1312(t5)
core   0: 3 0x80009524 (0xae3f2023) mem 0x8000b000 0x00000001
core   0: 0x80009528 (0x0000bfe5) c.j     pc - 8
core   0: 3 0x80009528 (0xbfe5)
core   0: 0x80009520 (0x00002f17) auipc   t5, 0x2
core   0: 3 0x80009520 (0x00002f17) x30 0x8000b520
core   0: 0x80009524 (0xae3f2023) sw      gp, -1312(t5)
core   0: 3 0x80009524 (0xae3f2023) mem 0x8000b000 0x00000001
core   0: 0x80009528 (0x0000bfe5) c.j     pc - 8
core   0: 3 0x80009528 (0xbfe5)
core   0: 0x80009520 (0x00002f17) auipc   t5, 0x2
core   0: 3 0x80009520 (0x00002f17) x30 0x8000b520
core   0: 0x80009524 (0xae3f2023) sw      gp, -1312(t5)
core   0: 3 0x80009524 (0xae3f2023) mem 0x8000b000 0x00000001
core   0: 0x80009528 (0x0000bfe5) c.j     pc - 8
core   0: 3 0x80009528 (0xbfe5)
core   0: 0x80009520 (0x00002f17) auipc   t5, 0x2
core   0: 3 0x80009520 (0x00002f17) x30 0x8000b520
core   0: 0x80009524 (0xae3f2023) sw      gp, -1312(t5)
core   0: 3 0x80009524 (0xae3f2023) mem 0x8000b000 0x00000001
core   0: 0x80009528 (0x0000bfe5) c.j     pc - 8
core   0: 3 0x80009528 (0xbfe5)
core   0: 0x80009520 (0x00002f17) auipc   t5, 0x2
core   0: 3 0x80009520 (0x00002f17) x30 0x8000b520
core   0: 0x80009524 (0xae3f2023) sw      gp, -1312(t5)
core   0: 3 0x80009524 (0xae3f2023) mem 0x8000b000 0x00000001
core   0: 0x80009528 (0x0000bfe5) c.j     pc - 8
core   0: 3 0x80009528 (0xbfe5)
core   0: 0x80009520 (0x00002f17) auipc   t5, 0x2
core   0: 3 0x80009520 (0x00002f17) x30 0x8000b520
core   0: 0x80009524 (0xae3f2023) sw      gp, -1312(t5)
core   0: 3 0x80009524 (0xae3f2023) mem 0x8000b000 0x00000001
core   0: 0x80009528 (0x0000bfe5) c.j     pc - 8
core   0: 3 0x80009528 (0xbfe5)
core   0: 0x80009520 (0x00002f17) auipc   t5, 0x2
core   0: 3 0x80009520 (0x00002f17) x30 0x8000b520
core   0: 0x80009524 (0xae3f2023) sw      gp, -1312(t5)
core   0: 3 0x80009524 (0xae3f2023) mem 0x8000b000 0x00000001
core   0: 0x80009528 (0x0000bfe5) c.j     pc - 8
core   0: 3 0x80009528 (0xbfe5)
core   0: 0x80009520 (0x00002f17) auipc   t5, 0x2
core   0: 3 0x80009520 (0x00002f17) x30 0x8000b520
core   0: 0x80009524 (0xae3f2023) sw      gp, -1312(t5)
core   0: 3 0x80009524 (0xae3f2023) mem 0x8000b000 0x00000001
core   0: 0x80009528 (0x0000bfe5) c.j     pc - 8
core   0: 3 0x80009528 (0xbfe5)
core   0: 0x80009520 (0x00002f17) auipc   t5, 0x2
core   0: 3 0x80009520 (0x00002f17) x30 0x8000b520
core   0: 0x80009524 (0xae3f2023) sw      gp, -1312(t5)
core   0: 3 0x80009524 (0xae3f2023) mem 0x8000b000 0x00000001
core   0: 0x80009528 (0x0000bfe5) c.j     pc - 8
core   0: 3 0x80009528 (0xbfe5)
core   0: 0x80009520 (0x00002f17) auipc   t5, 0x2
core   0: 3 0x80009520 (0x00002f17) x30 0x8000b520
core   0: 0x80009524 (0xae3f2023) sw      gp, -1312(t5)
core   0: 3 0x80009524 (0xae3f2023) mem 0x8000b000 0x00000001
core   0: 0x80009528 (0x0000bfe5) c.j     pc - 8
core   0: 3 0x80009528 (0xbfe5)
core   0: 0x80009520 (0x00002f17) auipc   t5, 0x2
core   0: 3 0x80009520 (0x00002f17) x30 0x8000b520
core   0: 0x80009524 (0xae3f2023) sw      gp, -1312(t5)
core   0: 3 0x80009524 (0xae3f2023) mem 0x8000b000 0x00000001
core   0: 0x80009528 (0x0000bfe5) c.j     pc - 8
core   0: 3 0x80009528 (0xbfe5)
core   0: 0x80009520 (0x00002f17) auipc   t5, 0x2
core   0: 3 0x80009520 (0x00002f17) x30 0x8000b520
core   0: 0x80009524 (0xae3f2023) sw      gp, -1312(t5)
core   0: 3 0x80009524 (0xae3f2023) mem 0x8000b000 0x00000001
core   0: 0x80009528 (0x0000bfe5) c.j     pc - 8
core   0: 3 0x80009528 (0xbfe5)
core   0: 0x80009520 (0x00002f17) auipc   t5, 0x2
core   0: 3 0x80009520 (0x00002f17) x30 0x8000b520
core   0: 0x80009524 (0xae3f2023) sw      gp, -1312(t5)
core   0: 3 0x80009524 (0xae3f2023) mem 0x8000b000 0x00000001
core   0: 0x80009528 (0x0000bfe5) c.j     pc - 8
core   0: 3 0x80009528 (0xbfe5)
core   0: 0x80009520 (0x00002f17) auipc   t5, 0x2
core   0: 3 0x80009520 (0x00002f17) x30 0x8000b520
core   0: 0x80009524 (0xae3f2023) sw      gp, -1312(t5)
core   0: 3 0x80009524 (0xae3f2023) mem 0x8000b000 0x00000001
core   0: 0x80009528 (0x0000bfe5) c.j     pc - 8
core   0: 3 0x80009528 (0xbfe5)
core   0: 0x80009520 (0x00002f17) auipc   t5, 0x2
core   0: 3 0x80009520 (0x00002f17) x30 0x8000b520
core   0: 0x80009524 (0xae3f2023) sw      gp, -1312(t5)
core   0: 3 0x80009524 (0xae3f2023) mem 0x8000b000 0x00000001
core   0: 0x80009528 (0x0000bfe5) c.j     pc - 8
core   0: 3 0x80009528 (0xbfe5)
core   0: 0x80009520 (0x00002f17) auipc   t5, 0x2
core   0: 3 0x80009520 (0x00002f17) x30 0x8000b520
core   0: 0x80009524 (0xae3f2023) sw      gp, -1312(t5)
core   0: 3 0x80009524 (0xae3f2023) mem 0x8000b000 0x00000001
core   0: 0x80009528 (0x0000bfe5) c.j     pc - 8
core   0: 3 0x80009528 (0xbfe5)
core   0: 0x80009520 (0x00002f17) auipc   t5, 0x2
core   0: 3 0x80009520 (0x00002f17) x30 0x8000b520
core   0: 0x80009524 (0xae3f2023) sw      gp, -1312(t5)
core   0: 3 0x80009524 (0xae3f2023) mem 0x8000b000 0x00000001
core   0: 0x80009528 (0x0000bfe5) c.j     pc - 8
core   0: 3 0x80009528 (0xbfe5)
core   0: 0x80009520 (0x00002f17) auipc   t5, 0x2
core   0: 3 0x80009520 (0x00002f17) x30 0x8000b520
core   0: 0x80009524 (0xae3f2023) sw      gp, -1312(t5)
core   0: 3 0x80009524 (0xae3f2023) mem 0x8000b000 0x00000001
core   0: 0x80009528 (0x0000bfe5) c.j     pc - 8
core   0: 3 0x80009528 (0xbfe5)
core   0: 0x80009520 (0x00002f17) auipc   t5, 0x2
core   0: 3 0x80009520 (0x00002f17) x30 0x8000b520
core   0: 0x80009524 (0xae3f2023) sw      gp, -1312(t5)
core   0: 3 0x80009524 (0xae3f2023) mem 0x8000b000 0x00000001
core   0: 0x80009528 (0x0000bfe5) c.j     pc - 8
core   0: 3 0x80009528 (0xbfe5)
core   0: 0x80009520 (0x00002f17) auipc   t5, 0x2
core   0: 3 0x80009520 (0x00002f17) x30 0x8000b520
core   0: 0x80009524 (0xae3f2023) sw      gp, -1312(t5)
core   0: 3 0x80009524 (0xae3f2023) mem 0x8000b000 0x00000001
core   0: 0x80009528 (0x0000bfe5) c.j     pc - 8
core   0: 3 0x80009528 (0xbfe5)
core   0: 0x80009520 (0x00002f17) auipc   t5, 0x2
core   0: 3 0x80009520 (0x00002f17) x30 0x8000b520
core   0: 0x80009524 (0xae3f2023) sw      gp, -1312(t5)
core   0: 3 0x80009524 (0xae3f2023) mem 0x8000b000 0x00000001
core   0: 0x80009528 (0x0000bfe5) c.j     pc - 8
core   0: 3 0x80009528 (0xbfe5)
core   0: 0x80009520 (0x00002f17) auipc   t5, 0x2
core   0: 3 0x80009520 (0x00002f17) x30 0x8000b520
core   0: 0x80009524 (0xae3f2023) sw      gp, -1312(t5)
core   0: 3 0x80009524 (0xae3f2023) mem 0x8000b000 0x00000001
core   0: 0x80009528 (0x0000bfe5) c.j     pc - 8
core   0: 3 0x80009528 (0xbfe5)
core   0: 0x80009520 (0x00002f17) auipc   t5, 0x2
core   0: 3 0x80009520 (0x00002f17) x30 0x8000b520
core   0: 0x80009524 (0xae3f2023) sw      gp, -1312(t5)
core   0: 3 0x80009524 (0xae3f2023) mem 0x8000b000 0x00000001
core   0: 0x80009528 (0x0000bfe5) c.j     pc - 8
core   0: 3 0x80009528 (0xbfe5)
core   0: 0x80009520 (0x00002f17) auipc   t5, 0x2
core   0: 3 0x80009520 (0x00002f17) x30 0x8000b520
core   0: 0x80009524 (0xae3f2023) sw      gp, -1312(t5)
core   0: 3 0x80009524 (0xae3f2023) mem 0x8000b000 0x00000001
core   0: 0x80009528 (0x0000bfe5) c.j     pc - 8
core   0: 3 0x80009528 (0xbfe5)
core   0: 0x80009520 (0x00002f17) auipc   t5, 0x2
core   0: 3 0x80009520 (0x00002f17) x30 0x8000b520
core   0: 0x80009524 (0xae3f2023) sw      gp, -1312(t5)
core   0: 3 0x80009524 (0xae3f2023) mem 0x8000b000 0x00000001
core   0: 0x80009528 (0x0000bfe5) c.j     pc - 8
core   0: 3 0x80009528 (0xbfe5)
core   0: 0x80009520 (0x00002f17) auipc   t5, 0x2
core   0: 3 0x80009520 (0x00002f17) x30 0x8000b520
core   0: 0x80009524 (0xae3f2023) sw      gp, -1312(t5)
core   0: 3 0x80009524 (0xae3f2023) mem 0x8000b000 0x00000001
core   0: 0x80009528 (0x0000bfe5) c.j     pc - 8
core   0: 3 0x80009528 (0xbfe5)
core   0: 0x80009520 (0x00002f17) auipc   t5, 0x2
core   0: 3 0x80009520 (0x00002f17) x30 0x8000b520
core   0: 0x80009524 (0xae3f2023) sw      gp, -1312(t5)
core   0: 3 0x80009524 (0xae3f2023) mem 0x8000b000 0x00000001
core   0: 0x80009528 (0x0000bfe5) c.j     pc - 8
core   0: 3 0x80009528 (0xbfe5)
core   0: 0x80009520 (0x00002f17) auipc   t5, 0x2
core   0: 3 0x80009520 (0x00002f17) x30 0x8000b520
core   0: 0x80009524 (0xae3f2023) sw      gp, -1312(t5)
core   0: 3 0x80009524 (0xae3f2023) mem 0x8000b000 0x00000001
core   0: 0x80009528 (0x0000bfe5) c.j     pc - 8
core   0: 3 0x80009528 (0xbfe5)
core   0: 0x80009520 (0x00002f17) auipc   t5, 0x2
core   0: 3 0x80009520 (0x00002f17) x30 0x8000b520
core   0: 0x80009524 (0xae3f2023) sw      gp, -1312(t5)
core   0: 3 0x80009524 (0xae3f2023) mem 0x8000b000 0x00000001
core   0: 0x80009528 (0x0000bfe5) c.j     pc - 8
core   0: 3 0x80009528 (0xbfe5)
core   0: 0x80009520 (0x00002f17) auipc   t5, 0x2
core   0: 3 0x80009520 (0x00002f17) x30 0x8000b520
core   0: 0x80009524 (0xae3f2023) sw      gp, -1312(t5)
core   0: 3 0x80009524 (0xae3f2023) mem 0x8000b000 0x00000001
core   0: 0x80009528 (0x0000bfe5) c.j     pc - 8
core   0: 3 0x80009528 (0xbfe5)
core   0: 0x80009520 (0x00002f17) auipc   t5, 0x2
core   0: 3 0x80009520 (0x00002f17) x30 0x8000b520
core   0: 0x80009524 (0xae3f2023) sw      gp, -1312(t5)
core   0: 3 0x80009524 (0xae3f2023) mem 0x8000b000 0x00000001
core   0: 0x80009528 (0x0000bfe5) c.j     pc - 8
core   0: 3 0x80009528 (0xbfe5)
core   0: 0x80009520 (0x00002f17) auipc   t5, 0x2
core   0: 3 0x80009520 (0x00002f17) x30 0x8000b520
core   0: 0x80009524 (0xae3f2023) sw      gp, -1312(t5)
core   0: 3 0x80009524 (0xae3f2023) mem 0x8000b000 0x00000001
core   0: 0x80009528 (0x0000bfe5) c.j     pc - 8
core   0: 3 0x80009528 (0xbfe5)
core   0: 0x80009520 (0x00002f17) auipc   t5, 0x2
core   0: 3 0x80009520 (0x00002f17) x30 0x8000b520
core   0: 0x80009524 (0xae3f2023) sw      gp, -1312(t5)
core   0: 3 0x80009524 (0xae3f2023) mem 0x8000b000 0x00000001
core   0: 0x80009528 (0x0000bfe5) c.j     pc - 8
core   0: 3 0x80009528 (0xbfe5)
core   0: 0x80009520 (0x00002f17) auipc   t5, 0x2
core   0: 3 0x80009520 (0x00002f17) x30 0x8000b520
core   0: 0x80009524 (0xae3f2023) sw      gp, -1312(t5)
core   0: 3 0x80009524 (0xae3f2023) mem 0x8000b000 0x00000001
core   0: 0x80009528 (0x0000bfe5) c.j     pc - 8
core   0: 3 0x80009528 (0xbfe5)
core   0: 0x80009520 (0x00002f17) auipc   t5, 0x2
core   0: 3 0x80009520 (0x00002f17) x30 0x8000b520
core   0: 0x80009524 (0xae3f2023) sw      gp, -1312(t5)
core   0: 3 0x80009524 (0xae3f2023) mem 0x8000b000 0x00000001
core   0: 0x80009528 (0x0000bfe5) c.j     pc - 8
core   0: 3 0x80009528 (0xbfe5)
core   0: 0x80009520 (0x00002f17) auipc   t5, 0x2
core   0: 3 0x80009520 (0x00002f17) x30 0x8000b520
core   0: 0x80009524 (0xae3f2023) sw      gp, -1312(t5)
core   0: 3 0x80009524 (0xae3f2023) mem 0x8000b000 0x00000001
core   0: 0x80009528 (0x0000bfe5) c.j     pc - 8
core   0: 3 0x80009528 (0xbfe5)
core   0: 0x80009520 (0x00002f17) auipc   t5, 0x2
core   0: 3 0x80009520 (0x00002f17) x30 0x8000b520
core   0: 0x80009524 (0xae3f2023) sw      gp, -1312(t5)
core   0: 3 0x80009524 (0xae3f2023) mem 0x8000b000 0x00000001
core   0: 0x80009528 (0x0000bfe5) c.j     pc - 8
core   0: 3 0x80009528 (0xbfe5)
core   0: 0x80009520 (0x00002f17) auipc   t5, 0x2
core   0: 3 0x80009520 (0x00002f17) x30 0x8000b520
core   0: 0x80009524 (0xae3f2023) sw      gp, -1312(t5)
core   0: 3 0x80009524 (0xae3f2023) mem 0x8000b000 0x00000001
core   0: 0x80009528 (0x0000bfe5) c.j     pc - 8
core   0: 3 0x80009528 (0xbfe5)
core   0: 0x80009520 (0x00002f17) auipc   t5, 0x2
core   0: 3 0x80009520 (0x00002f17) x30 0x8000b520
core   0: 0x80009524 (0xae3f2023) sw      gp, -1312(t5)
core   0: 3 0x80009524 (0xae3f2023) mem 0x8000b000 0x00000001
core   0: 0x80009528 (0x0000bfe5) c.j     pc - 8
core   0: 3 0x80009528 (0xbfe5)
core   0: 0x80009520 (0x00002f17) auipc   t5, 0x2
core   0: 3 0x80009520 (0x00002f17) x30 0x8000b520
core   0: 0x80009524 (0xae3f2023) sw      gp, -1312(t5)
core   0: 3 0x80009524 (0xae3f2023) mem 0x8000b000 0x00000001
core   0: 0x80009528 (0x0000bfe5) c.j     pc - 8
core   0: 3 0x80009528 (0xbfe5)
core   0: 0x80009520 (0x00002f17) auipc   t5, 0x2
core   0: 3 0x80009520 (0x00002f17) x30 0x8000b520
core   0: 0x80009524 (0xae3f2023) sw      gp, -1312(t5)
core   0: 3 0x80009524 (0xae3f2023) mem 0x8000b000 0x00000001
core   0: 0x80009528 (0x0000bfe5) c.j     pc - 8
core   0: 3 0x80009528 (0xbfe5)
core   0: 0x80009520 (0x00002f17) auipc   t5, 0x2
core   0: 3 0x80009520 (0x00002f17) x30 0x8000b520
core   0: 0x80009524 (0xae3f2023) sw      gp, -1312(t5)
core   0: 3 0x80009524 (0xae3f2023) mem 0x8000b000 0x00000001
core   0: 0x80009528 (0x0000bfe5) c.j     pc - 8
core   0: 3 0x80009528 (0xbfe5)
core   0: 0x80009520 (0x00002f17) auipc   t5, 0x2
core   0: 3 0x80009520 (0x00002f17) x30 0x8000b520
core   0: 0x80009524 (0xae3f2023) sw      gp, -1312(t5)
core   0: 3 0x80009524 (0xae3f2023) mem 0x8000b000 0x00000001
core   0: 0x80009528 (0x0000bfe5) c.j     pc - 8
core   0: 3 0x80009528 (0xbfe5)
core   0: 0x80009520 (0x00002f17) auipc   t5, 0x2
core   0: 3 0x80009520 (0x00002f17) x30 0x8000b520
core   0: 0x80009524 (0xae3f2023) sw      gp, -1312(t5)
core   0: 3 0x80009524 (0xae3f2023) mem 0x8000b000 0x00000001
core   0: 0x80009528 (0x0000bfe5) c.j     pc - 8
core   0: 3 0x80009528 (0xbfe5)
core   0: 0x80009520 (0x00002f17) auipc   t5, 0x2
core   0: 3 0x80009520 (0x00002f17) x30 0x8000b520
core   0: 0x80009524 (0xae3f2023) sw      gp, -1312(t5)
core   0: 3 0x80009524 (0xae3f2023) mem 0x8000b000 0x00000001
core   0: 0x80009528 (0x0000bfe5) c.j     pc - 8
core   0: 3 0x80009528 (0xbfe5)
core   0: 0x80009520 (0x00002f17) auipc   t5, 0x2
core   0: 3 0x80009520 (0x00002f17) x30 0x8000b520
core   0: 0x80009524 (0xae3f2023) sw      gp, -1312(t5)
core   0: 3 0x80009524 (0xae3f2023) mem 0x8000b000 0x00000001
core   0: 0x80009528 (0x0000bfe5) c.j     pc - 8
core   0: 3 0x80009528 (0xbfe5)
core   0: 0x80009520 (0x00002f17) auipc   t5, 0x2
core   0: 3 0x80009520 (0x00002f17) x30 0x8000b520
core   0: 0x80009524 (0xae3f2023) sw      gp, -1312(t5)
core   0: 3 0x80009524 (0xae3f2023) mem 0x8000b000 0x00000001
core   0: 0x80009528 (0x0000bfe5) c.j     pc - 8
core   0: 3 0x80009528 (0xbfe5)
core   0: 0x80009520 (0x00002f17) auipc   t5, 0x2
core   0: 3 0x80009520 (0x00002f17) x30 0x8000b520
core   0: 0x80009524 (0xae3f2023) sw      gp, -1312(t5)
core   0: 3 0x80009524 (0xae3f2023) mem 0x8000b000 0x00000001
core   0: 0x80009528 (0x0000bfe5) c.j     pc - 8
core   0: 3 0x80009528 (0xbfe5)
core   0: 0x80009520 (0x00002f17) auipc   t5, 0x2
core   0: 3 0x80009520 (0x00002f17) x30 0x8000b520
core   0: 0x80009524 (0xae3f2023) sw      gp, -1312(t5)
core   0: 3 0x80009524 (0xae3f2023) mem 0x8000b000 0x00000001
core   0: 0x80009528 (0x0000bfe5) c.j     pc - 8
core   0: 3 0x80009528 (0xbfe5)
core   0: 0x80009520 (0x00002f17) auipc   t5, 0x2
core   0: 3 0x80009520 (0x00002f17) x30 0x8000b520
core   0: 0x80009524 (0xae3f2023) sw      gp, -1312(t5)
core   0: 3 0x80009524 (0xae3f2023) mem 0x8000b000 0x00000001
core   0: 0x80009528 (0x0000bfe5) c.j     pc - 8
core   0: 3 0x80009528 (0xbfe5)
core   0: 0x80009520 (0x00002f17) auipc   t5, 0x2
core   0: 3 0x80009520 (0x00002f17) x30 0x8000b520
core   0: 0x80009524 (0xae3f2023) sw      gp, -1312(t5)
core   0: 3 0x80009524 (0xae3f2023) mem 0x8000b000 0x00000001
core   0: 0x80009528 (0x0000bfe5) c.j     pc - 8
core   0: 3 0x80009528 (0xbfe5)
core   0: 0x80009520 (0x00002f17) auipc   t5, 0x2
core   0: 3 0x80009520 (0x00002f17) x30 0x8000b520
core   0: 0x80009524 (0xae3f2023) sw      gp, -1312(t5)
core   0: 3 0x80009524 (0xae3f2023) mem 0x8000b000 0x00000001
core   0: 0x80009528 (0x0000bfe5) c.j     pc - 8
core   0: 3 0x80009528 (0xbfe5)
core   0: 0x80009520 (0x00002f17) auipc   t5, 0x2
core   0: 3 0x80009520 (0x00002f17) x30 0x8000b520
core   0: 0x80009524 (0xae3f2023) sw      gp, -1312(t5)
core   0: 3 0x80009524 (0xae3f2023) mem 0x8000b000 0x00000001
core   0: 0x80009528 (0x0000bfe5) c.j     pc - 8
core   0: 3 0x80009528 (0xbfe5)
core   0: 0x80009520 (0x00002f17) auipc   t5, 0x2
core   0: 3 0x80009520 (0x00002f17) x30 0x8000b520
core   0: 0x80009524 (0xae3f2023) sw      gp, -1312(t5)
core   0: 3 0x80009524 (0xae3f2023) mem 0x8000b000 0x00000001
core   0: 0x80009528 (0x0000bfe5) c.j     pc - 8
core   0: 3 0x80009528 (0xbfe5)
core   0: 0x80009520 (0x00002f17) auipc   t5, 0x2
core   0: 3 0x80009520 (0x00002f17) x30 0x8000b520
core   0: 0x80009524 (0xae3f2023) sw      gp, -1312(t5)
core   0: 3 0x80009524 (0xae3f2023) mem 0x8000b000 0x00000001
core   0: 0x80009528 (0x0000bfe5) c.j     pc - 8
core   0: 3 0x80009528 (0xbfe5)
core   0: 0x80009520 (0x00002f17) auipc   t5, 0x2
core   0: 3 0x80009520 (0x00002f17) x30 0x8000b520
core   0: 0x80009524 (0xae3f2023) sw      gp, -1312(t5)
core   0: 3 0x80009524 (0xae3f2023) mem 0x8000b000 0x00000001
core   0: 0x80009528 (0x0000bfe5) c.j     pc - 8
core   0: 3 0x80009528 (0xbfe5)
core   0: 0x80009520 (0x00002f17) auipc   t5, 0x2
core   0: 3 0x80009520 (0x00002f17) x30 0x8000b520
core   0: 0x80009524 (0xae3f2023) sw      gp, -1312(t5)
core   0: 3 0x80009524 (0xae3f2023) mem 0x8000b000 0x00000001
core   0: 0x80009528 (0x0000bfe5) c.j     pc - 8
core   0: 3 0x80009528 (0xbfe5)
core   0: 0x80009520 (0x00002f17) auipc   t5, 0x2
core   0: 3 0x80009520 (0x00002f17) x30 0x8000b520
core   0: 0x80009524 (0xae3f2023) sw      gp, -1312(t5)
core   0: 3 0x80009524 (0xae3f2023) mem 0x8000b000 0x00000001
core   0: 0x80009528 (0x0000bfe5) c.j     pc - 8
core   0: 3 0x80009528 (0xbfe5)
core   0: 0x80009520 (0x00002f17) auipc   t5, 0x2
core   0: 3 0x80009520 (0x00002f17) x30 0x8000b520
core   0: 0x80009524 (0xae3f2023) sw      gp, -1312(t5)
core   0: 3 0x80009524 (0xae3f2023) mem 0x8000b000 0x00000001
core   0: 0x80009528 (0x0000bfe5) c.j     pc - 8
core   0: 3 0x80009528 (0xbfe5)
core   0: 0x80009520 (0x00002f17) auipc   t5, 0x2
core   0: 3 0x80009520 (0x00002f17) x30 0x8000b520
core   0: 0x80009524 (0xae3f2023) sw      gp, -1312(t5)
core   0: 3 0x80009524 (0xae3f2023) mem 0x8000b000 0x00000001
core   0: 0x80009528 (0x0000bfe5) c.j     pc - 8
core   0: 3 0x80009528 (0xbfe5)
core   0: 0x80009520 (0x00002f17) auipc   t5, 0x2
core   0: 3 0x80009520 (0x00002f17) x30 0x8000b520
core   0: 0x80009524 (0xae3f2023) sw      gp, -1312(t5)
core   0: 3 0x80009524 (0xae3f2023) mem 0x8000b000 0x00000001
core   0: 0x80009528 (0x0000bfe5) c.j     pc - 8
core   0: 3 0x80009528 (0xbfe5)
core   0: 0x80009520 (0x00002f17) auipc   t5, 0x2
core   0: 3 0x80009520 (0x00002f17) x30 0x8000b520
core   0: 0x80009524 (0xae3f2023) sw      gp, -1312(t5)
core   0: 3 0x80009524 (0xae3f2023) mem 0x8000b000 0x00000001
core   0: 0x80009528 (0x0000bfe5) c.j     pc - 8
core   0: 3 0x80009528 (0xbfe5)
core   0: 0x80009520 (0x00002f17) auipc   t5, 0x2
core   0: 3 0x80009520 (0x00002f17) x30 0x8000b520
core   0: 0x80009524 (0xae3f2023) sw      gp, -1312(t5)
core   0: 3 0x80009524 (0xae3f2023) mem 0x8000b000 0x00000001
core   0: 0x80009528 (0x0000bfe5) c.j     pc - 8
core   0: 3 0x80009528 (0xbfe5)
core   0: 0x80009520 (0x00002f17) auipc   t5, 0x2
core   0: 3 0x80009520 (0x00002f17) x30 0x8000b520
core   0: 0x80009524 (0xae3f2023) sw      gp, -1312(t5)
core   0: 3 0x80009524 (0xae3f2023) mem 0x8000b000 0x00000001
core   0: 0x80009528 (0x0000bfe5) c.j     pc - 8
core   0: 3 0x80009528 (0xbfe5)
core   0: 0x80009520 (0x00002f17) auipc   t5, 0x2
core   0: 3 0x80009520 (0x00002f17) x30 0x8000b520
core   0: 0x80009524 (0xae3f2023) sw      gp, -1312(t5)
core   0: 3 0x80009524 (0xae3f2023) mem 0x8000b000 0x00000001
core   0: 0x80009528 (0x0000bfe5) c.j     pc - 8
core   0: 3 0x80009528 (0xbfe5)
core   0: 0x80009520 (0x00002f17) auipc   t5, 0x2
core   0: 3 0x80009520 (0x00002f17) x30 0x8000b520
core   0: 0x80009524 (0xae3f2023) sw      gp, -1312(t5)
core   0: 3 0x80009524 (0xae3f2023) mem 0x8000b000 0x00000001
core   0: 0x80009528 (0x0000bfe5) c.j     pc - 8
core   0: 3 0x80009528 (0xbfe5)
core   0: 0x80009520 (0x00002f17) auipc   t5, 0x2
core   0: 3 0x80009520 (0x00002f17) x30 0x8000b520
core   0: 0x80009524 (0xae3f2023) sw      gp, -1312(t5)
core   0: 3 0x80009524 (0xae3f2023) mem 0x8000b000 0x00000001
core   0: 0x80009528 (0x0000bfe5) c.j     pc - 8
core   0: 3 0x80009528 (0xbfe5)
core   0: 0x80009520 (0x00002f17) auipc   t5, 0x2
core   0: 3 0x80009520 (0x00002f17) x30 0x8000b520
core   0: 0x80009524 (0xae3f2023) sw      gp, -1312(t5)
core   0: 3 0x80009524 (0xae3f2023) mem 0x8000b000 0x00000001
core   0: 0x80009528 (0x0000bfe5) c.j     pc - 8
core   0: 3 0x80009528 (0xbfe5)
core   0: 0x80009520 (0x00002f17) auipc   t5, 0x2
core   0: 3 0x80009520 (0x00002f17) x30 0x8000b520
core   0: 0x80009524 (0xae3f2023) sw      gp, -1312(t5)
core   0: 3 0x80009524 (0xae3f2023) mem 0x8000b000 0x00000001
core   0: 0x80009528 (0x0000bfe5) c.j     pc - 8
core   0: 3 0x80009528 (0xbfe5)
core   0: 0x80009520 (0x00002f17) auipc   t5, 0x2
core   0: 3 0x80009520 (0x00002f17) x30 0x8000b520
core   0: 0x80009524 (0xae3f2023) sw      gp, -1312(t5)
core   0: 3 0x80009524 (0xae3f2023) mem 0x8000b000 0x00000001
core   0: 0x80009528 (0x0000bfe5) c.j     pc - 8
core   0: 3 0x80009528 (0xbfe5)
core   0: 0x80009520 (0x00002f17) auipc   t5, 0x2
core   0: 3 0x80009520 (0x00002f17) x30 0x8000b520
core   0: 0x80009524 (0xae3f2023) sw      gp, -1312(t5)
core   0: 3 0x80009524 (0xae3f2023) mem 0x8000b000 0x00000001
core   0: 0x80009528 (0x0000bfe5) c.j     pc - 8
core   0: 3 0x80009528 (0xbfe5)
core   0: 0x80009520 (0x00002f17) auipc   t5, 0x2
core   0: 3 0x80009520 (0x00002f17) x30 0x8000b520
core   0: 0x80009524 (0xae3f2023) sw      gp, -1312(t5)
core   0: 3 0x80009524 (0xae3f2023) mem 0x8000b000 0x00000001
core   0: 0x80009528 (0x0000bfe5) c.j     pc - 8
core   0: 3 0x80009528 (0xbfe5)
core   0: 0x80009520 (0x00002f17) auipc   t5, 0x2
core   0: 3 0x80009520 (0x00002f17) x30 0x8000b520
core   0: 0x80009524 (0xae3f2023) sw      gp, -1312(t5)
core   0: 3 0x80009524 (0xae3f2023) mem 0x8000b000 0x00000001
core   0: 0x80009528 (0x0000bfe5) c.j     pc - 8
core   0: 3 0x80009528 (0xbfe5)
core   0: 0x80009520 (0x00002f17) auipc   t5, 0x2
core   0: 3 0x80009520 (0x00002f17) x30 0x8000b520
core   0: 0x80009524 (0xae3f2023) sw      gp, -1312(t5)
core   0: 3 0x80009524 (0xae3f2023) mem 0x8000b000 0x00000001
core   0: 0x80009528 (0x0000bfe5) c.j     pc - 8
core   0: 3 0x80009528 (0xbfe5)
core   0: 0x80009520 (0x00002f17) auipc   t5, 0x2
core   0: 3 0x80009520 (0x00002f17) x30 0x8000b520
core   0: 0x80009524 (0xae3f2023) sw      gp, -1312(t5)
core   0: 3 0x80009524 (0xae3f2023) mem 0x8000b000 0x00000001
core   0: 0x80009528 (0x0000bfe5) c.j     pc - 8
core   0: 3 0x80009528 (0xbfe5)
core   0: 0x80009520 (0x00002f17) auipc   t5, 0x2
core   0: 3 0x80009520 (0x00002f17) x30 0x8000b520
core   0: 0x80009524 (0xae3f2023) sw      gp, -1312(t5)
core   0: 3 0x80009524 (0xae3f2023) mem 0x8000b000 0x00000001
core   0: 0x80009528 (0x0000bfe5) c.j     pc - 8
core   0: 3 0x80009528 (0xbfe5)
core   0: 0x80009520 (0x00002f17) auipc   t5, 0x2
core   0: 3 0x80009520 (0x00002f17) x30 0x8000b520
core   0: 0x80009524 (0xae3f2023) sw      gp, -1312(t5)
core   0: 3 0x80009524 (0xae3f2023) mem 0x8000b000 0x00000001
core   0: 0x80009528 (0x0000bfe5) c.j     pc - 8
core   0: 3 0x80009528 (0xbfe5)
core   0: 0x80009520 (0x00002f17) auipc   t5, 0x2
core   0: 3 0x80009520 (0x00002f17) x30 0x8000b520
core   0: 0x80009524 (0xae3f2023) sw      gp, -1312(t5)
core   0: 3 0x80009524 (0xae3f2023) mem 0x8000b000 0x00000001
core   0: 0x80009528 (0x0000bfe5) c.j     pc - 8
core   0: 3 0x80009528 (0xbfe5)
core   0: 0x80009520 (0x00002f17) auipc   t5, 0x2
core   0: 3 0x80009520 (0x00002f17) x30 0x8000b520
core   0: 0x80009524 (0xae3f2023) sw      gp, -1312(t5)
core   0: 3 0x80009524 (0xae3f2023) mem 0x8000b000 0x00000001
core   0: 0x80009528 (0x0000bfe5) c.j     pc - 8
core   0: 3 0x80009528 (0xbfe5)
core   0: 0x80009520 (0x00002f17) auipc   t5, 0x2
core   0: 3 0x80009520 (0x00002f17) x30 0x8000b520
core   0: 0x80009524 (0xae3f2023) sw      gp, -1312(t5)
core   0: 3 0x80009524 (0xae3f2023) mem 0x8000b000 0x00000001
core   0: 0x80009528 (0x0000bfe5) c.j     pc - 8
core   0: 3 0x80009528 (0xbfe5)
core   0: 0x80009520 (0x00002f17) auipc   t5, 0x2
core   0: 3 0x80009520 (0x00002f17) x30 0x8000b520
core   0: 0x80009524 (0xae3f2023) sw      gp, -1312(t5)
core   0: 3 0x80009524 (0xae3f2023) mem 0x8000b000 0x00000001
core   0: 0x80009528 (0x0000bfe5) c.j     pc - 8
core   0: 3 0x80009528 (0xbfe5)
core   0: 0x80009520 (0x00002f17) auipc   t5, 0x2
core   0: 3 0x80009520 (0x00002f17) x30 0x8000b520
core   0: 0x80009524 (0xae3f2023) sw      gp, -1312(t5)
core   0: 3 0x80009524 (0xae3f2023) mem 0x8000b000 0x00000001
core   0: 0x80009528 (0x0000bfe5) c.j     pc - 8
core   0: 3 0x80009528 (0xbfe5)
core   0: 0x80009520 (0x00002f17) auipc   t5, 0x2
core   0: 3 0x80009520 (0x00002f17) x30 0x8000b520
core   0: 0x80009524 (0xae3f2023) sw      gp, -1312(t5)
core   0: 3 0x80009524 (0xae3f2023) mem 0x8000b000 0x00000001
core   0: 0x80009528 (0x0000bfe5) c.j     pc - 8
core   0: 3 0x80009528 (0xbfe5)
core   0: 0x80009520 (0x00002f17) auipc   t5, 0x2
core   0: 3 0x80009520 (0x00002f17) x30 0x8000b520
core   0: 0x80009524 (0xae3f2023) sw      gp, -1312(t5)
core   0: 3 0x80009524 (0xae3f2023) mem 0x8000b000 0x00000001
core   0: 0x80009528 (0x0000bfe5) c.j     pc - 8
core   0: 3 0x80009528 (0xbfe5)
core   0: 0x80009520 (0x00002f17) auipc   t5, 0x2
core   0: 3 0x80009520 (0x00002f17) x30 0x8000b520
core   0: 0x80009524 (0xae3f2023) sw      gp, -1312(t5)
core   0: 3 0x80009524 (0xae3f2023) mem 0x8000b000 0x00000001
core   0: 0x80009528 (0x0000bfe5) c.j     pc - 8
core   0: 3 0x80009528 (0xbfe5)
core   0: 0x80009520 (0x00002f17) auipc   t5, 0x2
core   0: 3 0x80009520 (0x00002f17) x30 0x8000b520
core   0: 0x80009524 (0xae3f2023) sw      gp, -1312(t5)
core   0: 3 0x80009524 (0xae3f2023) mem 0x8000b000 0x00000001
core   0: 0x80009528 (0x0000bfe5) c.j     pc - 8
core   0: 3 0x80009528 (0xbfe5)
core   0: 0x80009520 (0x00002f17) auipc   t5, 0x2
core   0: 3 0x80009520 (0x00002f17) x30 0x8000b520
core   0: 0x80009524 (0xae3f2023) sw      gp, -1312(t5)
core   0: 3 0x80009524 (0xae3f2023) mem 0x8000b000 0x00000001
core   0: 0x80009528 (0x0000bfe5) c.j     pc - 8
core   0: 3 0x80009528 (0xbfe5)
core   0: 0x80009520 (0x00002f17) auipc   t5, 0x2
core   0: 3 0x80009520 (0x00002f17) x30 0x8000b520
core   0: 0x80009524 (0xae3f2023) sw      gp, -1312(t5)
core   0: 3 0x80009524 (0xae3f2023) mem 0x8000b000 0x00000001
core   0: 0x80009528 (0x0000bfe5) c.j     pc - 8
core   0: 3 0x80009528 (0xbfe5)
core   0: 0x80009520 (0x00002f17) auipc   t5, 0x2
core   0: 3 0x80009520 (0x00002f17) x30 0x8000b520
core   0: 0x80009524 (0xae3f2023) sw      gp, -1312(t5)
core   0: 3 0x80009524 (0xae3f2023) mem 0x8000b000 0x00000001
core   0: 0x80009528 (0x0000bfe5) c.j     pc - 8
core   0: 3 0x80009528 (0xbfe5)
core   0: 0x80009520 (0x00002f17) auipc   t5, 0x2
core   0: 3 0x80009520 (0x00002f17) x30 0x8000b520
core   0: 0x80009524 (0xae3f2023) sw      gp, -1312(t5)
core   0: 3 0x80009524 (0xae3f2023) mem 0x8000b000 0x00000001
core   0: 0x80009528 (0x0000bfe5) c.j     pc - 8
core   0: 3 0x80009528 (0xbfe5)
core   0: 0x80009520 (0x00002f17) auipc   t5, 0x2
core   0: 3 0x80009520 (0x00002f17) x30 0x8000b520
core   0: 0x80009524 (0xae3f2023) sw      gp, -1312(t5)
core   0: 3 0x80009524 (0xae3f2023) mem 0x8000b000 0x00000001
core   0: 0x80009528 (0x0000bfe5) c.j     pc - 8
core   0: 3 0x80009528 (0xbfe5)
core   0: 0x80009520 (0x00002f17) auipc   t5, 0x2
core   0: 3 0x80009520 (0x00002f17) x30 0x8000b520
core   0: 0x80009524 (0xae3f2023) sw      gp, -1312(t5)
core   0: 3 0x80009524 (0xae3f2023) mem 0x8000b000 0x00000001
core   0: 0x80009528 (0x0000bfe5) c.j     pc - 8
core   0: 3 0x80009528 (0xbfe5)
core   0: 0x80009520 (0x00002f17) auipc   t5, 0x2
core   0: 3 0x80009520 (0x00002f17) x30 0x8000b520
core   0: 0x80009524 (0xae3f2023) sw      gp, -1312(t5)
core   0: 3 0x80009524 (0xae3f2023) mem 0x8000b000 0x00000001
core   0: 0x80009528 (0x0000bfe5) c.j     pc - 8
core   0: 3 0x80009528 (0xbfe5)
core   0: 0x80009520 (0x00002f17) auipc   t5, 0x2
core   0: 3 0x80009520 (0x00002f17) x30 0x8000b520
core   0: 0x80009524 (0xae3f2023) sw      gp, -1312(t5)
core   0: 3 0x80009524 (0xae3f2023) mem 0x8000b000 0x00000001
core   0: 0x80009528 (0x0000bfe5) c.j     pc - 8
core   0: 3 0x80009528 (0xbfe5)
core   0: 0x80009520 (0x00002f17) auipc   t5, 0x2
core   0: 3 0x80009520 (0x00002f17) x30 0x8000b520
core   0: 0x80009524 (0xae3f2023) sw      gp, -1312(t5)
core   0: 3 0x80009524 (0xae3f2023) mem 0x8000b000 0x00000001
core   0: 0x80009528 (0x0000bfe5) c.j     pc - 8
core   0: 3 0x80009528 (0xbfe5)
core   0: 0x80009520 (0x00002f17) auipc   t5, 0x2
core   0: 3 0x80009520 (0x00002f17) x30 0x8000b520
core   0: 0x80009524 (0xae3f2023) sw      gp, -1312(t5)
core   0: 3 0x80009524 (0xae3f2023) mem 0x8000b000 0x00000001
core   0: 0x80009528 (0x0000bfe5) c.j     pc - 8
core   0: 3 0x80009528 (0xbfe5)
core   0: 0x80009520 (0x00002f17) auipc   t5, 0x2
core   0: 3 0x80009520 (0x00002f17) x30 0x8000b520
core   0: 0x80009524 (0xae3f2023) sw      gp, -1312(t5)
core   0: 3 0x80009524 (0xae3f2023) mem 0x8000b000 0x00000001
core   0: 0x80009528 (0x0000bfe5) c.j     pc - 8
core   0: 3 0x80009528 (0xbfe5)
core   0: 0x80009520 (0x00002f17) auipc   t5, 0x2
core   0: 3 0x80009520 (0x00002f17) x30 0x8000b520
core   0: 0x80009524 (0xae3f2023) sw      gp, -1312(t5)
core   0: 3 0x80009524 (0xae3f2023) mem 0x8000b000 0x00000001
core   0: 0x80009528 (0x0000bfe5) c.j     pc - 8
core   0: 3 0x80009528 (0xbfe5)
core   0: 0x80009520 (0x00002f17) auipc   t5, 0x2
core   0: 3 0x80009520 (0x00002f17) x30 0x8000b520
core   0: 0x80009524 (0xae3f2023) sw      gp, -1312(t5)
core   0: 3 0x80009524 (0xae3f2023) mem 0x8000b000 0x00000001
core   0: 0x80009528 (0x0000bfe5) c.j     pc - 8
core   0: 3 0x80009528 (0xbfe5)
core   0: 0x80009520 (0x00002f17) auipc   t5, 0x2
core   0: 3 0x80009520 (0x00002f17) x30 0x8000b520
core   0: 0x80009524 (0xae3f2023) sw      gp, -1312(t5)
core   0: 3 0x80009524 (0xae3f2023) mem 0x8000b000 0x00000001
core   0: 0x80009528 (0x0000bfe5) c.j     pc - 8
core   0: 3 0x80009528 (0xbfe5)
core   0: 0x80009520 (0x00002f17) auipc   t5, 0x2
core   0: 3 0x80009520 (0x00002f17) x30 0x8000b520
core   0: 0x80009524 (0xae3f2023) sw      gp, -1312(t5)
core   0: 3 0x80009524 (0xae3f2023) mem 0x8000b000 0x00000001
core   0: 0x80009528 (0x0000bfe5) c.j     pc - 8
core   0: 3 0x80009528 (0xbfe5)
core   0: 0x80009520 (0x00002f17) auipc   t5, 0x2
core   0: 3 0x80009520 (0x00002f17) x30 0x8000b520
core   0: 0x80009524 (0xae3f2023) sw      gp, -1312(t5)
core   0: 3 0x80009524 (0xae3f2023) mem 0x8000b000 0x00000001
core   0: 0x80009528 (0x0000bfe5) c.j     pc - 8
core   0: 3 0x80009528 (0xbfe5)
core   0: 0x80009520 (0x00002f17) auipc   t5, 0x2
core   0: 3 0x80009520 (0x00002f17) x30 0x8000b520
core   0: 0x80009524 (0xae3f2023) sw      gp, -1312(t5)
core   0: 3 0x80009524 (0xae3f2023) mem 0x8000b000 0x00000001
core   0: 0x80009528 (0x0000bfe5) c.j     pc - 8
core   0: 3 0x80009528 (0xbfe5)
core   0: 0x80009520 (0x00002f17) auipc   t5, 0x2
core   0: 3 0x80009520 (0x00002f17) x30 0x8000b520
core   0: 0x80009524 (0xae3f2023) sw      gp, -1312(t5)
core   0: 3 0x80009524 (0xae3f2023) mem 0x8000b000 0x00000001
core   0: 0x80009528 (0x0000bfe5) c.j     pc - 8
core   0: 3 0x80009528 (0xbfe5)
core   0: 0x80009520 (0x00002f17) auipc   t5, 0x2
core   0: 3 0x80009520 (0x00002f17) x30 0x8000b520
core   0: 0x80009524 (0xae3f2023) sw      gp, -1312(t5)
core   0: 3 0x80009524 (0xae3f2023) mem 0x8000b000 0x00000001
core   0: 0x80009528 (0x0000bfe5) c.j     pc - 8
core   0: 3 0x80009528 (0xbfe5)
core   0: 0x80009520 (0x00002f17) auipc   t5, 0x2
core   0: 3 0x80009520 (0x00002f17) x30 0x8000b520
core   0: 0x80009524 (0xae3f2023) sw      gp, -1312(t5)
core   0: 3 0x80009524 (0xae3f2023) mem 0x8000b000 0x00000001
core   0: 0x80009528 (0x0000bfe5) c.j     pc - 8
core   0: 3 0x80009528 (0xbfe5)
core   0: 0x80009520 (0x00002f17) auipc   t5, 0x2
core   0: 3 0x80009520 (0x00002f17) x30 0x8000b520
core   0: 0x80009524 (0xae3f2023) sw      gp, -1312(t5)
core   0: 3 0x80009524 (0xae3f2023) mem 0x8000b000 0x00000001
core   0: 0x80009528 (0x0000bfe5) c.j     pc - 8
core   0: 3 0x80009528 (0xbfe5)
core   0: 0x80009520 (0x00002f17) auipc   t5, 0x2
core   0: 3 0x80009520 (0x00002f17) x30 0x8000b520
core   0: 0x80009524 (0xae3f2023) sw      gp, -1312(t5)
core   0: 3 0x80009524 (0xae3f2023) mem 0x8000b000 0x00000001
core   0: 0x80009528 (0x0000bfe5) c.j     pc - 8
core   0: 3 0x80009528 (0xbfe5)
core   0: 0x80009520 (0x00002f17) auipc   t5, 0x2
core   0: 3 0x80009520 (0x00002f17) x30 0x8000b520
core   0: 0x80009524 (0xae3f2023) sw      gp, -1312(t5)
core   0: 3 0x80009524 (0xae3f2023) mem 0x8000b000 0x00000001
core   0: 0x80009528 (0x0000bfe5) c.j     pc - 8
core   0: 3 0x80009528 (0xbfe5)
core   0: 0x80009520 (0x00002f17) auipc   t5, 0x2
core   0: 3 0x80009520 (0x00002f17) x30 0x8000b520
core   0: 0x80009524 (0xae3f2023) sw      gp, -1312(t5)
core   0: 3 0x80009524 (0xae3f2023) mem 0x8000b000 0x00000001
core   0: 0x80009528 (0x0000bfe5) c.j     pc - 8
core   0: 3 0x80009528 (0xbfe5)
core   0: 0x80009520 (0x00002f17) auipc   t5, 0x2
core   0: 3 0x80009520 (0x00002f17) x30 0x8000b520
core   0: 0x80009524 (0xae3f2023) sw      gp, -1312(t5)
core   0: 3 0x80009524 (0xae3f2023) mem 0x8000b000 0x00000001
core   0: 0x80009528 (0x0000bfe5) c.j     pc - 8
core   0: 3 0x80009528 (0xbfe5)
core   0: 0x80009520 (0x00002f17) auipc   t5, 0x2
core   0: 3 0x80009520 (0x00002f17) x30 0x8000b520
core   0: 0x80009524 (0xae3f2023) sw      gp, -1312(t5)
core   0: 3 0x80009524 (0xae3f2023) mem 0x8000b000 0x00000001
core   0: 0x80009528 (0x0000bfe5) c.j     pc - 8
core   0: 3 0x80009528 (0xbfe5)
core   0: 0x80009520 (0x00002f17) auipc   t5, 0x2
core   0: 3 0x80009520 (0x00002f17) x30 0x8000b520
core   0: 0x80009524 (0xae3f2023) sw      gp, -1312(t5)
core   0: 3 0x80009524 (0xae3f2023) mem 0x8000b000 0x00000001
core   0: 0x80009528 (0x0000bfe5) c.j     pc - 8
core   0: 3 0x80009528 (0xbfe5)
core   0: 0x80009520 (0x00002f17) auipc   t5, 0x2
core   0: 3 0x80009520 (0x00002f17) x30 0x8000b520
core   0: 0x80009524 (0xae3f2023) sw      gp, -1312(t5)
core   0: 3 0x80009524 (0xae3f2023) mem 0x8000b000 0x00000001
core   0: 0x80009528 (0x0000bfe5) c.j     pc - 8
core   0: 3 0x80009528 (0xbfe5)
core   0: 0x80009520 (0x00002f17) auipc   t5, 0x2
core   0: 3 0x80009520 (0x00002f17) x30 0x8000b520
core   0: 0x80009524 (0xae3f2023) sw      gp, -1312(t5)
core   0: 3 0x80009524 (0xae3f2023) mem 0x8000b000 0x00000001
core   0: 0x80009528 (0x0000bfe5) c.j     pc - 8
core   0: 3 0x80009528 (0xbfe5)
core   0: 0x80009520 (0x00002f17) auipc   t5, 0x2
core   0: 3 0x80009520 (0x00002f17) x30 0x8000b520
core   0: 0x80009524 (0xae3f2023) sw      gp, -1312(t5)
core   0: 3 0x80009524 (0xae3f2023) mem 0x8000b000 0x00000001
core   0: 0x80009528 (0x0000bfe5) c.j     pc - 8
core   0: 3 0x80009528 (0xbfe5)
core   0: 0x80009520 (0x00002f17) auipc   t5, 0x2
core   0: 3 0x80009520 (0x00002f17) x30 0x8000b520
core   0: 0x80009524 (0xae3f2023) sw      gp, -1312(t5)
core   0: 3 0x80009524 (0xae3f2023) mem 0x8000b000 0x00000001
core   0: 0x80009528 (0x0000bfe5) c.j     pc - 8
core   0: 3 0x80009528 (0xbfe5)
core   0: 0x80009520 (0x00002f17) auipc   t5, 0x2
core   0: 3 0x80009520 (0x00002f17) x30 0x8000b520
core   0: 0x80009524 (0xae3f2023) sw      gp, -1312(t5)
core   0: 3 0x80009524 (0xae3f2023) mem 0x8000b000 0x00000001
core   0: 0x80009528 (0x0000bfe5) c.j     pc - 8
core   0: 3 0x80009528 (0xbfe5)
core   0: 0x80009520 (0x00002f17) auipc   t5, 0x2
core   0: 3 0x80009520 (0x00002f17) x30 0x8000b520
core   0: 0x80009524 (0xae3f2023) sw      gp, -1312(t5)
core   0: 3 0x80009524 (0xae3f2023) mem 0x8000b000 0x00000001
core   0: 0x80009528 (0x0000bfe5) c.j     pc - 8
core   0: 3 0x80009528 (0xbfe5)
core   0: 0x80009520 (0x00002f17) auipc   t5, 0x2
core   0: 3 0x80009520 (0x00002f17) x30 0x8000b520
core   0: 0x80009524 (0xae3f2023) sw      gp, -1312(t5)
core   0: 3 0x80009524 (0xae3f2023) mem 0x8000b000 0x00000001
core   0: 0x80009528 (0x0000bfe5) c.j     pc - 8
core   0: 3 0x80009528 (0xbfe5)
core   0: 0x80009520 (0x00002f17) auipc   t5, 0x2
core   0: 3 0x80009520 (0x00002f17) x30 0x8000b520
core   0: 0x80009524 (0xae3f2023) sw      gp, -1312(t5)
core   0: 3 0x80009524 (0xae3f2023) mem 0x8000b000 0x00000001
core   0: 0x80009528 (0x0000bfe5) c.j     pc - 8
core   0: 3 0x80009528 (0xbfe5)
core   0: 0x80009520 (0x00002f17) auipc   t5, 0x2
core   0: 3 0x80009520 (0x00002f17) x30 0x8000b520
core   0: 0x80009524 (0xae3f2023) sw      gp, -1312(t5)
core   0: 3 0x80009524 (0xae3f2023) mem 0x8000b000 0x00000001
core   0: 0x80009528 (0x0000bfe5) c.j     pc - 8
core   0: 3 0x80009528 (0xbfe5)
core   0: 0x80009520 (0x00002f17) auipc   t5, 0x2
core   0: 3 0x80009520 (0x00002f17) x30 0x8000b520
core   0: 0x80009524 (0xae3f2023) sw      gp, -1312(t5)
core   0: 3 0x80009524 (0xae3f2023) mem 0x8000b000 0x00000001
core   0: 0x80009528 (0x0000bfe5) c.j     pc - 8
core   0: 3 0x80009528 (0xbfe5)
core   0: 0x80009520 (0x00002f17) auipc   t5, 0x2
core   0: 3 0x80009520 (0x00002f17) x30 0x8000b520
core   0: 0x80009524 (0xae3f2023) sw      gp, -1312(t5)
core   0: 3 0x80009524 (0xae3f2023) mem 0x8000b000 0x00000001
core   0: 0x80009528 (0x0000bfe5) c.j     pc - 8
core   0: 3 0x80009528 (0xbfe5)
core   0: 0x80009520 (0x00002f17) auipc   t5, 0x2
core   0: 3 0x80009520 (0x00002f17) x30 0x8000b520
core   0: 0x80009524 (0xae3f2023) sw      gp, -1312(t5)
core   0: 3 0x80009524 (0xae3f2023) mem 0x8000b000 0x00000001
core   0: 0x80009528 (0x0000bfe5) c.j     pc - 8
core   0: 3 0x80009528 (0xbfe5)
core   0: 0x80009520 (0x00002f17) auipc   t5, 0x2
core   0: 3 0x80009520 (0x00002f17) x30 0x8000b520
core   0: 0x80009524 (0xae3f2023) sw      gp, -1312(t5)
core   0: 3 0x80009524 (0xae3f2023) mem 0x8000b000 0x00000001
core   0: 0x80009528 (0x0000bfe5) c.j     pc - 8
core   0: 3 0x80009528 (0xbfe5)
core   0: 0x80009520 (0x00002f17) auipc   t5, 0x2
core   0: 3 0x80009520 (0x00002f17) x30 0x8000b520
core   0: 0x80009524 (0xae3f2023) sw      gp, -1312(t5)
core   0: 3 0x80009524 (0xae3f2023) mem 0x8000b000 0x00000001
core   0: 0x80009528 (0x0000bfe5) c.j     pc - 8
core   0: 3 0x80009528 (0xbfe5)
core   0: 0x80009520 (0x00002f17) auipc   t5, 0x2
core   0: 3 0x80009520 (0x00002f17) x30 0x8000b520
core   0: 0x80009524 (0xae3f2023) sw      gp, -1312(t5)
core   0: 3 0x80009524 (0xae3f2023) mem 0x8000b000 0x00000001
core   0: 0x80009528 (0x0000bfe5) c.j     pc - 8
core   0: 3 0x80009528 (0xbfe5)
core   0: 0x80009520 (0x00002f17) auipc   t5, 0x2
core   0: 3 0x80009520 (0x00002f17) x30 0x8000b520
core   0: 0x80009524 (0xae3f2023) sw      gp, -1312(t5)
core   0: 3 0x80009524 (0xae3f2023) mem 0x8000b000 0x00000001
core   0: 0x80009528 (0x0000bfe5) c.j     pc - 8
core   0: 3 0x80009528 (0xbfe5)
core   0: 0x80009520 (0x00002f17) auipc   t5, 0x2
core   0: 3 0x80009520 (0x00002f17) x30 0x8000b520
core   0: 0x80009524 (0xae3f2023) sw      gp, -1312(t5)
core   0: 3 0x80009524 (0xae3f2023) mem 0x8000b000 0x00000001
core   0: 0x80009528 (0x0000bfe5) c.j     pc - 8
core   0: 3 0x80009528 (0xbfe5)
core   0: 0x80009520 (0x00002f17) auipc   t5, 0x2
core   0: 3 0x80009520 (0x00002f17) x30 0x8000b520
core   0: 0x80009524 (0xae3f2023) sw      gp, -1312(t5)
core   0: 3 0x80009524 (0xae3f2023) mem 0x8000b000 0x00000001
core   0: 0x80009528 (0x0000bfe5) c.j     pc - 8
core   0: 3 0x80009528 (0xbfe5)
core   0: 0x80009520 (0x00002f17) auipc   t5, 0x2
core   0: 3 0x80009520 (0x00002f17) x30 0x8000b520
core   0: 0x80009524 (0xae3f2023) sw      gp, -1312(t5)
core   0: 3 0x80009524 (0xae3f2023) mem 0x8000b000 0x00000001
core   0: 0x80009528 (0x0000bfe5) c.j     pc - 8
core   0: 3 0x80009528 (0xbfe5)
core   0: 0x80009520 (0x00002f17) auipc   t5, 0x2
core   0: 3 0x80009520 (0x00002f17) x30 0x8000b520
core   0: 0x80009524 (0xae3f2023) sw      gp, -1312(t5)
core   0: 3 0x80009524 (0xae3f2023) mem 0x8000b000 0x00000001
core   0: 0x80009528 (0x0000bfe5) c.j     pc - 8
core   0: 3 0x80009528 (0xbfe5)
core   0: 0x80009520 (0x00002f17) auipc   t5, 0x2
core   0: 3 0x80009520 (0x00002f17) x30 0x8000b520
core   0: 0x80009524 (0xae3f2023) sw      gp, -1312(t5)
core   0: 3 0x80009524 (0xae3f2023) mem 0x8000b000 0x00000001
core   0: 0x80009528 (0x0000bfe5) c.j     pc - 8
core   0: 3 0x80009528 (0xbfe5)
core   0: 0x80009520 (0x00002f17) auipc   t5, 0x2
core   0: 3 0x80009520 (0x00002f17) x30 0x8000b520
core   0: 0x80009524 (0xae3f2023) sw      gp, -1312(t5)
core   0: 3 0x80009524 (0xae3f2023) mem 0x8000b000 0x00000001
core   0: 0x80009528 (0x0000bfe5) c.j     pc - 8
core   0: 3 0x80009528 (0xbfe5)
core   0: 0x80009520 (0x00002f17) auipc   t5, 0x2
core   0: 3 0x80009520 (0x00002f17) x30 0x8000b520
core   0: 0x80009524 (0xae3f2023) sw      gp, -1312(t5)
core   0: 3 0x80009524 (0xae3f2023) mem 0x8000b000 0x00000001
core   0: 0x80009528 (0x0000bfe5) c.j     pc - 8
core   0: 3 0x80009528 (0xbfe5)
core   0: 0x80009520 (0x00002f17) auipc   t5, 0x2
core   0: 3 0x80009520 (0x00002f17) x30 0x8000b520
core   0: 0x80009524 (0xae3f2023) sw      gp, -1312(t5)
core   0: 3 0x80009524 (0xae3f2023) mem 0x8000b000 0x00000001
core   0: 0x80009528 (0x0000bfe5) c.j     pc - 8
core   0: 3 0x80009528 (0xbfe5)
core   0: 0x80009520 (0x00002f17) auipc   t5, 0x2
core   0: 3 0x80009520 (0x00002f17) x30 0x8000b520
core   0: 0x80009524 (0xae3f2023) sw      gp, -1312(t5)
core   0: 3 0x80009524 (0xae3f2023) mem 0x8000b000 0x00000001
core   0: 0x80009528 (0x0000bfe5) c.j     pc - 8
core   0: 3 0x80009528 (0xbfe5)
core   0: 0x80009520 (0x00002f17) auipc   t5, 0x2
core   0: 3 0x80009520 (0x00002f17) x30 0x8000b520
core   0: 0x80009524 (0xae3f2023) sw      gp, -1312(t5)
core   0: 3 0x80009524 (0xae3f2023) mem 0x8000b000 0x00000001
core   0: 0x80009528 (0x0000bfe5) c.j     pc - 8
core   0: 3 0x80009528 (0xbfe5)
core   0: 0x80009520 (0x00002f17) auipc   t5, 0x2
core   0: 3 0x80009520 (0x00002f17) x30 0x8000b520
core   0: 0x80009524 (0xae3f2023) sw      gp, -1312(t5)
core   0: 3 0x80009524 (0xae3f2023) mem 0x8000b000 0x00000001
core   0: 0x80009528 (0x0000bfe5) c.j     pc - 8
core   0: 3 0x80009528 (0xbfe5)
core   0: 0x80009520 (0x00002f17) auipc   t5, 0x2
core   0: 3 0x80009520 (0x00002f17) x30 0x8000b520
core   0: 0x80009524 (0xae3f2023) sw      gp, -1312(t5)
core   0: 3 0x80009524 (0xae3f2023) mem 0x8000b000 0x00000001
core   0: 0x80009528 (0x0000bfe5) c.j     pc - 8
core   0: 3 0x80009528 (0xbfe5)
core   0: 0x80009520 (0x00002f17) auipc   t5, 0x2
core   0: 3 0x80009520 (0x00002f17) x30 0x8000b520
core   0: 0x80009524 (0xae3f2023) sw      gp, -1312(t5)
core   0: 3 0x80009524 (0xae3f2023) mem 0x8000b000 0x00000001
core   0: 0x80009528 (0x0000bfe5) c.j     pc - 8
core   0: 3 0x80009528 (0xbfe5)
core   0: 0x80009520 (0x00002f17) auipc   t5, 0x2
core   0: 3 0x80009520 (0x00002f17) x30 0x8000b520
core   0: 0x80009524 (0xae3f2023) sw      gp, -1312(t5)
core   0: 3 0x80009524 (0xae3f2023) mem 0x8000b000 0x00000001
core   0: 0x80009528 (0x0000bfe5) c.j     pc - 8
core   0: 3 0x80009528 (0xbfe5)
core   0: 0x80009520 (0x00002f17) auipc   t5, 0x2
core   0: 3 0x80009520 (0x00002f17) x30 0x8000b520
core   0: 0x80009524 (0xae3f2023) sw      gp, -1312(t5)
core   0: 3 0x80009524 (0xae3f2023) mem 0x8000b000 0x00000001
core   0: 0x80009528 (0x0000bfe5) c.j     pc - 8
core   0: 3 0x80009528 (0xbfe5)
core   0: 0x80009520 (0x00002f17) auipc   t5, 0x2
core   0: 3 0x80009520 (0x00002f17) x30 0x8000b520
core   0: 0x80009524 (0xae3f2023) sw      gp, -1312(t5)
core   0: 3 0x80009524 (0xae3f2023) mem 0x8000b000 0x00000001
core   0: 0x80009528 (0x0000bfe5) c.j     pc - 8
core   0: 3 0x80009528 (0xbfe5)
core   0: 0x80009520 (0x00002f17) auipc   t5, 0x2
core   0: 3 0x80009520 (0x00002f17) x30 0x8000b520
core   0: 0x80009524 (0xae3f2023) sw      gp, -1312(t5)
core   0: 3 0x80009524 (0xae3f2023) mem 0x8000b000 0x00000001
core   0: 0x80009528 (0x0000bfe5) c.j     pc - 8
core   0: 3 0x80009528 (0xbfe5)
core   0: 0x80009520 (0x00002f17) auipc   t5, 0x2
core   0: 3 0x80009520 (0x00002f17) x30 0x8000b520
core   0: 0x80009524 (0xae3f2023) sw      gp, -1312(t5)
core   0: 3 0x80009524 (0xae3f2023) mem 0x8000b000 0x00000001
core   0: 0x80009528 (0x0000bfe5) c.j     pc - 8
core   0: 3 0x80009528 (0xbfe5)
core   0: 0x80009520 (0x00002f17) auipc   t5, 0x2
core   0: 3 0x80009520 (0x00002f17) x30 0x8000b520
core   0: 0x80009524 (0xae3f2023) sw      gp, -1312(t5)
core   0: 3 0x80009524 (0xae3f2023) mem 0x8000b000 0x00000001
core   0: 0x80009528 (0x0000bfe5) c.j     pc - 8
core   0: 3 0x80009528 (0xbfe5)
core   0: 0x80009520 (0x00002f17) auipc   t5, 0x2
core   0: 3 0x80009520 (0x00002f17) x30 0x8000b520
core   0: 0x80009524 (0xae3f2023) sw      gp, -1312(t5)
core   0: 3 0x80009524 (0xae3f2023) mem 0x8000b000 0x00000001
core   0: 0x80009528 (0x0000bfe5) c.j     pc - 8
core   0: 3 0x80009528 (0xbfe5)
core   0: 0x80009520 (0x00002f17) auipc   t5, 0x2
core   0: 3 0x80009520 (0x00002f17) x30 0x8000b520
core   0: 0x80009524 (0xae3f2023) sw      gp, -1312(t5)
core   0: 3 0x80009524 (0xae3f2023) mem 0x8000b000 0x00000001
core   0: 0x80009528 (0x0000bfe5) c.j     pc - 8
core   0: 3 0x80009528 (0xbfe5)
core   0: 0x80009520 (0x00002f17) auipc   t5, 0x2
core   0: 3 0x80009520 (0x00002f17) x30 0x8000b520
core   0: 0x80009524 (0xae3f2023) sw      gp, -1312(t5)
core   0: 3 0x80009524 (0xae3f2023) mem 0x8000b000 0x00000001
core   0: 0x80009528 (0x0000bfe5) c.j     pc - 8
core   0: 3 0x80009528 (0xbfe5)
core   0: 0x80009520 (0x00002f17) auipc   t5, 0x2
core   0: 3 0x80009520 (0x00002f17) x30 0x8000b520
core   0: 0x80009524 (0xae3f2023) sw      gp, -1312(t5)
core   0: 3 0x80009524 (0xae3f2023) mem 0x8000b000 0x00000001
core   0: 0x80009528 (0x0000bfe5) c.j     pc - 8
core   0: 3 0x80009528 (0xbfe5)
core   0: 0x80009520 (0x00002f17) auipc   t5, 0x2
core   0: 3 0x80009520 (0x00002f17) x30 0x8000b520
core   0: 0x80009524 (0xae3f2023) sw      gp, -1312(t5)
core   0: 3 0x80009524 (0xae3f2023) mem 0x8000b000 0x00000001
core   0: 0x80009528 (0x0000bfe5) c.j     pc - 8
core   0: 3 0x80009528 (0xbfe5)
core   0: 0x80009520 (0x00002f17) auipc   t5, 0x2
core   0: 3 0x80009520 (0x00002f17) x30 0x8000b520
core   0: 0x80009524 (0xae3f2023) sw      gp, -1312(t5)
core   0: 3 0x80009524 (0xae3f2023) mem 0x8000b000 0x00000001
core   0: 0x80009528 (0x0000bfe5) c.j     pc - 8
core   0: 3 0x80009528 (0xbfe5)
core   0: 0x80009520 (0x00002f17) auipc   t5, 0x2
core   0: 3 0x80009520 (0x00002f17) x30 0x8000b520
core   0: 0x80009524 (0xae3f2023) sw      gp, -1312(t5)
core   0: 3 0x80009524 (0xae3f2023) mem 0x8000b000 0x00000001
core   0: 0x80009528 (0x0000bfe5) c.j     pc - 8
core   0: 3 0x80009528 (0xbfe5)
core   0: 0x80009520 (0x00002f17) auipc   t5, 0x2
core   0: 3 0x80009520 (0x00002f17) x30 0x8000b520
core   0: 0x80009524 (0xae3f2023) sw      gp, -1312(t5)
core   0: 3 0x80009524 (0xae3f2023) mem 0x8000b000 0x00000001
core   0: 0x80009528 (0x0000bfe5) c.j     pc - 8
core   0: 3 0x80009528 (0xbfe5)
core   0: 0x80009520 (0x00002f17) auipc   t5, 0x2
core   0: 3 0x80009520 (0x00002f17) x30 0x8000b520
core   0: 0x80009524 (0xae3f2023) sw      gp, -1312(t5)
core   0: 3 0x80009524 (0xae3f2023) mem 0x8000b000 0x00000001
core   0: 0x80009528 (0x0000bfe5) c.j     pc - 8
core   0: 3 0x80009528 (0xbfe5)
core   0: 0x80009520 (0x00002f17) auipc   t5, 0x2
core   0: 3 0x80009520 (0x00002f17) x30 0x8000b520
core   0: 0x80009524 (0xae3f2023) sw      gp, -1312(t5)
core   0: 3 0x80009524 (0xae3f2023) mem 0x8000b000 0x00000001
core   0: 0x80009528 (0x0000bfe5) c.j     pc - 8
core   0: 3 0x80009528 (0xbfe5)
core   0: 0x80009520 (0x00002f17) auipc   t5, 0x2
core   0: 3 0x80009520 (0x00002f17) x30 0x8000b520
core   0: 0x80009524 (0xae3f2023) sw      gp, -1312(t5)
core   0: 3 0x80009524 (0xae3f2023) mem 0x8000b000 0x00000001
core   0: 0x80009528 (0x0000bfe5) c.j     pc - 8
core   0: 3 0x80009528 (0xbfe5)
core   0: 0x80009520 (0x00002f17) auipc   t5, 0x2
core   0: 3 0x80009520 (0x00002f17) x30 0x8000b520
core   0: 0x80009524 (0xae3f2023) sw      gp, -1312(t5)
core   0: 3 0x80009524 (0xae3f2023) mem 0x8000b000 0x00000001
core   0: 0x80009528 (0x0000bfe5) c.j     pc - 8
core   0: 3 0x80009528 (0xbfe5)
core   0: 0x80009520 (0x00002f17) auipc   t5, 0x2
core   0: 3 0x80009520 (0x00002f17) x30 0x8000b520
core   0: 0x80009524 (0xae3f2023) sw      gp, -1312(t5)
core   0: 3 0x80009524 (0xae3f2023) mem 0x8000b000 0x00000001
core   0: 0x80009528 (0x0000bfe5) c.j     pc - 8
core   0: 3 0x80009528 (0xbfe5)
core   0: 0x80009520 (0x00002f17) auipc   t5, 0x2
core   0: 3 0x80009520 (0x00002f17) x30 0x8000b520
core   0: 0x80009524 (0xae3f2023) sw      gp, -1312(t5)
core   0: 3 0x80009524 (0xae3f2023) mem 0x8000b000 0x00000001
core   0: 0x80009528 (0x0000bfe5) c.j     pc - 8
core   0: 3 0x80009528 (0xbfe5)
core   0: 0x80009520 (0x00002f17) auipc   t5, 0x2
core   0: 3 0x80009520 (0x00002f17) x30 0x8000b520
core   0: 0x80009524 (0xae3f2023) sw      gp, -1312(t5)
core   0: 3 0x80009524 (0xae3f2023) mem 0x8000b000 0x00000001
core   0: 0x80009528 (0x0000bfe5) c.j     pc - 8
core   0: 3 0x80009528 (0xbfe5)
core   0: 0x80009520 (0x00002f17) auipc   t5, 0x2
core   0: 3 0x80009520 (0x00002f17) x30 0x8000b520
core   0: 0x80009524 (0xae3f2023) sw      gp, -1312(t5)
core   0: 3 0x80009524 (0xae3f2023) mem 0x8000b000 0x00000001
core   0: 0x80009528 (0x0000bfe5) c.j     pc - 8
core   0: 3 0x80009528 (0xbfe5)
core   0: 0x80009520 (0x00002f17) auipc   t5, 0x2
core   0: 3 0x80009520 (0x00002f17) x30 0x8000b520
core   0: 0x80009524 (0xae3f2023) sw      gp, -1312(t5)
core   0: 3 0x80009524 (0xae3f2023) mem 0x8000b000 0x00000001
core   0: 0x80009528 (0x0000bfe5) c.j     pc - 8
core   0: 3 0x80009528 (0xbfe5)
core   0: 0x80009520 (0x00002f17) auipc   t5, 0x2
core   0: 3 0x80009520 (0x00002f17) x30 0x8000b520
core   0: 0x80009524 (0xae3f2023) sw      gp, -1312(t5)
core   0: 3 0x80009524 (0xae3f2023) mem 0x8000b000 0x00000001
core   0: 0x80009528 (0x0000bfe5) c.j     pc - 8
core   0: 3 0x80009528 (0xbfe5)
core   0: 0x80009520 (0x00002f17) auipc   t5, 0x2
core   0: 3 0x80009520 (0x00002f17) x30 0x8000b520
core   0: 0x80009524 (0xae3f2023) sw      gp, -1312(t5)
core   0: 3 0x80009524 (0xae3f2023) mem 0x8000b000 0x00000001
core   0: 0x80009528 (0x0000bfe5) c.j     pc - 8
core   0: 3 0x80009528 (0xbfe5)
core   0: 0x80009520 (0x00002f17) auipc   t5, 0x2
core   0: 3 0x80009520 (0x00002f17) x30 0x8000b520
core   0: 0x80009524 (0xae3f2023) sw      gp, -1312(t5)
core   0: 3 0x80009524 (0xae3f2023) mem 0x8000b000 0x00000001
core   0: 0x80009528 (0x0000bfe5) c.j     pc - 8
core   0: 3 0x80009528 (0xbfe5)
core   0: 0x80009520 (0x00002f17) auipc   t5, 0x2
core   0: 3 0x80009520 (0x00002f17) x30 0x8000b520
core   0: 0x80009524 (0xae3f2023) sw      gp, -1312(t5)
core   0: 3 0x80009524 (0xae3f2023) mem 0x8000b000 0x00000001
core   0: 0x80009528 (0x0000bfe5) c.j     pc - 8
core   0: 3 0x80009528 (0xbfe5)
core   0: 0x80009520 (0x00002f17) auipc   t5, 0x2
core   0: 3 0x80009520 (0x00002f17) x30 0x8000b520
core   0: 0x80009524 (0xae3f2023) sw      gp, -1312(t5)
core   0: 3 0x80009524 (0xae3f2023) mem 0x8000b000 0x00000001
core   0: 0x80009528 (0x0000bfe5) c.j     pc - 8
core   0: 3 0x80009528 (0xbfe5)
core   0: 0x80009520 (0x00002f17) auipc   t5, 0x2
core   0: 3 0x80009520 (0x00002f17) x30 0x8000b520
core   0: 0x80009524 (0xae3f2023) sw      gp, -1312(t5)
core   0: 3 0x80009524 (0xae3f2023) mem 0x8000b000 0x00000001
core   0: 0x80009528 (0x0000bfe5) c.j     pc - 8
core   0: 3 0x80009528 (0xbfe5)
core   0: 0x80009520 (0x00002f17) auipc   t5, 0x2
core   0: 3 0x80009520 (0x00002f17) x30 0x8000b520
core   0: 0x80009524 (0xae3f2023) sw      gp, -1312(t5)
core   0: 3 0x80009524 (0xae3f2023) mem 0x8000b000 0x00000001
core   0: 0x80009528 (0x0000bfe5) c.j     pc - 8
core   0: 3 0x80009528 (0xbfe5)
core   0: 0x80009520 (0x00002f17) auipc   t5, 0x2
core   0: 3 0x80009520 (0x00002f17) x30 0x8000b520
core   0: 0x80009524 (0xae3f2023) sw      gp, -1312(t5)
core   0: 3 0x80009524 (0xae3f2023) mem 0x8000b000 0x00000001
core   0: 0x80009528 (0x0000bfe5) c.j     pc - 8
core   0: 3 0x80009528 (0xbfe5)
core   0: 0x80009520 (0x00002f17) auipc   t5, 0x2
core   0: 3 0x80009520 (0x00002f17) x30 0x8000b520
core   0: 0x80009524 (0xae3f2023) sw      gp, -1312(t5)
core   0: 3 0x80009524 (0xae3f2023) mem 0x8000b000 0x00000001
core   0: 0x80009528 (0x0000bfe5) c.j     pc - 8
core   0: 3 0x80009528 (0xbfe5)
core   0: 0x80009520 (0x00002f17) auipc   t5, 0x2
core   0: 3 0x80009520 (0x00002f17) x30 0x8000b520
core   0: 0x80009524 (0xae3f2023) sw      gp, -1312(t5)
core   0: 3 0x80009524 (0xae3f2023) mem 0x8000b000 0x00000001
core   0: 0x80009528 (0x0000bfe5) c.j     pc - 8
core   0: 3 0x80009528 (0xbfe5)
core   0: 0x80009520 (0x00002f17) auipc   t5, 0x2
core   0: 3 0x80009520 (0x00002f17) x30 0x8000b520
core   0: 0x80009524 (0xae3f2023) sw      gp, -1312(t5)
core   0: 3 0x80009524 (0xae3f2023) mem 0x8000b000 0x00000001
core   0: 0x80009528 (0x0000bfe5) c.j     pc - 8
core   0: 3 0x80009528 (0xbfe5)
core   0: 0x80009520 (0x00002f17) auipc   t5, 0x2
core   0: 3 0x80009520 (0x00002f17) x30 0x8000b520
core   0: 0x80009524 (0xae3f2023) sw      gp, -1312(t5)
core   0: 3 0x80009524 (0xae3f2023) mem 0x8000b000 0x00000001
core   0: 0x80009528 (0x0000bfe5) c.j     pc - 8
core   0: 3 0x80009528 (0xbfe5)
core   0: 0x80009520 (0x00002f17) auipc   t5, 0x2
core   0: 3 0x80009520 (0x00002f17) x30 0x8000b520
core   0: 0x80009524 (0xae3f2023) sw      gp, -1312(t5)
core   0: 3 0x80009524 (0xae3f2023) mem 0x8000b000 0x00000001
core   0: 0x80009528 (0x0000bfe5) c.j     pc - 8
core   0: 3 0x80009528 (0xbfe5)
core   0: 0x80009520 (0x00002f17) auipc   t5, 0x2
core   0: 3 0x80009520 (0x00002f17) x30 0x8000b520
core   0: 0x80009524 (0xae3f2023) sw      gp, -1312(t5)
core   0: 3 0x80009524 (0xae3f2023) mem 0x8000b000 0x00000001
core   0: 0x80009528 (0x0000bfe5) c.j     pc - 8
core   0: 3 0x80009528 (0xbfe5)
core   0: 0x80009520 (0x00002f17) auipc   t5, 0x2
core   0: 3 0x80009520 (0x00002f17) x30 0x8000b520
core   0: 0x80009524 (0xae3f2023) sw      gp, -1312(t5)
core   0: 3 0x80009524 (0xae3f2023) mem 0x8000b000 0x00000001
core   0: 0x80009528 (0x0000bfe5) c.j     pc - 8
core   0: 3 0x80009528 (0xbfe5)
core   0: 0x80009520 (0x00002f17) auipc   t5, 0x2
core   0: 3 0x80009520 (0x00002f17) x30 0x8000b520
core   0: 0x80009524 (0xae3f2023) sw      gp, -1312(t5)
core   0: 3 0x80009524 (0xae3f2023) mem 0x8000b000 0x00000001
core   0: 0x80009528 (0x0000bfe5) c.j     pc - 8
core   0: 3 0x80009528 (0xbfe5)
core   0: 0x80009520 (0x00002f17) auipc   t5, 0x2
core   0: 3 0x80009520 (0x00002f17) x30 0x8000b520
core   0: 0x80009524 (0xae3f2023) sw      gp, -1312(t5)
core   0: 3 0x80009524 (0xae3f2023) mem 0x8000b000 0x00000001
core   0: 0x80009528 (0x0000bfe5) c.j     pc - 8
core   0: 3 0x80009528 (0xbfe5)
core   0: 0x80009520 (0x00002f17) auipc   t5, 0x2
core   0: 3 0x80009520 (0x00002f17) x30 0x8000b520
core   0: 0x80009524 (0xae3f2023) sw      gp, -1312(t5)
core   0: 3 0x80009524 (0xae3f2023) mem 0x8000b000 0x00000001
core   0: 0x80009528 (0x0000bfe5) c.j     pc - 8
core   0: 3 0x80009528 (0xbfe5)
core   0: 0x80009520 (0x00002f17) auipc   t5, 0x2
core   0: 3 0x80009520 (0x00002f17) x30 0x8000b520
core   0: 0x80009524 (0xae3f2023) sw      gp, -1312(t5)
core   0: 3 0x80009524 (0xae3f2023) mem 0x8000b000 0x00000001
core   0: 0x80009528 (0x0000bfe5) c.j     pc - 8
core   0: 3 0x80009528 (0xbfe5)
core   0: 0x80009520 (0x00002f17) auipc   t5, 0x2
core   0: 3 0x80009520 (0x00002f17) x30 0x8000b520
core   0: 0x80009524 (0xae3f2023) sw      gp, -1312(t5)
core   0: 3 0x80009524 (0xae3f2023) mem 0x8000b000 0x00000001
core   0: 0x80009528 (0x0000bfe5) c.j     pc - 8
core   0: 3 0x80009528 (0xbfe5)
core   0: 0x80009520 (0x00002f17) auipc   t5, 0x2
core   0: 3 0x80009520 (0x00002f17) x30 0x8000b520
core   0: 0x80009524 (0xae3f2023) sw      gp, -1312(t5)
core   0: 3 0x80009524 (0xae3f2023) mem 0x8000b000 0x00000001
core   0: 0x80009528 (0x0000bfe5) c.j     pc - 8
core   0: 3 0x80009528 (0xbfe5)
core   0: 0x80009520 (0x00002f17) auipc   t5, 0x2
core   0: 3 0x80009520 (0x00002f17) x30 0x8000b520
core   0: 0x80009524 (0xae3f2023) sw      gp, -1312(t5)
core   0: 3 0x80009524 (0xae3f2023) mem 0x8000b000 0x00000001
core   0: 0x80009528 (0x0000bfe5) c.j     pc - 8
core   0: 3 0x80009528 (0xbfe5)
core   0: 0x80009520 (0x00002f17) auipc   t5, 0x2
core   0: 3 0x80009520 (0x00002f17) x30 0x8000b520
core   0: 0x80009524 (0xae3f2023) sw      gp, -1312(t5)
core   0: 3 0x80009524 (0xae3f2023) mem 0x8000b000 0x00000001
core   0: 0x80009528 (0x0000bfe5) c.j     pc - 8
core   0: 3 0x80009528 (0xbfe5)
core   0: 0x80009520 (0x00002f17) auipc   t5, 0x2
core   0: 3 0x80009520 (0x00002f17) x30 0x8000b520
core   0: 0x80009524 (0xae3f2023) sw      gp, -1312(t5)
core   0: 3 0x80009524 (0xae3f2023) mem 0x8000b000 0x00000001
core   0: 0x80009528 (0x0000bfe5) c.j     pc - 8
core   0: 3 0x80009528 (0xbfe5)
core   0: 0x80009520 (0x00002f17) auipc   t5, 0x2
core   0: 3 0x80009520 (0x00002f17) x30 0x8000b520
core   0: 0x80009524 (0xae3f2023) sw      gp, -1312(t5)
core   0: 3 0x80009524 (0xae3f2023) mem 0x8000b000 0x00000001
core   0: 0x80009528 (0x0000bfe5) c.j     pc - 8
core   0: 3 0x80009528 (0xbfe5)
core   0: 0x80009520 (0x00002f17) auipc   t5, 0x2
core   0: 3 0x80009520 (0x00002f17) x30 0x8000b520
core   0: 0x80009524 (0xae3f2023) sw      gp, -1312(t5)
core   0: 3 0x80009524 (0xae3f2023) mem 0x8000b000 0x00000001
core   0: 0x80009528 (0x0000bfe5) c.j     pc - 8
core   0: 3 0x80009528 (0xbfe5)
core   0: 0x80009520 (0x00002f17) auipc   t5, 0x2
core   0: 3 0x80009520 (0x00002f17) x30 0x8000b520
core   0: 0x80009524 (0xae3f2023) sw      gp, -1312(t5)
core   0: 3 0x80009524 (0xae3f2023) mem 0x8000b000 0x00000001
core   0: 0x80009528 (0x0000bfe5) c.j     pc - 8
core   0: 3 0x80009528 (0xbfe5)
core   0: 0x80009520 (0x00002f17) auipc   t5, 0x2
core   0: 3 0x80009520 (0x00002f17) x30 0x8000b520
core   0: 0x80009524 (0xae3f2023) sw      gp, -1312(t5)
core   0: 3 0x80009524 (0xae3f2023) mem 0x8000b000 0x00000001
core   0: 0x80009528 (0x0000bfe5) c.j     pc - 8
core   0: 3 0x80009528 (0xbfe5)
core   0: 0x80009520 (0x00002f17) auipc   t5, 0x2
core   0: 3 0x80009520 (0x00002f17) x30 0x8000b520
core   0: 0x80009524 (0xae3f2023) sw      gp, -1312(t5)
core   0: 3 0x80009524 (0xae3f2023) mem 0x8000b000 0x00000001
core   0: 0x80009528 (0x0000bfe5) c.j     pc - 8
core   0: 3 0x80009528 (0xbfe5)
core   0: 0x80009520 (0x00002f17) auipc   t5, 0x2
core   0: 3 0x80009520 (0x00002f17) x30 0x8000b520
core   0: 0x80009524 (0xae3f2023) sw      gp, -1312(t5)
core   0: 3 0x80009524 (0xae3f2023) mem 0x8000b000 0x00000001
core   0: 0x80009528 (0x0000bfe5) c.j     pc - 8
core   0: 3 0x80009528 (0xbfe5)
core   0: 0x80009520 (0x00002f17) auipc   t5, 0x2
core   0: 3 0x80009520 (0x00002f17) x30 0x8000b520
core   0: 0x80009524 (0xae3f2023) sw      gp, -1312(t5)
core   0: 3 0x80009524 (0xae3f2023) mem 0x8000b000 0x00000001
core   0: 0x80009528 (0x0000bfe5) c.j     pc - 8
core   0: 3 0x80009528 (0xbfe5)
core   0: 0x80009520 (0x00002f17) auipc   t5, 0x2
core   0: 3 0x80009520 (0x00002f17) x30 0x8000b520
core   0: 0x80009524 (0xae3f2023) sw      gp, -1312(t5)
core   0: 3 0x80009524 (0xae3f2023) mem 0x8000b000 0x00000001
core   0: 0x80009528 (0x0000bfe5) c.j     pc - 8
core   0: 3 0x80009528 (0xbfe5)
core   0: 0x80009520 (0x00002f17) auipc   t5, 0x2
core   0: 3 0x80009520 (0x00002f17) x30 0x8000b520
core   0: 0x80009524 (0xae3f2023) sw      gp, -1312(t5)
core   0: 3 0x80009524 (0xae3f2023) mem 0x8000b000 0x00000001
core   0: 0x80009528 (0x0000bfe5) c.j     pc - 8
core   0: 3 0x80009528 (0xbfe5)
core   0: 0x80009520 (0x00002f17) auipc   t5, 0x2
core   0: 3 0x80009520 (0x00002f17) x30 0x8000b520
core   0: 0x80009524 (0xae3f2023) sw      gp, -1312(t5)
core   0: 3 0x80009524 (0xae3f2023) mem 0x8000b000 0x00000001
core   0: 0x80009528 (0x0000bfe5) c.j     pc - 8
core   0: 3 0x80009528 (0xbfe5)
core   0: 0x80009520 (0x00002f17) auipc   t5, 0x2
core   0: 3 0x80009520 (0x00002f17) x30 0x8000b520
core   0: 0x80009524 (0xae3f2023) sw      gp, -1312(t5)
core   0: 3 0x80009524 (0xae3f2023) mem 0x8000b000 0x00000001
core   0: 0x80009528 (0x0000bfe5) c.j     pc - 8
core   0: 3 0x80009528 (0xbfe5)
core   0: 0x80009520 (0x00002f17) auipc   t5, 0x2
core   0: 3 0x80009520 (0x00002f17) x30 0x8000b520
core   0: 0x80009524 (0xae3f2023) sw      gp, -1312(t5)
core   0: 3 0x80009524 (0xae3f2023) mem 0x8000b000 0x00000001
core   0: 0x80009528 (0x0000bfe5) c.j     pc - 8
core   0: 3 0x80009528 (0xbfe5)
core   0: 0x80009520 (0x00002f17) auipc   t5, 0x2
core   0: 3 0x80009520 (0x00002f17) x30 0x8000b520
core   0: 0x80009524 (0xae3f2023) sw      gp, -1312(t5)
core   0: 3 0x80009524 (0xae3f2023) mem 0x8000b000 0x00000001
core   0: 0x80009528 (0x0000bfe5) c.j     pc - 8
core   0: 3 0x80009528 (0xbfe5)
core   0: 0x80009520 (0x00002f17) auipc   t5, 0x2
core   0: 3 0x80009520 (0x00002f17) x30 0x8000b520
core   0: 0x80009524 (0xae3f2023) sw      gp, -1312(t5)
core   0: 3 0x80009524 (0xae3f2023) mem 0x8000b000 0x00000001
core   0: 0x80009528 (0x0000bfe5) c.j     pc - 8
core   0: 3 0x80009528 (0xbfe5)
core   0: 0x80009520 (0x00002f17) auipc   t5, 0x2
core   0: 3 0x80009520 (0x00002f17) x30 0x8000b520
core   0: 0x80009524 (0xae3f2023) sw      gp, -1312(t5)
core   0: 3 0x80009524 (0xae3f2023) mem 0x8000b000 0x00000001
core   0: 0x80009528 (0x0000bfe5) c.j     pc - 8
core   0: 3 0x80009528 (0xbfe5)
core   0: 0x80009520 (0x00002f17) auipc   t5, 0x2
core   0: 3 0x80009520 (0x00002f17) x30 0x8000b520
core   0: 0x80009524 (0xae3f2023) sw      gp, -1312(t5)
core   0: 3 0x80009524 (0xae3f2023) mem 0x8000b000 0x00000001
core   0: 0x80009528 (0x0000bfe5) c.j     pc - 8
core   0: 3 0x80009528 (0xbfe5)
core   0: 0x80009520 (0x00002f17) auipc   t5, 0x2
core   0: 3 0x80009520 (0x00002f17) x30 0x8000b520
core   0: 0x80009524 (0xae3f2023) sw      gp, -1312(t5)
core   0: 3 0x80009524 (0xae3f2023) mem 0x8000b000 0x00000001
core   0: 0x80009528 (0x0000bfe5) c.j     pc - 8
core   0: 3 0x80009528 (0xbfe5)
core   0: 0x80009520 (0x00002f17) auipc   t5, 0x2
core   0: 3 0x80009520 (0x00002f17) x30 0x8000b520
core   0: 0x80009524 (0xae3f2023) sw      gp, -1312(t5)
core   0: 3 0x80009524 (0xae3f2023) mem 0x8000b000 0x00000001
core   0: 0x80009528 (0x0000bfe5) c.j     pc - 8
core   0: 3 0x80009528 (0xbfe5)
core   0: 0x80009520 (0x00002f17) auipc   t5, 0x2
core   0: 3 0x80009520 (0x00002f17) x30 0x8000b520
core   0: 0x80009524 (0xae3f2023) sw      gp, -1312(t5)
core   0: 3 0x80009524 (0xae3f2023) mem 0x8000b000 0x00000001
core   0: 0x80009528 (0x0000bfe5) c.j     pc - 8
core   0: 3 0x80009528 (0xbfe5)
core   0: 0x80009520 (0x00002f17) auipc   t5, 0x2
core   0: 3 0x80009520 (0x00002f17) x30 0x8000b520
core   0: 0x80009524 (0xae3f2023) sw      gp, -1312(t5)
core   0: 3 0x80009524 (0xae3f2023) mem 0x8000b000 0x00000001
core   0: 0x80009528 (0x0000bfe5) c.j     pc - 8
core   0: 3 0x80009528 (0xbfe5)
core   0: 0x80009520 (0x00002f17) auipc   t5, 0x2
core   0: 3 0x80009520 (0x00002f17) x30 0x8000b520
core   0: 0x80009524 (0xae3f2023) sw      gp, -1312(t5)
core   0: 3 0x80009524 (0xae3f2023) mem 0x8000b000 0x00000001
core   0: 0x80009528 (0x0000bfe5) c.j     pc - 8
core   0: 3 0x80009528 (0xbfe5)
core   0: 0x80009520 (0x00002f17) auipc   t5, 0x2
core   0: 3 0x80009520 (0x00002f17) x30 0x8000b520
core   0: 0x80009524 (0xae3f2023) sw      gp, -1312(t5)
core   0: 3 0x80009524 (0xae3f2023) mem 0x8000b000 0x00000001
core   0: 0x80009528 (0x0000bfe5) c.j     pc - 8
core   0: 3 0x80009528 (0xbfe5)
core   0: 0x80009520 (0x00002f17) auipc   t5, 0x2
core   0: 3 0x80009520 (0x00002f17) x30 0x8000b520
core   0: 0x80009524 (0xae3f2023) sw      gp, -1312(t5)
core   0: 3 0x80009524 (0xae3f2023) mem 0x8000b000 0x00000001
core   0: 0x80009528 (0x0000bfe5) c.j     pc - 8
core   0: 3 0x80009528 (0xbfe5)
core   0: 0x80009520 (0x00002f17) auipc   t5, 0x2
core   0: 3 0x80009520 (0x00002f17) x30 0x8000b520
core   0: 0x80009524 (0xae3f2023) sw      gp, -1312(t5)
core   0: 3 0x80009524 (0xae3f2023) mem 0x8000b000 0x00000001
core   0: 0x80009528 (0x0000bfe5) c.j     pc - 8
core   0: 3 0x80009528 (0xbfe5)
core   0: 0x80009520 (0x00002f17) auipc   t5, 0x2
core   0: 3 0x80009520 (0x00002f17) x30 0x8000b520
core   0: 0x80009524 (0xae3f2023) sw      gp, -1312(t5)
core   0: 3 0x80009524 (0xae3f2023) mem 0x8000b000 0x00000001
core   0: 0x80009528 (0x0000bfe5) c.j     pc - 8
core   0: 3 0x80009528 (0xbfe5)
core   0: 0x80009520 (0x00002f17) auipc   t5, 0x2
core   0: 3 0x80009520 (0x00002f17) x30 0x8000b520
core   0: 0x80009524 (0xae3f2023) sw      gp, -1312(t5)
core   0: 3 0x80009524 (0xae3f2023) mem 0x8000b000 0x00000001
core   0: 0x80009528 (0x0000bfe5) c.j     pc - 8
core   0: 3 0x80009528 (0xbfe5)
core   0: 0x80009520 (0x00002f17) auipc   t5, 0x2
core   0: 3 0x80009520 (0x00002f17) x30 0x8000b520
core   0: 0x80009524 (0xae3f2023) sw      gp, -1312(t5)
core   0: 3 0x80009524 (0xae3f2023) mem 0x8000b000 0x00000001
core   0: 0x80009528 (0x0000bfe5) c.j     pc - 8
core   0: 3 0x80009528 (0xbfe5)
core   0: 0x80009520 (0x00002f17) auipc   t5, 0x2
core   0: 3 0x80009520 (0x00002f17) x30 0x8000b520
core   0: 0x80009524 (0xae3f2023) sw      gp, -1312(t5)
core   0: 3 0x80009524 (0xae3f2023) mem 0x8000b000 0x00000001
core   0: 0x80009528 (0x0000bfe5) c.j     pc - 8
core   0: 3 0x80009528 (0xbfe5)
core   0: 0x80009520 (0x00002f17) auipc   t5, 0x2
core   0: 3 0x80009520 (0x00002f17) x30 0x8000b520
core   0: 0x80009524 (0xae3f2023) sw      gp, -1312(t5)
core   0: 3 0x80009524 (0xae3f2023) mem 0x8000b000 0x00000001
core   0: 0x80009528 (0x0000bfe5) c.j     pc - 8
core   0: 3 0x80009528 (0xbfe5)
core   0: 0x80009520 (0x00002f17) auipc   t5, 0x2
core   0: 3 0x80009520 (0x00002f17) x30 0x8000b520
core   0: 0x80009524 (0xae3f2023) sw      gp, -1312(t5)
core   0: 3 0x80009524 (0xae3f2023) mem 0x8000b000 0x00000001
core   0: 0x80009528 (0x0000bfe5) c.j     pc - 8
core   0: 3 0x80009528 (0xbfe5)
core   0: 0x80009520 (0x00002f17) auipc   t5, 0x2
core   0: 3 0x80009520 (0x00002f17) x30 0x8000b520
core   0: 0x80009524 (0xae3f2023) sw      gp, -1312(t5)
core   0: 3 0x80009524 (0xae3f2023) mem 0x8000b000 0x00000001
core   0: 0x80009528 (0x0000bfe5) c.j     pc - 8
core   0: 3 0x80009528 (0xbfe5)
core   0: 0x80009520 (0x00002f17) auipc   t5, 0x2
core   0: 3 0x80009520 (0x00002f17) x30 0x8000b520
core   0: 0x80009524 (0xae3f2023) sw      gp, -1312(t5)
core   0: 3 0x80009524 (0xae3f2023) mem 0x8000b000 0x00000001
core   0: 0x80009528 (0x0000bfe5) c.j     pc - 8
core   0: 3 0x80009528 (0xbfe5)
core   0: 0x80009520 (0x00002f17) auipc   t5, 0x2
core   0: 3 0x80009520 (0x00002f17) x30 0x8000b520
core   0: 0x80009524 (0xae3f2023) sw      gp, -1312(t5)
core   0: 3 0x80009524 (0xae3f2023) mem 0x8000b000 0x00000001
core   0: 0x80009528 (0x0000bfe5) c.j     pc - 8
core   0: 3 0x80009528 (0xbfe5)
core   0: 0x80009520 (0x00002f17) auipc   t5, 0x2
core   0: 3 0x80009520 (0x00002f17) x30 0x8000b520
core   0: 0x80009524 (0xae3f2023) sw      gp, -1312(t5)
core   0: 3 0x80009524 (0xae3f2023) mem 0x8000b000 0x00000001
core   0: 0x80009528 (0x0000bfe5) c.j     pc - 8
core   0: 3 0x80009528 (0xbfe5)
core   0: 0x80009520 (0x00002f17) auipc   t5, 0x2
core   0: 3 0x80009520 (0x00002f17) x30 0x8000b520
core   0: 0x80009524 (0xae3f2023) sw      gp, -1312(t5)
core   0: 3 0x80009524 (0xae3f2023) mem 0x8000b000 0x00000001
core   0: 0x80009528 (0x0000bfe5) c.j     pc - 8
core   0: 3 0x80009528 (0xbfe5)
core   0: 0x80009520 (0x00002f17) auipc   t5, 0x2
core   0: 3 0x80009520 (0x00002f17) x30 0x8000b520
core   0: 0x80009524 (0xae3f2023) sw      gp, -1312(t5)
core   0: 3 0x80009524 (0xae3f2023) mem 0x8000b000 0x00000001
core   0: 0x80009528 (0x0000bfe5) c.j     pc - 8
core   0: 3 0x80009528 (0xbfe5)
core   0: 0x80009520 (0x00002f17) auipc   t5, 0x2
core   0: 3 0x80009520 (0x00002f17) x30 0x8000b520
core   0: 0x80009524 (0xae3f2023) sw      gp, -1312(t5)
core   0: 3 0x80009524 (0xae3f2023) mem 0x8000b000 0x00000001
core   0: 0x80009528 (0x0000bfe5) c.j     pc - 8
core   0: 3 0x80009528 (0xbfe5)
core   0: 0x80009520 (0x00002f17) auipc   t5, 0x2
core   0: 3 0x80009520 (0x00002f17) x30 0x8000b520
core   0: 0x80009524 (0xae3f2023) sw      gp, -1312(t5)
core   0: 3 0x80009524 (0xae3f2023) mem 0x8000b000 0x00000001
core   0: 0x80009528 (0x0000bfe5) c.j     pc - 8
core   0: 3 0x80009528 (0xbfe5)
core   0: 0x80009520 (0x00002f17) auipc   t5, 0x2
core   0: 3 0x80009520 (0x00002f17) x30 0x8000b520
core   0: 0x80009524 (0xae3f2023) sw      gp, -1312(t5)
core   0: 3 0x80009524 (0xae3f2023) mem 0x8000b000 0x00000001
core   0: 0x80009528 (0x0000bfe5) c.j     pc - 8
core   0: 3 0x80009528 (0xbfe5)
core   0: 0x80009520 (0x00002f17) auipc   t5, 0x2
core   0: 3 0x80009520 (0x00002f17) x30 0x8000b520
core   0: 0x80009524 (0xae3f2023) sw      gp, -1312(t5)
core   0: 3 0x80009524 (0xae3f2023) mem 0x8000b000 0x00000001
core   0: 0x80009528 (0x0000bfe5) c.j     pc - 8
core   0: 3 0x80009528 (0xbfe5)
core   0: 0x80009520 (0x00002f17) auipc   t5, 0x2
core   0: 3 0x80009520 (0x00002f17) x30 0x8000b520
core   0: 0x80009524 (0xae3f2023) sw      gp, -1312(t5)
core   0: 3 0x80009524 (0xae3f2023) mem 0x8000b000 0x00000001
core   0: 0x80009528 (0x0000bfe5) c.j     pc - 8
core   0: 3 0x80009528 (0xbfe5)
core   0: 0x80009520 (0x00002f17) auipc   t5, 0x2
core   0: 3 0x80009520 (0x00002f17) x30 0x8000b520
core   0: 0x80009524 (0xae3f2023) sw      gp, -1312(t5)
core   0: 3 0x80009524 (0xae3f2023) mem 0x8000b000 0x00000001
core   0: 0x80009528 (0x0000bfe5) c.j     pc - 8
core   0: 3 0x80009528 (0xbfe5)
core   0: 0x80009520 (0x00002f17) auipc   t5, 0x2
core   0: 3 0x80009520 (0x00002f17) x30 0x8000b520
core   0: 0x80009524 (0xae3f2023) sw      gp, -1312(t5)
core   0: 3 0x80009524 (0xae3f2023) mem 0x8000b000 0x00000001
core   0: 0x80009528 (0x0000bfe5) c.j     pc - 8
core   0: 3 0x80009528 (0xbfe5)
core   0: 0x80009520 (0x00002f17) auipc   t5, 0x2
core   0: 3 0x80009520 (0x00002f17) x30 0x8000b520
core   0: 0x80009524 (0xae3f2023) sw      gp, -1312(t5)
core   0: 3 0x80009524 (0xae3f2023) mem 0x8000b000 0x00000001
core   0: 0x80009528 (0x0000bfe5) c.j     pc - 8
core   0: 3 0x80009528 (0xbfe5)
core   0: 0x80009520 (0x00002f17) auipc   t5, 0x2
core   0: 3 0x80009520 (0x00002f17) x30 0x8000b520
core   0: 0x80009524 (0xae3f2023) sw      gp, -1312(t5)
core   0: 3 0x80009524 (0xae3f2023) mem 0x8000b000 0x00000001
core   0: 0x80009528 (0x0000bfe5) c.j     pc - 8
core   0: 3 0x80009528 (0xbfe5)
core   0: 0x80009520 (0x00002f17) auipc   t5, 0x2
core   0: 3 0x80009520 (0x00002f17) x30 0x8000b520
core   0: 0x80009524 (0xae3f2023) sw      gp, -1312(t5)
core   0: 3 0x80009524 (0xae3f2023) mem 0x8000b000 0x00000001
core   0: 0x80009528 (0x0000bfe5) c.j     pc - 8
core   0: 3 0x80009528 (0xbfe5)
core   0: 0x80009520 (0x00002f17) auipc   t5, 0x2
core   0: 3 0x80009520 (0x00002f17) x30 0x8000b520
core   0: 0x80009524 (0xae3f2023) sw      gp, -1312(t5)
core   0: 3 0x80009524 (0xae3f2023) mem 0x8000b000 0x00000001
core   0: 0x80009528 (0x0000bfe5) c.j     pc - 8
core   0: 3 0x80009528 (0xbfe5)
core   0: 0x80009520 (0x00002f17) auipc   t5, 0x2
core   0: 3 0x80009520 (0x00002f17) x30 0x8000b520
core   0: 0x80009524 (0xae3f2023) sw      gp, -1312(t5)
core   0: 3 0x80009524 (0xae3f2023) mem 0x8000b000 0x00000001
core   0: 0x80009528 (0x0000bfe5) c.j     pc - 8
core   0: 3 0x80009528 (0xbfe5)
core   0: 0x80009520 (0x00002f17) auipc   t5, 0x2
core   0: 3 0x80009520 (0x00002f17) x30 0x8000b520
core   0: 0x80009524 (0xae3f2023) sw      gp, -1312(t5)
core   0: 3 0x80009524 (0xae3f2023) mem 0x8000b000 0x00000001
core   0: 0x80009528 (0x0000bfe5) c.j     pc - 8
core   0: 3 0x80009528 (0xbfe5)
core   0: 0x80009520 (0x00002f17) auipc   t5, 0x2
core   0: 3 0x80009520 (0x00002f17) x30 0x8000b520
core   0: 0x80009524 (0xae3f2023) sw      gp, -1312(t5)
core   0: 3 0x80009524 (0xae3f2023) mem 0x8000b000 0x00000001
core   0: 0x80009528 (0x0000bfe5) c.j     pc - 8
core   0: 3 0x80009528 (0xbfe5)
core   0: 0x80009520 (0x00002f17) auipc   t5, 0x2
core   0: 3 0x80009520 (0x00002f17) x30 0x8000b520
core   0: 0x80009524 (0xae3f2023) sw      gp, -1312(t5)
core   0: 3 0x80009524 (0xae3f2023) mem 0x8000b000 0x00000001
core   0: 0x80009528 (0x0000bfe5) c.j     pc - 8
core   0: 3 0x80009528 (0xbfe5)
core   0: 0x80009520 (0x00002f17) auipc   t5, 0x2
core   0: 3 0x80009520 (0x00002f17) x30 0x8000b520
core   0: 0x80009524 (0xae3f2023) sw      gp, -1312(t5)
core   0: 3 0x80009524 (0xae3f2023) mem 0x8000b000 0x00000001
core   0: 0x80009528 (0x0000bfe5) c.j     pc - 8
core   0: 3 0x80009528 (0xbfe5)
core   0: 0x80009520 (0x00002f17) auipc   t5, 0x2
core   0: 3 0x80009520 (0x00002f17) x30 0x8000b520
core   0: 0x80009524 (0xae3f2023) sw      gp, -1312(t5)
core   0: 3 0x80009524 (0xae3f2023) mem 0x8000b000 0x00000001
core   0: 0x80009528 (0x0000bfe5) c.j     pc - 8
core   0: 3 0x80009528 (0xbfe5)
core   0: 0x80009520 (0x00002f17) auipc   t5, 0x2
core   0: 3 0x80009520 (0x00002f17) x30 0x8000b520
core   0: 0x80009524 (0xae3f2023) sw      gp, -1312(t5)
core   0: 3 0x80009524 (0xae3f2023) mem 0x8000b000 0x00000001
core   0: 0x80009528 (0x0000bfe5) c.j     pc - 8
core   0: 3 0x80009528 (0xbfe5)
core   0: 0x80009520 (0x00002f17) auipc   t5, 0x2
core   0: 3 0x80009520 (0x00002f17) x30 0x8000b520
core   0: 0x80009524 (0xae3f2023) sw      gp, -1312(t5)
core   0: 3 0x80009524 (0xae3f2023) mem 0x8000b000 0x00000001
core   0: 0x80009528 (0x0000bfe5) c.j     pc - 8
core   0: 3 0x80009528 (0xbfe5)
core   0: 0x80009520 (0x00002f17) auipc   t5, 0x2
core   0: 3 0x80009520 (0x00002f17) x30 0x8000b520
core   0: 0x80009524 (0xae3f2023) sw      gp, -1312(t5)
core   0: 3 0x80009524 (0xae3f2023) mem 0x8000b000 0x00000001
core   0: 0x80009528 (0x0000bfe5) c.j     pc - 8
core   0: 3 0x80009528 (0xbfe5)
core   0: 0x80009520 (0x00002f17) auipc   t5, 0x2
core   0: 3 0x80009520 (0x00002f17) x30 0x8000b520
core   0: 0x80009524 (0xae3f2023) sw      gp, -1312(t5)
core   0: 3 0x80009524 (0xae3f2023) mem 0x8000b000 0x00000001
core   0: 0x80009528 (0x0000bfe5) c.j     pc - 8
core   0: 3 0x80009528 (0xbfe5)
core   0: 0x80009520 (0x00002f17) auipc   t5, 0x2
core   0: 3 0x80009520 (0x00002f17) x30 0x8000b520
core   0: 0x80009524 (0xae3f2023) sw      gp, -1312(t5)
core   0: 3 0x80009524 (0xae3f2023) mem 0x8000b000 0x00000001
core   0: 0x80009528 (0x0000bfe5) c.j     pc - 8
core   0: 3 0x80009528 (0xbfe5)
core   0: 0x80009520 (0x00002f17) auipc   t5, 0x2
core   0: 3 0x80009520 (0x00002f17) x30 0x8000b520
core   0: 0x80009524 (0xae3f2023) sw      gp, -1312(t5)
core   0: 3 0x80009524 (0xae3f2023) mem 0x8000b000 0x00000001
core   0: 0x80009528 (0x0000bfe5) c.j     pc - 8
core   0: 3 0x80009528 (0xbfe5)
core   0: 0x80009520 (0x00002f17) auipc   t5, 0x2
core   0: 3 0x80009520 (0x00002f17) x30 0x8000b520
core   0: 0x80009524 (0xae3f2023) sw      gp, -1312(t5)
core   0: 3 0x80009524 (0xae3f2023) mem 0x8000b000 0x00000001
core   0: 0x80009528 (0x0000bfe5) c.j     pc - 8
core   0: 3 0x80009528 (0xbfe5)
core   0: 0x80009520 (0x00002f17) auipc   t5, 0x2
core   0: 3 0x80009520 (0x00002f17) x30 0x8000b520
core   0: 0x80009524 (0xae3f2023) sw      gp, -1312(t5)
core   0: 3 0x80009524 (0xae3f2023) mem 0x8000b000 0x00000001
core   0: 0x80009528 (0x0000bfe5) c.j     pc - 8
core   0: 3 0x80009528 (0xbfe5)
core   0: 0x80009520 (0x00002f17) auipc   t5, 0x2
core   0: 3 0x80009520 (0x00002f17) x30 0x8000b520
core   0: 0x80009524 (0xae3f2023) sw      gp, -1312(t5)
core   0: 3 0x80009524 (0xae3f2023) mem 0x8000b000 0x00000001
core   0: 0x80009528 (0x0000bfe5) c.j     pc - 8
core   0: 3 0x80009528 (0xbfe5)
core   0: 0x80009520 (0x00002f17) auipc   t5, 0x2
core   0: 3 0x80009520 (0x00002f17) x30 0x8000b520
core   0: 0x80009524 (0xae3f2023) sw      gp, -1312(t5)
core   0: 3 0x80009524 (0xae3f2023) mem 0x8000b000 0x00000001
core   0: 0x80009528 (0x0000bfe5) c.j     pc - 8
core   0: 3 0x80009528 (0xbfe5)
core   0: 0x80009520 (0x00002f17) auipc   t5, 0x2
core   0: 3 0x80009520 (0x00002f17) x30 0x8000b520
core   0: 0x80009524 (0xae3f2023) sw      gp, -1312(t5)
core   0: 3 0x80009524 (0xae3f2023) mem 0x8000b000 0x00000001
core   0: 0x80009528 (0x0000bfe5) c.j     pc - 8
core   0: 3 0x80009528 (0xbfe5)
core   0: 0x80009520 (0x00002f17) auipc   t5, 0x2
core   0: 3 0x80009520 (0x00002f17) x30 0x8000b520
core   0: 0x80009524 (0xae3f2023) sw      gp, -1312(t5)
core   0: 3 0x80009524 (0xae3f2023) mem 0x8000b000 0x00000001
core   0: 0x80009528 (0x0000bfe5) c.j     pc - 8
core   0: 3 0x80009528 (0xbfe5)
core   0: 0x80009520 (0x00002f17) auipc   t5, 0x2
core   0: 3 0x80009520 (0x00002f17) x30 0x8000b520
core   0: 0x80009524 (0xae3f2023) sw      gp, -1312(t5)
core   0: 3 0x80009524 (0xae3f2023) mem 0x8000b000 0x00000001
core   0: 0x80009528 (0x0000bfe5) c.j     pc - 8
core   0: 3 0x80009528 (0xbfe5)
core   0: 0x80009520 (0x00002f17) auipc   t5, 0x2
core   0: 3 0x80009520 (0x00002f17) x30 0x8000b520
core   0: 0x80009524 (0xae3f2023) sw      gp, -1312(t5)
core   0: 3 0x80009524 (0xae3f2023) mem 0x8000b000 0x00000001
core   0: 0x80009528 (0x0000bfe5) c.j     pc - 8
core   0: 3 0x80009528 (0xbfe5)
core   0: 0x80009520 (0x00002f17) auipc   t5, 0x2
core   0: 3 0x80009520 (0x00002f17) x30 0x8000b520
core   0: 0x80009524 (0xae3f2023) sw      gp, -1312(t5)
core   0: 3 0x80009524 (0xae3f2023) mem 0x8000b000 0x00000001
core   0: 0x80009528 (0x0000bfe5) c.j     pc - 8
core   0: 3 0x80009528 (0xbfe5)
core   0: 0x80009520 (0x00002f17) auipc   t5, 0x2
core   0: 3 0x80009520 (0x00002f17) x30 0x8000b520
core   0: 0x80009524 (0xae3f2023) sw      gp, -1312(t5)
core   0: 3 0x80009524 (0xae3f2023) mem 0x8000b000 0x00000001
core   0: 0x80009528 (0x0000bfe5) c.j     pc - 8
core   0: 3 0x80009528 (0xbfe5)
core   0: 0x80009520 (0x00002f17) auipc   t5, 0x2
core   0: 3 0x80009520 (0x00002f17) x30 0x8000b520
core   0: 0x80009524 (0xae3f2023) sw      gp, -1312(t5)
core   0: 3 0x80009524 (0xae3f2023) mem 0x8000b000 0x00000001
core   0: 0x80009528 (0x0000bfe5) c.j     pc - 8
core   0: 3 0x80009528 (0xbfe5)
core   0: 0x80009520 (0x00002f17) auipc   t5, 0x2
core   0: 3 0x80009520 (0x00002f17) x30 0x8000b520
core   0: 0x80009524 (0xae3f2023) sw      gp, -1312(t5)
core   0: 3 0x80009524 (0xae3f2023) mem 0x8000b000 0x00000001
core   0: 0x80009528 (0x0000bfe5) c.j     pc - 8
core   0: 3 0x80009528 (0xbfe5)
core   0: 0x80009520 (0x00002f17) auipc   t5, 0x2
core   0: 3 0x80009520 (0x00002f17) x30 0x8000b520
core   0: 0x80009524 (0xae3f2023) sw      gp, -1312(t5)
core   0: 3 0x80009524 (0xae3f2023) mem 0x8000b000 0x00000001
core   0: 0x80009528 (0x0000bfe5) c.j     pc - 8
core   0: 3 0x80009528 (0xbfe5)
core   0: 0x80009520 (0x00002f17) auipc   t5, 0x2
core   0: 3 0x80009520 (0x00002f17) x30 0x8000b520
core   0: 0x80009524 (0xae3f2023) sw      gp, -1312(t5)
core   0: 3 0x80009524 (0xae3f2023) mem 0x8000b000 0x00000001
core   0: 0x80009528 (0x0000bfe5) c.j     pc - 8
core   0: 3 0x80009528 (0xbfe5)
core   0: 0x80009520 (0x00002f17) auipc   t5, 0x2
core   0: 3 0x80009520 (0x00002f17) x30 0x8000b520
core   0: 0x80009524 (0xae3f2023) sw      gp, -1312(t5)
core   0: 3 0x80009524 (0xae3f2023) mem 0x8000b000 0x00000001
core   0: 0x80009528 (0x0000bfe5) c.j     pc - 8
core   0: 3 0x80009528 (0xbfe5)
core   0: 0x80009520 (0x00002f17) auipc   t5, 0x2
core   0: 3 0x80009520 (0x00002f17) x30 0x8000b520
core   0: 0x80009524 (0xae3f2023) sw      gp, -1312(t5)
core   0: 3 0x80009524 (0xae3f2023) mem 0x8000b000 0x00000001
core   0: 0x80009528 (0x0000bfe5) c.j     pc - 8
core   0: 3 0x80009528 (0xbfe5)
core   0: 0x80009520 (0x00002f17) auipc   t5, 0x2
core   0: 3 0x80009520 (0x00002f17) x30 0x8000b520
core   0: 0x80009524 (0xae3f2023) sw      gp, -1312(t5)
core   0: 3 0x80009524 (0xae3f2023) mem 0x8000b000 0x00000001
core   0: 0x80009528 (0x0000bfe5) c.j     pc - 8
core   0: 3 0x80009528 (0xbfe5)
core   0: 0x80009520 (0x00002f17) auipc   t5, 0x2
core   0: 3 0x80009520 (0x00002f17) x30 0x8000b520
core   0: 0x80009524 (0xae3f2023) sw      gp, -1312(t5)
core   0: 3 0x80009524 (0xae3f2023) mem 0x8000b000 0x00000001
core   0: 0x80009528 (0x0000bfe5) c.j     pc - 8
core   0: 3 0x80009528 (0xbfe5)
core   0: 0x80009520 (0x00002f17) auipc   t5, 0x2
core   0: 3 0x80009520 (0x00002f17) x30 0x8000b520
core   0: 0x80009524 (0xae3f2023) sw      gp, -1312(t5)
core   0: 3 0x80009524 (0xae3f2023) mem 0x8000b000 0x00000001
core   0: 0x80009528 (0x0000bfe5) c.j     pc - 8
core   0: 3 0x80009528 (0xbfe5)
core   0: 0x80009520 (0x00002f17) auipc   t5, 0x2
core   0: 3 0x80009520 (0x00002f17) x30 0x8000b520
core   0: 0x80009524 (0xae3f2023) sw      gp, -1312(t5)
core   0: 3 0x80009524 (0xae3f2023) mem 0x8000b000 0x00000001
core   0: 0x80009528 (0x0000bfe5) c.j     pc - 8
core   0: 3 0x80009528 (0xbfe5)
core   0: 0x80009520 (0x00002f17) auipc   t5, 0x2
core   0: 3 0x80009520 (0x00002f17) x30 0x8000b520
core   0: 0x80009524 (0xae3f2023) sw      gp, -1312(t5)
core   0: 3 0x80009524 (0xae3f2023) mem 0x8000b000 0x00000001
core   0: 0x80009528 (0x0000bfe5) c.j     pc - 8
core   0: 3 0x80009528 (0xbfe5)
core   0: 0x80009520 (0x00002f17) auipc   t5, 0x2
core   0: 3 0x80009520 (0x00002f17) x30 0x8000b520
core   0: 0x80009524 (0xae3f2023) sw      gp, -1312(t5)
core   0: 3 0x80009524 (0xae3f2023) mem 0x8000b000 0x00000001
core   0: 0x80009528 (0x0000bfe5) c.j     pc - 8
core   0: 3 0x80009528 (0xbfe5)
core   0: 0x80009520 (0x00002f17) auipc   t5, 0x2
core   0: 3 0x80009520 (0x00002f17) x30 0x8000b520
core   0: 0x80009524 (0xae3f2023) sw      gp, -1312(t5)
core   0: 3 0x80009524 (0xae3f2023) mem 0x8000b000 0x00000001
core   0: 0x80009528 (0x0000bfe5) c.j     pc - 8
core   0: 3 0x80009528 (0xbfe5)
core   0: 0x80009520 (0x00002f17) auipc   t5, 0x2
core   0: 3 0x80009520 (0x00002f17) x30 0x8000b520
core   0: 0x80009524 (0xae3f2023) sw      gp, -1312(t5)
core   0: 3 0x80009524 (0xae3f2023) mem 0x8000b000 0x00000001
core   0: 0x80009528 (0x0000bfe5) c.j     pc - 8
core   0: 3 0x80009528 (0xbfe5)
core   0: 0x80009520 (0x00002f17) auipc   t5, 0x2
core   0: 3 0x80009520 (0x00002f17) x30 0x8000b520
core   0: 0x80009524 (0xae3f2023) sw      gp, -1312(t5)
core   0: 3 0x80009524 (0xae3f2023) mem 0x8000b000 0x00000001
core   0: 0x80009528 (0x0000bfe5) c.j     pc - 8
core   0: 3 0x80009528 (0xbfe5)
core   0: 0x80009520 (0x00002f17) auipc   t5, 0x2
core   0: 3 0x80009520 (0x00002f17) x30 0x8000b520
core   0: 0x80009524 (0xae3f2023) sw      gp, -1312(t5)
core   0: 3 0x80009524 (0xae3f2023) mem 0x8000b000 0x00000001
core   0: 0x80009528 (0x0000bfe5) c.j     pc - 8
core   0: 3 0x80009528 (0xbfe5)
core   0: 0x80009520 (0x00002f17) auipc   t5, 0x2
core   0: 3 0x80009520 (0x00002f17) x30 0x8000b520
core   0: 0x80009524 (0xae3f2023) sw      gp, -1312(t5)
core   0: 3 0x80009524 (0xae3f2023) mem 0x8000b000 0x00000001
core   0: 0x80009528 (0x0000bfe5) c.j     pc - 8
core   0: 3 0x80009528 (0xbfe5)
core   0: 0x80009520 (0x00002f17) auipc   t5, 0x2
core   0: 3 0x80009520 (0x00002f17) x30 0x8000b520
core   0: 0x80009524 (0xae3f2023) sw      gp, -1312(t5)
core   0: 3 0x80009524 (0xae3f2023) mem 0x8000b000 0x00000001
core   0: 0x80009528 (0x0000bfe5) c.j     pc - 8
core   0: 3 0x80009528 (0xbfe5)
core   0: 0x80009520 (0x00002f17) auipc   t5, 0x2
core   0: 3 0x80009520 (0x00002f17) x30 0x8000b520
core   0: 0x80009524 (0xae3f2023) sw      gp, -1312(t5)
core   0: 3 0x80009524 (0xae3f2023) mem 0x8000b000 0x00000001
core   0: 0x80009528 (0x0000bfe5) c.j     pc - 8
core   0: 3 0x80009528 (0xbfe5)
core   0: 0x80009520 (0x00002f17) auipc   t5, 0x2
core   0: 3 0x80009520 (0x00002f17) x30 0x8000b520
core   0: 0x80009524 (0xae3f2023) sw      gp, -1312(t5)
core   0: 3 0x80009524 (0xae3f2023) mem 0x8000b000 0x00000001
core   0: 0x80009528 (0x0000bfe5) c.j     pc - 8
core   0: 3 0x80009528 (0xbfe5)
core   0: 0x80009520 (0x00002f17) auipc   t5, 0x2
core   0: 3 0x80009520 (0x00002f17) x30 0x8000b520
core   0: 0x80009524 (0xae3f2023) sw      gp, -1312(t5)
core   0: 3 0x80009524 (0xae3f2023) mem 0x8000b000 0x00000001
core   0: 0x80009528 (0x0000bfe5) c.j     pc - 8
core   0: 3 0x80009528 (0xbfe5)
core   0: 0x80009520 (0x00002f17) auipc   t5, 0x2
core   0: 3 0x80009520 (0x00002f17) x30 0x8000b520
core   0: 0x80009524 (0xae3f2023) sw      gp, -1312(t5)
core   0: 3 0x80009524 (0xae3f2023) mem 0x8000b000 0x00000001
core   0: 0x80009528 (0x0000bfe5) c.j     pc - 8
core   0: 3 0x80009528 (0xbfe5)
core   0: 0x80009520 (0x00002f17) auipc   t5, 0x2
core   0: 3 0x80009520 (0x00002f17) x30 0x8000b520
core   0: 0x80009524 (0xae3f2023) sw      gp, -1312(t5)
core   0: 3 0x80009524 (0xae3f2023) mem 0x8000b000 0x00000001
core   0: 0x80009528 (0x0000bfe5) c.j     pc - 8
core   0: 3 0x80009528 (0xbfe5)
core   0: 0x80009520 (0x00002f17) auipc   t5, 0x2
core   0: 3 0x80009520 (0x00002f17) x30 0x8000b520
core   0: 0x80009524 (0xae3f2023) sw      gp, -1312(t5)
core   0: 3 0x80009524 (0xae3f2023) mem 0x8000b000 0x00000001
core   0: 0x80009528 (0x0000bfe5) c.j     pc - 8
core   0: 3 0x80009528 (0xbfe5)
core   0: 0x80009520 (0x00002f17) auipc   t5, 0x2
core   0: 3 0x80009520 (0x00002f17) x30 0x8000b520
core   0: 0x80009524 (0xae3f2023) sw      gp, -1312(t5)
core   0: 3 0x80009524 (0xae3f2023) mem 0x8000b000 0x00000001
core   0: 0x80009528 (0x0000bfe5) c.j     pc - 8
core   0: 3 0x80009528 (0xbfe5)
core   0: 0x80009520 (0x00002f17) auipc   t5, 0x2
core   0: 3 0x80009520 (0x00002f17) x30 0x8000b520
core   0: 0x80009524 (0xae3f2023) sw      gp, -1312(t5)
core   0: 3 0x80009524 (0xae3f2023) mem 0x8000b000 0x00000001
core   0: 0x80009528 (0x0000bfe5) c.j     pc - 8
core   0: 3 0x80009528 (0xbfe5)
core   0: 0x80009520 (0x00002f17) auipc   t5, 0x2
core   0: 3 0x80009520 (0x00002f17) x30 0x8000b520
core   0: 0x80009524 (0xae3f2023) sw      gp, -1312(t5)
core   0: 3 0x80009524 (0xae3f2023) mem 0x8000b000 0x00000001
core   0: 0x80009528 (0x0000bfe5) c.j     pc - 8
core   0: 3 0x80009528 (0xbfe5)
core   0: 0x80009520 (0x00002f17) auipc   t5, 0x2
core   0: 3 0x80009520 (0x00002f17) x30 0x8000b520
core   0: 0x80009524 (0xae3f2023) sw      gp, -1312(t5)
core   0: 3 0x80009524 (0xae3f2023) mem 0x8000b000 0x00000001
core   0: 0x80009528 (0x0000bfe5) c.j     pc - 8
core   0: 3 0x80009528 (0xbfe5)
core   0: 0x80009520 (0x00002f17) auipc   t5, 0x2
core   0: 3 0x80009520 (0x00002f17) x30 0x8000b520
core   0: 0x80009524 (0xae3f2023) sw      gp, -1312(t5)
core   0: 3 0x80009524 (0xae3f2023) mem 0x8000b000 0x00000001
core   0: 0x80009528 (0x0000bfe5) c.j     pc - 8
core   0: 3 0x80009528 (0xbfe5)
core   0: 0x80009520 (0x00002f17) auipc   t5, 0x2
core   0: 3 0x80009520 (0x00002f17) x30 0x8000b520
core   0: 0x80009524 (0xae3f2023) sw      gp, -1312(t5)
core   0: 3 0x80009524 (0xae3f2023) mem 0x8000b000 0x00000001
core   0: 0x80009528 (0x0000bfe5) c.j     pc - 8
core   0: 3 0x80009528 (0xbfe5)
core   0: 0x80009520 (0x00002f17) auipc   t5, 0x2
core   0: 3 0x80009520 (0x00002f17) x30 0x8000b520
core   0: 0x80009524 (0xae3f2023) sw      gp, -1312(t5)
core   0: 3 0x80009524 (0xae3f2023) mem 0x8000b000 0x00000001
core   0: 0x80009528 (0x0000bfe5) c.j     pc - 8
core   0: 3 0x80009528 (0xbfe5)
core   0: 0x80009520 (0x00002f17) auipc   t5, 0x2
core   0: 3 0x80009520 (0x00002f17) x30 0x8000b520
core   0: 0x80009524 (0xae3f2023) sw      gp, -1312(t5)
core   0: 3 0x80009524 (0xae3f2023) mem 0x8000b000 0x00000001
core   0: 0x80009528 (0x0000bfe5) c.j     pc - 8
core   0: 3 0x80009528 (0xbfe5)
core   0: 0x80009520 (0x00002f17) auipc   t5, 0x2
core   0: 3 0x80009520 (0x00002f17) x30 0x8000b520
core   0: 0x80009524 (0xae3f2023) sw      gp, -1312(t5)
core   0: 3 0x80009524 (0xae3f2023) mem 0x8000b000 0x00000001
core   0: 0x80009528 (0x0000bfe5) c.j     pc - 8
core   0: 3 0x80009528 (0xbfe5)
core   0: 0x80009520 (0x00002f17) auipc   t5, 0x2
core   0: 3 0x80009520 (0x00002f17) x30 0x8000b520
core   0: 0x80009524 (0xae3f2023) sw      gp, -1312(t5)
core   0: 3 0x80009524 (0xae3f2023) mem 0x8000b000 0x00000001
core   0: 0x80009528 (0x0000bfe5) c.j     pc - 8
core   0: 3 0x80009528 (0xbfe5)
core   0: 0x80009520 (0x00002f17) auipc   t5, 0x2
core   0: 3 0x80009520 (0x00002f17) x30 0x8000b520
core   0: 0x80009524 (0xae3f2023) sw      gp, -1312(t5)
core   0: 3 0x80009524 (0xae3f2023) mem 0x8000b000 0x00000001
core   0: 0x80009528 (0x0000bfe5) c.j     pc - 8
core   0: 3 0x80009528 (0xbfe5)
core   0: 0x80009520 (0x00002f17) auipc   t5, 0x2
core   0: 3 0x80009520 (0x00002f17) x30 0x8000b520
core   0: 0x80009524 (0xae3f2023) sw      gp, -1312(t5)
core   0: 3 0x80009524 (0xae3f2023) mem 0x8000b000 0x00000001
core   0: 0x80009528 (0x0000bfe5) c.j     pc - 8
core   0: 3 0x80009528 (0xbfe5)
core   0: 0x80009520 (0x00002f17) auipc   t5, 0x2
core   0: 3 0x80009520 (0x00002f17) x30 0x8000b520
core   0: 0x80009524 (0xae3f2023) sw      gp, -1312(t5)
core   0: 3 0x80009524 (0xae3f2023) mem 0x8000b000 0x00000001
core   0: 0x80009528 (0x0000bfe5) c.j     pc - 8
core   0: 3 0x80009528 (0xbfe5)
core   0: 0x80009520 (0x00002f17) auipc   t5, 0x2
core   0: 3 0x80009520 (0x00002f17) x30 0x8000b520
core   0: 0x80009524 (0xae3f2023) sw      gp, -1312(t5)
core   0: 3 0x80009524 (0xae3f2023) mem 0x8000b000 0x00000001
core   0: 0x80009528 (0x0000bfe5) c.j     pc - 8
core   0: 3 0x80009528 (0xbfe5)
core   0: 0x80009520 (0x00002f17) auipc   t5, 0x2
core   0: 3 0x80009520 (0x00002f17) x30 0x8000b520
core   0: 0x80009524 (0xae3f2023) sw      gp, -1312(t5)
core   0: 3 0x80009524 (0xae3f2023) mem 0x8000b000 0x00000001
core   0: 0x80009528 (0x0000bfe5) c.j     pc - 8
core   0: 3 0x80009528 (0xbfe5)
core   0: 0x80009520 (0x00002f17) auipc   t5, 0x2
core   0: 3 0x80009520 (0x00002f17) x30 0x8000b520
core   0: 0x80009524 (0xae3f2023) sw      gp, -1312(t5)
core   0: 3 0x80009524 (0xae3f2023) mem 0x8000b000 0x00000001
core   0: 0x80009528 (0x0000bfe5) c.j     pc - 8
core   0: 3 0x80009528 (0xbfe5)
core   0: 0x80009520 (0x00002f17) auipc   t5, 0x2
core   0: 3 0x80009520 (0x00002f17) x30 0x8000b520
core   0: 0x80009524 (0xae3f2023) sw      gp, -1312(t5)
core   0: 3 0x80009524 (0xae3f2023) mem 0x8000b000 0x00000001
core   0: 0x80009528 (0x0000bfe5) c.j     pc - 8
core   0: 3 0x80009528 (0xbfe5)
core   0: 0x80009520 (0x00002f17) auipc   t5, 0x2
core   0: 3 0x80009520 (0x00002f17) x30 0x8000b520
core   0: 0x80009524 (0xae3f2023) sw      gp, -1312(t5)
core   0: 3 0x80009524 (0xae3f2023) mem 0x8000b000 0x00000001
core   0: 0x80009528 (0x0000bfe5) c.j     pc - 8
core   0: 3 0x80009528 (0xbfe5)
core   0: 0x80009520 (0x00002f17) auipc   t5, 0x2
core   0: 3 0x80009520 (0x00002f17) x30 0x8000b520
core   0: 0x80009524 (0xae3f2023) sw      gp, -1312(t5)
core   0: 3 0x80009524 (0xae3f2023) mem 0x8000b000 0x00000001
core   0: 0x80009528 (0x0000bfe5) c.j     pc - 8
core   0: 3 0x80009528 (0xbfe5)
core   0: 0x80009520 (0x00002f17) auipc   t5, 0x2
core   0: 3 0x80009520 (0x00002f17) x30 0x8000b520
core   0: 0x80009524 (0xae3f2023) sw      gp, -1312(t5)
core   0: 3 0x80009524 (0xae3f2023) mem 0x8000b000 0x00000001
core   0: 0x80009528 (0x0000bfe5) c.j     pc - 8
core   0: 3 0x80009528 (0xbfe5)
core   0: 0x80009520 (0x00002f17) auipc   t5, 0x2
core   0: 3 0x80009520 (0x00002f17) x30 0x8000b520
core   0: 0x80009524 (0xae3f2023) sw      gp, -1312(t5)
core   0: 3 0x80009524 (0xae3f2023) mem 0x8000b000 0x00000001
core   0: 0x80009528 (0x0000bfe5) c.j     pc - 8
core   0: 3 0x80009528 (0xbfe5)
core   0: 0x80009520 (0x00002f17) auipc   t5, 0x2
core   0: 3 0x80009520 (0x00002f17) x30 0x8000b520
core   0: 0x80009524 (0xae3f2023) sw      gp, -1312(t5)
core   0: 3 0x80009524 (0xae3f2023) mem 0x8000b000 0x00000001
core   0: 0x80009528 (0x0000bfe5) c.j     pc - 8
core   0: 3 0x80009528 (0xbfe5)
core   0: 0x80009520 (0x00002f17) auipc   t5, 0x2
core   0: 3 0x80009520 (0x00002f17) x30 0x8000b520
core   0: 0x80009524 (0xae3f2023) sw      gp, -1312(t5)
core   0: 3 0x80009524 (0xae3f2023) mem 0x8000b000 0x00000001
core   0: 0x80009528 (0x0000bfe5) c.j     pc - 8
core   0: 3 0x80009528 (0xbfe5)
core   0: 0x80009520 (0x00002f17) auipc   t5, 0x2
core   0: 3 0x80009520 (0x00002f17) x30 0x8000b520
core   0: 0x80009524 (0xae3f2023) sw      gp, -1312(t5)
core   0: 3 0x80009524 (0xae3f2023) mem 0x8000b000 0x00000001
core   0: 0x80009528 (0x0000bfe5) c.j     pc - 8
core   0: 3 0x80009528 (0xbfe5)
core   0: 0x80009520 (0x00002f17) auipc   t5, 0x2
core   0: 3 0x80009520 (0x00002f17) x30 0x8000b520
core   0: 0x80009524 (0xae3f2023) sw      gp, -1312(t5)
core   0: 3 0x80009524 (0xae3f2023) mem 0x8000b000 0x00000001
core   0: 0x80009528 (0x0000bfe5) c.j     pc - 8
core   0: 3 0x80009528 (0xbfe5)
core   0: 0x80009520 (0x00002f17) auipc   t5, 0x2
core   0: 3 0x80009520 (0x00002f17) x30 0x8000b520
core   0: 0x80009524 (0xae3f2023) sw      gp, -1312(t5)
core   0: 3 0x80009524 (0xae3f2023) mem 0x8000b000 0x00000001
core   0: 0x80009528 (0x0000bfe5) c.j     pc - 8
core   0: 3 0x80009528 (0xbfe5)
core   0: 0x80009520 (0x00002f17) auipc   t5, 0x2
core   0: 3 0x80009520 (0x00002f17) x30 0x8000b520
core   0: 0x80009524 (0xae3f2023) sw      gp, -1312(t5)
core   0: 3 0x80009524 (0xae3f2023) mem 0x8000b000 0x00000001
core   0: 0x80009528 (0x0000bfe5) c.j     pc - 8
core   0: 3 0x80009528 (0xbfe5)
core   0: 0x80009520 (0x00002f17) auipc   t5, 0x2
core   0: 3 0x80009520 (0x00002f17) x30 0x8000b520
core   0: 0x80009524 (0xae3f2023) sw      gp, -1312(t5)
core   0: 3 0x80009524 (0xae3f2023) mem 0x8000b000 0x00000001
core   0: 0x80009528 (0x0000bfe5) c.j     pc - 8
core   0: 3 0x80009528 (0xbfe5)
core   0: 0x80009520 (0x00002f17) auipc   t5, 0x2
core   0: 3 0x80009520 (0x00002f17) x30 0x8000b520
core   0: 0x80009524 (0xae3f2023) sw      gp, -1312(t5)
core   0: 3 0x80009524 (0xae3f2023) mem 0x8000b000 0x00000001
core   0: 0x80009528 (0x0000bfe5) c.j     pc - 8
core   0: 3 0x80009528 (0xbfe5)
core   0: 0x80009520 (0x00002f17) auipc   t5, 0x2
core   0: 3 0x80009520 (0x00002f17) x30 0x8000b520
core   0: 0x80009524 (0xae3f2023) sw      gp, -1312(t5)
core   0: 3 0x80009524 (0xae3f2023) mem 0x8000b000 0x00000001
core   0: 0x80009528 (0x0000bfe5) c.j     pc - 8
core   0: 3 0x80009528 (0xbfe5)
core   0: 0x80009520 (0x00002f17) auipc   t5, 0x2
core   0: 3 0x80009520 (0x00002f17) x30 0x8000b520
core   0: 0x80009524 (0xae3f2023) sw      gp, -1312(t5)
core   0: 3 0x80009524 (0xae3f2023) mem 0x8000b000 0x00000001
core   0: 0x80009528 (0x0000bfe5) c.j     pc - 8
core   0: 3 0x80009528 (0xbfe5)
core   0: 0x80009520 (0x00002f17) auipc   t5, 0x2
core   0: 3 0x80009520 (0x00002f17) x30 0x8000b520
core   0: 0x80009524 (0xae3f2023) sw      gp, -1312(t5)
core   0: 3 0x80009524 (0xae3f2023) mem 0x8000b000 0x00000001
core   0: 0x80009528 (0x0000bfe5) c.j     pc - 8
core   0: 3 0x80009528 (0xbfe5)
core   0: 0x80009520 (0x00002f17) auipc   t5, 0x2
core   0: 3 0x80009520 (0x00002f17) x30 0x8000b520
core   0: 0x80009524 (0xae3f2023) sw      gp, -1312(t5)
core   0: 3 0x80009524 (0xae3f2023) mem 0x8000b000 0x00000001
core   0: 0x80009528 (0x0000bfe5) c.j     pc - 8
core   0: 3 0x80009528 (0xbfe5)
core   0: 0x80009520 (0x00002f17) auipc   t5, 0x2
core   0: 3 0x80009520 (0x00002f17) x30 0x8000b520
core   0: 0x80009524 (0xae3f2023) sw      gp, -1312(t5)
core   0: 3 0x80009524 (0xae3f2023) mem 0x8000b000 0x00000001
core   0: 0x80009528 (0x0000bfe5) c.j     pc - 8
core   0: 3 0x80009528 (0xbfe5)
core   0: 0x80009520 (0x00002f17) auipc   t5, 0x2
core   0: 3 0x80009520 (0x00002f17) x30 0x8000b520
core   0: 0x80009524 (0xae3f2023) sw      gp, -1312(t5)
core   0: 3 0x80009524 (0xae3f2023) mem 0x8000b000 0x00000001
core   0: 0x80009528 (0x0000bfe5) c.j     pc - 8
core   0: 3 0x80009528 (0xbfe5)
core   0: 0x80009520 (0x00002f17) auipc   t5, 0x2
core   0: 3 0x80009520 (0x00002f17) x30 0x8000b520
core   0: 0x80009524 (0xae3f2023) sw      gp, -1312(t5)
core   0: 3 0x80009524 (0xae3f2023) mem 0x8000b000 0x00000001
core   0: 0x80009528 (0x0000bfe5) c.j     pc - 8
core   0: 3 0x80009528 (0xbfe5)
core   0: 0x80009520 (0x00002f17) auipc   t5, 0x2
core   0: 3 0x80009520 (0x00002f17) x30 0x8000b520
core   0: 0x80009524 (0xae3f2023) sw      gp, -1312(t5)
core   0: 3 0x80009524 (0xae3f2023) mem 0x8000b000 0x00000001
core   0: 0x80009528 (0x0000bfe5) c.j     pc - 8
core   0: 3 0x80009528 (0xbfe5)
core   0: 0x80009520 (0x00002f17) auipc   t5, 0x2
core   0: 3 0x80009520 (0x00002f17) x30 0x8000b520
core   0: 0x80009524 (0xae3f2023) sw      gp, -1312(t5)
core   0: 3 0x80009524 (0xae3f2023) mem 0x8000b000 0x00000001
core   0: 0x80009528 (0x0000bfe5) c.j     pc - 8
core   0: 3 0x80009528 (0xbfe5)
core   0: 0x80009520 (0x00002f17) auipc   t5, 0x2
core   0: 3 0x80009520 (0x00002f17) x30 0x8000b520
core   0: 0x80009524 (0xae3f2023) sw      gp, -1312(t5)
core   0: 3 0x80009524 (0xae3f2023) mem 0x8000b000 0x00000001
core   0: 0x80009528 (0x0000bfe5) c.j     pc - 8
core   0: 3 0x80009528 (0xbfe5)
core   0: 0x80009520 (0x00002f17) auipc   t5, 0x2
core   0: 3 0x80009520 (0x00002f17) x30 0x8000b520
core   0: 0x80009524 (0xae3f2023) sw      gp, -1312(t5)
core   0: 3 0x80009524 (0xae3f2023) mem 0x8000b000 0x00000001
core   0: 0x80009528 (0x0000bfe5) c.j     pc - 8
core   0: 3 0x80009528 (0xbfe5)
core   0: 0x80009520 (0x00002f17) auipc   t5, 0x2
core   0: 3 0x80009520 (0x00002f17) x30 0x8000b520
core   0: 0x80009524 (0xae3f2023) sw      gp, -1312(t5)
core   0: 3 0x80009524 (0xae3f2023) mem 0x8000b000 0x00000001
core   0: 0x80009528 (0x0000bfe5) c.j     pc - 8
core   0: 3 0x80009528 (0xbfe5)
core   0: 0x80009520 (0x00002f17) auipc   t5, 0x2
core   0: 3 0x80009520 (0x00002f17) x30 0x8000b520
core   0: 0x80009524 (0xae3f2023) sw      gp, -1312(t5)
core   0: 3 0x80009524 (0xae3f2023) mem 0x8000b000 0x00000001
core   0: 0x80009528 (0x0000bfe5) c.j     pc - 8
core   0: 3 0x80009528 (0xbfe5)
core   0: 0x80009520 (0x00002f17) auipc   t5, 0x2
core   0: 3 0x80009520 (0x00002f17) x30 0x8000b520
core   0: 0x80009524 (0xae3f2023) sw      gp, -1312(t5)
core   0: 3 0x80009524 (0xae3f2023) mem 0x8000b000 0x00000001
core   0: 0x80009528 (0x0000bfe5) c.j     pc - 8
core   0: 3 0x80009528 (0xbfe5)
core   0: 0x80009520 (0x00002f17) auipc   t5, 0x2
core   0: 3 0x80009520 (0x00002f17) x30 0x8000b520
core   0: 0x80009524 (0xae3f2023) sw      gp, -1312(t5)
core   0: 3 0x80009524 (0xae3f2023) mem 0x8000b000 0x00000001
core   0: 0x80009528 (0x0000bfe5) c.j     pc - 8
core   0: 3 0x80009528 (0xbfe5)
core   0: 0x80009520 (0x00002f17) auipc   t5, 0x2
core   0: 3 0x80009520 (0x00002f17) x30 0x8000b520
core   0: 0x80009524 (0xae3f2023) sw      gp, -1312(t5)
core   0: 3 0x80009524 (0xae3f2023) mem 0x8000b000 0x00000001
core   0: 0x80009528 (0x0000bfe5) c.j     pc - 8
core   0: 3 0x80009528 (0xbfe5)
core   0: 0x80009520 (0x00002f17) auipc   t5, 0x2
core   0: 3 0x80009520 (0x00002f17) x30 0x8000b520
core   0: 0x80009524 (0xae3f2023) sw      gp, -1312(t5)
core   0: 3 0x80009524 (0xae3f2023) mem 0x8000b000 0x00000001
core   0: 0x80009528 (0x0000bfe5) c.j     pc - 8
core   0: 3 0x80009528 (0xbfe5)
core   0: 0x80009520 (0x00002f17) auipc   t5, 0x2
core   0: 3 0x80009520 (0x00002f17) x30 0x8000b520
core   0: 0x80009524 (0xae3f2023) sw      gp, -1312(t5)
core   0: 3 0x80009524 (0xae3f2023) mem 0x8000b000 0x00000001
core   0: 0x80009528 (0x0000bfe5) c.j     pc - 8
core   0: 3 0x80009528 (0xbfe5)
core   0: 0x80009520 (0x00002f17) auipc   t5, 0x2
core   0: 3 0x80009520 (0x00002f17) x30 0x8000b520
core   0: 0x80009524 (0xae3f2023) sw      gp, -1312(t5)
core   0: 3 0x80009524 (0xae3f2023) mem 0x8000b000 0x00000001
core   0: 0x80009528 (0x0000bfe5) c.j     pc - 8
core   0: 3 0x80009528 (0xbfe5)
core   0: 0x80009520 (0x00002f17) auipc   t5, 0x2
core   0: 3 0x80009520 (0x00002f17) x30 0x8000b520
core   0: 0x80009524 (0xae3f2023) sw      gp, -1312(t5)
core   0: 3 0x80009524 (0xae3f2023) mem 0x8000b000 0x00000001
core   0: 0x80009528 (0x0000bfe5) c.j     pc - 8
core   0: 3 0x80009528 (0xbfe5)
core   0: 0x80009520 (0x00002f17) auipc   t5, 0x2
core   0: 3 0x80009520 (0x00002f17) x30 0x8000b520
core   0: 0x80009524 (0xae3f2023) sw      gp, -1312(t5)
core   0: 3 0x80009524 (0xae3f2023) mem 0x8000b000 0x00000001
core   0: 0x80009528 (0x0000bfe5) c.j     pc - 8
core   0: 3 0x80009528 (0xbfe5)
core   0: 0x80009520 (0x00002f17) auipc   t5, 0x2
core   0: 3 0x80009520 (0x00002f17) x30 0x8000b520
core   0: 0x80009524 (0xae3f2023) sw      gp, -1312(t5)
core   0: 3 0x80009524 (0xae3f2023) mem 0x8000b000 0x00000001
core   0: 0x80009528 (0x0000bfe5) c.j     pc - 8
core   0: 3 0x80009528 (0xbfe5)
core   0: 0x80009520 (0x00002f17) auipc   t5, 0x2
core   0: 3 0x80009520 (0x00002f17) x30 0x8000b520
core   0: 0x80009524 (0xae3f2023) sw      gp, -1312(t5)
core   0: 3 0x80009524 (0xae3f2023) mem 0x8000b000 0x00000001
core   0: 0x80009528 (0x0000bfe5) c.j     pc - 8
core   0: 3 0x80009528 (0xbfe5)
core   0: 0x80009520 (0x00002f17) auipc   t5, 0x2
core   0: 3 0x80009520 (0x00002f17) x30 0x8000b520
core   0: 0x80009524 (0xae3f2023) sw      gp, -1312(t5)
core   0: 3 0x80009524 (0xae3f2023) mem 0x8000b000 0x00000001
core   0: 0x80009528 (0x0000bfe5) c.j     pc - 8
core   0: 3 0x80009528 (0xbfe5)
core   0: 0x80009520 (0x00002f17) auipc   t5, 0x2
core   0: 3 0x80009520 (0x00002f17) x30 0x8000b520
core   0: 0x80009524 (0xae3f2023) sw      gp, -1312(t5)
core   0: 3 0x80009524 (0xae3f2023) mem 0x8000b000 0x00000001
core   0: 0x80009528 (0x0000bfe5) c.j     pc - 8
core   0: 3 0x80009528 (0xbfe5)
core   0: 0x80009520 (0x00002f17) auipc   t5, 0x2
core   0: 3 0x80009520 (0x00002f17) x30 0x8000b520
core   0: 0x80009524 (0xae3f2023) sw      gp, -1312(t5)
core   0: 3 0x80009524 (0xae3f2023) mem 0x8000b000 0x00000001
core   0: 0x80009528 (0x0000bfe5) c.j     pc - 8
core   0: 3 0x80009528 (0xbfe5)
core   0: 0x80009520 (0x00002f17) auipc   t5, 0x2
core   0: 3 0x80009520 (0x00002f17) x30 0x8000b520
core   0: 0x80009524 (0xae3f2023) sw      gp, -1312(t5)
core   0: 3 0x80009524 (0xae3f2023) mem 0x8000b000 0x00000001
core   0: 0x80009528 (0x0000bfe5) c.j     pc - 8
core   0: 3 0x80009528 (0xbfe5)
core   0: 0x80009520 (0x00002f17) auipc   t5, 0x2
core   0: 3 0x80009520 (0x00002f17) x30 0x8000b520
core   0: 0x80009524 (0xae3f2023) sw      gp, -1312(t5)
core   0: 3 0x80009524 (0xae3f2023) mem 0x8000b000 0x00000001
core   0: 0x80009528 (0x0000bfe5) c.j     pc - 8
core   0: 3 0x80009528 (0xbfe5)
core   0: 0x80009520 (0x00002f17) auipc   t5, 0x2
core   0: 3 0x80009520 (0x00002f17) x30 0x8000b520
core   0: 0x80009524 (0xae3f2023) sw      gp, -1312(t5)
core   0: 3 0x80009524 (0xae3f2023) mem 0x8000b000 0x00000001
core   0: 0x80009528 (0x0000bfe5) c.j     pc - 8
core   0: 3 0x80009528 (0xbfe5)
core   0: 0x80009520 (0x00002f17) auipc   t5, 0x2
core   0: 3 0x80009520 (0x00002f17) x30 0x8000b520
core   0: 0x80009524 (0xae3f2023) sw      gp, -1312(t5)
core   0: 3 0x80009524 (0xae3f2023) mem 0x8000b000 0x00000001
core   0: 0x80009528 (0x0000bfe5) c.j     pc - 8
core   0: 3 0x80009528 (0xbfe5)
core   0: 0x80009520 (0x00002f17) auipc   t5, 0x2
core   0: 3 0x80009520 (0x00002f17) x30 0x8000b520
core   0: 0x80009524 (0xae3f2023) sw      gp, -1312(t5)
core   0: 3 0x80009524 (0xae3f2023) mem 0x8000b000 0x00000001
core   0: 0x80009528 (0x0000bfe5) c.j     pc - 8
core   0: 3 0x80009528 (0xbfe5)
core   0: 0x80009520 (0x00002f17) auipc   t5, 0x2
core   0: 3 0x80009520 (0x00002f17) x30 0x8000b520
core   0: 0x80009524 (0xae3f2023) sw      gp, -1312(t5)
core   0: 3 0x80009524 (0xae3f2023) mem 0x8000b000 0x00000001
core   0: 0x80009528 (0x0000bfe5) c.j     pc - 8
core   0: 3 0x80009528 (0xbfe5)
core   0: 0x80009520 (0x00002f17) auipc   t5, 0x2
core   0: 3 0x80009520 (0x00002f17) x30 0x8000b520
core   0: 0x80009524 (0xae3f2023) sw      gp, -1312(t5)
core   0: 3 0x80009524 (0xae3f2023) mem 0x8000b000 0x00000001
core   0: 0x80009528 (0x0000bfe5) c.j     pc - 8
core   0: 3 0x80009528 (0xbfe5)
core   0: 0x80009520 (0x00002f17) auipc   t5, 0x2
core   0: 3 0x80009520 (0x00002f17) x30 0x8000b520
core   0: 0x80009524 (0xae3f2023) sw      gp, -1312(t5)
core   0: 3 0x80009524 (0xae3f2023) mem 0x8000b000 0x00000001
core   0: 0x80009528 (0x0000bfe5) c.j     pc - 8
core   0: 3 0x80009528 (0xbfe5)
core   0: 0x80009520 (0x00002f17) auipc   t5, 0x2
core   0: 3 0x80009520 (0x00002f17) x30 0x8000b520
core   0: 0x80009524 (0xae3f2023) sw      gp, -1312(t5)
core   0: 3 0x80009524 (0xae3f2023) mem 0x8000b000 0x00000001
core   0: 0x80009528 (0x0000bfe5) c.j     pc - 8
core   0: 3 0x80009528 (0xbfe5)
core   0: 0x80009520 (0x00002f17) auipc   t5, 0x2
core   0: 3 0x80009520 (0x00002f17) x30 0x8000b520
core   0: 0x80009524 (0xae3f2023) sw      gp, -1312(t5)
core   0: 3 0x80009524 (0xae3f2023) mem 0x8000b000 0x00000001
core   0: 0x80009528 (0x0000bfe5) c.j     pc - 8
core   0: 3 0x80009528 (0xbfe5)
core   0: 0x80009520 (0x00002f17) auipc   t5, 0x2
core   0: 3 0x80009520 (0x00002f17) x30 0x8000b520
core   0: 0x80009524 (0xae3f2023) sw      gp, -1312(t5)
core   0: 3 0x80009524 (0xae3f2023) mem 0x8000b000 0x00000001
core   0: 0x80009528 (0x0000bfe5) c.j     pc - 8
core   0: 3 0x80009528 (0xbfe5)
core   0: 0x80009520 (0x00002f17) auipc   t5, 0x2
core   0: 3 0x80009520 (0x00002f17) x30 0x8000b520
core   0: 0x80009524 (0xae3f2023) sw      gp, -1312(t5)
core   0: 3 0x80009524 (0xae3f2023) mem 0x8000b000 0x00000001
core   0: 0x80009528 (0x0000bfe5) c.j     pc - 8
core   0: 3 0x80009528 (0xbfe5)
core   0: 0x80009520 (0x00002f17) auipc   t5, 0x2
core   0: 3 0x80009520 (0x00002f17) x30 0x8000b520
core   0: 0x80009524 (0xae3f2023) sw      gp, -1312(t5)
core   0: 3 0x80009524 (0xae3f2023) mem 0x8000b000 0x00000001
core   0: 0x80009528 (0x0000bfe5) c.j     pc - 8
core   0: 3 0x80009528 (0xbfe5)
core   0: 0x80009520 (0x00002f17) auipc   t5, 0x2
core   0: 3 0x80009520 (0x00002f17) x30 0x8000b520
core   0: 0x80009524 (0xae3f2023) sw      gp, -1312(t5)
core   0: 3 0x80009524 (0xae3f2023) mem 0x8000b000 0x00000001
core   0: 0x80009528 (0x0000bfe5) c.j     pc - 8
core   0: 3 0x80009528 (0xbfe5)
core   0: 0x80009520 (0x00002f17) auipc   t5, 0x2
core   0: 3 0x80009520 (0x00002f17) x30 0x8000b520
core   0: 0x80009524 (0xae3f2023) sw      gp, -1312(t5)
core   0: 3 0x80009524 (0xae3f2023) mem 0x8000b000 0x00000001
core   0: 0x80009528 (0x0000bfe5) c.j     pc - 8
core   0: 3 0x80009528 (0xbfe5)
core   0: 0x80009520 (0x00002f17) auipc   t5, 0x2
core   0: 3 0x80009520 (0x00002f17) x30 0x8000b520
core   0: 0x80009524 (0xae3f2023) sw      gp, -1312(t5)
core   0: 3 0x80009524 (0xae3f2023) mem 0x8000b000 0x00000001
core   0: 0x80009528 (0x0000bfe5) c.j     pc - 8
core   0: 3 0x80009528 (0xbfe5)
core   0: 0x80009520 (0x00002f17) auipc   t5, 0x2
core   0: 3 0x80009520 (0x00002f17) x30 0x8000b520
core   0: 0x80009524 (0xae3f2023) sw      gp, -1312(t5)
core   0: 3 0x80009524 (0xae3f2023) mem 0x8000b000 0x00000001
core   0: 0x80009528 (0x0000bfe5) c.j     pc - 8
core   0: 3 0x80009528 (0xbfe5)
core   0: 0x80009520 (0x00002f17) auipc   t5, 0x2
core   0: 3 0x80009520 (0x00002f17) x30 0x8000b520
core   0: 0x80009524 (0xae3f2023) sw      gp, -1312(t5)
core   0: 3 0x80009524 (0xae3f2023) mem 0x8000b000 0x00000001
core   0: 0x80009528 (0x0000bfe5) c.j     pc - 8
core   0: 3 0x80009528 (0xbfe5)
core   0: 0x80009520 (0x00002f17) auipc   t5, 0x2
core   0: 3 0x80009520 (0x00002f17) x30 0x8000b520
core   0: 0x80009524 (0xae3f2023) sw      gp, -1312(t5)
core   0: 3 0x80009524 (0xae3f2023) mem 0x8000b000 0x00000001
core   0: 0x80009528 (0x0000bfe5) c.j     pc - 8
core   0: 3 0x80009528 (0xbfe5)
core   0: 0x80009520 (0x00002f17) auipc   t5, 0x2
core   0: 3 0x80009520 (0x00002f17) x30 0x8000b520
core   0: 0x80009524 (0xae3f2023) sw      gp, -1312(t5)
core   0: 3 0x80009524 (0xae3f2023) mem 0x8000b000 0x00000001
core   0: 0x80009528 (0x0000bfe5) c.j     pc - 8
core   0: 3 0x80009528 (0xbfe5)
core   0: 0x80009520 (0x00002f17) auipc   t5, 0x2
core   0: 3 0x80009520 (0x00002f17) x30 0x8000b520
core   0: 0x80009524 (0xae3f2023) sw      gp, -1312(t5)
core   0: 3 0x80009524 (0xae3f2023) mem 0x8000b000 0x00000001
core   0: 0x80009528 (0x0000bfe5) c.j     pc - 8
core   0: 3 0x80009528 (0xbfe5)
core   0: 0x80009520 (0x00002f17) auipc   t5, 0x2
core   0: 3 0x80009520 (0x00002f17) x30 0x8000b520
core   0: 0x80009524 (0xae3f2023) sw      gp, -1312(t5)
core   0: 3 0x80009524 (0xae3f2023) mem 0x8000b000 0x00000001
core   0: 0x80009528 (0x0000bfe5) c.j     pc - 8
core   0: 3 0x80009528 (0xbfe5)
core   0: 0x80009520 (0x00002f17) auipc   t5, 0x2
core   0: 3 0x80009520 (0x00002f17) x30 0x8000b520
core   0: 0x80009524 (0xae3f2023) sw      gp, -1312(t5)
core   0: 3 0x80009524 (0xae3f2023) mem 0x8000b000 0x00000001
core   0: 0x80009528 (0x0000bfe5) c.j     pc - 8
core   0: 3 0x80009528 (0xbfe5)
core   0: 0x80009520 (0x00002f17) auipc   t5, 0x2
core   0: 3 0x80009520 (0x00002f17) x30 0x8000b520
core   0: 0x80009524 (0xae3f2023) sw      gp, -1312(t5)
core   0: 3 0x80009524 (0xae3f2023) mem 0x8000b000 0x00000001
core   0: 0x80009528 (0x0000bfe5) c.j     pc - 8
core   0: 3 0x80009528 (0xbfe5)
core   0: 0x80009520 (0x00002f17) auipc   t5, 0x2
core   0: 3 0x80009520 (0x00002f17) x30 0x8000b520
core   0: 0x80009524 (0xae3f2023) sw      gp, -1312(t5)
core   0: 3 0x80009524 (0xae3f2023) mem 0x8000b000 0x00000001
core   0: 0x80009528 (0x0000bfe5) c.j     pc - 8
core   0: 3 0x80009528 (0xbfe5)
core   0: 0x80009520 (0x00002f17) auipc   t5, 0x2
core   0: 3 0x80009520 (0x00002f17) x30 0x8000b520
core   0: 0x80009524 (0xae3f2023) sw      gp, -1312(t5)
core   0: 3 0x80009524 (0xae3f2023) mem 0x8000b000 0x00000001
core   0: 0x80009528 (0x0000bfe5) c.j     pc - 8
core   0: 3 0x80009528 (0xbfe5)
core   0: 0x80009520 (0x00002f17) auipc   t5, 0x2
core   0: 3 0x80009520 (0x00002f17) x30 0x8000b520
core   0: 0x80009524 (0xae3f2023) sw      gp, -1312(t5)
core   0: 3 0x80009524 (0xae3f2023) mem 0x8000b000 0x00000001
core   0: 0x80009528 (0x0000bfe5) c.j     pc - 8
core   0: 3 0x80009528 (0xbfe5)
core   0: 0x80009520 (0x00002f17) auipc   t5, 0x2
core   0: 3 0x80009520 (0x00002f17) x30 0x8000b520
core   0: 0x80009524 (0xae3f2023) sw      gp, -1312(t5)
core   0: 3 0x80009524 (0xae3f2023) mem 0x8000b000 0x00000001
core   0: 0x80009528 (0x0000bfe5) c.j     pc - 8
core   0: 3 0x80009528 (0xbfe5)
core   0: 0x80009520 (0x00002f17) auipc   t5, 0x2
core   0: 3 0x80009520 (0x00002f17) x30 0x8000b520
core   0: 0x80009524 (0xae3f2023) sw      gp, -1312(t5)
core   0: 3 0x80009524 (0xae3f2023) mem 0x8000b000 0x00000001
core   0: 0x80009528 (0x0000bfe5) c.j     pc - 8
core   0: 3 0x80009528 (0xbfe5)
core   0: 0x80009520 (0x00002f17) auipc   t5, 0x2
core   0: 3 0x80009520 (0x00002f17) x30 0x8000b520
core   0: 0x80009524 (0xae3f2023) sw      gp, -1312(t5)
core   0: 3 0x80009524 (0xae3f2023) mem 0x8000b000 0x00000001
core   0: 0x80009528 (0x0000bfe5) c.j     pc - 8
core   0: 3 0x80009528 (0xbfe5)
core   0: 0x80009520 (0x00002f17) auipc   t5, 0x2
core   0: 3 0x80009520 (0x00002f17) x30 0x8000b520
core   0: 0x80009524 (0xae3f2023) sw      gp, -1312(t5)
core   0: 3 0x80009524 (0xae3f2023) mem 0x8000b000 0x00000001
core   0: 0x80009528 (0x0000bfe5) c.j     pc - 8
core   0: 3 0x80009528 (0xbfe5)
core   0: 0x80009520 (0x00002f17) auipc   t5, 0x2
core   0: 3 0x80009520 (0x00002f17) x30 0x8000b520
core   0: 0x80009524 (0xae3f2023) sw      gp, -1312(t5)
core   0: 3 0x80009524 (0xae3f2023) mem 0x8000b000 0x00000001
core   0: 0x80009528 (0x0000bfe5) c.j     pc - 8
core   0: 3 0x80009528 (0xbfe5)
core   0: 0x80009520 (0x00002f17) auipc   t5, 0x2
core   0: 3 0x80009520 (0x00002f17) x30 0x8000b520
core   0: 0x80009524 (0xae3f2023) sw      gp, -1312(t5)
core   0: 3 0x80009524 (0xae3f2023) mem 0x8000b000 0x00000001
core   0: 0x80009528 (0x0000bfe5) c.j     pc - 8
core   0: 3 0x80009528 (0xbfe5)
core   0: 0x80009520 (0x00002f17) auipc   t5, 0x2
core   0: 3 0x80009520 (0x00002f17) x30 0x8000b520
core   0: 0x80009524 (0xae3f2023) sw      gp, -1312(t5)
core   0: 3 0x80009524 (0xae3f2023) mem 0x8000b000 0x00000001
core   0: 0x80009528 (0x0000bfe5) c.j     pc - 8
core   0: 3 0x80009528 (0xbfe5)
core   0: 0x80009520 (0x00002f17) auipc   t5, 0x2
core   0: 3 0x80009520 (0x00002f17) x30 0x8000b520
core   0: 0x80009524 (0xae3f2023) sw      gp, -1312(t5)
core   0: 3 0x80009524 (0xae3f2023) mem 0x8000b000 0x00000001
core   0: 0x80009528 (0x0000bfe5) c.j     pc - 8
core   0: 3 0x80009528 (0xbfe5)
core   0: 0x80009520 (0x00002f17) auipc   t5, 0x2
core   0: 3 0x80009520 (0x00002f17) x30 0x8000b520
core   0: 0x80009524 (0xae3f2023) sw      gp, -1312(t5)
core   0: 3 0x80009524 (0xae3f2023) mem 0x8000b000 0x00000001
core   0: 0x80009528 (0x0000bfe5) c.j     pc - 8
core   0: 3 0x80009528 (0xbfe5)
core   0: 0x80009520 (0x00002f17) auipc   t5, 0x2
core   0: 3 0x80009520 (0x00002f17) x30 0x8000b520
core   0: 0x80009524 (0xae3f2023) sw      gp, -1312(t5)
core   0: 3 0x80009524 (0xae3f2023) mem 0x8000b000 0x00000001
core   0: 0x80009528 (0x0000bfe5) c.j     pc - 8
core   0: 3 0x80009528 (0xbfe5)
core   0: 0x80009520 (0x00002f17) auipc   t5, 0x2
core   0: 3 0x80009520 (0x00002f17) x30 0x8000b520
core   0: 0x80009524 (0xae3f2023) sw      gp, -1312(t5)
core   0: 3 0x80009524 (0xae3f2023) mem 0x8000b000 0x00000001
core   0: 0x80009528 (0x0000bfe5) c.j     pc - 8
core   0: 3 0x80009528 (0xbfe5)
core   0: 0x80009520 (0x00002f17) auipc   t5, 0x2
core   0: 3 0x80009520 (0x00002f17) x30 0x8000b520
core   0: 0x80009524 (0xae3f2023) sw      gp, -1312(t5)
core   0: 3 0x80009524 (0xae3f2023) mem 0x8000b000 0x00000001
core   0: 0x80009528 (0x0000bfe5) c.j     pc - 8
core   0: 3 0x80009528 (0xbfe5)
core   0: 0x80009520 (0x00002f17) auipc   t5, 0x2
core   0: 3 0x80009520 (0x00002f17) x30 0x8000b520
core   0: 0x80009524 (0xae3f2023) sw      gp, -1312(t5)
core   0: 3 0x80009524 (0xae3f2023) mem 0x8000b000 0x00000001
core   0: 0x80009528 (0x0000bfe5) c.j     pc - 8
core   0: 3 0x80009528 (0xbfe5)
core   0: 0x80009520 (0x00002f17) auipc   t5, 0x2
core   0: 3 0x80009520 (0x00002f17) x30 0x8000b520
core   0: 0x80009524 (0xae3f2023) sw      gp, -1312(t5)
core   0: 3 0x80009524 (0xae3f2023) mem 0x8000b000 0x00000001
core   0: 0x80009528 (0x0000bfe5) c.j     pc - 8
core   0: 3 0x80009528 (0xbfe5)
core   0: 0x80009520 (0x00002f17) auipc   t5, 0x2
core   0: 3 0x80009520 (0x00002f17) x30 0x8000b520
core   0: 0x80009524 (0xae3f2023) sw      gp, -1312(t5)
core   0: 3 0x80009524 (0xae3f2023) mem 0x8000b000 0x00000001
core   0: 0x80009528 (0x0000bfe5) c.j     pc - 8
core   0: 3 0x80009528 (0xbfe5)
core   0: 0x80009520 (0x00002f17) auipc   t5, 0x2
core   0: 3 0x80009520 (0x00002f17) x30 0x8000b520
core   0: 0x80009524 (0xae3f2023) sw      gp, -1312(t5)
core   0: 3 0x80009524 (0xae3f2023) mem 0x8000b000 0x00000001
core   0: 0x80009528 (0x0000bfe5) c.j     pc - 8
core   0: 3 0x80009528 (0xbfe5)
core   0: 0x80009520 (0x00002f17) auipc   t5, 0x2
core   0: 3 0x80009520 (0x00002f17) x30 0x8000b520
core   0: 0x80009524 (0xae3f2023) sw      gp, -1312(t5)
core   0: 3 0x80009524 (0xae3f2023) mem 0x8000b000 0x00000001
core   0: 0x80009528 (0x0000bfe5) c.j     pc - 8
core   0: 3 0x80009528 (0xbfe5)
core   0: 0x80009520 (0x00002f17) auipc   t5, 0x2
core   0: 3 0x80009520 (0x00002f17) x30 0x8000b520
core   0: 0x80009524 (0xae3f2023) sw      gp, -1312(t5)
core   0: 3 0x80009524 (0xae3f2023) mem 0x8000b000 0x00000001
core   0: 0x80009528 (0x0000bfe5) c.j     pc - 8
core   0: 3 0x80009528 (0xbfe5)
core   0: 0x80009520 (0x00002f17) auipc   t5, 0x2
core   0: 3 0x80009520 (0x00002f17) x30 0x8000b520
core   0: 0x80009524 (0xae3f2023) sw      gp, -1312(t5)
core   0: 3 0x80009524 (0xae3f2023) mem 0x8000b000 0x00000001
core   0: 0x80009528 (0x0000bfe5) c.j     pc - 8
core   0: 3 0x80009528 (0xbfe5)
core   0: 0x80009520 (0x00002f17) auipc   t5, 0x2
core   0: 3 0x80009520 (0x00002f17) x30 0x8000b520
core   0: 0x80009524 (0xae3f2023) sw      gp, -1312(t5)
core   0: 3 0x80009524 (0xae3f2023) mem 0x8000b000 0x00000001
core   0: 0x80009528 (0x0000bfe5) c.j     pc - 8
core   0: 3 0x80009528 (0xbfe5)
core   0: 0x80009520 (0x00002f17) auipc   t5, 0x2
core   0: 3 0x80009520 (0x00002f17) x30 0x8000b520
core   0: 0x80009524 (0xae3f2023) sw      gp, -1312(t5)
core   0: 3 0x80009524 (0xae3f2023) mem 0x8000b000 0x00000001
core   0: 0x80009528 (0x0000bfe5) c.j     pc - 8
core   0: 3 0x80009528 (0xbfe5)
core   0: 0x80009520 (0x00002f17) auipc   t5, 0x2
core   0: 3 0x80009520 (0x00002f17) x30 0x8000b520
core   0: 0x80009524 (0xae3f2023) sw      gp, -1312(t5)
core   0: 3 0x80009524 (0xae3f2023) mem 0x8000b000 0x00000001
core   0: 0x80009528 (0x0000bfe5) c.j     pc - 8
core   0: 3 0x80009528 (0xbfe5)
core   0: 0x80009520 (0x00002f17) auipc   t5, 0x2
core   0: 3 0x80009520 (0x00002f17) x30 0x8000b520
core   0: 0x80009524 (0xae3f2023) sw      gp, -1312(t5)
core   0: 3 0x80009524 (0xae3f2023) mem 0x8000b000 0x00000001
core   0: 0x80009528 (0x0000bfe5) c.j     pc - 8
core   0: 3 0x80009528 (0xbfe5)
core   0: 0x80009520 (0x00002f17) auipc   t5, 0x2
core   0: 3 0x80009520 (0x00002f17) x30 0x8000b520
core   0: 0x80009524 (0xae3f2023) sw      gp, -1312(t5)
core   0: 3 0x80009524 (0xae3f2023) mem 0x8000b000 0x00000001
core   0: 0x80009528 (0x0000bfe5) c.j     pc - 8
core   0: 3 0x80009528 (0xbfe5)
core   0: 0x80009520 (0x00002f17) auipc   t5, 0x2
core   0: 3 0x80009520 (0x00002f17) x30 0x8000b520
core   0: 0x80009524 (0xae3f2023) sw      gp, -1312(t5)
core   0: 3 0x80009524 (0xae3f2023) mem 0x8000b000 0x00000001
core   0: 0x80009528 (0x0000bfe5) c.j     pc - 8
core   0: 3 0x80009528 (0xbfe5)
core   0: 0x80009520 (0x00002f17) auipc   t5, 0x2
core   0: 3 0x80009520 (0x00002f17) x30 0x8000b520
core   0: 0x80009524 (0xae3f2023) sw      gp, -1312(t5)
core   0: 3 0x80009524 (0xae3f2023) mem 0x8000b000 0x00000001
core   0: 0x80009528 (0x0000bfe5) c.j     pc - 8
core   0: 3 0x80009528 (0xbfe5)
core   0: 0x80009520 (0x00002f17) auipc   t5, 0x2
core   0: 3 0x80009520 (0x00002f17) x30 0x8000b520
core   0: 0x80009524 (0xae3f2023) sw      gp, -1312(t5)
core   0: 3 0x80009524 (0xae3f2023) mem 0x8000b000 0x00000001
core   0: 0x80009528 (0x0000bfe5) c.j     pc - 8
core   0: 3 0x80009528 (0xbfe5)
core   0: 0x80009520 (0x00002f17) auipc   t5, 0x2
core   0: 3 0x80009520 (0x00002f17) x30 0x8000b520
core   0: 0x80009524 (0xae3f2023) sw      gp, -1312(t5)
core   0: 3 0x80009524 (0xae3f2023) mem 0x8000b000 0x00000001
core   0: 0x80009528 (0x0000bfe5) c.j     pc - 8
core   0: 3 0x80009528 (0xbfe5)
core   0: 0x80009520 (0x00002f17) auipc   t5, 0x2
core   0: 3 0x80009520 (0x00002f17) x30 0x8000b520
core   0: 0x80009524 (0xae3f2023) sw      gp, -1312(t5)
core   0: 3 0x80009524 (0xae3f2023) mem 0x8000b000 0x00000001
core   0: 0x80009528 (0x0000bfe5) c.j     pc - 8
core   0: 3 0x80009528 (0xbfe5)
core   0: 0x80009520 (0x00002f17) auipc   t5, 0x2
core   0: 3 0x80009520 (0x00002f17) x30 0x8000b520
core   0: 0x80009524 (0xae3f2023) sw      gp, -1312(t5)
core   0: 3 0x80009524 (0xae3f2023) mem 0x8000b000 0x00000001
core   0: 0x80009528 (0x0000bfe5) c.j     pc - 8
core   0: 3 0x80009528 (0xbfe5)
core   0: 0x80009520 (0x00002f17) auipc   t5, 0x2
core   0: 3 0x80009520 (0x00002f17) x30 0x8000b520
core   0: 0x80009524 (0xae3f2023) sw      gp, -1312(t5)
core   0: 3 0x80009524 (0xae3f2023) mem 0x8000b000 0x00000001
core   0: 0x80009528 (0x0000bfe5) c.j     pc - 8
core   0: 3 0x80009528 (0xbfe5)
core   0: 0x80009520 (0x00002f17) auipc   t5, 0x2
core   0: 3 0x80009520 (0x00002f17) x30 0x8000b520
core   0: 0x80009524 (0xae3f2023) sw      gp, -1312(t5)
core   0: 3 0x80009524 (0xae3f2023) mem 0x8000b000 0x00000001
core   0: 0x80009528 (0x0000bfe5) c.j     pc - 8
core   0: 3 0x80009528 (0xbfe5)
core   0: 0x80009520 (0x00002f17) auipc   t5, 0x2
core   0: 3 0x80009520 (0x00002f17) x30 0x8000b520
core   0: 0x80009524 (0xae3f2023) sw      gp, -1312(t5)
core   0: 3 0x80009524 (0xae3f2023) mem 0x8000b000 0x00000001
core   0: 0x80009528 (0x0000bfe5) c.j     pc - 8
core   0: 3 0x80009528 (0xbfe5)
core   0: 0x80009520 (0x00002f17) auipc   t5, 0x2
core   0: 3 0x80009520 (0x00002f17) x30 0x8000b520
core   0: 0x80009524 (0xae3f2023) sw      gp, -1312(t5)
core   0: 3 0x80009524 (0xae3f2023) mem 0x8000b000 0x00000001
core   0: 0x80009528 (0x0000bfe5) c.j     pc - 8
core   0: 3 0x80009528 (0xbfe5)
core   0: 0x80009520 (0x00002f17) auipc   t5, 0x2
core   0: 3 0x80009520 (0x00002f17) x30 0x8000b520
core   0: 0x80009524 (0xae3f2023) sw      gp, -1312(t5)
core   0: 3 0x80009524 (0xae3f2023) mem 0x8000b000 0x00000001
core   0: 0x80009528 (0x0000bfe5) c.j     pc - 8
core   0: 3 0x80009528 (0xbfe5)
core   0: 0x80009520 (0x00002f17) auipc   t5, 0x2
core   0: 3 0x80009520 (0x00002f17) x30 0x8000b520
core   0: 0x80009524 (0xae3f2023) sw      gp, -1312(t5)
core   0: 3 0x80009524 (0xae3f2023) mem 0x8000b000 0x00000001
core   0: 0x80009528 (0x0000bfe5) c.j     pc - 8
core   0: 3 0x80009528 (0xbfe5)
core   0: 0x80009520 (0x00002f17) auipc   t5, 0x2
core   0: 3 0x80009520 (0x00002f17) x30 0x8000b520
core   0: 0x80009524 (0xae3f2023) sw      gp, -1312(t5)
core   0: 3 0x80009524 (0xae3f2023) mem 0x8000b000 0x00000001
core   0: 0x80009528 (0x0000bfe5) c.j     pc - 8
core   0: 3 0x80009528 (0xbfe5)
core   0: 0x80009520 (0x00002f17) auipc   t5, 0x2
core   0: 3 0x80009520 (0x00002f17) x30 0x8000b520
core   0: 0x80009524 (0xae3f2023) sw      gp, -1312(t5)
core   0: 3 0x80009524 (0xae3f2023) mem 0x8000b000 0x00000001
core   0: 0x80009528 (0x0000bfe5) c.j     pc - 8
core   0: 3 0x80009528 (0xbfe5)
core   0: 0x80009520 (0x00002f17) auipc   t5, 0x2
core   0: 3 0x80009520 (0x00002f17) x30 0x8000b520
core   0: 0x80009524 (0xae3f2023) sw      gp, -1312(t5)
core   0: 3 0x80009524 (0xae3f2023) mem 0x8000b000 0x00000001
core   0: 0x80009528 (0x0000bfe5) c.j     pc - 8
core   0: 3 0x80009528 (0xbfe5)
core   0: 0x80009520 (0x00002f17) auipc   t5, 0x2
core   0: 3 0x80009520 (0x00002f17) x30 0x8000b520
core   0: 0x80009524 (0xae3f2023) sw      gp, -1312(t5)
core   0: 3 0x80009524 (0xae3f2023) mem 0x8000b000 0x00000001
core   0: 0x80009528 (0x0000bfe5) c.j     pc - 8
core   0: 3 0x80009528 (0xbfe5)
core   0: 0x80009520 (0x00002f17) auipc   t5, 0x2
core   0: 3 0x80009520 (0x00002f17) x30 0x8000b520
core   0: 0x80009524 (0xae3f2023) sw      gp, -1312(t5)
core   0: 3 0x80009524 (0xae3f2023) mem 0x8000b000 0x00000001
core   0: 0x80009528 (0x0000bfe5) c.j     pc - 8
core   0: 3 0x80009528 (0xbfe5)
core   0: 0x80009520 (0x00002f17) auipc   t5, 0x2
core   0: 3 0x80009520 (0x00002f17) x30 0x8000b520
core   0: 0x80009524 (0xae3f2023) sw      gp, -1312(t5)
core   0: 3 0x80009524 (0xae3f2023) mem 0x8000b000 0x00000001
core   0: 0x80009528 (0x0000bfe5) c.j     pc - 8
core   0: 3 0x80009528 (0xbfe5)
core   0: 0x80009520 (0x00002f17) auipc   t5, 0x2
core   0: 3 0x80009520 (0x00002f17) x30 0x8000b520
core   0: 0x80009524 (0xae3f2023) sw      gp, -1312(t5)
core   0: 3 0x80009524 (0xae3f2023) mem 0x8000b000 0x00000001
core   0: 0x80009528 (0x0000bfe5) c.j     pc - 8
core   0: 3 0x80009528 (0xbfe5)
core   0: 0x80009520 (0x00002f17) auipc   t5, 0x2
core   0: 3 0x80009520 (0x00002f17) x30 0x8000b520
core   0: 0x80009524 (0xae3f2023) sw      gp, -1312(t5)
core   0: 3 0x80009524 (0xae3f2023) mem 0x8000b000 0x00000001
core   0: 0x80009528 (0x0000bfe5) c.j     pc - 8
core   0: 3 0x80009528 (0xbfe5)
core   0: 0x80009520 (0x00002f17) auipc   t5, 0x2
core   0: 3 0x80009520 (0x00002f17) x30 0x8000b520
core   0: 0x80009524 (0xae3f2023) sw      gp, -1312(t5)
core   0: 3 0x80009524 (0xae3f2023) mem 0x8000b000 0x00000001
core   0: 0x80009528 (0x0000bfe5) c.j     pc - 8
core   0: 3 0x80009528 (0xbfe5)
core   0: 0x80009520 (0x00002f17) auipc   t5, 0x2
core   0: 3 0x80009520 (0x00002f17) x30 0x8000b520
core   0: 0x80009524 (0xae3f2023) sw      gp, -1312(t5)
core   0: 3 0x80009524 (0xae3f2023) mem 0x8000b000 0x00000001
core   0: 0x80009528 (0x0000bfe5) c.j     pc - 8
core   0: 3 0x80009528 (0xbfe5)
core   0: 0x80009520 (0x00002f17) auipc   t5, 0x2
core   0: 3 0x80009520 (0x00002f17) x30 0x8000b520
core   0: 0x80009524 (0xae3f2023) sw      gp, -1312(t5)
core   0: 3 0x80009524 (0xae3f2023) mem 0x8000b000 0x00000001
core   0: 0x80009528 (0x0000bfe5) c.j     pc - 8
core   0: 3 0x80009528 (0xbfe5)
core   0: 0x80009520 (0x00002f17) auipc   t5, 0x2
core   0: 3 0x80009520 (0x00002f17) x30 0x8000b520
core   0: 0x80009524 (0xae3f2023) sw      gp, -1312(t5)
core   0: 3 0x80009524 (0xae3f2023) mem 0x8000b000 0x00000001
core   0: 0x80009528 (0x0000bfe5) c.j     pc - 8
core   0: 3 0x80009528 (0xbfe5)
core   0: 0x80009520 (0x00002f17) auipc   t5, 0x2
core   0: 3 0x80009520 (0x00002f17) x30 0x8000b520
core   0: 0x80009524 (0xae3f2023) sw      gp, -1312(t5)
core   0: 3 0x80009524 (0xae3f2023) mem 0x8000b000 0x00000001
core   0: 0x80009528 (0x0000bfe5) c.j     pc - 8
core   0: 3 0x80009528 (0xbfe5)
core   0: 0x80009520 (0x00002f17) auipc   t5, 0x2
core   0: 3 0x80009520 (0x00002f17) x30 0x8000b520
core   0: 0x80009524 (0xae3f2023) sw      gp, -1312(t5)
core   0: 3 0x80009524 (0xae3f2023) mem 0x8000b000 0x00000001
core   0: 0x80009528 (0x0000bfe5) c.j     pc - 8
core   0: 3 0x80009528 (0xbfe5)
core   0: 0x80009520 (0x00002f17) auipc   t5, 0x2
core   0: 3 0x80009520 (0x00002f17) x30 0x8000b520
core   0: 0x80009524 (0xae3f2023) sw      gp, -1312(t5)
core   0: 3 0x80009524 (0xae3f2023) mem 0x8000b000 0x00000001
core   0: 0x80009528 (0x0000bfe5) c.j     pc - 8
core   0: 3 0x80009528 (0xbfe5)
core   0: 0x80009520 (0x00002f17) auipc   t5, 0x2
core   0: 3 0x80009520 (0x00002f17) x30 0x8000b520
core   0: 0x80009524 (0xae3f2023) sw      gp, -1312(t5)
core   0: 3 0x80009524 (0xae3f2023) mem 0x8000b000 0x00000001
core   0: 0x80009528 (0x0000bfe5) c.j     pc - 8
core   0: 3 0x80009528 (0xbfe5)
core   0: 0x80009520 (0x00002f17) auipc   t5, 0x2
core   0: 3 0x80009520 (0x00002f17) x30 0x8000b520
core   0: 0x80009524 (0xae3f2023) sw      gp, -1312(t5)
core   0: 3 0x80009524 (0xae3f2023) mem 0x8000b000 0x00000001
core   0: 0x80009528 (0x0000bfe5) c.j     pc - 8
core   0: 3 0x80009528 (0xbfe5)
core   0: 0x80009520 (0x00002f17) auipc   t5, 0x2
core   0: 3 0x80009520 (0x00002f17) x30 0x8000b520
core   0: 0x80009524 (0xae3f2023) sw      gp, -1312(t5)
core   0: 3 0x80009524 (0xae3f2023) mem 0x8000b000 0x00000001
core   0: 0x80009528 (0x0000bfe5) c.j     pc - 8
core   0: 3 0x80009528 (0xbfe5)
core   0: 0x80009520 (0x00002f17) auipc   t5, 0x2
core   0: 3 0x80009520 (0x00002f17) x30 0x8000b520
core   0: 0x80009524 (0xae3f2023) sw      gp, -1312(t5)
core   0: 3 0x80009524 (0xae3f2023) mem 0x8000b000 0x00000001
core   0: 0x80009528 (0x0000bfe5) c.j     pc - 8
core   0: 3 0x80009528 (0xbfe5)
core   0: 0x80009520 (0x00002f17) auipc   t5, 0x2
core   0: 3 0x80009520 (0x00002f17) x30 0x8000b520
core   0: 0x80009524 (0xae3f2023) sw      gp, -1312(t5)
core   0: 3 0x80009524 (0xae3f2023) mem 0x8000b000 0x00000001
core   0: 0x80009528 (0x0000bfe5) c.j     pc - 8
core   0: 3 0x80009528 (0xbfe5)
core   0: 0x80009520 (0x00002f17) auipc   t5, 0x2
core   0: 3 0x80009520 (0x00002f17) x30 0x8000b520
core   0: 0x80009524 (0xae3f2023) sw      gp, -1312(t5)
core   0: 3 0x80009524 (0xae3f2023) mem 0x8000b000 0x00000001
core   0: 0x80009528 (0x0000bfe5) c.j     pc - 8
core   0: 3 0x80009528 (0xbfe5)
core   0: 0x80009520 (0x00002f17) auipc   t5, 0x2
core   0: 3 0x80009520 (0x00002f17) x30 0x8000b520
core   0: 0x80009524 (0xae3f2023) sw      gp, -1312(t5)
core   0: 3 0x80009524 (0xae3f2023) mem 0x8000b000 0x00000001
core   0: 0x80009528 (0x0000bfe5) c.j     pc - 8
core   0: 3 0x80009528 (0xbfe5)
core   0: 0x80009520 (0x00002f17) auipc   t5, 0x2
core   0: 3 0x80009520 (0x00002f17) x30 0x8000b520
core   0: 0x80009524 (0xae3f2023) sw      gp, -1312(t5)
core   0: 3 0x80009524 (0xae3f2023) mem 0x8000b000 0x00000001
core   0: 0x80009528 (0x0000bfe5) c.j     pc - 8
core   0: 3 0x80009528 (0xbfe5)
core   0: 0x80009520 (0x00002f17) auipc   t5, 0x2
core   0: 3 0x80009520 (0x00002f17) x30 0x8000b520
core   0: 0x80009524 (0xae3f2023) sw      gp, -1312(t5)
core   0: 3 0x80009524 (0xae3f2023) mem 0x8000b000 0x00000001
core   0: 0x80009528 (0x0000bfe5) c.j     pc - 8
core   0: 3 0x80009528 (0xbfe5)
core   0: 0x80009520 (0x00002f17) auipc   t5, 0x2
core   0: 3 0x80009520 (0x00002f17) x30 0x8000b520
core   0: 0x80009524 (0xae3f2023) sw      gp, -1312(t5)
core   0: 3 0x80009524 (0xae3f2023) mem 0x8000b000 0x00000001
core   0: 0x80009528 (0x0000bfe5) c.j     pc - 8
core   0: 3 0x80009528 (0xbfe5)
core   0: 0x80009520 (0x00002f17) auipc   t5, 0x2
core   0: 3 0x80009520 (0x00002f17) x30 0x8000b520
core   0: 0x80009524 (0xae3f2023) sw      gp, -1312(t5)
core   0: 3 0x80009524 (0xae3f2023) mem 0x8000b000 0x00000001
core   0: 0x80009528 (0x0000bfe5) c.j     pc - 8
core   0: 3 0x80009528 (0xbfe5)
core   0: 0x80009520 (0x00002f17) auipc   t5, 0x2
core   0: 3 0x80009520 (0x00002f17) x30 0x8000b520
core   0: 0x80009524 (0xae3f2023) sw      gp, -1312(t5)
core   0: 3 0x80009524 (0xae3f2023) mem 0x8000b000 0x00000001
core   0: 0x80009528 (0x0000bfe5) c.j     pc - 8
core   0: 3 0x80009528 (0xbfe5)
core   0: 0x80009520 (0x00002f17) auipc   t5, 0x2
core   0: 3 0x80009520 (0x00002f17) x30 0x8000b520
core   0: 0x80009524 (0xae3f2023) sw      gp, -1312(t5)
core   0: 3 0x80009524 (0xae3f2023) mem 0x8000b000 0x00000001
core   0: 0x80009528 (0x0000bfe5) c.j     pc - 8
core   0: 3 0x80009528 (0xbfe5)
core   0: 0x80009520 (0x00002f17) auipc   t5, 0x2
core   0: 3 0x80009520 (0x00002f17) x30 0x8000b520
core   0: 0x80009524 (0xae3f2023) sw      gp, -1312(t5)
core   0: 3 0x80009524 (0xae3f2023) mem 0x8000b000 0x00000001
core   0: 0x80009528 (0x0000bfe5) c.j     pc - 8
core   0: 3 0x80009528 (0xbfe5)
core   0: 0x80009520 (0x00002f17) auipc   t5, 0x2
core   0: 3 0x80009520 (0x00002f17) x30 0x8000b520
core   0: 0x80009524 (0xae3f2023) sw      gp, -1312(t5)
core   0: 3 0x80009524 (0xae3f2023) mem 0x8000b000 0x00000001
core   0: 0x80009528 (0x0000bfe5) c.j     pc - 8
core   0: 3 0x80009528 (0xbfe5)
core   0: 0x80009520 (0x00002f17) auipc   t5, 0x2
core   0: 3 0x80009520 (0x00002f17) x30 0x8000b520
core   0: 0x80009524 (0xae3f2023) sw      gp, -1312(t5)
core   0: 3 0x80009524 (0xae3f2023) mem 0x8000b000 0x00000001
core   0: 0x80009528 (0x0000bfe5) c.j     pc - 8
core   0: 3 0x80009528 (0xbfe5)
core   0: 0x80009520 (0x00002f17) auipc   t5, 0x2
core   0: 3 0x80009520 (0x00002f17) x30 0x8000b520
core   0: 0x80009524 (0xae3f2023) sw      gp, -1312(t5)
core   0: 3 0x80009524 (0xae3f2023) mem 0x8000b000 0x00000001
core   0: 0x80009528 (0x0000bfe5) c.j     pc - 8
core   0: 3 0x80009528 (0xbfe5)
core   0: 0x80009520 (0x00002f17) auipc   t5, 0x2
core   0: 3 0x80009520 (0x00002f17) x30 0x8000b520
core   0: 0x80009524 (0xae3f2023) sw      gp, -1312(t5)
core   0: 3 0x80009524 (0xae3f2023) mem 0x8000b000 0x00000001
core   0: 0x80009528 (0x0000bfe5) c.j     pc - 8
core   0: 3 0x80009528 (0xbfe5)
core   0: 0x80009520 (0x00002f17) auipc   t5, 0x2
core   0: 3 0x80009520 (0x00002f17) x30 0x8000b520
core   0: 0x80009524 (0xae3f2023) sw      gp, -1312(t5)
core   0: 3 0x80009524 (0xae3f2023) mem 0x8000b000 0x00000001
core   0: 0x80009528 (0x0000bfe5) c.j     pc - 8
core   0: 3 0x80009528 (0xbfe5)
core   0: 0x80009520 (0x00002f17) auipc   t5, 0x2
core   0: 3 0x80009520 (0x00002f17) x30 0x8000b520
core   0: 0x80009524 (0xae3f2023) sw      gp, -1312(t5)
core   0: 3 0x80009524 (0xae3f2023) mem 0x8000b000 0x00000001
core   0: 0x80009528 (0x0000bfe5) c.j     pc - 8
core   0: 3 0x80009528 (0xbfe5)
core   0: 0x80009520 (0x00002f17) auipc   t5, 0x2
core   0: 3 0x80009520 (0x00002f17) x30 0x8000b520
core   0: 0x80009524 (0xae3f2023) sw      gp, -1312(t5)
core   0: 3 0x80009524 (0xae3f2023) mem 0x8000b000 0x00000001
core   0: 0x80009528 (0x0000bfe5) c.j     pc - 8
core   0: 3 0x80009528 (0xbfe5)
core   0: 0x80009520 (0x00002f17) auipc   t5, 0x2
core   0: 3 0x80009520 (0x00002f17) x30 0x8000b520
core   0: 0x80009524 (0xae3f2023) sw      gp, -1312(t5)
core   0: 3 0x80009524 (0xae3f2023) mem 0x8000b000 0x00000001
core   0: 0x80009528 (0x0000bfe5) c.j     pc - 8
core   0: 3 0x80009528 (0xbfe5)
core   0: 0x80009520 (0x00002f17) auipc   t5, 0x2
core   0: 3 0x80009520 (0x00002f17) x30 0x8000b520
core   0: 0x80009524 (0xae3f2023) sw      gp, -1312(t5)
core   0: 3 0x80009524 (0xae3f2023) mem 0x8000b000 0x00000001
core   0: 0x80009528 (0x0000bfe5) c.j     pc - 8
core   0: 3 0x80009528 (0xbfe5)
core   0: 0x80009520 (0x00002f17) auipc   t5, 0x2
core   0: 3 0x80009520 (0x00002f17) x30 0x8000b520
core   0: 0x80009524 (0xae3f2023) sw      gp, -1312(t5)
core   0: 3 0x80009524 (0xae3f2023) mem 0x8000b000 0x00000001
core   0: 0x80009528 (0x0000bfe5) c.j     pc - 8
core   0: 3 0x80009528 (0xbfe5)
core   0: 0x80009520 (0x00002f17) auipc   t5, 0x2
core   0: 3 0x80009520 (0x00002f17) x30 0x8000b520
core   0: 0x80009524 (0xae3f2023) sw      gp, -1312(t5)
core   0: 3 0x80009524 (0xae3f2023) mem 0x8000b000 0x00000001
core   0: 0x80009528 (0x0000bfe5) c.j     pc - 8
core   0: 3 0x80009528 (0xbfe5)
core   0: 0x80009520 (0x00002f17) auipc   t5, 0x2
core   0: 3 0x80009520 (0x00002f17) x30 0x8000b520
core   0: 0x80009524 (0xae3f2023) sw      gp, -1312(t5)
core   0: 3 0x80009524 (0xae3f2023) mem 0x8000b000 0x00000001
core   0: 0x80009528 (0x0000bfe5) c.j     pc - 8
core   0: 3 0x80009528 (0xbfe5)
core   0: 0x80009520 (0x00002f17) auipc   t5, 0x2
core   0: 3 0x80009520 (0x00002f17) x30 0x8000b520
core   0: 0x80009524 (0xae3f2023) sw      gp, -1312(t5)
core   0: 3 0x80009524 (0xae3f2023) mem 0x8000b000 0x00000001
core   0: 0x80009528 (0x0000bfe5) c.j     pc - 8
core   0: 3 0x80009528 (0xbfe5)
core   0: 0x80009520 (0x00002f17) auipc   t5, 0x2
core   0: 3 0x80009520 (0x00002f17) x30 0x8000b520
core   0: 0x80009524 (0xae3f2023) sw      gp, -1312(t5)
core   0: 3 0x80009524 (0xae3f2023) mem 0x8000b000 0x00000001
core   0: 0x80009528 (0x0000bfe5) c.j     pc - 8
core   0: 3 0x80009528 (0xbfe5)
core   0: 0x80009520 (0x00002f17) auipc   t5, 0x2
core   0: 3 0x80009520 (0x00002f17) x30 0x8000b520
core   0: 0x80009524 (0xae3f2023) sw      gp, -1312(t5)
core   0: 3 0x80009524 (0xae3f2023) mem 0x8000b000 0x00000001
core   0: 0x80009528 (0x0000bfe5) c.j     pc - 8
core   0: 3 0x80009528 (0xbfe5)
core   0: 0x80009520 (0x00002f17) auipc   t5, 0x2
core   0: 3 0x80009520 (0x00002f17) x30 0x8000b520
core   0: 0x80009524 (0xae3f2023) sw      gp, -1312(t5)
core   0: 3 0x80009524 (0xae3f2023) mem 0x8000b000 0x00000001
core   0: 0x80009528 (0x0000bfe5) c.j     pc - 8
core   0: 3 0x80009528 (0xbfe5)
core   0: 0x80009520 (0x00002f17) auipc   t5, 0x2
core   0: 3 0x80009520 (0x00002f17) x30 0x8000b520
core   0: 0x80009524 (0xae3f2023) sw      gp, -1312(t5)
core   0: 3 0x80009524 (0xae3f2023) mem 0x8000b000 0x00000001
core   0: 0x80009528 (0x0000bfe5) c.j     pc - 8
core   0: 3 0x80009528 (0xbfe5)
core   0: 0x80009520 (0x00002f17) auipc   t5, 0x2
core   0: 3 0x80009520 (0x00002f17) x30 0x8000b520
core   0: 0x80009524 (0xae3f2023) sw      gp, -1312(t5)
core   0: 3 0x80009524 (0xae3f2023) mem 0x8000b000 0x00000001
core   0: 0x80009528 (0x0000bfe5) c.j     pc - 8
core   0: 3 0x80009528 (0xbfe5)
core   0: 0x80009520 (0x00002f17) auipc   t5, 0x2
core   0: 3 0x80009520 (0x00002f17) x30 0x8000b520
core   0: 0x80009524 (0xae3f2023) sw      gp, -1312(t5)
core   0: 3 0x80009524 (0xae3f2023) mem 0x8000b000 0x00000001
core   0: 0x80009528 (0x0000bfe5) c.j     pc - 8
core   0: 3 0x80009528 (0xbfe5)
core   0: 0x80009520 (0x00002f17) auipc   t5, 0x2
core   0: 3 0x80009520 (0x00002f17) x30 0x8000b520
core   0: 0x80009524 (0xae3f2023) sw      gp, -1312(t5)
core   0: 3 0x80009524 (0xae3f2023) mem 0x8000b000 0x00000001
core   0: 0x80009528 (0x0000bfe5) c.j     pc - 8
core   0: 3 0x80009528 (0xbfe5)
core   0: 0x80009520 (0x00002f17) auipc   t5, 0x2
core   0: 3 0x80009520 (0x00002f17) x30 0x8000b520
core   0: 0x80009524 (0xae3f2023) sw      gp, -1312(t5)
core   0: 3 0x80009524 (0xae3f2023) mem 0x8000b000 0x00000001
core   0: 0x80009528 (0x0000bfe5) c.j     pc - 8
core   0: 3 0x80009528 (0xbfe5)
core   0: 0x80009520 (0x00002f17) auipc   t5, 0x2
core   0: 3 0x80009520 (0x00002f17) x30 0x8000b520
core   0: 0x80009524 (0xae3f2023) sw      gp, -1312(t5)
core   0: 3 0x80009524 (0xae3f2023) mem 0x8000b000 0x00000001
core   0: 0x80009528 (0x0000bfe5) c.j     pc - 8
core   0: 3 0x80009528 (0xbfe5)
core   0: 0x80009520 (0x00002f17) auipc   t5, 0x2
core   0: 3 0x80009520 (0x00002f17) x30 0x8000b520
core   0: 0x80009524 (0xae3f2023) sw      gp, -1312(t5)
core   0: 3 0x80009524 (0xae3f2023) mem 0x8000b000 0x00000001
core   0: 0x80009528 (0x0000bfe5) c.j     pc - 8
core   0: 3 0x80009528 (0xbfe5)
core   0: 0x80009520 (0x00002f17) auipc   t5, 0x2
core   0: 3 0x80009520 (0x00002f17) x30 0x8000b520
core   0: 0x80009524 (0xae3f2023) sw      gp, -1312(t5)
core   0: 3 0x80009524 (0xae3f2023) mem 0x8000b000 0x00000001
core   0: 0x80009528 (0x0000bfe5) c.j     pc - 8
core   0: 3 0x80009528 (0xbfe5)
core   0: 0x80009520 (0x00002f17) auipc   t5, 0x2
core   0: 3 0x80009520 (0x00002f17) x30 0x8000b520
core   0: 0x80009524 (0xae3f2023) sw      gp, -1312(t5)
core   0: 3 0x80009524 (0xae3f2023) mem 0x8000b000 0x00000001
core   0: 0x80009528 (0x0000bfe5) c.j     pc - 8
core   0: 3 0x80009528 (0xbfe5)
core   0: 0x80009520 (0x00002f17) auipc   t5, 0x2
core   0: 3 0x80009520 (0x00002f17) x30 0x8000b520
core   0: 0x80009524 (0xae3f2023) sw      gp, -1312(t5)
core   0: 3 0x80009524 (0xae3f2023) mem 0x8000b000 0x00000001
core   0: 0x80009528 (0x0000bfe5) c.j     pc - 8
core   0: 3 0x80009528 (0xbfe5)
core   0: 0x80009520 (0x00002f17) auipc   t5, 0x2
core   0: 3 0x80009520 (0x00002f17) x30 0x8000b520
core   0: 0x80009524 (0xae3f2023) sw      gp, -1312(t5)
core   0: 3 0x80009524 (0xae3f2023) mem 0x8000b000 0x00000001
core   0: 0x80009528 (0x0000bfe5) c.j     pc - 8
core   0: 3 0x80009528 (0xbfe5)
core   0: 0x80009520 (0x00002f17) auipc   t5, 0x2
core   0: 3 0x80009520 (0x00002f17) x30 0x8000b520
core   0: 0x80009524 (0xae3f2023) sw      gp, -1312(t5)
core   0: 3 0x80009524 (0xae3f2023) mem 0x8000b000 0x00000001
core   0: 0x80009528 (0x0000bfe5) c.j     pc - 8
core   0: 3 0x80009528 (0xbfe5)
core   0: 0x80009520 (0x00002f17) auipc   t5, 0x2
core   0: 3 0x80009520 (0x00002f17) x30 0x8000b520
core   0: 0x80009524 (0xae3f2023) sw      gp, -1312(t5)
core   0: 3 0x80009524 (0xae3f2023) mem 0x8000b000 0x00000001
core   0: 0x80009528 (0x0000bfe5) c.j     pc - 8
core   0: 3 0x80009528 (0xbfe5)
core   0: 0x80009520 (0x00002f17) auipc   t5, 0x2
core   0: 3 0x80009520 (0x00002f17) x30 0x8000b520
core   0: 0x80009524 (0xae3f2023) sw      gp, -1312(t5)
core   0: 3 0x80009524 (0xae3f2023) mem 0x8000b000 0x00000001
core   0: 0x80009528 (0x0000bfe5) c.j     pc - 8
core   0: 3 0x80009528 (0xbfe5)
core   0: 0x80009520 (0x00002f17) auipc   t5, 0x2
core   0: 3 0x80009520 (0x00002f17) x30 0x8000b520
core   0: 0x80009524 (0xae3f2023) sw      gp, -1312(t5)
core   0: 3 0x80009524 (0xae3f2023) mem 0x8000b000 0x00000001
core   0: 0x80009528 (0x0000bfe5) c.j     pc - 8
core   0: 3 0x80009528 (0xbfe5)
core   0: 0x80009520 (0x00002f17) auipc   t5, 0x2
core   0: 3 0x80009520 (0x00002f17) x30 0x8000b520
core   0: 0x80009524 (0xae3f2023) sw      gp, -1312(t5)
core   0: 3 0x80009524 (0xae3f2023) mem 0x8000b000 0x00000001
core   0: 0x80009528 (0x0000bfe5) c.j     pc - 8
core   0: 3 0x80009528 (0xbfe5)
core   0: 0x80009520 (0x00002f17) auipc   t5, 0x2
core   0: 3 0x80009520 (0x00002f17) x30 0x8000b520
core   0: 0x80009524 (0xae3f2023) sw      gp, -1312(t5)
core   0: 3 0x80009524 (0xae3f2023) mem 0x8000b000 0x00000001
core   0: 0x80009528 (0x0000bfe5) c.j     pc - 8
core   0: 3 0x80009528 (0xbfe5)
core   0: 0x80009520 (0x00002f17) auipc   t5, 0x2
core   0: 3 0x80009520 (0x00002f17) x30 0x8000b520
core   0: 0x80009524 (0xae3f2023) sw      gp, -1312(t5)
core   0: 3 0x80009524 (0xae3f2023) mem 0x8000b000 0x00000001
core   0: 0x80009528 (0x0000bfe5) c.j     pc - 8
core   0: 3 0x80009528 (0xbfe5)
core   0: 0x80009520 (0x00002f17) auipc   t5, 0x2
core   0: 3 0x80009520 (0x00002f17) x30 0x8000b520
core   0: 0x80009524 (0xae3f2023) sw      gp, -1312(t5)
core   0: 3 0x80009524 (0xae3f2023) mem 0x8000b000 0x00000001
core   0: 0x80009528 (0x0000bfe5) c.j     pc - 8
core   0: 3 0x80009528 (0xbfe5)
core   0: 0x80009520 (0x00002f17) auipc   t5, 0x2
core   0: 3 0x80009520 (0x00002f17) x30 0x8000b520
core   0: 0x80009524 (0xae3f2023) sw      gp, -1312(t5)
core   0: 3 0x80009524 (0xae3f2023) mem 0x8000b000 0x00000001
core   0: 0x80009528 (0x0000bfe5) c.j     pc - 8
core   0: 3 0x80009528 (0xbfe5)
core   0: 0x80009520 (0x00002f17) auipc   t5, 0x2
core   0: 3 0x80009520 (0x00002f17) x30 0x8000b520
core   0: 0x80009524 (0xae3f2023) sw      gp, -1312(t5)
core   0: 3 0x80009524 (0xae3f2023) mem 0x8000b000 0x00000001
core   0: 0x80009528 (0x0000bfe5) c.j     pc - 8
core   0: 3 0x80009528 (0xbfe5)
core   0: 0x80009520 (0x00002f17) auipc   t5, 0x2
core   0: 3 0x80009520 (0x00002f17) x30 0x8000b520
core   0: 0x80009524 (0xae3f2023) sw      gp, -1312(t5)
core   0: 3 0x80009524 (0xae3f2023) mem 0x8000b000 0x00000001
core   0: 0x80009528 (0x0000bfe5) c.j     pc - 8
core   0: 3 0x80009528 (0xbfe5)
core   0: 0x80009520 (0x00002f17) auipc   t5, 0x2
core   0: 3 0x80009520 (0x00002f17) x30 0x8000b520
core   0: 0x80009524 (0xae3f2023) sw      gp, -1312(t5)
core   0: 3 0x80009524 (0xae3f2023) mem 0x8000b000 0x00000001
core   0: 0x80009528 (0x0000bfe5) c.j     pc - 8
core   0: 3 0x80009528 (0xbfe5)
core   0: 0x80009520 (0x00002f17) auipc   t5, 0x2
core   0: 3 0x80009520 (0x00002f17) x30 0x8000b520
core   0: 0x80009524 (0xae3f2023) sw      gp, -1312(t5)
core   0: 3 0x80009524 (0xae3f2023) mem 0x8000b000 0x00000001
core   0: 0x80009528 (0x0000bfe5) c.j     pc - 8
core   0: 3 0x80009528 (0xbfe5)
core   0: 0x80009520 (0x00002f17) auipc   t5, 0x2
core   0: 3 0x80009520 (0x00002f17) x30 0x8000b520
core   0: 0x80009524 (0xae3f2023) sw      gp, -1312(t5)
core   0: 3 0x80009524 (0xae3f2023) mem 0x8000b000 0x00000001
core   0: 0x80009528 (0x0000bfe5) c.j     pc - 8
core   0: 3 0x80009528 (0xbfe5)
core   0: 0x80009520 (0x00002f17) auipc   t5, 0x2
core   0: 3 0x80009520 (0x00002f17) x30 0x8000b520
core   0: 0x80009524 (0xae3f2023) sw      gp, -1312(t5)
core   0: 3 0x80009524 (0xae3f2023) mem 0x8000b000 0x00000001
core   0: 0x80009528 (0x0000bfe5) c.j     pc - 8
core   0: 3 0x80009528 (0xbfe5)
core   0: 0x80009520 (0x00002f17) auipc   t5, 0x2
core   0: 3 0x80009520 (0x00002f17) x30 0x8000b520
core   0: 0x80009524 (0xae3f2023) sw      gp, -1312(t5)
core   0: 3 0x80009524 (0xae3f2023) mem 0x8000b000 0x00000001
core   0: 0x80009528 (0x0000bfe5) c.j     pc - 8
core   0: 3 0x80009528 (0xbfe5)
core   0: 0x80009520 (0x00002f17) auipc   t5, 0x2
core   0: 3 0x80009520 (0x00002f17) x30 0x8000b520
core   0: 0x80009524 (0xae3f2023) sw      gp, -1312(t5)
core   0: 3 0x80009524 (0xae3f2023) mem 0x8000b000 0x00000001
core   0: 0x80009528 (0x0000bfe5) c.j     pc - 8
core   0: 3 0x80009528 (0xbfe5)
core   0: 0x80009520 (0x00002f17) auipc   t5, 0x2
core   0: 3 0x80009520 (0x00002f17) x30 0x8000b520
core   0: 0x80009524 (0xae3f2023) sw      gp, -1312(t5)
core   0: 3 0x80009524 (0xae3f2023) mem 0x8000b000 0x00000001
core   0: 0x80009528 (0x0000bfe5) c.j     pc - 8
core   0: 3 0x80009528 (0xbfe5)
core   0: 0x80009520 (0x00002f17) auipc   t5, 0x2
core   0: 3 0x80009520 (0x00002f17) x30 0x8000b520
core   0: 0x80009524 (0xae3f2023) sw      gp, -1312(t5)
core   0: 3 0x80009524 (0xae3f2023) mem 0x8000b000 0x00000001
core   0: 0x80009528 (0x0000bfe5) c.j     pc - 8
core   0: 3 0x80009528 (0xbfe5)
core   0: 0x80009520 (0x00002f17) auipc   t5, 0x2
core   0: 3 0x80009520 (0x00002f17) x30 0x8000b520
core   0: 0x80009524 (0xae3f2023) sw      gp, -1312(t5)
core   0: 3 0x80009524 (0xae3f2023) mem 0x8000b000 0x00000001
core   0: 0x80009528 (0x0000bfe5) c.j     pc - 8
core   0: 3 0x80009528 (0xbfe5)
core   0: 0x80009520 (0x00002f17) auipc   t5, 0x2
core   0: 3 0x80009520 (0x00002f17) x30 0x8000b520
core   0: 0x80009524 (0xae3f2023) sw      gp, -1312(t5)
core   0: 3 0x80009524 (0xae3f2023) mem 0x8000b000 0x00000001
core   0: 0x80009528 (0x0000bfe5) c.j     pc - 8
core   0: 3 0x80009528 (0xbfe5)
core   0: 0x80009520 (0x00002f17) auipc   t5, 0x2
core   0: 3 0x80009520 (0x00002f17) x30 0x8000b520
core   0: 0x80009524 (0xae3f2023) sw      gp, -1312(t5)
core   0: 3 0x80009524 (0xae3f2023) mem 0x8000b000 0x00000001
core   0: 0x80009528 (0x0000bfe5) c.j     pc - 8
core   0: 3 0x80009528 (0xbfe5)
core   0: 0x80009520 (0x00002f17) auipc   t5, 0x2
core   0: 3 0x80009520 (0x00002f17) x30 0x8000b520
core   0: 0x80009524 (0xae3f2023) sw      gp, -1312(t5)
core   0: 3 0x80009524 (0xae3f2023) mem 0x8000b000 0x00000001
core   0: 0x80009528 (0x0000bfe5) c.j     pc - 8
core   0: 3 0x80009528 (0xbfe5)
core   0: 0x80009520 (0x00002f17) auipc   t5, 0x2
core   0: 3 0x80009520 (0x00002f17) x30 0x8000b520
core   0: 0x80009524 (0xae3f2023) sw      gp, -1312(t5)
core   0: 3 0x80009524 (0xae3f2023) mem 0x8000b000 0x00000001
core   0: 0x80009528 (0x0000bfe5) c.j     pc - 8
core   0: 3 0x80009528 (0xbfe5)
core   0: 0x80009520 (0x00002f17) auipc   t5, 0x2
core   0: 3 0x80009520 (0x00002f17) x30 0x8000b520
core   0: 0x80009524 (0xae3f2023) sw      gp, -1312(t5)
core   0: 3 0x80009524 (0xae3f2023) mem 0x8000b000 0x00000001
core   0: 0x80009528 (0x0000bfe5) c.j     pc - 8
core   0: 3 0x80009528 (0xbfe5)
core   0: 0x80009520 (0x00002f17) auipc   t5, 0x2
core   0: 3 0x80009520 (0x00002f17) x30 0x8000b520
core   0: 0x80009524 (0xae3f2023) sw      gp, -1312(t5)
core   0: 3 0x80009524 (0xae3f2023) mem 0x8000b000 0x00000001
core   0: 0x80009528 (0x0000bfe5) c.j     pc - 8
core   0: 3 0x80009528 (0xbfe5)
core   0: 0x80009520 (0x00002f17) auipc   t5, 0x2
core   0: 3 0x80009520 (0x00002f17) x30 0x8000b520
core   0: 0x80009524 (0xae3f2023) sw      gp, -1312(t5)
core   0: 3 0x80009524 (0xae3f2023) mem 0x8000b000 0x00000001
core   0: 0x80009528 (0x0000bfe5) c.j     pc - 8
core   0: 3 0x80009528 (0xbfe5)
core   0: 0x80009520 (0x00002f17) auipc   t5, 0x2
core   0: 3 0x80009520 (0x00002f17) x30 0x8000b520
core   0: 0x80009524 (0xae3f2023) sw      gp, -1312(t5)
core   0: 3 0x80009524 (0xae3f2023) mem 0x8000b000 0x00000001
core   0: 0x80009528 (0x0000bfe5) c.j     pc - 8
core   0: 3 0x80009528 (0xbfe5)
core   0: 0x80009520 (0x00002f17) auipc   t5, 0x2
core   0: 3 0x80009520 (0x00002f17) x30 0x8000b520
core   0: 0x80009524 (0xae3f2023) sw      gp, -1312(t5)
core   0: 3 0x80009524 (0xae3f2023) mem 0x8000b000 0x00000001
core   0: 0x80009528 (0x0000bfe5) c.j     pc - 8
core   0: 3 0x80009528 (0xbfe5)
core   0: 0x80009520 (0x00002f17) auipc   t5, 0x2
core   0: 3 0x80009520 (0x00002f17) x30 0x8000b520
core   0: 0x80009524 (0xae3f2023) sw      gp, -1312(t5)
core   0: 3 0x80009524 (0xae3f2023) mem 0x8000b000 0x00000001
core   0: 0x80009528 (0x0000bfe5) c.j     pc - 8
core   0: 3 0x80009528 (0xbfe5)
core   0: 0x80009520 (0x00002f17) auipc   t5, 0x2
core   0: 3 0x80009520 (0x00002f17) x30 0x8000b520
core   0: 0x80009524 (0xae3f2023) sw      gp, -1312(t5)
core   0: 3 0x80009524 (0xae3f2023) mem 0x8000b000 0x00000001
core   0: 0x80009528 (0x0000bfe5) c.j     pc - 8
core   0: 3 0x80009528 (0xbfe5)
core   0: 0x80009520 (0x00002f17) auipc   t5, 0x2
core   0: 3 0x80009520 (0x00002f17) x30 0x8000b520
core   0: 0x80009524 (0xae3f2023) sw      gp, -1312(t5)
core   0: 3 0x80009524 (0xae3f2023) mem 0x8000b000 0x00000001
core   0: 0x80009528 (0x0000bfe5) c.j     pc - 8
core   0: 3 0x80009528 (0xbfe5)
core   0: 0x80009520 (0x00002f17) auipc   t5, 0x2
core   0: 3 0x80009520 (0x00002f17) x30 0x8000b520
core   0: 0x80009524 (0xae3f2023) sw      gp, -1312(t5)
core   0: 3 0x80009524 (0xae3f2023) mem 0x8000b000 0x00000001
core   0: 0x80009528 (0x0000bfe5) c.j     pc - 8
core   0: 3 0x80009528 (0xbfe5)
core   0: 0x80009520 (0x00002f17) auipc   t5, 0x2
core   0: 3 0x80009520 (0x00002f17) x30 0x8000b520
core   0: 0x80009524 (0xae3f2023) sw      gp, -1312(t5)
core   0: 3 0x80009524 (0xae3f2023) mem 0x8000b000 0x00000001
core   0: 0x80009528 (0x0000bfe5) c.j     pc - 8
core   0: 3 0x80009528 (0xbfe5)
core   0: 0x80009520 (0x00002f17) auipc   t5, 0x2
core   0: 3 0x80009520 (0x00002f17) x30 0x8000b520
core   0: 0x80009524 (0xae3f2023) sw      gp, -1312(t5)
core   0: 3 0x80009524 (0xae3f2023) mem 0x8000b000 0x00000001
core   0: 0x80009528 (0x0000bfe5) c.j     pc - 8
core   0: 3 0x80009528 (0xbfe5)
core   0: 0x80009520 (0x00002f17) auipc   t5, 0x2
core   0: 3 0x80009520 (0x00002f17) x30 0x8000b520
core   0: 0x80009524 (0xae3f2023) sw      gp, -1312(t5)
core   0: 3 0x80009524 (0xae3f2023) mem 0x8000b000 0x00000001
core   0: 0x80009528 (0x0000bfe5) c.j     pc - 8
core   0: 3 0x80009528 (0xbfe5)
core   0: 0x80009520 (0x00002f17) auipc   t5, 0x2
core   0: 3 0x80009520 (0x00002f17) x30 0x8000b520
core   0: 0x80009524 (0xae3f2023) sw      gp, -1312(t5)
core   0: 3 0x80009524 (0xae3f2023) mem 0x8000b000 0x00000001
core   0: 0x80009528 (0x0000bfe5) c.j     pc - 8
core   0: 3 0x80009528 (0xbfe5)
core   0: 0x80009520 (0x00002f17) auipc   t5, 0x2
core   0: 3 0x80009520 (0x00002f17) x30 0x8000b520
core   0: 0x80009524 (0xae3f2023) sw      gp, -1312(t5)
core   0: 3 0x80009524 (0xae3f2023) mem 0x8000b000 0x00000001
core   0: 0x80009528 (0x0000bfe5) c.j     pc - 8
core   0: 3 0x80009528 (0xbfe5)
core   0: 0x80009520 (0x00002f17) auipc   t5, 0x2
core   0: 3 0x80009520 (0x00002f17) x30 0x8000b520
core   0: 0x80009524 (0xae3f2023) sw      gp, -1312(t5)
core   0: 3 0x80009524 (0xae3f2023) mem 0x8000b000 0x00000001
core   0: 0x80009528 (0x0000bfe5) c.j     pc - 8
core   0: 3 0x80009528 (0xbfe5)
core   0: 0x80009520 (0x00002f17) auipc   t5, 0x2
core   0: 3 0x80009520 (0x00002f17) x30 0x8000b520
core   0: 0x80009524 (0xae3f2023) sw      gp, -1312(t5)
core   0: 3 0x80009524 (0xae3f2023) mem 0x8000b000 0x00000001
core   0: 0x80009528 (0x0000bfe5) c.j     pc - 8
core   0: 3 0x80009528 (0xbfe5)
core   0: 0x80009520 (0x00002f17) auipc   t5, 0x2
core   0: 3 0x80009520 (0x00002f17) x30 0x8000b520
core   0: 0x80009524 (0xae3f2023) sw      gp, -1312(t5)
core   0: 3 0x80009524 (0xae3f2023) mem 0x8000b000 0x00000001
core   0: 0x80009528 (0x0000bfe5) c.j     pc - 8
core   0: 3 0x80009528 (0xbfe5)
core   0: 0x80009520 (0x00002f17) auipc   t5, 0x2
core   0: 3 0x80009520 (0x00002f17) x30 0x8000b520
core   0: 0x80009524 (0xae3f2023) sw      gp, -1312(t5)
core   0: 3 0x80009524 (0xae3f2023) mem 0x8000b000 0x00000001
core   0: 0x80009528 (0x0000bfe5) c.j     pc - 8
core   0: 3 0x80009528 (0xbfe5)
core   0: 0x80009520 (0x00002f17) auipc   t5, 0x2
core   0: 3 0x80009520 (0x00002f17) x30 0x8000b520
core   0: 0x80009524 (0xae3f2023) sw      gp, -1312(t5)
core   0: 3 0x80009524 (0xae3f2023) mem 0x8000b000 0x00000001
core   0: 0x80009528 (0x0000bfe5) c.j     pc - 8
core   0: 3 0x80009528 (0xbfe5)
core   0: 0x80009520 (0x00002f17) auipc   t5, 0x2
core   0: 3 0x80009520 (0x00002f17) x30 0x8000b520
core   0: 0x80009524 (0xae3f2023) sw      gp, -1312(t5)
core   0: 3 0x80009524 (0xae3f2023) mem 0x8000b000 0x00000001
core   0: 0x80009528 (0x0000bfe5) c.j     pc - 8
core   0: 3 0x80009528 (0xbfe5)
core   0: 0x80009520 (0x00002f17) auipc   t5, 0x2
core   0: 3 0x80009520 (0x00002f17) x30 0x8000b520
core   0: 0x80009524 (0xae3f2023) sw      gp, -1312(t5)
core   0: 3 0x80009524 (0xae3f2023) mem 0x8000b000 0x00000001
core   0: 0x80009528 (0x0000bfe5) c.j     pc - 8
core   0: 3 0x80009528 (0xbfe5)
core   0: 0x80009520 (0x00002f17) auipc   t5, 0x2
core   0: 3 0x80009520 (0x00002f17) x30 0x8000b520
core   0: 0x80009524 (0xae3f2023) sw      gp, -1312(t5)
core   0: 3 0x80009524 (0xae3f2023) mem 0x8000b000 0x00000001
core   0: 0x80009528 (0x0000bfe5) c.j     pc - 8
core   0: 3 0x80009528 (0xbfe5)
core   0: 0x80009520 (0x00002f17) auipc   t5, 0x2
core   0: 3 0x80009520 (0x00002f17) x30 0x8000b520
core   0: 0x80009524 (0xae3f2023) sw      gp, -1312(t5)
core   0: 3 0x80009524 (0xae3f2023) mem 0x8000b000 0x00000001
core   0: 0x80009528 (0x0000bfe5) c.j     pc - 8
core   0: 3 0x80009528 (0xbfe5)
core   0: 0x80009520 (0x00002f17) auipc   t5, 0x2
core   0: 3 0x80009520 (0x00002f17) x30 0x8000b520
core   0: 0x80009524 (0xae3f2023) sw      gp, -1312(t5)
core   0: 3 0x80009524 (0xae3f2023) mem 0x8000b000 0x00000001
core   0: 0x80009528 (0x0000bfe5) c.j     pc - 8
core   0: 3 0x80009528 (0xbfe5)
core   0: 0x80009520 (0x00002f17) auipc   t5, 0x2
core   0: 3 0x80009520 (0x00002f17) x30 0x8000b520
core   0: 0x80009524 (0xae3f2023) sw      gp, -1312(t5)
core   0: 3 0x80009524 (0xae3f2023) mem 0x8000b000 0x00000001
core   0: 0x80009528 (0x0000bfe5) c.j     pc - 8
core   0: 3 0x80009528 (0xbfe5)
core   0: 0x80009520 (0x00002f17) auipc   t5, 0x2
core   0: 3 0x80009520 (0x00002f17) x30 0x8000b520
core   0: 0x80009524 (0xae3f2023) sw      gp, -1312(t5)
core   0: 3 0x80009524 (0xae3f2023) mem 0x8000b000 0x00000001
core   0: 0x80009528 (0x0000bfe5) c.j     pc - 8
core   0: 3 0x80009528 (0xbfe5)
core   0: 0x80009520 (0x00002f17) auipc   t5, 0x2
core   0: 3 0x80009520 (0x00002f17) x30 0x8000b520
core   0: 0x80009524 (0xae3f2023) sw      gp, -1312(t5)
core   0: 3 0x80009524 (0xae3f2023) mem 0x8000b000 0x00000001
core   0: 0x80009528 (0x0000bfe5) c.j     pc - 8
core   0: 3 0x80009528 (0xbfe5)
core   0: 0x80009520 (0x00002f17) auipc   t5, 0x2
core   0: 3 0x80009520 (0x00002f17) x30 0x8000b520
core   0: 0x80009524 (0xae3f2023) sw      gp, -1312(t5)
core   0: 3 0x80009524 (0xae3f2023) mem 0x8000b000 0x00000001
core   0: 0x80009528 (0x0000bfe5) c.j     pc - 8
core   0: 3 0x80009528 (0xbfe5)
core   0: 0x80009520 (0x00002f17) auipc   t5, 0x2
core   0: 3 0x80009520 (0x00002f17) x30 0x8000b520
core   0: 0x80009524 (0xae3f2023) sw      gp, -1312(t5)
core   0: 3 0x80009524 (0xae3f2023) mem 0x8000b000 0x00000001
core   0: 0x80009528 (0x0000bfe5) c.j     pc - 8
core   0: 3 0x80009528 (0xbfe5)
core   0: 0x80009520 (0x00002f17) auipc   t5, 0x2
core   0: 3 0x80009520 (0x00002f17) x30 0x8000b520
core   0: 0x80009524 (0xae3f2023) sw      gp, -1312(t5)
core   0: 3 0x80009524 (0xae3f2023) mem 0x8000b000 0x00000001
core   0: 0x80009528 (0x0000bfe5) c.j     pc - 8
core   0: 3 0x80009528 (0xbfe5)
core   0: 0x80009520 (0x00002f17) auipc   t5, 0x2
core   0: 3 0x80009520 (0x00002f17) x30 0x8000b520
core   0: 0x80009524 (0xae3f2023) sw      gp, -1312(t5)
core   0: 3 0x80009524 (0xae3f2023) mem 0x8000b000 0x00000001
core   0: 0x80009528 (0x0000bfe5) c.j     pc - 8
core   0: 3 0x80009528 (0xbfe5)
core   0: 0x80009520 (0x00002f17) auipc   t5, 0x2
core   0: 3 0x80009520 (0x00002f17) x30 0x8000b520
core   0: 0x80009524 (0xae3f2023) sw      gp, -1312(t5)
core   0: 3 0x80009524 (0xae3f2023) mem 0x8000b000 0x00000001
core   0: 0x80009528 (0x0000bfe5) c.j     pc - 8
core   0: 3 0x80009528 (0xbfe5)
core   0: 0x80009520 (0x00002f17) auipc   t5, 0x2
core   0: 3 0x80009520 (0x00002f17) x30 0x8000b520
core   0: 0x80009524 (0xae3f2023) sw      gp, -1312(t5)
core   0: 3 0x80009524 (0xae3f2023) mem 0x8000b000 0x00000001
core   0: 0x80009528 (0x0000bfe5) c.j     pc - 8
core   0: 3 0x80009528 (0xbfe5)
core   0: 0x80009520 (0x00002f17) auipc   t5, 0x2
core   0: 3 0x80009520 (0x00002f17) x30 0x8000b520
core   0: 0x80009524 (0xae3f2023) sw      gp, -1312(t5)
core   0: 3 0x80009524 (0xae3f2023) mem 0x8000b000 0x00000001
core   0: 0x80009528 (0x0000bfe5) c.j     pc - 8
core   0: 3 0x80009528 (0xbfe5)
core   0: 0x80009520 (0x00002f17) auipc   t5, 0x2
core   0: 3 0x80009520 (0x00002f17) x30 0x8000b520
core   0: 0x80009524 (0xae3f2023) sw      gp, -1312(t5)
core   0: 3 0x80009524 (0xae3f2023) mem 0x8000b000 0x00000001
core   0: 0x80009528 (0x0000bfe5) c.j     pc - 8
core   0: 3 0x80009528 (0xbfe5)
core   0: 0x80009520 (0x00002f17) auipc   t5, 0x2
core   0: 3 0x80009520 (0x00002f17) x30 0x8000b520
core   0: 0x80009524 (0xae3f2023) sw      gp, -1312(t5)
core   0: 3 0x80009524 (0xae3f2023) mem 0x8000b000 0x00000001
core   0: 0x80009528 (0x0000bfe5) c.j     pc - 8
core   0: 3 0x80009528 (0xbfe5)
core   0: 0x80009520 (0x00002f17) auipc   t5, 0x2
core   0: 3 0x80009520 (0x00002f17) x30 0x8000b520
core   0: 0x80009524 (0xae3f2023) sw      gp, -1312(t5)
core   0: 3 0x80009524 (0xae3f2023) mem 0x8000b000 0x00000001
core   0: 0x80009528 (0x0000bfe5) c.j     pc - 8
core   0: 3 0x80009528 (0xbfe5)
core   0: 0x80009520 (0x00002f17) auipc   t5, 0x2
core   0: 3 0x80009520 (0x00002f17) x30 0x8000b520
core   0: 0x80009524 (0xae3f2023) sw      gp, -1312(t5)
core   0: 3 0x80009524 (0xae3f2023) mem 0x8000b000 0x00000001
core   0: 0x80009528 (0x0000bfe5) c.j     pc - 8
core   0: 3 0x80009528 (0xbfe5)
core   0: 0x80009520 (0x00002f17) auipc   t5, 0x2
core   0: 3 0x80009520 (0x00002f17) x30 0x8000b520
core   0: 0x80009524 (0xae3f2023) sw      gp, -1312(t5)
core   0: 3 0x80009524 (0xae3f2023) mem 0x8000b000 0x00000001
core   0: 0x80009528 (0x0000bfe5) c.j     pc - 8
core   0: 3 0x80009528 (0xbfe5)
core   0: 0x80009520 (0x00002f17) auipc   t5, 0x2
core   0: 3 0x80009520 (0x00002f17) x30 0x8000b520
core   0: 0x80009524 (0xae3f2023) sw      gp, -1312(t5)
core   0: 3 0x80009524 (0xae3f2023) mem 0x8000b000 0x00000001
core   0: 0x80009528 (0x0000bfe5) c.j     pc - 8
core   0: 3 0x80009528 (0xbfe5)
core   0: 0x80009520 (0x00002f17) auipc   t5, 0x2
core   0: 3 0x80009520 (0x00002f17) x30 0x8000b520
core   0: 0x80009524 (0xae3f2023) sw      gp, -1312(t5)
core   0: 3 0x80009524 (0xae3f2023) mem 0x8000b000 0x00000001
core   0: 0x80009528 (0x0000bfe5) c.j     pc - 8
core   0: 3 0x80009528 (0xbfe5)
core   0: 0x80009520 (0x00002f17) auipc   t5, 0x2
core   0: 3 0x80009520 (0x00002f17) x30 0x8000b520
core   0: 0x80009524 (0xae3f2023) sw      gp, -1312(t5)
core   0: 3 0x80009524 (0xae3f2023) mem 0x8000b000 0x00000001
core   0: 0x80009528 (0x0000bfe5) c.j     pc - 8
core   0: 3 0x80009528 (0xbfe5)
core   0: 0x80009520 (0x00002f17) auipc   t5, 0x2
core   0: 3 0x80009520 (0x00002f17) x30 0x8000b520
core   0: 0x80009524 (0xae3f2023) sw      gp, -1312(t5)
core   0: 3 0x80009524 (0xae3f2023) mem 0x8000b000 0x00000001
core   0: 0x80009528 (0x0000bfe5) c.j     pc - 8
core   0: 3 0x80009528 (0xbfe5)
core   0: 0x80009520 (0x00002f17) auipc   t5, 0x2
core   0: 3 0x80009520 (0x00002f17) x30 0x8000b520
core   0: 0x80009524 (0xae3f2023) sw      gp, -1312(t5)
core   0: 3 0x80009524 (0xae3f2023) mem 0x8000b000 0x00000001
core   0: 0x80009528 (0x0000bfe5) c.j     pc - 8
core   0: 3 0x80009528 (0xbfe5)
core   0: 0x80009520 (0x00002f17) auipc   t5, 0x2
core   0: 3 0x80009520 (0x00002f17) x30 0x8000b520
core   0: 0x80009524 (0xae3f2023) sw      gp, -1312(t5)
core   0: 3 0x80009524 (0xae3f2023) mem 0x8000b000 0x00000001
core   0: 0x80009528 (0x0000bfe5) c.j     pc - 8
core   0: 3 0x80009528 (0xbfe5)
core   0: 0x80009520 (0x00002f17) auipc   t5, 0x2
core   0: 3 0x80009520 (0x00002f17) x30 0x8000b520
core   0: 0x80009524 (0xae3f2023) sw      gp, -1312(t5)
core   0: 3 0x80009524 (0xae3f2023) mem 0x8000b000 0x00000001
core   0: 0x80009528 (0x0000bfe5) c.j     pc - 8
core   0: 3 0x80009528 (0xbfe5)
core   0: 0x80009520 (0x00002f17) auipc   t5, 0x2
core   0: 3 0x80009520 (0x00002f17) x30 0x8000b520
core   0: 0x80009524 (0xae3f2023) sw      gp, -1312(t5)
core   0: 3 0x80009524 (0xae3f2023) mem 0x8000b000 0x00000001
core   0: 0x80009528 (0x0000bfe5) c.j     pc - 8
core   0: 3 0x80009528 (0xbfe5)
core   0: 0x80009520 (0x00002f17) auipc   t5, 0x2
core   0: 3 0x80009520 (0x00002f17) x30 0x8000b520
core   0: 0x80009524 (0xae3f2023) sw      gp, -1312(t5)
core   0: 3 0x80009524 (0xae3f2023) mem 0x8000b000 0x00000001
core   0: 0x80009528 (0x0000bfe5) c.j     pc - 8
core   0: 3 0x80009528 (0xbfe5)
core   0: 0x80009520 (0x00002f17) auipc   t5, 0x2
core   0: 3 0x80009520 (0x00002f17) x30 0x8000b520
core   0: 0x80009524 (0xae3f2023) sw      gp, -1312(t5)
core   0: 3 0x80009524 (0xae3f2023) mem 0x8000b000 0x00000001
core   0: 0x80009528 (0x0000bfe5) c.j     pc - 8
core   0: 3 0x80009528 (0xbfe5)
core   0: 0x80009520 (0x00002f17) auipc   t5, 0x2
core   0: 3 0x80009520 (0x00002f17) x30 0x8000b520
core   0: 0x80009524 (0xae3f2023) sw      gp, -1312(t5)
core   0: 3 0x80009524 (0xae3f2023) mem 0x8000b000 0x00000001
core   0: 0x80009528 (0x0000bfe5) c.j     pc - 8
core   0: 3 0x80009528 (0xbfe5)
core   0: 0x80009520 (0x00002f17) auipc   t5, 0x2
core   0: 3 0x80009520 (0x00002f17) x30 0x8000b520
core   0: 0x80009524 (0xae3f2023) sw      gp, -1312(t5)
core   0: 3 0x80009524 (0xae3f2023) mem 0x8000b000 0x00000001
core   0: 0x80009528 (0x0000bfe5) c.j     pc - 8
core   0: 3 0x80009528 (0xbfe5)
core   0: 0x80009520 (0x00002f17) auipc   t5, 0x2
core   0: 3 0x80009520 (0x00002f17) x30 0x8000b520
core   0: 0x80009524 (0xae3f2023) sw      gp, -1312(t5)
core   0: 3 0x80009524 (0xae3f2023) mem 0x8000b000 0x00000001
core   0: 0x80009528 (0x0000bfe5) c.j     pc - 8
core   0: 3 0x80009528 (0xbfe5)
core   0: 0x80009520 (0x00002f17) auipc   t5, 0x2
core   0: 3 0x80009520 (0x00002f17) x30 0x8000b520
core   0: 0x80009524 (0xae3f2023) sw      gp, -1312(t5)
core   0: 3 0x80009524 (0xae3f2023) mem 0x8000b000 0x00000001
core   0: 0x80009528 (0x0000bfe5) c.j     pc - 8
core   0: 3 0x80009528 (0xbfe5)
core   0: 0x80009520 (0x00002f17) auipc   t5, 0x2
core   0: 3 0x80009520 (0x00002f17) x30 0x8000b520
core   0: 0x80009524 (0xae3f2023) sw      gp, -1312(t5)
core   0: 3 0x80009524 (0xae3f2023) mem 0x8000b000 0x00000001
core   0: 0x80009528 (0x0000bfe5) c.j     pc - 8
core   0: 3 0x80009528 (0xbfe5)
core   0: 0x80009520 (0x00002f17) auipc   t5, 0x2
core   0: 3 0x80009520 (0x00002f17) x30 0x8000b520
core   0: 0x80009524 (0xae3f2023) sw      gp, -1312(t5)
core   0: 3 0x80009524 (0xae3f2023) mem 0x8000b000 0x00000001
core   0: 0x80009528 (0x0000bfe5) c.j     pc - 8
core   0: 3 0x80009528 (0xbfe5)
core   0: 0x80009520 (0x00002f17) auipc   t5, 0x2
core   0: 3 0x80009520 (0x00002f17) x30 0x8000b520
core   0: 0x80009524 (0xae3f2023) sw      gp, -1312(t5)
core   0: 3 0x80009524 (0xae3f2023) mem 0x8000b000 0x00000001
core   0: 0x80009528 (0x0000bfe5) c.j     pc - 8
core   0: 3 0x80009528 (0xbfe5)
core   0: 0x80009520 (0x00002f17) auipc   t5, 0x2
core   0: 3 0x80009520 (0x00002f17) x30 0x8000b520
core   0: 0x80009524 (0xae3f2023) sw      gp, -1312(t5)
core   0: 3 0x80009524 (0xae3f2023) mem 0x8000b000 0x00000001
core   0: 0x80009528 (0x0000bfe5) c.j     pc - 8
core   0: 3 0x80009528 (0xbfe5)
core   0: 0x80009520 (0x00002f17) auipc   t5, 0x2
core   0: 3 0x80009520 (0x00002f17) x30 0x8000b520
core   0: 0x80009524 (0xae3f2023) sw      gp, -1312(t5)
core   0: 3 0x80009524 (0xae3f2023) mem 0x8000b000 0x00000001
core   0: 0x80009528 (0x0000bfe5) c.j     pc - 8
core   0: 3 0x80009528 (0xbfe5)
core   0: 0x80009520 (0x00002f17) auipc   t5, 0x2
core   0: 3 0x80009520 (0x00002f17) x30 0x8000b520
core   0: 0x80009524 (0xae3f2023) sw      gp, -1312(t5)
core   0: 3 0x80009524 (0xae3f2023) mem 0x8000b000 0x00000001
core   0: 0x80009528 (0x0000bfe5) c.j     pc - 8
core   0: 3 0x80009528 (0xbfe5)
core   0: 0x80009520 (0x00002f17) auipc   t5, 0x2
core   0: 3 0x80009520 (0x00002f17) x30 0x8000b520
core   0: 0x80009524 (0xae3f2023) sw      gp, -1312(t5)
core   0: 3 0x80009524 (0xae3f2023) mem 0x8000b000 0x00000001
core   0: 0x80009528 (0x0000bfe5) c.j     pc - 8
core   0: 3 0x80009528 (0xbfe5)
core   0: 0x80009520 (0x00002f17) auipc   t5, 0x2
core   0: 3 0x80009520 (0x00002f17) x30 0x8000b520
core   0: 0x80009524 (0xae3f2023) sw      gp, -1312(t5)
core   0: 3 0x80009524 (0xae3f2023) mem 0x8000b000 0x00000001
core   0: 0x80009528 (0x0000bfe5) c.j     pc - 8
core   0: 3 0x80009528 (0xbfe5)
core   0: 0x80009520 (0x00002f17) auipc   t5, 0x2
core   0: 3 0x80009520 (0x00002f17) x30 0x8000b520
core   0: 0x80009524 (0xae3f2023) sw      gp, -1312(t5)
core   0: 3 0x80009524 (0xae3f2023) mem 0x8000b000 0x00000001
core   0: 0x80009528 (0x0000bfe5) c.j     pc - 8
core   0: 3 0x80009528 (0xbfe5)
core   0: 0x80009520 (0x00002f17) auipc   t5, 0x2
core   0: 3 0x80009520 (0x00002f17) x30 0x8000b520
core   0: 0x80009524 (0xae3f2023) sw      gp, -1312(t5)
core   0: 3 0x80009524 (0xae3f2023) mem 0x8000b000 0x00000001
core   0: 0x80009528 (0x0000bfe5) c.j     pc - 8
core   0: 3 0x80009528 (0xbfe5)
core   0: 0x80009520 (0x00002f17) auipc   t5, 0x2
core   0: 3 0x80009520 (0x00002f17) x30 0x8000b520
core   0: 0x80009524 (0xae3f2023) sw      gp, -1312(t5)
core   0: 3 0x80009524 (0xae3f2023) mem 0x8000b000 0x00000001
core   0: 0x80009528 (0x0000bfe5) c.j     pc - 8
core   0: 3 0x80009528 (0xbfe5)
core   0: 0x80009520 (0x00002f17) auipc   t5, 0x2
core   0: 3 0x80009520 (0x00002f17) x30 0x8000b520
core   0: 0x80009524 (0xae3f2023) sw      gp, -1312(t5)
core   0: 3 0x80009524 (0xae3f2023) mem 0x8000b000 0x00000001
core   0: 0x80009528 (0x0000bfe5) c.j     pc - 8
core   0: 3 0x80009528 (0xbfe5)
core   0: 0x80009520 (0x00002f17) auipc   t5, 0x2
core   0: 3 0x80009520 (0x00002f17) x30 0x8000b520
core   0: 0x80009524 (0xae3f2023) sw      gp, -1312(t5)
core   0: 3 0x80009524 (0xae3f2023) mem 0x8000b000 0x00000001
core   0: 0x80009528 (0x0000bfe5) c.j     pc - 8
core   0: 3 0x80009528 (0xbfe5)
core   0: 0x80009520 (0x00002f17) auipc   t5, 0x2
core   0: 3 0x80009520 (0x00002f17) x30 0x8000b520
core   0: 0x80009524 (0xae3f2023) sw      gp, -1312(t5)
core   0: 3 0x80009524 (0xae3f2023) mem 0x8000b000 0x00000001
core   0: 0x80009528 (0x0000bfe5) c.j     pc - 8
core   0: 3 0x80009528 (0xbfe5)
core   0: 0x80009520 (0x00002f17) auipc   t5, 0x2
core   0: 3 0x80009520 (0x00002f17) x30 0x8000b520
core   0: 0x80009524 (0xae3f2023) sw      gp, -1312(t5)
core   0: 3 0x80009524 (0xae3f2023) mem 0x8000b000 0x00000001
core   0: 0x80009528 (0x0000bfe5) c.j     pc - 8
core   0: 3 0x80009528 (0xbfe5)
core   0: 0x80009520 (0x00002f17) auipc   t5, 0x2
core   0: 3 0x80009520 (0x00002f17) x30 0x8000b520
core   0: 0x80009524 (0xae3f2023) sw      gp, -1312(t5)
core   0: 3 0x80009524 (0xae3f2023) mem 0x8000b000 0x00000001
core   0: 0x80009528 (0x0000bfe5) c.j     pc - 8
core   0: 3 0x80009528 (0xbfe5)
core   0: 0x80009520 (0x00002f17) auipc   t5, 0x2
core   0: 3 0x80009520 (0x00002f17) x30 0x8000b520
core   0: 0x80009524 (0xae3f2023) sw      gp, -1312(t5)
core   0: 3 0x80009524 (0xae3f2023) mem 0x8000b000 0x00000001
core   0: 0x80009528 (0x0000bfe5) c.j     pc - 8
core   0: 3 0x80009528 (0xbfe5)
core   0: 0x80009520 (0x00002f17) auipc   t5, 0x2
core   0: 3 0x80009520 (0x00002f17) x30 0x8000b520
core   0: 0x80009524 (0xae3f2023) sw      gp, -1312(t5)
core   0: 3 0x80009524 (0xae3f2023) mem 0x8000b000 0x00000001
core   0: 0x80009528 (0x0000bfe5) c.j     pc - 8
core   0: 3 0x80009528 (0xbfe5)
core   0: 0x80009520 (0x00002f17) auipc   t5, 0x2
core   0: 3 0x80009520 (0x00002f17) x30 0x8000b520
core   0: 0x80009524 (0xae3f2023) sw      gp, -1312(t5)
core   0: 3 0x80009524 (0xae3f2023) mem 0x8000b000 0x00000001
core   0: 0x80009528 (0x0000bfe5) c.j     pc - 8
core   0: 3 0x80009528 (0xbfe5)
core   0: 0x80009520 (0x00002f17) auipc   t5, 0x2
core   0: 3 0x80009520 (0x00002f17) x30 0x8000b520
core   0: 0x80009524 (0xae3f2023) sw      gp, -1312(t5)
core   0: 3 0x80009524 (0xae3f2023) mem 0x8000b000 0x00000001
core   0: 0x80009528 (0x0000bfe5) c.j     pc - 8
core   0: 3 0x80009528 (0xbfe5)
core   0: 0x80009520 (0x00002f17) auipc   t5, 0x2
core   0: 3 0x80009520 (0x00002f17) x30 0x8000b520
core   0: 0x80009524 (0xae3f2023) sw      gp, -1312(t5)
core   0: 3 0x80009524 (0xae3f2023) mem 0x8000b000 0x00000001
core   0: 0x80009528 (0x0000bfe5) c.j     pc - 8
core   0: 3 0x80009528 (0xbfe5)
core   0: 0x80009520 (0x00002f17) auipc   t5, 0x2
core   0: 3 0x80009520 (0x00002f17) x30 0x8000b520
core   0: 0x80009524 (0xae3f2023) sw      gp, -1312(t5)
core   0: 3 0x80009524 (0xae3f2023) mem 0x8000b000 0x00000001
core   0: 0x80009528 (0x0000bfe5) c.j     pc - 8
core   0: 3 0x80009528 (0xbfe5)
core   0: 0x80009520 (0x00002f17) auipc   t5, 0x2
core   0: 3 0x80009520 (0x00002f17) x30 0x8000b520
core   0: 0x80009524 (0xae3f2023) sw      gp, -1312(t5)
core   0: 3 0x80009524 (0xae3f2023) mem 0x8000b000 0x00000001
core   0: 0x80009528 (0x0000bfe5) c.j     pc - 8
core   0: 3 0x80009528 (0xbfe5)
core   0: 0x80009520 (0x00002f17) auipc   t5, 0x2
core   0: 3 0x80009520 (0x00002f17) x30 0x8000b520
core   0: 0x80009524 (0xae3f2023) sw      gp, -1312(t5)
core   0: 3 0x80009524 (0xae3f2023) mem 0x8000b000 0x00000001
core   0: 0x80009528 (0x0000bfe5) c.j     pc - 8
core   0: 3 0x80009528 (0xbfe5)
core   0: 0x80009520 (0x00002f17) auipc   t5, 0x2
core   0: 3 0x80009520 (0x00002f17) x30 0x8000b520
core   0: 0x80009524 (0xae3f2023) sw      gp, -1312(t5)
core   0: 3 0x80009524 (0xae3f2023) mem 0x8000b000 0x00000001
core   0: 0x80009528 (0x0000bfe5) c.j     pc - 8
core   0: 3 0x80009528 (0xbfe5)
core   0: 0x80009520 (0x00002f17) auipc   t5, 0x2
core   0: 3 0x80009520 (0x00002f17) x30 0x8000b520
core   0: 0x80009524 (0xae3f2023) sw      gp, -1312(t5)
core   0: 3 0x80009524 (0xae3f2023) mem 0x8000b000 0x00000001
core   0: 0x80009528 (0x0000bfe5) c.j     pc - 8
core   0: 3 0x80009528 (0xbfe5)
core   0: 0x80009520 (0x00002f17) auipc   t5, 0x2
core   0: 3 0x80009520 (0x00002f17) x30 0x8000b520
core   0: 0x80009524 (0xae3f2023) sw      gp, -1312(t5)
core   0: 3 0x80009524 (0xae3f2023) mem 0x8000b000 0x00000001
core   0: 0x80009528 (0x0000bfe5) c.j     pc - 8
core   0: 3 0x80009528 (0xbfe5)
core   0: 0x80009520 (0x00002f17) auipc   t5, 0x2
core   0: 3 0x80009520 (0x00002f17) x30 0x8000b520
core   0: 0x80009524 (0xae3f2023) sw      gp, -1312(t5)
core   0: 3 0x80009524 (0xae3f2023) mem 0x8000b000 0x00000001
core   0: 0x80009528 (0x0000bfe5) c.j     pc - 8
core   0: 3 0x80009528 (0xbfe5)
core   0: 0x80009520 (0x00002f17) auipc   t5, 0x2
core   0: 3 0x80009520 (0x00002f17) x30 0x8000b520
core   0: 0x80009524 (0xae3f2023) sw      gp, -1312(t5)
core   0: 3 0x80009524 (0xae3f2023) mem 0x8000b000 0x00000001
core   0: 0x80009528 (0x0000bfe5) c.j     pc - 8
core   0: 3 0x80009528 (0xbfe5)
core   0: 0x80009520 (0x00002f17) auipc   t5, 0x2
core   0: 3 0x80009520 (0x00002f17) x30 0x8000b520
core   0: 0x80009524 (0xae3f2023) sw      gp, -1312(t5)
core   0: 3 0x80009524 (0xae3f2023) mem 0x8000b000 0x00000001
core   0: 0x80009528 (0x0000bfe5) c.j     pc - 8
core   0: 3 0x80009528 (0xbfe5)
core   0: 0x80009520 (0x00002f17) auipc   t5, 0x2
core   0: 3 0x80009520 (0x00002f17) x30 0x8000b520
core   0: 0x80009524 (0xae3f2023) sw      gp, -1312(t5)
core   0: 3 0x80009524 (0xae3f2023) mem 0x8000b000 0x00000001
core   0: 0x80009528 (0x0000bfe5) c.j     pc - 8
core   0: 3 0x80009528 (0xbfe5)
core   0: 0x80009520 (0x00002f17) auipc   t5, 0x2
core   0: 3 0x80009520 (0x00002f17) x30 0x8000b520
core   0: 0x80009524 (0xae3f2023) sw      gp, -1312(t5)
core   0: 3 0x80009524 (0xae3f2023) mem 0x8000b000 0x00000001
core   0: 0x80009528 (0x0000bfe5) c.j     pc - 8
core   0: 3 0x80009528 (0xbfe5)
core   0: 0x80009520 (0x00002f17) auipc   t5, 0x2
core   0: 3 0x80009520 (0x00002f17) x30 0x8000b520
core   0: 0x80009524 (0xae3f2023) sw      gp, -1312(t5)
core   0: 3 0x80009524 (0xae3f2023) mem 0x8000b000 0x00000001
core   0: 0x80009528 (0x0000bfe5) c.j     pc - 8
core   0: 3 0x80009528 (0xbfe5)
core   0: 0x80009520 (0x00002f17) auipc   t5, 0x2
core   0: 3 0x80009520 (0x00002f17) x30 0x8000b520
core   0: 0x80009524 (0xae3f2023) sw      gp, -1312(t5)
core   0: 3 0x80009524 (0xae3f2023) mem 0x8000b000 0x00000001
core   0: 0x80009528 (0x0000bfe5) c.j     pc - 8
core   0: 3 0x80009528 (0xbfe5)
core   0: 0x80009520 (0x00002f17) auipc   t5, 0x2
core   0: 3 0x80009520 (0x00002f17) x30 0x8000b520
core   0: 0x80009524 (0xae3f2023) sw      gp, -1312(t5)
core   0: 3 0x80009524 (0xae3f2023) mem 0x8000b000 0x00000001
core   0: 0x80009528 (0x0000bfe5) c.j     pc - 8
core   0: 3 0x80009528 (0xbfe5)
core   0: 0x80009520 (0x00002f17) auipc   t5, 0x2
core   0: 3 0x80009520 (0x00002f17) x30 0x8000b520
core   0: 0x80009524 (0xae3f2023) sw      gp, -1312(t5)
core   0: 3 0x80009524 (0xae3f2023) mem 0x8000b000 0x00000001
core   0: 0x80009528 (0x0000bfe5) c.j     pc - 8
core   0: 3 0x80009528 (0xbfe5)
core   0: 0x80009520 (0x00002f17) auipc   t5, 0x2
core   0: 3 0x80009520 (0x00002f17) x30 0x8000b520
core   0: 0x80009524 (0xae3f2023) sw      gp, -1312(t5)
core   0: 3 0x80009524 (0xae3f2023) mem 0x8000b000 0x00000001
core   0: 0x80009528 (0x0000bfe5) c.j     pc - 8
core   0: 3 0x80009528 (0xbfe5)
core   0: 0x80009520 (0x00002f17) auipc   t5, 0x2
core   0: 3 0x80009520 (0x00002f17) x30 0x8000b520
core   0: 0x80009524 (0xae3f2023) sw      gp, -1312(t5)
core   0: 3 0x80009524 (0xae3f2023) mem 0x8000b000 0x00000001
core   0: 0x80009528 (0x0000bfe5) c.j     pc - 8
core   0: 3 0x80009528 (0xbfe5)
core   0: 0x80009520 (0x00002f17) auipc   t5, 0x2
core   0: 3 0x80009520 (0x00002f17) x30 0x8000b520
core   0: 0x80009524 (0xae3f2023) sw      gp, -1312(t5)
core   0: 3 0x80009524 (0xae3f2023) mem 0x8000b000 0x00000001
core   0: 0x80009528 (0x0000bfe5) c.j     pc - 8
core   0: 3 0x80009528 (0xbfe5)
core   0: 0x80009520 (0x00002f17) auipc   t5, 0x2
core   0: 3 0x80009520 (0x00002f17) x30 0x8000b520
core   0: 0x80009524 (0xae3f2023) sw      gp, -1312(t5)
core   0: 3 0x80009524 (0xae3f2023) mem 0x8000b000 0x00000001
core   0: 0x80009528 (0x0000bfe5) c.j     pc - 8
core   0: 3 0x80009528 (0xbfe5)
core   0: 0x80009520 (0x00002f17) auipc   t5, 0x2
core   0: 3 0x80009520 (0x00002f17) x30 0x8000b520
core   0: 0x80009524 (0xae3f2023) sw      gp, -1312(t5)
core   0: 3 0x80009524 (0xae3f2023) mem 0x8000b000 0x00000001
core   0: 0x80009528 (0x0000bfe5) c.j     pc - 8
core   0: 3 0x80009528 (0xbfe5)
core   0: 0x80009520 (0x00002f17) auipc   t5, 0x2
core   0: 3 0x80009520 (0x00002f17) x30 0x8000b520
core   0: 0x80009524 (0xae3f2023) sw      gp, -1312(t5)
core   0: 3 0x80009524 (0xae3f2023) mem 0x8000b000 0x00000001
core   0: 0x80009528 (0x0000bfe5) c.j     pc - 8
core   0: 3 0x80009528 (0xbfe5)
core   0: 0x80009520 (0x00002f17) auipc   t5, 0x2
core   0: 3 0x80009520 (0x00002f17) x30 0x8000b520
core   0: 0x80009524 (0xae3f2023) sw      gp, -1312(t5)
core   0: 3 0x80009524 (0xae3f2023) mem 0x8000b000 0x00000001
core   0: 0x80009528 (0x0000bfe5) c.j     pc - 8
core   0: 3 0x80009528 (0xbfe5)
core   0: 0x80009520 (0x00002f17) auipc   t5, 0x2
core   0: 3 0x80009520 (0x00002f17) x30 0x8000b520
core   0: 0x80009524 (0xae3f2023) sw      gp, -1312(t5)
core   0: 3 0x80009524 (0xae3f2023) mem 0x8000b000 0x00000001
core   0: 0x80009528 (0x0000bfe5) c.j     pc - 8
core   0: 3 0x80009528 (0xbfe5)
core   0: 0x80009520 (0x00002f17) auipc   t5, 0x2
core   0: 3 0x80009520 (0x00002f17) x30 0x8000b520
core   0: 0x80009524 (0xae3f2023) sw      gp, -1312(t5)
core   0: 3 0x80009524 (0xae3f2023) mem 0x8000b000 0x00000001
core   0: 0x80009528 (0x0000bfe5) c.j     pc - 8
core   0: 3 0x80009528 (0xbfe5)
core   0: 0x80009520 (0x00002f17) auipc   t5, 0x2
core   0: 3 0x80009520 (0x00002f17) x30 0x8000b520
core   0: 0x80009524 (0xae3f2023) sw      gp, -1312(t5)
core   0: 3 0x80009524 (0xae3f2023) mem 0x8000b000 0x00000001
core   0: 0x80009528 (0x0000bfe5) c.j     pc - 8
core   0: 3 0x80009528 (0xbfe5)
core   0: 0x80009520 (0x00002f17) auipc   t5, 0x2
core   0: 3 0x80009520 (0x00002f17) x30 0x8000b520
core   0: 0x80009524 (0xae3f2023) sw      gp, -1312(t5)
core   0: 3 0x80009524 (0xae3f2023) mem 0x8000b000 0x00000001
core   0: 0x80009528 (0x0000bfe5) c.j     pc - 8
core   0: 3 0x80009528 (0xbfe5)
core   0: 0x80009520 (0x00002f17) auipc   t5, 0x2
core   0: 3 0x80009520 (0x00002f17) x30 0x8000b520
core   0: 0x80009524 (0xae3f2023) sw      gp, -1312(t5)
core   0: 3 0x80009524 (0xae3f2023) mem 0x8000b000 0x00000001
core   0: 0x80009528 (0x0000bfe5) c.j     pc - 8
core   0: 3 0x80009528 (0xbfe5)
core   0: 0x80009520 (0x00002f17) auipc   t5, 0x2
core   0: 3 0x80009520 (0x00002f17) x30 0x8000b520
core   0: 0x80009524 (0xae3f2023) sw      gp, -1312(t5)
core   0: 3 0x80009524 (0xae3f2023) mem 0x8000b000 0x00000001
core   0: 0x80009528 (0x0000bfe5) c.j     pc - 8
core   0: 3 0x80009528 (0xbfe5)
core   0: 0x80009520 (0x00002f17) auipc   t5, 0x2
core   0: 3 0x80009520 (0x00002f17) x30 0x8000b520
core   0: 0x80009524 (0xae3f2023) sw      gp, -1312(t5)
core   0: 3 0x80009524 (0xae3f2023) mem 0x8000b000 0x00000001
core   0: 0x80009528 (0x0000bfe5) c.j     pc - 8
core   0: 3 0x80009528 (0xbfe5)
core   0: 0x80009520 (0x00002f17) auipc   t5, 0x2
core   0: 3 0x80009520 (0x00002f17) x30 0x8000b520
core   0: 0x80009524 (0xae3f2023) sw      gp, -1312(t5)
core   0: 3 0x80009524 (0xae3f2023) mem 0x8000b000 0x00000001
core   0: 0x80009528 (0x0000bfe5) c.j     pc - 8
core   0: 3 0x80009528 (0xbfe5)
core   0: 0x80009520 (0x00002f17) auipc   t5, 0x2
core   0: 3 0x80009520 (0x00002f17) x30 0x8000b520
core   0: 0x80009524 (0xae3f2023) sw      gp, -1312(t5)
core   0: 3 0x80009524 (0xae3f2023) mem 0x8000b000 0x00000001
core   0: 0x80009528 (0x0000bfe5) c.j     pc - 8
core   0: 3 0x80009528 (0xbfe5)
core   0: 0x80009520 (0x00002f17) auipc   t5, 0x2
core   0: 3 0x80009520 (0x00002f17) x30 0x8000b520
core   0: 0x80009524 (0xae3f2023) sw      gp, -1312(t5)
core   0: 3 0x80009524 (0xae3f2023) mem 0x8000b000 0x00000001
core   0: 0x80009528 (0x0000bfe5) c.j     pc - 8
core   0: 3 0x80009528 (0xbfe5)
core   0: 0x80009520 (0x00002f17) auipc   t5, 0x2
core   0: 3 0x80009520 (0x00002f17) x30 0x8000b520
core   0: 0x80009524 (0xae3f2023) sw      gp, -1312(t5)
core   0: 3 0x80009524 (0xae3f2023) mem 0x8000b000 0x00000001
core   0: 0x80009528 (0x0000bfe5) c.j     pc - 8
core   0: 3 0x80009528 (0xbfe5)
core   0: 0x80009520 (0x00002f17) auipc   t5, 0x2
core   0: 3 0x80009520 (0x00002f17) x30 0x8000b520
core   0: 0x80009524 (0xae3f2023) sw      gp, -1312(t5)
core   0: 3 0x80009524 (0xae3f2023) mem 0x8000b000 0x00000001
core   0: 0x80009528 (0x0000bfe5) c.j     pc - 8
core   0: 3 0x80009528 (0xbfe5)
core   0: 0x80009520 (0x00002f17) auipc   t5, 0x2
core   0: 3 0x80009520 (0x00002f17) x30 0x8000b520
core   0: 0x80009524 (0xae3f2023) sw      gp, -1312(t5)
core   0: 3 0x80009524 (0xae3f2023) mem 0x8000b000 0x00000001
core   0: 0x80009528 (0x0000bfe5) c.j     pc - 8
core   0: 3 0x80009528 (0xbfe5)
core   0: 0x80009520 (0x00002f17) auipc   t5, 0x2
core   0: 3 0x80009520 (0x00002f17) x30 0x8000b520
core   0: 0x80009524 (0xae3f2023) sw      gp, -1312(t5)
core   0: 3 0x80009524 (0xae3f2023) mem 0x8000b000 0x00000001
core   0: 0x80009528 (0x0000bfe5) c.j     pc - 8
core   0: 3 0x80009528 (0xbfe5)
core   0: 0x80009520 (0x00002f17) auipc   t5, 0x2
core   0: 3 0x80009520 (0x00002f17) x30 0x8000b520
core   0: 0x80009524 (0xae3f2023) sw      gp, -1312(t5)
core   0: 3 0x80009524 (0xae3f2023) mem 0x8000b000 0x00000001
core   0: 0x80009528 (0x0000bfe5) c.j     pc - 8
core   0: 3 0x80009528 (0xbfe5)
core   0: 0x80009520 (0x00002f17) auipc   t5, 0x2
core   0: 3 0x80009520 (0x00002f17) x30 0x8000b520
core   0: 0x80009524 (0xae3f2023) sw      gp, -1312(t5)
core   0: 3 0x80009524 (0xae3f2023) mem 0x8000b000 0x00000001
core   0: 0x80009528 (0x0000bfe5) c.j     pc - 8
core   0: 3 0x80009528 (0xbfe5)
core   0: 0x80009520 (0x00002f17) auipc   t5, 0x2
core   0: 3 0x80009520 (0x00002f17) x30 0x8000b520
core   0: 0x80009524 (0xae3f2023) sw      gp, -1312(t5)
core   0: 3 0x80009524 (0xae3f2023) mem 0x8000b000 0x00000001
core   0: 0x80009528 (0x0000bfe5) c.j     pc - 8
core   0: 3 0x80009528 (0xbfe5)
core   0: 0x80009520 (0x00002f17) auipc   t5, 0x2
core   0: 3 0x80009520 (0x00002f17) x30 0x8000b520
core   0: 0x80009524 (0xae3f2023) sw      gp, -1312(t5)
core   0: 3 0x80009524 (0xae3f2023) mem 0x8000b000 0x00000001
core   0: 0x80009528 (0x0000bfe5) c.j     pc - 8
core   0: 3 0x80009528 (0xbfe5)
core   0: 0x80009520 (0x00002f17) auipc   t5, 0x2
core   0: 3 0x80009520 (0x00002f17) x30 0x8000b520
core   0: 0x80009524 (0xae3f2023) sw      gp, -1312(t5)
core   0: 3 0x80009524 (0xae3f2023) mem 0x8000b000 0x00000001
core   0: 0x80009528 (0x0000bfe5) c.j     pc - 8
core   0: 3 0x80009528 (0xbfe5)
core   0: 0x80009520 (0x00002f17) auipc   t5, 0x2
core   0: 3 0x80009520 (0x00002f17) x30 0x8000b520
core   0: 0x80009524 (0xae3f2023) sw      gp, -1312(t5)
core   0: 3 0x80009524 (0xae3f2023) mem 0x8000b000 0x00000001
core   0: 0x80009528 (0x0000bfe5) c.j     pc - 8
core   0: 3 0x80009528 (0xbfe5)
core   0: 0x80009520 (0x00002f17) auipc   t5, 0x2
core   0: 3 0x80009520 (0x00002f17) x30 0x8000b520
core   0: 0x80009524 (0xae3f2023) sw      gp, -1312(t5)
core   0: 3 0x80009524 (0xae3f2023) mem 0x8000b000 0x00000001
core   0: 0x80009528 (0x0000bfe5) c.j     pc - 8
core   0: 3 0x80009528 (0xbfe5)
core   0: 0x80009520 (0x00002f17) auipc   t5, 0x2
core   0: 3 0x80009520 (0x00002f17) x30 0x8000b520
core   0: 0x80009524 (0xae3f2023) sw      gp, -1312(t5)
core   0: 3 0x80009524 (0xae3f2023) mem 0x8000b000 0x00000001
core   0: 0x80009528 (0x0000bfe5) c.j     pc - 8
core   0: 3 0x80009528 (0xbfe5)
core   0: 0x80009520 (0x00002f17) auipc   t5, 0x2
core   0: 3 0x80009520 (0x00002f17) x30 0x8000b520
core   0: 0x80009524 (0xae3f2023) sw      gp, -1312(t5)
core   0: 3 0x80009524 (0xae3f2023) mem 0x8000b000 0x00000001
core   0: 0x80009528 (0x0000bfe5) c.j     pc - 8
core   0: 3 0x80009528 (0xbfe5)
core   0: 0x80009520 (0x00002f17) auipc   t5, 0x2
core   0: 3 0x80009520 (0x00002f17) x30 0x8000b520
core   0: 0x80009524 (0xae3f2023) sw      gp, -1312(t5)
core   0: 3 0x80009524 (0xae3f2023) mem 0x8000b000 0x00000001
core   0: 0x80009528 (0x0000bfe5) c.j     pc - 8
core   0: 3 0x80009528 (0xbfe5)
core   0: 0x80009520 (0x00002f17) auipc   t5, 0x2
core   0: 3 0x80009520 (0x00002f17) x30 0x8000b520
core   0: 0x80009524 (0xae3f2023) sw      gp, -1312(t5)
core   0: 3 0x80009524 (0xae3f2023) mem 0x8000b000 0x00000001
core   0: 0x80009528 (0x0000bfe5) c.j     pc - 8
core   0: 3 0x80009528 (0xbfe5)
core   0: 0x80009520 (0x00002f17) auipc   t5, 0x2
core   0: 3 0x80009520 (0x00002f17) x30 0x8000b520
core   0: 0x80009524 (0xae3f2023) sw      gp, -1312(t5)
core   0: 3 0x80009524 (0xae3f2023) mem 0x8000b000 0x00000001
core   0: 0x80009528 (0x0000bfe5) c.j     pc - 8
core   0: 3 0x80009528 (0xbfe5)
core   0: 0x80009520 (0x00002f17) auipc   t5, 0x2
core   0: 3 0x80009520 (0x00002f17) x30 0x8000b520
core   0: 0x80009524 (0xae3f2023) sw      gp, -1312(t5)
core   0: 3 0x80009524 (0xae3f2023) mem 0x8000b000 0x00000001
core   0: 0x80009528 (0x0000bfe5) c.j     pc - 8
core   0: 3 0x80009528 (0xbfe5)
core   0: 0x80009520 (0x00002f17) auipc   t5, 0x2
core   0: 3 0x80009520 (0x00002f17) x30 0x8000b520
core   0: 0x80009524 (0xae3f2023) sw      gp, -1312(t5)
core   0: 3 0x80009524 (0xae3f2023) mem 0x8000b000 0x00000001
core   0: 0x80009528 (0x0000bfe5) c.j     pc - 8
core   0: 3 0x80009528 (0xbfe5)
core   0: 0x80009520 (0x00002f17) auipc   t5, 0x2
core   0: 3 0x80009520 (0x00002f17) x30 0x8000b520
core   0: 0x80009524 (0xae3f2023) sw      gp, -1312(t5)
core   0: 3 0x80009524 (0xae3f2023) mem 0x8000b000 0x00000001
core   0: 0x80009528 (0x0000bfe5) c.j     pc - 8
core   0: 3 0x80009528 (0xbfe5)
core   0: 0x80009520 (0x00002f17) auipc   t5, 0x2
core   0: 3 0x80009520 (0x00002f17) x30 0x8000b520
core   0: 0x80009524 (0xae3f2023) sw      gp, -1312(t5)
core   0: 3 0x80009524 (0xae3f2023) mem 0x8000b000 0x00000001
core   0: 0x80009528 (0x0000bfe5) c.j     pc - 8
core   0: 3 0x80009528 (0xbfe5)
core   0: 0x80009520 (0x00002f17) auipc   t5, 0x2
core   0: 3 0x80009520 (0x00002f17) x30 0x8000b520
core   0: 0x80009524 (0xae3f2023) sw      gp, -1312(t5)
core   0: 3 0x80009524 (0xae3f2023) mem 0x8000b000 0x00000001
core   0: 0x80009528 (0x0000bfe5) c.j     pc - 8
core   0: 3 0x80009528 (0xbfe5)
core   0: 0x80009520 (0x00002f17) auipc   t5, 0x2
core   0: 3 0x80009520 (0x00002f17) x30 0x8000b520
core   0: 0x80009524 (0xae3f2023) sw      gp, -1312(t5)
core   0: 3 0x80009524 (0xae3f2023) mem 0x8000b000 0x00000001
core   0: 0x80009528 (0x0000bfe5) c.j     pc - 8
core   0: 3 0x80009528 (0xbfe5)
core   0: 0x80009520 (0x00002f17) auipc   t5, 0x2
core   0: 3 0x80009520 (0x00002f17) x30 0x8000b520
core   0: 0x80009524 (0xae3f2023) sw      gp, -1312(t5)
core   0: 3 0x80009524 (0xae3f2023) mem 0x8000b000 0x00000001
core   0: 0x80009528 (0x0000bfe5) c.j     pc - 8
core   0: 3 0x80009528 (0xbfe5)
core   0: 0x80009520 (0x00002f17) auipc   t5, 0x2
core   0: 3 0x80009520 (0x00002f17) x30 0x8000b520
core   0: 0x80009524 (0xae3f2023) sw      gp, -1312(t5)
core   0: 3 0x80009524 (0xae3f2023) mem 0x8000b000 0x00000001
core   0: 0x80009528 (0x0000bfe5) c.j     pc - 8
core   0: 3 0x80009528 (0xbfe5)
core   0: 0x80009520 (0x00002f17) auipc   t5, 0x2
core   0: 3 0x80009520 (0x00002f17) x30 0x8000b520
core   0: 0x80009524 (0xae3f2023) sw      gp, -1312(t5)
core   0: 3 0x80009524 (0xae3f2023) mem 0x8000b000 0x00000001
core   0: 0x80009528 (0x0000bfe5) c.j     pc - 8
core   0: 3 0x80009528 (0xbfe5)
core   0: 0x80009520 (0x00002f17) auipc   t5, 0x2
core   0: 3 0x80009520 (0x00002f17) x30 0x8000b520
core   0: 0x80009524 (0xae3f2023) sw      gp, -1312(t5)
core   0: 3 0x80009524 (0xae3f2023) mem 0x8000b000 0x00000001
core   0: 0x80009528 (0x0000bfe5) c.j     pc - 8
core   0: 3 0x80009528 (0xbfe5)
core   0: 0x80009520 (0x00002f17) auipc   t5, 0x2
core   0: 3 0x80009520 (0x00002f17) x30 0x8000b520
core   0: 0x80009524 (0xae3f2023) sw      gp, -1312(t5)
core   0: 3 0x80009524 (0xae3f2023) mem 0x8000b000 0x00000001
core   0: 0x80009528 (0x0000bfe5) c.j     pc - 8
core   0: 3 0x80009528 (0xbfe5)
core   0: 0x80009520 (0x00002f17) auipc   t5, 0x2
core   0: 3 0x80009520 (0x00002f17) x30 0x8000b520
core   0: 0x80009524 (0xae3f2023) sw      gp, -1312(t5)
core   0: 3 0x80009524 (0xae3f2023) mem 0x8000b000 0x00000001
core   0: 0x80009528 (0x0000bfe5) c.j     pc - 8
core   0: 3 0x80009528 (0xbfe5)
core   0: 0x80009520 (0x00002f17) auipc   t5, 0x2
core   0: 3 0x80009520 (0x00002f17) x30 0x8000b520
core   0: 0x80009524 (0xae3f2023) sw      gp, -1312(t5)
core   0: 3 0x80009524 (0xae3f2023) mem 0x8000b000 0x00000001
core   0: 0x80009528 (0x0000bfe5) c.j     pc - 8
core   0: 3 0x80009528 (0xbfe5)
core   0: 0x80009520 (0x00002f17) auipc   t5, 0x2
core   0: 3 0x80009520 (0x00002f17) x30 0x8000b520
core   0: 0x80009524 (0xae3f2023) sw      gp, -1312(t5)
core   0: 3 0x80009524 (0xae3f2023) mem 0x8000b000 0x00000001
core   0: 0x80009528 (0x0000bfe5) c.j     pc - 8
core   0: 3 0x80009528 (0xbfe5)
core   0: 0x80009520 (0x00002f17) auipc   t5, 0x2
core   0: 3 0x80009520 (0x00002f17) x30 0x8000b520
core   0: 0x80009524 (0xae3f2023) sw      gp, -1312(t5)
core   0: 3 0x80009524 (0xae3f2023) mem 0x8000b000 0x00000001
core   0: 0x80009528 (0x0000bfe5) c.j     pc - 8
core   0: 3 0x80009528 (0xbfe5)
core   0: 0x80009520 (0x00002f17) auipc   t5, 0x2
core   0: 3 0x80009520 (0x00002f17) x30 0x8000b520
core   0: 0x80009524 (0xae3f2023) sw      gp, -1312(t5)
core   0: 3 0x80009524 (0xae3f2023) mem 0x8000b000 0x00000001
core   0: 0x80009528 (0x0000bfe5) c.j     pc - 8
core   0: 3 0x80009528 (0xbfe5)
core   0: 0x80009520 (0x00002f17) auipc   t5, 0x2
core   0: 3 0x80009520 (0x00002f17) x30 0x8000b520
core   0: 0x80009524 (0xae3f2023) sw      gp, -1312(t5)
core   0: 3 0x80009524 (0xae3f2023) mem 0x8000b000 0x00000001
core   0: 0x80009528 (0x0000bfe5) c.j     pc - 8
core   0: 3 0x80009528 (0xbfe5)
core   0: 0x80009520 (0x00002f17) auipc   t5, 0x2
core   0: 3 0x80009520 (0x00002f17) x30 0x8000b520
core   0: 0x80009524 (0xae3f2023) sw      gp, -1312(t5)
core   0: 3 0x80009524 (0xae3f2023) mem 0x8000b000 0x00000001
core   0: 0x80009528 (0x0000bfe5) c.j     pc - 8
core   0: 3 0x80009528 (0xbfe5)
core   0: 0x80009520 (0x00002f17) auipc   t5, 0x2
core   0: 3 0x80009520 (0x00002f17) x30 0x8000b520
core   0: 0x80009524 (0xae3f2023) sw      gp, -1312(t5)
core   0: 3 0x80009524 (0xae3f2023) mem 0x8000b000 0x00000001
core   0: 0x80009528 (0x0000bfe5) c.j     pc - 8
core   0: 3 0x80009528 (0xbfe5)
core   0: 0x80009520 (0x00002f17) auipc   t5, 0x2
core   0: 3 0x80009520 (0x00002f17) x30 0x8000b520
core   0: 0x80009524 (0xae3f2023) sw      gp, -1312(t5)
core   0: 3 0x80009524 (0xae3f2023) mem 0x8000b000 0x00000001
core   0: 0x80009528 (0x0000bfe5) c.j     pc - 8
core   0: 3 0x80009528 (0xbfe5)
core   0: 0x80009520 (0x00002f17) auipc   t5, 0x2
core   0: 3 0x80009520 (0x00002f17) x30 0x8000b520
core   0: 0x80009524 (0xae3f2023) sw      gp, -1312(t5)
core   0: 3 0x80009524 (0xae3f2023) mem 0x8000b000 0x00000001
core   0: 0x80009528 (0x0000bfe5) c.j     pc - 8
core   0: 3 0x80009528 (0xbfe5)
core   0: 0x80009520 (0x00002f17) auipc   t5, 0x2
core   0: 3 0x80009520 (0x00002f17) x30 0x8000b520
core   0: 0x80009524 (0xae3f2023) sw      gp, -1312(t5)
core   0: 3 0x80009524 (0xae3f2023) mem 0x8000b000 0x00000001
core   0: 0x80009528 (0x0000bfe5) c.j     pc - 8
core   0: 3 0x80009528 (0xbfe5)
core   0: 0x80009520 (0x00002f17) auipc   t5, 0x2
core   0: 3 0x80009520 (0x00002f17) x30 0x8000b520
core   0: 0x80009524 (0xae3f2023) sw      gp, -1312(t5)
core   0: 3 0x80009524 (0xae3f2023) mem 0x8000b000 0x00000001
core   0: 0x80009528 (0x0000bfe5) c.j     pc - 8
core   0: 3 0x80009528 (0xbfe5)
core   0: 0x80009520 (0x00002f17) auipc   t5, 0x2
core   0: 3 0x80009520 (0x00002f17) x30 0x8000b520
core   0: 0x80009524 (0xae3f2023) sw      gp, -1312(t5)
core   0: 3 0x80009524 (0xae3f2023) mem 0x8000b000 0x00000001
core   0: 0x80009528 (0x0000bfe5) c.j     pc - 8
core   0: 3 0x80009528 (0xbfe5)
core   0: 0x80009520 (0x00002f17) auipc   t5, 0x2
core   0: 3 0x80009520 (0x00002f17) x30 0x8000b520
core   0: 0x80009524 (0xae3f2023) sw      gp, -1312(t5)
core   0: 3 0x80009524 (0xae3f2023) mem 0x8000b000 0x00000001
core   0: 0x80009528 (0x0000bfe5) c.j     pc - 8
core   0: 3 0x80009528 (0xbfe5)
core   0: 0x80009520 (0x00002f17) auipc   t5, 0x2
core   0: 3 0x80009520 (0x00002f17) x30 0x8000b520
core   0: 0x80009524 (0xae3f2023) sw      gp, -1312(t5)
core   0: 3 0x80009524 (0xae3f2023) mem 0x8000b000 0x00000001
core   0: 0x80009528 (0x0000bfe5) c.j     pc - 8
core   0: 3 0x80009528 (0xbfe5)
core   0: 0x80009520 (0x00002f17) auipc   t5, 0x2
core   0: 3 0x80009520 (0x00002f17) x30 0x8000b520
core   0: 0x80009524 (0xae3f2023) sw      gp, -1312(t5)
core   0: 3 0x80009524 (0xae3f2023) mem 0x8000b000 0x00000001
core   0: 0x80009528 (0x0000bfe5) c.j     pc - 8
core   0: 3 0x80009528 (0xbfe5)
core   0: 0x80009520 (0x00002f17) auipc   t5, 0x2
core   0: 3 0x80009520 (0x00002f17) x30 0x8000b520
core   0: 0x80009524 (0xae3f2023) sw      gp, -1312(t5)
core   0: 3 0x80009524 (0xae3f2023) mem 0x8000b000 0x00000001
core   0: 0x80009528 (0x0000bfe5) c.j     pc - 8
core   0: 3 0x80009528 (0xbfe5)
core   0: 0x80009520 (0x00002f17) auipc   t5, 0x2
core   0: 3 0x80009520 (0x00002f17) x30 0x8000b520
core   0: 0x80009524 (0xae3f2023) sw      gp, -1312(t5)
core   0: 3 0x80009524 (0xae3f2023) mem 0x8000b000 0x00000001
core   0: 0x80009528 (0x0000bfe5) c.j     pc - 8
core   0: 3 0x80009528 (0xbfe5)
core   0: 0x80009520 (0x00002f17) auipc   t5, 0x2
core   0: 3 0x80009520 (0x00002f17) x30 0x8000b520
core   0: 0x80009524 (0xae3f2023) sw      gp, -1312(t5)
core   0: 3 0x80009524 (0xae3f2023) mem 0x8000b000 0x00000001
core   0: 0x80009528 (0x0000bfe5) c.j     pc - 8
core   0: 3 0x80009528 (0xbfe5)
core   0: 0x80009520 (0x00002f17) auipc   t5, 0x2
core   0: 3 0x80009520 (0x00002f17) x30 0x8000b520
core   0: 0x80009524 (0xae3f2023) sw      gp, -1312(t5)
core   0: 3 0x80009524 (0xae3f2023) mem 0x8000b000 0x00000001
core   0: 0x80009528 (0x0000bfe5) c.j     pc - 8
core   0: 3 0x80009528 (0xbfe5)
core   0: 0x80009520 (0x00002f17) auipc   t5, 0x2
core   0: 3 0x80009520 (0x00002f17) x30 0x8000b520
core   0: 0x80009524 (0xae3f2023) sw      gp, -1312(t5)
core   0: 3 0x80009524 (0xae3f2023) mem 0x8000b000 0x00000001
core   0: 0x80009528 (0x0000bfe5) c.j     pc - 8
core   0: 3 0x80009528 (0xbfe5)
core   0: 0x80009520 (0x00002f17) auipc   t5, 0x2
core   0: 3 0x80009520 (0x00002f17) x30 0x8000b520
core   0: 0x80009524 (0xae3f2023) sw      gp, -1312(t5)
core   0: 3 0x80009524 (0xae3f2023) mem 0x8000b000 0x00000001
core   0: 0x80009528 (0x0000bfe5) c.j     pc - 8
core   0: 3 0x80009528 (0xbfe5)
core   0: 0x80009520 (0x00002f17) auipc   t5, 0x2
core   0: 3 0x80009520 (0x00002f17) x30 0x8000b520
core   0: 0x80009524 (0xae3f2023) sw      gp, -1312(t5)
core   0: 3 0x80009524 (0xae3f2023) mem 0x8000b000 0x00000001
core   0: 0x80009528 (0x0000bfe5) c.j     pc - 8
core   0: 3 0x80009528 (0xbfe5)
core   0: 0x80009520 (0x00002f17) auipc   t5, 0x2
core   0: 3 0x80009520 (0x00002f17) x30 0x8000b520
core   0: 0x80009524 (0xae3f2023) sw      gp, -1312(t5)
core   0: 3 0x80009524 (0xae3f2023) mem 0x8000b000 0x00000001
core   0: 0x80009528 (0x0000bfe5) c.j     pc - 8
core   0: 3 0x80009528 (0xbfe5)
core   0: 0x80009520 (0x00002f17) auipc   t5, 0x2
core   0: 3 0x80009520 (0x00002f17) x30 0x8000b520
core   0: 0x80009524 (0xae3f2023) sw      gp, -1312(t5)
core   0: 3 0x80009524 (0xae3f2023) mem 0x8000b000 0x00000001
core   0: 0x80009528 (0x0000bfe5) c.j     pc - 8
core   0: 3 0x80009528 (0xbfe5)
core   0: 0x80009520 (0x00002f17) auipc   t5, 0x2
core   0: 3 0x80009520 (0x00002f17) x30 0x8000b520
core   0: 0x80009524 (0xae3f2023) sw      gp, -1312(t5)
core   0: 3 0x80009524 (0xae3f2023) mem 0x8000b000 0x00000001
core   0: 0x80009528 (0x0000bfe5) c.j     pc - 8
core   0: 3 0x80009528 (0xbfe5)
core   0: 0x80009520 (0x00002f17) auipc   t5, 0x2
core   0: 3 0x80009520 (0x00002f17) x30 0x8000b520
core   0: 0x80009524 (0xae3f2023) sw      gp, -1312(t5)
core   0: 3 0x80009524 (0xae3f2023) mem 0x8000b000 0x00000001
core   0: 0x80009528 (0x0000bfe5) c.j     pc - 8
core   0: 3 0x80009528 (0xbfe5)
core   0: 0x80009520 (0x00002f17) auipc   t5, 0x2
core   0: 3 0x80009520 (0x00002f17) x30 0x8000b520
core   0: 0x80009524 (0xae3f2023) sw      gp, -1312(t5)
core   0: 3 0x80009524 (0xae3f2023) mem 0x8000b000 0x00000001
core   0: 0x80009528 (0x0000bfe5) c.j     pc - 8
core   0: 3 0x80009528 (0xbfe5)
core   0: 0x80009520 (0x00002f17) auipc   t5, 0x2
core   0: 3 0x80009520 (0x00002f17) x30 0x8000b520
core   0: 0x80009524 (0xae3f2023) sw      gp, -1312(t5)
core   0: 3 0x80009524 (0xae3f2023) mem 0x8000b000 0x00000001
core   0: 0x80009528 (0x0000bfe5) c.j     pc - 8
core   0: 3 0x80009528 (0xbfe5)
core   0: 0x80009520 (0x00002f17) auipc   t5, 0x2
core   0: 3 0x80009520 (0x00002f17) x30 0x8000b520
core   0: 0x80009524 (0xae3f2023) sw      gp, -1312(t5)
core   0: 3 0x80009524 (0xae3f2023) mem 0x8000b000 0x00000001
core   0: 0x80009528 (0x0000bfe5) c.j     pc - 8
core   0: 3 0x80009528 (0xbfe5)
core   0: 0x80009520 (0x00002f17) auipc   t5, 0x2
core   0: 3 0x80009520 (0x00002f17) x30 0x8000b520
core   0: 0x80009524 (0xae3f2023) sw      gp, -1312(t5)
core   0: 3 0x80009524 (0xae3f2023) mem 0x8000b000 0x00000001
core   0: 0x80009528 (0x0000bfe5) c.j     pc - 8
core   0: 3 0x80009528 (0xbfe5)
core   0: 0x80009520 (0x00002f17) auipc   t5, 0x2
core   0: 3 0x80009520 (0x00002f17) x30 0x8000b520
core   0: 0x80009524 (0xae3f2023) sw      gp, -1312(t5)
core   0: 3 0x80009524 (0xae3f2023) mem 0x8000b000 0x00000001
core   0: 0x80009528 (0x0000bfe5) c.j     pc - 8
core   0: 3 0x80009528 (0xbfe5)
core   0: 0x80009520 (0x00002f17) auipc   t5, 0x2
core   0: 3 0x80009520 (0x00002f17) x30 0x8000b520
core   0: 0x80009524 (0xae3f2023) sw      gp, -1312(t5)
core   0: 3 0x80009524 (0xae3f2023) mem 0x8000b000 0x00000001
core   0: 0x80009528 (0x0000bfe5) c.j     pc - 8
core   0: 3 0x80009528 (0xbfe5)
core   0: 0x80009520 (0x00002f17) auipc   t5, 0x2
core   0: 3 0x80009520 (0x00002f17) x30 0x8000b520
core   0: 0x80009524 (0xae3f2023) sw      gp, -1312(t5)
core   0: 3 0x80009524 (0xae3f2023) mem 0x8000b000 0x00000001
core   0: 0x80009528 (0x0000bfe5) c.j     pc - 8
core   0: 3 0x80009528 (0xbfe5)
core   0: 0x80009520 (0x00002f17) auipc   t5, 0x2
core   0: 3 0x80009520 (0x00002f17) x30 0x8000b520
core   0: 0x80009524 (0xae3f2023) sw      gp, -1312(t5)
core   0: 3 0x80009524 (0xae3f2023) mem 0x8000b000 0x00000001
core   0: 0x80009528 (0x0000bfe5) c.j     pc - 8
core   0: 3 0x80009528 (0xbfe5)
core   0: 0x80009520 (0x00002f17) auipc   t5, 0x2
core   0: 3 0x80009520 (0x00002f17) x30 0x8000b520
core   0: 0x80009524 (0xae3f2023) sw      gp, -1312(t5)
core   0: 3 0x80009524 (0xae3f2023) mem 0x8000b000 0x00000001
core   0: 0x80009528 (0x0000bfe5) c.j     pc - 8
core   0: 3 0x80009528 (0xbfe5)
core   0: 0x80009520 (0x00002f17) auipc   t5, 0x2
core   0: 3 0x80009520 (0x00002f17) x30 0x8000b520
core   0: 0x80009524 (0xae3f2023) sw      gp, -1312(t5)
core   0: 3 0x80009524 (0xae3f2023) mem 0x8000b000 0x00000001
core   0: 0x80009528 (0x0000bfe5) c.j     pc - 8
core   0: 3 0x80009528 (0xbfe5)
core   0: 0x80009520 (0x00002f17) auipc   t5, 0x2
core   0: 3 0x80009520 (0x00002f17) x30 0x8000b520
core   0: 0x80009524 (0xae3f2023) sw      gp, -1312(t5)
core   0: 3 0x80009524 (0xae3f2023) mem 0x8000b000 0x00000001
core   0: 0x80009528 (0x0000bfe5) c.j     pc - 8
core   0: 3 0x80009528 (0xbfe5)
core   0: 0x80009520 (0x00002f17) auipc   t5, 0x2
core   0: 3 0x80009520 (0x00002f17) x30 0x8000b520
core   0: 0x80009524 (0xae3f2023) sw      gp, -1312(t5)
core   0: 3 0x80009524 (0xae3f2023) mem 0x8000b000 0x00000001
core   0: 0x80009528 (0x0000bfe5) c.j     pc - 8
core   0: 3 0x80009528 (0xbfe5)
core   0: 0x80009520 (0x00002f17) auipc   t5, 0x2
core   0: 3 0x80009520 (0x00002f17) x30 0x8000b520
core   0: 0x80009524 (0xae3f2023) sw      gp, -1312(t5)
core   0: 3 0x80009524 (0xae3f2023) mem 0x8000b000 0x00000001
core   0: 0x80009528 (0x0000bfe5) c.j     pc - 8
core   0: 3 0x80009528 (0xbfe5)
core   0: 0x80009520 (0x00002f17) auipc   t5, 0x2
core   0: 3 0x80009520 (0x00002f17) x30 0x8000b520
core   0: 0x80009524 (0xae3f2023) sw      gp, -1312(t5)
core   0: 3 0x80009524 (0xae3f2023) mem 0x8000b000 0x00000001
core   0: 0x80009528 (0x0000bfe5) c.j     pc - 8
core   0: 3 0x80009528 (0xbfe5)
core   0: 0x80009520 (0x00002f17) auipc   t5, 0x2
core   0: 3 0x80009520 (0x00002f17) x30 0x8000b520
core   0: 0x80009524 (0xae3f2023) sw      gp, -1312(t5)
core   0: 3 0x80009524 (0xae3f2023) mem 0x8000b000 0x00000001
core   0: 0x80009528 (0x0000bfe5) c.j     pc - 8
core   0: 3 0x80009528 (0xbfe5)
core   0: 0x80009520 (0x00002f17) auipc   t5, 0x2
core   0: 3 0x80009520 (0x00002f17) x30 0x8000b520
core   0: 0x80009524 (0xae3f2023) sw      gp, -1312(t5)
core   0: 3 0x80009524 (0xae3f2023) mem 0x8000b000 0x00000001
core   0: 0x80009528 (0x0000bfe5) c.j     pc - 8
core   0: 3 0x80009528 (0xbfe5)
core   0: 0x80009520 (0x00002f17) auipc   t5, 0x2
core   0: 3 0x80009520 (0x00002f17) x30 0x8000b520
core   0: 0x80009524 (0xae3f2023) sw      gp, -1312(t5)
core   0: 3 0x80009524 (0xae3f2023) mem 0x8000b000 0x00000001
core   0: 0x80009528 (0x0000bfe5) c.j     pc - 8
core   0: 3 0x80009528 (0xbfe5)
core   0: 0x80009520 (0x00002f17) auipc   t5, 0x2
core   0: 3 0x80009520 (0x00002f17) x30 0x8000b520
core   0: 0x80009524 (0xae3f2023) sw      gp, -1312(t5)
core   0: 3 0x80009524 (0xae3f2023) mem 0x8000b000 0x00000001
core   0: 0x80009528 (0x0000bfe5) c.j     pc - 8
core   0: 3 0x80009528 (0xbfe5)
core   0: 0x80009520 (0x00002f17) auipc   t5, 0x2
core   0: 3 0x80009520 (0x00002f17) x30 0x8000b520
core   0: 0x80009524 (0xae3f2023) sw      gp, -1312(t5)
core   0: 3 0x80009524 (0xae3f2023) mem 0x8000b000 0x00000001
core   0: 0x80009528 (0x0000bfe5) c.j     pc - 8
core   0: 3 0x80009528 (0xbfe5)
core   0: 0x80009520 (0x00002f17) auipc   t5, 0x2
core   0: 3 0x80009520 (0x00002f17) x30 0x8000b520
core   0: 0x80009524 (0xae3f2023) sw      gp, -1312(t5)
core   0: 3 0x80009524 (0xae3f2023) mem 0x8000b000 0x00000001
core   0: 0x80009528 (0x0000bfe5) c.j     pc - 8
core   0: 3 0x80009528 (0xbfe5)
core   0: 0x80009520 (0x00002f17) auipc   t5, 0x2
core   0: 3 0x80009520 (0x00002f17) x30 0x8000b520
core   0: 0x80009524 (0xae3f2023) sw      gp, -1312(t5)
core   0: 3 0x80009524 (0xae3f2023) mem 0x8000b000 0x00000001
core   0: 0x80009528 (0x0000bfe5) c.j     pc - 8
core   0: 3 0x80009528 (0xbfe5)
core   0: 0x80009520 (0x00002f17) auipc   t5, 0x2
core   0: 3 0x80009520 (0x00002f17) x30 0x8000b520
core   0: 0x80009524 (0xae3f2023) sw      gp, -1312(t5)
core   0: 3 0x80009524 (0xae3f2023) mem 0x8000b000 0x00000001
core   0: 0x80009528 (0x0000bfe5) c.j     pc - 8
core   0: 3 0x80009528 (0xbfe5)
core   0: 0x80009520 (0x00002f17) auipc   t5, 0x2
core   0: 3 0x80009520 (0x00002f17) x30 0x8000b520
core   0: 0x80009524 (0xae3f2023) sw      gp, -1312(t5)
core   0: 3 0x80009524 (0xae3f2023) mem 0x8000b000 0x00000001
core   0: 0x80009528 (0x0000bfe5) c.j     pc - 8
core   0: 3 0x80009528 (0xbfe5)
core   0: 0x80009520 (0x00002f17) auipc   t5, 0x2
core   0: 3 0x80009520 (0x00002f17) x30 0x8000b520
core   0: 0x80009524 (0xae3f2023) sw      gp, -1312(t5)
core   0: 3 0x80009524 (0xae3f2023) mem 0x8000b000 0x00000001
core   0: 0x80009528 (0x0000bfe5) c.j     pc - 8
core   0: 3 0x80009528 (0xbfe5)
core   0: 0x80009520 (0x00002f17) auipc   t5, 0x2
core   0: 3 0x80009520 (0x00002f17) x30 0x8000b520
core   0: 0x80009524 (0xae3f2023) sw      gp, -1312(t5)
core   0: 3 0x80009524 (0xae3f2023) mem 0x8000b000 0x00000001
core   0: 0x80009528 (0x0000bfe5) c.j     pc - 8
core   0: 3 0x80009528 (0xbfe5)
core   0: 0x80009520 (0x00002f17) auipc   t5, 0x2
core   0: 3 0x80009520 (0x00002f17) x30 0x8000b520
core   0: 0x80009524 (0xae3f2023) sw      gp, -1312(t5)
core   0: 3 0x80009524 (0xae3f2023) mem 0x8000b000 0x00000001
core   0: 0x80009528 (0x0000bfe5) c.j     pc - 8
core   0: 3 0x80009528 (0xbfe5)
core   0: 0x80009520 (0x00002f17) auipc   t5, 0x2
core   0: 3 0x80009520 (0x00002f17) x30 0x8000b520
core   0: 0x80009524 (0xae3f2023) sw      gp, -1312(t5)
core   0: 3 0x80009524 (0xae3f2023) mem 0x8000b000 0x00000001
core   0: 0x80009528 (0x0000bfe5) c.j     pc - 8
core   0: 3 0x80009528 (0xbfe5)
core   0: 0x80009520 (0x00002f17) auipc   t5, 0x2
core   0: 3 0x80009520 (0x00002f17) x30 0x8000b520
core   0: 0x80009524 (0xae3f2023) sw      gp, -1312(t5)
core   0: 3 0x80009524 (0xae3f2023) mem 0x8000b000 0x00000001
core   0: 0x80009528 (0x0000bfe5) c.j     pc - 8
core   0: 3 0x80009528 (0xbfe5)
core   0: 0x80009520 (0x00002f17) auipc   t5, 0x2
core   0: 3 0x80009520 (0x00002f17) x30 0x8000b520
core   0: 0x80009524 (0xae3f2023) sw      gp, -1312(t5)
core   0: 3 0x80009524 (0xae3f2023) mem 0x8000b000 0x00000001
core   0: 0x80009528 (0x0000bfe5) c.j     pc - 8
core   0: 3 0x80009528 (0xbfe5)
core   0: 0x80009520 (0x00002f17) auipc   t5, 0x2
core   0: 3 0x80009520 (0x00002f17) x30 0x8000b520
core   0: 0x80009524 (0xae3f2023) sw      gp, -1312(t5)
core   0: 3 0x80009524 (0xae3f2023) mem 0x8000b000 0x00000001
core   0: 0x80009528 (0x0000bfe5) c.j     pc - 8
core   0: 3 0x80009528 (0xbfe5)
core   0: 0x80009520 (0x00002f17) auipc   t5, 0x2
core   0: 3 0x80009520 (0x00002f17) x30 0x8000b520
core   0: 0x80009524 (0xae3f2023) sw      gp, -1312(t5)
core   0: 3 0x80009524 (0xae3f2023) mem 0x8000b000 0x00000001
core   0: 0x80009528 (0x0000bfe5) c.j     pc - 8
core   0: 3 0x80009528 (0xbfe5)
core   0: 0x80009520 (0x00002f17) auipc   t5, 0x2
core   0: 3 0x80009520 (0x00002f17) x30 0x8000b520
core   0: 0x80009524 (0xae3f2023) sw      gp, -1312(t5)
core   0: 3 0x80009524 (0xae3f2023) mem 0x8000b000 0x00000001
core   0: 0x80009528 (0x0000bfe5) c.j     pc - 8
core   0: 3 0x80009528 (0xbfe5)
core   0: 0x80009520 (0x00002f17) auipc   t5, 0x2
core   0: 3 0x80009520 (0x00002f17) x30 0x8000b520
core   0: 0x80009524 (0xae3f2023) sw      gp, -1312(t5)
core   0: 3 0x80009524 (0xae3f2023) mem 0x8000b000 0x00000001
core   0: 0x80009528 (0x0000bfe5) c.j     pc - 8
core   0: 3 0x80009528 (0xbfe5)
core   0: 0x80009520 (0x00002f17) auipc   t5, 0x2
core   0: 3 0x80009520 (0x00002f17) x30 0x8000b520
core   0: 0x80009524 (0xae3f2023) sw      gp, -1312(t5)
core   0: 3 0x80009524 (0xae3f2023) mem 0x8000b000 0x00000001
core   0: 0x80009528 (0x0000bfe5) c.j     pc - 8
core   0: 3 0x80009528 (0xbfe5)
core   0: 0x80009520 (0x00002f17) auipc   t5, 0x2
core   0: 3 0x80009520 (0x00002f17) x30 0x8000b520
core   0: 0x80009524 (0xae3f2023) sw      gp, -1312(t5)
core   0: 3 0x80009524 (0xae3f2023) mem 0x8000b000 0x00000001
core   0: 0x80009528 (0x0000bfe5) c.j     pc - 8
core   0: 3 0x80009528 (0xbfe5)
core   0: 0x80009520 (0x00002f17) auipc   t5, 0x2
core   0: 3 0x80009520 (0x00002f17) x30 0x8000b520
core   0: 0x80009524 (0xae3f2023) sw      gp, -1312(t5)
core   0: 3 0x80009524 (0xae3f2023) mem 0x8000b000 0x00000001
core   0: 0x80009528 (0x0000bfe5) c.j     pc - 8
core   0: 3 0x80009528 (0xbfe5)
core   0: 0x80009520 (0x00002f17) auipc   t5, 0x2
core   0: 3 0x80009520 (0x00002f17) x30 0x8000b520
core   0: 0x80009524 (0xae3f2023) sw      gp, -1312(t5)
core   0: 3 0x80009524 (0xae3f2023) mem 0x8000b000 0x00000001
core   0: 0x80009528 (0x0000bfe5) c.j     pc - 8
core   0: 3 0x80009528 (0xbfe5)
core   0: 0x80009520 (0x00002f17) auipc   t5, 0x2
core   0: 3 0x80009520 (0x00002f17) x30 0x8000b520
core   0: 0x80009524 (0xae3f2023) sw      gp, -1312(t5)
core   0: 3 0x80009524 (0xae3f2023) mem 0x8000b000 0x00000001
core   0: 0x80009528 (0x0000bfe5) c.j     pc - 8
core   0: 3 0x80009528 (0xbfe5)
core   0: 0x80009520 (0x00002f17) auipc   t5, 0x2
core   0: 3 0x80009520 (0x00002f17) x30 0x8000b520
core   0: 0x80009524 (0xae3f2023) sw      gp, -1312(t5)
core   0: 3 0x80009524 (0xae3f2023) mem 0x8000b000 0x00000001
core   0: 0x80009528 (0x0000bfe5) c.j     pc - 8
core   0: 3 0x80009528 (0xbfe5)
core   0: 0x80009520 (0x00002f17) auipc   t5, 0x2
core   0: 3 0x80009520 (0x00002f17) x30 0x8000b520
core   0: 0x80009524 (0xae3f2023) sw      gp, -1312(t5)
core   0: 3 0x80009524 (0xae3f2023) mem 0x8000b000 0x00000001
core   0: 0x80009528 (0x0000bfe5) c.j     pc - 8
core   0: 3 0x80009528 (0xbfe5)
core   0: 0x80009520 (0x00002f17) auipc   t5, 0x2
core   0: 3 0x80009520 (0x00002f17) x30 0x8000b520
core   0: 0x80009524 (0xae3f2023) sw      gp, -1312(t5)
core   0: 3 0x80009524 (0xae3f2023) mem 0x8000b000 0x00000001
core   0: 0x80009528 (0x0000bfe5) c.j     pc - 8
core   0: 3 0x80009528 (0xbfe5)
core   0: 0x80009520 (0x00002f17) auipc   t5, 0x2
core   0: 3 0x80009520 (0x00002f17) x30 0x8000b520
core   0: 0x80009524 (0xae3f2023) sw      gp, -1312(t5)
core   0: 3 0x80009524 (0xae3f2023) mem 0x8000b000 0x00000001
core   0: 0x80009528 (0x0000bfe5) c.j     pc - 8
core   0: 3 0x80009528 (0xbfe5)
core   0: 0x80009520 (0x00002f17) auipc   t5, 0x2
core   0: 3 0x80009520 (0x00002f17) x30 0x8000b520
core   0: 0x80009524 (0xae3f2023) sw      gp, -1312(t5)
core   0: 3 0x80009524 (0xae3f2023) mem 0x8000b000 0x00000001
core   0: 0x80009528 (0x0000bfe5) c.j     pc - 8
core   0: 3 0x80009528 (0xbfe5)
core   0: 0x80009520 (0x00002f17) auipc   t5, 0x2
core   0: 3 0x80009520 (0x00002f17) x30 0x8000b520
core   0: 0x80009524 (0xae3f2023) sw      gp, -1312(t5)
core   0: 3 0x80009524 (0xae3f2023) mem 0x8000b000 0x00000001
core   0: 0x80009528 (0x0000bfe5) c.j     pc - 8
core   0: 3 0x80009528 (0xbfe5)
core   0: 0x80009520 (0x00002f17) auipc   t5, 0x2
core   0: 3 0x80009520 (0x00002f17) x30 0x8000b520
core   0: 0x80009524 (0xae3f2023) sw      gp, -1312(t5)
core   0: 3 0x80009524 (0xae3f2023) mem 0x8000b000 0x00000001
core   0: 0x80009528 (0x0000bfe5) c.j     pc - 8
core   0: 3 0x80009528 (0xbfe5)
core   0: 0x80009520 (0x00002f17) auipc   t5, 0x2
core   0: 3 0x80009520 (0x00002f17) x30 0x8000b520
core   0: 0x80009524 (0xae3f2023) sw      gp, -1312(t5)
core   0: 3 0x80009524 (0xae3f2023) mem 0x8000b000 0x00000001
core   0: 0x80009528 (0x0000bfe5) c.j     pc - 8
core   0: 3 0x80009528 (0xbfe5)
core   0: 0x80009520 (0x00002f17) auipc   t5, 0x2
core   0: 3 0x80009520 (0x00002f17) x30 0x8000b520
core   0: 0x80009524 (0xae3f2023) sw      gp, -1312(t5)
core   0: 3 0x80009524 (0xae3f2023) mem 0x8000b000 0x00000001
core   0: 0x80009528 (0x0000bfe5) c.j     pc - 8
core   0: 3 0x80009528 (0xbfe5)
core   0: 0x80009520 (0x00002f17) auipc   t5, 0x2
core   0: 3 0x80009520 (0x00002f17) x30 0x8000b520
core   0: 0x80009524 (0xae3f2023) sw      gp, -1312(t5)
core   0: 3 0x80009524 (0xae3f2023) mem 0x8000b000 0x00000001
core   0: 0x80009528 (0x0000bfe5) c.j     pc - 8
core   0: 3 0x80009528 (0xbfe5)
core   0: 0x80009520 (0x00002f17) auipc   t5, 0x2
core   0: 3 0x80009520 (0x00002f17) x30 0x8000b520
core   0: 0x80009524 (0xae3f2023) sw      gp, -1312(t5)
core   0: 3 0x80009524 (0xae3f2023) mem 0x8000b000 0x00000001
core   0: 0x80009528 (0x0000bfe5) c.j     pc - 8
core   0: 3 0x80009528 (0xbfe5)
core   0: 0x80009520 (0x00002f17) auipc   t5, 0x2
core   0: 3 0x80009520 (0x00002f17) x30 0x8000b520
core   0: 0x80009524 (0xae3f2023) sw      gp, -1312(t5)
core   0: 3 0x80009524 (0xae3f2023) mem 0x8000b000 0x00000001
core   0: 0x80009528 (0x0000bfe5) c.j     pc - 8
core   0: 3 0x80009528 (0xbfe5)
core   0: 0x80009520 (0x00002f17) auipc   t5, 0x2
core   0: 3 0x80009520 (0x00002f17) x30 0x8000b520
core   0: 0x80009524 (0xae3f2023) sw      gp, -1312(t5)
core   0: 3 0x80009524 (0xae3f2023) mem 0x8000b000 0x00000001
core   0: 0x80009528 (0x0000bfe5) c.j     pc - 8
core   0: 3 0x80009528 (0xbfe5)
core   0: 0x80009520 (0x00002f17) auipc   t5, 0x2
core   0: 3 0x80009520 (0x00002f17) x30 0x8000b520
core   0: 0x80009524 (0xae3f2023) sw      gp, -1312(t5)
core   0: 3 0x80009524 (0xae3f2023) mem 0x8000b000 0x00000001
core   0: 0x80009528 (0x0000bfe5) c.j     pc - 8
core   0: 3 0x80009528 (0xbfe5)
core   0: 0x80009520 (0x00002f17) auipc   t5, 0x2
core   0: 3 0x80009520 (0x00002f17) x30 0x8000b520
core   0: 0x80009524 (0xae3f2023) sw      gp, -1312(t5)
core   0: 3 0x80009524 (0xae3f2023) mem 0x8000b000 0x00000001
core   0: 0x80009528 (0x0000bfe5) c.j     pc - 8
core   0: 3 0x80009528 (0xbfe5)
core   0: 0x80009520 (0x00002f17) auipc   t5, 0x2
core   0: 3 0x80009520 (0x00002f17) x30 0x8000b520
core   0: 0x80009524 (0xae3f2023) sw      gp, -1312(t5)
core   0: 3 0x80009524 (0xae3f2023) mem 0x8000b000 0x00000001
core   0: 0x80009528 (0x0000bfe5) c.j     pc - 8
core   0: 3 0x80009528 (0xbfe5)
core   0: 0x80009520 (0x00002f17) auipc   t5, 0x2
core   0: 3 0x80009520 (0x00002f17) x30 0x8000b520
core   0: 0x80009524 (0xae3f2023) sw      gp, -1312(t5)
core   0: 3 0x80009524 (0xae3f2023) mem 0x8000b000 0x00000001
core   0: 0x80009528 (0x0000bfe5) c.j     pc - 8
core   0: 3 0x80009528 (0xbfe5)
core   0: 0x80009520 (0x00002f17) auipc   t5, 0x2
core   0: 3 0x80009520 (0x00002f17) x30 0x8000b520
core   0: 0x80009524 (0xae3f2023) sw      gp, -1312(t5)
core   0: 3 0x80009524 (0xae3f2023) mem 0x8000b000 0x00000001
core   0: 0x80009528 (0x0000bfe5) c.j     pc - 8
core   0: 3 0x80009528 (0xbfe5)
core   0: 0x80009520 (0x00002f17) auipc   t5, 0x2
core   0: 3 0x80009520 (0x00002f17) x30 0x8000b520
core   0: 0x80009524 (0xae3f2023) sw      gp, -1312(t5)
core   0: 3 0x80009524 (0xae3f2023) mem 0x8000b000 0x00000001
core   0: 0x80009528 (0x0000bfe5) c.j     pc - 8
core   0: 3 0x80009528 (0xbfe5)
core   0: 0x80009520 (0x00002f17) auipc   t5, 0x2
core   0: 3 0x80009520 (0x00002f17) x30 0x8000b520
core   0: 0x80009524 (0xae3f2023) sw      gp, -1312(t5)
core   0: 3 0x80009524 (0xae3f2023) mem 0x8000b000 0x00000001
core   0: 0x80009528 (0x0000bfe5) c.j     pc - 8
core   0: 3 0x80009528 (0xbfe5)
core   0: 0x80009520 (0x00002f17) auipc   t5, 0x2
core   0: 3 0x80009520 (0x00002f17) x30 0x8000b520
core   0: 0x80009524 (0xae3f2023) sw      gp, -1312(t5)
core   0: 3 0x80009524 (0xae3f2023) mem 0x8000b000 0x00000001
core   0: 0x80009528 (0x0000bfe5) c.j     pc - 8
core   0: 3 0x80009528 (0xbfe5)
core   0: 0x80009520 (0x00002f17) auipc   t5, 0x2
core   0: 3 0x80009520 (0x00002f17) x30 0x8000b520
core   0: 0x80009524 (0xae3f2023) sw      gp, -1312(t5)
core   0: 3 0x80009524 (0xae3f2023) mem 0x8000b000 0x00000001
core   0: 0x80009528 (0x0000bfe5) c.j     pc - 8
core   0: 3 0x80009528 (0xbfe5)
core   0: 0x80009520 (0x00002f17) auipc   t5, 0x2
core   0: 3 0x80009520 (0x00002f17) x30 0x8000b520
core   0: 0x80009524 (0xae3f2023) sw      gp, -1312(t5)
core   0: 3 0x80009524 (0xae3f2023) mem 0x8000b000 0x00000001
core   0: 0x80009528 (0x0000bfe5) c.j     pc - 8
core   0: 3 0x80009528 (0xbfe5)
core   0: 0x80009520 (0x00002f17) auipc   t5, 0x2
core   0: 3 0x80009520 (0x00002f17) x30 0x8000b520
core   0: 0x80009524 (0xae3f2023) sw      gp, -1312(t5)
core   0: 3 0x80009524 (0xae3f2023) mem 0x8000b000 0x00000001
core   0: 0x80009528 (0x0000bfe5) c.j     pc - 8
core   0: 3 0x80009528 (0xbfe5)
core   0: 0x80009520 (0x00002f17) auipc   t5, 0x2
core   0: 3 0x80009520 (0x00002f17) x30 0x8000b520
core   0: 0x80009524 (0xae3f2023) sw      gp, -1312(t5)
core   0: 3 0x80009524 (0xae3f2023) mem 0x8000b000 0x00000001
core   0: 0x80009528 (0x0000bfe5) c.j     pc - 8
core   0: 3 0x80009528 (0xbfe5)
core   0: 0x80009520 (0x00002f17) auipc   t5, 0x2
core   0: 3 0x80009520 (0x00002f17) x30 0x8000b520
core   0: 0x80009524 (0xae3f2023) sw      gp, -1312(t5)
core   0: 3 0x80009524 (0xae3f2023) mem 0x8000b000 0x00000001
core   0: 0x80009528 (0x0000bfe5) c.j     pc - 8
core   0: 3 0x80009528 (0xbfe5)
core   0: 0x80009520 (0x00002f17) auipc   t5, 0x2
core   0: 3 0x80009520 (0x00002f17) x30 0x8000b520
core   0: 0x80009524 (0xae3f2023) sw      gp, -1312(t5)
core   0: 3 0x80009524 (0xae3f2023) mem 0x8000b000 0x00000001
core   0: 0x80009528 (0x0000bfe5) c.j     pc - 8
core   0: 3 0x80009528 (0xbfe5)
core   0: 0x80009520 (0x00002f17) auipc   t5, 0x2
core   0: 3 0x80009520 (0x00002f17) x30 0x8000b520
core   0: 0x80009524 (0xae3f2023) sw      gp, -1312(t5)
core   0: 3 0x80009524 (0xae3f2023) mem 0x8000b000 0x00000001
core   0: 0x80009528 (0x0000bfe5) c.j     pc - 8
core   0: 3 0x80009528 (0xbfe5)
core   0: 0x80009520 (0x00002f17) auipc   t5, 0x2
core   0: 3 0x80009520 (0x00002f17) x30 0x8000b520
core   0: 0x80009524 (0xae3f2023) sw      gp, -1312(t5)
core   0: 3 0x80009524 (0xae3f2023) mem 0x8000b000 0x00000001
core   0: 0x80009528 (0x0000bfe5) c.j     pc - 8
core   0: 3 0x80009528 (0xbfe5)
core   0: 0x80009520 (0x00002f17) auipc   t5, 0x2
core   0: 3 0x80009520 (0x00002f17) x30 0x8000b520
core   0: 0x80009524 (0xae3f2023) sw      gp, -1312(t5)
core   0: 3 0x80009524 (0xae3f2023) mem 0x8000b000 0x00000001
core   0: 0x80009528 (0x0000bfe5) c.j     pc - 8
core   0: 3 0x80009528 (0xbfe5)
core   0: 0x80009520 (0x00002f17) auipc   t5, 0x2
core   0: 3 0x80009520 (0x00002f17) x30 0x8000b520
core   0: 0x80009524 (0xae3f2023) sw      gp, -1312(t5)
core   0: 3 0x80009524 (0xae3f2023) mem 0x8000b000 0x00000001
core   0: 0x80009528 (0x0000bfe5) c.j     pc - 8
core   0: 3 0x80009528 (0xbfe5)
core   0: 0x80009520 (0x00002f17) auipc   t5, 0x2
core   0: 3 0x80009520 (0x00002f17) x30 0x8000b520
core   0: 0x80009524 (0xae3f2023) sw      gp, -1312(t5)
core   0: 3 0x80009524 (0xae3f2023) mem 0x8000b000 0x00000001
core   0: 0x80009528 (0x0000bfe5) c.j     pc - 8
core   0: 3 0x80009528 (0xbfe5)
core   0: 0x80009520 (0x00002f17) auipc   t5, 0x2
core   0: 3 0x80009520 (0x00002f17) x30 0x8000b520
core   0: 0x80009524 (0xae3f2023) sw      gp, -1312(t5)
core   0: 3 0x80009524 (0xae3f2023) mem 0x8000b000 0x00000001
core   0: 0x80009528 (0x0000bfe5) c.j     pc - 8
core   0: 3 0x80009528 (0xbfe5)
core   0: 0x80009520 (0x00002f17) auipc   t5, 0x2
core   0: 3 0x80009520 (0x00002f17) x30 0x8000b520
core   0: 0x80009524 (0xae3f2023) sw      gp, -1312(t5)
core   0: 3 0x80009524 (0xae3f2023) mem 0x8000b000 0x00000001
core   0: 0x80009528 (0x0000bfe5) c.j     pc - 8
core   0: 3 0x80009528 (0xbfe5)
core   0: 0x80009520 (0x00002f17) auipc   t5, 0x2
core   0: 3 0x80009520 (0x00002f17) x30 0x8000b520
core   0: 0x80009524 (0xae3f2023) sw      gp, -1312(t5)
core   0: 3 0x80009524 (0xae3f2023) mem 0x8000b000 0x00000001
core   0: 0x80009528 (0x0000bfe5) c.j     pc - 8
core   0: 3 0x80009528 (0xbfe5)
core   0: 0x80009520 (0x00002f17) auipc   t5, 0x2
core   0: 3 0x80009520 (0x00002f17) x30 0x8000b520
core   0: 0x80009524 (0xae3f2023) sw      gp, -1312(t5)
core   0: 3 0x80009524 (0xae3f2023) mem 0x8000b000 0x00000001
core   0: 0x80009528 (0x0000bfe5) c.j     pc - 8
core   0: 3 0x80009528 (0xbfe5)
core   0: 0x80009520 (0x00002f17) auipc   t5, 0x2
core   0: 3 0x80009520 (0x00002f17) x30 0x8000b520
core   0: 0x80009524 (0xae3f2023) sw      gp, -1312(t5)
core   0: 3 0x80009524 (0xae3f2023) mem 0x8000b000 0x00000001
core   0: 0x80009528 (0x0000bfe5) c.j     pc - 8
core   0: 3 0x80009528 (0xbfe5)
core   0: 0x80009520 (0x00002f17) auipc   t5, 0x2
core   0: 3 0x80009520 (0x00002f17) x30 0x8000b520
core   0: 0x80009524 (0xae3f2023) sw      gp, -1312(t5)
core   0: 3 0x80009524 (0xae3f2023) mem 0x8000b000 0x00000001
core   0: 0x80009528 (0x0000bfe5) c.j     pc - 8
core   0: 3 0x80009528 (0xbfe5)
core   0: 0x80009520 (0x00002f17) auipc   t5, 0x2
core   0: 3 0x80009520 (0x00002f17) x30 0x8000b520
core   0: 0x80009524 (0xae3f2023) sw      gp, -1312(t5)
core   0: 3 0x80009524 (0xae3f2023) mem 0x8000b000 0x00000001
core   0: 0x80009528 (0x0000bfe5) c.j     pc - 8
core   0: 3 0x80009528 (0xbfe5)
core   0: 0x80009520 (0x00002f17) auipc   t5, 0x2
core   0: 3 0x80009520 (0x00002f17) x30 0x8000b520
core   0: 0x80009524 (0xae3f2023) sw      gp, -1312(t5)
core   0: 3 0x80009524 (0xae3f2023) mem 0x8000b000 0x00000001
core   0: 0x80009528 (0x0000bfe5) c.j     pc - 8
core   0: 3 0x80009528 (0xbfe5)
core   0: 0x80009520 (0x00002f17) auipc   t5, 0x2
core   0: 3 0x80009520 (0x00002f17) x30 0x8000b520
core   0: 0x80009524 (0xae3f2023) sw      gp, -1312(t5)
core   0: 3 0x80009524 (0xae3f2023) mem 0x8000b000 0x00000001
core   0: 0x80009528 (0x0000bfe5) c.j     pc - 8
core   0: 3 0x80009528 (0xbfe5)
core   0: 0x80009520 (0x00002f17) auipc   t5, 0x2
core   0: 3 0x80009520 (0x00002f17) x30 0x8000b520
core   0: 0x80009524 (0xae3f2023) sw      gp, -1312(t5)
core   0: 3 0x80009524 (0xae3f2023) mem 0x8000b000 0x00000001
core   0: 0x80009528 (0x0000bfe5) c.j     pc - 8
core   0: 3 0x80009528 (0xbfe5)
core   0: 0x80009520 (0x00002f17) auipc   t5, 0x2
core   0: 3 0x80009520 (0x00002f17) x30 0x8000b520
core   0: 0x80009524 (0xae3f2023) sw      gp, -1312(t5)
core   0: 3 0x80009524 (0xae3f2023) mem 0x8000b000 0x00000001
core   0: 0x80009528 (0x0000bfe5) c.j     pc - 8
core   0: 3 0x80009528 (0xbfe5)
core   0: 0x80009520 (0x00002f17) auipc   t5, 0x2
core   0: 3 0x80009520 (0x00002f17) x30 0x8000b520
core   0: 0x80009524 (0xae3f2023) sw      gp, -1312(t5)
core   0: 3 0x80009524 (0xae3f2023) mem 0x8000b000 0x00000001
core   0: 0x80009528 (0x0000bfe5) c.j     pc - 8
core   0: 3 0x80009528 (0xbfe5)
core   0: 0x80009520 (0x00002f17) auipc   t5, 0x2
core   0: 3 0x80009520 (0x00002f17) x30 0x8000b520
core   0: 0x80009524 (0xae3f2023) sw      gp, -1312(t5)
core   0: 3 0x80009524 (0xae3f2023) mem 0x8000b000 0x00000001
core   0: 0x80009528 (0x0000bfe5) c.j     pc - 8
core   0: 3 0x80009528 (0xbfe5)
core   0: 0x80009520 (0x00002f17) auipc   t5, 0x2
core   0: 3 0x80009520 (0x00002f17) x30 0x8000b520
core   0: 0x80009524 (0xae3f2023) sw      gp, -1312(t5)
core   0: 3 0x80009524 (0xae3f2023) mem 0x8000b000 0x00000001
core   0: 0x80009528 (0x0000bfe5) c.j     pc - 8
core   0: 3 0x80009528 (0xbfe5)
core   0: 0x80009520 (0x00002f17) auipc   t5, 0x2
core   0: 3 0x80009520 (0x00002f17) x30 0x8000b520
core   0: 0x80009524 (0xae3f2023) sw      gp, -1312(t5)
core   0: 3 0x80009524 (0xae3f2023) mem 0x8000b000 0x00000001
core   0: 0x80009528 (0x0000bfe5) c.j     pc - 8
core   0: 3 0x80009528 (0xbfe5)
core   0: 0x80009520 (0x00002f17) auipc   t5, 0x2
core   0: 3 0x80009520 (0x00002f17) x30 0x8000b520
core   0: 0x80009524 (0xae3f2023) sw      gp, -1312(t5)
core   0: 3 0x80009524 (0xae3f2023) mem 0x8000b000 0x00000001
core   0: 0x80009528 (0x0000bfe5) c.j     pc - 8
core   0: 3 0x80009528 (0xbfe5)
core   0: 0x80009520 (0x00002f17) auipc   t5, 0x2
core   0: 3 0x80009520 (0x00002f17) x30 0x8000b520
core   0: 0x80009524 (0xae3f2023) sw      gp, -1312(t5)
core   0: 3 0x80009524 (0xae3f2023) mem 0x8000b000 0x00000001
core   0: 0x80009528 (0x0000bfe5) c.j     pc - 8
core   0: 3 0x80009528 (0xbfe5)
core   0: 0x80009520 (0x00002f17) auipc   t5, 0x2
core   0: 3 0x80009520 (0x00002f17) x30 0x8000b520
core   0: 0x80009524 (0xae3f2023) sw      gp, -1312(t5)
core   0: 3 0x80009524 (0xae3f2023) mem 0x8000b000 0x00000001
core   0: 0x80009528 (0x0000bfe5) c.j     pc - 8
core   0: 3 0x80009528 (0xbfe5)
core   0: 0x80009520 (0x00002f17) auipc   t5, 0x2
core   0: 3 0x80009520 (0x00002f17) x30 0x8000b520
core   0: 0x80009524 (0xae3f2023) sw      gp, -1312(t5)
core   0: 3 0x80009524 (0xae3f2023) mem 0x8000b000 0x00000001
core   0: 0x80009528 (0x0000bfe5) c.j     pc - 8
core   0: 3 0x80009528 (0xbfe5)
core   0: 0x80009520 (0x00002f17) auipc   t5, 0x2
core   0: 3 0x80009520 (0x00002f17) x30 0x8000b520
core   0: 0x80009524 (0xae3f2023) sw      gp, -1312(t5)
core   0: 3 0x80009524 (0xae3f2023) mem 0x8000b000 0x00000001
core   0: 0x80009528 (0x0000bfe5) c.j     pc - 8
core   0: 3 0x80009528 (0xbfe5)
core   0: 0x80009520 (0x00002f17) auipc   t5, 0x2
core   0: 3 0x80009520 (0x00002f17) x30 0x8000b520
core   0: 0x80009524 (0xae3f2023) sw      gp, -1312(t5)
core   0: 3 0x80009524 (0xae3f2023) mem 0x8000b000 0x00000001
core   0: 0x80009528 (0x0000bfe5) c.j     pc - 8
core   0: 3 0x80009528 (0xbfe5)
core   0: 0x80009520 (0x00002f17) auipc   t5, 0x2
core   0: 3 0x80009520 (0x00002f17) x30 0x8000b520
core   0: 0x80009524 (0xae3f2023) sw      gp, -1312(t5)
core   0: 3 0x80009524 (0xae3f2023) mem 0x8000b000 0x00000001
core   0: 0x80009528 (0x0000bfe5) c.j     pc - 8
core   0: 3 0x80009528 (0xbfe5)
core   0: 0x80009520 (0x00002f17) auipc   t5, 0x2
core   0: 3 0x80009520 (0x00002f17) x30 0x8000b520
core   0: 0x80009524 (0xae3f2023) sw      gp, -1312(t5)
core   0: 3 0x80009524 (0xae3f2023) mem 0x8000b000 0x00000001
core   0: 0x80009528 (0x0000bfe5) c.j     pc - 8
core   0: 3 0x80009528 (0xbfe5)
core   0: 0x80009520 (0x00002f17) auipc   t5, 0x2
core   0: 3 0x80009520 (0x00002f17) x30 0x8000b520
core   0: 0x80009524 (0xae3f2023) sw      gp, -1312(t5)
core   0: 3 0x80009524 (0xae3f2023) mem 0x8000b000 0x00000001
core   0: 0x80009528 (0x0000bfe5) c.j     pc - 8
core   0: 3 0x80009528 (0xbfe5)
core   0: 0x80009520 (0x00002f17) auipc   t5, 0x2
core   0: 3 0x80009520 (0x00002f17) x30 0x8000b520
core   0: 0x80009524 (0xae3f2023) sw      gp, -1312(t5)
core   0: 3 0x80009524 (0xae3f2023) mem 0x8000b000 0x00000001
core   0: 0x80009528 (0x0000bfe5) c.j     pc - 8
core   0: 3 0x80009528 (0xbfe5)
core   0: 0x80009520 (0x00002f17) auipc   t5, 0x2
core   0: 3 0x80009520 (0x00002f17) x30 0x8000b520
core   0: 0x80009524 (0xae3f2023) sw      gp, -1312(t5)
core   0: 3 0x80009524 (0xae3f2023) mem 0x8000b000 0x00000001
core   0: 0x80009528 (0x0000bfe5) c.j     pc - 8
core   0: 3 0x80009528 (0xbfe5)
core   0: 0x80009520 (0x00002f17) auipc   t5, 0x2
core   0: 3 0x80009520 (0x00002f17) x30 0x8000b520
core   0: 0x80009524 (0xae3f2023) sw      gp, -1312(t5)
core   0: 3 0x80009524 (0xae3f2023) mem 0x8000b000 0x00000001
core   0: 0x80009528 (0x0000bfe5) c.j     pc - 8
core   0: 3 0x80009528 (0xbfe5)
core   0: 0x80009520 (0x00002f17) auipc   t5, 0x2
core   0: 3 0x80009520 (0x00002f17) x30 0x8000b520
core   0: 0x80009524 (0xae3f2023) sw      gp, -1312(t5)
core   0: 3 0x80009524 (0xae3f2023) mem 0x8000b000 0x00000001
core   0: 0x80009528 (0x0000bfe5) c.j     pc - 8
core   0: 3 0x80009528 (0xbfe5)
core   0: 0x80009520 (0x00002f17) auipc   t5, 0x2
core   0: 3 0x80009520 (0x00002f17) x30 0x8000b520
core   0: 0x80009524 (0xae3f2023) sw      gp, -1312(t5)
core   0: 3 0x80009524 (0xae3f2023) mem 0x8000b000 0x00000001
core   0: 0x80009528 (0x0000bfe5) c.j     pc - 8
core   0: 3 0x80009528 (0xbfe5)
core   0: 0x80009520 (0x00002f17) auipc   t5, 0x2
core   0: 3 0x80009520 (0x00002f17) x30 0x8000b520
core   0: 0x80009524 (0xae3f2023) sw      gp, -1312(t5)
core   0: 3 0x80009524 (0xae3f2023) mem 0x8000b000 0x00000001
core   0: 0x80009528 (0x0000bfe5) c.j     pc - 8
core   0: 3 0x80009528 (0xbfe5)
core   0: 0x80009520 (0x00002f17) auipc   t5, 0x2
core   0: 3 0x80009520 (0x00002f17) x30 0x8000b520
core   0: 0x80009524 (0xae3f2023) sw      gp, -1312(t5)
core   0: 3 0x80009524 (0xae3f2023) mem 0x8000b000 0x00000001
core   0: 0x80009528 (0x0000bfe5) c.j     pc - 8
core   0: 3 0x80009528 (0xbfe5)
core   0: 0x80009520 (0x00002f17) auipc   t5, 0x2
core   0: 3 0x80009520 (0x00002f17) x30 0x8000b520
core   0: 0x80009524 (0xae3f2023) sw      gp, -1312(t5)
core   0: 3 0x80009524 (0xae3f2023) mem 0x8000b000 0x00000001
core   0: 0x80009528 (0x0000bfe5) c.j     pc - 8
core   0: 3 0x80009528 (0xbfe5)
core   0: 0x80009520 (0x00002f17) auipc   t5, 0x2
core   0: 3 0x80009520 (0x00002f17) x30 0x8000b520
core   0: 0x80009524 (0xae3f2023) sw      gp, -1312(t5)
core   0: 3 0x80009524 (0xae3f2023) mem 0x8000b000 0x00000001
core   0: 0x80009528 (0x0000bfe5) c.j     pc - 8
core   0: 3 0x80009528 (0xbfe5)
core   0: 0x80009520 (0x00002f17) auipc   t5, 0x2
core   0: 3 0x80009520 (0x00002f17) x30 0x8000b520
core   0: 0x80009524 (0xae3f2023) sw      gp, -1312(t5)
core   0: 3 0x80009524 (0xae3f2023) mem 0x8000b000 0x00000001
core   0: 0x80009528 (0x0000bfe5) c.j     pc - 8
core   0: 3 0x80009528 (0xbfe5)
core   0: 0x80009520 (0x00002f17) auipc   t5, 0x2
core   0: 3 0x80009520 (0x00002f17) x30 0x8000b520
core   0: 0x80009524 (0xae3f2023) sw      gp, -1312(t5)
core   0: 3 0x80009524 (0xae3f2023) mem 0x8000b000 0x00000001
core   0: 0x80009528 (0x0000bfe5) c.j     pc - 8
core   0: 3 0x80009528 (0xbfe5)
core   0: 0x80009520 (0x00002f17) auipc   t5, 0x2
core   0: 3 0x80009520 (0x00002f17) x30 0x8000b520
core   0: 0x80009524 (0xae3f2023) sw      gp, -1312(t5)
core   0: 3 0x80009524 (0xae3f2023) mem 0x8000b000 0x00000001
core   0: 0x80009528 (0x0000bfe5) c.j     pc - 8
core   0: 3 0x80009528 (0xbfe5)
core   0: 0x80009520 (0x00002f17) auipc   t5, 0x2
core   0: 3 0x80009520 (0x00002f17) x30 0x8000b520
core   0: 0x80009524 (0xae3f2023) sw      gp, -1312(t5)
core   0: 3 0x80009524 (0xae3f2023) mem 0x8000b000 0x00000001
core   0: 0x80009528 (0x0000bfe5) c.j     pc - 8
core   0: 3 0x80009528 (0xbfe5)
core   0: 0x80009520 (0x00002f17) auipc   t5, 0x2
core   0: 3 0x80009520 (0x00002f17) x30 0x8000b520
core   0: 0x80009524 (0xae3f2023) sw      gp, -1312(t5)
core   0: 3 0x80009524 (0xae3f2023) mem 0x8000b000 0x00000001
core   0: 0x80009528 (0x0000bfe5) c.j     pc - 8
core   0: 3 0x80009528 (0xbfe5)
core   0: 0x80009520 (0x00002f17) auipc   t5, 0x2
core   0: 3 0x80009520 (0x00002f17) x30 0x8000b520
core   0: 0x80009524 (0xae3f2023) sw      gp, -1312(t5)
core   0: 3 0x80009524 (0xae3f2023) mem 0x8000b000 0x00000001
core   0: 0x80009528 (0x0000bfe5) c.j     pc - 8
core   0: 3 0x80009528 (0xbfe5)
core   0: 0x80009520 (0x00002f17) auipc   t5, 0x2
core   0: 3 0x80009520 (0x00002f17) x30 0x8000b520
core   0: 0x80009524 (0xae3f2023) sw      gp, -1312(t5)
core   0: 3 0x80009524 (0xae3f2023) mem 0x8000b000 0x00000001
core   0: 0x80009528 (0x0000bfe5) c.j     pc - 8
core   0: 3 0x80009528 (0xbfe5)
core   0: 0x80009520 (0x00002f17) auipc   t5, 0x2
core   0: 3 0x80009520 (0x00002f17) x30 0x8000b520
core   0: 0x80009524 (0xae3f2023) sw      gp, -1312(t5)
core   0: 3 0x80009524 (0xae3f2023) mem 0x8000b000 0x00000001
core   0: 0x80009528 (0x0000bfe5) c.j     pc - 8
core   0: 3 0x80009528 (0xbfe5)
core   0: 0x80009520 (0x00002f17) auipc   t5, 0x2
core   0: 3 0x80009520 (0x00002f17) x30 0x8000b520
core   0: 0x80009524 (0xae3f2023) sw      gp, -1312(t5)
core   0: 3 0x80009524 (0xae3f2023) mem 0x8000b000 0x00000001
core   0: 0x80009528 (0x0000bfe5) c.j     pc - 8
core   0: 3 0x80009528 (0xbfe5)
core   0: 0x80009520 (0x00002f17) auipc   t5, 0x2
core   0: 3 0x80009520 (0x00002f17) x30 0x8000b520
core   0: 0x80009524 (0xae3f2023) sw      gp, -1312(t5)
core   0: 3 0x80009524 (0xae3f2023) mem 0x8000b000 0x00000001
core   0: 0x80009528 (0x0000bfe5) c.j     pc - 8
core   0: 3 0x80009528 (0xbfe5)
core   0: 0x80009520 (0x00002f17) auipc   t5, 0x2
core   0: 3 0x80009520 (0x00002f17) x30 0x8000b520
core   0: 0x80009524 (0xae3f2023) sw      gp, -1312(t5)
core   0: 3 0x80009524 (0xae3f2023) mem 0x8000b000 0x00000001
core   0: 0x80009528 (0x0000bfe5) c.j     pc - 8
core   0: 3 0x80009528 (0xbfe5)
core   0: 0x80009520 (0x00002f17) auipc   t5, 0x2
core   0: 3 0x80009520 (0x00002f17) x30 0x8000b520
core   0: 0x80009524 (0xae3f2023) sw      gp, -1312(t5)
core   0: 3 0x80009524 (0xae3f2023) mem 0x8000b000 0x00000001
core   0: 0x80009528 (0x0000bfe5) c.j     pc - 8
core   0: 3 0x80009528 (0xbfe5)
core   0: 0x80009520 (0x00002f17) auipc   t5, 0x2
core   0: 3 0x80009520 (0x00002f17) x30 0x8000b520
core   0: 0x80009524 (0xae3f2023) sw      gp, -1312(t5)
core   0: 3 0x80009524 (0xae3f2023) mem 0x8000b000 0x00000001
core   0: 0x80009528 (0x0000bfe5) c.j     pc - 8
core   0: 3 0x80009528 (0xbfe5)
core   0: 0x80009520 (0x00002f17) auipc   t5, 0x2
core   0: 3 0x80009520 (0x00002f17) x30 0x8000b520
core   0: 0x80009524 (0xae3f2023) sw      gp, -1312(t5)
core   0: 3 0x80009524 (0xae3f2023) mem 0x8000b000 0x00000001
core   0: 0x80009528 (0x0000bfe5) c.j     pc - 8
core   0: 3 0x80009528 (0xbfe5)
core   0: 0x80009520 (0x00002f17) auipc   t5, 0x2
core   0: 3 0x80009520 (0x00002f17) x30 0x8000b520
core   0: 0x80009524 (0xae3f2023) sw      gp, -1312(t5)
core   0: 3 0x80009524 (0xae3f2023) mem 0x8000b000 0x00000001
core   0: 0x80009528 (0x0000bfe5) c.j     pc - 8
core   0: 3 0x80009528 (0xbfe5)
core   0: 0x80009520 (0x00002f17) auipc   t5, 0x2
core   0: 3 0x80009520 (0x00002f17) x30 0x8000b520
core   0: 0x80009524 (0xae3f2023) sw      gp, -1312(t5)
core   0: 3 0x80009524 (0xae3f2023) mem 0x8000b000 0x00000001
core   0: 0x80009528 (0x0000bfe5) c.j     pc - 8
core   0: 3 0x80009528 (0xbfe5)
core   0: 0x80009520 (0x00002f17) auipc   t5, 0x2
core   0: 3 0x80009520 (0x00002f17) x30 0x8000b520
core   0: 0x80009524 (0xae3f2023) sw      gp, -1312(t5)
core   0: 3 0x80009524 (0xae3f2023) mem 0x8000b000 0x00000001
core   0: 0x80009528 (0x0000bfe5) c.j     pc - 8
core   0: 3 0x80009528 (0xbfe5)
core   0: 0x80009520 (0x00002f17) auipc   t5, 0x2
core   0: 3 0x80009520 (0x00002f17) x30 0x8000b520
core   0: 0x80009524 (0xae3f2023) sw      gp, -1312(t5)
core   0: 3 0x80009524 (0xae3f2023) mem 0x8000b000 0x00000001
core   0: 0x80009528 (0x0000bfe5) c.j     pc - 8
core   0: 3 0x80009528 (0xbfe5)
core   0: 0x80009520 (0x00002f17) auipc   t5, 0x2
core   0: 3 0x80009520 (0x00002f17) x30 0x8000b520
core   0: 0x80009524 (0xae3f2023) sw      gp, -1312(t5)
core   0: 3 0x80009524 (0xae3f2023) mem 0x8000b000 0x00000001
core   0: 0x80009528 (0x0000bfe5) c.j     pc - 8
core   0: 3 0x80009528 (0xbfe5)
core   0: 0x80009520 (0x00002f17) auipc   t5, 0x2
core   0: 3 0x80009520 (0x00002f17) x30 0x8000b520
core   0: 0x80009524 (0xae3f2023) sw      gp, -1312(t5)
core   0: 3 0x80009524 (0xae3f2023) mem 0x8000b000 0x00000001
core   0: 0x80009528 (0x0000bfe5) c.j     pc - 8
core   0: 3 0x80009528 (0xbfe5)
core   0: 0x80009520 (0x00002f17) auipc   t5, 0x2
core   0: 3 0x80009520 (0x00002f17) x30 0x8000b520
core   0: 0x80009524 (0xae3f2023) sw      gp, -1312(t5)
core   0: 3 0x80009524 (0xae3f2023) mem 0x8000b000 0x00000001
core   0: 0x80009528 (0x0000bfe5) c.j     pc - 8
core   0: 3 0x80009528 (0xbfe5)
core   0: 0x80009520 (0x00002f17) auipc   t5, 0x2
core   0: 3 0x80009520 (0x00002f17) x30 0x8000b520
core   0: 0x80009524 (0xae3f2023) sw      gp, -1312(t5)
core   0: 3 0x80009524 (0xae3f2023) mem 0x8000b000 0x00000001
core   0: 0x80009528 (0x0000bfe5) c.j     pc - 8
core   0: 3 0x80009528 (0xbfe5)
core   0: 0x80009520 (0x00002f17) auipc   t5, 0x2
core   0: 3 0x80009520 (0x00002f17) x30 0x8000b520
core   0: 0x80009524 (0xae3f2023) sw      gp, -1312(t5)
core   0: 3 0x80009524 (0xae3f2023) mem 0x8000b000 0x00000001
core   0: 0x80009528 (0x0000bfe5) c.j     pc - 8
core   0: 3 0x80009528 (0xbfe5)
core   0: 0x80009520 (0x00002f17) auipc   t5, 0x2
core   0: 3 0x80009520 (0x00002f17) x30 0x8000b520
core   0: 0x80009524 (0xae3f2023) sw      gp, -1312(t5)
core   0: 3 0x80009524 (0xae3f2023) mem 0x8000b000 0x00000001
core   0: 0x80009528 (0x0000bfe5) c.j     pc - 8
core   0: 3 0x80009528 (0xbfe5)
core   0: 0x80009520 (0x00002f17) auipc   t5, 0x2
core   0: 3 0x80009520 (0x00002f17) x30 0x8000b520
core   0: 0x80009524 (0xae3f2023) sw      gp, -1312(t5)
core   0: 3 0x80009524 (0xae3f2023) mem 0x8000b000 0x00000001
core   0: 0x80009528 (0x0000bfe5) c.j     pc - 8
core   0: 3 0x80009528 (0xbfe5)
core   0: 0x80009520 (0x00002f17) auipc   t5, 0x2
core   0: 3 0x80009520 (0x00002f17) x30 0x8000b520
core   0: 0x80009524 (0xae3f2023) sw      gp, -1312(t5)
core   0: 3 0x80009524 (0xae3f2023) mem 0x8000b000 0x00000001
core   0: 0x80009528 (0x0000bfe5) c.j     pc - 8
core   0: 3 0x80009528 (0xbfe5)
core   0: 0x80009520 (0x00002f17) auipc   t5, 0x2
core   0: 3 0x80009520 (0x00002f17) x30 0x8000b520
core   0: 0x80009524 (0xae3f2023) sw      gp, -1312(t5)
core   0: 3 0x80009524 (0xae3f2023) mem 0x8000b000 0x00000001
core   0: 0x80009528 (0x0000bfe5) c.j     pc - 8
core   0: 3 0x80009528 (0xbfe5)
core   0: 0x80009520 (0x00002f17) auipc   t5, 0x2
core   0: 3 0x80009520 (0x00002f17) x30 0x8000b520
core   0: 0x80009524 (0xae3f2023) sw      gp, -1312(t5)
core   0: 3 0x80009524 (0xae3f2023) mem 0x8000b000 0x00000001
core   0: 0x80009528 (0x0000bfe5) c.j     pc - 8
core   0: 3 0x80009528 (0xbfe5)
core   0: 0x80009520 (0x00002f17) auipc   t5, 0x2
core   0: 3 0x80009520 (0x00002f17) x30 0x8000b520
core   0: 0x80009524 (0xae3f2023) sw      gp, -1312(t5)
core   0: 3 0x80009524 (0xae3f2023) mem 0x8000b000 0x00000001
core   0: 0x80009528 (0x0000bfe5) c.j     pc - 8
core   0: 3 0x80009528 (0xbfe5)
core   0: 0x80009520 (0x00002f17) auipc   t5, 0x2
core   0: 3 0x80009520 (0x00002f17) x30 0x8000b520
core   0: 0x80009524 (0xae3f2023) sw      gp, -1312(t5)
core   0: 3 0x80009524 (0xae3f2023) mem 0x8000b000 0x00000001
core   0: 0x80009528 (0x0000bfe5) c.j     pc - 8
core   0: 3 0x80009528 (0xbfe5)
core   0: 0x80009520 (0x00002f17) auipc   t5, 0x2
core   0: 3 0x80009520 (0x00002f17) x30 0x8000b520
core   0: 0x80009524 (0xae3f2023) sw      gp, -1312(t5)
core   0: 3 0x80009524 (0xae3f2023) mem 0x8000b000 0x00000001
core   0: 0x80009528 (0x0000bfe5) c.j     pc - 8
core   0: 3 0x80009528 (0xbfe5)
core   0: 0x80009520 (0x00002f17) auipc   t5, 0x2
core   0: 3 0x80009520 (0x00002f17) x30 0x8000b520
core   0: 0x80009524 (0xae3f2023) sw      gp, -1312(t5)
core   0: 3 0x80009524 (0xae3f2023) mem 0x8000b000 0x00000001
core   0: 0x80009528 (0x0000bfe5) c.j     pc - 8
core   0: 3 0x80009528 (0xbfe5)
core   0: 0x80009520 (0x00002f17) auipc   t5, 0x2
core   0: 3 0x80009520 (0x00002f17) x30 0x8000b520
core   0: 0x80009524 (0xae3f2023) sw      gp, -1312(t5)
core   0: 3 0x80009524 (0xae3f2023) mem 0x8000b000 0x00000001
core   0: 0x80009528 (0x0000bfe5) c.j     pc - 8
core   0: 3 0x80009528 (0xbfe5)
core   0: 0x80009520 (0x00002f17) auipc   t5, 0x2
core   0: 3 0x80009520 (0x00002f17) x30 0x8000b520
core   0: 0x80009524 (0xae3f2023) sw      gp, -1312(t5)
core   0: 3 0x80009524 (0xae3f2023) mem 0x8000b000 0x00000001
core   0: 0x80009528 (0x0000bfe5) c.j     pc - 8
core   0: 3 0x80009528 (0xbfe5)
core   0: 0x80009520 (0x00002f17) auipc   t5, 0x2
core   0: 3 0x80009520 (0x00002f17) x30 0x8000b520
core   0: 0x80009524 (0xae3f2023) sw      gp, -1312(t5)
core   0: 3 0x80009524 (0xae3f2023) mem 0x8000b000 0x00000001
core   0: 0x80009528 (0x0000bfe5) c.j     pc - 8
core   0: 3 0x80009528 (0xbfe5)
core   0: 0x80009520 (0x00002f17) auipc   t5, 0x2
core   0: 3 0x80009520 (0x00002f17) x30 0x8000b520
core   0: 0x80009524 (0xae3f2023) sw      gp, -1312(t5)
core   0: 3 0x80009524 (0xae3f2023) mem 0x8000b000 0x00000001
core   0: 0x80009528 (0x0000bfe5) c.j     pc - 8
core   0: 3 0x80009528 (0xbfe5)
core   0: 0x80009520 (0x00002f17) auipc   t5, 0x2
core   0: 3 0x80009520 (0x00002f17) x30 0x8000b520
core   0: 0x80009524 (0xae3f2023) sw      gp, -1312(t5)
core   0: 3 0x80009524 (0xae3f2023) mem 0x8000b000 0x00000001
core   0: 0x80009528 (0x0000bfe5) c.j     pc - 8
core   0: 3 0x80009528 (0xbfe5)
core   0: 0x80009520 (0x00002f17) auipc   t5, 0x2
core   0: 3 0x80009520 (0x00002f17) x30 0x8000b520
core   0: 0x80009524 (0xae3f2023) sw      gp, -1312(t5)
core   0: 3 0x80009524 (0xae3f2023) mem 0x8000b000 0x00000001
core   0: 0x80009528 (0x0000bfe5) c.j     pc - 8
core   0: 3 0x80009528 (0xbfe5)
core   0: 0x80009520 (0x00002f17) auipc   t5, 0x2
core   0: 3 0x80009520 (0x00002f17) x30 0x8000b520
core   0: 0x80009524 (0xae3f2023) sw      gp, -1312(t5)
core   0: 3 0x80009524 (0xae3f2023) mem 0x8000b000 0x00000001
core   0: 0x80009528 (0x0000bfe5) c.j     pc - 8
core   0: 3 0x80009528 (0xbfe5)
core   0: 0x80009520 (0x00002f17) auipc   t5, 0x2
core   0: 3 0x80009520 (0x00002f17) x30 0x8000b520
core   0: 0x80009524 (0xae3f2023) sw      gp, -1312(t5)
core   0: 3 0x80009524 (0xae3f2023) mem 0x8000b000 0x00000001
core   0: 0x80009528 (0x0000bfe5) c.j     pc - 8
core   0: 3 0x80009528 (0xbfe5)
core   0: 0x80009520 (0x00002f17) auipc   t5, 0x2
core   0: 3 0x80009520 (0x00002f17) x30 0x8000b520
core   0: 0x80009524 (0xae3f2023) sw      gp, -1312(t5)
core   0: 3 0x80009524 (0xae3f2023) mem 0x8000b000 0x00000001
core   0: 0x80009528 (0x0000bfe5) c.j     pc - 8
core   0: 3 0x80009528 (0xbfe5)
core   0: 0x80009520 (0x00002f17) auipc   t5, 0x2
core   0: 3 0x80009520 (0x00002f17) x30 0x8000b520
core   0: 0x80009524 (0xae3f2023) sw      gp, -1312(t5)
core   0: 3 0x80009524 (0xae3f2023) mem 0x8000b000 0x00000001
core   0: 0x80009528 (0x0000bfe5) c.j     pc - 8
core   0: 3 0x80009528 (0xbfe5)
core   0: 0x80009520 (0x00002f17) auipc   t5, 0x2
core   0: 3 0x80009520 (0x00002f17) x30 0x8000b520
core   0: 0x80009524 (0xae3f2023) sw      gp, -1312(t5)
core   0: 3 0x80009524 (0xae3f2023) mem 0x8000b000 0x00000001
core   0: 0x80009528 (0x0000bfe5) c.j     pc - 8
core   0: 3 0x80009528 (0xbfe5)
core   0: 0x80009520 (0x00002f17) auipc   t5, 0x2
core   0: 3 0x80009520 (0x00002f17) x30 0x8000b520
core   0: 0x80009524 (0xae3f2023) sw      gp, -1312(t5)
core   0: 3 0x80009524 (0xae3f2023) mem 0x8000b000 0x00000001
core   0: 0x80009528 (0x0000bfe5) c.j     pc - 8
core   0: 3 0x80009528 (0xbfe5)
core   0: 0x80009520 (0x00002f17) auipc   t5, 0x2
core   0: 3 0x80009520 (0x00002f17) x30 0x8000b520
core   0: 0x80009524 (0xae3f2023) sw      gp, -1312(t5)
core   0: 3 0x80009524 (0xae3f2023) mem 0x8000b000 0x00000001
core   0: 0x80009528 (0x0000bfe5) c.j     pc - 8
core   0: 3 0x80009528 (0xbfe5)
core   0: 0x80009520 (0x00002f17) auipc   t5, 0x2
core   0: 3 0x80009520 (0x00002f17) x30 0x8000b520
core   0: 0x80009524 (0xae3f2023) sw      gp, -1312(t5)
core   0: 3 0x80009524 (0xae3f2023) mem 0x8000b000 0x00000001
core   0: 0x80009528 (0x0000bfe5) c.j     pc - 8
core   0: 3 0x80009528 (0xbfe5)
core   0: 0x80009520 (0x00002f17) auipc   t5, 0x2
core   0: 3 0x80009520 (0x00002f17) x30 0x8000b520
core   0: 0x80009524 (0xae3f2023) sw      gp, -1312(t5)
core   0: 3 0x80009524 (0xae3f2023) mem 0x8000b000 0x00000001
core   0: 0x80009528 (0x0000bfe5) c.j     pc - 8
core   0: 3 0x80009528 (0xbfe5)
core   0: 0x80009520 (0x00002f17) auipc   t5, 0x2
core   0: 3 0x80009520 (0x00002f17) x30 0x8000b520
core   0: 0x80009524 (0xae3f2023) sw      gp, -1312(t5)
core   0: 3 0x80009524 (0xae3f2023) mem 0x8000b000 0x00000001
core   0: 0x80009528 (0x0000bfe5) c.j     pc - 8
core   0: 3 0x80009528 (0xbfe5)
core   0: 0x80009520 (0x00002f17) auipc   t5, 0x2
core   0: 3 0x80009520 (0x00002f17) x30 0x8000b520
core   0: 0x80009524 (0xae3f2023) sw      gp, -1312(t5)
core   0: 3 0x80009524 (0xae3f2023) mem 0x8000b000 0x00000001
core   0: 0x80009528 (0x0000bfe5) c.j     pc - 8
core   0: 3 0x80009528 (0xbfe5)
core   0: 0x80009520 (0x00002f17) auipc   t5, 0x2
core   0: 3 0x80009520 (0x00002f17) x30 0x8000b520
core   0: 0x80009524 (0xae3f2023) sw      gp, -1312(t5)
core   0: 3 0x80009524 (0xae3f2023) mem 0x8000b000 0x00000001
core   0: 0x80009528 (0x0000bfe5) c.j     pc - 8
core   0: 3 0x80009528 (0xbfe5)
core   0: 0x80009520 (0x00002f17) auipc   t5, 0x2
core   0: 3 0x80009520 (0x00002f17) x30 0x8000b520
core   0: 0x80009524 (0xae3f2023) sw      gp, -1312(t5)
core   0: 3 0x80009524 (0xae3f2023) mem 0x8000b000 0x00000001
core   0: 0x80009528 (0x0000bfe5) c.j     pc - 8
core   0: 3 0x80009528 (0xbfe5)
core   0: 0x80009520 (0x00002f17) auipc   t5, 0x2
core   0: 3 0x80009520 (0x00002f17) x30 0x8000b520
core   0: 0x80009524 (0xae3f2023) sw      gp, -1312(t5)
core   0: 3 0x80009524 (0xae3f2023) mem 0x8000b000 0x00000001
core   0: 0x80009528 (0x0000bfe5) c.j     pc - 8
core   0: 3 0x80009528 (0xbfe5)
core   0: 0x80009520 (0x00002f17) auipc   t5, 0x2
core   0: 3 0x80009520 (0x00002f17) x30 0x8000b520
core   0: 0x80009524 (0xae3f2023) sw      gp, -1312(t5)
core   0: 3 0x80009524 (0xae3f2023) mem 0x8000b000 0x00000001
core   0: 0x80009528 (0x0000bfe5) c.j     pc - 8
core   0: 3 0x80009528 (0xbfe5)
core   0: 0x80009520 (0x00002f17) auipc   t5, 0x2
core   0: 3 0x80009520 (0x00002f17) x30 0x8000b520
core   0: 0x80009524 (0xae3f2023) sw      gp, -1312(t5)
core   0: 3 0x80009524 (0xae3f2023) mem 0x8000b000 0x00000001
core   0: 0x80009528 (0x0000bfe5) c.j     pc - 8
core   0: 3 0x80009528 (0xbfe5)
core   0: 0x80009520 (0x00002f17) auipc   t5, 0x2
core   0: 3 0x80009520 (0x00002f17) x30 0x8000b520
core   0: 0x80009524 (0xae3f2023) sw      gp, -1312(t5)
core   0: 3 0x80009524 (0xae3f2023) mem 0x8000b000 0x00000001
core   0: 0x80009528 (0x0000bfe5) c.j     pc - 8
core   0: 3 0x80009528 (0xbfe5)
core   0: 0x80009520 (0x00002f17) auipc   t5, 0x2
core   0: 3 0x80009520 (0x00002f17) x30 0x8000b520
core   0: 0x80009524 (0xae3f2023) sw      gp, -1312(t5)
core   0: 3 0x80009524 (0xae3f2023) mem 0x8000b000 0x00000001
core   0: 0x80009528 (0x0000bfe5) c.j     pc - 8
core   0: 3 0x80009528 (0xbfe5)
core   0: 0x80009520 (0x00002f17) auipc   t5, 0x2
core   0: 3 0x80009520 (0x00002f17) x30 0x8000b520
core   0: 0x80009524 (0xae3f2023) sw      gp, -1312(t5)
core   0: 3 0x80009524 (0xae3f2023) mem 0x8000b000 0x00000001
core   0: 0x80009528 (0x0000bfe5) c.j     pc - 8
core   0: 3 0x80009528 (0xbfe5)
core   0: 0x80009520 (0x00002f17) auipc   t5, 0x2
core   0: 3 0x80009520 (0x00002f17) x30 0x8000b520
core   0: 0x80009524 (0xae3f2023) sw      gp, -1312(t5)
core   0: 3 0x80009524 (0xae3f2023) mem 0x8000b000 0x00000001
core   0: 0x80009528 (0x0000bfe5) c.j     pc - 8
core   0: 3 0x80009528 (0xbfe5)
core   0: 0x80009520 (0x00002f17) auipc   t5, 0x2
core   0: 3 0x80009520 (0x00002f17) x30 0x8000b520
core   0: 0x80009524 (0xae3f2023) sw      gp, -1312(t5)
core   0: 3 0x80009524 (0xae3f2023) mem 0x8000b000 0x00000001
core   0: 0x80009528 (0x0000bfe5) c.j     pc - 8
core   0: 3 0x80009528 (0xbfe5)
core   0: 0x80009520 (0x00002f17) auipc   t5, 0x2
core   0: 3 0x80009520 (0x00002f17) x30 0x8000b520
core   0: 0x80009524 (0xae3f2023) sw      gp, -1312(t5)
core   0: 3 0x80009524 (0xae3f2023) mem 0x8000b000 0x00000001
core   0: 0x80009528 (0x0000bfe5) c.j     pc - 8
core   0: 3 0x80009528 (0xbfe5)
core   0: 0x80009520 (0x00002f17) auipc   t5, 0x2
core   0: 3 0x80009520 (0x00002f17) x30 0x8000b520
core   0: 0x80009524 (0xae3f2023) sw      gp, -1312(t5)
core   0: 3 0x80009524 (0xae3f2023) mem 0x8000b000 0x00000001
core   0: 0x80009528 (0x0000bfe5) c.j     pc - 8
core   0: 3 0x80009528 (0xbfe5)
core   0: 0x80009520 (0x00002f17) auipc   t5, 0x2
core   0: 3 0x80009520 (0x00002f17) x30 0x8000b520
core   0: 0x80009524 (0xae3f2023) sw      gp, -1312(t5)
core   0: 3 0x80009524 (0xae3f2023) mem 0x8000b000 0x00000001
core   0: 0x80009528 (0x0000bfe5) c.j     pc - 8
core   0: 3 0x80009528 (0xbfe5)
core   0: 0x80009520 (0x00002f17) auipc   t5, 0x2
core   0: 3 0x80009520 (0x00002f17) x30 0x8000b520
core   0: 0x80009524 (0xae3f2023) sw      gp, -1312(t5)
core   0: 3 0x80009524 (0xae3f2023) mem 0x8000b000 0x00000001
core   0: 0x80009528 (0x0000bfe5) c.j     pc - 8
core   0: 3 0x80009528 (0xbfe5)
core   0: 0x80009520 (0x00002f17) auipc   t5, 0x2
core   0: 3 0x80009520 (0x00002f17) x30 0x8000b520
core   0: 0x80009524 (0xae3f2023) sw      gp, -1312(t5)
core   0: 3 0x80009524 (0xae3f2023) mem 0x8000b000 0x00000001
core   0: 0x80009528 (0x0000bfe5) c.j     pc - 8
core   0: 3 0x80009528 (0xbfe5)
core   0: 0x80009520 (0x00002f17) auipc   t5, 0x2
core   0: 3 0x80009520 (0x00002f17) x30 0x8000b520
core   0: 0x80009524 (0xae3f2023) sw      gp, -1312(t5)
core   0: 3 0x80009524 (0xae3f2023) mem 0x8000b000 0x00000001
core   0: 0x80009528 (0x0000bfe5) c.j     pc - 8
core   0: 3 0x80009528 (0xbfe5)
core   0: 0x80009520 (0x00002f17) auipc   t5, 0x2
core   0: 3 0x80009520 (0x00002f17) x30 0x8000b520
core   0: 0x80009524 (0xae3f2023) sw      gp, -1312(t5)
core   0: 3 0x80009524 (0xae3f2023) mem 0x8000b000 0x00000001
core   0: 0x80009528 (0x0000bfe5) c.j     pc - 8
core   0: 3 0x80009528 (0xbfe5)
core   0: 0x80009520 (0x00002f17) auipc   t5, 0x2
core   0: 3 0x80009520 (0x00002f17) x30 0x8000b520
core   0: 0x80009524 (0xae3f2023) sw      gp, -1312(t5)
core   0: 3 0x80009524 (0xae3f2023) mem 0x8000b000 0x00000001
core   0: 0x80009528 (0x0000bfe5) c.j     pc - 8
core   0: 3 0x80009528 (0xbfe5)
core   0: 0x80009520 (0x00002f17) auipc   t5, 0x2
core   0: 3 0x80009520 (0x00002f17) x30 0x8000b520
core   0: 0x80009524 (0xae3f2023) sw      gp, -1312(t5)
core   0: 3 0x80009524 (0xae3f2023) mem 0x8000b000 0x00000001
core   0: 0x80009528 (0x0000bfe5) c.j     pc - 8
core   0: 3 0x80009528 (0xbfe5)
core   0: 0x80009520 (0x00002f17) auipc   t5, 0x2
core   0: 3 0x80009520 (0x00002f17) x30 0x8000b520
core   0: 0x80009524 (0xae3f2023) sw      gp, -1312(t5)
core   0: 3 0x80009524 (0xae3f2023) mem 0x8000b000 0x00000001
core   0: 0x80009528 (0x0000bfe5) c.j     pc - 8
core   0: 3 0x80009528 (0xbfe5)
core   0: 0x80009520 (0x00002f17) auipc   t5, 0x2
core   0: 3 0x80009520 (0x00002f17) x30 0x8000b520
core   0: 0x80009524 (0xae3f2023) sw      gp, -1312(t5)
core   0: 3 0x80009524 (0xae3f2023) mem 0x8000b000 0x00000001
core   0: 0x80009528 (0x0000bfe5) c.j     pc - 8
core   0: 3 0x80009528 (0xbfe5)
core   0: 0x80009520 (0x00002f17) auipc   t5, 0x2
core   0: 3 0x80009520 (0x00002f17) x30 0x8000b520
core   0: 0x80009524 (0xae3f2023) sw      gp, -1312(t5)
core   0: 3 0x80009524 (0xae3f2023) mem 0x8000b000 0x00000001
core   0: 0x80009528 (0x0000bfe5) c.j     pc - 8
core   0: 3 0x80009528 (0xbfe5)
core   0: 0x80009520 (0x00002f17) auipc   t5, 0x2
core   0: 3 0x80009520 (0x00002f17) x30 0x8000b520
core   0: 0x80009524 (0xae3f2023) sw      gp, -1312(t5)
core   0: 3 0x80009524 (0xae3f2023) mem 0x8000b000 0x00000001
core   0: 0x80009528 (0x0000bfe5) c.j     pc - 8
core   0: 3 0x80009528 (0xbfe5)
core   0: 0x80009520 (0x00002f17) auipc   t5, 0x2
core   0: 3 0x80009520 (0x00002f17) x30 0x8000b520
core   0: 0x80009524 (0xae3f2023) sw      gp, -1312(t5)
core   0: 3 0x80009524 (0xae3f2023) mem 0x8000b000 0x00000001
core   0: 0x80009528 (0x0000bfe5) c.j     pc - 8
core   0: 3 0x80009528 (0xbfe5)
core   0: 0x80009520 (0x00002f17) auipc   t5, 0x2
core   0: 3 0x80009520 (0x00002f17) x30 0x8000b520
core   0: 0x80009524 (0xae3f2023) sw      gp, -1312(t5)
core   0: 3 0x80009524 (0xae3f2023) mem 0x8000b000 0x00000001
core   0: 0x80009528 (0x0000bfe5) c.j     pc - 8
core   0: 3 0x80009528 (0xbfe5)
core   0: 0x80009520 (0x00002f17) auipc   t5, 0x2
core   0: 3 0x80009520 (0x00002f17) x30 0x8000b520
core   0: 0x80009524 (0xae3f2023) sw      gp, -1312(t5)
core   0: 3 0x80009524 (0xae3f2023) mem 0x8000b000 0x00000001
core   0: 0x80009528 (0x0000bfe5) c.j     pc - 8
core   0: 3 0x80009528 (0xbfe5)
core   0: 0x80009520 (0x00002f17) auipc   t5, 0x2
core   0: 3 0x80009520 (0x00002f17) x30 0x8000b520
core   0: 0x80009524 (0xae3f2023) sw      gp, -1312(t5)
core   0: 3 0x80009524 (0xae3f2023) mem 0x8000b000 0x00000001
core   0: 0x80009528 (0x0000bfe5) c.j     pc - 8
core   0: 3 0x80009528 (0xbfe5)
core   0: 0x80009520 (0x00002f17) auipc   t5, 0x2
core   0: 3 0x80009520 (0x00002f17) x30 0x8000b520
core   0: 0x80009524 (0xae3f2023) sw      gp, -1312(t5)
core   0: 3 0x80009524 (0xae3f2023) mem 0x8000b000 0x00000001
core   0: 0x80009528 (0x0000bfe5) c.j     pc - 8
core   0: 3 0x80009528 (0xbfe5)
core   0: 0x80009520 (0x00002f17) auipc   t5, 0x2
core   0: 3 0x80009520 (0x00002f17) x30 0x8000b520
core   0: 0x80009524 (0xae3f2023) sw      gp, -1312(t5)
core   0: 3 0x80009524 (0xae3f2023) mem 0x8000b000 0x00000001
core   0: 0x80009528 (0x0000bfe5) c.j     pc - 8
core   0: 3 0x80009528 (0xbfe5)
core   0: 0x80009520 (0x00002f17) auipc   t5, 0x2
core   0: 3 0x80009520 (0x00002f17) x30 0x8000b520
core   0: 0x80009524 (0xae3f2023) sw      gp, -1312(t5)
core   0: 3 0x80009524 (0xae3f2023) mem 0x8000b000 0x00000001
core   0: 0x80009528 (0x0000bfe5) c.j     pc - 8
core   0: 3 0x80009528 (0xbfe5)
core   0: 0x80009520 (0x00002f17) auipc   t5, 0x2
core   0: 3 0x80009520 (0x00002f17) x30 0x8000b520
core   0: 0x80009524 (0xae3f2023) sw      gp, -1312(t5)
core   0: 3 0x80009524 (0xae3f2023) mem 0x8000b000 0x00000001
core   0: 0x80009528 (0x0000bfe5) c.j     pc - 8
core   0: 3 0x80009528 (0xbfe5)
core   0: 0x80009520 (0x00002f17) auipc   t5, 0x2
core   0: 3 0x80009520 (0x00002f17) x30 0x8000b520
core   0: 0x80009524 (0xae3f2023) sw      gp, -1312(t5)
core   0: 3 0x80009524 (0xae3f2023) mem 0x8000b000 0x00000001
core   0: 0x80009528 (0x0000bfe5) c.j     pc - 8
core   0: 3 0x80009528 (0xbfe5)
core   0: 0x80009520 (0x00002f17) auipc   t5, 0x2
core   0: 3 0x80009520 (0x00002f17) x30 0x8000b520
core   0: 0x80009524 (0xae3f2023) sw      gp, -1312(t5)
core   0: 3 0x80009524 (0xae3f2023) mem 0x8000b000 0x00000001
core   0: 0x80009528 (0x0000bfe5) c.j     pc - 8
core   0: 3 0x80009528 (0xbfe5)
core   0: 0x80009520 (0x00002f17) auipc   t5, 0x2
core   0: 3 0x80009520 (0x00002f17) x30 0x8000b520
core   0: 0x80009524 (0xae3f2023) sw      gp, -1312(t5)
core   0: 3 0x80009524 (0xae3f2023) mem 0x8000b000 0x00000001
core   0: 0x80009528 (0x0000bfe5) c.j     pc - 8
core   0: 3 0x80009528 (0xbfe5)
core   0: 0x80009520 (0x00002f17) auipc   t5, 0x2
core   0: 3 0x80009520 (0x00002f17) x30 0x8000b520
core   0: 0x80009524 (0xae3f2023) sw      gp, -1312(t5)
core   0: 3 0x80009524 (0xae3f2023) mem 0x8000b000 0x00000001
core   0: 0x80009528 (0x0000bfe5) c.j     pc - 8
core   0: 3 0x80009528 (0xbfe5)
core   0: 0x80009520 (0x00002f17) auipc   t5, 0x2
core   0: 3 0x80009520 (0x00002f17) x30 0x8000b520
core   0: 0x80009524 (0xae3f2023) sw      gp, -1312(t5)
core   0: 3 0x80009524 (0xae3f2023) mem 0x8000b000 0x00000001
core   0: 0x80009528 (0x0000bfe5) c.j     pc - 8
core   0: 3 0x80009528 (0xbfe5)
core   0: 0x80009520 (0x00002f17) auipc   t5, 0x2
core   0: 3 0x80009520 (0x00002f17) x30 0x8000b520
core   0: 0x80009524 (0xae3f2023) sw      gp, -1312(t5)
core   0: 3 0x80009524 (0xae3f2023) mem 0x8000b000 0x00000001
core   0: 0x80009528 (0x0000bfe5) c.j     pc - 8
core   0: 3 0x80009528 (0xbfe5)
core   0: 0x80009520 (0x00002f17) auipc   t5, 0x2
core   0: 3 0x80009520 (0x00002f17) x30 0x8000b520
core   0: 0x80009524 (0xae3f2023) sw      gp, -1312(t5)
core   0: 3 0x80009524 (0xae3f2023) mem 0x8000b000 0x00000001
core   0: 0x80009528 (0x0000bfe5) c.j     pc - 8
core   0: 3 0x80009528 (0xbfe5)
core   0: 0x80009520 (0x00002f17) auipc   t5, 0x2
core   0: 3 0x80009520 (0x00002f17) x30 0x8000b520
core   0: 0x80009524 (0xae3f2023) sw      gp, -1312(t5)
core   0: 3 0x80009524 (0xae3f2023) mem 0x8000b000 0x00000001
core   0: 0x80009528 (0x0000bfe5) c.j     pc - 8
core   0: 3 0x80009528 (0xbfe5)
core   0: 0x80009520 (0x00002f17) auipc   t5, 0x2
core   0: 3 0x80009520 (0x00002f17) x30 0x8000b520
core   0: 0x80009524 (0xae3f2023) sw      gp, -1312(t5)
core   0: 3 0x80009524 (0xae3f2023) mem 0x8000b000 0x00000001
core   0: 0x80009528 (0x0000bfe5) c.j     pc - 8
core   0: 3 0x80009528 (0xbfe5)
core   0: 0x80009520 (0x00002f17) auipc   t5, 0x2
core   0: 3 0x80009520 (0x00002f17) x30 0x8000b520
core   0: 0x80009524 (0xae3f2023) sw      gp, -1312(t5)
core   0: 3 0x80009524 (0xae3f2023) mem 0x8000b000 0x00000001
core   0: 0x80009528 (0x0000bfe5) c.j     pc - 8
core   0: 3 0x80009528 (0xbfe5)
core   0: 0x80009520 (0x00002f17) auipc   t5, 0x2
core   0: 3 0x80009520 (0x00002f17) x30 0x8000b520
core   0: 0x80009524 (0xae3f2023) sw      gp, -1312(t5)
core   0: 3 0x80009524 (0xae3f2023) mem 0x8000b000 0x00000001
core   0: 0x80009528 (0x0000bfe5) c.j     pc - 8
core   0: 3 0x80009528 (0xbfe5)
core   0: 0x80009520 (0x00002f17) auipc   t5, 0x2
core   0: 3 0x80009520 (0x00002f17) x30 0x8000b520
core   0: 0x80009524 (0xae3f2023) sw      gp, -1312(t5)
core   0: 3 0x80009524 (0xae3f2023) mem 0x8000b000 0x00000001
core   0: 0x80009528 (0x0000bfe5) c.j     pc - 8
core   0: 3 0x80009528 (0xbfe5)
core   0: 0x80009520 (0x00002f17) auipc   t5, 0x2
core   0: 3 0x80009520 (0x00002f17) x30 0x8000b520
core   0: 0x80009524 (0xae3f2023) sw      gp, -1312(t5)
core   0: 3 0x80009524 (0xae3f2023) mem 0x8000b000 0x00000001
core   0: 0x80009528 (0x0000bfe5) c.j     pc - 8
core   0: 3 0x80009528 (0xbfe5)
core   0: 0x80009520 (0x00002f17) auipc   t5, 0x2
core   0: 3 0x80009520 (0x00002f17) x30 0x8000b520
core   0: 0x80009524 (0xae3f2023) sw      gp, -1312(t5)
core   0: 3 0x80009524 (0xae3f2023) mem 0x8000b000 0x00000001
core   0: 0x80009528 (0x0000bfe5) c.j     pc - 8
core   0: 3 0x80009528 (0xbfe5)
core   0: 0x80009520 (0x00002f17) auipc   t5, 0x2
core   0: 3 0x80009520 (0x00002f17) x30 0x8000b520
core   0: 0x80009524 (0xae3f2023) sw      gp, -1312(t5)
core   0: 3 0x80009524 (0xae3f2023) mem 0x8000b000 0x00000001
core   0: 0x80009528 (0x0000bfe5) c.j     pc - 8
core   0: 3 0x80009528 (0xbfe5)
core   0: 0x80009520 (0x00002f17) auipc   t5, 0x2
core   0: 3 0x80009520 (0x00002f17) x30 0x8000b520
core   0: 0x80009524 (0xae3f2023) sw      gp, -1312(t5)
core   0: 3 0x80009524 (0xae3f2023) mem 0x8000b000 0x00000001
core   0: 0x80009528 (0x0000bfe5) c.j     pc - 8
core   0: 3 0x80009528 (0xbfe5)
core   0: 0x80009520 (0x00002f17) auipc   t5, 0x2
core   0: 3 0x80009520 (0x00002f17) x30 0x8000b520
core   0: 0x80009524 (0xae3f2023) sw      gp, -1312(t5)
core   0: 3 0x80009524 (0xae3f2023) mem 0x8000b000 0x00000001
core   0: 0x80009528 (0x0000bfe5) c.j     pc - 8
core   0: 3 0x80009528 (0xbfe5)
core   0: 0x80009520 (0x00002f17) auipc   t5, 0x2
core   0: 3 0x80009520 (0x00002f17) x30 0x8000b520
core   0: 0x80009524 (0xae3f2023) sw      gp, -1312(t5)
core   0: 3 0x80009524 (0xae3f2023) mem 0x8000b000 0x00000001
core   0: 0x80009528 (0x0000bfe5) c.j     pc - 8
core   0: 3 0x80009528 (0xbfe5)
core   0: 0x80009520 (0x00002f17) auipc   t5, 0x2
core   0: 3 0x80009520 (0x00002f17) x30 0x8000b520
core   0: 0x80009524 (0xae3f2023) sw      gp, -1312(t5)
core   0: 3 0x80009524 (0xae3f2023) mem 0x8000b000 0x00000001
core   0: 0x80009528 (0x0000bfe5) c.j     pc - 8
core   0: 3 0x80009528 (0xbfe5)
core   0: 0x80009520 (0x00002f17) auipc   t5, 0x2
core   0: 3 0x80009520 (0x00002f17) x30 0x8000b520
core   0: 0x80009524 (0xae3f2023) sw      gp, -1312(t5)
core   0: 3 0x80009524 (0xae3f2023) mem 0x8000b000 0x00000001
core   0: 0x80009528 (0x0000bfe5) c.j     pc - 8
core   0: 3 0x80009528 (0xbfe5)
core   0: 0x80009520 (0x00002f17) auipc   t5, 0x2
core   0: 3 0x80009520 (0x00002f17) x30 0x8000b520
core   0: 0x80009524 (0xae3f2023) sw      gp, -1312(t5)
core   0: 3 0x80009524 (0xae3f2023) mem 0x8000b000 0x00000001
core   0: 0x80009528 (0x0000bfe5) c.j     pc - 8
core   0: 3 0x80009528 (0xbfe5)
core   0: 0x80009520 (0x00002f17) auipc   t5, 0x2
core   0: 3 0x80009520 (0x00002f17) x30 0x8000b520
core   0: 0x80009524 (0xae3f2023) sw      gp, -1312(t5)
core   0: 3 0x80009524 (0xae3f2023) mem 0x8000b000 0x00000001
core   0: 0x80009528 (0x0000bfe5) c.j     pc - 8
core   0: 3 0x80009528 (0xbfe5)
core   0: 0x80009520 (0x00002f17) auipc   t5, 0x2
core   0: 3 0x80009520 (0x00002f17) x30 0x8000b520
core   0: 0x80009524 (0xae3f2023) sw      gp, -1312(t5)
core   0: 3 0x80009524 (0xae3f2023) mem 0x8000b000 0x00000001
core   0: 0x80009528 (0x0000bfe5) c.j     pc - 8
core   0: 3 0x80009528 (0xbfe5)
core   0: 0x80009520 (0x00002f17) auipc   t5, 0x2
core   0: 3 0x80009520 (0x00002f17) x30 0x8000b520
core   0: 0x80009524 (0xae3f2023) sw      gp, -1312(t5)
core   0: 3 0x80009524 (0xae3f2023) mem 0x8000b000 0x00000001
core   0: 0x80009528 (0x0000bfe5) c.j     pc - 8
core   0: 3 0x80009528 (0xbfe5)
core   0: 0x80009520 (0x00002f17) auipc   t5, 0x2
core   0: 3 0x80009520 (0x00002f17) x30 0x8000b520
core   0: 0x80009524 (0xae3f2023) sw      gp, -1312(t5)
core   0: 3 0x80009524 (0xae3f2023) mem 0x8000b000 0x00000001
core   0: 0x80009528 (0x0000bfe5) c.j     pc - 8
core   0: 3 0x80009528 (0xbfe5)
core   0: 0x80009520 (0x00002f17) auipc   t5, 0x2
core   0: 3 0x80009520 (0x00002f17) x30 0x8000b520
core   0: 0x80009524 (0xae3f2023) sw      gp, -1312(t5)
core   0: 3 0x80009524 (0xae3f2023) mem 0x8000b000 0x00000001
core   0: 0x80009528 (0x0000bfe5) c.j     pc - 8
core   0: 3 0x80009528 (0xbfe5)
core   0: 0x80009520 (0x00002f17) auipc   t5, 0x2
core   0: 3 0x80009520 (0x00002f17) x30 0x8000b520
core   0: 0x80009524 (0xae3f2023) sw      gp, -1312(t5)
core   0: 3 0x80009524 (0xae3f2023) mem 0x8000b000 0x00000001
core   0: 0x80009528 (0x0000bfe5) c.j     pc - 8
core   0: 3 0x80009528 (0xbfe5)
core   0: 0x80009520 (0x00002f17) auipc   t5, 0x2
core   0: 3 0x80009520 (0x00002f17) x30 0x8000b520
core   0: 0x80009524 (0xae3f2023) sw      gp, -1312(t5)
core   0: 3 0x80009524 (0xae3f2023) mem 0x8000b000 0x00000001
core   0: 0x80009528 (0x0000bfe5) c.j     pc - 8
core   0: 3 0x80009528 (0xbfe5)
core   0: 0x80009520 (0x00002f17) auipc   t5, 0x2
core   0: 3 0x80009520 (0x00002f17) x30 0x8000b520
core   0: 0x80009524 (0xae3f2023) sw      gp, -1312(t5)
core   0: 3 0x80009524 (0xae3f2023) mem 0x8000b000 0x00000001
core   0: 0x80009528 (0x0000bfe5) c.j     pc - 8
core   0: 3 0x80009528 (0xbfe5)
core   0: 0x80009520 (0x00002f17) auipc   t5, 0x2
core   0: 3 0x80009520 (0x00002f17) x30 0x8000b520
core   0: 0x80009524 (0xae3f2023) sw      gp, -1312(t5)
core   0: 3 0x80009524 (0xae3f2023) mem 0x8000b000 0x00000001
core   0: 0x80009528 (0x0000bfe5) c.j     pc - 8
core   0: 3 0x80009528 (0xbfe5)
core   0: 0x80009520 (0x00002f17) auipc   t5, 0x2
core   0: 3 0x80009520 (0x00002f17) x30 0x8000b520
core   0: 0x80009524 (0xae3f2023) sw      gp, -1312(t5)
core   0: 3 0x80009524 (0xae3f2023) mem 0x8000b000 0x00000001
core   0: 0x80009528 (0x0000bfe5) c.j     pc - 8
core   0: 3 0x80009528 (0xbfe5)
core   0: 0x80009520 (0x00002f17) auipc   t5, 0x2
core   0: 3 0x80009520 (0x00002f17) x30 0x8000b520
core   0: 0x80009524 (0xae3f2023) sw      gp, -1312(t5)
core   0: 3 0x80009524 (0xae3f2023) mem 0x8000b000 0x00000001
core   0: 0x80009528 (0x0000bfe5) c.j     pc - 8
core   0: 3 0x80009528 (0xbfe5)
core   0: 0x80009520 (0x00002f17) auipc   t5, 0x2
core   0: 3 0x80009520 (0x00002f17) x30 0x8000b520
core   0: 0x80009524 (0xae3f2023) sw      gp, -1312(t5)
core   0: 3 0x80009524 (0xae3f2023) mem 0x8000b000 0x00000001
core   0: 0x80009528 (0x0000bfe5) c.j     pc - 8
core   0: 3 0x80009528 (0xbfe5)
core   0: 0x80009520 (0x00002f17) auipc   t5, 0x2
core   0: 3 0x80009520 (0x00002f17) x30 0x8000b520
core   0: 0x80009524 (0xae3f2023) sw      gp, -1312(t5)
core   0: 3 0x80009524 (0xae3f2023) mem 0x8000b000 0x00000001
core   0: 0x80009528 (0x0000bfe5) c.j     pc - 8
core   0: 3 0x80009528 (0xbfe5)
core   0: 0x80009520 (0x00002f17) auipc   t5, 0x2
core   0: 3 0x80009520 (0x00002f17) x30 0x8000b520
core   0: 0x80009524 (0xae3f2023) sw      gp, -1312(t5)
core   0: 3 0x80009524 (0xae3f2023) mem 0x8000b000 0x00000001
core   0: 0x80009528 (0x0000bfe5) c.j     pc - 8
core   0: 3 0x80009528 (0xbfe5)
core   0: 0x80009520 (0x00002f17) auipc   t5, 0x2
core   0: 3 0x80009520 (0x00002f17) x30 0x8000b520
core   0: 0x80009524 (0xae3f2023) sw      gp, -1312(t5)
core   0: 3 0x80009524 (0xae3f2023) mem 0x8000b000 0x00000001
core   0: 0x80009528 (0x0000bfe5) c.j     pc - 8
core   0: 3 0x80009528 (0xbfe5)
core   0: 0x80009520 (0x00002f17) auipc   t5, 0x2
core   0: 3 0x80009520 (0x00002f17) x30 0x8000b520
core   0: 0x80009524 (0xae3f2023) sw      gp, -1312(t5)
core   0: 3 0x80009524 (0xae3f2023) mem 0x8000b000 0x00000001
core   0: 0x80009528 (0x0000bfe5) c.j     pc - 8
core   0: 3 0x80009528 (0xbfe5)
core   0: 0x80009520 (0x00002f17) auipc   t5, 0x2
core   0: 3 0x80009520 (0x00002f17) x30 0x8000b520
core   0: 0x80009524 (0xae3f2023) sw      gp, -1312(t5)
core   0: 3 0x80009524 (0xae3f2023) mem 0x8000b000 0x00000001
core   0: 0x80009528 (0x0000bfe5) c.j     pc - 8
core   0: 3 0x80009528 (0xbfe5)
core   0: 0x80009520 (0x00002f17) auipc   t5, 0x2
core   0: 3 0x80009520 (0x00002f17) x30 0x8000b520
core   0: 0x80009524 (0xae3f2023) sw      gp, -1312(t5)
core   0: 3 0x80009524 (0xae3f2023) mem 0x8000b000 0x00000001
core   0: 0x80009528 (0x0000bfe5) c.j     pc - 8
core   0: 3 0x80009528 (0xbfe5)
core   0: 0x80009520 (0x00002f17) auipc   t5, 0x2
core   0: 3 0x80009520 (0x00002f17) x30 0x8000b520
core   0: 0x80009524 (0xae3f2023) sw      gp, -1312(t5)
core   0: 3 0x80009524 (0xae3f2023) mem 0x8000b000 0x00000001
core   0: 0x80009528 (0x0000bfe5) c.j     pc - 8
core   0: 3 0x80009528 (0xbfe5)
core   0: 0x80009520 (0x00002f17) auipc   t5, 0x2
core   0: 3 0x80009520 (0x00002f17) x30 0x8000b520
core   0: 0x80009524 (0xae3f2023) sw      gp, -1312(t5)
core   0: 3 0x80009524 (0xae3f2023) mem 0x8000b000 0x00000001
core   0: 0x80009528 (0x0000bfe5) c.j     pc - 8
core   0: 3 0x80009528 (0xbfe5)
core   0: 0x80009520 (0x00002f17) auipc   t5, 0x2
core   0: 3 0x80009520 (0x00002f17) x30 0x8000b520
core   0: 0x80009524 (0xae3f2023) sw      gp, -1312(t5)
core   0: 3 0x80009524 (0xae3f2023) mem 0x8000b000 0x00000001
core   0: 0x80009528 (0x0000bfe5) c.j     pc - 8
core   0: 3 0x80009528 (0xbfe5)
core   0: 0x80009520 (0x00002f17) auipc   t5, 0x2
core   0: 3 0x80009520 (0x00002f17) x30 0x8000b520
core   0: 0x80009524 (0xae3f2023) sw      gp, -1312(t5)
core   0: 3 0x80009524 (0xae3f2023) mem 0x8000b000 0x00000001
core   0: 0x80009528 (0x0000bfe5) c.j     pc - 8
core   0: 3 0x80009528 (0xbfe5)
core   0: 0x80009520 (0x00002f17) auipc   t5, 0x2
core   0: 3 0x80009520 (0x00002f17) x30 0x8000b520
core   0: 0x80009524 (0xae3f2023) sw      gp, -1312(t5)
core   0: 3 0x80009524 (0xae3f2023) mem 0x8000b000 0x00000001
core   0: 0x80009528 (0x0000bfe5) c.j     pc - 8
core   0: 3 0x80009528 (0xbfe5)
core   0: 0x80009520 (0x00002f17) auipc   t5, 0x2
core   0: 3 0x80009520 (0x00002f17) x30 0x8000b520
core   0: 0x80009524 (0xae3f2023) sw      gp, -1312(t5)
core   0: 3 0x80009524 (0xae3f2023) mem 0x8000b000 0x00000001
core   0: 0x80009528 (0x0000bfe5) c.j     pc - 8
core   0: 3 0x80009528 (0xbfe5)
core   0: 0x80009520 (0x00002f17) auipc   t5, 0x2
core   0: 3 0x80009520 (0x00002f17) x30 0x8000b520
core   0: 0x80009524 (0xae3f2023) sw      gp, -1312(t5)
core   0: 3 0x80009524 (0xae3f2023) mem 0x8000b000 0x00000001
core   0: 0x80009528 (0x0000bfe5) c.j     pc - 8
core   0: 3 0x80009528 (0xbfe5)
core   0: 0x80009520 (0x00002f17) auipc   t5, 0x2
core   0: 3 0x80009520 (0x00002f17) x30 0x8000b520
core   0: 0x80009524 (0xae3f2023) sw      gp, -1312(t5)
core   0: 3 0x80009524 (0xae3f2023) mem 0x8000b000 0x00000001
core   0: 0x80009528 (0x0000bfe5) c.j     pc - 8
core   0: 3 0x80009528 (0xbfe5)
core   0: 0x80009520 (0x00002f17) auipc   t5, 0x2
core   0: 3 0x80009520 (0x00002f17) x30 0x8000b520
core   0: 0x80009524 (0xae3f2023) sw      gp, -1312(t5)
core   0: 3 0x80009524 (0xae3f2023) mem 0x8000b000 0x00000001
core   0: 0x80009528 (0x0000bfe5) c.j     pc - 8
core   0: 3 0x80009528 (0xbfe5)
core   0: 0x80009520 (0x00002f17) auipc   t5, 0x2
core   0: 3 0x80009520 (0x00002f17) x30 0x8000b520
core   0: 0x80009524 (0xae3f2023) sw      gp, -1312(t5)
core   0: 3 0x80009524 (0xae3f2023) mem 0x8000b000 0x00000001
core   0: 0x80009528 (0x0000bfe5) c.j     pc - 8
core   0: 3 0x80009528 (0xbfe5)
core   0: 0x80009520 (0x00002f17) auipc   t5, 0x2
core   0: 3 0x80009520 (0x00002f17) x30 0x8000b520
core   0: 0x80009524 (0xae3f2023) sw      gp, -1312(t5)
core   0: 3 0x80009524 (0xae3f2023) mem 0x8000b000 0x00000001
core   0: 0x80009528 (0x0000bfe5) c.j     pc - 8
core   0: 3 0x80009528 (0xbfe5)
core   0: 0x80009520 (0x00002f17) auipc   t5, 0x2
core   0: 3 0x80009520 (0x00002f17) x30 0x8000b520
core   0: 0x80009524 (0xae3f2023) sw      gp, -1312(t5)
core   0: 3 0x80009524 (0xae3f2023) mem 0x8000b000 0x00000001
core   0: 0x80009528 (0x0000bfe5) c.j     pc - 8
core   0: 3 0x80009528 (0xbfe5)
core   0: 0x80009520 (0x00002f17) auipc   t5, 0x2
core   0: 3 0x80009520 (0x00002f17) x30 0x8000b520
core   0: 0x80009524 (0xae3f2023) sw      gp, -1312(t5)
core   0: 3 0x80009524 (0xae3f2023) mem 0x8000b000 0x00000001
core   0: 0x80009528 (0x0000bfe5) c.j     pc - 8
core   0: 3 0x80009528 (0xbfe5)
core   0: 0x80009520 (0x00002f17) auipc   t5, 0x2
core   0: 3 0x80009520 (0x00002f17) x30 0x8000b520
core   0: 0x80009524 (0xae3f2023) sw      gp, -1312(t5)
core   0: 3 0x80009524 (0xae3f2023) mem 0x8000b000 0x00000001
core   0: 0x80009528 (0x0000bfe5) c.j     pc - 8
core   0: 3 0x80009528 (0xbfe5)
core   0: 0x80009520 (0x00002f17) auipc   t5, 0x2
core   0: 3 0x80009520 (0x00002f17) x30 0x8000b520
core   0: 0x80009524 (0xae3f2023) sw      gp, -1312(t5)
core   0: 3 0x80009524 (0xae3f2023) mem 0x8000b000 0x00000001
core   0: 0x80009528 (0x0000bfe5) c.j     pc - 8
core   0: 3 0x80009528 (0xbfe5)
core   0: 0x80009520 (0x00002f17) auipc   t5, 0x2
core   0: 3 0x80009520 (0x00002f17) x30 0x8000b520
core   0: 0x80009524 (0xae3f2023) sw      gp, -1312(t5)
core   0: 3 0x80009524 (0xae3f2023) mem 0x8000b000 0x00000001
core   0: 0x80009528 (0x0000bfe5) c.j     pc - 8
core   0: 3 0x80009528 (0xbfe5)
core   0: 0x80009520 (0x00002f17) auipc   t5, 0x2
core   0: 3 0x80009520 (0x00002f17) x30 0x8000b520
core   0: 0x80009524 (0xae3f2023) sw      gp, -1312(t5)
core   0: 3 0x80009524 (0xae3f2023) mem 0x8000b000 0x00000001
core   0: 0x80009528 (0x0000bfe5) c.j     pc - 8
core   0: 3 0x80009528 (0xbfe5)
core   0: 0x80009520 (0x00002f17) auipc   t5, 0x2
core   0: 3 0x80009520 (0x00002f17) x30 0x8000b520
core   0: 0x80009524 (0xae3f2023) sw      gp, -1312(t5)
core   0: 3 0x80009524 (0xae3f2023) mem 0x8000b000 0x00000001
core   0: 0x80009528 (0x0000bfe5) c.j     pc - 8
core   0: 3 0x80009528 (0xbfe5)
core   0: 0x80009520 (0x00002f17) auipc   t5, 0x2
core   0: 3 0x80009520 (0x00002f17) x30 0x8000b520
core   0: 0x80009524 (0xae3f2023) sw      gp, -1312(t5)
core   0: 3 0x80009524 (0xae3f2023) mem 0x8000b000 0x00000001
core   0: 0x80009528 (0x0000bfe5) c.j     pc - 8
core   0: 3 0x80009528 (0xbfe5)
core   0: 0x80009520 (0x00002f17) auipc   t5, 0x2
core   0: 3 0x80009520 (0x00002f17) x30 0x8000b520
core   0: 0x80009524 (0xae3f2023) sw      gp, -1312(t5)
core   0: 3 0x80009524 (0xae3f2023) mem 0x8000b000 0x00000001
core   0: 0x80009528 (0x0000bfe5) c.j     pc - 8
core   0: 3 0x80009528 (0xbfe5)
core   0: 0x80009520 (0x00002f17) auipc   t5, 0x2
core   0: 3 0x80009520 (0x00002f17) x30 0x8000b520
core   0: 0x80009524 (0xae3f2023) sw      gp, -1312(t5)
core   0: 3 0x80009524 (0xae3f2023) mem 0x8000b000 0x00000001
core   0: 0x80009528 (0x0000bfe5) c.j     pc - 8
core   0: 3 0x80009528 (0xbfe5)
core   0: 0x80009520 (0x00002f17) auipc   t5, 0x2
core   0: 3 0x80009520 (0x00002f17) x30 0x8000b520
core   0: 0x80009524 (0xae3f2023) sw      gp, -1312(t5)
core   0: 3 0x80009524 (0xae3f2023) mem 0x8000b000 0x00000001
core   0: 0x80009528 (0x0000bfe5) c.j     pc - 8
core   0: 3 0x80009528 (0xbfe5)
core   0: 0x80009520 (0x00002f17) auipc   t5, 0x2
core   0: 3 0x80009520 (0x00002f17) x30 0x8000b520
core   0: 0x80009524 (0xae3f2023) sw      gp, -1312(t5)
core   0: 3 0x80009524 (0xae3f2023) mem 0x8000b000 0x00000001
core   0: 0x80009528 (0x0000bfe5) c.j     pc - 8
core   0: 3 0x80009528 (0xbfe5)
core   0: 0x80009520 (0x00002f17) auipc   t5, 0x2
core   0: 3 0x80009520 (0x00002f17) x30 0x8000b520
core   0: 0x80009524 (0xae3f2023) sw      gp, -1312(t5)
core   0: 3 0x80009524 (0xae3f2023) mem 0x8000b000 0x00000001
core   0: 0x80009528 (0x0000bfe5) c.j     pc - 8
core   0: 3 0x80009528 (0xbfe5)
core   0: 0x80009520 (0x00002f17) auipc   t5, 0x2
core   0: 3 0x80009520 (0x00002f17) x30 0x8000b520
core   0: 0x80009524 (0xae3f2023) sw      gp, -1312(t5)
core   0: 3 0x80009524 (0xae3f2023) mem 0x8000b000 0x00000001
core   0: 0x80009528 (0x0000bfe5) c.j     pc - 8
core   0: 3 0x80009528 (0xbfe5)
core   0: 0x80009520 (0x00002f17) auipc   t5, 0x2
core   0: 3 0x80009520 (0x00002f17) x30 0x8000b520
core   0: 0x80009524 (0xae3f2023) sw      gp, -1312(t5)
core   0: 3 0x80009524 (0xae3f2023) mem 0x8000b000 0x00000001
core   0: 0x80009528 (0x0000bfe5) c.j     pc - 8
core   0: 3 0x80009528 (0xbfe5)
core   0: 0x80009520 (0x00002f17) auipc   t5, 0x2
core   0: 3 0x80009520 (0x00002f17) x30 0x8000b520
core   0: 0x80009524 (0xae3f2023) sw      gp, -1312(t5)
core   0: 3 0x80009524 (0xae3f2023) mem 0x8000b000 0x00000001
core   0: 0x80009528 (0x0000bfe5) c.j     pc - 8
core   0: 3 0x80009528 (0xbfe5)
core   0: 0x80009520 (0x00002f17) auipc   t5, 0x2
core   0: 3 0x80009520 (0x00002f17) x30 0x8000b520
core   0: 0x80009524 (0xae3f2023) sw      gp, -1312(t5)
core   0: 3 0x80009524 (0xae3f2023) mem 0x8000b000 0x00000001
core   0: 0x80009528 (0x0000bfe5) c.j     pc - 8
core   0: 3 0x80009528 (0xbfe5)
core   0: 0x80009520 (0x00002f17) auipc   t5, 0x2
core   0: 3 0x80009520 (0x00002f17) x30 0x8000b520
core   0: 0x80009524 (0xae3f2023) sw      gp, -1312(t5)
core   0: 3 0x80009524 (0xae3f2023) mem 0x8000b000 0x00000001
core   0: 0x80009528 (0x0000bfe5) c.j     pc - 8
core   0: 3 0x80009528 (0xbfe5)
core   0: 0x80009520 (0x00002f17) auipc   t5, 0x2
core   0: 3 0x80009520 (0x00002f17) x30 0x8000b520
core   0: 0x80009524 (0xae3f2023) sw      gp, -1312(t5)
core   0: 3 0x80009524 (0xae3f2023) mem 0x8000b000 0x00000001
core   0: 0x80009528 (0x0000bfe5) c.j     pc - 8
core   0: 3 0x80009528 (0xbfe5)
core   0: 0x80009520 (0x00002f17) auipc   t5, 0x2
core   0: 3 0x80009520 (0x00002f17) x30 0x8000b520
core   0: 0x80009524 (0xae3f2023) sw      gp, -1312(t5)
core   0: 3 0x80009524 (0xae3f2023) mem 0x8000b000 0x00000001
core   0: 0x80009528 (0x0000bfe5) c.j     pc - 8
core   0: 3 0x80009528 (0xbfe5)
core   0: 0x80009520 (0x00002f17) auipc   t5, 0x2
core   0: 3 0x80009520 (0x00002f17) x30 0x8000b520
core   0: 0x80009524 (0xae3f2023) sw      gp, -1312(t5)
core   0: 3 0x80009524 (0xae3f2023) mem 0x8000b000 0x00000001
core   0: 0x80009528 (0x0000bfe5) c.j     pc - 8
core   0: 3 0x80009528 (0xbfe5)
core   0: 0x80009520 (0x00002f17) auipc   t5, 0x2
core   0: 3 0x80009520 (0x00002f17) x30 0x8000b520
core   0: 0x80009524 (0xae3f2023) sw      gp, -1312(t5)
core   0: 3 0x80009524 (0xae3f2023) mem 0x8000b000 0x00000001
core   0: 0x80009528 (0x0000bfe5) c.j     pc - 8
core   0: 3 0x80009528 (0xbfe5)
core   0: 0x80009520 (0x00002f17) auipc   t5, 0x2
core   0: 3 0x80009520 (0x00002f17) x30 0x8000b520
core   0: 0x80009524 (0xae3f2023) sw      gp, -1312(t5)
core   0: 3 0x80009524 (0xae3f2023) mem 0x8000b000 0x00000001
core   0: 0x80009528 (0x0000bfe5) c.j     pc - 8
core   0: 3 0x80009528 (0xbfe5)
core   0: 0x80009520 (0x00002f17) auipc   t5, 0x2
core   0: 3 0x80009520 (0x00002f17) x30 0x8000b520
core   0: 0x80009524 (0xae3f2023) sw      gp, -1312(t5)
core   0: 3 0x80009524 (0xae3f2023) mem 0x8000b000 0x00000001
core   0: 0x80009528 (0x0000bfe5) c.j     pc - 8
core   0: 3 0x80009528 (0xbfe5)
core   0: 0x80009520 (0x00002f17) auipc   t5, 0x2
core   0: 3 0x80009520 (0x00002f17) x30 0x8000b520
core   0: 0x80009524 (0xae3f2023) sw      gp, -1312(t5)
core   0: 3 0x80009524 (0xae3f2023) mem 0x8000b000 0x00000001
core   0: 0x80009528 (0x0000bfe5) c.j     pc - 8
core   0: 3 0x80009528 (0xbfe5)
core   0: 0x80009520 (0x00002f17) auipc   t5, 0x2
core   0: 3 0x80009520 (0x00002f17) x30 0x8000b520
core   0: 0x80009524 (0xae3f2023) sw      gp, -1312(t5)
core   0: 3 0x80009524 (0xae3f2023) mem 0x8000b000 0x00000001
core   0: 0x80009528 (0x0000bfe5) c.j     pc - 8
core   0: 3 0x80009528 (0xbfe5)
core   0: 0x80009520 (0x00002f17) auipc   t5, 0x2
core   0: 3 0x80009520 (0x00002f17) x30 0x8000b520
core   0: 0x80009524 (0xae3f2023) sw      gp, -1312(t5)
core   0: 3 0x80009524 (0xae3f2023) mem 0x8000b000 0x00000001
core   0: 0x80009528 (0x0000bfe5) c.j     pc - 8
core   0: 3 0x80009528 (0xbfe5)
core   0: 0x80009520 (0x00002f17) auipc   t5, 0x2
core   0: 3 0x80009520 (0x00002f17) x30 0x8000b520
core   0: 0x80009524 (0xae3f2023) sw      gp, -1312(t5)
core   0: 3 0x80009524 (0xae3f2023) mem 0x8000b000 0x00000001
core   0: 0x80009528 (0x0000bfe5) c.j     pc - 8
core   0: 3 0x80009528 (0xbfe5)
core   0: 0x80009520 (0x00002f17) auipc   t5, 0x2
core   0: 3 0x80009520 (0x00002f17) x30 0x8000b520
core   0: 0x80009524 (0xae3f2023) sw      gp, -1312(t5)
core   0: 3 0x80009524 (0xae3f2023) mem 0x8000b000 0x00000001
core   0: 0x80009528 (0x0000bfe5) c.j     pc - 8
core   0: 3 0x80009528 (0xbfe5)
core   0: 0x80009520 (0x00002f17) auipc   t5, 0x2
core   0: 3 0x80009520 (0x00002f17) x30 0x8000b520
core   0: 0x80009524 (0xae3f2023) sw      gp, -1312(t5)
core   0: 3 0x80009524 (0xae3f2023) mem 0x8000b000 0x00000001
core   0: 0x80009528 (0x0000bfe5) c.j     pc - 8
core   0: 3 0x80009528 (0xbfe5)
core   0: 0x80009520 (0x00002f17) auipc   t5, 0x2
core   0: 3 0x80009520 (0x00002f17) x30 0x8000b520
core   0: 0x80009524 (0xae3f2023) sw      gp, -1312(t5)
core   0: 3 0x80009524 (0xae3f2023) mem 0x8000b000 0x00000001
core   0: 0x80009528 (0x0000bfe5) c.j     pc - 8
core   0: 3 0x80009528 (0xbfe5)
core   0: 0x80009520 (0x00002f17) auipc   t5, 0x2
core   0: 3 0x80009520 (0x00002f17) x30 0x8000b520
core   0: 0x80009524 (0xae3f2023) sw      gp, -1312(t5)
core   0: 3 0x80009524 (0xae3f2023) mem 0x8000b000 0x00000001
core   0: 0x80009528 (0x0000bfe5) c.j     pc - 8
core   0: 3 0x80009528 (0xbfe5)
core   0: 0x80009520 (0x00002f17) auipc   t5, 0x2
core   0: 3 0x80009520 (0x00002f17) x30 0x8000b520
core   0: 0x80009524 (0xae3f2023) sw      gp, -1312(t5)
core   0: 3 0x80009524 (0xae3f2023) mem 0x8000b000 0x00000001
core   0: 0x80009528 (0x0000bfe5) c.j     pc - 8
core   0: 3 0x80009528 (0xbfe5)
core   0: 0x80009520 (0x00002f17) auipc   t5, 0x2
core   0: 3 0x80009520 (0x00002f17) x30 0x8000b520
core   0: 0x80009524 (0xae3f2023) sw      gp, -1312(t5)
core   0: 3 0x80009524 (0xae3f2023) mem 0x8000b000 0x00000001
core   0: 0x80009528 (0x0000bfe5) c.j     pc - 8
core   0: 3 0x80009528 (0xbfe5)
core   0: 0x80009520 (0x00002f17) auipc   t5, 0x2
core   0: 3 0x80009520 (0x00002f17) x30 0x8000b520
core   0: 0x80009524 (0xae3f2023) sw      gp, -1312(t5)
core   0: 3 0x80009524 (0xae3f2023) mem 0x8000b000 0x00000001
core   0: 0x80009528 (0x0000bfe5) c.j     pc - 8
core   0: 3 0x80009528 (0xbfe5)
core   0: 0x80009520 (0x00002f17) auipc   t5, 0x2
core   0: 3 0x80009520 (0x00002f17) x30 0x8000b520
core   0: 0x80009524 (0xae3f2023) sw      gp, -1312(t5)
core   0: 3 0x80009524 (0xae3f2023) mem 0x8000b000 0x00000001
core   0: 0x80009528 (0x0000bfe5) c.j     pc - 8
core   0: 3 0x80009528 (0xbfe5)
core   0: 0x80009520 (0x00002f17) auipc   t5, 0x2
core   0: 3 0x80009520 (0x00002f17) x30 0x8000b520
core   0: 0x80009524 (0xae3f2023) sw      gp, -1312(t5)
core   0: 3 0x80009524 (0xae3f2023) mem 0x8000b000 0x00000001
core   0: 0x80009528 (0x0000bfe5) c.j     pc - 8
core   0: 3 0x80009528 (0xbfe5)
core   0: 0x80009520 (0x00002f17) auipc   t5, 0x2
core   0: 3 0x80009520 (0x00002f17) x30 0x8000b520
core   0: 0x80009524 (0xae3f2023) sw      gp, -1312(t5)
core   0: 3 0x80009524 (0xae3f2023) mem 0x8000b000 0x00000001
core   0: 0x80009528 (0x0000bfe5) c.j     pc - 8
core   0: 3 0x80009528 (0xbfe5)
core   0: 0x80009520 (0x00002f17) auipc   t5, 0x2
core   0: 3 0x80009520 (0x00002f17) x30 0x8000b520
core   0: 0x80009524 (0xae3f2023) sw      gp, -1312(t5)
core   0: 3 0x80009524 (0xae3f2023) mem 0x8000b000 0x00000001
core   0: 0x80009528 (0x0000bfe5) c.j     pc - 8
core   0: 3 0x80009528 (0xbfe5)
core   0: 0x80009520 (0x00002f17) auipc   t5, 0x2
core   0: 3 0x80009520 (0x00002f17) x30 0x8000b520
core   0: 0x80009524 (0xae3f2023) sw      gp, -1312(t5)
core   0: 3 0x80009524 (0xae3f2023) mem 0x8000b000 0x00000001
core   0: 0x80009528 (0x0000bfe5) c.j     pc - 8
core   0: 3 0x80009528 (0xbfe5)
core   0: 0x80009520 (0x00002f17) auipc   t5, 0x2
core   0: 3 0x80009520 (0x00002f17) x30 0x8000b520
core   0: 0x80009524 (0xae3f2023) sw      gp, -1312(t5)
core   0: 3 0x80009524 (0xae3f2023) mem 0x8000b000 0x00000001
core   0: 0x80009528 (0x0000bfe5) c.j     pc - 8
core   0: 3 0x80009528 (0xbfe5)
core   0: 0x80009520 (0x00002f17) auipc   t5, 0x2
core   0: 3 0x80009520 (0x00002f17) x30 0x8000b520
core   0: 0x80009524 (0xae3f2023) sw      gp, -1312(t5)
core   0: 3 0x80009524 (0xae3f2023) mem 0x8000b000 0x00000001
core   0: 0x80009528 (0x0000bfe5) c.j     pc - 8
core   0: 3 0x80009528 (0xbfe5)
core   0: 0x80009520 (0x00002f17) auipc   t5, 0x2
core   0: 3 0x80009520 (0x00002f17) x30 0x8000b520
core   0: 0x80009524 (0xae3f2023) sw      gp, -1312(t5)
core   0: 3 0x80009524 (0xae3f2023) mem 0x8000b000 0x00000001
core   0: 0x80009528 (0x0000bfe5) c.j     pc - 8
core   0: 3 0x80009528 (0xbfe5)
core   0: 0x80009520 (0x00002f17) auipc   t5, 0x2
core   0: 3 0x80009520 (0x00002f17) x30 0x8000b520
core   0: 0x80009524 (0xae3f2023) sw      gp, -1312(t5)
core   0: 3 0x80009524 (0xae3f2023) mem 0x8000b000 0x00000001
core   0: 0x80009528 (0x0000bfe5) c.j     pc - 8
core   0: 3 0x80009528 (0xbfe5)
core   0: 0x80009520 (0x00002f17) auipc   t5, 0x2
core   0: 3 0x80009520 (0x00002f17) x30 0x8000b520
core   0: 0x80009524 (0xae3f2023) sw      gp, -1312(t5)
core   0: 3 0x80009524 (0xae3f2023) mem 0x8000b000 0x00000001
core   0: 0x80009528 (0x0000bfe5) c.j     pc - 8
core   0: 3 0x80009528 (0xbfe5)
core   0: 0x80009520 (0x00002f17) auipc   t5, 0x2
core   0: 3 0x80009520 (0x00002f17) x30 0x8000b520
core   0: 0x80009524 (0xae3f2023) sw      gp, -1312(t5)
core   0: 3 0x80009524 (0xae3f2023) mem 0x8000b000 0x00000001
core   0: 0x80009528 (0x0000bfe5) c.j     pc - 8
core   0: 3 0x80009528 (0xbfe5)
core   0: 0x80009520 (0x00002f17) auipc   t5, 0x2
core   0: 3 0x80009520 (0x00002f17) x30 0x8000b520
core   0: 0x80009524 (0xae3f2023) sw      gp, -1312(t5)
core   0: 3 0x80009524 (0xae3f2023) mem 0x8000b000 0x00000001
core   0: 0x80009528 (0x0000bfe5) c.j     pc - 8
core   0: 3 0x80009528 (0xbfe5)
core   0: 0x80009520 (0x00002f17) auipc   t5, 0x2
core   0: 3 0x80009520 (0x00002f17) x30 0x8000b520
core   0: 0x80009524 (0xae3f2023) sw      gp, -1312(t5)
core   0: 3 0x80009524 (0xae3f2023) mem 0x8000b000 0x00000001
core   0: 0x80009528 (0x0000bfe5) c.j     pc - 8
core   0: 3 0x80009528 (0xbfe5)
core   0: 0x80009520 (0x00002f17) auipc   t5, 0x2
core   0: 3 0x80009520 (0x00002f17) x30 0x8000b520
core   0: 0x80009524 (0xae3f2023) sw      gp, -1312(t5)
core   0: 3 0x80009524 (0xae3f2023) mem 0x8000b000 0x00000001
core   0: 0x80009528 (0x0000bfe5) c.j     pc - 8
core   0: 3 0x80009528 (0xbfe5)
core   0: 0x80009520 (0x00002f17) auipc   t5, 0x2
core   0: 3 0x80009520 (0x00002f17) x30 0x8000b520
core   0: 0x80009524 (0xae3f2023) sw      gp, -1312(t5)
core   0: 3 0x80009524 (0xae3f2023) mem 0x8000b000 0x00000001
core   0: 0x80009528 (0x0000bfe5) c.j     pc - 8
core   0: 3 0x80009528 (0xbfe5)
core   0: 0x80009520 (0x00002f17) auipc   t5, 0x2
core   0: 3 0x80009520 (0x00002f17) x30 0x8000b520
core   0: 0x80009524 (0xae3f2023) sw      gp, -1312(t5)
core   0: 3 0x80009524 (0xae3f2023) mem 0x8000b000 0x00000001
core   0: 0x80009528 (0x0000bfe5) c.j     pc - 8
core   0: 3 0x80009528 (0xbfe5)
core   0: 0x80009520 (0x00002f17) auipc   t5, 0x2
core   0: 3 0x80009520 (0x00002f17) x30 0x8000b520
core   0: 0x80009524 (0xae3f2023) sw      gp, -1312(t5)
core   0: 3 0x80009524 (0xae3f2023) mem 0x8000b000 0x00000001
core   0: 0x80009528 (0x0000bfe5) c.j     pc - 8
core   0: 3 0x80009528 (0xbfe5)
core   0: 0x80009520 (0x00002f17) auipc   t5, 0x2
core   0: 3 0x80009520 (0x00002f17) x30 0x8000b520
core   0: 0x80009524 (0xae3f2023) sw      gp, -1312(t5)
core   0: 3 0x80009524 (0xae3f2023) mem 0x8000b000 0x00000001
core   0: 0x80009528 (0x0000bfe5) c.j     pc - 8
core   0: 3 0x80009528 (0xbfe5)
core   0: 0x80009520 (0x00002f17) auipc   t5, 0x2
core   0: 3 0x80009520 (0x00002f17) x30 0x8000b520
core   0: 0x80009524 (0xae3f2023) sw      gp, -1312(t5)
core   0: 3 0x80009524 (0xae3f2023) mem 0x8000b000 0x00000001
core   0: 0x80009528 (0x0000bfe5) c.j     pc - 8
core   0: 3 0x80009528 (0xbfe5)
core   0: 0x80009520 (0x00002f17) auipc   t5, 0x2
core   0: 3 0x80009520 (0x00002f17) x30 0x8000b520
core   0: 0x80009524 (0xae3f2023) sw      gp, -1312(t5)
core   0: 3 0x80009524 (0xae3f2023) mem 0x8000b000 0x00000001
core   0: 0x80009528 (0x0000bfe5) c.j     pc - 8
core   0: 3 0x80009528 (0xbfe5)
core   0: 0x80009520 (0x00002f17) auipc   t5, 0x2
core   0: 3 0x80009520 (0x00002f17) x30 0x8000b520
core   0: 0x80009524 (0xae3f2023) sw      gp, -1312(t5)
core   0: 3 0x80009524 (0xae3f2023) mem 0x8000b000 0x00000001
core   0: 0x80009528 (0x0000bfe5) c.j     pc - 8
core   0: 3 0x80009528 (0xbfe5)
core   0: 0x80009520 (0x00002f17) auipc   t5, 0x2
core   0: 3 0x80009520 (0x00002f17) x30 0x8000b520
core   0: 0x80009524 (0xae3f2023) sw      gp, -1312(t5)
core   0: 3 0x80009524 (0xae3f2023) mem 0x8000b000 0x00000001
core   0: 0x80009528 (0x0000bfe5) c.j     pc - 8
core   0: 3 0x80009528 (0xbfe5)
core   0: 0x80009520 (0x00002f17) auipc   t5, 0x2
core   0: 3 0x80009520 (0x00002f17) x30 0x8000b520
core   0: 0x80009524 (0xae3f2023) sw      gp, -1312(t5)
core   0: 3 0x80009524 (0xae3f2023) mem 0x8000b000 0x00000001
core   0: 0x80009528 (0x0000bfe5) c.j     pc - 8
core   0: 3 0x80009528 (0xbfe5)
core   0: 0x80009520 (0x00002f17) auipc   t5, 0x2
core   0: 3 0x80009520 (0x00002f17) x30 0x8000b520
core   0: 0x80009524 (0xae3f2023) sw      gp, -1312(t5)
core   0: 3 0x80009524 (0xae3f2023) mem 0x8000b000 0x00000001
core   0: 0x80009528 (0x0000bfe5) c.j     pc - 8
core   0: 3 0x80009528 (0xbfe5)
core   0: 0x80009520 (0x00002f17) auipc   t5, 0x2
core   0: 3 0x80009520 (0x00002f17) x30 0x8000b520
core   0: 0x80009524 (0xae3f2023) sw      gp, -1312(t5)
core   0: 3 0x80009524 (0xae3f2023) mem 0x8000b000 0x00000001
core   0: 0x80009528 (0x0000bfe5) c.j     pc - 8
core   0: 3 0x80009528 (0xbfe5)
core   0: 0x80009520 (0x00002f17) auipc   t5, 0x2
core   0: 3 0x80009520 (0x00002f17) x30 0x8000b520
core   0: 0x80009524 (0xae3f2023) sw      gp, -1312(t5)
core   0: 3 0x80009524 (0xae3f2023) mem 0x8000b000 0x00000001
core   0: 0x80009528 (0x0000bfe5) c.j     pc - 8
core   0: 3 0x80009528 (0xbfe5)
core   0: 0x80009520 (0x00002f17) auipc   t5, 0x2
core   0: 3 0x80009520 (0x00002f17) x30 0x8000b520
core   0: 0x80009524 (0xae3f2023) sw      gp, -1312(t5)
core   0: 3 0x80009524 (0xae3f2023) mem 0x8000b000 0x00000001
core   0: 0x80009528 (0x0000bfe5) c.j     pc - 8
core   0: 3 0x80009528 (0xbfe5)
core   0: 0x80009520 (0x00002f17) auipc   t5, 0x2
core   0: 3 0x80009520 (0x00002f17) x30 0x8000b520
core   0: 0x80009524 (0xae3f2023) sw      gp, -1312(t5)
core   0: 3 0x80009524 (0xae3f2023) mem 0x8000b000 0x00000001
core   0: 0x80009528 (0x0000bfe5) c.j     pc - 8
core   0: 3 0x80009528 (0xbfe5)
core   0: 0x80009520 (0x00002f17) auipc   t5, 0x2
core   0: 3 0x80009520 (0x00002f17) x30 0x8000b520
core   0: 0x80009524 (0xae3f2023) sw      gp, -1312(t5)
core   0: 3 0x80009524 (0xae3f2023) mem 0x8000b000 0x00000001
core   0: 0x80009528 (0x0000bfe5) c.j     pc - 8
core   0: 3 0x80009528 (0xbfe5)
core   0: 0x80009520 (0x00002f17) auipc   t5, 0x2
core   0: 3 0x80009520 (0x00002f17) x30 0x8000b520
core   0: 0x80009524 (0xae3f2023) sw      gp, -1312(t5)
core   0: 3 0x80009524 (0xae3f2023) mem 0x8000b000 0x00000001
core   0: 0x80009528 (0x0000bfe5) c.j     pc - 8
core   0: 3 0x80009528 (0xbfe5)
core   0: 0x80009520 (0x00002f17) auipc   t5, 0x2
core   0: 3 0x80009520 (0x00002f17) x30 0x8000b520
core   0: 0x80009524 (0xae3f2023) sw      gp, -1312(t5)
core   0: 3 0x80009524 (0xae3f2023) mem 0x8000b000 0x00000001
core   0: 0x80009528 (0x0000bfe5) c.j     pc - 8
core   0: 3 0x80009528 (0xbfe5)
core   0: 0x80009520 (0x00002f17) auipc   t5, 0x2
core   0: 3 0x80009520 (0x00002f17) x30 0x8000b520
core   0: 0x80009524 (0xae3f2023) sw      gp, -1312(t5)
core   0: 3 0x80009524 (0xae3f2023) mem 0x8000b000 0x00000001
core   0: 0x80009528 (0x0000bfe5) c.j     pc - 8
core   0: 3 0x80009528 (0xbfe5)
core   0: 0x80009520 (0x00002f17) auipc   t5, 0x2
core   0: 3 0x80009520 (0x00002f17) x30 0x8000b520
core   0: 0x80009524 (0xae3f2023) sw      gp, -1312(t5)
core   0: 3 0x80009524 (0xae3f2023) mem 0x8000b000 0x00000001
core   0: 0x80009528 (0x0000bfe5) c.j     pc - 8
core   0: 3 0x80009528 (0xbfe5)
core   0: 0x80009520 (0x00002f17) auipc   t5, 0x2
core   0: 3 0x80009520 (0x00002f17) x30 0x8000b520
core   0: 0x80009524 (0xae3f2023) sw      gp, -1312(t5)
core   0: 3 0x80009524 (0xae3f2023) mem 0x8000b000 0x00000001
core   0: 0x80009528 (0x0000bfe5) c.j     pc - 8
core   0: 3 0x80009528 (0xbfe5)
core   0: 0x80009520 (0x00002f17) auipc   t5, 0x2
core   0: 3 0x80009520 (0x00002f17) x30 0x8000b520
core   0: 0x80009524 (0xae3f2023) sw      gp, -1312(t5)
core   0: 3 0x80009524 (0xae3f2023) mem 0x8000b000 0x00000001
core   0: 0x80009528 (0x0000bfe5) c.j     pc - 8
core   0: 3 0x80009528 (0xbfe5)
core   0: 0x80009520 (0x00002f17) auipc   t5, 0x2
core   0: 3 0x80009520 (0x00002f17) x30 0x8000b520
core   0: 0x80009524 (0xae3f2023) sw      gp, -1312(t5)
core   0: 3 0x80009524 (0xae3f2023) mem 0x8000b000 0x00000001
core   0: 0x80009528 (0x0000bfe5) c.j     pc - 8
core   0: 3 0x80009528 (0xbfe5)
core   0: 0x80009520 (0x00002f17) auipc   t5, 0x2
core   0: 3 0x80009520 (0x00002f17) x30 0x8000b520
core   0: 0x80009524 (0xae3f2023) sw      gp, -1312(t5)
core   0: 3 0x80009524 (0xae3f2023) mem 0x8000b000 0x00000001
core   0: 0x80009528 (0x0000bfe5) c.j     pc - 8
core   0: 3 0x80009528 (0xbfe5)
core   0: 0x80009520 (0x00002f17) auipc   t5, 0x2
core   0: 3 0x80009520 (0x00002f17) x30 0x8000b520
core   0: 0x80009524 (0xae3f2023) sw      gp, -1312(t5)
core   0: 3 0x80009524 (0xae3f2023) mem 0x8000b000 0x00000001
core   0: 0x80009528 (0x0000bfe5) c.j     pc - 8
core   0: 3 0x80009528 (0xbfe5)
core   0: 0x80009520 (0x00002f17) auipc   t5, 0x2
core   0: 3 0x80009520 (0x00002f17) x30 0x8000b520
core   0: 0x80009524 (0xae3f2023) sw      gp, -1312(t5)
core   0: 3 0x80009524 (0xae3f2023) mem 0x8000b000 0x00000001
core   0: 0x80009528 (0x0000bfe5) c.j     pc - 8
core   0: 3 0x80009528 (0xbfe5)
core   0: 0x80009520 (0x00002f17) auipc   t5, 0x2
core   0: 3 0x80009520 (0x00002f17) x30 0x8000b520
core   0: 0x80009524 (0xae3f2023) sw      gp, -1312(t5)
core   0: 3 0x80009524 (0xae3f2023) mem 0x8000b000 0x00000001
core   0: 0x80009528 (0x0000bfe5) c.j     pc - 8
core   0: 3 0x80009528 (0xbfe5)
core   0: 0x80009520 (0x00002f17) auipc   t5, 0x2
core   0: 3 0x80009520 (0x00002f17) x30 0x8000b520
core   0: 0x80009524 (0xae3f2023) sw      gp, -1312(t5)
core   0: 3 0x80009524 (0xae3f2023) mem 0x8000b000 0x00000001
core   0: 0x80009528 (0x0000bfe5) c.j     pc - 8
core   0: 3 0x80009528 (0xbfe5)
core   0: 0x80009520 (0x00002f17) auipc   t5, 0x2
core   0: 3 0x80009520 (0x00002f17) x30 0x8000b520
core   0: 0x80009524 (0xae3f2023) sw      gp, -1312(t5)
core   0: 3 0x80009524 (0xae3f2023) mem 0x8000b000 0x00000001
core   0: 0x80009528 (0x0000bfe5) c.j     pc - 8
core   0: 3 0x80009528 (0xbfe5)
core   0: 0x80009520 (0x00002f17) auipc   t5, 0x2
core   0: 3 0x80009520 (0x00002f17) x30 0x8000b520
core   0: 0x80009524 (0xae3f2023) sw      gp, -1312(t5)
core   0: 3 0x80009524 (0xae3f2023) mem 0x8000b000 0x00000001
core   0: 0x80009528 (0x0000bfe5) c.j     pc - 8
core   0: 3 0x80009528 (0xbfe5)
core   0: 0x80009520 (0x00002f17) auipc   t5, 0x2
core   0: 3 0x80009520 (0x00002f17) x30 0x8000b520
core   0: 0x80009524 (0xae3f2023) sw      gp, -1312(t5)
core   0: 3 0x80009524 (0xae3f2023) mem 0x8000b000 0x00000001
core   0: 0x80009528 (0x0000bfe5) c.j     pc - 8
core   0: 3 0x80009528 (0xbfe5)
core   0: 0x80009520 (0x00002f17) auipc   t5, 0x2
core   0: 3 0x80009520 (0x00002f17) x30 0x8000b520
core   0: 0x80009524 (0xae3f2023) sw      gp, -1312(t5)
core   0: 3 0x80009524 (0xae3f2023) mem 0x8000b000 0x00000001
core   0: 0x80009528 (0x0000bfe5) c.j     pc - 8
core   0: 3 0x80009528 (0xbfe5)
core   0: 0x80009520 (0x00002f17) auipc   t5, 0x2
core   0: 3 0x80009520 (0x00002f17) x30 0x8000b520
core   0: 0x80009524 (0xae3f2023) sw      gp, -1312(t5)
core   0: 3 0x80009524 (0xae3f2023) mem 0x8000b000 0x00000001
core   0: 0x80009528 (0x0000bfe5) c.j     pc - 8
core   0: 3 0x80009528 (0xbfe5)
core   0: 0x80009520 (0x00002f17) auipc   t5, 0x2
core   0: 3 0x80009520 (0x00002f17) x30 0x8000b520
core   0: 0x80009524 (0xae3f2023) sw      gp, -1312(t5)
core   0: 3 0x80009524 (0xae3f2023) mem 0x8000b000 0x00000001
core   0: 0x80009528 (0x0000bfe5) c.j     pc - 8
core   0: 3 0x80009528 (0xbfe5)
core   0: 0x80009520 (0x00002f17) auipc   t5, 0x2
core   0: 3 0x80009520 (0x00002f17) x30 0x8000b520
core   0: 0x80009524 (0xae3f2023) sw      gp, -1312(t5)
core   0: 3 0x80009524 (0xae3f2023) mem 0x8000b000 0x00000001
core   0: 0x80009528 (0x0000bfe5) c.j     pc - 8
core   0: 3 0x80009528 (0xbfe5)
core   0: 0x80009520 (0x00002f17) auipc   t5, 0x2
core   0: 3 0x80009520 (0x00002f17) x30 0x8000b520
core   0: 0x80009524 (0xae3f2023) sw      gp, -1312(t5)
core   0: 3 0x80009524 (0xae3f2023) mem 0x8000b000 0x00000001
core   0: 0x80009528 (0x0000bfe5) c.j     pc - 8
core   0: 3 0x80009528 (0xbfe5)
core   0: 0x80009520 (0x00002f17) auipc   t5, 0x2
core   0: 3 0x80009520 (0x00002f17) x30 0x8000b520
core   0: 0x80009524 (0xae3f2023) sw      gp, -1312(t5)
core   0: 3 0x80009524 (0xae3f2023) mem 0x8000b000 0x00000001
core   0: 0x80009528 (0x0000bfe5) c.j     pc - 8
core   0: 3 0x80009528 (0xbfe5)
core   0: 0x80009520 (0x00002f17) auipc   t5, 0x2
core   0: 3 0x80009520 (0x00002f17) x30 0x8000b520
core   0: 0x80009524 (0xae3f2023) sw      gp, -1312(t5)
core   0: 3 0x80009524 (0xae3f2023) mem 0x8000b000 0x00000001
core   0: 0x80009528 (0x0000bfe5) c.j     pc - 8
core   0: 3 0x80009528 (0xbfe5)
core   0: 0x80009520 (0x00002f17) auipc   t5, 0x2
core   0: 3 0x80009520 (0x00002f17) x30 0x8000b520
core   0: 0x80009524 (0xae3f2023) sw      gp, -1312(t5)
core   0: 3 0x80009524 (0xae3f2023) mem 0x8000b000 0x00000001
core   0: 0x80009528 (0x0000bfe5) c.j     pc - 8
core   0: 3 0x80009528 (0xbfe5)
core   0: 0x80009520 (0x00002f17) auipc   t5, 0x2
core   0: 3 0x80009520 (0x00002f17) x30 0x8000b520
core   0: 0x80009524 (0xae3f2023) sw      gp, -1312(t5)
core   0: 3 0x80009524 (0xae3f2023) mem 0x8000b000 0x00000001
core   0: 0x80009528 (0x0000bfe5) c.j     pc - 8
core   0: 3 0x80009528 (0xbfe5)
core   0: 0x80009520 (0x00002f17) auipc   t5, 0x2
core   0: 3 0x80009520 (0x00002f17) x30 0x8000b520
core   0: 0x80009524 (0xae3f2023) sw      gp, -1312(t5)
core   0: 3 0x80009524 (0xae3f2023) mem 0x8000b000 0x00000001
core   0: 0x80009528 (0x0000bfe5) c.j     pc - 8
core   0: 3 0x80009528 (0xbfe5)
core   0: 0x80009520 (0x00002f17) auipc   t5, 0x2
core   0: 3 0x80009520 (0x00002f17) x30 0x8000b520
core   0: 0x80009524 (0xae3f2023) sw      gp, -1312(t5)
core   0: 3 0x80009524 (0xae3f2023) mem 0x8000b000 0x00000001
core   0: 0x80009528 (0x0000bfe5) c.j     pc - 8
core   0: 3 0x80009528 (0xbfe5)
core   0: 0x80009520 (0x00002f17) auipc   t5, 0x2
core   0: 3 0x80009520 (0x00002f17) x30 0x8000b520
core   0: 0x80009524 (0xae3f2023) sw      gp, -1312(t5)
core   0: 3 0x80009524 (0xae3f2023) mem 0x8000b000 0x00000001
core   0: 0x80009528 (0x0000bfe5) c.j     pc - 8
core   0: 3 0x80009528 (0xbfe5)
core   0: 0x80009520 (0x00002f17) auipc   t5, 0x2
core   0: 3 0x80009520 (0x00002f17) x30 0x8000b520
core   0: 0x80009524 (0xae3f2023) sw      gp, -1312(t5)
core   0: 3 0x80009524 (0xae3f2023) mem 0x8000b000 0x00000001
core   0: 0x80009528 (0x0000bfe5) c.j     pc - 8
core   0: 3 0x80009528 (0xbfe5)
core   0: 0x80009520 (0x00002f17) auipc   t5, 0x2
core   0: 3 0x80009520 (0x00002f17) x30 0x8000b520
core   0: 0x80009524 (0xae3f2023) sw      gp, -1312(t5)
core   0: 3 0x80009524 (0xae3f2023) mem 0x8000b000 0x00000001
core   0: 0x80009528 (0x0000bfe5) c.j     pc - 8
core   0: 3 0x80009528 (0xbfe5)
core   0: 0x80009520 (0x00002f17) auipc   t5, 0x2
core   0: 3 0x80009520 (0x00002f17) x30 0x8000b520
core   0: 0x80009524 (0xae3f2023) sw      gp, -1312(t5)
core   0: 3 0x80009524 (0xae3f2023) mem 0x8000b000 0x00000001
core   0: 0x80009528 (0x0000bfe5) c.j     pc - 8
core   0: 3 0x80009528 (0xbfe5)
core   0: 0x80009520 (0x00002f17) auipc   t5, 0x2
core   0: 3 0x80009520 (0x00002f17) x30 0x8000b520
core   0: 0x80009524 (0xae3f2023) sw      gp, -1312(t5)
core   0: 3 0x80009524 (0xae3f2023) mem 0x8000b000 0x00000001
core   0: 0x80009528 (0x0000bfe5) c.j     pc - 8
core   0: 3 0x80009528 (0xbfe5)
core   0: 0x80009520 (0x00002f17) auipc   t5, 0x2
core   0: 3 0x80009520 (0x00002f17) x30 0x8000b520
core   0: 0x80009524 (0xae3f2023) sw      gp, -1312(t5)
core   0: 3 0x80009524 (0xae3f2023) mem 0x8000b000 0x00000001
core   0: 0x80009528 (0x0000bfe5) c.j     pc - 8
core   0: 3 0x80009528 (0xbfe5)
core   0: 0x80009520 (0x00002f17) auipc   t5, 0x2
core   0: 3 0x80009520 (0x00002f17) x30 0x8000b520
core   0: 0x80009524 (0xae3f2023) sw      gp, -1312(t5)
core   0: 3 0x80009524 (0xae3f2023) mem 0x8000b000 0x00000001
core   0: 0x80009528 (0x0000bfe5) c.j     pc - 8
core   0: 3 0x80009528 (0xbfe5)
core   0: 0x80009520 (0x00002f17) auipc   t5, 0x2
core   0: 3 0x80009520 (0x00002f17) x30 0x8000b520
core   0: 0x80009524 (0xae3f2023) sw      gp, -1312(t5)
core   0: 3 0x80009524 (0xae3f2023) mem 0x8000b000 0x00000001
core   0: 0x80009528 (0x0000bfe5) c.j     pc - 8
core   0: 3 0x80009528 (0xbfe5)
core   0: 0x80009520 (0x00002f17) auipc   t5, 0x2
core   0: 3 0x80009520 (0x00002f17) x30 0x8000b520
core   0: 0x80009524 (0xae3f2023) sw      gp, -1312(t5)
core   0: 3 0x80009524 (0xae3f2023) mem 0x8000b000 0x00000001
core   0: 0x80009528 (0x0000bfe5) c.j     pc - 8
core   0: 3 0x80009528 (0xbfe5)
core   0: 0x80009520 (0x00002f17) auipc   t5, 0x2
core   0: 3 0x80009520 (0x00002f17) x30 0x8000b520
core   0: 0x80009524 (0xae3f2023) sw      gp, -1312(t5)
core   0: 3 0x80009524 (0xae3f2023) mem 0x8000b000 0x00000001
core   0: 0x80009528 (0x0000bfe5) c.j     pc - 8
core   0: 3 0x80009528 (0xbfe5)
core   0: 0x80009520 (0x00002f17) auipc   t5, 0x2
core   0: 3 0x80009520 (0x00002f17) x30 0x8000b520
core   0: 0x80009524 (0xae3f2023) sw      gp, -1312(t5)
core   0: 3 0x80009524 (0xae3f2023) mem 0x8000b000 0x00000001
core   0: 0x80009528 (0x0000bfe5) c.j     pc - 8
core   0: 3 0x80009528 (0xbfe5)
core   0: 0x80009520 (0x00002f17) auipc   t5, 0x2
core   0: 3 0x80009520 (0x00002f17) x30 0x8000b520
core   0: 0x80009524 (0xae3f2023) sw      gp, -1312(t5)
core   0: 3 0x80009524 (0xae3f2023) mem 0x8000b000 0x00000001
core   0: 0x80009528 (0x0000bfe5) c.j     pc - 8
core   0: 3 0x80009528 (0xbfe5)
core   0: 0x80009520 (0x00002f17) auipc   t5, 0x2
core   0: 3 0x80009520 (0x00002f17) x30 0x8000b520
core   0: 0x80009524 (0xae3f2023) sw      gp, -1312(t5)
core   0: 3 0x80009524 (0xae3f2023) mem 0x8000b000 0x00000001
core   0: 0x80009528 (0x0000bfe5) c.j     pc - 8
core   0: 3 0x80009528 (0xbfe5)
core   0: 0x80009520 (0x00002f17) auipc   t5, 0x2
core   0: 3 0x80009520 (0x00002f17) x30 0x8000b520
core   0: 0x80009524 (0xae3f2023) sw      gp, -1312(t5)
core   0: 3 0x80009524 (0xae3f2023) mem 0x8000b000 0x00000001
core   0: 0x80009528 (0x0000bfe5) c.j     pc - 8
core   0: 3 0x80009528 (0xbfe5)
core   0: 0x80009520 (0x00002f17) auipc   t5, 0x2
core   0: 3 0x80009520 (0x00002f17) x30 0x8000b520
core   0: 0x80009524 (0xae3f2023) sw      gp, -1312(t5)
core   0: 3 0x80009524 (0xae3f2023) mem 0x8000b000 0x00000001
core   0: 0x80009528 (0x0000bfe5) c.j     pc - 8
core   0: 3 0x80009528 (0xbfe5)
core   0: 0x80009520 (0x00002f17) auipc   t5, 0x2
core   0: 3 0x80009520 (0x00002f17) x30 0x8000b520
core   0: 0x80009524 (0xae3f2023) sw      gp, -1312(t5)
core   0: 3 0x80009524 (0xae3f2023) mem 0x8000b000 0x00000001
core   0: 0x80009528 (0x0000bfe5) c.j     pc - 8
core   0: 3 0x80009528 (0xbfe5)
core   0: 0x80009520 (0x00002f17) auipc   t5, 0x2
core   0: 3 0x80009520 (0x00002f17) x30 0x8000b520
core   0: 0x80009524 (0xae3f2023) sw      gp, -1312(t5)
core   0: 3 0x80009524 (0xae3f2023) mem 0x8000b000 0x00000001
core   0: 0x80009528 (0x0000bfe5) c.j     pc - 8
core   0: 3 0x80009528 (0xbfe5)
core   0: 0x80009520 (0x00002f17) auipc   t5, 0x2
core   0: 3 0x80009520 (0x00002f17) x30 0x8000b520
core   0: 0x80009524 (0xae3f2023) sw      gp, -1312(t5)
core   0: 3 0x80009524 (0xae3f2023) mem 0x8000b000 0x00000001
core   0: 0x80009528 (0x0000bfe5) c.j     pc - 8
core   0: 3 0x80009528 (0xbfe5)
core   0: 0x80009520 (0x00002f17) auipc   t5, 0x2
core   0: 3 0x80009520 (0x00002f17) x30 0x8000b520
core   0: 0x80009524 (0xae3f2023) sw      gp, -1312(t5)
core   0: 3 0x80009524 (0xae3f2023) mem 0x8000b000 0x00000001
core   0: 0x80009528 (0x0000bfe5) c.j     pc - 8
core   0: 3 0x80009528 (0xbfe5)
core   0: 0x80009520 (0x00002f17) auipc   t5, 0x2
core   0: 3 0x80009520 (0x00002f17) x30 0x8000b520
core   0: 0x80009524 (0xae3f2023) sw      gp, -1312(t5)
core   0: 3 0x80009524 (0xae3f2023) mem 0x8000b000 0x00000001
core   0: 0x80009528 (0x0000bfe5) c.j     pc - 8
core   0: 3 0x80009528 (0xbfe5)
core   0: 0x80009520 (0x00002f17) auipc   t5, 0x2
core   0: 3 0x80009520 (0x00002f17) x30 0x8000b520
core   0: 0x80009524 (0xae3f2023) sw      gp, -1312(t5)
core   0: 3 0x80009524 (0xae3f2023) mem 0x8000b000 0x00000001
core   0: 0x80009528 (0x0000bfe5) c.j     pc - 8
core   0: 3 0x80009528 (0xbfe5)
core   0: 0x80009520 (0x00002f17) auipc   t5, 0x2
core   0: 3 0x80009520 (0x00002f17) x30 0x8000b520
core   0: 0x80009524 (0xae3f2023) sw      gp, -1312(t5)
core   0: 3 0x80009524 (0xae3f2023) mem 0x8000b000 0x00000001
core   0: 0x80009528 (0x0000bfe5) c.j     pc - 8
core   0: 3 0x80009528 (0xbfe5)
core   0: 0x80009520 (0x00002f17) auipc   t5, 0x2
core   0: 3 0x80009520 (0x00002f17) x30 0x8000b520
core   0: 0x80009524 (0xae3f2023) sw      gp, -1312(t5)
core   0: 3 0x80009524 (0xae3f2023) mem 0x8000b000 0x00000001
core   0: 0x80009528 (0x0000bfe5) c.j     pc - 8
core   0: 3 0x80009528 (0xbfe5)
core   0: 0x80009520 (0x00002f17) auipc   t5, 0x2
core   0: 3 0x80009520 (0x00002f17) x30 0x8000b520
core   0: 0x80009524 (0xae3f2023) sw      gp, -1312(t5)
core   0: 3 0x80009524 (0xae3f2023) mem 0x8000b000 0x00000001
core   0: 0x80009528 (0x0000bfe5) c.j     pc - 8
core   0: 3 0x80009528 (0xbfe5)
core   0: 0x80009520 (0x00002f17) auipc   t5, 0x2
core   0: 3 0x80009520 (0x00002f17) x30 0x8000b520
core   0: 0x80009524 (0xae3f2023) sw      gp, -1312(t5)
core   0: 3 0x80009524 (0xae3f2023) mem 0x8000b000 0x00000001
core   0: 0x80009528 (0x0000bfe5) c.j     pc - 8
core   0: 3 0x80009528 (0xbfe5)
core   0: 0x80009520 (0x00002f17) auipc   t5, 0x2
core   0: 3 0x80009520 (0x00002f17) x30 0x8000b520
core   0: 0x80009524 (0xae3f2023) sw      gp, -1312(t5)
core   0: 3 0x80009524 (0xae3f2023) mem 0x8000b000 0x00000001
core   0: 0x80009528 (0x0000bfe5) c.j     pc - 8
core   0: 3 0x80009528 (0xbfe5)
core   0: 0x80009520 (0x00002f17) auipc   t5, 0x2
core   0: 3 0x80009520 (0x00002f17) x30 0x8000b520
core   0: 0x80009524 (0xae3f2023) sw      gp, -1312(t5)
core   0: 3 0x80009524 (0xae3f2023) mem 0x8000b000 0x00000001
core   0: 0x80009528 (0x0000bfe5) c.j     pc - 8
core   0: 3 0x80009528 (0xbfe5)
core   0: 0x80009520 (0x00002f17) auipc   t5, 0x2
core   0: 3 0x80009520 (0x00002f17) x30 0x8000b520
core   0: 0x80009524 (0xae3f2023) sw      gp, -1312(t5)
core   0: 3 0x80009524 (0xae3f2023) mem 0x8000b000 0x00000001
core   0: 0x80009528 (0x0000bfe5) c.j     pc - 8
core   0: 3 0x80009528 (0xbfe5)
core   0: 0x80009520 (0x00002f17) auipc   t5, 0x2
core   0: 3 0x80009520 (0x00002f17) x30 0x8000b520
core   0: 0x80009524 (0xae3f2023) sw      gp, -1312(t5)
core   0: 3 0x80009524 (0xae3f2023) mem 0x8000b000 0x00000001
core   0: 0x80009528 (0x0000bfe5) c.j     pc - 8
core   0: 3 0x80009528 (0xbfe5)
core   0: 0x80009520 (0x00002f17) auipc   t5, 0x2
core   0: 3 0x80009520 (0x00002f17) x30 0x8000b520
core   0: 0x80009524 (0xae3f2023) sw      gp, -1312(t5)
core   0: 3 0x80009524 (0xae3f2023) mem 0x8000b000 0x00000001
core   0: 0x80009528 (0x0000bfe5) c.j     pc - 8
core   0: 3 0x80009528 (0xbfe5)
core   0: 0x80009520 (0x00002f17) auipc   t5, 0x2
core   0: 3 0x80009520 (0x00002f17) x30 0x8000b520
core   0: 0x80009524 (0xae3f2023) sw      gp, -1312(t5)
core   0: 3 0x80009524 (0xae3f2023) mem 0x8000b000 0x00000001
core   0: 0x80009528 (0x0000bfe5) c.j     pc - 8
core   0: 3 0x80009528 (0xbfe5)
core   0: 0x80009520 (0x00002f17) auipc   t5, 0x2
core   0: 3 0x80009520 (0x00002f17) x30 0x8000b520
core   0: 0x80009524 (0xae3f2023) sw      gp, -1312(t5)
core   0: 3 0x80009524 (0xae3f2023) mem 0x8000b000 0x00000001
core   0: 0x80009528 (0x0000bfe5) c.j     pc - 8
core   0: 3 0x80009528 (0xbfe5)
core   0: 0x80009520 (0x00002f17) auipc   t5, 0x2
core   0: 3 0x80009520 (0x00002f17) x30 0x8000b520
core   0: 0x80009524 (0xae3f2023) sw      gp, -1312(t5)
core   0: 3 0x80009524 (0xae3f2023) mem 0x8000b000 0x00000001
core   0: 0x80009528 (0x0000bfe5) c.j     pc - 8
core   0: 3 0x80009528 (0xbfe5)
core   0: 0x80009520 (0x00002f17) auipc   t5, 0x2
core   0: 3 0x80009520 (0x00002f17) x30 0x8000b520
core   0: 0x80009524 (0xae3f2023) sw      gp, -1312(t5)
core   0: 3 0x80009524 (0xae3f2023) mem 0x8000b000 0x00000001
core   0: 0x80009528 (0x0000bfe5) c.j     pc - 8
core   0: 3 0x80009528 (0xbfe5)
core   0: 0x80009520 (0x00002f17) auipc   t5, 0x2
core   0: 3 0x80009520 (0x00002f17) x30 0x8000b520
core   0: 0x80009524 (0xae3f2023) sw      gp, -1312(t5)
core   0: 3 0x80009524 (0xae3f2023) mem 0x8000b000 0x00000001
core   0: 0x80009528 (0x0000bfe5) c.j     pc - 8
core   0: 3 0x80009528 (0xbfe5)
core   0: 0x80009520 (0x00002f17) auipc   t5, 0x2
core   0: 3 0x80009520 (0x00002f17) x30 0x8000b520
core   0: 0x80009524 (0xae3f2023) sw      gp, -1312(t5)
core   0: 3 0x80009524 (0xae3f2023) mem 0x8000b000 0x00000001
core   0: 0x80009528 (0x0000bfe5) c.j     pc - 8
core   0: 3 0x80009528 (0xbfe5)
core   0: 0x80009520 (0x00002f17) auipc   t5, 0x2
core   0: 3 0x80009520 (0x00002f17) x30 0x8000b520
core   0: 0x80009524 (0xae3f2023) sw      gp, -1312(t5)
core   0: 3 0x80009524 (0xae3f2023) mem 0x8000b000 0x00000001
core   0: 0x80009528 (0x0000bfe5) c.j     pc - 8
core   0: 3 0x80009528 (0xbfe5)
core   0: 0x80009520 (0x00002f17) auipc   t5, 0x2
core   0: 3 0x80009520 (0x00002f17) x30 0x8000b520
core   0: 0x80009524 (0xae3f2023) sw      gp, -1312(t5)
core   0: 3 0x80009524 (0xae3f2023) mem 0x8000b000 0x00000001
core   0: 0x80009528 (0x0000bfe5) c.j     pc - 8
core   0: 3 0x80009528 (0xbfe5)
core   0: 0x80009520 (0x00002f17) auipc   t5, 0x2
core   0: 3 0x80009520 (0x00002f17) x30 0x8000b520
core   0: 0x80009524 (0xae3f2023) sw      gp, -1312(t5)
core   0: 3 0x80009524 (0xae3f2023) mem 0x8000b000 0x00000001
core   0: 0x80009528 (0x0000bfe5) c.j     pc - 8
core   0: 3 0x80009528 (0xbfe5)
core   0: 0x80009520 (0x00002f17) auipc   t5, 0x2
core   0: 3 0x80009520 (0x00002f17) x30 0x8000b520
core   0: 0x80009524 (0xae3f2023) sw      gp, -1312(t5)
core   0: 3 0x80009524 (0xae3f2023) mem 0x8000b000 0x00000001
core   0: 0x80009528 (0x0000bfe5) c.j     pc - 8
core   0: 3 0x80009528 (0xbfe5)
core   0: 0x80009520 (0x00002f17) auipc   t5, 0x2
core   0: 3 0x80009520 (0x00002f17) x30 0x8000b520
core   0: 0x80009524 (0xae3f2023) sw      gp, -1312(t5)
core   0: 3 0x80009524 (0xae3f2023) mem 0x8000b000 0x00000001
core   0: 0x80009528 (0x0000bfe5) c.j     pc - 8
core   0: 3 0x80009528 (0xbfe5)
core   0: 0x80009520 (0x00002f17) auipc   t5, 0x2
core   0: 3 0x80009520 (0x00002f17) x30 0x8000b520
core   0: 0x80009524 (0xae3f2023) sw      gp, -1312(t5)
core   0: 3 0x80009524 (0xae3f2023) mem 0x8000b000 0x00000001
core   0: 0x80009528 (0x0000bfe5) c.j     pc - 8
core   0: 3 0x80009528 (0xbfe5)
core   0: 0x80009520 (0x00002f17) auipc   t5, 0x2
core   0: 3 0x80009520 (0x00002f17) x30 0x8000b520
core   0: 0x80009524 (0xae3f2023) sw      gp, -1312(t5)
core   0: 3 0x80009524 (0xae3f2023) mem 0x8000b000 0x00000001
core   0: 0x80009528 (0x0000bfe5) c.j     pc - 8
core   0: 3 0x80009528 (0xbfe5)
core   0: 0x80009520 (0x00002f17) auipc   t5, 0x2
core   0: 3 0x80009520 (0x00002f17) x30 0x8000b520
core   0: 0x80009524 (0xae3f2023) sw      gp, -1312(t5)
core   0: 3 0x80009524 (0xae3f2023) mem 0x8000b000 0x00000001
core   0: 0x80009528 (0x0000bfe5) c.j     pc - 8
core   0: 3 0x80009528 (0xbfe5)
core   0: 0x80009520 (0x00002f17) auipc   t5, 0x2
core   0: 3 0x80009520 (0x00002f17) x30 0x8000b520
core   0: 0x80009524 (0xae3f2023) sw      gp, -1312(t5)
core   0: 3 0x80009524 (0xae3f2023) mem 0x8000b000 0x00000001
core   0: 0x80009528 (0x0000bfe5) c.j     pc - 8
core   0: 3 0x80009528 (0xbfe5)
core   0: 0x80009520 (0x00002f17) auipc   t5, 0x2
core   0: 3 0x80009520 (0x00002f17) x30 0x8000b520
core   0: 0x80009524 (0xae3f2023) sw      gp, -1312(t5)
core   0: 3 0x80009524 (0xae3f2023) mem 0x8000b000 0x00000001
core   0: 0x80009528 (0x0000bfe5) c.j     pc - 8
core   0: 3 0x80009528 (0xbfe5)
core   0: 0x80009520 (0x00002f17) auipc   t5, 0x2
core   0: 3 0x80009520 (0x00002f17) x30 0x8000b520
core   0: 0x80009524 (0xae3f2023) sw      gp, -1312(t5)
core   0: 3 0x80009524 (0xae3f2023) mem 0x8000b000 0x00000001
core   0: 0x80009528 (0x0000bfe5) c.j     pc - 8
core   0: 3 0x80009528 (0xbfe5)
core   0: 0x80009520 (0x00002f17) auipc   t5, 0x2
core   0: 3 0x80009520 (0x00002f17) x30 0x8000b520
core   0: 0x80009524 (0xae3f2023) sw      gp, -1312(t5)
core   0: 3 0x80009524 (0xae3f2023) mem 0x8000b000 0x00000001
core   0: 0x80009528 (0x0000bfe5) c.j     pc - 8
core   0: 3 0x80009528 (0xbfe5)
core   0: 0x80009520 (0x00002f17) auipc   t5, 0x2
core   0: 3 0x80009520 (0x00002f17) x30 0x8000b520
core   0: 0x80009524 (0xae3f2023) sw      gp, -1312(t5)
core   0: 3 0x80009524 (0xae3f2023) mem 0x8000b000 0x00000001
core   0: 0x80009528 (0x0000bfe5) c.j     pc - 8
core   0: 3 0x80009528 (0xbfe5)
core   0: 0x80009520 (0x00002f17) auipc   t5, 0x2
core   0: 3 0x80009520 (0x00002f17) x30 0x8000b520
core   0: 0x80009524 (0xae3f2023) sw      gp, -1312(t5)
core   0: 3 0x80009524 (0xae3f2023) mem 0x8000b000 0x00000001
core   0: 0x80009528 (0x0000bfe5) c.j     pc - 8
core   0: 3 0x80009528 (0xbfe5)
core   0: 0x80009520 (0x00002f17) auipc   t5, 0x2
core   0: 3 0x80009520 (0x00002f17) x30 0x8000b520
core   0: 0x80009524 (0xae3f2023) sw      gp, -1312(t5)
core   0: 3 0x80009524 (0xae3f2023) mem 0x8000b000 0x00000001
core   0: 0x80009528 (0x0000bfe5) c.j     pc - 8
core   0: 3 0x80009528 (0xbfe5)
core   0: 0x80009520 (0x00002f17) auipc   t5, 0x2
core   0: 3 0x80009520 (0x00002f17) x30 0x8000b520
core   0: 0x80009524 (0xae3f2023) sw      gp, -1312(t5)
core   0: 3 0x80009524 (0xae3f2023) mem 0x8000b000 0x00000001
core   0: 0x80009528 (0x0000bfe5) c.j     pc - 8
core   0: 3 0x80009528 (0xbfe5)
core   0: 0x80009520 (0x00002f17) auipc   t5, 0x2
core   0: 3 0x80009520 (0x00002f17) x30 0x8000b520
core   0: 0x80009524 (0xae3f2023) sw      gp, -1312(t5)
core   0: 3 0x80009524 (0xae3f2023) mem 0x8000b000 0x00000001
core   0: 0x80009528 (0x0000bfe5) c.j     pc - 8
core   0: 3 0x80009528 (0xbfe5)
core   0: 0x80009520 (0x00002f17) auipc   t5, 0x2
core   0: 3 0x80009520 (0x00002f17) x30 0x8000b520
core   0: 0x80009524 (0xae3f2023) sw      gp, -1312(t5)
core   0: 3 0x80009524 (0xae3f2023) mem 0x8000b000 0x00000001
core   0: 0x80009528 (0x0000bfe5) c.j     pc - 8
core   0: 3 0x80009528 (0xbfe5)
core   0: 0x80009520 (0x00002f17) auipc   t5, 0x2
core   0: 3 0x80009520 (0x00002f17) x30 0x8000b520
core   0: 0x80009524 (0xae3f2023) sw      gp, -1312(t5)
core   0: 3 0x80009524 (0xae3f2023) mem 0x8000b000 0x00000001
core   0: 0x80009528 (0x0000bfe5) c.j     pc - 8
core   0: 3 0x80009528 (0xbfe5)
core   0: 0x80009520 (0x00002f17) auipc   t5, 0x2
core   0: 3 0x80009520 (0x00002f17) x30 0x8000b520
core   0: 0x80009524 (0xae3f2023) sw      gp, -1312(t5)
core   0: 3 0x80009524 (0xae3f2023) mem 0x8000b000 0x00000001
core   0: 0x80009528 (0x0000bfe5) c.j     pc - 8
core   0: 3 0x80009528 (0xbfe5)
core   0: 0x80009520 (0x00002f17) auipc   t5, 0x2
core   0: 3 0x80009520 (0x00002f17) x30 0x8000b520
core   0: 0x80009524 (0xae3f2023) sw      gp, -1312(t5)
core   0: 3 0x80009524 (0xae3f2023) mem 0x8000b000 0x00000001
core   0: 0x80009528 (0x0000bfe5) c.j     pc - 8
core   0: 3 0x80009528 (0xbfe5)
core   0: 0x80009520 (0x00002f17) auipc   t5, 0x2
core   0: 3 0x80009520 (0x00002f17) x30 0x8000b520
core   0: 0x80009524 (0xae3f2023) sw      gp, -1312(t5)
core   0: 3 0x80009524 (0xae3f2023) mem 0x8000b000 0x00000001
core   0: 0x80009528 (0x0000bfe5) c.j     pc - 8
core   0: 3 0x80009528 (0xbfe5)
core   0: 0x80009520 (0x00002f17) auipc   t5, 0x2
core   0: 3 0x80009520 (0x00002f17) x30 0x8000b520
core   0: 0x80009524 (0xae3f2023) sw      gp, -1312(t5)
core   0: 3 0x80009524 (0xae3f2023) mem 0x8000b000 0x00000001
core   0: 0x80009528 (0x0000bfe5) c.j     pc - 8
core   0: 3 0x80009528 (0xbfe5)
core   0: 0x80009520 (0x00002f17) auipc   t5, 0x2
core   0: 3 0x80009520 (0x00002f17) x30 0x8000b520
core   0: 0x80009524 (0xae3f2023) sw      gp, -1312(t5)
core   0: 3 0x80009524 (0xae3f2023) mem 0x8000b000 0x00000001
core   0: 0x80009528 (0x0000bfe5) c.j     pc - 8
core   0: 3 0x80009528 (0xbfe5)
core   0: 0x80009520 (0x00002f17) auipc   t5, 0x2
core   0: 3 0x80009520 (0x00002f17) x30 0x8000b520
core   0: 0x80009524 (0xae3f2023) sw      gp, -1312(t5)
core   0: 3 0x80009524 (0xae3f2023) mem 0x8000b000 0x00000001
core   0: 0x80009528 (0x0000bfe5) c.j     pc - 8
core   0: 3 0x80009528 (0xbfe5)
core   0: 0x80009520 (0x00002f17) auipc   t5, 0x2
core   0: 3 0x80009520 (0x00002f17) x30 0x8000b520
core   0: 0x80009524 (0xae3f2023) sw      gp, -1312(t5)
core   0: 3 0x80009524 (0xae3f2023) mem 0x8000b000 0x00000001
core   0: 0x80009528 (0x0000bfe5) c.j     pc - 8
core   0: 3 0x80009528 (0xbfe5)
core   0: 0x80009520 (0x00002f17) auipc   t5, 0x2
core   0: 3 0x80009520 (0x00002f17) x30 0x8000b520
core   0: 0x80009524 (0xae3f2023) sw      gp, -1312(t5)
core   0: 3 0x80009524 (0xae3f2023) mem 0x8000b000 0x00000001
core   0: 0x80009528 (0x0000bfe5) c.j     pc - 8
core   0: 3 0x80009528 (0xbfe5)
core   0: 0x80009520 (0x00002f17) auipc   t5, 0x2
core   0: 3 0x80009520 (0x00002f17) x30 0x8000b520
core   0: 0x80009524 (0xae3f2023) sw      gp, -1312(t5)
core   0: 3 0x80009524 (0xae3f2023) mem 0x8000b000 0x00000001
core   0: 0x80009528 (0x0000bfe5) c.j     pc - 8
core   0: 3 0x80009528 (0xbfe5)
core   0: 0x80009520 (0x00002f17) auipc   t5, 0x2
core   0: 3 0x80009520 (0x00002f17) x30 0x8000b520
core   0: 0x80009524 (0xae3f2023) sw      gp, -1312(t5)
core   0: 3 0x80009524 (0xae3f2023) mem 0x8000b000 0x00000001
core   0: 0x80009528 (0x0000bfe5) c.j     pc - 8
core   0: 3 0x80009528 (0xbfe5)
core   0: 0x80009520 (0x00002f17) auipc   t5, 0x2
core   0: 3 0x80009520 (0x00002f17) x30 0x8000b520
core   0: 0x80009524 (0xae3f2023) sw      gp, -1312(t5)
core   0: 3 0x80009524 (0xae3f2023) mem 0x8000b000 0x00000001
core   0: 0x80009528 (0x0000bfe5) c.j     pc - 8
core   0: 3 0x80009528 (0xbfe5)
core   0: 0x80009520 (0x00002f17) auipc   t5, 0x2
core   0: 3 0x80009520 (0x00002f17) x30 0x8000b520
core   0: 0x80009524 (0xae3f2023) sw      gp, -1312(t5)
core   0: 3 0x80009524 (0xae3f2023) mem 0x8000b000 0x00000001
core   0: 0x80009528 (0x0000bfe5) c.j     pc - 8
core   0: 3 0x80009528 (0xbfe5)
core   0: 0x80009520 (0x00002f17) auipc   t5, 0x2
core   0: 3 0x80009520 (0x00002f17) x30 0x8000b520
core   0: 0x80009524 (0xae3f2023) sw      gp, -1312(t5)
core   0: 3 0x80009524 (0xae3f2023) mem 0x8000b000 0x00000001
core   0: 0x80009528 (0x0000bfe5) c.j     pc - 8
core   0: 3 0x80009528 (0xbfe5)
core   0: 0x80009520 (0x00002f17) auipc   t5, 0x2
core   0: 3 0x80009520 (0x00002f17) x30 0x8000b520
core   0: 0x80009524 (0xae3f2023) sw      gp, -1312(t5)
core   0: 3 0x80009524 (0xae3f2023) mem 0x8000b000 0x00000001
core   0: 0x80009528 (0x0000bfe5) c.j     pc - 8
core   0: 3 0x80009528 (0xbfe5)
core   0: 0x80009520 (0x00002f17) auipc   t5, 0x2
core   0: 3 0x80009520 (0x00002f17) x30 0x8000b520
core   0: 0x80009524 (0xae3f2023) sw      gp, -1312(t5)
core   0: 3 0x80009524 (0xae3f2023) mem 0x8000b000 0x00000001
core   0: 0x80009528 (0x0000bfe5) c.j     pc - 8
core   0: 3 0x80009528 (0xbfe5)
core   0: 0x80009520 (0x00002f17) auipc   t5, 0x2
core   0: 3 0x80009520 (0x00002f17) x30 0x8000b520
core   0: 0x80009524 (0xae3f2023) sw      gp, -1312(t5)
core   0: 3 0x80009524 (0xae3f2023) mem 0x8000b000 0x00000001
core   0: 0x80009528 (0x0000bfe5) c.j     pc - 8
core   0: 3 0x80009528 (0xbfe5)
core   0: 0x80009520 (0x00002f17) auipc   t5, 0x2
core   0: 3 0x80009520 (0x00002f17) x30 0x8000b520
core   0: 0x80009524 (0xae3f2023) sw      gp, -1312(t5)
core   0: 3 0x80009524 (0xae3f2023) mem 0x8000b000 0x00000001
core   0: 0x80009528 (0x0000bfe5) c.j     pc - 8
core   0: 3 0x80009528 (0xbfe5)
core   0: 0x80009520 (0x00002f17) auipc   t5, 0x2
core   0: 3 0x80009520 (0x00002f17) x30 0x8000b520
core   0: 0x80009524 (0xae3f2023) sw      gp, -1312(t5)
core   0: 3 0x80009524 (0xae3f2023) mem 0x8000b000 0x00000001
core   0: 0x80009528 (0x0000bfe5) c.j     pc - 8
core   0: 3 0x80009528 (0xbfe5)
core   0: 0x80009520 (0x00002f17) auipc   t5, 0x2
core   0: 3 0x80009520 (0x00002f17) x30 0x8000b520
core   0: 0x80009524 (0xae3f2023) sw      gp, -1312(t5)
core   0: 3 0x80009524 (0xae3f2023) mem 0x8000b000 0x00000001
core   0: 0x80009528 (0x0000bfe5) c.j     pc - 8
core   0: 3 0x80009528 (0xbfe5)
core   0: 0x80009520 (0x00002f17) auipc   t5, 0x2
core   0: 3 0x80009520 (0x00002f17) x30 0x8000b520
core   0: 0x80009524 (0xae3f2023) sw      gp, -1312(t5)
core   0: 3 0x80009524 (0xae3f2023) mem 0x8000b000 0x00000001
core   0: 0x80009528 (0x0000bfe5) c.j     pc - 8
core   0: 3 0x80009528 (0xbfe5)
core   0: 0x80009520 (0x00002f17) auipc   t5, 0x2
core   0: 3 0x80009520 (0x00002f17) x30 0x8000b520
core   0: 0x80009524 (0xae3f2023) sw      gp, -1312(t5)
core   0: 3 0x80009524 (0xae3f2023) mem 0x8000b000 0x00000001
core   0: 0x80009528 (0x0000bfe5) c.j     pc - 8
core   0: 3 0x80009528 (0xbfe5)
core   0: 0x80009520 (0x00002f17) auipc   t5, 0x2
core   0: 3 0x80009520 (0x00002f17) x30 0x8000b520
core   0: 0x80009524 (0xae3f2023) sw      gp, -1312(t5)
core   0: 3 0x80009524 (0xae3f2023) mem 0x8000b000 0x00000001
core   0: 0x80009528 (0x0000bfe5) c.j     pc - 8
core   0: 3 0x80009528 (0xbfe5)
core   0: 0x80009520 (0x00002f17) auipc   t5, 0x2
core   0: 3 0x80009520 (0x00002f17) x30 0x8000b520
core   0: 0x80009524 (0xae3f2023) sw      gp, -1312(t5)
core   0: 3 0x80009524 (0xae3f2023) mem 0x8000b000 0x00000001
core   0: 0x80009528 (0x0000bfe5) c.j     pc - 8
core   0: 3 0x80009528 (0xbfe5)
core   0: 0x80009520 (0x00002f17) auipc   t5, 0x2
core   0: 3 0x80009520 (0x00002f17) x30 0x8000b520
core   0: 0x80009524 (0xae3f2023) sw      gp, -1312(t5)
core   0: 3 0x80009524 (0xae3f2023) mem 0x8000b000 0x00000001
core   0: 0x80009528 (0x0000bfe5) c.j     pc - 8
core   0: 3 0x80009528 (0xbfe5)
core   0: 0x80009520 (0x00002f17) auipc   t5, 0x2
core   0: 3 0x80009520 (0x00002f17) x30 0x8000b520
core   0: 0x80009524 (0xae3f2023) sw      gp, -1312(t5)
core   0: 3 0x80009524 (0xae3f2023) mem 0x8000b000 0x00000001
core   0: 0x80009528 (0x0000bfe5) c.j     pc - 8
core   0: 3 0x80009528 (0xbfe5)
core   0: 0x80009520 (0x00002f17) auipc   t5, 0x2
core   0: 3 0x80009520 (0x00002f17) x30 0x8000b520
core   0: 0x80009524 (0xae3f2023) sw      gp, -1312(t5)
core   0: 3 0x80009524 (0xae3f2023) mem 0x8000b000 0x00000001
core   0: 0x80009528 (0x0000bfe5) c.j     pc - 8
core   0: 3 0x80009528 (0xbfe5)
core   0: 0x80009520 (0x00002f17) auipc   t5, 0x2
core   0: 3 0x80009520 (0x00002f17) x30 0x8000b520
core   0: 0x80009524 (0xae3f2023) sw      gp, -1312(t5)
core   0: 3 0x80009524 (0xae3f2023) mem 0x8000b000 0x00000001
core   0: 0x80009528 (0x0000bfe5) c.j     pc - 8
core   0: 3 0x80009528 (0xbfe5)
core   0: 0x80009520 (0x00002f17) auipc   t5, 0x2
core   0: 3 0x80009520 (0x00002f17) x30 0x8000b520
core   0: 0x80009524 (0xae3f2023) sw      gp, -1312(t5)
core   0: 3 0x80009524 (0xae3f2023) mem 0x8000b000 0x00000001
core   0: 0x80009528 (0x0000bfe5) c.j     pc - 8
core   0: 3 0x80009528 (0xbfe5)
core   0: 0x80009520 (0x00002f17) auipc   t5, 0x2
core   0: 3 0x80009520 (0x00002f17) x30 0x8000b520
core   0: 0x80009524 (0xae3f2023) sw      gp, -1312(t5)
core   0: 3 0x80009524 (0xae3f2023) mem 0x8000b000 0x00000001
core   0: 0x80009528 (0x0000bfe5) c.j     pc - 8
core   0: 3 0x80009528 (0xbfe5)
core   0: 0x80009520 (0x00002f17) auipc   t5, 0x2
core   0: 3 0x80009520 (0x00002f17) x30 0x8000b520
core   0: 0x80009524 (0xae3f2023) sw      gp, -1312(t5)
core   0: 3 0x80009524 (0xae3f2023) mem 0x8000b000 0x00000001
core   0: 0x80009528 (0x0000bfe5) c.j     pc - 8
core   0: 3 0x80009528 (0xbfe5)
core   0: 0x80009520 (0x00002f17) auipc   t5, 0x2
core   0: 3 0x80009520 (0x00002f17) x30 0x8000b520
core   0: 0x80009524 (0xae3f2023) sw      gp, -1312(t5)
core   0: 3 0x80009524 (0xae3f2023) mem 0x8000b000 0x00000001
core   0: 0x80009528 (0x0000bfe5) c.j     pc - 8
core   0: 3 0x80009528 (0xbfe5)
core   0: 0x80009520 (0x00002f17) auipc   t5, 0x2
core   0: 3 0x80009520 (0x00002f17) x30 0x8000b520
core   0: 0x80009524 (0xae3f2023) sw      gp, -1312(t5)
core   0: 3 0x80009524 (0xae3f2023) mem 0x8000b000 0x00000001
core   0: 0x80009528 (0x0000bfe5) c.j     pc - 8
core   0: 3 0x80009528 (0xbfe5)
core   0: 0x80009520 (0x00002f17) auipc   t5, 0x2
core   0: 3 0x80009520 (0x00002f17) x30 0x8000b520
core   0: 0x80009524 (0xae3f2023) sw      gp, -1312(t5)
core   0: 3 0x80009524 (0xae3f2023) mem 0x8000b000 0x00000001
core   0: 0x80009528 (0x0000bfe5) c.j     pc - 8
core   0: 3 0x80009528 (0xbfe5)
core   0: 0x80009520 (0x00002f17) auipc   t5, 0x2
core   0: 3 0x80009520 (0x00002f17) x30 0x8000b520
core   0: 0x80009524 (0xae3f2023) sw      gp, -1312(t5)
core   0: 3 0x80009524 (0xae3f2023) mem 0x8000b000 0x00000001
core   0: 0x80009528 (0x0000bfe5) c.j     pc - 8
core   0: 3 0x80009528 (0xbfe5)
core   0: 0x80009520 (0x00002f17) auipc   t5, 0x2
core   0: 3 0x80009520 (0x00002f17) x30 0x8000b520
core   0: 0x80009524 (0xae3f2023) sw      gp, -1312(t5)
core   0: 3 0x80009524 (0xae3f2023) mem 0x8000b000 0x00000001
core   0: 0x80009528 (0x0000bfe5) c.j     pc - 8
core   0: 3 0x80009528 (0xbfe5)
core   0: 0x80009520 (0x00002f17) auipc   t5, 0x2
core   0: 3 0x80009520 (0x00002f17) x30 0x8000b520
core   0: 0x80009524 (0xae3f2023) sw      gp, -1312(t5)
core   0: 3 0x80009524 (0xae3f2023) mem 0x8000b000 0x00000001
core   0: 0x80009528 (0x0000bfe5) c.j     pc - 8
core   0: 3 0x80009528 (0xbfe5)
core   0: 0x80009520 (0x00002f17) auipc   t5, 0x2
core   0: 3 0x80009520 (0x00002f17) x30 0x8000b520
core   0: 0x80009524 (0xae3f2023) sw      gp, -1312(t5)
core   0: 3 0x80009524 (0xae3f2023) mem 0x8000b000 0x00000001
core   0: 0x80009528 (0x0000bfe5) c.j     pc - 8
core   0: 3 0x80009528 (0xbfe5)
core   0: 0x80009520 (0x00002f17) auipc   t5, 0x2
core   0: 3 0x80009520 (0x00002f17) x30 0x8000b520
core   0: 0x80009524 (0xae3f2023) sw      gp, -1312(t5)
core   0: 3 0x80009524 (0xae3f2023) mem 0x8000b000 0x00000001
core   0: 0x80009528 (0x0000bfe5) c.j     pc - 8
core   0: 3 0x80009528 (0xbfe5)
core   0: 0x80009520 (0x00002f17) auipc   t5, 0x2
core   0: 3 0x80009520 (0x00002f17) x30 0x8000b520
core   0: 0x80009524 (0xae3f2023) sw      gp, -1312(t5)
core   0: 3 0x80009524 (0xae3f2023) mem 0x8000b000 0x00000001
core   0: 0x80009528 (0x0000bfe5) c.j     pc - 8
core   0: 3 0x80009528 (0xbfe5)
core   0: 0x80009520 (0x00002f17) auipc   t5, 0x2
core   0: 3 0x80009520 (0x00002f17) x30 0x8000b520
core   0: 0x80009524 (0xae3f2023) sw      gp, -1312(t5)
core   0: 3 0x80009524 (0xae3f2023) mem 0x8000b000 0x00000001
core   0: 0x80009528 (0x0000bfe5) c.j     pc - 8
core   0: 3 0x80009528 (0xbfe5)
core   0: 0x80009520 (0x00002f17) auipc   t5, 0x2
core   0: 3 0x80009520 (0x00002f17) x30 0x8000b520
core   0: 0x80009524 (0xae3f2023) sw      gp, -1312(t5)
core   0: 3 0x80009524 (0xae3f2023) mem 0x8000b000 0x00000001
core   0: 0x80009528 (0x0000bfe5) c.j     pc - 8
core   0: 3 0x80009528 (0xbfe5)
core   0: 0x80009520 (0x00002f17) auipc   t5, 0x2
core   0: 3 0x80009520 (0x00002f17) x30 0x8000b520
core   0: 0x80009524 (0xae3f2023) sw      gp, -1312(t5)
core   0: 3 0x80009524 (0xae3f2023) mem 0x8000b000 0x00000001
core   0: 0x80009528 (0x0000bfe5) c.j     pc - 8
core   0: 3 0x80009528 (0xbfe5)
core   0: 0x80009520 (0x00002f17) auipc   t5, 0x2
core   0: 3 0x80009520 (0x00002f17) x30 0x8000b520
core   0: 0x80009524 (0xae3f2023) sw      gp, -1312(t5)
core   0: 3 0x80009524 (0xae3f2023) mem 0x8000b000 0x00000001
core   0: 0x80009528 (0x0000bfe5) c.j     pc - 8
core   0: 3 0x80009528 (0xbfe5)
core   0: 0x80009520 (0x00002f17) auipc   t5, 0x2
core   0: 3 0x80009520 (0x00002f17) x30 0x8000b520
core   0: 0x80009524 (0xae3f2023) sw      gp, -1312(t5)
core   0: 3 0x80009524 (0xae3f2023) mem 0x8000b000 0x00000001
core   0: 0x80009528 (0x0000bfe5) c.j     pc - 8
core   0: 3 0x80009528 (0xbfe5)
core   0: 0x80009520 (0x00002f17) auipc   t5, 0x2
core   0: 3 0x80009520 (0x00002f17) x30 0x8000b520
core   0: 0x80009524 (0xae3f2023) sw      gp, -1312(t5)
core   0: 3 0x80009524 (0xae3f2023) mem 0x8000b000 0x00000001
core   0: 0x80009528 (0x0000bfe5) c.j     pc - 8
core   0: 3 0x80009528 (0xbfe5)
core   0: 0x80009520 (0x00002f17) auipc   t5, 0x2
core   0: 3 0x80009520 (0x00002f17) x30 0x8000b520
core   0: 0x80009524 (0xae3f2023) sw      gp, -1312(t5)
core   0: 3 0x80009524 (0xae3f2023) mem 0x8000b000 0x00000001
core   0: 0x80009528 (0x0000bfe5) c.j     pc - 8
core   0: 3 0x80009528 (0xbfe5)
core   0: 0x80009520 (0x00002f17) auipc   t5, 0x2
core   0: 3 0x80009520 (0x00002f17) x30 0x8000b520
core   0: 0x80009524 (0xae3f2023) sw      gp, -1312(t5)
core   0: 3 0x80009524 (0xae3f2023) mem 0x8000b000 0x00000001
core   0: 0x80009528 (0x0000bfe5) c.j     pc - 8
core   0: 3 0x80009528 (0xbfe5)
core   0: 0x80009520 (0x00002f17) auipc   t5, 0x2
core   0: 3 0x80009520 (0x00002f17) x30 0x8000b520
core   0: 0x80009524 (0xae3f2023) sw      gp, -1312(t5)
core   0: 3 0x80009524 (0xae3f2023) mem 0x8000b000 0x00000001
core   0: 0x80009528 (0x0000bfe5) c.j     pc - 8
core   0: 3 0x80009528 (0xbfe5)
core   0: 0x80009520 (0x00002f17) auipc   t5, 0x2
core   0: 3 0x80009520 (0x00002f17) x30 0x8000b520
core   0: 0x80009524 (0xae3f2023) sw      gp, -1312(t5)
core   0: 3 0x80009524 (0xae3f2023) mem 0x8000b000 0x00000001
core   0: 0x80009528 (0x0000bfe5) c.j     pc - 8
core   0: 3 0x80009528 (0xbfe5)
core   0: 0x80009520 (0x00002f17) auipc   t5, 0x2
core   0: 3 0x80009520 (0x00002f17) x30 0x8000b520
core   0: 0x80009524 (0xae3f2023) sw      gp, -1312(t5)
core   0: 3 0x80009524 (0xae3f2023) mem 0x8000b000 0x00000001
core   0: 0x80009528 (0x0000bfe5) c.j     pc - 8
core   0: 3 0x80009528 (0xbfe5)
core   0: 0x80009520 (0x00002f17) auipc   t5, 0x2
core   0: 3 0x80009520 (0x00002f17) x30 0x8000b520
core   0: 0x80009524 (0xae3f2023) sw      gp, -1312(t5)
core   0: 3 0x80009524 (0xae3f2023) mem 0x8000b000 0x00000001
